<?xml version="1.0"?>
<opencv_storage>
<test_hist type_id="opencv-matrix">
  <rows>256</rows>
  <cols>1</cols>
  <dt>f</dt>
  <data>
    7.28807366e-03 4.80654696e-03 2.29547801e-03 5.62806381e-03
    4.39512805e-04 1.23572280e-03 4.72668000e-03 4.29174537e-03
    1.99361169e-03 7.62496516e-03 5.46463532e-03 4.69653774e-03
    6.88682916e-03 5.36209485e-03 3.33405635e-03 7.46892439e-03
    2.50282511e-03 5.42193837e-03 2.78819026e-03 4.95310919e-03
    6.39780992e-05 4.56733722e-03 7.36803224e-04 8.80972657e-04
    5.93631412e-04 6.09043782e-05 2.17764685e-03 4.00049984e-03
    4.01179073e-03 2.14681355e-03 4.98283561e-03 1.25653157e-03
    5.41524356e-03 1.99135882e-03 2.09661969e-03 2.85319216e-03
    6.32377854e-03 6.45705359e-03 4.71821101e-03 6.13759365e-03
    4.42953547e-03 7.33795529e-03 7.37462658e-03 4.97337384e-03
    2.71371147e-03 7.11056869e-03 4.48346930e-03 1.31128158e-03
    7.81281944e-03 3.14111984e-03 3.12001747e-03 7.78224273e-03
    6.82860380e-03 3.17147723e-03 8.14737577e-04 2.00467650e-03
    2.50141416e-03 2.26235180e-03 2.28726072e-03 7.11153354e-03
    1.25538046e-03 2.86183506e-03 3.03533673e-03 7.54711963e-03
    4.83762473e-03 3.26033472e-03 1.95989781e-03 7.71456352e-03
    4.49082209e-03 4.75349929e-03 4.67557053e-04 5.64723555e-03
    1.59355567e-03 1.08012126e-03 1.13913370e-03 5.93384553e-04
    5.61320176e-03 6.00540033e-03 4.63025062e-04 7.43597001e-03
    2.39128149e-05 1.81696215e-03 4.65986598e-03 4.02828306e-03
    3.22833657e-03 2.23097787e-03 7.63376988e-03 9.37411445e-04
    3.02794087e-03 9.91554465e-04 5.99147798e-03 1.75137236e-03
    4.23972914e-03 1.30927900e-03 6.86731772e-04 6.98227342e-03
    3.58350831e-03 6.12309808e-03 6.92518847e-03 4.25363658e-03
    7.50772981e-03 3.50245158e-03 1.05632015e-03 2.11777235e-03
    1.11322082e-03 6.83020335e-03 2.15919013e-03 7.73500884e-03
    5.63121587e-03 2.15224130e-03 6.87501533e-03 2.03820132e-03
    3.85983335e-03 1.82764744e-03 7.01747788e-03 4.57878551e-03
    7.79663352e-03 7.65616912e-03 2.32217804e-04 3.63672944e-03
    5.73383318e-03 6.21421868e-03 5.63525036e-03 6.10291725e-03
    6.79241074e-03 1.42954662e-03 5.72610600e-03 6.60920516e-03
    7.06191524e-04 7.66794384e-03 5.95504791e-03 2.23830133e-03
    4.40937141e-03 2.20127753e-03 6.82649296e-03 4.90301149e-03
    4.59210947e-03 5.02861338e-03 5.73088648e-03 5.40875597e-04
    2.84064328e-03 2.59200018e-03 3.53805808e-04 2.63959821e-03
    5.31130878e-04 3.14980838e-03 1.34866487e-03 1.97756890e-04
    9.37642006e-04 7.57375220e-03 4.74320928e-04 3.37015372e-03
    2.35414249e-03 4.49797604e-03 6.15730044e-03 4.60402854e-03
    2.25174357e-03 7.17770820e-03 4.99784620e-03 5.87148732e-03
    3.46622104e-03 6.11503201e-04 2.39047292e-03 2.97019491e-03
    6.46321196e-03 6.30732905e-03 2.54104356e-03 4.74737259e-03
    1.47587864e-03 2.12223385e-03 2.64335959e-03 5.01903007e-03
    5.75760147e-03 6.78188307e-03 1.68420479e-03 4.46206098e-03
    6.91794441e-04 2.08590482e-03 2.03886209e-03 5.26524149e-04
    5.65268006e-03 7.22498307e-03 6.16291072e-03 4.91550658e-04
    2.84668617e-03 5.19041158e-03 1.06125069e-03 7.01603480e-03
    1.29511766e-03 7.34143704e-03 6.19585346e-03 7.07484270e-03
    1.41492835e-03 3.86747019e-03 3.89582315e-03 5.93279675e-03
    1.92330335e-03 6.55315677e-03 4.67196293e-03 5.89222880e-03
    4.73089190e-03 5.07485261e-03 6.57310197e-03 2.57773604e-03
    4.47666709e-04 6.32711826e-03 1.23137620e-03 1.31165201e-03
    3.69729474e-03 1.04955118e-03 5.44486381e-03 3.62322875e-03
    5.40831219e-03 3.47338896e-03 1.61200459e-03 8.81660148e-04
    1.05258671e-03 5.85551653e-03 9.95944953e-04 6.50202110e-03
    4.78777057e-03 7.16674468e-03 2.78977863e-03 5.47620747e-03
    4.22276650e-03 7.41645508e-03 6.21436583e-03 6.77987142e-03
    8.54089798e-04 6.22561853e-03 5.16625762e-04 2.75742868e-03
    6.20723562e-03 3.60574643e-03 1.60613377e-03 1.71442365e-03
    5.95631124e-03 3.97365261e-03 4.16389387e-03 4.86791739e-03
    3.64637445e-03 1.09931186e-03 5.79671981e-03 1.46395512e-04
    1.37853879e-03 3.89167084e-03 3.48331570e-03 6.97232783e-03
    5.14565781e-03 4.11693240e-03 4.54246299e-03 7.36498227e-03
    2.66316300e-03 4.03199438e-03 3.45208356e-03 4.87755192e-03</data></test_hist>
<p_value>4.8999999999999999e-01</p_value>
<my_p>123</my_p>
<your_p>0</your_p>
</opencv_storage>
