<?xml version="1.0"?>
<opencv_storage>
<L2_diff>3.2866006754700211e+03</L2_diff>
<contrast>2.2492793968148699e+00</contrast>
<brightness>-7.4074256907990876e-01</brightness>
<gamma>8.9724107044742041e-01</gamma>
<only_luma>1</only_luma>
<test_img type_id="opencv-matrix">
  <rows>10</rows>
  <cols>20</cols>
  <dt>"3u"</dt>
  <data>
    221 155 125 225 181 100 209 167 200 252 235 29 229 223 228 79 165 84
    220 80 204 156 65 207 147 195 181 45 186 157 1 197 114 144 183 189 4
    188 165 18 60 82 182 60 167 131 159 140 32 20 217 77 6 17 120 46 246
    213 116 64 202 228 85 221 221 136 88 47 137 108 133 159 98 193 158
    117 202 13 141 161 138 54 80 207 174 252 17 131 177 203 63 26 216 52
    76 176 61 24 184 80 175 205 228 102 220 3 176 246 212 48 241 20 107
    56 136 158 73 232 126 16 184 131 20 173 185 16 10 66 234 254 116 99
    27 122 126 57 211 139 64 102 175 142 149 154 50 47 227 192 218 100
    75 95 168 210 180 35 24 227 55 3 164 57 92 43 129 220 153 193 177
    117 187 183 146 86 71 88 54 243 57 162 194 175 228 73 150 221 52 246
    164 13 109 231 109 180 203 34 153 47 103 200 139 152 249 202 138 35
    92 134 230 13 150 159 168 38 219 208 76 64 227 125 64 93 23 229 58
    213 227 101 237 117 185 60 76 25 147 86 44 171 77 254 130 253 217
    187 192 56 121 249 70 14 240 89 118 117 244 235 206 118 127 32 99
    171 21 64 56 136 112 50 162 210 225 167 38 52 177 39 152 123 34 172
    32 151 41 167 110 251 141 121 4 187 129 66 10 23 27 214 248 116 29
    103 93 83 6 27 90 192 31 47 158 76 116 37 194 105 242 74 161 134 150
    54 23 116 95 89 66 126 221 213 215 222 157 239 44 66 65 194 22 135
    17 199 96 124 135 190 248 170 111 101 157 180 209 54 236 91 72 20
    167 239 134 39 104 37 135 5 60 158 250 239 5 215 83 117 75 245 51
    229 202 56 102 147 224 143 251 187 197 177 5 26 39 223 178 86 110 80
    75 253 121 249 66 111 98 114 159 174 160 99 232 232 146 62 228 58
    228 15 179 166 46 81 154 131 210 111 49 215 176 183 5 47 194 206 220
    146 150 30 98 16 82 186 14 153 58 215 126 74 179 125 146 152 87 85
    130 181 6 171 197 75 13 244 34 131 237 4 73 86 51 94 12 80 215 183
    66 67 126 210 32 139 32 187 88 234 215 179 100 249 74 29 240 68 122
    183 91 6 136 131 180 161 29 191 208 37 134 59 110 54 132 161 139 132
    77 113 250 238 243 226 206 234 140 163 182 204 204 85 208 164 52 19
    35 83 87 234 70 55 246 9 91 246 90 19 222 9 30 123 37 220 111 11 56
    70 25 19 61 156 133 186 25 148 72 110 43 133 59 167 96 119 170 194
    133 151 126 185 59 148 155 179 118 75 20 20 237 54 134 93 178 44 126
    174 40 121 110 206 149 83 177 232 232 215 8 236 181 50</data></test_img>
<my_img type_id="opencv-matrix">
  <rows>10</rows>
  <cols>20</cols>
  <dt>"3u"</dt>
  <data>
    255 221 178 255 255 144 255 232 255 255 255 44 255 255 255 95 199
    101 255 114 255 216 90 255 197 255 243 59 243 205 1 255 154 190 242
    250 5 247 217 4 13 18 235 77 216 154 187 164 45 28 255 7 1 2 179 69
    255 255 163 90 255 255 123 255 255 194 90 48 140 127 156 187 131 255
    211 160 255 18 167 191 164 75 111 255 255 255 26 180 243 255 89 37
    255 66 96 222 79 31 239 110 241 255 255 148 255 4 255 255 255 71 255
    14 74 39 159 184 85 255 184 23 239 170 26 226 241 21 15 96 255 255
    175 149 25 112 116 80 255 194 81 128 220 162 170 176 72 68 255 255
    255 142 92 116 206 255 251 49 35 255 79 4 197 69 87 41 122 255 218
    255 232 154 245 237 189 111 26 32 20 255 85 240 255 253 255 104 214
    255 77 255 244 19 159 255 150 247 255 39 174 53 140 255 189 227 255
    255 142 36 94 195 255 19 184 195 206 54 255 255 110 92 255 114 58 85
    33 255 84 255 255 146 255 172 255 4 5 2 161 94 48 255 116 255 196
    255 255 249 255 75 181 255 105 21 255 131 175 174 255 255 255 173
    118 30 92 212 26 79 57 137 113 70 226 255 255 240 55 66 224 49 172
    139 38 214 40 188 50 203 134 255 212 182 5 245 169 0 0 0 40 255 255
    94 24 83 43 39 3 36 120 255 36 55 184 62 94 30 255 155 255 88 191
    159 167 60 26 94 77 72 94 180 255 255 255 255 231 255 65 88 87 255
    22 135 17 255 130 168 202 255 255 210 137 125 219 251 255 79 255 133
    88 24 203 255 198 57 104 37 135 6 70 184 255 255 7 255 117 165 112
    255 76 255 255 81 146 211 255 215 255 255 255 239 7 37 56 255 227
    109 140 120 113 255 181 255 99 87 77 90 199 218 201 144 255 255 211
    90 255 84 255 22 229 212 59 93 176 150 255 155 68 255 248 255 7 63
    255 255 255 208 167 33 109 21 107 243 16 174 66 255 178 104 229 160
    186 172 98 96 167 233 8 231 255 101 19 255 51 192 255 6 23 27 16 45
    6 39 255 255 93 93 176 255 33 144 33 255 129 255 255 252 141 255 111
    43 255 100 180 237 118 8 174 168 231 214 39 254 255 51 186 43 81 40
    156 191 165 129 75 110 255 255 255 255 255 255 181 210 235 255 255
    117 255 228 72 5 9 21 127 255 102 82 255 13 136 255 134 27 255 13 27
    109 33 255 158 16 0 0 0 22 70 180 174 243 33 163 79 121 42 131 58
    203 117 145 228 255 178 197 164 241 68 170 178 229 151 96 29 29 255
    54 133 92 227 56 160 218 50 152 152 255 206 121 255 255 255 255 12
    255 255 73</data></my_img>
<your_img type_id="opencv-matrix">
  <rows>10</rows>
  <cols>20</cols>
  <dt>"3u"</dt>
  <data>
    36 37 92 10 11 36 90 92 255 0 0 0 41 45 255 0 0 0 185 186 255 206
    207 255 51 53 218 44 45 164 15 15 68 67 68 236 48 48 182 0 0 0 143
    143 187 47 48 126 255 255 255 0 0 0 255 255 255 0 0 0 0 0 2 16 17
    117 97 97 119 81 81 169 40 41 166 0 0 0 45 45 122 190 190 255 0 0 0
    82 83 255 255 255 255 145 146 207 204 204 225 85 86 255 184 185 255
    113 113 255 255 255 255 0 0 0 0 0 0 0 0 0 0 0 0 0 0 0 250 250 255 18
    19 34 49 49 95 21 22 124 123 123 205 65 66 157 255 255 255 5 6 36
    119 119 189 0 0 0 0 0 0 0 0 0 84 84 101 98 100 245 125 127 232 2 2 5
    0 0 0 136 137 175 102 104 255 127 128 255 6 7 180 189 189 255 79 80
    255 0 0 0 27 27 124 6 9 255 16 16 18 0 0 0 71 72 189 39 40 255 241
    241 255 15 15 20 0 0 0 4 5 38 123 125 227 0 0 0 0 0 0 255 255 255 2
    5 255 0 0 0 0 0 0 1 1 11 195 196 255 15 16 77 30 30 34 0 0 0 29 30
    63 103 104 255 0 0 0 0 0 0 0 0 0 132 132 151 20 20 59 37 38 83 27 27
    101 0 0 0 59 60 255 38 38 43 0 0 0 157 157 243 136 136 166 0 0 0 209
    211 255 41 42 113 0 0 0 7 7 11 156 157 255 49 52 255 0 0 0 184 185
    247 0 0 0 56 57 90 94 96 255 22 22 38 83 85 255 1 1 16 172 172 187 0
    0 0 98 98 115 127 127 166 0 0 0 50 50 74 0 0 0 0 0 0 133 135 255 4 6
    232 0 0 0 255 255 255 39 39 59 255 255 255 0 0 0 42 42 68 54 56 171
    30 32 255 245 246 255 0 0 0 0 0 0 42 42 106 0 0 0 69 71 223 202 202
    247 19 21 140 28 28 32 156 156 229 0 0 0 0 0 0 71 72 140 2 2 2 0 0 0
    0 0 0 0 0 0 0 0 0 0 0 0 0 0 0 0 0 0 143 144 255 0 0 0 221 222 255 11
    11 36 0 0 0 63 63 86 0 0 0 105 106 216 213 214 241 96 96 113 0 0 0
    46 46 124 46 46 65 24 29 255 65 69 255 80 81 220 0 0 2 0 0 0 0 0 0 0
    0 0 0 0 0 0 1 14 0 0 0 0 0 0 0 0 0 0 0 0 123 123 162 0 0 0 42 42 59
    0 0 0 49 49 79 26 27 110 115 116 227 67 67 160 0 0 0 255 255 255 10
    10 20 78 78 95 70 70 83 28 29 146 102 103 255 0 0 0 0 0 0</data></your_img>
</opencv_storage>
