<?xml version="1.0"?>
<opencv_storage>
<L2_diff>1.8009353125528967e+03</L2_diff>
<contrast>1.1362238677434389e+00</contrast>
<brightness>-3.0910078329377677e-01</brightness>
<gamma>1.2875699837289918e+00</gamma>
<only_luma>1</only_luma>
<test_img type_id="opencv-matrix">
  <rows>10</rows>
  <cols>20</cols>
  <dt>"3u"</dt>
  <data>
    175 10 198 182 58 38 14 220 99 57 220 251 184 89 128 178 131 217 94
    209 202 221 4 61 70 216 145 219 114 248 166 203 127 250 133 66 42
    131 203 253 78 152 137 58 93 111 41 251 74 96 91 170 213 98 110 233
    162 13 33 165 89 74 185 223 103 248 9 17 144 117 27 22 106 148 197
    77 215 157 5 132 161 155 203 229 231 187 159 65 195 68 118 208 52
    211 153 157 112 5 170 26 95 118 194 220 114 195 167 118 26 91 139 26
    119 39 118 83 24 195 19 224 6 36 237 64 220 162 104 6 187 210 111 6
    204 23 220 99 121 77 141 162 217 146 33 110 171 117 235 96 15 27 31
    4 135 250 80 43 178 114 127 6 80 199 178 15 174 238 91 38 108 27 200
    163 243 100 244 246 241 93 63 111 113 44 245 100 172 29 207 31 78
    190 126 54 54 224 180 165 104 26 72 109 62 142 134 203 131 32 140 25
    227 62 173 156 236 54 118 172 209 250 179 248 59 196 13 81 74 16 36
    230 123 136 51 222 216 144 89 201 145 39 26 141 7 114 201 85 80 138
    147 112 52 44 0 59 37 97 83 126 88 82 65 137 161 6 247 240 98 247
    127 121 46 215 143 248 196 205 123 177 157 233 216 193 65 247 55 44
    193 71 54 179 105 160 56 103 144 31 110 9 150 15 76 198 195 3 177 61
    141 59 132 159 34 154 105 41 13 11 50 160 118 168 45 254 5 140 92 77
    243 176 187 197 141 103 14 105 237 181 117 65 22 33 189 37 223 245
    171 212 231 141 25 164 50 188 89 93 197 179 84 22 6 221 185 227 205
    83 134 18 216 193 109 60 238 149 151 59 30 23 52 144 140 26 184 97
    33 28 141 161 154 62 123 147 126 188 105 63 170 28 254 232 232 173 4
    219 252 152 144 31 191 183 28 54 21 123 155 160 195 190 115 41 210
    85 83 225 89 24 142 184 195 212 184 110 197 134 109 234 166 107 107
    214 203 245 70 107 140 99 4 220 167 38 145 31 143 134 89 153 225 187
    151 29 163 208 125 126 162 184 38 135 101 147 111 253 243 11 144 201
    222 200 26 247 233 250 2 132 72 148 142 63 249 198 75 251 100 204
    253 21 63 5 47 35 12 231 26 66 221 144 18 180 21 1 117 71 6 29 157
    150 28 199 45 90 190 243 33 245 7 146 232 55 48 85 200 183 3 19 41
    212 29 145 196 138 166 8 30 65 230 170 180 154 43 242 213 194 82 88
    130 226 222 189 230 179 156 229 8 74 49 229 79 145 186 155 236 89
    212 181 73 215 23 113 46 88 97 125 251 43 157 110 95 60 120 206 2
    101 175 6 16 118 3 225 11 22 68 122 34 86</data></test_img>
<my_img type_id="opencv-matrix">
  <rows>10</rows>
  <cols>20</cols>
  <dt>"3u"</dt>
  <data>
    115 7 130 109 35 23 10 161 72 47 180 205 112 54 78 128 95 157 65 145
    141 162 3 45 50 155 104 177 92 201 112 137 86 204 108 54 28 89 137
    208 64 125 51 22 35 91 33 205 3 4 3 121 151 69 85 179 125 7 17 87 54
    45 113 180 83 201 4 7 60 27 6 5 69 97 129 55 154 112 3 67 81 117 154
    173 176 143 121 42 126 44 82 144 36 148 107 110 61 3 93 6 23 29 142
    161 83 126 108 76 10 35 54 7 30 10 29 20 6 145 14 166 5 28 185 47
    161 118 64 4 116 147 78 4 149 17 161 26 32 20 102 117 157 62 14 47
    132 91 182 4 1 1 11 1 49 204 65 35 104 66 74 4 53 132 104 9 101 186
    71 30 72 18 133 130 193 80 196 198 194 17 12 20 91 35 196 56 96 16
    143 21 54 120 79 34 40 166 134 87 55 14 12 18 10 96 91 137 52 13 55
    19 171 47 134 121 183 30 66 96 170 204 146 201 48 159 0 0 0 12 27
    175 45 50 19 164 159 106 60 134 97 16 10 56 5 76 134 32 30 53 64 49
    23 0 0 0 2 5 4 38 27 25 33 69 81 5 199 194 79 199 102 87 33 154 116
    201 159 140 84 121 121 179 166 156 52 199 35 28 124 42 32 105 53 80
    28 43 60 13 49 4 67 10 50 130 126 2 115 24 56 24 65 79 17 73 49 19 0
    0 0 86 64 90 37 209 4 55 36 30 193 140 149 129 92 67 11 82 185 108
    70 39 14 21 118 30 179 196 131 162 176 73 13 85 31 117 55 61 129 117
    0 0 0 166 139 171 140 57 91 13 155 139 85 47 186 68 69 27 0 0 0 60
    58 11 112 59 20 14 71 81 73 29 58 91 78 117 57 34 93 23 209 191 178
    133 3 179 207 125 91 20 121 110 17 33 10 59 74 104 126 123 80 29 147
    63 62 168 36 10 58 130 138 150 120 72 129 103 84 181 88 57 57 172
    163 196 28 42 55 72 3 161 89 20 77 13 59 55 66 114 168 116 93 18 113
    144 87 76 98 112 14 49 37 121 91 208 193 9 115 148 164 147 21 199
    188 204 2 108 32 65 62 51 202 161 61 205 82 168 208 17 0 0 0 27 9
    176 19 48 162 85 11 106 5 0 27 0 0 0 76 73 14 132 30 60 151 193 26
    196 6 117 178 42 37 57 133 122 0 0 0 150 20 102 128 90 108 0 0 0 175
    129 137 122 34 192 151 138 58 66 97 169 169 144 175 136 118 173 0 0
    0 173 60 110 145 120 183 63 150 128 52 154 16 23 9 18 79 102 205 21
    76 53 25 15 31 141 1 69 100 3 9 88 2 168 0 0 0 33 9 23</data></my_img>
<your_img type_id="opencv-matrix">
  <rows>10</rows>
  <cols>20</cols>
  <dt>"3u"</dt>
  <data>
    140 140 146 0 0 0 5 5 34 28 29 206 43 44 67 82 83 168 27 28 151 0 0
    0 13 13 86 112 114 203 13 14 65 0 0 0 74 74 152 65 66 94 21 21 27
    173 173 206 15 15 25 5 6 33 9 10 105 95 95 109 93 93 131 121 122 203
    79 79 85 0 0 0 61 61 145 16 16 100 50 50 104 37 38 181 27 28 102 0 0
    0 0 0 0 40 41 100 112 112 114 35 35 55 7 8 51 19 20 55 51 51 79 0 0
    0 0 0 0 163 163 176 164 164 190 14 15 105 131 131 134 0 0 0 156 156
    171 5 5 9 61 62 168 40 40 46 102 103 188 0 0 0 73 73 75 0 0 0 36 37
    65 101 101 147 112 112 119 0 0 0 133 133 148 2 2 35 7 10 195 36 36
    47 165 165 200 0 0 0 9 9 10 0 0 0 15 16 126 0 0 0 0 0 0 72 73 152 70
    70 80 0 0 0 74 75 189 63 63 117 2 4 125 111 111 144 4 4 5 157 157
    183 0 0 0 13 14 85 18 19 86 73 73 81 83 83 150 54 54 78 0 0 0 0 0 0
    10 10 15 9 9 14 48 48 104 6 6 194 2 2 65 136 136 165 4 5 144 63 64
    122 14 16 167 150 151 202 116 116 140 98 98 125 0 0 0 0 0 0 88 88 92
    103 103 146 121 121 122 0 0 0 0 0 0 0 0 0 0 0 0 60 61 112 0 0 0 6 6
    9 41 43 134 17 17 38 112 112 190 0 0 0 118 118 136 25 25 200 31 33
    184 97 97 108 6 6 22 28 29 125 0 0 0 49 51 179 50 50 73 21 22 140
    147 147 192 0 0 0 0 0 0 0 0 0 0 0 0 47 47 104 46 46 61 68 69 135 86
    86 114 1 1 185 0 0 0 1 2 94 121 122 138 0 0 0 50 50 97 32 33 137 134
    134 160 119 120 177 75 75 83 38 40 162 82 83 145 107 108 187 25 25
    43 41 43 200 47 47 80 168 168 171 73 73 86 32 32 73 71 71 177 0 0 0
    12 12 63 48 48 130 17 17 36 118 119 209 81 81 85 19 21 148 6 6 186
    71 71 71 35 35 83 3 4 146 1 1 35 0 0 0 0 0 0 175 175 184 128 128 172
    117 117 126 54 54 54 0 0 0 0 0 0 19 19 23 0 0 0 85 85 87 0 0 0 28 28
    129 0 0 0 76 76 86 50 51 110 0 0 0 42 43 126 163 163 196 3 4 14 87
    88 178 47 49 183 70 72 181 0 0 0 59 60 86 74 76 189 21 22 127 0 0 0
    17 17 21 105 106 206 18 18 46 44 44 58 36 36 36 0 0 0 175 175 177 0
    0 0 16 16 19</data></your_img>
</opencv_storage>
