<?xml version="1.0"?>
<opencv_storage>
<L2_diff>2.9968708680889140e+03</L2_diff>
<contrast>1.5329801401599872e+00</contrast>
<brightness>-5.1134613789651850e-01</brightness>
<gamma>3.9672285290676074e-01</gamma>
<only_luma>1</only_luma>
<test_img type_id="opencv-matrix">
  <rows>10</rows>
  <cols>20</cols>
  <dt>"3u"</dt>
  <data>
    246 69 135 126 142 33 247 9 30 29 139 89 235 165 153 157 110 28 74
    241 186 70 53 219 106 184 249 206 164 107 212 20 101 144 82 33 166
    139 80 209 208 225 93 47 50 99 208 161 102 5 87 43 25 213 38 105 135
    141 173 170 163 160 250 137 52 246 116 119 34 199 30 105 93 119 93
    53 137 247 205 0 116 162 105 198 221 48 111 228 23 119 190 94 200 71
    156 250 228 177 109 147 128 70 57 230 250 230 119 118 246 199 246 93
    160 150 163 242 31 35 208 6 227 197 189 163 236 254 37 44 210 32 139
    78 12 199 199 34 122 172 3 42 135 13 49 157 15 227 251 140 202 31 98
    143 70 49 145 158 194 199 148 63 188 195 32 141 127 83 63 22 139 124
    212 191 183 215 49 19 161 162 84 234 245 175 161 155 53 206 36 172
    238 78 111 131 137 175 135 153 13 212 152 242 18 17 56 25 13 219 143
    172 127 216 107 241 94 121 196 59 118 16 207 144 181 172 177 24 241
    241 243 234 213 34 78 199 32 201 47 252 184 203 108 161 20 113 208
    203 247 53 104 100 63 8 205 180 162 113 229 201 72 99 98 162 168 3
    188 252 179 235 243 238 170 108 117 200 151 116 28 51 182 126 153
    136 19 184 246 48 135 111 86 242 129 116 26 213 44 17 170 209 217
    244 22 58 108 65 146 110 147 77 179 120 97 213 144 185 122 78 32 173
    45 187 194 170 148 114 173 19 68 85 40 150 26 20 9 226 249 136 105
    99 1 179 225 227 185 149 104 219 207 176 189 61 60 108 74 244 182 77
    137 144 254 2 189 66 185 98 186 122 95 14 126 138 156 112 48 193 229
    46 14 79 32 220 174 1 35 226 131 218 152 91 196 68 137 1 140 208 80
    183 20 116 238 104 183 65 93 117 110 153 157 126 106 2 226 220 34 84
    51 89 132 234 201 137 37 242 199 198 154 186 8 239 249 10 29 207 182
    17 212 128 69 187 246 26 140 45 113 85 253 131 109 166 248 65 85 195
    207 90 243 104 239 227 22 198 225 146 4 238 7 19 169 107 204 60 12
    91 201 246 218 179 12 242 243 103 26 166 142 30 147 153 170 249 27
    205 239 133 211 76 207 113 131 76 176 177 96 195 131 210 25 105 11
    203 20 100 167 162 77 252 228 27 105 81 154 185 191 19 225 26 62 147
    124 124 166 151 11 85 36 119 91 5 184 130 40 159 182 237 200 140 122
    152 112 178 164 226 34 40 8 116 219 132 1 61 216 4 118 12 249 118 64
    9 24 75 208 53 22 211 212 141 221 210 85 102 85 132 166 211 207 26
    180 164 242 223 27 231 248 53 185 248 132 193 228 112 55 66 137 220</data></test_img>
<my_img type_id="opencv-matrix">
  <rows>10</rows>
  <cols>20</cols>
  <dt>"3u"</dt>
  <data>
    255 72 140 159 179 42 255 9 31 37 177 113 248 174 161 192 135 34 77
    252 194 76 58 238 109 190 255 229 182 119 233 22 111 181 103 42 199
    167 96 224 223 242 132 67 71 110 230 178 141 7 121 47 27 234 49 135
    173 167 205 201 168 165 255 142 54 255 155 159 45 224 34 118 124 159
    124 55 142 255 228 0 129 183 118 223 239 52 120 244 25 127 213 106
    225 73 161 255 244 189 116 184 160 88 59 237 255 245 127 126 255 206
    255 113 195 182 170 252 32 39 230 7 243 211 202 167 241 255 41 49
    232 41 177 99 14 224 224 40 145 204 4 54 173 16 60 192 15 233 255
    157 226 35 124 180 88 60 177 193 218 224 167 71 213 221 41 179 161
    120 91 32 153 136 233 209 200 235 59 23 195 171 89 247 254 182 167
    172 59 229 38 181 250 101 144 170 161 206 159 168 14 233 159 252 19
    25 84 37 14 238 155 188 139 236 112 252 98 137 222 67 131 18 229 168
    211 200 185 25 252 251 253 244 234 37 86 223 36 225 48 255 189 227
    121 180 22 125 230 210 255 55 143 138 87 9 228 200 173 120 244 225
    81 111 117 194 201 3 193 255 186 245 253 250 179 113 131 225 170 156
    38 68 212 146 178 157 22 213 255 50 140 116 90 252 168 151 34 234 48
    19 185 228 236 254 23 60 135 81 183 138 184 96 209 140 113 234 158
    203 161 103 42 199 52 215 220 193 168 135 205 22 98 122 58 186 32 25
    9 233 255 174 135 127 1 192 242 243 198 159 113 238 225 202 217 70
    82 148 101 254 189 80 140 147 255 2 217 76 213 113 215 161 126 19
    154 169 191 127 55 220 244 49 15 86 35 238 206 1 41 242 140 234 172
    103 222 87 175 1 155 230 89 212 23 135 250 109 192 87 124 157 135
    187 192 165 139 3 242 236 36 120 73 127 140 247 213 143 39 252 224
    223 173 195 8 251 255 10 30 229 202 19 233 141 76 194 255 27 178 57
    143 87 255 134 113 172 255 74 96 221 216 94 253 109 251 238 24 213
    242 153 4 250 8 23 202 119 227 67 13 102 225 255 226 186 12 252 253
    124 31 199 178 38 184 158 175 255 28 215 251 146 232 84 229 125 145
    89 207 208 109 221 149 232 28 116 12 227 22 120 200 194 79 255 234
    37 145 111 176 211 218 20 242 28 78 184 155 149 199 181 16 122 52
    159 121 7 213 151 46 167 191 249 225 157 137 178 131 209 176 242 36
    54 11 156 238 143 1 67 236 4 122 12 255 158 85 12 27 83 230 58 24
    232 229 152 239 232 94 112 102 158 199 232 228 29 188 171 252 237 29
    245 255 55 191 255 136 199 244 120 59 71 148 238</data></my_img>
<your_img type_id="opencv-matrix">
  <rows>10</rows>
  <cols>20</cols>
  <dt>"3u"</dt>
  <data>
    56 56 77 0 0 0 0 0 0 3 3 6 37 38 104 0 0 0 8 9 155 163 163 205 70 71
    251 12 12 34 23 23 24 0 0 0 0 0 0 40 42 215 0 0 0 21 22 116 3 3 3
    177 177 196 45 45 77 42 43 130 94 96 253 196 197 247 0 0 0 27 27 31
    6 7 12 115 115 248 47 47 47 102 103 173 32 32 40 47 47 52 111 112
    176 98 99 253 11 12 37 0 0 0 25 26 253 27 27 50 54 57 247 37 37 100
    0 0 0 0 0 0 36 38 159 19 22 255 158 159 192 0 0 0 38 38 175 70 70
    133 64 64 77 89 89 110 28 28 254 0 0 0 0 0 0 48 48 112 21 22 96 44
    45 169 29 29 64 0 0 0 100 101 195 56 58 199 108 108 116 153 154 228
    37 38 116 147 147 185 76 77 234 40 40 70 24 24 77 185 185 195 0 0 0
    0 0 0 13 13 89 101 102 201 1 1 14 0 0 0 175 175 187 39 40 133 217
    217 239 11 14 228 0 0 0 155 156 178 2 2 152 67 68 116 105 105 188 0
    0 0 0 0 0 29 29 146 123 124 221 15 15 21 46 47 127 67 67 255 19 22
    242 12 12 35 22 22 101 0 0 0 53 53 104 140 140 152 62 62 77 159 160
    241 0 0 0 0 0 0 36 38 202 0 0 0 70 70 93 0 0 0 10 10 18 67 68 153 0
    0 0 129 129 156 32 33 96 0 0 0 0 0 0 0 0 0 29 29 251 13 13 21 64 64
    215 27 28 98 26 27 187 0 0 0 0 0 0 0 0 0 113 114 255 0 0 0 95 96 155
    0 0 0 50 50 109 134 135 165 0 0 0 181 181 207 0 0 0 99 101 204 109
    110 170 0 0 0 0 0 0 44 44 47 89 90 150 31 31 49 44 45 110 0 0 0 0 0
    0 5 5 6 15 16 178 206 206 241 24 25 106 229 229 236 0 0 0 0 0 0 0 0
    0 0 0 0 35 35 43 1 1 70 87 88 250 112 113 169 157 158 242 14 15 218
    48 48 215 231 231 234 119 119 129 0 0 0 114 114 178 21 23 144 12 13
    242 111 112 124 84 84 95 84 85 251 46 47 236 0 0 0 39 40 70 44 44
    141 17 17 70 28 28 31 0 0 0 41 41 118 3 4 219 0 0 0 45 46 162 0 0 0
    25 25 60 35 36 101 0 0 0 0 0 0 0 0 0 67 68 233 26 26 57 80 81 142 0
    0 0 46 46 47 0 0 0 0 0 0 239 240 251 0 0 0 133 133 188 176 176 193
    93 95 208 17 17 26 60 60 124 0 0 0 86 88 241 200 200 224 121 122 153
    80 81 165 0 0 0 96 96 207</data></your_img>
</opencv_storage>
