<?xml version="1.0"?>
<opencv_storage>
<L2_diff>1.0158676094846218e+03</L2_diff>
<contrast>9.2001394429855687e-01</contrast>
<brightness>-5.3599187327970466e-01</brightness>
<gamma>5.0669182437416049e-01</gamma>
<only_luma>1</only_luma>
<test_img type_id="opencv-matrix">
  <rows>10</rows>
  <cols>20</cols>
  <dt>"3u"</dt>
  <data>
    151 19 70 194 168 165 158 230 211 66 233 171 54 75 86 168 27 229 141
    67 7 232 104 251 78 241 229 31 133 110 171 28 54 120 138 125 17 169
    197 155 59 15 227 33 32 0 113 0 106 169 247 135 142 69 181 197 161
    93 125 160 186 149 18 165 69 157 179 178 223 226 21 147 174 124 41
    28 95 250 2 116 186 70 38 106 20 162 46 178 14 176 213 81 62 97 11
    151 163 227 253 187 4 103 65 202 44 220 41 89 77 100 81 224 218 225
    53 185 217 76 149 79 152 114 36 246 20 225 37 141 194 212 70 116 135
    231 70 115 134 203 127 127 194 161 206 54 151 57 69 109 144 228 3 1
    170 118 11 53 170 225 63 131 52 225 117 112 30 154 246 187 44 87 54
    105 162 180 215 82 59 187 198 209 173 244 227 216 123 102 49 20 33
    184 217 204 107 117 3 17 158 130 181 154 35 142 213 63 146 149 226
    31 121 144 162 101 199 24 208 63 201 234 167 239 218 231 162 172 245
    205 42 47 241 153 33 238 146 201 198 204 133 53 36 81 37 252 61 30
    226 69 140 128 137 165 191 76 75 129 51 4 223 18 50 165 105 228 58
    60 184 125 100 38 23 34 195 59 217 199 147 148 162 162 172 91 28 250
    212 224 142 214 133 242 60 240 206 65 158 175 153 4 12 12 121 202
    117 96 109 193 64 142 60 224 109 143 102 148 54 15 11 79 131 17 138
    239 179 8 96 253 65 16 92 29 116 53 91 110 152 206 253 182 124 45 52
    84 199 228 57 104 128 198 90 235 64 56 98 231 184 223 119 28 45 55
    103 45 166 218 154 243 170 240 76 186 205 56 231 181 209 26 107 10
    196 230 109 128 20 85 18 12 215 20 167 66 90 80 153 5 233 143 68 46
    131 240 85 161 144 130 154 235 160 134 166 5 201 177 152 135 55 38
    199 128 86 168 51 188 145 220 155 73 104 110 61 200 190 173 184 13
    69 105 70 224 110 164 79 55 193 252 205 246 98 75 56 82 65 164 36
    100 254 183 151 128 158 246 94 225 53 15 17 100 75 164 44 176 99 164
    90 216 239 188 243 76 20 207 0 81 220 140 111 106 144 78 69 13 34 14
    110 213 30 226 118 158 193 232 89 68 52 44 180 155 70 172 77 128 49
    189 44 50 215 118 32 147 64 143 106 51 204 195 105 240 44 69 59 167
    241 10 27 146 84 96 98 159 233 64 248 189 252 5 203 124 107 170 41
    83 239 172 111 4 134 190 81 171 195 222 210 116 148 169 239 80 192
    170 157 18 175 119 0 17 215 155 228 141 112 71 62 126 208 244 20 206
    226 28 253 183 187 153 122 156 16 170 216 218 174 9 75 159</data></test_img>
<my_img type_id="opencv-matrix">
  <rows>10</rows>
  <cols>20</cols>
  <dt>"3u"</dt>
  <data>
    43 5 20 68 59 57 59 86 79 25 87 64 0 0 0 63 10 85 37 18 2 89 40 96
    30 91 87 7 32 26 55 9 17 31 35 32 6 59 69 46 17 4 84 12 12 0 19 0 40
    64 94 36 38 18 64 69 57 28 38 49 63 51 6 51 22 49 66 66 83 84 8 55
    57 40 13 11 36 96 1 39 63 9 5 14 6 50 14 59 5 58 77 29 23 28 3 43 62
    87 97 64 1 35 23 72 16 81 15 33 7 9 8 83 81 84 19 68 80 21 42 22 44
    33 10 94 8 86 13 49 68 77 25 42 51 86 26 41 48 72 44 44 68 58 74 19
    43 16 20 41 54 85 1 0 54 22 2 10 63 84 23 49 19 84 21 20 5 59 94 71
    0 0 0 35 54 60 78 30 22 67 71 75 66 93 86 79 45 37 0 0 0 67 80 75 20
    21 1 5 47 39 61 51 12 52 77 23 54 55 84 8 33 39 57 36 70 9 75 23 76
    88 63 90 82 87 62 65 93 73 15 17 91 58 13 90 55 76 71 73 47 0 0 0 14
    97 23 11 84 26 36 33 36 57 66 26 17 29 12 1 83 7 16 51 33 85 22 22
    62 42 34 0 0 0 71 22 80 70 52 52 52 52 55 35 11 96 79 83 53 81 50 92
    23 91 78 21 52 57 44 1 3 4 43 72 21 18 20 67 22 49 22 83 40 40 29 41
    0 0 0 19 31 4 52 90 68 3 37 97 2 1 3 5 21 9 26 32 44 79 97 70 26 9
    11 31 74 85 13 23 29 74 34 88 5 4 8 86 69 83 23 5 9 6 12 5 61 80 57
    92 65 91 27 67 73 21 86 68 75 9 39 4 73 86 25 29 4 0 0 0 78 7 61 1 2
    2 57 2 87 38 18 12 50 91 32 49 44 40 58 88 60 42 52 2 71 63 54 33 14
    9 70 45 30 58 17 64 53 81 57 11 16 17 22 71 67 58 62 4 9 13 9 83 41
    61 27 19 67 97 79 94 8 6 4 25 20 51 14 38 97 62 51 43 60 94 36 84 20
    6 2 9 7 54 14 58 31 51 28 82 90 71 92 29 8 74 0 29 81 52 41 29 39 21
    0 0 0 5 40 77 11 84 44 59 72 87 1 1 1 15 60 52 23 55 25 44 17 65 16
    18 78 33 9 41 17 38 28 18 73 70 40 91 17 22 19 53 91 4 10 40 23 26
    37 60 87 24 95 72 97 2 78 40 34 54 15 31 90 55 36 1 46 65 28 63 72
    82 76 42 54 64 90 30 67 59 54 6 57 39 0 6 78 58 85 53 18 11 10 48 79
    93 7 77 84 11 97 70 64 52 42 50 5 54 79 80 64 3 23 48</data></my_img>
<your_img type_id="opencv-matrix">
  <rows>10</rows>
  <cols>20</cols>
  <dt>"3u"</dt>
  <data>
    0 0 0 5 5 15 6 6 57 2 2 21 0 0 0 66 66 74 0 0 0 56 56 94 4 4 74 0 0
    0 0 0 0 0 0 0 15 15 45 0 0 0 0 0 0 0 0 0 31 31 91 0 0 0 3 3 11 5 5
    11 0 0 0 6 6 8 21 21 68 0 0 0 0 0 0 59 59 93 19 19 34 0 0 0 0 0 0 24
    24 25 0 0 0 2 2 2 11 11 96 0 0 0 0 0 0 0 0 0 0 0 0 10 11 70 17 17 63
    0 0 0 0 0 0 65 65 70 19 19 42 0 0 0 0 0 0 24 24 50 21 21 42 0 0 0 0
    0 0 32 32 73 20 20 20 0 0 0 0 0 0 56 56 70 0 0 0 1 2 35 0 0 0 11 11
    29 0 0 0 12 13 56 3 4 72 0 0 0 0 0 0 8 8 51 0 0 0 0 0 0 0 0 0 0 0 0
    30 30 71 0 0 0 28 28 46 0 0 0 1 2 17 11 12 76 29 30 89 0 0 0 0 0 0
    21 21 48 0 0 0 0 0 0 0 0 0 0 0 0 0 0 0 0 0 0 0 0 0 0 0 0 0 0 0 0 0 0
    0 0 0 0 0 0 48 49 63 0 0 0 8 8 22 83 83 93 0 0 0 41 42 86 3 3 53 9 9
    24 0 0 0 26 26 49 0 0 0 0 0 0 0 0 0 0 0 0 0 0 0 0 0 0 2 2 28 60 60
    96 0 0 0 0 0 0 2 2 3 0 1 31 0 0 0 16 16 73 0 0 0 51 52 80 0 0 0 19
    20 68 0 0 0 0 0 0 1 1 5 28 29 84 14 14 52 3 3 30 0 0 0 17 17 75 0 0
    0 0 0 0 16 16 17 0 0 0 76 76 78 0 0 0 0 0 0 0 0 0 1 1 11 0 0 0 1 1 3
    0 0 0 0 0 0 29 29 36 1 1 6 0 0 0 8 8 38 0 0 0 0 0 0 8 8 14 32 32 41
    18 19 90 0 0 0 11 11 14 59 59 97 0 0 0 0 0 0 0 0 0 0 0 0 21 21 25 0
    0 0 2 3 36 0 0 0 0 0 0 0 0 0 0 0 0 0 0 0 34 34 59 0 0 0 19 19 77 0 0
    0 2 2 6 0 0 0 30 30 37 49 49 61 0 0 0 0 0 0 9 9 43 0 0 0 13 13 17 0
    0 0 0 0 0 29 30 78 1 1 37 49 49 50 11 12 20 56 56 83 0 0 0 0 0 0 16
    16 68 0 0 0 0 0 0 3 3 8 0 0 0 57 57 61 0 0 0 0 0 0 16 17 88 14 14 71
    0 0 32 0 0 0 18 18 20 3 4 23 7 7 10</data></your_img>
</opencv_storage>
