<?xml version="1.0"?>
<opencv_storage>
<L2_diff>2.9511077581138916e+03</L2_diff>
<contrast>8.9741719093324090e-01</contrast>
<brightness>9.4096159442735927e-01</brightness>
<gamma>1.6531445458805505e-01</gamma>
<only_luma>1</only_luma>
<test_img type_id="opencv-matrix">
  <rows>10</rows>
  <cols>20</cols>
  <dt>"3u"</dt>
  <data>
    183 78 72 183 124 167 247 75 61 124 125 9 68 107 81 177 111 238 140
    1 196 10 94 218 106 173 37 217 70 149 187 29 31 206 40 61 136 126
    118 84 29 235 72 73 253 164 41 111 5 200 203 60 145 51 184 165 199
    54 249 52 154 146 84 75 90 200 46 84 53 204 80 114 253 125 80 57 252
    51 133 175 195 25 57 145 202 135 200 102 207 182 155 107 8 13 198
    236 231 150 227 177 97 63 22 167 37 62 244 115 54 36 133 27 194 137
    215 100 183 45 193 211 131 198 127 6 15 143 230 208 51 30 173 162 44
    57 9 102 7 151 220 141 151 246 188 123 71 163 80 144 208 143 250 148
    165 165 22 121 99 133 228 196 245 245 229 233 45 186 216 239 205 98
    232 44 228 37 55 50 25 61 69 135 231 141 100 33 47 93 213 106 23 82
    56 247 120 83 8 190 191 97 219 225 147 171 205 198 207 54 184 233 55
    65 55 167 211 173 155 172 144 186 178 20 117 246 65 166 192 129 167
    214 61 115 112 34 173 53 34 116 227 163 27 202 122 82 220 222 32 113
    138 75 35 80 208 81 180 103 133 1 131 246 180 215 24 181 99 77 55 76
    180 73 130 158 48 64 154 42 147 196 12 58 211 36 181 193 150 50 237
    83 37 234 238 174 22 144 2 179 35 107 1 214 125 178 149 53 249 230
    38 30 86 130 132 151 23 85 182 206 153 134 30 251 43 120 119 206 237
    53 222 169 203 154 233 223 47 162 210 52 165 247 224 8 212 182 212
    64 240 207 13 0 86 198 83 248 72 187 204 240 120 129 197 245 168 0
    33 81 129 95 50 27 15 110 83 237 18 64 95 26 33 124 244 123 48 192
    40 73 143 9 115 3 126 206 50 167 101 185 72 75 143 244 96 36 21 59
    235 181 143 79 26 43 59 183 53 182 54 62 142 239 174 98 157 37 40
    207 195 146 16 17 44 164 103 203 50 31 254 24 198 161 149 212 57 81
    139 247 54 54 186 235 243 204 96 143 46 192 247 150 196 6 50 243 32
    221 9 44 100 76 158 254 66 225 222 102 6 155 38 150 66 80 161 29 51
    241 148 115 171 123 25 54 82 24 207 210 63 185 149 27 107 254 172
    191 37 100 235 72 113 117 119 104 70 128 13 159 21 253 172 203 234
    247 190 248 69 19 172 196 89 201 62 62 185 62 115 123 205 40 38 104
    102 159 135 213 160 13 127 25 237 141 75 80 205 164 37 69 234 222 14
    67 150 58 183 27 28 106 78 216 204 16 143 48 253 68 50 177 212 118
    141 91 160 214 83 116 38 46 186 217 9 218 113 244 188 124 135 116 33
    147 176 181 100 134 128 0 216 217 67 0</data></test_img>
<my_img type_id="opencv-matrix">
  <rows>10</rows>
  <cols>20</cols>
  <dt>"3u"</dt>
  <data>
    255 195 180 255 255 255 255 142 115 255 255 32 255 255 255 255 217
    255 255 2 255 21 200 255 255 255 97 255 149 255 255 71 76 255 89 136
    255 255 255 166 57 255 133 135 255 255 113 255 11 255 255 186 255
    158 255 255 255 101 255 98 255 255 246 172 207 255 236 255 255 255
    181 255 255 231 148 106 255 95 255 255 255 77 176 255 255 255 255
    227 255 255 255 255 23 26 255 255 255 255 255 255 250 162 60 255 100
    119 255 220 181 121 255 64 255 255 255 215 255 98 255 255 255 255
    255 19 47 255 255 255 103 79 255 255 255 255 66 255 21 255 255 255
    255 255 255 234 197 255 222 255 255 255 255 255 255 255 60 255 202
    255 255 255 255 255 255 255 90 255 255 255 255 197 255 90 255 75 255
    255 190 202 228 255 255 255 201 154 219 255 255 230 50 155 106 255
    255 255 29 255 255 233 255 255 255 255 255 255 255 120 255 255 110
    130 120 255 255 255 255 255 255 255 255 38 222 255 155 255 255 255
    255 255 234 255 255 89 255 139 70 237 255 255 62 255 255 173 255 255
    67 236 255 243 113 177 255 180 255 255 255 2 249 255 255 255 52 255
    250 194 139 193 255 209 255 255 140 187 255 98 255 255 26 127 255 86
    255 255 255 98 255 165 74 255 255 255 43 255 5 255 143 255 4 255 255
    255 255 100 255 255 77 61 255 255 255 255 69 253 255 255 255 250 56
    255 158 255 255 255 255 104 255 255 255 255 255 255 103 255 255 98
    255 255 255 17 255 255 255 139 255 255 25 0 200 255 157 255 136 255
    255 255 255 255 255 255 255 0 114 255 255 255 229 123 60 255 255 255
    35 126 255 119 151 237 255 235 115 255 95 229 255 28 255 11 255 255
    112 255 249 255 178 144 255 255 255 163 95 117 255 255 255 247 81
    107 147 255 133 255 135 121 255 255 255 255 255 82 89 255 255 255 38
    47 121 255 234 255 113 57 255 44 255 255 255 255 124 176 255 255 102
    107 255 255 255 255 184 255 110 255 255 255 255 12 96 255 67 255 19
    192 255 255 255 255 122 255 255 210 17 255 110 255 198 240 255 81
    143 255 255 223 255 255 66 255 255 126 255 255 138 255 255 67 197
    255 255 255 89 240 255 143 224 255 255 255 243 255 45 255 39 255 255
    255 255 255 255 255 182 50 255 255 204 255 153 153 255 223 255 255
    255 90 85 255 255 255 255 255 255 45 255 87 255 255 147 180 255 255
    74 137 255 255 29 140 255 145 255 112 116 255 167 255 255 50 255 150
    255 126 93 255 255 255 255 255 255 255 179 251 93 113 255 255 19 255
    216 255 255 255 255 255 85 255 255 255 252 255 255 0 255 255 143 0</data></my_img>
<your_img type_id="opencv-matrix">
  <rows>10</rows>
  <cols>20</cols>
  <dt>"3u"</dt>
  <data>
    211 213 255 200 203 255 208 209 255 126 127 248 181 182 255 255 255
    255 255 255 255 255 255 255 88 89 255 255 255 255 237 238 255 248
    249 255 175 176 255 255 255 255 255 255 255 255 255 255 91 91 255
    123 124 255 148 151 255 7 8 255 135 137 255 255 255 255 193 193 255
    235 236 255 159 161 255 3 4 255 130 133 255 255 255 255 197 200 255
    76 78 255 143 144 247 101 101 255 183 187 255 184 185 255 94 95 255
    15 16 255 255 255 255 87 87 255 246 248 255 104 105 255 79 81 255
    255 255 255 53 56 255 124 124 255 193 193 248 255 255 255 168 171
    255 92 96 255 112 113 255 68 71 255 163 166 255 255 255 255 213 214
    255 18 24 255 24 28 255 70 74 255 255 255 255 29 30 255 211 211 255
    255 255 255 147 150 255 255 255 255 152 154 255 255 255 255 167 167
    247 82 85 255 44 48 255 82 86 255 255 255 255 234 235 255 148 149
    255 155 157 255 108 111 255 249 250 255 144 145 255 149 151 255 187
    188 255 92 93 255 242 242 255 255 255 255 255 255 255 255 255 255
    192 192 255 58 59 255 214 216 255 224 224 255 41 44 255 189 190 255
    255 255 255 187 188 255 255 255 255 176 177 255 255 255 255 120 121
    255 255 255 255 255 255 255 82 85 255 255 255 255 140 140 241 204
    207 255 255 255 255 227 228 255 176 177 255 255 255 255 72 76 255
    255 255 255 184 184 255 20 24 255 142 146 255 38 42 255 156 157 255
    163 164 255 255 255 255 50 53 255 47 51 252 255 255 255 8 10 255 91
    96 255 206 208 255 82 84 240 243 243 255 212 213 255 179 179 255 255
    255 255 242 242 255 15 18 255 68 69 255 109 110 248 255 255 255 255
    255 255 84 85 255 202 203 255 222 222 255 32 33 255 182 182 255 255
    255 255 83 83 255 201 202 255 234 236 255 255 255 255 109 111 254
    255 255 255 58 60 255 1 2 255 138 141 255 243 244 255 9 12 255 122
    123 255 65 69 255 255 255 255 171 175 255 255 255 255 33 34 248 187
    188 255 1 4 255 43 47 255 107 108 255 231 232 255 253 254 255 144
    147 255 136 137 255 177 178 255 52 56 255 110 112 255 2 4 255 255
    255 255 245 246 255 178 179 255 125 126 252 255 255 255 92 96 255
    118 123 255 255 255 255 255 255 255 255 255 255 192 193 255 231 232
    255 230 231 255 63 66 255 132 132 255 137 140 255 76 78 255 255 255
    255 255 255 255 255 255 255 255 255 255 65 67 255 124 124 255 209
    210 255 58 62 255 247 248 255 232 234 255 255 255 255 255 255 255 18
    21 255 162 163 255 169 169 255 219 221 255 255 255 255 177 178 240</data></your_img>
</opencv_storage>
