<?xml version="1.0"?>
<opencv_storage>
<L2_diff>3.3017156146464222e+03</L2_diff>
<contrast>3.5239608087458607e-01</contrast>
<brightness>8.8232206990067241e-01</brightness>
<gamma>1.1200670504664414e+00</gamma>
<only_luma>1</only_luma>
<test_img type_id="opencv-matrix">
  <rows>10</rows>
  <cols>20</cols>
  <dt>"3u"</dt>
  <data>
    120 91 250 111 211 4 32 235 222 21 40 72 202 193 196 28 49 19 10 48
    1 216 253 68 65 196 61 236 178 139 247 209 54 243 3 233 185 236 101
    136 251 215 139 57 248 214 2 160 217 253 161 17 48 182 199 137 157
    180 52 138 218 90 61 235 108 5 116 17 84 232 39 184 73 166 206 95 6
    84 45 244 147 198 238 79 108 189 205 243 71 142 126 30 85 242 104 5
    1 27 240 221 109 98 146 245 213 79 139 158 33 253 15 130 226 252 87
    83 143 148 37 195 78 237 131 72 180 165 151 237 76 242 202 201 88
    231 127 98 160 208 28 202 7 143 9 197 204 82 164 186 174 76 44 33 64
    191 66 224 53 135 198 212 69 4 45 199 131 175 60 149 161 232 12 92
    90 91 104 157 193 61 204 248 173 166 203 88 113 76 192 125 138 120
    81 210 149 130 102 192 92 236 207 193 79 200 86 24 56 233 31 176 105
    145 41 42 122 100 205 216 215 198 79 82 38 161 177 113 166 141 144
    106 102 215 39 82 149 38 151 219 41 23 117 228 189 244 215 115 189
    40 63 5 147 96 88 57 131 73 183 119 9 155 64 224 198 92 202 58 184
    90 110 120 250 212 108 250 152 62 69 117 197 99 142 32 112 208 8 15
    200 236 215 224 20 248 23 139 179 56 228 226 239 211 229 222 234 135
    72 142 3 61 233 20 70 11 70 59 130 103 41 244 76 172 79 126 48 75 93
    167 211 82 92 33 162 173 125 109 32 216 112 110 212 66 37 29 67 163
    249 5 79 123 48 15 198 221 44 31 221 252 168 4 181 139 245 160 154
    222 106 252 136 163 245 127 8 162 143 126 180 238 0 237 99 6 62 114
    115 254 225 240 188 201 143 84 237 123 58 2 44 80 146 16 84 254 14
    128 49 118 199 104 219 216 67 62 237 56 43 51 223 123 152 4 136 27
    55 252 236 171 159 205 19 177 65 60 197 123 168 18 156 105 35 235 7
    72 86 244 210 114 178 77 9 136 146 233 136 145 22 181 172 135 123
    247 234 233 96 94 87 33 138 53 81 196 203 222 249 225 120 179 92 194
    36 120 169 206 35 221 40 59 185 247 72 85 99 130 21 123 47 183 39
    194 166 204 107 216 110 165 23 73 43 104 3 183 27 249 236 219 79 83
    197 239 208 189 235 24 142 122 191 237 206 20 138 75 121 167 216 214
    74 170 196 103 194 116 65 10 2 121 234 83 198 23 228 54 104 165 134
    39 239 46 81 10 143 133 185 207 17 254 130 122 4 242 69 207 167 203
    152 179 93 137 173 74 42 170 193 236 195 83 244 230 73 81 80 166 174
    254 230 87 95 232 250 66 167 36 120 138 25 128</data></test_img>
<my_img type_id="opencv-matrix">
  <rows>10</rows>
  <cols>20</cols>
  <dt>"3u"</dt>
  <data>
    150 114 255 157 255 6 42 255 255 72 137 247 255 255 255 137 239 93
    50 239 5 255 255 84 97 255 91 255 232 181 255 255 68 255 4 255 241
    255 132 170 255 255 175 72 255 255 3 223 255 255 200 27 76 255 255
    202 231 255 83 219 255 124 84 255 141 7 255 38 190 255 51 243 105
    238 255 255 16 225 57 255 187 255 255 102 156 255 255 255 91 181 255
    63 179 255 133 6 1 35 255 255 149 134 185 255 255 139 244 255 41 255
    19 162 255 255 165 158 255 221 55 255 101 255 170 114 255 255 196
    255 99 255 255 255 116 255 168 140 228 255 41 255 10 212 13 255 255
    119 237 255 255 118 168 126 244 255 89 255 78 200 255 255 97 6 66
    255 193 255 97 242 212 255 16 254 248 251 157 237 255 77 255 255 251
    241 255 203 255 176 255 189 209 170 115 255 255 239 188 250 120 255
    255 255 113 255 126 35 74 255 41 255 170 234 89 91 255 139 255 255
    255 255 110 142 66 255 255 182 255 255 255 200 142 255 54 151 255 70
    207 255 56 31 156 255 241 255 255 176 255 61 117 9 255 255 234 151
    205 114 255 212 16 255 86 255 255 134 255 84 255 141 172 150 255 255
    135 255 190 139 155 255 255 147 211 46 160 255 12 22 255 255 255 255
    25 255 29 222 255 89 255 255 255 255 255 255 255 177 94 255 6 117
    255 26 92 39 246 207 255 212 84 255 97 219 167 255 101 126 156 255
    255 116 130 54 255 255 255 231 68 255 155 153 255 93 52 50 115 255
    255 6 99 255 103 32 255 255 60 39 255 255 255 6 255 176 255 203 209
    255 144 255 169 203 255 161 10 255 246 217 233 255 0 255 129 8 141
    255 255 255 255 255 255 255 209 109 255 160 242 8 184 150 255 30 104
    255 17 255 102 246 255 143 255 255 93 86 255 73 56 69 255 167 255 7
    246 34 68 255 255 223 207 255 27 255 96 89 255 206 255 30 255 186 62
    255 9 94 109 255 255 183 255 123 17 254 255 255 179 191 35 255 255
    170 155 255 255 255 126 254 235 89 255 104 159 255 255 255 255 255
    151 255 138 255 60 200 255 255 48 255 62 92 255 255 91 107 204 255
    43 193 74 255 59 255 249 255 148 255 187 255 39 181 107 255 5 255 42
    255 255 255 117 123 255 255 255 244 255 31 186 158 248 255 255 29
    198 126 204 255 255 255 103 253 255 153 255 174 98 22 4 255 255 109
    255 31 255 72 177 255 228 50 255 59 154 19 255 190 255 255 21 255
    161 156 5 255 99 255 239 255 221 255 152 224 255 123 70 255 251 255
    254 106 255 255 225 250 247 206 215 255 255 115 126 255 255 83 255
    61 202 255 49 251</data></my_img>
<your_img type_id="opencv-matrix">
  <rows>10</rows>
  <cols>20</cols>
  <dt>"3u"</dt>
  <data>
    201 202 255 39 40 226 24 24 255 211 211 250 71 74 255 187 187 232
    183 183 225 2 5 249 57 58 246 83 86 255 44 47 244 255 255 255 19 22
    255 5 7 255 243 243 255 255 255 255 2 6 255 235 235 255 130 132 255
    218 218 255 159 161 246 131 132 227 238 238 255 246 246 255 104 105
    255 249 249 255 12 13 255 17 20 253 77 78 255 198 200 255 225 225
    255 134 136 227 255 255 255 149 150 255 12 15 255 128 128 255 2 2
    230 36 38 255 186 186 255 251 252 255 19 20 255 83 84 255 18 20 252
    61 65 255 25 27 255 111 112 255 47 48 227 255 255 255 192 193 255 80
    82 252 216 216 248 225 226 255 139 139 255 165 166 226 60 60 255 212
    213 255 21 23 229 166 167 255 113 114 255 62 63 255 103 106 255 140
    141 252 139 141 255 204 205 255 128 129 255 197 198 255 61 64 253
    155 156 233 20 21 236 162 164 255 224 224 255 59 61 255 57 59 253
    240 240 255 158 159 255 114 116 255 37 39 239 99 100 238 34 36 239
    165 165 255 13 17 255 62 63 239 255 255 255 161 161 245 207 207 255
    255 255 255 36 37 255 51 52 245 171 172 255 6 8 255 5 7 255 194 194
    255 168 170 255 167 168 255 255 255 255 48 52 255 6 7 233 73 74 245
    35 39 255 31 35 255 118 120 250 244 244 246 230 230 250 178 178 246
    143 144 239 200 202 255 122 123 242 180 181 255 175 176 255 104 105
    255 135 136 236 148 150 255 176 177 238 208 208 255 248 248 253 187
    187 230 32 35 240 42 42 255 255 255 255 11 13 255 34 36 255 132 134
    255 114 116 228 118 120 255 15 17 225 139 140 227 147 147 255 36 41
    255 58 61 255 19 20 255 239 239 240 99 99 231 1 2 230 215 216 255
    179 181 255 182 183 247 187 188 240 34 34 255 255 255 255 246 246
    255 93 95 255 255 255 255 225 225 255 79 80 231 140 141 237 243 244
    250 13 15 255 76 77 252 129 129 255 129 131 255 83 83 255 162 163
    255 22 26 255 156 156 237 201 201 254 62 65 255 31 35 255 188 189
    255 151 151 255 255 255 255 223 223 255 183 184 255 114 115 232 236
    237 255 68 68 255 175 176 255 82 83 233 218 218 255 66 66 235 23 27
    255 199 199 255 54 57 255 249 250 255 77 79 255 252 252 255 149 150
    255 40 43 251 60 63 255 135 137 248 255 255 255 199 200 255 26 26
    244 96 97 255 15 16 241 255 255 255 82 84 255 1 1 255 255 255 255 53
    54 255 116 119 255 132 133 255 238 238 255 22 25 255 13 15 255 173
    173 253 100 102 255 170 172 255 5 9 248 230 230 255 244 244 255</data></your_img>
</opencv_storage>
