<?xml version="1.0"?>
<opencv_storage>
<test_hist type_id="opencv-matrix">
  <rows>256</rows>
  <cols>1</cols>
  <dt>f</dt>
  <data>
    5.16092312e-03 5.02877217e-03 6.53131865e-03 6.26884727e-03
    3.14396806e-03 5.17822336e-03 3.25460592e-03 2.54273391e-03
    3.36974372e-05 3.94890225e-03 6.99700508e-03 2.94755376e-03
    6.48356043e-03 5.55090141e-04 4.56251064e-03 2.02519516e-03
    6.10720413e-03 3.33669130e-03 4.35538357e-03 6.85118604e-03
    2.12679640e-03 6.10863417e-03 3.78578156e-03 5.70814684e-03
    4.72904416e-03 6.83485763e-03 5.23447664e-03 2.31760205e-04
    3.22716706e-03 5.61900111e-03 1.25865825e-03 2.40743021e-03
    3.07550188e-04 2.38935507e-04 6.13438291e-03 4.71230550e-03
    3.25412140e-03 6.00790652e-03 5.13648335e-03 7.10360100e-03
    4.83916234e-03 2.07916019e-03 6.53124135e-03 1.45485345e-03
    6.91389665e-03 6.34947652e-03 3.61238979e-03 2.82868103e-04
    3.77908652e-03 9.01269028e-04 6.70839706e-03 3.11757298e-03
    1.55179063e-04 6.22914778e-03 5.48959570e-03 1.26570347e-03
    2.03357521e-03 5.16078388e-03 7.24228099e-03 5.87702217e-03
    1.22855054e-04 2.88567186e-04 2.33200123e-03 7.30284769e-03
    3.50254099e-03 6.81089284e-03 1.74815243e-03 2.09693401e-03
    6.06634468e-03 2.47764564e-03 1.19432434e-03 1.29257480e-03
    9.30074719e-04 1.46337529e-03 2.44174844e-05 1.22116099e-03
    3.69275175e-03 4.87885624e-03 1.52963446e-03 6.75460231e-03
    1.78552046e-03 5.31776110e-03 5.23250736e-03 2.50408472e-03
    3.32460087e-03 4.32618847e-03 5.85746672e-03 8.37033440e-04
    5.67724369e-03 2.51210132e-03 1.96777401e-03 3.77978571e-03
    5.99393295e-03 2.10001296e-03 5.80610754e-03 4.09400184e-03
    4.94308071e-04 3.65958270e-03 4.95768618e-03 5.88183803e-03
    2.34223693e-03 6.29219739e-03 3.31663550e-03 2.75083981e-03
    4.97693243e-03 7.67433783e-04 1.85252063e-03 7.21250940e-03
    5.51479962e-03 5.17392298e-04 3.72043438e-03 4.40677814e-03
    2.41546636e-03 9.06942078e-05 2.49743648e-03 4.19209711e-03
    1.38895668e-03 1.21721148e-03 4.81070206e-03 6.65391749e-03
    2.87522143e-03 8.40638939e-04 1.62253345e-04 5.18689491e-03
    1.96855236e-03 5.17329015e-03 7.13653117e-03 6.83160499e-03
    6.77405018e-03 7.16564013e-03 2.77170190e-03 2.25671381e-03
    3.08627123e-03 1.59331632e-03 1.25378999e-03 5.14102168e-03
    5.59444120e-03 1.42990053e-03 4.93845344e-03 3.89900571e-03
    3.85380024e-03 4.09604562e-03 5.14408620e-03 2.73455190e-03
    2.90061347e-03 4.69145831e-03 6.95705367e-03 6.50982652e-03
    1.85898753e-05 6.54441165e-03 6.78615225e-03 5.37419785e-03
    5.18721575e-03 2.62345537e-03 5.50270267e-03 4.34380118e-03
    3.38729413e-04 5.36054932e-03 6.43582689e-03 7.39888661e-03
    4.60468000e-03 6.96319528e-03 2.79947161e-03 1.25540770e-03
    4.47591487e-03 6.15112716e-03 6.96678739e-03 5.00841672e-03
    7.38531933e-04 4.95124701e-03 1.72338448e-04 7.02932430e-03
    4.08058101e-03 5.50565822e-03 1.72714842e-03 4.17067017e-03
    1.08027598e-03 6.02291105e-03 7.32573634e-03 7.66945188e-04
    3.86434468e-03 1.37594668e-03 4.98721143e-03 4.42456780e-03
    7.34863617e-03 5.32143237e-03 1.06313406e-03 4.22537979e-03
    4.10131179e-03 2.72744265e-03 1.06283533e-03 3.05190054e-03
    5.76957036e-03 1.23345805e-03 4.81915986e-03 3.93112237e-03
    3.59042780e-03 6.49200799e-03 6.87552791e-04 4.16423893e-03
    6.02200162e-03 5.50891971e-03 4.93533025e-03 7.06316903e-03
    3.18993279e-03 2.77859042e-03 5.54056978e-03 6.45464612e-03
    3.90562625e-03 6.10042596e-03 4.88002319e-03 5.20681264e-04
    2.55229673e-03 6.27364311e-03 4.43554344e-03 6.22480456e-03
    1.37674192e-03 5.50805591e-04 5.50298579e-03 5.31786541e-03
    5.69037255e-03 7.43228151e-03 4.47125221e-03 1.61404023e-03
    4.46173968e-03 4.79167048e-03 2.66725430e-03 6.91126240e-03
    3.33590619e-03 1.46264408e-03 2.68917484e-03 8.38974083e-05
    4.50491998e-03 5.90357557e-03 4.71693557e-03 5.95008396e-03
    5.00431797e-03 3.58472054e-04 2.14104672e-04 4.88011446e-03
    1.16784859e-03 5.37968939e-03 3.95445712e-03 5.43189608e-03
    3.61827598e-03 5.62627241e-03 4.58213082e-03 2.28977506e-03
    6.87691756e-03 3.61941825e-03 2.02082307e-03 6.87287236e-03
    6.85912324e-04 2.33849464e-03 6.89507509e-03 3.16188880e-03</data></test_hist>
<p_value>6.4000000000000001e-01</p_value>
<my_p>166</my_p>
<your_p>0</your_p>
</opencv_storage>
