<?xml version="1.0"?>
<opencv_storage>
<test_hist type_id="opencv-matrix">
  <rows>256</rows>
  <cols>1</cols>
  <dt>f</dt>
  <data>
    1.64038234e-03 3.92699055e-03 7.59256305e-03 4.08575543e-05
    7.57482601e-04 3.95032298e-03 6.30437257e-03 3.17807985e-03
    5.32555394e-03 3.12383799e-03 6.14719186e-03 4.33137408e-03
    3.56852286e-03 2.04062811e-03 6.91230129e-03 3.32966773e-03
    1.09346583e-03 5.40740835e-03 1.47012947e-03 6.13072934e-03
    6.95665833e-03 3.58434627e-03 6.50699669e-03 8.44746392e-05
    6.20475505e-03 2.74981116e-03 2.52351840e-03 9.18126432e-04
    1.67347735e-03 5.16064558e-03 6.63582643e-04 7.01847766e-03
    2.23015994e-03 1.07547361e-03 6.84887497e-03 5.14106127e-03
    7.53436543e-05 4.13948903e-03 9.89026972e-04 6.25386788e-03
    7.03367777e-03 2.73655343e-04 1.18238165e-03 2.12249486e-03
    1.27414335e-03 3.87960346e-03 9.78659446e-05 6.85012247e-03
    1.84353709e-03 7.55928038e-03 7.19099678e-03 5.04130323e-04
    2.34773289e-03 4.25967900e-03 4.27240552e-03 2.06808210e-03
    3.49925458e-03 1.04167336e-03 9.46168730e-04 7.66190875e-04
    5.61341783e-03 2.78907828e-03 7.68068898e-03 7.07952399e-03
    1.13794580e-03 5.10264141e-03 5.73963625e-03 2.32841680e-03
    5.44307753e-03 7.52807455e-03 6.21474069e-03 4.57345834e-03
    3.21922684e-03 2.88076117e-03 5.38084982e-03 2.04865169e-03
    5.00448374e-03 3.70009313e-03 5.14448201e-03 6.28416799e-03
    5.60890790e-03 5.35308197e-03 6.64326921e-03 3.06771440e-03
    7.71976821e-03 4.85177385e-03 7.61175342e-03 2.91231624e-03
    4.12947731e-03 3.59144085e-03 1.23566075e-03 6.04454800e-03
    6.18279353e-03 2.21297290e-04 4.71493322e-03 1.66441803e-03
    3.38171638e-04 1.79389189e-03 5.72874816e-03 2.27489695e-03
    7.78677920e-03 1.52953214e-03 2.97900639e-04 6.18317397e-03
    2.30607484e-03 6.69944286e-03 4.19069873e-03 7.68308993e-03
    9.72544949e-04 3.39991500e-04 4.56403336e-03 3.46567994e-03
    5.97586250e-03 7.07068061e-03 7.39058806e-03 3.94556718e-03
    1.19585649e-03 2.30133723e-04 3.96244740e-03 2.83127208e-03
    3.98864504e-03 2.89623439e-03 2.07753014e-03 6.98934821e-03
    7.81178800e-03 1.16843369e-03 6.02513179e-03 4.03992785e-03
    2.19904329e-03 5.49292611e-03 3.96358455e-03 7.31413718e-03
    7.47299520e-03 2.67440430e-03 4.46465146e-03 5.58818271e-03
    5.14017604e-03 3.84824211e-03 3.65780573e-03 2.98271282e-03
    7.67106470e-03 2.81815510e-03 7.60294963e-03 4.68260190e-03
    6.40776474e-03 1.38328038e-03 1.48087472e-03 1.84072345e-03
    3.90074914e-03 2.16239528e-03 2.76771188e-03 5.71717415e-03
    5.61908865e-03 5.16604027e-03 5.83343860e-03 7.20271794e-03
    5.66114066e-03 2.40692589e-03 4.70706960e-03 6.38346514e-03
    7.72221712e-03 5.41820191e-03 1.69699022e-03 1.77799154e-03
    3.15352995e-03 1.61050435e-03 4.17628651e-03 3.03762325e-04
    2.53015407e-03 7.16842758e-03 7.52535416e-03 5.62697835e-03
    4.47097514e-03 5.10731200e-03 5.29041840e-03 2.60363286e-03
    2.95912731e-03 4.72110580e-04 4.91817528e-03 6.99008908e-03
    4.93427273e-03 3.93868564e-03 3.03039351e-03 1.44270970e-03
    2.34363135e-03 4.88309469e-03 2.16111168e-03 2.95783416e-03
    6.31201640e-03 1.41199958e-03 1.19253469e-03 4.98836208e-03
    7.04048527e-03 5.51987160e-03 3.10429255e-03 2.45251693e-03
    3.96025041e-03 7.21972110e-03 5.78024564e-03 4.58472129e-03
    2.50300416e-03 1.01451820e-03 3.66659486e-04 4.33738437e-03
    2.77002132e-03 3.73663590e-03 6.40215538e-03 3.99774546e-03
    3.49927484e-03 4.16954950e-04 6.57266797e-03 2.58339918e-03
    1.95343071e-03 5.89751452e-03 7.22131878e-03 3.53990821e-04
    1.39004702e-03 8.83234432e-04 7.02268444e-03 4.50451393e-03
    2.02076673e-03 5.90763427e-03 6.14059437e-03 5.06059127e-03
    6.68314938e-03 2.74592987e-03 1.68944965e-03 4.53543791e-04
    7.26798875e-03 1.46838473e-04 8.13806604e-04 5.67553798e-05
    4.50311927e-03 2.46137101e-03 4.78719966e-03 7.35776499e-03
    7.14892708e-03 1.66538914e-04 5.23711275e-03 9.88456071e-04
    5.64841647e-03 3.95572366e-04 2.67747603e-03 3.04397265e-03
    3.10867024e-03 4.15461697e-03 1.66592922e-03 6.79343659e-03
    5.33011137e-03 6.41255919e-03 3.68595263e-03 6.06370682e-04
    6.69796858e-03 4.22051596e-03 1.36283610e-03 1.85189256e-03</data></test_hist>
<p_value>6.5000000000000002e-01</p_value>
<my_p>160</my_p>
<your_p>0</your_p>
</opencv_storage>
