<?xml version="1.0"?>
<opencv_storage>
<test_hist type_id="opencv-matrix">
  <rows>256</rows>
  <cols>1</cols>
  <dt>f</dt>
  <data>
    4.51448653e-03 6.34692283e-03 3.36102536e-03 4.98585822e-03
    2.88564200e-03 6.83875568e-03 4.92746010e-03 3.50650796e-03
    2.34909286e-03 7.36415910e-04 3.93299060e-03 3.12808086e-03
    2.55607767e-03 6.06790278e-03 5.05909557e-03 7.45849684e-03
    1.51805498e-03 3.76658561e-03 5.73348952e-03 5.10308985e-03
    6.28559152e-03 1.36659469e-03 5.55983139e-03 6.18880335e-03
    2.48106284e-04 7.71625666e-03 6.49501337e-03 2.91265943e-03
    1.66424725e-03 2.96817767e-03 3.12218303e-03 6.34311931e-03
    1.07889273e-03 8.93992314e-04 5.27571328e-03 2.76125822e-04
    3.76969751e-04 3.42356483e-03 6.97917910e-03 6.87467773e-03
    2.05089315e-03 1.64473802e-03 5.40619297e-03 2.11747410e-03
    7.48836622e-03 1.98300532e-03 4.95993486e-03 5.62802772e-04
    2.11662264e-03 7.92560726e-03 5.72754210e-03 3.26937821e-04
    3.32736317e-03 2.19119410e-03 3.00667249e-03 6.21015322e-04
    5.78264426e-03 7.41604436e-03 3.79850483e-03 6.96709100e-03
    4.40274278e-04 2.60622217e-03 5.02739102e-03 5.35539445e-03
    2.12160661e-03 3.68254422e-03 6.56674150e-03 7.96041172e-03
    4.63152677e-03 7.40633486e-03 7.99298566e-03 6.82132645e-03
    5.83151728e-03 4.04506130e-03 4.61184187e-03 7.11915921e-03
    7.71084893e-03 7.75717432e-04 2.94069410e-03 2.10340251e-03
    4.87215305e-03 1.74271438e-04 2.32337671e-03 6.55384175e-03
    5.35029359e-03 4.75805532e-03 2.23775231e-03 5.71873318e-03
    5.81908831e-03 5.21415146e-03 6.77000219e-03 1.70484639e-03
    1.39370980e-03 1.24590541e-03 7.23991636e-03 1.72493968e-03
    4.42979392e-03 3.40421218e-04 1.17666961e-03 2.49360246e-03
    3.22412816e-03 6.08878955e-03 2.26983451e-03 3.07270372e-03
    2.54744955e-04 1.24123343e-03 6.23471616e-03 6.60839211e-03
    7.62777124e-03 9.75633855e-04 4.26022743e-04 5.24131255e-03
    1.79931358e-03 6.61515770e-03 1.21202669e-03 4.52979887e-03
    4.23186412e-03 3.37804086e-03 1.18257722e-03 2.28446326e-03
    6.00692234e-04 3.87364463e-03 6.70476165e-03 3.28059494e-03
    4.31762077e-03 4.87307226e-03 4.77126194e-03 3.72017338e-03
    8.54436948e-05 3.99122154e-03 3.59132607e-03 5.10199461e-03
    3.93532636e-03 3.86555534e-04 7.90604949e-03 7.74922641e-03
    6.55703247e-03 6.81428378e-03 4.12314059e-03 4.23779665e-03
    1.25729956e-03 2.54549459e-03 2.83040013e-03 6.07660366e-03
    7.81888980e-03 4.75788926e-04 4.35195956e-03 7.14571774e-03
    4.37781028e-03 1.72536657e-03 1.12194358e-03 6.33184612e-03
    5.00648422e-03 1.50047394e-03 5.69074927e-03 6.89751096e-03
    6.82809623e-04 7.18129287e-03 1.41880079e-03 4.60424647e-03
    6.25284715e-03 1.42706791e-03 2.43867937e-04 6.65610284e-03
    4.22997540e-03 5.30748803e-04 4.85137629e-04 1.39587175e-03
    2.50427215e-03 9.74449853e-04 1.30386965e-03 7.82510731e-03
    6.76285150e-03 2.02517933e-03 4.22167592e-03 4.21759393e-03
    5.02945064e-03 2.34783569e-04 5.20428130e-03 4.81569348e-03
    1.14372582e-03 3.10600386e-03 4.24311776e-03 4.17077355e-03
    2.28296430e-03 7.68378144e-03 6.36967691e-03 5.27921785e-03
    4.56067314e-03 2.00309767e-03 7.39183684e-04 1.14394922e-03
    6.20156201e-03 7.05156242e-03 6.43031765e-03 4.24114382e-03
    2.35335971e-03 3.74020747e-04 4.27057547e-03 1.83091185e-03
    7.01457541e-03 3.19680176e-03 4.09150124e-03 4.77577001e-03
    2.74540950e-03 4.88218339e-03 4.20583691e-03 4.65151994e-03
    1.78659288e-03 7.68875983e-03 2.32301746e-03 3.97126237e-03
    2.39538378e-04 6.43891422e-03 6.77676685e-03 1.37194968e-03
    1.21704256e-03 7.63538061e-03 5.31455362e-03 4.97786840e-03
    1.23534468e-03 1.77768257e-03 1.69791572e-03 6.10129209e-04
    1.75017375e-03 2.17488152e-03 2.64799991e-03 1.62273017e-03
    3.51087027e-03 3.71543947e-03 7.40909344e-03 7.71971187e-03
    4.44608741e-03 2.32169940e-03 2.56225560e-03 1.84314721e-03
    2.80120969e-03 2.82788090e-03 6.81724073e-03 3.03878612e-03
    5.64569281e-03 4.04759170e-03 5.15537336e-03 3.00143170e-03
    1.26712315e-03 6.12614560e-04 4.92219860e-03 7.24523794e-03
    5.11874072e-03 7.04900827e-03 2.88206339e-03 5.13184629e-03
    2.57119560e-03 7.64167402e-03 3.96008417e-03 6.39206637e-03</data></test_hist>
<p_value>4.7999999999999998e-01</p_value>
<my_p>122</my_p>
<your_p>123</your_p>
</opencv_storage>
