<?xml version="1.0"?>
<opencv_storage>
<test_hist type_id="opencv-matrix">
  <rows>256</rows>
  <cols>1</cols>
  <dt>f</dt>
  <data>
    3.82568524e-03 5.73151186e-03 2.52847956e-03 4.79331519e-03
    7.72236753e-03 4.70624352e-03 4.42741532e-03 5.63535141e-03
    1.72040192e-03 8.51272955e-04 7.01040309e-03 2.64823600e-03
    2.47427961e-03 5.24896057e-03 5.00154495e-03 7.34207220e-03
    4.14808420e-03 2.92410795e-03 1.86902366e-03 6.31070696e-03
    4.88055404e-03 4.44699777e-03 1.77131011e-03 2.91773700e-03
    5.23259165e-03 1.19147194e-03 4.03313152e-03 6.83089113e-03
    5.16571896e-03 1.19958026e-03 6.12596050e-03 7.06678629e-03
    6.84134522e-03 5.89819020e-03 4.11259104e-03 4.19679424e-03
    4.26924834e-03 3.23272747e-04 1.90100353e-03 4.99644270e-03
    3.05628823e-03 6.18643872e-03 2.37617712e-03 6.22800784e-03
    4.96787392e-03 5.68139926e-03 1.15716259e-03 5.19378297e-03
    1.06489740e-03 2.89224414e-03 1.57792156e-03 5.94085502e-03
    4.87689191e-04 4.82640055e-04 4.71753953e-03 2.42431415e-03
    5.19172987e-03 5.88372396e-03 6.63955882e-03 5.80367213e-03
    2.59470427e-03 8.97022779e-04 1.60275507e-04 2.08433694e-03
    2.12444365e-03 5.42784249e-03 5.57027431e-03 6.53788960e-03
    2.04354804e-03 3.83373979e-03 4.28926060e-03 2.09059357e-03
    1.48850121e-03 6.63997419e-03 6.85754232e-03 5.33069996e-03
    2.98395846e-03 6.82051480e-03 5.70813194e-03 2.15050671e-03
    4.50037420e-03 1.56001956e-03 7.48787820e-03 2.16750870e-03
    5.48358914e-03 2.84343434e-04 2.50171870e-03 6.15857868e-03
    6.78545563e-04 2.64899596e-03 3.10232164e-03 7.53053976e-03
    1.02306576e-03 7.00734928e-03 6.60623657e-03 1.43748289e-03
    6.30225753e-03 5.75918285e-03 1.68300365e-04 2.66353972e-03
    7.56145408e-03 4.00744565e-03 5.90770738e-03 6.14931434e-03
    2.82165292e-03 7.11483555e-03 1.61311531e-03 6.35593059e-03
    6.72373595e-03 9.62084625e-04 6.11012755e-03 2.96931248e-03
    7.29895011e-03 2.36013162e-04 4.24074801e-03 1.31035584e-03
    2.79168133e-03 7.55869225e-03 6.41616108e-03 5.21602295e-03
    4.66197357e-03 5.86758181e-03 3.90786852e-04 3.64107150e-03
    7.27075734e-04 2.83123064e-03 4.75478591e-03 2.57629144e-04
    6.54895790e-03 4.84081072e-04 5.04792621e-03 6.79794326e-03
    3.45497578e-03 2.31011491e-03 5.91899408e-03 3.42396379e-04
    1.05373794e-03 5.75610995e-03 6.47009304e-03 5.56059461e-03
    3.40120797e-03 7.10362429e-03 6.22759806e-03 5.15863718e-03
    4.81745461e-04 5.33548463e-03 9.72572539e-04 1.96035439e-03
    1.97042827e-03 3.92429577e-03 6.87375851e-03 3.16122151e-03
    6.42566476e-03 7.70803681e-03 4.82291076e-03 6.56873826e-03
    4.02642973e-03 1.46570281e-04 3.91858676e-03 7.03132665e-03
    1.19840610e-03 4.05088766e-03 1.31257914e-03 5.96717419e-03
    4.24735341e-03 2.30240263e-03 1.12574358e-04 6.62564766e-03
    2.54612812e-03 3.23353335e-04 7.69995339e-03 8.26133939e-04
    1.99531391e-03 5.45251742e-03 3.75914015e-03 3.33845988e-03
    1.04907481e-03 3.36168660e-03 2.14435416e-03 6.13424275e-03
    7.39516504e-03 6.08895486e-03 5.07339416e-03 3.00836610e-03
    1.20607694e-03 2.88984994e-03 2.56939605e-03 4.25341679e-03
    4.49596765e-03 6.49889745e-03 2.79497425e-03 2.90935719e-03
    5.23268897e-03 2.54136277e-03 1.70882337e-03 3.29133659e-03
    1.96007802e-03 4.97979205e-03 1.06643687e-03 7.58997258e-03
    1.81965227e-03 7.51317246e-03 3.12987925e-03 2.65108276e-04
    2.97349016e-03 3.56652029e-03 4.12255712e-03 3.13024898e-03
    5.06369490e-03 1.22673414e-03 5.40855294e-03 1.25269487e-03
    7.45900488e-03 1.67107419e-03 2.26193268e-04 5.59780048e-04
    6.27127150e-03 2.17556441e-03 6.87760487e-03 2.45798775e-03
    3.94772273e-03 7.49222143e-03 3.16028972e-03 7.28645734e-03
    6.22725952e-03 3.75232287e-03 1.19890692e-03 5.79132466e-03
    4.04414861e-03 5.63279865e-03 3.09238327e-04 3.42212827e-03
    7.77932722e-03 6.32977299e-03 6.26669219e-03 4.57677699e-04
    2.24719825e-03 1.92282407e-03 3.43804434e-03 1.14042847e-03
    6.81500696e-03 5.67048695e-03 4.82850056e-03 4.21172613e-03
    4.33103507e-03 2.54552928e-03 4.89908922e-03 4.61897021e-03
    4.67178924e-03 2.41983077e-03 2.85460753e-03 3.10810545e-04
    1.11416006e-03 3.93261714e-03 2.18105270e-03 1.13228639e-03</data></test_hist>
<p_value>9.8999999999999999e-01</p_value>
<my_p>250</my_p>
<your_p>0</your_p>
</opencv_storage>
