<?xml version="1.0"?>
<opencv_storage>
<test_hist type_id="opencv-matrix">
  <rows>256</rows>
  <cols>1</cols>
  <dt>f</dt>
  <data>
    7.40974722e-03 1.11666659e-03 7.40737328e-03 7.29791215e-03
    6.74371142e-03 2.42026779e-03 3.69834743e-04 6.37665391e-03
    2.38506519e-03 4.40095412e-03 1.52154395e-03 1.95363624e-04
    4.41182265e-03 3.55597446e-03 2.15072278e-03 4.33238363e-03
    7.24296691e-03 4.33128793e-03 6.81373896e-03 7.22572207e-03
    2.56828358e-03 4.57584718e-03 5.31568425e-03 4.41064499e-03
    6.27801893e-03 6.04426907e-03 4.48289094e-03 2.60249712e-03
    1.40961597e-03 3.81301483e-03 4.94060712e-03 6.40405994e-03
    5.92543790e-03 6.28612284e-03 1.91449968e-03 1.06724049e-03
    6.83334703e-03 1.68739376e-03 6.00269157e-03 1.26624492e-03
    6.93363510e-03 6.00045780e-03 7.23134354e-03 2.91460520e-03
    6.98257191e-03 3.91783286e-03 7.38988351e-03 6.33528281e-04
    2.95671541e-03 3.24437674e-03 4.84430231e-04 5.96485275e-04
    1.32423453e-03 5.59751410e-03 4.66322905e-04 4.39381832e-03
    2.81255669e-03 3.13675147e-03 5.18560084e-03 5.05346199e-03
    5.91401756e-03 1.67991186e-03 1.76539435e-03 4.30097431e-03
    2.48887204e-03 7.55299116e-03 8.18919856e-04 6.17395854e-03
    6.52789837e-03 6.81673829e-03 2.82257050e-03 6.80919737e-03
    5.64890075e-03 1.14907231e-03 4.13827132e-03 3.59307160e-03
    4.04310273e-03 1.95371849e-03 2.14490644e-03 1.41740707e-03
    1.73515256e-03 2.55779829e-03 5.73469559e-03 6.73746550e-03
    4.15028958e-03 5.81841450e-03 6.72853133e-03 2.76947534e-03
    7.46483402e-03 1.24485022e-03 5.58864884e-03 2.60703429e-03
    5.16390987e-03 3.68495332e-03 3.19583924e-03 1.82124448e-03
    4.53764992e-03 5.10595320e-03 3.17063997e-03 1.34313898e-03
    2.76938593e-03 4.11381386e-03 2.50827195e-03 5.90575207e-03
    4.08782973e-04 1.82019966e-03 5.44237206e-03 1.18863850e-03
    6.88814791e-03 3.08801420e-03 5.92161249e-03 3.72264476e-04
    1.85228535e-03 2.82710930e-03 2.79264431e-03 7.35882809e-03
    3.42580373e-03 2.17359536e-03 4.10620077e-03 6.17419509e-03
    3.18133458e-03 9.77854943e-05 6.86969608e-03 4.33487352e-03
    6.41389051e-03 3.65222106e-04 7.39895785e-03 2.82062538e-05
    9.83625418e-04 6.67625247e-03 6.06514420e-03 5.62459405e-04
    7.04615936e-03 5.27434191e-03 3.73646570e-03 5.24002500e-03
    7.61318428e-04 9.82450205e-04 3.33019719e-03 4.55874251e-03
    3.29331937e-03 4.98503912e-03 1.55206944e-03 1.71008473e-03
    5.16228052e-03 5.62078459e-03 3.84841277e-03 4.42055566e-03
    4.44671256e-04 1.46914448e-04 1.14008912e-03 6.37170160e-03
    1.50014739e-03 3.30947479e-03 3.64665547e-03 2.84410897e-04
    5.55245951e-03 3.02536367e-03 2.85876566e-03 5.95748937e-03
    4.63744858e-03 7.19581312e-03 6.58522639e-03 3.98597959e-03
    1.62933531e-04 1.22353854e-03 6.36252901e-03 3.93710472e-03
    1.04671333e-03 2.13044207e-03 6.79167779e-03 3.08313151e-03
    3.13202222e-03 6.22256845e-03 5.28258318e-03 4.89722658e-03
    6.52526133e-03 3.71727184e-03 4.30526957e-03 4.62397793e-03
    7.42448494e-03 2.42638681e-03 4.40852391e-03 5.22537855e-03
    6.73972117e-03 5.84307034e-03 6.26140647e-03 9.08923044e-04
    2.51450296e-03 1.93354639e-03 3.07550770e-03 1.78585481e-03
    3.09000537e-03 4.44638496e-03 2.01068958e-03 2.02143285e-03
    6.88845105e-03 1.84091995e-03 4.00588522e-03 6.44232193e-03
    4.81273234e-03 9.90950735e-04 3.78822093e-03 6.04744861e-03
    6.62710844e-03 5.39426971e-03 2.55705975e-03 2.39031506e-03
    6.45634159e-03 6.71410933e-03 9.36263998e-04 4.85846493e-03
    4.00511129e-03 1.69017015e-03 3.02341231e-03 6.62765706e-06
    7.54160527e-03 2.02910253e-03 1.87374989e-03 4.58480604e-03
    5.70114655e-03 2.87662406e-04 4.37545823e-03 2.58764857e-03
    5.08744922e-03 6.12842478e-03 5.11810137e-03 7.54523324e-03
    4.45122924e-03 2.47710454e-03 6.12440566e-03 1.16273062e-03
    3.69719509e-03 4.07557189e-03 5.10754250e-03 1.28694205e-03
    2.76840408e-03 2.79510394e-03 7.03200977e-03 1.84403500e-03
    7.22998520e-03 3.87104671e-03 7.31737295e-04 2.20972858e-03
    6.96051493e-03 5.86024253e-03 1.09971664e-03 5.13225095e-03
    3.42430035e-03 4.33955155e-03 1.53823011e-03 7.10480008e-03
    4.39992454e-03 1.17585366e-03 4.54339432e-03 1.66494411e-03</data></test_hist>
<p_value>1.4000000000000001e-01</p_value>
<my_p>31</my_p>
<your_p>0</your_p>
</opencv_storage>
