<?xml version="1.0"?>
<opencv_storage>
<test_hist type_id="opencv-matrix">
  <rows>256</rows>
  <cols>1</cols>
  <dt>f</dt>
  <data>
    4.73713223e-03 6.68140454e-03 2.95756059e-03 2.48103216e-03
    5.06329164e-03 7.51313195e-03 7.05567142e-03 2.67173722e-03
    5.76075492e-03 5.06377639e-03 2.72539235e-03 1.56729179e-03
    4.94084833e-03 1.49977832e-05 7.06108566e-03 1.81791815e-03
    4.72720060e-03 4.61455807e-03 3.16928769e-03 4.48419945e-03
    1.57303177e-03 3.30588617e-03 6.96188910e-03 3.45701748e-03
    3.47464788e-03 2.08807597e-03 5.42257726e-03 5.54897822e-03
    3.57672130e-03 3.15603218e-04 1.80123840e-03 4.08712029e-03
    7.33366050e-03 5.86202228e-03 3.21421097e-03 2.39844038e-03
    2.49373005e-03 2.35000066e-03 3.34326900e-03 2.95862020e-03
    2.04097060e-03 1.97718095e-04 2.43450375e-03 6.54064491e-03
    8.47068266e-04 7.41581852e-03 5.21940971e-03 6.71244133e-03
    3.83994915e-03 1.30711461e-03 4.99623735e-03 6.69005839e-03
    5.84477093e-03 8.24991497e-04 1.01011095e-03 5.67528885e-03
    3.64676444e-03 1.04679179e-03 6.65225089e-03 5.35455160e-03
    5.42013859e-03 2.29968806e-03 6.43208902e-03 2.50532199e-03
    5.25685318e-04 7.60437164e-04 2.80615175e-03 5.92054660e-03
    6.15022704e-03 6.17028028e-03 2.11793697e-03 4.15007956e-03
    3.09415534e-03 5.58481459e-03 6.90678135e-03 6.54267671e-04
    6.83362689e-03 4.17356752e-03 1.93302229e-03 2.82715238e-03
    5.09287696e-03 3.90377408e-03 7.09569082e-03 3.21886549e-03
    7.29852868e-03 3.19173094e-03 6.17512129e-03 3.84859671e-03
    5.89895155e-03 2.53572525e-03 5.89939812e-03 2.42863619e-03
    2.44614249e-03 1.91197882e-03 4.04676655e-03 2.15882249e-03
    5.30353468e-03 6.41470449e-03 6.20963378e-03 3.98042193e-03
    4.98904241e-03 3.06253927e-03 4.04037826e-04 3.47830611e-03
    3.47449305e-03 6.28171349e-03 6.19783023e-05 7.56401988e-03
    2.05792021e-05 2.25356850e-03 4.20679525e-03 2.95325438e-03
    7.19048129e-03 2.25694478e-03 5.60236163e-03 1.30590727e-03
    5.45943761e-03 2.43212958e-03 3.63772060e-03 5.66435279e-03
    4.43075690e-03 6.83427462e-03 2.67473143e-03 2.03626486e-03
    6.87018689e-03 1.34168705e-03 3.16531002e-03 6.34609768e-03
    1.68957037e-03 1.24847412e-03 2.98745785e-04 6.25324482e-03
    3.17589077e-03 6.34048693e-03 9.92357614e-04 5.27619896e-03
    5.50389197e-03 9.19521961e-04 3.23117041e-04 4.15014056e-03
    5.91894845e-03 6.12793118e-03 4.17929795e-03 2.63868994e-03
    3.18553858e-03 9.19567130e-04 3.15026077e-03 3.24533298e-03
    4.79935296e-03 5.29969903e-03 2.26295018e-03 9.98440082e-04
    4.79054963e-03 6.76636072e-03 5.84893813e-03 3.01666092e-03
    3.20674200e-03 6.26470521e-03 5.03591215e-03 5.97097166e-03
    6.74972124e-03 3.14178318e-03 6.95135386e-04 6.72640000e-03
    1.96440681e-03 1.13772112e-03 1.58778857e-03 5.41141955e-04
    4.56256932e-03 2.58000474e-03 1.93295593e-03 5.72044868e-03
    6.45182095e-03 3.76050686e-03 5.88437775e-03 5.99033060e-03
    5.10989549e-03 4.76472033e-03 2.21175561e-03 1.08147669e-03
    1.93082797e-03 1.41964084e-03 6.38614316e-03 7.49347266e-03
    5.80317853e-03 1.15579915e-05 2.85330322e-03 6.95174281e-03
    6.84765633e-03 1.58095104e-03 4.94692381e-03 3.06896865e-03
    3.65051383e-04 7.12034712e-03 6.08675601e-03 4.32355609e-03
    1.48471235e-03 2.85028480e-03 3.51420348e-03 6.97911019e-03
    1.88946421e-03 1.09192182e-03 2.90090125e-03 7.52210245e-03
    4.04532859e-03 4.42543859e-03 4.88255406e-03 3.07624927e-03
    3.27669061e-03 5.90205891e-03 8.94414261e-04 4.81304200e-03
    2.34797655e-04 1.84560684e-03 4.22039488e-03 1.79445324e-03
    4.57467418e-03 8.96259735e-04 1.77069253e-03 7.47838663e-03
    5.16725658e-03 3.83073464e-03 5.97960129e-03 3.10713123e-03
    6.15141960e-03 7.62356119e-03 2.59553688e-03 6.18390413e-03
    4.37784335e-03 4.19143215e-03 7.54841696e-03 6.35940442e-03
    1.27135694e-03 8.09822348e-04 1.61152086e-04 4.13947599e-03
    3.96096846e-03 6.50147675e-03 7.12978654e-03 3.86184361e-03
    2.48988904e-03 6.03506528e-03 5.76311117e-03 1.54180557e-03
    2.99016898e-03 5.77683933e-03 2.48509785e-03 6.49431814e-03
    5.41505544e-03 1.87747891e-03 2.21420988e-03 3.74017144e-03
    7.29923928e-03 3.29582277e-03 1.49350078e-03 8.91542528e-04</data></test_hist>
<p_value>1.0000000000000001e-01</p_value>
<my_p>23</my_p>
<your_p>0</your_p>
</opencv_storage>
