<?xml version="1.0"?>
<opencv_storage>
<test_hist type_id="opencv-matrix">
  <rows>256</rows>
  <cols>1</cols>
  <dt>f</dt>
  <data>
    2.33190181e-03 3.81835713e-03 1.29690720e-03 2.22698692e-03
    6.06137095e-03 4.90437262e-03 7.01973448e-03 8.14136118e-04
    6.63439836e-03 5.47819957e-03 6.20419439e-03 6.48062851e-04
    6.98398380e-03 7.19061587e-03 9.35730277e-05 6.64124871e-03
    1.13377313e-03 4.66860225e-03 2.83224927e-03 6.99616689e-03
    3.06386221e-03 6.22953149e-03 2.40588188e-03 7.39813503e-03
    5.45611558e-03 6.27296185e-03 4.48760856e-03 7.26708397e-03
    5.81347523e-03 3.29573662e-03 2.39198329e-03 1.66092371e-03
    6.68084947e-03 5.64016262e-03 4.00099950e-03 4.44710575e-04
    1.48515246e-04 2.05372414e-03 5.12361620e-03 5.99651644e-03
    4.69544576e-03 1.01589612e-04 2.89244647e-03 5.81600098e-03
    8.20634945e-04 5.86747052e-03 3.62855499e-04 1.64597144e-03
    6.57588523e-03 6.97614020e-03 6.92094536e-03 7.20026996e-03
    4.20620013e-03 2.70272116e-03 6.53343787e-03 7.41897104e-03
    6.77897269e-03 2.80558853e-03 2.06900877e-03 4.42576781e-03
    6.60649559e-04 1.55286549e-03 1.77500909e-03 6.96104486e-03
    2.78209243e-03 6.42160466e-03 4.06750292e-03 4.85410960e-03
    3.25820944e-03 3.89340497e-03 1.33544527e-04 6.32389961e-03
    3.57861922e-04 7.24403560e-03 5.52098034e-03 4.38855169e-03
    9.29044792e-04 3.68408323e-03 2.36671488e-03 4.83312178e-03
    2.80318176e-03 5.62259927e-03 6.44109503e-04 4.74028988e-03
    6.77833240e-03 6.54054247e-03 4.76343790e-03 7.03027239e-03
    4.29270044e-03 1.34703738e-03 2.04202742e-03 5.71307680e-03
    4.69825603e-03 5.05529111e-04 4.00588103e-03 7.24912900e-03
    2.22408748e-03 5.62465331e-03 7.18624098e-03 3.67415347e-03
    4.28356323e-03 1.43544356e-04 6.56255102e-03 5.94756240e-03
    4.37538285e-04 1.89373235e-03 4.38511698e-03 5.78195183e-03
    1.46830012e-03 2.43913592e-03 7.06871413e-03 3.61260562e-03
    4.73892083e-03 5.76807046e-03 2.19237595e-03 1.08294422e-04
    5.88095700e-03 3.82336462e-03 6.65010326e-03 9.44623142e-04
    4.15969873e-03 2.17073294e-03 6.40143221e-03 1.02131628e-04
    2.58354191e-03 4.01021726e-03 6.48505427e-03 6.49530953e-03
    2.21739314e-03 5.57291275e-03 7.37614138e-03 2.85813655e-03
    4.10834653e-03 2.70830677e-03 3.21882684e-03 6.46013999e-03
    3.52191180e-03 6.10479806e-03 4.30685701e-03 7.20284879e-03
    1.38567688e-04 5.83433639e-03 4.05711494e-03 7.08862301e-03
    3.79755115e-03 5.30500663e-03 5.14470320e-03 2.03870633e-03
    5.00462111e-03 7.36121554e-03 4.15754924e-03 5.42591000e-03
    1.72303407e-03 6.59468397e-03 2.29387172e-03 3.65813845e-03
    6.72057830e-03 2.49272375e-03 1.09723234e-03 1.05922541e-03
    2.27660919e-03 5.33378776e-03 6.56376034e-03 6.18222822e-03
    1.35191705e-03 4.87157702e-03 9.28271271e-04 2.28235987e-03
    5.48792863e-03 5.41984988e-03 9.39378515e-04 5.29626943e-03
    7.11528584e-03 3.76043608e-03 1.49676076e-03 3.32025788e-03
    2.17572250e-03 6.81296442e-05 2.70171324e-03 6.51685568e-03
    4.90756705e-03 1.31500035e-03 5.98189142e-03 2.38050334e-03
    3.08149518e-03 2.44877371e-03 5.96745731e-03 5.13809826e-03
    7.30327982e-03 1.38904923e-03 3.81510961e-03 5.33025130e-04
    4.03705426e-03 7.51340995e-04 6.04638131e-03 2.31261249e-03
    8.13517137e-04 1.64854119e-03 7.38476170e-03 3.15684965e-03
    5.69816306e-03 2.85534118e-03 8.23284558e-04 1.94904383e-03
    4.17238381e-03 4.34473949e-03 3.23311076e-03 3.51851486e-04
    3.09921708e-03 7.65871140e-04 6.15699356e-03 1.21481041e-03
    6.91473344e-03 1.69508159e-03 5.72959943e-05 3.18197440e-03
    5.12947212e-04 6.18523452e-03 5.51925553e-03 5.87210758e-03
    4.96811420e-03 6.72374899e-03 9.67217900e-04 2.22755969e-03
    3.94889899e-03 2.03112885e-03 1.40779346e-04 1.95700140e-03
    6.78571779e-03 6.87550614e-03 6.69459999e-03 6.37552328e-03
    5.38156880e-03 8.87300237e-04 5.06274821e-03 7.43119570e-04
    3.00246524e-03 7.29893241e-03 7.42837647e-03 2.73063197e-03
    4.29300824e-03 2.44661956e-03 3.53551796e-03 6.36967737e-03
    4.38557100e-03 2.52910570e-04 4.41142358e-03 6.35844981e-03
    6.53352472e-04 3.96545650e-03 3.58389691e-03 4.04387218e-04
    2.91911978e-03 1.95096363e-03 1.20404921e-03 2.61921249e-03</data></test_hist>
<p_value>8.0000000000000002e-02</p_value>
<my_p>19</my_p>
<your_p>0</your_p>
</opencv_storage>
