<?xml version="1.0"?>
<opencv_storage>
<test_hist type_id="opencv-matrix">
  <rows>256</rows>
  <cols>1</cols>
  <dt>f</dt>
  <data>
    7.39061926e-03 5.59510104e-03 9.42731684e-04 1.83443166e-03
    6.48768712e-03 6.40961062e-03 8.30683508e-04 2.72169965e-03
    7.02699553e-03 5.76574821e-03 3.19176354e-03 3.34103778e-03
    7.49024795e-03 6.93336828e-03 1.52839988e-03 6.26507332e-04
    4.61756397e-04 3.63605213e-03 3.59663041e-03 6.73219183e-05
    2.48752418e-03 6.03659963e-03 1.36614603e-03 7.33635062e-03
    1.70637527e-03 5.14013227e-03 2.01334571e-03 2.86309118e-03
    1.53800810e-03 4.20279801e-03 6.40858011e-03 5.73159475e-03
    6.47705793e-03 6.44479087e-03 2.70201825e-03 6.41902117e-03
    1.88529782e-03 7.47969048e-03 6.35838415e-03 7.03574950e-03
    7.10280787e-04 1.95572921e-03 3.11624678e-03 2.01202719e-03
    3.37731763e-04 1.54091523e-03 2.89544393e-03 4.10931278e-03
    1.47967963e-04 8.71872646e-04 4.06214414e-04 2.83939624e-03
    2.10913102e-04 5.46681415e-03 3.01946444e-03 5.91601618e-03
    4.53647226e-03 1.46982260e-03 5.35485474e-03 4.42763232e-03
    3.55456793e-03 6.26791827e-03 3.79778026e-03 2.08023726e-03
    7.30642071e-03 7.37151084e-03 2.57084076e-03 4.11004433e-03
    6.01818028e-04 9.24697670e-04 3.11987312e-03 1.85970112e-03
    1.05736639e-04 1.72366237e-03 4.28277440e-03 7.01215258e-03
    3.26022715e-03 6.66295784e-03 5.62453968e-03 6.17594691e-03
    3.94787453e-03 4.84618451e-03 2.18944019e-03 2.93483329e-03
    1.12234161e-03 7.06065958e-03 2.74625514e-03 2.56431173e-03
    5.91106806e-03 1.92519883e-03 1.23882329e-03 3.47793731e-03
    7.25649111e-03 1.91925978e-03 4.46227891e-03 2.83564860e-03
    4.56168409e-03 2.15687766e-03 5.02059283e-03 9.75636474e-04
    4.30439645e-03 6.68009836e-03 4.00324352e-03 4.55431966e-03
    3.94403748e-03 4.02881671e-03 7.25004310e-03 4.43321979e-03
    2.36924458e-03 7.06016133e-03 6.77913288e-03 6.06029341e-03
    2.16212007e-03 3.37168039e-03 1.16728828e-03 6.53890427e-03
    5.78170549e-03 2.68547074e-03 6.40332513e-03 2.40543042e-04
    4.35046386e-03 2.50934018e-03 6.38164300e-03 7.41824834e-03
    3.15449014e-03 4.47229110e-03 1.67101866e-03 2.51398771e-03
    7.63117196e-03 1.69681804e-03 2.34243227e-03 1.90172100e-03
    3.44547560e-03 3.50109814e-03 6.09728927e-03 2.68720160e-03
    3.22386133e-03 5.55773685e-03 1.06808636e-03 4.25267126e-03
    7.14043947e-03 1.63095188e-03 2.00231583e-03 6.05332991e-03
    1.96420937e-03 3.53230280e-03 3.66225722e-03 2.65220925e-03
    7.18043745e-03 1.82360620e-03 5.85515937e-03 5.16836671e-03
    6.46658661e-03 2.61610886e-03 2.88114208e-03 6.94436254e-03
    1.04832335e-03 4.01693769e-03 5.87603496e-03 7.77689333e-04
    1.68572320e-03 6.87337946e-03 4.55672992e-03 6.87166629e-03
    5.66103542e-03 3.91859561e-03 6.75466098e-03 4.98852646e-03
    5.51383058e-03 5.82688767e-03 3.93188035e-04 2.77451146e-03
    5.50166704e-04 4.55873786e-03 2.53222673e-03 7.85057375e-04
    7.37685477e-03 4.27451963e-03 1.36619026e-03 1.12442230e-03
    2.30191479e-04 1.28476974e-03 6.65782159e-03 7.48148095e-03
    1.29900477e-03 6.08307216e-03 3.68288951e-03 2.06485647e-03
    7.53703353e-04 5.61238360e-03 6.99119363e-03 5.18707326e-03
    5.00260526e-03 4.83649643e-03 6.12604106e-03 4.66960575e-03
    2.61017820e-03 5.34365012e-04 7.04701617e-03 3.24146380e-03
    1.60326925e-03 7.24649802e-03 5.46826841e-03 6.20097155e-03
    6.24145381e-03 3.00972024e-03 5.88580733e-03 7.19960360e-03
    2.39173812e-03 3.16107040e-03 4.46988223e-03 5.80520136e-03
    3.79782869e-03 5.37800603e-03 5.08636888e-03 7.51889357e-03
    5.42504108e-03 4.05940809e-04 8.57669394e-04 6.63019903e-03
    1.36987213e-03 1.42897083e-03 5.14972536e-03 7.02285627e-03
    3.24899051e-03 2.04069671e-04 4.98758536e-03 7.06317974e-03
    5.57169039e-03 4.22462728e-03 6.70902291e-03 6.17146166e-03
    5.72855445e-03 3.93836340e-03 3.02262162e-03 6.77388976e-04
    6.13810215e-03 4.24764119e-04 5.07162767e-04 5.60187409e-03
    4.12288960e-03 2.99835287e-04 4.60261572e-03 1.45871541e-03
    6.72470359e-03 4.45913943e-03 6.07656501e-03 1.26054126e-03
    2.80312588e-03 3.52828996e-04 2.16860883e-03 6.83164783e-03
    1.21777295e-03 1.18092797e-03 5.37966145e-03 6.89226435e-03</data></test_hist>
<p_value>3.1000000000000000e-01</p_value>
<my_p>83</my_p>
<your_p>0</your_p>
</opencv_storage>
