<?xml version="1.0"?>
<opencv_storage>
<test_hist type_id="opencv-matrix">
  <rows>256</rows>
  <cols>1</cols>
  <dt>f</dt>
  <data>
    2.62968033e-03 2.92662205e-03 5.09055564e-03 1.67872349e-03
    4.45479201e-03 7.43465126e-03 5.30156493e-03 6.53416710e-03
    7.22751487e-03 3.60741466e-03 3.43614677e-03 4.75572655e-03
    3.28492490e-03 3.08595528e-03 2.82764924e-03 1.70715305e-03
    3.18293250e-03 5.80895517e-04 3.81462683e-04 6.07312936e-03
    4.31184936e-03 4.43613715e-03 3.75124277e-03 1.17842853e-03
    4.59669856e-03 2.56101275e-03 6.61718426e-03 5.08833269e-04
    4.69518919e-03 2.83054844e-03 4.45680816e-05 4.74773999e-03
    2.19223974e-03 3.67932348e-03 3.63654410e-03 1.06644758e-03
    5.75081864e-03 1.81012612e-03 1.52566517e-03 4.31055017e-03
    7.31788063e-03 5.68837067e-03 4.78114467e-03 6.96871849e-03
    1.01992604e-03 6.21321192e-03 6.97444146e-03 7.20375637e-03
    5.49278408e-03 5.69016486e-03 3.45027912e-03 6.58232544e-04
    5.84923313e-04 7.57768110e-04 4.40342072e-03 3.59662529e-03
    4.35130997e-03 7.42790848e-03 1.97224063e-03 6.64006267e-03
    4.34396556e-03 7.48944283e-03 4.07668203e-03 2.33054068e-03
    2.08272878e-03 3.36843845e-03 3.79359559e-03 3.07640224e-03
    5.03904000e-03 8.81308748e-04 1.74566521e-04 2.97057373e-03
    7.07842549e-03 6.86732866e-03 5.96728595e-03 2.36590579e-03
    6.10486837e-03 4.07209806e-03 3.83225852e-03 1.84387737e-03
    6.25501620e-03 6.54672913e-04 2.17689830e-03 3.66091309e-03
    1.11113570e-03 3.55447968e-03 4.47712652e-03 3.97370709e-03
    6.32089749e-03 1.89935672e-03 1.56359887e-03 2.80400016e-03
    5.48477983e-03 6.30591903e-03 3.32772848e-03 1.93402055e-03
    3.60747939e-03 6.48404798e-03 3.96257592e-03 6.19941019e-03
    1.56131294e-03 6.26800396e-03 2.32292479e-03 1.93961174e-03
    6.33763149e-03 2.54443177e-04 6.03202544e-03 3.66674154e-03
    6.81242673e-03 7.54968217e-03 4.92539443e-03 9.01751220e-04
    6.60124561e-03 4.02216520e-03 5.72388107e-03 5.12711843e-03
    1.31362875e-03 6.61554793e-03 3.60750174e-03 6.73024496e-03
    6.91741891e-03 6.87095663e-03 4.62302892e-03 5.87238092e-03
    7.23768258e-03 6.14209101e-03 3.73179163e-03 9.95280803e-04
    6.88595185e-03 2.20609945e-03 7.29878899e-03 2.84532784e-04
    1.72796426e-03 2.64705857e-03 1.33800844e-03 3.96516436e-04
    1.85432530e-03 2.82268715e-03 3.23524652e-03 3.72311333e-03
    1.65325624e-03 7.48812780e-03 1.21295143e-05 6.22211397e-03
    3.08326469e-03 5.10643981e-03 4.19014785e-03 5.08211553e-03
    6.74498500e-03 1.03120215e-03 2.19239807e-03 2.05677090e-04
    1.67168700e-03 5.13930060e-03 1.29783541e-04 1.30195078e-03
    2.71034823e-03 1.89270556e-03 6.52191602e-03 6.05920888e-03
    3.63179529e-03 6.18508318e-03 7.25703966e-03 7.09463470e-03
    2.20094156e-03 5.46531845e-03 6.86804112e-03 4.26133163e-03
    2.37991312e-03 4.77582868e-03 5.29389223e-03 7.35719549e-03
    2.30966299e-03 1.13692702e-04 2.20363191e-03 7.54615059e-03
    1.09273172e-03 3.27524845e-03 2.77400063e-03 6.12558704e-03
    3.92960414e-04 1.50206281e-04 1.53776153e-03 1.91672205e-03
    2.75064446e-03 1.87501195e-04 4.38357145e-03 6.23021333e-05
    5.13091218e-03 5.75760379e-03 2.94687017e-03 6.31463574e-03
    5.37319575e-03 5.71046025e-03 2.40069814e-03 4.29332613e-05
    5.06161107e-03 9.59196132e-06 7.36369146e-03 5.04705124e-03
    2.63178651e-03 6.92379195e-03 7.19710393e-03 5.26964106e-03
    5.11668529e-03 6.19563274e-03 5.44882659e-03 6.30720332e-03
    2.32937792e-03 4.24166955e-03 5.26455697e-03 3.50584945e-04
    7.57284742e-03 5.15443785e-03 1.00247154e-03 4.48858691e-03
    6.29399857e-03 2.34157103e-03 2.83719087e-03 1.46315421e-03
    2.55423901e-03 5.52497897e-03 1.24505349e-03 3.70900426e-03
    6.25028973e-03 9.70407040e-04 1.10176904e-03 5.72651764e-03
    6.01611566e-03 1.84467179e-03 2.88829533e-03 1.06012588e-03
    4.94880136e-03 1.06621184e-03 3.65321932e-04 7.47090252e-03
    6.26992527e-03 5.88701246e-03 6.88391970e-03 5.86926704e-04
    4.63498244e-03 4.99817729e-03 1.82287861e-03 4.63225180e-03
    1.67251937e-03 6.78142486e-03 5.41316764e-03 4.04208759e-03
    2.59035686e-03 4.56833746e-03 2.99253222e-03 4.74191690e-03
    4.93432255e-03 5.57328155e-03 6.55942643e-03 3.76201421e-03</data></test_hist>
<p_value>1.4999999999999999e-01</p_value>
<my_p>41</my_p>
<your_p>0</your_p>
</opencv_storage>
