<?xml version="1.0"?>
<opencv_storage>
<L2_diff>3.1144983544705877e+02</L2_diff>
<contrast>5.6769049109442549e-01</contrast>
<brightness>-4.2269484654626299e-01</brightness>
<gamma>7.5533323687482512e-01</gamma>
<only_luma>1</only_luma>
<test_img type_id="opencv-matrix">
  <rows>10</rows>
  <cols>20</cols>
  <dt>"3u"</dt>
  <data>
    146 55 170 114 56 112 121 111 59 111 144 202 140 64 234 105 129 194
    103 193 226 136 115 161 104 163 213 30 121 50 190 12 166 156 1 30 8
    0 12 237 169 236 50 179 241 2 60 0 44 222 23 186 114 18 12 40 243
    215 20 79 253 69 164 227 55 197 194 254 193 102 10 27 152 37 27 138
    13 158 28 228 210 148 133 34 162 108 85 60 127 1 94 116 128 199 232
    218 27 97 230 53 121 85 206 165 69 153 241 133 228 156 126 85 1 18
    138 23 211 183 247 109 147 119 190 141 68 25 125 86 39 128 36 210 0
    54 89 15 196 50 161 231 60 84 57 9 57 209 149 250 95 73 135 223 170
    194 240 228 51 14 157 4 218 174 251 157 5 117 73 136 21 79 59 151
    247 131 140 147 41 101 184 1 196 2 125 166 215 222 142 205 13 252
    197 171 134 24 202 168 95 170 27 81 228 133 73 206 208 53 47 103 246
    246 240 197 115 200 83 166 249 34 220 241 67 91 131 247 157 182 248
    145 210 178 150 52 159 73 245 128 183 219 221 94 55 200 219 68 246
    171 230 36 138 237 6 212 85 168 217 152 168 1 180 63 126 18 82 209
    108 58 24 189 167 167 69 30 242 52 241 110 179 147 245 109 126 100
    34 153 212 204 105 144 186 146 36 219 112 121 27 76 25 164 100 83
    224 222 97 79 217 41 204 193 119 154 11 188 225 166 59 207 175 162
    33 199 125 170 54 75 165 38 185 129 219 188 71 72 183 178 63 155 66
    27 59 87 10 227 228 132 244 2 13 22 221 119 33 66 162 147 200 196 19
    136 155 186 91 87 14 218 28 33 195 68 48 16 127 152 99 75 113 145
    116 237 90 130 32 4 124 39 235 41 214 239 249 49 69 149 79 161 59
    125 236 217 50 59 136 23 162 74 2 65 90 74 225 213 136 109 254 2 231
    87 52 21 123 116 203 253 171 74 144 248 5 163 30 81 55 108 218 254
    232 242 113 106 122 233 182 77 159 8 92 155 18 143 74 118 179 66 166
    115 138 105 7 175 161 68 59 32 223 62 158 105 114 213 83 178 119 125
    29 245 80 62 108 191 187 73 144 169 44 188 123 65 120 109 206 252
    179 5 139 224 56 161 165 77 27 42 39 104 36 23 143 109 226 176 120 8
    109 66 92 202 135 197 172 114 2 7 87 221 248 73 30 185 241 92 27 110
    204 225 43 139 53 189 9 247 117 195 164 73 32 187 248 111 141 206
    174 9 182 65 213 11 162 89 80 148 116 176 199 236 224 47 154 97 138
    74 163 55 208 15 244 164 186 5 49 23 250 42 44 134 31 254 79 207 232
    31 215 216 77 226 133 85 70 177 80 153 190 104</data></test_img>
<my_img type_id="opencv-matrix">
  <rows>10</rows>
  <cols>20</cols>
  <dt>"3u"</dt>
  <data>
    0 0 0 0 0 0 0 0 0 7 10 14 17 8 28 5 7 10 11 21 24 0 0 0 9 14 19 0 0
    0 8 1 7 0 0 0 0 0 0 29 21 29 6 23 31 0 0 0 4 23 2 6 4 1 2 5 32 19 2
    7 36 10 23 25 6 22 28 37 28 0 0 0 0 0 0 0 0 0 3 25 23 0 0 0 0 0 0 0
    0 0 0 0 0 23 27 25 3 11 26 0 0 0 15 12 5 20 31 17 25 17 14 0 0 0 12
    2 18 25 34 15 6 5 8 0 0 0 0 0 0 11 3 17 0 0 0 1 11 3 19 27 7 0 0 0 5
    17 12 35 13 10 14 23 18 25 30 29 0 0 0 0 21 17 35 22 1 0 0 0 0 0 0
    20 34 18 0 0 0 3 5 0 11 0 7 17 22 23 10 15 1 36 28 24 9 2 14 0 0 0 3
    9 25 10 5 15 16 4 4 14 33 33 30 25 15 13 5 11 34 5 30 31 9 12 18 34
    21 25 34 20 17 15 12 0 0 0 33 17 24 22 22 9 5 19 21 9 33 23 26 4 16
    29 1 26 8 16 20 0 0 0 3 1 2 1 7 17 0 0 0 8 7 7 9 4 31 7 31 14 24 20
    33 0 0 0 3 13 18 15 7 10 6 5 1 21 11 12 0 0 0 0 0 0 23 23 10 7 20 4
    15 14 8 6 0 7 24 18 6 16 13 12 2 12 8 0 0 0 5 1 6 13 21 18 2 2 5 3 1
    2 0 0 0 10 1 25 30 17 32 0 0 0 22 12 3 0 0 0 13 12 1 5 5 6 0 0 0 21
    3 3 10 4 3 0 0 0 0 0 0 18 14 29 0 0 0 0 0 0 28 5 26 33 34 7 0 0 0 0
    0 0 29 26 6 0 0 0 0 0 0 0 0 0 24 23 14 16 37 0 27 10 6 0 0 0 29 36
    24 10 20 34 0 0 0 0 0 0 31 37 33 31 15 14 14 27 21 0 0 0 0 0 0 0 0 0
    3 1 3 0 0 0 0 1 1 0 0 0 23 6 16 9 10 19 1 3 2 17 4 33 0 0 0 9 8 3 0
    0 0 7 5 2 9 8 15 36 25 1 15 23 6 0 0 0 0 0 0 0 0 0 15 12 24 2 1 0 0
    0 0 14 9 13 0 0 0 1 9 22 34 10 4 24 31 12 2 8 15 24 5 15 2 8 0 34 16
    26 0 0 0 26 34 15 11 15 13 0 4 2 19 1 14 0 0 0 7 11 12 29 27 6 0 0 0
    0 0 0 27 2 32 6 6 0 7 3 35 0 0 0 4 37 11 24 27 4 20 20 7 24 14 9 1 2
    1 7 8 4</data></my_img>
<your_img type_id="opencv-matrix">
  <rows>10</rows>
  <cols>20</cols>
  <dt>"3u"</dt>
  <data>
    0 0 0 0 0 0 0 0 0 3 3 7 19 19 25 1 1 2 5 5 21 0 0 0 5 5 13 0 0 0 0 0
    0 0 0 0 0 0 0 9 9 26 9 9 29 0 0 0 0 0 0 0 0 0 25 25 30 0 0 0 0 0 0 3
    3 4 0 0 2 0 0 0 0 0 0 0 0 0 1 1 11 0 0 0 0 0 0 0 0 0 0 0 0 1 2 16 14
    14 23 0 0 0 0 0 0 0 0 0 0 0 0 0 0 0 11 11 12 0 0 0 0 0 0 0 0 0 0 0 0
    10 10 11 0 0 0 0 0 0 0 0 0 0 0 0 0 0 0 0 0 0 0 0 0 1 2 22 0 0 0 0 0
    0 0 0 0 0 0 0 0 0 0 0 0 0 0 0 0 0 0 0 0 0 0 3 3 18 0 0 0 0 0 0 6 6 7
    0 0 0 15 15 22 7 7 9 0 0 0 1 1 32 0 0 0 0 0 0 15 15 17 0 0 0 0 0 0 0
    0 0 0 0 0 0 0 0 0 0 0 0 0 0 4 4 17 0 0 0 0 0 0 12 12 13 5 5 15 0 0 0
    0 0 0 7 7 11 0 0 0 0 0 0 26 26 30 0 0 0 13 13 31 0 0 0 5 5 13 0 0 0
    0 0 0 0 0 0 0 0 0 0 0 0 0 0 0 0 0 0 0 0 0 0 0 0 0 0 0 0 0 0 0 0 0 0
    0 0 0 0 0 0 0 0 0 0 0 0 0 0 0 0 0 20 20 21 15 15 31 0 0 0 0 0 0 0 0
    0 0 0 0 0 0 0 0 0 0 0 0 0 0 0 0 0 0 0 0 0 0 15 15 27 0 0 0 0 0 0 11
    12 14 0 0 0 0 0 0 0 0 0 0 0 0 0 0 0 0 0 0 0 0 0 0 0 0 0 0 0 0 0 0 0
    0 0 0 0 0 14 14 33 0 0 0 0 0 0 0 0 24 0 0 0 0 0 0 0 0 0 0 0 0 0 0 0
    0 0 0 0 0 0 0 0 0 0 0 0 0 0 0 7 7 13 0 0 0 28 28 31 0 0 0 0 0 0 0 0
    0 0 0 0 5 5 9 0 0 0 0 0 0 0 0 0 0 0 0 0 0 0 12 12 21 0 0 0 0 0 0 2 2
    4 0 0 0 12 12 18 0 0 0 0 0 0 5 5 8 0 0 0 0 0 0 2 2 3 0 0 0 0 0 0 0 0
    0 0 0 0 0 0 0 0 0 0 2 2 5 0 0 0 0 0 0 0 0 0 29 29 31 0 0 0 31 31 34
    0 0 0 0 0 0 0 0 0 0 0 0 0 0 0 0 0 0 0 0 0</data></your_img>
</opencv_storage>
