<?xml version="1.0"?>
<opencv_storage>
<L2_diff>3.1070415188728971e+03</L2_diff>
<contrast>1.1652171134110010e+00</contrast>
<brightness>5.7314186195661687e-01</brightness>
<gamma>1.9530440222765313e+00</gamma>
<only_luma>1</only_luma>
<test_img type_id="opencv-matrix">
  <rows>10</rows>
  <cols>20</cols>
  <dt>"3u"</dt>
  <data>
    161 11 197 72 131 34 214 138 90 91 31 99 8 165 97 144 33 127 120 64
    93 246 246 167 209 47 142 176 128 118 77 8 47 30 177 86 47 2 146 200
    174 225 0 46 176 214 252 98 96 6 108 36 250 209 206 246 84 185 199
    134 82 205 83 239 179 131 155 88 108 29 240 247 131 202 248 135 48
    79 116 24 198 47 69 121 53 95 14 111 177 234 90 246 25 45 202 178
    101 204 226 216 22 117 9 116 224 2 119 185 98 135 80 75 211 133 191
    23 167 0 90 44 199 31 214 177 90 35 42 29 94 225 226 125 150 1 89 10
    200 141 100 106 34 7 185 130 209 105 5 241 0 152 40 165 131 192 194
    106 23 55 117 147 80 69 126 172 176 21 62 207 229 146 11 40 80 86
    122 159 116 174 186 40 73 206 104 181 86 177 62 221 84 164 97 111
    185 194 238 186 42 27 164 235 45 93 196 118 114 12 172 28 177 61 54
    26 167 148 162 48 223 82 107 190 66 45 220 27 132 148 157 98 89 250
    217 160 141 171 107 205 120 253 132 247 39 43 28 207 28 102 135 233
    253 88 194 125 30 30 10 236 139 19 108 221 203 178 24 151 106 210
    118 199 109 247 123 23 145 132 45 41 254 147 125 122 83 95 241 21
    162 221 25 217 104 75 185 4 22 164 173 11 185 12 233 251 7 43 58 73
    223 192 3 203 182 17 19 143 204 7 195 87 35 249 86 74 7 19 105 68
    241 200 152 72 67 4 49 152 183 224 48 189 71 69 41 198 85 182 166
    193 139 200 173 40 164 145 183 137 229 168 45 32 110 203 140 144 234
    185 222 79 46 196 6 21 137 234 15 101 191 19 204 4 52 93 211 98 129
    92 14 208 221 179 209 137 123 183 196 87 205 29 37 200 111 21 186 22
    92 97 36 151 132 104 252 49 227 9 146 244 111 135 161 183 100 242 2
    75 152 186 157 77 11 65 27 77 163 114 253 23 175 231 58 43 22 162 77
    46 115 177 71 75 125 0 108 251 161 198 239 62 181 54 237 14 73 69 38
    10 159 8 169 135 168 10 238 168 120 27 200 32 107 156 141 42 101 175
    104 60 98 97 161 225 199 181 22 79 123 118 202 35 213 217 92 98 212
    82 4 56 52 81 170 91 60 170 49 36 207 153 170 47 251 139 15 216 144
    2 134 241 171 12 133 224 102 158 33 156 233 216 148 246 233 247 138
    15 226 80 219 137 61 225 83 161 107 200 100 141 8 47 105 35 206 88
    232 124 177 173 149 90 234 142 223 70 167 119 213 163 107 216 214 86
    84 210 201 146 244 5 26 252 36 252 117 130 57 203 233 79 83 68 243
    117 116 207 41 100 12 164 143 97</data></test_img>
<my_img type_id="opencv-matrix">
  <rows>10</rows>
  <cols>20</cols>
  <dt>"3u"</dt>
  <data>
    255 18 255 125 227 59 255 230 150 177 60 193 13 255 161 243 56 215
    214 114 166 255 255 255 255 78 236 255 211 195 175 18 107 49 255 142
    79 3 246 255 255 255 0 76 255 255 255 170 179 11 202 62 255 255 255
    255 144 255 255 222 136 255 138 255 255 224 255 147 180 50 255 255
    226 255 255 232 82 136 192 40 255 84 123 215 106 189 28 188 255 255
    155 255 43 75 255 255 170 255 255 255 37 196 15 195 255 3 196 255
    168 232 137 125 255 222 255 38 255 0 185 90 255 52 255 255 148 58 84
    58 188 255 255 211 252 2 149 17 255 233 188 200 64 12 255 214 255
    175 8 255 0 255 66 255 217 255 255 175 41 99 211 247 135 116 208 255
    255 35 103 255 255 247 19 85 169 182 203 255 193 255 255 66 121 255
    173 255 142 255 104 255 141 255 161 184 255 255 255 255 69 45 255
    255 76 154 255 195 188 20 255 46 255 101 89 43 255 245 255 80 255
    138 180 255 109 74 255 45 221 246 255 163 154 255 255 255 233 255
    178 255 199 255 229 255 141 155 101 255 47 169 234 255 255 145 255
    206 151 151 50 255 237 32 181 255 255 255 40 249 176 255 196 255 188
    255 208 39 245 228 78 71 255 255 217 217 147 169 255 36 255 255 42
    255 171 124 255 7 36 255 255 18 255 21 255 255 20 121 163 123 255
    255 5 255 255 29 32 242 255 12 255 150 60 255 182 156 15 36 199 129
    255 255 255 171 159 10 81 250 255 255 81 255 171 166 99 255 141 255
    255 255 229 255 255 66 255 239 255 232 255 255 83 59 204 255 232 239
    255 255 255 131 76 255 10 36 234 255 25 172 255 32 255 8 105 188 255
    163 215 153 23 255 255 255 255 226 203 255 255 144 255 48 61 255 183
    35 255 43 181 191 60 253 221 180 255 85 255 15 246 255 191 232 255
    255 165 255 3 128 251 255 255 175 25 148 45 128 255 198 255 40 255
    255 98 71 36 255 140 84 209 255 117 124 220 0 190 255 255 255 255
    106 255 92 255 24 172 163 90 17 255 13 255 223 255 17 255 255 199 45
    255 53 178 255 240 71 172 255 172 99 163 161 255 255 255 255 39 140
    218 195 255 58 255 255 154 163 255 137 12 162 150 134 255 150 99 255
    81 60 255 254 255 81 255 232 25 255 243 3 227 255 255 21 224 255 172
    255 55 255 255 255 251 255 255 255 233 25 255 134 255 230 103 255
    140 255 177 255 170 240 14 89 199 66 255 149 255 204 255 255 253 153
    255 239 255 118 255 198 255 255 179 255 255 144 140 255 255 243 255
    9 45 255 62 255 203 226 99 255 255 134 142 117 255 194 193 255 79
    194 23 255 237 161</data></my_img>
<your_img type_id="opencv-matrix">
  <rows>10</rows>
  <cols>20</cols>
  <dt>"3u"</dt>
  <data>
    255 255 255 90 91 186 115 117 251 230 230 255 91 92 255 255 255 255
    191 191 255 12 17 255 254 255 255 141 143 255 195 195 201 75 76 246
    255 255 255 130 133 255 255 255 255 3 7 255 255 255 255 8 9 255 9 12
    244 66 69 255 48 49 243 89 92 255 178 179 255 26 26 255 90 93 255
    193 194 238 255 255 255 209 210 255 102 102 162 128 130 255 6 7 175
    73 74 255 82 84 255 255 255 255 222 222 255 193 193 255 113 113 239
    52 53 255 255 255 255 128 128 197 255 255 255 121 122 187 227 227
    255 33 37 255 249 249 250 67 67 255 109 109 186 82 82 255 89 90 152
    255 255 255 105 106 255 65 67 255 222 222 255 155 156 227 114 116
    255 255 255 255 68 69 159 169 169 246 106 107 255 52 54 193 51 52
    255 234 235 255 33 33 244 171 172 255 101 105 255 148 149 178 16 18
    199 66 67 255 255 255 255 66 67 217 255 255 255 74 75 202 184 185
    255 147 148 199 255 255 255 100 102 255 8 10 255 154 156 255 56 58
    255 209 213 255 149 149 179 236 236 255 38 42 255 70 71 255 139 139
    158 77 78 168 51 53 255 255 255 255 50 52 255 248 251 255 255 255
    255 160 160 194 124 126 255 173 174 255 255 255 255 255 255 255 255
    255 255 255 255 255 255 255 255 38 38 255 178 178 214 46 48 255 73
    73 255 255 255 255 255 255 255 255 255 255 110 110 154 133 133 225
    70 74 255 111 111 151 145 146 255 255 255 255 141 142 194 239 240
    255 75 77 255 62 64 193 155 157 255 35 38 255 240 240 255 142 144
    255 111 116 255 255 255 255 255 255 255 248 249 255 255 255 255 203
    203 255 183 184 255 255 255 255 116 120 255 186 188 255 254 255 255
    255 255 255 255 255 255 166 166 255 122 123 255 2 4 203 255 255 255
    171 173 255 74 76 255 232 232 234 89 91 255 212 212 222 235 235 255
    1 3 173 20 22 214 255 255 255 230 230 255 169 169 234 255 255 255
    139 143 255 255 255 255 11 12 162 139 139 190 59 59 155 161 163 255
    23 23 255 255 255 255 190 191 255 220 221 255 128 129 216 207 208
    255 78 83 255 200 200 255 39 40 187 38 41 253 41 42 242 161 161 207
    84 85 252 68 68 203 61 62 255 255 255 255 255 255 255 255 255 255 53
    54 160 32 34 255 255 255 255 49 53 255 37 44 255 255 255 255 43 45
    255 29 29 243 220 222 255 70 70 155 110 110 187 255 255 255 106 108
    255 255 255 255 29 30 228 210 212 255 231 233 255 162 163 244 67 70
    255 173 173 176 255 255 255 104 105 213 21 23 238 255 255 255 211
    212 255 97 98 160 114 115 255</data></your_img>
</opencv_storage>
