<?xml version="1.0"?>
<opencv_storage>
<L2_diff>3.2633732547779455e+03</L2_diff>
<contrast>1.5642062903103195e+00</contrast>
<brightness>-1.3494037631054834e-01</brightness>
<gamma>6.2124173791808612e-01</gamma>
<only_luma>1</only_luma>
<test_img type_id="opencv-matrix">
  <rows>10</rows>
  <cols>20</cols>
  <dt>"3u"</dt>
  <data>
    210 22 65 105 162 160 25 82 199 125 211 201 211 230 4 235 93 250 132
    56 139 133 168 14 176 47 177 76 33 39 59 241 11 230 199 240 43 214
    157 168 118 187 55 222 69 18 234 206 74 32 195 34 156 55 93 18 50 69
    232 185 195 228 104 129 186 177 94 0 133 121 85 192 161 209 147 193
    134 157 21 74 162 117 52 112 161 201 183 15 231 12 23 201 211 76 242
    214 70 200 103 109 194 215 58 253 87 225 253 214 250 76 63 103 73
    126 124 76 102 190 108 48 195 99 34 92 51 219 65 201 240 197 90 54
    160 20 106 99 20 189 36 40 214 175 14 214 152 164 124 49 34 40 17 89
    234 0 5 150 213 242 23 48 131 212 237 131 49 158 107 219 244 147 102
    15 49 247 91 194 243 179 2 175 72 22 97 90 63 218 247 5 26 252 233
    111 175 60 10 3 238 222 8 105 43 250 161 117 247 85 44 147 106 139
    130 178 187 29 154 216 236 190 92 220 176 17 69 50 150 142 132 55
    166 251 162 22 67 191 78 169 174 166 75 30 248 81 40 193 141 26 177
    22 38 74 211 235 131 16 193 45 195 121 148 76 95 91 234 141 62 59
    147 163 228 4 118 250 85 239 92 102 113 53 132 239 75 82 78 46 237
    206 204 144 141 81 174 53 133 211 167 129 191 28 56 59 191 202 248
    85 120 123 125 169 132 248 187 122 207 89 120 252 67 22 54 171 175
    201 164 221 252 191 90 101 17 28 224 194 180 1 189 232 98 166 239
    208 117 161 152 165 63 242 143 134 106 60 246 7 99 39 197 26 88 146
    189 95 38 141 134 220 119 209 68 172 18 99 228 170 81 160 227 45 138
    221 220 186 110 76 14 188 7 199 240 40 236 180 95 243 157 164 25 41
    185 84 210 222 46 112 89 84 139 32 82 122 147 200 124 202 251 201
    236 156 154 180 98 174 228 73 166 217 16 155 141 141 173 216 16 164
    6 161 153 76 84 7 52 27 123 109 95 230 97 37 11 130 248 254 56 139
    85 143 114 128 243 54 198 201 191 68 19 251 196 67 114 109 168 248
    167 92 97 143 55 19 250 79 153 6 84 164 139 58 64 94 204 141 12 223
    187 160 238 254 26 172 88 41 208 27 49 123 107 43 107 224 135 5 213
    48 91 180 148 238 123 134 113 160 81 11 46 200 197 140 151 101 165
    145 254 21 231 75 33 158 165 160 35 244 163 179 24 199 191 115 188
    230 74 160 182 160 32 236 31 212 127 126 141 195 9 174 80 19 248 242
    125 30 132 185 122 38 132 183 98 119 167 96 162 228 35 9 30 34 164
    177 173 11 92 104 31 16 144 8 18 222 98 239 36 211 215 87</data></test_img>
<my_img type_id="opencv-matrix">
  <rows>10</rows>
  <cols>20</cols>
  <dt>"3u"</dt>
  <data>
    255 33 99 173 255 255 39 127 255 190 255 255 255 255 6 255 134 255
    227 96 239 216 255 23 255 75 255 154 67 79 86 255 16 255 255 255 65
    255 237 255 186 255 82 255 103 26 255 255 115 50 255 57 255 91 179
    35 96 102 255 255 255 255 154 204 255 255 164 0 232 189 133 255 245
    255 224 255 209 245 35 122 255 211 94 202 248 255 255 22 255 18 35
    255 255 110 255 255 108 255 159 164 255 255 83 255 125 255 255 255
    255 109 91 182 129 223 220 135 181 255 169 75 255 154 53 138 76 255
    95 255 255 255 140 84 255 33 175 155 31 255 54 60 255 255 21 255 249
    255 203 109 75 89 25 131 255 0 8 252 255 255 33 73 198 255 255 192
    72 237 160 255 255 213 148 22 71 255 132 255 255 255 3 255 137 42
    184 135 95 255 255 7 38 255 255 159 255 96 16 4 255 255 15 195 80
    255 232 168 255 123 64 249 179 235 205 255 255 44 232 255 255 255
    135 255 255 25 116 84 252 243 226 94 238 255 233 34 105 255 126 255
    255 255 122 49 255 117 58 255 220 41 255 35 61 109 255 255 204 25
    255 70 255 188 250 128 161 134 255 207 105 100 249 241 255 6 170 255
    122 255 134 149 197 93 231 255 109 120 114 67 255 255 255 220 227
    130 255 80 202 255 255 202 255 60 120 126 255 255 255 151 214 219
    203 255 214 255 255 176 255 136 183 255 96 32 87 255 255 255 245 255
    255 255 129 190 32 53 255 255 255 1 255 255 143 242 255 255 178 245
    249 255 103 255 208 195 153 87 255 13 187 74 255 40 136 229 255 149
    65 242 230 255 178 255 110 255 29 147 255 252 120 237 255 67 206 255
    255 255 165 120 22 255 10 255 255 59 255 255 138 255 228 255 41 67
    255 128 255 255 69 167 153 145 239 57 146 218 227 255 191 255 255
    255 255 229 226 255 156 255 255 108 246 255 24 233 227 227 255 255
    24 247 10 255 252 150 166 14 93 48 219 161 140 255 184 70 21 186 255
    255 96 239 146 244 195 218 255 78 255 255 255 105 27 255 255 122 207
    198 242 255 241 157 166 244 79 27 255 132 255 10 138 255 228 111 123
    180 255 216 18 255 255 239 255 255 37 255 142 66 255 41 75 219 191
    77 159 255 201 8 255 73 145 255 236 255 180 196 187 255 134 17 71
    255 255 217 234 165 255 237 255 30 255 124 55 255 255 255 57 255 236
    255 37 255 255 170 255 255 118 254 255 234 47 255 47 255 192 196 219
    255 14 255 129 27 255 255 218 52 231 255 193 60 209 255 155 194 255
    156 240 255 52 21 70 80 255 255 255 21 172 194 53 27 245 12 27 255
    143 255 53 255 255 131</data></my_img>
<your_img type_id="opencv-matrix">
  <rows>10</rows>
  <cols>20</cols>
  <dt>"3u"</dt>
  <data>
    61 62 67 79 80 216 188 188 255 48 50 255 0 0 0 227 229 255 143 143
    183 0 0 0 198 198 242 23 23 27 0 0 0 75 79 255 34 34 211 139 140 255
    10 10 74 24 24 255 237 237 255 20 20 52 41 41 44 23 24 255 14 15 128
    66 67 242 174 174 174 177 178 255 35 37 196 100 102 211 155 156 219
    112 112 141 53 55 252 0 0 0 63 63 255 15 17 255 27 28 127 72 74 255
    1 1 102 2 7 255 45 45 64 116 116 163 88 88 125 23 24 41 11 12 19 247
    247 255 72 73 255 32 33 50 121 121 131 241 241 255 253 253 255 255
    255 255 57 58 160 24 24 28 216 216 255 196 196 200 0 0 2 145 145 255
    21 21 42 179 180 255 53 54 125 255 255 255 83 84 255 237 237 239 107
    107 117 231 231 255 6 6 6 12 14 139 0 0 0 21 21 255 19 19 33 55 56
    149 23 23 34 107 108 183 78 79 255 120 121 255 28 29 109 0 0 0 161
    161 200 25 25 52 3 6 219 195 195 255 80 81 238 9 9 13 19 19 28 3 3 6
    23 23 25 57 59 255 251 251 255 36 37 155 80 80 114 15 16 186 150 150
    196 0 0 0 2 3 99 80 81 125 136 137 172 66 67 94 255 255 255 38 40
    191 162 163 238 141 142 255 131 132 255 45 45 58 73 77 255 84 84 158
    58 59 172 42 44 156 100 101 153 0 0 0 79 79 239 111 114 255 27 28
    106 9 9 9 59 62 247 85 85 255 118 120 255 118 119 217 23 23 64 77 79
    175 255 255 255 16 16 27 93 93 103 30 30 114 78 79 175 156 158 255 0
    0 0 25 26 232 119 121 255 143 143 255 37 39 138 245 245 255 75 75
    255 18 19 247 10 11 211 27 27 30 197 198 255 115 116 141 123 123 183
    106 106 156 34 36 160 4 8 255 80 82 206 146 147 238 161 162 225 195
    195 208 106 107 236 208 208 222 76 76 205 0 0 0 141 141 158 204 205
    255 0 0 0 10 13 255 45 45 99 92 92 166 217 218 255 18 19 72 4 5 255
    75 76 136 6 9 227 117 118 189 255 255 255 0 0 0 65 66 183 84 84 113
    0 0 0 58 60 216 0 0 6 19 20 30 38 38 42 19 19 33 21 23 177 7 7 41 58
    59 197 91 92 175 34 35 92 228 228 255 91 92 202 68 69 192 255 255
    255 185 185 213 8 8 20 89 91 246 58 58 255 85 87 255 93 94 250 255
    255 255 28 28 164 121 122 255 29 29 91 9 10 255 152 152 172 13 13 25
    34 34 119 40 41 116 2 2 20 17 17 19 72 74 236 82 82 128 179 179 191
    255 255 255 1 2 22 16 17 102</data></your_img>
</opencv_storage>
