<?xml version="1.0"?>
<opencv_storage>
<L2_diff>1.1564938391534993e+03</L2_diff>
<contrast>1.0728182432517150e+00</contrast>
<brightness>-7.4733070136905122e-01</brightness>
<gamma>1.6008136975788745e-01</gamma>
<only_luma>1</only_luma>
<test_img type_id="opencv-matrix">
  <rows>10</rows>
  <cols>20</cols>
  <dt>"3u"</dt>
  <data>
    171 59 50 57 245 235 180 101 159 76 206 133 28 217 216 158 39 246
    241 146 54 39 90 63 40 220 105 203 193 18 177 228 115 127 58 149 202
    54 107 146 82 193 58 92 145 22 227 48 88 251 44 74 88 196 115 58 17
    140 160 18 36 96 26 46 77 189 26 113 192 155 125 209 174 239 146 1
    243 175 120 24 20 78 223 247 93 53 148 165 125 24 210 207 49 198 131
    148 87 97 215 249 229 114 105 140 50 199 29 11 248 213 17 59 89 175
    47 87 179 159 242 43 197 112 251 124 84 119 166 160 28 241 190 38
    202 49 107 45 98 166 12 236 97 112 23 220 213 158 243 191 170 18 253
    40 2 242 151 244 137 146 37 227 143 140 153 55 120 228 178 82 182
    115 127 60 50 240 9 17 22 180 102 6 178 10 233 224 79 99 240 188 104
    198 42 20 235 158 117 220 114 75 21 190 113 130 221 242 21 247 233 9
    10 218 155 242 169 214 103 111 167 140 219 157 132 102 100 45 154 33
    17 84 39 200 91 147 99 130 123 200 91 214 142 215 20 75 130 156 157
    210 204 68 13 242 41 121 91 127 42 223 4 57 241 39 50 147 61 117 109
    58 245 50 138 12 234 83 163 217 214 12 34 68 92 208 108 139 94 96
    210 63 234 68 107 108 65 7 29 211 162 39 74 74 137 209 1 106 135 0
    179 145 80 149 58 34 181 104 210 213 248 161 101 66 206 234 209 93 0
    218 90 114 234 217 33 229 86 31 197 185 53 94 45 152 110 175 147 77
    157 218 92 244 18 217 71 1 236 130 120 32 20 213 48 18 163 121 28
    228 148 170 9 191 128 148 222 106 238 127 241 18 86 85 208 97 230 10
    200 135 122 124 97 71 75 241 150 76 251 181 121 93 78 198 151 212
    202 44 2 144 123 200 246 180 155 236 232 119 188 3 180 52 204 127 46
    16 198 171 108 27 27 195 12 142 245 86 251 210 156 78 55 179 153 137
    148 12 50 140 122 189 9 66 241 240 136 14 210 228 96 49 60 192 197
    71 210 176 139 219 62 8 94 106 27 125 208 213 45 238 220 193 5 184
    223 221 236 208 235 227 63 173 28 63 97 116 191 254 62 96 139 122
    178 240 223 35 137 187 35 85 80 176 53 215 15 192 136 189 73 161 143
    42 190 192 220 182 83 31 119 220 43 92 7 250 150 112 174 88 108 113
    26 214 221 213 141 64 100 184 197 169 77 164 68 245 10 123 166 182
    180 24 26 134 80 159 157 121 54 226 170 113 240 126 222 168 234 4
    129 181 225 13 153 70 139 171 93 72 115 227 148 202 199 28 200 173
    227 85 9 181 244 61 196 63 71 241 237 155 179 198 213 159</data></test_img>
<my_img type_id="opencv-matrix">
  <rows>10</rows>
  <cols>20</cols>
  <dt>"3u"</dt>
  <data>
    66 23 19 19 81 78 68 38 60 27 74 48 10 76 76 52 13 81 81 49 18 18 41
    29 14 77 37 73 70 6 61 78 39 52 24 60 73 20 39 54 30 71 24 38 59 8
    78 16 29 82 14 27 32 72 50 25 7 55 63 7 16 43 12 17 29 70 10 42 71
    55 45 74 58 80 49 0 81 58 52 10 9 26 74 82 38 22 60 65 49 9 75 74 17
    72 48 54 31 34 76 82 75 38 43 58 21 72 11 4 82 70 6 23 34 67 18 33
    68 53 81 14 65 37 82 53 36 51 65 62 11 81 63 13 73 18 39 18 38 65 4
    80 33 39 8 77 71 53 81 71 63 7 83 13 1 80 50 81 56 60 15 78 49 48 62
    22 48 78 61 28 69 43 48 20 17 80 0 0 0 68 39 2 60 3 79 77 27 34 80
    63 35 72 15 7 79 53 40 77 40 26 8 70 42 43 74 81 7 82 77 3 3 76 52
    81 56 75 36 39 58 49 76 63 53 41 40 18 62 15 8 38 14 73 33 60 40 53
    45 73 33 75 50 76 8 32 55 55 56 75 73 24 5 81 14 40 39 54 18 77 1 20
    81 13 17 60 25 48 36 19 81 21 57 5 79 28 55 76 75 4 15 31 42 74 39
    50 33 34 75 21 79 23 47 48 29 2 10 75 64 15 29 26 49 74 0 44 57 0 68
    55 32 60 24 13 68 39 69 70 82 64 40 26 70 79 71 33 0 76 30 39 79 74
    11 78 31 11 72 69 20 35 18 61 44 67 56 29 55 76 32 81 6 72 24 0 80
    55 51 14 7 75 17 7 64 48 10 78 51 63 3 71 44 51 77 36 80 43 81 6 29
    30 74 35 79 3 68 57 51 52 44 32 34 81 50 25 82 59 40 34 28 72 53 75
    71 18 1 59 41 66 81 61 52 80 79 40 64 1 68 20 73 46 17 6 72 62 48 12
    12 71 4 52 80 28 82 75 55 28 21 68 58 56 60 5 21 58 51 70 3 25 81 80
    45 5 72 78 43 22 27 70 72 26 75 63 49 76 22 3 42 47 12 44 73 75 15
    80 74 71 2 68 75 75 80 70 79 77 24 67 11 27 42 51 62 83 20 40 58 51
    60 80 75 13 51 70 16 39 37 62 19 76 6 71 50 70 27 60 53 16 70 67 77
    63 36 13 52 77 15 32 2 82 49 43 67 34 47 50 11 74 77 74 58 26 41 67
    72 62 30 64 27 81 3 41 63 69 68 10 11 56 32 63 62 42 19 78 57 38 80
    44 77 58 79 1 44 62 78 4 62 28 56 66 36 28 39 78 51 73 72 10 69 59
    78 32 3 68 81 20 65 21 24 81 80 52 60 70 75 56</data></my_img>
<your_img type_id="opencv-matrix">
  <rows>10</rows>
  <cols>20</cols>
  <dt>"3u"</dt>
  <data>
    0 0 0 2 3 62 0 0 0 0 0 0 6 6 41 62 62 73 0 0 0 0 0 0 0 0 0 0 0 0 0 0
    0 0 0 0 0 0 0 11 11 16 0 0 0 0 0 0 0 0 0 13 13 20 0 0 0 0 0 0 0 0 0
    9 9 12 9 9 15 17 17 34 0 0 0 0 0 0 0 0 0 9 10 74 0 0 0 0 0 0 0 0 0 0
    0 0 25 25 40 0 0 0 0 0 0 0 0 0 0 0 0 0 0 0 1 1 1 0 0 0 44 45 79 0 0
    0 0 0 0 0 0 0 0 0 0 0 0 0 0 0 0 41 41 45 27 27 70 0 0 0 0 0 0 29 30
    71 0 0 0 0 0 0 0 0 0 0 0 0 0 0 0 54 54 67 0 0 0 0 0 0 57 57 59 0 0 0
    0 0 0 0 0 0 0 0 0 0 0 0 0 0 0 9 10 69 2 2 59 42 42 43 0 0 0 0 0 0 20
    20 44 0 0 0 0 0 0 0 0 0 0 0 0 0 0 0 0 0 0 18 18 40 0 0 0 13 14 35 0
    0 0 0 0 0 0 0 0 0 0 0 0 0 0 0 0 0 56 56 72 0 0 0 0 0 0 0 0 0 0 0 0 0
    0 0 22 22 35 0 0 0 0 0 0 32 32 36 0 0 0 16 16 34 0 0 0 0 0 0 0 0 0 0
    0 0 12 13 75 0 0 0 3 3 34 43 43 43 33 34 60 48 48 55 18 18 21 0 0 0
    0 0 0 0 0 0 0 0 0 39 39 42 62 62 63 0 0 0 0 0 0 0 0 0 0 0 0 14 14 14
    20 20 48 0 0 0 0 0 0 0 0 0 23 23 24 0 0 0 0 0 0 0 0 0 0 0 0 15 15 22
    4 5 26 0 0 0 16 16 73 25 25 63 6 6 11 0 0 0 0 0 0 0 0 0 0 0 0 0 0 0
    52 53 79 0 0 0 0 0 0 0 0 0 0 0 0 0 0 0 0 0 0 10 10 54 0 0 0 0 0 0 0
    0 0 0 0 0 0 0 0 7 7 38 3 3 45 7 7 7 8 9 63 4 5 53 0 0 0 0 0 0 0 0 0
    0 0 0 3 3 49 5 5 10 0 0 0 32 32 40 0 0 0 0 0 0 11 11 13 1 1 5 0 0 0
    0 0 0 0 0 0 0 0 0 0 0 0 5 6 38 0 0 0 0 0 0 0 0 0 0 0 0 1 1 3 0 0 0 0
    0 0 41 41 52 37 38 67 0 0 0 0 0 0 0 0 0 0 0 0 0 0 0 0 0 0 0 0 0 17
    18 53 3 3 4 15 15 20 49 49 68 1 1 1 0 0 0</data></your_img>
</opencv_storage>
