<?xml version="1.0"?>
<opencv_storage>
<L2_diff>3.6902215380651605e+03</L2_diff>
<contrast>1.7766127799345566e+00</contrast>
<brightness>-3.3295870358403012e-01</brightness>
<gamma>1.7046742005412202e-01</gamma>
<only_luma>1</only_luma>
<test_img type_id="opencv-matrix">
  <rows>10</rows>
  <cols>20</cols>
  <dt>"3u"</dt>
  <data>
    106 26 139 167 224 193 163 155 243 120 24 20 10 205 65 105 9 56 114
    224 15 217 42 151 21 144 164 94 35 212 3 166 43 100 71 12 156 138
    157 28 70 49 43 152 97 177 199 70 20 74 178 183 123 219 194 155 7 59
    3 139 252 161 157 4 203 94 173 5 78 122 186 86 181 141 6 83 130 230
    76 239 64 120 38 136 134 231 247 181 136 24 136 94 127 218 91 123 11
    91 29 187 145 236 192 119 102 99 70 82 150 97 164 5 161 184 63 36
    178 120 238 63 26 254 158 123 238 50 98 71 54 249 130 128 111 106 15
    2 3 153 204 244 109 158 65 57 145 127 108 132 174 183 208 4 29 140
    116 67 74 117 8 167 65 253 78 86 122 33 227 50 9 139 216 118 15 200
    119 203 102 189 201 173 182 142 87 35 119 56 235 230 158 119 254 5
    43 164 98 74 120 220 201 246 36 66 226 70 142 95 106 242 234 89 30
    90 219 35 45 231 220 72 254 24 168 141 1 222 243 137 150 208 15 69
    70 235 252 191 15 191 50 8 216 73 20 70 211 4 160 206 25 31 161 39
    141 247 221 158 155 4 87 191 63 80 67 160 3 105 119 213 50 120 85
    159 101 77 93 161 84 229 166 240 116 249 41 4 10 92 231 41 156 36 45
    88 29 85 18 67 26 207 128 104 171 152 245 49 202 224 46 80 22 46 4
    143 75 115 112 120 79 166 78 55 86 133 148 208 138 201 161 243 26 47
    4 43 90 43 210 11 242 128 163 184 178 134 130 116 31 65 40 56 86 129
    45 161 203 61 241 39 64 242 181 48 3 56 180 86 55 13 191 150 223 230
    102 6 176 17 20 178 47 99 102 159 135 237 151 190 138 101 54 216 19
    68 199 203 216 42 143 5 253 240 17 20 131 108 183 7 210 229 0 249
    109 99 149 253 204 244 27 153 11 99 182 19 230 177 88 104 35 201 132
    242 47 104 10 47 234 7 177 77 116 7 86 243 102 209 41 231 224 163 5
    52 37 210 123 13 8 133 118 25 189 5 212 63 177 53 236 121 99 226 39
    39 223 177 34 245 0 65 214 216 181 161 99 159 198 200 146 191 215
    129 1 251 0 98 189 230 166 66 113 164 191 131 146 82 116 63 116 16
    49 254 3 102 226 237 25 21 82 0 202 86 252 226 241 107 5 58 124 34
    115 77 187 145 137 62 32 43 164 142 7 213 29 41 105 208 102 131 169
    71 220 35 102 209 43 241 66 75 233 192 199 187 203 179 86 170 234 25
    47 10 155 178 45 147 203 232 236 215 17 123 111 31 101 192 234 252
    101 144 80 191 19 183 20 38 4 214 224 224 163 112 29 91 46 218 49 61
    149 190</data></test_img>
<my_img type_id="opencv-matrix">
  <rows>10</rows>
  <cols>20</cols>
  <dt>"3u"</dt>
  <data>
    247 61 255 255 255 255 244 232 255 255 63 52 17 255 111 255 26 162
    182 255 24 255 69 248 43 255 255 157 58 255 6 255 87 255 214 36 255
    255 255 111 255 195 93 255 211 255 255 123 38 142 255 255 200 255
    255 255 13 137 7 255 255 235 229 7 255 162 255 10 153 226 255 159
    255 255 11 130 204 255 115 255 97 255 90 255 198 255 255 255 255 45
    255 223 255 255 149 201 36 255 94 255 223 255 255 215 184 255 213
    249 255 198 255 9 255 255 121 69 255 183 255 96 38 255 229 188 255
    76 255 217 165 255 191 188 255 255 42 4 6 255 255 255 163 255 137
    120 255 255 243 248 255 255 255 7 49 255 255 155 197 255 21 243 94
    255 201 222 255 52 255 79 15 229 255 206 26 255 206 255 176 255 255
    255 255 255 164 92 255 147 255 255 243 172 255 7 88 255 200 120 195
    255 255 255 53 105 255 111 255 217 243 255 255 134 49 147 255 55 70
    255 255 104 255 48 255 255 1 255 255 232 254 255 60 255 255 255 255
    255 27 255 91 13 255 120 34 117 255 7 255 255 52 64 255 58 209 255
    255 255 251 7 158 255 226 255 240 255 6 219 198 255 83 251 178 255
    255 230 255 253 132 255 251 255 176 255 60 6 16 144 255 87 255 77
    150 255 97 255 62 229 44 255 218 206 255 255 255 73 255 255 74 128
    121 253 22 255 171 255 255 255 206 255 158 111 191 255 255 255 234
    255 241 255 39 255 22 233 151 72 255 17 255 193 255 255 255 255 255
    255 131 255 169 138 212 255 78 255 255 92 255 59 96 255 255 227 14
    255 255 163 105 24 255 255 255 255 160 12 255 33 38 255 90 207 214
    255 206 255 231 255 251 184 89 255 31 118 255 255 255 69 235 7 255
    255 41 49 255 203 255 13 255 255 0 255 160 146 216 255 255 255 40
    229 21 186 255 30 255 255 255 255 102 255 199 255 137 255 29 73 255
    11 255 148 223 10 129 255 172 255 69 255 255 254 25 255 185 255 207
    22 19 255 255 46 255 9 255 105 255 81 255 186 157 255 62 63 255 255
    51 255 0 107 255 255 255 255 187 255 255 255 241 255 255 189 1 255 0
    179 255 255 255 103 205 255 255 255 255 184 255 169 255 23 71 255 5
    162 255 255 38 32 142 0 255 125 255 255 255 162 8 148 255 87 212 142
    255 255 255 140 65 88 255 236 12 255 84 119 255 255 173 222 255 115
    255 59 172 255 65 255 100 116 255 255 255 255 255 255 164 255 255 39
    73 19 255 255 78 254 255 255 255 255 44 255 255 56 182 255 255 255
    147 255 145 255 36 255 38 63 7 255 255 255 255 255 80 251 75 255 80
    111 255 255</data></my_img>
<your_img type_id="opencv-matrix">
  <rows>10</rows>
  <cols>20</cols>
  <dt>"3u"</dt>
  <data>
    146 146 162 31 34 255 136 138 255 0 0 0 6 6 31 14 14 15 0 0 0 153
    154 183 90 90 206 252 252 255 0 0 0 0 0 0 89 90 194 2 2 2 35 35 87 9
    9 39 164 164 231 157 159 255 0 0 0 160 160 162 72 74 194 17 17 82 53
    53 54 18 19 68 0 0 0 159 160 255 2 2 29 133 134 157 33 36 255 0 0 0
    89 89 141 86 87 134 0 0 0 144 147 255 51 52 96 44 44 61 128 129 206
    89 89 242 199 199 231 2 2 27 1 1 196 0 0 4 8 8 11 70 71 143 0 0 0
    185 185 187 5 6 109 12 12 16 54 54 107 76 78 240 0 0 0 19 19 34 0 0
    0 255 255 255 87 88 132 0 0 4 136 136 255 255 255 255 20 20 96 47 49
    222 31 31 70 8 8 15 19 22 196 0 0 0 32 32 89 162 163 255 0 0 0 4 5
    39 65 65 103 6 7 73 197 197 255 255 255 255 255 255 255 56 57 166 45
    45 255 117 119 255 29 29 39 3 7 254 1 1 4 7 7 45 210 210 255 105 105
    255 177 177 201 158 159 255 72 74 190 168 168 254 23 23 34 100 100
    102 1 1 4 132 132 198 56 56 80 216 217 255 7 8 121 0 0 0 208 208 255
    0 0 0 0 0 0 32 32 34 27 27 143 61 62 185 221 222 255 47 47 57 0 0 0
    84 85 119 29 30 55 9 9 13 85 86 178 125 127 255 0 0 0 0 0 0 240 240
    255 7 7 143 64 66 231 59 60 121 0 0 0 96 96 144 102 102 255 0 0 0 12
    13 237 14 14 15 8 9 13 46 46 182 9 11 96 0 0 0 0 0 0 119 119 198 13
    14 183 43 44 95 0 0 0 61 62 255 141 142 169 3 3 255 136 136 148 0 0
    0 0 0 0 52 53 91 2 5 255 167 167 187 146 146 238 23 23 230 0 0 0 166
    169 255 0 0 0 0 0 0 85 85 121 230 230 255 0 0 0 25 28 205 0 0 0 0 0
    0 60 60 125 0 0 0 173 174 230 10 10 130 0 0 0 29 29 230 0 0 0 48 49
    255 34 34 91 60 63 255 75 77 255 255 255 255 154 154 251 11 12 32 91
    92 254 26 26 61 91 91 121 255 255 255 190 190 255 0 0 0 255 255 255
    4 5 255 0 0 0 0 0 0 173 173 247 12 12 25 172 172 206 255 255 255 85
    85 102 89 90 148 221 222 255 172 172 255 2 2 32 22 23 255 74 76 255
    144 145 217 0 0 0 91 91 231 117 117 255 22 26 255 58 58 112 155 155
    255 1 3 95 175 175 254 0 0 0 255 255 255 25 28 205 68 68 77 0 0 2
    105 106 253</data></your_img>
</opencv_storage>
