<?xml version="1.0"?>
<opencv_storage>
<L2_diff>3.0951185760807289e+03</L2_diff>
<contrast>1.3247844427905260e+00</contrast>
<brightness>9.1732181987747485e-01</brightness>
<gamma>1.2263763724765386e+00</gamma>
<only_luma>1</only_luma>
<test_img type_id="opencv-matrix">
  <rows>10</rows>
  <cols>20</cols>
  <dt>"3u"</dt>
  <data>
    141 165 122 81 202 95 146 131 248 122 8 71 45 244 210 165 126 150 81
    229 120 130 73 91 197 87 5 145 92 23 50 147 237 215 41 250 168 1 145
    31 116 115 98 132 120 240 37 14 37 247 244 210 63 112 122 126 212
    207 103 110 210 211 20 207 199 38 33 62 200 170 231 198 33 107 37
    180 33 224 42 231 149 217 163 176 36 179 15 151 35 113 65 59 112 54
    97 13 174 202 94 221 197 207 187 109 168 56 172 77 157 102 119 43 1
    38 111 252 250 17 3 162 179 41 49 215 135 197 76 214 100 91 86 198
    132 203 14 185 160 160 136 162 177 129 53 121 209 99 93 58 80 202
    130 22 191 231 41 42 243 180 183 112 182 227 213 252 107 143 246 162
    167 30 94 146 149 190 199 168 36 240 127 34 98 42 92 253 53 175 240
    203 205 65 63 66 72 90 131 197 5 12 199 9 52 245 165 78 144 118 3
    128 163 124 115 62 176 136 190 136 203 197 119 43 187 59 52 126 237
    115 4 209 12 17 236 137 233 51 209 247 12 215 36 102 206 206 143 150
    90 190 143 123 28 33 110 132 252 123 76 187 32 22 158 128 253 84 43
    151 24 192 134 205 89 7 5 18 245 250 150 40 155 167 221 244 233 35
    50 46 132 43 32 201 216 170 40 99 44 224 110 110 92 11 118 31 8 204
    211 43 10 185 24 60 190 103 231 89 235 61 29 156 182 49 248 91 71 21
    40 179 116 149 31 46 134 154 86 4 67 245 83 141 63 63 18 41 144 88
    78 211 133 240 230 62 87 128 17 194 121 122 40 176 43 248 130 52 84
    106 104 236 209 22 209 120 196 9 140 182 229 87 55 170 143 22 124 24
    4 75 137 165 184 53 179 219 132 89 145 147 84 174 246 55 157 252 200
    189 39 249 58 223 44 44 44 246 66 123 163 237 20 41 12 250 155 61
    126 164 4 241 135 81 248 6 44 228 152 190 103 227 75 12 142 241 109
    22 51 123 242 208 39 15 24 246 63 89 140 206 48 217 26 157 212 131
    204 108 155 17 140 59 219 193 203 224 179 204 89 243 139 202 155 44
    112 109 232 149 232 220 166 252 159 152 58 135 244 236 37 34 224 42
    241 70 11 104 240 80 189 6 81 6 104 78 38 103 22 154 47 28 12 191
    106 57 134 85 228 197 95 66 172 152 212 225 214 225 176 15 174 108
    65 150 43 133 250 7 109 149 9 106 96 243 245 17 149 6 250 17 179 130
    105 112 199 159 46 7 48 153 158 33 235 169 243 248 253 44 104 219
    106 4 76 74 242 113 229 79 112 57 212 163 1 79 247 209 117 141 42 81
    171 218 17 77 44 57 70 166 72 250 146 34</data></test_img>
<my_img type_id="opencv-matrix">
  <rows>10</rows>
  <cols>20</cols>
  <dt>"3u"</dt>
  <data>
    255 255 255 196 255 229 255 255 255 255 24 216 102 255 255 255 255
    255 187 255 255 255 214 255 255 212 12 255 255 64 115 255 255 255 92
    255 255 3 255 97 255 255 255 255 255 255 84 32 84 255 255 255 150
    255 255 255 255 255 247 255 255 255 48 255 255 91 80 150 255 255 255
    255 108 255 121 255 77 255 97 255 255 255 255 255 91 255 38 255 95
    255 207 188 255 188 255 45 255 255 227 255 255 255 255 255 255 144
    255 198 255 255 255 255 6 240 250 255 255 45 8 255 255 104 124 255
    255 255 180 255 237 221 209 255 255 255 34 255 255 255 255 255 255
    255 156 255 255 236 222 140 193 255 255 54 255 255 95 97 255 255 255
    255 255 255 255 255 241 255 255 255 255 78 245 255 255 255 255 255
    87 255 255 78 255 145 255 255 119 255 255 255 255 255 255 255 211
    255 255 255 12 29 255 22 126 255 255 177 255 255 8 255 255 255 255
    158 255 255 255 255 255 255 255 107 255 147 119 255 255 255 10 255
    28 39 255 255 255 117 255 255 27 255 85 241 255 255 255 255 222 255
    255 255 78 96 255 255 255 255 171 255 80 55 255 255 255 229 117 255
    59 255 255 255 214 17 11 41 255 255 255 90 255 255 255 255 255 79
    146 134 255 104 77 255 255 255 94 231 103 255 255 255 255 34 255 96
    19 255 255 107 25 255 59 148 255 238 255 205 255 140 67 255 255 123
    255 206 160 53 101 255 255 255 85 124 255 255 255 15 252 255 188 255
    255 255 84 114 255 245 185 255 255 255 255 141 255 255 50 255 255
    255 102 255 110 255 255 118 255 255 255 255 255 50 255 255 255 23
    255 255 255 201 127 255 255 57 255 72 12 196 255 255 255 133 255 255
    255 209 255 255 232 255 255 125 255 255 255 255 88 255 135 255 103
    100 100 255 174 255 255 255 46 94 27 255 255 160 255 255 9 255 255
    183 255 14 102 255 255 255 239 255 211 34 255 255 248 50 116 255 255
    255 93 36 54 255 143 213 255 255 113 255 61 255 255 255 255 255 255
    48 255 167 255 255 255 255 255 255 202 255 255 255 255 106 255 251
    255 255 255 255 255 255 255 255 158 255 255 255 84 79 255 98 255 159
    25 237 255 183 255 15 201 20 255 255 127 255 74 255 127 76 30 255
    255 165 255 246 255 255 220 170 255 255 255 255 255 255 255 35 255
    255 166 255 118 255 255 16 246 255 25 255 218 255 255 47 255 16 255
    38 255 255 255 255 255 255 112 19 130 255 255 76 255 255 255 255 255
    99 234 255 249 9 173 168 255 255 255 183 255 135 255 255 3 208 255
    255 255 255 118 228 255 255 40 255 178 231 183 255 188 255 255 77</data></my_img>
<your_img type_id="opencv-matrix">
  <rows>10</rows>
  <cols>20</cols>
  <dt>"3u"</dt>
  <data>
    140 142 255 75 76 255 255 255 255 255 255 255 22 24 255 219 221 255
    40 42 255 253 254 255 158 160 241 169 170 255 232 233 255 255 255
    255 255 255 255 211 211 255 190 191 255 216 216 252 17 19 255 255
    255 255 255 255 255 226 228 255 45 48 255 62 65 255 255 255 255 47
    52 255 164 164 255 255 255 255 41 42 255 169 173 255 76 76 254 255
    255 255 255 255 255 156 156 251 75 78 255 116 121 255 255 255 255
    109 110 255 235 237 255 255 255 255 7 11 255 255 255 255 251 251 255
    233 237 255 59 60 255 255 255 255 51 53 252 166 169 255 171 173 255
    255 255 255 218 220 255 255 255 255 255 255 255 243 244 255 140 145
    255 153 156 255 4 10 255 16 20 255 255 255 255 202 205 255 96 98 255
    140 142 255 255 255 255 255 255 255 103 109 255 242 242 255 255 255
    255 245 245 250 255 255 255 119 123 255 128 129 238 144 146 255 255
    255 255 106 108 255 89 93 255 83 84 255 255 255 255 255 255 255 255
    255 255 26 28 255 8 11 250 255 255 255 81 86 255 255 255 255 140 142
    255 232 233 255 173 176 255 230 230 255 255 255 255 255 255 255 102
    102 255 158 159 243 255 255 255 118 121 255 182 185 255 24 28 255
    255 255 255 255 255 255 96 98 255 255 255 255 202 203 255 148 148
    255 103 103 255 255 255 255 255 255 255 33 35 255 207 208 255 86 88
    255 211 213 255 255 255 255 114 116 255 208 208 255 255 255 255 255
    255 255 194 194 255 153 153 255 71 72 255 31 35 255 128 128 255 208
    210 255 90 91 255 148 151 255 217 218 255 47 51 255 255 255 255 214
    214 255 202 204 255 116 117 255 217 217 239 209 211 255 255 255 255
    170 172 255 146 148 255 11 14 255 6 11 255 255 255 255 37 38 255 255
    255 255 233 234 255 255 255 255 9 9 255 228 229 255 23 23 255 7 8
    242 46 47 255 255 255 255 255 255 255 151 152 255 255 255 255 215
    216 254 11 12 255 229 230 255 40 41 255 69 72 255 253 255 255 141
    141 255 122 128 255 150 155 255 20 22 255 115 117 255 255 255 255 47
    52 255 5 10 255 255 255 255 21 25 255 35 36 255 180 181 248 20 22
    255 255 255 255 200 200 255 157 157 255 221 222 255 94 94 255 164
    165 255 82 86 255 142 143 255 61 67 255 79 81 254 184 186 255 255
    255 255 255 255 255 255 255 255 26 30 255 101 101 242 255 255 255
    225 226 255 111 113 255 255 255 255 255 255 255 26 32 255 255 255
    255 140 141 239 255 255 255 35 37 255 255 255 255 255 255 255 70 75
    255 255 255 255 37 40 255 255 255 255 115 116 255 119 122 255</data></your_img>
</opencv_storage>
