<?xml version="1.0"?>
<opencv_storage>
<L2_diff>2.7964302244111150e+03</L2_diff>
<contrast>2.1193371495227358e+00</contrast>
<brightness>3.0940741770447855e-01</brightness>
<gamma>1.9059873505141936e-01</gamma>
<only_luma>1</only_luma>
<test_img type_id="opencv-matrix">
  <rows>10</rows>
  <cols>20</cols>
  <dt>"3u"</dt>
  <data>
    246 37 217 186 219 162 193 124 22 98 104 187 193 16 125 102 130 99
    231 144 207 23 120 1 237 39 56 23 7 123 73 113 104 118 137 167 14
    135 137 254 141 183 204 245 99 3 115 220 110 44 162 179 182 222 204
    206 182 37 106 29 232 242 99 94 247 99 2 239 144 21 104 138 245 144
    51 0 20 164 127 72 73 64 120 2 161 202 4 72 110 224 209 208 184 9
    170 28 84 96 179 184 143 173 56 39 17 164 101 146 0 123 26 3 45 185
    7 228 146 26 27 63 151 118 81 172 5 155 252 116 100 196 212 30 53
    130 97 127 59 14 53 160 131 220 144 161 193 19 20 41 148 238 137 194
    110 124 141 139 146 74 57 242 27 29 216 152 243 29 172 155 81 195
    108 57 134 88 141 212 245 122 62 156 100 48 134 133 5 114 100 243
    189 211 166 27 128 40 120 58 149 183 177 38 65 190 167 96 25 135 89
    117 202 234 222 3 11 181 2 5 9 237 131 212 147 191 117 198 206 16
    230 10 106 47 144 226 73 160 12 27 215 141 221 0 199 101 134 168 33
    112 220 99 117 226 191 235 44 138 177 253 253 43 101 151 119 110 184
    219 47 192 224 199 206 196 42 186 72 195 205 219 217 107 41 226 58
    55 114 15 81 44 214 241 7 157 213 241 231 199 90 225 185 222 197 22
    119 3 69 251 179 62 187 139 24 113 171 131 184 253 129 250 11 3 47
    170 137 100 74 238 217 42 60 85 216 138 15 129 2 107 89 225 97 6 93
    135 234 170 241 26 227 56 38 226 79 251 40 253 97 197 166 203 200 55
    109 87 204 21 32 137 65 228 96 33 200 194 94 242 190 251 48 143 128
    155 54 113 103 236 54 160 161 128 141 67 177 121 198 65 12 13 109
    216 137 147 58 173 133 26 179 101 167 183 138 35 133 44 104 13 227
    77 180 68 238 147 76 136 214 230 127 147 137 183 165 209 148 24 150
    80 104 156 104 8 24 12 127 8 168 132 32 121 207 80 32 181 139 138 18
    151 155 243 31 243 143 212 153 0 199 163 106 114 135 186 20 87 104
    253 99 74 80 163 205 114 14 44 79 135 164 151 205 201 118 111 93 199
    152 148 61 242 210 189 238 206 112 1 175 73 212 226 250 206 28 53 68
    247 11 112 44 32 8 30 128 69 113 183 27 179 75 132 75 117 237 239 23
    237 221 23 198 29 137 142 174 126 197 9 52 148 104 120 162 126 24
    133 107 198 130 15 230 180 36 36 67 229 73 174 10 133 237 156 183
    127 44 39 177 35 204 78 65 76 21 151 18 56 252 153 117 50 207 17 181
    151 1 205 173 180 33 201 44 2 116 21 241 121 146 62 90 210</data></test_img>
<my_img type_id="opencv-matrix">
  <rows>10</rows>
  <cols>20</cols>
  <dt>"3u"</dt>
  <data>
    255 93 255 255 255 255 255 255 67 255 255 255 255 49 255 255 255 255
    255 255 255 105 255 5 255 101 145 103 31 255 255 255 255 255 255 255
    57 255 255 255 255 255 255 255 249 8 255 255 255 156 255 255 255 255
    255 255 255 187 255 147 255 255 251 234 255 247 5 255 255 85 255 255
    255 255 128 0 70 255 255 255 255 255 255 9 255 255 12 195 255 255
    255 255 255 31 255 95 255 255 255 255 255 255 255 255 147 255 255
    255 0 255 116 10 143 255 19 255 255 203 211 255 255 255 255 255 17
    255 255 255 245 255 255 85 226 255 255 255 255 61 190 255 255 255
    255 255 255 58 61 105 255 255 255 255 255 255 255 255 255 255 221
    255 69 74 255 255 255 98 255 255 246 255 255 237 255 255 255 255 255
    255 227 255 255 200 255 255 21 255 253 255 255 255 255 77 255 173
    255 186 255 255 255 125 214 255 255 255 103 255 255 255 255 255 255
    8 30 255 6 16 23 255 255 255 255 255 255 255 255 42 255 26 255 184
    255 255 196 255 34 76 255 255 255 0 255 255 255 255 114 255 255 255
    255 255 255 255 145 255 255 255 255 105 255 255 255 255 255 255 127
    255 255 255 255 255 133 255 228 255 255 255 255 255 114 255 156 148
    255 71 255 112 255 255 20 255 255 255 255 255 243 255 255 255 255 60
    255 14 255 255 255 153 255 255 76 255 255 255 255 255 255 255 27 7
    160 255 255 255 190 255 255 117 167 237 255 255 64 255 9 255 240 255
    255 33 255 255 255 255 255 66 255 150 102 255 194 255 98 255 237 255
    255 255 255 255 255 255 255 61 94 255 173 255 255 98 255 255 238 255
    255 255 118 255 255 255 255 255 255 255 140 255 255 255 255 221 255
    255 255 195 36 36 255 255 255 255 223 255 255 87 255 255 255 255 255
    112 255 184 255 35 255 206 255 175 255 255 255 255 255 255 255 255
    255 255 255 255 255 91 255 255 255 255 255 141 255 212 255 28 255
    255 135 255 255 231 92 255 255 255 66 255 255 255 78 255 255 255 255
    0 255 255 255 255 255 255 63 255 254 255 242 255 255 255 255 255 41
    182 255 255 255 255 255 255 255 255 255 255 255 255 155 255 255 255
    255 255 255 3 255 207 255 255 255 255 205 255 255 255 27 255 255 255
    85 130 255 255 255 255 86 255 245 255 194 255 255 255 59 255 255 63
    255 115 255 255 255 255 255 34 199 255 255 255 255 255 100 255 255
    255 255 40 255 255 255 255 255 255 194 255 26 255 255 255 255 255
    145 128 255 102 255 228 255 255 140 255 68 211 255 255 255 145 255
    49 255 255 3 255 255 255 98 255 130 9 255 98 255 255 255 177 255 255</data></my_img>
<your_img type_id="opencv-matrix">
  <rows>10</rows>
  <cols>20</cols>
  <dt>"3u"</dt>
  <data>
    255 255 255 60 64 255 64 65 126 255 255 255 255 255 255 142 143 255
    225 230 255 43 43 81 167 168 198 255 255 255 167 167 255 200 202 255
    174 174 255 209 213 255 11 15 255 255 255 255 255 255 255 157 162
    255 89 94 255 82 82 140 15 19 255 9 11 255 24 24 255 220 220 255 81
    83 187 255 255 255 168 168 234 44 44 83 18 19 87 255 255 255 86 92
    255 46 46 138 255 255 255 196 199 255 97 97 115 235 236 255 69 69
    134 255 255 255 41 41 255 190 190 212 135 136 251 255 255 255 159
    161 255 24 26 142 139 140 255 83 84 109 133 134 255 183 186 255 112
    112 121 245 246 255 75 77 255 167 169 255 142 142 200 125 126 140
    240 245 255 133 133 255 72 74 255 126 126 255 101 105 255 255 255
    255 255 255 255 255 255 255 23 26 255 48 49 136 255 255 255 194 195
    255 184 185 217 97 100 255 126 126 255 119 123 255 101 101 102 89 89
    89 25 25 255 205 209 255 115 118 255 10 10 100 255 255 255 255 255
    255 255 255 255 11 11 79 219 221 255 255 255 255 200 202 255 145 151
    255 208 209 255 1 4 170 135 136 255 151 154 255 137 138 255 95 100
    255 63 63 231 106 112 255 96 97 166 151 152 195 236 236 251 95 96
    255 204 204 255 47 54 255 55 58 255 29 30 126 222 223 225 63 65 210
    59 60 130 117 119 255 3 7 255 82 82 85 123 124 255 255 255 255 172
    173 206 57 59 255 41 41 83 255 255 255 255 255 255 36 40 255 255 255
    255 255 255 255 3 3 164 255 255 255 103 107 255 151 151 255 135 135
    147 255 255 255 255 255 255 255 255 255 3 5 181 203 205 255 165 166
    255 255 255 255 188 190 255 103 104 255 78 78 104 255 255 255 85 87
    202 64 65 134 255 255 255 70 71 153 248 248 255 27 27 242 255 255
    255 255 255 255 34 39 255 216 218 255 71 74 255 102 103 248 116 117
    255 95 95 104 255 255 255 255 255 255 101 101 147 169 171 255 166
    166 255 255 255 255 68 71 255 93 93 255 202 203 255 243 243 255 2 4
    255 255 255 255 60 61 109 252 252 255 209 213 255 169 171 255 88 90
    255 255 255 255 151 157 255 45 46 81 255 255 255 10 18 255 177 177
    223 255 255 255 84 84 96 112 112 225 38 39 136 253 254 255 255 255
    255 255 255 255 255 255 255 176 176 255 251 254 255 255 255 255 224
    225 255 255 255 255 79 81 255 45 46 255 190 190 221 255 255 255 255
    255 255 98 101 255 255 255 255 49 49 244 87 87 123 184 184 198 131
    134 255 22 22 115 33 34 81 148 152 255 36 37 172 67 67 123 204 207
    255 255 255 255</data></your_img>
</opencv_storage>
