<?xml version="1.0"?>
<opencv_storage>
<grad type_id="opencv-matrix">
  <rows>10</rows>
  <cols>10</cols>
  <dt>f</dt>
  <data>
    1.07361832e+01 1.00869125e+02 1.98959152e+02 4.59322433e+01
    9.72740097e+01 1.03664330e+02 1.06687202e+02 1.60717926e+02
    6.86784363e+01 2.53618530e+02 1.35148300e+02 1.46062241e+01
    1.76246826e+02 1.91613983e+02 2.39583496e+02 1.57511932e+02
    1.59758469e+02 1.41755173e+02 2.35912598e+02 4.69608383e+01
    2.07611542e+02 1.64537247e+02 1.42600052e+02 1.02737175e+02
    1.03468613e+02 5.85848007e+01 3.55882263e+00 8.47420654e+01
    3.53490677e+01 1.77375565e+01 9.80989532e+01 1.14251907e+02
    2.10463959e+02 5.32839966e+00 2.23125427e+02 2.16345978e+02
    2.19536133e+02 1.77922699e+02 1.25694908e+02 1.77097565e+02
    1.50736191e+02 2.71918869e+01 6.30571747e+01 4.43371735e+01
    1.07729355e+02 1.77780518e+02 4.06912689e+01 5.00103302e+01
    1.99828552e+02 1.82706055e+02 1.08847488e+02 4.66808548e+01
    1.62252945e+02 1.95956604e+02 1.41752411e+02 2.01021057e+02
    5.58860397e+01 1.24112991e+02 5.64814453e+01 4.98813705e+01
    1.07606133e+02 2.28782196e+01 8.67063141e+00 2.45093750e+02
    6.75666351e+01 1.57546997e+02 2.25578735e+02 1.66310699e+02
    2.24173111e+02 2.83480988e+01 1.69384705e+02 2.34461517e+02
    1.75377426e+01 1.84520111e+02 1.08640213e+01 1.02095909e+02
    3.04008942e+01 1.67960892e+02 2.22538452e+02 2.07521362e+02
    1.36316086e+02 1.49429337e+02 4.67106934e+01 1.26081558e+02
    5.85523529e+01 1.76143707e+02 3.72958984e+01 3.53516541e+01
    8.76702423e+01 2.37757172e+02 3.46985931e+01 1.80934540e+02
    6.02070694e+01 2.21516052e+02 4.49178085e+01 9.55109406e+01
    9.51830902e+01 3.29744492e+01 1.75661118e+02 1.35951080e+02</data></grad>
<my_hist type_id="opencv-matrix">
  <rows>106</rows>
  <cols>1</cols>
  <dt>f</dt>
  <data>
    0. 1. 1. 1. 2. 0. 1. 2. 0. 1. 0. 2. 1. 1. 3. 1. 0. 1. 2. 4. 2. 0. 0.
    2. 2. 1. 1. 0. 2. 0. 0. 0. 0. 0. 0. 1. 1. 0. 0. 2. 1. 1. 3. 2. 2. 2.
    0. 1. 0. 0. 0. 1. 2. 0. 0. 0. 3. 0. 0. 3. 0. 0. 1. 1. 0. 2. 1. 2. 1.
    1. 2. 0. 0. 3. 3. 1. 1. 1. 0. 0. 1. 1. 0. 2. 1. 0. 2. 1. 0. 0. 1. 1.
    1. 3. 1. 0. 0. 1. 1. 1. 1. 0. 1. 0. 0. 0.</data></my_hist>
<your_hist type_id="opencv-matrix">
  <rows>106</rows>
  <cols>1</cols>
  <dt>f</dt>
  <data>
    0. 1.01010101e-02 1.01010101e-02 1.01010101e-02 2.02020202e-02 0.
    1.01010101e-02 2.02020202e-02 0. 1.01010101e-02 0. 2.02020202e-02
    1.01010101e-02 1.01010101e-02 3.03030312e-02 1.01010101e-02 0.
    1.01010101e-02 2.02020202e-02 4.04040404e-02 2.02020202e-02 0. 0.
    2.02020202e-02 2.02020202e-02 1.01010101e-02 1.01010101e-02 0.
    2.02020202e-02 0. 0. 0. 0. 0. 0. 1.01010101e-02 1.01010101e-02 0. 0.
    2.02020202e-02 1.01010101e-02 1.01010101e-02 3.03030312e-02
    2.02020202e-02 2.02020202e-02 2.02020202e-02 0. 1.01010101e-02 0. 0.
    0. 1.01010101e-02 2.02020202e-02 0. 0. 0. 3.03030312e-02 0. 0.
    3.03030312e-02 0. 0. 1.01010101e-02 1.01010101e-02 0. 2.02020202e-02
    1.01010101e-02 2.02020202e-02 1.01010101e-02 1.01010101e-02
    2.02020202e-02 0. 0. 3.03030312e-02 3.03030312e-02 1.01010101e-02
    1.01010101e-02 1.01010101e-02 0. 0. 1.01010101e-02 1.01010101e-02 0.
    2.02020202e-02 1.01010101e-02 0. 2.02020202e-02 1.01010101e-02 0. 0.
    1.01010101e-02 1.01010101e-02 1.01010101e-02 3.03030312e-02
    1.01010101e-02 0. 0. 1.01010101e-02 1.01010101e-02 1.01010101e-02
    1.01010101e-02 0. 1.01010101e-02 0. 0. 0.</data></your_hist>
<my_max_grad>2.5361853027343750e+02</my_max_grad>
<your_max_grad>2.5361853027343750e+02</your_max_grad>
</opencv_storage>
