<?xml version="1.0"?>
<opencv_storage>
<L2>6.8421053886413574e-01</L2>
<cm type_id="opencv-matrix">
  <rows>2</rows>
  <cols>2</cols>
  <dt>f</dt>
  <data>
    52. 7. 24. 78.</data></cm>
<my_v>6.8421053886413574e-01</my_v>
<your_v>0.</your_v>
</opencv_storage>
