<?xml version="1.0"?>
<opencv_storage>
<L2>9.2500001192092896e-01</L2>
<cm type_id="opencv-matrix">
  <rows>2</rows>
  <cols>2</cols>
  <dt>f</dt>
  <data>
    37. 3. 16. 24.</data></cm>
<my_v>9.2500001192092896e-01</my_v>
<your_v>0.</your_v>
</opencv_storage>
