<?xml version="1.0"?>
<opencv_storage>
<L2>5.5208331346511841e-01</L2>
<cm type_id="opencv-matrix">
  <rows>2</rows>
  <cols>2</cols>
  <dt>f</dt>
  <data>
    53. 24. 43. 42.</data></cm>
<my_v>5.5208331346511841e-01</my_v>
<your_v>0.</your_v>
</opencv_storage>
