<?xml version="1.0"?>
<opencv_storage>
<grad type_id="opencv-matrix">
  <rows>10</rows>
  <cols>10</cols>
  <dt>f</dt>
  <data>
    1.15412407e+02 5.29851532e+00 1.16242325e+02 2.38508987e+02
    2.29856903e+02 2.52092636e+02 1.78449127e+02 2.21658997e+02
    2.04718353e+02 2.22552032e+01 2.95897903e+01 3.78725052e+01
    1.32613831e+01 1.82832382e+02 2.30980377e+01 1.89933731e+02
    1.76883255e+02 1.04132858e+02 2.53485641e+01 2.41974091e+02
    1.81187042e+02 1.91839401e+02 2.03555847e+02 7.83585739e+01
    2.48593933e+02 4.27100525e+01 2.81254578e+00 1.89520996e+02
    5.40888596e+01 2.63795547e+01 9.66573029e+01 1.01999458e+02
    4.64204178e+01 2.48188690e+02 4.79882584e+01 2.98371811e+01
    6.90482330e+01 3.55104218e+01 8.87645721e+00 1.49822144e+02
    1.87683380e+02 6.31035156e+01 7.76108704e+01 1.85972000e+02
    8.74084320e+01 2.37069321e+01 1.14255577e+02 1.93590942e+02
    1.20931236e+02 4.06306534e+01 2.49356232e+01 2.52275543e+02
    1.61567673e+02 2.24363159e+02 2.36315948e+02 5.29535599e+01
    1.71206421e+02 1.95909332e+02 6.78881683e+01 1.29206055e+02
    2.47848114e+02 1.66577957e+02 2.33239655e+02 2.89654083e+01
    1.12072853e+02 1.68829254e+02 2.53047943e+00 6.72463226e+00
    2.44490280e+02 1.94570312e+02 8.76007080e+00 9.50294495e+00
    1.19188965e+02 1.10887154e+02 2.49125153e+02 2.29514511e+02
    2.44876587e+02 1.87312988e+02 2.47567245e+02 2.08516296e+02
    2.34260605e+02 1.55768280e+02 1.74987335e+02 9.05286560e+01
    2.45298920e+02 1.69747772e+02 1.41583023e+02 2.55049591e+02
    2.21645767e+02 2.29765198e+02 2.01403839e+02 5.48199997e+01
    2.54619400e+02 1.06665405e+02 1.42289780e+02 1.59653290e+02
    9.28506470e+01 2.40359177e+02 2.39136078e+02 1.73701599e+02</data></grad>
<my_hist type_id="opencv-matrix">
  <rows>95</rows>
  <cols>1</cols>
  <dt>f</dt>
  <data>
    1. 2. 1. 3. 1. 0. 0. 0. 3. 3. 1. 2. 0. 1. 1. 2. 0. 2. 0. 1. 2. 0. 0.
    1. 0. 2. 0. 0. 1. 1. 0. 0. 1. 1. 1. 0. 1. 1. 1. 1. 0. 2. 2. 1. 1. 1.
    0. 0. 1. 0. 0. 0. 2. 0. 0. 1. 0. 0. 1. 1. 1. 0. 2. 2. 1. 2. 1. 1. 1.
    3. 2. 1. 3. 0. 0. 2. 1. 1. 0. 0. 0. 0. 2. 1. 0. 3. 1. 1. 2. 2. 1. 3.
    5. 2. 1.</data></my_hist>
<your_hist type_id="opencv-matrix">
  <rows>95</rows>
  <cols>1</cols>
  <dt>f</dt>
  <data>
    1.01010101e-02 2.02020202e-02 1.01010101e-02 3.03030312e-02
    1.01010101e-02 0. 0. 0. 3.03030312e-02 3.03030312e-02 1.01010101e-02
    2.02020202e-02 0. 1.01010101e-02 1.01010101e-02 2.02020202e-02 0.
    2.02020202e-02 0. 1.01010101e-02 2.02020202e-02 0. 0. 1.01010101e-02
    0. 2.02020202e-02 0. 0. 1.01010101e-02 1.01010101e-02 0. 0.
    1.01010101e-02 1.01010101e-02 1.01010101e-02 0. 1.01010101e-02
    1.01010101e-02 1.01010101e-02 1.01010101e-02 0. 2.02020202e-02
    2.02020202e-02 1.01010101e-02 1.01010101e-02 1.01010101e-02 0. 0.
    1.01010101e-02 0. 0. 0. 2.02020202e-02 0. 0. 1.01010101e-02 0. 0.
    1.01010101e-02 1.01010101e-02 1.01010101e-02 0. 2.02020202e-02
    2.02020202e-02 1.01010101e-02 2.02020202e-02 1.01010101e-02
    1.01010101e-02 1.01010101e-02 3.03030312e-02 2.02020202e-02
    1.01010101e-02 3.03030312e-02 0. 0. 2.02020202e-02 1.01010101e-02
    1.01010101e-02 0. 0. 0. 0. 2.02020202e-02 1.01010101e-02 0.
    3.03030312e-02 1.01010101e-02 1.01010101e-02 2.02020202e-02
    2.02020202e-02 1.01010101e-02 3.03030312e-02 5.05050495e-02
    2.02020202e-02 1.01010101e-02</data></your_hist>
<my_max_grad>2.5504959106445312e+02</my_max_grad>
<your_max_grad>2.5504959106445312e+02</your_max_grad>
</opencv_storage>
