<?xml version="1.0"?>
<opencv_storage>
<L2>1.0198039027185569e+01</L2>
<gt type_id="opencv-matrix">
  <rows>2</rows>
  <cols>10</cols>
  <dt>u</dt>
  <data>
    1 0 1 1 0 1 0 0 1 0 1 1 0 1 0 1 0 0 1 0</data></gt>
<pred type_id="opencv-matrix">
  <rows>2</rows>
  <cols>10</cols>
  <dt>u</dt>
  <data>
    1 0 0 0 0 0 1 0 1 0 0 1 1 1 0 0 1 0 0 1</data></pred>
<my_cm type_id="opencv-matrix">
  <rows>2</rows>
  <cols>2</cols>
  <dt>f</dt>
  <data>
    4. 6. 4. 6.</data></my_cm>
<your_cm type_id="opencv-matrix">
  <rows>2</rows>
  <cols>2</cols>
  <dt>f</dt>
  <data>
    8. 0. 0. 12.</data></your_cm>
</opencv_storage>
