<?xml version="1.0"?>
<opencv_storage>
<L2>7.8571426868438721e-01</L2>
<cm type_id="opencv-matrix">
  <rows>2</rows>
  <cols>2</cols>
  <dt>f</dt>
  <data>
    77. 21. 38. 3.</data></cm>
<my_v>7.8571426868438721e-01</my_v>
<your_v>0.</your_v>
</opencv_storage>
