<?xml version="1.0"?>
<opencv_storage>
<L2>8.5135138034820557e-01</L2>
<cm type_id="opencv-matrix">
  <rows>2</rows>
  <cols>2</cols>
  <dt>f</dt>
  <data>
    63. 11. 89. 3.</data></cm>
<my_v>8.5135138034820557e-01</my_v>
<your_v>0.</your_v>
</opencv_storage>
