<?xml version="1.0"?>
<opencv_storage>
<L2>5.0434780120849609e-01</L2>
<cm type_id="opencv-matrix">
  <rows>2</rows>
  <cols>2</cols>
  <dt>f</dt>
  <data>
    58. 84. 30. 45.</data></cm>
<my_v>5.0434780120849609e-01</my_v>
<your_v>0.</your_v>
</opencv_storage>
