<?xml version="1.0"?>
<opencv_storage>
<L2>6.2337660789489746e-01</L2>
<cm type_id="opencv-matrix">
  <rows>2</rows>
  <cols>2</cols>
  <dt>f</dt>
  <data>
    96. 58. 31. 98.</data></cm>
<my_v>6.2337660789489746e-01</my_v>
<your_v>0.</your_v>
</opencv_storage>
