<?xml version="1.0"?>
<opencv_storage>
<L2_diff>2.4534970959836082e+03</L2_diff>
<contrast>1.8791755544199833e+00</contrast>
<brightness>9.6886391509090664e-01</brightness>
<gamma>2.6265083682360374e-01</gamma>
<only_luma>1</only_luma>
<test_img type_id="opencv-matrix">
  <rows>10</rows>
  <cols>20</cols>
  <dt>"3u"</dt>
  <data>
    101 157 72 231 201 29 138 116 70 58 36 190 145 62 43 137 139 127 180
    62 135 19 27 125 130 243 14 168 188 185 150 159 103 59 89 209 77 82
    84 212 221 237 194 174 70 104 54 91 203 89 83 35 192 175 215 61 214
    208 241 176 237 102 53 140 156 64 106 125 75 172 42 141 139 4 25 41
    248 139 186 99 83 229 147 224 76 39 224 230 140 50 118 138 243 183
    140 250 78 95 146 168 121 206 88 96 53 232 150 214 187 183 163 176
    107 174 222 34 169 108 4 221 220 14 211 161 26 120 81 125 14 154 207
    133 142 2 168 13 244 193 236 172 43 210 17 98 227 164 70 19 59 104
    219 217 206 97 134 136 111 239 124 45 6 44 180 207 36 75 68 44 252
    135 136 92 1 15 171 125 234 116 237 253 63 236 167 121 150 39 16 229
    226 222 247 123 128 44 99 251 45 70 78 120 230 18 159 194 45 82 15
    137 127 104 33 58 203 149 202 30 86 44 138 46 64 14 67 141 117 34
    142 96 177 128 118 55 34 120 218 154 90 35 155 117 209 88 135 238 18
    26 29 123 147 114 134 98 220 136 120 229 195 73 178 194 21 40 37 19
    152 247 203 126 160 119 110 49 35 0 176 144 164 50 66 89 103 75 54
    34 34 252 148 228 70 217 252 30 198 12 32 84 108 30 40 10 170 159 54
    23 181 250 80 101 201 67 125 194 171 114 167 61 169 138 214 182 35
    34 45 37 246 235 204 186 227 55 189 165 240 92 62 20 15 118 86 87
    160 14 167 23 231 117 38 192 104 237 120 160 157 65 188 222 83 38 92
    199 131 60 14 84 108 236 84 14 215 192 212 22 221 113 126 240 24 98
    202 118 109 65 11 197 240 128 213 100 139 76 82 161 152 158 168 186
    228 108 110 67 58 74 189 95 92 50 193 226 70 71 234 157 120 139 40
    89 30 51 10 197 111 16 80 99 23 103 16 31 57 231 84 86 78 164 219
    114 88 49 170 62 154 12 248 15 168 237 191 164 16 179 102 28 82 249
    87 66 216 179 19 158 53 144 98 175 173 33 73 28 71 253 24 226 130 27
    252 149 97 236 60 193 61 104 4 149 204 140 97 253 16 29 13 56 254
    217 22 56 192 95 113 109 138 40 143 201 23 174 175 203 160 58 244
    115 68 75 193 179 32 75 170 137 158 33 95 12 6 197 226 3 56 189 192
    173 194 110 251 184 164 131 169 46 197 175 27 192 139 230 221 171 65
    120 117 214 60 41 200 185 197 228 91 40 149 82 94 88 16 40 215 15
    116 85 240 208 134 194 148 79 140 49 72 121 130 51 220 104 174 186
    197 58 72 177 202 169 236 172 169 94 210 155 117 49</data></test_img>
<my_img type_id="opencv-matrix">
  <rows>10</rows>
  <cols>20</cols>
  <dt>"3u"</dt>
  <data>
    255 255 255 255 255 90 255 255 255 211 131 255 255 255 196 255 255
    255 255 236 255 98 139 255 255 255 41 255 255 255 255 255 255 198
    255 255 255 255 255 255 255 255 255 255 250 255 255 255 255 255 255
    126 255 255 255 200 255 255 255 255 255 255 160 255 255 255 255 255
    255 255 166 255 255 19 118 119 255 255 255 255 255 255 255 255 241
    124 255 255 255 155 255 255 255 255 255 255 255 255 255 255 255 255
    255 255 255 255 255 255 255 255 255 255 255 255 255 109 255 255 13
    255 255 45 255 255 108 255 255 255 72 255 255 255 255 8 255 38 255
    255 255 255 131 255 57 255 255 255 220 114 255 255 255 255 255 255
    255 255 255 255 255 255 73 255 255 255 122 255 255 255 255 255 255
    255 7 100 255 255 255 255 255 255 191 255 255 255 255 173 50 255 255
    255 255 255 255 222 255 255 130 202 242 255 255 64 255 255 255 255
    110 255 255 255 114 200 255 255 255 104 255 209 255 255 255 127 255
    255 255 158 255 255 255 255 255 255 181 255 255 255 255 151 255 255
    255 255 255 255 54 78 131 255 255 255 255 255 255 255 255 255 255
    227 255 255 75 255 255 255 255 255 255 255 255 255 255 255 201 0 255
    255 255 205 255 255 255 255 255 255 255 255 255 255 201 255 255 105
    255 42 187 255 255 255 255 135 255 255 215 67 255 255 255 255 255
    239 255 255 255 255 255 244 255 255 255 255 115 255 255 255 255 255
    255 255 255 172 255 255 255 255 255 133 81 255 255 255 255 59 255 71
    255 255 137 255 255 255 255 255 255 255 255 255 255 133 255 255 255
    255 69 255 255 255 255 46 255 255 255 73 255 255 255 255 72 255 255
    255 255 229 39 255 255 255 255 255 255 255 255 255 255 255 255 255
    255 255 255 255 255 255 255 255 255 157 255 255 214 217 255 255 255
    255 255 255 206 180 35 255 255 91 255 255 140 255 160 255 255 255
    255 255 252 255 255 255 255 255 255 247 255 35 255 44 255 255 255
    255 61 255 255 171 255 255 253 192 255 255 62 255 225 255 255 255
    255 255 255 227 204 255 69 255 255 85 255 255 255 255 182 255 255
    255 24 255 255 255 255 255 46 255 132 255 255 255 63 202 255 255 255
    255 255 139 255 255 90 255 255 255 255 200 255 255 201 255 255 255
    128 255 255 255 255 140 255 78 39 255 255 9 202 255 255 255 255 255
    255 255 255 255 255 184 255 255 95 255 255 255 255 255 208 255 255
    255 209 143 255 255 255 255 255 178 255 255 255 255 52 131 255 82
    255 255 255 255 255 255 255 255 255 230 255 255 255 254 255 255 255
    255 255 205 249 255 255 255 255 255 255 255 255 255 255 211</data></my_img>
<your_img type_id="opencv-matrix">
  <rows>10</rows>
  <cols>20</cols>
  <dt>"3u"</dt>
  <data>
    147 149 255 64 67 255 206 208 255 255 255 255 248 249 255 221 223
    255 255 255 255 255 255 255 13 15 255 156 161 255 166 169 255 255
    255 255 255 255 255 92 101 255 120 124 255 255 255 255 255 255 255
    142 143 255 255 255 255 32 39 255 208 210 255 143 145 255 198 199
    255 255 255 255 255 255 255 14 15 255 247 248 255 255 255 255 255
    255 255 154 157 255 255 255 255 255 255 255 255 255 255 255 255 255
    216 217 255 255 255 255 156 161 255 255 255 255 255 255 255 255 255
    255 255 255 255 255 255 255 139 140 255 94 98 255 255 255 255 26 27
    255 107 110 255 255 255 255 135 139 255 255 255 255 95 102 255 239
    240 255 30 33 255 255 255 255 59 62 255 242 242 255 237 241 255 255
    255 255 255 255 255 51 56 255 42 44 255 132 133 255 68 69 255 15 22
    255 255 255 255 255 255 255 255 255 255 230 231 255 187 187 255 222
    224 255 255 255 255 63 65 255 255 255 255 205 205 255 209 210 255
    189 190 255 233 236 255 255 255 255 165 168 255 183 184 255 255 255
    255 255 255 255 255 255 255 205 206 255 221 224 255 90 95 255 69 71
    255 242 242 255 20 26 255 175 178 255 253 253 255 160 160 255 255
    255 255 231 232 255 255 255 255 255 255 255 107 110 255 60 61 255
    255 255 255 224 224 255 131 134 255 208 209 255 255 255 255 255 255
    255 255 255 255 171 172 255 90 93 255 255 255 255 49 59 255 38 42
    255 246 252 255 215 216 255 220 220 255 102 103 255 255 255 255 255
    255 255 33 36 255 142 144 255 52 56 255 255 255 255 209 210 255 255
    255 255 255 255 255 49 52 255 255 255 255 255 255 255 243 246 255
    255 255 255 255 255 255 177 179 255 196 198 255 204 208 255 255 255
    255 255 255 255 255 255 255 163 165 255 255 255 255 255 255 255 198
    198 255 255 255 255 255 255 255 255 255 255 255 255 255 255 255 255
    235 237 255 222 223 255 255 255 255 8 8 255 43 49 255 255 255 255
    255 255 255 244 247 255 84 87 255 255 255 255 180 182 255 214 214
    255 2 4 255 146 148 255 178 183 255 255 255 255 151 151 255 102 106
    255 2 4 255 255 255 255 43 47 255 105 106 255 255 255 255 255 255
    255 183 184 255 133 136 255 206 208 255 142 144 255 255 255 255 118
    119 255 246 246 255 29 32 253 157 159 255 109 112 255 155 161 255
    112 114 255 93 96 255 255 255 255 122 125 255 255 255 255 255 255
    255 154 160 255 255 255 255 255 255 255 255 255 255 222 222 255 92
    98 255 166 169 255 255 255 255 168 169 255 255 255 255 81 84 255 192
    194 255 42 48 255 255 255 255 184 185 255</data></your_img>
</opencv_storage>
