<?xml version="1.0"?>
<opencv_storage>
<L2_diff>3.0039340871597033e+03</L2_diff>
<contrast>2.1742101704434278e+00</contrast>
<brightness>-6.6736664868661744e-01</brightness>
<gamma>1.2102891910760667e+00</gamma>
<only_luma>1</only_luma>
<test_img type_id="opencv-matrix">
  <rows>10</rows>
  <cols>20</cols>
  <dt>"3u"</dt>
  <data>
    204 155 51 184 214 19 141 209 72 107 35 253 105 52 228 121 162 57
    222 20 228 217 215 135 55 141 107 160 119 22 175 83 180 67 39 78 132
    29 33 59 230 150 49 23 247 61 153 212 91 55 53 47 16 242 111 242 219
    182 104 26 50 71 41 119 53 66 123 116 147 179 148 134 139 28 209 189
    226 11 202 221 223 10 22 16 233 7 240 63 46 214 107 140 62 213 42
    176 224 198 118 56 239 1 124 235 112 147 142 197 160 147 223 198 112
    28 107 153 239 27 35 250 33 251 47 11 26 24 150 135 107 175 176 205
    153 123 74 171 221 245 3 29 109 33 95 187 124 22 249 106 13 155 230
    69 234 36 159 169 216 155 228 107 226 15 178 250 118 72 83 204 128
    38 81 124 89 238 12 227 30 67 53 212 78 223 100 223 86 138 30 74 165
    31 244 37 226 106 126 199 69 211 134 212 43 102 58 69 12 189 116 4
    42 193 66 104 251 201 144 228 12 82 202 202 150 184 5 224 79 70 158
    66 36 113 200 73 17 197 19 155 8 102 204 241 243 187 36 8 149 230
    221 78 244 181 193 230 249 3 211 68 250 16 220 26 229 25 122 178 104
    221 183 64 250 179 132 49 198 232 186 147 210 193 202 97 149 97 133
    184 180 44 168 82 49 119 216 54 100 110 74 164 223 162 84 192 91 230
    97 107 130 182 4 87 209 29 32 44 130 145 163 144 66 214 146 129 200
    173 203 159 55 166 224 69 159 101 67 98 128 169 30 210 221 221 214
    129 31 12 32 140 174 27 254 64 117 123 156 69 163 43 241 100 120 168
    152 209 177 119 27 184 140 34 151 239 138 28 119 21 34 21 202 181
    122 127 175 242 35 169 57 211 37 44 154 129 145 247 75 97 222 44 16
    147 126 177 85 238 202 164 249 248 36 63 69 30 2 37 221 160 113 5
    195 24 143 81 199 87 123 238 173 251 191 192 225 56 70 179 126 20 63
    92 81 6 117 71 90 13 211 133 104 120 205 248 212 90 14 247 12 165 51
    193 150 31 68 124 143 243 137 21 221 152 79 25 29 120 158 7 184 93
    139 221 95 26 161 15 17 155 252 112 239 124 24 210 54 0 94 24 205 22
    80 72 207 187 167 135 123 116 191 64 246 207 20 211 172 49 146 141
    245 189 79 166 228 159 90 126 44 217 174 170 72 249 102 216 166 32
    22 107 153 112 126 225 211 251 178 165 66 74 77 251 171 172 67 59
    214 5 112 229 9 104 180 144 202 182 215 5 138 9 2 88 172 24 86 104
    115 68 62 235 206 37 151 104 21 202 185 87 12 7 206 27 64 182 85 113
    153 163 129 125 163 252 184 55 13 155 34 138 4 36</data></test_img>
<my_img type_id="opencv-matrix">
  <rows>10</rows>
  <cols>20</cols>
  <dt>"3u"</dt>
  <data>
    253 192 63 239 255 25 179 255 92 160 52 255 145 72 255 112 150 53
    255 28 255 255 255 178 39 100 76 145 108 20 188 89 194 0 0 0 80 18
    20 82 255 208 72 34 255 79 197 255 0 0 0 68 23 255 161 255 255 198
    113 28 0 0 0 50 22 28 96 90 114 191 158 143 177 36 255 255 255 15
    255 255 255 0 0 0 255 10 255 82 60 255 75 98 43 255 54 228 255 255
    160 80 255 1 175 255 158 176 170 236 216 199 255 238 135 34 153 219
    255 40 52 255 49 255 70 0 0 0 122 109 87 218 219 255 129 103 62 250
    255 255 1 7 28 37 107 211 184 33 255 91 11 133 255 97 255 36 157 167
    255 213 255 146 255 21 255 255 175 89 103 253 71 21 45 177 127 255
    16 255 41 86 68 255 105 255 135 255 116 186 29 70 157 45 255 54 255
    145 172 255 89 255 173 255 55 13 7 9 14 216 132 5 49 226 98 155 255
    255 198 255 15 101 248 248 184 226 7 255 107 62 140 59 44 137 243 87
    20 236 16 133 7 147 255 255 255 255 52 11 207 255 255 114 255 251
    255 255 255 4 255 101 255 24 255 36 255 26 129 189 139 255 245 95
    255 255 159 59 238 255 255 205 255 246 255 78 119 78 147 203 199 43
    164 80 64 156 255 15 27 30 100 222 255 188 98 223 126 255 135 117
    142 198 5 111 255 0 0 0 122 136 152 187 86 255 177 157 243 213 251
    196 75 225 255 62 143 91 37 54 71 216 38 255 255 255 255 73 18 7 33
    144 179 41 255 96 102 107 136 65 152 40 255 144 173 214 193 255 186
    125 28 203 155 38 216 255 198 12 50 9 42 26 248 196 132 138 253 255
    51 217 73 255 31 37 131 190 213 255 101 130 255 34 12 114 133 186 89
    255 255 234 255 255 53 0 0 0 3 50 255 145 103 5 231 28 169 98 241
    105 176 255 247 255 255 255 255 76 95 191 135 21 0 0 0 2 46 28 115
    17 255 82 64 74 255 255 255 132 21 255 11 157 49 226 175 36 50 91
    105 255 199 30 255 204 106 11 13 52 175 8 203 125 186 255 87 24 148
    13 15 133 255 167 255 158 31 255 0 0 0 30 255 27 101 91 255 211 188
    152 142 134 221 94 255 255 26 255 221 38 112 108 255 255 115 229 255
    219 47 66 23 255 229 224 107 255 151 255 218 42 18 90 129 152 172
    255 255 255 255 157 63 70 115 255 255 174 68 60 255 7 146 255 12 144
    221 177 248 238 255 7 94 6 1 89 174 24 31 37 41 96 88 255 255 46 189
    128 26 248 206 97 13 9 255 34 70 198 93 106 143 152 121 117 152 255
    255 82 11 133 29 94 3 24</data></my_img>
<your_img type_id="opencv-matrix">
  <rows>10</rows>
  <cols>20</cols>
  <dt>"3u"</dt>
  <data>
    0 0 0 0 0 0 0 0 0 255 255 255 255 255 255 0 0 0 255 255 255 19 21
    123 28 28 62 0 0 0 149 150 221 0 0 0 0 0 0 15 16 156 255 255 255 116
    117 255 0 0 0 255 255 255 16 18 255 0 0 0 0 0 0 0 0 0 81 82 149 51
    52 121 253 253 255 0 0 0 42 46 255 0 0 0 255 255 255 242 242 255 0 0
    0 177 178 212 19 20 86 0 0 0 6 6 73 114 116 255 133 135 255 0 0 0
    140 141 255 255 255 255 0 0 0 0 0 0 29 30 62 85 88 255 0 0 0 48 52
    255 59 59 67 148 149 236 255 255 255 158 158 167 247 248 255 74 75
    197 128 130 255 0 0 0 2 3 86 184 185 255 5 5 6 226 227 255 0 0 0 230
    231 255 6 6 47 86 87 130 134 134 189 0 0 0 61 61 104 210 212 255 0 0
    0 0 0 0 21 21 82 208 208 249 222 223 255 142 144 255 183 183 255 95
    96 230 0 0 2 0 0 0 147 148 255 241 241 255 0 0 0 71 73 255 0 0 0 137
    137 255 250 252 255 80 83 255 255 255 255 0 0 0 255 255 255 113 113
    217 30 32 228 4 5 219 210 211 255 40 42 149 65 68 255 17 17 41 62 63
    221 3 3 8 160 160 255 42 42 69 112 113 255 166 167 247 4 4 41 111
    111 226 187 187 255 0 0 0 79 80 184 219 219 255 131 132 255 36 37
    176 111 111 255 19 19 49 67 67 108 253 253 255 39 43 255 0 0 0 94 94
    208 0 0 0 87 88 169 0 0 0 55 56 91 115 117 255 0 0 0 0 0 0 8 9 130 0
    0 0 247 247 255 55 56 106 0 0 0 224 225 255 136 136 165 158 160 255
    194 194 255 140 140 149 4 5 15 39 41 186 0 0 0 0 0 0 255 255 255 0 0
    0 127 128 141 4 4 19 14 15 206 62 65 247 0 0 0 0 0 0 4 4 6 0 0 0 255
    255 255 54 54 91 8 12 255 255 255 255 0 0 0 0 0 0 72 73 141 0 0 0 1
    1 2 80 80 91 224 224 230 141 142 255 162 162 180 156 156 167 196 198
    255 255 255 255 34 34 34 0 0 0 201 201 255 43 44 123 134 134 245 10
    11 255 35 35 204 58 59 136 0 0 2 19 20 176 0 0 0 63 65 199 1 1 52 0
    0 0 94 94 162 161 163 255 3 6 217 0 0 0 3 4 202 0 0 0 72 72 73 54 54
    56 117 119 255 0 0 0 0 0 0 0 0 0 47 47 80 255 255 255 135 135 158
    247 247 255 0 0 0 0 0 0 4 4 15 74 75 184 94 95 184 0 0 0 0 0 0 0 0 0</data></your_img>
</opencv_storage>
