<?xml version="1.0"?>
<opencv_storage>
<L2_diff>3.1216828794738262e+03</L2_diff>
<contrast>2.1661448296843826e+00</contrast>
<brightness>-3.4927223309391131e-02</brightness>
<gamma>7.7664238418846165e-01</gamma>
<only_luma>1</only_luma>
<test_img type_id="opencv-matrix">
  <rows>10</rows>
  <cols>20</cols>
  <dt>"3u"</dt>
  <data>
    0 113 156 178 1 140 40 152 113 227 119 164 231 41 203 48 197 115 53
    76 45 151 173 134 140 146 123 160 124 9 198 157 101 150 208 114 240
    131 125 130 32 216 97 111 147 116 10 150 217 208 92 14 242 199 4 22
    104 83 31 103 143 74 67 186 40 187 224 81 56 90 114 80 206 235 92
    246 145 250 161 209 64 92 170 37 132 90 98 94 98 22 117 184 182 62
    23 77 98 191 52 216 49 76 149 169 30 75 228 16 233 51 41 248 91 7 98
    210 140 92 34 15 67 93 222 23 139 139 88 203 18 24 231 150 174 207
    106 65 82 122 103 3 148 145 235 179 55 93 136 42 219 225 45 11 88 63
    230 234 27 4 130 122 74 58 136 169 0 89 131 154 144 250 1 90 179 232
    234 52 236 217 21 170 230 133 33 141 0 222 112 117 131 191 121 145
    174 110 91 244 118 208 211 47 69 71 115 152 47 250 127 213 176 162
    141 138 82 38 48 4 249 239 229 189 23 150 75 221 87 182 171 34 6 51
    4 85 140 201 192 226 179 139 240 187 181 12 90 147 55 6 233 54 211
    223 60 125 191 190 64 186 224 126 122 31 90 60 175 197 156 217 58
    245 51 68 185 192 89 103 120 235 202 45 212 239 105 201 153 6 102
    151 122 82 222 80 224 231 106 164 163 142 140 2 193 41 220 73 71 154
    193 138 82 135 135 45 171 60 39 226 13 34 229 111 228 103 67 76 129
    184 188 212 16 178 192 253 192 137 61 162 95 240 79 180 197 179 254
    209 143 157 55 208 53 83 198 103 165 176 4 252 36 33 124 47 199 18
    101 230 137 116 39 155 235 159 164 84 45 166 194 220 156 234 235 178
    232 236 87 77 152 146 132 140 108 138 93 68 243 162 212 130 214 109
    120 21 169 10 89 146 84 49 231 214 78 2 144 192 83 97 181 196 226 11
    254 159 132 134 88 142 7 203 91 211 69 61 99 187 188 40 133 182 144
    15 120 120 97 33 183 133 29 90 246 57 83 224 82 225 18 18 12 78 226
    216 136 136 164 50 206 250 129 116 168 233 71 175 135 173 138 88 164
    141 201 69 115 63 246 100 63 76 17 208 143 131 40 61 154 37 68 161
    61 158 92 103 18 197 56 213 88 189 42 175 149 34 81 120 218 107 75
    185 249 166 214 173 108 44 186 114 22 114 20 52 69 147 160 56 14 80
    54 51 167 200 194 193 164 196 188 172 248 168 5 207 166 228 54 49
    232 150 107 65 45 36 95 200 36 222 251 148 215 23 47 192 31 140 201
    32 17 6 212 242 180 145 175 66 238 17 173 210 227 76 232 215 183 137
    188 206 68 159 79 162 26 214 116 91 8 3 217 42</data></test_img>
<my_img type_id="opencv-matrix">
  <rows>10</rows>
  <cols>20</cols>
  <dt>"3u"</dt>
  <data>
    0 255 255 255 2 255 95 255 255 255 255 255 255 89 255 108 255 255
    144 207 122 255 255 255 255 255 255 255 255 21 255 255 227 255 255
    254 255 255 255 255 71 255 232 255 255 255 24 255 255 255 203 30 255
    255 10 56 255 213 80 255 255 178 161 255 91 255 255 177 123 226 255
    201 255 255 199 255 255 255 255 255 142 213 255 86 255 220 239 244
    254 57 255 255 255 168 62 209 222 255 118 255 108 168 255 255 70 164
    255 35 255 111 89 255 195 15 218 255 255 241 89 39 147 204 255 56
    255 255 197 255 40 52 255 255 255 255 236 161 203 255 246 7 255 255
    255 255 133 226 255 92 255 255 119 29 233 137 255 255 66 10 255 255
    184 144 255 255 0 211 255 255 255 255 2 196 255 255 255 113 255 255
    46 255 255 255 72 255 0 255 255 255 255 255 255 255 255 254 210 255
    254 255 255 104 153 168 255 255 101 255 255 255 255 255 255 255 198
    112 142 12 255 255 255 255 52 255 165 255 191 255 255 78 18 149 12
    190 255 255 255 255 255 255 255 255 255 27 206 255 131 14 255 117
    255 255 132 255 255 255 145 255 255 255 255 77 223 135 255 255 255
    255 128 255 110 146 255 255 201 223 255 255 255 100 255 255 227 255
    255 14 242 255 255 195 255 175 255 255 231 255 255 255 255 5 255 93
    255 160 156 255 255 255 199 255 255 104 255 139 85 255 28 74 255 242
    255 225 146 173 255 255 255 255 35 255 255 255 255 255 138 255 205
    255 178 255 255 255 255 255 255 255 130 255 118 185 255 231 255 255
    9 255 89 82 255 106 255 40 220 255 255 255 92 255 255 255 255 196
    105 255 255 255 255 255 255 255 255 255 188 183 255 255 255 255 255
    255 225 165 255 255 255 255 255 241 255 49 255 24 213 255 183 107
    255 255 172 4 255 255 188 218 255 255 255 23 255 255 255 255 212 255
    17 255 202 255 178 158 255 255 255 91 255 255 255 37 255 255 222 75
    255 255 71 219 255 122 178 255 179 255 62 62 41 171 255 255 255 255
    255 107 255 255 255 255 255 255 154 255 255 255 255 206 255 255 255
    155 255 135 255 215 171 207 46 255 255 255 95 144 255 87 159 255 144
    255 217 232 40 255 124 255 195 255 95 255 255 81 193 255 255 236 161
    255 255 255 255 255 246 100 255 255 55 255 55 144 191 255 255 131 38
    216 146 114 255 255 255 255 255 255 255 255 255 255 11 255 255 255
    117 107 255 255 255 155 117 94 248 255 79 255 255 255 255 52 106 255
    69 255 255 101 54 19 255 255 255 255 255 152 255 37 255 255 255 166
    255 255 255 255 255 255 160 255 186 255 57 255 255 228 20 7 255 93</data></my_img>
<your_img type_id="opencv-matrix">
  <rows>10</rows>
  <cols>20</cols>
  <dt>"3u"</dt>
  <data>
    183 183 255 255 255 255 95 96 236 185 187 255 255 255 255 55 55 240
    62 62 89 90 92 255 110 111 255 5 5 11 81 82 210 44 46 238 127 129
    255 255 255 255 175 176 255 255 255 255 35 37 190 22 22 255 198 198
    216 188 188 214 97 97 136 255 255 255 77 77 112 91 91 164 15 17 190
    230 235 255 23 25 130 24 24 71 132 132 203 24 24 39 107 109 255 144
    144 158 26 27 104 126 126 156 19 19 56 3 3 26 64 64 80 4 4 6 52 53
    255 20 20 24 255 255 255 133 133 255 6 6 30 30 30 255 42 44 221 173
    174 255 255 255 255 30 33 255 181 182 255 68 69 255 174 174 182 49
    51 255 255 255 255 83 83 117 0 0 0 158 159 255 0 0 0 147 149 255 255
    255 255 255 255 255 30 30 63 255 255 255 149 150 255 160 162 255 107
    108 188 237 241 255 115 115 141 176 177 255 5 6 255 106 109 255 77
    78 169 0 0 0 31 38 255 255 255 255 24 25 180 21 22 65 0 0 0 192 194
    255 43 47 255 23 27 255 177 177 186 3 3 4 255 255 255 200 201 255 33
    34 130 32 35 255 163 164 186 131 132 255 17 18 117 111 111 138 45 47
    184 255 255 255 255 255 255 251 254 255 207 207 212 88 89 169 255
    255 255 202 205 255 130 132 255 19 19 80 103 104 145 71 73 255 133
    134 255 40 40 121 2 2 19 24 24 232 81 82 136 193 194 255 4 5 26 133
    138 255 57 58 123 255 255 255 123 124 255 2 7 255 42 43 110 135 136
    171 208 210 255 255 255 255 226 226 255 7 7 30 28 30 255 255 255 255
    130 134 255 255 255 255 45 49 255 30 35 255 13 16 180 124 125 255
    101 103 225 88 88 138 164 169 255 37 38 227 255 255 255 200 200 255
    255 255 255 0 0 0 42 43 171 121 122 255 255 255 255 136 137 255 3 3
    6 255 255 255 156 157 206 20 21 78 87 89 255 133 133 251 255 255 255
    165 165 186 133 133 171 255 255 255 16 16 17 52 54 255 162 163 255
    102 104 255 194 195 255 255 255 255 93 95 255 106 107 255 175 176
    240 7 8 208 20 20 28 121 123 255 247 247 255 249 249 255 72 73 190
    255 255 255 30 30 182 255 255 255 144 145 167 32 34 223 146 148 255
    59 62 255 255 255 255 217 218 238 112 112 141 42 43 112 74 74 108
    146 147 255 84 88 255 96 99 255 1 1 2 169 174 255 255 255 255 77 77
    132 169 169 197 255 255 255 192 196 255 255 255 255 192 193 255 4 4
    4 19 24 255 42 43 134 255 255 255 17 19 156 61 66 255 115 118 255 61
    62 162 255 255 255 5 5 8 12 12 82</data></your_img>
</opencv_storage>
