<?xml version="1.0"?>
<opencv_storage>
<r>4</r>
<L2_diff>1.9932988450452465e+03</L2_diff>
<test_img type_id="opencv-matrix">
  <rows>128</rows>
  <cols>256</cols>
  <dt>f</dt>
  <data>
    4.83868122e-02 9.24995899e-01 1.79001361e-01 4.95281219e-01
    6.16396248e-01 2.88749844e-01 8.53227675e-02 2.07490593e-01
    5.47844112e-01 1.17222369e-02 5.73100209e-01 7.01097131e-01
    7.97957301e-01 2.19155401e-01 3.78251076e-04 5.59726059e-01
    8.06561947e-01 1.58944726e-02 5.86892188e-01 2.01963842e-01
    9.93550062e-01 3.19821656e-01 1.23881996e-01 3.08825374e-01
    6.57038093e-01 8.90338421e-01 8.29589367e-01 4.10760611e-01
    2.68795252e-01 4.39055324e-01 1.70926988e-01 5.47086537e-01
    9.13806796e-01 4.30697978e-01 7.24010766e-01 8.46276522e-01
    8.48683715e-01 7.98636854e-01 8.23970675e-01 3.77444804e-01
    8.50270033e-01 9.81440961e-01 4.20469671e-01 3.09804678e-01
    3.16692591e-02 7.35638201e-01 1.84477448e-01 6.47184491e-01
    9.18481469e-01 3.89226496e-01 8.94011915e-01 3.50167513e-01
    2.06811219e-01 7.84961045e-01 7.07414031e-01 2.08667010e-01
    3.42961311e-01 3.75692070e-01 7.67101645e-01 4.77690309e-01
    2.18611866e-01 6.58324420e-01 6.34714663e-02 1.40616059e-01
    7.06257224e-01 5.17554045e-01 5.55365622e-01 8.83232951e-01
    6.81078255e-01 1.24690771e-01 2.29899049e-01 1.48416758e-02
    6.70351982e-02 5.43665886e-01 8.93865943e-01 6.62461638e-01
    7.75012791e-01 7.07628965e-01 9.70343947e-01 2.66809106e-01
    5.02325654e-01 5.96985698e-01 1.34260118e-01 8.36429834e-01
    7.19059944e-01 8.61725926e-01 7.04645157e-01 1.90751731e-01
    5.39910138e-01 2.35207319e-01 2.57170141e-01 8.35536897e-01
    9.54777956e-01 7.86801398e-01 1.80169761e-01 4.32632834e-01
    9.54413414e-02 2.59278774e-01 5.87624013e-01 8.37251663e-01
    8.92370224e-01 3.31481516e-01 9.95107412e-01 2.27261782e-02
    8.12966108e-01 2.83604294e-01 6.47037625e-02 7.34702468e-01
    8.56839538e-01 3.37900877e-01 9.17981863e-01 2.72141844e-01
    9.62685943e-01 9.35980678e-03 3.94807905e-01 9.54767704e-01
    2.28945762e-01 6.59574747e-01 4.13974911e-01 8.18070531e-01
    2.40129650e-01 3.34410310e-01 5.04549623e-01 6.03868663e-01
    3.91803145e-01 9.70230222e-01 4.34080958e-01 6.98778093e-01
    4.29172277e-01 9.02949929e-01 9.58650529e-01 6.91601634e-01
    9.94431078e-01 7.36488581e-01 6.67853594e-01 3.88912261e-02
    4.99959677e-01 8.21976066e-01 5.70338905e-01 5.38797140e-01
    3.47643703e-01 6.51077032e-01 4.40507680e-01 9.89736974e-01
    5.81878245e-01 7.06742585e-01 2.54594266e-01 4.04234350e-01
    6.60494268e-02 8.74915361e-01 7.11992085e-01 4.53926861e-01
    6.00210726e-01 9.77353871e-01 8.44887435e-01 6.88897729e-01
    2.59215027e-01 7.57167935e-02 1.26210004e-01 8.12898099e-01
    8.94967258e-01 8.26313019e-01 4.90096122e-01 6.87076569e-01
    8.62905443e-01 4.07842368e-01 8.64786983e-01 8.26117873e-01
    4.03819442e-01 6.20808423e-01 4.83442694e-01 2.74608791e-01
    8.72558594e-01 7.04054117e-01 2.86861688e-01 4.19076800e-01
    3.88091177e-01 4.26014900e-01 8.96698594e-01 2.71207869e-01
    9.13665235e-01 2.23845869e-01 9.52085853e-01 8.94008160e-01
    2.68589675e-01 9.18808341e-01 7.65932083e-01 1.60592288e-01
    8.94600272e-01 7.23606110e-01 5.18662691e-01 2.58954763e-02
    8.79743516e-01 4.51082379e-01 7.66659498e-01 8.56967270e-02
    6.91579282e-01 7.48288870e-01 3.05134773e-01 5.13150990e-01
    4.82064486e-03 8.92161131e-02 1.21816725e-01 5.14563560e-01
    6.65733099e-01 7.53526211e-01 1.35992765e-02 1.92727149e-01
    1.76612079e-01 5.67730427e-01 4.90981996e-01 1.31355584e-01
    7.03376174e-01 7.93743968e-01 2.80590564e-01 2.19805419e-01
    9.08054829e-01 9.47523594e-01 4.99976248e-01 5.35937428e-01
    8.70709777e-01 3.58294845e-01 4.77835864e-01 2.29914188e-01
    7.34146476e-01 9.90522087e-01 3.48854065e-01 8.67388368e-01
    6.33067608e-01 8.12511802e-01 2.03780353e-01 1.60052657e-01
    3.25468063e-01 3.93654436e-01 1.25473469e-01 2.53993422e-01
    6.16443932e-01 9.55041647e-01 1.56403303e-01 5.24763584e-01
    4.79864091e-01 8.63515437e-01 3.77825350e-01 7.21855938e-01
    1.96568072e-01 8.29600453e-01 5.77204585e-01 8.12436581e-01
    2.77797580e-01 2.95534730e-01 5.76388896e-01 8.19914103e-01
    6.01906538e-01 5.47473967e-01 4.03292954e-01 7.08842814e-01
    6.59721971e-01 9.54140902e-01 6.04101658e-01 7.47210681e-01
    7.48983026e-01 8.17106962e-01 9.31852460e-01 7.62038350e-01
    7.59987831e-02 3.04110885e-01 6.82804227e-01 3.40315849e-01
    8.97061825e-01 9.41034555e-02 3.33302259e-01 3.25391173e-01
    9.68886614e-01 2.56883919e-01 6.42138302e-01 4.78379101e-01
    8.14098001e-01 4.65941429e-02 3.15805525e-01 1.31411850e-01
    5.14854968e-01 4.27696794e-01 8.74657571e-01 5.34170866e-02
    5.93876719e-01 5.05450785e-01 6.96453452e-01 5.94526410e-01
    6.87363327e-01 6.78861499e-01 7.44984269e-01 6.68448627e-01
    2.19949722e-01 1.90032423e-01 7.92799890e-01 2.10663408e-01
    5.53748488e-01 3.02494794e-01 2.55262196e-01 4.32552457e-01
    3.63811284e-01 2.88245380e-01 5.99149168e-01 7.88542032e-01
    7.06374168e-01 1.31170720e-01 7.82410741e-01 8.40894639e-01
    3.61008048e-01 6.10015750e-01 1.21505022e-01 5.33482730e-01
    7.81386733e-01 1.43112838e-02 1.67231858e-01 8.39854181e-02
    6.07977331e-01 7.05313087e-02 9.02269721e-01 4.01245236e-01
    5.24384022e-01 1.51231587e-01 7.74707735e-01 2.11925894e-01
    5.41517258e-01 7.89832950e-01 5.81672609e-01 6.40488148e-01
    5.12726307e-01 7.84580231e-01 3.29149336e-01 1.80842161e-01
    7.64885485e-01 5.69011807e-01 8.89303207e-01 5.22205353e-01
    6.54314756e-01 1.46815985e-01 6.18956566e-01 5.76557159e-01
    9.43335831e-01 9.15850520e-01 9.63901401e-01 8.86229217e-01
    7.51593232e-01 9.14508581e-01 6.58005953e-01 5.68376184e-02
    9.01290894e-01 7.61630833e-01 5.32599092e-01 4.46524799e-01
    1.43942684e-01 5.54824769e-01 5.83040118e-02 1.66632354e-01
    7.44843364e-01 1.09475493e-01 6.86160266e-01 5.49862206e-01
    1.87668771e-01 7.89359093e-01 1.09498084e-01 3.59630555e-01
    8.96739066e-01 6.92663670e-01 8.82148385e-01 2.75794387e-01
    3.64615619e-02 5.73910415e-01 9.94765401e-01 3.47768217e-01
    6.23306632e-03 4.52004075e-01 2.15908855e-01 3.91485274e-01
    9.95603204e-01 1.99436903e-01 7.52048850e-01 2.45039225e-01
    8.19886744e-01 4.81168926e-01 8.37416232e-01 7.03002572e-01
    3.96307677e-01 8.34616542e-01 3.34891349e-01 1.33315206e-01
    6.35858059e-01 9.11527514e-01 2.21334994e-01 9.21252549e-01
    7.10529923e-01 5.92952132e-01 5.34020305e-01 9.06561375e-01
    2.93809414e-01 7.39947855e-02 1.50437444e-01 7.65531540e-01
    1.45387977e-01 8.49956155e-01 9.93797779e-01 8.45687687e-01
    1.09684974e-01 2.35870153e-01 5.71188331e-02 4.19623762e-01
    6.46056116e-01 7.09280968e-01 8.91165078e-01 7.62779832e-01
    3.58778983e-01 3.01581800e-01 1.23985112e-02 3.27798605e-01
    3.92001301e-01 7.13148475e-01 3.46961915e-01 5.60460269e-01
    4.76405352e-01 2.92364061e-02 8.62203062e-01 2.35264510e-01
    2.55369842e-02 9.30616498e-01 5.40736794e-01 4.09233958e-01
    2.35441178e-01 5.76917470e-01 4.33635384e-01 1.95705295e-01
    3.18144500e-01 2.40992486e-01 9.06568408e-01 8.09699297e-02
    4.35246646e-01 3.69237185e-01 7.19044030e-01 7.84015596e-01
    5.62195778e-02 7.30725110e-01 4.74719435e-01 6.26643777e-01
    3.87221396e-01 6.95425391e-01 6.74300194e-01 2.04722136e-01
    8.54720354e-01 9.89138961e-01 9.16339278e-01 9.84984040e-02
    6.83869243e-01 6.51296735e-01 6.49768412e-01 1.13691211e-01
    9.26801801e-01 7.51630425e-01 9.46222246e-02 6.75004125e-01
    9.24940407e-01 7.51611948e-01 3.09001863e-01 3.10549736e-02
    5.54017127e-01 1.70749307e-01 8.52994204e-01 6.52824700e-01
    5.03529251e-01 1.90836310e-01 6.66716635e-01 2.88944483e-01
    5.68340778e-01 8.91065955e-01 4.35089827e-01 1.89992130e-01
    1.35943115e-01 8.78154814e-01 8.65414381e-01 1.49438322e-01
    6.91345870e-01 3.11519504e-01 1.62432075e-01 9.40657139e-01
    5.06473362e-01 3.09596658e-01 4.61600453e-01 2.48998404e-03
    4.02487129e-01 7.76538610e-01 2.55778193e-01 3.78150165e-01
    8.49462092e-01 6.67193651e-01 4.20656741e-01 3.85805070e-01
    1.47396952e-01 7.78129697e-03 7.06516206e-01 2.16759741e-02
    2.20138609e-01 4.94860917e-01 7.31102288e-01 9.55615044e-01
    5.98103583e-01 1.63368553e-01 3.13242435e-01 2.52038181e-01
    9.14313912e-01 6.77456141e-01 1.43810332e-01 4.57795829e-01
    5.12883544e-01 7.88653255e-01 4.71223205e-01 9.83366370e-03
    7.72053182e-01 7.38153756e-02 8.99291396e-01 9.87964392e-01
    2.28131324e-01 8.71082425e-01 3.60607058e-01 5.72406650e-02
    1.30326658e-01 3.63431394e-01 6.11039162e-01 2.29246646e-01
    8.41780245e-01 6.20054960e-01 7.51398921e-01 9.83019590e-01
    5.95695615e-01 1.95579469e-01 5.98848939e-01 5.42082727e-01
    4.59458828e-02 4.35529828e-01 8.28267038e-01 3.67690235e-01
    3.68530214e-01 4.15349960e-01 2.20001340e-02 6.88144326e-01
    3.08512151e-01 3.72558653e-01 5.35636485e-01 5.91012299e-01
    7.57303596e-01 2.43316889e-02 3.87816429e-02 5.31728268e-01
    4.21377897e-01 4.21271741e-01 8.73572946e-01 2.57818282e-01
    2.16472298e-01 7.22744584e-01 6.70664608e-02 7.95440555e-01
    1.23906493e-01 1.72288746e-01 2.71475375e-01 5.24181962e-01
    3.08774173e-01 3.23602736e-01 3.79066139e-01 1.55008435e-02
    2.14318335e-02 8.75583053e-01 9.78502631e-03 2.99544454e-01
    5.00604212e-01 1.23739332e-01 3.88740569e-01 1.59120947e-01
    8.26204062e-01 9.09721494e-01 1.03996396e-02 2.68995345e-01
    5.33902764e-01 5.88634551e-01 5.13630867e-01 9.93587136e-01
    3.63133490e-01 3.74782234e-01 6.13665462e-01 2.41891325e-01
    3.80193591e-01 1.73554957e-01 1.22423768e-01 3.30461919e-01
    5.07282019e-01 3.06898713e-01 5.22251129e-02 1.97603345e-01
    2.87150592e-01 4.93860692e-01 7.02584684e-02 8.96019399e-01
    9.81774926e-01 8.58695924e-01 6.59457207e-01 9.62979913e-01
    8.75467241e-01 7.65137672e-01 4.98491317e-01 3.51925731e-01
    9.20161486e-01 4.85486865e-01 3.60911399e-01 1.66258723e-01
    6.25732124e-01 4.86955255e-01 6.76332653e-01 3.25232923e-01
    3.67924988e-01 7.08827257e-01 3.97544354e-01 9.04504776e-01
    3.81097317e-01 6.08923316e-01 6.75108194e-01 5.28622746e-01
    6.87881172e-01 9.87928569e-01 4.55468684e-01 3.65294218e-01
    5.36989927e-01 5.83201826e-01 9.79264379e-01 8.83075833e-01
    5.58866799e-01 4.91496891e-01 8.45613182e-01 7.83276737e-01
    7.45996296e-01 4.02851790e-01 1.92630649e-01 2.58345455e-01
    9.21565413e-01 8.14556360e-01 2.52382219e-01 2.41864979e-01
    2.55345225e-01 3.15088034e-01 2.13688105e-01 4.47127998e-01
    4.44865018e-01 1.89267397e-01 5.46253681e-01 8.76190126e-01
    8.29536080e-01 6.42521262e-01 3.76782894e-01 1.10678881e-01
    7.44054198e-01 4.38764691e-03 7.20427334e-02 8.99322391e-01
    6.45304680e-01 8.58903408e-01 6.07453406e-01 8.30575407e-01
    8.40102673e-01 7.83356726e-01 9.06721711e-01 1.11768633e-01
    5.83602726e-01 6.22808158e-01 8.37350488e-01 4.89812523e-01
    7.85432756e-02 9.89967227e-01 9.70453918e-01 8.83896112e-01
    3.34801137e-01 3.66420746e-02 1.70327425e-01 1.66729748e-01
    4.11709845e-01 8.27946901e-01 2.43667424e-01 5.70021510e-01
    7.85720050e-01 7.88051486e-01 5.50662041e-01 2.91859508e-01
    3.69232595e-02 4.76323575e-01 2.92064637e-01 3.68536472e-01
    7.04597294e-01 2.52442241e-01 8.06547463e-01 2.43742228e-01
    8.67540121e-01 5.58495224e-02 8.88730764e-01 6.93377316e-01
    2.65610039e-01 6.49166703e-01 8.36443543e-01 6.55379772e-01
    2.05502957e-01 3.10015619e-01 4.01351184e-01 7.94679403e-01
    7.78251708e-01 9.91864204e-01 5.61232805e-01 6.42855406e-01
    7.04184532e-01 3.41259301e-01 8.92742753e-01 2.41647065e-02
    7.16786206e-01 6.57131433e-01 3.79933417e-02 5.35444319e-02
    1.85571223e-01 5.68493962e-01 6.52397096e-01 7.27252603e-01
    7.75221586e-01 3.68909717e-01 9.77581084e-01 9.44963753e-01
    8.32336187e-01 9.08627868e-01 4.12665337e-01 2.03415245e-01
    5.53286910e-01 8.73558760e-01 8.21918607e-01 3.30949724e-01
    4.01604891e-01 8.04747939e-01 1.02275282e-01 9.16263402e-01
    1.28885686e-01 2.52863824e-01 1.33568734e-01 4.09591734e-01
    4.20519948e-01 6.70627117e-01 3.17059338e-01 2.60428131e-01
    2.36067176e-03 4.84010309e-01 9.81043458e-01 5.78473747e-01
    8.47108841e-01 3.23867023e-01 5.08305550e-01 4.43524152e-01
    8.84343326e-01 8.44816089e-01 3.57976556e-03 6.46849394e-01
    7.41564035e-01 9.95867968e-01 2.53434837e-01 4.84114140e-01
    2.79152513e-01 6.83991790e-01 7.16586828e-01 3.61861050e-01
    2.20373869e-02 4.49944645e-01 5.00586808e-01 4.57466543e-01
    9.96838689e-01 1.11029506e-01 7.30132461e-01 9.57755804e-01
    1.19546860e-01 3.38360786e-01 4.51725960e-01 1.80252612e-01
    9.55749452e-02 1.42204165e-01 2.57885516e-01 8.64215374e-01
    2.92810798e-02 3.63281518e-01 1.24349147e-01 1.07641101e-01
    6.66508079e-03 8.28992844e-01 9.14350986e-01 5.51391482e-01
    1.76612020e-01 1.51785284e-01 4.42669243e-01 6.55397296e-01
    4.34724092e-02 9.87450182e-02 6.97994709e-01 4.45683300e-02
    6.69532895e-01 5.37910759e-02 5.69700539e-01 2.47515261e-01
    5.82656622e-01 3.11507851e-01 6.51598990e-01 6.54543340e-01
    6.28028214e-01 9.54693973e-01 4.67249185e-01 5.43035924e-01
    8.87491941e-01 9.56075788e-02 1.50150746e-01 5.05110323e-01
    9.60084498e-02 4.69839931e-01 9.55063462e-01 3.35496396e-01
    5.66327214e-01 4.24132347e-02 5.29036701e-01 5.22260368e-02
    9.48063374e-01 4.65461612e-02 1.25051945e-01 4.31784570e-01
    2.83535123e-01 6.83948636e-01 9.99263644e-01 6.48166299e-01
    8.94202828e-01 4.08095151e-01 6.85637951e-01 3.81951779e-01
    1.81274831e-01 4.84034061e-01 5.53241313e-01 1.21556878e-01
    3.80608499e-01 8.17398667e-01 9.86605048e-01 2.41580874e-01
    7.26644039e-01 9.98366356e-01 9.39576745e-01 4.72406745e-01
    7.24865198e-01 3.35530668e-01 2.92664289e-01 9.28658545e-01
    8.56840730e-01 5.41235805e-02 7.72709727e-01 2.94515491e-03
    1.45155162e-01 7.52150059e-01 1.79744661e-02 3.54710519e-01
    9.84845579e-01 1.96149915e-01 8.62575412e-01 3.68379474e-01
    3.70514154e-01 4.93075192e-01 6.34141207e-01 8.88896644e-01
    8.25973630e-01 6.78090632e-01 6.65603042e-01 1.83155328e-01
    2.08582014e-01 5.38585126e-01 8.74972224e-01 6.26950324e-01
    2.70263433e-01 5.04146457e-01 4.69128042e-01 2.10307837e-02
    8.18930149e-01 1.78629160e-01 3.45015228e-01 5.06862938e-01
    6.83707178e-01 2.91913062e-01 1.83423907e-01 9.48530078e-01
    3.45283002e-01 8.30071330e-01 4.42597806e-01 4.39463347e-01
    9.84815836e-01 2.06647128e-01 9.87516642e-01 2.74075627e-01
    7.79879034e-01 2.24389136e-02 8.97564292e-02 3.46812487e-01
    6.04640245e-01 8.79473865e-01 2.10159898e-01 2.99009651e-01
    1.21253490e-01 5.82535505e-01 2.68312693e-02 1.28339142e-01
    9.16731179e-01 3.88885319e-01 5.50623536e-02 9.45728421e-01
    6.95241690e-02 3.27548385e-01 4.57326621e-01 6.09069765e-02
    4.61994410e-02 2.18550235e-01 1.27520382e-01 5.74198723e-01
    5.95538437e-01 8.95125866e-01 9.16153193e-03 3.08648109e-01
    4.81589735e-02 5.65571427e-01 4.05351400e-01 6.11816823e-01
    1.66234881e-01 1.29880935e-01 5.15794456e-01 8.76200080e-01
    6.18129969e-04 7.54005909e-02 9.96652246e-01 2.59810895e-01
    7.46746957e-02 5.48653185e-01 2.63744086e-01 8.19420218e-02
    6.37888432e-01 2.21386611e-01 8.99436235e-01 3.21935058e-01
    9.97842073e-01 5.84226131e-01 9.22094285e-02 5.84102392e-01
    5.48149943e-01 9.86085355e-01 6.58543885e-01 4.66445088e-03
    6.55940890e-01 7.95187950e-02 8.52292061e-01 6.29780650e-01
    9.53120828e-01 2.22436219e-01 5.85803092e-01 1.03743613e-01
    1.15840346e-01 3.77086341e-01 8.84284973e-01 3.42842042e-01
    7.26730585e-01 8.88177991e-01 8.42838645e-01 4.95223612e-01
    5.26639640e-01 5.36028147e-02 4.60361600e-01 1.65898919e-01
    7.21013904e-01 7.44595110e-01 3.92740369e-02 1.50383145e-01
    4.46103513e-02 2.14145362e-01 1.39913112e-01 5.41503072e-01
    8.80867362e-01 9.70678985e-01 2.50595510e-01 6.72654390e-01
    5.70590854e-01 6.85075104e-01 4.04341817e-02 5.65907538e-01
    4.31620836e-01 2.34699070e-01 1.28109396e-01 6.94679320e-01
    5.41342735e-01 1.50830835e-01 2.31142431e-01 4.14898545e-01
    6.52561605e-01 8.45548272e-01 1.14623398e-01 1.69124186e-01
    2.34573931e-01 1.47398770e-01 8.67323279e-01 2.03836024e-01
    4.16344881e-01 9.83715951e-02 8.70077014e-02 5.95945299e-01
    7.59223282e-01 4.29613203e-01 2.56576151e-01 3.67354810e-01
    3.57306868e-01 5.10111451e-01 3.82269025e-01 7.96312094e-01
    3.39348614e-01 8.77080679e-01 8.79377425e-01 2.75477380e-01
    4.79872704e-01 1.88716382e-01 4.13726956e-01 3.86045307e-01
    7.18816876e-01 4.77945268e-01 4.54113781e-01 5.57594001e-01
    4.16249603e-01 5.83644927e-01 1.30764246e-02 7.04784274e-01
    7.36709416e-01 1.57054096e-01 5.46939492e-01 6.32939935e-01
    9.18614268e-01 7.04831541e-01 4.19805110e-01 4.31234926e-01
    1.28085077e-01 2.87064254e-01 5.26388288e-01 3.67189646e-02
    3.72842848e-01 6.68852389e-01 9.52754021e-01 3.13659251e-01
    4.58481669e-01 5.32152534e-01 7.95992732e-01 2.06286073e-01
    4.21185911e-01 6.91219985e-01 1.16538316e-01 9.15733576e-01
    5.11944115e-01 4.89257157e-01 6.72100425e-01 5.31186819e-01
    3.96325648e-01 5.61160028e-01 8.27196956e-01 4.46866661e-01
    2.65074790e-01 9.98895168e-02 7.84836650e-01 8.83116484e-01
    4.79176164e-01 3.88786703e-01 3.62017512e-01 4.27609086e-01
    4.67257023e-01 2.27904350e-01 6.37846351e-01 4.93924946e-01
    9.63758588e-01 7.60672092e-01 7.72704184e-02 4.22482789e-02
    4.73599672e-01 9.33974981e-01 6.70732856e-02 7.75002003e-01
    7.08115876e-01 5.94736516e-01 2.16536522e-02 8.07643175e-01
    2.60849983e-01 7.52825856e-01 3.86427224e-01 9.06072259e-02
    7.70135045e-01 1.58423543e-01 3.94966692e-01 3.86504352e-01
    2.52835751e-02 6.87590718e-01 8.88545513e-01 4.78543311e-01
    2.04057246e-01 6.31493926e-01 5.67837358e-01 4.09946650e-01
    2.67309994e-01 7.06253946e-02 8.10701966e-01 7.16959894e-01
    5.49048781e-01 4.51383442e-01 2.81027794e-01 1.62423372e-01
    5.49452007e-01 5.40615916e-01 1.12727314e-01 7.15885758e-02
    4.69189882e-01 1.58613592e-01 4.42159116e-01 5.23947179e-02
    4.33121383e-01 1.61477238e-01 3.09226602e-01 1.12546027e-01
    3.91304761e-01 5.08255124e-01 8.81700873e-01 7.43770003e-01
    2.65769780e-01 5.20937204e-01 7.01572120e-01 8.22504401e-01
    2.29431152e-01 9.92539167e-01 5.41604102e-01 1.88782930e-01
    6.52656376e-01 2.27327883e-01 7.43475378e-01 3.26188982e-01
    4.40650791e-01 9.92514491e-01 4.81569439e-01 6.94202423e-01
    1.29875451e-01 4.61431980e-01 1.23520494e-01 8.14211607e-01
    7.26392031e-01 3.46080780e-01 3.17932904e-01 4.49749857e-01
    3.84514630e-02 8.23749542e-01 4.19531792e-01 4.87090111e-01
    5.30530810e-01 2.88639873e-01 3.22976768e-01 6.77072704e-01
    7.90202260e-01 1.13752276e-01 4.30774987e-01 4.29173499e-01
    8.40763450e-01 5.60087442e-01 3.05985391e-01 3.56030643e-01
    6.15940809e-01 6.85355306e-01 5.26927292e-01 7.56919980e-01
    8.34206223e-01 7.17754364e-01 4.85135019e-02 6.25111282e-01
    9.86337423e-01 1.83680326e-01 2.70728171e-01 8.31917822e-01
    6.49331033e-01 3.96555007e-01 3.10893655e-01 1.15939796e-01
    8.58263314e-01 7.31276870e-01 8.44450831e-01 1.34900451e-01
    9.46474195e-01 6.60131097e-01 9.83319223e-01 7.93397367e-01
    5.48148990e-01 2.87928462e-01 4.76282537e-01 7.55285978e-01
    7.23894835e-01 7.20789850e-01 5.99191129e-01 8.88616741e-01
    6.87757432e-02 5.54187059e-01 1.19621456e-02 7.63945103e-01
    5.82308233e-01 4.36801285e-01 8.28891098e-01 9.45000648e-01
    2.00556666e-01 6.07556403e-01 4.14936841e-01 3.15747023e-01
    4.62990165e-01 9.20243621e-01 9.79870677e-01 4.86904681e-01
    8.96650314e-01 7.09665537e-01 6.51129484e-01 4.11391586e-01
    4.24943805e-01 2.47407556e-01 5.06637871e-01 9.01909113e-01
    8.41711462e-01 7.16577411e-01 9.41649318e-01 5.22019207e-01
    1.27263606e-01 3.98930907e-01 4.95343745e-01 8.09537590e-01
    1.30529702e-02 7.93442249e-01 1.70928806e-01 8.38372827e-01
    9.73332644e-01 6.16771162e-01 8.24168205e-01 9.44305480e-01
    7.37571418e-02 2.18844563e-01 9.17079210e-01 8.47703278e-01
    6.19530678e-01 8.22830200e-03 4.39853996e-01 2.75700092e-01
    5.62058210e-01 9.03749108e-01 3.42299163e-01 1.24797523e-02
    2.74807423e-01 7.42439866e-01 6.35630369e-01 8.06656301e-01
    7.71609545e-01 8.91126394e-01 5.13100624e-03 2.51615137e-01
    8.43605876e-01 2.59038210e-01 2.81648695e-01 3.99970084e-01
    3.30803782e-01 5.79592705e-01 3.53843868e-01 3.86202544e-01
    1.44808054e-01 4.99108791e-01 3.60454321e-01 9.03974175e-01
    9.80685771e-01 6.50069118e-01 4.49413598e-01 4.42068279e-02
    5.53613603e-01 1.73098445e-01 9.42718387e-01 7.07899749e-01
    3.98012042e-01 1.31652176e-01 9.68078375e-01 9.27644968e-02
    7.79581428e-01 9.47363019e-01 9.02987599e-01 6.48666620e-01
    5.01891077e-02 9.86662209e-01 6.16320729e-01 1.40606701e-01
    8.52241814e-01 2.27906018e-01 6.45751953e-02 9.89787400e-01
    4.16582763e-01 1.71737611e-01 9.85120595e-01 7.99806952e-01
    9.88855362e-01 6.38196468e-01 6.89679325e-01 1.44299060e-01
    4.61635292e-01 5.66632926e-01 4.65050131e-01 8.25494528e-04
    9.43786800e-02 3.85125726e-01 2.99823582e-01 2.19609618e-01
    6.95805490e-01 5.78146160e-01 9.76760089e-02 5.41204393e-01
    7.93270767e-01 2.21064389e-02 2.28069425e-02 9.79815364e-01
    3.52708101e-01 4.18077081e-01 6.18779778e-01 8.68568838e-01
    7.75746644e-01 6.00199163e-01 9.49900985e-01 5.72810531e-01
    3.34075093e-02 8.94307733e-01 8.36284518e-01 3.67781818e-02
    2.74544239e-01 5.87405503e-01 1.17854774e-02 7.87381828e-02
    4.67868507e-01 5.54806411e-01 2.92455435e-01 8.97553921e-01
    5.44166863e-01 8.18974853e-01 5.70676804e-01 9.35894847e-01
    8.19330931e-01 9.29294825e-01 2.76691437e-01 8.39081109e-01
    5.16451478e-01 4.90174472e-01 9.85125542e-01 8.40173960e-01
    9.45631504e-01 9.19018269e-01 5.19448280e-01 7.08073974e-01
    2.83969581e-01 2.59277046e-01 4.98382896e-01 7.40495682e-01
    6.26398683e-01 7.02636600e-01 7.45774090e-01 5.25217116e-01
    7.62389898e-02 9.52089787e-01 3.08785528e-01 2.68688440e-01
    3.31244528e-01 2.15794981e-01 9.51214015e-01 1.71032310e-01
    2.91169167e-01 2.69461691e-01 8.54777694e-01 4.34267044e-01
    2.75747657e-01 9.03808951e-01 1.41898274e-01 6.04167044e-01
    4.59078282e-01 8.83328915e-01 7.47845411e-01 3.72030675e-01
    4.62224394e-01 2.63028562e-01 5.04518688e-01 5.41810751e-01
    1.25483274e-02 3.98356438e-01 3.29496324e-01 1.78059220e-01
    8.77372265e-01 3.39577526e-01 5.79062819e-01 9.36371386e-02
    3.41722250e-01 2.64756411e-01 8.22238624e-02 5.90366602e-01
    6.19346797e-01 1.71593726e-02 1.98401660e-01 6.40441597e-01
    5.22660136e-01 9.08087254e-01 3.02369893e-01 3.79938275e-01
    7.07845747e-01 4.89221036e-01 5.40914953e-01 2.25866467e-01
    3.98308575e-01 9.51161265e-01 4.92840290e-01 2.26396024e-02
    7.69208431e-01 7.02575505e-01 9.10143375e-01 6.82731271e-01
    9.97762978e-02 8.34597111e-01 4.53258932e-01 3.31065059e-01
    7.66710281e-01 5.37740111e-01 6.61676764e-01 4.52001631e-01
    8.51114273e-01 2.82562554e-01 7.67597318e-01 3.13523054e-01
    3.50170374e-01 3.77525568e-01 8.04030657e-01 6.39685571e-01
    1.21825516e-01 3.27833414e-01 6.45172834e-01 8.49472761e-01
    6.98321879e-01 6.02340400e-01 4.69370782e-02 6.14784956e-01
    6.78704083e-01 2.35748440e-01 3.93241853e-01 1.47177815e-01
    5.12302339e-01 9.27522480e-02 8.48463297e-01 9.71860290e-01
    5.31612098e-01 3.16823006e-01 2.23189324e-01 6.39218330e-01
    7.37996995e-01 2.81247497e-01 5.68508148e-01 4.62510616e-01
    6.34968281e-01 2.58367658e-01 3.75995636e-02 9.85110700e-01
    6.90441191e-01 3.08155358e-01 7.86163807e-01 7.28839338e-02
    9.25282657e-01 2.80838370e-01 1.29068941e-01 1.41747713e-01
    1.90764248e-01 9.62822437e-01 7.93069482e-01 9.65490162e-01
    7.38772869e-01 6.98427081e-01 6.72511160e-01 3.12955081e-01
    5.28081059e-01 1.59989029e-01 4.77658212e-02 3.10573518e-01
    7.24685788e-02 2.69814551e-01 3.75254780e-01 7.47991621e-01
    8.31033230e-01 3.11315656e-01 3.71247530e-03 2.69880205e-01
    4.38459516e-01 1.71967238e-01 3.58708888e-01 6.96634412e-01
    9.72932935e-01 1.03658795e-01 2.11281240e-01 8.58712435e-01
    7.97692776e-01 8.04653525e-01 2.49151498e-01 6.06900752e-02
    5.97209215e-01 2.54236579e-01 5.65546453e-02 2.79720545e-01
    5.20080566e-01 6.23054922e-01 9.48488951e-01 1.36153638e-01
    8.80541921e-01 6.24206662e-01 9.80107486e-01 1.75957590e-01
    2.02107787e-01 4.39921826e-01 7.52299547e-01 5.99230051e-01
    8.43470454e-01 3.13527524e-01 7.21573234e-01 1.36203468e-01
    9.92695928e-01 3.80383313e-01 7.57020950e-01 7.10320473e-03
    9.03638363e-01 5.06517589e-01 5.71493506e-02 4.57821429e-01
    3.82171392e-01 1.08773232e-01 2.97025502e-01 3.21525216e-01
    1.24856889e-01 5.63266516e-01 5.97020805e-01 3.05893540e-01
    3.16449583e-01 6.00175858e-02 9.99540806e-01 1.60620838e-01
    2.69003779e-01 5.95214248e-01 1.48307234e-01 5.85191548e-02
    8.97562623e-01 2.26045400e-01 5.98686814e-01 1.49354994e-01
    3.73136908e-01 3.37178051e-01 1.70132875e-01 2.76222944e-01
    7.77796388e-01 5.50914645e-01 8.13458323e-01 7.28920043e-01
    9.83829618e-01 8.25544238e-01 4.48599428e-01 9.02250946e-01
    6.50501072e-01 5.84179223e-01 1.94442064e-01 5.95907867e-02
    1.15843862e-01 1.85893744e-01 7.53825068e-01 3.45758200e-01
    6.30167127e-03 6.55350566e-01 8.60751510e-01 4.91378963e-01
    4.12865281e-02 8.87498677e-01 9.84761357e-01 1.80765152e-01
    6.16158664e-01 9.66458321e-01 4.77921665e-01 5.51173210e-01
    2.04373986e-01 1.69883132e-01 1.96771950e-01 9.56588030e-01
    6.76587045e-01 4.35504854e-01 2.37752229e-01 2.63626695e-01
    4.53582406e-01 5.58483720e-01 8.70641828e-01 1.37440592e-01
    9.99297619e-01 5.20241320e-01 5.32054842e-01 7.29182482e-01
    3.35565954e-01 3.02282035e-01 8.23415995e-01 8.35052013e-01
    7.52284050e-01 5.47209084e-01 7.96299338e-01 4.50597674e-01
    1.31874621e-01 9.28723454e-01 1.95989221e-01 5.96271336e-01
    7.47258484e-01 4.71318841e-01 3.11090529e-01 1.50777429e-01
    4.86923963e-01 3.14669907e-01 7.30343103e-01 4.14043665e-03
    5.12161672e-01 7.53065467e-01 3.37108672e-02 7.40439713e-01
    1.61263138e-01 2.10867852e-01 3.18554431e-01 5.23579836e-01
    5.65870345e-01 5.15767753e-01 9.87487435e-02 6.91195786e-01
    7.02211738e-01 4.30175245e-01 4.78847712e-01 7.03424692e-01
    3.48044813e-01 9.14921522e-01 3.99484932e-02 5.14173210e-01
    5.36228180e-01 1.24125212e-01 2.65087068e-01 1.25987500e-01
    7.17477798e-01 6.86678171e-01 4.29829955e-03 5.22781432e-01
    5.32043397e-01 3.41570437e-01 3.44869077e-01 9.62787628e-01
    4.07783389e-01 7.69937932e-02 8.99176598e-01 3.77094686e-01
    9.45201397e-01 9.91449773e-01 5.80038905e-01 2.03870326e-01
    1.79508656e-01 7.98466861e-01 6.42586946e-02 4.90158081e-01
    3.62408817e-01 7.47682095e-01 6.72876239e-01 7.56100357e-01
    2.48022735e-01 1.44638807e-01 1.39398068e-01 7.97789693e-01
    1.82963014e-02 4.32163417e-01 2.90955842e-01 4.95257258e-01
    7.02571511e-01 6.61947012e-01 4.35122699e-01 9.47245181e-01
    2.39645720e-01 1.54952884e-01 9.46899414e-01 5.52989423e-01
    7.94135094e-01 6.47336423e-01 7.46251941e-01 5.23276627e-01
    4.74718720e-01 3.94320071e-01 1.85348839e-01 9.33407187e-01
    6.51073217e-01 6.79961443e-01 6.47109509e-01 5.22244036e-01
    5.08754730e-01 9.81930733e-01 7.79766738e-01 3.87373269e-02
    5.05108476e-01 9.83111262e-01 1.10064566e-01 9.68814015e-01
    7.64822960e-03 9.66565967e-01 4.84363168e-01 2.21306503e-01
    1.21567339e-01 6.95093870e-01 1.76635683e-01 8.04290593e-01
    4.93734628e-01 3.11193705e-01 1.70387149e-01 4.42294925e-01
    3.81805450e-01 8.31510961e-01 9.07037854e-01 9.67341304e-01
    6.57494128e-01 5.02938151e-01 6.69303417e-01 1.57927066e-01
    1.75786436e-01 9.22640264e-01 7.68576443e-01 1.31020516e-01
    2.41608113e-01 8.40570033e-02 3.86108518e-01 9.53914046e-01
    2.59772003e-01 8.94281566e-01 6.62045300e-01 9.47892249e-01
    8.83836031e-01 1.81358725e-01 8.68386030e-01 3.42152655e-01
    2.44717389e-01 3.58925223e-01 5.70537329e-01 7.91995883e-01
    5.82126081e-02 2.71782160e-01 8.36321175e-01 2.90206492e-01
    7.87565291e-01 2.04363257e-01 2.85800278e-01 5.26718438e-01
    7.88606882e-01 9.95382428e-01 9.14654553e-01 6.11417592e-01
    2.59277999e-01 3.23352396e-01 2.36793518e-01 9.75415707e-01
    9.98656154e-01 9.70919967e-01 1.92104429e-01 4.33755219e-01
    4.21018213e-01 8.19650888e-01 2.40357727e-01 8.87194157e-01
    3.47732246e-01 4.41371709e-01 8.23750377e-01 9.45612788e-01
    2.13027030e-01 1.13473475e-01 3.94685388e-01 8.32511127e-01
    4.27364230e-01 2.75105715e-01 2.54198670e-01 2.05545664e-01
    2.37089753e-01 6.71841323e-01 8.86634469e-01 2.33874023e-02
    2.69872129e-01 2.71794915e-01 2.70303488e-02 1.60038471e-01
    4.67018753e-01 8.66091967e-01 7.24373758e-02 2.77491152e-01
    2.47805208e-01 7.84854889e-02 5.76964021e-03 6.37637138e-01
    2.12697327e-01 6.25711679e-03 7.45102644e-01 8.55198622e-01
    8.70109022e-01 2.07512230e-01 2.80983806e-01 9.22262788e-01
    5.43403804e-01 7.87504315e-01 2.06571251e-01 8.06370020e-01
    4.42001760e-01 7.59158731e-01 9.43791986e-01 1.98096484e-01
    6.79787457e-01 8.13683152e-01 8.75713348e-01 3.17049384e-01
    2.00122774e-01 1.04028106e-01 7.42707610e-01 1.38828993e-01
    4.89796221e-01 7.42450118e-01 7.07379341e-01 8.50041389e-01
    3.98553431e-01 8.08483839e-01 2.06165493e-01 9.53746974e-01
    5.95651746e-01 4.47417021e-01 9.36267376e-01 7.75932550e-01
    3.85888815e-02 4.46878076e-01 6.42818213e-01 3.65013838e-01
    4.71433312e-01 1.63598776e-01 7.93973505e-02 2.73417234e-01
    9.43949521e-02 9.73073244e-01 4.86364663e-02 6.20510221e-01
    5.83349466e-01 7.70097256e-01 4.97075617e-02 5.51812172e-01
    1.13696814e-01 4.10174489e-01 5.99065363e-01 3.80520076e-01
    7.47167766e-01 9.55772042e-01 4.06812370e-01 2.77121246e-01
    6.32138610e-01 5.85927963e-01 9.33954418e-01 6.91721082e-01
    2.61015564e-01 3.95493984e-01 2.25482881e-01 9.48281169e-01
    2.97549069e-01 9.46219325e-01 6.69349551e-01 7.82457709e-01
    7.48702228e-01 8.37197244e-01 2.61120677e-01 3.38000834e-01
    4.23752993e-01 6.72967911e-01 6.85049117e-01 9.69962716e-01
    9.84837234e-01 6.43550634e-01 5.44683397e-01 3.75862360e-01
    5.20849526e-01 2.49650538e-01 3.72199297e-01 5.45749545e-01
    9.91807461e-01 7.67925501e-01 1.07379854e-02 8.43749940e-02
    3.76986593e-01 1.24135882e-01 7.96018064e-01 6.82013690e-01
    4.09369230e-01 5.21886587e-01 8.76424313e-01 5.52967072e-01
    2.71615118e-01 6.14487171e-01 1.66998714e-01 3.80299985e-02
    3.56695950e-02 2.04181254e-01 1.90746307e-01 1.59824073e-01
    8.99865270e-01 6.47253573e-01 4.19386923e-02 2.73613036e-02
    4.29939032e-01 8.38497877e-01 4.22498375e-01 8.96748781e-01
    6.88610256e-01 5.35380960e-01 1.73408508e-01 2.08334237e-01
    4.16318059e-01 4.36900795e-01 3.80200654e-01 1.89040035e-01
    2.97232032e-01 8.36429358e-01 6.60004973e-01 6.44341886e-01
    8.53838742e-01 5.16353905e-01 3.21894765e-01 6.37066960e-02
    9.87373412e-01 3.23762566e-01 5.63869655e-01 5.77100813e-01
    5.33068895e-01 7.98409939e-01 8.23238254e-01 4.46678311e-01
    9.50674117e-01 1.65181249e-01 3.33510220e-01 1.54983103e-02
    4.54044431e-01 8.70026946e-01 6.84103131e-01 4.56258178e-01
    1.75822884e-01 4.99907047e-01 1.07596368e-01 3.92576784e-01
    6.41706049e-01 6.44969642e-01 1.85635000e-01 8.97626162e-01
    5.70086539e-01 2.20443338e-01 9.05717969e-01 8.92928958e-01
    1.80292606e-01 6.05783820e-01 5.69013953e-02 8.49865258e-01
    9.50987339e-02 3.09399575e-01 9.61182952e-01 9.26526308e-01
    6.62118554e-01 4.70032036e-01 8.98229599e-01 1.74589574e-01
    4.89873648e-01 9.61069107e-01 7.19136596e-01 1.28028661e-01
    5.40589809e-01 1.00341022e-01 3.87081891e-01 9.06563997e-01
    8.34627450e-01 9.63046849e-01 1.07713342e-01 9.82125700e-02
    9.66360927e-01 8.40048492e-01 6.62422776e-01 6.77327812e-02
    7.43144989e-01 5.71293473e-01 4.29923773e-01 6.79318011e-02
    2.08099633e-01 4.97958481e-01 9.84435678e-01 6.42549038e-01
    3.67118418e-02 6.84712946e-01 1.63792998e-01 1.74877942e-02
    9.98773456e-01 6.05794191e-01 8.99570704e-01 5.08827507e-01
    3.40383857e-01 9.73074913e-01 4.29423422e-01 2.71436244e-01
    6.75111413e-01 6.66879237e-01 4.08602357e-01 4.91276383e-01
    2.62035608e-01 7.10506737e-01 8.46678019e-01 4.55703557e-01
    5.81243873e-01 9.32565451e-01 6.85415447e-01 4.25779998e-01
    4.14045155e-02 5.02339184e-01 5.55787146e-01 9.61750150e-01
    2.82126576e-01 9.80337381e-01 7.94689894e-01 7.68100262e-01
    6.20328546e-01 5.48802793e-01 8.25761497e-01 9.46097076e-02
    2.04757154e-01 7.30219245e-01 1.67799562e-01 1.21996731e-01
    2.38637388e-01 1.38961464e-01 5.47293782e-01 2.02292114e-01
    4.86084521e-01 2.49030709e-01 8.29558134e-01 7.08757043e-01
    6.49736881e-01 8.51270199e-01 8.43504310e-01 3.73910099e-01
    4.27120149e-01 3.73248518e-01 9.73617911e-01 2.32047319e-01
    7.12087750e-01 2.69451499e-01 5.59107006e-01 7.16856956e-01
    6.30062819e-01 7.06476986e-01 9.13692713e-01 3.14142704e-02
    5.21435440e-01 2.06229210e-01 9.25549269e-02 7.04004467e-01
    3.19439471e-02 2.96235472e-01 9.51212049e-02 2.99968600e-01
    2.68418044e-01 9.71249402e-01 2.35716403e-02 6.69928014e-01
    1.63152933e-01 9.45807457e-01 8.91535103e-01 4.26601499e-01
    3.41253102e-01 8.42366457e-01 9.21508312e-01 1.76001787e-01
    9.57012892e-01 6.18266582e-01 9.08105373e-01 3.64830762e-01
    2.70008147e-02 7.68037140e-02 5.23343980e-01 7.70568967e-01
    1.84069872e-02 8.13845038e-01 9.12481844e-01 1.34162962e-01
    6.39128864e-01 2.68952250e-02 2.25405246e-01 9.92524385e-01
    4.34496433e-01 5.90248168e-01 2.14817464e-01 6.02060378e-01
    9.39606309e-01 8.09316874e-01 6.52852893e-01 6.06602907e-01
    1.58487052e-01 3.02408338e-01 4.80708092e-01 2.49022126e-01
    1.06660306e-01 1.22290760e-01 7.03492582e-01 8.73595715e-01
    6.29393816e-01 1.04390323e-01 6.73329532e-01 4.95970547e-02
    6.12350583e-01 6.06914818e-01 6.56973720e-01 9.21458364e-01
    1.94047987e-02 9.00920570e-01 1.45032942e-01 7.88485765e-01
    9.50213075e-01 2.12326825e-01 7.72270799e-01 5.76732397e-01
    7.12154448e-01 6.53284788e-02 2.67642528e-01 9.13237751e-01
    2.13203132e-01 4.49254632e-01 8.92728627e-01 9.56645310e-01
    8.46266627e-01 1.17920399e-01 4.06237841e-01 1.64434582e-01
    8.84326696e-02 6.96356297e-01 5.34144163e-01 4.14221585e-02
    5.06151080e-01 8.18569899e-01 5.50605774e-01 6.62225783e-02
    7.02957273e-01 5.31262696e-01 5.08242249e-01 2.64873981e-01
    9.15706396e-01 9.04011965e-01 6.51417971e-01 5.24031997e-01
    4.02338803e-02 6.20430112e-02 1.39131695e-01 5.04212081e-01
    8.02285433e-01 1.04445070e-01 2.35196382e-01 7.31155932e-01
    7.91881442e-01 9.66517448e-01 9.07052517e-01 3.75813782e-01
    6.49570763e-01 8.51051927e-01 5.41923225e-01 5.44201136e-01
    2.99207568e-01 7.09653199e-01 8.77448738e-01 4.43400055e-01
    1.23112410e-01 2.04595715e-01 3.92353117e-01 2.93968886e-01
    4.07174349e-01 8.86744797e-01 8.44604433e-01 9.24487412e-02
    6.20510280e-02 5.55202365e-01 8.86792302e-01 5.74304461e-02
    7.60232210e-02 6.84634686e-01 3.07237267e-01 6.17743492e-01
    1.75024629e-01 3.96348923e-01 8.75907719e-01 7.82670975e-02
    2.38173634e-01 3.01953256e-01 7.58950710e-01 2.99252182e-01
    9.46053147e-01 7.68307567e-01 2.39340454e-01 4.18357909e-01
    3.13626319e-01 2.91942209e-01 6.30165637e-01 8.12214017e-02
    5.48286736e-02 3.36070716e-01 3.08640957e-01 6.80851817e-01
    4.90270019e-01 9.32841182e-01 5.08972943e-01 7.99973726e-01
    8.45304430e-01 9.42929208e-01 3.19543719e-01 3.13143611e-01
    8.84330869e-02 6.05415165e-01 4.68538851e-01 7.25171149e-01
    1.66940033e-01 4.58300710e-02 5.50671339e-01 7.33512342e-02
    6.76258326e-01 2.16651976e-01 8.36511493e-01 9.87477601e-01
    1.00628525e-01 1.12708151e-01 4.63887691e-01 7.65257597e-01
    3.97023857e-01 5.10193408e-02 7.82959700e-01 2.97092855e-01
    3.44280243e-01 2.81766802e-01 1.11871183e-01 2.85413206e-01
    7.33974993e-01 7.46754050e-01 8.19860220e-01 1.44870520e-01
    9.85679507e-01 2.05466777e-01 9.37750876e-01 2.28664279e-03
    7.79452920e-03 1.92952156e-02 2.47436672e-01 2.48660505e-01
    4.18860942e-01 5.29198527e-01 5.74576437e-01 6.32428467e-01
    4.58511412e-01 1.23601526e-01 8.83905053e-01 4.60115671e-02
    4.74256068e-01 1.42223895e-01 7.33089030e-01 5.11179566e-01
    9.79746938e-01 3.00573826e-01 1.27387971e-01 9.62699652e-01
    3.31603527e-01 6.07844889e-01 7.98637509e-01 7.95933127e-01
    1.63898528e-01 5.38879633e-01 3.99193585e-01 4.83257085e-01
    8.97377133e-01 5.83122671e-02 3.38524967e-01 9.04749691e-01
    8.80746007e-01 1.33974016e-01 7.60509074e-01 6.81358755e-01
    5.39485574e-01 2.00476706e-01 5.67066729e-01 4.04850543e-02
    7.52696455e-01 7.12534547e-01 5.15661061e-01 8.53085518e-02
    3.75081509e-01 9.01899695e-01 8.97385716e-01 8.83140445e-01
    1.87414616e-01 1.72887206e-01 1.50432587e-02 5.33544421e-01
    7.06358731e-01 5.11278689e-01 5.67467332e-01 6.13980353e-01
    6.74520254e-01 2.81942874e-01 8.86795640e-01 5.37192941e-01
    6.78362668e-01 6.94224119e-01 9.32105899e-01 4.03302073e-01
    4.50579345e-01 1.89627856e-01 5.49151540e-01 6.91854477e-01
    4.18117046e-01 6.63957715e-01 6.49224341e-01 6.55394793e-01
    1.74135447e-01 4.19044584e-01 8.55686963e-02 2.86376417e-01
    2.77267367e-01 8.21084499e-01 2.23061085e-01 9.22267795e-01
    5.00703156e-01 2.97606826e-01 8.97652745e-01 6.27293408e-01
    6.57856405e-01 8.42291415e-01 2.83895463e-01 9.16613698e-01
    7.80884326e-01 4.46714818e-01 7.50009120e-01 7.34828115e-02
    2.13924378e-01 9.61187482e-01 2.85187155e-01 2.12241650e-01
    2.11042166e-01 4.87377048e-01 9.97169614e-01 6.60441816e-01
    1.60561621e-01 7.03713059e-01 8.61375213e-01 2.97617435e-01
    6.81808889e-01 3.66041660e-01 5.43726146e-01 3.86632502e-01
    3.50228846e-02 1.19192600e-01 8.65355611e-01 2.17068702e-01
    8.14889133e-01 7.08804131e-02 3.85768086e-01 6.55191660e-01
    4.19386059e-01 5.95048010e-01 2.71646500e-01 7.45427668e-01
    2.98424721e-01 8.91443253e-01 5.72013378e-01 7.81115472e-01
    6.28772318e-01 7.24924505e-01 5.47935307e-01 1.53064728e-02
    4.10946161e-01 1.82582378e-01 7.97666192e-01 4.46642071e-01
    3.82057011e-01 1.26366943e-01 6.00263298e-01 2.60608763e-01
    6.75456882e-01 5.88391960e-01 3.82542878e-01 6.45988703e-01
    6.65060401e-01 4.11323339e-01 1.72361135e-01 1.43953025e-01
    1.87191755e-01 9.35664535e-01 4.33331430e-01 3.97538871e-01
    6.16100371e-01 5.64768791e-01 4.03455973e-01 1.98409259e-01
    7.35419393e-01 2.97488928e-01 4.52818662e-01 7.22721994e-01
    4.86927509e-01 5.53639233e-02 1.62189305e-01 5.31010091e-01
    2.06037581e-01 8.14883411e-02 9.97962952e-01 3.08228463e-01
    1.37260884e-01 4.70032990e-01 5.01691699e-01 2.53729224e-02
    4.43658799e-01 2.41514146e-01 5.83756685e-01 7.36879170e-01
    5.53081572e-01 6.59629822e-01 6.57165647e-02 8.57835770e-01
    1.54571176e-01 4.60206538e-01 2.70236373e-01 4.74219948e-01
    6.13876998e-01 5.08962691e-01 2.94955134e-01 6.65235758e-01
    2.81132460e-01 9.82423425e-01 8.10117245e-01 2.87589729e-01
    7.11090446e-01 7.86687374e-01 3.09183419e-01 9.97250021e-01
    1.71629518e-01 5.15929639e-01 7.57960677e-01 4.86768544e-01
    4.22927141e-01 3.36597919e-01 5.18870711e-01 1.21710449e-01
    6.33916914e-01 5.14070272e-01 5.29383600e-01 8.13433170e-01
    8.26404631e-01 2.49737978e-01 2.39433050e-01 5.10577083e-01
    3.42641711e-01 2.55564511e-01 4.75285977e-01 7.12309182e-01
    6.57930136e-01 7.86781073e-01 7.59842277e-01 7.82935262e-01
    7.71245956e-01 2.06620604e-01 1.70241714e-01 6.36399686e-02
    2.51541257e-01 2.49380469e-02 5.84402084e-01 6.27057135e-01
    2.90349126e-02 3.96023393e-02 8.10403824e-01 5.58508396e-01
    5.73699713e-01 6.39403462e-01 8.31415176e-01 7.07892835e-01
    1.72223508e-01 9.23654199e-01 3.82195830e-01 3.50412786e-01
    7.87294686e-01 2.57331103e-01 3.32948029e-01 9.67361927e-01
    4.06458378e-02 8.44621897e-01 5.88208437e-04 6.87855721e-01
    8.97306442e-01 9.36346352e-01 1.75687969e-02 3.94494712e-01
    1.39496326e-02 9.05169249e-01 1.11117959e-03 7.46014476e-01
    3.42244685e-01 1.55574143e-01 5.60408652e-01 5.58745563e-01
    9.91970301e-02 1.05440617e-04 6.32861853e-02 3.68050575e-01
    8.56316566e-01 7.11029947e-01 1.09999359e-01 5.52593946e-01
    8.53086591e-01 8.08132291e-01 3.63024235e-01 3.15447152e-02
    2.23251879e-02 5.09849250e-01 9.91927981e-01 6.96520984e-01
    8.17349315e-01 6.33914769e-02 8.29279423e-03 4.46403921e-01
    5.82823038e-01 8.46386313e-01 1.58837914e-01 4.57243562e-01
    1.93563759e-01 5.06922603e-02 7.01995134e-01 4.96477783e-01
    5.20035088e-01 4.55749214e-01 8.10101211e-01 9.63824034e-01
    8.75625253e-01 6.23634756e-01 6.62602544e-01 3.04679036e-01
    5.13697684e-01 6.94146156e-02 6.58591092e-01 6.14566028e-01
    5.80539465e-01 2.51181364e-01 2.15521365e-01 4.55625594e-01
    4.05400455e-01 4.36837256e-01 3.61486316e-01 6.35713696e-01
    1.93969846e-01 4.59888041e-01 5.04518211e-01 2.24106908e-02
    4.00753886e-01 8.47212970e-02 2.49196768e-01 6.00227952e-01
    5.46634853e-01 1.33758992e-01 1.41702592e-01 1.82979822e-01
    9.31219637e-01 1.75778151e-01 1.94859505e-01 7.86793232e-03
    7.66823053e-01 7.85110235e-01 7.04205215e-01 7.29236841e-01
    7.86412060e-02 3.91039848e-02 6.33385837e-01 6.99011564e-01
    9.79625762e-01 3.77705842e-01 2.30994225e-02 9.87768769e-01
    1.48582160e-02 1.17320687e-01 5.00946045e-02 6.83089137e-01
    9.17607486e-01 4.56642985e-01 8.18786383e-01 4.41108346e-01
    9.65451598e-01 7.59257972e-02 9.15406823e-01 1.02136970e-01
    5.47763348e-01 1.61899716e-01 3.52213055e-01 8.69338572e-01
    9.66654181e-01 3.19063663e-01 8.21588993e-01 2.99528003e-01
    7.38877773e-01 5.97781539e-01 8.43325257e-02 3.48021209e-01
    2.63010621e-01 3.18920970e-01 4.63813186e-01 8.21743667e-01
    6.98897004e-01 2.03633368e-01 6.39064312e-01 9.96645570e-01
    5.32230139e-01 9.05304849e-02 1.50411487e-01 4.24555838e-02
    1.07606649e-01 3.56671274e-01 6.81745827e-01 8.50261569e-01
    7.19606221e-01 1.77324980e-01 1.03610069e-01 8.69289219e-01
    4.03168321e-01 8.85919809e-01 6.49534702e-01 1.16739959e-01
    9.16587412e-01 7.00217128e-01 6.40732765e-01 5.27920425e-01
    4.89959598e-01 8.95151615e-01 7.49658465e-01 9.12896276e-01
    8.79226029e-01 9.67631757e-01 5.61072230e-02 9.89719391e-01
    9.53673899e-01 2.45362997e-01 6.73807144e-01 6.69521511e-01
    6.72626793e-02 7.98812211e-01 9.47289467e-02 9.06702936e-01
    8.70385706e-01 4.87628013e-01 2.98387647e-01 6.89723611e-01
    4.54163194e-01 6.35803223e-01 9.74519849e-01 8.83609056e-01
    2.08341122e-01 6.54432476e-02 2.69903272e-01 1.39746070e-01
    1.05946064e-01 8.73830318e-01 5.03293931e-01 6.81049526e-01
    5.04183412e-01 8.96025300e-01 6.08616173e-01 7.80859530e-01
    9.62681651e-01 6.49506569e-01 2.30117023e-01 5.89831054e-01
    5.48283517e-01 4.19460028e-01 8.60656500e-01 4.94810045e-01
    2.07170844e-02 6.99565291e-01 4.53949213e-01 7.43518353e-01
    8.55145156e-01 5.59613287e-01 1.35897547e-01 2.15131283e-01
    9.24750268e-01 6.90089107e-01 8.59735012e-01 2.39376575e-01
    5.86576819e-01 3.41470152e-01 1.64453387e-01 6.27514362e-01
    7.25618005e-01 6.76766038e-01 6.51450634e-01 9.29955840e-01
    9.31838632e-01 1.82294846e-03 6.08480871e-01 7.29331791e-01
    2.68504620e-02 8.48075151e-01 1.72185302e-02 3.18210691e-01
    8.22581768e-01 2.55603313e-01 7.02916980e-02 7.93590665e-01
    8.86602402e-01 3.28996956e-01 4.29092795e-01 7.58156359e-01
    9.88172948e-01 2.51070797e-01 2.41029292e-01 7.38928199e-01
    6.80409312e-01 2.39358872e-01 8.74674439e-01 5.21032333e-01
    5.62415361e-01 3.65314543e-01 7.59948790e-02 4.59013313e-01
    2.69758582e-01 7.94120908e-01 9.56840277e-01 6.28369451e-02
    4.61912036e-01 2.79829204e-02 5.63628435e-01 1.73750162e-01
    1.46002322e-01 6.03553653e-03 2.68195599e-01 5.32967508e-01
    4.15663660e-01 2.06599206e-01 8.15449119e-01 8.80751193e-01
    7.48700798e-02 6.78069770e-01 1.81987166e-01 8.67852569e-01
    4.59343851e-01 7.66247332e-01 9.95547533e-01 7.60731876e-01
    3.35414469e-01 6.80125356e-01 6.81297123e-01 1.66123748e-01
    5.67412734e-01 5.02743602e-01 1.57745808e-01 9.27772939e-01
    1.15584314e-01 4.26036716e-02 2.18757570e-01 1.44695342e-01
    1.76976949e-01 7.49093175e-01 2.00844646e-01 1.45602465e-01
    1.56090766e-01 1.20368481e-01 7.63812542e-01 4.01652813e-01
    3.01566571e-01 2.47150570e-01 6.84767723e-01 4.66588020e-01
    6.63298905e-01 3.96676362e-02 3.74540865e-01 5.32168388e-01
    7.59211659e-01 2.33541876e-01 1.96697414e-01 7.51034498e-01
    7.74949312e-01 5.18189728e-01 1.14958644e-01 5.98663032e-01
    3.36095691e-01 3.70507717e-01 3.88657629e-01 2.49114573e-01
    9.01953816e-01 1.11343265e-01 2.41974533e-01 8.82058740e-01
    7.43044317e-01 7.35551536e-01 3.70828956e-01 9.38818336e-01
    5.52266479e-01 9.52396810e-01 3.65275085e-01 7.79270053e-01
    2.38085419e-01 3.43345523e-01 6.79814517e-01 7.91815162e-01
    3.39081764e-01 1.31303340e-01 5.29655218e-01 3.25182110e-01
    2.62251198e-01 4.99998391e-01 8.87612581e-01 8.44267011e-01
    2.21215665e-01 2.41735041e-01 5.97710192e-01 3.69846314e-01
    4.26953405e-01 7.85931170e-01 1.49295062e-01 6.77430212e-01
    6.97137237e-01 7.43718505e-01 8.82223725e-01 2.66361892e-01
    5.45296609e-01 3.42058241e-02 4.97184217e-01 9.71719801e-01
    7.67762184e-01 3.45010906e-01 4.59238261e-01 9.00254130e-01
    1.93272203e-01 9.56533909e-01 7.56367803e-01 6.75316274e-01
    6.37915611e-01 8.22448492e-01 7.62830079e-01 2.97678411e-01
    3.41705918e-01 1.03382677e-01 6.60012126e-01 7.36270368e-01
    3.16690415e-01 6.23067081e-01 2.64674604e-01 1.85457647e-01
    9.94253755e-01 1.68659300e-01 4.67338324e-01 6.19789541e-01
    5.03225207e-01 5.20881116e-01 9.65178609e-01 6.95239544e-01
    9.58204925e-01 6.35713160e-01 3.33529532e-01 9.07769799e-01
    4.39489484e-01 2.23326147e-01 1.97271198e-01 8.55425179e-01
    3.57767045e-02 3.36623967e-01 7.10207999e-01 9.51864302e-01
    9.61424053e-01 2.91316837e-01 2.96192884e-01 6.74942136e-02
    7.43472576e-01 7.16126680e-01 7.91409850e-01 8.96776319e-01
    3.77275348e-01 5.23706734e-01 4.99237359e-01 9.92819786e-01
    2.28599548e-01 4.81692851e-01 1.33643061e-01 2.42802173e-01
    9.92158055e-01 2.53295839e-01 5.50260186e-01 1.15784466e-01
    8.01556587e-01 3.10403526e-01 5.93636632e-02 1.54864877e-01
    6.67868972e-01 1.14031821e-01 8.82265568e-01 2.01217145e-01
    4.39047843e-01 2.12668836e-01 9.64499712e-02 7.45336056e-01
    6.50549054e-01 2.39874244e-01 9.73370075e-01 2.02543944e-01
    9.11112368e-01 5.09105682e-01 2.54392505e-01 9.47972953e-01
    4.42156553e-01 9.26570654e-01 7.60800838e-02 4.67562079e-02
    5.96445322e-01 5.73420465e-01 5.54741025e-01 8.30057383e-01
    1.86668515e-01 4.53034699e-01 8.79764080e-01 9.58560586e-01
    3.62327814e-01 7.96931624e-01 5.27010679e-01 2.91408807e-01
    5.35053372e-01 5.56997240e-01 8.01406205e-02 9.53716338e-01
    9.90507603e-01 9.69808817e-01 6.06304228e-01 6.30517840e-01
    7.26738930e-01 4.67108220e-01 2.81997085e-01 6.40118957e-01
    1.98246688e-01 5.61804771e-01 5.87698162e-01 3.63173723e-01
    9.34175730e-01 6.24311447e-01 9.56918478e-01 3.25915813e-01
    6.60755038e-01 1.93214715e-01 6.05801880e-01 8.80421758e-01
    1.43604934e-01 5.87594926e-01 3.48099083e-01 8.55248332e-01
    7.47410715e-01 6.53966248e-01 6.82201266e-01 5.41006267e-01
    4.69930053e-01 5.53314745e-01 8.83317471e-01 5.76294601e-01
    1.92312509e-01 2.89270908e-01 1.45847261e-01 8.54610801e-01
    4.87700701e-02 2.10006684e-01 6.29884422e-01 1.03029013e-01
    8.04344177e-01 1.85537040e-02 8.72647583e-01 9.82560635e-01
    6.97452009e-01 1.24624044e-01 6.57005370e-01 6.27846122e-01
    1.89463437e-01 5.21722078e-01 6.94759071e-01 8.25471938e-01
    9.93430912e-02 5.92100739e-01 7.26710498e-01 5.24117649e-02
    6.16260111e-01 5.29969037e-02 4.28136170e-01 2.52449811e-01
    2.27887034e-01 8.95313442e-01 6.54160500e-01 5.55558920e-01
    4.22566891e-01 3.95700574e-01 7.94937730e-01 7.74235725e-01
    9.60227728e-01 4.11512136e-01 5.66959202e-01 9.27828670e-01
    2.63975620e-01 3.00073206e-01 4.93682176e-01 2.03755975e-01
    5.74168563e-03 9.06265736e-01 6.95853949e-01 5.13891816e-01
    9.88299012e-01 8.17834377e-01 7.21613109e-01 6.39025688e-01
    5.35926819e-02 5.38401306e-01 7.45563745e-01 1.40063673e-01
    9.61215019e-01 3.94410133e-01 7.60605037e-01 3.93535614e-01
    3.40609550e-01 3.55577469e-01 1.08958662e-01 7.20364988e-01
    1.93805814e-01 7.69715428e-01 1.49817973e-01 7.19044805e-01
    1.81110561e-01 4.71529961e-01 2.94352651e-01 9.90020394e-01
    3.47521365e-01 7.28029013e-01 8.99659574e-01 8.65595222e-01
    2.49673903e-01 1.33048832e-01 5.20099282e-01 1.64211661e-01
    9.42289591e-01 2.73066759e-01 2.56885499e-01 9.51544881e-01
    7.56894052e-01 3.23821843e-01 7.04639912e-01 5.77739716e-01
    2.06125200e-01 5.60345054e-01 8.40565145e-01 4.17032689e-01
    7.44569898e-02 6.87368453e-01 9.54428673e-01 1.32260114e-01
    6.81284606e-01 1.20327711e-01 3.04328501e-02 6.00545883e-01
    9.98819649e-01 4.47881222e-03 9.69655514e-01 4.75715816e-01
    4.30612475e-01 4.12022531e-01 6.57433093e-01 6.28930211e-01
    1.74093068e-01 1.34938776e-01 5.05742192e-01 6.07724905e-01
    2.64825046e-01 5.77753067e-01 5.73580980e-01 6.73238516e-01
    1.70869291e-01 6.40332341e-01 6.96624160e-01 4.41987365e-01
    9.78603780e-01 5.72584033e-01 6.18615031e-01 4.55905825e-01
    9.41986322e-01 3.53526086e-01 6.91642523e-01 1.44174933e-01
    2.81774580e-01 5.92999399e-01 5.92121720e-01 3.93316239e-01
    5.63654661e-01 8.04644704e-01 1.62014842e-01 1.24188244e-01
    3.51449192e-01 7.13226497e-01 9.97911632e-01 9.90248024e-02
    5.48131287e-01 1.99710965e-01 8.07097793e-01 6.60367608e-01
    7.42352545e-01 8.16000938e-01 1.22069120e-01 4.91256773e-01
    4.00346518e-01 1.91711932e-01 4.92606491e-01 1.77507699e-01
    4.62934196e-01 8.30885530e-01 5.61968446e-01 6.66167140e-01
    2.84821689e-01 4.04689610e-02 5.03858685e-01 8.09515715e-01
    8.49463046e-01 3.80286455e-01 1.77931786e-02 2.05763519e-01
    4.89187151e-01 5.94109714e-01 5.99850714e-01 5.25853038e-03
    6.58751845e-01 5.21972001e-01 1.75762445e-01 9.78723407e-01
    3.14814687e-01 5.48863828e-01 4.87055182e-02 7.87623048e-01
    9.57282066e-01 8.78582478e-01 9.82579470e-01 2.22260714e-01
    9.37226534e-01 2.89255261e-01 3.57759923e-01 7.21987128e-01
    3.71809304e-02 8.97353768e-01 5.08707047e-01 6.82995975e-01
    8.10011625e-01 5.46061099e-01 2.84794033e-01 2.16324687e-01
    2.20090508e-01 6.22809410e-01 7.74731278e-01 9.88659978e-01
    4.14368182e-01 6.54395819e-01 6.15504980e-02 1.39588863e-01
    9.07037973e-01 5.78267276e-01 3.76573026e-01 2.06409395e-02
    6.95527196e-01 3.14276636e-01 8.73672366e-01 9.80789304e-01
    5.55758119e-01 5.14011383e-02 4.55690295e-01 7.47560203e-01
    1.38631910e-01 1.54078275e-01 8.89350951e-01 6.96348786e-01
    6.88623548e-01 2.22510725e-01 3.81281286e-01 9.08432662e-01
    6.76664770e-01 1.76170945e-01 1.17646545e-01 3.47397029e-01
    4.09732044e-01 9.89582837e-02 8.02703023e-01 7.90575147e-01
    6.46590590e-01 7.15210438e-02 1.47631705e-01 4.10649240e-01
    6.23831332e-01 1.75611377e-01 2.19215602e-01 8.13008785e-01
    9.06038404e-01 7.17653990e-01 4.81846809e-01 1.43903643e-01
    4.68389899e-01 3.91693890e-01 4.62807983e-01 9.16098595e-01
    9.42285180e-01 4.74852920e-02 4.81813848e-02 3.21604013e-01
    1.28468871e-01 2.66200215e-01 7.32322752e-01 3.00825387e-01
    5.38819194e-01 7.03468442e-01 8.43406320e-02 2.14295685e-01
    7.59296060e-01 5.10322809e-01 4.98365462e-02 6.95095539e-01
    9.44492996e-01 2.46259630e-01 1.73095077e-01 2.62650728e-01
    4.41613674e-01 4.69646424e-01 4.09061670e-01 8.26406777e-01
    8.33959818e-01 2.16489553e-01 9.01175380e-01 3.29900980e-01
    6.25483871e-01 9.64092612e-02 5.75880408e-01 8.02791119e-03
    4.65772480e-01 8.18992376e-01 4.69184518e-02 6.61639333e-01
    5.68334460e-02 6.64650679e-01 1.61192715e-02 4.44825679e-01
    8.97791266e-01 1.70373499e-01 4.30722594e-01 4.74585652e-01
    9.67088342e-03 8.07745695e-01 9.77022290e-01 4.16665375e-02
    6.01171434e-01 3.52623582e-01 4.31582212e-01 9.66668427e-02
    7.77441144e-01 1.12520754e-02 2.15498209e-02 4.59735364e-01
    9.78665352e-02 4.41411883e-01 1.05140626e-01 9.78960812e-01
    2.17320681e-01 6.93926215e-02 3.98633003e-01 9.39887166e-01
    2.02180088e-01 9.50168371e-01 3.90954226e-01 4.28918839e-01
    2.43041426e-01 4.36950922e-02 2.68508792e-01 4.89985853e-01
    7.72813201e-01 1.13076419e-01 3.07061523e-01 8.19889784e-01
    6.86645091e-01 2.57558018e-01 7.45653570e-01 4.06760216e-01
    3.59790444e-01 6.28919005e-01 5.49713254e-01 4.87813830e-01
    7.62691796e-02 5.40381908e-01 3.44797075e-01 9.85542536e-01
    7.65852451e-01 4.25070792e-01 1.11511260e-01 4.43486124e-01
    3.76182705e-01 3.57304215e-01 1.05239064e-01 1.18494034e-01
    6.68127835e-01 5.75873077e-01 6.50777042e-01 8.59707236e-01
    8.45620036e-01 1.58662379e-01 4.40904081e-01 6.02737784e-01
    6.44864440e-01 3.67343873e-01 1.16628647e-01 7.55475283e-01
    9.27264869e-01 5.05835414e-02 3.59396011e-01 8.17562521e-01
    1.81184173e-01 8.14107299e-01 8.03390265e-01 4.95801061e-01
    2.25400329e-01 2.93701530e-01 9.70585048e-02 5.32833815e-01
    2.06884176e-01 6.97463632e-01 8.36434603e-01 3.17871183e-01
    4.40799206e-01 9.44773436e-01 6.85391724e-02 6.20934486e-01
    5.08372664e-01 1.72729582e-01 2.02505916e-01 8.88868332e-01
    2.45953232e-01 1.84695095e-01 3.02530289e-01 8.62285256e-01
    7.66501725e-01 7.71273911e-01 4.37209368e-01 8.15576136e-01
    7.23617077e-01 9.07825708e-01 8.87522101e-01 9.50778604e-01
    4.92766768e-01 1.17018044e-01 1.78851724e-01 9.18474674e-01
    9.51708078e-01 4.90924180e-01 1.45191371e-01 1.00978017e-02
    8.39101076e-01 9.91611719e-01 4.93725508e-01 5.19101858e-01
    6.40223861e-01 2.99753129e-01 7.65626371e-01 5.36518037e-01
    6.84897184e-01 6.33356214e-01 5.69075942e-01 5.81048191e-01
    5.78691959e-01 9.40339804e-01 6.94242001e-01 6.52675509e-01
    3.17802072e-01 8.62486482e-01 9.35935676e-01 1.36332512e-01
    6.27376497e-01 5.33152282e-01 9.71003175e-02 6.42949522e-01
    1.05224669e-01 3.56627524e-01 5.13431728e-01 3.12145054e-02
    4.07718211e-01 9.95645165e-01 1.98635012e-01 1.45771056e-01
    2.01766908e-01 8.39671195e-02 8.69004250e-01 7.40197957e-01
    3.51072401e-01 8.92087877e-01 6.23525381e-01 9.28441763e-01
    2.43408531e-01 2.84147501e-01 2.99702883e-02 3.11913192e-01
    2.26434916e-01 2.20074743e-01 6.88193679e-01 4.27987784e-01
    6.08358383e-02 9.25181031e-01 8.30142677e-01 6.87568188e-01
    2.00827807e-01 5.00263393e-01 1.33970708e-01 5.88907361e-01
    5.32867670e-01 5.96004367e-01 2.36803889e-02 7.88094282e-01
    3.47798973e-01 5.70650876e-01 9.82138932e-01 2.08459973e-01
    2.81639457e-01 3.36882919e-01 9.50312614e-02 8.25958014e-01
    4.62395012e-01 6.54122114e-01 9.25089359e-01 7.28815198e-02
    8.78582597e-01 4.74691987e-02 3.45046580e-01 4.98088062e-01
    1.68837368e-01 1.01979077e-02 3.48506838e-01 7.36283064e-01
    5.66362739e-02 5.34821749e-02 6.71778619e-01 9.85232472e-01
    6.42879128e-01 6.37848496e-01 4.11760807e-01 8.68584991e-01
    6.46327674e-01 5.64647317e-01 4.86078769e-01 5.55787444e-01
    3.37424397e-01 6.07729077e-01 1.00841314e-01 4.21643525e-01
    8.17690611e-01 1.02356583e-01 3.59827846e-01 4.02354091e-01
    3.46303940e-01 1.30888522e-01 1.17917150e-01 7.40885735e-03
    1.84519500e-01 5.94693124e-01 4.55183089e-02 3.21937203e-01
    5.70757985e-01 9.35470819e-01 3.57680380e-01 4.33277965e-01
    3.68952751e-02 3.03030074e-01 2.80278802e-01 7.68643022e-01
    3.56071711e-01 4.52429980e-01 9.67185259e-01 2.61400282e-01
    1.33034050e-01 5.80348670e-01 6.54976726e-01 1.65186137e-01
    9.25079823e-01 7.34734833e-02 8.46163630e-01 8.28745842e-01
    6.23164654e-01 7.25156188e-01 4.28986847e-02 7.55944729e-01
    4.39376980e-01 7.21725106e-01 1.86646283e-01 2.35596478e-01
    8.59203219e-01 9.69299197e-01 5.74975312e-01 2.02026963e-03
    7.45349705e-01 4.85366285e-02 7.53548503e-01 9.57449317e-01
    2.91964114e-01 5.81092000e-01 4.22756612e-01 2.11953580e-01
    5.47845125e-01 6.78908587e-01 6.40905619e-01 9.53999758e-01
    8.64954591e-01 3.77302885e-01 2.82690614e-01 2.27506310e-01
    8.31106126e-01 6.92706048e-01 1.96741194e-01 6.67797446e-01
    8.52392316e-02 2.22920924e-01 6.62800133e-01 5.72477460e-01
    1.43124700e-01 7.60390639e-01 2.45590478e-01 7.70541430e-02
    4.12308663e-01 1.23250514e-01 3.61012816e-01 8.38912427e-02
    3.06830525e-01 5.63939095e-01 2.61393785e-01 8.43238473e-01
    5.48988104e-01 5.14653683e-01 6.76724017e-02 3.50057453e-01
    1.43695593e-01 8.33862543e-01 1.03761435e-01 3.61325622e-01
    7.40120590e-01 1.66697145e-01 9.78573442e-01 9.14648175e-01
    4.28241491e-02 5.51282704e-01 5.87378442e-02 1.15684897e-01
    9.42417383e-01 3.39329779e-01 6.82740331e-01 5.75211823e-01
    5.84038377e-01 9.11770046e-01 5.88182688e-01 8.76319528e-01
    1.46028280e-01 9.74201560e-01 2.31100678e-01 9.48421121e-01
    1.58639342e-01 4.17313516e-01 3.07475626e-01 9.89026189e-01
    5.18051803e-01 3.94943744e-01 9.52420354e-01 5.32821238e-01
    7.31129885e-01 7.23037958e-01 3.55198681e-02 5.81274509e-01
    9.11182880e-01 1.24817193e-01 8.97049546e-01 5.99952102e-01
    1.71576172e-01 1.60156965e-01 1.19073033e-01 7.74327278e-01
    6.53669596e-01 9.22808468e-01 4.28112209e-01 1.33429915e-01
    2.71628261e-01 6.82082951e-01 7.20719397e-02 5.50485671e-01
    5.38787186e-01 9.17796731e-01 5.84945321e-01 7.96470881e-01
    7.90787935e-01 7.74644494e-01 3.05610180e-01 7.09131598e-01
    3.92755181e-01 5.47615528e-01 1.68750226e-01 1.49945527e-01
    9.20057654e-01 1.17860854e-01 2.12617159e-01 1.39763087e-01
    5.28965175e-01 7.79741764e-01 3.38200539e-01 4.96157318e-01
    1.02189064e-01 9.70573783e-01 2.64759868e-01 3.55948031e-01
    6.04788780e-01 2.55022615e-01 5.15680909e-02 6.45006537e-01
    6.10968232e-01 8.84671450e-01 2.27949202e-01 4.86488611e-01
    2.14606881e-01 7.84944892e-02 7.25987911e-01 4.86624241e-02
    3.95234615e-01 2.03824431e-01 1.33165061e-01 1.24961168e-01
    9.26888764e-01 1.73625618e-01 7.32005537e-01 5.11050224e-04
    8.42709243e-01 1.44621789e-01 8.45164716e-01 1.62976980e-01
    9.43612158e-02 2.66656876e-01 3.61970544e-01 3.77493322e-01
    9.82317984e-01 5.85543454e-01 3.64229828e-01 6.63766026e-01
    9.38675582e-01 6.98636174e-01 6.76561177e-01 8.15657616e-01
    5.80452025e-01 6.66611135e-01 8.31934035e-01 5.93755901e-01
    6.07388020e-01 2.52301753e-01 3.18020582e-01 8.90547395e-01
    7.84210801e-01 2.47253358e-01 3.00309896e-01 5.96991420e-01
    6.51212275e-01 5.28255522e-01 5.62185168e-01 3.94484788e-01
    3.45461607e-01 7.87511110e-01 6.45675063e-02 8.04720640e-01
    9.16124463e-01 6.12600148e-01 3.19272995e-01 8.54250550e-01
    5.99676609e-01 2.07975507e-03 8.80394816e-01 5.26267588e-01
    3.60768080e-01 9.58791018e-01 4.39636588e-01 2.87480950e-02
    5.05227029e-01 2.47722626e-01 7.27836788e-01 3.40771884e-01
    1.24064475e-01 7.97039866e-01 2.81027555e-01 4.16344106e-01
    4.38736975e-02 7.77185202e-01 1.07726455e-01 1.80427969e-01
    2.76368767e-01 6.81369007e-02 2.21300721e-01 2.76304781e-01
    3.02505106e-01 3.36686850e-01 1.65154755e-01 9.48384404e-03
    4.02170271e-01 5.44935465e-01 7.80004561e-01 8.01052868e-01
    5.99693239e-01 8.79528999e-01 6.02631271e-02 9.15616751e-01
    6.10556126e-01 2.03011662e-01 7.57717252e-01 8.44849229e-01
    2.46321529e-01 7.60652065e-01 2.51531124e-01 3.34117681e-01
    4.91027832e-02 4.81762290e-02 2.97683626e-01 1.63382173e-01
    9.01814878e-01 3.80513191e-01 8.67670417e-01 7.24812031e-01
    4.91133451e-01 1.76022053e-01 9.07056332e-01 8.92419517e-02
    2.37575173e-03 9.31781769e-01 6.50275171e-01 7.96317697e-01
    8.13540041e-01 2.48932153e-01 6.71052396e-01 4.46704268e-01
    1.19584322e-01 3.70990336e-01 7.93851495e-01 5.77063680e-01
    2.57265627e-01 1.32290721e-02 9.29233909e-01 5.98813951e-01
    5.17064333e-01 7.02811480e-01 2.95753837e-01 4.69449162e-03
    2.48454064e-01 3.62742692e-01 1.09122038e-01 5.04041672e-01
    2.32644200e-01 7.12297201e-01 8.00006092e-02 2.37985551e-01
    5.91151595e-01 2.12320656e-01 3.42726767e-01 4.48705196e-01
    1.71124905e-01 9.40713882e-01 9.88561451e-01 9.82823014e-01
    2.23162085e-01 9.80169952e-01 9.14336681e-01 5.54764867e-02
    2.68814445e-01 8.54947805e-01 3.35800380e-01 7.39763260e-01
    3.25545788e-01 7.12222338e-01 3.26326191e-01 5.47722399e-01
    6.06463194e-01 4.27569330e-01 6.12353325e-01 6.64093971e-01
    5.28084874e-01 6.50708020e-01 4.21261728e-01 1.64706111e-02
    5.02965093e-01 9.32850242e-01 9.14976120e-01 6.48777485e-01
    7.28182733e-01 1.19377375e-02 4.77204680e-01 8.52309406e-01
    3.41789126e-02 4.57502961e-01 9.53656077e-01 6.07201636e-01
    1.58877194e-01 4.25254107e-01 9.32237804e-02 4.74754393e-01
    7.44235754e-01 3.19234699e-01 5.92881143e-01 5.30272841e-01
    6.69424474e-01 3.98374796e-02 2.63274908e-01 8.38588655e-01
    6.69411838e-01 9.08465028e-01 6.76108241e-01 8.91617775e-01
    8.97321105e-01 2.26456374e-01 6.24718249e-01 6.94674969e-01
    9.98321772e-02 4.88638937e-01 8.71496975e-01 1.57336026e-01
    7.56951213e-01 3.68884265e-01 6.27555430e-01 3.73601556e-01
    6.72300279e-01 3.02035272e-01 7.03335285e-01 9.17212307e-01
    5.83473027e-01 1.62548155e-01 8.32717121e-02 1.14013523e-01
    1.48565084e-01 6.99355721e-01 7.53263116e-01 5.99887669e-02
    6.45559669e-01 9.08027411e-01 9.83586073e-01 9.27952886e-01
    1.35652065e-01 5.67665458e-01 9.24574971e-01 8.51350069e-01
    8.42779875e-01 4.71092671e-01 6.24412835e-01 4.14032400e-01
    8.54915380e-02 5.83795905e-02 2.52653301e-01 8.31416249e-03
    5.16778052e-01 3.72072816e-01 5.08848488e-01 2.90639579e-01
    3.54378343e-01 9.24821615e-01 9.31043983e-01 5.34426808e-01
    1.71493560e-01 5.51403701e-01 8.51207018e-01 6.86571538e-01
    4.69517827e-01 1.98628157e-01 7.35710502e-01 5.67401826e-01
    8.98126006e-01 5.93126237e-01 9.05049443e-02 7.46006310e-01
    1.76611602e-01 9.41050410e-01 9.47248578e-01 2.09800452e-01
    7.87971616e-01 9.55926776e-01 1.38024271e-01 6.62782669e-01
    8.20765495e-01 3.55225235e-01 7.14416623e-01 2.07810700e-02
    3.23444307e-01 7.53146827e-01 7.68250346e-01 5.01586676e-01
    4.28285360e-01 8.36361647e-01 1.11500472e-01 9.65257525e-01
    2.79313087e-01 2.00347096e-01 9.87954676e-01 2.23029792e-01
    3.09118927e-02 4.28037941e-01 6.01340652e-01 8.89105201e-01
    9.53966856e-01 1.54483706e-01 1.92470849e-01 3.99228275e-01
    2.21142530e-01 8.17183077e-01 4.58788604e-01 8.50221992e-01
    5.82234919e-01 2.10622847e-01 8.56384039e-01 4.19225186e-01
    5.35962462e-01 8.18108320e-01 3.69586587e-01 9.14016783e-01
    1.15959316e-01 9.57707703e-01 7.66662598e-01 3.03695619e-01
    6.24535620e-01 2.26418734e-01 9.04805422e-01 5.58562279e-01
    9.24758911e-01 7.75761843e-01 6.13592923e-01 2.92813033e-01
    4.89501804e-01 6.95626736e-01 9.08749700e-02 6.74204886e-01
    9.05443072e-01 4.09128219e-01 9.13266182e-01 3.99410993e-01
    2.56629705e-01 4.78686422e-01 6.66842341e-01 4.32504952e-01
    4.53388005e-01 7.03741014e-01 3.93862128e-01 7.25369930e-01
    8.86701822e-01 5.10855854e-01 3.86804461e-01 2.83577681e-01
    8.52232099e-01 7.92287111e-01 3.63896489e-02 5.82300782e-01
    2.67853439e-01 7.44420707e-01 7.73926973e-01 2.26667404e-01
    4.81550753e-01 2.37209857e-01 9.54343438e-01 4.98832971e-01
    2.91592538e-01 7.50705004e-01 9.55303788e-01 5.02848208e-01
    6.24360740e-01 5.53561211e-01 2.11381733e-01 3.04725051e-01
    7.41982460e-01 1.22843862e-01 6.08468890e-01 4.10532564e-01
    4.45225209e-01 3.75822186e-02 2.34395713e-01 6.81659222e-01
    1.17761731e-01 7.28519022e-01 6.94865584e-01 3.43331426e-01
    5.93802571e-01 1.58348471e-01 9.11945105e-01 9.66542542e-01
    1.42036438e-01 5.52079022e-01 5.22690654e-01 5.67196071e-01
    2.27751970e-01 3.98216605e-01 3.24489474e-01 7.50435233e-01
    9.01832938e-01 5.49466491e-01 2.11657882e-01 9.37083721e-01
    7.19989300e-01 9.84854400e-02 3.97122800e-01 9.62398350e-02
    9.92895961e-01 8.54329228e-01 4.88471210e-01 5.10995924e-01
    5.97755253e-01 6.37275219e-01 2.39888698e-01 3.43174934e-02
    7.27539003e-01 7.94586897e-01 5.07490575e-01 3.05102885e-01
    2.65229702e-01 2.15180665e-01 6.74737215e-01 9.03416038e-01
    3.45815510e-01 7.07394361e-01 7.11791158e-01 5.23621798e-01
    5.33640087e-01 8.79387558e-01 9.43097353e-01 9.06102061e-01
    1.91051632e-01 4.55139577e-02 5.43490052e-03 9.04760122e-01
    5.86451769e-01 9.98681068e-01 7.29217350e-01 3.69921327e-03
    8.58238161e-01 2.24655718e-01 7.12668359e-01 1.77584350e-01
    6.40321672e-02 6.21805727e-01 6.85226977e-01 6.84723973e-01
    8.11567545e-01 6.39439821e-01 2.24911571e-01 5.86407602e-01
    4.98075426e-01 5.75522244e-01 7.82218993e-01 8.20801377e-01
    8.29390943e-01 3.07991475e-01 3.75317097e-01 8.68651986e-01
    6.72032356e-01 7.71495461e-01 2.50351131e-02 4.96330440e-01
    5.73119223e-02 5.78508377e-01 6.00527585e-01 1.53515488e-01
    6.32197499e-01 6.76480651e-01 1.15122586e-01 7.58001447e-01
    7.63391614e-01 8.61003637e-01 7.57850349e-01 3.85472655e-01
    7.94798374e-01 5.24117649e-01 4.48351204e-02 2.23443508e-02
    4.31229532e-01 6.07624054e-01 6.72763288e-02 3.78425241e-01
    6.66415334e-01 6.79006100e-01 2.62236744e-01 2.53145218e-01
    3.86955738e-01 5.75538635e-01 3.41203094e-01 3.96305084e-01
    3.46892506e-01 7.35531926e-01 5.54254830e-01 2.73550630e-01
    8.48871946e-01 6.96548820e-01 3.75994146e-02 1.24120831e-01
    8.55806112e-01 8.03192258e-01 5.63905716e-01 3.88106823e-01
    8.95204484e-01 3.39064151e-01 6.62977099e-02 3.32004249e-01
    5.97419977e-01 3.50655019e-01 6.89881980e-01 8.41477871e-01
    3.56416941e-01 7.08249629e-01 1.77097112e-01 8.62205207e-01
    8.67799461e-01 5.91115177e-01 8.41926932e-01 8.72544885e-01
    1.30031615e-01 4.49565679e-01 3.63886446e-01 8.98667097e-01
    3.97254646e-01 8.79206300e-01 5.87908328e-02 9.89154279e-02
    9.48558211e-01 7.08250761e-01 2.14874417e-01 7.87559390e-01
    7.69166946e-01 9.28242564e-01 1.90334976e-01 7.16795981e-01
    2.86063552e-03 6.23031259e-01 5.40768802e-01 3.48710835e-01
    1.94258809e-01 3.57137203e-01 4.72152025e-01 8.06925416e-01
    2.78962314e-01 1.94411814e-01 8.92784655e-01 3.68007511e-01
    9.17521477e-01 9.45313811e-01 5.32766819e-01 9.34117377e-01
    5.61196685e-01 6.88326061e-01 1.14704192e-01 6.46530390e-01
    9.42093015e-01 3.56255502e-01 5.63446820e-01 4.04479027e-01
    1.19049400e-01 2.59840548e-01 5.59200585e-01 3.53814244e-01
    3.37710381e-01 6.60090864e-01 8.05396438e-01 1.77454948e-02
    8.11207891e-02 8.38217854e-01 6.25468373e-01 3.34508479e-01
    6.53315723e-01 1.94415092e-01 2.96698153e-01 9.84729826e-01
    3.80562812e-01 7.44094551e-01 9.57229912e-01 2.70203829e-01
    4.30769801e-01 7.02058077e-02 7.11122274e-01 8.91793728e-01
    4.10232246e-01 7.09441960e-01 1.09049827e-01 3.22402954e-01
    6.28215134e-01 8.78855467e-01 4.51292425e-01 2.42067873e-02
    2.49892086e-01 3.70955080e-01 3.39408875e-01 2.17184484e-01
    8.54892850e-01 9.35392976e-01 6.90426707e-01 8.99329782e-02
    5.46956062e-03 1.72384202e-01 1.49552435e-01 4.22403812e-01
    1.31510407e-01 4.87278610e-01 6.65330529e-01 5.24257243e-01
    6.58036947e-01 5.22499263e-01 7.92095661e-01 5.61572552e-01
    6.13075435e-01 8.61982763e-01 5.02054334e-01 8.65685940e-01
    3.89764011e-01 1.69026971e-01 9.30227876e-01 2.32265204e-01
    6.99784994e-01 2.38812327e-01 1.15664810e-01 1.29742682e-01
    4.20917571e-01 2.05680430e-02 7.16793537e-03 3.01795781e-01
    5.77884614e-02 8.39487433e-01 2.29235351e-01 5.06230772e-01
    9.84630644e-01 2.07028598e-01 7.49301076e-01 5.40326238e-01
    2.75492549e-01 6.84031606e-01 9.32126164e-01 9.71447349e-01
    8.90794396e-02 6.96663678e-01 7.70031691e-01 8.85643721e-01
    7.97592878e-01 7.83612609e-01 8.66573095e-01 1.34907842e-01
    1.55467033e-01 5.33021867e-01 7.56680965e-01 1.23895139e-01
    9.65956926e-01 3.25279713e-01 4.56206799e-02 2.91261137e-01
    3.24777484e-01 8.29649329e-01 4.98680502e-01 5.85859358e-01
    3.24693561e-01 5.17816722e-01 5.95093548e-01 1.71225756e-01
    8.18292379e-01 3.41475040e-01 8.44173074e-01 2.55546153e-01
    7.26911485e-01 4.30033803e-02 5.24355948e-01 2.98174620e-02
    2.91370094e-01 1.41974837e-01 5.75664520e-01 8.03734899e-01
    8.84875000e-01 7.38900661e-01 4.27406371e-01 4.53020692e-01
    1.06405795e-01 4.41250294e-01 9.79525745e-02 2.96832800e-01
    8.04844439e-01 7.18363106e-01 3.25035632e-01 6.22929394e-01
    9.72184539e-01 3.47160816e-01 9.46957231e-01 7.35165000e-01
    9.70156789e-01 7.21733451e-01 1.27124667e-01 1.26421452e-04
    8.83922696e-01 2.46292740e-01 8.41950119e-01 7.63644636e-01
    9.95208740e-01 7.59914041e-01 3.70636404e-01 1.40343308e-02
    2.42829978e-01 3.85223836e-01 8.19189072e-01 9.78356004e-01
    6.43182993e-01 2.24125713e-01 8.59996438e-01 8.44138861e-01
    6.58054888e-01 3.04562330e-01 4.26218837e-01 9.06578243e-01
    7.48673916e-01 3.42528850e-01 4.62747455e-01 3.34063053e-01
    3.25974882e-01 7.96676517e-01 4.39007670e-01 3.87537837e-01
    8.35589409e-01 5.28007865e-01 3.99257690e-01 8.92318964e-01
    3.35216522e-01 2.09474921e-01 7.80823112e-01 3.52897942e-01
    9.68059301e-01 4.95676756e-01 1.86622530e-01 8.59286308e-01
    7.80971050e-01 4.45705414e-01 2.24209219e-01 2.29945898e-01
    3.95071268e-01 3.01879346e-02 3.67982924e-01 8.82096767e-01
    6.58179760e-01 3.78606349e-01 6.47679865e-01 3.78903627e-01
    4.48138982e-01 6.29256070e-01 6.91391706e-01 7.59731293e-01
    6.92718625e-02 7.63484597e-01 7.61709392e-01 5.58611155e-01
    9.72814620e-01 5.32519519e-01 7.36625671e-01 7.27422535e-02
    3.18904459e-01 8.73092115e-01 1.84866488e-01 5.64311504e-01
    5.14065921e-01 6.93558395e-01 2.46641695e-01 7.14199066e-01
    6.65108860e-02 4.95867193e-01 1.67980045e-01 5.51062822e-01
    6.76538587e-01 7.45368302e-02 4.83401150e-01 8.93008947e-01
    4.44295228e-01 7.93385744e-01 8.29988956e-01 3.21002662e-01
    9.81126428e-01 4.77520317e-01 6.20853186e-01 7.18220830e-01
    2.03742445e-01 9.56587791e-01 2.06398427e-01 9.89637375e-02
    3.50226164e-01 7.48018742e-01 3.76841545e-01 2.22333163e-01
    1.01688862e-01 8.05501461e-01 8.47052217e-01 5.01666427e-01
    9.23280299e-01 1.08976901e-01 9.48483109e-01 2.76165664e-01
    1.29961580e-01 3.90988767e-01 7.26283967e-01 2.39850193e-01
    4.73593473e-02 4.80552495e-01 2.66874671e-01 4.21776354e-01
    7.37415969e-01 2.64430463e-01 8.94422770e-01 6.66686654e-01
    7.60372758e-01 8.06254029e-01 2.94521570e-01 6.66360021e-01
    3.04759383e-01 6.52897120e-01 3.84632140e-01 4.84601468e-01
    2.80157685e-01 2.40720809e-02 2.53118277e-01 3.90640467e-01
    6.92210555e-01 9.64196026e-02 9.02876019e-01 6.38102770e-01
    6.77463889e-01 7.35505521e-01 3.68180156e-01 2.26002604e-01
    9.73194718e-01 9.18314338e-01 3.90088558e-01 1.84836566e-01
    5.86262047e-01 7.18373895e-01 1.73169404e-01 2.71881342e-01
    2.10225582e-02 9.45367277e-01 5.52423716e-01 3.22344899e-01
    4.23393250e-02 2.01719224e-01 7.17997909e-01 2.10972965e-01
    3.89324188e-01 2.45115668e-01 9.60949957e-01 1.25786841e-01
    4.67423737e-01 2.14435160e-01 9.22078967e-01 8.08596134e-01
    5.37375569e-01 8.35513711e-01 7.54080892e-01 6.63266480e-01
    4.42327380e-01 4.98298496e-01 3.41656893e-01 1.28035307e-01
    2.07121938e-01 5.17276645e-01 5.99373221e-01 9.09119427e-01
    4.58793849e-01 7.89844692e-01 2.47346371e-01 4.81343389e-01
    9.89663661e-01 4.30094600e-01 2.01649606e-01 6.50483727e-01
    9.41261649e-01 5.50034523e-01 4.08409119e-01 1.86424345e-01
    4.95988131e-03 3.59281391e-01 9.93031859e-01 8.89654696e-01
    7.29431033e-01 1.96381211e-01 6.26995683e-01 7.92664170e-01
    5.98295152e-01 5.97069621e-01 8.27504277e-01 4.38393652e-01
    2.30348468e-01 4.71801341e-01 1.13472998e-01 2.73110747e-01
    6.11595452e-01 8.86060774e-01 7.71173596e-01 4.07359362e-01
    8.56083393e-01 8.82379115e-02 6.83230102e-01 1.77614987e-01
    6.08601570e-01 7.85717189e-01 4.54564512e-01 5.80581844e-01
    2.37343609e-01 2.80239880e-01 1.38698339e-01 3.22198093e-01
    5.18901587e-01 3.40084732e-02 4.69848782e-01 2.08700895e-01
    5.73185503e-01 4.55743998e-01 1.04023516e-01 8.94722700e-01
    3.99429232e-01 1.57181412e-01 1.12289190e-02 4.07240719e-01
    5.93241930e-01 4.61993694e-01 6.99228168e-01 3.03703815e-01
    6.95006669e-01 7.09507823e-01 1.97996318e-01 3.22837412e-01
    1.44340724e-01 9.11232114e-01 7.65236020e-01 7.48256564e-01
    1.72665894e-01 4.74207103e-01 3.73038381e-01 8.15425575e-01
    8.47183466e-01 6.74856424e-01 8.49346995e-01 6.77643418e-01
    2.59995162e-02 1.07247084e-01 5.43291867e-01 1.46457046e-01
    4.11810279e-02 4.93016839e-02 3.54993314e-01 6.57190561e-01
    9.79678035e-02 6.77118599e-01 2.60785222e-01 4.23097074e-01
    6.76490843e-01 2.25192010e-01 4.51620638e-01 1.29912227e-01
    2.40054905e-01 4.74627346e-01 2.08151221e-01 7.40862310e-01
    4.56622571e-01 3.89118612e-01 8.55855882e-01 1.89523101e-02
    6.29396617e-01 6.70799017e-01 1.54751986e-01 5.70195436e-01
    7.83490241e-01 1.29366100e-01 7.91859388e-01 7.67110586e-01
    6.81542993e-01 4.99161184e-01 4.96085733e-01 4.89699036e-01
    8.23232651e-01 8.43502104e-01 5.52738428e-01 1.49819762e-01
    9.06504631e-01 8.06971550e-01 1.96327001e-01 8.08444321e-02
    5.65671027e-01 6.38143122e-02 6.32221103e-02 3.45339954e-01
    4.13071811e-02 4.49486673e-01 9.86617804e-01 2.65281558e-01
    5.03021836e-01 8.66442800e-01 1.46787524e-01 9.26400185e-01
    5.16317785e-01 7.31077194e-02 8.24707747e-02 4.42540258e-01
    9.54067469e-01 6.19394958e-01 9.48130846e-01 7.93177247e-01
    2.60967970e-01 7.20746696e-01 1.57500446e-01 4.78986919e-01
    2.66163826e-01 6.67131960e-01 9.17714834e-03 2.02322006e-01
    2.29002446e-01 1.29024982e-01 9.06110287e-01 1.47157848e-01
    6.33116663e-02 8.46965432e-01 3.84242237e-01 1.16320640e-01
    4.26616758e-01 3.62834334e-02 8.74523103e-01 5.31295061e-01
    7.56708741e-01 3.54053050e-01 8.60026658e-01 2.29297340e-01
    1.86726749e-01 5.68539798e-01 2.11147100e-01 1.05489731e-01
    4.93431211e-01 1.69523627e-01 8.04792166e-01 7.45510519e-01
    1.68024987e-01 5.47188520e-01 7.43450880e-01 5.05993068e-01
    3.07882190e-01 9.87158775e-01 4.50535893e-01 7.97541499e-01
    3.52162838e-01 5.44768810e-01 2.76612103e-01 2.70722359e-01
    2.96026528e-01 3.16509247e-01 9.01684880e-01 8.33011389e-01
    6.72479391e-01 2.83645213e-01 6.69021726e-01 4.92995352e-01
    4.70072210e-01 2.56581604e-01 8.20180655e-01 4.94351178e-01
    2.20597535e-01 8.34955871e-02 4.79389310e-01 8.04473758e-01
    5.85196972e-01 3.51966739e-01 5.35483599e-01 1.01580024e-01
    7.99468160e-01 7.20503092e-01 6.53624117e-01 5.85967183e-01
    1.20451510e-01 9.73257780e-01 2.03969479e-01 6.93275452e-01
    6.58013284e-01 3.90566766e-01 1.33283138e-01 3.55240971e-01
    8.71041775e-01 3.11113477e-01 5.92426836e-01 3.08296114e-01
    9.26388264e-01 6.08855426e-01 6.94633782e-01 3.23864460e-01
    8.62176955e-01 1.89790726e-01 2.56977558e-01 9.31263924e-01
    8.84246349e-01 4.30883884e-01 3.37960601e-01 6.97953343e-01
    8.01419020e-01 3.42115194e-01 4.99491453e-01 2.65181959e-01
    5.55293739e-01 7.23418415e-01 2.66941965e-01 8.72187138e-01
    1.12337679e-01 4.03775275e-01 5.42876303e-01 7.09558010e-01
    8.99251401e-01 3.09440851e-01 3.90455127e-01 5.77590764e-01
    2.84719229e-01 5.30946314e-01 3.27645391e-01 3.97333324e-01
    4.22331095e-02 2.53031015e-01 5.80134690e-01 2.22609043e-02
    8.47788572e-01 5.89324057e-01 2.91285336e-01 9.25390363e-01
    3.05804849e-01 7.55508542e-02 2.02556640e-01 5.68359852e-01
    8.92140687e-01 1.22052252e-01 2.19672441e-01 8.60441923e-01
    9.82424319e-01 6.88274801e-01 3.38639140e-01 8.02947879e-01
    4.29132462e-01 9.08011317e-01 2.23199964e-01 8.35952878e-01
    7.76534319e-01 4.83830661e-01 3.60224366e-01 9.05083537e-01
    4.33708012e-01 5.84646165e-01 5.40490091e-01 7.54264414e-01
    2.38728225e-01 2.52796888e-01 3.31121922e-01 4.81957287e-01
    7.02878177e-01 9.68941391e-01 2.32469082e-01 3.35064530e-02
    1.38113797e-02 6.27734363e-01 6.41732514e-02 5.93520701e-01
    9.04529095e-01 7.18115866e-02 4.98244941e-01 7.50225902e-01
    6.06155753e-01 9.64053214e-01 6.60388649e-01 9.92273092e-01
    4.72896397e-02 7.29033887e-01 3.46041262e-01 7.36446500e-01
    8.08037162e-01 7.17225671e-02 7.88354874e-01 4.68388617e-01
    8.75487089e-01 6.50468528e-01 5.18664002e-01 7.32053518e-01
    2.97044098e-01 8.75184536e-01 2.12870628e-01 6.95143819e-01
    9.95055437e-01 7.35722542e-01 9.05679345e-01 7.95175552e-01
    9.40040708e-01 4.81011808e-01 2.96855748e-01 7.17530727e-01
    8.19101691e-01 3.42669964e-01 1.28140599e-01 7.53023148e-01
    6.21534228e-01 2.70470202e-01 7.74968386e-01 1.05509758e-02
    9.27795291e-01 6.45015955e-01 3.37979734e-01 8.08750629e-01
    6.58646524e-02 1.16413563e-01 3.46670151e-01 6.23043895e-01
    9.44464028e-01 7.49527991e-01 4.66248453e-01 3.62200290e-01
    1.15128905e-01 1.23323888e-01 6.62566304e-01 9.99147415e-01
    8.57645214e-01 6.21411443e-01 3.98545563e-01 7.51507938e-01
    7.87111700e-01 9.54611421e-01 9.91464972e-01 6.38249874e-01
    3.63894999e-01 5.80663741e-01 9.01730061e-01 5.96041083e-01
    1.16007835e-01 6.24430597e-01 6.79600239e-02 3.34839821e-01
    4.85460281e-01 8.77643168e-01 7.92264760e-01 7.88548946e-01
    1.56901091e-01 5.44909239e-02 9.01008129e-01 2.12911963e-01
    7.96287298e-01 2.87242770e-01 4.82023120e-01 6.56156063e-01
    4.67672944e-03 4.17318285e-01 9.65237081e-01 5.29574454e-01
    6.90366268e-01 9.89697218e-01 7.63174176e-01 3.40782106e-02
    6.18517578e-01 9.18558896e-01 7.84960091e-01 5.25441289e-01
    3.86131018e-01 2.76765764e-01 4.72774118e-01 4.05311018e-01
    5.89103997e-01 4.34798360e-01 1.70791149e-01 2.53244072e-01
    8.00369620e-01 3.40251148e-01 6.90786004e-01 5.91024995e-01
    6.20001078e-01 2.79003739e-01 6.41018510e-01 7.51013160e-02
    3.00940365e-01 6.53279006e-01 7.26049244e-01 6.95714593e-01
    1.37897402e-01 1.99579716e-01 3.95130932e-01 8.53980303e-01
    9.42808032e-01 2.82174885e-01 7.05023885e-01 9.14713025e-01
    8.08368087e-01 4.08824980e-02 9.86989915e-01 1.82997942e-01
    2.64413536e-01 4.60942805e-01 6.43883944e-01 7.06861615e-01
    4.81015265e-01 5.23342192e-01 7.06779361e-01 9.74769831e-01
    6.18307889e-01 4.83947605e-01 4.91589993e-01 4.12792236e-01
    1.32344007e-01 7.81171441e-01 8.31204653e-03 1.49802208e-01
    9.14480031e-01 7.59802759e-02 2.97381163e-01 2.37748325e-02
    1.92644417e-01 8.45232844e-01 4.16605771e-02 7.72774100e-01
    2.19854951e-01 3.85319382e-01 9.49932933e-01 8.02811980e-01
    1.49480969e-01 4.58881825e-01 1.25131786e-01 7.70363092e-01
    7.02542663e-02 8.82282853e-03 3.41453910e-01 6.46649599e-01
    6.41782284e-01 6.19569719e-02 9.73587632e-01 3.91793400e-01
    9.05906677e-01 1.58777595e-01 9.36732233e-01 6.90299690e-01
    6.88646734e-01 5.65927267e-01 8.98987651e-01 4.56951022e-01
    3.00728738e-01 1.45063043e-01 7.00551450e-01 2.55253434e-01
    2.06641763e-01 4.49842334e-01 3.10734510e-02 6.92397833e-01
    7.24548459e-01 2.59926498e-01 8.29331160e-01 1.40436172e-01
    6.00427866e-01 4.26370978e-01 9.31279540e-01 4.02196735e-01
    3.44470948e-01 8.70325685e-01 4.25195634e-01 3.67848366e-01
    2.98267066e-01 5.19982040e-01 1.36047721e-01 6.82966113e-01
    7.60607243e-01 7.78846204e-01 1.17850155e-01 2.42668390e-02
    8.73743296e-01 1.04537845e-01 4.60025579e-01 2.81729162e-01
    2.26304471e-01 7.33966768e-01 9.72856164e-01 1.04200840e-01
    2.02646405e-01 6.68914557e-01 4.62314755e-01 1.01747453e-01
    4.64180231e-01 3.33581269e-01 6.01308584e-01 8.90200734e-01
    5.69820285e-01 8.92652929e-01 3.42707783e-01 9.41715837e-02
    9.57622409e-01 3.91209662e-01 6.67025149e-01 8.77914429e-01
    1.56477094e-03 3.59442353e-01 4.32967693e-01 3.14652771e-01
    7.65473723e-01 4.97885019e-01 5.34174681e-01 2.93600082e-01
    2.78329134e-01 5.59651256e-02 5.48530281e-01 2.89816737e-01
    2.97816753e-01 2.10749686e-01 6.94590747e-01 3.16439390e-01
    2.76855826e-01 7.77891278e-01 8.92051935e-01 5.54602444e-01
    4.89779800e-01 5.05169868e-01 1.48110777e-01 8.33614647e-01
    3.48603606e-01 2.78496861e-01 7.76825905e-01 5.93483090e-01
    1.73834532e-01 8.40143561e-01 3.10345471e-01 2.63991535e-01
    2.66057014e-01 1.73171312e-01 9.67264652e-01 4.33012784e-01
    7.62983561e-01 8.32595408e-01 2.61324942e-01 5.74541688e-02
    6.21261299e-01 7.83877730e-01 1.02368593e-01 5.21599710e-01
    4.90621358e-01 9.83724713e-01 9.02573287e-01 6.40369534e-01
    3.94858003e-01 6.17409348e-01 3.71411741e-02 4.31450963e-01
    8.06197166e-01 1.22480571e-01 9.41093683e-01 4.11028594e-01
    5.49620807e-01 8.98052752e-02 2.83771455e-01 1.65913969e-01
    5.54550052e-01 7.96326101e-02 1.00077003e-01 1.72550470e-01
    9.95913625e-01 5.14463663e-01 1.94993705e-01 9.38673913e-01
    3.71686101e-01 6.98542237e-01 3.83836240e-01 1.39287800e-01
    2.04154193e-01 7.89059281e-01 7.35741377e-01 5.53410828e-01
    2.50669777e-01 1.47871524e-01 4.87172186e-01 3.09316099e-01
    3.59316468e-01 1.26160771e-01 1.11965656e-01 9.50448632e-01
    8.44850540e-01 3.65718186e-01 5.25052130e-01 5.20846128e-01
    1.89323127e-01 7.13473260e-02 5.88698685e-02 3.06595087e-01
    1.63609207e-01 3.72218966e-01 3.22030932e-01 2.75989503e-01
    5.91133833e-02 1.26080006e-01 4.35919911e-01 8.70147347e-01
    8.88456941e-01 2.57678688e-01 4.91488755e-01 5.74439108e-01
    1.75252020e-01 3.29359680e-01 1.76579952e-01 1.80583000e-01
    9.11090374e-02 5.49742997e-01 3.07185322e-01 3.98384273e-01
    3.47505510e-02 4.89719540e-01 7.03390360e-01 2.81881511e-01
    7.01983035e-01 9.41382527e-01 1.69476092e-01 2.58742422e-01
    2.21399605e-01 1.75875843e-01 6.02951646e-01 8.22092056e-01
    6.59554482e-01 1.97814703e-01 7.60163665e-01 1.13413930e-01
    4.47428674e-01 7.84555554e-01 6.94136143e-01 1.52204305e-01
    2.42704272e-01 5.93548954e-01 1.98809624e-01 5.99124491e-01
    5.91041982e-01 7.02850878e-01 6.43368900e-01 8.21000338e-02
    8.62360001e-01 9.58525896e-01 3.33547950e-01 5.79995275e-01
    1.03737712e-01 9.91660893e-01 9.92826819e-01 6.22004867e-01
    7.43906617e-01 9.44472671e-01 6.48319542e-01 2.23462999e-01
    2.64840961e-01 9.21977401e-01 1.76200718e-01 5.80636919e-01
    2.42719948e-02 6.77776098e-01 6.67777717e-01 7.49216318e-01
    5.62421262e-01 5.55057704e-01 3.12958062e-01 6.75304949e-01
    1.63657844e-01 4.72929776e-02 3.43196690e-02 3.66377354e-01
    7.27170765e-01 6.56040251e-01 2.62407720e-01 1.53945178e-01
    8.04661155e-01 1.90524608e-01 1.39509439e-01 1.28771752e-01
    4.75284457e-01 1.23347610e-01 3.45276654e-01 5.38149774e-01
    4.66125607e-02 4.96914923e-01 8.79886746e-01 2.50385404e-02
    3.22581768e-01 8.47506762e-01 5.68331718e-01 4.01746571e-01
    5.61663151e-01 4.76698279e-02 7.50589013e-01 7.28757501e-01
    2.78158814e-01 7.03155935e-01 9.44235444e-01 5.60989738e-01
    8.32666278e-01 5.58601201e-01 8.86088312e-02 3.29305828e-01
    6.23735964e-01 5.66059709e-01 4.68519270e-01 5.60087860e-01
    5.26834548e-01 8.77593994e-01 7.11706519e-01 7.23550498e-01
    3.85771751e-01 6.06650889e-01 4.66425300e-01 3.53444874e-01
    5.94167769e-01 6.69745922e-01 4.04429376e-01 5.73516309e-01
    8.81386757e-01 2.67336607e-01 9.60939586e-01 7.01345086e-01
    2.09375352e-01 7.54030704e-01 9.04482961e-01 4.64092821e-01
    1.49403125e-01 4.26559150e-01 5.45516908e-01 6.13391042e-01
    4.94089246e-01 4.32850271e-01 2.68426865e-01 7.15359211e-01
    6.22779548e-01 2.02910364e-01 9.64930534e-01 5.83819211e-01
    7.52706707e-01 6.45772457e-01 9.52120543e-01 1.43381089e-01
    8.68856192e-01 4.09291238e-01 9.54902887e-01 7.79435277e-01
    6.31076217e-01 7.00880289e-01 2.77954608e-01 1.67796612e-02
    9.23202097e-01 1.45119578e-01 5.53832591e-01 5.46974003e-01
    9.61026073e-01 3.72458339e-01 2.04966635e-01 6.00315928e-01
    3.35406840e-01 6.52773976e-01 8.35547805e-01 1.94533110e-01
    3.47404778e-02 5.44616282e-02 2.34726071e-02 6.86744094e-01
    7.05331564e-04 8.05304468e-01 2.02734053e-01 5.95488846e-02
    4.82888311e-01 8.47403884e-01 7.19002128e-01 4.53288138e-01
    7.55380094e-01 7.94976473e-01 5.79722941e-01 5.19318938e-01
    1.50434673e-02 2.50910074e-01 9.95306790e-01 6.67731166e-01
    7.13290572e-02 3.90941560e-01 2.32515275e-01 7.30252385e-01
    4.95009959e-01 5.84904850e-02 8.33617389e-01 8.31218958e-01
    3.62060338e-01 2.44000524e-01 2.21990258e-01 1.98672354e-01
    4.58822489e-01 9.23016429e-01 2.80967385e-01 2.79132277e-01
    8.20122838e-01 3.95960391e-01 2.78522551e-01 3.57456625e-01
    3.78697127e-01 5.80893755e-01 9.37788069e-01 9.91639018e-01
    9.01650131e-01 8.62791598e-01 5.08068085e-01 5.38893998e-01
    6.76279247e-01 3.37848902e-01 2.86936522e-01 4.79090065e-01
    2.65082657e-01 1.78386152e-01 3.21824908e-01 6.65420055e-01
    4.18554902e-01 8.47233176e-01 1.55939430e-01 9.20431077e-01
    4.27348375e-01 7.10089624e-01 8.11186016e-01 6.20846450e-01
    6.37126267e-01 1.32073164e-01 3.05037081e-01 1.48950726e-01
    7.98545063e-01 8.32444012e-01 9.55904245e-01 2.82309175e-01
    2.99834937e-01 5.29579401e-01 9.86663699e-01 3.33886981e-01
    9.81657207e-01 3.52340370e-01 8.82257819e-01 3.50230336e-02
    1.59591496e-01 6.85128152e-01 8.88501883e-01 8.09367955e-01
    5.59157550e-01 5.72160244e-01 7.12949872e-01 8.65311384e-01
    7.37517536e-01 5.54834306e-01 8.24735761e-01 6.72251701e-01
    1.57446980e-01 5.10666966e-01 7.75229871e-01 5.19414544e-01
    9.37759876e-04 1.78607672e-01 9.55089450e-01 3.12344432e-01
    8.79247606e-01 6.25255585e-01 1.81636393e-01 1.75551564e-01
    3.49110812e-01 2.72095621e-01 2.43312269e-01 4.33214128e-01
    6.82509720e-01 8.05105865e-01 5.11033535e-01 3.22560400e-01
    6.42584622e-01 5.15201449e-01 1.21349394e-02 4.41420823e-01
    4.65578079e-01 6.76331639e-01 2.72908509e-01 3.04300576e-01
    8.17325830e-01 5.55993676e-01 5.79795897e-01 6.29264712e-01
    7.20446110e-01 9.04700994e-01 9.90798235e-01 9.74219084e-01
    9.03375149e-01 2.74942219e-02 2.72949398e-01 5.63737035e-01
    8.18756223e-01 4.66822445e-01 4.95243371e-02 7.86944628e-01
    2.96395600e-01 2.00364530e-01 2.16992944e-01 8.57800126e-01
    4.80433851e-01 9.52157736e-01 4.23307925e-01 5.22039592e-01
    1.26492023e-01 1.91760063e-03 5.08733392e-01 6.85372829e-01
    2.52448469e-01 7.23189712e-01 6.72753692e-01 6.87489867e-01
    2.96928346e-01 6.51350975e-01 6.28686309e-01 7.56026208e-01
    8.21867347e-01 8.25802684e-01 7.30321050e-01 8.28063011e-01
    3.91860902e-02 2.23974347e-01 3.92633796e-01 3.45111936e-01
    5.73907852e-01 4.35075879e-01 8.53363693e-01 4.17987853e-01
    1.56806707e-02 8.39092016e-01 2.52886117e-02 5.34952700e-01
    3.02788466e-01 8.23310375e-01 8.35945070e-01 1.63147748e-01
    2.61001438e-01 9.28005219e-01 3.72525036e-01 7.89328754e-01
    1.96595192e-01 2.84080118e-01 3.09422702e-01 4.57430661e-01
    3.90548259e-01 5.13010263e-01 7.67538905e-01 6.41862988e-01
    4.34306115e-01 6.17933869e-01 8.79418552e-02 5.35856366e-01
    4.27574515e-01 2.36155093e-02 2.87120342e-01 1.50813878e-01
    2.96739936e-01 5.40473878e-01 5.21537900e-01 2.93141901e-02
    6.14003539e-02 6.65112734e-01 1.48746341e-01 8.68025303e-01
    6.20236754e-01 6.09938145e-01 8.09520841e-01 4.84612584e-01
    4.44543183e-01 3.43167603e-01 9.60892916e-01 2.96538830e-01
    9.08869147e-01 5.33778489e-01 9.79052603e-01 9.46629524e-01
    9.82863247e-01 7.62611330e-02 1.69142544e-01 6.70346856e-01
    3.17932457e-01 3.32453787e-01 8.24515224e-01 3.78796309e-01
    4.71763462e-01 6.92489862e-01 4.23010290e-01 6.91848993e-03
    5.85063040e-01 9.36991692e-01 5.96318722e-01 1.88634783e-01
    3.44804078e-01 2.83788919e-01 9.61445808e-01 4.72859353e-01
    9.03431892e-01 7.46437371e-01 6.44036174e-01 6.68954313e-01
    6.19559169e-01 6.43640280e-01 5.56717634e-01 9.58376527e-02
    6.74075365e-01 4.11089897e-01 4.34917450e-01 2.88931072e-01
    4.19796348e-01 4.18687344e-01 7.86614656e-01 3.44178081e-02
    9.73299742e-02 9.98220325e-01 7.28771389e-01 3.02432299e-01
    7.82898545e-01 2.00711757e-01 3.53755951e-01 8.32420707e-01
    7.31006861e-02 3.53979766e-01 4.34371352e-01 8.88830006e-01
    5.05737543e-01 9.38089550e-01 1.84882134e-01 5.01845241e-01
    9.74261999e-01 5.27114868e-01 7.33763218e-01 2.42694974e-01
    5.31121969e-01 3.11839789e-01 8.90545845e-02 6.52342498e-01
    4.25900191e-01 8.18887055e-01 7.63491392e-01 7.10915446e-01
    6.76344395e-01 5.91130972e-01 3.93384725e-01 7.57972121e-01
    9.08755898e-01 1.63272321e-02 7.56962419e-01 2.61451006e-02
    4.94745374e-02 6.98310375e-01 4.31818396e-01 1.71551704e-01
    3.56611848e-01 7.59136319e-01 9.45888758e-01 4.11952555e-01
    2.25277096e-01 2.89792448e-01 5.69853544e-01 5.95128953e-01
    2.38471061e-01 2.00530261e-01 5.06635427e-01 3.70869219e-01
    2.77484894e-01 6.26855373e-01 3.73282820e-01 2.70954072e-01
    7.12481201e-01 9.87820566e-01 1.48966908e-03 9.37336922e-01
    5.79669356e-01 6.35208964e-01 8.96668315e-01 4.45142627e-01
    8.82544219e-02 9.01592135e-01 4.01882827e-02 8.27338040e-01
    8.58632326e-02 7.36385584e-01 8.02283525e-01 7.99905062e-01
    3.42385828e-01 2.64515400e-01 3.45760733e-01 7.81807780e-01
    7.61673212e-01 8.58877122e-01 2.25015670e-01 5.45436740e-01
    9.32358205e-01 9.73158896e-01 9.72388148e-01 4.11829114e-01
    6.67449534e-02 1.85298085e-01 8.11741769e-01 2.64508426e-01
    1.66904241e-01 5.17991185e-01 4.82642949e-01 4.50746953e-01
    5.31730890e-01 1.40781045e-01 8.93608451e-01 7.38786817e-01
    5.34767807e-02 7.72272706e-01 2.83482611e-01 3.57339591e-01
    6.37118518e-01 2.16790140e-02 4.15966600e-01 7.98973143e-01
    5.40987015e-01 4.25732791e-01 9.48294878e-01 8.93115461e-01
    6.09451056e-01 9.78127599e-01 1.62656367e-01 6.57676876e-01
    4.83767778e-01 7.18231261e-01 6.74222589e-01 8.60981047e-02
    9.11214709e-01 7.14941919e-01 3.08824122e-01 2.73424983e-01
    5.65417409e-01 5.71636438e-01 3.10999990e-01 2.85524011e-01
    7.46273994e-02 1.59612596e-01 7.07466245e-01 8.99886012e-01
    2.52655804e-01 1.31020546e-02 7.94056118e-01 3.79661083e-01
    6.98415041e-01 7.58306146e-01 3.55481178e-01 4.76564914e-01
    6.33032024e-02 9.74873424e-01 7.30100274e-01 2.28502154e-02
    9.72664833e-01 1.15481526e-01 6.97695613e-01 4.31002975e-01
    5.34783900e-02 8.24697137e-01 1.59347981e-01 4.24961746e-02
    3.87502313e-02 4.55869645e-01 6.29225135e-01 6.74432039e-01
    5.97110271e-01 7.03349888e-01 8.68571758e-01 8.19152594e-02
    5.36298633e-01 3.16133022e-01 4.94396776e-01 5.42621434e-01
    6.73870742e-01 5.44617653e-01 8.10458422e-01 3.72526050e-01
    6.10077441e-01 5.26280999e-01 5.98442316e-01 5.50276577e-01
    4.19377804e-01 4.12001759e-01 7.80834913e-01 6.30297959e-01
    1.77768320e-01 4.90097225e-01 2.25695968e-03 6.31153107e-01
    8.10549617e-01 8.36461663e-01 7.78953910e-01 6.38162196e-02
    7.69446015e-01 9.07212019e-01 4.43156749e-01 8.82744431e-01
    1.13787621e-01 8.65067124e-01 5.58857501e-01 5.45498729e-01
    6.74406767e-01 6.84163272e-01 1.88817680e-01 8.42433631e-01
    7.63920307e-01 4.61792648e-02 7.21264124e-01 3.16411197e-01
    9.45313632e-01 9.04217064e-01 1.14111930e-01 5.90370774e-01
    5.27707100e-01 3.84747803e-01 9.00537193e-01 2.66367793e-02
    5.02374053e-01 2.08675086e-01 4.82623875e-01 9.48159277e-01
    9.47810173e-01 8.54448080e-02 3.63519043e-01 3.38844150e-01
    9.13328171e-01 7.21960247e-01 2.09581077e-01 9.27652597e-01
    3.09317440e-01 5.68881392e-01 4.75217670e-01 6.84137940e-01
    7.65553474e-01 7.20988512e-01 8.47042680e-01 4.65800524e-01
    5.86313546e-01 2.53295332e-01 6.29440069e-01 4.04069304e-01
    5.08564651e-01 2.82709002e-01 5.59896171e-01 6.87022150e-01
    2.00368404e-01 1.43687069e-01 6.64773583e-03 5.38356900e-01
    8.49300921e-02 3.80103588e-01 4.71626610e-01 3.73116374e-01
    9.25152600e-01 7.21901894e-01 2.04787046e-01 2.69475639e-01
    6.50007963e-01 6.59151316e-01 8.10998559e-01 6.44760132e-02
    5.12279272e-01 2.15708822e-01 1.54557973e-01 8.40275407e-01
    9.60883737e-01 6.44088864e-01 1.54708683e-01 2.64274269e-01
    3.58080834e-01 5.60638130e-01 9.44059014e-01 2.09259987e-01
    8.09880257e-01 7.91956186e-01 8.25721622e-02 4.66413558e-01
    6.74049854e-01 5.85542142e-01 4.36958730e-01 5.48102319e-01
    5.85074067e-01 1.15956128e-01 9.98184323e-01 7.95082808e-01
    1.50093347e-01 7.69436002e-01 9.73957837e-01 5.88231504e-01
    4.22263414e-01 2.92456657e-01 2.98500538e-01 7.25956857e-02
    1.55234218e-01 9.63537455e-01 7.31639802e-01 2.22170979e-01
    2.56384522e-01 3.57822835e-01 6.61007166e-02 8.65035534e-01
    9.48204041e-01 5.46522975e-01 1.72253519e-01 9.22131956e-01
    1.59048468e-01 7.69275784e-01 8.45787466e-01 2.00310946e-01
    5.47227204e-01 8.08167696e-01 2.97862351e-01 7.67809153e-01
    8.31216753e-01 1.32854253e-01 4.43840742e-01 7.96506345e-01
    7.34645486e-01 1.58961385e-01 6.23964071e-01 7.40813494e-01
    2.80016541e-01 3.98207277e-01 5.63092887e-01 6.52063847e-01
    5.71957529e-01 4.55622613e-01 4.00409400e-01 3.21166247e-01
    8.42504621e-01 6.36358202e-01 2.86801457e-01 8.45784664e-01
    7.31620312e-01 5.35504222e-01 1.39719278e-01 3.38284552e-01
    1.77544236e-01 6.09937310e-01 5.18084943e-01 1.84227586e-01
    9.60725904e-01 8.64097238e-01 5.37842393e-01 2.86182165e-01
    8.31825852e-01 2.11503178e-01 4.91637200e-01 2.50395715e-01
    9.93342638e-01 4.88189399e-01 7.27257192e-01 2.27994859e-01
    1.19040877e-01 1.95998132e-01 4.94939864e-01 2.97744811e-01
    8.85581136e-01 7.79020607e-01 6.98884189e-01 3.81378263e-01
    2.53275156e-01 5.24913549e-01 8.52060854e-01 6.58582509e-01
    5.05081236e-01 7.90774107e-01 7.26669729e-02 2.21713930e-01
    1.34373009e-02 6.89392924e-01 4.02920604e-01 5.43432951e-01
    3.62717688e-01 4.34704244e-01 8.61887693e-01 2.18134791e-01
    6.27368450e-01 5.22256792e-01 6.28488243e-01 9.91620600e-01
    8.18569243e-01 1.42966181e-01 1.31564707e-01 4.79595900e-01
    4.92320955e-02 2.76706815e-01 9.60602283e-01 4.54030275e-01
    3.43724579e-01 5.01383841e-01 2.32392550e-02 1.70648843e-01
    8.18422556e-01 3.86713833e-01 4.90152150e-01 6.45396471e-01
    5.63795805e-01 4.92151976e-02 2.85483718e-01 8.31485868e-01
    6.05564177e-01 4.73382682e-01 6.49725854e-01 2.42067456e-01
    6.62542164e-01 6.26311243e-01 6.34156346e-01 1.21738881e-01
    2.47624427e-01 3.33928108e-01 6.27232194e-01 7.01107144e-01
    7.78523743e-01 1.82838500e-01 9.90853131e-01 2.84768462e-01
    7.87842393e-01 4.63320255e-01 2.79898882e-01 5.20826876e-02
    4.29173946e-01 6.64354861e-01 3.93273860e-01 1.02044761e-01
    6.00879610e-01 9.27950740e-01 2.83801556e-03 5.29931962e-01
    5.24965763e-01 2.30930477e-01 4.76140648e-01 4.60092276e-01
    1.97228462e-01 9.16321993e-01 7.98341870e-01 2.82607079e-01
    7.36562669e-01 7.52562046e-01 9.78436589e-01 7.94061959e-01
    3.97349000e-01 9.16791439e-01 4.65565592e-01 7.79541612e-01
    2.73486376e-01 7.55506635e-01 3.72804224e-01 7.06543326e-01
    3.71018797e-01 2.60628551e-01 6.58003271e-01 8.89530420e-01
    5.09583592e-01 7.85121918e-02 7.92969167e-01 5.42218745e-01
    4.17463094e-01 2.85028458e-01 1.21334493e-02 2.41409153e-01
    7.35270381e-01 3.60393196e-01 3.06275398e-01 3.68203461e-01
    7.12157488e-01 4.57345724e-01 8.53161931e-01 2.35539436e-01
    4.26451147e-01 2.41391212e-01 9.72007930e-01 2.92043447e-01
    8.86878073e-01 7.09439397e-01 2.90312767e-01 8.69631886e-01
    4.63518739e-01 1.87244713e-01 9.68016744e-01 7.27458715e-01
    7.83781052e-01 5.55805206e-01 1.66122019e-01 4.46873754e-01
    8.83422196e-02 7.76799977e-01 2.48020351e-01 7.77323902e-01
    8.18897128e-01 8.28381062e-01 1.07591718e-01 4.89432573e-01
    7.69428849e-01 2.52639443e-01 4.08312976e-02 9.97018874e-01
    2.17297673e-03 5.80437183e-01 5.84846735e-01 4.19245124e-01
    5.50083339e-01 3.60228598e-01 4.26815659e-01 5.92478514e-01
    3.65877479e-01 7.30713904e-01 1.03467375e-01 6.11351669e-01
    8.03927898e-01 2.95625687e-01 2.35928416e-01 9.09225285e-01
    6.09177113e-01 6.68882132e-01 9.81075346e-01 6.48359656e-01
    4.13910449e-01 7.80829728e-01 9.42441940e-01 9.96242583e-01
    9.76803601e-02 3.25298011e-01 9.45817471e-01 1.26254141e-01
    8.12709332e-03 1.41430497e-02 7.93966234e-01 9.61430907e-01
    5.86495638e-01 6.52948618e-01 1.68575257e-01 1.06218427e-01
    7.87589073e-01 8.82229567e-01 6.33901060e-02 1.35367453e-01
    3.24054360e-01 7.98931777e-01 4.02032077e-01 8.75636995e-01
    3.08604389e-01 8.44857693e-01 9.98993576e-01 7.21064985e-01
    7.49917328e-01 9.08749282e-01 5.23029506e-01 8.72045755e-04
    6.81494772e-01 6.26741290e-01 6.41180396e-01 5.13052404e-01
    5.20198464e-01 3.08448136e-01 1.00936115e-01 3.09850037e-01
    7.87133455e-01 6.58542812e-01 9.60503817e-01 4.49124008e-01
    7.80471742e-01 8.29543948e-01 4.75151509e-01 6.72103226e-01
    5.16331792e-01 4.97535467e-01 4.85130697e-01 8.72800946e-01
    9.74156857e-01 4.41448241e-01 4.17215079e-01 8.72762561e-01
    2.42059290e-01 7.45632648e-01 3.59920889e-01 4.76268709e-01
    3.82081717e-01 5.99000156e-02 5.40590644e-01 2.88765490e-01
    4.33411121e-01 7.58839548e-01 4.34159011e-01 7.64110565e-01
    1.29122823e-01 2.62909919e-01 9.27471638e-01 6.62636817e-01
    2.75666147e-01 6.77553654e-01 4.25866157e-01 5.21464586e-01
    3.64736527e-01 4.61830080e-01 9.54760015e-01 5.61538100e-01
    7.80281544e-01 7.42929757e-01 1.92349911e-01 6.09660923e-01
    7.85897434e-01 5.77738643e-01 6.82915151e-02 2.84683377e-01
    1.65251970e-01 7.13242233e-01 6.70256555e-01 1.47990674e-01
    7.67535150e-01 9.02099490e-01 4.34837282e-01 3.92200351e-02
    9.74148214e-01 9.72652793e-01 8.07117522e-01 8.23391795e-01
    6.88607097e-02 5.41329265e-01 9.52641904e-01 2.02794164e-01
    7.61286736e-01 4.04173672e-01 4.35644567e-01 6.92739725e-01
    9.50320005e-01 3.25460792e-01 7.41540551e-01 9.62367952e-02
    3.95534784e-01 7.94223607e-01 2.16304004e-01 3.87678444e-02
    9.14816260e-01 3.76147389e-01 3.81631672e-01 6.03210390e-01
    7.54311800e-01 7.21538186e-01 6.10529423e-01 9.04567838e-02
    2.45163620e-01 4.76987690e-01 6.12695515e-01 3.04310560e-01
    5.29138803e-01 3.01417619e-01 8.47559929e-01 7.16937482e-01
    4.54372644e-01 4.12933350e-01 9.97515321e-01 9.38650727e-01
    1.92963362e-01 9.07504320e-01 5.93795419e-01 3.85181367e-01
    4.07877207e-01 2.47095764e-01 3.89641225e-01 6.53017402e-01
    5.63066959e-01 4.92489606e-01 7.72966743e-01 8.82660329e-01
    6.08760834e-01 5.55073857e-01 4.02949393e-01 6.76135123e-02
    7.60111094e-01 8.12222838e-01 4.82523084e-01 8.03817153e-01
    6.67765021e-01 9.80836630e-01 4.38953996e-01 5.08336306e-01
    4.41755325e-01 7.48085558e-01 1.20278746e-01 2.28453875e-02
    9.62582469e-01 9.59681273e-01 3.98408026e-01 2.47217715e-01
    6.76723838e-01 1.82042539e-01 7.38811374e-01 1.46472454e-02
    9.63984966e-01 2.17716366e-01 2.05732942e-01 9.65872049e-01
    8.17838728e-01 1.69371992e-01 9.39128816e-01 2.79253781e-01
    3.21540147e-01 6.48810506e-01 6.58311844e-01 4.81596142e-01
    6.00641012e-01 2.20170170e-01 6.77262485e-01 8.54745150e-01
    6.03785038e-01 1.59929454e-01 6.11066461e-01 8.30661654e-01
    4.59767431e-01 7.29218781e-01 9.10152793e-01 5.23317456e-01
    6.98635519e-01 5.03635406e-03 2.30325043e-01 6.83585703e-01
    6.46422982e-01 3.37139070e-02 5.36757231e-01 3.78373861e-02
    7.74925768e-01 7.18464971e-01 5.78981936e-02 5.97753286e-01
    3.00815463e-01 3.64462614e-01 8.94048333e-01 9.72842216e-01
    6.21364832e-01 4.61214930e-01 1.27670884e-01 5.87427497e-01
    6.85827315e-01 4.20778096e-02 7.02212811e-01 9.22489583e-01
    3.62653852e-01 2.51298428e-01 3.58949602e-01 8.89447629e-02
    3.35797220e-01 1.47106737e-01 3.39089155e-01 9.36589122e-01
    4.26192760e-01 4.62834477e-01 7.36747265e-01 2.40429610e-01
    9.94431198e-01 5.50591230e-01 1.50918096e-01 3.40104997e-01
    8.73059034e-01 3.31762552e-01 1.01353645e-01 5.03086329e-01
    2.78934836e-01 9.03962731e-01 8.13719869e-01 4.07115221e-01
    7.67965436e-01 3.43753994e-01 2.09506899e-01 6.28498554e-01
    7.39987314e-01 1.12850070e-01 7.52440512e-01 4.76135075e-01
    7.53511786e-01 5.17668188e-01 1.57040060e-01 6.90451145e-01
    7.92621255e-01 7.45643437e-01 2.56735116e-01 1.57390714e-01
    9.45353985e-01 7.75589705e-01 3.56145501e-02 7.42079675e-01
    9.19565678e-01 3.20727229e-01 7.01741576e-01 7.81923473e-01
    1.66362196e-01 8.14314842e-01 5.56500852e-01 9.06449795e-01
    3.80496025e-01 8.04197073e-01 4.70439076e-01 1.42966896e-01
    6.83102012e-03 9.53212321e-01 5.97118914e-01 5.44632912e-01
    6.11433864e-01 2.87309229e-01 9.24056053e-01 2.94709742e-01
    4.36518699e-01 6.85807943e-01 6.07825220e-01 7.97205925e-01
    7.93560863e-01 9.44441557e-01 9.60149646e-01 7.01254010e-01
    2.03028917e-02 9.59069133e-01 3.73020351e-01 9.31528330e-01
    7.04180002e-01 8.90722275e-01 6.32982552e-01 4.43622440e-01
    7.31796563e-01 5.55667877e-01 1.82967007e-01 1.56143308e-01
    9.66137290e-01 4.30821300e-01 3.11026096e-01 6.59846067e-01
    9.90394473e-01 5.16068935e-03 8.96076977e-01 4.08541590e-01
    7.62791574e-01 1.56145006e-01 2.83652455e-01 2.80606151e-01
    3.21109951e-01 4.99377400e-01 6.66025221e-01 3.73873770e-01
    7.92027235e-01 4.64833081e-02 5.41193426e-01 3.33725035e-01
    9.90684152e-01 3.22931826e-01 6.34765506e-01 6.20842516e-01
    2.77537942e-01 6.93256199e-01 3.24983776e-01 6.64783478e-01
    6.33846760e-01 8.26306701e-01 8.64282966e-01 5.83533943e-02
    3.06609243e-01 6.21397197e-02 1.97731465e-01 5.53922534e-01
    2.01600343e-01 1.83619320e-01 4.81752068e-01 4.20673043e-01
    9.26605225e-01 3.92914593e-01 7.96288729e-01 9.53410864e-01
    2.56610930e-01 8.02430511e-02 9.60249186e-01 3.61515880e-01
    6.49839222e-01 1.71085775e-01 9.18210924e-01 4.59326804e-02
    7.68989623e-02 1.24925762e-01 8.25927258e-01 3.66499454e-01
    5.63501120e-01 6.80376828e-01 7.59808540e-01 2.59458125e-01
    2.75215507e-01 3.91036630e-01 6.03078663e-01 6.46637261e-01
    9.75702703e-01 6.95782900e-02 9.10758078e-02 3.43101263e-01
    9.23643112e-02 2.38979995e-01 8.88662219e-01 3.37898403e-01
    3.11176926e-01 7.48741329e-02 9.62213635e-01 8.30603778e-01
    7.50342906e-02 5.07909775e-01 1.35534197e-01 4.01726276e-01
    6.51452065e-01 8.78309309e-01 4.60212469e-01 6.71320856e-01
    5.92476726e-01 5.39558589e-01 1.59160346e-01 8.80932033e-01
    4.59275573e-01 7.53765583e-01 1.10100031e-01 7.06639290e-01
    5.49621642e-01 7.50749588e-01 1.06531054e-01 4.34525162e-01
    3.51227552e-01 8.11158419e-02 1.56814843e-01 4.18541253e-01
    8.33521605e-01 6.47254109e-01 6.58955097e-01 8.37844312e-02
    4.32741195e-01 5.76227307e-02 5.01526892e-01 3.03219408e-01
    3.69146317e-01 8.73646021e-01 2.26537436e-01 1.93100125e-01
    3.16935778e-01 9.36894059e-01 9.66013432e-01 2.48633921e-02
    7.57673800e-01 5.00518322e-01 2.88053453e-01 6.27425551e-01
    3.06416243e-01 2.05122828e-02 4.72999930e-01 3.89928639e-01
    4.00603950e-01 8.34415376e-01 6.75635874e-01 6.65968657e-02
    7.20151663e-01 8.87043715e-01 8.26443672e-01 1.69261485e-01
    3.73058438e-01 2.61409104e-01 8.38372648e-01 1.33889973e-01
    1.90400779e-02 6.78352654e-01 4.14434731e-01 9.84123468e-01
    7.64834106e-01 5.80043793e-01 8.01196277e-01 4.77114975e-01
    1.54557526e-01 6.29736662e-01 5.73665559e-01 8.01882029e-01
    7.98665166e-01 6.90433979e-01 5.87107062e-01 8.09097111e-01
    3.00001860e-01 7.31335402e-01 7.88289547e-01 6.42803073e-01
    1.99436992e-01 5.38409829e-01 1.43755436e-01 6.72462702e-01
    1.70082837e-01 1.89891398e-01 5.47699630e-01 8.90398562e-01
    9.23705578e-01 2.04597175e-01 9.30860162e-01 6.15973473e-01
    2.66080797e-01 6.86168969e-02 5.07227540e-01 3.78650486e-01
    6.60915673e-02 4.20956969e-01 8.67989421e-01 3.72440398e-01
    4.01952296e-01 5.26670575e-01 3.81288558e-01 8.95044446e-01
    9.08797979e-01 3.23083937e-01 3.22769403e-01 3.21743548e-01
    4.31643665e-01 6.50269985e-01 1.66708559e-01 2.46561438e-01
    8.63114536e-01 6.69736981e-01 4.62585509e-01 4.55095261e-01
    6.10079169e-01 2.09517270e-01 6.95474207e-01 1.64638788e-01
    6.91803515e-01 5.28038204e-01 1.88764930e-02 1.74956828e-01
    5.27693927e-01 1.76182389e-02 4.76717412e-01 4.45624977e-01
    5.76291323e-01 5.76231837e-01 4.41103220e-01 2.23567784e-01
    3.82377356e-01 4.80574012e-01 8.86291802e-01 7.84259915e-01
    4.88944441e-01 6.05505347e-01 2.63222158e-02 3.57932985e-01
    9.34461594e-01 7.07458556e-02 3.81426662e-01 6.70444012e-01
    3.58138263e-01 6.12741172e-01 2.47472763e-01 3.86884391e-01
    4.58103001e-01 7.80789733e-01 4.80306059e-01 8.30735207e-01
    1.82994276e-01 1.88013196e-01 4.90775228e-01 1.84235334e-01
    2.72967041e-01 3.10965151e-01 1.19382501e-01 7.28483021e-01
    6.26226723e-01 9.60323095e-01 6.80864811e-01 3.75984341e-01
    1.94773495e-01 8.47479582e-01 1.71132237e-01 2.37732768e-01
    5.28299868e-01 3.81993145e-01 8.35597277e-01 7.79188395e-01
    9.30271029e-01 7.86448956e-01 9.77391660e-01 2.19013959e-01
    2.75351256e-01 6.35521173e-01 9.21775579e-01 9.64211345e-01
    9.53274250e-01 8.65557194e-02 5.63955545e-01 3.27530235e-01
    7.84003198e-01 4.47941929e-01 5.00635564e-01 3.86723965e-01
    9.44717526e-02 8.48734736e-01 4.11122680e-01 4.55243945e-01
    4.83975828e-01 7.57447958e-01 8.65366101e-01 9.00330305e-01
    2.67174840e-01 2.84262687e-01 2.16503292e-01 4.70684290e-01
    7.93938339e-01 9.48313951e-01 7.24686563e-01 8.45405817e-01
    9.55121040e-01 4.62127298e-01 2.39044756e-01 6.32749140e-01
    3.11095417e-01 7.30721951e-01 3.85498494e-01 9.53162432e-01
    4.19473827e-01 2.69660711e-01 4.30686682e-01 5.42291462e-01
    9.35569882e-01 9.38374519e-01 2.50294983e-01 2.46703804e-01
    9.56290722e-01 8.87422085e-01 6.41113102e-01 2.52118528e-01
    5.47504783e-01 8.00648570e-01 9.59261417e-01 8.71737361e-01
    9.93223548e-01 5.02466500e-01 2.71474004e-01 7.24151969e-01
    4.82690006e-01 3.17817867e-01 8.56051445e-01 2.23912686e-01
    1.88170850e-01 5.37106216e-01 7.02714264e-01 7.98161924e-02
    5.62886596e-01 1.97490722e-01 4.46236074e-01 3.28342199e-01
    7.60016382e-01 4.68015075e-01 2.88712800e-01 5.09190381e-01
    5.31119764e-01 5.91913640e-01 5.81647873e-01 5.43758690e-01
    3.07503372e-01 4.30316091e-01 2.92700529e-03 6.30065322e-01
    4.72805321e-01 3.39496464e-01 8.37669611e-01 1.07387811e-01
    3.19383740e-01 5.67782044e-01 5.68802655e-01 5.22570729e-01
    2.19188899e-01 4.34415907e-01 7.80931950e-01 2.39446431e-01
    3.68734062e-01 7.96478271e-01 7.04092145e-01 6.09012842e-01
    1.89801991e-01 4.97452319e-02 5.35993993e-01 6.56159580e-01
    6.91982090e-01 4.02522624e-01 7.40490794e-01 5.07053971e-01
    4.51672077e-03 6.68048143e-01 6.28151476e-01 1.35323167e-01
    8.40657711e-01 7.49377131e-01 7.36646235e-01 2.26228416e-01
    8.95388842e-01 2.32220799e-01 5.03796935e-01 3.83864015e-01
    4.54817533e-01 6.96602762e-01 6.97475076e-02 9.51287866e-01
    5.97309768e-01 4.36437458e-01 4.93675560e-01 7.89938271e-01
    4.74542707e-01 6.57138109e-01 5.95407486e-01 5.02250433e-01
    3.18370342e-01 8.06991100e-01 6.52724802e-01 8.04770947e-01
    4.96012777e-01 2.93616414e-01 2.04879105e-01 7.94837594e-01
    1.55268639e-01 4.14849162e-01 7.72717357e-01 7.74305344e-01
    5.32953560e-01 1.20302320e-01 2.26517022e-01 5.95967650e-01
    3.17736268e-01 5.42461634e-01 3.77070904e-02 6.04238212e-02
    8.55591536e-01 2.39743501e-01 1.10607803e-01 9.93123949e-02
    1.75978839e-02 5.96396565e-01 2.15594530e-01 8.88761878e-02
    7.80843854e-01 3.08959782e-01 7.34152377e-01 9.44794774e-01
    1.50339752e-01 7.87425160e-01 2.54955888e-01 7.91316092e-01
    3.21995914e-02 4.19168532e-01 3.88216287e-01 8.16484928e-01
    3.95554900e-01 6.05762601e-01 7.54883528e-01 5.10051847e-02
    3.55421305e-01 1.32727951e-01 3.63209546e-02 7.29405403e-01
    5.35064638e-02 2.81760275e-01 1.70065314e-01 9.23644245e-01
    1.47197843e-01 3.95467281e-02 7.58141041e-01 3.40676308e-01
    1.80121213e-01 5.37084460e-01 6.20588064e-01 8.21432352e-01
    8.80727649e-01 6.74022734e-02 3.17076683e-01 4.87589031e-01
    2.20527142e-01 7.17374444e-01 3.49959731e-02 4.94194716e-01
    5.85666955e-01 5.64316809e-01 9.71189499e-01 1.93637997e-01
    8.50211382e-01 3.45617354e-01 8.26869488e-01 5.69066882e-01
    1.62361503e-01 4.81035054e-01 4.73392814e-01 2.59086370e-01
    9.57844436e-01 9.11247790e-01 7.18939602e-02 5.44745147e-01
    4.91008162e-01 1.70372218e-01 8.93112302e-01 7.23925233e-03
    8.62168670e-01 3.48539352e-01 5.40114462e-01 2.39941955e-01
    1.77139789e-01 1.78427517e-01 8.62412155e-01 8.27412844e-01
    3.27263802e-01 3.26361954e-02 7.35443950e-01 3.61293733e-01
    8.51063013e-01 6.76286221e-01 7.63095200e-01 3.51417899e-01
    1.88096553e-01 3.24655652e-01 2.32717365e-01 3.53643954e-01
    9.16553617e-01 2.32431948e-01 8.76892984e-01 8.58351827e-01
    1.31610364e-01 7.49876797e-01 9.65767980e-01 7.56024003e-01
    8.93837929e-01 2.46449888e-01 6.00157142e-01 6.92767143e-01
    5.53225398e-01 6.06451452e-01 8.06809187e-01 7.28253424e-01
    9.43133473e-01 9.58900273e-01 1.36798024e-02 9.68760312e-01
    4.29767102e-01 9.57487226e-01 1.48579150e-01 4.36583370e-01
    8.63048017e-01 9.19202924e-01 7.57806182e-01 6.63801610e-01
    3.82760525e-01 8.77595901e-01 4.91347343e-01 7.33469069e-01
    3.35396856e-01 3.97575766e-01 4.23876405e-01 1.83505982e-01
    4.82109696e-01 8.98946166e-01 1.32795751e-01 4.85912651e-01
    7.59812713e-01 2.24205077e-01 6.59106731e-01 9.17698145e-01
    3.92047465e-02 5.68987131e-01 8.32563043e-01 8.65969062e-01
    4.11580205e-02 2.00939178e-02 9.13123429e-01 4.01272237e-01
    1.84483409e-01 6.57478094e-01 1.64995134e-01 3.55592370e-01
    9.60367203e-01 1.90523446e-01 9.74743366e-02 2.12888062e-01
    3.93716753e-01 1.59172118e-01 8.54802728e-01 4.69477981e-01
    5.93579113e-01 3.99395823e-02 6.44882619e-02 4.95976686e-01
    1.96702629e-01 1.86431915e-01 2.13876724e-01 9.27513301e-01
    8.74660075e-01 6.65629029e-01 5.49887419e-02 1.78360343e-01
    7.84679532e-01 8.88199210e-02 3.52680624e-01 7.71567583e-01
    1.39005661e-01 2.06922412e-01 1.24532491e-01 2.23495901e-01
    2.22209573e-01 8.78442228e-02 3.63869429e-01 7.33547032e-01
    9.29664612e-01 6.36207700e-01 7.72434831e-01 2.74844825e-01
    8.50829780e-01 6.55660570e-01 3.50667119e-01 5.22303164e-01
    8.14465225e-01 9.68564451e-02 1.41516745e-01 7.21901774e-01
    5.90953231e-01 6.52922988e-01 3.98598820e-01 2.00134933e-01
    9.95345592e-01 8.35602403e-01 7.62181401e-01 4.68750894e-02
    9.57124949e-01 5.91367662e-01 2.05807507e-01 3.55233788e-01
    4.06463802e-01 5.19230068e-01 7.61546254e-01 8.05986404e-01
    2.41858661e-01 5.16443312e-01 1.68182671e-01 2.60603428e-03
    9.63229477e-01 1.44200921e-01 3.19873393e-01 4.35347199e-01
    1.28787190e-01 9.52415228e-01 9.20131981e-01 9.29964006e-01
    7.53541708e-01 5.26656389e-01 9.72609997e-01 7.77179360e-01
    6.56209946e-01 8.78847122e-01 6.32715285e-01 7.45476067e-01
    4.30578917e-01 5.76181352e-01 3.64414006e-01 2.08942622e-01
    9.94941711e-01 6.84558988e-01 8.64491642e-01 2.12515205e-01
    4.57955986e-01 8.03871393e-01 9.33510482e-01 5.89862585e-01
    1.42380595e-03 9.46606934e-01 5.25668323e-01 9.75030303e-01
    6.89030886e-01 6.23756111e-01 1.78739458e-01 4.45778966e-02
    2.39042103e-01 1.18574917e-01 4.35092330e-01 6.29658997e-01
    6.10131621e-02 3.21560323e-01 8.86730731e-01 2.35294819e-01
    1.66423231e-01 9.54191804e-01 6.10665262e-01 3.10741365e-02
    9.98635650e-01 3.58239710e-02 3.42378914e-01 8.30343843e-01
    4.87683505e-01 9.89757895e-01 8.53979588e-02 3.92348975e-01
    1.83150828e-01 5.20637393e-01 6.55003488e-01 8.90240073e-01
    7.08723962e-01 7.73685336e-01 7.66247988e-01 2.36671925e-01
    4.98414934e-02 6.16882443e-01 2.32722759e-01 1.66401893e-01
    3.38734686e-01 2.99155712e-01 3.96916240e-01 6.70064926e-01
    5.49015343e-01 1.37464702e-01 9.62747335e-01 2.79944539e-01
    9.27909076e-01 6.41358376e-01 3.97794724e-01 1.47337437e-01
    5.42251170e-01 9.75012660e-01 6.87922359e-01 3.34803224e-01
    1.78998202e-01 7.70950913e-01 9.72382963e-01 3.12722385e-01
    5.95714390e-01 6.02378488e-01 1.71017170e-01 3.33781123e-01
    5.65421999e-01 5.75283885e-01 8.24676931e-01 4.57394421e-01
    3.74659032e-01 2.39385426e-01 4.29950178e-01 8.30754638e-01
    2.46390760e-01 4.61283714e-01 3.18486243e-01 6.88027859e-01
    6.54784799e-01 4.96420950e-01 1.41992480e-01 1.55088603e-01
    4.06449020e-01 6.49240434e-01 5.32905817e-01 3.03385556e-01
    2.63303936e-01 1.03736848e-01 2.46369660e-01 1.32756531e-02
    1.48068190e-01 7.77314425e-01 9.59105849e-01 9.02976155e-01
    5.99750340e-01 2.43153274e-01 8.09121728e-01 9.54769790e-01
    9.60436940e-01 5.00317097e-01 3.58331084e-01 8.14560890e-01
    9.52147722e-01 1.60753727e-03 8.14110100e-01 5.72852254e-01
    8.62479329e-01 4.72001910e-01 6.42623723e-01 2.09438622e-01
    9.21431959e-01 2.62487084e-01 3.69189858e-01 9.22890186e-01
    6.17988110e-01 7.59782612e-01 7.94294178e-01 6.75798953e-02
    3.68604958e-01 4.39258605e-01 7.83013344e-01 6.43850684e-01
    1.24146044e-01 8.78438950e-01 9.77540016e-01 2.63200521e-01
    7.65176475e-01 2.45009184e-01 2.21410662e-01 8.81300151e-01
    3.94133240e-01 9.77994561e-01 1.77107662e-01 4.35720861e-01
    7.39349484e-01 1.24806166e-01 8.62267554e-01 1.76615804e-01
    5.71174502e-01 4.49726522e-01 2.55163789e-01 5.33924937e-01
    1.68793976e-01 7.56915689e-01 5.07946610e-01 1.80028975e-01
    5.61554790e-01 3.26115787e-01 8.10996652e-01 5.78575790e-01
    3.69934082e-01 9.74424839e-01 3.43235135e-02 8.25359225e-02
    1.26671284e-01 2.16708422e-01 8.15085411e-01 3.93404961e-02
    9.95448112e-01 1.11319840e-01 6.01262450e-01 7.57884562e-01
    9.25069213e-01 8.44413161e-01 4.77766901e-01 6.77275419e-01
    1.34307563e-01 9.17682052e-03 6.26633644e-01 5.68383873e-01
    9.65709925e-01 4.43072915e-01 7.43651509e-01 6.62985384e-01
    6.35009408e-01 5.79358041e-02 5.74529707e-01 1.45327449e-01
    8.57166171e-01 3.67707491e-01 8.98498595e-01 9.39867258e-01
    7.79544890e-01 9.89640176e-01 8.91031742e-01 5.40022910e-01
    2.93364227e-01 5.29002845e-02 6.57187760e-01 3.81572604e-01
    6.21017635e-01 1.01058871e-01 8.28594804e-01 6.25060380e-01
    1.56094432e-02 6.06868982e-01 8.48442197e-01 7.30072975e-01
    4.71565187e-01 2.53409982e-01 5.75007319e-01 7.26586699e-01
    2.46849477e-01 5.93643486e-01 1.16953015e-01 9.26340342e-01
    9.20947850e-01 1.52406186e-01 9.50589538e-01 9.24053311e-01
    4.01336491e-01 9.90769029e-01 2.15555191e-01 8.99946451e-01
    7.89850354e-01 9.88303185e-01 4.21122938e-01 8.84523630e-01
    2.85696924e-01 3.56081307e-01 4.21877980e-01 2.00034678e-02
    2.63026655e-02 6.97531819e-01 7.74916410e-02 9.07622099e-01
    1.09955847e-01 2.93099731e-01 3.45732689e-01 4.02906120e-01
    8.58472705e-01 4.19168711e-01 4.78708357e-01 8.21955562e-01
    8.89360905e-03 5.23912370e-01 3.80480170e-01 2.35208690e-01
    8.57380152e-01 3.84974748e-01 9.79344547e-02 5.14774144e-01
    2.53229707e-01 7.56496191e-03 6.72009587e-01 7.44395971e-01
    9.84488487e-01 9.27080870e-01 3.69705021e-01 9.21244383e-01
    6.25691652e-01 7.30576634e-01 6.94546163e-01 2.80902565e-01
    9.37258363e-01 6.00795150e-01 6.03747010e-01 9.40365672e-01
    9.34827805e-01 7.05312788e-02 6.70792878e-01 2.90528089e-01
    7.90956259e-01 5.50062478e-01 5.11851430e-01 5.90122819e-01
    4.21165138e-01 1.67446464e-01 1.92846656e-01 5.01880229e-01
    2.93146431e-01 9.64538336e-01 8.57943535e-01 3.35898578e-01
    3.69689941e-01 6.73621893e-03 7.20764399e-01 3.27843487e-01
    6.18307233e-01 7.11669624e-01 6.29936397e-01 8.96042645e-01
    8.47510934e-01 7.87213564e-01 8.72819245e-01 5.87315679e-01
    6.32287979e-01 5.64467371e-01 1.31429017e-01 3.68376970e-01
    2.61432469e-01 7.13950753e-01 9.51573193e-01 3.29288006e-01
    2.44985759e-01 6.71667159e-01 8.84165764e-02 3.36891055e-01
    8.85430872e-01 9.34633255e-01 1.66425526e-01 4.98254210e-01
    7.13340044e-02 4.72977608e-01 5.29454768e-01 4.75815773e-01
    7.54749298e-01 8.63699973e-01 8.04066718e-01 4.86847013e-01
    7.61813819e-02 4.54603553e-01 7.68954217e-01 6.62986398e-01
    9.30731535e-01 7.89530039e-01 6.86553121e-01 5.98949552e-01
    2.81538308e-01 9.83493865e-01 8.79205346e-01 9.67757702e-01
    3.69183183e-01 4.78699416e-01 7.85488367e-01 1.99761480e-01
    2.13583082e-01 9.03261662e-01 7.86799908e-01 3.66051972e-01
    4.17959988e-01 7.89140105e-01 4.47133869e-01 4.82160389e-01
    6.82716608e-01 8.06218386e-01 1.21832311e-01 5.66211045e-01
    2.22189844e-01 2.21342653e-01 2.81339884e-01 1.86304331e-01
    9.03176665e-01 1.91140801e-01 7.33587384e-01 5.36110699e-02
    5.91604471e-01 7.63360739e-01 4.37601894e-01 3.50509465e-01
    6.71596706e-01 2.80080259e-01 1.09640330e-01 6.24279737e-01
    2.80096292e-01 6.69492126e-01 6.76791728e-01 1.00781739e-01
    6.66810572e-02 9.34335411e-01 6.67830408e-01 7.26043344e-01
    4.99093801e-01 8.02185297e-01 3.32446873e-01 1.16349906e-01
    7.38448739e-01 5.82227588e-01 6.18544221e-01 8.89937639e-01
    8.35903168e-01 1.94420248e-01 7.42175460e-01 8.21325421e-01
    4.06322271e-01 8.53521764e-01 7.00936913e-02 1.27373040e-02
    3.97096425e-01 8.11284423e-01 6.54881835e-01 3.54104161e-01
    6.88865542e-01 8.00060213e-01 3.53117377e-01 4.22597766e-01
    9.72901702e-01 6.95235193e-01 5.85700154e-01 2.25000441e-01
    7.44918346e-01 2.27828711e-01 3.93569380e-01 9.21805203e-02
    5.84023595e-01 6.69496357e-02 5.96781254e-01 4.28370208e-01
    7.57736325e-01 6.91984415e-01 7.66612053e-01 6.48373961e-01
    6.93034768e-01 5.92549562e-01 9.41327214e-03 7.13575840e-01
    9.05883849e-01 4.84615564e-03 3.53465259e-01 9.18313384e-01
    8.22771907e-01 1.50281489e-01 5.43726921e-01 4.57504123e-01
    3.18045616e-02 3.37150693e-03 2.73132294e-01 4.06364053e-01
    6.19129896e-01 1.70321912e-01 2.82360762e-01 4.47799802e-01
    3.28265131e-01 3.09349597e-02 8.13310444e-02 5.80353975e-01
    9.44509327e-01 7.36491144e-01 9.32678640e-01 1.62262410e-01
    6.75571918e-01 9.78267908e-01 6.02337122e-01 3.25752795e-02
    1.63894862e-01 8.43478143e-01 8.01465511e-01 4.68367577e-01
    6.33058190e-01 8.49747896e-01 4.87029999e-01 2.08495468e-01
    6.11671209e-01 6.21498227e-01 3.70690972e-01 5.02258956e-01
    1.94374025e-02 1.17364585e-01 2.04281002e-01 3.05103153e-01
    7.51645982e-01 3.31965238e-01 5.68624973e-01 1.80151850e-01
    8.44050348e-01 6.42540812e-01 4.22921956e-01 5.52344561e-01
    8.13961029e-01 2.40567356e-01 5.56928635e-01 4.10919189e-01
    4.86194432e-01 2.17930019e-01 8.58453333e-01 7.72187233e-01
    5.15371740e-01 3.89780194e-01 8.70369315e-01 4.69030857e-01
    5.95700443e-01 7.82773018e-01 6.59636140e-01 8.07791710e-01
    8.76130700e-01 4.94215667e-01 7.24175274e-02 8.58766675e-01
    9.89563942e-01 6.40489340e-01 2.57380307e-01 6.49053514e-01
    5.35783887e-01 6.42460823e-01 5.66248775e-01 3.41868162e-01
    3.73485029e-01 6.90949023e-01 5.21342635e-01 4.45990294e-01
    7.05210268e-01 3.33629072e-01 2.92423427e-01 4.15044010e-01
    8.40492785e-01 3.20309311e-01 4.53330308e-01 3.37962657e-01
    8.98030043e-01 8.78053546e-01 3.76491874e-01 4.07831311e-01
    3.10300320e-01 5.86169064e-01 4.25544918e-01 5.73984981e-02
    9.44100261e-01 8.86206686e-01 6.53189838e-01 9.37128246e-01
    4.99397308e-01 2.26774216e-02 5.47807157e-01 7.40050137e-01
    7.69977689e-01 5.35715759e-01 8.96657228e-01 5.06786048e-01
    7.94470310e-02 9.22382057e-01 7.47613072e-01 6.72373533e-01
    2.73384213e-01 6.20065331e-01 3.78334999e-01 2.38365054e-01
    8.07233691e-01 3.64315629e-01 5.20074785e-01 7.43965149e-01
    9.35811818e-01 5.28563440e-01 4.82232422e-01 2.33208567e-01
    6.85196459e-01 7.16516554e-01 8.60065460e-01 6.18199944e-01
    3.24852228e-01 5.55805862e-01 2.27898955e-02 8.63361478e-01
    6.12559557e-01 5.59613109e-01 7.06940472e-01 7.06117988e-01
    3.03476691e-01 2.93812692e-01 1.06778532e-01 4.59094942e-02
    4.54228371e-01 5.24585903e-01 4.14668053e-01 2.98636317e-01
    8.99437070e-01 5.34211159e-01 6.09571993e-01 3.24064016e-01
    3.69444937e-01 8.49649608e-01 4.86025214e-02 7.03111172e-01
    2.53490150e-01 1.60663813e-01 1.91193074e-01 1.00546122e-01
    3.89397293e-01 6.71183467e-02 7.99663603e-01 9.44491267e-01
    1.36996210e-02 7.14593232e-02 1.37628317e-01 3.28702629e-01
    8.18832874e-01 4.48915988e-01 5.31374037e-01 1.80979341e-01
    6.11168504e-01 7.18489885e-01 1.24095023e-01 3.03126991e-01
    9.03084278e-02 4.99822199e-02 4.62616950e-01 7.27196038e-02
    1.45003140e-01 5.15324891e-01 7.10511506e-01 9.31644857e-01
    1.31446093e-01 4.51946378e-01 5.64874470e-01 2.20934421e-01
    5.54586411e-01 6.26258135e-01 8.84497821e-01 6.32391930e-01
    9.17973280e-01 2.30630934e-02 5.37218630e-01 3.45879376e-01
    1.44864619e-01 2.26475716e-01 6.35868251e-01 8.59127045e-01
    4.27767754e-01 4.64737535e-01 5.89902997e-02 3.68250608e-01
    2.57289708e-02 5.04990876e-01 1.10784352e-01 7.63772786e-01
    4.84780163e-01 2.99280524e-01 2.05702752e-01 8.45030427e-01
    6.41432405e-01 5.13022304e-01 2.97570407e-01 8.04661274e-01
    6.19041324e-01 7.62984872e-01 9.19884205e-01 4.84044254e-01
    3.05769205e-01 4.42713499e-03 7.15603113e-01 5.64960361e-01
    3.63540173e-01 9.74811077e-01 7.51901984e-01 6.56701744e-01
    9.36430693e-01 3.27641964e-01 9.90110934e-02 6.44853473e-01
    3.20893288e-01 3.54300410e-01 5.73391557e-01 8.68794680e-01
    8.46394897e-02 3.19489777e-01 9.73056138e-01 6.88146353e-01
    4.36805189e-02 6.85364604e-02 4.20537651e-01 6.35644794e-01
    4.11564887e-01 7.71013200e-02 7.95517802e-01 8.17694068e-01
    3.59729826e-02 9.67352569e-01 3.06650400e-01 3.71086359e-01
    3.51377904e-01 2.09448993e-01 6.92655027e-01 9.89682376e-02
    9.72177923e-01 3.82526875e-01 5.16944528e-02 9.35443759e-01
    5.31861424e-01 8.93287182e-01 9.23604131e-01 1.53149903e-01
    7.15340197e-01 8.27169359e-01 2.31830627e-01 7.07051039e-01
    8.21279883e-01 2.00063944e-01 7.49974310e-01 4.45648313e-01
    3.83605510e-01 3.84277582e-01 2.24860221e-01 4.82203782e-01
    1.75827801e-01 2.87590861e-01 7.37164021e-02 4.65153873e-01
    9.63804126e-01 4.22448725e-01 5.50676286e-01 6.56666279e-01
    3.54442537e-01 8.29181314e-01 9.41580057e-01 1.61847413e-01
    7.83985853e-03 8.32566917e-02 1.12629026e-01 9.92376029e-01
    9.46861863e-01 1.90224081e-01 7.62984037e-01 4.27920431e-01
    1.28437817e-01 5.50142109e-01 9.12560821e-01 8.02276254e-01
    5.79906940e-01 3.08222950e-01 9.20589507e-01 8.30151558e-01
    3.18332314e-02 4.32440102e-01 8.04795623e-01 7.88183570e-01
    5.64592898e-01 1.96243435e-01 7.04310894e-01 7.70134687e-01
    7.86059380e-01 3.54914725e-01 6.01661384e-01 4.53732282e-01
    7.31899381e-01 2.27792829e-01 2.31238812e-01 1.99870914e-01
    4.61200178e-01 1.65502340e-01 6.74525380e-01 1.09454662e-01
    2.63068438e-01 6.27121806e-01 4.26046848e-01 7.54572034e-01
    5.91018438e-01 2.60941088e-01 2.49214202e-01 8.92068148e-01
    8.36510658e-02 3.40523064e-01 6.59807861e-01 8.17686737e-01
    2.37650216e-01 2.20393300e-01 5.07667899e-01 7.37133145e-01
    1.31717116e-01 8.78840387e-01 8.12301517e-01 6.17241204e-01
    9.57407951e-02 2.52897084e-01 3.55847061e-01 8.48312497e-01
    2.60144770e-02 3.61028731e-01 6.17604554e-01 7.54511833e-01
    6.04885519e-02 6.91945016e-01 7.86321878e-01 9.45346832e-01
    3.31857800e-03 9.82972026e-01 2.55230367e-01 2.64379531e-01
    3.31584573e-01 4.93117094e-01 9.35226917e-01 7.79373288e-01
    8.89515996e-01 1.97411537e-01 8.20444584e-01 7.96137691e-01
    6.65132463e-01 8.20481062e-01 5.16731501e-01 1.73174977e-01
    5.61188102e-01 6.59373403e-01 8.56536031e-02 4.75631863e-01
    5.80859065e-01 1.99577838e-01 3.87179911e-01 3.41244280e-01
    9.43284988e-01 3.88443321e-01 2.99964011e-01 9.71132040e-01
    5.50934553e-01 7.58224368e-01 8.06623816e-01 3.40128630e-01
    8.65974009e-01 8.79044533e-02 2.83137739e-01 2.33058482e-01
    6.89715385e-01 6.14335537e-01 4.55427766e-01 5.98246276e-01
    2.01687127e-01 2.56242543e-01 3.61233115e-01 2.41683155e-01
    4.94856775e-01 6.64580405e-01 7.56885290e-01 7.66745090e-01
    8.54793429e-01 7.67391443e-01 2.17580765e-01 3.18782806e-01
    1.38336748e-01 2.64714450e-01 3.28838915e-01 2.41571784e-01
    8.14232111e-01 1.56411231e-02 5.43097675e-01 2.69797027e-01
    6.40759885e-01 6.48995280e-01 2.77845263e-02 9.57313418e-01
    7.13073432e-01 7.35207677e-01 8.46146822e-01 9.45997000e-01
    7.83553123e-01 4.81339097e-02 2.40649581e-01 4.76192117e-01
    9.47085917e-02 1.56552255e-01 9.70769584e-01 3.63340795e-01
    2.17896551e-01 7.69029260e-01 6.25681043e-01 6.27079129e-01
    9.81785953e-02 3.03367078e-02 2.53490478e-01 2.63098657e-01
    2.93006599e-02 1.49550319e-01 2.81697392e-01 2.23661631e-01
    3.84645969e-01 3.30352008e-01 8.73174429e-01 4.37246621e-01
    3.22238207e-02 3.93461466e-01 9.89003479e-02 5.07906497e-01
    2.38244295e-01 4.36633945e-01 7.40651548e-01 9.93608415e-01
    7.64269233e-01 1.25154197e-01 6.52497888e-01 8.45922232e-01
    2.26061463e-01 1.57685280e-01 5.79352021e-01 1.45802796e-01
    3.91652077e-01 8.49450111e-01 6.06857061e-01 6.24570310e-01
    9.58264947e-01 7.86925077e-01 8.09801817e-02 5.13604224e-01
    7.61320472e-01 6.65614307e-01 7.89993882e-01 1.40564978e-01
    7.88695574e-01 5.51089644e-02 2.63342768e-01 8.72782826e-01
    7.32777059e-01 5.27099550e-01 7.14368701e-01 8.96403432e-01
    6.82914317e-01 4.55027670e-01 7.06593454e-01 7.18147278e-01
    1.55710280e-02 8.47855806e-02 1.91515118e-01 4.92452681e-02
    7.48330235e-01 5.22770286e-01 6.46583915e-01 2.60430932e-01
    8.69159222e-01 4.98526216e-01 9.12033081e-01 7.88960338e-01
    5.73626161e-01 2.57782757e-01 9.60040450e-01 2.06436813e-01
    5.01347959e-01 3.75673950e-01 3.13668013e-01 2.98810691e-01
    2.31057525e-01 8.45122814e-01 3.10935080e-02 4.23058569e-01
    9.86806989e-01 8.98893118e-01 2.58464336e-01 5.15110850e-01
    9.16704774e-01 4.53295410e-02 5.90400815e-01 6.78537548e-01
    6.13803327e-01 3.35579693e-01 8.29805136e-02 8.50673199e-01
    7.65758872e-01 1.58808947e-01 9.80475068e-01 8.90183449e-01
    4.05277401e-01 8.89094591e-01 9.62034225e-01 9.36878562e-01
    7.05488324e-01 9.47916210e-02 6.27736747e-01 8.97489369e-01
    5.91317594e-01 4.02736485e-01 2.62140721e-01 4.57702637e-01
    7.42199600e-01 7.52326012e-01 8.61913085e-01 7.01690078e-01
    5.86673856e-01 5.87840497e-01 3.94735932e-01 1.85941458e-02
    8.68421435e-01 9.27220583e-01 6.41190052e-01 1.02140516e-01
    7.55796134e-02 8.97079468e-01 7.95343459e-01 3.40035677e-01
    6.83472037e-01 2.83896327e-02 2.81350672e-01 5.12865424e-01
    1.00040168e-01 3.31867993e-01 9.98864293e-01 3.77746701e-01
    7.43341208e-01 3.81812036e-01 9.38031316e-01 4.57915664e-03
    9.06418204e-01 8.25299859e-01 4.57640290e-02 5.39963722e-01
    5.42064369e-01 1.50473475e-01 3.50870609e-01 5.07850826e-01
    7.05406129e-01 1.44666284e-01 4.26659942e-01 2.11306334e-01
    7.47401476e-01 5.57235181e-01 5.44722021e-01 7.09228277e-01
    1.48364931e-01 6.37372553e-01 1.10730648e-01 9.50149357e-01
    6.53407574e-01 5.94263494e-01 1.86902344e-01 1.25757337e-01
    5.45366704e-01 2.14016140e-02 3.47141623e-02 2.95099676e-01
    4.97981280e-01 8.36930573e-01 6.88283324e-01 3.03569257e-01
    1.76744461e-02 4.47367191e-01 8.92848611e-01 4.11891222e-01
    5.41750431e-01 1.29845768e-01 3.09151411e-01 2.75301397e-01
    8.72584343e-01 4.51752543e-03 7.57516861e-01 7.79842854e-01
    4.08340931e-01 7.24565268e-01 3.83109480e-01 9.64420736e-01
    5.10096729e-01 9.04087305e-01 1.74209923e-01 3.75054181e-01
    9.85061824e-02 2.00882226e-01 3.86718065e-01 3.19851279e-01
    4.45684284e-01 7.28547812e-01 8.99132192e-02 5.22383451e-02
    8.63307238e-01 2.29748636e-01 2.01450944e-01 6.71373725e-01
    6.64328277e-01 9.81673360e-01 1.09502852e-01 7.79145241e-01
    8.43045056e-01 7.23691583e-01 1.67113841e-02 4.51407045e-01
    5.73447466e-01 8.56364489e-01 6.18534803e-01 6.70126855e-01
    8.44453573e-01 4.10875589e-01 2.46967614e-01 8.60174775e-01
    4.87700403e-01 9.43483949e-01 6.74598813e-02 5.97283959e-01
    8.78560066e-01 9.02751923e-01 6.60507679e-02 4.43587810e-01
    3.22879851e-01 5.26484787e-01 3.37566555e-01 2.96183527e-01
    6.92605555e-01 6.46305978e-02 8.62443566e-01 6.26834810e-01
    5.51103771e-01 4.65032935e-01 3.39754283e-01 3.00991356e-01
    7.64913201e-01 1.28666669e-01 3.44217867e-01 6.37118280e-01
    2.00231522e-01 5.62673688e-01 1.72816157e-01 9.02043700e-01
    1.27491206e-01 3.07576120e-01 7.15043664e-01 8.40720177e-01
    2.26841390e-01 8.22696328e-01 7.58914471e-01 9.32638168e-01
    3.03832710e-01 6.35919273e-02 2.98680007e-01 8.42788815e-01
    6.53280497e-01 4.59333658e-02 8.47809553e-01 4.67735440e-01
    7.35816419e-01 2.50350773e-01 8.67757976e-01 6.36453629e-01
    6.66275382e-01 5.79703808e-01 2.43760496e-01 5.39823651e-01
    9.84193444e-01 2.40877658e-01 7.55463362e-01 6.58378899e-02
    1.33040309e-01 5.11696696e-01 4.18470502e-02 5.95614672e-01
    2.17060953e-01 8.20916414e-01 1.04377031e-01 1.88903004e-01
    2.82062888e-02 3.80194306e-01 2.73382545e-01 9.76280570e-02
    5.03052175e-01 3.06828082e-01 8.46214533e-01 4.44434524e-01
    9.45236742e-01 9.80682850e-01 7.97029853e-01 2.70472765e-01
    7.11958528e-01 7.39405513e-01 3.53994191e-01 2.41827130e-01
    1.55009359e-01 4.32921261e-01 5.64584851e-01 8.47024679e-01
    8.68540645e-01 3.13445926e-02 5.11969984e-01 5.46447158e-01
    5.52114904e-01 8.17623377e-01 9.32478547e-01 2.14098781e-01
    6.79977775e-01 3.07387471e-01 9.73422170e-01 3.34718525e-02
    1.47721767e-01 7.14832187e-01 1.21385485e-01 5.18275142e-01
    9.95607316e-01 5.31600177e-01 5.16029775e-01 9.89853859e-01
    6.61358178e-01 1.66663557e-01 3.75462115e-01 5.16544342e-01
    1.72525942e-01 2.68731058e-01 7.52137423e-01 4.93473560e-01
    4.77655083e-01 1.34210229e-01 1.74531728e-01 4.79989707e-01
    8.66831064e-01 8.41505647e-01 5.84153652e-01 1.89418316e-01
    6.16430819e-01 2.36496627e-02 9.23943996e-01 4.27245259e-01
    6.89347625e-01 7.79970884e-02 4.98282582e-01 3.30071986e-01
    1.29582852e-01 6.76782966e-01 2.68805146e-01 7.40216255e-01
    5.69865406e-02 7.45154262e-01 2.34769315e-01 5.95990777e-01
    7.46402144e-03 1.38954818e-01 1.98356301e-01 4.52300668e-01
    8.45915735e-01 8.59953046e-01 2.76189685e-01 6.48552716e-01
    3.58794749e-01 8.04794192e-01 6.53118074e-01 2.88895667e-01
    8.55531633e-01 9.82366920e-01 3.00496370e-01 9.27264988e-02
    8.88369918e-01 8.80754232e-01 1.36947930e-02 4.06556368e-01
    5.09238064e-01 1.82941705e-01 1.56228811e-01 8.22326064e-01
    7.15797424e-01 8.24161470e-01 2.40969658e-03 4.11208272e-01
    3.78311843e-01 4.17344302e-01 7.40144849e-02 4.08504069e-01
    8.58038425e-01 1.31883562e-01 9.91736948e-02 4.38376963e-02
    7.94421017e-01 4.57044870e-01 6.91290021e-01 3.01797450e-01
    2.02561885e-01 1.53032988e-01 2.19196469e-01 6.69898093e-02
    1.88647062e-01 7.97222853e-02 7.20500231e-01 5.27548969e-01
    2.17278063e-01 1.93947256e-02 2.22079426e-01 1.84582412e-01
    1.21625334e-01 7.61478603e-01 8.45698833e-01 2.76042461e-01
    5.32984972e-01 4.56052661e-01 8.95016968e-01 8.33405197e-01
    8.35622847e-01 6.52108252e-01 1.53859466e-01 4.90680426e-01
    8.21277499e-01 6.34476364e-01 3.34463924e-01 6.66851401e-01
    2.98008740e-01 6.28773689e-01 7.68329382e-01 4.33287740e-01
    3.16203952e-01 8.95004630e-01 3.78323108e-01 2.28250951e-01
    1.01938754e-01 4.58067954e-02 4.01614904e-02 3.36978078e-01
    4.05792385e-01 2.36258209e-01 3.46108675e-01 3.91326427e-01
    6.46965981e-01 4.33550298e-01 8.00884962e-02 8.79505694e-01
    5.90769887e-01 3.25627923e-01 9.79363799e-01 2.17097729e-01
    1.47005469e-01 2.41654426e-01 1.23887420e-01 4.93867695e-01
    9.46292996e-01 7.44040370e-01 7.98310935e-01 9.68619585e-01
    2.91148692e-01 5.18232882e-02 7.10520744e-01 6.75913274e-01
    2.67536342e-02 1.36711985e-01 9.40379500e-01 8.35439682e-01
    6.53134704e-01 4.61632073e-01 9.02706623e-01 6.00185692e-02
    7.44374692e-01 8.75734985e-02 9.46973324e-01 9.18459296e-02
    3.81096005e-02 5.79995036e-01 6.77528679e-02 9.84287977e-01
    2.06691056e-01 5.01479745e-01 1.66282713e-01 9.35846567e-01
    4.44536924e-01 9.34965134e-01 7.10169613e-01 5.90631008e-01
    1.51000261e-01 9.13689852e-01 2.46998370e-01 9.58507538e-01
    3.85646701e-01 9.04364049e-01 1.65907681e-01 7.90427446e-01
    9.06333327e-03 5.50483644e-01 1.49966180e-01 5.99491596e-01
    2.06214368e-01 8.93159509e-02 2.39130229e-01 3.07801902e-01
    3.56569678e-01 4.07251209e-01 7.48861194e-01 8.07518482e-01
    6.42000079e-01 3.60177010e-01 6.06859148e-01 3.62713516e-01
    3.43555421e-01 1.64180338e-01 6.54682219e-01 5.30518651e-01
    7.88329780e-01 8.55300546e-01 5.35177052e-01 8.84117603e-01
    5.84126055e-01 8.91132712e-01 5.58650970e-01 3.16739321e-01
    1.84070826e-01 6.24314249e-01 4.77960676e-01 2.15607136e-01
    8.27001929e-01 3.72287929e-01 7.16825247e-01 8.44491422e-02
    5.37847042e-01 7.49143779e-01 1.10008717e-02 4.30693269e-01
    8.01891685e-01 3.17785054e-01 2.84347653e-01 5.00340939e-01
    5.60334086e-01 5.62550485e-01 8.42344284e-01 6.91274643e-01
    5.21470308e-01 8.73530805e-02 6.91974461e-01 7.34214187e-01
    5.49491048e-02 5.88901758e-01 9.10162807e-01 8.31466496e-01
    3.72979581e-01 2.01059312e-01 7.40140319e-01 1.18606240e-01
    7.33929873e-01 5.70662498e-01 1.23401940e-01 4.33856606e-01
    2.88181305e-01 2.21193045e-01 6.81795776e-02 9.38144147e-01
    5.66723645e-01 6.31141365e-01 8.22006702e-01 3.60176951e-01
    2.61932433e-01 8.25763464e-01 4.13353056e-01 8.06760490e-02
    5.95591247e-01 2.20511019e-01 3.91388595e-01 7.79822826e-01
    9.82902944e-02 4.64042306e-01 5.53366005e-01 6.14769459e-02
    7.09069848e-01 1.83028102e-01 1.11452043e-02 9.44342732e-01
    2.47099072e-01 6.20986044e-01 1.52419508e-02 5.70540011e-01
    4.17243510e-01 5.91374278e-01 2.89561152e-01 7.58678913e-01
    6.95785642e-01 3.71885061e-01 3.62730443e-01 6.19207621e-01
    3.96558374e-01 8.76627862e-02 4.90310729e-01 8.95766616e-01
    5.40711164e-01 9.37590241e-01 3.65105808e-01 2.96934128e-01
    1.43096149e-01 8.91748428e-01 6.66312873e-02 9.21587706e-01
    1.73675239e-01 1.30544424e-01 2.53165662e-01 5.22201180e-01
    1.90286130e-01 5.60859263e-01 8.22400451e-01 8.17012250e-01
    2.24308938e-01 3.79542857e-01 5.36278427e-01 1.22909456e-01
    1.73871219e-02 9.06421900e-01 9.45629895e-01 5.10573387e-01
    3.47509146e-01 2.59817094e-01 2.86954284e-01 9.17156041e-01
    6.83543384e-01 8.15756798e-01 4.81423140e-01 9.27821934e-01
    2.13075280e-02 5.61816335e-01 2.37497628e-01 8.93581927e-01
    4.33713734e-01 2.83004016e-01 6.74313486e-01 6.22346342e-01
    9.97511744e-01 9.50977802e-01 6.98874950e-01 2.27920443e-01
    9.27102864e-01 2.75493503e-01 6.54710174e-01 8.25755656e-01
    9.01072621e-01 5.44299185e-02 1.08112842e-01 2.14691579e-01
    8.90676856e-01 5.72845757e-01 3.86344790e-02 1.21314466e-01
    2.96147078e-01 4.98427987e-01 2.41487861e-01 8.95983458e-01
    7.20225453e-01 2.22255319e-01 4.85211760e-01 5.30307770e-01
    8.08932781e-01 9.91707146e-01 3.65214169e-01 9.16528463e-01
    3.94969463e-01 1.21143073e-01 3.80398095e-01 8.32700253e-01
    1.52244270e-01 3.06689292e-01 8.99304271e-01 8.75484347e-01
    8.29252481e-01 5.41414797e-01 2.46554613e-03 7.80819416e-01
    4.97153729e-01 1.97197646e-01 1.82088107e-01 2.36028135e-01
    8.28919172e-01 9.73895490e-01 3.78573537e-01 4.29807305e-02
    6.11487031e-01 6.91421926e-01 7.31792212e-01 8.69543433e-01
    8.96094084e-01 8.23513329e-01 6.01048827e-01 8.50615382e-01
    2.14456081e-01 4.45271969e-01 2.14670628e-01 2.43710160e-01
    2.03914136e-01 8.59451592e-02 1.92989349e-01 5.53197324e-01
    8.32312167e-01 3.79862487e-01 6.35623395e-01 3.01577508e-01
    8.50317180e-01 8.25968504e-01 8.60792041e-01 6.07587099e-01
    8.46952438e-01 8.78262043e-01 5.44655919e-01 1.22462481e-01
    9.95610774e-01 3.87730718e-01 1.80160403e-02 1.90315396e-01
    3.14205587e-01 2.96534479e-01 7.50357389e-01 1.74461603e-02
    6.90802336e-02 5.98699808e-01 2.16620326e-01 9.19003248e-01
    5.36525488e-01 6.92734003e-01 2.16168016e-01 3.00830781e-01
    5.69011331e-01 8.24526429e-01 8.27484488e-01 4.51442361e-01
    5.21188080e-01 8.09997916e-01 9.89776075e-01 4.90836084e-01
    6.16310716e-01 3.32141221e-02 1.58218831e-01 7.97916472e-01
    1.44548565e-01 4.96560633e-01 4.22917664e-01 1.90886885e-01
    2.87015855e-01 9.26399887e-01 5.65688729e-01 4.83363867e-04
    3.02857399e-01 1.14411503e-01 5.29679656e-01 5.20670891e-01
    9.28375125e-01 2.29132503e-01 3.80340278e-01 9.43808258e-02
    3.32480192e-01 8.27503204e-02 4.46542025e-01 2.04318434e-01
    7.24551141e-01 4.86464798e-02 8.86299968e-01 7.11251855e-01
    4.27273512e-01 1.82296664e-01 7.18434453e-02 8.70860875e-01
    6.76356912e-01 5.89858294e-01 8.00697446e-01 7.13621676e-02
    4.27833498e-01 6.28077149e-01 2.64128208e-01 6.08238578e-01
    2.26576120e-01 1.44156992e-01 5.75577617e-01 1.28917575e-01
    1.19274557e-01 9.56322193e-01 6.17733717e-01 9.56980169e-01
    9.57409978e-01 1.89085364e-01 8.87325644e-01 9.37859178e-01
    7.58601129e-02 6.63915873e-01 5.61214745e-01 3.88710558e-01
    4.60005999e-01 3.71146739e-01 6.57698750e-01 7.04389215e-02
    7.37493157e-01 4.79311824e-01 7.35242844e-01 5.85930824e-01
    7.96507835e-01 4.59572315e-01 3.13992202e-01 1.92424238e-01
    4.13350999e-01 9.24812555e-01 3.27335715e-01 1.97592229e-01
    8.90411377e-01 7.58034706e-01 3.73274386e-01 4.22623813e-01
    7.46873319e-02 7.43210912e-01 8.58431697e-01 4.30573404e-01
    8.71769726e-01 3.51997912e-01 7.98639238e-01 7.61332035e-01
    3.10491800e-01 8.76729608e-01 4.61482942e-01 5.79618871e-01
    2.99609184e-01 6.21067882e-01 3.58887702e-01 9.77316320e-01
    4.37379092e-01 3.43065292e-01 8.18222404e-01 6.28107190e-02
    8.33545148e-01 2.54332542e-01 7.16413975e-01 1.66695476e-01
    3.86039257e-01 2.25563109e-01 3.04909974e-01 8.30346346e-01
    7.60577261e-01 8.39713216e-03 5.54970264e-01 5.39225936e-01
    6.36488914e-01 1.43147379e-01 1.27001703e-01 5.99065721e-01
    2.89392233e-01 1.47850811e-01 5.44565320e-01 2.69272417e-01
    7.41417587e-01 1.93895698e-02 8.25988770e-01 5.77165604e-01
    7.21868992e-01 6.44306421e-01 9.54271436e-01 8.82946551e-02
    8.32151055e-01 7.40991950e-01 9.62581694e-01 2.23900527e-01
    6.28647983e-01 5.58157325e-01 9.74582314e-01 4.77344513e-01
    2.72708893e-01 1.54184997e-01 5.25638461e-02 4.90029216e-01
    3.32626998e-01 1.98989183e-01 9.82183814e-01 6.55982792e-01
    9.71928358e-01 1.07828289e-01 6.74903572e-01 8.65442991e-01
    7.19318688e-02 9.68813896e-02 6.82089865e-01 4.67486382e-02
    3.97649705e-02 8.12075436e-01 6.10327184e-01 9.92700934e-01
    8.19995344e-01 3.76062691e-02 2.65493929e-01 3.74616563e-01
    1.80515915e-01 3.00263375e-01 5.79426825e-01 6.04336679e-01
    7.78402686e-01 9.61049914e-01 6.34190381e-01 1.88830793e-01
    3.87529939e-01 9.36076760e-01 5.44734359e-01 2.66618431e-02
    6.98525429e-01 2.88564563e-01 3.63128543e-01 1.99127436e-01
    3.91378403e-01 2.05322325e-01 4.14613843e-01 6.09959662e-01
    4.78038728e-01 9.26918566e-01 7.70732522e-01 9.60922003e-01
    9.94617820e-01 6.80107415e-01 2.45017201e-01 6.55100882e-01
    9.36268210e-01 1.98376179e-02 7.15711355e-01 6.20859861e-01
    4.99926001e-01 6.10646367e-01 6.93869591e-03 7.36051142e-01
    3.85336816e-01 7.22200215e-01 3.72140110e-01 3.72516572e-01
    9.98207569e-01 9.63388979e-02 2.15027511e-01 7.86886215e-02
    4.77930665e-01 2.61002064e-01 5.91513216e-01 3.36177856e-01
    2.14667022e-02 9.44605887e-01 4.65987712e-01 4.95630234e-01
    9.27935839e-01 3.58920872e-01 3.70550871e-01 4.95090336e-01
    6.66879892e-01 7.88186193e-02 7.30551362e-01 2.71912336e-01
    9.85668421e-01 8.46171618e-01 4.69091147e-01 1.74069315e-01
    5.19337118e-01 2.35376328e-01 4.85565662e-02 9.00515079e-01
    4.17228311e-01 5.27824640e-01 5.51068306e-01 4.69360948e-01
    2.78773367e-01 4.42516029e-01 9.47248578e-01 1.19371533e-01
    8.83443654e-02 7.59720802e-03 9.52264488e-01 8.19628596e-01
    3.48026454e-02 1.54201746e-01 3.38291973e-01 6.55680716e-01
    2.44640142e-01 4.08034325e-02 7.19800472e-01 4.88378227e-01
    5.11138022e-01 9.16851521e-01 4.05834913e-02 8.59408617e-01
    8.12922120e-01 9.66804862e-01 7.83079743e-01 2.53888309e-01
    8.74655485e-01 7.64456272e-01 3.90534967e-01 2.30769485e-01
    4.92919087e-02 5.34250438e-02 3.64911556e-01 2.22414047e-01
    8.76744032e-01 9.62027788e-01 5.16676426e-01 1.86996698e-01
    1.00029618e-01 5.83464801e-01 7.15434194e-01 5.65402985e-01
    2.91838169e-01 7.68694282e-01 6.07040703e-01 5.07341266e-01
    1.47344530e-01 1.43086284e-01 7.96346188e-01 1.59405261e-01
    8.71860087e-01 3.97604644e-01 6.07819259e-02 6.92760289e-01
    2.23169982e-01 7.17860878e-01 4.85225320e-02 6.52842283e-01
    9.47913170e-01 1.15362108e-01 8.09791207e-01 8.68595064e-01
    3.59397233e-01 1.09995455e-01 8.23292732e-02 2.40162164e-01
    9.92954135e-01 6.22718215e-01 2.63965309e-01 5.62219501e-01
    3.36035073e-01 6.43384099e-01 1.68486714e-01 1.58635110e-01
    3.83205265e-01 2.86526382e-01 2.65436888e-01 5.69868982e-01
    9.40120399e-01 9.14020240e-01 2.13336200e-01 5.31596184e-01
    6.82722747e-01 2.67955899e-01 5.37975371e-01 2.35236466e-01
    7.89032102e-01 2.21411347e-01 1.65457278e-01 3.45495462e-01
    3.86068940e-01 4.94242132e-01 4.71232086e-01 3.75215709e-01
    3.35426450e-01 1.65730298e-01 7.31068730e-01 2.22081244e-02
    6.49773836e-01 9.42672193e-02 7.20590234e-01 3.03353369e-01
    1.92864895e-01 9.76832032e-01 3.30612898e-01 6.09376252e-01
    9.91254568e-01 9.55110908e-01 9.03055787e-01 5.78475654e-01
    2.43271142e-01 7.32143342e-01 5.02449989e-01 8.86634111e-01
    6.18429542e-01 3.47654521e-02 1.20485932e-01 7.01825380e-01
    5.41070402e-02 3.64916861e-01 3.80380690e-01 4.35998857e-01
    3.72352719e-01 9.19204056e-02 6.52651429e-01 8.86350036e-01
    9.82309461e-01 9.46696877e-01 8.96757483e-01 4.57673371e-02
    4.40177917e-01 8.92343760e-01 8.34141016e-01 2.77414709e-01
    4.92303222e-01 2.12525725e-02 4.53363389e-01 3.78537863e-01
    7.27587640e-02 3.46924484e-01 9.87299204e-01 6.35720074e-01
    2.33997166e-01 1.44711137e-02 6.49033368e-01 9.70474362e-01
    2.48768628e-02 5.40360868e-01 8.20004940e-03 7.25782514e-01
    7.08843112e-01 1.81523412e-01 1.03091210e-01 9.28375423e-01
    1.55742884e-01 3.38707745e-01 7.04485536e-01 8.99632692e-01
    5.31294048e-02 7.35758781e-01 1.71367705e-01 2.93481886e-01
    9.54140365e-01 2.35826313e-01 8.54733109e-01 3.46552998e-01
    3.67948353e-01 1.23759151e-01 3.46490800e-01 4.95975465e-01
    5.47013164e-01 6.10330999e-01 7.31793761e-01 4.74238753e-01
    6.36401534e-01 7.23847270e-01 4.42037344e-01 5.61201096e-01
    1.08620375e-01 1.52583718e-01 9.26798463e-01 4.41613644e-01
    9.00366664e-01 8.03200305e-02 4.56504583e-01 9.78610158e-01
    8.42137635e-01 1.65796071e-01 2.10917443e-01 9.65552747e-01
    9.47484910e-01 5.60621142e-01 4.97296154e-01 1.20258927e-01
    7.84110069e-01 8.68205309e-01 8.24332237e-01 1.75704598e-01
    6.37529075e-01 4.70350355e-01 8.75754058e-02 2.08926350e-01
    1.00048035e-01 5.27636409e-02 1.68451548e-01 9.82827127e-01
    9.68207598e-01 9.68660295e-01 6.93226993e-01 8.51108193e-01
    5.91883600e-01 1.91227257e-01 7.32802868e-01 1.68646455e-01
    7.95704722e-01 3.97644311e-01 3.44746441e-01 4.47478741e-01
    2.70267189e-01 7.48861551e-01 5.51985383e-01 3.05434346e-01
    5.10135591e-01 7.64728248e-01 3.72654021e-01 6.89737558e-01
    7.00628757e-02 8.42813253e-01 5.84893465e-01 2.79158235e-01
    2.19353080e-01 2.54533231e-01 6.27717018e-01 3.35408628e-01
    1.95003510e-01 7.38988280e-01 8.58189702e-01 2.41832197e-01
    8.70719671e-01 6.27758741e-01 5.30292273e-01 5.12645364e-01
    1.28017306e-01 5.96232653e-01 4.10348833e-01 8.27657819e-01
    7.23658741e-01 4.52993900e-01 3.07234108e-01 4.54422325e-01
    6.05976880e-02 4.00906950e-01 6.68477058e-01 8.68054986e-01
    3.58218849e-02 3.98164779e-01 3.89608145e-01 4.43090498e-02
    2.27648884e-01 4.48399037e-01 8.74565363e-01 8.65040123e-02
    2.96645731e-01 2.61597157e-01 6.55782104e-01 5.54955721e-01
    9.37098265e-01 3.44032556e-01 9.80622053e-01 3.84421170e-01
    7.36399293e-01 8.01351488e-01 9.68776226e-01 7.89304376e-01
    1.40297711e-01 8.00571561e-01 6.63444281e-01 2.10148513e-01
    7.95637846e-01 2.92006791e-01 8.33138883e-01 2.25765496e-01
    9.95272458e-01 8.09572339e-01 9.09431994e-01 9.20037687e-01
    2.39127189e-01 3.62379134e-01 6.52557552e-01 8.06067646e-01
    7.75824666e-01 8.96085858e-01 5.65818608e-01 3.50226820e-01
    7.10407555e-01 7.37173676e-01 7.60927677e-01 1.03785217e-01
    2.30796933e-02 6.43100441e-01 6.04490757e-01 5.94822049e-01
    9.29461598e-01 1.02610260e-01 7.90425420e-01 4.34926391e-01
    8.58089805e-01 7.44400501e-01 8.32832694e-01 6.26899898e-01
    2.68402696e-01 8.92059386e-01 4.00164843e-01 4.27534014e-01
    3.74670625e-02 5.72568297e-01 4.92352754e-01 1.29764050e-01
    9.76537824e-01 2.78349340e-01 4.71269250e-01 9.10282850e-01
    3.34568143e-01 3.85728717e-01 5.19227982e-01 7.42822349e-01
    4.54228312e-01 9.21838701e-01 3.68132532e-01 9.33050871e-01
    3.48355174e-02 6.12582266e-02 8.62080872e-01 9.19066191e-01
    8.70871484e-01 6.63123488e-01 3.10340732e-01 2.55655527e-01
    5.94640732e-01 1.74964666e-02 9.88186777e-01 5.83516002e-01
    4.49722528e-01 1.63459122e-01 5.86797595e-01 1.24101222e-01
    5.32662868e-01 7.99237132e-01 5.96701145e-01 1.17148578e-01
    6.24027312e-01 3.21626723e-01 9.32184696e-01 7.93701887e-01
    8.17834258e-01 5.86128473e-01 1.13691479e-01 6.75815582e-01
    9.60576177e-01 4.21696186e-01 4.41996396e-01 2.52433121e-01
    9.40216303e-01 9.54396427e-02 5.13720751e-01 4.17756200e-01
    6.71782196e-01 1.04050934e-02 4.21570718e-01 4.64227140e-01
    6.89188898e-01 8.01064134e-01 9.72516418e-01 4.27950680e-01
    4.44719434e-01 1.19683146e-03 8.65582347e-01 3.26383799e-01
    6.63810968e-03 3.93540502e-01 3.69327426e-01 1.58843338e-01
    7.11057484e-02 6.08852029e-01 1.78398937e-01 6.74933076e-01
    1.60549253e-01 1.86985373e-01 9.52005744e-01 4.15642738e-01
    5.21907926e-01 7.36397445e-01 8.95527363e-01 1.61549717e-01
    3.89690936e-01 5.57128429e-01 2.51489222e-01 6.76789761e-01
    6.62243962e-02 9.52644527e-01 3.17072570e-02 3.28308195e-01
    7.34678268e-01 6.80340528e-02 2.96859145e-02 5.38124025e-01
    1.67574078e-01 9.11685288e-01 5.44977903e-01 8.09084773e-01
    8.92743468e-03 1.49048686e-01 4.48828697e-01 9.00338471e-01
    9.04927194e-01 8.83983850e-01 2.26286680e-01 1.33352399e-01
    7.33213186e-01 5.33595085e-01 2.64017105e-01 3.73301417e-01
    7.46558309e-01 3.36067766e-01 7.84878492e-01 4.42297161e-01
    5.15627563e-02 3.63137513e-01 6.89427674e-01 1.84571087e-01
    9.53836501e-01 2.17929184e-02 4.72892523e-01 7.54783094e-01
    1.34421200e-01 8.39041770e-01 1.97775364e-02 3.09504092e-01
    7.60622978e-01 3.53099555e-01 7.45481849e-01 5.71456611e-01
    6.72072530e-01 5.18457651e-01 2.75404453e-01 7.61915207e-01
    5.21504939e-01 3.48118305e-01 2.20470011e-01 9.20324326e-01
    5.83775342e-02 1.24821693e-01 9.66873467e-02 5.32943845e-01
    8.60664845e-01 8.13974977e-01 4.49497938e-01 9.88803208e-01
    7.63278127e-01 2.18997955e-01 2.22394735e-01 7.23219633e-01
    1.19660705e-01 6.71683192e-01 2.38844067e-01 3.62685382e-01
    8.77549767e-01 6.17663741e-01 3.43776882e-01 7.22108126e-01
    1.47563010e-01 8.87455106e-01 6.96916401e-01 8.43528748e-01
    3.24985892e-01 9.66546476e-01 6.44238114e-01 7.95634747e-01
    4.14869249e-01 8.37232828e-01 9.12315011e-01 9.26174223e-01
    5.55282116e-01 1.13044024e-01 3.08835745e-01 7.29124606e-01
    6.05839491e-01 1.51640415e-01 3.56520534e-01 4.37299162e-01
    7.94993341e-01 1.29496783e-01 9.19164777e-01 4.58159447e-01
    2.64714509e-01 8.56298685e-01 3.54273498e-01 2.07424909e-01
    9.19030428e-01 4.63752419e-01 2.12679476e-01 9.23548698e-01
    3.95053923e-02 2.82130361e-01 5.98292232e-01 2.39226669e-01
    4.86097962e-01 9.98635530e-01 6.75691366e-01 7.19123781e-01
    4.68150437e-01 9.23330188e-01 5.37151217e-01 2.37564921e-01
    2.62253106e-01 7.91299641e-01 6.39071763e-01 5.77034235e-01
    9.72016513e-01 4.23383534e-01 1.13389105e-01 6.59600258e-01
    4.58539873e-01 4.12940264e-01 9.05429244e-01 2.87464172e-01
    1.63757145e-01 9.07857776e-01 8.59583855e-01 6.54397011e-02
    2.58441806e-01 5.96076369e-01 8.59689236e-01 1.04053110e-01
    3.44767869e-01 1.45813018e-01 8.40403020e-01 7.53039718e-02
    7.46851742e-01 4.31637704e-01 9.69565213e-01 5.84047318e-01
    4.04643446e-01 1.57325208e-01 5.77249169e-01 6.70526683e-01
    7.98429012e-01 6.71976030e-01 9.87247586e-01 8.00243974e-01
    4.59477097e-01 3.12436283e-01 7.74864197e-01 3.64239126e-01
    9.89203691e-01 7.01762319e-01 4.95910943e-02 5.44979334e-01
    7.13261962e-03 7.34333396e-02 8.62294674e-01 1.48448318e-01
    6.40728891e-01 3.23164910e-01 5.23009598e-01 3.38617951e-01
    2.24777758e-01 4.82111990e-01 7.44972229e-01 1.12191737e-02
    2.20606685e-01 2.90581405e-01 4.13086146e-01 6.65531099e-01
    4.02763784e-01 7.38517046e-01 4.62509662e-01 9.30333376e-01
    5.05105376e-01 8.81400645e-01 6.76967978e-01 8.05265307e-01
    4.82211411e-01 9.79853868e-01 3.24378252e-01 4.65288758e-01
    5.65192997e-01 6.77074254e-01 4.32529867e-01 8.68666232e-01
    3.02782774e-01 3.47894251e-01 8.34673166e-01 3.30297261e-01
    9.70594287e-02 1.04706049e-01 5.99490345e-01 7.21693873e-01
    5.44897318e-02 9.21225011e-01 1.24960065e-01 8.07564259e-01
    4.08250302e-01 5.11026323e-01 5.23279905e-01 1.40773743e-01
    9.38260555e-03 1.24320507e-01 9.16868448e-04 7.68342972e-01
    4.30458248e-01 2.62204051e-01 4.42394674e-01 8.67367685e-01
    2.32818335e-01 3.22733879e-01 6.61651611e-01 8.73338342e-01
    7.09131598e-01 7.00360775e-01 8.07473302e-01 2.74465382e-01
    8.13289404e-01 5.04102468e-01 1.11162841e-01 2.36811012e-01
    4.12762284e-01 3.41985941e-01 3.12366396e-01 6.77218914e-01
    7.48822093e-03 9.87601757e-01 6.92457914e-01 3.28096867e-01
    7.93504357e-01 4.51192081e-01 3.39406520e-01 1.50534183e-01
    3.40675652e-01 2.90551007e-01 2.21371353e-01 2.56674588e-02
    2.87808537e-01 3.94087136e-01 2.14480579e-01 2.81681627e-01
    7.94444203e-01 9.48791623e-01 4.25720125e-01 3.34686249e-01
    6.12235069e-02 9.23626304e-01 4.84945774e-01 5.47158599e-01
    1.48093402e-01 1.20775491e-01 4.94282484e-01 9.05103624e-01
    9.46682334e-01 6.19593084e-01 5.57921290e-01 7.20677257e-01
    6.18942976e-01 6.47489548e-01 5.26784003e-01 1.44083798e-01
    3.21267784e-01 9.64374185e-01 9.75928605e-02 5.39022982e-02
    1.67078495e-01 9.13668394e-01 7.00842798e-01 5.07277250e-02
    3.56781781e-02 8.10376167e-01 9.09596741e-01 6.00169897e-02
    1.28958941e-01 4.28225935e-01 8.84076357e-01 2.02349663e-01
    1.18861198e-01 6.94548190e-02 4.66289967e-01 4.34129179e-01
    3.79915237e-02 1.33929849e-01 3.77815098e-01 1.24149948e-01
    5.64704239e-01 8.93359542e-01 1.77141696e-01 6.74851060e-01
    6.10985398e-01 7.36646473e-01 3.54992568e-01 5.92719913e-01
    4.01173770e-01 4.36034381e-01 1.46772712e-01 7.07078278e-02
    6.95818961e-02 6.16210639e-01 4.36393976e-01 9.74361777e-01
    8.58168006e-01 5.82129061e-01 3.21830034e-01 1.58494115e-02
    3.51443946e-01 4.52866614e-01 4.28815931e-01 3.59530747e-01
    1.39632821e-01 8.95505428e-01 1.66743904e-01 8.90824080e-01
    7.84184039e-01 5.30472994e-01 5.80280900e-01 9.09213305e-01
    5.71518898e-01 2.12638438e-01 1.87303334e-01 1.85655922e-01
    6.37043238e-01 4.32282239e-01 6.10593081e-01 6.16125524e-01
    1.42206967e-01 7.33216524e-01 6.50989771e-01 2.93790162e-01
    3.94848853e-01 5.16893268e-01 6.37175560e-01 9.85610902e-01
    6.86208248e-01 2.99507976e-01 9.85697687e-01 5.99719584e-01
    1.61204636e-02 2.41108358e-01 3.51421058e-01 5.63385606e-01
    5.92011988e-01 7.65451014e-01 3.23374569e-02 5.89565992e-01
    8.61528933e-01 7.60134757e-01 7.28518248e-01 1.56815439e-01
    5.53338706e-01 2.09065318e-01 6.60988569e-01 6.80684865e-01
    3.85292709e-01 1.69626176e-01 9.45867181e-01 8.75521541e-01
    6.50445938e-01 4.64435637e-01 7.90374577e-01 4.30015862e-01
    4.38378394e-01 7.62857199e-01 3.12285721e-01 4.35880214e-01
    2.06372350e-01 8.58229995e-02 1.83904707e-01 5.66944599e-01
    1.29464567e-02 3.00768435e-01 7.43213594e-02 9.37544942e-01
    5.52704215e-01 5.11443973e-01 3.60147804e-01 7.60146916e-01
    9.07150865e-01 5.69801629e-01 7.99072504e-01 9.30831075e-01
    1.84200943e-01 4.39958513e-01 5.32139242e-01 7.55948722e-02
    1.26222730e-01 1.01734906e-01 5.92125893e-01 4.63927060e-01
    8.64753604e-01 2.50670254e-01 9.42761779e-01 5.85295916e-01
    8.63517523e-02 2.33898163e-02 4.30976987e-01 4.45830643e-01
    4.36179340e-02 9.06066298e-02 4.14563566e-01 9.47424650e-01
    8.46439362e-01 5.49043179e-01 8.49836648e-01 9.64215636e-01
    5.93947172e-01 8.73369813e-01 7.37618268e-01 8.31341207e-01
    1.65316045e-01 2.43402421e-02 9.96701598e-01 7.71631241e-01
    7.49382377e-01 4.27328646e-01 7.39058733e-01 4.78668630e-01
    4.05608535e-01 4.22824591e-01 3.16120446e-01 3.22743595e-01
    4.07539815e-01 4.39325869e-02 3.11505675e-01 9.09911036e-01
    3.14364493e-01 6.25321627e-01 6.76666260e-01 1.50987357e-01
    2.69513369e-01 6.36612535e-01 6.81504786e-01 6.86778843e-01
    5.64539671e-01 4.39011753e-02 9.75933969e-01 1.31797850e-01
    9.77196634e-01 7.83463955e-01 4.77659106e-01 5.52045405e-01
    7.11084962e-01 8.57879519e-02 6.55650556e-01 2.54088730e-01
    9.29775476e-01 4.78918225e-01 7.36199915e-02 8.75773787e-01
    5.43691516e-01 5.33937514e-02 6.68699741e-01 1.59259886e-01
    1.43730193e-01 1.71546191e-01 3.55485171e-01 4.06258106e-01
    3.99464816e-01 8.37452233e-01 5.47053814e-02 2.01356173e-01
    8.41353536e-01 1.10855311e-01 7.41194844e-01 5.37731886e-01
    1.67292058e-01 8.53600144e-01 8.62123728e-01 7.77285695e-01
    2.74325669e-01 6.55323267e-02 3.49228799e-01 2.97435105e-01
    9.16333318e-01 8.77220690e-01 1.88093036e-01 8.63116980e-01
    6.70028627e-02 7.01738894e-02 3.41284931e-01 6.86165929e-01
    2.36558050e-01 3.46188009e-01 2.84266531e-01 4.47344244e-01
    3.09315920e-01 6.10688031e-02 2.69949555e-01 9.79323685e-02
    8.29910278e-01 2.34016836e-01 3.67329270e-01 6.90944612e-01
    7.97593832e-01 4.43528295e-02 5.27045131e-03 1.56544507e-01
    4.83414769e-01 8.81375194e-01 8.68715882e-01 2.05841064e-02
    5.35005391e-01 6.55412674e-04 3.79182190e-01 5.46272218e-01
    7.00101256e-01 8.78347576e-01 8.63453031e-01 3.69760275e-01
    2.05646724e-01 2.25273222e-01 4.79936033e-01 8.87198389e-01
    1.27053946e-01 1.45625472e-02 4.33247983e-01 8.28430653e-01
    8.82333517e-03 6.96120262e-01 6.64177537e-02 9.59637582e-01
    9.75105166e-02 4.37958151e-01 2.16414571e-01 6.17367625e-02
    8.14836562e-01 1.06709629e-01 6.24645829e-01 6.45000935e-01
    7.96301603e-01 2.26961911e-01 4.36864465e-01 5.21610737e-01
    5.90955853e-01 5.31592071e-02 6.92486703e-01 8.61065209e-01
    6.45383775e-01 2.44852245e-01 9.19775188e-01 5.05795300e-01
    3.20601165e-01 1.00522608e-01 6.24083519e-01 6.11283660e-01
    5.78196645e-01 3.76397789e-01 6.08397901e-01 3.32930863e-01
    2.10882336e-01 4.73745167e-02 5.89056969e-01 1.17720038e-01
    3.47530931e-01 5.92458546e-01 3.13718557e-01 5.39275169e-01
    2.57355809e-01 1.80275291e-01 9.08800960e-01 9.90531743e-02
    9.88572359e-01 4.15122092e-01 9.07680988e-01 3.75232041e-01
    9.04579282e-01 2.56005555e-01 5.65494299e-01 9.02581811e-01
    8.85912418e-01 5.54611206e-01 1.83916330e-01 9.41779256e-01
    8.19272399e-01 2.08879918e-01 1.67580843e-01 5.46164811e-01
    6.59519434e-03 1.19110733e-01 1.13757819e-01 8.07267785e-01
    8.48342180e-02 4.59799230e-01 8.01066458e-01 9.86714900e-01
    8.64523888e-01 8.51480484e-01 9.70843673e-01 5.06701887e-01
    6.51634574e-01 2.66307861e-01 3.83263797e-01 9.93924975e-01
    1.45519346e-01 7.02598155e-01 3.33995134e-01 7.75890946e-02
    7.51939654e-01 9.99775767e-01 7.72574127e-01 4.34294283e-01
    6.55666530e-01 3.76802683e-01 5.40254414e-01 2.79748619e-01
    1.85776889e-01 2.69914925e-01 8.91691446e-02 6.90128982e-01
    2.10651815e-01 9.32295144e-01 1.07752770e-01 8.30797911e-01
    6.97159290e-01 3.25918198e-01 9.79950070e-01 9.33707237e-01
    3.75144124e-01 4.38611448e-01 4.81003463e-01 2.96662033e-01
    5.77423513e-01 1.43021911e-01 1.34484112e-01 5.63901067e-01
    7.93194294e-01 9.46992040e-01 7.11517036e-02 7.59751379e-01
    4.59117472e-01 5.02024055e-01 6.00181520e-01 4.26351666e-01
    3.94744873e-02 2.18028724e-02 5.43240845e-01 7.20072985e-01
    2.97383010e-01 8.08641315e-01 7.03002870e-01 5.19587517e-01
    9.97320771e-01 8.88412714e-01 2.05877662e-01 8.61013412e-01
    7.94151127e-01 1.87039346e-01 6.50250435e-01 7.74980426e-01
    3.03044021e-02 4.03480530e-02 7.49448359e-01 3.62646401e-01
    1.96113467e-01 8.79064202e-01 9.32887971e-01 6.17281795e-01
    8.93558741e-01 8.51733446e-01 6.18489206e-01 6.71796083e-01
    9.56246436e-01 5.19315600e-02 1.91799700e-01 5.72187901e-02
    5.20903409e-01 4.72717851e-01 9.04970944e-01 5.86082935e-02
    1.37854517e-01 7.34157205e-01 4.11582053e-01 3.31446826e-01
    6.65050924e-01 7.37117052e-01 5.77064633e-01 8.30150127e-01
    5.76843321e-02 9.97945428e-01 9.47534084e-01 6.87104583e-01
    4.68845487e-01 7.90499806e-01 7.72121668e-01 5.23947477e-02
    6.66250288e-01 6.51177764e-01 9.88543570e-01 7.23392963e-01
    7.95467496e-02 7.41602659e-01 1.99262172e-01 4.39134538e-01
    6.24073625e-01 3.56699318e-01 3.15980166e-01 6.67588413e-02
    3.90632540e-01 6.58944845e-02 9.39402938e-01 9.43764210e-01
    9.26399052e-01 9.94729400e-02 4.58780289e-01 3.42143834e-01
    3.24447453e-01 2.87308991e-01 7.17241764e-01 5.98657906e-01
    3.53567719e-01 5.83992839e-01 4.35127616e-01 8.57461691e-02
    3.94345194e-01 1.44033730e-01 7.20811129e-01 9.74164009e-02
    3.57917964e-01 3.33738446e-01 5.82638323e-01 2.57260680e-01
    6.50455117e-01 6.92566454e-01 7.01644421e-02 3.09509099e-01
    8.50563526e-01 6.66170537e-01 1.12711191e-02 4.46058989e-01
    2.10579455e-01 3.45449686e-01 8.75138938e-02 8.63646507e-01
    9.05304134e-01 2.78917730e-01 5.05923569e-01 3.65344584e-01
    5.37078083e-02 8.54443014e-01 8.01362753e-01 7.60788321e-01
    4.49319810e-01 1.50146961e-01 2.14708507e-01 5.23125708e-01
    5.10025740e-01 2.95440257e-02 1.48764849e-01 4.65488315e-01
    9.22082484e-01 3.55240464e-01 1.36299908e-01 9.27845597e-01
    9.27245021e-01 3.74275267e-01 5.79945743e-01 3.55225474e-01
    4.73503470e-02 9.33542371e-01 1.72158420e-01 3.33888292e-01
    2.48121679e-01 9.32348967e-02 3.60181034e-01 7.89382994e-01
    7.17791557e-01 8.46996427e-01 4.80337143e-02 2.29637474e-01
    9.92333412e-01 9.04984117e-01 2.56910175e-01 9.81265843e-01
    7.68564045e-02 5.75099289e-01 6.98687375e-01 4.98514265e-01
    4.13622558e-02 2.95498490e-01 3.80002797e-01 3.39214146e-01
    9.05521750e-01 5.06224275e-01 3.50671470e-01 4.24275458e-01
    9.75363851e-02 9.24453855e-01 9.96299744e-01 8.67178082e-01
    7.99901485e-02 2.37668246e-01 5.56952477e-01 5.97501338e-01
    5.22626340e-01 3.86254430e-01 5.76057196e-01 6.55142605e-01
    5.49809098e-01 4.77660835e-01 8.68735969e-01 9.53509092e-01
    7.41238534e-01 1.53471529e-01 5.54996789e-01 9.58304524e-01
    4.03110683e-02 3.12624693e-01 5.61161578e-01 6.06998801e-03
    2.12415725e-01 9.48882103e-01 6.66425765e-01 7.45421648e-01
    3.68983865e-01 4.23503399e-01 4.62204903e-01 3.16503674e-01
    5.79991460e-01 8.19203973e-01 6.08214736e-01 8.41315985e-01
    2.38380075e-01 6.81592941e-01 2.06858665e-01 6.23862207e-01
    3.27545166e-01 1.10737741e-01 6.61121368e-01 6.68483853e-01
    1.99280649e-01 6.10294163e-01 8.89529943e-01 6.97130322e-01
    5.63001215e-01 5.79070807e-01 2.45762438e-01 1.78983450e-01
    5.83406329e-01 3.13480914e-01 8.12685966e-01 2.46172279e-01
    8.93532634e-02 3.99050266e-01 3.77706707e-01 8.69348466e-01
    6.67837620e-01 7.81349838e-02 3.41795951e-01 7.16092288e-01
    9.24168706e-01 3.26511025e-01 9.70594704e-01 4.48858321e-01
    6.36210620e-01 4.58235741e-02 7.13294029e-01 2.33960897e-01
    4.51688915e-01 1.03682876e-01 4.03781891e-01 4.75819707e-02
    7.78514862e-01 8.69946957e-01 2.92263210e-01 7.65312314e-01
    3.54265749e-01 6.58671021e-01 5.62985897e-01 1.48894310e-01
    2.96237886e-01 1.75297678e-01 3.33314419e-01 3.38830948e-01
    7.11567104e-02 5.14582336e-01 2.82399952e-01 8.25498343e-01
    9.62508798e-01 3.64510894e-01 5.50636053e-01 2.85434067e-01
    7.28339136e-01 1.59709841e-01 6.42662644e-01 7.42724836e-01
    3.70401323e-01 7.16592073e-01 4.85613972e-01 1.52817726e-01
    1.76157624e-01 4.82600480e-01 4.88079280e-01 7.51523972e-01
    2.09128350e-01 6.97427452e-01 6.96481645e-01 5.97014070e-01
    2.41062492e-01 1.12160474e-01 9.34743583e-01 5.52335382e-01
    4.79942918e-01 1.36508316e-01 3.74241173e-01 5.48511088e-01
    2.32381076e-01 3.10288370e-01 5.88203847e-01 7.23519921e-02
    2.25059330e-01 6.07609391e-01 2.57352293e-01 9.14211869e-02
    1.81316972e-01 9.56852555e-01 6.52235448e-01 1.42936975e-01
    4.01572198e-01 2.96297371e-01 4.69514430e-01 7.04686046e-01
    2.13850200e-01 4.58510667e-01 1.76488757e-02 9.51794803e-01
    4.29029554e-01 9.87671435e-01 1.88045770e-01 4.27760482e-02
    7.87213802e-01 5.63391626e-01 8.69959593e-01 4.83055413e-01
    6.12098932e-01 6.41750991e-01 2.18877822e-01 2.67382383e-01
    1.78950608e-01 2.35268623e-01 6.88644707e-01 9.75980759e-01
    4.03467268e-01 3.37850451e-02 9.08534408e-01 5.74738503e-01
    3.31031829e-01 2.51036286e-02 5.37696481e-01 6.65409982e-01
    7.22752213e-01 2.87360936e-01 1.30116940e-02 9.43774104e-01
    2.21334308e-01 2.87430137e-01 8.44729900e-01 2.36547738e-01
    6.03725433e-01 4.90063429e-02 6.23550892e-01 3.56358230e-01
    1.23509198e-01 6.08814120e-01 6.59605086e-01 4.84163791e-01
    2.92020977e-01 8.83702517e-01 1.23540044e-01 3.47275138e-01
    7.30180562e-01 9.11870956e-01 6.51226163e-01 9.53522801e-01
    6.90101683e-01 6.90471828e-02 5.59687555e-01 6.49133801e-01
    1.07892215e-01 5.85767508e-01 4.44380850e-01 2.70830691e-01
    1.77244991e-01 6.24154627e-01 3.50952387e-01 7.73385167e-01
    4.53757465e-01 5.42471766e-01 4.44150180e-01 8.15930247e-01
    8.43635678e-01 4.00106966e-01 9.25203979e-01 6.66744947e-01
    7.69521117e-01 5.39380193e-01 1.57663435e-01 6.19819343e-01
    5.79448640e-01 6.27145886e-01 6.19181156e-01 1.10037923e-01
    3.90726745e-01 2.96765834e-01 2.37683833e-01 5.48148513e-01
    1.61212265e-01 8.73254418e-01 3.49117398e-01 9.76575971e-01
    5.60555100e-01 6.32777750e-01 3.83072764e-01 2.59905279e-01
    6.24041259e-01 5.19418001e-01 1.21895909e-01 3.61463428e-01
    7.03576684e-01 8.71144772e-01 5.70179939e-01 1.00897431e-01
    9.29934025e-01 9.61579442e-01 1.43597960e-01 2.73890525e-01
    8.28562975e-02 3.56807858e-01 2.24218190e-01 4.10291314e-01
    2.54903674e-01 7.07352757e-01 9.68582928e-02 4.10573989e-01
    3.67669821e-01 1.27834529e-01 1.75018609e-01 7.30141759e-01
    4.01248217e-01 6.45532846e-01 2.38673419e-01 5.35825014e-01
    3.33529323e-01 9.57031250e-02 9.97653604e-02 1.31994694e-01
    5.36054969e-02 1.30378336e-01 3.54154706e-02 5.99009156e-01
    1.35289550e-01 8.30754161e-01 6.93262815e-02 8.63404572e-01
    4.94380444e-01 7.75985241e-01 7.67422259e-01 9.11332130e-01
    4.89859939e-01 8.77772808e-01 9.10702229e-01 2.38025725e-01
    5.86607993e-01 5.34061790e-01 4.10487741e-01 2.05087394e-01
    2.24957407e-01 9.06538248e-01 1.71651691e-01 7.18041301e-01
    1.91962034e-01 1.75077707e-01 1.40569448e-01 5.21178663e-01
    6.59499645e-01 9.58698809e-01 9.84595716e-01 4.26149845e-01
    6.88721359e-01 1.58444643e-01 1.51208878e-01 2.04566717e-02
    7.02071190e-01 2.28730053e-01 4.51953471e-01 3.33549976e-02
    7.27315962e-01 5.89648664e-01 3.90847862e-01 7.41726398e-01
    4.97427493e-01 7.72959411e-01 9.19233799e-01 3.57116461e-01
    3.42423111e-01 1.34665430e-01 6.66739523e-01 1.32893622e-02
    7.16829836e-01 6.53161764e-01 2.15514123e-01 3.02404165e-03
    8.26816618e-01 3.05076182e-01 8.61176014e-01 8.43221545e-01
    1.42571986e-01 5.57457685e-01 5.99322200e-01 4.86096442e-01
    1.84645861e-01 3.14523697e-01 1.53752983e-01 2.10055292e-01
    9.26083207e-01 2.66030133e-01 3.90306890e-01 9.55258965e-01
    8.62245381e-01 2.29510963e-02 8.06972682e-02 6.98158264e-01
    5.76225460e-01 1.24778211e-01 7.89333820e-01 7.88122058e-01
    2.05642313e-01 3.67428303e-01 8.18153918e-01 1.56280696e-02
    6.86142325e-01 6.53877676e-01 7.12759078e-01 1.47074491e-01
    8.41865063e-01 7.28152752e-01 2.89150864e-01 8.05751383e-02
    9.82457697e-02 4.62334394e-01 2.55327642e-01 2.14874327e-01
    3.88458371e-02 3.28487217e-01 9.98489618e-01 4.49801087e-01
    4.55637544e-01 2.17483521e-01 2.90561914e-01 2.01639086e-01
    4.78453577e-01 6.16593957e-01 8.47310543e-01 7.16702640e-02
    4.03670669e-01 7.74360180e-01 8.26915801e-01 9.14968252e-01
    4.39572036e-01 7.38557816e-01 4.96606588e-01 4.50129151e-01
    5.72283566e-02 8.73800516e-02 7.99181342e-01 2.60583073e-01
    1.51278526e-01 6.89503014e-01 5.60800016e-01 1.56880498e-01
    9.23397422e-01 5.58649421e-01 7.89834440e-01 9.36484933e-01
    2.64458239e-01 8.01817060e-01 1.27554953e-01 1.45027101e-01
    1.07031703e-01 3.03537548e-02 6.21518254e-01 5.48671961e-01
    3.97919238e-01 2.72613704e-01 9.87815976e-01 8.14859450e-01
    1.45617187e-01 4.57031846e-01 8.09702575e-01 8.60587239e-01
    6.40788972e-01 2.34147191e-01 1.78517252e-01 4.44039583e-01
    7.30490327e-01 2.01054901e-01 2.80200303e-01 9.95971143e-01
    1.05407476e-01 7.31070936e-02 6.30577743e-01 3.26560229e-01
    2.64822990e-01 2.47924060e-01 1.82844102e-01 4.19413209e-01
    5.29393733e-01 9.65233028e-01 7.10269868e-01 2.42949337e-01
    5.25926650e-01 4.72502530e-01 1.32070333e-01 8.20025802e-02
    3.20445776e-01 3.33384275e-02 2.82421052e-01 9.47081089e-01
    3.46251547e-01 7.99035788e-01 4.62604553e-01 1.44507140e-01
    2.37365365e-01 8.24372172e-02 1.70612812e-01 8.04281712e-01
    7.72444010e-01 1.73981875e-01 3.39314640e-02 4.42405343e-01
    8.45497787e-01 3.41506690e-01 9.24164772e-01 6.19337678e-01
    7.61453032e-01 1.65038496e-01 6.50264978e-01 9.53271031e-01
    8.38746548e-01 9.53256488e-02 1.13088369e-01 5.66763222e-01
    2.70383060e-01 7.52342582e-01 7.54708171e-01 9.86272991e-01
    7.10953295e-01 1.80095166e-01 5.41364193e-01 4.26843762e-03
    8.47255230e-01 9.11790848e-01 4.66870010e-01 9.08197880e-01
    7.72803664e-01 7.81365871e-01 2.85157979e-01 5.62689483e-01
    1.15420491e-01 8.77643824e-02 6.23744845e-01 8.89858603e-01
    2.74498820e-01 7.37664580e-01 2.75603056e-01 7.83587277e-01
    6.57109320e-02 6.39267862e-01 8.87433350e-01 9.77611661e-01
    7.61242211e-02 6.59708500e-01 1.77990794e-02 9.30385590e-01
    8.26401770e-01 1.16052508e-01 6.70667648e-01 2.67383039e-01
    1.57681197e-01 8.39511037e-01 8.89137983e-01 6.70484066e-01
    3.66150081e-01 9.24174190e-01 6.75974607e-01 6.84333086e-01
    9.50665116e-01 3.74689758e-01 2.68565893e-01 2.25822896e-01
    9.22997117e-01 1.09570235e-01 2.75598824e-01 8.03201199e-01
    5.98258972e-01 3.09737444e-01 2.69734114e-01 7.94879556e-01
    1.97609454e-01 2.65693218e-01 4.29265052e-01 2.75789678e-01
    5.53311467e-01 7.40333259e-01 4.11040753e-01 5.61521649e-01
    9.71951246e-01 4.62599516e-01 6.93730175e-01 9.46328104e-01
    3.84167075e-01 8.61013055e-01 5.68253040e-01 9.14074004e-01
    8.58631015e-01 4.32516009e-01 2.29962468e-02 8.60681832e-01
    8.53931248e-01 7.02833235e-02 3.14092308e-01 6.38123155e-02
    1.29483581e-01 2.74777591e-01 5.02984524e-01 5.67439735e-01
    6.02780163e-01 1.43135101e-01 9.06661749e-01 7.29442477e-01
    5.75336933e-01 5.63462019e-01 9.98454809e-01 3.13947558e-01
    5.62363923e-01 6.94062412e-01 4.95980680e-01 7.91756213e-01
    8.53540778e-01 7.93233335e-01 3.16261649e-01 6.22161508e-01
    6.44938111e-01 5.45713067e-01 5.11403739e-01 2.22687542e-01
    7.29560316e-01 6.68687999e-01 3.73889625e-01 3.86988699e-01
    9.80898619e-01 7.37078547e-01 2.68992722e-01 7.40304947e-01
    7.68574595e-01 8.50486815e-01 9.30938780e-01 5.92327476e-01
    9.68172550e-01 5.38681448e-01 2.53321648e-01 2.64236480e-01
    8.36220324e-01 7.58577824e-01 3.82055342e-01 8.29028130e-01
    4.28779721e-02 2.97802210e-01 8.30225825e-01 7.87604809e-01
    6.14237547e-01 9.14407969e-02 5.93748808e-01 6.66590333e-01
    6.73014820e-02 7.12254167e-01 3.59523237e-01 4.26905930e-01
    8.00159693e-01 7.58948922e-02 7.66289532e-01 4.13219094e-01
    1.66780323e-01 9.20420945e-01 1.93602741e-01 4.04826999e-02
    6.57233596e-02 2.73092508e-01 1.91180646e-01 2.81106770e-01
    1.96345150e-02 6.40348613e-01 3.57436657e-01 9.32648599e-01
    7.27903008e-01 9.27381217e-02 4.94953483e-01 9.26092744e-01
    6.13337338e-01 8.59242678e-01 9.15642262e-01 8.72402072e-01
    9.95906472e-01 3.31115365e-01 9.66017127e-01 7.01428056e-01
    3.05706829e-01 9.45884705e-01 4.09665048e-01 3.62259150e-02
    1.00321323e-01 7.00488865e-01 2.87885576e-01 7.65561759e-02
    4.43956792e-01 2.83692002e-01 5.11150837e-01 2.27980107e-01
    1.14445686e-01 7.30395257e-01 8.90955389e-01 3.15975249e-01
    2.16656357e-01 4.43841457e-01 2.72321582e-01 9.43699718e-01
    3.38277221e-02 2.93603718e-01 5.01357198e-01 5.08531511e-01
    1.48566663e-02 7.91575670e-01 4.19823349e-01 2.81803995e-01
    7.50523329e-01 2.41867870e-01 8.38090420e-01 9.49023724e-01
    9.40212309e-02 1.76033258e-01 3.74531329e-01 1.39793932e-01
    1.86275303e-01 2.75150478e-01 3.23057771e-02 2.38192797e-01
    8.32765460e-01 9.55411792e-01 8.72550488e-01 2.84184515e-02
    4.83864516e-01 6.97675645e-01 7.94898272e-02 8.89860153e-01
    3.57118249e-02 3.50428820e-02 9.71496105e-01 2.98984647e-02
    8.89011383e-01 5.15527546e-01 7.42448151e-01 9.55043852e-01
    2.91900665e-01 4.59518284e-01 6.43309236e-01 8.70430470e-01
    4.53414023e-01 9.66378093e-01 9.21354115e-01 2.61025012e-01
    4.40268934e-01 1.62915617e-01 6.08713925e-01 6.24616206e-01
    8.89102459e-01 1.62749976e-01 1.23236179e-02 4.65804040e-02
    2.83669651e-01 6.67622089e-01 6.28215551e-01 4.30712014e-01
    6.67189121e-01 6.54859006e-01 1.71694428e-01 9.82604921e-02
    5.26756406e-01 7.86019504e-01 1.36069983e-01 2.83935666e-02
    9.40371394e-01 4.80752975e-01 8.30348492e-01 3.91299963e-01
    7.55309820e-01 9.88303661e-01 1.83432162e-01 6.12288415e-01
    6.69085383e-01 7.98212647e-01 1.93043053e-02 1.06786758e-01
    5.87141454e-01 5.93043268e-01 3.13088000e-02 4.67852682e-01
    8.61211061e-01 7.38192320e-01 7.45242119e-01 5.03676355e-01
    3.64008248e-02 7.58643985e-01 1.08180046e-01 1.94646209e-01
    7.36531496e-01 8.96654606e-01 6.59494996e-01 9.53726172e-01
    1.27928257e-02 4.14806962e-01 3.60522926e-01 4.21197176e-01
    6.07481301e-02 6.58736706e-01 5.97278416e-01 7.57780313e-01
    5.87574780e-01 7.39057302e-01 5.13185263e-01 7.70179033e-01
    7.53575981e-01 7.76851952e-01 8.64537239e-01 9.32459772e-01
    5.35904884e-01 3.10432374e-01 1.88318402e-01 8.70595336e-01
    2.23987877e-01 5.86221874e-01 9.62108612e-01 7.42352545e-01
    9.58526015e-01 5.31355679e-01 6.23471260e-01 4.51831967e-01
    7.32648730e-01 3.90801132e-01 4.24324036e-01 6.59281731e-01
    9.58806396e-01 4.57774282e-01 6.44593477e-01 9.22096789e-01
    5.61773062e-01 8.97564650e-01 7.98849702e-01 7.92821288e-01
    5.35138071e-01 9.18161750e-01 6.98900819e-01 1.80434883e-02
    1.21140808e-01 7.88262367e-01 2.20911503e-02 4.15760189e-01
    4.34891164e-01 2.21468896e-01 2.17746288e-01 5.99695086e-01
    2.93136299e-01 7.84850121e-01 5.11754751e-01 5.96889436e-01
    7.96865523e-02 1.03133917e-02 2.09325075e-01 4.08829659e-01
    6.82125211e-01 2.62455344e-02 4.05254573e-01 2.49567717e-01
    9.70074177e-01 3.15959811e-01 5.59372842e-01 2.28848636e-01
    3.18000734e-01 1.12522811e-01 8.08135271e-02 8.30020189e-01
    7.09457815e-01 7.48828650e-02 4.10581470e-01 1.18623018e-01
    6.60239220e-01 2.47101426e-01 5.41886687e-03 4.63556468e-01
    1.14096612e-01 1.04619175e-01 9.51669216e-02 2.41814882e-01
    9.30351198e-01 5.06675541e-01 6.55497909e-01 3.98505300e-01
    3.77329230e-01 6.96388721e-01 8.78126383e-01 1.49905294e-01
    2.32337445e-01 2.82574117e-01 7.48680294e-01 5.34628928e-02
    8.47647130e-01 2.64975995e-01 1.74150169e-01 6.54452980e-01
    9.94049311e-02 9.81298864e-01 5.54185331e-01 6.83353424e-01
    2.84849405e-01 4.34370697e-01 6.71878159e-02 5.48662126e-01
    8.54142070e-01 6.68276787e-01 7.22946882e-01 9.05391335e-01
    8.13839078e-01 8.05472314e-01 6.12225592e-01 7.79843092e-01
    6.84499741e-01 6.59705102e-01 9.72527862e-02 6.84931517e-01
    1.91915005e-01 7.22754538e-01 4.86134052e-01 3.61377180e-01
    5.92037559e-01 6.42012179e-01 5.34825087e-01 6.87754989e-01
    3.27033669e-01 8.04252625e-01 6.37994766e-01 7.03710318e-02
    5.15300453e-01 5.46065927e-01 4.50021803e-01 7.44686782e-01
    8.02234530e-01 3.02280724e-01 1.01188391e-01 6.24999404e-01
    6.13335073e-01 6.43471122e-01 8.18840861e-01 1.14914626e-01
    4.26282793e-01 7.12248683e-03 5.02761304e-01 7.88368523e-01
    4.38501120e-01 8.96029174e-01 4.29937482e-01 4.84725416e-01
    5.82011700e-01 6.34600818e-02 2.59926140e-01 7.02632546e-01
    1.32641733e-01 1.82819158e-01 2.28698283e-01 3.98270160e-01
    3.12608898e-01 5.05612016e-01 5.30250788e-01 1.22374594e-01
    3.88654470e-02 2.31477618e-03 5.21149218e-01 9.32026267e-01
    5.24746299e-01 2.75812745e-01 7.38896966e-01 7.29546130e-01
    6.31623924e-01 4.07339931e-01 1.83237523e-01 5.55466533e-01
    4.80367333e-01 3.02222401e-01 6.90641284e-01 6.41835213e-01
    6.53356612e-02 8.24539423e-01 9.19928670e-01 7.71179140e-01
    4.70802635e-01 4.07054931e-01 5.27431905e-01 8.62104893e-01
    5.78547657e-01 8.21827888e-01 7.63483405e-01 8.42204452e-01
    4.34173942e-01 8.08093786e-01 9.43423748e-01 3.24746490e-01
    3.14471722e-01 5.30830085e-01 2.26656288e-01 3.40702325e-01
    4.10520464e-01 7.70345271e-01 8.00979495e-01 8.20899367e-01
    5.51428974e-01 7.41337001e-01 1.82833970e-02 2.56137609e-01
    9.42397535e-01 4.75313872e-01 5.60295045e-01 9.07461345e-01
    5.15667558e-01 6.91907644e-01 2.21665412e-01 6.38856232e-01
    3.23702425e-01 3.92495692e-01 2.57924318e-01 2.99095988e-01
    6.73286676e-01 6.31055832e-01 1.25020236e-01 7.26993501e-01
    7.77768195e-02 8.75365138e-01 4.88892376e-01 4.39860821e-01
    6.09584749e-02 8.38154316e-01 7.80821681e-01 7.78425455e-01
    3.21607769e-01 5.25892496e-01 1.27378732e-01 9.53171372e-01
    1.24879658e-01 4.56050336e-01 2.94914961e-01 3.30099463e-02
    6.76412046e-01 4.20300663e-01 8.70901346e-01 8.67492199e-01
    1.69671625e-01 9.09423113e-01 8.62620354e-01 6.95635140e-01
    8.79802227e-01 4.86585796e-02 4.53407347e-01 5.27248323e-01
    4.63451087e-01 5.82666159e-01 8.92765522e-01 3.21872354e-01
    3.92489135e-01 5.93640804e-01 9.65212703e-01 3.05656016e-01
    4.20607656e-01 7.19605684e-02 2.52037346e-01 3.93562496e-01
    4.89003122e-01 6.29667163e-01 2.16200680e-01 8.37682545e-01
    6.22580290e-01 2.43013293e-01 5.43644667e-01 4.29283142e-01
    2.39189327e-01 4.08339560e-01 6.56783938e-01 5.65328121e-01
    9.39630747e-01 6.22172475e-01 7.47510195e-01 1.61154866e-01
    9.27160025e-01 3.30133766e-01 3.39434087e-01 6.73573375e-01
    1.06304973e-01 1.94049448e-01 6.82841361e-01 6.12612486e-01
    8.33142698e-01 4.43277925e-01 9.48884130e-01 6.71591341e-01
    2.11826146e-01 8.94251525e-01 5.18484831e-01 7.31830537e-01
    2.76565790e-01 3.94167840e-01 9.14276481e-01 7.97718763e-02
    5.53954303e-01 3.33204985e-01 1.64536297e-01 7.06900179e-01
    6.10273004e-01 1.82525575e-01 9.62858558e-01 8.07413936e-01
    4.87837285e-01 3.03810418e-01 5.76184690e-02 7.62258172e-01
    4.51245070e-01 7.93314993e-01 1.14001572e-01 1.32412821e-01
    7.13420331e-01 4.48428810e-01 5.70064962e-01 7.26556420e-01
    6.06808782e-01 3.67331207e-01 7.42471218e-03 5.92797339e-01
    8.22109938e-01 3.59831393e-01 5.28643250e-01 9.79547977e-01
    5.43593407e-01 4.16557819e-01 5.71954846e-01 6.61065817e-01
    5.92171431e-01 5.36568403e-01 4.71014023e-01 8.54983807e-01
    1.79463863e-01 6.26608014e-01 6.91344738e-01 6.76068544e-01
    1.08607948e-01 7.60136247e-01 6.71043158e-01 7.64618814e-02
    5.88979483e-01 1.72629148e-01 9.74119723e-01 8.99597645e-01
    7.52493262e-01 6.39326632e-01 6.01734042e-01 5.91603577e-01
    6.41376078e-01 4.89885151e-01 5.63536346e-01 7.36877799e-01
    9.88637626e-01 1.33458048e-01 9.56600726e-01 9.61371899e-01
    7.96317577e-01 8.25975060e-01 9.89083171e-01 1.85439140e-01
    9.05563712e-01 1.24576271e-01 8.89962733e-01 7.20383704e-01
    2.45544195e-01 8.03285241e-01 6.63169682e-01 6.19167686e-01
    7.64292836e-01 4.49557871e-01 4.21558708e-01 9.04828608e-01
    6.67773604e-01 1.55859888e-01 8.31718326e-01 7.73836732e-01
    5.91487885e-01 9.33814764e-01 3.75644505e-01 7.49295950e-01
    1.09652251e-01 9.32722390e-01 9.92287517e-01 2.32446015e-01
    9.29527938e-01 8.80625606e-01 5.98749816e-02 5.14476180e-01
    4.05475020e-01 7.61857986e-01 9.17254090e-01 3.04824531e-01
    1.93975061e-01 2.58695543e-01 4.72900182e-01 9.20877457e-01
    8.37658346e-01 6.59173489e-01 8.29468608e-01 5.68549573e-01
    5.63438416e-01 9.67917800e-01 9.48220849e-01 8.63898635e-01
    5.36251605e-01 3.81674558e-01 7.89776027e-01 8.09842467e-01
    8.26918125e-01 5.42732775e-01 6.73813105e-01 9.92263436e-01
    3.74933511e-01 5.85250020e-01 6.34293437e-01 9.66351748e-01
    4.13766474e-01 6.64950013e-01 8.92945528e-01 5.36730587e-01
    6.74818277e-01 9.85593915e-01 5.21360517e-01 8.57113600e-01
    1.34797007e-01 2.39666909e-01 5.73705792e-01 6.47157311e-01
    5.73094249e-01 1.90060198e-01 3.02129984e-03 1.72930956e-02
    4.19162214e-02 7.35626996e-01 4.64319378e-01 4.35632765e-01
    9.97825861e-01 8.30454648e-01 6.30889893e-01 8.84637356e-01
    9.46998477e-01 9.57052708e-01 9.75340962e-01 1.10963553e-01
    7.05443561e-01 5.55873215e-01 7.31893539e-01 2.72197872e-01
    5.92134416e-01 8.22755098e-01 6.04057312e-03 6.05479538e-01
    6.18304610e-01 7.51165330e-01 1.59878850e-01 5.05748987e-01
    1.92654371e-01 8.44337583e-01 4.66649026e-01 2.43054986e-01
    1.39203072e-01 1.55738890e-01 3.49298000e-01 5.23168445e-01
    9.00755048e-01 8.25241923e-01 6.41458273e-01 5.24418831e-01
    3.78479004e-01 3.28262597e-01 9.86928225e-01 1.00354850e-01
    7.77727902e-01 6.40003860e-01 7.34136820e-01 5.64694405e-03
    6.38508439e-01 3.99145782e-01 8.78219128e-01 8.63781571e-01
    8.04147899e-01 7.24890053e-01 4.81866241e-01 6.25873744e-01
    1.02208555e-02 8.47737551e-01 7.18645930e-01 3.13427687e-01
    6.19948030e-01 6.13113642e-01 8.44685555e-01 1.79520667e-01
    4.03125435e-01 4.58274722e-01 3.29478920e-01 7.53816128e-01
    3.44250292e-01 4.25630569e-01 7.52941072e-01 3.18031341e-01
    3.41267467e-01 6.50807619e-01 1.10467017e-01 9.57826257e-01
    3.65406394e-01 2.58275479e-01 6.71001375e-02 6.34183407e-01
    2.29704440e-01 9.87842560e-01 9.57459569e-01 2.23005831e-01
    2.50828594e-01 3.57589185e-01 2.09654659e-01 6.66605473e-01
    1.65212363e-01 6.40279233e-01 2.26527601e-01 7.78202415e-01
    1.83746785e-01 4.53264743e-01 6.89994574e-01 8.47790241e-01
    1.71779394e-01 1.54044479e-01 3.46446395e-01 3.90751094e-01
    6.42361045e-01 8.16434741e-01 9.67206955e-02 8.01160574e-01
    6.31820142e-01 1.37424588e-01 1.12260580e-02 3.20011377e-01
    7.85108805e-01 9.63008046e-01 5.05580306e-02 5.50699234e-02
    7.88928747e-01 7.57583678e-01 8.93019617e-01 2.46782362e-01
    9.82127249e-01 9.99764383e-01 6.46324754e-02 2.94971406e-01
    8.91750336e-01 5.61893165e-01 2.44382352e-01 9.36578393e-01
    9.52316225e-02 1.56213671e-01 6.04016125e-01 3.25874150e-01
    7.56140113e-01 7.89492607e-01 7.83074737e-01 3.14746916e-01
    9.85043049e-01 9.27559137e-01 8.22719753e-01 4.93243933e-02
    9.65832293e-01 8.46097112e-01 6.99382186e-01 9.42317843e-01
    2.77915955e-01 7.40986466e-01 2.55804181e-01 9.05095816e-01
    3.37069511e-01 7.34770119e-01 6.34447277e-01 9.94725764e-01
    2.17144489e-02 8.44101369e-01 8.01478028e-01 2.84985870e-01
    7.73598969e-01 8.18008184e-01 6.54634237e-01 4.48872745e-01
    7.93974757e-01 2.15132892e-01 1.86999738e-01 4.66421604e-01
    3.52063835e-01 8.32031846e-01 9.71209168e-01 8.62060249e-01
    1.59757942e-01 8.31804335e-01 3.43460262e-01 6.19897425e-01
    2.41920203e-01 1.38195515e-01 2.16331333e-01 8.98532510e-01
    8.59326363e-01 4.37900543e-01 9.98704731e-02 2.06035614e-01
    9.16400075e-01 2.30621457e-01 4.49934304e-01 8.95474553e-01
    6.28896117e-01 8.35450888e-01 1.14132732e-01 8.45636129e-01
    2.11364627e-02 8.55198681e-01 6.00039542e-01 7.01256633e-01
    8.06643128e-01 5.97739935e-01 7.13452220e-01 6.09248102e-01
    7.11666524e-01 5.96950710e-01 5.23763597e-02 5.33543229e-01
    3.96117806e-01 3.77575397e-01 2.70965338e-01 6.02827311e-01
    5.90703666e-01 8.73383880e-02 8.92162323e-02 3.01562548e-02
    7.41895616e-01 9.75690722e-01 9.41783190e-01 7.72908688e-01
    9.99029160e-01 2.31200725e-01 8.19027066e-01 3.51503074e-01
    4.63507593e-01 5.05144417e-01 3.34080219e-01 3.10585558e-01
    9.37705934e-02 6.48587704e-01 5.27350605e-01 2.09064275e-01
    6.67429686e-01 9.24312949e-01 9.66529250e-01 3.33802104e-01
    5.54357409e-01 1.05652779e-01 5.13026595e-01 5.18731833e-01
    9.80884552e-01 4.36738402e-01 6.30100310e-01 5.14146924e-01
    4.94098485e-01 5.04955053e-02 1.34968758e-02 8.84727597e-01
    3.46690953e-01 3.86544645e-01 8.74902189e-01 4.86452371e-01
    2.99484551e-01 9.40152466e-01 6.81598902e-01 6.84959888e-02
    8.56136084e-01 8.52402449e-01 3.05995882e-01 3.68713737e-01
    3.75983119e-03 2.01103181e-01 5.89741707e-01 6.34852648e-01
    2.69038200e-01 9.54768896e-01 7.21298516e-01 4.59895819e-01
    9.95215237e-01 9.42836523e-01 3.48344088e-01 6.44163609e-01
    1.44187421e-01 9.27277088e-01 5.16314030e-01 1.79319382e-02
    1.56377137e-01 3.41411173e-01 8.32347870e-01 9.43438649e-01
    9.15729046e-01 1.08828127e-01 4.33304638e-01 2.37411290e-01
    3.85713577e-01 1.68622792e-01 7.95225501e-01 7.47880936e-01
    7.66971111e-01 3.38130862e-01 9.42719579e-01 7.58132637e-01
    5.92646897e-02 2.28341788e-01 8.40350628e-01 4.20387745e-01
    4.46284652e-01 6.15081847e-01 5.71330667e-01 1.45016223e-01
    9.54450369e-01 7.03588843e-01 8.66071343e-01 1.39322221e-01
    6.31367505e-01 8.22125435e-01 9.54885840e-01 5.76059163e-01
    9.52891231e-01 4.84188944e-01 7.62893379e-01 7.13489056e-01
    8.49834919e-01 2.47969031e-01 9.32816386e-01 4.51372504e-01
    1.28149867e-01 8.16583753e-01 3.35948050e-01 4.17077631e-01
    2.18032181e-01 3.97700071e-03 5.67072451e-01 4.04693961e-01
    8.34659219e-01 5.69617331e-01 4.08769310e-01 9.99035656e-01
    7.14280248e-01 9.10949469e-01 2.73361146e-01 2.56234109e-02
    6.30031228e-01 6.25850558e-01 6.22251987e-01 1.99159741e-01
    2.69841254e-01 1.83539718e-01 9.61674690e-01 5.47452211e-01
    7.05457449e-01 3.10378671e-01 1.77317560e-02 6.49280012e-01
    3.83292973e-01 8.39140058e-01 4.73524898e-01 6.93296134e-01
    3.21518123e-01 7.41308451e-01 6.48133636e-01 1.77711844e-02
    7.37209141e-01 8.65123868e-01 8.24765742e-01 2.15614945e-01
    4.78424132e-01 7.08973050e-01 9.04182196e-01 3.36847663e-01
    8.83023441e-02 1.73797399e-01 8.50104868e-01 1.25509053e-01
    7.29433417e-01 8.48106325e-01 2.28876740e-01 4.33244884e-01
    6.71127439e-03 5.53392649e-01 1.75616026e-01 7.07027555e-01
    4.80952621e-01 9.25286710e-01 9.05360103e-01 7.17955530e-01
    5.71626067e-01 2.86141992e-01 2.80999362e-01 2.58010566e-01
    3.83178055e-01 4.43409443e-01 3.97993803e-01 2.89080650e-01
    1.41661942e-01 4.23840582e-02 8.21748674e-01 9.98198748e-01
    7.33014584e-01 6.85614944e-01 5.56065738e-02 2.01927513e-01
    8.06056559e-01 4.04112756e-01 5.19635022e-01 3.79079342e-01
    1.91461146e-02 4.95532364e-01 8.37090850e-01 8.28105509e-01
    2.02542275e-01 8.35304260e-01 4.41727161e-01 2.85120726e-01
    9.34474051e-01 4.15130079e-01 7.63744831e-01 9.22386289e-01
    8.10779929e-01 3.77268761e-01 5.05260527e-01 7.69962907e-01
    2.18001604e-02 1.45291984e-02 1.28645897e-01 8.11419368e-01
    7.30609655e-01 4.42144901e-01 5.82231820e-01 4.83867705e-01
    6.02047026e-01 4.62447941e-01 6.13029718e-01 7.00769067e-01
    1.11795664e-01 6.12173438e-01 9.68970656e-01 6.29036784e-01
    8.65440011e-01 2.85815716e-01 4.50211763e-01 7.31143832e-01
    6.43725574e-01 4.45210785e-01 6.15856826e-01 1.10420495e-01
    6.09027803e-01 6.13544405e-01 7.31431842e-01 2.90541947e-01
    3.88966441e-01 8.31871152e-01 9.49198008e-01 8.42649043e-01
    1.63925111e-01 6.52602255e-01 8.04543972e-01 7.05027699e-01
    3.27211142e-01 5.18363059e-01 2.65785903e-01 6.14613771e-01
    8.62982452e-01 3.93936396e-01 1.90061331e-03 3.22462440e-01
    7.56533742e-01 2.43261606e-01 4.50845659e-02 7.33846664e-01
    9.96251941e-01 7.70049453e-01 2.00027078e-01 2.25516438e-01
    7.63981938e-01 8.35540414e-01 5.69074750e-01 5.22182405e-01
    1.06052309e-01 5.70254803e-01 8.37339759e-01 5.43247759e-02
    5.44362664e-01 5.31001925e-01 9.57585216e-01 9.16971982e-01
    6.99447393e-01 9.82395589e-01 6.60986006e-02 8.30128670e-01
    5.15920162e-01 2.59933472e-02 3.83872867e-01 4.59328353e-01
    8.30787778e-01 3.97482365e-01 6.96639657e-01 3.10569823e-01
    8.95274997e-01 6.97361112e-01 5.95825791e-01 1.11108929e-01
    9.71385002e-01 6.85796142e-01 8.86727929e-01 1.92661643e-01
    7.24413216e-01 8.97754192e-01 6.77474678e-01 4.71349955e-01
    7.36810327e-01 7.96124935e-01 8.07212114e-01 9.63348866e-01
    4.82844353e-01 6.90544724e-01 7.60846913e-01 8.74888897e-03
    7.05091178e-01 2.54136086e-01 5.78065515e-01 9.95644331e-01
    1.43623531e-01 1.35110170e-01 8.29004705e-01 4.95327115e-01
    3.27834398e-01 2.66519189e-03 6.23713076e-01 7.72656083e-01
    9.63726640e-03 1.45428717e-01 4.16180342e-01 9.20564592e-01
    9.20488536e-01 4.95276749e-01 1.29117996e-01 7.05288172e-01
    2.80646324e-01 3.74797851e-01 4.97025788e-01 5.61673999e-01
    1.15322679e-01 9.48059082e-01 7.62027860e-01 2.67124176e-02
    6.98556781e-01 5.86052239e-01 9.49216425e-01 2.60316730e-02
    3.47819507e-01 5.56871295e-01 5.87484241e-01 6.35526180e-02
    9.13537383e-01 7.57744789e-01 3.22364569e-01 7.71388292e-01
    8.26005638e-01 1.65949732e-01 5.20876706e-01 8.94061446e-01
    8.54760706e-02 8.77374828e-01 9.29097891e-01 4.58816767e-01
    7.40782499e-01 9.72947359e-01 7.60036826e-01 1.76356256e-01
    9.12153125e-01 3.06365848e-01 4.90373254e-01 2.69415349e-01
    4.45575416e-01 9.76262271e-01 5.40773630e-01 2.93673217e-01
    1.86202288e-01 7.66679049e-02 3.88677806e-01 9.91769314e-01
    2.39616632e-02 1.64132059e-01 1.79756045e-01 5.65475225e-01
    4.99619246e-02 4.62489426e-01 5.93752146e-01 2.82617867e-01
    5.25072217e-02 1.79211020e-01 5.08166194e-01 5.56923091e-01
    2.17189997e-01 8.77095461e-01 1.39338225e-01 4.59105432e-01
    3.62773836e-02 8.34689498e-01 2.66889751e-01 3.18397135e-01
    5.75511158e-02 3.77803355e-01 4.83217567e-01 6.23025835e-01
    5.98329782e-01 4.38460737e-01 8.18475485e-02 1.41463280e-01
    6.04357123e-01 9.49094534e-01 1.47203982e-01 7.18951821e-01
    3.11843932e-01 5.41642845e-01 5.60773969e-01 9.31926727e-01
    5.13112605e-01 7.01459289e-01 6.44260049e-02 4.51507479e-01
    1.98146492e-01 3.38657081e-01 9.77220178e-01 3.06167126e-01
    1.91262335e-01 6.57789409e-01 1.41765416e-01 9.99886215e-01
    3.21983725e-01 2.05475122e-01 6.27741694e-01 5.52694082e-01
    9.69435453e-01 9.99872863e-01 4.18814838e-01 4.94294047e-01
    8.95034552e-01 7.34928071e-01 1.47647023e-01 7.77287602e-01
    9.03195322e-01 8.68902087e-01 5.34049749e-01 8.22115302e-01
    8.59854937e-01 1.21298343e-01 6.90728426e-01 6.76162243e-01
    4.35282886e-02 7.61023164e-03 7.03884363e-02 5.98999977e-01
    2.50018209e-01 2.24511683e-01 2.39708155e-01 3.36450964e-01
    6.91462755e-01 7.41376102e-01 7.04733312e-01 6.18909061e-01
    5.37497997e-01 6.28518939e-01 4.31079268e-02 1.21062189e-01
    9.47736621e-01 7.38866270e-01 5.90683937e-01 8.06436419e-01
    3.71866107e-01 1.53606772e-01 7.70883679e-01 1.67505264e-01
    7.32372642e-01 8.11865926e-01 6.74620390e-01 5.58349192e-02
    5.83526731e-01 3.91050875e-01 9.88791943e-01 5.41861892e-01
    4.40021366e-01 1.88382089e-01 3.19904000e-01 1.07197434e-01
    6.02974236e-01 2.63997018e-01 6.04697466e-01 7.11913347e-01
    1.95912212e-01 8.74020457e-02 3.59127939e-01 7.64070392e-01
    4.41158354e-01 6.83241963e-01 5.17351985e-01 6.07121766e-01
    2.17008233e-01 5.81216693e-01 5.47632396e-01 5.45508981e-01
    9.21804190e-01 2.15840399e-01 8.36816251e-01 8.41472149e-01
    4.87230361e-01 6.45027339e-01 5.38419068e-01 6.18171990e-01
    9.76397634e-01 4.13365781e-01 4.86088634e-01 7.20151961e-01
    8.61628532e-01 3.91066670e-01 6.00575030e-01 7.03913033e-01
    9.72442508e-01 9.65798020e-01 3.86334956e-02 3.56987417e-01
    3.93455267e-01 4.81883764e-01 6.47429585e-01 5.40199161e-01
    7.68110693e-01 3.41851115e-02 7.62041330e-01 3.71112764e-01
    6.93290055e-01 7.52517700e-01 1.44342095e-01 6.88368320e-01
    4.64076102e-02 6.78870797e-01 7.80763805e-01 8.32810700e-01
    3.85442197e-01 9.16724026e-01 6.81340814e-01 2.52723396e-01
    7.68239081e-01 3.09827268e-01 1.21008873e-01 7.84970105e-01
    8.35537910e-01 3.77058148e-01 3.45243573e-01 6.07686877e-01
    6.56032860e-01 8.97768259e-01 8.91851783e-01 6.66946888e-01
    5.60903132e-01 7.60804892e-01 9.88421321e-01 4.91411090e-02
    7.42580593e-01 1.07646167e-01 1.68072194e-01 2.44421035e-01
    3.11539829e-01 8.00276995e-01 8.87870133e-01 7.95584440e-01
    3.36749971e-01 9.76756930e-01 9.46800053e-01 1.65797919e-01
    4.93977666e-02 5.24861336e-01 2.69218028e-01 5.41851997e-01
    3.34982395e-01 7.32891500e-01 1.04292333e-01 8.61874819e-01
    5.34183681e-01 2.74508178e-01 5.41288793e-01 6.93175554e-01
    1.18989885e-01 5.48498213e-01 9.86711502e-01 5.95633686e-01
    3.04515958e-02 5.39543808e-01 9.36245978e-01 9.82213020e-02
    9.21463966e-01 4.24003810e-01 3.93286347e-02 3.73104125e-01
    4.70843911e-02 2.57316083e-01 6.12378240e-01 2.70417422e-01
    1.16212308e-01 1.96642578e-02 6.40313745e-01 1.74781710e-01
    4.54942226e-01 6.64470196e-01 4.70634431e-01 1.06785327e-01
    2.04083860e-01 9.76021647e-01 1.84263378e-01 8.19699883e-01
    5.75299859e-02 5.76819479e-02 9.50179636e-01 2.02255756e-01
    1.73522502e-01 4.00847644e-01 8.34999919e-01 9.11927819e-02
    1.90450996e-01 3.52685779e-01 7.59710073e-02 9.48535085e-01
    1.91983014e-01 6.78006470e-01 1.89001232e-01 5.47268271e-01
    7.90030658e-01 4.09970880e-02 2.62300372e-01 2.56921858e-01
    9.49851096e-01 2.65113592e-01 1.70815825e-01 8.37412655e-01
    6.12251163e-02 5.20421982e-01 4.77103651e-01 8.35338771e-01
    5.24823546e-01 9.26007509e-01 6.32441580e-01 6.70076013e-01
    2.86841750e-01 7.45966673e-01 7.41986573e-01 3.62921029e-01
    1.49222612e-01 2.13880926e-01 7.42592871e-01 4.55716968e-01
    1.62481010e-01 3.23900878e-02 1.54848188e-01 4.33452904e-01
    1.98055446e-01 8.29347014e-01 3.67318809e-01 2.69152462e-01
    4.77859378e-01 4.00339186e-01 9.35288966e-01 1.14399701e-01
    2.07356662e-01 8.43620181e-01 5.86088896e-01 6.72440410e-01
    6.27363384e-01 9.74944711e-01 9.88659561e-01 2.09062427e-01
    5.28527737e-01 2.17850477e-01 2.26411492e-01 8.80674362e-01
    5.24569035e-01 9.39694881e-01 4.33557391e-01 2.52234995e-01
    4.69834059e-01 5.05805612e-02 3.83487374e-01 3.61511111e-02
    5.81587255e-02 5.81470251e-01 1.31081939e-01 5.20581424e-01
    9.78977859e-01 2.55507767e-01 7.36485660e-01 8.47610831e-01
    7.69825697e-01 9.39379930e-02 2.21258789e-01 3.22542548e-01
    5.24837673e-02 4.50926125e-01 1.10295027e-01 5.82732856e-02
    4.59933311e-01 6.40214443e-01 8.17295909e-01 9.17820632e-01
    5.06669343e-01 2.26876736e-01 9.93392169e-01 8.05157423e-01
    2.00105578e-01 6.56793952e-01 1.89286172e-02 4.43393886e-02
    5.96962273e-01 2.01030135e-01 7.56712794e-01 3.82395566e-01
    2.76161879e-01 9.17999148e-01 8.34680259e-01 3.20517331e-01
    5.27792275e-01 6.76014304e-01 5.67873418e-02 6.70956492e-01
    3.45173120e-01 8.29270959e-01 6.93186164e-01 4.41652358e-01
    3.39836925e-01 3.69956970e-01 9.77712870e-02 6.82284117e-01
    3.89211744e-01 4.82917726e-02 7.92084634e-01 5.52155972e-02
    8.98135185e-01 7.68690407e-02 3.50800216e-01 9.84059691e-01
    5.82780421e-01 5.11906326e-01 6.66691601e-01 4.87745970e-01
    6.23893976e-01 4.85864162e-01 8.07395697e-01 8.04593861e-01
    4.64551568e-01 5.03902197e-01 6.96496964e-01 4.78325188e-02
    5.66345274e-01 9.41850662e-01 3.93571526e-01 9.40621018e-01
    7.10283101e-01 3.40134740e-01 6.67535126e-01 9.70411897e-01
    4.94251698e-01 5.98115444e-01 3.85044605e-01 5.55016696e-01
    7.30841875e-01 2.27852017e-01 8.29399586e-01 9.38546300e-01
    9.89118218e-01 2.79330015e-01 1.79234236e-01 6.56782687e-01
    7.48444498e-01 9.81273770e-01 8.81981611e-01 4.88431066e-01
    8.04145575e-01 5.51562905e-01 6.96434021e-01 1.67628109e-01
    6.40902042e-01 3.93931717e-01 1.64448917e-02 2.85961032e-02
    3.46299410e-02 2.86180794e-01 8.30634594e-01 4.89803195e-01
    5.02882481e-01 2.70595849e-01 2.47117043e-01 3.47994328e-01
    5.09431303e-01 3.17030907e-01 9.00645852e-02 5.05224824e-01
    2.96544671e-01 3.37942541e-01 5.70989013e-01 9.39049721e-01
    3.12237322e-01 4.31709111e-01 8.73453915e-02 7.25792050e-01
    3.41152906e-01 8.45311642e-01 4.60874975e-01 7.35567331e-01
    7.52461851e-02 2.28114694e-01 6.00722611e-01 7.65870214e-01
    7.81625569e-01 8.49674106e-01 2.42221564e-01 1.31259471e-01
    2.59706557e-01 8.94511342e-01 4.85293478e-01 5.88049054e-01
    8.47231150e-01 5.69289088e-01 7.68895686e-01 2.03498751e-01
    5.49689233e-01 6.54536486e-01 5.06204069e-01 1.66531831e-01
    8.37670147e-01 1.04868829e-01 3.75421941e-01 6.61722183e-01
    1.16990149e-01 6.45931125e-01 5.49587965e-01 3.73362303e-02
    1.36124164e-01 7.99255848e-01 2.47026682e-02 9.00895536e-01
    8.84207249e-01 3.43316972e-01 2.46010214e-01 7.89971352e-01
    4.42486197e-01 5.47631145e-01 7.56365657e-01 2.77508199e-01
    3.62649083e-01 5.75189233e-01 3.42513382e-01 7.66479075e-01
    4.50567961e-01 4.61237848e-01 2.89290339e-01 3.07544529e-01
    6.46022856e-02 3.02646905e-01 1.84277683e-01 1.96228832e-01
    8.54660571e-01 8.47772717e-01 7.74522007e-01 1.68602437e-01
    4.94700462e-01 2.50356853e-01 4.05793369e-01 5.40569961e-01
    4.31380183e-01 2.64151216e-01 5.68388104e-01 1.96828455e-01
    7.11974502e-02 3.95013690e-02 7.60340095e-02 1.79583818e-01
    9.04364109e-01 1.80735797e-01 8.06065381e-01 3.95162612e-01
    6.49795294e-01 6.84563816e-01 6.89884424e-02 3.27643692e-01
    5.58176935e-01 5.38787246e-02 7.76235163e-02 4.72173899e-01
    1.04070872e-01 6.92698479e-01 7.08774209e-01 6.73834443e-01
    1.28297478e-01 1.35159254e-01 9.26808476e-01 4.44974601e-01
    4.50857341e-01 5.42789638e-01 9.79855835e-01 1.09990835e-02
    1.42901540e-02 5.52697003e-01 4.45303082e-01 5.78477979e-01
    9.37159717e-01 8.29259336e-01 8.89422059e-01 7.70751715e-01
    3.82150590e-01 1.19225115e-01 8.15570712e-01 6.15679622e-02
    3.60281110e-01 5.45975327e-01 2.96609998e-02 3.80917042e-01
    6.68040335e-01 3.48262340e-01 9.41563189e-01 4.36915010e-01
    1.53300375e-01 7.77036190e-01 7.17567146e-01 9.91327405e-01
    6.91856205e-01 3.61892968e-01 1.67223752e-01 1.10827297e-01
    3.82038236e-01 8.36107850e-01 1.29437089e-01 7.40398288e-01
    9.87610102e-01 6.44577444e-01 8.88046086e-01 3.30862045e-01
    2.97386706e-01 3.27147067e-01 2.20940948e-01 9.82559919e-01
    9.18534935e-01 9.35896039e-01 5.65667450e-01 2.20374882e-01
    9.51756001e-01 6.44759536e-01 4.68813926e-01 6.41271830e-01
    9.18055236e-01 4.85163480e-01 8.56993914e-01 5.09905159e-01
    2.06860662e-01 9.03553903e-01 8.78278553e-01 9.41185236e-01
    2.25575924e-01 1.99443519e-01 7.33089447e-01 6.91574037e-01
    9.50901031e-01 3.05976510e-01 4.77807999e-01 9.40001667e-01
    8.39252532e-01 6.96184516e-01 3.61218870e-01 5.18994808e-01
    7.22362280e-01 7.98215628e-01 8.79182220e-01 9.26003814e-01
    7.54641294e-02 9.01474178e-01 2.88766742e-01 5.28160691e-01
    9.37435806e-01 4.13456082e-01 3.26232433e-01 4.59335148e-02
    2.41861880e-01 3.92337501e-01 2.45625854e-01 6.60347342e-02
    2.01293260e-01 4.45400268e-01 1.95142627e-02 3.79114449e-01
    9.48200703e-01 9.35558081e-01 3.07544053e-01 5.29430568e-01
    2.11734891e-01 5.21110773e-01 2.19925344e-01 4.41610992e-01
    3.76839757e-01 5.57620883e-01 5.27298570e-01 6.29273772e-01
    9.73718345e-01 3.04694474e-02 1.25099778e-01 1.79077804e-01
    4.86292511e-01 1.22249871e-01 9.42076564e-01 8.37984681e-01
    9.55530286e-01 6.67385221e-01 5.97083688e-01 9.61205781e-01
    1.87611043e-01 5.03933728e-02 2.03586698e-01 7.10215926e-01
    4.50152725e-01 9.80821371e-01 4.19772446e-01 1.13455355e-02
    6.45418525e-01 4.70396131e-01 5.58667898e-01 9.23722744e-01
    6.81674123e-01 3.79952818e-01 7.03922689e-01 8.07268977e-01
    5.42650521e-01 1.13323152e-01 2.26323009e-01 2.10408002e-01
    1.70563549e-01 7.06831694e-01 5.74924827e-01 7.83832312e-01
    7.76127458e-01 6.45850778e-01 5.71355581e-01 3.11671376e-01
    1.25225961e-01 9.05358315e-01 5.13306081e-01 9.72520113e-02
    8.39576602e-01 8.94509315e-01 2.30683476e-01 5.17251313e-01
    4.46001381e-01 8.16332102e-01 7.42535174e-01 5.08395314e-01
    9.85523045e-01 6.84459567e-01 8.19324017e-01 2.65457720e-01
    3.20304096e-01 1.98655903e-01 6.39815331e-01 1.19223952e-01
    6.30144238e-01 4.79796052e-01 7.18312323e-01 3.23612392e-01
    9.33802128e-03 8.80460262e-01 9.72253680e-01 7.55416751e-01
    1.47314429e-01 5.86071551e-01 4.87930149e-01 1.30921155e-01
    1.50748551e-01 9.53928232e-01 7.99812078e-02 7.86034346e-01
    5.76400161e-02 8.60205472e-01 4.24316108e-01 9.42751884e-01
    9.52751279e-01 3.37510645e-01 4.89037246e-01 9.95377302e-01
    5.35775423e-02 6.27570987e-01 1.43642128e-01 4.85842228e-01
    4.66657668e-01 1.60193861e-01 7.93156028e-01 4.46925461e-02
    3.45267177e-01 2.46104449e-01 5.59477627e-01 9.06216741e-01
    2.45961457e-01 4.01286334e-01 6.41857564e-01 7.29457378e-01
    6.11466169e-01 9.98199880e-01 9.03822720e-01 5.26415825e-01
    5.11483729e-01 6.39766455e-04 8.14978957e-01 5.42772889e-01
    5.43307900e-01 5.41930318e-01 1.34726524e-01 7.48147249e-01
    7.59241223e-01 6.54730260e-01 4.62511331e-01 8.71535659e-01
    1.02171302e-01 3.21450830e-03 5.77031970e-02 7.15105295e-01
    1.06473833e-01 5.17496049e-01 1.77915782e-01 8.34934235e-01
    7.29013085e-02 7.54411876e-01 3.61321270e-01 8.40327442e-01
    7.14865267e-01 2.94052958e-02 3.78617585e-01 9.25465584e-01
    2.62971699e-01 9.77517128e-01 5.26166499e-01 8.51372957e-01
    6.88825130e-01 7.13606000e-01 7.02755809e-01 2.54255921e-01
    5.98232746e-01 4.96784240e-01 6.64048672e-01 8.45904112e-01
    7.51369715e-01 7.51793504e-01 5.55390418e-01 8.40164065e-01
    3.39644164e-01 5.47698200e-01 9.08729196e-01 9.20330882e-02
    5.72801352e-01 1.63873106e-01 7.19654679e-01 6.63145840e-01
    7.71299720e-01 3.96516293e-01 6.08407557e-01 4.05214727e-01
    3.19127500e-01 3.08652848e-01 6.98886693e-01 5.21180034e-02
    8.12625587e-01 4.69717890e-01 8.90790701e-01 8.42493296e-01
    3.92729938e-01 8.94485116e-02 6.37864828e-01 7.78080225e-01
    6.95629418e-01 2.64097452e-02 3.57384264e-01 4.83227998e-01
    6.62216902e-01 1.00488365e-01 3.42239738e-01 3.72728348e-01
    9.83538270e-01 9.16522741e-01 3.94563675e-02 4.97765630e-01
    1.80223852e-01 8.22238207e-01 1.67028993e-01 8.41115832e-01
    1.10148132e-01 7.90916562e-01 8.30959678e-01 8.11083734e-01
    1.50762200e-01 7.21006393e-02 4.38074946e-01 8.26611638e-01
    7.26945758e-01 9.06394064e-01 6.98686123e-01 5.90457261e-01
    8.57916355e-01 8.80913138e-01 6.13142848e-01 7.33019650e-01
    8.14887166e-01 5.79268515e-01 9.46439445e-01 1.62641883e-01
    3.70096684e-01 7.03655720e-01 8.38304698e-01 2.33852744e-01
    9.61259961e-01 6.66031718e-01 4.96337116e-02 7.91479528e-01
    4.92699414e-01 4.42144215e-01 8.97077560e-01 4.67039555e-01
    5.40702760e-01 4.27849233e-01 3.91685963e-01 3.71571153e-01
    9.04203653e-01 3.64773214e-01 8.09876323e-01 6.31782889e-01
    3.93440396e-01 9.07141268e-02 2.50786781e-01 4.14624393e-01
    9.65986669e-01 6.78226113e-01 4.56050217e-01 2.17166930e-01
    2.30036199e-01 6.90794945e-01 5.93274117e-01 7.47138619e-01
    7.75752127e-01 6.88065588e-01 7.13019252e-01 5.23666024e-01
    7.71187723e-01 6.81089461e-01 6.86903417e-01 6.07613444e-01
    5.71295321e-01 9.13017035e-01 8.40453744e-01 1.69711083e-01
    6.77895546e-01 7.39290893e-01 5.09055674e-01 7.14608133e-01
    2.98079014e-01 1.74041033e-01 2.30344296e-01 1.24700963e-01
    1.63546592e-01 2.55827606e-02 6.87238038e-01 9.65003967e-01
    5.25421858e-01 2.37183452e-01 1.86086982e-01 4.24425870e-01
    6.77551866e-01 8.40777755e-02 4.92857695e-01 3.31717789e-01
    4.75169182e-01 6.35175705e-01 7.25281239e-01 8.66214871e-01
    3.69511694e-01 3.29551220e-01 7.72306204e-01 6.17010653e-01
    8.13564956e-02 9.37235594e-01 3.07387322e-01 7.86241710e-01
    2.06637442e-01 1.95087522e-01 8.86529446e-01 4.95103657e-01
    9.92135644e-01 5.44561028e-01 7.53964484e-02 9.52852190e-01
    3.31574500e-01 3.78738493e-01 5.91955483e-02 4.87929881e-01
    9.00790036e-01 7.98735797e-01 7.74940372e-01 5.78454614e-01
    5.92683434e-01 7.49183118e-01 9.35024917e-01 3.82318437e-01
    3.52411628e-01 7.67047644e-01 2.73090363e-01 8.04070592e-01
    4.06128764e-01 7.44336665e-01 6.30927384e-01 7.59301841e-01
    5.64618945e-01 9.16028976e-01 5.65867424e-01 8.26258183e-01
    7.37119198e-01 2.87114501e-01 3.64108801e-01 6.67324662e-02
    9.91901696e-01 4.01468873e-01 1.39942199e-01 9.87998247e-02
    6.99653625e-02 9.71977115e-02 3.26729864e-01 9.76419151e-01
    3.66063833e-01 7.84376919e-01 6.04385138e-01 7.94123411e-01
    9.25675631e-01 1.36950731e-01 5.02923250e-01 8.37987185e-01
    1.72614753e-02 7.99322605e-01 6.17338777e-01 4.73050088e-01
    9.96485531e-01 9.72529054e-01 8.37829709e-01 6.34104252e-01
    5.56718051e-01 4.57099527e-01 9.05802548e-02 1.00674033e-02
    8.40053916e-01 9.60973322e-01 7.65858889e-01 4.49416816e-01
    5.57441175e-01 1.28602564e-01 9.93965805e-01 5.69205225e-01
    8.32491696e-01 4.84371632e-01 7.97623515e-01 3.30334067e-01
    5.61518610e-01 7.49024332e-01 5.59722602e-01 2.93915749e-01
    9.50779259e-01 6.71073914e-01 9.05698776e-01 4.81318623e-01
    2.03125566e-01 7.74533153e-01 2.07663566e-01 4.32684392e-01
    8.77509117e-02 9.72010911e-01 5.52251220e-01 1.74421579e-01
    6.72783852e-01 5.32965541e-01 1.51843429e-01 9.32531714e-01
    8.87019992e-01 7.29881525e-01 2.92671800e-01 9.62867141e-01
    1.46048486e-01 9.65261221e-01 6.07764184e-01 7.01740205e-01
    2.40215778e-01 5.88823259e-01 4.75932002e-01 2.47659773e-01
    2.64210045e-01 2.88469046e-01 4.59170699e-01 9.12650228e-01
    9.12200749e-01 7.65214562e-01 5.47503293e-01 1.71319336e-01
    7.56206036e-01 1.25313789e-01 4.22607690e-01 8.58427942e-01
    9.72747803e-02 6.08366132e-02 3.67102146e-01 2.65879691e-01
    7.10954189e-01 3.16723078e-01 1.33957207e-01 4.79814291e-01
    1.55684829e-01 7.67443895e-01 3.40497136e-01 7.06249475e-01
    8.87465715e-01 3.84874642e-02 3.44696492e-01 5.15388131e-01
    8.55956912e-01 5.88217676e-01 5.59987962e-01 2.33025789e-01
    6.00431979e-01 5.69280922e-01 7.30156720e-01 4.79511440e-01
    4.72635567e-01 1.98258430e-01 7.83227444e-01 6.22819006e-01
    3.37296218e-01 2.27198124e-01 4.60215986e-01 4.35972750e-01
    1.83163285e-01 7.96902776e-01 5.95618486e-02 4.59569991e-01
    4.57576752e-01 8.09597015e-01 2.65211344e-01 8.06129098e-01
    7.52726197e-02 1.70575589e-01 8.94819736e-01 9.25573051e-01
    7.70668805e-01 1.79727852e-01 1.27343714e-01 9.07977462e-01
    8.90574872e-01 8.68256271e-01 8.41130793e-01 2.13535428e-01
    9.89665031e-01 1.37188166e-01 4.14832890e-01 5.81652105e-01
    7.39345670e-01 4.18932587e-01 4.74111915e-01 2.77564853e-01
    1.32631660e-01 8.04253221e-01 3.83778304e-01 2.66942561e-01
    3.19706440e-01 1.08581483e-02 4.89565969e-01 6.65460587e-01
    4.37117964e-01 9.51521575e-01 2.71544278e-01 2.98510909e-01
    2.27096915e-01 6.56929791e-01 6.41651869e-01 8.29738677e-01
    5.71459234e-01 3.76519054e-01 5.95762670e-01 5.26425898e-01
    3.33208263e-01 5.96104860e-02 8.42922449e-01 1.59444124e-01
    5.06877840e-01 3.39756846e-01 4.71446812e-02 9.49947059e-01
    5.83217740e-01 1.55795604e-01 5.86635888e-01 1.20798558e-01
    8.05235624e-01 9.15502489e-01 4.30650681e-01 8.57438147e-01
    1.33408070e-01 6.38572812e-01 8.43549550e-01 4.98842031e-01
    3.80891562e-03 9.26484704e-01 7.24441171e-01 3.42407912e-01
    4.12833571e-01 4.89076227e-01 6.38673544e-01 5.80942154e-01
    6.70418918e-01 8.30071211e-01 4.09416974e-01 9.37808514e-01
    9.02601123e-01 1.05563968e-01 7.07345366e-01 9.76480067e-01
    2.71285534e-01 2.56908119e-01 7.01919198e-01 6.72348857e-01
    4.81027037e-01 8.77047956e-01 5.98450005e-01 6.50433004e-01
    7.08407044e-01 3.61317217e-01 4.73385572e-01 7.87113190e-01
    2.84529924e-02 8.28194618e-01 7.41234064e-01 4.31964546e-01
    2.20757127e-01 5.31721056e-01 6.95536017e-01 4.51204181e-03
    4.73062485e-01 5.40656328e-01 6.11322403e-01 2.29212224e-01
    4.24224347e-01 4.14230943e-01 9.64999855e-01 7.55987346e-01
    6.18042290e-01 9.75679755e-01 5.28901398e-01 8.94625247e-01
    8.84469032e-01 6.97116733e-01 1.06416345e-02 9.67290998e-02
    7.19421983e-01 3.39920074e-01 4.42586899e-01 3.48950624e-01
    3.35628003e-01 9.63547468e-01 4.37629044e-01 1.17384374e-01
    6.31624997e-01 3.01556170e-01 4.43453014e-01 8.35552692e-01
    1.16132736e-01 5.91764569e-01 6.92857802e-02 7.17856288e-01
    9.83794272e-01 2.01057076e-01 4.11332965e-01 8.92975748e-01
    6.20490313e-03 1.38100833e-01 9.71428990e-01 5.20950258e-02
    7.17384100e-01 4.62380350e-02 9.37100649e-01 1.47259533e-01
    8.28089118e-02 2.66734660e-02 7.46204197e-01 6.78676128e-01
    1.41603500e-01 9.77540314e-02 7.19310403e-01 9.12594378e-01
    5.50282180e-01 6.96723223e-01 6.32523417e-01 9.83391047e-01
    2.49069840e-01 8.94080043e-01 1.05600327e-01 8.57239366e-01
    6.95584595e-01 9.05572832e-01 6.21960640e-01 9.36409950e-01
    7.34416187e-01 3.01410288e-01 1.58370733e-02 9.57619071e-01
    1.46541297e-01 8.87490630e-01 2.55553126e-02 9.52948332e-02
    2.51521885e-01 8.56565475e-01 9.25472498e-01 9.95715737e-01
    2.93624103e-01 1.75580621e-01 2.86259413e-01 8.00529599e-01
    8.80759001e-01 4.95317310e-01 5.85103214e-01 5.39277792e-01
    9.91181612e-01 3.94029707e-01 2.37652421e-01 5.18043280e-01
    4.74132240e-01 1.89472139e-02 9.38261867e-01 2.66913056e-01
    3.23223233e-01 5.94055116e-01 2.69370139e-01 5.87004542e-01
    3.95104349e-01 4.94362116e-01 6.98146880e-01 1.70675188e-01
    3.06627810e-01 3.60572636e-01 7.88552999e-01 9.67092276e-01
    2.32081115e-01 8.54845464e-01 4.08053994e-01 7.07193971e-01
    6.52016759e-01 6.50865257e-01 8.87383819e-02 6.19788289e-01
    9.63329673e-01 6.66484654e-01 6.34064913e-01 8.80435765e-01
    7.24243999e-01 7.03046560e-01 2.65296936e-01 5.35413980e-01
    9.05114889e-01 4.81746733e-01 1.10421389e-01 4.65598553e-01
    2.86530465e-01 9.44217443e-01 7.94566274e-02 2.12301999e-01
    6.49668694e-01 2.96807289e-01 8.17833781e-01 9.72027421e-01
    1.84586346e-01 2.50688374e-01 4.35973972e-01 7.51718998e-01
    8.92080665e-01 2.35590339e-02 8.89592171e-01 2.34071583e-01
    7.58181214e-01 4.72284049e-01 1.26017272e-01 8.22733939e-02
    2.16891408e-01 1.60872668e-01 7.62168407e-01 8.35881233e-02
    8.04946184e-01 8.69757533e-01 9.44119096e-01 8.24950516e-01
    1.09207571e-01 2.64711142e-01 1.34259462e-02 1.08100116e-01
    4.02785242e-01 5.47733963e-01 8.96999180e-01 9.39286292e-01
    6.63186312e-02 6.70643449e-01 8.46959889e-01 5.86533904e-01
    1.72557324e-01 5.78149021e-01 5.06846607e-02 3.85505378e-01
    7.70293236e-01 7.07099199e-01 6.79458499e-01 8.32690001e-01
    1.32081836e-01 7.34516382e-01 9.27084327e-01 4.60111558e-01
    5.93236089e-03 4.54456627e-01 2.96028823e-01 8.87041390e-02
    4.19652671e-01 4.02367830e-01 5.99728644e-01 5.11037230e-01
    2.97220707e-01 7.99568474e-01 2.02746838e-01 9.22321677e-01
    5.88438630e-01 8.58010471e-01 2.44880408e-01 1.19309485e-01
    8.62455606e-01 6.36163294e-01 5.14774263e-01 3.91500592e-01
    1.00923330e-01 4.92437392e-01 1.48986936e-01 7.63013005e-01
    9.99829888e-01 7.26413488e-01 6.30911708e-01 3.80220801e-01
    8.57010365e-01 5.72760463e-01 2.59989709e-01 6.30599797e-01
    9.99822021e-01 3.07163060e-01 2.62862563e-01 6.51855469e-01
    1.92542970e-02 6.19307041e-01 8.26304853e-01 8.74940753e-01
    1.11972868e-01 4.24774766e-01 5.65671802e-01 9.19021964e-01
    2.57569045e-01 2.08423436e-02 6.30983949e-01 3.98223370e-01
    3.94047201e-01 6.14952147e-02 8.10226917e-01 6.88198686e-01
    3.16564441e-01 2.62687385e-01 9.78923738e-01 5.69795668e-02
    9.76569176e-01 3.54461491e-01 4.51145530e-01 1.87052190e-02
    4.87059027e-01 1.36983693e-01 3.80328298e-03 1.46632344e-01
    8.15751374e-01 9.82799530e-02 2.97158897e-01 7.53424048e-01
    2.34998673e-01 4.80104029e-01 1.34887993e-02 1.12911373e-01
    3.75203729e-01 3.38486135e-01 1.10724539e-01 4.93452430e-01
    9.89524961e-01 2.33462244e-01 4.68387455e-01 7.80310869e-01
    7.44117081e-01 9.10602570e-01 9.31217313e-01 7.46944249e-02
    2.46484071e-01 5.66340983e-01 4.59010720e-01 3.08885992e-01
    9.79301214e-01 1.52411461e-01 8.27363431e-01 7.34969139e-01
    4.09301668e-01 3.38971853e-01 4.51364428e-01 4.24439102e-01
    1.75643593e-01 6.14083409e-01 6.77429318e-01 7.30538070e-02
    6.75691366e-01 3.31703961e-01 5.14948845e-01 3.30539227e-01
    6.66164517e-01 7.07533479e-01 7.46058524e-01 7.19170868e-02
    6.36981905e-01 5.32885194e-02 1.57687545e-01 6.99668646e-01
    4.78205621e-01 9.12804246e-01 9.80814993e-01 2.85837322e-01
    1.47295296e-02 1.32072330e-01 2.35018730e-01 8.62193286e-01
    3.12125415e-01 7.51401246e-01 3.08054596e-01 6.64762259e-01
    5.07780313e-02 8.88433337e-01 5.97927153e-01 9.53373909e-02
    7.17637718e-01 9.50129867e-01 3.03391218e-01 8.87537122e-01
    3.49803269e-02 8.16318274e-01 1.70150489e-01 6.95473552e-01
    9.79518235e-01 1.51161343e-01 9.29081917e-01 4.28082585e-01
    6.87504530e-01 3.35885286e-01 9.55550790e-01 9.58248019e-01
    7.82729506e-01 8.67238820e-01 6.64201319e-01 1.38426214e-01
    3.74522448e-01 2.78211832e-02 4.52063411e-01 6.05788052e-01
    7.87524581e-02 1.02342218e-01 7.27539778e-01 4.13194716e-01
    9.21341896e-01 8.45780015e-01 3.24221253e-02 1.16436005e-01
    5.36842287e-01 6.93271339e-01 3.76580834e-01 5.68412900e-01
    3.08183670e-01 9.46411252e-01 8.72797847e-01 6.97424233e-01
    6.67225063e-01 9.72351909e-01 3.00798684e-01 8.45222592e-01
    2.26042539e-01 9.37442064e-01 8.14844847e-01 1.28052741e-01
    3.12030911e-02 5.25474548e-01 6.41081214e-01 7.84793496e-03
    5.22409976e-01 3.68484557e-01 8.41418147e-01 3.10641050e-01
    8.05811763e-01 5.38043857e-01 4.66890246e-01 1.99913979e-03
    1.07507408e-01 1.16404742e-01 3.76119852e-01 6.38530850e-01
    1.29076511e-01 1.77369118e-01 9.44202244e-02 2.87730694e-01
    2.38750368e-01 9.68000650e-01 3.75634372e-01 9.94433761e-01
    7.54009902e-01 8.01399469e-01 6.71244800e-01 6.45616233e-01
    5.39119244e-01 5.45873046e-02 6.48881912e-01 5.45000076e-01
    5.40152609e-01 8.67348850e-01 1.43008709e-01 9.65473831e-01
    4.15383160e-01 2.14004844e-01 1.96044922e-01 8.66745949e-01
    7.12387085e-01 4.82313931e-02 9.78814602e-01 3.67200673e-01
    3.25936675e-01 2.67444730e-01 9.41112220e-01 7.06825614e-01
    3.36974233e-01 4.94614542e-02 8.33469033e-01 5.36373913e-01
    1.63676202e-01 2.67082781e-01 3.85640800e-01 9.33633268e-01
    4.03277129e-01 1.92775607e-01 1.91773266e-01 1.69015646e-01
    1.77813947e-01 4.64589894e-01 9.23731565e-01 2.66262889e-01
    6.46141589e-01 9.27578092e-01 8.01155210e-01 5.15795529e-01
    6.78536475e-01 2.66264677e-01 6.55491710e-01 1.99807435e-01
    5.37377894e-01 5.11417270e-01 8.13940585e-01 9.39265370e-01
    1.63941383e-01 9.48104382e-01 8.68485212e-01 9.15974736e-01
    5.70295334e-01 2.07427710e-01 8.25841725e-01 1.00422472e-01
    7.73619473e-01 3.01002622e-01 9.55366910e-01 4.88395840e-01
    2.66338289e-02 2.39276141e-01 1.71327770e-01 4.01231498e-01
    8.62427831e-01 5.56584299e-01 9.01550770e-01 9.86928701e-01
    9.39282060e-01 8.17170262e-01 6.15281701e-01 6.65911674e-01
    5.53873956e-01 8.90509367e-01 9.86398280e-01 4.91981179e-01
    2.09329724e-02 4.00878400e-01 7.23738909e-01 7.25245476e-03
    8.44584525e-01 3.57834399e-01 6.88672662e-02 2.36903876e-01
    9.58588064e-01 6.14282906e-01 8.09730887e-02 9.12149906e-01
    5.67986488e-01 9.17183757e-01 6.20916188e-02 3.05719137e-01
    9.40859377e-01 4.02809978e-02 4.69850719e-01 5.95723450e-01
    8.75228047e-01 4.40501988e-01 1.67149544e-01 1.00569725e-01
    7.51427054e-01 7.70097613e-01 9.12308097e-01 8.09124351e-01
    5.92466831e-01 1.13851428e-01 8.86958539e-01 1.68744862e-01
    4.38163340e-01 2.71243632e-01 9.12199914e-01 8.58458757e-01
    2.48694062e-01 3.22127163e-01 1.54682010e-01 7.55163789e-01
    6.71774328e-01 5.07549345e-02 1.91238850e-01 8.22804570e-01
    1.28739327e-01 8.06850672e-01 6.02739036e-01 8.01750183e-01
    3.69606674e-01 5.52339315e-01 3.94311041e-01 4.17359233e-01
    6.88610613e-01 1.01896584e-01 1.90580785e-01 4.60978031e-01
    9.67387676e-01 9.91934836e-02 5.88891506e-02 9.47944164e-01
    5.08628786e-01 5.33641577e-02 3.66452336e-03 7.30696559e-01
    5.18816948e-01 2.29435593e-01 1.74901038e-01 1.54657334e-01
    3.46870244e-01 2.93292224e-01 8.81932378e-01 1.11206412e-01
    9.94770050e-01 4.24910903e-01 2.84588873e-01 4.46869910e-01
    1.10902250e-01 3.17285329e-01 5.42833090e-01 1.71316683e-01
    4.58707571e-01 5.14114380e-01 9.80163515e-01 7.58637428e-01
    7.02646613e-01 1.70818210e-01 2.28463680e-01 6.33124709e-01
    4.60394382e-01 3.05614650e-01 5.79758346e-01 4.83516276e-01
    2.49315500e-02 6.99279785e-01 8.52203727e-01 2.49263108e-01
    2.61239111e-01 3.98216546e-01 8.05861831e-01 1.55561328e-01
    1.37644112e-01 6.00946903e-01 4.76860464e-01 3.82335335e-01
    9.21764970e-01 8.59659553e-01 9.63195324e-01 4.94670302e-01
    2.17299074e-01 5.41475296e-01 8.15593719e-01 1.07113749e-01
    7.18825698e-01 9.75462317e-01 1.58414930e-01 6.03846788e-01
    2.45025545e-01 6.99418962e-01 4.08641100e-02 6.45286322e-01
    1.90742493e-01 5.29541731e-01 3.95204127e-01 7.46320367e-01
    5.27945101e-01 5.23429155e-01 6.13589525e-01 6.95047617e-01
    2.34416604e-01 4.21863198e-02 1.79391295e-01 5.00509202e-01
    7.19252825e-01 6.66520715e-01 3.21518600e-01 3.02507311e-01
    7.84845412e-01 5.07143438e-01 6.07726991e-01 1.18061393e-01
    2.48530686e-01 7.08294928e-01 7.69731045e-01 6.73309863e-01
    6.79651320e-01 6.24967456e-01 9.14264083e-01 6.44324899e-01
    8.33139420e-01 1.55913442e-01 5.27039707e-01 4.38456893e-01
    3.15409005e-01 1.78782344e-02 2.03927964e-01 6.44414961e-01
    4.28167760e-01 6.31295383e-01 2.27001935e-01 4.50737983e-01
    2.91829169e-01 8.45192671e-01 2.79038191e-01 3.38454604e-01
    9.42260027e-01 2.56497264e-02 9.30045128e-01 2.37228006e-01
    8.14583302e-01 1.11869067e-01 1.63532168e-01 9.40732956e-02
    6.95263088e-01 3.65684330e-02 7.86302447e-01 2.26536572e-01
    6.69543505e-01 2.15755731e-01 6.27077937e-01 3.88513297e-01
    1.46735907e-02 4.29751307e-01 8.52017999e-02 6.49582207e-01
    6.24201536e-01 7.33992100e-01 8.01458299e-01 5.51406622e-01
    6.53967977e-01 9.73035991e-02 2.16175884e-01 4.07287240e-01
    5.33518970e-01 5.85794449e-02 7.84765720e-01 5.57876825e-01
    9.56899345e-01 5.61831892e-02 6.13074780e-01 9.55078244e-01
    9.47001338e-01 8.52504611e-01 5.46091318e-01 3.76525551e-01
    3.16506267e-01 3.58571142e-01 3.49174440e-01 4.65714157e-01
    7.45881796e-01 8.23723674e-02 8.44899893e-01 5.05884171e-01
    6.37641668e-01 5.47262847e-01 5.40951312e-01 3.80409896e-01
    5.09176791e-01 8.61276329e-01 8.17525864e-01 4.82328176e-01
    1.99950188e-01 4.74200577e-01 9.84592557e-01 6.20612979e-01
    5.75239062e-01 4.34996188e-01 8.96995306e-01 2.53118515e-01
    5.32380462e-01 4.12237048e-02 1.93886518e-01 4.28162396e-01
    6.27128780e-02 4.33637798e-02 2.23633945e-02 1.43909663e-01
    9.69689071e-01 1.61930740e-01 6.70697212e-01 7.29591012e-01
    3.46475303e-01 2.18973845e-01 6.31722271e-01 9.75230873e-01
    8.93071651e-01 8.55897248e-01 1.65797472e-01 4.66936201e-01
    2.71909177e-01 5.14121175e-01 9.12284255e-02 6.14616215e-01
    5.72969556e-01 8.95034552e-01 4.71432060e-01 9.61721539e-01
    6.50766671e-01 6.97032928e-01 8.33130717e-01 6.66363120e-01
    9.75729108e-01 5.98013520e-01 3.86215985e-01 7.33314395e-01
    6.68279171e-01 5.40259600e-01 5.88555157e-01 8.58055115e-01
    9.21180546e-02 9.39450860e-01 3.14795971e-01 4.59325433e-01
    1.16351873e-01 8.79031539e-01 8.03958952e-01 5.91676593e-01
    8.77676368e-01 8.09895039e-01 6.02564633e-01 8.87944341e-01
    9.35279131e-01 8.52882743e-01 2.84070790e-01 4.39256847e-01
    1.85380936e-01 4.33388650e-01 6.72476888e-02 7.80370176e-01
    3.29057813e-01 3.13112587e-01 1.88991368e-01 3.31057608e-02
    9.00171518e-01 7.77918696e-01 5.13236225e-01 9.01782453e-01
    8.71257126e-01 1.32199824e-02 3.40247810e-01 2.11673647e-01
    5.90443492e-01 3.74908149e-02 2.18091071e-01 4.51288462e-01
    5.22710025e-01 7.27756500e-01 5.05498052e-01 8.44574213e-01
    8.51247311e-01 2.89252043e-01 7.22019494e-01 6.31556034e-01
    1.36390269e-01 4.43123281e-01 1.36695236e-01 6.15730882e-01
    7.74035931e-01 1.18764758e-01 3.63054931e-01 1.20537430e-01
    8.29732955e-01 7.78570056e-01 8.14419925e-01 3.16334665e-01
    5.33495307e-01 6.09976172e-01 6.06526196e-01 5.71116328e-01
    5.07535636e-02 9.13522243e-01 1.90121800e-01 2.64491200e-01
    1.87970221e-01 7.13512897e-01 8.49783838e-01 9.87299263e-01
    9.44993854e-01 6.06383681e-01 9.06804323e-01 6.14080131e-02
    9.70542490e-01 3.18780154e-01 3.03649783e-01 1.73002303e-01
    6.46624446e-01 8.70008469e-01 9.29611564e-01 5.57541192e-01
    3.48601878e-01 4.35895503e-01 5.57583272e-02 9.38055038e-01
    8.40831637e-01 4.04269993e-02 1.68010592e-03 6.01024628e-01
    2.21889675e-01 8.62918377e-01 6.23115599e-01 6.45628154e-01
    4.04445738e-01 1.52962923e-01 5.06075144e-01 7.46544182e-01
    8.46348464e-01 1.20733917e-01 4.36372757e-02 1.84399664e-01
    8.81273389e-01 4.27211225e-01 5.40082097e-01 3.50591660e-01
    1.56988472e-01 7.29185343e-02 3.51335645e-01 7.63401449e-01
    5.03836870e-01 9.64464843e-02 8.73903394e-01 5.13348103e-01
    5.42133749e-02 9.71308053e-01 6.11222208e-01 8.48169208e-01
    3.06533933e-01 8.88314605e-01 3.61297429e-02 5.45309186e-02
    6.84563994e-01 6.92814112e-01 6.29997551e-01 1.06340051e-02
    6.10084116e-01 5.10756671e-01 8.56962681e-01 5.48794329e-01
    7.75529027e-01 9.48594809e-01 2.98968434e-01 2.26151764e-01
    8.19292367e-02 7.03484476e-01 5.23574531e-01 5.71862221e-01
    1.08523369e-01 2.46405184e-01 6.81993246e-01 9.16278303e-01
    2.59846807e-01 9.35796618e-01 6.50633216e-01 9.18309093e-01
    4.06517893e-01 9.69085097e-03 5.39324582e-01 4.39031422e-01
    5.07066011e-01 6.68491781e-01 4.05809879e-02 4.93042082e-01
    2.54833192e-01 7.22180009e-01 2.44935900e-01 8.11311603e-01
    2.02546358e-01 8.10241878e-01 3.67501259e-01 4.69583988e-01
    2.13253856e-01 2.76620239e-01 4.43160892e-01 4.18560445e-01
    1.13876224e-01 2.97357559e-01 9.45051908e-01 1.23883784e-02
    6.44287467e-01 4.33719456e-02 9.93399143e-01 3.56731832e-01
    4.37799126e-01 7.95167148e-01 9.34083343e-01 7.71000624e-01
    4.50741827e-01 2.44784057e-01 9.56806600e-01 5.39142132e-01
    2.57635504e-01 5.79921842e-01 6.48362875e-01 3.93569678e-01
    1.61963642e-01 5.18756151e-01 1.46468014e-01 8.18964422e-01
    9.16053534e-01 8.25756669e-01 9.71445560e-01 1.60098851e-01
    9.03169394e-01 5.03681123e-01 9.70999241e-01 6.92945123e-01
    5.37150681e-01 9.34454501e-01 2.91681498e-01 8.74960661e-01
    4.47683364e-01 4.48880374e-01 6.52791440e-01 7.33431101e-01
    9.52624440e-01 7.47303843e-01 2.16648310e-01 3.12303156e-01
    9.07373369e-01 3.84960741e-01 5.95185339e-01 8.72855306e-01
    9.91463244e-01 8.32667470e-01 7.44437873e-01 1.15056127e-01
    8.65494609e-01 3.54625583e-01 5.17385244e-01 1.51203513e-01
    2.35150456e-02 8.32362115e-01 9.04940248e-01 5.85972548e-01
    3.74055386e-01 8.35623384e-01 6.18145943e-01 6.99841559e-01
    6.49350345e-01 4.01639044e-01 2.34750181e-01 2.39464045e-02
    4.68461037e-01 4.26499397e-01 5.72372139e-01 8.80529284e-01
    8.86737466e-01 5.77004552e-01 2.67080963e-02 4.15694624e-01
    9.82389331e-01 3.40117216e-02 7.17267275e-01 2.37931013e-02
    8.52795124e-01 7.24382639e-01 8.48324478e-01 7.60315120e-01
    7.87312269e-01 2.47382730e-01 5.17249227e-01 1.90365255e-01
    1.92419887e-01 2.78203070e-01 6.06981218e-02 6.58375144e-01
    5.61600447e-01 6.95639253e-01 9.12231684e-01 6.95687830e-01
    1.43811882e-01 3.05545211e-01 4.80534345e-01 7.56800592e-01
    1.66242510e-01 8.10492396e-01 3.18129659e-01 4.88356918e-01
    4.50773686e-01 6.79615378e-01 9.51293945e-01 8.10480595e-01
    4.75579858e-01 7.03980803e-01 2.84559369e-01 2.43878901e-01
    9.69468355e-01 8.62207651e-01 3.61348689e-01 9.93221581e-01
    6.82484627e-01 6.85176134e-01 2.95602530e-01 9.87476945e-01
    4.85712558e-01 4.68253076e-01 2.86054283e-01 4.06089962e-01
    5.35031199e-01 3.13556612e-01 1.27710998e-02 5.71628332e-01
    4.04309720e-01 1.37519658e-01 6.89575672e-01 5.00378370e-01
    9.96303201e-01 9.66443300e-01 4.48767215e-01 7.44035065e-01
    9.73510385e-01 3.93880606e-02 9.20203209e-01 8.19309056e-02
    9.44728017e-01 7.11775601e-01 4.94269073e-01 6.45290256e-01
    8.18927407e-01 9.26635861e-02 4.60631251e-02 9.45836902e-01
    9.44766045e-01 9.48786855e-01 3.29663157e-02 4.55988258e-01
    9.93437648e-01 1.63902998e-01 7.25402594e-01 8.07473421e-01
    4.54169810e-01 5.66581309e-01 6.08618736e-01 3.82286400e-01
    3.11614156e-01 2.12167650e-01 4.71042037e-01 9.77733433e-02
    4.43142742e-01 8.50085139e-01 6.11818671e-01 8.82189274e-02
    6.42742753e-01 3.03059399e-01 1.75283223e-01 2.33156025e-01
    4.85822737e-01 6.77485228e-01 5.64861178e-01 4.20390964e-02
    4.02090847e-01 5.21088481e-01 9.81956184e-01 5.19715369e-01
    1.64492488e-01 8.07263970e-01 9.82483268e-01 9.43313479e-01
    6.42657578e-01 5.19413590e-01 5.15020847e-01 6.20031416e-01
    9.94634449e-01 9.81090546e-01 1.65414900e-01 2.75965214e-01
    9.18703675e-01 6.89442456e-02 5.91549397e-01 8.07535350e-02
    9.28060293e-01 9.26162183e-01 4.04269129e-01 9.84134257e-01
    6.89267278e-01 4.83134031e-01 2.10193455e-01 4.97296989e-01
    6.72207415e-01 7.16016650e-01 5.80298305e-01 9.66497064e-01
    5.97687006e-01 6.93763137e-01 7.87552357e-01 5.01360059e-01
    4.76880610e-01 6.72747016e-01 5.37858009e-01 6.98579073e-01
    9.88804221e-01 6.94618464e-01 7.26723731e-01 3.31997871e-04
    6.50614500e-04 1.12200677e-01 7.52230585e-02 6.74697459e-01
    3.72921944e-01 9.19198990e-01 8.19463611e-01 5.64948261e-01
    6.57360554e-01 5.90055883e-01 9.91090298e-01 8.41826200e-02
    8.50179911e-01 2.61792123e-01 9.85263407e-01 1.79583877e-01
    3.35824549e-01 6.71697497e-01 9.92113650e-01 3.80525142e-01
    8.11342120e-01 1.98620617e-01 1.09216452e-01 5.20205438e-01
    9.76803064e-01 2.55468488e-01 2.57872581e-01 5.47935665e-01
    7.41860926e-01 9.47073102e-01 7.00889885e-01 9.66928363e-01
    7.77838230e-01 4.92963940e-01 9.35026646e-01 4.04582858e-01
    6.26198888e-01 3.74766767e-01 2.22935110e-01 8.43926966e-01
    3.83343041e-01 4.70973879e-01 2.49285221e-01 5.41684687e-01
    5.32111168e-01 3.10706913e-01 1.06019974e-01 8.88075233e-01
    6.47183180e-01 3.66778314e-01 8.41622531e-01 4.08984542e-01
    1.21406436e-01 1.03421032e-01 6.87995613e-01 5.54514706e-01
    6.65310860e-01 8.19920659e-01 4.09206688e-01 7.34810829e-02
    8.26032996e-01 5.07257044e-01 1.02215111e-01 6.11338079e-01
    8.34641576e-01 6.92916751e-01 4.51438695e-01 4.96100783e-01
    2.96786398e-01 1.26973689e-01 3.13820243e-01 7.44888902e-01
    4.84301537e-01 6.49696708e-01 5.10277033e-01 1.50342643e-01
    6.76398993e-01 5.23243487e-01 4.95689750e-01 1.26168072e-01
    4.83633459e-01 1.64461166e-01 6.86147809e-01 3.61094773e-02
    7.32027769e-01 8.03191662e-01 6.08439505e-01 4.54603314e-01
    2.03825831e-01 5.22256613e-01 7.92769194e-02 8.50187242e-01
    6.79491699e-01 1.94913834e-01 3.55046690e-02 2.94606239e-01
    2.76408523e-01 5.44017375e-01 3.10225755e-01 5.09508669e-01
    4.26718533e-01 5.66437840e-01 6.88361406e-01 6.46703660e-01
    8.88331652e-01 7.33454883e-01 1.84053779e-01 6.07066512e-01
    9.42043960e-01 5.19035161e-02 8.31304669e-01 5.09214163e-01
    8.51661980e-01 6.40642166e-01 5.29213607e-01 4.65316415e-01
    4.75416481e-02 2.72192955e-01 4.70814109e-01 7.39885032e-01
    5.26064217e-01 2.13336319e-01 2.86537081e-01 3.04876804e-01
    3.08621943e-01 1.19528025e-01 3.45251858e-01 2.88517624e-01
    5.78068137e-01 7.98465133e-01 6.93495929e-01 6.67694747e-01
    3.99839520e-01 5.98358214e-01 9.97826934e-01 2.89720774e-01
    7.24782705e-01 9.28013444e-01 3.90766025e-01 6.83599114e-01
    4.23610002e-01 2.14430600e-01 8.75243068e-01 6.76515460e-01
    3.48455906e-01 3.17450941e-01 5.90841770e-01 1.51256233e-01
    7.38613963e-01 7.97349811e-01 5.74872613e-01 3.61999571e-01
    5.91768980e-01 9.05691028e-01 8.53711843e-01 5.85861564e-01
    8.59304428e-01 6.99579418e-02 7.33973026e-01 6.07786179e-01
    8.71967852e-01 3.50104332e-01 4.83911693e-01 2.31880873e-01
    9.22810078e-01 5.53016543e-01 5.24554551e-01 9.07526731e-01
    7.42267251e-01 6.47438467e-02 8.88275504e-02 9.22687531e-01
    6.09694302e-01 2.43747830e-01 2.24728018e-01 8.55286717e-01
    3.63261640e-01 4.40601081e-01 9.78828907e-01 2.62392879e-01
    2.07666487e-01 7.96819210e-01 3.33445370e-02 6.38017237e-01
    6.48924410e-02 5.38124681e-01 6.81771040e-01 7.65792012e-01
    3.01324964e-01 6.32039964e-01 1.22668564e-01 5.66859722e-01
    9.72420096e-01 9.68213677e-02 7.00964689e-01 4.62030232e-01
    7.37614810e-01 4.17551696e-02 7.99193084e-01 8.12153578e-01
    6.54040456e-01 1.30958408e-01 2.46629149e-01 1.39974833e-01
    9.06712174e-01 2.04854101e-01 7.91628957e-01 8.11492920e-01
    1.91924721e-01 5.98769069e-01 9.34255600e-01 8.49396050e-01
    9.20053840e-01 1.32444650e-01 7.16114998e-01 6.38029337e-01
    5.34549475e-01 4.89323199e-01 4.03237641e-02 1.42793447e-01
    3.30498725e-01 9.66856062e-01 4.97798681e-01 9.81481075e-01
    4.44269240e-01 7.10766077e-01 7.15994358e-01 5.89472830e-01
    6.12108231e-01 9.42686677e-01 9.19241428e-01 1.15650892e-03
    6.10331059e-01 2.97990352e-01 9.75185454e-01 1.06441379e-01
    5.55787683e-01 5.04125834e-01 6.78339958e-01 5.96543491e-01
    3.26371521e-01 6.77890062e-01 9.25846577e-01 7.62271643e-01
    3.13804418e-01 1.95867181e-01 6.37132645e-01 9.43821073e-01
    1.78191692e-01 1.09577149e-01 9.43749189e-01 2.06436813e-01
    3.94033790e-01 1.04501337e-01 9.12842155e-01 3.67063344e-01
    1.13230705e-01 4.13759053e-01 3.14341277e-01 5.51981926e-01
    7.92858362e-01 1.86907411e-01 4.84555840e-01 3.33503813e-01
    4.95020092e-01 3.73592377e-01 1.08450085e-01 1.09693944e-01
    6.01805329e-01 8.79102826e-01 5.63668489e-01 4.52202141e-01
    5.14812052e-01 8.60880256e-01 4.80133295e-03 7.17881441e-01
    8.01188946e-02 5.26611149e-01 3.55792582e-01 2.56372690e-01
    8.54623199e-01 8.06524098e-01 7.66540647e-01 8.61493111e-01
    3.62760007e-01 6.94740415e-01 7.19398737e-01 8.38409841e-01
    8.55127275e-02 3.13777924e-01 2.65879780e-01 7.87054181e-01
    8.78675640e-01 6.44375384e-01 2.20546246e-01 5.58579564e-01
    9.77148473e-01 3.43820572e-01 3.21548820e-01 1.63239390e-01
    2.11887866e-01 3.91665101e-02 6.50953054e-01 3.28618586e-02
    7.25998700e-01 3.68672132e-01 8.74000788e-03 9.76075053e-01
    4.80148643e-01 2.46137202e-01 8.10436845e-01 3.52560043e-01
    8.38362694e-01 9.91378903e-01 2.57163256e-01 9.41488743e-01
    7.89147496e-01 9.60652471e-01 4.00712341e-01 2.92757869e-01
    3.35983396e-01 1.93769336e-01 1.33944213e-01 9.27123725e-01
    3.92527223e-01 5.79273701e-03 9.79941607e-01 9.43888545e-01
    3.49206150e-01 2.13390410e-01 6.65127635e-01 4.42308903e-01
    9.86829638e-01 3.95113558e-01 4.48626280e-02 3.78918320e-01
    3.51774931e-01 7.57321358e-01 6.11573160e-01 7.80965805e-01
    8.07929456e-01 1.79915786e-01 7.10520327e-01 5.56091487e-01
    5.55047572e-01 3.97675961e-01 4.05913860e-01 1.86584145e-01
    8.90684366e-01 1.74452573e-01 6.05472386e-01 9.17606711e-01
    1.34900630e-01 3.05987746e-01 5.58909476e-02 8.83209288e-01
    4.47322547e-01 1.85872406e-01 5.84769547e-01 6.91693485e-01
    1.89121634e-01 2.98613369e-01 3.23193908e-01 9.53230381e-01
    8.09078455e-01 2.19256073e-01 7.92659283e-01 7.11588621e-01
    3.38817090e-01 1.10747814e-01 9.10299659e-01 7.80617595e-01
    4.10371929e-01 7.45146275e-02 2.96608448e-01 9.98515487e-02
    2.42465913e-01 3.60755324e-02 7.46331096e-01 8.71052682e-01
    3.64127010e-01 6.10083103e-01 9.45752740e-01 1.43367499e-01
    8.93273592e-01 8.76000226e-02 8.19327712e-01 2.51495838e-01
    7.81264961e-01 6.44326866e-01 2.92170346e-02 5.83708227e-01
    2.90742576e-01 2.89020479e-01 3.22039753e-01 5.36681890e-01
    8.91848445e-01 5.39016724e-02 4.88843620e-01 9.21382308e-01
    3.36388409e-01 6.10877395e-01 6.27103567e-01 4.82063890e-01
    8.61661434e-01 8.69748354e-01 1.06875271e-01 8.61608446e-01
    2.03773975e-02 9.55221713e-01 9.59054947e-01 2.54789948e-01
    1.40997916e-01 2.64513940e-01 7.81989634e-01 2.20493913e-01
    6.60930991e-01 4.74419475e-01 9.26268697e-02 9.64802802e-02
    7.77649105e-01 6.64539218e-01 2.11298674e-01 3.14256430e-01
    4.00615931e-02 3.67777020e-01 6.02217078e-01 2.20415324e-01
    9.58889008e-01 3.00190330e-01 3.77531588e-01 7.26372004e-03
    7.92060256e-01 7.45666683e-01 1.23620182e-01 1.78194165e-01
    8.61697674e-01 5.13244212e-01 8.92883897e-01 8.45265925e-01
    3.22479963e-01 9.13306475e-01 7.52902389e-01 9.76188302e-01
    9.24424410e-01 4.98536199e-01 7.12001681e-01 3.74632895e-01
    6.35865629e-02 5.97028852e-01 1.59838676e-01 5.61381400e-01
    4.76596564e-01 2.56012678e-01 8.91347289e-01 2.25343466e-01
    6.14213586e-01 6.46952093e-01 7.12129235e-01 8.19812298e-01
    9.80342865e-01 1.25364900e-01 7.80186594e-01 6.62828684e-02
    8.33586574e-01 9.77753997e-01 9.12226617e-01 3.50135535e-01
    5.26348948e-02 2.51128078e-01 7.67386913e-01 2.95373201e-02
    4.52593207e-01 2.01931626e-01 5.47641277e-01 1.03136003e-01
    6.00800633e-01 9.12326574e-01 1.58895671e-01 8.13792706e-01
    1.71705991e-01 8.32167149e-01 7.98352838e-01 8.87503624e-02
    1.67346328e-01 4.08962667e-01 5.64240336e-01 3.33308607e-01
    1.19601399e-01 6.56096816e-01 7.71481335e-01 3.91109854e-01
    7.50873983e-01 8.89419675e-01 7.97887564e-01 9.96444225e-02
    6.65368855e-01 1.75322533e-01 7.58169889e-01 3.71038318e-01
    8.86510611e-01 5.77309966e-01 3.02096307e-01 9.15776730e-01
    4.16127294e-01 1.78033233e-01 9.75999594e-01 5.39612174e-02
    5.63746274e-01 7.11956382e-01 4.15518343e-01 7.18592525e-01
    8.86162281e-01 8.81969869e-01 1.89387590e-01 8.71859729e-01
    3.32332551e-02 6.75911486e-01 1.26195431e-01 4.60491031e-01
    6.67547107e-01 2.17779487e-01 6.77689314e-01 8.14819336e-03
    3.21500540e-01 1.55242682e-01 3.65477860e-01 5.09764791e-01
    8.04901838e-01 6.72592938e-01 6.73973680e-01 5.26024342e-01
    5.95218241e-01 8.37666750e-01 7.10586131e-01 6.07033014e-01
    2.36739188e-01 5.90865314e-01 1.15205705e-01 8.19030702e-02
    7.90148079e-02 4.28248346e-01 6.33619666e-01 4.61604476e-01
    8.85979831e-02 5.65486670e-01 9.29683924e-01 1.56830221e-01
    7.29149461e-01 4.36495036e-01 2.62829781e-01 7.83963799e-02
    3.32793891e-02 1.57040447e-01 8.29495430e-01 6.56606913e-01
    5.22408187e-01 6.01066709e-01 9.92200136e-01 5.28277099e-01
    7.10880637e-01 6.04022682e-01 2.81319439e-01 6.91461384e-01
    9.95671213e-01 6.17258132e-01 2.60925055e-01 6.19318783e-02
    4.21802998e-01 8.22419524e-01 3.39715242e-01 9.50159252e-01
    8.26468349e-01 3.43909740e-01 1.37551367e-01 6.01112604e-01
    3.04436803e-01 9.75507796e-01 5.24410963e-01 8.07913184e-01
    6.66749477e-01 7.74120390e-02 2.31622398e-01 5.15136003e-01
    7.40693629e-01 9.39404845e-01 8.28322351e-01 3.61837804e-01
    4.15041983e-01 3.67437273e-01 6.47817671e-01 7.67517686e-01
    5.65322280e-01 8.44293475e-01 1.21174484e-01 2.44702578e-01
    3.73210281e-01 8.98240924e-01 1.80866390e-01 2.40707248e-01
    2.83841044e-01 9.66417313e-01 2.21399516e-01 3.68913859e-01
    1.05320841e-01 4.81707811e-01 2.56463766e-01 8.31921101e-01
    2.25492448e-01 1.71986967e-01 3.81312191e-01 2.41278231e-01
    4.40940768e-01 2.64069617e-01 3.00293446e-01 9.09598589e-01
    8.48126471e-01 2.73757815e-01 6.87575579e-01 3.58965039e-01
    5.81798673e-01 4.24650282e-01 2.93977916e-01 6.79436386e-01
    7.83951998e-01 6.35713041e-02 4.26052332e-01 5.94735801e-01
    1.73219830e-01 2.91342318e-01 2.09228396e-02 9.63392913e-01
    3.67325425e-01 5.17225564e-01 7.94856787e-01 7.64332056e-01
    9.06720042e-01 2.49225885e-01 9.58016098e-01 8.21623862e-01
    1.58373535e-01 1.61242872e-01 5.20637572e-01 6.45112038e-01
    2.66057521e-01 3.14949751e-01 5.38959980e-01 1.65751010e-01
    6.13450110e-02 7.75075555e-01 6.42101288e-01 5.47966063e-01
    6.35249197e-01 6.66834295e-01 2.82794297e-01 7.00297594e-01
    3.23119760e-01 7.48135149e-01 8.31538737e-01 1.60995781e-01
    2.43127346e-04 6.68061912e-01 9.12938476e-01 9.87292230e-01
    8.19132805e-01 6.26950264e-02 4.47171718e-01 8.86404335e-01
    6.83619380e-01 4.51317519e-01 6.52614653e-01 4.02033895e-01
    4.06165570e-01 2.81491935e-01 1.59884244e-01 3.99985939e-01
    1.96778864e-01 2.65292287e-01 4.57409352e-01 1.60086066e-01
    5.05413949e-01 8.31303120e-01 7.49517322e-01 3.64997000e-01
    7.16010988e-01 3.38000655e-02 1.54490829e-01 5.85466981e-01
    2.81315446e-01 7.49488533e-01 7.56612420e-01 4.97914970e-01
    7.64044821e-01 3.53212059e-01 2.52584219e-01 2.90447474e-01
    4.10182714e-01 6.06838107e-01 3.38426888e-01 3.43112648e-02
    9.17423606e-01 2.99969852e-01 1.76678240e-01 5.13905823e-01
    6.10779047e-01 6.73508346e-02 5.23631036e-01 8.61522377e-01
    5.49830735e-01 5.30782044e-01 7.95104742e-01 3.84835541e-01
    2.80237198e-02 7.34226465e-01 8.11403990e-01 7.63837099e-02
    7.48914421e-01 5.94566226e-01 2.02257782e-01 1.84677869e-01
    9.74867940e-01 3.42023253e-01 7.14739859e-02 9.13924813e-01
    3.51123810e-01 9.53615665e-01 7.79958665e-01 5.11250377e-01
    6.01184785e-01 7.25073576e-01 5.09326279e-01 1.57139301e-01
    2.46790618e-01 1.67289674e-02 5.47220469e-01 9.82558966e-01
    8.78910184e-01 7.38881648e-01 5.56769192e-01 1.54511034e-01
    7.89088130e-01 6.19921386e-01 1.21736944e-01 7.62032151e-01
    5.98061442e-01 2.53383160e-01 9.30735767e-02 1.01311117e-01
    3.92166913e-01 3.73737633e-01 9.07206655e-01 4.08251941e-01
    5.36583304e-01 7.39663780e-01 2.96507061e-01 6.60326898e-01
    4.62803662e-01 5.27396679e-01 7.03429341e-01 8.92011166e-01
    9.05947685e-01 7.29529381e-01 5.82017362e-01 5.80392361e-01
    3.72824222e-01 3.65267992e-01 7.54261017e-01 4.11574662e-01
    2.23299116e-01 5.46903133e-01 1.48016781e-01 6.86096251e-02
    8.50486636e-01 1.42623186e-01 6.81127787e-01 2.26133406e-01
    9.78206575e-01 1.11792654e-01 7.70167053e-01 4.75277096e-01
    4.63108420e-02 3.32820415e-01 4.56070900e-03 8.05593252e-01
    5.52377105e-01 3.77355516e-01 8.86641324e-01 9.45985019e-02
    8.05575967e-01 1.33736938e-01 6.56497896e-01 5.87898910e-01
    5.66882968e-01 5.61532676e-01 5.34980893e-01 1.83540523e-01
    6.53636217e-01 4.51540351e-01 7.79898047e-01 9.98149157e-01
    1.69624120e-01 9.07612681e-01 8.07839811e-01 8.13342214e-01
    1.24108404e-01 7.39380121e-02 5.67439973e-01 9.61827517e-01
    7.18294501e-01 4.83948797e-01 9.65942860e-01 4.50969636e-01
    8.10286403e-01 7.79287338e-01 5.64442277e-02 1.00671530e-01
    2.79475629e-01 3.95650029e-01 5.03468156e-01 7.81630099e-01
    2.61781693e-01 4.68792647e-01 5.12860894e-01 7.98274875e-01
    7.61071682e-01 6.81465745e-01 9.57991242e-01 9.32944775e-01
    8.70659769e-01 2.73254752e-01 2.84234285e-01 6.92206740e-01
    7.83124328e-01 4.93813455e-02 2.42103785e-01 5.72981238e-01
    6.41084909e-01 1.10797286e-02 5.74834049e-01 1.25246048e-01
    2.68978894e-01 9.43211317e-02 6.41793787e-01 6.18276596e-01
    7.14873731e-01 5.21077693e-01 4.41156805e-01 6.15534484e-01
    9.69319522e-01 8.92442346e-01 2.15644389e-01 8.29953969e-01
    2.63892174e-01 1.36254191e-01 2.88980275e-01 4.36560810e-01
    9.46271300e-01 9.88227248e-01 9.43051159e-01 5.78992665e-02
    2.72427797e-01 6.50080621e-01 3.55546474e-02 2.01339483e-01
    6.87653124e-02 9.49194074e-01 1.57072008e-01 3.64828408e-02
    3.07998121e-01 3.26774418e-02 4.23459619e-01 5.12497485e-01
    3.80716741e-01 1.18996322e-01 1.70538068e-01 4.93184417e-01
    8.73493552e-01 4.26889956e-01 1.66797638e-03 4.38095510e-01
    1.51742399e-01 2.40965366e-01 2.50481069e-02 2.63244689e-01
    4.08324838e-01 1.88573480e-01 9.24086750e-01 2.94901609e-01
    8.71278763e-01 9.68202233e-01 3.58052939e-01 3.03559393e-01
    1.13834411e-01 9.45197165e-01 6.46076441e-01 9.56395626e-01
    2.67413676e-01 8.24172497e-01 4.20800745e-02 6.98263466e-01
    7.83539116e-02 9.82219577e-02 4.49812412e-01 8.69838417e-01
    7.16803074e-01 5.79016149e-01 3.44491869e-01 6.77920699e-01
    2.78946877e-01 9.36956167e-01 4.55035418e-01 8.98657680e-01
    3.64726543e-01 2.94538915e-01 2.89912701e-01 7.57413745e-01
    1.83860898e-01 3.21399391e-01 6.86432660e-01 4.62813497e-01
    9.53957319e-01 4.27134633e-01 7.70626307e-01 6.07616723e-01
    9.10701573e-01 4.37432051e-01 6.41685426e-02 8.78471732e-01
    3.75323147e-01 6.43273294e-01 9.70854163e-01 5.81781507e-01
    9.18423355e-01 4.85667378e-01 8.06906879e-01 9.51809704e-01
    7.94135928e-01 8.28316927e-01 8.32602084e-02 6.07801139e-01
    8.17105174e-01 3.96411896e-01 4.88870829e-01 2.23953992e-01
    1.78753018e-01 7.13799715e-01 1.38920963e-01 6.19846582e-02
    6.80157900e-01 8.78332913e-01 2.37455517e-01 9.33158517e-01
    2.98003376e-01 1.75938904e-01 4.91208047e-01 5.24231791e-03
    8.42122674e-01 7.69562244e-01 8.25411737e-01 9.69734013e-01
    1.22595400e-01 3.83190632e-01 9.49751377e-01 8.12132955e-02
    6.91128850e-01 7.47964978e-01 5.78385234e-01 3.50337327e-01
    3.28626812e-01 6.46956563e-01 6.45508885e-01 7.60051370e-01
    9.11051810e-01 9.05040205e-01 5.66703796e-01 2.05148250e-01
    5.14891803e-01 1.24725223e-01 6.07706904e-01 2.72064030e-01
    5.93884706e-01 6.80555403e-01 4.01771039e-01 3.43945473e-01
    1.95842952e-01 6.19262457e-01 3.63068640e-01 5.24738073e-01
    9.90217924e-02 6.46469355e-01 8.02691460e-01 8.04289222e-01
    9.83961821e-01 6.67829514e-01 7.57932305e-01 9.28857625e-01
    2.19093412e-01 1.31617188e-02 8.56343567e-01 8.63712847e-01
    6.88752890e-01 9.02233958e-01 1.65888369e-01 1.10778779e-01
    1.01510316e-01 2.09296465e-01 7.99630761e-01 6.82978094e-01
    6.59221530e-01 6.73702121e-01 5.19019544e-01 9.03910458e-01
    6.27104998e-01 4.36197132e-01 9.98315930e-01 8.22733998e-01
    2.01337874e-01 4.18649852e-01 5.60038507e-01 3.98994297e-01
    4.52870548e-01 8.18189740e-01 3.94260049e-01 1.22323394e-01
    9.71396744e-01 8.11967015e-01 7.26636767e-01 9.80948091e-01
    3.54762971e-02 7.42631376e-01 5.38263321e-02 8.55324924e-01
    6.95664287e-01 8.00809979e-01 5.55281401e-01 8.08904827e-01
    6.15982473e-01 7.76427388e-01 4.64227706e-01 8.33865404e-02
    6.61790490e-01 1.07236266e-01 5.83589315e-01 9.97476220e-01
    4.02067959e-01 1.54637903e-01 7.87373364e-01 6.32827222e-01
    6.59566641e-01 7.73299396e-01 9.01050329e-01 1.24088407e-01
    2.37602264e-01 4.42455649e-01 5.37067652e-01 2.07628012e-02
    9.88666534e-01 1.90987766e-01 2.81686187e-02 2.00040907e-01
    7.99040020e-01 9.94293928e-01 6.44065261e-01 3.13898116e-01
    3.77480626e-01 6.21138275e-01 3.42394173e-01 3.01615536e-01
    2.32436955e-01 2.61758685e-01 1.17783517e-01 3.06809723e-01
    6.03959620e-01 2.55873591e-01 3.19513291e-01 9.70010102e-01
    7.50199795e-01 9.18414295e-02 4.57283527e-01 4.80836630e-01
    3.60652417e-01 3.18171382e-01 4.94743377e-01 5.18890262e-01
    5.82347572e-01 4.10472423e-01 3.13271105e-01 7.75116086e-02
    6.64358258e-01 9.54432189e-01 5.36275148e-01 3.63608658e-01
    4.13482249e-01 5.28260231e-01 8.96453619e-01 2.55029321e-01
    9.97785628e-02 3.13360631e-01 1.91689610e-01 4.69551057e-01
    5.44518232e-01 9.57742333e-02 4.22540963e-01 7.26871729e-01
    2.93355405e-01 7.72923827e-01 3.88372838e-01 6.13098860e-01
    1.57532841e-01 1.88824773e-01 1.89082652e-01 2.80711949e-02
    6.99188054e-01 8.80050302e-01 8.90140116e-01 3.26026976e-01
    8.34170580e-01 1.43963128e-01 5.57074845e-01 5.39472818e-01
    4.31665778e-03 2.48019278e-01 1.47385001e-01 1.73927844e-02
    5.73759258e-01 3.50236535e-01 4.72061366e-01 4.05727595e-01
    5.22144854e-01 6.20073199e-01 5.78164756e-02 6.82187676e-02
    1.84968412e-01 9.44706082e-01 7.28022873e-01 9.49840367e-01
    6.15382493e-02 2.70052999e-01 5.90687394e-02 2.68523812e-01
    6.88030183e-01 5.05191386e-01 5.13103008e-01 3.61345887e-01
    5.93964100e-01 4.24677134e-03 9.24139857e-01 3.97067457e-01
    6.32954359e-01 2.71059185e-01 7.66393125e-01 3.35584253e-01
    4.43938851e-01 4.60690856e-01 5.57845592e-01 5.96143842e-01
    6.50827527e-01 9.62828338e-01 9.67411041e-01 8.62311840e-01
    8.08773160e-01 1.68327898e-01 7.24993885e-01 2.53717303e-01
    1.43859982e-02 8.15719485e-01 8.92386436e-01 5.44031501e-01
    1.45540833e-02 1.01652205e-01 2.96009660e-01 8.40094686e-01
    1.18199944e-01 8.20293784e-01 8.25186372e-01 6.44858897e-01
    9.52809691e-01 6.75897539e-01 4.72706556e-01 4.37626064e-01
    6.24552727e-01 5.11102676e-01 7.07021177e-01 9.49822724e-01
    3.56426239e-01 8.35368037e-01 3.14281881e-01 3.12655151e-01
    6.89423382e-01 9.15719271e-01 7.07529187e-01 1.59162909e-01
    5.69030523e-01 3.84997159e-01 2.81177670e-01 9.64146554e-02
    9.24131036e-01 2.34585583e-01 4.33826149e-02 3.10401618e-01
    9.45880711e-01 5.04603982e-03 6.45324349e-01 3.70907694e-01
    1.79746181e-01 7.88035035e-01 5.30548453e-01 3.55398178e-01
    1.08792782e-02 5.42399704e-01 5.42487442e-01 5.31086504e-01
    1.28188342e-01 6.02426052e-01 3.38670015e-02 1.04054749e-01
    5.94017148e-01 5.85944653e-02 6.92789555e-01 1.29533529e-01
    1.65021896e-01 4.73175019e-01 3.54842752e-01 1.02607995e-01
    7.01084256e-01 7.35905528e-01 1.58861518e-01 2.78540403e-01
    8.92884433e-01 4.86727744e-01 5.23075402e-01 3.71256888e-01
    8.08561444e-02 1.17802083e-01 3.50512892e-01 1.72804296e-01
    2.92431712e-02 9.55865085e-02 8.17815959e-01 3.45999897e-01
    6.49579287e-01 3.21167260e-01 9.91253257e-01 1.96034133e-01
    2.89150774e-01 3.72856379e-01 7.86188602e-01 5.34971356e-01
    5.44339836e-01 8.01665425e-01 8.56656194e-01 2.56488204e-01
    2.90259898e-01 7.14611828e-01 7.39576936e-01 7.41056502e-02
    5.53905547e-01 6.13966584e-02 1.25137985e-01 5.00560522e-01
    3.38375211e-01 8.02168846e-01 1.98346823e-01 3.63515377e-01
    8.57228279e-01 2.18933672e-01 3.93342793e-01 2.37902910e-01
    4.39973176e-01 6.90740347e-02 2.87797809e-01 4.13711280e-01
    3.00786793e-01 4.20448065e-01 3.17589283e-01 7.77742863e-01
    2.17768550e-03 5.33581853e-01 7.65174508e-01 1.88163877e-01
    3.66076887e-01 9.74938154e-01 7.37662494e-01 5.30251861e-01
    8.31898808e-01 2.44115204e-01 7.95006990e-01 2.17737645e-01
    1.32013559e-01 4.14513707e-01 1.37232929e-01 4.75985438e-01
    3.92585069e-01 5.13004065e-02 4.21106666e-01 2.59944618e-01
    9.28787112e-01 8.19511175e-01 8.05625975e-01 3.35669339e-01
    6.36580527e-01 5.73817968e-01 9.01462972e-01 6.44918799e-01
    4.16193306e-01 9.87799406e-01 7.22227216e-01 3.60331297e-01
    3.08619410e-01 9.83870745e-01 3.56914312e-01 7.81546235e-02
    1.41599953e-01 3.58295619e-01 8.67203236e-01 8.24128509e-01
    8.30007851e-01 4.47244614e-01 6.33051157e-01 4.88713384e-03
    2.87693948e-01 7.77347744e-01 1.42953753e-01 1.61792487e-01
    4.89380956e-01 2.13722944e-01 1.29933834e-01 1.29555166e-01
    4.09633160e-01 3.53336751e-01 5.98337710e-01 5.25082946e-02
    2.45755166e-01 7.33773828e-01 7.31545687e-02 3.02910805e-03
    4.90924418e-01 7.92369664e-01 8.94117951e-01 1.42160088e-01
    8.05239320e-01 5.24644732e-01 5.96728563e-01 1.08542621e-01
    7.01832294e-01 8.20592284e-01 3.05966884e-01 6.95686221e-01
    5.36126018e-01 3.94428998e-01 9.56955254e-01 6.02948964e-02
    5.69971502e-02 1.89789593e-01 6.18936896e-01 2.10750699e-01
    3.06787074e-01 9.38670754e-01 4.43872273e-01 4.39148545e-01
    6.23816431e-01 9.97174740e-01 4.74442333e-01 6.78688467e-01
    8.00524235e-01 4.64053214e-01 2.74165869e-01 2.65981853e-01
    4.60270941e-02 2.24057227e-01 3.28576058e-01 2.95195580e-01
    8.98220539e-02 7.68131733e-01 3.64057600e-01 3.26377541e-01
    7.02808380e-01 8.71989846e-01 2.03493506e-01 7.69576013e-01
    2.53458768e-01 2.24494785e-01 8.33721399e-01 7.31087089e-01
    6.90705657e-01 3.20329964e-01 9.20167506e-01 5.57136953e-01
    9.33152795e-01 8.05640936e-01 7.46797860e-01 9.70522225e-01
    8.60295057e-01 4.86093700e-01 1.69686228e-01 6.28085852e-01
    7.38828659e-01 9.22851741e-01 9.99352753e-01 1.97334021e-01
    4.31504071e-01 6.69747829e-01 9.57403123e-01 4.66262877e-01
    4.53899384e-01 5.80094814e-01 1.46032810e-01 6.26723826e-01
    2.08281577e-01 5.21545053e-01 8.53311419e-02 1.04221404e-02
    6.37616634e-01 9.89948511e-02 9.28665519e-01 6.67096496e-01
    7.20337868e-01 4.44993079e-02 5.41613400e-02 8.11095893e-01
    9.08900619e-01 9.45197403e-01 4.68051285e-01 5.23573816e-01
    5.51324487e-01 7.90511131e-01 4.11853969e-01 6.86736822e-01
    5.94146490e-01 7.15096176e-01 7.09490359e-01 4.88193452e-01
    4.08933997e-01 1.12496793e-01 4.81098175e-01 9.22713578e-02
    5.11565208e-02 1.71548724e-02 7.99825370e-01 3.19878072e-01
    8.09599638e-01 5.97667158e-01 8.47568691e-01 7.95154333e-01
    5.78897476e-01 4.98212725e-01 1.38258696e-01 3.20470870e-01
    4.20430094e-01 3.19050789e-01 9.01417494e-01 7.17539907e-01
    8.37344885e-01 3.35755825e-01 1.84407145e-01 6.64263785e-01
    2.69772887e-01 9.33155179e-01 4.01726961e-02 8.97267044e-01
    2.45046735e-01 9.52261686e-03 6.08130693e-02 5.40866256e-02
    4.23139930e-01 9.29317117e-01 7.98247814e-01 7.54933119e-01
    2.47664571e-01 3.15548003e-01 6.70935988e-01 7.87389934e-01
    8.15589190e-01 8.62718165e-01 4.06913429e-01 6.69330359e-01
    9.25696313e-01 6.90594196e-01 3.33673865e-01 3.54049832e-01
    3.51679415e-01 8.85014296e-01 9.84291196e-01 5.85190415e-01
    7.31381774e-02 4.93698686e-01 2.31750607e-02 9.47557569e-01
    9.62427616e-01 1.19103968e-01 7.26169586e-01 6.06282234e-01
    5.10545313e-01 4.55060899e-01 3.66565526e-01 7.33868361e-01
    8.31217170e-01 8.98416460e-01 8.84865820e-01 5.80422461e-01
    5.89885294e-01 5.71225643e-01 2.94874191e-01 2.35806823e-01
    7.93029904e-01 3.38255167e-02 8.65649581e-01 3.16637278e-01
    3.39808226e-01 5.10793328e-01 3.61125141e-01 5.57117283e-01
    2.85053313e-01 9.76205945e-01 3.99755239e-01 9.96084213e-01
    8.08167219e-01 5.71183860e-02 9.66806710e-01 2.15785056e-01
    6.46134138e-01 4.45486873e-01 8.27223659e-01 4.76372153e-01
    6.14217639e-01 4.82582957e-01 3.28993112e-01 3.78406942e-02
    7.32665956e-02 8.53786469e-01 9.63763177e-01 5.08329093e-01
    6.27077341e-01 6.22807503e-01 8.18068504e-01 2.00423449e-01
    8.75389099e-01 7.19726562e-01 6.28922343e-01 9.74603653e-01
    1.03038669e-01 6.45640850e-01 4.61618364e-01 4.61105019e-01
    7.23650753e-01 5.21460414e-01 8.05012584e-01 7.63576508e-01
    3.68869066e-01 3.42631936e-01 5.68827689e-01 2.17724741e-02
    4.13301796e-01 9.06519294e-01 5.23729205e-01 4.83996898e-01
    7.96697438e-02 3.49452078e-01 2.34359622e-01 6.33983076e-01
    7.37365663e-01 7.36553192e-01 4.57627028e-01 9.63264167e-01
    6.30967319e-01 6.87233686e-01 3.22807968e-01 8.47667456e-01
    7.46142805e-01 7.74803638e-01 6.39454007e-01 3.29218924e-01
    5.45539141e-01 6.31385148e-01 1.12766832e-01 5.33681154e-01
    5.66656470e-01 3.60479653e-02 7.25104213e-01 4.41567719e-01
    9.53433156e-01 7.91437805e-01 8.94239068e-01 1.77021056e-01
    7.64179111e-01 3.53605479e-01 7.52993882e-01 2.91741014e-01
    7.80472100e-01 4.67388123e-01 4.22138423e-01 3.09716582e-01
    3.76643240e-01 4.67819989e-01 7.17206717e-01 5.18432260e-01
    1.71899170e-01 4.58741099e-01 9.66362655e-02 3.87417942e-01
    5.66659927e-01 5.87744951e-01 2.50584275e-01 4.45415974e-01
    1.59807235e-01 1.97752059e-01 8.62369657e-01 6.04635775e-01
    8.29268098e-02 1.41973794e-01 8.57414246e-01 1.06300652e-01
    1.79368496e-01 2.19179422e-01 8.82495522e-01 4.72959489e-01
    6.82084441e-01 8.53110313e-01 2.37547815e-01 5.67252159e-01
    8.57336640e-01 5.01930416e-02 7.73871064e-01 6.62062466e-01
    1.42693996e-01 5.94547331e-01 5.75859547e-01 7.99059987e-01
    2.78783888e-01 4.03941840e-01 6.03190958e-02 4.11740303e-01
    3.43080372e-01 7.70527184e-01 8.49229693e-01 5.76695383e-01
    8.14790606e-01 6.87097907e-02 4.75415289e-01 4.07259077e-01
    3.06368887e-01 4.16642517e-01 2.18853861e-01 3.30197692e-01
    3.58314097e-01 3.25107992e-01 1.97987705e-01 5.33886373e-01
    9.32973325e-02 1.25960886e-01 1.16404116e-01 4.32104528e-01
    1.73673898e-01 5.40349960e-01 5.54331243e-02 9.25622046e-01
    8.83663177e-01 1.96209431e-01 2.08659738e-01 4.26116318e-01
    2.65480936e-01 7.14916706e-01 7.02146292e-01 2.18195826e-01
    5.33421636e-01 9.62934911e-01 4.19826120e-01 7.19342589e-01
    7.83520103e-01 6.88813925e-01 3.36997509e-01 8.41529965e-01
    6.69899821e-01 5.38367808e-01 6.11839771e-01 2.61077285e-01
    7.13642001e-01 1.45524502e-01 2.83257663e-02 5.43156445e-01
    1.17766261e-01 8.98048222e-01 8.23317766e-01 4.23029363e-01
    3.55986357e-02 2.89002061e-01 1.73682719e-01 8.96369934e-01
    5.20754039e-01 7.25842893e-01 7.84772635e-01 5.58373570e-01
    7.12012708e-01 3.62711668e-01 6.78254426e-01 5.74919224e-01
    9.03209269e-01 7.03072429e-01 3.22689235e-01 7.55065084e-01
    7.45646954e-01 6.69908524e-03 3.42249900e-01 1.33696824e-01
    3.26130271e-01 8.95209432e-01 6.79430485e-01 6.74000680e-02
    7.49179840e-01 3.25522095e-01 2.98379719e-01 8.12377930e-01
    3.06235313e-01 9.88665342e-01 3.97256166e-01 2.48119533e-01
    3.64039660e-01 9.59239423e-01 7.18056381e-01 2.97595739e-01
    7.81355083e-01 7.05681682e-01 1.19265079e-01 1.48434162e-01
    1.74586445e-01 7.04293489e-01 4.72755790e-01 1.98843658e-01
    1.06687337e-01 7.25209713e-01 3.15280497e-01 2.05928087e-03
    6.72768474e-01 6.39162540e-01 8.66616130e-01 5.50966799e-01
    6.10492349e-01 9.44550931e-02 4.36847419e-01 3.67452383e-01
    4.65768844e-01 4.87588614e-01 1.76571995e-01 6.67777658e-02
    8.20023417e-02 3.87841761e-01 1.77863836e-01 7.10166454e-01
    5.84650993e-01 8.62575412e-01 9.25476730e-01 9.63038206e-02
    5.50107777e-01 2.60939419e-01 7.59792447e-01 3.91722232e-01
    1.18153900e-01 3.22642446e-01 8.78526688e-01 1.58675253e-01
    1.35848075e-01 1.30512625e-01 5.14246523e-01 8.93132389e-02
    3.01423311e-01 2.20745265e-01 9.50715780e-01 3.54404330e-01
    7.33321428e-01 7.05406427e-01 1.14137828e-01 8.91090035e-01
    7.26891160e-01 8.61278653e-01 7.74085820e-01 8.44495654e-01
    4.68867302e-01 5.05308867e-01 9.95518923e-01 7.72637129e-02
    5.37559271e-01 9.34197903e-02 4.45694029e-02 6.91569567e-01
    7.71420956e-01 8.71551514e-01 4.71284181e-01 7.54163206e-01
    1.33397490e-01 8.59753311e-01 1.30886734e-02 9.16585326e-01
    6.86593711e-01 6.74249887e-01 4.91908193e-03 7.41079032e-01
    5.51201820e-01 5.25264680e-01 8.69998217e-01 4.41794395e-02
    1.85644120e-01 1.82283223e-02 2.32444048e-01 2.59816349e-02
    3.32806349e-01 9.12800789e-01 4.49115813e-01 8.40612173e-01
    9.61205065e-02 5.02559543e-02 5.94060183e-01 6.25796437e-01
    5.20466387e-01 9.15572703e-01 8.95056367e-01 4.32420492e-01
    7.55885005e-01 2.35741317e-01 6.16566241e-02 3.82942915e-01
    2.37427086e-01 5.28233826e-01 6.12102926e-01 4.85737950e-01
    8.57174993e-01 1.35371864e-01 6.58831120e-01 7.21155584e-01
    4.76776600e-01 7.25040078e-01 7.48166323e-01 2.28486359e-02
    7.31480181e-01 6.77443504e-01 2.02383190e-01 4.37873721e-01
    8.86501312e-01 1.01920277e-01 3.51210892e-01 6.84704185e-02
    5.55485070e-01 1.61572814e-01 2.20853478e-01 6.15129352e-01
    9.36146617e-01 7.69216418e-02 6.85060143e-01 5.93229234e-01
    6.25477314e-01 2.77076960e-02 3.15460891e-01 3.40051830e-01
    1.37370765e-01 5.35353005e-01 2.67199278e-01 8.11099708e-01
    8.10791016e-01 2.33027577e-01 6.34514689e-01 5.49394131e-01
    8.73477638e-01 4.02489960e-01 2.89534330e-01 7.62274742e-01
    9.34945405e-01 3.60530406e-01 8.20314288e-01 6.35305703e-01
    4.20184165e-01 6.44203305e-01 6.22008443e-02 2.03068376e-01
    1.84818715e-01 1.85984582e-01 2.62195826e-01 3.68949741e-01
    9.29858387e-01 5.84849715e-01 7.91032910e-02 1.52425945e-01
    1.52715623e-01 3.81952822e-02 6.32393658e-01 6.12957418e-01
    4.93132949e-01 3.45548630e-01 1.42824560e-01 2.41002053e-01
    3.25740814e-01 1.48416251e-01 6.36406422e-01 1.83337331e-02
    5.89889288e-01 3.75432372e-01 4.33308959e-01 5.37482619e-01
    9.60802197e-01 3.56330156e-01 8.57555747e-01 5.22031665e-01
    1.03325099e-01 5.26013017e-01 4.50480998e-01 4.87215608e-01
    6.51872337e-01 9.16010261e-01 2.29825079e-02 5.61421216e-01
    5.95259547e-01 6.43930078e-01 5.09630561e-01 9.80006337e-01
    4.51925337e-01 2.85344958e-01 1.90648109e-01 5.21327734e-01
    8.13328981e-01 1.57193631e-01 8.39837670e-01 9.16629434e-01
    4.14489150e-01 8.84842396e-01 1.62452519e-01 9.26786959e-02
    7.22417295e-01 8.05065691e-01 2.39358455e-01 2.62988925e-01
    3.87501299e-01 6.27500713e-02 1.75654322e-01 5.28745472e-01
    4.76419389e-01 4.00299907e-01 8.24121118e-01 1.60088241e-01
    4.44360048e-01 6.86171353e-01 2.31957197e-01 4.18030620e-01
    7.06929624e-01 3.53973031e-01 2.81624556e-01 8.17674577e-01
    7.54518211e-01 5.98152995e-01 1.42030030e-01 6.08262122e-01
    4.26944494e-01 3.93860936e-01 8.99868250e-01 7.67255425e-01
    7.42900908e-01 1.28938556e-01 2.25831538e-01 2.65023470e-01
    4.24459100e-01 9.75563347e-01 5.29090464e-01 8.45226645e-01
    1.00190669e-01 4.30741370e-01 4.63993698e-01 6.82022333e-01
    5.95775425e-01 4.18467641e-01 9.83867049e-01 5.67505658e-01
    9.81426239e-01 6.50056064e-01 7.09168732e-01 4.09291089e-01
    5.16820848e-01 6.31453335e-01 2.84433961e-01 6.12850189e-02
    3.98273766e-02 1.58083946e-01 1.09561831e-01 7.14400947e-01
    2.31731534e-02 9.06442404e-01 7.59948611e-01 6.22225583e-01
    8.53512108e-01 3.79433870e-01 7.02907085e-01 2.00193614e-01
    7.25084782e-01 7.32780933e-01 2.36602515e-01 6.20839238e-01
    1.53363764e-01 8.59980941e-01 4.22500908e-01 1.67579383e-01
    1.99799061e-01 3.48164737e-02 4.22121435e-01 2.62931287e-01
    4.62502480e-01 1.15272492e-01 8.53033900e-01 5.03612757e-02
    6.04432821e-01 3.78956169e-01 7.59491920e-01 1.47166103e-01
    1.52519941e-01 6.93084598e-01 1.06123894e-01 3.22861135e-01
    6.63260400e-01 8.29025269e-01 3.89859080e-03 8.27570558e-01
    9.28030491e-01 6.68854952e-01 9.27498698e-01 1.99737400e-01
    7.44181335e-01 4.48128581e-01 7.85656869e-02 1.87300444e-02
    3.75697196e-01 9.26409423e-01 4.80458707e-01 4.80604142e-01
    1.73992664e-01 3.85063648e-01 9.48692799e-01 7.57437050e-02
    8.90610814e-01 8.20593596e-01 1.20705992e-01 9.54502285e-01
    6.17153287e-01 3.23145151e-01 6.61363959e-01 3.29185963e-01
    3.96305710e-01 8.78410339e-02 3.47728968e-01 3.53451312e-01
    9.75838304e-03 6.59562528e-01 4.75361168e-01 1.83857024e-01
    9.52229738e-01 6.05237067e-01 3.10456634e-01 8.77354801e-01
    9.22381759e-01 6.78345144e-01 8.18982005e-01 1.41510397e-01
    1.73361659e-01 1.50325656e-01 3.28696936e-01 3.66568208e-01
    4.21779484e-01 3.48158717e-01 7.57669210e-01 7.21497357e-01
    3.99395376e-01 1.06650829e-01 2.07196474e-02 9.26410556e-02
    4.33084249e-01 7.93868244e-01 7.88310111e-01 6.13683760e-01
    6.84564710e-01 7.48712778e-01 3.89322281e-01 6.31232738e-01
    3.81808132e-01 8.85741234e-01 4.46015596e-02 4.67403442e-01
    4.93774533e-01 9.98295665e-01 6.26303196e-01 3.55382055e-01
    5.20267308e-01 5.02014101e-01 4.91146982e-01 7.72622108e-01
    7.74534285e-01 8.28469872e-01 3.82969946e-01 7.85346508e-01
    3.21251124e-01 8.65822136e-01 6.56001687e-01 8.93619299e-01
    6.02465868e-02 3.92089784e-02 9.54060733e-01 5.53080082e-01
    7.42011607e-01 6.56489491e-01 5.41413724e-02 1.84344530e-01
    1.30746484e-01 1.89437449e-01 9.00878310e-01 5.18404484e-01
    9.95709419e-01 3.76872540e-01 3.06618214e-01 1.79315239e-01
    4.48935151e-01 1.83776468e-01 4.40573990e-01 7.23899484e-01
    7.59078383e-01 5.69461167e-01 9.44912374e-01 7.26545870e-01
    2.04791337e-01 2.52950519e-01 6.21811986e-01 5.07559240e-01
    4.87095714e-02 1.29797250e-01 3.70007753e-02 6.94824457e-01
    3.74424875e-01 8.72944295e-02 9.05427456e-01 9.06245708e-02
    2.65898049e-01 8.67447257e-03 5.74855208e-01 8.39100182e-02
    6.92793965e-01 3.22096884e-01 6.51264369e-01 6.98708713e-01
    9.45076942e-01 4.58240390e-01 5.96615970e-01 1.55401528e-02
    9.81442928e-01 8.38540256e-01 2.50033557e-01 3.37543607e-01
    3.38134170e-01 4.49400902e-01 8.48442912e-01 3.62261534e-01
    3.85712504e-01 4.40462172e-01 8.06480169e-01 6.04845166e-01
    1.63796902e-01 7.02586353e-01 5.40585816e-02 4.26878631e-01
    2.52284765e-01 6.69081867e-01 2.94659793e-01 1.51213944e-01
    7.75009871e-01 8.05339098e-01 6.01431906e-01 1.29543453e-01
    2.87769139e-02 1.17060840e-02 5.13896227e-01 7.49347806e-02
    2.80547380e-01 6.49108946e-01 9.51331317e-01 7.86949396e-01
    1.89934552e-01 7.44324148e-01 1.22744948e-01 6.49064898e-01
    1.21733338e-01 2.34819621e-01 8.50244761e-01 3.43153894e-01
    9.20641840e-01 7.14759052e-01 2.11019844e-01 7.33145177e-01
    3.66860628e-01 2.57776827e-01 2.42637694e-01 9.69763279e-01
    2.53306746e-01 3.57731164e-01 4.29710627e-01 1.23985469e-01
    2.88558483e-01 3.70587409e-01 5.09527445e-01 8.75828564e-01
    6.39164805e-01 8.10968995e-01 9.60486412e-01 4.46362495e-01
    8.46024871e-01 9.64209139e-02 6.21140659e-01 3.34098756e-01
    4.91450459e-01 5.01788616e-01 9.86263156e-01 6.74110293e-01
    9.19490457e-01 7.45730400e-01 5.12941122e-01 7.07839787e-01
    7.37904072e-01 2.07846165e-01 2.97704041e-01 1.24253422e-01
    8.63102674e-02 3.93998623e-01 4.16557848e-01 8.81799936e-01
    5.65113425e-02 2.44198322e-01 9.64832187e-01 2.61366367e-01
    1.53345913e-01 4.74837691e-01 1.33973181e-01 2.33534038e-01
    4.83913958e-01 1.94718629e-01 4.26113546e-01 3.74937594e-01
    5.10656714e-01 8.21371317e-01 1.71417058e-01 8.78606379e-01
    8.44550431e-01 5.92888296e-02 6.52719498e-01 3.79319131e-01
    7.17221200e-01 7.82315016e-01 5.44978321e-01 2.04887420e-01
    5.78812480e-01 9.63605881e-01 5.24353087e-02 5.26808560e-01
    2.14898467e-01 2.48338282e-01 7.75631070e-01 9.85573411e-01
    8.32013607e-01 9.36874509e-01 3.42580527e-01 9.55360949e-01
    1.04803741e-02 3.59732985e-01 5.20498157e-01 9.92403388e-01
    5.69767773e-01 2.11839736e-01 9.17000830e-01 9.96782064e-01
    6.93987787e-01 2.48936534e-01 2.68225223e-01 5.85918605e-01
    5.24717033e-01 3.36532831e-01 1.73057318e-01 2.79128909e-01
    1.80709690e-01 7.18506098e-01 6.95168138e-01 1.16532236e-01
    5.42724431e-01 6.53355241e-01 7.67058611e-01 3.66496623e-01
    3.81785780e-01 1.99783176e-01 7.39669502e-01 9.51962471e-01
    4.92544711e-01 6.05299056e-01 4.33754742e-01 9.90270853e-01
    4.96814162e-01 5.84170222e-01 7.83471465e-02 7.31002629e-01
    1.32251978e-01 9.68706727e-01 4.02793705e-01 6.62647545e-01
    4.53562886e-01 7.34999180e-01 5.95457971e-01 6.34941995e-01
    4.68715370e-01 8.84497166e-01 1.81927949e-01 2.54859507e-01
    6.78182065e-01 2.71580517e-01 8.81431937e-01 4.12171483e-01
    4.17755246e-02 7.67488122e-01 3.14980090e-01 3.56958091e-01
    2.64416873e-01 4.04664636e-01 3.26517105e-01 7.80423462e-01
    6.68106079e-01 3.58087957e-01 5.09415805e-01 6.13077819e-01
    9.90820527e-01 4.47098345e-01 3.17820996e-01 9.12982345e-01
    3.99052352e-01 3.56039673e-01 7.62096405e-01 8.01316619e-01
    6.61600888e-01 5.02290726e-02 3.21830332e-01 4.66872156e-01
    1.90651864e-01 4.47884619e-01 8.53077531e-01 7.66494274e-02
    5.27361035e-03 2.79307812e-01 6.27604187e-01 9.76342678e-01
    6.49547994e-01 3.61769944e-01 6.14636898e-01 7.21955299e-01
    5.16129792e-01 9.88020599e-01 8.94481897e-01 3.28272879e-01
    6.85689986e-01 7.04608917e-01 2.36636192e-01 7.31920779e-01
    3.31412971e-01 4.56531465e-01 1.62480742e-01 8.88006926e-01
    3.08700800e-01 6.90328717e-01 9.32458401e-01 6.08152926e-01
    9.12913561e-01 4.84208912e-01 3.45156491e-02 1.56117648e-01
    4.72146273e-02 6.69407487e-01 3.39774251e-01 4.46840525e-01
    6.11311316e-01 5.07672787e-01 2.70409822e-01 2.10853517e-02
    6.14075422e-01 4.99900073e-01 2.28349984e-01 8.28132689e-01
    9.74342227e-01 9.38109159e-01 4.90331560e-01 9.56234634e-01
    8.52182508e-01 4.39913601e-01 9.20716524e-02 5.00960529e-01
    8.33827674e-01 7.19762027e-01 5.51516473e-01 3.07045996e-01
    2.89049268e-01 6.59170806e-01 5.75869441e-01 3.55155885e-01
    9.94882286e-01 5.05944371e-01 2.61113495e-01 1.51433706e-01
    1.76129341e-01 7.51107395e-01 4.53410894e-01 7.29608774e-01
    1.93926245e-01 7.61685491e-01 8.40511680e-01 3.55868220e-01
    4.41030085e-01 4.71796900e-01 7.78352737e-01 6.13442957e-01
    3.81796181e-01 2.53977209e-01 8.19949448e-01 9.99875665e-01
    6.07125521e-01 8.30458522e-01 1.03413612e-01 6.71891987e-01
    8.26883495e-01 8.86256516e-01 2.34446466e-01 8.85352254e-01
    7.33540118e-01 2.85881162e-01 1.62944049e-01 4.76389736e-01
    6.20510817e-01 7.85190463e-02 1.17147565e-02 1.94978327e-01
    9.64748204e-01 6.68011189e-01 1.06794477e-01 9.47936058e-01
    4.87131715e-01 9.92331088e-01 7.98243642e-01 4.85026896e-01
    2.22555101e-02 3.47311497e-01 9.16125476e-02 2.93140709e-01
    4.04945135e-01 3.41079503e-01 9.42443609e-01 1.98584676e-01
    8.06315839e-02 4.91657317e-01 8.71192336e-01 1.01515859e-01
    3.38421464e-02 6.40255570e-01 7.07112193e-01 7.44556546e-01
    9.44507897e-01 8.93304229e-01 7.82093108e-02 5.06146848e-02
    1.52577192e-01 8.18371177e-01 5.98594368e-01 5.39030492e-01
    4.46993768e-01 5.79266071e-01 2.59525657e-01 2.42890745e-01
    3.59371960e-01 3.97602379e-01 3.07574272e-01 6.02045655e-01
    5.66296160e-01 5.71248412e-01 8.58432114e-01 3.90061617e-01
    6.95851207e-01 6.22823477e-01 6.11626685e-01 7.29258835e-01
    3.55098724e-01 6.92467570e-01 4.44212556e-03 5.44269085e-01
    9.87766623e-01 8.13771367e-01 9.98452067e-01 3.54555607e-01
    6.82869673e-01 8.06579590e-01 4.51319128e-01 3.35386395e-01
    2.12385356e-01 4.14987892e-01 7.34986901e-01 3.69063526e-01
    9.75364089e-01 1.84876800e-01 3.46395880e-01 3.95079792e-01
    6.73088491e-01 4.08673316e-01 6.93633258e-01 1.35610312e-01
    8.33265066e-01 9.52326179e-01 7.43358135e-01 6.84764624e-01
    6.77966654e-01 6.91369593e-01 1.27888888e-01 9.10300851e-01
    2.94429183e-01 3.12669158e-01 2.51015246e-01 5.47611535e-01
    7.75548398e-01 1.20240867e-01 6.03668749e-01 2.16961592e-01
    1.00195169e-01 9.10021067e-01 3.99532318e-01 1.30924612e-01
    7.30947077e-01 8.11756432e-01 6.12939119e-01 2.29716063e-01
    6.12267852e-01 8.96578074e-01 7.29338646e-01 5.13359904e-02
    4.47363853e-01 8.98954570e-02 8.41207743e-01 7.50024199e-01
    8.88774037e-01 5.84649086e-01 5.39713562e-01 2.58260339e-01
    8.90893340e-01 5.54942191e-01 1.38455629e-01 2.21363932e-01
    7.46528268e-01 5.47910213e-01 3.69270504e-01 3.90218079e-01
    2.72716016e-01 3.56998146e-01 3.99325490e-02 1.93058699e-01
    6.56853974e-01 3.53635222e-01 9.31251764e-01 6.81882501e-01
    8.96423578e-01 6.42047167e-01 2.26945579e-02 8.43617797e-01
    7.68576860e-02 9.89049673e-02 7.53000975e-01 2.65478671e-01
    8.65175962e-01 5.92364252e-01 7.70852864e-01 1.26298696e-01
    1.06205553e-01 7.18829811e-01 1.52176201e-01 1.27232283e-01
    9.83108044e-01 5.87614179e-01 8.04805219e-01 1.97402269e-01
    7.80817032e-01 1.45382077e-01 3.20936561e-01 8.14860106e-01
    6.45210803e-01 7.11000085e-01 5.55041790e-01 5.61162412e-01
    3.87228131e-02 8.18950295e-01 3.39170247e-01 1.73759460e-03
    8.88075590e-01 7.55804300e-01 7.21965969e-01 9.78318095e-01
    9.86639857e-01 5.44017792e-01 9.75782037e-01 7.16644466e-01
    2.89461285e-01 7.47493088e-01 5.34299254e-01 1.20876968e-01
    2.96452373e-01 6.44189715e-02 7.52534389e-01 8.94856155e-01
    1.41939849e-01 2.71002114e-01 8.45767140e-01 7.67689764e-01
    1.39240563e-01 3.47444415e-01 9.15843546e-02 2.37354040e-01
    9.85505700e-01 8.82052839e-01 5.89109778e-01 4.58539456e-01
    8.21993589e-01 7.80274928e-01 2.07850873e-01 2.64313340e-01
    1.38628155e-01 2.37098724e-01 5.98284721e-01 3.63397807e-01
    2.98501074e-01 3.67161930e-01 5.72250783e-01 2.11413801e-01
    8.35812688e-01 4.59458023e-01 1.14006579e-01 8.80696058e-01
    8.46603692e-01 4.05107856e-01 6.26024485e-01 5.83656073e-01
    2.15799481e-01 1.19557977e-02 7.62380242e-01 4.70317423e-01
    7.31233358e-02 6.37819409e-01 6.16572201e-02 7.64369965e-01
    3.70990008e-01 2.98210591e-01 3.70229334e-01 5.18581212e-01
    9.01064098e-01 8.93469810e-01 9.12292063e-01 5.33668518e-01
    6.07454658e-01 7.82873631e-02 1.94489181e-01 2.71797359e-01
    4.69795167e-01 5.06642282e-01 4.09379065e-01 5.40423870e-01
    6.76216364e-01 2.99793392e-01 9.67503071e-01 4.29239124e-01
    4.30551052e-01 3.93735915e-01 6.73748016e-01 8.26549172e-01
    2.21211612e-01 4.78932232e-01 5.73012650e-01 2.37427503e-01
    5.34627438e-01 9.03575897e-01 3.79987538e-01 8.46837342e-01
    7.12058485e-01 1.57012939e-02 3.41333717e-01 2.54625976e-02
    8.23736489e-02 4.69135880e-01 8.37637067e-01 7.64905572e-01
    3.77581239e-01 4.39501703e-02 8.42730284e-01 7.78266788e-02
    5.94343841e-01 3.69963229e-01 9.79698896e-01 8.13356876e-01
    2.05559134e-02 2.43042618e-01 8.13113093e-01 9.37678039e-01
    6.53533936e-01 3.18994373e-01 8.58206689e-01 8.29592347e-03
    6.43288493e-02 7.00051188e-01 2.70077616e-01 3.63723636e-01
    2.71853805e-01 5.12155294e-01 1.28603190e-01 9.44915473e-01
    1.73828691e-01 2.18474835e-01 8.79588485e-01 8.60910892e-01
    2.04924047e-02 4.34446722e-01 6.90868378e-01 9.03381944e-01
    5.96615672e-03 7.60844111e-01 3.65715921e-02 1.82936758e-01
    3.57975513e-01 5.39829433e-01 4.42403048e-01 5.01124442e-01
    2.73092389e-02 9.85957742e-01 7.56026685e-01 1.78106517e-01
    4.31748152e-01 1.39197111e-01 6.39454722e-01 4.88491356e-02
    6.90948248e-01 7.73690045e-01 2.18286663e-01 6.51275039e-01
    6.76400959e-01 4.50511754e-01 3.97879779e-01 8.69262159e-01
    7.91347384e-01 2.28169531e-01 2.74071753e-01 4.32393342e-01
    6.42856359e-01 3.04006457e-01 7.31423020e-01 2.84944952e-01
    9.05885041e-01 4.21499193e-01 4.48892415e-01 5.20468712e-01
    6.42214060e-01 2.23239422e-01 7.65237391e-01 2.57865816e-01
    8.48923087e-01 9.74527895e-02 8.58965278e-01 7.55032718e-01
    1.15675151e-01 9.83468413e-01 1.12175614e-01 9.40672874e-01
    9.18969631e-01 5.83440363e-01 1.73234999e-01 9.94360566e-01
    6.17969036e-01 7.75192738e-01 1.83876514e-01 3.61219466e-01
    3.16553831e-01 8.43646646e-01 7.18097031e-01 9.32294846e-01
    6.06072128e-01 1.15570247e-01 1.44458890e-01 2.82255530e-01
    9.31198001e-02 7.84234703e-01 7.36621916e-01 2.32211649e-02
    1.30192697e-01 5.65735519e-01 7.47696400e-01 8.72614026e-01
    3.18977535e-01 6.66671991e-01 4.11995292e-01 7.92107940e-01
    7.98155665e-01 3.07790399e-01 2.01756150e-01 5.49719334e-01
    7.22969532e-01 9.49621499e-02 4.36173111e-01 6.97486520e-01
    1.43094003e-01 3.04490924e-01 6.92450583e-01 5.48407733e-02
    1.01749897e-01 4.03213918e-01 1.36647522e-02 3.33606839e-01
    1.73651248e-01 9.30320978e-01 8.92262757e-02 8.13313603e-01
    8.24477732e-01 4.03372347e-02 5.78602672e-01 8.10598731e-01
    4.13643628e-01 5.64807475e-01 6.32211566e-01 8.43200326e-01
    6.50038600e-01 2.68468112e-01 8.74262929e-01 3.55115354e-01
    6.39649630e-01 3.82713497e-01 6.14988148e-01 4.23420459e-01
    8.86571765e-01 8.50494385e-01 4.33299124e-01 5.97580910e-01
    2.29896039e-01 7.86996007e-01 9.70022917e-01 8.60549212e-01
    8.49226117e-01 7.73403525e-01 3.78964901e-01 2.27756113e-01
    5.76980412e-01 5.61245263e-01 9.90641177e-01 3.79768074e-01
    2.79395580e-01 9.82746899e-01 7.69224703e-01 6.26111448e-01
    3.74088854e-01 7.53321290e-01 5.00538588e-01 5.27415574e-01
    6.83702111e-01 2.64753342e-01 2.98798323e-01 4.85238135e-02
    8.73472631e-01 4.80695933e-01 8.00681412e-02 3.69463354e-01
    7.28633046e-01 1.50332034e-01 6.32094026e-01 5.52616715e-01
    5.82409918e-01 5.56432009e-01 6.97831750e-01 6.27266169e-01
    6.12112761e-01 4.02968794e-01 8.09189916e-01 9.46535707e-01
    8.43661904e-01 8.05385351e-01 2.91312128e-01 5.23521543e-01
    9.56501365e-01 8.83636892e-01 3.02905202e-01 8.52163672e-01
    1.04950607e-01 4.95830745e-01 6.13060594e-03 1.45678461e-01
    8.15686822e-01 3.37524205e-01 4.12372559e-01 8.39307189e-01
    4.17312890e-01 6.38220429e-01 3.73152316e-01 4.23446745e-01
    8.15566659e-01 3.75371367e-01 2.27801532e-01 3.51646841e-02
    5.03246307e-01 6.16959035e-02 2.97208846e-01 2.12245166e-01
    9.51856136e-01 7.14680552e-02 4.43301380e-01 1.28689647e-01
    9.69252288e-01 2.42402047e-01 5.49518168e-02 1.95644408e-01
    2.95668542e-01 3.41593266e-01 4.63161856e-01 4.43957388e-01
    1.35086477e-02 5.31648755e-01 6.65882826e-01 1.16494685e-01
    2.51987755e-01 8.85661542e-01 6.61564529e-01 2.42400914e-01
    3.54247451e-01 7.72140980e-01 1.01635188e-01 4.59900260e-01
    2.95796752e-01 7.69498527e-01 4.86125767e-01 7.77635813e-01
    4.31465745e-01 7.49270201e-01 8.04761410e-01 6.94952190e-01
    1.26715213e-01 1.72972262e-01 5.00448287e-01 2.98027098e-01
    6.96785152e-01 2.58462131e-01 6.44267678e-01 6.82133198e-01
    3.15159440e-01 1.68788493e-01 1.91080749e-01 8.91878009e-01
    6.81575656e-01 4.88700718e-01 7.76678801e-01 7.70166159e-01
    3.45388591e-01 5.31568646e-01 2.70542681e-01 9.57062840e-01
    1.85381174e-02 2.71375030e-01 7.13155687e-01 6.48921728e-03
    9.13202763e-03 7.31049657e-01 1.52238250e-01 5.01507699e-01
    7.53679872e-01 2.99745351e-01 4.12452370e-01 2.24590898e-01
    6.92114234e-02 2.92909622e-01 8.72342646e-01 6.23400331e-01
    1.93816602e-01 2.48588055e-01 1.30483121e-01 6.95720673e-01
    6.31705165e-01 9.23344612e-01 3.06648672e-01 4.50027138e-01
    4.01286900e-01 2.81503439e-01 7.31600046e-01 3.17430019e-01
    4.17769313e-01 6.84654355e-01 4.45131987e-01 8.97153974e-01
    5.07830679e-01 7.53976226e-01 6.13755107e-01 1.58885330e-01
    1.97109580e-02 4.49146926e-02 6.92833900e-01 9.00970399e-02
    3.27825814e-01 6.82714164e-01 5.66655159e-01 9.59842801e-02
    8.83444905e-01 9.03903842e-01 4.03491408e-01 9.09455657e-01
    1.30924851e-01 9.72918272e-01 2.48579025e-01 8.29416633e-01
    9.22408700e-01 8.17173719e-01 5.66998839e-01 9.17942524e-01
    4.06799495e-01 3.34473372e-01 6.92792058e-01 7.35233247e-01
    3.24894369e-01 4.50121880e-01 5.01213431e-01 5.85206270e-01
    8.36346447e-01 8.51190090e-01 7.89146423e-01 9.31674182e-01
    4.21683699e-01 8.13274324e-01 3.96482497e-01 6.81054354e-01
    3.34809780e-01 2.27187723e-01 1.29607081e-01 2.27097392e-01
    3.23234409e-01 7.22247064e-02 8.14032316e-01 7.32168794e-01
    7.50961244e-01 1.97677761e-01 9.77060437e-01 4.35398102e-01
    5.84775209e-01 7.57626891e-01 8.16308260e-01 9.10553336e-01
    5.70368648e-01 8.16176593e-01 8.30828905e-01 5.31720936e-01
    8.55827928e-01 4.57805365e-01 1.55248076e-01 7.84105420e-01
    1.65656269e-01 3.97194475e-01 9.97196734e-01 9.28418398e-01
    8.78395915e-01 1.32742494e-01 6.25959396e-01 5.73824942e-02
    3.51680815e-01 5.07563770e-01 3.91420931e-01 5.93852997e-01
    4.37188536e-01 4.69653696e-01 5.84297121e-01 2.64215529e-01
    1.54977918e-01 2.47087777e-02 4.93134856e-02 4.87270027e-01
    3.86085182e-01 4.06904578e-01 1.31667554e-02 8.22181106e-02
    6.65163934e-01 7.41804123e-01 2.72911906e-01 1.17879927e-01
    1.82051450e-01 9.27020907e-02 5.92593372e-01 2.99118429e-01
    3.10603499e-01 5.27728915e-01 9.41541791e-03 7.44858086e-01
    2.02955395e-01 7.24237204e-01 2.73357987e-01 4.48289067e-01
    1.77240372e-01 8.49116504e-01 8.28491330e-01 6.58989668e-01
    8.68410230e-01 5.41576266e-01 8.28566611e-01 8.71851802e-01
    4.16096419e-01 9.97197151e-01 7.40548253e-01 1.67248189e-01
    9.03200150e-01 9.38994467e-01 8.60318661e-01 3.91966552e-01
    3.31424683e-01 1.15026414e-01 6.40904546e-01 8.58787894e-01
    7.98763037e-02 8.49804819e-01 3.80388588e-01 4.10365313e-01
    8.04554224e-02 4.77923691e-01 5.04246056e-01 7.50841141e-01
    3.25863332e-01 2.01187134e-02 2.54106402e-01 3.64968300e-01
    9.22295094e-01 4.68685746e-01 7.38751113e-01 5.38694561e-01
    3.22243541e-01 4.61305648e-01 1.47276014e-01 2.22942233e-02
    9.00447547e-01 5.80118179e-01 3.95939171e-01 9.26029444e-01
    5.29896736e-01 8.76688063e-02 3.53832006e-01 5.44938803e-01
    1.12480044e-01 2.19689131e-01 3.62914741e-01 1.85971498e-01
    8.36050212e-02 8.97115707e-01 6.81391656e-01 4.57331240e-02
    2.57497370e-01 2.76277661e-01 7.41250694e-01 7.65899360e-01
    7.21510053e-01 5.83891571e-02 6.98853374e-01 9.47611332e-02
    6.07301235e-01 4.07668948e-01 1.81994796e-01 1.16711378e-01
    3.12665582e-01 4.02742356e-01 2.60552883e-01 4.16162848e-01
    1.19218200e-01 7.32700586e-01 3.29827309e-01 5.42836130e-01
    1.16831362e-01 8.48446369e-01 2.18486607e-01 5.54885387e-01
    5.47157824e-01 3.01214039e-01 1.70271397e-01 3.73472273e-02
    7.25291431e-01 7.15116620e-01 9.96136367e-02 5.74004769e-01
    5.55749774e-01 4.20873821e-01 8.72658253e-01 4.79335397e-01
    4.91250932e-01 6.02638245e-01 7.08200574e-01 7.93063760e-01
    4.68652368e-01 2.29200810e-01 5.97646475e-01 7.87110507e-01
    2.46986270e-01 3.31694394e-01 9.93232131e-01 5.10090172e-01
    2.79228687e-02 3.30708772e-01 6.88577831e-01 1.06348246e-01
    6.36694252e-01 8.40278864e-01 8.21126044e-01 4.81921732e-02
    8.87647867e-01 8.35533082e-01 2.97489583e-01 1.84042543e-01
    8.68082643e-02 8.30079436e-01 4.38259751e-01 8.04731846e-02
    2.91253328e-01 3.46950889e-01 9.82364655e-01 6.92244172e-02
    1.57032520e-01 8.70990217e-01 2.13824540e-01 3.60955000e-01
    5.48030138e-02 2.25374818e-01 9.20079708e-01 5.63248873e-01
    6.85419261e-01 1.27680451e-01 8.19320142e-01 9.66998696e-01
    3.29202116e-02 8.30743909e-01 9.31100011e-01 3.45951557e-01
    2.57972330e-01 8.51175547e-01 4.52620924e-01 1.94895387e-01
    6.07061863e-01 8.83635759e-01 1.96984321e-01 1.46311224e-02
    1.27644062e-01 4.91206020e-01 5.39841175e-01 7.74404228e-01
    9.64640677e-01 3.68834734e-01 7.04499424e-01 2.30467290e-01
    4.21864957e-01 1.30286843e-01 6.80957794e-01 7.73597658e-01
    5.81755042e-02 6.95890546e-01 5.11625111e-01 5.14244854e-01
    4.96998340e-01 7.37380326e-01 8.45645666e-01 6.02359354e-01
    8.98563743e-01 7.48576820e-02 1.11453831e-02 4.88629937e-03
    3.71569157e-01 6.57642305e-01 9.86628830e-01 2.44437426e-01
    6.81198716e-01 4.59298879e-01 5.85602105e-01 3.48921895e-01
    3.41365993e-01 9.09870565e-01 4.96100605e-01 7.87876844e-01
    2.44175464e-01 4.45000321e-01 2.36762941e-01 9.82519388e-01
    3.18902820e-01 7.65820980e-01 6.54195130e-01 4.40555006e-01
    2.55989581e-01 9.39087749e-01 9.47126865e-01 1.74597204e-01
    6.54017150e-01 3.68059993e-01 5.49407542e-01 8.45691621e-01
    9.89061475e-01 8.05141449e-01 3.86204481e-01 8.42247844e-01
    2.00932920e-01 3.62182289e-01 8.38217914e-01 2.38475382e-01
    2.66486704e-01 4.68410969e-01 3.72698903e-01 6.65900707e-01
    1.26056105e-01 5.83994448e-01 6.86524510e-01 8.53417993e-01
    6.25625908e-01 5.25575936e-01 1.79567665e-01 7.53486514e-01
    7.87327111e-01 3.76250803e-01 3.08197081e-01 1.71696931e-01
    4.04435217e-01 9.61492181e-01 8.96076441e-01 6.19604170e-01
    5.63371539e-01 8.74214888e-01 6.49529934e-01 5.80690205e-02
    6.21648550e-01 4.15377051e-01 1.68639660e-01 5.32802641e-01
    9.87540781e-01 9.32266772e-01 9.13320184e-02 5.08944333e-01
    3.16596448e-01 5.08305669e-01 5.70961475e-01 1.03100151e-01
    9.30621982e-01 2.11907744e-01 9.35607731e-01 9.11054015e-01
    6.29672408e-01 1.77787960e-01 9.55531478e-01 7.64629483e-01
    1.16647780e-02 8.49871039e-01 6.42951131e-01 2.17705518e-01
    8.59932065e-01 2.05891788e-01 9.69346285e-01 3.06441039e-01
    1.74047887e-01 4.99709010e-01 7.09584534e-01 3.45097065e-01
    7.98990011e-01 8.76911879e-01 8.10350060e-01 4.88363445e-01
    5.85254550e-01 6.24834895e-01 6.34473681e-01 2.11722702e-01
    7.15879977e-01 2.82719076e-01 6.35787666e-01 4.57252145e-01
    2.20336884e-01 4.84986007e-01 4.54096437e-01 1.48650676e-01
    3.46941233e-01 2.13261455e-01 6.97709680e-01 8.65738511e-01
    7.55094945e-01 4.71749693e-01 1.31187648e-01 8.43751073e-01
    6.73352182e-01 8.24836612e-01 9.15144444e-01 1.14905596e-01
    7.00866580e-02 2.60799229e-01 6.87168419e-01 2.91321397e-01
    6.97473764e-01 3.44937623e-01 3.53113085e-01 6.39560342e-01
    8.59537542e-01 2.66797841e-01 5.36302745e-01 3.97794873e-01
    5.43344438e-01 9.07970428e-01 3.24196875e-01 4.48477626e-01
    6.47984862e-01 4.42554653e-02 1.80000067e-03 6.62126601e-01
    2.71856755e-01 8.44652414e-01 1.81572497e-01 5.92387199e-01
    7.36019373e-01 7.38682628e-01 3.92010510e-01 2.44090259e-01
    5.34449637e-01 7.94290125e-01 4.66842681e-01 2.51160860e-02
    2.67418534e-01 1.00899428e-01 2.94501007e-01 9.20042217e-01
    2.79098690e-01 6.41233325e-01 5.94237566e-01 8.33669066e-01
    1.79000944e-01 5.21403491e-01 9.64191914e-01 3.02720785e-01
    6.88432157e-01 2.66449034e-01 7.20563293e-01 2.81666815e-01
    8.77834082e-01 9.13140178e-03 9.75487828e-01 4.39795077e-01
    7.58987188e-01 1.17905200e-01 2.12617874e-01 2.93430239e-01
    4.45106000e-01 2.89466828e-01 3.59357625e-01 1.67654455e-01
    6.63912117e-01 1.40629143e-01 7.27317631e-01 4.99045849e-02
    6.36768579e-01 3.04671466e-01 9.82917547e-01 8.38167310e-01
    1.35265112e-01 7.86896110e-01 9.96391177e-02 7.98897147e-01
    2.04796225e-01 4.75304067e-01 5.07689774e-01 9.46863294e-01
    6.64070368e-01 4.06554222e-01 2.56422430e-01 4.99241263e-01
    9.53090549e-01 4.03375447e-01 6.67653859e-01 8.05920362e-01
    5.34633279e-01 2.69747972e-02 1.62564248e-01 9.10438478e-01
    5.02831101e-01 1.22548968e-01 1.37674391e-01 6.24802232e-01
    4.18738484e-01 5.52940130e-01 8.18160534e-01 4.57381308e-02
    6.76137686e-01 1.92176700e-01 2.77405024e-01 5.12173355e-01
    2.15517491e-01 2.80612648e-01 5.46807528e-01 8.31245899e-01
    2.04843283e-03 3.21652621e-01 3.07075143e-01 5.07700503e-01
    9.26660180e-01 7.32792139e-01 6.48028672e-01 6.16445124e-01
    1.09550446e-01 1.67157590e-01 9.93663311e-01 6.19716585e-01
    8.21998417e-01 2.03885168e-01 8.55130136e-01 4.25887167e-01
    6.72921896e-01 7.46728659e-01 4.05410677e-01 2.74224997e-01
    8.33241582e-01 7.13419020e-01 9.53270435e-01 6.68872118e-01
    7.46061444e-01 6.48255467e-01 9.53125954e-02 1.57787979e-01
    2.56280422e-01 5.50488174e-01 9.04178500e-01 2.87231803e-01
    6.60600662e-01 3.11746001e-01 9.12361622e-01 4.11084592e-01
    7.52280474e-01 3.07394087e-01 6.50821209e-01 7.42863417e-01
    1.52043223e-01 3.79797220e-01 3.93607199e-01 4.37082052e-01
    9.90433276e-01 6.44193530e-01 2.15939343e-01 4.60980833e-02
    8.63068759e-01 2.84447402e-01 6.97515070e-01 4.15709317e-01
    4.87145454e-01 9.55922902e-02 6.13311946e-01 9.09290731e-01
    4.83327389e-01 8.96326542e-01 4.14528131e-01 6.77003264e-01
    2.65778154e-01 3.76334786e-03 3.76867056e-01 9.90348935e-01
    3.43234718e-01 9.90534067e-01 3.78324062e-01 8.28325152e-01
    2.85511017e-02 3.94982219e-01 6.10912383e-01 3.59813213e-01
    7.13478208e-01 8.83388996e-01 6.10630095e-01 7.83301353e-01
    2.37896889e-01 2.13328600e-02 6.41037881e-01 6.02346718e-01
    3.88928205e-01 4.77344543e-01 6.76510692e-01 7.31586099e-01
    9.26883519e-02 9.00460124e-01 1.91849381e-01 1.65938914e-01
    8.16212654e-01 8.76925290e-01 8.98890793e-01 8.25755835e-01
    1.55222297e-01 5.31011224e-02 4.63433504e-01 3.82908195e-01
    9.42902386e-01 3.86346281e-01 5.14579654e-01 1.71272635e-01
    5.88991046e-02 6.43741786e-02 7.47867286e-01 9.93989050e-01
    8.85064125e-01 6.24826550e-02 1.10911816e-01 5.33721507e-01
    8.88588309e-01 7.44970202e-01 8.64350557e-01 8.57031345e-01
    1.68128908e-02 9.48470592e-01 4.62294877e-01 4.94421422e-01
    9.16260958e-01 5.72003782e-01 4.27310288e-01 1.23693138e-01
    6.95694745e-01 7.97832847e-01 7.30222583e-01 1.20929539e-01
    2.96646178e-01 6.05591476e-01 4.80948538e-01 6.54670477e-01
    6.95454538e-01 6.46413803e-01 7.35033095e-01 6.41415298e-01
    5.51703274e-01 4.40068245e-02 9.64420021e-01 6.33294761e-01
    5.27795494e-01 4.38833028e-01 2.20289350e-01 4.55738246e-01
    6.54619575e-01 9.74104226e-01 1.99836791e-02 5.70940256e-01
    1.16800934e-01 6.26113772e-01 7.00176060e-01 2.47765422e-01
    8.18379104e-01 6.22360587e-01 3.10126781e-01 9.22625601e-01
    5.64067841e-01 9.57812905e-01 7.32202828e-02 4.77971792e-01
    1.22776330e-02 3.53972167e-01 2.28380442e-01 7.28236914e-01
    4.32252049e-01 7.72302330e-01 4.82411981e-02 8.58780861e-01
    2.24537581e-01 3.53827953e-01 8.39857340e-01 3.58699083e-01
    3.09118390e-01 7.76311517e-01 3.38745236e-01 3.53948891e-01
    9.77689266e-01 6.06682599e-01 4.30477858e-01 3.85108441e-01
    6.12312555e-02 4.00360227e-02 7.17519104e-01 8.59792590e-01
    4.76645529e-01 1.65514201e-01 6.31116211e-01 9.44319129e-01
    3.12872142e-01 3.87035608e-02 3.27894092e-01 7.17272043e-01
    3.29152733e-01 1.98772490e-01 5.07464468e-01 6.57123327e-02
    7.06366658e-01 2.91234493e-01 8.91082346e-01 7.13318348e-01
    3.21382701e-01 7.80285597e-01 9.81787562e-01 5.11932671e-01
    7.08325982e-01 8.46314907e-01 5.02383828e-01 2.47352004e-01
    2.99096823e-01 1.59786820e-01 5.54658711e-01 7.00474501e-01
    4.19728875e-01 2.84012705e-01 2.12705195e-01 7.42876768e-01
    1.57752901e-01 3.22129369e-01 2.29882061e-01 5.16419113e-01
    5.07153511e-01 1.32103086e-01 9.61885750e-01 5.66915035e-01
    2.56129324e-01 7.51825511e-01 7.06571221e-01 3.41802150e-01
    6.52455091e-01 2.42021829e-01 4.88984168e-01 7.12717831e-01
    1.61348790e-01 8.99469972e-01 2.04603076e-02 6.83657646e-01
    3.61337602e-01 1.01336896e-01 2.25979745e-01 4.53764141e-01
    9.23760533e-01 7.45195925e-01 9.72140908e-01 5.47993302e-01
    1.99154317e-02 4.07116681e-01 7.91308403e-01 5.98766267e-01
    8.78054798e-01 7.53510892e-02 9.08097506e-01 2.20408916e-01
    1.52112335e-01 2.14052528e-01 5.09912133e-01 6.93135560e-02
    1.13913029e-01 3.09663177e-01 7.99075127e-01 1.23621792e-01
    3.99176240e-01 9.05062437e-01 7.25802600e-01 3.20240527e-01
    1.82023197e-01 7.72098899e-01 6.37656391e-01 7.51863003e-01
    8.46344113e-01 2.64712095e-01 4.18709934e-01 1.46066070e-01
    6.33797228e-01 8.65062892e-01 5.13449967e-01 5.06023526e-01
    1.27127200e-01 1.13319159e-02 2.07859725e-01 7.11284816e-01
    1.79449320e-01 7.68153131e-01 1.00894690e-01 9.42727566e-01
    9.15786505e-01 7.65704036e-01 7.92114258e-01 4.76792246e-01
    3.05628806e-01 8.56748819e-01 6.50587380e-02 7.20837653e-01
    4.77588058e-01 1.05269253e-01 4.05456215e-01 8.51332068e-01
    8.64174008e-01 3.72565746e-01 6.28975034e-01 3.72671127e-01
    2.87609935e-01 6.48934066e-01 6.37291074e-01 1.18148923e-01
    6.12547100e-01 4.53594595e-01 2.90458918e-01 3.27624023e-01
    6.70961201e-01 8.38161051e-01 2.00299054e-01 2.34157205e-01
    7.77914524e-02 7.89460540e-01 7.29428470e-01 1.52718872e-01
    2.68253684e-03 7.78155148e-01 6.81182563e-01 5.15853941e-01
    4.26375508e-01 2.43952841e-01 7.79180527e-02 4.38694686e-01
    8.51314485e-01 8.52940917e-01 4.68080372e-01 6.89961493e-01
    8.08801472e-01 2.18543798e-01 3.06721270e-01 1.97336674e-01
    3.55644971e-01 9.26403284e-01 4.98862267e-02 4.77315247e-01
    4.68866110e-01 9.23935413e-01 9.56259191e-01 6.79578006e-01
    9.17941689e-01 6.84102893e-01 6.32097602e-01 3.82766902e-01
    9.77189779e-01 8.24806929e-01 1.78392082e-01 4.71010536e-01
    5.98804414e-01 9.52003896e-02 9.01969433e-01 1.75047994e-01
    2.77536929e-01 8.12920928e-02 7.08150446e-01 5.94147861e-01
    3.97705138e-02 2.18745798e-01 5.42795122e-01 7.45074034e-01
    3.12457561e-01 3.24318647e-01 3.01981807e-01 9.00843263e-01
    8.54791641e-01 1.67787492e-01 1.93639457e-01 1.07177556e-01
    8.75997782e-01 8.99341583e-01 8.22605610e-01 9.80421305e-02
    4.79786038e-01 2.99841762e-02 8.30190897e-01 3.41206282e-01
    7.98595190e-01 7.08228111e-01 8.30155015e-01 6.10282063e-01
    5.42990804e-01 6.50467396e-01 1.58631474e-01 3.54346633e-01
    4.02744144e-01 9.10149634e-01 6.29424274e-01 2.93685496e-02
    6.18355215e-01 6.80994153e-01 5.01233995e-01 6.00868821e-01
    9.48787570e-01 6.70742810e-01 3.68667603e-01 1.65459305e-01
    2.69586921e-01 9.81859207e-01 3.03422332e-01 7.44138896e-01
    3.11832011e-01 5.57210088e-01 6.68672502e-01 3.73222053e-01
    8.47291231e-01 1.60756588e-01 7.99412847e-01 6.97651029e-01
    9.76556659e-01 7.38429904e-01 6.57740295e-01 6.84945285e-02
    9.77855623e-02 4.20130730e-01 7.18478203e-01 8.96132827e-01
    6.52537107e-01 7.27597296e-01 9.77036715e-01 7.95502186e-01
    2.12219894e-01 8.44230413e-01 5.65105855e-01 3.48907888e-01
    4.04865026e-01 2.49354184e-01 5.31896710e-01 6.88983202e-01
    5.32692373e-01 5.44070601e-01 2.47359931e-01 9.66150284e-01
    1.31761253e-01 5.80555201e-02 9.82679129e-02 4.25741673e-01
    2.90323526e-01 1.97708964e-01 8.50079656e-01 2.30766892e-01
    9.98652935e-01 9.09103692e-01 2.36008823e-01 2.80294657e-01
    9.89195824e-01 8.72505307e-02 8.08748722e-01 8.09188783e-01
    5.74299693e-01 5.79581141e-01 1.62929803e-01 7.01369345e-02
    5.26219428e-01 7.55168021e-01 4.92217660e-01 5.63752413e-01
    7.60048270e-01 7.41049051e-02 5.06974161e-01 8.43540430e-01
    4.56718147e-01 9.76156831e-01 7.81991780e-01 3.99738133e-01
    9.88724113e-01 4.44727331e-01 4.14547741e-01 4.60931659e-03
    9.89060163e-01 8.74663115e-01 5.63141346e-01 5.99293351e-01
    5.25666237e-01 5.19822061e-01 2.08790541e-01 5.63269198e-01
    3.05828691e-01 8.57898474e-01 6.25574112e-01 2.99303830e-01
    6.42586350e-02 9.99432802e-01 6.58620000e-01 8.47091675e-01
    6.93004906e-01 4.90227759e-01 8.17332268e-01 2.60304630e-01
    6.61973596e-01 7.07269788e-01 4.29140449e-01 9.94963884e-01
    2.50734031e-01 3.42124879e-01 3.50700259e-01 4.00408506e-02
    8.58428776e-02 1.74239457e-01 9.01558995e-02 3.36175621e-01
    3.94617617e-02 6.46070480e-01 4.64330941e-01 8.19915533e-02
    1.68168753e-01 3.71206939e-01 9.40907478e-01 3.75903070e-01
    8.99471223e-01 9.23365355e-04 3.56879503e-01 1.91230536e-01
    7.29512155e-01 4.50904131e-01 7.04752207e-01 2.78910428e-01
    1.29914850e-01 1.50225759e-01 8.16117883e-01 4.38997775e-01
    4.25097257e-01 3.53232324e-02 1.41412795e-01 3.84261280e-01
    2.08810121e-01 2.86188096e-01 6.04361415e-01 7.35297501e-01
    8.55802894e-01 9.61287856e-01 1.52946383e-01 9.42000151e-01
    9.83943164e-01 4.79373306e-01 1.96387649e-01 7.01887608e-01
    5.05495906e-01 8.74066949e-02 6.69695973e-01 1.00642443e-04
    4.11763966e-01 8.85349333e-01 3.15263510e-01 4.11576480e-01
    3.19932163e-01 2.27466643e-01 2.98762321e-01 2.46987134e-01
    1.15296036e-01 4.78289425e-01 6.00509465e-01 8.79174769e-02
    3.09761882e-01 3.85067344e-01 7.05739260e-01 3.41995299e-01
    5.61967075e-01 1.37781143e-01 8.14235866e-01 2.72511899e-01
    2.99878597e-01 5.27990818e-01 2.16163337e-01 2.79459774e-01
    4.93309438e-01 6.04414105e-01 6.08960688e-01 8.03526282e-01
    5.68319440e-01 9.89081383e-01 1.45379156e-01 2.70455211e-01
    1.90661937e-01 6.49080932e-01 7.61711061e-01 8.65803480e-01
    4.93256122e-01 2.65064716e-01 2.77575850e-02 6.35946155e-01
    8.34546804e-01 1.44011140e-01 1.22367620e-01 7.53771067e-01
    4.06962723e-01 3.92887264e-01 4.93628114e-01 2.01247603e-01
    7.21740425e-02 8.96404147e-01 8.53069127e-01 7.77643919e-01
    6.48611844e-01 5.87649882e-01 8.55043173e-01 6.32565320e-01
    9.01715517e-01 6.54718339e-01 2.62042463e-01 7.65525937e-01
    1.33499563e-01 6.82296932e-01 1.73065454e-01 7.15328157e-01
    1.61385894e-01 9.46579933e-01 3.36043358e-01 7.97924519e-01
    1.96564764e-01 3.12703788e-01 7.31618702e-02 5.31306624e-01
    6.21302068e-01 6.98029339e-01 7.73433447e-02 8.37333739e-01
    8.99345756e-01 1.76689953e-01 6.27039909e-01 2.87145913e-01
    2.59987652e-01 2.32426822e-02 6.89991534e-01 7.12756634e-01
    4.23967391e-01 3.97557557e-01 8.36832643e-01 1.99900448e-01
    7.97281265e-01 4.28560734e-01 4.82004583e-01 8.95423293e-02
    1.22209787e-01 5.59144497e-01 1.32561982e-01 1.70855016e-01
    2.97160804e-01 2.62635589e-01 3.96380126e-01 1.27155632e-01
    4.66819555e-01 2.48227447e-01 2.04812407e-01 1.66058511e-01
    2.83418596e-01 8.71364594e-01 3.00913423e-01 5.37426174e-02
    6.35525644e-01 6.09693170e-01 2.00889885e-01 7.59560823e-01
    3.53240043e-01 7.43033409e-01 9.41988766e-01 6.29009128e-01
    7.68874109e-01 2.93298364e-01 5.82488716e-01 3.30759585e-02
    1.15876049e-01 1.69023693e-01 1.98442638e-01 9.25272942e-01
    7.96715975e-01 3.64614427e-01 8.43083620e-01 6.75544441e-01
    6.72877729e-02 1.47250593e-02 7.13162124e-01 7.41209984e-01
    9.85849142e-01 6.43167436e-01 3.32614958e-01 6.62394047e-01
    3.53874534e-01 2.21309394e-01 3.96211803e-01 4.86595124e-01
    7.26717353e-01 8.20352077e-01 9.04119313e-02 1.85125142e-01
    1.95567518e-01 8.58076096e-01 2.60319948e-01 2.76062131e-01
    7.04586804e-01 9.15401459e-01 6.13684952e-01 3.37874889e-02
    3.24755311e-01 9.25167203e-01 8.81976604e-01 7.83949018e-01
    7.91552663e-01 5.64500511e-01 8.62715721e-01 2.55222797e-01
    3.69491309e-01 2.68142819e-01 6.00936532e-01 3.95672858e-01
    1.64039463e-01 3.10522795e-01 9.59255278e-01 4.05946493e-01
    5.05520105e-01 2.08248198e-01 9.26927447e-01 6.46517754e-01
    9.33971286e-01 3.71778727e-01 1.37653083e-01 6.80152059e-01
    3.25700998e-01 5.36868572e-02 6.92673802e-01 7.61790633e-01
    7.62866199e-01 5.58676422e-01 4.06205744e-01 6.81863785e-01
    6.19414151e-02 2.34978497e-02 6.14598334e-01 4.67394680e-01
    3.14801633e-01 1.91593349e-01 5.28362453e-01 2.32284874e-01
    7.16900110e-01 2.76305318e-01 7.41101205e-02 5.53236544e-01
    3.41091454e-02 4.66337323e-01 6.07660711e-02 6.25281036e-01
    9.04617429e-01 6.62164986e-01 4.21900153e-01 1.21701896e-01
    8.57025385e-03 8.00570250e-01 7.84232974e-01 9.42615986e-01
    3.08204085e-01 3.28634173e-01 7.00120091e-01 7.88670540e-01
    4.85841364e-01 4.39979553e-01 2.88428128e-01 3.74259531e-01
    5.03250182e-01 3.91992927e-01 9.13760245e-01 9.60720241e-01
    1.72200501e-01 2.31250525e-01 4.37612236e-01 6.73511386e-01
    8.53536725e-02 2.98221797e-01 2.19017416e-01 2.80664504e-01
    3.33254695e-01 9.77437377e-01 8.74249458e-01 8.73916626e-01
    6.59858644e-01 8.71067524e-01 8.16117704e-01 3.68251890e-01
    8.72123480e-01 7.13036954e-02 5.05776346e-01 7.89059460e-01
    2.84516275e-01 7.64236033e-01 6.44036055e-01 6.43910289e-01
    1.71720058e-01 9.21840072e-01 5.49502611e-01 1.58537477e-01
    3.89063537e-01 5.07931590e-01 7.90258408e-01 1.04766458e-01
    1.58097148e-01 5.93075275e-01 7.35212743e-01 7.78875947e-01
    2.25479305e-01 9.16661620e-01 2.53539681e-01 5.00741601e-03
    2.84336746e-01 9.15609062e-01 5.22742212e-01 2.49427080e-01
    7.69237995e-01 2.17079639e-01 8.24750543e-01 1.76719427e-01
    2.98855245e-01 7.87956357e-01 9.60912585e-01 2.87418664e-01
    2.00115830e-01 7.44123578e-01 7.32598543e-01 3.40938151e-01
    8.53685737e-01 3.20701122e-01 5.21327913e-01 7.16548324e-01
    9.72047448e-03 5.34237623e-01 8.05202484e-01 8.23746562e-01
    1.80498391e-01 4.24457133e-01 5.38933754e-01 9.02465820e-01
    9.26036835e-01 4.50219333e-01 1.32254273e-01 4.72815543e-01
    7.75921941e-01 5.78724623e-01 9.98530507e-01 4.57951188e-01
    6.94449782e-01 1.51438862e-01 8.34479272e-01 1.08134419e-01
    1.20259732e-01 7.80350924e-01 8.87917280e-01 8.16158056e-01
    7.12329030e-01 8.35945368e-01 7.79412448e-01 6.19114280e-01
    6.27285957e-01 7.99189925e-01 1.32916570e-02 3.49113345e-01
    9.10505652e-01 4.27025110e-01 7.24750161e-01 8.06947112e-01
    8.01529288e-01 9.73241091e-01 3.54670644e-01 1.14051253e-01
    5.48405051e-02 2.68468261e-03 3.85707885e-01 2.04549521e-01
    5.40500343e-01 8.49261999e-01 9.49202359e-01 7.24031866e-01
    2.44167358e-01 2.85522044e-01 5.93921125e-01 7.09030747e-01
    9.99281108e-01 9.69414711e-02 2.57342815e-01 1.66462511e-01
    9.65548038e-01 6.47079647e-01 8.69557619e-01 4.67567742e-02
    9.89350796e-01 6.61976159e-01 7.89374590e-01 7.05358088e-02
    6.49881959e-01 5.49454987e-02 7.67949581e-01 1.21862888e-02
    8.48782897e-01 2.13777125e-01 6.42214656e-01 5.87588727e-01
    8.97660613e-01 4.70550388e-01 5.44358253e-01 2.18179226e-01
    1.80166453e-01 6.52626336e-01 3.04270387e-01 9.86276746e-01
    9.37841415e-01 7.50263929e-01 1.86773032e-01 7.03047633e-01
    1.70040876e-01 2.40100324e-01 7.93513060e-01 7.30168402e-01
    3.78272712e-01 6.87456965e-01 3.95325005e-01 8.90243113e-01
    2.08578110e-02 6.78348660e-01 7.15983212e-02 3.49680662e-01
    1.26024246e-01 3.88073564e-01 9.13335919e-01 9.52334046e-01
    2.87537515e-01 2.50545919e-01 9.30490792e-02 4.25102711e-01
    2.05626935e-01 7.71263063e-01 9.20731783e-01 7.07903564e-01
    3.90410423e-02 2.26322144e-01 7.60082901e-01 9.39156890e-01
    8.66356015e-01 2.52659619e-02 6.82147861e-01 1.40531987e-01
    8.15795541e-01 3.86615306e-01 4.70476419e-01 9.52722549e-01
    1.72553271e-01 8.55184019e-01 4.43040907e-01 4.90909040e-01
    9.41963434e-01 3.34773779e-01 5.33119857e-01 2.54084468e-02
    4.12092060e-01 6.54100478e-02 4.30386752e-01 6.38298750e-01
    3.62411141e-02 7.66129136e-01 7.65638590e-01 8.70255709e-01
    8.12935948e-01 9.09539461e-01 8.69193196e-01 4.81577814e-02
    9.45062697e-01 3.47642899e-01 2.79081404e-01 7.96202958e-01
    4.17011738e-01 1.49038732e-01 8.89537692e-01 9.22345519e-01
    2.04901785e-01 4.15078998e-02 3.67290765e-01 9.14850771e-01
    2.63786614e-02 9.89735246e-01 4.82935190e-01 8.56124461e-01
    5.15077472e-01 2.60776311e-01 3.68148237e-01 4.15452510e-01
    6.32297695e-01 5.77057064e-01 7.00269639e-02 4.58701044e-01
    3.63713741e-01 2.00926840e-01 1.26957715e-01 2.26126194e-01
    5.59904873e-02 5.50325513e-01 4.18624699e-01 3.47928673e-01
    5.14915884e-01 3.29877913e-01 5.19315720e-01 3.13251376e-01
    3.14659953e-01 8.18891883e-01 1.91247761e-02 3.11066747e-01
    7.96764374e-01 9.76322472e-01 8.48102868e-02 9.37795401e-01
    5.71645081e-01 5.74821413e-01 5.81232309e-02 2.31779486e-01
    8.49343538e-01 6.46637142e-01 5.36267638e-01 4.13334697e-01
    2.65072227e-01 4.51310068e-01 5.07433295e-01 3.56959701e-01
    4.61955965e-02 2.02006608e-01 8.82860303e-01 1.34481698e-01
    1.60482138e-01 6.78011715e-01 7.67997980e-01 4.05750036e-01
    1.43882632e-03 9.84827995e-01 6.90315783e-01 1.02766573e-01
    5.98381758e-01 5.14379621e-01 8.99813175e-01 6.68529570e-02
    2.87084877e-01 1.08045965e-01 5.96578419e-01 3.83329630e-01
    7.34649241e-01 7.47746825e-01 6.61627889e-01 1.05436921e-01
    3.08672190e-01 1.12023950e-01 1.35011643e-01 8.27260315e-02
    9.32070613e-01 6.46798432e-01 5.73626697e-01 3.16752195e-01
    1.70477629e-02 5.35880804e-01 5.43084860e-01 8.76332402e-01
    5.54686069e-01 5.88419497e-01 8.09002042e-01 7.03128576e-01
    7.45754659e-01 9.86836314e-01 8.48424554e-01 8.64022493e-01
    8.09847474e-01 1.52643085e-01 7.34140754e-01 7.53173530e-01
    6.40628338e-01 2.31617868e-01 6.69281721e-01 6.75099194e-01
    3.83171499e-01 9.42428470e-01 7.99311161e-01 3.89081240e-02
    5.81849694e-01 8.83107722e-01 1.27336383e-01 8.32486033e-01
    2.29916275e-01 1.68857574e-01 5.07201672e-01 5.00492811e-01
    6.44278288e-01 1.99158877e-01 7.92444766e-01 2.60334551e-01
    6.05093360e-01 7.56124616e-01 2.88621008e-01 8.70603561e-01
    6.73102975e-01 9.45619643e-01 6.94930196e-01 9.56973076e-01
    1.15707099e-01 4.42649126e-01 8.42423856e-01 7.68247545e-01
    3.75353694e-01 8.57891202e-01 5.53099513e-01 1.86944455e-01
    4.72990423e-01 3.01258862e-01 2.38722444e-01 7.64209449e-01
    8.06424022e-01 6.17016077e-01 3.68302464e-02 4.64649349e-01
    2.86442816e-01 4.45182234e-01 7.57463157e-01 8.48057270e-02
    9.34529960e-01 1.41228735e-01 4.38786805e-01 8.89011085e-01
    7.33906507e-01 9.84045446e-01 1.07805520e-01 8.88241470e-01
    7.64255524e-01 1.98974013e-01 5.97257078e-01 1.54555112e-01
    2.30708122e-02 4.36467260e-01 4.96379048e-01 5.60499251e-01
    9.16335583e-01 9.30757821e-02 2.68964767e-01 6.85579479e-01
    4.35407758e-01 3.52892220e-01 7.70843267e-01 3.64793181e-01
    8.24600160e-02 8.50331664e-01 5.10951579e-01 1.83468997e-01
    9.88232076e-01 1.94778353e-01 8.61918151e-01 2.44162381e-02
    2.45405823e-01 3.73362452e-01 3.36561561e-01 1.89515263e-01
    9.24117148e-01 2.85894871e-02 2.50970840e-01 5.63504636e-01
    8.21844339e-02 5.13341844e-01 8.65324974e-01 2.06526905e-01
    6.03173673e-01 5.85148633e-02 9.66674447e-01 8.07327390e-01
    9.96070385e-01 4.52209890e-01 1.25436485e-01 9.14156497e-01
    8.72902751e-01 3.64713162e-01 3.77417654e-01 4.98391211e-01
    9.71992314e-01 5.34713268e-04 6.97687268e-02 3.02535474e-01
    9.27074194e-01 7.67339051e-01 6.72522426e-01 6.27353668e-01
    2.84307539e-01 8.57561350e-01 6.68494821e-01 3.44097614e-01
    5.27399123e-01 7.39002526e-02 4.04267609e-01 7.52906203e-01
    4.46406633e-01 9.63921905e-01 1.21917248e-01 4.35084403e-01
    6.09923363e-01 7.45333135e-02 9.32577074e-01 1.45910621e-01
    7.72695422e-01 6.95040047e-01 7.03282595e-01 7.79587030e-01
    9.08117890e-02 5.35952985e-01 6.45925879e-01 6.55158043e-01
    3.86525989e-01 7.62518525e-01 3.94785404e-02 3.06058586e-01
    7.56668210e-01 8.88062835e-01 5.66318989e-01 7.49825835e-02
    7.28868723e-01 4.40563291e-01 1.09553486e-01 3.52577895e-01
    3.77624810e-01 1.30535185e-01 7.09443629e-01 5.59450090e-01
    4.49226379e-01 3.18646014e-01 8.37692857e-01 4.35783416e-01
    4.15593386e-04 9.84485865e-01 6.43454671e-01 7.19985962e-01
    7.11618245e-01 8.30790997e-02 6.63757682e-01 7.88028419e-01
    9.44636762e-02 6.87413633e-01 1.71197861e-01 3.32188308e-01
    1.23585671e-01 7.95153081e-02 4.86438364e-01 4.31865543e-01
    8.83525252e-01 4.29074138e-01 7.51718879e-03 1.44218415e-01
    4.89119440e-01 6.17912471e-01 9.17801678e-01 4.54481184e-01
    4.64071900e-01 3.81062090e-01 3.93051058e-01 9.96062458e-02
    9.53020573e-01 7.47564375e-01 4.34434831e-01 2.12047040e-01
    4.69310284e-01 6.08264208e-01 2.27455199e-01 1.60008341e-01
    7.08375514e-01 5.36652029e-01 4.58659172e-01 7.24308908e-01
    2.42685616e-01 7.38822639e-01 6.88427925e-01 7.74945498e-01
    4.32403564e-01 7.44895816e-01 8.02655458e-01 3.72611344e-01
    6.52004361e-01 6.41549349e-01 1.87350780e-01 2.98783720e-01
    1.87781662e-01 3.28660905e-01 2.10212588e-01 6.18052006e-01
    4.39309359e-01 2.87165552e-01 3.01720619e-01 1.00780308e-01
    6.99215531e-01 6.11922264e-01 7.07088113e-02 2.74352312e-01
    2.09182948e-01 8.27539682e-01 4.09476966e-01 1.80702657e-01
    3.23357284e-01 3.72688651e-01 6.04742587e-01 8.28978062e-01
    5.17587185e-01 5.23760319e-01 3.25016618e-01 5.25557399e-02
    3.75756294e-01 8.55214477e-01 4.91038561e-02 7.99738288e-01
    7.21135139e-01 5.05220056e-01 3.99596184e-01 5.64582169e-01
    6.12587512e-01 2.46532530e-01 9.95770693e-01 1.99568272e-01
    1.09495431e-01 6.17865264e-01 5.67671716e-01 4.22325283e-01
    1.64007515e-01 5.29257834e-01 2.11860806e-01 1.93425834e-01
    2.17574358e-01 7.50988305e-01 8.23741853e-02 9.17278528e-01
    7.02365518e-01 4.06319499e-01 9.82270956e-01 2.24899083e-01
    2.88546652e-01 9.23179507e-01 4.72854853e-01 5.04592419e-01
    3.63065481e-01 8.06620479e-01 8.19180846e-01 8.18487287e-01
    3.39226604e-01 3.84997100e-01 8.72629166e-01 3.10493737e-01
    4.53773350e-01 2.00116932e-01 2.98871100e-02 9.70909953e-01
    5.95140398e-01 7.43576765e-01 4.03332978e-01 9.84712839e-01
    9.51510668e-01 1.85348421e-01 3.48149121e-01 4.79630351e-01
    4.07214433e-01 5.81791520e-01 6.94270074e-01 4.11448717e-01
    3.72178972e-01 4.79998469e-01 2.18114257e-03 4.85478610e-01
    6.94921076e-01 5.68644524e-01 3.55540276e-01 4.28241611e-01
    2.25905746e-01 2.48740435e-01 4.32331860e-02 1.24903589e-01
    4.11020637e-01 3.67770046e-01 9.61210728e-01 3.69046867e-01
    8.08788121e-01 4.73449916e-01 4.78975981e-01 1.96264088e-01
    8.70649338e-01 1.70787305e-01 1.88565016e-01 8.96563053e-01
    2.86076516e-01 2.73357034e-02 3.21018547e-01 1.28269821e-01
    5.09979129e-01 8.40536475e-01 1.18789285e-01 6.21148825e-01
    4.89649683e-01 2.00141668e-01 9.41869140e-01 8.27615499e-01
    3.20429504e-01 6.44073248e-01 1.12050831e-01 2.19608277e-01
    6.68058634e-01 5.10058820e-01 7.75212288e-01 6.86671495e-01
    3.90429437e-01 7.49112666e-02 8.13103259e-01 5.85372388e-01
    8.86939466e-02 1.49808824e-01 4.74575490e-01 1.89509988e-01
    6.61723137e-01 2.01866031e-02 5.72904766e-01 6.26917422e-01
    3.56628597e-01 1.39097840e-01 3.91850531e-01 4.25379753e-01
    8.16836596e-01 6.66958153e-01 1.93314165e-01 5.60342073e-01
    2.34578550e-01 8.37285519e-01 2.86495537e-01 8.74359965e-01
    5.03096700e-01 9.03156042e-01 4.03062463e-01 6.86480820e-01
    3.63218218e-01 6.53759003e-01 6.01826668e-01 6.85208678e-01
    9.50114131e-01 7.82434106e-01 9.12839174e-01 4.96811092e-01
    1.20821118e-01 4.04324442e-01 7.21059740e-02 1.46095365e-01
    6.01186156e-01 9.68413353e-02 2.58353651e-01 5.40581107e-01
    3.77886623e-01 4.62749302e-01 5.59579372e-01 5.37719369e-01
    8.42051744e-01 2.42328316e-01 5.23796797e-01 8.62874269e-01
    9.36477900e-01 7.82786012e-01 3.95942658e-01 5.48220515e-01
    3.04726660e-02 5.07782340e-01 6.81953788e-01 4.66564327e-01
    7.53739238e-01 8.21176529e-01 5.65883994e-01 8.19305778e-02
    7.85069346e-01 9.99346137e-01 4.28158849e-01 4.93842065e-02
    5.09045243e-01 4.38840359e-01 7.19419003e-01 1.08390540e-01
    8.14473748e-01 7.42933989e-01 2.93323129e-01 7.69640446e-01
    3.51584554e-02 1.53290093e-01 2.51630157e-01 5.12868464e-02
    3.78917396e-01 6.72209442e-01 3.21950912e-01 7.91163564e-01
    6.84697807e-01 4.59981769e-01 5.51174402e-01 5.03138006e-01
    1.78663343e-01 2.20595360e-01 9.53101635e-01 2.10628122e-01
    7.64330149e-01 5.42630494e-01 3.90555710e-01 9.70877707e-01
    6.83097482e-01 8.42602432e-01 1.27385408e-01 2.65259624e-01
    7.93444216e-01 5.58850348e-01 9.45813417e-01 9.71173763e-01
    1.03686690e-01 6.63404703e-01 5.49964428e-01 3.82824481e-01
    4.19055372e-01 8.91789556e-01 6.09626412e-01 8.85562003e-01
    2.65149176e-01 9.60924625e-01 8.55208814e-01 2.11204112e-01
    7.02152491e-01 8.43058825e-02 9.81791139e-01 4.47057843e-01
    3.94601226e-01 6.57576919e-01 9.30070162e-01 9.98857617e-01
    1.65511847e-01 7.20511556e-01 7.17585385e-01 2.82346368e-01
    9.38961148e-01 4.80357379e-01 7.76980639e-01 1.76710904e-01
    9.97103512e-01 2.18182236e-01 1.24587774e-01 2.84368485e-01
    6.22416139e-02 7.61017442e-01 2.84476697e-01 2.07550168e-01
    7.67221093e-01 8.46099615e-01 2.10357666e-01 1.53034538e-01
    5.13071299e-01 1.46604359e-01 4.51406389e-01 3.71432126e-01
    7.55307078e-01 1.59924716e-01 6.79061115e-01 9.16123688e-01
    2.42266357e-01 3.92627895e-01 3.64765853e-01 1.57870442e-01
    1.09327346e-01 8.46900940e-01 6.71037197e-01 5.50848603e-01
    7.25687444e-01 7.86323309e-01 7.94780672e-01 7.10604310e-01
    2.96272039e-01 5.66692531e-01 4.23132539e-01 7.22048402e-01
    6.34472132e-01 3.56126964e-01 6.40146255e-01 8.50228190e-01
    5.99865377e-01 9.22180414e-01 2.06987947e-01 9.74236846e-01
    9.88810658e-01 4.17182446e-02 3.49345416e-01 9.26773667e-01
    6.01807237e-01 2.94641435e-01 6.72233045e-01 6.57190621e-01
    8.35570216e-01 7.82807946e-01 3.25202048e-01 7.85840869e-01
    5.33421457e-01 5.88210583e-01 1.14003927e-01 1.68825388e-01
    7.48683333e-01 3.28749716e-01 3.84035915e-01 2.26379693e-01
    2.49409229e-01 5.68428576e-01 9.71858501e-01 3.50723058e-01
    2.68087804e-01 1.63148344e-01 4.60270941e-01 8.45334709e-01
    5.16631901e-01 3.85472775e-01 8.73729944e-01 5.25264442e-02
    2.11347878e-01 1.46955967e-01 2.27777064e-02 9.23861146e-01
    8.55961442e-03 7.74627745e-01 8.48275423e-01 5.72570503e-01
    7.71766365e-01 7.80352473e-01 7.12489963e-01 1.21317446e-01
    1.78430676e-01 9.01728511e-01 2.52116531e-01 9.60371375e-01
    8.80823731e-02 8.70512486e-01 8.01799059e-01 2.40048677e-01
    9.93667841e-02 2.95965791e-01 3.85304719e-01 5.16838133e-02
    6.47799134e-01 3.96283865e-01 4.68556672e-01 3.14663291e-01
    4.13416654e-01 3.85208160e-01 3.49696338e-01 7.31272161e-01
    2.15787083e-01 9.27149415e-01 8.88139844e-01 9.94636893e-01
    6.02191746e-01 5.98852813e-01 1.54506981e-01 1.72452956e-01
    5.43011546e-01 3.90421718e-01 7.79242396e-01 9.48471487e-01
    4.64139760e-01 6.05070889e-02 8.69084775e-01 9.57208991e-01
    4.53786582e-01 2.19509423e-01 4.09178376e-01 3.95704061e-01
    3.86640728e-01 3.63128781e-01 2.85321265e-01 1.37811869e-01
    9.44065332e-01 2.62686700e-01 3.46288741e-01 6.26260042e-03
    3.81092489e-01 6.52933002e-01 6.39977932e-01 8.79932046e-02
    3.84386569e-01 2.28970766e-01 6.73253834e-01 3.15750211e-01
    2.29193568e-02 9.54511464e-02 9.27435875e-01 7.90530324e-01
    8.71439636e-01 7.04076290e-02 9.82436895e-01 1.99099064e-01
    5.57263255e-01 8.17327380e-01 2.08074421e-01 5.78607976e-01
    1.30561680e-01 1.75391853e-01 1.73851013e-01 8.37588668e-01
    9.70423996e-01 2.28462964e-01 1.02810234e-01 3.40123892e-01
    5.91063082e-01 3.48785222e-01 3.44876200e-01 5.57241738e-01
    8.87725353e-02 3.75027090e-01 6.60227895e-01 3.28998327e-01
    3.88344586e-01 4.56472635e-01 5.90660036e-01 1.54825926e-01
    5.23309171e-01 5.47088265e-01 5.30249417e-01 3.11591864e-01
    3.26097816e-01 5.88655472e-03 1.01985961e-01 9.64927912e-01
    3.47734571e-01 3.85992467e-01 1.53020382e-01 3.61064792e-01
    4.50252682e-01 4.51144874e-01 5.40022731e-01 8.21823299e-01
    6.63881898e-01 6.09124601e-02 3.58599484e-01 8.35478663e-01
    1.45087272e-01 5.99984765e-01 3.07596713e-01 7.49691725e-01
    1.11025512e-01 7.48855293e-01 4.58942294e-01 2.13890672e-02
    8.89959335e-01 8.99846673e-01 3.15843999e-01 9.41248655e-01
    1.58133298e-01 9.09749150e-01 3.92846763e-02 3.26325595e-01
    5.38241208e-01 5.19807100e-01 2.83449888e-01 3.30810428e-01
    8.60571742e-01 3.74480844e-01 1.42761946e-01 9.17778850e-01
    4.30891305e-01 2.59197176e-01 9.71999764e-01 4.76942569e-01
    9.41127181e-01 6.36870205e-01 8.21900845e-01 1.03837103e-01
    3.18833709e-01 9.05302107e-01 2.10235536e-01 1.70696467e-01
    2.90365934e-01 7.57927179e-01 5.70289910e-01 3.98311883e-01
    9.66664672e-01 3.80209416e-01 4.07934189e-02 8.28335285e-01
    4.60307509e-01 6.42495453e-02 1.54876828e-01 2.25886434e-01
    9.42009449e-01 8.04183722e-01 1.90713674e-01 4.50482994e-01
    6.08918250e-01 5.73605895e-02 7.35342622e-01 9.41351652e-01
    6.96851492e-01 1.00567549e-01 4.68433559e-01 3.85193616e-01
    2.59980559e-01 7.72893727e-02 3.26716781e-01 7.59905398e-01
    3.67429793e-01 1.79023892e-01 1.85883462e-01 1.62465096e-01
    7.20767498e-01 4.13544655e-01 4.81064260e-01 1.04487538e-02
    3.34720850e-01 5.14341772e-01 6.55241966e-01 1.88211203e-01
    3.71956170e-01 5.97029984e-01 7.97967315e-01 8.41012120e-01
    4.09488887e-01 1.08436733e-01 6.79655313e-01 5.15319049e-01
    7.81989515e-01 1.80473566e-01 1.05750024e-01 6.62389755e-01
    4.87351090e-01 6.31165743e-01 8.32436502e-01 5.65752864e-01
    3.14845741e-02 1.13626510e-01 6.71846032e-01 9.94591594e-01
    4.86554503e-01 5.93807101e-01 8.35933089e-02 1.82647556e-01
    3.56720388e-01 6.56536102e-01 5.76807320e-01 4.80648279e-01
    8.30880642e-01 3.35436583e-01 5.51030159e-01 6.03641033e-01
    1.98907316e-01 7.36278474e-01 5.79642057e-02 2.93104947e-01
    7.77049780e-01 7.66654849e-01 5.09893417e-01 7.66373754e-01
    4.56961930e-01 9.70367730e-01 8.99917781e-02 2.97637790e-01
    3.86426449e-02 8.36886525e-01 5.07050574e-01 4.39419955e-01
    1.55630589e-01 5.60503244e-01 9.02225733e-01 2.35430628e-01
    1.38052732e-01 7.08280504e-01 6.79627776e-01 4.90188271e-01
    7.06840217e-01 8.03181112e-01 6.03182554e-01 6.20421231e-01
    2.66526759e-01 9.23828483e-01 7.15454221e-02 4.44642842e-01
    8.78214955e-01 8.77713323e-01 9.38617289e-01 4.75902498e-01
    4.16079134e-01 7.78183222e-01 8.50738645e-01 8.86870384e-01
    5.84723711e-01 8.41445327e-01 6.99405968e-01 1.85762435e-01
    2.69266099e-01 9.34706450e-01 1.41958058e-01 9.22680020e-01
    4.31371719e-01 5.05067527e-01 5.58064759e-01 5.66494048e-01
    5.48807740e-01 2.96490192e-01 8.25668573e-01 7.27187991e-02
    7.00151563e-01 9.73099232e-01 7.99786866e-01 8.10208738e-01
    8.54335368e-01 5.62222600e-02 7.89724946e-01 1.72987282e-01
    8.62576067e-02 9.56817746e-01 7.15156496e-01 4.85990673e-01
    8.93680573e-01 6.74215913e-01 6.14658654e-01 9.47845936e-01
    4.16539431e-01 3.65186036e-01 3.39823931e-01 4.39722657e-01
    4.84903663e-01 3.56312007e-01 7.58094192e-01 5.10195553e-01
    5.33199430e-01 8.38328362e-01 3.96009207e-01 5.38885951e-01
    2.60738909e-01 3.53565812e-01 4.53411460e-01 2.11160541e-01
    5.25271952e-01 4.15617287e-01 1.37846082e-01 7.10473716e-01
    2.18651652e-01 2.51221776e-01 1.93665832e-01 6.92717195e-01
    2.10504621e-01 1.10279649e-01 9.44386840e-01 9.04017091e-01
    9.46981072e-01 1.05165035e-01 8.33170831e-01 4.27065134e-01
    4.30631757e-01 6.76363409e-01 3.36937696e-01 5.11290431e-01
    2.62628198e-01 8.72062385e-01 8.70292544e-01 4.75085884e-01
    3.66488397e-02 8.93384457e-01 3.50992531e-01 1.59800261e-01
    4.40570563e-01 9.12189484e-03 9.98575985e-01 5.23355424e-01
    9.62318540e-01 3.20785940e-01 2.09464550e-01 8.63926530e-01
    9.07631516e-01 9.30255175e-01 8.40108871e-01 7.52733469e-01
    9.14845467e-01 4.85773891e-01 7.60040045e-01 9.80416417e-01
    9.80667055e-01 4.31146860e-01 7.73723841e-01 5.67676842e-01
    6.85794294e-01 1.84888244e-01 8.50014448e-01 6.46206439e-02
    7.87523150e-01 5.32550097e-01 7.88936853e-01 9.54777598e-01
    9.79430676e-01 2.72566527e-01 7.83698618e-01 4.30850089e-02
    4.92727816e-01 9.72724676e-01 8.34073067e-01 3.53570342e-01
    3.73118937e-01 8.22414160e-01 1.60140336e-01 5.75564384e-01
    3.88093948e-01 3.02706242e-01 7.47790217e-01 6.77538395e-01
    4.36923891e-01 6.08714223e-01 7.32671738e-01 5.92195094e-02
    9.14099574e-01 2.85382777e-01 1.80582404e-02 6.38313055e-01
    3.98708642e-01 1.86138004e-01 7.73366094e-02 1.78550333e-01
    1.97258592e-01 4.13940012e-01 8.50621045e-01 3.76459748e-01
    2.86881983e-01 5.30689359e-01 3.02416801e-01 2.72085965e-01
    4.17135000e-01 6.56912863e-01 8.39903235e-01 3.74337882e-01
    9.38044429e-01 7.20728040e-02 6.90460205e-01 4.35694635e-01
    4.93766367e-02 7.67694175e-01 4.46804315e-01 2.71809280e-01
    2.05847740e-01 2.98500180e-01 9.57221627e-01 2.10369110e-01
    6.49531007e-01 9.00162816e-01 1.67113841e-02 8.95747185e-01
    7.57914543e-01 4.55777496e-01 6.18178368e-01 3.91325712e-01
    1.23237312e-01 5.26448071e-01 9.52421308e-01 2.55290091e-01
    2.73028761e-01 1.98101908e-01 7.43753314e-01 2.10912526e-01
    2.80294895e-01 8.94045949e-01 2.32626170e-01 1.59706026e-01
    6.19406998e-01 8.01019609e-01 5.52933037e-01 5.40173948e-01
    2.12120235e-01 4.48381186e-01 2.76524782e-01 3.43794137e-01
    7.99056709e-01 8.87711287e-01 2.01714933e-01 1.94068968e-01
    9.27221894e-01 1.00121737e-01 3.99376005e-01 2.14842796e-01
    5.89849055e-01 2.79220998e-01 2.84630835e-01 3.19331467e-01
    7.09230006e-01 4.77744341e-01 7.36857891e-01 7.49807417e-01
    8.52642477e-01 4.91118282e-01 6.47243261e-01 3.23382378e-01
    4.63139445e-01 9.33154404e-01 9.46249962e-01 7.02066600e-01
    2.43937731e-01 6.38634920e-01 3.21839452e-01 1.94900066e-01
    1.90443665e-01 1.80206269e-01 5.11708438e-01 9.55275774e-01
    5.86580992e-01 4.58218068e-01 7.34899461e-01 1.46887720e-01
    7.50911117e-01 3.07502687e-01 6.93557680e-01 1.51763856e-02
    6.70463145e-01 8.21958721e-01 6.22068346e-01 2.46551156e-01
    8.06143284e-01 6.53380930e-01 1.65535599e-01 6.62399590e-01
    1.59218907e-01 1.51468992e-01 1.15037948e-01 7.70967841e-01
    5.04718602e-01 5.61990321e-01 4.03264672e-01 2.94928670e-01
    3.83871257e-01 6.08822882e-01 1.59266561e-01 9.37218308e-01
    2.76005566e-01 5.34345210e-02 6.50453568e-01 7.55691290e-01
    8.25219274e-01 3.16044927e-01 4.53705877e-01 7.05366611e-01
    8.06933761e-01 2.89605319e-01 1.40162617e-01 6.65107131e-01
    3.14318001e-01 1.05979174e-01 5.26441038e-01 6.54395044e-01
    7.36046195e-01 2.19711810e-01 5.75631320e-01 5.04902780e-01
    5.31812310e-01 8.72342587e-02 9.51424956e-01 6.20496690e-01
    6.45480156e-01 5.96771657e-01 9.40310061e-02 6.82589531e-01
    1.12095684e-01 8.23961020e-01 3.01536381e-01 3.94165218e-01
    4.39552188e-01 1.45801604e-01 4.54732597e-01 5.07541537e-01
    2.57834256e-01 5.83717644e-01 8.95988643e-02 9.81969118e-01
    4.95788068e-01 2.07373440e-01 7.01609671e-01 8.49379301e-02
    3.72322202e-02 4.95751381e-01 4.66430068e-01 2.33503580e-02
    5.52614987e-01 7.48319864e-01 2.25785583e-01 2.95329958e-01
    1.23356521e-01 7.63755023e-01 3.76913130e-01 7.00002134e-01
    8.88496339e-01 4.58744168e-01 8.15065920e-01 9.52432156e-02
    1.07366353e-01 6.79759681e-02 2.19176114e-01 7.30908334e-01
    7.09841609e-01 3.67047250e-01 5.48229218e-01 2.75244176e-01
    9.20465589e-01 3.94847304e-01 9.29792285e-01 5.92096448e-01
    5.57714641e-01 5.83377659e-01 2.20696479e-01 9.21524763e-01
    5.52741826e-01 1.29654527e-01 6.96911454e-01 5.59467793e-01
    8.82896781e-01 5.32168210e-01 3.85555744e-01 5.25293708e-01
    2.06145465e-01 7.26126373e-01 9.38164234e-01 1.89370722e-01
    9.57414508e-02 1.72159076e-02 7.84221828e-01 8.76180291e-01
    9.03986156e-01 7.35252678e-01 6.85507953e-02 7.31009841e-01
    8.22853744e-02 8.44038606e-01 5.56144476e-01 9.54747915e-01
    1.76540881e-01 2.63998508e-02 8.12156379e-01 8.74525785e-01
    7.92628527e-01 6.44085884e-01 2.14952767e-01 1.73786312e-01
    7.96597242e-01 5.26587844e-01 5.66710830e-02 8.73760283e-02
    8.43043387e-01 8.78337502e-01 4.56983835e-01 4.28153276e-02
    1.29499793e-01 2.08623111e-01 9.35629964e-01 7.52385020e-01
    9.96037781e-01 6.88473225e-01 7.80186653e-01 5.57783604e-01
    4.23743248e-01 4.61912990e-01 3.98869336e-01 7.22082555e-02
    6.99152291e-01 1.80845618e-01 8.79783750e-01 1.27700835e-01
    8.09828281e-01 6.82876527e-01 9.00994062e-01 1.78855836e-01
    2.17694342e-01 1.04423016e-01 9.63622451e-01 2.46231139e-01
    1.70249939e-01 2.71536291e-01 4.24401969e-01 6.22236073e-01
    1.90916061e-02 3.57817531e-01 7.69536734e-01 4.75034744e-01
    7.96711206e-01 5.10618448e-01 7.81456053e-01 5.95324993e-01
    9.09479558e-02 1.14839375e-02 9.92738008e-01 6.48594618e-01
    6.93304777e-01 7.59403348e-01 6.88037634e-01 8.39082301e-02
    9.50440764e-01 7.16506481e-01 1.49571329e-01 8.95064712e-01
    8.05881619e-01 5.36713064e-01 5.23989141e-01 3.53270292e-01
    7.50824571e-01 6.19159758e-01 8.22977424e-01 5.56844771e-02
    7.72879422e-02 6.36213422e-02 1.20632470e-01 1.64456695e-01
    4.28652853e-01 4.20687735e-01 5.98165095e-02 8.63831043e-01
    5.25989830e-01 5.04895747e-01 8.10042739e-01 2.90035844e-01
    5.96519351e-01 4.55832064e-01 3.25713933e-01 4.15691406e-01
    1.12984002e-01 6.52906716e-01 6.39772534e-01 9.58378494e-01
    8.82135928e-01 4.20631140e-01 9.76028025e-01 8.53694677e-01
    6.78952515e-01 8.92424881e-02 2.19600350e-01 7.14480519e-01
    9.56390023e-01 5.73686898e-01 9.74536419e-01 8.35170150e-02
    8.30138028e-01 1.94811255e-01 9.63929534e-01 4.48909760e-01
    8.00165534e-03 6.95950508e-01 1.57218963e-01 4.83048856e-02
    9.25916433e-03 9.46885943e-02 5.82557619e-02 2.55930960e-01
    9.27082419e-01 9.79140401e-01 2.92400628e-01 9.39099431e-01
    4.19489026e-01 9.24619734e-02 7.39910781e-01 5.18859148e-01
    4.16880876e-01 6.57066762e-01 3.66323352e-01 6.35290146e-02
    7.69974113e-01 6.31042957e-01 7.09163427e-01 5.96941948e-01
    6.85640931e-01 9.74275231e-01 4.08661366e-03 4.33967531e-01
    6.93443894e-01 7.02861309e-01 4.19204533e-02 6.16325557e-01
    6.58257604e-02 3.97190183e-01 4.67843801e-01 1.87089741e-02
    8.90384912e-01 2.56290674e-01 6.08027577e-01 6.65109396e-01
    8.77514601e-01 9.65446532e-02 7.69099236e-01 3.48316044e-01
    7.36624300e-01 8.37812722e-01 8.05641711e-01 3.88684809e-01
    2.76108146e-01 8.58299255e-01 5.89404881e-01 2.36176491e-01
    1.47932798e-01 3.77087802e-01 9.52112257e-01 9.78546679e-01
    7.70187140e-01 9.99583721e-01 7.89077997e-01 7.70517707e-01
    3.39162111e-01 3.68005574e-01 6.34994984e-01 4.30199176e-01
    1.59503281e-01 7.33146071e-03 4.06969786e-01 2.83453405e-01
    9.50546503e-01 3.07290137e-01 9.58788753e-01 4.00228500e-02
    1.10128731e-01 5.09514809e-01 2.54139125e-01 5.63358843e-01
    4.42841709e-01 7.12124228e-01 2.15406477e-01 4.02442992e-01
    4.18882549e-01 7.38620043e-01 7.97102869e-01 5.37527621e-01
    7.68800735e-01 8.86730671e-01 9.94756103e-01 5.12604475e-01
    1.41361237e-01 1.23625994e-03 9.38804567e-01 7.21234620e-01
    7.70296693e-01 5.16884327e-01 5.00454545e-01 2.65984654e-01
    2.06392258e-01 2.57737577e-01 7.65277743e-01 3.16896796e-01
    4.68583941e-01 3.93817663e-01 6.64901614e-01 1.53482556e-01
    1.04857892e-01 6.99065566e-01 1.00030392e-01 1.46141738e-01
    9.63436365e-01 5.66810071e-01 1.66471004e-02 7.42512882e-01
    2.48465180e-01 4.98806387e-01 2.37176597e-01 6.54755771e-01
    1.75447583e-01 8.00473809e-01 1.04567230e-01 9.43415701e-01
    7.93898642e-01 1.09481633e-01 3.58172715e-01 6.07728004e-01
    8.49107802e-01 6.71658456e-01 9.77942348e-03 9.29301977e-03
    8.99590850e-02 9.80977714e-02 4.56323624e-01 7.80644178e-01
    5.61082363e-03 1.21526062e-01 1.72240645e-01 3.29492509e-01
    3.87289464e-01 9.88443851e-01 3.47522199e-01 2.52199650e-01
    2.53163576e-01 2.15593070e-01 7.50949025e-01 5.11096954e-01
    8.13243747e-01 5.54024458e-01 1.12116933e-01 8.49328518e-01
    7.70753324e-01 8.74520063e-01 1.30477309e-01 2.52061874e-01
    3.10803652e-01 5.77515900e-01 1.26797408e-01 7.79553592e-01
    7.14243054e-01 4.32046056e-02 9.70859408e-01 7.55499661e-01
    9.61485744e-01 9.19132352e-01 1.47899717e-01 5.57372272e-01
    6.66776597e-01 7.06029534e-01 9.99788284e-01 6.88803971e-01
    9.86043155e-01 9.14581597e-01 3.81132901e-01 9.85953510e-01
    8.83912206e-01 7.80341029e-02 3.58122945e-01 3.12946409e-01
    1.36793017e-01 6.55828118e-01 1.65012747e-01 6.12108290e-01
    2.66549170e-01 4.75208163e-02 1.48500800e-01 4.71625030e-02
    7.09128082e-02 4.56851810e-01 3.00034225e-01 1.71696603e-01
    4.59319144e-01 1.57422155e-01 5.40107667e-01 5.86051643e-01
    3.20851624e-01 6.76985502e-01 2.66006887e-02 1.46802068e-01
    4.67704803e-01 4.22355622e-01 3.80978882e-02 5.79898655e-01
    4.20637399e-01 4.48583066e-02 7.55804956e-01 8.11638594e-01
    5.13698936e-01 3.68385613e-01 9.91091728e-01 7.89468586e-02
    5.24099648e-01 1.19719923e-01 2.64150947e-01 5.74566901e-01
    1.24677479e-01 2.14869320e-01 9.02023256e-01 7.23624349e-01
    4.74677294e-01 6.83510303e-01 1.50957167e-01 9.85365987e-01
    6.86112404e-01 9.06886876e-01 7.05535650e-01 6.96337581e-01
    7.48661518e-01 3.64944577e-01 4.61420864e-01 6.88620210e-01
    5.19823968e-01 4.13303316e-01 8.55496883e-01 6.88078463e-01
    8.78677666e-01 4.52826142e-01 6.02996349e-01 5.19831538e-01
    7.41813362e-01 9.65660036e-01 3.01117301e-02 3.59011233e-01
    3.23953837e-01 4.58974719e-01 1.24759644e-01 6.07920170e-01
    9.62407470e-01 1.33562952e-01 5.63823581e-01 6.89858496e-01
    7.98001409e-01 8.31611872e-01 4.14989561e-01 8.14158678e-01
    4.66931909e-01 6.49119496e-01 9.27867770e-01 1.94427967e-02
    8.97482336e-02 6.61617756e-01 3.43569458e-01 9.48702693e-01
    7.76540458e-01 2.21615791e-01 7.41205812e-01 8.98284912e-01
    9.44966674e-02 2.07741380e-01 7.18028903e-01 5.95722497e-02
    5.88147759e-01 8.61234426e-01 5.53933382e-01 6.99138343e-01
    4.33204234e-01 2.03804463e-01 7.35125184e-01 1.56226218e-01
    9.50365305e-01 1.06767714e-01 6.52765810e-01 6.61001503e-01
    1.40047520e-01 5.05054772e-01 1.66968733e-01 6.28875852e-01
    3.69280368e-01 3.56505334e-01 8.75146866e-01 9.03988123e-01
    6.03054285e-01 4.20049965e-01 9.46647048e-01 8.38297725e-01
    1.31763816e-02 8.50807309e-01 3.31396013e-01 2.19053328e-01
    8.88502538e-01 3.81218433e-01 6.66799128e-01 4.34718788e-01
    7.82348514e-01 9.12885666e-01 2.00635642e-01 8.03072333e-01
    4.47227061e-01 6.26035392e-01 2.98266470e-01 9.88801539e-01
    1.66208476e-01 8.06449413e-01 6.59370422e-02 1.21102333e-02
    8.60031128e-01 9.49267507e-01 2.17960179e-01 1.71657056e-01
    1.84683889e-01 8.61111522e-01 9.63305175e-01 4.94913220e-01
    3.61727953e-01 1.79735839e-01 3.04864168e-01 5.31105340e-01
    4.45761681e-01 7.22333848e-01 2.89191961e-01 6.77425444e-01
    8.42703640e-01 9.19178963e-01 9.61290479e-01 7.71904111e-01
    4.93508846e-01 5.06838858e-02 9.01531398e-01 6.00107431e-01
    4.62743461e-01 2.07623929e-01 1.99821115e-01 7.76330709e-01
    6.31117463e-01 5.57317257e-01 4.45231259e-01 7.97018409e-01
    7.32568443e-01 9.58046973e-01 6.40550315e-01 5.25362551e-01
    2.20499665e-01 6.16886914e-02 4.27552819e-01 3.73697996e-01
    2.85554111e-01 5.37324727e-01 1.21274650e-01 8.35195720e-01
    9.58134055e-01 4.61978197e-01 9.16705847e-01 8.09413970e-01
    2.82631516e-01 4.16749567e-01 1.04998440e-01 1.40648901e-01
    8.13469410e-01 5.69302201e-01 5.75313747e-01 3.64388049e-01
    3.76138568e-01 9.58071113e-01 6.07879519e-01 8.70942950e-01
    9.64498460e-01 8.58697474e-01 9.57298338e-01 6.33173048e-01
    3.37511152e-01 1.00746572e-01 1.06322348e-01 9.65495408e-01
    4.06481802e-01 1.01026267e-01 3.62336010e-01 6.78605795e-01
    9.62232471e-01 9.00148749e-01 4.61880088e-01 9.33939219e-02
    7.54892588e-01 8.87279391e-01 9.48062956e-01 4.54184234e-01
    4.66065407e-02 8.32685232e-01 7.13871717e-02 9.05176759e-01
    7.71846056e-01 9.97308731e-01 9.66750622e-01 1.00280076e-01
    5.01792610e-01 1.66188449e-01 5.93161821e-01 7.46655464e-01
    8.47994387e-02 9.22856808e-01 1.66617781e-01 7.12693632e-01
    6.22620583e-01 4.14589465e-01 4.63498533e-02 6.05969548e-01
    4.60750252e-01 1.48486912e-01 2.10162967e-01 7.04540491e-01
    3.71590853e-01 8.87607932e-01 7.73961127e-01 9.17501748e-02
    7.30232835e-01 9.34770465e-01 4.58804846e-01 8.61228704e-01
    6.00536287e-01 7.62367368e-01 4.70892161e-01 4.21632528e-01
    3.72955680e-01 9.09724593e-01 6.58314705e-01 9.48751152e-01
    9.27678585e-01 8.03511024e-01 5.51079929e-01 2.30978876e-01
    1.64355904e-01 8.35659862e-01 9.79986668e-01 7.59621859e-01
    4.85696197e-02 2.70979047e-01 2.03979790e-01 3.64733815e-01
    2.21712202e-01 7.52722025e-01 2.31267482e-01 9.27355826e-01
    2.40350068e-02 1.44309282e-01 8.26158345e-01 4.07644093e-01
    8.37454200e-01 2.92830765e-01 7.94356108e-01 1.19258672e-01
    2.21877456e-01 2.71326542e-01 2.10484385e-01 3.07988822e-01
    9.39096332e-01 7.86291957e-02 4.70003217e-01 2.82298088e-01
    5.91760099e-01 7.81177878e-01 8.29087257e-01 5.68180025e-01
    9.00142193e-01 5.18548191e-02 2.22865880e-01 3.29966128e-01
    7.51357436e-01 9.45367694e-01 5.84493577e-02 1.80648059e-01
    6.32388294e-01 7.29730725e-02 9.76539016e-01 8.97489667e-01
    4.91220653e-02 9.38292265e-01 7.88022041e-01 2.00731784e-01
    8.27205896e-01 1.79536045e-01 2.59940624e-02 3.92328531e-01
    5.28817534e-01 6.44588590e-01 4.39776450e-01 6.06646776e-01
    8.00116718e-01 1.85928822e-01 5.56190133e-01 4.07266378e-01
    3.21961820e-01 3.62763464e-01 6.82046175e-01 6.31781220e-01
    9.73816574e-01 4.18328077e-01 3.83414626e-02 9.89060402e-01
    5.64682901e-01 9.69036818e-01 2.68135667e-02 7.52481580e-01
    2.94685781e-01 3.10320139e-01 7.45203435e-01 9.07277942e-01
    6.03183806e-01 2.23897964e-01 6.32452250e-01 5.52779555e-01
    3.88570726e-02 8.74118328e-01 8.04199696e-01 6.00801408e-01
    4.17348355e-01 4.29064274e-01 8.50048423e-01 5.60035527e-01
    3.79186332e-01 6.01421475e-01 5.03124893e-02 6.04926705e-01
    3.56619656e-02 4.85769838e-01 3.93923521e-02 7.28364348e-01
    2.98633099e-01 4.62808311e-02 4.93093044e-01 1.45638913e-01
    6.32410645e-02 9.82036948e-01 7.62826562e-01 5.42248845e-01
    5.44995070e-03 6.34161353e-01 2.52587974e-01 7.98608184e-01
    2.99351603e-01 2.32523441e-01 9.56992686e-01 3.98543209e-01
    6.30977035e-01 6.51305318e-01 7.10506260e-01 6.67278886e-01
    6.01860285e-02 1.08148158e-02 4.72024351e-01 3.75133961e-01
    5.02385616e-01 5.80646574e-01 1.20140731e-01 5.29174268e-01
    8.77254307e-02 1.55893683e-01 7.83050478e-01 4.82485294e-02
    3.85847747e-01 6.16512358e-01 6.98133349e-01 3.84291321e-01
    7.54221916e-01 5.16639411e-01 5.88196754e-01 9.27926540e-01
    1.25805259e-01 3.08728427e-01 9.89323378e-01 6.28060818e-01
    4.46039498e-01 7.20068097e-01 5.65739453e-01 9.34849501e-01
    5.62912285e-01 9.59022522e-01 2.39160419e-01 6.51931584e-01
    9.76499975e-01 3.11952651e-01 5.81208169e-02 3.41878474e-01
    5.07095516e-01 4.98793513e-01 8.23605418e-01 8.85247946e-01
    3.83164912e-01 6.95683956e-01 4.79122996e-02 9.85471845e-01
    6.07156575e-01 8.79243851e-01 9.82255518e-01 1.57468140e-01
    9.23025489e-01 6.60319149e-01 5.49928725e-01 6.06876612e-01
    9.73842859e-01 8.96138310e-01 7.21661747e-02 1.58941269e-01
    2.04226464e-01 5.12995958e-01 8.26553345e-01 5.22145510e-01
    2.36334503e-01 2.10930377e-01 9.47265148e-01 9.38955605e-01
    5.23841262e-01 6.81012273e-01 8.28231096e-01 9.99119699e-01
    2.44041860e-01 7.37580657e-03 1.30334377e-01 6.54468298e-01
    1.15351409e-01 6.25231504e-01 3.49236846e-01 6.00634038e-01
    2.76123285e-01 1.09576792e-01 8.86196017e-01 2.51439631e-01
    8.98379862e-01 7.48106003e-01 8.87926459e-01 9.71277416e-01
    6.57171011e-04 5.31883955e-01 2.79325724e-01 5.12609005e-01
    7.52101660e-01 7.13412404e-01 3.92439872e-01 7.21495748e-01
    5.38249671e-01 6.35833740e-02 9.03837204e-01 9.65798676e-01
    5.64825535e-02 6.13326967e-01 6.62828803e-01 1.12286568e-01
    6.08288944e-01 1.21828794e-01 3.42291117e-01 7.67002106e-01
    5.80278158e-01 5.97337306e-01 3.49694014e-01 5.83211720e-01
    9.58626747e-01 4.08139050e-01 2.92200983e-01 8.19908023e-01
    3.16887379e-01 7.64704347e-01 1.40600115e-01 9.10331845e-01
    4.83961374e-01 6.38407111e-01 6.00754499e-01 3.89464587e-01
    8.84870648e-01 6.23403072e-01 8.97953749e-01 1.60595566e-01
    8.54212284e-01 3.06394160e-01 4.40890104e-01 5.61500132e-01
    9.86929238e-02 4.61151779e-01 1.08201206e-02 2.61083245e-01
    2.23094583e-01 3.81134152e-01 6.03955865e-01 5.46469808e-01
    8.22050691e-01 4.61437285e-01 7.72346735e-01 4.82344657e-01
    6.20248020e-01 2.74202287e-01 8.87113333e-01 2.66159952e-01
    3.60917062e-01 3.54246438e-01 8.00250530e-01 5.43779194e-01
    8.47008467e-01 9.27112520e-01 4.84039187e-02 9.15917456e-02
    6.19434536e-01 4.30622458e-01 6.63163006e-01 2.25209534e-01
    3.25404823e-01 8.09870303e-01 8.87665153e-01 6.27858460e-01
    2.45410621e-01 8.28829288e-01 8.45721662e-02 8.84806216e-01
    1.84921861e-01 7.52098382e-01 9.61075664e-01 5.85527122e-02
    2.99293637e-01 9.30361032e-01 5.98262012e-01 2.10310251e-01
    2.15496689e-01 2.09696263e-01 8.72557640e-01 8.34180951e-01
    8.21112156e-01 1.65432692e-02 7.52779126e-01 5.61724603e-02
    7.56061435e-01 3.26677263e-01 5.58189869e-01 8.45120430e-01
    7.47616529e-01 8.61680806e-01 5.68590522e-01 4.86639500e-01
    6.60400212e-01 6.27249300e-01 7.76467323e-02 1.97770417e-01
    9.53510523e-01 6.74392164e-01 8.14884603e-02 4.93102461e-01
    5.41623890e-01 1.50246024e-01 6.13027215e-01 8.79485250e-01
    8.17008495e-01 3.46773684e-01 8.74770284e-01 7.69972920e-01
    8.59962344e-01 5.59715390e-01 2.91215062e-01 6.65591836e-01
    2.87876725e-01 9.42271233e-01 6.76415443e-01 4.76743430e-01
    3.15453678e-01 3.91329497e-01 4.92029727e-01 5.75638711e-02
    2.30812699e-01 6.64631486e-01 8.53046298e-01 9.62450325e-01
    9.42991257e-01 4.59785730e-01 3.37396026e-01 4.42691058e-01
    5.50988913e-01 6.96786046e-01 7.31977701e-01 6.97284102e-01
    1.36177480e-01 5.57131708e-01 5.65363884e-01 7.70705104e-01
    6.83084667e-01 4.08749104e-01 8.97770405e-01 3.18898171e-01
    6.76231086e-02 5.44340372e-01 8.51463079e-01 2.68189937e-01
    8.60604167e-01 7.68595934e-01 2.20051587e-01 2.00436145e-01
    5.50814927e-01 7.06310213e-01 1.59948349e-01 8.68150473e-01
    8.60531628e-02 6.79006219e-01 3.44069958e-01 8.31252456e-01
    9.71034169e-03 2.49128222e-01 4.17716086e-01 7.47445047e-01
    8.17857981e-01 4.16484833e-01 9.85390842e-02 7.65582085e-01
    6.75071061e-01 1.79045558e-01 6.99257553e-01 4.94920075e-01
    9.12690520e-01 8.36621642e-01 4.84688371e-01 2.11025089e-01
    6.92955017e-01 8.39378119e-01 6.80987537e-02 4.20545578e-01
    8.10278833e-01 8.81330490e-01 5.43190360e-01 1.98230207e-01
    2.17017829e-01 2.63090074e-01 8.24677706e-01 9.82514262e-01
    6.54884577e-01 7.59898901e-01 6.61760807e-01 1.84779257e-01
    2.93007672e-01 2.96583593e-01 6.17927909e-02 6.71528816e-01
    8.55583429e-01 9.46087599e-01 3.92511398e-01 7.09690690e-01
    5.29086173e-01 6.97278738e-01 7.89422095e-02 6.53451681e-01
    9.11205649e-01 9.93220925e-01 8.56097102e-01 7.56914139e-01
    3.69306713e-01 8.60827923e-01 6.74514532e-01 2.37098783e-01
    6.38093114e-01 6.14344478e-01 9.18717682e-02 5.43100238e-02
    5.37904680e-01 5.52270770e-01 3.57559562e-01 4.72881496e-02
    7.48310685e-02 8.11728120e-01 3.18903029e-02 3.13965082e-01
    7.84991145e-01 7.58979023e-01 1.10147417e-01 8.00573111e-01
    5.53121686e-01 8.14446926e-01 6.54435992e-01 7.28269339e-01
    7.28210747e-01 7.04950929e-01 8.85754704e-01 8.60435724e-01
    4.18502539e-01 9.70957994e-01 4.46067005e-01 8.13465714e-02
    5.45909584e-01 7.35191703e-02 2.99300730e-01 9.85906124e-01
    2.93056369e-01 6.38584793e-01 7.07063675e-01 5.55887401e-01
    6.33163750e-01 8.07741702e-01 8.68298829e-01 1.86690539e-01
    1.02619946e-01 7.89143562e-01 6.25565886e-01 6.08903825e-01
    4.58153605e-01 3.97070169e-01 1.73224688e-01 6.11910164e-01
    2.96838313e-01 3.28496337e-01 5.88474572e-01 2.56855190e-01
    5.02357781e-01 2.27438897e-01 4.88764763e-01 6.60375834e-01
    6.03812695e-01 7.10072219e-01 9.56872880e-01 8.34644735e-02
    7.30260611e-01 5.83862901e-01 5.33723116e-01 3.68333220e-01
    5.44769645e-01 4.24983799e-01 9.71917272e-01 9.24156189e-01
    3.94513637e-01 2.24673152e-02 2.13299185e-01 2.38136500e-01
    8.10273111e-01 6.93441808e-01 8.84786487e-01 3.27602923e-02
    3.97282213e-01 5.54814994e-01 2.70794660e-01 3.33919853e-01
    1.76719725e-01 6.66568935e-01 8.94517303e-01 6.22871518e-02
    1.89104885e-01 6.86644793e-01 2.55768389e-01 3.76261413e-01
    6.84722662e-01 3.99763316e-01 2.65236437e-01 1.34253889e-01
    7.63142526e-01 1.83850527e-04 8.83510709e-03 9.84317064e-02
    6.44376993e-01 9.37284827e-01 2.49921918e-01 6.36909962e-01
    8.83519650e-01 4.70834464e-01 5.86299241e-01 1.37148529e-01
    9.13473368e-01 2.51808465e-02 6.04192078e-01 5.52628577e-01
    9.47201073e-01 1.55533165e-01 5.54569662e-01 6.83014035e-01
    3.92261982e-01 4.42451209e-01 7.25666344e-01 3.93779606e-01
    9.68506277e-01 5.96839011e-01 1.68600500e-01 1.23822808e-01
    4.95255291e-02 3.78151983e-01 7.16882110e-01 2.15760618e-01
    3.64879668e-02 1.74411893e-01 2.10045248e-01 4.08379912e-01
    2.28805244e-01 9.61939096e-02 8.66348863e-01 5.26852787e-01
    1.20057881e-01 4.87803310e-01 2.60176361e-01 4.35970962e-01
    1.26029849e-02 6.22688651e-01 4.11058128e-01 8.38270366e-01
    6.31147623e-01 5.07142961e-01 1.75015926e-01 4.41600531e-01
    9.69467163e-01 4.35620904e-01 6.69197857e-01 9.77929592e-01
    3.75404000e-01 6.15188003e-01 1.84881121e-01 8.87921453e-01
    1.43102318e-01 5.46862721e-01 6.13365829e-01 3.04251671e-01
    9.86930609e-01 3.15716028e-01 2.96701938e-01 9.58144665e-02
    2.24732995e-01 3.26282322e-01 9.57536042e-01 3.22555810e-01
    6.15639269e-01 5.23244143e-02 6.86800480e-03 8.38642597e-01
    4.75652546e-01 4.72898901e-01 6.86626494e-01 9.38867152e-01
    8.85891318e-01 5.27604222e-02 2.85948306e-01 4.29106832e-01
    6.63319528e-01 3.13917577e-01 2.65259445e-02 8.43859434e-01
    9.87562239e-01 2.51896203e-01 5.88815987e-01 6.94767535e-02
    1.32156998e-01 7.37749517e-01 8.22566748e-01 9.30203795e-01
    4.41267014e-01 1.55503154e-02 4.70736325e-01 3.36250603e-01
    1.37159079e-01 2.24530816e-01 5.81178069e-01 1.73963904e-02
    9.43118036e-02 3.46160442e-01 7.82448530e-01 5.79351842e-01
    8.54746282e-01 4.88550186e-01 6.47210479e-01 6.23353183e-01
    6.34113431e-01 5.32708466e-02 1.45820975e-02 6.05743110e-01
    2.36116946e-02 3.40630531e-01 7.32516170e-01 8.82735372e-01
    3.43138874e-02 5.20228565e-01 1.84203863e-01 8.29172730e-02
    8.75216782e-01 6.88305378e-01 9.55869198e-01 5.81766009e-01
    2.22437382e-01 3.56818646e-01 7.52112150e-01 3.54796886e-01
    2.66371429e-01 2.57627845e-01 1.03829086e-01 7.11710691e-01
    5.79445779e-01 7.28106797e-02 5.98014474e-01 8.06766272e-01
    2.33184606e-01 9.78181481e-01 5.70772529e-01 3.76455367e-01
    1.50989383e-01 3.95626903e-01 5.52411795e-01 6.88878953e-01
    6.14634991e-01 6.02327764e-01 2.02322185e-01 2.13894963e-01
    7.72611082e-01 1.25389904e-01 6.00442827e-01 4.67107177e-01
    6.87010288e-02 2.56473780e-01 6.64326489e-01 6.67331934e-01
    3.19919884e-01 6.78830147e-01 6.32312655e-01 9.51022625e-01
    6.03567421e-01 3.98306042e-01 1.58274680e-01 8.54309916e-01
    8.48124027e-01 8.55692446e-01 7.76664615e-02 3.15973878e-01
    3.69688362e-01 7.27375507e-01 8.82820964e-01 3.45126629e-01
    2.07009614e-01 5.71144879e-01 6.92076862e-01 2.57580101e-01
    3.05528402e-01 9.18338656e-01 3.73445153e-02 3.67043734e-01
    2.58457124e-01 2.20863193e-01 9.46222425e-01 1.62273645e-01
    3.02343905e-01 7.89789677e-01 3.73217970e-01 2.46730685e-01
    3.49651247e-01 2.23265648e-01 3.09240818e-03 8.96459579e-01
    2.33716488e-01 4.46942955e-01 8.04284394e-01 9.73989129e-01
    7.35762954e-01 4.89540696e-01 2.01543033e-01 7.46184289e-01
    8.56223404e-02 8.40176046e-02 6.90430641e-01 7.86628485e-01
    7.71231234e-01 7.48947382e-01 7.41679728e-01 7.87629724e-01
    3.29408884e-01 8.34534168e-01 7.76459455e-01 3.40539068e-01
    4.50843781e-01 1.12722576e-01 4.49350655e-01 5.34809589e-01
    3.36951792e-01 2.03139424e-01 4.99431491e-02 6.00086510e-01
    2.74694324e-01 1.77665353e-01 6.20330572e-01 6.10803246e-01
    3.03157061e-01 6.31064951e-01 2.58654028e-01 4.70177621e-01
    1.60313964e-01 1.44535303e-01 5.44566989e-01 7.75705099e-01
    4.63085234e-01 6.59587502e-01 9.91880238e-01 8.21807683e-02
    9.74252582e-01 3.01402271e-01 7.03280270e-01 7.15000212e-01
    5.67003548e-01 3.80323321e-01 7.05194354e-01 9.61878002e-02
    9.19855475e-01 4.87171143e-01 8.47969949e-01 3.51321399e-01
    1.85981274e-01 5.29498935e-01 8.84102166e-01 1.49444848e-01
    3.48589122e-02 5.77847421e-01 5.52838326e-01 3.36382002e-01
    6.07012987e-01 5.89085698e-01 1.27803802e-01 5.67672551e-01
    6.87454581e-01 5.50988197e-01 6.29767060e-01 9.64746594e-01
    1.36428893e-01 9.12749767e-01 7.92691052e-01 8.15109372e-01
    1.37748480e-01 9.17281151e-01 8.34381640e-01 3.22557390e-02
    8.27274919e-01 7.70992041e-01 9.08039212e-01 3.54801714e-02
    6.44454181e-01 1.30326658e-01 6.30702376e-01 2.10204870e-01
    6.01837814e-01 1.27927661e-02 7.63400793e-01 5.07782161e-01
    6.49871826e-01 2.38031715e-01 9.46098089e-01 9.21232164e-01
    9.14143503e-01 1.51241630e-01 7.81249166e-01 7.19145179e-01
    7.33907461e-01 6.58536196e-01 8.80983829e-01 6.54663503e-01
    5.05267382e-01 8.82337093e-02 8.24318588e-01 1.41106725e-01
    9.69071865e-01 4.83001024e-01 7.07444787e-01 1.03972793e-01
    4.28310752e-01 6.57291293e-01 2.86343575e-01 3.71057451e-01
    9.07495379e-01 3.80817711e-01 1.27877682e-01 3.33300501e-01
    5.08037984e-01 7.64456689e-02 8.69712472e-01 4.05708253e-01
    2.87397265e-01 8.32107306e-01 4.08674300e-01 1.76248699e-01
    2.52794057e-01 6.00814760e-01 6.75924838e-01 2.28946269e-01
    7.03794241e-01 4.35526729e-01 1.03539646e-01 8.98796618e-02
    3.16438526e-01 9.80389595e-01 8.51044297e-01 5.03734589e-01
    5.65194130e-01 5.69596350e-01 3.82189125e-01 8.50025773e-01
    6.94566607e-01 3.23234379e-01 9.15206969e-01 9.15200055e-01
    2.79873997e-01 9.64458823e-01 1.43032730e-01 4.20485288e-01
    6.64589703e-02 2.75912881e-01 5.44711828e-01 8.53713632e-01
    2.71622151e-01 7.91069388e-01 4.48993772e-01 5.28911948e-02
    1.67286694e-02 3.62762570e-01 8.22060168e-01 6.55821919e-01
    8.36349249e-01 4.36637342e-01 7.36287355e-01 3.36388171e-01
    3.80402237e-01 9.77427125e-01 7.83485651e-01 7.93797493e-01
    9.98744071e-02 4.98070776e-01 7.01022565e-01 2.74883032e-01
    8.59756947e-01 1.12624168e-02 2.71478415e-01 6.31823838e-01
    2.50507027e-01 6.52689457e-01 5.59864223e-01 3.57148170e-01
    4.49236542e-01 4.31301117e-01 5.47234952e-01 9.44256365e-01
    9.89362001e-01 1.74882472e-01 7.33009100e-01 6.88289762e-01
    4.28655863e-01 3.72810721e-01 1.65216655e-01 4.25869107e-01
    4.64788705e-01 5.34496427e-01 7.33722448e-02 2.13868946e-01
    6.26560450e-01 1.06329978e-01 2.30723083e-01 7.72300601e-01
    8.82915020e-01 9.23624158e-01 6.36513531e-01 9.55113530e-01
    4.88633364e-01 1.25186771e-01 9.73868251e-01 6.28859699e-01
    8.09872150e-01 7.66836166e-01 5.49391925e-01 4.50071186e-01
    5.25900841e-01 8.54078054e-01 6.00011230e-01 5.41385114e-01
    1.53121650e-02 8.98118973e-01 6.58672571e-01 1.35090321e-01
    2.09113598e-01 7.25915790e-01 5.15422702e-01 7.44995952e-01
    2.55183458e-01 7.72821844e-01 9.09235775e-01 4.66023594e-01
    9.42812085e-01 3.80378574e-01 5.69143236e-01 7.27652967e-01
    5.21932304e-01 1.58644140e-01 8.45091462e-01 4.73723650e-01
    3.08211982e-01 8.00726891e-01 5.08106709e-01 1.36702955e-01
    8.34437907e-01 9.22219634e-01 4.56051350e-01 4.28807676e-01
    4.34728235e-01 3.74327809e-01 2.16043085e-01 9.51492190e-01
    1.75307989e-02 1.05438411e-01 9.35437679e-01 7.54901767e-01
    7.13189483e-01 6.84356749e-01 8.02067757e-01 9.03999031e-01
    2.96803355e-01 9.34514046e-01 9.04505432e-01 4.69371974e-01
    3.96807730e-01 3.42162967e-01 7.66529739e-02 5.76104939e-01
    9.88654733e-01 2.23211557e-01 4.96611357e-01 8.49634707e-01
    9.96795654e-01 1.42491758e-01 3.70198935e-01 5.12336493e-01
    4.56539094e-01 7.91102171e-01 9.02657211e-02 1.15557581e-01
    2.71815240e-01 3.81371975e-02 3.33712429e-01 6.18936241e-01
    8.71594191e-01 6.11244261e-01 8.49169314e-01 3.54139447e-01
    3.66557539e-01 5.17503202e-01 8.68838549e-01 1.20959520e-01
    9.77698088e-01 3.91680777e-01 7.85760462e-01 9.15237546e-01
    9.89387393e-01 6.27793670e-01 2.86299050e-01 4.43444610e-01
    4.82494831e-01 7.46338367e-01 5.55136204e-02 2.73617029e-01
    9.51564908e-01 9.65716243e-01 7.83556581e-01 9.79045928e-02
    4.89139944e-01 4.46949422e-01 6.45902276e-01 8.77337575e-01
    7.80014515e-01 6.86733425e-01 4.11712438e-01 1.95871264e-01
    2.98671842e-01 6.83785021e-01 7.03706861e-01 8.90382588e-01
    8.66935849e-01 8.85716438e-01 6.66793227e-01 8.33003163e-01
    7.31460929e-01 5.18946469e-01 9.14002359e-02 4.61073667e-01
    7.01140344e-01 3.55673313e-01 8.46948266e-01 1.75155491e-01
    5.38143814e-01 6.95851803e-01 6.34811640e-01 5.53435981e-02
    9.93432820e-01 3.53991747e-01 5.77284873e-01 6.92087650e-01
    9.25947726e-01 2.32208550e-01 4.37294692e-01 8.00577641e-01
    1.14302009e-01 7.98611164e-01 9.38510120e-01 8.43354464e-02
    8.70304823e-01 4.17679906e-01 9.63415682e-01 9.42344666e-02
    5.70793271e-01 5.66677332e-01 3.38762403e-01 5.20123184e-01
    6.55958414e-01 3.42273951e-01 2.47939497e-01 2.97455341e-01
    5.75165927e-01 5.53929150e-01 6.62086904e-01 3.57268155e-01
    4.32738096e-01 3.56518030e-01 4.93508279e-01 7.78818727e-01
    7.69508839e-01 8.84367108e-01 1.78796649e-02 1.82032496e-01
    9.54522967e-01 2.59763896e-01 7.67690420e-01 8.07441771e-01
    2.93492079e-01 9.14275646e-04 2.20805466e-01 6.49474382e-01
    7.79084980e-01 6.69911206e-02 6.94365144e-01 2.51913965e-02
    9.12966609e-01 2.32765824e-01 9.84046578e-01 3.56617928e-01
    7.42167592e-01 6.56145811e-01 1.52078122e-01 4.81728584e-01
    9.83808637e-01 8.27241421e-01 1.15779191e-01 9.15515959e-01
    5.45738041e-02 9.30019855e-01 7.03393936e-01 5.38870394e-01
    6.62709534e-01 6.43113017e-01 2.88369745e-01 7.44634867e-02
    5.81158042e-01 4.37013835e-01 4.85592872e-01 1.97929412e-01
    5.32522261e-01 1.09732449e-02 3.64881426e-01 5.61359823e-01
    6.50759459e-01 9.87872243e-01 9.46249962e-01 9.08544898e-01
    9.45861459e-01 2.45946079e-01 7.09730983e-01 8.31153274e-01
    1.58558786e-02 1.97678298e-01 3.90867889e-02 9.50724065e-01
    8.68550241e-01 9.65352654e-01 3.41709435e-01 2.68682480e-01
    6.32289767e-01 3.19570899e-01 8.87489438e-01 3.06018591e-02
    1.86095029e-01 5.91540635e-01 9.74187255e-03 5.15177965e-01
    2.11251974e-02 4.04298306e-01 5.82348228e-01 7.47120976e-01
    1.44315511e-01 4.92914587e-01 1.83981270e-01 9.50389624e-01
    5.89818060e-02 7.66799808e-01 6.57740951e-01 9.62120295e-02
    1.04503632e-02 6.15906477e-01 7.64737189e-01 8.59564781e-01
    9.38665509e-01 8.60901713e-01 3.42295408e-01 5.22563159e-01
    1.62037373e-01 5.05891740e-01 1.79026544e-01 2.78007805e-01
    9.52403307e-01 5.74123323e-01 1.15261644e-01 7.76707411e-01
    1.36620611e-01 9.99696732e-01 2.74994820e-01 9.26176786e-01
    1.30033433e-01 5.28570414e-02 9.52916384e-01 2.81758487e-01
    4.00521755e-02 6.38637662e-01 3.61874759e-01 7.99590349e-02
    2.54944384e-01 4.70265150e-01 1.58953607e-01 8.74780655e-01
    1.89919174e-01 5.84020913e-01 1.67579859e-01 6.70378208e-01
    6.48813307e-01 7.24867940e-01 7.44341791e-01 5.70491195e-01
    5.78727067e-01 7.42483974e-01 4.32570100e-01 2.47811913e-01
    2.96406448e-01 3.15031707e-01 9.02083635e-01 1.19847357e-02
    3.68215561e-01 9.96086121e-01 5.77806950e-01 9.97791350e-01
    4.50962722e-01 3.91539484e-01 8.58092904e-02 2.01007009e-01
    8.26918483e-01 4.13691998e-01 7.85276055e-01 1.98115975e-01
    3.71764600e-01 8.02270055e-01 1.84107751e-01 6.97730064e-01
    2.18877286e-01 3.07204604e-01 5.72756648e-01 8.49832952e-01
    7.27219343e-01 4.67993170e-01 6.55092359e-01 5.02051473e-01
    2.94829875e-01 4.99729872e-01 3.97598684e-01 7.27444649e-01
    4.64757562e-01 4.83627409e-01 5.12307167e-01 3.49209517e-01
    2.54857540e-02 9.52097416e-01 8.29202414e-01 1.98768675e-02
    8.43849778e-02 4.35053647e-01 3.83402556e-01 5.81921875e-01
    1.86579406e-01 3.48488271e-01 7.79711962e-01 1.17775738e-01
    6.77658737e-01 4.07971799e-01 7.83960998e-01 9.78701234e-01
    9.54307914e-01 2.81916589e-01 8.54516327e-02 3.89442444e-02
    3.31893653e-01 9.29236174e-01 8.32960308e-01 7.77624667e-01
    3.76155794e-01 4.63722765e-01 4.43544000e-01 6.88576341e-01
    4.49601471e-01 3.78983855e-01 4.70442146e-01 2.73763537e-02
    6.42278790e-02 3.19597125e-03 1.38899028e-01 1.93039030e-01
    7.08070457e-01 7.78704047e-01 4.25318182e-02 9.18431938e-01
    6.77092671e-01 7.43922949e-01 4.21033084e-01 8.02294910e-02
    6.34431839e-02 2.42217183e-01 9.26274836e-01 7.53070116e-02
    3.04558933e-01 3.53290975e-01 1.38503313e-03 1.96594834e-01
    2.45011628e-01 7.02055335e-01 3.41301501e-01 6.79518759e-01
    6.90134108e-01 1.37048870e-01 6.24316275e-01 9.71394897e-01
    7.45747983e-02 9.20322180e-01 9.93126631e-02 6.43801272e-01
    3.83004308e-01 8.96959186e-01 2.72551477e-01 6.23395145e-02
    8.64006519e-01 4.43834871e-01 1.15760297e-01 3.24155271e-01
    5.18212855e-01 5.40570199e-01 4.49548364e-02 1.10610902e-01
    4.22487199e-01 9.16387081e-01 2.19705462e-01 5.03048897e-01
    4.75828260e-01 9.34826374e-01 9.16465402e-01 7.02054620e-01
    2.31806040e-01 9.33201313e-01 7.35772967e-01 6.22995436e-01
    8.64861012e-01 8.31332922e-01 9.30845141e-01 4.03987169e-01
    6.01866722e-01 5.33381224e-01 4.24530387e-01 1.28403813e-01
    8.93877387e-01 5.55662513e-01 9.95794833e-01 5.64697385e-01
    1.74524724e-01 7.72238493e-01 4.94272113e-01 9.38099146e-01
    8.23512554e-01 2.43891865e-01 3.15230131e-01 4.30251867e-01
    6.53225780e-02 2.99688339e-01 6.07294619e-01 3.33550870e-01
    2.19293952e-01 8.97135317e-01 8.16756546e-01 9.80627418e-01
    2.21464217e-01 8.55724335e-01 6.07533336e-01 6.51769221e-01
    2.82416642e-01 7.40159750e-01 4.92759705e-01 8.44801784e-01
    4.41592693e-01 9.98351455e-01 6.96675599e-01 8.09368134e-01
    8.39403033e-01 6.22635961e-01 2.97076225e-01 9.56279874e-01
    2.30216146e-01 7.16274381e-01 8.56798887e-01 4.82391030e-01
    2.46622324e-01 2.19509184e-01 3.08716178e-01 4.98861462e-01
    1.72104448e-01 5.85610569e-01 6.54288828e-01 8.67541313e-01
    7.37838030e-01 6.25403941e-01 5.93890846e-02 3.97622824e-01
    9.52574313e-02 1.18406892e-01 7.81119108e-01 5.05429208e-02
    2.32629150e-01 6.62765026e-01 7.63452053e-02 1.06210351e-01
    9.36367393e-01 4.71282095e-01 7.86113262e-01 5.39279401e-01
    1.10361814e-01 2.23257691e-01 2.62212276e-01 7.46068239e-01
    4.53932881e-01 9.73131657e-01 1.67277604e-01 1.40762091e-01
    1.96156710e-01 8.15441728e-01 2.01898873e-01 4.46228713e-01
    2.07645446e-01 2.47767866e-02 1.02177173e-01 7.24604428e-01
    4.31572765e-01 5.14156044e-01 5.79486847e-01 8.93874168e-02
    8.12564135e-01 2.27142066e-01 8.67591858e-01 6.00808322e-01
    8.34932089e-01 2.96663553e-01 5.66335917e-01 6.41609609e-01
    2.47861505e-01 9.31074440e-01 7.37883270e-01 7.38310099e-01
    1.75324976e-02 5.93395770e-01 8.47673178e-01 7.22054601e-01
    5.56146324e-01 7.86760449e-01 9.95165110e-01 2.66288638e-01
    1.96900427e-01 8.83041978e-01 7.37328231e-02 4.50938940e-02
    8.06157112e-01 7.77906179e-01 6.67956054e-01 2.26131082e-01
    6.65777326e-02 1.97409153e-01 6.34371638e-01 8.36972952e-01
    4.13432449e-01 2.95037270e-01 3.21339071e-01 8.21668983e-01
    7.63953209e-01 8.27119350e-01 6.91154540e-01 3.36024463e-02
    1.34220511e-01 7.57943034e-01 6.73466802e-01 3.93944085e-02
    2.72387624e-01 8.35901737e-01 9.51205373e-01 8.36686254e-01
    2.28648156e-01 4.02883530e-01 9.63885009e-01 6.60824120e-01
    4.81188774e-01 4.37116474e-01 1.88361734e-01 3.36699873e-01
    9.42170024e-01 1.13505572e-01 3.15891027e-01 5.99604011e-01
    4.12649840e-01 7.38437891e-01 5.92135668e-01 5.06866574e-01
    2.37890959e-01 1.17242992e-01 6.64046049e-01 8.24832439e-01
    4.51305628e-01 5.14159620e-01 9.69727635e-01 3.26369643e-01
    2.89049149e-02 2.08785295e-01 7.54226804e-01 3.12269896e-01
    5.08031487e-01 8.25516105e-01 4.52112198e-01 4.37667638e-01
    5.21025479e-01 6.31117105e-01 3.37585390e-01 1.86574668e-01
    6.98833466e-01 2.15510398e-01 4.81153905e-01 3.68362427e-01
    3.06086123e-01 7.14020610e-01 7.65271544e-01 9.12922680e-01
    2.52259016e-01 8.39279771e-01 9.38468814e-01 2.89932907e-01
    5.00288248e-01 4.11750585e-01 2.73407996e-02 1.58869565e-01
    4.73681003e-01 7.82909811e-01 4.32651311e-01 1.05025321e-01
    7.06113338e-01 3.44032824e-01 5.25510609e-02 9.28259671e-01
    6.21950269e-01 1.79977059e-01 5.23655891e-01 8.92237306e-01
    8.68975639e-01 1.86411679e-01 8.03905368e-01 9.61108804e-01
    6.23066783e-01 5.88984251e-01 2.98431218e-01 4.54797894e-01
    7.86994040e-01 7.57123232e-02 5.81105769e-01 3.45896006e-01
    5.41085601e-01 7.04683363e-01 6.89459920e-01 4.67694402e-02
    5.82176208e-01 3.29965532e-01 6.83634996e-01 9.38315630e-01
    4.63131249e-01 1.80287153e-01 5.94380558e-01 3.90995502e-01
    5.51012218e-01 5.83332419e-01 2.52412736e-01 4.56939459e-01
    3.09965014e-03 9.95748758e-01 9.89615321e-01 9.12654340e-01
    3.57239425e-01 7.84365892e-01 7.55955100e-01 3.43497992e-02
    4.89766896e-01 6.10860288e-02 8.50689411e-01 8.85105610e-01
    3.71699691e-01 8.28651071e-01 1.07779086e-01 8.95135403e-01
    3.95897686e-01 2.92794764e-01 6.90304816e-01 7.49909401e-01
    7.95378327e-01 2.57539213e-01 7.93628454e-01 7.47568011e-01
    6.89939559e-01 4.76673216e-01 3.46422374e-01 2.21636325e-01
    2.31015205e-01 4.86902684e-01 9.97504950e-01 8.01977813e-01
    9.62775230e-01 5.90811133e-01 1.70968056e-01 7.79260874e-01
    1.36487752e-01 6.36461437e-01 9.08875942e-01 2.67395377e-01
    3.41411591e-01 4.00693834e-01 6.27227128e-01 2.29561538e-01
    8.93948674e-01 7.55006671e-01 1.31264806e-01 8.57042015e-01
    4.42847908e-01 4.46338058e-01 4.31681633e-01 1.61676347e-01
    2.49855340e-01 7.65619457e-01 1.60299361e-01 2.22723365e-01
    9.58746314e-01 9.33822751e-01 5.17170489e-01 4.67029721e-01
    2.25964695e-01 7.14091420e-01 7.77035832e-01 2.91221321e-01
    6.64876521e-01 5.40425062e-01 1.77568287e-01 8.64638567e-01
    6.44495726e-01 4.84754443e-01 2.82842696e-01 7.32381582e-01
    3.98234069e-01 8.46617281e-01 4.50418383e-01 8.09557438e-01
    1.82350755e-01 1.73672557e-01 5.13732553e-01 1.52670622e-01
    8.34175348e-02 5.30172288e-02 7.68014312e-01 1.25964016e-01
    7.69949555e-01 4.30736214e-01 3.32247317e-01 6.84542060e-01
    3.57632607e-01 9.78165627e-01 1.69059038e-02 9.67625916e-01
    4.70089167e-01 9.78755116e-01 3.62363577e-01 8.66690338e-01
    8.86515021e-01 4.68896836e-01 9.92054105e-01 3.14368546e-01
    9.04840589e-01 7.30110943e-01 5.50107896e-01 3.89879346e-02
    3.36148977e-01 6.71813428e-01 4.05729800e-01 9.68079984e-01
    9.19406056e-01 8.79078984e-01 9.18509841e-01 6.84038520e-01
    7.35428214e-01 9.59037304e-01 5.27425110e-02 3.47266704e-01
    4.41724032e-01 1.45044446e-01 8.59744012e-01 2.46594280e-01
    3.89458388e-01 3.67227584e-01 3.36758316e-01 3.76145512e-01
    9.91239667e-01 8.59319925e-01 8.44358265e-01 9.42536592e-01
    1.95303619e-01 9.27887022e-01 6.12332404e-01 3.65055621e-01
    9.50382948e-01 6.23279870e-01 6.43870413e-01 3.24844599e-01
    1.28857821e-01 8.33852649e-01 7.24543631e-02 3.60069364e-01
    2.44053334e-01 9.31170344e-01 3.42560530e-01 6.34097576e-01
    3.71880531e-02 6.42513752e-01 5.31334817e-01 7.15856135e-01
    3.40689898e-01 1.38139367e-01 1.29465282e-01 8.47604513e-01
    1.49044245e-01 4.21194166e-01 3.52290660e-01 8.96790981e-01
    9.54459667e-01 3.61132622e-01 6.04858160e-01 7.65510201e-02
    7.26509511e-01 7.17373371e-01 4.32827711e-01 5.54490089e-01
    9.43036079e-01 1.73601478e-01 1.95775211e-01 2.20857561e-02
    7.66744375e-01 6.19885385e-01 9.39678669e-01 7.50138223e-01
    4.10300940e-01 5.72070479e-01 3.75798941e-02 6.10625505e-01
    2.32637584e-01 7.87079751e-01 3.38844419e-01 3.48104119e-01
    8.37474763e-01 2.05900908e-01 5.59919417e-01 5.10251880e-01
    3.27719003e-01 5.02509534e-01 8.49814534e-01 7.58159935e-01
    7.98878014e-01 6.65676832e-01 4.11941767e-01 6.22244418e-01
    2.47077048e-01 1.21434778e-01 7.42475688e-01 3.92342269e-01
    6.31660998e-01 2.43386149e-01 8.19227397e-02 9.41899538e-01
    4.76701856e-01 5.33320069e-01 8.68787766e-01 8.38412881e-01
    9.64507461e-03 6.80682659e-02 2.99109697e-01 1.64441377e-01
    1.50949210e-01 9.12613273e-01 9.75099385e-01 4.95327055e-01
    9.25257802e-03 5.61501265e-01 4.76137161e-01 8.10569406e-01
    3.14280063e-01 6.76758289e-01 2.42948979e-01 1.57878399e-01
    8.35818529e-01 6.70159221e-01 7.13294387e-01 3.27023178e-01
    4.61856276e-01 7.70186305e-01 7.62864590e-01 2.77831435e-01
    4.92072731e-01 2.31760234e-01 9.59969223e-01 6.29049778e-01
    1.05135411e-01 2.82834589e-01 4.46385056e-01 5.87878525e-02
    7.24247694e-01 8.33161473e-01 3.02830994e-01 9.89943624e-01
    8.01268756e-01 4.16482627e-01 1.32525265e-02 9.22244787e-02
    3.40697348e-01 6.65042758e-01 4.58142191e-01 8.22510600e-01
    2.04541773e-01 8.97228837e-01 6.59372211e-01 9.46896076e-02
    1.70511097e-01 1.26874298e-01 6.74817026e-01 5.12247443e-01
    4.38440263e-01 7.02468157e-01 1.89126134e-02 3.32148463e-01
    5.11889935e-01 2.09816962e-01 7.55070448e-02 3.00186545e-01
    7.99989104e-01 2.46366382e-01 4.32228118e-01 7.33270347e-02
    7.91523278e-01 8.62040639e-01 1.56746894e-01 2.08983898e-01
    1.71157539e-01 5.76802373e-01 3.41292322e-02 9.32063103e-01
    4.97638524e-01 8.74395967e-02 6.12563014e-01 4.40821499e-01
    3.49605978e-01 4.75302577e-01 6.10071898e-01 4.75548655e-01
    1.60986394e-01 1.72726601e-01 2.98136175e-02 7.98171997e-01
    7.65591562e-02 1.67624652e-01 7.39276290e-01 2.89119244e-01
    8.29111278e-01 5.45384288e-01 8.20352733e-02 3.79817754e-01
    4.89214063e-02 5.70682585e-01 3.55585128e-01 7.24007845e-01
    1.84549600e-01 6.95496380e-01 8.27519059e-01 6.02753699e-01
    2.77036726e-01 4.12805021e-01 2.79819071e-01 8.83338809e-01
    8.61474931e-01 5.64165831e-01 7.83388615e-01 2.30932623e-01
    3.67303610e-01 3.16748023e-03 1.66467816e-01 8.90225470e-02
    7.88432717e-01 5.51751316e-01 6.62655115e-01 7.45019376e-01
    9.78586316e-01 7.42143393e-01 2.48473972e-01 4.13189083e-01
    5.74464500e-02 3.74620259e-02 8.66441488e-01 8.79280746e-01
    2.24610507e-01 4.69129294e-01 2.52492130e-01 1.27730340e-01
    8.27224493e-01 5.47198474e-01 5.53024113e-01 3.62550199e-01
    3.09320897e-01 1.39717579e-01 4.24934834e-01 2.63835609e-01
    2.81862557e-01 2.45560110e-02 4.69979078e-01 4.63990748e-01
    2.20027983e-01 8.54156494e-01 6.62337065e-01 5.43618798e-01
    2.86508441e-01 7.41151750e-01 8.20158720e-02 6.72080219e-01
    6.20150030e-01 3.36397827e-01 2.89605826e-01 9.71550465e-01
    6.67186916e-01 2.27911681e-01 6.51194036e-01 6.48166537e-01
    6.38609827e-01 8.32858562e-01 1.18117929e-02 8.14711809e-01
    9.76523280e-01 6.46070957e-01 7.17916727e-01 3.39999825e-01
    5.24592400e-01 3.23790610e-01 4.01259959e-01 7.28173196e-01
    2.74248809e-01 5.48270822e-01 3.14346761e-01 7.95187891e-01
    5.58274269e-01 3.32702309e-01 1.12706691e-01 8.35259318e-01
    3.87254655e-01 5.86233437e-02 5.78025699e-01 6.16578817e-01
    2.63517678e-01 8.62609029e-01 1.40802324e-01 9.44553792e-01
    4.46178585e-01 2.99025655e-01 5.30566037e-01 5.30318260e-01
    4.65009570e-01 3.77579212e-01 3.30747366e-02 3.86360258e-01
    9.35927510e-01 9.69398737e-01 7.51318574e-01 3.06691825e-01
    4.89308327e-01 3.75037938e-01 9.01426435e-01 6.13087714e-01
    6.26134038e-01 5.82441092e-01 7.94013143e-01 4.65804815e-01
    6.93554640e-01 7.84429431e-01 2.96475291e-02 5.02013743e-01
    5.59369743e-01 8.66920829e-01 5.34340918e-01 7.06235766e-01
    1.28968507e-01 6.11772180e-01 6.25134408e-01 1.76635504e-01
    9.63351965e-01 8.40341330e-01 8.98437858e-01 7.56285012e-01
    5.15988290e-01 6.63366437e-01 2.61940747e-01 5.40868819e-01
    4.18455005e-01 1.24077201e-02 5.73633015e-01 8.25900078e-01
    8.87474418e-03 4.03695762e-01 5.62816381e-01 9.87665296e-01
    2.71170437e-02 9.95653629e-01 8.06432307e-01 8.63529742e-01
    4.53474581e-01 8.29827785e-01 3.74704629e-01 7.45126605e-01
    1.10407084e-01 9.31081533e-01 7.65418708e-01 3.70559096e-01
    2.08841920e-01 8.25060010e-01 2.48522967e-01 8.61103833e-02
    1.12020999e-01 3.28965247e-01 9.54129338e-01 4.63316441e-01
    1.83914900e-02 7.44929433e-01 1.12950772e-01 7.82327533e-01
    7.48077154e-01 6.00806355e-01 3.96658778e-01 1.03059411e-02
    5.67413390e-01 8.04089546e-01 4.29250300e-01 6.14108741e-02
    9.36910927e-01 7.02922702e-01 1.89998567e-01 3.18698406e-01
    3.49540293e-01 2.85561085e-01 3.32933456e-01 5.45503318e-01
    3.70828450e-01 1.64690644e-01 3.55718732e-02 7.11107135e-01
    5.38581133e-01 2.88221985e-01 4.02648360e-01 6.72301650e-01
    2.84558237e-02 4.17530209e-01 1.06158763e-01 5.46348691e-02
    3.62218142e-01 4.79323357e-01 9.18164015e-01 8.41117620e-01
    6.33418322e-01 9.34916377e-01 5.34833372e-01 9.07026172e-01
    1.20127469e-01 9.35929775e-01 9.08237338e-01 5.70112705e-01
    2.64427513e-01 2.01191485e-01 9.38999653e-02 5.14843583e-01
    8.89464080e-01 5.15890181e-01 8.41061831e-01 6.38495564e-01
    3.95482093e-01 4.36603367e-01 3.55636954e-01 6.72523975e-01
    4.55872148e-01 9.74990070e-01 3.69536281e-01 8.88918936e-02
    2.06318706e-01 2.68266439e-01 2.80236453e-01 4.77157325e-01
    1.46739691e-01 1.48745924e-01 4.49082881e-01 5.36854267e-02
    3.83271992e-01 4.54037488e-02 8.55444372e-01 9.49082375e-01
    3.00206542e-02 8.18847060e-01 3.29519749e-01 6.81252718e-01
    8.65548253e-02 2.23371446e-01 4.58089948e-01 7.62137890e-01
    5.34157455e-01 8.38597953e-01 3.45150828e-01 4.47476238e-01
    7.19168961e-01 5.07451534e-01 5.96474111e-01 4.92232084e-01
    2.40085423e-01 9.64447021e-01 5.34243345e-01 8.61816168e-01
    3.39446306e-01 5.52493215e-01 6.52807355e-01 6.72554910e-01
    4.95286673e-01 5.08595705e-01 7.31948316e-02 4.34833109e-01
    8.72786403e-01 8.19276929e-01 2.11872160e-02 9.67426419e-01
    7.09468484e-01 1.64687783e-01 6.31000340e-01 2.95967728e-01
    5.85942447e-01 7.42348552e-01 9.12702262e-01 1.01004988e-01
    6.39282703e-01 7.59663224e-01 3.19109917e-01 1.86279207e-01
    9.40374494e-01 1.16975009e-01 9.32967484e-01 4.86123621e-01
    5.37850976e-01 8.78265500e-01 4.19631362e-01 5.28780341e-01
    8.93020630e-01 4.42164838e-01 6.53098404e-01 2.88842291e-01
    5.46985865e-03 8.75839949e-01 9.29448247e-01 4.25077617e-01
    1.05446249e-01 9.19643044e-01 6.10094190e-01 2.38813281e-01
    4.44611430e-01 9.15993810e-01 9.99838352e-01 1.86748594e-01
    4.57310885e-01 5.86274922e-01 6.44295096e-01 9.25246954e-01
    3.66821229e-01 5.96817493e-01 6.55988753e-01 2.37597436e-01
    6.59316123e-01 9.87061560e-02 1.89193934e-01 7.17389584e-03
    7.99849212e-01 1.10591292e-01 6.93155229e-01 7.52566338e-01
    1.25291198e-01 5.78799546e-01 6.08380795e-01 8.00356627e-01
    6.61372542e-02 9.54213381e-01 2.12322205e-01 8.89593005e-01
    7.32174039e-01 8.26785922e-01 8.90599847e-01 5.39343476e-01
    2.66559541e-01 5.88879585e-02 7.96084762e-01 1.40269399e-01
    9.82140303e-01 6.09828353e-01 9.81936693e-01 6.40947461e-01
    6.16302669e-01 6.57253981e-01 5.89064896e-01 9.47426021e-01
    1.60697699e-02 2.18800008e-02 6.77105248e-01 7.23489165e-01
    7.18789935e-01 4.38826412e-01 9.52967167e-01 5.58912158e-01
    8.15063417e-02 8.72363150e-02 1.16356730e-01 5.47268867e-01
    6.49209738e-01 8.80358577e-01 1.48393244e-01 2.13353336e-02
    3.12371969e-01 7.29990244e-01 8.19122434e-01 6.96298838e-01
    8.25399995e-01 9.95372772e-01 1.70103997e-01 7.67514944e-01
    9.57848191e-01 1.54806584e-01 1.98455572e-01 7.63562977e-01
    4.55225289e-01 1.11405820e-01 9.54809487e-02 1.79119349e-01
    7.03117847e-01 2.94175357e-01 9.87504125e-01 2.71062016e-01
    5.05377173e-01 9.85625327e-01 8.57944191e-02 3.94007385e-01
    5.49143255e-02 1.75175905e-01 2.83699036e-02 4.45185304e-02
    5.69528222e-01 5.65983772e-01 9.93502021e-01 4.10050184e-01
    4.24557030e-02 6.43280923e-01 8.27362895e-01 5.29622793e-01
    5.15040994e-01 3.50024998e-01 7.56612539e-01 1.22569203e-01
    4.14706051e-01 9.99889910e-01 2.71945417e-01 8.19020867e-01
    7.27606654e-01 1.06646061e-01 1.96815968e-01 4.78320509e-01
    2.28841901e-01 4.70685631e-01 8.02977622e-01 5.04399002e-01
    5.09239614e-01 5.31182408e-01 6.90466166e-02 8.29486251e-02
    5.77128589e-01 8.77256155e-01 9.97743726e-01 5.13302922e-01
    7.03054368e-01 9.48564947e-01 5.42661846e-01 9.91788149e-01
    1.14959657e-01 8.48394036e-02 3.59035313e-01 7.40537763e-01
    6.35491192e-01 3.14105093e-01 2.66651213e-02 6.22028410e-02
    7.93584287e-02 1.53934717e-01 7.18241572e-01 3.12503815e-01
    5.60215771e-01 9.80066895e-01 1.03979111e-02 4.60162193e-01
    7.31973112e-01 5.84608078e-01 9.11641836e-01 6.54670835e-01
    4.17706102e-01 6.36592090e-01 3.84570241e-01 1.79618895e-01
    2.83140928e-01 7.82176495e-01 8.44459832e-02 8.31440687e-02
    1.87253416e-01 4.45990205e-01 3.42273623e-01 4.09957290e-01
    7.90485859e-01 7.75454640e-01 4.77468699e-01 4.48415220e-01
    5.54215550e-01 8.26795101e-01 6.35880113e-01 5.00672281e-01
    8.82986069e-01 9.32482779e-01 7.33632207e-01 2.46654123e-01
    8.94837916e-01 1.27857387e-01 4.31415379e-01 5.90812385e-01
    3.43935192e-01 2.73626626e-01 1.58888668e-01 3.72728199e-01
    6.42603040e-02 9.44342852e-01 8.83328319e-01 1.11101270e-01
    8.87184918e-01 7.51436234e-01 5.43593407e-01 3.44764411e-01
    7.87663460e-01 4.26709622e-01 6.99431419e-01 9.95431364e-01
    1.10521138e-01 2.09507078e-01 2.35991955e-01 7.41657913e-01
    1.49311572e-01 9.18245375e-01 7.16529191e-01 3.52230072e-02
    8.32670808e-01 6.52082741e-01 6.88875258e-01 2.80046761e-02
    2.20764637e-01 1.57191008e-01 7.32657135e-01 9.26534534e-01
    8.52260828e-01 3.59157324e-02 7.51675606e-01 4.36096996e-01
    2.32283860e-01 5.68222582e-01 3.81899178e-01 4.94131207e-01
    6.75682187e-01 6.91175461e-02 5.70154369e-01 4.33738083e-01
    1.45614386e-01 4.20403540e-01 6.60448134e-01 6.66359067e-01
    2.75301725e-01 7.94785082e-01 1.44149065e-01 3.16250324e-01
    4.01363850e-01 3.85162145e-01 7.02449918e-01 6.24755204e-01
    1.23571545e-01 6.21615529e-01 1.52995110e-01 3.93067360e-01
    2.03596354e-02 6.84306622e-01 7.12077618e-01 8.84720683e-03
    5.96330106e-01 5.83816946e-01 3.79288316e-01 9.42801237e-01
    8.06203485e-01 4.68792379e-01 4.40045506e-01 7.62265801e-01
    6.12848997e-02 3.41757745e-01 9.85637009e-01 4.86650348e-01
    8.86658907e-01 5.96805215e-02 6.49226844e-01 8.93452287e-01
    8.09652030e-01 2.83829749e-01 8.09639096e-01 8.12980175e-01
    5.06399453e-01 5.79587162e-01 7.68069685e-01 5.08184075e-01
    6.47694707e-01 4.60354060e-01 1.16476089e-01 3.73970985e-01
    8.60557437e-01 8.35053742e-01 2.73676157e-01 1.18535757e-03
    1.57561809e-01 3.56750011e-01 4.50951517e-01 6.73083305e-01
    4.04410034e-01 1.07142091e-01 5.71730554e-01 8.94741893e-01
    2.13703573e-01 3.54233205e-01 5.67393661e-01 2.69202828e-01
    7.97685385e-02 2.74516672e-01 2.02645540e-01 1.84570819e-01
    9.71893370e-01 7.93772817e-01 2.31701612e-01 9.44360495e-01
    2.20980495e-01 6.24715149e-01 5.48333526e-02 8.43850434e-01
    2.04706907e-01 7.24448800e-01 4.84665871e-01 3.27878594e-01
    8.65290046e-01 1.99375838e-01 9.84009027e-01 5.18814087e-01
    4.08341944e-01 4.39798921e-01 5.84051907e-02 2.15109348e-01
    7.00694263e-01 4.65549797e-01 4.99762684e-01 9.90145922e-01
    3.99117380e-01 8.71380389e-01 5.67038953e-02 6.67695582e-01
    5.20678163e-01 5.14283240e-01 7.48056769e-01 5.29891849e-02
    3.75245214e-02 8.09036970e-01 1.13344610e-01 5.90144038e-01
    2.15048283e-01 3.02112579e-01 5.22698939e-01 1.06618732e-01
    4.69900787e-01 9.50383961e-01 6.65028453e-01 7.76923537e-01
    1.52903348e-01 3.24208319e-01 1.67584687e-01 8.38497162e-01
    6.82689607e-01 9.55096126e-01 2.27848887e-02 7.85521507e-01
    6.68944657e-01 6.13804817e-01 1.22057348e-01 2.91415751e-02
    8.52297485e-01 4.73703146e-01 8.65210652e-01 3.53279650e-01
    3.19754004e-01 1.67868435e-01 1.04045033e-01 9.18059945e-02
    1.14068478e-01 6.90882087e-01 2.37016439e-01 7.22289085e-02
    3.05703104e-01 8.30146313e-01 1.28183663e-01 2.73075044e-01
    4.02002096e-01 2.13415205e-01 5.67908883e-01 8.02108645e-03
    8.65679204e-01 7.17347264e-01 3.01175833e-01 1.68713331e-02
    1.86785042e-01 4.60973591e-01 1.24128401e-01 2.56612509e-01
    9.89019156e-01 7.36535430e-01 2.20211208e-01 4.37810510e-01
    6.82784140e-01 6.95317984e-01 9.27509665e-01 4.16644514e-01
    5.47176898e-02 5.28705239e-01 6.80702627e-01 9.20160532e-01
    3.30491811e-01 7.55576074e-01 4.39577103e-02 6.80717111e-01
    1.96811467e-01 7.95741916e-01 8.97501230e-01 2.69217849e-01
    3.69032741e-01 9.10283387e-01 4.34925199e-01 9.01087642e-01
    2.50911832e-01 6.44058108e-01 4.86755490e-01 3.91817659e-01
    8.75927687e-01 6.23185635e-01 2.60300159e-01 6.64410591e-01
    1.34501576e-01 4.94621098e-01 9.86185908e-01 2.25365609e-01
    1.14048600e-01 1.84243143e-01 1.27921104e-02 2.91415453e-02
    8.03567529e-01 9.29411054e-01 6.11907363e-01 1.80712342e-01
    9.97726858e-01 6.44515872e-01 1.19922966e-01 8.45234394e-01
    6.49129272e-01 8.49610865e-02 7.26628542e-01 6.19276583e-01
    7.43189931e-01 8.04954290e-01 3.31735015e-01 9.74927604e-01
    8.18383813e-01 4.03102040e-01 6.49911880e-01 1.63665354e-01
    1.31381899e-01 9.72404778e-02 9.51333523e-01 1.73585743e-01
    5.62897384e-01 5.30882120e-01 2.92915821e-01 1.63133204e-01
    4.70218867e-01 5.93354762e-01 5.69010675e-02 7.78813183e-01
    4.96554971e-02 5.20924151e-01 8.74174178e-01 2.48574615e-01
    4.61660922e-02 7.75357485e-02 1.84639692e-02 5.18367887e-01
    8.39358330e-01 2.50571072e-02 7.46006131e-01 1.89301878e-01
    8.65768790e-01 2.87000507e-01 6.61637187e-02 9.01802182e-02
    8.89469743e-01 2.63832897e-01 4.95251268e-01 3.68011773e-01
    8.70384574e-01 3.19985509e-01 8.52195024e-01 1.53753281e-01
    7.88440347e-01 9.17620301e-01 7.64256597e-01 6.25122607e-01
    6.33833170e-01 7.56538033e-01 4.03178334e-02 9.77869511e-01
    4.23360348e-01 8.90245736e-01 4.28523004e-01 8.38878036e-01
    8.33974481e-01 5.33748984e-01 1.92557186e-01 9.03589129e-02
    4.84473854e-01 3.56420219e-01 5.26755750e-01 4.35007811e-02
    1.68409377e-01 5.82019448e-01 4.60176080e-01 3.40967178e-01
    2.04749972e-01 1.63000733e-01 7.80525565e-01 7.43689895e-01
    5.39333403e-01 3.71711016e-01 3.24310362e-01 3.40033889e-01
    1.34336263e-01 2.96279818e-01 7.15335548e-01 9.52934146e-01
    3.81351411e-01 9.55597997e-01 8.96162271e-01 1.05809838e-01
    2.82230854e-01 2.12738782e-01 3.26445043e-01 9.37077641e-01
    1.77910507e-01 1.47741258e-01 3.08248997e-01 2.47300178e-01
    1.49430066e-01 4.06321406e-01 6.66109920e-02 3.83632153e-01
    7.27089047e-01 2.73384750e-02 6.55983210e-01 5.44496179e-02
    5.20854354e-01 6.87138438e-01 6.63756907e-01 7.00688660e-01
    1.72170162e-01 8.56649458e-01 3.01965475e-01 4.82444584e-01
    5.74661434e-01 4.21497226e-03 7.18659520e-01 5.54369628e-01
    5.71652293e-01 8.88659179e-01 9.42462623e-01 1.98755324e-01
    5.81327438e-01 3.71318966e-01 7.78141618e-02 2.30345815e-01
    4.96728718e-01 5.40809572e-01 4.37951654e-01 5.03564775e-02
    4.82367992e-01 3.41322720e-01 9.83768106e-02 8.32441568e-01
    9.61882770e-02 3.57867539e-01 9.81212974e-01 3.98405403e-01
    9.41753387e-03 8.64336848e-01 7.21442401e-02 6.76364541e-01
    6.63517773e-01 9.64002609e-01 7.67738521e-02 4.43116128e-01
    1.55904889e-03 6.81873858e-01 3.00804794e-01 7.62021124e-01
    3.57128561e-01 6.37479603e-01 9.22178864e-01 7.45168388e-01
    5.46829879e-01 7.30303824e-02 6.33971393e-01 7.18573511e-01
    1.44302070e-01 2.53237188e-02 8.51274133e-01 5.23369253e-01
    3.85628581e-01 8.86942446e-02 1.11062229e-02 9.79783237e-01
    6.59852028e-02 1.53491437e-01 5.40352941e-01 5.05622923e-01
    8.90827775e-02 5.02581894e-02 5.41185439e-02 3.39810431e-01
    8.74521375e-01 9.49249983e-01 9.77902770e-01 4.07772988e-01
    9.47153687e-01 3.77756536e-01 9.43695724e-01 7.01290190e-01
    7.25856423e-01 5.58509588e-01 8.08541119e-01 3.41268688e-01
    3.23496401e-01 1.95453137e-01 9.00896072e-01 3.04507494e-01
    1.67297304e-01 4.48293895e-01 6.76819682e-01 4.98871505e-01
    9.47669625e-01 4.48574722e-02 4.33378518e-02 6.61617577e-01
    1.29787028e-01 1.38817221e-01 2.68004417e-01 4.99082029e-01
    5.78503132e-01 3.56806815e-01 4.06613052e-02 1.11032873e-01
    8.23541999e-01 8.76516819e-01 2.80476809e-01 1.99567825e-01
    9.83452260e-01 3.05229306e-01 3.22205961e-01 3.93860042e-01
    2.64588088e-01 5.32296956e-01 1.90074593e-01 8.22627902e-01
    6.20166957e-01 9.83225822e-01 4.52830076e-01 5.32834411e-01
    2.66187042e-01 4.03745443e-01 8.55961680e-01 9.56578076e-01
    6.01723969e-01 3.24550152e-01 1.00483716e-01 3.53896916e-02
    3.92027080e-01 7.32057631e-01 5.91427684e-01 6.29252553e-01
    4.12871242e-02 5.57144523e-01 4.94431764e-01 3.32429111e-01
    2.68897414e-03 5.41677833e-01 7.57845879e-01 6.52851462e-01
    6.13503516e-01 5.24580956e-01 9.86957073e-01 6.47007048e-01
    6.08294010e-01 8.37524712e-01 6.48345232e-01 8.98727536e-01
    2.02115983e-01 4.27413821e-01 4.59152997e-01 4.49482501e-01
    1.50310844e-01 6.72277808e-01 3.48097026e-01 8.48569512e-01
    6.93116724e-01 7.55647182e-01 2.74854124e-01 6.65811300e-02
    8.62624943e-02 3.38270009e-01 4.07266617e-01 2.21524149e-01
    8.12278092e-01 9.70412195e-02 2.00651288e-01 5.55331349e-01
    3.85435909e-01 7.37303138e-01 9.38284338e-01 8.23391378e-01
    2.23229617e-01 3.31710249e-01 4.38771755e-01 9.85606015e-02
    6.88062191e-01 4.28712249e-01 7.89252639e-01 2.71518648e-01
    6.42741203e-01 2.54390955e-01 7.91246474e-01 3.11572492e-01
    2.90609598e-01 7.67856717e-01 2.19416022e-02 7.61436105e-01
    8.55617523e-02 3.46458197e-01 4.93010879e-02 3.26390147e-01
    9.79349136e-01 7.88200736e-01 5.91852307e-01 3.76540840e-01
    4.17313367e-01 2.02293992e-02 5.09270608e-01 3.02785426e-01
    7.15642989e-01 1.68227315e-01 5.29426217e-01 4.87334847e-01
    5.46018541e-01 8.80450726e-01 6.09233379e-02 5.75487316e-01
    6.25188470e-01 8.18794370e-02 2.17155844e-01 9.93033767e-01
    7.01467872e-01 2.56434083e-03 3.09638560e-01 6.14615440e-01
    6.87700033e-01 8.43423009e-01 2.98810601e-02 7.66994476e-01
    6.41787350e-01 1.96132481e-01 6.48540139e-01 7.04071105e-01
    2.74316847e-01 4.71466750e-01 8.30620408e-01 2.55639374e-01
    8.46805096e-01 2.14565754e-01 4.88956749e-01 6.37062669e-01
    1.40785813e-01 5.31602621e-01 5.15456498e-02 3.56830448e-01
    8.85391772e-01 4.65881109e-01 1.10866964e-01 2.38773346e-01
    2.78490067e-01 4.13740516e-01 2.57472098e-01 7.45977163e-02
    3.40612292e-01 9.54272985e-01 3.25046062e-01 6.96036220e-01
    2.46055096e-01 7.60913372e-01 4.44609493e-01 3.15224111e-01
    6.49075925e-01 8.23483169e-02 6.00159287e-01 2.08490580e-01
    8.66601765e-02 8.60945463e-01 8.61120880e-01 9.80931163e-01
    3.31937790e-01 8.60396028e-01 3.97862196e-02 2.65930057e-01
    8.02111268e-01 6.13262296e-01 1.86727941e-01 4.40738082e-01
    4.13516223e-01 4.66675222e-01 6.16712153e-01 6.87126279e-01
    2.49973595e-01 5.53025186e-01 6.21396065e-01 5.54179728e-01
    6.65806293e-01 7.01430678e-01 8.15685987e-01 7.75342584e-02
    5.12655258e-01 7.61111617e-01 7.83011854e-01 4.00435925e-01
    5.78585327e-01 1.67313010e-01 6.85435355e-01 2.04734832e-01
    2.11031914e-01 4.99034911e-01 1.83870792e-01 9.00056422e-01
    7.40366399e-01 5.22529781e-02 5.55630684e-01 4.61144745e-02
    8.29597116e-01 7.46457994e-01 2.73370504e-01 4.69551176e-01
    9.98472214e-01 7.99414992e-01 6.29746199e-01 2.69363582e-01
    3.54117930e-01 3.89302194e-01 4.71267343e-01 3.36111367e-01
    1.85379297e-01 1.29885972e-01 4.28699434e-01 5.58669925e-01
    4.84890014e-01 2.26365328e-01 3.09683204e-01 5.57632625e-01
    2.77066231e-02 6.11752331e-01 5.59009969e-01 9.16956484e-01
    1.75909787e-01 2.27907747e-01 7.57965446e-02 7.84971833e-01
    6.39128089e-01 7.37342238e-02 3.52734447e-01 7.99800754e-01
    3.50822419e-01 1.91829681e-01 6.18475556e-01 7.54297853e-01
    5.26237369e-01 2.77477026e-01 1.56899840e-01 7.24588394e-01
    3.35147738e-01 7.36655354e-01 6.45533800e-01 2.84676284e-01
    2.59354949e-01 4.22254711e-01 5.50001383e-01 3.29609871e-01
    6.78793907e-01 7.97065377e-01 1.24991000e-01 1.33576334e-01
    3.75890136e-02 4.61978525e-01 2.04835802e-01 9.21679318e-01
    9.18462276e-02 6.15667760e-01 9.09233391e-02 1.02802515e-01
    5.65865338e-01 6.73210919e-02 4.11059678e-01 3.41102362e-01
    7.53463507e-01 4.03410733e-01 1.16777599e-01 8.58756185e-01
    1.18324548e-01 7.89014816e-01 4.19723839e-01 6.30952358e-01
    9.79688287e-01 4.46332574e-01 5.21447659e-02 7.61278570e-02
    7.81498253e-02 4.52592015e-01 4.79337275e-01 3.06085408e-01
    5.90156615e-02 8.42861116e-01 4.62202013e-01 9.88201976e-01
    6.45082593e-02 3.64522398e-01 6.78899646e-01 9.28713143e-01
    6.74803138e-01 5.34610391e-01 5.13354063e-01 7.58904696e-01
    8.08794856e-01 3.77288818e-01 4.29398239e-01 1.41159624e-01
    7.30530262e-01 4.49366570e-02 7.14738131e-01 6.36190593e-01
    6.54141307e-01 6.26799166e-02 4.87699270e-01 7.97420144e-01
    7.17395902e-01 4.32718039e-01 4.47234571e-01 7.37667322e-01
    6.80854559e-01 5.72094917e-02 3.49950492e-02 9.27299559e-01
    3.27169895e-02 5.52832067e-01 8.24511647e-02 8.68994653e-01
    9.32222605e-01 6.53177679e-01 4.11107659e-01 2.05714405e-02
    1.71703756e-01 5.67136645e-01 6.65856123e-01 8.91440213e-01
    6.05296016e-01 9.82073367e-01 3.32838595e-01 9.44304407e-01
    5.64376116e-01 1.99379563e-01 5.63197851e-01 1.57156199e-01
    6.78071141e-01 5.08832037e-02 9.80663061e-01 9.43568826e-01
    9.26325679e-01 6.30013049e-01 3.89922857e-02 6.11931562e-01
    9.61998343e-01 9.12747085e-01 3.31908822e-01 4.02131677e-03
    8.31022859e-01 1.14937872e-01 9.55488384e-02 2.03933060e-01
    2.83634365e-01 2.40741044e-01 4.87256944e-02 8.50205839e-01
    7.51201153e-01 1.05161548e-01 2.49277502e-01 8.48226249e-01
    4.28977847e-01 3.92759025e-01 6.71092868e-01 1.04291826e-01
    3.33244085e-01 7.31386125e-01 7.47702420e-02 4.01901066e-01
    5.68171740e-02 3.61044645e-01 9.08078671e-01 5.57109535e-01
    4.74048376e-01 8.89290392e-01 1.67438507e-01 4.70401615e-01
    4.20577407e-01 2.10139036e-01 4.08577621e-02 1.35340661e-01
    5.49530208e-01 4.59578216e-01 7.68414259e-01 2.51028448e-01
    1.35547668e-01 3.82555872e-01 5.77748954e-01 3.58738124e-01
    3.27716410e-01 8.29033852e-01 6.30892813e-02 6.62445068e-01
    7.98763871e-01 5.62099874e-01 1.51730239e-01 9.70932603e-01
    4.37116086e-01 3.25719804e-01 2.71823883e-01 8.12880158e-01
    9.29700136e-01 3.52274239e-01 4.45271462e-01 3.64136338e-01
    4.34568912e-01 4.63540345e-01 7.65754819e-01 7.40713477e-02
    8.39034677e-01 2.23051310e-01 2.71894395e-01 5.67426622e-01
    6.32382512e-01 3.10561657e-01 2.45529860e-01 2.49220073e-01
    2.96495557e-01 8.82169247e-01 2.19582915e-01 5.75753570e-01
    7.40246654e-01 3.93581450e-01 6.38906121e-01 1.59060329e-01
    1.01793677e-01 2.48993874e-01 3.15904438e-01 4.64269817e-02
    7.87964582e-01 5.18213451e-01 1.31269485e-01 3.05336058e-01
    6.21877670e-01 9.01552320e-01 8.54038715e-01 3.94263178e-01
    6.69819355e-01 1.39433414e-01 1.96709037e-01 9.28226113e-02
    9.00655150e-01 9.04526114e-01 5.06875634e-01 8.10043514e-01
    4.21975434e-01 2.24607885e-02 1.89754665e-01 6.39682353e-01
    5.49159646e-01 4.34820950e-02 6.57494128e-01 3.61454487e-01
    1.75062448e-01 5.84947169e-01 2.71990597e-02 9.46170807e-01
    3.41936588e-01 9.63456035e-01 7.38859653e-01 3.15954983e-02
    8.30735147e-01 1.65820569e-01 5.71825027e-01 1.34305269e-01
    4.03743565e-01 9.60803509e-01 9.45703089e-02 4.27232563e-01
    5.38908184e-01 7.08902478e-01 9.51304257e-01 5.24461627e-01
    4.88922685e-01 7.95397162e-01 9.82147455e-02 4.56817985e-01
    5.38813770e-01 4.40477252e-01 8.40595961e-01 6.49012208e-01
    9.31048751e-01 4.74385917e-01 1.42022073e-02 4.79894698e-01
    2.71970898e-01 8.61732006e-01 4.04334903e-01 1.85353786e-01
    7.07646191e-01 3.52056503e-01 7.60618925e-01 3.52592230e-01
    7.08714724e-01 1.46094292e-01 4.60134953e-01 5.56008935e-01
    7.73042679e-01 6.58827126e-02 7.51411021e-02 9.30691361e-01
    4.83817428e-01 2.98480451e-01 9.36419129e-01 2.45061785e-01
    5.67742944e-01 9.50749397e-01 5.82357228e-01 5.46914041e-01
    1.67297006e-01 5.96081018e-01 5.69016576e-01 8.10559988e-01
    2.18857467e-01 2.99945980e-01 6.96203351e-01 1.17706567e-01
    3.11681390e-01 7.99759984e-01 3.15948367e-01 4.14097309e-03
    5.50740182e-01 5.05192161e-01 3.57908428e-01 2.01215923e-01
    2.78627008e-01 8.56053889e-01 6.18279874e-02 4.85354871e-01
    4.81253892e-01 4.13328588e-01 9.83629346e-01 3.61522138e-01
    3.77655029e-02 4.18035030e-01 2.95628011e-01 4.86696750e-01
    1.89323157e-01 3.12780678e-01 7.50426710e-01 9.37878251e-01
    3.91346872e-01 8.78776908e-01 6.19520545e-02 4.72499907e-01
    4.86035407e-01 8.80243540e-01 6.93959117e-01 3.99328411e-01
    5.34376979e-01 2.35504687e-01 7.93907404e-01 9.73687768e-01
    7.75761366e-01 8.94851208e-01 4.29551035e-01 3.78379494e-01
    7.39981115e-01 3.03756893e-01 6.20424211e-01 3.54413390e-01
    5.00557482e-01 5.53210378e-02 3.87026876e-01 6.26351476e-01
    4.73392934e-01 1.38810158e-01 1.37549669e-01 4.06510830e-02
    8.28507900e-01 5.82713604e-01 4.93737817e-01 2.23396868e-01
    6.99390531e-01 5.80546498e-01 7.93085456e-01 8.06850195e-01
    4.76103276e-01 5.56274712e-01 1.65238649e-01 4.24251735e-01
    6.73770368e-01 4.64405179e-01 1.36108845e-01 6.38813436e-01
    3.66851360e-01 6.65065110e-01 2.78140068e-01 9.50659394e-01
    1.78434372e-01 8.75766873e-01 3.17499876e-01 7.81541348e-01
    6.67524338e-01 4.28535104e-01 8.24808121e-01 7.81483948e-01
    8.69972706e-01 4.10566032e-01 4.55785513e-01 9.49613452e-01
    3.17520589e-01 7.43795633e-01 6.69327617e-01 4.66868520e-01
    2.40022779e-01 9.86000896e-03 1.09044731e-01 7.14708328e-01
    1.70053840e-02 4.51363534e-01 7.02311754e-01 5.88558435e-01
    6.67762756e-01 8.17349732e-01 1.04520947e-01 1.77713394e-01
    5.10105789e-01 1.68831378e-01 4.71331120e-01 1.21532053e-01
    1.73710346e-01 9.21496630e-01 5.16503394e-01 9.26517010e-01
    1.21341348e-01 2.82559395e-01 9.05242324e-01 9.45738494e-01
    1.30870402e-01 8.19630086e-01 4.25735503e-01 3.64730328e-01
    2.84304917e-01 7.37887383e-01 4.09184456e-01 3.29594612e-02
    4.88438249e-01 6.06588602e-01 3.05989116e-01 9.06049013e-01
    8.44762564e-01 6.73365057e-01 9.43760991e-01 6.57803774e-01
    8.80277157e-02 2.81758934e-01 7.54228473e-01 5.58235049e-01
    3.69583309e-01 3.45232338e-01 2.28394538e-01 5.12328744e-03
    7.23802805e-01 9.36210155e-01 4.32026029e-01 1.46794230e-01
    9.36738372e-01 2.39217192e-01 7.17650533e-01 8.04544687e-02
    2.07900286e-01 2.43878633e-01 2.38385797e-02 4.36794609e-01
    9.81539845e-01 4.93994206e-01 7.43473053e-01 2.62632608e-01
    5.12165427e-01 5.43612719e-01 7.02813268e-01 3.25688183e-01
    9.62393045e-01 4.56286848e-01 5.75292587e-01 2.61512399e-01
    6.80314898e-01 4.73943174e-01 7.74687767e-01 5.14632106e-01
    3.51379365e-01 2.02322066e-01 6.59036279e-01 7.71830261e-01
    9.32662189e-01 9.17458475e-01 8.36988986e-01 4.16149378e-01
    3.23796093e-01 4.41393554e-02 1.10692143e-01 9.08600926e-01
    4.03757155e-01 4.96690840e-01 9.93955731e-01 8.33970308e-01
    9.93064046e-01 7.84105301e-01 5.46127796e-01 6.03510201e-01
    3.30277979e-02 9.19366479e-01 7.76628256e-01 3.57464254e-02
    2.05680907e-01 8.38512778e-02 8.65863204e-01 2.40263522e-01
    5.93693733e-01 1.42377436e-01 3.14573467e-01 6.80546701e-01
    7.08047926e-01 1.13684654e-01 2.00344235e-01 6.08524978e-01
    1.19233459e-01 3.04773122e-01 9.53021407e-01 8.67897451e-01
    5.01486719e-01 4.74419028e-01 9.91461039e-01 3.46146584e-01
    7.20213592e-01 8.73261809e-01 5.04025877e-01 9.67322648e-01
    7.94611454e-01 3.58914793e-01 4.71417725e-01 9.84358847e-01
    3.33906710e-02 6.49153888e-01 1.01238787e-02 1.83683932e-02
    2.07122505e-01 7.61174440e-01 1.07952058e-02 5.37001431e-01
    9.07400966e-01 9.74080026e-01 4.33330327e-01 4.28804368e-01
    4.56636608e-01 7.30590880e-01 7.12872267e-01 6.68228984e-01
    6.44046545e-01 8.58743012e-01 9.39211607e-01 4.47087646e-01
    1.24843568e-01 3.15033823e-01 7.21184611e-02 9.64367568e-01
    3.44225764e-01 8.00927937e-01 9.84454572e-01 9.16317463e-01
    7.47758150e-01 5.16673505e-01 3.22760940e-02 7.12222457e-01
    2.05372393e-01 8.94942343e-01 5.27665138e-01 5.16946077e-01
    3.55949432e-01 8.81370008e-01 8.10469985e-01 1.57735318e-01
    2.23079532e-01 4.88116801e-01 5.48217177e-01 1.64464712e-01
    7.51812935e-01 3.72366756e-01 9.81017590e-01 4.31611359e-01
    3.00335109e-01 1.49273753e-01 9.60976958e-01 9.54966784e-01
    7.76553154e-01 8.73434842e-02 9.84084725e-01 7.71218538e-02
    6.80893779e-01 1.26084089e-01 5.45569301e-01 5.11202931e-01
    8.27434063e-01 7.67993271e-01 6.23790264e-01 5.89869499e-01
    1.78993016e-01 2.33730793e-01 3.87706935e-01 6.65855348e-01
    4.38681781e-01 9.05152798e-01 4.67686862e-01 3.56769204e-01
    3.61356527e-01 2.45506912e-01 3.94523859e-01 6.46924317e-01
    8.74919176e-01 5.52631676e-01 8.44261408e-01 9.52619374e-01
    2.04035550e-01 3.54678750e-01 2.55062133e-01 4.26034361e-01
    2.17043191e-01 7.48392582e-01 2.55654484e-01 3.84847999e-01
    5.28228283e-01 7.57412672e-01 4.70874250e-01 6.17191374e-01
    3.94463241e-02 7.28992224e-01 6.87858880e-01 9.10415828e-01
    5.27987063e-01 1.76812619e-01 8.39950860e-01 8.34657073e-01
    8.12537968e-02 5.55217206e-01 8.63213718e-01 2.56922424e-01
    5.94547391e-03 3.66451859e-01 5.57851791e-02 9.92792487e-01
    4.58070904e-01 9.13947344e-01 1.96888238e-01 5.10475218e-01
    4.80947971e-01 9.06691670e-01 3.87672573e-01 8.96494091e-02
    9.73519444e-01 3.43601823e-01 6.09139562e-01 3.43909562e-01
    5.78333199e-01 5.28840721e-01 7.19333231e-01 8.02606344e-01
    3.56956154e-01 1.45692647e-01 5.11165142e-01 3.34983587e-01
    5.65052688e-01 7.19575405e-01 9.44876373e-01 8.33522081e-01
    6.19675577e-01 5.58087945e-01 1.77660078e-01 4.36344653e-01
    4.74953324e-01 7.90983438e-01 5.10293543e-01 2.66934872e-01
    2.90705919e-01 4.00622100e-01 9.51545000e-01 7.54881382e-01
    3.85028273e-01 4.98545408e-01 8.97481263e-01 9.13562119e-01
    1.09833330e-01 6.20064914e-01 7.55040288e-01 1.78426117e-01
    2.09083557e-01 5.19458771e-01 2.01764464e-01 2.05022156e-01
    5.04111886e-01 2.49224007e-01 7.06810236e-01 6.90437376e-01
    3.74794602e-02 8.42815042e-01 7.37179875e-01 7.29754686e-01
    2.09711492e-01 2.09016532e-01 7.55954385e-01 4.45266336e-01
    9.68357027e-02 9.52751994e-01 8.89493227e-01 1.66946948e-02
    4.32875514e-01 9.39405322e-01 1.11646652e-01 1.28644407e-02
    2.76623756e-01 5.84319830e-01 6.61460340e-01 2.88785607e-01
    8.74366403e-01 9.85789597e-02 5.86110651e-01 6.27933860e-01
    9.27000880e-01 7.08468318e-01 9.83047009e-01 1.47518069e-01
    5.66810846e-01 4.14686710e-01 5.96338987e-01 8.40223670e-01
    8.60516429e-01 3.29982251e-01 3.46841514e-01 1.78947508e-01
    5.27711630e-01 2.25716650e-01 8.48725855e-01 2.54915982e-01
    9.90390658e-01 4.92562205e-01 8.28760743e-01 2.44749665e-01
    3.06856334e-02 8.45479965e-01 8.73955786e-02 5.49848676e-01
    6.11352921e-01 4.08216476e-01 1.98614806e-01 9.38872278e-01
    3.91279459e-02 2.47025430e-01 2.20256537e-01 3.56213689e-01
    4.87902761e-02 8.94128978e-02 8.45565796e-01 1.55080199e-01
    1.46133184e-01 6.67203188e-01 4.19325918e-01 6.83104396e-01
    5.73016047e-01 6.70698822e-01 4.84457850e-01 8.61879349e-01
    6.89863563e-01 5.53405464e-01 3.76644015e-01 1.58457458e-02
    4.19822782e-01 5.10428905e-01 5.48331618e-01 4.61830169e-01
    4.92930412e-02 4.66507643e-01 6.96861506e-01 5.87120354e-02
    4.35577631e-01 2.38800496e-01 8.31671596e-01 8.52435589e-01
    1.62612975e-01 1.90530926e-01 3.98301572e-01 9.14828479e-01
    8.46537173e-01 4.44175124e-01 5.21486521e-01 2.86467731e-01
    1.52591527e-01 9.29187000e-01 5.94299138e-01 8.55210900e-01
    2.17023432e-01 2.64555097e-01 1.60720557e-01 7.09871173e-01
    7.17705786e-01 8.25732708e-01 6.61192238e-01 4.02073652e-01
    8.39540958e-01 9.20475125e-02 1.54232860e-01 3.11820567e-01
    8.49601924e-02 7.16410637e-01 2.23415524e-01 2.95211256e-01
    2.87645459e-01 5.99953771e-01 6.06593788e-02 2.99031645e-01
    1.00698769e-02 1.96667701e-01 1.24058723e-02 5.30058503e-01
    3.20050359e-01 3.69952261e-01 9.70029950e-01 7.99326599e-01
    2.25642860e-01 6.36397362e-01 3.36135626e-01 6.38208747e-01
    9.75839496e-01 3.18809330e-01 1.49359494e-01 7.94574201e-01
    7.53388047e-01 7.44385719e-02 1.71160638e-01 9.26777720e-01
    2.04254866e-01 6.06075764e-01 1.77698225e-01 3.43733907e-01
    2.25191623e-01 8.53954554e-01 9.06857133e-01 2.81130672e-01
    6.68783367e-01 5.90174556e-01 4.35526371e-02 2.51884103e-01
    1.99609429e-01 2.99467146e-01 3.60677958e-01 8.47345948e-01
    3.54428113e-01 3.31192911e-02 1.78080797e-01 6.46259367e-01
    5.95339835e-01 1.90190703e-01 4.29547459e-01 9.30276394e-01
    1.53130889e-01 5.54797232e-01 8.52745056e-01 2.47127891e-01
    7.95589328e-01 9.28170085e-01 6.13510907e-01 9.47484136e-01
    8.80580068e-01 1.46016508e-01 7.63522983e-02 4.63109881e-01
    2.45603174e-01 6.19482040e-01 5.88685155e-01 4.78120625e-01
    6.58598661e-01 3.30920041e-01 1.76884234e-01 4.17427897e-01
    6.00229263e-01 7.35125124e-01 2.04960704e-02 3.29531610e-01
    7.58510709e-01 6.56881332e-01 9.43943262e-02 6.23941660e-01
    3.37807715e-01 6.57295406e-01 7.69852042e-01 3.85070682e-01
    5.95151305e-01 1.32679939e-03 6.11259520e-01 2.13101923e-01
    5.72442472e-01 2.70745456e-01 6.19335413e-01 2.63922572e-01
    3.01394880e-01 4.01625782e-01 7.75611758e-01 7.91750014e-01
    4.92915094e-01 6.12956107e-01 5.45839787e-01 6.34038448e-03
    9.41343784e-01 2.14553744e-01 9.29158509e-01 8.73248518e-01
    6.42817676e-01 7.62007475e-01 2.59124398e-01 2.39302397e-01
    3.45634282e-01 3.42959225e-01 9.33186173e-01 6.82024896e-01
    6.36539578e-01 6.51655674e-01 2.28739798e-01 1.30074650e-01
    3.55115652e-01 5.82652688e-01 1.65438265e-01 1.64055109e-01
    5.68756461e-01 8.43544722e-01 1.90101802e-01 4.03541327e-03
    6.78047240e-01 3.81290913e-03 7.79308558e-01 3.24902147e-01
    3.82687062e-01 1.34243906e-01 9.16676402e-01 9.07548606e-01
    9.90198016e-01 1.66337252e-01 6.35866225e-01 4.84623015e-02
    8.22754264e-01 1.31490529e-01 5.40843546e-01 8.55878949e-01
    1.39950663e-01 9.72567201e-01 6.85055375e-01 6.52687073e-01
    2.24461555e-01 4.54972088e-01 6.44273758e-01 5.81972897e-01
    6.61279082e-01 6.83201134e-01 8.52199018e-01 4.57560331e-01
    3.38561505e-01 2.56116271e-01 7.60477185e-01 6.01019144e-01
    3.57076824e-01 3.46927375e-01 7.27425694e-01 6.47626519e-01
    8.05883646e-01 5.38314879e-01 9.31729138e-01 2.89865762e-01
    6.57606661e-01 6.88215911e-01 5.42700946e-01 7.75172532e-01
    3.85451615e-01 8.01387072e-01 2.01683879e-01 8.98195386e-01
    8.78629923e-01 5.34310460e-01 8.55670571e-01 2.93338478e-01
    9.40737605e-01 2.91792750e-01 4.28063512e-01 8.33921611e-01
    8.13933611e-01 7.22461939e-02 4.90896523e-01 4.35276240e-01
    6.71665192e-01 7.66198635e-01 7.27152944e-01 6.45139754e-01
    9.04788375e-01 3.00329089e-01 7.50766218e-01 3.74539405e-01
    2.77210236e-01 9.72897410e-01 5.14045477e-01 2.50112653e-01
    9.87673998e-01 6.33949041e-01 5.71292281e-01 2.21189141e-01
    8.82997394e-01 8.82760882e-01 6.05398476e-01 1.22736841e-01
    9.61202085e-01 1.04911387e-01 9.82330918e-01 7.14376032e-01
    1.90275371e-01 3.27731073e-01 1.82150155e-01 4.51153517e-01
    9.70779657e-01 6.15391135e-01 9.62009668e-01 6.56881928e-01
    6.47984982e-01 7.73406327e-02 2.79848754e-01 6.22376204e-01
    8.44106019e-01 6.66186810e-01 8.13144445e-01 9.54953074e-01
    5.03026307e-01 4.37376738e-01 2.55491555e-01 8.93017709e-01
    5.02089739e-01 1.21205807e-01 6.63874388e-01 2.41180152e-01
    6.14752948e-01 1.15177661e-01 1.94272399e-03 2.56263405e-01
    8.90509129e-01 9.14017320e-01 4.22253281e-01 6.96561396e-01
    4.14973736e-01 1.24440491e-01 6.52848184e-02 5.32076657e-02
    6.37653708e-01 6.97867393e-01 3.22895229e-01 5.94579816e-01
    9.05954242e-01 1.00942552e-02 3.88085067e-01 1.94998741e-01
    4.35914129e-01 6.17805004e-01 5.87203205e-01 3.32939923e-02
    5.55918276e-01 4.78093356e-01 3.78502607e-01 8.79996896e-01
    5.11133194e-01 1.21480942e-01 1.01692528e-01 5.70679545e-01
    5.37310421e-01 9.72573817e-01 6.43378079e-01 2.01606810e-01
    7.43164062e-01 9.70995843e-01 6.26656890e-01 6.15442514e-01
    8.21526408e-01 1.75086796e-01 2.69899547e-01 8.29988837e-01
    6.51269913e-01 3.69896114e-01 7.47852385e-01 2.65882730e-01
    3.75584602e-01 8.35308552e-01 6.46395087e-01 3.34672093e-01
    9.54896688e-01 9.26544428e-01 8.35748374e-01 9.85838354e-01
    2.24511117e-01 2.98170507e-01 9.24490392e-01 6.96818054e-01
    6.94641829e-01 8.68787885e-01 8.24505687e-01 5.27027726e-01
    9.25195634e-01 2.17311025e-01 1.16562814e-01 4.65414941e-01
    6.08629584e-02 3.78804266e-01 6.04135156e-01 4.61079895e-01
    8.59084129e-01 3.50765139e-01 4.82642114e-01 8.82681012e-01
    5.21367788e-01 9.09232259e-01 3.73900235e-01 9.07247782e-01
    5.31052709e-01 5.15181661e-01 2.62752175e-03 8.33187997e-01
    3.08714509e-02 2.94297934e-01 9.88134384e-01 5.38944900e-01
    5.37886798e-01 7.98633993e-01 3.32047939e-01 8.32301974e-01
    7.67734468e-01 8.58854949e-01 2.13362128e-01 6.11556470e-01
    1.97969407e-01 8.27886462e-01 6.60800397e-01 2.85721123e-01
    9.07008111e-01 9.45770502e-01 6.07917905e-01 1.51206851e-02
    2.61141479e-01 9.27340746e-01 2.89820254e-01 2.11947590e-01
    5.93865275e-01 6.04219556e-01 7.04222977e-01 2.76867032e-01
    4.89682317e-01 7.63783216e-01 7.59114027e-01 2.16322392e-01
    5.57393432e-02 6.49634302e-01 1.22835010e-01 7.48244166e-01
    3.84335428e-01 9.39641833e-01 3.82724613e-01 6.61598504e-01
    8.89525056e-01 5.90680838e-01 8.67098451e-01 9.43646193e-01
    3.23902547e-01 5.97102702e-01 3.75185728e-01 2.14347452e-01
    6.33340478e-01 5.31749487e-01 9.94553685e-01 4.77594376e-01
    2.50757962e-01 9.19370234e-01 7.06005514e-01 7.60755718e-01
    7.33901322e-01 4.09558177e-01 3.60150158e-01 1.07296318e-01
    2.67226517e-01 3.60000134e-02 4.18911129e-01 2.29650766e-01
    5.37474453e-02 4.70502079e-02 9.76465106e-01 9.08102036e-01
    2.09697455e-01 1.00608468e-01 7.35914469e-01 4.46773112e-01
    5.28275967e-01 9.90280271e-01 9.20701623e-01 2.64107108e-01
    2.39843488e-01 2.89377898e-01 7.94267118e-01 4.09409583e-01
    2.92256862e-01 7.08533525e-01 7.93115854e-01 5.10318637e-01
    6.62107468e-01 6.78126037e-01 3.10836166e-01 2.40883470e-01
    2.42645711e-01 4.97176141e-01 9.87435937e-01 9.20455158e-02
    3.11621428e-02 2.05584854e-01 5.80146015e-01 8.99396181e-01
    5.22223115e-01 5.08276224e-01 6.65487409e-01 9.21472907e-02
    9.59352553e-01 4.08623427e-01 6.04740620e-01 2.08336085e-01
    2.99030483e-01 9.28630114e-01 6.02027833e-01 9.50959563e-01
    4.56731498e-01 8.47998977e-01 3.90614599e-01 9.60603118e-01
    5.44429958e-01 7.44530678e-01 7.79103041e-01 7.57510960e-01
    2.90625274e-01 2.90782064e-01 6.48758829e-01 1.03054374e-01
    2.41129190e-01 3.55593264e-02 9.98831868e-01 9.76028681e-01
    8.64827514e-01 7.83432484e-01 1.19131088e-01 6.07727170e-02
    8.96542907e-01 5.96813738e-01 2.66392529e-01 1.45141572e-01
    9.48031366e-01 9.27179635e-01 8.88993859e-01 9.54505622e-01
    2.87951171e-01 2.65719950e-01 3.53715241e-01 9.91244435e-01
    8.84889364e-01 2.03859329e-01 5.20133853e-01 1.78204596e-01
    4.24323261e-01 1.74360931e-01 8.84557605e-01 2.36461252e-01
    3.68208945e-01 6.39433026e-01 2.67856300e-01 5.36118567e-01
    1.50065392e-01 8.14876080e-01 2.33487487e-02 2.94019908e-01
    7.56265283e-01 5.58409095e-03 8.04127991e-01 9.51027989e-01
    2.68609673e-01 4.70862329e-01 2.90422440e-01 4.90527749e-02
    2.64569730e-01 5.80686629e-02 2.49244422e-01 6.24065578e-01
    8.36069703e-01 4.71662074e-01 2.32413471e-01 5.06237745e-01
    2.07304657e-02 8.59823227e-02 9.73090291e-01 8.84446025e-01
    8.92857313e-01 2.91558444e-01 4.65111732e-02 5.27964234e-02
    1.18238389e-01 9.14122105e-01 4.77707088e-01 9.29286182e-02
    4.18112814e-01 6.84245348e-01 6.51396751e-01 6.46073818e-01
    6.54406905e-01 7.95672894e-01 9.49134946e-01 7.22365022e-01
    9.10657644e-01 7.00451851e-01 1.30637556e-01 4.95335698e-01
    5.46657562e-01 3.99150252e-01 5.12271881e-01 6.25252843e-01
    7.38773167e-01 6.54346347e-02 4.90547299e-01 3.45777184e-01
    5.21662176e-01 3.38462412e-01 5.82836628e-01 5.61042845e-01
    1.87081426e-01 3.24823618e-01 4.69055802e-01 8.70382667e-01
    4.06433672e-01 6.77836537e-02 4.91968006e-01 1.36893898e-01
    2.94510007e-01 4.35480595e-01 8.80044818e-01 7.31626928e-01
    8.69845688e-01 7.74259567e-02 5.16873002e-01 9.02750015e-01
    6.35868907e-01 1.76675171e-01 5.11936188e-01 9.62250233e-01
    2.79872656e-01 7.62467384e-02 8.73205721e-01 6.71307445e-01
    2.79174685e-01 2.77391672e-01 8.91429842e-01 2.05896854e-01
    7.13201642e-01 4.53414321e-01 2.94197828e-01 6.21517599e-02
    8.99071157e-01 7.43005276e-02 9.48175251e-01 9.11986351e-01
    8.95394444e-01 5.71765661e-01 9.86312628e-01 9.82212901e-01
    7.06932783e-01 7.52256155e-01 9.22749341e-02 5.92356682e-01
    2.41080314e-01 5.04254699e-01 4.55508590e-01 3.32678020e-01
    5.67603350e-01 7.51205266e-01 9.45474744e-01 8.41658950e-01
    3.74582767e-01 4.96627688e-01 6.88768744e-01 6.15823150e-01
    1.45633340e-01 5.45997679e-01 7.04326332e-01 6.27985179e-01
    9.60974336e-01 1.91452295e-01 5.29589891e-01 7.66204357e-01
    7.80744672e-01 8.57593179e-01 8.24524403e-01 4.16881055e-01
    3.62512022e-01 7.37733781e-01 8.29648852e-01 4.96335983e-01
    7.13407636e-01 6.69800758e-01 8.94003749e-01 6.30905032e-02
    5.28804183e-01 5.28697610e-01 1.15221709e-01 7.82566965e-02
    8.69497597e-01 1.28011286e-01 1.15205735e-01 3.01958323e-01
    5.01900613e-02 7.33263791e-01 7.64422774e-01 6.72803640e-01
    2.79665828e-01 3.30448508e-01 9.78927732e-01 6.84610009e-01
    8.12187791e-03 4.64861006e-01 5.95354855e-01 6.22048795e-01
    7.83433437e-01 9.09852982e-02 6.20567322e-01 4.08685625e-01
    6.22381985e-01 7.75411367e-01 4.62401658e-01 1.54497802e-01
    9.20015574e-02 4.04141247e-01 8.76878202e-01 1.33637130e-01
    2.02766955e-02 7.08725512e-01 9.73451853e-01 4.88334894e-01
    8.97708178e-01 4.43582952e-01 6.15769088e-01 2.38651961e-01
    3.07941377e-01 2.64530718e-01 8.86270046e-01 7.44704485e-01
    5.23020208e-01 3.99120510e-01 2.04346031e-01 6.53443575e-01
    7.22597837e-01 4.05524909e-01 6.64611399e-01 3.35328341e-01
    8.88587952e-01 1.10643506e-02 8.73530865e-01 2.89850235e-01
    1.31695539e-01 3.88145566e-01 9.05839026e-01 9.45913792e-01
    7.21514225e-03 5.12896597e-01 2.73041427e-01 1.86429501e-01
    3.83037299e-01 3.50704879e-01 2.61690617e-02 6.47625685e-01
    2.99339116e-01 9.38991904e-01 4.76316750e-01 1.19543284e-01
    1.06051475e-01 3.49277854e-01 4.79675710e-01 2.90597975e-01
    7.99982667e-01 1.39684379e-01 3.50168884e-01 1.41961753e-01
    1.29975230e-01 9.01820540e-01 6.30998671e-01 9.28428531e-01
    7.10986912e-01 3.51247728e-01 8.31043720e-01 9.93591964e-01
    6.93982363e-01 9.22431469e-01 3.06563258e-01 8.41314197e-02
    1.00707859e-01 1.30702853e-01 4.45306897e-02 4.83671129e-01
    9.35028136e-01 4.94847268e-01 6.30621672e-01 8.54991972e-01
    1.96220756e-01 6.20144486e-01 2.40695357e-01 4.64707613e-01
    3.06009173e-01 8.82034898e-02 6.57616556e-02 7.11125433e-02
    4.42059517e-01 4.61239487e-01 8.47245932e-01 1.55179203e-01
    4.80176836e-01 3.24319243e-01 8.81441832e-01 3.84708583e-01
    5.62422276e-01 9.83574390e-01 5.47432780e-01 7.00440705e-02
    9.48844552e-01 1.90902352e-02 1.05717480e-02 4.85805839e-01
    2.20355392e-02 1.75167322e-02 5.58712423e-01 5.07368803e-01
    6.43384576e-01 2.25958973e-01 9.31996584e-01 8.07419658e-01
    3.16831529e-01 6.53221130e-01 3.50658953e-01 2.64946580e-01
    8.00653696e-01 9.18053508e-01 7.96292424e-01 1.76880747e-01
    1.11271858e-01 6.37567639e-01 9.69004154e-01 7.74031043e-01
    5.50073326e-01 6.22111619e-01 9.56084251e-01 9.94754493e-01
    8.91852379e-01 3.27226341e-01 5.05018055e-01 6.60824478e-02
    2.66261607e-01 7.35223532e-01 4.58819091e-01 2.10040689e-01
    8.93140733e-01 2.41452396e-01 3.79750907e-01 4.53975827e-01
    7.75023162e-01 5.57770133e-01 1.28906488e-01 3.51646185e-01
    1.72678411e-01 4.19760853e-01 9.76993263e-01 9.62684751e-01
    9.23131645e-01 2.09609777e-01 4.34035838e-01 8.27727795e-01
    6.81260824e-02 7.22809792e-01 2.30343789e-01 8.56372833e-01
    6.79307044e-01 9.97592270e-01 3.69108856e-01 7.74520516e-01
    9.05982494e-01 9.45019603e-01 5.23825467e-01 8.28646421e-01
    3.95684779e-01 5.41785538e-01 3.20855647e-01 2.25596100e-01
    4.12180245e-01 2.28357196e-01 2.17409849e-01 4.55053002e-01
    4.26730782e-01 1.85140103e-01 9.73376155e-01 5.21630228e-01
    9.88531709e-01 8.01143944e-02 6.09030008e-01 9.89137769e-01
    5.13342440e-01 6.75104856e-01 9.92013812e-01 8.31214726e-01
    6.90106034e-01 7.84011006e-01 2.64067799e-01 6.88682437e-01
    1.01244956e-01 7.65500903e-01 3.49550515e-01 1.52802110e-01
    2.62561798e-01 7.51727700e-01 9.68432426e-01 8.01339984e-01
    8.87877703e-01 1.18643433e-01 9.89683747e-01 3.47236693e-02
    7.26383805e-01 7.20201373e-01 5.70475519e-01 5.87961197e-01
    4.96262908e-02 1.00266665e-01 5.37262619e-01 7.29250908e-01
    6.84636831e-01 7.68956423e-01 7.41938174e-01 8.15842390e-01
    8.55183005e-01 1.30777925e-01 9.06490445e-01 9.19757843e-01
    9.11987484e-01 6.91459656e-01 1.40208006e-03 8.25403452e-01
    3.85122180e-01 8.50252867e-01 1.63180262e-01 4.95466799e-01
    8.21944356e-01 4.76746559e-01 3.03086668e-01 4.74614829e-01
    6.65239811e-01 6.88169062e-01 3.54555130e-01 7.07037449e-02
    2.19283521e-01 8.55801284e-01 5.65590084e-01 1.45803660e-01
    7.56599307e-01 9.86512542e-01 8.27476680e-02 4.56023812e-01
    3.43061864e-01 1.45442873e-01 5.73966682e-01 9.59330022e-01
    7.95314431e-01 8.49068820e-01 6.16420627e-01 6.57989085e-01
    3.34848940e-01 7.30537534e-01 1.71360403e-01 5.31515658e-01
    2.81794071e-01 6.03659272e-01 3.07260841e-01 8.93614769e-01
    2.68150538e-01 2.04313964e-01 8.31778884e-01 9.32559431e-01
    8.01134229e-01 9.51397717e-02 4.16592360e-02 8.99578929e-01
    2.84011126e-01 2.97521442e-01 5.06880581e-01 3.22397918e-01
    5.75903535e-01 1.72761738e-01 2.43879437e-01 2.11299986e-01
    8.66448641e-01 2.77261287e-01 3.40531319e-01 1.42178506e-01
    5.67039609e-01 3.21689188e-01 7.00037956e-01 4.61161315e-01
    2.42367774e-01 1.58441097e-01 1.38626248e-01 7.56163955e-01
    2.88511574e-01 9.04530346e-01 8.58619034e-01 1.42526984e-01
    4.19327706e-01 2.08789498e-01 8.31238925e-01 5.78679502e-01
    4.31789756e-02 9.73883271e-02 3.52080345e-01 2.09492207e-01
    3.89969081e-01 2.33890444e-01 4.39470202e-01 2.87950426e-01
    1.27464533e-01 8.18008542e-01 9.67938304e-01 6.36875927e-02
    9.52965498e-01 9.57363129e-01 8.10618997e-01 1.83944821e-01
    4.83974874e-01 1.78776085e-02 2.51393914e-01 2.34195888e-01
    1.54737115e-01 4.89170313e-01 4.44811612e-01 7.24911094e-02
    4.19291705e-01 9.19917822e-01 4.97799844e-01 5.83899975e-01
    8.38073134e-01 2.33663440e-01 9.30388570e-01 7.95275867e-02
    7.61292398e-01 8.64338160e-01 7.02018738e-02 9.71330047e-01
    2.01599449e-01 2.38373399e-01 1.49131507e-01 1.44389480e-01
    7.03336000e-02 2.66843379e-01 9.72142816e-01 6.19151831e-01
    2.87829816e-01 8.80047321e-01 9.33300853e-01 9.00302649e-01
    4.74630833e-01 6.34787619e-01 4.77976114e-01 9.01207685e-01
    3.31118762e-01 7.75689602e-01 3.65337759e-01 2.98982322e-01
    5.32207787e-01 7.12878227e-01 2.33010948e-01 3.68268669e-01
    2.19452351e-01 3.05060685e-01 4.68950689e-01 7.15335667e-01
    6.79490745e-01 7.08122373e-01 3.48135531e-02 3.56445312e-01
    5.46386242e-01 9.52009082e-01 8.68293405e-01 1.58598512e-01
    5.77460885e-01 5.30666053e-01 5.87621987e-01 6.21286094e-01
    2.91114151e-02 3.82741690e-01 2.63890207e-01 7.11982012e-01
    4.31096554e-02 2.01512784e-01 4.71387506e-01 7.81865895e-01
    3.01008999e-01 7.58587241e-01 9.51014400e-01 3.51231426e-01
    4.64975446e-01 4.82358754e-01 3.35001171e-01 9.12358761e-01
    2.74048507e-01 1.57869458e-02 8.77006114e-01 3.28612387e-01
    2.99175799e-01 7.68072844e-01 5.58317900e-02 8.66699219e-03
    9.64951992e-01 1.70520216e-01 6.40359521e-01 8.12122762e-01
    8.80589843e-01 7.48442471e-01 7.48116195e-01 6.24729931e-01
    6.05972648e-01 1.42675042e-01 8.92625213e-01 2.20154464e-01
    3.54438186e-01 5.13090432e-01 2.12772429e-01 9.28304970e-01
    8.95860553e-01 6.77337348e-02 2.34021008e-01 5.33950746e-01
    9.04996395e-01 3.33839118e-01 2.87654757e-01 8.41163158e-01
    1.31631225e-01 9.68984246e-01 8.88856351e-01 3.14141959e-01
    4.75926965e-01 1.19242549e-01 3.29624176e-01 5.97426653e-01
    5.18239737e-02 9.75444198e-01 2.34359562e-01 8.29261243e-02
    2.37613529e-01 8.05534363e-01 2.31507301e-01 5.82547188e-01
    9.67815399e-01 8.53964329e-01 8.64802718e-01 2.61044025e-01
    6.72506392e-02 2.35087454e-01 5.00507951e-01 2.12168038e-01
    5.66475809e-01 5.68065107e-01 8.67428780e-01 1.82727545e-01
    4.34302181e-01 1.65220976e-01 4.66473460e-01 2.18137801e-02
    5.40895224e-01 3.89407218e-01 2.05551833e-01 8.13621044e-01
    6.61072612e-01 1.16054505e-01 1.99455619e-01 1.01336658e-01
    5.94723225e-01 4.01042193e-01 8.80964875e-01 2.72911578e-01
    8.30433607e-01 6.77973628e-02 7.01524138e-01 5.10656238e-01
    1.55892551e-01 6.09142721e-01 2.51325905e-01 6.83965743e-01
    7.60113478e-01 6.15601122e-01 4.61691678e-01 2.57960618e-01
    1.88571543e-01 9.43094134e-01 1.09135687e-01 7.37405062e-01
    1.56134665e-02 7.61589646e-01 9.70383644e-01 3.74121487e-01
    4.07288969e-01 4.12315845e-01 8.55256438e-01 5.43188155e-01
    5.25701582e-01 5.68373799e-01 2.66193151e-01 6.66971505e-01
    6.39669120e-01 1.95704341e-01 6.77390635e-01 9.08490717e-02
    2.24912822e-01 7.39326537e-01 7.72831142e-01 8.22727799e-01
    8.69706988e-01 8.38265657e-01 8.17275047e-01 2.65771568e-01
    9.28849101e-01 3.03375840e-01 8.96642447e-01 5.15396059e-01
    2.63418972e-01 9.41310287e-01 8.91907573e-01 3.77238154e-01
    3.47932965e-01 1.80125237e-04 9.78139281e-01 5.55983305e-01
    8.96741152e-01 2.46416241e-01 4.96190518e-01 5.34138441e-01
    8.04028273e-01 3.40931147e-01 8.59651685e-01 3.50030422e-01
    3.52297723e-01 3.80282491e-01 2.81932712e-01 7.78497815e-01
    1.57710314e-01 6.53567314e-01 6.45386398e-01 4.21445489e-01
    8.59942019e-01 4.84285265e-01 4.53144312e-02 9.46971893e-01
    8.61410260e-01 8.48677635e-01 9.53285456e-01 4.70367044e-01
    6.92209721e-01 6.76311672e-01 4.58172023e-01 7.58388281e-01
    2.01693445e-01 6.26710773e-01 3.38929176e-01 7.10144699e-01
    9.69346344e-01 4.36965823e-02 4.64435637e-01 5.12531400e-02
    3.82973403e-01 3.63807023e-01 4.75847065e-01 4.33307558e-01
    5.90699315e-02 1.07724428e-01 3.06417108e-01 7.72061944e-02
    6.27037287e-01 5.07368028e-01 3.72017622e-02 4.99046922e-01
    2.41483927e-01 8.89770091e-01 9.08278942e-01 7.49964833e-01
    6.60549402e-02 9.01655912e-01 3.81269604e-01 5.51245630e-01
    2.54178464e-01 2.63362408e-01 4.09397960e-01 6.43203735e-01
    8.02632272e-01 9.89288807e-01 1.32733971e-01 3.87217462e-01
    5.10483503e-01 6.26358449e-01 7.10966825e-01 8.56378198e-01
    6.12187028e-01 5.35274684e-01 9.19133663e-01 3.89877319e-01
    4.33372110e-01 1.31881982e-01 4.90565091e-01 4.11143094e-01
    7.61207700e-01 7.28923857e-01 7.17977762e-01 6.38725340e-01
    1.53992116e-01 9.45178390e-01 5.99273205e-01 3.58405203e-01
    7.15111732e-01 6.50206566e-01 1.11039579e-01 2.39236623e-01
    5.45326769e-01 8.76062751e-01 6.94153249e-01 1.48812562e-01
    3.19082379e-01 1.74000263e-02 6.65228665e-02 1.34525478e-01
    9.02938247e-01 8.70475769e-01 7.33300745e-02 2.68311977e-01
    1.66378319e-02 1.03796422e-02 9.97712016e-01 9.15885270e-01
    3.13099742e-01 8.54087591e-01 9.72903669e-02 3.51752251e-01
    6.02307379e-01 2.04600573e-01 8.84759665e-01 6.78906739e-01
    5.34125805e-01 3.60522568e-02 7.33763576e-01 2.21182287e-01
    6.88444316e-01 9.69334543e-01 4.49776262e-01 5.41491449e-01
    5.68607032e-01 1.89352423e-01 2.38126189e-01 8.32264662e-01
    6.82887733e-02 8.17754567e-02 2.44396836e-01 6.16301894e-02
    4.86349761e-01 5.01153827e-01 2.87916094e-01 8.69647622e-01
    7.02431917e-01 1.23700500e-02 2.11257726e-01 8.18819523e-01
    2.29566127e-01 8.70772839e-01 7.52706885e-01 4.56875145e-01
    2.63255119e-01 4.31156993e-01 2.01164126e-01 4.23871994e-01
    6.46188855e-02 8.88242245e-01 9.66849327e-01 4.49628115e-01
    3.59868258e-01 3.72346163e-01 9.30959463e-01 6.24298215e-01
    8.96652162e-01 2.45439410e-01 9.55894828e-01 2.88000286e-01
    7.49136686e-01 8.50822926e-01 5.84459841e-01 5.16449511e-02
    5.23616493e-01 2.22039938e-01 6.05629921e-01 6.86506510e-01
    7.02686548e-01 8.74399900e-01 3.81391674e-01 4.67703909e-01
    9.65381622e-01 9.62582946e-01 1.54671252e-01 1.59712732e-02
    8.52576196e-02 6.91499710e-02 7.57280111e-01 1.75231367e-01
    5.31849682e-01 2.29175240e-01 2.84317732e-01 6.90091014e-01
    2.83186674e-01 8.57756257e-01 1.84233308e-01 6.65175736e-01
    2.62860894e-01 7.33644605e-01 8.54877472e-01 4.30329502e-01
    7.60985613e-01 4.14355487e-01 4.20545310e-01 7.28331804e-01
    8.69608462e-01 1.52891248e-01 3.63593578e-01 3.97554040e-03
    3.42448056e-02 8.89361501e-02 8.17380905e-01 2.19645560e-01
    2.59218454e-01 5.86083114e-01 8.67185891e-02 8.18069041e-01
    6.24309778e-02 9.19533610e-01 6.91782892e-01 1.02894068e-01
    1.05695873e-01 6.08432829e-01 2.00558662e-01 3.03402007e-01
    8.86315584e-01 9.49253678e-01 1.88765883e-01 1.11809671e-01
    4.83871132e-01 3.22590530e-01 7.51608014e-01 5.65997481e-01
    8.80954802e-01 1.35393888e-01 1.11360162e-01 4.23426628e-01
    5.49240112e-02 8.94420981e-01 2.17072397e-01 4.98745799e-01
    3.33253950e-01 1.84700847e-01 9.45952296e-01 2.60723174e-01
    5.60287297e-01 7.22702980e-01 6.36108160e-01 7.67951369e-01
    7.03074276e-01 4.71601486e-01 9.58087683e-01 4.61004972e-02
    1.25551373e-01 5.66937983e-01 8.65217447e-01 9.44537997e-01
    5.05728900e-01 7.83891261e-01 9.51728463e-01 6.81928158e-01
    3.37418377e-01 6.31099880e-01 4.80572045e-01 2.27727920e-01
    3.46382052e-01 3.24724048e-01 5.42523205e-01 3.95118535e-01
    9.55247164e-01 8.98354411e-01 6.93445802e-02 6.71805024e-01
    3.86118710e-01 7.13566482e-01 1.57610863e-01 2.20789552e-01
    9.62777138e-01 8.88680518e-01 3.30385834e-01 2.41825014e-01
    7.02623427e-02 7.74218202e-01 1.58809513e-01 1.91514999e-01
    3.53272468e-01 2.53352582e-01 8.02063584e-01 7.25065351e-01
    7.44612634e-01 1.69502228e-01 8.24405670e-01 5.78429103e-01
    1.79864883e-01 6.40320301e-01 7.80660391e-01 5.60865700e-01
    3.77827346e-01 8.74551594e-01 7.33145177e-01 6.76520228e-01
    1.57192647e-02 5.35809815e-01 7.36465931e-01 4.68347788e-01
    8.20755780e-01 4.93312478e-02 7.41994619e-01 2.68137336e-01
    3.96485567e-01 5.69635034e-01 7.65469909e-01 4.71129656e-01
    5.22771955e-01 4.01565164e-01 3.57063293e-01 1.89448446e-01
    7.74510741e-01 2.79969275e-01 4.71150964e-01 8.42626333e-01
    9.36900020e-01 1.15817845e-01 1.38096780e-01 8.77191305e-01
    4.55691606e-01 4.51897830e-01 4.75597650e-01 6.27729356e-01
    1.09505802e-01 2.54761875e-02 7.37460971e-01 7.63318777e-01
    2.94760227e-01 5.79431891e-01 6.44086659e-01 3.47540259e-01
    5.79181731e-01 7.46018887e-02 4.39169198e-01 8.80488276e-01
    2.48594999e-01 6.42338991e-01 2.45774955e-01 4.81644452e-01
    1.26016438e-01 2.31204510e-01 6.03850722e-01 2.05300182e-01
    5.43890774e-01 3.30993950e-01 3.39406103e-01 2.88639367e-02
    2.63554394e-01 1.20178878e-01 6.00018024e-01 4.47681546e-01
    2.07020998e-01 5.33232391e-02 4.86115158e-01 9.19283748e-01
    8.53921175e-02 7.86177158e-01 4.71125156e-01 4.25385863e-01
    5.14814198e-01 9.26344633e-01 5.30665874e-01 8.96060169e-02
    4.00189608e-01 9.52535868e-01 6.68877840e-01 3.61340582e-01
    1.31470948e-01 4.52343494e-01 5.04862964e-01 4.65046853e-01
    4.12833482e-01 5.71040273e-01 5.54928243e-01 3.15356940e-01
    5.74003816e-01 5.31403005e-01 3.39724720e-02 6.88313246e-01
    2.31325626e-03 2.92580813e-01 3.49584252e-01 6.86532378e-01
    6.71351969e-01 7.87186742e-01 3.38322222e-01 4.44492817e-01
    9.75777805e-02 8.67369473e-02 6.06686592e-01 1.56038791e-01
    1.41151726e-01 6.57123089e-01 5.33508062e-02 6.52531087e-01
    6.00743175e-01 5.67249954e-02 7.55251944e-01 9.00279284e-02
    4.12862241e-01 2.23200053e-01 2.72296011e-01 6.89574003e-01
    4.54536289e-01 9.43168998e-02 1.22651726e-01 3.71197760e-02
    8.17227244e-01 6.67441368e-01 9.24169064e-01 7.89341331e-03
    9.92059469e-01 8.98712873e-02 6.62766695e-01 6.31258488e-01
    7.59724259e-01 7.37682819e-01 5.75823307e-01 2.69571245e-01
    1.08276188e-01 1.05858773e-01 6.19516790e-01 9.58949685e-01
    8.69524717e-01 9.78743851e-01 1.32725656e-01 1.98156893e-01
    3.57726634e-01 3.45606059e-01 7.61268198e-01 5.63124299e-01
    1.28553897e-01 9.20870423e-01 4.64043617e-01 1.93357319e-01
    6.59850657e-01 3.64494920e-01 9.29295063e-01 6.48359179e-01
    5.95505893e-01 8.05011868e-01 4.65768933e-01 6.47366345e-01
    3.02231371e-01 7.23454177e-01 5.85858405e-01 7.32394934e-01
    5.51933646e-01 6.71851516e-01 6.82471514e-01 1.71654999e-01
    8.20212007e-01 6.21925831e-01 5.85444629e-01 3.01398635e-02
    2.53530145e-01 4.67971861e-01 8.60004783e-01 6.82726860e-01
    3.04429412e-01 8.69113505e-01 5.07052124e-01 4.51486915e-01
    3.55069309e-01 7.44196177e-01 7.05967247e-01 8.10862780e-01
    5.18667519e-01 3.79159391e-01 9.60999131e-02 3.29142183e-01
    1.64676338e-01 5.71520925e-02 3.64078701e-01 7.75614560e-01
    2.99253702e-01 7.59328067e-01 9.76526976e-01 6.13432825e-01
    2.98092514e-01 1.90072864e-01 4.45254564e-01 5.55929303e-01
    7.46398568e-01 6.93600476e-01 9.76881146e-01 1.83133751e-01
    6.64788663e-01 5.27123928e-01 2.52648890e-01 4.73874658e-01
    6.46547854e-01 4.73244905e-01 6.54752731e-01 8.66694331e-01
    5.50942123e-01 3.45042437e-01 8.98232639e-01 5.87718606e-01
    5.84295094e-01 5.36177158e-01 2.72555351e-01 6.87010229e-01
    6.14718854e-01 1.01166368e-01 9.83699143e-01 3.63615006e-01
    9.44740772e-01 6.08998775e-01 6.28336668e-01 3.57076913e-01
    2.60300398e-01 3.66497487e-01 8.56336653e-02 3.39853168e-02
    8.87458324e-01 4.13691729e-01 8.19940805e-01 7.37893820e-01
    6.22768402e-02 6.85422063e-01 8.87639821e-01 1.49262309e-01
    4.14301991e-01 5.74671626e-02 7.47488439e-01 3.91155183e-01
    4.25528526e-01 1.71936452e-01 4.26586032e-01 8.74481916e-01
    5.10582983e-01 5.63535213e-01 6.89728796e-01 7.34098971e-01
    2.18388826e-01 6.43065691e-01 8.36537719e-01 8.64642262e-01
    2.39337832e-01 6.79725885e-01 4.99033332e-01 3.19102108e-01
    7.09938705e-01 5.60467362e-01 6.26491904e-01 4.81402665e-01
    6.02469921e-01 2.78525889e-01 3.05130690e-01 6.10813200e-01
    5.02952576e-01 9.06495810e-01 4.73592758e-01 7.17431664e-01
    3.78848851e-01 6.91598177e-01 9.15678382e-01 2.18696088e-01
    5.26910603e-01 2.61354446e-03 6.29115343e-01 1.47889763e-01
    9.25440550e-01 4.78164554e-02 1.79948598e-01 3.70807946e-01
    7.55228758e-01 1.65112615e-01 5.71477413e-02 5.31601608e-01
    2.16065675e-01 3.10346812e-01 5.62367082e-01 8.40577602e-01
    8.04370046e-01 8.59876215e-01 7.70940661e-01 5.00833273e-01
    5.83658516e-01 1.25071853e-01 1.66830033e-01 1.44209206e-01
    7.22419143e-01 5.28118372e-01 5.57762146e-01 7.42699444e-01
    4.46298450e-01 8.85457039e-01 1.35655254e-01 6.52858853e-01
    6.51269197e-01 9.22706902e-01 7.49852300e-01 2.39144146e-01
    5.51447570e-01 9.14473057e-01 6.80717587e-01 6.22786045e-01
    6.11833096e-01 3.67584884e-01 6.39339626e-01 1.77417308e-01
    4.13784921e-01 5.11224866e-02 1.89426601e-01 4.25783187e-01
    9.88998055e-01 3.71133983e-02 7.10700572e-01 7.79351473e-01
    3.45856696e-01 2.87774324e-01 4.27247792e-01 8.08301330e-01
    5.54780543e-01 6.13594294e-01 1.70358717e-02 1.91602111e-03
    3.87486219e-01 9.23932195e-01 4.19834137e-01 5.90044856e-01
    4.64638680e-01 1.64230466e-02 9.56933260e-01 8.12028170e-01
    2.72785366e-01 4.01506603e-01 9.94181752e-01 5.70855319e-01
    1.67194307e-01 6.93780482e-01 3.95529866e-01 9.44926620e-01
    7.98705459e-01 6.36066556e-01 5.88091135e-01 7.09024787e-01
    5.09015322e-01 5.99115491e-01 5.29111862e-01 7.62702167e-01
    5.91066241e-01 2.42352039e-01 9.78602290e-01 8.27480018e-01
    2.75413573e-01 4.88893956e-01 8.13953161e-01 5.55748224e-01
    5.79220295e-01 2.95221120e-01 9.74690914e-01 7.52963245e-01
    9.58176315e-01 7.22177386e-01 9.11230147e-01 2.19182849e-01
    2.54106820e-01 7.45480895e-01 7.24426091e-01 3.69685888e-02
    6.53609455e-01 1.94007128e-01 2.63299823e-01 3.96117091e-01
    2.44606435e-02 5.32623291e-01 9.88752782e-01 7.92708278e-01
    5.65773726e-01 7.45545983e-01 7.74671435e-01 5.11625826e-01
    9.88530040e-01 9.27497864e-01 5.54062784e-01 4.05292839e-01
    1.78031355e-01 1.03367716e-01 6.84222639e-01 9.77740288e-01
    3.88941914e-01 1.24958724e-01 6.92009151e-01 9.67619777e-01
    4.68687266e-01 8.25420320e-01 6.64860606e-01 4.00827259e-01
    2.49046683e-02 7.97173262e-01 8.75217736e-01 1.29296005e-01
    4.54438716e-01 7.96381354e-01 9.00102556e-02 8.85124028e-01
    2.67793059e-01 1.55012965e-01 4.07918513e-01 8.58404875e-01
    9.26797748e-01 6.72917366e-02 4.21939909e-01 5.17662227e-01
    8.04470897e-01 3.67613435e-02 4.75652188e-01 9.97023582e-01
    1.68986678e-01 1.70096457e-02 1.71681017e-01 1.92568719e-01
    4.07218337e-01 7.63142705e-01 1.86054677e-01 6.12102568e-01
    1.53483659e-01 8.85915160e-02 7.66954780e-01 9.93116796e-02
    1.07436240e-01 9.93732095e-01 9.89096284e-01 9.97641385e-02
    3.45722884e-01 4.53457683e-01 9.19046283e-01 9.56928432e-01
    6.31315231e-01 4.32462871e-01 2.74048626e-01 8.00699890e-01
    6.42371118e-01 9.67024386e-01 1.57114476e-01 7.46192396e-01
    7.46429563e-01 4.81270313e-01 1.52207077e-01 1.55571371e-01
    1.94270015e-01 3.27239513e-01 4.57741708e-01 9.87915516e-01
    3.70936990e-02 5.12148142e-01 4.01003718e-01 7.28286684e-01
    4.12363589e-01 3.18418026e-01 2.58708894e-01 8.45775366e-01
    1.74381733e-02 5.28969169e-01 6.13379598e-01 6.66011751e-01
    1.62307799e-01 5.43535292e-01 1.76269829e-01 5.24928570e-01
    8.38724732e-01 4.78492618e-01 3.24791312e-01 2.44919181e-01
    3.19938362e-02 6.89652562e-03 7.81760931e-01 8.16235185e-01
    6.75767183e-01 5.83273292e-01 3.53583515e-01 4.26652491e-01
    9.49804366e-01 7.61652708e-01 2.99919903e-01 1.51841044e-02
    5.95183432e-01 4.98733610e-01 7.32256234e-01 8.36449087e-01
    2.47739673e-01 5.59885263e-01 3.61743569e-03 5.84340513e-01
    6.17136955e-01 4.18585330e-01 4.14726973e-01 3.77981722e-01
    6.05073810e-01 4.10846502e-01 8.80785465e-01 3.59539151e-01
    3.19668353e-02 4.97418255e-01 3.72144997e-01 7.64315903e-01
    3.70255321e-01 3.49628061e-01 6.61324263e-01 7.50116050e-01
    2.13025242e-01 4.96415794e-01 5.97941160e-01 9.05697405e-01
    5.66075861e-01 2.33225107e-01 9.01505947e-01 1.88496411e-02
    6.57966912e-01 8.26019943e-01 5.72003305e-01 4.22199160e-01
    7.52242684e-01 4.00528282e-01 4.85188156e-01 9.86729741e-01
    4.21156049e-01 9.12081242e-01 5.12908995e-02 5.83292902e-01
    5.14215589e-01 5.05929291e-01 6.65085971e-01 6.48114085e-01
    3.30880284e-03 3.29120398e-01 9.10194278e-01 9.52916324e-01
    7.45064855e-01 5.14421821e-01 1.33055091e-01 3.21777225e-01
    8.70599508e-01 4.46161807e-01 7.09354579e-02 5.08360684e-01
    9.30017829e-01 5.14226198e-01 6.11674786e-01 9.86915946e-01
    5.17304182e-01 3.19745481e-01 6.17923379e-01 9.35449600e-02
    1.25215083e-01 4.75648284e-01 8.64005685e-01 7.99445748e-01
    2.67521173e-01 1.97917044e-01 6.69143081e-01 8.69356394e-01
    8.81909013e-01 2.45953321e-01 5.78969002e-01 7.85435438e-01
    8.42401087e-01 6.13143444e-02 9.46295679e-01 2.57501185e-01
    9.96286511e-01 7.10368991e-01 5.22642374e-01 3.45037997e-01
    9.04413760e-02 8.60029221e-01 6.22017801e-01 1.93326294e-01
    1.77586198e-01 2.98072457e-01 9.94111896e-01 6.13982975e-01
    8.92682791e-01 1.37467980e-01 3.67476046e-02 6.36775613e-01
    2.41428584e-01 2.42580265e-01 7.47915268e-01 2.14247704e-01
    7.46999502e-01 2.59289443e-01 2.34573066e-01 7.65692711e-01
    5.76391518e-02 1.60027266e-01 5.82237840e-01 7.64820874e-01
    4.94571000e-01 1.81279749e-01 1.72734350e-01 2.09858716e-01
    8.89737248e-01 6.93544388e-01 8.18781555e-01 3.10002059e-01
    8.17342162e-01 7.66673207e-01 3.62395883e-01 3.17164421e-01
    3.38340163e-01 9.38397944e-02 6.91961348e-01 7.53272295e-01
    7.59356201e-01 9.83512759e-01 6.20680451e-01 1.36894464e-01
    2.25813776e-01 6.08925343e-01 4.57903415e-01 1.94373280e-01
    2.00340152e-01 2.42640913e-01 1.93217933e-01 9.35078919e-01
    7.78944612e-01 1.75689310e-01 7.80014217e-01 1.30366087e-01
    5.83125114e-01 9.54681635e-03 3.11949551e-01 9.22418237e-02
    5.62262952e-01 8.82840455e-01 9.70141292e-01 4.88313556e-01
    6.15981340e-01 8.84184837e-01 8.71372461e-01 4.75826114e-01
    3.47934455e-01 4.36443686e-02 4.45751816e-01 6.03455544e-01
    2.15716034e-01 1.40605032e-01 4.69726026e-02 6.80362105e-01
    9.19466376e-01 2.28823125e-02 7.64115810e-01 4.87919301e-01
    2.69752681e-01 8.23399544e-01 9.52400923e-01 4.06773061e-01
    7.67065287e-01 5.26027143e-01 2.07641125e-02 8.47225189e-01
    5.02952337e-01 4.46820974e-01 7.07200766e-01 7.67165422e-01
    2.78224915e-01 1.51943654e-01 6.99477434e-01 1.22950107e-01
    7.40738630e-01 5.32463372e-01 7.53559828e-01 3.81484449e-01
    2.34181136e-01 5.75367749e-01 4.89978045e-01 8.77059221e-01
    6.46730900e-01 5.88174760e-01 1.09801561e-01 7.25428343e-01
    1.70590609e-01 1.19189024e-02 9.36926663e-01 2.66238570e-01
    2.72717386e-01 2.34515250e-01 4.80097860e-01 1.13360852e-01
    8.96936893e-01 7.69541919e-01 5.69075048e-01 7.88391471e-01
    7.66813934e-01 6.55098379e-01 9.82289314e-01 6.94184065e-01
    6.86881065e-01 6.48653686e-01 9.23977673e-01 4.72547233e-01
    6.77369475e-01 7.90652633e-01 7.83978105e-02 2.14424521e-01
    4.07245159e-01 6.00915551e-01 7.08728909e-01 4.98576403e-01
    8.84285867e-02 4.84066099e-01 4.28409219e-01 7.05217004e-01
    5.09256780e-01 6.43140912e-01 7.79180229e-02 7.03995228e-01
    7.00213969e-01 2.81900287e-01 6.04286611e-01 3.52304012e-01
    7.80113637e-01 1.26354843e-01 3.89346808e-01 5.22153139e-01
    5.09142578e-01 9.06430721e-01 7.94147849e-01 7.92501390e-01
    4.56367582e-01 7.29571104e-01 7.71020412e-01 7.29148865e-01
    6.76499486e-01 2.71278322e-01 7.32597888e-01 1.89707905e-01
    6.90545678e-01 7.41094887e-01 4.67005074e-02 8.84095669e-01
    9.65538561e-01 1.24537408e-01 8.37208033e-02 5.06025255e-01
    4.95943487e-01 6.48336887e-01 4.47885364e-01 9.38390613e-01
    6.30719841e-01 6.04622543e-01 4.65362579e-01 9.52614546e-01
    2.34182656e-01 4.74079669e-01 8.40627193e-01 8.19607735e-01
    5.97918630e-01 1.99130267e-01 9.86618042e-01 2.51849711e-01
    9.70834255e-01 9.82002497e-01 2.83666849e-01 9.97849226e-01
    9.51542139e-01 1.79110557e-01 1.15225911e-02 9.84497786e-01
    6.01181149e-01 4.75766569e-01 5.47535181e-01 8.40479136e-01
    4.11468983e-01 7.29263842e-01 9.60487366e-01 2.96524793e-01
    1.73547238e-01 6.52904809e-02 4.73888636e-01 6.48691118e-01
    4.88570422e-01 2.06453294e-01 2.02764899e-01 3.90295088e-02
    7.36074686e-01 5.21909714e-01 8.22663009e-02 1.04853541e-01
    4.04097319e-01 5.25612116e-01 2.28675753e-01 6.81763291e-01
    3.04012090e-01 9.26894307e-01 5.23926735e-01 1.25174850e-01
    8.18874598e-01 9.99654830e-01 6.26031220e-01 7.76834011e-01
    9.98444915e-01 2.05786258e-01 9.61334348e-01 7.31041729e-02
    9.93495047e-01 5.35684884e-01 4.31409895e-01 2.66530633e-01
    8.05916548e-01 7.55852580e-01 7.80362010e-01 7.08196819e-01
    8.17863226e-01 9.29406762e-01 7.66594172e-01 8.09735656e-02
    1.00586146e-01 5.50585985e-01 7.39170015e-01 4.23758954e-01
    2.46444285e-01 5.24790883e-02 7.89396346e-01 6.70272768e-01
    4.16971952e-01 2.66082466e-01 9.27708447e-01 4.02915180e-01
    9.39651728e-01 9.87022996e-01 4.71967012e-01 4.27962422e-01
    2.85267949e-01 6.87089324e-01 1.39606625e-01 3.30196440e-01
    5.07057190e-01 9.45029080e-01 1.14497513e-01 2.94288933e-01
    5.63086092e-01 3.20319325e-01 1.76302701e-01 8.60607624e-01
    7.92306542e-01 4.02825773e-02 6.46401405e-01 4.43783343e-01
    6.28989935e-02 8.71907830e-01 9.06140447e-01 6.48086071e-02
    6.94493055e-01 1.72675252e-02 2.77938247e-01 2.94789195e-01
    9.91189539e-01 6.33495688e-01 5.94156623e-01 4.86437708e-01
    1.76316857e-01 3.73632997e-01 3.30870777e-01 8.92317891e-01
    2.37305909e-01 3.37123781e-01 8.35688055e-01 8.38709116e-01
    2.51323283e-02 4.05208468e-01 5.14067352e-01 1.13724351e-01
    4.92518425e-01 4.16958272e-01 8.53388906e-02 3.68857622e-01
    2.36485600e-02 2.86208600e-01 2.48745382e-02 7.63977528e-01
    6.24374032e-01 7.52148628e-01 6.02063358e-01 5.95980287e-01
    5.98121941e-01 7.13560522e-01 9.05525327e-01 6.94581747e-01
    8.48094702e-01 9.43062663e-01 1.65346324e-01 4.90706533e-01
    4.96039093e-01 3.98171484e-01 8.14581990e-01 8.54919255e-01
    5.22857308e-02 2.99680889e-01 1.27888650e-01 8.73164415e-01
    8.28983784e-01 8.81067932e-01 8.00219536e-01 4.50142980e-01
    9.49416637e-01 5.09806752e-01 5.02021134e-01 7.59622633e-01
    6.55200124e-01 3.06693017e-02 9.69121456e-02 6.47833884e-01
    2.51418889e-01 7.54130185e-02 8.04927945e-01 2.44120866e-01
    5.03972054e-01 4.32163894e-01 2.85182625e-01 1.54473931e-01
    8.75491440e-01 4.17215616e-01 3.40409666e-01 9.71876085e-02
    3.76344562e-01 2.72982687e-01 3.40142965e-01 5.34093857e-01
    6.89793050e-01 5.35525680e-01 3.56074184e-01 6.51388645e-01
    8.66880417e-01 8.97484541e-01 7.05983639e-01 6.84809923e-01
    9.13014412e-01 5.72723329e-01 7.55579412e-01 4.77842629e-01
    7.48614311e-01 6.60263717e-01 8.95533264e-01 1.48374736e-01
    3.37740958e-01 9.06179368e-01 9.62319076e-01 4.65551853e-01
    6.89512372e-01 2.54343450e-01 7.21520185e-02 3.32302153e-02
    4.23981845e-01 3.58854294e-01 9.13434505e-01 3.14538807e-01
    8.11363220e-01 3.05604994e-01 4.45368648e-01 7.04999208e-01
    4.10423607e-01 4.62044448e-01 2.37962008e-02 8.74435782e-01
    8.67423236e-01 1.15440905e-01 1.87970817e-01 2.59008944e-01
    6.14916563e-01 7.47533083e-01 2.66711950e-01 2.94487476e-01
    8.42887700e-01 2.42153496e-01 1.16877079e-01 5.30443847e-01
    6.45045161e-01 3.38992357e-01 5.51913679e-01 4.03264165e-01
    9.98818219e-01 5.23489118e-02 8.41256380e-01 7.94224620e-01
    1.25654638e-02 3.14746797e-01 1.37668997e-01 2.52184182e-01
    7.96844423e-01 2.99275130e-01 9.77600574e-01 8.76548171e-01
    9.71574545e-01 2.08863556e-01 3.19428384e-01 6.10710680e-02
    2.33834803e-01 4.34870303e-01 1.39048725e-01 9.26423311e-01
    7.56562173e-01 7.24522114e-01 9.70933259e-01 5.93082190e-01
    2.42938668e-01 8.16450179e-01 8.07461739e-01 7.41345167e-01
    1.56156808e-01 5.91466725e-01 3.11274409e-01 3.09636444e-01
    6.07857525e-01 7.23162532e-01 2.29330897e-01 6.95862055e-01
    6.52862966e-01 3.13543737e-01 6.75980389e-01 4.76608574e-01
    3.51058185e-01 7.99104571e-03 2.26553738e-01 4.26672399e-02
    1.23849988e-01 2.59897381e-01 4.88673449e-02 2.81033814e-02
    7.25478113e-01 2.07578033e-01 3.45201433e-01 8.38198602e-01
    7.56405175e-01 8.47625732e-02 5.16762376e-01 2.35251695e-01
    3.15304101e-02 2.00017124e-01 9.87668931e-02 4.77223426e-01
    1.40046060e-01 9.27409589e-01 6.68931842e-01 1.21984243e-01
    5.78140616e-01 5.44252574e-01 1.08930230e-01 4.33031917e-01
    5.31631529e-01 1.52140826e-01 8.09790850e-01 1.79039180e-01
    1.55137420e-01 8.34493518e-01 8.96299362e-01 1.50023311e-01
    8.41571689e-01 6.55975342e-01 1.24544591e-01 2.28257596e-01
    4.93414074e-01 4.05641705e-01 8.05328071e-01 8.91240239e-01
    3.60997140e-01 7.07182348e-01 5.98632932e-01 1.74708694e-01
    8.85792673e-01 5.28862953e-01 6.17064536e-01 5.87322950e-01
    5.59130013e-01 9.92292166e-01 8.77855182e-01 6.50551677e-01
    1.73973441e-02 6.99304938e-01 2.40673751e-01 4.21277106e-01
    5.89111686e-01 4.47880179e-01 2.78761268e-01 8.24766874e-01
    6.87953234e-01 7.50639915e-01 4.07944798e-01 7.81198621e-01
    2.12378591e-01 7.44803905e-01 2.05059052e-01 8.72218013e-01
    8.87074232e-01 5.08056641e-01 4.16631937e-01 4.65220302e-01
    6.44410729e-01 4.94603306e-01 2.05174178e-01 2.43983358e-01
    3.95563483e-01 7.33992457e-01 2.18123466e-01 6.99997187e-01
    6.66492105e-01 5.11692226e-01 2.61317104e-01 5.81227779e-01
    4.92373556e-01 1.57282472e-01 3.87134254e-02 5.55968285e-03
    7.75305390e-01 9.23453093e-01 8.46679807e-01 3.33948255e-01
    3.56206119e-01 6.52642846e-01 3.64382684e-01 5.29404640e-01
    8.29233646e-01 9.88254011e-01 1.83212966e-01 7.59278536e-02
    7.60461271e-01 7.10773349e-01 3.80495399e-01 4.07602549e-01
    8.85191321e-01 9.70360637e-01 9.61530209e-02 8.79855037e-01
    6.33204579e-02 7.78713226e-02 4.46070313e-01 6.22266531e-01
    9.86861408e-01 1.52731329e-01 9.09573555e-01 8.00459862e-01
    9.10521686e-01 3.82930249e-01 7.79645085e-01 5.17428100e-01
    6.51220620e-01 1.77030265e-01 4.50376540e-01 7.37240970e-01
    4.46450740e-01 4.50954646e-01 6.09917879e-01 2.46361375e-01
    6.91357970e-01 4.58671659e-01 8.06810856e-02 6.23390555e-01
    2.40869910e-01 6.71182811e-01 1.68553889e-02 3.71156484e-01
    9.82589364e-01 1.99358076e-01 4.02324766e-01 8.24627876e-01
    6.89811289e-01 9.45103288e-01 9.84527111e-01 8.73891890e-01
    4.03507650e-02 4.68786418e-01 8.17092836e-01 1.88407898e-01
    1.09150946e-01 5.13575315e-01 3.36168230e-01 4.11928833e-01
    2.80141532e-02 8.38205516e-01 4.42208827e-01 1.20428771e-01
    2.19808578e-01 8.75806332e-01 3.37349147e-01 7.69693315e-01
    3.67674202e-01 5.54580390e-01 3.97726953e-01 3.23693454e-01
    8.62502635e-01 8.00999939e-01 9.87511992e-01 1.77855849e-01
    1.42894387e-01 6.01179421e-01 5.99568605e-01 2.48555452e-01
    2.66395926e-01 3.75822306e-01 5.28677106e-01 2.10048527e-01
    6.60265386e-02 3.02807242e-01 5.45845687e-01 4.02843416e-01
    9.67781067e-01 9.66390014e-01 4.88231689e-01 4.23979759e-02
    7.31320620e-01 9.46083426e-01 5.80945253e-01 7.20843196e-01
    3.70510936e-01 1.29750788e-01 3.40985954e-01 5.76399446e-01
    2.98395127e-01 3.96656007e-01 3.54835629e-01 1.49858296e-02
    4.97461557e-02 7.50774682e-01 5.02761722e-01 7.27928102e-01
    9.20231462e-01 9.68970478e-01 8.80119681e-01 3.96219671e-01
    3.26789141e-01 6.61606550e-01 1.41490519e-01 7.15705216e-01
    5.12737215e-01 3.77868801e-01 4.91376400e-01 9.87246752e-01
    3.66616428e-01 3.10902953e-01 6.82999730e-01 9.77719426e-01
    1.22365505e-01 4.41148788e-01 3.22376072e-01 9.20796394e-03
    3.64966303e-01 2.79886723e-02 2.10767984e-03 4.81027663e-01
    1.29783601e-01 8.17258954e-01 8.10909271e-01 5.14864564e-01
    6.52195692e-01 8.35034192e-01 8.27580333e-01 1.60850376e-01
    2.07019866e-01 2.81327665e-01 1.40852064e-01 7.32670903e-01
    9.52016652e-01 4.05922651e-01 4.57849920e-01 7.48888552e-02
    7.79014766e-01 9.20000374e-01 4.44393426e-01 7.18458772e-01
    1.37872785e-01 5.36157191e-01 7.10291564e-01 9.85357523e-01
    4.65618849e-01 8.38806272e-01 1.41901374e-01 9.01783586e-01
    8.19981933e-01 6.92566693e-01 1.63076133e-01 6.84495866e-01
    5.68054318e-02 3.43431532e-01 7.38092661e-01 2.46303380e-01
    8.96687031e-01 2.41936177e-01 2.18975991e-01 1.40631884e-01
    2.07980573e-02 5.76045275e-01 5.94056308e-01 4.68638808e-01
    7.05422163e-01 6.84098303e-01 5.55999577e-02 9.89518523e-01
    4.96166736e-01 1.57528102e-01 8.45748544e-01 7.11069703e-01
    7.36120701e-01 5.66227019e-01 8.46235156e-01 4.32536840e-01
    6.69374824e-01 3.88632059e-01 1.49083734e-02 2.31020719e-01
    9.46964264e-01 5.01474619e-01 7.99419522e-01 7.54464746e-01
    4.51184601e-01 9.54580784e-01 1.55163527e-01 2.21892834e-01
    7.03700662e-01 7.23179758e-01 1.53987676e-01 2.79013067e-01
    7.28650630e-01 4.39864397e-01 9.39110279e-01 6.24587536e-01
    6.87545657e-01 4.07553911e-02 4.58559692e-01 5.64778328e-01
    5.35037756e-01 6.77042067e-01 9.39536214e-01 3.36529791e-01
    8.89567077e-01 2.64923364e-01 8.52160692e-01 1.46119535e-01
    5.18502235e-01 4.29471016e-01 2.40366876e-01 1.54802322e-01
    9.51028347e-01 3.06273967e-01 9.97765481e-01 9.40412402e-01
    3.16073120e-01 4.59531546e-02 4.23502475e-01 8.56169820e-01
    2.16598868e-01 8.47188294e-01 9.07235980e-01 4.77028996e-01
    4.18997407e-01 2.18262315e-01 9.16428983e-01 8.14075470e-01
    1.49914384e-01 8.69417906e-01 7.29039252e-01 3.47116888e-02
    2.82410711e-01 3.23397547e-01 2.35211849e-03 5.59518337e-01
    5.70722640e-01 6.95498884e-01 2.60331333e-02 3.49803686e-01
    7.13862121e-01 7.88785815e-01 6.63473904e-02 4.48338658e-01
    4.40075845e-01 5.01481950e-01 1.28688931e-01 3.87522101e-01
    2.27522552e-01 6.48714304e-01 4.47533488e-01 7.78211951e-01
    2.30841100e-01 5.59870124e-01 3.09552222e-01 4.36734259e-02
    5.08961380e-01 5.39643288e-01 5.03543198e-01 1.12828463e-01
    1.90315455e-01 4.10821617e-01 3.44440490e-01 8.37076426e-01
    3.04274082e-01 7.90529847e-01 3.78493220e-01 7.91513443e-01
    7.90342093e-01 7.70863891e-01 7.90753603e-01 2.73420274e-01
    8.07742357e-01 7.59914994e-01 9.38547015e-01 5.52540541e-01
    7.30354190e-02 5.29842436e-01 9.97213066e-01 7.78343320e-01
    4.23986852e-01 2.13331163e-01 8.92188191e-01 8.79822373e-02
    7.35866845e-01 7.48239517e-01 2.14045018e-01 6.45495415e-01
    9.23278332e-01 1.71673954e-01 6.26474917e-02 2.92457968e-01
    6.69629216e-01 8.45754862e-01 2.70756900e-01 9.11052823e-01
    3.98920655e-01 4.54696059e-01 3.96445990e-01 7.65473604e-01
    5.05950511e-01 2.95694202e-01 8.41428399e-01 2.21117675e-01
    5.38475871e-01 5.39361417e-01 7.55685925e-01 4.28369492e-01
    3.65196228e-01 5.41666687e-01 3.51001322e-01 3.89736891e-02
    9.66152787e-01 1.80351436e-01 6.39600575e-01 6.76617146e-01
    4.08883452e-01 5.16545177e-02 3.07937145e-01 9.90439475e-01
    8.15634012e-01 6.58240139e-01 7.47501254e-02 1.56634718e-01
    3.92422855e-01 7.34626770e-01 2.91700423e-01 7.51338601e-01
    2.78172195e-02 7.77033091e-01 8.38192403e-02 9.66846943e-01
    3.11792612e-01 1.67785585e-02 4.95786875e-01 3.79877806e-01
    5.49421191e-01 8.28562617e-01 1.10900968e-01 1.22985870e-01
    7.94198990e-01 8.46578598e-01 8.02987337e-01 6.53145254e-01
    1.62721813e-01 3.95153344e-01 6.43825054e-01 3.38461637e-01
    4.53488350e-01 1.93208456e-03 9.02317941e-01 2.82411844e-01
    9.29790199e-01 1.18384331e-01 3.57760549e-01 6.71618104e-01
    8.43515992e-01 3.43941569e-01 2.54671425e-01 2.12987334e-01
    3.56183708e-01 3.43693614e-01 1.08163327e-01 9.44056749e-01
    5.77485204e-01 8.59587073e-01 3.30390751e-01 2.17063218e-01
    2.74873078e-01 1.62890702e-01 8.28987479e-01 6.33991718e-01
    1.28529608e-01 3.02547574e-01 6.26927614e-03 2.52796710e-01
    7.89517999e-01 5.58703065e-01 9.27770078e-01 2.25684732e-01
    8.26574624e-01 5.47659397e-01 4.64629650e-01 3.72988254e-01
    8.43574524e-01 8.08087707e-01 5.09346962e-01 6.10804677e-01
    1.10442013e-01 5.64894497e-01 2.36454338e-01 7.89624214e-01
    6.82053387e-01 5.49670935e-01 7.68092513e-01 9.76761580e-01
    8.62635732e-01 1.25536919e-01 7.70119488e-01 2.04005778e-01
    4.38459307e-01 2.42805928e-01 1.61405176e-01 3.75258386e-01
    2.29957163e-01 3.47212851e-02 8.44538510e-01 8.33592415e-02
    8.07203174e-01 8.94502997e-01 7.15576470e-01 2.62802035e-01
    7.26189017e-01 1.33072615e-01 9.90548670e-01 1.98465168e-01
    4.33840752e-02 5.83959043e-01 9.22014594e-01 4.81689036e-01
    7.78980613e-01 4.71125662e-01 8.24541807e-01 3.37424368e-01
    8.64337802e-01 3.21614772e-01 3.38725358e-01 2.74196357e-01
    3.69762540e-01 7.09444523e-01 9.01187301e-01 5.40232897e-01
    3.10008705e-01 4.89628822e-01 6.59309030e-01 7.27368176e-01
    8.28055799e-01 9.57661867e-01 8.12621415e-02 4.00425732e-01
    1.04063302e-01 3.29374105e-01 4.21625167e-01 4.95183468e-02
    7.08738625e-01 5.03847659e-01 7.32530355e-02 9.66827869e-02
    6.63623750e-01 6.46176398e-01 2.78935164e-01 8.89071643e-01
    1.15258425e-01 8.32581162e-01 3.68118584e-01 4.54027981e-01
    1.45543367e-01 9.63184237e-01 4.74442869e-01 2.99466789e-01
    7.18267620e-01 9.89441872e-01 5.63359559e-01 2.17985362e-01
    4.71099228e-01 5.59248745e-01 5.93873143e-01 4.09540296e-01
    4.28065062e-01 2.36422092e-01 5.20287037e-01 1.31920815e-01
    7.38737285e-01 8.01397562e-01 6.74513698e-01 1.63233608e-01
    8.39310169e-01 7.09384322e-01 6.34218574e-01 5.48463523e-01
    3.80247325e-01 2.94379622e-01 3.68044019e-01 2.62301862e-02
    7.65697181e-01 1.53481960e-05 9.70839620e-01 2.62483358e-02
    1.99524701e-01 6.25680149e-01 7.57761657e-01 2.35225409e-01
    6.15863919e-01 4.30347145e-01 2.43571281e-01 3.73692691e-01
    8.58322501e-01 9.47143197e-01 9.36031520e-01 8.22120905e-01
    9.75433111e-01 9.32148695e-01 2.98268795e-01 8.83676410e-01
    2.82943726e-01 2.02846229e-02 8.13918352e-01 6.49439931e-01
    2.97796190e-01 7.13813543e-01 1.81232572e-01 7.67396927e-01
    6.18622720e-01 5.54909289e-01 2.57722229e-01 7.39306092e-01
    8.87909532e-02 6.35160506e-02 7.05328166e-01 2.38832086e-01
    2.93602586e-01 2.98487067e-01 5.17476797e-02 2.37457454e-02
    9.71144080e-01 1.80156440e-01 5.83679676e-02 1.51663631e-01
    1.16348326e-01 9.17890668e-02 8.05521011e-01 2.61189371e-01
    5.52879632e-01 8.90764236e-01 2.90695310e-01 9.93777514e-01
    1.74900740e-01 7.20397055e-01 8.04337025e-01 9.93475080e-01
    2.07597584e-01 8.19511592e-01 6.53807104e-01 8.89789224e-01
    3.31728965e-01 8.93670976e-01 1.75701439e-01 5.81037045e-01
    2.55823433e-01 3.92615557e-01 8.82089853e-01 5.64878464e-01
    6.50208116e-01 6.06948137e-03 6.47029698e-01 8.08230937e-01
    6.78216875e-01 5.27954400e-01 2.35844523e-01 1.44668221e-01
    4.43106294e-01 2.42860764e-01 8.40681314e-01 8.39984417e-01
    1.82845831e-01 5.67764699e-01 1.41092002e-01 4.72347796e-01
    3.70073736e-01 3.13345194e-01 7.19125211e-01 7.55800486e-01
    9.28068399e-01 1.06299609e-01 9.13460553e-01 1.20920599e-01
    9.40581799e-01 6.12669468e-01 1.87769800e-01 1.77956313e-01
    3.40144068e-01 5.98010123e-01 2.59379685e-01 5.12443662e-01
    6.04038358e-01 7.86374331e-01 3.87075484e-01 8.32489431e-01
    9.58666325e-01 8.71769786e-02 3.25463891e-01 5.08116782e-01
    2.21582711e-01 1.82621330e-01 2.12570906e-01 5.75916171e-01
    9.23910379e-01 8.87624085e-01 4.67727184e-01 5.10752380e-01
    8.35468352e-01 9.40162539e-01 1.34767920e-01 2.16432214e-01
    6.63785994e-01 7.11398959e-01 2.07702518e-01 2.11590230e-01
    8.47913563e-01 9.70919013e-01 7.49800920e-01 4.58074778e-01
    7.41686404e-01 6.90227985e-01 2.03434914e-01 7.65054822e-02
    5.00826836e-01 5.94211221e-01 8.90054703e-01 7.14116454e-01
    5.67182839e-01 4.18802500e-01 8.81044745e-01 8.14565420e-02
    7.07548261e-02 9.99829292e-01 8.84568334e-01 3.37955713e-01
    8.03341150e-01 7.90254474e-01 5.58767259e-01 9.96048212e-01
    9.87008810e-01 5.67058802e-01 3.52255970e-01 3.25156569e-01
    9.90828276e-01 4.12432551e-01 9.28152442e-01 8.36434305e-01
    8.49307418e-01 8.80208254e-01 1.26304716e-01 6.14027202e-01
    7.15478063e-01 4.36067283e-02 9.83383656e-01 4.62167382e-01
    9.31537390e-01 9.44061041e-01 4.46412951e-01 2.14385539e-01
    9.21316266e-01 7.57561088e-01 6.05078518e-01 5.21420240e-01
    7.43050456e-01 9.60904360e-03 5.41989625e-01 4.10761297e-01
    5.04918993e-01 3.59095812e-01 5.88735878e-01 8.68563056e-02
    7.29551196e-01 5.88837743e-01 9.38762426e-01 9.02555764e-01
    9.52990592e-01 7.70256460e-01 1.27843022e-03 6.67935252e-01
    1.16115034e-01 7.08851278e-01 5.44484973e-01 5.55261672e-01
    2.08086312e-01 2.97042191e-01 3.82492155e-01 7.49268830e-02
    1.94050580e-01 8.42768192e-01 4.25591499e-01 2.94032812e-01
    8.15371275e-01 3.24913085e-01 6.58164024e-02 8.77229333e-01
    5.97159505e-01 7.58825660e-01 4.44078326e-01 2.64732659e-01
    4.20720726e-01 3.75503808e-01 7.80885100e-01 9.26204979e-01
    2.22945422e-01 9.70059395e-01 3.33679199e-01 7.26466596e-01
    7.83323407e-01 3.83347303e-01 5.73985279e-02 8.74901175e-01
    4.76803750e-01 8.70171428e-01 2.37061113e-01 2.19019532e-01
    1.06644034e-02 5.51985621e-01 5.80011725e-01 3.83321643e-01
    8.12063932e-01 3.05834115e-02 2.06671387e-01 1.09947383e-01
    6.04620874e-02 1.31630480e-01 7.23854423e-01 1.20057851e-01
    4.15649116e-02 2.08679020e-01 4.32507098e-02 5.47469020e-01
    9.73224878e-01 2.73225069e-01 4.41149473e-01 6.77514315e-01
    1.09834045e-01 8.47617388e-01 7.67433286e-01 2.86404788e-02
    4.68167126e-01 6.14765644e-01 1.98283315e-01 8.48150551e-02
    1.42460853e-01 9.51914549e-01 6.86278820e-01 2.45408237e-01
    1.29003227e-02 6.75836027e-01 1.83013499e-01 7.68607378e-01
    3.42724741e-01 2.68084854e-01 5.67171395e-01 4.42785382e-01
    4.56583142e-01 9.15039003e-01 2.02867627e-01 1.99435681e-01
    7.56671607e-01 6.83501005e-01 6.77573860e-01 5.48790276e-01
    4.93225396e-01 1.96828187e-01 8.53137851e-01 8.93946111e-01
    1.71602547e-01 2.23760754e-01 6.21652544e-01 4.67744023e-01
    2.01238185e-01 8.64923537e-01 2.84427494e-01 9.38689411e-01
    9.25215483e-01 3.14561605e-01 4.40838665e-01 5.20937443e-01
    8.61759305e-01 1.42356247e-01 6.43807650e-01 6.14980042e-01
    4.89528596e-01 3.34749281e-01 9.64015722e-01 5.03599048e-01
    4.41358119e-01 3.69550884e-01 1.72735274e-01 4.40949351e-01
    8.52717400e-01 7.10013807e-02 3.92307222e-01 1.45870537e-01
    6.12647712e-01 8.01053166e-01 5.81241727e-01 1.42366320e-01
    8.53630722e-01 1.62128419e-01 7.44700730e-02 1.52199179e-01
    6.20321453e-01 9.42212343e-02 5.42999387e-01 7.56911039e-02
    1.61030293e-02 5.52094340e-01 2.43019760e-01 4.93181676e-01
    7.35648632e-01 3.86842161e-01 4.44147050e-01 6.96703434e-01
    6.93489730e-01 6.06118679e-01 2.64811009e-01 5.39142787e-02
    5.80352187e-01 1.61337912e-01 6.74054861e-01 7.50736654e-01
    1.06581211e-01 2.79952049e-01 1.14866823e-01 8.36034417e-02
    5.37842214e-01 5.43578804e-01 4.74421918e-01 1.01686716e-02
    5.59998512e-01 9.23855484e-01 6.44982219e-01 3.11547339e-01
    8.47736597e-02 6.54707313e-01 2.07343549e-01 2.29587466e-01
    7.99260855e-01 6.38268530e-01 3.15140009e-01 2.85234213e-01
    5.23453176e-01 4.96808529e-01 8.53283048e-01 4.71670985e-01
    3.85175705e-01 8.57827663e-01 7.59798050e-01 9.42573905e-01
    5.03682256e-01 8.93398106e-01 2.30871528e-01 2.23981649e-01
    1.20766699e-01 4.10201490e-01 6.49839640e-01 2.81971246e-01
    2.67916560e-01 3.66020709e-01 1.38169140e-01 1.67156011e-01
    3.98650408e-01 9.38992500e-01 9.85433400e-01 1.26103550e-01
    2.31001824e-01 5.04120111e-01 4.10280317e-01 9.95962739e-01
    6.21408224e-01 5.22728443e-01 2.84199208e-01 6.12947285e-01
    7.88089931e-01 3.59533966e-01 9.79158521e-01 1.64027184e-01
    4.14138287e-01 2.05106437e-01 3.37616265e-01 2.55447626e-03
    2.81011462e-01 5.81265390e-01 5.38893461e-01 1.54086053e-01
    5.28038263e-01 7.74662495e-01 7.68287182e-01 9.62272048e-01
    1.84164464e-01 4.81298327e-01 5.88962376e-01 2.25360781e-01
    3.10126126e-01 9.34456825e-01 4.25297648e-01 1.75654203e-01
    6.26698673e-01 6.27914727e-01 9.11128223e-01 5.70611358e-02
    5.15292704e-01 1.27384365e-02 6.25491977e-01 7.96237409e-01
    5.97392976e-01 4.56754833e-01 2.29168475e-01 8.65403056e-01
    6.59529567e-01 7.74560213e-01 3.46217155e-02 3.84492159e-01
    5.67150772e-01 8.23115826e-01 5.20690620e-01 8.10782492e-01
    1.79841369e-01 3.36224377e-01 4.53310579e-01 3.65869164e-01
    7.82990277e-01 7.15939820e-01 7.68522978e-01 1.59364313e-01
    3.76874149e-01 9.97901618e-01 5.99850714e-01 5.17953694e-01
    6.43479586e-01 8.25687528e-01 7.88860917e-01 3.05118591e-01
    6.60856783e-01 6.50356472e-01 9.02041793e-01 5.62128425e-02
    4.41188991e-01 9.64280605e-01 5.69608808e-01 7.64897406e-01
    5.89465559e-01 6.03806257e-01 6.25424325e-01 1.27125561e-01
    4.39111531e-01 7.06059456e-01 6.52083635e-01 1.57705784e-01
    8.65085602e-01 5.44021070e-01 3.27439308e-01 3.17177355e-01
    9.39497650e-02 3.20905209e-01 2.49556631e-01 1.99152470e-01
    6.39392912e-01 1.00380093e-01 3.02087933e-01 2.75175273e-02
    9.59657907e-01 2.53490746e-01 7.64360189e-01 7.97050238e-01
    1.95173442e-01 8.06916356e-01 4.30307388e-01 1.55194521e-01
    3.75226438e-01 6.86698139e-01 5.29226542e-01 9.65706706e-01
    8.20450187e-01 3.92074466e-01 9.70300138e-02 6.68733716e-01
    9.78354573e-01 9.19493914e-01 5.52595437e-01 8.59142065e-01
    4.15032208e-01 3.66269827e-01 5.98024249e-01 6.94546103e-01
    1.18074477e-01 3.17949414e-01 2.85390615e-02 8.24629009e-01
    9.44329977e-01 1.88705921e-02 9.60332155e-02 4.24614280e-01
    5.68758547e-02 4.54990655e-01 3.98062617e-01 2.20142365e-01
    3.07548404e-01 3.05186331e-01 3.84516478e-01 6.23241663e-02
    3.67051721e-01 2.18147784e-01 9.42367673e-01 1.79078192e-01
    7.96059489e-01 3.99455905e-01 8.94343376e-01 8.02772284e-01
    8.25938165e-01 7.87098289e-01 2.54436910e-01 3.48800600e-01
    2.29920745e-02 2.31948495e-02 7.55851805e-01 9.23609853e-01
    5.91591597e-02 5.50641239e-01 8.05509925e-01 1.68433517e-01
    8.71505797e-01 4.60076034e-01 9.85800743e-01 4.38449115e-01
    7.80940056e-01 3.16651821e-01 3.42168510e-01 5.41661620e-01
    5.24511158e-01 7.02001572e-01 2.39035606e-01 7.98099279e-01
    3.52800608e-01 3.10788304e-01 4.92298245e-01 1.98239744e-01
    2.99936771e-01 9.06435251e-01 1.62462890e-02 8.70561481e-01
    6.93390131e-01 8.72060299e-01 8.00861359e-01 7.72147059e-01
    4.27705258e-01 7.06686854e-01 2.92954445e-01 9.01427627e-01
    5.76437652e-01 9.18038428e-01 9.61085677e-01 4.54376251e-01
    1.73543096e-01 8.90688896e-01 1.29862219e-01 8.33744168e-01
    8.58352542e-01 9.68175948e-01 8.81186426e-01 9.92840350e-01
    1.72773778e-01 4.22798932e-01 3.44316840e-01 8.59077990e-01
    6.11091852e-01 1.96326166e-01 1.20931178e-01 6.19004846e-01
    3.83356154e-01 9.99168515e-01 6.02441907e-01 9.18414474e-01
    5.78272343e-01 9.19887483e-01 7.40833879e-01 4.93478507e-01
    1.92417204e-02 9.09876823e-03 5.79177022e-01 2.76465416e-01
    7.04668880e-01 2.91790068e-01 6.94862247e-01 9.04539227e-01
    2.09041148e-01 2.04063714e-01 7.18480885e-01 3.42972100e-01
    8.97877932e-01 8.19351315e-01 1.48700684e-01 8.66328716e-01
    3.96087974e-01 3.19755733e-01 5.73624611e-01 7.31790602e-01
    7.36868560e-01 9.26444352e-01 8.96252394e-01 3.02852988e-02
    4.66777384e-01 6.08380079e-01 6.59233749e-01 4.19611156e-01
    6.80458069e-01 8.61579001e-01 7.74544716e-01 3.36224139e-02
    2.53597438e-01 4.13703352e-01 3.37497234e-01 1.03781879e-01
    5.66232681e-01 2.70992458e-01 7.21247554e-01 5.80440342e-01
    5.59294224e-01 4.73749608e-01 6.51052713e-01 7.84902215e-01
    7.21818268e-01 4.71043736e-01 8.90326381e-01 5.72458744e-01
    6.71692252e-01 1.59799695e-01 6.09287441e-01 3.22180539e-01
    2.96504080e-01 1.18168086e-01 5.52630365e-01 7.55301595e-01
    5.19685686e-01 8.50075841e-01 5.13910830e-01 2.15351045e-01
    1.48925275e-01 6.49140239e-01 9.96663392e-01 5.84070086e-02
    9.12049949e-01 4.20338809e-02 1.02946162e-01 3.07658285e-01
    6.19008005e-01 7.21113801e-01 7.57185817e-02 9.10086155e-01
    5.78723252e-01 6.75979912e-01 5.57458997e-02 5.93732595e-02
    1.45809054e-02 5.37762403e-01 4.79354858e-01 5.53272784e-01
    6.97020531e-01 8.73457491e-02 7.41911888e-01 3.56094688e-01
    8.81988704e-02 8.65715623e-01 5.05690455e-01 6.61573708e-02
    8.40134740e-01 9.19112802e-01 6.31426573e-01 3.16881150e-01
    8.87572765e-01 7.52438068e-01 9.81405854e-01 5.77791452e-01
    3.31048012e-01 2.21861780e-01 2.05182225e-01 7.68897295e-01
    4.46907252e-01 3.71277273e-01 3.21160316e-01 8.14834833e-01
    1.76397443e-01 4.84950185e-01 1.45325363e-01 5.60370922e-01
    7.24683046e-01 7.36715317e-01 8.99885774e-01 6.57331884e-01
    6.97066367e-01 7.43879676e-01 3.73697191e-01 6.66022301e-02
    1.37098283e-01 7.67372727e-01 4.98443604e-01 2.45186388e-02
    3.40171397e-01 4.02058542e-01 9.41411555e-01 4.62920487e-01
    2.27502018e-01 6.64848745e-01 9.12356496e-01 9.60737765e-02
    9.67919230e-01 1.60976440e-01 8.75100493e-02 4.71309155e-01
    7.99575508e-01 1.93269610e-01 3.92251641e-01 1.29207194e-01
    7.80817807e-01 1.14416450e-01 4.53529865e-01 4.23895121e-01
    4.09684122e-01 2.79775918e-01 2.82541871e-01 4.74998504e-01
    3.28406036e-01 5.77146769e-01 5.74897289e-01 9.02522385e-01
    4.25887972e-01 9.08128619e-01 4.57069576e-02 3.86447251e-01
    2.68395424e-01 5.94096184e-02 3.20385754e-01 4.92199779e-01
    1.03576869e-01 6.24059558e-01 2.00851470e-01 4.04738784e-01
    1.64323360e-01 3.26653838e-01 4.92587179e-01 5.98493814e-01
    4.79912311e-01 7.62238026e-01 8.06878567e-01 7.60395706e-01
    8.73764932e-01 3.14202905e-02 8.55547547e-01 6.64189160e-01
    3.10844481e-01 4.97051895e-01 8.01222026e-01 3.92264485e-01
    5.64147472e-01 7.92176843e-01 6.89845145e-01 6.14489198e-01
    5.05939901e-01 3.81097257e-01 4.89630610e-01 2.77524978e-01
    4.40060288e-01 8.61023128e-01 5.59876978e-01 7.30335891e-01
    6.17503107e-01 7.21937001e-01 2.02692330e-01 5.32762885e-01
    4.75041300e-01 6.84526086e-01 8.94373477e-01 7.88610458e-01
    6.31493092e-01 3.49517763e-02 3.58257651e-01 7.97826648e-01
    2.62418211e-01 7.15158880e-01 4.45608675e-01 9.96037662e-01
    6.54182494e-01 9.60235476e-01 4.83740062e-01 8.45703304e-01
    4.27676618e-01 8.95345569e-01 3.03637475e-01 2.40292132e-01
    6.55947328e-01 9.57831144e-01 8.68203640e-01 2.42885947e-01
    6.21737897e-01 6.62925243e-01 8.98027658e-01 8.08458984e-01
    3.50398481e-01 6.56329870e-01 4.03919905e-01 3.59270573e-02
    1.80826396e-01 7.75714040e-01 3.74239266e-01 7.28857815e-01
    5.12568533e-01 3.95355880e-01 3.14469635e-01 1.43103510e-01
    1.52851969e-01 9.12043452e-01 8.71464491e-01 9.88609076e-01
    7.23759413e-01 5.07024050e-01 8.12397957e-01 8.82855415e-01
    3.62883687e-01 5.24039984e-01 5.12204468e-01 1.29102916e-01
    5.30553043e-01 6.93157911e-01 7.21986055e-01 9.96381104e-01
    8.93882751e-01 3.17072809e-01 2.25669175e-01 1.24950141e-01
    8.76562119e-01 1.19932204e-01 6.63006425e-01 4.37402427e-01
    4.90425348e-01 9.55973864e-01 9.39933062e-01 5.81499457e-01
    7.04259932e-01 6.81069076e-01 3.34780276e-01 1.18989080e-01
    9.81423736e-01 1.82445884e-01 3.05212826e-01 2.01810837e-01
    3.90329897e-01 3.15083921e-01 7.13416457e-01 8.37412357e-01
    5.04122615e-01 9.73108768e-01 1.38414204e-02 8.17646146e-01
    2.63472974e-01 6.55355096e-01 9.92017031e-01 9.39801097e-01
    8.72810185e-02 1.67859852e-01 7.38972187e-01 8.56728196e-01
    2.08972931e-01 1.07595265e-01 6.19941652e-01 1.90992475e-01
    7.78495848e-01 1.13210976e-01 9.84186232e-02 1.53371841e-01
    9.32800651e-01 5.38354874e-01 2.56964982e-01 2.68890500e-01
    8.57876539e-02 1.11288935e-01 4.57105279e-01 9.44859862e-01
    6.91600204e-01 6.44862533e-01 8.65270615e-01 2.42451340e-01
    5.12782097e-01 3.42801213e-03 5.30285835e-01 9.49898303e-01
    5.10197878e-01 3.14555466e-01 4.43561137e-01 3.07062745e-01
    6.41865432e-02 5.60368657e-01 8.42000604e-01 9.75319505e-01
    1.23538971e-02 4.24927771e-02 8.13675046e-01 4.38706666e-01
    1.21409386e-01 9.95012581e-01 6.66867077e-01 9.04574990e-01
    1.35210603e-01 4.17219043e-01 2.24561334e-01 9.60278273e-01
    8.15208495e-01 6.33124411e-02 5.00334918e-01 2.79328704e-01
    3.17173421e-01 6.14519954e-01 7.25015998e-01 4.08521295e-03
    3.90934944e-02 1.95928752e-01 9.32687759e-01 9.49341059e-03
    8.87057304e-01 4.42495733e-01 3.18469465e-01 5.85235953e-02
    8.38470459e-02 5.06603181e-01 9.09088671e-01 7.54748940e-01
    2.23517090e-01 7.05492795e-01 2.78904408e-01 3.34511012e-01
    5.35626352e-01 3.46421301e-02 5.94769061e-01 4.72041219e-01
    4.36901152e-01 3.11538994e-01 1.55061692e-01 1.94813311e-02
    9.30427313e-01 3.31870496e-01 2.18167901e-02 3.98276031e-01
    5.01081526e-01 3.13263059e-01 8.29554796e-01 8.41915905e-02
    2.91862071e-01 2.92157948e-01 8.44182670e-01 9.77934539e-01
    8.83654594e-01 2.26425618e-01 2.99541444e-01 2.69402266e-02
    9.59649920e-01 4.93817598e-01 7.63899863e-01 9.32366490e-01
    8.47030342e-01 6.58811748e-01 5.16357780e-01 6.24112010e-01
    7.33093500e-01 9.10905123e-01 9.64465141e-02 9.70491290e-01
    9.66258764e-01 1.97480500e-01 4.13661897e-02 5.88438809e-01
    5.00434637e-02 2.99199700e-01 9.40280795e-01 4.41036254e-01
    4.23363447e-01 9.42967415e-01 4.91227210e-02 4.92064446e-01
    7.42965460e-01 1.89272761e-02 1.32830590e-01 1.75281376e-01
    5.13459384e-01 1.72030360e-01 9.78875279e-01 2.43606985e-01
    7.64739275e-01 6.46566749e-01 9.26581323e-02 6.45023227e-01
    8.55734229e-01 2.67429322e-01 3.60137314e-01 9.14764881e-01
    2.83254683e-01 8.96388531e-01 5.42639613e-01 3.70556355e-01
    3.89665544e-01 2.79422343e-01 7.71962464e-01 5.70662200e-01
    1.02619082e-01 2.39440382e-01 5.79726160e-01 5.02688169e-01
    1.35242343e-02 5.18996358e-01 6.11614227e-01 8.75131011e-01
    7.58032203e-02 8.09237361e-01 1.13835663e-01 6.05651081e-01
    3.93832713e-01 1.45761967e-02 5.45567036e-01 6.88583851e-01
    2.33288825e-01 7.34064281e-02 8.01431835e-01 9.74888206e-01
    2.89298594e-02 5.19573152e-01 2.73848265e-01 2.29303420e-01
    4.18428481e-01 2.83805132e-01 8.94863248e-01 1.22780979e-01
    2.60935605e-01 4.98688459e-01 9.98114586e-01 8.07535708e-01
    9.55680251e-01 6.61950409e-02 2.78979331e-01 1.95609987e-01
    7.91585565e-01 5.17166197e-01 4.74598676e-01 8.02173376e-01
    6.06671333e-01 7.39490569e-01 8.80903006e-03 9.12804365e-01
    1.15698338e-01 1.82916850e-01 2.50790536e-01 1.32094979e-01
    9.48162436e-01 4.57078665e-01 7.77481794e-01 5.05224288e-01
    4.00921762e-01 5.27644753e-02 4.11876023e-01 7.38586187e-01
    2.09917694e-01 1.99969530e-01 4.98621047e-01 6.54847920e-01
    3.14429522e-01 7.88213611e-01 5.16582429e-01 3.04487705e-01
    2.89616406e-01 5.87660253e-01 1.05658531e-01 2.87118375e-01
    8.47428977e-01 2.27764606e-01 4.30884361e-02 1.29681200e-01
    8.53832364e-01 1.14109814e-02 2.71033138e-01 8.99068236e-01
    5.97119272e-01 5.55134833e-01 5.65734804e-01 7.94166386e-01
    1.43609047e-02 6.75488055e-01 9.08899784e-01 8.31083477e-01
    7.48102546e-01 3.37109625e-01 5.25504708e-01 1.93550646e-01
    7.96543360e-01 2.51279771e-01 5.82173228e-01 6.90453351e-01
    7.91558683e-01 1.76438481e-01 7.87652016e-01 5.40295184e-01
    1.28130198e-01 3.14305902e-01 7.74361491e-01 8.53120089e-01
    1.20616466e-01 1.13667428e-01 9.20784831e-01 2.52937913e-01
    4.30861890e-01 2.64267325e-02 4.56070453e-01 4.63291645e-01
    4.10618126e-01 2.25230128e-01 3.85761142e-01 5.04646778e-01
    2.49091476e-01 1.57686621e-01 2.34029770e-01 7.47900128e-01
    1.97838366e-01 4.48501348e-01 4.04004395e-01 8.75665128e-01
    5.75073004e-01 8.85171711e-01 3.98180544e-01 4.05328572e-02
    3.18853617e-01 8.17186594e-01 6.14472151e-01 9.33532476e-01
    4.35981512e-01 7.36580610e-01 4.61337328e-01 2.74240017e-01
    5.24185002e-01 3.04705381e-01 6.38502240e-01 2.11444378e-01
    1.64335728e-01 2.43589282e-03 7.15545535e-01 9.21722353e-01
    5.69187522e-01 4.98309642e-01 2.19710290e-01 6.07824028e-02
    4.42530692e-01 1.91103160e-01 3.16695541e-01 5.39897680e-02
    7.39166141e-01 7.57697701e-01 1.81957006e-01 4.44308937e-01
    5.38201153e-01 1.84450388e-01 8.90989959e-01 1.55181140e-01
    3.86725128e-01 6.48341060e-01 4.34731066e-01 6.20326340e-01
    5.51341116e-01 7.28531718e-01 3.99595231e-01 7.27267861e-01
    2.49389440e-01 7.13646412e-04 6.50209546e-01 3.13999116e-01
    5.85324883e-01 1.75368994e-01 8.70985627e-01 7.08442330e-01
    6.99081957e-01 9.56395566e-01 8.29614520e-01 1.15527064e-01
    6.69941545e-01 4.89601642e-01 4.03973281e-01 7.25626230e-01
    8.03825557e-02 5.69755495e-01 5.36133111e-01 8.55762661e-01
    7.27654457e-01 2.62541443e-01 4.80866462e-01 9.46679235e-01
    7.00813055e-01 3.50838840e-01 9.17331576e-01 9.07828927e-01
    1.41207129e-01 3.22315514e-01 3.63683283e-01 5.41865945e-01
    7.60493159e-01 1.19790047e-01 6.17596149e-01 3.05450320e-01
    2.67672420e-01 9.87535655e-01 4.93633151e-02 9.63114023e-01
    6.96514845e-01 5.88256419e-01 8.91689062e-01 6.44841313e-01
    8.51366639e-01 4.33977276e-01 2.69019544e-01 7.75765300e-01
    8.56277943e-01 5.36580861e-01 5.26015162e-02 8.02761197e-01
    1.90676451e-02 1.18146300e-01 9.65677142e-01 5.16903520e-01
    8.02640617e-02 6.44823909e-01 6.11781955e-01 6.96957290e-01
    7.36706257e-01 6.95293665e-01 1.68703794e-02 3.65693927e-01
    3.98494899e-01 8.87231231e-01 4.77747589e-01 2.83475995e-01
    4.98069584e-01 3.81874621e-01 3.81905973e-01 4.51547623e-01
    2.99575478e-01 5.66447198e-01 2.55348086e-01 8.48657906e-01
    9.53423083e-01 5.17886877e-03 3.81075501e-01 5.07758021e-01
    2.72993982e-01 2.05685526e-01 1.99803412e-01 8.56977701e-02
    7.77804017e-01 9.99029219e-01 2.70237625e-01 3.16893220e-01
    1.30901337e-01 1.72382981e-01 8.02275538e-01 9.75211263e-02
    1.16115242e-01 1.73074454e-01 8.87752652e-01 2.45496273e-01
    6.17312193e-01 3.85052621e-01 4.80820268e-01 1.09730422e-01
    4.42321301e-02 3.93090695e-01 5.21127343e-01 7.73724437e-01
    3.73912275e-01 5.19501507e-01 4.42124069e-01 7.48732567e-01
    2.39579976e-02 3.68306875e-01 8.51976752e-01 7.45106041e-01
    8.96150172e-02 7.23940730e-01 5.77683806e-01 6.34933412e-01
    5.21815717e-01 4.16300893e-01 7.34822512e-01 7.80003667e-01
    9.99905586e-01 2.63097882e-01 5.63862681e-01 3.64791930e-01
    2.56748289e-01 5.08102119e-01 8.49782169e-01 6.45193815e-01
    8.43002915e-01 2.05310404e-01 2.07766205e-01 7.71258473e-01
    8.59895229e-01 2.37620026e-01 3.95834148e-01 7.07629025e-01
    3.04494739e-01 9.34525907e-01 9.72036958e-01 3.43348086e-02
    2.44291633e-01 7.81549156e-01 6.73397005e-01 6.01395011e-01
    3.08828115e-01 2.37373978e-01 3.55146110e-01 9.98857379e-01
    1.36392683e-01 8.87868464e-01 9.74599481e-01 4.47090328e-01
    2.88381875e-02 3.73017281e-01 8.22234035e-01 9.88682389e-01
    6.81030869e-01 5.33080637e-01 5.56239843e-01 4.62433755e-01
    3.29718888e-02 4.39591229e-01 5.52172124e-01 2.03459173e-01
    6.57285988e-01 7.90532470e-01 3.08598518e-01 1.30978823e-01
    7.18352616e-01 3.94594789e-01 5.88564277e-02 9.36547756e-01
    6.22766793e-01 9.17801797e-01 7.11468279e-01 4.50887918e-01
    5.21736324e-01 9.75775480e-01 4.57155794e-01 1.45187140e-01
    9.13542569e-01 7.57113397e-02 8.61270308e-01 3.56131315e-01
    8.71334076e-01 1.75058097e-01 3.37334394e-01 3.53026807e-01
    9.52789307e-01 4.71187532e-02 7.14455962e-01 2.59742439e-01
    2.75306463e-01 3.89240324e-01 9.54925060e-01 3.20609599e-01
    3.91793072e-01 2.44653851e-01 8.53844762e-01 8.96612227e-01
    4.81191128e-01 1.73615277e-01 6.43838942e-01 2.13940591e-01
    7.71974087e-01 9.09259498e-01 4.29286361e-02 9.30673599e-01
    7.90770829e-01 3.53626221e-01 2.79087067e-01 4.44940209e-01
    5.31394005e-01 8.19956183e-01 1.89022690e-01 2.17719167e-01
    9.10042822e-02 7.52469420e-01 7.57342458e-01 3.75739396e-01
    4.04902995e-02 3.57735693e-01 9.52471375e-01 4.76873815e-01
    1.57779932e-01 6.56529665e-01 9.17771459e-01 3.22943747e-01
    9.92202163e-01 3.45370233e-01 1.21825576e-01 7.75896072e-01
    6.54673636e-01 7.08185852e-01 2.88081288e-01 5.49168408e-01
    4.02618647e-01 1.00593954e-01 7.81262517e-01 9.84133244e-01
    5.48680723e-02 5.45411766e-01 5.04972935e-02 7.34335363e-01
    1.76519573e-01 8.32427442e-02 2.76072979e-01 4.15279061e-01
    3.16054940e-01 6.84096932e-01 7.10564494e-01 4.26764846e-01
    7.87070334e-01 3.46946210e-01 9.93890882e-01 2.04376638e-01
    5.88667929e-01 8.20578456e-01 5.14289796e-01 2.20862031e-03
    9.67448831e-01 6.68732882e-01 8.00608397e-02 9.46984649e-01
    6.77265882e-01 9.46913540e-01 6.49010420e-01 4.34887409e-03
    8.82563949e-01 7.55394638e-01 8.68458867e-01 1.44927800e-02
    6.63031101e-01 4.16313708e-01 6.82870150e-01 7.83402503e-01
    7.01549470e-01 7.10582256e-01 7.42772758e-01 7.23972142e-01
    9.38912630e-02 5.08074403e-01 5.54879844e-01 8.01382065e-01
    3.29576612e-01 8.81457806e-01 5.07678807e-01 9.34821248e-01
    7.50183105e-01 8.84416461e-01 1.35178834e-01 5.14404595e-01
    7.70487726e-01 4.03706074e-01 8.61808300e-01 9.23350692e-01
    8.96537900e-02 8.12404096e-01 9.22873676e-01 7.63088465e-03
    3.84447038e-01 4.96358544e-01 2.12814808e-01 8.98645163e-01
    4.96191680e-01 9.35682893e-01 2.55863369e-02 1.11928821e-01
    4.09091651e-01 9.94537055e-01 3.71052861e-01 1.67938173e-01
    3.67743969e-01 6.43250465e-01 1.63088799e-01 9.79825854e-03
    5.16363382e-01 5.41496575e-01 8.64635706e-01 2.96065122e-01
    7.01845348e-01 5.63037872e-01 6.76329136e-01 5.44717073e-01
    5.45380831e-01 2.91079968e-01 3.95805568e-01 2.15921193e-01
    7.11012125e-01 3.64931464e-01 7.72793651e-01 1.07819587e-01
    1.18826807e-01 7.45660543e-01 3.92089516e-01 3.31443995e-01
    9.15195584e-01 6.89842463e-01 7.67516494e-02 3.07134092e-01
    1.44898891e-03 1.96693569e-01 9.02381539e-03 7.19785213e-01
    7.38914609e-01 5.37317514e-01 9.04200971e-01 1.52085125e-02
    8.77558947e-01 1.07042819e-01 6.14865065e-01 6.11583889e-01
    5.76446533e-01 1.96333349e-01 4.99106497e-01 6.96599126e-01
    7.69869149e-01 9.97277856e-01 5.20425200e-01 3.20303440e-02
    6.58888280e-01 1.97240770e-01 9.66310441e-01 9.74412680e-01
    3.71100664e-01 2.12798566e-01 8.51253092e-01 9.34548974e-01
    1.40991777e-01 4.49991405e-01 8.32419991e-01 1.32593185e-01
    8.14792395e-01 3.32511067e-02 5.95895052e-01 8.55644763e-01
    2.04012513e-01 8.35870028e-01 8.28619421e-01 2.63356239e-01
    3.99226993e-01 3.31103712e-01 6.79143667e-01 9.83378649e-01
    5.19232333e-01 2.52428651e-03 2.89478183e-01 1.29207373e-01
    5.46438336e-01 7.98308253e-02 6.24324918e-01 9.97655094e-01
    1.99909836e-01 9.52351391e-01 6.21149659e-01 1.31839216e-01
    5.61183274e-01 7.14033246e-01 6.84589684e-01 3.51577580e-01
    5.35185456e-01 4.00132954e-01 7.94507146e-01 4.46328819e-02
    5.86190283e-01 6.96890950e-02 1.93355590e-01 8.54631901e-01
    5.31648099e-02 8.58315587e-01 9.39085841e-01 3.05025935e-01
    5.39215624e-01 2.22004622e-01 5.21137893e-01 9.18422997e-01
    6.67349577e-01 2.54407078e-01 9.74617600e-01 5.87242842e-01
    4.98533249e-03 8.09061050e-01 1.80773139e-01 9.29008126e-01
    9.81747270e-01 3.35759908e-01 7.09335983e-01 7.63584435e-01
    3.91250521e-01 7.59161294e-01 8.53458345e-02 4.27548647e-01
    4.88918066e-01 4.50132877e-01 6.77164793e-01 4.96802390e-01
    1.95532620e-01 9.45344806e-01 2.54113555e-01 4.87575889e-01
    2.60415554e-01 3.48360419e-01 6.77426279e-01 4.87681001e-01
    8.07459593e-01 8.09577703e-01 1.65838808e-01 6.83157146e-01
    1.35490298e-03 8.38021636e-01 7.69687116e-01 2.22731829e-01
    2.23057151e-01 1.21238321e-01 3.91772985e-02 8.95690680e-01
    7.70300984e-01 8.17110658e-01 6.67426229e-01 8.79644990e-01
    2.38422096e-01 4.03397083e-01 2.77853668e-01 8.35925341e-01
    9.95886922e-02 7.36701608e-01 9.21287537e-01 1.93014890e-01
    5.82434595e-01 6.24659717e-01 5.86964965e-01 2.39088863e-01
    1.10962987e-02 7.15696394e-01 3.43741238e-01 2.63541937e-01
    5.85902333e-01 2.57130563e-01 5.24319828e-01 5.23297131e-01
    8.90525401e-01 5.28861403e-01 4.55134302e-01 4.90871668e-01
    8.27843666e-01 7.72126436e-01 5.03328741e-01 9.68407035e-01
    5.34989476e-01 8.42871606e-01 8.64961743e-01 9.57863629e-01
    2.57857502e-01 7.35082150e-01 8.32868755e-01 5.70950031e-01
    9.10635114e-01 4.76423740e-01 1.17664725e-01 9.88421142e-02
    4.20590281e-01 6.33328557e-01 3.91114593e-01 6.95175946e-01
    9.31809843e-01 4.25220013e-01 8.80934119e-01 5.36804497e-02
    6.72789037e-01 5.04606605e-01 6.10729516e-01 3.91458213e-01
    1.77124649e-01 5.23206770e-01 2.73560405e-01 1.23150617e-01
    1.49694592e-01 6.40628159e-01 2.96607554e-01 8.54932368e-02
    2.58788466e-03 2.74016678e-01 6.39969409e-01 3.64892781e-02
    1.23264253e-01 6.73839211e-01 6.37453854e-01 5.26414514e-02
    4.33181167e-01 7.53095567e-01 6.33568704e-01 2.56732941e-01
    4.94317681e-01 9.55946147e-02 6.11974895e-01 2.98910022e-01
    1.25730038e-03 5.27086020e-01 6.74203753e-01 7.95275569e-02
    8.55673254e-02 3.53742898e-01 3.72808754e-01 9.82173979e-01
    7.59743094e-01 7.47103572e-01 1.23491585e-02 4.98650879e-01
    7.04693973e-01 6.00195229e-01 7.23440349e-01 6.70534372e-02
    9.66307402e-01 5.25145888e-01 8.27454150e-01 4.35699344e-01
    2.87436813e-01 9.04822886e-01 7.31357932e-02 9.29735959e-01
    1.11069679e-01 3.69112223e-01 9.67093945e-01 7.23991513e-01
    7.52082705e-01 6.37595415e-01 7.97301710e-01 7.22274542e-01
    9.61652756e-01 4.14256454e-02 3.45038533e-01 3.97332191e-01
    6.26482487e-01 9.88975644e-01 6.49078608e-01 5.79099298e-01
    2.91398525e-01 9.03322935e-01 3.61027718e-02 2.78376043e-02
    1.58031285e-01 3.09332609e-01 8.97927999e-01 9.85545993e-01
    7.81780958e-01 5.66840768e-01 1.72014415e-01 8.54873776e-01
    8.68645549e-01 8.51307929e-01 6.69931829e-01 6.03232622e-01
    7.85545766e-01 8.53618622e-01 3.69272828e-01 3.44598085e-01
    6.75628066e-01 4.62196916e-01 3.52312922e-01 8.69245291e-01
    8.60658765e-01 2.43772298e-01 1.70496732e-01 8.18345249e-02
    4.78436559e-01 1.75264388e-01 2.81851947e-01 4.53440845e-02
    1.17839694e-01 2.81596929e-01 5.51245034e-01 4.72834080e-01
    5.20479739e-01 1.94431841e-02 6.96469963e-01 5.31454444e-01
    7.75250256e-01 4.62065488e-01 2.57259309e-02 3.00554425e-01
    1.20312750e-01 6.96085989e-01 4.65893388e-01 5.40240586e-01
    1.64051592e-01 5.64442396e-01 8.13099265e-01 7.88736045e-02
    8.33682179e-01 3.62980068e-01 1.86696827e-01 7.65878201e-01
    3.12933803e-01 2.23647684e-01 5.68226218e-01 5.98558664e-01
    8.86898398e-01 1.97035789e-01 9.45814431e-01 1.33005977e-02
    5.46660125e-02 6.47770286e-01 7.10453987e-01 6.32755458e-01
    3.46130490e-01 2.18205303e-01 1.63700342e-01 7.22417355e-01
    3.93418849e-01 2.16502428e-01 5.63639462e-01 2.81939417e-01
    1.75254405e-01 2.52744257e-01 4.54024017e-01 2.04539120e-01
    9.45439160e-01 7.34980583e-01 5.16861439e-01 4.76749241e-01
    8.77588749e-01 5.36115348e-01 8.84137034e-01 1.55512244e-01
    8.86900187e-01 4.54767346e-02 8.39598119e-01 4.73301113e-02
    4.31541383e-01 2.82065094e-01 1.22227788e-01 9.77446556e-01
    9.85813737e-01 1.22224092e-02 9.86192226e-01 7.27149606e-01
    6.89765275e-01 2.76251793e-01 3.96377265e-01 8.93263280e-01
    9.23919201e-01 2.33904511e-01 6.64568007e-01 8.49920630e-01
    3.15700769e-01 5.31368136e-01 6.90988362e-01 2.44468451e-01
    3.32125843e-01 2.50390977e-01 5.77358186e-01 7.82339096e-01
    4.71372008e-01 9.38196957e-01 5.77968657e-01 8.13723922e-01
    7.51776755e-01 9.78295326e-01 1.14905834e-03 5.66229701e-01
    9.70244765e-01 1.17031574e-01 4.85472023e-01 9.60752249e-01
    9.93961871e-01 2.44871229e-01 5.73553145e-01 2.33057737e-01
    9.67790365e-01 2.16141135e-01 3.83578300e-01 7.08235502e-02
    1.46057159e-01 4.91482943e-01 5.37360966e-01 8.36507559e-01
    7.70101845e-02 6.20266557e-01 1.27213657e-01 6.18070066e-02
    7.72384048e-01 2.12649316e-01 6.62176132e-01 2.93942153e-01
    9.67183709e-03 5.94919920e-01 8.28493714e-01 1.34324849e-01
    7.49944329e-01 1.69044912e-01 3.85304451e-01 3.29191625e-01
    4.40862775e-02 5.33521354e-01 2.17567384e-01 8.38458657e-01
    5.95985949e-01 5.34866214e-01 3.39803070e-01 1.23555213e-01
    1.36802644e-01 7.94152856e-01 8.43661308e-01 8.93833339e-02
    7.74019957e-01 3.08119833e-01 3.86167884e-01 2.70930409e-01
    4.87037927e-01 7.59695590e-01 5.58403075e-01 6.74108982e-01
    9.01189089e-01 1.81721300e-01 5.19796848e-01 1.70646757e-01
    5.77283204e-02 7.87382960e-01 7.01411664e-02 2.85752416e-01
    2.46828198e-02 9.80103612e-01 2.62010843e-01 6.24051690e-02
    4.55650389e-02 8.06262910e-01 7.94656754e-01 5.68878233e-01
    8.26135516e-01 7.43723691e-01 7.01697230e-01 6.07282996e-01
    1.05303198e-01 5.72534621e-01 1.12899333e-01 5.98956823e-01
    1.71985418e-01 2.76790708e-01 8.86456132e-01 3.54670644e-01
    5.76320291e-01 4.59316254e-01 9.03009653e-01 2.74429321e-01
    1.66161507e-01 5.77037990e-01 1.74441427e-01 7.56933033e-01
    1.87066197e-02 9.65696692e-01 2.10277110e-01 5.41893542e-02
    9.84129727e-01 5.32479286e-01 6.76147223e-01 4.90280807e-01
    6.53261781e-01 2.00406700e-01 9.87163782e-01 1.12845957e-01
    5.43327749e-01 6.06655180e-02 2.63575047e-01 4.30662930e-01
    4.09565717e-01 9.63495970e-01 1.54010028e-01 5.75225830e-01
    9.25375879e-01 7.79204845e-01 6.61800802e-01 1.31114215e-01
    7.98367500e-01 1.08437240e-01 2.52916038e-01 8.33325267e-01
    9.96349275e-01 9.62495148e-01 6.82417750e-02 5.15300989e-01
    4.66946602e-01 7.27714777e-01 6.44757986e-01 1.76553905e-01
    4.33806092e-01 4.93179202e-01 7.36567497e-01 5.57850003e-01
    9.44171309e-01 6.96983874e-01 6.42258883e-01 7.14474976e-01
    6.57744110e-02 9.39762354e-01 6.14915192e-02 8.96392167e-01
    5.55297494e-01 2.96684533e-01 4.83068109e-01 5.84730327e-01
    6.29858971e-01 7.37748742e-01 2.41753280e-01 8.65053058e-01
    6.41852260e-01 1.45677090e-01 1.01304203e-01 2.98377931e-01
    1.73905492e-02 3.73760045e-01 9.15791988e-01 3.25398415e-01
    7.09924340e-01 2.86784649e-01 7.58744001e-01 4.70724732e-01
    1.70317531e-01 1.81747049e-01 1.10182047e-01 7.66195893e-01
    5.84872067e-01 9.20334101e-01 8.10318470e-01 5.11150360e-01
    8.48667562e-01 1.00168288e-01 9.73220766e-01 9.96989548e-01
    5.37589967e-01 5.36141038e-01 7.28420198e-01 3.00331831e-01
    6.05506063e-01 2.39975661e-01 8.04914117e-01 2.95129955e-01
    9.07049060e-01 5.44030845e-01 6.69179380e-01 5.23040891e-02
    4.43128705e-01 1.61912590e-01 7.93985307e-01 1.85565174e-01
    8.81395161e-01 9.22561646e-01 1.92306429e-01 3.48990858e-02
    3.52408618e-01 3.49389613e-01 9.48269069e-01 6.66031599e-01
    5.72109103e-01 9.15948987e-01 9.50148463e-01 3.27826500e-01
    2.12764025e-01 3.51158619e-01 3.29897940e-01 3.13523769e-01
    2.92665124e-01 6.47668362e-01 6.29605532e-01 1.65497154e-01
    2.98202366e-01 6.13718331e-02 2.22549438e-02 2.81410754e-01
    8.51795673e-01 2.84872413e-01 9.59913850e-01 8.64848256e-01
    2.05074251e-02 7.76154160e-01 6.25361562e-01 3.54913205e-01
    9.19923782e-01 7.07294047e-02 4.22702551e-01 5.03403187e-01
    6.18961453e-01 6.53251410e-01 7.28454649e-01 5.26894867e-01
    2.53026575e-01 3.63290697e-01 5.93614995e-01 9.33256388e-01
    5.09552717e-01 4.67865229e-01 4.14199352e-01 5.02806306e-01
    1.54482365e-01 4.86021101e-01 3.26357871e-01 5.95964313e-01
    1.57670557e-01 1.73302859e-01 9.63595092e-01 3.60185534e-01
    2.66327798e-01 1.65428549e-01 2.84384698e-01 3.29265237e-01
    3.75630200e-01 2.23054528e-01 3.74888003e-01 2.16234475e-01
    5.88290513e-01 1.47509784e-01 9.80901480e-01 6.62435293e-01
    1.96664333e-02 9.67317939e-01 1.30860060e-01 8.21864486e-01
    8.49337459e-01 1.73122257e-01 1.18055940e-01 7.45937824e-01
    7.38224387e-03 9.04125988e-01 4.69851285e-01 9.07454967e-01
    4.18756008e-01 5.91942847e-01 9.76413488e-03 7.24813342e-01
    2.24976122e-01 2.80951679e-01 7.51330495e-01 3.73401344e-01
    6.63286626e-01 8.24220061e-01 8.91593218e-01 5.45180440e-01
    2.74410874e-01 8.52320611e-01 8.50998163e-02 3.75639379e-01
    2.79351771e-02 3.01807910e-01 3.15459132e-01 1.79706007e-01
    9.99932349e-01 9.46457088e-01 7.41841316e-01 4.19921756e-01
    7.86444783e-01 7.82749057e-01 1.29718035e-01 2.88803011e-01
    1.14286631e-01 3.89970422e-01 4.77939248e-02 9.44217801e-01
    3.94145072e-01 6.74614608e-02 8.10219049e-02 9.28092599e-01
    7.36641288e-01 8.44312727e-01 2.30755419e-01 4.79182929e-01
    8.89627457e-01 9.80817974e-01 8.54254544e-01 8.34060073e-01
    3.50317925e-01 4.97285753e-01 7.70491123e-01 2.55655050e-01
    9.10606265e-01 6.29361928e-01 5.40176034e-03 2.58143902e-01
    4.96099502e-01 9.06969547e-01 9.87753868e-02 4.46474999e-01
    7.87405908e-01 6.23613477e-01 3.95397007e-01 3.90709698e-01
    4.22681093e-01 3.72409999e-01 3.90771925e-01 8.42080593e-01
    8.50453973e-01 2.41208971e-02 7.76308417e-01 3.96228284e-01
    3.67764831e-01 7.37009406e-01 8.12720060e-01 3.42806578e-01
    8.81121457e-02 7.67965198e-01 1.43763721e-02 8.71282816e-01
    7.46624947e-01 8.25021267e-01 3.42935562e-01 8.56622100e-01
    5.71946502e-01 7.24600673e-01 3.80187303e-01 1.26981974e-01
    2.36412793e-01 9.36393261e-01 2.39793718e-01 8.12613964e-03
    2.23130435e-01 5.25134146e-01 5.80626428e-02 6.73509896e-01
    4.08713877e-01 8.55442882e-01 3.51525187e-01 5.70906937e-01
    6.14160895e-02 3.16421092e-01 6.48798704e-01 3.84634346e-01
    5.20879805e-01 8.86058748e-01 7.18878031e-01 3.44633400e-01
    7.19253063e-01 9.92313325e-01 8.13096762e-01 1.83891505e-01
    1.57152802e-01 7.10907817e-01 5.48349261e-01 9.87220407e-02
    5.22552788e-01 5.45555353e-02 8.40399146e-01 1.16149187e-02
    3.75829339e-01 5.57559609e-01 9.60802019e-01 3.29488516e-01
    7.52422810e-02 5.54306567e-01 5.55702686e-01 9.45930719e-01
    7.16623962e-02 4.82338041e-01 5.77762246e-01 4.63433504e-01
    7.67878652e-01 2.46258229e-01 1.83780223e-01 2.98725128e-01
    4.24576163e-01 6.07893705e-01 4.19911146e-02 7.27478325e-01
    1.04233921e-01 2.93939263e-01 7.34333456e-01 4.87894863e-01
    3.60110402e-01 1.13335252e-03 1.15865052e-01 4.84547138e-01
    9.92488742e-01 1.57042742e-02 2.44707167e-02 6.15293384e-01
    9.74216580e-01 8.69959235e-01 1.23264551e-01 7.80659795e-01
    2.53646553e-01 8.30831945e-01 6.72641277e-01 4.77798939e-01
    8.41304719e-01 8.91283751e-01 4.80620295e-01 6.14092708e-01
    4.47463453e-01 5.03972113e-01 3.65485311e-01 1.62615865e-01
    9.37811613e-01 1.47059232e-01 3.10505331e-01 6.36796474e-01
    3.50998878e-01 1.30165249e-01 9.24069345e-01 9.37612057e-01
    8.42125833e-01 6.17067099e-01 9.02174234e-01 6.01185322e-01
    8.80365491e-01 3.71760786e-01 7.39608169e-01 7.57848859e-01
    3.81792784e-01 2.50244260e-01 6.92322791e-01 3.80119562e-01
    1.46211535e-01 7.24881470e-01 8.24677587e-01 4.14961278e-01
    1.66128278e-01 8.83521676e-01 4.93443757e-01 1.65606439e-02
    3.68283093e-01 1.94713175e-02 7.82487631e-01 2.66118795e-01
    1.98717803e-01 6.02561474e-01 7.19305873e-01 6.76321447e-01
    1.50891989e-01 3.73110473e-01 4.94247556e-01 4.76578295e-01
    2.69706935e-01 4.42479730e-01 9.35720623e-01 5.82306385e-01
    7.78210461e-01 3.53105307e-01 2.61404037e-01 1.65610105e-01
    7.88500547e-01 4.37558293e-02 6.81615710e-01 6.01889610e-01
    6.26026690e-02 5.71276546e-01 7.82622695e-01 6.33140445e-01
    3.94430131e-01 5.73161602e-01 7.66877353e-01 1.10049814e-01
    1.12837821e-01 1.51607394e-02 3.82902801e-01 7.05610991e-01
    7.66554236e-01 3.67646515e-01 2.96099424e-01 7.48182833e-01
    8.26072693e-01 4.56771582e-01 5.44061720e-01 1.30519986e-01
    3.66844833e-01 6.36129141e-01 1.88144833e-01 2.22001046e-01
    2.93449908e-01 1.17620826e-02 3.64469290e-01 4.38356310e-01
    3.25049102e-01 8.86833072e-01 1.43469870e-02 5.55912614e-01
    9.26692784e-02 4.66902375e-01 9.88672972e-01 7.32353806e-01
    5.17078876e-01 6.55545294e-02 8.16144943e-01 6.82703853e-01
    3.51934463e-01 4.92718548e-01 5.87952316e-01 1.41649634e-01
    9.59517181e-01 9.76814091e-01 7.29322076e-01 5.08276880e-01
    9.51359510e-01 4.14118767e-02 5.92551649e-01 7.75826812e-01
    4.52068418e-01 9.16643918e-01 5.41583598e-01 9.04916227e-02
    7.51326561e-01 6.03851020e-01 3.85447443e-02 2.30690330e-01
    3.73090565e-01 6.89873934e-01 3.46382946e-01 9.42527056e-01
    4.82611835e-01 3.70371968e-01 3.67496252e-01 9.11774516e-01
    3.80832255e-02 9.30359721e-01 1.07628584e-01 8.20839405e-01
    1.82822824e-01 3.98309439e-01 2.58766472e-01 6.83682144e-01
    8.47267747e-01 1.15434498e-01 9.73515272e-01 6.72864914e-01
    2.04699755e-01 5.42549491e-01 7.95104802e-02 2.92290092e-01
    4.27725494e-01 8.20058227e-01 5.62233090e-01 5.98426223e-01
    1.30150169e-01 1.84833258e-01 6.53353095e-01 2.08073497e-01
    6.34926558e-03 7.50543952e-01 8.60723853e-01 3.94160897e-01
    6.03815436e-01 3.57890546e-01 6.54640555e-01 7.34007657e-01
    2.15612888e-01 7.57862568e-01 3.27838361e-02 2.30245292e-01
    3.23531985e-01 8.18443894e-01 3.31630409e-01 7.11166978e-01
    3.92780930e-01 4.24086303e-01 3.01441431e-01 9.05031562e-02
    7.31509805e-01 6.54642582e-01 6.33341432e-01 2.52165794e-01
    2.54100114e-01 6.18410528e-01 1.31238550e-01 6.84877574e-01
    9.28394198e-01 5.63393652e-01 1.84506834e-01 6.39584839e-01
    4.93964523e-01 4.07428205e-01 5.35261929e-02 1.76255703e-02
    1.70827359e-01 4.79365289e-01 2.55773485e-01 4.65279043e-01
    9.58695173e-01 2.47966349e-02 7.96408534e-01 7.09720790e-01
    6.56428695e-01 8.60107064e-01 7.19973207e-01 8.10444474e-01
    3.00849169e-01 6.51886940e-01 8.20934772e-04 2.13982075e-01
    8.75161171e-01 8.61201167e-01 6.39737010e-01 1.17644966e-02
    1.23282939e-01 4.57720280e-01 5.04272699e-01 3.17817569e-01
    4.57926810e-01 2.78059185e-01 8.40703130e-01 9.83394861e-01
    1.20641142e-01 7.18838155e-01 1.31694347e-01 3.07620734e-01
    6.86707556e-01 3.71269763e-01 8.11050653e-01 9.92008746e-02
    7.60380566e-01 3.55754018e-01 6.48714662e-01 9.35044765e-01
    9.74933743e-01 9.98251319e-01 5.43689549e-01 7.89218903e-01
    9.06828165e-01 6.13135815e-01 4.17629302e-01 6.77779317e-01
    6.02255821e-01 1.20194852e-02 2.79080838e-01 6.62918389e-01
    7.86344647e-01 9.26923275e-01 7.18671501e-01 4.29045647e-01
    3.10785025e-01 9.48629081e-01 7.37964749e-01 8.98879051e-01
    5.16477466e-01 7.13902831e-01 7.02546299e-01 5.60362041e-01
    2.82377064e-01 9.09380198e-01 2.71042407e-01 8.79408121e-01
    6.91545248e-01 1.96762204e-01 3.41766477e-01 5.12270391e-01
    7.13261187e-01 1.98719591e-01 1.91099167e-01 5.82919002e-01
    3.96225870e-01 3.02309036e-01 6.21993840e-01 9.04655099e-01
    6.02229118e-01 4.25463378e-01 1.36063278e-01 3.38672698e-01
    4.56407458e-01 9.67490792e-01 6.64668024e-01 2.84019589e-01
    7.75476396e-02 4.34325755e-01 8.09961379e-01 9.40667510e-01
    4.90870804e-01 7.67631531e-01 7.00003624e-01 5.18072426e-01
    3.91647786e-01 2.61757582e-01 7.51378894e-01 6.79227054e-01
    5.79630435e-01 5.77073455e-01 8.39778662e-01 6.16165400e-01
    4.65080708e-01 9.49074447e-01 5.36985397e-01 3.62944603e-01
    4.82513756e-01 1.02491796e-01 5.73917210e-01 1.61959708e-01
    1.39067084e-01 8.94491792e-01 6.96297348e-01 7.39981294e-01
    8.95945549e-01 5.73039949e-02 1.25409901e-01 1.29677355e-01
    2.66636372e-01 2.17437536e-01 3.85552049e-01 9.89717245e-01
    8.16276670e-01 9.96499479e-01 3.22765112e-02 7.58670926e-01
    5.38436294e-01 7.14175403e-01 3.80736977e-01 8.93263817e-01
    8.65987778e-01 9.71782506e-01 9.69883084e-01 3.75143528e-01
    6.64531469e-01 7.20513582e-01 6.78624272e-01 8.53119850e-01
    9.99276042e-02 6.64160252e-01 5.19313157e-01 8.12455118e-02
    8.61947417e-01 9.66870487e-02 9.49824810e-01 3.36561024e-01
    3.98944825e-01 2.82022655e-02 1.76039517e-01 3.73497009e-02
    5.20630598e-01 7.11278439e-01 8.67886066e-01 8.54052544e-01
    4.66847390e-01 3.42368722e-01 6.97221577e-01 1.43224269e-01
    9.90645647e-01 2.43953913e-01 5.37567437e-01 6.35191321e-01
    9.33507502e-01 7.43214428e-01 6.01429701e-01 4.79950249e-01
    5.49346209e-01 7.40717292e-01 2.12520748e-01 5.15270054e-01
    1.61780208e-01 1.77577972e-01 3.74307632e-02 6.58552766e-01
    1.91192925e-01 5.71336746e-01 8.65867853e-01 5.12034237e-01
    2.41566032e-01 6.77177310e-02 7.21927106e-01 6.60651267e-01
    6.76013052e-01 6.21189535e-01 9.32879329e-01 4.31542099e-01
    4.45835531e-01 2.56256938e-01 3.04406822e-01 5.79654217e-01
    2.48244196e-01 5.86394191e-01 1.11076355e-01 6.46792829e-01
    7.75172770e-01 8.99434566e-01 1.75620407e-01 9.37391818e-01
    1.87712729e-01 4.10422236e-01 9.62680697e-01 1.13956809e-01
    6.77762985e-01 5.53531408e-01 4.29733098e-01 1.13834798e-01
    6.78985715e-01 2.29859531e-01 1.17045522e-01 4.93086725e-01
    9.37851429e-01 3.54168117e-01 5.81493497e-01 7.69413292e-01
    3.54290634e-01 3.40549082e-01 4.87011969e-01 7.52313018e-01
    2.15282798e-01 6.91392779e-01 1.81916296e-01 2.96102822e-01
    3.17498744e-01 1.52878940e-01 8.47856104e-01 1.61564887e-01
    9.64583039e-01 4.03788477e-01 3.95510077e-01 6.11617267e-01
    2.93724746e-01 3.08058143e-01 3.77400100e-01 6.95474446e-02
    7.37379372e-01 2.56812334e-01 5.56213558e-01 3.31848800e-01
    6.21575952e-01 2.47427702e-01 6.30056322e-01 8.69981408e-01
    3.79091531e-01 1.46180362e-01 3.18003476e-01 6.02547526e-01
    7.71138966e-02 8.30352783e-01 1.91503078e-01 9.08781052e-01
    9.58311677e-01 7.29245067e-01 7.67750919e-01 5.23184299e-01
    8.33675027e-01 6.26330137e-01 6.23991847e-01 1.84934735e-01
    4.35428977e-01 9.22592282e-01 6.98358536e-01 3.43976200e-01
    9.10493731e-01 1.20375931e-01 1.72777891e-01 4.19903338e-01
    5.42315006e-01 8.77149463e-01 4.54277486e-01 5.67789674e-01
    8.46621156e-01 5.59751630e-01 3.36904764e-01 6.87982440e-01
    8.44243884e-01 7.73673356e-02 1.85209662e-01 5.89587927e-01
    9.76317525e-01 2.68790752e-01 3.85494649e-01 8.69145930e-01
    4.34178025e-01 3.42253298e-01 9.64541554e-01 8.17314804e-01
    5.38732409e-01 4.15602088e-01 5.56055009e-01 3.70759606e-01
    7.37612784e-01 6.86093569e-01 8.77708912e-01 5.51345408e-01
    4.46008146e-02 4.70695436e-01 6.57492876e-01 9.43426847e-01
    5.69639802e-01 9.19209659e-01 7.56807923e-01 2.92645812e-01
    9.74650800e-01 7.52937198e-01 6.61247551e-01 3.53824854e-01
    3.86548579e-01 2.23747820e-01 5.84336460e-01 8.40713859e-01
    1.51451230e-01 4.45192933e-01 6.45688355e-01 9.80484009e-01
    2.85741568e-01 5.41861832e-01 5.50788343e-02 7.68157244e-01
    8.85339856e-01 2.33780354e-01 4.11770552e-01 8.67313325e-01
    9.91712689e-01 8.40761423e-01 6.24453425e-01 6.36422217e-01
    5.15891194e-01 1.06459498e-01 6.84471965e-01 2.56066501e-01
    3.78051996e-01 1.06263638e-01 8.59654665e-01 9.62969959e-01
    4.79981810e-01 4.90624487e-01 3.34968477e-01 6.55476153e-01
    6.71817303e-01 5.08217394e-01 2.09131241e-01 5.89457393e-01
    5.05047739e-01 7.79727340e-01 3.66326243e-01 2.51213729e-01
    2.45980054e-01 7.15372324e-01 3.15699518e-01 4.16508764e-01
    9.34132934e-01 4.09805238e-01 3.92378271e-01 4.06886756e-01
    3.78392875e-01 3.35600883e-01 7.26182640e-01 8.00783932e-01
    1.71529263e-01 4.90466505e-01 5.77197194e-01 3.84209126e-01
    4.92527634e-01 7.82805324e-01 6.69786632e-02 9.47867036e-01
    9.05003190e-01 1.73498750e-01 4.41349864e-01 3.94769073e-01
    2.71687865e-01 6.33993864e-01 9.27180111e-01 5.94253182e-01
    5.88445783e-01 2.55144060e-01 8.65952730e-01 6.67659044e-02
    7.80614257e-01 2.07022369e-01 8.26822162e-01 1.34478927e-01
    1.78048015e-02 2.79983073e-01 5.99133074e-02 3.83610517e-01
    4.14696723e-01 8.66242468e-01 7.37043381e-01 5.52064240e-01
    9.96475458e-01 5.65969050e-01 7.67907858e-01 5.52994490e-01
    6.67653859e-01 1.64991528e-01 4.16978002e-01 6.05846524e-01
    5.52192867e-01 6.53007030e-01 6.01806521e-01 8.88561606e-02
    2.95205891e-01 5.07984817e-01 2.64051914e-01 8.56914997e-01
    7.46405482e-01 4.63381767e-01 3.75701249e-01 7.11544514e-01
    6.82007968e-02 2.58186460e-01 7.99848914e-01 2.33769715e-01
    4.63157058e-01 1.95219696e-01 2.60526776e-01 6.74451590e-02
    1.88443363e-02 3.89030546e-01 1.40755385e-01 2.51472086e-01
    3.90093625e-01 5.23376822e-01 6.89743817e-01 1.22558832e-01
    4.78577703e-01 3.60950708e-01 5.76833010e-01 2.73144513e-01
    5.45883179e-02 6.00246072e-01 8.14197481e-01 9.31598783e-01
    5.02913952e-01 4.94332582e-01 7.79984593e-01 2.87507713e-01
    7.05559552e-01 8.24784338e-02 4.48450893e-01 2.71910608e-01
    3.17583710e-01 1.18577868e-01 5.56389570e-01 4.37166810e-01
    4.53191936e-01 7.26532996e-01 4.87551212e-01 9.37527657e-01
    4.50808048e-01 5.86234033e-01 6.00621283e-01 3.05833399e-01
    7.90693760e-01 9.88162994e-01 1.14958107e-01 7.33107686e-01
    4.23203111e-02 3.80178392e-02 5.55435479e-01 7.95606852e-01
    3.54776353e-01 1.89667046e-01 2.25564361e-01 8.89561832e-01
    3.67413402e-01 3.35855067e-01 1.43056989e-01 3.90449166e-02
    8.94702494e-01 4.89183217e-01 7.07610548e-01 4.86063480e-01
    9.28991437e-02 5.28647184e-01 6.38000011e-01 2.00008065e-01
    8.38268638e-01 4.92881835e-01 2.82515377e-01 2.29570717e-01
    2.34595150e-01 1.10452592e-01 4.52787071e-01 9.78274703e-01
    9.97931063e-02 2.77566195e-01 7.35772014e-01 9.30012167e-01
    6.99475050e-01 7.01380610e-01 2.54507750e-01 5.15233815e-01
    2.96618462e-01 8.51645887e-01 7.33225405e-01 8.68691325e-01
    6.56369865e-01 7.48625278e-01 3.60412180e-01 3.32153678e-01
    3.88686925e-01 3.28975320e-02 8.72060955e-02 4.83095646e-02
    8.33933890e-01 7.25515723e-01 8.91289532e-01 3.54400963e-01
    7.45911956e-01 3.53391349e-01 5.46213984e-01 7.68378615e-01
    8.12361181e-01 6.12033606e-02 1.51267081e-01 9.25056934e-01
    6.18278861e-01 5.21014452e-01 8.47926259e-01 8.88363957e-01
    9.47443128e-01 9.74586368e-01 5.14289558e-01 1.33521378e-01
    8.49438906e-01 2.35443532e-01 6.94675267e-01 9.60370600e-01
    8.41461420e-01 1.31668925e-01 5.18181145e-01 1.12595558e-01
    8.38850975e-01 3.86169016e-01 8.22526813e-01 9.37540829e-01
    1.61222994e-01 4.26740289e-01 3.62917364e-01 7.38284290e-01
    3.16500992e-01 7.66052485e-01 5.61534166e-01 1.90120518e-01
    8.28445256e-02 7.67937958e-01 7.88558364e-01 1.32428765e-01
    7.85578310e-01 7.32403696e-02 3.90433013e-01 3.28587294e-02
    1.40996486e-01 8.94136906e-01 6.06274605e-01 6.48215353e-01
    9.31947351e-01 5.45776427e-01 2.63006628e-01 7.38790274e-01
    7.45832920e-01 6.43549681e-01 5.61881244e-01 3.31290722e-01
    1.51027679e-01 1.40616298e-02 7.04823434e-01 5.63538015e-01
    7.28835702e-01 5.32532215e-01 8.91467631e-02 8.50000978e-01
    8.03747892e-01 9.75368977e-01 1.21316642e-01 5.46259463e-01
    5.85048676e-01 6.94351256e-01 2.87174165e-01 8.44099879e-01
    8.05537879e-01 8.83898079e-01 2.83274025e-01 7.61361718e-01
    6.59757614e-01 5.52689016e-01 4.04962480e-01 3.72600138e-01
    9.58883405e-01 1.71564043e-01 9.99477029e-01 6.02017164e-01
    3.38985503e-01 9.15822148e-01 8.21384311e-01 2.73880661e-02
    9.07504439e-01 2.31272072e-01 6.89459383e-01 4.80380803e-01
    9.35302377e-01 7.22773731e-01 9.34473038e-01 2.25859582e-02
    1.98870003e-02 5.18173993e-01 8.04406762e-01 6.49939418e-01
    3.68267477e-01 1.86463237e-01 5.26938617e-01 2.54174650e-01
    3.03560913e-01 2.97413528e-01 8.42035174e-01 1.76454663e-01
    5.75487912e-01 4.81808990e-01 4.44446355e-01 4.69574928e-01
    5.91348410e-01 9.69265223e-01 3.58758777e-01 3.21468353e-01
    7.86550641e-01 3.72463584e-01 6.86097443e-02 5.33731520e-01
    8.08595061e-01 3.70788187e-01 5.87287545e-01 9.09183145e-01
    8.31951618e-01 7.76924014e-01 6.57669187e-01 5.61684310e-01
    9.57350016e-01 1.39123321e-01 8.86736870e-01 8.66525412e-01
    1.22656971e-01 4.22431052e-01 1.99665546e-01 9.48318601e-01
    3.41801882e-01 4.68495786e-01 8.84245932e-02 4.70604002e-02
    9.56865072e-01 2.14923829e-01 8.38919997e-01 8.14933896e-01
    2.57829428e-01 9.14643884e-01 6.36812031e-01 9.21125174e-01
    2.54157603e-01 2.08684206e-02 2.57008612e-01 4.06250894e-01
    8.29629779e-01 1.53281718e-01 2.15654075e-02 3.16547632e-01
    3.98632646e-01 7.22874999e-01 6.99212849e-01 6.50999069e-01
    4.62564021e-01 9.02789414e-01 5.85869193e-01 9.34110045e-01
    2.45457172e-01 6.88317657e-01 5.32164574e-01 7.01293230e-01
    8.96078765e-01 3.89275461e-01 4.61464047e-01 6.48438215e-01
    6.13434196e-01 4.35930163e-01 8.70899558e-01 4.19541836e-01
    5.87359786e-01 8.75321746e-01 5.90712726e-02 1.37747705e-01
    3.30002546e-01 1.80203319e-02 1.73872530e-01 1.00658417e-01
    6.77992940e-01 7.13753760e-01 6.57044530e-01 5.72948754e-02
    4.02524352e-01 8.21710885e-01 9.71540272e-01 7.22265840e-01
    9.54105854e-02 3.50683570e-01 5.91870606e-01 2.71161079e-01
    9.76292491e-01 5.78255117e-01 8.72419536e-01 2.49277741e-01
    2.81177104e-01 8.85771036e-01 7.79115975e-01 9.28247571e-01
    1.23938054e-01 2.56489664e-01 7.65179873e-01 8.64120841e-01
    3.92438531e-01 9.04187799e-01 5.82653284e-01 8.37482810e-01
    2.84644634e-01 4.53114510e-01 5.78388512e-01 6.57080889e-01
    1.76369965e-01 9.74104524e-01 7.65962303e-01 9.34967697e-01
    7.86666870e-01 7.43849039e-01 3.43045771e-01 2.65043974e-01
    9.57830131e-01 6.65383339e-02 3.31583887e-01 4.85428423e-01
    6.20479822e-01 6.05914593e-01 4.81449276e-01 1.18750900e-01
    8.44284713e-01 6.18632436e-01 2.32676148e-01 6.62146568e-01
    7.14614511e-01 9.08646762e-01 8.20233464e-01 1.07654572e-01
    9.44403112e-02 8.74980450e-01 6.40957236e-01 8.43247652e-01
    3.80665004e-01 2.76357472e-01 3.12221974e-01 5.75896502e-01
    8.87613654e-01 8.61284256e-01 9.66552615e-01 2.45651752e-01
    4.50816840e-01 9.21567202e-01 1.20673180e-02 3.53609204e-01
    4.96964991e-01 3.49458516e-01 3.48735929e-01 1.88531429e-01
    2.10613698e-01 9.20814753e-01 2.81915694e-01 9.14939165e-01
    8.05971742e-01 3.64664018e-01 8.29776049e-01 9.10559654e-01
    1.52587295e-02 6.42990828e-01 7.08954871e-01 7.55562425e-01
    5.55337310e-01 7.15657830e-01 8.54120433e-01 7.98198700e-01
    5.63337505e-01 2.36999363e-01 8.28027129e-01 2.63690710e-01
    6.23944223e-01 6.32847786e-01 3.46755564e-01 3.34764004e-01
    7.13451266e-01 7.29006290e-01 6.21472001e-01 9.58907604e-01
    4.31050777e-01 8.85295153e-01 5.04650056e-01 2.27968842e-01
    6.43913865e-01 6.54833317e-01 7.63158619e-01 2.38931477e-02
    3.52154195e-01 8.93164277e-01 9.72580075e-01 2.58854449e-01
    8.59577596e-01 1.96641862e-01 1.97275162e-01 7.81139612e-01
    3.61693323e-01 1.13616616e-01 3.45876157e-01 7.88717031e-01
    3.95997524e-01 8.39072466e-01 5.15441597e-01 7.22872317e-02
    7.06409991e-01 7.02768326e-01 5.48958778e-05 6.20338380e-01
    1.17752045e-01 3.43067586e-01 7.97467709e-01 8.05852711e-01
    3.24715853e-01 2.47896165e-01 8.48327279e-01 8.45510840e-01
    1.75942481e-01 8.79101276e-01 2.31119484e-01 1.57932132e-01
    3.12101573e-01 8.44116032e-01 2.36155450e-01 9.31147575e-01
    6.32680535e-01 8.34838152e-01 6.14947915e-01 9.10198092e-01
    6.24567568e-01 5.61099291e-01 7.70017147e-01 3.45864892e-03
    4.71974969e-01 8.31606269e-01 7.64739394e-01 6.81019068e-01
    9.59696531e-01 2.98927277e-01 5.37565470e-01 6.96561575e-01
    8.11360002e-01 7.86576390e-01 8.78105700e-01 7.61762261e-02
    8.40143383e-01 4.39207733e-01 2.12261617e-01 2.75775939e-01
    7.22841024e-01 3.25450361e-01 3.79993320e-02 1.92247570e-01
    5.77706993e-01 8.34020853e-01 1.33416057e-02 9.35081124e-01
    7.33612955e-01 8.77757788e-01 8.72421205e-01 5.92445135e-01
    9.90465164e-01 1.08755559e-01 3.81177545e-01 1.44506663e-01
    5.77689409e-02 1.42093211e-01 8.79952908e-01 5.54092705e-01
    8.39913130e-01 8.03018391e-01 2.54524946e-01 7.13380098e-01
    9.50969696e-01 5.37760496e-01 8.85316014e-01 2.70534277e-01
    5.97773612e-01 6.34806573e-01 5.76027870e-01 1.33754462e-01
    9.87498879e-01 4.20449585e-01 5.09411991e-01 3.16032648e-01
    7.74774313e-01 1.27512425e-01 8.79307687e-02 7.02934623e-01
    9.17336106e-01 4.32636648e-01 1.73145175e-01 8.58185768e-01
    8.92279983e-01 4.46912289e-01 5.05727172e-01 3.12782824e-02
    6.10105932e-01 5.80155969e-01 2.49355882e-01 3.35329592e-01
    9.30545509e-01 8.79728556e-01 6.06788814e-01 5.98484039e-01
    5.28531432e-01 1.58966750e-01 1.34501219e-01 8.82915020e-01
    7.06161499e-01 7.69502223e-01 4.77833778e-01 2.37043858e-01
    9.76564109e-01 8.18432808e-01 7.87228525e-01 5.66837847e-01
    6.51645184e-01 2.51567543e-01 5.16381800e-01 2.55596161e-01
    5.94326854e-02 8.57882977e-01 2.89239705e-01 3.81374389e-01
    2.46237725e-01 2.68142879e-01 3.05126309e-02 3.44160914e-01
    9.24440801e-01 4.91821557e-01 6.02207184e-01 7.56425738e-01
    6.08734727e-01 8.58552158e-01 9.82351303e-01 2.76839018e-01
    1.73074484e-01 8.65251601e-01 6.21276379e-01 8.76822948e-01
    5.08226097e-01 1.95528030e-01 7.10479081e-01 7.11783409e-01
    3.07016850e-01 8.20544124e-01 1.33511364e-01 3.67088199e-01
    2.44709790e-01 1.76865965e-01 5.94320178e-01 9.56855655e-01
    9.62479711e-01 9.65498328e-01 3.07454467e-01 5.89896739e-01
    3.03590596e-01 2.61349380e-01 4.89803463e-01 3.06653678e-01
    2.82673895e-01 8.57217491e-01 5.09077311e-01 8.60980272e-01
    7.19964504e-01 1.75773740e-01 6.36283636e-01 7.64649391e-01
    1.58545375e-01 3.73066843e-01 6.19563103e-01 6.08460307e-01
    5.98484635e-01 3.73602450e-01 5.68160415e-01 1.74774498e-01
    8.17781448e-01 5.13756335e-01 5.72991252e-01 3.81014168e-01
    9.18363333e-02 5.95274746e-01 8.12356532e-01 2.78661937e-01
    3.32550228e-01 8.06281149e-01 8.30011070e-02 2.47644722e-01
    7.89554596e-01 7.98475027e-01 1.51080728e-01 5.02407432e-01
    2.88288176e-01 9.99774218e-01 3.66481543e-02 4.04648393e-01
    3.90362382e-01 2.91147828e-03 4.24006373e-01 8.24553132e-01
    2.17547864e-01 3.32878649e-01 1.94307268e-02 3.10202301e-01
    9.32982922e-01 3.50279450e-01 9.66502428e-02 4.06170964e-01
    6.34532273e-01 9.65412855e-02 3.33150625e-01 5.73470831e-01
    9.83864903e-01 8.36322427e-01 6.97240651e-01 9.74033773e-02
    5.06589115e-01 6.27690554e-03 2.03324944e-01 9.75790918e-02
    6.04345143e-01 9.25961554e-01 1.07618421e-01 7.52009571e-01
    4.07619834e-01 3.54390919e-01 4.04038370e-01 5.24223387e-01
    5.86011171e-01 6.36586070e-01 9.01734829e-01 7.33215868e-01
    8.75841975e-01 1.45241112e-01 3.42146397e-01 3.02687496e-01
    6.47772014e-01 7.66779482e-01 6.92882836e-02 8.63688588e-01
    5.74269772e-01 5.72325110e-01 9.33380246e-01 5.92742920e-01
    2.65018046e-01 7.94863701e-03 5.46223164e-01 3.18292350e-01
    9.78997231e-01 7.80523717e-02 6.15131497e-01 2.26923972e-01
    9.01546419e-01 8.04068446e-01 3.40030015e-01 2.02415138e-01
    9.19791818e-01 2.11314678e-01 4.96618867e-01 4.30000126e-01
    3.30897659e-01 7.10597634e-02 5.04198849e-01 4.65144515e-01
    6.58684671e-01 6.15642190e-01 4.51019943e-01 7.52013206e-01
    8.14910173e-01 2.66055673e-01 3.79892856e-01 7.56052494e-01
    4.37280506e-01 2.87727773e-01 4.40588057e-01 6.82098329e-01
    8.77136588e-02 3.74767780e-02 8.13959897e-01 3.09341967e-01
    6.81185901e-01 6.54570699e-01 8.18866968e-01 2.69818306e-01
    1.23457760e-01 7.21345723e-01 9.08306301e-01 3.54444504e-01
    2.74447680e-01 1.38800353e-01 3.05796117e-01 2.51968682e-01
    4.11682129e-01 5.01750112e-01 8.96204531e-01 2.49913007e-01
    1.87790662e-01 3.23457420e-02 7.19702065e-01 1.41491294e-02
    4.31950092e-02 9.51237977e-02 9.77488756e-01 9.55008209e-01
    3.60537589e-01 7.37401426e-01 6.13117516e-02 5.00290096e-01
    6.20205224e-01 4.80287939e-01 9.48194146e-01 4.94961381e-01
    2.59137630e-01 2.80420780e-01 3.07126135e-01 3.85949820e-01
    7.40976691e-01 5.98598957e-01 1.92444444e-01 4.93782163e-02
    9.46775377e-02 2.25668609e-01 6.77505732e-01 3.50108743e-03
    9.19931173e-01 1.90044671e-01 8.98826957e-01 6.06688797e-01
    3.81472260e-01 9.64701176e-04 2.64447451e-01 8.97766948e-01
    3.98594022e-01 8.38475227e-01 3.63485813e-02 2.68863112e-01
    1.26317322e-01 6.91137969e-01 1.87399119e-01 5.08767366e-03
    2.56892562e-01 3.05414587e-01 3.86530727e-01 4.80633080e-02
    3.27308834e-01 7.38119245e-01 4.82122719e-01 8.70892167e-01
    9.45687830e-01 2.37659454e-01 2.39431053e-01 8.08418155e-01
    9.48258877e-01 7.42430925e-01 9.07684088e-01 4.75903273e-01
    5.78534603e-02 7.79275775e-01 4.38286960e-02 4.00024176e-01
    2.54598677e-01 8.52862954e-01 9.65580404e-01 3.38231534e-01
    6.42930210e-01 9.62962925e-01 3.84209394e-01 1.17842853e-02
    2.62038976e-01 7.50023067e-01 8.05014372e-01 8.07710767e-01
    5.86529970e-01 7.32671201e-01 9.88287866e-01 4.57318187e-01
    7.26100326e-01 3.40418339e-01 2.12597102e-01 4.31521773e-01
    5.24048090e-01 1.62858814e-01 8.44890058e-01 1.26797110e-01
    8.30421031e-01 1.68655813e-01 5.50363421e-01 5.49726963e-01
    3.87055159e-01 8.97169769e-01 9.43026066e-01 5.17932415e-01
    3.36356044e-01 8.32717538e-01 7.97184110e-01 5.07352948e-01
    5.57471812e-01 3.02990675e-01 4.80266064e-01 9.81542706e-01
    9.68949199e-01 2.10154980e-01 1.75956488e-02 8.41987550e-01
    7.05348969e-01 7.42976725e-01 3.54198813e-01 9.71646726e-01
    9.76573408e-01 3.67808491e-01 6.39467120e-01 3.50414872e-01
    2.48039186e-01 1.36435032e-03 8.40908885e-02 7.05919385e-01
    3.72238785e-01 6.92044973e-01 3.83393139e-01 5.27849436e-01
    1.26911730e-01 8.49027991e-01 9.62509573e-01 7.54935205e-01
    6.18216038e-01 7.14188635e-01 9.52960253e-02 9.93199825e-01
    4.41016823e-01 1.80087894e-01 5.25370359e-01 2.13571012e-01
    8.68360639e-01 8.95009518e-01 6.17720783e-01 4.07505453e-01
    2.82218277e-01 7.17563570e-01 4.43884283e-01 1.47420615e-01
    3.00704211e-01 3.49138796e-01 4.32010382e-01 4.59398448e-01
    2.72887290e-01 7.95822680e-01 3.88493121e-01 3.65362883e-01
    4.70701218e-01 3.50952297e-01 8.58159423e-01 8.98523927e-01
    7.71380067e-01 3.65978092e-01 8.00815105e-01 1.97831035e-01
    5.60546160e-01 7.95432568e-01 8.24399173e-01 7.11270750e-01
    2.22750694e-01 2.92454898e-01 8.00015330e-01 9.13844466e-01
    3.44670564e-01 7.16642201e-01 5.12070894e-01 9.80905056e-01
    2.36683786e-02 6.92897439e-01 2.00088292e-01 8.03726792e-01
    5.38226306e-01 4.78877425e-02 3.65962356e-01 6.70287669e-01
    2.44052142e-01 3.39792818e-01 4.35190380e-01 4.26892251e-01
    4.43207622e-01 2.02718407e-01 8.93142700e-01 7.96988606e-01
    7.21148014e-01 9.79883671e-01 1.18303359e-01 9.14527178e-01
    9.91144061e-01 7.09503591e-02 9.38748717e-01 9.97635126e-01
    5.90770304e-01 6.59275174e-01 5.80838025e-01 7.02565193e-01
    4.09964889e-01 6.50937915e-01 3.78303230e-01 8.69560957e-01
    4.72304463e-01 9.79549885e-02 6.28828466e-01 2.45096743e-01
    9.42685962e-01 9.86428618e-01 3.93144339e-01 7.63785720e-01
    3.98018777e-01 3.75183016e-01 8.83770883e-02 1.32226348e-01
    2.68202126e-02 4.87732381e-01 9.74762201e-01 2.27266043e-01
    8.91793728e-01 6.36197090e-01 2.70354033e-01 4.46699202e-01
    1.99405551e-01 7.67575502e-01 3.36253673e-01 8.42886329e-01
    9.51802015e-01 1.11197829e-02 9.34903979e-01 3.95924926e-01
    6.69193149e-01 5.30725181e-01 1.17670357e-01 3.07238281e-01
    3.39801967e-01 8.06653321e-01 7.71380603e-01 2.03841954e-01
    5.08501828e-02 4.68774796e-01 3.62609118e-01 1.37213737e-01
    3.94025624e-01 3.89374971e-01 2.29306519e-01 7.39693522e-01
    4.90844518e-01 4.65105474e-02 2.82134116e-01 5.95870912e-01
    4.21299785e-01 3.91507924e-01 5.57206571e-01 8.33079040e-01
    3.10839504e-01 9.23243642e-01 3.70322436e-01 8.83643627e-01
    3.49109411e-01 7.94623792e-02 1.29516125e-02 6.71172857e-01
    9.92235661e-01 9.26557779e-01 8.98675323e-02 8.48721743e-01
    6.67174160e-02 6.98655069e-01 1.97980106e-01 8.72914195e-01
    4.77580607e-01 2.09267825e-01 7.66167283e-01 1.56338096e-01
    6.75091088e-01 8.45421016e-01 2.27990538e-01 8.89925599e-01
    2.04053640e-01 8.67953420e-01 2.73591727e-01 6.92994773e-01
    3.89012337e-01 9.12757516e-02 6.96627200e-01 2.96484321e-01
    4.89741862e-01 2.61298835e-01 1.22594059e-01 3.42487097e-02
    1.49542719e-01 8.99227023e-01 7.67830551e-01 3.06556761e-01
    3.07996631e-01 7.99617171e-01 2.19290853e-02 2.81052202e-01
    3.23240161e-01 9.88809884e-01 7.05042839e-01 2.48815715e-01
    3.23113501e-01 7.37098753e-01 8.09469640e-01 4.01116788e-01
    5.73814750e-01 8.21943820e-01 7.48904169e-01 4.60288554e-01
    3.39693010e-01 7.88768172e-01 7.15934932e-01 4.37564582e-01
    7.89003611e-01 8.73787403e-02 4.54495609e-01 8.22796345e-01
    3.64616930e-01 3.88913900e-01 2.16633976e-01 2.04460174e-01
    9.42353308e-02 4.56043690e-01 4.45265353e-01 2.67618954e-01
    4.13134873e-01 6.09916747e-02 5.47174931e-01 5.82742035e-01
    9.94046926e-01 5.45041323e-01 1.25985444e-01 1.13472164e-01
    8.34691107e-01 3.33248019e-01 2.66787171e-01 7.64559507e-01
    2.91485935e-01 5.90861797e-01 4.37802553e-01 4.72807735e-01
    8.48614216e-01 9.31485295e-02 5.57904959e-01 7.34482467e-01
    4.23171669e-01 4.37417477e-01 1.73119336e-01 3.44372183e-01
    8.20330560e-01 1.83506280e-01 1.96099162e-01 3.72268558e-02
    8.63521814e-01 4.44995105e-01 6.26828969e-01 3.35252017e-01
    6.13429427e-01 8.98536086e-01 6.17508173e-01 6.90539062e-01
    6.37499154e-01 6.41618371e-01 3.81689042e-01 3.01553279e-01
    4.96408552e-01 4.19423848e-01 8.47916603e-01 4.67201412e-01
    5.91771007e-01 9.12136257e-01 5.77097535e-01 8.27221096e-01
    3.81610632e-01 6.35403454e-01 5.80381989e-01 2.82767385e-01
    8.55107307e-01 3.99136931e-01 8.34396601e-01 8.63684773e-01
    6.85477138e-01 4.82050449e-01 2.34496891e-02 5.95782578e-01
    7.05081761e-01 4.88492906e-01 2.20594943e-01 4.30133343e-01
    4.89946842e-01 3.88903916e-01 1.65829003e-01 4.22406554e-01
    5.37122548e-01 5.60970008e-01 8.46035123e-01 7.65997052e-01
    4.94243413e-01 4.06091839e-01 9.31484163e-01 6.25699222e-01
    4.59549993e-01 7.22456396e-01 7.39763200e-01 2.09289819e-01
    5.15285134e-02 8.28903258e-01 7.19414651e-01 5.64896166e-01
    9.40953553e-01 6.91156209e-01 6.23354375e-01 4.47798789e-01
    5.70111394e-01 4.02909338e-01 3.87494832e-01 5.45941830e-01
    6.30182326e-01 4.75222975e-01 6.59293413e-01 1.69333398e-01
    7.64664829e-01 1.57830119e-02 9.19321179e-01 4.89950866e-01
    4.84428972e-01 8.12847137e-01 9.37107682e-01 8.69784236e-01
    2.08611488e-01 7.13464618e-03 2.25718260e-01 1.80661440e-01
    2.60107756e-01 1.14531338e-01 7.53586531e-01 7.60078430e-04
    2.20711827e-02 7.05777645e-01 3.60080659e-01 8.35025311e-02
    6.49472773e-02 2.51880825e-01 3.26866597e-01 3.44189942e-01
    3.10914189e-01 6.08001471e-01 3.59955430e-01 4.67825413e-01
    9.92817402e-01 7.42839456e-01 8.87924254e-01 7.17277408e-01
    2.78469592e-01 5.82518041e-01 3.86765510e-01 9.36232805e-01
    5.01249373e-01 3.62391055e-01 7.58174539e-01 3.23878109e-01
    8.09031010e-01 3.00758421e-01 5.79103351e-01 3.98423433e-01
    3.98856014e-01 4.89902467e-01 9.25828099e-01 9.98123646e-01
    1.90138102e-01 6.58210516e-02 3.63218784e-01 3.14629018e-01
    2.40573257e-01 4.95428950e-01 2.73496032e-01 8.61876011e-01
    3.77149761e-01 5.14990091e-01 2.00732946e-02 7.63189495e-01
    4.87366825e-01 4.00119811e-01 6.94996119e-01 2.50805825e-01
    4.41500962e-01 4.50484395e-01 8.22241664e-01 5.77545941e-01
    9.62076545e-01 5.81029654e-01 6.21536136e-01 3.64829570e-01
    9.79375005e-01 7.13329673e-01 7.25826025e-01 5.32578468e-01
    5.88404119e-01 4.83527005e-01 2.38815933e-01 5.51609755e-01
    6.77550495e-01 4.22315419e-01 5.63814282e-01 8.91253591e-01
    1.36067569e-01 1.01104110e-01 4.41245854e-01 2.83515751e-01
    8.57447982e-01 2.72846460e-01 3.30821842e-01 6.32037461e-01
    8.74330401e-01 8.15467596e-01 7.40710855e-01 2.45982409e-03
    3.54749620e-01 6.42924428e-01 7.90911019e-02 2.71366239e-01
    3.41658652e-01 3.96021903e-01 5.24569452e-01 9.90974307e-01
    4.19670522e-01 9.48473930e-01 2.66592532e-01 4.75362629e-01
    2.05228925e-02 2.87222803e-01 9.63784158e-01 4.80599880e-01
    7.26947069e-01 2.62435615e-01 2.20288783e-01 2.34595537e-01
    4.38338876e-01 2.88795352e-01 8.37250113e-01 5.32262206e-01
    9.39461112e-01 2.44159758e-01 6.51581347e-01 7.21456051e-01
    9.79513824e-02 2.84010887e-01 7.43732572e-01 8.54478717e-01
    2.42779583e-01 6.68521643e-01 4.07755494e-01 8.24337721e-01
    9.30810988e-01 2.48348683e-01 4.03717399e-01 9.96002257e-02
    6.84052825e-01 6.08103871e-01 8.02962661e-01 3.40734482e-01
    1.88192606e-01 3.90264302e-01 7.52715051e-01 5.78351736e-01
    1.13443315e-01 7.95948386e-01 3.43238503e-01 3.84077728e-02
    5.88749111e-01 7.47521222e-01 6.96071386e-01 3.48990262e-01
    5.63741624e-02 5.31583250e-01 3.47330064e-01 5.34770072e-01
    1.99730575e-01 7.70982504e-01 1.96843743e-01 2.12607086e-02
    5.40302217e-01 6.04336858e-01 8.47339153e-01 9.06829000e-01
    7.38950074e-01 9.85089779e-01 7.03472078e-01 9.27166879e-01
    2.70701468e-01 8.67459238e-01 1.43954515e-01 2.03446299e-01
    2.23556757e-02 5.68079889e-01 9.57129478e-01 3.85688245e-02
    3.33799541e-01 7.95505166e-01 9.68710065e-01 9.69734073e-01
    2.06999063e-01 6.21967912e-01 9.23709989e-01 1.19599700e-03
    5.91053128e-01 3.97546500e-01 5.83612680e-01 6.44305408e-01
    4.25213754e-01 7.24078059e-01 5.66658497e-01 9.41408038e-01
    1.38428807e-02 9.13124859e-01 9.13770556e-01 9.12060618e-01
    4.98282850e-01 4.31240499e-02 3.05024028e-01 6.89132810e-01
    4.80922461e-02 6.49258137e-01 9.36055541e-01 2.61499405e-01
    8.67902279e-01 8.85572553e-01 8.85437369e-01 2.75279343e-01
    6.67502880e-01 9.26957965e-01 5.31161249e-01 3.63040596e-01
    3.96745831e-01 9.20265317e-01 8.89086962e-01 6.47527874e-01
    4.21364039e-01 2.97852874e-01 1.43992662e-01 5.13279498e-01
    5.36790609e-01 3.42022568e-01 5.85222661e-01 7.40387917e-01
    3.18049788e-01 5.98102331e-01 9.52397704e-01 1.25800848e-01
    8.87892067e-01 1.72306895e-02 3.84378105e-01 9.08261895e-01
    2.02594846e-01 6.05444908e-01 4.36281681e-01 5.99968314e-01
    5.84780812e-01 7.70124674e-01 4.60299850e-03 5.72935283e-01
    1.14338905e-01 9.65131998e-01 7.39165425e-01 8.20066750e-01
    5.14014244e-01 7.18297958e-01 8.32740188e-01 3.46959591e-01
    3.83230209e-01 9.38296914e-02 7.95397401e-01 8.54916573e-01
    8.33564281e-01 8.38091731e-01 7.29184449e-01 5.65711498e-01
    6.37267411e-01 8.30458999e-01 1.78055018e-01 5.12002289e-01
    1.24054551e-02 8.01116824e-01 8.18938017e-02 1.50734007e-01
    2.17560828e-01 9.27221119e-01 7.84909964e-01 3.27679574e-01
    8.58369589e-01 8.38882685e-01 1.48941875e-02 9.17347789e-01
    1.78881168e-01 4.03686762e-02 8.07774246e-01 7.89930344e-01
    6.37025237e-01 4.23254520e-01 9.39109206e-01 9.75237131e-01
    4.00315404e-01 6.23891056e-01 5.24513721e-02 4.44398433e-01
    8.88646126e-01 3.51312459e-01 5.66534102e-01 7.39521563e-01
    1.15474671e-01 3.92053455e-01 1.01857781e-02 6.32262409e-01
    9.96267080e-01 2.61710584e-01 2.80866086e-01 1.66323364e-01
    4.08139527e-01 9.56968904e-01 1.95079625e-01 8.66378427e-01
    7.67917871e-01 1.99010789e-01 7.96363890e-01 6.92413390e-01
    4.23335016e-01 8.36900949e-01 7.10314691e-01 9.22426105e-01
    5.83044291e-01 2.66226232e-02 9.01120305e-01 6.32675767e-01
    1.83026552e-01 4.98667657e-01 6.30230725e-01 8.76953542e-01
    8.12085390e-01 1.34918392e-01 5.35699904e-01 7.19400525e-01
    5.40300548e-01 8.63203526e-01 2.33115524e-01 9.65901971e-01
    4.73860145e-01 1.97806358e-01 4.32208419e-01 7.67501473e-01
    3.73088479e-01 1.83532923e-01 9.86910999e-01 2.48087496e-01
    6.64468527e-01 7.33452439e-01 3.58253002e-01 2.21885175e-01
    1.73582435e-01 4.76188809e-01 8.92584801e-01 3.33622873e-01
    2.80386806e-02 8.92641187e-01 1.88564956e-01 2.58771598e-01
    6.54520869e-01 8.30568969e-02 7.67880142e-01 2.50557065e-01
    1.17204189e-02 7.62479305e-01 7.82906055e-01 5.95444560e-01
    2.11207420e-01 9.50067878e-01 3.95316243e-01 1.13036245e-01
    5.37770271e-01 1.95447326e-01 3.59537542e-01 7.14334846e-01
    4.28741276e-01 6.07656360e-01 5.70250809e-01 9.15250063e-01
    3.26544106e-01 3.53087395e-01 6.92003846e-01 9.47716236e-02
    5.11576116e-01 8.85239840e-01 6.80190086e-01 7.19121337e-01
    8.98085833e-01 9.50027227e-01 9.21594203e-01 4.15608406e-01
    2.64965296e-01 1.88972205e-01 5.32833815e-01 4.78379071e-01
    5.84301114e-01 1.05807424e-01 1.32841498e-01 8.45787942e-01
    2.30878651e-01 4.33495998e-01 6.83182478e-01 4.03504580e-01
    3.24599713e-01 9.39564407e-02 9.09112871e-01 4.27972674e-01
    2.34660923e-01 8.37086678e-01 1.80885106e-01 2.62475014e-01
    4.20214802e-01 5.81230581e-01 1.93712264e-01 9.87181544e-01
    1.69186264e-01 5.07935882e-02 2.44740456e-01 9.61412430e-01
    5.69575429e-01 9.18299198e-01 1.63589150e-01 9.49155807e-01
    1.61497921e-01 2.12414175e-01 2.35911548e-01 3.90931219e-01
    2.50287503e-01 4.29435790e-01 1.00649148e-01 9.99953508e-01
    4.27702367e-02 9.18243051e-01 7.72252500e-01 2.78165281e-01
    9.44251180e-01 2.76989043e-01 7.52172112e-01 5.81963778e-01
    9.16583836e-02 1.42889082e-01 3.90569717e-01 5.87376237e-01
    6.96998179e-01 9.01153684e-01 4.26056236e-01 7.15259671e-01
    1.83157921e-01 6.02924049e-01 5.80394924e-01 8.30803037e-01
    4.79798436e-01 3.62183541e-01 1.57596737e-01 7.65393078e-02
    4.87670422e-01 1.21470183e-01 9.01719153e-01 7.16577530e-01
    7.10906386e-02 2.58702934e-01 1.18654072e-01 6.36278570e-01
    4.48186487e-01 8.68326426e-03 9.10630226e-01 6.86806679e-01
    5.09761989e-01 5.66575766e-01 7.26781785e-01 7.68855214e-01
    7.44586229e-01 2.24145025e-01 7.60382354e-01 3.29690456e-01
    2.52377570e-01 4.28879857e-01 5.58857024e-02 9.70880508e-01
    5.15477896e-01 7.53272831e-01 3.61084312e-01 6.17207885e-02
    9.59720016e-01 1.67898327e-01 2.00681746e-01 6.34705067e-01
    2.51165539e-01 8.31088305e-01 4.39501584e-01 4.43725526e-01
    5.34701347e-01 1.69410110e-01 7.36732006e-01 2.70866483e-01
    9.96111155e-01 8.44224334e-01 4.94179100e-01 9.83080983e-01
    7.73724377e-01 6.98074222e-01 7.32254982e-01 5.25217414e-01
    7.56731629e-01 3.38285923e-01 9.56646323e-01 5.77128351e-01
    5.28544188e-03 2.77610123e-01 8.26158404e-01 5.41583002e-01
    1.25569403e-02 7.55097568e-01 2.64474720e-01 2.71728128e-01
    6.12050235e-01 8.98632288e-01 9.48426008e-01 5.43405116e-02
    7.75530100e-01 4.78440166e-01 7.97770619e-01 9.59396839e-01
    6.06970489e-02 4.07809138e-01 1.99184835e-01 7.88775682e-01
    5.90868056e-01 5.59835672e-01 3.31694424e-01 1.16246462e-01
    7.15136707e-01 7.68853426e-01 1.86684966e-01 9.46637869e-01
    7.89673269e-01 7.88895547e-01 5.25027871e-01 3.08736891e-01
    2.94767141e-01 4.04546738e-01 1.66164339e-02 1.07114613e-02
    1.12377822e-01 9.35988069e-01 6.29077554e-01 4.04561281e-01
    1.48755401e-01 7.97077060e-01 2.24491954e-02 4.24614012e-01
    2.13761330e-02 3.09425354e-01 9.16939497e-01 7.32532740e-01
    3.34334821e-01 3.28450501e-01 3.49198580e-02 3.79748613e-01
    5.53528070e-02 1.06108189e-03 5.28889596e-02 5.62476814e-02
    1.04107559e-02 7.41492271e-01 7.16565132e-01 4.39490914e-01
    3.72771502e-01 2.22040862e-01 2.97897696e-01 8.19200754e-01
    9.04097617e-01 9.11261439e-01 6.57407284e-01 1.69974178e-01
    6.11077428e-01 9.43470597e-01 4.19424713e-01 7.78860450e-01
    5.11680186e-01 1.73718363e-01 5.13185263e-01 6.14300787e-01
    1.80574059e-02 4.60518181e-01 5.29110491e-01 1.43363833e-01
    3.53059173e-01 7.88226843e-01 8.23169231e-01 2.21053272e-01
    7.51198828e-02 8.45410526e-02 2.99140871e-01 4.94112402e-01
    2.64083683e-01 7.87962556e-01 3.16052675e-01 4.23858464e-01
    2.40910470e-01 6.68041170e-01 7.07912207e-01 3.05049837e-01
    5.76354682e-01 4.30677533e-01 6.49303198e-01 9.93940830e-02
    1.86081976e-01 6.13164902e-03 6.02355719e-01 4.68433499e-01
    6.24849141e-01 4.55179155e-01 2.10853279e-01 3.97934169e-01
    9.09503579e-01 7.71294832e-01 4.83220339e-01 5.48514962e-01
    5.58188796e-01 5.11834741e-01 5.41825473e-01 8.42955232e-01
    4.74005640e-01 8.86288881e-02 7.80326188e-01 1.32801831e-01
    4.75177437e-01 5.21588266e-01 8.28130126e-01 4.91223574e-01
    2.61243939e-01 3.52402210e-01 5.56334257e-01 2.79510140e-01
    2.02125102e-01 3.76729310e-01 9.36008453e-01 6.86785519e-01
    7.57743299e-01 4.87060487e-01 7.69217134e-01 7.31891394e-01
    5.67973673e-01 4.46082890e-01 8.58318210e-01 5.19555211e-01
    3.68664503e-01 7.80666113e-01 1.95990413e-01 1.11205876e-02
    9.08041000e-01 7.27436543e-01 7.38373101e-01 4.19016480e-01
    2.21424490e-01 4.64107394e-01 5.11636317e-01 7.51037300e-01
    5.35419822e-01 6.09146118e-01 7.93408692e-01 4.09943700e-01
    4.42919731e-01 7.39354491e-02 4.65508401e-02 7.12381363e-01
    9.41713989e-01 9.28411782e-01 3.72728348e-01 6.40804291e-01
    5.26309013e-04 9.58776593e-01 9.83530641e-01 3.66093338e-01
    7.81693816e-01 2.15959132e-01 9.58988547e-01 3.44591975e-01
    5.33530176e-01 3.64483982e-01 1.58641249e-01 2.28660464e-01
    6.65153205e-01 7.26555288e-02 5.60411513e-01 1.31848454e-03
    5.52154303e-01 1.10638469e-01 4.32959765e-01 6.87680960e-01
    6.16711617e-01 2.46364295e-01 1.94650680e-01 8.94477665e-01
    5.82628191e-01 3.17169905e-01 3.03280830e-01 4.97368097e-01
    2.16433883e-01 5.25053382e-01 1.53831244e-01 5.80763578e-01
    9.51153517e-01 7.48326957e-01 9.58786309e-01 4.00159359e-02
    1.15405113e-01 2.13645041e-01 3.58236164e-01 8.60264421e-01
    6.89972758e-01 9.25882101e-01 3.47883999e-01 2.13574827e-01
    3.90885115e-01 9.68164206e-03 1.47398949e-01 5.13855219e-01
    7.00216532e-01 8.05097342e-01 7.60639548e-01 8.24622035e-01
    2.09292471e-02 8.23508680e-01 6.20895863e-01 3.98785233e-01
    2.19162941e-01 3.59281570e-01 6.39399588e-01 5.31838715e-01
    8.73036206e-01 4.70458567e-02 8.94573331e-02 6.44020379e-01
    5.08069634e-01 3.99747729e-01 2.54385889e-01 6.93557501e-01
    3.70263726e-01 6.78505182e-01 4.03742224e-01 4.01268601e-01
    4.64825749e-01 4.27410156e-01 6.98181331e-01 1.29904926e-01
    2.08774120e-01 3.05572450e-02 3.18082720e-01 5.31149983e-01
    8.54134023e-01 9.21128750e-01 3.54818374e-01 8.43274057e-01
    4.57744867e-01 4.59304512e-01 6.16170406e-01 8.35047841e-01
    9.65000093e-02 1.51335478e-01 1.77499622e-01 9.42914963e-01
    7.95199454e-01 8.00364614e-02 7.98522472e-01 2.28833705e-01
    6.16380453e-01 8.10067058e-01 2.79622674e-02 9.54705596e-01
    6.22565210e-01 2.58862048e-01 1.79975897e-01 3.10979903e-01
    8.86809587e-01 4.10057396e-01 7.48448968e-01 3.39336157e-01
    8.38298798e-01 2.75490105e-01 4.56447929e-01 3.63772094e-01
    4.51922059e-01 3.40708375e-01 9.13618207e-01 8.71693492e-01
    5.89908481e-01 1.43060863e-01 7.13506222e-01 1.67997926e-01
    9.83703256e-01 6.93526506e-01 5.03941834e-01 3.01959634e-01
    2.35853404e-01 9.70071077e-01 3.35018545e-01 9.26878631e-01
    1.31060183e-01 9.64909673e-01 9.48597670e-01 4.61840093e-01
    6.93279803e-01 6.15836918e-01 6.81201339e-01 9.91957605e-01
    4.33820635e-01 7.60067582e-01 8.96900415e-01 8.03195298e-01
    4.75206822e-01 1.50080323e-01 8.36808383e-02 1.48939133e-01
    1.82463884e-01 7.57187605e-04 3.68554443e-01 6.21434689e-01
    4.34228778e-03 2.22929329e-01 7.07964897e-01 3.63866657e-01
    6.41564548e-01 5.60676873e-01 2.26090759e-01 7.30332792e-01
    5.71116209e-01 9.22538161e-01 9.46065426e-01 7.14455962e-01
    1.43423080e-02 5.86368740e-01 8.86228681e-03 3.31799686e-01
    9.74795163e-01 5.19080520e-01 7.96590388e-01 9.90506887e-01
    4.18883294e-01 1.90622568e-01 5.52094162e-01 1.55299813e-01
    1.60043001e-01 6.81926429e-01 7.21606255e-01 3.65105212e-01
    5.20592690e-01 5.17392516e-01 4.28434312e-01 6.94055557e-02
    7.28643179e-01 1.64184630e-01 3.40858519e-01 4.41684633e-01
    1.07218534e-01 4.95024025e-01 9.79944229e-01 1.36568934e-01
    1.28929228e-01 5.84855855e-01 8.62298608e-01 5.64355671e-01
    9.65699553e-03 2.02172309e-01 5.83578289e-01 6.46679938e-01
    4.24313188e-01 4.20016766e-01 8.88303161e-01 9.11521733e-01
    5.11690557e-01 6.56168044e-01 5.55774629e-01 8.72283220e-01
    7.47159123e-02 3.92362833e-01 4.37748432e-02 4.03921664e-01
    8.97682428e-01 3.95044982e-01 7.85405695e-01 5.68085432e-01
    9.34978008e-01 1.25609994e-01 2.21594930e-01 7.52412736e-01
    1.67389810e-01 2.86006153e-01 1.73995316e-01 1.52878374e-01
    5.49588799e-02 4.48684603e-01 9.52882767e-01 4.72643763e-01
    7.91822433e-01 1.34678841e-01 9.96011794e-01 4.35271263e-02
    5.18424153e-01 3.27534080e-01 8.01887155e-01 3.71493101e-01
    8.80247235e-01 2.25704014e-02 6.15620136e-01 8.53598833e-01
    7.30438232e-01 8.59696031e-01 9.81462419e-01 3.54082882e-01
    6.70481145e-01 4.91009653e-02 1.55512929e-01 7.42911696e-01
    1.38904989e-01 4.60206777e-01 3.98214072e-01 7.52813101e-01
    4.98546839e-01 7.41737962e-01 1.51368141e-01 9.44293499e-01
    1.66205019e-01 6.73410714e-01 8.59639883e-01 9.54160988e-01
    3.96927863e-01 3.76891494e-01 3.74168098e-01 4.29905832e-01
    2.87783355e-01 8.14696252e-02 5.42589068e-01 6.55460954e-02
    9.56193864e-01 6.23554170e-01 6.73317790e-01 1.09307200e-01
    3.83715391e-01 7.60807157e-01 7.97621965e-01 5.24062693e-01
    9.15764570e-02 9.95309949e-01 4.24306273e-01 4.30925161e-01
    4.50571954e-01 6.34529829e-01 3.18233490e-01 3.43413949e-01
    1.88397765e-01 2.86430478e-01 6.20908260e-01 8.95279527e-01
    5.39726973e-01 6.04379952e-01 1.37049139e-01 5.03299534e-01
    5.97502291e-02 8.50148976e-01 6.15615845e-02 5.01592159e-02
    2.43445784e-01 7.31991589e-01 8.89063776e-01 2.28213072e-02
    3.90737355e-02 1.61998332e-01 2.19184369e-01 2.06219643e-01
    2.39220887e-01 4.21327442e-01 2.45431066e-02 3.31188262e-01
    4.82885152e-01 9.87753987e-01 4.50368524e-01 7.04402685e-01
    9.91762221e-01 8.07240248e-01 9.95662093e-01 8.74918222e-01
    7.45327473e-02 5.94369709e-01 2.54622579e-01 9.08959031e-01
    4.56793606e-01 9.33444142e-01 9.71795917e-01 3.52069974e-01
    4.59348708e-01 5.67019939e-01 4.66041684e-01 2.13976502e-01
    2.66745627e-01 3.10500830e-01 7.56523371e-01 6.95491850e-01
    3.22599888e-01 4.07760739e-02 8.72174740e-01 1.19978279e-01
    5.70862591e-01 9.52564836e-01 4.08651292e-01 8.40008259e-01
    7.15037048e-01 7.47071624e-01 9.19624269e-01 9.66183305e-01
    3.23551476e-01 7.36248791e-02 2.42034346e-01 5.31049192e-01
    8.94019246e-01 9.45109725e-01 2.22040594e-01 4.64132935e-01
    7.01810122e-01 2.11787820e-01 3.80451232e-01 8.72406840e-01
    5.02641976e-01 4.08167779e-01 3.45028877e-01 3.68418694e-01
    3.36462677e-01 5.62167585e-01 6.21280372e-01 5.06508648e-02
    7.02204049e-01 7.74467468e-01 4.69423532e-02 8.90831947e-02
    8.23895037e-01 9.34921741e-01 9.09133554e-01 9.82033312e-01
    4.48917359e-01 2.33132541e-01 1.36251718e-01 7.11000919e-01
    2.51412809e-01 5.79468310e-01 2.52747566e-01 1.20319426e-02
    1.43836468e-01 8.41542125e-01 5.94982445e-01 5.26199579e-01
    5.32605052e-02 4.06551063e-02 9.47094262e-02 4.14657056e-01
    3.19124818e-01 2.66434133e-01 1.59037948e-01 5.22674084e-01
    5.32237828e-01 9.38685417e-01 9.71000731e-01 9.02495384e-02
    6.72251463e-01 6.95709884e-01 1.90490097e-01 5.17832518e-01
    7.15541005e-01 6.01530433e-01 9.68076706e-01 3.94335687e-02
    4.46518213e-01 8.51120949e-01 4.06198502e-02 4.66774404e-02
    3.21813315e-01 9.54574823e-01 1.17799401e-01 3.29430282e-01
    4.06946123e-01 6.29737318e-01 9.02787983e-01 8.96977067e-01
    2.36442119e-01 3.52632254e-01 1.34703279e-01 5.44402957e-01
    4.48152304e-01 2.81535387e-01 7.63181925e-01 5.68293333e-01
    6.85355186e-01 6.82684898e-01 1.57622367e-01 7.34335780e-01
    8.91836345e-01 1.04228765e-01 5.20683050e-01 8.76474977e-01
    3.54474545e-01 1.26663834e-01 6.81873024e-01 6.84442043e-01
    7.31680572e-01 4.65405971e-01 4.23088610e-01 1.71255291e-01
    7.05153942e-01 1.11471415e-01 3.84180844e-02 9.88348007e-01
    1.31639510e-01 8.02682996e-01 8.73267412e-01 9.17426825e-01
    5.75704455e-01 8.22952390e-02 5.21979868e-01 9.68175232e-01
    2.80912578e-01 3.17046463e-01 6.73723280e-01 2.44004130e-02
    9.30115223e-01 2.39095628e-01 9.02596235e-01 7.89956510e-01
    6.21588528e-02 8.84058475e-02 9.32680607e-01 2.20242143e-01
    1.04042679e-01 9.67853367e-01 9.60896194e-01 8.51687729e-01
    6.20700121e-01 7.17364669e-01 6.64422154e-01 5.82805455e-01
    6.83230042e-01 3.51706415e-01 7.32669234e-01 6.49509311e-01
    1.55303895e-01 4.29431379e-01 7.45004356e-01 9.01064038e-01
    4.66412395e-01 2.13496059e-01 5.38123727e-01 4.08617556e-01
    8.66408467e-01 2.53752589e-01 2.49801308e-01 5.81366658e-01
    3.73166174e-01 2.66498327e-02 4.57387567e-01 3.09927553e-01
    5.37393212e-01 9.47847545e-01 8.76869559e-01 7.29211271e-01
    5.39021611e-01 6.21285319e-01 8.54634464e-01 4.44920748e-01
    2.16207951e-01 1.99447364e-01 6.03677094e-01 2.92911172e-01
    6.15037143e-01 4.93165553e-02 8.40324461e-01 7.29900479e-01
    2.57646859e-01 6.92722857e-01 2.50597477e-01 3.90379190e-01
    9.81621861e-01 1.21131539e-01 5.54535031e-01 5.46903014e-01
    6.05943680e-01 9.73453760e-01 5.54286838e-01 1.98260546e-01
    2.89656699e-01 2.29668409e-01 2.78039306e-01 8.00838470e-01
    6.58894539e-01 1.20981932e-01 9.65095282e-01 9.58099961e-02
    3.06357145e-02 6.95952773e-01 3.44558328e-01 3.56045932e-01
    9.50704217e-01 7.25460768e-01 1.97269619e-01 8.49857330e-02
    6.21670485e-03 5.62059045e-01 9.27867055e-01 2.63248026e-01
    3.91944349e-01 2.14085817e-01 3.63633513e-01 6.84095681e-01
    5.56997955e-01 7.40351498e-01 1.85074359e-01 2.92356521e-01
    6.25361204e-02 5.79245567e-01 2.84639537e-01 6.67743683e-01
    4.66067106e-01 9.75733638e-01 9.49883103e-01 1.10392660e-01
    8.16227138e-01 5.67776620e-01 4.40868735e-03 1.84525222e-01
    4.84995216e-01 3.08939517e-01 2.31291562e-01 5.91987729e-01
    5.18114209e-01 5.24873435e-01 9.55930114e-01 2.13167369e-02
    3.89130861e-01 8.31360340e-01 3.74454260e-03 3.50377440e-01
    5.62947571e-01 6.37940049e-01 8.06223929e-01 8.60739887e-01
    9.63710070e-01 6.88403249e-01 6.95210695e-01 6.33688807e-01
    5.45895576e-01 1.48087084e-01 1.76252216e-01 7.91155696e-01
    4.59273160e-02 6.98191524e-01 7.08083034e-01 4.83592033e-01
    2.18675703e-01 6.69272900e-01 6.54956102e-01 3.71458828e-01
    2.73393929e-01 5.35790920e-01 6.62615299e-02 4.37202990e-01
    9.40342188e-01 2.17638373e-01 8.86876464e-01 9.86911058e-01
    5.70077479e-01 4.90040600e-01 9.75603461e-01 4.74426210e-01
    9.83455062e-01 1.76243544e-01 1.19794130e-01 1.02159917e-01
    1.26398504e-02 2.30678380e-01 7.65743494e-01 4.22407389e-02
    4.84749258e-01 6.11435473e-01 7.94777513e-01 6.02985263e-01
    3.15050602e-01 2.66193628e-01 2.80360371e-01 1.85306340e-01
    6.13668382e-01 9.47866440e-01 6.23973787e-01 6.55461729e-01
    7.26837516e-01 7.00139165e-01 4.09072191e-01 2.67671406e-01
    5.43620944e-01 4.20557678e-01 1.70479804e-01 8.68734121e-02
    5.09053230e-01 8.05005908e-01 8.67707014e-01 6.50423825e-01
    8.06077719e-02 3.77026558e-01 2.89690882e-01 6.77014112e-01
    6.04505002e-01 8.96811843e-01 8.28488111e-01 4.53032285e-01
    8.05253744e-01 9.89434838e-01 8.24669600e-01 7.36703575e-01
    8.58611763e-01 3.78968120e-01 9.24650192e-01 9.35858250e-01
    1.06192082e-01 6.66950285e-01 7.91387260e-01 7.97498643e-01
    7.93485045e-02 9.75851059e-01 5.06737113e-01 8.12667727e-01
    8.57408345e-02 5.27140796e-02 6.64056718e-01 5.38456261e-01
    6.31323457e-01 3.81184429e-01 4.92553532e-01 7.57238507e-01
    8.16776633e-01 2.27275074e-01 3.73211652e-01 6.05870306e-01
    2.44903415e-01 5.11555195e-01 3.03846657e-01 3.22945267e-01
    5.60717046e-01 1.03691787e-01 8.29946518e-01 5.39629161e-02
    6.30939484e-01 1.08709037e-01 2.00154483e-01 3.85576546e-01
    5.25951326e-01 8.77672076e-01 1.91147685e-01 1.55814707e-01
    1.70821995e-01 1.47225946e-01 4.19324934e-01 9.11694765e-01
    8.25851798e-01 2.62536824e-01 7.21151590e-01 6.55700088e-01
    6.01659417e-01 6.63957894e-01 4.17941630e-01 1.17187262e-01
    8.13193440e-01 7.16530085e-02 5.35531580e-01 9.97667432e-01
    5.51733673e-01 8.77979517e-01 9.00196135e-02 3.22755575e-01
    9.54212844e-01 6.54012442e-01 6.87076807e-01 8.04305196e-01
    1.98360831e-01 5.21135688e-01 3.12155843e-01 5.78741193e-01
    4.47561651e-01 5.81237495e-01 6.73868895e-01 8.72688472e-01
    9.88509595e-01 9.85061765e-01 1.12891287e-01 3.90624255e-01
    5.69331348e-02 3.98681730e-01 1.62500203e-01 9.95574594e-02
    6.40159726e-01 7.10896790e-01 7.21278906e-01 1.26104146e-01
    7.22773671e-01 4.19653386e-01 2.00475127e-01 6.78020120e-01
    4.14248765e-01 5.47154963e-01 7.97276735e-01 5.21359444e-01
    6.42904520e-01 2.91284621e-02 7.02582657e-01 2.38849640e-01
    5.13430715e-01 3.44993144e-01 3.96045923e-01 4.31064188e-01
    2.09808946e-02 9.31674242e-01 2.58831739e-01 1.48639858e-01
    3.99652898e-01 6.03613853e-01 6.24767363e-01 9.63768482e-01
    3.54705811e-01 7.96115696e-01 1.80375785e-01 3.17845583e-01
    2.16012388e-01 8.35740387e-01 9.36061025e-01 7.90686131e-01
    7.22169638e-01 9.23559904e-01 2.07313299e-02 6.56311870e-01
    6.13703251e-01 6.47858024e-01 6.34220302e-01 2.76335895e-01
    9.25769031e-01 4.77739930e-01 6.85973227e-01 3.74829203e-01
    9.48593676e-01 8.43182921e-01 8.10942709e-01 1.46900773e-01
    8.98725212e-01 9.37463999e-01 4.33034688e-01 6.37394190e-01
    8.30144584e-02 4.86818939e-01 9.99291360e-01 7.42726028e-01
    8.48690748e-01 4.95655984e-01 4.77710187e-01 5.00024080e-01
    9.93980527e-01 4.81481969e-01 8.82429957e-01 6.68690920e-01
    4.77817953e-02 3.72645319e-01 2.99086928e-01 8.43747318e-01
    2.36386299e-01 1.47754192e-01 3.33303809e-02 4.74973381e-01
    2.96621203e-01 5.05928874e-01 7.49125481e-01 3.87948096e-01
    3.79046202e-02 7.76943028e-01 1.77815974e-01 6.52369678e-01
    8.43797326e-01 2.87918836e-01 8.34673524e-01 5.18176854e-01
    3.89377117e-01 3.83272409e-01 7.09152579e-01 3.51132840e-01
    2.97479630e-01 1.81917340e-01 2.47205377e-01 2.71791011e-01
    7.88928151e-01 3.42949539e-01 4.61027443e-01 4.09941971e-01
    3.15761268e-02 1.00729585e-01 4.85166669e-01 2.83005536e-01
    6.41787291e-01 9.32101309e-01 9.20805991e-01 8.88456047e-01
    2.01723784e-01 3.58472764e-01 2.01809913e-01 6.33714974e-01
    2.82159626e-01 5.64845622e-01 1.21965945e-01 9.76621449e-01
    4.76186812e-01 8.31448913e-01 1.53243542e-03 2.90849924e-01
    6.28732383e-01 7.45183229e-01 2.15395153e-01 7.23335862e-01
    2.17105746e-01 1.78984702e-02 4.86885905e-02 4.69069511e-01
    3.70723069e-01 5.67921460e-01 6.46807611e-01 5.96603453e-01
    8.38628471e-01 5.14562666e-01 1.62906438e-01 7.63576031e-01
    2.53899604e-01 8.03793073e-02 4.38150167e-01 5.85987687e-01
    5.70800126e-01 9.34830606e-02 1.83356017e-01 4.00274098e-01
    1.45285428e-01 9.45657432e-01 8.31534266e-01 6.00467324e-01
    7.95709610e-01 7.86884904e-01 7.69729912e-01 4.66981173e-01
    5.84651470e-01 1.21066004e-01 4.10446882e-01 8.89029384e-01
    7.85054088e-01 7.60529399e-01 8.98097575e-01 1.92318767e-01
    2.35121101e-01 6.37054384e-01 2.69574136e-01 2.67342269e-01
    1.35727584e-01 6.73502684e-01 8.87887359e-01 2.29816616e-01
    7.11602449e-01 5.69813967e-01 3.48198533e-01 9.35941219e-01
    8.88395905e-02 2.69566089e-01 9.77467895e-02 4.57234412e-01
    7.32616186e-01 3.55142415e-01 6.11451268e-01 2.19171196e-01
    7.08049119e-01 8.91593158e-01 3.03382427e-01 5.82921386e-01
    1.02472603e-01 9.45668519e-02 7.18998790e-01 5.86829364e-01
    9.25099552e-02 2.55132020e-01 9.42834616e-02 6.57502949e-01
    5.12497842e-01 3.07333171e-02 2.17372149e-01 7.76407242e-01
    3.60266238e-01 4.92678881e-01 4.79812562e-01 1.12355471e-01
    7.22053587e-01 9.06356812e-01 3.91741008e-01 6.81138992e-01
    1.09624922e-01 3.41755867e-01 3.25140744e-01 9.69650328e-01
    1.81130439e-01 1.38720900e-01 5.49557686e-01 4.29720044e-01
    6.29284978e-03 9.40488696e-01 7.70835161e-01 9.83768106e-01
    9.74471390e-01 1.91412061e-01 8.94518614e-01 6.22198224e-01
    3.92557442e-01 2.45819032e-01 5.23660541e-01 2.68604875e-01
    6.70662940e-01 7.35395670e-01 9.98688817e-01 3.72470438e-01
    2.93985248e-01 2.34325826e-01 1.57229483e-01 6.97947979e-01
    2.51533389e-01 1.99112087e-01 2.22055972e-01 3.50262344e-01
    2.24163473e-01 9.50503290e-01 4.10266221e-02 4.70235527e-01
    1.65726483e-01 9.55179811e-01 8.24402988e-01 3.79787505e-01
    4.41730738e-01 1.83553100e-01 1.99530661e-01 8.44759941e-02
    6.43488228e-01 1.59314215e-01 7.19024837e-01 7.30519414e-01
    1.45518869e-01 7.06496835e-02 4.58646417e-02 9.77922380e-02
    2.50405699e-01 8.41658235e-01 3.04675817e-01 2.58100748e-01
    4.88028914e-01 9.73847806e-01 9.93648469e-01 4.12559330e-01
    6.79502189e-01 7.72303820e-01 8.11238766e-01 6.31210566e-01
    3.18506896e-01 8.30294251e-01 2.72166640e-01 5.48876703e-01
    1.25960320e-01 1.76992953e-01 6.08538747e-01 9.87837315e-01
    7.16613531e-01 7.98848748e-01 7.51861393e-01 8.07188392e-01
    6.77812815e-01 8.62131655e-01 7.79208899e-01 4.63885307e-01
    9.91900802e-01 9.83675480e-01 4.10057336e-01 7.93011785e-02
    6.96968019e-01 9.09039974e-01 4.63059217e-01 1.94509357e-01
    9.74005759e-01 1.67009264e-01 6.66982293e-01 8.27677250e-02
    1.30794495e-01 8.11285496e-01 6.75843894e-01 2.45397091e-01
    1.55562431e-01 3.56540442e-01 1.43832445e-01 7.32824385e-01
    9.94607806e-01 6.55981660e-01 5.20408511e-01 5.78983784e-01
    9.75757539e-01 5.87895036e-01 3.60196084e-01 7.27416158e-01
    7.07916796e-01 2.14226156e-01 5.03848433e-01 5.68462014e-02
    2.56838530e-01 4.17179197e-01 5.74988127e-01 6.12174988e-01
    8.53862047e-01 5.71915805e-01 2.06034511e-01 9.13254201e-01
    8.88111234e-01 7.67385125e-01 9.45201039e-01 7.08605051e-01
    9.74869967e-01 5.35855830e-01 8.44548404e-01 1.85882032e-01
    1.09582305e-01 7.02146888e-01 1.98758513e-01 9.87495542e-01
    6.98454380e-02 9.88433242e-01 4.16910052e-01 3.13716114e-01
    2.77136922e-01 2.95902878e-01 9.09157395e-01 8.26307833e-01
    6.27110302e-01 3.06270301e-01 9.41811502e-01 1.62081629e-01
    6.68950856e-01 5.19234180e-01 8.59232605e-01 5.23571968e-01
    3.18142653e-01 7.34433830e-01 2.06251055e-01 5.28844416e-01
    1.97890490e-01 4.34179246e-01 8.57407689e-01 9.16191339e-01
    2.02183127e-02 3.63812178e-01 9.66533720e-01 1.77614868e-01
    3.28218281e-01 3.95694405e-01 4.47138548e-02 6.91264629e-01
    5.99927187e-01 5.92942655e-01 3.32125962e-01 8.98486495e-01
    8.19244862e-01 9.61778760e-01 2.52641439e-02 8.29720974e-01
    4.64009613e-01 6.63302541e-01 4.46569502e-01 1.55441642e-01
    6.29410744e-01 7.27126598e-01 7.97886133e-01 1.75026059e-03
    5.85562110e-01 4.57465440e-01 1.96388721e-01 4.08742070e-01
    6.63336635e-01 4.48311031e-01 9.50589061e-01 4.71084297e-01
    9.41795170e-01 7.51356840e-01 9.38148916e-01 4.31285977e-01
    2.80426383e-01 9.33296263e-01 2.49918371e-01 8.09030533e-01
    8.53186667e-01 6.96696520e-01 1.53315544e-01 7.71201730e-01
    9.00126278e-01 8.66325140e-01 1.50000483e-01 8.56668413e-01
    7.46301234e-01 6.45654798e-01 9.02496457e-01 7.52720475e-01
    9.73188758e-01 8.50281954e-01 6.52839184e-01 5.43767691e-01
    6.74040258e-01 3.77487540e-02 5.37770033e-01 2.86105156e-01
    5.02848089e-01 2.06336558e-01 2.82951802e-01 4.60355341e-01</data></test_img>
<test_filter type_id="opencv-matrix">
  <rows>9</rows>
  <cols>9</cols>
  <dt>f</dt>
  <data>
    2.63876319e-02 7.81932175e-01 9.63944972e-01 2.11841941e-01
    1.57129228e-01 3.56673688e-01 1.19159907e-01 9.09028769e-01
    7.21751213e-01 8.25180590e-01 2.84681678e-01 4.79085267e-01
    3.92597556e-01 2.30374724e-01 1.03035539e-01 4.70446616e-01
    1.79410875e-01 7.08273888e-01 5.37742376e-01 1.65412635e-01
    2.56025195e-01 8.27556491e-01 2.52557516e-01 9.52799320e-02
    6.92207277e-01 5.23505330e-01 7.27499485e-01 5.00544488e-01
    1.68684781e-01 1.73481524e-01 5.02604723e-01 7.93603718e-01
    2.89716899e-01 1.90158844e-01 1.22103751e-01 5.61823368e-01
    8.56123209e-01 8.50121260e-01 6.06660545e-01 3.31545472e-01
    3.65892291e-01 5.51939189e-01 3.69985253e-01 6.45520687e-02
    2.08251178e-01 3.02184880e-01 6.80570483e-01 1.27690345e-01
    1.57969296e-01 8.97664547e-01 3.00345629e-01 6.36600733e-01
    7.52196074e-01 4.36263382e-01 3.92436624e-01 8.06187093e-01
    6.31749034e-01 6.92347765e-01 7.12538660e-01 6.01780355e-01
    8.06723595e-01 9.54351902e-01 6.08688712e-01 5.95955014e-01
    3.79782170e-01 1.20789737e-01 5.33816338e-01 8.06717634e-01
    3.37925494e-01 6.48375511e-01 8.60462725e-01 9.93974984e-01
    7.41842508e-01 2.90958345e-01 6.22265160e-01 5.26875854e-02
    9.12614465e-01 5.85643411e-01 3.49136412e-01 7.11270332e-01
    1.77388102e-01</data></test_filter>
<my_img type_id="opencv-matrix">
  <rows>120</rows>
  <cols>248</cols>
  <dt>f</dt>
  <data>
    1.99186211e+01 1.97469902e+01 1.89206123e+01 1.97511730e+01
    1.95966244e+01 1.75253086e+01 1.83064003e+01 1.72122059e+01
    1.72608967e+01 1.71409225e+01 1.81171665e+01 1.90659332e+01
    1.85664272e+01 1.87211857e+01 2.01292667e+01 1.93367195e+01
    1.90585613e+01 2.09814625e+01 2.22898788e+01 2.07978249e+01
    1.98802528e+01 1.99428120e+01 2.04410896e+01 1.94869938e+01
    1.96131496e+01 1.88881073e+01 1.94513569e+01 1.76782093e+01
    1.95144005e+01 1.82867165e+01 1.98941727e+01 2.03207340e+01
    1.98599644e+01 2.06713066e+01 2.05522327e+01 2.10255756e+01
    2.01375847e+01 1.92179832e+01 2.13465271e+01 2.03090038e+01
    1.89562874e+01 1.89752541e+01 1.89870281e+01 1.98612652e+01
    1.86811638e+01 1.93980198e+01 1.86883316e+01 1.72050552e+01
    1.69418983e+01 1.70078087e+01 1.64807510e+01 1.76459846e+01
    1.79891930e+01 1.73125496e+01 1.77933159e+01 1.74951553e+01
    2.01015377e+01 2.07960281e+01 2.12031288e+01 2.16571102e+01
    2.26076412e+01 2.01011982e+01 2.16395893e+01 2.14794731e+01
    2.04631443e+01 2.26386261e+01 2.23820763e+01 2.18266010e+01
    2.13855209e+01 2.21456432e+01 2.12062397e+01 2.03854237e+01
    2.10771751e+01 2.09965458e+01 2.12044945e+01 2.02423344e+01
    2.15938740e+01 2.15234528e+01 2.10578938e+01 2.03289528e+01
    1.94538555e+01 1.99034023e+01 1.99854107e+01 1.94976959e+01
    2.19640408e+01 1.99813042e+01 1.92240276e+01 1.72856121e+01
    1.83473530e+01 1.92045383e+01 1.89640350e+01 1.85231094e+01
    2.00517216e+01 1.94573231e+01 2.02566624e+01 1.91110477e+01
    1.95243340e+01 2.02374458e+01 1.86808548e+01 1.78879681e+01
    1.86766281e+01 1.86844826e+01 1.86777744e+01 1.67577705e+01
    1.66252594e+01 1.89498100e+01 1.92176800e+01 1.91788998e+01
    1.98054638e+01 1.93429642e+01 1.92207661e+01 2.00013714e+01
    2.17109509e+01 2.14168644e+01 2.07357502e+01 2.00185986e+01
    2.11073036e+01 2.11221714e+01 2.07839241e+01 1.93939819e+01
    1.91070137e+01 2.01188755e+01 2.06841450e+01 2.01062279e+01
    2.10491657e+01 2.01900787e+01 1.91479855e+01 1.83797035e+01
    1.91284771e+01 2.09040451e+01 1.90538654e+01 1.77298069e+01
    2.00116024e+01 1.97734909e+01 1.84199581e+01 2.10368423e+01
    2.05442257e+01 2.05636406e+01 1.96805553e+01 1.93928661e+01
    1.98814259e+01 2.07713966e+01 2.08047714e+01 2.06808243e+01
    2.10581379e+01 2.07827396e+01 2.12147694e+01 2.13327866e+01
    2.02929649e+01 1.98706379e+01 1.84506931e+01 2.02351704e+01
    2.03342915e+01 2.11112728e+01 2.17604961e+01 2.21379375e+01
    2.01681900e+01 2.01773376e+01 2.11968613e+01 2.29545231e+01
    2.04171219e+01 2.02549801e+01 2.03456039e+01 2.10244007e+01
    2.03270702e+01 2.01185589e+01 2.09105892e+01 1.90959930e+01
    1.76485653e+01 1.98670311e+01 2.04125156e+01 1.97422733e+01
    1.96776371e+01 1.79522076e+01 2.01147041e+01 1.94879208e+01
    2.10115433e+01 2.14884777e+01 2.17751160e+01 2.13469677e+01
    2.10492191e+01 2.21589775e+01 2.29531174e+01 1.97881603e+01
    2.04289322e+01 1.92496281e+01 1.98413219e+01 2.02257290e+01
    2.10178852e+01 2.22638969e+01 2.23871670e+01 2.16488533e+01
    2.29927578e+01 2.09785023e+01 2.20894051e+01 1.81240940e+01
    2.03318653e+01 1.96743965e+01 1.91860409e+01 1.68631573e+01
    1.69049683e+01 1.81622887e+01 1.84961510e+01 1.73993549e+01
    1.81153164e+01 1.84467354e+01 1.83018780e+01 1.79229393e+01
    2.09296455e+01 2.25644779e+01 2.22100277e+01 2.24774742e+01
    2.32420120e+01 2.15832138e+01 2.35531445e+01 2.31450367e+01
    2.07892513e+01 2.17826691e+01 2.06417789e+01 2.10886974e+01
    1.92693825e+01 2.07034988e+01 1.95894356e+01 2.00414658e+01
    2.08320808e+01 2.00450783e+01 2.00886650e+01 2.03903122e+01
    1.97516861e+01 1.86774845e+01 1.96479015e+01 1.89308205e+01
    1.84130287e+01 1.76075630e+01 1.83554916e+01 1.66081409e+01
    1.81146717e+01 1.71136818e+01 1.91333427e+01 1.93023262e+01
    1.97699108e+01 1.94835682e+01 1.98936825e+01 1.80341301e+01
    1.97711220e+01 2.08632755e+01 1.98618317e+01 1.93524075e+01
    2.07843761e+01 1.99520302e+01 1.98306580e+01 1.88469925e+01
    2.11643505e+01 1.98104172e+01 1.82290306e+01 1.81409760e+01
    1.79242973e+01 1.82409077e+01 1.79861164e+01 1.77646351e+01
    1.67265568e+01 1.86178055e+01 2.05911331e+01 2.06498051e+01
    1.96538200e+01 2.08717136e+01 2.22121716e+01 2.17784271e+01
    2.00078869e+01 2.11184387e+01 2.04343872e+01 1.97960052e+01
    1.96194630e+01 1.85841446e+01 1.89632034e+01 1.98594780e+01
    1.87709198e+01 1.83150921e+01 2.01562405e+01 2.03311405e+01
    1.87559872e+01 1.89263439e+01 2.00056458e+01 1.94766502e+01
    1.88548012e+01 1.95368919e+01 1.96051979e+01 1.94072590e+01
    1.86022472e+01 2.04445667e+01 1.93914661e+01 1.96502171e+01
    2.00068569e+01 1.88373852e+01 1.77434521e+01 1.68078232e+01
    1.70453663e+01 1.72029190e+01 1.57487879e+01 1.60136147e+01
    1.65624123e+01 1.65320206e+01 1.85782566e+01 1.76125011e+01
    1.98814278e+01 1.99989147e+01 2.02833481e+01 2.32438087e+01
    2.14949951e+01 2.25541782e+01 2.17443619e+01 2.25757961e+01
    2.13796730e+01 2.23764439e+01 2.18568935e+01 2.15059109e+01
    2.17794189e+01 2.24748878e+01 2.26898861e+01 2.20955296e+01
    2.05897179e+01 1.92175407e+01 2.09438744e+01 2.09332561e+01
    2.16960297e+01 2.08934135e+01 2.12016106e+01 2.02568188e+01
    2.05917625e+01 2.05341949e+01 1.89960079e+01 1.91983051e+01
    1.93028584e+01 2.06056271e+01 1.95755119e+01 1.70779266e+01
    1.86877823e+01 1.95948620e+01 1.81066875e+01 1.83816719e+01
    2.08382626e+01 1.91494179e+01 1.98986053e+01 1.92673817e+01
    1.89129829e+01 1.85053577e+01 1.84461117e+01 1.88792973e+01
    1.81100826e+01 1.81711941e+01 1.76684723e+01 1.60178165e+01
    1.66169205e+01 1.74183464e+01 1.87981358e+01 1.85804672e+01
    1.81611862e+01 1.89714985e+01 1.89083595e+01 1.97332458e+01
    2.16671410e+01 2.12682152e+01 2.04811649e+01 2.01404057e+01
    1.94199734e+01 1.98235683e+01 1.97853088e+01 1.99292412e+01
    1.83205605e+01 1.93702641e+01 1.95349560e+01 1.97278118e+01
    1.91357117e+01 2.09581490e+01 1.92062912e+01 1.87814312e+01
    1.98998127e+01 1.87808743e+01 1.84404087e+01 1.94807968e+01
    1.86619263e+01 1.97136345e+01 1.91640263e+01 1.92822533e+01
    1.99077454e+01 2.00105591e+01 2.02822132e+01 1.93103294e+01
    2.01009464e+01 1.99053745e+01 1.97563686e+01 1.96079884e+01
    2.08558731e+01 2.04215641e+01 1.93874855e+01 1.90960617e+01
    1.92530861e+01 1.88339500e+01 1.85081978e+01 1.96033363e+01
    2.00829067e+01 2.09966125e+01 2.12543850e+01 2.11959553e+01
    2.07100983e+01 2.02778969e+01 2.07498341e+01 2.02916031e+01
    1.90412502e+01 1.89728584e+01 1.84086552e+01 1.95855160e+01
    1.77202644e+01 1.74264107e+01 1.97732906e+01 1.84067497e+01
    1.90955162e+01 2.03830566e+01 2.10156231e+01 2.11968899e+01
    1.88638248e+01 1.90879116e+01 1.90468655e+01 2.05616989e+01
    2.07634583e+01 1.88061314e+01 2.15317783e+01 2.02445240e+01
    2.00719566e+01 2.08771477e+01 2.18625984e+01 2.06421947e+01
    1.94064102e+01 2.00966148e+01 2.05228443e+01 1.95455589e+01
    2.11349945e+01 2.06619892e+01 2.02877846e+01 2.22103901e+01
    2.07425575e+01 2.08127918e+01 2.03199120e+01 1.89911327e+01
    1.99666901e+01 1.92895050e+01 1.95845165e+01 1.81658936e+01
    1.58318930e+01 1.64369640e+01 1.88548946e+01 1.95418205e+01
    1.87134190e+01 1.79484081e+01 1.90971966e+01 1.94241638e+01
    2.01510181e+01 2.21434669e+01 2.10061073e+01 2.10892086e+01
    2.08326778e+01 2.04235687e+01 2.30572681e+01 2.30168362e+01
    2.15947151e+01 1.96870537e+01 1.74234409e+01 2.10159321e+01
    2.05149174e+01 1.98592110e+01 1.83514118e+01 1.89030209e+01
    1.97791004e+01 2.11240120e+01 2.08969212e+01 2.15500107e+01
    2.18178577e+01 1.96095085e+01 1.88485050e+01 1.93750916e+01
    1.92833595e+01 1.73413353e+01 1.79445705e+01 1.54381361e+01
    1.58181629e+01 1.70252876e+01 1.86822605e+01 1.95218925e+01
    1.96620846e+01 1.91486912e+01 1.84519901e+01 1.86949215e+01
    1.99158726e+01 2.08297825e+01 1.93739929e+01 1.84699211e+01
    1.91848316e+01 1.88487854e+01 2.04118328e+01 1.77502651e+01
    2.02779961e+01 1.89041767e+01 1.83417377e+01 1.90728416e+01
    1.66243877e+01 1.75876541e+01 1.68674469e+01 1.76764469e+01
    1.80193443e+01 1.67699280e+01 1.98510609e+01 2.11684399e+01
    1.88391132e+01 1.93530293e+01 2.06389332e+01 2.13259773e+01
    2.06058331e+01 2.21548653e+01 2.16600494e+01 2.09932938e+01
    2.14453678e+01 1.97074299e+01 1.99232578e+01 1.81859131e+01
    1.97516460e+01 1.82979584e+01 1.82071228e+01 1.87935696e+01
    1.88633289e+01 1.81679058e+01 2.05849972e+01 1.98004055e+01
    1.97779675e+01 1.96997509e+01 1.97176800e+01 1.90861568e+01
    1.94397392e+01 2.02566471e+01 2.04845638e+01 1.96819572e+01
    1.91652012e+01 1.86283455e+01 1.85093727e+01 1.64615879e+01
    1.56478539e+01 1.56479597e+01 1.65818958e+01 1.60406113e+01
    1.69661255e+01 1.72327023e+01 1.69192638e+01 1.79072342e+01
    2.00817776e+01 2.13054905e+01 2.13483086e+01 2.20031452e+01
    2.18401127e+01 2.20037823e+01 2.19114151e+01 2.25066299e+01
    2.14734478e+01 2.16887932e+01 2.28114548e+01 2.24284916e+01
    2.24944973e+01 2.19652824e+01 2.21288433e+01 2.08460255e+01
    2.10804901e+01 2.06008911e+01 2.02263756e+01 2.18340721e+01
    2.14781990e+01 2.08505497e+01 1.98801899e+01 1.84860725e+01
    1.94036179e+01 1.95038567e+01 1.91071529e+01 1.87848377e+01
    1.78055840e+01 1.85073872e+01 2.01647129e+01 1.76892643e+01
    1.81976280e+01 1.93343716e+01 1.82946968e+01 1.89899044e+01
    1.94107914e+01 1.85892067e+01 2.00421295e+01 2.00309353e+01
    1.86513615e+01 1.82307053e+01 1.96626797e+01 2.06620121e+01
    1.88214722e+01 1.87968826e+01 1.74443321e+01 1.71244469e+01
    1.76354961e+01 1.78363628e+01 2.05977306e+01 1.89373360e+01
    1.91001663e+01 2.01109810e+01 1.98785019e+01 2.17280693e+01
    2.14172707e+01 2.07708740e+01 1.97541618e+01 2.14366913e+01
    2.15277615e+01 2.06009197e+01 1.89798756e+01 1.95461502e+01
    2.01246529e+01 2.07551003e+01 1.91967392e+01 1.83572292e+01
    1.95601444e+01 1.94554424e+01 1.98635101e+01 1.93024464e+01
    1.95478725e+01 1.99226265e+01 1.81472340e+01 1.85519009e+01
    1.98760223e+01 1.92142296e+01 1.93720894e+01 1.85993805e+01
    1.76136913e+01 1.98163548e+01 1.88934231e+01 1.88122578e+01
    2.07513447e+01 2.04658794e+01 1.93630886e+01 2.01827354e+01
    2.01114693e+01 2.06915684e+01 2.04006290e+01 2.01118793e+01
    1.95814724e+01 1.97472153e+01 1.94908714e+01 2.09127197e+01
    2.04270782e+01 1.96163044e+01 2.01723938e+01 2.19018841e+01
    2.17650604e+01 1.97188034e+01 2.04840107e+01 2.09890270e+01
    1.95845089e+01 1.94396820e+01 1.79388294e+01 1.88230247e+01
    1.93519077e+01 1.73815422e+01 2.01806355e+01 1.91563358e+01
    1.79554253e+01 1.81159000e+01 1.95704975e+01 1.95438843e+01
    1.95646706e+01 1.89443169e+01 1.89905357e+01 1.95183640e+01
    2.07311897e+01 2.01524124e+01 1.92053719e+01 2.21262226e+01
    2.12734547e+01 2.20772839e+01 2.22422562e+01 2.02794914e+01
    1.97688866e+01 2.08419456e+01 1.96440544e+01 1.86374054e+01
    2.10899162e+01 2.04693813e+01 1.98431206e+01 1.93004303e+01
    1.93460503e+01 1.87036972e+01 1.91488304e+01 1.83234997e+01
    1.71987972e+01 1.90178089e+01 1.69899197e+01 1.68558559e+01
    1.70484142e+01 1.68999939e+01 1.72601318e+01 1.80358105e+01
    1.86380291e+01 1.85424690e+01 1.85564404e+01 1.95921211e+01
    2.04978943e+01 2.06885757e+01 1.94960289e+01 2.07330189e+01
    2.25386505e+01 2.16633263e+01 2.12303791e+01 2.24004402e+01
    2.13507767e+01 1.94679031e+01 1.81225071e+01 1.96009274e+01
    1.94128418e+01 1.90439186e+01 1.84503822e+01 2.05357304e+01
    2.11812553e+01 2.11395569e+01 2.23804722e+01 2.01920033e+01
    2.09550705e+01 2.00691051e+01 2.15672112e+01 2.01331310e+01
    1.92543964e+01 1.96964798e+01 1.80123577e+01 1.71483421e+01
    1.75131741e+01 1.80713158e+01 1.85418835e+01 1.96656036e+01
    1.98459454e+01 1.94199715e+01 1.94169865e+01 1.84244213e+01
    1.90347672e+01 1.81596279e+01 1.95480881e+01 1.84656525e+01
    1.85955601e+01 1.92695999e+01 2.04868813e+01 1.92205124e+01
    1.99204903e+01 1.88051414e+01 1.89555702e+01 1.90230675e+01
    1.85410137e+01 1.77474670e+01 1.86379547e+01 1.81149597e+01
    1.89019833e+01 1.93807487e+01 1.87452507e+01 2.06932068e+01
    2.04026794e+01 1.97026596e+01 2.06921768e+01 2.09022923e+01
    2.28020020e+01 2.14472866e+01 2.15192165e+01 1.88558216e+01
    1.97299347e+01 2.00401764e+01 1.88364964e+01 1.84056644e+01
    1.91153202e+01 1.93956089e+01 2.06375599e+01 2.01395111e+01
    1.91303673e+01 2.07546844e+01 2.11804047e+01 2.01381340e+01
    2.23058662e+01 2.12544994e+01 2.04610443e+01 2.11040611e+01
    1.95561295e+01 1.96806126e+01 2.10941639e+01 2.15753479e+01
    1.92338734e+01 1.74441624e+01 1.65405312e+01 1.81396484e+01
    1.65270214e+01 1.69871254e+01 1.68125706e+01 1.77065544e+01
    1.87720623e+01 1.86132317e+01 1.83840542e+01 2.00272865e+01
    2.02108135e+01 2.23214073e+01 2.23099308e+01 2.30708694e+01
    2.25624199e+01 2.27912560e+01 2.21314392e+01 2.25403595e+01
    2.08443470e+01 2.34414330e+01 2.20362968e+01 2.13250141e+01
    2.24480171e+01 2.07211437e+01 2.04636688e+01 2.18053341e+01
    2.24891224e+01 2.13678455e+01 2.04437370e+01 2.15367718e+01
    2.25017872e+01 2.05276070e+01 1.94579391e+01 2.03825665e+01
    1.78805828e+01 1.92268581e+01 2.12558689e+01 1.84408474e+01
    1.89873734e+01 1.76273937e+01 1.82054214e+01 1.93303871e+01
    1.86738129e+01 1.77857723e+01 1.74238358e+01 1.91259594e+01
    1.93505955e+01 1.92215099e+01 1.87879925e+01 1.90479031e+01
    1.88821812e+01 1.96400414e+01 2.03573284e+01 2.06548920e+01
    1.92024136e+01 2.02552452e+01 1.74462624e+01 1.69894791e+01
    1.87756824e+01 1.83805771e+01 1.83460445e+01 1.95205765e+01
    1.88550091e+01 1.94263611e+01 1.84189644e+01 2.12189827e+01
    2.13017902e+01 2.00099754e+01 1.96946678e+01 1.90297012e+01
    2.00116425e+01 2.21793785e+01 1.97877007e+01 1.98970280e+01
    1.88624287e+01 1.99653130e+01 1.90831032e+01 1.91243324e+01
    2.01610031e+01 2.05896034e+01 2.07150764e+01 2.00015240e+01
    1.99241085e+01 2.01449738e+01 2.06539116e+01 2.10496597e+01
    1.98030891e+01 2.01563702e+01 1.80847340e+01 2.03043194e+01
    1.99067783e+01 1.76615849e+01 2.07846375e+01 1.90386543e+01
    1.98648624e+01 2.05056610e+01 1.89301300e+01 1.91342983e+01
    2.03783417e+01 1.92230492e+01 1.73576965e+01 1.95415325e+01
    1.99736576e+01 1.77339344e+01 1.94965839e+01 2.05055389e+01
    2.13508816e+01 1.89079590e+01 2.01434708e+01 2.07545300e+01
    2.02190914e+01 2.02246742e+01 2.12915840e+01 1.95505276e+01
    1.75609474e+01 1.86422997e+01 1.79423103e+01 1.67505550e+01
    1.80038338e+01 1.83464241e+01 1.75401707e+01 1.82220154e+01
    1.80053692e+01 1.93060551e+01 1.98873348e+01 2.09112549e+01
    2.11568737e+01 2.11378117e+01 2.01210041e+01 2.19944382e+01
    1.98939571e+01 2.08587093e+01 2.13988838e+01 2.19706440e+01
    2.13871059e+01 2.03654366e+01 2.18801384e+01 2.03167610e+01
    1.77086334e+01 2.06993351e+01 2.08801575e+01 2.09100780e+01
    2.05895615e+01 2.00658092e+01 1.95303288e+01 1.91734028e+01
    2.06884022e+01 1.87322140e+01 1.73953056e+01 1.69741993e+01
    1.62255402e+01 1.74025803e+01 1.76369133e+01 1.59230375e+01
    1.65610256e+01 1.65182457e+01 1.74279270e+01 1.83996334e+01
    1.83512478e+01 1.72879219e+01 1.83421535e+01 1.93832874e+01
    1.96356239e+01 2.02068634e+01 1.84067078e+01 2.05009823e+01
    2.25308533e+01 2.18688087e+01 1.96366653e+01 2.14257278e+01
    1.95344563e+01 1.88277206e+01 1.85247135e+01 1.82516365e+01
    1.90309238e+01 1.93413715e+01 1.89309502e+01 1.88427200e+01
    2.12488232e+01 2.14967690e+01 2.20753918e+01 2.40984650e+01
    2.19599590e+01 2.10057945e+01 2.13234806e+01 2.19767704e+01
    2.02202492e+01 1.94954453e+01 1.82114029e+01 1.65526409e+01
    1.72169666e+01 1.70479908e+01 1.80505276e+01 1.84661369e+01
    1.81212006e+01 1.77437859e+01 1.96041203e+01 1.80510921e+01
    1.81054707e+01 1.80305367e+01 1.89842014e+01 1.74621067e+01
    1.91412830e+01 1.89703121e+01 1.96610603e+01 2.17113380e+01
    2.15668373e+01 2.00009003e+01 2.06753693e+01 2.02227116e+01
    1.91150074e+01 1.93613148e+01 1.96617737e+01 1.89667912e+01
    1.90978203e+01 1.94579983e+01 2.03289413e+01 1.91475430e+01
    1.98046703e+01 2.07130642e+01 2.09305420e+01 2.13279209e+01
    2.18170109e+01 2.22733955e+01 2.12903023e+01 1.96479664e+01
    2.15012970e+01 2.07637558e+01 2.05461903e+01 1.94305744e+01
    1.99467735e+01 1.93379650e+01 2.03388958e+01 2.05481796e+01
    1.91588669e+01 2.01634331e+01 2.04920712e+01 2.18806381e+01
    2.10477715e+01 1.97265453e+01 1.97295551e+01 2.00623474e+01
    1.81113701e+01 1.98923111e+01 1.98012905e+01 2.07042961e+01
    2.07893543e+01 1.99443512e+01 1.80890598e+01 1.77471676e+01
    1.70175228e+01 1.86344566e+01 1.84561634e+01 1.75646305e+01
    1.90108356e+01 1.80956097e+01 1.77095184e+01 1.99841614e+01
    2.01155739e+01 2.24665279e+01 2.24907951e+01 2.32419281e+01
    2.14135857e+01 2.27726784e+01 2.23331146e+01 2.24790993e+01
    2.26533279e+01 2.12409649e+01 2.18898716e+01 2.21327953e+01
    2.15096016e+01 2.18923531e+01 2.14483948e+01 2.12686596e+01
    2.15554867e+01 2.13457642e+01 2.02425575e+01 2.05369015e+01
    2.07165718e+01 2.03612823e+01 1.98724804e+01 1.99847298e+01
    1.94254665e+01 2.09686375e+01 2.02561760e+01 1.89104061e+01
    1.89176807e+01 1.87524738e+01 1.68575630e+01 1.81273994e+01
    2.01200962e+01 1.83854561e+01 1.77482319e+01 1.75833416e+01
    1.87427979e+01 1.86210117e+01 1.85228252e+01 2.04478321e+01
    1.85900517e+01 1.85003510e+01 2.02549686e+01 2.07050934e+01
    2.02036266e+01 2.08174877e+01 1.99863873e+01 1.73394051e+01
    1.76938763e+01 1.91747227e+01 1.88036461e+01 1.94302139e+01
    2.05023594e+01 1.95655098e+01 1.87715073e+01 2.03110046e+01
    2.21906071e+01 2.06059017e+01 1.90454388e+01 1.95049458e+01
    2.05951042e+01 2.07508831e+01 2.01849365e+01 1.96106472e+01
    1.88378754e+01 1.95021801e+01 2.03586559e+01 1.99631729e+01
    2.01762085e+01 2.08473721e+01 1.87083912e+01 1.98541241e+01
    2.25571175e+01 2.06542549e+01 1.93235264e+01 2.03261642e+01
    1.97763252e+01 2.06182766e+01 2.05534477e+01 1.85224934e+01
    1.91451817e+01 1.96215954e+01 1.97232285e+01 1.88900490e+01
    2.09555931e+01 2.01980572e+01 1.87418346e+01 1.92634678e+01
    2.08348103e+01 1.86613388e+01 1.99928875e+01 2.13402309e+01
    2.13957005e+01 1.93296432e+01 1.98549271e+01 2.09238071e+01
    2.03606510e+01 2.08270149e+01 2.14731197e+01 2.11163101e+01
    1.87794628e+01 1.89099178e+01 2.16243515e+01 2.18300514e+01
    1.91445580e+01 1.71931210e+01 1.85101089e+01 1.90888882e+01
    1.80141392e+01 1.88456898e+01 1.73987007e+01 1.86716614e+01
    1.70730438e+01 1.80727081e+01 2.03285389e+01 1.90748196e+01
    1.94148293e+01 2.08464432e+01 1.99908695e+01 2.07799816e+01
    2.10962143e+01 2.05624313e+01 2.14273930e+01 1.93174496e+01
    1.99872742e+01 2.02402859e+01 2.14356632e+01 1.99915009e+01
    1.95048256e+01 1.95896893e+01 1.96188984e+01 1.99917297e+01
    1.95494404e+01 1.98389721e+01 1.85046539e+01 1.98079510e+01
    2.03297119e+01 1.92149086e+01 1.93352623e+01 1.76133080e+01
    1.56515703e+01 1.69241467e+01 1.65622044e+01 1.66737041e+01
    1.71859207e+01 1.66637592e+01 1.66222725e+01 1.75948715e+01
    1.94375210e+01 1.83088093e+01 1.85566235e+01 1.98711586e+01
    1.97028351e+01 1.96650906e+01 2.04687748e+01 2.01611500e+01
    2.07789536e+01 2.14070854e+01 2.04061508e+01 2.05468826e+01
    1.99497433e+01 2.05534420e+01 1.93603764e+01 1.89713097e+01
    1.78600864e+01 1.90831966e+01 1.92906647e+01 2.06149101e+01
    2.14060764e+01 2.09850121e+01 2.22887230e+01 2.26885834e+01
    2.23546391e+01 2.16309681e+01 2.31654358e+01 2.21829662e+01
    2.11942272e+01 1.81367016e+01 1.94153824e+01 1.75224800e+01
    1.81148052e+01 1.64813995e+01 1.90518341e+01 1.87813683e+01
    2.02592373e+01 1.76356411e+01 1.86447124e+01 1.86731052e+01
    1.76905479e+01 1.80025177e+01 2.00138111e+01 1.76899738e+01
    2.09050636e+01 1.94726257e+01 1.99027882e+01 2.10518131e+01
    2.19771061e+01 2.09966450e+01 1.90058708e+01 1.96402092e+01
    2.05478878e+01 1.98659229e+01 2.11425686e+01 2.20085182e+01
    2.13172798e+01 2.24162025e+01 2.18733540e+01 2.07203655e+01
    1.94032841e+01 2.15411835e+01 2.22703857e+01 2.08051987e+01
    2.05424480e+01 2.03853436e+01 2.11661968e+01 2.06842213e+01
    2.10764732e+01 2.08740311e+01 2.04555645e+01 1.98576794e+01
    2.03538685e+01 2.00079460e+01 1.98917542e+01 2.09298229e+01
    2.08324585e+01 1.96661911e+01 2.20481586e+01 2.17625713e+01
    2.07341042e+01 2.11718616e+01 1.99969177e+01 2.08389874e+01
    2.00233440e+01 2.13817978e+01 2.02266560e+01 1.99346142e+01
    2.01764450e+01 2.04150448e+01 1.85420856e+01 1.64388123e+01
    1.62428875e+01 1.72384987e+01 1.73883152e+01 1.81541538e+01
    1.83463383e+01 1.78090324e+01 1.81073647e+01 2.02080917e+01
    2.12598610e+01 2.18717289e+01 2.38918056e+01 2.23974171e+01
    2.28435478e+01 2.26348820e+01 2.28324280e+01 2.30122375e+01
    2.15697479e+01 2.29435368e+01 2.09969845e+01 2.24374428e+01
    2.17935524e+01 2.09617100e+01 2.06396942e+01 2.03507805e+01
    1.97657089e+01 2.08411694e+01 2.02479649e+01 2.08806896e+01
    2.06513271e+01 2.00815048e+01 2.02491970e+01 2.01224804e+01
    1.95391998e+01 2.02605057e+01 1.91756458e+01 1.95995235e+01
    1.94611664e+01 1.96489353e+01 1.78291512e+01 1.89301090e+01
    1.98062706e+01 1.93499107e+01 1.93033600e+01 1.88037415e+01
    1.90609493e+01 1.95345020e+01 1.87556019e+01 2.11311913e+01
    2.05651665e+01 1.84636116e+01 2.00313148e+01 1.95757294e+01
    1.89347191e+01 1.76409683e+01 1.66520767e+01 1.67094364e+01
    1.78730831e+01 1.82499332e+01 1.84816017e+01 1.94572620e+01
    1.96424236e+01 1.95616055e+01 1.99935284e+01 2.10612793e+01
    2.10556488e+01 2.09003658e+01 1.92907753e+01 1.88567600e+01
    1.91456451e+01 2.03813171e+01 2.02747784e+01 1.97083435e+01
    1.86330280e+01 1.91085606e+01 1.90537777e+01 1.97316990e+01
    1.99724903e+01 1.96509933e+01 1.85571690e+01 1.82392502e+01
    1.89543839e+01 2.04993935e+01 1.99225502e+01 2.04415207e+01
    1.95852966e+01 1.93954601e+01 1.99302769e+01 2.02826138e+01
    1.89223061e+01 2.03379993e+01 1.86997509e+01 1.80747585e+01
    2.00814514e+01 1.97663689e+01 1.86053410e+01 1.91542835e+01
    1.91626549e+01 1.83334980e+01 1.93360443e+01 2.03645763e+01
    2.09086380e+01 1.90639362e+01 2.02041168e+01 2.05500507e+01
    2.14673100e+01 2.06604404e+01 2.12662792e+01 2.09764481e+01
    2.05090046e+01 2.17027187e+01 1.94677944e+01 2.13918724e+01
    1.71539803e+01 1.86215916e+01 1.71772747e+01 1.66606178e+01
    1.83019676e+01 1.75871048e+01 1.70276375e+01 1.77047710e+01
    1.70228291e+01 1.91950226e+01 2.01900444e+01 2.07678604e+01
    1.98600559e+01 2.01205826e+01 2.14486542e+01 2.13901978e+01
    2.04851685e+01 2.15889530e+01 2.05212345e+01 1.94506512e+01
    1.89153843e+01 1.89328766e+01 2.00224152e+01 1.97335987e+01
    1.77115707e+01 1.85051575e+01 1.94344902e+01 1.97989979e+01
    1.92800026e+01 1.97969990e+01 1.82743568e+01 1.94240227e+01
    1.78998642e+01 1.73294964e+01 1.76394482e+01 1.60919933e+01
    1.61623573e+01 1.57029724e+01 1.66860638e+01 1.69633217e+01
    1.64153175e+01 1.63688850e+01 1.72908535e+01 1.76702766e+01
    1.86005630e+01 1.74026623e+01 1.83775482e+01 1.96209316e+01
    1.86924305e+01 1.86491985e+01 1.96145878e+01 1.96542549e+01
    2.08419819e+01 2.13059120e+01 2.11335449e+01 2.16069260e+01
    1.92829704e+01 1.93431015e+01 1.88605824e+01 1.96701164e+01
    1.94649773e+01 1.91945667e+01 1.97121639e+01 2.18144188e+01
    2.14358559e+01 2.13884544e+01 2.17343292e+01 2.43574753e+01
    2.19703140e+01 2.14497013e+01 2.10907021e+01 2.41414795e+01
    2.13780289e+01 1.96904850e+01 1.86925545e+01 1.77505684e+01
    1.91666470e+01 1.93335514e+01 1.97434063e+01 2.03724651e+01
    1.82889957e+01 1.75032291e+01 1.88478737e+01 1.92736969e+01
    1.83142490e+01 1.74213791e+01 1.87888069e+01 1.81842918e+01
    2.02174358e+01 1.86019859e+01 1.82904186e+01 2.03588295e+01
    2.12756233e+01 2.12706566e+01 1.93696365e+01 2.10899887e+01
    1.96883335e+01 2.01915836e+01 2.00690441e+01 2.21123352e+01
    1.87166290e+01 2.03668938e+01 2.06645336e+01 2.06730881e+01
    2.05077267e+01 1.97656078e+01 2.11280880e+01 2.04409466e+01
    2.10932674e+01 2.13531151e+01 2.13683300e+01 2.18308411e+01
    2.02497272e+01 2.11394978e+01 2.09151497e+01 2.02886467e+01
    2.07067471e+01 1.95083694e+01 1.97568169e+01 2.06971245e+01
    1.89434090e+01 1.97909069e+01 2.12258282e+01 2.08993702e+01
    2.00410709e+01 2.10329971e+01 1.95786057e+01 1.93570366e+01
    2.03867054e+01 1.91049461e+01 1.87922649e+01 1.93557186e+01
    1.84195423e+01 1.84329090e+01 1.92724972e+01 1.59468479e+01
    1.58615084e+01 1.68366966e+01 1.88443260e+01 1.85816708e+01
    1.80040913e+01 1.80247173e+01 1.73903275e+01 1.97760086e+01
    2.14041080e+01 2.15159798e+01 2.36586952e+01 2.50261211e+01
    2.19743862e+01 2.28000011e+01 2.15600166e+01 2.21176510e+01
    2.18336697e+01 2.14894161e+01 2.13912773e+01 2.01179562e+01
    2.07645264e+01 2.04666252e+01 1.94157906e+01 2.14959049e+01
    2.00755482e+01 1.96789207e+01 2.11942749e+01 2.14478130e+01
    2.13793926e+01 2.11536732e+01 1.85030670e+01 2.02774239e+01
    2.05535450e+01 2.00188675e+01 1.99811974e+01 2.05194530e+01
    1.92906570e+01 1.91496296e+01 1.92568817e+01 1.92995415e+01
    1.91660843e+01 1.96138401e+01 2.02088451e+01 1.95028667e+01
    2.02910442e+01 1.93895397e+01 1.95977974e+01 1.84636784e+01
    1.84069023e+01 1.71675262e+01 1.76425247e+01 1.79015923e+01
    1.73366661e+01 1.79877625e+01 1.68342381e+01 1.69139595e+01
    1.71935253e+01 1.81212654e+01 1.83365726e+01 1.98635044e+01
    1.92818680e+01 1.84703674e+01 1.92590637e+01 2.12430058e+01
    2.05579700e+01 2.17294769e+01 2.01612797e+01 1.89026756e+01
    1.97050667e+01 2.05392780e+01 1.99171429e+01 2.13421173e+01
    1.98074913e+01 1.88139744e+01 1.85415020e+01 1.97426395e+01
    1.95720863e+01 1.78236885e+01 1.72952805e+01 1.79138145e+01
    1.68580341e+01 1.89168720e+01 1.93523979e+01 1.89143944e+01
    1.78298321e+01 1.87284660e+01 1.99637985e+01 1.90195694e+01
    1.96684799e+01 1.70385380e+01 2.01577511e+01 1.89950237e+01
    1.89213886e+01 2.00563412e+01 1.99011574e+01 1.92348461e+01
    1.84234428e+01 1.78148842e+01 2.00245152e+01 1.99088440e+01
    2.13155746e+01 1.94448586e+01 1.95296421e+01 2.16695137e+01
    1.96042213e+01 2.04447746e+01 2.27271137e+01 2.09685535e+01
    1.95475941e+01 2.10390015e+01 1.97720337e+01 1.92016506e+01
    1.77368584e+01 1.67991829e+01 1.79302406e+01 1.74428539e+01
    1.74410954e+01 1.77777634e+01 1.65614319e+01 1.71006927e+01
    1.72905083e+01 1.69745922e+01 1.95999508e+01 2.02356434e+01
    2.00223198e+01 2.02825451e+01 2.15280552e+01 2.11840916e+01
    2.13694305e+01 2.22782955e+01 1.97410755e+01 1.94660206e+01
    1.87723236e+01 1.90551128e+01 1.88703957e+01 1.94205246e+01
    1.83363056e+01 2.01958923e+01 1.75861073e+01 1.89466209e+01
    1.94304256e+01 1.89230461e+01 1.99397678e+01 1.77109089e+01
    1.70822449e+01 1.79546490e+01 1.66167355e+01 1.70465469e+01
    1.79351826e+01 1.69792690e+01 1.68248978e+01 1.65784550e+01
    1.72918320e+01 1.81137829e+01 1.74286766e+01 1.76707821e+01
    1.88213348e+01 1.88061981e+01 1.89678173e+01 1.89106522e+01
    1.85762463e+01 1.98740692e+01 1.97173367e+01 2.05871544e+01
    1.95529861e+01 1.98172092e+01 2.00801563e+01 2.05798664e+01
    2.14566288e+01 2.04308453e+01 2.03766880e+01 2.05230961e+01
    2.01979618e+01 2.05102272e+01 2.05615292e+01 2.36907902e+01
    2.14888592e+01 2.02890701e+01 2.21573162e+01 2.37713623e+01
    2.22933540e+01 2.11903915e+01 2.15454025e+01 2.18009396e+01
    2.14853191e+01 2.01282654e+01 2.02210636e+01 1.75137062e+01
    1.90110779e+01 1.92768230e+01 2.07220058e+01 1.99949207e+01
    1.83044395e+01 1.61690083e+01 1.73332500e+01 1.80379086e+01
    1.79666100e+01 1.82928715e+01 1.89390888e+01 1.72896442e+01
    2.16347256e+01 2.02153740e+01 1.96083107e+01 2.01538849e+01
    2.07151928e+01 2.15430489e+01 2.05386734e+01 1.85743313e+01
    1.92854996e+01 1.90232563e+01 2.07290859e+01 2.18889618e+01
    1.97216682e+01 2.15015240e+01 2.02933559e+01 2.12621269e+01
    2.07373009e+01 2.17907200e+01 2.00898705e+01 2.02998657e+01
    2.10449467e+01 2.17841225e+01 2.13993702e+01 2.00356121e+01
    2.17315636e+01 2.07811623e+01 2.18351898e+01 2.14137936e+01
    2.17336521e+01 2.12030830e+01 2.03288803e+01 2.06120300e+01
    2.04748230e+01 1.87839470e+01 2.14279137e+01 2.12531357e+01
    1.99844551e+01 2.11198139e+01 1.98565235e+01 1.87144661e+01
    2.12006912e+01 1.91765385e+01 2.06154327e+01 1.89129105e+01
    1.77585964e+01 1.73972054e+01 1.75818157e+01 1.85735455e+01
    1.74800472e+01 1.60738697e+01 1.83952103e+01 1.82150116e+01
    1.81766682e+01 1.86553478e+01 1.79838772e+01 1.93794365e+01
    2.14055939e+01 2.14051819e+01 2.31135235e+01 2.47430725e+01
    2.31545143e+01 2.13338585e+01 2.09739628e+01 2.18535633e+01
    2.16025620e+01 2.09833183e+01 2.07729053e+01 2.05511475e+01
    2.03790169e+01 1.99224663e+01 2.04043941e+01 2.11640873e+01
    2.10686035e+01 2.07797165e+01 1.97589931e+01 2.21994209e+01
    2.24135838e+01 2.18526955e+01 2.05265160e+01 1.95302982e+01
    2.03743038e+01 2.08115215e+01 2.12307854e+01 2.13735523e+01
    2.12181740e+01 1.97057629e+01 1.94866505e+01 1.94940948e+01
    1.96101341e+01 1.88570938e+01 2.06120033e+01 2.03821239e+01
    1.88819485e+01 1.84925213e+01 1.86533756e+01 1.82517967e+01
    1.79517460e+01 1.93766308e+01 1.86360741e+01 1.75881596e+01
    1.83116856e+01 1.78768349e+01 1.62996845e+01 1.72770061e+01
    1.73604469e+01 1.68779259e+01 1.73631496e+01 1.79215450e+01
    1.84761848e+01 1.97785263e+01 2.02696514e+01 2.29487381e+01
    2.11564732e+01 2.09746113e+01 2.06019993e+01 1.97801609e+01
    2.11716042e+01 2.06392956e+01 2.00184765e+01 1.97918949e+01
    1.91379356e+01 1.97589283e+01 1.91513577e+01 1.92987728e+01
    1.88034401e+01 1.72786884e+01 1.72065601e+01 1.65493259e+01
    1.75875549e+01 1.74906521e+01 1.94362278e+01 2.01809845e+01
    1.82173557e+01 1.80263920e+01 1.96077518e+01 1.98526573e+01
    1.92086239e+01 1.91014290e+01 1.95120049e+01 1.93280602e+01
    1.97392540e+01 2.00771694e+01 2.00633068e+01 1.83709717e+01
    1.83329487e+01 1.74623222e+01 1.81232014e+01 2.01956139e+01
    2.11126137e+01 1.91974468e+01 1.91594448e+01 2.13702583e+01
    2.10346355e+01 1.97440453e+01 2.18219147e+01 2.05988255e+01
    1.86043625e+01 1.90034485e+01 2.01602478e+01 1.75228519e+01
    1.78811455e+01 1.88786449e+01 1.69884510e+01 1.84559422e+01
    1.84616833e+01 1.76122169e+01 1.66081142e+01 1.64085503e+01
    1.77466049e+01 1.84832325e+01 2.12306290e+01 2.18982029e+01
    1.99502258e+01 2.10587158e+01 2.21653442e+01 2.21802578e+01
    2.17057571e+01 2.32982330e+01 2.15330791e+01 1.94112320e+01
    1.87452888e+01 2.03274517e+01 1.97717533e+01 2.03210487e+01
    1.72782650e+01 1.91251163e+01 1.83248348e+01 1.96616383e+01
    1.85696182e+01 1.79170303e+01 1.97860222e+01 1.77155132e+01
    1.76369190e+01 1.70438004e+01 1.61574268e+01 1.57018223e+01
    1.85924244e+01 1.86674099e+01 1.77538433e+01 1.75856323e+01
    1.77508602e+01 1.81768589e+01 2.00789700e+01 1.94435520e+01
    1.88502674e+01 1.72826862e+01 1.99879055e+01 2.06503544e+01
    1.98585262e+01 1.74856987e+01 1.83802452e+01 1.93643703e+01
    1.90170231e+01 2.11411362e+01 1.91257095e+01 1.95994911e+01
    2.04319458e+01 1.96298218e+01 1.97832375e+01 2.26733780e+01
    2.21396503e+01 2.03322182e+01 2.07661095e+01 2.26793938e+01
    2.32909527e+01 2.15986023e+01 2.13987465e+01 2.15810680e+01
    2.26967602e+01 2.02134495e+01 2.07796783e+01 2.01273746e+01
    2.11226711e+01 1.99066448e+01 1.87756462e+01 1.95505867e+01
    1.95640812e+01 1.79985065e+01 1.92017040e+01 1.99904385e+01
    1.79403877e+01 1.78682022e+01 1.84727573e+01 1.81791344e+01
    1.82889385e+01 1.94863110e+01 2.11302681e+01 2.01641579e+01
    2.08023605e+01 1.98360138e+01 2.02907028e+01 2.09527416e+01
    2.07607613e+01 1.94223251e+01 2.00587311e+01 2.04587345e+01
    1.99775982e+01 2.02966633e+01 2.01612091e+01 2.08914375e+01
    1.95732670e+01 2.01866455e+01 2.01789608e+01 2.08176022e+01
    1.92560444e+01 2.04286671e+01 2.05258465e+01 2.05416584e+01
    2.17850380e+01 2.16053734e+01 1.97387676e+01 2.12717800e+01
    2.22380848e+01 2.05797882e+01 2.03861408e+01 2.14034290e+01
    2.12556953e+01 2.09012871e+01 2.04023571e+01 1.94436874e+01
    2.01760540e+01 2.00859337e+01 1.86119404e+01 1.93654327e+01
    1.90859337e+01 1.99523354e+01 2.00745640e+01 1.93673458e+01
    2.07952499e+01 2.12058830e+01 2.16791973e+01 2.08273716e+01
    1.93229427e+01 1.87853680e+01 1.86444454e+01 1.94755020e+01
    1.83009129e+01 1.53326406e+01 1.67687206e+01 1.82354412e+01
    1.86000996e+01 1.85724354e+01 1.82520523e+01 1.89224243e+01
    1.98505383e+01 2.17001534e+01 2.20962448e+01 2.32574730e+01
    2.21953964e+01 2.13480244e+01 2.11545372e+01 2.15182247e+01
    2.23120060e+01 2.23353672e+01 2.10571461e+01 2.13716068e+01
    2.08137341e+01 2.00971050e+01 2.12373886e+01 2.08376045e+01
    2.08555241e+01 2.07885284e+01 2.22715530e+01 2.00765953e+01
    2.09922256e+01 2.19849186e+01 1.97826481e+01 1.99037132e+01
    2.08726177e+01 2.12949772e+01 2.05447578e+01 2.05486126e+01
    1.95929565e+01 2.00071297e+01 1.94328289e+01 1.91426697e+01
    2.06436195e+01 1.94551296e+01 1.82353973e+01 1.91053772e+01
    1.88450584e+01 1.87493305e+01 1.92401237e+01 1.85101738e+01
    1.73246460e+01 1.76945877e+01 1.88076992e+01 1.92992306e+01
    1.90989113e+01 1.90670204e+01 1.80421791e+01 1.81130867e+01
    1.83634319e+01 1.90344200e+01 2.06717339e+01 1.96094227e+01
    1.81014671e+01 1.97275639e+01 1.97182198e+01 2.12677765e+01
    2.01997318e+01 1.95780239e+01 2.09546719e+01 1.98419971e+01
    1.93276386e+01 1.89459343e+01 1.92653694e+01 1.87892151e+01
    1.96837273e+01 1.96760349e+01 1.88515701e+01 1.96585293e+01
    1.82380733e+01 1.72995777e+01 1.78484344e+01 1.86352940e+01
    1.81610928e+01 1.83809681e+01 1.92144184e+01 1.98001518e+01
    2.01645851e+01 1.95168095e+01 1.87059135e+01 2.14998665e+01
    1.87813301e+01 1.87490196e+01 2.03568439e+01 2.02168865e+01
    1.89688644e+01 1.95633869e+01 1.87914639e+01 1.76107941e+01
    2.02454815e+01 1.87155228e+01 1.94724197e+01 2.05991726e+01
    2.07454720e+01 1.78064079e+01 1.83353348e+01 1.99262524e+01
    2.13432941e+01 2.09372463e+01 2.01269360e+01 2.06033287e+01
    1.94007092e+01 2.01823711e+01 2.08015022e+01 1.73994560e+01
    1.81381626e+01 1.54964695e+01 1.72738113e+01 1.59049311e+01
    1.76898041e+01 1.52860003e+01 1.61997547e+01 1.70083675e+01
    1.63864384e+01 1.79122581e+01 1.97504845e+01 2.09095688e+01
    2.09930058e+01 2.04695797e+01 2.11112881e+01 2.34096088e+01
    2.14963207e+01 2.26194801e+01 2.06383610e+01 2.11013718e+01
    2.04634380e+01 2.08903561e+01 1.92302551e+01 1.94953461e+01
    1.87566929e+01 1.94500504e+01 1.97547436e+01 2.00500374e+01
    1.76240768e+01 2.01373997e+01 1.92310314e+01 1.79990063e+01
    1.80494137e+01 1.73989315e+01 1.76462021e+01 1.83521671e+01
    1.81856022e+01 1.84146843e+01 1.72883186e+01 1.83494205e+01
    1.85829411e+01 1.81151867e+01 1.91436539e+01 2.06449738e+01
    1.93536301e+01 1.91646976e+01 1.89324207e+01 2.05234337e+01
    2.02545452e+01 1.87644043e+01 1.74954529e+01 1.83310356e+01
    1.86852894e+01 2.06800423e+01 1.98990593e+01 1.96765671e+01
    1.96798363e+01 1.99063873e+01 2.06838474e+01 2.16371918e+01
    2.26448555e+01 2.13835316e+01 1.93497276e+01 2.11247768e+01
    2.19784489e+01 2.10871773e+01 2.06735306e+01 2.08763599e+01
    2.07904453e+01 2.09490395e+01 2.13690662e+01 2.05304699e+01
    1.99143372e+01 1.98391151e+01 2.03250561e+01 1.94026203e+01
    1.92141285e+01 1.91389961e+01 1.96369839e+01 2.05955200e+01
    2.03053646e+01 1.68772640e+01 1.82277870e+01 1.88171444e+01
    1.85438900e+01 2.02715721e+01 2.01273155e+01 1.97825546e+01
    2.11597233e+01 2.05212708e+01 1.90618458e+01 2.09103069e+01
    2.03741035e+01 1.98976555e+01 1.89625549e+01 1.99366703e+01
    1.98895111e+01 1.98784351e+01 2.02495613e+01 2.22195301e+01
    2.10479832e+01 2.13880291e+01 2.12452660e+01 2.16623859e+01
    2.17922134e+01 2.09225330e+01 2.12789059e+01 2.03737431e+01
    2.05314484e+01 2.21539803e+01 2.00216732e+01 1.98720074e+01
    2.17742786e+01 2.01572323e+01 2.06180229e+01 2.10823021e+01
    2.05670261e+01 2.11039562e+01 2.09026165e+01 1.96997738e+01
    2.12296600e+01 1.94326458e+01 2.06568851e+01 2.04910431e+01
    2.00434017e+01 1.91758633e+01 2.10486393e+01 2.00333004e+01
    2.14288750e+01 2.09714088e+01 1.83348923e+01 2.07845306e+01
    2.21366062e+01 1.95665054e+01 1.93806133e+01 1.81400318e+01
    1.91808052e+01 1.80254498e+01 1.74011078e+01 1.91424332e+01
    1.90401878e+01 1.90095158e+01 1.75821552e+01 1.88502712e+01
    1.88474026e+01 2.08537579e+01 2.03729649e+01 2.08220253e+01
    2.15997334e+01 2.06966476e+01 2.24578705e+01 2.08098011e+01
    2.13708305e+01 2.28842831e+01 2.16446457e+01 2.12356968e+01
    2.06296444e+01 1.89506073e+01 1.97756748e+01 2.04079018e+01
    2.07923126e+01 2.11724339e+01 1.96082993e+01 1.96454258e+01
    2.01389637e+01 2.28422165e+01 1.94851398e+01 1.98973370e+01
    1.96772003e+01 1.98865147e+01 1.92293777e+01 1.95105324e+01
    1.92735920e+01 2.07946930e+01 2.05168133e+01 1.95242825e+01
    1.98729782e+01 1.88586216e+01 2.02116795e+01 1.93083153e+01
    1.89385395e+01 1.85062904e+01 1.90327930e+01 2.00203857e+01
    1.81620960e+01 1.89862576e+01 1.97219505e+01 1.96323090e+01
    1.83859119e+01 1.97184086e+01 1.94769650e+01 1.89719524e+01
    1.87150402e+01 2.02356224e+01 1.95821247e+01 2.00820198e+01
    1.99766254e+01 1.88135700e+01 1.90773144e+01 2.09365082e+01
    2.05550919e+01 1.87673416e+01 1.84757538e+01 1.89946918e+01
    1.98664722e+01 2.01660709e+01 1.95799370e+01 1.96676197e+01
    2.08332596e+01 1.93126850e+01 2.11854858e+01 2.09025459e+01
    1.96352329e+01 1.88286648e+01 1.78958225e+01 1.92302628e+01
    1.94690990e+01 1.69082375e+01 1.94789124e+01 2.06407032e+01
    2.01717415e+01 2.10038853e+01 2.04572906e+01 2.14960175e+01
    2.06563072e+01 1.95005627e+01 2.01943035e+01 1.92310314e+01
    1.97142448e+01 1.98813572e+01 1.76542606e+01 1.67668514e+01
    1.98772259e+01 1.84805565e+01 1.80805550e+01 1.96613770e+01
    1.93477497e+01 1.90222225e+01 2.01152916e+01 1.92017689e+01
    2.20693645e+01 1.95017757e+01 2.12633209e+01 2.04150753e+01
    1.85687561e+01 1.82002525e+01 1.85144463e+01 1.79759617e+01
    1.71078911e+01 1.48654709e+01 1.62305183e+01 1.69469929e+01
    1.77216511e+01 1.82986221e+01 1.73953495e+01 1.74203339e+01
    1.87275925e+01 1.83239155e+01 1.98118763e+01 2.01561832e+01
    2.06887684e+01 2.27665195e+01 2.18962116e+01 2.35268078e+01
    2.25017681e+01 2.22856712e+01 2.21372128e+01 2.09009609e+01
    2.12448730e+01 2.17123108e+01 1.87677574e+01 1.87280064e+01
    1.85354252e+01 1.80489159e+01 2.07950897e+01 2.05972500e+01
    1.87563286e+01 1.90685577e+01 1.77733822e+01 1.88787498e+01
    1.76365585e+01 1.71847591e+01 1.76476135e+01 1.74623489e+01
    1.82822647e+01 1.82149944e+01 1.75671558e+01 1.88234863e+01
    1.96618404e+01 1.94245300e+01 1.97905216e+01 2.11729584e+01
    2.00198212e+01 1.80920715e+01 2.02663136e+01 2.05984230e+01
    1.90997105e+01 1.93854408e+01 1.84130878e+01 1.95146236e+01
    2.09976730e+01 1.95911198e+01 1.99748344e+01 1.97516918e+01
    1.96191216e+01 1.94055367e+01 1.95596733e+01 2.19871864e+01
    2.28404770e+01 2.08697128e+01 1.96982803e+01 2.04276085e+01
    2.21834831e+01 2.05718384e+01 1.93680897e+01 2.00930061e+01
    1.92438030e+01 1.89200211e+01 1.93573780e+01 2.04894333e+01
    2.06798935e+01 1.87905941e+01 1.84840412e+01 2.05464859e+01
    1.94919739e+01 1.97284565e+01 1.99025745e+01 2.03224411e+01
    1.89738731e+01 1.83710308e+01 2.02188931e+01 2.02842922e+01
    1.85667152e+01 1.90250340e+01 2.02046013e+01 1.86336956e+01
    1.85702763e+01 1.88239136e+01 1.83458557e+01 2.10879288e+01
    1.99135761e+01 1.94020176e+01 2.05361271e+01 2.12455044e+01
    2.17194805e+01 2.09585781e+01 2.10391006e+01 2.20060444e+01
    2.15641727e+01 2.03447838e+01 2.09100075e+01 2.06581230e+01
    1.94930344e+01 2.07532806e+01 2.10210819e+01 1.91584930e+01
    2.03877964e+01 2.10327129e+01 2.09151630e+01 2.01087608e+01
    1.97678471e+01 2.10978699e+01 2.03692608e+01 2.10778084e+01
    2.02016239e+01 1.99372082e+01 2.03010445e+01 1.90861931e+01
    2.06498604e+01 2.11789799e+01 1.97846012e+01 2.00960560e+01
    1.88419209e+01 1.84198723e+01 2.14075603e+01 2.02449932e+01
    2.03122826e+01 2.01758919e+01 1.94600525e+01 2.00233059e+01
    2.13172054e+01 2.08869114e+01 1.98021259e+01 1.83527451e+01
    1.77198467e+01 1.78952007e+01 1.97134438e+01 1.92767010e+01
    1.79411621e+01 1.81001530e+01 1.77324429e+01 1.77165546e+01
    2.01795235e+01 2.10665646e+01 2.13338261e+01 2.17207394e+01
    2.07832012e+01 2.18446007e+01 2.08547249e+01 2.18668671e+01
    2.12593479e+01 2.15828362e+01 2.22518444e+01 2.11966667e+01
    2.19314632e+01 2.08449383e+01 2.14884987e+01 2.04285545e+01
    2.14511719e+01 2.10754757e+01 2.06708965e+01 2.09833927e+01
    1.99704685e+01 2.00496998e+01 2.14779263e+01 1.93057919e+01
    1.98056946e+01 1.94261208e+01 1.97497978e+01 1.92312088e+01
    1.95444622e+01 1.98594246e+01 2.12791862e+01 2.14070969e+01
    2.01474972e+01 1.92606487e+01 1.98441048e+01 2.05019302e+01
    1.93136978e+01 1.93553410e+01 1.85782986e+01 1.76515503e+01
    1.86268692e+01 1.83188076e+01 1.81365452e+01 2.00509529e+01
    1.99752445e+01 2.07662239e+01 1.92958069e+01 2.01977215e+01
    2.08653603e+01 1.98551369e+01 1.95062580e+01 2.10056801e+01
    2.03317299e+01 1.91162281e+01 1.80056801e+01 1.93348026e+01
    1.98173618e+01 1.87719402e+01 1.74906445e+01 1.88339806e+01
    2.05937347e+01 1.99309921e+01 2.11166630e+01 2.02116604e+01
    2.01418209e+01 2.02026329e+01 1.98690319e+01 2.21569920e+01
    2.16951447e+01 1.93255234e+01 1.85909767e+01 1.93527832e+01
    1.88031807e+01 1.90654373e+01 1.90420589e+01 2.05029526e+01
    1.92417297e+01 2.11265850e+01 2.19671803e+01 1.98986588e+01
    2.02798195e+01 2.06368732e+01 1.95169754e+01 1.94423828e+01
    1.86144505e+01 1.94167042e+01 1.77407780e+01 1.60274448e+01
    1.79907036e+01 1.89252262e+01 1.95894222e+01 1.99158401e+01
    2.05299911e+01 1.85901833e+01 2.00569229e+01 2.02156773e+01
    2.05989819e+01 2.05653648e+01 1.95883465e+01 1.98516159e+01
    1.93906517e+01 1.96752205e+01 1.96395321e+01 1.86731071e+01
    1.82283325e+01 1.72841816e+01 1.73768559e+01 1.67768421e+01
    1.79967670e+01 1.86737709e+01 1.74286442e+01 1.89960842e+01
    1.88585701e+01 1.95187664e+01 1.92488003e+01 2.08722572e+01
    2.11298389e+01 2.13045559e+01 2.28207703e+01 2.19554501e+01
    2.28307247e+01 2.24355545e+01 2.10954990e+01 2.14162407e+01
    1.98246059e+01 2.07083225e+01 1.98037090e+01 1.94085617e+01
    1.91608639e+01 1.85749569e+01 1.86902447e+01 1.90388412e+01
    1.93711987e+01 1.93855076e+01 1.86168251e+01 1.89933491e+01
    1.80749054e+01 1.81001759e+01 1.82992229e+01 1.78711967e+01
    1.85621319e+01 1.81081734e+01 1.79346199e+01 1.98724937e+01
    2.12968349e+01 2.14854736e+01 2.04049664e+01 2.10294342e+01
    2.14254723e+01 2.13342495e+01 1.99198246e+01 2.16767120e+01
    1.97516022e+01 2.08001633e+01 1.98677311e+01 2.04397678e+01
    1.92665386e+01 1.98572235e+01 2.00546036e+01 1.95206928e+01
    2.06167717e+01 2.17473774e+01 2.01823196e+01 2.05974998e+01
    2.03273659e+01 2.07544441e+01 2.00683460e+01 1.94158287e+01
    2.05341587e+01 2.00497646e+01 2.01275787e+01 2.00425205e+01
    1.95564880e+01 1.97887230e+01 2.01404781e+01 2.05677738e+01
    2.03931313e+01 1.98238754e+01 1.97082901e+01 1.98886967e+01
    2.16758614e+01 2.05649471e+01 2.11041851e+01 2.01885872e+01
    2.06354008e+01 1.95482616e+01 1.96851654e+01 2.00867863e+01
    1.92286472e+01 1.85950661e+01 1.87422791e+01 1.85902157e+01
    1.95133953e+01 1.93822670e+01 1.91008797e+01 2.01224689e+01
    2.14914665e+01 2.10265636e+01 1.97761536e+01 2.01438675e+01
    2.03894405e+01 2.01055927e+01 2.22614079e+01 2.20409107e+01
    2.16806049e+01 2.13031349e+01 2.15690441e+01 2.01144657e+01
    2.13752613e+01 2.22469425e+01 2.13172779e+01 1.96373768e+01
    2.07924576e+01 2.15074329e+01 2.10457287e+01 2.06252022e+01
    1.94759102e+01 2.10723171e+01 1.97731876e+01 1.97391491e+01
    2.01162434e+01 1.92618103e+01 1.93419762e+01 2.05543041e+01
    2.01493855e+01 2.03083935e+01 1.97694283e+01 1.96700420e+01
    2.01707058e+01 1.80293961e+01 2.02144814e+01 2.00898724e+01
    2.03084736e+01 1.94355717e+01 1.91801624e+01 1.94065151e+01
    1.96476517e+01 2.04541798e+01 2.01492615e+01 1.77422543e+01
    1.87639217e+01 1.89523106e+01 1.91941757e+01 2.08789368e+01
    1.72743053e+01 1.82050400e+01 1.96069927e+01 1.92205830e+01
    2.07836533e+01 2.09444046e+01 2.12462730e+01 2.04012222e+01
    2.16620808e+01 2.08265648e+01 2.03206081e+01 2.00554867e+01
    2.07333889e+01 2.12712727e+01 2.09783306e+01 2.00624962e+01
    2.01440258e+01 1.86348057e+01 1.93490257e+01 2.11038609e+01
    1.93893204e+01 1.98154812e+01 1.88828354e+01 2.06651173e+01
    2.06302185e+01 2.00309429e+01 1.93288040e+01 1.87342396e+01
    1.96941319e+01 2.03001270e+01 1.95634499e+01 1.93392620e+01
    2.00584927e+01 1.92578793e+01 1.89606857e+01 1.98754826e+01
    1.99409618e+01 2.03495502e+01 1.96737156e+01 1.98857231e+01
    2.02962360e+01 1.80839729e+01 1.95107231e+01 1.94375954e+01
    1.79399929e+01 1.79849205e+01 1.85725880e+01 1.71906204e+01
    1.86576805e+01 1.95403614e+01 1.84143639e+01 1.93525352e+01
    2.10544376e+01 1.99420795e+01 1.91499405e+01 2.01922970e+01
    2.15667706e+01 1.98288555e+01 1.93311691e+01 2.02379303e+01
    2.04597988e+01 1.90101166e+01 1.86867332e+01 1.97346821e+01
    2.04115868e+01 1.99462910e+01 1.93361721e+01 2.03259659e+01
    2.07350807e+01 2.11721935e+01 1.96773643e+01 2.15492172e+01
    2.07916412e+01 1.76995449e+01 1.78193531e+01 1.80750275e+01
    1.72468586e+01 1.80922451e+01 1.97487068e+01 1.87329388e+01
    1.90158978e+01 2.01798515e+01 2.14774170e+01 2.03105659e+01
    1.92345448e+01 2.01887417e+01 1.97543697e+01 1.91107960e+01
    1.90827904e+01 1.89171391e+01 1.86215820e+01 1.66396446e+01
    1.78231392e+01 1.85195084e+01 1.80372543e+01 2.06199856e+01
    1.88193684e+01 1.87761612e+01 1.98056660e+01 2.00271759e+01
    2.04699688e+01 2.00179672e+01 2.10791149e+01 1.89301300e+01
    2.03158588e+01 1.90830364e+01 1.97758408e+01 1.91415939e+01
    1.89221249e+01 1.95987930e+01 1.77551422e+01 1.83605900e+01
    1.96751347e+01 2.06321812e+01 1.88122940e+01 2.03837318e+01
    1.99992580e+01 2.02909966e+01 1.94398594e+01 2.08474083e+01
    2.27475185e+01 2.19175606e+01 2.17092571e+01 2.05665474e+01
    2.20166664e+01 2.13881512e+01 2.10714340e+01 1.98024330e+01
    1.94749222e+01 1.93165417e+01 1.93212643e+01 1.79288330e+01
    1.75550117e+01 1.76330566e+01 1.61163902e+01 1.98375092e+01
    2.00014191e+01 1.98497334e+01 1.91831589e+01 1.86138344e+01
    1.72137375e+01 1.76607780e+01 1.68455315e+01 1.84797573e+01
    1.95764885e+01 1.92326984e+01 1.91429462e+01 2.03845997e+01
    2.02538929e+01 2.03054733e+01 2.13338718e+01 2.12233410e+01
    1.99835014e+01 1.90849724e+01 2.09444141e+01 2.18183689e+01
    1.91066017e+01 1.85506477e+01 1.87333946e+01 1.98664532e+01
    1.93032188e+01 1.99299755e+01 2.01734085e+01 2.01162148e+01
    2.01626225e+01 2.13565922e+01 1.96745319e+01 2.10242558e+01
    2.14023495e+01 1.90730553e+01 1.98795452e+01 2.09026318e+01
    1.81175861e+01 1.78414307e+01 1.85142708e+01 1.93603115e+01
    1.86303692e+01 1.84904957e+01 1.96833839e+01 1.93954773e+01
    2.09379368e+01 2.01999283e+01 1.84710636e+01 1.98790474e+01
    2.10585632e+01 2.01061039e+01 2.02842045e+01 2.04828529e+01
    1.94020500e+01 1.89925365e+01 1.91987038e+01 2.01461277e+01
    1.95376453e+01 2.03617630e+01 2.02483749e+01 1.75545883e+01
    1.97091503e+01 1.96941662e+01 1.79995594e+01 1.99019661e+01
    2.11646214e+01 2.16786938e+01 2.06535168e+01 2.16446495e+01
    2.06507225e+01 2.10929642e+01 2.25984669e+01 2.17178593e+01
    2.01412888e+01 2.07202225e+01 2.01805840e+01 2.01789837e+01
    1.94980125e+01 2.08714275e+01 2.11046448e+01 2.18817787e+01
    1.95080643e+01 2.00202179e+01 1.98037529e+01 2.14098988e+01
    2.02465363e+01 2.12475967e+01 1.88220901e+01 1.84009953e+01
    2.00711880e+01 1.97447147e+01 1.80414810e+01 1.75029259e+01
    1.84559383e+01 1.82040825e+01 1.76682110e+01 1.72116299e+01
    1.77533798e+01 1.74009724e+01 1.93153534e+01 1.88382854e+01
    1.92091045e+01 1.99435406e+01 1.90095825e+01 1.90406361e+01
    1.88417530e+01 1.96486683e+01 2.01508045e+01 1.83654308e+01
    1.77719078e+01 1.80909100e+01 1.92502689e+01 2.06795063e+01
    1.94380131e+01 1.83399696e+01 2.04428444e+01 1.98652039e+01
    2.13835239e+01 2.19187565e+01 2.11824169e+01 2.11364269e+01
    2.15440350e+01 1.98510342e+01 2.12746010e+01 2.15514164e+01
    2.05509834e+01 2.17292385e+01 2.13072014e+01 2.04573917e+01
    2.01640491e+01 2.14246979e+01 1.98148060e+01 2.00911388e+01
    2.06722679e+01 2.09697838e+01 2.06325302e+01 2.20096550e+01
    2.04961090e+01 2.11744270e+01 2.16524601e+01 1.98029442e+01
    2.01498985e+01 2.13516121e+01 1.98757229e+01 1.86178818e+01
    1.95412064e+01 1.94508457e+01 1.79955425e+01 1.99073639e+01
    2.02787132e+01 1.90098133e+01 2.02356129e+01 1.96611443e+01
    1.95101719e+01 1.99696903e+01 1.99551029e+01 1.88668518e+01
    1.70479908e+01 1.76573143e+01 1.87732391e+01 1.68914051e+01
    1.90861263e+01 1.91442509e+01 1.90530510e+01 1.79049034e+01
    1.90592442e+01 2.09274025e+01 1.87204075e+01 1.86247711e+01
    2.02717667e+01 1.92617626e+01 1.96206036e+01 1.94542427e+01
    1.96092415e+01 1.93577232e+01 1.92390461e+01 2.05629349e+01
    1.99730873e+01 1.92488308e+01 2.02964592e+01 1.83917599e+01
    1.85489407e+01 1.84642754e+01 1.87220860e+01 1.93582687e+01
    1.83913288e+01 1.67997704e+01 1.65462456e+01 1.78594360e+01
    1.67594376e+01 1.84056568e+01 2.00710049e+01 1.89685478e+01
    1.86742039e+01 2.05667076e+01 2.04476738e+01 1.94763432e+01
    1.92729931e+01 2.02315388e+01 1.99734440e+01 2.02788506e+01
    1.90933495e+01 1.78431911e+01 1.79040489e+01 1.85500278e+01
    1.71986141e+01 1.77954674e+01 2.02713566e+01 2.02518883e+01
    1.98422775e+01 1.79939079e+01 1.93228645e+01 1.98087387e+01
    2.11027966e+01 2.10545731e+01 1.86378574e+01 1.86972275e+01
    1.91964188e+01 2.05756702e+01 1.98751488e+01 1.94144001e+01
    2.02845097e+01 2.01112690e+01 1.96160355e+01 1.87033749e+01
    2.05781803e+01 2.08458176e+01 2.01441326e+01 1.98371735e+01
    2.04622955e+01 2.00416889e+01 2.13134098e+01 2.19552422e+01
    2.07572670e+01 2.06265831e+01 2.00826225e+01 1.97162914e+01
    2.09011173e+01 1.97356110e+01 1.92436676e+01 2.24043713e+01
    1.85437698e+01 1.95498505e+01 1.89153080e+01 1.91224689e+01
    1.87066689e+01 1.79828930e+01 1.86263580e+01 1.94748325e+01
    1.84732761e+01 1.91775036e+01 1.97563896e+01 1.68548031e+01
    1.80890198e+01 1.81967278e+01 1.88116226e+01 1.99601440e+01
    2.05956993e+01 1.89889812e+01 1.87177906e+01 1.86802025e+01
    2.07568531e+01 2.14588127e+01 2.22910786e+01 2.27125931e+01
    2.08158016e+01 2.04953594e+01 2.12423954e+01 2.25113811e+01
    1.98989983e+01 1.90651340e+01 1.89102039e+01 1.94945641e+01
    2.05728703e+01 1.93571930e+01 1.92184238e+01 1.96529903e+01
    1.90854988e+01 2.12536564e+01 2.03266754e+01 1.92859192e+01
    2.08838921e+01 1.95980778e+01 1.85252018e+01 1.91516304e+01
    1.79035683e+01 1.78110561e+01 1.72644939e+01 1.97002544e+01
    1.95511780e+01 2.01121883e+01 2.03736362e+01 1.90858364e+01
    1.93206367e+01 2.08674526e+01 1.87012596e+01 2.00874901e+01
    2.04826050e+01 1.97282124e+01 2.09694920e+01 2.01367588e+01
    2.01425190e+01 2.00535545e+01 1.95003147e+01 1.94342003e+01
    2.06259022e+01 2.12547951e+01 2.09396629e+01 1.92765026e+01
    1.83170547e+01 1.94921246e+01 1.79345055e+01 1.99865341e+01
    2.11191692e+01 2.15055504e+01 2.07378197e+01 2.05098896e+01
    1.91408176e+01 2.17430687e+01 2.26751137e+01 2.21893902e+01
    1.92119064e+01 1.99797382e+01 2.04734344e+01 2.19698963e+01
    2.20311508e+01 2.24829330e+01 2.05939732e+01 2.11528225e+01
    2.12639065e+01 2.27458191e+01 2.08336964e+01 2.10130844e+01
    1.87949848e+01 2.13413830e+01 1.84106464e+01 1.90278130e+01
    1.88130856e+01 1.80212517e+01 1.81428699e+01 1.71807766e+01
    1.79302731e+01 1.91683388e+01 1.86436081e+01 1.76860065e+01
    1.75702801e+01 1.76051235e+01 1.98646049e+01 1.90408726e+01
    1.94615307e+01 1.89575672e+01 1.94378529e+01 1.87536831e+01
    1.89240074e+01 1.84891205e+01 1.87858219e+01 1.78986664e+01
    1.85112648e+01 1.82578182e+01 2.00050106e+01 1.97378159e+01
    1.99092751e+01 1.87395191e+01 1.96931000e+01 2.02988548e+01
    1.89689007e+01 2.11114521e+01 2.00024891e+01 1.95247364e+01
    2.03623142e+01 1.92137890e+01 1.98869362e+01 1.98384972e+01
    2.10683270e+01 2.06317978e+01 2.01633530e+01 2.06769524e+01
    1.93295822e+01 2.03701057e+01 2.09580002e+01 2.12304039e+01
    2.18461170e+01 2.04628906e+01 2.03173351e+01 2.21678638e+01
    2.34677792e+01 2.22669239e+01 2.15194740e+01 2.07483273e+01
    2.04078579e+01 1.97672729e+01 2.09309139e+01 1.93964844e+01
    1.86354828e+01 2.01317024e+01 1.88441219e+01 1.77081070e+01
    1.98861885e+01 1.94790859e+01 2.08802547e+01 1.91023293e+01
    1.90675430e+01 1.94365005e+01 1.96268864e+01 2.01685581e+01
    1.90779953e+01 1.88974304e+01 2.02945004e+01 1.86623783e+01
    1.89643345e+01 1.99845791e+01 1.93937397e+01 1.84011059e+01
    1.98299179e+01 2.13264370e+01 1.96306324e+01 1.84305363e+01
    2.08777370e+01 1.93655834e+01 2.01262550e+01 2.03841152e+01
    1.99440804e+01 1.85296574e+01 1.90973969e+01 1.98695145e+01
    2.02207203e+01 1.87792530e+01 1.80628586e+01 1.85557232e+01
    1.76832924e+01 1.90986137e+01 1.87189484e+01 1.77386780e+01
    1.69425793e+01 1.73275146e+01 1.78647594e+01 1.85396652e+01
    1.73301373e+01 1.94520569e+01 1.96469746e+01 2.04663067e+01
    1.89719429e+01 1.84565811e+01 2.13196869e+01 2.09769707e+01
    2.09659691e+01 1.98276749e+01 1.94771156e+01 1.98897228e+01
    1.89486446e+01 1.81966190e+01 1.97036572e+01 1.90820065e+01
    2.03082619e+01 2.00610828e+01 1.85463638e+01 2.07730007e+01
    1.92816181e+01 1.87130718e+01 1.95910702e+01 1.76019726e+01
    1.96333427e+01 2.05481625e+01 2.00591049e+01 1.77782097e+01
    1.87823353e+01 1.95416565e+01 2.12700443e+01 2.01839676e+01
    2.04659576e+01 2.00031929e+01 1.98699036e+01 2.08941288e+01
    2.00860519e+01 1.95893269e+01 1.99778347e+01 1.95538521e+01
    2.02506809e+01 2.10055618e+01 1.86825142e+01 2.01627636e+01
    2.14431095e+01 2.10016727e+01 1.94413853e+01 2.14625702e+01
    2.02201405e+01 2.21264553e+01 2.09334621e+01 2.23108616e+01
    2.12965355e+01 2.04595432e+01 2.02750759e+01 1.97053337e+01
    1.86079426e+01 1.94043465e+01 1.92471695e+01 1.85552139e+01
    1.81352215e+01 1.95555286e+01 1.94301586e+01 1.89733505e+01
    1.98097363e+01 1.89475651e+01 1.95315590e+01 1.97777252e+01
    1.98674488e+01 1.94411449e+01 2.04945641e+01 2.03601532e+01
    2.08220711e+01 2.12123318e+01 2.22774620e+01 2.15738506e+01
    2.07815819e+01 1.92096310e+01 1.97179279e+01 2.14961510e+01
    1.87355614e+01 1.78262253e+01 1.98580856e+01 1.78903332e+01
    1.84166965e+01 1.94670887e+01 1.88879051e+01 2.02901058e+01
    1.95482731e+01 2.04362679e+01 2.15631886e+01 2.09240837e+01
    2.10449162e+01 1.91982403e+01 2.03987122e+01 1.94073143e+01
    1.94582577e+01 1.89192352e+01 1.78286324e+01 1.85161591e+01
    1.94653416e+01 1.94947853e+01 1.93220043e+01 1.81460934e+01
    1.88632374e+01 2.08464813e+01 2.02267647e+01 1.82706223e+01
    2.16712284e+01 1.96352768e+01 1.84557438e+01 1.96985474e+01
    1.88735447e+01 1.98055363e+01 2.12506351e+01 2.05438442e+01
    2.05135422e+01 2.14499798e+01 2.16784248e+01 1.90748119e+01
    1.98296967e+01 2.00755100e+01 1.96241131e+01 2.00005531e+01
    2.10378628e+01 1.95699234e+01 2.00658913e+01 1.98889771e+01
    1.93337040e+01 2.08423862e+01 2.02114239e+01 2.15913639e+01
    1.96756325e+01 1.89453239e+01 2.11368694e+01 2.02761345e+01
    1.98383636e+01 2.14681568e+01 2.19689732e+01 2.08236256e+01
    2.13895817e+01 2.22827072e+01 1.97899609e+01 1.95376205e+01
    1.89132748e+01 2.04032650e+01 2.07850513e+01 1.80670681e+01
    1.75311298e+01 1.81510487e+01 1.79618378e+01 1.81192703e+01
    1.64710236e+01 1.74398556e+01 1.79189472e+01 1.62332630e+01
    1.70466919e+01 1.91416645e+01 1.88146210e+01 2.04874649e+01
    1.88962498e+01 1.90626564e+01 2.04408894e+01 1.93888531e+01
    1.84907150e+01 2.05270214e+01 1.94688358e+01 1.93026276e+01
    1.93090553e+01 2.00532913e+01 1.83026295e+01 2.13687725e+01
    2.03749313e+01 1.94883919e+01 2.11947327e+01 1.95686436e+01
    2.00826778e+01 1.94929180e+01 2.12769852e+01 2.17958508e+01
    1.90261726e+01 1.84705887e+01 1.93711205e+01 2.00778217e+01
    2.15590897e+01 2.17301273e+01 2.08372650e+01 2.02533283e+01
    2.11457329e+01 2.10418472e+01 2.20836124e+01 2.14856701e+01
    2.18644314e+01 2.08518181e+01 2.20866966e+01 2.21977081e+01
    2.28359756e+01 2.27063904e+01 2.29925137e+01 2.25695686e+01
    2.05136280e+01 1.99669609e+01 2.11505451e+01 2.07764626e+01
    2.00144100e+01 2.01679878e+01 2.13791428e+01 1.70253181e+01
    1.80624046e+01 1.92890911e+01 1.98324604e+01 1.93753757e+01
    1.87043228e+01 1.77652302e+01 1.99117069e+01 1.94959240e+01
    1.87047062e+01 1.99978275e+01 2.06153049e+01 1.92640381e+01
    2.01959686e+01 2.15165272e+01 1.95146370e+01 2.01522655e+01
    2.04120083e+01 2.00648594e+01 1.94660511e+01 1.73215561e+01
    2.02802143e+01 1.90935211e+01 1.87763653e+01 1.89698067e+01
    1.83349667e+01 1.77655544e+01 1.92731133e+01 1.98872662e+01
    1.91997776e+01 1.86536446e+01 1.96745567e+01 1.95495777e+01
    1.96269855e+01 1.84328480e+01 1.98286858e+01 1.82985249e+01
    1.81772423e+01 1.86671391e+01 1.82041874e+01 2.03351879e+01
    1.96879005e+01 1.98215790e+01 2.16409206e+01 2.13651257e+01
    2.14970531e+01 2.06303329e+01 2.17859592e+01 2.13917370e+01
    1.89543762e+01 2.04245415e+01 1.99524078e+01 1.98088627e+01
    2.05936146e+01 1.85181274e+01 1.80216980e+01 1.85725632e+01
    1.83720245e+01 2.01499233e+01 1.93992863e+01 1.91546516e+01
    1.86098518e+01 1.79710884e+01 1.93806133e+01 1.94938335e+01
    1.92406540e+01 2.10103436e+01 2.01794281e+01 1.82234802e+01
    1.91172924e+01 1.96692009e+01 1.88820343e+01 2.02790222e+01
    2.11639938e+01 1.98097858e+01 2.00170956e+01 1.98336163e+01
    2.04459572e+01 2.02075691e+01 2.02850895e+01 2.01143970e+01
    1.95778599e+01 1.97726440e+01 1.99512520e+01 2.07165165e+01
    1.98778763e+01 2.11955910e+01 2.18268490e+01 2.15040016e+01
    2.09267292e+01 2.16441631e+01 2.12235050e+01 2.23361702e+01
    2.23809528e+01 2.10239773e+01 1.94033642e+01 2.06523151e+01
    1.86099472e+01 1.88062840e+01 2.06375008e+01 2.04762840e+01
    2.05821781e+01 2.13218613e+01 2.02848263e+01 1.92768917e+01
    2.07562790e+01 2.09946842e+01 2.19418812e+01 2.12209969e+01
    2.11201286e+01 1.91149826e+01 1.99729786e+01 2.11997795e+01
    2.17223244e+01 2.00336971e+01 2.15306873e+01 2.19355297e+01
    2.11652489e+01 2.11719437e+01 2.14898605e+01 2.07667694e+01
    2.15494232e+01 2.13077374e+01 1.99354076e+01 2.01195240e+01
    1.94351349e+01 1.83623085e+01 1.85696144e+01 1.92786770e+01
    1.92169228e+01 2.11081009e+01 1.99476852e+01 1.94963760e+01
    2.09396439e+01 2.13488083e+01 1.94548092e+01 1.99372272e+01
    1.89000664e+01 1.99921417e+01 2.04579945e+01 1.71320229e+01
    1.89961147e+01 1.96817532e+01 1.84752102e+01 1.81960926e+01
    1.87185535e+01 2.01836548e+01 1.78046570e+01 1.82816620e+01
    2.02994137e+01 1.86959782e+01 1.77154846e+01 1.93583584e+01
    1.96222973e+01 1.98781834e+01 2.11350842e+01 2.07887745e+01
    2.06397800e+01 2.06367130e+01 2.17486725e+01 2.10175896e+01
    1.87951279e+01 1.98585396e+01 1.83346977e+01 1.84717579e+01
    1.84957428e+01 1.91098633e+01 2.07694473e+01 1.85938835e+01
    1.83611641e+01 2.03273144e+01 2.13737831e+01 2.06978512e+01
    2.04539299e+01 2.00188465e+01 2.09138355e+01 2.09178276e+01
    2.12578831e+01 2.24176388e+01 2.09537086e+01 2.12568417e+01
    2.11206932e+01 2.22077789e+01 2.08477325e+01 2.03727722e+01
    1.84871693e+01 2.12502270e+01 2.18485241e+01 2.10640564e+01
    1.92474785e+01 1.95309124e+01 1.91363945e+01 1.88925076e+01
    1.94551888e+01 1.93526630e+01 1.91529408e+01 1.95580540e+01
    1.83688068e+01 1.79942360e+01 1.97699280e+01 2.14787407e+01
    1.88591137e+01 2.02685471e+01 2.02708626e+01 2.01430893e+01
    2.10646000e+01 2.08776741e+01 2.06241169e+01 2.00654392e+01
    1.85583458e+01 1.87605171e+01 1.95143604e+01 1.93022881e+01
    2.03005867e+01 1.97925072e+01 1.82357578e+01 1.76771812e+01
    1.82787380e+01 1.89943867e+01 2.03284836e+01 1.86127338e+01
    1.96556931e+01 1.79790115e+01 1.91712112e+01 1.97753181e+01
    2.20519371e+01 2.20522594e+01 2.17958775e+01 1.96984310e+01
    2.17015343e+01 2.10333481e+01 2.23912926e+01 2.17917538e+01
    2.13766365e+01 2.12679634e+01 2.06000595e+01 2.22846870e+01
    2.39090157e+01 2.22308674e+01 2.21262360e+01 2.22904701e+01
    2.09885025e+01 2.13639622e+01 2.00694389e+01 2.01428127e+01
    2.02277222e+01 1.86301632e+01 1.93284645e+01 1.95827103e+01
    1.75985870e+01 1.82815838e+01 1.90391312e+01 2.11103268e+01
    1.91750088e+01 1.80990124e+01 1.86583023e+01 1.83866673e+01
    1.98727283e+01 1.98317413e+01 1.95206070e+01 1.99336395e+01
    2.12928467e+01 2.31421299e+01 2.18968105e+01 2.13234253e+01
    2.10890541e+01 2.08001099e+01 2.14632874e+01 2.03461456e+01
    2.25171223e+01 2.07358112e+01 1.95517330e+01 2.05348568e+01
    1.89327717e+01 1.80042706e+01 1.91931477e+01 1.99927006e+01
    2.05880718e+01 1.94493732e+01 1.80793343e+01 1.78276558e+01
    1.95465298e+01 1.99748116e+01 1.86644077e+01 1.96028271e+01
    1.85684643e+01 1.85819073e+01 1.81588306e+01 1.96938534e+01
    1.99074039e+01 2.05768185e+01 2.21814785e+01 2.21496983e+01
    2.10971508e+01 2.20381947e+01 2.17753830e+01 2.14961891e+01
    1.96701469e+01 2.18356190e+01 2.14476833e+01 1.94280510e+01
    1.93179684e+01 1.95052261e+01 1.83419189e+01 1.77004108e+01
    2.05777473e+01 2.07232361e+01 1.91687489e+01 1.91699352e+01
    1.89579258e+01 1.93996391e+01 1.95070362e+01 1.99470940e+01
    1.95464096e+01 2.06876392e+01 2.08679981e+01 1.94639530e+01
    2.12516289e+01 1.98378525e+01 1.93151054e+01 2.07992058e+01
    2.29830437e+01 2.08898296e+01 2.07477589e+01 2.14675236e+01
    2.05810699e+01 1.95515556e+01 1.99374962e+01 2.11693230e+01
    1.94181480e+01 1.91350346e+01 1.90545006e+01 2.00415115e+01
    2.14657478e+01 2.12301273e+01 2.12581635e+01 2.22545528e+01
    2.09738350e+01 1.97627544e+01 1.91605091e+01 2.08388386e+01
    2.17591972e+01 1.97696362e+01 1.94835358e+01 1.91149654e+01
    1.94125252e+01 2.01320210e+01 2.12686920e+01 2.05209579e+01
    2.16949425e+01 2.03433399e+01 2.01452522e+01 1.86847725e+01
    2.12340965e+01 2.15420303e+01 2.09916630e+01 2.06761684e+01
    2.00601482e+01 1.85343857e+01 2.03703232e+01 2.01847744e+01
    2.12754097e+01 2.12945347e+01 2.14871006e+01 2.21099739e+01
    2.22901039e+01 2.18906059e+01 2.31272221e+01 2.07727127e+01
    2.01903954e+01 2.13027058e+01 2.04210701e+01 1.97871380e+01
    1.81350517e+01 1.90901756e+01 1.94957294e+01 1.83770390e+01
    1.88204460e+01 2.03352165e+01 2.23561497e+01 1.94136372e+01
    2.02779350e+01 2.00493736e+01 1.94389591e+01 1.90873299e+01
    1.90711613e+01 1.93545399e+01 1.93061085e+01 1.76363754e+01
    1.92243977e+01 1.77366371e+01 1.84467468e+01 1.98584156e+01
    1.86431198e+01 1.90308323e+01 1.85241947e+01 1.68589821e+01
    1.86884861e+01 1.85942993e+01 1.92606621e+01 1.94557762e+01
    2.05923138e+01 1.99980450e+01 1.96184788e+01 2.10658054e+01
    2.24140320e+01 2.16184998e+01 2.11731892e+01 1.99617958e+01
    1.82999954e+01 1.87356510e+01 2.01590137e+01 1.97644062e+01
    2.09840527e+01 1.98047180e+01 1.98372269e+01 2.07949009e+01
    2.03544006e+01 2.08565807e+01 2.14331722e+01 2.08136177e+01
    2.08709011e+01 2.07833862e+01 2.04636593e+01 1.88144684e+01
    1.99025593e+01 2.24763889e+01 1.98913403e+01 2.07648106e+01
    2.14681339e+01 2.10233173e+01 2.15174561e+01 2.18270607e+01
    1.94620152e+01 1.96109390e+01 2.16812572e+01 2.06320133e+01
    1.91610889e+01 1.82477493e+01 1.95178509e+01 1.90457897e+01
    1.94828548e+01 2.00993710e+01 1.90933094e+01 1.89276352e+01
    1.92486572e+01 1.93462162e+01 2.07022133e+01 2.05292339e+01
    2.08989334e+01 1.97316074e+01 2.01487389e+01 2.18948555e+01
    2.11383286e+01 2.04014683e+01 1.99035130e+01 1.96413460e+01
    1.94070454e+01 1.86843586e+01 2.03690395e+01 1.94274845e+01
    1.87317085e+01 1.90646553e+01 1.96784077e+01 1.90059299e+01
    1.94883842e+01 1.76704731e+01 2.07858334e+01 1.93832932e+01
    2.01721935e+01 1.87911510e+01 1.83200588e+01 1.94441414e+01
    2.18970528e+01 2.13825512e+01 2.14318676e+01 2.13883362e+01
    2.17766876e+01 2.08832893e+01 2.14517651e+01 2.14362297e+01
    2.07565231e+01 2.08659248e+01 2.00723133e+01 1.94905586e+01
    2.19875259e+01 2.24903965e+01 2.16647587e+01 2.03946095e+01
    2.05342045e+01 2.08867588e+01 1.99568195e+01 2.06141472e+01
    1.96971264e+01 1.90518627e+01 1.88222466e+01 1.80507774e+01
    1.91835442e+01 1.74817810e+01 1.85758419e+01 1.87105427e+01
    1.84539948e+01 1.89267273e+01 1.73337460e+01 1.76592426e+01
    1.92758007e+01 1.96189957e+01 2.04211578e+01 1.97706337e+01
    2.08100967e+01 2.20624657e+01 2.19673786e+01 2.18701229e+01
    2.22687988e+01 2.07951298e+01 2.16423244e+01 2.18609715e+01
    2.23519897e+01 2.15049095e+01 1.92023296e+01 1.86402798e+01
    1.90683556e+01 1.82457504e+01 1.94395103e+01 2.07953110e+01
    2.00077457e+01 1.92018852e+01 1.90449524e+01 1.82607250e+01
    2.00708294e+01 2.10562153e+01 1.99481983e+01 1.96992378e+01
    1.79090366e+01 1.91228790e+01 1.95177593e+01 2.11864929e+01
    2.00956516e+01 2.15890522e+01 2.12059727e+01 2.25072441e+01
    2.34857521e+01 2.39047852e+01 2.33139820e+01 1.99260311e+01
    2.00492077e+01 2.20165386e+01 2.21047020e+01 2.06493263e+01
    1.99001713e+01 1.98385639e+01 1.85205803e+01 1.74715042e+01
    2.02664642e+01 2.22453365e+01 2.09078178e+01 2.08599033e+01
    1.92957668e+01 1.98744316e+01 2.07970047e+01 2.16363621e+01
    2.04554691e+01 2.03526134e+01 1.97104492e+01 1.94094162e+01
    2.24350948e+01 2.18058987e+01 1.88482380e+01 2.10683231e+01
    2.14880085e+01 2.09206905e+01 1.98203697e+01 2.10970440e+01
    2.10387478e+01 1.96409225e+01 2.18918304e+01 2.00840626e+01
    1.96856499e+01 2.06182995e+01 1.91487846e+01 1.97100868e+01
    2.03590069e+01 2.05131721e+01 1.96704922e+01 2.01207256e+01
    2.09433727e+01 1.89869328e+01 2.09425354e+01 2.12309456e+01
    2.10468769e+01 2.09601784e+01 2.05676880e+01 2.12216148e+01
    1.90436859e+01 2.11467323e+01 1.97666035e+01 1.95078621e+01
    2.05008221e+01 2.00716515e+01 1.99444675e+01 1.84023266e+01
    1.84609680e+01 2.02554035e+01 2.01183853e+01 2.18151379e+01
    2.15343266e+01 1.84731674e+01 1.94826660e+01 1.96120243e+01
    2.14499092e+01 2.24584503e+01 2.22093945e+01 2.10174065e+01
    2.07677002e+01 2.08653831e+01 2.27637100e+01 2.06845646e+01
    2.08736877e+01 2.07002563e+01 2.16411037e+01 1.95942841e+01
    1.91088467e+01 2.00981236e+01 2.08524303e+01 1.90619907e+01
    2.02392788e+01 1.87379150e+01 1.94206638e+01 1.93107052e+01
    1.97600193e+01 1.88845139e+01 1.94685650e+01 1.85458794e+01
    1.89614525e+01 1.98614864e+01 1.83761082e+01 1.77038345e+01
    1.88986168e+01 1.77553482e+01 1.98455315e+01 1.95550709e+01
    1.82974148e+01 1.87987461e+01 1.96392555e+01 1.82907772e+01
    1.83658199e+01 1.93989620e+01 1.96505089e+01 2.09791126e+01
    2.05525074e+01 1.96534805e+01 2.00195560e+01 2.12933617e+01
    2.11733341e+01 2.18720188e+01 2.18279762e+01 2.03890915e+01
    1.91493206e+01 1.78505516e+01 1.94645996e+01 1.89001751e+01
    1.98137779e+01 2.06452332e+01 2.03678360e+01 1.87274342e+01
    2.00199242e+01 2.13410721e+01 2.08481064e+01 1.83847504e+01
    1.87453995e+01 2.13452873e+01 2.03523521e+01 1.92477741e+01
    2.05178356e+01 2.06637897e+01 2.01427689e+01 1.93543472e+01
    2.04214287e+01 2.04442616e+01 2.03903561e+01 2.08404675e+01
    1.98474865e+01 1.98840084e+01 2.02482662e+01 2.07743568e+01
    2.10355129e+01 1.98741779e+01 1.97706337e+01 1.96979294e+01
    1.95083599e+01 2.01310177e+01 1.96758881e+01 1.80914860e+01
    1.91802673e+01 1.88066235e+01 1.97041836e+01 2.03679028e+01
    2.14825211e+01 2.06254673e+01 1.97311611e+01 2.19629765e+01
    2.06488228e+01 2.05269051e+01 2.06766777e+01 1.86003780e+01
    1.97106667e+01 1.95814781e+01 1.98753490e+01 2.01357040e+01
    2.02225533e+01 1.87148838e+01 1.99236469e+01 2.02459774e+01
    1.97164421e+01 1.91362591e+01 1.82257252e+01 2.01598263e+01
    1.99740944e+01 1.96460133e+01 1.91773205e+01 1.98663292e+01
    2.12693844e+01 2.10790730e+01 2.06309910e+01 2.08046455e+01
    2.15258904e+01 1.91245270e+01 2.11558704e+01 2.02350025e+01
    1.97821026e+01 1.87074203e+01 2.00646305e+01 2.06221008e+01
    2.06763897e+01 2.02347107e+01 2.17965050e+01 2.18568935e+01
    2.17173462e+01 2.06041451e+01 2.12604656e+01 2.02289162e+01
    1.89841785e+01 1.89075050e+01 1.75720749e+01 1.85994492e+01
    1.99398918e+01 1.91151543e+01 1.89199982e+01 1.91767502e+01
    1.92757168e+01 1.99411964e+01 1.89606380e+01 1.80528755e+01
    1.99609032e+01 1.84361191e+01 1.93913574e+01 1.85059624e+01
    2.02765446e+01 1.94002991e+01 2.05541210e+01 2.08738270e+01
    2.23433552e+01 2.15183601e+01 2.08854542e+01 2.03390713e+01
    2.38713493e+01 2.18564053e+01 2.07135563e+01 2.02445507e+01
    1.97727757e+01 1.94437275e+01 1.85758228e+01 2.08255501e+01
    2.17536201e+01 1.92128830e+01 1.87196274e+01 1.98426437e+01
    1.96729202e+01 2.21815319e+01 2.05743599e+01 1.94487724e+01
    1.75907879e+01 1.91584682e+01 1.83327541e+01 1.99630013e+01
    1.89744816e+01 2.00809555e+01 2.12854099e+01 2.18696499e+01
    2.09263477e+01 2.19832230e+01 2.24010429e+01 2.21275940e+01
    1.96183987e+01 2.19875221e+01 2.23266163e+01 2.12534237e+01
    1.96163292e+01 1.95888786e+01 1.77310925e+01 2.00145760e+01
    2.00275707e+01 2.18999615e+01 2.16906967e+01 2.17076893e+01
    2.09620609e+01 2.13859043e+01 2.09285812e+01 2.21452160e+01
    2.21807308e+01 2.14023552e+01 2.07741337e+01 1.88588486e+01
    2.14566479e+01 2.30477219e+01 2.12621117e+01 2.08715897e+01
    2.28414078e+01 2.07270203e+01 2.12081242e+01 2.10347538e+01
    2.05446320e+01 1.95014725e+01 2.12523499e+01 2.06061230e+01
    1.97283268e+01 1.89009953e+01 1.80118713e+01 1.95424652e+01
    2.11397133e+01 2.04417286e+01 2.02519436e+01 2.11322041e+01
    2.16427727e+01 2.12066956e+01 2.02893028e+01 2.15320816e+01
    2.12579117e+01 2.08267155e+01 2.00690289e+01 1.96825199e+01
    1.95613499e+01 1.94794235e+01 1.90322037e+01 1.86219425e+01
    1.97161903e+01 2.14261456e+01 1.97258224e+01 1.85070839e+01
    1.87487602e+01 1.79963970e+01 2.05466499e+01 2.16565876e+01
    2.18254032e+01 1.97011852e+01 2.00887165e+01 1.99673824e+01
    2.16999550e+01 2.26532001e+01 2.31318436e+01 2.12807674e+01
    2.12147942e+01 1.93142166e+01 2.12393322e+01 2.24794617e+01
    2.01812153e+01 2.04128399e+01 2.10016308e+01 1.90301991e+01
    1.85617714e+01 2.06346893e+01 2.13022957e+01 1.87844105e+01
    1.82740383e+01 1.94186420e+01 1.88720722e+01 1.74540501e+01
    1.86365871e+01 1.69478092e+01 1.82689304e+01 1.88523693e+01
    1.80458088e+01 1.70939484e+01 1.95814476e+01 1.91449223e+01
    1.87790756e+01 1.84900799e+01 1.81962299e+01 2.00301380e+01
    1.82694187e+01 1.86894150e+01 1.92528229e+01 1.84102211e+01
    2.03191910e+01 2.03680744e+01 1.92600193e+01 1.93735962e+01
    2.06930370e+01 2.11576462e+01 2.06102962e+01 2.05889072e+01
    2.08901615e+01 2.05752373e+01 2.06209316e+01 1.96318893e+01
    1.85834160e+01 1.99814644e+01 1.90644245e+01 2.01319389e+01
    2.13976765e+01 2.06891823e+01 2.12835484e+01 1.97170219e+01
    1.86939468e+01 2.06888428e+01 2.13073845e+01 1.80222435e+01
    1.94492798e+01 2.02070999e+01 2.00214252e+01 2.06891632e+01
    2.01016483e+01 1.97121468e+01 1.92405739e+01 2.03240242e+01
    2.02243500e+01 2.04996853e+01 2.03578949e+01 2.04140472e+01
    2.06135254e+01 2.17160053e+01 2.11961212e+01 2.00026398e+01
    2.00094337e+01 1.99942055e+01 2.07227955e+01 1.94527054e+01
    1.75248318e+01 1.98614483e+01 1.81223183e+01 1.87144089e+01
    1.87652645e+01 1.99954319e+01 2.01106892e+01 2.07282295e+01
    1.94550018e+01 2.01043415e+01 1.92424335e+01 2.19093304e+01
    2.00321903e+01 1.92591953e+01 1.98753452e+01 1.82942047e+01
    1.79826984e+01 2.05261364e+01 1.91338902e+01 2.00144138e+01
    1.98278828e+01 1.79295616e+01 2.04735336e+01 2.05191307e+01
    1.98538761e+01 1.83499298e+01 1.94076576e+01 1.98165226e+01
    2.10651054e+01 2.02447433e+01 2.04792690e+01 2.10850906e+01
    1.96614113e+01 2.02829266e+01 2.00587788e+01 2.03863258e+01
    1.98333435e+01 1.78145924e+01 2.07222786e+01 1.97533073e+01
    1.83392372e+01 1.76631794e+01 1.95306168e+01 2.07014771e+01
    2.00326290e+01 2.10022449e+01 2.11932602e+01 2.11897106e+01
    2.11477661e+01 2.07178383e+01 2.08581963e+01 2.09476643e+01
    2.04542217e+01 1.91866684e+01 1.87342682e+01 1.87572994e+01
    1.88349724e+01 1.86772270e+01 1.90810242e+01 1.84149780e+01
    1.93345547e+01 2.03472195e+01 1.97797565e+01 1.77800808e+01
    1.93806000e+01 1.76018600e+01 1.94569206e+01 1.83551693e+01
    2.02655983e+01 2.06155910e+01 2.03289394e+01 2.01391811e+01
    2.17374439e+01 1.96805115e+01 2.06542492e+01 2.07007675e+01
    2.15003624e+01 2.19458294e+01 2.02196026e+01 1.87402897e+01
    1.95577507e+01 1.93188324e+01 2.05558147e+01 1.90651016e+01
    2.09774342e+01 1.89771996e+01 1.96529922e+01 2.02922764e+01
    1.82159615e+01 2.04136333e+01 2.09547329e+01 1.97685299e+01
    1.93924809e+01 1.77556419e+01 1.94576683e+01 1.94316864e+01
    1.91407280e+01 1.96648273e+01 1.95468616e+01 2.03885040e+01
    2.10621319e+01 2.22612400e+01 2.32448196e+01 2.10701447e+01
    2.04225311e+01 2.25857239e+01 2.17828693e+01 2.17076874e+01
    2.14959106e+01 2.02221470e+01 1.94377441e+01 2.14476509e+01
    2.25648365e+01 2.28698196e+01 2.39534016e+01 2.22944241e+01
    2.23981533e+01 2.24071217e+01 2.34488163e+01 2.29161625e+01
    2.29798336e+01 2.28437500e+01 2.10601006e+01 2.10608501e+01
    2.16678448e+01 2.34914761e+01 2.26152401e+01 2.23455315e+01
    2.25163116e+01 2.21623344e+01 2.13569927e+01 2.22710304e+01
    1.98082104e+01 2.08415489e+01 2.17179604e+01 2.02001953e+01
    1.97956657e+01 1.93763695e+01 1.81641254e+01 1.95871677e+01
    2.09764481e+01 2.08723068e+01 2.04771233e+01 2.15261917e+01
    2.11873646e+01 2.08965244e+01 2.13605919e+01 2.20495968e+01
    1.91316681e+01 2.18684483e+01 2.11586723e+01 2.06527157e+01
    2.01492214e+01 1.91962528e+01 1.89783669e+01 2.05491886e+01
    1.95151215e+01 2.00281410e+01 1.83891029e+01 1.83284283e+01
    2.01997299e+01 1.92603149e+01 2.05876350e+01 2.05457726e+01
    2.10215950e+01 2.00510502e+01 2.10850468e+01 2.00284843e+01
    2.19898701e+01 2.20553284e+01 2.24937363e+01 2.17416782e+01
    2.05571136e+01 1.99848957e+01 2.08833618e+01 2.20151253e+01
    2.01035786e+01 1.87026825e+01 1.90313168e+01 1.78888817e+01
    1.83510952e+01 1.78445053e+01 1.85389996e+01 1.83187008e+01
    1.82995148e+01 1.71646652e+01 1.78000469e+01 1.83848057e+01
    1.82778683e+01 1.96692982e+01 1.84428902e+01 1.85807667e+01
    1.94088535e+01 1.84410801e+01 1.86343727e+01 1.90288181e+01
    1.95738926e+01 2.01175709e+01 1.93703785e+01 1.78170128e+01
    1.77045364e+01 2.01574726e+01 1.97938023e+01 1.93136044e+01
    2.01968460e+01 1.95398273e+01 1.99589405e+01 1.94690247e+01
    2.07242088e+01 2.04143848e+01 2.15604839e+01 2.10148830e+01
    2.04594193e+01 1.97697735e+01 2.06296806e+01 1.96257896e+01
    1.92758312e+01 2.06379948e+01 2.03831711e+01 2.00731068e+01
    2.18564415e+01 2.24722652e+01 2.13937511e+01 2.07038593e+01
    2.04303074e+01 2.22314720e+01 2.16353455e+01 2.12351894e+01
    1.96976280e+01 2.13992233e+01 2.02739487e+01 2.08760929e+01
    2.19760399e+01 2.11036682e+01 1.94200516e+01 2.10403595e+01
    2.14918118e+01 2.06451015e+01 2.06611443e+01 1.99080448e+01
    2.09411411e+01 2.16650200e+01 2.09934864e+01 2.07282639e+01
    1.90452423e+01 1.92116528e+01 1.82278652e+01 2.02905922e+01
    1.82289295e+01 1.75330219e+01 1.85831718e+01 1.76780510e+01
    1.80806522e+01 1.88667755e+01 1.92333832e+01 2.02888699e+01
    1.88350124e+01 2.02262249e+01 1.99782963e+01 1.90929470e+01
    1.96503506e+01 1.95819778e+01 1.97917080e+01 1.82887592e+01
    1.95229492e+01 1.90903187e+01 1.91394901e+01 2.04147224e+01
    1.97801991e+01 1.95727654e+01 1.93408203e+01 2.04560986e+01
    1.96023598e+01 1.98072033e+01 1.93703632e+01 1.94422913e+01
    1.97142334e+01 1.93735828e+01 1.90946617e+01 1.99943466e+01
    1.87108860e+01 1.90213490e+01 1.92081013e+01 1.91921844e+01
    2.01756191e+01 1.86508083e+01 1.85816383e+01 2.00272255e+01
    1.82422581e+01 1.74292793e+01 2.10159588e+01 2.07242794e+01
    2.10343952e+01 2.05768547e+01 2.02775135e+01 2.14371910e+01
    2.15309658e+01 2.15148449e+01 2.13379536e+01 1.99467182e+01
    2.04495583e+01 1.95612316e+01 1.80688267e+01 1.84265003e+01
    1.82940083e+01 1.77423534e+01 1.96655045e+01 2.01417999e+01
    1.86131229e+01 1.82692032e+01 2.05141983e+01 1.85323334e+01
    1.90703831e+01 1.87051201e+01 1.92378864e+01 1.97157631e+01
    2.03131828e+01 2.01120625e+01 1.99527111e+01 1.91082039e+01
    2.10776081e+01 1.97215614e+01 2.03067341e+01 1.92317448e+01
    2.08478813e+01 2.08234940e+01 1.99093704e+01 1.86045895e+01
    2.04475613e+01 1.93601112e+01 1.99093208e+01 2.00443592e+01
    2.04303513e+01 1.90978050e+01 1.99519577e+01 1.97143707e+01
    1.84270115e+01 2.05885487e+01 2.08413105e+01 2.09086800e+01
    1.90959225e+01 1.78577538e+01 1.82508392e+01 1.92468891e+01
    1.93699722e+01 1.97712326e+01 2.03399582e+01 1.92671490e+01
    2.10098209e+01 2.11746140e+01 2.25456333e+01 2.30389957e+01
    2.25593109e+01 2.28811150e+01 2.27071781e+01 2.23744869e+01
    2.10940666e+01 2.09989586e+01 2.21782322e+01 2.10970745e+01
    2.20948505e+01 2.37729950e+01 2.18641090e+01 2.22528648e+01
    2.24282265e+01 2.28881817e+01 2.16889210e+01 2.16159172e+01
    2.27467728e+01 2.29287777e+01 2.13150253e+01 2.20901012e+01
    2.17755470e+01 2.21297092e+01 2.19197388e+01 2.27064400e+01
    2.21514645e+01 1.92474041e+01 2.06203613e+01 2.04455090e+01
    2.02262135e+01 1.95994778e+01 1.94076691e+01 2.09756718e+01
    1.90935593e+01 1.90645313e+01 1.88981743e+01 1.82295074e+01
    1.92943020e+01 2.02620258e+01 1.89838047e+01 2.03261909e+01
    1.96879158e+01 2.09199486e+01 1.93532982e+01 2.18820992e+01
    1.99642944e+01 2.04912376e+01 2.25627327e+01 2.07362213e+01
    2.05576649e+01 2.00462551e+01 1.99388695e+01 1.90491219e+01
    2.01140366e+01 1.98032207e+01 1.94428902e+01 1.95088310e+01
    2.18627090e+01 1.97842159e+01 2.11975193e+01 1.96892033e+01
    2.09446564e+01 1.85931034e+01 1.98363209e+01 2.12200832e+01
    2.24371223e+01 2.00345612e+01 2.23151131e+01 2.07527847e+01
    2.16163769e+01 2.06112061e+01 2.14324589e+01 2.01383953e+01
    1.92695103e+01 1.90229263e+01 1.81530972e+01 1.87269173e+01
    1.77229443e+01 1.61434631e+01 1.84259739e+01 1.68930206e+01
    1.85724087e+01 2.00373859e+01 1.93926888e+01 1.83515987e+01
    1.89690266e+01 1.85419445e+01 1.97870274e+01 1.99152737e+01
    1.95731888e+01 1.83521976e+01 1.83786354e+01 1.93586216e+01
    2.04926167e+01 1.97724018e+01 1.95478897e+01 1.89165726e+01
    1.89919033e+01 2.00077705e+01 2.03590794e+01 2.00270996e+01
    2.02594719e+01 2.00486622e+01 1.85185547e+01 1.91356525e+01
    1.94557686e+01 2.11852207e+01 2.02679768e+01 2.03856602e+01
    2.12183094e+01 1.93060455e+01 1.83995876e+01 1.97698193e+01
    1.97685089e+01 2.07694111e+01 2.12083950e+01 2.17441273e+01
    2.07898064e+01 1.99101791e+01 2.09306087e+01 2.14776993e+01
    2.09090862e+01 2.23812542e+01 2.10513248e+01 2.02214069e+01
    2.16215229e+01 2.07639656e+01 2.11816425e+01 2.17499790e+01
    2.22329369e+01 2.26584301e+01 2.07947941e+01 2.16427689e+01
    2.20920830e+01 2.12235489e+01 2.13475494e+01 2.16868057e+01
    2.12025967e+01 2.19534683e+01 2.27349453e+01 1.90937519e+01
    1.94034481e+01 1.93112030e+01 1.84070187e+01 1.98934078e+01
    1.84981041e+01 1.77472591e+01 1.95375748e+01 1.81251793e+01
    1.65682259e+01 2.01179276e+01 1.99553432e+01 2.02199326e+01
    1.70199623e+01 1.99289150e+01 2.10423546e+01 1.86600056e+01
    2.02646294e+01 2.02325611e+01 1.94082146e+01 2.15607777e+01
    1.98763962e+01 1.97404060e+01 2.04661789e+01 2.01680374e+01
    2.13567295e+01 2.11685753e+01 1.97162762e+01 2.01915474e+01
    1.88997288e+01 1.93380146e+01 1.95324135e+01 1.73763504e+01
    1.84144459e+01 1.82708416e+01 1.91395111e+01 2.03159275e+01
    1.96643562e+01 1.87817879e+01 2.02341099e+01 1.90344830e+01
    1.97013588e+01 1.98617058e+01 1.89090042e+01 1.99637470e+01
    1.91505413e+01 1.92030048e+01 2.08781834e+01 2.02592735e+01
    2.01731567e+01 2.10414810e+01 2.21541519e+01 2.09955521e+01
    2.18389912e+01 2.19677715e+01 2.18411903e+01 2.12605648e+01
    2.13845959e+01 2.10006943e+01 1.91816807e+01 1.96665173e+01
    1.94787846e+01 1.83580074e+01 1.90108566e+01 2.00373726e+01
    1.91693783e+01 1.91891747e+01 1.99052429e+01 1.92249832e+01
    2.09672813e+01 2.14858570e+01 1.94672298e+01 1.98133030e+01
    2.03156052e+01 2.05410519e+01 2.05409241e+01 1.92300587e+01
    1.96837025e+01 1.94482498e+01 1.88506317e+01 2.00198536e+01
    1.91737881e+01 1.87478333e+01 2.03909836e+01 1.84549046e+01
    1.90348454e+01 1.86701641e+01 2.06338024e+01 2.04464741e+01
    2.06099834e+01 1.79155121e+01 1.88162079e+01 2.07233906e+01
    1.97676830e+01 2.09007797e+01 2.07892570e+01 1.89034710e+01
    2.03184013e+01 2.14108028e+01 1.91850910e+01 2.01802502e+01
    2.02196140e+01 2.06190071e+01 1.98852882e+01 2.12199078e+01
    2.20981045e+01 2.19240189e+01 2.23392010e+01 2.38367901e+01
    2.23941307e+01 2.20228462e+01 2.32854900e+01 2.06008530e+01
    2.10183887e+01 2.20175629e+01 2.08440666e+01 2.22595673e+01
    2.29818192e+01 2.37630863e+01 2.30621243e+01 2.04059258e+01
    2.20926914e+01 2.57860928e+01 2.30103474e+01 2.23783855e+01
    2.36132793e+01 2.15294952e+01 2.17533321e+01 2.17645378e+01
    2.16042786e+01 1.98201942e+01 2.11275997e+01 2.16977081e+01
    2.18081188e+01 2.06165066e+01 2.05408096e+01 1.99583721e+01
    2.06362877e+01 2.00281124e+01 2.05551834e+01 1.98363419e+01
    2.01979580e+01 1.93055630e+01 1.79102077e+01 1.94873314e+01
    1.83326359e+01 1.95298767e+01 2.10631618e+01 2.05678444e+01
    2.07329731e+01 2.02796459e+01 1.99352417e+01 2.13285275e+01
    2.02614422e+01 2.04911518e+01 2.02965813e+01 1.96905460e+01
    1.93578396e+01 1.98212013e+01 1.87988415e+01 1.93936787e+01
    1.90023594e+01 1.95245476e+01 2.03327618e+01 2.00009117e+01
    2.06279526e+01 2.04153118e+01 2.02614040e+01 1.95802803e+01
    2.03915634e+01 1.96036720e+01 2.07709637e+01 2.05546379e+01
    2.35871029e+01 2.35201149e+01 2.27437458e+01 2.08904324e+01
    2.15485535e+01 2.20103912e+01 2.31715813e+01 2.11964436e+01
    2.04520016e+01 1.84751587e+01 1.89030552e+01 1.76960869e+01
    1.59154835e+01 1.62400036e+01 1.81868763e+01 1.73327866e+01
    1.81907978e+01 1.92833290e+01 1.90224628e+01 1.76575012e+01
    2.02463207e+01 2.00754223e+01 2.02136459e+01 2.19506721e+01
    2.14592571e+01 1.98588886e+01 1.94800415e+01 1.89847412e+01
    2.06199150e+01 2.08564854e+01 1.98902588e+01 2.03902893e+01
    1.99979000e+01 1.98591957e+01 2.24473686e+01 2.05678596e+01
    2.00076752e+01 2.07429028e+01 2.10669575e+01 2.10537872e+01
    2.01798382e+01 2.04565163e+01 2.06105270e+01 2.20650883e+01
    2.10992432e+01 2.00702400e+01 1.87157764e+01 2.02830582e+01
    1.94742031e+01 2.05547485e+01 2.11150818e+01 1.90197487e+01
    2.14362946e+01 2.06054173e+01 2.03333626e+01 2.07288437e+01
    2.19222717e+01 2.11017780e+01 2.03797016e+01 1.91769104e+01
    2.09043064e+01 2.27938728e+01 2.08284340e+01 2.13628597e+01
    2.36112480e+01 2.31397991e+01 2.30690517e+01 2.13968678e+01
    2.30655670e+01 2.14864063e+01 2.15882092e+01 2.23153038e+01
    2.31326694e+01 2.12116451e+01 2.30512505e+01 2.13892479e+01
    2.11359463e+01 2.06370354e+01 1.93679142e+01 1.99957523e+01
    1.93307171e+01 1.97289696e+01 1.97109680e+01 1.87694263e+01
    1.78760490e+01 1.85464802e+01 2.05673523e+01 2.05925426e+01
    2.04319363e+01 2.05638618e+01 2.01195030e+01 2.08639889e+01
    2.26981659e+01 2.08638420e+01 2.02586155e+01 2.07935333e+01
    1.99133472e+01 2.02564774e+01 2.03319626e+01 1.97580776e+01
    2.17966728e+01 2.09030457e+01 1.94554348e+01 2.05580177e+01
    1.80794163e+01 1.86099701e+01 1.96520176e+01 1.69946613e+01
    1.72382317e+01 1.83410740e+01 1.77107868e+01 1.91485252e+01
    1.92813492e+01 1.81142082e+01 1.98294716e+01 1.83317623e+01
    2.14231834e+01 2.00647335e+01 1.93322086e+01 2.04800014e+01
    1.71169968e+01 1.85627289e+01 1.86063290e+01 2.07823315e+01
    2.04555054e+01 1.97539158e+01 2.13623428e+01 2.08552971e+01
    2.06349258e+01 2.23030148e+01 2.21609249e+01 2.15939198e+01
    1.99848728e+01 2.00237560e+01 1.96361961e+01 1.85381565e+01
    1.94171448e+01 1.83902550e+01 1.82019653e+01 1.92784271e+01
    1.82709465e+01 1.83968239e+01 1.82984600e+01 1.88995342e+01
    2.00101910e+01 1.95670948e+01 1.89823112e+01 1.80946903e+01
    1.84527664e+01 2.06524086e+01 1.97158508e+01 1.90557823e+01
    2.06775703e+01 1.88132133e+01 1.79948082e+01 1.94862690e+01
    2.02409725e+01 1.81261902e+01 1.92698460e+01 1.79235725e+01
    1.92045116e+01 1.78296547e+01 1.94825191e+01 2.03790264e+01
    2.12628994e+01 2.01875477e+01 1.78195095e+01 2.03366547e+01
    1.96956577e+01 1.98945999e+01 2.17883720e+01 2.10363846e+01
    1.88975010e+01 2.19741173e+01 2.06433678e+01 1.92054672e+01
    1.99309883e+01 2.26253605e+01 2.19169426e+01 2.24413471e+01
    2.22242088e+01 2.12490425e+01 2.21814137e+01 2.32533646e+01
    2.14726448e+01 2.25358715e+01 2.45044689e+01 2.21167336e+01
    2.07573547e+01 2.19291954e+01 2.13273907e+01 2.16440277e+01
    2.26222172e+01 2.39276810e+01 2.22837620e+01 2.12618504e+01
    2.16204472e+01 2.46233120e+01 2.26916733e+01 2.25197620e+01
    2.25060196e+01 2.20676727e+01 2.08827934e+01 2.08328857e+01
    2.18194828e+01 2.00018482e+01 2.02507648e+01 2.07289562e+01
    2.11469479e+01 1.96450729e+01 1.96175804e+01 1.94766598e+01
    1.97632294e+01 1.84966717e+01 1.86741905e+01 1.83708572e+01
    1.94344635e+01 2.08412590e+01 1.80726719e+01 1.90647469e+01
    2.18070068e+01 1.79815807e+01 2.08190765e+01 2.25025444e+01
    1.98045006e+01 1.87247448e+01 1.90104752e+01 2.07799149e+01
    2.13031940e+01 2.06600227e+01 2.15407295e+01 2.10243587e+01
    2.00649796e+01 1.90922089e+01 1.78937874e+01 1.84210281e+01
    2.04371433e+01 1.94302559e+01 1.97576599e+01 1.80279922e+01
    1.99741306e+01 2.02342777e+01 2.15886402e+01 2.09895916e+01
    1.99557190e+01 1.84893799e+01 2.14047832e+01 2.16028614e+01
    2.25169106e+01 2.24640198e+01 2.31359959e+01 2.04086132e+01
    2.06933193e+01 2.16215916e+01 2.22570133e+01 2.12592945e+01
    2.07545528e+01 1.76058998e+01 1.81220722e+01 1.77423344e+01
    1.74704533e+01 1.82281437e+01 1.88634739e+01 1.79966507e+01
    1.91487904e+01 1.89686642e+01 2.01593628e+01 1.98100281e+01
    2.03104954e+01 2.06369457e+01 2.15369148e+01 1.99693336e+01
    2.17055473e+01 2.11311893e+01 2.14682770e+01 2.10934391e+01
    2.10322838e+01 2.01457958e+01 2.19787426e+01 2.15639057e+01
    2.02502079e+01 1.93703785e+01 2.10295715e+01 2.14243946e+01
    2.09555016e+01 1.99059753e+01 2.04776649e+01 2.01106739e+01
    2.13495083e+01 1.97684898e+01 1.73326836e+01 2.00331020e+01
    2.05446320e+01 1.98509102e+01 1.84816227e+01 1.83104382e+01
    2.09555302e+01 2.00954227e+01 2.06949997e+01 1.82170887e+01
    1.96789074e+01 2.07637787e+01 2.01969414e+01 2.02470455e+01
    2.05645790e+01 2.10654449e+01 2.10239716e+01 1.89905262e+01
    2.05865269e+01 2.32363148e+01 2.31450462e+01 2.17459717e+01
    2.13276806e+01 2.22271843e+01 2.13722610e+01 2.16514492e+01
    2.25101662e+01 2.31207886e+01 2.14266758e+01 2.26642418e+01
    2.25684013e+01 2.31619415e+01 2.47689648e+01 2.22031822e+01
    2.12795963e+01 2.17562866e+01 2.06785164e+01 1.91128922e+01
    1.95927238e+01 1.96085320e+01 1.97964249e+01 1.96729069e+01
    1.80017109e+01 2.03105297e+01 2.10749493e+01 2.08605156e+01
    2.13428249e+01 2.03326607e+01 2.14734726e+01 2.21757641e+01
    2.26904964e+01 2.15738602e+01 1.98145828e+01 2.19554520e+01
    2.20077934e+01 2.01345997e+01 2.03073750e+01 1.97120438e+01
    2.03210869e+01 1.99912281e+01 1.94269218e+01 1.92405796e+01
    1.78680935e+01 1.79887638e+01 2.00088406e+01 1.87414017e+01
    1.92117271e+01 1.99655857e+01 1.89861736e+01 1.93854752e+01
    2.06856518e+01 1.90585899e+01 1.91471634e+01 1.97455292e+01
    1.96685524e+01 1.96344929e+01 1.81150494e+01 1.71175728e+01
    1.64353485e+01 1.59706249e+01 1.91999454e+01 2.03422241e+01
    1.97550812e+01 1.95553226e+01 1.94138203e+01 2.06992188e+01
    2.14100666e+01 2.22140102e+01 2.18169804e+01 2.20927105e+01
    2.08066235e+01 2.16119823e+01 1.95177975e+01 1.92221336e+01
    1.88097820e+01 1.73799763e+01 1.77660980e+01 1.74104786e+01
    1.80866337e+01 1.80327206e+01 1.77689648e+01 1.84002323e+01
    1.79423943e+01 1.95773277e+01 1.85633316e+01 1.63238239e+01
    1.78482170e+01 1.82875843e+01 1.86280422e+01 1.94828053e+01
    1.87527237e+01 1.77506981e+01 1.85864620e+01 1.79600658e+01
    1.94371109e+01 1.86032619e+01 1.86880074e+01 1.94635887e+01
    1.87742519e+01 1.95326767e+01 2.01983242e+01 2.01323967e+01
    1.97706795e+01 1.99686375e+01 1.85899048e+01 1.92658367e+01
    1.93083801e+01 1.92173920e+01 2.05023785e+01 2.14315834e+01
    1.96169472e+01 2.01276474e+01 2.09499683e+01 2.22057247e+01
    2.09975243e+01 2.12210560e+01 2.20106392e+01 2.18263931e+01
    2.19088764e+01 2.23031139e+01 2.03672218e+01 2.24961891e+01
    2.29411964e+01 2.32669106e+01 2.55115261e+01 2.24109001e+01
    2.08966179e+01 2.18949833e+01 2.15609818e+01 2.22929020e+01
    2.30954361e+01 2.24876442e+01 2.21266251e+01 2.11575279e+01
    2.16196079e+01 2.23554077e+01 2.35734901e+01 2.34428253e+01
    2.11267090e+01 2.07811909e+01 2.15116615e+01 2.14594479e+01
    2.34560490e+01 1.97075691e+01 2.00504780e+01 2.10970402e+01
    2.12276554e+01 2.10185528e+01 2.04973774e+01 2.05060291e+01
    1.89919758e+01 1.89383564e+01 2.06548996e+01 1.82527523e+01
    1.97318287e+01 2.03386326e+01 1.83465691e+01 1.90387421e+01
    1.97906189e+01 2.13368092e+01 1.97059116e+01 2.07910500e+01
    2.18736439e+01 2.03765888e+01 1.98738289e+01 1.97743702e+01
    2.03705807e+01 2.06541481e+01 2.12422562e+01 2.02523556e+01
    1.91295452e+01 1.82841415e+01 1.82303658e+01 1.99986839e+01
    1.94306564e+01 1.90874004e+01 1.92593117e+01 1.96994343e+01
    2.08261642e+01 2.03523521e+01 2.10750294e+01 2.07920952e+01
    1.98118191e+01 1.97830753e+01 2.13384800e+01 2.13625183e+01
    2.23086510e+01 2.08154144e+01 2.19525967e+01 2.19890957e+01
    2.08677158e+01 2.09576111e+01 2.24907742e+01 2.18290100e+01
    2.13829994e+01 1.78384705e+01 1.86925049e+01 1.82418079e+01
    1.82219028e+01 1.74219799e+01 2.00959892e+01 1.79604263e+01
    1.76375408e+01 1.73069534e+01 1.92235813e+01 1.90242481e+01
    1.95478172e+01 1.91501617e+01 2.07483292e+01 2.12191010e+01
    2.21065693e+01 2.01161957e+01 2.04468670e+01 2.08624210e+01
    2.20295010e+01 1.86876125e+01 2.05795002e+01 2.04955082e+01
    1.91502190e+01 1.93122234e+01 2.00761185e+01 1.96783485e+01
    2.05821838e+01 2.06820240e+01 2.02038803e+01 2.08898773e+01
    2.13799381e+01 2.03307953e+01 2.00479698e+01 2.01667557e+01
    2.01367950e+01 2.03254890e+01 1.94092293e+01 2.06080494e+01
    1.95010929e+01 1.83557167e+01 1.96138172e+01 1.94157314e+01
    1.95256920e+01 2.22716656e+01 2.04098721e+01 1.98724937e+01
    1.94895744e+01 2.07657700e+01 2.19900322e+01 2.14782810e+01
    2.05844498e+01 2.11624565e+01 2.18856030e+01 2.19584217e+01
    2.13121662e+01 2.07112236e+01 2.14804554e+01 2.19566040e+01
    2.37455330e+01 2.24041557e+01 2.11301785e+01 2.18491764e+01
    2.12909698e+01 2.18874588e+01 2.42038612e+01 2.22178898e+01
    2.11736526e+01 2.09974232e+01 2.01963100e+01 2.02582359e+01
    2.00151482e+01 1.82086926e+01 1.86983967e+01 1.90299854e+01
    2.04210320e+01 1.98731976e+01 1.94843216e+01 2.04151764e+01
    2.16675224e+01 2.11122837e+01 2.11622162e+01 2.26203289e+01
    2.25910912e+01 2.20691910e+01 2.00309162e+01 2.00766888e+01
    2.20150414e+01 2.15115910e+01 2.11457405e+01 1.99948883e+01
    1.99895439e+01 1.94626408e+01 1.82729740e+01 2.07370071e+01
    1.76487293e+01 1.82338161e+01 1.91291580e+01 1.94892273e+01
    1.97312469e+01 2.14411602e+01 1.76211300e+01 1.90901852e+01
    1.98525219e+01 1.85117359e+01 1.89253597e+01 1.99499741e+01
    1.91205139e+01 1.77604790e+01 1.73541660e+01 1.68827477e+01
    1.75954075e+01 1.55281343e+01 1.77564430e+01 1.97211514e+01
    1.94355850e+01 1.88187866e+01 1.85419483e+01 1.92953167e+01
    2.15785885e+01 2.12950954e+01 2.04785118e+01 2.18976460e+01
    1.99868507e+01 1.96515560e+01 2.08170986e+01 1.95369205e+01
    1.76671410e+01 1.83983173e+01 1.88011360e+01 1.83401356e+01
    1.81518764e+01 1.79125977e+01 1.82644768e+01 1.75856743e+01
    1.79787331e+01 1.81985283e+01 1.93984070e+01 1.68917770e+01
    1.88673115e+01 1.81724777e+01 1.88307495e+01 1.99676628e+01
    1.87735710e+01 1.80957985e+01 1.96155624e+01 1.79524841e+01
    2.00042343e+01 1.77229919e+01 1.79568214e+01 1.86154137e+01
    1.83590260e+01 1.82768345e+01 1.74914703e+01 1.77238197e+01
    1.87823181e+01 1.96979675e+01 1.72891464e+01 1.86586399e+01
    1.81256294e+01 1.92562962e+01 2.20008411e+01 2.06666870e+01
    1.98931580e+01 2.20754967e+01 2.17603874e+01 2.10787716e+01
    2.16568794e+01 2.00891228e+01 2.16388645e+01 2.14671211e+01
    2.24139194e+01 2.23410015e+01 2.11892223e+01 2.20139675e+01
    2.32664013e+01 2.22947998e+01 2.43935413e+01 2.44611282e+01
    2.20242767e+01 2.23005142e+01 2.20853920e+01 2.24793339e+01
    2.33237782e+01 2.28486004e+01 2.20422401e+01 2.05160542e+01
    2.07027817e+01 2.22852116e+01 2.17449703e+01 2.25705700e+01
    2.38398495e+01 2.12709827e+01 2.11193352e+01 2.15960674e+01
    2.30262260e+01 2.08865967e+01 2.00647774e+01 2.00457096e+01
    2.01835270e+01 1.91110687e+01 2.08006363e+01 1.89014053e+01
    1.84023647e+01 1.85801239e+01 1.95474987e+01 1.83127823e+01
    1.96277924e+01 2.01318512e+01 1.77383118e+01 1.85064659e+01
    2.17680111e+01 1.99415741e+01 2.10876141e+01 2.16726494e+01
    2.13532562e+01 1.83462162e+01 1.98091145e+01 1.94466896e+01
    2.02758598e+01 2.00514908e+01 2.05373497e+01 2.11242733e+01
    2.03801289e+01 1.90046902e+01 1.85437355e+01 2.05026474e+01
    2.02289963e+01 2.01213493e+01 1.89937668e+01 1.84448833e+01
    1.89600983e+01 1.86629429e+01 2.20749512e+01 2.12556114e+01
    1.98853550e+01 2.10796928e+01 2.22388916e+01 2.21900921e+01
    2.33911037e+01 2.21150360e+01 2.17155094e+01 2.12278843e+01
    2.31887569e+01 2.14465790e+01 2.18330250e+01 2.00340061e+01
    2.07497616e+01 1.94236355e+01 1.84233341e+01 1.83495808e+01
    1.88419666e+01 1.72833595e+01 1.86598415e+01 1.82045250e+01
    1.82066727e+01 1.90252533e+01 1.94105244e+01 1.82316570e+01
    1.95949974e+01 1.98372955e+01 2.01108456e+01 1.98875656e+01
    2.15180664e+01 1.84485664e+01 2.01301460e+01 1.95643444e+01
    1.89696827e+01 1.91033707e+01 1.89706402e+01 1.85622463e+01
    1.96677570e+01 1.77518005e+01 1.90516129e+01 1.95557861e+01
    1.86958046e+01 1.91485825e+01 1.97097969e+01 2.05984974e+01
    2.07986851e+01 2.18980675e+01 1.92072639e+01 2.08329086e+01
    2.04706993e+01 2.05778427e+01 1.90107880e+01 1.96037827e+01
    1.96683140e+01 1.91684341e+01 2.13828068e+01 2.05206604e+01
    1.99100723e+01 2.00019417e+01 1.97714596e+01 1.83785038e+01
    1.84378452e+01 1.90106373e+01 1.90720997e+01 1.92006073e+01
    1.99708157e+01 2.08888283e+01 2.12585793e+01 2.12383785e+01
    2.26937103e+01 2.17191906e+01 2.12760620e+01 2.28484898e+01
    2.15974846e+01 2.12571640e+01 2.07971077e+01 2.14708481e+01
    2.14917545e+01 2.11872311e+01 2.27762947e+01 2.19312363e+01
    1.93515015e+01 2.09113007e+01 2.08959312e+01 1.89475250e+01
    1.99391785e+01 1.92819042e+01 1.71693687e+01 1.89448090e+01
    2.00737648e+01 1.99087429e+01 1.97604370e+01 1.95246964e+01
    2.01823769e+01 2.22006912e+01 2.25728092e+01 2.15609570e+01
    2.15666637e+01 2.12271881e+01 1.98120518e+01 1.90355949e+01
    2.19086666e+01 2.16084251e+01 2.03986549e+01 2.12600670e+01
    1.92898922e+01 2.19229469e+01 1.89372902e+01 2.06032047e+01
    1.80985279e+01 1.90488281e+01 1.83475952e+01 1.99863319e+01
    1.99035606e+01 2.04567127e+01 1.93366470e+01 1.93892918e+01
    1.98728199e+01 1.91770248e+01 1.82466927e+01 1.99831924e+01
    1.81281872e+01 1.69691715e+01 1.52512074e+01 1.56016760e+01
    1.54296055e+01 1.62691441e+01 1.57911367e+01 1.80896854e+01
    1.90424824e+01 1.81451187e+01 1.94581547e+01 2.05727367e+01
    2.00322609e+01 2.22212334e+01 2.22401485e+01 2.14579487e+01
    2.11406918e+01 2.03642979e+01 1.98813877e+01 1.96014881e+01
    1.91966724e+01 1.87188663e+01 2.10034084e+01 2.00786095e+01
    1.98145924e+01 1.84423943e+01 1.84042530e+01 1.95322533e+01
    1.96295757e+01 1.87253227e+01 1.78296146e+01 1.75237999e+01
    1.79108562e+01 1.83700275e+01 1.90655479e+01 1.66191463e+01
    1.85851955e+01 1.79191780e+01 1.76154480e+01 1.63135090e+01
    1.73498573e+01 1.75179272e+01 1.68521118e+01 1.81433926e+01
    1.86453266e+01 1.73190708e+01 1.95047455e+01 2.02501450e+01
    1.88121891e+01 1.81750393e+01 1.96373081e+01 1.95453682e+01
    2.02462406e+01 1.96888332e+01 2.08277035e+01 2.11930618e+01
    2.00882397e+01 2.18617840e+01 2.16304913e+01 1.97361279e+01
    2.20285892e+01 1.98859463e+01 2.01824894e+01 2.15124416e+01
    2.12337170e+01 2.01886826e+01 1.98115978e+01 2.13988075e+01
    2.27408409e+01 2.24920731e+01 2.37460766e+01 2.43128033e+01
    2.19022999e+01 2.31165237e+01 2.41627064e+01 2.21037674e+01
    2.32340298e+01 2.16991196e+01 1.99677887e+01 2.00825844e+01
    1.99240932e+01 2.19464054e+01 2.09901810e+01 2.06350441e+01
    2.26940670e+01 2.01904964e+01 2.09368477e+01 2.09474773e+01
    2.12359257e+01 1.99300156e+01 1.99675198e+01 2.20720787e+01
    1.92239227e+01 1.85641804e+01 1.89965725e+01 1.83004475e+01
    1.75402908e+01 1.96406250e+01 1.96228428e+01 1.90096302e+01
    1.86930752e+01 1.94941444e+01 2.00465355e+01 1.93862190e+01
    2.11945248e+01 2.12539158e+01 2.01422672e+01 2.18769321e+01
    2.00899887e+01 1.82768192e+01 1.93495865e+01 2.03297195e+01
    1.92830830e+01 2.04056530e+01 1.87885799e+01 2.09379444e+01
    1.85097351e+01 1.71465607e+01 1.89396458e+01 1.96711979e+01
    1.87170372e+01 1.89828682e+01 1.83434105e+01 1.89213142e+01
    1.96982517e+01 2.02512054e+01 2.01265507e+01 2.05914745e+01
    2.21210194e+01 2.12678509e+01 2.25142975e+01 2.24529915e+01
    2.33345470e+01 2.33870564e+01 2.08679104e+01 1.94400215e+01
    2.14240322e+01 2.27740364e+01 2.07357960e+01 2.05666752e+01
    1.95280056e+01 1.92969036e+01 1.82179832e+01 1.94075680e+01
    1.93884335e+01 1.76784229e+01 1.80520840e+01 1.83003063e+01
    2.02745724e+01 1.82566547e+01 1.80051250e+01 1.78359585e+01
    1.89985943e+01 1.84714813e+01 2.10187778e+01 2.00961838e+01
    1.96067905e+01 1.78796101e+01 1.81950169e+01 1.88750381e+01
    1.94961433e+01 1.89859867e+01 1.75743694e+01 1.74898605e+01
    1.91481018e+01 1.92099190e+01 1.93607311e+01 1.93609829e+01
    1.89188251e+01 1.89748020e+01 2.07494621e+01 2.04635487e+01
    1.94992390e+01 2.06191063e+01 2.02002373e+01 2.13011837e+01
    2.00316963e+01 2.06098118e+01 2.02337589e+01 2.02113552e+01
    1.89018688e+01 1.80370789e+01 2.02502365e+01 2.07393322e+01
    2.01877728e+01 1.99276772e+01 1.90811615e+01 1.84043236e+01
    1.96001568e+01 1.93344326e+01 1.96943283e+01 2.05536804e+01
    2.02205715e+01 2.00550804e+01 1.90783958e+01 2.07541943e+01
    2.05869789e+01 2.13637810e+01 2.08265762e+01 2.21450481e+01
    2.13116703e+01 2.06013660e+01 2.15865059e+01 2.14122772e+01
    2.16413269e+01 2.18675804e+01 2.29511490e+01 2.17565651e+01
    2.07690372e+01 2.07363720e+01 1.97135487e+01 1.98297577e+01
    1.92909336e+01 1.74436779e+01 1.66949253e+01 1.88984451e+01
    1.94515705e+01 1.85259113e+01 2.01192989e+01 1.94233551e+01
    2.02159176e+01 1.89113789e+01 2.26010780e+01 2.17022381e+01
    2.01997089e+01 2.19743595e+01 1.93163948e+01 2.03156166e+01
    2.18242683e+01 2.11358891e+01 2.17288952e+01 2.19139881e+01
    2.06644878e+01 2.26833935e+01 2.04281769e+01 2.08526363e+01
    1.98407021e+01 1.93015079e+01 1.92921219e+01 2.01560135e+01
    1.77069073e+01 1.92858200e+01 1.80759964e+01 1.88972683e+01
    1.78573036e+01 1.94249477e+01 1.70624275e+01 1.83154068e+01
    1.82339516e+01 1.79861965e+01 1.65801144e+01 1.56629152e+01
    1.54679518e+01 1.60153408e+01 1.69972172e+01 1.78346138e+01
    1.80784397e+01 1.79887867e+01 1.84212399e+01 2.03551426e+01
    2.03688812e+01 1.92740803e+01 2.24482498e+01 2.01046467e+01
    1.92636089e+01 2.00865002e+01 2.11699352e+01 2.18761044e+01
    1.97526951e+01 1.91210136e+01 2.07912407e+01 1.97678623e+01
    1.89221554e+01 1.95002308e+01 1.81159039e+01 1.72615681e+01
    1.74088268e+01 1.84594269e+01 1.83110428e+01 1.64020557e+01
    1.80677681e+01 1.98180046e+01 1.90858154e+01 1.84305515e+01
    1.76989632e+01 1.75919323e+01 1.89983540e+01 1.71594372e+01
    1.83713760e+01 1.85494232e+01 1.76442432e+01 1.80323067e+01
    1.87671280e+01 1.72016964e+01 1.88105450e+01 1.87352276e+01
    1.93542137e+01 1.76476879e+01 1.98157387e+01 1.91194019e+01
    1.87762890e+01 1.89969120e+01 2.22068157e+01 2.01361065e+01
    2.02054996e+01 2.16186028e+01 2.11377201e+01 2.03659191e+01
    2.10568466e+01 1.97871017e+01 1.91478958e+01 1.98066177e+01
    2.13370514e+01 2.15714855e+01 2.03843708e+01 2.08577499e+01
    2.26935787e+01 2.15852242e+01 2.37863064e+01 2.28848934e+01
    2.12736759e+01 2.14496880e+01 2.26565285e+01 2.26186085e+01
    2.19884167e+01 2.12440224e+01 2.02683125e+01 2.07644520e+01
    1.82907639e+01 2.20401192e+01 2.04910240e+01 2.03025703e+01
    2.24939327e+01 2.09055824e+01 1.95579700e+01 1.94641857e+01
    2.12390900e+01 2.05752106e+01 1.94338970e+01 1.97901936e+01
    1.79005318e+01 1.84284821e+01 1.93735504e+01 1.78120098e+01
    1.88020744e+01 1.83867302e+01 1.89706345e+01 2.01951447e+01
    1.91311550e+01 1.93769836e+01 1.81829185e+01 2.01064339e+01
    2.03432293e+01 1.99012718e+01 2.02134361e+01 2.04082375e+01
    2.13680592e+01 1.81871471e+01 1.90897141e+01 2.09702892e+01
    2.00727386e+01 1.99515190e+01 2.05464611e+01 2.11505795e+01
    2.04955959e+01 1.70341320e+01 1.93508778e+01 1.85676975e+01
    1.88715057e+01 1.93733292e+01 2.03016758e+01 1.86229744e+01
    1.94915085e+01 1.96753368e+01 2.08444672e+01 2.07706089e+01
    2.07752590e+01 2.07966728e+01 2.36520824e+01 2.32130051e+01
    2.25276585e+01 2.22629795e+01 2.08603420e+01 2.11665726e+01
    2.18924427e+01 2.12124157e+01 2.12266140e+01 2.01293507e+01
    1.86051426e+01 1.93194942e+01 1.93196678e+01 1.90189438e+01
    1.92407761e+01 1.81380424e+01 1.80640507e+01 1.84994316e+01
    2.07590141e+01 1.91352863e+01 1.85015678e+01 1.80178509e+01
    1.96707191e+01 1.97535591e+01 1.99632626e+01 1.90834370e+01
    1.93697166e+01 1.80135956e+01 1.88461514e+01 1.75881596e+01
    2.01232510e+01 1.87774029e+01 1.75193558e+01 1.93900795e+01
    2.01921959e+01 1.93932457e+01 2.07063351e+01 2.08749027e+01
    2.03437614e+01 1.94932137e+01 1.89606609e+01 2.03647690e+01
    2.01244106e+01 1.87762375e+01 1.91274948e+01 2.12131786e+01
    2.14570007e+01 2.05463943e+01 1.87513199e+01 2.01549416e+01
    1.99834614e+01 1.84506207e+01 1.98763332e+01 1.94126549e+01
    2.08317833e+01 2.26451397e+01 1.93298187e+01 1.92149105e+01
    2.02599869e+01 2.02758751e+01 1.83875923e+01 1.87351265e+01
    1.96809444e+01 1.95600929e+01 2.02782402e+01 1.99159489e+01
    2.10769634e+01 2.14845753e+01 2.24145908e+01 2.14435997e+01
    2.17195263e+01 2.08613930e+01 2.09915333e+01 2.11247330e+01
    2.21017895e+01 2.28354988e+01 2.20071106e+01 2.16403675e+01
    2.06707878e+01 2.09042091e+01 2.02646942e+01 1.92777309e+01
    1.94771175e+01 1.79548187e+01 1.73620663e+01 1.67449245e+01
    1.80334072e+01 1.77592239e+01 1.84040127e+01 1.85352440e+01
    1.86217117e+01 1.95262337e+01 2.06117344e+01 1.98351574e+01
    1.99300518e+01 2.08896809e+01 2.09841404e+01 2.14850941e+01
    2.11033554e+01 2.18276920e+01 2.01886063e+01 2.25036430e+01
    2.11051350e+01 2.06708050e+01 2.02973900e+01 1.97534180e+01
    1.92470760e+01 1.93008881e+01 1.80698528e+01 1.89132786e+01
    1.86416016e+01 1.88641205e+01 1.97131710e+01 1.78754330e+01
    1.81827049e+01 1.95714836e+01 1.85038033e+01 1.75055122e+01
    1.93604431e+01 1.74471798e+01 1.60801125e+01 1.55592899e+01
    1.51967869e+01 1.50592375e+01 1.69098930e+01 1.73278732e+01
    1.75347023e+01 1.64129562e+01 1.96803913e+01 1.98542938e+01
    2.08739300e+01 2.00300579e+01 1.92983570e+01 2.27791977e+01
    2.09382896e+01 2.16564598e+01 2.25281944e+01 1.94459972e+01
    1.94048901e+01 1.93032875e+01 2.02770920e+01 2.07065029e+01
    1.84656715e+01 1.81282272e+01 2.00761623e+01 1.89663448e+01
    1.78462601e+01 1.90584641e+01 1.86795063e+01 1.80336914e+01
    1.73163128e+01 2.00897522e+01 1.90125904e+01 1.80145645e+01
    1.95050812e+01 1.74716797e+01 1.82863464e+01 1.87235641e+01
    1.74599628e+01 1.83448563e+01 1.83530827e+01 1.75788479e+01
    1.70248222e+01 1.56642332e+01 1.83248882e+01 1.90288925e+01
    1.91346626e+01 1.95112457e+01 1.88047466e+01 1.87260723e+01
    1.90917435e+01 1.99907799e+01 2.09975262e+01 1.98222961e+01
    2.00922489e+01 2.06269398e+01 2.12523232e+01 1.89754238e+01
    2.13951435e+01 2.07867279e+01 2.03232231e+01 2.21756382e+01
    2.24457054e+01 2.15171967e+01 2.27633400e+01 2.21350002e+01
    2.33156509e+01 2.32490559e+01 2.25309448e+01 2.30299873e+01
    2.06727333e+01 2.06949501e+01 2.27768688e+01 2.13623753e+01
    2.04020405e+01 2.06746845e+01 1.95916424e+01 1.95516453e+01
    1.93797436e+01 2.13088226e+01 2.16222324e+01 1.94588203e+01
    1.96448135e+01 1.89588470e+01 2.04822178e+01 2.08259029e+01
    2.05306358e+01 1.82284603e+01 1.97047119e+01 1.95020905e+01
    2.00704174e+01 1.82249832e+01 1.90752850e+01 1.84919643e+01
    1.85410748e+01 1.79462776e+01 1.87752075e+01 1.79756927e+01
    1.91712284e+01 1.78679161e+01 1.85883331e+01 1.96005611e+01
    2.00107079e+01 1.90863838e+01 2.06808014e+01 2.05177498e+01
    2.07320347e+01 1.81481495e+01 1.81946144e+01 1.94080105e+01
    1.89532452e+01 1.89773045e+01 2.02318134e+01 1.81572189e+01
    1.86723404e+01 1.88074055e+01 1.67394142e+01 1.86187057e+01
    1.84132404e+01 1.78724689e+01 2.06821556e+01 1.93241768e+01
    1.96866074e+01 1.84314308e+01 2.00879517e+01 2.06859531e+01
    2.10125122e+01 2.04770432e+01 2.26910496e+01 2.09884052e+01
    2.05295067e+01 2.05104790e+01 2.14066372e+01 2.07023373e+01
    2.10420818e+01 2.07956886e+01 2.02908554e+01 2.02135525e+01
    2.03750973e+01 1.81362877e+01 1.96461048e+01 1.95234661e+01
    2.00608768e+01 1.90501156e+01 2.04265823e+01 2.02774010e+01
    2.04178066e+01 2.06633205e+01 2.07107162e+01 1.91725368e+01
    1.94984074e+01 2.02053604e+01 2.05827217e+01 1.83541126e+01
    1.94651756e+01 1.70275784e+01 1.71220913e+01 1.84695454e+01
    1.94197807e+01 1.83997898e+01 1.87913074e+01 2.06262608e+01
    2.19645748e+01 2.17223644e+01 2.22946968e+01 2.29999886e+01
    2.08387012e+01 2.11903572e+01 2.05518475e+01 2.12307434e+01
    2.11247673e+01 1.92898293e+01 1.91481552e+01 2.13341599e+01
    2.02286835e+01 2.08657112e+01 1.96555233e+01 1.91783562e+01
    1.76540756e+01 1.81537609e+01 1.96556568e+01 2.04082298e+01
    2.04348106e+01 2.27147312e+01 2.10919380e+01 1.95513878e+01
    2.11083603e+01 2.07021599e+01 2.02145977e+01 1.92734985e+01
    1.95503044e+01 2.04948635e+01 2.05934010e+01 2.02201805e+01
    1.93027382e+01 2.00548477e+01 2.06132259e+01 2.21245728e+01
    2.16167774e+01 2.02463436e+01 2.15032330e+01 2.14629898e+01
    2.17481613e+01 2.19140625e+01 2.12045708e+01 2.17000046e+01
    2.02761402e+01 1.81889992e+01 1.96381531e+01 1.92103806e+01
    1.78280544e+01 1.63756580e+01 1.78651543e+01 1.80569286e+01
    1.72083721e+01 1.69365559e+01 2.01363716e+01 1.95832939e+01
    2.15382919e+01 2.12755585e+01 2.10820312e+01 2.17437992e+01
    2.23214645e+01 2.18821678e+01 2.23795128e+01 2.17514763e+01
    2.17741547e+01 2.35394440e+01 2.27422199e+01 2.29510765e+01
    2.32783680e+01 2.08816261e+01 2.07533245e+01 2.03350697e+01
    1.99942951e+01 2.05952454e+01 1.98062096e+01 1.91889057e+01
    1.83063412e+01 2.00113392e+01 1.94255562e+01 1.94155922e+01
    1.82214203e+01 1.92964554e+01 1.78882427e+01 1.83229103e+01
    1.87748966e+01 1.90467205e+01 1.77720928e+01 1.58747692e+01
    1.64297886e+01 1.72920589e+01 1.85012989e+01 1.92740250e+01
    1.89748363e+01 1.75333118e+01 1.87385235e+01 1.99117355e+01
    2.10683517e+01 2.01315994e+01 1.95503254e+01 2.11002140e+01
    2.05397015e+01 2.12861061e+01 2.03393764e+01 2.02955532e+01
    1.89623661e+01 1.94195271e+01 2.11263676e+01 2.02754898e+01
    1.83514805e+01 1.80837040e+01 1.85359230e+01 1.84878120e+01
    1.74627209e+01 1.84457130e+01 1.77458172e+01 1.78680058e+01
    1.83612823e+01 2.02251091e+01 2.10858173e+01 2.03071690e+01
    2.02138157e+01 1.92318134e+01 1.83838024e+01 1.88630371e+01
    1.90406170e+01 1.71074123e+01 1.78751335e+01 1.76048279e+01
    1.85325737e+01 1.60962219e+01 1.78524036e+01 1.93376141e+01
    1.98016033e+01 1.90942497e+01 1.85621777e+01 1.83413925e+01
    1.89323997e+01 1.91861134e+01 2.02918453e+01 1.96866970e+01
    1.98795490e+01 2.21638985e+01 2.19608669e+01 2.05965328e+01
    2.18644524e+01 2.32445679e+01 2.10388088e+01 2.20744190e+01
    2.33910446e+01 2.04939499e+01 2.11168137e+01 2.17175350e+01
    2.15946159e+01 2.17254944e+01 2.25806789e+01 2.29042969e+01
    2.16640186e+01 1.95379410e+01 2.10151043e+01 2.11177139e+01
    2.07146816e+01 1.97656307e+01 1.79363327e+01 1.84805279e+01
    1.99436588e+01 1.87587013e+01 2.04183426e+01 1.75427284e+01
    1.89563313e+01 1.85575867e+01 1.88410912e+01 2.08771362e+01
    1.94193420e+01 1.83871193e+01 1.96654530e+01 1.80352592e+01
    1.87555447e+01 1.78525829e+01 1.89939861e+01 1.83949757e+01
    1.78474636e+01 1.58952932e+01 1.84782982e+01 1.86096115e+01
    1.83139229e+01 1.83530865e+01 1.73511314e+01 1.91286278e+01
    1.87524319e+01 1.96952534e+01 1.91667480e+01 1.95240345e+01
    2.03770084e+01 1.84457226e+01 1.71574612e+01 2.17421131e+01
    2.01399002e+01 1.92544632e+01 2.07406044e+01 2.06174831e+01
    1.91775894e+01 1.90506287e+01 1.89081726e+01 2.00519142e+01
    1.89247093e+01 1.79214439e+01 1.80865841e+01 1.82800903e+01
    1.89610233e+01 1.87255535e+01 2.04098034e+01 2.05904388e+01
    2.16534538e+01 2.25676327e+01 2.16967602e+01 2.19224892e+01
    2.07423306e+01 1.90771446e+01 2.12364216e+01 2.10400887e+01
    2.17077427e+01 2.09768410e+01 1.94456635e+01 2.01696129e+01
    2.07018013e+01 2.05024548e+01 1.91789913e+01 2.02226028e+01
    2.13266010e+01 1.93324661e+01 2.15080948e+01 2.12016659e+01
    2.14500408e+01 1.99842777e+01 1.95874557e+01 2.04116058e+01
    2.03406506e+01 1.82899628e+01 1.92519646e+01 1.80876560e+01
    1.97526741e+01 1.76519756e+01 1.64942398e+01 1.90755558e+01
    2.08811989e+01 1.94338131e+01 1.99544125e+01 1.95332813e+01
    2.16745968e+01 2.14322453e+01 2.14827328e+01 2.17293701e+01
    2.23890381e+01 2.02301769e+01 2.03960648e+01 2.11728115e+01
    1.98434448e+01 1.99174213e+01 1.94371395e+01 2.05811844e+01
    2.01631908e+01 2.15332813e+01 2.02195072e+01 2.13672523e+01
    1.72272587e+01 1.79597912e+01 1.83190517e+01 1.90588760e+01
    2.00761852e+01 1.94741478e+01 2.07777138e+01 1.96915607e+01
    2.01228752e+01 2.00361195e+01 1.89037514e+01 1.93251648e+01
    2.00369301e+01 1.94406204e+01 1.98089428e+01 2.08376999e+01
    1.82277031e+01 1.92349720e+01 2.04611969e+01 2.18229866e+01
    2.19557056e+01 2.04341068e+01 2.06227932e+01 2.13346615e+01
    1.96717396e+01 2.16211452e+01 2.20383186e+01 2.05871506e+01
    1.93857899e+01 1.93629189e+01 1.91062527e+01 1.87976913e+01
    2.00169125e+01 1.98588657e+01 1.91848698e+01 1.81087055e+01
    1.86272678e+01 1.86022816e+01 1.95836544e+01 1.97656155e+01
    2.06457253e+01 2.30604401e+01 2.20708027e+01 2.06355324e+01
    2.23385811e+01 2.24571323e+01 2.24082298e+01 2.14767056e+01
    2.23814831e+01 2.38200111e+01 2.34270325e+01 2.17514610e+01
    2.19068851e+01 2.07649479e+01 1.97120743e+01 1.96789856e+01
    2.01662712e+01 2.04508533e+01 2.00504551e+01 2.03126659e+01
    2.01615200e+01 2.10722466e+01 2.16505814e+01 2.01988449e+01
    1.90340309e+01 1.99796772e+01 1.98847561e+01 1.94446869e+01
    2.06833801e+01 1.78193588e+01 1.79691601e+01 1.64728794e+01
    1.68428745e+01 1.76598377e+01 1.69799232e+01 1.89295139e+01
    1.79453468e+01 1.80511093e+01 1.89561100e+01 1.87521000e+01
    2.01457977e+01 1.96673965e+01 2.09490261e+01 2.06263828e+01
    1.96948166e+01 1.92007732e+01 1.97383404e+01 2.01873398e+01
    1.93947372e+01 1.93340569e+01 2.10732613e+01 2.12362862e+01
    2.01750565e+01 1.97983341e+01 1.91989098e+01 2.09934006e+01
    1.89079666e+01 1.78649406e+01 1.76201839e+01 1.86676273e+01
    1.99902782e+01 1.97456169e+01 1.98720722e+01 2.06688786e+01
    2.01503296e+01 1.82246265e+01 1.92391815e+01 1.94015465e+01
    1.76833553e+01 1.73173885e+01 1.90031300e+01 1.72661076e+01
    1.78310242e+01 1.76390724e+01 1.74937935e+01 1.86173916e+01
    1.73043995e+01 1.82682610e+01 1.80985126e+01 1.73976707e+01
    1.72891159e+01 1.80484619e+01 1.85217056e+01 1.90538616e+01
    1.96119041e+01 2.14937897e+01 2.00780373e+01 1.99455891e+01
    2.13544636e+01 2.24466286e+01 2.20236244e+01 2.24339066e+01
    2.29212093e+01 2.00768776e+01 2.07208710e+01 2.21803188e+01
    2.30324783e+01 2.24278488e+01 2.19158401e+01 2.04033241e+01
    2.13094368e+01 1.94131660e+01 2.11038017e+01 2.01270237e+01
    1.82705116e+01 1.91947937e+01 1.75137501e+01 1.78705444e+01
    1.83923264e+01 1.81144943e+01 1.99018688e+01 1.85927486e+01
    1.73963356e+01 1.77912292e+01 1.91191235e+01 1.96571732e+01
    1.93431892e+01 1.76652279e+01 1.88788738e+01 1.92894554e+01
    1.80501118e+01 1.72053261e+01 1.83158073e+01 1.95404758e+01
    1.75516624e+01 1.82915726e+01 1.73409882e+01 1.81056004e+01
    1.90496960e+01 1.92154789e+01 1.83299179e+01 1.84044266e+01
    1.89676571e+01 1.99505520e+01 2.13399391e+01 2.05811672e+01
    1.98187923e+01 1.89177685e+01 1.85605831e+01 1.98885155e+01
    1.95842628e+01 2.01556454e+01 1.91975098e+01 1.79283218e+01
    1.82249928e+01 1.98377800e+01 1.77124481e+01 1.87391396e+01
    1.91123047e+01 1.90644379e+01 1.83488560e+01 1.83874073e+01
    1.84194698e+01 1.95837135e+01 1.97446480e+01 1.84705982e+01
    1.97075329e+01 2.00775757e+01 2.13790474e+01 2.04871693e+01
    1.88685913e+01 1.92022381e+01 1.89401360e+01 1.93570194e+01
    2.12533455e+01 2.12943459e+01 1.99638309e+01 1.87709389e+01
    1.92031364e+01 1.98167038e+01 1.85328197e+01 2.15993500e+01
    2.11147480e+01 1.94980507e+01 2.00166016e+01 1.99700890e+01
    1.93215256e+01 2.05699749e+01 1.98203850e+01 2.04223042e+01
    2.11082344e+01 1.89112816e+01 1.93695736e+01 1.98675404e+01
    1.95869961e+01 1.69466839e+01 1.67868156e+01 1.78268433e+01
    1.88156757e+01 1.81328850e+01 1.86631451e+01 1.95731106e+01
    2.08148556e+01 2.18154659e+01 2.16121063e+01 2.13682003e+01
    2.14515610e+01 2.06487083e+01 1.96980209e+01 2.13253498e+01
    2.10191975e+01 2.00049648e+01 2.12238407e+01 2.12543621e+01
    1.91568470e+01 2.22180080e+01 2.24320984e+01 2.26608677e+01
    1.77132435e+01 1.64375820e+01 1.86851749e+01 2.00786057e+01
    1.88848400e+01 2.11694832e+01 2.01377316e+01 1.98510303e+01
    1.97589378e+01 2.01938286e+01 1.96303005e+01 2.06889324e+01
    2.04541245e+01 2.02533932e+01 1.84839592e+01 2.02078285e+01
    1.94749451e+01 1.85009193e+01 2.03715343e+01 2.18169384e+01
    2.01143475e+01 2.02630043e+01 2.07917252e+01 2.00328121e+01
    1.89089432e+01 2.00174675e+01 2.13290367e+01 1.99183407e+01
    1.99612484e+01 1.87576008e+01 1.87601414e+01 1.85219879e+01
    1.94494762e+01 1.97733536e+01 1.82388096e+01 1.92393990e+01
    1.93627930e+01 1.96379871e+01 2.08974228e+01 2.18632164e+01
    2.01415157e+01 2.18588753e+01 2.45766792e+01 2.10868950e+01
    2.06596127e+01 2.09335499e+01 2.06041241e+01 2.03956718e+01
    2.10983448e+01 2.20397701e+01 2.18889828e+01 2.16877880e+01
    2.19665623e+01 2.04426327e+01 2.03894844e+01 1.97804203e+01
    2.04753742e+01 2.18848248e+01 2.14642982e+01 1.95172901e+01
    1.86382561e+01 1.96638470e+01 2.07262535e+01 2.20580730e+01
    2.06481152e+01 2.15445614e+01 2.05372276e+01 2.09135895e+01
    2.05647812e+01 1.80583649e+01 1.72891369e+01 1.70099564e+01
    1.72850742e+01 1.80252247e+01 1.86802139e+01 1.93010921e+01
    1.78952980e+01 1.66872921e+01 1.92600346e+01 1.86615582e+01
    1.91654835e+01 1.88727531e+01 1.80231457e+01 1.88700619e+01
    1.86618767e+01 1.79069519e+01 1.99645176e+01 1.99462566e+01
    1.87910748e+01 1.89559937e+01 1.96264210e+01 2.16658554e+01
    2.03007812e+01 1.99911289e+01 1.98667660e+01 2.00281067e+01
    1.89038582e+01 1.93373775e+01 1.86393948e+01 1.81981430e+01
    2.08998852e+01 2.05029411e+01 2.11616535e+01 1.90796032e+01
    2.01269226e+01 1.98920918e+01 1.85994987e+01 2.02950497e+01
    1.97059059e+01 1.76057682e+01 1.86286850e+01 1.83034439e+01
    1.65410366e+01 1.70812244e+01 1.74198704e+01 1.69611187e+01
    1.58760710e+01 1.60459023e+01 1.77594681e+01 1.74142036e+01
    1.84263363e+01 1.80160332e+01 1.84070625e+01 1.97659740e+01
    2.01493206e+01 1.93545094e+01 2.09945049e+01 2.07814999e+01
    2.09162350e+01 2.24020901e+01 2.25832672e+01 2.17063484e+01
    2.21853752e+01 2.02677917e+01 1.96922379e+01 2.04727116e+01
    2.14835968e+01 2.21284504e+01 2.07408733e+01 2.01482391e+01
    2.08594189e+01 1.94058304e+01 1.99243813e+01 2.11124477e+01
    1.82996788e+01 1.82399406e+01 1.79970474e+01 1.72355537e+01
    1.62792912e+01 1.66728821e+01 1.84710236e+01 1.71493855e+01
    1.66851177e+01 1.67648716e+01 1.69526196e+01 1.66420708e+01
    1.99481697e+01 1.84355927e+01 1.85855598e+01 1.79871750e+01
    1.85047989e+01 1.83497219e+01 1.85049801e+01 1.85239944e+01
    1.81550522e+01 1.79853134e+01 1.85763512e+01 1.76325207e+01
    1.88039989e+01 1.82451096e+01 1.79822712e+01 1.87329750e+01
    1.91513214e+01 1.95913029e+01 1.99171391e+01 1.99369659e+01
    1.84554958e+01 1.88626976e+01 1.85438709e+01 2.04290848e+01
    1.97386246e+01 1.94089603e+01 1.99330425e+01 1.99525967e+01
    1.65870647e+01 2.05897102e+01 1.95319176e+01 1.90941372e+01
    1.87640285e+01 1.78794556e+01 1.94413586e+01 1.77425537e+01
    1.72413845e+01 1.82429447e+01 1.94552402e+01 1.92539062e+01
    1.86844063e+01 1.92241993e+01 2.22141361e+01 2.03541050e+01
    1.81938839e+01 1.94134541e+01 1.89103699e+01 1.92450371e+01
    1.99035053e+01 1.98036957e+01 1.98689594e+01 1.81899834e+01
    1.92283554e+01 2.11191158e+01 2.02046452e+01 2.02275429e+01
    2.00475426e+01 1.86573639e+01 1.89564877e+01 1.92964344e+01
    2.01088562e+01 1.94098072e+01 1.95251236e+01 1.79986496e+01
    2.05171108e+01 1.95531883e+01 1.82456455e+01 1.74219532e+01
    2.02267017e+01 1.93386440e+01 1.75485077e+01 1.75460491e+01
    2.04071465e+01 1.88719463e+01 1.99325905e+01 1.93979588e+01
    2.12735825e+01 1.96507282e+01 1.88966198e+01 2.08856945e+01
    1.97501926e+01 1.83994064e+01 2.02716427e+01 2.09913616e+01
    1.91624050e+01 1.76182690e+01 1.86828594e+01 2.23992538e+01
    2.05479412e+01 2.15502396e+01 2.28151436e+01 2.38300533e+01
    1.73269348e+01 1.79253330e+01 1.81569023e+01 1.95211372e+01
    1.99434261e+01 2.04785023e+01 2.03450432e+01 1.85682106e+01
    2.00473080e+01 2.01114159e+01 1.96968994e+01 1.85234890e+01
    1.94685993e+01 1.80584812e+01 1.77706566e+01 1.88134975e+01
    1.95710373e+01 1.91721897e+01 2.02095642e+01 2.26830959e+01
    2.12358818e+01 2.04644947e+01 2.01358604e+01 2.14110146e+01
    1.97644768e+01 2.08749828e+01 2.07685204e+01 1.83628368e+01
    1.89711456e+01 1.90985489e+01 1.78043709e+01 1.77053108e+01
    2.01042633e+01 1.92749424e+01 1.74711666e+01 1.93957195e+01
    1.97821922e+01 1.93235035e+01 2.05942078e+01 2.18354855e+01
    1.94967918e+01 2.03039989e+01 2.21815376e+01 2.12858582e+01
    1.89700661e+01 2.03130283e+01 1.97838078e+01 2.01792488e+01
    2.13366146e+01 2.22912922e+01 2.16780567e+01 2.27607021e+01
    2.22406693e+01 2.04561081e+01 1.96662827e+01 2.16561852e+01
    1.90629807e+01 1.96684418e+01 1.99275074e+01 2.08630524e+01
    2.00450783e+01 2.15188885e+01 2.23572769e+01 2.26354828e+01
    2.27630386e+01 2.32853928e+01 2.13851013e+01 2.05936317e+01
    2.01417179e+01 1.79254627e+01 1.82912884e+01 1.77849388e+01
    1.86161289e+01 1.72326069e+01 1.84573421e+01 1.82308502e+01
    1.83932781e+01 1.80202446e+01 2.01760273e+01 2.02046337e+01
    1.89204159e+01 1.77101135e+01 1.82120094e+01 2.05167294e+01
    1.92059650e+01 2.01642628e+01 2.04458771e+01 2.10449829e+01
    1.96190529e+01 2.13783340e+01 2.24015350e+01 2.23768730e+01
    2.11625614e+01 1.98917999e+01 2.18411121e+01 2.02164383e+01
    2.08870888e+01 2.00911999e+01 1.94508018e+01 1.90976353e+01
    1.89295044e+01 1.86975174e+01 2.00245934e+01 1.91980572e+01
    1.94358978e+01 1.85664825e+01 1.88548737e+01 1.94444847e+01
    2.02863064e+01 1.76227474e+01 1.82646713e+01 1.78881607e+01
    1.76210823e+01 1.63174572e+01 1.80342598e+01 1.79056244e+01
    1.71174107e+01 1.70867310e+01 1.69598465e+01 1.62585754e+01
    1.79976749e+01 1.80307388e+01 1.81000881e+01 1.61965466e+01
    1.96156902e+01 2.00331421e+01 1.99100819e+01 1.99292030e+01
    2.10358028e+01 2.05314655e+01 2.13735752e+01 2.00540180e+01
    2.16548710e+01 2.09608364e+01 1.95239563e+01 2.07392883e+01
    2.11690693e+01 2.06897068e+01 1.96705799e+01 2.13408051e+01
    1.89722729e+01 1.76921082e+01 2.07202835e+01 2.03632622e+01
    1.79321156e+01 1.77918072e+01 1.75846901e+01 1.58380356e+01
    1.68444920e+01 1.69299068e+01 1.69721489e+01 1.57855196e+01
    1.57251587e+01 1.70408211e+01 1.59185514e+01 1.78234997e+01
    2.01799088e+01 1.78416634e+01 1.99979362e+01 2.01650295e+01
    1.94149189e+01 1.84234028e+01 1.82707520e+01 1.75097351e+01
    1.86061344e+01 1.84118176e+01 1.68077679e+01 1.68342075e+01
    1.84256668e+01 1.92499790e+01 1.90232239e+01 1.88632679e+01
    1.98053284e+01 1.85391216e+01 2.04196892e+01 2.23619900e+01
    1.90194359e+01 1.82107468e+01 1.87720184e+01 1.93796082e+01
    1.76797104e+01 1.93104172e+01 1.89956512e+01 1.93709965e+01
    1.62748146e+01 1.83320904e+01 1.96098385e+01 1.94857674e+01
    1.90993023e+01 1.84453983e+01 1.82058659e+01 2.04873600e+01
    2.03325901e+01 1.76652241e+01 1.88726444e+01 1.93791046e+01
    1.91808510e+01 2.03772793e+01 2.04723625e+01 1.97390289e+01
    1.87422600e+01 1.86473122e+01 1.99121742e+01 2.06149673e+01
    1.97610188e+01 2.08686352e+01 2.08231697e+01 2.03368740e+01
    2.05047836e+01 1.93279667e+01 2.04888592e+01 2.04885654e+01
    1.81846790e+01 1.72953625e+01 1.81805458e+01 1.99483490e+01
    1.97994156e+01 1.88081398e+01 1.85471020e+01 1.75818768e+01
    1.92165909e+01 2.00787773e+01 2.01131840e+01 1.82200336e+01
    1.97064056e+01 1.92139511e+01 1.75667038e+01 1.78512058e+01
    2.06938477e+01 1.86523457e+01 1.79146290e+01 2.05432205e+01
    2.05466099e+01 2.02994900e+01 2.00517101e+01 2.13102970e+01
    2.07221928e+01 1.99038124e+01 1.97212677e+01 2.07865410e+01
    1.83560753e+01 1.74458008e+01 1.87233028e+01 2.19523335e+01
    2.21984997e+01 2.12479401e+01 2.11149406e+01 2.14832039e+01
    1.72816906e+01 1.86544952e+01 2.03427715e+01 1.97210236e+01
    2.02523823e+01 2.01628590e+01 2.05354939e+01 1.88108444e+01
    1.98945599e+01 2.02733707e+01 1.83355694e+01 1.78702431e+01
    1.97866135e+01 1.73067341e+01 1.69207745e+01 1.95029545e+01
    1.94257393e+01 2.05791759e+01 2.10248165e+01 1.99939728e+01
    2.01847363e+01 2.02333813e+01 1.96619816e+01 2.00029411e+01
    1.93644409e+01 1.93287239e+01 1.93021984e+01 1.73508835e+01
    1.77658768e+01 1.87922020e+01 1.72295380e+01 1.76195183e+01
    1.87418709e+01 1.81098270e+01 1.98632793e+01 1.89108105e+01
    1.88042107e+01 1.75206032e+01 2.06085873e+01 2.16617069e+01
    1.96587391e+01 2.03552189e+01 2.30242901e+01 2.08337994e+01
    2.06045265e+01 2.12841625e+01 2.06840611e+01 2.04162197e+01
    2.10593071e+01 2.20533180e+01 2.16832867e+01 2.07882023e+01
    2.13725872e+01 2.03078270e+01 2.01127262e+01 2.02506351e+01
    1.81507359e+01 1.88868370e+01 1.95790081e+01 1.98567410e+01
    1.86570396e+01 2.05486469e+01 2.18566189e+01 2.23238239e+01
    2.07760181e+01 2.30221519e+01 2.12009621e+01 2.01984234e+01
    2.04835110e+01 2.00225410e+01 1.83281269e+01 1.76830673e+01
    1.75683994e+01 1.74821529e+01 1.91561279e+01 1.85166225e+01
    1.76326504e+01 1.89967232e+01 1.93180504e+01 2.01047745e+01
    1.97932816e+01 1.95780792e+01 1.94559937e+01 1.92344456e+01
    2.10308876e+01 2.00596504e+01 1.95658455e+01 1.98728962e+01
    2.02051105e+01 2.05902557e+01 2.16502686e+01 2.22908401e+01
    2.01072979e+01 2.17222939e+01 2.12859535e+01 2.00885048e+01
    2.02148609e+01 2.10945072e+01 2.06945934e+01 1.91158066e+01
    2.04162369e+01 1.99859867e+01 1.98458939e+01 2.14306297e+01
    2.03336983e+01 1.97142715e+01 1.98312454e+01 1.95291576e+01
    1.96181259e+01 1.70655556e+01 1.85958252e+01 1.74361000e+01
    1.71135063e+01 1.63430195e+01 1.82252350e+01 1.68178043e+01
    1.63314877e+01 1.64325676e+01 1.73081970e+01 1.64386597e+01
    1.80486431e+01 1.87456264e+01 1.87936401e+01 1.85928192e+01
    1.93854771e+01 1.99096947e+01 2.17529621e+01 2.09793129e+01
    1.92464790e+01 1.96527119e+01 2.01772327e+01 2.00840454e+01
    2.10547581e+01 2.07355442e+01 1.88577766e+01 1.96914539e+01
    1.99596195e+01 2.09916286e+01 1.96612549e+01 2.15494289e+01
    1.95135841e+01 1.83484821e+01 1.99689999e+01 2.13953953e+01
    1.87673759e+01 1.89622078e+01 1.83112869e+01 1.58689995e+01
    1.85303764e+01 1.67127762e+01 1.54646864e+01 1.68910065e+01
    1.69961395e+01 1.65788765e+01 1.62903328e+01 1.61186562e+01
    1.81411209e+01 1.90270042e+01 1.90112476e+01 1.93056450e+01
    1.78582954e+01 1.87278290e+01 1.66092644e+01 1.84283447e+01
    1.84022274e+01 1.86339493e+01 1.78203125e+01 1.77554188e+01
    1.86126919e+01 1.90150242e+01 1.88316002e+01 2.10369720e+01
    2.02178955e+01 1.93833656e+01 1.76336498e+01 2.02714615e+01
    1.82060432e+01 1.86422539e+01 1.78778057e+01 1.84404907e+01
    1.63864079e+01 1.85352249e+01 1.73476448e+01 1.82474537e+01
    1.65315666e+01 1.65509129e+01 1.75122929e+01 1.75413170e+01
    1.74733257e+01 1.86106834e+01 1.80624428e+01 1.84641380e+01
    1.82592430e+01 1.65344868e+01 1.79369316e+01 1.85300655e+01
    1.84288044e+01 1.90116348e+01 1.90159435e+01 1.83847046e+01
    1.74100227e+01 1.90270939e+01 1.96946449e+01 2.26787815e+01
    2.08404961e+01 1.94107418e+01 2.00876160e+01 2.25363731e+01
    2.05424042e+01 2.02645264e+01 1.90432816e+01 1.95346394e+01
    1.86929779e+01 1.72903481e+01 2.01531124e+01 1.94685001e+01
    1.96529865e+01 1.93491440e+01 1.82322121e+01 1.69829445e+01
    1.81616268e+01 1.93060818e+01 2.03846245e+01 1.94954376e+01
    1.70402374e+01 1.82000256e+01 1.75477867e+01 1.93090744e+01
    2.00976658e+01 1.99611149e+01 1.82377853e+01 2.02718678e+01
    2.10509586e+01 1.93738270e+01 1.97197838e+01 2.11239223e+01
    2.05166187e+01 1.91879234e+01 2.03019981e+01 1.94556789e+01
    1.90670567e+01 1.92573700e+01 1.81162434e+01 2.06891861e+01
    2.05991364e+01 2.16236057e+01 2.12348347e+01 2.09216843e+01
    1.75451851e+01 1.84854946e+01 2.07940044e+01 1.92925339e+01
    1.93191299e+01 1.93778934e+01 1.93017635e+01 1.90644493e+01
    2.04126873e+01 1.92740555e+01 1.82601032e+01 1.79259529e+01
    1.92685089e+01 1.84409962e+01 1.75467968e+01 1.91351452e+01
    1.89997520e+01 1.76293926e+01 1.98955326e+01 2.01039391e+01
    1.74261551e+01 1.96414165e+01 2.03299351e+01 1.94399147e+01
    2.11584530e+01 2.08717346e+01 2.00518990e+01 1.80988331e+01
    1.96553211e+01 1.72655983e+01 1.87390137e+01 1.93606949e+01
    1.84880276e+01 1.80045452e+01 1.89167805e+01 1.85952110e+01
    1.87727184e+01 1.74852257e+01 1.83848553e+01 1.91849689e+01
    1.91631813e+01 2.03467846e+01 2.05263462e+01 2.00120773e+01
    1.84464626e+01 2.06402607e+01 2.20199814e+01 1.93756161e+01
    2.22670631e+01 2.18146038e+01 2.15629616e+01 2.10114040e+01
    2.08053989e+01 1.93414993e+01 2.08042755e+01 1.92552586e+01
    1.72369270e+01 1.85788670e+01 2.02194157e+01 1.78217258e+01
    1.76892853e+01 2.11174660e+01 2.26207771e+01 2.16306820e+01
    2.22967319e+01 2.22763081e+01 2.30868187e+01 2.08423882e+01
    1.96064396e+01 1.84134541e+01 1.81808796e+01 1.74289112e+01
    1.75361996e+01 1.69876308e+01 1.81759586e+01 1.78430119e+01
    1.77799625e+01 1.88322449e+01 2.07901306e+01 1.88725491e+01
    2.02604179e+01 2.02007828e+01 1.97046432e+01 1.92229500e+01
    1.99929390e+01 2.02037621e+01 1.95454102e+01 1.96514492e+01
    2.02932835e+01 1.93132992e+01 2.15054436e+01 2.26602459e+01
    2.00044880e+01 2.01592236e+01 2.00247841e+01 1.99027195e+01
    1.96160221e+01 1.93417473e+01 1.95695400e+01 1.97650070e+01
    1.86453037e+01 1.91448421e+01 1.87102013e+01 1.98106880e+01
    2.12091236e+01 1.95172882e+01 1.89108276e+01 1.86090298e+01
    1.88507061e+01 1.74358654e+01 1.91955814e+01 1.88273640e+01
    1.65820599e+01 1.66929684e+01 1.84206047e+01 1.73231506e+01
    1.72384319e+01 1.83640976e+01 1.89385262e+01 1.68854561e+01
    1.81517048e+01 1.79378662e+01 1.71716785e+01 1.82152882e+01
    1.94539261e+01 1.90413208e+01 1.89572392e+01 1.96007595e+01
    1.96223354e+01 1.98183460e+01 2.09114094e+01 1.97526188e+01
    2.03914356e+01 1.93682995e+01 2.05737629e+01 2.14520168e+01
    2.11364460e+01 2.08205528e+01 2.00637608e+01 2.07882252e+01
    2.02339306e+01 1.93791218e+01 1.92013721e+01 2.08967342e+01
    1.98900757e+01 1.76588821e+01 1.89779453e+01 1.77833099e+01
    1.87812576e+01 1.89305916e+01 1.67213879e+01 1.69147358e+01
    1.70660591e+01 1.63838272e+01 1.73119507e+01 1.72959194e+01
    1.75863895e+01 1.74492855e+01 1.97582645e+01 1.95473461e+01
    1.85515385e+01 1.89695969e+01 1.86088181e+01 1.89987125e+01
    1.89351559e+01 1.85964355e+01 1.73909550e+01 1.88092213e+01
    1.86981773e+01 1.95050335e+01 1.85433235e+01 1.79753819e+01
    1.85035038e+01 2.02473850e+01 2.02392235e+01 2.01090927e+01
    2.03746758e+01 1.93255577e+01 1.87693043e+01 2.07833099e+01
    1.89371185e+01 1.81929188e+01 1.72704754e+01 1.77373867e+01
    1.90771732e+01 1.75155239e+01 1.74499626e+01 1.65048370e+01
    1.87228889e+01 1.80049419e+01 1.77950573e+01 1.79712219e+01
    1.81153450e+01 1.62514629e+01 1.59332981e+01 1.76366920e+01
    1.94176693e+01 1.88462849e+01 1.93858948e+01 1.89941044e+01
    1.83653355e+01 1.86376648e+01 2.10581093e+01 2.22562466e+01
    2.25175381e+01 2.07763462e+01 2.14335728e+01 2.21128654e+01
    2.18398438e+01 2.28301239e+01 2.09279156e+01 2.02697792e+01
    1.90472679e+01 1.87954979e+01 1.84921989e+01 1.90920334e+01
    1.87615871e+01 1.80089340e+01 1.71017246e+01 1.83896103e+01
    1.97152290e+01 2.07200069e+01 2.19473801e+01 2.02295742e+01
    1.92808266e+01 1.90284691e+01 1.89065323e+01 1.89094028e+01
    2.17010803e+01 2.01672935e+01 1.90427113e+01 2.00437660e+01
    2.16294289e+01 2.18587704e+01 2.13651085e+01 2.29168358e+01
    2.24321671e+01 2.12381687e+01 2.11376648e+01 2.16907406e+01
    1.96807728e+01 1.92978916e+01 1.96926479e+01 2.01012821e+01
    2.03117313e+01 2.11407070e+01 2.13863316e+01 2.10722084e+01
    1.85947571e+01 1.77660503e+01 2.00445805e+01 2.03790131e+01
    2.03349609e+01 1.93479500e+01 1.99306622e+01 2.04005737e+01
    2.02593479e+01 1.97036133e+01 1.95174980e+01 1.92314625e+01
    2.03851547e+01 1.90281467e+01 1.77213287e+01 1.91143456e+01
    1.87155647e+01 1.75261192e+01 1.93399582e+01 1.93678417e+01
    1.86561031e+01 1.92453384e+01 2.01530533e+01 1.87735634e+01
    1.80903492e+01 1.98282032e+01 1.98180199e+01 1.73503590e+01
    1.79733620e+01 1.87929230e+01 1.74007664e+01 1.86889629e+01
    1.74033756e+01 1.71564159e+01 1.95033474e+01 1.96329060e+01
    1.77939053e+01 1.77453213e+01 2.02949944e+01 2.11530323e+01
    1.96630383e+01 2.04743328e+01 2.21913586e+01 2.02246971e+01
    1.97964859e+01 2.10799847e+01 2.39103107e+01 2.01030769e+01
    2.03142872e+01 2.19432354e+01 2.08233967e+01 2.09459171e+01
    1.98157310e+01 1.81918545e+01 1.96485386e+01 1.89434147e+01
    1.88563099e+01 1.78953705e+01 1.98329239e+01 1.64298744e+01
    1.52998896e+01 1.93944263e+01 2.27813416e+01 1.99848957e+01
    1.94118595e+01 2.09553490e+01 1.95855980e+01 2.09748859e+01
    1.98894672e+01 1.84227047e+01 1.86541939e+01 1.76697922e+01
    1.85244026e+01 1.85936508e+01 1.98227043e+01 1.87380905e+01
    1.65293884e+01 1.87950554e+01 2.06881371e+01 2.01259022e+01
    1.93645763e+01 1.81979961e+01 1.92292461e+01 1.95920944e+01
    1.87084465e+01 1.98339596e+01 1.93356552e+01 1.87596226e+01
    1.94981194e+01 1.92198963e+01 1.93271389e+01 2.08058929e+01
    1.96407223e+01 1.92782078e+01 1.81482792e+01 1.94009590e+01
    1.85334129e+01 2.01423874e+01 2.06024895e+01 1.93139801e+01
    2.09274426e+01 2.01035118e+01 1.95526886e+01 2.12000103e+01
    2.04971676e+01 1.92281990e+01 2.05912056e+01 1.94428749e+01
    1.88371887e+01 1.85446491e+01 1.82467747e+01 1.78406963e+01
    1.71022148e+01 1.61869812e+01 1.80390301e+01 1.74197903e+01
    1.70875835e+01 1.71398697e+01 1.71448574e+01 1.66608505e+01
    1.88520756e+01 1.79238415e+01 1.87018032e+01 1.87426624e+01
    1.98311043e+01 1.94975300e+01 1.86018696e+01 1.98866825e+01
    2.12797890e+01 1.95444584e+01 2.13207035e+01 2.00662365e+01
    2.16152039e+01 2.10927963e+01 1.90044270e+01 2.18986073e+01
    2.25140953e+01 2.09844208e+01 2.02520332e+01 2.04760036e+01
    2.06356812e+01 2.06662598e+01 2.02136364e+01 2.17791443e+01
    2.05030918e+01 1.96824379e+01 1.94132881e+01 1.85577908e+01
    1.77587872e+01 1.82803116e+01 1.70935993e+01 1.73778496e+01
    1.65282726e+01 1.63461838e+01 1.72868862e+01 1.88493843e+01
    1.94310703e+01 1.84944286e+01 1.91070061e+01 2.07276993e+01
    1.85812321e+01 1.93818703e+01 1.94296360e+01 1.95382900e+01
    1.77811832e+01 1.96854706e+01 1.90126629e+01 1.87429905e+01
    1.87342129e+01 1.97324028e+01 2.00281658e+01 2.13286037e+01
    1.95876083e+01 2.13838825e+01 2.06364975e+01 2.09685936e+01
    1.91406422e+01 2.13065510e+01 1.89894123e+01 2.06692581e+01
    1.94311943e+01 1.99910736e+01 1.82814083e+01 1.85091476e+01
    1.89170132e+01 1.89568863e+01 1.84866657e+01 1.80584621e+01
    1.80513725e+01 1.76544762e+01 1.88872242e+01 1.88069401e+01
    1.84605961e+01 1.77159233e+01 1.88297367e+01 1.84186840e+01
    1.77530308e+01 1.76152954e+01 1.96535854e+01 1.80206833e+01
    1.72781830e+01 2.03879852e+01 1.97632580e+01 2.07782536e+01
    2.26442509e+01 2.07234993e+01 2.08013077e+01 2.16572685e+01
    2.16941776e+01 2.12075500e+01 1.98305073e+01 1.92979717e+01
    1.73260651e+01 1.78320789e+01 1.71937408e+01 1.69892063e+01
    1.69352493e+01 1.74282169e+01 1.76949024e+01 1.78420105e+01
    2.06276970e+01 1.88088646e+01 1.96949577e+01 1.98183899e+01
    2.02431393e+01 1.94764748e+01 1.92465267e+01 1.98640614e+01
    2.00879993e+01 2.11323719e+01 1.90884514e+01 1.95336132e+01
    2.06557026e+01 1.88761559e+01 2.03542709e+01 2.13863029e+01
    2.11866608e+01 2.12924557e+01 2.04138622e+01 2.14012699e+01
    1.95544834e+01 1.96271877e+01 2.04335155e+01 1.92403584e+01
    2.02264767e+01 2.09354382e+01 2.14150391e+01 2.11115894e+01
    1.87540722e+01 1.79413223e+01 1.87930202e+01 1.90275726e+01
    1.97994823e+01 1.95038052e+01 1.81526890e+01 2.00066776e+01
    2.06542416e+01 2.05473652e+01 2.09177437e+01 2.08211060e+01
    2.03432751e+01 2.07456570e+01 1.99442692e+01 1.94992638e+01
    1.88529797e+01 1.82791157e+01 1.94746666e+01 2.15693951e+01
    1.77825108e+01 1.89669514e+01 1.88552399e+01 1.82601433e+01
    1.68345985e+01 1.97409725e+01 2.05300217e+01 1.92587090e+01
    1.70888119e+01 1.70297432e+01 1.68186836e+01 1.88025455e+01
    1.89860306e+01 1.75687160e+01 1.87151203e+01 1.97904816e+01
    2.11644993e+01 1.96637096e+01 2.06449108e+01 2.17809448e+01
    1.96594696e+01 2.10061359e+01 2.13967400e+01 1.91513157e+01
    1.89600601e+01 1.88407440e+01 2.27277317e+01 1.99212456e+01
    1.98979740e+01 2.08856640e+01 2.22642956e+01 2.07128353e+01
    1.94624062e+01 1.76439972e+01 1.95355110e+01 1.89780960e+01
    1.75099716e+01 1.71514797e+01 1.84546852e+01 1.72978554e+01
    1.54215651e+01 1.78514290e+01 2.03396969e+01 2.13709431e+01
    2.11839314e+01 2.13407860e+01 2.11567230e+01 2.13020210e+01
    1.99039059e+01 1.85482101e+01 2.03434296e+01 1.87406979e+01
    1.91734104e+01 1.75818329e+01 1.72596931e+01 1.91154671e+01
    1.80822277e+01 1.76068249e+01 2.00974941e+01 1.90212898e+01
    1.99842625e+01 2.01627579e+01 2.00312634e+01 1.99592457e+01
    1.94028740e+01 2.04813709e+01 1.97525082e+01 2.02313519e+01
    2.01008053e+01 2.14711895e+01 2.06738892e+01 2.07771664e+01
    2.00202503e+01 2.00363007e+01 2.12742577e+01 2.04447994e+01
    1.85569897e+01 1.99452839e+01 2.09397755e+01 2.07731113e+01
    2.05298233e+01 2.10750351e+01 2.05969849e+01 2.02289410e+01
    1.97220898e+01 1.75341206e+01 1.93041420e+01 2.00395012e+01
    1.95432892e+01 1.80261326e+01 1.82506485e+01 1.75839729e+01
    1.73905983e+01 1.65489674e+01 1.83076401e+01 1.69298306e+01
    1.60955982e+01 1.69061375e+01 1.61976223e+01 1.61862068e+01
    1.81988087e+01 1.83561764e+01 1.68842525e+01 1.72895031e+01
    1.90634899e+01 1.93488560e+01 1.95125237e+01 2.03667965e+01
    2.17464504e+01 2.22007580e+01 2.11071053e+01 2.11709747e+01
    2.13473530e+01 2.07922592e+01 2.01722908e+01 2.08176689e+01
    2.05129585e+01 1.99711304e+01 1.78415031e+01 1.91725388e+01
    1.98697815e+01 1.95392246e+01 2.12845955e+01 2.08153934e+01
    2.04300060e+01 2.05574608e+01 1.96858692e+01 1.97062302e+01
    1.90185204e+01 1.93844452e+01 1.97439880e+01 1.79111614e+01
    1.65657768e+01 1.73699055e+01 1.81166439e+01 1.87620678e+01
    1.83225422e+01 1.86961784e+01 1.91535492e+01 1.98379936e+01
    1.90994358e+01 1.90288277e+01 2.04748154e+01 1.99686623e+01
    1.97125587e+01 2.00718346e+01 1.89598427e+01 2.00683002e+01
    2.05008411e+01 2.05633144e+01 1.93544655e+01 2.01738319e+01
    1.93571701e+01 2.10478115e+01 1.96994114e+01 2.22632465e+01
    2.09196091e+01 2.00235405e+01 2.02887287e+01 2.12592335e+01
    1.97001019e+01 2.01832619e+01 1.88226471e+01 1.74001942e+01
    1.86099472e+01 1.91161594e+01 1.88201733e+01 2.06798058e+01
    1.86839981e+01 1.77345295e+01 2.04072037e+01 2.00922756e+01
    1.99987774e+01 1.83523636e+01 1.92150135e+01 1.85849400e+01
    1.75867844e+01 1.89647732e+01 1.93613186e+01 1.83629131e+01
    1.80794296e+01 1.87674103e+01 1.97899494e+01 2.14019070e+01
    2.13007851e+01 2.11180019e+01 2.19104729e+01 2.17250977e+01
    2.16025276e+01 2.12046795e+01 2.02375469e+01 1.83490276e+01
    1.72067413e+01 1.74521465e+01 1.68314648e+01 1.75811558e+01
    1.64629002e+01 1.80238113e+01 1.76414948e+01 1.70490723e+01
    1.94721699e+01 1.92442856e+01 1.92651958e+01 2.14613590e+01
    2.02644978e+01 1.89168682e+01 1.91228752e+01 2.04761295e+01
    2.21427116e+01 2.14969044e+01 2.00366592e+01 2.04645386e+01
    2.07735462e+01 1.93494968e+01 1.88820667e+01 2.03500271e+01
    1.98447304e+01 2.06671829e+01 1.94563408e+01 2.07034874e+01
    1.86234512e+01 2.04557514e+01 2.03524704e+01 2.11148987e+01
    1.99155102e+01 2.08516235e+01 2.28560524e+01 2.20738602e+01
    2.07797089e+01 1.87891102e+01 2.10431900e+01 2.02372341e+01
    2.10028248e+01 2.23873329e+01 2.13368492e+01 2.02072201e+01
    2.27623806e+01 1.98864441e+01 2.12207298e+01 2.14704380e+01
    2.08141766e+01 2.02763100e+01 1.91354523e+01 2.07152615e+01
    2.13172760e+01 1.98684883e+01 2.04426632e+01 2.22929611e+01
    1.82462521e+01 1.89428825e+01 1.99877796e+01 1.81639347e+01
    1.78202896e+01 1.88240089e+01 1.90934105e+01 1.83169403e+01
    1.76931133e+01 1.93125706e+01 1.65362682e+01 1.91343098e+01
    2.08855915e+01 2.08808823e+01 1.96702003e+01 2.06113625e+01
    2.18459702e+01 2.22789898e+01 2.23350029e+01 2.25634937e+01
    2.11180935e+01 2.09999580e+01 2.20510101e+01 2.07767086e+01
    2.00536957e+01 2.04265919e+01 2.15947933e+01 2.03435707e+01
    2.15297012e+01 2.11840935e+01 2.12065048e+01 2.04392204e+01
    1.95072556e+01 1.81125851e+01 1.95347157e+01 2.01384029e+01
    1.93592281e+01 1.73808842e+01 1.97873917e+01 1.86015701e+01
    1.80100803e+01 1.94221821e+01 2.08470135e+01 2.11040363e+01
    2.17523918e+01 2.14472065e+01 2.14404373e+01 2.23042850e+01
    2.12906647e+01 1.94051075e+01 1.90649929e+01 1.93127594e+01
    2.06117039e+01 1.92173805e+01 1.90413723e+01 1.94334164e+01
    1.68016129e+01 1.71294994e+01 2.01291313e+01 1.90999050e+01
    1.80243073e+01 1.92577782e+01 1.94738445e+01 1.97316608e+01
    2.03945255e+01 2.23162193e+01 2.14604149e+01 2.25351353e+01
    2.18775253e+01 2.05860119e+01 2.15634079e+01 2.23999748e+01
    1.98892860e+01 2.14722385e+01 2.26085758e+01 1.92459812e+01
    1.97302570e+01 2.09327698e+01 2.16758041e+01 2.25742111e+01
    2.05937195e+01 2.19625607e+01 2.13116188e+01 1.85640697e+01
    2.04220009e+01 1.98146305e+01 1.83468323e+01 2.05685024e+01
    1.92621040e+01 1.93334179e+01 1.78075829e+01 1.73927689e+01
    1.72161922e+01 1.75759583e+01 1.76943302e+01 1.74725819e+01
    1.69618950e+01 1.82223701e+01 1.68463840e+01 1.81439056e+01
    1.81363983e+01 1.82991524e+01 1.89805870e+01 1.80819302e+01
    2.00813847e+01 2.08311329e+01 2.10251331e+01 2.19426270e+01
    2.17625103e+01 2.06681023e+01 2.07979469e+01 2.12907238e+01
    2.00047932e+01 2.11730156e+01 1.90390453e+01 2.02614079e+01
    1.84670105e+01 1.95313969e+01 2.00129852e+01 1.91348801e+01
    1.93640785e+01 2.00419312e+01 2.03141537e+01 2.25030727e+01
    2.10763016e+01 1.99391079e+01 2.01566143e+01 1.90716991e+01
    1.88516293e+01 1.84594631e+01 1.73039169e+01 1.82121105e+01
    1.81367207e+01 1.60816574e+01 1.66859112e+01 1.83694763e+01
    1.76269989e+01 1.88369732e+01 1.87852955e+01 1.83886890e+01
    1.86133156e+01 1.98996220e+01 1.89746418e+01 2.01277065e+01
    1.97144470e+01 2.06959343e+01 1.93434544e+01 2.04433937e+01
    2.04579945e+01 1.93640308e+01 1.85379391e+01 2.20946636e+01
    2.04817944e+01 2.06997890e+01 2.12897758e+01 2.08258095e+01
    2.13867188e+01 2.13091354e+01 1.85342350e+01 2.06477337e+01
    2.00910358e+01 2.01695900e+01 1.82846508e+01 1.74485512e+01
    1.87901802e+01 1.87293301e+01 1.87939167e+01 2.09456863e+01
    1.96848831e+01 2.03376789e+01 2.12971268e+01 2.17051296e+01
    2.02796021e+01 1.95409622e+01 2.17261066e+01 1.95937729e+01
    1.91492558e+01 1.83432350e+01 1.68479996e+01 1.79669914e+01
    1.81482925e+01 1.75888577e+01 1.86508713e+01 2.04552975e+01
    2.02812119e+01 2.07229977e+01 2.10717640e+01 2.27382488e+01
    2.18823051e+01 2.08735447e+01 1.98172531e+01 1.95167465e+01
    1.98514633e+01 1.75464630e+01 1.73096447e+01 1.80796318e+01
    1.74145737e+01 1.76634903e+01 1.73404808e+01 1.73015728e+01
    1.90637646e+01 2.00914268e+01 1.99965019e+01 2.15374031e+01
    1.98565559e+01 2.10361118e+01 2.02674522e+01 2.19862156e+01
    2.21021633e+01 2.23142757e+01 2.10241833e+01 1.98882885e+01
    1.92572536e+01 1.88946819e+01 1.77281437e+01 1.94167709e+01
    1.91296978e+01 1.82318001e+01 2.02792873e+01 2.02844410e+01
    1.92663002e+01 2.00310802e+01 2.04462242e+01 2.11342106e+01
    2.21477013e+01 2.20481720e+01 2.18004398e+01 2.31687717e+01
    2.31758747e+01 2.03459606e+01 2.19931660e+01 2.25830746e+01
    1.99872169e+01 2.11080112e+01 2.25012875e+01 2.06417103e+01
    2.08204460e+01 2.15233250e+01 2.10579300e+01 2.25833931e+01
    2.18085690e+01 2.04332962e+01 2.15363369e+01 2.07754440e+01
    2.03185005e+01 1.97065067e+01 2.05720711e+01 2.01527958e+01
    1.90529537e+01 1.99260693e+01 1.96581459e+01 2.08055763e+01
    2.01779957e+01 1.94901409e+01 2.06102791e+01 2.07438850e+01
    2.16782684e+01 2.18106804e+01 1.87696018e+01 1.92728786e+01
    2.05162010e+01 1.98410454e+01 2.01195354e+01 1.95565758e+01
    1.86405296e+01 1.99781475e+01 2.05649242e+01 2.14065762e+01
    2.00259762e+01 2.11989765e+01 2.12756310e+01 2.09436417e+01
    2.04895077e+01 2.01570969e+01 2.14397717e+01 2.13163414e+01
    2.10292816e+01 2.06857567e+01 2.09119911e+01 1.93143902e+01
    2.08313599e+01 1.81564732e+01 1.87935066e+01 2.00192146e+01
    1.84432716e+01 1.80111752e+01 1.90614567e+01 1.93503342e+01
    1.77510185e+01 1.91960163e+01 2.08120995e+01 2.06645947e+01
    2.07732430e+01 2.26786633e+01 2.14802055e+01 2.04141827e+01
    1.99277668e+01 2.03253803e+01 2.10881119e+01 2.05028725e+01
    1.91523304e+01 1.90714588e+01 1.74731045e+01 1.79962578e+01
    1.66200256e+01 1.79326744e+01 2.05429859e+01 1.88407574e+01
    1.81258297e+01 2.11311569e+01 2.00236149e+01 2.08087444e+01
    2.20107536e+01 2.31737099e+01 2.29822559e+01 2.17308083e+01
    2.14625320e+01 2.09526520e+01 2.34204025e+01 2.35106544e+01
    2.11408138e+01 2.05082588e+01 2.24329071e+01 1.96631126e+01
    2.07410889e+01 2.02934265e+01 2.09644260e+01 2.08181744e+01
    1.99234753e+01 1.90785522e+01 2.16158791e+01 2.04395580e+01
    2.06846275e+01 1.94966831e+01 1.89066811e+01 1.85699253e+01
    1.98038082e+01 1.94277058e+01 1.98144455e+01 1.76639385e+01
    2.00322723e+01 1.87893734e+01 1.94853382e+01 1.93057766e+01
    1.88593578e+01 1.85407619e+01 1.90795555e+01 1.68450451e+01
    1.77723579e+01 1.70590858e+01 1.97148533e+01 1.88429489e+01
    1.90639191e+01 1.91953144e+01 1.94497910e+01 2.05738297e+01
    2.06455784e+01 2.12705097e+01 2.18856030e+01 1.99428520e+01
    2.03179646e+01 2.26688156e+01 2.11527920e+01 1.99657269e+01
    1.88752155e+01 1.88792553e+01 1.85163651e+01 1.98104019e+01
    1.97546577e+01 2.01652985e+01 1.96118107e+01 2.21005898e+01
    2.13533077e+01 1.96086006e+01 1.95420628e+01 1.91408329e+01
    2.03242302e+01 1.94874077e+01 1.85595741e+01 1.84242802e+01
    1.78656731e+01 1.78362503e+01 1.69914761e+01 1.88048592e+01
    1.78230324e+01 2.00704575e+01 1.95329266e+01 1.86063938e+01
    1.83969250e+01 1.98721066e+01 1.87675591e+01 1.98087769e+01
    1.97218838e+01 1.94906769e+01 2.00367374e+01 1.98139572e+01
    2.06052074e+01 2.07050610e+01 1.92238407e+01 1.95834274e+01
    2.03223839e+01 2.13158836e+01 2.14244041e+01 2.03498878e+01
    1.95238800e+01 2.28400211e+01 1.97327347e+01 2.04045372e+01
    1.97116032e+01 1.99734020e+01 1.78400440e+01 1.96163998e+01
    1.84043102e+01 1.80467300e+01 1.90044212e+01 1.98984222e+01
    1.96749020e+01 1.97248020e+01 1.97762623e+01 2.12279682e+01
    2.12008438e+01 1.94455757e+01 1.94742699e+01 1.96552200e+01
    1.91754608e+01 1.78664169e+01 1.69704113e+01 1.78554764e+01
    1.86094456e+01 1.92001152e+01 1.89099922e+01 2.04067631e+01
    2.23691750e+01 2.15455475e+01 2.29715748e+01 2.25791798e+01
    2.13298454e+01 2.24461098e+01 2.16917305e+01 1.99403095e+01
    1.89449120e+01 1.86921654e+01 1.87726078e+01 1.97315712e+01
    1.88008270e+01 1.70178986e+01 1.82832394e+01 1.77537689e+01
    1.86545105e+01 1.97280064e+01 2.04918060e+01 2.12209549e+01
    1.98471851e+01 2.01443558e+01 2.17636471e+01 2.15897789e+01
    2.31279106e+01 2.05614166e+01 2.09175167e+01 2.01663055e+01
    2.11770229e+01 2.03413296e+01 1.97549782e+01 2.16553307e+01
    2.06515980e+01 2.02186451e+01 2.08281860e+01 2.09393673e+01
    1.87457180e+01 1.80845318e+01 2.02546539e+01 2.03831863e+01
    2.04431477e+01 2.03617058e+01 1.99150600e+01 2.08478851e+01
    2.24509144e+01 2.21875172e+01 2.12600574e+01 2.14276180e+01
    2.16863270e+01 2.14724636e+01 2.14867821e+01 2.12624798e+01
    2.15681973e+01 2.12768517e+01 2.09710636e+01 2.28742237e+01
    2.17048893e+01 2.04190178e+01 1.98576965e+01 2.13373528e+01
    2.13358440e+01 1.97802505e+01 1.88741684e+01 2.00204964e+01
    1.90072594e+01 2.10834064e+01 2.05824299e+01 2.01444073e+01
    2.16356449e+01 2.06850414e+01 2.13324184e+01 1.93863640e+01
    2.09550934e+01 2.09357910e+01 1.91870785e+01 1.86919384e+01
    1.84920139e+01 2.05160179e+01 1.93422756e+01 1.94166527e+01
    1.94866924e+01 1.92831020e+01 2.21230278e+01 2.27626648e+01
    2.12149105e+01 2.15700417e+01 2.24904499e+01 2.03988972e+01
    2.22455235e+01 2.18206882e+01 2.31743279e+01 2.26291199e+01
    2.29164448e+01 2.15800877e+01 2.02367821e+01 2.10806046e+01
    2.16261864e+01 2.00426884e+01 1.98740368e+01 2.00845108e+01
    1.84104710e+01 1.85885658e+01 1.91538048e+01 1.91657734e+01
    1.86475410e+01 1.96776638e+01 2.19240017e+01 1.93483124e+01
    1.92443352e+01 2.17295876e+01 2.22298126e+01 2.12323036e+01
    2.00267105e+01 1.95380898e+01 2.06842384e+01 1.99850693e+01
    1.94409657e+01 2.06703243e+01 1.95783978e+01 1.83825169e+01
    1.78523788e+01 1.90697308e+01 2.12049637e+01 1.99082012e+01
    1.67621231e+01 1.89886551e+01 1.93592186e+01 2.07776108e+01
    2.12725697e+01 2.21932087e+01 2.23122940e+01 2.29038582e+01
    2.16239414e+01 2.15284939e+01 2.30845089e+01 2.15612564e+01
    2.19802017e+01 1.95306473e+01 1.94387970e+01 1.99510918e+01
    2.03339481e+01 2.09151669e+01 2.08011246e+01 1.99701843e+01
    2.05718384e+01 2.02166615e+01 2.15778618e+01 2.05779076e+01
    2.05761395e+01 2.01845112e+01 1.98599091e+01 1.91288300e+01
    2.06045666e+01 2.09611645e+01 2.11856365e+01 2.08236465e+01
    1.98828068e+01 1.89690208e+01 2.07885170e+01 1.93038750e+01
    1.97704792e+01 1.86509609e+01 1.90582809e+01 1.79615059e+01
    1.94439411e+01 1.87074375e+01 1.83929615e+01 2.00667324e+01
    1.89415016e+01 1.74850674e+01 1.90760937e+01 2.02016926e+01
    1.96294689e+01 1.90683079e+01 1.85157013e+01 2.05651131e+01
    2.04825096e+01 2.15916996e+01 1.97570457e+01 1.94878502e+01
    1.98480740e+01 1.86652660e+01 1.93810120e+01 2.03334103e+01
    1.95654488e+01 1.94815178e+01 1.75929260e+01 2.01766777e+01
    1.99938717e+01 2.04505386e+01 1.88496685e+01 1.80868454e+01
    1.92852077e+01 1.94300747e+01 1.78987541e+01 1.88639030e+01
    1.77137280e+01 1.80083961e+01 1.80582066e+01 2.01576729e+01
    1.90239067e+01 2.11754284e+01 2.16161709e+01 1.90271511e+01
    1.72614479e+01 1.99768600e+01 1.77972984e+01 2.06919174e+01
    1.86149921e+01 1.92772636e+01 2.00938225e+01 1.91735039e+01
    1.93835106e+01 2.04363747e+01 1.99019890e+01 2.06327457e+01
    1.81506863e+01 2.11248760e+01 2.07052670e+01 1.99200668e+01
    1.96381683e+01 2.18555107e+01 2.03993797e+01 2.00505390e+01
    2.17112465e+01 2.07299786e+01 1.88461933e+01 1.96373730e+01
    1.95925083e+01 1.98287640e+01 1.91487732e+01 2.08098660e+01
    1.96704140e+01 1.83318672e+01 2.00238571e+01 2.10417118e+01
    2.02483025e+01 1.98318157e+01 1.86718655e+01 1.99836693e+01
    1.87369213e+01 1.92367363e+01 1.88834019e+01 1.94297924e+01
    1.89482632e+01 1.98965454e+01 2.00189705e+01 2.14051189e+01
    2.17453365e+01 2.22150669e+01 2.19919109e+01 2.28196735e+01
    2.18078785e+01 2.17145519e+01 2.18995762e+01 2.18026505e+01
    2.03120117e+01 2.07434978e+01 1.90274792e+01 1.97818680e+01
    1.86628933e+01 1.64340343e+01 1.80154438e+01 1.90662899e+01
    2.01665573e+01 2.03368378e+01 2.10278111e+01 2.12612457e+01
    2.12529087e+01 1.99487934e+01 2.12020016e+01 2.19179745e+01
    2.12737236e+01 2.04018593e+01 2.08422279e+01 2.03587551e+01
    2.01089211e+01 1.96054783e+01 2.00461292e+01 2.10868759e+01
    1.91803570e+01 1.91484394e+01 2.06259079e+01 1.99946651e+01
    1.93183556e+01 1.93232937e+01 2.01860905e+01 1.95242043e+01
    2.18057632e+01 2.18638554e+01 2.20688648e+01 2.05722294e+01
    2.28199368e+01 2.13487225e+01 2.28206253e+01 2.19644833e+01
    2.22851238e+01 1.97791233e+01 2.06511097e+01 2.13094215e+01
    2.22802429e+01 2.14086018e+01 1.92099667e+01 2.07744160e+01
    2.14237270e+01 2.10652695e+01 2.14359703e+01 1.98277664e+01
    2.17610912e+01 1.93311825e+01 1.88243504e+01 2.04282684e+01
    1.90298653e+01 1.89798679e+01 2.13914967e+01 2.10959072e+01
    1.95235081e+01 2.33227177e+01 2.11638145e+01 2.08634624e+01
    2.16383533e+01 2.18838348e+01 2.09960842e+01 1.95330448e+01
    1.98697662e+01 1.92275753e+01 1.98274670e+01 2.12811413e+01
    2.07572269e+01 1.87126083e+01 2.17024708e+01 2.21504822e+01
    2.15189857e+01 2.26369438e+01 2.20588837e+01 1.96930294e+01
    2.13817406e+01 2.22638416e+01 2.31262665e+01 2.14819336e+01
    2.25825691e+01 2.23391552e+01 2.27278214e+01 2.28363132e+01
    2.08210926e+01 2.09919128e+01 2.19441090e+01 1.89605160e+01
    1.77392635e+01 1.85800648e+01 2.01067486e+01 1.96457939e+01
    1.77794647e+01 1.99418907e+01 2.06279774e+01 2.11038342e+01
    1.93741550e+01 1.95285397e+01 1.90999660e+01 2.01306095e+01
    1.75072231e+01 1.81378002e+01 1.98429775e+01 2.02008476e+01
    1.73731384e+01 2.02190323e+01 2.02881031e+01 1.94005795e+01
    1.86565742e+01 1.75895672e+01 1.83253155e+01 2.04360542e+01
    1.86442394e+01 1.83334446e+01 1.92808132e+01 1.91488590e+01
    2.09970779e+01 2.26564903e+01 2.28067856e+01 2.05465717e+01
    2.04198895e+01 2.10546169e+01 2.15815372e+01 1.93696690e+01
    2.17414951e+01 1.97670555e+01 1.92002754e+01 2.06183567e+01
    2.01037350e+01 2.12753944e+01 1.96551914e+01 1.95439434e+01
    1.86526356e+01 1.85553665e+01 2.04912701e+01 2.00938339e+01
    1.99179134e+01 1.91525555e+01 2.05831337e+01 1.92963810e+01
    1.88278599e+01 2.16284542e+01 2.03849297e+01 2.03973141e+01
    2.05003700e+01 1.99397030e+01 1.96517601e+01 1.96710186e+01
    2.04420605e+01 1.92350712e+01 1.92602634e+01 1.90787201e+01
    1.86957455e+01 1.93394489e+01 1.80639133e+01 1.92047157e+01
    2.00195007e+01 2.00570087e+01 1.82236538e+01 1.93525295e+01
    1.96023788e+01 2.01467876e+01 1.81683483e+01 1.96916008e+01
    1.82617722e+01 2.09520912e+01 2.00712967e+01 1.89815483e+01
    1.88897533e+01 1.88594398e+01 1.88218288e+01 1.80347748e+01
    1.72857761e+01 1.93097191e+01 1.86062393e+01 2.08417053e+01
    2.05280190e+01 2.13081799e+01 2.00186768e+01 1.79395008e+01
    2.00780277e+01 2.15849342e+01 1.91076565e+01 1.96668797e+01
    1.85420628e+01 2.06177349e+01 1.89040260e+01 2.09851475e+01
    2.03843575e+01 2.09724178e+01 2.14142284e+01 2.06685200e+01
    1.80595207e+01 2.08886204e+01 1.94391823e+01 2.07958088e+01
    1.82044964e+01 1.77056446e+01 1.79185066e+01 1.84837341e+01
    1.93782196e+01 1.98744011e+01 1.84427490e+01 1.97897148e+01
    1.91518326e+01 2.10821133e+01 2.16170826e+01 2.15953312e+01
    2.14362011e+01 2.01882515e+01 2.07860909e+01 2.13087559e+01
    2.09979591e+01 2.05177956e+01 1.91267891e+01 1.93060493e+01
    2.13760681e+01 2.09041862e+01 1.79570312e+01 1.98137379e+01
    1.99993477e+01 1.86842194e+01 1.98348389e+01 2.06676540e+01
    1.99076614e+01 1.91768112e+01 1.74780064e+01 1.88032627e+01
    1.89596405e+01 2.00242634e+01 1.85588913e+01 1.91268826e+01
    1.83232117e+01 2.01800632e+01 2.01482487e+01 2.05174274e+01
    2.15653820e+01 2.29751568e+01 2.16754208e+01 2.27497406e+01
    2.24948730e+01 2.32206001e+01 2.20376606e+01 1.99776897e+01
    2.04875412e+01 2.06571579e+01 1.90205784e+01 2.05267258e+01
    1.89448185e+01 1.75841484e+01 1.77221317e+01 1.88550663e+01
    2.11174355e+01 1.97227726e+01 2.08818722e+01 2.03761063e+01
    1.97336006e+01 1.85849495e+01 2.14896259e+01 2.20355377e+01
    2.24273434e+01 2.02865105e+01 2.04701710e+01 2.02491379e+01
    2.01495724e+01 1.95303745e+01 2.06962128e+01 2.03439426e+01
    2.14085369e+01 2.14416161e+01 2.09993591e+01 2.04088039e+01
    2.14438972e+01 2.21613483e+01 2.20704460e+01 2.09145241e+01
    2.05833759e+01 2.15748730e+01 2.17646523e+01 2.14257259e+01
    2.25351372e+01 2.31599998e+01 2.19593658e+01 2.26269684e+01
    2.23149929e+01 2.12161827e+01 2.05391445e+01 1.98847218e+01
    2.11459293e+01 2.07515793e+01 1.90490704e+01 1.94349728e+01
    2.12619839e+01 1.96359768e+01 2.11219463e+01 2.13488522e+01
    1.91587124e+01 1.91311131e+01 1.84439850e+01 1.89936295e+01
    1.84400043e+01 1.71598740e+01 1.97803364e+01 2.01860943e+01
    2.01357498e+01 2.17241650e+01 2.07734985e+01 2.04203167e+01
    2.21670170e+01 2.19573727e+01 2.06977825e+01 2.08527298e+01
    2.01958637e+01 2.08551922e+01 1.99967709e+01 2.10365677e+01
    2.10586720e+01 2.16440601e+01 2.23400841e+01 2.16379871e+01
    2.20835896e+01 2.18670025e+01 2.20817432e+01 1.97520275e+01
    2.00943623e+01 2.10076351e+01 2.20421009e+01 2.30118732e+01
    2.22247620e+01 2.22738457e+01 2.24678288e+01 2.11173115e+01
    2.09714184e+01 2.17506104e+01 2.12323761e+01 2.03554611e+01
    1.79366264e+01 1.83825626e+01 1.99938774e+01 1.88027973e+01
    1.74482765e+01 1.87932339e+01 1.94973450e+01 1.86601734e+01
    1.83922768e+01 1.87080326e+01 1.74734306e+01 2.14618931e+01
    1.93855801e+01 1.76548157e+01 2.02460213e+01 2.08181305e+01
    1.94291954e+01 2.13975468e+01 2.00496197e+01 1.74017601e+01
    1.74650726e+01 1.83459148e+01 1.89451218e+01 1.97149849e+01
    1.68732910e+01 1.56883364e+01 1.80687733e+01 1.78228760e+01
    1.78947430e+01 2.00617504e+01 2.10225525e+01 2.17463551e+01
    1.94489574e+01 1.94056034e+01 2.02363605e+01 1.95674953e+01
    2.12995415e+01 1.97789211e+01 1.92494850e+01 1.96586056e+01
    1.87409554e+01 1.91197224e+01 1.93733749e+01 1.87606544e+01
    1.81983986e+01 1.85317593e+01 2.00653877e+01 2.01169243e+01
    1.85943012e+01 1.96933994e+01 2.05058937e+01 1.91146641e+01
    2.08870525e+01 2.05935020e+01 1.82242069e+01 1.76859932e+01
    1.91994801e+01 1.90515747e+01 1.83523369e+01 1.97372322e+01
    2.06976585e+01 1.93139687e+01 1.73801823e+01 1.99357624e+01
    1.96154480e+01 1.91747646e+01 2.00669479e+01 1.99552097e+01
    1.82604923e+01 1.93364544e+01 2.08945198e+01 1.78452721e+01
    1.84260025e+01 2.00088253e+01 2.03103104e+01 2.01777725e+01
    1.98716393e+01 2.04755039e+01 1.94390564e+01 1.93576450e+01
    1.83807831e+01 1.93704205e+01 1.94063778e+01 1.76256676e+01
    1.81841755e+01 1.92865620e+01 1.95830879e+01 1.88938713e+01
    1.98036766e+01 2.04437294e+01 2.04919834e+01 1.92824783e+01
    1.89962711e+01 2.14581795e+01 2.21848488e+01 2.11127224e+01
    1.85509148e+01 1.99146996e+01 1.91056271e+01 2.03782864e+01
    2.00893230e+01 2.09666233e+01 2.06566792e+01 2.13413677e+01
    1.97698116e+01 2.10355148e+01 1.89687023e+01 1.92383022e+01
    1.89928131e+01 1.90969391e+01 1.96798763e+01 1.94775543e+01
    1.89136543e+01 2.15885162e+01 2.01297722e+01 2.10056744e+01
    2.17235718e+01 2.07174053e+01 2.06345654e+01 2.18418770e+01
    2.17658272e+01 2.03613720e+01 2.12784634e+01 2.08663998e+01
    2.16776352e+01 2.07900467e+01 2.06630344e+01 2.15642204e+01
    2.15826015e+01 1.99329281e+01 2.08996239e+01 2.19632683e+01
    2.17254696e+01 1.99236183e+01 1.93414192e+01 2.07468510e+01
    2.01139545e+01 1.88071804e+01 1.98984909e+01 1.89254761e+01
    1.76306133e+01 1.86425343e+01 1.98689556e+01 1.96287479e+01
    1.92590237e+01 2.04680977e+01 2.00467110e+01 2.07916374e+01
    1.99615803e+01 2.17359619e+01 2.15437698e+01 2.20212727e+01
    2.12536945e+01 2.06121254e+01 1.88901672e+01 1.91124744e+01
    2.11206264e+01 1.97143021e+01 1.83853188e+01 1.88531189e+01
    2.03358002e+01 1.71348114e+01 1.75268326e+01 1.95582294e+01
    2.00234795e+01 1.97093277e+01 1.91945763e+01 1.98451366e+01
    2.05745449e+01 1.97335835e+01 2.00991631e+01 2.12831020e+01
    2.14491844e+01 1.95038280e+01 1.91361752e+01 2.00151157e+01
    1.89491348e+01 1.99575024e+01 2.07544308e+01 2.00202389e+01
    2.14757061e+01 2.06600266e+01 2.17902508e+01 2.20996342e+01
    2.12722130e+01 2.15617027e+01 2.22849522e+01 2.16528416e+01
    2.07252617e+01 2.15297203e+01 2.15320225e+01 2.18103046e+01
    2.28782978e+01 2.19245892e+01 2.20658550e+01 2.08653507e+01
    2.25853558e+01 2.13899670e+01 1.99994888e+01 2.06132565e+01
    2.02570992e+01 2.06002636e+01 2.02862568e+01 2.13055725e+01
    2.15881653e+01 2.06174431e+01 2.13017578e+01 2.07803345e+01
    1.86987762e+01 1.95600586e+01 1.90565624e+01 1.94862900e+01
    1.93061008e+01 1.98103313e+01 2.01221504e+01 2.13371162e+01
    2.06458054e+01 2.22542210e+01 2.03661861e+01 2.06038208e+01
    2.11848602e+01 2.14436798e+01 2.02339172e+01 2.07834930e+01
    1.91864891e+01 1.89663067e+01 2.06465416e+01 2.07034245e+01
    2.18152657e+01 2.16249123e+01 2.21183109e+01 2.10992775e+01
    2.10677147e+01 2.27550716e+01 2.18988152e+01 2.01441345e+01
    2.06395874e+01 2.18309708e+01 2.14935303e+01 2.16383591e+01
    2.16351414e+01 2.25134659e+01 2.22928429e+01 2.29432449e+01
    2.19394283e+01 2.13699341e+01 2.06673317e+01 1.97736320e+01
    1.82530899e+01 1.82952328e+01 1.77023220e+01 1.86001797e+01
    1.73311768e+01 1.83281517e+01 1.78608627e+01 2.02051792e+01
    1.95536728e+01 1.90857201e+01 1.95990257e+01 2.00071239e+01
    1.95231762e+01 1.92123528e+01 1.99667912e+01 2.13809719e+01
    1.91188145e+01 1.99998493e+01 1.97269478e+01 2.00157051e+01
    1.89528408e+01 1.92385445e+01 1.86232815e+01 1.90237350e+01
    1.88533516e+01 1.68394947e+01 1.72266541e+01 1.75023174e+01
    1.86035118e+01 2.12907352e+01 2.02230282e+01 1.93840294e+01
    1.92536316e+01 1.95002899e+01 2.11336498e+01 1.86677799e+01
    1.86657658e+01 1.86406574e+01 1.78119030e+01 1.78573647e+01
    1.76890888e+01 1.93638268e+01 1.87478142e+01 1.88933773e+01
    1.88310013e+01 1.94058571e+01 1.95460129e+01 1.96116161e+01
    1.90910854e+01 2.00996132e+01 2.03326855e+01 2.04954319e+01
    2.04969501e+01 2.12441959e+01 1.87625866e+01 1.72568836e+01
    2.02255821e+01 1.98799191e+01 1.98945293e+01 1.99683990e+01
    2.08687687e+01 1.85462494e+01 1.85314903e+01 1.91642838e+01
    1.89161015e+01 2.10536404e+01 2.16538696e+01 2.00584679e+01
    1.83633442e+01 1.85241241e+01 2.19913998e+01 2.07093105e+01
    2.01197586e+01 2.06432571e+01 2.00041618e+01 1.96214676e+01
    1.88669834e+01 2.03345108e+01 2.08160591e+01 1.82903709e+01
    1.86551094e+01 1.86664333e+01 1.87983570e+01 1.85599346e+01
    1.76285114e+01 1.97718468e+01 1.94383621e+01 1.87071190e+01
    2.00340786e+01 1.91742611e+01 1.93914070e+01 2.08420715e+01
    1.99364166e+01 2.09452362e+01 2.19854088e+01 2.11789799e+01
    1.98239918e+01 1.95838337e+01 1.84571991e+01 2.05452976e+01
    2.14621162e+01 2.20161858e+01 2.06007080e+01 2.17438145e+01
    1.87677422e+01 2.03874798e+01 1.78781929e+01 1.98344326e+01
    2.04240894e+01 2.09421597e+01 2.00763817e+01 1.91826324e+01
    1.91362820e+01 2.15611782e+01 2.09057980e+01 2.24753399e+01
    2.29228878e+01 2.30593357e+01 2.30957088e+01 2.29684105e+01
    2.35054760e+01 2.24540844e+01 2.08932171e+01 2.12846699e+01
    2.13670559e+01 2.13847313e+01 2.03727264e+01 2.12724476e+01
    2.43438053e+01 2.10029659e+01 2.16474915e+01 2.29686241e+01
    2.27007465e+01 2.19497318e+01 2.06845474e+01 2.07607327e+01
    2.03300323e+01 2.09736042e+01 2.10986176e+01 1.97932739e+01
    1.97413902e+01 1.98189678e+01 2.04093399e+01 2.24192677e+01
    2.06578350e+01 2.03685017e+01 2.08390465e+01 1.88801289e+01
    2.04518051e+01 2.15056095e+01 1.85878983e+01 1.92024117e+01
    2.15557899e+01 2.04029293e+01 1.87905674e+01 1.87474442e+01
    1.87978058e+01 2.06471672e+01 2.09807453e+01 1.92537403e+01
    1.96027203e+01 1.96542072e+01 1.90505905e+01 2.00302773e+01
    2.04899845e+01 2.06594715e+01 2.05551109e+01 2.00009327e+01
    2.07428284e+01 2.08532906e+01 2.05499935e+01 1.99304771e+01
    2.15022602e+01 1.94692383e+01 1.85125561e+01 2.04762402e+01
    2.04238129e+01 1.98852119e+01 2.11434593e+01 2.11860275e+01
    2.02904224e+01 2.05681763e+01 2.09158707e+01 2.19650936e+01
    2.06668434e+01 2.00275688e+01 2.17303677e+01 2.17512207e+01
    2.20888691e+01 2.05836163e+01 2.22404976e+01 2.32248325e+01
    2.17322693e+01 2.22135086e+01 2.26156788e+01 2.40620003e+01
    2.30168819e+01 2.13601379e+01 2.13620911e+01 2.14702740e+01
    1.95338593e+01 2.04569759e+01 1.92273750e+01 2.08067455e+01
    2.15141029e+01 2.03400879e+01 2.02918034e+01 2.16188145e+01
    2.04905472e+01 2.18903923e+01 1.97674828e+01 1.89679432e+01
    2.13469200e+01 2.08095322e+01 1.92602425e+01 2.11034908e+01
    1.97929993e+01 2.14997864e+01 2.14420319e+01 2.02615166e+01
    2.31328850e+01 2.21319332e+01 2.14658852e+01 2.22866898e+01
    1.92743168e+01 2.10639095e+01 2.24188137e+01 2.09216824e+01
    2.10170116e+01 2.07230644e+01 2.20453415e+01 2.09872608e+01
    2.08042793e+01 2.13270187e+01 2.25586185e+01 2.00241261e+01
    2.05073547e+01 2.24345074e+01 2.09174252e+01 2.27058468e+01
    2.35262184e+01 2.09289703e+01 2.21453323e+01 2.35126534e+01
    2.16169014e+01 2.19353886e+01 2.04733124e+01 2.12877083e+01
    2.04590416e+01 2.03070621e+01 1.94235916e+01 1.97950859e+01
    1.88344040e+01 1.81501656e+01 1.82960606e+01 1.90947685e+01
    1.92915096e+01 1.95235310e+01 1.99947510e+01 1.98675632e+01
    1.93827953e+01 2.07774487e+01 2.25754108e+01 2.21685333e+01
    2.07255630e+01 1.96999397e+01 2.21106510e+01 1.91008911e+01
    1.84065323e+01 2.07228317e+01 1.83214722e+01 1.85916500e+01
    1.86142979e+01 1.79637585e+01 1.92966251e+01 1.81906013e+01
    1.78117161e+01 2.00978813e+01 2.05792885e+01 2.05415039e+01
    1.99221420e+01 1.95593090e+01 1.90636158e+01 2.04061146e+01
    1.97430477e+01 2.03873081e+01 1.85463715e+01 2.01584854e+01
    1.96074677e+01 1.84553204e+01 2.04715519e+01 2.02680054e+01
    1.84641113e+01 2.11158142e+01 1.96435642e+01 1.98519764e+01
    1.91751270e+01 2.08576050e+01 2.06391659e+01 2.09272976e+01
    2.12887421e+01 2.24807854e+01 1.98078117e+01 1.90494804e+01
    2.05314903e+01 2.07681656e+01 2.10474834e+01 2.09434967e+01
    2.13073082e+01 1.79394341e+01 1.91454353e+01 2.01065331e+01
    1.85721626e+01 1.96975689e+01 2.05821724e+01 1.90588875e+01
    1.76651421e+01 1.85890064e+01 2.00320873e+01 2.02184010e+01
    1.82717266e+01 1.97928696e+01 1.90909004e+01 2.06467304e+01
    2.01827126e+01 2.07855072e+01 2.08841553e+01 1.95389481e+01
    1.88747597e+01 1.86103878e+01 1.88415565e+01 1.89905815e+01
    1.79320412e+01 1.81716614e+01 1.86572075e+01 1.84902191e+01
    1.93950462e+01 1.72743797e+01 1.95347366e+01 2.00409145e+01
    1.99038410e+01 2.18531513e+01 2.05297279e+01 1.93700161e+01
    1.93199787e+01 1.91291428e+01 1.90217667e+01 2.00787239e+01
    2.04374752e+01 2.07860413e+01 1.97806988e+01 2.15374832e+01
    1.93873158e+01 2.09765282e+01 1.97927799e+01 1.97505665e+01
    2.00855751e+01 2.05188465e+01 2.17191582e+01 2.15477200e+01
    2.08996391e+01 2.24677715e+01 2.16225052e+01 2.24896336e+01
    2.43622417e+01 2.26812363e+01 2.31885910e+01 2.21360855e+01
    2.12098579e+01 2.06564655e+01 2.23230305e+01 2.15878448e+01
    2.18548489e+01 2.22854500e+01 2.01575928e+01 2.02989311e+01
    2.24058342e+01 2.17819672e+01 2.23706398e+01 2.20729580e+01
    2.22051182e+01 2.27248669e+01 2.32081070e+01 2.25743504e+01
    2.03690033e+01 2.22808418e+01 2.32193756e+01 2.09144878e+01
    2.02109547e+01 1.96288624e+01 1.88759556e+01 1.99103527e+01
    2.05798759e+01 1.95638180e+01 1.96999474e+01 1.78029175e+01
    1.91697979e+01 1.89787731e+01 1.98679218e+01 2.03943920e+01
    1.87454472e+01 1.90818100e+01 1.95779228e+01 1.91824245e+01
    2.12200813e+01 2.11100368e+01 1.99128990e+01 2.08360023e+01
    2.03513088e+01 2.06633587e+01 2.07466698e+01 2.07409382e+01
    2.02784233e+01 2.03328514e+01 1.96008129e+01 2.12046623e+01
    2.10437698e+01 2.01614475e+01 2.01844559e+01 1.93645782e+01
    1.89029560e+01 1.89659576e+01 1.93468552e+01 2.03889637e+01
    1.89293137e+01 1.89771805e+01 2.06876297e+01 2.13046455e+01
    2.03522816e+01 2.07292252e+01 2.04822731e+01 2.15815201e+01
    2.06901588e+01 1.97685299e+01 2.21621151e+01 2.19766426e+01
    1.98269997e+01 2.09631500e+01 2.17402630e+01 2.14030552e+01
    2.14556789e+01 2.12518139e+01 2.13283558e+01 2.18789501e+01
    2.39879551e+01 2.13691387e+01 2.21394329e+01 2.17614059e+01
    2.29339314e+01 2.24327450e+01 2.12002125e+01 2.19261589e+01
    2.26389561e+01 2.23857803e+01 2.11241131e+01 2.08621330e+01
    2.07497044e+01 2.07498074e+01 2.07296162e+01 1.89591312e+01
    2.04026718e+01 2.17377167e+01 2.07472954e+01 2.25603161e+01
    2.21709461e+01 2.24904118e+01 2.34416142e+01 2.24972839e+01
    2.22317867e+01 2.28342781e+01 1.99761200e+01 2.15783119e+01
    1.98782425e+01 1.87251225e+01 1.92122269e+01 2.02623367e+01
    1.99565601e+01 1.94957790e+01 2.05262566e+01 2.01196308e+01
    1.97523499e+01 1.98296070e+01 2.11339741e+01 1.92871437e+01
    2.16462059e+01 2.10576096e+01 2.13020382e+01 2.02001495e+01
    2.21964607e+01 2.16928463e+01 2.22126617e+01 2.31123276e+01
    2.38284740e+01 2.37004509e+01 2.33641834e+01 2.15375557e+01
    2.13347893e+01 2.16561756e+01 2.01945686e+01 2.02936363e+01
    1.76528206e+01 1.93171577e+01 2.02322464e+01 2.05588131e+01
    1.96668663e+01 1.97162743e+01 1.91890907e+01 2.08673058e+01
    1.99338264e+01 2.09310627e+01 2.15821476e+01 2.27414818e+01
    2.16369343e+01 2.17128658e+01 2.19267502e+01 2.14908047e+01
    1.91913414e+01 2.21697712e+01 2.15230446e+01 2.01443386e+01
    1.93829365e+01 1.89545555e+01 1.85511971e+01 1.95145741e+01
    1.98867779e+01 2.09600945e+01 2.10223789e+01 1.83144379e+01
    1.94655914e+01 1.97018204e+01 2.02726517e+01 1.84856358e+01
    2.08554897e+01 2.03313389e+01 1.91018238e+01 1.90914898e+01
    2.02202034e+01 2.00891304e+01 1.86945152e+01 2.00040836e+01
    1.94502907e+01 1.98129482e+01 1.99431362e+01 1.95308819e+01
    1.97481995e+01 2.11835060e+01 2.19280052e+01 2.12096710e+01
    2.06059208e+01 2.24073601e+01 2.18828564e+01 2.15398750e+01
    2.19965172e+01 2.10625782e+01 2.18066139e+01 2.20683880e+01
    2.22198124e+01 2.05321236e+01 2.05453243e+01 1.99792995e+01
    1.96160393e+01 1.74773693e+01 2.03049755e+01 1.98194008e+01
    1.74607983e+01 1.83239822e+01 1.89802704e+01 1.96986332e+01
    2.02002754e+01 2.05407352e+01 1.94118843e+01 1.99221325e+01
    2.10100861e+01 2.12802296e+01 2.02124119e+01 1.93117542e+01
    1.81196308e+01 1.95311279e+01 2.05998001e+01 1.85022106e+01
    1.79798183e+01 1.72618732e+01 1.87516479e+01 1.80940704e+01
    1.94694271e+01 1.88135452e+01 1.72999535e+01 1.94292603e+01
    1.96768837e+01 2.13720570e+01 2.06628838e+01 1.82141533e+01
    1.75601883e+01 2.10716095e+01 1.96518040e+01 2.10579739e+01
    1.97740803e+01 1.98352032e+01 1.90556374e+01 2.21224442e+01
    2.11003933e+01 2.05738468e+01 1.99871502e+01 1.99978943e+01
    1.91385841e+01 2.10975571e+01 2.03172817e+01 2.14199009e+01
    1.99940319e+01 2.00752621e+01 2.19257755e+01 2.22365208e+01
    2.23992672e+01 2.35787411e+01 2.15993156e+01 2.21460381e+01
    2.08225384e+01 2.11318359e+01 2.11222172e+01 2.14106159e+01
    2.02702980e+01 1.95301895e+01 1.82289639e+01 1.89569950e+01
    2.05507965e+01 2.15780544e+01 2.10619068e+01 2.11342411e+01
    2.06464920e+01 2.19225483e+01 2.11615753e+01 2.23315029e+01
    2.19698830e+01 2.05244751e+01 2.04964561e+01 2.03691139e+01
    2.00402565e+01 1.95855541e+01 1.83486004e+01 1.91717281e+01
    2.03981857e+01 2.09193096e+01 1.95043125e+01 2.03155308e+01
    2.05378094e+01 1.96552925e+01 1.97116451e+01 1.92008038e+01
    2.17788677e+01 2.04010086e+01 2.11854935e+01 2.06716766e+01
    2.09691639e+01 2.29988003e+01 2.18421669e+01 2.19602528e+01
    2.14071503e+01 2.10300255e+01 2.05617828e+01 2.18884773e+01
    1.91522617e+01 2.08491783e+01 2.10673466e+01 2.06417255e+01
    2.08290367e+01 2.01367645e+01 2.13400764e+01 2.11524639e+01
    1.99033375e+01 1.94592247e+01 2.03691216e+01 2.07285290e+01
    2.18213825e+01 1.89160576e+01 2.08723755e+01 2.12599087e+01
    2.03482666e+01 2.00760937e+01 2.01715813e+01 2.00519295e+01
    2.01807766e+01 1.94796448e+01 2.10080070e+01 2.22184391e+01
    1.97712307e+01 2.04744911e+01 2.05700321e+01 2.17330589e+01
    2.21867867e+01 2.20324783e+01 2.26477604e+01 2.22225475e+01
    2.29750614e+01 2.46810379e+01 2.13387299e+01 2.20411663e+01
    2.25682907e+01 2.21656456e+01 2.17525005e+01 1.94901257e+01
    2.11150017e+01 2.13816032e+01 2.03255920e+01 2.01702576e+01
    2.05180225e+01 2.11328926e+01 1.94733162e+01 1.96398392e+01
    2.00793056e+01 2.08539066e+01 2.22327137e+01 2.11917400e+01
    2.15439701e+01 2.18311005e+01 2.16705055e+01 2.14698639e+01
    2.30879517e+01 2.23156433e+01 2.15322895e+01 2.01253300e+01
    2.12228394e+01 1.93597889e+01 1.96343842e+01 2.03024311e+01
    1.89115105e+01 1.81977425e+01 2.00758667e+01 1.88498535e+01
    1.85694580e+01 1.89541206e+01 2.09180012e+01 1.98301907e+01
    1.99581604e+01 2.21192513e+01 2.20025787e+01 2.19068241e+01
    2.29358234e+01 2.27692699e+01 2.37215271e+01 2.47442150e+01
    2.39903202e+01 2.49015064e+01 2.31716213e+01 2.39662113e+01
    2.14815578e+01 2.27564316e+01 2.23744221e+01 2.25650845e+01
    2.21820221e+01 2.10123386e+01 2.17678375e+01 2.14656372e+01
    2.07660789e+01 2.07053928e+01 1.96431828e+01 2.12347908e+01
    1.98609695e+01 1.94956512e+01 2.10604286e+01 2.22633419e+01
    2.10479603e+01 2.11238689e+01 2.05751743e+01 1.98827019e+01
    1.95706692e+01 2.17518654e+01 2.14564381e+01 1.94346619e+01
    2.01066093e+01 1.96982651e+01 1.88297577e+01 2.12076035e+01
    2.06344013e+01 1.93717747e+01 2.09049702e+01 1.93771744e+01
    1.87102222e+01 1.97082062e+01 2.05301628e+01 2.10375538e+01
    1.97386780e+01 2.04202652e+01 2.00763092e+01 1.89014683e+01
    1.86885681e+01 1.97284565e+01 2.04500484e+01 1.99797592e+01
    1.93103256e+01 1.91436520e+01 2.11632557e+01 2.01229343e+01
    1.86359272e+01 1.83802528e+01 2.01914139e+01 1.97015152e+01
    2.15764217e+01 2.07398167e+01 2.11946487e+01 1.96368542e+01
    2.11721077e+01 2.09089813e+01 2.07108841e+01 2.17022934e+01
    2.17083244e+01 2.02665844e+01 1.96648560e+01 2.03127518e+01
    1.97785492e+01 2.10484428e+01 1.83993073e+01 1.96194115e+01
    1.90021992e+01 1.86965675e+01 1.98046494e+01 1.93776302e+01
    1.95837936e+01 1.88341064e+01 1.91744938e+01 1.99505062e+01
    1.90889606e+01 2.02207737e+01 2.06609306e+01 2.10348949e+01
    1.98096714e+01 1.93487568e+01 1.97826176e+01 1.98914013e+01
    1.84226665e+01 1.62827053e+01 1.88580322e+01 1.69744244e+01
    1.80604992e+01 1.84255371e+01 1.86093369e+01 1.80384846e+01
    1.87673111e+01 1.98260593e+01 2.00607967e+01 1.79012089e+01
    1.65477238e+01 1.95056782e+01 1.99067860e+01 2.05395889e+01
    1.82978611e+01 1.91878948e+01 1.89449825e+01 2.16488438e+01
    2.20347004e+01 2.09711704e+01 2.06997490e+01 1.94591713e+01
    1.98587437e+01 2.10802402e+01 2.17714195e+01 2.11140137e+01
    2.09972267e+01 2.04432278e+01 2.29809399e+01 2.27200031e+01
    2.35060844e+01 2.39331818e+01 2.17370853e+01 2.18565559e+01
    2.01188469e+01 2.07328281e+01 2.08374462e+01 1.99744778e+01
    1.95810299e+01 2.06810074e+01 1.99511471e+01 1.72443199e+01
    2.00625153e+01 2.23102055e+01 2.18006554e+01 2.19273129e+01
    2.02772808e+01 2.04132137e+01 2.15008373e+01 2.20337067e+01
    2.25422554e+01 2.07030296e+01 1.99102726e+01 2.14431019e+01
    2.15632362e+01 1.98339767e+01 2.11378689e+01 2.06150227e+01
    1.98993359e+01 2.21843739e+01 2.02841854e+01 1.84435482e+01
    2.00348473e+01 2.11502800e+01 1.97604218e+01 1.94811287e+01
    2.09038696e+01 2.05003262e+01 2.05352974e+01 2.25669899e+01
    2.17278233e+01 2.04100857e+01 2.02657795e+01 2.29072056e+01
    2.15691681e+01 1.95673237e+01 2.17112694e+01 2.20924664e+01
    2.10390377e+01 1.88661194e+01 2.06168804e+01 1.99914856e+01
    2.14090538e+01 2.03335018e+01 2.07828407e+01 2.13082886e+01
    2.09978619e+01 1.94959660e+01 2.05535049e+01 2.01571903e+01
    2.13687439e+01 1.83991108e+01 2.01300564e+01 1.96576500e+01
    1.91745052e+01 1.99443035e+01 2.13967094e+01 2.08299160e+01
    2.14514122e+01 1.90917950e+01 1.95523281e+01 2.11096230e+01
    2.04331818e+01 1.95060158e+01 1.93773174e+01 2.10141373e+01
    2.19092197e+01 2.06513023e+01 2.18563499e+01 2.05153084e+01
    2.09300900e+01 2.06790733e+01 1.98324051e+01 2.06629982e+01
    2.17174397e+01 2.13558559e+01 2.00377274e+01 1.96279278e+01
    2.05984421e+01 1.96832085e+01 1.98096924e+01 1.99424515e+01
    1.90423698e+01 1.80355778e+01 1.90560837e+01 1.75079880e+01
    1.94772263e+01 2.05157261e+01 2.03229408e+01 2.12497311e+01
    2.13349590e+01 2.08346748e+01 2.04953957e+01 2.18302898e+01
    2.22419529e+01 2.26702709e+01 2.13973370e+01 1.96486588e+01
    1.91389713e+01 1.83070545e+01 1.89912853e+01 1.95494823e+01
    1.89042187e+01 1.90073395e+01 1.92563076e+01 1.90920639e+01
    1.89953461e+01 1.91479664e+01 1.97141895e+01 1.89265480e+01
    1.93529472e+01 2.13819485e+01 2.04360714e+01 1.99170094e+01
    2.14944458e+01 2.25596180e+01 2.26178360e+01 2.32816677e+01
    2.24869099e+01 2.37435875e+01 2.45027599e+01 2.19249382e+01
    2.19427414e+01 2.20918770e+01 2.26038933e+01 2.14594440e+01
    2.11184654e+01 2.24719620e+01 2.03194160e+01 2.04256992e+01
    2.02482700e+01 1.87539558e+01 1.85969105e+01 2.08502731e+01
    1.85252399e+01 1.77503910e+01 1.99293003e+01 2.03920937e+01
    2.09545631e+01 2.07623978e+01 2.09876289e+01 2.08054752e+01
    1.94503746e+01 2.22182617e+01 2.16459084e+01 1.99143124e+01
    1.96472549e+01 1.90059490e+01 1.92121372e+01 2.03954487e+01
    2.06551666e+01 2.00081711e+01 1.97365360e+01 1.97562447e+01
    1.86872044e+01 2.16192207e+01 2.13056412e+01 1.90806293e+01
    1.85109234e+01 1.84629478e+01 1.95147076e+01 1.80610752e+01
    1.80100307e+01 1.70361500e+01 1.96342449e+01 1.98849049e+01
    1.81662712e+01 1.97459488e+01 1.95167675e+01 1.87445698e+01
    1.90861607e+01 2.07514687e+01 1.94166088e+01 2.00934353e+01
    2.09531651e+01 2.07231140e+01 2.08503628e+01 1.97245770e+01
    2.11456642e+01 2.05827274e+01 1.96681080e+01 2.09378757e+01
    2.18668041e+01 2.03592453e+01 2.08280563e+01 2.13821564e+01
    2.02613583e+01 1.93958664e+01 2.04075871e+01 1.82111473e+01
    1.74089546e+01 1.81805801e+01 1.84854031e+01 2.04747696e+01
    1.87152386e+01 1.88580189e+01 1.81812897e+01 1.96681767e+01
    2.09677906e+01 1.94244480e+01 1.98241768e+01 1.94434261e+01
    1.79424400e+01 1.86159515e+01 2.02444210e+01 2.01059093e+01
    1.82238102e+01 1.62891388e+01 2.03626232e+01 1.95131416e+01
    1.81993275e+01 1.79783821e+01 1.84702549e+01 2.01448441e+01
    1.87039700e+01 1.95537300e+01 2.02816143e+01 1.93780766e+01
    1.69396935e+01 1.78228531e+01 1.91467247e+01 2.00366230e+01
    2.00444527e+01 2.11433163e+01 2.02710381e+01 2.16746616e+01
    2.18644733e+01 2.16024914e+01 2.19547157e+01 2.05806866e+01
    1.95872173e+01 2.12918758e+01 2.03993130e+01 2.19570103e+01
    2.07027187e+01 2.14086227e+01 2.29823227e+01 2.19663830e+01
    2.39576244e+01 2.17215748e+01 2.08605709e+01 2.01493397e+01
    1.98552418e+01 1.92442188e+01 1.96272564e+01 2.00047741e+01
    1.89473972e+01 1.81763000e+01 1.90994301e+01 1.95155315e+01
    2.15616875e+01 2.12490330e+01 2.28426971e+01 2.22738667e+01
    2.17615910e+01 2.11664734e+01 2.02169228e+01 2.31359882e+01
    2.22620792e+01 2.03980999e+01 2.03988438e+01 1.98157120e+01
    1.98366470e+01 2.19337425e+01 2.14135876e+01 2.20896454e+01
    2.03231277e+01 2.04117947e+01 2.17432251e+01 2.03411732e+01
    2.05741100e+01 2.18442974e+01 1.96401920e+01 1.96416054e+01
    2.13469219e+01 2.01549015e+01 1.92120857e+01 2.05339127e+01
    2.19309521e+01 2.09389229e+01 1.97291889e+01 2.14321918e+01
    2.19254265e+01 2.12808990e+01 2.04203472e+01 2.02145138e+01
    2.14295940e+01 2.20886116e+01 2.11086178e+01 1.97062912e+01
    2.23670464e+01 2.07065086e+01 2.15662117e+01 2.09762630e+01
    2.07934513e+01 1.91183395e+01 1.96557236e+01 1.98689499e+01
    1.91700249e+01 1.83539200e+01 1.79828377e+01 2.03741856e+01
    1.94424820e+01 1.90725231e+01 2.04535198e+01 2.05409718e+01
    1.90981426e+01 1.94091721e+01 1.85608654e+01 2.02136879e+01
    1.92369709e+01 1.77745571e+01 2.01187992e+01 2.08449745e+01
    2.26022186e+01 2.09003620e+01 1.86092625e+01 2.02325420e+01
    1.99694500e+01 1.97181702e+01 2.01277866e+01 2.00261250e+01
    2.01955090e+01 1.94208965e+01 1.99679375e+01 1.85491886e+01
    1.98283329e+01 1.96647701e+01 2.02130032e+01 1.93756886e+01
    1.85967121e+01 1.89835396e+01 1.91164665e+01 1.90508804e+01
    1.93296757e+01 2.15906868e+01 2.02218399e+01 2.14266338e+01
    2.24965839e+01 2.21919556e+01 1.99018440e+01 2.08119755e+01
    2.19552307e+01 2.11198158e+01 2.13391724e+01 2.06642227e+01
    2.01751785e+01 1.84533901e+01 2.01161079e+01 2.08108807e+01
    1.91539421e+01 1.95952740e+01 2.07466564e+01 1.82499104e+01
    1.68831482e+01 1.82956047e+01 1.99374714e+01 1.93134975e+01
    1.77350864e+01 2.09387569e+01 2.22390423e+01 2.16734180e+01
    2.10392990e+01 2.32016773e+01 2.28336639e+01 2.34631004e+01
    2.23553352e+01 2.21691799e+01 2.26959190e+01 2.23646641e+01
    2.05220127e+01 2.24448490e+01 1.99725876e+01 2.11664562e+01
    2.15799789e+01 1.96163445e+01 1.94059944e+01 2.16699028e+01
    1.87156219e+01 1.94216347e+01 1.98897858e+01 2.03711967e+01
    1.93580666e+01 1.91765823e+01 1.88464699e+01 1.93154182e+01
    2.05045357e+01 2.14701481e+01 1.99909420e+01 1.95504265e+01
    1.86690617e+01 2.05863037e+01 2.11904774e+01 1.92672768e+01
    1.97938671e+01 1.90419502e+01 2.02434082e+01 1.96423092e+01
    2.13209133e+01 2.10437298e+01 2.11055984e+01 2.08593006e+01
    2.00417061e+01 1.94401951e+01 1.92296448e+01 2.04593945e+01
    1.81953602e+01 1.92758465e+01 1.82437859e+01 1.87930431e+01
    1.86524429e+01 1.77083092e+01 1.74581089e+01 2.07328720e+01
    1.82158432e+01 1.91484451e+01 2.05178146e+01 1.94406681e+01
    1.85702896e+01 2.08528423e+01 1.92557640e+01 1.85278416e+01
    2.01013908e+01 1.93263397e+01 1.70294724e+01 1.79918823e+01
    1.83960590e+01 1.90549107e+01 1.88672523e+01 2.03681755e+01
    1.90901241e+01 1.79416904e+01 1.87556686e+01 2.02934303e+01
    2.01461506e+01 1.76821842e+01 1.80494919e+01 1.88504486e+01
    1.65790577e+01 1.80403843e+01 2.06621037e+01 1.94612064e+01
    2.05152073e+01 1.84982738e+01 1.99594994e+01 2.00686226e+01
    2.00197582e+01 1.93822155e+01 2.04875050e+01 1.87733650e+01
    1.92869415e+01 1.70845699e+01 1.98960361e+01 1.97622242e+01
    1.90280876e+01 1.76008930e+01 1.96922531e+01 1.99216251e+01
    1.97347565e+01 1.93683548e+01 1.89900818e+01 2.01712704e+01
    2.17758732e+01 2.06427708e+01 2.08478050e+01 1.76824226e+01
    1.88080902e+01 1.87731209e+01 1.91587486e+01 2.15704994e+01
    1.95673122e+01 2.18557339e+01 2.19504681e+01 2.11334991e+01
    2.08701706e+01 2.17996922e+01 2.20191860e+01 2.23743210e+01
    1.99438896e+01 2.18979626e+01 2.23403587e+01 2.16466599e+01
    2.31468277e+01 2.06811829e+01 2.24778290e+01 2.38648701e+01
    2.31457253e+01 2.25832996e+01 2.22079258e+01 1.80387363e+01
    2.06840878e+01 2.06990166e+01 2.08039494e+01 2.07677193e+01
    2.07329998e+01 1.88958683e+01 1.93260956e+01 2.06402760e+01
    2.08733311e+01 2.15793896e+01 2.07361546e+01 2.16487103e+01
    2.19019375e+01 2.21968040e+01 2.13777103e+01 2.16434937e+01
    2.27715473e+01 2.17329674e+01 2.11993580e+01 2.16673698e+01
    2.05285606e+01 2.22213612e+01 2.17263088e+01 2.16556854e+01
    2.39950542e+01 2.11977539e+01 2.14637699e+01 1.94282227e+01
    2.03588085e+01 2.21197319e+01 1.99855099e+01 1.91294861e+01
    1.91918678e+01 1.74634285e+01 1.83654327e+01 2.20152416e+01
    1.91548710e+01 2.11327782e+01 2.16692677e+01 1.96861115e+01
    2.08471889e+01 2.20748615e+01 2.10620155e+01 2.13212929e+01
    2.04710369e+01 2.15577412e+01 2.14128475e+01 2.09849510e+01
    2.16421146e+01 2.14561806e+01 2.03586750e+01 2.05689201e+01
    1.97203331e+01 1.92455311e+01 1.99308357e+01 1.90260944e+01
    2.08224506e+01 2.03386955e+01 1.96125107e+01 2.10621090e+01
    2.13193989e+01 1.99948215e+01 1.91810780e+01 1.96164093e+01
    2.07226410e+01 1.94195328e+01 1.75821133e+01 2.06261082e+01
    1.88648472e+01 1.81588326e+01 2.03430557e+01 2.08528252e+01
    2.12075291e+01 2.02628536e+01 2.01831951e+01 1.89634762e+01
    2.14606247e+01 2.03494034e+01 2.05896111e+01 1.94731770e+01
    2.06852531e+01 1.89329567e+01 2.05795345e+01 2.08604984e+01
    2.01085796e+01 2.06117897e+01 1.97316475e+01 1.98580017e+01
    1.80390167e+01 1.95735359e+01 2.03684902e+01 1.96687984e+01
    2.05393391e+01 2.02800484e+01 2.12883263e+01 2.05708313e+01
    2.10543995e+01 2.17565956e+01 1.90831451e+01 1.90644112e+01
    2.11157990e+01 2.06752205e+01 2.05072880e+01 2.05101414e+01
    1.77901688e+01 1.83681068e+01 1.98345757e+01 2.02992992e+01
    1.97747078e+01 1.92751789e+01 1.85404816e+01 1.85962029e+01
    1.69300385e+01 1.88370533e+01 1.87571526e+01 1.99369278e+01
    1.90437717e+01 2.04249649e+01 2.17920952e+01 2.08242722e+01
    2.12550316e+01 2.31735744e+01 2.23792534e+01 2.23729553e+01
    2.22983913e+01 2.27732563e+01 2.10103531e+01 2.14369087e+01
    2.18675365e+01 1.98164730e+01 1.94379063e+01 1.90758667e+01
    2.19606228e+01 1.90214672e+01 1.94962463e+01 2.21089134e+01
    1.94843941e+01 2.02771702e+01 2.14848404e+01 2.16425724e+01
    2.04428043e+01 2.02904472e+01 2.04141026e+01 2.08580055e+01
    2.04920406e+01 2.18831196e+01 2.06124821e+01 1.88055534e+01
    2.02441826e+01 2.15928497e+01 2.12674255e+01 2.05227757e+01
    1.92093391e+01 1.98105354e+01 1.95944080e+01 1.98117809e+01
    1.97031517e+01 2.05305538e+01 1.98839664e+01 1.86554527e+01
    1.90840969e+01 2.08208027e+01 1.89243660e+01 2.14484100e+01
    1.97276516e+01 1.94070377e+01 1.93339272e+01 1.95601997e+01
    1.87359581e+01 1.79912701e+01 1.87099266e+01 1.73557453e+01
    1.86360416e+01 2.00816212e+01 1.85886650e+01 1.77490177e+01
    1.90972042e+01 1.87125587e+01 1.87630520e+01 1.88080921e+01
    1.97944126e+01 1.87978573e+01 1.84295063e+01 1.93647442e+01
    1.91349144e+01 1.97209492e+01 1.90893421e+01 2.11546574e+01
    1.92393227e+01 1.87907715e+01 2.07105904e+01 2.07446156e+01
    2.03890724e+01 1.75700874e+01 1.97626762e+01 1.91983337e+01
    1.83191299e+01 1.86798229e+01 2.04283829e+01 2.08544025e+01
    2.07034531e+01 1.96477909e+01 2.00795765e+01 2.09478283e+01
    2.06691837e+01 1.85776978e+01 1.99659538e+01 1.97323666e+01
    1.91108780e+01 1.82593079e+01 2.02327576e+01 1.92193356e+01
    2.00783691e+01 1.98468132e+01 2.21450977e+01 1.97501087e+01
    2.02429924e+01 1.91165371e+01 2.01028023e+01 2.08406239e+01
    2.18866577e+01 2.13650074e+01 1.98006077e+01 1.98163452e+01
    1.92574272e+01 2.07331123e+01 1.97794762e+01 2.10161591e+01
    1.95656586e+01 2.10858402e+01 2.11517677e+01 2.07392330e+01
    2.11761742e+01 2.13652630e+01 2.01757393e+01 2.24126797e+01
    2.26518517e+01 2.19088764e+01 2.19946194e+01 2.01557446e+01
    2.31335106e+01 2.14154549e+01 2.18985519e+01 2.27148190e+01
    2.27281170e+01 2.22067585e+01 2.08408737e+01 1.82783756e+01
    1.82138443e+01 1.92684822e+01 1.99283943e+01 1.84381351e+01
    1.77010479e+01 1.76863422e+01 1.82213097e+01 1.90911217e+01
    1.92341328e+01 2.15572968e+01 2.15623894e+01 2.19255753e+01
    2.33904514e+01 2.32592964e+01 2.15193825e+01 2.20319881e+01
    2.27071705e+01 2.20058861e+01 2.21668682e+01 2.22953625e+01
    2.22168541e+01 2.02677574e+01 2.16304665e+01 2.17713871e+01
    2.31545887e+01 2.24996777e+01 2.15461388e+01 2.01039677e+01
    2.01773338e+01 1.98150330e+01 1.91245346e+01 1.98531208e+01
    1.97285290e+01 1.84100780e+01 1.86474743e+01 2.05351200e+01
    2.05477295e+01 1.98836823e+01 2.03752842e+01 2.09369888e+01
    2.01504879e+01 2.31875629e+01 2.21773071e+01 2.14189892e+01
    2.14492702e+01 2.26629868e+01 2.37794895e+01 2.33397903e+01
    2.09315395e+01 2.20734425e+01 2.11170673e+01 1.97676945e+01
    2.03097038e+01 1.93642330e+01 2.11669331e+01 1.98118382e+01
    2.06818905e+01 2.05262604e+01 1.97799149e+01 2.12160873e+01
    2.29620476e+01 2.01251678e+01 1.93455620e+01 2.13695374e+01
    2.09062405e+01 1.93443089e+01 1.90638504e+01 1.97475700e+01
    1.82183990e+01 1.76012993e+01 1.93092880e+01 2.09624901e+01
    2.16549225e+01 1.99153538e+01 1.98687801e+01 2.20163498e+01
    2.03394947e+01 2.00633106e+01 1.92901897e+01 1.84542675e+01
    1.99456673e+01 2.01975212e+01 1.99808922e+01 2.12981262e+01
    2.09161720e+01 2.02847919e+01 1.90981770e+01 1.89018116e+01
    1.97162704e+01 2.06996918e+01 1.80901318e+01 2.00277290e+01
    1.99404697e+01 1.95141468e+01 2.10722485e+01 2.03549919e+01
    2.14871445e+01 2.11423244e+01 2.14017086e+01 1.95585709e+01
    2.07766781e+01 1.98577728e+01 2.04097328e+01 1.87527142e+01
    1.88157310e+01 1.73948479e+01 1.97641277e+01 1.96207180e+01
    1.99590530e+01 1.99909687e+01 1.95236130e+01 1.67560825e+01
    1.64283009e+01 1.94332867e+01 2.15963573e+01 2.08560696e+01
    1.93089371e+01 1.93174133e+01 2.07335491e+01 2.20499077e+01
    2.20968399e+01 2.38638725e+01 2.12699146e+01 2.25292931e+01
    2.18735104e+01 2.34410858e+01 2.19244080e+01 2.24019279e+01
    2.06717682e+01 2.13763790e+01 1.97228928e+01 2.05283833e+01
    2.03168678e+01 2.08356895e+01 1.98168392e+01 1.98249760e+01
    2.16984634e+01 2.00225277e+01 2.09957886e+01 2.22144241e+01
    2.23308163e+01 2.21470280e+01 2.20248013e+01 2.07409782e+01
    1.91499367e+01 2.07262020e+01 2.24407883e+01 2.14908218e+01
    2.04960499e+01 2.05714836e+01 2.16047382e+01 2.08518143e+01
    2.03510227e+01 1.88271332e+01 1.92258453e+01 1.89458523e+01
    1.93819637e+01 2.05219555e+01 2.00998230e+01 2.02797947e+01
    1.96870880e+01 1.96523209e+01 2.00051556e+01 2.08989620e+01
    1.99811516e+01 2.00044250e+01 1.94859238e+01 1.93759651e+01
    1.88656712e+01 1.98759956e+01 1.91025829e+01 1.89712467e+01
    1.91428814e+01 2.04485245e+01 1.84271889e+01 1.89995918e+01
    1.79246941e+01 1.98999882e+01 1.86039238e+01 1.97643814e+01
    2.13630657e+01 2.03831463e+01 1.93466473e+01 2.03599930e+01
    2.09008141e+01 1.98148518e+01 2.03977432e+01 2.06994534e+01
    1.95312958e+01 1.85926952e+01 1.86134129e+01 1.99671173e+01
    2.05681839e+01 1.95083389e+01 1.82943954e+01 1.91492882e+01
    1.80741730e+01 1.90677338e+01 1.82630253e+01 1.94013023e+01
    2.08428288e+01 1.92059784e+01 2.00489750e+01 1.99082336e+01
    2.18659382e+01 1.80096054e+01 2.08490543e+01 2.13551884e+01
    1.94291172e+01 1.93530674e+01 2.06344700e+01 1.88901539e+01
    2.20665283e+01 2.06291714e+01 2.23708649e+01 2.07373295e+01
    2.07584476e+01 2.10123844e+01 2.11750069e+01 2.13109913e+01
    2.19722748e+01 2.04052258e+01 1.84284668e+01 1.96340599e+01
    1.88940678e+01 1.98374348e+01 2.07290440e+01 2.03012600e+01
    1.86280346e+01 2.06167984e+01 2.11109715e+01 2.15560913e+01
    2.07635155e+01 2.04281883e+01 2.07084484e+01 2.19399014e+01
    2.34377480e+01 2.45126343e+01 2.31459274e+01 2.18062153e+01
    2.18334599e+01 2.31289864e+01 2.36292458e+01 2.24925995e+01
    2.22789001e+01 2.14696980e+01 2.05873718e+01 1.94341393e+01
    1.87363949e+01 1.89449081e+01 2.06220303e+01 1.99088764e+01
    2.04043331e+01 1.82594872e+01 1.86001453e+01 2.02474003e+01
    2.03624268e+01 2.21356907e+01 2.04312134e+01 1.98387089e+01
    2.12454796e+01 2.17526741e+01 2.10769882e+01 2.25055962e+01
    2.31025143e+01 2.31120796e+01 2.36625156e+01 2.36572514e+01
    2.22082005e+01 2.01744308e+01 2.16249561e+01 2.16594048e+01
    2.38634567e+01 2.14861946e+01 1.97142754e+01 1.91778831e+01
    1.86177177e+01 1.73885098e+01 1.83622646e+01 1.80507736e+01
    1.86536026e+01 1.82538662e+01 1.85337582e+01 2.10062714e+01
    1.97318592e+01 2.03645267e+01 2.26095142e+01 2.18940582e+01
    2.16929741e+01 2.10476360e+01 2.23786373e+01 2.20188065e+01
    2.07469406e+01 2.02295532e+01 2.18753033e+01 2.30542507e+01
    2.19013481e+01 1.99640675e+01 2.05741978e+01 2.00646667e+01
    2.12134132e+01 2.11768169e+01 2.23832932e+01 2.08024025e+01
    2.04516945e+01 2.07237301e+01 2.06914539e+01 2.12005672e+01
    2.35321198e+01 2.13486481e+01 2.04286041e+01 2.09851398e+01
    1.99910698e+01 1.94259758e+01 1.92411880e+01 1.70164013e+01
    1.75509186e+01 1.73223057e+01 1.82072239e+01 2.02831268e+01
    1.93482418e+01 1.94673195e+01 2.08579617e+01 2.00356388e+01
    1.98044548e+01 1.89152088e+01 1.98756237e+01 2.09675312e+01
    2.10291042e+01 2.13007050e+01 2.21891251e+01 2.09195786e+01
    2.11445217e+01 2.18786602e+01 2.07583752e+01 2.12929173e+01
    2.07097626e+01 2.09126015e+01 2.11968651e+01 2.07539310e+01
    2.15025864e+01 2.01075764e+01 2.04797821e+01 2.03990059e+01
    1.98200340e+01 2.06863003e+01 2.00166969e+01 1.95300865e+01
    2.11977119e+01 2.01593590e+01 2.07695923e+01 1.98450489e+01
    1.94309921e+01 1.93055706e+01 2.03328114e+01 2.05640049e+01
    2.10703678e+01 1.73609333e+01 1.89453831e+01 1.90154953e+01
    1.85300350e+01 1.91262589e+01 1.80867882e+01 1.85436249e+01
    1.88230915e+01 1.84654675e+01 2.00674572e+01 2.08021183e+01
    2.26738873e+01 2.41543617e+01 2.20281944e+01 2.31479568e+01
    2.31526299e+01 2.32875004e+01 2.27345695e+01 2.19966297e+01
    2.05451469e+01 2.07855492e+01 2.12120590e+01 2.04004383e+01
    2.12354202e+01 2.17722282e+01 2.12224274e+01 2.12595406e+01
    2.07559662e+01 2.06806126e+01 2.16067371e+01 2.13732529e+01
    2.12658348e+01 2.20233841e+01 2.35525723e+01 2.15468521e+01
    2.14580841e+01 2.02368298e+01 2.17421017e+01 2.19509850e+01
    2.17181931e+01 2.05896721e+01 2.18689671e+01 1.98754330e+01
    2.14625034e+01 2.13500748e+01 2.02743111e+01 1.99670887e+01
    2.02572289e+01 1.99169254e+01 1.96181698e+01 1.93445568e+01
    1.96803188e+01 2.09343548e+01 1.84375420e+01 2.01488876e+01
    1.83343163e+01 2.07130928e+01 2.12702179e+01 1.87979584e+01
    1.88169460e+01 1.98416710e+01 1.94476566e+01 2.04338703e+01
    1.97187519e+01 2.07839508e+01 2.06742821e+01 1.97254772e+01
    2.04376736e+01 2.14207497e+01 2.03485870e+01 2.02194347e+01
    1.94539280e+01 2.13407173e+01 2.03061161e+01 2.16486263e+01
    2.10361309e+01 2.03116817e+01 2.04197254e+01 2.17921467e+01
    2.11557426e+01 2.12342911e+01 2.06953850e+01 1.93005486e+01
    1.98952827e+01 1.94031181e+01 1.83197441e+01 1.75685005e+01
    1.82221146e+01 1.70726070e+01 1.81609077e+01 1.86601963e+01
    1.91091118e+01 1.94732380e+01 1.94309444e+01 2.07560711e+01
    2.14964104e+01 1.99241886e+01 2.09369411e+01 2.03862743e+01
    2.05648155e+01 1.85878220e+01 2.00266533e+01 2.09000607e+01
    2.11510277e+01 2.17002144e+01 2.23479576e+01 2.01856117e+01
    2.13532104e+01 2.02315063e+01 2.12957554e+01 2.22116165e+01
    2.07793236e+01 2.00429096e+01 1.85034084e+01 1.98129272e+01
    1.84363937e+01 1.85473347e+01 2.01797180e+01 2.16034184e+01
    1.92035007e+01 1.95813007e+01 2.15884991e+01 2.16091728e+01
    2.15100574e+01 2.05203934e+01 1.99482765e+01 2.06469879e+01
    2.26417007e+01 2.27960587e+01 2.30131207e+01 2.11667175e+01
    2.12341652e+01 2.24541454e+01 2.22660885e+01 2.22574406e+01
    2.23820076e+01 2.00625019e+01 1.98601208e+01 1.88019905e+01
    1.73176079e+01 1.72699471e+01 1.79888363e+01 1.83585548e+01
    1.65429115e+01 1.73822002e+01 1.69301014e+01 1.88637791e+01
    1.97601719e+01 1.93187084e+01 2.01204205e+01 2.14112740e+01
    2.08901443e+01 2.13628273e+01 2.25336170e+01 2.31385708e+01
    2.28271027e+01 2.14721031e+01 2.03739491e+01 2.24878178e+01
    2.09595737e+01 1.84838200e+01 2.11010799e+01 1.98240414e+01
    2.09650478e+01 1.97161865e+01 1.91797352e+01 1.98868847e+01
    1.84748955e+01 1.90578995e+01 2.02486324e+01 1.96027336e+01
    2.04022007e+01 1.99515724e+01 2.01541500e+01 2.21019878e+01
    2.18944588e+01 2.04920502e+01 2.13921204e+01 2.21316643e+01
    2.09809780e+01 2.14718208e+01 2.05364418e+01 2.07882195e+01
    2.12880592e+01 2.14723167e+01 2.12144852e+01 2.30168972e+01
    2.32479820e+01 2.11744003e+01 2.12554073e+01 2.17940712e+01
    2.11049652e+01 2.03740826e+01 2.14705315e+01 2.06699829e+01
    1.95593452e+01 2.09545841e+01 2.00700245e+01 2.13267212e+01
    2.18350239e+01 2.00465183e+01 2.09020596e+01 2.12705002e+01
    1.97102299e+01 1.98537769e+01 1.91555653e+01 1.85668526e+01
    1.75029259e+01 1.74046497e+01 1.75847015e+01 1.87085457e+01
    2.09924049e+01 1.85235195e+01 2.02680740e+01 1.91828041e+01
    2.04326458e+01 1.94422493e+01 1.92511578e+01 2.01952705e+01
    2.11909485e+01 2.10523834e+01 2.05751400e+01 2.12141228e+01
    2.19669342e+01 2.12020130e+01 2.14134502e+01 2.10166245e+01
    2.14313545e+01 1.96157398e+01 1.90571651e+01 1.90619411e+01
    2.00315437e+01 1.85856762e+01 2.04371204e+01 2.00291119e+01
    2.01664009e+01 2.07168274e+01 2.17706966e+01 2.12274437e+01
    2.14661293e+01 2.13031483e+01 2.07256317e+01 1.87214813e+01
    1.99763870e+01 1.96936245e+01 1.97546520e+01 2.03195438e+01
    2.03498936e+01 1.78482609e+01 2.08570232e+01 1.95835075e+01
    1.79935989e+01 1.87595196e+01 2.04497890e+01 1.87986965e+01
    1.84960327e+01 1.98277512e+01 2.06146221e+01 2.04735279e+01
    1.98526897e+01 2.32468662e+01 2.39902782e+01 2.14761467e+01
    2.15497932e+01 2.31022034e+01 2.30995007e+01 2.23689060e+01
    2.17581062e+01 2.12642879e+01 2.07480869e+01 2.16163712e+01
    2.15558891e+01 2.26232815e+01 2.02626667e+01 2.11371269e+01
    1.94945469e+01 2.00223846e+01 2.11266479e+01 2.24174061e+01
    2.20421333e+01 2.13401051e+01 2.05997047e+01 2.23637142e+01
    2.17900181e+01 2.18834686e+01 2.09718819e+01 2.11934490e+01
    2.13407459e+01 2.17163525e+01 2.17458363e+01 2.13893166e+01
    2.04687157e+01 2.07760353e+01 1.99884167e+01 1.91437263e+01
    2.02280712e+01 2.09988670e+01 2.00837746e+01 1.97730980e+01
    2.00883999e+01 2.00016289e+01 1.92181187e+01 1.87801151e+01
    2.00070305e+01 1.75845127e+01 1.99917126e+01 1.79012070e+01
    1.83836155e+01 1.83148041e+01 2.15380516e+01 2.12531376e+01
    1.92453957e+01 2.17678223e+01 2.01804905e+01 1.90355663e+01
    1.98497467e+01 1.90319729e+01 1.96587887e+01 1.91226864e+01
    1.97857933e+01 1.93059864e+01 1.89761181e+01 2.03588753e+01
    2.08663921e+01 2.02271862e+01 2.07240829e+01 2.16086121e+01
    2.17315693e+01 2.04991989e+01 2.06573696e+01 1.86335583e+01
    1.80960751e+01 2.03678856e+01 1.85619488e+01 1.85066090e+01
    1.78697300e+01 1.79886036e+01 1.96061726e+01 1.96680241e+01
    1.96578026e+01 1.90196400e+01 1.83115997e+01 1.96900692e+01
    2.19566536e+01 2.02846870e+01 2.07888317e+01 1.86848412e+01
    1.95885849e+01 2.00653477e+01 2.15184555e+01 2.29308205e+01
    2.24133835e+01 2.13665218e+01 2.22302380e+01 2.14541950e+01
    2.33722420e+01 2.08849316e+01 1.97909737e+01 2.25129242e+01
    2.14553814e+01 1.83911362e+01 1.75809307e+01 1.78624859e+01
    1.99994850e+01 1.89022465e+01 2.04961739e+01 2.04802513e+01
    1.91518307e+01 1.88139782e+01 2.15409927e+01 2.13872185e+01
    2.12004051e+01 2.17607899e+01 2.17604485e+01 2.07688503e+01
    2.18697910e+01 2.22211151e+01 2.28626270e+01 2.16220570e+01
    2.00564098e+01 2.25835953e+01 2.12699318e+01 2.25647030e+01
    2.13040237e+01 1.98923969e+01 1.83667870e+01 1.75790825e+01
    1.80176163e+01 1.64354553e+01 1.70090885e+01 1.66583385e+01
    1.58879089e+01 1.65775967e+01 1.48144007e+01 1.86082573e+01
    1.93372536e+01 1.88086758e+01 1.90682163e+01 1.86444321e+01
    2.02132721e+01 2.08792973e+01 2.00250702e+01 2.23739624e+01
    2.24838657e+01 1.96253700e+01 2.02638149e+01 2.21031551e+01
    2.07608604e+01 1.84197826e+01 1.74946442e+01 1.98025150e+01
    1.87704048e+01 1.85064201e+01 1.89628086e+01 1.93202686e+01
    2.13852787e+01 1.94517326e+01 2.06099033e+01 2.03352699e+01
    1.94720535e+01 2.15879498e+01 2.06253033e+01 2.07618179e+01
    1.98816452e+01 1.97919750e+01 2.00173988e+01 2.16347752e+01
    1.82943611e+01 2.15986080e+01 2.06942234e+01 1.93226280e+01
    1.99486980e+01 2.09274654e+01 2.06438141e+01 2.20826263e+01
    2.22041225e+01 2.18640347e+01 2.12126522e+01 2.11682110e+01
    2.14784355e+01 2.06866379e+01 2.21831589e+01 2.29695644e+01
    2.07037983e+01 2.06291599e+01 2.14217529e+01 2.22309246e+01
    2.36847725e+01 2.14494667e+01 2.18659134e+01 2.03514099e+01
    2.22248592e+01 1.95794392e+01 1.79894695e+01 1.96565762e+01
    1.84302120e+01 1.75860748e+01 1.84711819e+01 1.89845161e+01
    2.01570549e+01 1.86841068e+01 1.85232830e+01 2.01884670e+01
    2.07715416e+01 1.86173725e+01 1.95446491e+01 1.85815372e+01
    2.11222210e+01 2.14555779e+01 1.98266487e+01 2.04145393e+01
    2.14330101e+01 2.10630417e+01 2.13433304e+01 2.08985271e+01
    1.96930389e+01 1.92899590e+01 1.97717533e+01 1.90328159e+01
    2.01815948e+01 1.90646019e+01 2.07512207e+01 2.07654057e+01
    2.10913239e+01 1.81901398e+01 2.06154041e+01 1.92811489e+01
    2.11559029e+01 2.18469334e+01 2.11035728e+01 1.87991848e+01
    2.05089798e+01 1.96233463e+01 2.04591236e+01 2.19834137e+01
    1.99953899e+01 1.97718067e+01 1.94481926e+01 1.92625313e+01
    1.89842873e+01 1.85212536e+01 1.81686840e+01 1.83933773e+01
    1.75320511e+01 1.89885502e+01 1.91926556e+01 2.06032295e+01
    2.01226616e+01 2.40392590e+01 2.22712898e+01 2.30517101e+01
    2.38329372e+01 2.21209679e+01 2.31134319e+01 2.23775063e+01
    2.13598080e+01 2.16353588e+01 2.03964634e+01 1.95692329e+01
    2.09708519e+01 1.89875603e+01 2.07029591e+01 2.09030514e+01
    2.13412876e+01 2.11591892e+01 2.18884392e+01 2.15860100e+01
    1.99629402e+01 2.11095867e+01 2.15228405e+01 2.23538990e+01
    2.31012306e+01 2.15684948e+01 2.10298290e+01 2.15199375e+01
    2.09932117e+01 2.14766541e+01 2.30562496e+01 1.97331066e+01
    1.96406784e+01 2.22605991e+01 2.06914253e+01 2.04336929e+01
    2.10994492e+01 2.08227234e+01 2.08046417e+01 1.91759872e+01
    1.93390579e+01 2.05131035e+01 2.02394409e+01 2.00520229e+01
    1.88649597e+01 1.95787888e+01 1.80963631e+01 1.99544392e+01
    1.87259369e+01 1.92797890e+01 1.93419628e+01 1.90834312e+01
    2.05979671e+01 1.94122753e+01 1.99361801e+01 1.98695889e+01
    2.07377987e+01 2.07348957e+01 2.18406067e+01 1.93862267e+01
    2.00969677e+01 1.91666985e+01 1.89014244e+01 2.00773602e+01
    1.90197353e+01 1.93380527e+01 2.01604176e+01 2.01600170e+01
    2.02688999e+01 2.04587326e+01 2.09284668e+01 2.00795097e+01
    1.95124950e+01 1.89172592e+01 2.02619095e+01 1.94355354e+01
    1.94037189e+01 1.82594299e+01 1.91178722e+01 2.00984402e+01
    1.84021168e+01 1.77451706e+01 1.93716736e+01 1.92664814e+01
    2.07672005e+01 2.07890301e+01 1.93574982e+01 2.03045635e+01
    1.96961040e+01 1.94773693e+01 2.17807751e+01 2.16062012e+01
    2.20268421e+01 2.13217754e+01 2.15239906e+01 2.16258144e+01
    2.19048138e+01 2.03149681e+01 2.05099277e+01 2.14880047e+01
    2.19489136e+01 1.81735001e+01 1.81330872e+01 1.94759426e+01
    2.00706921e+01 1.88847218e+01 2.00057240e+01 1.96673641e+01
    1.85013618e+01 1.83122940e+01 2.09156742e+01 2.11172581e+01
    2.16202164e+01 2.12108326e+01 2.11706161e+01 2.03434067e+01
    2.25316525e+01 2.12464199e+01 1.98659134e+01 2.02427578e+01
    2.03137188e+01 1.95377369e+01 2.14274864e+01 2.06431408e+01
    1.93261147e+01 1.92481766e+01 1.80546646e+01 1.61240196e+01
    1.85724239e+01 1.73573227e+01 1.72756672e+01 1.59000406e+01
    1.47324171e+01 1.51367426e+01 1.50376825e+01 1.63843460e+01
    1.93636379e+01 1.80092106e+01 1.81166668e+01 1.83424149e+01
    1.95194626e+01 2.03356018e+01 2.03446426e+01 2.14125118e+01
    2.13818493e+01 1.91589394e+01 1.89305191e+01 2.04941826e+01
    2.03212433e+01 1.93253689e+01 1.90552063e+01 1.90139599e+01
    1.99692097e+01 1.95386257e+01 2.03124676e+01 1.97924118e+01
    2.00956039e+01 2.04676018e+01 2.17050686e+01 2.15216846e+01
    2.00122643e+01 2.00890923e+01 2.07705288e+01 2.02799187e+01
    1.96922131e+01 1.88308468e+01 2.03840046e+01 2.10840645e+01
    2.09974937e+01 2.16183739e+01 1.95552654e+01 2.11985245e+01
    2.06771851e+01 2.16890430e+01 2.26007442e+01 2.17481728e+01
    2.16342850e+01 2.08679905e+01 2.05378685e+01 2.03890896e+01
    1.96650887e+01 2.07020893e+01 2.06699772e+01 2.01019783e+01
    2.06599064e+01 2.13242893e+01 2.00946369e+01 2.27742424e+01
    2.33982582e+01 2.22819500e+01 2.09573135e+01 2.09352989e+01
    2.10544720e+01 2.04221859e+01 1.96163330e+01 1.88079872e+01
    1.83928375e+01 1.85066814e+01 1.81849594e+01 1.98646660e+01
    1.93873920e+01 1.78846226e+01 1.79675808e+01 1.79220467e+01
    2.01107979e+01 1.84805050e+01 1.79668236e+01 1.96635609e+01
    2.05679111e+01 1.88368607e+01 1.88120060e+01 1.89265022e+01
    1.99163799e+01 2.05866432e+01 1.95632343e+01 1.91319008e+01
    1.80939541e+01 1.88027668e+01 1.90187225e+01 1.94107113e+01
    1.94361019e+01 1.87648201e+01 2.07789688e+01 1.91381989e+01
    1.88809147e+01 1.88461933e+01 2.09629211e+01 1.92088814e+01
    2.09642239e+01 2.19681015e+01 2.25170860e+01 1.92679138e+01
    1.91216297e+01 1.87038364e+01 1.90021439e+01 1.90627232e+01
    2.08134480e+01 1.90450401e+01 1.89800587e+01 1.72272739e+01
    1.68681602e+01 2.03390541e+01 2.14076118e+01 1.88708763e+01
    1.85265827e+01 1.87265491e+01 2.07497387e+01 2.02047100e+01
    2.18119698e+01 2.17112522e+01 2.16220551e+01 2.17999535e+01
    2.37292805e+01 2.29507675e+01 2.27449741e+01 2.15598679e+01
    2.12277756e+01 2.13988991e+01 1.94327145e+01 1.90912189e+01
    1.95047989e+01 1.95417175e+01 1.97828007e+01 1.84786377e+01
    1.97547512e+01 2.08087063e+01 1.87337875e+01 2.22184887e+01
    2.13162708e+01 2.04516335e+01 2.07691765e+01 2.10583286e+01
    2.16779022e+01 2.22221088e+01 2.16992970e+01 1.96212978e+01
    1.90896683e+01 1.97583313e+01 2.27140579e+01 2.03447056e+01
    1.88441753e+01 2.15379028e+01 2.11365337e+01 2.01002789e+01
    1.98906765e+01 2.12659969e+01 2.00297432e+01 2.00691128e+01
    2.06099110e+01 2.05662613e+01 2.18226566e+01 2.04636326e+01
    1.99233093e+01 1.83200607e+01 1.85965557e+01 1.84296494e+01
    1.86424999e+01 1.78770103e+01 1.83927860e+01 1.89931393e+01
    2.06596584e+01 1.98901901e+01 1.97761421e+01 2.09747353e+01
    2.11298637e+01 1.98239880e+01 2.08815823e+01 2.00797253e+01
    1.91578178e+01 1.91498814e+01 1.86835423e+01 1.83681450e+01
    2.01618614e+01 1.97691727e+01 2.03186207e+01 1.83906288e+01
    2.01526337e+01 2.05504131e+01 2.08629475e+01 1.93960819e+01
    2.00710754e+01 1.84393559e+01 2.02447910e+01 2.00852833e+01
    1.99300480e+01 1.94885349e+01 1.90027466e+01 1.83626137e+01
    1.83724041e+01 1.71539364e+01 1.73447876e+01 1.87835484e+01
    1.96815186e+01 1.77911930e+01 1.88914948e+01 1.84718342e+01
    1.87593975e+01 1.73978996e+01 1.99494667e+01 2.19201927e+01
    2.24720058e+01 2.27165794e+01 2.17893181e+01 2.07220459e+01
    2.34911289e+01 2.24101105e+01 2.18684044e+01 2.16747837e+01
    2.23497829e+01 2.04617290e+01 1.88908653e+01 1.82239437e+01
    1.77565861e+01 1.80850353e+01 1.95261707e+01 1.84587650e+01
    1.85274658e+01 1.89939213e+01 2.06655178e+01 1.90896397e+01
    2.05279427e+01 2.16355953e+01 2.20379429e+01 2.16483803e+01
    2.19831429e+01 2.18684559e+01 2.04239292e+01 1.95953121e+01
    2.05106316e+01 2.06819363e+01 2.18122196e+01 2.00782394e+01
    1.90424461e+01 1.85667610e+01 1.80097847e+01 1.75628643e+01
    1.80220623e+01 1.75619373e+01 1.62575302e+01 1.65568008e+01
    1.55891209e+01 1.49336977e+01 1.61690769e+01 1.64702187e+01
    1.81826954e+01 1.92292805e+01 1.69876976e+01 1.90593014e+01
    1.90349293e+01 2.03086910e+01 2.20058346e+01 2.14102192e+01
    2.19268322e+01 2.17750473e+01 2.10128384e+01 2.04053364e+01
    1.97997360e+01 1.88029480e+01 1.99714165e+01 2.06584682e+01
    1.98866005e+01 1.99050846e+01 1.96381340e+01 1.98722439e+01
    2.05224953e+01 1.98587284e+01 2.07488346e+01 2.04097919e+01
    2.06259651e+01 1.96043854e+01 2.09835052e+01 2.04992428e+01
    1.89406471e+01 2.04128895e+01 1.99083405e+01 2.17687588e+01
    2.04133854e+01 2.01529179e+01 2.08649845e+01 1.97469521e+01
    1.96553745e+01 2.17802334e+01 2.42421799e+01 2.36521378e+01
    2.08133965e+01 2.02486610e+01 2.05032692e+01 2.27841072e+01
    2.06567287e+01 2.09544907e+01 2.13590546e+01 2.16328316e+01
    2.09874725e+01 2.33036308e+01 2.15709076e+01 2.16839619e+01
    2.37227116e+01 2.27615318e+01 2.09203014e+01 2.06635208e+01
    2.12674770e+01 2.04918671e+01 2.07914162e+01 1.92236404e+01
    1.98815022e+01 1.92601318e+01 2.09352417e+01 1.97853813e+01
    2.07551537e+01 1.73420315e+01 1.84678593e+01 1.88177853e+01
    1.83562126e+01 1.78519382e+01 1.76520119e+01 1.79167652e+01
    1.70536518e+01 1.87916183e+01 1.83422012e+01 1.85346241e+01
    1.89363976e+01 2.05801105e+01 1.94563694e+01 1.94280338e+01
    2.00595665e+01 2.06733303e+01 2.00673637e+01 2.11496086e+01
    2.04437733e+01 1.90779819e+01 2.02042084e+01 1.96776333e+01
    1.97652245e+01 1.93482456e+01 2.04902630e+01 2.02349281e+01
    2.17452202e+01 2.15184841e+01 2.23880005e+01 1.80328522e+01
    1.97836285e+01 2.06128960e+01 1.95382690e+01 1.99012890e+01
    1.95486393e+01 1.74768810e+01 1.95134068e+01 2.00028687e+01
    1.92329826e+01 1.95817223e+01 2.03968620e+01 2.02325039e+01
    1.98453960e+01 1.90709114e+01 1.96134739e+01 2.08353291e+01
    2.18022900e+01 2.30013256e+01 2.32140713e+01 2.23535061e+01
    2.24450951e+01 2.27475929e+01 2.29559994e+01 1.94256248e+01
    2.18173256e+01 2.04752693e+01 1.91607265e+01 1.77307949e+01
    1.85472603e+01 1.88109722e+01 1.89127064e+01 1.88249607e+01
    1.97267094e+01 2.03563099e+01 2.07892666e+01 2.11357250e+01
    2.19304333e+01 2.13569183e+01 2.12605019e+01 2.12815990e+01
    2.15046215e+01 2.08067703e+01 2.20174465e+01 2.07022724e+01
    1.96089439e+01 2.02818108e+01 2.19191647e+01 2.02151947e+01
    1.84961624e+01 2.03162594e+01 2.23456745e+01 2.09519825e+01
    2.10880547e+01 2.10539589e+01 2.17421379e+01 2.08388195e+01
    2.20900879e+01 2.09895420e+01 1.97265205e+01 2.07780991e+01
    1.99668980e+01 1.93339634e+01 1.92225857e+01 1.87850342e+01
    1.82379055e+01 1.93956680e+01 1.99425640e+01 1.90713730e+01
    1.96758308e+01 1.95223427e+01 2.02226601e+01 1.98397522e+01
    2.11214314e+01 2.22178154e+01 2.14621677e+01 2.16503067e+01
    1.99629669e+01 2.25510635e+01 2.10169106e+01 2.07504444e+01
    1.99034576e+01 2.08681412e+01 1.95797863e+01 2.06954727e+01
    1.92154350e+01 2.08672924e+01 1.98568344e+01 1.97876816e+01
    1.92928467e+01 1.88889980e+01 1.90524845e+01 1.80503788e+01
    1.89456692e+01 1.82173252e+01 1.80039845e+01 1.57437706e+01
    1.80904388e+01 1.76769428e+01 1.83306732e+01 1.81265411e+01
    2.03839169e+01 1.86267757e+01 1.89019947e+01 1.87021713e+01
    1.93795700e+01 1.89249325e+01 2.01031990e+01 2.10824261e+01
    2.18166542e+01 2.22055473e+01 2.21906910e+01 1.87793732e+01
    2.03362103e+01 2.29039097e+01 2.15505810e+01 2.14546471e+01
    2.08032532e+01 1.85739937e+01 1.85882473e+01 2.06902542e+01
    1.92413692e+01 1.76024952e+01 1.90968189e+01 1.87784882e+01
    1.77887936e+01 1.85683022e+01 1.97593250e+01 1.89620247e+01
    1.89591827e+01 2.07474022e+01 2.22282200e+01 2.06498394e+01
    2.27372665e+01 2.17631664e+01 1.98760624e+01 2.01905155e+01
    2.03461571e+01 1.89454937e+01 1.92110634e+01 1.89507713e+01
    1.90617790e+01 1.76132736e+01 1.70676842e+01 1.59458990e+01
    1.66265869e+01 1.84660912e+01 1.52615242e+01 1.68360844e+01
    1.52334337e+01 1.63976364e+01 1.64817200e+01 1.80584679e+01
    1.88630714e+01 1.85172844e+01 1.87010136e+01 1.85689278e+01
    1.88208542e+01 1.88907280e+01 2.08136463e+01 2.09710274e+01
    2.15113525e+01 1.87695236e+01 1.86813126e+01 1.92449722e+01
    1.91763897e+01 1.78064251e+01 1.96515827e+01 1.98654099e+01
    1.96970787e+01 1.78396149e+01 2.03493977e+01 1.97994499e+01
    1.94585400e+01 1.97392712e+01 2.04080067e+01 2.13049316e+01
    1.95659065e+01 2.04590969e+01 2.13360367e+01 1.90046349e+01
    1.92388077e+01 2.04573898e+01 2.10660706e+01 2.15849285e+01
    2.26937103e+01 2.20494976e+01 2.05686722e+01 2.24853249e+01
    2.17870159e+01 2.20292912e+01 2.21531448e+01 2.27252903e+01
    2.12433453e+01 2.03431854e+01 1.93915443e+01 2.09397926e+01
    2.14503002e+01 2.02498226e+01 1.96713905e+01 2.05172825e+01
    1.94654217e+01 2.31188030e+01 2.30094318e+01 2.16020737e+01
    2.18167019e+01 2.21801434e+01 2.24815331e+01 2.28229752e+01
    2.17577877e+01 2.14816990e+01 2.14432316e+01 2.12454338e+01
    2.09393826e+01 2.05051308e+01 2.14052372e+01 1.96566124e+01
    2.13517742e+01 1.97278500e+01 1.81474266e+01 1.79814739e+01
    1.87306499e+01 1.78386917e+01 1.81455193e+01 1.92260342e+01
    1.83775787e+01 2.07763138e+01 1.91233463e+01 2.05768089e+01
    2.01710644e+01 1.83445129e+01 1.94735336e+01 1.97103100e+01
    1.99884968e+01 2.01966667e+01 1.89378700e+01 1.93639507e+01
    1.98365173e+01 1.90822849e+01 1.98190403e+01 1.87507038e+01
    2.00506496e+01 2.16049042e+01 2.03408985e+01 1.92579479e+01
    2.11641598e+01 2.00158348e+01 2.13761425e+01 1.95654392e+01
    1.99140491e+01 1.88646908e+01 1.82022228e+01 1.85290337e+01
    2.09882088e+01 1.70586643e+01 1.80011635e+01 1.86549797e+01
    1.85414810e+01 2.00901737e+01 2.12002506e+01 2.03623009e+01
    1.97810860e+01 1.98404961e+01 2.04340210e+01 2.02958565e+01
    2.10643406e+01 2.23395367e+01 2.15094242e+01 1.88617935e+01
    2.03729019e+01 2.08734283e+01 2.24119492e+01 2.11839924e+01
    1.89855633e+01 1.89960022e+01 2.08281593e+01 1.87908764e+01
    1.95964394e+01 1.87610645e+01 1.99214973e+01 1.95693493e+01
    2.02295170e+01 2.10383301e+01 2.20280952e+01 2.20928726e+01
    2.18724766e+01 2.16047554e+01 2.06984425e+01 1.98449249e+01
    2.07806396e+01 1.97026577e+01 2.14326382e+01 2.08040924e+01
    2.01163254e+01 1.91992970e+01 2.21905193e+01 2.13060760e+01
    2.03388386e+01 2.20802574e+01 2.09371529e+01 2.18044434e+01
    2.13924294e+01 2.17774563e+01 2.00866909e+01 2.09736996e+01
    1.94098072e+01 1.89202347e+01 1.81556835e+01 1.90695763e+01
    1.92581768e+01 1.83056870e+01 1.96939373e+01 1.67994785e+01
    1.86870098e+01 1.84893303e+01 2.00408669e+01 1.89973927e+01
    1.95088711e+01 2.02540283e+01 2.03639679e+01 2.01603432e+01
    2.10135422e+01 2.23649769e+01 2.31511211e+01 2.17007847e+01
    2.06991386e+01 2.11729107e+01 2.16630878e+01 2.10539074e+01
    2.05981884e+01 2.05523396e+01 1.96046619e+01 1.97550983e+01
    2.20456104e+01 2.12601128e+01 2.14492970e+01 2.04871674e+01
    1.95900955e+01 2.09058323e+01 2.00111465e+01 1.75068913e+01
    1.89152584e+01 1.87866020e+01 1.82557297e+01 1.82716141e+01
    1.89760590e+01 1.73515339e+01 1.79059124e+01 1.81961842e+01
    1.94144592e+01 1.80798092e+01 1.75605450e+01 1.71237221e+01
    1.96857014e+01 1.88018169e+01 1.91512947e+01 1.98694534e+01
    2.04557610e+01 2.01281261e+01 2.11891747e+01 1.98033199e+01
    2.03352032e+01 2.21542149e+01 2.10021439e+01 2.18728504e+01
    2.03025703e+01 1.94158649e+01 1.94092312e+01 2.12755947e+01
    2.15992146e+01 1.77932892e+01 1.82832489e+01 1.93563881e+01
    1.89035721e+01 1.79145908e+01 1.97892799e+01 1.76959915e+01
    1.83376369e+01 2.02084713e+01 2.11580772e+01 2.10141315e+01
    2.14246540e+01 2.10318146e+01 2.06517887e+01 1.93011551e+01
    1.95681572e+01 1.93900433e+01 1.79787884e+01 1.92115059e+01
    1.79298153e+01 1.71365376e+01 1.73981609e+01 1.73534775e+01
    1.68879585e+01 1.80439148e+01 1.57806606e+01 1.77599487e+01
    1.79896584e+01 1.62307796e+01 1.55869856e+01 1.66937714e+01
    1.87620049e+01 1.79299507e+01 1.70977135e+01 1.91185951e+01
    1.99224644e+01 1.83462906e+01 2.04116268e+01 2.03636398e+01
    2.17288113e+01 2.00558071e+01 1.88094883e+01 1.98994064e+01
    1.88289471e+01 1.78793488e+01 1.84199638e+01 2.02259254e+01
    1.93131256e+01 1.72959232e+01 1.76316185e+01 2.06700020e+01
    1.99385204e+01 1.93079224e+01 1.96606865e+01 2.07956047e+01
    2.06925392e+01 1.90217304e+01 2.10398560e+01 1.97261925e+01
    1.87630005e+01 2.03371639e+01 2.09278774e+01 2.10288143e+01
    2.11381741e+01 2.13650589e+01 1.88447666e+01 1.85703392e+01
    1.98792763e+01 1.99643097e+01 2.11866722e+01 2.14417706e+01
    1.95404243e+01 2.10572338e+01 2.02510204e+01 1.98800488e+01
    2.14423752e+01 2.16912384e+01 2.13497429e+01 2.18623810e+01
    1.97534218e+01 2.17225685e+01 2.34711971e+01 2.26480274e+01
    2.26082745e+01 1.98156872e+01 2.15136318e+01 2.26618977e+01
    2.21619129e+01 2.14190941e+01 2.11422749e+01 2.02502861e+01
    2.07337894e+01 1.96988659e+01 2.14486713e+01 1.96670036e+01
    1.96750145e+01 2.19517117e+01 2.01486053e+01 1.98699722e+01
    2.06135921e+01 1.82774525e+01 1.91753960e+01 1.97695312e+01
    1.86841450e+01 2.04340153e+01 1.88060436e+01 1.72702656e+01
    1.85250549e+01 1.93198395e+01 1.86043835e+01 1.99998245e+01
    1.85457268e+01 2.05473709e+01 1.98662853e+01 1.92752781e+01
    2.01163101e+01 2.04399776e+01 2.16991615e+01 1.91241150e+01
    2.03064232e+01 1.97842693e+01 2.07952995e+01 1.90100651e+01
    2.06850948e+01 1.96784077e+01 1.86339893e+01 1.79304466e+01
    1.95867081e+01 1.87584801e+01 1.80349979e+01 1.83151970e+01
    1.83020134e+01 1.73400936e+01 1.97506523e+01 1.90656300e+01
    1.96541195e+01 1.86388912e+01 2.18433781e+01 1.96529007e+01
    2.02524414e+01 2.04023151e+01 2.03847580e+01 1.96805363e+01
    1.97362938e+01 2.17712708e+01 2.12214851e+01 2.01753998e+01
    2.02611008e+01 2.13536015e+01 2.19568596e+01 2.12736397e+01
    1.97418461e+01 2.02603836e+01 2.07714348e+01 1.85666656e+01
    2.09742851e+01 2.02836418e+01 2.11598434e+01 2.12197113e+01
    2.10772266e+01 2.18296986e+01 2.25661774e+01 2.06971951e+01
    2.21552067e+01 2.05374947e+01 2.17108860e+01 2.16650677e+01
    2.02405014e+01 2.14433556e+01 2.13698177e+01 2.07107239e+01
    2.12717381e+01 1.95576992e+01 2.06149101e+01 2.10398312e+01
    1.87321587e+01 2.09818935e+01 2.09281063e+01 2.06994572e+01
    2.17949047e+01 2.18446293e+01 2.07543411e+01 1.99546890e+01
    2.15503368e+01 1.93278294e+01 1.98312130e+01 1.82402496e+01
    1.81297894e+01 1.84548168e+01 1.79448700e+01 1.87679501e+01
    1.80758686e+01 1.78695335e+01 1.96697464e+01 1.94230347e+01
    1.91540546e+01 1.98934669e+01 1.94611359e+01 2.04246445e+01
    2.19500294e+01 2.18615379e+01 2.12443657e+01 2.07030888e+01
    1.98001881e+01 2.20273323e+01 2.31180077e+01 2.18368435e+01
    2.13526897e+01 2.15398636e+01 2.10586834e+01 2.24968185e+01
    2.17695560e+01 2.22374401e+01 2.15268478e+01 2.13074017e+01
    2.00278683e+01 1.93626518e+01 2.03405762e+01 1.92718487e+01
    2.07610645e+01 2.01246223e+01 1.87848015e+01 1.82167912e+01
    2.05068264e+01 1.79947910e+01 1.74136581e+01 1.90407639e+01
    1.75136948e+01 1.84279861e+01 1.97070770e+01 1.73628311e+01
    1.91869793e+01 1.91467762e+01 1.85400238e+01 2.03648624e+01
    1.96651878e+01 1.99231968e+01 1.92061691e+01 1.88891373e+01
    2.08712463e+01 1.98933754e+01 1.91024780e+01 2.04637890e+01
    2.05626621e+01 1.72930183e+01 1.79381523e+01 2.03946056e+01
    2.14986553e+01 1.85324192e+01 1.92216129e+01 1.86500893e+01
    1.86528988e+01 1.78154659e+01 1.92111092e+01 1.75593624e+01
    1.66315689e+01 1.86492844e+01 1.80907516e+01 1.89509869e+01
    1.91558819e+01 2.00344791e+01 1.86097527e+01 1.79943295e+01
    1.79659519e+01 1.70700779e+01 1.69629230e+01 1.77467175e+01
    1.88898640e+01 1.69171104e+01 1.73301144e+01 1.66043968e+01
    1.64943905e+01 1.87768002e+01 1.81293793e+01 1.56284018e+01
    1.79806423e+01 1.57087345e+01 1.60685863e+01 1.80035801e+01
    1.82856121e+01 1.85171299e+01 1.78746891e+01 1.85659142e+01
    2.03418350e+01 1.83469200e+01 1.96548920e+01 2.03934040e+01
    1.95450001e+01 1.93930893e+01 1.79122334e+01 1.77935066e+01
    1.78149147e+01 1.84960766e+01 1.70644627e+01 1.90548592e+01
    1.87983112e+01 1.72003345e+01 1.72200832e+01 1.77091351e+01
    1.93862209e+01 1.88932934e+01 1.98582535e+01 1.89417629e+01
    1.93383255e+01 1.98828812e+01 2.06949730e+01 2.00519829e+01
    1.98836365e+01 2.02022362e+01 2.03465385e+01 2.04670525e+01
    2.01502590e+01 2.06440487e+01 1.95590458e+01 2.03376503e+01
    2.19868851e+01 2.03655663e+01 2.02831898e+01 2.16377144e+01
    1.90924053e+01 1.95354118e+01 1.95048046e+01 1.96683903e+01
    1.86416626e+01 2.00715027e+01 1.88389778e+01 2.05073071e+01
    1.99776688e+01 2.08906307e+01 2.16602116e+01 2.24760780e+01
    2.27568874e+01 2.19903584e+01 2.14906616e+01 2.38567257e+01
    2.39074020e+01 2.16678429e+01 2.15070705e+01 1.99495945e+01
    2.14597969e+01 2.19521866e+01 2.25011959e+01 2.15013275e+01
    1.90459156e+01 1.95860291e+01 1.99896603e+01 1.95283394e+01
    1.82891827e+01 1.89450092e+01 1.91398964e+01 1.74550438e+01
    1.78696537e+01 1.81743202e+01 1.72926750e+01 1.73616543e+01
    1.81592522e+01 1.82974281e+01 1.81107082e+01 1.78367481e+01
    1.93340168e+01 2.06037941e+01 1.98639183e+01 1.96490402e+01
    1.95854034e+01 2.03247166e+01 2.05030708e+01 1.99345417e+01
    2.01590958e+01 1.97879677e+01 1.99714165e+01 1.93649693e+01
    2.05426598e+01 1.91742229e+01 1.91862297e+01 1.77185097e+01
    1.80912724e+01 1.93279819e+01 1.97404575e+01 1.86424351e+01
    1.99043312e+01 1.86359024e+01 1.98823833e+01 1.90454674e+01
    1.97821159e+01 2.04386101e+01 2.05229683e+01 1.90207748e+01
    1.78667107e+01 2.03831215e+01 2.05498753e+01 1.95502148e+01
    1.99478512e+01 2.02768555e+01 2.06370964e+01 1.94869690e+01
    2.08818493e+01 1.98843708e+01 2.04934654e+01 1.99638386e+01
    1.83121719e+01 2.09103756e+01 1.92082577e+01 1.83921642e+01
    1.96251373e+01 2.06378994e+01 2.03635750e+01 1.95023556e+01
    2.14143600e+01 1.99655228e+01 2.29134712e+01 2.29078808e+01
    2.24286690e+01 2.18066826e+01 2.15069389e+01 2.09123383e+01
    2.10417080e+01 1.94651127e+01 2.01809292e+01 1.99877129e+01
    1.83058128e+01 1.99940071e+01 1.96527500e+01 2.00079422e+01
    2.01522045e+01 2.18671303e+01 2.03953915e+01 1.96273270e+01
    2.13958092e+01 2.33828030e+01 2.04166107e+01 2.11882725e+01
    2.04759884e+01 1.95416336e+01 1.89198437e+01 1.71786709e+01
    1.70005856e+01 1.74707890e+01 1.66247787e+01 1.71377087e+01
    1.71244545e+01 1.65502453e+01 1.78122330e+01 1.75647049e+01
    1.88587589e+01 1.85167580e+01 2.03541107e+01 2.15801525e+01
    2.22546921e+01 2.24089355e+01 2.20237370e+01 2.16721725e+01
    2.19752426e+01 2.20566368e+01 2.19478664e+01 2.19321804e+01
    2.03248329e+01 2.06123085e+01 1.99695072e+01 1.98622532e+01
    2.14511814e+01 2.06494408e+01 1.94925308e+01 1.85704441e+01
    2.07483158e+01 2.22778702e+01 2.16323872e+01 2.04288864e+01
    2.07297974e+01 1.97114239e+01 2.06987171e+01 2.01232300e+01
    1.85076237e+01 1.82655449e+01 1.78628883e+01 1.84610081e+01
    2.04179058e+01 1.84889679e+01 1.81292114e+01 1.84637489e+01
    1.86069756e+01 1.89620647e+01 1.92356243e+01 2.10030251e+01
    2.14514694e+01 2.03020420e+01 1.87909126e+01 1.90811291e+01
    1.98188343e+01 2.03027916e+01 1.86781082e+01 1.91922436e+01
    2.10186157e+01 1.81866474e+01 1.80574245e+01 1.96518860e+01
    1.97154617e+01 1.94848099e+01 1.95403709e+01 1.93305664e+01
    1.90936584e+01 1.83322029e+01 1.85503426e+01 1.77702351e+01
    1.85961246e+01 2.00187454e+01 1.98598022e+01 1.97301788e+01
    1.91372299e+01 1.92617931e+01 1.82314472e+01 1.93298512e+01
    1.93093014e+01 1.84364204e+01 1.83464909e+01 1.83938980e+01
    1.80883617e+01 1.91122952e+01 1.72525177e+01 1.71862450e+01
    1.65109196e+01 1.74972038e+01 1.74228382e+01 1.60752335e+01
    1.68719273e+01 1.63256626e+01 1.66356468e+01 1.69273605e+01
    1.74702778e+01 1.86474915e+01 1.81033688e+01 1.82523308e+01
    1.91747208e+01 1.98914261e+01 1.93739300e+01 1.96179333e+01
    1.85437260e+01 1.95884418e+01 2.01328583e+01 1.83468704e+01
    1.86647644e+01 1.95597649e+01 1.86331139e+01 1.92470875e+01
    1.94611740e+01 1.91958923e+01 1.76660709e+01 1.95205059e+01
    1.92649803e+01 1.86799374e+01 2.05646152e+01 2.08781738e+01
    1.92741852e+01 2.08866596e+01 2.06716499e+01 2.02228317e+01
    2.02573280e+01 2.01002712e+01 2.02441502e+01 1.99166412e+01
    2.01863785e+01 1.98295479e+01 1.81473675e+01 2.02731514e+01
    1.87493210e+01 1.90220566e+01 1.84705448e+01 1.97956429e+01
    1.74103374e+01 1.78415947e+01 1.98736668e+01 2.03046360e+01
    1.78129997e+01 1.93551006e+01 1.88344269e+01 1.96184444e+01
    2.11729126e+01 2.17121258e+01 2.33979244e+01 2.26328335e+01
    2.16683121e+01 2.18279629e+01 2.21760674e+01 2.14983025e+01
    2.21675377e+01 2.12207794e+01 1.95194569e+01 1.92340775e+01
    2.13581352e+01 2.17776165e+01 2.13225842e+01 2.09642258e+01
    2.04332104e+01 2.09270077e+01 2.06190987e+01 1.96690941e+01
    1.91591625e+01 1.89239044e+01 1.99324265e+01 2.10218639e+01
    1.73643951e+01 1.92267513e+01 1.87512665e+01 1.66471443e+01
    1.90843086e+01 1.85437126e+01 1.74983463e+01 1.92523613e+01
    1.92624512e+01 2.05855904e+01 2.03980007e+01 1.80973511e+01
    2.11338978e+01 2.02628536e+01 2.09268723e+01 2.05030365e+01
    1.97627335e+01 2.04705715e+01 2.11072083e+01 2.01703701e+01
    2.25687771e+01 2.05761032e+01 1.93845787e+01 1.85869160e+01
    2.02980957e+01 2.08694572e+01 1.99900608e+01 1.87672577e+01
    1.66796379e+01 1.83097134e+01 1.84291286e+01 2.08502960e+01
    1.87257614e+01 1.74075184e+01 1.96202278e+01 1.90579777e+01
    1.90438271e+01 1.96141624e+01 1.98882446e+01 2.03438244e+01
    2.10039062e+01 2.06366253e+01 2.21573524e+01 1.99463444e+01
    1.93628311e+01 1.97507725e+01 2.00363197e+01 1.94002991e+01
    2.01425552e+01 1.96092243e+01 1.99924793e+01 1.75664158e+01
    1.85709438e+01 1.95679741e+01 2.05051785e+01 2.06531296e+01
    2.23439598e+01 2.10729790e+01 2.02757511e+01 2.25896549e+01
    2.24782867e+01 2.11637592e+01 2.06943474e+01 1.99044571e+01
    2.08558521e+01 1.97607288e+01 1.85212421e+01 2.10889683e+01
    1.84208221e+01 1.95952587e+01 2.01110992e+01 1.94721584e+01
    2.11544456e+01 2.27340775e+01 2.11123238e+01 2.14005356e+01
    2.06566334e+01 2.22193947e+01 2.25777416e+01 2.13862362e+01
    2.14049740e+01 1.89520245e+01 1.98703403e+01 1.71881351e+01
    1.65531101e+01 1.74235687e+01 1.70906162e+01 1.73109322e+01
    1.91655846e+01 1.84456673e+01 1.77107449e+01 1.75767174e+01
    1.99145603e+01 1.94198208e+01 2.14613857e+01 2.13990974e+01
    2.22225418e+01 2.14146843e+01 2.20035954e+01 2.08989735e+01
    2.11399040e+01 2.06630211e+01 2.07159557e+01 2.12199574e+01
    1.95210876e+01 1.99450512e+01 2.15555706e+01 2.05029945e+01
    2.06194515e+01 2.07941380e+01 2.17170906e+01 2.18978138e+01
    2.09877720e+01 2.11921673e+01 2.10676250e+01 1.99179211e+01
    2.00388527e+01 2.01695557e+01 2.02635536e+01 2.00760174e+01
    2.04835587e+01 1.94345570e+01 1.99733315e+01 1.92849808e+01
    2.08197708e+01 2.13908443e+01 1.79168758e+01 1.79071846e+01
    1.90268345e+01 1.91489906e+01 2.02569695e+01 2.06816349e+01
    2.16630745e+01 1.89801426e+01 1.79987354e+01 1.81843204e+01
    1.86091042e+01 2.02371426e+01 1.97575073e+01 1.81659985e+01
    1.85875912e+01 1.79421139e+01 1.90209312e+01 1.80587559e+01
    2.04434681e+01 1.92166862e+01 1.96634750e+01 1.97121410e+01
    1.91070175e+01 1.81852264e+01 1.88599796e+01 1.85086708e+01
    1.90560131e+01 1.98512821e+01 1.80563812e+01 1.73598309e+01
    1.88676796e+01 1.91428509e+01 1.88272877e+01 1.80049114e+01
    1.76369934e+01 1.86459656e+01 1.76572857e+01 1.88675995e+01
    1.90426636e+01 1.84096088e+01 1.89447327e+01 1.80651569e+01
    1.79054909e+01 1.90532761e+01 1.74701252e+01 1.63647480e+01
    1.62345295e+01 1.61001167e+01 1.71926670e+01 1.79794865e+01
    1.86055298e+01 1.91627007e+01 1.92491932e+01 1.92305374e+01
    1.93213940e+01 1.85826836e+01 2.09008636e+01 2.04568195e+01
    1.85706711e+01 1.97498436e+01 1.82926273e+01 1.82988586e+01
    1.88929062e+01 1.95781040e+01 1.84968834e+01 1.89650803e+01
    1.90176620e+01 1.79367504e+01 1.76197758e+01 1.83311310e+01
    1.88631229e+01 1.82763252e+01 1.89058094e+01 2.03118343e+01
    1.95770187e+01 1.93808365e+01 1.89236546e+01 2.02315826e+01
    1.98725243e+01 2.09168797e+01 2.10218697e+01 2.00090523e+01
    2.05529881e+01 2.06326218e+01 1.94771538e+01 2.02950859e+01
    1.92565060e+01 1.94910679e+01 1.93312874e+01 2.07637386e+01
    1.90836811e+01 1.71203709e+01 1.87430000e+01 1.83865032e+01
    1.59811935e+01 1.84452782e+01 1.82239113e+01 2.03141937e+01
    2.13217258e+01 2.13581524e+01 2.07202320e+01 2.11182003e+01
    2.07381935e+01 2.20849533e+01 2.32194576e+01 2.20412827e+01
    2.04213505e+01 2.15997124e+01 2.06506310e+01 2.01514835e+01
    2.01397629e+01 2.02593918e+01 2.17772179e+01 2.16347733e+01
    2.01543961e+01 2.00919781e+01 1.92032738e+01 1.87391376e+01
    2.02159863e+01 2.04658375e+01 1.88357048e+01 1.97619228e+01
    1.84369450e+01 1.87543430e+01 1.70551643e+01 1.69581356e+01
    1.74074650e+01 1.84953575e+01 1.76856880e+01 1.90165482e+01
    1.94982700e+01 1.81084118e+01 1.95223255e+01 1.84557190e+01
    2.09860935e+01 2.05045757e+01 2.05794220e+01 1.96053619e+01
    1.96062870e+01 2.04952431e+01 2.27394466e+01 1.97092133e+01
    2.12353134e+01 2.24987297e+01 1.94771423e+01 1.94193707e+01
    2.06072807e+01 1.97399216e+01 1.82014465e+01 2.00162277e+01
    1.96450081e+01 1.74093513e+01 1.88999271e+01 1.97196617e+01
    1.90538006e+01 1.90997486e+01 1.99726086e+01 2.01207256e+01
    1.97954884e+01 2.09895248e+01 2.04037037e+01 1.96459599e+01
    2.08430786e+01 2.13303471e+01 2.05736809e+01 1.84588776e+01
    1.88029652e+01 1.98609848e+01 2.15187416e+01 1.90459976e+01
    2.00371895e+01 1.98293152e+01 1.90723076e+01 1.92295818e+01
    1.82387371e+01 1.94658184e+01 2.04495163e+01 2.02698536e+01
    2.10797138e+01 1.99522457e+01 2.01370811e+01 1.96493950e+01
    2.12984295e+01 2.11782894e+01 1.94968987e+01 1.90814514e+01
    1.91069374e+01 1.84230194e+01 1.91634464e+01 1.83244667e+01
    1.86989746e+01 1.97937126e+01 1.98410225e+01 2.16627655e+01
    2.03212261e+01 2.11230049e+01 2.16022377e+01 2.09276505e+01
    2.12203579e+01 2.19706593e+01 2.15512505e+01 2.25042324e+01
    2.03492851e+01 1.96317310e+01 1.91340446e+01 1.96059399e+01
    1.75289631e+01 1.83946724e+01 1.85700340e+01 1.62527771e+01
    1.98603687e+01 1.85723915e+01 1.87229767e+01 1.88896732e+01
    1.94830132e+01 2.21266975e+01 2.18935528e+01 2.15111580e+01
    2.16386318e+01 2.21689262e+01 2.25013885e+01 2.27869434e+01
    2.17835484e+01 2.25413837e+01 2.26996708e+01 2.17416973e+01
    2.16470165e+01 2.10531635e+01 2.23162918e+01 2.14749222e+01
    2.12422581e+01 2.18519840e+01 2.06536064e+01 2.03306084e+01
    2.15654011e+01 2.04829388e+01 2.00557194e+01 1.96316833e+01
    2.03537006e+01 2.04649734e+01 2.07421913e+01 1.98037109e+01
    2.00523834e+01 1.86286144e+01 1.94272194e+01 1.94110565e+01
    1.93373966e+01 1.79599342e+01 1.94737778e+01 1.80794048e+01
    1.94536057e+01 2.04244461e+01 2.17799072e+01 2.09303474e+01
    2.16640205e+01 2.07062054e+01 2.09068241e+01 1.91923485e+01
    1.96492233e+01 1.90970535e+01 1.84235802e+01 1.78527145e+01
    1.71527557e+01 1.83668919e+01 1.86252728e+01 1.85181923e+01
    1.82982655e+01 1.75084476e+01 1.90381489e+01 1.97721062e+01
    1.88435898e+01 1.78811131e+01 1.90241585e+01 1.94242325e+01
    1.83308163e+01 1.98651867e+01 1.95334167e+01 1.95770206e+01
    1.86312122e+01 1.70781994e+01 1.84937477e+01 1.74634571e+01
    1.76938210e+01 1.86540031e+01 1.95743866e+01 1.85065861e+01
    1.89394703e+01 1.69399204e+01 1.78595486e+01 1.72971230e+01
    1.76818581e+01 1.75862083e+01 1.80655308e+01 1.66114101e+01
    1.65325336e+01 1.56694775e+01 1.68426685e+01 1.84235420e+01
    1.92334347e+01 1.75692158e+01 1.83128166e+01 1.85020695e+01
    1.97832298e+01 2.02331676e+01 1.98034229e+01 2.02195587e+01
    1.88439445e+01 2.06336231e+01 1.90538998e+01 1.94876537e+01
    1.91667500e+01 2.12824898e+01 2.01752548e+01 1.97490139e+01
    1.87073364e+01 1.84689083e+01 1.86256828e+01 1.96864300e+01
    1.96884899e+01 1.76244564e+01 1.97212143e+01 1.86255341e+01
    1.83115463e+01 1.81589966e+01 1.98385105e+01 1.98892021e+01
    1.96941452e+01 1.94736252e+01 2.17176037e+01 2.29018803e+01
    2.24293594e+01 1.99681950e+01 2.02001324e+01 1.93985729e+01
    1.86124954e+01 2.01955872e+01 1.92168312e+01 1.84212055e+01
    1.70486870e+01 1.65014153e+01 1.67805405e+01 1.88068752e+01
    1.66445484e+01 1.78458138e+01 1.86733608e+01 1.91511860e+01
    1.89996166e+01 2.00067310e+01 2.03332081e+01 2.11873608e+01
    1.95278072e+01 2.05884399e+01 2.20621014e+01 2.15475655e+01
    2.03532352e+01 1.96919613e+01 2.02028141e+01 2.14431095e+01
    2.00064659e+01 2.18998585e+01 2.19055882e+01 2.08641415e+01
    1.81317921e+01 1.98834381e+01 1.94377193e+01 1.81101418e+01
    1.99195442e+01 2.04522800e+01 2.00105743e+01 1.87069855e+01
    2.05686150e+01 1.90498390e+01 1.93503170e+01 1.96260204e+01
    1.88502579e+01 2.06290016e+01 1.82095394e+01 1.92165260e+01
    2.00716038e+01 2.02278748e+01 1.99976387e+01 2.04024353e+01
    2.11111565e+01 2.19783382e+01 2.15850296e+01 1.99218884e+01
    1.99286175e+01 2.10755157e+01 2.19321136e+01 2.23725300e+01
    2.31309242e+01 2.22905388e+01 2.03131542e+01 2.15116158e+01
    2.23603230e+01 2.17884369e+01 1.90724277e+01 1.89400806e+01
    1.82475204e+01 1.82259464e+01 1.70748692e+01 1.89334011e+01
    1.87613487e+01 1.82368011e+01 2.00725193e+01 1.90744324e+01
    1.89539070e+01 1.87955685e+01 2.22482758e+01 1.98821106e+01
    2.03551826e+01 1.97177315e+01 2.28282413e+01 2.09236355e+01
    2.03508205e+01 2.04530315e+01 2.11322498e+01 2.18997345e+01
    2.18999100e+01 2.10564213e+01 2.05544376e+01 1.90881329e+01
    2.04040146e+01 2.11188545e+01 2.02122135e+01 2.03920708e+01
    2.15364723e+01 1.96051006e+01 1.97988529e+01 2.02337513e+01
    1.99274998e+01 1.84192619e+01 1.93590851e+01 1.84242401e+01
    1.68205147e+01 1.76261902e+01 1.76850758e+01 1.83148079e+01
    1.80241318e+01 1.92642403e+01 1.84176273e+01 1.83414631e+01
    1.94893227e+01 2.06444206e+01 1.94827862e+01 2.26708488e+01
    2.02789574e+01 1.96892414e+01 2.08096294e+01 2.05217590e+01
    2.19142399e+01 1.99926853e+01 2.00768871e+01 1.89286308e+01
    1.84576416e+01 1.88374710e+01 1.91393414e+01 1.66207047e+01
    1.78168259e+01 1.94022694e+01 1.93296528e+01 2.18172264e+01
    2.07065086e+01 2.08861427e+01 2.18015556e+01 2.19623432e+01
    2.18089066e+01 2.29097328e+01 2.39845009e+01 2.27307014e+01
    2.17807426e+01 2.39862919e+01 2.30427456e+01 2.25597649e+01
    2.28659649e+01 2.26538887e+01 2.16333389e+01 2.19276714e+01
    2.21617718e+01 2.16356525e+01 2.18793011e+01 1.95291843e+01
    1.93324871e+01 2.02069416e+01 1.94555798e+01 1.91701164e+01
    2.01224651e+01 1.89067860e+01 1.83936157e+01 1.88111954e+01
    1.98419571e+01 1.92389030e+01 1.89821625e+01 1.83525448e+01
    2.02535133e+01 1.91972370e+01 1.95118713e+01 1.90609341e+01
    1.95401268e+01 2.01140728e+01 2.15679798e+01 2.04975471e+01
    2.09388866e+01 1.93752804e+01 1.82928047e+01 1.80570717e+01
    1.85259762e+01 1.84535675e+01 1.80169621e+01 1.74122810e+01
    1.70594292e+01 1.65351715e+01 1.77537403e+01 1.81354275e+01
    1.89695683e+01 1.83654175e+01 1.76329880e+01 1.93111439e+01
    2.13147659e+01 1.90189171e+01 1.83500729e+01 1.86942730e+01
    1.76439266e+01 1.75785313e+01 1.83058281e+01 1.63250961e+01
    1.76738205e+01 1.67487278e+01 1.69524803e+01 1.54797611e+01
    1.80223656e+01 1.79992523e+01 1.72735558e+01 1.73748703e+01
    1.80449696e+01 1.72307034e+01 1.66993217e+01 1.79385395e+01
    1.77353420e+01 1.75049648e+01 1.70816345e+01 1.76619930e+01
    1.60567894e+01 1.75156822e+01 1.79201050e+01 1.79029236e+01
    1.93855896e+01 1.92644577e+01 1.87037392e+01 1.86243439e+01
    1.93587627e+01 2.06600494e+01 2.09780426e+01 2.08952236e+01
    2.05177155e+01 2.00279598e+01 2.01748905e+01 2.03535423e+01
    2.06526070e+01 2.17458954e+01 1.94300117e+01 2.00057945e+01
    1.93292980e+01 1.79903049e+01 1.84159508e+01 1.98999004e+01
    1.91400414e+01 1.79047527e+01 1.71233845e+01 1.76210823e+01
    1.81514874e+01 1.94856129e+01 2.00491161e+01 2.03252144e+01
    2.12672768e+01 2.08538475e+01 2.11689053e+01 2.20276852e+01
    2.12949944e+01 2.08335133e+01 1.86260490e+01 1.88141518e+01
    1.78447819e+01 1.89185066e+01 1.99832745e+01 1.72187176e+01
    1.63226643e+01 1.67414856e+01 1.62856045e+01 1.72520657e+01
    1.71737537e+01 1.75214977e+01 1.77315731e+01 1.91247501e+01
    1.91688957e+01 2.01742706e+01 2.05384960e+01 1.99974632e+01
    2.06817627e+01 2.14786510e+01 2.21940632e+01 2.16601219e+01
    2.05626163e+01 2.05136967e+01 2.04174175e+01 1.85814762e+01
    1.94211311e+01 2.01041927e+01 1.97215424e+01 1.91632118e+01
    1.83473225e+01 1.92756977e+01 1.95400219e+01 1.87323895e+01
    1.84447098e+01 2.09358215e+01 2.15083942e+01 2.03867226e+01
    1.90771904e+01 2.15544224e+01 1.95999718e+01 1.91916008e+01
    1.76774597e+01 1.88214855e+01 1.81275482e+01 1.85245838e+01
    2.00730228e+01 2.00796528e+01 1.97066212e+01 1.98845615e+01
    1.99966106e+01 1.95944462e+01 2.14367886e+01 2.07017479e+01
    2.05450306e+01 2.17206135e+01 2.12648411e+01 2.14902611e+01
    2.23944111e+01 2.28315029e+01 2.00770512e+01 2.17528934e+01
    1.99602871e+01 1.98417912e+01 1.91320667e+01 1.93213062e+01
    1.72139778e+01 1.83920631e+01 1.96015282e+01 1.98941021e+01
    2.07987137e+01 1.90991058e+01 2.13272991e+01 2.00283546e+01
    1.92131386e+01 2.09539547e+01 2.20035686e+01 2.18212566e+01
    2.05530491e+01 2.03110542e+01 2.18824863e+01 2.00973301e+01
    2.04547024e+01 1.96314945e+01 1.95401917e+01 1.92871494e+01
    2.09515896e+01 2.06668301e+01 1.87681236e+01 2.03953304e+01
    2.12958412e+01 2.14620628e+01 2.16244888e+01 1.91986465e+01
    2.01080723e+01 2.02382412e+01 1.99152031e+01 2.07029934e+01
    1.99129429e+01 1.77068520e+01 1.89777145e+01 1.75568752e+01
    1.65950260e+01 1.80380344e+01 1.71380749e+01 1.70500565e+01
    1.77621803e+01 1.76058788e+01 1.76779556e+01 1.79205036e+01
    1.98327827e+01 2.11417656e+01 1.96386414e+01 2.09391384e+01
    2.05527115e+01 2.11666374e+01 2.03178577e+01 2.01115513e+01
    2.13201370e+01 1.93116093e+01 1.88604565e+01 1.85646133e+01
    1.78381100e+01 1.87957020e+01 1.92348499e+01 1.76037197e+01
    1.79541817e+01 1.95588741e+01 2.01464825e+01 2.10467224e+01
    2.10118961e+01 2.14377174e+01 2.28032894e+01 2.33779945e+01
    2.25416489e+01 2.32333393e+01 2.44630852e+01 2.31024952e+01
    2.15918598e+01 2.43728924e+01 2.38103466e+01 2.24146175e+01
    2.33321915e+01 2.31375141e+01 2.19253139e+01 2.27788105e+01
    2.28467121e+01 2.16577053e+01 2.03381081e+01 1.94016724e+01
    1.84467697e+01 1.96561546e+01 1.97024612e+01 1.75621662e+01
    1.84321003e+01 1.88347893e+01 1.84630547e+01 1.84785748e+01
    1.96471806e+01 1.83385258e+01 2.11309872e+01 2.10589714e+01
    1.95779762e+01 2.00389404e+01 1.99754524e+01 1.82729397e+01
    2.08529243e+01 2.05815697e+01 2.04277096e+01 1.91939030e+01
    2.07090797e+01 1.96806641e+01 1.84857597e+01 2.07844315e+01
    2.07297707e+01 1.84231186e+01 1.87289944e+01 1.78091869e+01
    1.80574532e+01 1.69273701e+01 1.72429390e+01 1.80335102e+01
    1.78591709e+01 1.78418064e+01 1.89024429e+01 1.94983521e+01
    1.97687244e+01 1.83139858e+01 1.82286816e+01 1.88286343e+01
    1.78876457e+01 1.72596111e+01 1.84288349e+01 1.78223457e+01
    1.80119934e+01 1.72081814e+01 1.68377228e+01 1.62265835e+01
    1.64669247e+01 1.62836094e+01 1.75117607e+01 1.79629669e+01
    1.79318542e+01 1.70897331e+01 1.66834221e+01 1.73915367e+01
    1.71958141e+01 1.86111584e+01 1.74368801e+01 1.70874653e+01
    1.82231121e+01 1.69680042e+01 1.80144653e+01 1.85585423e+01
    2.01601028e+01 1.98780804e+01 2.11056061e+01 1.88438721e+01
    2.05688457e+01 2.04539337e+01 2.04960327e+01 2.05293636e+01
    1.97903442e+01 2.02743149e+01 2.01842442e+01 2.03825302e+01
    1.99938049e+01 2.11910591e+01 2.11453438e+01 2.09126606e+01
    1.92828693e+01 1.78154984e+01 2.01765003e+01 1.93174114e+01
    1.91243744e+01 1.91321468e+01 1.89703598e+01 1.92192173e+01
    1.87029781e+01 2.02755547e+01 1.96252613e+01 1.99886265e+01
    1.85156384e+01 1.99250393e+01 2.07760201e+01 2.14590397e+01
    2.01759167e+01 1.97354221e+01 1.91987572e+01 1.85412331e+01
    1.87251492e+01 1.89834747e+01 1.87048550e+01 1.63937817e+01
    1.44229174e+01 1.70548763e+01 1.73188686e+01 1.79557400e+01
    1.76237850e+01 1.68963795e+01 1.72474709e+01 1.97956963e+01
    1.85607376e+01 1.88933620e+01 1.98797474e+01 1.92515354e+01
    1.87098026e+01 1.96575966e+01 2.14643345e+01 2.01207962e+01
    1.87797909e+01 2.06943436e+01 1.90621929e+01 1.86732769e+01
    1.95826550e+01 1.97558289e+01 1.98767262e+01 2.04343510e+01
    1.96286983e+01 2.07890396e+01 2.05006161e+01 1.98421059e+01
    2.04316978e+01 2.06592598e+01 2.16925564e+01 2.10002117e+01
    2.00559731e+01 2.00261250e+01 1.95580845e+01 1.91772003e+01
    1.88410416e+01 2.00253334e+01 1.98014946e+01 2.03792095e+01
    2.29070225e+01 2.11132469e+01 2.11170692e+01 2.00673504e+01
    2.20489922e+01 2.17873287e+01 2.25622940e+01 2.10036488e+01
    2.03251572e+01 2.12057762e+01 2.20562649e+01 2.20555096e+01
    2.11485863e+01 2.18328991e+01 2.05990658e+01 2.14797688e+01
    2.29057560e+01 2.06424751e+01 1.96584015e+01 2.01583004e+01
    1.87328148e+01 1.83560658e+01 2.08292885e+01 2.01432571e+01
    2.00546398e+01 2.06834831e+01 2.04439087e+01 2.20581455e+01
    2.03012085e+01 2.00836277e+01 2.23837471e+01 2.16622887e+01
    2.06640835e+01 2.03095779e+01 2.07104664e+01 2.10359821e+01
    2.00602722e+01 2.11874428e+01 2.03463440e+01 1.94061775e+01
    2.02087746e+01 2.13267670e+01 2.04379025e+01 2.03154507e+01
    2.13137188e+01 2.07600918e+01 2.22307911e+01 2.14913063e+01
    2.07975445e+01 2.02095394e+01 2.18258801e+01 2.22153358e+01
    1.93958073e+01 2.03352394e+01 1.96254787e+01 1.87854252e+01
    1.86881828e+01 1.92380505e+01 1.73179741e+01 1.72113934e+01
    1.70734730e+01 1.95137329e+01 1.61489544e+01 1.87655754e+01
    1.97822552e+01 1.97818260e+01 1.98046856e+01 2.04965191e+01
    1.99262009e+01 1.98155441e+01 2.02426319e+01 1.96082363e+01
    2.00473537e+01 1.90192604e+01 1.93253670e+01 2.03542233e+01
    1.97363434e+01 1.83376236e+01 2.05448704e+01 1.90264645e+01
    1.81964722e+01 1.96691380e+01 1.99034481e+01 2.07050076e+01
    2.09591122e+01 2.14775333e+01 2.15426769e+01 2.21082439e+01
    2.28777027e+01 2.23044109e+01 2.34352303e+01 2.27749577e+01
    2.32474136e+01 2.36837273e+01 2.39569874e+01 2.28067245e+01
    2.27494488e+01 2.27068195e+01 2.26834583e+01 2.19277115e+01
    2.15956631e+01 2.22778149e+01 2.22293015e+01 1.96547375e+01
    2.01614456e+01 1.84594040e+01 2.02817249e+01 1.98140697e+01
    1.97960835e+01 2.00728683e+01 1.88465824e+01 1.89558468e+01
    2.01494236e+01 2.12586117e+01 2.12935295e+01 2.17359276e+01
    2.13874512e+01 1.96896095e+01 2.03508797e+01 1.98645325e+01
    1.92154579e+01 1.91316490e+01 1.96541290e+01 2.05153275e+01
    2.09871578e+01 1.99375000e+01 1.82568016e+01 1.94512863e+01
    1.99816685e+01 1.85666637e+01 1.63110828e+01 1.71682072e+01
    1.62509098e+01 1.69600945e+01 1.72115364e+01 1.78649960e+01
    1.83837910e+01 1.77724495e+01 1.79553986e+01 1.97114239e+01
    2.05379143e+01 1.94737034e+01 1.75938854e+01 1.87680607e+01
    1.97089405e+01 1.90755444e+01 1.74664707e+01 1.61748314e+01
    1.77070580e+01 1.59611015e+01 1.53551521e+01 1.66714420e+01
    1.58274899e+01 1.54784346e+01 1.76311550e+01 1.82441769e+01
    1.79334106e+01 1.75084248e+01 1.76378880e+01 1.79623260e+01
    1.96027565e+01 1.86928921e+01 2.05545559e+01 1.74664936e+01
    1.73588810e+01 1.80544567e+01 2.00351276e+01 1.83326893e+01
    2.00608521e+01 1.95190487e+01 2.01260395e+01 1.86092281e+01
    1.88263264e+01 1.89823341e+01 1.88153191e+01 1.88061333e+01
    1.91299419e+01 1.79427986e+01 1.86386204e+01 1.90995941e+01
    1.80586452e+01 1.88787041e+01 1.92354889e+01 2.03705063e+01
    1.88491135e+01 1.89940929e+01 1.81403141e+01 1.84887180e+01
    1.81752110e+01 1.79336166e+01 1.95952473e+01 1.91539211e+01
    1.86434021e+01 2.03243141e+01 1.95892830e+01 2.05821133e+01
    2.12268867e+01 2.03451576e+01 2.02388687e+01 2.13979950e+01
    2.04038143e+01 1.99143257e+01 1.87410831e+01 2.03300495e+01
    1.76642551e+01 1.78023186e+01 1.81278114e+01 1.67513733e+01
    1.69755821e+01 1.75511971e+01 1.72981396e+01 1.68235626e+01
    1.64223709e+01 1.50103569e+01 1.76450939e+01 1.80103531e+01
    1.83859081e+01 1.90394230e+01 1.92723866e+01 1.86958675e+01
    1.83951740e+01 2.04357624e+01 2.15795479e+01 2.00046349e+01
    2.01687412e+01 2.14844055e+01 2.06178246e+01 1.96292858e+01
    1.98344669e+01 1.99849796e+01 1.93467331e+01 2.06535244e+01
    1.91576309e+01 1.84221687e+01 2.04738884e+01 1.89062519e+01
    2.02700653e+01 2.20294018e+01 2.18400497e+01 2.20787868e+01
    2.14641857e+01 2.16195965e+01 2.03000736e+01 1.95288067e+01
    1.94391689e+01 2.01883183e+01 1.92726765e+01 1.98155937e+01
    1.96002502e+01 1.86795330e+01 2.03619366e+01 2.05548439e+01
    2.15369320e+01 2.06691971e+01 2.08474712e+01 2.11279602e+01
    2.08240414e+01 2.06633358e+01 2.06980572e+01 1.98659210e+01
    2.12060680e+01 2.13998413e+01 2.12357540e+01 1.98889675e+01
    2.00159416e+01 2.00579281e+01 1.89828758e+01 2.05790634e+01
    1.97385406e+01 1.83235569e+01 1.92195759e+01 2.02881908e+01
    2.04818230e+01 2.01339722e+01 1.96626358e+01 2.09439621e+01
    2.10614910e+01 2.11517677e+01 2.12635555e+01 2.17055302e+01
    1.96617908e+01 2.02740402e+01 1.90853577e+01 1.88028755e+01
    1.98864498e+01 2.08768826e+01 1.98589268e+01 1.88373775e+01
    2.00491371e+01 2.02213783e+01 2.02648869e+01 2.14048138e+01
    2.19872684e+01 2.19724216e+01 2.26096554e+01 2.21309757e+01
    2.10511208e+01 2.11898575e+01 2.20574245e+01 2.15708370e+01
    2.08764591e+01 2.12327480e+01 2.00475025e+01 1.97793922e+01
    2.02023354e+01 1.92336349e+01 1.68572788e+01 1.68020401e+01
    1.77652836e+01 1.76630344e+01 1.88216763e+01 1.81364918e+01
    1.81576900e+01 1.81376743e+01 1.86434155e+01 1.96063766e+01
    1.97896118e+01 1.84502220e+01 2.04672146e+01 1.95802097e+01
    1.90190697e+01 1.95421543e+01 1.97626095e+01 2.10175991e+01
    2.00359592e+01 1.91506996e+01 1.98005981e+01 1.89322109e+01
    1.96679440e+01 1.92974529e+01 2.05545273e+01 1.98382244e+01
    2.27150497e+01 2.29477367e+01 2.29510746e+01 2.11013031e+01
    2.21143341e+01 2.32469196e+01 2.23504829e+01 2.24798851e+01
    2.28483391e+01 2.38696175e+01 2.21030865e+01 2.15271263e+01
    2.28368092e+01 2.28647423e+01 2.14740829e+01 2.18791332e+01
    2.22239056e+01 2.07562141e+01 2.10459805e+01 2.07755299e+01
    1.89012547e+01 2.05506802e+01 1.91572113e+01 1.94506092e+01
    1.91043968e+01 2.02031574e+01 1.86780682e+01 2.08704910e+01
    2.02286072e+01 2.01606369e+01 2.22794743e+01 2.23078804e+01
    2.10024281e+01 2.03507614e+01 1.97268734e+01 1.99788666e+01
    1.94072723e+01 2.04040775e+01 2.00512619e+01 1.96516914e+01
    2.17097397e+01 2.12938137e+01 1.97417011e+01 2.04674892e+01
    1.88758831e+01 1.90616035e+01 1.91559010e+01 1.94162960e+01
    1.86275558e+01 1.80537663e+01 1.84327965e+01 1.76030045e+01
    1.79293804e+01 1.88514462e+01 1.88295422e+01 1.93749371e+01
    1.91590862e+01 1.92960835e+01 1.90715809e+01 1.98006115e+01
    1.83642254e+01 1.79588032e+01 1.89472160e+01 1.79736328e+01
    1.77507343e+01 1.58017311e+01 1.53763561e+01 1.65244999e+01
    1.73571110e+01 1.50168066e+01 1.78134975e+01 1.84450722e+01
    1.85872173e+01 1.65555019e+01 1.92449207e+01 1.76956177e+01
    1.90334473e+01 1.94052067e+01 1.86610813e+01 1.82675571e+01
    1.88705540e+01 1.89421444e+01 2.08503857e+01 1.89736938e+01
    2.07762642e+01 2.04491291e+01 1.95776997e+01 2.12458858e+01
    1.96142731e+01 1.94726353e+01 2.00554771e+01 1.94631767e+01
    2.00309944e+01 1.98031406e+01 1.80491638e+01 1.89071598e+01
    1.97793102e+01 1.97290668e+01 2.07951317e+01 2.19092560e+01
    1.92662735e+01 1.91576996e+01 1.95980797e+01 1.87389660e+01
    1.88308449e+01 2.00754471e+01 2.04524517e+01 1.88877926e+01
    1.86016216e+01 2.10703526e+01 2.09499912e+01 1.91710281e+01
    1.95951633e+01 2.15349560e+01 2.13902416e+01 2.07075005e+01
    1.96756344e+01 1.84598331e+01 1.79348068e+01 1.94578438e+01
    1.68178921e+01 1.62790375e+01 1.78027878e+01 1.62380524e+01
    1.45133343e+01 1.68353004e+01 1.68795815e+01 1.67732563e+01
    1.62972813e+01 1.64379787e+01 1.73859100e+01 1.88229122e+01
    1.74468231e+01 1.70260086e+01 1.97161312e+01 1.82576180e+01
    1.63430004e+01 1.81728668e+01 2.17683105e+01 1.94012642e+01
    1.77897758e+01 2.00373001e+01 2.03254871e+01 1.78062649e+01
    1.87886772e+01 1.97635193e+01 1.93513241e+01 1.87392464e+01
    2.00214539e+01 2.06010818e+01 1.89959221e+01 2.01052628e+01
    2.02771797e+01 2.17372723e+01 2.20003452e+01 2.10227261e+01
    2.10462360e+01 2.03430481e+01 1.91975212e+01 1.90590286e+01
    1.89237118e+01 1.76919994e+01 1.81746922e+01 1.92500401e+01
    2.06394119e+01 1.98146915e+01 2.02956486e+01 1.99890747e+01
    2.16480503e+01 2.16969910e+01 2.11991825e+01 1.98191242e+01
    2.01006203e+01 2.01201305e+01 2.13216629e+01 1.95335407e+01
    1.93611660e+01 2.06308746e+01 2.03160419e+01 2.13060093e+01
    2.08131695e+01 2.13909035e+01 1.91987228e+01 2.02458515e+01
    1.89796867e+01 2.07547722e+01 1.96980839e+01 2.01653595e+01
    1.91531544e+01 2.07626076e+01 1.82865238e+01 1.92557220e+01
    1.98508930e+01 2.10781193e+01 2.04998875e+01 2.11623039e+01
    2.04121170e+01 1.98348122e+01 2.20228138e+01 2.05058346e+01
    1.88921127e+01 2.06199360e+01 2.09290981e+01 2.09193401e+01
    2.05363102e+01 2.18110924e+01 2.16145401e+01 2.15199318e+01
    2.21492538e+01 2.16495953e+01 2.22700691e+01 2.17754421e+01
    2.17591152e+01 2.23730659e+01 2.17511864e+01 2.03737602e+01
    2.06790371e+01 2.00258999e+01 1.96412868e+01 2.00947342e+01
    1.83118153e+01 1.92758808e+01 1.72041531e+01 1.83564892e+01
    1.75020523e+01 1.89621143e+01 1.70222683e+01 1.80288467e+01
    1.66108246e+01 1.79406948e+01 1.62093277e+01 2.07212524e+01
    2.14444408e+01 1.79456310e+01 1.90810089e+01 1.91362877e+01
    1.93846321e+01 1.95506725e+01 2.04498196e+01 2.05424023e+01
    1.94280243e+01 1.82071609e+01 2.15210934e+01 1.96413765e+01
    1.96287365e+01 2.08832645e+01 2.06486149e+01 1.81560020e+01
    2.08280487e+01 2.17574558e+01 2.09418163e+01 2.03891830e+01
    1.93016033e+01 2.17499905e+01 2.16495609e+01 2.03457737e+01
    2.22582817e+01 2.18413544e+01 2.24241238e+01 2.11125259e+01
    2.20049992e+01 2.40153980e+01 2.28263493e+01 2.07154598e+01
    2.21757736e+01 2.11957684e+01 1.99650898e+01 2.09390717e+01
    2.01124935e+01 2.03549767e+01 2.00796051e+01 1.92326641e+01
    1.96011353e+01 1.98594933e+01 2.03352203e+01 2.01509876e+01
    2.15929928e+01 1.95039597e+01 2.08717937e+01 2.26556721e+01
    2.06345787e+01 2.06998863e+01 2.14750309e+01 2.02703896e+01
    2.04864082e+01 2.13746643e+01 2.15223618e+01 2.12695408e+01
    2.07537880e+01 2.02625771e+01 1.92769299e+01 2.01772575e+01
    1.94789009e+01 1.98382664e+01 1.95804596e+01 1.94036121e+01
    1.83042812e+01 1.73080978e+01 1.63764534e+01 1.76218052e+01
    1.76216888e+01 1.91826267e+01 1.73858109e+01 1.89003029e+01
    1.93110409e+01 1.85655346e+01 1.71866493e+01 1.81352119e+01
    2.07470627e+01 1.96390991e+01 1.84251099e+01 1.91466427e+01
    1.89475803e+01 1.82225742e+01 1.80344887e+01 1.65467434e+01
    1.98144455e+01 1.79359360e+01 1.64121189e+01 1.75153599e+01
    1.85648365e+01 1.80024109e+01 1.90595131e+01 1.84008331e+01
    1.89386387e+01 2.09262047e+01 2.08805370e+01 1.92685299e+01
    2.03853626e+01 1.98965969e+01 2.15930004e+01 2.15183659e+01
    2.06025295e+01 1.96460552e+01 2.03036785e+01 2.03308125e+01
    2.03115005e+01 2.01022797e+01 1.89278355e+01 1.87490406e+01
    1.94277439e+01 1.98664913e+01 1.86203213e+01 1.86474609e+01
    1.80403442e+01 1.93647060e+01 2.05867653e+01 1.90843906e+01
    1.78020649e+01 1.73933296e+01 1.88860130e+01 2.01291294e+01
    1.83979301e+01 1.94112453e+01 1.86871166e+01 1.90376129e+01
    1.96421165e+01 1.91478977e+01 1.93757858e+01 2.15778027e+01
    2.10126629e+01 2.02237797e+01 1.92512569e+01 2.04872036e+01
    2.06243095e+01 1.90622482e+01 1.80111847e+01 1.87867470e+01
    1.69826012e+01 1.73806057e+01 1.72206688e+01 1.87571659e+01
    1.61835670e+01 1.58654861e+01 1.85387135e+01 1.63679180e+01
    1.62489643e+01 1.73296947e+01 1.79629459e+01 1.63812847e+01
    1.64041443e+01 1.70840302e+01 1.81019363e+01 1.90182610e+01
    1.75611477e+01 1.91020813e+01 1.99177952e+01 2.10359402e+01
    1.93565598e+01 2.08479824e+01 2.01746006e+01 1.94597588e+01
    1.91066628e+01 1.97186012e+01 1.91350956e+01 2.00895271e+01
    1.86853294e+01 1.86204586e+01 1.84065647e+01 1.72749844e+01
    2.02246513e+01 2.15163479e+01 2.15812607e+01 1.90134945e+01
    1.97647724e+01 2.19437656e+01 1.92634678e+01 1.97482872e+01
    1.99056301e+01 1.98870373e+01 1.87657719e+01 1.84738312e+01
    2.04226456e+01 1.87218189e+01 2.00189514e+01 1.93737354e+01
    2.06895008e+01 2.01276531e+01 2.24080257e+01 1.94601860e+01
    1.96565208e+01 2.12003441e+01 2.03271923e+01 1.98211918e+01
    2.07260265e+01 2.03306351e+01 2.13297997e+01 2.18835526e+01
    2.14498901e+01 2.23652058e+01 1.99449978e+01 2.07580013e+01
    2.00192528e+01 2.05166626e+01 2.09377174e+01 2.22793255e+01
    2.05591106e+01 2.03464298e+01 1.86941872e+01 1.99072876e+01
    2.14727554e+01 2.11578426e+01 2.15510559e+01 2.12548866e+01
    2.03424854e+01 2.01835518e+01 2.11590710e+01 1.97993565e+01
    1.89380569e+01 1.98923683e+01 2.22730045e+01 2.07641258e+01
    2.04956837e+01 2.20737095e+01 2.22625370e+01 2.18417339e+01
    2.36161003e+01 2.25141258e+01 2.29419746e+01 2.40196228e+01
    2.28347301e+01 2.23087444e+01 2.12764034e+01 2.08300152e+01
    2.05502205e+01 1.98967896e+01 1.84681072e+01 1.91419163e+01
    1.87381763e+01 1.83328896e+01 1.75974560e+01 1.78103523e+01
    1.79474545e+01 1.80522518e+01 1.74264641e+01 1.83033409e+01
    1.97200909e+01 1.95066967e+01 1.82413731e+01 1.92467194e+01
    2.16238346e+01 1.84206448e+01 1.86238613e+01 1.91864014e+01
    1.86128597e+01 1.84425926e+01 2.15674000e+01 2.06283302e+01
    2.14442806e+01 1.97368412e+01 2.12993946e+01 1.95721607e+01
    1.99611492e+01 2.07128792e+01 2.07226810e+01 1.88100681e+01
    2.17415752e+01 2.19142475e+01 2.20462494e+01 1.98216686e+01
    2.06625023e+01 2.04437733e+01 2.17040443e+01 1.96294727e+01
    2.06962299e+01 2.19585991e+01 2.13832359e+01 2.12915764e+01
    2.18520603e+01 2.29240913e+01 2.26201496e+01 2.13601360e+01
    2.01822624e+01 2.14409695e+01 2.10475044e+01 2.05991707e+01
    2.09456139e+01 1.95186157e+01 1.98386288e+01 1.89674740e+01
    1.72257729e+01 1.93583145e+01 1.84409752e+01 1.92140465e+01
    1.99864769e+01 2.09794445e+01 2.11127872e+01 2.16012726e+01
    2.14850922e+01 1.95164280e+01 2.06676178e+01 2.28364983e+01
    2.18273392e+01 2.09998283e+01 2.01968193e+01 2.09696159e+01
    2.13086910e+01 2.27036648e+01 2.18735504e+01 2.12452641e+01
    2.01619129e+01 2.00118771e+01 1.88402996e+01 1.85564232e+01
    1.87823715e+01 1.65319958e+01 1.82446270e+01 1.72652779e+01
    1.75767822e+01 2.12178345e+01 1.85827007e+01 1.79358578e+01
    1.87713661e+01 1.74444313e+01 1.86548004e+01 1.92825832e+01
    2.03719387e+01 1.91630383e+01 2.00547867e+01 1.92774696e+01
    2.00440025e+01 1.98001785e+01 2.01977406e+01 1.91938629e+01
    1.81850662e+01 1.95396671e+01 1.92008286e+01 1.82619247e+01
    1.81612072e+01 1.79031334e+01 1.96675472e+01 1.90794945e+01
    1.99688530e+01 1.93354435e+01 1.98300343e+01 2.00979805e+01
    1.93436165e+01 1.86674271e+01 2.16628017e+01 2.08137398e+01
    2.06062546e+01 2.11375256e+01 2.07120991e+01 2.14569683e+01
    2.00667210e+01 1.99721985e+01 2.03532772e+01 2.02459240e+01
    1.95591793e+01 1.83116455e+01 1.84461422e+01 1.94066696e+01
    1.83053474e+01 1.78566532e+01 1.87129288e+01 1.84017887e+01
    1.75264645e+01 1.71395798e+01 1.87171097e+01 1.97099152e+01
    1.89304657e+01 1.90962639e+01 1.99136086e+01 1.68409462e+01
    1.92266655e+01 2.10638275e+01 2.08270969e+01 2.13066959e+01
    2.01449337e+01 2.07382622e+01 2.05877743e+01 2.13932190e+01
    1.95137768e+01 1.89534702e+01 1.93138809e+01 1.82503586e+01
    1.69498959e+01 1.62999687e+01 1.73828793e+01 1.84434853e+01
    1.47688999e+01 1.51226625e+01 1.82385063e+01 1.68075771e+01
    1.52808695e+01 1.59729280e+01 1.70759697e+01 1.75674171e+01
    1.65986176e+01 1.78849487e+01 1.84516449e+01 1.84207249e+01
    1.68686066e+01 2.02340832e+01 2.11545696e+01 2.01328526e+01
    1.81535091e+01 1.95138283e+01 1.89187450e+01 1.74225216e+01
    1.75806999e+01 1.99741859e+01 1.84250736e+01 1.86177292e+01
    1.93947659e+01 1.77831230e+01 1.95365734e+01 1.91045742e+01
    1.98500061e+01 2.18136787e+01 2.21431980e+01 2.17196789e+01
    1.97325668e+01 2.24008713e+01 2.27321129e+01 2.12090607e+01
    2.20608768e+01 2.04257469e+01 1.92835808e+01 1.91739159e+01
    2.07015038e+01 2.01691666e+01 2.10732517e+01 1.99038792e+01
    2.09676819e+01 1.95169563e+01 2.24567108e+01 2.03674698e+01
    1.93803864e+01 2.15786972e+01 2.15655384e+01 2.05064735e+01
    2.04909744e+01 2.09781799e+01 2.01358051e+01 2.28443165e+01
    2.07661591e+01 2.10821476e+01 1.93653183e+01 2.08577118e+01
    1.92717342e+01 2.00531006e+01 2.07680187e+01 2.01397667e+01
    2.05597134e+01 2.05878811e+01 2.07909508e+01 2.02627544e+01
    2.18893051e+01 2.27075806e+01 2.12430553e+01 2.18651333e+01
    1.97383327e+01 1.99140015e+01 2.20799637e+01 2.24652119e+01
    1.95256367e+01 2.06182709e+01 2.11476192e+01 2.22306690e+01
    2.10441761e+01 2.29541111e+01 2.15889931e+01 2.20810890e+01
    2.45195503e+01 2.41349945e+01 2.22470646e+01 2.20518341e+01
    2.17892914e+01 2.26899242e+01 2.04083557e+01 2.02438202e+01
    1.97893085e+01 1.78173199e+01 1.91875000e+01 1.81736240e+01
    1.88834190e+01 1.82340393e+01 1.73926277e+01 1.91477489e+01
    1.80041733e+01 1.84292088e+01 1.72054958e+01 1.72594872e+01
    1.86546574e+01 1.92184334e+01 1.87267818e+01 1.85001965e+01
    1.90336494e+01 1.78258762e+01 1.95902081e+01 1.79993172e+01
    1.86532440e+01 1.84295979e+01 2.16772442e+01 2.04281960e+01
    2.04267616e+01 2.02517738e+01 2.04277554e+01 1.94573288e+01
    2.02419052e+01 1.92339230e+01 2.13215370e+01 1.96824894e+01
    2.11325321e+01 2.04821949e+01 2.01597118e+01 1.87929840e+01
    1.89955235e+01 1.93845158e+01 2.08482685e+01 1.91651173e+01
    2.04404583e+01 2.17227211e+01 2.08679352e+01 2.04472866e+01
    2.18130016e+01 2.16518574e+01 2.26814480e+01 2.24348335e+01
    2.26923370e+01 2.22014503e+01 2.21176624e+01 2.19410763e+01
    2.03116264e+01 1.98829689e+01 1.93770561e+01 2.03967819e+01
    1.83748817e+01 1.60064220e+01 1.76368752e+01 1.87975616e+01
    2.11822090e+01 1.94895515e+01 1.90663509e+01 1.95926704e+01
    2.01110191e+01 2.10148525e+01 2.09698086e+01 2.11220188e+01
    2.09377041e+01 2.05979900e+01 2.20127602e+01 2.17142048e+01
    2.11827927e+01 2.08724022e+01 2.05825539e+01 2.15764732e+01
    1.91990280e+01 1.95413895e+01 1.82876320e+01 1.83505802e+01
    1.96828537e+01 1.88003254e+01 1.82702255e+01 1.93520603e+01
    1.88037930e+01 1.90381069e+01 1.88907127e+01 1.92159691e+01
    1.82029057e+01 1.80069427e+01 1.88227348e+01 1.96811485e+01
    1.93410187e+01 1.98603954e+01 1.88912067e+01 1.73766861e+01
    2.00403099e+01 1.94014778e+01 1.94681511e+01 1.77584839e+01
    1.91104259e+01 1.83480301e+01 1.93254509e+01 1.86980381e+01
    1.73882694e+01 1.71939030e+01 1.97980595e+01 1.99915714e+01
    2.03250408e+01 1.94780102e+01 1.85747337e+01 1.89653645e+01
    1.92706795e+01 1.96263943e+01 2.16845150e+01 2.17249279e+01
    1.94393826e+01 2.00413036e+01 2.05918560e+01 1.95814152e+01
    1.98320503e+01 2.01851559e+01 1.83599262e+01 1.82205753e+01
    1.82951946e+01 1.78868408e+01 1.72446175e+01 1.75454559e+01
    1.81877537e+01 1.69894180e+01 1.70456352e+01 1.77879314e+01
    1.63919373e+01 1.70581417e+01 1.88122845e+01 1.83584003e+01
    1.79109821e+01 1.82874012e+01 1.92049503e+01 1.83581409e+01
    1.90447750e+01 2.13022785e+01 2.08128052e+01 2.11554718e+01
    2.05893288e+01 2.01672382e+01 1.87076721e+01 2.09380894e+01
    2.09483070e+01 2.03610058e+01 1.96632099e+01 1.86559429e+01
    1.65310745e+01 1.87344322e+01 1.77105274e+01 1.93123360e+01
    1.72521648e+01 1.56550970e+01 1.73981400e+01 1.60828972e+01
    1.69807720e+01 1.66087742e+01 1.77635841e+01 1.74079952e+01
    1.52383938e+01 1.68758736e+01 1.86880798e+01 1.76988029e+01
    1.78684444e+01 1.82641354e+01 2.00344467e+01 1.84268589e+01
    1.84861603e+01 1.99754772e+01 1.90734367e+01 1.79026909e+01
    1.79709740e+01 1.95208397e+01 2.02856369e+01 1.92551727e+01
    1.96962471e+01 1.86402760e+01 1.75611324e+01 2.00537415e+01
    1.96953011e+01 1.88881378e+01 2.20076313e+01 2.05050659e+01
    1.99603329e+01 2.24297237e+01 2.15551357e+01 2.01504707e+01
    2.02112827e+01 2.06209812e+01 2.00994205e+01 1.96616459e+01
    1.97010460e+01 1.96490555e+01 2.06406040e+01 2.23676300e+01
    1.95817280e+01 2.09204063e+01 2.21137733e+01 2.18388996e+01
    2.11515732e+01 2.07163925e+01 2.12367630e+01 2.02166615e+01
    2.07217770e+01 2.26909294e+01 1.94438992e+01 2.10772533e+01
    2.18667431e+01 2.05966873e+01 2.09823303e+01 2.04498291e+01
    1.98652439e+01 2.00803394e+01 2.09702873e+01 2.16055565e+01
    2.19127541e+01 2.21660767e+01 2.08587189e+01 2.21201763e+01
    2.14463062e+01 2.16543961e+01 2.23255825e+01 2.25980473e+01
    1.98019257e+01 1.85357265e+01 2.06683292e+01 2.23598843e+01
    2.02051582e+01 2.02098961e+01 2.04573669e+01 2.20837574e+01
    2.19916248e+01 2.28188267e+01 2.05659409e+01 2.05214081e+01
    2.20331326e+01 2.12079716e+01 2.03823910e+01 2.08249531e+01
    2.06662102e+01 2.13027611e+01 2.19713783e+01 2.19050827e+01
    2.03760853e+01 2.03693829e+01 1.99930820e+01 1.84633827e+01
    1.98750973e+01 1.80359707e+01 1.72639008e+01 1.75342922e+01
    1.76798134e+01 1.73182774e+01 1.69755039e+01 1.74463177e+01
    1.85839500e+01 1.85612526e+01 1.86177578e+01 1.80882034e+01
    1.87870197e+01 1.76008587e+01 2.03747082e+01 2.03188400e+01
    1.93316574e+01 1.94239864e+01 2.04483433e+01 2.17033806e+01
    2.06975021e+01 2.06413231e+01 2.08511829e+01 1.98533173e+01
    2.01311646e+01 1.89875946e+01 2.03911591e+01 1.90095577e+01
    1.89705849e+01 2.00944653e+01 1.89243851e+01 1.81206112e+01
    1.98202229e+01 1.98866081e+01 2.12224674e+01 1.95935040e+01
    1.99478016e+01 1.94566956e+01 2.18200455e+01 2.12146778e+01
    2.22020302e+01 2.13051052e+01 2.15223675e+01 2.15733700e+01
    2.32691250e+01 2.20317192e+01 1.93985825e+01 2.17144032e+01
    2.13895073e+01 2.00149117e+01 1.87141800e+01 1.94395313e+01
    1.89703979e+01 1.94819889e+01 1.80325317e+01 2.02301006e+01
    2.03690910e+01 2.10194588e+01 2.12855759e+01 2.06853027e+01
    2.01931324e+01 1.91864376e+01 1.96404896e+01 2.08805637e+01
    2.07107220e+01 1.99195347e+01 1.95518703e+01 1.93787193e+01
    2.04722691e+01 2.20238991e+01 2.08025951e+01 2.08150768e+01
    2.16758804e+01 2.12451267e+01 2.16042786e+01 2.10854397e+01
    1.90620747e+01 1.93290005e+01 1.88161755e+01 1.94800549e+01
    1.84671535e+01 2.02700596e+01 1.99005585e+01 1.85885735e+01
    1.88000927e+01 2.04296589e+01 1.99763603e+01 1.73717098e+01
    1.87275696e+01 1.88330116e+01 1.82345409e+01 1.86375179e+01
    1.90576973e+01 1.79438782e+01 1.97031937e+01 1.88491364e+01
    1.97354774e+01 1.85854321e+01 1.80938835e+01 1.88139400e+01
    1.71342487e+01 1.71587982e+01 1.90393620e+01 2.05233078e+01
    1.88439426e+01 1.78816452e+01 1.96172791e+01 1.95390835e+01
    1.91173191e+01 2.07153091e+01 2.02520657e+01 2.05420322e+01
    1.94075527e+01 1.85181770e+01 1.99524174e+01 1.87398567e+01
    2.08574085e+01 1.93507366e+01 1.88318462e+01 1.90040569e+01
    1.85313072e+01 1.69308834e+01 1.84657192e+01 1.93071728e+01
    1.90236816e+01 1.70879860e+01 1.86389637e+01 1.79092464e+01
    1.80053558e+01 1.88613338e+01 1.77965374e+01 1.88363457e+01
    1.88042583e+01 1.96598454e+01 2.02577515e+01 1.87220345e+01
    1.97595787e+01 2.22584267e+01 2.00435810e+01 2.12544136e+01
    2.08136253e+01 2.18117561e+01 2.16425247e+01 2.04612617e+01
    2.21561832e+01 2.04874287e+01 2.12230320e+01 1.96856918e+01
    1.74023685e+01 1.99781704e+01 1.81374474e+01 1.76225929e+01
    1.80147953e+01 1.64402943e+01 1.71000099e+01 1.62367687e+01
    1.70199337e+01 1.48372364e+01 1.73677883e+01 1.60756798e+01
    1.45712156e+01 1.68445683e+01 1.78054066e+01 1.66612530e+01
    1.80733128e+01 1.93793335e+01 1.86218185e+01 1.78921280e+01
    1.88342381e+01 1.96606388e+01 1.95573444e+01 1.83905983e+01
    1.83711948e+01 1.89952927e+01 1.99997616e+01 1.89842587e+01
    1.97778950e+01 1.92886772e+01 1.98273258e+01 2.01313343e+01
    2.05027466e+01 2.12637138e+01 2.03778172e+01 2.16994743e+01
    1.99528828e+01 2.15436211e+01 2.25810394e+01 2.07548428e+01
    2.19610195e+01 2.24355354e+01 2.04731541e+01 2.11012688e+01
    2.21476860e+01 1.94060974e+01 2.10233002e+01 2.19263039e+01
    2.07623806e+01 2.14689331e+01 2.23335304e+01 2.06319160e+01
    2.12801838e+01 2.25970345e+01 2.23015785e+01 2.05176392e+01
    2.04486961e+01 2.14862652e+01 1.99427357e+01 2.02538853e+01
    1.95990658e+01 1.92293968e+01 1.83886967e+01 1.90838146e+01
    1.94011421e+01 2.08407497e+01 2.02460384e+01 2.07960529e+01
    2.12542953e+01 2.11541519e+01 2.12824974e+01 2.23673115e+01
    2.16018066e+01 2.22558250e+01 2.20450249e+01 2.25047016e+01
    2.15148888e+01 1.91769619e+01 2.07090397e+01 2.10994930e+01
    1.97900467e+01 2.24250164e+01 2.00865135e+01 2.12860680e+01
    2.06108780e+01 2.11745262e+01 2.01496468e+01 1.95058575e+01
    2.11117725e+01 2.18748703e+01 2.08995724e+01 2.13406544e+01
    2.10226822e+01 2.26260586e+01 2.08577976e+01 2.08300858e+01
    2.03729782e+01 2.02542915e+01 1.96216888e+01 1.87867565e+01
    1.92382622e+01 1.82674026e+01 1.78282738e+01 1.79130077e+01
    1.90014706e+01 1.73482113e+01 1.74424953e+01 1.73339844e+01
    1.63740559e+01 1.82358513e+01 1.88594685e+01 1.94275627e+01
    1.99188690e+01 1.78400955e+01 1.83410053e+01 2.05645409e+01
    1.96220379e+01 1.85128880e+01 2.03606110e+01 1.90875893e+01
    2.12398262e+01 2.02787399e+01 2.12842579e+01 2.01298275e+01
    2.02059383e+01 1.74803600e+01 2.09457836e+01 1.79460411e+01
    1.81635838e+01 1.84021397e+01 1.82528782e+01 1.75189915e+01
    1.86616020e+01 1.71693859e+01 1.90410156e+01 1.77840290e+01
    1.92358704e+01 2.04569683e+01 2.00648842e+01 1.94947681e+01
    2.14735432e+01 1.97178955e+01 1.94910240e+01 2.14703369e+01
    2.23271732e+01 2.21155510e+01 2.05462322e+01 2.00221157e+01
    2.01874905e+01 2.08956509e+01 2.13770618e+01 2.00779552e+01
    2.00880241e+01 1.97072353e+01 1.95782413e+01 1.95733490e+01
    2.02880917e+01 2.05329762e+01 2.02566891e+01 1.97930260e+01
    1.80018520e+01 1.90901718e+01 1.95709076e+01 1.92378178e+01
    1.91582851e+01 1.85522614e+01 1.83626328e+01 1.89454670e+01
    1.88637562e+01 1.90670338e+01 2.06466465e+01 2.07462120e+01
    2.00022163e+01 2.02314854e+01 2.10206413e+01 2.00790539e+01
    1.88910103e+01 1.83668919e+01 1.84918804e+01 2.01010437e+01
    1.92026291e+01 1.95592041e+01 1.86507797e+01 1.82623444e+01
    1.84947834e+01 1.86552696e+01 1.76260872e+01 1.86878586e+01
    1.96413269e+01 2.01542377e+01 1.83446770e+01 1.85145683e+01
    2.03394184e+01 1.98210659e+01 1.96713047e+01 1.96285801e+01
    1.91858006e+01 1.82018585e+01 1.73518505e+01 1.68753719e+01
    1.74764118e+01 1.80903873e+01 1.83664455e+01 2.00998898e+01
    2.07918129e+01 1.99393597e+01 2.05066986e+01 2.04158154e+01
    2.06632710e+01 2.06172695e+01 2.17535973e+01 2.07281246e+01
    1.88791199e+01 1.79930191e+01 1.94601269e+01 1.91399326e+01
    2.01839104e+01 1.95450211e+01 1.94830818e+01 1.82937813e+01
    1.94316730e+01 1.87579212e+01 1.86128883e+01 1.93392868e+01
    1.92353344e+01 1.72802353e+01 1.95660267e+01 1.82720146e+01
    1.77180195e+01 1.95197964e+01 1.92473145e+01 1.88571720e+01
    1.85400276e+01 2.08323460e+01 2.06417713e+01 1.94758396e+01
    1.92595787e+01 2.15845470e+01 1.89314041e+01 2.08880348e+01
    2.04860535e+01 1.98133678e+01 1.98737621e+01 2.08643818e+01
    2.06056919e+01 2.00200176e+01 2.04444427e+01 2.14732285e+01
    2.00997219e+01 1.96152611e+01 2.00174580e+01 1.90503178e+01
    1.89977760e+01 1.68614292e+01 1.78143787e+01 1.68876724e+01
    1.69481735e+01 1.54484463e+01 1.65299606e+01 1.57787867e+01
    1.52051611e+01 1.66007919e+01 1.86111450e+01 1.56854324e+01
    1.54823132e+01 1.76201458e+01 1.80400467e+01 1.68413658e+01
    1.95453224e+01 1.85764980e+01 1.91513023e+01 1.92138290e+01
    1.91843376e+01 1.87147446e+01 1.98490467e+01 1.90992222e+01
    2.11548061e+01 1.96920128e+01 1.90180759e+01 2.03352089e+01
    2.09759312e+01 2.16194324e+01 2.12080536e+01 2.03389473e+01
    2.05689926e+01 2.21075249e+01 2.05848866e+01 2.09247150e+01
    2.04817505e+01 2.01897392e+01 1.89087830e+01 1.87137299e+01
    2.09642448e+01 1.96602974e+01 2.01624203e+01 2.04834595e+01
    2.13289967e+01 2.06400681e+01 2.20445862e+01 2.18114338e+01
    2.15115395e+01 2.11797371e+01 2.09153061e+01 1.95358105e+01
    2.09207878e+01 2.12341404e+01 1.96804543e+01 1.86889076e+01
    1.85302830e+01 1.96574612e+01 1.95586758e+01 1.89186630e+01
    1.86365356e+01 2.02880955e+01 2.02627316e+01 2.10308208e+01
    2.10288563e+01 2.19726830e+01 2.23276119e+01 2.29385242e+01
    2.14957752e+01 2.10053310e+01 2.10157890e+01 2.24381790e+01
    1.92422981e+01 2.05143795e+01 1.97547264e+01 1.99239368e+01
    1.98689308e+01 2.16939774e+01 2.04703979e+01 2.05155010e+01
    2.01533852e+01 2.25342121e+01 2.23416328e+01 2.13234863e+01
    2.16017208e+01 2.23936157e+01 2.16098003e+01 2.11210613e+01
    1.96753979e+01 2.11496563e+01 2.08771381e+01 2.06862526e+01
    2.02194557e+01 2.17998676e+01 2.07428818e+01 2.07421265e+01
    1.91762619e+01 1.93782139e+01 1.66121502e+01 1.83833714e+01
    1.98871784e+01 1.82179909e+01 1.88673820e+01 1.98981075e+01
    1.91731377e+01 1.87508640e+01 2.07408962e+01 2.01243401e+01
    2.12407341e+01 1.90046902e+01 1.95518551e+01 2.08582420e+01
    2.09545670e+01 1.91877136e+01 2.24977169e+01 2.27988396e+01
    2.14351025e+01 2.03324261e+01 2.14247646e+01 2.02483063e+01
    2.15733223e+01 1.95346737e+01 1.92683220e+01 1.74373512e+01
    1.77850132e+01 1.81042709e+01 1.83304291e+01 1.58554134e+01
    1.75715466e+01 1.79997368e+01 1.73268108e+01 1.73489399e+01
    1.81564198e+01 1.77850494e+01 1.92267876e+01 1.78250027e+01
    1.88604717e+01 1.98198242e+01 2.01062813e+01 2.10941906e+01
    2.07674618e+01 2.13239803e+01 2.11116047e+01 2.16239605e+01
    2.07035675e+01 2.05301037e+01 2.24579391e+01 2.10764217e+01
    2.07192192e+01 1.94579830e+01 1.98072262e+01 2.07460747e+01
    2.15307846e+01 2.17338009e+01 2.03417950e+01 2.02652130e+01
    1.79702873e+01 1.94396782e+01 1.85871468e+01 1.92540722e+01
    1.83006039e+01 1.77843456e+01 1.73429947e+01 1.93972588e+01
    2.02404633e+01 2.06525269e+01 2.07970581e+01 2.14445362e+01
    2.04528236e+01 2.15411224e+01 2.31451454e+01 2.24019489e+01
    2.09588223e+01 2.10113277e+01 1.87071991e+01 2.13393326e+01
    2.11062012e+01 2.03566418e+01 2.02264080e+01 1.80258331e+01
    1.79958038e+01 2.02635288e+01 2.04784508e+01 1.96924648e+01
    2.15110874e+01 1.95471611e+01 2.00610256e+01 1.94460964e+01
    1.98247604e+01 1.89206257e+01 2.03191833e+01 2.10667210e+01
    2.09838200e+01 1.90404663e+01 1.94654121e+01 1.82036362e+01
    1.83829861e+01 1.84068642e+01 2.10746098e+01 1.99964199e+01
    1.89058151e+01 2.14005527e+01 2.02391129e+01 1.99584160e+01
    2.16416473e+01 2.14047604e+01 2.09060631e+01 2.05693226e+01
    1.97329140e+01 1.84818268e+01 1.89193974e+01 1.87054214e+01
    1.92938290e+01 2.01181698e+01 1.89505119e+01 1.86399708e+01
    1.76446705e+01 1.75752945e+01 1.93168068e+01 1.95593300e+01
    1.83389435e+01 1.79967422e+01 1.88074493e+01 1.88609161e+01
    1.72518787e+01 1.95455246e+01 1.90328598e+01 1.89670391e+01
    2.09399490e+01 2.01044350e+01 2.07063522e+01 1.95503788e+01
    2.07663403e+01 2.09493370e+01 1.80829086e+01 1.97964096e+01
    1.99688759e+01 2.07050343e+01 2.01140633e+01 2.09772129e+01
    2.13032131e+01 2.02288799e+01 2.01683369e+01 2.24721813e+01
    2.05188541e+01 1.97901630e+01 1.96167259e+01 1.93201180e+01
    1.91012154e+01 1.76496716e+01 1.89904194e+01 1.72605095e+01
    1.58414974e+01 1.57247009e+01 1.62459545e+01 1.44571972e+01
    1.55086536e+01 1.57759924e+01 1.76164055e+01 1.54783106e+01
    1.63180180e+01 1.70157433e+01 1.73625679e+01 1.67433949e+01
    1.87090645e+01 1.93879433e+01 1.84954834e+01 1.85032291e+01
    1.94075222e+01 1.89744091e+01 1.91786404e+01 1.91978626e+01
    2.08354874e+01 2.06741295e+01 2.00096989e+01 2.21027584e+01
    2.14901791e+01 2.07083740e+01 2.12413616e+01 2.04599838e+01
    1.89764099e+01 2.22365017e+01 2.18723660e+01 2.08318558e+01
    2.00177116e+01 2.09824257e+01 1.96904716e+01 1.96306534e+01
    2.08427620e+01 2.14909668e+01 2.02096348e+01 2.07933311e+01
    1.96508312e+01 2.03261948e+01 2.31683826e+01 2.08804169e+01
    2.13196487e+01 2.25100727e+01 2.08535938e+01 1.89927444e+01
    1.98260841e+01 2.08262100e+01 2.06468124e+01 1.90428543e+01
    1.80677452e+01 1.80491695e+01 1.86850719e+01 1.92498493e+01
    1.73408585e+01 1.91748123e+01 1.92214890e+01 2.08612442e+01
    1.98545914e+01 2.07681332e+01 2.01229782e+01 2.07884884e+01
    2.14409542e+01 2.11342297e+01 2.02174015e+01 1.98694954e+01
    1.90500813e+01 2.09065495e+01 2.05420780e+01 1.96189060e+01
    2.04095554e+01 2.24760952e+01 2.25360432e+01 2.29677105e+01
    2.18764706e+01 2.09511967e+01 2.14887981e+01 2.18671303e+01
    2.07717228e+01 2.13419456e+01 2.04877071e+01 2.12426262e+01
    2.09760418e+01 2.13859177e+01 2.03056107e+01 1.92615643e+01
    2.06208439e+01 2.06813812e+01 2.06731434e+01 1.88492260e+01
    1.96484547e+01 1.68409138e+01 1.86821022e+01 2.04636040e+01
    1.94075966e+01 1.98244610e+01 1.89431419e+01 1.90718880e+01
    1.83789825e+01 1.85087566e+01 1.96555824e+01 1.99673252e+01
    2.10728359e+01 1.93629169e+01 1.91652737e+01 1.97437057e+01
    2.00861435e+01 2.08683662e+01 2.10603447e+01 2.02583504e+01
    2.11048756e+01 1.81613426e+01 2.15478363e+01 1.86583900e+01
    2.03140850e+01 1.96660347e+01 1.90776329e+01 1.65719337e+01
    1.77906799e+01 1.76619835e+01 1.88119812e+01 1.64822731e+01
    1.63993473e+01 1.67159863e+01 1.67056389e+01 1.68352947e+01
    1.73283844e+01 1.64526501e+01 1.65860806e+01 1.79074860e+01
    1.79159660e+01 1.80839386e+01 1.90035324e+01 2.13836288e+01
    2.12789001e+01 2.16057205e+01 2.24763393e+01 2.22447605e+01
    2.24627228e+01 2.21380062e+01 2.20268192e+01 2.20228901e+01
    1.89649353e+01 1.92910042e+01 2.07405682e+01 2.14781322e+01
    2.01863842e+01 1.94161129e+01 1.99621220e+01 1.92565441e+01
    1.96386375e+01 1.89037514e+01 1.91912060e+01 1.91016827e+01
    1.92774048e+01 1.84363785e+01 1.94709835e+01 1.99949818e+01
    1.96317863e+01 1.93663521e+01 2.17292404e+01 2.17321644e+01
    2.28709068e+01 2.12715034e+01 2.09364414e+01 2.32263508e+01
    2.00658264e+01 2.15696964e+01 2.08813934e+01 2.03778782e+01
    2.14239349e+01 2.09780483e+01 2.03574295e+01 1.85341988e+01
    1.80322895e+01 1.84724617e+01 2.04215927e+01 2.08606586e+01
    2.11244202e+01 1.90015240e+01 1.83527908e+01 1.92694740e+01
    2.18688545e+01 2.08742504e+01 2.26097412e+01 2.02768536e+01
    2.08314342e+01 2.05050850e+01 1.97407665e+01 1.75744648e+01
    1.82090435e+01 1.88338299e+01 2.01909161e+01 1.99811172e+01
    2.01852512e+01 1.95208302e+01 2.09486580e+01 2.09997768e+01
    2.11217518e+01 2.14349327e+01 2.08549862e+01 1.94612541e+01
    2.05122643e+01 1.81869640e+01 1.84937878e+01 1.80704460e+01
    1.87276955e+01 1.77087650e+01 1.75416622e+01 1.84804955e+01
    1.81806202e+01 1.79352398e+01 1.89043865e+01 1.91600914e+01
    1.93157234e+01 1.87100182e+01 1.91256104e+01 1.90112381e+01
    1.73867455e+01 1.96297703e+01 2.03242512e+01 1.88765697e+01
    1.98693256e+01 2.13711376e+01 1.98938408e+01 1.95741215e+01
    2.08956203e+01 2.06658669e+01 1.98329277e+01 1.97724457e+01
    2.00831089e+01 2.03365269e+01 1.91820412e+01 2.02815475e+01
    2.12210484e+01 2.12537079e+01 1.98977261e+01 1.99598846e+01
    1.88371906e+01 1.91678867e+01 2.01656628e+01 1.90735302e+01
    1.90322437e+01 1.74850693e+01 1.75153885e+01 1.74514275e+01
    1.62841206e+01 1.64397583e+01 1.63988895e+01 1.46473398e+01
    1.42712002e+01 1.69758053e+01 1.90401363e+01 1.63074989e+01
    1.65733070e+01 1.79603100e+01 1.82838135e+01 1.83078594e+01
    2.03040142e+01 1.91428585e+01 1.93057728e+01 1.92038345e+01
    2.10437717e+01 1.98527145e+01 1.89810867e+01 1.88828278e+01
    2.02399826e+01 1.93415718e+01 1.87980042e+01 1.92201862e+01
    1.96053104e+01 2.11732101e+01 2.04751301e+01 2.04102306e+01
    1.94215050e+01 2.05046711e+01 2.22565155e+01 2.07706146e+01
    1.98615017e+01 2.02209339e+01 1.92382908e+01 1.96325817e+01
    2.00237522e+01 1.88824406e+01 2.00521793e+01 2.02625618e+01
    1.94756660e+01 1.98817177e+01 2.35127659e+01 2.05180340e+01
    2.14431877e+01 2.20822811e+01 2.09547176e+01 1.97769890e+01
    1.99320107e+01 2.08797245e+01 1.91077404e+01 1.86513805e+01
    1.82258682e+01 1.80334587e+01 1.70617142e+01 1.97252197e+01
    1.85034542e+01 1.82457848e+01 1.93154068e+01 1.97523308e+01
    2.04510746e+01 2.06227512e+01 2.03936234e+01 2.17937584e+01
    2.22290897e+01 2.12118435e+01 2.16504459e+01 2.08857594e+01
    2.00863552e+01 1.99750214e+01 1.99911098e+01 2.23549652e+01
    2.06311741e+01 2.16460724e+01 2.35461102e+01 2.28819942e+01
    2.21924362e+01 2.20423737e+01 2.18893166e+01 2.29848824e+01
    2.22781944e+01 2.18675308e+01 2.07297230e+01 2.06310711e+01
    2.05052013e+01 2.09477139e+01 1.99241962e+01 2.01357746e+01
    2.04512691e+01 1.90774994e+01 1.98627548e+01 1.96082478e+01
    1.82258930e+01 1.81900520e+01 1.85638885e+01 1.94783421e+01
    1.84192753e+01 1.87569447e+01 1.75480709e+01 2.08208466e+01
    1.96374111e+01 1.95960579e+01 1.93780174e+01 1.96191063e+01
    2.10692787e+01 2.12726784e+01 2.04114990e+01 2.00823402e+01
    2.12435093e+01 2.05300922e+01 2.26007729e+01 1.97736702e+01
    1.87950134e+01 1.75715427e+01 2.11291943e+01 1.85248623e+01
    1.81608849e+01 1.92295742e+01 1.93154545e+01 1.68140659e+01
    1.84636288e+01 1.79795437e+01 1.90988331e+01 1.50734558e+01
    1.64978714e+01 1.65834084e+01 1.59811049e+01 1.60787754e+01
    1.69646606e+01 1.63565826e+01 1.70908966e+01 1.71495094e+01
    1.85707645e+01 1.71446304e+01 1.80332165e+01 2.09757633e+01
    2.12586765e+01 2.14545307e+01 2.04673767e+01 2.30573730e+01
    2.21813450e+01 2.08430729e+01 2.12410755e+01 2.17445240e+01
    2.08027096e+01 1.91089516e+01 1.83978939e+01 2.09962978e+01
    2.07113380e+01 1.98928604e+01 1.95871582e+01 1.85342369e+01
    1.73386211e+01 1.69667244e+01 1.91543980e+01 2.02119236e+01
    1.89976292e+01 1.79363365e+01 1.70237083e+01 2.02956028e+01
    1.98068695e+01 2.09791679e+01 2.29183846e+01 2.15279026e+01
    2.29569798e+01 2.18094845e+01 2.18403473e+01 2.37077827e+01
    2.24715462e+01 2.23850079e+01 2.08136272e+01 2.14965305e+01
    2.21907978e+01 2.06313572e+01 1.88795338e+01 1.87926254e+01
    1.79177246e+01 2.06404724e+01 2.05696468e+01 1.96281662e+01
    2.15891800e+01 2.13193722e+01 2.01496086e+01 2.06478310e+01
    2.39500046e+01 2.29828186e+01 2.34567814e+01 2.39447880e+01
    2.23599339e+01 2.11091461e+01 2.24032192e+01 2.00110569e+01
    1.92558708e+01 1.97803440e+01 2.04150276e+01 1.83277149e+01
    2.01885452e+01 1.78465271e+01 1.82127991e+01 2.05980568e+01
    1.85347481e+01 1.94383106e+01 2.00603542e+01 1.85183773e+01
    1.84770107e+01 1.73148918e+01 1.62580376e+01 1.69556637e+01
    1.66189117e+01 1.70584908e+01 1.84207077e+01 1.89613438e+01
    1.84207077e+01 1.70401077e+01 1.90031948e+01 1.88629627e+01
    1.79934559e+01 1.78352375e+01 1.84107285e+01 1.85809288e+01
    1.83874912e+01 1.92639885e+01 2.02785206e+01 1.94569530e+01
    2.04658585e+01 2.13953762e+01 1.93982086e+01 1.85223331e+01
    2.06115322e+01 2.08895760e+01 1.95791435e+01 1.99971218e+01
    2.04173393e+01 2.09273643e+01 2.02587299e+01 1.90727940e+01
    2.02240772e+01 2.14032898e+01 2.02853394e+01 1.99926720e+01
    1.96387615e+01 1.96868572e+01 1.96280384e+01 1.99622593e+01
    1.77348976e+01 1.71609554e+01 1.80630970e+01 1.88928089e+01
    1.86504421e+01 1.73649521e+01 1.67041817e+01 1.73720055e+01
    1.63514194e+01 1.78289108e+01 1.93943005e+01 1.89913750e+01
    1.82289791e+01 1.77909431e+01 1.91568413e+01 1.96618519e+01
    2.02556648e+01 1.95423546e+01 1.75299168e+01 1.86572380e+01
    1.96859837e+01 2.03110752e+01 2.09423714e+01 1.94617825e+01
    1.88496513e+01 1.91939373e+01 1.98378334e+01 2.00172176e+01
    1.92570152e+01 2.16473541e+01 2.18212509e+01 2.02866135e+01
    1.85808926e+01 2.05934620e+01 2.10111141e+01 2.15323887e+01
    2.06572399e+01 1.94884377e+01 2.00256920e+01 1.90368576e+01
    1.92160130e+01 2.04467850e+01 2.02159500e+01 2.00185356e+01
    2.07746754e+01 2.04400616e+01 2.15793056e+01 2.03968811e+01
    2.09344063e+01 2.13109856e+01 2.13006992e+01 2.09464798e+01
    1.85548363e+01 2.11939163e+01 1.96740818e+01 1.99611073e+01
    2.03116341e+01 1.82273426e+01 1.84929008e+01 1.89630547e+01
    1.92286396e+01 1.96928329e+01 1.93069153e+01 2.05742245e+01
    2.04582062e+01 2.14127197e+01 2.24522572e+01 2.12954159e+01
    2.31270580e+01 2.13122463e+01 2.05260372e+01 2.09381962e+01
    2.02647285e+01 2.06562557e+01 2.12521248e+01 2.04848366e+01
    1.93064804e+01 2.15528545e+01 2.24981670e+01 2.29272881e+01
    2.19722786e+01 2.32420349e+01 2.07444000e+01 2.15997543e+01
    2.16450634e+01 2.12080364e+01 1.97727203e+01 1.79422035e+01
    2.02265968e+01 2.03083725e+01 1.99359951e+01 1.96286068e+01
    1.97990513e+01 1.99960155e+01 1.98682575e+01 1.97319679e+01
    1.99110699e+01 1.96801968e+01 1.96319027e+01 1.85503120e+01
    1.95988808e+01 1.93326321e+01 1.82695904e+01 1.89208355e+01
    2.09325790e+01 1.90355225e+01 2.15042191e+01 2.08168697e+01
    1.96089535e+01 2.12748318e+01 2.23365917e+01 2.17172852e+01
    2.18971920e+01 1.92424564e+01 1.99548016e+01 1.92057724e+01
    1.85297089e+01 1.85210381e+01 2.14185181e+01 1.69009895e+01
    1.75079918e+01 1.71973038e+01 1.92237186e+01 1.80958786e+01
    1.79210167e+01 1.61181374e+01 1.81838646e+01 1.58308115e+01
    1.64400005e+01 1.65946083e+01 1.56907616e+01 1.63302917e+01
    1.81874504e+01 1.59641562e+01 1.56434422e+01 1.71364098e+01
    1.85456104e+01 2.00140781e+01 1.86100140e+01 2.23077297e+01
    2.25465336e+01 2.19140835e+01 2.12954769e+01 2.20427628e+01
    2.23352089e+01 2.23012276e+01 2.05711861e+01 2.06421833e+01
    1.87176876e+01 1.96775417e+01 1.96538086e+01 2.07954903e+01
    1.90500202e+01 1.91378880e+01 1.82178555e+01 1.94871731e+01
    1.75136261e+01 1.74099255e+01 1.93931313e+01 1.87862186e+01
    1.90894375e+01 2.01257877e+01 1.79462223e+01 1.90399513e+01
    2.03798313e+01 2.13001461e+01 2.17213478e+01 2.18263512e+01
    2.26548080e+01 2.16044121e+01 2.16296463e+01 2.12067146e+01
    2.15880032e+01 2.18702316e+01 2.07761612e+01 2.09101334e+01
    2.09853649e+01 2.01658173e+01 1.95862141e+01 1.92550316e+01
    1.85813465e+01 1.97389336e+01 2.16642151e+01 2.12480011e+01
    2.06858826e+01 2.08118153e+01 2.07002907e+01 2.12012672e+01
    2.34161644e+01 2.34535809e+01 2.35432091e+01 2.26256943e+01
    2.26617432e+01 2.25271797e+01 2.15111580e+01 2.09633198e+01
    2.03563023e+01 2.03898773e+01 1.85251255e+01 2.09950886e+01
    2.03265514e+01 1.92992134e+01 1.93490829e+01 2.00448151e+01
    1.94439640e+01 1.97993851e+01 1.83017139e+01 1.86096249e+01
    1.66235981e+01 1.57371607e+01 1.56345348e+01 1.68034744e+01
    1.60253372e+01 1.68525372e+01 1.60944614e+01 1.77347088e+01
    1.65932789e+01 1.82023258e+01 1.83075809e+01 1.77401638e+01
    1.76931553e+01 1.86325150e+01 1.77821178e+01 1.81746006e+01
    1.99676476e+01 1.82771149e+01 1.94750671e+01 1.78121815e+01
    1.82096272e+01 1.98378944e+01 1.99839706e+01 1.88447437e+01
    1.87485294e+01 1.97958717e+01 2.13375645e+01 2.06741810e+01
    1.99183750e+01 1.98061943e+01 2.04401646e+01 2.12782841e+01
    2.14255447e+01 2.13839626e+01 2.01371002e+01 2.15171337e+01
    2.12881413e+01 1.95931511e+01 2.03828449e+01 2.00918961e+01
    1.88200397e+01 1.88803539e+01 1.98048820e+01 1.84481049e+01
    1.87461128e+01 1.82021751e+01 1.82813129e+01 1.56100760e+01
    1.66383133e+01 1.92963409e+01 1.85519161e+01 1.83171539e+01
    1.87337456e+01 1.92420197e+01 1.90733604e+01 1.87664661e+01
    2.17688141e+01 2.04993076e+01 1.93126774e+01 1.95819664e+01
    2.22837334e+01 2.14631939e+01 2.16814270e+01 2.00968838e+01
    1.84106960e+01 1.85013714e+01 1.95259533e+01 1.98351135e+01
    2.00504265e+01 1.97599258e+01 1.99648418e+01 2.05215797e+01
    1.90448723e+01 2.13497181e+01 2.23077984e+01 2.19149361e+01
    2.04403114e+01 1.87311878e+01 1.89660473e+01 1.98728008e+01
    1.99401913e+01 2.01482620e+01 2.03134975e+01 2.08673058e+01
    1.95166874e+01 1.95816288e+01 2.02511559e+01 2.13790779e+01
    2.09742928e+01 2.06210423e+01 2.05466709e+01 2.18289223e+01
    2.10353928e+01 2.06115932e+01 1.99397335e+01 2.07183514e+01
    1.94344749e+01 1.91565590e+01 1.74227753e+01 1.87159367e+01
    2.01518078e+01 2.04650478e+01 1.97692699e+01 1.90634460e+01
    2.03002987e+01 2.19868050e+01 2.27657967e+01 2.14642887e+01
    2.04397392e+01 2.11150799e+01 1.98570576e+01 2.28266544e+01
    1.98692646e+01 2.02249069e+01 1.95649071e+01 2.00822201e+01
    2.05732059e+01 2.22844143e+01 2.20507488e+01 2.20964088e+01
    2.27668266e+01 2.40648289e+01 2.15631599e+01 2.09384899e+01
    2.06815033e+01 2.06830292e+01 2.03315811e+01 1.96231060e+01
    1.96748638e+01 1.97147236e+01 2.07875576e+01 1.98030930e+01
    1.93802757e+01 2.10407200e+01 2.07336521e+01 2.08685455e+01
    1.98253326e+01 1.94906731e+01 1.86054993e+01 1.92254410e+01
    1.97730122e+01 1.87265968e+01 1.89464512e+01 2.11377392e+01
    2.20451221e+01 2.11940002e+01 2.12533703e+01 2.19981937e+01
    2.14372921e+01 2.33506298e+01 2.16821842e+01 2.25057507e+01
    2.17280197e+01 2.07930470e+01 2.26201038e+01 2.09432678e+01
    1.98467045e+01 1.83678608e+01 1.94411564e+01 1.93167572e+01
    1.83953762e+01 1.77980270e+01 1.69666195e+01 1.85220985e+01
    2.03193150e+01 1.80109043e+01 1.93529625e+01 1.75542717e+01
    1.78954620e+01 1.83815365e+01 1.80192204e+01 1.65047779e+01
    1.86802025e+01 1.73952465e+01 1.76725445e+01 1.84583035e+01
    1.81686916e+01 1.89876270e+01 2.10165882e+01 2.17266445e+01
    2.06818619e+01 2.06288357e+01 2.18685760e+01 2.15203781e+01
    2.28130970e+01 2.14277840e+01 2.16126118e+01 2.07375469e+01
    2.04835510e+01 1.96674461e+01 2.08486347e+01 2.07684135e+01
    1.93903332e+01 1.82862949e+01 1.72154694e+01 1.94900360e+01
    1.98341236e+01 1.89734459e+01 1.93497982e+01 1.76058350e+01
    1.68882465e+01 1.99299049e+01 1.87868214e+01 1.90592461e+01
    2.07877846e+01 1.93912792e+01 2.08316841e+01 2.07255764e+01
    2.15097980e+01 2.35137939e+01 2.17351971e+01 2.26832695e+01
    2.17215290e+01 2.07946548e+01 2.24916458e+01 2.11657448e+01
    2.14650784e+01 2.09666271e+01 1.87430305e+01 2.07489452e+01
    1.97935581e+01 2.13988838e+01 2.13470268e+01 2.16742210e+01
    2.00577660e+01 2.03682976e+01 2.21060352e+01 2.15606670e+01
    2.40506229e+01 2.38158188e+01 2.36448917e+01 2.19997673e+01
    2.24175072e+01 2.25334320e+01 2.04029007e+01 2.07055264e+01
    2.09280090e+01 2.05625515e+01 1.96595535e+01 2.06611595e+01
    1.87306042e+01 1.94689808e+01 2.02861347e+01 1.93761253e+01
    1.89019680e+01 1.94394875e+01 1.84246998e+01 1.68427982e+01
    1.70688286e+01 1.65124340e+01 1.71728554e+01 1.73065662e+01
    1.70803852e+01 1.77661762e+01 1.65381107e+01 1.64917469e+01
    1.75118885e+01 1.71521568e+01 1.97256775e+01 1.82184086e+01
    1.80001144e+01 1.76842422e+01 1.78882751e+01 1.72299938e+01
    1.96720810e+01 1.90388222e+01 2.04808254e+01 1.92351589e+01
    1.79348736e+01 2.17791023e+01 2.07712288e+01 1.90951233e+01
    2.17943630e+01 1.96139011e+01 1.83404560e+01 1.87858315e+01
    2.05218868e+01 2.05812435e+01 1.92609043e+01 2.05111713e+01
    2.08513660e+01 2.05091038e+01 2.23124828e+01 2.11741905e+01
    2.22372646e+01 1.99839172e+01 2.20235481e+01 2.19721088e+01
    2.10147133e+01 1.95829411e+01 1.97038040e+01 1.89763317e+01
    1.80807648e+01 1.95153122e+01 1.78752174e+01 1.68069420e+01
    1.93389511e+01 1.84097652e+01 1.80205555e+01 1.83881950e+01
    1.88834133e+01 1.95778522e+01 1.84562931e+01 1.89877300e+01
    2.14516068e+01 1.92514248e+01 1.91231899e+01 2.03798103e+01
    2.13474045e+01 2.16122341e+01 2.10204296e+01 2.15728512e+01
    1.77931271e+01 1.93302555e+01 2.04507065e+01 2.15018616e+01
    2.11065903e+01 2.04089985e+01 2.17351437e+01 2.21956120e+01
    2.15771236e+01 2.21056271e+01 2.10531197e+01 2.16965370e+01
    2.14026127e+01 2.15213413e+01 2.01695709e+01 2.09988976e+01
    1.95462952e+01 2.04442196e+01 1.91069660e+01 1.83678303e+01
    1.96189766e+01 2.13908558e+01 2.10873756e+01 2.10850372e+01
    1.92791214e+01 2.18808517e+01 2.00713482e+01 1.98338909e+01
    2.15861282e+01 1.94925022e+01 1.88746891e+01 2.03662357e+01
    1.92572327e+01 2.03259163e+01 1.98122444e+01 1.97764816e+01
    1.78938732e+01 1.95755863e+01 1.92841015e+01 1.94005737e+01
    1.95916271e+01 2.00352192e+01 2.13647137e+01 2.25782452e+01
    1.99784260e+01 2.02178001e+01 2.08453217e+01 2.15473213e+01
    2.02986717e+01 2.04520454e+01 2.02351856e+01 1.87317524e+01
    2.06994400e+01 2.25482502e+01 2.28939781e+01 2.24151669e+01
    2.05111752e+01 2.10771904e+01 2.05832291e+01 2.18780785e+01
    2.00897522e+01 1.96193218e+01 2.11350975e+01 1.97779846e+01
    1.82377396e+01 1.97668686e+01 1.97863789e+01 1.93668842e+01
    2.06904297e+01 2.01579876e+01 2.13934097e+01 2.01498260e+01
    2.06267052e+01 2.10787182e+01 2.05934162e+01 2.12226906e+01
    2.09653034e+01 2.05268364e+01 1.97877903e+01 2.19472637e+01
    2.12179680e+01 2.19421673e+01 2.14109402e+01 2.16973095e+01
    2.19984779e+01 2.28966579e+01 2.32539387e+01 2.23416843e+01
    2.10901737e+01 2.21921329e+01 2.14756966e+01 1.93547974e+01
    1.94175358e+01 1.77658768e+01 1.65516491e+01 1.70509720e+01
    1.77515697e+01 1.74064713e+01 1.78296604e+01 1.84644814e+01
    1.98649101e+01 1.87282276e+01 1.91066761e+01 1.90287952e+01
    1.78245792e+01 1.93269310e+01 1.89223423e+01 1.85968647e+01
    1.82493076e+01 1.75024490e+01 1.81047401e+01 2.01033726e+01
    1.86589298e+01 1.88585472e+01 1.92843647e+01 2.18926735e+01
    2.29055367e+01 2.14535694e+01 2.19536724e+01 2.31628208e+01
    2.19606209e+01 2.18816643e+01 2.12762470e+01 2.17884483e+01
    1.94028053e+01 2.07751160e+01 2.18806286e+01 2.05474033e+01
    1.91452255e+01 2.03311539e+01 2.06949406e+01 2.08612823e+01
    1.98771267e+01 1.89880886e+01 1.85898895e+01 1.86701031e+01
    1.76721992e+01 1.88997440e+01 1.84466820e+01 1.77989464e+01
    2.00974503e+01 1.90971832e+01 2.12885876e+01 2.21865540e+01
    2.22221413e+01 2.22584171e+01 2.14673576e+01 2.19460812e+01
    2.15845718e+01 2.10724487e+01 2.06210232e+01 2.17651558e+01
    2.23926888e+01 2.07479305e+01 1.90810013e+01 1.87125416e+01
    2.07928677e+01 2.00242558e+01 2.22370758e+01 2.13190479e+01
    2.07949505e+01 1.99837933e+01 2.11941605e+01 2.07277222e+01
    2.39172058e+01 2.15934505e+01 1.99111691e+01 2.02429161e+01
    1.95573463e+01 2.06032505e+01 2.07544060e+01 1.95260105e+01
    2.07027264e+01 2.08564072e+01 2.09009838e+01 2.04259205e+01
    1.87231312e+01 2.01740131e+01 1.85828171e+01 1.92229729e+01
    1.98489971e+01 1.72050056e+01 1.89543438e+01 1.63349876e+01
    1.84868374e+01 1.84815884e+01 1.62726631e+01 1.61544895e+01
    1.73475361e+01 1.83397427e+01 1.70688896e+01 1.53931093e+01
    1.89073868e+01 1.88854446e+01 2.08182735e+01 2.03092442e+01
    1.83923550e+01 1.89014721e+01 1.93166389e+01 1.91707230e+01
    2.00646343e+01 2.09218140e+01 2.16674824e+01 1.91766186e+01
    1.77043629e+01 1.95873127e+01 2.14539909e+01 1.99812908e+01
    1.90873051e+01 1.89171410e+01 1.87773457e+01 1.77842617e+01
    1.96610470e+01 1.94860992e+01 2.03116970e+01 1.99478226e+01
    1.90106163e+01 1.94312840e+01 2.13351288e+01 2.09176903e+01
    2.27800426e+01 2.12801399e+01 2.05554638e+01 1.97720814e+01
    2.01738758e+01 1.92686806e+01 1.92501163e+01 1.85408344e+01
    1.88014507e+01 1.95142212e+01 1.77564220e+01 1.74845047e+01
    1.96472244e+01 1.91703129e+01 1.87159061e+01 1.79102592e+01
    1.88300552e+01 1.87466297e+01 1.88439236e+01 1.99652901e+01
    2.01262646e+01 2.05709362e+01 1.95075111e+01 2.15254593e+01
    2.18901672e+01 2.04200516e+01 2.15251713e+01 2.03818150e+01
    2.09465809e+01 2.10223122e+01 2.08992767e+01 2.20408440e+01
    2.07065449e+01 2.00295773e+01 2.07246571e+01 2.08018436e+01
    1.92935848e+01 1.99055653e+01 2.03100185e+01 2.08876801e+01
    2.01605759e+01 1.97993145e+01 1.94925442e+01 1.94055653e+01
    1.93251877e+01 1.83034954e+01 1.89332256e+01 1.90922394e+01
    1.87617054e+01 1.89280186e+01 2.09510212e+01 1.96831951e+01
    1.83293762e+01 2.01921196e+01 1.91875248e+01 1.97128658e+01
    2.07266788e+01 2.00598373e+01 1.95992603e+01 2.03151646e+01
    1.95537796e+01 1.92644100e+01 1.89077530e+01 1.94600220e+01
    1.90272713e+01 1.79136314e+01 1.81245747e+01 1.92163620e+01
    1.97538528e+01 1.94501972e+01 2.03682194e+01 1.99371185e+01
    1.87965412e+01 2.02986107e+01 1.99860058e+01 2.14275837e+01
    1.96796055e+01 1.98850956e+01 1.99417992e+01 1.87062416e+01
    2.03888378e+01 2.24179058e+01 2.09339237e+01 2.05163746e+01
    2.05146179e+01 2.05317249e+01 2.08227940e+01 2.27788334e+01
    2.12858410e+01 2.08336716e+01 2.12561493e+01 2.04802532e+01
    1.85856667e+01 2.01767406e+01 2.00094242e+01 1.95600204e+01
    2.03472843e+01 2.19980469e+01 2.03199234e+01 2.05168571e+01
    2.06090279e+01 1.94281712e+01 1.90140839e+01 2.04764462e+01
    1.99493675e+01 2.03792992e+01 2.08308926e+01 1.98328876e+01
    2.07134018e+01 2.16619244e+01 2.14334755e+01 2.41165466e+01
    2.24674625e+01 2.30132351e+01 2.45597992e+01 2.23622112e+01
    2.20582390e+01 2.39341831e+01 2.09985867e+01 1.93392410e+01
    1.86128292e+01 1.78547764e+01 1.85375881e+01 1.90813293e+01
    1.82150936e+01 1.91449852e+01 1.74615192e+01 1.80590019e+01
    1.99327908e+01 2.04910488e+01 1.99716339e+01 1.86569881e+01
    1.97420120e+01 1.95099659e+01 1.84972954e+01 1.88667736e+01
    1.79341526e+01 1.87335758e+01 1.82589073e+01 1.71367531e+01
    1.83580685e+01 1.76474876e+01 1.89460297e+01 1.96783276e+01
    2.15346966e+01 1.93292274e+01 2.05657787e+01 2.18184109e+01
    2.17663574e+01 2.18219929e+01 2.24888554e+01 2.38117733e+01
    2.10383663e+01 1.99685764e+01 2.23063183e+01 2.19867344e+01
    1.95840645e+01 2.00718079e+01 1.94279461e+01 1.96485615e+01
    1.91609077e+01 1.84164886e+01 1.96211681e+01 1.91610374e+01
    1.77946796e+01 1.85199852e+01 1.80326347e+01 1.92463779e+01
    1.98966064e+01 2.05895061e+01 2.02149773e+01 1.96706619e+01
    2.13195133e+01 2.09746170e+01 2.23364544e+01 2.23122768e+01
    2.03468933e+01 2.08675823e+01 2.13503819e+01 2.21706924e+01
    2.19879036e+01 1.95318813e+01 1.78771973e+01 1.78951015e+01
    1.97564220e+01 2.04020958e+01 2.18091984e+01 2.23297501e+01
    2.05107422e+01 2.10010414e+01 2.24635162e+01 2.11684151e+01
    2.27275543e+01 2.23138218e+01 2.12042084e+01 2.13926830e+01
    2.00899963e+01 1.95048790e+01 2.10489445e+01 2.00864010e+01
    1.98495464e+01 2.06023006e+01 2.05753956e+01 1.85041180e+01
    1.94345589e+01 1.91428833e+01 1.87485943e+01 1.79696140e+01
    1.89791660e+01 1.87088108e+01 1.85848351e+01 1.71572018e+01
    1.69185677e+01 1.91914597e+01 1.71190548e+01 1.64393959e+01
    1.85716534e+01 1.84182549e+01 1.87678986e+01 1.88434772e+01
    2.01828823e+01 1.88829422e+01 2.11833000e+01 2.22230263e+01
    1.89403152e+01 1.92132645e+01 2.13953228e+01 2.01041050e+01
    2.08059635e+01 2.10204029e+01 2.13702621e+01 1.82984180e+01
    1.97616081e+01 1.92969933e+01 2.07252216e+01 1.98970833e+01
    1.94719334e+01 1.78791809e+01 1.85341911e+01 1.72629242e+01
    2.06439724e+01 1.91222820e+01 1.95909462e+01 2.04532089e+01
    1.91206913e+01 1.95406399e+01 2.21620636e+01 2.06457462e+01
    2.18522930e+01 2.09665833e+01 2.07958908e+01 2.21482811e+01
    2.08467236e+01 2.09839497e+01 2.10120811e+01 1.90124702e+01
    1.99548626e+01 1.89517326e+01 1.96571484e+01 1.87261391e+01
    1.92970257e+01 1.92967186e+01 1.90465260e+01 1.97564926e+01
    1.97875748e+01 1.76821232e+01 1.90308380e+01 2.11025486e+01
    2.15236320e+01 1.96869755e+01 2.04768257e+01 1.99294109e+01
    1.97389507e+01 1.94769211e+01 2.13872509e+01 2.01849384e+01
    2.16518707e+01 1.98997898e+01 2.03701115e+01 2.08407021e+01
    2.17391682e+01 2.28955173e+01 2.11933575e+01 2.25657902e+01
    2.16302166e+01 2.12020702e+01 2.21990452e+01 2.10689507e+01
    2.06564236e+01 1.96659832e+01 1.90591240e+01 2.12222080e+01
    1.96301804e+01 1.96532326e+01 1.96169090e+01 1.86606960e+01
    1.79386959e+01 1.92331524e+01 2.02395592e+01 1.89197922e+01
    1.76116505e+01 2.02247448e+01 1.92867508e+01 1.86840572e+01
    1.87482948e+01 2.07175560e+01 2.03944130e+01 2.01853600e+01
    1.93560314e+01 1.91733799e+01 1.98001919e+01 1.94039345e+01
    1.86454029e+01 1.91700268e+01 1.75611725e+01 1.88970413e+01
    1.93987026e+01 1.82925434e+01 1.95601082e+01 1.90854244e+01
    1.78653584e+01 2.01929398e+01 2.02717972e+01 2.04443264e+01
    2.09171104e+01 2.08812733e+01 2.14009171e+01 2.07644501e+01
    2.01667366e+01 2.21189156e+01 2.17086773e+01 2.17775040e+01
    2.13324184e+01 2.00840530e+01 1.99574947e+01 2.16629086e+01
    2.17701607e+01 2.00175228e+01 1.95917912e+01 2.09762554e+01
    1.91814308e+01 2.00097561e+01 2.06922760e+01 1.94518013e+01
    2.10361099e+01 2.14289627e+01 1.91384392e+01 2.04039440e+01
    2.04322643e+01 2.06812286e+01 2.13477058e+01 2.19105377e+01
    2.20044270e+01 2.03268223e+01 2.25924435e+01 2.16703472e+01
    2.14023266e+01 2.31275063e+01 2.29780350e+01 2.35140400e+01
    2.23729172e+01 2.24167633e+01 2.33748913e+01 2.17138786e+01
    2.15952892e+01 2.18470802e+01 2.03942814e+01 2.09933605e+01
    1.93912334e+01 1.98454857e+01 1.90953331e+01 1.81295586e+01
    1.73319721e+01 1.84715328e+01 1.92071552e+01 1.82109833e+01
    1.88911114e+01 2.08451214e+01 2.17694893e+01 1.97147083e+01
    1.92471485e+01 2.00055180e+01 2.01329823e+01 1.99408207e+01
    1.83540936e+01 1.89416618e+01 1.79359417e+01 1.87994480e+01
    1.87376385e+01 1.75079079e+01 1.73916035e+01 2.01782875e+01
    2.02205486e+01 2.04747601e+01 2.03166981e+01 2.29035912e+01
    2.30024014e+01 2.31859474e+01 2.35911503e+01 2.25666695e+01
    2.07021542e+01 2.02066879e+01 2.01839371e+01 2.13844051e+01
    2.01160717e+01 1.99750824e+01 1.86940403e+01 2.09199276e+01
    2.01730099e+01 1.88305721e+01 2.08236179e+01 2.08768120e+01
    1.89954090e+01 1.84964466e+01 1.97170238e+01 1.78979607e+01
    1.87226200e+01 1.97458057e+01 1.88199635e+01 2.04252758e+01
    2.05082569e+01 2.00015717e+01 1.95554638e+01 2.12121620e+01
    2.22220039e+01 2.03339691e+01 1.93017101e+01 2.20688000e+01
    2.11357422e+01 1.95054111e+01 1.95808830e+01 1.85357037e+01
    2.01781654e+01 2.05779552e+01 2.30393944e+01 2.08479290e+01
    2.15543423e+01 1.92712898e+01 2.21640167e+01 2.10737076e+01
    2.31536884e+01 2.26224422e+01 2.15635090e+01 2.12468376e+01
    2.11294632e+01 2.05891762e+01 2.09652786e+01 1.96111012e+01
    2.12393322e+01 2.13051357e+01 2.09049225e+01 1.91787415e+01
    1.98051910e+01 1.92797527e+01 2.00587578e+01 1.89350281e+01
    1.89061375e+01 1.85890465e+01 1.88388348e+01 1.77317142e+01
    1.88308258e+01 2.00669270e+01 1.93832932e+01 1.89517384e+01
    1.85365047e+01 1.82442989e+01 1.87397499e+01 2.05248070e+01
    1.95929909e+01 1.95373058e+01 2.04047909e+01 1.98697090e+01
    1.88740845e+01 2.11169186e+01 2.22826595e+01 1.96184902e+01
    2.15399342e+01 1.97785702e+01 2.08600998e+01 1.90038128e+01
    1.97264671e+01 1.78162098e+01 2.04632359e+01 1.96151352e+01
    1.90905170e+01 1.73342094e+01 1.87127781e+01 1.78713665e+01
    2.01673813e+01 2.01438808e+01 2.03648376e+01 1.93565865e+01
    1.95778313e+01 1.72730141e+01 2.09040413e+01 2.11350212e+01
    2.02600708e+01 1.93426991e+01 1.88998756e+01 1.97299805e+01
    2.03403645e+01 2.00436859e+01 2.09795856e+01 1.84320221e+01
    2.01205273e+01 2.03824978e+01 1.97470856e+01 1.84541664e+01
    1.98015194e+01 1.99314404e+01 1.85049877e+01 2.01274815e+01
    2.05381203e+01 1.91044750e+01 1.93705997e+01 1.98884964e+01
    2.13003807e+01 1.97286148e+01 1.94910889e+01 2.05018711e+01
    1.93627815e+01 1.90485401e+01 2.08519382e+01 2.09250851e+01
    1.97832127e+01 1.92010155e+01 2.08655891e+01 2.09647713e+01
    2.16429729e+01 2.29546299e+01 2.11688900e+01 2.12126217e+01
    2.01880569e+01 2.20038452e+01 2.10698986e+01 2.04395161e+01
    1.90970421e+01 1.89191875e+01 1.92501736e+01 1.99564915e+01
    1.88665810e+01 1.77046070e+01 1.98222446e+01 1.78698521e+01
    1.79854183e+01 1.99966812e+01 2.01258678e+01 1.92944374e+01
    1.88810959e+01 1.87123928e+01 2.00529060e+01 1.80226440e+01
    1.90612297e+01 2.05262070e+01 2.08634758e+01 2.13516731e+01
    1.93763008e+01 1.97419701e+01 1.94527054e+01 2.06952286e+01
    1.92296925e+01 1.91168442e+01 1.89348907e+01 1.67553539e+01
    1.91176567e+01 1.89148064e+01 1.75445576e+01 1.96552734e+01
    1.81881676e+01 1.89370193e+01 2.07360020e+01 2.04174309e+01
    2.05750217e+01 2.08191338e+01 2.00906677e+01 2.21910915e+01
    2.04606400e+01 2.10522461e+01 1.98080368e+01 2.15081806e+01
    2.11980762e+01 2.14595757e+01 2.03881168e+01 1.95451756e+01
    2.09894714e+01 2.05287094e+01 2.00003567e+01 2.01446056e+01
    1.98701077e+01 1.98547745e+01 2.02703190e+01 2.05024796e+01
    2.17059898e+01 2.04968815e+01 2.08312836e+01 2.22016335e+01
    2.14826641e+01 2.22179527e+01 2.14502354e+01 2.25483932e+01
    1.98889694e+01 1.98156967e+01 2.00362148e+01 2.19988499e+01
    1.95838108e+01 2.13051701e+01 2.22598705e+01 2.15198364e+01
    2.06562576e+01 2.16444817e+01 2.10236588e+01 2.16800098e+01
    2.20094776e+01 2.30983639e+01 2.11167908e+01 2.13396721e+01
    1.98598576e+01 1.94859715e+01 2.03666420e+01 2.00422573e+01
    1.89393692e+01 1.90147438e+01 1.84006996e+01 1.89379997e+01
    1.97203026e+01 2.04967823e+01 2.02202816e+01 1.92470798e+01
    1.99235191e+01 2.05377083e+01 2.10538864e+01 1.93697014e+01
    1.89943352e+01 2.07228451e+01 1.84599895e+01 1.83296089e+01
    1.76414318e+01 1.73523331e+01 1.82088871e+01 1.90070801e+01
    2.12178917e+01 1.96497383e+01 1.95499401e+01 2.23717499e+01
    2.12147541e+01 2.33609047e+01 2.38605175e+01 2.25567207e+01
    2.13375130e+01 2.05817127e+01 2.08839417e+01 2.08139553e+01
    1.96381588e+01 2.02536011e+01 1.97544422e+01 1.94388695e+01
    2.10517368e+01 2.04682751e+01 1.98700047e+01 2.16757412e+01
    1.99501953e+01 1.96909103e+01 1.89385490e+01 1.76664753e+01
    1.86426697e+01 2.01727772e+01 1.91759338e+01 1.95352001e+01
    1.81981621e+01 2.03443947e+01 2.06287079e+01 2.13231621e+01
    2.17852707e+01 2.16522350e+01 2.13020496e+01 2.16872044e+01
    2.11738911e+01 1.96680088e+01 2.08318615e+01 2.03123226e+01
    2.15376244e+01 2.23320408e+01 2.10170860e+01 2.15842075e+01
    2.22689476e+01 2.21416912e+01 2.26137543e+01 2.17737598e+01
    2.25478191e+01 2.41536388e+01 2.19766273e+01 1.98433475e+01
    2.01099148e+01 2.05018253e+01 2.05451965e+01 1.87612133e+01
    2.14367104e+01 2.08243217e+01 1.93574982e+01 1.99488373e+01
    1.92751884e+01 1.88628082e+01 1.91913319e+01 1.76432323e+01
    1.84633656e+01 1.92833214e+01 1.85204105e+01 1.68698902e+01
    1.88948193e+01 1.81158600e+01 1.79983406e+01 1.79632111e+01
    1.77749462e+01 1.81798038e+01 1.92847748e+01 1.97964516e+01
    1.98704376e+01 1.81555481e+01 1.99985924e+01 1.91909523e+01
    1.96145229e+01 2.02663517e+01 2.13298855e+01 2.03387070e+01
    2.17343445e+01 2.14132061e+01 1.93445148e+01 1.91856174e+01
    2.04772186e+01 1.83057384e+01 1.89670792e+01 1.92276592e+01
    1.88411045e+01 1.76362534e+01 1.89417229e+01 1.73820724e+01
    2.06277084e+01 2.10730019e+01 1.86888695e+01 1.98998222e+01
    2.20100422e+01 2.15362186e+01 2.24583549e+01 2.13509293e+01
    2.02482929e+01 2.12493649e+01 2.19106808e+01 2.14049034e+01
    2.07609577e+01 2.12128601e+01 2.11277428e+01 2.02945423e+01
    2.17420311e+01 2.18989391e+01 1.97251358e+01 1.98713207e+01
    2.18566589e+01 2.03478451e+01 2.01175652e+01 2.08864231e+01
    2.14115620e+01 1.89369526e+01 1.85924606e+01 2.04384270e+01
    2.05692196e+01 1.94725800e+01 2.02593937e+01 1.93618107e+01
    2.02505856e+01 1.94050388e+01 2.04547081e+01 2.13108120e+01
    2.01260033e+01 2.04069252e+01 2.13085823e+01 2.17615051e+01
    2.20221653e+01 2.40390568e+01 2.28925533e+01 2.32090073e+01
    2.14375114e+01 2.10537300e+01 2.13077259e+01 2.19798775e+01
    1.99962006e+01 1.92766571e+01 1.83084660e+01 1.88640404e+01
    1.92608109e+01 1.84209270e+01 1.94685688e+01 1.91488457e+01
    1.86687279e+01 2.03314972e+01 1.97067966e+01 1.97127171e+01
    1.85942764e+01 1.89689064e+01 1.89826126e+01 2.02727394e+01
    1.87313728e+01 2.07434559e+01 1.96804333e+01 2.02746181e+01
    2.07526207e+01 1.92673798e+01 1.90898724e+01 2.04906502e+01
    1.94332561e+01 1.77253571e+01 1.90231190e+01 1.66606503e+01
    1.65388660e+01 1.81291466e+01 1.94058075e+01 1.92441292e+01
    1.71188984e+01 1.77142467e+01 1.90347080e+01 2.04679508e+01
    2.01146030e+01 2.06361027e+01 1.90115891e+01 1.98330975e+01
    1.95447025e+01 2.05295086e+01 2.04634266e+01 1.98828297e+01
    1.78154621e+01 2.06829777e+01 2.05948925e+01 2.06525764e+01
    1.98844433e+01 1.89004974e+01 1.93344460e+01 1.90401688e+01
    1.94957027e+01 2.03851318e+01 2.18089867e+01 2.11126499e+01
    2.10541763e+01 2.19605999e+01 2.08099117e+01 2.20559521e+01
    2.20564384e+01 2.19277210e+01 2.18794613e+01 2.19832802e+01
    2.04884033e+01 2.01442451e+01 2.01086807e+01 2.15762157e+01
    1.90464382e+01 2.04235744e+01 2.05531998e+01 2.08265896e+01
    2.14390011e+01 2.19011726e+01 2.04589443e+01 2.07199173e+01
    2.12689114e+01 2.16813545e+01 2.10291157e+01 1.93161602e+01
    1.98401127e+01 2.02592335e+01 1.92888279e+01 1.99636517e+01
    1.96709976e+01 1.83579750e+01 1.99227657e+01 1.90355797e+01
    1.89933758e+01 2.02919636e+01 2.00785294e+01 2.03277740e+01
    1.99745274e+01 2.07465115e+01 2.08954487e+01 2.03492470e+01
    1.96980801e+01 2.12608376e+01 1.96725197e+01 1.95999050e+01
    1.93915501e+01 2.05229340e+01 1.91596165e+01 2.07380009e+01
    1.97322845e+01 1.93149242e+01 1.94921780e+01 2.19817638e+01
    2.22912769e+01 2.22294235e+01 2.19111862e+01 2.29991055e+01
    2.15529938e+01 2.12949734e+01 2.07297077e+01 2.12677422e+01
    1.99584904e+01 2.03459511e+01 2.12779675e+01 2.00513096e+01
    1.80585251e+01 2.02234821e+01 2.08418770e+01 2.12386780e+01
    1.91049061e+01 1.94906483e+01 2.01813316e+01 1.74781590e+01
    1.74262295e+01 1.86230679e+01 1.80184498e+01 1.82480373e+01
    1.83225403e+01 1.76701431e+01 1.87879620e+01 2.12068634e+01
    2.20227146e+01 2.14005604e+01 2.06204967e+01 2.01305332e+01
    1.98916302e+01 2.20673351e+01 1.99139099e+01 1.97017365e+01
    2.09691334e+01 2.20324879e+01 2.13875370e+01 2.09859943e+01
    2.00650043e+01 1.98256550e+01 2.21896992e+01 2.16700592e+01
    2.21108589e+01 2.10253506e+01 1.91047668e+01 1.91214657e+01
    2.02550182e+01 2.06871414e+01 2.06130943e+01 2.13214722e+01
    2.22758999e+01 2.24190712e+01 2.11040134e+01 2.04660892e+01
    1.93427620e+01 1.89074249e+01 2.03873978e+01 1.98766613e+01
    1.77232590e+01 1.75896454e+01 1.78776169e+01 1.78308449e+01
    1.80522137e+01 1.80686340e+01 1.78495655e+01 1.87844105e+01
    2.04018326e+01 1.90897961e+01 1.90076599e+01 1.96417999e+01
    2.00608215e+01 2.01132946e+01 2.04279423e+01 2.04325447e+01
    1.83015957e+01 1.94541531e+01 2.12974472e+01 2.02285061e+01
    2.12535229e+01 2.20346127e+01 2.02103405e+01 1.79528542e+01
    1.98003082e+01 2.18896961e+01 1.97191620e+01 1.96018124e+01
    2.02524853e+01 1.82235126e+01 2.04963856e+01 1.77737007e+01
    1.97138748e+01 2.12772141e+01 2.10323505e+01 2.10536709e+01
    1.91801395e+01 2.03886223e+01 2.15565434e+01 2.16037369e+01
    2.11292343e+01 2.16750774e+01 2.13170166e+01 2.11121292e+01
    2.15542240e+01 1.97623806e+01 2.16688461e+01 2.00766544e+01
    2.06620522e+01 2.25684948e+01 2.16031971e+01 1.99470367e+01
    2.17370853e+01 2.12795296e+01 2.10122643e+01 2.21586151e+01
    2.24888000e+01 2.00914326e+01 1.88992233e+01 2.12726955e+01
    2.14527454e+01 1.94691181e+01 1.97040195e+01 1.95106659e+01
    1.94438000e+01 2.15040340e+01 2.12137394e+01 2.11026192e+01
    1.99693089e+01 2.06519604e+01 2.10441208e+01 2.24048405e+01
    2.26524792e+01 2.32184677e+01 2.20344410e+01 2.22450047e+01
    2.16783028e+01 2.01726971e+01 2.18268585e+01 2.31204624e+01
    1.83237610e+01 1.82180519e+01 1.87575207e+01 1.83587646e+01
    1.87213936e+01 1.90231533e+01 1.93822632e+01 1.98382778e+01
    1.82959595e+01 2.02806225e+01 1.99790401e+01 1.97715778e+01
    1.87582321e+01 1.83808422e+01 1.85091133e+01 1.77572632e+01
    1.75922318e+01 1.78281078e+01 2.00957241e+01 1.86714287e+01
    1.89266567e+01 2.11603355e+01 2.08437519e+01 2.26354446e+01
    2.01704597e+01 1.91801071e+01 1.82946701e+01 1.99707680e+01
    1.83121071e+01 1.98037739e+01 1.87968082e+01 1.91453152e+01
    1.77340794e+01 1.83567696e+01 1.95839272e+01 1.89148941e+01
    2.00682297e+01 2.03394852e+01 1.79800262e+01 2.07643833e+01
    2.15454292e+01 2.16118870e+01 2.11580219e+01 2.05127773e+01
    1.99980316e+01 2.15161858e+01 2.09792309e+01 2.08033867e+01
    2.06334591e+01 1.95159416e+01 1.84431686e+01 1.92817841e+01
    2.03055210e+01 2.11678600e+01 2.12135010e+01 2.15822525e+01
    2.03628864e+01 2.11902885e+01 2.20596542e+01 2.26755219e+01
    2.24134827e+01 2.30362968e+01 2.24895439e+01 2.25566654e+01
    2.11632442e+01 2.14653416e+01 2.05621567e+01 1.97912254e+01
    1.94185219e+01 2.14271622e+01 2.14125557e+01 1.94608326e+01
    1.93507309e+01 2.06889858e+01 1.96998901e+01 2.15017815e+01
    2.10393639e+01 2.30595703e+01 2.01958771e+01 1.95838432e+01
    1.93590145e+01 2.13298569e+01 2.11271877e+01 2.05735035e+01
    1.93580818e+01 1.90795403e+01 1.85854340e+01 2.00009651e+01
    1.85727596e+01 2.09665871e+01 2.05919476e+01 2.07715282e+01
    2.20930500e+01 2.18871555e+01 2.05394096e+01 1.98534431e+01
    2.03562126e+01 2.03804932e+01 1.89423904e+01 1.99937420e+01
    2.00749149e+01 1.80400772e+01 1.93572445e+01 1.90304356e+01
    2.01947861e+01 1.95956135e+01 1.95237522e+01 2.19414883e+01
    2.03620358e+01 2.13840809e+01 2.12757111e+01 2.18177490e+01
    1.99174004e+01 2.08708267e+01 2.23399620e+01 2.12268581e+01
    1.88961582e+01 1.84362068e+01 2.01408195e+01 1.97444229e+01
    1.95376492e+01 2.09876690e+01 2.07471561e+01 2.06542072e+01
    1.94182720e+01 1.84366207e+01 1.98295345e+01 1.88307343e+01
    1.81772270e+01 1.83402882e+01 1.70339088e+01 1.73491669e+01
    1.95913811e+01 1.97116985e+01 1.99344845e+01 2.00362892e+01
    1.87730598e+01 2.04156933e+01 2.10935078e+01 2.09926071e+01
    1.93165302e+01 1.96452694e+01 2.03651714e+01 2.00031910e+01
    2.02044029e+01 2.20825768e+01 2.10688915e+01 1.90183640e+01
    2.07026482e+01 2.20560398e+01 2.13690281e+01 2.19991989e+01
    2.01469727e+01 2.13849812e+01 1.96306610e+01 1.82159042e+01
    2.16565361e+01 1.98813477e+01 1.94335155e+01 2.12301445e+01
    2.12806034e+01 2.16367741e+01 2.18123417e+01 1.94055405e+01
    1.98942909e+01 1.87899971e+01 1.92907562e+01 1.84245529e+01
    1.92061043e+01 1.82269707e+01 1.70302925e+01 1.65136681e+01
    1.78242893e+01 1.88992062e+01 1.79317875e+01 1.90704632e+01
    1.89392509e+01 1.83935833e+01 1.89320908e+01 1.87973804e+01
    2.03014565e+01 2.02223835e+01 1.96620388e+01 2.00233822e+01
    1.85274258e+01 1.91796722e+01 2.09277420e+01 2.00029068e+01
    2.10756569e+01 2.02266846e+01 2.08412781e+01 1.81410580e+01
    1.87193527e+01 1.90414181e+01 1.86119499e+01 1.84841061e+01
    1.72187843e+01 1.63241463e+01 1.92854786e+01 1.76931458e+01
    1.92256107e+01 1.90003052e+01 2.01916103e+01 1.90215797e+01
    2.20440979e+01 2.08709564e+01 2.18438816e+01 2.34441452e+01
    2.16034069e+01 2.26638393e+01 2.28172112e+01 2.24388103e+01
    2.26819916e+01 2.05479679e+01 2.19636688e+01 2.10609741e+01
    2.11024857e+01 2.20832882e+01 2.07958431e+01 2.03589592e+01
    2.01602020e+01 2.13447208e+01 2.03964977e+01 2.09070511e+01
    2.23280048e+01 1.89525242e+01 1.91839275e+01 1.98842659e+01
    2.08701668e+01 1.87245350e+01 1.80347424e+01 1.98538380e+01
    1.82956009e+01 2.04444218e+01 2.10570507e+01 2.00964031e+01
    2.22027950e+01 2.05459099e+01 2.00955505e+01 2.30300350e+01
    2.36323586e+01 2.30063496e+01 2.37226048e+01 2.21883545e+01
    2.22823353e+01 2.29513607e+01 2.05025787e+01 2.17473984e+01
    2.13067036e+01 1.91897774e+01 1.90684891e+01 1.98656578e+01
    1.77567902e+01 1.85365238e+01 1.81043930e+01 1.94447937e+01
    1.78831291e+01 1.80811367e+01 1.92024670e+01 1.83520603e+01
    1.70599594e+01 1.68502789e+01 1.74771786e+01 1.72814827e+01
    1.58296213e+01 1.88292446e+01 1.98117352e+01 1.94406929e+01
    1.95459118e+01 2.10155678e+01 2.04516506e+01 2.07903862e+01
    2.17927818e+01 2.07096672e+01 1.86441307e+01 1.97950478e+01
    1.91876564e+01 2.05628891e+01 1.89671822e+01 1.92083607e+01
    1.83185329e+01 1.84010601e+01 2.00872612e+01 1.99531155e+01
    2.01294060e+01 2.08315353e+01 2.05628853e+01 2.00846901e+01
    1.97727966e+01 2.19153481e+01 2.17568512e+01 1.96139317e+01
    1.89545650e+01 1.86949654e+01 2.14537945e+01 2.09464302e+01
    2.06295128e+01 1.91602650e+01 1.75836182e+01 2.07538471e+01
    1.98971691e+01 2.07813377e+01 2.08237171e+01 2.17760010e+01
    2.05925484e+01 2.19765930e+01 2.25080357e+01 2.38740597e+01
    2.33287163e+01 2.34302807e+01 2.28516312e+01 2.37324867e+01
    2.11069584e+01 2.22357292e+01 2.06880951e+01 1.96715412e+01
    1.87453403e+01 2.20098648e+01 2.08905983e+01 2.00237122e+01
    2.00543041e+01 2.09544601e+01 1.95676537e+01 2.18144646e+01
    2.07719193e+01 2.14378090e+01 1.97487488e+01 1.91619949e+01
    1.99895458e+01 2.13759537e+01 2.07114353e+01 1.99188862e+01
    2.03320236e+01 2.05428028e+01 2.11751423e+01 2.05561752e+01
    1.93393650e+01 2.13715343e+01 2.15278473e+01 2.09620018e+01
    2.17795410e+01 2.34523697e+01 2.10347652e+01 2.07053928e+01
    2.15021801e+01 2.26061535e+01 2.19479942e+01 2.14232216e+01
    2.15198364e+01 1.97358227e+01 1.93694248e+01 1.96610374e+01
    1.83642197e+01 1.98213711e+01 1.87625542e+01 2.10585632e+01
    2.06843987e+01 1.96062984e+01 2.16183929e+01 2.26481380e+01
    2.12779655e+01 2.29750938e+01 2.29326420e+01 2.30741520e+01
    2.00042381e+01 2.15044403e+01 2.28653393e+01 2.30308037e+01
    1.89596577e+01 2.03757820e+01 2.08212872e+01 2.06565857e+01
    2.05142345e+01 1.91296139e+01 1.93524609e+01 1.93625393e+01
    1.74161091e+01 1.82962055e+01 1.84175682e+01 1.85001831e+01
    1.91045322e+01 1.68579578e+01 1.84144440e+01 1.96245728e+01
    1.82622204e+01 2.07407932e+01 2.07511234e+01 2.17038097e+01
    2.05890350e+01 1.96833038e+01 1.95922222e+01 1.94259224e+01
    1.94617863e+01 2.05905437e+01 2.09765205e+01 1.83827553e+01
    1.95328102e+01 2.00739021e+01 2.07829037e+01 2.02137947e+01
    2.00555420e+01 1.85876942e+01 1.88220387e+01 1.81509247e+01
    1.93759727e+01 1.79631729e+01 1.98492069e+01 2.06238251e+01
    2.04194183e+01 2.08689861e+01 2.03487968e+01 1.90789280e+01
    1.92903290e+01 2.00380535e+01 2.25084648e+01 2.01026554e+01
    2.02491341e+01 1.96699371e+01 1.90835266e+01 1.81256084e+01
    1.96891499e+01 2.16354008e+01 1.95928593e+01 1.95704231e+01
    2.02962284e+01 2.00399494e+01 2.02070675e+01 2.08818703e+01
    2.03730011e+01 2.01935425e+01 2.03649616e+01 1.95836163e+01
    1.88645325e+01 2.07410946e+01 2.06540203e+01 1.96694107e+01
    2.02847843e+01 2.08989258e+01 1.91555138e+01 1.72884388e+01
    1.84359131e+01 1.86964798e+01 1.82826004e+01 1.74902039e+01
    1.76196156e+01 1.65819073e+01 1.68699627e+01 1.80033722e+01
    1.92560253e+01 1.91277733e+01 2.03457413e+01 1.83856163e+01
    2.09983616e+01 1.89108219e+01 2.02884903e+01 2.29147472e+01
    2.02853832e+01 2.01578484e+01 2.27026253e+01 2.10812397e+01
    2.07967854e+01 2.04639492e+01 1.91227951e+01 1.99378052e+01
    2.11747398e+01 2.09564972e+01 2.07714233e+01 1.98832054e+01
    2.12523937e+01 2.04441261e+01 2.00834656e+01 2.21343174e+01
    2.05560341e+01 2.05084648e+01 1.92748718e+01 1.92189407e+01
    2.05011215e+01 1.96874466e+01 1.95263786e+01 1.98634853e+01
    1.86593666e+01 1.98575745e+01 2.10971718e+01 2.09557037e+01
    2.12248726e+01 2.13662491e+01 2.14935246e+01 2.18497849e+01
    2.37796402e+01 2.36078758e+01 2.22825584e+01 2.23432846e+01
    2.35121384e+01 2.24018764e+01 2.05325680e+01 2.18217068e+01
    2.08311844e+01 1.89657269e+01 1.94627361e+01 1.95036469e+01
    1.78012562e+01 1.76698818e+01 1.89451084e+01 1.79601631e+01
    1.73275967e+01 1.84557362e+01 1.95526390e+01 1.76530476e+01
    1.66012936e+01 1.75177288e+01 1.80542126e+01 1.83512192e+01
    1.86413097e+01 1.87679482e+01 2.01058636e+01 1.95741024e+01
    1.79102840e+01 2.15539665e+01 2.03408165e+01 2.09157448e+01
    2.10597496e+01 1.94803562e+01 1.75210590e+01 2.00448647e+01
    2.02255821e+01 1.88999519e+01 1.88378696e+01 1.80493393e+01
    1.88708496e+01 1.85562496e+01 1.96581688e+01 2.05325832e+01
    1.93182907e+01 2.17675400e+01 2.07499790e+01 2.18304310e+01
    2.26616898e+01 2.21518421e+01 2.00891285e+01 2.21838989e+01
    2.00991974e+01 1.94012127e+01 2.00185585e+01 2.00860920e+01
    2.16211071e+01 2.08065434e+01 1.98126945e+01 2.03636513e+01
    2.20255699e+01 2.01316280e+01 2.06382313e+01 2.31204891e+01
    2.12784519e+01 2.22692108e+01 2.13494568e+01 2.33223839e+01
    2.17819042e+01 2.15650635e+01 2.32439079e+01 2.20505905e+01
    2.02082691e+01 2.13945827e+01 1.97180042e+01 1.90448761e+01
    1.85615177e+01 2.14365520e+01 2.04294224e+01 1.98883934e+01
    2.01770058e+01 2.12442074e+01 1.99512177e+01 2.06765556e+01
    2.22780266e+01 2.32862988e+01 2.07212601e+01 1.99003429e+01
    1.95621605e+01 2.08816071e+01 2.08019981e+01 2.13814640e+01
    1.93672390e+01 1.88593788e+01 1.97308712e+01 2.05228786e+01
    1.94835033e+01 2.11200905e+01 2.06557560e+01 1.98707943e+01
    2.17211819e+01 2.20124493e+01 2.14512997e+01 1.97571850e+01
    2.03747501e+01 2.28014297e+01 2.01659584e+01 1.98674507e+01
    1.81754494e+01 1.72751865e+01 1.84201298e+01 1.95237789e+01
    1.89912300e+01 1.98015919e+01 1.93242569e+01 2.08978577e+01
    1.96436996e+01 1.99547367e+01 2.19980278e+01 2.26954174e+01
    2.14978943e+01 2.26683617e+01 2.20473442e+01 2.28933411e+01
    2.09850578e+01 2.05578861e+01 2.14058113e+01 2.24177341e+01
    1.96545563e+01 2.09386539e+01 2.14391918e+01 1.90575047e+01
    1.88239098e+01 1.89646873e+01 1.73596668e+01 1.78921547e+01
    1.84390297e+01 1.91876507e+01 1.77950382e+01 1.69929562e+01
    1.98058720e+01 1.90353642e+01 1.93064594e+01 1.93922176e+01
    1.89388371e+01 2.02614841e+01 2.14098206e+01 1.99067326e+01
    1.89856663e+01 1.87019920e+01 1.98034668e+01 1.82102451e+01
    1.97507629e+01 2.02686081e+01 1.95357952e+01 1.76644020e+01
    2.05863914e+01 1.97714539e+01 1.90822182e+01 2.03020420e+01
    2.04687710e+01 1.98897018e+01 1.86046848e+01 1.80686893e+01
    1.93267975e+01 1.76590824e+01 1.79512959e+01 1.84836044e+01
    1.75977993e+01 1.75380974e+01 1.88982182e+01 1.86517715e+01
    1.89501247e+01 1.99680252e+01 1.97714882e+01 2.01709576e+01
    1.99247704e+01 2.07468872e+01 2.05547791e+01 2.02460327e+01
    2.02655849e+01 2.12833958e+01 2.01004715e+01 1.89700699e+01
    2.13418560e+01 2.11357574e+01 2.02739677e+01 2.16522102e+01
    2.11657295e+01 1.88751831e+01 2.10894547e+01 1.98629494e+01
    1.99422264e+01 1.90649757e+01 2.10555782e+01 1.98566761e+01
    1.99436512e+01 2.01716576e+01 1.98331451e+01 1.84992962e+01
    1.79964981e+01 1.85659599e+01 1.86130447e+01 1.62853222e+01
    1.92679081e+01 1.56070185e+01 1.74020214e+01 1.93126640e+01
    1.86454468e+01 1.79456825e+01 1.82793694e+01 1.95034809e+01
    1.95188255e+01 2.04276104e+01 1.94455547e+01 2.10017529e+01
    2.12461643e+01 2.07961273e+01 2.14774151e+01 2.04753494e+01
    2.07323895e+01 2.08570404e+01 2.04767151e+01 2.01581955e+01
    2.05802021e+01 2.08326092e+01 2.07532158e+01 2.00500965e+01
    2.03703575e+01 1.96511192e+01 1.96779461e+01 2.12598286e+01
    1.99558182e+01 1.94993439e+01 1.99312401e+01 1.90594883e+01
    1.98334236e+01 2.00669289e+01 1.96789150e+01 1.95189800e+01
    1.94351444e+01 1.91749039e+01 1.98343811e+01 1.94644279e+01
    2.01515942e+01 2.07838535e+01 1.87437706e+01 2.03966198e+01
    2.30312767e+01 2.44051838e+01 2.35637417e+01 2.33256683e+01
    2.31505508e+01 2.21508179e+01 2.12927990e+01 2.19219990e+01
    2.08221073e+01 1.98271580e+01 1.97703800e+01 2.08856144e+01
    1.88158684e+01 1.97102661e+01 2.12402973e+01 1.89299030e+01
    1.85368519e+01 1.90572147e+01 2.11733246e+01 1.96014824e+01
    1.86636772e+01 1.86451836e+01 1.97513123e+01 1.89396648e+01
    1.83178349e+01 1.83151016e+01 1.91471672e+01 2.00417900e+01
    1.92027588e+01 1.85002804e+01 1.88908348e+01 1.84911366e+01
    2.06156559e+01 1.95305042e+01 1.73564205e+01 1.82513504e+01
    1.90707893e+01 1.88134003e+01 1.93108559e+01 1.97692242e+01
    1.78491497e+01 1.93244953e+01 2.04550781e+01 2.11117134e+01
    1.92880650e+01 2.26892529e+01 2.16541195e+01 2.14597111e+01
    2.25966663e+01 2.11282368e+01 2.07378082e+01 2.10665112e+01
    1.91348763e+01 1.88190384e+01 1.97541676e+01 2.12558308e+01
    1.98528385e+01 2.06243992e+01 1.89779072e+01 1.99414272e+01
    2.02307968e+01 2.07222996e+01 2.05122757e+01 2.10697174e+01
    2.18974724e+01 2.10901089e+01 2.07158127e+01 2.19054470e+01
    2.14721661e+01 2.15162354e+01 2.22661209e+01 2.13139362e+01
    2.07321281e+01 2.19484539e+01 2.07888298e+01 2.03371658e+01
    1.71995258e+01 1.98415718e+01 2.06199455e+01 1.97997704e+01
    1.95571709e+01 2.07297096e+01 1.83340111e+01 2.08329792e+01
    2.05425091e+01 2.23558693e+01 1.95766525e+01 1.98257847e+01
    2.00041561e+01 2.01608257e+01 1.98929825e+01 2.03479004e+01
    1.99075966e+01 2.04311256e+01 2.01651630e+01 2.02184868e+01
    2.07447662e+01 2.04061146e+01 2.00750065e+01 2.10159855e+01
    1.95242424e+01 2.16397591e+01 2.11024265e+01 1.94702187e+01
    2.09484596e+01 2.18321075e+01 2.07866459e+01 1.94146729e+01
    1.96421413e+01 1.85492630e+01 1.82915287e+01 1.88634911e+01
    1.80750389e+01 1.75273323e+01 1.82216549e+01 1.92203083e+01
    1.82716866e+01 2.06495552e+01 2.06918182e+01 2.21667671e+01
    2.06419010e+01 2.13491592e+01 2.14608383e+01 2.12208023e+01
    2.13614292e+01 2.04131680e+01 2.01381855e+01 1.98570251e+01
    2.02005806e+01 2.06201458e+01 1.93587742e+01 1.78364849e+01
    1.80282059e+01 1.90218220e+01 1.93136158e+01 1.88793316e+01
    1.88166504e+01 1.90061588e+01 1.89487419e+01 1.90424118e+01
    1.92099190e+01 1.99023094e+01 1.97721481e+01 1.89040298e+01
    1.87831936e+01 1.90407257e+01 1.99054108e+01 2.10957966e+01
    1.86285343e+01 1.87947330e+01 1.90836086e+01 1.90352192e+01
    1.98440228e+01 2.24919815e+01 1.98525581e+01 1.78367748e+01
    1.80324631e+01 1.97278728e+01 1.93306141e+01 1.96362286e+01
    2.03721828e+01 1.91765747e+01 1.98437729e+01 1.81366997e+01
    1.78655758e+01 1.79634647e+01 1.83611298e+01 1.73046665e+01
    1.75212803e+01 1.82425518e+01 1.83098125e+01 1.69067593e+01
    1.87310791e+01 1.99416943e+01 2.03837833e+01 1.96478958e+01
    2.10634842e+01 2.20495930e+01 2.11569824e+01 2.10858841e+01
    2.11751671e+01 2.11534996e+01 2.12394409e+01 2.07895927e+01
    2.20109673e+01 2.20142708e+01 2.09829578e+01 2.18297005e+01
    2.06551971e+01 2.06100082e+01 1.93687515e+01 2.06189289e+01
    1.87166862e+01 1.96058483e+01 2.18974113e+01 1.81262932e+01
    1.87471409e+01 2.07435207e+01 1.92252903e+01 1.62243977e+01
    1.98456497e+01 1.89273338e+01 1.80804939e+01 1.74149609e+01
    1.76704254e+01 1.56202002e+01 1.59677277e+01 1.65319195e+01
    1.73888664e+01 1.78223000e+01 1.87334290e+01 1.91287022e+01
    1.84883881e+01 1.98555737e+01 2.05575027e+01 1.84287090e+01
    1.96832619e+01 1.90081043e+01 2.14465504e+01 1.96760712e+01
    2.15438175e+01 1.96048603e+01 2.05261917e+01 1.91714554e+01
    2.09443302e+01 2.00642071e+01 2.11922379e+01 2.07992821e+01
    2.17650623e+01 2.05367851e+01 2.35428371e+01 2.02758598e+01
    2.13568439e+01 2.02702980e+01 1.90939903e+01 1.99292927e+01
    1.99896469e+01 2.08366051e+01 1.83468533e+01 1.86841488e+01
    1.80857658e+01 1.82095432e+01 2.04670925e+01 2.01730995e+01
    1.81774540e+01 2.07782440e+01 1.94836464e+01 2.06766891e+01
    2.30152473e+01 2.31685696e+01 2.17850056e+01 2.22500534e+01
    2.12489529e+01 2.19112091e+01 2.16045151e+01 2.22682819e+01
    1.91204281e+01 1.88456631e+01 2.13925629e+01 2.17787170e+01
    1.88314533e+01 1.96503353e+01 1.93705692e+01 1.98941860e+01
    1.95148029e+01 1.91908073e+01 2.02844009e+01 1.97823467e+01
    1.77388935e+01 1.76717892e+01 1.64624481e+01 1.72272758e+01
    1.82790661e+01 1.97242622e+01 1.95536423e+01 1.88749676e+01
    1.98711529e+01 1.92455082e+01 1.99794769e+01 1.80924778e+01
    1.92263794e+01 1.93682652e+01 1.71156998e+01 2.00447884e+01
    1.72182064e+01 1.78720188e+01 1.90562935e+01 1.94674702e+01
    1.95679626e+01 1.94557934e+01 1.92675114e+01 1.98721619e+01
    1.93426399e+01 2.06440601e+01 2.06478653e+01 2.08242874e+01
    2.09288750e+01 2.00524673e+01 1.84034843e+01 2.12076626e+01
    2.20566883e+01 1.95774956e+01 1.95179729e+01 2.02698174e+01
    1.87868977e+01 1.99944401e+01 2.05623512e+01 1.98853111e+01
    2.04912720e+01 2.03658867e+01 1.92457485e+01 2.05002174e+01
    1.95147629e+01 2.05432796e+01 2.05223770e+01 2.18483315e+01
    2.18448925e+01 2.26966534e+01 2.03536072e+01 2.20850277e+01
    1.95798359e+01 2.06940136e+01 2.02465477e+01 1.95612335e+01
    1.69729824e+01 1.86198425e+01 1.90877666e+01 1.87478657e+01
    1.81557922e+01 1.99476700e+01 1.80868740e+01 1.85926838e+01
    2.06807365e+01 2.18872585e+01 2.13506794e+01 2.05844650e+01
    1.88537064e+01 2.03835583e+01 2.02374268e+01 1.99469242e+01
    1.73527527e+01 1.91235714e+01 2.06021347e+01 2.00222683e+01
    1.97147999e+01 2.12007675e+01 2.02227726e+01 2.09941540e+01
    2.12451305e+01 2.05159950e+01 2.21718292e+01 1.94060459e+01
    2.00294666e+01 1.91882706e+01 1.92112083e+01 1.83557320e+01
    1.78215084e+01 1.71934586e+01 1.66744041e+01 1.80515499e+01
    1.89264374e+01 1.81316986e+01 1.85644131e+01 1.87984447e+01
    1.81789913e+01 1.90570545e+01 2.02497616e+01 2.00572052e+01
    1.97538300e+01 2.04829884e+01 1.98788013e+01 1.99185658e+01
    1.86680164e+01 1.95455589e+01 2.01663284e+01 1.87089138e+01
    1.90828285e+01 2.08137341e+01 2.07474728e+01 1.87203255e+01
    1.93242760e+01 1.94576836e+01 1.90539513e+01 1.90005856e+01
    1.89552937e+01 1.78192921e+01 1.90580387e+01 1.94069004e+01
    1.95908470e+01 2.07821903e+01 1.92440853e+01 2.03537254e+01
    1.90564671e+01 2.07557545e+01 2.10753517e+01 1.74869137e+01
    1.75285740e+01 1.85379715e+01 1.92936611e+01 1.92598648e+01
    1.90558891e+01 1.98503475e+01 1.86870594e+01 1.70660286e+01
    1.95887642e+01 2.13797016e+01 1.92648907e+01 2.04220161e+01
    1.99336071e+01 1.92949371e+01 1.88270931e+01 2.00077438e+01
    1.96965466e+01 1.91525784e+01 1.93572502e+01 1.90202141e+01
    1.82030487e+01 1.96761913e+01 2.01441307e+01 1.77338715e+01
    1.92201195e+01 1.98222713e+01 1.97983761e+01 2.01661606e+01
    2.09290180e+01 2.12145329e+01 1.95484219e+01 2.11606846e+01
    2.17011967e+01 2.18056717e+01 2.11984806e+01 2.20096455e+01
    2.09848309e+01 2.06857872e+01 2.10257339e+01 2.02580376e+01
    2.12756138e+01 1.93448467e+01 1.92028675e+01 1.97700558e+01
    1.94953728e+01 1.98244038e+01 2.07159290e+01 1.81754570e+01
    1.75394917e+01 1.96326637e+01 1.97043495e+01 1.86161537e+01
    1.86804943e+01 1.89746761e+01 1.79253273e+01 1.77533035e+01
    1.80651894e+01 1.59508505e+01 1.76591148e+01 1.82126007e+01
    1.87830734e+01 1.82953606e+01 1.96881886e+01 1.93502941e+01
    1.90703526e+01 2.06027794e+01 2.02419472e+01 2.02093143e+01
    2.02224941e+01 1.97980099e+01 2.05014248e+01 2.04294090e+01
    2.11998787e+01 2.03919621e+01 1.99274273e+01 1.86752720e+01
    2.02696934e+01 2.02847424e+01 2.21683445e+01 2.03139973e+01
    2.06273537e+01 2.10467777e+01 1.93577080e+01 2.12195129e+01
    2.04440708e+01 1.96681480e+01 1.92384453e+01 2.00309582e+01
    1.92799263e+01 1.93304214e+01 1.90048256e+01 1.76732464e+01
    1.92543716e+01 1.87292938e+01 1.84723873e+01 2.05816364e+01
    1.90619621e+01 2.01401539e+01 1.93226624e+01 1.96441116e+01
    2.21582661e+01 2.08040276e+01 2.03452950e+01 2.33387280e+01
    2.09391747e+01 2.25861759e+01 2.24372540e+01 2.09069252e+01
    2.05639420e+01 1.80243721e+01 1.80821838e+01 1.97001286e+01
    1.86165485e+01 1.97390099e+01 1.98956642e+01 1.90004139e+01
    1.81060219e+01 1.93316517e+01 1.95548306e+01 2.01643734e+01
    1.91686115e+01 1.85014248e+01 1.85064888e+01 1.68409958e+01
    1.91141338e+01 2.04403286e+01 1.98110905e+01 1.96756363e+01
    1.74998074e+01 1.94436855e+01 1.99109840e+01 1.95972004e+01
    1.99585972e+01 1.93849888e+01 1.58792419e+01 1.86747837e+01
    1.98550777e+01 1.90176468e+01 2.01546726e+01 1.98209705e+01
    1.71771240e+01 1.95449944e+01 1.92506561e+01 1.97108936e+01
    1.81106625e+01 2.10678654e+01 2.02262421e+01 1.98593464e+01
    2.06083641e+01 2.11297874e+01 1.92487335e+01 2.05861073e+01
    2.03210106e+01 1.97098694e+01 2.04835987e+01 1.76233749e+01
    1.87400913e+01 1.91711483e+01 1.92487583e+01 2.11291847e+01
    1.99094715e+01 2.11587658e+01 2.04531021e+01 2.04899921e+01
    1.86361732e+01 2.04422913e+01 2.11715050e+01 2.33291416e+01
    2.18564339e+01 2.17341766e+01 2.20956631e+01 2.13266392e+01
    2.01390896e+01 2.22694893e+01 2.03925915e+01 1.99836464e+01
    1.63377571e+01 1.66272907e+01 1.93336353e+01 1.84332962e+01
    1.63584251e+01 1.74775467e+01 1.66222858e+01 1.89812813e+01
    1.94518070e+01 1.93853092e+01 1.80458832e+01 2.06890984e+01
    1.96203232e+01 1.93697205e+01 1.75378590e+01 2.05895805e+01
    1.94072781e+01 1.87716198e+01 2.12777843e+01 2.10833569e+01
    2.02118053e+01 2.05913258e+01 2.18692780e+01 2.10468330e+01
    2.13176975e+01 2.16590595e+01 2.10380764e+01 2.02310390e+01
    2.07978802e+01 1.90233765e+01 1.90975227e+01 1.99233475e+01
    1.90053635e+01 1.74351349e+01 1.88290920e+01 1.78636799e+01
    1.71036644e+01 1.88766079e+01 1.77113075e+01 1.65871277e+01
    1.78560638e+01 1.81208420e+01 1.82468052e+01 1.86708012e+01
    1.82262058e+01 2.02330322e+01 1.71334267e+01 1.89503002e+01
    1.92690639e+01 1.85818901e+01 1.83338318e+01 1.88588085e+01
    1.93746662e+01 1.90407867e+01 1.92093182e+01 1.83340626e+01
    1.80057869e+01 2.03277817e+01 1.91690292e+01 1.95938282e+01
    1.82762527e+01 1.87277699e+01 1.83576622e+01 1.89748116e+01
    1.96002483e+01 1.94333458e+01 1.91422768e+01 2.04522285e+01
    1.93595886e+01 2.01979523e+01 2.10765820e+01 1.99610310e+01
    1.82618065e+01 1.97627296e+01 2.00627651e+01 2.18500366e+01
    1.95785294e+01 2.05234108e+01 1.97470398e+01 1.89872952e+01
    1.92127132e+01 2.10286407e+01 1.97542095e+01 1.90976334e+01
    1.92231846e+01 1.92769890e+01 2.04279804e+01 1.93931789e+01
    1.95621052e+01 1.85710659e+01 2.00239620e+01 2.02842522e+01
    1.92928200e+01 1.93626461e+01 1.83254986e+01 1.77653103e+01
    1.83347893e+01 1.87359085e+01 1.98728218e+01 2.07415657e+01
    2.14143124e+01 2.23458138e+01 2.00439453e+01 2.14855824e+01
    2.13083038e+01 2.15317402e+01 2.07019920e+01 2.07252903e+01
    2.13314285e+01 2.15237141e+01 2.04567528e+01 1.92249641e+01
    1.95454712e+01 2.02322388e+01 1.94116402e+01 2.16549377e+01
    1.80252876e+01 1.92985210e+01 1.88109703e+01 2.00116405e+01
    1.92069912e+01 1.94194775e+01 2.03814678e+01 1.89360352e+01
    1.98046112e+01 1.90913334e+01 1.97391357e+01 1.84886513e+01
    1.88971939e+01 1.88187561e+01 1.51897345e+01 1.74326553e+01
    1.69242554e+01 1.75063229e+01 1.65290241e+01 1.60247002e+01
    1.84962845e+01 1.94154205e+01 1.84204330e+01 1.92120857e+01
    1.93317318e+01 1.94150085e+01 1.89847240e+01 1.96152401e+01
    1.88274078e+01 1.81635246e+01 1.98204098e+01 2.04050865e+01
    2.09017124e+01 1.97970448e+01 2.04499226e+01 2.02494240e+01
    1.99047737e+01 2.17238598e+01 2.03931503e+01 2.15645332e+01
    2.22813225e+01 1.92878399e+01 1.88514271e+01 2.04136963e+01
    1.91742573e+01 2.05963383e+01 1.91545296e+01 1.95719414e+01
    1.72471237e+01 1.87975178e+01 1.91710415e+01 1.96522961e+01
    1.90043144e+01 2.01014137e+01 1.99978867e+01 1.97742596e+01
    2.11994648e+01 2.16157646e+01 1.91001968e+01 2.14112186e+01
    2.06882248e+01 2.08578243e+01 2.08514385e+01 2.08535423e+01
    1.94657993e+01 1.91665726e+01 1.81820488e+01 1.97292309e+01
    1.98946075e+01 1.94024639e+01 1.91963234e+01 1.81889858e+01
    1.89536343e+01 1.81639748e+01 1.85463943e+01 1.85836296e+01
    1.79374561e+01 1.80477276e+01 1.82363300e+01 1.83012581e+01
    1.81120644e+01 2.08187141e+01 1.85413189e+01 1.71212406e+01
    1.77364235e+01 1.97627277e+01 2.03520069e+01 1.90563564e+01
    1.86118984e+01 1.85989475e+01 1.73504429e+01 1.87660275e+01
    2.06447411e+01 1.93164730e+01 1.88479862e+01 2.05089836e+01
    1.84641647e+01 1.94147110e+01 2.02513485e+01 1.94886227e+01
    1.96866455e+01 2.08455067e+01 2.05617886e+01 1.89005394e+01
    1.98571911e+01 2.11054134e+01 1.86289711e+01 2.02021408e+01
    1.95764790e+01 1.80213623e+01 1.86806812e+01 1.85198746e+01
    1.94392052e+01 1.82944279e+01 1.98110657e+01 1.99142933e+01
    2.09301929e+01 2.19804459e+01 2.05514355e+01 2.03684444e+01
    1.92475262e+01 2.05239944e+01 2.14183426e+01 2.08313446e+01
    2.13536034e+01 1.99159222e+01 2.12391262e+01 2.21291161e+01
    1.93382549e+01 2.14375992e+01 1.92406616e+01 1.82781334e+01
    1.81517029e+01 1.76605473e+01 1.75963230e+01 1.80597019e+01
    1.70869770e+01 1.83042240e+01 1.65306416e+01 1.84253178e+01
    1.96042061e+01 1.86747780e+01 1.95139236e+01 1.98438034e+01
    1.86102238e+01 1.92732220e+01 1.72238140e+01 1.89449749e+01
    1.87079735e+01 1.86358452e+01 1.95165520e+01 1.99879265e+01
    1.97468948e+01 2.00714703e+01 2.01484051e+01 2.17294521e+01
    2.26671524e+01 2.05080357e+01 2.12023201e+01 2.02787552e+01
    2.09394779e+01 2.05780926e+01 2.01117249e+01 1.91572952e+01
    1.80552101e+01 1.80939541e+01 1.84936733e+01 1.76427670e+01
    1.75889091e+01 1.89584484e+01 1.70142994e+01 1.77262936e+01
    1.71064892e+01 1.80172272e+01 1.71705875e+01 1.72777519e+01
    1.67387753e+01 1.82933521e+01 1.84702339e+01 1.72359581e+01
    1.78834057e+01 1.88302574e+01 1.79964066e+01 1.78254910e+01
    1.77066135e+01 1.93201866e+01 1.87129307e+01 1.86168556e+01
    1.86234474e+01 1.87382736e+01 1.75502052e+01 1.81238995e+01
    1.83784676e+01 1.80210896e+01 1.78468990e+01 1.90554028e+01
    1.89726028e+01 2.05210896e+01 1.99660835e+01 2.09486942e+01
    2.05906162e+01 2.14335213e+01 1.99460869e+01 2.04772644e+01
    1.81245804e+01 2.05164204e+01 2.10282822e+01 2.11516628e+01
    1.92879963e+01 1.98684254e+01 1.88460426e+01 1.85914116e+01
    2.02320480e+01 1.90320320e+01 1.93976116e+01 1.96046200e+01
    1.93741398e+01 1.86392326e+01 1.78000793e+01 1.96564217e+01
    2.10314102e+01 1.87913017e+01 1.94626026e+01 1.92161541e+01
    1.90702667e+01 1.83216801e+01 1.79991322e+01 1.86563644e+01
    1.85765629e+01 1.75671692e+01 1.87703457e+01 2.04131069e+01
    2.10871792e+01 2.14509411e+01 1.96173325e+01 1.86951351e+01
    2.03326664e+01 1.93231525e+01 1.97161465e+01 2.09863148e+01
    2.00755005e+01 1.98270855e+01 1.87546635e+01 2.03949432e+01
    2.09560413e+01 1.91480083e+01 2.05193710e+01 2.06582890e+01
    1.87632046e+01 1.97423782e+01 1.93693428e+01 1.96076279e+01
    1.92715473e+01 2.07251167e+01 1.88492756e+01 1.87651920e+01
    2.02084866e+01 1.98927422e+01 2.01115875e+01 1.92852745e+01
    1.87537270e+01 1.86586418e+01 1.69454212e+01 1.62475910e+01
    1.56089029e+01 1.64869823e+01 1.67284870e+01 1.77426891e+01
    1.73820038e+01 1.74314346e+01 1.86989288e+01 1.96612816e+01
    2.03866367e+01 2.01025887e+01 1.81532726e+01 2.02453175e+01
    2.01181202e+01 1.77217216e+01 1.86010780e+01 1.81914845e+01
    1.87485008e+01 1.96009197e+01 2.00175037e+01 2.08819370e+01
    1.97887783e+01 2.11054001e+01 2.13794556e+01 2.12431622e+01
    2.01586132e+01 2.10381794e+01 1.78189373e+01 1.90035419e+01
    1.83948097e+01 1.96986694e+01 1.89898968e+01 1.87847042e+01
    1.82015381e+01 1.86410637e+01 1.91370697e+01 2.02472763e+01
    1.91846485e+01 1.98675308e+01 1.88495674e+01 1.85528450e+01
    2.13181896e+01 2.13344784e+01 1.93485985e+01 2.04168510e+01
    2.08421326e+01 1.96366081e+01 2.16206360e+01 1.93882351e+01
    1.89888821e+01 1.86574345e+01 1.77403183e+01 1.83156796e+01
    1.85199337e+01 1.91875076e+01 1.97180519e+01 1.83678780e+01
    1.81511059e+01 1.91130829e+01 1.92854347e+01 1.70911064e+01
    1.82010918e+01 1.77512455e+01 1.93469086e+01 1.83187923e+01
    1.75435867e+01 1.80747547e+01 1.87331791e+01 1.77293777e+01
    1.94797611e+01 2.01451702e+01 1.91379910e+01 1.99224567e+01
    1.89575005e+01 1.90303211e+01 1.85944347e+01 1.89997082e+01
    2.13268185e+01 2.03812218e+01 2.00889797e+01 1.92591457e+01
    1.96447239e+01 2.20356426e+01 2.21309090e+01 2.17739487e+01
    2.10547791e+01 2.02125549e+01 2.02757378e+01 2.01562901e+01
    2.06304665e+01 2.01977100e+01 1.82320251e+01 1.93714504e+01
    1.85642204e+01 1.83757286e+01 1.82058544e+01 1.89282761e+01
    1.90346546e+01 1.83644333e+01 1.92941589e+01 1.89192848e+01
    1.93241062e+01 2.04036160e+01 2.14256992e+01 2.00936489e+01
    1.91574879e+01 2.02882576e+01 2.02096825e+01 2.23960857e+01
    2.13291740e+01 2.15081482e+01 2.27017059e+01 2.18351555e+01
    2.18144779e+01 2.19875584e+01 1.94569893e+01 1.94035454e+01
    2.00239697e+01 2.03254147e+01 1.89332714e+01 1.89783802e+01
    1.68369427e+01 1.79039669e+01 1.72260265e+01 1.92276649e+01
    1.88036823e+01 1.94288559e+01 1.61817532e+01 1.92302399e+01
    1.93231411e+01 1.98336391e+01 1.83242226e+01 1.84492092e+01
    1.86296997e+01 1.99611340e+01 2.09196033e+01 2.04664440e+01
    2.03402710e+01 2.03052177e+01 1.99816074e+01 2.16494560e+01
    2.29986000e+01 1.96114635e+01 2.13036766e+01 2.17084808e+01
    2.07384243e+01 2.11557331e+01 2.04703693e+01 1.99980564e+01
    2.02085838e+01 1.99789238e+01 1.94942722e+01 1.84544144e+01
    1.70018768e+01 1.84489517e+01 1.78566990e+01 1.82749500e+01
    1.67876015e+01 1.72382812e+01 1.65273514e+01 1.81001816e+01
    1.70952473e+01 1.81281681e+01 1.79547920e+01 1.68727036e+01
    1.71294384e+01 1.84743767e+01 1.80466728e+01 1.81972466e+01
    1.94525738e+01 1.91419201e+01 1.90043526e+01 1.85914726e+01
    1.91119537e+01 1.83672485e+01 1.89120560e+01 1.87006512e+01
    1.84260921e+01 1.84583454e+01 1.93059082e+01 2.05245457e+01
    1.91365013e+01 1.90359764e+01 1.97072468e+01 2.02742805e+01
    1.93590412e+01 2.08226719e+01 2.12518635e+01 2.04715443e+01
    1.86411018e+01 2.00025883e+01 1.88724480e+01 1.97171612e+01
    2.02541981e+01 2.27151737e+01 2.01744480e+01 1.90924492e+01
    1.97403946e+01 1.96139774e+01 1.96128044e+01 2.01082439e+01
    2.00200615e+01 1.92076702e+01 1.85438385e+01 1.95143566e+01
    2.02358036e+01 1.98093109e+01 1.90547523e+01 1.88512173e+01
    1.86501942e+01 1.94577351e+01 1.90081348e+01 1.74326820e+01
    1.86489811e+01 1.98342857e+01 1.87912178e+01 2.15924702e+01
    2.06420555e+01 2.25809441e+01 2.27365189e+01 2.04829178e+01
    1.99625301e+01 2.01256733e+01 1.92876644e+01 2.10629559e+01
    2.03136406e+01 1.99835529e+01 1.94728642e+01 1.98832531e+01
    2.05999393e+01 2.17083759e+01 1.97933998e+01 2.19358654e+01
    1.96886406e+01 2.03942928e+01 1.94992752e+01 1.97227821e+01
    1.98575516e+01 2.00226688e+01 2.09613323e+01 1.97089062e+01
    2.12994957e+01 2.11182632e+01 2.03079967e+01 1.93384590e+01
    1.96163731e+01 1.73586121e+01 1.72716255e+01 1.81397171e+01
    1.66862431e+01 1.72422142e+01 1.60109406e+01 1.76277637e+01
    1.75092678e+01 1.75884247e+01 1.86476994e+01 1.86340580e+01
    1.86197491e+01 1.91510162e+01 1.82946224e+01 1.83369408e+01
    1.78622799e+01 1.70945148e+01 1.95676003e+01 1.98338299e+01
    1.85984440e+01 1.87855549e+01 1.97161007e+01 2.10617332e+01
    2.04628334e+01 2.04115105e+01 2.09086552e+01 2.08500919e+01
    1.85560856e+01 1.97182999e+01 1.85782471e+01 1.82836723e+01
    1.79650307e+01 1.90017262e+01 1.85033054e+01 1.97113895e+01
    1.91568718e+01 2.02394161e+01 1.94372864e+01 2.11459827e+01
    1.82542553e+01 1.89024563e+01 1.99417992e+01 1.80147953e+01
    1.92759304e+01 2.11148186e+01 1.88242989e+01 1.86984997e+01
    2.08840351e+01 1.87711143e+01 2.02436638e+01 1.94425297e+01
    1.95970974e+01 1.94216251e+01 2.03839092e+01 1.97789459e+01
    2.04696827e+01 1.93258610e+01 2.05228882e+01 1.92109470e+01
    1.82030506e+01 1.80192566e+01 1.99494648e+01 1.78825226e+01
    1.81259422e+01 1.73147926e+01 1.89138680e+01 1.87679291e+01
    1.91266880e+01 1.88405895e+01 1.92967033e+01 1.75840778e+01
    1.98763275e+01 2.01659718e+01 1.91359634e+01 1.84832268e+01
    1.91909409e+01 1.89285107e+01 1.90140324e+01 2.07919788e+01
    1.88720551e+01 1.96649475e+01 1.87925434e+01 2.07970238e+01
    1.96865730e+01 2.04283295e+01 2.11678085e+01 2.24023495e+01
    2.13461971e+01 2.14049969e+01 2.24846745e+01 2.12871075e+01
    2.12092285e+01 2.11827869e+01 1.95856361e+01 1.99751053e+01
    1.93609486e+01 1.81940098e+01 1.80235119e+01 1.86323109e+01
    1.78939743e+01 1.81290684e+01 1.78958530e+01 1.88147163e+01
    1.86906776e+01 1.90471954e+01 1.97437878e+01 2.04261093e+01
    2.03835831e+01 1.94088707e+01 2.03912373e+01 2.19247704e+01
    2.09562645e+01 2.11652775e+01 2.05181599e+01 2.24277821e+01
    2.11756325e+01 2.14000397e+01 2.02625160e+01 2.01567574e+01
    1.95342903e+01 2.05860958e+01 1.93356113e+01 1.87332325e+01
    1.70580540e+01 1.84907837e+01 1.89659004e+01 1.97896938e+01
    1.90007114e+01 2.12556152e+01 1.92466145e+01 1.80714283e+01
    1.89684410e+01 1.89733143e+01 1.81511478e+01 1.81210861e+01
    1.90317650e+01 1.89907722e+01 1.88829021e+01 1.95897408e+01
    1.83317413e+01 2.00190392e+01 1.78798904e+01 1.98892288e+01
    1.99660931e+01 2.00638103e+01 1.95965958e+01 2.04199219e+01
    1.92911434e+01 2.04377918e+01 2.20459461e+01 2.10444069e+01
    1.93230057e+01 2.06250896e+01 1.98781090e+01 1.96489391e+01
    1.91496048e+01 1.93089886e+01 1.85216274e+01 1.80057106e+01
    1.69583397e+01 1.83052292e+01 1.81725025e+01 1.81972466e+01
    1.58494101e+01 1.71867504e+01 1.81469669e+01 1.77262344e+01
    1.69533825e+01 1.95975189e+01 1.78082790e+01 1.86380043e+01
    1.99672031e+01 1.79221725e+01 1.79800720e+01 1.97290287e+01
    1.88435097e+01 1.86960144e+01 1.84620438e+01 1.76297779e+01
    1.82519550e+01 1.86300640e+01 1.85501003e+01 2.09130268e+01
    1.82256622e+01 1.84369564e+01 1.97710552e+01 2.00429821e+01
    1.92491283e+01 2.27668056e+01 2.06611385e+01 1.98769302e+01
    1.89487076e+01 1.95091248e+01 2.01324062e+01 2.08017139e+01
    2.14290733e+01 2.14776764e+01 1.99224930e+01 1.99211597e+01
    2.07132473e+01 2.11012211e+01 1.99933949e+01 1.98644085e+01
    1.91616611e+01 1.90374680e+01 1.86555538e+01 1.88348408e+01
    1.81870708e+01 1.90363712e+01 1.79967899e+01 1.90442200e+01
    1.73305645e+01 1.79432621e+01 1.83563099e+01 1.81605988e+01
    1.86884689e+01 2.08651142e+01 1.84632835e+01 2.11010017e+01
    2.04885674e+01 2.14699955e+01 2.19869995e+01 2.12771473e+01
    2.01263771e+01 1.93762112e+01 2.03238621e+01 2.09372749e+01
    1.98327847e+01 1.99124031e+01 2.05561333e+01 1.94041138e+01
    1.89129105e+01 2.07018948e+01 1.91370125e+01 2.02736797e+01
    2.13407459e+01 1.95459747e+01 2.08401394e+01 1.85039463e+01
    2.15231400e+01 2.08469906e+01 2.08041782e+01 2.12296009e+01
    1.96278286e+01 2.07669086e+01 2.05763588e+01 1.87450104e+01
    1.87969646e+01 1.82732811e+01 1.81237755e+01 1.80101395e+01
    1.70496750e+01 1.60267811e+01 1.55361366e+01 1.66914787e+01
    1.78971348e+01 1.66853943e+01 1.71414242e+01 1.87253113e+01
    1.70665283e+01 1.72513733e+01 1.84428577e+01 1.85086403e+01
    1.93040771e+01 1.72904930e+01 1.94292564e+01 1.88948421e+01
    1.89092731e+01 1.87378120e+01 1.94940643e+01 2.06991558e+01
    2.05975113e+01 1.90791473e+01 2.14305668e+01 1.87288036e+01
    1.81920185e+01 2.06620026e+01 1.85499573e+01 1.96467628e+01
    1.76406536e+01 1.87364292e+01 1.89089565e+01 2.13687840e+01
    1.91562805e+01 1.86015110e+01 2.04669189e+01 2.03804188e+01
    1.78858128e+01 1.93675766e+01 2.03687515e+01 1.85073109e+01
    2.02332344e+01 1.99608822e+01 2.04030170e+01 1.98765030e+01
    2.07931805e+01 1.93847008e+01 2.08687439e+01 2.19644966e+01
    2.02970486e+01 1.90600433e+01 1.91852970e+01 1.89556084e+01
    2.10685501e+01 2.08187180e+01 1.97926426e+01 1.94399624e+01
    2.00751801e+01 1.85725002e+01 2.01841469e+01 2.02896023e+01
    2.02068386e+01 1.93646202e+01 1.94314289e+01 1.95246716e+01
    1.95380783e+01 1.96425552e+01 2.02943878e+01 1.75297356e+01
    1.92263336e+01 2.12463779e+01 2.02071877e+01 1.93491859e+01
    2.01111526e+01 1.90200882e+01 1.79740562e+01 1.94951859e+01
    2.02267036e+01 1.79287815e+01 1.79501209e+01 1.90191574e+01
    2.00538425e+01 2.00480652e+01 2.17030697e+01 2.03748989e+01
    2.08307915e+01 2.24105835e+01 2.20587215e+01 2.21552296e+01
    2.04780998e+01 2.06100960e+01 1.94759521e+01 1.94172821e+01
    2.03752117e+01 1.85297470e+01 1.89374599e+01 1.81866207e+01
    1.84504147e+01 1.86127300e+01 1.97371368e+01 1.95030861e+01
    1.88117104e+01 1.86925049e+01 1.95648804e+01 2.03591652e+01
    1.85461178e+01 1.88210220e+01 1.94674377e+01 1.94453297e+01
    1.98979549e+01 2.08253536e+01 2.05253849e+01 2.21292210e+01
    2.25463161e+01 2.15265102e+01 2.08742409e+01 1.97936840e+01
    1.84968319e+01 1.97525959e+01 1.86572323e+01 1.91025600e+01
    1.71742954e+01 1.76349468e+01 1.85883598e+01 1.93013382e+01
    1.89039288e+01 1.88037243e+01 1.91336212e+01 1.98933887e+01
    1.83882580e+01 1.92559433e+01 1.79365654e+01 1.84310818e+01
    1.99220009e+01 1.89047298e+01 1.93525581e+01 1.92896900e+01
    1.86879883e+01 1.86300106e+01 1.86069489e+01 1.90055981e+01
    1.93193645e+01 2.00315094e+01 2.09024143e+01 2.14948711e+01
    2.11989365e+01 2.05260162e+01 2.12871857e+01 2.08927975e+01
    2.03542995e+01 2.05309715e+01 1.97900314e+01 1.98091774e+01
    1.88751049e+01 1.74558144e+01 1.91685123e+01 1.90127354e+01
    1.80135059e+01 1.88256054e+01 1.86726456e+01 1.75840683e+01
    1.87660332e+01 1.89774799e+01 1.89943848e+01 1.84624062e+01
    1.85549240e+01 2.01296043e+01 1.89313335e+01 1.85350037e+01
    1.95549850e+01 2.01647186e+01 1.85293446e+01 1.80205154e+01
    1.98937035e+01 1.82621078e+01 1.87428627e+01 1.90114460e+01
    1.78033600e+01 1.83688889e+01 1.73250542e+01 2.09499073e+01
    2.09447880e+01 2.00021858e+01 1.97680511e+01 2.05640030e+01
    1.98011131e+01 2.22550278e+01 2.18527946e+01 2.11977310e+01
    1.97368374e+01 2.03288651e+01 1.89917793e+01 2.10785847e+01
    1.93094330e+01 2.06536903e+01 2.04391193e+01 2.15104160e+01
    2.05721550e+01 2.01902599e+01 2.10249596e+01 2.04177685e+01
    1.92997360e+01 2.00519257e+01 1.86902790e+01 1.84306183e+01
    1.82168617e+01 1.91608849e+01 1.86947727e+01 1.83533611e+01
    1.68759632e+01 1.87989464e+01 2.01179485e+01 1.91933994e+01
    1.95977707e+01 1.96248322e+01 1.90216484e+01 2.02733574e+01
    2.05354443e+01 2.14654083e+01 2.20776463e+01 2.08853016e+01
    2.06838188e+01 2.03134575e+01 1.87492504e+01 1.92749825e+01
    2.14793415e+01 2.05686245e+01 1.96667404e+01 1.88907547e+01
    1.95700874e+01 2.10843506e+01 2.16955528e+01 2.26722965e+01
    2.22648678e+01 2.20065632e+01 2.17083244e+01 2.02980900e+01
    1.96854172e+01 1.94120998e+01 2.10016594e+01 2.15768604e+01
    2.07116737e+01 1.99692612e+01 2.17174759e+01 1.99167690e+01
    1.97044029e+01 1.87320156e+01 1.79283352e+01 1.93640308e+01
    1.78019905e+01 1.81728096e+01 1.68389168e+01 1.55281057e+01
    1.71699963e+01 1.66168385e+01 1.69573421e+01 1.64697495e+01
    1.71131859e+01 1.69740543e+01 1.88666744e+01 1.78100147e+01
    2.04911976e+01 1.81847630e+01 2.10422363e+01 2.00003777e+01
    2.04781551e+01 2.00670834e+01 2.12636528e+01 2.17263908e+01
    2.12711678e+01 1.99675999e+01 2.09582767e+01 2.02151661e+01
    1.89469166e+01 2.08151932e+01 2.00934372e+01 1.92336483e+01
    2.00953522e+01 2.01835194e+01 1.86950665e+01 1.99435806e+01
    1.94503555e+01 1.86127033e+01 1.95122509e+01 2.00719242e+01
    1.90265846e+01 1.91326790e+01 1.92958546e+01 2.01612740e+01
    2.04466400e+01 1.99819164e+01 1.98213959e+01 2.04269619e+01
    2.20730515e+01 2.26302967e+01 2.14396248e+01 2.25501385e+01
    2.16930103e+01 2.00588169e+01 2.10062828e+01 2.24444675e+01
    2.06166897e+01 2.03896484e+01 1.96859016e+01 1.84033089e+01
    2.11276512e+01 1.95424843e+01 2.08958836e+01 2.02838955e+01
    2.06959705e+01 1.91801109e+01 2.06271076e+01 2.07355690e+01
    2.12687302e+01 2.10870628e+01 2.01678886e+01 2.03597965e+01
    2.11354294e+01 2.11060944e+01 1.97638874e+01 1.85707970e+01
    2.02908936e+01 1.98145580e+01 1.83159771e+01 1.88102760e+01
    1.85591812e+01 1.76589260e+01 1.88331261e+01 2.02156372e+01
    1.94400272e+01 1.82657967e+01 2.01403542e+01 1.84076347e+01
    2.00365543e+01 2.05050125e+01 2.19505215e+01 2.03009186e+01
    1.97653427e+01 2.02100201e+01 1.89363327e+01 1.94305019e+01
    1.90270176e+01 1.98823814e+01 1.90891838e+01 1.91088943e+01
    1.87598038e+01 1.73821602e+01 1.78471394e+01 2.04709454e+01
    1.92582569e+01 1.76070652e+01 1.82357426e+01 1.97322998e+01
    1.98574200e+01 1.85968132e+01 1.83127422e+01 1.87718296e+01
    1.94254379e+01 2.12070637e+01 2.04487457e+01 1.98688183e+01
    2.11351070e+01 2.09627991e+01 1.95521069e+01 1.92624931e+01
    1.86790962e+01 1.85719547e+01 1.74422779e+01 1.96762447e+01
    1.87627430e+01 1.84521713e+01 1.77233162e+01 1.85428162e+01
    2.00428677e+01 2.13572273e+01 1.95826416e+01 2.07949066e+01
    1.97149601e+01 1.66518955e+01 1.64990635e+01 1.87998829e+01
    1.84044781e+01 1.92759628e+01 1.78625889e+01 1.91162224e+01
    1.79377232e+01 1.80996361e+01 1.89105282e+01 1.88613281e+01
    1.91106701e+01 1.84944344e+01 1.94868393e+01 2.01664486e+01
    2.01221657e+01 1.90624352e+01 1.97761726e+01 1.99015770e+01
    1.91081219e+01 1.95653687e+01 1.98289223e+01 1.97427120e+01
    1.99567471e+01 1.94745731e+01 1.85880356e+01 1.84223404e+01
    1.81948051e+01 2.05260048e+01 1.94617691e+01 1.79043808e+01
    1.96305676e+01 1.77229195e+01 1.76233559e+01 1.87394295e+01
    1.88213558e+01 1.85773869e+01 1.98241825e+01 1.91305561e+01
    1.93542747e+01 1.95338612e+01 1.87477703e+01 1.66290531e+01
    1.83606453e+01 1.87598400e+01 1.77908573e+01 1.83371468e+01
    1.99362125e+01 1.93883114e+01 1.99646168e+01 2.08917656e+01
    2.12541447e+01 2.09235706e+01 2.11038704e+01 2.30294437e+01
    2.13911781e+01 2.26067200e+01 2.14403229e+01 2.11631336e+01
    1.85902328e+01 2.05105457e+01 1.92486267e+01 2.21666088e+01
    1.98898106e+01 2.11236858e+01 2.07895126e+01 2.08690643e+01
    2.17383823e+01 2.13514137e+01 2.18970795e+01 2.28846474e+01
    1.95904160e+01 2.05255013e+01 2.08655949e+01 1.99409504e+01
    2.03175755e+01 2.06518841e+01 2.07923088e+01 1.99359550e+01
    1.92926540e+01 1.87899628e+01 1.97279205e+01 2.00729008e+01
    1.97632446e+01 1.92386360e+01 1.85656433e+01 2.02712269e+01
    2.08963966e+01 2.11648178e+01 2.17742958e+01 1.96221771e+01
    1.93099384e+01 2.00527534e+01 1.88774014e+01 1.90299759e+01
    1.88364773e+01 1.93036823e+01 1.89840851e+01 1.97572155e+01
    1.99691315e+01 2.09169827e+01 2.09842682e+01 2.21455002e+01
    2.16702785e+01 2.09275398e+01 2.14148064e+01 1.99914570e+01
    2.03235245e+01 2.04726086e+01 2.18549061e+01 2.23905926e+01
    2.14697437e+01 2.12630730e+01 2.20824871e+01 2.15694294e+01
    2.13745365e+01 1.94058743e+01 1.88900757e+01 1.88127289e+01
    1.70890255e+01 1.77839355e+01 1.73101501e+01 1.32841854e+01
    1.56298485e+01 1.66452007e+01 1.72734165e+01 1.85000248e+01
    1.82731266e+01 1.54530354e+01 1.84416618e+01 1.96218624e+01
    2.15007114e+01 1.85769997e+01 1.95601349e+01 1.87248096e+01
    1.91634407e+01 2.04405537e+01 2.20936127e+01 2.00903339e+01
    1.91235485e+01 2.08739300e+01 2.04272194e+01 2.03025436e+01
    1.94515285e+01 2.06807213e+01 2.04230862e+01 1.87156506e+01
    2.02257252e+01 2.00405693e+01 1.90749378e+01 1.89423370e+01
    1.78634167e+01 1.91484833e+01 1.93603554e+01 1.90823116e+01
    1.74613438e+01 2.07445278e+01 1.75719223e+01 1.92176189e+01
    2.12237015e+01 1.88301582e+01 1.95014229e+01 2.03949871e+01
    2.19820843e+01 2.22697296e+01 2.20012207e+01 2.20936375e+01
    2.18444576e+01 2.07575493e+01 2.15704956e+01 2.17443428e+01
    2.07656746e+01 2.02740536e+01 1.94604912e+01 1.92385902e+01
    2.00148239e+01 1.97756996e+01 1.97658062e+01 1.95679760e+01
    1.98852787e+01 2.01890888e+01 2.11508026e+01 1.95710812e+01
    2.13329945e+01 2.15026569e+01 2.00079803e+01 1.94259491e+01
    1.84042110e+01 1.95901852e+01 1.90664368e+01 1.93182507e+01
    2.04122181e+01 1.93897381e+01 1.92356510e+01 2.00294418e+01
    2.00911846e+01 1.90566120e+01 2.05015869e+01 1.85809383e+01
    1.92748642e+01 1.85551586e+01 1.93149586e+01 1.81755600e+01
    1.91195793e+01 2.10167999e+01 2.03233299e+01 1.87758179e+01
    2.01550217e+01 1.77453995e+01 1.84589615e+01 1.97540035e+01
    1.91199760e+01 1.88948860e+01 1.91422482e+01 1.83503323e+01
    1.79425564e+01 1.80519104e+01 1.87565765e+01 1.95488510e+01
    1.92697906e+01 1.95539131e+01 1.90566349e+01 1.81095753e+01
    1.82528343e+01 1.98818150e+01 1.87448063e+01 1.95300903e+01
    2.01041470e+01 2.19961243e+01 2.19852982e+01 2.08245678e+01
    1.94481335e+01 2.01924534e+01 2.12355175e+01 2.02143784e+01
    1.83807907e+01 1.92664833e+01 1.84844112e+01 1.73938961e+01
    1.90197906e+01 1.83379440e+01 1.79840450e+01 1.98626842e+01
    1.91240082e+01 1.86111259e+01 1.80929394e+01 1.86097164e+01
    1.91710968e+01 1.78660202e+01 1.66160030e+01 1.98723583e+01
    2.11317501e+01 1.96685371e+01 1.83886948e+01 1.78314095e+01
    2.02287445e+01 1.88296528e+01 1.91138611e+01 2.06563301e+01
    1.97786236e+01 2.04951973e+01 2.14961052e+01 2.24030914e+01
    2.17610760e+01 1.93931446e+01 2.08985806e+01 2.16013851e+01
    1.98110676e+01 2.11944084e+01 2.04101486e+01 1.86345921e+01
    1.77100506e+01 1.68555374e+01 1.79869175e+01 1.93685665e+01
    1.88608780e+01 1.89759521e+01 1.83988647e+01 2.00303745e+01
    2.02480335e+01 1.77869186e+01 1.98270206e+01 1.93993340e+01
    1.94970570e+01 2.02302971e+01 2.04998245e+01 1.96236115e+01
    2.05772991e+01 2.08674850e+01 1.98859177e+01 1.80134182e+01
    1.90328636e+01 1.91114979e+01 1.89444752e+01 1.99443951e+01
    1.84224777e+01 1.89795494e+01 2.00934696e+01 2.17339878e+01
    2.10179615e+01 2.13508511e+01 2.19147663e+01 2.33981667e+01
    2.20973206e+01 2.17059460e+01 2.20341816e+01 2.01402760e+01
    2.03708668e+01 2.15346508e+01 2.11963902e+01 2.28790207e+01
    2.18894958e+01 2.11173573e+01 2.12896595e+01 2.25668736e+01
    2.23111706e+01 2.29449978e+01 2.32920837e+01 2.17273121e+01
    2.21644306e+01 2.01022720e+01 2.15754719e+01 2.13065090e+01
    2.01483898e+01 2.08498974e+01 1.92692089e+01 2.06529617e+01
    2.14257126e+01 2.09327068e+01 1.96438503e+01 2.01828938e+01
    2.03385735e+01 2.08092480e+01 1.93381748e+01 1.99456806e+01
    2.10256481e+01 2.11716213e+01 2.07008038e+01 1.91032181e+01
    1.85358772e+01 1.96838589e+01 1.79857960e+01 1.83496513e+01
    1.90622063e+01 2.01408005e+01 1.87251968e+01 1.98429852e+01
    1.89225960e+01 2.07211437e+01 2.29279232e+01 2.32281284e+01
    2.26459312e+01 2.09813728e+01 1.99371738e+01 2.16367531e+01
    2.11403561e+01 2.11449375e+01 2.03241787e+01 2.16175137e+01
    2.12338257e+01 2.06668930e+01 2.25730839e+01 2.06007442e+01
    1.97957191e+01 1.91413937e+01 1.93371773e+01 1.77896919e+01
    1.63145161e+01 1.69634876e+01 1.54815445e+01 1.56298752e+01
    1.61783810e+01 1.72845764e+01 1.67160873e+01 1.64715881e+01
    1.78616524e+01 1.63270741e+01 1.70691032e+01 1.80930500e+01
    2.01031055e+01 1.87894192e+01 1.96349373e+01 1.88275986e+01
    1.77749958e+01 1.95395851e+01 2.25135250e+01 2.10708542e+01
    2.06232433e+01 2.03739300e+01 1.98312969e+01 2.23493080e+01
    1.97871284e+01 1.99971657e+01 2.05147839e+01 1.81183796e+01
    1.79693928e+01 1.92935524e+01 1.88224220e+01 1.81649208e+01
    1.67594051e+01 1.66219330e+01 1.87241344e+01 1.84794235e+01
    1.92392769e+01 1.96265430e+01 1.78611183e+01 1.61915417e+01
    1.95812874e+01 1.94901447e+01 1.86941319e+01 1.94088688e+01
    2.10399570e+01 2.23782330e+01 2.17193775e+01 2.16183662e+01
    2.30686760e+01 2.16360245e+01 2.17791824e+01 2.10662041e+01
    2.19503498e+01 1.86932964e+01 1.74549789e+01 1.68268528e+01
    1.84392700e+01 1.91341705e+01 1.85830574e+01 1.85145683e+01
    1.86461811e+01 1.95442505e+01 2.01340370e+01 1.92791767e+01
    1.95114460e+01 1.97626781e+01 2.05864868e+01 2.04459724e+01
    2.02853088e+01 2.06441555e+01 2.07291718e+01 1.97773037e+01
    2.00872879e+01 2.14727039e+01 2.02210083e+01 2.01425819e+01
    1.97029018e+01 1.94649734e+01 1.98235264e+01 1.85537891e+01
    1.93331108e+01 1.96920071e+01 1.86751652e+01 1.82674179e+01
    1.79976521e+01 1.95762920e+01 1.91528759e+01 1.84016171e+01
    1.94895649e+01 1.79223232e+01 1.87937183e+01 1.90440845e+01
    1.99669094e+01 1.80543118e+01 1.88652229e+01 2.00621300e+01
    1.77915401e+01 1.76727409e+01 1.88579044e+01 1.64622555e+01
    1.86589088e+01 1.88570442e+01 1.85480671e+01 1.94948978e+01
    1.76839676e+01 1.86686802e+01 2.12468853e+01 2.02060986e+01
    2.10908356e+01 2.07894211e+01 2.25544643e+01 2.09576187e+01
    1.94088230e+01 2.01663456e+01 2.00006771e+01 1.97933025e+01
    1.85029888e+01 1.78267689e+01 1.78182163e+01 1.75044861e+01
    1.94162960e+01 2.06842995e+01 1.77499809e+01 1.93318577e+01
    2.05786972e+01 2.00634556e+01 1.99760151e+01 2.12100182e+01
    2.03260384e+01 2.00317860e+01 1.93159065e+01 1.80971069e+01
    1.98089485e+01 1.94759388e+01 1.79105797e+01 1.93915997e+01
    1.91675358e+01 1.93233452e+01 1.92298489e+01 2.19060154e+01
    2.01152725e+01 2.02316532e+01 2.09334507e+01 2.14482727e+01
    2.15999184e+01 2.17703514e+01 1.93385868e+01 2.18093910e+01
    1.95998840e+01 1.95955715e+01 1.98982773e+01 1.90057354e+01
    1.77621326e+01 1.84628716e+01 1.78782463e+01 1.95206146e+01
    1.95182114e+01 2.06720924e+01 1.95201931e+01 2.04194145e+01
    1.91894703e+01 1.89729748e+01 2.01480713e+01 1.97407780e+01
    1.93065357e+01 2.06388950e+01 2.10185184e+01 2.00030136e+01
    1.87593937e+01 2.02001171e+01 2.09614716e+01 1.83890991e+01
    1.85786781e+01 1.66976070e+01 1.74677620e+01 1.88154163e+01
    1.87168751e+01 1.86366310e+01 2.08594131e+01 2.02815933e+01
    2.04191322e+01 2.10834408e+01 2.16268578e+01 2.37883854e+01
    2.06159115e+01 2.04475536e+01 2.01395149e+01 1.98229961e+01
    2.02754917e+01 2.06505222e+01 2.21274986e+01 2.26685562e+01
    2.17501640e+01 2.11051311e+01 2.27791290e+01 2.34254913e+01
    2.27696095e+01 2.17194920e+01 2.19135323e+01 2.18873692e+01
    2.18066139e+01 2.04465961e+01 1.89682064e+01 2.07816486e+01
    2.11045303e+01 2.22512970e+01 2.07874928e+01 2.10609608e+01
    2.14716110e+01 2.14379425e+01 2.10564709e+01 2.05500221e+01
    2.02814808e+01 2.13370953e+01 2.03114414e+01 2.03766632e+01
    2.04816227e+01 2.14353905e+01 2.01534176e+01 1.81583748e+01
    1.78127613e+01 1.89826717e+01 1.86082230e+01 1.86433601e+01
    1.84842205e+01 2.04602890e+01 1.74651394e+01 2.05466785e+01
    2.06273117e+01 2.13575516e+01 2.27151127e+01 2.30121803e+01
    2.26951389e+01 2.16005974e+01 2.10921783e+01 2.15117321e+01
    2.21795807e+01 2.23334370e+01 2.15800724e+01 2.09126511e+01
    2.23833141e+01 2.09056873e+01 2.20857620e+01 2.22059727e+01
    2.08708858e+01 1.90202885e+01 1.95052128e+01 1.88685951e+01
    1.83901234e+01 1.54746504e+01 1.53244495e+01 1.63278713e+01
    1.80470257e+01 1.76935005e+01 1.67167664e+01 1.71799755e+01
    1.78994083e+01 1.75207405e+01 1.91265335e+01 1.95609303e+01
    1.90546951e+01 1.92662983e+01 1.95736980e+01 2.06049938e+01
    1.86247978e+01 2.02003345e+01 2.29538975e+01 2.03827553e+01
    1.97872410e+01 2.00259247e+01 1.89587917e+01 2.12444057e+01
    1.82358627e+01 1.77875309e+01 1.94623356e+01 1.75780945e+01
    1.67305355e+01 1.81381741e+01 1.84726143e+01 1.64658012e+01
    1.53730755e+01 1.71820316e+01 1.92049847e+01 1.76237183e+01
    1.80487633e+01 2.00875454e+01 1.81025715e+01 1.70967503e+01
    1.78844643e+01 2.03824158e+01 1.97342300e+01 1.90033550e+01
    2.02921715e+01 2.08392887e+01 2.14166145e+01 2.16211872e+01
    2.35034809e+01 2.23746357e+01 2.27953796e+01 2.19906902e+01
    2.06395531e+01 1.94187431e+01 1.98111382e+01 1.76912613e+01
    1.98265114e+01 1.78538799e+01 1.93756561e+01 1.93025112e+01
    1.88983955e+01 1.91048012e+01 2.28705616e+01 2.14971409e+01
    2.14855099e+01 2.21121826e+01 2.00819721e+01 1.97640572e+01
    2.18867626e+01 2.09597893e+01 1.95946350e+01 1.95462379e+01
    1.88590336e+01 1.91898136e+01 1.88223171e+01 1.97428360e+01
    1.91880207e+01 1.76100826e+01 1.88821545e+01 1.83804569e+01
    2.07150116e+01 2.01522770e+01 1.89185791e+01 1.87808647e+01
    1.79389362e+01 1.95811596e+01 2.02332325e+01 1.89805698e+01
    1.91800900e+01 1.82360954e+01 1.86753292e+01 2.06733303e+01
    1.99427261e+01 1.90053959e+01 1.82757797e+01 1.92715759e+01
    1.74969330e+01 1.79216042e+01 1.96443825e+01 1.77299995e+01
    1.85253124e+01 1.91522484e+01 2.07543964e+01 2.07821159e+01
    1.98536205e+01 1.90610809e+01 1.99068966e+01 2.20644608e+01
    2.02802658e+01 1.92753544e+01 2.17348614e+01 2.10093365e+01
    1.89759159e+01 1.89017410e+01 1.85738068e+01 1.95006599e+01
    1.84441757e+01 1.86102467e+01 1.78180237e+01 1.79777412e+01
    1.92201729e+01 1.96698532e+01 1.86663609e+01 2.05311394e+01
    2.01700401e+01 2.03247337e+01 2.06318302e+01 2.01268768e+01
    2.09649487e+01 2.01936798e+01 1.82842197e+01 2.00895805e+01
    2.07770214e+01 2.07036533e+01 2.03821201e+01 1.94051056e+01
    2.02147541e+01 1.93401070e+01 1.97918320e+01 2.01684418e+01
    1.98950062e+01 1.98766785e+01 2.16185207e+01 2.18364754e+01
    2.22972813e+01 2.09285908e+01 2.10129013e+01 2.20028133e+01
    2.00926819e+01 2.11408043e+01 2.05207806e+01 1.91590462e+01
    1.81016140e+01 1.78396130e+01 1.75059528e+01 1.95572720e+01
    1.96065159e+01 1.91419964e+01 1.85296650e+01 1.89413147e+01
    1.95166397e+01 1.90609894e+01 2.12645187e+01 2.01811409e+01
    1.99502296e+01 2.09499569e+01 2.12752132e+01 2.12164421e+01
    1.96286869e+01 2.08189163e+01 2.19799061e+01 1.85807171e+01
    1.92724800e+01 1.89478035e+01 1.78551311e+01 1.89139919e+01
    1.98075142e+01 1.69503994e+01 1.90737591e+01 1.97351475e+01
    1.84338894e+01 1.88929253e+01 2.02984085e+01 2.04748745e+01
    2.04850960e+01 1.90607700e+01 2.02611828e+01 2.18637257e+01
    1.98988628e+01 2.08484879e+01 2.01743584e+01 2.09323788e+01
    2.20783730e+01 2.35999088e+01 2.17893982e+01 2.16938457e+01
    2.18303394e+01 2.25991592e+01 2.15955620e+01 2.27013283e+01
    2.11299629e+01 2.13892040e+01 1.98509693e+01 1.97160301e+01
    2.09939442e+01 1.97059746e+01 2.04942894e+01 1.99465885e+01
    1.98085594e+01 2.09573612e+01 1.94046230e+01 2.08736897e+01
    2.01767330e+01 1.94486752e+01 2.07983398e+01 1.87203636e+01
    2.05216389e+01 2.07732162e+01 2.04652691e+01 1.94670963e+01
    1.98238564e+01 1.97149334e+01 2.02351513e+01 2.01391125e+01
    2.07545147e+01 2.06114388e+01 2.06682701e+01 2.13808708e+01
    2.17125320e+01 2.32067165e+01 2.35013256e+01 2.36532402e+01
    2.14182262e+01 2.16840458e+01 2.23100491e+01 2.16410332e+01
    2.14442024e+01 2.20295677e+01 2.13896122e+01 2.05592480e+01
    2.27763081e+01 2.24179459e+01 2.24399300e+01 2.10137653e+01
    2.07124863e+01 2.01356068e+01 1.91625137e+01 2.04060936e+01
    1.77413464e+01 1.75960121e+01 1.72798271e+01 1.63690739e+01
    1.76138477e+01 1.81757793e+01 1.59933662e+01 1.60719223e+01
    1.68421402e+01 1.83399773e+01 2.04440384e+01 1.94038143e+01
    1.93866596e+01 1.94923496e+01 2.09286976e+01 2.05724545e+01
    1.98756657e+01 1.92248478e+01 2.13362026e+01 2.17346344e+01
    2.07196865e+01 2.04539757e+01 1.99243679e+01 1.93375130e+01
    1.87372456e+01 1.87350349e+01 1.86789360e+01 1.86157360e+01
    1.61412563e+01 1.72621403e+01 1.80041161e+01 1.68580990e+01
    1.56374750e+01 1.61828728e+01 1.82790184e+01 1.67581787e+01
    1.86036797e+01 1.82921829e+01 1.94229679e+01 1.76035213e+01
    1.83945789e+01 1.85022793e+01 1.91699600e+01 1.93313084e+01
    2.02487812e+01 2.25107822e+01 2.26037121e+01 2.20236626e+01
    2.37083931e+01 2.26691303e+01 2.27271023e+01 2.25143356e+01
    2.17118607e+01 1.94804363e+01 1.94144306e+01 1.71654015e+01
    1.86045513e+01 1.76126976e+01 1.90618668e+01 1.85357323e+01
    1.92234402e+01 1.89380112e+01 2.17298183e+01 2.17287903e+01
    2.02807102e+01 1.98625965e+01 1.94764938e+01 1.83935585e+01
    2.02183018e+01 2.00667191e+01 1.96504097e+01 1.74937878e+01
    1.91596642e+01 1.93137836e+01 1.98118801e+01 1.83231335e+01
    1.86061211e+01 1.89027424e+01 1.90084076e+01 1.83329926e+01
    1.84989281e+01 1.90581627e+01 1.77484951e+01 1.89910183e+01
    1.92188282e+01 1.86035442e+01 1.94620399e+01 2.02063961e+01
    1.96554298e+01 1.85397377e+01 2.01392498e+01 1.95986519e+01
    1.88596039e+01 1.86734104e+01 1.86539936e+01 1.81727276e+01
    1.85527821e+01 1.79558525e+01 1.98109131e+01 1.83276482e+01
    1.73491268e+01 1.73675270e+01 1.86175385e+01 2.03855934e+01
    1.90529480e+01 1.80351639e+01 1.79229393e+01 1.92814369e+01
    2.01316700e+01 1.90879383e+01 1.94285526e+01 1.96165161e+01
    1.87959728e+01 1.89675293e+01 1.92578812e+01 1.96851406e+01
    1.86141815e+01 1.87308674e+01 1.64291077e+01 1.82946396e+01
    2.04596348e+01 1.93319283e+01 1.83554516e+01 1.93464642e+01
    1.92999687e+01 2.06092377e+01 2.08511295e+01 2.08138714e+01
    1.98344040e+01 2.04688053e+01 2.02033482e+01 2.06763763e+01
    2.20439472e+01 1.99233475e+01 2.07530861e+01 1.99696369e+01
    2.00603466e+01 2.01339321e+01 1.92777462e+01 1.99471111e+01
    1.94166908e+01 2.03853645e+01 2.21039600e+01 2.11894779e+01
    2.09155140e+01 2.22228336e+01 2.04892006e+01 2.20147991e+01
    2.09592495e+01 2.14456310e+01 2.04722042e+01 1.88385506e+01
    1.80838051e+01 1.82398434e+01 1.72895660e+01 1.81228619e+01
    1.94835835e+01 2.11647224e+01 2.08938885e+01 1.92586575e+01
    2.04745636e+01 2.02549114e+01 2.21564999e+01 2.20280590e+01
    1.98146591e+01 2.03273125e+01 2.21370926e+01 2.10608063e+01
    2.01209011e+01 2.05562344e+01 2.12716217e+01 1.97442474e+01
    1.90781364e+01 1.73946171e+01 1.79768448e+01 1.67907124e+01
    1.99102840e+01 1.70787144e+01 1.82848682e+01 1.83282814e+01
    1.93407497e+01 1.96566448e+01 2.12196083e+01 2.11468334e+01
    2.10723152e+01 2.21282043e+01 2.12361240e+01 2.19595432e+01
    1.87234993e+01 1.89054775e+01 1.87617645e+01 2.01315994e+01
    2.00929661e+01 2.22470284e+01 2.10438709e+01 2.06156788e+01
    2.13830757e+01 2.25353355e+01 2.17858791e+01 2.18756371e+01
    2.08922577e+01 2.14777946e+01 1.94364395e+01 2.00644894e+01
    1.89198971e+01 2.05149403e+01 1.97410774e+01 1.89015732e+01
    1.96256924e+01 2.16555290e+01 2.04274330e+01 1.95613232e+01
    2.07445488e+01 2.04172573e+01 2.10196609e+01 2.11437473e+01
    2.04992180e+01 2.20132561e+01 2.20992012e+01 1.97890282e+01
    2.08148003e+01 2.02736568e+01 1.97897415e+01 2.15553474e+01
    2.01338806e+01 2.14889107e+01 2.21935539e+01 2.18997078e+01
    2.14793892e+01 2.11511192e+01 2.31956711e+01 2.21830101e+01
    2.11647148e+01 2.24325218e+01 2.04763947e+01 2.04715271e+01
    2.19231129e+01 2.10985737e+01 2.18684807e+01 2.07089329e+01
    2.13369942e+01 2.24919968e+01 2.19353695e+01 2.03433247e+01
    2.00700741e+01 1.97835579e+01 2.00097618e+01 1.86999416e+01
    1.81162338e+01 1.76189861e+01 1.75502739e+01 1.56406860e+01
    1.69612980e+01 1.86030159e+01 1.93960304e+01 1.72710857e+01
    1.91070137e+01 1.94633713e+01 2.09670792e+01 2.20631866e+01
    2.05352726e+01 1.98610325e+01 2.19088020e+01 2.15722618e+01
    2.05583324e+01 2.05752907e+01 2.29438515e+01 2.23762951e+01
    2.00578766e+01 2.06398201e+01 2.17630959e+01 1.96544666e+01
    1.99190807e+01 1.92942448e+01 2.03547096e+01 1.87501736e+01
    1.67210941e+01 1.86287365e+01 1.81001053e+01 1.70775852e+01
    1.73684654e+01 1.69982452e+01 1.92801018e+01 1.75877876e+01
    1.97639885e+01 2.03094234e+01 1.90645447e+01 1.85715103e+01
    1.83142395e+01 1.89467659e+01 1.92192574e+01 2.06145191e+01
    2.03376427e+01 2.05596142e+01 2.15902328e+01 2.07406311e+01
    2.32857380e+01 2.13348808e+01 2.29055977e+01 2.30195694e+01
    2.21086292e+01 2.15048714e+01 2.07905121e+01 2.03216038e+01
    1.94722881e+01 1.87520142e+01 1.92182598e+01 1.97602749e+01
    2.06517010e+01 1.97383423e+01 2.19632931e+01 2.07683086e+01
    2.06692314e+01 2.12213688e+01 2.00521545e+01 1.91135254e+01
    2.01127586e+01 1.95072765e+01 2.00135536e+01 1.94408588e+01
    1.77479954e+01 1.82632027e+01 1.84039593e+01 1.86885357e+01
    1.97492085e+01 1.84976044e+01 1.96976051e+01 1.77029610e+01
    1.70407028e+01 1.89666939e+01 1.83985214e+01 1.93445816e+01
    1.91630783e+01 1.97820396e+01 2.00913429e+01 1.89986725e+01
    1.86879196e+01 1.90614872e+01 1.92943726e+01 1.93500652e+01
    2.00623093e+01 1.97589073e+01 1.88659763e+01 1.94707394e+01
    1.93451920e+01 1.92307720e+01 1.86118126e+01 1.95012302e+01
    1.88504562e+01 1.88927498e+01 1.99307804e+01 2.10177135e+01
    1.98131866e+01 1.86286526e+01 1.81846581e+01 1.81611805e+01
    1.90341759e+01 2.03668652e+01 2.04617691e+01 1.99222164e+01
    1.92722473e+01 1.96521206e+01 1.98412457e+01 1.93300896e+01
    1.89603119e+01 1.89083538e+01 1.90823803e+01 1.81937122e+01
    1.92758884e+01 2.01175175e+01 1.99682713e+01 1.81406403e+01
    2.01986065e+01 1.95141830e+01 1.98488617e+01 1.94698067e+01
    2.00666027e+01 1.80962391e+01 2.03971672e+01 2.02786045e+01
    2.16785030e+01 2.22222862e+01 2.10386505e+01 2.08187351e+01
    2.05970001e+01 2.05823765e+01 2.08296623e+01 2.19218559e+01
    2.13994236e+01 2.06712933e+01 2.12893925e+01 2.28878975e+01
    2.08627491e+01 2.14021339e+01 2.07970276e+01 2.10041275e+01
    2.19996700e+01 2.23309326e+01 2.26010838e+01 2.04991779e+01
    1.74400177e+01 1.81017933e+01 2.01065941e+01 1.98956623e+01
    1.96063538e+01 2.03557053e+01 1.96383457e+01 2.06470261e+01
    2.05633278e+01 2.03509674e+01 2.10393105e+01 2.21511669e+01
    2.08049583e+01 2.06568604e+01 2.19795380e+01 2.33454514e+01
    2.19155083e+01 2.14467907e+01 2.20507488e+01 1.94442520e+01
    1.98913574e+01 1.91650581e+01 1.80549774e+01 1.70447750e+01
    1.86146622e+01 1.78050385e+01 1.82055149e+01 1.92720394e+01
    1.79963017e+01 1.89518013e+01 1.98260307e+01 2.16560211e+01
    2.04946041e+01 2.03226891e+01 2.00316200e+01 1.89317532e+01
    1.82565346e+01 1.85540581e+01 1.84923916e+01 1.88413296e+01
    1.98773956e+01 2.17344723e+01 2.18897362e+01 2.24187622e+01
    2.07777061e+01 2.07357388e+01 2.24761047e+01 2.23478184e+01
    2.09428349e+01 2.24711018e+01 2.10485306e+01 2.08405666e+01
    2.01167393e+01 1.99100456e+01 1.98450050e+01 2.01899605e+01
    1.89319553e+01 1.96932220e+01 2.04253635e+01 2.04549599e+01
    2.08614540e+01 2.01138229e+01 2.03837395e+01 2.09583187e+01
    2.08812790e+01 2.05332279e+01 2.17574558e+01 2.02285080e+01
    1.92989864e+01 1.95373363e+01 1.96648254e+01 1.97345181e+01
    2.13608818e+01 2.18121910e+01 2.06673107e+01 2.01803741e+01
    2.11670132e+01 2.12552185e+01 2.37971554e+01 2.22786140e+01
    2.07841778e+01 2.14154682e+01 2.04002533e+01 1.96796646e+01
    2.04313698e+01 1.96295681e+01 2.28702240e+01 2.16283054e+01
    2.03810501e+01 2.03136768e+01 2.05378971e+01 2.08165073e+01
    2.03474560e+01 1.99499073e+01 2.19656639e+01 1.85992489e+01
    1.76833000e+01 1.84445801e+01 1.80422287e+01 1.85669117e+01
    1.70034142e+01 1.71622486e+01 1.93102455e+01 1.89723549e+01
    1.91829128e+01 1.77514191e+01 1.98526802e+01 2.11471252e+01
    2.19186325e+01 1.92947884e+01 2.22726746e+01 2.16956482e+01
    2.09238605e+01 2.02908211e+01 2.22783642e+01 2.11752377e+01
    2.06503525e+01 2.10900345e+01 2.06788807e+01 2.06490669e+01
    2.04984703e+01 1.94876366e+01 2.08441391e+01 1.95954361e+01
    1.80693569e+01 1.80482006e+01 2.04202194e+01 1.78201714e+01
    1.74448261e+01 1.67565842e+01 1.78527966e+01 1.72492313e+01
    2.04453163e+01 2.09266357e+01 2.04226227e+01 2.02403641e+01
    1.93991814e+01 1.87647171e+01 1.84450760e+01 1.99379463e+01
    2.10114689e+01 2.12739506e+01 2.17229271e+01 2.23489552e+01
    2.31028271e+01 2.29498749e+01 2.17037373e+01 2.41916218e+01
    2.31489830e+01 2.03607960e+01 2.07550316e+01 1.89707508e+01
    1.98021965e+01 1.96949711e+01 1.98630867e+01 1.96222477e+01
    1.93207035e+01 2.00302334e+01 2.09125862e+01 1.93715687e+01
    1.91281128e+01 2.09549961e+01 2.06125774e+01 1.91487217e+01
    2.04165840e+01 1.89765892e+01 1.87089596e+01 1.91306076e+01
    2.11343708e+01 1.80251884e+01 1.94692688e+01 1.77991028e+01
    1.91655941e+01 1.87372036e+01 1.95117283e+01 1.71770592e+01
    1.72667789e+01 1.84449501e+01 1.73208809e+01 1.78184795e+01
    1.96178932e+01 1.74161510e+01 1.90036259e+01 1.90430260e+01
    1.90646133e+01 1.80314922e+01 1.92699909e+01 2.00714397e+01
    2.06094303e+01 1.97720795e+01 2.02204990e+01 1.99367218e+01
    1.87677803e+01 1.75869045e+01 1.92084713e+01 1.88660316e+01
    1.79163952e+01 2.02038422e+01 1.92259464e+01 1.97678089e+01
    1.97549839e+01 1.79645844e+01 1.90385265e+01 2.05609703e+01
    2.10798397e+01 1.91645679e+01 1.94465790e+01 1.78829823e+01
    1.76483135e+01 1.90897560e+01 2.01816769e+01 1.91087666e+01
    1.95969334e+01 1.76915302e+01 1.96280060e+01 1.99113445e+01
    1.91960869e+01 1.96045132e+01 1.92220039e+01 1.68320618e+01
    1.95240536e+01 2.00193729e+01 2.03046951e+01 1.97824612e+01
    1.86092243e+01 1.85358963e+01 2.01101151e+01 1.97341232e+01
    2.02888527e+01 1.94422073e+01 2.06921883e+01 1.93938274e+01
    2.04568596e+01 2.04405994e+01 2.15056057e+01 2.18117619e+01
    2.07672043e+01 2.03749428e+01 1.99843750e+01 2.15053387e+01
    2.17180214e+01 2.01519680e+01 2.01791553e+01 2.01595993e+01
    2.08217602e+01 2.12708168e+01 1.96021576e+01 2.00919304e+01
    1.88011665e+01 1.71113300e+01 1.96548939e+01 2.02479019e+01
    2.07854443e+01 2.02023106e+01 2.10282249e+01 2.00751667e+01
    2.04402142e+01 2.14598122e+01 2.17620487e+01 2.27723217e+01
    2.35287590e+01 2.13208733e+01 2.02261982e+01 2.18836784e+01
    2.13090115e+01 1.98589325e+01 2.09085064e+01 2.03473778e+01
    1.96628819e+01 1.74055233e+01 1.80148544e+01 1.72097244e+01
    1.90994358e+01 1.74240055e+01 1.88633003e+01 1.94451408e+01
    1.88693066e+01 1.91477375e+01 2.04673328e+01 2.06019669e+01
    1.84150314e+01 2.02825222e+01 2.00809269e+01 1.95862255e+01
    1.82400913e+01 1.89012699e+01 1.99688282e+01 1.95641994e+01
    2.02263985e+01 2.08796558e+01 2.18103695e+01 2.24539509e+01
    2.18194103e+01 2.24521446e+01 2.13497200e+01 2.36561127e+01
    2.38352299e+01 2.30539608e+01 2.11068993e+01 1.94739990e+01
    2.08619652e+01 2.13203773e+01 1.90850849e+01 2.09947739e+01
    1.93845921e+01 2.02614861e+01 1.96462498e+01 2.03700352e+01
    2.06135712e+01 2.00817432e+01 2.12868824e+01 1.99794350e+01
    1.97478085e+01 2.17080441e+01 1.98382645e+01 2.03593845e+01
    1.85803528e+01 1.90320549e+01 1.94111614e+01 1.91720467e+01
    2.01439667e+01 2.19412155e+01 2.16639843e+01 2.15232067e+01
    2.15053825e+01 2.17600040e+01 2.16712780e+01 2.31291332e+01
    2.15600243e+01 2.18171177e+01 2.02754478e+01 2.04870586e+01
    2.07659588e+01 2.14217377e+01 2.29230652e+01 2.08495445e+01
    2.08551941e+01 2.05729523e+01 1.98782005e+01 2.09621754e+01
    2.05333939e+01 1.92782669e+01 1.89196358e+01 1.86662331e+01
    1.88094578e+01 1.78289967e+01 1.81218071e+01 1.86995029e+01
    1.85240917e+01 1.70703888e+01 1.90795898e+01 2.08622627e+01
    1.93970013e+01 1.84372864e+01 2.02907410e+01 2.13382092e+01
    2.12329235e+01 2.08798790e+01 2.24468269e+01 2.20484810e+01
    2.15041561e+01 2.17605000e+01 2.25977802e+01 2.19614487e+01
    2.16701717e+01 2.07057915e+01 2.26165447e+01 2.14739056e+01
    1.95631886e+01 2.02642250e+01 2.19907055e+01 2.19761429e+01
    2.03686237e+01 1.87544022e+01 1.97331467e+01 1.80036812e+01
    1.81519108e+01 1.80275002e+01 1.72966328e+01 1.66307812e+01
    2.02154884e+01 2.03517628e+01 2.05009937e+01 1.99650669e+01
    1.92809410e+01 2.10131664e+01 1.93303375e+01 2.08820229e+01
    2.19492722e+01 2.21169777e+01 2.23726616e+01 2.33594170e+01
    2.32630024e+01 2.39665585e+01 2.19388256e+01 2.21778145e+01
    2.27437077e+01 1.98757896e+01 2.19805794e+01 2.12278919e+01
    1.98376846e+01 2.01940689e+01 2.13896713e+01 2.03070488e+01
    2.07087231e+01 2.11153069e+01 2.20085869e+01 2.17880821e+01
    2.16178761e+01 2.01575489e+01 2.02408619e+01 1.86741142e+01
    1.93647518e+01 1.94373302e+01 1.89144783e+01 1.96918526e+01
    2.00501747e+01 1.98405380e+01 2.12073746e+01 2.02678776e+01
    1.94426136e+01 1.98483849e+01 2.09838600e+01 1.94598236e+01
    1.86414070e+01 1.76738148e+01 1.79908829e+01 1.74440212e+01
    1.80541439e+01 1.95019131e+01 1.60038891e+01 1.71234703e+01
    1.97496147e+01 1.79736633e+01 1.91192627e+01 2.09287720e+01
    1.89130535e+01 2.01032200e+01 1.93544426e+01 1.97205715e+01
    1.98195362e+01 1.88762779e+01 1.97656689e+01 2.00445747e+01
    1.89327221e+01 1.96341991e+01 2.16571007e+01 2.06210823e+01
    2.03545551e+01 1.96898899e+01 2.04034004e+01 2.02254066e+01
    2.07822437e+01 1.89501801e+01 1.93459511e+01 1.89292545e+01
    1.75031109e+01 1.90468388e+01 1.98642559e+01 1.97298107e+01
    1.84151115e+01 1.85808716e+01 2.04372711e+01 1.79638844e+01
    1.80276260e+01 1.88265190e+01 1.76404266e+01 1.81301346e+01
    1.89203148e+01 1.92052441e+01 1.99076290e+01 1.87703342e+01
    1.91715183e+01 1.83268642e+01 1.84663219e+01 2.07109241e+01
    2.22486229e+01 2.13185425e+01 2.14123402e+01 2.15228901e+01
    2.30650272e+01 2.33505650e+01 2.40312862e+01 2.32751255e+01
    2.23933258e+01 2.21883640e+01 2.21175613e+01 2.21347466e+01
    2.17999954e+01 2.01784554e+01 1.86172028e+01 2.07565784e+01
    2.04489212e+01 2.01704903e+01 2.11465740e+01 2.12882385e+01
    1.92136765e+01 1.96501637e+01 2.13405952e+01 2.00516586e+01
    2.21451454e+01 2.05340176e+01 1.97316666e+01 2.08808727e+01
    2.04313488e+01 2.06717987e+01 2.09343357e+01 2.17757015e+01
    2.26450462e+01 2.04688950e+01 2.12651138e+01 2.01613579e+01
    2.07650967e+01 2.04732933e+01 2.08699188e+01 1.89958153e+01
    1.92391891e+01 1.73450031e+01 1.98706455e+01 1.87249527e+01
    1.93767319e+01 1.89187489e+01 1.96293316e+01 1.93586998e+01
    2.08215733e+01 1.97980785e+01 2.02252159e+01 2.10570145e+01
    2.00286942e+01 1.90454216e+01 2.07321987e+01 1.91163940e+01
    1.91783085e+01 1.88500881e+01 2.03158321e+01 2.11095867e+01
    2.14506435e+01 2.21143932e+01 2.17971687e+01 2.14460335e+01
    2.38616791e+01 2.44443550e+01 2.24694614e+01 2.27718258e+01
    2.22147808e+01 2.26028290e+01 2.25205479e+01 1.99662819e+01
    2.02449512e+01 2.09768810e+01 2.17221298e+01 1.93585739e+01
    1.94524288e+01 1.92875843e+01 1.85515747e+01 2.01706963e+01
    2.00002766e+01 1.97374897e+01 1.96239147e+01 1.97787418e+01
    1.98861847e+01 1.98026218e+01 2.06863747e+01 1.97440395e+01
    1.99741116e+01 1.92200737e+01 1.93060112e+01 1.87112713e+01
    2.14128933e+01 2.14341755e+01 2.11076069e+01 2.07287216e+01
    2.17594872e+01 2.06245384e+01 2.24343796e+01 2.21301231e+01
    2.09091530e+01 2.08471603e+01 2.14095573e+01 2.01706276e+01
    2.07044239e+01 2.09822712e+01 2.18856888e+01 2.14550953e+01
    2.11096973e+01 1.96192398e+01 2.05500908e+01 1.99847603e+01
    2.22352180e+01 1.90032959e+01 1.77726765e+01 2.01094875e+01
    2.00810108e+01 1.92094402e+01 1.90040264e+01 2.04051380e+01
    1.97366104e+01 1.80525913e+01 1.96900368e+01 2.03733978e+01
    1.89412079e+01 1.95267429e+01 2.03720341e+01 1.97528191e+01
    2.11085625e+01 2.24348354e+01 2.14313602e+01 2.12303486e+01
    2.13443203e+01 2.14738579e+01 2.06431828e+01 2.08102970e+01
    2.18992176e+01 1.90917797e+01 2.01379108e+01 2.01341114e+01
    1.97942486e+01 1.94896297e+01 1.94700794e+01 1.94361725e+01
    1.89833755e+01 1.70718975e+01 1.90138512e+01 1.79627895e+01
    1.73688679e+01 1.63762550e+01 1.68424702e+01 1.62630215e+01
    1.87443161e+01 1.98933258e+01 1.99194164e+01 1.88923779e+01
    1.84412899e+01 2.00152416e+01 2.04589081e+01 2.03545532e+01
    2.15530128e+01 2.17827225e+01 2.25919743e+01 2.05664806e+01
    2.32494831e+01 2.31934738e+01 2.22677593e+01 2.24330826e+01
    2.05926800e+01 2.07613659e+01 2.14317646e+01 2.04737930e+01
    2.11012249e+01 2.07059212e+01 2.02066345e+01 1.94525833e+01
    2.05468826e+01 2.26783886e+01 2.17532940e+01 2.15427647e+01
    2.12795868e+01 2.00704670e+01 2.11757164e+01 2.04415112e+01
    1.90845070e+01 1.97884045e+01 1.93815403e+01 1.94342442e+01
    2.01539860e+01 1.97732468e+01 2.06904640e+01 1.95138664e+01
    1.81472168e+01 1.97455120e+01 1.98726006e+01 1.84882164e+01
    1.90417385e+01 2.04162807e+01 1.77266159e+01 1.79771271e+01
    1.83223209e+01 1.99511070e+01 1.72156582e+01 1.75133018e+01
    2.02284145e+01 1.70478687e+01 1.80796299e+01 1.97263718e+01
    1.77336559e+01 1.78797245e+01 1.90180206e+01 1.91477528e+01
    1.88343372e+01 1.88066902e+01 1.83050022e+01 1.71933861e+01
    1.77931004e+01 1.90768681e+01 1.94180717e+01 2.02165413e+01
    1.95739861e+01 1.86805019e+01 2.06275215e+01 2.24313183e+01
    2.14311333e+01 1.97698689e+01 1.90248394e+01 1.85471401e+01
    1.86183891e+01 1.98588238e+01 2.04850655e+01 1.96477032e+01
    1.84484596e+01 1.81689644e+01 2.02438927e+01 1.92369289e+01
    1.92785282e+01 1.88563652e+01 1.74143562e+01 1.83690014e+01
    1.91542015e+01 2.00375519e+01 1.91705151e+01 1.93187008e+01
    2.05904408e+01 1.89140110e+01 2.05744495e+01 2.25933590e+01
    2.17431927e+01 2.17379093e+01 2.31007519e+01 2.12643623e+01
    2.26803169e+01 2.27091141e+01 2.35355606e+01 2.31381626e+01
    2.18008347e+01 2.16482563e+01 1.95256042e+01 2.11014881e+01
    2.15493755e+01 1.94011593e+01 1.93956280e+01 1.97227402e+01
    1.93640652e+01 2.12324123e+01 1.88426666e+01 2.00657291e+01
    1.93461781e+01 1.88564148e+01 2.00286636e+01 2.04276733e+01
    2.13090420e+01 2.06035442e+01 2.09555817e+01 2.01757698e+01
    2.00110435e+01 2.08602295e+01 2.04575272e+01 2.02081280e+01
    2.01753082e+01 1.93909378e+01 2.05001564e+01 1.87342072e+01
    1.83190212e+01 2.02209969e+01 1.90621033e+01 1.86455479e+01
    1.94344044e+01 1.87782936e+01 1.76020164e+01 2.01584625e+01
    1.95978966e+01 2.01798801e+01 2.03851585e+01 1.92282715e+01
    2.14427185e+01 2.16165199e+01 2.15589409e+01 2.04686279e+01
    2.03598251e+01 1.89600983e+01 2.11948185e+01 1.80259953e+01
    1.73779373e+01 2.04060650e+01 2.03959446e+01 1.95134716e+01
    2.01153755e+01 2.10713520e+01 2.17580833e+01 2.03176861e+01
    2.19949455e+01 2.38142433e+01 2.29202805e+01 2.27949886e+01
    2.34909725e+01 2.31855640e+01 2.10471668e+01 2.05528622e+01
    2.09345360e+01 2.01657143e+01 1.94218922e+01 2.09408016e+01
    1.89666061e+01 1.86151485e+01 1.83926811e+01 1.90136585e+01
    1.96253223e+01 2.06368637e+01 1.99764767e+01 1.97383080e+01
    2.07259350e+01 2.13341560e+01 2.03152504e+01 2.03802528e+01
    2.07942314e+01 2.01476021e+01 1.98659973e+01 1.93969040e+01
    1.97754269e+01 2.02894707e+01 2.21706276e+01 2.29988880e+01
    2.05365753e+01 2.01324692e+01 2.13490620e+01 2.31216087e+01
    2.10899010e+01 1.91841240e+01 2.04575825e+01 1.94153042e+01
    1.98052788e+01 2.01709633e+01 1.86720581e+01 1.92096233e+01
    2.10480270e+01 2.13104725e+01 1.96688328e+01 1.97802849e+01
    2.02371387e+01 2.02898369e+01 1.92998943e+01 1.95847569e+01
    1.88752213e+01 1.95780506e+01 1.96132412e+01 2.03501282e+01
    2.05718250e+01 1.99765244e+01 2.04570351e+01 2.06543884e+01
    2.12634525e+01 2.09353981e+01 2.21361885e+01 2.12462177e+01
    2.19708138e+01 2.24621563e+01 2.13871384e+01 2.21079025e+01
    2.18617592e+01 2.27202778e+01 2.12588577e+01 2.12833920e+01
    1.99604301e+01 1.92733746e+01 1.98082809e+01 1.98905029e+01
    1.72878685e+01 1.81833096e+01 1.99510555e+01 1.92833080e+01
    1.92909203e+01 1.71213226e+01 1.74176807e+01 1.59902115e+01
    1.81928406e+01 1.73928699e+01 1.59122458e+01 1.49994993e+01
    1.96992798e+01 1.85082035e+01 1.85354786e+01 1.72529716e+01
    1.80258102e+01 1.95182838e+01 2.11443405e+01 2.14644527e+01
    2.13600616e+01 2.05796890e+01 2.20916367e+01 2.14000111e+01
    2.34904003e+01 2.31396255e+01 2.20595207e+01 2.22238483e+01
    2.08051071e+01 2.03483124e+01 2.04416313e+01 2.11383152e+01
    2.16494541e+01 2.09582119e+01 2.08043461e+01 2.16660118e+01
    2.05718746e+01 2.13112755e+01 2.30896473e+01 2.22038479e+01
    2.15301685e+01 2.03614197e+01 2.02081470e+01 1.92992630e+01
    1.83962517e+01 1.93948803e+01 2.09255219e+01 1.78861942e+01
    1.75114975e+01 1.89620171e+01 1.96011887e+01 2.11302509e+01
    1.98193531e+01 2.08597107e+01 2.02172699e+01 1.88344517e+01
    1.97522125e+01 2.05660057e+01 1.88719997e+01 1.89278126e+01
    1.86622391e+01 1.85257931e+01 1.71231575e+01 1.92223091e+01
    1.83806820e+01 1.85484028e+01 1.99298077e+01 1.87432117e+01
    1.85990353e+01 2.00707817e+01 1.89321404e+01 1.88478756e+01
    1.89505978e+01 1.96486912e+01 1.83373013e+01 1.72536831e+01
    1.66942902e+01 1.93095341e+01 2.02666626e+01 2.17082996e+01
    2.05486965e+01 1.98633003e+01 1.86348209e+01 2.04557266e+01
    2.10738564e+01 2.08013058e+01 1.86332951e+01 1.86156158e+01
    1.91110229e+01 2.05499802e+01 2.02111721e+01 1.82510471e+01
    1.85970879e+01 2.03968487e+01 1.85615883e+01 1.88325253e+01
    1.85322323e+01 1.74316273e+01 1.61272163e+01 1.64480171e+01
    1.93823242e+01 1.75396233e+01 1.96919403e+01 2.01355171e+01
    2.10969887e+01 1.95603466e+01 2.13158646e+01 2.26545544e+01
    2.32648792e+01 2.23240604e+01 2.38665085e+01 2.19273911e+01
    2.38192139e+01 2.36335411e+01 2.42519531e+01 2.34219666e+01
    2.30936985e+01 2.19851208e+01 2.17239361e+01 2.14455547e+01
    2.13217678e+01 2.13637123e+01 2.05092163e+01 1.88957481e+01
    1.96949215e+01 2.18299923e+01 2.07166519e+01 1.98112736e+01
    1.97978477e+01 1.91621246e+01 2.08113937e+01 2.16669464e+01
    2.06596127e+01 2.03197250e+01 1.90552979e+01 1.98278065e+01
    1.90301876e+01 2.10837250e+01 2.02565403e+01 2.05656090e+01
    1.84242420e+01 2.03935146e+01 2.11554070e+01 1.85832348e+01
    1.81888485e+01 1.85989761e+01 2.10164547e+01 1.83749218e+01
    1.82388248e+01 1.93321514e+01 1.90087852e+01 1.76710892e+01
    1.97253571e+01 1.91040249e+01 2.02504673e+01 1.94035110e+01
    1.98231640e+01 1.99312382e+01 2.10327187e+01 2.08754444e+01
    1.88910255e+01 1.80220680e+01 1.97710438e+01 1.86216450e+01
    1.79551620e+01 1.84574718e+01 1.89327068e+01 1.87243729e+01
    2.04827423e+01 2.25290947e+01 2.09117413e+01 2.07310028e+01
    1.95935822e+01 2.33187962e+01 2.29090824e+01 2.19303246e+01
    2.11216412e+01 2.14310493e+01 2.08091354e+01 2.00656910e+01
    2.03450260e+01 2.08920135e+01 1.82714539e+01 1.93848267e+01
    1.83137608e+01 1.78360710e+01 1.82904987e+01 1.74062061e+01
    1.76797295e+01 2.01425438e+01 2.18328075e+01 1.99066181e+01
    1.97096977e+01 2.02766285e+01 2.04779797e+01 2.03121586e+01
    2.09290771e+01 1.77092495e+01 1.93699188e+01 2.08684368e+01
    2.14447289e+01 1.97381840e+01 2.23132248e+01 2.34965267e+01
    2.12540760e+01 2.13838596e+01 2.10241146e+01 2.09112453e+01
    1.97553387e+01 1.73237495e+01 1.88800030e+01 1.68586769e+01
    1.80030556e+01 1.92359467e+01 2.06478043e+01 2.05572834e+01
    2.04403553e+01 2.08040371e+01 2.09120407e+01 1.89098644e+01
    2.10735855e+01 1.94684715e+01 2.03309669e+01 1.99931717e+01
    1.97662849e+01 2.05493259e+01 2.08356991e+01 2.00216179e+01
    2.03162594e+01 2.02557716e+01 1.97897625e+01 2.21415062e+01
    1.97349510e+01 2.16262569e+01 2.19078903e+01 2.21753883e+01
    2.14575768e+01 2.12075615e+01 2.15615826e+01 2.18422985e+01
    2.16386490e+01 2.13956318e+01 2.01213074e+01 2.00990295e+01
    1.82770901e+01 1.81162949e+01 1.87448292e+01 1.92282906e+01
    1.91162090e+01 1.73078136e+01 1.87453098e+01 1.82544594e+01
    1.79019890e+01 1.70194321e+01 1.81741180e+01 1.60703926e+01
    1.81470318e+01 1.72734470e+01 1.79833717e+01 1.65834675e+01
    2.04908485e+01 1.98324509e+01 1.87138214e+01 1.85394020e+01
    1.85717163e+01 2.06680775e+01 2.12828712e+01 2.10874634e+01
    2.19283085e+01 2.07171669e+01 1.93263149e+01 2.14903831e+01
    2.12518864e+01 2.14107533e+01 2.02181320e+01 1.97978497e+01
    2.13359375e+01 2.04850693e+01 1.95817528e+01 2.02774239e+01
    2.16447678e+01 2.02907162e+01 2.12252808e+01 2.00997257e+01
    1.96546364e+01 2.13649960e+01 2.24820251e+01 2.19308243e+01
    2.12442226e+01 2.14082775e+01 2.14268913e+01 2.03702679e+01
    2.07667427e+01 2.03249989e+01 2.00270329e+01 1.85242119e+01
    1.99690723e+01 1.99651051e+01 2.04497108e+01 2.01858006e+01
    2.12417641e+01 1.93677025e+01 1.90343323e+01 1.95504246e+01
    1.92246265e+01 2.03403530e+01 2.04643135e+01 1.91496601e+01
    1.96862106e+01 2.05398483e+01 2.07290840e+01 1.97554455e+01
    1.84717846e+01 1.81937904e+01 1.97955551e+01 2.06453304e+01
    1.78419666e+01 1.63445930e+01 1.93075390e+01 1.79182148e+01
    1.79551373e+01 1.84737225e+01 1.76841812e+01 1.53765984e+01
    1.79409332e+01 1.92034817e+01 2.00358982e+01 2.01890202e+01
    1.96675682e+01 1.99871922e+01 1.90391655e+01 2.07788086e+01
    2.24575825e+01 1.99136581e+01 1.85532570e+01 2.12468204e+01
    1.78311558e+01 1.85929565e+01 2.00900536e+01 1.68338089e+01
    1.84176064e+01 2.03439350e+01 1.95405407e+01 2.05058441e+01
    1.90143394e+01 1.75718994e+01 1.62307587e+01 1.74431324e+01
    1.73115997e+01 1.90322609e+01 1.93389492e+01 1.83378105e+01
    1.83377018e+01 1.96834431e+01 2.14912872e+01 2.12751026e+01
    2.26130753e+01 2.15044479e+01 2.20068455e+01 2.04322529e+01
    2.13292236e+01 2.10458374e+01 2.25626240e+01 2.18120975e+01
    2.29227962e+01 2.09331894e+01 2.33221645e+01 2.09398651e+01
    1.94596634e+01 2.16171646e+01 2.08635483e+01 2.05799198e+01
    2.00695229e+01 2.08143501e+01 2.07241955e+01 1.94490452e+01
    1.91736317e+01 2.05508080e+01 2.07209816e+01 2.22959137e+01
    2.16041584e+01 2.07205696e+01 1.94458675e+01 2.17190304e+01
    1.93723431e+01 1.92968655e+01 2.15214367e+01 1.95132446e+01
    1.86256142e+01 1.84593792e+01 1.88529053e+01 1.91943321e+01
    1.87928867e+01 1.77567005e+01 1.86400909e+01 1.82760677e+01
    1.85765381e+01 1.82574062e+01 1.81676941e+01 1.82860489e+01
    1.97791290e+01 1.88454113e+01 1.88205776e+01 2.06894321e+01
    1.98371544e+01 1.97755203e+01 2.16790104e+01 2.01464710e+01
    1.88992348e+01 1.85359879e+01 1.86658745e+01 1.77924671e+01
    1.66640339e+01 1.79103603e+01 1.76413593e+01 1.83142567e+01
    1.89790668e+01 2.14926434e+01 1.94605007e+01 1.93811779e+01
    1.99078407e+01 2.05532875e+01 2.11405487e+01 2.17587395e+01
    2.21263084e+01 2.05409222e+01 2.07150021e+01 2.05892754e+01
    2.11322861e+01 2.07600880e+01 1.91572781e+01 1.98592415e+01
    1.89292755e+01 1.80752335e+01 1.75236473e+01 1.79585438e+01
    1.98304062e+01 1.98533020e+01 1.97101612e+01 2.13299217e+01
    2.08597450e+01 2.11383553e+01 2.14990673e+01 2.07047195e+01
    2.14456062e+01 1.95666885e+01 1.88635330e+01 2.11551113e+01
    2.22165051e+01 2.10466976e+01 2.12427120e+01 2.22907028e+01
    2.09837074e+01 1.96104717e+01 2.17936649e+01 2.03751659e+01
    1.89482307e+01 1.90726318e+01 1.92496033e+01 1.83490734e+01
    2.01589260e+01 2.09636154e+01 2.00613155e+01 1.99265747e+01
    2.11120415e+01 2.04869003e+01 2.18522186e+01 2.15405560e+01
    2.14736214e+01 2.16689930e+01 2.03968735e+01 2.14606819e+01
    2.13535519e+01 2.03414574e+01 1.96477833e+01 2.12803745e+01
    2.09107189e+01 2.21113167e+01 2.19416161e+01 2.24832802e+01
    2.28853569e+01 2.20965366e+01 2.31230087e+01 2.27450695e+01
    2.24477825e+01 2.22116852e+01 2.25917263e+01 2.27724037e+01
    2.17539692e+01 1.97601852e+01 2.14390907e+01 2.03821354e+01
    1.95651932e+01 1.90902596e+01 2.02905674e+01 1.96451225e+01
    1.92951202e+01 1.90485458e+01 2.16494122e+01 1.86205120e+01
    1.93895378e+01 1.76512470e+01 1.92442188e+01 1.92126904e+01
    1.87353115e+01 1.80932274e+01 1.73556137e+01 1.59094019e+01
    2.14923248e+01 2.01163464e+01 1.92588177e+01 2.07057724e+01
    2.13136921e+01 2.04997978e+01 1.99774075e+01 2.06642170e+01
    2.05897694e+01 2.14727249e+01 2.12790375e+01 2.03235207e+01
    2.19563198e+01 2.16927261e+01 2.01516171e+01 2.10582237e+01
    2.05900154e+01 2.07845592e+01 2.05839653e+01 2.09005222e+01
    2.04765072e+01 2.09358921e+01 2.05242882e+01 2.16312122e+01
    2.06605682e+01 2.18340302e+01 2.19202499e+01 2.12343674e+01
    2.06631432e+01 1.99511013e+01 1.99526596e+01 1.74845142e+01
    1.90258598e+01 1.86984158e+01 1.87942638e+01 1.60439281e+01
    1.76135941e+01 1.85024815e+01 1.78952026e+01 1.92542610e+01
    2.05004864e+01 1.98837280e+01 2.01955090e+01 1.95292606e+01
    1.86730633e+01 2.03672867e+01 2.08932114e+01 2.14232216e+01
    1.92313251e+01 1.83403301e+01 1.87452526e+01 1.74260349e+01
    2.01080055e+01 1.93405113e+01 1.85335350e+01 1.90318184e+01
    1.78231049e+01 1.75959187e+01 1.78165703e+01 1.92625351e+01
    1.78725090e+01 1.91880493e+01 1.85145416e+01 1.65970840e+01
    1.83760395e+01 2.03168945e+01 1.94269085e+01 2.12793827e+01
    2.14430408e+01 2.00927429e+01 1.99157391e+01 2.03471317e+01
    2.11925011e+01 2.06435509e+01 1.89245243e+01 1.91444893e+01
    1.89117031e+01 1.77779312e+01 1.93687572e+01 1.92925014e+01
    1.98349609e+01 2.13633347e+01 2.10340004e+01 2.00181408e+01
    1.75492649e+01 1.74564323e+01 1.63169899e+01 1.75774403e+01
    1.81895599e+01 1.54837923e+01 1.84328175e+01 1.72928009e+01
    1.83946857e+01 1.76887665e+01 2.07757416e+01 2.04014568e+01
    2.28497829e+01 2.08615017e+01 2.15929356e+01 2.11622162e+01
    2.21552105e+01 2.16819439e+01 2.38823833e+01 2.29952240e+01
    2.18062611e+01 2.18668518e+01 2.07270889e+01 2.06375065e+01
    2.05976696e+01 2.00513344e+01 1.99121132e+01 2.06255264e+01
    1.98334618e+01 2.06073055e+01 1.95280972e+01 1.99494820e+01
    2.01860962e+01 1.88342590e+01 2.17601604e+01 2.31539726e+01
    2.03675690e+01 1.90822372e+01 1.96693687e+01 2.11394463e+01
    1.94495888e+01 1.97454853e+01 1.97420101e+01 1.85864410e+01
    1.88515682e+01 1.80140858e+01 1.95813313e+01 1.89741459e+01
    1.86148243e+01 1.85019588e+01 1.79511662e+01 1.82058372e+01
    1.88439541e+01 1.83598309e+01 1.76917877e+01 1.76132641e+01
    1.92841377e+01 1.83392372e+01 1.93905125e+01 1.98873138e+01
    1.92422714e+01 1.98325768e+01 1.97518253e+01 1.87448921e+01
    1.87824059e+01 1.94866848e+01 1.92333412e+01 1.88345623e+01
    1.77489567e+01 1.78014107e+01 1.90999775e+01 1.94245205e+01
    2.21327877e+01 2.23083973e+01 2.03532333e+01 1.92005005e+01
    2.06402912e+01 2.08644543e+01 2.02574730e+01 2.15224743e+01
    2.06907673e+01 2.03858280e+01 1.89219341e+01 1.83460503e+01
    1.95407715e+01 2.01056614e+01 1.99459305e+01 1.89793205e+01
    1.79689293e+01 1.81474323e+01 1.79313927e+01 1.78686943e+01
    1.94794903e+01 2.08636093e+01 2.00479641e+01 2.09208755e+01
    2.19163170e+01 2.18801498e+01 2.00971947e+01 2.15057869e+01
    2.00598469e+01 1.91580391e+01 1.94050102e+01 1.97587624e+01
    2.12442760e+01 1.85659847e+01 2.01233788e+01 1.97901344e+01
    1.89371319e+01 1.94100513e+01 2.17447529e+01 2.01643276e+01
    2.05990963e+01 1.91579113e+01 1.97445374e+01 1.76400528e+01
    1.84794102e+01 2.13256493e+01 2.02905045e+01 1.94020290e+01
    2.12720032e+01 2.07356777e+01 2.26470394e+01 2.21368771e+01
    2.19796314e+01 2.19009228e+01 1.91249008e+01 1.94701405e+01
    2.12850132e+01 1.98876877e+01 2.13828773e+01 2.10029755e+01
    2.20139008e+01 2.10845337e+01 2.18430557e+01 2.32876949e+01
    2.23429394e+01 2.19758091e+01 2.13290367e+01 2.34470158e+01
    2.24199219e+01 2.16869946e+01 2.14670868e+01 2.09369164e+01
    2.01590309e+01 2.08057632e+01 1.92950497e+01 2.04112568e+01
    2.02121410e+01 1.85850143e+01 2.02018566e+01 2.06959248e+01
    2.15992393e+01 2.07396164e+01 2.03259373e+01 2.04194794e+01
    1.94382267e+01 1.96292782e+01 2.08496609e+01 2.05237923e+01
    1.97290421e+01 1.97482624e+01 1.90672894e+01 1.71480999e+01
    2.09932823e+01 2.12230568e+01 1.99166107e+01 1.89817810e+01
    2.03072567e+01 2.02555218e+01 2.02622871e+01 2.00094719e+01
    2.09610138e+01 2.11032047e+01 1.99099236e+01 1.86260109e+01
    2.00813217e+01 2.07371120e+01 1.79511852e+01 1.81478882e+01
    2.10740433e+01 1.94954166e+01 1.96510658e+01 1.96309547e+01
    2.03021736e+01 1.98542576e+01 2.01656113e+01 2.10903511e+01
    2.12773552e+01 2.12340908e+01 2.06630821e+01 1.87393932e+01
    1.96318455e+01 1.97207127e+01 2.08156090e+01 1.98170605e+01
    2.05434418e+01 1.74275608e+01 1.85666294e+01 1.86215019e+01
    1.83730888e+01 1.89112015e+01 1.91877880e+01 1.86576633e+01
    1.99742928e+01 1.99985237e+01 2.00732403e+01 2.03799477e+01
    1.88585262e+01 1.97315979e+01 2.02450199e+01 2.03980103e+01
    1.74952126e+01 1.85692711e+01 1.81051464e+01 1.81810284e+01
    1.89130898e+01 1.76152000e+01 1.70708885e+01 1.79416218e+01
    1.62193375e+01 1.75510559e+01 1.77714672e+01 1.76637173e+01
    1.96813946e+01 1.85626373e+01 1.91806431e+01 1.78684597e+01
    1.89117947e+01 2.03113823e+01 2.01518879e+01 2.01965675e+01
    2.11435814e+01 2.02360077e+01 2.07905846e+01 2.25414429e+01
    2.10763912e+01 2.05243835e+01 2.01270733e+01 2.07399521e+01
    2.06018009e+01 1.93099499e+01 2.05153694e+01 2.08310986e+01
    1.99246559e+01 1.98461723e+01 2.09608212e+01 1.91240883e+01
    1.97579670e+01 1.75207806e+01 1.67892742e+01 1.80872936e+01
    1.81968479e+01 1.76635551e+01 1.79353428e+01 1.67921009e+01
    1.72471638e+01 1.87626572e+01 1.95007439e+01 2.08346977e+01
    2.08873177e+01 2.05409393e+01 2.14564819e+01 2.10499554e+01
    2.09367199e+01 2.12418346e+01 2.28015652e+01 2.34316692e+01
    2.19031353e+01 2.18338337e+01 2.13028431e+01 2.01712208e+01
    2.08407135e+01 2.09377403e+01 2.05450554e+01 2.09618664e+01
    2.06197281e+01 2.02363911e+01 1.96461926e+01 2.00336761e+01
    2.03716927e+01 2.06839714e+01 2.00187702e+01 2.28107777e+01
    2.20336514e+01 1.97764454e+01 1.98383026e+01 2.19386234e+01
    2.11854763e+01 2.18299656e+01 2.11745052e+01 2.06873779e+01
    1.99772797e+01 1.90445805e+01 1.81114902e+01 1.76922359e+01
    1.83572006e+01 1.82276115e+01 1.80934677e+01 1.72536793e+01
    1.71728840e+01 1.75028534e+01 1.86153641e+01 1.86832790e+01
    2.04100552e+01 1.98905258e+01 1.90782814e+01 1.99606838e+01
    2.07564354e+01 2.12984982e+01 2.11931171e+01 2.00181713e+01
    2.06138592e+01 2.02419128e+01 1.87054405e+01 1.90397797e+01
    1.89819984e+01 1.90902176e+01 2.03285255e+01 2.01970387e+01
    2.07895699e+01 2.24273472e+01 2.20885487e+01 1.97636089e+01
    2.06055717e+01 2.08351059e+01 2.08157501e+01 1.99385967e+01
    2.05285797e+01 2.07265835e+01 1.92617455e+01 1.83921165e+01
    1.89808941e+01 2.10556850e+01 2.10023899e+01 2.02494106e+01
    1.95159283e+01 1.87195301e+01 1.81150970e+01 2.00487709e+01
    2.02001019e+01 2.01406898e+01 1.97666340e+01 2.09385681e+01
    2.14885292e+01 2.20335503e+01 2.11256313e+01 2.05865498e+01
    2.14891872e+01 1.87326717e+01 1.83330917e+01 1.92107086e+01
    1.88225899e+01 1.96337166e+01 2.02048092e+01 2.02397976e+01
    1.82042217e+01 1.99003983e+01 2.07357006e+01 2.03169937e+01
    2.08719177e+01 1.89536190e+01 1.97775574e+01 1.84734516e+01
    1.92297230e+01 1.99772835e+01 2.12371330e+01 2.03805103e+01
    2.01348934e+01 2.03611794e+01 2.01861191e+01 1.98476429e+01
    2.16247902e+01 2.19679718e+01 1.83838482e+01 2.07234154e+01
    2.21204548e+01 2.14817924e+01 2.11889343e+01 2.10230217e+01
    2.04008350e+01 2.21929531e+01 2.23464260e+01 2.32916756e+01
    2.29914761e+01 2.27957802e+01 2.23134232e+01 2.30211029e+01
    2.43396416e+01 2.26385479e+01 2.10782051e+01 2.08569221e+01
    2.05856915e+01 2.02679939e+01 1.99993877e+01 1.99824352e+01
    1.87505608e+01 1.95573101e+01 2.06973419e+01 1.98251953e+01
    2.07647533e+01 2.17559757e+01 2.14942169e+01 2.21300793e+01
    2.14314995e+01 2.00400677e+01 2.16494942e+01 2.07276745e+01
    2.04424076e+01 1.98889503e+01 1.77145443e+01 1.69383717e+01
    1.97725372e+01 2.18736134e+01 2.09439602e+01 1.85427494e+01
    2.02480869e+01 2.04542732e+01 2.12156525e+01 1.97386951e+01
    2.00340824e+01 1.94466839e+01 1.89333534e+01 1.81238518e+01
    2.12900753e+01 1.96711826e+01 1.99073982e+01 1.83165741e+01
    2.05426712e+01 2.02890873e+01 2.06743622e+01 2.07354393e+01
    2.03237972e+01 1.98756580e+01 2.15701809e+01 2.18204136e+01
    2.14853477e+01 2.15404491e+01 2.01608887e+01 2.01198940e+01
    1.92661915e+01 1.93212605e+01 1.98092804e+01 1.90315437e+01
    1.98677692e+01 1.80970135e+01 1.70149040e+01 1.86981716e+01
    1.87191315e+01 1.84508476e+01 1.89062099e+01 1.95615559e+01
    1.95631943e+01 2.05433331e+01 2.01928253e+01 1.96710339e+01
    1.93721008e+01 2.03110428e+01 2.05653267e+01 1.87814083e+01
    1.79486008e+01 1.72636604e+01 1.86816235e+01 1.86607189e+01
    1.88370113e+01 1.81868057e+01 1.81185436e+01 1.71168594e+01
    1.83902321e+01 1.88339481e+01 1.93736362e+01 1.90557613e+01
    2.11582203e+01 2.03087234e+01 1.90817108e+01 1.77174950e+01
    1.88256416e+01 2.02411938e+01 2.09634895e+01 2.17103672e+01
    2.18381367e+01 2.08650150e+01 2.04128418e+01 2.27821693e+01
    2.25986443e+01 2.05593948e+01 2.16419353e+01 2.10963917e+01
    2.15001850e+01 2.13929176e+01 2.01736355e+01 2.06271687e+01
    2.13479042e+01 2.30840797e+01 2.11393909e+01 2.14374771e+01
    1.94783115e+01 2.02503452e+01 1.79844799e+01 1.94143620e+01
    1.88134480e+01 1.83296261e+01 1.74378719e+01 1.81960583e+01
    1.97139378e+01 1.99446411e+01 2.16298199e+01 2.11867008e+01
    2.18807926e+01 2.08301582e+01 2.05128155e+01 2.10860634e+01
    2.15760727e+01 2.23388424e+01 2.30861359e+01 2.16104736e+01
    2.12314720e+01 2.13307304e+01 1.98836212e+01 2.21032104e+01
    2.16072845e+01 2.21473694e+01 2.06981335e+01 2.11844501e+01
    2.09498425e+01 2.10186214e+01 2.15435257e+01 2.09956970e+01
    1.97495785e+01 2.10340977e+01 1.97623310e+01 2.09616776e+01
    2.16990051e+01 2.01483707e+01 2.01157646e+01 2.13119507e+01
    2.15972061e+01 2.03544636e+01 2.05251503e+01 2.11426315e+01
    1.85140057e+01 1.74278164e+01 1.84443035e+01 1.69666977e+01
    1.82736073e+01 1.87580357e+01 1.94511890e+01 1.80911694e+01
    1.68384323e+01 1.82165413e+01 1.87658253e+01 1.82555332e+01
    1.96850300e+01 2.00997639e+01 1.98559113e+01 1.88504353e+01
    2.00022163e+01 1.97733250e+01 2.19080639e+01 1.95574741e+01
    1.96457767e+01 2.02001076e+01 2.09816933e+01 2.10158958e+01
    1.91322212e+01 1.97214146e+01 2.04012871e+01 2.22258015e+01
    2.27439861e+01 2.27796593e+01 2.22268200e+01 1.96722794e+01
    2.03812466e+01 2.16116905e+01 2.08454819e+01 1.82070942e+01
    1.87711887e+01 1.79668446e+01 1.88201637e+01 1.79993763e+01
    1.86595459e+01 1.83581715e+01 1.88245163e+01 1.94207840e+01
    1.99138012e+01 1.86536598e+01 1.83752346e+01 1.88029251e+01
    2.04733963e+01 2.15976849e+01 1.95475883e+01 1.97797222e+01
    2.08958225e+01 2.00534019e+01 2.17688255e+01 1.97689304e+01
    1.92750511e+01 1.86281986e+01 1.85728645e+01 1.86991100e+01
    1.93495197e+01 1.82439613e+01 1.91828136e+01 1.91090641e+01
    1.72747517e+01 1.76663609e+01 2.00683880e+01 2.06664524e+01
    2.02339916e+01 2.02811127e+01 1.93011646e+01 1.82232018e+01
    2.07868423e+01 2.33015060e+01 1.98664417e+01 1.92473736e+01
    1.82310352e+01 1.84757156e+01 2.01326504e+01 2.13118515e+01
    2.11712818e+01 1.94733276e+01 1.92656155e+01 1.97330456e+01
    2.07953568e+01 2.10327911e+01 1.95082607e+01 2.01888390e+01
    2.10487041e+01 2.07473907e+01 2.27297153e+01 2.08734303e+01
    2.04559803e+01 2.23959961e+01 2.33328838e+01 2.22856350e+01
    2.29133110e+01 2.22165775e+01 1.98369637e+01 2.16523800e+01
    2.07949142e+01 1.88438988e+01 1.92420216e+01 1.84005356e+01
    1.80801430e+01 1.83389797e+01 1.76265125e+01 1.86832657e+01
    1.98203773e+01 1.99162197e+01 2.09847164e+01 2.07241001e+01
    2.15963650e+01 2.12962627e+01 1.97814770e+01 2.03381290e+01
    2.08303757e+01 1.96867752e+01 1.96456165e+01 1.73649197e+01
    2.17419872e+01 2.15731049e+01 1.98868904e+01 1.80779781e+01
    2.14676266e+01 2.15236721e+01 1.90670795e+01 1.99536533e+01
    2.04792805e+01 1.83304214e+01 1.92986088e+01 1.92619915e+01
    1.93677673e+01 1.94181576e+01 1.89095287e+01 1.79817600e+01
    1.92784519e+01 1.94203911e+01 1.94458599e+01 2.04475479e+01
    2.00641537e+01 1.85834026e+01 1.89519444e+01 2.01955566e+01
    2.12300949e+01 2.12602787e+01 2.00592766e+01 1.87742901e+01
    2.10762348e+01 1.97830143e+01 2.02904530e+01 2.04157009e+01
    1.92480602e+01 1.91523895e+01 2.01155319e+01 1.89051743e+01
    1.97993813e+01 2.06344891e+01 1.98320541e+01 2.02547188e+01
    2.00793362e+01 1.91483784e+01 1.97521114e+01 2.10478115e+01
    1.99845028e+01 1.89676819e+01 1.88886089e+01 1.84259815e+01
    1.81518040e+01 1.88371868e+01 1.97021866e+01 1.86810322e+01
    1.67588329e+01 1.88846073e+01 1.72021294e+01 1.70240211e+01
    1.67637081e+01 1.81761703e+01 1.78797283e+01 1.89687138e+01
    1.97181683e+01 1.92040291e+01 1.91075668e+01 1.65906868e+01
    1.83047943e+01 2.13645477e+01 2.02484570e+01 1.99744282e+01
    1.97220535e+01 1.89505768e+01 1.89570255e+01 2.15159225e+01
    2.25525875e+01 2.20041542e+01 2.21589355e+01 2.22029629e+01
    2.01947060e+01 2.20366325e+01 2.18348465e+01 2.06208344e+01
    2.03252449e+01 2.25779057e+01 2.14480820e+01 2.05666485e+01
    1.92129841e+01 1.91454411e+01 1.77335815e+01 1.87951145e+01
    1.90273457e+01 1.87541370e+01 1.76419830e+01 1.97850189e+01
    1.89581280e+01 2.04186211e+01 2.12752838e+01 2.02132111e+01
    2.10798550e+01 2.07328930e+01 2.07937183e+01 2.04722595e+01
    1.98988266e+01 2.02907028e+01 2.18479252e+01 2.11989880e+01
    2.00515919e+01 2.04466267e+01 2.01259937e+01 2.11031513e+01
    2.12888565e+01 2.22754078e+01 1.98333569e+01 2.00760765e+01
    2.12135677e+01 2.03430519e+01 1.99353657e+01 2.06898460e+01
    2.07763233e+01 2.14577541e+01 2.10696907e+01 2.09566402e+01
    2.19411354e+01 2.11055088e+01 2.02675781e+01 2.15582027e+01
    2.19400120e+01 2.03984051e+01 2.12160091e+01 2.19505234e+01
    1.94119167e+01 1.81062355e+01 2.05398922e+01 1.88004837e+01
    1.82179413e+01 1.87793255e+01 1.93026066e+01 1.72967682e+01
    1.87263794e+01 1.83702774e+01 1.96849918e+01 1.81941891e+01
    2.03016472e+01 1.99180984e+01 1.97449856e+01 2.00690823e+01
    2.02355366e+01 2.07768307e+01 2.11184235e+01 2.13356323e+01
    2.02871780e+01 1.93169937e+01 2.10339699e+01 1.97121029e+01
    1.95780945e+01 1.92028255e+01 1.94090691e+01 2.11583347e+01
    2.08036194e+01 2.01978207e+01 2.18124638e+01 2.12280273e+01
    1.92361412e+01 2.06023273e+01 2.11766987e+01 1.95767021e+01
    1.87811508e+01 1.85439625e+01 1.73348255e+01 1.64567013e+01
    1.86048565e+01 1.91665993e+01 1.87646999e+01 2.06221008e+01
    2.02466393e+01 1.90186024e+01 1.99414291e+01 2.07828007e+01
    2.12036858e+01 2.01302433e+01 1.92949371e+01 2.00879974e+01
    2.17186871e+01 1.91995831e+01 1.98005466e+01 2.02153511e+01
    1.96421909e+01 1.81793003e+01 1.89063072e+01 1.89387321e+01
    1.81214848e+01 1.73269100e+01 1.89153805e+01 1.90833187e+01
    1.94397240e+01 1.94901772e+01 1.94559917e+01 2.04452572e+01
    2.03474522e+01 1.90073490e+01 1.89932156e+01 1.88707695e+01
    1.91944065e+01 2.07219028e+01 2.06600056e+01 1.84497890e+01
    2.06676922e+01 1.94431877e+01 2.00365868e+01 2.10846653e+01
    1.89659233e+01 1.79113197e+01 1.96319008e+01 1.87187939e+01
    2.01942310e+01 2.06538410e+01 2.23004189e+01 2.04945946e+01
    2.01366215e+01 2.18399677e+01 2.24958954e+01 2.26323643e+01
    2.19578953e+01 2.20277424e+01 2.29259319e+01 2.33083706e+01
    2.33910866e+01 2.27379684e+01 2.01412086e+01 2.13800335e+01
    2.19318428e+01 2.03784103e+01 1.93779469e+01 1.91137276e+01
    1.90677681e+01 1.77866440e+01 1.93282471e+01 1.77872562e+01
    1.90181961e+01 1.90665913e+01 2.09377270e+01 1.95054359e+01
    1.91224632e+01 1.95748787e+01 2.16646633e+01 1.99950237e+01
    2.17362347e+01 1.93100910e+01 1.89451523e+01 1.84555912e+01
    2.13099575e+01 2.08716946e+01 2.05991154e+01 1.94337864e+01
    2.03400593e+01 2.09665527e+01 1.90173302e+01 1.95596809e+01
    2.02786980e+01 1.92264271e+01 1.83651638e+01 1.88339577e+01
    1.90900478e+01 1.97680054e+01 1.98268204e+01 1.87062798e+01
    1.86307392e+01 2.00862999e+01 1.83307476e+01 1.92853374e+01
    1.99896374e+01 1.97698994e+01 1.98546486e+01 2.00280533e+01
    2.05749626e+01 2.12395191e+01 1.91856899e+01 1.96982975e+01
    1.97534733e+01 1.86496449e+01 1.84445400e+01 1.91624031e+01
    1.91077175e+01 1.84040604e+01 1.73712521e+01 1.78685169e+01
    1.82327423e+01 1.89285831e+01 1.95215073e+01 1.88162689e+01
    1.85885239e+01 1.99168758e+01 1.84915524e+01 2.01981411e+01
    2.02954063e+01 1.88120251e+01 1.98433647e+01 1.96371078e+01
    1.78901329e+01 1.79727879e+01 1.88952789e+01 1.88013821e+01
    1.91726665e+01 1.76368885e+01 1.74701843e+01 1.79779911e+01
    1.73691292e+01 1.75541744e+01 1.98457241e+01 1.91886787e+01
    1.79262676e+01 2.02493038e+01 1.86888847e+01 1.84951534e+01
    1.90689373e+01 2.02014160e+01 2.03569469e+01 2.04089794e+01
    1.93682423e+01 1.98565140e+01 2.03370762e+01 2.20927753e+01
    2.22046585e+01 2.18133984e+01 2.22291107e+01 2.00318203e+01
    2.05508785e+01 2.13919182e+01 2.12541218e+01 2.06336899e+01
    2.14356308e+01 2.21837597e+01 2.03421707e+01 2.08379612e+01
    1.90966663e+01 1.85309792e+01 1.87187138e+01 2.02731304e+01
    1.94011517e+01 1.86051331e+01 1.95258198e+01 2.01467018e+01
    2.08597221e+01 2.11517944e+01 2.15884037e+01 2.11741276e+01
    2.23361607e+01 2.04964848e+01 2.19570293e+01 2.11468391e+01
    1.98064556e+01 2.01126976e+01 2.08245869e+01 2.23961773e+01
    1.99097767e+01 1.88623085e+01 2.07854462e+01 2.06843128e+01
    2.09891567e+01 2.28410130e+01 2.08815594e+01 2.08350048e+01
    2.10634460e+01 2.09874363e+01 1.96026936e+01 2.01954212e+01
    2.05655956e+01 2.09791813e+01 1.87988758e+01 2.03099022e+01
    2.04764252e+01 1.95765858e+01 2.13978004e+01 2.31006832e+01
    2.15839787e+01 2.17073059e+01 2.15028744e+01 2.09122219e+01
    1.98726425e+01 1.99118137e+01 1.89729042e+01 1.94348717e+01
    1.87600002e+01 1.86759491e+01 1.97327194e+01 1.89534225e+01
    1.91995430e+01 1.73887386e+01 1.86244583e+01 1.90818348e+01
    1.90671158e+01 1.82105904e+01 2.03935738e+01 1.98713474e+01
    2.14863949e+01 1.99463234e+01 2.00165348e+01 2.02462730e+01
    2.07431908e+01 2.01118660e+01 2.20102825e+01 2.06006603e+01
    1.87793560e+01 1.92639675e+01 1.95337658e+01 2.02859821e+01
    2.20531826e+01 2.05881500e+01 1.88542099e+01 1.92933407e+01
    2.01904545e+01 2.07720261e+01 1.91167755e+01 1.85512962e+01
    1.70906792e+01 1.78053818e+01 1.72272778e+01 1.80520382e+01
    1.87560825e+01 1.97631149e+01 1.73807106e+01 1.83181629e+01
    1.98837318e+01 1.94971027e+01 1.92583942e+01 1.89765930e+01
    1.97350159e+01 2.08018742e+01 2.08129177e+01 1.89327888e+01
    2.07525082e+01 2.07085361e+01 1.99638882e+01 1.95734978e+01
    1.95345345e+01 1.82730751e+01 1.85939445e+01 1.94147224e+01
    1.79782677e+01 1.86560993e+01 1.84939213e+01 1.82192116e+01
    1.79231968e+01 1.81045456e+01 1.87539463e+01 1.72972336e+01
    1.75974274e+01 1.91298618e+01 1.74665184e+01 1.91859245e+01
    1.94831486e+01 2.13440914e+01 2.01495800e+01 1.92146893e+01
    1.94561272e+01 1.92542515e+01 2.03371239e+01 1.93959637e+01
    2.01882706e+01 1.91058445e+01 1.95380096e+01 1.96961422e+01
    2.12602959e+01 2.07978611e+01 2.25881348e+01 1.98370457e+01
    2.01713753e+01 2.19176254e+01 2.15983906e+01 2.20339546e+01
    2.28792114e+01 2.24669685e+01 2.11394978e+01 2.11652966e+01
    2.44684906e+01 2.13510437e+01 1.97983456e+01 2.13275547e+01
    2.08879509e+01 1.94228401e+01 1.94289513e+01 1.92221527e+01
    1.79651089e+01 1.80973358e+01 1.82121868e+01 1.87381287e+01
    1.89949341e+01 1.89294300e+01 1.97090893e+01 2.01301594e+01
    1.96905479e+01 2.01393528e+01 1.96819611e+01 2.19943619e+01
    2.11614189e+01 2.03822536e+01 2.06720638e+01 1.96346741e+01
    2.19109383e+01 2.06684818e+01 1.98919430e+01 2.08514671e+01
    2.10273514e+01 2.06547890e+01 1.97740993e+01 1.93106098e+01
    1.83686142e+01 1.91334171e+01 1.69359608e+01 1.74001045e+01
    1.87263374e+01 1.82066936e+01 1.81741085e+01 1.90809002e+01
    1.82682037e+01 1.91602554e+01 1.85271454e+01 1.77289352e+01
    1.93946209e+01 2.01409740e+01 1.81406403e+01 1.91023350e+01
    1.94543571e+01 1.89279327e+01 1.96707535e+01 1.87283325e+01
    1.97039318e+01 1.87003422e+01 1.96798630e+01 1.88017845e+01
    1.87911148e+01 1.83390884e+01 1.82668839e+01 1.81104107e+01
    1.89814968e+01 1.76219501e+01 1.92732677e+01 1.88868504e+01
    1.81931515e+01 1.84888973e+01 1.95236816e+01 1.91347008e+01
    1.99721165e+01 1.85349693e+01 2.12326469e+01 1.89543114e+01
    1.72713203e+01 1.81862812e+01 2.03544121e+01 1.81154270e+01
    1.78784256e+01 1.94614353e+01 1.86517353e+01 1.77362652e+01
    1.78740482e+01 1.68185978e+01 1.85204563e+01 2.00929470e+01
    1.89635315e+01 1.95204372e+01 2.04357624e+01 1.89212265e+01
    1.79737167e+01 2.12877235e+01 2.19450989e+01 2.08585701e+01
    2.03562717e+01 1.99456959e+01 2.08245163e+01 2.12702370e+01
    2.16919327e+01 2.18252773e+01 2.13213825e+01 2.14384403e+01
    2.09525700e+01 2.17346420e+01 2.04901009e+01 2.19553299e+01
    2.08786736e+01 2.09069099e+01 2.07840595e+01 2.15985546e+01
    2.04015636e+01 1.79038239e+01 1.99743481e+01 2.02664413e+01
    1.97068825e+01 1.92632370e+01 1.91169453e+01 2.02011490e+01
    1.95852489e+01 2.03705254e+01 2.05959682e+01 1.97678566e+01
    1.90996342e+01 2.05157051e+01 2.00487404e+01 1.96391773e+01
    2.00682068e+01 1.89202843e+01 2.07800331e+01 2.06377964e+01
    1.94539032e+01 2.13831406e+01 2.11474991e+01 2.06076622e+01
    2.13582668e+01 2.11018696e+01 2.04711685e+01 2.00428066e+01
    2.01404457e+01 1.98583717e+01 2.00861359e+01 1.94935493e+01
    1.96233711e+01 2.09316864e+01 2.11823463e+01 2.21418152e+01
    2.06626759e+01 2.13435955e+01 2.14692745e+01 2.30156422e+01
    2.31539402e+01 2.21687737e+01 2.06758327e+01 2.03911209e+01
    2.07966251e+01 2.00594711e+01 2.09357452e+01 1.96503868e+01
    2.02109547e+01 1.98859730e+01 1.81235943e+01 1.79085846e+01
    1.95954628e+01 1.85776272e+01 1.97893429e+01 1.81902733e+01
    2.02714939e+01 1.84815636e+01 1.98600483e+01 1.98018475e+01
    1.95647354e+01 1.93098869e+01 1.94447136e+01 1.91021042e+01
    1.84731197e+01 1.94727268e+01 1.89548779e+01 1.98769989e+01
    1.89506855e+01 1.91817417e+01 1.84735546e+01 2.10688477e+01
    2.06011314e+01 2.15471001e+01 1.93921738e+01 1.86436214e+01
    1.88415985e+01 2.21756535e+01 1.92529945e+01 1.91704369e+01
    1.83652458e+01 1.77692451e+01 1.88048515e+01 1.81046352e+01
    1.79064999e+01 1.88873558e+01 1.77630424e+01 1.73306236e+01
    1.82726460e+01 2.03957024e+01 2.22043953e+01 1.95047226e+01
    2.02931004e+01 2.00743847e+01 2.14383526e+01 2.07670746e+01
    2.28232784e+01 2.20625896e+01 2.17859821e+01 2.04216099e+01
    2.05765305e+01 1.87293644e+01 1.99152851e+01 2.08765354e+01
    1.88390102e+01 1.91429615e+01 1.87556038e+01 1.86971855e+01
    1.76038151e+01 1.78323574e+01 1.96644211e+01 1.87701283e+01
    1.74664783e+01 1.92593842e+01 1.81504955e+01 1.89178429e+01
    1.90978241e+01 2.01051273e+01 2.17643356e+01 1.91874447e+01
    2.05293179e+01 1.96476192e+01 2.15024014e+01 1.90839367e+01
    2.00508595e+01 1.94513607e+01 1.85196114e+01 1.77138214e+01
    1.99608688e+01 2.11117592e+01 1.99264812e+01 1.81063919e+01
    2.02493534e+01 2.15621033e+01 2.11401405e+01 2.10438595e+01
    2.08507252e+01 2.09010048e+01 2.14852295e+01 2.14700623e+01
    2.31918297e+01 2.30728264e+01 2.08652058e+01 1.99368382e+01
    2.22871933e+01 2.01580505e+01 2.09386120e+01 1.87002831e+01
    1.82162304e+01 1.83729420e+01 2.05662384e+01 1.96184578e+01
    2.01492767e+01 2.10184422e+01 2.07795162e+01 1.90046215e+01
    1.94742165e+01 2.09427109e+01 2.16835136e+01 2.20756359e+01
    2.20590725e+01 2.17855396e+01 2.10754910e+01 2.03691845e+01
    2.03722229e+01 2.30874023e+01 2.09359512e+01 2.02684860e+01
    2.13253269e+01 2.19185009e+01 1.98143978e+01 1.94909401e+01
    1.87665596e+01 1.83555641e+01 1.96911278e+01 1.90413456e+01
    2.02772675e+01 1.93296051e+01 1.95501156e+01 1.80388260e+01
    1.82969284e+01 1.96454468e+01 1.74255657e+01 1.82715130e+01
    1.83337193e+01 1.77849369e+01 1.76994190e+01 1.90309296e+01
    1.96250973e+01 2.03115978e+01 2.02860756e+01 1.98012810e+01
    1.92067165e+01 2.14228668e+01 1.81183167e+01 1.87086735e+01
    1.82821274e+01 1.80131912e+01 1.67953548e+01 1.83390312e+01
    1.83597126e+01 1.81364727e+01 1.78359756e+01 1.85517159e+01
    1.85746746e+01 1.64113979e+01 1.77588673e+01 1.88453846e+01
    1.87863159e+01 1.75816593e+01 1.89948502e+01 1.72173157e+01
    1.67172470e+01 1.82696514e+01 1.92381248e+01 1.80790977e+01
    1.82457638e+01 1.81514740e+01 2.00677032e+01 1.75743256e+01
    1.87845726e+01 1.74443951e+01 1.87784481e+01 1.93273506e+01
    2.01729507e+01 1.81801472e+01 1.95782890e+01 1.93544140e+01
    1.81514950e+01 2.06612225e+01 2.23627110e+01 2.01612492e+01
    2.03422184e+01 1.97743034e+01 2.12979717e+01 2.19218941e+01
    2.09651737e+01 2.06895142e+01 2.24779129e+01 2.20954494e+01
    2.06544971e+01 1.92934608e+01 1.98797913e+01 2.02130642e+01
    2.10220985e+01 2.03197746e+01 2.04325657e+01 2.06321068e+01
    1.93669186e+01 1.94916267e+01 1.89889107e+01 2.08606873e+01
    1.89619083e+01 1.82544498e+01 1.88719711e+01 1.95165215e+01
    2.06637058e+01 2.02194748e+01 1.98133793e+01 1.86214428e+01
    2.03053703e+01 2.01817780e+01 2.06409378e+01 2.02894096e+01
    1.95488262e+01 1.94362183e+01 2.04233971e+01 2.14316654e+01
    2.07328815e+01 2.03396301e+01 2.08854046e+01 1.90175991e+01
    2.06249237e+01 2.22532272e+01 2.00620499e+01 2.00585461e+01
    2.03825359e+01 2.11516151e+01 1.94549942e+01 2.18757477e+01
    2.08077545e+01 2.00056248e+01 2.14025650e+01 2.22355633e+01
    2.07889481e+01 2.03317947e+01 2.06404247e+01 2.31374321e+01
    2.20121250e+01 2.17769966e+01 2.33713951e+01 2.12939568e+01
    1.97072029e+01 2.00551224e+01 2.05424500e+01 1.98331413e+01
    2.04875698e+01 1.95316772e+01 1.95049114e+01 1.95066605e+01
    2.03749619e+01 2.08681564e+01 2.02599354e+01 2.17226105e+01
    1.88719120e+01 1.77857189e+01 1.91723957e+01 2.02008820e+01
    1.98947792e+01 1.86613674e+01 1.93984699e+01 1.76040497e+01
    1.86067390e+01 1.96487103e+01 2.11836605e+01 1.97537441e+01
    2.00242767e+01 1.92790241e+01 1.92722988e+01 2.06985493e+01
    1.97547874e+01 2.13069057e+01 2.02442436e+01 1.96150894e+01
    1.80555458e+01 1.98791103e+01 2.09199162e+01 1.70479946e+01
    1.58315058e+01 1.75903130e+01 1.83121376e+01 1.76262760e+01
    1.71359921e+01 1.63671341e+01 1.86743259e+01 1.85978889e+01
    2.00333405e+01 1.94271526e+01 1.93995476e+01 1.98177090e+01
    2.02885933e+01 2.12458992e+01 2.02254314e+01 2.06793041e+01
    2.22419243e+01 2.27011223e+01 2.14040508e+01 1.98590832e+01
    1.92752228e+01 1.90447159e+01 2.09746227e+01 2.02801819e+01
    2.00360508e+01 1.92163372e+01 1.93658466e+01 1.63852043e+01
    1.70703373e+01 1.89311600e+01 1.97312031e+01 1.85362606e+01
    1.82908592e+01 1.71976738e+01 1.82743855e+01 1.71456795e+01
    1.93968277e+01 2.22149620e+01 2.04192219e+01 2.00703545e+01
    1.90961170e+01 2.12451344e+01 2.11071396e+01 2.00592785e+01
    1.98695297e+01 1.95237083e+01 1.97706451e+01 1.83997040e+01
    1.91653233e+01 1.94129810e+01 2.01032906e+01 1.91462860e+01
    1.92794876e+01 2.12216702e+01 2.11602592e+01 1.92963047e+01
    2.10034447e+01 2.12775745e+01 2.21886616e+01 2.00706520e+01
    2.14695377e+01 2.18765926e+01 2.12417870e+01 1.91010876e+01
    1.93546600e+01 1.94965897e+01 1.89308357e+01 1.98850632e+01
    1.78568764e+01 1.79757004e+01 2.01495781e+01 2.05327168e+01
    2.03535538e+01 2.10930119e+01 2.13539143e+01 2.02893867e+01
    2.09915066e+01 2.06276436e+01 2.27287998e+01 2.12271919e+01
    2.17520199e+01 2.26283054e+01 2.08437862e+01 2.18264198e+01
    2.10645638e+01 2.07402554e+01 2.18526497e+01 2.30344830e+01
    2.15079918e+01 2.03052063e+01 1.95015888e+01 1.87913418e+01
    1.97778797e+01 1.98913631e+01 1.95338535e+01 1.89057026e+01
    1.94476643e+01 1.88249016e+01 1.86023045e+01 1.85758896e+01
    1.86353264e+01 2.05963593e+01 1.80257664e+01 1.98661346e+01
    1.85931492e+01 1.86954994e+01 1.84701290e+01 2.05869236e+01
    1.96018200e+01 1.99135666e+01 1.86800022e+01 1.90163689e+01
    1.97993584e+01 2.01727867e+01 1.92871952e+01 1.89685516e+01
    1.79079285e+01 1.75521641e+01 1.71072903e+01 1.88085289e+01
    1.95797100e+01 1.72262287e+01 1.68291454e+01 1.72026558e+01
    1.83029003e+01 1.78800049e+01 1.86592941e+01 1.74595814e+01
    1.76540165e+01 1.84210587e+01 1.76450500e+01 1.88140297e+01
    1.82297974e+01 1.78631535e+01 2.01945171e+01 1.82931042e+01
    1.80864811e+01 1.89247322e+01 1.92978935e+01 1.94364300e+01
    1.73901901e+01 1.83218803e+01 1.94060230e+01 1.96814327e+01
    1.91886158e+01 2.05167599e+01 2.01361771e+01 1.91327915e+01
    1.94678307e+01 2.06017132e+01 2.21354828e+01 1.99544716e+01
    2.04076977e+01 2.02614574e+01 1.99348202e+01 2.17140808e+01
    2.29112549e+01 1.95495090e+01 2.29846382e+01 2.28641891e+01
    2.10659466e+01 2.14463863e+01 2.14352322e+01 2.04492645e+01
    2.01422462e+01 2.01481991e+01 1.92302952e+01 1.97431889e+01
    1.90157871e+01 1.87306099e+01 1.97764988e+01 1.92665691e+01
    1.76044960e+01 1.80537815e+01 1.87489014e+01 1.80214329e+01
    1.90401211e+01 1.97305222e+01 1.99269962e+01 1.86268215e+01
    2.00281162e+01 2.00238171e+01 2.02610416e+01 1.98210411e+01
    1.79234390e+01 1.92380695e+01 2.08479652e+01 1.90850010e+01
    2.06791134e+01 1.92422905e+01 2.02112179e+01 2.14741726e+01
    2.16291103e+01 2.12765274e+01 2.27345219e+01 2.12162209e+01
    2.10539570e+01 2.04785042e+01 1.98588219e+01 2.11727104e+01
    2.14816418e+01 1.92263756e+01 1.93926563e+01 2.07161579e+01
    2.05460320e+01 2.09614220e+01 2.02805786e+01 2.20761032e+01
    2.17095699e+01 1.99719982e+01 2.17806511e+01 1.98076935e+01
    1.86847229e+01 2.00234146e+01 1.97577972e+01 2.01697464e+01
    2.10163288e+01 1.86227207e+01 2.06066933e+01 1.84179935e+01
    2.08392200e+01 2.11012459e+01 1.94679756e+01 2.00837498e+01
    2.13802109e+01 1.89574203e+01 1.95392189e+01 2.02951641e+01
    1.98672676e+01 2.04016972e+01 1.92026424e+01 1.80907249e+01
    1.82817020e+01 2.00887203e+01 1.95621796e+01 2.04798412e+01
    1.81652126e+01 1.93020077e+01 2.07894115e+01 2.14448338e+01
    2.01866817e+01 2.05829010e+01 2.12287712e+01 1.97052803e+01
    1.80279827e+01 1.80566959e+01 1.96136246e+01 1.83612194e+01
    1.64003620e+01 1.79973068e+01 1.71809998e+01 1.65783501e+01
    1.74871578e+01 1.89673595e+01 1.85006847e+01 1.80478764e+01
    2.05042992e+01 1.99787006e+01 2.02941132e+01 2.00336494e+01
    2.01297302e+01 2.08902893e+01 2.07461395e+01 2.02568874e+01
    2.03774338e+01 2.04622955e+01 2.10412655e+01 2.14696579e+01
    2.07606373e+01 2.05182419e+01 2.16279392e+01 2.33926868e+01
    2.18786335e+01 1.93697491e+01 2.11222706e+01 1.95075588e+01
    1.76172295e+01 1.91820908e+01 1.95277634e+01 1.82248001e+01
    1.70755157e+01 1.91889076e+01 1.85732841e+01 1.88295765e+01
    2.02323875e+01 2.14783173e+01 2.02078514e+01 2.02965508e+01
    2.01629238e+01 2.13072491e+01 2.13047390e+01 1.98670139e+01
    1.90398369e+01 1.94126453e+01 1.91435108e+01 1.72355442e+01
    1.82445393e+01 1.83652840e+01 1.94088974e+01 1.93023891e+01
    1.90145912e+01 1.90088100e+01 2.24214954e+01 1.87831917e+01
    1.92853870e+01 2.23699913e+01 2.15107155e+01 2.16179352e+01
    2.06312122e+01 2.11110535e+01 1.93494015e+01 2.09095516e+01
    1.96256657e+01 2.02617188e+01 1.98605957e+01 1.87057152e+01
    1.75833874e+01 1.89998817e+01 1.81311092e+01 1.90592690e+01
    2.10373249e+01 2.10216770e+01 2.03096733e+01 1.87801895e+01
    1.99534874e+01 2.18632870e+01 2.16547661e+01 2.17820320e+01
    2.03858700e+01 2.02158756e+01 2.21989670e+01 2.10122604e+01
    2.26599331e+01 2.10124111e+01 2.15347919e+01 2.04540024e+01
    1.97827091e+01 2.07532310e+01 1.94967461e+01 1.79100361e+01
    2.05434589e+01 1.93486195e+01 2.00715485e+01 1.82761936e+01
    2.00958481e+01 2.04412174e+01 1.96082115e+01 2.01092033e+01
    1.97733135e+01 1.96107178e+01 1.83944206e+01 1.83347549e+01
    1.91016159e+01 1.89411201e+01 1.84834785e+01 1.96154289e+01
    2.02084332e+01 1.84898529e+01 1.76977367e+01 1.86512012e+01
    1.81916771e+01 1.99762478e+01 1.87275906e+01 1.92679348e+01
    1.72778263e+01 1.60419750e+01 1.58064232e+01 1.79447918e+01
    1.90901279e+01 1.78748093e+01 1.69117050e+01 1.91649265e+01
    1.92471313e+01 1.76409912e+01 2.02424240e+01 1.87117424e+01
    1.73179379e+01 1.86114025e+01 1.75242157e+01 1.93567047e+01
    1.92504597e+01 1.83080254e+01 1.99376297e+01 1.99648132e+01
    1.79963875e+01 1.80106945e+01 1.88262691e+01 1.79653130e+01
    1.98578262e+01 1.74958668e+01 1.93059826e+01 2.00527020e+01
    1.89407692e+01 1.91859913e+01 2.18162651e+01 1.95238342e+01
    1.97516403e+01 2.14419155e+01 2.32133904e+01 2.06224327e+01
    2.04684162e+01 1.93934841e+01 2.05650654e+01 2.15611172e+01
    2.09592972e+01 2.01403027e+01 2.31669769e+01 2.15328884e+01
    2.09517384e+01 2.07173691e+01 2.13282528e+01 1.96330738e+01
    2.00259800e+01 2.07490768e+01 1.92159119e+01 1.94072723e+01
    1.86709919e+01 1.82542744e+01 1.93464661e+01 1.83484650e+01
    1.76497021e+01 1.82234707e+01 1.96834946e+01 2.02327003e+01
    1.89858208e+01 2.09420204e+01 2.00825176e+01 1.93953533e+01
    2.03577728e+01 2.11624680e+01 2.04083595e+01 2.02573013e+01
    1.91840286e+01 2.06977234e+01 2.12319298e+01 2.07047520e+01
    1.86850052e+01 1.94097500e+01 1.90690784e+01 2.04379387e+01
    2.10132179e+01 2.11796036e+01 2.13291569e+01 2.16031456e+01
    1.90198956e+01 1.94168892e+01 1.88633766e+01 2.02122517e+01
    2.00858612e+01 1.96718273e+01 1.91387329e+01 2.11060944e+01
    2.05832081e+01 2.00355663e+01 2.10088387e+01 2.14299583e+01
    1.92313442e+01 1.92083263e+01 2.02257061e+01 2.05675602e+01
    1.97197990e+01 1.81943760e+01 1.88963013e+01 1.93164787e+01
    1.99662781e+01 2.05755157e+01 2.03214855e+01 1.88848820e+01
    1.98201561e+01 1.92903996e+01 2.09531174e+01 1.99804478e+01
    1.93873672e+01 1.94301910e+01 1.89454098e+01 2.18997116e+01
    2.01305561e+01 1.91739120e+01 1.96444187e+01 1.85495949e+01
    1.79901695e+01 1.94984455e+01 2.08884888e+01 2.12847786e+01
    2.02448730e+01 1.92685223e+01 2.07091465e+01 2.27622566e+01
    2.13869400e+01 2.03903847e+01 2.14943390e+01 1.95377865e+01
    1.86012096e+01 1.83862133e+01 1.89341106e+01 1.79547634e+01
    1.77933369e+01 1.80500736e+01 1.71961002e+01 1.54499340e+01
    1.74218864e+01 1.93796673e+01 1.70020657e+01 1.72417793e+01
    1.92015572e+01 1.96724873e+01 1.90633888e+01 1.92088070e+01
    2.06715488e+01 1.89937840e+01 1.85876408e+01 2.08838921e+01
    2.01820221e+01 2.10314980e+01 2.01075821e+01 2.18119755e+01
    2.05117321e+01 1.96265583e+01 2.15463448e+01 2.15505466e+01
    2.04436626e+01 2.03078594e+01 2.00548878e+01 1.87131271e+01
    1.92647209e+01 1.88778839e+01 1.85015984e+01 1.86992893e+01
    1.65270195e+01 1.79505310e+01 1.77721767e+01 1.75111275e+01
    1.84101772e+01 1.94397221e+01 1.91723499e+01 1.77917938e+01
    1.98806839e+01 2.08409786e+01 1.94497547e+01 2.02490215e+01
    1.96079426e+01 1.70539379e+01 1.79318047e+01 1.86354427e+01
    1.84729538e+01 1.80818672e+01 1.79255142e+01 1.78877659e+01
    1.81266918e+01 1.92070789e+01 2.07169724e+01 1.94392433e+01
    1.91050148e+01 2.14390850e+01 2.07470646e+01 1.96994953e+01
    2.12908897e+01 2.02943134e+01 1.96098061e+01 1.94962425e+01
    2.01817932e+01 2.06576424e+01 1.96542358e+01 1.89408245e+01
    1.70536880e+01 1.82003403e+01 1.75620003e+01 1.80608673e+01
    1.84227333e+01 2.01709518e+01 1.84890995e+01 1.94069557e+01
    1.93292160e+01 2.00357170e+01 2.06745777e+01 2.22494030e+01
    2.19660110e+01 2.21174240e+01 2.32713509e+01 2.13670082e+01
    2.17979965e+01 2.04661293e+01 2.11278419e+01 2.06537571e+01
    2.01173019e+01 1.90407772e+01 2.00434437e+01 1.79530506e+01
    1.91120205e+01 1.89407043e+01 1.83420467e+01 1.97526093e+01
    1.89948025e+01 1.96520672e+01 1.84499092e+01 1.96273384e+01
    2.01284332e+01 1.94292965e+01 2.06107883e+01 1.82191391e+01
    2.02849197e+01 2.15867043e+01 1.91111526e+01 2.07678356e+01
    2.14053783e+01 1.96461620e+01 1.81310406e+01 2.06090050e+01
    2.03331394e+01 1.92359715e+01 1.88356647e+01 1.90260353e+01
    1.87632980e+01 1.82105350e+01 1.79101715e+01 2.00273991e+01
    2.10583534e+01 1.98984394e+01 1.79647903e+01 1.87945156e+01
    1.92918510e+01 1.89315567e+01 1.92814598e+01 1.95975037e+01
    1.91734676e+01 1.92402000e+01 2.08183632e+01 2.04494400e+01
    1.92155666e+01 1.95737572e+01 1.94938717e+01 1.93571129e+01
    1.93176575e+01 1.76485252e+01 1.97434425e+01 1.93493843e+01
    1.88040524e+01 1.91103401e+01 1.85919151e+01 2.13036976e+01
    2.04647884e+01 2.02874107e+01 2.12407875e+01 2.16888504e+01
    2.01096439e+01 2.03760166e+01 2.26105232e+01 2.15306549e+01
    1.98090706e+01 1.92997437e+01 2.01421261e+01 2.10721798e+01
    2.12810307e+01 2.13588696e+01 2.26794262e+01 2.23764153e+01
    2.10016842e+01 2.12392197e+01 2.21391430e+01 2.10470409e+01
    1.96518421e+01 2.10578556e+01 2.02310066e+01 1.91753540e+01
    1.80574951e+01 1.85321426e+01 1.78272533e+01 1.75929623e+01
    1.71898766e+01 1.77334900e+01 1.97934265e+01 1.85348644e+01
    1.87197876e+01 2.03566189e+01 2.08099957e+01 2.06938915e+01
    2.09800720e+01 2.08211689e+01 2.04235554e+01 2.00443459e+01
    2.05252323e+01 1.96783657e+01 2.10900040e+01 1.99156017e+01
    1.87856445e+01 1.92545738e+01 2.03928032e+01 2.26235790e+01
    2.20344734e+01 2.25411530e+01 2.19610806e+01 2.18297195e+01
    2.04623528e+01 2.07526035e+01 2.16314487e+01 2.14174805e+01
    2.21772423e+01 2.09511261e+01 1.99032402e+01 2.01061745e+01
    2.02401638e+01 2.09105644e+01 2.05423756e+01 2.15143414e+01
    2.08452721e+01 1.93597889e+01 2.08148022e+01 1.81643963e+01
    1.86220493e+01 1.73313789e+01 1.86621265e+01 1.84612694e+01
    2.05993652e+01 2.00195942e+01 1.93357468e+01 1.92783260e+01
    2.10511665e+01 2.04624100e+01 2.00738544e+01 2.02375221e+01
    2.18125916e+01 1.92921524e+01 2.09680729e+01 2.08326912e+01
    2.20704441e+01 1.83351841e+01 2.03150921e+01 2.06713734e+01
    1.90944939e+01 1.94859009e+01 2.11019650e+01 1.95435009e+01
    1.85387173e+01 1.93068943e+01 1.91226864e+01 2.22465019e+01
    2.05653763e+01 2.15357113e+01 2.00256863e+01 1.95399036e+01
    1.96166992e+01 1.87002926e+01 1.84074841e+01 1.77882614e+01
    1.75794411e+01 1.92191792e+01 1.87785854e+01 1.75204601e+01
    1.86912861e+01 1.86569500e+01 1.84647770e+01 1.89631195e+01
    1.90761414e+01 2.03042126e+01 1.92584686e+01 1.98844395e+01
    1.86473274e+01 1.76525879e+01 1.85868797e+01 2.14602718e+01
    2.03279266e+01 2.09426956e+01 1.96405029e+01 1.91561069e+01
    2.06077938e+01 2.02161160e+01 2.12877979e+01 2.11063137e+01
    2.00997334e+01 2.07047939e+01 2.11178970e+01 2.11844578e+01
    1.98710175e+01 1.90876141e+01 1.86011600e+01 1.84514523e+01
    1.68841190e+01 1.76463737e+01 1.77035809e+01 1.86706924e+01
    1.73479729e+01 1.89934444e+01 1.98687286e+01 1.94658623e+01
    1.84717999e+01 2.05415592e+01 1.98537006e+01 1.80711250e+01
    2.03690491e+01 1.70749931e+01 1.78910255e+01 1.77067738e+01
    1.81512890e+01 1.91475811e+01 1.83972187e+01 1.65052643e+01
    1.82986488e+01 1.88965931e+01 2.01712608e+01 1.79631634e+01
    1.97063255e+01 2.02835999e+01 1.94060631e+01 1.93225651e+01
    2.11740303e+01 2.05936623e+01 2.05354996e+01 2.02367439e+01
    2.02980766e+01 2.14852829e+01 1.86615391e+01 1.87432003e+01
    1.87932777e+01 1.77686119e+01 1.68905506e+01 1.81032677e+01
    1.91838741e+01 1.86020355e+01 1.95360432e+01 1.78518372e+01
    1.99672165e+01 2.05260944e+01 2.01613941e+01 2.23874454e+01
    2.13866558e+01 2.11473064e+01 2.22531719e+01 1.98113232e+01
    2.12944565e+01 2.13809223e+01 1.83138313e+01 2.04838409e+01
    2.11339455e+01 1.94146290e+01 1.92244530e+01 2.05952759e+01
    1.91406326e+01 2.04901161e+01 2.11221981e+01 2.00370579e+01
    1.97280064e+01 1.99802036e+01 1.96855030e+01 2.07944698e+01
    2.11648235e+01 2.12139492e+01 2.08573895e+01 1.91558228e+01
    2.05829124e+01 2.10424824e+01 1.99869976e+01 1.94542503e+01
    2.07395554e+01 2.01383190e+01 1.91875782e+01 2.01843243e+01
    2.05887394e+01 1.81506767e+01 1.83694439e+01 1.82938862e+01
    1.91303024e+01 1.92851086e+01 1.85783253e+01 1.90528297e+01
    1.90185814e+01 1.93690434e+01 2.04801521e+01 2.01010876e+01
    1.94670105e+01 2.01408348e+01 2.02838535e+01 2.29510746e+01
    2.07303352e+01 1.95084877e+01 2.11080666e+01 2.08317451e+01
    2.11903534e+01 2.04734325e+01 1.96014137e+01 2.07639160e+01
    1.97917843e+01 1.87979851e+01 1.94852810e+01 1.98034534e+01
    1.91576233e+01 1.83916435e+01 2.00769424e+01 2.07418461e+01
    2.00019817e+01 1.92361031e+01 2.04775524e+01 2.15851746e+01
    2.08230705e+01 2.02807350e+01 2.32961159e+01 2.25954514e+01
    2.04069748e+01 2.09017982e+01 2.05174980e+01 2.08715363e+01
    2.15902252e+01 2.02147217e+01 2.22646599e+01 2.12800503e+01
    2.05922375e+01 2.08334332e+01 2.22343826e+01 2.08616238e+01
    2.11698456e+01 1.99925404e+01 2.02234364e+01 1.87332001e+01
    1.80786667e+01 1.96675568e+01 1.94095516e+01 1.78256664e+01
    1.81215229e+01 1.83003483e+01 1.93828564e+01 2.17479286e+01
    1.93521004e+01 1.82055111e+01 1.97796307e+01 1.89905357e+01
    1.94778194e+01 2.02987671e+01 1.97899075e+01 1.94702606e+01
    2.06653233e+01 1.90861225e+01 1.94142361e+01 2.08934040e+01
    1.96964073e+01 1.86211758e+01 2.04578838e+01 2.05089493e+01
    2.07425919e+01 1.97563457e+01 2.13025837e+01 2.08870430e+01
    2.06177654e+01 2.09399567e+01 2.13399048e+01 2.18528137e+01
    2.03105526e+01 2.09009705e+01 2.10503597e+01 2.01927376e+01
    2.10283451e+01 2.07235432e+01 2.16047516e+01 2.09316826e+01
    2.05239258e+01 1.96381950e+01 1.94082775e+01 1.79969234e+01
    1.69612484e+01 1.76953259e+01 1.98444519e+01 1.88512173e+01
    1.95457973e+01 1.92665443e+01 1.99411049e+01 1.96869068e+01
    2.05810070e+01 2.08244724e+01 1.99485435e+01 1.99745655e+01
    1.98521137e+01 1.76433468e+01 1.96767731e+01 2.02996750e+01
    1.96535568e+01 1.84572105e+01 1.95476360e+01 1.97935238e+01
    1.83001404e+01 1.85610943e+01 1.91550522e+01 1.95789738e+01
    1.94583015e+01 1.76580276e+01 1.94224453e+01 2.11653595e+01
    2.02477036e+01 2.05249786e+01 2.04592609e+01 1.92595367e+01
    1.83757992e+01 2.16574841e+01 1.86946735e+01 1.74279804e+01
    1.72191143e+01 1.84168320e+01 1.90661755e+01 1.79310608e+01
    1.69985428e+01 1.74145603e+01 1.79799042e+01 1.86521130e+01
    1.97832355e+01 1.94754925e+01 1.91677284e+01 2.01039429e+01
    1.92273083e+01 1.97915401e+01 1.91439285e+01 2.07560024e+01
    2.18413715e+01 2.02706470e+01 1.91258316e+01 1.91282921e+01
    1.87747612e+01 2.02642517e+01 2.06866760e+01 2.05222359e+01
    2.05176086e+01 1.87432938e+01 1.80670605e+01 1.99540062e+01
    1.90979729e+01 1.91040115e+01 1.85849304e+01 1.76857758e+01
    1.87375946e+01 1.72446690e+01 1.65497284e+01 1.78479385e+01
    1.96749020e+01 1.89528847e+01 1.86885166e+01 1.78711948e+01
    1.94465866e+01 1.99803200e+01 1.94463634e+01 1.76764374e+01
    1.83098927e+01 1.82510929e+01 1.87497311e+01 1.81285419e+01
    1.82724457e+01 1.92882729e+01 1.93701439e+01 1.66138878e+01
    1.78902702e+01 1.85590439e+01 2.08945122e+01 2.05033913e+01
    1.87282467e+01 2.07655029e+01 1.93967724e+01 1.93140697e+01
    2.09575882e+01 2.14768486e+01 1.93363323e+01 1.98193684e+01
    1.88744869e+01 1.94476357e+01 1.95807552e+01 1.90556011e+01
    1.86100483e+01 1.91949787e+01 1.76909943e+01 1.84456997e+01
    2.02835255e+01 1.94679604e+01 1.99890804e+01 1.97700233e+01
    1.95125027e+01 1.99394417e+01 2.02922287e+01 2.17639332e+01
    2.23682880e+01 2.21422615e+01 2.18519650e+01 2.14597301e+01
    2.08646183e+01 2.04361191e+01 2.05751419e+01 2.16291161e+01
    2.24499283e+01 1.88746738e+01 1.95904903e+01 2.07423820e+01
    2.00389423e+01 1.96991234e+01 2.20188580e+01 2.02620296e+01
    1.81979980e+01 2.18101330e+01 2.11941166e+01 2.08988247e+01
    2.11593685e+01 2.20177479e+01 2.00148811e+01 1.95983963e+01
    1.97458210e+01 2.08265572e+01 2.17456703e+01 2.11477604e+01
    2.07286797e+01 2.06702080e+01 2.00427742e+01 2.08284626e+01
    2.16808491e+01 2.10505428e+01 2.01431255e+01 2.02689991e+01
    1.90828896e+01 1.87163296e+01 1.89480476e+01 1.97467308e+01
    1.95236778e+01 1.97744370e+01 2.01985703e+01 1.99731712e+01
    2.13839931e+01 1.89271488e+01 1.96680946e+01 2.06767979e+01
    2.10477829e+01 2.04819355e+01 2.01261063e+01 2.05445404e+01
    2.21667137e+01 2.13462505e+01 2.06842422e+01 1.98326626e+01
    2.08495617e+01 1.86048050e+01 1.97238255e+01 2.12295532e+01
    1.99715576e+01 1.89935913e+01 1.85851345e+01 2.14584103e+01
    2.05212059e+01 1.99533081e+01 2.22328663e+01 2.05173416e+01
    2.07772446e+01 2.03706856e+01 2.11620884e+01 2.11796818e+01
    2.03964119e+01 2.06348915e+01 2.14589062e+01 2.08869495e+01
    2.28073368e+01 1.96866283e+01 2.09554958e+01 2.04842472e+01
    2.18075714e+01 2.14901619e+01 2.13018703e+01 1.95921993e+01
    1.92844467e+01 1.94954433e+01 2.02601566e+01 1.89620495e+01
    1.82237091e+01 1.81559505e+01 1.85637360e+01 1.78808155e+01
    1.84380627e+01 1.80437641e+01 1.95880871e+01 1.88545303e+01
    1.79252758e+01 1.86620941e+01 1.93165970e+01 1.98497238e+01
    2.08382053e+01 1.98527298e+01 2.00709229e+01 1.85364285e+01
    1.90369949e+01 2.00977459e+01 2.14589367e+01 2.03032951e+01
    2.09688263e+01 1.90524349e+01 2.02519703e+01 2.13381767e+01
    2.08742657e+01 2.06354008e+01 2.24991760e+01 2.04700298e+01
    2.16007519e+01 2.04725876e+01 2.08685627e+01 2.29470634e+01
    2.07331390e+01 1.96701851e+01 2.02025604e+01 2.06254883e+01
    2.04033756e+01 2.09928570e+01 2.15338650e+01 2.07917652e+01
    2.06918545e+01 1.91563244e+01 1.89528656e+01 1.83255692e+01
    1.73262253e+01 1.91590042e+01 1.77429428e+01 1.83443260e+01
    1.83358173e+01 1.72633743e+01 1.88650589e+01 1.96638546e+01
    2.06664333e+01 1.94028912e+01 2.06000614e+01 2.01327267e+01
    1.93732052e+01 1.97358761e+01 2.00440979e+01 1.99808788e+01
    2.04769650e+01 1.87971802e+01 1.93442516e+01 1.95912342e+01
    1.85655994e+01 1.96384964e+01 1.96203384e+01 1.78235893e+01
    1.83729362e+01 1.85926685e+01 1.84540043e+01 2.02147827e+01
    1.99645767e+01 1.88717003e+01 1.98780727e+01 1.92951069e+01
    1.93205242e+01 2.06292648e+01 1.98540802e+01 1.74662361e+01
    1.68680687e+01 1.78718815e+01 1.84975071e+01 1.88987350e+01
    1.91114712e+01 1.80528584e+01 1.81821842e+01 1.91749668e+01
    1.98969440e+01 2.16017723e+01 2.07238827e+01 2.05033035e+01
    1.98275051e+01 1.98284798e+01 2.02452755e+01 2.05918217e+01
    2.05606804e+01 2.08851662e+01 2.03309021e+01 1.97690315e+01
    2.00196667e+01 1.98876572e+01 2.01076260e+01 2.16643162e+01
    1.99578133e+01 2.04087582e+01 1.89084358e+01 1.99719048e+01
    1.93690968e+01 1.93609486e+01 1.93895397e+01 2.05130692e+01
    1.74155369e+01 1.94930820e+01 1.93528614e+01 1.81305923e+01
    1.87236271e+01 1.98655930e+01 1.92057514e+01 1.84932594e+01
    1.92360039e+01 1.89164829e+01 1.88744431e+01 1.86728859e+01
    1.86928253e+01 1.84532757e+01 1.86007996e+01 1.86928577e+01
    1.83992653e+01 1.94736099e+01 2.01634617e+01 1.85091782e+01
    1.85787487e+01 1.98267899e+01 2.06243896e+01 2.12759628e+01
    2.10816708e+01 2.02487717e+01 2.03980980e+01 1.95669842e+01
    1.92748337e+01 2.11331902e+01 1.96648808e+01 1.93223152e+01
    2.05565300e+01 2.11425152e+01 2.11172352e+01 2.10566902e+01
    2.07597027e+01 1.97054806e+01 1.92711906e+01 1.97959118e+01
    2.04877262e+01 2.08163872e+01 1.79420013e+01 1.87024994e+01
    2.05576859e+01 2.10901947e+01 2.11117153e+01 2.24588623e+01
    2.30232162e+01 2.33863850e+01 2.24961662e+01 2.24355774e+01
    2.21136246e+01 2.06871948e+01 2.08070908e+01 2.13479786e+01
    2.00993843e+01 1.97233505e+01 1.96087685e+01 1.94949284e+01
    2.11783772e+01 2.25163498e+01 2.17126198e+01 1.97862339e+01
    2.02087097e+01 2.23945694e+01 2.24198742e+01 2.07776642e+01
    1.98699036e+01 2.02139206e+01 2.12361698e+01 2.03040714e+01
    2.09876823e+01 2.20836563e+01 2.05382633e+01 2.07889557e+01
    2.29002380e+01 2.12783985e+01 2.06436977e+01 2.05800877e+01
    2.16567822e+01 2.05820999e+01 2.04255829e+01 1.99418449e+01
    1.76135406e+01 1.89524555e+01 1.91834221e+01 1.93001404e+01
    1.94033794e+01 1.86145763e+01 1.85854492e+01 1.95778236e+01
    1.93808804e+01 1.90783939e+01 1.92763691e+01 2.05255775e+01
    2.13620605e+01 2.12007179e+01 2.05913887e+01 2.09708195e+01
    2.19250145e+01 2.12345505e+01 2.09321003e+01 2.13964024e+01
    2.20692749e+01 1.91773987e+01 1.91803246e+01 2.12046013e+01
    2.08576775e+01 2.03640709e+01 2.10228062e+01 2.10857430e+01
    2.04917088e+01 2.09434795e+01 2.30108814e+01 2.03124561e+01
    2.21213474e+01 2.08117714e+01 2.27276268e+01 2.16176224e+01
    2.20755577e+01 2.34253483e+01 2.35246544e+01 2.01442413e+01
    2.16169872e+01 2.07089119e+01 2.27775269e+01 2.11689415e+01
    2.06785755e+01 1.98877048e+01 1.97636414e+01 1.87307835e+01
    1.95433960e+01 1.81692524e+01 1.97484570e+01 1.80883846e+01
    1.74382954e+01 1.91325569e+01 1.91234341e+01 1.75415840e+01
    1.85345573e+01 2.00158443e+01 1.99788952e+01 2.01438942e+01
    2.04243774e+01 1.97267590e+01 1.94617882e+01 1.84619541e+01
    2.07029915e+01 1.91138611e+01 2.10634727e+01 1.95798340e+01
    2.13183632e+01 2.15743561e+01 2.25712528e+01 2.20966740e+01
    2.25796585e+01 1.98762493e+01 1.93464165e+01 2.11856689e+01
    2.11072464e+01 2.06811810e+01 2.20015411e+01 2.04843903e+01
    2.18610344e+01 2.16797962e+01 2.02129459e+01 2.10443306e+01
    2.24614143e+01 1.99565887e+01 2.04000492e+01 2.05423317e+01
    2.02179775e+01 2.07308044e+01 2.11850033e+01 2.25471153e+01
    2.02172718e+01 1.77423077e+01 1.97129345e+01 1.89158554e+01
    1.89458523e+01 1.83850212e+01 1.71137733e+01 1.90362339e+01
    1.92988224e+01 1.90277290e+01 1.85229855e+01 1.99814358e+01
    2.02261639e+01 2.02358608e+01 2.00543976e+01 2.00320530e+01
    1.84221973e+01 2.12511673e+01 1.94753361e+01 2.07282963e+01
    2.07888813e+01 2.02295284e+01 1.92427273e+01 2.04678326e+01
    1.94033623e+01 1.92590122e+01 1.88042641e+01 1.86163921e+01
    1.84380894e+01 1.93924274e+01 1.80049152e+01 1.96321640e+01
    1.94019375e+01 2.00207996e+01 1.95572300e+01 1.87197533e+01
    1.87734833e+01 1.99083328e+01 2.07633801e+01 1.92258492e+01
    1.79378166e+01 1.82652950e+01 1.98400459e+01 1.87085114e+01
    1.83801117e+01 1.86640625e+01 1.80304222e+01 1.90346756e+01
    1.96524677e+01 2.16629982e+01 2.12221279e+01 1.95824070e+01
    2.00382195e+01 2.11650982e+01 1.95419769e+01 2.25490837e+01
    2.09125977e+01 2.02588997e+01 2.10771408e+01 2.13413048e+01
    2.02142773e+01 2.14661446e+01 2.06411800e+01 2.27680149e+01
    2.11837406e+01 2.05555573e+01 2.05251865e+01 1.88516693e+01
    1.91196442e+01 2.01310387e+01 1.89493618e+01 2.05554390e+01
    1.86406326e+01 1.96023788e+01 1.97588139e+01 1.73825531e+01
    1.81744480e+01 1.95628796e+01 1.92192822e+01 1.87338581e+01
    1.93694115e+01 2.05295181e+01 1.97621307e+01 1.81426029e+01
    1.99664326e+01 1.86386986e+01 1.76055489e+01 1.91161308e+01
    1.91997185e+01 1.92408733e+01 2.03234634e+01 1.77733536e+01
    1.81754780e+01 2.03267307e+01 2.07321606e+01 2.12587662e+01
    1.98156128e+01 1.97719555e+01 1.90322475e+01 2.06977844e+01
    2.06090851e+01 2.09824791e+01 1.91892757e+01 1.91958237e+01
    1.82122574e+01 2.03054237e+01 2.01188526e+01 1.90896454e+01
    1.88216133e+01 1.95431614e+01 1.84382267e+01 1.84136009e+01
    1.97909946e+01 1.95916386e+01 1.68893070e+01 1.83037338e+01
    2.00577240e+01 2.16650524e+01 2.16189957e+01 2.25281448e+01
    2.25037842e+01 2.18713455e+01 2.41999893e+01 2.29222088e+01
    2.08292255e+01 2.16394386e+01 2.12384205e+01 2.04240303e+01
    1.99848900e+01 1.95500374e+01 2.09179039e+01 2.13181953e+01
    2.16898003e+01 2.17124443e+01 2.36236401e+01 2.11808262e+01
    1.93626785e+01 2.03515549e+01 2.11680393e+01 2.22380104e+01
    2.08035145e+01 2.07413158e+01 2.06747131e+01 2.00371075e+01
    2.03790855e+01 2.20375957e+01 2.00036449e+01 2.09383125e+01
    2.03140945e+01 2.10669365e+01 2.18396339e+01 2.02452316e+01
    2.24672642e+01 2.09746037e+01 1.90365486e+01 2.07827740e+01
    2.04327736e+01 1.65712986e+01 1.82059383e+01 2.02916298e+01
    2.01934147e+01 1.91451130e+01 1.76896439e+01 1.84149818e+01
    2.03545380e+01 2.18171234e+01 2.12275276e+01 2.26440277e+01
    2.24147415e+01 2.04941101e+01 2.17003212e+01 2.27708740e+01
    2.14563599e+01 2.18168182e+01 2.12399578e+01 2.07049236e+01
    2.06514454e+01 1.99691830e+01 2.12539501e+01 2.21712952e+01
    2.15984497e+01 1.94069004e+01 2.19639225e+01 2.16306458e+01
    2.05926056e+01 2.09505177e+01 2.28328896e+01 2.07514992e+01
    2.14063263e+01 2.13728085e+01 2.07426147e+01 2.07403526e+01
    2.07231941e+01 2.13062134e+01 2.29047356e+01 1.95947838e+01
    2.04727001e+01 2.04336777e+01 2.13248520e+01 2.01098671e+01
    2.07622395e+01 1.89538879e+01 1.92037582e+01 1.72239494e+01
    1.80309772e+01 1.88804684e+01 1.91477985e+01 1.88079720e+01
    1.71997108e+01 1.90408592e+01 1.98215199e+01 1.76711273e+01
    1.92457085e+01 2.09933777e+01 1.97152176e+01 1.87722416e+01
    1.89684124e+01 1.69980602e+01 1.85590572e+01 1.95739269e+01
    1.99349976e+01 1.88915577e+01 1.98042736e+01 1.91775475e+01
    2.15030251e+01 1.96530190e+01 2.29240818e+01 1.97567730e+01
    2.17183971e+01 1.95036602e+01 2.13824577e+01 2.19377403e+01
    2.21319485e+01 1.99448452e+01 2.06793728e+01 2.02505322e+01
    1.98732910e+01 2.09240646e+01 1.91986942e+01 1.97336674e+01
    2.17580681e+01 1.96039085e+01 1.91452923e+01 1.98049107e+01
    2.19959450e+01 2.02488689e+01 2.05329990e+01 2.12728901e+01
    2.09307995e+01 1.93539715e+01 1.93108253e+01 1.89250259e+01
    1.92074471e+01 1.89484844e+01 1.89449520e+01 1.70619583e+01
    1.81329708e+01 1.82567024e+01 1.68312855e+01 2.13187218e+01
    2.04665852e+01 2.14376411e+01 2.14879780e+01 1.99823990e+01
    2.02364693e+01 2.16968918e+01 2.14793930e+01 2.17448654e+01
    2.22775612e+01 2.03916435e+01 2.02701702e+01 2.06471462e+01
    2.15080643e+01 2.09831867e+01 2.07169628e+01 1.92829380e+01
    1.91641388e+01 1.85741291e+01 1.88678913e+01 1.86921120e+01
    1.86286945e+01 1.94056816e+01 1.93439369e+01 1.78741684e+01
    1.80348110e+01 1.91232395e+01 2.05854950e+01 1.74937077e+01
    1.91684837e+01 1.89395790e+01 2.08894005e+01 2.07347717e+01
    1.99072418e+01 2.11061535e+01 1.95988560e+01 1.99899158e+01
    2.02921867e+01 2.14740257e+01 1.97231274e+01 2.05838566e+01
    1.83652496e+01 2.02011471e+01 2.07613049e+01 2.27623882e+01
    2.31042843e+01 2.19077435e+01 1.97079678e+01 2.34537315e+01
    2.20103836e+01 2.16993828e+01 2.22940598e+01 2.14292278e+01
    2.14146137e+01 2.02172375e+01 2.00290413e+01 1.93617172e+01
    1.92193584e+01 2.00667801e+01 2.06776123e+01 2.15267334e+01
    1.97065544e+01 2.09261532e+01 2.05381069e+01 2.01657810e+01
    1.89696198e+01 2.11576443e+01 2.12512779e+01 1.92394943e+01
    1.79686470e+01 1.97075596e+01 1.79134216e+01 1.88609314e+01
    1.85149174e+01 1.88193436e+01 1.91083870e+01 1.84888611e+01
    1.86080761e+01 1.92209721e+01 1.90106621e+01 1.84125004e+01
    1.68392334e+01 1.82991924e+01 1.87850475e+01 1.89070339e+01
    1.91333714e+01 2.12787933e+01 1.87233257e+01 1.91249790e+01
    2.01009388e+01 2.12417488e+01 1.89191093e+01 1.93473206e+01
    1.86979084e+01 1.90326138e+01 1.93235378e+01 1.92569084e+01
    1.86346684e+01 1.85647850e+01 1.77568913e+01 1.78474636e+01
    2.08861427e+01 1.90967331e+01 1.75448837e+01 1.82453346e+01
    2.12767735e+01 2.08093491e+01 2.16615677e+01 2.25205116e+01
    2.17671833e+01 2.17858295e+01 2.18248901e+01 2.24888134e+01
    2.07539635e+01 2.02401371e+01 2.30542221e+01 2.12781811e+01
    2.19539032e+01 2.12550373e+01 2.08225613e+01 2.34556465e+01
    2.21786423e+01 2.24376984e+01 2.39582005e+01 2.26637707e+01
    2.06742268e+01 2.18450432e+01 2.30922298e+01 2.23160534e+01
    2.18482590e+01 2.02519054e+01 2.00443935e+01 2.10625801e+01
    2.09652157e+01 2.14227257e+01 1.94853573e+01 2.02701397e+01
    2.25303707e+01 2.23564911e+01 2.11797104e+01 2.05843048e+01
    2.16428642e+01 2.05723171e+01 1.94174271e+01 2.01820889e+01
    2.01526051e+01 1.87427979e+01 1.82805195e+01 1.82450924e+01
    1.98978672e+01 1.96616554e+01 1.96870804e+01 1.94833794e+01
    2.01042538e+01 2.18393974e+01 2.07126579e+01 2.22812920e+01
    2.02745056e+01 2.00239601e+01 2.12783928e+01 2.26178799e+01
    2.12556190e+01 1.93794060e+01 2.01732101e+01 2.07713833e+01
    2.18364449e+01 1.99156189e+01 2.03385468e+01 1.94677658e+01
    1.93559875e+01 2.00581512e+01 2.16582699e+01 1.99072628e+01
    2.06635838e+01 1.86473007e+01 2.17108593e+01 2.04299545e+01
    2.04069767e+01 2.10076847e+01 2.09044914e+01 2.00734291e+01
    2.13237667e+01 1.96622143e+01 2.23557835e+01 2.14578571e+01
    2.03256588e+01 1.95808392e+01 2.05578251e+01 2.05897694e+01
    1.80641956e+01 1.99624214e+01 2.03332539e+01 1.94369965e+01
    1.82277641e+01 1.77991714e+01 1.91303482e+01 1.85955868e+01
    1.85121746e+01 1.89123440e+01 1.83037415e+01 1.94250832e+01
    1.79627609e+01 1.98051796e+01 2.05859356e+01 1.80760460e+01
    1.83182068e+01 1.81910439e+01 1.82722416e+01 1.84908009e+01
    2.08571033e+01 1.87072277e+01 1.90083313e+01 2.07041492e+01
    2.04383774e+01 2.11878185e+01 2.13401337e+01 2.13395557e+01
    2.08010578e+01 1.94839516e+01 1.93715916e+01 2.06351109e+01
    2.12261772e+01 1.93064499e+01 1.88849354e+01 1.89086037e+01
    1.77383060e+01 1.96228085e+01 1.87627487e+01 1.92805290e+01
    1.87216129e+01 2.08557339e+01 1.94902916e+01 1.96740532e+01
    2.14158154e+01 2.11088352e+01 2.19404888e+01 2.06536789e+01
    2.05131283e+01 2.05622025e+01 2.04795761e+01 1.95094719e+01
    1.93433399e+01 1.84942818e+01 1.88764687e+01 1.76229382e+01
    1.84114742e+01 2.00064774e+01 1.96636581e+01 2.02283573e+01
    2.08680382e+01 1.98315258e+01 2.07925625e+01 2.04721909e+01
    1.87145176e+01 2.11339340e+01 2.03378735e+01 2.12480049e+01
    2.12286053e+01 2.19281960e+01 2.06283665e+01 2.02520447e+01
    1.96094666e+01 1.96587505e+01 2.00946045e+01 2.01758327e+01
    1.88146210e+01 1.74261456e+01 1.79159908e+01 1.64150600e+01
    1.85458794e+01 1.97771492e+01 1.76065674e+01 1.85336361e+01
    1.85182552e+01 1.85108681e+01 2.24383736e+01 2.04452209e+01
    1.89278717e+01 2.02856598e+01 2.02379894e+01 2.03265362e+01
    1.98241596e+01 1.95894489e+01 1.85756187e+01 1.93415203e+01
    2.12054443e+01 2.14636650e+01 1.95912991e+01 2.02910881e+01
    2.03578377e+01 2.06231842e+01 2.01740055e+01 2.19256420e+01
    2.20267925e+01 2.19320927e+01 1.94085464e+01 2.15754242e+01
    2.15705738e+01 2.09287109e+01 2.01579514e+01 2.10939884e+01
    1.98046780e+01 1.95613842e+01 2.01794205e+01 2.06576614e+01
    1.92817230e+01 2.02379913e+01 2.09097176e+01 2.18384171e+01
    1.99973907e+01 2.09274979e+01 2.05024929e+01 2.01448078e+01
    2.03970833e+01 1.91858292e+01 1.97285023e+01 1.91073246e+01
    1.98209877e+01 1.96888371e+01 1.83339996e+01 2.00987949e+01
    1.91684990e+01 1.84334717e+01 1.92982750e+01 1.81447735e+01
    1.91436939e+01 1.92850323e+01 1.93443394e+01 1.89876938e+01
    1.84791298e+01 2.00360069e+01 2.11718388e+01 2.02893143e+01
    1.92139912e+01 2.06131668e+01 1.96213970e+01 2.02763176e+01
    2.08313637e+01 2.20919456e+01 2.04569969e+01 2.00355721e+01
    2.01462574e+01 2.11105251e+01 1.94139442e+01 1.93849030e+01
    1.91205826e+01 1.86625824e+01 1.81686707e+01 1.93171082e+01
    1.91081715e+01 1.95221329e+01 1.84146461e+01 1.90028439e+01
    1.95835228e+01 2.11182594e+01 2.13486824e+01 2.17797947e+01
    2.22990437e+01 2.08203297e+01 2.10122032e+01 2.16820564e+01
    2.03460846e+01 1.89920464e+01 2.15897675e+01 2.05640717e+01
    1.98086910e+01 1.99621944e+01 2.02806168e+01 2.11684704e+01
    2.31325569e+01 2.16545563e+01 2.25305538e+01 2.33113499e+01
    2.11928730e+01 2.16980209e+01 2.32000313e+01 2.26742249e+01
    2.33379803e+01 2.17058640e+01 2.08268547e+01 2.10338650e+01
    2.07960548e+01 2.31063423e+01 2.14160595e+01 2.00037498e+01
    2.13718758e+01 2.00645714e+01 1.91989899e+01 1.91599541e+01
    1.99124870e+01 1.95633297e+01 2.05024071e+01 2.00537930e+01
    1.81389561e+01 1.80165997e+01 1.87890072e+01 1.88892918e+01
    1.85063038e+01 1.91700191e+01 1.77870865e+01 2.03181229e+01
    2.04921703e+01 2.06612968e+01 2.08711891e+01 2.33610859e+01
    2.21630249e+01 2.16959648e+01 2.10030041e+01 2.36831512e+01
    2.15467300e+01 2.14990902e+01 2.13196888e+01 1.99658661e+01
    2.09951916e+01 2.09293194e+01 2.09844608e+01 2.12755642e+01
    2.11708279e+01 2.03932896e+01 2.09489803e+01 2.07150612e+01
    2.10607815e+01 1.96824913e+01 1.99574451e+01 2.03959007e+01
    2.09820271e+01 1.98888340e+01 2.00616169e+01 2.05671940e+01
    2.02517948e+01 2.05570450e+01 2.09154530e+01 2.20025101e+01
    2.05399265e+01 1.85068874e+01 2.01564388e+01 2.00113354e+01
    2.12055283e+01 2.13129826e+01 1.86775723e+01 1.83134327e+01
    1.92487164e+01 1.94559307e+01 1.92557812e+01 1.91669655e+01
    1.85861244e+01 1.81778145e+01 1.78485718e+01 1.89323769e+01
    1.96276417e+01 1.98962727e+01 1.90811234e+01 2.03356247e+01
    1.78494396e+01 1.80236473e+01 1.91045818e+01 1.85955334e+01
    1.90907516e+01 1.82313061e+01 1.82023869e+01 1.84549561e+01
    2.04155083e+01 1.96675110e+01 2.03729286e+01 1.99940720e+01
    1.97779999e+01 1.92018394e+01 2.18295650e+01 2.04106884e+01
    2.02994900e+01 2.07211246e+01 2.06907177e+01 1.81344395e+01
    1.85677681e+01 2.03293018e+01 2.01636333e+01 1.93894615e+01
    1.80828247e+01 1.84441071e+01 1.88652744e+01 1.94665718e+01
    2.02741718e+01 1.91501312e+01 2.03300953e+01 1.93642845e+01
    2.12064171e+01 2.09956074e+01 2.10124092e+01 1.90535355e+01
    1.86282425e+01 1.91535645e+01 1.95006332e+01 1.96892471e+01
    1.78680115e+01 1.82220802e+01 1.75028229e+01 1.77734299e+01
    1.95854340e+01 1.82215023e+01 1.86932888e+01 1.93177452e+01
    1.76701145e+01 1.98083382e+01 2.03591309e+01 2.00943451e+01
    2.17777805e+01 2.20852966e+01 2.13099537e+01 2.05618000e+01
    2.24823494e+01 2.14415455e+01 2.20016747e+01 2.03543606e+01
    1.88041706e+01 1.98089371e+01 1.85739365e+01 1.86802025e+01
    1.91059990e+01 1.90984840e+01 1.92832127e+01 1.93990688e+01
    2.13368931e+01 1.91285629e+01 2.01926384e+01 2.07437057e+01
    1.93792000e+01 1.98320866e+01 2.03739681e+01 1.96550045e+01
    2.11002464e+01 2.10054073e+01 1.94551487e+01 1.98181343e+01
    2.19249420e+01 2.25485744e+01 2.12141399e+01 2.24619789e+01
    2.02365723e+01 2.21970940e+01 1.95004730e+01 2.15116653e+01
    2.21284199e+01 2.21563129e+01 2.25456829e+01 2.12170448e+01
    1.94611053e+01 2.19870377e+01 2.12727146e+01 2.21670609e+01
    2.00861359e+01 2.01923141e+01 2.22252464e+01 2.06458340e+01
    2.10304966e+01 2.19257889e+01 2.04589958e+01 2.12510204e+01
    2.24389496e+01 2.26806316e+01 2.08528481e+01 2.09879436e+01
    2.09850559e+01 2.00823021e+01 2.08788643e+01 1.96213493e+01
    1.89117603e+01 1.87636070e+01 1.89744549e+01 1.97182636e+01
    1.88021259e+01 1.84700985e+01 1.88280926e+01 2.05133266e+01
    1.94522648e+01 1.84916553e+01 2.05981236e+01 1.89033604e+01
    1.89363098e+01 2.09653149e+01 1.97867451e+01 2.02093258e+01
    2.04486618e+01 2.05840645e+01 1.89736309e+01 2.06704617e+01
    2.16060562e+01 2.29414177e+01 2.08700485e+01 2.11720390e+01
    2.05085983e+01 2.18286743e+01 2.10269260e+01 2.05041733e+01
    2.10218811e+01 2.04520226e+01 1.99966774e+01 1.98186779e+01
    2.16647282e+01 1.86829090e+01 1.95642204e+01 2.04117432e+01
    2.11892052e+01 1.96089745e+01 2.16135540e+01 2.21220798e+01
    2.11790257e+01 2.15231171e+01 1.96362267e+01 1.94500008e+01
    2.06076736e+01 1.94794331e+01 1.93894501e+01 2.01440678e+01
    1.99600372e+01 2.08579559e+01 2.13512821e+01 2.13450127e+01
    2.25785599e+01 2.16548519e+01 2.22576218e+01 2.37428093e+01
    2.25739651e+01 2.19013538e+01 2.17857780e+01 2.24872036e+01
    2.25831280e+01 2.13958893e+01 2.01301460e+01 1.97124653e+01
    2.10527649e+01 2.10663757e+01 2.16906719e+01 2.01830063e+01
    2.15301552e+01 2.04510670e+01 2.16210098e+01 2.21509476e+01
    2.02886600e+01 1.95376740e+01 1.89960327e+01 1.91554909e+01
    2.01419907e+01 1.84039001e+01 1.79109077e+01 2.10037289e+01
    1.92308159e+01 2.00053062e+01 1.96812363e+01 2.04292908e+01
    2.06141510e+01 2.11973209e+01 2.10634861e+01 2.27054482e+01
    2.23300152e+01 2.29492035e+01 2.21152020e+01 2.25151100e+01
    2.22038059e+01 2.11949615e+01 2.07369976e+01 2.17521782e+01
    2.05579720e+01 1.97823563e+01 1.95431576e+01 2.10289040e+01
    2.05404758e+01 1.94729652e+01 1.98340702e+01 2.05806541e+01
    2.11975079e+01 2.09904842e+01 2.05207100e+01 1.95568066e+01
    1.99700394e+01 1.98924732e+01 2.02347202e+01 1.96437626e+01
    2.01288719e+01 2.06250534e+01 2.06421223e+01 2.00929127e+01
    1.95903187e+01 1.98446827e+01 2.17277069e+01 1.89870396e+01
    1.97954636e+01 2.07410374e+01 2.06859207e+01 1.81135025e+01
    1.77911835e+01 1.91862221e+01 1.80710697e+01 2.01683178e+01
    1.98139782e+01 1.76287842e+01 1.90263538e+01 1.94607658e+01
    1.92351818e+01 2.06427670e+01 2.05655251e+01 2.02714176e+01
    2.00433407e+01 1.98424568e+01 1.89915886e+01 1.86178284e+01
    1.97900352e+01 1.85378399e+01 1.91924152e+01 1.89325085e+01
    2.22367020e+01 2.01030197e+01 2.00055294e+01 2.07339497e+01
    1.89696178e+01 1.84303398e+01 2.00167427e+01 2.11229820e+01
    1.88370571e+01 1.88149700e+01 1.96489735e+01 1.99660110e+01
    1.91478710e+01 1.92140865e+01 1.90386391e+01 1.98496513e+01
    1.99243393e+01 1.89696712e+01 1.93798180e+01 1.85644588e+01
    2.06264324e+01 2.05572109e+01 2.13484592e+01 2.09701481e+01
    2.01915207e+01 1.99013271e+01 2.06880722e+01 2.07803440e+01
    1.94837723e+01 1.81721478e+01 1.89919033e+01 1.91320190e+01
    1.80951118e+01 1.86663036e+01 1.72385464e+01 1.80856209e+01
    1.83909187e+01 1.82209644e+01 1.88648949e+01 1.82422829e+01
    1.62321949e+01 1.71808014e+01 1.85454578e+01 2.00785675e+01
    2.12244167e+01 2.31711674e+01 2.13834610e+01 2.18128891e+01
    2.19295654e+01 2.29829082e+01 2.16386509e+01 1.95150166e+01
    1.88043556e+01 1.84112663e+01 1.84290161e+01 1.97995090e+01
    1.87901096e+01 1.80929604e+01 2.01870060e+01 1.93808193e+01
    1.95383472e+01 2.10898266e+01 2.08215313e+01 1.98216362e+01
    1.92542057e+01 1.93772755e+01 2.05251160e+01 1.99403763e+01
    1.94089489e+01 1.95918102e+01 1.98289738e+01 1.93412170e+01
    1.99283009e+01 2.14454937e+01 2.18590813e+01 2.25058289e+01
    2.07608948e+01 2.15783653e+01 2.20098400e+01 2.25794773e+01
    2.11241741e+01 2.10984211e+01 2.17221813e+01 2.25094242e+01
    2.04857712e+01 1.96763058e+01 2.19662991e+01 2.07653351e+01
    2.08409748e+01 2.15464401e+01 2.07813225e+01 1.97714710e+01
    1.86176682e+01 2.00490627e+01 2.08782444e+01 2.25608139e+01
    2.12757568e+01 2.22065830e+01 2.10922470e+01 1.99430847e+01
    2.11110821e+01 2.04132729e+01 1.90877552e+01 1.97717724e+01
    1.88320351e+01 1.87900524e+01 1.97333775e+01 1.84183540e+01
    2.03465672e+01 1.88276310e+01 1.97532730e+01 2.01603947e+01
    2.21837139e+01 2.02223701e+01 1.92550507e+01 2.03393879e+01
    2.07677612e+01 2.11945210e+01 2.16631718e+01 2.05146484e+01
    1.84857807e+01 1.97343826e+01 2.01930332e+01 2.06840343e+01
    2.16448326e+01 2.18626156e+01 2.02986946e+01 2.10357437e+01
    2.02139263e+01 2.18252106e+01 2.17435436e+01 2.06189079e+01
    2.08857422e+01 2.08316555e+01 2.16290245e+01 2.02445564e+01
    2.07384014e+01 2.04420509e+01 1.96268692e+01 2.14130688e+01
    1.99306736e+01 2.09394474e+01 2.10082932e+01 2.15925579e+01
    2.17197704e+01 2.26314983e+01 2.12747002e+01 2.11363640e+01
    2.02872906e+01 1.80048752e+01 1.83985329e+01 2.05457973e+01
    1.95320702e+01 1.99021091e+01 1.89318371e+01 2.05746708e+01
    2.23583755e+01 2.22602615e+01 2.22616749e+01 2.25294189e+01
    2.02452030e+01 1.97843876e+01 2.07535114e+01 2.16529026e+01
    2.07116585e+01 2.00050449e+01 1.98627644e+01 1.87511368e+01
    1.96026897e+01 2.17526093e+01 2.15923405e+01 2.07837467e+01
    2.10852089e+01 2.06941299e+01 2.13791084e+01 2.25171585e+01
    2.19373856e+01 2.12400913e+01 2.16877403e+01 2.16334000e+01
    2.12939911e+01 2.01362839e+01 2.04373932e+01 2.04643478e+01
    2.00849705e+01 1.93599205e+01 1.81556187e+01 2.07981796e+01
    1.97500439e+01 2.06252804e+01 2.14559002e+01 2.17846146e+01
    2.13868999e+01 2.11514988e+01 2.07809639e+01 2.18835754e+01
    2.06697330e+01 2.09033642e+01 2.06091385e+01 2.01117306e+01
    1.97392292e+01 2.02528877e+01 2.06777630e+01 2.11499405e+01
    2.04103794e+01 2.11872959e+01 2.06252384e+01 1.91614761e+01
    2.03092995e+01 2.13292389e+01 2.05548363e+01 1.89035969e+01
    1.83995743e+01 1.75558510e+01 1.98674335e+01 1.88307152e+01
    1.91605930e+01 1.97830124e+01 2.03139114e+01 1.87553253e+01
    2.02573261e+01 2.05689182e+01 2.04304295e+01 2.02638588e+01
    1.98627968e+01 2.01646500e+01 2.02341385e+01 1.84555397e+01
    1.82234898e+01 1.90806885e+01 1.87643108e+01 1.92260437e+01
    1.99998226e+01 1.94593964e+01 1.87261086e+01 2.07802944e+01
    1.98696480e+01 1.96993408e+01 2.16894302e+01 1.95126686e+01
    1.95940819e+01 1.99092007e+01 1.87908401e+01 1.92842693e+01
    2.02335911e+01 1.98111877e+01 2.08380775e+01 1.98074093e+01
    2.15889339e+01 2.06467571e+01 2.19557610e+01 1.92146263e+01
    2.09433002e+01 2.01618710e+01 2.09667053e+01 2.06050224e+01
    2.01157207e+01 1.93025646e+01 1.98155689e+01 1.93852863e+01
    2.05831394e+01 1.99790154e+01 1.98459835e+01 1.99440231e+01
    2.01170330e+01 1.92758846e+01 1.94589443e+01 1.90349026e+01
    1.99370327e+01 2.04732914e+01 1.96857929e+01 2.08796024e+01
    2.12348995e+01 1.90206566e+01 1.87873650e+01 2.05519123e+01
    2.05395145e+01 2.20203781e+01 1.92001877e+01 2.02699032e+01
    1.94852161e+01 1.91724434e+01 1.86021614e+01 1.87907543e+01
    1.92396259e+01 1.81848583e+01 1.63589973e+01 1.81778755e+01
    1.73250275e+01 1.85848217e+01 1.88685818e+01 1.88320007e+01
    2.16108456e+01 2.07144470e+01 2.18098125e+01 2.05079384e+01
    2.16113815e+01 2.13022747e+01 2.03163643e+01 2.04206200e+01
    1.96005859e+01 1.82611885e+01 1.90381985e+01 1.87765083e+01
    1.67045517e+01 1.70227890e+01 1.82897720e+01 1.97437077e+01
    2.10500622e+01 2.09636955e+01 2.05597610e+01 1.88880539e+01
    1.96658459e+01 1.98153152e+01 2.15084801e+01 1.99284515e+01
    1.97078362e+01 1.92504997e+01 1.84568043e+01 1.94529171e+01
    1.99395676e+01 1.99669361e+01 2.18002987e+01 2.22273788e+01
    2.14813728e+01 2.11321697e+01 2.30892029e+01 2.47702408e+01
    2.08557453e+01 2.10208530e+01 2.15363808e+01 2.18993912e+01
    2.13408222e+01 2.15719967e+01 1.97680435e+01 2.20875378e+01
    2.02756062e+01 2.05124111e+01 2.02916870e+01 2.01766853e+01
    1.94616203e+01 1.91623802e+01 2.10636787e+01 2.28868389e+01
    2.14871159e+01 2.18952045e+01 1.98811512e+01 2.01442432e+01
    2.09058228e+01 1.98530903e+01 2.00341911e+01 1.81020374e+01
    1.85719128e+01 1.91039677e+01 1.91631317e+01 1.95995007e+01
    2.09027805e+01 1.98827133e+01 2.05256176e+01 2.12974224e+01
    2.20851727e+01 2.20212288e+01 2.04634361e+01 2.06053829e+01
    1.89619503e+01 2.02690029e+01 2.07018814e+01 2.21243839e+01
    1.81995754e+01 1.97018394e+01 1.98294907e+01 1.94347057e+01
    2.04673653e+01 2.25189648e+01 2.24692307e+01 2.00880108e+01
    2.13147659e+01 2.24534492e+01 2.11076145e+01 2.23818207e+01
    2.19051666e+01 2.09032269e+01 2.14833279e+01 2.03256264e+01
    2.21177940e+01 2.16773415e+01 2.15547638e+01 2.07826405e+01
    2.16129112e+01 2.06709385e+01 2.08370724e+01 2.15201721e+01
    2.18196964e+01 2.22903538e+01 2.14237652e+01 2.06018810e+01
    1.92215614e+01 2.09483662e+01 1.97612114e+01 2.08461323e+01
    1.97022991e+01 2.06183701e+01 2.35171661e+01 2.28192768e+01
    2.21634483e+01 2.37341385e+01 2.16972408e+01 2.17356892e+01
    2.02479324e+01 1.99389439e+01 2.00976067e+01 1.95894051e+01
    1.74458771e+01 1.72243538e+01 1.90799313e+01 1.84220943e+01
    1.76730118e+01 1.83916512e+01 2.01398563e+01 1.89605923e+01
    2.08774433e+01 2.12738571e+01 2.16663284e+01 2.21069717e+01
    2.37620926e+01 2.24202328e+01 2.14605179e+01 2.18780670e+01
    2.08871784e+01 1.95799427e+01 1.90055752e+01 2.02975464e+01
    1.95686646e+01 1.96899166e+01 1.86541309e+01 1.93056908e+01
    2.04430866e+01 1.97472153e+01 2.04125767e+01 2.11288548e+01
    1.99564018e+01 2.08941555e+01 2.10299568e+01 2.17346401e+01
    1.96287651e+01 2.04269009e+01 2.07136021e+01 2.05381069e+01
    1.93546429e+01 1.93301697e+01 2.03124638e+01 2.04781952e+01
    2.09215546e+01 2.11160526e+01 2.11464596e+01 1.83912086e+01
    1.88393002e+01 1.97954884e+01 2.00547485e+01 1.85367985e+01
    1.88789043e+01 1.75900917e+01 2.01238194e+01 1.80710754e+01
    1.81401348e+01 2.01820660e+01 2.21471176e+01 1.88251991e+01
    2.07796459e+01 1.91155243e+01 2.09156532e+01 2.13351345e+01
    1.90098743e+01 1.91674728e+01 1.97715778e+01 1.88606701e+01
    1.75850525e+01 1.82645760e+01 1.89359074e+01 1.91402531e+01
    2.01535225e+01 1.93010426e+01 1.96332359e+01 1.90005054e+01
    1.96058006e+01 1.87775478e+01 1.92814751e+01 2.00232658e+01
    1.84382458e+01 1.93806820e+01 2.12681904e+01 1.94949093e+01
    2.06366119e+01 2.03484726e+01 2.20399837e+01 2.14739342e+01
    2.26365261e+01 2.18238869e+01 2.22050152e+01 2.01357651e+01
    2.11854591e+01 1.89489613e+01 2.04498768e+01 1.98348560e+01
    1.96136036e+01 1.95107117e+01 1.85462723e+01 1.87488880e+01
    1.96866150e+01 1.97158680e+01 1.93482723e+01 1.82097836e+01
    1.91172848e+01 1.87260990e+01 1.80020752e+01 1.93765621e+01
    2.00912170e+01 2.15421677e+01 1.97431488e+01 2.05428505e+01
    2.08154869e+01 2.11773205e+01 1.99966221e+01 2.13745747e+01
    2.13696384e+01 2.18784294e+01 2.08853512e+01 1.96234207e+01
    1.81020565e+01 1.95727692e+01 1.96058884e+01 1.78412762e+01
    1.81136131e+01 1.82956657e+01 1.73627052e+01 1.56750059e+01
    1.70220146e+01 1.80939045e+01 1.86247406e+01 1.78889484e+01
    1.97739124e+01 2.10933971e+01 2.04587803e+01 2.08716850e+01
    2.04394398e+01 2.06608505e+01 1.95656891e+01 2.07403336e+01
    1.87169533e+01 1.75639343e+01 1.79057446e+01 1.80958633e+01
    1.89479351e+01 1.82336693e+01 2.04839268e+01 1.93613224e+01
    1.96230831e+01 2.13060226e+01 1.89984875e+01 1.88968544e+01
    1.83418522e+01 1.90925522e+01 2.03748760e+01 1.87461128e+01
    1.76035042e+01 1.73804398e+01 1.75601082e+01 1.73848171e+01
    1.92900085e+01 1.92189846e+01 1.93033314e+01 2.14986210e+01
    2.07917919e+01 2.19300022e+01 2.20077705e+01 2.37114811e+01
    2.37238865e+01 2.18296127e+01 2.26306667e+01 2.34566593e+01
    2.15467281e+01 2.15235825e+01 2.02881622e+01 2.06545715e+01
    1.97281456e+01 2.16036358e+01 2.00325336e+01 2.01251621e+01
    1.98328323e+01 2.17137241e+01 2.08261166e+01 2.13950748e+01
    1.98144245e+01 2.03729801e+01 2.00377426e+01 2.09097557e+01
    2.00824070e+01 1.94962807e+01 1.99283314e+01 1.86682854e+01
    2.02243576e+01 1.93288307e+01 2.02975159e+01 2.19533176e+01
    2.14246025e+01 2.08319378e+01 2.14577427e+01 2.16710415e+01
    2.22950821e+01 2.18938408e+01 2.09682446e+01 2.09387989e+01
    2.00529404e+01 2.14257679e+01 2.17059898e+01 2.15821877e+01
    2.00253868e+01 2.09951000e+01 1.95684967e+01 2.01026077e+01
    2.03094883e+01 2.11330872e+01 2.07770405e+01 1.93615074e+01
    2.04261723e+01 2.14345818e+01 2.01638145e+01 2.07520523e+01
    2.19502659e+01 2.03741512e+01 2.08933983e+01 2.06161022e+01
    2.15873756e+01 2.14485073e+01 1.97689362e+01 2.08281403e+01
    2.10026703e+01 2.09471550e+01 2.13374882e+01 2.08606224e+01
    1.92971516e+01 2.15489483e+01 2.16109047e+01 2.07764950e+01
    1.84725628e+01 1.95234795e+01 2.05929985e+01 2.18229561e+01
    2.05289478e+01 2.05258865e+01 2.13763027e+01 2.12768230e+01
    2.20245304e+01 2.22080708e+01 2.02405281e+01 2.02323704e+01
    1.93480949e+01 1.90533943e+01 1.93765125e+01 1.82701912e+01
    1.77232628e+01 1.65662346e+01 1.64554253e+01 1.65007648e+01
    1.79985466e+01 1.67973824e+01 1.79978142e+01 1.94253540e+01
    2.03546276e+01 2.25982323e+01 2.07795582e+01 2.10228786e+01
    2.22034073e+01 2.14509487e+01 2.20877800e+01 2.11189041e+01
    1.95834789e+01 2.04343243e+01 2.02071381e+01 2.07995701e+01
    2.00765839e+01 1.92607212e+01 1.84093857e+01 1.92297096e+01
    1.94547806e+01 1.94611893e+01 2.09192638e+01 2.06953621e+01
    1.94469967e+01 1.97675209e+01 1.98595924e+01 2.04195824e+01
    1.95218105e+01 1.90039539e+01 1.85925217e+01 1.84447918e+01
    1.90779343e+01 1.84322319e+01 2.08558064e+01 2.12498360e+01
    1.93561516e+01 2.02545452e+01 2.20623131e+01 2.19569283e+01
    1.88542709e+01 1.86842308e+01 2.03591328e+01 1.95205059e+01
    1.79419174e+01 1.83827095e+01 1.90388718e+01 1.93377991e+01
    1.98688698e+01 2.01159496e+01 2.18894844e+01 2.06501579e+01
    1.87628269e+01 1.73213367e+01 2.09541607e+01 2.21326180e+01
    2.13915768e+01 2.00441818e+01 1.89686260e+01 1.97499752e+01
    2.05910244e+01 2.09985199e+01 1.91451626e+01 1.95738029e+01
    1.93245430e+01 1.86964302e+01 1.72942982e+01 1.92098255e+01
    1.95925903e+01 1.90712128e+01 1.98368931e+01 1.99490280e+01
    1.83529491e+01 1.96591873e+01 2.06313553e+01 1.90604877e+01
    2.10631237e+01 1.93341541e+01 2.15594044e+01 2.11975517e+01
    2.07209549e+01 1.94396439e+01 2.15535622e+01 2.01575756e+01
    2.18353405e+01 2.24113007e+01 2.23680859e+01 2.15767994e+01
    2.11361732e+01 1.94239559e+01 2.01692352e+01 1.93189049e+01
    1.84123325e+01 1.90918636e+01 1.88825626e+01 1.68418922e+01
    1.80104942e+01 1.89721031e+01 1.97107353e+01 1.94271317e+01
    1.86898479e+01 2.05543499e+01 2.07240963e+01 2.10160751e+01
    2.21420441e+01 2.19416370e+01 2.10246735e+01 2.15032673e+01
    2.19836445e+01 2.03910465e+01 1.97720966e+01 1.91112156e+01
    1.87394218e+01 1.94432449e+01 1.91611462e+01 1.88732777e+01
    1.77260132e+01 1.85002823e+01 1.90575180e+01 1.72919521e+01
    1.72342911e+01 1.82786884e+01 1.96384449e+01 2.00631676e+01
    1.98220272e+01 2.08821449e+01 2.00977650e+01 1.94484177e+01
    2.21840706e+01 2.14610596e+01 2.00625629e+01 2.03583527e+01
    1.92015667e+01 1.97618446e+01 1.92121258e+01 1.70991783e+01
    1.81520557e+01 1.80462646e+01 1.70783291e+01 1.87184162e+01
    1.74765110e+01 1.96632500e+01 1.96105080e+01 1.86812210e+01
    1.88095264e+01 2.01493282e+01 2.02818508e+01 2.02316284e+01
    1.94275589e+01 1.75292187e+01 1.73503857e+01 1.65101910e+01
    1.88612595e+01 2.09886799e+01 1.84420891e+01 1.99712105e+01
    2.05590572e+01 2.21229420e+01 2.38634586e+01 2.39661522e+01
    2.34665489e+01 2.31499805e+01 2.12570629e+01 2.18625088e+01
    2.18610821e+01 2.22705975e+01 2.14813061e+01 2.15223198e+01
    2.15248737e+01 2.30553837e+01 2.10389481e+01 2.11599674e+01
    2.03226719e+01 1.95963936e+01 2.15462132e+01 2.10569096e+01
    2.13534088e+01 2.10223007e+01 1.97604465e+01 2.15564671e+01
    2.06141548e+01 2.04439716e+01 1.94894142e+01 1.82355766e+01
    1.94584370e+01 2.04327717e+01 2.07853374e+01 2.13041897e+01
    2.12817574e+01 2.18519707e+01 2.20822468e+01 2.30620079e+01
    2.31574421e+01 2.18200912e+01 2.22209187e+01 2.09465504e+01
    1.94724655e+01 1.88677292e+01 2.05189896e+01 2.02214413e+01
    1.84982262e+01 1.91602726e+01 1.85542316e+01 1.91830559e+01
    2.00272350e+01 2.13720551e+01 2.10984249e+01 1.91362743e+01
    1.99643974e+01 2.23741817e+01 2.12161674e+01 2.01090355e+01
    2.17729053e+01 2.09749451e+01 2.04363632e+01 2.10341988e+01
    2.08915730e+01 2.06856384e+01 2.03711185e+01 2.12985344e+01
    2.15291557e+01 2.00172253e+01 1.96521225e+01 2.06680412e+01
    2.04445705e+01 1.93025055e+01 2.06194153e+01 1.97948303e+01
    2.05464649e+01 2.26922436e+01 2.12841873e+01 2.13523941e+01
    2.17729702e+01 2.27694798e+01 2.34769287e+01 2.28749828e+01
    2.40454979e+01 2.37381191e+01 2.32688065e+01 2.17061749e+01
    1.99988613e+01 2.07401848e+01 1.87915363e+01 1.88900890e+01
    1.58980665e+01 1.68568153e+01 1.77088566e+01 1.73057518e+01
    1.83338203e+01 1.83435650e+01 1.82445850e+01 2.00961895e+01
    2.10811539e+01 1.98222504e+01 2.09286366e+01 2.05324516e+01
    2.00938816e+01 1.94544106e+01 2.13105774e+01 2.00848122e+01
    1.99574833e+01 2.02302113e+01 1.92225361e+01 1.92806358e+01
    2.02435627e+01 1.82878246e+01 1.98680897e+01 2.06748867e+01
    1.92630615e+01 1.72291031e+01 1.94241714e+01 1.96641731e+01
    1.99526234e+01 2.05319271e+01 1.92462959e+01 1.88649921e+01
    1.87772083e+01 1.89347057e+01 2.01053600e+01 1.90117722e+01
    1.91380787e+01 1.83172245e+01 1.92032471e+01 2.08399544e+01
    2.01365490e+01 1.86227245e+01 2.18517857e+01 2.05770130e+01
    1.97666969e+01 1.93572636e+01 1.90427437e+01 1.89883137e+01
    2.02999897e+01 1.86239853e+01 1.85453930e+01 1.94575615e+01
    2.01653709e+01 1.97210979e+01 2.11417503e+01 2.11078796e+01
    1.99109077e+01 2.04214439e+01 2.08780003e+01 2.06611080e+01
    2.16156101e+01 2.13661308e+01 1.94467411e+01 1.89949493e+01
    1.85843849e+01 2.05505562e+01 2.03514595e+01 2.03514099e+01
    1.91644516e+01 1.93122635e+01 1.84638920e+01 1.94833393e+01
    1.94752522e+01 1.82371655e+01 1.99429035e+01 1.99413605e+01
    1.81493416e+01 1.90993118e+01 2.01371498e+01 1.98253632e+01
    1.99277840e+01 1.84719734e+01 1.97493000e+01 1.82237492e+01
    2.13400211e+01 1.94834499e+01 2.12807293e+01 2.05742359e+01
    1.98156776e+01 2.18093109e+01 2.21972294e+01 2.09153767e+01
    1.95517120e+01 1.97037258e+01 1.95493851e+01 2.01961308e+01
    1.80521336e+01 1.85321121e+01 1.86295166e+01 1.92269840e+01
    1.81384583e+01 1.99575329e+01 1.91165295e+01 1.88629227e+01
    2.01508980e+01 2.08871326e+01 2.22850056e+01 2.18189659e+01
    2.02320251e+01 2.28136482e+01 2.20793076e+01 2.18895893e+01
    2.10263367e+01 2.07353497e+01 2.10048943e+01 2.00778160e+01
    1.99370708e+01 2.05274620e+01 2.06402149e+01 1.91218414e+01
    1.90277309e+01 1.89232597e+01 1.84292641e+01 1.82142487e+01
    1.69509678e+01 1.96285629e+01 2.03833828e+01 1.88489704e+01
    1.98622150e+01 2.11818104e+01 2.07002354e+01 2.10976963e+01
    2.11407146e+01 2.06217270e+01 2.03778687e+01 1.91519661e+01
    1.89392281e+01 1.89579372e+01 1.77491264e+01 1.62326794e+01
    1.67971420e+01 1.76133327e+01 1.85857258e+01 1.92375851e+01
    1.73773594e+01 1.92470341e+01 2.13681908e+01 1.89342232e+01
    1.94522381e+01 2.02522640e+01 1.99361629e+01 1.88905602e+01
    1.81227474e+01 1.85130844e+01 1.65103989e+01 1.64730186e+01
    1.83939991e+01 1.93012943e+01 2.01412983e+01 1.87528706e+01
    1.88638210e+01 2.04976635e+01 2.14814529e+01 2.30523987e+01
    2.13674660e+01 2.13313465e+01 2.22212868e+01 2.06048450e+01
    2.19535770e+01 2.26628857e+01 2.27858486e+01 2.27995071e+01
    2.16763458e+01 2.14957981e+01 2.16892242e+01 2.02241154e+01
    2.00102425e+01 1.96964073e+01 1.99426956e+01 2.23179798e+01
    1.94956207e+01 2.00107441e+01 1.93004761e+01 2.03208141e+01
    1.87121258e+01 2.01779499e+01 1.87622662e+01 1.79067841e+01
    1.94332352e+01 2.14038868e+01 1.96135883e+01 2.14069023e+01
    2.12237225e+01 2.02024498e+01 2.17706833e+01 2.32787056e+01
    2.29065189e+01 2.15741901e+01 2.08065128e+01 2.02058849e+01
    2.04090576e+01 2.00854511e+01 1.90581799e+01 1.96776981e+01
    1.81930771e+01 1.79146652e+01 1.99205818e+01 1.94702911e+01
    1.80730762e+01 1.87483768e+01 1.97692318e+01 1.92170162e+01
    1.95223560e+01 2.04036865e+01 2.12465496e+01 2.05723076e+01
    2.14980259e+01 2.26880131e+01 2.18843956e+01 2.04253502e+01
    2.27625542e+01 2.10726871e+01 2.13018723e+01 2.17181492e+01
    1.99303303e+01 2.14508324e+01 2.08098869e+01 2.06261177e+01
    1.78807907e+01 1.81617565e+01 1.88583584e+01 1.87834301e+01
    1.80894966e+01 1.92278728e+01 2.03029613e+01 2.19158230e+01
    2.09283695e+01 2.16405430e+01 2.24225979e+01 2.28841438e+01
    2.26695194e+01 2.29455738e+01 2.17589436e+01 2.15294991e+01
    1.90440292e+01 1.92441807e+01 1.93685551e+01 1.99519768e+01
    1.69488907e+01 1.56301479e+01 1.62033215e+01 1.68518639e+01
    1.77560692e+01 1.77442017e+01 1.70253525e+01 1.91171703e+01
    1.89302731e+01 2.04623833e+01 2.04656773e+01 2.08570900e+01
    2.10551434e+01 1.94284344e+01 1.94288750e+01 2.06950073e+01
    2.00404377e+01 1.83158188e+01 1.83449268e+01 1.96432953e+01
    1.84203625e+01 2.00829468e+01 1.93516693e+01 1.97641506e+01
    1.94271812e+01 1.82248344e+01 1.95175114e+01 2.06392403e+01
    2.05022945e+01 2.07708187e+01 2.02108097e+01 2.02567654e+01
    2.01144257e+01 1.91712399e+01 2.03897762e+01 1.84255333e+01
    1.86573200e+01 1.82240181e+01 1.92162609e+01 1.95722656e+01
    2.00733051e+01 1.97587490e+01 1.99765892e+01 1.95282650e+01
    1.92168388e+01 1.93640137e+01 1.86361179e+01 1.73330517e+01
    1.78960552e+01 1.89128208e+01 1.75969887e+01 1.88929615e+01
    1.79197102e+01 1.85081902e+01 1.89833221e+01 2.06216526e+01
    1.87392712e+01 2.04367256e+01 1.95823021e+01 2.03150120e+01
    1.98751736e+01 2.08375320e+01 1.94443569e+01 1.81255589e+01
    1.90576801e+01 2.05383263e+01 2.01772022e+01 1.98316174e+01
    1.84871597e+01 1.89695053e+01 1.74957848e+01 1.94315472e+01
    1.93724518e+01 2.04254074e+01 1.97570286e+01 1.95460320e+01
    1.97260094e+01 1.94902954e+01 2.06890049e+01 1.90518188e+01
    1.89887276e+01 1.93882427e+01 1.99038029e+01 1.95013027e+01
    1.91950779e+01 1.97608624e+01 1.98462524e+01 2.02209644e+01
    2.01274261e+01 2.09918365e+01 2.24737968e+01 2.22385197e+01
    2.07975979e+01 2.13387890e+01 1.97280560e+01 1.98820915e+01
    1.97412548e+01 1.94608898e+01 1.97957096e+01 1.90544968e+01
    1.85323601e+01 2.08420639e+01 1.93884773e+01 2.01109180e+01
    2.02454376e+01 2.06748581e+01 2.05114574e+01 2.04754047e+01
    2.11489677e+01 2.13779945e+01 2.19660320e+01 2.14492588e+01
    2.04895573e+01 2.08993454e+01 2.14919891e+01 2.07214832e+01
    2.03390903e+01 2.20390072e+01 2.08703136e+01 1.99864502e+01
    1.93859558e+01 1.87521057e+01 1.90897217e+01 1.92614708e+01
    1.81193047e+01 1.82435760e+01 1.91113625e+01 1.90529194e+01
    1.96786861e+01 2.02508221e+01 2.10153122e+01 2.08177681e+01
    2.13410435e+01 2.02166710e+01 1.99105644e+01 2.15218182e+01
    2.05909653e+01 1.98083630e+01 1.93291035e+01 1.95427685e+01
    1.72947216e+01 1.73459835e+01 1.92210674e+01 1.99672585e+01
    1.76622658e+01 1.90521584e+01 2.00040855e+01 2.00594807e+01
    1.98169880e+01 1.98079567e+01 1.97381134e+01 1.87988949e+01
    1.83104019e+01 1.91114120e+01 1.79549675e+01 1.89487305e+01
    1.89089622e+01 1.77136440e+01 1.88497086e+01 1.94742947e+01
    2.06217556e+01 2.00714264e+01 2.22820606e+01 2.13908424e+01
    2.15496082e+01 2.07516289e+01 2.10638962e+01 2.14137630e+01
    2.07342873e+01 2.13840179e+01 2.26283875e+01 2.35816479e+01
    2.02598457e+01 2.20476952e+01 2.22837162e+01 1.95663109e+01
    1.91435528e+01 1.93620205e+01 2.05418911e+01 2.13283291e+01
    1.99985981e+01 2.03821678e+01 1.86659565e+01 2.00980549e+01
    2.14632835e+01 2.06861057e+01 1.98448715e+01 1.94018993e+01
    1.86785583e+01 2.11534653e+01 1.81240215e+01 2.01324997e+01
    2.13023262e+01 1.97784615e+01 2.15205975e+01 2.25209007e+01
    2.27489109e+01 2.21737995e+01 2.09721622e+01 2.07167702e+01
    2.02105427e+01 1.93377590e+01 1.97692451e+01 1.94984283e+01
    1.82283325e+01 1.77755737e+01 1.97926483e+01 2.10988789e+01
    2.00119438e+01 2.00179100e+01 2.13641186e+01 2.02819958e+01
    2.03750114e+01 2.31025734e+01 2.35443878e+01 2.25572739e+01
    2.25116959e+01 2.24366665e+01 2.17798805e+01 2.43168392e+01
    2.53683395e+01 2.32439861e+01 2.27568493e+01 2.19841919e+01
    2.13785191e+01 2.12222538e+01 2.07588787e+01 1.98921032e+01
    1.88092041e+01 1.84890881e+01 1.96182213e+01 1.82921600e+01</data></my_img>
<your_img type_id="opencv-matrix">
  <rows>120</rows>
  <cols>248</cols>
  <dt>f</dt>
  <data>
    1.92223394e+00 3.67467690e+01 7.11108112e+00 1.96757431e+01
    2.44872131e+01 1.14709959e+01 3.38956690e+00 8.24285507e+00
    2.17638760e+01 4.65682417e-01 2.27672157e+01 2.78520756e+01
    3.16999779e+01 8.70625973e+00 1.50265582e-02 2.22359085e+01
    3.20418129e+01 6.31430149e-01 2.33151188e+01 8.02329922e+00
    3.94701805e+01 1.27053652e+01 4.92138767e+00 1.22685232e+01
    2.61017723e+01 3.53699493e+01 3.29566078e+01 1.63180466e+01
    1.06782684e+01 1.74420872e+01 6.79031610e+00 2.17337799e+01
    3.63022652e+01 1.71100845e+01 2.87623482e+01 3.36195297e+01
    3.37151566e+01 3.17269745e+01 3.27333946e+01 1.49945269e+01
    3.37781754e+01 3.89891205e+01 1.67037525e+01 1.23074265e+01
    1.25810599e+00 2.92242603e+01 7.32862568e+00 2.57103081e+01
    3.64879761e+01 1.54625731e+01 3.55158806e+01 1.39108982e+01
    8.21586514e+00 3.11836872e+01 2.81030254e+01 8.28958988e+00
    1.36246223e+01 1.49248981e+01 3.04741879e+01 1.89769211e+01
    8.68466473e+00 2.61528702e+01 2.52149343e+00 5.58617163e+00
    2.80570641e+01 2.05605659e+01 2.20626812e+01 3.50876694e+01
    2.70567951e+01 4.95351696e+00 9.13306332e+00 5.89606464e-01
    2.66306806e+00 2.15978928e+01 3.55100861e+01 2.63172226e+01
    3.07884769e+01 2.81115608e+01 3.85482788e+01 1.05993681e+01
    1.99555969e+01 2.37160931e+01 5.33367109e+00 3.32283592e+01
    2.85656681e+01 3.42332840e+01 2.79930286e+01 7.57788181e+00
    2.14486904e+01 9.34394264e+00 1.02164497e+01 3.31928825e+01
    3.79298973e+01 3.12567978e+01 7.15749836e+00 1.71869526e+01
    3.79154253e+00 1.03002148e+01 2.33441887e+01 3.32610092e+01
    3.54506569e+01 1.31685705e+01 3.95320473e+01 9.02829528e-01
    3.22962227e+01 1.12665815e+01 2.57044911e+00 2.91870880e+01
    3.40391579e+01 1.34235907e+01 3.64681320e+01 1.08112192e+01
    3.82440529e+01 3.71831566e-01 1.56843004e+01 3.79294891e+01
    9.09519291e+00 2.62025394e+01 1.64457359e+01 3.24990005e+01
    9.53949070e+00 1.32849178e+01 2.00439434e+01 2.39895363e+01
    1.55649347e+01 3.85437622e+01 1.72444801e+01 2.77599468e+01
    1.70494747e+01 3.58709717e+01 3.80837364e+01 2.74748497e+01
    3.95051804e+01 2.92580490e+01 2.65314236e+01 1.54500878e+00
    1.98616047e+01 3.26541595e+01 2.26575165e+01 2.14044762e+01
    1.38106356e+01 2.58649483e+01 1.74997883e+01 3.93186951e+01
    2.31159363e+01 2.80763474e+01 1.01141157e+01 1.60587826e+01
    2.62390709e+00 3.47572594e+01 2.82848892e+01 1.80328846e+01
    2.38442135e+01 3.88267632e+01 3.35643349e+01 2.73674374e+01
    1.02976818e+01 3.00795627e+00 5.01387072e+00 3.22935257e+01
    3.55538406e+01 3.28264465e+01 1.94697590e+01 2.72950897e+01
    3.42801361e+01 1.62021122e+01 3.43548889e+01 3.28186951e+01
    1.60422955e+01 2.46624889e+01 1.92054386e+01 1.09092216e+01
    3.46636238e+01 2.79695435e+01 1.13959837e+01 1.66484165e+01
    1.54174709e+01 1.69240417e+01 3.56226196e+01 1.07741127e+01
    3.62966461e+01 8.89259243e+00 3.78229485e+01 3.55157356e+01
    1.06701069e+01 3.65009613e+01 3.04277267e+01 6.37975407e+00
    3.55392647e+01 2.87462749e+01 2.06046028e+01 1.02873409e+00
    3.49490585e+01 1.79198875e+01 3.04566288e+01 3.40442371e+00
    2.74739590e+01 2.97268276e+01 1.21219120e+01 2.03856430e+01
    1.91506922e-01 3.54423618e+00 4.83934069e+00 2.04417648e+01
    2.64471874e+01 2.99348888e+01 5.40250421e-01 7.65635681e+00
    7.01616430e+00 2.25538940e+01 1.95049515e+01 5.21828651e+00
    2.79426117e+01 3.15326004e+01 1.11468554e+01 8.73208141e+00
    3.60737572e+01 3.76417160e+01 1.98622570e+01 2.12908669e+01
    3.45901680e+01 1.42337694e+01 1.89827023e+01 9.13366413e+00
    2.91650028e+01 3.93498840e+01 1.38587198e+01 3.44582253e+01
    2.51495037e+01 3.22781754e+01 8.09546185e+00 6.35831738e+00
    1.29296770e+01 1.56384783e+01 4.98461103e+00 1.00902462e+01
    2.44891033e+01 3.79403801e+01 6.21334219e+00 2.08469734e+01
    1.90632744e+01 3.43043671e+01 1.50096436e+01 2.86767445e+01
    7.80894327e+00 3.29570389e+01 2.29302635e+01 3.22751846e+01
    2.62083836e+01 3.79045792e+01 2.39987907e+01 2.96840000e+01
    2.97544117e+01 3.24607201e+01 3.70191536e+01 3.02730484e+01
    3.01915812e+00 1.20812349e+01 2.71253605e+01 1.35195274e+01
    3.56370468e+01 3.73839283e+00 1.32409039e+01 1.29266224e+01
    3.84903908e+01 1.02050743e+01 2.55098515e+01 1.90042801e+01
    3.23411942e+01 1.85101831e+00 1.25458183e+01 5.22052097e+00
    2.04533367e+01 1.69908619e+01 3.47470055e+01 2.12206841e+00
    2.35925884e+01 2.00797443e+01 2.76675911e+01 2.36183987e+01
    2.73064785e+01 2.69687347e+01 2.95955524e+01 2.65550632e+01
    8.73781204e+00 7.54930496e+00 3.14950943e+01 8.36890030e+00
    2.19984417e+01 1.20170336e+01 1.01406488e+01 1.71837540e+01
    1.44529152e+01 1.14509525e+01 2.38020439e+01 3.13259411e+01
    2.80617142e+01 5.21094179e+00 3.10823689e+01 3.34057312e+01
    1.43415537e+01 2.42337360e+01 4.82695723e+00 2.11933575e+01
    3.10416870e+01 5.68535924e-01 6.64352226e+00 3.33643913e+00
    2.41527538e+01 2.80195570e+00 3.58439331e+01 1.59400330e+01
    2.08318901e+01 6.00788927e+00 3.07763557e+01 8.41905689e+00
    2.15125332e+01 3.13772259e+01 2.31077652e+01 2.54442997e+01
    2.03687763e+01 3.11685581e+01 1.30759172e+01 7.18420887e+00
    3.03861523e+01 2.26047935e+01 3.53288307e+01 2.07453403e+01
    2.59935760e+01 5.83247375e+00 2.45889206e+01 2.29045448e+01
    3.74753456e+01 3.63834496e+01 3.82923431e+01 3.52066956e+01
    2.98581028e+01 3.63301430e+01 2.61402092e+01 2.25795412e+00
    3.58050461e+01 3.02568588e+01 2.11582489e+01 1.77388287e+01
    5.71832705e+00 2.20411930e+01 2.31620836e+00 6.61970472e+00
    2.95899544e+01 4.34906816e+00 2.72586842e+01 2.18440495e+01
    7.45540714e+00 3.13584023e+01 4.34996557e+00 1.42868290e+01
    3.56242256e+01 2.75170364e+01 3.50445900e+01 1.09563227e+01
    1.44848716e+00 2.27993965e+01 3.95184555e+01 1.38155804e+01
    2.47617364e-01 1.79564972e+01 8.57728386e+00 1.55523033e+01
    3.95517426e+01 7.92291260e+00 2.98761997e+01 9.73452854e+00
    3.25711670e+01 1.91151161e+01 3.32675362e+01 2.79277687e+01
    1.57438822e+01 3.31563187e+01 1.33040295e+01 5.29613495e+00
    2.52603607e+01 3.62117233e+01 8.79284382e+00 3.65980606e+01
    2.82268009e+01 2.35558548e+01 2.12147121e+01 3.60144234e+01
    1.16719933e+01 2.93954730e+00 5.97634077e+00 3.04118195e+01
    5.77574348e+00 3.37657051e+01 3.94800186e+01 3.35961342e+01
    4.35738993e+00 9.37027264e+00 2.26912689e+00 1.66701450e+01
    2.56654930e+01 2.81771908e+01 3.54027824e+01 3.03025074e+01
    1.42529993e+01 1.19807596e+01 4.92548227e-01 1.30222607e+01
    1.55728035e+01 2.83308334e+01 1.37835512e+01 2.22650738e+01
    1.89258766e+01 1.16145730e+00 3.42522354e+01 9.34621334e+00
    1.01449263e+00 3.69700508e+01 2.14815311e+01 1.62573986e+01
    9.35323334e+00 2.29188614e+01 1.72267799e+01 7.77466869e+00
    1.26387377e+01 9.57376575e+00 3.60147057e+01 3.21664429e+00
    1.72907867e+01 1.46684694e+01 2.85650368e+01 3.11461201e+01
    2.23340178e+00 2.90290852e+01 1.88588982e+01 2.48943005e+01
    1.53829165e+01 2.76267509e+01 2.67875271e+01 8.13287354e+00
    3.39549751e+01 3.92949333e+01 3.64028664e+01 3.91298795e+00
    2.71676674e+01 2.58736820e+01 2.58129597e+01 4.51654482e+00
    3.68185081e+01 2.98595772e+01 3.75900126e+00 2.68154926e+01
    3.67445641e+01 2.98588467e+01 1.22755308e+01 1.23370254e+00
    2.20091114e+01 6.78325701e+00 3.38863907e+01 2.59343796e+01
    2.00034046e+01 7.58124113e+00 2.64862518e+01 1.14787273e+01
    2.25781422e+01 3.53988457e+01 1.72845535e+01 7.54770517e+00
    5.40053082e+00 3.48859367e+01 3.43798027e+01 5.93664980e+00
    2.74646893e+01 1.23755512e+01 6.45284271e+00 3.73689308e+01
    2.01203671e+01 1.22991638e+01 1.83377209e+01 9.89181176e-02
    1.59893694e+01 3.08490963e+01 1.01611490e+01 1.50225496e+01
    3.37460785e+01 2.65052071e+01 1.67111816e+01 1.53266516e+01
    5.85555077e+00 3.09123039e-01 2.80673485e+01 8.61108661e-01
    8.74531841e+00 1.96590500e+01 2.90440750e+01 3.79631577e+01
    2.03750191e+01 3.13303566e+01 1.87200089e+01 3.90656173e-01
    3.06709061e+01 2.93242002e+00 3.57256241e+01 3.92482758e+01
    9.06283855e+00 3.46049728e+01 1.43256254e+01 2.27396584e+00
    5.17741108e+00 1.44378242e+01 2.42743931e+01 9.10714531e+00
    3.34409065e+01 2.46325588e+01 2.98503819e+01 3.90518417e+01
    2.36648445e+01 7.76967049e+00 2.37901192e+01 2.15349979e+01
    1.82526505e+00 1.73020363e+01 3.29040756e+01 1.46070089e+01
    1.46403828e+01 1.65003586e+01 8.73986423e-01 2.73375015e+01
    1.22560806e+01 1.48004169e+01 2.12789078e+01 2.34788017e+01
    3.00849514e+01 9.66610789e-01 1.54065549e+00 2.11236572e+01
    1.67398338e+01 1.67356148e+01 3.47039146e+01 1.02421923e+01
    8.59966755e+00 2.87120495e+01 2.66430974e+00 3.15999947e+01
    4.92235947e+00 6.84441376e+00 1.07847424e+01 2.08238659e+01
    1.22664890e+01 1.28555775e+01 1.50589352e+01 6.15792811e-01
    8.51409972e-01 3.47837677e+01 3.88723910e-01 1.18998270e+01
    1.98872051e+01 4.91571951e+00 1.54432697e+01 6.32130384e+00
    3.28221283e+01 3.61399727e+01 4.13140297e-01 1.06862183e+01
    2.12100410e+01 2.33843327e+01 2.04047031e+01 3.94716530e+01
    1.44259901e+01 1.48887539e+01 2.43787251e+01 9.60947227e+00
    1.51037283e+01 6.89471579e+00 4.86345625e+00 1.31280651e+01
    2.01524944e+01 1.21919851e+01 2.07471633e+00 7.85006952e+00
    1.14074631e+01 1.96193123e+01 2.79111671e+00 3.55956383e+01
    3.90023880e+01 3.41128960e+01 2.61978664e+01 3.82557335e+01
    3.47791672e+01 3.03961773e+01 1.98032742e+01 1.39807510e+01
    3.65547142e+01 1.92866497e+01 1.43377151e+01 6.60486317e+00
    2.48580933e+01 1.93449821e+01 2.68682671e+01 1.29203358e+01
    1.46163378e+01 2.81591587e+01 1.57930088e+01 3.59327240e+01
    1.51396275e+01 2.41903381e+01 2.68196259e+01 2.10002804e+01
    2.73270569e+01 3.92468529e+01 1.80941391e+01 1.45118284e+01
    2.13326836e+01 2.31685123e+01 3.89026566e+01 3.50814362e+01
    2.22017708e+01 1.95254097e+01 3.35931816e+01 3.11167774e+01
    2.96357517e+01 1.60038528e+01 7.65252399e+00 1.02631378e+01
    3.66104851e+01 3.23594055e+01 1.00262375e+01 9.60842800e+00
    1.01439486e+01 1.25173140e+01 8.48906136e+00 1.77627945e+01
    1.76728935e+01 7.51891375e+00 2.17007008e+01 3.48078880e+01
    3.29544907e+01 2.55250683e+01 1.49682322e+01 4.39687443e+00
    2.95585995e+01 1.74305484e-01 2.86199903e+00 3.57268562e+01
    2.56356430e+01 3.41211433e+01 2.41319485e+01 3.29957848e+01
    3.33742676e+01 3.11199474e+01 3.60207977e+01 4.44016647e+00
    2.31844387e+01 2.47419376e+01 3.32649269e+01 1.94584942e+01
    3.12024236e+00 3.93278427e+01 3.85526466e+01 3.51140175e+01
    1.33004503e+01 1.45565808e+00 6.76649618e+00 6.62357473e+00
    1.63557491e+01 3.28913651e+01 9.68003178e+00 2.26449108e+01
    3.12138367e+01 3.13064594e+01 2.18758259e+01 1.15945282e+01
    1.46682835e+00 1.89226246e+01 1.16026793e+01 1.46406326e+01
    2.79911194e+01 1.00286245e+01 3.20412331e+01 9.68300247e+00
    3.44642487e+01 2.21870136e+00 3.53060875e+01 2.75453949e+01
    1.05517330e+01 2.57890663e+01 3.32288971e+01 2.60358868e+01
    8.16389275e+00 1.23158054e+01 1.59442425e+01 3.15697613e+01
    3.09171448e+01 3.94031982e+01 2.22957630e+01 2.55383377e+01
    2.79747295e+01 1.35570049e+01 3.54654655e+01 9.59976971e-01
    2.84753437e+01 2.61054707e+01 1.50933945e+00 2.12712789e+00
    7.37207794e+00 2.25842228e+01 2.59173927e+01 2.88911362e+01
    3.07967701e+01 1.46554575e+01 3.88357887e+01 3.75400200e+01
    3.30657272e+01 3.60965233e+01 1.63937111e+01 8.08095646e+00
    2.19801006e+01 3.47033615e+01 3.26518784e+01 1.31474428e+01
    1.59543180e+01 3.19697495e+01 4.06303024e+00 3.63998489e+01
    5.12016582e+00 1.00453711e+01 5.30620670e+00 1.62716122e+01
    1.67057476e+01 2.66416092e+01 1.25956306e+01 1.03458748e+01
    9.37810242e-02 1.92279911e+01 3.89733391e+01 2.29806824e+01
    3.36525917e+01 1.28660727e+01 2.01931534e+01 1.76196232e+01
    3.51317863e+01 3.35615120e+01 1.42211199e-01 2.56970024e+01
    8.75466168e-01 1.78746834e+01 1.98865128e+01 1.81735077e+01
    3.96008186e+01 4.41080284e+00 2.90055389e+01 3.80481949e+01
    4.74916697e+00 1.34418612e+01 1.79454517e+01 7.16078997e+00
    3.79684949e+00 5.64926004e+00 1.02448654e+01 3.43321724e+01
    1.16323221e+00 1.44318714e+01 4.93994570e+00 4.27619457e+00
    2.64779776e-01 3.29329109e+01 3.63238792e+01 2.19048042e+01
    7.01616240e+00 6.02988529e+00 1.75856590e+01 2.60365849e+01
    1.72700286e+00 3.92278528e+00 2.77288246e+01 1.77053976e+00
    2.65981445e+01 2.13692689e+00 2.26321583e+01 9.83289242e+00
    2.31468487e+01 1.23750906e+01 2.58856850e+01 2.60026608e+01
    2.49493046e+01 3.79265594e+01 1.85621281e+01 2.15728722e+01
    3.52568665e+01 3.79814625e+00 5.96494961e+00 2.00662270e+01
    3.81407094e+00 1.86650505e+01 3.79412537e+01 1.33280649e+01
    2.24981480e+01 1.68492568e+00 2.10167236e+01 2.07475328e+00
    3.76631546e+01 1.84911203e+00 4.96786499e+00 1.71532516e+01
    1.12638311e+01 2.71708221e+01 3.96971588e+01 2.57493210e+01
    3.55234642e+01 1.62121563e+01 2.72379341e+01 1.51735716e+01
    7.20139790e+00 1.92289352e+01 2.19782925e+01 4.82901764e+00
    1.51202097e+01 3.24723167e+01 3.91942711e+01 9.59714222e+00
    2.88669586e+01 3.96615067e+01 3.73260040e+01 1.87670250e+01
    2.87962933e+01 1.33294287e+01 1.16265020e+01 3.68922729e+01
    3.40392113e+01 2.15013504e+00 3.06969852e+01 1.17000408e-01
    5.76649380e+00 2.98802242e+01 7.14061081e-01 1.40913773e+01
    3.91243820e+01 7.79233265e+00 3.42670212e+01 1.46343946e+01
    1.47191973e+01 1.95881081e+01 2.51921539e+01 3.53126793e+01
    3.28129692e+01 2.69381084e+01 2.64420204e+01 7.27610397e+00
    8.28621578e+00 2.13960552e+01 3.47594986e+01 2.49064884e+01
    1.07365932e+01 2.00279293e+01 1.86367741e+01 8.35477769e-01
    3.25331535e+01 7.09629488e+00 1.37062187e+01 2.01358433e+01
    2.71612320e+01 1.15966568e+01 7.28677368e+00 3.76816902e+01
    1.37168541e+01 3.29757500e+01 1.75828228e+01 1.74582958e+01
    3.91231995e+01 8.20934772e+00 3.92304916e+01 1.08880396e+01
    3.09817963e+01 8.91417682e-01 3.56570125e+00 1.37776146e+01
    2.40201912e+01 3.49383392e+01 8.34889793e+00 1.18785810e+01
    4.81696558e+00 2.31420441e+01 1.06591022e+00 5.09845257e+00
    3.64184341e+01 1.54490185e+01 2.18742967e+00 3.75703964e+01
    2.76194549e+00 1.30123205e+01 1.81679440e+01 2.41961575e+00
    1.83533800e+00 8.68221474e+00 5.06592655e+00 2.28108559e+01
    2.36586075e+01 3.55601387e+01 3.63954872e-01 1.22614822e+01
    1.91318285e+00 2.24681263e+01 1.61031570e+01 2.43052883e+01
    6.60391617e+00 5.15970421e+00 2.04906616e+01 3.48082848e+01
    2.45560873e-02 2.99539518e+00 3.95934219e+01 1.03213549e+01
    2.96655774e+00 2.17960243e+01 1.04776068e+01 3.25526285e+00
    2.53410149e+01 8.79489517e+00 3.57313728e+01 1.27893219e+01
    3.96406860e+01 2.32092018e+01 3.66314983e+00 2.32042942e+01
    2.17760315e+01 3.91736374e+01 2.61615791e+01 1.85301900e-01
    2.60581722e+01 3.15899611e+00 3.38584976e+01 2.50189266e+01
    3.78640709e+01 8.83659267e+00 2.32718563e+01 4.12136126e+00
    4.60192156e+00 1.49802856e+01 3.51294632e+01 1.36198826e+01
    2.88704014e+01 3.52841187e+01 3.34829597e+01 1.96734524e+01
    2.09215012e+01 2.12944698e+00 1.82885189e+01 6.59056854e+00
    2.86432953e+01 2.95800838e+01 1.56021655e+00 5.97418308e+00
    1.77220905e+00 8.50722599e+00 5.55824614e+00 2.15119705e+01
    3.49937019e+01 3.85615959e+01 9.95525932e+00 2.67221508e+01
    2.26675282e+01 2.72155743e+01 1.60630476e+00 2.24814758e+01
    1.71467476e+01 9.32375050e+00 5.08932686e+00 2.75971127e+01
    2.15056019e+01 5.99196863e+00 9.18246078e+00 1.64824295e+01
    2.59239311e+01 3.35905914e+01 4.55357647e+00 6.71869755e+00
    9.31877995e+00 5.85562325e+00 3.44556351e+01 8.09767342e+00
    1.65398903e+01 3.90795040e+00 3.45650363e+00 2.36747608e+01
    3.01612148e+01 1.70669918e+01 1.01928492e+01 1.45936871e+01
    1.41945181e+01 2.02648983e+01 1.51861773e+01 3.16346207e+01
    2.85560074e+01 1.89870529e+01 1.80403118e+01 2.21512127e+01
    1.65361042e+01 2.31861210e+01 5.19479454e-01 2.79985466e+01
    2.92668209e+01 6.23919535e+00 2.17279358e+01 2.51444283e+01
    3.64932442e+01 2.80004292e+01 1.66773510e+01 1.71314144e+01
    5.08835983e+00 1.14040346e+01 2.09115105e+01 1.45871258e+00
    1.48117075e+01 2.65711060e+01 3.78495026e+01 1.24605579e+01
    1.82138290e+01 2.11405106e+01 3.16219330e+01 8.19500446e+00
    1.67322025e+01 2.74596882e+01 4.62964821e+00 3.63788071e+01
    2.03377018e+01 1.94364300e+01 2.67001381e+01 2.11021423e+01
    1.57445946e+01 2.22928715e+01 3.28615723e+01 1.77524090e+01
    1.05304699e+01 3.96825266e+00 3.11787491e+01 3.50830536e+01
    1.90359497e+01 1.54451036e+01 1.43816557e+01 1.69873753e+01
    1.85624447e+01 9.05382156e+00 2.53393478e+01 1.96218662e+01
    3.82866631e+01 3.02187653e+01 3.06967616e+00 1.67837226e+00
    1.88144169e+01 3.71034737e+01 2.66458058e+00 3.07880459e+01
    2.81309071e+01 2.36267452e+01 8.60221863e-01 3.20847626e+01
    1.03626318e+01 2.99070683e+01 1.53513689e+01 3.59949946e+00
    3.05946999e+01 6.29359722e+00 1.56906099e+01 1.53544302e+01
    1.00442553e+00 2.73155136e+01 3.52987175e+01 1.90108089e+01
    8.10646343e+00 2.50869904e+01 2.25581379e+01 1.62857075e+01
    1.06192665e+01 2.80569363e+00 3.22062798e+01 2.84822426e+01
    2.18117332e+01 1.79318428e+01 1.11642246e+01 6.45249748e+00
    2.18277512e+01 2.14767342e+01 4.47825193e+00 2.84395671e+00
    1.86392307e+01 6.30114985e+00 1.75653934e+01 2.08145404e+00
    1.72063541e+01 6.41491079e+00 1.22844648e+01 4.47104979e+00
    1.55451336e+01 2.01911526e+01 3.50268097e+01 2.95473118e+01
    1.05580816e+01 2.06949692e+01 2.78709393e+01 3.26751442e+01
    9.11447716e+00 3.94300194e+01 2.15159893e+01 7.49966812e+00
    2.59276943e+01 9.03092003e+00 2.95356083e+01 1.29583168e+01
    1.75054760e+01 3.94290390e+01 1.91310272e+01 2.75781727e+01
    5.15948629e+00 1.83310375e+01 4.90702534e+00 3.23457031e+01
    2.88569450e+01 1.37485476e+01 1.26303329e+01 1.78669510e+01
    1.52753842e+00 3.27246094e+01 1.66664886e+01 1.93503380e+01
    2.10760860e+01 1.14666252e+01 1.28307076e+01 2.68976688e+01
    3.13918991e+01 4.51896906e+00 1.71131439e+01 1.70495243e+01
    3.34005127e+01 2.22502651e+01 1.21557016e+01 1.41438189e+01
    2.44691143e+01 2.72267132e+01 2.09329357e+01 3.00697136e+01
    3.31400146e+01 2.85138035e+01 1.92726707e+00 2.48334274e+01
    3.91836472e+01 7.29695940e+00 1.07550583e+01 3.30491028e+01
    2.57955875e+01 1.57537069e+01 1.23506899e+01 4.60587215e+00
    3.40957260e+01 2.90510044e+01 3.35470047e+01 5.35911036e+00
    3.76000137e+01 2.62246380e+01 3.90637436e+01 3.15188293e+01
    2.17759953e+01 1.14383640e+01 1.89209957e+01 3.00048027e+01
    2.87577419e+01 2.86343918e+01 2.38037109e+01 3.53015442e+01
    2.73221397e+00 2.20158615e+01 4.75213140e-01 3.03487968e+01
    2.31330147e+01 1.73525505e+01 3.29288712e+01 3.75414772e+01
    7.96739626e+00 2.41360321e+01 1.64839478e+01 1.25434971e+01
    1.83929348e+01 3.65579758e+01 3.89267502e+01 1.93429737e+01
    3.56206932e+01 2.81924667e+01 2.58670406e+01 1.63431091e+01
    1.68814945e+01 9.82861614e+00 2.01269073e+01 3.58296127e+01
    3.34381828e+01 2.84670467e+01 3.74083481e+01 2.07379475e+01
    5.05572605e+00 1.58480940e+01 1.96782322e+01 3.21600227e+01
    5.18547714e-01 3.15206108e+01 6.79038954e+00 3.33055420e+01
    3.86670151e+01 2.45021019e+01 3.27412415e+01 3.75138664e+01
    2.93010688e+00 8.69390774e+00 3.64322624e+01 3.36762161e+01
    2.46117325e+01 3.26880902e-01 1.74738197e+01 1.09525757e+01
    2.23285561e+01 3.59027023e+01 1.35983171e+01 4.95775729e-01
    1.09171133e+01 2.94944706e+01 2.52513161e+01 3.20455589e+01
    3.06532726e+01 3.54012489e+01 2.03836426e-01 9.99576664e+00
    3.35134315e+01 1.02906599e+01 1.11888943e+01 1.58893747e+01
    1.31416483e+01 2.30251389e+01 1.40569448e+01 1.53424425e+01
    5.75270510e+00 1.98278008e+01 1.43195553e+01 3.59116478e+01
    1.58115931e+01 5.23006868e+00 3.84582787e+01 3.68520093e+00
    3.09699745e+01 3.76353302e+01 3.58724632e+01 2.57691917e+01
    1.99383318e+00 3.91965561e+01 2.44842072e+01 5.58580017e+00
    3.38565140e+01 9.05388641e+00 2.56534028e+00 3.93207054e+01
    1.65493393e+01 6.82251787e+00 3.91353073e+01 3.17734566e+01
    3.92836723e+01 2.53532581e+01 2.73984795e+01 5.73248482e+00
    1.83391151e+01 2.25102940e+01 1.84747753e+01 3.27939317e-02
    3.74932671e+00 1.52996616e+01 1.19109154e+01 8.72429943e+00
    2.76418591e+01 2.29676685e+01 3.88031721e+00 2.15001106e+01
    3.15137978e+01 8.78209352e-01 9.06037986e-01 3.89245453e+01
    1.40118246e+01 1.66086979e+01 2.45818958e+01 3.45051155e+01
    3.08176346e+01 2.38437614e+01 3.77361717e+01 2.27557049e+01
    1.32716024e+00 3.55276375e+01 3.32225800e+01 1.46106541e+00
    1.09066572e+01 2.33355083e+01 4.68194723e-01 3.12798548e+00
    1.85867329e+01 2.20404625e+01 1.16182051e+01 3.56566010e+01
    2.16177979e+01 3.25349312e+01 2.26709347e+01 3.71797333e+01
    3.25490837e+01 3.69175415e+01 1.09919567e+01 3.33336792e+01
    2.05167599e+01 1.94728718e+01 3.91355057e+01 3.33770905e+01
    3.75665436e+01 3.65092964e+01 2.06358204e+01 2.81292362e+01
    1.12810907e+01 1.03001461e+01 1.97989635e+01 2.94172344e+01
    2.48845711e+01 2.79132233e+01 2.96269283e+01 2.08649883e+01
    3.02870178e+00 3.78231125e+01 1.22669392e+01 1.06740255e+01
    1.31591549e+01 8.57276058e+00 3.77883224e+01 6.79450035e+00
    1.15671043e+01 1.07047453e+01 3.39572411e+01 1.72518730e+01
    1.09544621e+01 3.59050827e+01 5.63710880e+00 2.40013885e+01
    1.82375298e+01 3.50914764e+01 2.97092094e+01 1.47794447e+01
    1.83625126e+01 1.04491825e+01 2.00427151e+01 2.15241966e+01
    4.98500049e-01 1.58252745e+01 1.30897055e+01 7.07365417e+00
    3.48548584e+01 1.34901953e+01 2.30040874e+01 3.71986747e+00
    1.35753975e+01 1.05178213e+01 3.26645803e+00 2.34531498e+01
    2.46044235e+01 6.81680322e-01 7.88178539e+00 2.54424477e+01
    2.07634144e+01 3.60750465e+01 1.20120707e+01 1.50935841e+01
    2.81201725e+01 1.94349937e+01 2.14886036e+01 8.97286510e+00
    1.58233719e+01 3.77862206e+01 1.95787754e+01 8.99390042e-01
    3.05578880e+01 2.79108028e+01 3.61567230e+01 2.71224670e+01
    3.96375370e+00 3.31555481e+01 1.80063515e+01 1.31520252e+01
    3.04586506e+01 2.13624821e+01 2.62860413e+01 1.79564018e+01
    3.38117180e+01 1.12251968e+01 3.04938869e+01 1.24551439e+01
    1.39110126e+01 1.49977360e+01 3.19412556e+01 2.54124107e+01
    4.83969021e+00 1.30236435e+01 2.56304054e+01 3.37465019e+01
    2.77418270e+01 2.39288197e+01 1.86464155e+00 2.44232006e+01
    2.69624748e+01 9.36543751e+00 1.56220875e+01 5.84684610e+00
    2.03519325e+01 3.68471432e+00 3.37064018e+01 3.86085243e+01
    2.11190414e+01 1.25862427e+01 8.86651039e+00 2.53938484e+01
    2.93179722e+01 1.11729517e+01 2.25847893e+01 1.83738861e+01
    2.52250118e+01 1.02640190e+01 1.49369550e+00 3.91349106e+01
    2.74287491e+01 1.22419062e+01 3.12314625e+01 2.89541698e+00
    3.67581596e+01 1.11566992e+01 5.12744617e+00 5.63112879e+00
    7.57837868e+00 3.82494774e+01 3.15058022e+01 3.83554535e+01
    2.93487930e+01 2.77460022e+01 2.67164478e+01 1.24325819e+01
    2.09787617e+01 6.35579014e+00 1.89756477e+00 1.23379726e+01
    2.87891626e+00 1.07187614e+01 1.49075251e+01 2.97150230e+01
    3.30139618e+01 1.23674507e+01 1.47483304e-01 1.07213717e+01
    1.74184227e+01 6.83164120e+00 1.42502184e+01 2.76747875e+01
    3.86511383e+01 4.11799145e+00 8.39344406e+00 3.41135559e+01
    3.16894684e+01 3.19660015e+01 9.89789200e+00 2.41099954e+00
    2.37249775e+01 1.00999069e+01 2.24671316e+00 1.11122913e+01
    2.06609364e+01 2.47517433e+01 3.76800652e+01 5.40889549e+00
    3.49807663e+01 2.47974930e+01 3.89361496e+01 6.99016333e+00
    8.02901745e+00 1.74765148e+01 2.98861580e+01 2.38052635e+01
    3.35080566e+01 1.24553223e+01 2.86655083e+01 5.41087437e+00
    3.94362526e+01 1.51112623e+01 3.00737247e+01 2.82184869e-01
    4.96011591e+00 2.23765564e+01 2.37174950e+01 1.21520529e+01
    1.25714083e+01 2.38428307e+00 3.97081680e+01 6.38089085e+00
    1.06865559e+01 2.36457233e+01 5.89171410e+00 2.32475591e+00
    3.56569366e+01 8.97997284e+00 2.37836781e+01 5.93333721e+00
    1.48233919e+01 1.33948746e+01 6.75876856e+00 1.09733438e+01
    3.08990574e+01 2.18858624e+01 3.23157806e+01 2.89573746e+01
    3.90840149e+01 3.27959061e+01 1.78212452e+01 3.58431931e+01
    2.58420696e+01 2.32073441e+01 7.72448635e+00 2.36732841e+00
    4.60206079e+00 7.38489151e+00 2.99467621e+01 1.37357330e+01
    2.50342816e-01 2.60347252e+01 3.41945724e+01 1.95207214e+01
    1.64016557e+00 3.52571373e+01 3.91210327e+01 7.18115139e+00
    2.44777699e+01 3.83939209e+01 1.89861107e+01 2.18961277e+01
    8.11904526e+00 6.74884844e+00 7.81704378e+00 3.80018158e+01
    2.68783741e+01 1.73010426e+01 9.44504261e+00 1.04729414e+01
    1.80192051e+01 2.21865501e+01 3.45874748e+01 5.46002102e+00
    3.96985016e+01 2.06673203e+01 2.11366253e+01 2.89678040e+01
    1.33308287e+01 1.20085812e+01 3.27113609e+01 3.31736183e+01
    2.98855400e+01 2.17386532e+01 3.16341152e+01 1.79006310e+01
    5.23890543e+00 3.68948441e+01 7.78594828e+00 2.36877213e+01
    2.96859016e+01 1.87238064e+01 1.23585129e+01 5.98984575e+00
    1.93437386e+01 1.25007048e+01 2.90139141e+01 1.64484695e-01
    2.03463421e+01 2.99165859e+01 1.33921134e+00 2.94150143e+01
    6.40640497e+00 8.37702084e+00 1.26550255e+01 2.07999496e+01
    2.24799900e+01 2.04895973e+01 3.92293310e+00 2.74587250e+01
    2.78963432e+01 1.70893192e+01 1.90229053e+01 2.79445400e+01
    1.38265715e+01 3.63465462e+01 1.58701026e+00 2.04262562e+01
    2.13024235e+01 4.93104935e+00 1.05309553e+01 5.00503206e+00
    2.85028172e+01 2.72792492e+01 1.70756027e-01 2.07682304e+01
    2.11361694e+01 1.35693693e+01 1.37004089e+01 3.82480927e+01
    1.61997700e+01 3.05868649e+00 3.57210579e+01 1.49806185e+01
    3.75494576e+01 3.93867416e+01 2.30428658e+01 8.09903526e+00
    7.13123322e+00 3.17202187e+01 2.55276704e+00 1.94722214e+01
    1.43972015e+01 2.97027283e+01 2.67309608e+01 3.00371513e+01
    9.85305214e+00 5.74597979e+00 5.53778458e+00 3.16933250e+01
    7.26846516e-01 1.71683006e+01 1.15586290e+01 1.96748009e+01
    2.79106445e+01 2.62967758e+01 1.72858601e+01 3.76306610e+01
    9.52026463e+00 6.15572214e+00 3.76169090e+01 2.19682865e+01
    3.15481377e+01 2.57163544e+01 2.96459084e+01 2.07878990e+01
    1.88588715e+01 1.56649189e+01 7.36324549e+00 3.70809174e+01
    2.58648052e+01 2.70124283e+01 2.57073402e+01 2.07468777e+01
    2.02110004e+01 3.90085869e+01 3.09773293e+01 1.53889525e+00
    2.00661469e+01 3.90554771e+01 4.37246943e+00 3.84875107e+01
    3.03836703e-01 3.83981972e+01 1.92420139e+01 8.79171181e+00
    4.82943439e+00 2.76135883e+01 7.01710081e+00 3.19515781e+01
    1.96143074e+01 1.23626080e+01 6.76887083e+00 1.75707893e+01
    1.51677618e+01 3.30329514e+01 3.60333557e+01 3.84289970e+01
    2.61198788e+01 1.99799290e+01 2.65890217e+01 6.27387524e+00
    6.98336363e+00 3.66531868e+01 3.05327778e+01 5.20497513e+00
    9.59822178e+00 3.33928323e+00 1.53387041e+01 3.78955765e+01
    1.03198090e+01 3.55265999e+01 2.63006840e+01 3.76563492e+01
    3.51116257e+01 7.20473099e+00 3.44978561e+01 1.35924997e+01
    9.72174168e+00 1.42588120e+01 2.26654015e+01 3.14631538e+01
    2.31257772e+00 1.07969294e+01 3.32240372e+01 1.15288630e+01
    3.12871399e+01 8.11861897e+00 1.13538189e+01 2.09246330e+01
    3.13285179e+01 3.95429649e+01 3.63359375e+01 2.42894306e+01
    1.03001852e+01 1.28456306e+01 9.40695858e+00 3.87497711e+01
    3.96730156e+01 3.85711632e+01 7.63161945e+00 1.72315369e+01
    1.67255440e+01 3.25617905e+01 9.54854870e+00 3.52450485e+01
    1.38141527e+01 1.75341091e+01 3.27246437e+01 3.75657959e+01
    8.46279907e+00 4.50789356e+00 1.56794310e+01 3.30726852e+01
    1.69776459e+01 1.09289608e+01 1.00984020e+01 8.16559029e+00
    9.41872597e+00 2.66898422e+01 3.52228050e+01 9.29097593e-01
    9.84441090e+00 3.11794686e+00 2.29207113e-01 2.53310356e+01
    8.44970131e+00 2.48572782e-01 2.96002541e+01 3.39739723e+01
    3.45663109e+01 8.24371529e+00 1.11624784e+01 3.66381912e+01
    2.15874844e+01 3.12847214e+01 8.20633221e+00 3.20341911e+01
    1.75591450e+01 3.01586514e+01 3.74934692e+01 7.86966085e+00
    2.70055180e+01 3.23247108e+01 3.47889557e+01 1.25952349e+01
    7.95015860e+00 4.13266373e+00 2.95051041e+01 5.51517725e+00
    1.94578419e+01 2.94948807e+01 2.81016407e+01 3.37690926e+01
    1.58331022e+01 3.21181602e+01 8.19021702e+00 3.78889427e+01
    2.36631031e+01 1.77742748e+01 3.71945419e+01 3.08250160e+01
    1.53299809e+00 1.77528610e+01 2.55368614e+01 1.45006895e+01
    1.87283554e+01 6.49919224e+00 3.15417123e+00 1.08618813e+01
    3.74997306e+00 3.86567116e+01 1.93215215e+00 2.46506424e+01
    2.31743813e+01 3.05931892e+01 1.97470284e+00 2.19215183e+01
    4.51676702e+00 1.62947598e+01 2.37987213e+01 1.51166983e+01
    2.96822929e+01 3.79693947e+01 1.61611938e+01 1.10090303e+01
    2.51125965e+01 2.32768173e+01 3.71026497e+01 2.74795933e+01
    1.03692112e+01 1.57115593e+01 8.95762539e+00 3.76717987e+01
    1.18205576e+01 3.75898972e+01 2.65908623e+01 3.10842361e+01
    2.97432518e+01 3.32588387e+01 1.03733864e+01 1.34275570e+01
    1.68341866e+01 2.67345963e+01 2.72145367e+01 3.85331345e+01
    3.91240463e+01 2.55659580e+01 2.16383114e+01 1.49316635e+01
    2.06914806e+01 9.91771793e+00 1.47861423e+01 2.16806736e+01
    3.94009438e+01 3.05069218e+01 4.26581681e-01 3.35191584e+00
    1.49763231e+01 4.93147326e+00 3.16229439e+01 2.70939560e+01
    1.62627697e+01 2.07326813e+01 3.48171959e+01 2.19673958e+01
    1.07902946e+01 2.44113750e+01 6.63425827e+00 1.51079512e+00
    1.41702497e+00 8.11138821e+00 7.57766628e+00 6.34923553e+00
    3.57484207e+01 2.57130547e+01 1.66607368e+00 1.08696640e+00
    1.70799332e+01 3.33105087e+01 1.67843399e+01 3.56246109e+01
    2.73560123e+01 2.12687683e+01 6.88889599e+00 8.27637100e+00
    1.65388203e+01 1.73565006e+01 1.51040049e+01 7.50988293e+00
    1.18079624e+01 3.32283325e+01 2.62196312e+01 2.55973873e+01
    3.39199524e+01 2.05128860e+01 1.27877226e+01 2.53083801e+00
    3.92248001e+01 1.28619242e+01 2.24005165e+01 2.29261379e+01
    2.11769180e+01 3.17179604e+01 3.27043076e+01 1.77449265e+01
    3.77668686e+01 6.56205797e+00 1.32491617e+01 6.15692317e-01
    1.80375538e+01 3.45630493e+01 2.71769581e+01 1.81254978e+01
    6.98481226e+00 1.98595123e+01 4.27441740e+00 1.55956688e+01
    2.54926777e+01 2.56223259e+01 7.37461138e+00 3.56594658e+01
    2.26474934e+01 8.75742340e+00 3.59809303e+01 3.54728470e+01
    7.16237831e+00 2.40656166e+01 2.26048827e+00 3.37621040e+01
    3.77793097e+00 1.22913342e+01 3.81843414e+01 3.68075638e+01
    2.63035965e+01 1.86726818e+01 3.56834450e+01 6.93581629e+00
    1.94609165e+01 3.81798286e+01 2.85687160e+01 5.08611870e+00
    2.14756966e+01 3.98618865e+00 1.53773737e+01 3.60145264e+01
    3.31567497e+01 3.82583923e+01 4.27906513e+00 3.90163231e+00
    3.83900490e+01 3.33721085e+01 2.63156796e+01 2.69078040e+00
    2.95224838e+01 2.26954384e+01 1.70793285e+01 2.69868588e+00
    8.26705170e+00 1.97821045e+01 3.91080894e+01 2.55261688e+01
    1.45843005e+00 2.72011909e+01 6.50690842e+00 6.94727242e-01
    3.96776848e+01 2.40660267e+01 3.57367210e+01 2.02138920e+01
    1.35222263e+01 3.86567726e+01 1.70594501e+01 1.07831888e+01
    2.68197517e+01 2.64927216e+01 1.62323036e+01 1.95166454e+01
    1.04097338e+01 2.82258892e+01 3.36354713e+01 1.81034737e+01
    2.30907307e+01 3.70474815e+01 2.72290878e+01 1.69147072e+01
    1.64485240e+00 1.99561348e+01 2.20794296e+01 3.82068863e+01
    1.12078772e+01 3.89452782e+01 3.15701752e+01 3.05138626e+01
    2.46434307e+01 2.18019657e+01 3.28045425e+01 3.75850415e+00
    8.13426685e+00 2.90089893e+01 6.66607428e+00 4.84649134e+00
    9.48020649e+00 5.52043962e+00 2.17420197e+01 8.03633976e+00
    1.93103867e+01 9.89309597e+00 3.29553642e+01 2.81563683e+01
    2.82886906e+01 1.07043390e+01 2.22113132e+01 2.84781551e+01
    2.50301380e+01 2.80657940e+01 3.62977333e+01 1.24797630e+00
    2.07147579e+01 8.19274616e+00 3.67687583e+00 2.79675751e+01
    1.26901817e+00 1.17683716e+01 3.77882409e+00 1.19166775e+01
    1.06632853e+01 3.85842514e+01 9.36416626e-01 2.66138382e+01
    6.48148012e+00 3.75735397e+01 3.54174881e+01 1.69473476e+01
    1.35567627e+01 3.34641991e+01 3.66082153e+01 6.99191999e+00
    3.80186882e+01 2.45615082e+01 3.60757713e+01 1.44934158e+01
    1.07264555e+00 3.05113578e+00 2.07905807e+01 3.06119385e+01
    7.31243551e-01 3.23311462e+01 3.62496300e+01 5.32981300e+00
    2.53902950e+01 1.06845069e+00 8.95454025e+00 3.94294357e+01
    1.72609825e+01 2.34484425e+01 8.53392696e+00 2.39176998e+01
    3.73271942e+01 3.21512527e+01 2.59355011e+01 2.40981560e+01
    6.29612160e+00 1.20135965e+01 1.90968056e+01 9.89275646e+00
    4.23723078e+00 4.85817242e+00 2.79472351e+01 3.47048149e+01
    2.50035553e+01 4.14705324e+00 2.67489643e+01 1.97031283e+00
    2.43264904e+01 2.41105480e+01 2.60992088e+01 3.66062317e+01
    7.70882964e-01 3.57903442e+01 5.76163816e+00 3.13237057e+01
    3.77485504e+01 8.43498230e+00 3.06795483e+01 2.29115105e+01
    2.82913418e+01 2.59526610e+00 1.06324768e+01 3.62796555e+01
    8.46979427e+00 1.78472767e+01 3.54648972e+01 3.80040855e+01
    3.36191330e+01 4.68455410e+00 1.61383705e+01 6.53239727e+00
    3.51311255e+00 2.76637421e+01 2.12196331e+01 1.64555407e+00
    2.01075706e+01 3.25188484e+01 2.18735924e+01 2.63078475e+00
    2.79259663e+01 2.11051579e+01 2.01906395e+01 1.05224924e+01
    3.63777199e+01 3.59131584e+01 2.58784962e+01 2.08179092e+01
    1.59834754e+00 2.46474528e+00 5.52720213e+00 2.00305367e+01
    3.18719196e+01 4.14922857e+00 9.34350491e+00 2.90462017e+01
    3.14586163e+01 3.83962631e+01 3.60339432e+01 1.49297371e+01
    2.58051109e+01 3.38092384e+01 2.15286636e+01 2.16191578e+01
    1.18864431e+01 2.81919727e+01 3.48578911e+01 1.76146946e+01
    4.89081478e+00 8.12785244e+00 1.55867805e+01 1.16783314e+01
    1.61755772e+01 3.52271843e+01 3.35531006e+01 3.67265606e+00
    2.46506548e+00 2.20561981e+01 3.52290688e+01 2.28150511e+00
    3.02012944e+00 2.71980762e+01 1.22054338e+01 2.45407314e+01
    6.95310068e+00 1.57455168e+01 3.47966766e+01 3.10927057e+00
    9.46178055e+00 1.19955196e+01 3.01503887e+01 1.18882151e+01
    3.75832977e+01 3.05221024e+01 9.50813675e+00 1.66198597e+01
    1.24592466e+01 1.15978174e+01 2.50342236e+01 3.22663450e+00
    2.17814589e+00 1.33508835e+01 1.22611971e+01 2.70478020e+01
    1.94766674e+01 3.70584259e+01 2.02196674e+01 3.17800846e+01
    3.35809059e+01 3.74591904e+01 1.26943254e+01 1.24400730e+01
    3.51312947e+00 2.40509720e+01 1.86133652e+01 2.88084507e+01
    6.63192701e+00 1.82066405e+00 2.18761959e+01 2.91398144e+00
    2.68653145e+01 8.60680580e+00 3.32316017e+01 3.92289391e+01
    3.99761033e+00 4.47748947e+00 1.84285965e+01 3.04009399e+01
    1.57723312e+01 2.02681565e+00 3.11041832e+01 1.18024321e+01
    1.36770153e+01 1.11935835e+01 4.44424009e+00 1.13384418e+01
    2.91581917e+01 2.96658592e+01 3.25701103e+01 5.75518560e+00
    3.91575089e+01 8.16245747e+00 3.72534866e+01 9.08401161e-02
    3.09648603e-01 7.66529679e-01 9.82976913e+00 9.87838936e+00
    1.66398411e+01 2.10231552e+01 2.28258572e+01 2.51241169e+01
    1.82150154e+01 4.91024446e+00 3.51143799e+01 1.82787466e+00
    1.88404903e+01 5.65004492e+00 2.91229973e+01 2.03073330e+01
    3.89218216e+01 1.19407196e+01 5.06066656e+00 3.82445946e+01
    1.31734209e+01 2.41474895e+01 3.17269955e+01 3.16195660e+01
    6.51110077e+00 2.14077492e+01 1.58585281e+01 1.91980705e+01
    3.56495743e+01 2.31653666e+00 1.34483805e+01 3.59424553e+01
    3.49888802e+01 5.32230759e+00 3.02123013e+01 2.70679379e+01
    2.14318256e+01 7.96421814e+00 2.25275230e+01 1.60832596e+00
    2.99019260e+01 2.83064384e+01 2.04853649e+01 3.38900352e+00
    1.49006443e+01 3.58292389e+01 3.56499100e+01 3.50840034e+01
    2.67962685e+01 1.12005777e+01 3.52292175e+01 2.13407440e+01
    2.69489155e+01 2.75790310e+01 3.70292206e+01 1.60217438e+01
    1.78999004e+01 7.53323269e+00 2.18158226e+01 2.74848957e+01
    1.66102905e+01 2.63766632e+01 2.57913513e+01 2.60364819e+01
    6.91777563e+00 1.66471367e+01 3.39933681e+00 1.13767071e+01
    1.10148373e+01 3.26187401e+01 8.86141682e+00 3.66383858e+01
    1.98911381e+01 1.18228502e+01 3.56605186e+01 2.49201183e+01
    2.61342735e+01 3.34612160e+01 1.12781467e+01 3.64137650e+01
    3.10217323e+01 1.77463760e+01 2.97951736e+01 2.91920853e+00
    8.49844742e+00 3.81845284e+01 1.13294621e+01 8.43159771e+00
    8.38394833e+00 1.93617401e+01 3.96139679e+01 2.62369881e+01
    6.37853622e+00 2.79559994e+01 3.42193413e+01 1.18232679e+01
    2.70858250e+01 1.45415211e+01 2.16002865e+01 1.53595209e+01
    1.39133322e+00 4.73509455e+00 3.43774757e+01 8.62335873e+00
    3.23726158e+01 2.81582379e+00 1.53251820e+01 2.60284195e+01
    1.66606979e+01 2.36391182e+01 1.07915421e+01 2.96131649e+01
    1.18553429e+01 3.54138336e+01 2.27240429e+01 3.10309124e+01
    2.49788723e+01 2.87986469e+01 2.17675056e+01 6.08071148e-01
    1.63254166e+01 7.25334358e+00 3.16884174e+01 1.77434845e+01
    1.51777506e+01 5.02010536e+00 2.38463154e+01 1.03530502e+01
    2.68334751e+01 2.33747005e+01 1.51970549e+01 2.56628094e+01
    2.64204597e+01 1.63403988e+01 6.84728813e+00 5.71873665e+00
    7.43645573e+00 3.71705894e+01 1.72147045e+01 1.57927904e+01
    2.44754581e+01 2.24362392e+01 1.60278568e+01 7.88208723e+00
    2.92155666e+01 1.18181648e+01 1.79888554e+01 2.87111568e+01
    1.93438797e+01 2.19940972e+00 6.44319868e+00 2.10951214e+01
    8.18513298e+00 3.23723936e+00 3.96454926e+01 1.22448111e+01
    5.45288181e+00 1.86727257e+01 1.99304085e+01 1.00797498e+00
    1.76249714e+01 9.59449100e+00 2.31905613e+01 2.92735634e+01
    2.19719448e+01 2.62047272e+01 2.61068344e+00 3.40787354e+01
    6.14055824e+00 1.82823544e+01 1.07355223e+01 1.88390560e+01
    2.43871250e+01 2.02192612e+01 1.17175074e+01 2.64274254e+01
    1.11683836e+01 3.90281487e+01 3.21830482e+01 1.14249058e+01
    2.82490692e+01 3.12522640e+01 1.22827473e+01 3.96171684e+01
    6.81822491e+00 2.04960327e+01 3.01110649e+01 1.93375664e+01
    1.68013744e+01 1.33718281e+01 2.06128712e+01 4.83511877e+00
    2.51832485e+01 2.04221649e+01 2.10305061e+01 3.23147812e+01
    3.28300934e+01 9.92119312e+00 9.51181602e+00 2.02833939e+01
    1.36119223e+01 1.01526594e+01 1.88814011e+01 2.82974892e+01
    2.61372070e+01 3.12559872e+01 3.01858063e+01 3.11032143e+01
    3.06388302e+01 8.20829391e+00 6.76309443e+00 2.52818751e+00
    9.99283028e+00 9.90698993e-01 2.32161961e+01 2.49107285e+01
    1.15345299e+00 1.57325876e+00 3.21944351e+01 2.21875381e+01
    2.27910328e+01 2.54012051e+01 3.30291443e+01 2.81220417e+01
    6.84182262e+00 3.66934700e+01 1.51832676e+01 1.39206419e+01
    3.12763920e+01 1.02228413e+01 1.32268286e+01 3.84298172e+01
    1.61471319e+00 3.35537949e+01 2.33674068e-02 2.73260422e+01
    3.56467590e+01 3.71976852e+01 6.97945118e-01 1.56718569e+01
    5.54168880e-01 3.59591179e+01 4.41431701e-02 2.96364803e+01
    1.35961514e+01 6.18040180e+00 2.22630234e+01 2.21969547e+01
    3.94074249e+00 4.18877648e-03 2.51413298e+00 1.46213293e+01
    3.40183830e+01 2.82466640e+01 4.36987925e+00 2.19525700e+01
    3.38900642e+01 3.21041946e+01 1.44216499e+01 1.25315845e+00
    8.86899590e-01 2.02544746e+01 3.94057274e+01 2.76702728e+01
    3.24703522e+01 2.51831627e+00 3.29442888e-01 1.77340221e+01
    2.31534672e+01 3.36238937e+01 6.31006050e+00 1.81646500e+01
    7.68959475e+00 2.01382136e+00 2.78877449e+01 1.97232780e+01
    2.06591282e+01 1.81052799e+01 3.21824074e+01 3.82892685e+01
    3.47854576e+01 2.47747707e+01 2.63228168e+01 1.21038036e+01
    2.04073658e+01 2.75759363e+00 2.61634674e+01 2.44144993e+01
    2.30627518e+01 9.97853565e+00 8.56189060e+00 1.81003666e+01
    1.61051044e+01 1.73539753e+01 1.43605547e+01 2.52546291e+01
    2.17158432e+01 5.31376505e+00 5.62933588e+00 7.26912880e+00
    3.69940224e+01 6.98303461e+00 7.74107027e+00 3.12564701e-01
    3.04631233e+01 3.11896057e+01 2.79755421e+01 2.89699612e+01
    3.12413287e+00 1.55346084e+00 2.51621437e+01 2.77692204e+01
    3.89170074e+01 1.50048990e+01 9.17657137e-01 3.92405090e+01
    5.90263665e-01 4.66072941e+00 1.99007893e+00 2.71366749e+01
    3.64532585e+01 1.81407814e+01 3.25274506e+01 1.75236492e+01
    3.83539238e+01 3.01625896e+00 3.63658333e+01 4.05753517e+00
    2.17606716e+01 6.43169641e+00 1.39921598e+01 3.45357018e+01
    3.84017143e+01 1.26752520e+01 3.26387787e+01 1.18991718e+01
    2.93529587e+01 2.37477131e+01 3.35022831e+00 1.38256340e+01
    1.04484663e+01 1.26695871e+01 1.84256344e+01 3.26449280e+01
    2.77646675e+01 8.08962250e+00 2.53877316e+01 3.95931396e+01
    2.11435909e+01 3.59645057e+00 5.97530985e+00 1.68660796e+00
    4.27482653e+00 1.41692686e+01 2.70833168e+01 3.37778435e+01
    2.85873718e+01 7.04448557e+00 4.11605644e+00 3.45337448e+01
    1.60164318e+01 3.51944122e+01 2.58036747e+01 4.63765907e+00
    3.64127350e+01 2.78171139e+01 2.54540100e+01 2.09723854e+01
    1.94643326e+01 3.55611649e+01 2.97812424e+01 3.62660904e+01
    3.49284859e+01 3.84405479e+01 2.22893834e+00 3.93179970e+01
    3.78860512e+01 9.74739075e+00 2.67679405e+01 2.65976868e+01
    2.67210484e+00 3.17339420e+01 3.76324081e+00 3.60200500e+01
    3.45773048e+01 1.93717136e+01 1.18538723e+01 2.74002438e+01
    1.80422726e+01 2.52581787e+01 3.87141762e+01 3.51026154e+01
    8.27664661e+00 2.59982610e+00 1.07222872e+01 5.55161095e+00
    4.20885706e+00 3.47141380e+01 1.99940624e+01 2.70556507e+01
    2.00293941e+01 3.55958710e+01 2.41781406e+01 3.10207462e+01
    3.82438850e+01 2.58025646e+01 9.14172268e+00 2.34318657e+01
    2.17813358e+01 1.66636410e+01 3.41907959e+01 1.96570263e+01
    8.23015451e-01 2.77912140e+01 1.80337753e+01 2.95373154e+01
    3.39718399e+01 2.22314281e+01 5.39871979e+00 8.54639339e+00
    3.67370071e+01 2.74147587e+01 3.41541786e+01 9.50957298e+00
    2.33025913e+01 1.35653858e+01 6.53314209e+00 2.49288979e+01
    2.88261986e+01 2.68854885e+01 2.58797970e+01 3.69438057e+01
    3.70186005e+01 7.24191964e-02 2.41727600e+01 2.89737415e+01
    1.06667256e+00 3.36909828e+01 6.84030294e-01 1.26413698e+01
    3.26782188e+01 1.01542006e+01 2.79243684e+00 3.15265064e+01
    3.52215309e+01 1.30698671e+01 1.70463200e+01 3.01188316e+01
    3.92565689e+01 9.97414303e+00 9.57522869e+00 2.93549595e+01
    2.70302181e+01 9.50886822e+00 3.47476730e+01 2.06987419e+01
    2.23427391e+01 1.45126362e+01 3.01900363e+00 1.82349472e+01
    1.07165384e+01 3.15475674e+01 3.80118294e+01 2.49628592e+00
    1.83501072e+01 1.11166084e+00 2.23909340e+01 6.90246868e+00
    5.80014706e+00 2.39770189e-01 1.06544495e+01 2.11728821e+01
    1.65128269e+01 8.20744419e+00 3.23948631e+01 3.49890862e+01
    2.97431922e+00 2.69372749e+01 7.22969818e+00 3.44766693e+01
    1.82480812e+01 3.04402580e+01 3.95495262e+01 3.02211456e+01
    1.33248138e+01 2.70189342e+01 2.70654869e+01 6.59950113e+00
    2.25412731e+01 1.99721966e+01 6.26667500e+00 3.68570824e+01
    4.59175014e+00 1.69249105e+00 8.69045353e+00 5.74822664e+00
    7.03065729e+00 2.97587852e+01 7.97883606e+00 5.78426313e+00
    6.20092535e+00 4.78180790e+00 3.03435383e+01 1.59562273e+01
    1.19801579e+01 9.81840420e+00 2.72033596e+01 1.85358715e+01
    2.63504868e+01 1.57585287e+00 1.48791599e+01 2.11411362e+01
    3.01607571e+01 9.27778149e+00 7.81408215e+00 2.98359013e+01
    3.07859554e+01 2.05858192e+01 4.56689310e+00 2.37827320e+01
    1.33518763e+01 1.47189398e+01 1.54399700e+01 9.89642715e+00
    3.58313942e+01 4.42326880e+00 9.61278057e+00 3.50410309e+01
    2.95184784e+01 2.92208214e+01 1.47317028e+01 3.72958832e+01
    2.19395638e+01 3.78353043e+01 1.45110693e+01 3.09576111e+01
    9.45827675e+00 1.36398869e+01 2.70065880e+01 3.14559784e+01
    1.34705000e+01 5.21620989e+00 2.10413017e+01 1.29183197e+01
    1.69613285e+01 3.12222290e+01 5.93095732e+00 2.69118710e+01
    2.76947613e+01 2.95452614e+01 3.50475807e+01 1.05816031e+01
    2.16626797e+01 1.35887456e+00 1.97513390e+01 3.86029396e+01
    3.05004349e+01 1.37060432e+01 1.82438908e+01 3.57638626e+01
    7.67801094e+00 3.79996643e+01 3.00477791e+01 2.68278923e+01
    2.53420944e+01 3.26729279e+01 3.03044968e+01 1.18256969e+01
    1.35747519e+01 4.10702324e+00 2.62199154e+01 2.92493744e+01
    1.25809727e+01 2.47522182e+01 1.05145693e+01 7.36756706e+00
    3.94981270e+01 6.70022869e+00 1.85656738e+01 2.46220074e+01
    1.99913311e+01 2.06927299e+01 3.83430824e+01 2.76193714e+01
    3.80660286e+01 2.52545948e+01 1.32499313e+01 3.60624313e+01
    1.74593410e+01 8.87194729e+00 7.83687592e+00 3.39829674e+01
    1.42127967e+00 1.33728628e+01 2.82140083e+01 3.78141594e+01
    3.81939278e+01 1.15729694e+01 1.17666788e+01 2.68130255e+00
    2.95354996e+01 2.84491425e+01 3.14398727e+01 3.56257095e+01
    1.49877939e+01 2.08049870e+01 1.98329086e+01 3.94411736e+01
    9.08143902e+00 1.91359253e+01 5.30915976e+00 9.64565945e+00
    3.94148788e+01 1.00625343e+01 2.18598652e+01 4.59970140e+00
    3.18429623e+01 1.23312159e+01 2.35830545e+00 6.15222597e+00
    2.65320358e+01 4.53007555e+00 3.50492477e+01 7.99363470e+00
    1.74417973e+01 8.44856739e+00 3.83161092e+00 2.96095238e+01
    2.58439751e+01 9.52934456e+00 3.86685028e+01 8.04634380e+00
    3.61952248e+01 2.02249374e+01 1.01060991e+01 3.76595650e+01
    1.75652905e+01 3.68093224e+01 3.02238870e+00 1.85745609e+00
    2.36946354e+01 2.27799377e+01 2.20378647e+01 3.29752083e+01
    7.41567087e+00 1.79974403e+01 3.49498749e+01 3.80801659e+01
    1.43939810e+01 3.16592369e+01 2.09362411e+01 1.15766258e+01
    2.12557507e+01 2.21274967e+01 3.18369937e+00 3.78877258e+01
    3.93493118e+01 3.85270233e+01 2.40862865e+01 2.50482101e+01
    2.88707275e+01 1.85565338e+01 1.12027302e+01 2.54296303e+01
    7.87562943e+00 2.23184872e+01 2.33471394e+01 1.44275885e+01
    3.71114464e+01 2.48016472e+01 3.80149345e+01 1.29474659e+01
    2.62494240e+01 7.67572546e+00 2.40663357e+01 3.49759979e+01
    5.70490789e+00 2.33430386e+01 1.38287287e+01 3.39759483e+01
    2.96919403e+01 2.59797344e+01 2.71014118e+01 2.14922333e+01
    1.86686344e+01 2.19812069e+01 3.50910339e+01 2.28941174e+01
    7.63988543e+00 1.14916954e+01 5.79398775e+00 3.39506226e+01
    1.93745971e+00 8.34281063e+00 2.50230484e+01 4.09297276e+00
    3.19537106e+01 7.37072051e-01 3.46671600e+01 3.90336075e+01
    2.77072659e+01 4.95086527e+00 2.61004639e+01 2.49420700e+01
    7.52670193e+00 2.07261486e+01 2.76002846e+01 3.27930298e+01
    3.94654465e+00 2.35220375e+01 2.88695965e+01 2.08213162e+00
    2.44818115e+01 2.10537696e+00 1.70083103e+01 1.00289249e+01
    9.05313301e+00 3.55675926e+01 2.59874477e+01 2.20703621e+01
    1.67870655e+01 1.57197628e+01 3.15800171e+01 3.07576046e+01
    3.81464081e+01 1.63479023e+01 2.25232582e+01 3.68592987e+01
    1.04868031e+01 1.19208288e+01 1.96122208e+01 8.09449482e+00
    2.28096560e-01 3.60026855e+01 2.76437817e+01 2.04150772e+01
    3.92615738e+01 3.24896202e+01 2.86670990e+01 2.53861961e+01
    2.12904477e+00 2.13887539e+01 2.96185722e+01 5.56422615e+00
    3.81856308e+01 1.56684990e+01 3.02161083e+01 1.56337585e+01
    1.35311956e+01 1.41258183e+01 4.32853603e+00 2.86175137e+01
    7.69921064e+00 3.05780334e+01 5.95173025e+00 2.85650711e+01
    7.19487286e+00 1.87321911e+01 1.16935730e+01 3.93299599e+01
    1.38057766e+01 2.89219818e+01 3.57402382e+01 3.43869972e+01
    9.91864777e+00 5.28555012e+00 2.06616783e+01 6.52353907e+00
    3.74337883e+01 1.08479624e+01 1.02051401e+01 3.78014603e+01
    3.00686874e+01 1.28642778e+01 2.79928131e+01 2.29515228e+01
    8.18861198e+00 2.22604961e+01 3.33926315e+01 1.65672112e+01
    2.95790911e+00 2.73066826e+01 3.79160156e+01 5.25421906e+00
    2.70649891e+01 4.78018808e+00 1.20898819e+00 2.38575325e+01
    3.96795235e+01 1.77927136e-01 3.85209312e+01 1.88984852e+01
    1.05205479e+01 2.29520607e+01 2.27863140e+01 2.67453518e+01
    6.78802299e+00 2.54381008e+01 2.76743736e+01 1.75585690e+01
    3.88764191e+01 2.27467117e+01 2.45753517e+01 1.81115055e+01
    3.74217262e+01 1.40443230e+01 2.74764805e+01 5.72755241e+00
    1.11938896e+01 2.35577393e+01 2.35228653e+01 1.56250429e+01
    2.23919754e+01 3.19656506e+01 6.43626785e+00 4.93355274e+00
    1.39618177e+01 2.83339348e+01 3.96434479e+01 3.93390036e+00
    2.17752876e+01 7.93379974e+00 3.20630989e+01 2.62340336e+01
    2.94910049e+01 3.24167862e+01 4.84936810e+00 1.95158672e+01
    1.59043303e+01 7.61602640e+00 1.95694904e+01 7.05174351e+00
    1.83907146e+01 3.30081024e+01 2.23249874e+01 2.64644337e+01
    1.13149443e+01 1.60768604e+00 2.00164948e+01 3.21591492e+01
    3.37461166e+01 1.51074181e+01 7.06859052e-01 8.17424679e+00
    1.94336510e+01 2.36018486e+01 2.38299179e+01 2.08902538e-01
    2.61698456e+01 2.07360725e+01 6.98241186e+00 3.88811607e+01
    1.25064564e+01 2.18043900e+01 1.93489552e+00 3.12894325e+01
    3.80293808e+01 3.49029236e+01 3.90343513e+01 8.82961941e+00
    3.72326508e+01 1.14910746e+01 1.42125187e+01 2.86819515e+01
    1.47706485e+00 3.56486397e+01 2.02091026e+01 2.71329784e+01
    3.21788597e+01 2.16930447e+01 1.13138428e+01 8.59380245e+00
    8.74340534e+00 2.47419796e+01 3.07772923e+01 3.92759056e+01
    1.64613609e+01 2.59967937e+01 2.44518089e+00 5.54536438e+00
    3.60333595e+01 2.29724846e+01 1.49598932e+01 8.19990396e-01
    2.76307983e+01 1.24850798e+01 3.47078705e+01 3.89632416e+01
    2.20782757e+01 2.04198265e+00 1.81029396e+01 2.96978836e+01
    5.50734758e+00 6.12097692e+00 3.53307190e+01 2.76634407e+01
    2.73565426e+01 8.83955288e+00 1.51469364e+01 3.60887642e+01
    2.68814602e+01 6.99863863e+00 4.67367601e+00 1.38008394e+01
    1.62771816e+01 3.93125701e+00 3.18885098e+01 3.14067116e+01
    2.56867237e+01 2.84127402e+00 5.86487865e+00 1.63136215e+01
    2.47825756e+01 6.97640944e+00 8.70864868e+00 3.22979240e+01
    3.59936523e+01 2.85098133e+01 1.91420441e+01 5.71677589e+00
    1.86074486e+01 1.55605898e+01 1.83856964e+01 3.63933105e+01
    3.74336090e+01 1.88642025e+00 1.91407347e+00 1.27761717e+01
    5.10360765e+00 1.05751810e+01 2.90925579e+01 1.19507151e+01
    2.14053535e+01 2.79462795e+01 3.35055065e+00 8.51319790e+00
    3.01641064e+01 2.02732964e+01 1.97982705e+00 2.76136513e+01
    3.75213127e+01 9.78301048e+00 6.87644529e+00 1.04341707e+01
    1.75437279e+01 1.86573639e+01 1.62505512e+01 3.28301735e+01
    3.31302299e+01 8.60035229e+00 3.58004684e+01 1.31057796e+01
    2.48482323e+01 3.82999301e+00 2.28776646e+01 3.18920106e-01
    1.85034618e+01 3.25356293e+01 1.86390162e+00 2.62845554e+01
    2.25778866e+00 2.64041843e+01 6.40360594e-01 1.76713276e+01
    3.56660233e+01 6.76832724e+00 1.71110630e+01 1.88535843e+01
    3.84189516e-01 3.20888405e+01 3.88135834e+01 1.65526211e+00
    2.38823776e+01 1.40084686e+01 1.71452141e+01 3.84022665e+00
    3.08849430e+01 4.47004557e-01 8.56097043e-01 1.82636375e+01
    3.88788557e+00 1.75357094e+01 4.17685890e+00 3.88905945e+01
    8.63337040e+00 2.75671959e+00 1.58362598e+01 3.73383369e+01
    8.03188801e+00 3.77467766e+01 1.55312090e+01 1.70394058e+01
    9.65516281e+00 1.73584938e+00 1.06668892e+01 1.94653816e+01
    3.07010899e+01 4.49212170e+00 1.21984510e+01 3.25712738e+01
    2.72779427e+01 1.02318544e+01 2.96221428e+01 1.61591206e+01
    1.42931833e+01 2.49846935e+01 2.18381367e+01 1.93790932e+01
    3.02990103e+00 2.14674358e+01 1.36975498e+01 3.91520691e+01
    3.04245644e+01 1.68865356e+01 4.42994118e+00 1.76181145e+01
    1.49443855e+01 1.41944132e+01 4.18076992e+00 4.70734310e+00
    2.65423145e+01 2.28773708e+01 2.58530369e+01 3.41530876e+01
    3.35934486e+01 6.30308580e+00 1.75155373e+01 2.39446087e+01
    2.56181450e+01 1.45932570e+01 4.63323784e+00 3.00123215e+01
    3.68368950e+01 2.00950217e+00 1.42775116e+01 3.24788284e+01
    7.19779730e+00 3.23415604e+01 3.19158115e+01 1.96963902e+01
    1.75113678e+01 3.75324516e+01 2.72281480e+00 2.46674976e+01
    2.01958199e+01 6.86192703e+00 8.04483223e+00 3.53115540e+01
    9.77083969e+00 7.33727312e+00 1.20184422e+01 3.42554970e+01
    3.04503593e+01 3.06399384e+01 1.73687611e+01 3.23999100e+01
    2.87467098e+01 3.60646591e+01 3.52580681e+01 3.77710228e+01
    1.95758572e+01 4.64870834e+00 7.10513735e+00 3.64876976e+01
    3.78079453e+01 1.95026588e+01 5.76793146e+00 4.01149452e-01
    3.33344727e+01 3.93931770e+01 1.96139393e+01 2.06220531e+01
    2.54337959e+01 1.19081135e+01 3.04155846e+01 2.13139381e+01
    2.72085056e+01 2.51609669e+01 2.26073399e+01 2.30829639e+01
    2.29893532e+01 3.73563271e+01 2.75797443e+01 2.59284592e+01
    1.26251354e+01 3.42634926e+01 3.71813736e+01 5.41600180e+00
    2.49234123e+01 2.11802235e+01 3.85744667e+00 2.55420780e+01
    4.18019867e+00 1.41675329e+01 2.03968010e+01 1.24004042e+00
    1.61971836e+01 3.95534134e+01 7.89105511e+00 5.79096079e+00
    8.01547527e+00 3.33571267e+00 3.45224152e+01 2.94054127e+01
    1.39468451e+01 3.54394379e+01 2.47704182e+01 3.68836670e+01
    9.66974735e+00 1.12881594e+01 1.19061184e+00 1.23911886e+01
    8.99544811e+00 8.74277782e+00 2.73394604e+01 1.70024185e+01
    2.41678953e+00 3.67541122e+01 3.29785881e+01 2.73146152e+01
    7.97816801e+00 1.98736668e+01 5.32217550e+00 2.33951817e+01
    2.11689243e+01 2.36771145e+01 9.40737009e-01 3.13081608e+01
    1.38168001e+01 2.26699066e+01 3.90168571e+01 8.28136730e+00
    1.11885242e+01 1.33831501e+01 3.77525163e+00 3.28123474e+01
    1.83692932e+01 2.59859257e+01 3.67504845e+01 2.89532089e+00
    3.49029274e+01 1.88578057e+00 1.37074661e+01 1.97872486e+01
    6.70730257e+00 4.05126274e-01 1.38449268e+01 2.92498856e+01
    2.24995565e+00 2.12465525e+00 2.66873512e+01 3.91397438e+01
    2.55392742e+01 2.53394260e+01 1.63577805e+01 3.45057564e+01
    2.56762772e+01 2.24314117e+01 1.93101597e+01 2.20794411e+01
    1.34046602e+01 2.41428947e+01 4.00606346e+00 1.67503796e+01
    3.24839096e+01 4.06625938e+00 1.42946701e+01 1.59840832e+01
    1.37574120e+01 5.19973135e+00 4.68442440e+00 2.94327289e-01
    7.33029556e+00 2.36250153e+01 1.80827940e+00 1.27894087e+01
    2.26741676e+01 3.71629028e+01 1.42093620e+01 1.72125797e+01
    1.46571672e+00 1.20382977e+01 1.11344709e+01 3.05354328e+01
    1.41454515e+01 1.79734173e+01 3.84227943e+01 1.03844967e+01
    5.28496504e+00 2.30551739e+01 2.60198746e+01 6.56225157e+00
    3.67501030e+01 2.91883826e+00 3.36150436e+01 3.29230995e+01
    2.47560940e+01 2.88078518e+01 1.70421088e+00 3.00309696e+01
    1.74548702e+01 2.86715527e+01 7.41478634e+00 9.35940266e+00
    3.41330643e+01 3.85067825e+01 2.28417034e+01 8.02580640e-02
    2.96100674e+01 1.92818594e+00 2.99357777e+01 3.80360260e+01
    1.15986891e+01 2.30846939e+01 1.67946053e+01 8.42015457e+00
    2.17639179e+01 2.69705982e+01 2.54608841e+01 3.78989754e+01
    3.43615379e+01 1.49888868e+01 1.12302856e+01 9.03800869e+00
    3.30168610e+01 2.75187206e+01 7.81582212e+00 2.65292015e+01
    3.38624907e+00 8.85584736e+00 2.63306694e+01 2.27424774e+01
    5.68583107e+00 3.02075882e+01 9.75642872e+00 3.06108475e+00
    1.63795452e+01 4.89629936e+00 1.43417435e+01 3.33269787e+00
    1.21892757e+01 2.24032784e+01 1.03842354e+01 3.34988365e+01
    2.18093281e+01 2.04453449e+01 2.68838167e+00 1.39065266e+01
    5.70850945e+00 3.31263657e+01 4.12207031e+00 1.43541689e+01
    2.94023323e+01 6.62227821e+00 3.88752174e+01 3.63356743e+01
    1.70124984e+00 2.19004803e+01 2.33344436e+00 4.59574509e+00
    3.74388733e+01 1.34803543e+01 2.71228275e+01 2.28510952e+01
    2.32017460e+01 3.62213516e+01 2.33663826e+01 3.48130264e+01
    5.80117798e+00 3.87015343e+01 9.18080139e+00 3.76773605e+01
    6.30217171e+00 1.65783672e+01 1.22149029e+01 3.92904549e+01
    2.05803394e+01 1.56896963e+01 3.78362465e+01 2.11670780e+01
    2.90451641e+01 2.87237091e+01 1.41107690e+00 2.30919476e+01
    3.61980247e+01 4.95853901e+00 3.56365662e+01 2.38339462e+01
    1.07908173e+01 2.70967026e+01 2.86315966e+00 2.18688164e+01
    2.14040794e+01 3.64607658e+01 2.32377777e+01 3.16409321e+01
    3.14151688e+01 3.07738457e+01 1.21407957e+01 2.81712532e+01
    1.56027517e+01 2.17548027e+01 6.70383978e+00 5.95679712e+00
    3.65505867e+01 4.68218899e+00 8.44651508e+00 5.55228472e+00
    2.10138874e+01 3.09763374e+01 1.34354954e+01 1.97105503e+01
    4.05960512e+00 3.85574188e+01 1.05179605e+01 1.41405363e+01
    2.40260830e+01 1.01311312e+01 2.04861522e+00 2.56237984e+01
    2.42715702e+01 3.51448288e+01 9.05560207e+00 1.93264465e+01
    8.52556229e+00 3.11830378e+00 2.88408947e+01 1.93318403e+00
    1.57012529e+01 8.09721279e+00 5.29016972e+00 4.96425867e+00
    3.68219757e+01 6.89752293e+00 2.90799503e+01 2.03021914e-02
    3.34778099e+01 5.74530554e+00 3.35753555e+01 6.47449017e+00
    3.74863195e+00 1.05933199e+01 1.43797913e+01 1.49964514e+01
    3.90239677e+01 2.32615376e+01 1.44695425e+01 2.63690453e+01
    3.72902069e+01 2.77543068e+01 2.68773518e+01 3.24031487e+01
    2.30592728e+01 2.64820633e+01 3.30497513e+01 2.35877953e+01
    2.41293488e+01 1.00230427e+01 1.26338158e+01 3.53782501e+01
    3.11538792e+01 9.82248783e+00 1.19302349e+01 2.37163258e+01
    2.58703289e+01 2.09856949e+01 2.23336029e+01 1.56714630e+01
    1.37239494e+01 3.12849865e+01 2.56503463e+00 3.19686604e+01
    3.63943329e+01 2.43364086e+01 1.26835709e+01 3.39363022e+01
    2.38230019e+01 8.26212019e-02 3.49749184e+01 2.09067173e+01
    1.43320198e+01 3.80893288e+01 1.74651852e+01 1.14205861e+00
    2.00708542e+01 9.84113026e+00 2.89143429e+01 1.35376444e+01
    4.92863607e+00 3.16635361e+01 1.11642141e+01 1.65398560e+01
    1.74294436e+00 3.08747787e+01 4.27958441e+00 7.16775513e+00
    1.09791422e+01 2.70683432e+00 8.79148388e+00 1.09765968e+01
    1.20174398e+01 1.33753614e+01 6.56100464e+00 3.76759142e-01
    1.59767828e+01 2.16483269e+01 3.09867802e+01 3.18229523e+01
    2.38236694e+01 3.49405289e+01 2.39403772e+00 3.63741646e+01
    2.42552032e+01 8.06492519e+00 3.01013908e+01 3.35628357e+01
    9.78547096e+00 3.02179737e+01 9.99242973e+00 1.32732954e+01
    1.95067763e+00 1.91386867e+00 1.18259020e+01 6.49058723e+00
    3.58258705e+01 1.51164236e+01 3.44694290e+01 2.87941780e+01
    1.95109692e+01 6.99272394e+00 3.60340881e+01 3.54526258e+00
    9.43800658e-02 3.70163422e+01 2.58330975e+01 3.16348457e+01
    3.23190269e+01 9.88918400e+00 2.66585064e+01 1.77459564e+01
    4.75065613e+00 1.47381153e+01 3.15368729e+01 2.29246693e+01
    1.02202406e+01 5.25543571e-01 3.69151344e+01 2.37887268e+01
    2.05411110e+01 2.79201717e+01 1.17492361e+01 1.86495394e-01
    9.87018585e+00 1.44104643e+01 4.33502626e+00 2.00237694e+01
    9.24212074e+00 2.82970123e+01 3.17813754e+00 9.45430946e+00
    2.34843330e+01 8.43473816e+00 1.36153049e+01 1.78254490e+01
    6.79817629e+00 3.73711853e+01 3.92719955e+01 3.90440369e+01
    8.86542892e+00 3.89386292e+01 3.63233261e+01 2.20388198e+00
    1.06790323e+01 3.39640045e+01 1.33401451e+01 2.93881378e+01
    1.29327650e+01 2.82940369e+01 1.29637680e+01 2.17590427e+01
    2.40926037e+01 1.69857979e+01 2.43265953e+01 2.63820667e+01
    2.09789162e+01 2.58502922e+01 1.67352161e+01 6.54318273e-01
    1.99809971e+01 3.70587921e+01 3.63487206e+01 2.57735939e+01
    2.89280872e+01 4.74243432e-01 1.89576283e+01 3.38591881e+01
    1.35780561e+00 1.81749535e+01 3.78853340e+01 2.41219368e+01
    6.31161928e+00 1.68938217e+01 3.70344567e+00 1.88602867e+01
    2.95658131e+01 1.26820488e+01 2.35530415e+01 2.10658360e+01
    2.65938301e+01 1.58260024e+00 1.04589663e+01 3.33141174e+01
    2.65933285e+01 3.60900497e+01 2.68593502e+01 3.54207764e+01
    3.56473427e+01 8.99629784e+00 2.48178120e+01 2.75969372e+01
    3.96597433e+00 1.94118748e+01 3.46214485e+01 6.25039625e+00
    3.00709572e+01 1.46544495e+01 2.49305229e+01 1.48418484e+01
    2.67080784e+01 1.19987774e+01 2.79409866e+01 3.64375572e+01
    2.31792850e+01 6.45745611e+00 3.30808592e+00 4.52934694e+00
    5.38896990e+00 2.25513058e+01 3.67300453e+01 3.38210831e+01
    3.34806213e+01 1.87148170e+01 2.48056850e+01 1.64480228e+01
    3.39627171e+00 2.31921148e+00 1.00370054e+01 3.30291867e-01
    2.05297356e+01 1.47811193e+01 2.02147274e+01 1.15460653e+01
    1.40781784e+01 3.67398376e+01 3.69870338e+01 2.12308655e+01
    6.81282330e+00 2.19052849e+01 3.38153954e+01 2.72750225e+01
    1.86522560e+01 7.89078426e+00 2.92271366e+01 2.25408421e+01
    3.56793213e+01 2.35627728e+01 3.59543538e+00 2.96361523e+01
    7.01614475e+00 3.73845596e+01 3.76307755e+01 8.33461857e+00
    3.13032856e+01 3.79755440e+01 5.48320866e+00 2.63299732e+01
    3.26060677e+01 1.41118259e+01 2.83812103e+01 8.25557292e-01
    1.28492804e+01 2.99198227e+01 3.05198288e+01 1.99262390e+01
    1.70142365e+01 3.32256432e+01 4.42951441e+00 3.83462181e+01
    1.10961075e+01 7.95907211e+00 3.92478828e+01 8.86017323e+00
    1.22801864e+00 1.70044117e+01 2.38891010e+01 3.53209572e+01
    3.78976860e+01 6.13708258e+00 7.64617682e+00 1.58599062e+01
    8.78519917e+00 3.24637527e+01 1.82260227e+01 3.37762680e+01
    2.31301022e+01 8.36728954e+00 3.40210686e+01 1.66543083e+01
    2.12918682e+01 3.25005074e+01 1.46823483e+01 3.63106041e+01
    4.60664749e+00 3.80462914e+01 3.04567604e+01 1.20647373e+01
    2.48105564e+01 8.99480247e+00 3.59446716e+01 2.21896763e+01
    3.67373619e+01 3.08182316e+01 2.43758411e+01 1.16324129e+01
    1.94461479e+01 2.76347485e+01 3.61013675e+00 2.67837429e+01
    3.59700127e+01 1.62531967e+01 3.62807884e+01 1.58671656e+01
    1.01949768e+01 1.90164948e+01 2.64912510e+01 1.71818695e+01
    1.80114746e+01 2.79571095e+01 1.56467257e+01 2.88163452e+01
    3.52254791e+01 2.02944736e+01 1.53663549e+01 1.12655220e+01
    3.38561249e+01 3.14747219e+01 1.44563007e+00 2.31327190e+01
    1.06408548e+01 2.95731602e+01 3.07453365e+01 9.00468254e+00
    1.91302814e+01 9.42349625e+00 3.79126358e+01 1.98168411e+01
    1.15839243e+01 2.98228149e+01 3.79507828e+01 1.99763489e+01
    2.48036118e+01 2.19910030e+01 8.39743710e+00 1.21056318e+01
    2.94762993e+01 4.88014555e+00 2.41722832e+01 1.63089828e+01
    1.76872025e+01 1.49300659e+00 9.31169987e+00 2.70798702e+01
    4.67825079e+00 2.89414482e+01 2.76045132e+01 1.36393223e+01
    2.35896435e+01 6.29061604e+00 3.62283096e+01 3.83972664e+01
    5.64259768e+00 2.19321136e+01 2.07646255e+01 2.25326633e+01
    9.04776859e+00 1.58197155e+01 1.28908033e+01 2.98120995e+01
    3.58265839e+01 2.18283291e+01 8.40840626e+00 3.72269783e+01
    2.86025925e+01 3.91247416e+00 1.57762661e+01 3.82326388e+00
    3.94441910e+01 3.39394379e+01 1.94052086e+01 2.03000336e+01
    2.37466698e+01 2.53166561e+01 9.52991581e+00 1.36331117e+00
    2.89025116e+01 3.15660858e+01 2.01607761e+01 1.21206417e+01
    1.05366240e+01 8.54835606e+00 2.68048840e+01 3.58894768e+01
    1.37380085e+01 2.81022320e+01 2.82769051e+01 2.08016167e+01
    2.11996040e+01 3.49349060e+01 3.74658699e+01 3.59961777e+01
    7.58979511e+00 1.80810618e+00 2.15909109e-01 3.59428711e+01
    2.32976208e+01 3.96740112e+01 2.89691868e+01 1.46956474e-01
    3.40947151e+01 8.92476654e+00 2.83117523e+01 7.05478907e+00
    2.54376793e+00 2.47021084e+01 2.72216053e+01 2.72016296e+01
    3.22406654e+01 2.54026489e+01 8.93492985e+00 2.32958660e+01
    1.97867527e+01 2.28634300e+01 3.10747509e+01 3.26074905e+01
    3.29487228e+01 1.22353964e+01 1.49100027e+01 3.45084305e+01
    2.66974354e+01 3.06487484e+01 9.94555056e-01 1.97174263e+01
    2.27679682e+00 2.29820633e+01 2.38568039e+01 6.09861898e+00
    2.51149273e+01 2.68741512e+01 4.57340813e+00 3.01126804e+01
    3.03268089e+01 3.42045822e+01 3.01066761e+01 1.53134480e+01
    3.15744915e+01 2.08213120e+01 1.78113854e+00 8.87660861e-01
    1.71311989e+01 2.41387253e+01 2.67264652e+00 1.50334768e+01
    2.64742870e+01 2.69744701e+01 1.04177217e+01 1.00565491e+01
    1.53723612e+01 2.28640823e+01 1.35547695e+01 1.57437773e+01
    1.37807932e+01 2.92200394e+01 2.20185490e+01 1.08671827e+01
    3.55632668e+01 1.34698038e+01 2.63376999e+00 1.31893358e+01
    2.37333488e+01 1.39302654e+01 2.74065342e+01 3.34288979e+01
    1.41591654e+01 2.81362133e+01 7.03543282e+00 3.42523155e+01
    3.44745636e+01 2.34828854e+01 3.34467392e+01 3.46630783e+01
    5.16568947e+00 1.78596287e+01 1.44559040e+01 3.57008171e+01
    1.57815018e+01 3.49277039e+01 2.33554840e+00 3.92955542e+00
    3.76828156e+01 2.81362648e+01 8.53619099e+00 3.12869091e+01
    3.05562363e+01 3.68757401e+01 7.56132364e+00 2.84757309e+01
    1.13642782e-01 2.47507935e+01 2.14828014e+01 1.38530302e+01
    7.71720600e+00 1.41877766e+01 1.87569027e+01 3.20562553e+01
    1.10821733e+01 7.72328234e+00 3.54671326e+01 1.46196175e+01
    3.64498405e+01 3.75539169e+01 2.11649094e+01 3.71091232e+01
    2.22943268e+01 2.73447208e+01 4.55678511e+00 2.56843357e+01
    3.74259644e+01 1.41527529e+01 2.23837223e+01 1.60684986e+01
    4.72940540e+00 1.03225327e+01 2.22150269e+01 1.40557699e+01
    1.34160213e+01 2.62230396e+01 3.19955120e+01 7.04964876e-01
    3.22263741e+00 3.32993813e+01 2.48476162e+01 1.32888193e+01
    2.59538918e+01 7.72341347e+00 1.17867498e+01 3.91197815e+01
    1.51183977e+01 2.95602093e+01 3.80273094e+01 1.07342281e+01
    1.71129398e+01 2.78902483e+00 2.82503357e+01 3.54277687e+01
    1.62970524e+01 2.81835842e+01 4.33215857e+00 1.28079119e+01
    2.49567356e+01 3.49137726e+01 1.79282246e+01 9.61648881e-01
    9.92731571e+00 1.47367115e+01 1.34834976e+01 8.62796021e+00
    3.39618225e+01 3.71597977e+01 2.74281750e+01 3.57271481e+00
    2.17286021e-01 6.84820509e+00 5.94118214e+00 1.67805862e+01
    5.22443628e+00 1.93578281e+01 2.64311924e+01 2.08268585e+01
    2.61414413e+01 2.07570171e+01 3.14671173e+01 2.23092594e+01
    2.43552876e+01 3.42434845e+01 1.99448128e+01 3.43905945e+01
    1.54839239e+01 6.71483469e+00 3.69546204e+01 9.22705746e+00
    2.77999420e+01 9.48715591e+00 4.59494781e+00 5.15421104e+00
    1.67215424e+01 8.17094445e-01 2.84756362e-01 1.19892588e+01
    2.29572892e+00 3.33498268e+01 9.10669899e+00 2.01107330e+01
    3.91158409e+01 8.22450161e+00 2.97670422e+01 2.14652271e+01
    1.09443283e+01 2.71741219e+01 3.70300331e+01 3.85921097e+01
    3.53880620e+00 2.76759472e+01 3.05905972e+01 3.51834526e+01
    3.16855068e+01 3.11301117e+01 3.44258347e+01 5.35940552e+00
    6.17614746e+00 2.11750431e+01 3.00602169e+01 4.92190790e+00
    3.83740044e+01 1.29221964e+01 1.81234562e+00 1.15707598e+01
    1.29022446e+01 3.29589920e+01 1.98107853e+01 2.32740879e+01
    1.28989096e+01 2.05709991e+01 2.36409302e+01 6.80218506e+00
    3.25078201e+01 1.35655766e+01 3.35359612e+01 1.01519337e+01
    2.88775806e+01 1.70836985e+00 2.08307762e+01 1.18454087e+00
    1.15750856e+01 5.64015102e+00 2.28690834e+01 3.19294987e+01
    3.51529160e+01 2.93538723e+01 1.69793205e+01 1.79968872e+01
    4.22712040e+00 1.75292854e+01 3.89130402e+00 1.17920990e+01
    3.19735851e+01 2.85379868e+01 1.29124985e+01 2.47467442e+01
    3.86214027e+01 1.37914553e+01 3.76192169e+01 2.92054653e+01
    3.85408516e+01 2.86718769e+01 5.05020618e+00 5.02226967e-03
    3.51150703e+01 9.78432846e+00 3.34476585e+01 3.03368645e+01
    3.95360718e+01 3.01886520e+01 1.47240553e+01 5.57533681e-01
    9.64676380e+00 1.53035603e+01 3.25434380e+01 3.88665695e+01
    2.55513554e+01 8.90371037e+00 3.41645737e+01 3.35346069e+01
    2.61421623e+01 1.20991707e+01 1.69321442e+01 3.60150948e+01
    2.97421265e+01 1.36074409e+01 1.83832932e+01 1.32711258e+01
    1.29498091e+01 3.16491013e+01 1.74401970e+01 1.53954859e+01
    3.31949692e+01 2.09758587e+01 1.58610754e+01 3.54486237e+01
    1.33169489e+01 8.32168674e+00 3.10193005e+01 1.40193701e+01
    3.84575233e+01 1.96914577e+01 7.41384268e+00 3.41363487e+01
    3.10251751e+01 1.77062759e+01 8.90702724e+00 9.13492680e+00
    1.56947641e+01 1.19925809e+00 1.46186409e+01 3.50425377e+01
    2.61471291e+01 1.50406723e+01 2.57299995e+01 1.50524797e+01
    1.78029575e+01 2.49980774e+01 2.74665108e+01 3.01814022e+01
    1.26689339e+01 3.46848145e+01 7.34408140e+00 2.24180679e+01
    2.04219933e+01 2.75525818e+01 9.79819012e+00 2.83725681e+01
    2.64223838e+00 1.96990261e+01 6.67324400e+00 2.18917465e+01
    2.68764477e+01 2.96108150e+00 1.92037888e+01 3.54760399e+01
    1.76502533e+01 3.15183659e+01 3.29724808e+01 1.27522840e+01
    3.89766312e+01 1.89701672e+01 2.46642704e+01 2.85323372e+01
    8.09395504e+00 3.80018082e+01 8.19946861e+00 3.93147326e+00
    1.39132290e+01 2.97161026e+01 1.49705591e+01 8.83249950e+00
    4.03973341e+00 3.19996872e+01 3.36503448e+01 1.99294071e+01
    3.66786079e+01 4.32926130e+00 3.76798286e+01 1.09710703e+01
    5.16290665e+00 1.55325823e+01 2.88526592e+01 9.52838802e+00
    1.88141704e+00 1.90906258e+01 1.06019716e+01 1.67556591e+01
    2.92948875e+01 1.05048752e+01 3.55321960e+01 2.64850655e+01
    3.02068787e+01 3.20295792e+01 1.17002840e+01 2.64720917e+01
    1.21069956e+01 2.59372597e+01 1.52800522e+01 1.92514744e+01
    1.11296597e+01 9.56297278e-01 1.00554810e+01 1.55187435e+01
    2.74990406e+01 3.83040524e+00 3.58680267e+01 2.53495350e+01
    2.69132042e+01 2.92189941e+01 1.46264753e+01 8.97827053e+00
    3.86615410e+01 3.64813347e+01 1.54968185e+01 7.34289312e+00
    2.32900848e+01 2.85384159e+01 6.87939882e+00 1.08008709e+01
    8.35150599e-01 3.75560493e+01 2.19458103e+01 1.28056087e+01
    1.68198919e+00 8.01358128e+00 2.85234814e+01 8.38119888e+00
    1.54664526e+01 9.73756504e+00 3.81750870e+01 4.99706030e+00
    1.85690689e+01 8.51873970e+00 3.66308861e+01 3.21226234e+01
    2.13480034e+01 3.31919632e+01 2.99569263e+01 2.63491993e+01
    1.75720844e+01 1.97956123e+01 1.35728025e+01 5.08638287e+00
    8.22821045e+00 2.05495434e+01 2.38109455e+01 3.61160469e+01
    1.82262344e+01 3.13776970e+01 9.82618523e+00 1.91220455e+01
    3.93157845e+01 1.70861187e+01 8.01081371e+00 2.58413906e+01
    3.73929443e+01 2.18509007e+01 1.62246265e+01 7.40597057e+00
    1.97038323e-01 1.42729626e+01 3.94495773e+01 3.53427887e+01
    2.89776783e+01 7.80151987e+00 2.49082832e+01 3.14897060e+01
    2.37681198e+01 2.37194366e+01 3.28737793e+01 1.74158058e+01
    9.15091801e+00 1.87429752e+01 4.50787497e+00 1.08497124e+01
    2.42964859e+01 3.52000237e+01 3.06359596e+01 1.61829262e+01
    3.40091171e+01 3.50537586e+00 2.71422768e+01 7.05600595e+00
    2.41775570e+01 3.12137203e+01 1.80582161e+01 2.30644283e+01
    9.42881012e+00 1.11329212e+01 5.50998688e+00 1.27997732e+01
    2.06140976e+01 1.35103452e+00 1.86654053e+01 8.29093742e+00
    2.27705994e+01 1.81050739e+01 4.13248062e+00 3.55441208e+01
    1.58678904e+01 6.24425268e+00 4.46084559e-01 1.61782055e+01
    2.35673771e+01 1.83533516e+01 2.77778206e+01 1.20650635e+01
    2.76101131e+01 2.81861973e+01 7.86568356e+00 1.28251696e+01
    5.73413944e+00 3.61999817e+01 3.04000797e+01 2.97255459e+01
    6.85939693e+00 1.88385448e+01 1.48194733e+01 3.23939247e+01
    3.36555634e+01 2.68096199e+01 3.37415009e+01 2.69203377e+01
    1.03286743e+00 4.26054192e+00 2.15830364e+01 5.81821203e+00
    1.63597441e+00 1.95857918e+00 1.41026134e+01 2.61078243e+01
    3.89190984e+00 2.68994942e+01 1.03600588e+01 1.68081264e+01
    2.68745518e+01 8.94607162e+00 1.79412670e+01 5.16094685e+00
    9.53651619e+00 1.88552418e+01 8.26910114e+00 2.94317932e+01
    1.81399727e+01 1.54582844e+01 3.40000801e+01 7.52907157e-01
    2.50036659e+01 2.66484375e+01 6.14774084e+00 2.26518192e+01
    3.11252537e+01 5.13925076e+00 3.14577293e+01 3.04745483e+01
    2.70752659e+01 1.98298779e+01 1.97077084e+01 1.94539833e+01
    3.27040749e+01 3.35093079e+01 2.19583149e+01 5.95180082e+00
    3.60121765e+01 3.20580826e+01 7.79936790e+00 3.21165919e+00
    2.24720802e+01 2.53511333e+00 2.51158714e+00 1.37191191e+01
    1.64098632e+00 1.78564892e+01 3.91947861e+01 1.05386868e+01
    1.99832458e+01 3.44206657e+01 5.83134079e+00 3.68025551e+01
    2.05114498e+01 2.90430760e+00 3.27626777e+00 1.75805340e+01
    3.79016724e+01 2.46063404e+01 3.76658287e+01 3.15100842e+01
    9.09744549e+00 5.12570000e+00 3.59965134e+01 5.84605312e+00
    2.51514578e+00 3.36469002e+01 1.52645674e+01 4.62100172e+00
    1.69479504e+01 1.44141042e+00 3.47416534e+01 2.11064453e+01
    3.00613194e+01 1.40652571e+01 3.41657715e+01 9.10916042e+00
    7.41798258e+00 2.25860443e+01 8.38811684e+00 4.19072819e+00
    1.96022511e+01 6.73456478e+00 3.19715004e+01 2.96164532e+01
    6.67502975e+00 2.17378387e+01 2.95346355e+01 2.01012897e+01
    1.22310553e+01 3.92162743e+01 1.78981743e+01 3.16834621e+01
    1.39901648e+01 2.16417065e+01 1.09888048e+01 1.07548265e+01
    1.17600718e+01 1.25737753e+01 3.58207054e+01 3.30925560e+01
    2.67151966e+01 1.12682056e+01 2.65778351e+01 1.95849342e+01
    1.86742821e+01 1.01930656e+01 3.25828285e+01 1.96387997e+01
    8.76354885e+00 3.31698012e+00 1.90444164e+01 3.19588528e+01
    2.32477703e+01 1.39823761e+01 2.12728386e+01 4.03540993e+00
    3.17599945e+01 2.86230011e+01 2.59661407e+01 2.32783756e+01
    4.78510523e+00 3.86640320e+01 8.10297585e+00 2.75413494e+01
    2.61405029e+01 1.55158167e+01 5.29486084e+00 1.41124487e+01
    3.46033669e+01 1.23594208e+01 2.35349922e+01 1.22475004e+01
    3.68020744e+01 2.41876431e+01 2.75953045e+01 1.28659735e+01
    3.42511978e+01 7.53970480e+00 1.02087975e+01 3.69957695e+01
    3.51279373e+01 1.71174698e+01 1.34259615e+01 2.77271843e+01
    3.18375034e+01 1.35910082e+01 1.98430042e+01 1.05347271e+01
    2.20598259e+01 2.87388191e+01 1.06046429e+01 3.46488609e+01
    4.46277380e+00 1.60405426e+01 2.15665321e+01 2.81881905e+01
    3.57240334e+01 1.22929754e+01 1.55113802e+01 2.29456062e+01
    1.13108759e+01 2.10925922e+01 1.30161762e+01 1.57846241e+01
    1.67777002e+00 1.00520134e+01 2.30466671e+01 8.84346068e-01
    3.36795959e+01 2.34117279e+01 1.15717201e+01 3.67624283e+01
    1.21485300e+01 3.00136352e+00 8.04684925e+00 2.25788956e+01
    3.54415474e+01 4.84869862e+00 8.72679710e+00 3.41822815e+01
    3.90281944e+01 2.73426876e+01 1.34529171e+01 3.18982353e+01
    1.70478935e+01 3.60720329e+01 8.86693287e+00 3.32094040e+01
    3.08489265e+01 1.92208557e+01 1.43104210e+01 3.59557152e+01
    1.72296619e+01 2.32258949e+01 2.14717331e+01 2.99642162e+01
    9.48381519e+00 1.00427113e+01 1.31542854e+01 1.91464329e+01
    2.79228210e+01 3.84925728e+01 9.23515892e+00 1.33109140e+00
    5.48676550e-01 2.49376316e+01 2.54937291e+00 2.35784473e+01
    3.59336967e+01 2.85281634e+00 1.97934837e+01 2.98037815e+01
    2.40803947e+01 3.82983780e+01 2.62348728e+01 3.94194489e+01
    1.87864757e+00 2.89618988e+01 1.37469759e+01 2.92563744e+01
    3.21004181e+01 2.84928060e+00 3.13185101e+01 1.86074009e+01
    3.47799568e+01 2.58407764e+01 2.06046581e+01 2.90818596e+01
    1.18004971e+01 3.47679367e+01 8.45658493e+00 2.76155663e+01
    3.95299721e+01 2.92276192e+01 3.59793854e+01 3.15894623e+01
    3.73444366e+01 1.91088696e+01 1.17930145e+01 2.85049191e+01
    3.25399742e+01 1.36130495e+01 5.09056616e+00 2.99149017e+01
    2.46913242e+01 1.07448092e+01 3.07867050e+01 4.19152290e-01
    3.68579788e+01 2.56241760e+01 1.34267244e+01 3.21287651e+01
    2.61656642e+00 4.62469292e+00 1.37719593e+01 2.47512989e+01
    3.75201683e+01 2.97760582e+01 1.85223770e+01 1.43889151e+01
    4.57365751e+00 4.89921665e+00 2.63213825e+01 3.96925392e+01
    3.40711594e+01 2.46864433e+01 1.58327856e+01 2.98547134e+01
    3.12691250e+01 3.79232903e+01 3.93873482e+01 2.53553753e+01
    1.44562426e+01 2.30676842e+01 3.58224983e+01 2.36785717e+01
    4.60857439e+00 2.48063869e+01 2.69980836e+00 1.33019838e+01
    1.92855968e+01 3.48656006e+01 3.14738369e+01 3.13262234e+01
    6.23311806e+00 2.16472888e+00 3.57938194e+01 8.45822620e+00
    3.16336403e+01 1.14111252e+01 1.91490479e+01 2.60667248e+01
    1.85789645e-01 1.65785580e+01 3.83454018e+01 2.10380955e+01
    2.74257679e+01 3.93171082e+01 3.03181686e+01 1.35380471e+00
    2.45714836e+01 3.64910507e+01 3.11836472e+01 2.08738995e+01
    1.53395996e+01 1.09949112e+01 1.87816143e+01 1.61015511e+01
    2.46304226e+01 1.10838175e+01 2.54653625e+01 2.98350549e+00
    1.19552813e+01 2.59524384e+01 2.88433266e+01 2.76382370e+01
    5.47816896e+00 7.92858410e+00 1.56971340e+01 3.39255676e+01
    3.74543839e+01 1.12097950e+01 2.80080662e+01 3.63382645e+01
    3.21135559e+01 1.62411499e+00 3.92095718e+01 7.26985121e+00
    1.05042009e+01 1.83116093e+01 2.55792007e+01 2.80810757e+01
    1.91090145e+01 2.07905121e+01 2.80778046e+01 3.87241058e+01
    2.45631523e+01 1.92254944e+01 1.95291023e+01 1.63987579e+01
    5.25755262e+00 3.10331306e+01 3.30207765e-01 5.95110416e+00
    3.63290176e+01 3.01842380e+00 1.18138838e+01 9.44488645e-01
    7.65307236e+00 3.35780640e+01 1.65502524e+00 3.06995449e+01
    8.73404598e+00 1.53073540e+01 3.77374268e+01 3.18928337e+01
    5.93834209e+00 1.82297268e+01 4.97103739e+00 3.06037598e+01
    2.79094958e+00 3.50499332e-01 1.35647392e+01 2.56890640e+01
    2.54957027e+01 2.46132803e+00 3.86771355e+01 1.55645456e+01
    3.59884109e+01 6.30766487e+00 3.72130127e+01 2.74231319e+01
    2.73574638e+01 2.24822617e+01 3.57135582e+01 1.81530285e+01
    1.19468737e+01 5.76283360e+00 2.78303947e+01 1.01403017e+01
    8.20913410e+00 1.78706188e+01 1.23443663e+00 2.75064869e+01
    2.87837181e+01 1.03259487e+01 3.29463463e+01 5.57902527e+00
    2.38528404e+01 1.69381866e+01 3.69963951e+01 1.59778337e+01
    1.36845961e+01 3.45749168e+01 1.68914986e+01 1.46132956e+01
    1.18490772e+01 2.06570206e+01 5.40468836e+00 2.71317902e+01
    3.02161980e+01 3.09407597e+01 4.68176365e+00 9.64034438e-01
    3.47106857e+01 4.15291452e+00 1.82751675e+01 1.11920881e+01
    8.99026489e+00 2.91578617e+01 3.86480865e+01 4.13952446e+00
    8.05041504e+00 2.65735741e+01 1.83661022e+01 4.04206133e+00
    1.84402180e+01 1.32519836e+01 2.38878307e+01 3.53644753e+01
    2.26369171e+01 3.54618950e+01 1.36145496e+01 3.74109888e+00
    3.80428925e+01 1.55413580e+01 2.64985161e+01 3.48763885e+01
    6.21627383e-02 1.42793560e+01 1.72002506e+01 1.25000248e+01
    3.04095192e+01 1.97791824e+01 2.12208385e+01 1.16636782e+01
    1.10570173e+01 2.22329354e+00 2.17911377e+01 1.15133772e+01
    1.18311901e+01 8.37232971e+00 2.75935974e+01 1.25710001e+01
    1.09984856e+01 3.09028263e+01 3.54380150e+01 2.20323620e+01
    1.94571934e+01 2.00685863e+01 5.88390779e+00 3.31165199e+01
    1.38487682e+01 1.10636835e+01 3.08605080e+01 2.35769520e+01
    6.90582180e+00 3.33758888e+01 1.23289118e+01 1.04874344e+01
    1.05694904e+01 6.87947321e+00 3.84259567e+01 1.72020435e+01
    3.03106003e+01 3.30760193e+01 1.03815031e+01 2.28244781e+00
    2.46804848e+01 3.11406441e+01 4.06673717e+00 2.07212830e+01
    1.94906254e+01 3.90798492e+01 3.58559990e+01 2.54395809e+01
    1.56862917e+01 2.45274639e+01 1.47548580e+00 1.71399956e+01
    3.20273170e+01 4.86571360e+00 3.73862724e+01 1.63286915e+01
    2.18344593e+01 3.56764126e+00 1.12732239e+01 6.59116650e+00
    2.20302811e+01 3.16351771e+00 3.97569966e+00 6.85481215e+00
    3.95640717e+01 2.04377956e+01 7.74640179e+00 3.72901421e+01
    1.47657537e+01 2.77505722e+01 1.52484331e+01 5.53340387e+00
    8.11031532e+00 3.13464966e+01 2.92283688e+01 2.19850292e+01
    9.95820808e+00 5.87440491e+00 1.93536015e+01 1.22880173e+01
    1.42743530e+01 5.01191378e+00 4.44799376e+00 3.77579041e+01
    3.35628815e+01 1.45286713e+01 2.08584366e+01 2.06913433e+01
    7.52112818e+00 2.83437347e+00 2.33868861e+00 1.21799221e+01
    6.49960661e+00 1.47869225e+01 1.27931328e+01 1.09640703e+01
    2.34836245e+00 5.00870514e+00 1.73175316e+01 3.45678329e+01
    3.52952003e+01 1.02366486e+01 1.95250835e+01 2.28204060e+01
    6.96213245e+00 1.30842772e+01 7.01488733e+00 7.17391396e+00
    3.61943555e+00 2.18393116e+01 1.22033682e+01 1.58263731e+01
    1.38051462e+00 1.94547977e+01 2.79431725e+01 1.11981401e+01
    2.78872738e+01 3.73977470e+01 6.73267746e+00 1.02789059e+01
    8.79541302e+00 6.98691702e+00 2.39531059e+01 3.26587639e+01
    2.62017307e+01 7.85846806e+00 3.01985741e+01 4.50552797e+00
    2.34799709e+01 2.79217358e+01 2.55587368e+01 3.26153946e+00
    3.42584763e+01 3.80787926e+01 1.32506638e+01 2.30411282e+01
    4.12112713e+00 3.93951263e+01 3.94414444e+01 2.47100201e+01
    2.95527401e+01 3.75205154e+01 2.57554035e+01 8.87738323e+00
    1.05211821e+01 3.66268654e+01 6.99982214e+00 2.30666275e+01
    9.64239419e-01 2.69256172e+01 2.65284023e+01 2.97636738e+01
    2.23429775e+01 2.20504513e+01 1.24327002e+01 2.68274422e+01
    6.50153828e+00 1.87878025e+00 1.36339724e+00 1.45548582e+01
    2.88878860e+01 2.60621262e+01 1.04245148e+01 6.11568975e+00
    3.19663010e+01 7.56885862e+00 5.54220915e+00 5.11563730e+00
    1.88813477e+01 4.90015745e+00 1.37166023e+01 2.13787594e+01
    1.85174966e+00 1.97406464e+01 3.49547424e+01 9.94691253e-01
    1.28150177e+01 3.36683998e+01 2.25777760e+01 1.59599495e+01
    2.23128624e+01 1.89375138e+00 2.98182106e+01 2.89509239e+01
    1.10502529e+01 2.79338627e+01 3.75110855e+01 2.22861080e+01
    3.30788460e+01 2.21912193e+01 3.52010989e+00 1.30821381e+01
    2.47787914e+01 2.24875240e+01 1.86125889e+01 2.22502861e+01
    2.09292469e+01 3.48636551e+01 2.82735386e+01 2.87440643e+01
    1.53253279e+01 2.41000614e+01 1.85293999e+01 1.40410967e+01
    2.36041565e+01 2.66066074e+01 1.60665283e+01 2.27837448e+01
    3.50143356e+01 1.06203241e+01 3.81746788e+01 2.78619270e+01
    8.31772900e+00 2.99549294e+01 3.59318657e+01 1.84367409e+01
    5.93524981e+00 1.69456635e+01 2.16714306e+01 2.43678207e+01
    1.96283913e+01 1.71955872e+01 1.06636362e+01 2.84186497e+01
    2.47407990e+01 8.06089973e+00 3.83332253e+01 2.31930408e+01
    2.99023342e+01 2.56542225e+01 3.78243256e+01 5.69601536e+00
    3.45165367e+01 1.62596684e+01 3.79348640e+01 3.09641666e+01
    2.50703907e+01 2.78434563e+01 1.10421371e+01 6.66595757e-01
    3.66755180e+01 5.76507998e+00 2.20017853e+01 2.17293148e+01
    3.81781082e+01 1.47964306e+01 8.14258862e+00 2.38483963e+01
    1.33245096e+01 2.59323654e+01 3.31933136e+01 7.72810268e+00
    1.38011444e+00 2.16356492e+00 9.32482660e-01 2.72818718e+01
    2.80202907e-02 3.19918461e+01 8.05389595e+00 2.36566329e+00
    1.91834221e+01 3.36643181e+01 2.85633812e+01 1.80075092e+01
    3.00085354e+01 3.15815601e+01 2.30303154e+01 2.06306763e+01
    5.97623050e-01 9.96775627e+00 3.95399628e+01 2.65265656e+01
    2.83364725e+00 1.55307007e+01 9.23699665e+00 2.90103073e+01
    1.96649704e+01 2.32361722e+00 3.31166153e+01 3.30213470e+01
    1.43833599e+01 9.69326687e+00 8.81887531e+00 7.89253902e+00
    1.82273750e+01 3.66681213e+01 1.11618261e+01 1.10889235e+01
    3.25805359e+01 1.57300854e+01 1.10647011e+01 1.42004652e+01
    1.50442801e+01 2.30768204e+01 3.72549553e+01 3.93942566e+01
    3.58193169e+01 3.42756042e+01 2.01837234e+01 2.14083195e+01
    2.68661442e+01 1.34215231e+01 1.13989592e+01 1.90325279e+01
    1.05307846e+01 7.08664179e+00 1.27849493e+01 2.64347515e+01
    1.66276875e+01 3.36575356e+01 6.19491386e+00 3.65654297e+01
    1.69770184e+01 2.82093143e+01 3.22255058e+01 2.46640034e+01
    2.53107395e+01 5.24679327e+00 1.21180286e+01 5.91727734e+00
    3.17233334e+01 3.30700188e+01 3.79746437e+01 1.12151318e+01
    1.19113665e+01 2.10382881e+01 3.91966133e+01 1.32641287e+01
    3.89977150e+01 1.39972162e+01 3.50489388e+01 1.39133906e+00
    6.33999634e+00 2.72176800e+01 3.52969856e+01 3.21532822e+01
    2.22133236e+01 2.27298717e+01 2.83229370e+01 3.43757172e+01
    2.92989216e+01 2.20415726e+01 3.27637901e+01 2.67061424e+01
    6.25480223e+00 2.02869625e+01 3.07970963e+01 2.06344776e+01
    3.72538455e-02 7.09544086e+00 3.79422684e+01 1.24083233e+01
    3.49293556e+01 2.48391590e+01 7.21576262e+00 6.97403336e+00
    1.38689184e+01 1.08093824e+01 9.66592312e+00 1.72100410e+01
    2.71136589e+01 3.19839687e+01 2.03015289e+01 1.28141661e+01
    2.55275841e+01 2.04671021e+01 4.82077628e-01 1.75360641e+01
    1.84957466e+01 2.68682289e+01 1.08416786e+01 1.20887680e+01
    3.24694176e+01 2.20876369e+01 2.30332069e+01 2.49984245e+01
    3.25262451e+01 1.85451794e+01 1.96742427e+00 3.12624893e+01
    1.17747335e+01 7.95976400e+00 8.62034988e+00 3.40773201e+01
    1.90859108e+01 3.78258171e+01 1.68165092e+01 2.07387581e+01
    5.02507448e+00 7.61793926e-02 2.02101498e+01 2.72274017e+01
    1.00288715e+01 2.87297306e+01 2.67260914e+01 2.73115063e+01
    1.17958956e+01 2.58758373e+01 2.49754505e+01 3.00342045e+01
    3.26498337e+01 3.28061829e+01 2.90130329e+01 3.28959732e+01
    1.55672252e+00 8.89769745e+00 1.55979338e+01 1.37100582e+01
    2.27992973e+01 1.72840004e+01 3.39010773e+01 1.66051579e+01
    6.22936726e-01 3.33341217e+01 1.00462568e+00 2.12517471e+01
    1.20286989e+01 3.27071762e+01 3.32090950e+01 6.48127460e+00
    1.03686495e+01 3.68663139e+01 1.47990799e+01 3.13571930e+01
    7.81002045e+00 1.12854853e+01 1.22922544e+01 1.81720791e+01
    1.55150776e+01 2.03800564e+01 3.04915657e+01 2.54989109e+01
    1.72534256e+01 2.45482960e+01 3.49361420e+00 2.12876472e+01
    1.69860001e+01 9.38159466e-01 1.14062614e+01 5.99129295e+00
    1.17884159e+01 2.14710865e+01 2.07188320e+01 1.16454756e+00
    2.43921566e+00 2.64225388e+01 5.90915871e+00 3.44835243e+01
    2.46397820e+01 2.42306557e+01 3.21593552e+01 1.92519169e+01
    1.76601086e+01 1.36328163e+01 3.81728363e+01 1.17804251e+01
    3.61061058e+01 2.12051010e+01 3.88942375e+01 3.76061897e+01
    3.90456276e+01 3.02958155e+00 6.71942568e+00 2.66304760e+01
    1.26303148e+01 1.32071962e+01 3.27550316e+01 1.50482178e+01
    1.87414742e+01 2.75101395e+01 1.68046837e+01 2.74846822e-01
    2.32424564e+01 3.72233124e+01 2.36896000e+01 7.49378252e+00
    1.36978264e+01 1.12739153e+01 3.81947899e+01 1.87850037e+01
    3.58901062e+01 2.96532803e+01 2.55852489e+01 2.65751534e+01
    2.46128635e+01 2.55695229e+01 2.21163902e+01 3.80728602e+00
    2.67785912e+01 1.63311253e+01 1.72777100e+01 1.14781942e+01
    1.66770000e+01 1.66329460e+01 3.12493801e+01 1.36729610e+00
    3.86657071e+00 3.96557083e+01 2.89514732e+01 1.20145512e+01
    3.11017456e+01 7.97355843e+00 1.40534534e+01 3.30690842e+01
    2.90402794e+00 1.40623436e+01 1.72560158e+01 3.53100281e+01
    2.00911388e+01 3.72669334e+01 7.34470367e+00 1.99365120e+01
    3.87039299e+01 2.09403763e+01 2.91497784e+01 9.64140129e+00
    2.10995693e+01 1.23882751e+01 3.53781962e+00 2.59152241e+01
    1.69194889e+01 3.25314407e+01 3.03307762e+01 2.82421169e+01
    2.68687363e+01 2.34835148e+01 1.56277647e+01 3.01115036e+01
    3.61016083e+01 6.48622274e-01 3.00713959e+01 1.03865099e+00
    1.96544552e+00 2.77413635e+01 1.71545963e+01 6.81513309e+00
    1.41669111e+01 3.01577568e+01 3.75767708e+01 1.63653946e+01
    8.94944954e+00 1.15124111e+01 2.26382332e+01 2.36423378e+01
    9.47360039e+00 7.96634579e+00 2.01268044e+01 1.47333031e+01
    1.10234795e+01 2.49027119e+01 1.48291864e+01 1.07640305e+01
    2.83043213e+01 3.92425652e+01 5.91791980e-02 3.72370338e+01
    2.30281830e+01 2.52345695e+01 3.56214180e+01 1.76839161e+01
    3.50603175e+00 3.58170204e+01 1.59653616e+00 3.28671722e+01
    3.41103816e+00 2.92539520e+01 3.18718414e+01 3.17773457e+01
    1.36017609e+01 1.05082483e+01 1.37358303e+01 3.10584145e+01
    3.02585449e+01 3.41200981e+01 8.93906307e+00 2.16682434e+01
    3.70392380e+01 3.86601143e+01 3.86294975e+01 1.63604927e+01
    2.65153790e+00 7.36122656e+00 3.22475891e+01 1.05079689e+01
    6.63050413e+00 2.05779343e+01 1.91736698e+01 1.79065571e+01
    2.11237583e+01 5.59272575e+00 3.54998589e+01 2.93493443e+01
    2.12444067e+00 3.06796265e+01 1.12617445e+01 1.41958208e+01
    2.53104305e+01 8.61229300e-01 1.65248585e+01 3.17403316e+01
    2.14914780e+01 1.69128342e+01 3.76723595e+01 3.54802742e+01
    2.42113037e+01 3.88574944e+01 6.46175432e+00 2.61271439e+01
    1.92183552e+01 2.85327435e+01 2.67844391e+01 3.42036843e+00
    3.61992912e+01 2.84020786e+01 1.22684755e+01 1.08621931e+01
    2.24620037e+01 2.27090664e+01 1.23549128e+01 1.13428440e+01
    2.96467876e+00 6.34083462e+00 2.81050911e+01 3.57492447e+01
    2.51480842e+00 3.87282143e+01 2.90042667e+01 9.07756984e-01
    3.86404762e+01 4.58766651e+00 2.77169456e+01 1.71222038e+01
    2.12450457e+00 3.27622566e+01 6.33032322e+00 1.68822050e+00
    1.53940737e+00 1.81100674e+01 2.49968510e+01 2.67927685e+01
    2.37210503e+01 2.79415665e+01 3.45052376e+01 3.25419927e+00
    2.13052197e+01 1.25588303e+01 1.96406059e+01 2.15563984e+01
    2.67704697e+01 2.16357079e+01 3.21966019e+01 1.47991228e+01
    2.42361832e+01 2.09072533e+01 2.37739677e+01 2.18605099e+01
    1.66603775e+01 1.63673496e+01 3.10197659e+01 2.50394745e+01
    7.06209707e+00 1.94698009e+01 8.96608904e-02 2.50734463e+01
    3.22002220e+01 3.32296181e+01 3.09450455e+01 2.53518963e+00
    3.05673294e+01 3.60402756e+01 1.76050262e+01 3.50682678e+01
    4.52037287e+00 3.43660088e+01 2.22014027e+01 2.16707039e+01
    2.67917595e+01 2.71793480e+01 7.50105000e+00 3.34668617e+01
    3.03478107e+01 1.83453667e+00 2.86532345e+01 1.25698795e+01
    3.75539055e+01 3.59212990e+01 4.53325653e+00 2.34533100e+01
    2.09639091e+01 1.52846479e+01 3.57751122e+01 1.05818379e+00
    1.99575214e+01 8.28991222e+00 1.91729126e+01 3.76669617e+01
    3.76530952e+01 3.39441609e+00 1.44413071e+01 1.34610615e+01
    3.62832489e+01 2.86808910e+01 8.32590294e+00 3.68523026e+01
    1.22880726e+01 2.25996170e+01 1.88786964e+01 2.71783409e+01
    3.04126892e+01 2.86422844e+01 3.36499672e+01 1.85045834e+01
    2.32921371e+01 1.00625143e+01 2.50053940e+01 1.60522251e+01
    2.02034492e+01 1.12310133e+01 2.22426643e+01 2.72929230e+01
    7.95991755e+00 5.70817041e+00 2.64090687e-01 2.13869858e+01
    3.37396741e+00 1.51001472e+01 1.87360325e+01 1.48225727e+01
    3.67529945e+01 2.86785717e+01 8.13545418e+00 1.07052994e+01
    2.58224831e+01 2.61857185e+01 3.22180595e+01 2.56140041e+00
    2.03510170e+01 8.56933784e+00 6.14003420e+00 3.33811264e+01
    3.81724586e+01 2.55873375e+01 6.14602041e+00 1.04986668e+01
    1.42252665e+01 2.22721443e+01 3.75040741e+01 8.31314754e+00
    3.21736336e+01 3.14615746e+01 3.28029490e+00 1.85289402e+01
    2.67775803e+01 2.32614861e+01 1.73587990e+01 2.17741337e+01
    2.32428932e+01 4.60652065e+00 3.96542816e+01 3.15857868e+01
    5.96267033e+00 3.05669250e+01 3.86918564e+01 2.33683262e+01
    1.67750092e+01 1.16182518e+01 1.18583565e+01 2.88396573e+00
    6.16689682e+00 3.82778816e+01 2.90654278e+01 8.82605648e+00
    1.01852360e+01 1.42150183e+01 2.62594414e+00 3.43647614e+01
    3.76687393e+01 2.17113972e+01 6.84301519e+00 3.66329880e+01
    6.31842518e+00 3.05605659e+01 3.36001015e+01 7.95763493e+00
    2.17393684e+01 3.21056061e+01 1.18330021e+01 3.05023079e+01
    3.30212669e+01 5.27782345e+00 1.76321983e+01 3.16423435e+01
    2.91848240e+01 6.31496334e+00 2.47878551e+01 2.94298592e+01
    1.11240511e+01 1.58193445e+01 2.23696575e+01 2.59041538e+01
    2.27218208e+01 1.81002483e+01 1.59068270e+01 1.27587824e+01
    3.34696808e+01 2.52802258e+01 1.13935928e+01 3.35999908e+01
    2.90646496e+01 2.12736588e+01 5.55054379e+00 1.34388332e+01
    7.05319452e+00 2.42306156e+01 2.05816536e+01 7.31870127e+00
    3.81661873e+01 3.43274841e+01 2.13665504e+01 1.13689928e+01
    3.30454559e+01 8.40226269e+00 1.95309772e+01 9.94732189e+00
    3.94619370e+01 1.93940144e+01 2.88913155e+01 9.05741787e+00
    4.72906733e+00 7.78630257e+00 1.96621857e+01 1.18283329e+01
    3.51809540e+01 3.09476910e+01 2.77641563e+01 1.51507883e+01
    1.00617123e+01 2.08529282e+01 3.38493195e+01 2.61631222e+01
    2.00650635e+01 3.14146194e+01 2.88679767e+00 8.80789852e+00
    5.33815622e-01 2.73871021e+01 1.60065899e+01 2.15886402e+01
    1.44094706e+01 1.72692413e+01 3.42397041e+01 8.66571426e+00
    2.49231014e+01 2.07473888e+01 2.49675846e+01 3.93935280e+01
    3.25188103e+01 5.67953348e+00 5.22659349e+00 1.90526237e+01
    1.95581472e+00 1.09925671e+01 3.81612701e+01 1.80369930e+01
    1.36549444e+01 1.99181786e+01 9.23212171e-01 6.77926445e+00
    3.25129929e+01 1.53627529e+01 1.94719791e+01 2.56392784e+01
    2.63204250e+01 2.48810940e+01 2.51927528e+01 4.83624840e+00
    9.83722782e+00 1.32657633e+01 2.49176865e+01 2.78524685e+01
    3.09279461e+01 7.26351833e+00 3.93630371e+01 1.13128281e+01
    3.12981510e+01 1.84060516e+01 1.11193790e+01 2.06905818e+00
    1.70495415e+01 2.63924370e+01 1.56233606e+01 4.05387259e+00
    2.38707886e+01 3.68641586e+01 1.12744190e-01 2.10522900e+01
    2.08550034e+01 9.17403793e+00 1.89153614e+01 1.82778130e+01
    7.83517981e+00 3.64021873e+01 3.17152634e+01 1.12269630e+01
    2.92609863e+01 2.98965874e+01 3.88697739e+01 3.15452290e+01
    1.57852468e+01 3.64208298e+01 1.84952507e+01 3.09683895e+01
    1.08646317e+01 3.00135632e+01 1.48101721e+01 2.80684261e+01
    1.47392454e+01 1.03538361e+01 2.61401005e+01 3.53378487e+01
    2.02439308e+01 3.11900806e+00 3.15018196e+01 2.15404053e+01
    1.65843105e+01 1.13231592e+01 4.82018352e-01 9.59031868e+00
    2.92096577e+01 1.43171310e+01 1.21672239e+01 1.46274042e+01
    2.82914658e+01 1.81687031e+01 3.38930626e+01 9.35713577e+00
    1.69413700e+01 9.58960438e+00 3.86143913e+01 1.16018400e+01
    3.52324829e+01 2.81834812e+01 1.15330849e+01 3.45473518e+01
    1.84139347e+01 7.43856049e+00 3.84558334e+01 2.88993263e+01
    3.11368084e+01 2.20801430e+01 6.59943199e+00 1.77526875e+01
    3.50951934e+00 3.08594761e+01 9.85295773e+00 3.08802853e+01
    3.25318413e+01 3.29086075e+01 4.27423191e+00 1.94433994e+01
    3.05666523e+01 1.00364580e+01 1.62208045e+00 3.96079903e+01
    8.63245726e-02 2.30586834e+01 2.32338581e+01 1.66551037e+01
    2.18528366e+01 1.43105879e+01 1.69558544e+01 2.35370464e+01
    1.45349970e+01 2.90286407e+01 4.11038780e+00 2.42868061e+01
    3.19371681e+01 1.17441454e+01 9.37258720e+00 3.61202545e+01
    2.42004242e+01 2.65722828e+01 3.89746017e+01 2.57570000e+01
    1.64431782e+01 3.10195656e+01 3.74398308e+01 3.95771484e+01
    3.88049006e+00 1.29229259e+01 3.75739441e+01 5.01562357e+00
    3.22860211e-01 5.61852634e-01 3.15414219e+01 3.81941948e+01
    2.32993698e+01 2.59393063e+01 6.69688940e+00 4.21967745e+00
    3.12880859e+01 3.50478096e+01 2.51826096e+00 5.37766266e+00
    1.28735170e+01 3.17386932e+01 1.59712906e+01 3.47859077e+01
    1.22597456e+01 3.35631638e+01 3.96864281e+01 2.86453266e+01
    2.97915249e+01 3.61013451e+01 2.07780838e+01 3.46432514e-02
    2.70733395e+01 2.48981857e+01 2.54717960e+01 2.03817329e+01
    2.06656189e+01 1.22535381e+01 4.00982904e+00 1.23092327e+01
    3.12699776e+01 2.61615429e+01 3.81573563e+01 1.78420830e+01
    3.10053387e+01 3.29548073e+01 1.88760605e+01 2.67002449e+01
    2.05120163e+01 1.97652969e+01 1.92724953e+01 3.46732445e+01
    3.86997566e+01 1.75371552e+01 1.65744572e+01 3.46717224e+01
    9.61614990e+00 2.96213093e+01 1.42983685e+01 1.89204483e+01
    1.51787319e+01 2.37961292e+00 2.14757290e+01 1.14716148e+01
    1.72178650e+01 3.01459751e+01 1.72475758e+01 3.03553696e+01
    5.12958670e+00 1.04444695e+01 3.68451233e+01 2.63241825e+01
    1.09512262e+01 2.69167709e+01 1.69181347e+01 2.07159157e+01
    1.44896727e+01 1.83468513e+01 3.79291916e+01 2.23078938e+01
    3.09977837e+01 2.95139294e+01 7.64137030e+00 2.42196407e+01
    3.12208824e+01 2.29514828e+01 2.71297741e+00 1.13094530e+01
    6.56486702e+00 2.83345528e+01 2.66268864e+01 5.87913847e+00
    3.04914112e+01 3.58371735e+01 1.72745228e+01 1.55807102e+00
    3.86994171e+01 3.86400070e+01 3.20638809e+01 3.27104034e+01
    2.73558903e+00 2.15050678e+01 3.78450470e+01 8.05628490e+00
    3.02431927e+01 1.60563679e+01 1.73065968e+01 2.75200672e+01
    3.77528000e+01 1.29293871e+01 2.94587460e+01 3.82314229e+00
    1.57131739e+01 3.15516472e+01 8.59298038e+00 1.54010713e+00
    3.63423691e+01 1.49429884e+01 1.51608562e+01 2.39633808e+01
    2.99660988e+01 2.86641178e+01 2.42541466e+01 3.59352303e+00
    9.73946762e+00 1.89490089e+01 2.43401947e+01 1.20891676e+01
    2.10207901e+01 1.19742384e+01 3.36705093e+01 2.84813519e+01
    1.80505905e+01 1.64043598e+01 3.96276932e+01 3.72892113e+01
    2.23686295e+01 1.95648422e+01 3.07071915e+01 3.50649261e+01
    2.41838837e+01 2.20510921e+01 1.60077343e+01 2.68604207e+00
    3.01964855e+01 3.22666969e+01 1.91689129e+01 3.19327679e+01
    2.65279121e+01 3.89651222e+01 1.74380665e+01 2.01943779e+01
    1.75493488e+01 2.97187538e+01 4.77824306e+00 9.07565415e-01
    3.82399445e+01 3.81246872e+01 1.58273201e+01 9.82107162e+00
    2.68838062e+01 7.23189831e+00 2.93503304e+01 5.81882417e-01
    3.82956619e+01 8.64908886e+00 8.17302895e+00 3.83706284e+01
    3.24897957e+01 6.72854233e+00 3.73082237e+01 1.10937500e+01
    1.27736349e+01 2.57749119e+01 2.61523666e+01 1.91320896e+01
    2.38613091e+01 8.74657154e+00 2.69052124e+01 3.39559631e+01
    2.39862175e+01 6.35342216e+00 2.42754803e+01 3.29992065e+01
    1.82649117e+01 2.89692421e+01 3.61571083e+01 2.07895222e+01
    2.77542801e+01 2.00076282e-01 9.14998722e+00 2.71564026e+01
    2.56800613e+01 1.33933270e+00 2.13234348e+01 1.50314367e+00
    3.07850208e+01 2.85420341e+01 2.30008769e+00 2.37465992e+01
    1.19503164e+01 1.44787903e+01 3.55173302e+01 3.86475296e+01
    2.46845951e+01 1.83224125e+01 5.07190657e+00 2.33363895e+01
    2.72454548e+01 1.67160034e+00 2.78964005e+01 3.66471977e+01
    1.44069366e+01 9.98318481e+00 1.42597790e+01 3.53345609e+00
    1.33400192e+01 5.84402084e+00 1.34707937e+01 3.72073212e+01
    1.69311085e+01 1.83867512e+01 2.92683239e+01 9.55140400e+00
    3.95051842e+01 2.18730049e+01 5.99543619e+00 1.35111504e+01
    3.46835060e+01 1.31797361e+01 4.02641773e+00 1.99858150e+01
    1.10810785e+01 3.59111977e+01 3.23261757e+01 1.61732273e+01
    3.05085106e+01 1.36561089e+01 8.32295799e+00 2.49679928e+01
    2.93970470e+01 4.48312807e+00 2.98917656e+01 1.89151382e+01
    2.99343204e+01 2.05650978e+01 6.23863792e+00 2.74291439e+01
    3.14880009e+01 2.96217403e+01 1.01991663e+01 6.25256920e+00
    3.75555191e+01 3.08113918e+01 1.41483843e+00 2.94801559e+01
    3.65310478e+01 1.27413425e+01 2.78776741e+01 3.10630131e+01
    6.60897255e+00 3.23498039e+01 2.21077805e+01 3.60099983e+01
    1.51157427e+01 3.19478626e+01 1.86888561e+01 5.67956161e+00
    2.71371901e-01 3.78677025e+01 2.37213898e+01 2.16363106e+01
    2.42900696e+01 1.14137630e+01 3.67094345e+01 1.17077599e+01
    1.73413162e+01 2.72446823e+01 2.41467133e+01 3.16701298e+01
    3.15253277e+01 3.75192719e+01 3.81432953e+01 2.78582954e+01
    8.06560993e-01 3.81003685e+01 1.48187590e+01 3.70062714e+01
    2.79745464e+01 3.53851967e+01 2.51461239e+01 1.76235218e+01
    2.90716553e+01 2.20746918e+01 7.26862288e+00 6.20301342e+00
    3.83811607e+01 1.71149845e+01 1.23559475e+01 2.62133121e+01
    3.93448181e+01 2.05015644e-01 3.55979195e+01 1.62298908e+01
    3.03029709e+01 6.20308065e+00 1.12684956e+01 1.11474771e+01
    1.27565422e+01 1.98384743e+01 2.64587917e+01 1.48526649e+01
    3.14644070e+01 1.84661508e+00 2.14996700e+01 1.32576981e+01
    3.93563194e+01 1.28289251e+01 2.52169609e+01 2.46638432e+01
    1.10255871e+01 2.75405769e+01 1.29104395e+01 2.64094677e+01
    2.51804581e+01 3.28261948e+01 3.43348618e+01 2.31817102e+00
    1.21804810e+01 2.46858788e+00 7.85516214e+00 2.20053558e+01
    8.00885677e+00 7.29453754e+00 1.91382771e+01 1.67118244e+01
    3.68107071e+01 1.56090870e+01 3.16336956e+01 3.78755760e+01
    1.01942320e+01 3.18776798e+00 3.81472588e+01 1.43617315e+01
    2.58157787e+01 6.79662514e+00 3.64772148e+01 1.82474053e+00
    3.05491996e+00 4.96285343e+00 3.28111229e+01 1.45597086e+01
    2.23858776e+01 2.70289268e+01 3.01844673e+01 1.03073397e+01
    1.09333239e+01 1.55344782e+01 2.39581528e+01 2.56885796e+01
    3.87611732e+01 2.76409578e+00 3.61811543e+00 1.36301813e+01
    3.66930246e+00 9.49381828e+00 3.53033600e+01 1.34234886e+01
    1.23619442e+01 2.97448039e+00 3.82252960e+01 3.29969025e+01
    2.98084307e+00 2.01774368e+01 5.38428783e+00 1.59591427e+01
    2.58798542e+01 3.48920784e+01 1.82825947e+01 2.66691704e+01
    2.35369740e+01 2.14347229e+01 6.32286978e+00 3.49962616e+01
    1.39530125e+01 3.22244120e+00 6.22969151e+00 1.66271381e+01
    3.31128197e+01 2.57130852e+01 2.61779194e+01 3.32845497e+00
    1.71912518e+01 2.28914428e+00 1.99238625e+01 1.20458164e+01
    1.46648607e+01 3.47068253e+01 8.99951935e+00 7.67117357e+00
    1.25907183e+01 3.72194366e+01 3.83762436e+01 9.87733305e-01
    3.00996628e+01 1.98837948e+01 1.14433298e+01 2.49253654e+01
    1.21728191e+01 8.14879358e-01 1.87905903e+01 1.54904623e+01
    1.59145565e+01 3.31483192e+01 2.68405914e+01 2.64565420e+00
    2.86090393e+01 3.52390633e+01 3.28316383e+01 6.72415018e+00
    1.48202734e+01 1.03848429e+01 3.33055305e+01 5.31896830e+00
    7.56393969e-01 2.69485092e+01 1.64640026e+01 3.90956917e+01
    3.03841114e+01 2.30430565e+01 3.18286495e+01 1.89540710e+01
    6.14001608e+00 2.50171757e+01 2.27896709e+01 3.18558960e+01
    3.17281075e+01 2.74284611e+01 2.33236580e+01 3.21425362e+01
    1.19179955e+01 2.90533276e+01 3.13159122e+01 2.55362568e+01
    7.92291546e+00 2.13890915e+01 5.71088839e+00 2.67145271e+01
    6.75678062e+00 7.54370260e+00 2.17581387e+01 3.53723412e+01
    3.66955070e+01 8.12790966e+00 3.69797325e+01 2.44704170e+01
    1.05704336e+01 2.72590256e+00 2.01503315e+01 1.50424242e+01
    2.62558079e+00 1.67231064e+01 3.44821053e+01 1.47957182e+01
    1.59681225e+01 2.09227314e+01 1.51472254e+01 3.55569038e+01
    3.61032867e+01 1.28349628e+01 1.28224707e+01 1.27817144e+01
    1.71476517e+01 2.58328915e+01 6.62273312e+00 9.79500294e+00
    3.42884407e+01 2.66062469e+01 1.83768654e+01 1.80792980e+01
    2.42362537e+01 8.32336712e+00 2.76286888e+01 6.54050779e+00
    2.74828663e+01 2.09770603e+01 7.49895275e-01 6.95040655e+00
    2.09633865e+01 6.99909329e-01 1.89382687e+01 1.77030773e+01
    2.28939896e+01 2.28916264e+01 1.75234489e+01 8.88154602e+00
    1.51904774e+01 1.90914803e+01 3.52092018e+01 3.11558342e+01
    1.94240055e+01 2.40545559e+01 1.04568708e+00 1.42193918e+01
    3.71228065e+01 2.81047916e+00 1.51527128e+01 2.66343346e+01
    1.42275486e+01 2.43420048e+01 9.83120537e+00 1.53695259e+01
    1.81987839e+01 3.10179691e+01 1.90808353e+01 3.30021248e+01
    7.26970720e+00 7.46908951e+00 1.94967365e+01 7.31900787e+00
    1.08439999e+01 1.23535280e+01 4.74263811e+00 2.89400177e+01
    2.48777428e+01 3.81501923e+01 2.70483189e+01 1.49365072e+01
    7.73765230e+00 3.36673241e+01 6.79847002e+00 9.44426918e+00
    2.09874554e+01 1.51752176e+01 3.31952744e+01 3.09543591e+01
    3.69563293e+01 3.12427959e+01 3.88282585e+01 8.70063591e+00
    1.09387159e+01 2.52469788e+01 3.66188431e+01 3.83046494e+01
    3.78701630e+01 3.43854856e+00 2.24039249e+01 1.30116014e+01
    3.11456356e+01 1.77951241e+01 1.98884506e+01 1.53631563e+01
    3.75302315e+00 3.37171783e+01 1.63324261e+01 1.80852089e+01
    1.92266216e+01 3.00906868e+01 3.43778915e+01 3.57668877e+01
    1.06138983e+01 1.12927351e+01 8.60089874e+00 1.86986008e+01
    3.15403194e+01 3.76731110e+01 2.87891960e+01 3.35849304e+01
    3.79435349e+01 1.83586559e+01 9.49638748e+00 2.51368504e+01
    1.23587027e+01 2.90289631e+01 1.53144703e+01 3.78657188e+01
    1.66641922e+01 1.07126503e+01 1.71096401e+01 2.15432911e+01
    3.71668243e+01 3.72782593e+01 9.94332218e+00 9.80065632e+00
    3.79899979e+01 3.52540894e+01 2.54691181e+01 1.00157661e+01
    2.17503986e+01 3.18068981e+01 3.81080170e+01 3.46309967e+01
    3.94572105e+01 1.99611893e+01 1.07846870e+01 2.87679577e+01
    1.91755371e+01 1.26257648e+01 3.40078545e+01 8.89524555e+00
    7.47535229e+00 2.13373013e+01 2.79163170e+01 3.17081094e+00
    2.23614616e+01 7.84559822e+00 1.77273598e+01 1.30438547e+01
    3.01927204e+01 1.85925579e+01 1.14695225e+01 2.02283020e+01
    2.10994759e+01 2.35146027e+01 2.31067848e+01 2.16015816e+01
    1.22160025e+01 1.70949116e+01 1.16279408e-01 2.50302410e+01
    1.87828541e+01 1.34869766e+01 3.32776070e+01 4.26613188e+00
    1.26879692e+01 2.25559464e+01 2.25964870e+01 2.07598610e+01
    8.70758915e+00 1.72577858e+01 3.10236225e+01 9.51234341e+00
    2.74899616e+01 1.59907799e+01 2.94170361e+01 2.01434345e+01
    1.79433107e-01 2.65391541e+01 2.49542027e+01 5.37590408e+00
    3.33963127e+01 2.97700596e+01 2.92643127e+01 8.98724079e+00
    3.55705872e+01 9.22529888e+00 2.00140438e+01 1.52495403e+01
    1.80682659e+01 2.76735287e+01 2.77081800e+00 3.77912560e+01
    2.37289753e+01 1.73380966e+01 1.96119614e+01 3.13814182e+01
    1.88518810e+01 2.61057377e+01 2.36533966e+01 1.99526024e+01
    1.26477127e+01 3.20588531e+01 2.59304085e+01 3.19706612e+01
    1.97048092e+01 1.16643238e+01 8.13911247e+00 3.15760441e+01
    6.16826391e+00 1.64804707e+01 3.06972866e+01 3.07603741e+01
    2.11723309e+01 4.77917957e+00 8.99870777e+00 2.36756554e+01
    1.26225214e+01 2.15500546e+01 1.49796748e+00 2.40042162e+00
    3.39895744e+01 9.52414703e+00 4.39405060e+00 3.94532514e+00
    6.99100733e-01 2.36926975e+01 8.56479740e+00 3.53073215e+00
    3.10201263e+01 1.22738647e+01 2.91652393e+01 3.75333023e+01
    5.97245884e+00 3.12815781e+01 1.01284819e+01 3.14361439e+01
    1.27917397e+00 1.66520634e+01 1.54224405e+01 3.24360161e+01
    1.57139769e+01 2.40647774e+01 2.99888172e+01 2.02625322e+00
    1.41196127e+01 5.27280521e+00 1.44290113e+00 2.89766598e+01
    2.12561989e+00 1.11933222e+01 6.75608349e+00 3.66930771e+01
    5.84764147e+00 1.57104957e+00 3.01182232e+01 1.35338478e+01
    7.15556908e+00 2.13364353e+01 2.46537323e+01 3.26325531e+01
    3.49881477e+01 2.67765117e+00 1.25963211e+01 1.93701611e+01
    8.76075172e+00 2.84987087e+01 1.39026439e+00 1.96325760e+01
    2.32664452e+01 2.24182720e+01 3.85818787e+01 7.69254351e+00
    3.37758522e+01 1.37301350e+01 3.28485489e+01 2.26069889e+01
    6.45004082e+00 1.91097946e+01 1.88061962e+01 1.02925730e+01
    3.80517197e+01 3.62006035e+01 2.85608888e+00 2.16407738e+01
    1.95059891e+01 6.76827717e+00 3.54801369e+01 2.87589461e-01
    3.42508659e+01 1.38462181e+01 2.14568081e+01 9.53203106e+00
    7.03712845e+00 7.08828497e+00 3.42605286e+01 3.28701363e+01
    1.30010147e+01 1.29651916e+00 2.92165527e+01 1.43528986e+01
    3.38096809e+01 2.68664246e+01 3.03150349e+01 1.39605742e+01
    7.47240114e+00 1.28974047e+01 9.24502659e+00 1.40490046e+01
    3.64113808e+01 9.23368549e+00 3.48358078e+01 3.40992393e+01
    5.22840881e+00 2.97899170e+01 3.83664894e+01 3.00341167e+01
    3.55089836e+01 9.79057026e+00 2.38420887e+01 2.75211525e+01
    2.19776573e+01 2.40921402e+01 3.20516281e+01 2.89308872e+01
    3.74673080e+01 3.80936584e+01 5.43449402e-01 3.84853668e+01
    1.70731030e+01 3.80375290e+01 5.90251493e+00 1.73438892e+01
    3.42858009e+01 3.65166321e+01 3.01049137e+01 2.63704567e+01
    1.52057018e+01 3.48637276e+01 1.95194645e+01 2.91380920e+01
    1.33241119e+01 1.57942572e+01 1.68390903e+01 7.29003239e+00
    1.91524849e+01 3.57119026e+01 5.27549887e+00 1.93035603e+01
    3.01846313e+01 8.90686321e+00 2.61839447e+01 3.64568596e+01
    1.55746365e+00 2.26038132e+01 3.30747414e+01 3.44018478e+01
    1.63506043e+00 7.98259079e-01 3.62751160e+01 1.59411058e+01
    7.32886219e+00 2.61192493e+01 6.55466413e+00 1.41264076e+01
    3.81519394e+01 7.56881237e+00 3.87230563e+00 8.45727921e+00
    1.56409531e+01 6.32333660e+00 3.39582405e+01 1.86506748e+01
    2.35807667e+01 1.58665633e+00 2.56188726e+00 1.97033730e+01
    7.81428862e+00 7.40627193e+00 8.49655342e+00 3.68467789e+01
    3.47471123e+01 2.64430523e+01 2.18450570e+00 7.08561563e+00
    3.11725044e+01 3.52849627e+00 1.40107355e+01 3.06516151e+01
    5.52219582e+00 8.22028446e+00 4.94722891e+00 8.87868881e+00
    8.82758808e+00 3.48973560e+00 1.44552250e+01 2.91411877e+01
    3.69322357e+01 2.52742538e+01 3.06860657e+01 1.09186001e+01
    3.38004112e+01 2.60470390e+01 1.39307461e+01 2.07492313e+01
    3.23557777e+01 3.84775829e+00 5.62195158e+00 2.86785660e+01
    2.34764538e+01 2.59382839e+01 1.58348980e+01 7.95064306e+00
    3.95415039e+01 3.31954880e+01 3.02787304e+01 1.86217904e+00
    3.80231361e+01 2.34929142e+01 8.17599297e+00 1.41121616e+01
    3.82656441e+01 5.72858334e+00 1.27074213e+01 1.72947826e+01
    5.11625242e+00 3.78360405e+01 3.65535393e+01 3.69441261e+01
    2.99355087e+01 2.09221668e+01 3.86383018e+01 3.08745461e+01
    2.60688705e+01 3.49134445e+01 2.51355019e+01 2.96150875e+01
    1.71053524e+01 2.28896141e+01 1.44768629e+01 8.30054092e+00
    3.95254631e+01 2.71950760e+01 3.43431511e+01 8.44246483e+00
    1.81929436e+01 3.19349232e+01 3.70850182e+01 2.34331245e+01
    5.65626994e-02 3.76052933e+01 2.08829193e+01 3.87344475e+01
    2.73727264e+01 2.47795887e+01 7.10067654e+00 1.77091956e+00
    9.49628544e+00 4.71055603e+00 1.72846584e+01 2.50140877e+01
    2.42383337e+00 1.27744350e+01 3.52266235e+01 9.34741974e+00
    6.61139679e+00 3.79066086e+01 2.42595444e+01 1.23446381e+00
    3.96722107e+01 1.42315781e+00 1.36014862e+01 3.29865799e+01
    1.93739147e+01 3.93195305e+01 3.39255428e+00 1.55866146e+01
    7.27592564e+00 2.06830540e+01 2.60209274e+01 3.53660393e+01
    2.81550579e+01 3.07357464e+01 3.04402752e+01 9.40212631e+00
    1.98002362e+00 2.45065231e+01 9.24524212e+00 6.61054945e+00
    1.34567099e+01 1.18843832e+01 1.57680550e+01 2.66192780e+01
    2.18104076e+01 5.46097994e+00 3.82464905e+01 1.11211929e+01
    3.68624916e+01 2.54788666e+01 1.58029566e+01 5.85318804e+00
    2.15416889e+01 3.87337532e+01 2.73286858e+01 1.33005295e+01
    7.11095524e+00 3.06271114e+01 3.86292839e+01 1.24233379e+01
    2.36655979e+01 2.39303360e+01 6.79389715e+00 1.32599249e+01
    2.24621868e+01 2.28539639e+01 3.27614555e+01 1.81706409e+01
    1.48838577e+01 9.50992393e+00 1.70803738e+01 3.30029030e+01
    9.78822136e+00 1.83251457e+01 1.26523199e+01 2.73328781e+01
    2.60122547e+01 1.97210236e+01 5.64085102e+00 6.16111326e+00
    1.61467609e+01 2.57919941e+01 2.11704350e+01 1.20524178e+01
    1.04601231e+01 4.12109280e+00 9.78738308e+00 5.27394056e-01
    5.88221884e+00 3.08799076e+01 3.81018372e+01 3.58720016e+01
    2.38259277e+01 9.65960598e+00 3.21435051e+01 3.79295769e+01
    3.81547050e+01 1.98758030e+01 1.42352085e+01 3.23595810e+01
    3.78254051e+01 6.38616830e-02 3.23416710e+01 2.27573605e+01
    3.42632141e+01 1.87509403e+01 2.55291348e+01 8.32024670e+00
    3.66051788e+01 1.04276686e+01 1.46665878e+01 3.66631203e+01
    2.45504513e+01 3.01834354e+01 3.15544605e+01 2.68470693e+00
    1.46433535e+01 1.74501705e+01 3.11063156e+01 2.55778790e+01
    4.93187666e+00 3.48972321e+01 3.88341560e+01 1.04560108e+01
    3.03977165e+01 9.73333359e+00 8.79585171e+00 3.50108910e+01
    1.56575022e+01 3.88522148e+01 7.03585100e+00 1.73096256e+01
    2.93716984e+01 4.95810032e+00 3.42547913e+01 7.01631308e+00
    2.26907120e+01 1.78660240e+01 1.01367407e+01 2.12109222e+01
    6.70557737e+00 3.00695496e+01 2.01788979e+01 7.15190506e+00
    2.23085518e+01 1.29554090e+01 3.22179794e+01 2.29847355e+01
    1.46961536e+01 3.87103958e+01 1.36355019e+00 3.27885509e+00
    5.03219604e+00 8.60904694e+00 3.23804245e+01 1.56285667e+00
    3.95455856e+01 4.42233849e+00 2.38859959e+01 3.01080284e+01
    3.67496758e+01 3.35455055e+01 1.89799595e+01 2.69057217e+01
    5.33555746e+00 3.64562213e-01 2.48938999e+01 2.25798531e+01
    3.83641968e+01 1.76016979e+01 2.95425987e+01 2.63380241e+01
    2.52266388e+01 2.30158162e+00 2.28240089e+01 5.77333689e+00
    3.40521278e+01 1.46077013e+01 3.56941261e+01 3.73375435e+01
    3.09685192e+01 3.93148460e+01 3.53974953e+01 2.14531670e+01
    1.16543093e+01 2.10153842e+00 2.61077099e+01 1.51585102e+01
    2.46707993e+01 4.01470757e+00 3.29171028e+01 2.48313999e+01
    6.20107234e-01 2.41087246e+01 3.37055664e+01 2.90031815e+01
    1.87335873e+01 1.00670681e+01 2.28429737e+01 2.88646812e+01
    9.80644512e+00 2.35833244e+01 4.64612341e+00 3.68001633e+01
    3.65859489e+01 6.05455017e+00 3.77635117e+01 3.67093201e+01
    1.59436588e+01 3.93596954e+01 8.56323433e+00 3.57516441e+01
    3.13779221e+01 3.92617340e+01 1.67296982e+01 3.51389427e+01
    1.13497124e+01 1.41458311e+01 1.67597008e+01 7.94665933e-01
    3.41040459e+01 1.66520691e+01 1.90173683e+01 3.26533394e+01
    3.53311151e-01 2.08131523e+01 1.51151114e+01 9.34399891e+00
    3.40606422e+01 1.52936640e+01 3.89058423e+00 2.04501286e+01
    1.00599079e+01 3.00528795e-01 2.66965294e+01 2.95721817e+01
    3.91101875e+01 3.68295860e+01 1.46870527e+01 3.65977287e+01
    2.48564873e+01 2.90231857e+01 2.75918217e+01 1.11592503e+01
    3.72339020e+01 2.38674374e+01 2.39847050e+01 3.73573494e+01
    3.71373634e+01 2.80195475e+00 2.66481972e+01 1.15416355e+01
    3.14218502e+01 2.18520107e+01 2.03340206e+01 2.34434605e+01
    1.67313786e+01 6.65204763e+00 7.66110468e+00 1.99379005e+01
    1.16456575e+01 3.83176422e+01 3.40830116e+01 1.33440418e+01
    1.46864538e+01 2.67605782e-01 2.86333847e+01 1.30240421e+01
    2.45631256e+01 2.82720795e+01 2.50251102e+01 3.55965576e+01
    3.36685715e+01 3.12731686e+01 3.46739731e+01 2.33319416e+01
    2.51185379e+01 2.24242611e+01 5.22120333e+00 1.46342955e+01
    1.03857718e+01 2.83627033e+01 3.78025856e+01 1.30814304e+01
    9.73240376e+00 2.66829262e+01 3.51247382e+00 1.33834715e+01
    3.51749916e+01 3.71296234e+01 6.61148834e+00 1.97938519e+01
    2.83384418e+00 1.87897034e+01 2.10333405e+01 1.89024506e+01
    2.99834824e+01 3.43116989e+01 3.19426861e+01 1.93406811e+01
    3.02641296e+00 1.80597649e+01 3.05477905e+01 2.63380680e+01
    3.69746284e+01 3.13651924e+01 2.72742901e+01 2.37941170e+01
    1.11845074e+01 3.90706863e+01 3.49276695e+01 3.84455338e+01
    1.46663246e+01 1.90170135e+01 3.12046299e+01 7.93580723e+00
    8.48489189e+00 3.58833427e+01 3.12567291e+01 1.45419264e+01
    1.66040497e+01 3.13497009e+01 1.77630215e+01 1.91545029e+01
    2.71218777e+01 3.20281639e+01 4.83996010e+00 2.24935341e+01
    8.82680416e+00 8.79314899e+00 1.11766233e+01 7.40120077e+00
    3.58799591e+01 7.59333849e+00 2.91427917e+01 2.12977529e+00
    2.35023212e+01 3.03255882e+01 1.73843498e+01 1.39244862e+01
    2.66801262e+01 1.11265821e+01 4.35561609e+00 2.48003922e+01
    1.11272202e+01 2.65965195e+01 2.68865051e+01 4.00369692e+00
    2.64899945e+00 3.71177979e+01 2.65305099e+01 2.88430958e+01
    1.98272038e+01 3.18679371e+01 1.32069206e+01 4.62216377e+00
    2.93359222e+01 2.31298122e+01 2.45725403e+01 3.53540230e+01
    3.32074432e+01 7.72361708e+00 2.94839630e+01 3.26283073e+01
    1.61417236e+01 3.39073563e+01 2.78457022e+00 5.06007314e-01
    1.57752161e+01 3.22294159e+01 2.60161057e+01 1.40672846e+01
    2.73661537e+01 3.17835217e+01 1.40280819e+01 1.67882919e+01
    3.86498985e+01 2.76191998e+01 2.32677631e+01 8.93846130e+00
    2.95929317e+01 9.05081558e+00 1.56350975e+01 3.66200089e+00
    2.32011604e+01 2.65966845e+00 2.37079792e+01 1.70176048e+01
    3.01021423e+01 2.74900532e+01 3.04547405e+01 2.57575703e+01
    2.75317860e+01 2.35398674e+01 3.73955578e-01 2.83478050e+01
    3.59875145e+01 1.92520350e-01 1.40419054e+01 3.64812965e+01
    3.26857719e+01 5.97014284e+00 2.16003189e+01 1.81749973e+01
    1.26348102e+00 1.33937880e-01 1.08505659e+01 1.61433830e+01
    2.45958080e+01 6.76627731e+00 1.12171783e+01 1.77894783e+01
    1.30407944e+01 1.22893488e+00 3.23099089e+00 2.30553722e+01
    3.75219612e+01 2.92581463e+01 3.70519791e+01 6.44610310e+00
    2.68380489e+01 3.88630753e+01 2.39286938e+01 1.29409897e+00
    6.51095486e+00 3.35083618e+01 3.18393478e+01 1.86065617e+01
    2.51491299e+01 3.37574348e+01 1.93479557e+01 8.28277493e+00
    2.42995014e+01 2.46898937e+01 1.47262220e+01 1.99529495e+01
    7.72178233e-01 4.66247272e+00 8.11535263e+00 1.21206503e+01
    2.98601952e+01 1.31877890e+01 2.25894279e+01 7.15678596e+00
    3.35310898e+01 2.55258369e+01 1.68011684e+01 2.19426651e+01
    3.23357391e+01 9.55687618e+00 2.21247807e+01 1.63243446e+01
    1.93147583e+01 8.65757656e+00 3.41032677e+01 3.06762276e+01
    2.04738731e+01 1.54845667e+01 3.45766487e+01 1.86329136e+01
    2.36650429e+01 3.10967598e+01 2.62049809e+01 3.20906639e+01
    3.48055267e+01 1.96334114e+01 2.87688828e+00 3.41157150e+01
    1.48372211e+01 2.74489231e+01 2.07110710e+01 1.77175884e+01
    2.80154724e+01 1.32538853e+01 1.16169310e+01 1.64882088e+01
    3.33897591e+01 1.27247372e+01 1.80091839e+01 1.34260435e+01
    3.56755066e+01 3.48819199e+01 1.49566679e+01 1.62016735e+01
    1.23271189e+01 2.32863941e+01 1.69053726e+01 2.28023601e+00
    3.75057182e+01 3.52058105e+01 2.59488869e+01 3.72287407e+01
    1.98392620e+01 9.00892437e-01 2.17624130e+01 2.93995342e+01
    3.05884495e+01 2.12820644e+01 3.56209641e+01 2.01327896e+01
    3.15614510e+00 3.66429253e+01 2.96999836e+01 2.67109852e+01
    1.08605738e+01 2.46329651e+01 1.50298920e+01 9.46938896e+00
    3.20685005e+01 1.44729528e+01 2.06607018e+01 2.95550652e+01
    3.71764374e+01 2.09979267e+01 1.91573639e+01 9.26453972e+00
    2.72204018e+01 2.84646282e+01 3.41673126e+01 2.45588646e+01
    1.29052134e+01 2.20801716e+01 9.05360699e-01 3.42982445e+01
    2.43347912e+01 2.22314167e+01 2.80842113e+01 2.80515327e+01
    1.20560389e+01 1.16721277e+01 4.24192762e+00 1.82381940e+00
    1.80448666e+01 2.08399143e+01 1.64732723e+01 1.18637524e+01
    3.57314148e+01 2.12222958e+01 2.42161140e+01 1.28738985e+01
    1.46767225e+01 3.37535324e+01 1.93080342e+00 2.79320812e+01
    1.00702534e+01 6.38259554e+00 7.59541559e+00 3.99433661e+00
    1.54693584e+01 2.66637039e+00 3.17677612e+01 3.75212479e+01
    5.44236660e-01 2.83882213e+00 5.46747923e+00 1.30581741e+01
    3.25292931e+01 1.78338165e+01 2.11095867e+01 7.18965864e+00
    2.42795315e+01 2.85430222e+01 4.92984962e+00 1.20421476e+01
    3.58762932e+00 1.98561442e+00 1.83781128e+01 2.88888860e+00
    5.76045418e+00 2.04720039e+01 2.82260761e+01 3.70109024e+01
    5.22188139e+00 1.79542065e+01 2.24404354e+01 8.77693272e+00
    2.20317307e+01 2.48789845e+01 3.51379242e+01 2.51226616e+01
    3.64677963e+01 9.16214108e-01 2.13417664e+01 1.37405443e+01
    5.75495052e+00 8.99706745e+00 2.52607613e+01 3.41300316e+01
    1.69936752e+01 1.84623528e+01 2.34347272e+00 1.46292725e+01
    1.02211952e+00 2.00614719e+01 4.40106535e+00 3.03419533e+01
    1.92585754e+01 1.18893414e+01 8.17183113e+00 3.35700302e+01
    2.54818077e+01 2.03805313e+01 1.18214025e+01 3.19663067e+01
    2.45922890e+01 3.03106461e+01 3.65436897e+01 1.92293396e+01
    1.21471128e+01 1.75874129e-01 2.84283428e+01 2.24438477e+01
    1.44421444e+01 3.87257423e+01 2.98703671e+01 2.60884037e+01
    3.72010269e+01 1.30160408e+01 3.93335557e+00 2.56177139e+01
    1.27479372e+01 1.40750866e+01 2.27787838e+01 3.45140953e+01
    3.36242318e+00 1.26921825e+01 3.86560211e+01 2.73375835e+01
    1.73527050e+00 2.72270823e+00 1.67064533e+01 2.52518864e+01
    1.63499985e+01 3.06295824e+00 3.16030655e+01 3.24840469e+01
    1.42907751e+00 3.84294510e+01 1.21821222e+01 1.47419281e+01
    1.39589844e+01 8.32065678e+00 2.75167007e+01 3.93165350e+00
    3.86211357e+01 1.51964207e+01 2.05363488e+00 3.71618156e+01
    2.11289463e+01 3.54870911e+01 3.66914825e+01 6.08409500e+00
    2.84179001e+01 3.28604660e+01 9.20979786e+00 2.80886021e+01
    3.26265068e+01 7.94782209e+00 2.97937851e+01 1.77040062e+01
    1.52392702e+01 1.52659712e+01 8.93288803e+00 1.91562233e+01
    6.98500729e+00 1.14249544e+01 2.92848778e+00 1.84788914e+01
    3.82884827e+01 1.67823734e+01 2.18763943e+01 2.60869942e+01
    1.40807295e+01 3.29403954e+01 3.74055977e+01 6.42961597e+00
    3.11449409e-01 3.30748940e+00 4.47434616e+00 3.94235306e+01
    3.76154175e+01 7.55691957e+00 3.03106174e+01 1.69997444e+01
    5.10237169e+00 2.18551731e+01 3.62527733e+01 3.18715649e+01
    2.30376205e+01 1.22445908e+01 3.65717201e+01 3.29789429e+01
    1.26461995e+00 1.71792946e+01 3.19716396e+01 3.13117008e+01
    2.24292507e+01 7.79604721e+00 2.79797440e+01 3.05946884e+01
    3.12273159e+01 1.40994902e+01 2.39018478e+01 1.80251560e+01
    2.90757389e+01 9.04939175e+00 9.18628979e+00 7.94015265e+00
    1.83218288e+01 6.57481194e+00 2.67964706e+01 4.34824133e+00
    1.04507647e+01 2.49132977e+01 1.69253101e+01 2.99764442e+01
    9.44098949e+00 8.75543308e+00 2.01678276e+01 2.92836571e+01
    5.23264837e+00 3.49131660e+01 3.22698212e+01 2.45207748e+01
    3.80343819e+00 1.00466938e+01 1.41365271e+01 3.37004128e+01
    1.03346181e+00 1.43423758e+01 2.45352116e+01 2.99740448e+01
    2.40299273e+00 2.74884968e+01 3.12377510e+01 3.75552406e+01
    1.31835178e-01 3.90499496e+01 1.01393862e+01 1.05028505e+01
    1.31726646e+01 1.95897770e+01 3.71532097e+01 3.09617043e+01
    3.53372879e+01 7.84245157e+00 3.25933228e+01 3.16276932e+01
    2.64233208e+01 3.25947685e+01 2.05278854e+01 6.87962103e+00
    2.22939873e+01 2.61945400e+01 3.40270996e+00 1.88951473e+01
    2.30754452e+01 7.92851019e+00 1.53812685e+01 1.35564079e+01
    3.74733238e+01 1.54314566e+01 1.19164925e+01 3.85795975e+01
    2.18866482e+01 3.01215420e+01 3.20442657e+01 1.35120907e+01
    3.44020386e+01 3.49212885e+00 1.12480459e+01 9.25857735e+00
    2.73999138e+01 2.44053459e+01 1.80925121e+01 2.37661762e+01
    8.01230526e+00 1.01795969e+01 1.43504925e+01 9.60120392e+00
    1.96588821e+01 2.64013939e+01 3.00683327e+01 3.04600296e+01
    3.39578781e+01 3.04857082e+01 8.64370155e+00 1.26640959e+01
    5.49562263e+00 1.05161543e+01 1.30635891e+01 9.59677887e+00
    3.23465233e+01 6.21365607e-01 2.15753212e+01 1.07180662e+01
    2.54550934e+01 2.57822533e+01 1.10377955e+00 3.80306282e+01
    2.83278446e+01 2.92071590e+01 3.36143799e+01 3.75810623e+01
    3.11277504e+01 1.91218758e+00 9.56014442e+00 1.89174023e+01
    3.76243186e+00 6.21925974e+00 3.85651932e+01 1.44342251e+01
    8.65624714e+00 3.05507755e+01 2.48560619e+01 2.49115982e+01
    3.90028262e+00 1.20516837e+00 1.00702677e+01 1.04519653e+01
    1.16400993e+00 5.94109774e+00 1.11908245e+01 8.88527298e+00
    1.52806063e+01 1.31236992e+01 3.46880798e+01 1.73702374e+01
    1.28013670e+00 1.56308117e+01 3.92895699e+00 2.01773014e+01
    9.46459103e+00 1.73458958e+01 2.94234276e+01 3.94724960e+01
    3.03616734e+01 4.97192621e+00 2.59214020e+01 3.36054497e+01
    8.98060894e+00 6.26426935e+00 2.30155735e+01 5.79222250e+00
    1.55589294e+01 3.37455978e+01 2.41082516e+01 2.48119411e+01
    3.80684280e+01 3.12617130e+01 3.21705198e+00 2.04036465e+01
    3.02445278e+01 2.64424667e+01 3.13836174e+01 5.58414221e+00
    3.13320446e+01 2.18928194e+00 1.04616642e+01 3.46725273e+01
    2.91106014e+01 2.09397736e+01 2.83793049e+01 3.56108894e+01
    2.71297359e+01 1.80766163e+01 2.80704231e+01 2.85294113e+01
    6.18581176e-01 3.36822653e+00 7.60820675e+00 1.95633781e+00
    2.97284756e+01 2.07677879e+01 2.56864586e+01 1.03459845e+01
    3.45285835e+01 1.98046532e+01 3.62318077e+01 3.13425598e+01
    2.27881107e+01 1.02407837e+01 3.81389694e+01 8.20099354e+00
    1.99167576e+01 1.49241791e+01 1.24609032e+01 1.18706751e+01
    9.17908573e+00 3.35736923e+01 1.23523355e+00 1.68065968e+01
    3.92022934e+01 3.57097893e+01 1.02678604e+01 2.04635048e+01
    3.64173813e+01 1.80078006e+00 2.34545116e+01 2.69558640e+01
    2.43842068e+01 1.33313789e+01 3.29651737e+00 3.37941971e+01
    3.04208508e+01 6.30890894e+00 3.89507484e+01 3.53637962e+01
    1.61002140e+01 3.53205376e+01 3.82181587e+01 3.72188225e+01
    2.80265198e+01 3.76573086e+00 2.49377270e+01 3.56540298e+01
    2.34909210e+01 1.59992752e+01 1.04139080e+01 1.81828842e+01
    2.94849205e+01 2.98872147e+01 3.42407074e+01 2.78756294e+01
    2.33064423e+01 2.33527966e+01 1.56814384e+01 7.38678575e-01
    3.44992638e+01 3.68351440e+01 2.54721832e+01 4.05767679e+00
    3.00250697e+00 3.56377335e+01 3.15961399e+01 1.35083981e+01
    2.71518879e+01 1.12781847e+00 1.11770515e+01 2.03743038e+01
    3.97423673e+00 1.31839228e+01 3.96812973e+01 1.50065193e+01
    2.95302811e+01 1.51680222e+01 3.72646217e+01 1.81913435e-01
    3.60087433e+01 3.27861977e+01 1.81804025e+00 2.14508228e+01
    2.15342693e+01 5.97776985e+00 1.39388294e+01 2.01750927e+01
    2.80232506e+01 5.74707222e+00 1.69496689e+01 8.39444160e+00
    2.96915779e+01 2.21369572e+01 2.16398487e+01 2.81750984e+01
    2.16654606e+01 8.50209177e-01 1.37906897e+00 1.17232513e+01
    1.97830048e+01 3.32482491e+01 2.73430271e+01 1.20597191e+01
    7.02142358e-01 1.77722912e+01 3.54696655e+01 1.63629608e+01
    2.15217991e+01 5.15830708e+00 1.22814779e+01 1.09367361e+01
    3.46646423e+01 1.79465070e-01 3.00934258e+01 3.09803581e+01
    1.62219219e+01 2.87843781e+01 1.52195683e+01 3.83129768e+01
    2.02643089e+01 3.59161415e+01 6.92073441e+00 1.48995571e+01
    3.91329694e+00 7.98032856e+00 1.53629208e+01 1.27065420e+01
    1.77054367e+01 2.89425850e+01 3.57192993e+00 2.07524228e+00
    3.42960968e+01 9.12708664e+00 8.00292206e+00 2.66712646e+01
    2.63913746e+01 3.89983635e+01 4.35015583e+00 3.09526386e+01
    3.34911499e+01 2.87496643e+01 6.63883150e-01 1.79327793e+01
    2.27810097e+01 3.40202942e+01 2.45721664e+01 2.66217346e+01
    3.35471153e+01 1.63226109e+01 9.81113625e+00 3.41716652e+01
    1.93745880e+01 3.74812241e+01 2.67993879e+00 2.37279510e+01
    3.49020309e+01 3.58630943e+01 2.62396026e+00 1.76221542e+01
    1.28268566e+01 2.09153519e+01 1.34103098e+01 1.17663097e+01
    2.75147305e+01 2.56754160e+00 3.42617874e+01 2.49018917e+01
    2.18933716e+01 1.84740868e+01 1.34972172e+01 1.19573078e+01
    3.03872566e+01 5.11146593e+00 1.36745415e+01 2.53104229e+01
    7.95447969e+00 2.23530064e+01 6.86536598e+00 3.58349609e+01
    5.06476831e+00 1.22188969e+01 2.84061222e+01 3.33988037e+01
    9.01159382e+00 3.26827660e+01 3.01489506e+01 3.70503616e+01
    1.20701799e+01 2.52627921e+00 1.18654833e+01 3.34809761e+01
    2.59524899e+01 1.82476759e+00 3.36804352e+01 1.85814514e+01
    2.92313499e+01 9.94553471e+00 3.44729080e+01 2.52840214e+01
    2.64687347e+01 2.30295563e+01 9.68373013e+00 2.14452572e+01
    3.90984726e+01 9.56920528e+00 3.00118427e+01 2.61550283e+00
    5.28521395e+00 2.03278732e+01 1.66243315e+00 2.36616325e+01
    8.62305260e+00 3.26120644e+01 4.14652443e+00 7.50443888e+00
    1.12053442e+00 1.51037560e+01 1.08605070e+01 3.87841320e+00
    1.99844589e+01 1.21891794e+01 3.36170578e+01 1.76557922e+01
    3.75508614e+01 3.89589996e+01 3.16631413e+01 1.07449102e+01
    2.82835579e+01 2.93739281e+01 1.40629148e+01 9.60692215e+00
    6.15796614e+00 1.71984081e+01 2.24289303e+01 3.36492577e+01
    3.45040016e+01 1.24520826e+00 2.03387260e+01 2.17083836e+01
    2.19335365e+01 3.24812393e+01 3.70440292e+01 8.50537491e+00
    2.70130730e+01 1.22114019e+01 3.86705627e+01 1.32971621e+00
    5.86845493e+00 2.83977184e+01 4.82220984e+00 2.05892105e+01
    3.95519066e+01 2.11185684e+01 2.05000095e+01 3.93233414e+01
    2.62733879e+01 6.62094355e+00 1.49157629e+01 2.05204525e+01
    6.85383654e+00 1.06757183e+01 2.98797169e+01 1.96039295e+01
    1.89755211e+01 5.33169079e+00 6.93351841e+00 1.90682735e+01
    3.44360886e+01 3.34300003e+01 2.32063274e+01 7.52490997e+00
    2.44885826e+01 9.39516306e-01 3.67049751e+01 1.69729195e+01
    2.73852997e+01 3.09854412e+00 1.97949829e+01 1.31125746e+01
    5.14786053e+00 2.68861618e+01 1.06786642e+01 2.94061317e+01
    2.26387024e+00 2.96023064e+01 9.32654095e+00 2.36765728e+01
    2.96518743e-01 5.52017689e+00 7.87998199e+00 1.79682827e+01
    3.36051903e+01 3.41628456e+01 1.09720259e+01 2.57646751e+01
    1.42536278e+01 3.19715900e+01 2.59460354e+01 1.14767876e+01
    3.39872055e+01 3.90259018e+01 1.19376431e+01 3.68369055e+00
    3.52917442e+01 3.49892006e+01 5.44044971e-01 1.61510239e+01
    2.02301998e+01 7.26761818e+00 6.20640993e+00 3.26680679e+01
    2.84360600e+01 3.27409821e+01 9.57285911e-02 1.63358307e+01
    1.50289736e+01 1.65795860e+01 2.94032979e+00 1.62283974e+01
    3.40867920e+01 5.23926020e+00 3.93981409e+00 1.74151409e+00
    3.15594959e+01 1.81567535e+01 2.74624691e+01 1.19893293e+01
    8.04705811e+00 6.07945204e+00 8.70789051e+00 2.66126537e+00
    7.49427080e+00 3.16708016e+00 2.86228886e+01 2.09576302e+01
    8.63167763e+00 7.70482838e-01 8.82242012e+00 7.33279562e+00
    4.83173752e+00 3.02508068e+01 3.35965767e+01 1.09661770e+01
    3.26264076e+01 2.52054653e+01 1.32870522e+01 2.64916115e+01
    1.18388176e+01 2.49789181e+01 3.05229702e+01 1.72129669e+01
    1.25616465e+01 3.55553169e+01 1.50294189e+01 9.06758976e+00
    4.04966021e+00 1.81973970e+00 1.59547198e+00 1.33869257e+01
    1.61206741e+01 9.38568974e+00 1.37496529e+01 1.55459938e+01
    2.57016335e+01 1.72233925e+01 3.18162847e+00 3.49396019e+01
    2.34691639e+01 1.29360247e+01 3.89066048e+01 8.62451458e+00
    5.83999920e+00 9.60006428e+00 4.92160082e+00 1.96195927e+01
    3.75928268e+01 2.95580482e+01 3.17140274e+01 3.84797783e+01
    1.15662928e+01 2.05875325e+00 2.82264385e+01 2.68516102e+01
    1.06282544e+00 5.43107557e+00 3.73579063e+01 3.31890221e+01
    2.59466972e+01 1.83389835e+01 3.58612900e+01 2.38432264e+00
    2.95713272e+01 3.47898054e+00 3.76198502e+01 3.64870954e+00
    1.51395774e+00 2.30411224e+01 2.69157791e+00 3.91022339e+01
    8.21109581e+00 1.99219971e+01 6.60581589e+00 3.71778259e+01
    1.76598549e+01 3.71428185e+01 2.82124939e+01 2.34636459e+01
    5.99869919e+00 3.62976189e+01 9.81236076e+00 3.80780678e+01
    1.53203583e+01 3.59271355e+01 6.59091711e+00 3.14008465e+01
    3.60053718e-01 2.18687401e+01 5.95761728e+00 2.38156471e+01
    8.19215584e+00 3.54820180e+00 9.49978447e+00 1.22278652e+01
    1.41652336e+01 1.61786289e+01 2.97495651e+01 3.20798111e+01
    2.55043583e+01 1.43085403e+01 2.41083355e+01 1.44093037e+01
    1.36482239e+01 6.52229643e+00 2.60081711e+01 2.10756035e+01
    3.13175125e+01 3.39780197e+01 2.12606583e+01 3.51228142e+01
    2.32052288e+01 3.54014969e+01 2.21931953e+01 1.25829134e+01
    7.31247330e+00 2.48017597e+01 1.89876652e+01 8.56529808e+00
    3.28538170e+01 1.47896605e+01 2.84768963e+01 3.35486174e+00
    2.13667374e+01 2.97607918e+01 4.37025130e-01 1.71098976e+01
    3.18562756e+01 1.26244593e+01 1.12961149e+01 1.98767471e+01
    2.22600632e+01 2.23481140e+01 3.34633141e+01 2.74618549e+01
    2.07161407e+01 3.47022486e+00 2.74896717e+01 2.91676884e+01
    2.18293047e+00 2.33949509e+01 3.61575089e+01 3.30311775e+01
    1.48171396e+01 7.98736477e+00 2.94031162e+01 4.71179962e+00
    2.91564007e+01 2.26703720e+01 4.90231609e+00 1.72355709e+01
    1.14484110e+01 8.78720474e+00 2.70852995e+00 3.72690926e+01
    2.25138969e+01 2.50729790e+01 3.26553841e+01 1.43085375e+01
    1.04056339e+01 3.28046150e+01 1.64210339e+01 3.20496988e+00
    2.36607037e+01 8.76011086e+00 1.55484638e+01 3.09795589e+01
    3.90472174e+00 1.84347324e+01 2.19832478e+01 2.44225860e+00
    2.81688023e+01 7.27104902e+00 4.42759037e-01 3.75153427e+01
    9.81635857e+00 2.46695442e+01 6.05507851e-01 2.26655045e+01
    1.65755863e+01 2.34931793e+01 1.15032234e+01 3.01395874e+01
    2.76410637e+01 1.47736588e+01 1.44099770e+01 2.45988998e+01
    1.57538414e+01 3.48252702e+00 1.94782810e+01 3.55855865e+01
    2.14805126e+01 3.72471046e+01 1.45043449e+01 1.17961264e+01
    5.68469524e+00 3.54259605e+01 2.64702201e+00 3.66113739e+01
    6.89949417e+00 5.18606091e+00 1.00573626e+01 2.07451801e+01
    7.55938435e+00 2.22809238e+01 3.26710167e+01 3.24569588e+01
    8.91098785e+00 1.50778761e+01 2.13044167e+01 4.88275146e+00
    6.90727890e-01 3.60088844e+01 3.75664825e+01 2.02832451e+01
    1.38052931e+01 1.03216019e+01 1.13996658e+01 3.64353104e+01
    2.71547260e+01 3.24070930e+01 1.91252155e+01 3.68590431e+01
    8.46471727e-01 2.23189430e+01 9.43492889e+00 3.54987984e+01
    1.72298889e+01 1.12427320e+01 2.67880516e+01 2.47235813e+01
    3.96275597e+01 3.77789345e+01 2.77637920e+01 9.05446053e+00
    3.68304672e+01 1.09443655e+01 2.60092869e+01 3.28043022e+01
    3.57963791e+01 2.16230536e+00 4.29493427e+00 8.52892399e+00
    3.53833961e+01 2.27571011e+01 1.53480923e+00 4.81938934e+00
    1.17648592e+01 1.98007507e+01 9.59344673e+00 3.55942039e+01
    2.86119690e+01 8.82940674e+00 1.92757225e+01 2.10672226e+01
    3.21359978e+01 3.93969650e+01 1.45086441e+01 3.64103851e+01
    1.56907215e+01 4.81258011e+00 1.51118517e+01 3.30801926e+01
    1.97501354e+01 7.83395433e+00 7.23370695e+00 9.37655067e+00
    3.29299812e+01 3.86893654e+01 1.50393686e+01 1.70747030e+00
    2.42921867e+01 2.74677124e+01 2.90714798e+01 3.45438347e+01
    3.55985947e+01 3.27152290e+01 2.38775158e+01 3.37918968e+01
    8.51957226e+00 1.76890545e+01 8.52809334e+00 9.68172932e+00
    8.10077477e+00 3.41429257e+00 7.66677380e+00 2.19765396e+01
    3.30647774e+01 1.50905704e+01 2.52510376e+01 1.19805918e+01
    3.37800484e+01 3.28127632e+01 3.41961746e+01 2.41372509e+01
    3.36463814e+01 3.48901978e+01 2.16372242e+01 4.86499453e+00
    3.95520325e+01 1.54031506e+01 7.15712667e-01 7.56054735e+00
    1.24822617e+01 1.17802534e+01 2.98089981e+01 6.93073392e-01
    2.74430966e+00 2.37841969e+01 8.60554790e+00 3.65087013e+01
    2.13142300e+01 2.75198326e+01 8.58757877e+00 1.19509277e+01
    2.26047745e+01 3.27554703e+01 3.28729897e+01 1.79341850e+01
    2.07049294e+01 3.21783142e+01 3.93202477e+01 1.94991570e+01
    2.44838123e+01 1.31947780e+00 6.28546667e+00 3.16983566e+01
    5.74239635e+00 1.97265739e+01 1.68009968e+01 7.58325100e+00
    1.14021082e+01 3.68025475e+01 2.24727745e+01 1.92023125e-02
    1.20314360e+01 4.54515839e+00 2.10422726e+01 2.06843853e+01
    3.68810081e+01 9.10261250e+00 1.51095543e+01 3.74941134e+00
    1.32082462e+01 3.28737354e+00 1.77395134e+01 8.11683655e+00
    2.87838211e+01 1.93255019e+00 3.52095146e+01 2.82554874e+01
    1.69740448e+01 7.24198914e+00 2.85408211e+00 3.45961723e+01
    2.68692379e+01 2.34329529e+01 3.18088360e+01 2.83496237e+00
    1.69962883e+01 2.49512558e+01 1.04928646e+01 2.41631374e+01
    9.00105667e+00 5.72684002e+00 2.28656311e+01 5.12143135e+00
    4.73834944e+00 3.79912415e+01 2.45403423e+01 3.80173874e+01
    3.80344582e+01 7.51168251e+00 3.52502708e+01 3.72577744e+01
    3.01364923e+00 2.63750000e+01 2.22950459e+01 1.54420757e+01
    1.82743874e+01 1.47443247e+01 2.61280098e+01 2.79828501e+00
    2.92979469e+01 1.90413380e+01 2.92085609e+01 2.32769318e+01
    3.16423893e+01 1.82571621e+01 1.24737825e+01 7.64432430e+00
    1.64209538e+01 3.67394829e+01 1.30038691e+01 7.84962749e+00
    3.53728485e+01 3.01140003e+01 1.48288498e+01 1.67893276e+01
    2.96706009e+00 2.95251026e+01 3.41024132e+01 1.71051350e+01
    3.46322823e+01 1.39836140e+01 3.17270641e+01 3.02449951e+01
    1.23347216e+01 3.48293228e+01 1.83330612e+01 2.30261784e+01
    1.19023991e+01 2.46727982e+01 1.42573175e+01 3.88252640e+01
    1.73754997e+01 1.36287537e+01 3.25050430e+01 2.49524426e+00
    3.31137543e+01 1.01037188e+01 2.84605579e+01 6.62221336e+00
    1.53359566e+01 8.96081352e+00 1.21129789e+01 3.29866753e+01
    3.02150059e+01 3.33587885e-01 2.20469742e+01 2.14215069e+01
    2.52854176e+01 5.68672991e+00 5.04532242e+00 2.37987309e+01
    1.14965124e+01 5.87358093e+00 2.16336250e+01 1.06972227e+01
    2.94538555e+01 7.70277977e-01 3.28135681e+01 2.29287167e+01
    2.86772652e+01 2.55959797e+01 3.79097786e+01 3.50762963e+00
    3.30583763e+01 2.94369450e+01 3.82399101e+01 8.89476299e+00
    2.49739265e+01 2.21735878e+01 3.87166634e+01 1.89631824e+01
    1.08337440e+01 6.12521505e+00 2.08817339e+00 1.94671001e+01
    1.32140760e+01 7.90512514e+00 3.90186386e+01 2.60598450e+01
    3.86112251e+01 4.28363132e+00 2.68114986e+01 3.43809433e+01
    2.85759521e+00 3.84875011e+00 2.70969830e+01 1.85715556e+00
    1.57971931e+00 3.22608452e+01 2.42461014e+01 3.94364471e+01
    3.25754738e+01 1.49396193e+00 1.05471210e+01 1.48821726e+01
    7.17124939e+00 1.19283867e+01 2.30185452e+01 2.40081310e+01
    3.09231415e+01 3.81790619e+01 2.51941071e+01 7.50157022e+00
    1.53951702e+01 3.71869621e+01 2.16403427e+01 1.05917954e+00
    2.77499065e+01 1.14636345e+01 1.44257975e+01 7.91061878e+00
    1.55480585e+01 8.15671825e+00 1.64711189e+01 2.42315063e+01
    1.89907627e+01 3.68231506e+01 3.06184406e+01 3.81739845e+01
    3.95125923e+01 2.70182228e+01 9.73365307e+00 2.60248013e+01
    3.71945724e+01 7.88077295e-01 2.84326401e+01 2.46645336e+01
    3.96552086e+01 3.82719827e+00 8.54227066e+00 3.12601614e+00
    1.89864712e+01 1.03686771e+01 2.34986992e+01 1.33551378e+01
    8.52795064e-01 3.75258026e+01 1.85120239e+01 1.96896076e+01
    3.68635597e+01 1.42586374e+01 1.47206564e+01 1.96681557e+01
    2.64927502e+01 3.13118100e+00 2.90221844e+01 1.08021011e+01
    3.91570740e+01 3.36153641e+01 1.86353035e+01 6.91514826e+00
    2.06314030e+01 9.35065460e+00 1.92897809e+00 3.57742386e+01
    1.65749855e+01 2.09685822e+01 2.18919640e+01 1.86460266e+01
    1.10746670e+01 1.75795727e+01 3.76307755e+01 4.74220228e+00
    3.50960517e+00 3.01809877e-01 3.78300438e+01 3.25609055e+01
    1.38258398e+00 6.12588263e+00 1.34391251e+01 2.60478325e+01
    9.71867466e+00 1.62097371e+00 2.85950909e+01 1.94015102e+01
    2.03056774e+01 3.64232178e+01 1.61223662e+00 3.41412239e+01
    3.22944756e+01 3.84076843e+01 3.11089458e+01 1.00860710e+01
    3.47469215e+01 3.03691082e+01 1.55145493e+01 9.16764355e+00
    1.95819056e+00 2.12238503e+00 1.44966259e+01 8.83571339e+00
    3.48298912e+01 3.82179070e+01 2.05257015e+01 7.42870855e+00
    3.97381759e+00 2.31789646e+01 2.84216366e+01 2.24614315e+01
    1.15936832e+01 3.05374603e+01 2.41155491e+01 2.01548500e+01
    5.85346842e+00 5.68430519e+00 3.16359730e+01 6.33259869e+00
    3.46358795e+01 1.57954044e+01 2.41464806e+00 2.75208778e+01
    8.86574364e+00 2.85180359e+01 1.92762625e+00 2.59350739e+01
    3.76571808e+01 4.58292198e+00 3.21700974e+01 3.45061684e+01
    1.42775650e+01 4.36972427e+00 3.27064681e+00 9.54078197e+00
    3.94465103e+01 2.47383575e+01 1.04863939e+01 2.23349590e+01
    1.33494673e+01 2.55593472e+01 6.69337225e+00 6.30200338e+00
    1.52233696e+01 1.13826628e+01 1.05448561e+01 2.26388474e+01
    3.73476105e+01 3.63107452e+01 8.47508240e+00 2.11184101e+01
    2.71221161e+01 1.06449270e+01 2.13718319e+01 9.34509945e+00
    3.13454113e+01 8.79587650e+00 6.57302237e+00 1.37252960e+01
    1.53371344e+01 1.96344662e+01 1.87203636e+01 1.49059753e+01
    1.33252888e+01 6.58386946e+00 2.90427380e+01 8.82249057e-01
    2.58131790e+01 3.74489808e+00 2.86264687e+01 1.20511427e+01
    7.66182947e+00 3.88060303e+01 1.31340666e+01 2.42083282e+01
    3.93789787e+01 3.79431229e+01 3.58751717e+01 2.29807663e+01
    9.66429043e+00 2.90854282e+01 1.99605293e+01 3.52227898e+01
    2.45679798e+01 1.38110638e+00 4.78647470e+00 2.78810062e+01
    2.14947844e+00 1.44968367e+01 1.51111584e+01 1.73206711e+01
    1.47922344e+01 3.65166807e+00 2.59275017e+01 3.52115059e+01
    3.90236320e+01 3.76088791e+01 3.56249542e+01 1.81817186e+00
    1.74866867e+01 3.54496193e+01 3.31374359e+01 1.10206890e+01
    1.95574436e+01 8.44288409e-01 1.80104980e+01 1.50379486e+01
    2.89044452e+00 1.37820654e+01 3.92218590e+01 2.52548752e+01
    9.29586792e+00 5.74885428e-01 2.57837620e+01 3.85534630e+01
    9.88268495e-01 2.14666004e+01 3.25758517e-01 2.88327370e+01
    2.81597919e+01 7.21127367e+00 4.09544373e+00 3.68810234e+01
    6.18710661e+00 1.34556427e+01 2.79866867e+01 3.57391777e+01
    2.11064053e+00 2.92290478e+01 6.80782366e+00 1.16589832e+01
    3.79045601e+01 9.36853313e+00 3.39554710e+01 1.37673044e+01
    1.46172657e+01 4.91650724e+00 1.37648354e+01 1.97033272e+01
    2.17308674e+01 2.42462597e+01 2.90715351e+01 1.88398018e+01
    2.52819462e+01 2.87558556e+01 1.75605583e+01 2.22944984e+01
    4.31509829e+00 6.06160307e+00 3.68183746e+01 1.75437279e+01
    3.57683372e+01 3.19082642e+00 1.81352863e+01 3.88766670e+01
    3.34551010e+01 6.58648300e+00 8.37899208e+00 3.83579407e+01
    3.76401825e+01 2.22714615e+01 1.97557926e+01 4.77745533e+00
    3.11498833e+01 3.44906769e+01 3.27477608e+01 6.98011351e+00
    2.53267326e+01 1.86853352e+01 3.47905660e+00 8.29989338e+00
    3.97454929e+00 2.09610963e+00 6.69197369e+00 3.90441971e+01
    3.84634094e+01 3.84814034e+01 2.75394192e+01 3.38114815e+01
    2.35134106e+01 7.59677172e+00 2.91116295e+01 6.69971895e+00
    3.16104927e+01 1.57969809e+01 1.36955395e+01 1.77767200e+01
    2.78334570e+00 3.34819450e+01 2.32357197e+01 1.10899553e+01
    8.71411037e+00 1.01116896e+01 2.49369411e+01 1.33245831e+01
    7.74678898e+00 2.93573494e+01 3.40928001e+01 9.60712624e+00
    3.45905647e+01 2.49386024e+01 2.10666046e+01 2.03655624e+01
    5.08566856e+00 2.36861858e+01 1.63016853e+01 3.28798752e+01
    2.87483616e+01 1.79958229e+01 1.22053080e+01 1.80525703e+01
    2.40732837e+00 1.59265947e+01 2.65561943e+01 3.44847107e+01
    1.42307496e+00 1.58176565e+01 1.54777327e+01 1.76023984e+00
    9.04367161e+00 1.78132839e+01 3.47433395e+01 3.43649340e+00
    1.17846708e+01 1.03923140e+01 2.60518665e+01 2.20463982e+01
    3.72275429e+01 1.36671801e+01 3.89565887e+01 1.52716732e+01
    2.92544956e+01 3.18348179e+01 3.84859962e+01 3.13562336e+01
    5.57352400e+00 3.18038311e+01 2.63562603e+01 8.34844494e+00
    3.16078358e+01 1.16003819e+01 3.30976067e+01 8.96885395e+00
    3.95385933e+01 3.21613998e+01 3.61284599e+01 3.65498009e+01
    9.49966526e+00 1.43960247e+01 2.59237709e+01 3.20221710e+01
    3.08207321e+01 3.55982742e+01 2.24779453e+01 1.39132538e+01
    2.82219429e+01 2.92852612e+01 3.02289257e+01 4.12301350e+00
    9.16873336e-01 2.55480747e+01 2.40142498e+01 2.36301384e+01
    3.69241753e+01 4.07633734e+00 3.14007645e+01 1.72780647e+01
    3.40888252e+01 2.95723591e+01 3.30854492e+01 2.49044857e+01
    1.06626768e+01 3.54383125e+01 1.58971138e+01 1.69843903e+01
    1.48843205e+00 2.27460842e+01 1.95594044e+01 5.15505981e+00
    3.87943459e+01 1.10578213e+01 1.87218361e+01 3.61622658e+01
    1.32911921e+01 1.53236179e+01 2.06270638e+01 2.95096626e+01
    1.80448647e+01 3.66213417e+01 1.46245842e+01 3.70667725e+01
    1.38388991e+00 2.43356991e+00 3.42473755e+01 3.65112076e+01
    3.45966072e+01 2.63435192e+01 1.23287210e+01 1.01562738e+01
    2.36229420e+01 6.95071757e-01 3.92571068e+01 2.31809940e+01
    1.78658581e+01 6.49364376e+00 2.33113594e+01 4.93009615e+00
    2.11607876e+01 3.17508183e+01 2.37047939e+01 4.65389299e+00
    2.47903671e+01 1.27770739e+01 3.70323563e+01 3.15309315e+01
    3.24896088e+01 2.32847824e+01 4.51655483e+00 2.68477268e+01
    3.81602440e+01 1.67524757e+01 1.75589314e+01 1.00282602e+01
    3.73514137e+01 3.79147458e+00 2.04082813e+01 1.65959530e+01
    2.66874962e+01 4.13357049e-01 1.67474918e+01 1.84420776e+01
    2.73790016e+01 3.18234005e+01 3.86345901e+01 1.70009403e+01
    1.76671085e+01 4.75458205e-02 3.43864861e+01 1.29660587e+01
    2.63708264e-01 1.56339521e+01 1.46720524e+01 6.31027603e+00
    2.82477665e+00 2.41875076e+01 7.08714962e+00 2.68126659e+01
    6.37804651e+00 7.42825842e+00 3.78197594e+01 1.65119972e+01
    2.07335262e+01 2.92544250e+01 3.55760880e+01 6.41778946e+00
    1.54810228e+01 2.21327152e+01 9.99076366e+00 2.68864269e+01
    2.63085794e+00 3.78451500e+01 1.25961566e+00 1.30425053e+01
    2.91861324e+01 2.70274973e+00 1.17931473e+00 2.13777390e+01
    6.65711689e+00 3.62179832e+01 2.16500130e+01 3.21420326e+01
    3.54654938e-01 5.92116737e+00 1.78303547e+01 3.57672157e+01
    3.59495087e+01 3.51175079e+01 8.98955727e+00 5.29761124e+00
    2.91279297e+01 2.11978207e+01 1.04884510e+01 1.48299255e+01
    2.96580868e+01 1.33507633e+01 3.11804047e+01 1.75708771e+01
    2.04840302e+00 1.44261513e+01 2.73884830e+01 7.33234596e+00
    3.78925018e+01 8.65754426e-01 1.87863216e+01 2.99848289e+01
    5.34007263e+00 3.33321114e+01 7.85690546e-01 1.22954865e+01
    3.02168198e+01 1.40273762e+01 2.96153183e+01 2.27019215e+01
    2.66990242e+01 2.05964584e+01 1.09408312e+01 3.02681541e+01
    2.07175179e+01 1.38294926e+01 8.75848293e+00 3.65611763e+01
    2.31913018e+00 4.95871639e+00 3.84104180e+00 2.11719437e+01
    3.41911201e+01 3.23363075e+01 1.78569374e+01 3.92816124e+01
    3.03223000e+01 8.70000362e+00 8.83494759e+00 2.87309132e+01
    4.75369072e+00 2.66835651e+01 9.48841763e+00 1.44081869e+01
    3.48619041e+01 2.45375633e+01 1.36570196e+01 2.86867638e+01
    5.86214876e+00 3.52554016e+01 2.76859875e+01 3.35103607e+01
    2.20593662e+01 4.49083281e+00 1.22689362e+01 2.89655018e+01
    2.40678272e+01 6.02413034e+00 1.41632833e+01 1.73723259e+01
    3.15822277e+01 5.14444256e+00 3.65151138e+01 1.82010250e+01
    1.05161562e+01 3.40176659e+01 1.40740166e+01 8.24024677e+00
    3.65097771e+01 1.84232178e+01 8.44899273e+00 3.66892700e+01
    1.56940746e+00 1.12080278e+01 2.37680054e+01 9.50361824e+00
    1.93109283e+01 3.96722031e+01 2.68427868e+01 2.85682030e+01
    1.85979366e+01 3.66805992e+01 2.13390865e+01 9.43760300e+00
    1.04183731e+01 3.14354954e+01 2.53880291e+01 2.29234982e+01
    3.86147308e+01 1.68195095e+01 4.50454235e+00 2.62035503e+01
    1.82161407e+01 1.64046326e+01 3.59694633e+01 1.14199209e+01
    6.50548363e+00 3.60659332e+01 3.41481857e+01 2.59968424e+00
    1.02669649e+01 2.36799774e+01 3.41523705e+01 4.13365698e+00
    1.36963892e+01 5.79262781e+00 3.33861961e+01 2.99155641e+00
    2.96697388e+01 1.71474171e+01 3.85173454e+01 2.32021027e+01
    1.60750294e+01 6.24996567e+00 2.29320374e+01 2.66376171e+01
    3.17187119e+01 2.66951923e+01 3.92198105e+01 3.17908173e+01
    1.82533779e+01 1.24119711e+01 3.07825661e+01 1.44699135e+01
    3.92975197e+01 2.78784943e+01 1.97007644e+00 2.16500740e+01
    2.83353359e-01 2.91724300e+00 3.42558746e+01 5.89731932e+00
    2.54538574e+01 1.28381815e+01 2.07772961e+01 1.34520788e+01
    8.92961216e+00 1.91525784e+01 2.95950775e+01 4.45697516e-01
    8.76391315e+00 1.15437574e+01 1.64104271e+01 2.64391632e+01
    1.60003586e+01 2.93386288e+01 1.83738480e+01 3.69588165e+01
    2.00660210e+01 3.50148849e+01 2.68935070e+01 3.19902973e+01
    1.91565285e+01 3.89260750e+01 1.28863831e+01 1.84842529e+01
    2.24530907e+01 2.68977280e+01 1.71828575e+01 3.45089912e+01
    1.20284729e+01 1.38205881e+01 3.31585693e+01 1.31215258e+01
    3.85582304e+00 4.15959501e+00 2.38156013e+01 2.86703014e+01
    2.16468167e+00 3.65969658e+01 4.96421432e+00 3.20816307e+01
    1.62183189e+01 2.03012390e+01 2.07880268e+01 5.59243488e+00
    3.72737259e-01 4.93880653e+00 3.64238955e-02 3.05235100e+01
    1.71005611e+01 1.04164257e+01 1.75747528e+01 3.44574013e+01
    9.24903679e+00 1.28210592e+01 2.62850418e+01 3.46945877e+01
    2.81712532e+01 2.78228168e+01 3.20780106e+01 1.09035234e+01
    3.23090706e+01 2.00261841e+01 4.41610098e+00 9.40765190e+00
    1.63975620e+01 1.35858736e+01 1.24091949e+01 2.69034748e+01
    2.97480136e-01 3.92338715e+01 2.75088673e+01 1.30341120e+01
    3.15230789e+01 1.79242420e+01 1.34834032e+01 5.98018360e+00
    1.35338192e+01 1.15425453e+01 8.79428673e+00 1.01967597e+00
    1.14336023e+01 1.56556702e+01 8.52054310e+00 1.11901979e+01
    3.15604172e+01 3.76920738e+01 1.69123325e+01 1.32958822e+01
    2.43218994e+00 3.66923637e+01 1.92651558e+01 2.17366467e+01
    5.88321972e+00 4.79797649e+00 1.96360664e+01 3.59565163e+01
    3.76082878e+01 2.46142063e+01 2.21642056e+01 2.86299191e+01
    2.45883770e+01 2.57224350e+01 2.09272385e+01 5.72393179e+00
    1.27628183e+01 3.83111343e+01 3.87701344e+00 2.14134479e+00
    6.63742924e+00 3.62967644e+01 2.78419647e+01 2.01523042e+00
    1.41736603e+00 3.21933365e+01 3.61350136e+01 2.38426042e+00
    5.12307644e+00 1.70118771e+01 3.51211815e+01 8.03862381e+00
    4.72192860e+00 2.75919032e+00 1.85240250e+01 1.72463970e+01
    1.50926697e+00 5.32055187e+00 1.50092382e+01 4.93203211e+00
    2.24336758e+01 3.54899712e+01 7.03720236e+00 2.68094158e+01
    2.42722626e+01 2.92643223e+01 1.41025782e+01 2.35466385e+01
    1.59371958e+01 1.73220825e+01 5.83075237e+00 2.80896807e+00
    2.76423955e+00 2.44798336e+01 1.73363647e+01 3.87079010e+01
    3.40919380e+01 2.31258926e+01 1.27851553e+01 6.29640281e-01
    1.39616070e+01 1.79907665e+01 1.70353165e+01 1.42828646e+01
    5.54711103e+00 3.55752220e+01 6.62413692e+00 3.53892479e+01
    3.11528168e+01 2.10737896e+01 2.30524788e+01 3.61197853e+01
    2.27043896e+01 8.44736099e+00 7.44088936e+00 7.37544346e+00
    2.53074398e+01 1.71730194e+01 2.42566738e+01 2.44764576e+01
    2.72605934e+01 1.18983774e+01 3.91582260e+01 2.38247013e+01
    6.40408278e-01 9.57836914e+00 1.39607010e+01 2.23812866e+01
    2.35185108e+01 3.04086208e+01 1.28465092e+00 2.34213352e+01
    3.42254410e+01 3.01974220e+01 2.89414196e+01 6.22971487e+00
    2.19821644e+01 8.30541325e+00 2.62587032e+01 2.70411701e+01
    1.53062944e+01 6.73863840e+00 3.75759125e+01 3.47813339e+01
    2.58398876e+01 1.84503593e+01 3.13987484e+01 1.70829849e+01
    1.74152012e+01 3.03055782e+01 1.24059916e+01 1.73159599e+01
    8.19843292e+00 3.40943933e+00 7.30587482e+00 2.25226746e+01
    5.14316320e-01 1.19484444e+01 2.95252085e+00 3.72452927e+01
    2.19569588e+01 2.03178387e+01 1.43073826e+01 3.01979046e+01
    3.60378494e+01 2.26361771e+01 3.17442818e+01 3.69785690e+01
    7.31764269e+00 1.74779701e+01 2.11399803e+01 3.00311279e+00
    5.01437569e+00 4.04156303e+00 2.35230350e+01 1.84301529e+01
    3.43535614e+01 9.95822906e+00 3.74525414e+01 2.32517052e+01
    3.43044519e+00 9.29193437e-01 1.71211700e+01 1.77112484e+01
    1.73278368e+00 3.59947610e+00 1.64691219e+01 3.76377678e+01
    3.36259995e+01 2.18115101e+01 3.37609558e+01 3.83048172e+01
    2.35953884e+01 3.46958466e+01 2.93029308e+01 3.30261993e+01
    6.56741238e+00 9.66950536e-01 3.95953674e+01 3.06541405e+01
    2.97702637e+01 1.69762325e+01 2.93601475e+01 1.90157871e+01
    1.61133728e+01 1.67973061e+01 1.25583296e+01 1.28214436e+01
    1.61900921e+01 1.74528384e+00 1.23750000e+01 3.61475029e+01
    1.24885731e+01 2.48417835e+01 2.68815231e+01 5.99818611e+00
    1.07068005e+01 2.52903309e+01 2.70737362e+01 2.72832603e+01
    2.24271374e+01 1.74403572e+00 3.87703438e+01 5.23585463e+00
    3.88205185e+01 3.11242161e+01 1.89756794e+01 2.19307842e+01
    2.82488556e+01 3.40804791e+00 2.60466442e+01 1.00940332e+01
    3.69366531e+01 1.90257034e+01 2.92465806e+00 3.47913551e+01
    2.15989189e+01 2.12114263e+00 2.65650406e+01 6.32682228e+00
    5.70988464e+00 6.81491613e+00 1.41221514e+01 1.61391773e+01
    1.58693018e+01 3.32689743e+01 2.17324805e+00 7.99915600e+00
    3.34239616e+01 4.40388346e+00 2.94450111e+01 2.13621559e+01
    6.64591265e+00 3.39104614e+01 3.42490845e+01 3.08787689e+01
    1.08979740e+01 2.60336423e+00 1.38736076e+01 1.18160257e+01
    3.64026260e+01 3.48488274e+01 7.47226000e+00 3.42885399e+01
    2.66178274e+00 2.78775716e+00 1.35580254e+01 2.72589092e+01
    9.39760017e+00 1.37528067e+01 1.12928896e+01 1.77713776e+01
    1.22880125e+01 2.42604375e+00 1.07241268e+01 3.89050150e+00
    3.29693604e+01 9.29664993e+00 1.45926733e+01 2.74487534e+01
    3.16855354e+01 1.76197886e+00 2.09376141e-01 6.21895075e+00
    1.92043343e+01 3.50138779e+01 3.45109634e+01 8.17732692e-01
    2.12538452e+01 2.60371976e-02 1.50635481e+01 2.17014351e+01
    2.78125095e+01 3.48935966e+01 3.43018951e+01 1.46892490e+01
    8.16960526e+00 8.94929695e+00 1.90661335e+01 3.52452087e+01
    5.04739714e+00 5.78517735e-01 1.72113857e+01 3.29105759e+01
    3.50519449e-01 2.76543617e+01 2.63853860e+00 3.81229515e+01
    3.87374353e+00 1.73985043e+01 8.59737587e+00 2.45257974e+00
    3.23705254e+01 4.23919106e+00 2.48149376e+01 2.56235790e+01
    3.16342068e+01 9.01638126e+00 1.73550568e+01 2.07217274e+01
    2.34765549e+01 2.11182451e+00 2.75100098e+01 3.42070274e+01
    2.56387844e+01 9.72710037e+00 3.65393715e+01 2.00934315e+01
    1.27363329e+01 3.99340224e+00 2.47925930e+01 2.42841129e+01
    2.29696789e+01 1.49529362e+01 2.41694622e+01 1.32261486e+01
    8.37759686e+00 1.88201940e+00 2.34011192e+01 4.67659521e+00
    1.38061552e+01 2.35362492e+01 1.24629097e+01 2.14234657e+01
    1.02238216e+01 7.16168928e+00 3.61033974e+01 3.93502712e+00
    3.92724152e+01 1.64913082e+01 3.60589104e+01 1.49066238e+01
    3.59356956e+01 1.01701803e+01 2.24650650e+01 3.58563385e+01
    3.51941261e+01 2.20327110e+01 7.30633688e+00 3.74135094e+01
    3.25467529e+01 8.29805088e+00 6.65738487e+00 2.16971703e+01
    2.62003392e-01 4.73184109e+00 4.51918936e+00 3.20698509e+01
    2.58871002e+01 1.05794554e+01 1.52256966e+01 3.94850693e+01
    5.78096151e+00 2.79117031e+01 1.32684298e+01 3.08233547e+00
    2.98718605e+01 3.97174950e+01 3.06915913e+01 1.72529545e+01
    2.60472775e+01 1.49690151e+01 2.14623718e+01 1.11134062e+01
    7.38024855e+00 1.07227497e+01 3.54237032e+00 2.74163475e+01
    8.36844063e+00 3.70367470e+01 4.28063107e+00 3.30046234e+01
    2.76956387e+01 1.29475594e+01 3.89299011e+01 3.70928421e+01
    1.49031315e+01 1.74244556e+01 1.91085415e+01 1.17853174e+01
    2.29389610e+01 5.68174744e+00 5.34257126e+00 2.24017658e+01
    3.15107670e+01 3.76205978e+01 2.82660222e+00 3.01821899e+01
    1.82390938e+01 1.99436150e+01 2.38430538e+01 1.69374218e+01
    1.56817973e+00 8.66149724e-01 2.15810108e+01 2.86059113e+01
    1.18139601e+01 3.21244240e+01 2.79277802e+01 2.06413441e+01
    3.96199875e+01 3.52934494e+01 8.17878056e+00 3.42049713e+01
    3.15487766e+01 7.43040085e+00 2.58321171e+01 3.07871857e+01
    1.20388496e+00 1.60288310e+00 2.97728939e+01 1.44066391e+01
    7.79088354e+00 3.49220543e+01 3.70602989e+01 2.45223904e+01
    3.54978828e+01 3.38363113e+01 2.45703526e+01 2.66880474e+01
    3.79882469e+01 2.06305456e+00 7.61951494e+00 2.27309704e+00
    2.06936226e+01 1.87793808e+01 3.59512558e+01 2.32829714e+00
    5.47646570e+00 2.91654282e+01 1.63506775e+01 1.31671934e+01
    2.64200878e+01 2.92830200e+01 2.29247093e+01 3.29788857e+01
    2.29159164e+00 3.96447830e+01 3.76421280e+01 2.72961960e+01
    1.86255455e+01 3.14037209e+01 3.06736221e+01 2.08145523e+00
    2.64677372e+01 2.58689556e+01 3.92712860e+01 2.87378101e+01
    3.16010690e+00 2.94612103e+01 7.91596985e+00 1.74452400e+01
    2.47922039e+01 1.41703863e+01 1.25527573e+01 2.65208888e+00
    1.55184278e+01 2.61775160e+00 3.73190994e+01 3.74923668e+01
    3.68025093e+01 3.95170259e+00 1.82256927e+01 1.35921450e+01
    1.28891335e+01 1.14137535e+01 2.84934406e+01 2.37825279e+01
    1.40459757e+01 2.31999416e+01 1.72860584e+01 3.40638781e+00
    1.56659184e+01 5.72194338e+00 2.86352367e+01 3.87000370e+00
    1.42187939e+01 1.32582312e+01 2.31461296e+01 1.02200432e+01
    2.58402519e+01 2.75131779e+01 2.78738117e+00 1.22956839e+01
    3.37898331e+01 2.64645672e+01 4.47761118e-01 1.77203255e+01
    8.36556530e+00 1.37234783e+01 3.47661281e+00 3.43095741e+01
    3.59644852e+01 1.10804005e+01 2.00985279e+01 1.45138292e+01
    2.13361859e+00 3.39439583e+01 3.18352642e+01 3.02233868e+01
    1.78498669e+01 5.96479893e+00 8.52959919e+00 2.07819061e+01
    2.02614899e+01 1.17367804e+00 5.90989399e+00 1.84921837e+01
    3.66310310e+01 1.41124277e+01 5.41470623e+00 3.68599701e+01
    3.68361168e+01 1.48686132e+01 2.30391560e+01 1.41118336e+01
    1.88105905e+00 3.70862885e+01 6.83923483e+00 1.32641840e+01
    9.85698414e+00 3.70388770e+00 1.43087015e+01 3.13593502e+01
    2.85152798e+01 3.36481247e+01 1.90820718e+00 9.12267303e+00
    3.94218407e+01 3.59517670e+01 1.02061205e+01 3.89821663e+01
    3.05322886e+00 2.28466301e+01 2.77563381e+01 1.98041821e+01
    1.64317381e+00 1.17390919e+01 1.50961456e+01 1.34757595e+01
    3.59731331e+01 2.01104736e+01 1.39309177e+01 1.68549442e+01
    3.87477112e+00 3.67252274e+01 3.95794029e+01 3.44498787e+01
    3.17772126e+00 9.44170475e+00 2.21257229e+01 2.37365856e+01
    2.07620716e+01 1.53445015e+01 2.28846855e+01 2.60264664e+01
    2.18419456e+01 1.89757519e+01 3.45117569e+01 3.78794937e+01
    2.94467487e+01 6.09687376e+00 2.20480270e+01 3.80699997e+01
    1.60141444e+00 1.24194593e+01 2.22929363e+01 2.41138846e-01
    8.43851471e+00 3.76956787e+01 2.64747028e+01 2.96129303e+01
    1.46584063e+01 1.68242683e+01 1.83617420e+01 1.25735531e+01
    2.30409756e+01 3.25440292e+01 2.41621895e+01 3.34224625e+01
    9.46998596e+00 2.70772400e+01 8.21775246e+00 2.47838039e+01
    1.30121937e+01 4.39921236e+00 2.62639790e+01 2.65564594e+01
    7.91670322e+00 2.42447891e+01 3.53378334e+01 2.76944809e+01
    2.23660183e+01 2.30044060e+01 9.76326084e+00 7.11037016e+00
    2.65307961e+01 3.10402226e+00 1.35783272e+01 2.84477730e+01
    3.67139053e+01 1.29711142e+01 3.85582466e+01 1.78315315e+01
    2.52743645e+01 1.82040584e+00 2.83366089e+01 9.29442692e+00
    1.79439793e+01 4.11894798e+00 1.60408058e+01 1.89026117e+00
    3.09276009e+01 3.45598640e+01 1.16105661e+01 3.04031162e+01
    1.40737047e+01 2.61666336e+01 2.23654022e+01 5.91503716e+00
    1.17684669e+01 6.96394730e+00 1.32413874e+01 1.34605389e+01
    2.82680058e+00 2.04425087e+01 1.12187386e+01 3.27940865e+01
    3.82370186e+01 1.44807091e+01 2.18747902e+01 1.13392725e+01
    2.89342976e+01 6.34470034e+00 2.55306835e+01 2.95057964e+01
    1.47147160e+01 2.84676361e+01 1.92917004e+01 6.07090044e+00
    6.99810982e+00 1.91719856e+01 1.93896370e+01 2.98553524e+01
    8.30791950e+00 2.77062893e+01 2.76687164e+01 2.37172260e+01
    9.57654572e+00 4.45573425e+00 3.71340065e+01 2.19422989e+01
    1.90664139e+01 5.42298460e+00 1.48672571e+01 2.17903767e+01
    9.23166466e+00 1.23266411e+01 2.33672256e+01 2.87428498e+00
    8.94079876e+00 2.41381397e+01 1.02236834e+01 3.63183546e+00
    7.20307159e+00 3.80123253e+01 2.59109688e+01 5.67837381e+00
    1.59530191e+01 1.17708282e+01 1.86521282e+01 2.79946499e+01
    8.49550247e+00 1.82149811e+01 7.01126337e-01 3.78113976e+01
    1.70438061e+01 3.92366371e+01 7.47038412e+00 1.69933879e+00
    3.12731762e+01 2.23815269e+01 3.45603714e+01 1.91900558e+01
    2.43164921e+01 2.54944572e+01 8.69522953e+00 1.06221409e+01
    7.10906601e+00 9.34637833e+00 2.73573837e+01 3.87722130e+01
    1.60283051e+01 1.34215844e+00 3.60928078e+01 2.28322926e+01
    1.31507034e+01 9.97276962e-01 2.13607483e+01 2.64343510e+01
    2.87123508e+01 1.14158201e+01 5.16907752e-01 3.74927521e+01
    8.79281616e+00 1.14185648e+01 3.35580902e+01 9.39719486e+00
    2.39838428e+01 1.94684613e+00 2.47714386e+01 1.41568308e+01
    4.90657663e+00 2.41859989e+01 2.62037449e+01 1.92340851e+01
    1.16009445e+01 3.51063309e+01 4.90780258e+00 1.37959986e+01
    2.90074539e+01 3.62253532e+01 2.58708763e+01 3.78800316e+01
    2.74152584e+01 2.74299622e+00 2.22343769e+01 2.57877579e+01
    4.28617001e+00 2.32704411e+01 1.76536560e+01 1.07591314e+01
    7.04130602e+00 2.47954216e+01 1.39420786e+01 3.07238178e+01
    1.80261555e+01 2.15504494e+01 1.76444912e+01 3.24139786e+01
    3.35146141e+01 1.58948135e+01 3.67550354e+01 2.64873753e+01
    3.05703106e+01 2.14276371e+01 6.26340246e+00 2.46232014e+01
    2.30194130e+01 2.49142551e+01 2.45978413e+01 4.37141180e+00
    1.55221701e+01 1.17894411e+01 9.44232464e+00 2.17759724e+01
    6.40438509e+00 3.46912537e+01 1.38691807e+01 3.87958565e+01
    2.22688427e+01 2.51379929e+01 1.52181053e+01 1.03251038e+01
    2.47909222e+01 2.06346073e+01 4.84248638e+00 1.43596449e+01
    2.79505749e+01 3.46074562e+01 2.26511993e+01 4.00829268e+00
    3.69429398e+01 3.82001076e+01 5.70463133e+00 1.08806858e+01
    3.29158282e+00 1.41746960e+01 8.90738487e+00 1.62993984e+01
    1.01264105e+01 2.81005917e+01 3.84783196e+00 1.63106308e+01
    1.46062031e+01 5.07840586e+00 6.95286036e+00 2.90059090e+01
    1.59401503e+01 2.56447067e+01 9.48163605e+00 2.12864056e+01
    1.32499228e+01 3.80194187e+00 3.96331954e+00 5.24367523e+00
    2.12955379e+00 5.17946386e+00 1.40692961e+00 2.37964802e+01
    5.37456799e+00 3.30028687e+01 2.75408435e+00 3.42999611e+01
    1.96399632e+01 3.08271084e+01 3.04869270e+01 3.62039566e+01
    1.94603786e+01 3.48707581e+01 3.61789322e+01 9.45590878e+00
    2.33038311e+01 2.12163601e+01 1.63072014e+01 8.14738655e+00
    8.93674946e+00 3.60135078e+01 6.81910563e+00 2.85252094e+01
    7.62596321e+00 6.95520926e+00 5.58431911e+00 2.07045593e+01
    2.61995525e+01 3.80856590e+01 3.91144524e+01 1.69294052e+01
    2.73604279e+01 6.29443693e+00 6.00698519e+00 8.12670112e-01
    2.78907700e+01 9.08662510e+00 1.79544907e+01 1.32507420e+00
    2.88936501e+01 2.34246273e+01 1.55269823e+01 2.94661236e+01
    1.97610092e+01 3.07068996e+01 3.65178452e+01 1.41869564e+01
    3.28464622e+01 1.21195793e+01 3.42114334e+01 3.34981651e+01
    5.66387320e+00 2.21457901e+01 2.38089161e+01 1.93108673e+01
    7.33531618e+00 1.24948959e+01 6.10805416e+00 8.34474277e+00
    3.67899590e+01 1.05684233e+01 1.55054893e+01 3.79490051e+01
    3.42539062e+01 9.11764801e-01 3.20581198e+00 2.77353249e+01
    2.28913689e+01 4.95699167e+00 3.13573990e+01 3.13092632e+01
    8.16942978e+00 1.45966043e+01 3.25023232e+01 6.20847106e-01
    2.72579746e+01 2.59762115e+01 2.83153572e+01 5.84274101e+00
    3.34442749e+01 2.89268990e+01 1.14869251e+01 3.20096159e+00
    3.90295148e+00 1.83668804e+01 1.01432505e+01 8.53618717e+00
    1.54320562e+00 1.30496197e+01 3.96664124e+01 1.78689861e+01
    1.81008453e+01 8.63983917e+00 1.15429831e+01 8.01039791e+00
    1.90072441e+01 2.44950600e+01 3.36606026e+01 2.84720230e+00
    1.60363846e+01 3.07625504e+01 3.28504028e+01 3.63484039e+01
    1.74626236e+01 2.93402538e+01 1.97283955e+01 1.78820133e+01
    2.27347732e+00 3.47129536e+00 3.17486076e+01 1.03520308e+01
    6.00975227e+00 2.73914776e+01 2.22785721e+01 6.23229933e+00
    3.66832657e+01 2.21931343e+01 3.13772926e+01 3.72031822e+01
    1.05059757e+01 3.18533096e+01 5.06729984e+00 5.76140547e+00
    4.25198555e+00 1.20584583e+00 2.46906948e+01 2.17967701e+01
    1.58079042e+01 1.08299608e+01 3.92423859e+01 3.23714409e+01
    5.78484774e+00 1.81562366e+01 3.21665726e+01 3.41880379e+01
    2.54562454e+01 9.30182648e+00 7.09184933e+00 1.76401005e+01
    2.90197544e+01 7.98718834e+00 1.11313515e+01 3.95663528e+01
    4.18746090e+00 2.90428305e+00 2.50505886e+01 1.29730654e+01
    1.05204678e+01 9.84913349e+00 7.26374006e+00 1.66617832e+01
    2.10309105e+01 3.83452492e+01 2.82164726e+01 9.65150642e+00
    2.08931808e+01 1.87708340e+01 5.24668074e+00 3.25766826e+00
    1.27301598e+01 1.32441628e+00 1.12195749e+01 3.76241341e+01
    1.37553301e+01 3.17428246e+01 1.83776169e+01 5.74074936e+00
    9.42967224e+00 3.27493477e+00 6.77783346e+00 3.19512234e+01
    3.06864262e+01 6.91167498e+00 1.34797490e+00 1.75751801e+01
    3.35885887e+01 1.35668344e+01 3.67137451e+01 2.46040630e+01
    3.02497978e+01 6.55638838e+00 2.58326931e+01 3.78700294e+01
    3.33203850e+01 3.78694677e+00 4.49259472e+00 2.25154667e+01
    1.07413483e+01 2.98878727e+01 2.99818497e+01 3.91810875e+01
    2.82436295e+01 7.15453386e+00 2.15064602e+01 1.69569731e-01
    3.36584015e+01 3.62221794e+01 1.85470734e+01 3.60794449e+01
    3.07007217e+01 3.10408669e+01 1.13283014e+01 2.23536320e+01
    4.58524227e+00 3.48656321e+00 2.47791424e+01 3.53508835e+01
    1.09048510e+01 2.93047657e+01 1.09487200e+01 3.11291084e+01
    2.61045933e+00 2.53958168e+01 3.52545395e+01 3.88369980e+01
    3.02414179e+00 2.62078457e+01 7.07093596e-01 3.69608765e+01
    3.28299751e+01 4.61034918e+00 2.66432133e+01 1.06221685e+01
    6.26410961e+00 3.33507576e+01 3.53222618e+01 2.66359253e+01
    1.45458269e+01 3.67141304e+01 2.68540459e+01 2.71860981e+01
    3.77665138e+01 1.48850803e+01 1.06691589e+01 8.97113228e+00
    3.66673584e+01 4.35283136e+00 1.09485550e+01 3.19082985e+01
    2.37666798e+01 1.23047562e+01 1.07155676e+01 3.15777111e+01
    7.85031414e+00 1.05550385e+01 1.70531597e+01 1.09561357e+01
    2.19810715e+01 2.94107876e+01 1.63291740e+01 2.23072376e+01
    3.86121330e+01 1.83774204e+01 2.75594120e+01 3.75942154e+01
    1.52615795e+01 3.42049522e+01 2.25746593e+01 3.63128853e+01
    3.41103249e+01 1.71823082e+01 9.13558304e-01 3.41918030e+01
    3.39236259e+01 2.79210353e+00 1.24777584e+01 2.53503418e+00
    5.14391851e+00 1.09159298e+01 1.99817657e+01 2.25423393e+01
    2.39462910e+01 5.68624306e+00 3.60184212e+01 2.89781361e+01
    2.28560658e+01 2.23843250e+01 3.96650276e+01 1.24720106e+01
    2.23406963e+01 2.75726032e+01 1.97035313e+01 3.14536324e+01
    3.39081078e+01 3.15123119e+01 1.25639381e+01 2.47162495e+01
    2.56210766e+01 2.16792202e+01 2.03162327e+01 8.84657669e+00
    2.89828129e+01 2.65645752e+01 1.48532906e+01 1.53736725e+01
    3.84620171e+01 2.13998852e+01 1.00635605e+01 1.04971666e+01
    3.32200356e+01 3.01355705e+01 1.51776857e+01 3.29343147e+01
    1.70338786e+00 1.18306122e+01 3.29818878e+01 3.12887077e+01
    2.44014549e+01 3.63261437e+00 2.35875053e+01 2.64812469e+01
    2.67364621e+00 2.82953014e+01 1.42825661e+01 1.69594383e+01
    3.17874794e+01 3.01503158e+00 3.04419308e+01 1.64157085e+01
    6.62558556e+00 3.65650215e+01 7.69114161e+00 1.60823250e+00
    2.61095285e+00 1.08489885e+01 7.59492111e+00 1.11673622e+01
    7.80008852e-01 2.54387550e+01 1.41996756e+01 3.70507851e+01
    2.89169769e+01 3.68415380e+00 1.96627235e+01 3.67903366e+01
    2.43656940e+01 3.41346207e+01 3.63751717e+01 3.46574020e+01
    3.95637894e+01 1.31540251e+01 3.83763962e+01 2.78652191e+01
    1.21446333e+01 3.75765991e+01 1.62745209e+01 1.43912542e+00
    3.98540640e+00 2.78279114e+01 1.14366636e+01 3.04130197e+00
    1.76368046e+01 1.12700644e+01 2.03061905e+01 9.05683041e+00
    4.54651642e+00 2.90159798e+01 3.53944626e+01 1.25525589e+01
    8.60697937e+00 1.76322269e+01 1.08183603e+01 3.74898033e+01
    1.34385443e+00 1.16638231e+01 1.99171200e+01 2.02021294e+01
    5.90202093e-01 3.14464626e+01 1.66780739e+01 1.11950598e+01
    2.98156013e+01 9.60853958e+00 3.32943192e+01 3.77013092e+01
    3.73512602e+00 6.99317074e+00 1.48787832e+01 5.55351114e+00
    7.40004826e+00 1.09307413e+01 1.28339279e+00 9.46254349e+00
    3.30827866e+01 3.79550819e+01 3.46632919e+01 1.12896323e+00
    1.92222042e+01 2.77161522e+01 3.15784574e+00 3.53509483e+01
    1.41870284e+00 1.39212775e+00 3.85940437e+01 1.18775845e+00
    3.53172340e+01 2.04800587e+01 2.94948006e+01 3.79404564e+01
    1.15961666e+01 1.82550144e+01 2.55563622e+01 3.45790749e+01
    1.80125141e+01 3.83907318e+01 3.66020813e+01 1.03695879e+01
    1.74903030e+01 6.47205257e+00 2.41820202e+01 2.48137646e+01
    3.53208504e+01 6.46547127e+00 4.89573061e-01 1.85047197e+00
    1.12691755e+01 2.65222263e+01 2.49567490e+01 1.71106396e+01
    2.65050335e+01 2.60151939e+01 6.82080269e+00 3.90353703e+00
    2.09261436e+01 3.12257309e+01 5.40557098e+00 1.12797439e+00
    3.73575821e+01 1.90985889e+01 3.29867668e+01 1.55449438e+01
    3.00057507e+01 3.92617531e+01 7.28710079e+00 2.43240204e+01
    2.65803585e+01 3.17101269e+01 7.66890764e-01 4.24225521e+00
    2.33250217e+01 2.35594788e+01 1.24378657e+00 1.85861073e+01
    3.42128220e+01 2.93257351e+01 2.96057892e+01 2.00092449e+01
    1.44607389e+00 3.01382027e+01 4.29760456e+00 7.73259354e+00
    2.92597523e+01 3.56208725e+01 2.61993713e+01 3.78881302e+01
    5.08213043e-01 1.64787903e+01 1.43222818e+01 1.67326527e+01
    2.41330600e+00 2.61692467e+01 2.37277203e+01 3.01038818e+01
    2.33422375e+01 2.93600903e+01 2.03870068e+01 3.05964470e+01
    2.99368649e+01 3.08615398e+01 3.43449631e+01 3.70432739e+01
    2.12895794e+01 1.23323641e+01 7.48121405e+00 3.45856247e+01
    8.89823437e+00 2.32884884e+01 3.82211151e+01 2.94910049e+01
    3.80788040e+01 2.11088524e+01 2.47682762e+01 1.79496613e+01
    2.91055088e+01 1.55251245e+01 1.68568726e+01 2.61908875e+01
    3.80899429e+01 1.81857300e+01 2.56073837e+01 3.66315994e+01
    2.23172245e+01 3.56570282e+01 3.17354279e+01 3.14959412e+01
    2.12591152e+01 3.64752769e+01 2.77648201e+01 7.16803074e-01
    4.81248951e+00 3.13148327e+01 8.77602100e-01 1.65166607e+01
    1.72766666e+01 8.79816341e+00 8.65027809e+00 2.38237362e+01
    1.16452532e+01 3.11792774e+01 2.03301773e+01 2.37122726e+01
    3.16566062e+00 4.09714013e-01 8.31573296e+00 1.62413330e+01
    2.70983829e+01 1.04264081e+00 1.60993118e+01 9.91442871e+00
    3.85375633e+01 1.25519505e+01 2.22218781e+01 9.09133434e+00
    1.26330280e+01 4.47012854e+00 3.21043134e+00 3.29737282e+01
    2.81842155e+01 2.97482729e+00 1.63109264e+01 4.71246624e+00
    2.62289391e+01 9.81645393e+00 2.15272114e-01 1.84154377e+01
    4.53264952e+00 4.15614271e+00 3.78064060e+00 9.60643864e+00
    3.69595108e+01 2.01284008e+01 2.60405827e+01 1.58311882e+01
    3.36739693e+01 1.05265465e+01 6.91836119e+00 2.59990673e+01
    3.94900084e+00 3.89834785e+01 2.20157967e+01 2.71471748e+01
    1.13160448e+01 1.72559891e+01 2.66913056e+00 2.17963810e+01
    3.39319992e+01 2.65482388e+01 2.87200832e+01 3.59679489e+01
    3.23309097e+01 3.19985218e+01 2.43215179e+01 3.09803677e+01
    2.71927147e+01 2.62077103e+01 3.86350393e+00 2.72098713e+01
    7.62409496e+00 2.87124443e+01 1.93123627e+01 1.43562202e+01
    2.35195312e+01 2.55048389e+01 2.12466793e+01 2.73220310e+01
    1.29918756e+01 3.19500637e+01 2.53452415e+01 2.79558873e+00
    2.04710388e+01 2.16932373e+01 1.78777504e+01 2.95837288e+01
    3.18698902e+01 1.20085287e+01 4.01985168e+00 2.48289776e+01
    2.43656006e+01 2.55627995e+01 3.25296097e+01 4.56514454e+00
    1.69346828e+01 2.82950848e-01 1.99729023e+01 3.13190498e+01
    1.74200764e+01 3.55960274e+01 1.70798721e+01 1.92564049e+01
    2.31212330e+01 2.52104139e+00 1.03259325e+01 2.79130745e+01
    5.26938009e+00 7.26274824e+00 9.08536148e+00 1.58218403e+01
    1.24188309e+01 2.00861473e+01 2.10649586e+01 4.86150408e+00
    1.54398489e+00 9.19577554e-02 2.07033863e+01 3.70260544e+01
    2.08462868e+01 1.09570503e+01 2.93537292e+01 2.89822521e+01
    2.50921516e+01 1.61821518e+01 7.27936983e+00 2.20666924e+01
    1.90832691e+01 1.20062103e+01 2.74366970e+01 2.54978142e+01
    2.59555149e+00 3.27559967e+01 3.65454674e+01 3.06361828e+01
    1.87032948e+01 1.61708298e+01 2.09529781e+01 3.42483292e+01
    2.29836197e+01 3.26482697e+01 3.03304558e+01 3.34577637e+01
    1.72481670e+01 3.21026649e+01 3.74788322e+01 1.29010134e+01
    1.24928341e+01 2.10879707e+01 9.00424004e+00 1.35348797e+01
    1.63085022e+01 3.06030483e+01 3.18200378e+01 3.26113892e+01
    2.19062901e+01 2.94506531e+01 7.26333737e-01 1.01754303e+01
    3.74380760e+01 1.88825111e+01 2.22585144e+01 3.60501823e+01
    2.04856243e+01 2.74870090e+01 8.80597210e+00 2.53794575e+01
    1.28595333e+01 1.55924435e+01 1.02464085e+01 1.18820105e+01
    2.67472649e+01 2.50695877e+01 4.96660423e+00 2.88808441e+01
    3.08979297e+00 3.47751122e+01 1.94219360e+01 1.74740925e+01
    2.42166138e+00 3.32968597e+01 3.10192413e+01 3.09240456e+01
    1.27763243e+01 2.08918190e+01 5.06029892e+00 3.78660812e+01
    4.96102047e+00 1.81172428e+01 1.17159128e+01 1.31136692e+00
    2.68714199e+01 1.66970387e+01 3.45977821e+01 3.44623451e+01
    6.74044466e+00 3.61281166e+01 3.42688103e+01 2.76350918e+01
    3.49513893e+01 1.93303096e+00 1.80122452e+01 2.09456806e+01
    1.84112473e+01 2.31472301e+01 3.54663734e+01 1.27868290e+01
    1.55921860e+01 2.35832195e+01 3.83444290e+01 1.21426182e+01
    1.67092304e+01 2.85873508e+00 1.00125380e+01 1.56348267e+01
    1.94263363e+01 2.50144176e+01 8.58887577e+00 3.32781181e+01
    2.47328815e+01 9.65404510e+00 2.15970516e+01 1.70538788e+01
    9.50213242e+00 1.62218647e+01 2.60916653e+01 2.24584541e+01
    3.73281593e+01 2.47166767e+01 2.96958981e+01 6.40210533e+00
    3.68327408e+01 1.31150322e+01 1.34844971e+01 2.67586536e+01
    4.22311544e+00 7.70888853e+00 2.71268368e+01 2.43368969e+01
    3.30977707e+01 1.76098423e+01 3.76957664e+01 2.66799107e+01
    8.41509247e+00 3.55254059e+01 2.05975380e+01 2.90730038e+01
    1.09869661e+01 1.56588726e+01 3.63209229e+01 3.16905069e+00
    2.20066090e+01 1.32370377e+01 6.53643608e+00 2.80826054e+01
    2.42439518e+01 7.25108433e+00 3.82509117e+01 3.20756607e+01
    1.93800259e+01 1.20692959e+01 2.28897524e+00 3.02817822e+01
    1.79263496e+01 3.15155563e+01 4.52887344e+00 5.26028681e+00
    2.83416271e+01 1.78144684e+01 2.26466312e+01 2.88634796e+01
    2.41063328e+01 1.45927515e+01 2.94957101e-01 2.35497093e+01
    3.26594772e+01 1.42948103e+01 2.10010967e+01 3.89139252e+01
    2.15950165e+01 1.65483475e+01 2.27217102e+01 2.62617683e+01
    2.35248451e+01 2.13159313e+01 1.87116947e+01 3.39654388e+01
    7.12945557e+00 2.48928814e+01 2.74646454e+01 2.68577805e+01
    4.31460428e+00 3.01974869e+01 2.66581306e+01 3.03755546e+00
    2.54795723e+01 1.94613762e+01 2.23872738e+01 2.92735119e+01
    3.92750282e+01 5.30180931e+00 3.80023079e+01 3.81918640e+01
    3.16348400e+01 3.28130188e+01 3.92927322e+01 7.36682987e+00
    3.59747925e+01 4.94896746e+00 3.53550224e+01 2.86182575e+01
    9.75458813e+00 3.19116364e+01 2.63453522e+01 2.45973091e+01
    3.03626022e+01 1.78593254e+01 1.67470150e+01 3.59455948e+01
    2.65282497e+01 6.19175291e+00 3.30411911e+01 3.07417507e+01
    2.34976883e+01 3.70971146e+01 1.49230070e+01 2.97668419e+01
    4.35609007e+00 3.70537186e+01 3.94200211e+01 9.23424435e+00
    3.69268036e+01 3.49840927e+01 2.37861848e+00 2.04382992e+01
    1.61080627e+01 3.02658806e+01 3.64392166e+01 1.21095858e+01
    7.70593214e+00 1.02770472e+01 1.87866249e+01 3.65831528e+01
    3.32771606e+01 2.61865940e+01 3.29518051e+01 2.25864334e+01
    2.23833828e+01 3.84519081e+01 3.76694145e+01 3.43195839e+01
    2.13033543e+01 1.51625586e+01 3.13749599e+01 3.21721344e+01
    3.28504906e+01 2.15608215e+01 2.67681713e+01 3.94190636e+01
    1.48947620e+01 2.32498913e+01 2.51982021e+01 3.83896942e+01
    1.64374580e+01 2.64160709e+01 3.54735184e+01 2.13223763e+01
    2.68081074e+01 3.91541100e+01 2.07117863e+01 3.40500450e+01
    5.35500097e+00 9.52110577e+00 2.27912788e+01 2.57092400e+01
    2.27669773e+01 7.55041027e+00 1.20025404e-01 6.86992705e-01
    1.66518092e+00 2.92238159e+01 1.84457397e+01 1.73061256e+01
    3.96400261e+01 3.29909859e+01 2.50629864e+01 3.51434669e+01
    3.76208534e+01 3.80202637e+01 3.87467918e+01 4.40818405e+00
    2.80247421e+01 2.20828495e+01 2.90755043e+01 1.08134422e+01
    2.35233822e+01 3.26851120e+01 2.39970312e-01 2.40535297e+01
    2.45630207e+01 2.98410950e+01 6.35141277e+00 2.00915985e+01
    7.65346575e+00 3.35425034e+01 1.85382881e+01 9.65570164e+00
    5.53003788e+00 6.18694735e+00 1.38763552e+01 2.07836094e+01
    3.57837677e+01 3.27839012e+01 2.54828320e+01 2.08332787e+01
    1.50356150e+01 1.30406942e+01 3.92071152e+01 3.98673749e+00
    3.08963432e+01 2.54250546e+01 2.91646194e+01 2.24332809e-01
    2.53656521e+01 1.58566313e+01 3.48884926e+01 3.43149452e+01
    3.19459114e+01 2.87972775e+01 1.91428204e+01 2.48637199e+01
    4.06037956e-01 3.36775627e+01 2.85492210e+01 1.24513559e+01
    2.46282997e+01 2.43568039e+01 3.35563278e+01 7.13171101e+00
    1.60147266e+01 1.82056084e+01 1.30890141e+01 2.99464149e+01
    1.36758289e+01 1.69087772e+01 2.99116421e+01 1.26342411e+01
    1.35573292e+01 2.58542557e+01 4.38845778e+00 3.80509987e+01
    1.45162868e+01 1.02603588e+01 2.66564727e+00 2.51938305e+01
    9.12533379e+00 3.92434349e+01 3.80364265e+01 8.85922050e+00
    9.96452045e+00 1.42057352e+01 8.32882786e+00 2.64818420e+01
    6.56329489e+00 2.54359970e+01 8.99912930e+00 3.09151936e+01
    7.29960012e+00 1.80065823e+01 2.74110069e+01 3.36796608e+01
    6.82418060e+00 6.11963415e+00 1.37630758e+01 1.55231400e+01
    2.55186958e+01 3.24340210e+01 3.84236574e+00 3.18272400e+01
    2.50999470e+01 5.45938492e+00 4.45970982e-01 1.27129021e+01
    3.11895485e+01 3.82568665e+01 2.00848913e+00 2.18773031e+00
    3.13413105e+01 3.00960789e+01 3.54764748e+01 9.80377579e+00
    3.90163956e+01 3.97170486e+01 2.56761646e+00 1.17181530e+01
    3.54260406e+01 2.23219986e+01 9.70843220e+00 3.72068977e+01
    3.78321171e+00 6.20580816e+00 2.39953918e+01 1.29458103e+01
    3.00387383e+01 3.13637142e+01 3.11087456e+01 1.25037670e+01
    3.91322174e+01 3.68485947e+01 3.26836967e+01 1.95948076e+00
    3.83690491e+01 3.36123962e+01 2.77839451e+01 3.74349098e+01
    1.10406046e+01 2.94367332e+01 1.01621809e+01 3.59562035e+01
    1.33905630e+01 2.91897755e+01 2.52043114e+01 3.95168800e+01
    8.62637103e-01 3.35331268e+01 3.18398399e+01 1.13214655e+01
    3.07323112e+01 3.24965286e+01 2.60062695e+01 1.78320999e+01
    3.15417728e+01 8.54645824e+00 7.42882824e+00 1.85292568e+01
    1.39862337e+01 3.30536346e+01 3.85826569e+01 3.42465591e+01
    6.34661007e+00 3.30445938e+01 1.36444445e+01 2.46262989e+01
    3.64052925e+01 9.16176319e+00 1.78742714e+01 3.55739937e+01
    2.49837818e+01 3.31894684e+01 4.53408384e+00 3.35940857e+01
    8.39675784e-01 3.39739723e+01 2.38374195e+01 2.78584042e+01
    3.20450325e+01 2.37460613e+01 2.83429031e+01 2.42032452e+01
    2.82719536e+01 2.37147121e+01 2.08072472e+00 2.11957550e+01
    1.57363367e+01 1.49997177e+01 1.07644796e+01 2.39481621e+01
    2.34665356e+01 3.46964002e+00 3.54424071e+00 1.19799972e+00
    2.94728565e+01 3.87606964e+01 3.74136620e+01 3.07048874e+01
    3.96878471e+01 9.18477345e+00 3.25370026e+01 1.39639549e+01
    1.84134941e+01 2.00675735e+01 1.32718058e+01 1.23384485e+01
    3.72516847e+00 2.57660618e+01 2.09497433e+01 8.30537510e+00
    2.65145855e+01 3.67196350e+01 3.83967323e+01 1.32607584e+01
    2.20226307e+01 4.19720507e+00 2.03807087e+01 2.06073513e+01
    3.89670181e+01 1.73500500e+01 2.50316238e+01 2.04252167e+01
    1.96287632e+01 2.00600576e+00 5.36182344e-01 3.51470528e+01
    1.37727880e+01 1.53560295e+01 3.47567253e+01 1.93250027e+01
    1.18974457e+01 3.73488808e+01 2.70774746e+01 2.72109962e+00
    3.40112038e+01 3.38628922e+01 1.21561174e+01 1.46476736e+01
    1.49364561e-01 7.98910809e+00 2.34283218e+01 2.52204132e+01
    1.06879215e+01 3.79295387e+01 2.86546001e+01 1.82700100e+01
    3.95363312e+01 3.74555130e+01 1.38384590e+01 2.55903149e+01
    5.72804928e+00 3.68373833e+01 2.05113010e+01 7.12371528e-01
    6.21230268e+00 1.35630417e+01 3.30661926e+01 3.74794312e+01
    3.63786278e+01 4.32335091e+00 1.72136326e+01 9.43149853e+00
    1.53230114e+01 6.69877768e+00 3.15914555e+01 2.97106190e+01
    3.04690113e+01 1.34327259e+01 3.74508667e+01 3.01178894e+01
    2.35437298e+00 9.07119942e+00 3.33841133e+01 1.67004929e+01
    1.77292881e+01 2.44349880e+01 2.26969147e+01 5.76097536e+00
    3.79168854e+01 2.79510612e+01 3.44058990e+01 5.53477192e+00
    2.50819683e+01 3.26600952e+01 3.79341850e+01 2.28847618e+01
    3.78549576e+01 1.92350922e+01 3.03070183e+01 2.83443604e+01
    3.37608795e+01 9.85092068e+00 3.70574493e+01 1.79314098e+01
    5.09093475e+00 3.24399376e+01 1.33460093e+01 1.65689983e+01
    8.66163826e+00 1.57991961e-01 2.25277576e+01 1.60770378e+01
    3.31580200e+01 2.26288490e+01 1.62389393e+01 3.96881027e+01
    2.83757954e+01 3.61887512e+01 1.08596563e+01 1.01792610e+00
    2.50288811e+01 2.48627930e+01 2.47198410e+01 7.91190195e+00
    1.07198238e+01 7.29137468e+00 3.82038765e+01 2.17483101e+01
    2.80252972e+01 1.23302307e+01 7.04418898e-01 2.57935677e+01
    1.52268534e+01 3.33360214e+01 1.88114433e+01 2.75421581e+01
    1.27727613e+01 2.94495258e+01 2.57480259e+01 7.05985427e-01
    2.92866707e+01 3.43682632e+01 3.27649841e+01 8.56560612e+00
    1.90060749e+01 2.81649513e+01 3.59199142e+01 1.33817482e+01
    3.50793600e+00 6.90434742e+00 3.37716179e+01 4.98602486e+00
    2.89777679e+01 3.36922150e+01 9.09245110e+00 1.72112675e+01
    2.66614825e-01 2.19843063e+01 6.97659349e+00 2.80876675e+01
    1.91065159e+01 3.67583237e+01 3.59667091e+01 2.85217876e+01
    2.27086487e+01 1.13673935e+01 1.11630964e+01 1.02498341e+01
    1.52222910e+01 1.76150627e+01 1.58108635e+01 1.14841366e+01
    5.62772036e+00 1.68376637e+00 3.26451187e+01 3.96548500e+01
    2.91200428e+01 2.72370186e+01 2.20904922e+00 8.02185440e+00
    3.20217323e+01 1.60539494e+01 2.06432304e+01 1.50594597e+01
    7.60606408e-01 1.96857204e+01 3.32546196e+01 3.28976631e+01
    8.04627705e+00 3.31836472e+01 1.75482311e+01 1.13268213e+01
    3.71232986e+01 1.64916248e+01 3.03408375e+01 3.66430893e+01
    3.22093811e+01 1.49875364e+01 2.00721836e+01 3.05878639e+01
    8.66042018e-01 5.77192843e-01 5.11063910e+00 3.22347755e+01
    2.90245018e+01 1.75648289e+01 2.31299763e+01 1.92223301e+01
    2.39171734e+01 1.83713989e+01 2.43534698e+01 2.78390369e+01
    4.44124126e+00 2.43194485e+01 3.84937172e+01 2.49893761e+01
    3.43808250e+01 1.13544321e+01 1.78852978e+01 2.90457153e+01
    2.55729027e+01 1.76866264e+01 2.44657784e+01 4.38661003e+00
    6.51215839e+00 2.59255505e+01 3.19616413e+01 2.80082169e+01
    1.29989233e+01 2.05927010e+01 1.05587206e+01 2.44163990e+01
    3.42831993e+01 1.56496773e+01 7.55045339e-02 1.28102770e+01
    3.00543690e+01 9.66390896e+00 1.79104769e+00 2.91530914e+01
    3.95775223e+01 3.05912991e+01 7.94635630e+00 8.95895767e+00
    3.03502541e+01 3.31930199e+01 2.26072960e+01 2.07444267e+01
    4.21307755e+00 2.26541691e+01 3.32644997e+01 2.15812802e+00
    2.16255722e+01 2.10947971e+01 3.80414238e+01 3.64279976e+01
    2.77865257e+01 3.90270538e+01 2.62586021e+00 3.29780273e+01
    2.04956570e+01 1.03262258e+00 1.52498913e+01 1.82474670e+01
    3.30042191e+01 1.57905493e+01 2.76749897e+01 1.23378220e+01
    3.55660629e+01 2.77036610e+01 2.36700249e+01 4.41395903e+00
    3.85896492e+01 2.72442150e+01 3.52265167e+01 7.65375471e+00
    2.87783356e+01 3.56645508e+01 2.69136333e+01 1.87250423e+01
    2.92708282e+01 3.16271858e+01 3.20676384e+01 3.82703934e+01
    1.91816730e+01 2.74328651e+01 3.02257195e+01 3.47561955e-01
    2.80107384e+01 1.00959129e+01 2.29644718e+01 3.95533752e+01
    5.70564842e+00 5.36744213e+00 3.29333763e+01 1.96775723e+01
    1.30236864e+01 1.05878510e-01 2.47778759e+01 3.06948528e+01
    3.82854044e-01 5.77736235e+00 1.65333500e+01 3.65707321e+01
    3.65677032e+01 1.96755619e+01 5.12939453e+00 2.80185680e+01
    1.11490736e+01 1.48893719e+01 1.97450523e+01 2.23132915e+01
    4.58135462e+00 3.76629906e+01 3.02726326e+01 1.06118834e+00
    2.77511520e+01 2.32817497e+01 3.77089615e+01 1.03414488e+00
    1.38176203e+01 2.21224957e+01 2.33386421e+01 2.52471733e+00
    3.62915611e+01 3.01024837e+01 1.28063860e+01 3.06444874e+01
    3.28142357e+01 6.59258747e+00 2.06925583e+01 3.55178490e+01
    3.39565730e+00 3.48549538e+01 3.69097176e+01 1.82271404e+01
    2.94286251e+01 3.86517029e+01 3.01935291e+01 7.00600100e+00
    3.62365646e+01 1.21708145e+01 1.94807663e+01 1.07029047e+01
    1.77011108e+01 3.87833824e+01 2.14829903e+01 1.16665850e+01
    7.39714813e+00 3.04574013e+00 1.54407749e+01 3.93994293e+01
    9.51910853e-01 6.52037811e+00 7.14106369e+00 2.24643040e+01
    1.98480773e+00 1.83730450e+01 2.35876350e+01 1.12273951e+01
    2.08592343e+00 7.11941099e+00 2.01876183e+01 2.21245537e+01
    8.62817860e+00 3.48438492e+01 5.53540707e+00 1.82386074e+01
    1.44116998e+00 3.31592140e+01 1.06025734e+01 1.26487741e+01
    2.28629947e+00 1.50087719e+01 1.91964970e+01 2.47505798e+01
    2.37694988e+01 1.74184704e+01 3.25150919e+00 5.61982918e+00
    2.40089321e+01 3.77041206e+01 5.84788561e+00 2.85613708e+01
    1.23884392e+01 2.15175190e+01 2.22775364e+01 3.70221024e+01
    2.03841171e+01 2.78664570e+01 2.55941343e+00 1.79367714e+01
    7.87164879e+00 1.34536314e+01 3.88214569e+01 1.21629219e+01
    7.59816504e+00 2.61316128e+01 5.63183117e+00 3.97218857e+01
    1.27912569e+01 8.16278839e+00 2.49379196e+01 2.19565449e+01
    3.85121918e+01 3.97213593e+01 1.66380062e+01 1.96365299e+01
    3.55565033e+01 2.91960468e+01 5.86548615e+00 3.08788490e+01
    3.58807106e+01 3.45183601e+01 2.12158813e+01 3.26596870e+01
    3.41589432e+01 4.81874704e+00 2.74401569e+01 2.68614941e+01
    1.72922254e+00 3.02327126e-01 2.79628015e+00 2.37961140e+01
    9.93232822e+00 8.91904163e+00 9.52274609e+00 1.33659878e+01
    2.74693356e+01 2.94522076e+01 2.79965267e+01 2.45870342e+01
    2.13528671e+01 2.49688053e+01 1.71252334e+00 4.80936623e+00
    3.76501808e+01 2.93525085e+01 2.34657497e+01 3.20368309e+01
    1.47729082e+01 6.10224676e+00 3.06244469e+01 6.65438271e+00
    2.90945301e+01 3.22525177e+01 2.68002453e+01 2.21812081e+00
    2.31814194e+01 1.55350456e+01 3.92811508e+01 2.15262260e+01
    1.74804668e+01 7.48374510e+00 1.27086382e+01 4.25856924e+00
    2.39539967e+01 1.04876556e+01 2.40224571e+01 2.82817631e+01
    7.78288794e+00 3.47216940e+00 1.42668648e+01 3.03537750e+01
    1.75256405e+01 2.71427536e+01 2.05525341e+01 2.41187649e+01
    8.62096024e+00 2.30896511e+01 2.17554703e+01 2.16711121e+01
    3.87887802e+01 1.64215393e+01 1.93105564e+01 2.86090488e+01
    3.42294083e+01 1.55356741e+01 2.38586903e+01 2.79639397e+01
    3.86316528e+01 3.83676834e+01 1.53477025e+00 1.41818295e+01
    1.56305647e+01 1.91435108e+01 2.57200527e+01 2.14601765e+01
    3.05142784e+01 1.35805178e+00 3.02731647e+01 1.47429771e+01
    2.75419235e+01 2.98948269e+01 5.73419333e+00 2.73464050e+01
    1.84360766e+00 2.69691010e+01 3.10169392e+01 3.30845833e+01
    1.53122330e+01 3.64181519e+01 2.70672226e+01 1.00397930e+01
    3.05193787e+01 1.23083239e+01 4.80724812e+00 3.11840477e+01
    3.31929169e+01 1.49791651e+01 1.37152882e+01 2.41412182e+01
    2.60618343e+01 3.56651039e+01 3.54300690e+01 2.64954071e+01
    2.22826614e+01 3.02240505e+01 3.92664223e+01 1.95219994e+00
    2.95000687e+01 4.27639532e+00 6.67690516e+00 9.70997143e+00
    1.23763590e+01 3.17921295e+01 3.52718925e+01 3.16057110e+01
    1.33778648e+01 3.88030396e+01 3.76129608e+01 6.58655596e+00
    1.96239638e+00 2.08508568e+01 1.06950655e+01 2.15258350e+01
    1.33076477e+01 2.91151447e+01 4.14315987e+00 3.42391930e+01
    2.12211952e+01 1.09052219e+01 2.15034542e+01 2.75373726e+01
    4.72704029e+00 2.17898598e+01 3.91985016e+01 2.36623898e+01
    1.20973253e+00 2.14341431e+01 3.71936836e+01 3.90198016e+00
    3.66064568e+01 1.68441505e+01 1.56238544e+00 1.48220873e+01
    1.87049401e+00 1.02222443e+01 2.43275852e+01 1.07427120e+01
    4.61669827e+00 7.81190395e-01 2.54373665e+01 6.94345093e+00
    1.80732231e+01 2.63970127e+01 1.86966171e+01 4.24219751e+00
    8.10752010e+00 3.87738419e+01 7.32012510e+00 3.25637321e+01
    2.28545976e+00 2.29149628e+00 3.77472305e+01 8.03489494e+00
    6.89342642e+00 1.59242401e+01 3.31715508e+01 3.62276220e+00
    7.56593561e+00 1.40109406e+01 3.01805615e+00 3.76818924e+01
    7.62679625e+00 2.69347610e+01 7.50834036e+00 2.17409992e+01
    3.13850861e+01 1.62866700e+00 1.04202528e+01 1.02065840e+01
    3.77341766e+01 1.05320120e+01 6.78589821e+00 3.32674026e+01
    2.43225431e+00 2.06744976e+01 1.89536133e+01 3.31850090e+01
    2.08493500e+01 3.67869492e+01 2.51246414e+01 2.66197166e+01
    1.13951950e+01 2.96345806e+01 2.94764652e+01 1.44175491e+01
    5.92807865e+00 8.49672031e+00 2.95005455e+01 1.81039944e+01
    6.45478678e+00 1.28674209e+00 6.15156412e+00 1.72195244e+01
    7.86802959e+00 3.29469795e+01 1.45922594e+01 1.06924601e+01
    1.89836369e+01 1.59040365e+01 3.71556702e+01 4.54468966e+00
    8.23753452e+00 3.35139999e+01 2.32832069e+01 2.67136345e+01
    2.49228954e+01 3.87310562e+01 3.92758942e+01 8.30529881e+00
    2.09965076e+01 8.65441608e+00 8.99451447e+00 3.49860268e+01
    2.08392467e+01 3.73307037e+01 1.72236786e+01 1.00203886e+01
    1.86648197e+01 2.00938439e+00 1.52345781e+01 1.43615365e+00
    2.31043696e+00 2.30997257e+01 5.20741606e+00 2.06808281e+01
    3.88912735e+01 1.01504059e+01 2.92579327e+01 3.36725349e+01
    3.05824146e+01 3.73181939e+00 8.78981781e+00 1.28134556e+01
    2.08499146e+00 1.79136791e+01 4.38162470e+00 2.31498814e+00
    1.82714996e+01 2.54334145e+01 3.24682312e+01 3.64617157e+01
    2.01281528e+01 9.01299572e+00 3.94639053e+01 3.19860096e+01
    7.94947672e+00 2.60920639e+01 7.51965940e-01 1.76144481e+00
    2.37151661e+01 7.98620653e+00 3.00614796e+01 1.51912041e+01
    1.09709206e+01 3.64688148e+01 3.31588554e+01 1.27330036e+01
    2.09672852e+01 2.68556232e+01 2.25595689e+00 2.66546974e+01
    1.37124920e+01 3.29439507e+01 2.75377979e+01 1.75452614e+01
    1.35005026e+01 1.46970625e+01 3.88410282e+00 2.71046944e+01
    1.54619837e+01 1.91845870e+00 3.14666862e+01 2.19351768e+00
    3.56796799e+01 3.05373096e+00 1.39360304e+01 3.90931587e+01
    2.31517715e+01 2.03362007e+01 2.64852657e+01 1.93763943e+01
    2.47850628e+01 1.93016396e+01 3.20749283e+01 3.19636288e+01
    1.84549637e+01 2.00182247e+01 2.76693230e+01 1.90021420e+00
    2.24988670e+01 3.74163475e+01 1.56351824e+01 3.73674965e+01
    2.82169876e+01 1.35123329e+01 2.65187740e+01 3.85509796e+01
    3.92941055e+01 1.10967789e+01 7.12033319e+00 2.60916195e+01
    2.97330132e+01 3.89824829e+01 3.50379677e+01 1.94036140e+01
    3.19458179e+01 2.19116192e+01 2.76668205e+01 6.65926218e+00
    2.54607372e+01 1.56494942e+01 6.53296471e-01 1.13602054e+00
    1.37572336e+00 1.13689375e+01 3.29981270e+01 1.94581299e+01
    1.99777164e+01 1.07498035e+01 9.81707478e+00 1.38245668e+01
    2.02378769e+01 1.25944967e+01 3.57794189e+00 2.00707703e+01
    1.17806578e+01 1.34252443e+01 2.26833458e+01 3.73050804e+01
    1.24040661e+01 1.71502552e+01 3.46991825e+00 2.88331127e+01
    1.35527782e+01 3.35811920e+01 1.83089104e+01 2.92214508e+01
    2.98925996e+00 9.06217861e+00 2.38645554e+01 3.04252701e+01
    3.10511761e+01 3.37544975e+01 9.62259293e+00 5.21446753e+00
    1.03172092e+01 3.55357246e+01 1.92789669e+01 2.33610783e+01
    3.36574554e+01 2.26158123e+01 3.05454655e+01 8.08427620e+00
    2.18371792e+01 2.60023880e+01 2.01096706e+01 6.61571074e+00
    3.32776337e+01 4.16606236e+00 1.49141655e+01 2.62878475e+01
    4.64759779e+00 2.56605244e+01 2.18331547e+01 1.48323441e+00
    5.40772486e+00 3.17515583e+01 9.81348336e-01 3.57893486e+01
    3.51263847e+01 1.36387510e+01 9.77310181e+00 3.13827267e+01
    1.75783863e+01 2.17554207e+01 3.00476952e+01 1.10244026e+01
    1.44067478e+01 2.28501987e+01 1.36068277e+01 3.04494610e+01
    1.78994522e+01 1.83233223e+01 1.14924660e+01 1.22176399e+01
    2.56641674e+00 1.20230732e+01 7.32069206e+00 7.79546738e+00
    3.39525948e+01 3.36789665e+01 3.07689762e+01 6.69796896e+00
    1.96526718e+01 9.94577980e+00 1.61207142e+01 2.14749050e+01
    1.71371861e+01 1.04937820e+01 2.25800152e+01 7.81928682e+00
    2.82841897e+00 1.56924760e+00 3.02055836e+00 7.13422060e+00
    3.59271355e+01 7.17998409e+00 3.20220795e+01 1.56983910e+01
    2.58140297e+01 2.71952553e+01 2.74066401e+00 1.30161047e+01
    2.21743717e+01 2.14040852e+00 3.08370352e+00 1.87577705e+01
    4.13436174e+00 2.75184250e+01 2.81570587e+01 2.67690220e+01
    5.09679794e+00 5.36939287e+00 3.68187714e+01 1.76772442e+01
    1.79109440e+01 2.15630798e+01 3.89261551e+01 4.36954081e-01
    5.67696452e-01 2.19566650e+01 1.76902905e+01 2.29808559e+01
    3.72299919e+01 3.29435005e+01 3.53335381e+01 3.06191998e+01
    1.51814690e+01 4.73638582e+00 3.23997040e+01 2.44587398e+00
    1.43126745e+01 2.16896400e+01 1.17832518e+00 1.51324663e+01
    2.65388393e+01 1.38352127e+01 3.74049301e+01 1.73570633e+01
    6.09007263e+00 3.08688602e+01 2.85063648e+01 3.93818779e+01
    2.74849606e+01 1.43767109e+01 6.64319944e+00 4.40277100e+00
    1.51770077e+01 3.32155647e+01 5.14207172e+00 2.94133663e+01
    3.92342072e+01 2.56067486e+01 3.52788773e+01 1.31439619e+01
    1.18141060e+01 1.29963789e+01 8.77719021e+00 3.90335732e+01
    3.64900932e+01 3.71797791e+01 2.24719334e+01 8.75470161e+00
    3.78098488e+01 2.56139812e+01 1.86242962e+01 2.54754257e+01
    3.64710503e+01 1.92738056e+01 3.40452919e+01 2.02567024e+01
    8.21782875e+00 3.58949509e+01 3.48908539e+01 3.73899155e+01
    8.96132088e+00 7.92317533e+00 2.91230106e+01 2.74737511e+01
    3.77758827e+01 1.21553478e+01 1.89815998e+01 3.73428917e+01
    3.33404884e+01 2.76569118e+01 1.43499289e+01 2.06177979e+01
    2.86968594e+01 3.17102375e+01 3.49267540e+01 3.67868156e+01
    2.99791884e+00 3.58123283e+01 1.14716644e+01 2.09819317e+01
    3.72409706e+01 1.64251251e+01 1.29600439e+01 1.82477343e+00
    9.60830212e+00 1.55861607e+01 9.75783539e+00 2.62332296e+00
    7.99665737e+00 1.76941509e+01 7.75231719e-01 1.50608568e+01
    3.76686058e+01 3.71663704e+01 1.22176218e+01 2.10323715e+01
    8.41146851e+00 2.07018566e+01 8.73684406e+00 1.75436211e+01
    1.49704924e+01 2.21522789e+01 2.09476795e+01 2.49987869e+01
    3.86823387e+01 1.21044195e+00 4.96976471e+00 7.11411810e+00
    1.93186550e+01 4.85654688e+00 3.74253159e+01 3.32901268e+01
    3.79597931e+01 2.65128212e+01 2.37199917e+01 3.81852531e+01
    7.45311403e+00 2.00194764e+00 8.08776760e+00 2.82143326e+01
    2.70804634e+01 1.50941610e+01 2.79643250e+01 3.20698929e+01
    2.15575581e+01 4.50192213e+00 8.99100018e+00 8.35875607e+00
    6.77587652e+00 2.80798874e+01 2.28396969e+01 3.11388416e+01
    3.08327637e+01 2.56573410e+01 2.26979084e+01 1.23815842e+01
    4.97477722e+00 3.59666367e+01 2.03918076e+01 3.86347294e+00
    3.33533630e+01 3.55356407e+01 9.16422749e+00 2.05485439e+01
    1.77180347e+01 3.24299431e+01 2.94982529e+01 2.01967258e+01
    3.91512909e+01 2.71911163e+01 3.25488091e+01 1.05456800e+01
    1.27245350e+01 7.89188576e+00 2.54175644e+01 4.73633909e+00
    2.50333691e+01 1.90605774e+01 2.85359726e+01 1.28559589e+01
    3.70966077e-01 3.49775238e+01 3.86241531e+01 3.00099964e+01
    5.85227299e+00 2.32825203e+01 1.93837109e+01 5.20102692e+00
    5.98869848e+00 3.78961487e+01 3.17736650e+00 3.12263145e+01
    2.28983116e+00 3.41728821e+01 1.68565559e+01 3.74521523e+01
    3.78493843e+01 1.34080877e+01 1.94277000e+01 3.95427666e+01
    2.12844372e+00 2.49311504e+01 5.70638466e+00 1.93007660e+01
    1.85386333e+01 6.36392784e+00 3.15092392e+01 1.77547395e+00
    1.37162256e+01 9.77684593e+00 2.22260361e+01 3.60007401e+01
    9.77116585e+00 1.59416647e+01 2.54986973e+01 2.89787197e+01
    2.42913532e+01 3.96549072e+01 3.59056206e+01 2.09126110e+01
    2.03194141e+01 2.54156291e-02 3.23761940e+01 2.15624199e+01
    2.15836716e+01 2.15289478e+01 5.35220146e+00 2.97212029e+01
    3.01619301e+01 2.60100842e+01 1.83739166e+01 3.46229744e+01
    4.05889940e+00 1.27700880e-01 2.29234099e+00 2.84085674e+01
    4.22982264e+00 2.05582561e+01 7.06795645e+00 3.31689415e+01
    2.89610672e+00 2.99700737e+01 1.43539991e+01 3.33831902e+01
    2.83990288e+01 1.16816664e+00 1.50411167e+01 3.67654228e+01
    1.04469233e+01 3.88332405e+01 2.09027081e+01 3.38219910e+01
    2.73645515e+01 2.83490047e+01 2.79179688e+01 1.01006708e+01
    2.37656403e+01 1.97354565e+01 2.63802662e+01 3.36047363e+01
    2.98492203e+01 2.98660603e+01 2.20636673e+01 3.33767052e+01
    1.34928427e+01 2.17580757e+01 3.61005440e+01 3.65614438e+00
    2.27553463e+01 6.51009035e+00 2.85892944e+01 2.63444023e+01
    3.06409740e+01 1.57521687e+01 2.41698437e+01 1.60977268e+01
    1.26777887e+01 1.22616692e+01 2.77642593e+01 2.07046127e+00
    3.22826996e+01 1.86602097e+01 3.53879204e+01 3.34692307e+01
    1.56017513e+01 3.55346775e+00 2.53400803e+01 3.09103317e+01
    2.76348610e+01 1.04916465e+00 1.41975918e+01 1.91969090e+01
    2.63074989e+01 3.99204230e+00 1.35959587e+01 1.48071566e+01
    3.90724411e+01 3.64101562e+01 1.56746018e+00 1.97744408e+01
    7.15964746e+00 3.26645737e+01 6.63546038e+00 3.34145126e+01
    4.37579012e+00 3.14202766e+01 3.30110474e+01 3.22214394e+01
    5.98924065e+00 2.86429930e+00 1.74031467e+01 3.28383102e+01
    2.88789501e+01 3.60077820e+01 2.77562923e+01 2.34567432e+01
    3.40819321e+01 3.49955215e+01 2.43579597e+01 2.91202393e+01
    3.23725357e+01 2.30122585e+01 3.75986519e+01 6.46117783e+00
    1.47026157e+01 2.79537277e+01 3.33028374e+01 9.29013157e+00
    3.81874046e+01 2.64590492e+01 1.97176933e+00 3.14426384e+01
    1.95731792e+01 1.75648041e+01 3.56376724e+01 1.85538082e+01
    2.14801788e+01 1.69969101e+01 1.55602779e+01 1.47611876e+01
    3.59207611e+01 1.44911280e+01 3.21734772e+01 2.50984650e+01
    1.56299744e+01 3.60374689e+00 9.96285915e+00 1.64715385e+01
    3.83751869e+01 2.69434910e+01 1.81172409e+01 8.62726116e+00
    9.13851070e+00 2.74428043e+01 2.35686550e+01 2.96811371e+01
    3.08178444e+01 2.73343773e+01 2.83257008e+01 2.08033752e+01
    3.06365204e+01 2.70572376e+01 2.72882080e+01 2.41383018e+01
    2.26955128e+01 3.62708893e+01 3.33882103e+01 6.74201107e+00
    2.69303570e+01 2.93693733e+01 2.02229500e+01 2.83888111e+01
    1.18416090e+01 6.91402483e+00 9.15075207e+00 4.95392179e+00
    6.49711943e+00 1.01631141e+00 2.73015060e+01 3.83361397e+01
    2.08731270e+01 9.42244530e+00 7.39256716e+00 1.68609161e+01
    2.69167004e+01 3.34010768e+00 1.95794678e+01 1.31779547e+01
    3.23200154e+00 3.72330132e+01 1.22113972e+01 3.12345638e+01
    8.20896626e+00 7.75012732e+00 3.52186432e+01 1.96686878e+01
    3.94139824e+01 2.16334572e+01 2.99522948e+00 3.78534012e+01
    1.31722641e+01 1.50459194e+01 2.35162663e+00 1.93836994e+01
    3.57851486e+01 3.17309055e+01 3.07855988e+01 2.29799290e+01
    2.35451832e+01 2.97623558e+01 3.71451836e+01 1.51881409e+01
    1.40000486e+01 3.04720478e+01 1.08488998e+01 3.19428406e+01
    1.61340370e+01 2.95698242e+01 2.50644836e+01 3.01643353e+01
    2.24302845e+01 3.63905373e+01 2.24798813e+01 3.28242683e+01
    2.92831001e+01 1.14060268e+01 1.44647331e+01 2.65104151e+00
    3.94046898e+01 1.59489174e+01 5.55940104e+00 3.92496276e+00
    2.77947235e+00 3.86131644e+00 1.29798059e+01 3.87896233e+01
    1.45424032e+01 3.11604786e+01 2.40100479e+01 3.15476723e+01
    3.67737694e+01 5.44056082e+00 1.99793320e+01 3.32902184e+01
    6.85736537e-01 3.17542095e+01 2.45246544e+01 1.87925835e+01
    3.95867882e+01 3.86350861e+01 3.32839737e+01 2.51906891e+01
    2.21164055e+01 1.81589222e+01 3.59842873e+00 3.99941772e-01
    3.33723297e+01 3.81760139e+01 3.04248276e+01 1.78537197e+01
    2.21451397e+01 5.10891771e+00 3.94866982e+01 2.26124783e+01
    3.30719070e+01 1.92423496e+01 3.16867199e+01 1.31229877e+01
    2.23071175e+01 2.97560520e+01 2.22357655e+01 1.16762190e+01
    3.77710495e+01 2.66593552e+01 3.59801483e+01 1.91210594e+01
    8.06944942e+00 3.07694187e+01 8.24972725e+00 1.71890011e+01
    3.48602796e+00 3.86145020e+01 2.19389591e+01 6.92914343e+00
    2.67272873e+01 2.11728077e+01 6.03219366e+00 3.70461349e+01
    3.52381172e+01 2.89955692e+01 1.16267996e+01 3.82512589e+01
    5.80198097e+00 3.83463707e+01 2.41442909e+01 2.78776112e+01
    9.54290867e+00 2.33918324e+01 1.89070740e+01 9.83863449e+00
    1.04961166e+01 1.14598389e+01 1.82412071e+01 3.62563133e+01
    3.62384567e+01 3.03992290e+01 2.17503395e+01 6.80590296e+00
    3.00413456e+01 4.97826672e+00 1.67886868e+01 3.41022606e+01
    3.86437821e+00 2.41682029e+00 1.45836496e+01 1.05624456e+01
    2.82436619e+01 1.25822735e+01 5.32163906e+00 1.90613060e+01
    6.18479872e+00 3.04877892e+01 1.35267267e+01 2.80567570e+01
    3.52558212e+01 1.52896881e+00 1.36935520e+01 2.04745197e+01
    3.40041008e+01 2.33677788e+01 2.22463112e+01 9.25727940e+00
    2.38530045e+01 2.26154995e+01 2.90065079e+01 1.90492687e+01
    1.87761173e+01 7.87609673e+00 3.11148167e+01 2.47423649e+01
    1.33995676e+01 9.02576256e+00 1.82827263e+01 1.73196316e+01
    7.27641821e+00 3.16580830e+01 2.36617804e+00 1.82570629e+01
    1.81778812e+01 3.21623802e+01 1.05358963e+01 3.20246162e+01
    2.99031091e+00 6.77635670e+00 3.55479698e+01 3.67696877e+01
    3.06159058e+01 7.13994360e+00 5.05890846e+00 3.60706825e+01
    3.53793449e+01 3.44927025e+01 3.34151115e+01 8.48299503e+00
    3.93158455e+01 5.44999313e+00 1.64798222e+01 2.31069489e+01
    2.93715458e+01 1.66426907e+01 1.88347664e+01 1.10266552e+01
    5.26898050e+00 3.19500961e+01 1.52461338e+01 1.06046715e+01
    1.27007904e+01 4.31355178e-01 1.94487000e+01 2.64363613e+01
    1.73651295e+01 3.78005333e+01 1.07874794e+01 1.18587675e+01
    9.02174377e+00 2.60974636e+01 2.54905262e+01 3.29625435e+01
    2.27020264e+01 1.49577513e+01 2.36675072e+01 2.09130116e+01
    1.32371674e+01 2.36811090e+00 3.34862862e+01 6.33414221e+00
    2.01364384e+01 1.34973202e+01 1.87288868e+00 3.77379913e+01
    2.31691513e+01 6.18919992e+00 2.33049393e+01 4.79889345e+00
    3.19891224e+01 3.63696327e+01 1.71082039e+01 3.40629349e+01
    5.29982328e+00 2.53682079e+01 3.35111923e+01 1.98171997e+01
    1.51314542e-01 3.68059196e+01 2.87794456e+01 1.36026373e+01
    1.64003963e+01 1.94292431e+01 2.53722057e+01 2.30787468e+01
    2.66333389e+01 3.29757423e+01 1.62646675e+01 3.72557526e+01
    3.58570976e+01 4.19367790e+00 2.81002941e+01 3.87920532e+01
    1.07771997e+01 1.02060385e+01 2.78847294e+01 2.67100086e+01
    1.91094799e+01 3.48419685e+01 2.37742729e+01 2.58393631e+01
    8.76988602e+00 2.11233673e+01 2.76311455e+01 1.79247260e-01
    1.87930775e+01 2.14783287e+01 2.42856445e+01 9.10577774e+00
    1.68529072e+01 1.64559078e+01 3.83359795e+01 3.00326710e+01
    2.45525990e+01 3.87602539e+01 2.10113506e+01 3.55402527e+01
    3.51367722e+01 2.76939487e+01 4.22753900e-01 3.84269977e+00
    2.85800571e+01 1.35038052e+01 1.75823879e+01 1.38625565e+01
    1.33332949e+01 3.82782936e+01 1.73854313e+01 4.66325998e+00
    2.50921917e+01 1.19797430e+01 1.76167965e+01 3.31935043e+01
    4.61353540e+00 2.35086823e+01 2.75247550e+00 2.85178528e+01
    3.90826111e+01 7.98727560e+00 1.63407784e+01 3.54747162e+01
    2.46498495e-01 5.48624897e+00 3.85913811e+01 2.06954837e+00
    2.84990978e+01 1.83687091e+00 3.72276459e+01 5.85009193e+00
    3.28970075e+00 1.05964112e+00 2.96440163e+01 2.69613647e+01
    5.62539864e+00 3.88341689e+00 2.85756226e+01 3.62540970e+01
    2.18607388e+01 2.76783180e+01 2.51278763e+01 3.90666046e+01
    9.89464855e+00 3.55186005e+01 4.19512177e+00 3.40550385e+01
    2.76330719e+01 3.59751587e+01 2.47082615e+01 3.72001991e+01
    2.91757145e+01 1.19739475e+01 6.29150033e-01 3.80427589e+01
    5.82155991e+00 3.52568130e+01 1.01522100e+00 3.78572106e+00
    9.99205875e+00 3.40282631e+01 3.67657013e+01 3.95562057e+01
    1.16646299e+01 6.97518730e+00 1.13720589e+01 3.18021641e+01
    3.49893951e+01 1.96771774e+01 2.32440529e+01 2.14235725e+01
    3.93760872e+01 1.56533852e+01 9.44107819e+00 2.05799999e+01
    1.88355694e+01 7.52704740e-01 3.72737732e+01 1.06034956e+01
    1.28404999e+01 2.35996742e+01 1.07011070e+01 2.33195839e+01
    1.56960773e+01 1.96392384e+01 2.77348671e+01 6.78031111e+00
    1.21812220e+01 1.43242579e+01 3.13263779e+01 3.84190979e+01
    9.21974850e+00 3.39599380e+01 1.62105236e+01 2.80942783e+01
    2.59022865e+01 2.58565350e+01 3.52525711e+00 2.46219654e+01
    3.82696304e+01 2.64770432e+01 2.51891193e+01 3.49765511e+01
    2.87716141e+01 2.79295139e+01 1.05392962e+01 2.12700748e+01
    3.59569664e+01 1.91380730e+01 4.38664579e+00 1.84965553e+01
    1.13828259e+01 3.75103683e+01 3.15652585e+00 8.43399525e+00
    2.58090057e+01 1.17910881e+01 3.24895935e+01 3.86151581e+01
    7.33295298e+00 9.95894814e+00 1.73196793e+01 2.98630962e+01
    3.54391632e+01 9.35915709e-01 3.53403015e+01 9.29882431e+00
    3.01198215e+01 1.87621517e+01 5.00621367e+00 3.26842690e+00
    8.61631775e+00 6.39089155e+00 3.02782116e+01 3.32065582e+00
    3.19776211e+01 3.45523529e+01 3.75064659e+01 3.27723198e+01
    4.33842516e+00 1.05160208e+01 5.33364654e-01 4.29442978e+00
    1.60012112e+01 2.17595005e+01 3.56345558e+01 3.73144722e+01
    2.63460135e+00 2.66422539e+01 3.36466751e+01 2.33008862e+01
    6.85508442e+00 2.29677849e+01 2.01351953e+00 1.53147430e+01
    3.06009789e+01 2.80905151e+01 2.69924469e+01 3.30797882e+01
    5.24713659e+00 2.91796989e+01 3.68297348e+01 1.82785797e+01
    2.35671446e-01 1.80539341e+01 1.17601624e+01 3.52389741e+00
    1.66712952e+01 1.59846277e+01 2.38250618e+01 2.03016758e+01
    1.18075113e+01 3.17639828e+01 8.05440426e+00 3.66405334e+01
    2.33765545e+01 3.40856781e+01 9.72822094e+00 4.73973751e+00
    3.42622604e+01 2.52724838e+01 2.04501324e+01 1.55529118e+01
    4.00932264e+00 1.95627670e+01 5.91871548e+00 3.03117733e+01
    3.97196503e+01 2.88577995e+01 2.50638580e+01 1.51048059e+01
    3.40459480e+01 2.27537155e+01 1.03284550e+01 2.50514641e+01
    3.97193413e+01 1.22024851e+01 1.04425879e+01 2.58958759e+01
    7.64904022e-01 2.46028481e+01 3.28261223e+01 3.47582512e+01
    4.44828081e+00 1.68747768e+01 2.24721146e+01 3.65094490e+01
    1.02322931e+01 8.27991486e-01 2.50667305e+01 1.58199883e+01
    1.56540813e+01 2.44298458e+00 3.21874046e+01 2.73396606e+01
    1.25759687e+01 1.04356260e+01 3.88891296e+01 2.26359391e+00
    3.87955856e+01 1.40814819e+01 1.79223881e+01 7.43091285e-01
    1.93491116e+01 5.44186926e+00 1.51090741e-01 5.82517672e+00
    3.24068756e+01 3.90430951e+00 1.18050575e+01 2.99308338e+01
    3.93102608e+01 9.27461624e+00 1.86073475e+01 3.09989452e+01
    2.95611019e+01 3.61749687e+01 3.69939232e+01 2.96734142e+00
    9.79192638e+00 2.24986935e+01 1.82348461e+01 1.22709312e+01
    3.89041290e+01 6.05475998e+00 3.28681793e+01 2.91976852e+01
    1.62600842e+01 1.34661331e+01 1.79310894e+01 1.68614445e+01
    6.97769022e+00 2.43953304e+01 2.69118328e+01 2.90216541e+00
    2.68427868e+01 1.31774082e+01 2.04570713e+01 1.31311350e+01
    2.64643288e+01 2.81077633e+01 2.96382256e+01 2.85700798e+00
    2.53050060e+01 2.11696196e+00 6.26435900e+00 2.77953243e+01
    1.89973907e+01 3.62624359e+01 3.89642677e+01 1.13552914e+01
    5.85151315e-01 5.24675894e+00 9.33644867e+00 3.42518349e+01
    1.23996220e+01 2.98504715e+01 1.22379036e+01 2.64086151e+01
    2.01722908e+00 3.52942619e+01 2.37534962e+01 3.78741241e+00
    2.85091782e+01 3.77452507e+01 1.20526419e+01 3.52586594e+01
    1.38964248e+00 3.24293938e+01 6.75946808e+00 2.76286678e+01
    3.89127426e+01 6.00509596e+00 3.69090767e+01 1.70061874e+01
    2.73120842e+01 1.33435173e+01 3.79606056e+01 3.80677490e+01
    3.10950317e+01 3.44522858e+01 2.63863354e+01 5.49917603e+00
    1.48784332e+01 1.10523570e+00 1.79588566e+01 2.40657902e+01
    3.12855220e+00 4.06568861e+00 2.89025402e+01 1.64147415e+01
    3.66016083e+01 3.35997963e+01 1.28801489e+00 4.62558317e+00
    2.13268147e+01 2.75411797e+01 1.49602051e+01 2.25810108e+01
    1.22430286e+01 3.75975227e+01 3.46731224e+01 2.77061653e+01
    2.65064545e+01 3.86280556e+01 1.19496508e+01 3.35776596e+01
    8.97985935e+00 3.72412071e+01 3.23708611e+01 5.08707619e+00
    1.23958647e+00 2.08752136e+01 2.54678535e+01 3.11770290e-01
    2.07534752e+01 1.46385708e+01 3.34265251e+01 1.23406544e+01
    3.20120049e+01 2.13745461e+01 1.85478745e+01 7.94186294e-02
    4.27088356e+00 4.62434244e+00 1.49418898e+01 2.53665333e+01
    5.12774658e+00 7.04623842e+00 3.75097656e+00 1.14305067e+01
    9.48469734e+00 3.84551888e+01 1.49226055e+01 3.95052795e+01
    2.99541092e+01 3.18367233e+01 2.66661491e+01 2.56480141e+01
    2.14172726e+01 2.16855764e+00 2.57777462e+01 2.16508961e+01
    2.14583263e+01 3.44566574e+01 5.68122244e+00 3.83548050e+01
    1.65016823e+01 8.50164223e+00 7.78816128e+00 3.44327049e+01
    2.83005905e+01 1.91606045e+00 3.88847847e+01 1.45875654e+01
    1.29482937e+01 1.06246204e+01 3.73870049e+01 2.80796432e+01
    1.33867779e+01 1.96492565e+00 3.31107254e+01 2.13082104e+01
    6.50226736e+00 1.06102400e+01 1.53201237e+01 3.70898933e+01
    1.60207520e+01 7.65828419e+00 7.61846352e+00 6.71438408e+00
    7.06390953e+00 1.84564877e+01 3.66965485e+01 1.05776663e+01
    2.56688862e+01 3.68493462e+01 3.18270130e+01 2.04907055e+01
    2.69558220e+01 1.05777397e+01 2.60403366e+01 7.93763256e+00
    2.13480930e+01 2.03167763e+01 3.23349266e+01 3.73136444e+01
    6.51280308e+00 3.76647797e+01 3.45017967e+01 3.63883934e+01
    2.26557884e+01 8.24035835e+00 3.28077278e+01 3.98942375e+00
    3.07331257e+01 1.19577494e+01 3.79533005e+01 1.94022121e+01
    1.05806637e+00 9.50558186e+00 6.80623865e+00 1.59394884e+01
    3.42611618e+01 2.21110954e+01 3.58153801e+01 3.92071266e+01
    3.73143082e+01 3.24632339e+01 2.44429321e+01 2.64542751e+01
    2.20034256e+01 3.53767395e+01 3.91860619e+01 1.95446453e+01
    8.31591904e-01 1.59254599e+01 2.87515450e+01 2.88113952e-01
    3.35523071e+01 1.42154751e+01 2.73584962e+00 9.41134071e+00
    3.80812607e+01 2.44032574e+01 3.21677017e+00 3.62364388e+01
    2.25640640e+01 3.64364128e+01 2.46667647e+00 1.21451235e+01
    3.73769646e+01 1.60021937e+00 1.86654854e+01 2.36659508e+01
    3.47696686e+01 1.74995632e+01 6.64025164e+00 3.99527478e+00
    2.98515034e+01 3.05932102e+01 3.62427216e+01 3.21436081e+01
    2.35365829e+01 4.52290869e+00 3.52356758e+01 6.70362759e+00
    1.74066601e+01 1.07755337e+01 3.62384224e+01 3.41034851e+01
    9.87972069e+00 1.27969570e+01 6.14496231e+00 2.99999428e+01
    2.66871872e+01 2.01631117e+00 7.59723282e+00 3.26870728e+01
    2.73560314e+01 4.04798555e+00 7.57108927e+00 1.83129997e+01
    3.84308319e+01 3.94060063e+00 2.33945465e+00 3.76584282e+01
    2.02059956e+01 2.11996675e+00 1.45578369e-01 2.90279522e+01
    2.06107330e+01 9.11465073e+00 6.94819069e+00 6.14398050e+00
    1.37799101e+01 1.16514473e+01 3.50360031e+01 4.41783190e+00
    3.95186386e+01 1.68801861e+01 1.13056955e+01 1.77525387e+01
    4.40574884e+00 1.26046076e+01 2.15648098e+01 6.80579519e+00
    1.82228050e+01 2.04239216e+01 3.89383850e+01 3.01379414e+01
    2.79136295e+01 6.78599453e+00 9.07604313e+00 2.51517773e+01
    1.82898140e+01 1.21409740e+01 2.30317192e+01 1.92083645e+01
    9.90440965e-01 2.77798767e+01 3.38549995e+01 9.90232658e+00
    1.03780947e+01 1.58197126e+01 3.20139961e+01 6.17989349e+00
    5.46810627e+00 2.38734627e+01 1.89439564e+01 1.51888103e+01
    3.66184196e+01 3.41511879e+01 3.82642937e+01 1.96514759e+01
    8.63251114e+00 2.15108719e+01 3.24006119e+01 4.25524426e+00
    2.85563641e+01 3.87516136e+01 6.29325771e+00 2.39886646e+01
    9.73398304e+00 2.77854023e+01 1.62338436e+00 2.56349049e+01
    7.57751465e+00 2.10367928e+01 1.57000437e+01 2.96486244e+01
    2.09733639e+01 2.07939663e+01 2.43757057e+01 2.76117496e+01
    9.31253052e+00 1.67591095e+00 7.12657118e+00 1.98834343e+01
    2.85733376e+01 2.64784756e+01 1.27727785e+01 1.20175295e+01
    3.11790924e+01 2.01469917e+01 2.41428146e+01 4.69015551e+00
    9.87323380e+00 2.81380138e+01 3.05786514e+01 2.67481823e+01
    2.70001011e+01 2.48277168e+01 3.63204308e+01 2.55967102e+01
    3.30976372e+01 6.19388151e+00 2.09373970e+01 1.74183197e+01
    1.25300665e+01 7.10238039e-01 8.10132694e+00 2.56002960e+01
    1.70095692e+01 2.50791035e+01 9.01797104e+00 1.79062042e+01
    1.15933275e+01 3.35764656e+01 1.10851860e+01 1.34455862e+01
    3.74326096e+01 1.01897180e+00 3.69473495e+01 9.42421818e+00
    3.23604660e+01 4.44415617e+00 6.49654579e+00 3.73719406e+00
    2.76203098e+01 1.45273232e+00 3.12369690e+01 8.99948311e+00
    2.65985565e+01 8.57119942e+00 2.49115543e+01 1.54342394e+01
    5.82928956e-01 1.70724735e+01 3.38476205e+00 2.58055725e+01
    2.47972813e+01 2.91588745e+01 3.18390617e+01 2.19054031e+01
    2.59798050e+01 3.86552310e+00 8.58789158e+00 1.61800613e+01
    2.11947975e+01 2.32715130e+00 3.11759243e+01 2.21624413e+01
    3.80141792e+01 2.23195624e+00 2.43552532e+01 3.79418259e+01
    3.76209564e+01 3.38669510e+01 2.16942425e+01 1.49580078e+01
    1.25736551e+01 1.42447453e+01 1.38714476e+01 1.85011559e+01
    2.96312046e+01 3.27235866e+00 3.35648346e+01 2.00969639e+01
    2.53312073e+01 2.17407818e+01 2.14900570e+01 1.51123257e+01
    2.02277679e+01 3.42154083e+01 3.24773750e+01 1.91611671e+01
    7.94330311e+00 1.88382854e+01 3.91143265e+01 2.46547298e+01
    2.28521862e+01 1.72808380e+01 3.56343994e+01 1.00554905e+01
    2.11495647e+01 1.63766968e+00 7.70241451e+00 1.70093555e+01
    2.49135756e+00 1.72268736e+00 8.88417363e-01 5.71701384e+00
    3.85222626e+01 6.43292713e+00 2.66443882e+01 2.89840336e+01
    1.37642193e+01 8.69904518e+00 2.50960579e+01 3.87424278e+01
    3.54785271e+01 3.40017281e+01 6.58653927e+00 1.85496960e+01
    1.08019733e+01 2.04241905e+01 3.62417746e+00 2.44164886e+01
    2.27620239e+01 3.55565033e+01 1.87283039e+01 3.82057419e+01
    2.58526249e+01 2.76906185e+01 3.30972900e+01 2.64722157e+01
    3.87622223e+01 2.37569332e+01 1.53429747e+01 2.91319504e+01
    2.65483303e+01 2.14625702e+01 2.33811836e+01 3.40874557e+01
    3.65952039e+00 3.73210182e+01 1.25057154e+01 1.82473507e+01
    4.62224102e+00 3.49207687e+01 3.19384003e+01 2.35051880e+01
    3.48669205e+01 3.21742210e+01 2.39377270e+01 3.52748413e+01
    3.71552887e+01 3.38819656e+01 1.12851143e+01 1.74500942e+01
    7.36451864e+00 1.72169762e+01 2.67150974e+00 3.10013046e+01
    1.30722876e+01 1.24388371e+01 7.50794935e+00 1.31517303e+00
    3.57605858e+01 3.09039192e+01 2.03890285e+01 3.58245888e+01
    3.46119232e+01 5.25182486e-01 1.35168247e+01 8.40903378e+00
    3.38170013e+01 1.14909439e+01 2.86832390e+01 2.50894508e+01
    5.41829586e+00 1.76036987e+01 5.43041039e+00 2.44607754e+01
    3.07496700e+01 4.71809864e+00 1.44228725e+01 4.78851986e+00
    3.29623146e+01 3.09298019e+01 3.23539810e+01 1.25668392e+01
    2.11938534e+01 2.42321701e+01 2.40951042e+01 2.26884022e+01
    2.01625705e+00 3.62909584e+01 7.55285549e+00 1.05072842e+01
    7.46738291e+00 2.83453026e+01 3.37588654e+01 3.92218590e+01
    3.75412102e+01 2.40894432e+01 3.60240860e+01 2.43951988e+00
    3.85561676e+01 1.26639910e+01 1.20629168e+01 6.87276030e+00
    2.56880722e+01 3.45623093e+01 3.69301262e+01 2.21491127e+01
    1.38487043e+01 1.73165646e+01 2.21507835e+00 3.72655563e+01
    3.34032211e+01 1.60601950e+00 6.67445734e-02 2.38765488e+01
    8.81488037e+00 3.42806511e+01 2.47541504e+01 2.56484871e+01
    1.60671768e+01 6.07666874e+00 2.01045513e+01 2.96575184e+01
    3.36223831e+01 4.79632521e+00 1.73355269e+00 7.32553625e+00
    3.50098305e+01 1.69715672e+01 2.14555264e+01 1.39277468e+01
    6.23658943e+00 2.89679193e+00 1.39573021e+01 3.03271980e+01
    2.00156307e+01 3.83147311e+00 3.47170372e+01 2.03934765e+01
    2.15370274e+00 3.85865784e+01 2.42816620e+01 3.36947136e+01
    1.21774921e+01 3.52895546e+01 1.43530524e+00 2.16631770e+00
    2.71952667e+01 2.75230179e+01 2.50275459e+01 4.22450811e-01
    2.42364540e+01 2.02905312e+01 3.40440521e+01 2.18016319e+01
    3.08089867e+01 3.76842651e+01 1.18769445e+01 8.98419857e+00
    3.25475454e+00 2.79469185e+01 2.07997360e+01 2.27180290e+01
    4.31124401e+00 9.78879261e+00 2.70931435e+01 3.64004364e+01
    1.03227806e+01 3.71758423e+01 2.58473206e+01 3.64811172e+01
    1.61494980e+01 3.84982735e-01 2.14254322e+01 1.74411469e+01
    2.01439114e+01 2.65567837e+01 1.61213720e+00 1.95867901e+01
    1.01236115e+01 2.86896191e+01 9.73042202e+00 3.22304916e+01
    8.04644012e+00 3.21879997e+01 1.45995054e+01 1.86548882e+01
    8.47180748e+00 1.09891310e+01 1.76051922e+01 1.66279030e+01
    4.52389479e+00 1.18129473e+01 3.75435257e+01 4.92145747e-01
    2.55952301e+01 1.72301149e+00 3.94641876e+01 1.41716766e+01
    1.73921852e+01 3.15891361e+01 3.71077843e+01 3.06290894e+01
    1.79063530e+01 9.72439289e+00 3.80104980e+01 2.14181786e+01
    1.02349339e+01 2.30382118e+01 2.57571335e+01 1.56351080e+01
    6.43423462e+00 2.06083221e+01 5.81864977e+00 3.25345192e+01
    3.63915176e+01 3.28043480e+01 3.85920372e+01 6.36015272e+00
    3.58796768e+01 2.00094452e+01 3.85743179e+01 2.75282211e+01
    2.13390694e+01 3.71225243e+01 1.15874605e+01 3.47590485e+01
    1.77848530e+01 1.78324089e+01 2.59330635e+01 2.91365795e+01
    3.78443489e+01 2.96877022e+01 8.60665989e+00 1.24066868e+01
    3.60466881e+01 1.52931108e+01 2.36445789e+01 3.46754074e+01
    3.93872757e+01 3.30788918e+01 2.95738430e+01 4.57076597e+00
    3.43829994e+01 1.40880013e+01 2.05538578e+01 6.00677252e+00
    9.34168279e-01 3.30667572e+01 3.59500275e+01 2.32785835e+01
    1.48598747e+01 3.31963158e+01 2.45567188e+01 2.78021927e+01
    2.57963543e+01 1.59556789e+01 9.32578087e+00 9.51304793e-01
    1.86102791e+01 1.69432926e+01 2.27382889e+01 3.49802704e+01
    3.52268906e+01 2.29223213e+01 1.06101692e+00 1.65140591e+01
    3.90268059e+01 1.35116363e+00 2.84944534e+01 9.45214629e-01
    3.38784866e+01 2.87771244e+01 3.37008972e+01 3.02045879e+01
    3.12770882e+01 9.82762814e+00 2.05484543e+01 7.56252766e+00
    7.64415169e+00 1.10520077e+01 2.41131830e+00 2.61548786e+01
    2.23103676e+01 2.76352482e+01 3.62396889e+01 2.76371784e+01
    5.71313047e+00 1.21382113e+01 1.90899048e+01 3.00649681e+01
    6.60421753e+00 3.21979523e+01 1.26381502e+01 1.94006710e+01
    1.79076195e+01 2.69986782e+01 3.77914963e+01 3.21974831e+01
    1.88930836e+01 2.79666271e+01 1.13045216e+01 9.68843365e+00
    3.85135002e+01 3.42524185e+01 1.43550854e+01 3.94571228e+01
    2.71126652e+01 2.72195892e+01 1.17432280e+01 3.92289124e+01
    1.92956161e+01 1.86020126e+01 1.13639107e+01 1.61324959e+01
    3.95795479e+01 3.83933258e+01 1.78279152e+01 2.95578442e+01
    3.86740723e+01 1.56474614e+00 3.65563774e+01 3.25482130e+00
    3.75306435e+01 2.82762909e+01 1.96355362e+01 2.56350670e+01
    3.25330544e+01 3.68119240e+00 1.82992280e+00 3.75747147e+01
    3.75321655e+01 3.76918945e+01 1.30963326e+00 1.81147747e+01
    3.94657097e+01 6.51127815e+00 2.88176403e+01 3.20780220e+01
    1.80425377e+01 2.25082417e+01 2.41782341e+01 1.51868658e+01
    1.23793125e+01 8.42865849e+00 1.87128143e+01 3.88418365e+00
    1.76044731e+01 3.37708321e+01 2.43053608e+01 3.50462055e+00
    2.55338669e+01 1.20394602e+01 6.96337366e+00 9.26245213e+00
    1.92999916e+01 2.69140568e+01 2.24399090e+01 1.67006254e+00
    1.59736290e+01 2.07009735e+01 3.90096092e+01 2.06464272e+01
    6.53469563e+00 3.20697060e+01 3.90305367e+01 3.74744606e+01
    2.55304832e+01 2.06344376e+01 2.04599266e+01 2.46316261e+01
    3.95132599e+01 3.89752083e+01 6.57134151e+00 1.09631090e+01
    3.64967957e+01 2.73890686e+00 2.35001392e+01 3.20804787e+00
    3.68685036e+01 3.67930946e+01 1.60601597e+01 3.90961151e+01
    2.73821163e+01 1.91931801e+01 8.35023212e+00 1.97558250e+01
    2.67043858e+01 2.84447746e+01 2.30531635e+01 3.83954582e+01
    2.37439594e+01 2.75607262e+01 3.12866306e+01 1.99172344e+01
    1.89447517e+01 2.67258263e+01 2.13671646e+01 2.77520390e+01
    3.92816391e+01 2.75946960e+01 2.88701229e+01 1.31890876e-02
    2.58465782e-02 4.45732880e+00 2.98834157e+00 2.68033028e+01
    1.48148470e+01 3.65164757e+01 3.25543442e+01 2.24433651e+01
    2.61145782e+01 2.34408016e+01 3.93724594e+01 3.34427309e+00
    3.37745972e+01 1.04000607e+01 3.91409874e+01 7.13422346e+00
    1.33411036e+01 2.66841335e+01 3.94131088e+01 1.51168995e+01
    3.22317047e+01 7.89048481e+00 4.33877707e+00 2.06658955e+01
    3.88048782e+01 1.01488457e+01 1.02443514e+01 2.17675190e+01
    2.94714718e+01 3.76238174e+01 2.78438377e+01 3.84125938e+01
    3.09007187e+01 1.95836868e+01 3.71452446e+01 1.60726242e+01
    2.48766346e+01 1.48881369e+01 8.85641193e+00 3.35261993e+01
    1.52288427e+01 1.87100983e+01 9.90320683e+00 2.15191860e+01
    2.11388664e+01 1.23432722e+01 4.21179390e+00 3.52800446e+01
    2.57102680e+01 1.45707846e+01 3.34346352e+01 1.62474880e+01
    4.82304192e+00 4.10854721e+00 2.73315983e+01 2.20288734e+01
    2.64304104e+01 3.25725098e+01 1.62563133e+01 2.91913962e+00
    3.28153305e+01 2.01514950e+01 4.06063938e+00 2.42862663e+01
    3.31573143e+01 2.75270920e+01 1.79340343e+01 1.97083015e+01
    1.17902575e+01 5.04420853e+00 1.24669523e+01 2.95917606e+01
    1.92395611e+01 2.58101196e+01 2.02714767e+01 5.97257328e+00
    2.68709030e+01 2.07865887e+01 1.96919708e+01 5.01220512e+00
    1.92130203e+01 6.53345251e+00 2.72581921e+01 1.43449950e+00
    2.90808334e+01 3.19079227e+01 2.41711178e+01 1.80597553e+01
    8.09726810e+00 2.07473831e+01 3.14938760e+00 3.37748871e+01
    2.69937668e+01 7.74322653e+00 1.41047287e+00 1.17036495e+01
    1.09807186e+01 2.16118603e+01 1.23241539e+01 2.02409477e+01
    1.69519997e+01 2.25025368e+01 2.73461246e+01 2.56912193e+01
    3.52902222e+01 2.91375275e+01 7.31179571e+00 2.41165714e+01
    3.74240227e+01 2.06194043e+00 3.30247536e+01 2.02292500e+01
    3.38334808e+01 2.54504147e+01 2.10237522e+01 1.84853497e+01
    1.88865876e+00 1.08132486e+01 1.87037563e+01 2.93929749e+01
    2.08986378e+01 8.47508621e+00 1.13830891e+01 1.21116619e+01
    1.22604399e+01 4.74841833e+00 1.37156172e+01 1.14617710e+01
    2.29645672e+01 3.17201519e+01 2.75501060e+01 2.65251122e+01
    1.58841906e+01 2.37706242e+01 3.96400833e+01 1.15095673e+01
    2.87930145e+01 3.68666344e+01 1.55237293e+01 2.71569347e+01
    1.68285065e+01 8.51855850e+00 3.47702675e+01 2.68755360e+01
    1.38429022e+01 1.26111841e+01 2.34720230e+01 6.00886679e+00
    2.93424759e+01 3.16758480e+01 2.28376293e+01 1.43809443e+01
    2.35088558e+01 3.59798546e+01 3.39148979e+01 2.32741776e+01
    3.41370850e+01 2.77917767e+00 2.91581039e+01 2.41451588e+01
    2.94876137e+01 2.57204056e+00 3.52880049e+00 3.66550674e+01
    2.42209663e+01 9.68322468e+00 8.92763901e+00 3.39774704e+01
    1.44310799e+01 1.75034962e+01 3.88853607e+01 1.04239273e+01
    8.24984264e+00 3.16547661e+01 1.32465863e+00 2.53461380e+01
    2.57794356e+00 2.13777618e+01 2.70843182e+01 3.04221706e+01
    1.19705582e+01 2.51086788e+01 4.87318230e+00 2.25193024e+01
    3.86307602e+01 3.84636569e+00 2.78468075e+01 1.83548050e+01
    2.93027840e+01 1.65878260e+00 3.17490711e+01 3.22639465e+01
    2.59826813e+01 5.20250797e+00 9.79769230e+00 5.56069803e+00
    3.60204163e+01 8.13811779e+00 3.14485779e+01 3.22376976e+01
    7.62448025e+00 2.37869453e+01 3.71146240e+01 3.37434502e+01
    3.65504341e+01 5.26155138e+00 2.84486771e+01 2.53466167e+01
    2.12357216e+01 1.94390583e+01 1.60191822e+00 5.67267132e+00
    1.31295271e+01 3.84097214e+01 1.97757492e+01 3.89907150e+01
    1.76492233e+01 2.82361832e+01 2.84438877e+01 2.34176388e+01
    2.43168640e+01 3.74495583e+01 3.65181580e+01 4.59439494e-02
    2.42462597e+01 1.18380861e+01 3.87406082e+01 4.22853422e+00
    2.20794506e+01 2.00271072e+01 2.69480095e+01 2.36985283e+01
    1.29655685e+01 2.69301376e+01 3.67805672e+01 3.02823143e+01
    1.24663239e+01 7.78110123e+00 2.53109970e+01 3.74946136e+01
    7.07891798e+00 4.35310745e+00 3.74917641e+01 8.20099354e+00
    1.56535473e+01 4.15146351e+00 3.62639351e+01 1.45821104e+01
    4.49824953e+00 1.64371624e+01 1.24876518e+01 2.19282627e+01
    3.14974155e+01 7.42516041e+00 1.92496681e+01 1.32489100e+01
    1.96653709e+01 1.48414841e+01 4.30833244e+00 4.35774612e+00
    2.39075661e+01 3.49235916e+01 2.23925190e+01 1.79643669e+01
    2.04516373e+01 3.41996803e+01 1.90739751e-01 2.85188580e+01
    3.18283653e+00 2.09203682e+01 1.41343622e+01 1.01847687e+01
    3.39511108e+01 3.20403061e+01 3.04519081e+01 3.42240219e+01
    1.44111538e+01 2.75995407e+01 2.85791245e+01 3.33070145e+01
    3.39711380e+00 1.24652681e+01 1.05624495e+01 3.12668400e+01
    3.49066277e+01 2.55987148e+01 8.76151180e+00 2.21903591e+01
    3.88185997e+01 1.36587591e+01 1.27739820e+01 6.48491621e+00
    8.41754436e+00 1.55594504e+00 2.58600311e+01 1.30548394e+00
    2.88413181e+01 1.46460199e+01 3.47209066e-01 3.87759514e+01
    1.90745850e+01 9.77814865e+00 3.21957474e+01 1.40059443e+01
    3.33051376e+01 3.93839226e+01 1.02161722e+01 3.74019699e+01
    3.13499908e+01 3.81632805e+01 1.59188643e+01 1.16302176e+01
    1.33474159e+01 7.69775963e+00 5.32112360e+00 3.68312912e+01
    1.55936995e+01 2.30124667e-01 3.89295654e+01 3.74973068e+01
    1.38727045e+01 8.47723579e+00 2.64231300e+01 1.75713463e+01
    3.92031937e+01 1.56964436e+01 1.78223085e+00 1.50530643e+01
    1.39747543e+01 3.00856609e+01 2.42956047e+01 3.10249653e+01
    3.20961380e+01 7.14740849e+00 2.82264214e+01 2.20915184e+01
    2.20500431e+01 1.57982349e+01 1.61254978e+01 7.41231775e+00
    3.53836937e+01 6.93037462e+00 2.40532455e+01 3.64532242e+01
    5.35911751e+00 1.21557961e+01 2.22034693e+00 3.50867348e+01
    1.77705193e+01 7.38404369e+00 2.32307949e+01 2.74785042e+01
    7.51312351e+00 1.18628407e+01 1.28393354e+01 3.78684235e+01
    3.21417885e+01 8.71025848e+00 3.14895096e+01 2.82688599e+01
    1.34599867e+01 4.39961338e+00 3.61629372e+01 3.10111332e+01
    1.63026085e+01 2.96019816e+00 1.17831898e+01 3.96674418e+00
    9.63229942e+00 1.43315125e+00 2.96490555e+01 3.46038055e+01
    1.44654560e+01 2.42364140e+01 3.75713577e+01 5.69547749e+00
    3.54865608e+01 3.48003435e+00 3.25489578e+01 9.99102688e+00
    3.10368538e+01 2.55967960e+01 1.16068780e+00 2.31886311e+01
    1.15501595e+01 1.14817467e+01 1.27934847e+01 2.13204441e+01
    3.54299431e+01 2.14131975e+00 1.94200020e+01 3.66032181e+01
    1.33635035e+01 2.42679672e+01 2.49125748e+01 1.91506710e+01
    3.42307167e+01 3.45519829e+01 4.24577045e+00 3.42286110e+01
    8.09520900e-01 3.79475327e+01 3.80998077e+01 1.01218882e+01
    5.60134172e+00 1.05081921e+01 3.10656414e+01 8.75943089e+00
    1.59150302e+00 1.46104631e+01 2.39239235e+01 8.75630665e+00
    3.80932198e+01 1.19254847e+01 1.49979753e+01 2.88561523e-01
    3.14657154e+01 2.96226635e+01 4.91098595e+00 7.07901525e+00
    3.42321510e+01 2.03893509e+01 3.54710655e+01 3.35793800e+01
    1.28109703e+01 3.62823792e+01 2.99101067e+01 3.87804604e+01
    3.67240601e+01 1.98050537e+01 2.82852688e+01 1.48828211e+01
    2.52606630e+00 2.37178135e+01 6.34981632e+00 2.23016739e+01
    1.89334679e+01 1.01704645e+01 3.54100304e+01 8.95208645e+00
    2.44005032e+01 2.57010860e+01 2.82903385e+01 3.25681953e+01
    3.89455070e+01 4.98029757e+00 3.09940109e+01 2.63318062e+00
    3.31154022e+01 3.88426437e+01 3.62394791e+01 1.39096279e+01
    2.09099579e+00 9.97641754e+00 3.04855328e+01 1.17341185e+00
    1.79799042e+01 8.02201843e+00 2.17558250e+01 4.09722328e+00
    2.38676491e+01 3.62434654e+01 6.31235409e+00 3.23290634e+01
    6.82126379e+00 3.30590134e+01 3.17156925e+01 3.52573323e+00
    6.64806890e+00 1.62466183e+01 2.24152470e+01 1.32411537e+01
    4.75133371e+00 2.60643787e+01 3.06481857e+01 1.55373917e+01
    2.98295269e+01 3.53334503e+01 3.16972084e+01 3.95851588e+00
    2.64327126e+01 6.96493387e+00 3.01193657e+01 1.47400236e+01
    3.52178879e+01 2.29344482e+01 1.20012054e+01 3.63805199e+01
    1.65312462e+01 7.07262039e+00 3.87729492e+01 2.14368534e+00
    2.23956165e+01 2.82834702e+01 1.65070515e+01 2.85471020e+01
    3.52040443e+01 3.50374985e+01 7.52368975e+00 3.46358604e+01
    1.32023799e+00 2.68515301e+01 5.01328993e+00 1.82936554e+01
    2.65192566e+01 8.65159702e+00 2.69221592e+01 3.23698491e-01
    1.27720633e+01 6.16723442e+00 1.45191240e+01 2.02511215e+01
    3.19758644e+01 2.67196960e+01 2.67745533e+01 2.08970585e+01
    2.36458893e+01 3.32775002e+01 2.82290344e+01 2.41152439e+01
    9.40479946e+00 2.34729652e+01 4.57670975e+00 3.25371504e+00
    3.13897419e+00 1.70127659e+01 2.51714363e+01 1.83378887e+01
    3.51968002e+00 2.24647560e+01 3.69329987e+01 6.23030138e+00
    2.89664898e+01 1.73403835e+01 1.04412851e+01 3.11440659e+00
    1.32207108e+00 6.23865271e+00 3.29528770e+01 2.60846367e+01
    2.07533970e+01 2.38782215e+01 3.94165497e+01 2.09865513e+01
    2.82407398e+01 2.39956570e+01 1.11758118e+01 2.74692745e+01
    3.95544472e+01 2.45214539e+01 1.03656149e+01 2.46033144e+00
    1.67567196e+01 3.26717682e+01 1.34956684e+01 3.77464142e+01
    3.28326225e+01 1.36622992e+01 5.46442127e+00 2.38800430e+01
    1.20941792e+01 3.87534294e+01 2.08329639e+01 3.20954895e+01
    2.64875660e+01 3.07530236e+00 9.20152378e+00 2.04645042e+01
    2.94250965e+01 3.73191872e+01 3.29062729e+01 1.43745184e+01
    1.64881287e+01 1.45969620e+01 2.57354736e+01 3.04907265e+01
    2.24582214e+01 3.35407562e+01 4.81382751e+00 9.72115421e+00
    1.48263044e+01 3.56838989e+01 7.18517256e+00 9.56243610e+00
    1.12759838e+01 3.83922920e+01 8.79540730e+00 1.46556234e+01
    4.18401861e+00 1.91365242e+01 1.01883841e+01 3.30492401e+01
    8.95800495e+00 6.83242512e+00 1.51481647e+01 9.58511829e+00
    1.75169926e+01 1.04905386e+01 1.19295797e+01 3.61350822e+01
    3.36930199e+01 1.08754120e+01 2.73149090e+01 1.42603922e+01
    2.31127701e+01 1.68698311e+01 1.16786852e+01 2.69915657e+01
    3.11435966e+01 2.52545953e+00 1.69255314e+01 2.36267185e+01
    6.88140249e+00 1.15739861e+01 8.31189215e-01 3.82721481e+01
    1.45925169e+01 2.05475178e+01 3.15768051e+01 3.03641720e+01
    3.60207291e+01 9.90085125e+00 3.80585403e+01 3.26401711e+01
    6.29161215e+00 6.40560198e+00 2.06830616e+01 2.56279850e+01
    1.05695095e+01 1.25118217e+01 2.14109497e+01 6.58469296e+00
    2.43701720e+00 3.07909603e+01 2.55083752e+01 2.17687244e+01
    2.52361679e+01 2.64909363e+01 1.12344007e+01 2.78203087e+01
    1.28363895e+01 2.97207165e+01 3.30340538e+01 6.39578438e+00
    9.65857506e-03 2.65396996e+01 3.62677689e+01 3.92215767e+01
    3.25412102e+01 2.49064851e+00 1.77645264e+01 3.52136650e+01
    2.71577396e+01 1.79292278e+01 2.59260406e+01 1.59713621e+01
    2.00782776e+01 3.30246849e+01 2.97756310e+01 1.45000210e+01
    2.84445477e+01 1.34275532e+00 6.13736677e+00 2.32584991e+01
    1.11756477e+01 2.97744865e+01 3.00574913e+01 1.97803764e+01
    3.03527584e+01 1.40318489e+01 1.00342655e+01 1.15384350e+01
    1.62950840e+01 2.41075058e+01 1.34444857e+01 1.36306345e+00
    3.64459457e+01 1.19167233e+01 7.01879215e+00 2.04156361e+01
    2.42640591e+01 2.67560697e+00 2.08019867e+01 3.42251854e+01
    2.18428020e+01 2.10860691e+01 3.15866547e+01 1.52881346e+01
    1.11328149e+00 2.91681862e+01 3.22341690e+01 3.03445005e+00
    2.97516747e+01 2.36199780e+01 8.03497410e+00 7.33658934e+00
    3.87280083e+01 1.35873585e+01 2.83940482e+00 3.63069534e+01
    1.39488869e+01 3.78837318e+01 3.09849606e+01 2.03101406e+01
    2.38829136e+01 2.88045673e+01 2.02337055e+01 6.24258137e+00
    9.80410480e+00 6.64581895e-01 2.17391033e+01 3.90335388e+01
    3.49159431e+01 2.93531189e+01 2.21184425e+01 6.13816929e+00
    3.13476353e+01 2.46272526e+01 4.83617163e+00 3.02728004e+01
    2.37588348e+01 1.00660048e+01 3.69747901e+00 4.02472687e+00
    1.55793848e+01 1.48472538e+01 3.60400581e+01 1.62183800e+01
    2.13165359e+01 2.93841877e+01 1.17791643e+01 2.62324200e+01
    1.83855247e+01 2.09515781e+01 2.79447212e+01 3.54364014e+01
    3.59900589e+01 2.89815826e+01 2.31214561e+01 2.30569038e+01
    1.48109646e+01 1.45107889e+01 2.99640789e+01 1.63503857e+01
    8.87087345e+00 2.17265015e+01 5.88017607e+00 2.72561431e+00
    3.37867813e+01 5.66590691e+00 2.70587635e+01 8.98346615e+00
    3.88606377e+01 4.44112062e+00 3.05959740e+01 1.88810539e+01
    1.83976376e+00 1.32217607e+01 1.81180567e-01 3.20033264e+01
    2.19439583e+01 1.49909811e+01 3.52230797e+01 3.75805879e+00
    3.20026436e+01 5.31288815e+00 2.60803032e+01 2.33551159e+01
    2.25202293e+01 2.23076744e+01 2.12528687e+01 7.29140663e+00
    2.59666176e+01 1.79380817e+01 3.09825478e+01 3.96528893e+01
    6.73855639e+00 3.60561943e+01 3.20925674e+01 3.23111649e+01
    4.93038034e+00 2.93729162e+00 2.25423546e+01 3.82099533e+01
    2.85352592e+01 1.92255497e+01 3.83734474e+01 1.79154015e+01
    3.21897736e+01 3.09582920e+01 2.24232674e+00 3.99931860e+00
    1.11025648e+01 1.57177544e+01 2.00009899e+01 3.10513611e+01
    1.03996468e+01 1.86234550e+01 2.03741245e+01 3.17125988e+01
    3.02346420e+01 2.70721912e+01 3.80575562e+01 3.70625420e+01
    3.45881882e+01 1.08554306e+01 1.12916079e+01 2.74988861e+01
    3.11107159e+01 1.96174347e+00 9.61791229e+00 2.27624836e+01
    2.54679985e+01 4.40157861e-01 2.28360882e+01 4.97557497e+00
    1.06855659e+01 3.74703979e+00 2.54961624e+01 2.45619068e+01
    2.83993664e+01 2.07005501e+01 1.75255775e+01 2.44529743e+01
    3.85075874e+01 3.54535294e+01 8.56677818e+00 3.29710884e+01
    1.04834909e+01 5.41288948e+00 1.14801483e+01 1.73429947e+01
    3.75919685e+01 3.92587280e+01 3.74640465e+01 2.30012965e+00
    1.08225794e+01 2.58253651e+01 1.41245842e+00 7.99849415e+00
    2.73179913e+00 3.77080727e+01 6.23990679e+00 1.44933236e+00
    1.22356577e+01 1.29815781e+00 1.68225307e+01 2.03596859e+01
    1.51245098e+01 4.72729635e+00 6.77486467e+00 1.95924435e+01
    3.47007561e+01 1.69588032e+01 6.62627146e-02 1.74039612e+01
    6.02818108e+00 9.57268906e+00 9.95071530e-01 1.04577627e+01
    1.62212811e+01 7.49134636e+00 3.67106514e+01 1.17153816e+01
    3.46127853e+01 3.84631996e+01 1.42241621e+01 1.20593252e+01
    4.52223349e+00 3.75492859e+01 2.56662960e+01 3.79941711e+01
    1.06233845e+01 3.27414131e+01 1.67169034e+00 2.77395020e+01
    3.11271954e+00 3.90200567e+00 1.78694344e+01 3.45555534e+01
    2.84760132e+01 2.30022297e+01 1.36854229e+01 2.69313602e+01
    1.10815573e+01 3.72219009e+01 1.80769215e+01 3.57004433e+01
    1.44892769e+01 1.17009716e+01 1.15171938e+01 3.00893211e+01
    7.30413389e+00 1.27680435e+01 2.72695026e+01 1.83859196e+01
    3.78972855e+01 1.69685268e+01 3.06142235e+01 2.41384335e+01
    3.61789093e+01 1.73776054e+01 2.54918528e+00 3.48985252e+01
    3.15481701e+01 3.29060593e+01 3.30763006e+00 2.41457558e+01
    3.24606552e+01 1.57480221e+01 1.94210777e+01 8.89688969e+00
    7.10121632e+00 2.83567009e+01 5.51883078e+00 2.46242785e+00
    2.70202293e+01 3.48930168e+01 9.43325615e+00 3.70710373e+01
    1.18386021e+01 6.98942137e+00 1.95139370e+01 2.08258480e-01
    3.34545135e+01 3.05719471e+01 3.27906456e+01 3.85240555e+01
    4.87027454e+00 1.52227898e+01 3.77302132e+01 3.22631264e+00
    2.74560680e+01 2.97139683e+01 2.29771690e+01 1.39176435e+01
    1.30551643e+01 2.57012634e+01 2.56437511e+01 3.01941166e+01
    3.61928291e+01 3.59539986e+01 2.25131054e+01 8.14980507e+00
    2.04548054e+01 4.95488453e+00 2.41420097e+01 1.08081274e+01
    2.35929070e+01 2.70360260e+01 1.59609194e+01 1.36637201e+01
    7.78013802e+00 2.46010704e+01 1.44234133e+01 2.08459587e+01
    3.93378091e+00 2.56819077e+01 3.18880444e+01 3.19515190e+01
    3.90892677e+01 2.65304680e+01 3.01099358e+01 3.69001808e+01
    8.70379353e+00 5.22867918e-01 3.40194626e+01 3.43122139e+01
    2.73616848e+01 3.58425140e+01 6.59014988e+00 4.40084314e+00
    4.03264093e+00 8.31459713e+00 3.17664604e+01 2.71322689e+01
    2.61885014e+01 2.67637672e+01 2.06187840e+01 3.59091225e+01
    2.49126301e+01 1.73285408e+01 3.96595078e+01 3.26842690e+01
    7.99843025e+00 1.66314526e+01 2.22483158e+01 1.58506136e+01
    1.79909191e+01 3.25037460e+01 1.56625347e+01 4.85946941e+00
    3.85901070e+01 3.22565346e+01 2.88666706e+01 3.89695435e+01
    1.40934622e+00 2.95020809e+01 2.13832712e+00 3.39789848e+01
    2.76362457e+01 3.18132992e+01 2.20593376e+01 3.21348801e+01
    2.44707680e+01 3.08446770e+01 1.84421005e+01 3.31264734e+00
    2.62905579e+01 4.26011324e+00 2.31839123e+01 3.96261520e+01
    1.59727192e+01 6.14320993e+00 3.12795143e+01 2.51399555e+01
    2.62022095e+01 3.07204151e+01 3.57954941e+01 4.92958593e+00
    9.43908787e+00 1.75771713e+01 2.13357677e+01 8.24831605e-01
    3.92761688e+01 7.58725786e+00 1.11903811e+00 7.94690752e+00
    3.17429905e+01 3.94997292e+01 2.55864067e+01 1.24700470e+01
    1.49959507e+01 2.46755924e+01 1.36020918e+01 1.19821014e+01
    9.23388481e+00 1.03987341e+01 4.67911625e+00 1.21884489e+01
    2.39931507e+01 1.01649399e+01 1.26931152e+01 3.85350189e+01
    2.98027401e+01 3.64853024e+00 1.81662331e+01 1.91019115e+01
    1.43274250e+01 1.26398087e+01 1.96543789e+01 2.06136532e+01
    2.31345825e+01 1.63065948e+01 1.24451342e+01 3.07925844e+00
    2.63925629e+01 3.79161530e+01 2.13042889e+01 1.44448690e+01
    1.64261684e+01 2.09858818e+01 3.56128731e+01 1.01313992e+01
    3.96384430e+00 1.24486923e+01 7.61513996e+00 1.86535797e+01
    2.16317539e+01 3.80476689e+00 1.67860317e+01 2.88759995e+01
    1.16539574e+01 3.07054863e+01 1.54286575e+01 2.43562145e+01
    6.25821590e+00 7.50132990e+00 7.51157570e+00 1.11516786e+00
    2.77762260e+01 3.49612350e+01 3.53620682e+01 1.29518824e+01
    3.31386070e+01 5.71913910e+00 2.21305790e+01 2.14313145e+01
    1.71485335e-01 9.85291672e+00 5.85507727e+00 6.90952718e-01
    2.27933922e+01 1.39136410e+01 1.87533035e+01 1.61181011e+01
    2.07429409e+01 2.46332836e+01 2.29684138e+00 2.71008658e+00
    7.34813213e+00 3.75297813e+01 2.89217358e+01 3.77337456e+01
    2.44469309e+00 1.07282333e+01 2.34658885e+00 1.06674871e+01
    2.73329716e+01 2.00694370e+01 2.03837395e+01 1.43549747e+01
    2.35960579e+01 1.68708965e-01 3.67127609e+01 1.57740631e+01
    2.51450043e+01 1.07682095e+01 3.04460468e+01 1.33315544e+01
    1.76360950e+01 1.83015919e+01 2.21612034e+01 2.36826534e+01
    2.58550415e+01 3.82497253e+01 3.84317665e+01 3.42565613e+01
    3.21296577e+01 6.68706369e+00 2.88014011e+01 1.00792789e+01
    5.71504176e-01 3.24056053e+01 3.54513092e+01 2.16124210e+01
    5.78181505e-01 4.03827763e+00 1.17594004e+01 3.33739471e+01
    4.69566011e+00 3.25873299e+01 3.27816887e+01 2.56179256e+01
    3.78516998e+01 2.68509922e+01 1.87789345e+01 1.73853130e+01
    2.48112373e+01 2.03042774e+01 2.80874081e+01 3.77330551e+01
    2.26055412e+01 1.52945576e+01 1.11701794e+01 3.83020735e+00
    3.67124023e+01 9.31924438e+00 1.72343552e+00 1.23311415e+01
    3.75764351e+01 2.00461060e-01 2.56364136e+01 1.47348318e+01
    7.14067030e+00 3.13057976e+01 2.10767822e+01 1.41186962e+01
    4.32194680e-01 2.15475979e+01 2.15510769e+01 2.10981560e+01
    5.09246302e+00 2.39322224e+01 1.34541452e+00 4.13372087e+00
    2.35981750e+01 2.32774758e+00 2.75220394e+01 5.14590216e+00
    6.55572844e+00 1.87975426e+01 1.40966291e+01 4.07624722e+00
    2.78515568e+01 2.92348785e+01 6.31099701e+00 1.10654106e+01
    3.54710922e+01 1.93359451e+01 2.07799015e+01 1.47487030e+01
    3.21212411e+00 4.67985392e+00 1.39246216e+01 6.86489439e+00
    1.16172624e+00 3.79730868e+00 3.24888992e+01 1.37453327e+01
    2.58054562e+01 1.27588243e+01 3.93789291e+01 7.78773260e+00
    1.14869232e+01 1.48122444e+01 3.12324505e+01 2.12524853e+01
    2.16246643e+01 3.18472881e+01 3.40318756e+01 1.01893549e+01
    1.15309839e+01 2.83889580e+01 2.93807316e+01 2.94395137e+00
    2.20046825e+01 2.43906856e+00 4.97128248e+00 1.98854694e+01
    1.34424314e+01 3.18672905e+01 7.87960720e+00 1.44411631e+01
    3.40546036e+01 8.69744778e+00 1.56260977e+01 9.45102501e+00
    1.74785576e+01 2.74406362e+00 1.14331741e+01 1.64352627e+01
    1.19491816e+01 1.67028904e+01 1.26166821e+01 3.08969345e+01
    8.65116343e-02 2.11972904e+01 3.03976345e+01 7.47507524e+00
    1.45429211e+01 3.87307816e+01 2.93046818e+01 2.10650082e+01
    3.30483551e+01 9.69782257e+00 3.15827770e+01 8.64993382e+00
    5.24442530e+00 1.64671383e+01 5.45177126e+00 1.89091911e+01
    1.55959959e+01 2.03798127e+00 1.67290554e+01 1.03266678e+01
    3.68973770e+01 3.25562286e+01 3.20046196e+01 1.33349371e+01
    2.52890625e+01 2.27957230e+01 3.58118858e+01 2.56203079e+01
    1.65338650e+01 3.92417259e+01 2.86914940e+01 1.43146696e+01
    1.22603426e+01 3.90856628e+01 1.41789255e+01 3.10480189e+00
    5.62525654e+00 1.42337971e+01 3.44508781e+01 3.27396698e+01
    3.29732323e+01 1.77674198e+01 2.51488457e+01 1.94148242e-01
    1.14290466e+01 3.08812332e+01 5.67903900e+00 6.42743444e+00
    1.94413471e+01 8.49044514e+00 5.16180515e+00 5.14676189e+00
    1.62732582e+01 1.40367994e+01 2.37698059e+01 2.08596563e+00
    9.76296997e+00 2.91501999e+01 2.90616775e+00 1.20335586e-01
    1.95026627e+01 3.14780045e+01 3.55201035e+01 5.64751005e+00
    3.19892673e+01 2.08422508e+01 2.37058868e+01 4.31200933e+00
    2.78812733e+01 3.25991898e+01 1.21549654e+01 2.76371155e+01
    2.12983646e+01 1.56692476e+01 3.80163956e+01 2.39529967e+00
    2.26429224e+00 7.53965950e+00 2.45881386e+01 8.37236881e+00
    1.21875486e+01 3.72900124e+01 1.76334534e+01 1.74457970e+01
    2.47819862e+01 3.96141739e+01 1.88478947e+01 2.69618511e+01
    3.18019581e+01 1.84351692e+01 1.08916254e+01 1.05665035e+01
    1.82849121e+00 8.90098953e+00 1.30531483e+01 1.17270613e+01
    3.56830835e+00 3.05151100e+01 1.44627018e+01 1.29658089e+01
    2.79200592e+01 3.46410294e+01 8.08406639e+00 3.05724850e+01
    1.00690079e+01 8.91837215e+00 3.31207619e+01 2.90434666e+01
    2.74392509e+01 1.27255621e+01 3.65549507e+01 2.21330490e+01
    3.70708084e+01 3.20052223e+01 2.96675949e+01 3.85553665e+01
    3.41764412e+01 1.93107605e+01 6.74102497e+00 2.49515972e+01
    2.93510094e+01 3.66615944e+01 3.97007065e+01 7.83937120e+00
    1.71421070e+01 2.66066742e+01 3.80341911e+01 1.85229530e+01
    1.80317936e+01 2.30450840e+01 5.80135965e+00 2.48974857e+01
    8.27427864e+00 2.07191143e+01 3.38989997e+00 4.14034218e-01
    2.53302174e+01 3.93271065e+00 3.68925400e+01 2.65013504e+01
    2.86164360e+01 1.76779783e+00 2.15163541e+00 3.22219276e+01
    3.61073608e+01 3.75493011e+01 1.85939941e+01 2.07997093e+01
    2.19021454e+01 3.14041729e+01 1.63614807e+01 2.72815876e+01
    2.36033039e+01 2.84082050e+01 2.81855125e+01 1.93941727e+01
    1.62454796e+01 4.46909380e+00 1.91123047e+01 3.66561031e+00
    2.03226519e+00 6.81501448e-01 3.17741909e+01 1.27076063e+01
    1.67021770e+01 1.26747417e+01 3.58100815e+01 2.85052834e+01
    3.32647095e+01 1.33383713e+01 7.32583380e+00 2.63888149e+01
    1.07171078e+01 3.70709076e+01 1.59591722e+00 3.56451988e+01
    9.73482609e+00 3.78299296e-01 2.41588521e+00 2.14866805e+00
    1.68098316e+01 3.69184227e+01 3.17115154e+01 2.99907856e+01
    9.83882523e+00 1.25355892e+01 2.66538754e+01 3.12801743e+01
    3.24004288e+01 3.42726974e+01 1.61652126e+01 2.65900936e+01
    3.67745819e+01 2.74348316e+01 1.32556629e+01 1.40651283e+01
    1.39709587e+01 3.51584473e+01 3.91023521e+01 2.32475128e+01
    2.90551734e+00 1.96128750e+01 9.20661867e-01 3.76430626e+01
    3.82337990e+01 4.73157263e+00 2.88481064e+01 2.40854168e+01
    2.02821274e+01 1.80779362e+01 1.45623312e+01 2.91539536e+01
    3.30212784e+01 3.56908569e+01 3.51525383e+01 2.30580978e+01
    2.34340248e+01 2.26927433e+01 1.17142906e+01 9.36775875e+00
    3.15042324e+01 1.34376621e+00 3.43891525e+01 1.25788622e+01
    1.34993620e+01 2.02919827e+01 1.43462067e+01 2.21322689e+01
    1.13241453e+01 3.87811623e+01 1.58808374e+01 3.95708542e+01
    3.21055794e+01 2.26910830e+00 3.84077454e+01 8.57236576e+00
    2.56685925e+01 1.76975937e+01 3.28626289e+01 1.89245548e+01
    2.44006596e+01 1.91712875e+01 1.30697165e+01 1.50327504e+00
    2.91061878e+00 3.39178810e+01 3.82868500e+01 2.01940918e+01
    2.49115314e+01 2.47419052e+01 3.24989243e+01 7.96210432e+00
    3.47760735e+01 2.85921478e+01 2.49848270e+01 3.87175102e+01
    4.09335613e+00 2.56489925e+01 1.83384361e+01 1.83180466e+01
    2.87480469e+01 2.07157478e+01 3.19802589e+01 3.03341599e+01
    1.46538401e+01 1.36115341e+01 2.25974770e+01 8.64942133e-01
    1.64189968e+01 3.60127487e+01 2.08058834e+01 1.92274628e+01
    3.16499305e+00 1.38824759e+01 9.31026554e+00 2.51858768e+01
    2.92928905e+01 2.92606144e+01 1.81798744e+01 3.82670403e+01
    2.50660667e+01 2.73013287e+01 1.28240023e+01 3.36747780e+01
    2.96415768e+01 3.07801647e+01 2.54032154e+01 1.30786839e+01
    2.16723137e+01 2.50826645e+01 4.47982073e+00 2.12012348e+01
    2.25112286e+01 1.43205607e+00 2.88057842e+01 1.75419044e+01
    3.78764877e+01 3.14409847e+01 3.55249100e+01 7.03241062e+00
    3.03580894e+01 1.40474777e+01 2.99137421e+01 1.15898237e+01
    3.10053539e+01 1.85676537e+01 1.67700443e+01 1.23039303e+01
    1.49626818e+01 1.85848103e+01 2.84920521e+01 2.05954552e+01
    6.82893705e+00 1.82241364e+01 3.83901238e+00 1.53907251e+01
    2.25113621e+01 2.33489990e+01 9.95481491e+00 1.76947746e+01
    6.34856796e+00 7.85597849e+00 3.42588425e+01 2.40200100e+01
    3.29438400e+00 5.64010954e+00 3.40619926e+01 4.22294426e+00
    7.12566710e+00 8.70721054e+00 3.50583763e+01 1.87889824e+01
    2.70967636e+01 3.38910179e+01 9.43692017e+00 2.25348949e+01
    3.40589142e+01 1.99398923e+00 3.07431240e+01 2.63013687e+01
    5.66871977e+00 2.36192322e+01 2.28768272e+01 3.17437782e+01
    1.10750828e+01 1.60471592e+01 2.39626098e+00 1.63569660e+01
    1.36293488e+01 3.06102810e+01 3.37368469e+01 2.29100399e+01
    3.23687057e+01 2.72959256e+00 1.88865452e+01 1.61789417e+01
    1.21709375e+01 1.65517120e+01 8.69427967e+00 1.31175690e+01
    1.42345343e+01 1.29153719e+01 7.86534023e+00 2.12093906e+01
    3.70636797e+00 5.00397491e+00 4.62431765e+00 1.71659622e+01
    6.89943933e+00 2.14661655e+01 2.20215869e+00 3.67716408e+01
    3.51047668e+01 7.79469585e+00 8.28930378e+00 1.69280739e+01
    1.05466080e+01 2.84010735e+01 2.78937550e+01 8.66813755e+00
    2.11909313e+01 3.82539597e+01 1.66781845e+01 2.85769005e+01
    3.11264400e+01 2.73641033e+01 1.33876982e+01 3.34309654e+01
    2.66127167e+01 2.13874168e+01 2.43061962e+01 1.03716621e+01
    2.83504333e+01 5.78116703e+00 1.12528121e+00 2.15776577e+01
    4.67843008e+00 3.56762276e+01 3.27074547e+01 1.68054371e+01
    1.41420615e+00 1.14810143e+01 6.89979124e+00 3.56095581e+01
    2.06876926e+01 2.88351269e+01 3.11761990e+01 2.21821747e+01
    2.82857056e+01 1.44092312e+01 2.69446106e+01 2.28394775e+01
    1.29559851e+01 3.55634537e+01 2.69913368e+01 2.67756248e+00
    2.97622242e+01 1.29318256e+01 1.18535547e+01 3.22728615e+01
    1.21656322e+01 3.92761230e+01 1.57815638e+01 9.85689735e+00
    1.44619884e+01 3.81071396e+01 2.85258007e+01 1.18224115e+01
    3.10404358e+01 2.80342045e+01 4.73797321e+00 5.89675522e+00
    6.93569279e+00 2.79790516e+01 1.87808933e+01 7.89934444e+00
    4.23830557e+00 2.88099823e+01 1.25249634e+01 8.18078294e-02
    2.67266693e+01 2.53916264e+01 3.44275475e+01 2.18879375e+01
    2.42526703e+01 3.75236154e+00 1.73543816e+01 1.45975637e+01
    1.85033264e+01 1.93701477e+01 7.01457119e+00 2.65284181e+00
    3.25765824e+00 1.54075565e+01 7.06589127e+00 2.82123642e+01
    2.32260933e+01 3.42670212e+01 3.67658691e+01 3.82580543e+00
    2.18538094e+01 1.03661861e+01 3.01838284e+01 1.55617199e+01
    4.69383049e+00 1.28174286e+01 3.49007149e+01 6.30359936e+00
    5.39675617e+00 5.18479919e+00 2.04291668e+01 3.54809451e+00
    1.19744673e+01 8.76941776e+00 3.77685280e+01 1.40792150e+01
    2.91322231e+01 2.80232677e+01 4.53428698e+00 3.53998032e+01
    2.88767796e+01 3.42155113e+01 3.07516556e+01 3.35487823e+01
    1.86264133e+01 2.00741081e+01 3.95483856e+01 3.06941032e+00
    2.13552971e+01 3.71123362e+00 1.77058280e+00 2.74735756e+01
    3.06457882e+01 3.46236115e+01 1.87224293e+01 2.99601955e+01
    5.29940367e+00 3.41549225e+01 5.19965947e-01 3.64126472e+01
    2.72759037e+01 2.67855263e+01 1.95417464e-01 2.94404068e+01
    2.18972683e+01 2.08668842e+01 3.45619049e+01 1.75509071e+00
    7.37497425e+00 7.24145889e-01 9.23416901e+00 1.03215718e+00
    1.32212057e+01 3.62622910e+01 1.78417587e+01 3.33945084e+01
    3.81852174e+00 1.99648845e+00 2.35998764e+01 2.48606529e+01
    2.06762581e+01 3.63724174e+01 3.55573692e+01 1.71785107e+01
    3.00285912e+01 9.36515617e+00 2.44939590e+00 1.52129478e+01
    9.43212509e+00 2.09848309e+01 2.43166561e+01 1.92966232e+01
    3.40524902e+01 5.37783766e+00 2.61729927e+01 2.86489201e+01
    1.89406223e+01 2.88032494e+01 2.97219582e+01 9.07694221e-01
    2.90590839e+01 2.69123974e+01 8.03995705e+00 1.73951511e+01
    3.52175102e+01 4.04892683e+00 1.39523468e+01 2.72008395e+00
    2.20674286e+01 6.41870832e+00 8.77371502e+00 2.44368801e+01
    3.71897507e+01 3.05582070e+00 2.72149811e+01 2.35668736e+01
    2.48479729e+01 1.10072720e+00 1.25321293e+01 1.35090380e+01
    5.45724726e+00 2.12676544e+01 1.06148672e+01 3.22220802e+01
    3.22098198e+01 9.25734806e+00 2.52069931e+01 2.18254566e+01
    3.47001266e+01 1.59894819e+01 1.15021610e+01 3.02824326e+01
    3.71420212e+01 1.43225813e+01 3.25881386e+01 2.52384109e+01
    1.66924076e+01 2.55918884e+01 2.47101593e+00 8.06717682e+00
    7.34218264e+00 7.38849926e+00 1.04160995e+01 1.46570492e+01
    3.69399338e+01 2.32339821e+01 3.14248967e+00 6.05533552e+00
    6.06684399e+00 1.51736140e+00 2.51227283e+01 2.43506012e+01
    1.95904007e+01 1.37274065e+01 5.67390728e+00 9.57414722e+00
    1.29405107e+01 5.89604521e+00 2.52821388e+01 7.28333414e-01
    2.34341812e+01 1.49145803e+01 1.72138062e+01 2.13522568e+01
    3.81692162e+01 1.41557169e+01 3.40676117e+01 2.07384472e+01
    4.10473490e+00 2.08966064e+01 1.78959942e+01 1.93553276e+01
    2.58965530e+01 3.63898087e+01 9.13012385e-01 2.23032494e+01
    2.36475239e+01 2.55810337e+01 2.02457924e+01 3.89321213e+01
    1.79533710e+01 1.13357296e+01 7.57376623e+00 2.07104797e+01
    3.23106346e+01 6.24473953e+00 3.33637314e+01 3.64143944e+01
    1.64661655e+01 3.51516151e+01 6.45365572e+00 3.68179154e+00
    2.86990433e+01 3.19823723e+01 9.50885391e+00 1.04476051e+01
    1.53940372e+01 2.49283528e+00 6.97811604e+00 2.10051632e+01
    1.89264336e+01 1.59024754e+01 3.27393684e+01 6.35973215e+00
    1.76528320e+01 2.72591248e+01 9.21482563e+00 1.66068611e+01
    2.80837784e+01 1.40620785e+01 1.11879330e+01 3.24832726e+01
    2.99743023e+01 2.37624722e+01 5.64234257e+00 2.41640663e+01
    1.69609718e+01 1.56466827e+01 3.57485313e+01 3.04803066e+01
    3.98021483e+00 1.71118069e+01 1.84328003e+01 2.70942993e+01
    2.36680222e+01 1.66242161e+01 3.90854988e+01 2.25449600e+01
    3.89885445e+01 2.58243942e+01 2.81727314e+01 1.62596626e+01
    2.05314388e+01 2.50853748e+01 1.12995415e+01 2.43463373e+00
    1.58219874e+00 6.28010702e+00 4.35249901e+00 2.83805847e+01
    9.20586169e-01 3.60097046e+01 3.01900272e+01 2.47187920e+01
    3.39069710e+01 1.50735455e+01 2.79239769e+01 7.95297384e+00
    2.88050137e+01 2.91107597e+01 9.39936924e+00 2.46637096e+01
    6.09259129e+00 3.41639519e+01 1.67844448e+01 6.65732574e+00
    7.93730021e+00 1.38313353e+00 1.67693710e+01 1.04453163e+01
    1.83735619e+01 4.57936287e+00 3.38879700e+01 2.00067234e+00
    2.40119514e+01 1.50545673e+01 3.01718884e+01 5.84638023e+00
    6.05907059e+00 2.75337658e+01 4.21592140e+00 1.28261147e+01
    2.63489590e+01 3.29342003e+01 1.54876992e-01 3.28764153e+01
    3.68673248e+01 2.65712070e+01 3.68461914e+01 7.93484974e+00
    2.95636597e+01 1.78025417e+01 3.12113214e+00 7.44077265e-01
    1.49251022e+01 3.68029175e+01 1.90868988e+01 1.90926762e+01
    6.91210413e+00 1.52971973e+01 3.76881599e+01 3.00902557e+00
    3.53807640e+01 3.25992432e+01 4.79521465e+00 3.79189491e+01
    2.45172882e+01 1.28373976e+01 2.62736092e+01 1.30773783e+01
    1.57438049e+01 3.48960876e+00 1.38140182e+01 1.40413475e+01
    3.87665540e-01 2.62020569e+01 1.88843937e+01 7.30398035e+00
    3.78286629e+01 2.40438938e+01 1.23333282e+01 3.48541527e+01
    3.66429176e+01 2.69482174e+01 3.25352173e+01 5.62170124e+00
    6.88703537e+00 5.97189808e+00 1.30579472e+01 1.45624390e+01
    1.67557850e+01 1.38310938e+01 3.00994740e+01 2.86625004e+01
    1.58665409e+01 4.23685408e+00 8.23117316e-01 3.68029666e+00
    1.72048817e+01 3.15375347e+01 3.13167324e+01 2.43794556e+01
    2.71953011e+01 2.97436733e+01 1.54663763e+01 2.50766087e+01
    1.51678658e+01 3.51873283e+01 1.77186000e+00 1.85682621e+01
    1.96158848e+01 3.96586990e+01 2.48807850e+01 1.41180534e+01
    2.06683502e+01 1.99432182e+01 1.95115051e+01 3.06935081e+01
    3.07694683e+01 3.29121361e+01 1.52140198e+01 3.11989956e+01
    1.27621546e+01 3.43960075e+01 2.60605907e+01 3.55002823e+01
    2.39338088e+00 1.55763197e+00 3.79013977e+01 2.19718857e+01
    2.94774570e+01 2.60799694e+01 2.15084219e+00 7.32334518e+00
    5.19408894e+00 7.52567005e+00 3.57886620e+01 2.05943508e+01
    3.95559540e+01 1.49717922e+01 1.21808424e+01 7.12354946e+00
    1.78345814e+01 7.30077982e+00 1.75024242e+01 2.87579269e+01
    3.01554546e+01 2.26226501e+01 3.75379791e+01 2.88630619e+01
    8.13562393e+00 1.00488167e+01 2.47023602e+01 2.01635036e+01
    1.93505645e+00 5.15638018e+00 1.46990836e+00 2.76028786e+01
    1.48745575e+01 3.46789432e+00 3.59693871e+01 3.60018849e+00
    1.05631714e+01 3.44605625e-01 2.28369389e+01 3.33344436e+00
    2.75222149e+01 1.27957525e+01 2.58724003e+01 2.77571869e+01
    3.75445213e+01 1.82042484e+01 2.37014103e+01 6.17354631e-01
    3.89892044e+01 3.33121986e+01 9.93293667e+00 1.34093952e+01
    1.34328556e+01 1.78530827e+01 3.37055931e+01 1.43913498e+01
    1.53229656e+01 1.74979820e+01 3.20385628e+01 2.40283260e+01
    6.50706291e+00 2.79112339e+01 2.14755368e+00 1.69583530e+01
    1.00223684e+01 2.65802193e+01 1.17057753e+01 6.00718689e+00
    3.07883587e+01 3.19932308e+01 2.38927326e+01 5.14629602e+00
    1.14320350e+00 4.65040654e-01 2.04152527e+01 2.97689009e+00
    1.11451397e+01 2.57867699e+01 3.77929802e+01 3.12626743e+01
    7.54541874e+00 2.95693321e+01 4.87621546e+00 2.57850208e+01
    4.83602810e+00 9.32854176e+00 3.37771683e+01 1.36322708e+01
    3.65737953e+01 2.83948078e+01 8.38306141e+00 2.91252251e+01
    1.45740557e+01 1.02405481e+01 9.63912487e+00 3.85252151e+01
    1.00629692e+01 1.42113724e+01 1.70708618e+01 4.92549706e+00
    1.14633913e+01 1.47221069e+01 2.02416916e+01 3.47935219e+01
    2.53917179e+01 3.22168884e+01 3.81566772e+01 1.77323799e+01
    3.36095276e+01 3.83045650e+00 2.46756935e+01 1.32725449e+01
    2.93142796e+01 8.25698185e+00 1.18267145e+01 4.93614244e+00
    3.42879701e+00 1.56521492e+01 1.65483494e+01 3.50307426e+01
    2.24499297e+00 9.70112324e+00 3.83293266e+01 1.03831472e+01
    6.09188271e+00 1.88635960e+01 5.32227182e+00 9.27746868e+00
    1.92241631e+01 7.73547029e+00 1.69279575e+01 1.48949242e+01
    2.02865601e+01 3.26301308e+01 6.80978394e+00 3.49038773e+01
    3.35509644e+01 2.35533261e+00 2.59302044e+01 1.50689898e+01
    2.84926205e+01 3.10785618e+01 2.16500282e+01 8.13944244e+00
    2.29941406e+01 3.82806015e+01 2.08306623e+00 2.09282093e+01
    8.53714371e+00 9.86558914e+00 3.08130398e+01 3.91532936e+01
    3.30529175e+01 3.72186546e+01 1.36094933e+01 3.79530487e+01
    4.16347563e-01 1.42909012e+01 2.06775227e+01 3.94246292e+01
    2.26348267e+01 8.41563225e+00 3.64291534e+01 3.95985832e+01
    2.75696430e+01 9.88935566e+00 1.06556253e+01 2.32764416e+01
    2.08451252e+01 1.33692398e+01 6.87494612e+00 1.10887899e+01
    7.17894602e+00 2.85436649e+01 2.76165352e+01 4.62940693e+00
    2.15604973e+01 2.59554558e+01 3.04724846e+01 1.45595932e+01
    1.51669779e+01 7.93666840e+00 2.93844109e+01 3.78180504e+01
    1.95670319e+01 2.40463581e+01 1.72315178e+01 3.93399048e+01
    1.97366447e+01 2.32069855e+01 3.11245108e+00 2.90401173e+01
    5.25389624e+00 3.84832420e+01 1.60015469e+01 2.63246021e+01
    1.80184250e+01 2.91988831e+01 2.36554050e+01 2.52239666e+01
    1.86203804e+01 3.51379013e+01 7.22734451e+00 1.01246538e+01
    2.69417381e+01 1.07889185e+01 3.50161285e+01 1.63740902e+01
    1.65959144e+00 3.04895439e+01 1.25130301e+01 1.41806631e+01
    1.05043335e+01 1.60758743e+01 1.29713526e+01 3.10034199e+01
    2.65414581e+01 1.42255516e+01 2.02372608e+01 2.43553791e+01
    3.93617477e+01 1.77616100e+01 1.26258850e+01 3.62695122e+01
    1.58529186e+01 1.41441803e+01 3.02753563e+01 3.18334198e+01
    2.62830315e+01 1.99542093e+00 1.27851658e+01 1.85471573e+01
    7.57391310e+00 1.77928486e+01 3.38897095e+01 3.04500723e+00
    2.09501609e-01 1.10958967e+01 2.49324665e+01 3.87865906e+01
    2.58042088e+01 1.43718243e+01 2.44173164e+01 2.86806927e+01
    2.05039787e+01 3.92505112e+01 3.55345650e+01 1.30411005e+01
    2.72399998e+01 2.79915791e+01 9.40070438e+00 2.90765915e+01
    1.31658459e+01 1.81363583e+01 6.45477581e+00 3.52773285e+01
    1.22635756e+01 2.74242840e+01 3.70432167e+01 2.41597404e+01
    3.62667809e+01 1.92358837e+01 1.37118292e+00 6.20199347e+00
    1.87566769e+00 2.65931606e+01 1.34980135e+01 1.77513733e+01
    2.42851982e+01 2.01680222e+01 1.07424097e+01 8.37645054e-01
    2.43950157e+01 1.98592358e+01 9.07152557e+00 3.28987350e+01
    3.87071190e+01 3.72677078e+01 1.94791107e+01 3.79877739e+01
    3.38541527e+01 1.74761887e+01 3.65767550e+00 1.99013577e+01
    3.31249771e+01 2.85935612e+01 2.19097691e+01 1.21978350e+01
    1.14828911e+01 2.61864891e+01 2.28772240e+01 1.41090660e+01
    3.95231056e+01 2.00993500e+01 1.03731041e+01 6.01591730e+00
    6.99698591e+00 2.98388023e+01 1.80123882e+01 2.89847393e+01
    7.70399332e+00 3.02590332e+01 3.33905106e+01 1.41373711e+01
    1.75205402e+01 1.87427940e+01 3.09211636e+01 2.43698826e+01
    1.51673927e+01 1.00896025e+01 3.25736465e+01 3.97214661e+01
    2.41189175e+01 3.29911346e+01 4.10825157e+00 2.66918564e+01
    3.28491058e+01 3.52077942e+01 9.31371784e+00 3.51718712e+01
    2.91409168e+01 1.13570318e+01 6.47318125e+00 1.89252548e+01
    2.46506672e+01 3.11928082e+00 4.65385258e-01 7.74578953e+00
    3.83259888e+01 2.65376892e+01 4.24256086e+00 3.76581039e+01
    1.93519993e+01 3.94217529e+01 3.17113514e+01 1.92683754e+01
    8.84131551e-01 1.37974377e+01 3.63943839e+00 1.16454296e+01
    1.60870132e+01 1.35498657e+01 3.74399071e+01 7.88905382e+00
    3.20320296e+00 1.95317764e+01 3.46093521e+01 4.03286123e+00
    1.34442675e+00 2.54350586e+01 2.80910301e+01 2.95785599e+01
    3.75219040e+01 3.54877739e+01 3.10697436e+00 2.01073956e+00
    6.06134462e+00 3.25109406e+01 2.37800045e+01 2.14137440e+01
    2.24969120e+01 2.26936512e+01 3.41024284e+01 1.54957485e+01
    2.76436691e+01 2.47425442e+01 2.42977314e+01 2.89708366e+01
    1.41067982e+01 2.75092506e+01 1.76469699e-01 2.16218567e+01
    3.92404251e+01 3.23282127e+01 3.96649170e+01 1.40852203e+01
    2.71279564e+01 3.20425072e+01 1.79292908e+01 1.33236990e+01
    8.43730736e+00 1.64859791e+01 2.91983929e+01 1.46615696e+01
    3.87477188e+01 7.34449148e+00 1.37610636e+01 1.56950998e+01
    2.67393913e+01 1.62351246e+01 2.75555630e+01 5.38731003e+00
    3.31026344e+01 3.78324890e+01 2.95309486e+01 2.72032413e+01
    2.69331875e+01 2.74656315e+01 5.08056593e+00 3.61629791e+01
    1.16966124e+01 1.24212217e+01 9.97193432e+00 2.17546387e+01
    3.08097515e+01 4.77673721e+00 2.39815903e+01 8.61910439e+00
    3.98039436e+00 3.61518669e+01 1.58719873e+01 5.20116472e+00
    2.90379028e+01 3.22481689e+01 2.43498707e+01 9.12579346e+00
    2.43232040e+01 3.56178322e+01 2.89740067e+01 2.03939438e+00
    1.77721634e+01 3.57122397e+00 3.34181671e+01 2.97957726e+01
    3.53078041e+01 2.32260151e+01 2.14408855e+01 1.02597580e+01
    3.53919907e+01 2.20458622e+01 5.50034475e+00 8.79399395e+00
    2.96568851e+01 2.17665024e+01 1.46697903e+01 1.55019617e+01
    1.08340292e+01 1.41822577e+01 1.58637667e+00 7.66952896e+00
    2.60944538e+01 1.40486546e+01 3.69952888e+01 2.70887451e+01
    3.56116829e+01 2.55062275e+01 9.01573300e-01 3.35139008e+01
    3.05327988e+00 3.92913938e+00 2.99140282e+01 1.05465155e+01
    3.43703346e+01 2.35325050e+01 3.06232147e+01 5.01739407e+00
    4.21916533e+00 2.85565281e+01 6.04541397e+00 5.05448151e+00
    3.90553589e+01 2.33438034e+01 3.19720230e+01 7.84208488e+00
    3.10190601e+01 5.77550840e+00 1.27496595e+01 3.23714638e+01
    2.56319084e+01 2.82454758e+01 2.20498123e+01 2.22929649e+01
    1.53831851e+00 3.25339546e+01 1.34740162e+01 6.90283924e-02
    3.52800560e+01 3.00253944e+01 2.86811161e+01 3.88650665e+01
    3.91956558e+01 2.16118755e+01 3.87643166e+01 2.84697113e+01
    1.14992571e+01 2.96952152e+01 2.12257881e+01 4.80200720e+00
    1.17769880e+01 2.55913472e+00 2.98954887e+01 3.55494308e+01
    5.63875961e+00 1.07659416e+01 3.35992928e+01 3.04975586e+01
    5.53152704e+00 1.38027153e+01 3.63831782e+00 9.42922497e+00
    3.91506042e+01 3.50407906e+01 2.34032135e+01 1.82161274e+01
    3.26548576e+01 3.09975262e+01 8.25716972e+00 1.05002222e+01
    5.50720024e+00 9.41908073e+00 2.37677078e+01 1.44364910e+01
    1.18583736e+01 1.45860252e+01 2.27334690e+01 8.39871216e+00
    3.32038307e+01 1.82526188e+01 4.52907276e+00 3.49868927e+01
    3.36325302e+01 1.60934811e+01 2.48697109e+01 2.31865616e+01
    8.57293987e+00 4.74960953e-01 3.02866344e+01 1.86840248e+01
    2.90492725e+00 2.53382797e+01 2.44941998e+00 3.03656712e+01
    1.47381029e+01 1.18468380e+01 1.47078810e+01 2.06013680e+01
    3.57960358e+01 3.54943428e+01 3.62420845e+01 2.12007351e+01
    2.41319866e+01 3.11007595e+00 7.72635555e+00 1.07975330e+01
    1.86632786e+01 2.01270790e+01 1.62631626e+01 2.14691029e+01
    2.68636417e+01 1.19097157e+01 3.84354286e+01 1.70521297e+01
    1.71042480e+01 1.56417170e+01 2.67655945e+01 3.28358307e+01
    8.78794193e+00 1.90262604e+01 2.27637329e+01 9.43214226e+00
    2.12388268e+01 3.58958244e+01 1.50955420e+01 3.36418037e+01
    2.82875328e+01 6.23756230e-01 1.35599632e+01 1.01153743e+00
    3.27240968e+00 1.86370811e+01 3.32763138e+01 3.03869553e+01
    1.49999475e+01 1.74598253e+00 3.34786453e+01 3.09177470e+00
    2.36111488e+01 1.46973104e+01 3.89199219e+01 3.23117447e+01
    8.16612780e-01 9.65521049e+00 3.23020592e+01 3.72505798e+01
    2.59625549e+01 1.26725025e+01 3.40934753e+01 3.29567313e-01
    2.55555391e+00 2.78105106e+01 1.07292147e+01 1.44494352e+01
    1.07997751e+01 2.03460941e+01 5.10894251e+00 3.75380936e+01
    6.90558958e+00 8.67922211e+00 3.49428940e+01 3.42008972e+01
    8.14089775e-01 1.72590122e+01 2.74457188e+01 3.58881187e+01
    2.37013996e-01 3.02256031e+01 1.45285809e+00 7.26742125e+00
    1.71518021e+01 5.52980137e+00 2.54032402e+01 1.94060051e+00
    2.74488907e+01 3.07359200e+01 8.67174530e+00 2.58728085e+01
    2.68709850e+01 1.78972206e+01 1.58063326e+01 3.45326691e+01
    3.14373932e+01 9.06435680e+00 1.08878880e+01 1.71774406e+01
    2.55383739e+01 1.20770864e+01 2.90568085e+01 1.13198376e+01
    3.59875641e+01 1.67446518e+01 1.78328876e+01 2.06763515e+01
    2.55128555e+01 8.86850071e+00 3.04001312e+01 1.02440825e+01
    3.37246666e+01 3.87144947e+00 3.41236115e+01 2.99947472e+01
    4.59535742e+00 3.90696678e+01 4.45633411e+00 3.73695488e+01
    3.65073662e+01 2.31779900e+01 6.88200474e+00 3.95023804e+01
    2.45496902e+01 3.07956371e+01 7.30475330e+00 1.43499546e+01
    1.25755491e+01 3.35150490e+01 2.85274162e+01 3.70367241e+01
    2.40770683e+01 4.59119034e+00 5.73883343e+00 1.12129993e+01
    3.69931483e+00 3.11548328e+01 2.92633514e+01 9.22493577e-01
    5.17208767e+00 2.24746437e+01 2.97032928e+01 3.46658173e+01
    1.26718330e+01 2.64844818e+01 1.63670940e+01 3.14676075e+01
    3.17078533e+01 1.22274065e+01 8.01504707e+00 2.18383732e+01
    2.87209873e+01 3.77250504e+00 1.73275928e+01 2.77086372e+01
    5.68461037e+00 1.20963326e+01 2.75085793e+01 2.17862725e+00
    4.04215765e+00 1.60182381e+01 5.42851508e-01 1.32530031e+01
    6.89854050e+00 3.69583092e+01 3.54464006e+00 3.23100243e+01
    3.27535400e+01 1.60245347e+00 2.29858093e+01 3.22021790e+01
    1.64325771e+01 2.24377728e+01 2.51154957e+01 3.34973221e+01
    2.58237019e+01 1.06652708e+01 3.47313232e+01 1.41074591e+01
    2.54109821e+01 1.52038317e+01 2.44312725e+01 1.68209705e+01
    3.52203026e+01 3.37870865e+01 1.72134209e+01 2.37397423e+01
    9.13294220e+00 3.12645302e+01 3.85355301e+01 3.41865273e+01
    3.37367096e+01 3.07245522e+01 1.50549173e+01 9.04793262e+00
    2.29213619e+01 2.22962608e+01 3.93546066e+01 1.50868187e+01
    1.10993834e+01 3.90409966e+01 3.05585365e+01 2.48731613e+01
    1.48612070e+01 2.99267559e+01 1.98846035e+01 2.09523258e+01
    2.71610298e+01 1.05177011e+01 1.18701859e+01 1.92767668e+00
    3.46999359e+01 1.90963211e+01 3.18081975e+00 1.46774511e+01
    2.89459743e+01 5.97215223e+00 2.51108360e+01 2.19534779e+01
    2.31370564e+01 2.21050472e+01 2.77223568e+01 2.49190311e+01
    2.43170414e+01 1.60085049e+01 3.21462097e+01 3.76024704e+01
    3.35156555e+01 3.19950714e+01 1.15727854e+01 2.07976341e+01
    3.79983597e+01 3.51037254e+01 1.20333338e+01 3.38534050e+01
    4.16931152e+00 1.96975746e+01 2.43546948e-01 5.78728247e+00
    3.24043083e+01 1.34086237e+01 1.63820839e+01 3.33426666e+01
    1.65783424e+01 2.53542080e+01 1.48240032e+01 1.68220234e+01
    3.23995323e+01 1.49121532e+01 9.04973507e+00 1.39696658e+00
    1.99921684e+01 2.45095682e+00 1.18070383e+01 8.43174076e+00
    3.78138313e+01 2.83916950e+00 1.76107731e+01 5.11237717e+00
    3.85049095e+01 9.62976265e+00 2.18303871e+00 7.77225018e+00
    1.17458487e+01 1.35702724e+01 1.83997555e+01 1.76368351e+01
    5.36650121e-01 2.11204948e+01 2.64531403e+01 4.62791491e+00
    1.00105705e+01 3.51841507e+01 2.62815819e+01 9.62971878e+00
    1.40729818e+01 3.06743832e+01 4.03760099e+00 1.82701912e+01
    1.17509441e+01 3.05694122e+01 1.93120289e+01 3.08926830e+01
    1.71405849e+01 2.97658119e+01 3.19702816e+01 2.76079559e+01
    5.03393984e+00 6.87156677e+00 1.98810120e+01 1.18395481e+01
    2.76807766e+01 1.02677708e+01 2.55944443e+01 2.70987034e+01
    1.25201559e+01 6.70536089e+00 7.59095240e+00 3.54311066e+01
    2.70765457e+01 1.94143276e+01 3.08546619e+01 3.05959377e+01
    1.37210455e+01 2.11173172e+01 1.07476883e+01 3.80206680e+01
    7.36452997e-01 1.07807541e+01 2.83311100e+01 2.57793307e-01
    3.62782598e-01 2.90419750e+01 6.04787922e+00 1.99230957e+01
    2.99410000e+01 1.19078054e+01 1.63852539e+01 8.92219067e+00
    2.74952173e+00 1.16362467e+01 3.46550407e+01 2.47654629e+01
    7.69963837e+00 9.87551212e+00 5.18362665e+00 2.76384830e+01
    2.50953770e+01 3.66811676e+01 1.21820507e+01 1.78779659e+01
    2.01742897e+01 2.99527683e+01 2.43822937e+01 6.31194353e+00
    7.83045530e-01 1.78429949e+00 2.75237999e+01 3.57923150e+00
    1.30233412e+01 2.71217823e+01 2.25111752e+01 3.81311083e+00
    3.50960846e+01 3.59088593e+01 1.60292645e+01 3.61294060e+01
    5.20117426e+00 3.86505394e+01 9.87515259e+00 3.29497490e+01
    3.66439857e+01 3.24633789e+01 2.25248280e+01 3.64665604e+01
    1.61606827e+01 1.32874260e+01 2.75221367e+01 2.92081757e+01
    1.29068880e+01 1.78817234e+01 1.99114094e+01 2.32481422e+01
    3.32250443e+01 3.38147316e+01 3.13499584e+01 3.70120811e+01
    1.67519798e+01 3.23084679e+01 1.57508268e+01 2.70558472e+01
    1.33007898e+01 9.02535152e+00 5.14882231e+00 9.02176380e+00
    1.28409452e+01 2.86922836e+00 3.23385773e+01 2.90864410e+01
    2.98329887e+01 7.85302687e+00 3.88151093e+01 1.72968044e+01
    2.32310238e+01 3.00977936e+01 3.24289894e+01 3.61730080e+01
    2.26587009e+01 3.24237595e+01 3.30058517e+01 2.11233654e+01
    3.39989700e+01 1.81869583e+01 6.16744804e+00 3.11496925e+01
    6.58092833e+00 1.57791109e+01 3.96150436e+01 3.68827248e+01
    3.48955193e+01 5.27338266e+00 2.48671207e+01 2.27960086e+00
    1.39710178e+01 2.01636868e+01 1.55497503e+01 2.35916481e+01
    1.73679314e+01 1.86576538e+01 2.32120266e+01 1.04963341e+01
    6.15671635e+00 9.81591105e-01 1.95904779e+00 1.93574848e+01
    1.53377790e+01 1.61648579e+01 5.23067951e-01 3.26623058e+00
    2.64245796e+01 2.94692192e+01 1.08418131e+01 4.68294621e+00
    7.23225164e+00 3.68272161e+00 2.35416069e+01 1.18829021e+01
    1.23391619e+01 2.09647770e+01 3.74040723e-01 2.95905418e+01
    8.06268883e+00 2.87713432e+01 1.08595314e+01 1.78089161e+01
    7.04112482e+00 3.37323532e+01 3.29129944e+01 2.61792946e+01
    3.44988136e+01 2.15148735e+01 3.29159775e+01 3.46355362e+01
    1.65300198e+01 3.96150665e+01 2.94193230e+01 6.64416933e+00
    3.58809013e+01 3.73028831e+01 3.41773796e+01 1.55714226e+01
    1.31663103e+01 4.56958628e+00 2.54608326e+01 3.41165657e+01
    3.17319894e+00 3.37597008e+01 1.51114721e+01 1.63023396e+01
    3.19620442e+00 1.89861908e+01 2.00318813e+01 2.98282223e+01
    1.29453821e+01 7.99244225e-01 1.00947361e+01 1.44988785e+01
    3.66394653e+01 1.86192036e+01 2.93479309e+01 2.14004021e+01
    1.28015795e+01 1.83260193e+01 5.85074759e+00 8.85669351e-01
    3.57715492e+01 2.30460110e+01 1.57292414e+01 3.67878304e+01
    2.10509014e+01 3.48276687e+00 1.40564728e+01 2.16484604e+01
    4.46842909e+00 8.72746086e+00 1.44173012e+01 7.38797951e+00
    3.32132816e+00 3.56391830e+01 2.70692368e+01 1.81681275e+00
    1.02294474e+01 1.09755201e+01 2.94472275e+01 3.04264317e+01
    2.86630058e+01 2.31959081e+00 2.77629356e+01 3.76451945e+00
    2.41258965e+01 1.61952229e+01 7.22999954e+00 4.63652372e+00
    1.24210825e+01 1.59995060e+01 1.03508301e+01 1.65326576e+01
    4.73611069e+00 2.91075726e+01 1.31028528e+01 2.15649281e+01
    4.64129114e+00 3.37057304e+01 8.67968941e+00 2.20436077e+01
    2.17366123e+01 1.19661541e+01 6.76427221e+00 1.48367131e+00
    2.88132267e+01 2.84090195e+01 3.95729256e+00 2.28031521e+01
    2.20779419e+01 1.67198067e+01 3.46675835e+01 1.90422745e+01
    1.95156403e+01 2.39406528e+01 2.81342659e+01 3.15055828e+01
    1.86178741e+01 9.10532475e+00 2.37423515e+01 3.12690773e+01
    9.81187916e+00 1.31770277e+01 3.94575500e+01 2.02640514e+01
    1.10927534e+00 1.31378717e+01 2.73547344e+01 4.22483349e+00
    2.52935715e+01 3.33812637e+01 3.26203842e+01 1.91450202e+00
    3.52630653e+01 3.31927299e+01 1.18181953e+01 7.31135082e+00
    3.44858122e+00 3.29760780e+01 1.74104862e+01 3.19691086e+00
    1.15704489e+01 1.37831154e+01 3.90258102e+01 2.75003815e+00
    6.23833942e+00 3.46013260e+01 8.49448109e+00 1.43394451e+01
    2.17712736e+00 8.95333099e+00 3.65514641e+01 2.23758545e+01
    2.72292480e+01 5.07228565e+00 3.25486450e+01 3.84153900e+01
    1.30780220e+00 3.30024719e+01 3.69892578e+01 1.37434130e+01
    1.02483149e+01 3.38141403e+01 1.79809990e+01 7.74249554e+00
    3.83217049e+01 1.46524782e+01 2.79872360e+01 9.15563774e+00
    1.67591820e+01 5.17582750e+00 2.70520096e+01 3.07322559e+01
    2.31110406e+00 2.76452312e+01 2.03250313e+01 2.04291000e+01
    1.97439556e+01 2.92934761e+01 3.35944710e+01 2.39295750e+01
    3.56967049e+01 2.97382736e+00 4.42766070e-01 1.94115132e-01
    1.47611065e+01 2.61257687e+01 3.91952209e+01 9.71062469e+00
    2.70615788e+01 1.82462959e+01 2.32638702e+01 1.38614140e+01
    1.35612459e+01 3.61458969e+01 1.97082939e+01 3.12995148e+01
    9.70021629e+00 1.76782627e+01 9.40574074e+00 3.90319748e+01
    1.26688652e+01 3.04233208e+01 2.59888210e+01 1.75016708e+01
    1.01695471e+01 3.73065796e+01 3.76259499e+01 6.93612003e+00
    2.59817524e+01 1.46217022e+01 2.18259888e+01 3.35962982e+01
    3.92918663e+01 3.19853821e+01 1.53425159e+01 3.34594841e+01
    7.98234320e+00 1.43882046e+01 3.32993813e+01 9.47377110e+00
    1.05865602e+01 1.86082878e+01 1.48059912e+01 2.64538422e+01
    5.00775671e+00 2.32000046e+01 2.72731514e+01 3.39032326e+01
    2.48538685e+01 2.08792439e+01 7.13357925e+00 2.99333172e+01
    3.12776814e+01 1.49470949e+01 1.22435608e+01 6.82090235e+00
    1.60667591e+01 3.81966438e+01 3.55978966e+01 2.46146507e+01
    2.23807278e+01 3.47294235e+01 2.58034935e+01 2.30687428e+00
    2.46958675e+01 1.65014324e+01 6.69944763e+00 2.11663399e+01
    3.92314529e+01 3.70356178e+01 3.62829351e+00 2.02185307e+01
    1.25772371e+01 2.01931572e+01 2.26822510e+01 4.09579849e+00
    3.69702759e+01 8.41833401e+00 3.71683311e+01 3.61929016e+01
    2.50146179e+01 7.06287861e+00 3.79598312e+01 3.03759785e+01
    4.63399798e-01 3.37623291e+01 2.55421391e+01 8.64865685e+00
    3.41620102e+01 8.17934322e+00 3.85086479e+01 1.21738024e+01
    6.91429663e+00 1.98516502e+01 2.81892395e+01 1.37094660e+01
    3.17410030e+01 3.48365555e+01 3.21923027e+01 1.94009247e+01
    2.32500610e+01 2.48224468e+01 2.52053566e+01 8.41098213e+00
    2.84393425e+01 1.12314110e+01 2.52575665e+01 1.81649876e+01
    8.75319576e+00 1.92667561e+01 1.80396194e+01 5.90535736e+00
    1.37827253e+01 8.47211075e+00 2.77174969e+01 3.43926888e+01
    2.99972095e+01 1.87409229e+01 5.21161366e+00 3.35192070e+01
    2.67498665e+01 3.27677994e+01 3.63554115e+01 4.56478643e+00
    2.78429151e+00 1.03606186e+01 2.72987328e+01 1.15731544e+01
    2.77081261e+01 1.37031326e+01 1.40279169e+01 2.54074364e+01
    3.41463356e+01 1.05989199e+01 2.13053837e+01 1.58029623e+01
    2.15851269e+01 3.60704079e+01 1.28791790e+01 1.78164062e+01
    2.57421150e+01 1.75811076e+00 7.15075657e-02 2.63039131e+01
    1.07998924e+01 3.35549965e+01 7.21322441e+00 2.35334110e+01
    2.92394028e+01 2.93452091e+01 1.55731678e+01 9.69682980e+00
    2.12317638e+01 3.15542927e+01 1.85459881e+01 9.97771800e-01
    1.06235790e+01 4.00837231e+00 1.16994696e+01 3.65499763e+01
    1.10875902e+01 2.54738941e+01 2.36069279e+01 3.31186829e+01
    7.11106491e+00 2.07134895e+01 3.83038902e+01 1.20260105e+01
    2.73489399e+01 1.05850611e+01 2.86253910e+01 1.11896095e+01
    3.48731956e+01 3.62757772e-01 3.87526283e+01 1.74714794e+01
    3.01518345e+01 4.68395042e+00 8.44654465e+00 1.16569309e+01
    1.76824665e+01 1.14994774e+01 1.42759867e+01 6.66030931e+00
    2.63748417e+01 5.58669090e+00 2.88937130e+01 1.98253036e+00
    2.52965240e+01 1.21034985e+01 3.90477943e+01 3.32973709e+01
    5.37359810e+00 3.12605591e+01 3.95830393e+00 3.17373123e+01
    8.13581753e+00 1.88821259e+01 2.01686954e+01 3.76154823e+01
    2.63811283e+01 1.61509418e+01 1.01867409e+01 1.98330669e+01
    3.78628693e+01 1.60246544e+01 2.65234909e+01 3.20163231e+01
    2.12390614e+01 1.07161188e+00 6.45809317e+00 3.61684608e+01
    1.99756756e+01 4.86842966e+00 5.46930885e+00 2.48211517e+01
    1.66349754e+01 2.19663296e+01 3.25025787e+01 1.81701171e+00
    2.68605194e+01 7.63449001e+00 1.10203085e+01 2.03468056e+01
    8.56173420e+00 1.11477346e+01 2.17227001e+01 3.30224113e+01
    8.13768804e-02 1.27781048e+01 1.21989908e+01 2.01691151e+01
    3.26550446e+01 8.09962559e+00 3.39712486e+01 1.69189682e+01
    2.67327747e+01 2.96648445e+01 1.61055088e+01 1.08939743e+01
    3.31016960e+01 2.83415813e+01 3.78700066e+01 2.65718861e+01
    2.96383438e+01 2.57528687e+01 3.78642678e+00 6.26835060e+00
    1.01811008e+01 2.18689213e+01 3.59197578e+01 1.14106903e+01
    2.62432919e+01 1.23845491e+01 3.62448502e+01 1.63309135e+01
    2.98853989e+01 1.22116613e+01 2.58547859e+01 2.95113010e+01
    6.04013062e+00 1.50879803e+01 1.56365976e+01 1.73636990e+01
    3.93463554e+01 2.55915012e+01 8.57849789e+00 1.83131146e+00
    3.42866325e+01 1.13000755e+01 2.77097740e+01 1.65146370e+01
    1.93525448e+01 3.79753923e+00 2.43646870e+01 3.61228561e+01
    1.92008667e+01 3.56078300e+01 1.64677124e+01 2.68949127e+01
    1.05584116e+01 1.49504304e-01 1.49715786e+01 3.93430061e+01
    1.36354847e+01 3.93503685e+01 1.50294552e+01 3.29063873e+01
    1.13423288e+00 1.56912260e+01 2.42693558e+01 1.42940893e+01
    2.83439312e+01 3.50938759e+01 2.42581406e+01 3.11177502e+01
    9.45078850e+00 8.47477853e-01 2.54661369e+01 2.39290714e+01
    1.54507236e+01 1.89631844e+01 2.68753414e+01 2.90632915e+01
    3.68217564e+00 3.57720566e+01 7.62148619e+00 6.59215641e+00
    3.24252014e+01 3.48370895e+01 3.57097054e+01 3.28043137e+01
    6.16642475e+00 2.10951734e+00 1.84105473e+01 1.52115698e+01
    3.74581299e+01 1.53481493e+01 2.04424000e+01 6.80404758e+00
    2.33985019e+00 2.55735588e+00 2.97100849e+01 3.94876213e+01
    3.51604271e+01 2.48221207e+00 4.40612745e+00 2.12028427e+01
    3.53004150e+01 2.95949917e+01 3.43375435e+01 3.40467834e+01
    6.67915821e-01 3.76793289e+01 1.83653183e+01 1.96415882e+01
    3.63997612e+01 2.27236557e+01 1.69755039e+01 4.91388464e+00
    2.76374550e+01 3.16950359e+01 2.90091228e+01 4.80409670e+00
    1.17846870e+01 2.40579700e+01 1.91063595e+01 2.60077057e+01
    2.76279125e+01 2.56796989e+01 2.92002316e+01 2.54811306e+01
    2.19171944e+01 1.74823332e+00 3.83129539e+01 2.51585255e+01
    2.09674187e+01 1.74332638e+01 8.75130558e+00 1.81048470e+01
    2.60056858e+01 3.86976624e+01 7.93879867e-01 2.26814060e+01
    4.64008236e+00 2.48732529e+01 2.78154831e+01 9.84283161e+00
    3.25112648e+01 2.47241535e+01 1.23202248e+01 3.66526070e+01
    2.24083958e+01 3.80504570e+01 2.90877914e+00 1.89881039e+01
    4.87746298e-01 1.40620413e+01 9.07273483e+00 2.89302425e+01
    1.71718216e+01 3.06807995e+01 1.91644979e+00 3.41162758e+01
    8.92007160e+00 1.40563145e+01 3.33645134e+01 1.42498283e+01
    1.22801638e+01 3.08400707e+01 1.34571323e+01 1.40611191e+01
    3.88400955e+01 2.41013241e+01 1.71013355e+01 1.52989740e+01
    2.43249774e+00 1.59048748e+00 2.85044556e+01 3.41564713e+01
    1.89354172e+01 6.57528448e+00 2.50719852e+01 3.75144043e+01
    1.24292879e+01 1.53755307e+00 1.30260544e+01 2.84946384e+01
    1.30760574e+01 7.89651775e+00 2.01597404e+01 2.61051559e+00
    2.80614109e+01 1.15697002e+01 3.53995056e+01 2.83375759e+01
    1.27673807e+01 3.09979496e+01 3.90028877e+01 2.03372421e+01
    2.81392498e+01 3.36210594e+01 1.99579086e+01 9.82640743e+00
    1.18820400e+01 6.34775639e+00 2.20345993e+01 2.78273373e+01
    1.66743240e+01 1.12828054e+01 8.45001411e+00 2.95118275e+01
    6.26695728e+00 1.27970438e+01 9.13238907e+00 2.05154800e+01
    2.01473827e+01 5.24798346e+00 3.82122650e+01 2.25214996e+01
    1.01750975e+01 2.98673229e+01 2.80695381e+01 1.35785694e+01
    2.59196911e+01 9.61465931e+00 1.94255867e+01 2.83137207e+01
    6.40980816e+00 3.57327080e+01 8.12814593e-01 2.71592636e+01
    1.43546467e+01 4.02574968e+00 8.97736359e+00 1.80264225e+01
    3.66976929e+01 2.96039600e+01 3.86196709e+01 2.17698021e+01
    7.91168630e-01 1.61732845e+01 3.14358406e+01 2.37868347e+01
    3.48819656e+01 2.99342871e+00 3.60754585e+01 8.75605392e+00
    6.04287624e+00 8.50353909e+00 2.02569790e+01 2.75357890e+00
    4.52535629e+00 1.23018055e+01 3.17443848e+01 4.91105032e+00
    1.58578415e+01 3.59548912e+01 2.88335323e+01 1.27220068e+01
    2.51784878e+01 3.43658447e+01 2.03975239e+01 2.01024952e+01
    5.05030775e+00 4.50176358e-01 8.25752163e+00 2.82567959e+01
    7.12887621e+00 3.05159664e+01 4.00818396e+00 3.74511795e+01
    3.63809052e+01 3.04186687e+01 3.14678516e+01 1.89412460e+01
    1.21415367e+01 3.40355568e+01 2.58455014e+00 2.86362972e+01
    1.89728584e+01 4.18196869e+00 1.61073189e+01 3.38203621e+01
    3.43305206e+01 1.48007002e+01 2.49869194e+01 1.48048859e+01
    1.14257126e+01 2.57798195e+01 2.53172874e+01 4.69363308e+00
    2.43342991e+01 1.80196877e+01 1.15388889e+01 1.30153265e+01
    2.66548805e+01 3.32971306e+01 7.95716190e+00 9.30222416e+00
    3.09037542e+00 3.13624344e+01 2.89775696e+01 6.06697226e+00
    1.06567554e-01 3.09133091e+01 2.70609360e+01 2.04930267e+01
    1.69383678e+01 9.69137096e+00 3.09540486e+00 1.74277630e+01
    3.38196716e+01 3.38842812e+01 1.85951500e+01 2.74096947e+01
    3.21307793e+01 8.68196011e+00 1.21849365e+01 7.83947945e+00
    1.41284981e+01 3.68026772e+01 1.98180068e+00 1.89620171e+01
    1.86263657e+01 3.67046394e+01 3.79887505e+01 2.69971962e+01
    3.64665184e+01 2.71769505e+01 2.51109638e+01 1.52059555e+01
    3.88202400e+01 3.27666245e+01 7.08687735e+00 1.87115574e+01
    2.37883472e+01 3.78196931e+00 3.58320084e+01 6.95402765e+00
    1.10255461e+01 3.22944260e+00 2.81322746e+01 2.36033592e+01
    1.57993996e+00 8.68998432e+00 2.15632973e+01 2.95991154e+01
    1.24128170e+01 1.28840160e+01 1.19966507e+01 3.57872696e+01
    3.39577942e+01 6.66559410e+00 7.69260216e+00 4.25777960e+00
    3.48002510e+01 3.57276001e+01 3.26791649e+01 3.89486098e+00
    1.90601788e+01 1.19116366e+00 3.29805031e+01 1.35549002e+01
    3.17253208e+01 2.81353645e+01 3.29790840e+01 2.42443199e+01
    2.15710754e+01 2.58407402e+01 6.30185938e+00 1.40769157e+01
    1.59995775e+01 3.61569786e+01 2.50047646e+01 1.16670716e+00
    2.45650368e+01 2.70534515e+01 1.99122276e+01 2.38703594e+01
    3.76919212e+01 2.66462021e+01 1.46458435e+01 6.57310438e+00
    1.07097216e+01 3.90057411e+01 1.20538788e+01 2.95619659e+01
    1.23879662e+01 2.21359482e+01 2.65639610e+01 1.48267727e+01
    3.36598396e+01 6.38628387e+00 3.17577972e+01 2.77151718e+01
    3.87950859e+01 2.93351765e+01 2.61296597e+01 2.72104192e+00
    3.88466883e+00 1.66902866e+01 2.85425568e+01 3.56001472e+01
    2.59229584e+01 2.89048290e+01 3.88141594e+01 3.16024456e+01
    8.43073368e+00 3.35382423e+01 2.24496288e+01 1.38608589e+01
    1.60838356e+01 9.90594673e+00 2.11303501e+01 2.73708210e+01
    2.11619568e+01 2.16139698e+01 9.82672310e+00 3.83816795e+01
    5.23440170e+00 2.30633736e+00 3.90383101e+00 1.69131889e+01
    1.15335112e+01 7.85426760e+00 3.37706146e+01 9.16754246e+00
    3.96728973e+01 3.61154213e+01 9.37578201e+00 1.11351004e+01
    3.92971954e+01 3.46615028e+00 3.21286812e+01 3.21461639e+01
    2.28148632e+01 2.30246773e+01 6.47261429e+00 2.78628755e+00
    2.09048100e+01 3.00001087e+01 1.95540371e+01 2.23958588e+01
    3.01939869e+01 2.94392204e+00 2.01402645e+01 3.35108376e+01
    1.81437721e+01 3.87791977e+01 3.10657272e+01 1.58801594e+01
    3.92784691e+01 1.76674194e+01 1.64684944e+01 1.83111563e-01
    3.92918091e+01 3.47472343e+01 2.23715878e+01 2.38077736e+01
    2.08828316e+01 2.06506634e+01 8.29449749e+00 2.23766594e+01
    1.21494751e+01 3.40812225e+01 2.48518105e+01 1.18902655e+01
    2.55276513e+00 3.97038841e+01 2.61646042e+01 3.36519127e+01
    2.75305996e+01 1.94749908e+01 3.24696770e+01 1.03409700e+01
    2.62978306e+01 2.80972900e+01 1.70482121e+01 3.95263443e+01
    9.96076393e+00 1.35913944e+01 1.39320621e+01 1.59067905e+00
    3.41022944e+00 6.92190838e+00 3.58156967e+00 1.33550529e+01
    1.56767392e+00 2.56660538e+01 1.84462032e+01 3.25723004e+00
    6.68074131e+00 1.47467222e+01 3.73788757e+01 1.49332809e+01
    3.57327614e+01 3.66819911e-02 1.41775398e+01 7.59690189e+00
    2.89809055e+01 1.79128036e+01 2.79972725e+01 1.10801105e+01
    5.16105175e+00 5.96792936e+00 3.24214325e+01 1.74398098e+01
    3.39979820e+01 3.81885147e+01 6.07601166e+00 3.74222870e+01
    3.90885277e+01 1.90437794e+01 7.80177641e+00 2.78834801e+01
    2.00815392e+01 3.47235394e+00 2.66046162e+01 3.99816222e-03
    1.63579063e+01 3.51717529e+01 1.25242891e+01 1.63504562e+01
    1.27097559e+01 9.03643417e+00 1.18687544e+01 9.81191254e+00
    4.58029842e+00 1.90007210e+01 2.38560829e+01 3.49264574e+00
    1.23057280e+01 1.52973442e+01 2.80364876e+01 1.35862446e+01
    2.23249321e+01 5.47354984e+00 3.23466682e+01 1.08259192e+01
    1.19130993e+01 2.09751797e+01 8.58739376e+00 1.11019335e+01
    1.95974102e+01 2.40111980e+01 2.41918240e+01 3.19212132e+01
    2.25772934e+01 3.92926483e+01 5.77539301e+00 1.07442150e+01
    7.57431459e+00 2.57856598e+01 3.02600498e+01 3.43952675e+01
    1.95952950e+01 1.05300674e+01 1.10270929e+00 2.52638626e+01
    3.31535492e+01 5.72104502e+00 4.86122608e+00 2.99446182e+01
    1.61671677e+01 1.56080027e+01 1.96100750e+01 7.99484396e+00
    2.86721563e+00 3.56109200e+01 3.38893738e+01 3.08929996e+01
    2.57670193e+01 2.33452244e+01 3.39677963e+01 2.51295414e+01
    3.58219261e+01 2.60096111e+01 1.04100056e+01 3.04115982e+01
    5.30345964e+00 2.71052055e+01 6.87526941e+00 2.84174156e+01
    6.41128111e+00 3.76042213e+01 1.33497972e+01 3.16986713e+01
    7.80881357e+00 1.24225988e+01 2.90645862e+00 2.11069050e+01
    2.46821022e+01 2.77301979e+01 3.07257318e+00 3.32642555e+01
    3.57277794e+01 7.01925802e+00 2.49100456e+01 1.14072762e+01
    1.03283768e+01 9.23348367e-01 2.74108906e+01 2.83152599e+01
    1.68427029e+01 1.57935381e+01 3.32443542e+01 7.94132757e+00
    3.16731224e+01 1.70251789e+01 1.91483135e+01 3.55719543e+00
    4.85495472e+00 2.22128067e+01 5.26621103e+00 6.78745651e+00
    1.18051310e+01 1.04335699e+01 1.57467613e+01 5.05143595e+00
    1.85450592e+01 9.86118507e+00 8.13646126e+00 6.59690952e+00
    1.12592030e+01 3.46161880e+01 1.19542084e+01 2.13500190e+00
    2.52471523e+01 2.42209225e+01 7.98063421e+00 3.01746235e+01
    1.40329571e+01 2.95180454e+01 3.74218292e+01 2.49882736e+01
    3.05446110e+01 1.16516914e+01 2.31401844e+01 1.31398892e+00
    4.60334015e+00 6.71470404e+00 7.88341331e+00 3.67577705e+01
    3.16506710e+01 1.44848232e+01 3.34926796e+01 2.68369560e+01
    2.67310143e+00 5.84973812e-01 2.83313732e+01 2.94456139e+01
    3.91642456e+01 2.55507336e+01 1.32135983e+01 2.63145390e+01
    1.40581636e+01 8.79182816e+00 1.57400713e+01 1.93306789e+01
    2.88698769e+01 3.25896378e+01 3.59174132e+00 7.35435581e+00
    7.76919556e+00 3.40882874e+01 1.03415766e+01 1.09669542e+01
    2.79907112e+01 3.63656082e+01 2.43794975e+01 1.34225547e+00
    1.29013643e+01 3.67535667e+01 3.50377655e+01 3.11434746e+01
    3.14455452e+01 2.24255810e+01 3.42726021e+01 1.01390858e+01
    1.46785641e+01 1.06523514e+01 2.38730564e+01 1.57186584e+01
    6.51669836e+00 1.23359537e+01 3.81077728e+01 1.61267948e+01
    2.00824986e+01 8.27295303e+00 3.68234901e+01 2.56838284e+01
    3.71033249e+01 1.47694349e+01 5.46846342e+00 2.70200024e+01
    1.29389305e+01 2.13278627e+00 2.75174408e+01 3.02632065e+01
    3.03059368e+01 2.21942120e+01 1.61370945e+01 2.70879993e+01
    2.46071005e+00 9.33485091e-01 2.44157867e+01 1.85679131e+01
    1.25059357e+01 7.61131668e+00 2.09899406e+01 9.22784424e+00
    2.84798641e+01 1.09766188e+01 2.94412923e+00 2.19781036e+01
    1.35503399e+00 1.85259094e+01 2.41401792e+00 2.48401718e+01
    3.59372063e+01 2.63054352e+01 1.67605782e+01 4.83478022e+00
    3.40465426e-01 3.18037815e+01 3.11547585e+01 3.74467468e+01
    1.22438402e+01 1.30554562e+01 2.78132610e+01 3.13310490e+01
    1.93007374e+01 1.74788055e+01 1.14582148e+01 1.48679886e+01
    1.99923248e+01 1.55724735e+01 3.63004150e+01 3.81659622e+01
    6.84090710e+00 9.18675613e+00 1.73847599e+01 2.67561817e+01
    3.39079452e+00 1.18472815e+01 8.70077610e+00 1.11497927e+01
    1.32390108e+01 3.88300858e+01 3.47307892e+01 3.47175636e+01
    2.62138119e+01 3.46043892e+01 3.24214211e+01 1.46293287e+01
    6.82182169e+00 3.66213951e+01 2.18297615e+01 6.29812384e+00
    1.54560995e+01 2.01782990e+01 3.13941326e+01 4.16199589e+00
    6.28063154e+00 2.35607452e+01 2.92073631e+01 3.09419460e+01
    8.95748234e+00 3.64156837e+01 1.00722198e+01 1.98926643e-01
    1.12956791e+01 3.63738632e+01 2.07666721e+01 9.90884018e+00
    3.05590591e+01 8.62379360e+00 3.27643738e+01 7.02042818e+00
    1.18724461e+01 3.13026772e+01 3.81736069e+01 1.14181128e+01
    7.94988203e+00 2.95613499e+01 2.91035099e+01 1.35442467e+01
    3.39138680e+01 1.27403021e+01 2.07104874e+01 2.84658966e+01
    3.86159509e-01 2.12233448e+01 3.19877949e+01 3.27244911e+01
    7.17055321e+00 1.68621616e+01 2.14098988e+01 3.58517227e+01
    3.67881203e+01 1.78856010e+01 5.25398636e+00 1.87832603e+01
    3.08245964e+01 2.29906540e+01 3.96680336e+01 1.81927586e+01
    2.75880013e+01 6.01612329e+00 3.31508636e+01 4.29579306e+00
    4.77748680e+00 3.10005455e+01 3.52737770e+01 3.24230270e+01
    2.82982750e+01 3.32091141e+01 3.09632568e+01 2.45951862e+01
    2.49198208e+01 3.17489452e+01 5.28029799e-01 1.38690205e+01
    3.61711235e+01 1.69641743e+01 2.87917233e+01 3.20571098e+01
    3.18418865e+01 3.86633759e+01 1.40897932e+01 4.53084707e+00
    2.17861652e+00 1.06652796e-01 1.53227892e+01 8.12601852e+00
    2.14721375e+01 3.37381210e+01 3.77084007e+01 2.87631931e+01
    9.69989109e+00 1.13427620e+01 2.35943508e+01 2.81672535e+01
    3.96978455e+01 3.85113668e+00 1.02233047e+01 6.61295938e+00
    3.83577614e+01 2.57061481e+01 3.45443993e+01 1.85747886e+00
    3.93033638e+01 2.62979336e+01 3.13590183e+01 2.80213451e+00
    2.58174801e+01 2.18278694e+00 3.05078773e+01 4.84117478e-01
    3.37190933e+01 8.49259758e+00 2.55128822e+01 2.33427906e+01
    3.56608353e+01 1.86932793e+01 2.16254005e+01 8.66747856e+00
    7.15736723e+00 2.59265041e+01 1.20875702e+01 3.91812286e+01
    3.72570724e+01 2.98052921e+01 7.41982126e+00 2.79295597e+01
    6.75511408e+00 9.53832722e+00 3.15234241e+01 2.90069714e+01
    1.50274162e+01 2.73101997e+01 1.57048435e+01 3.53661613e+01
    8.28606009e-01 2.69483509e+01 2.84434414e+00 1.38915606e+01
    5.00649118e+00 1.54167681e+01 3.62835617e+01 3.78328133e+01
    1.14228325e+01 9.95328999e+00 3.69650602e+00 1.68878021e+01
    8.16882038e+00 3.06395111e+01 3.65773659e+01 2.81224670e+01
    1.55096042e+00 8.99096775e+00 3.01953583e+01 3.73093300e+01
    3.44172211e+01 1.00372612e+00 2.70992851e+01 5.58282995e+00
    3.24086304e+01 1.53588381e+01 1.86903400e+01 3.78482513e+01
    6.85492134e+00 3.39733925e+01 1.76004257e+01 1.95020561e+01
    3.74208221e+01 1.32993622e+01 2.11789322e+01 1.00938654e+00
    1.63709354e+01 2.59850669e+00 1.70977192e+01 2.53573208e+01
    1.43972945e+00 3.04355640e+01 3.04160767e+01 3.45721397e+01
    3.22950325e+01 3.61327362e+01 3.45299301e+01 1.91313565e+00
    3.75439491e+01 1.38106022e+01 1.10869036e+01 3.16302795e+01
    1.65663776e+01 5.92077446e+00 3.53381348e+01 3.66414795e+01
    8.14001369e+00 1.64895964e+00 1.45911436e+01 3.63437424e+01
    1.04792941e+00 3.93186302e+01 1.91852818e+01 3.40107536e+01
    2.04621773e+01 1.03597078e+01 1.46252108e+01 1.65044384e+01
    2.51189156e+01 2.29244061e+01 2.78192043e+00 1.82225437e+01
    1.44490414e+01 7.98210049e+00 5.04357386e+00 8.98318100e+00
    2.22430086e+00 2.18624554e+01 1.66304569e+01 1.38219585e+01
    2.04557571e+01 1.31048641e+01 2.06305542e+01 1.24443541e+01
    1.25003080e+01 3.25316277e+01 7.59758770e-01 1.23575659e+01
    3.16525879e+01 3.87857857e+01 3.36920786e+00 3.72552452e+01
    2.27094059e+01 2.28355885e+01 2.30902767e+00 9.20776749e+00
    3.37413750e+01 2.56885738e+01 2.13039894e+01 1.64203033e+01
    1.05303688e+01 1.79289265e+01 2.01585064e+01 1.41807289e+01
    1.83518493e+00 8.02499676e+00 3.50728722e+01 5.34247494e+00
    6.37537909e+00 2.69349785e+01 3.05098038e+01 1.61189919e+01
    5.71594052e-02 3.91236763e+01 2.74237652e+01 4.08254671e+00
    2.37715569e+01 2.04344578e+01 3.57463455e+01 2.65582824e+00
    1.22624378e+01 4.45030928e+00 5.36352825e+00 3.28640819e+00
    3.70278130e+01 2.56949806e+01 2.27881317e+01 1.25834293e+01
    6.77246332e-01 2.12886219e+01 2.15748062e+01 3.48135414e+01
    2.20356789e+01 2.33757915e+01 3.21387405e+01 2.79327717e+01
    2.96261578e+01 3.92034607e+01 3.37048645e+01 3.43245125e+01
    3.21723328e+01 6.06396198e+00 2.91647758e+01 2.99208775e+01
    2.54498634e+01 9.20134735e+00 2.65881577e+01 2.68192730e+01
    1.52220297e+01 3.74393005e+01 3.17537651e+01 1.54568028e+00
    2.31147995e+01 3.50827026e+01 5.05861664e+00 3.30716820e+01
    9.13374710e+00 6.70810509e+00 2.01493034e+01 1.98827763e+01
    2.55948601e+01 7.91186619e+00 3.14809799e+01 1.03421564e+01
    2.40381927e+01 3.00381184e+01 1.14658775e+01 3.45859642e+01
    2.67399616e+01 3.75660706e+01 2.76070805e+01 3.80171013e+01
    4.59662867e+00 1.75848637e+01 3.34664764e+01 3.05197258e+01
    1.49114552e+01 3.40809364e+01 2.19726601e+01 7.42663193e+00
    1.87902088e+01 1.19679327e+01 9.48358250e+00 3.03592949e+01
    3.20363312e+01 2.45118294e+01 1.46313357e+00 1.84588490e+01
    1.13793421e+01 1.76854897e+01 3.00912971e+01 3.36902690e+00
    3.71255188e+01 5.61051035e+00 1.74314270e+01 3.53172226e+01
    2.91554661e+01 3.90925789e+01 4.28272581e+00 3.52866402e+01
    3.03611240e+01 7.90452194e+00 2.37268753e+01 6.13991976e+00
    9.16520596e-01 1.73392754e+01 1.97193604e+01 2.22666225e+01
    3.64027176e+01 3.69756699e+00 1.06850042e+01 2.72356148e+01
    1.72971878e+01 1.40191374e+01 3.06228371e+01 1.44919233e+01
    3.27584028e+00 3.37806282e+01 2.02982731e+01 7.28856468e+00
    3.92589073e+01 7.73784590e+00 3.42409058e+01 9.69969571e-01
    9.74909115e+00 1.48323498e+01 1.33703823e+01 7.52876186e+00
    3.67118645e+01 1.13575780e+00 9.97016716e+00 2.23860130e+01
    3.26489282e+00 2.03932285e+01 3.43762550e+01 8.20457268e+00
    2.39619236e+01 2.32458520e+00 3.84025040e+01 3.20722160e+01
    3.95702972e+01 1.79646816e+01 4.98314142e+00 3.63161545e+01
    3.46772919e+01 1.44887476e+01 1.49934454e+01 1.97992954e+01
    3.86137657e+01 2.12422386e-02 2.77166057e+00 1.20186472e+01
    3.68293304e+01 3.04836273e+01 2.67168999e+01 2.49225101e+01
    1.12945194e+01 3.40678329e+01 2.65569077e+01 1.36697626e+01
    2.09516754e+01 2.93579078e+00 1.60601006e+01 2.99102669e+01
    1.77341309e+01 3.82931519e+01 4.84333467e+00 1.72843437e+01
    2.42300625e+01 2.96094060e+00 3.70479469e+01 5.79650497e+00
    3.06964130e+01 2.76114445e+01 2.79388866e+01 3.09701977e+01
    3.60762596e+00 2.12914906e+01 2.56603203e+01 2.60270767e+01
    1.53552885e+01 3.02921200e+01 1.56834102e+00 1.21586075e+01
    3.00597172e+01 3.52795525e+01 2.24978237e+01 2.97878790e+00
    2.89553413e+01 1.75019989e+01 4.35216618e+00 1.40066538e+01
    1.50016785e+01 5.18569422e+00 2.81836452e+01 2.22249413e+01
    1.78461494e+01 1.26586628e+01 3.32785263e+01 1.73121109e+01
    1.65100340e-02 3.91100922e+01 2.55621471e+01 2.86024609e+01
    2.82700367e+01 3.30043530e+00 2.63687096e+01 3.13055420e+01
    3.75270152e+00 2.73084755e+01 6.80107641e+00 1.31966486e+01
    4.90961504e+00 3.15885830e+00 1.93244534e+01 1.71564674e+01
    3.50992851e+01 1.70455742e+01 2.98630863e-01 5.72928047e+00
    1.94309559e+01 2.45474415e+01 3.64609642e+01 1.80549068e+01
    1.84359112e+01 1.51382303e+01 1.56145058e+01 3.95699811e+00
    3.78600883e+01 2.96980476e+01 1.72585373e+01 8.42386818e+00
    1.86440125e+01 2.41641541e+01 9.03597832e+00 6.35655737e+00
    2.81412182e+01 2.13192577e+01 1.82208824e+01 2.87741871e+01
    9.64102840e+00 2.93507729e+01 2.73487720e+01 3.07857952e+01
    1.71778450e+01 2.95920315e+01 3.18866234e+01 1.48025103e+01
    2.59017963e+01 2.54864483e+01 7.44277430e+00 1.18696060e+01
    7.45989132e+00 1.30565186e+01 8.35099220e+00 2.45529823e+01
    1.74521809e+01 1.14080563e+01 1.19862795e+01 4.00363922e+00
    2.77773209e+01 2.43094749e+01 2.80900693e+00 1.08990316e+01
    8.31008625e+00 3.28751831e+01 1.62670498e+01 7.17866850e+00
    1.49274502e+01 3.39746056e+01 1.95072007e+00 3.17707367e+01
    2.86481133e+01 2.00705814e+01 1.58745213e+01 2.24288273e+01
    2.43358994e+01 9.79385185e+00 3.95583992e+01 7.92812920e+00
    4.34986067e+00 2.45455704e+01 2.25515594e+01 1.67774696e+01
    6.51542950e+00 2.10255108e+01 8.41646767e+00 7.68411255e+00
    8.64344788e+00 2.98340721e+01 3.27243114e+00 3.64401855e+01
    2.79024620e+01 1.61416149e+01 3.90221062e+01 8.93443394e+00
    1.14629211e+01 3.66746063e+01 1.87848244e+01 2.00456467e+01
    1.44232874e+01 3.20441322e+01 3.25431175e+01 3.25155602e+01
    1.34762535e+01 1.52945538e+01 3.46664314e+01 1.23348045e+01
    1.80267849e+01 7.94992781e+00 1.18730748e+00 3.85707664e+01
    2.36427917e+01 2.95396366e+01 1.60229702e+01 3.91191025e+01
    3.78001060e+01 7.36322832e+00 1.38307123e+01 1.90539913e+01
    1.61771698e+01 2.31124935e+01 2.75808582e+01 1.63453808e+01
    1.47853327e+01 1.90686169e+01 8.66489559e-02 1.92863255e+01
    2.76067200e+01 2.25902023e+01 1.41243382e+01 1.70125046e+01
    8.97442532e+00 9.88156509e+00 1.71749926e+00 4.96197176e+00
    1.63283749e+01 1.46101809e+01 3.81854477e+01 1.46609077e+01
    3.21302490e+01 1.88084660e+01 1.90279980e+01 7.79686785e+00
    3.45877762e+01 6.78476667e+00 7.49101067e+00 3.56172333e+01
    1.13647947e+01 1.08594930e+00 1.27529135e+01 5.09570026e+00
    2.02596378e+01 3.33914986e+01 4.71907187e+00 2.46760101e+01
    1.94520264e+01 7.95091009e+00 3.74170799e+01 3.28782005e+01
    1.27295122e+01 2.55867157e+01 4.45137787e+00 8.72424793e+00
    2.65395699e+01 2.02628040e+01 3.07964077e+01 2.72789936e+01
    1.55103617e+01 2.97595525e+00 3.23016701e+01 2.32547436e+01
    3.52349210e+00 5.95136642e+00 1.88531799e+01 7.52855301e+00
    2.62878876e+01 8.01941395e-01 2.27594509e+01 2.49051781e+01
    1.41675739e+01 5.52585793e+00 1.55668144e+01 1.68988094e+01
    3.24499855e+01 2.64958572e+01 7.67967749e+00 2.22603779e+01
    9.31896400e+00 3.32623444e+01 1.13814411e+01 3.47351799e+01
    1.99862213e+01 3.58791466e+01 1.60122204e+01 2.72714176e+01
    1.44293547e+01 2.59714966e+01 2.39084091e+01 2.72208843e+01
    3.77446213e+01 3.10832958e+01 3.62638245e+01 1.97365246e+01
    4.79978848e+00 1.60623569e+01 2.86451125e+00 5.80384398e+00
    2.38829689e+01 3.84715891e+00 1.02634640e+01 2.14753456e+01
    1.50120764e+01 1.83833694e+01 2.22300816e+01 2.13616581e+01
    3.34516945e+01 9.62683105e+00 2.08085670e+01 3.42788963e+01
    3.72028999e+01 3.10972729e+01 1.57293816e+01 2.17788353e+01
    1.21056938e+00 2.01723671e+01 2.70915756e+01 1.85349274e+01
    2.99433556e+01 3.26224060e+01 2.24805393e+01 3.25480795e+00
    3.11879864e+01 3.97004395e+01 1.70092125e+01 1.96185732e+00
    2.02225399e+01 1.74335537e+01 2.85799332e+01 4.30596638e+00
    3.23561249e+01 2.95141029e+01 1.16526737e+01 3.05750465e+01
    1.39671934e+00 6.08966589e+00 9.99636364e+00 2.03744221e+00
    1.50530281e+01 2.67044735e+01 1.27899542e+01 3.14300861e+01
    2.72005863e+01 1.82734222e+01 2.18961792e+01 1.99878616e+01
    7.09765387e+00 8.76346302e+00 3.78633118e+01 8.36749840e+00
    3.03640938e+01 2.15567589e+01 1.55153790e+01 3.85694885e+01
    2.71370144e+01 3.34735718e+01 5.06056643e+00 1.05378113e+01
    3.15206871e+01 2.22011185e+01 3.75737724e+01 3.85812416e+01
    4.11909962e+00 2.63546886e+01 2.18481121e+01 1.52082405e+01
    1.66475658e+01 3.54275970e+01 2.42182732e+01 3.51801987e+01
    1.05334253e+01 3.81740837e+01 3.39743729e+01 8.39038086e+00
    2.78940029e+01 3.34916973e+00 3.90030327e+01 1.77600060e+01
    1.56760912e+01 2.61231747e+01 3.69483452e+01 3.96810303e+01
    6.57519150e+00 2.86233349e+01 2.85070953e+01 1.12166090e+01
    3.73015480e+01 1.90828743e+01 3.08666515e+01 7.02008963e+00
    3.96113396e+01 8.66759968e+00 4.94942427e+00 1.12969370e+01
    2.47263622e+00 3.02324848e+01 1.13012381e+01 8.24522305e+00
    3.04789352e+01 3.36124992e+01 8.35675430e+00 6.07951212e+00
    2.03824825e+01 5.82406521e+00 1.79327564e+01 1.47556639e+01
    4.34318352e+00 3.36443367e+01 2.66578999e+01 2.18832359e+01
    2.88289566e+01 3.12377987e+01 3.15737858e+01 2.82297611e+01
    1.17698259e+01 2.25126648e+01 1.68095360e+01 2.86843910e+01
    2.52052994e+01 1.41476460e+01 2.54307098e+01 3.37765160e+01
    2.38304920e+01 3.66349182e+01 8.22288799e+00 3.87029381e+01
    3.92819023e+01 1.65731597e+00 1.38782396e+01 3.68173904e+01
    2.39076385e+01 1.17050476e+01 2.67054119e+01 2.61078243e+01
    3.31942101e+01 3.10981483e+01 1.29191103e+01 3.12186451e+01
    2.11909199e+01 2.33675003e+01 4.52896690e+00 6.70682621e+00
    2.97425022e+01 1.30600462e+01 1.52563686e+01 8.99325371e+00
    9.90813541e+00 2.25816288e+01 3.86084518e+01 1.39329662e+01
    1.06501646e+01 6.48129845e+00 1.82849102e+01 3.35821075e+01
    2.05239296e+01 1.53134518e+01 3.47101631e+01 2.08668685e+00
    8.39609337e+00 5.83803225e+00 9.04876411e-01 3.67016830e+01
    3.40042800e-01 3.07731781e+01 3.36989365e+01 2.27461662e+01
    3.06595020e+01 3.10005989e+01 2.83046684e+01 4.81950569e+00
    7.08840990e+00 3.58224335e+01 1.00156870e+01 3.81521034e+01
    3.49919629e+00 3.45823364e+01 3.18525944e+01 9.53627396e+00
    3.94748521e+00 1.17576571e+01 1.53067722e+01 2.05321217e+00
    2.57347355e+01 1.57429342e+01 1.86140747e+01 1.25004406e+01
    1.64235592e+01 1.53029385e+01 1.38921795e+01 2.90508156e+01
    8.57244682e+00 3.68323212e+01 3.52826042e+01 3.95133438e+01
    2.39229183e+01 2.37902775e+01 6.13800812e+00 6.85093784e+00
    2.15718956e+01 1.55100536e+01 3.09565029e+01 3.76793709e+01
    1.84386082e+01 2.40372992e+00 3.45256157e+01 3.80264816e+01
    1.80273094e+01 8.72032166e+00 1.62551880e+01 1.57199030e+01
    1.53598480e+01 1.44258032e+01 1.13347902e+01 5.47477102e+00
    3.75043335e+01 1.04356012e+01 1.37568054e+01 2.48790637e-01
    1.51394348e+01 2.59386806e+01 2.54240208e+01 3.49565482e+00
    1.52702980e+01 9.09618664e+00 2.67459583e+01 1.25436239e+01
    9.10503745e-01 3.79193139e+00 3.68436928e+01 3.14049263e+01
    3.46191750e+01 2.79704237e+00 3.90286942e+01 7.90949154e+00
    2.21380692e+01 3.24694786e+01 8.26604939e+00 2.29860153e+01
    5.18674564e+00 6.96768808e+00 6.90647554e+00 3.32743950e+01
    3.85514679e+01 9.07601070e+00 4.08428097e+00 1.35119019e+01
    2.34808159e+01 1.38559837e+01 1.37006941e+01 2.21372147e+01
    3.52661490e+00 1.48984804e+01 2.62284813e+01 1.30699186e+01
    1.54275360e+01 1.81340179e+01 2.34648018e+01 6.15067816e+00
    2.07891998e+01 2.17338505e+01 2.10649052e+01 1.23784256e+01
    1.29546947e+01 2.33851656e-01 4.05153704e+00 3.83331337e+01
    1.38142471e+01 1.53340960e+01 6.07894993e+00 1.43438082e+01
    1.78869267e+01 1.79223652e+01 2.14531593e+01 3.26480942e+01
    2.63736458e+01 2.41983366e+00 1.42458696e+01 3.31905708e+01
    5.76379633e+00 2.38352394e+01 1.22197104e+01 2.97825584e+01
    4.41064548e+00 2.97493305e+01 1.82321281e+01 8.49710763e-01
    3.53548965e+01 3.57476768e+01 1.25473471e+01 3.73924294e+01
    6.28206730e+00 3.61410675e+01 1.56063950e+00 1.29637432e+01
    2.13823891e+01 2.06500759e+01 1.12604475e+01 1.31419086e+01
    3.41874237e+01 1.48767824e+01 5.67141914e+00 3.64600601e+01
    1.71177635e+01 1.02969742e+01 3.86140556e+01 1.89472160e+01
    3.73876114e+01 2.53005657e+01 3.26511650e+01 4.12507534e+00
    1.26661215e+01 3.59644089e+01 8.35190201e+00 6.78115749e+00
    1.15351954e+01 3.01097260e+01 2.26555653e+01 1.58234987e+01
    3.84021187e+01 1.51043549e+01 1.62057590e+00 3.29067841e+01
    1.82863655e+01 2.55240321e+00 6.15270090e+00 8.97365761e+00
    3.74226494e+01 3.19473343e+01 7.57636881e+00 1.78960724e+01
    2.41901321e+01 2.27873015e+00 2.92125263e+01 3.73965187e+01
    2.76834068e+01 3.99518776e+00 1.86091843e+01 1.53023624e+01
    1.03280935e+01 3.07042933e+00 1.29792862e+01 3.01883125e+01
    1.45966663e+01 7.11197710e+00 7.38448238e+00 6.45415640e+00
    2.86335049e+01 1.64286442e+01 1.91109600e+01 4.15091455e-01
    1.32972593e+01 2.04329472e+01 2.60304089e+01 7.47695494e+00
    3.10656357e+01 7.16956663e+00 4.20106840e+00 2.63143635e+01
    1.93607082e+01 2.50739536e+01 3.30697174e+01 2.24753265e+01
    1.25076902e+00 4.51397276e+00 2.66900311e+01 3.95115509e+01
    1.93290653e+01 2.35898266e+01 3.32086253e+00 7.25593281e+00
    1.41712227e+01 2.60818233e+01 2.29144783e+01 1.90944328e+01
    3.30079117e+01 1.33256950e+01 2.18904476e+01 2.39804916e+01
    7.90187311e+00 2.92496967e+01 2.30270982e+00 1.16440077e+01
    3.08693981e+01 3.04564438e+01 2.02562370e+01 3.04452801e+01
    1.81534595e+01 3.85492134e+01 3.57505107e+00 1.18240795e+01
    1.53513336e+00 3.32464943e+01 2.01432972e+01 1.74565735e+01
    6.18264341e+00 2.22667866e+01 3.58421898e+01 9.35281277e+00
    5.48433876e+00 2.81374397e+01 2.69991703e+01 1.94734230e+01
    2.80802231e+01 3.19075031e+01 2.39622784e+01 2.46471100e+01
    1.05881510e+01 3.67003899e+01 2.84224224e+00 1.76640663e+01
    3.48883247e+01 3.48683968e+01 3.72878876e+01 1.89058914e+01
    1.65293274e+01 3.09144268e+01 3.37967911e+01 3.52321815e+01
    2.32289753e+01 3.34276009e+01 2.77848854e+01 7.37967443e+00
    1.06969748e+01 3.71325302e+01 5.63948298e+00 3.66547699e+01
    1.71368523e+01 2.00645218e+01 2.21699085e+01 2.25047798e+01
    2.18021603e+01 1.17784882e+01 3.28008461e+01 2.88885713e+00
    2.78145065e+01 3.86577339e+01 3.17726555e+01 3.21866837e+01
    3.39396782e+01 2.23350835e+00 3.13729343e+01 6.87216282e+00
    3.42670536e+00 3.80109329e+01 2.84105930e+01 1.93066654e+01
    3.55027199e+01 2.67841778e+01 2.44181824e+01 3.76545181e+01
    1.65476208e+01 1.45075245e+01 1.34999838e+01 1.74686031e+01
    1.92634811e+01 1.41549950e+01 3.01163578e+01 2.02682343e+01
    2.11820965e+01 3.33037758e+01 1.57320242e+01 2.14080029e+01
    1.03582201e+01 1.40459003e+01 1.80124073e+01 8.38864994e+00
    2.08671703e+01 1.65109825e+01 5.47612858e+00 2.82245712e+01
    8.68624687e+00 9.98013783e+00 7.69364834e+00 2.75191708e+01
    8.36259365e+00 4.38101435e+00 3.75170975e+01 3.59133530e+01
    3.76201515e+01 4.17782927e+00 3.30988846e+01 1.69657631e+01
    1.71074562e+01 2.68694916e+01 1.33853264e+01 2.03117371e+01
    1.04332743e+01 3.46439209e+01 3.45736046e+01 1.88734570e+01
    1.45592690e+00 3.54909592e+01 1.39436741e+01 6.34829140e+00
    1.75022850e+01 3.62380117e-01 3.96698532e+01 2.07910309e+01
    3.82294617e+01 1.27436743e+01 8.32127285e+00 3.43207016e+01
    3.60569420e+01 3.69556961e+01 3.33745041e+01 2.99033966e+01
    3.63435287e+01 1.92980518e+01 3.01936646e+01 3.89484215e+01
    3.89583893e+01 1.71279163e+01 3.07372684e+01 2.25517635e+01
    2.72441425e+01 7.34494734e+00 3.37680283e+01 2.56714702e+00
    3.12854691e+01 2.11563015e+01 3.13416271e+01 3.79298820e+01
    3.89092636e+01 1.08280907e+01 3.11335278e+01 1.71161294e+00
    1.95743122e+01 3.86428719e+01 3.31347275e+01 1.40460835e+01
    1.48226786e+01 3.26715660e+01 6.36180162e+00 2.28651104e+01
    1.54175797e+01 1.20254326e+01 2.97070217e+01 2.69161663e+01
    1.73574200e+01 2.41820316e+01 2.91064129e+01 2.35257864e+00
    3.63139000e+01 1.13372345e+01 7.17389166e-01 2.53578835e+01
    1.58392611e+01 7.39459515e+00 3.07230616e+00 7.09316444e+00
    7.83637428e+00 1.64443512e+01 3.37921219e+01 1.49553947e+01
    1.13967886e+01 2.10823784e+01 1.20139360e+01 1.08090000e+01
    1.65712757e+01 2.60967884e+01 3.33663445e+01 1.48711014e+01
    3.72651329e+01 2.86319351e+00 2.74295044e+01 1.73085823e+01
    1.96155655e+00 3.04977360e+01 1.77499313e+01 1.07980080e+01
    8.17759132e+00 1.18583412e+01 3.80269737e+01 8.35720921e+00
    2.58035412e+01 3.57602463e+01 6.63883150e-01 3.55848160e+01
    3.01092243e+01 1.81063995e+01 2.45580082e+01 1.55459652e+01
    4.89577532e+00 2.09138908e+01 3.78362846e+01 1.01417589e+01
    1.08464518e+01 7.86987829e+00 2.95466557e+01 8.37879848e+00
    1.11351080e+01 3.55172386e+01 9.24140549e+00 6.34454870e+00
    2.46068134e+01 3.18216324e+01 2.19660454e+01 2.14591713e+01
    8.42677498e+00 1.78125782e+01 1.09853382e+01 1.36577044e+01
    2.34325905e+01 1.10924454e+01 1.13073587e+01 1.26858931e+01
    2.81751556e+01 1.89790649e+01 2.92727222e+01 2.97871552e+01
    3.38724251e+01 1.95103664e+01 2.57126484e+01 1.28468180e+01
    1.83988705e+01 3.70708694e+01 3.75911102e+01 2.78905849e+01
    9.69077015e+00 2.53706703e+01 1.27855272e+01 7.74268055e+00
    7.56564331e+00 7.15894890e+00 2.03283367e+01 3.79496727e+01
    2.33027534e+01 1.82033615e+01 2.91949120e+01 5.83532143e+00
    2.98310089e+01 1.22159805e+01 2.75525589e+01 6.02903247e-01
    2.66350956e+01 3.26534729e+01 2.47125378e+01 9.79459286e+00
    3.20251770e+01 2.59564838e+01 6.57613564e+00 2.63147526e+01
    6.32519627e+00 6.01731968e+00 4.57004499e+00 3.06277828e+01
    2.00506611e+01 2.23258553e+01 1.60202579e+01 1.17164555e+01
    1.52498302e+01 2.41863422e+01 6.32708931e+00 3.72323227e+01
    1.09647102e+01 2.12276173e+00 2.58401814e+01 3.00209026e+01
    3.27829971e+01 1.25553312e+01 1.80241070e+01 2.80216846e+01
    3.20565796e+01 1.15049801e+01 5.56815624e+00 2.64223213e+01
    1.24867268e+01 4.21017313e+00 2.09136086e+01 2.59967670e+01
    2.92404728e+01 8.72836208e+00 2.28677673e+01 2.00579758e+01
    2.11269970e+01 3.46550417e+00 3.77966957e+01 2.46501102e+01
    2.56426086e+01 2.37075958e+01 3.73551393e+00 2.71168327e+01
    4.45315981e+00 3.27330132e+01 1.19789581e+01 1.56587725e+01
    1.74618320e+01 5.79217434e+00 1.80648918e+01 2.01628017e+01
    1.02428293e+01 2.31890087e+01 3.55944109e+00 3.90101089e+01
    1.96958828e+01 8.23820210e+00 2.78724289e+01 3.37427926e+00
    1.47910273e+00 1.96944199e+01 1.85295887e+01 9.27626133e-01
    2.19534130e+01 2.97280560e+01 8.96965027e+00 1.17323990e+01
    4.90051126e+00 3.03412495e+01 1.49734058e+01 2.78085747e+01
    3.52967682e+01 1.82242622e+01 3.23796425e+01 3.78367138e+00
    4.26528025e+00 2.70044112e+00 8.70708179e+00 2.90363598e+01
    2.81994495e+01 1.45814714e+01 2.17791786e+01 1.09344645e+01
    3.65668030e+01 1.56858664e+01 3.69373055e+01 2.35218697e+01
    2.21559982e+01 2.31755009e+01 8.76747799e+00 3.66088715e+01
    2.19584484e+01 5.15070868e+00 2.76857891e+01 2.22256451e+01
    3.50743217e+01 2.11411343e+01 1.53167448e+01 2.08680325e+01
    8.18942070e+00 2.88463974e+01 3.72699013e+01 7.52301741e+00
    3.80346417e+00 6.83926284e-01 3.11543217e+01 3.48074989e+01
    3.59121208e+01 2.92089500e+01 2.72327733e+00 2.90403938e+01
    3.26890206e+00 3.35306282e+01 2.20936241e+01 3.79287033e+01
    7.01333570e+00 1.04877138e+00 3.22640572e+01 3.47417679e+01
    3.14882851e+01 2.55872269e+01 8.53930092e+00 6.90390682e+00
    3.16459465e+01 2.09194469e+01 2.25133896e+00 3.47113585e+00
    3.34910927e+01 3.48931961e+01 1.81543274e+01 1.70089924e+00
    5.14456129e+00 8.28784657e+00 3.71692238e+01 2.98895550e+01
    3.95690041e+01 2.73505688e+01 3.09940147e+01 2.21587372e+01
    1.68337975e+01 1.83501434e+01 1.58456507e+01 2.86857438e+00
    2.77748127e+01 7.18434811e+00 3.49506416e+01 5.07309628e+00
    3.21715660e+01 2.71282272e+01 3.57932587e+01 7.10530090e+00
    8.64821434e+00 4.14835262e+00 3.82812614e+01 9.78187847e+00
    6.76342058e+00 1.07871599e+01 1.68599682e+01 2.47192001e+01
    7.58441150e-01 1.42148075e+01 3.05709286e+01 1.88714199e+01
    3.16504745e+01 2.02850361e+01 3.10444469e+01 2.36501236e+01
    3.61303496e+00 4.56215501e-01 3.94379120e+01 2.57663383e+01
    2.75425110e+01 3.01683636e+01 2.73332615e+01 3.33337235e+00
    3.77575989e+01 2.84642258e+01 5.94193220e+00 3.55577087e+01
    3.20147820e+01 2.13216896e+01 2.08162041e+01 1.40341558e+01
    2.98275700e+01 2.45969887e+01 3.26939278e+01 2.21214437e+00
    3.07037258e+00 2.52744746e+00 4.79229498e+00 6.53327274e+00
    1.70288391e+01 1.67124138e+01 2.37629557e+00 3.43169022e+01
    2.08956909e+01 2.00576992e+01 3.21800880e+01 1.15220871e+01
    2.36975746e+01 1.81085701e+01 1.29394455e+01 1.65139256e+01
    4.48844862e+00 2.59376373e+01 2.54158611e+01 3.80729370e+01
    3.50440903e+01 1.67101688e+01 3.87740936e+01 3.39142265e+01
    3.29784012e+01 7.73915339e+00 3.82934532e+01 1.78335743e+01
    3.17877054e-01 2.76476097e+01 6.24574471e+00 1.91898000e+00
    3.67833436e-01 3.76163745e+00 2.31429219e+00 1.01672163e+01
    3.68296471e+01 3.88977280e+01 1.16160288e+01 3.73070488e+01
    1.66647930e+01 3.67318201e+00 2.93939972e+01 2.06124153e+01
    1.65611801e+01 2.61029091e+01 1.45527134e+01 2.52377963e+00
    3.05883064e+01 2.50690765e+01 2.81725159e+01 2.37143612e+01
    2.72380562e+01 3.87044678e+01 1.62346467e-01 1.72399712e+01
    2.75480385e+01 2.79221554e+01 1.66534925e+00 2.44844017e+01
    2.61502123e+00 1.57789440e+01 1.85857544e+01 7.43240416e-01
    3.53717957e+01 1.01815071e+01 2.41547546e+01 2.64224129e+01
    3.48605042e+01 3.83537221e+00 3.05535545e+01 1.38373432e+01
    2.92634430e+01 3.32832909e+01 3.20052567e+01 1.54410524e+01
    1.09687834e+01 3.40971451e+01 2.34149361e+01 9.38244343e+00
    5.87683916e+00 1.49803448e+01 3.78239937e+01 3.88741493e+01
    3.05967712e+01 3.97098732e+01 3.13472328e+01 3.06098995e+01
    1.34736958e+01 1.46195412e+01 2.52260685e+01 1.70902710e+01
    6.33649158e+00 2.91252613e-01 1.61674500e+01 1.12605858e+01
    3.77618027e+01 1.22075329e+01 3.80892372e+01 1.58996451e+00
    4.37501812e+00 2.02411880e+01 1.00960350e+01 2.23802299e+01
    1.75925121e+01 2.82901440e+01 8.55732441e+00 1.59876146e+01
    1.66407013e+01 2.93427200e+01 3.16660347e+01 2.13540440e+01
    3.05416870e+01 3.52266235e+01 3.95180855e+01 2.03639317e+01
    5.61577415e+00 4.91121747e-02 3.72953415e+01 2.86520615e+01
    3.06011219e+01 2.05339603e+01 1.98812561e+01 1.05666142e+01
    8.19922352e+00 1.02389860e+01 3.04017391e+01 1.25891705e+01
    1.86151581e+01 1.56449604e+01 2.64141560e+01 6.09731054e+00
    4.16562796e+00 2.77713718e+01 3.97384810e+00 5.80568647e+00
    3.82738724e+01 2.25173302e+01 6.61329687e-01 2.94973698e+01
    9.87062931e+00 1.98157883e+01 9.42217541e+00 2.60111027e+01
    6.96990299e+00 3.17999477e+01 4.15408087e+00 3.74785156e+01
    3.15387363e+01 4.34931231e+00 1.42289162e+01 2.41428509e+01
    3.37320099e+01 2.66825771e+01 3.88501465e-01 3.69178355e-01
    3.57375169e+00 3.89707160e+00 1.81280956e+01 3.10121880e+01
    2.22897857e-01 4.82779360e+00 6.84250116e+00 1.30895529e+01
    1.53856230e+01 3.92673225e+01 1.38058119e+01 1.00189857e+01
    1.00572824e+01 8.56473827e+00 2.98325119e+01 2.03040447e+01
    3.23072586e+01 2.20094051e+01 4.45400286e+00 3.37407761e+01
    3.06192627e+01 3.47415466e+01 5.18339491e+00 1.00135136e+01
    1.23471117e+01 2.29426365e+01 5.03720522e+00 3.09688625e+01
    2.83743134e+01 1.71636379e+00 3.85687599e+01 3.00132866e+01
    3.81963806e+01 3.65138359e+01 5.87552404e+00 2.21424026e+01
    2.64886379e+01 2.80480156e+01 3.97179947e+01 2.73637066e+01
    3.91719513e+01 3.63330383e+01 1.51410418e+01 3.91683884e+01
    3.51146584e+01 3.10001469e+00 1.42269344e+01 1.24322386e+01
    5.43429613e+00 2.60536938e+01 6.55536413e+00 2.43168678e+01
    1.05890417e+01 1.88783157e+00 5.89940405e+00 1.87359679e+00
    2.81711173e+00 1.81490803e+01 1.19192801e+01 6.82088852e+00
    1.82471027e+01 6.25381613e+00 2.14565430e+01 2.32817326e+01
    1.27462873e+01 2.68942051e+01 1.05674994e+00 5.83191872e+00
    1.85802345e+01 1.67786751e+01 1.51349235e+00 2.30372887e+01
    1.67104130e+01 1.78205931e+00 3.00254230e+01 3.22434845e+01
    2.04074173e+01 1.46346388e+01 3.93725166e+01 3.13627505e+00
    2.08205929e+01 4.75604296e+00 1.04937696e+01 2.28254890e+01
    4.95298815e+00 8.53598595e+00 3.58341522e+01 2.87470036e+01
    1.88572273e+01 2.71534061e+01 5.99698734e+00 3.91450500e+01
    2.72567883e+01 3.60273628e+01 2.80284023e+01 2.76629906e+01
    2.97416382e+01 1.44979372e+01 1.83305931e+01 2.73564091e+01
    2.06507416e+01 1.64190578e+01 3.39858208e+01 2.73348885e+01
    3.49067116e+01 1.79891567e+01 2.39548817e+01 2.06510429e+01
    2.94695835e+01 3.83621979e+01 1.19623089e+00 1.42622271e+01
    1.28695230e+01 1.82334175e+01 4.95625353e+00 2.41504860e+01
    1.85495300e+01 2.57871876e+01 3.68608627e+01 7.72392511e-01
    3.56537437e+00 2.62836971e+01 1.36487808e+01 3.76885529e+01
    3.08491631e+01 8.80399990e+00 2.94454422e+01 3.56856308e+01
    3.75401258e+00 8.25281906e+00 2.85247097e+01 2.36659217e+00
    2.33649979e+01 3.42137566e+01 2.20057869e+01 2.77742615e+01
    1.72096481e+01 8.09641933e+00 2.92038784e+01 6.20630741e+00
    3.77546043e+01 4.24149752e+00 2.59320450e+01 2.62592182e+01
    5.56358576e+00 2.00640106e+01 6.63306904e+00 2.49829788e+01
    1.46701851e+01 1.41626768e+01 3.47664337e+01 3.59122086e+01
    2.39571819e+01 1.66870804e+01 3.76068916e+01 3.33025551e+01
    5.23450375e-01 3.37995224e+01 1.31651773e+01 8.70220184e+00
    3.52970047e+01 1.51444397e+01 2.64895306e+01 1.72698174e+01
    3.10798950e+01 3.62656670e+01 7.97053289e+00 3.19031811e+01
    1.77667294e+01 2.48701420e+01 1.18490572e+01 3.92815285e+01
    6.60286617e+00 3.20373421e+01 2.61944222e+00 4.81096119e-01
    3.41659470e+01 3.77109909e+01 8.65877628e+00 6.81931734e+00
    7.33682728e+00 3.42088585e+01 3.82686615e+01 1.96611290e+01
    1.43701496e+01 7.14025974e+00 1.21111603e+01 2.10989075e+01
    1.77085114e+01 2.86957321e+01 1.14885550e+01 2.69116783e+01
    3.34775925e+01 3.65156822e+01 3.81886215e+01 3.06649818e+01
    1.96053371e+01 2.01348877e+00 3.58146057e+01 2.38401127e+01
    1.83831348e+01 8.24815273e+00 7.93817520e+00 3.08408318e+01
    2.50720272e+01 2.21402168e+01 1.76874428e+01 3.16626835e+01
    2.91023197e+01 3.80597687e+01 2.54467602e+01 2.08707695e+01
    8.75965786e+00 2.45067048e+00 1.69851379e+01 1.48456802e+01
    1.13440371e+01 2.13459835e+01 4.81780577e+00 3.31793251e+01
    3.80632324e+01 1.83527336e+01 3.64174347e+01 3.21551094e+01
    1.12279358e+01 1.65559635e+01 4.17121077e+00 5.58747625e+00
    3.23162231e+01 2.26163368e+01 2.28551540e+01 1.44758291e+01
    1.49426384e+01 3.80607300e+01 2.41488724e+01 3.45994339e+01
    3.83160591e+01 3.41129684e+01 3.80300255e+01 2.51536865e+01
    1.34081078e+01 4.00230026e+00 4.22380400e+00 3.83556709e+01
    1.61480598e+01 4.01341105e+00 1.43943100e+01 2.69585686e+01
    3.82260361e+01 3.57596779e+01 1.83488369e+01 3.71020484e+00
    2.99891796e+01 3.52484322e+01 3.76631317e+01 1.80431099e+01
    1.85151029e+00 3.30796013e+01 2.83595610e+00 3.59594231e+01
    3.06626740e+01 3.96194992e+01 3.84055367e+01 3.98376799e+00
    1.99344177e+01 6.60207176e+00 2.35641937e+01 2.96619396e+01
    3.36877775e+00 3.66617889e+01 6.61912680e+00 2.83127613e+01
    2.47344799e+01 1.64701500e+01 1.84131336e+00 2.40729923e+01
    1.83039551e+01 5.89885139e+00 8.34902000e+00 2.79888687e+01
    1.47619696e+01 3.52614670e+01 3.07466965e+01 3.64490509e+00
    2.90095348e+01 3.71350746e+01 1.82266712e+01 3.42135201e+01
    2.38571510e+01 3.02861156e+01 1.87068558e+01 1.67499485e+01
    1.48161926e+01 3.61400986e+01 2.61524811e+01 3.76904831e+01
    3.68533440e+01 3.19206085e+01 2.18924313e+01 9.17595959e+00
    6.52926970e+00 3.31977730e+01 3.89313507e+01 3.01770458e+01
    1.92949677e+00 1.07650251e+01 8.10338402e+00 1.44895658e+01
    8.80783081e+00 2.99029408e+01 9.18742561e+00 3.68404999e+01
    9.54824388e-01 5.73289013e+00 3.28203011e+01 1.61942329e+01
    3.32690430e+01 1.16331148e+01 3.15569115e+01 4.73771858e+00
    8.81439495e+00 1.07788277e+01 8.36178875e+00 1.22352896e+01
    3.73069267e+01 3.12365580e+00 1.86715412e+01 1.12146902e+01
    2.35085011e+01 3.10333862e+01 3.29366684e+01 2.25717506e+01
    3.57594185e+01 2.06000590e+00 8.85366154e+00 1.31083708e+01
    2.98487301e+01 3.75560608e+01 2.32198310e+00 7.17649841e+00
    2.51225128e+01 2.89895773e+00 3.87943916e+01 3.56540413e+01
    1.95144320e+00 3.72749786e+01 3.13052845e+01 7.97435284e+00
    3.28619270e+01 7.13232279e+00 1.03265083e+00 1.55858040e+01
    2.10080242e+01 2.56071892e+01 1.74707375e+01 2.40999012e+01
    3.17857647e+01 7.38628292e+00 2.20954437e+01 1.61792297e+01
    1.27903852e+01 1.44112892e+01 2.70952415e+01 2.50983982e+01
    1.17068052e+01 1.23279037e+01 2.96042576e+01 3.60429077e+01
    2.39623280e+01 8.89466381e+00 2.51250572e+01 2.19599495e+01
    1.54365194e+00 3.47255859e+01 3.19479656e+01 2.38676872e+01
    1.65797520e+01 1.70451832e+01 3.37693710e+01 2.22481995e+01
    1.50637121e+01 2.38923130e+01 1.99873495e+00 2.40315666e+01
    1.41672158e+00 1.92978916e+01 1.56491661e+00 2.89353008e+01
    1.18636217e+01 1.83857095e+00 1.95888157e+01 5.78571129e+00
    2.51234007e+00 3.90128059e+01 3.03043575e+01 2.15416012e+01
    2.16507018e-01 2.51929569e+01 1.00344143e+01 3.17258339e+01
    1.18921642e+01 9.23732185e+00 3.80178795e+01 1.58326902e+01
    2.50664520e+01 2.58740234e+01 2.82258720e+01 2.65086002e+01
    2.39097476e+00 4.29633826e-01 1.87518330e+01 1.49027281e+01
    1.99579792e+01 2.30670090e+01 4.77275991e+00 2.10222034e+01
    3.48501635e+00 6.19309616e+00 3.11077766e+01 1.91674054e+00
    1.53283453e+01 2.44918194e+01 2.77343292e+01 1.52665167e+01
    2.99625301e+01 2.05242271e+01 2.33669434e+01 3.68631935e+01
    4.99779177e+00 1.22646713e+01 3.93022652e+01 2.49505997e+01
    1.77195492e+01 2.86057243e+01 2.24747925e+01 3.71382294e+01
    2.23624821e+01 3.80985260e+01 9.50098515e+00 2.58989048e+01
    3.87928352e+01 1.23927603e+01 2.30893159e+00 1.35816021e+01
    2.01450844e+01 1.98152733e+01 3.27188873e+01 3.51677246e+01
    1.52217665e+01 2.76370277e+01 1.90338361e+00 3.91492538e+01
    2.41201515e+01 3.49291992e+01 3.90214996e+01 6.25564528e+00
    3.66684875e+01 2.62321110e+01 2.18466911e+01 2.41090298e+01
    3.86872826e+01 3.56003647e+01 2.86690259e+00 6.31416607e+00
    8.11318302e+00 2.03794899e+01 3.28359947e+01 2.07429695e+01
    9.38872051e+00 8.37950611e+00 3.76314468e+01 3.73013344e+01
    2.08103333e+01 2.70541725e+01 3.29026451e+01 3.96914291e+01
    9.69490719e+00 2.93014318e-01 5.17771721e+00 2.59996719e+01
    4.58249807e+00 2.48381996e+01 1.38739262e+01 2.38610363e+01
    1.09693861e+01 4.35309219e+00 3.52053833e+01 9.98879242e+00
    3.56894035e+01 2.97195702e+01 3.52741318e+01 3.85853691e+01
    2.61070430e-02 2.11298370e+01 1.10966101e+01 2.03641148e+01
    2.98783016e+01 2.83413105e+01 1.55902281e+01 2.86624317e+01
    2.13827305e+01 2.52593851e+00 3.59062195e+01 3.83677101e+01
    2.24384880e+00 2.43652744e+01 2.63318100e+01 4.46074152e+00
    2.41651382e+01 4.83982086e+00 1.35979967e+01 3.04702415e+01
    2.30523663e+01 2.37300720e+01 1.38920870e+01 2.31689072e+01
    3.80827904e+01 1.62138958e+01 1.16080961e+01 3.25720100e+01
    1.25888014e+01 3.03789577e+01 5.58553886e+00 3.61642227e+01
    1.92260456e+01 2.53616219e+01 2.38658257e+01 1.54720316e+01
    3.51527367e+01 2.47655678e+01 3.56724777e+01 6.37988520e+00
    3.39347878e+01 1.21719398e+01 1.75149803e+01 2.23063831e+01
    3.92071557e+00 1.83199043e+01 4.29844528e-01 1.03718987e+01
    8.86274815e+00 1.51410894e+01 2.39929943e+01 2.17092819e+01
    3.26571236e+01 1.83312435e+01 3.06825619e+01 1.91618195e+01
    2.46402283e+01 1.08930721e+01 3.52418327e+01 1.05735779e+01
    1.43379412e+01 1.40729408e+01 3.17910843e+01 2.16023979e+01
    3.36486015e+01 3.68308525e+01 1.92291367e+00 3.63861132e+00
    2.46079102e+01 1.71070881e+01 2.63450832e+01 8.94676590e+00
    1.29271631e+01 3.21732407e+01 3.52637558e+01 2.49425583e+01
    9.74928474e+00 3.29264145e+01 3.35974884e+00 3.51501770e+01
    7.34628248e+00 2.98781643e+01 3.81800842e+01 2.32608891e+00
    1.18898640e+01 3.69598961e+01 2.37668037e+01 8.35487175e+00
    8.56090832e+00 8.33047962e+00 3.46635895e+01 3.31390152e+01
    3.26198425e+01 6.57204628e-01 2.99052067e+01 2.23152947e+00
    3.00356083e+01 1.29777145e+01 2.21748848e+01 3.35735931e+01
    2.97001228e+01 3.42314911e+01 2.25880527e+01 1.93324451e+01
    2.62353306e+01 2.49183674e+01 3.08462644e+00 7.85670900e+00
    3.78795433e+01 2.67911797e+01 3.23724437e+00 1.95891876e+01
    2.15167751e+01 5.96873617e+00 2.43533707e+01 3.49387894e+01
    3.24568138e+01 1.37760735e+01 3.47514839e+01 3.05882587e+01
    1.25318403e+01 1.55461159e+01 1.95465755e+01 2.28680563e+00
    9.16935921e+00 2.64034195e+01 3.38884659e+01 3.82346954e+01
    3.74616508e+01 1.82656345e+01 1.34035330e+01 1.75865269e+01
    2.18888092e+01 2.76808052e+01 2.90788479e+01 2.77005920e+01
    5.40984201e+00 2.21328373e+01 2.24598789e+01 3.06173458e+01
    2.71364956e+01 1.62381325e+01 3.56651955e+01 1.26686792e+01
    2.68642330e+00 2.16246853e+01 3.38255653e+01 1.06542253e+01
    3.41887093e+01 3.05335484e+01 8.74186039e+00 7.96260834e+00
    2.18818970e+01 2.80591717e+01 6.35417366e+00 3.44885063e+01
    3.41858292e+00 2.69744797e+01 1.36686649e+01 3.30226707e+01
    3.85757059e-01 9.89696980e+00 1.65943623e+01 2.96933117e+01
    3.24905624e+01 1.65454464e+01 3.91460443e+00 3.04138260e+01
    2.68181496e+01 7.11283779e+00 2.77789898e+01 1.96613960e+01
    3.62579269e+01 3.32359772e+01 1.92549248e+01 8.38326931e+00
    2.75286121e+01 3.33454781e+01 2.70531940e+00 1.67067661e+01
    3.21894684e+01 3.50121002e+01 2.15790024e+01 7.87497520e+00
    8.62133789e+00 1.04516230e+01 3.27614784e+01 3.90317612e+01
    2.60162086e+01 3.01880512e+01 2.62893829e+01 7.34061623e+00
    1.16401424e+01 1.17821999e+01 2.45480514e+00 2.66774311e+01
    3.39892654e+01 3.75846596e+01 1.55930681e+01 2.81934605e+01
    2.10186901e+01 2.77003860e+01 3.13609076e+00 2.59592915e+01
    3.61989250e+01 3.94570999e+01 3.40096664e+01 3.00694828e+01
    1.46712294e+01 3.41976051e+01 2.67960453e+01 9.41908360e+00
    2.53491497e+01 2.44057045e+01 3.64973593e+00 2.15754223e+00
    2.13690186e+01 2.19397392e+01 1.42045593e+01 1.87858832e+00
    2.97276998e+00 3.22470398e+01 1.26688719e+00 1.24727049e+01
    3.11848755e+01 3.01515141e+01 4.37576199e+00 3.18038960e+01
    2.19735432e+01 3.23550568e+01 2.59983921e+01 2.89315224e+01
    2.89292030e+01 2.80051727e+01 3.51878624e+01 3.41820221e+01
    1.66256027e+01 3.85726738e+01 1.77206402e+01 3.23160791e+00
    2.16870308e+01 2.92065310e+00 1.18901434e+01 3.91665077e+01
    1.16420774e+01 2.53686829e+01 2.80891018e+01 2.20834141e+01
    2.51533222e+01 3.20886803e+01 3.44944077e+01 7.41654396e+00
    4.07672262e+00 3.13498440e+01 2.48514843e+01 2.41895676e+01
    1.82007961e+01 1.57741737e+01 6.88159513e+00 2.43089886e+01
    1.17923193e+01 1.30499811e+01 2.33779812e+01 1.02039309e+01
    1.99568729e+01 9.03533077e+00 1.94168701e+01 2.62343712e+01
    2.39873123e+01 2.82086182e+01 3.80131264e+01 3.31574321e+00
    2.90106297e+01 2.31947765e+01 2.12029037e+01 1.46325550e+01
    2.16417408e+01 1.68830795e+01 3.86107864e+01 3.67134094e+01
    1.56726103e+01 8.92545819e-01 8.47361088e+00 9.46030903e+00
    3.21892471e+01 2.75479565e+01 3.51493835e+01 1.30144906e+00
    1.57825956e+01 2.20408077e+01 1.07576990e+01 1.32654362e+01
    7.02044058e+00 2.64803925e+01 3.55359612e+01 2.47444463e+00
    7.51245785e+00 2.72779331e+01 1.01607599e+01 1.49475145e+01
    2.72015781e+01 1.58811617e+01 1.05368929e+01 5.33342505e+00
    3.03169098e+01 7.30372174e-03 3.50987107e-01 3.91033792e+00
    2.55987854e+01 3.72349663e+01 9.92849922e+00 2.53021450e+01
    3.50990639e+01 1.87045612e+01 2.32915668e+01 5.44841909e+00
    3.62890167e+01 1.00034463e+00 2.40023804e+01 2.19539490e+01
    3.76288948e+01 6.17877388e+00 2.20310555e+01 2.71336975e+01
    1.55831604e+01 1.75769997e+01 2.88281193e+01 1.56434507e+01
    3.84752808e+01 2.37102680e+01 6.69789171e+00 4.91903543e+00
    1.96747172e+00 1.50226250e+01 2.84791565e+01 8.57139587e+00
    1.44953620e+00 6.92875767e+00 8.34434223e+00 1.62234669e+01
    9.08961296e+00 3.82143903e+00 3.44169235e+01 2.09299717e+01
    4.76946878e+00 1.93786736e+01 1.03358736e+01 1.73195572e+01
    5.00671327e-01 2.47371922e+01 1.63298626e+01 3.33014755e+01
    2.50732231e+01 2.01469707e+01 6.95275497e+00 1.75432014e+01
    3.85134506e+01 1.73056564e+01 2.65848255e+01 3.88496437e+01
    1.49134521e+01 2.44392128e+01 7.34466362e+00 3.52739258e+01
    5.68493938e+00 2.17248936e+01 2.43668232e+01 1.20868273e+01
    2.44571362e+01 2.07866096e+00 2.72841185e-01 3.33162651e+01
    1.88959694e+01 1.87865753e+01 2.72772045e+01 3.72978249e+01
    3.51932793e+01 2.09598207e+00 1.13596983e+01 1.70468674e+01
    2.63513031e+01 1.24708176e+01 1.05378056e+00 3.35235062e+01
    3.92323074e+01 1.00069323e+01 2.33915462e+01 2.76006269e+00
    5.25012302e+00 2.93081436e+01 3.26776276e+01 3.69536629e+01
    1.75299568e+01 6.17758214e-01 1.87006626e+01 1.33580284e+01
    5.44883776e+00 8.91980553e+00 2.30881081e+01 6.91096127e-01
    3.74666905e+00 1.37517118e+01 3.10838718e+01 2.30155659e+01
    3.39560013e+01 1.94083443e+01 2.57113438e+01 2.47635880e+01
    2.51910534e+01 2.11625981e+00 5.79294384e-01 2.40640011e+01
    9.38007772e-01 1.35320263e+01 2.91002369e+01 3.50679054e+01
    1.36316729e+00 2.06668129e+01 7.31775761e+00 3.29400587e+00
    3.47692184e+01 2.73438950e+01 3.79732475e+01 2.31114750e+01
    8.83663750e+00 1.41751232e+01 2.98787212e+01 1.40948086e+01
    1.05819798e+01 1.02346287e+01 4.12475729e+00 2.82737122e+01
    2.30192966e+01 2.89250731e+00 2.37569695e+01 3.20499306e+01
    9.26358891e+00 3.88596382e+01 2.26747437e+01 1.49552183e+01
    5.99826670e+00 1.57168407e+01 2.19453392e+01 2.73666878e+01
    2.44172382e+01 2.39283237e+01 8.03753471e+00 8.49728012e+00
    3.06930676e+01 4.98129129e+00 2.38534393e+01 1.85564861e+01
    2.72924566e+00 1.01887798e+01 2.63913078e+01 2.65107021e+01
    1.27092686e+01 2.69674873e+01 2.51195183e+01 3.77807083e+01
    2.39775715e+01 1.58232708e+01 6.28768539e+00 3.39386635e+01
    3.36929169e+01 3.39935875e+01 3.08540988e+00 1.25525064e+01
    1.46863918e+01 2.88960190e+01 3.50713043e+01 1.37106400e+01
    8.22374821e+00 2.26895351e+01 2.74937344e+01 1.02327337e+01
    1.21375446e+01 3.64823036e+01 1.48356354e+00 1.45813284e+01
    1.02675724e+01 8.77410221e+00 3.75900154e+01 6.44654846e+00
    1.20110378e+01 3.13755016e+01 1.48266106e+01 9.80172348e+00
    1.38903894e+01 8.86954308e+00 1.22850262e-01 3.56131210e+01
    9.28471661e+00 1.77554398e+01 3.19513302e+01 3.86930885e+01
    2.92292271e+01 1.94476929e+01 8.00658035e+00 2.96432209e+01
    3.40146875e+00 3.33771753e+00 2.74283276e+01 3.12499294e+01
    3.06382465e+01 2.97529926e+01 2.94642754e+01 3.12896996e+01
    1.30862341e+01 3.31530495e+01 3.08459492e+01 1.35283947e+01
    1.79104061e+01 4.47806358e+00 1.78510914e+01 2.12460651e+01
    1.33858852e+01 8.06999969e+00 1.98406196e+00 2.38392811e+01
    1.09126186e+01 7.05800676e+00 2.46435032e+01 2.42650204e+01
    1.20433426e+01 2.50699406e+01 1.02753944e+01 1.86784668e+01
    6.36869860e+00 5.74186850e+00 2.16336937e+01 3.08159809e+01
    1.83967152e+01 2.62030392e+01 3.94038429e+01 3.26474690e+00
    3.87035561e+01 1.19736319e+01 2.79387989e+01 2.84043922e+01
    2.25250149e+01 1.51088810e+01 2.80148373e+01 3.82119608e+00
    3.65425529e+01 1.93535595e+01 3.36868057e+01 1.39567375e+01
    7.38836861e+00 2.10350933e+01 3.51222038e+01 5.93690681e+00
    1.38481963e+00 2.29557953e+01 2.19622765e+01 1.33632488e+01
    2.41144485e+01 2.34022541e+01 5.07718706e+00 2.25515900e+01
    2.73101025e+01 2.18887806e+01 2.50183773e+01 3.83259201e+01
    5.41983032e+00 3.62602768e+01 3.14907684e+01 3.23813744e+01
    5.47225285e+00 3.64402885e+01 3.31469955e+01 1.28140461e+00
    3.28646660e+01 3.06287441e+01 3.60731392e+01 1.40950000e+00
    2.56018505e+01 5.17741108e+00 2.50555439e+01 8.35068607e+00
    2.39088573e+01 5.08210659e-01 3.03271770e+01 2.01723633e+01
    2.58170776e+01 9.45614624e+00 3.75850830e+01 3.65972404e+01
    3.63156357e+01 6.00828695e+00 3.10362225e+01 2.85690498e+01
    2.91555080e+01 2.61612740e+01 3.49983177e+01 2.60074291e+01
    2.00724583e+01 3.50520802e+00 3.27472115e+01 5.60566282e+00
    3.84977417e+01 1.91878948e+01 2.81042461e+01 4.13046598e+00
    1.70152493e+01 2.61118221e+01 1.13754025e+01 1.47407818e+01
    3.60515289e+01 1.51285210e+01 5.08012199e+00 1.32408323e+01
    2.01825218e+01 3.03691268e+00 3.45505524e+01 1.61173344e+01
    2.79592171e+01 1.73019142e+01 4.11325788e+00 3.57059622e+00
    1.25709677e+01 3.89473572e+01 3.38089371e+01 2.00115700e+01
    2.24531326e+01 2.26280155e+01 1.51830025e+01 3.37684708e+01
    2.75926399e+01 1.28409433e+01 3.63578873e+01 3.63576050e+01
    1.11183882e+01 3.83144798e+01 5.68217707e+00 1.67043705e+01
    2.64017630e+00 1.09610291e+01 2.16394405e+01 3.39149780e+01
    1.07905741e+01 3.14263420e+01 1.78369122e+01 2.10117722e+00
    6.64569914e-01 1.44112539e+01 3.26575012e+01 2.60534439e+01
    3.32251549e+01 1.73460369e+01 2.92500591e+01 1.33634920e+01
    1.51120148e+01 3.88296661e+01 3.11250725e+01 3.15347252e+01
    3.96765184e+00 1.97865658e+01 2.78491096e+01 1.09201174e+01
    3.41550522e+01 4.47415382e-01 1.07848625e+01 2.51000919e+01
    9.95174503e+00 2.59290104e+01 2.22413940e+01 1.41882143e+01
    1.78465557e+01 1.71340446e+01 2.17396793e+01 3.75119171e+01
    3.93038063e+01 6.94745207e+00 2.91198177e+01 2.73432770e+01
    1.70289593e+01 1.48104334e+01 6.56346512e+00 1.69182472e+01
    1.84643879e+01 2.12336254e+01 2.91481543e+00 8.49624634e+00
    2.48909988e+01 4.22410822e+00 9.16580009e+00 3.06807346e+01
    3.50750504e+01 3.66922798e+01 2.52864037e+01 3.79432373e+01
    1.94116497e+01 4.97322083e+00 3.86882896e+01 2.49823399e+01
    3.21733131e+01 3.04636555e+01 2.18253670e+01 1.78797112e+01
    2.08921528e+01 3.39294548e+01 2.38362885e+01 2.15072861e+01
    6.08297408e-01 3.56790504e+01 2.61666965e+01 5.36665392e+00
    8.30733299e+00 2.88380337e+01 2.04758987e+01 2.95960140e+01
    1.01375246e+01 3.07014370e+01 3.61206779e+01 1.85134430e+01
    3.74545326e+01 1.51110764e+01 2.26100197e+01 2.89070396e+01
    2.07344952e+01 6.30236197e+00 3.35724525e+01 1.88193417e+01
    1.22441549e+01 3.18100071e+01 2.01852589e+01 5.43071747e+00
    3.31492195e+01 3.66364708e+01 1.81172829e+01 1.70349903e+01
    1.72701931e+01 1.48707008e+01 8.58261395e+00 3.77993698e+01
    6.96435571e-01 4.18868876e+00 3.71615791e+01 2.99895363e+01
    2.83324547e+01 2.71870346e+01 3.18632736e+01 3.59126358e+01
    1.17909307e+01 3.71248894e+01 3.59327583e+01 1.86464653e+01
    1.57637472e+01 1.35929031e+01 3.04514742e+00 2.28865814e+01
    3.92757034e+01 8.86739159e+00 1.97285919e+01 3.37529373e+01
    3.95991135e+01 5.66068506e+00 1.47066755e+01 2.03532944e+01
    1.81366558e+01 3.14276543e+01 3.58593297e+00 4.59068775e+00
    1.07982416e+01 1.51505363e+00 1.32571993e+01 2.45881138e+01
    3.46253090e+01 2.42825394e+01 3.37344513e+01 1.40686874e+01
    1.45620136e+01 2.05585423e+01 3.45158386e+01 4.80528688e+00
    3.88404427e+01 1.55600710e+01 3.12154388e+01 3.63591042e+01
    3.93048058e+01 2.49399891e+01 1.13736343e+01 1.76164627e+01
    1.91677856e+01 2.96493435e+01 2.20535707e+00 1.08698244e+01
    3.78022537e+01 3.83644333e+01 3.11278973e+01 3.88939762e+00
    1.94317741e+01 1.77556934e+01 2.56593819e+01 3.48534660e+01
    3.09871731e+01 2.72814579e+01 1.63558540e+01 7.78126287e+00
    1.18651609e+01 2.71643238e+01 2.79557476e+01 3.53717041e+01
    3.44402504e+01 3.51863403e+01 2.64893074e+01 3.30922279e+01
    2.90583115e+01 2.06158791e+01 3.63100290e+00 1.83168049e+01
    2.78537941e+01 1.41296244e+01 3.36462097e+01 6.95829964e+00
    2.13785172e+01 2.76436882e+01 2.52187920e+01 2.19860244e+00
    3.94655190e+01 1.40628185e+01 2.29334621e+01 2.74941578e+01
    3.67845764e+01 9.22481155e+00 1.73721485e+01 3.18040752e+01
    4.54080820e+00 3.17259464e+01 3.72836342e+01 3.35034418e+00
    3.45740929e+01 1.65929222e+01 3.82730484e+01 3.74359679e+00
    2.26755714e+01 2.25120583e+01 1.34578152e+01 2.06626282e+01
    2.60588741e+01 1.35973158e+01 9.84974861e+00 1.18168316e+01
    2.28492794e+01 2.20056190e+01 2.63023376e+01 1.41929827e+01
    1.71911335e+01 1.41631832e+01 1.96053104e+01 3.09396782e+01
    3.05698261e+01 3.51327362e+01 7.10294902e-01 7.23149824e+00
    3.79197769e+01 1.03194895e+01 3.04975777e+01 3.20767632e+01
    1.16593857e+01 3.63208912e-02 8.77180958e+00 2.58012886e+01
    2.94836521e+01 2.60663185e+01 6.04151773e+00 1.91373444e+01
    3.90831871e+01 3.28633347e+01 4.59949207e+00 3.63701706e+01
    2.16802168e+00 3.69463501e+01 2.79433155e+01 2.14073868e+01
    2.63270702e+01 2.55485725e+01 1.14558954e+01 2.95816731e+00
    2.30873241e+01 1.73609886e+01 1.92908630e+01 7.86302471e+00
    2.11551971e+01 4.35927629e-01 1.44954309e+01 2.23008080e+01
    2.58523369e+01 3.92446175e+01 3.75911102e+01 3.60932198e+01
    3.75756874e+01 9.77055454e+00 2.81950645e+01 3.30187340e+01
    6.29896939e-01 7.85304880e+00 1.55277789e+00 3.77688599e+01
    3.45043831e+01 3.83499908e+01 1.35748920e+01 1.06737919e+01
    2.51185951e+01 1.26954079e+01 3.52567673e+01 1.21570206e+00
    7.39288616e+00 2.34997826e+01 3.87009650e-01 2.04661732e+01
    8.39228272e-01 1.60613213e+01 2.31346073e+01 2.96804314e+01
    5.73313808e+00 1.95817223e+01 7.30891562e+00 3.77555695e+01
    2.34313560e+00 3.04621983e+01 2.61296844e+01 3.82215881e+00
    4.15155411e-01 2.44677486e+01 3.03802662e+01 3.41474190e+01
    3.72898140e+01 3.42005348e+01 1.35981674e+01 2.07595615e+01
    6.43716288e+00 2.00972576e+01 7.11208344e+00 1.10442505e+01
    3.78355713e+01 2.28078594e+01 4.57893085e+00 3.08557987e+01
    5.42744684e+00 3.97143669e+01 1.09245567e+01 3.67936707e+01
    5.16576147e+00 2.09982085e+00 3.78559380e+01 1.11932526e+01
    1.59112906e+00 2.53707829e+01 1.43759832e+01 3.17648530e+00
    1.01280241e+01 1.86819458e+01 6.31465483e+00 3.47518921e+01
    7.54480696e+00 2.32010536e+01 6.65734625e+00 2.66317177e+01
    2.57750225e+01 2.87963982e+01 2.95700264e+01 2.26635666e+01
    2.29907436e+01 2.94962234e+01 1.71844578e+01 9.84467793e+00
    1.17751646e+01 1.25150785e+01 3.58365402e+01 4.76110488e-01
    1.46278839e+01 3.95709190e+01 2.29541912e+01 3.96386604e+01
    1.79151306e+01 1.55544596e+01 3.40889502e+00 7.98528719e+00
    3.28505020e+01 1.64344997e+01 3.11961975e+01 7.87043619e+00
    1.47688770e+01 3.18713074e+01 7.31394148e+00 2.77183113e+01
    8.69520950e+00 1.22041388e+01 2.27535667e+01 3.37608109e+01
    2.88898106e+01 1.85916920e+01 2.60244675e+01 1.99447021e+01
    1.17125311e+01 1.98524742e+01 1.57951679e+01 2.88987656e+01
    1.84631519e+01 1.92127838e+01 2.03521233e+01 1.38728428e+01
    1.01245725e+00 3.78234177e+01 3.29412308e+01 7.89636433e-01
    3.35231209e+00 1.72831211e+01 1.52312069e+01 2.31176720e+01
    7.41213083e+00 1.38441877e+01 3.09751568e+01 4.67880630e+00
    2.69209442e+01 1.62072544e+01 3.11439590e+01 3.88802910e+01
    3.79112320e+01 1.11995335e+01 3.39468598e+00 1.54711509e+00
    1.31849432e+01 3.69152145e+01 3.30905266e+01 3.08922367e+01
    1.49433165e+01 1.84220409e+01 1.76204090e+01 2.73546619e+01
    1.78610554e+01 1.50556669e+01 1.86889763e+01 1.08756435e+00
    2.55154300e+00 1.26964480e-01 5.51795912e+00 7.66874790e+00
    2.81290913e+01 3.09351158e+01 1.68963623e+00 3.64860039e+01
    2.68984604e+01 2.95533848e+01 1.67261333e+01 3.18722963e+00
    2.52037024e+00 9.62242031e+00 3.67975693e+01 2.99167752e+00
    1.20990305e+01 1.40349808e+01 5.50223850e-02 7.81000566e+00
    9.73343086e+00 2.78901424e+01 1.35586843e+01 2.69948406e+01
    2.74165497e+01 5.44446087e+00 2.48018456e+01 3.85900307e+01
    2.96258903e+00 3.65611000e+01 3.94533539e+00 2.55759087e+01
    1.52153873e+01 3.56329689e+01 1.08274937e+01 2.47652507e+00
    3.43238754e+01 1.76319675e+01 4.59874153e+00 1.28775282e+01
    2.05867386e+01 2.14749146e+01 1.78589427e+00 4.39417362e+00
    1.67838974e+01 3.64047661e+01 8.72810841e+00 1.99843216e+01
    1.89029465e+01 3.71372986e+01 3.64078827e+01 2.78901100e+01
    9.20882225e+00 3.70727348e+01 2.92296219e+01 2.47493668e+01
    3.43578300e+01 3.30258713e+01 3.69791260e+01 1.60489597e+01
    2.39100075e+01 2.11893139e+01 1.68650684e+01 5.10102224e+00
    3.55105438e+01 2.20744743e+01 3.95593567e+01 2.24333992e+01
    6.93324137e+00 3.06782665e+01 1.96356602e+01 3.72673187e+01
    3.27151985e+01 9.68894672e+00 1.25229626e+01 1.70923634e+01
    8.79797745e+00 3.39948540e+01 2.41351204e+01 2.58924522e+01
    1.12193995e+01 2.94038868e+01 1.95755806e+01 3.35609436e+01
    1.75428905e+01 3.96609230e+01 2.76764202e+01 3.21532898e+01
    3.33464699e+01 2.47350922e+01 1.18017740e+01 3.79895668e+01
    9.14566040e+00 2.84550076e+01 3.40375443e+01 1.91636677e+01
    9.79741764e+00 8.72031116e+00 1.22641869e+01 1.98179760e+01
    6.83709288e+00 2.32642078e+01 2.59925480e+01 3.44643021e+01
    2.93116570e+01 2.48450565e+01 2.35931516e+00 1.57961273e+01
    3.78423548e+00 4.70388126e+00 3.10310593e+01 2.00788927e+00
    9.24152088e+00 2.63292732e+01 3.03292108e+00 4.21935606e+00
    3.71985130e+01 1.87223454e+01 3.12294598e+01 2.14236355e+01
    4.38427925e+00 8.86922550e+00 1.04167519e+01 2.96386147e+01
    1.80331268e+01 3.86590347e+01 6.64533854e+00 5.59197235e+00
    7.79260159e+00 3.23945732e+01 8.02071857e+00 1.77270622e+01
    8.24901009e+00 9.84292805e-01 4.05913258e+00 2.87859306e+01
    1.71448364e+01 2.04255733e+01 2.30209274e+01 3.55104136e+00
    3.22802505e+01 9.02353954e+00 3.44663086e+01 2.38679581e+01
    3.31688499e+01 1.17853794e+01 2.24984894e+01 2.54888496e+01
    9.84664917e+00 3.69882469e+01 2.93134499e+01 2.93304138e+01
    6.96503162e-01 2.35734863e+01 3.36750069e+01 2.86846466e+01
    2.20936966e+01 3.12551708e+01 3.95343361e+01 1.05786915e+01
    7.82214785e+00 3.50800934e+01 2.92914057e+00 1.79141831e+00
    3.20257301e+01 3.09034195e+01 2.65354977e+01 8.98337746e+00
    2.64489412e+00 7.84235859e+00 2.52013111e+01 3.32499352e+01
    1.64241848e+01 1.17207708e+01 1.27656479e+01 3.26419563e+01
    3.03491192e+01 3.28584862e+01 2.74570923e+01 1.33490455e+00
    5.33209848e+00 3.01103573e+01 2.67544174e+01 1.56499779e+00
    1.08209820e+01 3.32073746e+01 3.77879677e+01 3.32385406e+01
    9.08337021e+00 1.60051174e+01 3.82916832e+01 2.62521706e+01
    1.91159019e+01 1.73650665e+01 7.48293495e+00 1.33758774e+01
    3.74290314e+01 4.50916958e+00 1.25492134e+01 2.38201160e+01
    1.63930950e+01 2.93354836e+01 2.35234203e+01 2.01359882e+01
    9.45055485e+00 4.65764380e+00 2.63801670e+01 3.27676353e+01
    1.79287548e+01 2.04257202e+01 3.85238037e+01 1.29654942e+01
    1.14828861e+00 8.29428864e+00 2.99627209e+01 1.24053631e+01
    2.01822643e+01 3.27947884e+01 1.79607925e+01 1.73869648e+01
    2.06984787e+01 2.50720139e+01 1.34110556e+01 7.41194201e+00
    2.77621460e+01 8.56145668e+00 1.91145134e+01 1.46337166e+01
    1.21597052e+01 2.83654728e+01 3.04014931e+01 3.62671471e+01
    1.00213442e+01 3.33415756e+01 3.72819977e+01 1.15179939e+01
    1.98746586e+01 1.63573761e+01 1.08615172e+00 6.31131792e+00
    1.88176479e+01 3.11021996e+01 1.71876831e+01 4.17227983e+00
    2.80513515e+01 1.36671896e+01 2.08766532e+00 3.68764305e+01
    2.47078476e+01 7.14984226e+00 2.08029652e+01 3.54453850e+01
    3.45212860e+01 7.40546656e+00 3.19362755e+01 3.81814079e+01
    2.47522049e+01 2.33982296e+01 1.18555984e+01 1.80674858e+01
    3.12644558e+01 3.00777888e+00 2.30852413e+01 1.37412071e+01
    2.14953842e+01 2.79945431e+01 2.73897705e+01 1.85798180e+00
    2.31277752e+01 1.31083441e+01 2.71583614e+01 3.72759094e+01
    1.83985405e+01 7.16216183e+00 2.36126060e+01 1.55328484e+01
    2.18897381e+01 2.31737041e+01 1.00274515e+01 1.81525631e+01
    1.23137973e-01 3.95575218e+01 3.93138618e+01 3.62564735e+01
    1.41918411e+01 3.11600380e+01 3.00313835e+01 1.36459434e+00
    1.94566841e+01 2.42672825e+00 3.37948380e+01 3.51620674e+01
    1.47662945e+01 3.29193306e+01 4.28167582e+00 3.55605164e+01
    1.57275944e+01 1.16316853e+01 2.74233284e+01 2.97912102e+01
    3.15975246e+01 1.02311077e+01 3.15280056e+01 2.96981869e+01
    2.74088230e+01 1.89365158e+01 1.37621164e+01 8.80481625e+00
    9.17740631e+00 1.93428936e+01 3.96272850e+01 3.18597031e+01
    3.82476044e+01 2.34708080e+01 6.79194689e+00 3.09572411e+01
    5.42216825e+00 2.52843304e+01 3.61063766e+01 1.06226559e+01
    1.35630560e+01 1.59181280e+01 2.49174786e+01 9.11965561e+00
    9.92585564e+00 3.04153099e+01 6.36811876e+00 8.84799862e+00
    3.80875397e+01 3.70974197e+01 2.05453243e+01 1.85534191e+01
    8.97676659e+00 2.83682842e+01 3.08688507e+01 1.15691757e+01
    2.64131508e+01 2.14691467e+01 7.05415154e+00 3.43489876e+01
    2.56035023e+01 1.92575531e+01 1.12363262e+01 2.90948906e+01
    1.58204107e+01 3.36330643e+01 1.78935051e+01 3.21608124e+01
    7.24414158e+00 6.89938593e+00 2.04087486e+01 6.06505632e+00
    3.31387877e+00 2.10618424e+00 3.05104485e+01 5.00409842e+00
    3.05873299e+01 1.71116047e+01 1.31989965e+01 2.71943989e+01
    1.42074614e+01 3.88590088e+01 6.71610713e-01 3.84403152e+01
    1.86749554e+01 3.88824272e+01 1.43953981e+01 3.44304962e+01
    3.52180557e+01 1.86275902e+01 3.94107475e+01 1.24887352e+01
    3.59460678e+01 2.90046902e+01 2.18538113e+01 1.54885066e+00
    1.33539915e+01 2.66887321e+01 1.61181870e+01 3.84583397e+01
    3.65246964e+01 3.49226532e+01 3.64890938e+01 2.71743889e+01
    2.92159252e+01 3.80991096e+01 2.09527063e+00 1.37956591e+01
    1.75481091e+01 5.76209402e+00 3.41545410e+01 9.79630566e+00
    1.54717817e+01 1.45886316e+01 1.33781977e+01 1.49429131e+01
    3.93783989e+01 3.41376915e+01 3.35433197e+01 3.74435997e+01
    7.75871420e+00 3.68616180e+01 2.43257694e+01 1.45023489e+01
    3.77553062e+01 2.47606735e+01 2.55786572e+01 1.29049110e+01
    5.11905861e+00 3.31259766e+01 2.87835121e+00 1.43042631e+01
    9.69536304e+00 3.69920540e+01 1.36086998e+01 2.51904221e+01
    1.47734749e+00 2.55247612e+01 2.11080246e+01 2.84383869e+01
    1.35343895e+01 5.48778200e+00 5.14319038e+00 3.36722832e+01
    5.92099285e+00 1.67325344e+01 1.39952440e+01 3.56262856e+01
    3.79172478e+01 1.43465023e+01 2.40288410e+01 3.04109740e+00
    2.88616123e+01 2.84986668e+01 1.71946888e+01 2.20278969e+01
    3.74634399e+01 6.89656401e+00 7.77744627e+00 8.77387822e-01
    3.04600029e+01 2.46258183e+01 3.73300552e+01 2.98003006e+01
    1.62997856e+01 2.27263069e+01 1.49291468e+00 2.42579613e+01
    9.24185658e+00 3.12678585e+01 1.34610720e+01 1.38289270e+01
    3.32698746e+01 8.17970562e+00 2.22435875e+01 2.02704716e+01
    1.30191002e+01 1.99629002e+01 3.37600822e+01 3.01189747e+01
    3.17365513e+01 2.64449463e+01 1.63649693e+01 2.47195396e+01
    9.81548309e+00 4.82416821e+00 2.94958973e+01 1.55863504e+01
    2.50936260e+01 9.66885853e+00 3.25449657e+00 3.74182892e+01
    1.89376526e+01 2.11868916e+01 3.45138245e+01 3.33071327e+01
    3.83164227e-01 2.70410776e+00 1.18825569e+01 6.53266525e+00
    5.99667072e+00 3.62548523e+01 3.87371941e+01 1.96775703e+01
    3.67571801e-01 2.23064308e+01 1.89152222e+01 3.22010117e+01
    1.24852190e+01 2.68851776e+01 9.65149021e+00 6.27194262e+00
    3.32040672e+01 2.66230221e+01 2.83366280e+01 1.29914570e+01
    1.83478909e+01 3.05967369e+01 3.03058720e+01 1.10372467e+01
    1.95482826e+01 9.20700359e+00 3.81361313e+01 2.49898872e+01
    4.17665195e+00 1.12360029e+01 1.77332764e+01 2.33543015e+00
    2.87717590e+01 3.30985107e+01 1.20303879e+01 3.93269119e+01
    3.18315277e+01 1.65453587e+01 5.26475251e-01 3.66374707e+00
    1.35346785e+01 2.64197617e+01 1.82003441e+01 3.26753883e+01
    8.12571049e+00 3.56436844e+01 2.61944885e+01 3.76167822e+00
    6.77379322e+00 5.04025984e+00 2.68080616e+01 2.03497467e+01
    1.74176559e+01 2.79065437e+01 7.51330018e-01 1.31950636e+01
    2.03355484e+01 8.33527470e+00 2.99962378e+00 1.19253311e+01
    3.17806931e+01 9.78725147e+00 1.71708679e+01 2.91301990e+00
    3.14443760e+01 3.42457809e+01 6.22699070e+00 8.30218029e+00
    6.79947567e+00 2.29142895e+01 1.35583210e+00 3.70275192e+01
    1.97693958e+01 3.47366095e+00 2.43349342e+01 1.75122547e+01
    1.38885908e+01 1.88820648e+01 2.42359657e+01 1.88918381e+01
    6.39541197e+00 6.86180782e+00 1.18438792e+00 3.17085075e+01
    3.04142022e+00 6.65912437e+00 2.93687954e+01 1.14856701e+01
    3.29376144e+01 2.16661625e+01 3.25896740e+00 1.50887976e+01
    1.94347203e+00 2.26711693e+01 1.41261215e+01 2.87622337e+01
    3.42233162e+01 2.24122791e+01 3.11212215e+01 9.17412567e+00
    1.45916529e+01 1.25832647e-01 6.61316872e+00 3.53654599e+00
    3.13215923e+01 2.19191017e+01 2.63249130e+01 2.95969467e+01
    3.88757133e+01 2.94826927e+01 9.87097549e+00 1.64145222e+01
    2.28214097e+00 1.48823166e+00 3.44206085e+01 3.49306717e+01
    8.92296886e+00 1.86368256e+01 1.00306034e+01 5.07426643e+00
    3.28626595e+01 2.17382298e+01 2.19696674e+01 1.44028196e+01
    1.22882071e+01 5.55047798e+00 1.68811340e+01 1.04812412e+01
    1.11973877e+01 9.75521922e-01 1.86705780e+01 1.84326859e+01
    8.74091911e+00 3.39325752e+01 2.63122692e+01 2.15960293e+01
    1.13819513e+01 2.94432964e+01 3.25819707e+00 2.66993351e+01
    2.46363316e+01 1.33638783e+01 1.15050020e+01 3.85962067e+01
    2.65049458e+01 9.05411434e+00 2.58696003e+01 2.57493343e+01
    2.53696747e+01 3.30864792e+01 4.69240159e-01 3.23655739e+01
    3.87937622e+01 2.56660786e+01 2.85202484e+01 1.35069704e+01
    2.08401718e+01 1.28630352e+01 1.59406176e+01 2.89277096e+01
    1.08949203e+01 2.17808304e+01 1.24878683e+01 3.15899620e+01
    2.21782322e+01 1.32170687e+01 4.47743130e+00 3.31818504e+01
    1.53842392e+01 2.32889462e+00 2.29628849e+01 2.44944592e+01
    1.04686127e+01 3.42683601e+01 5.59357119e+00 3.75237350e+01
    1.77250710e+01 1.18792162e+01 2.10774841e+01 2.10676384e+01
    1.84731598e+01 1.49998684e+01 1.31394053e+00 1.53487043e+01
    3.71810417e+01 3.85107384e+01 2.98471889e+01 1.21837654e+01
    1.94384594e+01 1.48989115e+01 3.58104286e+01 2.43557816e+01
    2.48740559e+01 2.31382885e+01 3.15432930e+01 1.85047512e+01
    2.75524406e+01 3.11625690e+01 1.17779005e+00 1.99432030e+01
    2.22217579e+01 3.44396515e+01 2.12274437e+01 2.80562191e+01
    5.12345600e+00 2.43035049e+01 2.48343468e+01 7.01709461e+00
    3.82705231e+01 3.33837395e+01 3.56917191e+01 3.00444851e+01
    2.04983616e+01 2.63531666e+01 1.04059668e+01 2.14867764e+01
    1.66237125e+01 4.92914200e-01 2.27883778e+01 3.28100433e+01
    3.52561802e-01 1.60373859e+01 2.23586674e+01 3.92363930e+01
    1.07726288e+00 3.95537453e+01 3.20366592e+01 3.43049431e+01
    1.80149155e+01 3.29660835e+01 1.48856716e+01 2.96012058e+01
    4.38607693e+00 3.69885216e+01 3.04073391e+01 1.47209816e+01
    8.29654026e+00 3.27766762e+01 9.87292480e+00 3.42085719e+00
    4.45019197e+00 1.30686064e+01 3.79041290e+01 1.84058971e+01
    7.30627954e-01 2.95933666e+01 4.48712873e+00 3.10790634e+01
    2.97184181e+01 2.38678780e+01 1.57578325e+01 4.09418017e-01
    2.25412979e+01 3.19435902e+01 1.70525742e+01 2.43963337e+00
    3.72201080e+01 2.79245968e+01 7.54796076e+00 1.26607409e+01
    1.38859797e+01 1.13443136e+01 1.32262526e+01 2.16708889e+01
    1.47316828e+01 6.54256916e+00 1.41314268e+00 2.82497330e+01
    2.13958931e+01 1.14500256e+01 1.59957762e+01 2.67081337e+01
    1.13044786e+00 1.65869732e+01 4.21730614e+00 2.17044711e+00
    1.43896303e+01 1.90417919e+01 3.64753571e+01 3.34145889e+01
    2.51634312e+01 3.71408691e+01 2.12470074e+01 3.60328979e+01
    4.77223349e+00 3.71811295e+01 3.60810051e+01 2.26485291e+01
    1.05047579e+01 7.99261618e+00 3.73030877e+00 2.04528923e+01
    3.53352127e+01 2.04944668e+01 3.34123611e+01 2.53651314e+01
    1.57110834e+01 1.73446827e+01 1.41281776e+01 2.67169609e+01
    1.81101627e+01 3.87328453e+01 1.46803503e+01 3.53135610e+00
    8.19630051e+00 1.06572638e+01 1.11327877e+01 1.89557533e+01
    5.82944059e+00 5.90914059e+00 1.78404522e+01 2.13272953e+00
    1.52260189e+01 1.80372798e+00 3.39837303e+01 3.77036324e+01
    1.19261241e+00 3.25298538e+01 1.30906372e+01 2.70637245e+01
    3.43851256e+00 8.87374687e+00 1.81982670e+01 3.02769985e+01
    2.12201614e+01 3.33144875e+01 1.37116041e+01 1.77766228e+01
    2.85700016e+01 2.01592312e+01 2.36957798e+01 1.95546150e+01
    9.53773308e+00 3.83140221e+01 2.12235699e+01 3.42368622e+01
    1.34849825e+01 2.19485760e+01 2.59336910e+01 2.67181892e+01
    1.96759624e+01 2.02046833e+01 2.90776753e+00 1.72743607e+01
    2.32773933e+01 2.94908428e+01 3.62583847e+01 4.01256561e+00
    2.53964081e+01 3.01786919e+01 1.26770945e+01 7.40020466e+00
    3.73577080e+01 4.64699745e+00 3.70634575e+01 1.93119450e+01
    2.13668861e+01 3.48903275e+01 1.66704483e+01 2.10065479e+01
    3.54765053e+01 1.75656204e+01 2.59452591e+01 1.14746666e+01
    2.17297867e-01 3.47939796e+01 3.69236374e+01 1.68868122e+01
    4.18900061e+00 3.65341110e+01 2.42368526e+01 9.48719311e+00
    1.76628151e+01 3.63891487e+01 3.97199860e+01 7.41884995e+00
    1.81673203e+01 2.32905960e+01 2.55955296e+01 3.67567329e+01
    1.45724916e+01 2.37094116e+01 2.60600815e+01 9.43889427e+00
    2.61922626e+01 3.92124104e+00 7.51599646e+00 2.84993052e-01
    3.17751427e+01 4.39339590e+00 2.75365715e+01 2.98967571e+01
    4.97737122e+00 2.29936295e+01 2.41687889e+01 3.17952957e+01
    2.62739539e+00 3.79074669e+01 8.43479633e+00 3.53403320e+01
    2.90866432e+01 3.28452415e+01 3.53803368e+01 2.14261837e+01
    1.05894547e+01 2.33940744e+00 3.16255913e+01 5.57239962e+00
    3.90169067e+01 2.42262878e+01 3.90088272e+01 2.54625378e+01
    2.44834900e+01 2.61103363e+01 2.34014301e+01 3.76378517e+01
    6.38394296e-01 8.69214058e-01 2.68989601e+01 2.87416267e+01
    2.85549335e+01 1.74329967e+01 3.78579521e+01 2.22035751e+01
    3.23795462e+00 3.46558523e+00 4.62243509e+00 2.17410240e+01
    2.57907715e+01 3.49734840e+01 5.89513063e+00 8.47576320e-01
    1.24094181e+01 2.89998875e+01 3.25407906e+01 2.76614609e+01
    3.27901764e+01 3.95425835e+01 6.75761986e+00 3.04906139e+01
    3.80518646e+01 6.14990997e+00 7.88392687e+00 3.03336086e+01
    1.80844650e+01 4.42575359e+00 3.79311538e+00 7.11576939e+00
    2.79323521e+01 1.16865282e+01 3.92299919e+01 1.07683220e+01
    2.00768166e+01 3.91553497e+01 3.40830493e+00 1.56525002e+01
    2.18154836e+00 6.95911026e+00 1.12703466e+00 1.76856136e+00
    2.26253128e+01 2.24845009e+01 3.94682617e+01 1.62898216e+01
    1.68661296e+00 2.55552368e+01 3.28681526e+01 2.10400085e+01
    2.04607277e+01 1.39052372e+01 3.00574989e+01 4.86923409e+00
    1.64747829e+01 3.97220345e+01 1.08034143e+01 3.25367508e+01
    2.89051991e+01 4.23666430e+00 7.81879139e+00 1.90019569e+01
    9.09106922e+00 1.86986485e+01 3.18994198e+01 2.00379620e+01
    2.02302589e+01 2.11019726e+01 2.74297428e+00 3.29525137e+00
    2.29272461e+01 3.48502388e+01 3.96367836e+01 2.03916836e+01
    2.79298210e+01 3.76830711e+01 2.15580063e+01 3.94001846e+01
    4.56693459e+00 3.37036419e+00 1.42631865e+01 2.94189034e+01
    2.52457809e+01 1.24782686e+01 1.05930948e+00 2.47109604e+00
    3.15262556e+00 6.11527300e+00 2.85331631e+01 1.24146528e+01
    2.22553654e+01 3.89345474e+01 4.13071722e-01 1.82805901e+01
    2.90786667e+01 2.32243729e+01 3.62162552e+01 2.60077267e+01
    1.65939655e+01 2.52895184e+01 1.52775984e+01 7.13561344e+00
    1.12481709e+01 3.10730591e+01 3.35473609e+00 3.30301499e+00
    7.43890524e+00 1.77175884e+01 1.35973024e+01 1.62861290e+01
    3.14031582e+01 3.08060322e+01 1.89681187e+01 1.78139324e+01
    2.20169964e+01 3.28456039e+01 2.52612286e+01 1.98899136e+01
    3.50778694e+01 3.70441933e+01 2.91445789e+01 9.79868317e+00
    3.55487022e+01 5.07931423e+00 1.71385822e+01 2.34708538e+01
    1.36633110e+01 1.08702049e+01 6.31207514e+00 1.48071508e+01
    2.55283117e+00 3.75153465e+01 3.50914688e+01 4.41365480e+00
    3.52446747e+01 2.98518600e+01 2.15950165e+01 1.36962528e+01
    3.12910461e+01 1.69516392e+01 2.77858982e+01 3.95449181e+01
    4.39060736e+00 8.32296371e+00 9.37511444e+00 2.94634056e+01
    5.93161201e+00 3.64786034e+01 2.84651356e+01 1.39928353e+00
    3.30790215e+01 2.59049015e+01 2.73665428e+01 1.11252534e+00
    8.77018642e+00 6.24463320e+00 2.91058407e+01 3.68078842e+01
    3.38572655e+01 1.42680347e+00 2.98613758e+01 1.73245697e+01
    9.22780323e+00 2.25734367e+01 1.51714821e+01 1.96300602e+01
    2.68424263e+01 2.74579167e+00 2.26501884e+01 1.72308559e+01
    5.78473806e+00 1.67011261e+01 2.62372303e+01 2.64720478e+01
    4.90905190e+00 2.46945553e+01 6.07794762e+00 1.56151571e+01
    8.08815300e-01 2.71850395e+01 2.82882881e+01 3.51467788e-01
    2.36900578e+01 2.31929493e+01 1.50677633e+01 3.74541092e+01
    3.20275612e+01 1.86234417e+01 1.74814262e+01 3.02820835e+01
    2.43462920e+00 1.35768089e+01 3.91558075e+01 1.93328724e+01
    3.52237701e+01 2.37089276e+00 2.57914543e+01 3.54936562e+01
    3.21645622e+01 1.12755375e+01 3.21640511e+01 3.22967834e+01
    2.01174355e+01 2.30249157e+01 3.05126476e+01 2.01883278e+01
    2.57305832e+01 1.82882175e+01 4.62717676e+00 1.48565245e+01
    3.41868553e+01 3.31736832e+01 1.08721695e+01 4.70900014e-02
    6.25936651e+00 1.41723976e+01 1.79146862e+01 2.67391777e+01
    1.60657558e+01 4.25637150e+00 2.27127991e+01 3.55448875e+01
    8.48967838e+00 1.40724154e+01 2.25405083e+01 1.06944599e+01
    3.16891789e+00 1.09055634e+01 8.05038071e+00 7.33233643e+00
    3.86098480e+01 3.15337429e+01 9.20467377e+00 3.75160484e+01
    8.77875996e+00 2.48176918e+01 2.17833185e+00 3.35231400e+01
    8.13227177e+00 2.87797489e+01 1.92540321e+01 1.30254412e+01
    3.43748703e+01 7.92048597e+00 3.90911560e+01 2.06106205e+01
    1.62219601e+01 1.74716301e+01 2.32022929e+00 8.54552174e+00
    2.78360615e+01 1.84946251e+01 1.98537807e+01 3.93349419e+01
    1.58555012e+01 3.46168098e+01 2.25264215e+00 2.65251465e+01
    2.06846714e+01 2.04306335e+01 2.97176056e+01 2.10506988e+00
    1.49071455e+00 3.21401291e+01 4.50277424e+00 2.34443073e+01
    8.54309654e+00 1.20018473e+01 2.07649574e+01 4.23557901e+00
    1.86674690e+01 3.77553406e+01 2.64191856e+01 3.08643818e+01
    6.07430124e+00 1.28796329e+01 6.65753698e+00 3.33104820e+01
    2.71208057e+01 3.79425392e+01 9.05161858e-01 3.12059498e+01
    2.65747719e+01 2.43842564e+01 4.84890079e+00 1.15769017e+00
    3.38587151e+01 1.88185291e+01 3.43717232e+01 1.40345287e+01
    1.27026749e+01 6.66881084e+00 4.13333607e+00 3.64712286e+00
    4.53153133e+00 2.74462700e+01 9.41581249e+00 2.86939549e+00
    1.21444874e+01 3.29787254e+01 5.09227800e+00 1.08482924e+01
    1.59700994e+01 8.47821999e+00 2.25609837e+01 3.18648934e-01
    3.43903236e+01 2.84976311e+01 1.19646330e+01 6.70237482e-01
    7.42029953e+00 1.83128281e+01 4.93117523e+00 1.01942940e+01
    3.92901726e+01 2.92599106e+01 8.74820042e+00 1.73926373e+01
    2.71245651e+01 2.76224880e+01 3.68466225e+01 1.65517921e+01
    2.17373705e+00 2.10035648e+01 2.70418720e+01 3.65546761e+01
    1.31292543e+01 3.00163307e+01 1.74628210e+00 2.70424442e+01
    7.81861496e+00 3.16119709e+01 3.56545029e+01 1.06950607e+01
    1.46603451e+01 3.61622887e+01 1.72780151e+01 3.57969856e+01
    9.96782589e+00 2.55861111e+01 1.93370438e+01 1.55655088e+01
    3.47974586e+01 2.47569313e+01 1.03407907e+01 2.63946419e+01
    5.34326458e+00 1.96495171e+01 3.91776276e+01 8.95296383e+00
    4.53074217e+00 7.31931782e+00 5.08184612e-01 1.15768909e+00
    3.19228516e+01 3.69221649e+01 2.43088875e+01 7.17905235e+00
    3.96361008e+01 2.56043053e+01 4.76410961e+00 3.35781212e+01
    2.57875767e+01 3.37520003e+00 2.88663445e+01 2.46016312e+01
    2.95242615e+01 3.19779434e+01 1.31786423e+01 3.87303772e+01
    3.25114555e+01 1.60137959e+01 2.58186646e+01 6.50183725e+00
    5.21933031e+00 3.86301517e+00 3.77930679e+01 6.89593840e+00
    2.23618908e+01 2.10900421e+01 1.16364946e+01 6.48069525e+00
    1.86801090e+01 2.35718536e+01 2.26047540e+00 3.09394493e+01
    1.97263479e+00 2.06944447e+01 3.47278023e+01 9.87497616e+00
    1.83401310e+00 3.08021641e+00 7.33507276e-01 2.05928974e+01
    3.33446922e+01 9.95429218e-01 2.96361504e+01 7.52028418e+00
    3.43938866e+01 1.14015017e+01 2.62844658e+00 3.58253670e+00
    3.53354378e+01 1.04811335e+01 1.96745567e+01 1.46197872e+01
    3.45772552e+01 1.27118750e+01 3.38546486e+01 6.10806561e+00
    3.13219013e+01 3.64537582e+01 3.03611774e+01 2.48338737e+01
    2.51799164e+01 3.00545444e+01 1.60168254e+00 3.88472443e+01
    1.68185883e+01 3.53662682e+01 1.70236797e+01 3.33256073e+01
    6.69029903e+00 2.31215420e+01 1.82811432e+01 1.35454025e+01
    8.13397980e+00 6.47543430e+00 3.10074787e+01 2.95441284e+01
    2.14257755e+01 1.47667456e+01 1.28836842e+01 1.35083284e+01
    5.33669806e+00 1.17701340e+01 2.84177132e+01 3.78566589e+01
    1.51497202e+01 3.79624748e+01 3.56013107e+01 4.20344496e+00
    1.12120190e+01 8.45134830e+00 1.29684896e+01 3.72267303e+01
    7.06774521e+00 5.86922789e+00 1.22456264e+01 9.82434940e+00
    5.93631983e+00 1.61416931e+01 2.64621544e+00 1.52403269e+01
    2.88846378e+01 1.08605957e+00 2.60598621e+01 2.16308784e+00
    2.06916733e+01 2.72975464e+01 2.63686790e+01 2.78358479e+01
    6.83970213e+00 3.40316086e+01 1.19960022e+01 1.91657982e+01
    2.28292313e+01 1.67445689e-01 2.85497646e+01 2.20231152e+01
    2.27096920e+01 3.53032455e+01 3.74406509e+01 7.89583540e+00
    2.30940533e+01 1.47511683e+01 3.09127808e+00 9.15081215e+00
    1.97332458e+01 2.14844246e+01 1.73982487e+01 2.00048184e+00
    1.91627483e+01 1.35595264e+01 3.90815759e+00 3.30699196e+01
    3.82121468e+00 1.42167931e+01 3.89800644e+01 1.58272133e+01
    3.74124855e-01 3.43370018e+01 2.86603165e+00 2.68695374e+01
    2.63591805e+01 3.82963600e+01 3.04994917e+00 1.76034164e+01
    6.19354174e-02 2.70883961e+01 1.19498959e+01 3.02723579e+01
    1.41874361e+01 2.53247719e+01 3.66348572e+01 2.96028614e+01
    2.17235889e+01 2.90123487e+00 2.51854115e+01 2.85463505e+01
    5.73260260e+00 1.00602043e+00 3.38180656e+01 2.07915802e+01
    1.53196402e+01 3.52350450e+00 4.41210389e-01 3.89232788e+01
    2.62135577e+00 6.09766436e+00 2.14662800e+01 2.00865822e+01
    3.53893876e+00 1.99657774e+00 2.14993548e+00 1.34994478e+01
    3.47415962e+01 3.77102928e+01 3.88485641e+01 1.61993580e+01
    3.76270180e+01 1.50069122e+01 3.74896431e+01 2.78597355e+01
    2.88356667e+01 2.21875801e+01 3.21204376e+01 1.35573797e+01
    1.28513498e+01 7.76464939e+00 3.57893677e+01 1.20969877e+01
    6.64612103e+00 1.78091049e+01 2.68876190e+01 1.98183689e+01
    3.76475182e+01 1.78202629e+00 1.72165728e+00 2.62836914e+01
    5.15597248e+00 5.51471043e+00 1.06468544e+01 1.98267403e+01
    2.29818554e+01 1.41746550e+01 1.61532795e+00 4.41093636e+00
    3.27163658e+01 3.48208656e+01 1.11423340e+01 7.92811298e+00
    3.90690384e+01 1.21256628e+01 1.28000879e+01 1.56466446e+01
    1.05111341e+01 2.11462479e+01 7.55098104e+00 3.26800499e+01
    2.46370029e+01 3.90600357e+01 1.79893112e+01 2.11676006e+01
    1.05746584e+01 1.60393581e+01 3.40042877e+01 3.80014114e+01
    2.39043331e+01 1.28932133e+01 3.99185681e+00 1.40590525e+00
    1.55738297e+01 2.90820236e+01 2.34952965e+01 2.49979401e+01
    1.64018953e+00 2.21333504e+01 1.96420002e+01 1.32062130e+01
    1.06823288e-01 2.15189133e+01 3.01064987e+01 2.59354401e+01
    2.43722916e+01 2.08397217e+01 3.92082558e+01 2.57032642e+01
    2.41653366e+01 3.32718544e+01 2.57564354e+01 3.57032127e+01
    8.02934265e+00 1.69796181e+01 1.82405014e+01 1.78563232e+01
    5.97130919e+00 2.67071896e+01 1.38286457e+01 3.37106171e+01
    2.75350456e+01 3.00191517e+01 1.09189663e+01 2.64502931e+00
    3.42689872e+00 1.34382524e+01 1.61792431e+01 8.80036068e+00
    3.22688904e+01 3.85510039e+00 7.97115660e+00 2.20613194e+01
    1.53119860e+01 2.92904072e+01 3.72746735e+01 3.27103767e+01
    8.86811161e+00 1.31776552e+01 1.74308243e+01 3.91545963e+00
    2.73342438e+01 1.70311985e+01 3.13541813e+01 1.07864628e+01
    2.55338039e+01 1.01060381e+01 3.14333782e+01 1.23776560e+01
    1.15448771e+01 3.05041924e+01 8.71661067e-01 3.02491322e+01
    3.39906120e+00 1.37635403e+01 1.95855546e+00 1.29663095e+01
    3.89060326e+01 3.13123837e+01 2.35121708e+01 1.49586182e+01
    1.65783615e+01 8.03641260e-01 2.02314873e+01 1.20285778e+01
    2.84299297e+01 6.68306732e+00 2.10322037e+01 1.93600636e+01
    2.16913586e+01 3.49771461e+01 2.42026544e+00 2.28620491e+01
    2.48364925e+01 3.25277638e+00 8.62682152e+00 3.94496651e+01
    2.78667984e+01 1.01872049e-01 1.23008289e+01 2.44164715e+01
    1.08976221e+01 1.87296829e+01 3.29975739e+01 1.01556339e+01
    3.36405258e+01 8.52392769e+00 1.94244976e+01 2.53082085e+01
    5.59291458e+00 2.11186619e+01 2.04772377e+00 1.41755924e+01
    3.51734390e+01 1.85077858e+01 4.40434647e+00 9.48560810e+00
    1.10634117e+01 1.64364243e+01 1.02284431e+01 2.96349931e+00
    1.35313044e+01 3.79098396e+01 1.29129124e+01 2.76510162e+01
    9.77488613e+00 3.02283592e+01 1.76627426e+01 1.25227203e+01
    2.57854557e+01 3.27140260e+00 2.38421726e+01 8.28258419e+00
    3.44269824e+00 3.42022705e+01 3.42092438e+01 3.89688835e+01
    1.31866970e+01 3.41804466e+01 1.58056390e+00 1.05644445e+01
    3.18649979e+01 2.43627090e+01 7.41803074e+00 1.75089436e+01
    1.64275150e+01 1.85393276e+01 2.44997616e+01 2.72970562e+01
    9.93055248e+00 2.19697075e+01 2.46858311e+01 2.20155678e+01
    2.64500961e+01 2.78653278e+01 3.24042702e+01 3.08015704e+00
    2.03659554e+01 3.02362309e+01 3.11062508e+01 1.59078836e+01
    2.29851208e+01 6.64674616e+00 2.72298908e+01 8.13337994e+00
    8.38354015e+00 1.98248634e+01 7.30452776e+00 3.57560120e+01
    2.94120979e+01 2.07582307e+00 2.20732079e+01 1.83196259e+00
    3.29569130e+01 2.96541023e+01 1.08600264e+01 1.86535835e+01
    3.96657104e+01 3.17578850e+01 2.50175610e+01 1.07008467e+01
    1.40678368e+01 1.54655809e+01 1.87217579e+01 1.33524961e+01
    7.36445332e+00 5.15990305e+00 1.70306911e+01 2.21939545e+01
    1.92629414e+01 8.99268055e+00 1.23026018e+01 2.21527462e+01
    1.10068464e+00 2.43027191e+01 2.22074604e+01 3.64273911e+01
    6.98826456e+00 9.05395508e+00 3.01112485e+00 3.11841145e+01
    2.53902702e+01 2.92919564e+00 1.40128727e+01 3.17732124e+01
    1.39369154e+01 7.62070417e+00 2.45698166e+01 2.99655476e+01
    2.09055214e+01 1.10231667e+01 6.23306799e+00 2.87852974e+01
    1.33142157e+01 2.92646694e+01 2.56447372e+01 1.13091640e+01
    1.03032427e+01 1.67746658e+01 2.18495789e+01 1.30942183e+01
    2.69660416e+01 3.16645489e+01 4.96544361e+00 5.30650854e+00
    1.49327660e+00 1.83527508e+01 8.13739109e+00 3.66150055e+01
    3.64872050e+00 2.44582691e+01 3.61205792e+00 4.08397627e+00
    2.24797974e+01 2.67442536e+00 1.63299236e+01 1.35507736e+01
    2.99323959e+01 1.60260563e+01 4.63915491e+00 3.41153030e+01
    4.70060921e+00 3.13447266e+01 1.66741199e+01 2.50654716e+01
    3.89195061e+01 1.77311916e+01 2.07152438e+00 3.02428675e+00
    3.10461235e+00 1.79798546e+01 1.90423584e+01 1.21596727e+01
    2.34448028e+00 3.34838486e+01 1.83616276e+01 3.92577171e+01
    2.56268167e+00 1.44811640e+01 2.69702415e+01 3.68944359e+01
    2.68075066e+01 2.12381554e+01 2.03937130e+01 3.01485577e+01
    3.21305122e+01 1.49883308e+01 1.70584488e+01 5.60776567e+00
    2.90213394e+01 1.78517234e+00 2.83939724e+01 2.52735653e+01
    2.59866905e+01 2.49004769e+00 1.93745422e+01 3.16786385e+01
    2.84995632e+01 1.71903324e+01 1.77670231e+01 2.93048782e+01
    2.70479145e+01 2.27272773e+00 1.39022744e+00 3.68382874e+01
    1.29972851e+00 2.19620304e+01 3.27548838e+00 3.45220337e+01
    3.70338593e+01 2.59484043e+01 1.63318310e+01 8.17229450e-01
    6.82117319e+00 2.25303001e+01 2.64520741e+01 3.54137306e+01
    2.40462322e+01 3.90142555e+01 1.32224808e+01 3.75138245e+01
    2.24206352e+01 7.92063379e+00 2.23738308e+01 6.24325228e+00
    2.69373341e+01 2.02140665e+00 3.89582176e+01 3.74845963e+01
    3.67995987e+01 2.50281525e+01 1.54902363e+00 2.43098450e+01
    3.82167435e+01 3.62601700e+01 1.31855497e+01 1.59752533e-01
    3.30135612e+01 4.56607008e+00 3.79581261e+00 8.10152912e+00
    1.12677727e+01 9.56377697e+00 1.93569696e+00 3.37756271e+01
    2.98425255e+01 4.17769051e+00 9.90290356e+00 3.36969833e+01
    1.70417519e+01 1.56029081e+01 2.66601086e+01 4.14314032e+00
    1.32385902e+01 2.90553513e+01 2.97035336e+00 1.59660873e+01
    2.25714207e+00 1.43430099e+01 3.60747032e+01 2.21319618e+01
    1.88322430e+01 3.53283119e+01 6.65173006e+00 1.86873665e+01
    1.67080326e+01 8.34806919e+00 1.62313187e+00 5.37659931e+00
    1.30189962e+01 3.29345398e+01 2.50631046e+00 2.63165646e+01
    3.17320213e+01 2.23302059e+01 6.02769756e+00 3.85716667e+01
    1.73650551e+01 1.29396772e+01 1.07985878e+01 3.22928123e+01
    3.69336433e+01 1.39945898e+01 1.76890335e+01 1.44658279e+01
    1.72638607e+01 1.84147911e+01 3.04206867e+01 2.94258881e+00
    3.33318367e+01 8.86102772e+00 1.08013887e+01 2.25418186e+01
    2.51222878e+01 1.23375006e+01 9.75402164e+00 9.90061951e+00
    1.17787008e+01 3.50454178e+01 8.72323990e+00 2.28726177e+01
    2.94073448e+01 1.56355782e+01 2.53814507e+01 6.31889629e+00
    4.04389763e+00 9.89163494e+00 1.25497484e+01 1.84437752e+00
    3.13030033e+01 2.05867596e+01 5.21486473e+00 1.21299047e+01
    2.47049675e+01 3.58154373e+01 3.39278908e+01 1.56626625e+01
    2.66095219e+01 5.53918839e+00 7.81454468e+00 3.68750954e+00
    3.57798119e+01 3.59335823e+01 2.01363525e+01 3.21801262e+01
    1.67635708e+01 8.92286599e-01 7.53827190e+00 2.54122868e+01
    2.18161411e+01 1.72738767e+00 2.61198788e+01 1.43592873e+01
    6.95460081e+00 2.32378483e+01 1.08052087e+00 3.75879631e+01
    1.35839157e+01 3.82746506e+01 2.93522396e+01 1.25517583e+00
    3.30021248e+01 6.58745718e+00 2.27165585e+01 5.33546591e+00
    1.60392838e+01 3.81692734e+01 3.75693846e+00 1.69724178e+01
    2.14088917e+01 2.81621532e+01 3.77919083e+01 2.08349800e+01
    1.94231415e+01 3.15982800e+01 3.90171838e+00 1.81477356e+01
    2.14051399e+01 1.74985809e+01 3.33938637e+01 2.57829170e+01
    3.69872246e+01 1.88456478e+01 5.64202726e-01 1.90644951e+01
    1.08044262e+01 3.42335243e+01 1.60627708e+01 7.36343908e+00
    2.81122475e+01 1.39859400e+01 3.02166595e+01 1.40072231e+01
    2.81546917e+01 5.80380249e+00 1.82795067e+01 2.20882378e+01
    3.07102146e+01 2.61728430e+00 2.98508620e+00 3.69730186e+01
    1.92203331e+01 1.18575592e+01 3.72005768e+01 9.73542404e+00
    2.25543842e+01 3.77698555e+01 2.31349621e+01 2.17269287e+01
    6.64610958e+00 2.36801586e+01 2.26049824e+01 3.22006416e+01
    8.69442272e+00 1.19157753e+01 2.76576653e+01 4.67605972e+00
    1.23819828e+01 3.17715912e+01 1.25514908e+01 1.64506003e-01
    2.18789310e+01 2.00694695e+01 1.42184172e+01 7.99358749e+00
    1.10688515e+01 3.40079536e+01 2.45620370e+00 1.92814064e+01
    1.91184883e+01 1.64200630e+01 3.90760651e+01 1.43619766e+01
    1.50028789e+00 1.66070309e+01 1.17442408e+01 1.93347149e+01
    7.52112961e+00 1.24256535e+01 2.98117561e+01 3.72585411e+01
    1.55468102e+01 3.49106483e+01 2.46113348e+00 1.87707214e+01
    1.93084412e+01 3.49689178e+01 2.75685101e+01 1.58638849e+01
    2.12288818e+01 9.35575581e+00 3.15390854e+01 3.86811256e+01
    3.08182144e+01 3.55492210e+01 1.70645161e+01 1.50316601e+01
    2.93967991e+01 1.20671692e+01 2.46472244e+01 1.40795708e+01
    1.98853493e+01 2.19770575e+00 1.53751898e+01 2.48826962e+01
    1.88061981e+01 5.51443052e+00 5.46435499e+00 1.61492169e+00
    3.29136467e+01 2.31491222e+01 1.96144314e+01 8.87475586e+00
    2.77842712e+01 2.30630302e+01 3.15064392e+01 3.20532646e+01
    1.89138756e+01 2.20987949e+01 6.56433773e+00 1.68539982e+01
    2.67664757e+01 1.84491501e+01 5.40711546e+00 2.53777657e+01
    1.45736856e+01 2.64206543e+01 1.10495033e+01 3.77662773e+01
    7.08855581e+00 3.47910728e+01 1.26131306e+01 3.10478325e+01
    2.65183353e+01 1.70241623e+01 3.27666702e+01 3.10455532e+01
    3.45608902e+01 1.63103142e+01 1.81067219e+01 3.77247276e+01
    1.26139507e+01 2.95483303e+01 2.65899830e+01 1.85470066e+01
    9.53524399e+00 3.91702801e-01 4.33195591e+00 2.83928032e+01
    6.75562978e-01 1.79310532e+01 2.79003239e+01 2.33813114e+01
    2.65278225e+01 3.24703712e+01 4.15224171e+00 7.05991411e+00
    2.02646732e+01 6.70706463e+00 1.87242928e+01 4.82803249e+00
    6.90088797e+00 3.66077538e+01 2.05188236e+01 3.68072014e+01
    4.82045603e+00 1.12250719e+01 3.59620285e+01 3.75707893e+01
    5.19901085e+00 3.25609589e+01 1.69129391e+01 1.44894266e+01
    1.12944145e+01 2.93136158e+01 1.62554302e+01 1.30936110e+00
    3.49702382e+00 1.11932716e+01 2.99627895e+01 2.21766777e+01
    1.46822176e+01 1.37148447e+01 9.07329559e+00 2.03529820e-01
    2.87540817e+01 3.71922760e+01 1.71628456e+01 5.83160734e+00
    3.72132568e+01 9.50323963e+00 2.85096779e+01 3.19616747e+00
    8.25912952e+00 9.68842411e+00 9.47021186e-01 1.73522835e+01
    3.89930611e+01 1.96246204e+01 2.95355167e+01 1.04334488e+01
    2.03464928e+01 2.15957794e+01 2.79202499e+01 1.29384241e+01
    3.82324142e+01 1.81266403e+01 2.28543110e+01 1.03889475e+01
    2.70264702e+01 1.88280582e+01 3.07755680e+01 2.04444885e+01
    1.39590397e+01 8.03752899e+00 2.61811485e+01 3.06620426e+01
    3.70513191e+01 3.64473343e+01 3.32505646e+01 1.65321159e+01
    1.28632565e+01 1.75349844e+00 4.39740229e+00 3.60954475e+01
    1.60398235e+01 1.97317371e+01 3.94862862e+01 3.31306458e+01
    3.94508705e+01 3.11496887e+01 2.16956978e+01 2.39752941e+01
    1.31207585e+00 3.65231361e+01 3.08526516e+01 1.42007744e+00
    8.17096233e+00 3.33110952e+00 3.43976402e+01 9.54480743e+00
    2.35853214e+01 5.65614414e+00 1.24968777e+01 2.70356808e+01
    2.81282082e+01 4.51628399e+00 7.95895529e+00 2.41745129e+01
    4.73671818e+00 1.21075411e+01 3.78601227e+01 3.44784508e+01
    1.99222679e+01 1.88469639e+01 3.93871841e+01 1.37511606e+01
    2.86115055e+01 3.46915550e+01 2.00231419e+01 3.84282494e+01
    3.15670643e+01 1.42583961e+01 1.87277355e+01 3.91050453e+01
    1.32649159e+00 2.57885532e+01 4.02185380e-01 7.29710519e-01
    8.22823334e+00 3.02387257e+01 4.28854793e-01 2.13331394e+01
    3.60477753e+01 3.86967010e+01 1.72146568e+01 1.70348625e+01
    1.81405334e+01 2.90237522e+01 2.83198586e+01 2.65463409e+01
    2.55856590e+01 3.41147804e+01 3.73114967e+01 1.77611866e+01
    4.95958662e+00 1.25151644e+01 2.86500740e+00 3.83108635e+01
    1.36748533e+01 3.18179913e+01 3.91088448e+01 3.64020119e+01
    2.97057476e+01 2.05255814e+01 1.28221357e+00 2.82940388e+01
    8.15870667e+00 3.55528488e+01 2.09622421e+01 2.05364132e+01
    1.41405935e+01 3.50136681e+01 3.21970673e+01 6.26625919e+00
    8.86214924e+00 1.93911304e+01 2.17786999e+01 6.53359270e+00
    2.98668289e+01 1.47927933e+01 3.89723053e+01 1.71463718e+01
    1.19312401e+01 5.93011093e+00 3.81761703e+01 3.79374046e+01
    3.08496704e+01 3.46984243e+00 3.90941544e+01 3.06377506e+00
    2.70494652e+01 5.00886774e+00 2.16735096e+01 2.03082638e+01
    3.28709831e+01 3.05096188e+01 2.47809467e+01 2.34333992e+01
    7.11075068e+00 9.28528500e+00 1.54022074e+01 2.64520454e+01
    1.74272480e+01 3.59584732e+01 1.85795174e+01 1.41731586e+01
    1.43553944e+01 9.75310802e+00 1.56730146e+01 2.56999836e+01
    3.47573967e+01 2.19540672e+01 3.35394669e+01 3.78441467e+01
    8.10559845e+00 1.40901146e+01 1.01327038e+01 1.69248142e+01
    8.62234592e+00 2.97309494e+01 1.01562328e+01 1.52886305e+01
    2.09846134e+01 3.00892830e+01 1.87061443e+01 2.45187969e+01
    1.56706095e+00 2.89602489e+01 2.73261662e+01 3.61675491e+01
    2.09750290e+01 7.02413082e+00 3.33682327e+01 3.31579285e+01
    3.22792149e+00 2.20567818e+01 3.42923851e+01 1.02066069e+01
    2.36192375e-01 1.45578175e+01 2.21614528e+00 3.94400749e+01
    1.81975117e+01 3.63078384e+01 7.82166243e+00 2.02793522e+01
    1.91063347e+01 3.60196037e+01 1.54008379e+01 3.56144810e+00
    3.86744308e+01 1.36500673e+01 2.41989288e+01 1.36622906e+01
    2.29750996e+01 2.10089397e+01 2.85765247e+01 3.18846645e+01
    1.41805859e+01 5.78784561e+00 2.03067589e+01 1.33076944e+01
    2.24475136e+01 2.85861435e+01 3.75365448e+01 3.31128387e+01
    2.46174870e+01 2.21708336e+01 7.05779552e+00 1.73344097e+01
    1.88681889e+01 3.14229336e+01 2.02721310e+01 1.06043625e+01
    1.15487032e+01 1.59152794e+01 3.78014679e+01 2.99887295e+01
    1.52957926e+01 1.98054218e+01 3.56537094e+01 3.62925415e+01
    4.36328363e+00 2.46329517e+01 2.99950428e+01 7.08822823e+00
    8.30614185e+00 2.06362343e+01 8.01537800e+00 8.14479351e+00
    2.00265598e+01 9.90077686e+00 2.80790310e+01 2.74285927e+01
    3.84693527e+00 3.78494148e+01 3.53363686e+01 6.63220346e-01
    1.71965904e+01 3.73192062e+01 4.43532133e+00 5.11058092e-01
    1.09892673e+01 2.32129269e+01 2.62774448e+01 1.14724140e+01
    3.47354393e+01 3.91618872e+00 2.32840710e+01 2.49455566e+01
    3.68264160e+01 2.81449032e+01 3.90529289e+01 5.86036348e+00
    2.25173645e+01 1.64740143e+01 2.36904087e+01 3.33790665e+01
    3.41852264e+01 1.31090117e+01 1.37787666e+01 7.10894203e+00
    2.09640884e+01 8.96691036e+00 3.37168350e+01 1.01268978e+01
    3.93446770e+01 1.95677261e+01 3.29236870e+01 9.72302532e+00
    1.21903002e+00 3.35878906e+01 3.47191238e+00 2.18435116e+01
    2.42868595e+01 1.62169762e+01 7.89025259e+00 3.72980232e+01
    1.55441308e+00 9.81343174e+00 8.75000191e+00 1.41510916e+01
    1.93826270e+00 3.55205345e+00 3.35913010e+01 6.16077852e+00
    5.80534697e+00 2.65055866e+01 1.66583099e+01 2.71372910e+01
    2.27638664e+01 2.66444588e+01 1.92457733e+01 3.42393684e+01
    2.74058018e+01 2.19848137e+01 1.49627123e+01 6.29494607e-01
    1.66780548e+01 2.02775059e+01 2.17832470e+01 1.83468513e+01
    1.95823538e+00 1.85326729e+01 2.76837959e+01 2.33241820e+00
    1.73039341e+01 9.48668385e+00 3.30393257e+01 3.38642044e+01
    6.46003151e+00 7.56910896e+00 1.58230934e+01 3.63428497e+01
    3.36298790e+01 1.76454830e+01 2.07167873e+01 1.13803329e+01
    6.06191397e+00 3.69132652e+01 2.36093693e+01 3.39744568e+01
    8.62156296e+00 1.05098257e+01 6.38485098e+00 2.82006321e+01
    2.85118809e+01 3.28033981e+01 2.62667961e+01 1.59729424e+01
    3.33519440e+01 3.65671706e+00 6.12711859e+00 1.23875093e+01
    3.37516308e+00 2.84604225e+01 8.87549782e+00 1.17276850e+01
    1.14271221e+01 2.38340111e+01 2.40977955e+00 1.18794537e+01
    4.00040030e-01 7.81290150e+00 4.92840707e-01 2.10573177e+01
    1.27144508e+01 1.46968746e+01 3.85358047e+01 3.17543736e+01
    8.96398163e+00 2.52817822e+01 1.33534632e+01 2.53537464e+01
    3.87665977e+01 1.26651525e+01 5.93351555e+00 3.15655766e+01
    2.99293995e+01 2.95717788e+00 6.79959536e+00 3.68175545e+01
    8.11431313e+00 2.40772209e+01 7.05931377e+00 1.36553116e+01
    8.94605350e+00 3.39245529e+01 3.60261803e+01 1.11683130e+01
    2.65683575e+01 2.34455185e+01 1.73018980e+00 1.00064516e+01
    7.92976665e+00 1.18967562e+01 1.43284397e+01 3.36620140e+01
    1.40801554e+01 1.31571066e+00 7.07451057e+00 2.56735668e+01
    2.36507111e+01 7.55559397e+00 1.70643787e+01 3.69565468e+01
    6.08333921e+00 2.20401039e+01 3.38765030e+01 9.81750393e+00
    3.16059093e+01 3.68728638e+01 2.43725853e+01 3.76401520e+01
    3.49822769e+01 5.80071115e+00 3.03320265e+00 1.83976955e+01
    9.75693130e+00 2.46097908e+01 2.33863525e+01 1.89940166e+01
    2.61637592e+01 1.31462631e+01 7.02697563e+00 1.65829124e+01
    2.38449554e+01 2.92038784e+01 8.14235270e-01 1.30911093e+01
    3.01329098e+01 2.60955391e+01 3.74994779e+00 2.47869568e+01
    1.34198866e+01 2.61119881e+01 3.05834599e+01 1.52974758e+01
    2.36432304e+01 5.27089760e-02 2.42831516e+01 8.46577644e+00
    2.27410851e+01 1.07557478e+01 2.46039734e+01 1.04846983e+01
    1.19733362e+01 1.59551525e+01 3.08122692e+01 3.14533806e+01
    1.95817432e+01 2.43505478e+01 2.16842537e+01 2.51880676e-01
    3.73962135e+01 8.52345181e+00 3.69121284e+01 3.46910248e+01
    2.55368385e+01 3.02718201e+01 1.02940826e+01 9.50662613e+00
    1.37308073e+01 1.36245365e+01 3.70721321e+01 2.70943966e+01
    2.52874317e+01 2.58879375e+01 9.08701229e+00 5.16739845e+00
    1.41074705e+01 2.31466942e+01 6.57226992e+00 6.51732016e+00
    2.25946560e+01 3.35110054e+01 7.55206299e+00 1.60312489e-01
    2.69363842e+01 1.51473194e-01 3.09591331e+01 1.29071941e+01
    1.52027845e+01 5.33302784e+00 3.64162636e+01 3.60536537e+01
    3.93370094e+01 6.60798359e+00 2.52606831e+01 1.92523324e+00
    3.26850700e+01 5.22364569e+00 2.14857693e+01 3.40009956e+01
    5.55973721e+00 3.86366043e+01 2.72147865e+01 2.59289169e+01
    8.91705036e+00 1.80744057e+01 2.55946808e+01 2.31196957e+01
    1.41853781e+01 1.37821789e+01 2.88980103e+01 2.57278767e+01
    3.20148544e+01 2.13853168e+01 3.70142632e+01 1.15153246e+01
    2.61243496e+01 2.73403473e+01 2.15595608e+01 3.07948208e+01
    1.53126068e+01 3.18362350e+01 8.01217651e+00 3.56820755e+01
    3.49048119e+01 2.12262363e+01 3.39927216e+01 1.16532812e+01
    3.73721313e+01 1.15918779e+01 1.70054264e+01 3.31287117e+01
    3.23346634e+01 2.87008214e+00 1.95015564e+01 1.72919617e+01
    2.66828537e+01 3.04383163e+01 2.88871746e+01 2.56290836e+01
    3.59439964e+01 1.19309959e+01 2.98252449e+01 1.48791027e+01
    1.10125694e+01 3.86497231e+01 2.04211845e+01 9.93607807e+00
    3.92367477e+01 2.51845226e+01 2.26953888e+01 8.78705025e+00
    3.50783081e+01 3.50689163e+01 2.40503082e+01 4.87589359e+00
    3.81851196e+01 4.16775227e+00 3.90244789e+01 2.83795967e+01
    7.55895758e+00 1.30195770e+01 7.23617029e+00 1.79227085e+01
    3.85655899e+01 2.44472809e+01 3.82171974e+01 2.60955582e+01
    2.57421207e+01 3.07246590e+00 1.11173878e+01 2.47247772e+01
    3.35333061e+01 2.64652061e+01 3.23033104e+01 3.79368553e+01
    1.99834290e+01 1.73754063e+01 1.01497622e+01 3.54763870e+01
    1.99462280e+01 4.81507206e+00 2.63733463e+01 9.58122158e+00
    2.44219265e+01 4.57559443e+00 7.71774426e-02 1.01804266e+01
    3.53767319e+01 3.63106308e+01 1.67746048e+01 2.76718769e+01
    1.64854164e+01 4.94357491e+00 2.59353137e+00 2.11374974e+00
    2.53316898e+01 2.77237740e+01 1.28274708e+01 2.36205215e+01
    3.59903145e+01 4.01008546e-01 1.54172277e+01 7.74660015e+00
    1.73173027e+01 2.45431767e+01 2.33274727e+01 1.32265067e+00
    2.20846405e+01 1.89929314e+01 1.50365515e+01 3.49591179e+01
    2.03054867e+01 4.82600260e+00 4.03987932e+00 2.26710491e+01
    2.13454151e+01 3.86368637e+01 2.55591011e+01 8.00911617e+00
    2.95232430e+01 3.85741806e+01 2.48948250e+01 2.44493217e+01
    3.26362915e+01 6.95557117e+00 1.07221384e+01 3.29724731e+01
    2.58726177e+01 1.46946449e+01 2.97094917e+01 1.05625648e+01
    1.49206276e+01 3.31838112e+01 2.56789513e+01 1.32953234e+01
    3.79346161e+01 3.68082771e+01 3.32012825e+01 3.91638222e+01
    8.91902161e+00 1.18452415e+01 3.67266846e+01 2.76820812e+01
    2.75956230e+01 3.45138283e+01 3.27546577e+01 2.09369183e+01
    3.67547073e+01 8.63298798e+00 4.63062239e+00 1.84892654e+01
    2.41786671e+00 1.50485334e+01 2.40001163e+01 1.83170528e+01
    3.41283302e+01 1.39346409e+01 1.91736336e+01 3.50657501e+01
    2.07120724e+01 3.61205330e+01 1.48537130e+01 3.60417023e+01
    2.10968208e+01 2.04663162e+01 1.04382031e-01 3.30995636e+01
    1.22641182e+00 1.16914015e+01 3.92550354e+01 2.14103489e+01
    2.13683090e+01 3.17268620e+01 1.31910753e+01 3.30643730e+01
    3.04993324e+01 3.41192245e+01 8.47611046e+00 2.42949429e+01
    7.86461306e+00 3.28889580e+01 2.62512302e+01 1.13506737e+01
    3.60321770e+01 3.75720634e+01 2.41503944e+01 6.00690603e-01
    1.03742132e+01 3.68399200e+01 1.15135174e+01 8.41991711e+00
    2.35921364e+01 2.40034714e+01 2.79762497e+01 1.09989328e+01
    1.94533234e+01 3.03423615e+01 3.01568718e+01 8.59371281e+00
    2.21432376e+00 2.58076382e+01 4.87979460e+00 2.97250576e+01
    1.52682695e+01 3.73285942e+01 1.52042742e+01 2.62829342e+01
    3.53376427e+01 2.34656296e+01 3.44467087e+01 3.74876747e+01
    1.28674870e+01 2.37207470e+01 1.49047813e+01 8.51525497e+00
    2.51603470e+01 2.11244984e+01 3.95100555e+01 1.89731102e+01
    9.96171474e+00 3.65232773e+01 2.80470562e+01 3.02220936e+01
    2.91552677e+01 1.62702770e+01 1.43074770e+01 4.26249838e+00
    1.06159506e+01 1.43015110e+00 1.66418362e+01 9.12319851e+00
    2.13519287e+00 1.86913586e+00 3.87914581e+01 3.60756302e+01
    8.33052540e+00 3.99681330e+00 2.92352390e+01 1.77486935e+01
    2.09865093e+01 3.93402710e+01 3.65761719e+01 1.04920282e+01
    9.52812004e+00 1.14959450e+01 3.15533810e+01 1.62643757e+01
    1.16103125e+01 2.81474915e+01 3.15076504e+01 2.02731266e+01
    2.63031559e+01 2.69395123e+01 1.23484087e+01 9.56943798e+00
    2.07460480e+01 2.01919918e+01 2.64374275e+01 3.66068101e+00
    3.81116333e+01 1.62331409e+01 2.40241718e+01 8.27644444e+00
    1.18794050e+01 3.68911324e+01 2.39164047e+01 3.77782097e+01
    1.81443005e+01 3.36879578e+01 1.55177174e+01 3.81613197e+01
    2.16282444e+01 2.95775280e+01 3.09509659e+01 3.00931911e+01
    1.15454998e+01 1.15517273e+01 2.57728577e+01 4.09397984e+00
    9.57919693e+00 1.41264415e+00 3.96800079e+01 3.87741203e+01
    3.43564911e+01 3.11229630e+01 4.73265076e+00 2.41428161e+00
    3.56164322e+01 2.37092686e+01 1.05828171e+01 5.76595354e+00
    3.76618843e+01 3.68335190e+01 3.53165359e+01 3.79190788e+01
    1.14392691e+01 1.05560980e+01 1.40518398e+01 3.93785820e+01
    3.51534767e+01 8.09859848e+00 2.06630497e+01 7.07942820e+00
    1.68568439e+01 6.92673445e+00 3.51402969e+01 9.39375782e+00
    1.46276178e+01 2.54023781e+01 1.06409712e+01 2.12980652e+01
    5.96155834e+00 3.23721008e+01 9.27561998e-01 1.16803589e+01
    3.00437050e+01 2.21835867e-01 3.19451180e+01 3.77809334e+01
    1.06708994e+01 1.87056713e+01 1.15374403e+01 1.94869065e+00
    1.05104084e+01 2.30685902e+00 9.90158463e+00 2.47918930e+01
    3.32140465e+01 1.87374439e+01 9.23295021e+00 2.01110039e+01
    8.23546767e-01 3.41576886e+00 3.86573830e+01 3.51358795e+01
    3.54700203e+01 1.15825710e+01 1.84772158e+00 2.09741235e+00
    4.69718695e+00 3.63147926e+01 1.89775887e+01 3.69172025e+00
    1.66101189e+01 2.71826115e+01 2.58776608e+01 2.56661854e+01
    2.59972363e+01 3.16092300e+01 3.77057228e+01 2.86969719e+01
    3.61771622e+01 2.78264446e+01 5.18976068e+00 1.96779079e+01
    2.17167416e+01 1.58568068e+01 2.03507252e+01 2.48390522e+01
    2.93488045e+01 2.59948254e+00 1.94876823e+01 1.37364883e+01
    2.07237625e+01 1.34458981e+01 2.31540051e+01 2.22882175e+01
    7.43207169e+00 1.29040766e+01 1.86339035e+01 3.45771790e+01
    1.61461506e+01 2.69280124e+00 1.95441246e+01 5.43830299e+00
    1.16998253e+01 1.73000832e+01 3.49610214e+01 2.90649071e+01
    3.45558510e+01 3.07585526e+00 2.05335121e+01 3.58630104e+01
    2.52607918e+01 7.01866913e+00 2.03373890e+01 3.82267380e+01
    1.11183367e+01 3.02901006e+00 3.46893311e+01 2.66686344e+01
    1.10906086e+01 1.10197773e+01 3.54133110e+01 8.17954159e+00
    2.83329391e+01 1.80125275e+01 1.16874228e+01 2.46906614e+00
    3.57168770e+01 2.95169377e+00 3.76675911e+01 3.62299423e+01
    3.55708084e+01 2.27141953e+01 3.91826630e+01 3.90197945e+01
    2.80839024e+01 2.98844395e+01 3.66575170e+00 2.35322094e+01
    9.57725620e+00 2.00322266e+01 1.80957184e+01 1.32161016e+01
    2.25488415e+01 2.98426876e+01 3.75603218e+01 3.34360924e+01
    1.48808270e+01 1.97292385e+01 2.73623085e+01 2.44644432e+01
    5.78549004e+00 2.16905231e+01 2.79803581e+01 2.49475918e+01
    3.81760521e+01 7.60571289e+00 2.10387001e+01 3.04385395e+01
    3.10161839e+01 3.40690994e+01 3.27553978e+01 1.65611877e+01
    1.44013014e+01 2.93075180e+01 3.29589691e+01 1.97176456e+01
    2.83411293e+01 2.66087780e+01 3.55155640e+01 2.50635934e+00
    2.10074902e+01 2.10032558e+01 4.57734489e+00 3.10885835e+00
    3.45420151e+01 5.08542824e+00 4.57671070e+00 1.19957199e+01
    1.99387109e+00 2.91299343e+01 3.03677731e+01 2.67280769e+01
    1.11101189e+01 1.31275330e+01 3.88892822e+01 2.71970959e+01
    3.22653025e-01 1.84672604e+01 2.36513081e+01 2.47117653e+01
    3.11229973e+01 3.61452007e+00 2.46529140e+01 1.62356148e+01
    2.47250080e+01 3.08043156e+01 1.83695602e+01 6.13764286e+00
    3.65489197e+00 1.60550823e+01 3.48352242e+01 5.30892277e+00
    8.05520356e-01 2.81551189e+01 3.86717453e+01 1.93997936e+01
    3.56627235e+01 1.76219521e+01 2.44622936e+01 9.48078728e+00
    1.22334051e+01 1.05088568e+01 3.52083282e+01 2.95844364e+01
    2.07777176e+01 1.58556232e+01 8.11793423e+00 2.59589710e+01
    2.87062187e+01 1.61100483e+01 2.64026241e+01 1.33213902e+01
    3.53004036e+01 4.39547032e-01 3.47022476e+01 1.15147114e+01
    5.23179007e+00 1.54196301e+01 3.59857330e+01 3.75777588e+01
    1.18916693e+01 3.73027802e+01 1.89223595e+01 4.74902582e+00
    4.21304464e+00 1.38755579e+01 1.90557919e+01 1.15444126e+01
    3.17804375e+01 5.54915857e+00 1.39109554e+01 5.63963079e+00
    5.16344881e+00 3.58260956e+01 2.50673122e+01 3.68831291e+01
    2.82449608e+01 1.39538088e+01 3.30143776e+01 3.94718399e+01
    2.75694218e+01 3.66448898e+01 1.21786566e+01 3.34223938e+00
    4.00076199e+00 5.19235611e+00 1.76904440e+00 1.92145195e+01
    3.71453133e+01 1.96585045e+01 2.50523319e+01 3.39657631e+01
    7.79514503e+00 2.46361122e+01 9.56196499e+00 1.84611664e+01
    1.21566467e+01 3.50400805e+00 2.61247492e+00 2.82504582e+00
    1.75614357e+01 1.83233891e+01 3.36580391e+01 6.16471338e+00
    1.90757046e+01 1.28840361e+01 3.50165138e+01 1.52830868e+01
    2.23430176e+01 3.90738831e+01 2.17475376e+01 2.78259897e+00
    3.76941757e+01 7.58386433e-01 4.19977665e-01 1.92993240e+01
    8.75392675e-01 6.95876837e-01 2.21956406e+01 2.01559429e+01
    2.55593605e+01 8.97653866e+00 3.70248756e+01 3.20758858e+01
    1.25865822e+01 2.59501247e+01 1.39304209e+01 1.05253754e+01
    3.18070927e+01 3.64709740e+01 3.16338329e+01 7.02683783e+00
    4.42043114e+00 2.53282719e+01 3.84950562e+01 3.07494736e+01
    2.18524380e+01 2.47142696e+01 3.79817924e+01 3.95180168e+01
    3.54300957e+01 1.29995260e+01 2.00625572e+01 2.62521839e+00
    1.05776157e+01 2.92077961e+01 1.82272320e+01 8.34416199e+00
    3.54812851e+01 9.59203720e+00 1.50861406e+01 1.80348263e+01
    3.07888851e+01 2.21582050e+01 5.12099266e+00 1.39696379e+01
    6.85989428e+00 1.66755905e+01 3.88124313e+01 3.82440071e+01
    3.66727066e+01 8.32704449e+00 1.72426853e+01 3.28826523e+01
    2.70640492e+00 2.87146378e+01 9.15073109e+00 3.40206223e+01
    2.69864330e+01 3.96307564e+01 1.46633682e+01 3.07689171e+01
    3.59914284e+01 3.75422363e+01 2.08097038e+01 3.29191437e+01
    1.57191334e+01 2.15231934e+01 1.27464428e+01 8.96212292e+00
    1.63744411e+01 9.07181168e+00 8.63691330e+00 1.80776157e+01
    1.69524822e+01 7.35495234e+00 3.86687355e+01 2.07224960e+01
    3.92708054e+01 3.18265724e+00 2.41945820e+01 3.92948952e+01
    2.03932495e+01 2.68194923e+01 3.94091530e+01 3.30211792e+01
    2.74154320e+01 3.11459427e+01 1.04904671e+01 2.73588810e+01
    4.02209902e+00 3.04106007e+01 1.38863897e+01 6.07027912e+00
    1.04306364e+01 2.98634453e+01 3.84723473e+01 3.18343658e+01
    3.52721901e+01 4.71327829e+00 3.93165779e+01 1.37944639e+00
    2.88566227e+01 2.86110134e+01 2.26629372e+01 2.33575897e+01
    1.97147429e+00 3.98323464e+00 2.13435154e+01 2.89705162e+01
    2.71981640e+01 3.05478840e+01 2.94745407e+01 3.24104881e+01
    3.39733505e+01 5.19533777e+00 3.60116158e+01 3.65386848e+01
    3.62299919e+01 2.74692097e+01 5.56996092e-02 3.27903214e+01
    1.52995224e+01 3.37774925e+01 6.48256636e+00 1.96831131e+01
    3.26528969e+01 1.89394321e+01 1.20405436e+01 1.88547440e+01
    2.64275951e+01 2.73384838e+01 1.40852032e+01 2.80880642e+00
    8.71134758e+00 3.39979172e+01 2.24688644e+01 5.79225636e+00
    3.00569725e+01 3.91905975e+01 3.28726768e+00 1.81161880e+01
    1.36286154e+01 5.77792406e+00 2.28016338e+01 3.81107292e+01
    3.15949879e+01 3.37304573e+01 2.44881840e+01 2.61395493e+01
    1.33023453e+01 2.90216312e+01 6.80753279e+00 2.11152115e+01
    1.11946659e+01 2.39812183e+01 1.22063694e+01 3.55000954e+01
    1.06526566e+01 8.11665821e+00 3.30435867e+01 3.70472336e+01
    3.18261852e+01 3.77956152e+00 1.65497208e+00 3.57370453e+01
    1.12827415e+01 1.18194571e+01 2.01365471e+01 1.28077135e+01
    2.28785725e+01 6.86320353e+00 9.68845463e+00 8.39418888e+00
    3.44209023e+01 1.10145969e+01 1.35280857e+01 5.64824057e+00
    2.25264511e+01 1.27795572e+01 2.78099957e+01 1.83202839e+01
    9.62840176e+00 6.29429531e+00 5.50712299e+00 3.00396767e+01
    1.14615307e+01 3.59337387e+01 3.41098557e+01 5.66208506e+00
    1.66583862e+01 8.29445934e+00 3.30221367e+01 2.29888630e+01
    1.71534538e+00 3.86888862e+00 1.39868889e+01 8.32237434e+00
    3.78578987e+01 3.80326004e+01 3.22029800e+01 7.30746698e+00
    1.92265854e+01 7.10213184e-01 9.98697662e+00 9.30376244e+00
    6.14714956e+00 1.94329834e+01 1.76707726e+01 2.87981176e+00
    1.66569538e+01 3.65450401e+01 1.97758007e+01 2.31962471e+01
    3.32936287e+01 9.28261089e+00 3.69609909e+01 3.15934539e+00
    3.02434196e+01 3.43370552e+01 2.78886819e+00 3.85874557e+01
    8.00882244e+00 9.46971989e+00 5.92445993e+00 5.73607540e+00
    2.79410124e+00 1.06007290e+01 3.86197357e+01 2.45966797e+01
    1.14344473e+01 3.49611130e+01 3.70766983e+01 3.57657890e+01
    1.88553772e+01 2.52178307e+01 1.89882755e+01 3.58017426e+01
    1.31541595e+01 3.08153591e+01 1.45135603e+01 1.18774948e+01
    2.11427040e+01 2.83200970e+01 9.25668716e+00 1.46299896e+01
    8.71805286e+00 1.21189661e+01 1.86297245e+01 2.84177208e+01
    2.69937267e+01 2.81311531e+01 1.38301778e+00 1.41602936e+01
    2.17059631e+01 3.78199158e+01 3.44941788e+01 6.30054903e+00
    2.29404430e+01 2.10814552e+01 2.33441067e+01 2.46814632e+01
    1.15649223e+00 1.52049532e+01 1.04834118e+01 2.82844906e+01
    1.71259177e+00 8.00537777e+00 1.87265377e+01 3.10607204e+01
    1.19580069e+01 3.01359463e+01 3.77803802e+01 1.39531641e+01
    1.84718018e+01 1.91623840e+01 1.33083963e+01 3.62447395e+01
    1.08869600e+01 6.27158642e-01 3.48403130e+01 1.30545912e+01
    1.18851795e+01 3.05127831e+01 2.21799612e+00 3.44308406e-01
    3.83340836e+01 6.77415562e+00 2.54391899e+01 3.22627258e+01
    3.49826813e+01 2.97329292e+01 2.97199688e+01 2.48182755e+01
    2.40731182e+01 5.66796780e+00 3.54607925e+01 8.74594784e+00
    1.40805559e+01 2.03832397e+01 8.45268440e+00 3.68782234e+01
    3.55893250e+01 2.69081807e+00 9.29681396e+00 2.12119465e+01
    3.59522591e+01 1.32622280e+01 1.14274912e+01 3.34163895e+01
    5.22923517e+00 3.84942589e+01 3.53110809e+01 1.24797306e+01
    1.89068680e+01 4.73707867e+00 1.30947828e+01 2.37336159e+01
    2.05878067e+00 3.87509003e+01 9.31026363e+00 3.29435778e+00
    9.43953037e+00 3.20009918e+01 9.19695377e+00 2.31425095e+01
    3.84478340e+01 3.39249344e+01 3.43555031e+01 1.03703403e+01
    2.67162681e+00 9.33917999e+00 1.98833828e+01 8.42867565e+00
    2.25040512e+01 2.25671825e+01 3.44598389e+01 7.25910997e+00
    1.72532654e+01 6.56363726e+00 1.85313206e+01 8.66583109e-01
    2.14878235e+01 1.54697533e+01 8.16583729e+00 3.23222427e+01
    2.62620411e+01 4.61042976e+00 7.92365551e+00 4.02574205e+00
    2.36262169e+01 1.59319696e+01 3.49975739e+01 1.08417997e+01
    3.29901466e+01 2.69334531e+00 2.78690376e+01 2.02865372e+01
    6.19305182e+00 2.41990547e+01 9.98427582e+00 2.71715031e+01
    3.01965809e+01 2.44556198e+01 1.83413544e+01 1.02478495e+01
    7.49126911e+00 3.74657440e+01 4.33556938e+00 2.92944508e+01
    6.20267034e-01 3.02552242e+01 3.85498619e+01 1.48625002e+01
    1.61801281e+01 1.63798294e+01 3.39762611e+01 2.15789165e+01
    2.08842392e+01 2.25794525e+01 1.05748968e+01 2.64963875e+01
    2.54117565e+01 7.77463198e+00 2.69102993e+01 3.60910726e+00
    8.93497944e+00 2.93707867e+01 3.07018051e+01 3.26840248e+01
    3.45503273e+01 3.33012772e+01 3.24674072e+01 1.05581503e+01
    3.68998528e+01 1.20520334e+01 3.56203918e+01 2.04748383e+01
    1.04646902e+01 3.73948822e+01 3.54322853e+01 1.49863195e+01
    1.38221283e+01 7.15572899e-03 3.88579559e+01 2.20872211e+01
    3.56243057e+01 9.78923225e+00 1.97118702e+01 2.12194042e+01
    3.19411602e+01 1.35439701e+01 3.41508789e+01 1.39054518e+01
    1.39955225e+01 1.51072569e+01 1.12001743e+01 3.09269218e+01
    6.26526403e+00 2.59638863e+01 2.56388855e+01 1.67425156e+01
    3.41624146e+01 1.92389088e+01 1.80018032e+00 3.76197853e+01
    3.42207375e+01 3.37149124e+01 3.78706093e+01 1.86859932e+01
    2.74990082e+01 2.68674374e+01 1.82015266e+01 3.01280441e+01
    8.01255512e+00 2.48969727e+01 1.34644394e+01 2.82115002e+01
    3.85086517e+01 1.73590827e+00 1.84503593e+01 2.03610325e+00
    1.52141600e+01 1.44527473e+01 1.89036999e+01 1.72137527e+01
    9.59328938e+00 3.53473587e+01 3.60826607e+01 2.97934151e+01
    2.62412524e+00 3.58195572e+01 1.51464720e+01 2.18990116e+01
    1.00976019e+01 1.04624434e+01 1.62639103e+01 2.55521793e+01
    3.18857002e+01 3.93008919e+01 5.27304411e+00 1.53827610e+01
    2.02796726e+01 2.48829727e+01 2.82441616e+01 3.40208321e+01
    2.43199940e+01 2.12645435e+01 3.65138817e+01 1.54884243e+01
    1.72163162e+01 5.23919725e+00 1.94883900e+01 1.63332367e+01
    3.02400494e+01 2.89575272e+01 2.85226746e+01 2.53742599e+01
    6.11755466e+00 3.75485458e+01 2.38069744e+01 1.42381535e+01
    2.84088230e+01 2.58303680e+01 4.41120434e+00 9.50401306e+00
    2.16638737e+01 3.48028336e+01 2.75762157e+01 5.91178846e+00
    1.26759949e+01 6.91240668e-01 2.64271498e+00 5.34421444e+00
    3.58705063e+01 3.45808792e+01 2.91314054e+00 1.06590719e+01
    6.60961270e-01 4.12345886e-01 3.96355171e+01 3.63848343e+01
    1.24383287e+01 3.39298325e+01 3.86499739e+00 1.39738522e+01
    2.39275150e+01 8.12804699e+00 3.51483269e+01 2.69705238e+01
    2.12189007e+01 1.43222666e+00 2.91497917e+01 8.78677845e+00
    2.73494167e+01 3.85081825e+01 1.78679981e+01 2.15115108e+01
    2.25887165e+01 7.52229118e+00 9.45989895e+00 3.30628815e+01
    2.71286774e+00 3.24864507e+00 9.70900822e+00 2.44834542e+00
    1.93209343e+01 1.99090462e+01 1.14378729e+01 3.45479736e+01
    2.79050999e+01 4.91417617e-01 8.39251328e+00 3.25287628e+01
    9.11983776e+00 3.45926781e+01 2.99023438e+01 1.81500092e+01
    1.04581833e+01 1.71283188e+01 7.99152756e+00 1.68389111e+01
    2.56707621e+00 3.52866707e+01 3.84094505e+01 1.78621101e+01
    1.42962742e+01 1.47919769e+01 3.69836693e+01 2.48011246e+01
    3.56207771e+01 9.75042629e+00 3.79742699e+01 1.14412184e+01
    2.97605114e+01 3.38001480e+01 2.32184963e+01 2.05166888e+00
    2.08014050e+01 8.82084942e+00 2.40594997e+01 2.72724457e+01
    2.79152126e+01 3.47367706e+01 1.51513252e+01 1.85801964e+01
    3.83511353e+01 3.82399673e+01 6.14453363e+00 6.34481311e-01
    3.38697934e+00 2.74708033e+00 3.00840263e+01 6.96131229e+00
    2.11284790e+01 9.10431004e+00 1.12949238e+01 2.74148445e+01
    1.12499933e+01 3.40755806e+01 7.31892824e+00 2.64250412e+01
    1.04425192e+01 2.91450710e+01 3.39612122e+01 1.70954456e+01
    3.02312317e+01 1.64608555e+01 1.67067585e+01 2.89340134e+01
    3.45464249e+01 6.07382202e+00 1.44442673e+01 1.57933965e-01
    1.36042333e+00 3.53311324e+00 3.24716072e+01 8.72572899e+00
    1.02978191e+01 2.32829781e+01 3.44501853e+00 3.24989510e+01
    2.48015857e+00 3.65297623e+01 2.74820499e+01 4.08761168e+00
    4.19891739e+00 2.41708508e+01 7.96747541e+00 1.20530710e+01
    3.52101402e+01 3.77104378e+01 7.49899101e+00 4.44179726e+00
    1.92224636e+01 1.28153648e+01 2.98586845e+01 2.24850540e+01
    3.49971733e+01 5.37871313e+00 4.42393923e+00 1.68212204e+01
    2.18193412e+00 3.55321350e+01 8.62350655e+00 1.98133793e+01
    1.32389822e+01 7.33750296e+00 3.75792961e+01 1.03575964e+01
    2.22582035e+01 2.87103920e+01 2.52702904e+01 3.05079479e+01
    2.79306145e+01 1.87350311e+01 3.80613747e+01 1.83140707e+00
    4.98770571e+00 2.25224094e+01 3.43719826e+01 3.75231056e+01
    2.00907955e+01 3.11411877e+01 3.78087616e+01 2.70905571e+01
    1.34044189e+01 2.50713310e+01 1.90914001e+01 9.04681301e+00
    1.37605152e+01 1.29001198e+01 2.15524998e+01 1.56966419e+01
    3.79485321e+01 3.56884003e+01 2.75481105e+00 2.66884041e+01
    1.53391104e+01 2.83474312e+01 6.26131344e+00 8.77117538e+00
    3.82476768e+01 3.53040848e+01 1.31250439e+01 9.60683918e+00
    2.79127097e+00 3.07569046e+01 6.30893183e+00 7.60820341e+00
    1.40342474e+01 1.00647879e+01 3.18631039e+01 2.88042412e+01
    2.95807838e+01 6.73371410e+00 3.27506714e+01 2.29789085e+01
    7.14538574e+00 2.54376297e+01 3.10128384e+01 2.22811756e+01
    1.50097275e+01 3.47427940e+01 2.91252251e+01 2.68757172e+01
    6.24470055e-01 2.12858028e+01 2.92571507e+01 1.86057758e+01
    3.26056786e+01 1.95975327e+00 2.94767761e+01 1.06521349e+01
    3.07685261e+01 1.11221733e+01 1.87171383e+01 3.34745178e+01
    3.72196770e+01 4.60102701e+00 5.48608923e+00 3.48476601e+01
    1.81029911e+01 1.79522800e+01 1.88937893e+01 2.49374332e+01
    4.35027122e+00 1.01207745e+00 2.92966785e+01 3.03239212e+01
    1.17097683e+01 2.30187492e+01 2.55872498e+01 1.38065271e+01
    2.30088100e+01 2.96366572e+00 1.74466152e+01 3.49786377e+01
    9.87578773e+00 2.55178242e+01 9.76375484e+00 1.91340065e+01
    5.00617981e+00 9.18492413e+00 2.39888172e+01 8.15583897e+00
    2.16068287e+01 1.31492004e+01 1.34833832e+01 1.14666069e+00
    1.04700699e+01 4.77427530e+00 2.38365593e+01 1.77847786e+01
    8.22420311e+00 2.11834097e+00 1.93116074e+01 3.65198441e+01
    3.39232278e+00 3.12319908e+01 1.87161140e+01 1.68990498e+01
    2.04517231e+01 3.68003426e+01 2.10814457e+01 3.55972481e+00
    1.58980970e+01 3.78408241e+01 2.65721169e+01 1.43547640e+01
    5.22286844e+00 1.79699821e+01 2.00563946e+01 1.84746437e+01
    1.64003925e+01 2.26853809e+01 2.20453053e+01 1.25279989e+01
    2.28031120e+01 2.11107330e+01 1.34960437e+00 2.73442154e+01
    9.18973684e-02 1.16231861e+01 1.38877258e+01 2.72734680e+01
    2.66704025e+01 3.12721043e+01 1.34403267e+01 1.76581039e+01
    3.87641501e+00 3.44574738e+00 2.41014824e+01 6.19886112e+00
    5.60745239e+00 2.61051407e+01 2.11943626e+00 2.59227200e+01
    2.38653717e+01 2.25348067e+00 3.00034485e+01 3.57648635e+00
    1.64015331e+01 8.86693478e+00 1.08173409e+01 2.73943024e+01
    1.80570965e+01 3.74687147e+00 4.87251377e+00 1.47463524e+00
    3.24655037e+01 2.65150471e+01 3.67139168e+01 3.13576996e-01
    3.94109573e+01 3.57026362e+00 2.63293419e+01 2.50776329e+01
    3.01811142e+01 2.93054867e+01 2.28753929e+01 1.07090988e+01
    4.30142450e+00 4.20538855e+00 2.46111717e+01 3.80956383e+01
    3.45430946e+01 3.88819847e+01 5.27271318e+00 7.87206125e+00
    1.42111969e+01 1.37296896e+01 3.02424507e+01 2.23709068e+01
    5.10698462e+00 3.65828781e+01 1.84347858e+01 7.68139315e+00
    2.62134972e+01 1.44800749e+01 3.69175529e+01 2.57569847e+01
    2.36573124e+01 3.19802284e+01 1.85033283e+01 2.57175426e+01
    1.20065680e+01 2.87402401e+01 2.32740459e+01 2.90954227e+01
    2.19263382e+01 2.66902409e+01 2.71121445e+01 6.81923819e+00
    3.25840759e+01 2.47068901e+01 2.32576046e+01 1.19734836e+00
    1.00718422e+01 1.85908470e+01 3.41649017e+01 2.71222820e+01
    1.20938864e+01 3.45267601e+01 2.01433678e+01 1.79359550e+01
    1.41056271e+01 2.95642509e+01 2.80455418e+01 3.22126694e+01
    2.06047993e+01 1.50626431e+01 3.81770563e+00 1.30756369e+01
    6.54199982e+00 2.27044749e+00 1.44635410e+01 3.08123817e+01
    1.18882780e+01 3.01653786e+01 3.87939110e+01 2.43694878e+01
    1.18421440e+01 7.55091333e+00 1.76883659e+01 2.20850811e+01
    2.96517334e+01 2.75542526e+01 3.88079834e+01 7.27524757e+00
    2.64096680e+01 2.09407406e+01 1.00368347e+01 1.88253422e+01
    2.56850319e+01 1.88003235e+01 2.60109768e+01 3.44306450e+01
    2.18869514e+01 1.37072983e+01 3.56835594e+01 2.33479500e+01
    2.32119465e+01 2.13003960e+01 1.08276453e+01 2.72924500e+01
    2.44205780e+01 4.01897573e+00 3.90788383e+01 1.44451189e+01
    3.75311584e+01 2.41933327e+01 2.49615631e+01 1.41853800e+01
    1.03408022e+01 1.45596275e+01 3.40191865e+00 1.35011458e+00
    3.52555313e+01 1.64344883e+01 3.25733032e+01 2.93138733e+01
    2.47403502e+00 2.72293530e+01 3.52627411e+01 5.92965508e+00
    1.64587307e+01 2.28296471e+00 2.96950283e+01 1.55391922e+01
    1.69047222e+01 6.83041811e+00 1.69467316e+01 3.47400284e+01
    2.02836285e+01 2.23872356e+01 2.74004459e+01 2.91631126e+01
    8.67580223e+00 2.55466862e+01 3.32326393e+01 3.43491287e+01
    9.50803280e+00 2.70030708e+01 1.98248043e+01 1.26767807e+01
    2.82033157e+01 2.22653580e+01 2.48882713e+01 1.91244011e+01
    2.39339638e+01 1.10648327e+01 1.21217461e+01 2.42654190e+01
    1.99804916e+01 3.60118179e+01 1.88141384e+01 2.85009842e+01
    1.50503006e+01 2.74747143e+01 3.63766289e+01 8.68801022e+00
    3.00025349e+01 6.55933189e+00 2.27027416e+00 2.11186295e+01
    8.58351421e+00 1.23289671e+01 2.23408318e+01 3.33931274e+01
    3.19547291e+01 3.41597939e+01 3.06267033e+01 1.98963127e+01
    2.31866608e+01 4.96865559e+00 6.62755919e+00 5.72891235e+00
    2.86991215e+01 2.09802475e+01 2.21578865e+01 2.95047836e+01
    1.77298336e+01 3.51760330e+01 5.38909626e+00 2.59357376e+01
    2.58725834e+01 3.66558380e+01 2.97889404e+01 9.50033760e+00
    2.19070339e+01 3.63287239e+01 2.70424671e+01 2.47410545e+01
    2.43059330e+01 1.46028261e+01 2.53986702e+01 7.04815197e+00
    1.64381866e+01 2.03091288e+00 7.52523947e+00 1.69148407e+01
    3.92893372e+01 1.47438216e+00 2.82335892e+01 3.09608421e+01
    1.37396450e+01 1.14322414e+01 1.69730225e+01 3.21109085e+01
    2.20394325e+01 2.43759003e+01 6.76773906e-01 7.61166438e-02
    1.53934364e+01 3.67045097e+01 1.66785069e+01 2.34403687e+01
    1.84584293e+01 6.52428687e-01 3.80155182e+01 3.22589607e+01
    1.08367834e+01 1.59504166e+01 3.94952736e+01 2.26780319e+01
    6.64202929e+00 2.75614014e+01 1.57129803e+01 3.75385361e+01
    3.17296982e+01 2.52686443e+01 2.33627472e+01 2.81670170e+01
    2.02213497e+01 2.38007069e+01 2.10197163e+01 3.02994270e+01
    2.34809418e+01 9.62777615e+00 3.88763542e+01 3.28728104e+01
    1.09411917e+01 1.94220009e+01 3.23354416e+01 2.20778866e+01
    2.30103455e+01 1.17280779e+01 3.87209702e+01 2.99125252e+01
    3.80649109e+01 2.86895123e+01 3.61999016e+01 8.70734692e+00
    1.00947533e+01 2.96152821e+01 2.87788486e+01 1.46862912e+00
    2.59655552e+01 7.70720720e+00 1.04599571e+01 1.57363091e+01
    9.71733451e-01 2.11592121e+01 3.92795944e+01 3.14914474e+01
    2.24761562e+01 2.96178684e+01 3.07749157e+01 2.03250561e+01
    3.92707481e+01 3.68461533e+01 2.20109234e+01 1.61008301e+01
    7.07254601e+00 4.10642862e+00 2.71817131e+01 3.88421173e+01
    1.54512625e+01 4.96416235e+00 2.74910393e+01 3.84400635e+01
    1.86192589e+01 3.27909851e+01 2.64125252e+01 1.59234295e+01
    9.89373088e-01 3.16688309e+01 3.47692604e+01 5.13646555e+00
    1.80532207e+01 3.16373749e+01 3.57578397e+00 3.51627960e+01
    1.06384554e+01 6.15810776e+00 1.62051373e+01 3.41013451e+01
    3.68183441e+01 2.67325926e+00 1.67621593e+01 2.05648575e+01
    3.19587421e+01 1.46039629e+00 1.88959579e+01 3.96081734e+01
    6.71323538e+00 6.75732195e-01 6.82027197e+00 7.65006399e+00
    1.61773186e+01 3.03169136e+01 7.39128399e+00 2.43166370e+01
    6.09735537e+00 3.51942253e+00 3.04683628e+01 3.94529700e+00
    4.26805496e+00 3.94774094e+01 3.92932396e+01 3.96327090e+00
    1.37343302e+01 1.80142479e+01 3.65104141e+01 3.80153198e+01
    2.50798817e+01 1.71801929e+01 1.08869648e+01 3.18089314e+01
    2.55190945e+01 3.84164009e+01 6.24159479e+00 2.96435413e+01
    2.96529675e+01 1.91191463e+01 6.04663992e+00 6.18029213e+00
    7.71764994e+00 1.30000477e+01 1.81844387e+01 3.92463379e+01
    1.47359943e+00 2.03458042e+01 1.59304390e+01 2.89322109e+01
    1.63817272e+01 1.26496038e+01 1.02775784e+01 3.35996170e+01
    6.92755938e-01 2.10140457e+01 2.43673744e+01 2.64582558e+01
    6.44790554e+00 2.15927029e+01 7.00256634e+00 2.08535290e+01
    3.33195190e+01 1.90087929e+01 1.29027939e+01 9.72976017e+00
    1.27100003e+00 2.73974150e-01 3.10565548e+01 3.24260979e+01
    2.68458004e+01 2.31713562e+01 1.40466042e+01 1.69493732e+01
    3.77323112e+01 3.02577248e+01 1.19147415e+01 6.03209913e-01
    2.36444988e+01 1.98128967e+01 2.90899105e+01 3.32291183e+01
    9.84180832e+00 2.22422333e+01 1.43707722e-01 2.32137508e+01
    2.45166321e+01 1.66288910e+01 1.64756145e+01 1.50158539e+01
    2.40374050e+01 1.63214550e+01 3.49904404e+01 1.42832003e+01
    1.26992762e+00 1.97606392e+01 1.47839870e+01 3.03635273e+01
    1.47089157e+01 1.38894711e+01 2.62720470e+01 2.97994118e+01
    8.46272850e+00 1.97208195e+01 2.37540607e+01 3.59801064e+01
    2.24881630e+01 9.26519680e+00 3.58135948e+01 7.48828471e-01
    2.61386604e+01 3.28148041e+01 2.27236366e+01 1.67724571e+01
    2.04279385e+01 2.00987549e+01 2.64214821e+01 2.57472458e+01
    1.31446898e-01 1.30747728e+01 3.61587486e+01 3.78559380e+01
    2.95987530e+01 2.04361305e+01 5.28580236e+00 1.27830515e+01
    3.45857964e+01 1.77244053e+01 2.81801081e+00 2.01953430e+01
    3.69462662e+01 2.04283600e+01 2.42996540e+01 3.92066345e+01
    2.05506420e+01 1.27023411e+01 2.45478764e+01 3.71620560e+00
    4.97434473e+00 1.88957958e+01 3.43238449e+01 3.17591038e+01
    1.06276560e+01 7.86253214e+00 2.65826530e+01 3.45364037e+01
    3.50350838e+01 9.77084446e+00 2.30003586e+01 3.12025318e+01
    3.34655724e+01 2.43579936e+00 3.75929337e+01 1.02295980e+01
    3.95788956e+01 2.82204056e+01 2.07627048e+01 1.37071199e+01
    3.59291101e+00 3.41658669e+01 2.47105350e+01 7.68016005e+00
    7.05486059e+00 1.18413506e+01 3.94924889e+01 2.43913422e+01
    3.54630814e+01 5.46111059e+00 1.45985067e+00 2.52968159e+01
    9.59109020e+00 9.63684273e+00 2.97119808e+01 8.51129150e+00
    2.96756058e+01 1.03006401e+01 9.31874466e+00 3.04182243e+01
    2.28979635e+00 6.35730839e+00 2.31302204e+01 3.03835888e+01
    1.96475277e+01 7.20159531e+00 6.86211586e+00 8.33693218e+00
    3.53460655e+01 2.75520267e+01 3.25272560e+01 1.23152685e+01
    3.24700661e+01 3.04571648e+01 1.43966846e+01 1.25998030e+01
    1.34410400e+01 3.72791791e+00 2.74891396e+01 2.99248047e+01
    3.01664944e+01 3.90714302e+01 2.46574059e+01 5.43832541e+00
    8.97077084e+00 2.41904202e+01 1.81908569e+01 7.72175217e+00
    7.95879364e+00 9.63925362e+00 7.67585373e+00 3.71473236e+01
    3.09446754e+01 6.97950649e+00 3.09871655e+01 5.17897606e+00
    2.31654644e+01 3.79260719e-01 1.23926363e+01 3.66443658e+00
    2.23366871e+01 3.50720825e+01 3.85402298e+01 1.93989449e+01
    2.44707298e+01 3.51254883e+01 3.46165009e+01 1.89028625e+01
    1.38221884e+01 1.73383403e+00 1.77081261e+01 2.39731197e+01
    8.56962395e+00 5.58573246e+00 1.86605287e+00 2.70283413e+01
    3.65270882e+01 9.09032106e-01 3.03555832e+01 1.93832817e+01
    1.07163057e+01 3.27107086e+01 3.78354721e+01 1.61596317e+01
    3.04727516e+01 2.08971691e+01 8.24883521e-01 3.36572227e+01
    1.99804859e+01 1.77505989e+01 2.80945492e+01 3.04767265e+01
    1.10528784e+01 6.03617716e+00 2.77877254e+01 4.88436651e+00
    2.94268856e+01 2.11528530e+01 2.99362240e+01 1.51550055e+01
    9.30317593e+00 2.28572960e+01 1.94650707e+01 3.48424110e+01
    2.56922989e+01 2.33660755e+01 4.36202145e+00 2.88186684e+01
    6.77695227e+00 4.73495245e-01 3.72207298e+01 1.05767031e+01
    1.08340836e+01 9.31644726e+00 1.90725689e+01 4.50341988e+00
    3.56320839e+01 3.05711422e+01 2.26073112e+01 3.13199635e+01
    3.04627647e+01 2.60247059e+01 3.90228233e+01 2.75774460e+01
    2.72873211e+01 2.57686825e+01 3.67063141e+01 1.87726040e+01
    2.69094582e+01 3.14097919e+01 3.11446404e+00 8.51831722e+00
    1.61783848e+01 2.38722172e+01 2.81552563e+01 1.98066540e+01
    3.51294994e+00 1.92302055e+01 1.70191593e+01 2.80157375e+01
    2.02309380e+01 2.55496807e+01 3.09540343e+00 2.79672050e+01
    2.78169861e+01 1.11988916e+01 2.40061378e+01 1.39957724e+01
    3.09911137e+01 5.01962328e+00 1.54673500e+01 2.07432652e+01
    2.02264099e+01 3.60092392e+01 3.15486431e+01 3.14832382e+01
    1.81298389e+01 2.89832458e+01 3.06298695e+01 2.89664688e+01
    2.68748970e+01 1.07769146e+01 2.91034813e+01 7.53641367e+00
    2.74328957e+01 2.94410381e+01 1.85524356e+00 3.51219482e+01
    3.83573837e+01 4.94742393e+00 3.32592630e+00 2.01025677e+01
    1.97020531e+01 2.57560978e+01 1.77928753e+01 3.72788887e+01
    2.50562382e+01 2.40194836e+01 1.84871922e+01 3.78439636e+01
    9.30323505e+00 1.88334808e+01 3.33950996e+01 3.25600739e+01
    2.37531681e+01 7.91073084e+00 3.91947937e+01 1.00050821e+01
    3.85677605e+01 3.90114403e+01 1.12690649e+01 3.96409645e+01
    3.78013535e+01 7.11542034e+00 4.57751215e-01 3.91105652e+01
    2.38827705e+01 1.89004936e+01 2.17516117e+01 3.33892174e+01
    1.63461876e+01 2.89710350e+01 3.81567192e+01 1.17798672e+01
    2.92416077e+01 2.07336006e+01 3.26814485e+00 4.16545534e+00
    1.60533333e+01 2.08806801e+01 9.08446693e+00 2.70840111e+01
    1.20773106e+01 3.68221855e+01 2.08137283e+01 4.97274733e+00
    3.25309410e+01 3.97126999e+01 2.48699741e+01 3.08608227e+01
    3.96646233e+01 8.17514896e+00 3.81903687e+01 2.90416694e+00
    3.94679947e+01 2.12808361e+01 1.71383686e+01 1.05883045e+01
    3.20161705e+01 3.00273113e+01 3.10009766e+01 2.81341171e+01
    3.24907722e+01 3.69220009e+01 3.04540367e+01 3.21678972e+00
    3.99592638e+00 2.18728085e+01 2.93645744e+01 1.68344212e+01
    9.79034710e+00 2.08480597e+00 3.13598824e+01 2.66275234e+01
    1.65647964e+01 1.05705042e+01 3.68545303e+01 1.60063725e+01
    3.73289948e+01 3.92108841e+01 1.87495499e+01 1.70014133e+01
    1.13326702e+01 2.72955933e+01 5.54607010e+00 1.31175184e+01
    2.01435585e+01 3.75426140e+01 4.54857445e+00 1.16910419e+01
    2.23693886e+01 1.27251387e+01 7.00387287e+00 3.41888580e+01
    3.14754906e+01 1.60028231e+00 2.56792088e+01 1.76299191e+01
    2.49875140e+00 3.46377716e+01 3.59977036e+01 2.57461333e+00
    2.75897217e+01 6.85976982e-01 1.10414906e+01 1.17109165e+01
    3.93764114e+01 2.51665077e+01 2.36037083e+01 1.93244209e+01
    7.00443649e+00 1.48430948e+01 1.31443100e+01 3.54485893e+01
    9.42731094e+00 1.33927174e+01 3.31988907e+01 3.33189049e+01
    9.98417258e-01 1.60974751e+01 2.04220486e+01 4.51786041e+00
    1.95659885e+01 1.65642567e+01 3.39020777e+00 1.46533890e+01
    9.39472437e-01 1.13700371e+01 9.88176107e-01 3.03500843e+01
    2.48041363e+01 2.98801613e+01 2.39178143e+01 2.36761551e+01
    2.37612343e+01 2.83472004e+01 3.59732742e+01 2.75932426e+01
    3.36917610e+01 3.74644966e+01 6.56861687e+00 1.94940090e+01
    1.97058506e+01 1.58179216e+01 3.23604202e+01 3.39628677e+01
    2.07712460e+00 1.19052410e+01 5.08055830e+00 3.46876907e+01
    3.29325523e+01 3.50016708e+01 3.17898445e+01 1.78825626e+01
    3.77169151e+01 2.02527885e+01 1.99434986e+01 3.01770782e+01
    2.60287495e+01 1.21838117e+00 3.84997153e+00 2.57361145e+01
    9.98796654e+00 2.99588823e+00 3.19768944e+01 9.69804573e+00
    2.00210056e+01 1.71683197e+01 1.13292799e+01 6.13669348e+00
    3.47801323e+01 1.65744781e+01 1.35232553e+01 3.86091447e+00
    1.49508209e+01 1.08446217e+01 1.35126581e+01 2.12176304e+01
    2.74029999e+01 2.12745094e+01 1.41455498e+01 2.58773308e+01
    3.44380455e+01 3.56538353e+01 2.80461960e+01 2.72050362e+01
    3.62707863e+01 2.27522488e+01 3.00164547e+01 1.89829750e+01
    2.97397633e+01 2.62299061e+01 3.55763168e+01 5.89439583e+00
    1.34172325e+01 3.59992561e+01 3.82294807e+01 1.84947014e+01
    2.73918514e+01 1.01041527e+01 2.86634111e+00 1.32011724e+00
    1.68432732e+01 1.42559948e+01 3.62874680e+01 1.24955006e+01
    3.22325439e+01 1.21405897e+01 1.76928978e+01 2.80070858e+01
    1.63046513e+01 1.83553658e+01 9.45337534e-01 3.47381897e+01
    3.44596176e+01 4.58605337e+00 7.46740627e+00 1.02894936e+01
    2.44284286e+01 2.96968002e+01 1.05955095e+01 1.16989288e+01
    3.34848938e+01 9.61989021e+00 4.64310551e+00 2.10726318e+01
    2.56253242e+01 1.34669476e+01 2.19255486e+01 1.60202370e+01
    3.96794662e+01 2.07963443e+00 3.34200935e+01 3.15516949e+01
    4.99180824e-01 1.25037613e+01 5.46909523e+00 1.00183716e+01
    3.16557732e+01 1.18891249e+01 3.88365707e+01 3.48221130e+01
    3.85971603e+01 8.29740047e+00 1.26897392e+01 2.42613411e+00
    9.28941822e+00 1.72758350e+01 5.52390480e+00 3.68034744e+01
    3.00554943e+01 2.87826614e+01 3.85717010e+01 2.35610256e+01
    9.65108490e+00 3.24346352e+01 3.20775528e+01 2.94509830e+01
    6.20354891e+00 2.34968510e+01 1.23658142e+01 1.23007441e+01
    2.41479950e+01 2.87286530e+01 9.11049557e+00 2.76440983e+01
    2.59358997e+01 1.24559641e+01 2.68542747e+01 1.89339485e+01
    1.39462824e+01 3.17455530e-01 9.00016785e+00 1.69501579e+00
    4.92011452e+00 1.03247910e+01 1.94132388e+00 1.11644673e+00
    2.88206463e+01 8.24633217e+00 1.37136126e+01 3.32986183e+01
    5.56352854e+00 3.68426476e+01 2.65742607e+01 4.84599638e+00
    2.29674511e+01 2.16211987e+01 4.32740641e+00 1.72028065e+01
    2.11198101e+01 6.04400873e+00 3.21700859e+01 7.11258316e+00
    6.16305304e+00 3.31514282e+01 3.56067467e+01 5.95988750e+00
    3.34326210e+01 2.60595379e+01 4.94771051e+00 9.06785488e+00
    1.96015682e+01 1.61146889e+01 3.19927940e+01 3.54057808e+01
    1.43411188e+01 2.80938187e+01 2.37815399e+01 6.94054890e+00
    3.51893616e+01 2.10098324e+01 2.45137615e+01 2.33322277e+01
    2.22122269e+01 3.94202080e+01 3.48740349e+01 2.58440781e+01
    6.91133976e-01 2.77808743e+01 9.56110382e+00 1.67358265e+01
    2.34032898e+01 1.77926712e+01 1.10741825e+01 3.27650261e+01
    2.73299065e+01 2.98202229e+01 1.62061806e+01 3.10342121e+01
    8.43703938e+00 2.95883789e+01 8.14625931e+00 3.46500816e+01
    3.52402687e+01 2.01832695e+01 1.65512943e+01 1.84815311e+01
    2.56001263e+01 1.96488152e+01 8.15083218e+00 9.69258118e+00
    1.57143173e+01 2.91588879e+01 8.66526127e+00 2.78083763e+01
    2.64773331e+01 2.03276978e+01 1.03811913e+01 2.30900917e+01
    1.95602283e+01 6.24826813e+00 1.53794539e+00 2.20866233e-01
    3.08001022e+01 3.66854858e+01 3.36355591e+01 1.32665663e+01
    1.41507912e+01 2.59271507e+01 1.44756126e+01 2.10313435e+01
    3.29424744e+01 3.92597847e+01 7.27839327e+00 3.01634121e+00
    3.02104015e+01 2.82364788e+01 1.51157160e+01 1.61925850e+01
    3.51654739e+01 3.85489464e+01 3.81981397e+00 3.49534798e+01
    2.51549411e+00 3.09354854e+00 1.77207718e+01 2.47204113e+01
    3.92044640e+01 6.06746769e+00 3.61340866e+01 3.17993946e+01
    3.61717644e+01 1.52124453e+01 3.09725056e+01 2.05555553e+01
    2.58706532e+01 7.03277826e+00 1.78918457e+01 2.92879333e+01
    1.77358837e+01 1.79148121e+01 2.42298470e+01 9.78705120e+00
    2.74651756e+01 1.82213783e+01 3.20517015e+00 2.47650700e+01
    9.56889439e+00 2.66636829e+01 6.69604123e-01 1.47447176e+01
    3.90347595e+01 7.91977930e+00 1.59829159e+01 3.27595062e+01
    2.74037285e+01 3.75455551e+01 3.91117287e+01 3.47165909e+01
    1.60299134e+00 1.86231976e+01 3.24601669e+01 7.48476934e+00
    4.33617449e+00 2.04025040e+01 1.33547525e+01 1.63644543e+01
    1.11290169e+00 3.32988968e+01 1.75673676e+01 4.78420448e+00
    8.73220730e+00 3.47926445e+01 1.34016733e+01 3.05771580e+01
    1.46063766e+01 2.20314884e+01 1.58002615e+01 1.28591776e+01
    3.42641373e+01 3.18208485e+01 3.92303047e+01 7.06557369e+00
    5.67668200e+00 2.38826962e+01 2.38187065e+01 9.87421799e+00
    1.05829535e+01 1.49300718e+01 2.10024452e+01 8.34447384e+00
    2.62299776e+00 1.20294447e+01 2.16844940e+01 1.60035229e+01
    3.84464645e+01 3.83912048e+01 1.93956947e+01 1.68431902e+00
    2.90527439e+01 3.75844917e+01 2.30788689e+01 2.86365147e+01
    1.47190714e+01 5.15453434e+00 1.35461464e+01 2.28982811e+01
    1.18541670e+01 1.57577162e+01 1.40963440e+01 5.95333338e-01
    1.97623646e+00 2.98255825e+01 1.99729195e+01 2.89179726e+01
    3.65574913e+01 3.84937172e+01 3.49640007e+01 1.57403860e+01
    1.29821568e+01 2.62832527e+01 5.62091017e+00 2.84323997e+01
    2.03692150e+01 1.50113707e+01 1.95206203e+01 3.92197571e+01
    1.45643559e+01 1.23510590e+01 2.71331272e+01 3.88412895e+01
    4.86114311e+00 1.75252571e+01 1.28068428e+01 3.65799278e-01
    1.44988041e+01 1.11188924e+00 8.37305561e-02 1.91095066e+01
    5.15583706e+00 3.24667664e+01 3.22145119e+01 2.04537277e+01
    2.59093895e+01 3.31729126e+01 3.28768005e+01 6.39000750e+00
    8.22415733e+00 1.11761370e+01 5.59554720e+00 2.91063881e+01
    3.78201981e+01 1.61258488e+01 1.81887341e+01 2.97506499e+00
    3.09474602e+01 3.65483131e+01 1.76541557e+01 2.85417919e+01
    5.47719002e+00 2.12996044e+01 2.82173328e+01 3.91447105e+01
    1.84973660e+01 3.33227692e+01 5.63723183e+00 3.58246231e+01
    3.25749359e+01 2.75131874e+01 6.47842932e+00 2.71925659e+01
    2.25667572e+00 1.36433020e+01 2.93217697e+01 9.78474998e+00
    3.56221504e+01 9.61125469e+00 8.69913006e+00 5.58679914e+00
    1.97109203e+01 6.25802708e+00 3.35985527e+01 2.82482452e+01
    2.92434368e+01 2.24941673e+01 3.36178894e+01 1.71831360e+01
    2.65918541e+01 1.54389572e+01 5.92256129e-01 9.17762566e+00
    3.76194954e+01 1.99217834e+01 3.17580643e+01 2.99721794e+01
    1.79239388e+01 3.79220695e+01 6.16409016e+00 8.81500530e+00
    2.79555054e+01 2.87293358e+01 6.11737776e+00 1.10841894e+01
    2.89466724e+01 1.74742298e+01 3.73074799e+01 2.48126221e+01
    2.73137169e+01 1.61906528e+00 1.82169304e+01 2.24366169e+01
    2.12551289e+01 2.68964481e+01 3.73244057e+01 1.33691196e+01
    3.53393059e+01 1.05244522e+01 3.38532791e+01 5.80480480e+00
    2.05982342e+01 1.70613441e+01 9.54891109e+00 6.14974070e+00
    3.77809448e+01 1.21671686e+01 3.96376419e+01 3.73592072e+01
    1.25564508e+01 1.82555401e+00 1.68242321e+01 3.40125504e+01
    8.60469532e+00 3.36557503e+01 3.60412407e+01 1.89506454e+01
    1.66452656e+01 8.67077827e+00 3.64064369e+01 3.23403015e+01
    5.95556021e+00 3.45388565e+01 2.89621105e+01 1.37897086e+00
    1.12191648e+01 1.28474274e+01 9.34412554e-02 2.22276611e+01
    2.26727600e+01 2.76296749e+01 1.03420293e+00 1.38964453e+01
    2.83591824e+01 3.13356228e+01 2.63574386e+00 1.78108845e+01
    1.74826298e+01 1.99220810e+01 5.11234903e+00 1.53948584e+01
    9.03865433e+00 2.57710934e+01 1.77788982e+01 3.09155655e+01
    9.17048740e+00 2.22416286e+01 1.22973986e+01 1.73498833e+00
    2.02192059e+01 2.14380913e+01 2.00039654e+01 4.48226976e+00
    7.56055021e+00 1.63204689e+01 1.36833849e+01 3.32540436e+01
    1.20877190e+01 3.14049091e+01 1.50361786e+01 3.14439926e+01
    3.13974495e+01 3.06236515e+01 3.14137993e+01 1.08620071e+01
    3.20887108e+01 3.01886940e+01 3.72851067e+01 2.19504490e+01
    2.90143538e+00 2.10487328e+01 3.96156883e+01 3.09207840e+01
    1.68434753e+01 8.47488117e+00 3.54434319e+01 3.49521947e+00
    2.92333469e+01 2.97248707e+01 8.50323868e+00 2.56432171e+01
    3.66785278e+01 6.81999016e+00 2.48875952e+00 1.16183071e+01
    2.66019573e+01 3.35988121e+01 1.07562008e+01 3.61928596e+01
    1.58476849e+01 1.80634441e+01 1.57493744e+01 3.04095135e+01
    2.00995979e+01 1.17468681e+01 3.34269333e+01 8.78421307e+00
    2.13917141e+01 2.14268951e+01 3.00206928e+01 1.70175800e+01
    1.45079336e+01 2.15184727e+01 1.39440231e+01 1.54828453e+00
    3.83817787e+01 7.16471672e+00 2.54090366e+01 2.68795700e+01
    1.62434711e+01 2.05204868e+00 1.22332401e+01 3.93466072e+01
    3.24022141e+01 2.61495152e+01 2.96955490e+00 6.22253609e+00
    1.55895529e+01 2.91840801e+01 1.15882101e+01 2.98479824e+01
    1.10507834e+00 3.08687344e+01 3.32983708e+00 3.84093552e+01
    1.23864002e+01 6.66551828e-01 1.96958351e+01 1.50911818e+01
    2.18265324e+01 3.29158211e+01 4.40569782e+00 4.88578701e+00
    3.15506744e+01 3.36315231e+01 3.18998013e+01 2.59471169e+01
    6.46435308e+00 1.56980228e+01 2.55768585e+01 1.34458637e+01
    1.80154686e+01 7.67547786e-02 3.58458557e+01 1.12192106e+01
    3.69372253e+01 4.70298433e+00 1.42125397e+01 2.66809750e+01
    3.35098686e+01 1.36635656e+01 1.01171789e+01 8.46122074e+00
    1.41498966e+01 1.36537123e+01 4.29694033e+00 3.75039825e+01
    2.29414120e+01 3.41483154e+01 1.31252375e+01 8.62314415e+00
    1.09197216e+01 6.47106314e+00 3.29327011e+01 2.51862106e+01
    5.10602045e+00 1.20191298e+01 2.49055758e-01 1.00427027e+01
    3.13647156e+01 2.21952667e+01 3.68569756e+01 8.96564388e+00
    3.28368416e+01 2.17565422e+01 1.84580746e+01 1.48174849e+01
    3.35121803e+01 3.21024323e+01 2.02345295e+01 2.42650757e+01
    4.38746452e+00 2.24412327e+01 9.39348412e+00 3.13689346e+01
    2.70955315e+01 2.18364544e+01 3.05135593e+01 3.88032265e+01
    3.42694244e+01 4.98713112e+00 3.05940895e+01 8.10441685e+00
    1.74184151e+01 9.64580727e+00 6.41204834e+00 1.49076691e+01
    9.13537121e+00 1.37935197e+00 3.35504875e+01 3.31156301e+00
    3.20672836e+01 3.55353928e+01 2.84272823e+01 1.04401808e+01
    2.88488750e+01 5.28649855e+00 3.93509407e+01 7.88430834e+00
    3.43370438e+01 1.27765999e+01 1.34563437e+01 1.08928356e+01
    1.46893368e+01 2.81836815e+01 3.58009300e+01 2.14615154e+01
    1.23155317e+01 1.94511967e+01 2.61919746e+01 2.88957233e+01
    3.28956871e+01 3.80444641e+01 3.22825360e+00 1.59074774e+01
    4.13406038e+00 1.30848513e+01 1.67496529e+01 1.96718609e+00
    2.81556339e+01 2.00160561e+01 2.91008019e+00 3.84086061e+00
    2.63633919e+01 2.56702709e+01 1.10810928e+01 3.53196220e+01
    4.57880211e+00 3.30754585e+01 1.46240292e+01 1.80369034e+01
    5.78191614e+00 3.82638512e+01 1.88479118e+01 1.18967419e+01
    2.85341911e+01 3.93069801e+01 2.23802567e+01 8.65977478e+00
    1.87150803e+01 2.22169456e+01 2.35924530e+01 1.62695656e+01
    1.70054874e+01 9.39220333e+00 2.06691399e+01 5.24074078e+00
    2.93473778e+01 3.18366470e+01 2.67960033e+01 6.48468494e+00
    3.33427849e+01 2.81812935e+01 2.51952248e+01 2.17884789e+01
    1.51058578e+01 1.16946468e+01 1.46210623e+01 1.04203105e+00
    3.04184017e+01 6.09728682e-04 3.85679741e+01 1.04275215e+00
    7.92640162e+00 2.48560219e+01 3.01031456e+01 9.34466267e+00
    2.44660625e+01 1.70961437e+01 9.67621231e+00 1.48454704e+01
    3.40980644e+01 3.76265984e+01 3.71851692e+01 3.26599121e+01
    3.87504578e+01 3.70309258e+01 1.18491468e+01 3.51052933e+01
    1.12403383e+01 8.05835485e-01 3.23340530e+01 2.57999153e+01
    1.18303747e+01 2.83572483e+01 7.19971895e+00 3.04859200e+01
    2.45756607e+01 2.20445518e+01 1.02383795e+01 2.93699799e+01
    3.52734613e+00 2.52326512e+00 2.80201569e+01 9.48793888e+00
    1.16637774e+01 1.18578224e+01 2.05574965e+00 9.43333328e-01
    3.85800705e+01 7.15696812e+00 2.31874943e+00 6.02505159e+00
    4.62210178e+00 3.64645052e+00 3.20004539e+01 1.03761177e+01
    2.19639244e+01 3.53868675e+01 1.15482826e+01 3.94792137e+01
    6.94817877e+00 2.86187954e+01 3.19534245e+01 3.94671936e+01
    8.24710751e+00 3.25562477e+01 2.59734039e+01 3.53481293e+01
    1.31784029e+01 3.55023384e+01 6.97998905e+00 2.30825100e+01
    1.01629457e+01 1.55972071e+01 3.50422592e+01 2.24405937e+01
    2.58304348e+01 2.41118699e-01 2.57041607e+01 3.21081085e+01
    2.69431210e+01 2.09737282e+01 9.36925697e+00 5.74714947e+00
    1.76030197e+01 9.64798641e+00 3.33972511e+01 3.33695679e+01
    7.26380873e+00 2.25552559e+01 5.60508060e+00 1.87646809e+01
    1.47017012e+01 1.24480772e+01 2.85682640e+01 3.00252399e+01
    3.68688316e+01 4.22290134e+00 3.62885094e+01 4.80374146e+00
    3.73659363e+01 2.43391609e+01 7.45941973e+00 7.06956482e+00
    1.35127039e+01 2.37567959e+01 1.03042231e+01 2.03575478e+01
    2.39962769e+01 3.12398300e+01 1.53771181e+01 3.30718193e+01
    3.80843658e+01 3.46322846e+00 1.29295082e+01 2.01856556e+01
    8.80268574e+00 7.25488997e+00 8.44467926e+00 2.28790798e+01
    3.67036362e+01 3.52621193e+01 1.85811234e+01 2.02903576e+01
    3.31901474e+01 3.73492813e+01 5.35384560e+00 8.59807491e+00
    2.63698349e+01 2.82613258e+01 8.25127697e+00 8.40571880e+00
    3.36845627e+01 3.85711212e+01 2.97868977e+01 1.81976662e+01
    2.94645405e+01 2.74202805e+01 8.08173752e+00 3.03928781e+00
    1.98960533e+01 2.36058846e+01 3.53586807e+01 2.83692856e+01
    2.25321388e+01 1.66375198e+01 3.50007439e+01 3.23597598e+00
    2.81083512e+00 3.97196312e+01 3.51407204e+01 1.34257650e+01
    3.19138641e+01 3.13939762e+01 2.21978168e+01 3.95694084e+01
    3.92103119e+01 2.25272083e+01 1.39938641e+01 1.29173079e+01
    3.93620529e+01 1.63844662e+01 3.68721619e+01 3.32285309e+01
    3.37399330e+01 3.49675064e+01 5.01763296e+00 2.43930874e+01
    2.84233704e+01 1.73233867e+00 3.90663033e+01 1.83602524e+01
    3.70066452e+01 3.75041542e+01 1.77343826e+01 8.51676846e+00
    3.66005898e+01 3.00951786e+01 2.40375938e+01 2.07141533e+01
    2.95187225e+01 3.81732851e-01 2.15313053e+01 1.63180695e+01
    2.00586224e+01 1.42655888e+01 2.33883610e+01 3.45048904e+00
    2.89824505e+01 2.33924141e+01 3.72936668e+01 3.58553009e+01
    3.78588982e+01 3.05995235e+01 5.07874377e-02 2.65346737e+01
    7.70893383e+00 3.34801521e+01 1.69072247e+01 1.16808681e+01
    3.23917770e+01 1.29076281e+01 2.61464930e+00 3.48491745e+01
    2.37230034e+01 3.01454144e+01 1.76416359e+01 1.05168810e+01
    1.67137260e+01 1.49174175e+01 3.10217609e+01 3.67947998e+01
    8.85682106e+00 3.85369873e+01 1.32558794e+01 2.88599148e+01
    3.11186275e+01 1.52290115e+01 2.28023720e+00 3.47566833e+01
    1.89417019e+01 3.45687943e+01 9.41758823e+00 8.70085812e+00
    4.23658341e-01 2.19284077e+01 2.30417824e+01 1.52279921e+01
    3.22603874e+01 1.21496916e+00 8.21031189e+00 4.36781502e+00
    2.40194154e+00 5.22920656e+00 2.87561378e+01 4.76946783e+00
    1.65122497e+00 8.29006958e+00 1.71819532e+00 2.17489738e+01
    3.86627350e+01 1.08542528e+01 1.75252857e+01 2.69152069e+01
    4.36331272e+00 3.36728058e+01 3.04873676e+01 1.13778317e+00
    1.85986023e+01 2.44224339e+01 7.87708378e+00 3.36939788e+00
    5.65945768e+00 3.78161469e+01 2.72633915e+01 9.74918842e+00
    5.12483478e-01 2.68485336e+01 7.27046919e+00 3.05340118e+01
    1.36152220e+01 1.06500492e+01 2.25316811e+01 1.75902748e+01
    1.81384125e+01 3.63512154e+01 8.05920219e+00 7.92286301e+00
    3.00598469e+01 2.71530399e+01 2.69175739e+01 2.18014679e+01
    1.95940762e+01 7.81927586e+00 3.38921051e+01 3.55132675e+01
    6.81715393e+00 8.88921165e+00 2.46960220e+01 1.85817909e+01
    7.99447107e+00 3.43603058e+01 1.12992887e+01 3.72907639e+01
    3.67554893e+01 1.24964027e+01 1.75129375e+01 2.06949825e+01
    3.42346115e+01 5.65530348e+00 2.55761662e+01 2.44309502e+01
    1.94472122e+01 1.32983856e+01 3.82968864e+01 2.00061779e+01
    1.75335732e+01 1.46809273e+01 6.86215067e+00 1.75173359e+01
    3.38754044e+01 2.82062912e+00 1.55849581e+01 5.79491186e+00
    2.43382931e+01 3.18229675e+01 2.30906487e+01 5.65570354e+00
    3.39116898e+01 6.44077826e+00 2.95842910e+00 6.04632902e+00
    2.46431427e+01 3.74307156e+00 2.15714130e+01 3.00693583e+00
    6.39715493e-01 2.19327278e+01 9.65430164e+00 1.95923386e+01
    2.92246857e+01 1.53678503e+01 1.76443634e+01 2.76775188e+01
    2.75498524e+01 2.40789185e+01 1.05199900e+01 2.14182091e+00
    2.30553055e+01 6.40937614e+00 2.67777805e+01 2.98240719e+01
    4.23408937e+00 1.11214886e+01 4.56324768e+00 3.32126427e+00
    2.13665428e+01 2.15944347e+01 1.88470783e+01 4.03964818e-01
    2.22467270e+01 3.67014580e+01 2.56228313e+01 1.23766575e+01
    3.36775327e+00 2.60091705e+01 8.23701572e+00 9.12068272e+00
    3.17517643e+01 2.53561172e+01 1.25193806e+01 1.13313332e+01
    2.07949200e+01 1.97364159e+01 3.38978729e+01 1.87377930e+01
    1.53016491e+01 3.40784111e+01 3.01840496e+01 3.74450798e+01
    2.00094872e+01 3.54914970e+01 9.17169857e+00 8.89798450e+00
    4.79762745e+00 1.62958317e+01 2.58157959e+01 1.12017069e+01
    1.06433659e+01 1.45406904e+01 5.48896456e+00 6.64050865e+00
    1.58369493e+01 3.73028030e+01 3.91477356e+01 5.00964212e+00
    9.17687225e+00 2.00268822e+01 1.62989655e+01 3.95660248e+01
    2.46863194e+01 2.07661285e+01 1.12902136e+01 2.43502026e+01
    3.13079815e+01 1.42829924e+01 3.88984489e+01 6.51621008e+00
    1.64522285e+01 8.14814186e+00 1.34122801e+01 1.01480156e-01
    1.11635771e+01 2.30915871e+01 2.14083004e+01 6.12128592e+00
    2.09770622e+01 3.07745609e+01 3.05212917e+01 3.82276154e+01
    7.31619215e+00 1.91202545e+01 2.33973598e+01 8.95277405e+00
    1.23201990e+01 3.71226120e+01 1.68955479e+01 6.97811127e+00
    2.48964882e+01 2.49447994e+01 3.61958542e+01 2.26683402e+00
    2.04707298e+01 5.06052434e-01 2.48485508e+01 3.16316566e+01
    2.37322750e+01 1.81452293e+01 9.10403919e+00 3.43793602e+01
    2.62007446e+01 3.07705021e+01 1.37539601e+00 1.52744913e+01
    2.25308647e+01 3.26994362e+01 2.06851673e+01 3.22094765e+01
    7.14445066e+00 1.33569880e+01 1.80084038e+01 1.45346670e+01
    3.11053944e+01 2.84417152e+01 3.05306530e+01 6.33097124e+00
    1.49718571e+01 3.96430473e+01 2.38299179e+01 2.05764427e+01
    2.55631313e+01 3.28016014e+01 3.13386078e+01 1.21212664e+01
    2.34173565e+01 2.39870529e+01 2.48458672e+01 5.05024099e+00
    1.74443264e+01 2.80492077e+01 2.59049435e+01 6.26508474e+00
    3.43667450e+01 2.16119995e+01 1.30079880e+01 1.26003189e+01
    3.73228693e+00 1.27484121e+01 9.91399097e+00 7.91161251e+00
    2.54007816e+01 3.98774076e+00 1.20008707e+01 1.09317243e+00
    3.81237602e+01 1.00702791e+01 3.03652859e+01 3.16639462e+01
    7.75353956e+00 3.20558929e+01 1.70945663e+01 6.16532040e+00
    1.49064007e+01 2.72800579e+01 2.10242691e+01 3.83640556e+01
    3.25935402e+01 1.55757141e+01 3.85465384e+00 2.65663967e+01
    3.88665199e+01 3.65281944e+01 2.19526424e+01 3.41306305e+01
    1.64877377e+01 1.45505838e+01 2.37573624e+01 2.75918198e+01
    4.69067478e+00 1.26309881e+01 1.13375425e+00 3.27595444e+01
    3.75148392e+01 7.49660850e-01 3.81505537e+00 1.68683987e+01
    2.25947309e+00 1.80751495e+01 1.58135986e+01 8.74546719e+00
    1.22177944e+01 1.21239567e+01 1.52754612e+01 2.47591543e+00
    1.45816460e+01 8.66623020e+00 3.74368896e+01 7.11413336e+00
    3.16245880e+01 1.58689528e+01 3.55290489e+01 3.18912621e+01
    3.28115578e+01 3.12685852e+01 1.01078644e+01 1.38565960e+01
    9.13392663e-01 9.21448112e-01 3.00272751e+01 3.66917076e+01
    2.35018134e+00 2.18750000e+01 3.20000191e+01 6.69125938e+00
    3.46217957e+01 1.82771683e+01 3.91623192e+01 1.74180088e+01
    3.10239410e+01 1.25794401e+01 1.35931273e+01 2.15182705e+01
    2.08369503e+01 2.78880024e+01 9.49602795e+00 3.17056217e+01
    1.40155039e+01 1.23465023e+01 1.95572414e+01 7.87535477e+00
    1.19154129e+01 3.60094261e+01 6.45406723e-01 3.45842781e+01
    2.75459003e+01 3.46438179e+01 3.18153439e+01 3.06746235e+01
    1.69911957e+01 2.80741310e+01 1.16380272e+01 3.58104820e+01
    2.28998013e+01 3.64703712e+01 3.81804771e+01 1.80507374e+01
    6.89424419e+00 3.53838768e+01 5.15895987e+00 3.31216583e+01
    3.40992622e+01 3.84621544e+01 3.50063782e+01 3.94419823e+01
    6.86368227e+00 1.67962856e+01 1.36784697e+01 3.41280823e+01
    2.42764874e+01 7.79933500e+00 4.80416155e+00 2.45908375e+01
    1.52293644e+01 3.96933784e+01 2.39328537e+01 3.64853134e+01
    2.29726868e+01 3.65438385e+01 2.94306660e+01 1.96041279e+01
    7.64404535e-01 3.61461431e-01 2.30086193e+01 1.09829798e+01
    2.79939594e+01 1.15917730e+01 2.76043816e+01 3.59340897e+01
    8.30445385e+00 8.10671806e+00 2.85426617e+01 1.36250525e+01
    3.56694717e+01 3.25498848e+01 5.90734434e+00 3.44161263e+01
    1.57351513e+01 1.27027473e+01 2.27880459e+01 2.90714149e+01
    2.92731476e+01 3.68042946e+01 3.56048927e+01 1.20312631e+00
    1.85433884e+01 2.41687622e+01 2.61889858e+01 1.66696434e+01
    2.70321598e+01 3.42274399e+01 3.07698898e+01 1.33569753e+00
    1.00745153e+01 1.64349499e+01 1.34075537e+01 4.12288141e+00
    2.24943962e+01 1.07655582e+01 2.86525707e+01 2.30588093e+01
    2.22187557e+01 1.88203735e+01 2.58639832e+01 3.11813450e+01
    2.86752529e+01 1.87128754e+01 3.53694649e+01 2.27417297e+01
    2.66839199e+01 6.34826756e+00 2.42048016e+01 1.27990732e+01
    1.17790442e+01 4.69439363e+00 2.19540253e+01 3.00054188e+01
    2.06452427e+01 3.37704620e+01 2.04158344e+01 8.55512333e+00
    5.91626644e+00 2.57880116e+01 3.95938606e+01 2.32030106e+00
    3.62324715e+01 1.66985476e+00 4.08968019e+00 1.22221603e+01
    2.45909653e+01 2.86472626e+01 3.00802755e+00 3.61544533e+01
    2.29905968e+01 2.68542595e+01 2.21458435e+00 2.35868621e+00
    5.79246998e-01 2.13633709e+01 1.90430450e+01 2.19795399e+01
    2.76901207e+01 3.46993351e+00 2.94734974e+01 1.41463623e+01
    3.50382376e+00 3.43917809e+01 2.00892639e+01 2.62819481e+00
    3.33755417e+01 3.65130463e+01 2.50843086e+01 1.25885496e+01
    3.52600784e+01 2.98916588e+01 3.89877357e+01 2.29535789e+01
    1.31513481e+01 8.81377125e+00 8.15115452e+00 3.05455303e+01
    1.77540169e+01 1.47495155e+01 1.27585459e+01 3.23704605e+01
    7.00763845e+00 1.92653313e+01 5.77325439e+00 2.22615242e+01
    2.87890511e+01 2.92670536e+01 3.57492371e+01 2.61134319e+01
    1.35137892e+01 1.59723444e+01 3.73989067e+01 1.83901711e+01
    9.03783798e+00 2.64120502e+01 3.62446518e+01 3.81666541e+00
    3.84519615e+01 6.39501476e+00 3.47646022e+00 1.87234211e+01
    3.17642651e+01 7.67790747e+00 1.55827532e+01 5.13293791e+00
    3.10190907e+01 4.54535484e+00 1.80171108e+01 1.68398304e+01
    1.62752800e+01 1.11144953e+01 1.12243757e+01 1.88699913e+01
    1.30463896e+01 2.29279709e+01 2.28386078e+01 3.58539658e+01
    1.69190025e+01 3.60766945e+01 1.81577337e+00 1.53521605e+01
    1.06623869e+01 2.36013126e+00 1.27277727e+01 1.95533295e+01
    4.11473751e+00 2.47916470e+01 7.97910738e+00 1.60788193e+01
    6.52797651e+00 1.29767857e+01 1.95687237e+01 2.37760124e+01
    1.90651913e+01 3.02809772e+01 3.20543938e+01 3.02077961e+01
    3.47115402e+01 1.24821532e+00 3.39878349e+01 2.63858471e+01
    1.23487368e+01 1.97460861e+01 3.18296833e+01 1.55832596e+01
    2.24115524e+01 3.14703407e+01 2.74050694e+01 2.44114475e+01
    2.00991726e+01 1.51396265e+01 1.94512653e+01 1.10250731e+01
    1.74820156e+01 3.42053566e+01 2.22419052e+01 2.90136242e+01
    2.45311775e+01 2.86799660e+01 8.05223942e+00 2.11647549e+01
    1.88716831e+01 2.71937656e+01 3.55302429e+01 3.13286629e+01
    2.50869503e+01 1.38850892e+00 1.42322922e+01 3.16947899e+01
    1.04249334e+01 2.84106941e+01 1.77024326e+01 3.95689964e+01
    2.59883251e+01 3.81467094e+01 1.92172565e+01 3.35967560e+01
    1.69900532e+01 3.55688705e+01 1.20624247e+01 9.54594231e+00
    2.60584335e+01 3.80511894e+01 3.44906082e+01 9.64898777e+00
    2.46994152e+01 2.63356457e+01 3.56754112e+01 3.21171799e+01
    1.39200745e+01 2.60736217e+01 1.60462837e+01 1.42725301e+00
    7.18358231e+00 3.08163319e+01 1.48671837e+01 2.89549084e+01
    2.03625050e+01 1.57060699e+01 1.24927454e+01 5.68498755e+00
    6.07225847e+00 3.62322121e+01 3.46201630e+01 3.92738876e+01
    2.87523670e+01 2.01422424e+01 3.22736511e+01 3.50726700e+01
    1.44160662e+01 2.08182220e+01 2.03480396e+01 5.12879658e+00
    2.10769711e+01 2.75366745e+01 2.86819153e+01 3.95826530e+01
    3.55107460e+01 1.25961657e+01 8.96502686e+00 4.96382141e+00
    3.48226624e+01 4.76447678e+00 2.63388653e+01 1.73764305e+01
    1.94828377e+01 3.79774132e+01 3.73401527e+01 2.31008835e+01
    2.79777184e+01 2.70564251e+01 1.32996206e+01 4.72700882e+00
    3.89884415e+01 7.24791908e+00 1.21250086e+01 8.01722050e+00
    1.55064058e+01 1.25171518e+01 2.83414707e+01 3.32673874e+01
    2.00269852e+01 3.86581192e+01 5.49869895e-01 3.24821472e+01
    1.04668341e+01 2.60349045e+01 3.94092751e+01 3.73349228e+01
    3.46736169e+00 6.66846943e+00 2.93567047e+01 3.40347290e+01
    8.30174446e+00 4.27437401e+00 2.46280556e+01 7.58744478e+00
    3.09268379e+01 4.49746609e+00 3.90981841e+00 6.09291410e+00
    3.70568199e+01 2.13869019e+01 1.02082977e+01 1.06820545e+01
    3.40803504e+00 4.42111015e+00 1.81591511e+01 3.75358849e+01
    2.74747963e+01 2.56180706e+01 3.43740921e+01 9.63172054e+00
    2.03709965e+01 1.36182636e-01 2.10663528e+01 3.77360535e+01
    2.02683277e+01 1.24961586e+01 1.76210938e+01 1.21984997e+01
    2.54990101e+00 2.22614288e+01 3.34496574e+01 3.87459450e+01
    4.90775943e-01 1.68808556e+00 3.23243904e+01 1.74282417e+01
    4.82315731e+00 3.95282784e+01 2.64922371e+01 3.59355125e+01
    5.37143135e+00 1.65746117e+01 8.92101669e+00 3.81484146e+01
    3.23853035e+01 2.51517630e+00 1.98765106e+01 1.10967236e+01
    1.26001606e+01 2.44126759e+01 2.88022804e+01 1.62290856e-01
    1.55304432e+00 7.78354645e+00 3.70523376e+01 3.77139091e-01
    3.52395973e+01 1.75787659e+01 1.26516466e+01 2.32493186e+00
    3.33094215e+00 2.01255245e+01 3.61148262e+01 2.99834671e+01
    8.87953281e+00 2.80267010e+01 1.10798721e+01 1.32889214e+01
    2.12785149e+01 1.37620747e+00 2.36280403e+01 1.87524986e+01
    1.73565197e+01 1.23763237e+01 6.16004419e+00 7.73923397e-01
    3.69625282e+01 1.31840219e+01 8.66702974e-01 1.58220778e+01
    1.99061737e+01 1.24448166e+01 3.29552269e+01 3.34462929e+00
    3.81234474e+01 1.96175976e+01 3.03469963e+01 3.70395775e+01
    3.36494751e+01 2.61722260e+01 2.05130424e+01 2.47937336e+01
    2.91231728e+01 3.61869850e+01 3.83147430e+00 3.85541382e+01
    3.83859940e+01 7.84519100e+00 1.64333045e+00 2.33765621e+01
    1.98804712e+00 1.18861294e+01 3.73539772e+01 1.75207863e+01
    1.68187103e+01 3.74607086e+01 1.95146990e+00 1.95479507e+01
    2.95153503e+01 7.51912773e-01 5.27688313e+00 6.96330023e+00
    2.03978996e+01 6.83414841e+00 3.88871994e+01 9.67763233e+00
    3.03803444e+01 2.56857777e+01 3.68097472e+00 2.56244621e+01
    3.39952469e+01 1.06240072e+01 1.43069630e+01 3.63403244e+01
    1.12526932e+01 3.56102982e+01 2.15571213e+01 1.47208738e+01
    1.54800129e+01 1.11004467e+01 3.06672897e+01 2.26703606e+01
    4.07668781e+00 9.51210594e+00 2.30304356e+01 1.99699974e+01
    5.37269354e-01 2.06178627e+01 2.42972374e+01 3.47658195e+01
    3.01138997e+00 3.21480942e+01 4.52228165e+00 2.40603447e+01
    1.56455593e+01 5.79060018e-01 2.16734219e+01 2.73549652e+01
    9.26772690e+00 2.91617393e+00 3.18380089e+01 3.87288055e+01
    1.14927936e+00 2.06407776e+01 1.08790092e+01 9.10940361e+00
    1.66226616e+01 1.12745581e+01 3.55497055e+01 4.87764645e+00
    1.03660355e+01 1.98111000e+01 3.96515007e+01 3.20804939e+01
    3.79657555e+01 2.62969112e+00 1.10828485e+01 7.77088356e+00
    3.14468536e+01 2.05451565e+01 1.88541031e+01 3.18674698e+01
    2.41008759e+01 2.93773041e+01 3.49951118e-01 3.62624397e+01
    4.59627867e+00 7.26662970e+00 9.96300602e+00 5.24765921e+00
    3.76670990e+01 1.81580944e+01 3.08865604e+01 2.00707474e+01
    1.59271822e+01 2.09614253e+00 1.63623543e+01 2.93413792e+01
    8.33927727e+00 7.94407129e+00 1.98084259e+01 2.60147572e+01
    1.24911547e+01 3.13128967e+01 2.05219593e+01 1.20962029e+01
    1.15054188e+01 2.33456326e+01 4.19743347e+00 1.14061813e+01
    3.36653061e+01 9.04826927e+00 1.71174884e+00 5.15176821e+00
    3.39196968e+01 4.53317255e-01 1.07671738e+01 3.57167549e+01
    2.37214108e+01 2.20535183e+01 2.24746132e+01 3.15493793e+01
    5.70507109e-01 2.68347168e+01 3.61073265e+01 3.30159607e+01
    2.97194290e+01 1.33921537e+01 2.08764153e+01 7.68907309e+00
    3.16438065e+01 9.98244476e+00 2.31276588e+01 2.74292336e+01
    3.14457836e+01 7.00926733e+00 3.12905884e+01 2.14639912e+01
    5.09015226e+00 1.24862452e+01 3.07626019e+01 3.38914032e+01
    4.79166031e+00 4.51559830e+00 3.65794792e+01 1.00483150e+01
    1.71165924e+01 1.04983938e+00 1.81180401e+01 1.84049129e+01
    1.63123837e+01 8.94758320e+00 1.53249073e+01 2.00478039e+01
    9.89550877e+00 6.26432323e+00 9.29716110e+00 2.97113876e+01
    7.85940838e+00 1.78173485e+01 1.60496426e+01 3.47870293e+01
    2.28455906e+01 3.51646919e+01 1.58182831e+01 1.61022484e+00
    1.26669092e+01 3.24638939e+01 2.44107704e+01 3.70859032e+01
    1.73199768e+01 2.92617035e+01 1.83272781e+01 1.08945694e+01
    2.08239803e+01 1.21048517e+01 2.53654060e+01 8.39992619e+00
    6.52846861e+00 9.67692733e-02 2.84260559e+01 3.66167259e+01
    2.26117744e+01 1.97960567e+01 8.72830105e+00 2.41466665e+00
    1.75801544e+01 7.59184361e+00 1.25811768e+01 2.14481997e+00
    2.93644180e+01 3.01006012e+01 7.22849798e+00 1.76508007e+01
    2.13807945e+01 7.32755280e+00 3.53958282e+01 6.16479063e+00
    1.53632002e+01 2.57562618e+01 1.72703056e+01 2.46433372e+01
    2.19028053e+01 2.89419498e+01 1.58744860e+01 2.88917446e+01
    9.90734768e+00 2.83506103e-02 2.58304920e+01 1.24740553e+01
    2.32528610e+01 6.96678114e+00 3.46011238e+01 2.81438732e+01
    2.77720203e+01 3.79941673e+01 3.29576073e+01 4.58947468e+00
    2.66143723e+01 1.94501152e+01 1.60484085e+01 2.88265247e+01
    3.19331026e+00 2.26343403e+01 2.12986450e+01 3.39963722e+01
    2.89070988e+01 1.04298286e+01 1.91031017e+01 3.76081581e+01
    2.78407917e+01 1.39375696e+01 3.64422951e+01 3.60647888e+01
    5.60965347e+00 1.28044376e+01 1.44478331e+01 2.15263882e+01
    3.02116661e+01 4.75882721e+00 2.45348778e+01 1.21344433e+01
    3.38217430e+01 1.72403603e+01 1.06871815e+01 3.08183689e+01
    3.40168457e+01 2.13164310e+01 2.08966970e+00 3.18908176e+01
    7.57489145e-01 4.69352770e+00 3.83628845e+01 2.05347252e+01
    3.18860221e+00 2.56165390e+01 2.43039036e+01 2.76876183e+01
    2.92666950e+01 2.76215172e+01 6.70199752e-01 1.45277052e+01
    1.58307724e+01 3.52465096e+01 1.89791927e+01 1.12614822e+01
    1.97865200e+01 1.51705093e+01 1.51717529e+01 1.79383659e+01
    1.19010572e+01 2.25029125e+01 1.01440639e+01 3.37141342e+01
    3.78760757e+01 2.05737874e-01 1.51387606e+01 2.01714001e+01
    1.08450708e+01 8.17114830e+00 7.93747187e+00 3.40446520e+00
    3.08993626e+01 3.96878510e+01 1.07355738e+01 1.25890293e+01
    5.20024014e+00 6.84815693e+00 3.18715286e+01 3.87416458e+00
    4.61284256e+00 6.87562704e+00 3.52672272e+01 9.75268555e+00
    2.45235977e+01 1.52967577e+01 1.91012611e+01 4.35919714e+00
    1.75718403e+00 1.56160831e+01 2.07025185e+01 3.07372971e+01
    1.48541918e+01 2.06379299e+01 1.75640011e+01 2.97444572e+01
    9.51765299e-01 1.46315107e+01 3.38459892e+01 2.96003876e+01
    3.56008315e+00 2.87595730e+01 2.29493027e+01 2.52236176e+01
    2.07298603e+01 1.65381393e+01 2.91918602e+01 3.09867458e+01
    3.97226601e+01 1.04519329e+01 2.24002419e+01 1.44918718e+01
    1.01996870e+01 2.01850739e+01 3.37587929e+01 2.56312351e+01
    3.34894791e+01 8.15624619e+00 8.25380516e+00 3.06393299e+01
    3.41605492e+01 9.43978786e+00 1.57250662e+01 2.81115608e+01
    1.20964823e+01 3.71253624e+01 3.86155357e+01 1.36399877e+00
    9.70482826e+00 3.10481396e+01 2.67516479e+01 2.38912640e+01
    1.22686329e+01 9.43001652e+00 1.41086798e+01 3.96810188e+01
    5.41839170e+00 3.52718277e+01 3.87173386e+01 1.77612953e+01
    1.14563787e+00 1.48186378e+01 3.26644058e+01 3.92768059e+01
    2.70549145e+01 2.11773796e+01 2.20974140e+01 1.83708324e+01
    1.30985487e+00 1.74633789e+01 2.19358139e+01 8.08270359e+00
    2.61116142e+01 3.14050179e+01 1.22595110e+01 5.20331860e+00
    2.85375748e+01 1.56758366e+01 2.33815432e+00 3.72056847e+01
    2.47402878e+01 3.64609718e+01 2.82640762e+01 1.79121532e+01
    2.07267151e+01 3.87640610e+01 1.81611595e+01 5.76776314e+00
    3.62917671e+01 3.00773954e+00 3.42151756e+01 1.41478157e+01
    3.46149750e+01 6.95442915e+00 1.34010878e+01 1.40244894e+01
    3.78508987e+01 1.87185907e+00 2.83827724e+01 1.03186331e+01
    1.09369364e+01 1.54631186e+01 3.79357529e+01 1.27366686e+01
    1.55645304e+01 9.71922016e+00 3.39201927e+01 3.56191864e+01
    1.91159973e+01 6.89710999e+00 2.55774040e+01 8.49909210e+00
    3.06677647e+01 3.61216125e+01 1.70540023e+00 3.69723206e+01
    3.14144878e+01 1.40482979e+01 1.10871277e+01 1.76758785e+01
    2.11103783e+01 3.25739174e+01 7.50919199e+00 8.64920139e+00
    3.61527371e+00 2.98929100e+01 3.00864944e+01 1.49267788e+01
    1.60853434e+00 1.42115574e+01 3.78382683e+01 1.89444847e+01
    6.26803207e+00 2.60815659e+01 3.64597702e+01 1.28293972e+01
    3.94166298e+01 1.37203217e+01 4.83969212e+00 3.08235683e+01
    2.60078392e+01 2.81336842e+01 1.14444351e+01 2.18164883e+01
    1.59945955e+01 3.99623704e+00 3.10367527e+01 3.90960732e+01
    2.17971158e+00 2.16672535e+01 2.00607634e+00 2.91725082e+01
    7.01248789e+00 3.30693579e+00 1.09673882e+01 1.64975471e+01
    1.25557270e+01 2.71767197e+01 2.82281780e+01 1.69538326e+01
    3.12674809e+01 1.37829285e+01 3.94837227e+01 8.11914921e+00
    2.33856678e+01 3.25986366e+01 2.04308872e+01 8.77405554e-02
    3.84332657e+01 2.65663605e+01 3.18052912e+00 3.76203041e+01
    2.69053383e+01 3.76174736e+01 2.57828579e+01 1.72765166e-01
    3.50610962e+01 3.00091190e+01 3.45007515e+01 5.75746119e-01
    2.63398438e+01 1.65386486e+01 2.71279812e+01 3.11217670e+01
    2.78700447e+01 2.82288799e+01 2.95076981e+01 2.87608147e+01
    3.72996259e+00 2.01839714e+01 2.20433865e+01 3.18360367e+01
    1.30928955e+01 3.50171509e+01 2.01682568e+01 3.71370964e+01
    2.98020840e+01 3.51346931e+01 5.37017059e+00 2.04354496e+01
    1.52727041e+01 1.97185383e+01 8.45437050e+00 3.56999512e+01
    1.97119141e+01 3.71713104e+01 1.01645327e+00 4.44652987e+00
    1.62517433e+01 3.95093803e+01 1.47405996e+01 6.67158127e+00
    1.46091461e+01 2.55540314e+01 6.47893143e+00 3.89249682e-01
    2.05132580e+01 2.15117130e+01 3.43488731e+01 1.17616034e+01
    2.78817959e+01 2.23674679e+01 2.68681278e+01 2.16396523e+01
    2.16660213e+01 1.15635624e+01 1.57239361e+01 8.57777309e+00
    2.82459545e+01 1.44974165e+01 3.07003193e+01 4.28328466e+00
    4.72056198e+00 2.96224174e+01 1.55763083e+01 1.31670799e+01
    3.63574371e+01 2.74049702e+01 3.04906750e+00 1.22013340e+01
    5.75631224e-02 7.81392813e+00 3.58483821e-01 2.85944881e+01
    2.93544254e+01 2.13456993e+01 3.59206581e+01 6.04179740e-01
    3.48622665e+01 4.25242710e+00 2.44263840e+01 2.42960358e+01
    2.29001484e+01 7.79962015e+00 1.98277092e+01 2.76733780e+01
    3.05841331e+01 3.96182709e+01 2.06746273e+01 1.27245057e+00
    2.61752605e+01 7.83566761e+00 3.83880463e+01 3.87099113e+01
    1.47424974e+01 8.45372391e+00 3.38172340e+01 3.71262779e+01
    5.60109711e+00 1.78765430e+01 3.30690575e+01 5.26745176e+00
    3.23687820e+01 1.32094729e+00 2.36727695e+01 3.39916878e+01
    8.10468388e+00 3.32061157e+01 3.29180756e+01 1.04621983e+01
    1.58598557e+01 1.31535606e+01 2.69799404e+01 3.90661049e+01
    2.06272392e+01 1.00280836e-01 1.14999294e+01 5.13294554e+00
    2.17080364e+01 3.17139220e+00 2.48021851e+01 3.96332474e+01
    7.94169950e+00 3.78334999e+01 2.46760406e+01 5.23749876e+00
    2.22937946e+01 2.83659725e+01 2.71962929e+01 1.39669170e+01
    2.12610016e+01 1.58958454e+01 3.15629158e+01 1.77310407e+00
    2.32872314e+01 2.76849723e+00 7.68132257e+00 3.39514656e+01
    2.11204720e+00 3.40978012e+01 3.73065109e+01 1.21175852e+01
    2.14210987e+01 8.81944466e+00 2.07029362e+01 3.64856529e+01
    2.65114021e+01 1.01066799e+01 3.87180595e+01 2.33290539e+01
    1.98049337e-01 3.21410942e+01 7.18146896e+00 3.69061699e+01
    3.90012970e+01 1.33385353e+01 2.81793728e+01 3.03344669e+01
    1.55429802e+01 3.01587524e+01 3.39048386e+00 1.69849701e+01
    1.94229584e+01 1.78821602e+01 2.69013290e+01 1.97361755e+01
    7.76780891e+00 3.75551605e+01 1.00950184e+01 1.93696404e+01
    1.03453770e+01 1.38391075e+01 2.69117184e+01 1.93738155e+01
    3.20774727e+01 3.21616058e+01 6.58818054e+00 2.71393776e+01
    5.38254417e-02 3.32915916e+01 3.05769005e+01 8.84833527e+00
    8.86126041e+00 4.81636238e+00 1.55637324e+00 3.55825729e+01
    3.06012878e+01 3.24608727e+01 2.65144463e+01 3.49451408e+01
    9.47165489e+00 1.60255184e+01 1.10381289e+01 3.32083130e+01
    3.95630145e+00 2.92665100e+01 3.65994453e+01 7.66778755e+00
    2.31380386e+01 2.48154888e+01 2.33180122e+01 9.49814224e+00
    4.40816164e-01 2.84320488e+01 1.36556053e+01 1.04695759e+01
    2.32757912e+01 1.02148743e+01 2.08293419e+01 2.07887173e+01
    3.53773804e+01 2.10097618e+01 1.80808506e+01 1.95005703e+01
    3.28872566e+01 3.06738167e+01 1.99954433e+01 3.84713402e+01
    2.12532101e+01 3.34842720e+01 3.43618202e+01 3.80524864e+01
    1.02437544e+01 2.92021790e+01 3.30868797e+01 2.26817932e+01
    3.61762619e+01 1.89266033e+01 4.67439699e+00 3.92664170e+00
    1.67085419e+01 2.51598721e+01 1.55375767e+01 2.76168423e+01
    3.70174599e+01 1.68924675e+01 3.49963531e+01 2.13253140e+00
    2.67274952e+01 2.00462074e+01 2.42620907e+01 1.55512304e+01
    7.03652716e+00 2.07851257e+01 1.08675747e+01 4.89233351e+00
    5.94682837e+00 2.54498558e+01 1.17831516e+01 3.39633942e+00
    1.02807365e-01 1.08856964e+01 2.54236870e+01 1.44958806e+00
    4.89684582e+00 2.67692108e+01 2.53237572e+01 2.09125543e+00
    1.72087345e+01 2.99177837e+01 2.51694107e+01 1.01990786e+01
    1.96374645e+01 3.79763055e+00 2.43115635e+01 1.18746204e+01
    4.99480367e-02 2.09392338e+01 2.67836914e+01 3.15934372e+00
    3.39928246e+00 1.40529366e+01 1.48103552e+01 3.90182495e+01
    3.01818581e+01 2.96797447e+01 4.90587741e-01 1.98096104e+01
    1.14188309e+01 3.59453659e+01 2.90542316e+00 3.69350700e+01
    4.41239929e+00 1.46635036e+01 3.84191666e+01 2.87615795e+01
    2.98775482e+01 2.53293762e+01 3.16739368e+01 2.86933765e+01
    3.82030029e+01 1.64569223e+00 1.37071428e+01 1.57845831e+01
    2.48878975e+01 3.92884521e+01 2.57855606e+01 2.30055351e+01
    1.15762167e+01 3.58857765e+01 1.43423343e+00 1.10588801e+00
    6.27801466e+00 1.22886753e+01 3.56714592e+01 3.91522026e+01
    3.10573521e+01 2.25185490e+01 6.83351564e+00 3.39610672e+01
    3.45081711e+01 3.38194046e+01 2.66139889e+01 2.39642677e+01
    3.12069111e+01 3.39112053e+01 1.46698837e+01 1.36896420e+01
    2.68402729e+01 1.83614216e+01 1.39961243e+01 3.45319901e+01
    3.41908798e+01 9.68419933e+00 6.77322197e+00 3.25099230e+00
    1.90065670e+01 6.96262455e+00 1.11969662e+01 1.80135751e+00
    4.68134880e+00 1.11868343e+01 2.18989849e+01 1.87840004e+01
    2.06767902e+01 7.72407770e-01 2.76682491e+01 2.11127796e+01
    3.07979031e+01 1.83562012e+01 1.02199888e+00 1.19399481e+01
    4.77959490e+00 2.76529961e+01 1.85082703e+01 2.14618187e+01
    6.51718140e+00 2.24232655e+01 3.23015137e+01 3.13336515e+00
    3.31191978e+01 1.44198980e+01 7.41679525e+00 3.04255886e+01
    1.24317379e+01 8.88471889e+00 2.25735855e+01 2.37785873e+01
    3.52332954e+01 7.82752466e+00 3.75738029e+01 5.28385043e-01
    2.17168450e+00 2.57335854e+01 2.82237854e+01 2.51370983e+01
    1.37505217e+01 8.66851521e+00 6.50322723e+00 2.86990452e+01
    1.56291161e+01 8.60086441e+00 2.23913727e+01 1.12004423e+01
    6.96222687e+00 1.00406218e+01 1.80367470e+01 8.12560463e+00
    3.75588989e+01 2.91981411e+01 2.05330505e+01 1.89395370e+01
    3.48634491e+01 2.12979374e+01 3.51235962e+01 6.17794275e+00
    3.52333679e+01 1.80662775e+00 3.33542099e+01 1.88025546e+00
    1.71435909e+01 1.12054319e+01 4.85567141e+00 3.88304405e+01
    3.91628494e+01 4.85552549e-01 3.91778755e+01 2.88870392e+01
    2.74019012e+01 1.09744921e+01 1.57466469e+01 3.54861450e+01
    3.67039986e+01 9.29218769e+00 2.64009037e+01 3.37642860e+01
    1.25416603e+01 2.11093464e+01 2.74504833e+01 9.71185207e+00
    1.31941671e+01 9.94713497e+00 2.29363689e+01 3.10795212e+01
    1.87259197e+01 3.72712059e+01 2.29606190e+01 3.23263321e+01
    2.98653851e+01 3.88641624e+01 4.56479564e-02 2.24942741e+01
    3.85443459e+01 4.64924383e+00 1.92860622e+01 3.81672325e+01
    3.94865227e+01 9.72785282e+00 2.27852077e+01 9.25854778e+00
    3.84468384e+01 8.58651066e+00 1.52381897e+01 2.81356502e+00
    5.80232668e+00 1.95248489e+01 2.13474236e+01 3.32314415e+01
    3.05933809e+00 2.46409683e+01 5.05374146e+00 2.45537043e+00
    3.06840458e+01 8.44779587e+00 2.63058834e+01 1.16772671e+01
    3.84227395e-01 2.36340351e+01 3.29130783e+01 5.33624411e+00
    2.97925987e+01 6.71554756e+00 1.53067627e+01 1.30776033e+01
    1.75138974e+00 2.11948910e+01 8.64317036e+00 3.33089561e+01
    2.36763821e+01 2.12483101e+01 1.34991570e+01 4.90840530e+00
    5.43467808e+00 3.15488415e+01 3.35156250e+01 3.55087876e+00
    3.07490406e+01 1.22404947e+01 1.53410645e+01 1.07630930e+01
    1.93482685e+01 3.01799793e+01 2.21833477e+01 2.67799282e+01
    3.58009987e+01 7.21913671e+00 2.06496639e+01 6.77918196e+00
    2.29333806e+00 3.12798958e+01 2.78645611e+00 1.13519192e+01
    9.80559826e-01 3.89359932e+01 1.04087515e+01 2.47913432e+00
    1.81013513e+00 3.20299339e+01 3.15688610e+01 2.25994854e+01
    3.28193970e+01 2.95454693e+01 2.78759155e+01 2.41251774e+01
    4.18331957e+00 2.27447414e+01 4.48508501e+00 2.37944012e+01
    6.83236265e+00 1.09959021e+01 3.52157097e+01 1.40897932e+01
    2.28951378e+01 1.82469902e+01 3.58733292e+01 1.09020901e+01
    6.60100031e+00 2.29236488e+01 6.92993164e+00 3.00702362e+01
    7.43147075e-01 3.83636665e+01 8.35355377e+00 2.15274835e+00
    3.90959435e+01 2.11534920e+01 2.68609009e+01 1.94770966e+01
    2.59517422e+01 7.96143818e+00 3.92164726e+01 4.48296595e+00
    2.15844650e+01 2.41002297e+00 1.04708900e+01 1.71086922e+01
    3.17162743e+01 4.30782223e+00 1.00474472e+01 3.31050186e+01
    3.95813866e+01 3.82364769e+01 2.71100068e+00 2.04710598e+01
    1.85501137e+01 2.89094944e+01 2.56139221e+01 7.01385355e+00
    1.72335567e+01 1.95922413e+01 2.92611847e+01 2.21613731e+01
    3.75085373e+01 2.76886692e+01 2.55146389e+01 2.83835239e+01
    2.61298108e+00 3.73333893e+01 2.44283772e+00 3.56104431e+01
    2.20599785e+01 1.17862101e+01 1.91905632e+01 2.32292404e+01
    2.50220318e+01 2.93081093e+01 9.60398960e+00 3.43654556e+01
    2.54984818e+01 5.78722715e+00 4.02445269e+00 1.18534851e+01
    6.90864086e-01 1.48481445e+01 3.63811226e+01 1.29269123e+01
    2.82027397e+01 1.13929234e+01 3.01421776e+01 1.87002010e+01
    6.76610327e+00 7.22015762e+00 4.37713671e+00 3.04382095e+01
    2.32348709e+01 3.65615692e+01 3.21910477e+01 2.03061657e+01
    3.37145195e+01 3.97932601e+00 3.86625710e+01 3.96068077e+01
    2.13565197e+01 2.12989597e+01 2.89375153e+01 1.19311066e+01
    2.40545845e+01 9.53337288e+00 3.19763489e+01 1.17244558e+01
    3.60338020e+01 2.16123924e+01 2.65840931e+01 2.07785320e+00
    1.76039143e+01 6.43220568e+00 3.15421829e+01 7.37183762e+00
    3.50146675e+01 3.66500587e+01 7.63964558e+00 1.38641536e+00
    1.39999275e+01 1.38799973e+01 3.76713142e+01 2.64590435e+01
    2.27278461e+01 3.63873634e+01 3.77459946e+01 1.30233698e+01
    8.45235062e+00 1.39502697e+01 1.31056595e+01 1.24551754e+01
    1.16265364e+01 2.57295380e+01 2.50119667e+01 6.57460928e+00
    1.18465099e+01 2.43808293e+00 8.84108901e-01 1.11794386e+01
    3.38387909e+01 1.13169603e+01 3.81339264e+01 3.43573189e+01
    8.14686418e-01 3.08338165e+01 2.48433723e+01 1.40994291e+01
    3.65452728e+01 2.80982494e+00 1.67924538e+01 1.99983997e+01
    2.45891190e+01 2.59513340e+01 2.89388885e+01 2.09316425e+01
    1.00518389e+01 1.44322357e+01 2.35821915e+01 3.70749321e+01
    2.02427082e+01 1.85866070e+01 1.64546528e+01 1.99746895e+01
    6.13702965e+00 1.93078785e+01 1.29650297e+01 2.36755199e+01
    6.26368475e+00 6.88470125e+00 3.82801666e+01 1.43088760e+01
    1.05802488e+01 6.57188225e+00 1.12975817e+01 1.30805244e+01
    1.49224377e+01 8.86115646e+00 1.48929539e+01 8.59022045e+00
    2.33706703e+01 5.86003351e+00 3.89676933e+01 2.63161774e+01
    7.81276762e-01 3.84280624e+01 5.19859934e+00 3.26497231e+01
    3.37411270e+01 6.87752485e+00 4.68993855e+00 2.96334362e+01
    2.93270022e-01 3.59176788e+01 1.86655025e+01 3.60499344e+01
    1.66356716e+01 2.35157661e+01 3.87894034e-01 2.87942257e+01
    8.93749142e+00 1.11612015e+01 2.98476639e+01 1.48338938e+01
    2.63499985e+01 3.27433014e+01 3.54197884e+01 2.16580620e+01
    1.09013577e+01 3.38596382e+01 3.38070965e+00 1.49228001e+01
    1.10976446e+00 1.19897461e+01 1.25320597e+01 7.13907480e+00
    3.97237320e+01 3.75993423e+01 2.94706955e+01 1.66819859e+01
    3.12426262e+01 3.10958118e+01 5.15323210e+00 1.14731083e+01
    4.54019737e+00 1.54921274e+01 1.89868104e+00 3.75103798e+01
    1.56579714e+01 2.68000174e+00 3.21870947e+00 3.68697891e+01
    2.92641087e+01 3.35415192e+01 9.16708660e+00 1.90362148e+01
    3.53417053e+01 3.89643707e+01 3.39364700e+01 3.31342163e+01
    1.39168749e+01 1.97553825e+01 3.06088505e+01 1.01562567e+01
    3.61751137e+01 2.50022888e+01 2.14592546e-01 1.02551317e+01
    1.97082500e+01 3.60306396e+01 3.92399120e+00 1.77368431e+01
    3.12808132e+01 2.47739277e+01 1.57076998e+01 1.55214939e+01
    1.67916031e+01 1.47945127e+01 1.55239668e+01 3.34528427e+01
    3.37854843e+01 9.58236635e-01 3.08399506e+01 1.57407274e+01
    1.46099758e+01 2.92787399e+01 3.22864456e+01 1.36184759e+01
    3.50037909e+00 3.05084991e+01 5.71121633e-01 3.46129417e+01
    2.96607342e+01 3.27751312e+01 1.36236010e+01 3.40305214e+01
    2.27213783e+01 2.87857876e+01 1.51034765e+01 5.04453850e+00
    9.39183140e+00 3.71995354e+01 9.52614307e+00 3.22822362e-01
    8.86416912e+00 2.08616905e+01 2.30662060e+00 2.67561340e+01
    1.62367344e+01 3.39836731e+01 1.39648314e+01 2.26800823e+01
    2.85733414e+01 3.94210434e+01 3.23014183e+01 7.30534792e+00
    6.24311781e+00 2.82418175e+01 2.17839432e+01 3.92187119e+00
    2.07591457e+01 2.16729522e+00 3.33860474e+01 4.61419046e-01
    1.49303493e+01 2.21498413e+01 3.81692047e+01 1.30893936e+01
    2.98910594e+00 2.20206108e+01 2.20760689e+01 3.75784340e+01
    2.84688997e+00 1.91615601e+01 2.29524155e+01 1.84105473e+01
    3.05050621e+01 9.78295612e+00 7.30092907e+00 1.18672791e+01
    1.68668900e+01 2.41494389e+01 1.66815615e+00 2.89001026e+01
    4.14083958e+00 1.16771545e+01 2.91724319e+01 1.93823109e+01
    1.43058929e+01 4.50240299e-02 4.60290241e+00 1.92493191e+01
    3.94280205e+01 6.23874485e-01 9.72133756e-01 2.44433956e+01
    3.87021141e+01 3.45603561e+01 4.89685822e+00 3.10128117e+01
    1.00764666e+01 3.30059662e+01 2.67216282e+01 1.89812355e+01
    3.34220200e+01 3.54075089e+01 1.90933189e+01 2.43957005e+01
    1.77761135e+01 2.00210056e+01 1.45194178e+01 6.46014404e+00
    3.72558899e+01 5.84213400e+00 1.23352633e+01 2.52976398e+01
    1.39439278e+01 5.17099810e+00 3.67099609e+01 3.72479591e+01
    3.34546394e+01 2.45138683e+01 3.58401451e+01 2.38829327e+01
    3.49737587e+01 1.47687206e+01 2.93819771e+01 3.01066170e+01
    1.51672592e+01 9.94130516e+00 2.75035000e+01 1.51007843e+01
    5.80845976e+00 2.87969398e+01 3.27614784e+01 1.64849167e+01
    6.59967995e+00 3.50991478e+01 1.96027489e+01 6.57894969e-01
    1.46305656e+01 7.73525476e-01 3.10854301e+01 1.05719442e+01
    7.89434433e+00 2.39376068e+01 2.85754433e+01 2.68678226e+01
    5.99439764e+00 1.48223391e+01 1.96346779e+01 1.89327488e+01
    1.07144890e+01 1.75781326e+01 3.71728210e+01 2.31329403e+01
    3.09155025e+01 1.40276089e+01 1.03846455e+01 6.57909632e+00
    3.13242989e+01 1.73826218e+00 2.70781460e+01 2.39109173e+01
    2.48697877e+00 2.26947651e+01 3.10907879e+01 2.51523991e+01
    1.56692924e+01 2.27696514e+01 3.04652882e+01 4.37188339e+00
    4.48264217e+00 6.02281690e-01 1.52113562e+01 2.80313911e+01
    3.04524460e+01 1.46052780e+01 1.17629671e+01 2.97226162e+01
    3.28168983e+01 1.81458950e+01 2.16136169e+01 5.18509054e+00
    1.45734310e+01 2.52711296e+01 7.47431850e+00 8.81930542e+00
    1.16577101e+01 4.67265308e-01 1.44790573e+01 1.74143238e+01
    1.29130354e+01 3.52306938e+01 5.69954395e-01 2.20844135e+01
    3.68141794e+00 1.85483532e+01 3.92764282e+01 2.90937843e+01
    2.05416889e+01 2.60424614e+00 3.24225121e+01 2.71213665e+01
    1.39810915e+01 1.95739422e+01 2.33572369e+01 5.62723207e+00
    3.81181717e+01 3.88053207e+01 2.89733467e+01 2.01920166e+01
    3.77940979e+01 1.64514482e+00 2.35399494e+01 3.08208160e+01
    1.79590530e+01 3.64149742e+01 2.15151749e+01 3.59490728e+00
    2.98475056e+01 2.39888268e+01 1.53124452e+00 9.16450024e+00
    1.48215475e+01 2.74062157e+01 1.37605505e+01 3.74432144e+01
    1.91724358e+01 1.47135458e+01 1.45993071e+01 3.62215271e+01
    1.51290965e+00 3.69598503e+01 4.27569771e+00 3.26090012e+01
    7.26289463e+00 1.58234034e+01 1.02798643e+01 2.71602440e+01
    3.36589088e+01 4.58579683e+00 3.86742706e+01 2.67305145e+01
    8.13198566e+00 2.15535488e+01 3.15866566e+00 1.16116371e+01
    1.69919987e+01 3.25779724e+01 2.23354969e+01 2.37733307e+01
    5.17039967e+00 7.34276342e+00 2.59553699e+01 8.26601410e+00
    2.52233535e-01 2.98164158e+01 3.41934700e+01 1.56585979e+01
    2.39874134e+01 1.42177057e+01 2.60065193e+01 2.91594887e+01
    8.56552792e+00 3.01071587e+01 1.30238414e+00 9.14681911e+00
    1.28527660e+01 3.25138474e+01 1.31744852e+01 2.82521172e+01
    1.56037769e+01 1.68474255e+01 1.19751883e+01 3.59536552e+00
    2.90602608e+01 2.60065956e+01 2.51603813e+01 1.00176411e+01
    1.00944843e+01 2.45672359e+01 5.21363735e+00 2.72077217e+01
    3.68817635e+01 2.23816090e+01 7.32979298e+00 2.54084167e+01
    1.96234341e+01 1.61856594e+01 2.12640357e+00 7.00200677e-01
    6.78635502e+00 1.90434570e+01 1.01609621e+01 1.84838657e+01
    3.80855103e+01 9.85081196e-01 3.16384563e+01 2.81946602e+01
    3.47670059e+01 3.42124329e+01 2.54144592e+01 4.67361182e-01
    4.89758825e+00 1.81835842e+01 2.00329456e+01 1.26257524e+01
    1.81917915e+01 1.10462923e+01 3.33981247e+01 3.90667458e+01
    4.79263878e+00 2.85568581e+01 5.23174381e+00 1.22206669e+01
    2.72804241e+01 1.47492151e+01 3.22201347e+01 3.94089389e+00
    3.02071838e+01 1.41328297e+01 2.57711048e+01 3.71459846e+01
    3.87306252e+01 3.96569481e+01 2.15988369e+01 3.13528328e+01
    3.60250320e+01 2.43576851e+01 1.65909138e+01 2.69257431e+01
    2.39254608e+01 4.77491021e-01 1.10868778e+01 2.63353672e+01
    3.12386551e+01 3.68233299e+01 2.85502300e+01 1.70444412e+01
    1.23463745e+01 3.76856194e+01 2.93166924e+01 3.57092514e+01
    2.05177956e+01 2.83607941e+01 2.79096470e+01 2.22611713e+01
    1.12178297e+01 3.61264114e+01 1.07675419e+01 3.49357262e+01
    2.74726086e+01 7.81665659e+00 1.35771570e+01 2.03506603e+01
    2.83353081e+01 7.89441586e+00 7.59168386e+00 2.31572781e+01
    1.57406311e+01 1.20096531e+01 2.47095871e+01 3.59387016e+01
    2.39244022e+01 1.69021358e+01 5.40530491e+00 1.34542494e+01
    1.81314259e+01 3.84349442e+01 2.64048748e+01 1.12830801e+01
    3.08068967e+00 1.72542038e+01 3.21768570e+01 3.73693466e+01
    1.95005341e+01 3.04952526e+01 2.78086319e+01 2.05811596e+01
    1.55587606e+01 1.03986893e+01 2.98495884e+01 2.69832573e+01
    2.30266304e+01 2.29250584e+01 3.33613968e+01 2.44780426e+01
    1.84759884e+01 3.77033157e+01 2.13324986e+01 1.44184885e+01
    1.91685390e+01 4.07163048e+00 2.27996731e+01 6.43407965e+00
    5.52463531e+00 3.55349426e+01 2.76613903e+01 2.93968029e+01
    3.55927010e+01 2.27648187e+00 4.98208570e+00 5.15161562e+00
    1.05925074e+01 8.63801289e+00 1.53166008e+01 3.93179131e+01
    3.24277420e+01 3.95873451e+01 1.28222990e+00 3.01392689e+01
    2.13901443e+01 2.83716278e+01 1.51253119e+01 3.54861603e+01
    3.44025879e+01 3.86054268e+01 3.85299759e+01 1.49031067e+01
    2.63994503e+01 2.86234226e+01 2.69593048e+01 3.38913918e+01
    3.96976447e+00 2.63846970e+01 2.06304455e+01 3.22759247e+00
    3.42420883e+01 3.84102964e+00 3.77331429e+01 1.33703604e+01
    1.58486443e+01 1.12037468e+00 6.99341679e+00 1.48376930e+00
    2.06827869e+01 2.82565365e+01 3.44780006e+01 3.39284439e+01
    1.85461712e+01 1.36010838e+01 2.76981106e+01 5.68978643e+00
    3.93547821e+01 9.69141388e+00 2.13556252e+01 2.52338772e+01
    3.70848961e+01 2.95252476e+01 2.38926411e+01 1.90666981e+01
    2.18235493e+01 2.94260387e+01 8.44268417e+00 2.04698334e+01
    6.42694664e+00 7.05453444e+00 1.48698962e+00 2.61619377e+01
    7.59540844e+00 2.26971588e+01 3.43978233e+01 2.03412781e+01
    9.59654999e+00 2.69018245e+00 2.86795712e+01 2.62453041e+01
    2.68555698e+01 2.46776257e+01 3.70599442e+01 1.71436138e+01
    1.77114410e+01 1.01801691e+01 1.20929909e+01 2.30275803e+01
    9.86185169e+00 2.32953358e+01 4.41266394e+00 2.56947594e+01
    3.07948341e+01 3.57313118e+01 6.97676849e+00 3.72392082e+01
    7.45715237e+00 1.63046055e+01 3.82438469e+01 4.52709627e+00
    2.69250908e+01 2.19898167e+01 1.70717545e+01 4.52224827e+00
    2.69736614e+01 9.13149643e+00 4.64979792e+00 1.95885658e+01
    3.72574730e+01 1.40698318e+01 2.31006451e+01 3.05660324e+01
    1.40746927e+01 1.35287933e+01 1.93472385e+01 2.98866920e+01
    8.55241108e+00 2.74665527e+01 7.22688150e+00 1.17631063e+01
    1.26130857e+01 6.07333040e+00 3.36822777e+01 6.41839457e+00
    3.83194275e+01 1.60410671e+01 1.57121964e+01 2.42973557e+01
    1.16686268e+01 1.22380457e+01 1.49927540e+01 2.76287103e+00
    2.92934341e+01 1.02022305e+01 2.20963688e+01 1.31831627e+01
    2.46929817e+01 9.82941723e+00 2.50298824e+01 3.45612450e+01
    1.50599461e+01 5.80722094e+00 1.26331387e+01 2.39370461e+01
    3.06345773e+00 3.29869308e+01 7.60772943e+00 3.61026115e+01
    3.80702820e+01 2.89702854e+01 3.04999866e+01 2.07842350e+01
    3.31189156e+01 2.48818455e+01 2.47889557e+01 7.34679461e+00
    1.72980270e+01 3.66512756e+01 2.77432785e+01 1.36649408e+01
    3.36332207e+01 2.22369194e+01 1.33840170e+01 2.73310738e+01
    3.35387802e+01 3.07352710e+00 7.35771465e+00 2.34222107e+01
    3.87855988e+01 1.06780901e+01 1.53143187e+01 3.45280457e+01
    1.72483368e+01 1.35964947e+01 3.83177681e+01 3.24689865e+01
    2.14019012e+01 1.65103798e+01 2.20900688e+01 1.47289476e+01
    2.93027058e+01 2.72560349e+01 3.48682175e+01 2.19029732e+01
    1.77183020e+00 1.86990395e+01 2.61198330e+01 3.74789658e+01
    2.26297417e+01 3.65168953e+01 3.00652637e+01 1.16257668e+01
    3.87193794e+01 2.99114952e+01 2.62689915e+01 1.40561914e+01
    1.53561859e+01 8.88869762e+00 2.32135887e+01 3.33985481e+01
    6.01661396e+00 1.76859188e+01 2.56508789e+01 3.89511032e+01
    1.13514843e+01 2.15262241e+01 2.18808436e+00 3.05161266e+01
    3.51713715e+01 9.28725624e+00 1.63581676e+01 3.44552422e+01
    3.93971901e+01 3.34004288e+01 2.48072968e+01 2.52827682e+01
    2.04945068e+01 4.22925377e+00 2.71916122e+01 1.01726036e+01
    1.50186491e+01 4.22147274e+00 3.41510010e+01 3.82553406e+01
    1.90679512e+01 1.94907513e+01 1.33070955e+01 2.60397186e+01
    2.66888943e+01 2.01896572e+01 8.30803299e+00 2.34170189e+01
    2.00637360e+01 3.09757748e+01 1.45528269e+01 9.97981834e+00
    9.77190495e+00 2.84191704e+01 1.25416050e+01 1.65463963e+01
    3.71097527e+01 1.62800903e+01 1.55877810e+01 1.61641483e+01
    1.50321903e+01 1.33322153e+01 2.88486271e+01 3.18122635e+01
    6.81424189e+00 1.94844761e+01 2.29299717e+01 1.52632504e+01
    1.95663528e+01 3.10980434e+01 2.66082120e+00 3.76553535e+01
    3.59525337e+01 6.89248276e+00 1.75332470e+01 1.56827583e+01
    1.07931833e+01 2.51862984e+01 3.68335304e+01 2.36075478e+01
    2.33768425e+01 1.01359587e+01 3.44011917e+01 2.65236974e+00
    3.10109997e+01 8.22425556e+00 3.28466682e+01 5.34236479e+00
    7.07320750e-01 1.11227245e+01 2.38014078e+00 1.52394676e+01
    1.64744129e+01 3.44126968e+01 2.92800884e+01 2.19315262e+01
    3.95863914e+01 2.24839230e+01 3.05062256e+01 2.19684849e+01
    2.65234909e+01 6.55452156e+00 1.65650368e+01 2.40681038e+01
    2.19366417e+01 2.59416218e+01 2.39076099e+01 3.52993584e+00
    1.17274714e+01 2.01804123e+01 1.04898338e+01 3.40421486e+01
    2.96520100e+01 1.84084949e+01 1.49252615e+01 2.82671108e+01
    2.70937300e+00 1.02568207e+01 3.17751331e+01 9.28682995e+00
    1.83995667e+01 7.75537777e+00 1.03497944e+01 2.67935395e+00
    7.48617768e-01 1.54547863e+01 5.59170628e+00 9.99008369e+00
    1.54970160e+01 2.07918816e+01 2.74010429e+01 4.86882305e+00
    1.90121727e+01 1.43392773e+01 2.29155083e+01 1.08510494e+01
    2.16859794e+00 2.38456173e+01 3.23451424e+01 3.70090675e+01
    1.99789677e+01 1.96380577e+01 3.09859810e+01 1.14216480e+01
    2.80293484e+01 3.27657270e+00 1.78153458e+01 1.08020325e+01
    1.26164618e+01 4.71067190e+00 2.21033669e+01 1.73670654e+01
    1.80036907e+01 2.88625469e+01 1.93686581e+01 3.72446060e+01
    1.79089851e+01 2.32889729e+01 2.38605232e+01 1.21496630e+01
    3.14114304e+01 3.92561760e+01 4.56687307e+00 2.91237411e+01
    1.68123376e+00 1.51031220e+00 2.20654602e+01 3.16065998e+01
    1.40939903e+01 7.53479052e+00 8.96086311e+00 3.53390961e+01
    1.45960150e+01 1.33423157e+01 5.68314028e+00 1.55111432e+00
    3.55433197e+01 1.94334946e+01 2.81108265e+01 1.93095551e+01
    3.69055009e+00 2.10012531e+01 2.53454533e+01 7.94560146e+00
    3.33014069e+01 1.95804253e+01 1.12233210e+01 9.12001991e+00
    9.31962299e+00 4.38788414e+00 1.79876080e+01 3.88633537e+01
    3.96442199e+00 1.10267096e+01 2.92295818e+01 3.69460449e+01
    2.77876358e+01 2.78633347e+01 1.01106768e+01 2.04683895e+01
    1.17835865e+01 3.38328362e+01 2.91284084e+01 3.45099869e+01
    2.60752163e+01 2.97401962e+01 1.43178816e+01 1.31952734e+01
    1.54411373e+01 1.30690074e+00 3.46438456e+00 1.91916561e+00
    3.31292000e+01 2.88221436e+01 3.54077301e+01 1.40790787e+01
    2.96324062e+01 1.40389700e+01 2.16991215e+01 3.05249157e+01
    3.22721901e+01 2.43139029e+00 6.00929832e+00 3.67491875e+01
    3.37451515e+01 9.35332870e+00 2.75969524e+01 3.81520767e+01
    3.34282494e+01 5.23073435e+00 2.05854740e+01 4.47301769e+00
    3.33245392e+01 1.53411083e+01 3.26760406e+01 3.72451324e+01
    6.40481138e+00 1.69528637e+01 1.44174042e+01 2.93293800e+01
    1.25734472e+01 3.04325104e+01 2.23077412e+01 7.55280399e+00
    3.29111576e+00 3.05074177e+01 3.13265953e+01 5.26091957e+00
    3.12082119e+01 2.90957689e+00 1.55104990e+01 1.30535936e+00
    5.60128450e+00 3.55208435e+01 2.40851116e+01 2.57512703e+01
    3.70229225e+01 2.16817341e+01 1.04483099e+01 2.93494854e+01
    2.96292667e+01 2.55659180e+01 2.23215256e+01 1.31609917e+01
    5.99978828e+00 5.58618009e-01 2.80001049e+01 2.23873425e+01
    2.89540291e+01 2.11555958e+01 3.54148006e+00 3.37674904e+01
    3.19300156e+01 3.87479134e+01 4.81947374e+00 2.17009315e+01
    2.32418861e+01 2.75840778e+01 1.14083986e+01 3.35330544e+01
    3.20011292e+01 3.51141052e+01 1.12534618e+01 3.02461643e+01
    2.62098045e+01 2.19563541e+01 1.60877056e+01 1.48020658e+01
    3.80929985e+01 6.81562471e+00 3.97056313e+01 2.39159832e+01
    1.34666739e+01 3.63823280e+01 3.26306458e+01 1.08802950e+00
    3.60518913e+01 9.18760872e+00 2.73897495e+01 1.90838032e+01
    3.71561966e+01 2.87132053e+01 3.71232643e+01 8.97259116e-01
    7.90039003e-01 2.05851936e+01 3.19561958e+01 2.58197594e+01
    1.46299429e+01 7.40751457e+00 2.09333820e+01 1.00974464e+01
    1.20593843e+01 1.18151741e+01 3.34510384e+01 7.00991106e+00
    2.28620625e+01 1.91405373e+01 1.76562576e+01 1.86545277e+01
    2.34921455e+01 3.85054321e+01 1.42521973e+01 1.27707825e+01
    3.12468281e+01 1.47966385e+01 2.72561836e+00 2.12032356e+01
    3.21225777e+01 1.47300844e+01 2.33308258e+01 3.61185722e+01
    3.30504532e+01 3.08643990e+01 2.61268349e+01 2.23137035e+01
    3.80320816e+01 5.52687073e+00 3.52268677e+01 3.44239426e+01
    4.87272072e+00 1.67816658e+01 7.93199635e+00 3.76732979e+01
    1.35785608e+01 1.86116543e+01 3.51279140e+00 1.86954093e+00
    3.80128059e+01 8.53815174e+00 3.33272820e+01 3.23743973e+01
    1.02426376e+01 3.63355255e+01 2.52982483e+01 3.65930061e+01
    1.00967674e+01 8.29027474e-01 1.02100286e+01 1.61388912e+01
    3.29582138e+01 6.08933163e+00 8.56716454e-01 1.25753021e+01
    1.58362465e+01 2.87172279e+01 2.77772179e+01 2.58618603e+01
    1.83760071e+01 3.58645859e+01 2.32744808e+01 3.71088448e+01
    9.75113297e+00 2.73443909e+01 2.11409912e+01 2.78598576e+01
    3.55979958e+01 1.54645176e+01 1.83323059e+01 2.57601185e+01
    2.43695374e+01 1.73179455e+01 3.45977135e+01 1.66668873e+01
    2.33336964e+01 3.47733955e+01 2.34668922e+00 5.47222090e+00
    1.31098175e+01 7.15883076e-01 6.90733099e+00 3.99879766e+00
    2.69342289e+01 2.83548717e+01 2.61020260e+01 2.27611995e+00
    1.59908485e+01 3.26436310e+01 3.85958099e+01 2.86930237e+01
    3.79032016e+00 1.39314022e+01 2.35128956e+01 1.07722559e+01
    3.87845917e+01 2.29719963e+01 3.46580963e+01 9.90291214e+00
    1.11701565e+01 3.51885033e+01 3.09514828e+01 3.68759499e+01
    4.92361403e+00 1.01894140e+01 3.03978539e+01 3.43284187e+01
    1.55901709e+01 3.59201355e+01 2.31467285e+01 3.32701874e+01
    1.13079090e+01 1.80006142e+01 2.29773026e+01 2.61034641e+01
    7.00654697e+00 3.86976738e+01 3.04289360e+01 3.71429176e+01
    3.12514553e+01 2.95504608e+01 1.36279755e+01 1.05292492e+01
    3.80511513e+01 2.64332962e+00 1.31726379e+01 1.92843246e+01
    2.46494370e+01 2.40708122e+01 1.91262474e+01 4.71754646e+00
    3.35403900e+01 2.45760422e+01 9.24338913e+00 2.63047066e+01
    2.83890705e+01 3.60972710e+01 3.25849304e+01 4.27673006e+00
    3.75177455e+00 3.47598419e+01 2.54629288e+01 3.34991951e+01
    1.51224556e+01 1.09786892e+01 1.24034586e+01 2.28783054e+01
    3.52616959e+01 3.42157326e+01 3.83976707e+01 9.75886345e+00
    1.79093323e+01 3.66105614e+01 4.79391247e-01 1.40476236e+01
    1.97426338e+01 1.38827333e+01 1.38540297e+01 7.48967791e+00
    8.36692619e+00 3.65806618e+01 1.11994972e+01 3.63472519e+01
    2.20615540e+01 2.84305153e+01 3.39311447e+01 3.17095737e+01
    2.23793755e+01 9.41513443e+00 3.28945427e+01 1.04754858e+01
    2.47870617e+01 2.51407642e+01 1.37753534e+01 1.32989721e+01
    2.83428478e+01 2.89608002e+01 2.46888485e+01 3.80939522e+01
    1.71240978e+01 3.51695976e+01 2.00479317e+01 9.05638313e+00
    2.55803814e+01 2.60141792e+01 3.03175526e+01 9.49189067e-01
    1.39898224e+01 3.54822006e+01 3.86371155e+01 1.02833595e+01
    3.41479340e+01 7.81187582e+00 7.83703327e+00 3.10318775e+01
    1.43687792e+01 4.51357985e+00 1.37404203e+01 3.13328953e+01
    1.57315598e+01 3.33333359e+01 2.04766464e+01 2.87171173e+00
    2.80631275e+01 2.79184608e+01 2.18081637e-03 2.46438179e+01
    4.67786646e+00 1.36288424e+01 3.16805286e+01 3.20136414e+01
    1.28997974e+01 9.84802532e+00 3.37010040e+01 3.35891151e+01
    6.98956347e+00 3.49235382e+01 9.18155003e+00 6.27407694e+00
    1.23986740e+01 3.35336990e+01 9.38160896e+00 3.69911499e+01
    2.51341248e+01 3.31651268e+01 2.44296741e+01 3.61588974e+01
    2.48118267e+01 2.22904625e+01 3.05900135e+01 1.37399703e-01
    1.87498741e+01 3.30367317e+01 3.03803444e+01 2.70544415e+01
    3.81252899e+01 1.18753071e+01 2.13555431e+01 2.76718903e+01
    3.22324181e+01 3.12478600e+01 3.48839836e+01 3.02620816e+00
    3.33758812e+01 1.74481487e+01 8.43239212e+00 1.09555902e+01
    2.87158775e+01 1.29289722e+01 1.50957716e+00 7.63730526e+00
    2.29502258e+01 3.31326599e+01 5.30014038e-01 3.71474152e+01
    2.91438084e+01 3.48701668e+01 3.46581650e+01 2.35357189e+01
    3.93476181e+01 4.32046700e+00 1.51428146e+01 5.74073219e+00
    2.29495215e+00 5.64485264e+00 3.49573746e+01 2.20121174e+01
    3.33667297e+01 3.19010353e+01 1.01113653e+01 2.83400307e+01
    3.77786179e+01 2.13632927e+01 3.51704254e+01 1.07473583e+01
    2.37473984e+01 2.52185879e+01 2.28835220e+01 5.31358480e+00
    3.92297821e+01 1.67029476e+01 2.02371101e+01 1.25548449e+01
    3.07789993e+01 5.06561184e+00 3.49317384e+00 2.79250717e+01
    3.64424629e+01 1.71871014e+01 6.87843609e+00 3.40926437e+01
    3.54470787e+01 1.77542191e+01 2.00907288e+01 1.24257398e+00
    2.42373199e+01 2.30475082e+01 9.90601158e+00 1.33214417e+01
    3.69672203e+01 3.49484520e+01 2.41055393e+01 2.37756176e+01
    2.09966602e+01 6.31517696e+00 5.34325027e+00 3.50750504e+01
    2.80532646e+01 3.05695610e+01 1.89826164e+01 9.41689873e+00
    3.87953758e+01 3.25134010e+01 3.12737617e+01 2.25184307e+01
    2.58875217e+01 9.99387455e+00 2.05139961e+01 1.01539173e+01
    2.36104703e+00 3.40806160e+01 1.14904566e+01 1.51506357e+01
    9.78214073e+00 1.06523542e+01 1.21215725e+00 1.36722784e+01
    3.67247162e+01 1.95383091e+01 2.39235344e+01 3.00500832e+01
    2.41828423e+01 3.41072006e+01 3.90252953e+01 1.09978218e+01
    6.87562895e+00 3.43733368e+01 2.46810799e+01 3.48330231e+01
    2.01900005e+01 7.76762676e+00 2.82247887e+01 2.82765999e+01
    1.21966763e+01 3.25972748e+01 5.30392694e+00 1.45830956e+01
    9.72143936e+00 7.02625132e+00 2.36102066e+01 3.80124359e+01
    3.82358627e+01 3.83557816e+01 1.22140627e+01 2.34344749e+01
    1.20605650e+01 1.03824730e+01 1.94581375e+01 1.21822519e+01
    1.12296209e+01 3.40541763e+01 2.02238121e+01 3.42036591e+01
    2.86016026e+01 6.98285961e+00 2.52772636e+01 3.03767719e+01
    6.29843903e+00 1.48206062e+01 2.46130161e+01 2.41719456e+01
    2.37756462e+01 1.48418837e+01 2.25709763e+01 6.94316339e+00
    3.24875183e+01 2.04096928e+01 2.27628880e+01 1.51363268e+01
    3.64832735e+00 2.36481323e+01 3.22720146e+01 1.10702391e+01
    1.32110271e+01 3.20306587e+01 3.29733515e+00 9.83803654e+00
    3.13661613e+01 3.17205486e+01 6.00189543e+00 1.99588375e+01
    1.14526520e+01 3.97174377e+01 1.45589972e+00 1.60752258e+01
    1.55076923e+01 1.15662590e-01 1.68442535e+01 3.27565384e+01
    8.64239502e+00 1.32240753e+01 7.71913111e-01 1.23232269e+01
    3.70640602e+01 1.39153481e+01 3.83956814e+00 1.61357155e+01
    2.52076893e+01 3.83523893e+00 1.32348795e+01 2.27819366e+01
    2.40084610e+01 3.67851295e+01 4.27529335e+00 2.98746433e+01
    1.61932755e+01 1.40786772e+01 1.60509930e+01 2.08255119e+01
    2.32801228e+01 2.52892857e+01 3.58226929e+01 2.91280346e+01
    3.47940598e+01 5.76990938e+00 1.35922470e+01 1.20246878e+01
    2.57336578e+01 3.04613972e+01 2.75257468e+00 3.43112488e+01
    2.28136806e+01 2.27364254e+01 3.70798492e+01 2.35475464e+01
    1.05282135e+01 3.15770835e-01 2.16994858e+01 1.26446104e+01
    3.88920517e+01 3.10074091e+00 2.44369659e+01 9.01487446e+00
    3.58152008e+01 3.19427567e+01 1.35081730e+01 8.04122829e+00
    3.65400238e+01 8.39477348e+00 1.97288837e+01 1.70823650e+01
    1.31453781e+01 2.82294893e+00 2.00300102e+01 1.84785233e+01
    2.61671715e+01 2.44572525e+01 1.79174023e+01 2.98747902e+01
    3.23734512e+01 1.05694389e+01 1.50917797e+01 3.00352573e+01
    1.73715782e+01 1.14303904e+01 1.75029831e+01 2.70973186e+01
    3.48454905e+00 1.48881769e+00 3.23357010e+01 1.22890425e+01
    2.70610695e+01 2.60037422e+01 3.25306511e+01 1.07189131e+01
    4.90453434e+00 2.86564751e+01 3.60837479e+01 1.40808077e+01
    1.09028206e+01 5.51403999e+00 1.21481810e+01 1.00098104e+01
    1.63546562e+01 1.99327316e+01 3.56029930e+01 9.92814350e+00
    7.46024942e+00 1.28497982e+00 2.85911827e+01 5.62094092e-01
    1.71598291e+00 3.77892733e+00 3.88321190e+01 3.79390450e+01
    1.43228645e+01 2.92943192e+01 2.43569589e+00 1.98747253e+01
    2.46385231e+01 1.90801144e+01 3.76683540e+01 1.96630402e+01
    1.02946100e+01 1.11401091e+01 1.22010193e+01 1.53324003e+01
    2.94363480e+01 2.37801838e+01 7.64512682e+00 1.96161926e+00
    3.76119852e+00 8.96500301e+00 2.69148712e+01 1.39085665e-01
    3.65455551e+01 7.54979324e+00 3.57071609e+01 2.41015682e+01
    1.51545238e+01 3.83241102e-02 1.05055475e+01 3.56650581e+01
    1.58347111e+01 3.33096123e+01 1.44399846e+00 1.06809673e+01
    5.01813364e+00 2.74564304e+01 7.44469357e+00 2.02115044e-01
    1.02054176e+01 1.21330290e+01 1.53554783e+01 1.90938282e+00
    1.30028028e+01 2.93228264e+01 1.91530075e+01 3.45974197e+01
    3.75687904e+01 9.44135857e+00 9.51173592e+00 3.21155472e+01
    3.76709175e+01 2.94941139e+01 3.60590324e+01 1.89059258e+01
    2.29831004e+00 3.09578304e+01 1.74115682e+00 1.58915224e+01
    1.01142941e+01 3.38811722e+01 3.83590508e+01 1.34367237e+01
    2.55413094e+01 3.82550621e+01 1.52632599e+01 4.68147367e-01
    1.04098673e+01 2.97957172e+01 3.19803352e+01 3.20874557e+01
    2.33007278e+01 2.91063957e+01 3.92611313e+01 1.81676102e+01
    2.88453560e+01 1.35235968e+01 8.44571686e+00 1.71428108e+01
    2.08185501e+01 6.46979523e+00 3.35644417e+01 5.03719378e+00
    3.29896469e+01 6.70008898e+00 2.18639641e+01 2.18386726e+01
    1.53763113e+01 3.56413383e+01 3.74630356e+01 2.05755997e+01
    1.33622179e+01 3.30808830e+01 3.16692638e+01 2.01553097e+01
    2.21463509e+01 1.20367336e+01 1.90792503e+01 3.89931679e+01
    3.84928780e+01 8.34870338e+00 6.99011922e-01 3.34491425e+01
    2.80209789e+01 2.95158005e+01 1.40710497e+01 3.86000404e+01
    3.87957535e+01 1.46117077e+01 2.54037380e+01 1.39207296e+01
    9.85370636e+00 5.42007349e-02 3.34062910e+00 2.80436363e+01
    1.47877121e+01 2.74924641e+01 1.52308369e+01 2.09695644e+01
    5.04174757e+00 3.37288284e+01 3.82370491e+01 2.99908676e+01
    2.45595055e+01 2.83721523e+01 3.78576899e+00 3.94562607e+01
    1.75200138e+01 7.15424490e+00 2.08710804e+01 8.48441029e+00
    3.44968529e+01 3.55555153e+01 2.45398369e+01 1.61887302e+01
    1.12115192e+01 2.85062275e+01 1.76339302e+01 5.85649252e+00
    1.19458971e+01 1.38700275e+01 1.71622200e+01 1.82502499e+01
    1.08408308e+01 3.16151772e+01 1.54334364e+01 1.45145550e+01
    1.86992683e+01 1.39420738e+01 3.40915947e+01 3.56951294e+01
    3.06441555e+01 1.45389967e+01 3.18135090e+01 7.85911608e+00
    2.22684841e+01 3.15996857e+01 3.27504158e+01 2.82562351e+01
    8.84908485e+00 1.16181850e+01 3.17817307e+01 3.63037643e+01
    1.36925240e+01 2.84696217e+01 2.03427391e+01 3.89678307e+01</data></your_img>
</opencv_storage>
