<?xml version="1.0"?>
<opencv_storage>
<g>1.4800000000000000e+00</g>
<r>8</r>
<L2_diff>1.2956031114082415e+02</L2_diff>
<filter-type>0</filter-type>
<circular>1</circular>
<test_img type_id="opencv-matrix">
  <rows>128</rows>
  <cols>256</cols>
  <dt>f</dt>
  <data>
    3.70726645e-01 5.96579969e-01 4.68793243e-01 7.96759188e-01
    6.76485419e-01 8.38832319e-01 9.81819034e-02 2.50966072e-01
    5.47375798e-01 7.42793202e-01 7.32466877e-01 9.24032331e-01
    4.88448620e-01 1.58929527e-01 2.53015637e-01 2.38514155e-01
    4.63876396e-01 2.38657862e-01 1.28449798e-01 8.01430583e-01
    5.26400328e-01 4.56856698e-01 8.03073168e-01 7.34860301e-01
    6.53422892e-01 3.82028162e-01 6.96726143e-01 4.82880235e-01
    3.70390236e-01 9.25567925e-01 5.14519393e-01 7.27602184e-01
    1.18526489e-01 3.65093291e-01 7.16942728e-01 6.22336030e-01
    8.05507660e-01 1.32464200e-01 8.20134282e-01 5.85914731e-01
    7.23327637e-01 5.89952052e-01 9.66799736e-01 8.52882504e-01
    4.46683854e-01 4.90539402e-01 3.92347783e-01 3.19760531e-01
    4.10681278e-01 1.52965546e-01 1.32859558e-01 6.00329041e-03
    7.56741703e-01 7.69547105e-01 9.10184860e-01 2.61760116e-01
    8.66937041e-01 8.97122502e-01 3.31518441e-01 6.62869692e-01
    9.96175408e-01 8.05392385e-01 8.41628969e-01 9.68660951e-01
    4.48221385e-01 9.69929338e-01 7.67296553e-01 2.30968833e-01
    4.49287295e-02 8.74217391e-01 9.19536948e-02 2.13376671e-01
    4.33569163e-01 9.35752869e-01 9.22296464e-01 5.93297124e-01
    4.81906176e-01 3.63978148e-01 3.26514035e-01 3.23759735e-01
    1.90734178e-01 6.77526891e-01 1.74624026e-02 1.07414991e-01
    3.41698706e-01 6.55184329e-01 3.97002101e-02 9.25048351e-01
    8.83922577e-01 4.39355135e-01 1.59172952e-01 5.14939070e-01
    4.62498784e-01 9.47575271e-01 2.90515810e-01 9.01319981e-01
    5.77861607e-01 9.57645476e-01 9.57254887e-01 4.34075594e-02
    8.45844388e-01 6.54335260e-01 6.38766110e-01 2.73712605e-01
    4.31922555e-01 2.39514291e-01 9.59498286e-01 7.90916920e-01
    4.72661793e-01 1.41587347e-01 2.22327352e-01 9.41324532e-02
    1.08533859e-01 1.49636894e-01 4.91272718e-01 8.74055266e-01
    8.57576430e-01 9.14722621e-01 4.55971271e-01 9.76913035e-01
    6.89895689e-01 8.23875785e-01 6.61599219e-01 1.66991651e-02
    3.89914602e-01 6.14865482e-01 4.66374665e-01 6.26647770e-01
    8.18583727e-01 4.46252018e-01 5.60635090e-01 4.61604595e-01
    2.85087824e-02 6.96754217e-01 3.08431447e-01 3.95660996e-01
    6.95848882e-01 4.89806235e-01 3.03145349e-02 6.93013966e-02
    6.83183968e-01 7.87556767e-01 8.37426186e-02 5.29453933e-01
    9.95959759e-01 7.51068711e-01 3.42815429e-01 2.52575010e-01
    8.14754546e-01 9.82347250e-01 9.19383585e-01 7.90107787e-01
    1.97681904e-01 4.05263454e-01 7.63194323e-01 6.74632251e-01
    4.32771683e-01 7.03141689e-01 6.44701898e-01 2.49303669e-01
    4.64352101e-01 8.70215893e-01 2.10836440e-01 3.05573583e-01
    4.35108066e-01 2.39271462e-01 8.26278806e-01 4.26845968e-01
    5.55860937e-01 6.05187893e-01 1.69472694e-01 5.47368348e-01
    1.04819715e-01 2.78730869e-01 7.29705691e-01 3.85277390e-01
    3.68703127e-01 1.29423320e-01 9.97548819e-01 1.49492204e-01
    8.67015719e-01 8.23872685e-02 8.33992064e-01 1.17512673e-01
    9.85674679e-01 5.96982241e-02 4.95898664e-01 2.90472150e-01
    1.53249264e-01 3.44052315e-01 5.99619150e-02 2.16843337e-01
    3.54315400e-01 5.94395399e-01 4.50977832e-01 4.34439838e-01
    6.31742954e-01 4.96771514e-01 1.65326715e-01 8.69777203e-01
    8.20860505e-01 3.63405645e-01 6.49094939e-01 3.29038024e-01
    8.28882217e-01 2.15899020e-01 8.10614824e-01 9.96325612e-02
    8.28281522e-01 5.41746736e-01 4.55331653e-01 7.78319478e-01
    6.47220373e-01 3.76175851e-01 8.37367535e-01 4.62684691e-01
    8.43624949e-01 4.80788946e-03 5.13735890e-01 7.65952826e-01
    8.78423929e-01 1.42894059e-01 7.07393289e-01 9.06711340e-01
    7.73083270e-02 5.09877443e-01 2.84861922e-01 2.64526606e-01
    3.27576280e-01 1.62154496e-01 7.32154846e-02 7.11639285e-01
    1.64611250e-01 9.20308471e-01 9.27306294e-01 3.84721428e-01
    9.96050835e-01 5.87046087e-01 9.22702849e-01 2.44112670e-01
    4.21751440e-01 9.72201586e-01 6.62931800e-01 1.67589724e-01
    4.22693461e-01 8.38240802e-01 7.70469606e-01 6.58473253e-01
    7.50425935e-01 8.05136263e-02 6.53165698e-01 9.96953726e-01
    8.99831414e-01 2.45374352e-01 2.44583160e-01 5.67177653e-01
    4.78414595e-01 9.79806781e-02 9.25863564e-01 7.96286047e-01
    8.73087466e-01 8.25732946e-04 5.71880937e-02 6.07496202e-02
    2.22662061e-01 7.75876641e-01 4.82804626e-01 7.24305570e-01
    3.68603349e-01 5.69841564e-02 1.46149784e-01 6.19573593e-01
    9.04319882e-01 4.31610316e-01 5.59094548e-01 8.21839333e-01
    8.01583886e-01 3.73879224e-01 9.75014985e-01 6.97386026e-01
    3.81335080e-01 5.59196413e-01 7.16658533e-01 9.56869483e-01
    7.07162261e-01 6.40735149e-01 6.23221993e-01 7.38148630e-01
    9.90404844e-01 6.80499256e-01 4.79836315e-01 9.93346453e-01
    2.27628142e-01 4.73378211e-01 4.10702199e-01 3.01454902e-01
    1.26427263e-01 7.33598650e-01 1.54260665e-01 9.25517321e-01
    2.71350950e-01 4.54552174e-02 8.88915062e-01 4.09334600e-02
    1.31405145e-01 2.11051345e-01 4.19022143e-01 9.87609625e-01
    5.35126150e-01 2.82562375e-01 3.56305420e-01 7.97325671e-02
    4.75810379e-01 7.28031874e-01 7.30744421e-01 9.84799385e-01
    1.53475881e-01 4.10099119e-01 3.29180479e-01 6.17926598e-01
    6.55727029e-01 9.33144689e-01 1.43226385e-02 3.62009048e-01
    2.37022549e-01 8.30664039e-01 2.42175907e-01 1.75543696e-01
    6.32445335e-01 5.22516966e-02 4.60581690e-01 5.98008096e-01
    1.40633702e-01 2.12848604e-01 3.09769809e-01 8.91917586e-01
    5.72432816e-01 7.57770240e-01 8.99271250e-01 9.33117151e-01
    9.18230772e-01 1.74772263e-01 3.28977644e-01 5.47096074e-01
    5.04172564e-01 5.81561089e-01 5.81114769e-01 4.69709814e-01
    3.56744528e-01 5.78310072e-01 9.27473307e-01 3.28723133e-01
    8.49712431e-01 9.24182653e-01 1.17091298e-01 8.72755885e-01
    9.47390556e-01 7.24620402e-01 1.24796957e-01 4.71886098e-01
    3.45638633e-01 8.56309533e-01 2.55924165e-01 4.45723414e-01
    4.62147027e-01 5.81185758e-01 9.46595192e-01 7.53504038e-03
    2.27713972e-01 2.81886399e-01 6.65449858e-01 3.96291941e-01
    8.84064078e-01 1.00066066e-02 4.15168971e-01 9.13370073e-01
    3.13167721e-01 3.96526426e-01 8.01415801e-01 2.28245407e-01
    4.54006553e-01 5.11395872e-01 4.80853230e-01 9.45146620e-01
    3.64076853e-01 8.99062932e-01 7.74973691e-01 3.57461333e-01
    2.85660625e-02 8.72240067e-02 5.71868420e-01 3.92877460e-02
    2.66475677e-01 2.24738568e-01 8.85102153e-01 2.52202392e-01
    3.16374302e-01 7.68740416e-01 8.27510595e-01 3.01894963e-01
    9.29185927e-01 8.87179852e-01 4.68042105e-01 5.17845154e-01
    2.33342767e-01 1.41746491e-01 4.89191532e-01 6.54426813e-02
    3.79197896e-02 1.47892803e-01 4.63858217e-01 2.67204732e-01
    8.53201985e-01 7.62966871e-02 2.55913198e-01 3.71659100e-02
    1.69405729e-01 5.09540200e-01 8.51234436e-01 8.41077685e-01
    3.41413140e-01 9.70773458e-01 2.92670131e-02 1.24024749e-01
    2.53610909e-01 5.17984688e-01 1.84106261e-01 7.77687609e-01
    6.42422020e-01 9.76726651e-01 2.14959055e-01 4.05362487e-01
    8.47511888e-02 3.38043630e-01 3.95148069e-01 8.40232491e-01
    7.13620484e-02 8.19547415e-01 8.76036465e-01 4.95737940e-01
    5.96327066e-01 1.52893543e-01 2.06752151e-01 1.26291275e-01
    9.12062407e-01 3.10206592e-01 5.64239562e-01 7.92441666e-02
    2.86211818e-01 4.19171929e-01 4.43187982e-01 2.46669829e-01
    5.21983564e-01 3.25662524e-01 4.16874886e-02 4.26641375e-01
    1.04965895e-01 4.87780273e-02 5.39661765e-01 2.34754086e-02
    8.86868477e-01 7.06403852e-01 3.20477486e-01 6.96448147e-01
    4.10598874e-01 5.37490964e-01 1.50568873e-01 2.15560585e-01
    3.13746095e-01 7.79932499e-01 1.01329297e-01 9.10183430e-01
    6.36301041e-01 7.16235816e-01 1.69968784e-01 2.89490014e-01
    4.11552012e-01 9.55928445e-01 4.97970194e-01 8.79469275e-01
    2.26841450e-01 1.67106897e-01 4.59481001e-01 4.01122391e-01
    2.34742969e-01 7.90699363e-01 4.36354548e-01 2.31750190e-01
    2.75349915e-01 1.37325555e-01 1.50103956e-01 7.51039565e-01
    4.72693205e-01 4.09038007e-01 2.28697479e-01 2.44688660e-01
    3.56886148e-01 9.44051445e-01 9.32580113e-01 4.69543576e-01
    7.35643029e-01 6.67765319e-01 8.76199722e-01 9.94132102e-01
    8.17358494e-02 8.81915987e-01 5.75099826e-01 1.63389742e-01
    8.58923197e-01 7.09042311e-01 4.45039064e-01 4.80034232e-01
    5.73913276e-01 5.21255553e-01 6.39537454e-01 2.76059747e-01
    7.73777723e-01 2.25899786e-01 3.38123620e-01 1.82616055e-01
    8.95732164e-01 5.76898813e-01 2.41133571e-01 9.98183012e-01
    8.98462057e-01 6.76554143e-01 2.16673076e-01 6.08751893e-01
    4.93293226e-01 7.85159647e-01 8.21935415e-01 7.96615064e-01
    1.26424998e-01 7.73203969e-02 2.25668848e-01 2.57417798e-01
    9.88983035e-01 7.80223012e-01 1.60767585e-01 1.46282434e-01
    6.74217999e-01 5.23781359e-01 3.35390568e-02 1.58841848e-01
    6.15927398e-01 8.77207994e-01 7.64585853e-01 4.43944275e-01
    4.39035833e-01 7.96571553e-01 6.69716835e-01 8.32049370e-01
    4.07545686e-01 8.06440949e-01 9.55692649e-01 6.52472138e-01
    8.09762180e-02 7.35795975e-01 6.03020191e-03 8.32901597e-01
    2.66032875e-01 5.11656106e-02 8.56566787e-01 2.43065417e-01
    9.97592568e-01 3.07237297e-01 4.11091506e-01 1.91152781e-01
    6.00375175e-01 9.56155181e-01 3.85330677e-01 3.12531888e-01
    7.38862097e-01 3.37535918e-01 8.09217691e-01 6.60674810e-01
    8.99736047e-01 2.95755535e-01 7.36921906e-01 8.04559112e-01
    3.78298670e-01 6.23176157e-01 8.64796519e-01 3.23289394e-01
    2.26657182e-01 4.91463155e-01 1.37458473e-01 8.20907354e-01
    8.37275684e-02 9.80307221e-01 4.07037973e-01 7.58255482e-01
    3.42839718e-01 2.21136957e-01 3.37557018e-01 8.99430990e-01
    6.48689628e-01 2.83803761e-01 2.73826718e-01 1.89318419e-01
    8.46389055e-01 7.18178868e-01 6.27366781e-01 7.22156465e-02
    5.62512636e-01 4.42681849e-01 4.52419788e-01 8.31186771e-01
    1.88865930e-01 3.58655840e-01 4.17735279e-02 7.55940914e-01
    8.35166097e-01 9.65483189e-01 3.27960223e-01 6.37859762e-01
    8.43819380e-01 3.41927707e-01 3.03506970e-01 2.07162887e-01
    7.92046309e-01 9.08434033e-01 2.54429609e-01 1.05906487e-01
    4.24597234e-01 4.33126569e-01 4.59720284e-01 6.40275776e-01
    9.06095326e-01 8.89759839e-01 5.40750802e-01 2.83568621e-01
    7.90188551e-01 1.44412428e-01 3.22049677e-01 3.20519745e-01
    8.47375035e-01 8.41878057e-01 9.95459497e-01 5.73107898e-01
    8.65958571e-01 3.32217038e-01 5.95806956e-01 6.29503429e-02
    6.03551209e-01 4.92072076e-01 2.76867926e-01 1.50780082e-01
    3.79974663e-01 5.81246912e-02 1.08487099e-01 8.69291425e-01
    1.75605118e-01 4.58721042e-01 2.04450160e-01 5.79943061e-01
    8.63283753e-01 5.20230472e-01 2.48546839e-01 3.80927831e-01
    3.01784635e-01 3.01133573e-01 4.85931188e-01 5.63468158e-01
    4.72962290e-01 5.24291217e-01 5.78045547e-01 3.11988592e-03
    1.74405545e-01 2.04061270e-02 8.17455351e-01 9.89837945e-01
    6.01535261e-01 7.67542720e-02 4.80180919e-01 3.92241806e-01
    5.83561242e-01 5.01165807e-01 3.65432799e-01 7.46706367e-01
    7.83489347e-02 2.56200135e-01 4.36093509e-01 4.20339674e-01
    5.72176099e-01 7.40077734e-01 5.87457597e-01 1.93722546e-02
    6.58603549e-01 8.00669551e-01 4.39930439e-01 9.01676714e-01
    4.27162319e-01 7.01485097e-01 7.41122603e-01 6.51866734e-01
    2.81037748e-01 7.68766046e-01 7.17621446e-01 1.27472818e-01
    1.65897876e-01 6.41159892e-01 7.12366462e-01 5.83453178e-01
    6.02300227e-01 8.34216774e-02 1.51150018e-01 1.05358630e-01
    7.35276103e-01 5.37619233e-01 6.46969676e-03 8.40468943e-01
    5.78625560e-01 8.76783252e-01 8.39179337e-01 9.99941170e-01
    4.72421408e-01 8.14686656e-01 4.74971950e-01 1.09793156e-01
    2.47108012e-01 1.64433479e-01 8.36618900e-01 7.29316592e-01
    8.38271797e-01 1.25885516e-01 9.24035728e-01 1.03801787e-02
    5.30703008e-01 6.71920776e-01 3.49239469e-01 7.54510999e-01
    6.66223705e-01 5.99392533e-01 6.75248265e-01 9.05858576e-01
    5.57878852e-01 7.33820677e-01 4.46235925e-01 8.65356803e-01
    6.30162656e-02 5.02715707e-01 8.11457634e-04 4.26257789e-01
    5.84776700e-02 3.79129887e-01 6.93046987e-01 7.24412084e-01
    1.56098306e-02 5.85857272e-01 6.76109493e-02 2.91802108e-01
    2.44713366e-01 5.23417592e-02 4.88240391e-01 9.42293346e-01
    2.48964936e-01 4.01929379e-01 8.08480740e-01 7.55936623e-01
    4.79220331e-01 4.66189504e-01 8.25758278e-01 1.57969683e-01
    9.92864370e-04 1.27803683e-02 1.02877229e-01 9.22143817e-01
    3.01256597e-01 7.18859553e-01 3.78719866e-01 9.04868543e-02
    3.59702766e-01 1.86834276e-01 5.25769114e-01 8.76739025e-02
    8.85450959e-01 4.69917953e-02 4.34279084e-01 4.19114202e-01
    1.75705761e-01 3.46091986e-01 5.46971798e-01 2.61075020e-01
    2.72700250e-01 9.54235435e-01 2.35775620e-01 1.14051998e-01
    4.32524085e-03 1.58153623e-01 7.10983574e-02 2.07995355e-01
    8.30280542e-01 3.36990654e-01 7.77354479e-01 5.01893818e-01
    6.51003659e-01 9.32047665e-02 1.32978171e-01 1.67795241e-01
    7.73420632e-02 9.04982388e-02 6.62827969e-01 8.07045937e-01
    9.01550651e-02 9.67874169e-01 8.73030663e-01 8.98192644e-01
    4.70257401e-01 2.01068401e-01 5.95565319e-01 8.10126245e-01
    6.97144270e-01 7.83615053e-01 8.88015866e-01 5.95524967e-01
    3.63184214e-01 6.08416677e-01 8.29821408e-01 1.24075085e-01
    4.66762573e-01 6.56023741e-01 6.36625051e-01 7.51193285e-01
    3.51675749e-02 1.71043187e-01 1.03573501e-01 9.28603768e-01
    6.32788241e-02 9.31480408e-01 2.38577127e-01 3.21430117e-01
    9.54557240e-01 2.24708945e-01 5.52576244e-01 5.95826209e-02
    9.66547132e-01 2.90219873e-01 2.57564545e-01 9.88116682e-01
    4.18223023e-01 4.37143922e-01 2.11290956e-01 6.33892179e-01
    3.93306494e-01 7.26404071e-01 4.69600290e-01 5.55127144e-01
    3.23346972e-01 8.42221141e-01 5.45396984e-01 3.19798410e-01
    3.25150788e-02 3.53986681e-01 6.91896141e-01 7.90593982e-01
    4.50533509e-01 7.32345581e-01 7.98138976e-01 8.25591922e-01
    6.60675526e-01 6.40604734e-01 4.22129393e-01 7.85842061e-01
    8.23110938e-01 9.11673307e-01 2.61318922e-01 1.59657747e-01
    3.58417749e-01 2.58908272e-01 3.96388561e-01 7.96918273e-01
    3.52941155e-02 1.83554500e-01 5.65556705e-01 4.99351293e-01
    1.49934173e-01 9.50102210e-01 4.99445826e-01 9.51765776e-01
    9.17605877e-01 1.53648227e-01 5.39633691e-01 7.17881680e-01
    2.81672210e-01 9.48368907e-01 7.61306643e-01 1.54329270e-01
    1.87964618e-01 4.24004138e-01 3.56758237e-01 9.71662402e-01
    7.66050696e-01 8.57551336e-01 1.47677988e-01 9.52940047e-01
    7.96682060e-01 3.48797053e-01 9.96682167e-01 9.41081047e-01
    3.09590876e-01 4.40070480e-01 2.93800592e-01 6.74603283e-01
    2.47234792e-01 8.83377910e-01 6.22796535e-01 3.30939621e-01
    5.71064651e-02 9.83705461e-01 7.20433235e-01 5.50416946e-01
    5.57189286e-01 8.17674279e-01 7.85716712e-01 7.67314553e-01
    9.55508232e-01 1.92322433e-01 9.12842751e-01 7.45910048e-01
    5.73879719e-01 1.64168715e-01 8.09046268e-01 6.26276493e-01
    7.57642865e-01 9.12523568e-01 4.03139114e-01 3.88764143e-01
    4.78287190e-01 6.40407681e-01 9.38462615e-01 2.57321894e-01
    7.38247931e-02 3.70318294e-01 3.06979954e-01 4.35260713e-01
    9.92224455e-01 9.31401670e-01 8.72202396e-01 9.92800832e-01
    3.98316890e-01 1.14632368e-01 1.23118281e-01 3.36106628e-01
    4.06776369e-01 8.19993556e-01 1.94025785e-01 1.67929918e-01
    2.96466291e-01 2.88532317e-01 7.78699279e-01 4.94190454e-01
    5.74146628e-01 9.06422138e-01 4.15383428e-01 2.41348803e-01
    3.36100072e-01 1.32798463e-01 1.45571500e-01 6.41903281e-03
    8.43322635e-01 8.29766393e-01 2.93669283e-01 6.37319744e-01
    7.21552968e-01 6.89128816e-01 9.80934620e-01 2.51693547e-01
    5.86148202e-02 3.73505980e-01 3.28287840e-01 9.95558619e-01
    8.72412145e-01 2.82703370e-01 4.22539860e-01 3.27448249e-01
    9.14157271e-01 4.65351403e-01 8.87410045e-01 9.36190248e-01
    7.36524761e-02 6.88531756e-01 3.37306321e-01 5.32507777e-01
    4.94265765e-01 9.34368670e-02 1.54057175e-01 2.22981453e-01
    4.76540804e-01 2.31513381e-01 2.41211057e-03 6.52528822e-01
    9.29043174e-01 7.86003351e-01 6.18350208e-02 9.06688988e-01
    1.71470940e-01 5.84918022e-01 1.87150210e-01 4.79786575e-01
    8.89261007e-01 5.55993021e-01 9.89802718e-01 4.64098454e-02
    6.50707364e-01 8.05223823e-01 8.85434210e-01 9.84120071e-01
    4.37191129e-01 1.03443086e-01 2.15714306e-01 9.00485098e-01
    5.45494378e-01 5.09906471e-01 4.12669122e-01 5.69298565e-01
    4.73085016e-01 3.78853202e-01 4.46209908e-02 9.37346697e-01
    1.40531927e-01 5.43784022e-01 5.02193391e-01 3.84802818e-02
    8.62147748e-01 1.02758527e-01 8.82762194e-01 3.57330143e-01
    7.29265094e-01 9.56946135e-01 4.09247369e-01 2.59315550e-01
    2.68511474e-01 9.00530100e-01 8.11655164e-01 6.10688806e-01
    2.43909329e-01 4.45126772e-01 3.20464522e-01 4.69875455e-01
    7.14999378e-01 8.14299583e-01 4.02163684e-01 2.67858326e-01
    9.66865599e-01 2.63825864e-01 9.89523768e-01 5.78840196e-01
    1.08688176e-02 3.95919949e-01 7.65014946e-01 3.04353446e-01
    3.74376833e-01 6.53852701e-01 2.67606318e-01 1.35377049e-03
    6.69327080e-01 7.91678190e-01 9.94246364e-01 1.38343871e-01
    6.89545393e-01 9.29834366e-01 3.53865713e-01 1.37943804e-01
    5.99601984e-01 9.11703050e-01 8.39047611e-01 3.88078094e-02
    3.84413838e-01 9.74018693e-01 8.14405382e-02 2.24737972e-01
    5.33116460e-01 2.59463668e-01 8.70002747e-01 2.43682861e-01
    7.10207343e-01 8.03636789e-01 6.33255422e-01 3.18000495e-01
    3.93799841e-01 5.74506104e-01 9.34929252e-01 6.26599371e-01
    8.82602513e-01 1.08312011e-01 1.15898430e-01 5.21809757e-01
    3.40272784e-02 7.75068164e-01 5.15579522e-01 6.08058453e-01
    8.76429915e-01 4.31546360e-01 4.88527000e-01 7.37465441e-01
    5.68068683e-01 1.92366302e-01 3.79379064e-01 1.17806703e-01
    8.91281843e-01 6.11407101e-01 7.20708132e-01 8.09050381e-01
    4.28394765e-01 6.13429904e-01 1.19776249e-01 4.88215208e-01
    3.03739130e-01 4.38588560e-01 4.81532127e-01 4.29555058e-01
    1.45821840e-01 1.44198507e-01 9.83742714e-01 9.21385288e-01
    2.55778819e-01 7.83348441e-01 4.64753687e-01 5.04081011e-01
    8.76323581e-02 6.17536783e-01 7.22957075e-01 2.90824622e-01
    8.28329325e-01 5.16307890e-01 2.68590748e-01 2.53033280e-01
    6.93818808e-01 9.61307764e-01 2.95571774e-01 3.55063677e-02
    7.20834851e-01 2.64403462e-01 9.52885151e-01 7.70843506e-01
    5.14413059e-01 4.87577975e-01 1.79006279e-01 7.41449416e-01
    7.61236072e-01 6.07031345e-01 5.67567110e-01 1.67931765e-01
    6.12367094e-02 5.45856059e-01 8.57508302e-01 4.93805289e-01
    5.96994936e-01 5.11934757e-02 9.91390228e-01 4.45923448e-01
    9.56578612e-01 3.43034804e-01 3.98545951e-01 9.09296870e-01
    2.59562165e-01 5.52076280e-01 6.24608696e-02 9.86232519e-01
    8.53328049e-01 9.76200342e-01 3.40839982e-01 4.22689915e-02
    3.47286433e-01 2.07114726e-01 9.19097841e-01 1.40606970e-01
    4.94284332e-02 2.26966918e-01 5.41040778e-01 3.64145458e-01
    1.39824748e-02 4.55485851e-01 7.31072187e-01 1.49469644e-01
    4.35219288e-01 8.77167106e-01 1.54966742e-01 9.81855631e-01
    8.15157294e-01 8.76095057e-01 8.60886693e-01 4.57870066e-01
    5.41668057e-01 8.06679249e-01 6.40115142e-03 4.16903347e-01
    9.62777257e-01 8.75557661e-01 7.46404052e-01 1.12978071e-01
    5.51561177e-01 1.18865997e-01 6.45122409e-01 5.33754289e-01
    9.83697057e-01 1.45208448e-01 9.10627782e-01 6.06828272e-01
    9.98512626e-01 5.39496005e-01 7.17764199e-01 1.32271349e-02
    8.13150644e-01 9.77828026e-01 2.61020958e-01 2.91830122e-01
    7.74314165e-01 4.74576324e-01 3.82704318e-01 2.92798281e-01
    3.79723638e-01 4.37810004e-01 7.33491719e-01 4.65551943e-01
    1.12234980e-01 2.66301930e-01 5.24996877e-01 1.08619839e-01
    9.81883049e-01 9.16771114e-01 4.75302398e-01 5.45211136e-02
    7.12531090e-01 8.42269540e-01 7.97666907e-01 2.41311908e-01
    8.02058578e-01 1.61509246e-01 2.37849742e-01 9.27571297e-01
    3.92912298e-01 7.19344020e-01 2.46366441e-01 2.09289551e-01
    8.84813428e-01 7.82874346e-01 2.63448477e-01 1.00928873e-01
    8.49766850e-01 4.60453689e-01 7.58835077e-01 4.07563150e-02
    2.72715360e-01 7.49374151e-01 6.25961185e-01 3.23748678e-01
    6.72858834e-01 8.35046411e-01 2.14963019e-01 6.74815774e-02
    8.09336007e-02 6.45777225e-01 4.11915869e-01 3.81983161e-01
    7.33430505e-01 3.05483520e-01 9.00953233e-01 2.93002248e-01
    3.98452342e-01 1.48594022e-01 2.49293238e-01 6.53734326e-01
    7.08347023e-01 5.69404423e-01 1.44171029e-01 1.57092422e-01
    3.34419847e-01 3.10695469e-01 3.74161780e-01 9.35887694e-01
    3.74419808e-01 7.28209496e-01 6.19025886e-01 7.71141648e-01
    7.34977067e-01 2.86910713e-01 7.58686662e-02 8.01357627e-02
    8.53111029e-01 5.99479377e-01 6.15576148e-01 5.62780380e-01
    5.75157225e-01 1.47422522e-01 9.28737342e-01 1.10328138e-01
    7.34398663e-01 4.02992219e-01 9.31692958e-01 9.86896873e-01
    3.55118930e-01 5.45272946e-01 6.10459566e-01 3.61779869e-01
    9.83320117e-01 5.84888220e-01 1.91816688e-02 6.34401262e-01
    3.32805872e-01 2.78358042e-01 9.69076991e-01 8.50893140e-01
    3.52587402e-01 4.06474352e-01 3.13127875e-01 9.87384677e-01
    5.19057930e-01 9.98802781e-01 9.43433702e-01 5.58885217e-01
    8.78264725e-01 6.78077221e-01 8.25500011e-01 6.51599169e-02
    6.34568214e-01 4.32373822e-01 1.43404096e-01 6.36202097e-01
    7.99690247e-01 5.67434311e-01 2.03695774e-01 5.69614112e-01
    4.88146275e-01 3.55196357e-01 8.20272446e-01 5.05279839e-01
    1.50347263e-01 7.10191905e-01 9.95845199e-02 8.56465518e-01
    5.76226413e-01 9.68761444e-01 9.54989016e-01 7.81852305e-02
    7.46250033e-01 1.37514740e-01 4.74623740e-01 5.21624327e-01
    1.96027458e-02 9.90984023e-01 5.93768656e-01 6.57568038e-01
    9.58856821e-01 8.13278258e-02 7.92247951e-02 1.25314593e-02
    4.53614324e-01 9.37734485e-01 2.45073587e-01 7.44880199e-01
    6.26030326e-01 6.95904613e-01 7.38650203e-01 2.34721124e-01
    6.99613690e-02 5.17003417e-01 8.96104097e-01 6.54656589e-01
    4.06080902e-01 1.67003602e-01 5.03603399e-01 2.88734555e-01
    6.46300673e-01 6.59616888e-01 2.73753345e-01 5.69005132e-01
    7.43856788e-01 8.34760666e-01 1.38461500e-01 8.80462170e-01
    8.45807374e-01 8.18899274e-03 3.94753814e-01 4.65440810e-01
    1.16094947e-03 7.97871649e-01 7.64365137e-01 5.45718491e-01
    7.65589833e-01 2.05170184e-01 4.62321222e-01 5.17853200e-01
    1.41661584e-01 4.75103199e-01 2.30378419e-01 9.28226948e-01
    1.29139900e-01 3.01649213e-01 1.95659459e-01 1.45997584e-01
    4.04587775e-01 3.77986223e-01 7.75276899e-01 4.19294983e-01
    5.54140866e-01 4.25063789e-01 9.35094237e-01 3.01796019e-01
    9.93564725e-03 9.25407410e-01 9.13903713e-01 8.89313221e-03
    8.15268755e-01 4.70026523e-01 2.03848213e-01 8.89184475e-02
    5.05074501e-01 6.81623340e-01 5.90592146e-01 4.09664065e-01
    4.54128832e-01 6.19293809e-01 7.94515133e-01 5.02130568e-01
    7.60893941e-01 3.10161233e-01 3.52995396e-01 6.18315160e-01
    3.61353278e-01 1.85690761e-01 6.82339132e-01 3.74574751e-01
    6.16641164e-01 4.56034362e-01 6.57251596e-01 4.41942096e-01
    9.15402412e-01 6.20829940e-01 2.77417004e-01 9.39374149e-01
    4.97120500e-01 9.16838109e-01 5.25181293e-01 7.67320037e-01
    3.00822675e-01 5.49660921e-01 4.38046515e-01 9.99776602e-01
    6.58771753e-01 4.93934691e-01 9.84273195e-01 1.29097372e-01
    5.06822526e-01 9.89833713e-01 9.59279895e-01 2.03737944e-01
    7.68717051e-01 6.86753392e-01 8.00659180e-01 3.83295864e-01
    2.68656731e-01 7.68504858e-01 3.95822227e-01 7.62009501e-01
    3.20385456e-01 6.61617398e-01 1.08536214e-01 1.76837206e-01
    8.11177373e-01 8.67911577e-01 1.53644979e-02 6.74486637e-01
    3.23463380e-01 7.08822608e-01 9.78004932e-01 3.83834720e-01
    4.88701582e-01 5.62750995e-01 2.32798159e-01 5.96432984e-02
    8.40107381e-01 8.39493096e-01 7.80876875e-01 1.52770728e-01
    5.30126929e-01 8.60083222e-01 2.22398996e-01 9.28182721e-01
    3.09672356e-01 5.42976558e-02 6.43624306e-01 8.67097259e-01
    9.48699594e-01 5.84442377e-01 5.45478463e-02 8.11728835e-02
    2.81981766e-01 2.64065266e-02 9.49656248e-01 5.26089191e-01
    6.18145585e-01 4.55802232e-01 9.97108400e-01 6.10732377e-01
    3.59072089e-01 2.47728229e-02 9.35369730e-01 3.47787559e-01
    6.30226135e-01 4.25469100e-01 8.43776524e-01 9.27637041e-01
    1.21053874e-01 9.32144046e-01 1.89529270e-01 2.04306096e-01
    7.37904429e-01 8.72079968e-01 3.12071979e-01 8.74652565e-01
    2.31989264e-01 4.19935226e-01 7.05664515e-01 4.23602164e-01
    1.01737291e-01 7.86034167e-01 3.62866044e-01 2.89826870e-01
    8.16275060e-01 6.62752390e-01 5.15460849e-01 9.09329176e-01
    6.06446624e-01 8.58539283e-01 3.46713662e-01 1.21932745e-01
    2.14525968e-01 2.97741085e-01 6.22205436e-01 5.12728393e-02
    7.94701576e-01 3.98411632e-01 2.80649751e-01 7.69409657e-01
    5.98599970e-01 7.96701312e-01 3.17373514e-01 3.26764286e-01
    1.43426657e-03 6.01057291e-01 7.57090926e-01 7.02687919e-01
    9.39921200e-01 3.04757774e-01 4.76437986e-01 6.77439153e-01
    6.42699003e-02 9.52811837e-01 9.06205893e-01 4.97372389e-01
    9.00535583e-01 9.61317241e-01 8.36271048e-01 5.98613679e-01
    2.31300086e-01 7.95207381e-01 9.27087665e-01 7.14614332e-01
    5.15601635e-01 1.39000505e-01 5.41546106e-01 3.80226344e-01
    6.75146043e-01 8.37664604e-02 6.13179982e-01 2.15235412e-01
    1.35151923e-01 1.92309320e-01 1.30096883e-01 7.01170862e-02
    7.39099145e-01 1.60523266e-01 1.44032598e-01 3.25058103e-02
    8.62668097e-01 2.02459246e-01 3.80397081e-01 3.60480249e-02
    7.63143063e-01 3.17764699e-01 7.21295059e-01 4.78422552e-01
    5.16676962e-01 4.96246129e-01 1.14476293e-01 1.45563483e-02
    7.01085329e-01 6.88125432e-01 9.29832578e-01 3.16680372e-01
    1.18945867e-01 9.64411139e-01 4.47427481e-01 5.05601048e-01
    4.92677957e-01 2.07496196e-01 3.53657007e-02 2.88374096e-01
    4.08868998e-01 8.44947338e-01 1.61648095e-01 1.96339518e-01
    2.10511506e-01 8.95532250e-01 4.42392290e-01 2.44875401e-01
    8.88513088e-01 8.35989952e-01 5.52452147e-01 2.60611773e-01
    8.92217636e-01 9.97778058e-01 3.62254918e-01 3.79484892e-01
    6.02340162e-01 4.75458205e-01 8.06628942e-01 3.01390409e-01
    4.47705597e-01 1.57147765e-01 4.98355150e-01 1.09470069e-01
    3.40379238e-01 4.87274617e-01 2.48058677e-01 5.85428238e-01
    6.98695600e-01 6.50404274e-01 1.26912564e-01 6.48324132e-01
    4.32338595e-01 3.37015897e-01 9.80957031e-01 6.45649552e-01
    5.48781693e-01 4.94150519e-02 5.18655121e-01 2.87680089e-01
    8.90435219e-01 7.32627809e-01 9.64673400e-01 4.87989783e-02
    4.65042591e-01 8.71813357e-01 9.66037095e-01 6.55269265e-01
    6.93520427e-01 3.22755635e-01 4.57271308e-01 8.25276732e-01
    1.73426867e-01 6.00366771e-01 3.57773066e-01 8.31884027e-01
    2.52879262e-01 7.94218421e-01 9.03736949e-01 2.04090655e-01
    6.74313188e-01 1.30108088e-01 2.99237758e-01 9.30659294e-01
    8.59059930e-01 7.05138564e-01 8.62744212e-01 8.36288512e-01
    6.28657341e-01 1.49114817e-01 9.50533867e-01 4.72787321e-01
    3.90371501e-01 2.86993176e-01 7.56075621e-01 9.69021678e-01
    6.86146021e-01 3.26255381e-01 8.53596330e-01 1.97834730e-01
    6.28790557e-01 4.99128520e-01 3.92012298e-01 9.56082642e-01
    8.17083120e-01 9.41951394e-01 2.38519639e-01 4.26413596e-01
    5.26365459e-01 6.52655959e-02 7.74059892e-01 3.95378470e-01
    1.37111515e-01 5.71973920e-01 2.60277569e-01 7.71799743e-01
    1.36965483e-01 1.33326650e-03 7.91828871e-01 5.65716505e-01
    9.91486311e-02 3.45309019e-01 8.43049049e-01 5.92369199e-01
    1.16907954e-01 5.86339712e-01 9.22814012e-03 8.89459372e-01
    8.55131030e-01 3.51868510e-01 5.62562287e-01 9.72809792e-01
    8.80081058e-02 7.01232731e-01 7.80934930e-01 4.55808163e-01
    6.09297633e-01 9.44999456e-01 6.68781102e-01 8.85516405e-01
    6.63786709e-01 3.91378760e-01 8.67659450e-01 4.20300603e-01
    6.86285496e-01 5.82112610e-01 7.23997891e-01 2.37220258e-01
    5.17646372e-01 8.82219553e-01 1.89518034e-02 6.09549642e-01
    9.73213673e-01 7.50738025e-01 7.85427809e-01 1.87153220e-02
    7.80260086e-01 6.54798210e-01 3.58210981e-01 4.01079267e-01
    8.51950347e-02 1.84168398e-01 6.68545842e-01 6.38944447e-01
    4.84277308e-01 8.34976196e-01 3.51438642e-01 3.61092150e-01
    8.66043448e-01 8.43235135e-01 1.17367417e-01 9.74784493e-02
    9.85095561e-01 1.58337682e-01 9.89697218e-01 1.27461374e-01
    1.62126124e-01 3.82590234e-01 3.47117692e-01 1.42843932e-01
    8.95834327e-01 9.68200684e-01 7.19452798e-02 4.54738528e-01
    7.09222436e-01 1.11384094e-02 5.89026272e-01 3.87666047e-01
    1.55388206e-01 1.99426919e-01 9.17688012e-01 3.20239931e-01
    6.80068552e-01 6.24429286e-02 9.74262476e-01 8.37592781e-01
    2.52627254e-01 2.88015217e-01 9.10513341e-01 4.02337521e-01
    4.10861731e-01 5.82528293e-01 1.64436042e-01 8.99743676e-01
    1.41915083e-01 4.55775946e-01 2.50661075e-01 5.05852759e-01
    7.86896110e-01 1.30568415e-01 4.17299211e-01 4.28432465e-01
    5.71805835e-01 4.76465225e-01 3.53574753e-04 1.48038179e-01
    7.32289672e-01 9.78132784e-01 5.23250520e-01 7.05515563e-01
    5.19387364e-01 2.65061080e-01 1.28219992e-01 7.60792375e-01
    1.50510311e-01 7.36261487e-01 7.16162562e-01 3.25795710e-01
    7.99918771e-02 1.64433926e-01 4.09801722e-01 3.71741235e-01
    2.50562251e-01 4.13475573e-01 5.96700490e-01 6.21063232e-01
    6.09011292e-01 1.30475014e-01 4.90749419e-01 2.49935597e-01
    9.98953879e-01 4.82849360e-01 8.41340423e-03 6.48408830e-02
    4.47131187e-01 8.19268346e-01 3.77265930e-01 5.40944278e-01
    3.91851276e-01 7.89655924e-01 5.29639363e-01 2.19804615e-01
    3.80264223e-01 1.10447913e-01 5.83017588e-01 6.99461997e-02
    2.93530524e-01 2.02934831e-01 6.21269226e-01 4.32454288e-01
    6.40142322e-01 4.05651629e-02 9.39080000e-01 2.76367605e-01
    8.53051186e-01 7.12480843e-02 7.68361986e-02 2.99646139e-01
    6.79540515e-01 8.12237620e-01 8.72993112e-01 1.77428335e-01
    1.14170730e-01 8.75345230e-01 5.76520503e-01 8.22054267e-01
    2.88981676e-01 2.82367527e-01 2.74198949e-02 3.93215120e-01
    6.51400566e-01 8.78131747e-01 3.87387305e-01 4.79496002e-01
    4.02900577e-01 7.81230092e-01 7.01314747e-01 7.62585700e-01
    1.50597811e-01 1.31242394e-01 4.13063556e-01 4.87706244e-01
    2.58388191e-01 9.83396173e-01 6.65484071e-01 7.16616094e-01
    3.71526301e-01 8.33987951e-01 6.13309681e-01 3.39723825e-02
    2.13967502e-01 4.27792251e-01 1.81465089e-01 3.36166620e-02
    4.51487958e-01 4.93644476e-02 2.98539817e-01 8.85403037e-01
    5.39446473e-02 7.31893182e-01 3.03846240e-01 8.04043889e-01
    2.30681300e-02 9.53679204e-01 4.35007155e-01 2.78866589e-01
    4.51390088e-01 6.28984690e-01 5.59777319e-01 8.51938725e-02
    5.09763777e-01 6.27317011e-01 9.97498393e-01 9.39343572e-02
    5.50113499e-01 5.96690774e-02 5.69404304e-01 1.09439641e-01
    2.18921125e-01 5.77636719e-01 3.25972259e-01 7.12960780e-01
    8.70301425e-02 9.89898026e-01 3.87519062e-01 4.93360639e-01
    5.83563745e-01 9.71687436e-01 7.01734424e-03 9.52993512e-01
    9.41628933e-01 7.10453093e-02 1.43079549e-01 7.75282621e-01
    5.05333304e-01 5.71768045e-01 5.68820894e-01 8.38645935e-01
    3.98602217e-01 7.97212481e-01 6.72466934e-01 2.60569274e-01
    6.48621798e-01 2.24283487e-01 1.24202013e-01 4.86112535e-01
    6.99053466e-01 6.89120471e-01 4.16888058e-01 5.67054331e-01
    9.59153771e-01 5.31213760e-01 7.59877563e-02 3.64873707e-01
    3.16632271e-01 6.91986561e-01 3.44828606e-01 3.60516965e-01
    1.68882251e-01 5.03693402e-01 5.98682106e-01 4.04228687e-01
    6.96884453e-01 1.42530799e-01 6.53631210e-01 8.20260108e-01
    6.61580443e-01 4.11972791e-01 7.20300376e-02 6.46223068e-01
    5.20715117e-01 8.88744473e-01 3.08626413e-01 9.53926921e-01
    9.11574781e-01 3.52631509e-02 7.24524617e-01 2.45590985e-01
    8.13805699e-01 7.45794713e-01 3.64903599e-01 6.54853582e-01
    7.71137953e-01 4.18879777e-01 1.88174814e-01 1.91231579e-01
    9.29286003e-01 9.93798375e-01 3.98664832e-01 9.04601634e-01
    7.67197490e-01 1.99934185e-01 5.11440039e-01 3.45693469e-01
    4.46300924e-01 7.44461179e-01 6.73059344e-01 7.27208078e-01
    8.02062035e-01 4.76300359e-01 1.71933174e-02 4.04325128e-02
    8.95799279e-01 7.31412411e-01 1.18911237e-01 4.16582346e-01
    1.71375811e-01 7.19479799e-01 7.73491502e-01 4.46200460e-01
    2.47096419e-01 7.25163817e-01 2.84145296e-01 3.22571993e-02
    4.79818404e-01 2.94556856e-01 8.99663448e-01 4.19109255e-01
    5.32030225e-01 5.77566683e-01 4.22554761e-01 2.11128056e-01
    3.70949864e-01 3.92786205e-01 4.62121099e-01 1.85752690e-01
    1.02848679e-01 7.31365085e-01 1.44638717e-01 3.90113473e-01
    3.57424974e-01 3.11499655e-01 1.46578431e-01 8.21659446e-01
    3.10800970e-01 1.10107809e-01 9.21979845e-01 6.66488588e-01
    6.32399321e-01 6.20225728e-01 7.54222095e-01 4.27010506e-01
    1.83195621e-01 7.20897555e-01 8.92051637e-01 4.46554720e-02
    2.20235109e-01 9.04392242e-01 1.81884140e-01 6.45892024e-01
    9.71679449e-01 2.20167726e-01 2.19039768e-01 9.35705304e-01
    7.29820848e-01 3.97154868e-01 4.04453158e-01 1.01558089e-01
    2.21335232e-01 9.45202231e-01 6.74277186e-01 9.88542318e-01
    2.79419422e-02 3.01474154e-01 5.78912497e-01 6.27913594e-01
    1.62966102e-01 1.79639608e-01 2.02489525e-01 9.86567974e-01
    1.48475796e-01 9.96640980e-01 8.36162508e-01 4.90557551e-02
    3.26113403e-01 5.58561563e-01 8.75520706e-01 6.57653332e-01
    6.74578726e-01 8.60703826e-01 9.70474362e-01 6.29824102e-01
    7.49434352e-01 5.09516835e-01 5.10591567e-02 4.45580930e-01
    2.74301589e-01 3.15118581e-01 2.20463961e-01 7.24133551e-01
    4.95991915e-01 6.45198941e-01 9.48038816e-01 8.15620899e-01
    1.42027438e-01 6.53984368e-01 5.77036381e-01 2.96603918e-01
    8.90309334e-01 1.22402012e-02 9.55744088e-01 9.61755395e-01
    5.23781240e-01 4.55769092e-01 5.71019113e-01 5.45386732e-01
    4.05518055e-01 4.11204100e-01 7.14683235e-02 1.55710965e-01
    8.55393052e-01 5.97631693e-01 1.39722288e-01 1.14560932e-01
    3.60732883e-01 8.95913303e-01 1.04700625e-02 7.47535825e-02
    9.20519590e-01 7.40503550e-01 5.68193436e-01 9.19702530e-01
    2.18451917e-02 1.33067071e-02 7.21218586e-01 2.36138970e-01
    5.31563282e-01 3.64011377e-01 1.39887422e-01 8.88858140e-02
    9.07610953e-01 6.66794479e-01 9.65093970e-01 6.38036907e-01
    8.59761536e-01 5.71009517e-03 2.80822933e-01 1.37940139e-01
    9.98237848e-01 6.79132581e-01 3.03909004e-01 8.72583210e-01
    8.76193881e-01 1.37436956e-01 7.17746139e-01 3.26493680e-01
    9.30025399e-01 6.04671896e-01 8.92311871e-01 7.32301533e-01
    6.99375272e-01 4.10616636e-01 9.02650237e-01 2.00209141e-01
    5.11389077e-01 4.92300063e-01 7.91967630e-01 9.22422051e-01
    3.35219592e-01 8.09293151e-01 9.80365276e-02 8.89182031e-01
    5.65468669e-01 8.95702362e-01 3.29374760e-01 6.70683444e-01
    9.10535872e-01 3.39815408e-01 3.47732425e-01 9.26596940e-01
    4.48179305e-01 8.46820116e-01 9.58796740e-02 1.41853094e-03
    9.18605030e-01 5.62250674e-01 8.90203416e-01 3.39722276e-01
    1.43763781e-01 1.74102217e-01 9.74654794e-01 3.17696661e-01
    1.21197402e-02 3.83843601e-01 8.38160515e-02 7.93608427e-01
    9.55870986e-01 2.11807191e-02 6.57368660e-01 5.57337284e-01
    1.19530171e-01 4.69931394e-01 1.99570745e-01 2.70198047e-01
    6.46754503e-01 7.83387303e-01 6.46388829e-01 3.45031619e-01
    6.28531992e-01 6.84274316e-01 8.24724734e-01 1.11984372e-01
    2.24403501e-01 7.32455730e-01 8.48002791e-01 9.91902947e-01
    3.00222397e-01 2.56956279e-01 1.29238814e-01 4.89246637e-01
    5.68425179e-01 7.26888537e-01 2.02863693e-01 9.77883101e-01
    9.61495340e-02 9.91860032e-03 6.08808100e-01 8.71108770e-02
    7.85301328e-01 8.97548735e-01 1.46677464e-01 6.32195115e-01
    2.46168762e-01 5.78848124e-01 5.22309601e-01 5.63757420e-01
    2.25988239e-01 6.40899539e-02 9.63353038e-01 1.22185141e-01
    6.87393785e-01 7.48965263e-01 9.68814611e-01 1.38876259e-01
    9.09048140e-01 8.76702547e-01 2.31575400e-01 8.41726303e-01
    6.02387846e-01 1.60424232e-01 6.15142226e-01 3.88499290e-01
    7.85649478e-01 8.71037602e-01 8.49046588e-01 1.54172838e-01
    6.15510702e-01 3.17264736e-01 8.76985431e-01 4.57771480e-01
    2.61595428e-01 5.07014155e-01 6.55481517e-01 2.13280499e-01
    8.94713640e-01 8.14023018e-02 3.39531481e-01 7.76626587e-01
    2.30526328e-02 5.49800932e-01 2.75274813e-01 2.52175719e-01
    3.76701653e-01 4.29617643e-01 4.54007328e-01 9.26870227e-01
    5.17845690e-01 5.67993224e-02 1.42984986e-02 8.99747729e-01
    1.97523177e-01 7.16266990e-01 1.52362913e-01 3.84577870e-01
    6.16804421e-01 8.16994905e-02 2.33387470e-01 1.19037390e-01
    7.78238177e-01 9.47990656e-01 6.36220634e-01 1.90044135e-01
    2.25478411e-03 5.15252590e-01 3.48393202e-01 6.22752845e-01
    6.46819293e-01 8.16286385e-01 4.19274688e-01 1.31667852e-01
    9.56053615e-01 7.38741815e-01 7.79940844e-01 5.43476939e-02
    7.53376961e-01 7.81954408e-01 4.50198352e-01 2.58210480e-01
    7.11481810e-01 6.56208158e-01 2.97477365e-01 6.72417760e-01
    9.27833080e-01 2.93996155e-01 2.34657615e-01 4.20001417e-01
    4.60919559e-01 6.85068727e-01 7.89626241e-02 3.56799603e-01
    1.41137689e-01 6.31683111e-01 9.23800230e-01 8.50913823e-01
    6.81846857e-01 1.43089324e-01 5.19224286e-01 2.76486188e-01
    1.79124713e-01 1.30103827e-02 8.13461959e-01 6.69420958e-02
    5.28193951e-01 9.80087280e-01 3.56080651e-01 6.74413562e-01
    8.14956665e-01 4.46482033e-01 1.85145617e-01 4.74025905e-02
    3.08505476e-01 5.05324543e-01 7.48807669e-01 7.02772737e-01
    8.84754062e-01 7.07432747e-01 9.65220332e-01 5.66350877e-01
    1.06992066e-01 1.73956841e-01 1.50279671e-01 1.19678110e-01
    7.20239341e-01 4.37967867e-01 4.22157288e-01 8.00240815e-01
    3.38201106e-01 2.93577552e-01 4.61326689e-01 4.64801222e-01
    9.60935116e-01 4.73871440e-01 3.55725527e-01 6.81261599e-01
    3.40221226e-01 2.16358483e-01 5.45391679e-01 4.61395800e-01
    6.53530538e-01 7.74602830e-01 4.58695799e-01 6.52060211e-01
    6.66623116e-02 2.03481495e-01 9.44153547e-01 4.78889644e-01
    5.72293103e-01 6.36762857e-01 4.36175823e-01 8.51631641e-01
    9.63514805e-01 7.06062734e-01 8.09830189e-01 6.21992648e-01
    1.41879916e-01 6.14981294e-01 4.97552752e-02 9.14000332e-01
    3.75994354e-01 3.50926220e-01 7.70899653e-02 1.72957420e-01
    2.83881783e-01 7.43701518e-01 1.55661911e-01 1.53676748e-01
    1.27658039e-01 8.71102273e-01 6.52393222e-01 7.14394748e-01
    4.67542380e-01 4.31591809e-01 4.35898662e-01 7.82693923e-02
    7.37956762e-01 3.92621756e-01 3.42133850e-01 5.76700270e-02
    1.60749197e-01 1.20043874e-01 3.72249722e-01 4.66187596e-02
    2.68652022e-01 3.94702792e-01 9.92724895e-02 8.84290516e-01
    9.22345400e-01 3.12262952e-01 6.53393567e-02 1.88898325e-01
    8.27909529e-01 7.81960845e-01 3.83605748e-01 5.48743665e-01
    6.37069345e-03 5.78072071e-01 7.77277410e-01 6.73969626e-01
    6.37651324e-01 7.93315589e-01 5.27882457e-01 3.36181790e-01
    5.13670146e-01 3.14128339e-01 1.42027050e-01 6.51097953e-01
    5.77091217e-01 3.31968337e-01 5.17076790e-01 4.34063077e-02
    4.92504746e-01 9.29024816e-03 7.42275119e-01 9.09182429e-01
    5.28464913e-01 3.15478712e-01 7.15091228e-02 9.73110676e-01
    2.18198836e-01 3.01566929e-01 4.33750689e-01 7.39471257e-01
    6.86864555e-02 4.17412817e-02 2.45249420e-01 3.42288733e-01
    4.36728477e-01 8.81118178e-02 3.15518856e-01 5.59185505e-01
    2.50278234e-01 3.60564291e-01 7.98005044e-01 1.00049376e-01
    3.18249792e-01 3.92327726e-01 4.38605249e-01 8.98831964e-01
    6.84168339e-01 7.28085279e-01 6.03142142e-01 9.47316706e-01
    4.07405287e-01 3.21326375e-01 2.23062634e-01 8.44422281e-01
    1.03504658e-02 8.23225975e-02 6.82987988e-01 4.82642651e-03
    8.18685412e-01 4.38362360e-01 4.73455280e-01 4.65448141e-01
    6.24406159e-01 2.51507849e-01 7.86139131e-01 6.01679921e-01
    9.40279365e-01 1.58569992e-01 1.82123184e-02 4.21428442e-01
    4.37317193e-02 7.45491624e-01 9.70187902e-01 2.57423997e-01
    5.24441540e-01 3.74517113e-01 6.96412146e-01 4.56028432e-01
    7.94417024e-01 2.99506873e-01 9.66183066e-01 6.08658433e-01
    6.10789835e-01 5.84060133e-01 7.58140087e-02 6.47643387e-01
    5.18755138e-01 9.26302195e-01 6.31424427e-01 9.24213707e-01
    8.78653884e-01 2.79101849e-01 1.17169976e-01 2.07564294e-01
    1.67562366e-01 2.39587933e-01 5.88796496e-01 5.36739826e-04
    6.92119062e-01 3.42346132e-01 6.48094475e-01 1.67742997e-01
    7.92033076e-01 3.84426594e-01 3.91072512e-01 2.20078409e-01
    5.90358496e-01 1.70935363e-01 9.38550949e-01 6.58438802e-01
    7.02919364e-02 3.28064501e-01 4.55140471e-02 5.11041760e-01
    5.74427545e-01 1.89800054e-01 3.03492278e-01 8.14374089e-01
    3.54572773e-01 1.77989811e-01 2.02980489e-01 5.97922802e-01
    3.25864464e-01 6.36891127e-01 7.09986210e-01 3.88148487e-01
    7.50006914e-01 9.75686014e-02 7.06744134e-01 8.90904903e-01
    5.14407575e-01 3.49906087e-02 4.06603605e-01 6.34357810e-01
    8.73368025e-01 2.88758457e-01 8.09266686e-01 5.70619226e-01
    4.99156684e-01 5.71879268e-01 1.11844808e-01 9.09358740e-01
    9.65215206e-01 1.35024130e-01 9.34066832e-01 5.10650992e-01
    6.56060934e-01 3.05814445e-01 7.71628916e-01 2.71409571e-01
    1.11547619e-01 7.57466674e-01 4.89095181e-01 9.84462380e-01
    3.81953567e-01 3.23158085e-01 1.63564414e-01 7.02181458e-02
    9.73239541e-03 1.55928254e-01 3.17631811e-01 7.93700516e-01
    1.90527737e-01 9.45776939e-01 2.60794580e-01 4.14561927e-02
    1.07371867e-01 8.29096556e-01 5.12874186e-01 6.14151061e-02
    5.37389457e-01 5.31706989e-01 7.50840247e-01 9.42581773e-01
    5.71859777e-01 2.08952963e-01 2.46415466e-01 5.82086563e-01
    4.90425795e-01 7.10383654e-01 8.83692265e-01 4.54651177e-01
    6.31309569e-01 2.10944623e-01 5.97378910e-01 5.87345064e-02
    4.75535989e-01 5.23761570e-01 6.06518388e-02 9.34736967e-01
    3.82296681e-01 1.27733707e-01 3.04836690e-01 6.36948705e-01
    1.18254840e-01 9.68965709e-01 7.77220845e-01 4.10359383e-01
    7.98293591e-01 4.99814153e-01 5.44996381e-01 4.38435256e-01
    1.80341840e-01 5.36677182e-01 1.26203001e-02 7.41104126e-01
    6.79229438e-01 3.52066487e-01 4.49156910e-01 1.91470087e-02
    7.94373274e-01 5.25483131e-01 6.38572335e-01 4.23940659e-01
    8.21218371e-01 9.17025805e-02 5.78301013e-01 4.25507724e-01
    8.78048360e-01 1.35720134e-01 1.33397371e-01 1.58504784e-01
    5.37628710e-01 1.48797184e-01 7.99356222e-01 4.56661195e-01
    1.04503095e-01 1.56788319e-01 1.96444720e-01 8.34887862e-01
    7.27418423e-01 7.89869666e-01 1.33185923e-01 8.38186502e-01
    5.27260840e-01 2.27965117e-01 2.79374450e-01 6.95519090e-01
    1.95063144e-01 7.27449536e-01 9.91914749e-01 8.73321056e-01
    3.62460017e-02 5.99801600e-01 8.92706156e-01 9.35922205e-01
    9.64652300e-01 7.20920682e-01 2.00420409e-01 9.40682530e-01
    1.13207489e-01 5.27205288e-01 9.71095085e-01 1.92978442e-01
    7.04153776e-01 2.00741142e-01 1.33996755e-01 6.51903987e-01
    3.84835601e-01 8.64219368e-01 7.12304533e-01 9.02927101e-01
    3.72227430e-01 7.13672876e-01 3.92217815e-01 4.51143622e-01
    8.91032577e-01 6.33045733e-01 3.27143133e-01 1.74224705e-01
    5.85674405e-01 5.09488583e-01 9.48792100e-01 2.83650905e-01
    5.81237793e-01 3.23644906e-01 6.09809279e-01 4.78919744e-02
    1.04175121e-01 5.84613085e-01 2.56425530e-01 9.41042542e-01
    9.16830897e-01 1.49544567e-01 2.79422164e-01 7.67351031e-01
    5.68815410e-01 6.42325521e-01 8.09555411e-01 8.56357872e-01
    1.21746987e-01 9.85958457e-01 4.58141983e-01 6.00201488e-01
    5.42773843e-01 3.28332484e-01 9.46259618e-01 8.68178368e-01
    7.27009058e-01 3.49283218e-05 5.89071512e-02 2.64426857e-01
    9.51529205e-01 7.36952782e-01 1.58095509e-01 1.54718369e-01
    3.01350266e-01 2.97857791e-01 5.46539187e-01 2.81157315e-01
    8.48718405e-01 2.62819231e-02 7.59917557e-01 4.95321989e-01
    2.39357442e-01 4.80127752e-01 6.86291099e-01 4.92371410e-01
    8.59525084e-01 6.47173405e-01 7.95115232e-01 5.01471043e-01
    9.18337703e-01 6.60685956e-01 4.26808000e-01 5.18837452e-01
    3.18830550e-01 9.74027991e-01 1.57689869e-01 1.87885851e-01
    3.37095708e-01 5.29219031e-01 2.77051508e-01 5.16924262e-02
    5.94286859e-01 7.57407367e-01 6.23896360e-01 4.05288815e-01
    5.31747103e-01 5.03144562e-01 5.16833961e-01 3.17356199e-01
    9.71823037e-02 2.87532270e-01 8.45368743e-01 9.17931437e-01
    9.56662297e-01 3.14986944e-01 8.95179152e-01 9.73478913e-01
    1.71309531e-01 5.59396088e-01 7.45363951e-01 5.25693774e-01
    9.91726756e-01 5.19632161e-01 8.83499265e-01 2.18628675e-01
    2.42509604e-01 9.17573273e-01 9.34437633e-01 3.17836761e-01
    8.48130107e-01 9.24282491e-01 5.22100091e-01 7.21360266e-01
    7.10488379e-01 9.38915074e-01 2.86251307e-01 4.72796410e-01
    8.99638951e-01 1.59420878e-01 5.10747433e-01 4.07909662e-01
    8.27705562e-01 3.26084316e-01 9.38653588e-01 9.10760403e-01
    4.45370197e-01 3.35881591e-01 9.15666938e-01 8.17454994e-01
    6.14620328e-01 5.71151674e-02 4.99301136e-01 5.38905144e-01
    1.23991728e-01 5.75332344e-01 7.90968060e-01 5.79480231e-01
    9.63178277e-01 2.55205631e-01 6.71488762e-01 7.99001753e-02
    7.72065401e-01 9.88287330e-01 5.64307868e-02 2.26160169e-01
    4.57544267e-01 2.12586403e-01 2.50755489e-01 2.03748941e-01
    6.41630352e-01 5.79593897e-01 2.41292268e-01 2.17400432e-01
    6.18556857e-01 5.70830226e-01 1.34623230e-01 3.73269856e-01
    1.22580409e-01 1.99697196e-01 4.70231682e-01 4.09637332e-01
    5.31519592e-01 3.99205565e-01 6.37726605e-01 8.83876085e-01
    3.15319598e-02 2.07498580e-01 5.84567189e-01 6.98124826e-01
    6.44311070e-01 4.26798284e-01 1.44016802e-01 3.40954840e-01
    6.72884047e-01 9.19071674e-01 1.35285884e-01 4.27558482e-01
    5.14631987e-01 4.58318800e-01 3.89399439e-01 5.99712729e-01
    5.68283498e-02 1.62497461e-01 5.90207458e-01 4.68395650e-02
    4.61397022e-01 7.01555371e-01 7.89420605e-01 5.31827629e-01
    8.51216614e-02 7.52174139e-01 2.37837434e-02 1.33331120e-02
    7.45209217e-01 9.07507896e-01 1.25593245e-02 3.75529885e-01
    1.98116958e-01 1.20474190e-01 1.73568040e-01 4.61454004e-01
    8.98187280e-01 9.11835611e-01 4.38642174e-01 3.67253870e-01
    8.20505083e-01 7.67073393e-01 4.80374455e-01 8.20998251e-01
    4.09512281e-01 2.11409032e-01 8.40657949e-01 7.50341892e-01
    4.10063207e-01 6.35131240e-01 9.19227123e-01 3.67903411e-01
    9.86950099e-01 8.57068181e-01 6.98655665e-01 8.66409123e-01
    2.53987372e-01 1.43140167e-01 8.25497389e-01 5.64294457e-01
    2.28092402e-01 6.22785568e-01 6.18037581e-01 1.18385255e-02
    6.57891393e-01 8.64805818e-01 4.94796455e-01 2.50503123e-02
    3.34984660e-02 5.82352877e-02 3.86550307e-01 8.73387694e-01
    9.58795547e-02 7.90654719e-02 1.78567976e-01 1.56894356e-01
    1.51845634e-01 1.53859735e-01 8.15625906e-01 8.96834731e-01
    1.13522708e-01 8.22417676e-01 6.09950244e-01 5.74077368e-02
    1.36294037e-01 1.90045178e-01 2.74513364e-01 6.88638210e-01
    9.69205022e-01 4.33987826e-01 6.33995414e-01 6.39418483e-01
    6.22118413e-01 3.01976144e-01 4.23555106e-01 1.33301109e-01
    8.59766543e-01 5.57338595e-01 1.28505141e-01 4.34963137e-01
    6.22413576e-01 2.57804990e-03 7.88444221e-01 1.37891024e-01
    6.73970819e-01 4.01645899e-03 2.55466670e-01 6.10511422e-01
    8.57124686e-01 9.99219775e-01 6.97302818e-01 8.43129456e-01
    7.37484336e-01 8.58284593e-01 7.90873408e-01 1.41702324e-01
    2.50395119e-01 8.43508720e-01 8.71736407e-01 4.89994943e-01
    5.13210475e-01 1.74711257e-01 3.60457897e-01 1.11919731e-01
    8.23318839e-01 2.69678235e-01 8.00526798e-01 5.63028574e-01
    3.58294904e-01 2.13093996e-01 5.47091782e-01 6.84036136e-01
    6.52087986e-01 2.45801687e-01 3.27942520e-01 3.72358859e-02
    8.96533489e-01 3.58885288e-01 3.68520707e-01 5.20811081e-01
    1.40312582e-01 9.22636151e-01 9.48922992e-01 5.41249275e-01
    2.42968887e-01 4.55322176e-01 7.25723624e-01 7.44970441e-01
    7.27120519e-01 1.70383006e-01 3.64535987e-01 9.34008241e-01
    6.08740330e-01 8.83000374e-01 5.49979389e-01 5.29298007e-01
    8.64899993e-01 3.47020537e-01 6.51059687e-01 5.08657217e-01
    9.96173680e-01 7.80137300e-01 8.40589643e-01 7.92157769e-01
    4.21498775e-01 9.08202291e-01 1.12139493e-01 7.90129423e-01
    9.28085685e-01 6.35522842e-01 5.21304309e-01 3.00709218e-01
    3.88718426e-01 4.19909954e-02 2.92275488e-01 9.69720006e-01
    1.46559596e-01 5.80839038e-01 4.74558264e-01 1.70783371e-01
    1.00483030e-01 1.88232780e-01 6.19744241e-01 1.73260838e-01
    3.34699452e-01 8.71553302e-01 8.72284412e-01 2.75804788e-01
    6.28974915e-01 6.28209472e-01 2.63334572e-01 4.72358167e-01
    2.67882645e-02 8.28757048e-01 5.92318892e-01 7.93350041e-01
    5.40363312e-01 3.00885111e-01 1.80971622e-01 6.88213348e-01
    6.71741605e-01 5.01608253e-01 2.12630540e-01 2.52621889e-01
    7.93879271e-01 2.39202470e-01 7.53801703e-01 9.09675479e-01
    9.05612350e-01 4.88871932e-02 4.41164374e-01 3.01981658e-01
    7.57863879e-01 9.60861802e-01 6.00966454e-01 6.37652576e-01
    4.03412998e-01 5.32590151e-01 4.11983937e-01 6.81224465e-03
    8.25509906e-01 7.33969212e-01 7.09058762e-01 8.13585877e-01
    2.08473295e-01 4.55897123e-01 7.86948323e-01 1.90045029e-01
    3.47017169e-01 5.20432413e-01 7.53335118e-01 8.39865446e-01
    3.33541989e-01 1.28390670e-01 8.76181722e-02 5.34553170e-01
    1.26726836e-01 3.30681801e-01 5.00212371e-01 5.83254278e-01
    7.95687735e-02 1.55640602e-01 8.38798642e-01 4.81653005e-01
    3.54193330e-01 2.87603140e-02 3.92701030e-01 9.21534896e-02
    4.76026177e-01 4.66401786e-01 7.88211226e-01 5.45770884e-01
    6.11168802e-01 1.29898190e-01 9.64006484e-01 4.39653546e-01
    4.16185051e-01 2.81479269e-01 2.49381393e-01 8.38926435e-01
    5.59401512e-01 5.33810437e-01 5.11182785e-01 3.68482947e-01
    4.75636303e-01 4.22156811e-01 2.81891406e-01 9.85932350e-01
    8.26011777e-01 5.41526258e-01 6.55880451e-01 2.86424905e-01
    1.04866683e-01 4.40562963e-01 4.16501462e-01 6.63709044e-01
    1.88168257e-01 5.87780237e-01 9.23275411e-01 1.92371488e-01
    9.33686137e-01 7.20334351e-01 2.72367239e-01 1.50436670e-01
    1.93274021e-01 8.62058699e-02 6.29416943e-01 6.52498424e-01
    3.50711763e-01 9.91589427e-02 7.31547713e-01 3.49102974e-01
    4.02615577e-01 3.37295890e-01 4.71474618e-01 6.06498420e-01
    3.87341112e-01 9.89796877e-01 4.60154086e-01 2.19417274e-01
    4.06988263e-02 6.33818328e-01 8.07385147e-01 5.45279860e-01
    8.61386538e-01 6.13552511e-01 1.38173699e-02 5.59038758e-01
    5.35983145e-01 6.29013240e-01 3.12722325e-02 1.73127562e-01
    2.39807010e-01 5.14164507e-01 7.04179645e-01 3.02527726e-01
    4.13525581e-01 4.15938169e-01 1.08190477e-02 9.21244919e-02
    4.96482104e-01 7.29914784e-01 4.70540076e-01 2.72152245e-01
    7.09746778e-02 9.30577636e-01 9.33045328e-01 6.47173882e-01
    2.41592914e-01 7.78424144e-01 5.67385614e-01 4.65857238e-01
    5.47189236e-01 4.28818315e-01 3.55195671e-01 9.46902394e-01
    4.61195141e-01 4.80763853e-01 6.12819314e-01 3.70839685e-01
    8.58688056e-02 1.10997021e-01 7.82247186e-01 1.85332119e-01
    5.23283124e-01 4.03583258e-01 8.27068925e-01 1.08822882e-01
    2.85547197e-01 5.60298145e-01 1.72269195e-01 8.72563601e-01
    9.85682130e-01 3.81782711e-01 8.97816181e-01 6.05444193e-01
    2.60989159e-01 7.74243712e-01 9.28348958e-01 2.03744590e-01
    1.34696990e-01 4.59396899e-01 4.24381435e-01 1.99722052e-02
    6.15503132e-01 8.33481371e-01 6.11379564e-01 4.21909779e-01
    3.95770639e-01 7.00520813e-01 5.34915566e-01 4.87699270e-01
    1.96793050e-01 4.00126874e-01 2.09319949e-01 1.89983487e-01
    7.48556852e-02 2.99243331e-02 2.97714472e-01 9.76421595e-01
    6.08858407e-01 3.12161744e-02 6.76124334e-01 8.36381078e-01
    7.06323981e-01 9.08162594e-01 8.16542685e-01 7.65731096e-01
    8.03031206e-01 5.99353731e-01 5.55846453e-01 2.39735752e-01
    5.10163069e-01 2.45983899e-02 2.51968741e-01 3.24035734e-01
    6.55245662e-01 1.09574616e-01 4.57182914e-01 4.49333727e-01
    3.37048769e-01 4.59392279e-01 7.05101371e-01 9.99295712e-01
    3.89615119e-01 4.46270943e-01 4.54402119e-01 6.21401906e-01
    5.40129721e-01 4.01554406e-02 9.87255394e-01 8.91677558e-01
    9.09552693e-01 8.81566405e-01 6.29631162e-01 8.05888951e-01
    4.63518977e-01 1.15851909e-01 7.91612923e-01 7.87007153e-01
    7.24006236e-01 9.08908248e-03 4.81702030e-01 1.73743784e-01
    4.19408023e-01 4.92408723e-01 2.39374936e-01 5.78440726e-02
    6.12693608e-01 4.89308327e-01 8.55473340e-01 5.34528911e-01
    9.13743377e-01 2.80700922e-02 5.48667014e-01 5.41771770e-01
    4.52819049e-01 2.07649529e-01 9.30206537e-01 5.95521808e-01
    3.42935264e-01 8.81240189e-01 6.94594741e-01 1.03252023e-01
    7.67603993e-01 8.72066617e-01 6.02811158e-01 8.90291452e-01
    1.51487261e-01 1.98750556e-01 3.68633449e-01 4.27620411e-02
    2.60358214e-01 9.04071748e-01 3.12537253e-02 7.40211308e-01
    7.90892005e-01 9.09882247e-01 9.47111726e-01 7.37803698e-01
    2.35521734e-01 9.27325308e-01 8.60741496e-01 3.99077773e-01
    9.40517306e-01 6.99949086e-01 8.23015094e-01 6.19030297e-01
    1.25278115e-01 1.28296584e-01 8.89140189e-01 3.83785456e-01
    3.94297749e-01 3.09211671e-01 7.99800217e-01 5.68036795e-01
    3.89144540e-01 6.41773582e-01 3.31485420e-01 3.63901198e-01
    9.45928395e-01 6.56373739e-01 7.66432166e-01 1.64364040e-01
    2.74775028e-01 7.72003055e-01 6.12435818e-01 5.35295606e-01
    6.79975390e-01 8.41132700e-01 6.52822852e-01 6.65526867e-01
    8.70919943e-01 7.50382364e-01 5.64516485e-01 7.87246823e-01
    1.20016694e-01 3.74070764e-01 5.38797081e-02 5.31668305e-01
    9.64078307e-03 3.37399304e-01 7.75864840e-01 6.04577243e-01
    2.45309025e-01 6.51848316e-03 6.44298911e-01 6.39066696e-01
    9.37160254e-01 6.60212636e-01 4.24000263e-01 7.49329567e-01
    7.16231823e-01 2.64916420e-02 8.59131455e-01 6.48143888e-01
    6.93804502e-01 7.99465895e-01 7.95624137e-01 6.08836591e-01
    5.08360445e-01 4.28923666e-01 2.32533365e-01 5.52465796e-01
    4.70486492e-01 6.26347005e-01 3.46010566e-01 3.03344131e-01
    7.56358087e-01 8.65329862e-01 5.33811569e-01 8.77141953e-02
    4.85518783e-01 8.43304396e-01 1.33561671e-01 3.08520734e-01
    3.99704933e-01 9.15117204e-01 2.77972579e-01 5.14032722e-01
    1.92421734e-01 5.41035891e-01 5.99740922e-01 5.30330062e-01
    8.89648020e-01 7.61632264e-01 7.35705316e-01 7.55424798e-01
    2.27475643e-01 8.65818918e-01 1.94397807e-01 6.06477618e-01
    6.59117997e-02 1.08237058e-01 5.36735356e-01 5.10958493e-01
    4.20516342e-01 3.95815313e-01 7.03718662e-01 7.87662864e-01
    2.97408402e-01 8.38424623e-01 7.47218847e-01 5.37368178e-01
    1.66498959e-01 2.82133281e-01 9.42928314e-01 8.13750982e-01
    6.97364450e-01 6.26246572e-01 5.97251534e-01 5.75248778e-01
    3.80946696e-01 7.43970394e-01 3.48539442e-01 6.87803030e-02
    9.71576929e-01 9.34076071e-01 6.68354154e-01 3.08162659e-01
    9.76558387e-01 4.20149118e-01 9.58774924e-01 2.13241190e-01
    6.20134294e-01 6.95007741e-02 4.92418528e-01 6.00130141e-01
    5.27314246e-01 7.62990355e-01 9.71199870e-02 6.97265327e-01
    2.54439026e-01 6.89606488e-01 6.84086740e-01 1.56313747e-01
    6.89794183e-01 2.98307061e-01 9.35706198e-02 4.38162714e-01
    2.65383005e-01 4.56061363e-01 2.69032836e-01 1.34887099e-01
    5.61575532e-01 4.78484124e-01 5.92634022e-01 1.13174409e-01
    4.06882584e-01 1.09075040e-01 2.78710604e-01 4.85574543e-01
    9.67126369e-01 6.24209166e-01 7.97924817e-01 6.54798985e-01
    3.51942956e-01 8.08596373e-01 1.86833739e-03 7.05706120e-01
    6.66100800e-01 9.89289761e-01 7.76980639e-01 2.67428160e-03
    8.79580796e-01 8.00785303e-01 7.43986845e-01 2.76331604e-01
    4.73859936e-01 4.20238376e-01 2.89351344e-01 8.12600672e-01
    4.94773090e-02 7.63936877e-01 3.24731708e-01 5.51356256e-01
    3.59825730e-01 4.71126437e-02 6.34356439e-02 4.14924026e-02
    8.52149606e-01 8.55748653e-02 3.63762587e-01 2.65509427e-01
    7.34408617e-01 2.26311684e-02 9.98977125e-01 4.62968141e-01
    3.05396020e-01 3.36955488e-01 3.62463832e-01 7.75109172e-01
    2.17237473e-01 2.14513600e-01 7.67863393e-01 4.66591001e-01
    4.33093309e-03 7.53950357e-01 7.28184342e-01 8.61160994e-01
    3.68533671e-01 8.33009481e-01 4.44094121e-01 4.68796998e-01
    7.33196437e-01 4.67589706e-01 2.91097462e-01 8.08727503e-01
    7.21420646e-02 3.12980711e-01 8.69602323e-01 6.97709322e-01
    5.04437566e-01 2.44178712e-01 8.78597975e-01 9.15967047e-01
    8.79987955e-01 4.70956832e-01 9.75767791e-01 2.54893839e-01
    3.41655731e-01 3.04631472e-01 2.50981331e-01 3.77375036e-01
    4.73019511e-01 2.86863387e-01 4.94710237e-01 3.06029528e-01
    7.04008460e-01 4.36146021e-01 3.86902958e-01 8.30575228e-01
    8.22182775e-01 3.40699315e-01 2.11416811e-01 1.75889641e-01
    7.33459711e-01 5.20909429e-01 4.97304112e-01 8.35520506e-01
    4.57664371e-01 4.25340265e-01 3.26892078e-01 2.41052777e-01
    4.08089161e-03 5.57192564e-01 5.74380875e-01 1.18270278e-01
    4.33658659e-01 1.37858570e-01 2.58360803e-02 3.17212701e-01
    8.13589454e-01 2.29881644e-01 5.63257396e-01 3.59059900e-01
    6.15397215e-01 5.04836440e-02 6.46422386e-01 7.31086910e-01
    5.25336981e-01 1.18718177e-01 5.88991225e-01 4.15075421e-01
    5.84946275e-01 3.92451823e-01 2.42383420e-01 6.03591263e-01
    9.95375276e-01 6.25630379e-01 3.21783841e-01 9.83823419e-01
    8.06962371e-01 1.67083293e-01 3.93091083e-01 7.32211709e-01
    4.95876044e-01 2.47744828e-01 4.05192912e-01 7.71263778e-01
    2.42805481e-02 6.96770787e-01 2.90593624e-01 8.13542008e-01
    3.86399865e-01 9.24100041e-01 4.13697958e-03 4.90377039e-01
    3.30327451e-02 4.53055531e-01 6.31442249e-01 4.56090868e-02
    7.31146395e-01 6.89748526e-01 5.82668781e-01 9.46262956e-01
    3.70360076e-01 4.50198740e-01 7.72008419e-01 6.39028072e-01
    3.08152795e-01 3.04612756e-01 4.69197959e-01 1.45030141e-01
    4.28083539e-03 9.04858470e-01 6.45663023e-01 5.88463068e-01
    6.85810328e-01 9.00961459e-01 5.58084071e-01 9.33481574e-01
    4.76425052e-01 7.08259761e-01 2.96134770e-01 5.41493595e-01
    1.53035909e-01 2.84160137e-01 2.51554787e-01 8.30496848e-02
    9.64677691e-01 1.58940226e-01 3.42947006e-01 7.52868772e-01
    3.49940926e-01 5.59404552e-01 4.76174355e-01 1.12071931e-02
    5.54076254e-01 9.57993627e-01 1.01945311e-01 5.96988618e-01
    9.38545465e-01 5.69820881e-01 9.86281574e-01 3.73694897e-02
    5.43471336e-01 1.34059638e-01 5.42608857e-01 9.00772333e-01
    5.84961295e-01 3.82358789e-01 6.48022592e-02 6.03996694e-01
    3.96880776e-01 3.43959332e-02 2.87368298e-02 5.87464750e-01
    4.34509307e-01 3.78635317e-01 2.21706033e-01 3.52403730e-01
    5.61378717e-01 7.62033463e-01 9.23269510e-01 2.38125503e-01
    1.49405807e-01 9.54646230e-01 8.24960351e-01 4.29145098e-01
    2.38577634e-01 9.07330692e-01 4.21988368e-01 2.67727673e-02
    4.63186979e-01 7.15475500e-01 4.01734740e-01 6.16666436e-01
    8.95511389e-01 6.62373424e-01 4.38382715e-01 8.16403687e-01
    3.20691109e-01 7.98027813e-01 8.90078783e-01 6.66340590e-02
    6.46246910e-01 9.82095957e-01 3.33291411e-01 7.88610339e-01
    5.04015207e-01 9.24000084e-01 3.80797684e-02 2.79634744e-01
    5.60008883e-01 7.54285812e-01 9.68145490e-01 6.52484596e-01
    6.87736869e-01 2.60068804e-01 8.28024149e-01 7.82678604e-01
    2.86317408e-01 5.53140819e-01 7.35105574e-02 9.51354504e-01
    9.42125499e-01 3.23342264e-01 7.75835395e-01 6.99387372e-01
    7.79209435e-01 3.85103583e-01 9.47052360e-01 7.95399427e-01
    2.56291091e-01 1.57637060e-01 9.31519389e-01 8.14158678e-01
    4.26068664e-01 4.38231349e-01 1.29557550e-01 2.78346866e-01
    9.51708317e-01 7.13194072e-01 3.64745021e-01 5.32601178e-02
    2.73989737e-01 6.78142726e-01 8.09620321e-01 9.56857681e-01
    8.62373948e-01 4.45531100e-01 8.19697797e-01 8.27744365e-01
    4.02763486e-01 4.16198671e-01 6.11461580e-01 5.70283055e-01
    4.46596324e-01 2.15596467e-01 5.98433077e-01 2.65910506e-01
    3.08437288e-01 4.57801938e-01 5.68177342e-01 6.97365761e-01
    1.05960488e-01 7.00362563e-01 8.58689547e-01 7.09135115e-01
    8.48724842e-02 2.05895364e-01 2.26805300e-01 8.57661843e-01
    2.86686450e-01 4.88301128e-01 6.00800931e-01 1.28172874e-01
    8.20942521e-02 5.87346196e-01 8.18944335e-01 2.60093629e-01
    6.29820466e-01 4.70802665e-01 5.46529055e-01 2.96790779e-01
    7.70519674e-01 8.79996955e-01 6.87313318e-01 7.57539570e-01
    8.70302200e-01 3.85187268e-01 3.61526012e-02 6.12656951e-01
    8.30497324e-01 6.94622517e-01 7.32308626e-02 1.12067431e-01
    6.56322002e-01 7.29877353e-01 4.92346466e-01 6.43842280e-01
    9.91882384e-01 8.27941537e-01 5.23159444e-01 9.43599939e-01
    8.19978118e-01 4.59768474e-01 3.56777072e-01 6.71484172e-02
    4.12859350e-01 2.50734627e-01 7.26687610e-02 5.50804317e-01
    8.09552431e-01 3.25458646e-01 8.11052501e-01 8.84616256e-01
    5.91346264e-01 2.38159299e-03 5.62168658e-01 8.42382610e-01
    9.66138005e-01 7.35763907e-01 4.59235609e-02 9.84798670e-01
    3.04150701e-01 1.76180065e-01 3.56528163e-02 5.47169209e-01
    7.59146571e-01 6.57496274e-01 2.74724722e-01 8.14697266e-01
    4.18847263e-01 1.31623209e-01 6.20650649e-01 5.07651567e-01
    7.69372702e-01 9.08636570e-01 8.06765079e-01 7.91609108e-01
    8.22927058e-01 2.68592536e-01 7.03967512e-01 1.73431933e-01
    4.70591158e-01 7.48280525e-01 7.89537072e-01 3.93234730e-01
    3.41692865e-02 4.78370219e-01 2.40551651e-01 2.61472702e-01
    4.48799878e-01 2.02844113e-01 3.99599314e-01 9.07230258e-01
    2.41299063e-01 1.86040282e-01 9.76351798e-01 9.80445385e-01
    2.53228903e-01 3.56726199e-01 4.74123567e-01 6.23345315e-01
    9.62773681e-01 9.16622043e-01 4.42352802e-01 6.20712817e-01
    2.41980046e-01 4.93445575e-01 9.74677444e-01 5.07280469e-01
    9.16499972e-01 6.87024653e-01 8.27789724e-01 9.42414045e-01
    2.50165552e-01 1.82760626e-01 1.65639222e-01 9.12238061e-02
    8.43704343e-01 8.79037738e-01 3.54389220e-01 1.57506168e-02
    4.03548181e-02 2.30839610e-01 7.88601041e-02 9.15320635e-01
    4.32612002e-02 2.66095340e-01 4.11380887e-01 5.76195359e-01
    2.32139945e-01 8.63223195e-01 1.93690777e-01 1.82076812e-01
    6.85562193e-02 8.17485929e-01 6.67540371e-01 6.16888702e-01
    5.32084286e-01 5.62379837e-01 4.09795672e-01 5.93445897e-01
    1.01776212e-01 2.12150544e-01 1.73314840e-01 7.54072845e-01
    5.95118284e-01 2.18957365e-01 9.54484940e-01 5.69203675e-01
    8.71284783e-01 7.61113644e-01 7.92280078e-01 8.85397673e-01
    9.48686898e-02 7.41436183e-01 9.51602697e-01 7.09755421e-01
    6.17561042e-02 7.01614738e-01 8.39406252e-01 9.19764519e-01
    4.83835727e-01 4.23072457e-01 5.42423010e-01 1.77027851e-01
    5.59134841e-01 5.61579287e-01 8.53058696e-01 3.32733303e-01
    6.69289708e-01 8.05478930e-01 7.26612210e-02 6.88812137e-02
    5.97100675e-01 5.55900872e-01 8.77593756e-01 3.82072240e-01
    5.63739061e-01 8.86897981e-01 8.86949062e-01 4.55672115e-01
    6.99091852e-02 6.19336963e-01 8.38004589e-01 1.85866296e-01
    9.46837306e-01 2.94946730e-02 5.85719347e-01 1.85752690e-01
    4.04400796e-01 5.89578032e-01 9.07421112e-01 9.22847748e-01
    8.18240643e-01 9.37913537e-01 9.51379538e-02 5.91394365e-01
    5.99776685e-01 2.03376651e-01 1.07688516e-01 2.96647966e-01
    2.96116889e-01 1.97306633e-01 1.56778991e-01 6.87006831e-01
    2.98117042e-01 5.46542227e-01 8.80982757e-01 7.86343694e-01
    9.62053657e-01 4.29316610e-01 4.32853848e-01 6.68905258e-01
    8.45860958e-01 4.59800899e-01 7.74814129e-01 8.52080286e-01
    7.70880520e-01 1.77341372e-01 5.77140212e-01 7.05332875e-01
    2.97026783e-01 1.22143924e-02 3.18223596e-01 3.05280685e-02
    4.32898581e-01 7.44991064e-01 2.63891816e-01 8.09828877e-01
    4.73949015e-02 6.70403063e-01 1.74543798e-01 7.93851614e-02
    2.54471093e-01 5.75122237e-01 7.13642836e-01 2.18688875e-01
    4.61640686e-01 1.97765619e-01 6.04988039e-01 5.09918094e-01
    8.14562917e-01 8.79770994e-01 9.05510783e-01 4.67758626e-01
    4.95365560e-02 4.56689954e-01 8.78404737e-01 7.75744081e-01
    9.00822401e-01 9.85196233e-03 2.32982457e-01 3.32026005e-01
    4.09418285e-01 5.42365313e-02 9.14308786e-01 8.84114623e-01
    6.35432959e-01 7.86880136e-01 1.52178705e-02 8.49750161e-01
    1.83327198e-02 9.21934307e-01 8.29922020e-01 7.17056513e-01
    5.44645786e-02 3.37560475e-02 1.10284448e-01 7.64420390e-01
    4.53634560e-02 5.12318313e-01 4.42332625e-01 2.62289673e-01
    9.27131593e-01 6.55083418e-01 9.31011319e-01 3.74691755e-01
    6.64069057e-01 4.10410821e-01 9.48362887e-01 9.08995748e-01
    3.15731347e-01 2.76223361e-01 5.30421495e-01 7.92950571e-01
    5.45996726e-01 4.60542083e-01 6.32146001e-01 4.66142297e-01
    8.70251894e-01 4.01242793e-01 5.52843928e-01 9.51460600e-01
    5.36025167e-02 6.04678035e-01 9.38081682e-01 7.77331948e-01
    2.80128896e-01 6.81785107e-01 1.31409973e-01 7.96982288e-01
    6.15225136e-01 8.98421109e-02 6.09520495e-01 1.45493329e-01
    2.19983995e-01 2.34829187e-02 3.81420851e-01 6.35209918e-01
    6.04469180e-02 3.50974083e-01 1.40972793e-01 2.25749016e-02
    3.19694966e-01 5.65512180e-01 1.29376024e-01 3.20181012e-01
    7.94058442e-01 1.59162283e-03 5.49614429e-01 2.25311637e-01
    1.50622278e-01 8.26114535e-01 8.46071362e-01 6.30836368e-01
    9.14582908e-01 2.74015933e-01 3.96998316e-01 5.99060535e-01
    6.74466372e-01 4.30581957e-01 1.95073038e-01 9.67303932e-01
    3.54714513e-01 4.05446708e-01 1.17042273e-01 5.63897967e-01
    5.34757614e-01 9.00561094e-01 3.12284827e-01 7.66494691e-01
    1.41674191e-01 9.64202106e-01 5.15198827e-01 1.42836571e-03
    7.55418539e-01 2.41028905e-01 2.55177051e-01 8.50282669e-01
    2.07053840e-01 5.99520206e-01 9.92829323e-01 6.17678463e-02
    9.34655786e-01 5.42430401e-01 1.65490925e-01 4.50181961e-03
    9.49726641e-01 2.02864915e-01 1.50079340e-01 9.46751714e-01
    5.52519917e-01 1.53292120e-02 3.91493976e-01 5.55742860e-01
    5.52664518e-01 8.42620134e-01 7.83175230e-01 7.69676447e-01
    2.39262342e-01 6.31217003e-01 8.25643837e-02 5.74802697e-01
    9.87307847e-01 7.89032578e-01 9.90109742e-01 1.66758567e-01
    4.47991490e-02 9.43382144e-01 5.66005707e-04 2.46611744e-01
    8.62291455e-01 6.68453872e-02 5.93557000e-01 7.26156116e-01
    8.27049613e-02 4.91765529e-01 7.03514695e-01 4.89003986e-01
    2.76907146e-01 7.07811296e-01 4.56004113e-01 9.34726596e-01
    8.31822932e-01 2.57529557e-01 4.43751961e-01 7.46415496e-01
    4.50388700e-01 9.80490088e-01 3.19776416e-01 2.39613742e-01
    1.93617284e-01 4.30507004e-01 3.05642694e-01 7.76367426e-01
    3.49242032e-01 4.92341816e-02 9.10229087e-02 7.24044085e-01
    3.50019515e-01 2.08576679e-01 6.90497875e-01 8.72706652e-01
    5.86050928e-01 4.89754379e-01 9.63098526e-01 9.33985651e-01
    6.20107532e-01 5.00346422e-02 1.08333558e-01 5.46528816e-01
    8.93644989e-01 7.90289164e-01 7.25483119e-01 5.32852471e-01
    3.77198339e-01 2.67190754e-01 6.78596795e-02 1.77743912e-01
    3.56500149e-02 8.81637335e-01 5.22950888e-01 1.42704040e-01
    9.38822865e-01 8.46199393e-01 8.01568031e-01 6.53040409e-01
    3.24721217e-01 1.99790359e-01 6.71573579e-02 1.57773554e-01
    4.00092185e-01 9.13977802e-01 2.11225420e-01 5.80745101e-01
    7.67555833e-03 6.62216127e-01 9.99852419e-01 1.05554193e-01
    5.86777866e-01 7.78930962e-01 7.38047421e-01 9.82714653e-01
    4.69676703e-01 3.83988649e-01 3.76362175e-01 5.01411557e-02
    1.91965699e-01 9.36805606e-01 4.05736268e-01 3.02885473e-02
    7.29184151e-01 2.38178939e-01 1.52365297e-01 5.52740693e-03
    8.08094144e-01 1.68808550e-01 2.29753643e-01 4.80218202e-01
    7.51292825e-01 9.27545309e-01 2.39873081e-01 8.36972594e-01
    5.43247163e-01 2.11593211e-01 2.19766706e-01 7.78791189e-01
    6.87271357e-01 1.94088429e-01 5.73538601e-01 1.01979613e-01
    6.89883351e-01 9.36528444e-01 3.14171255e-01 6.72902584e-01
    3.84771794e-01 2.79043347e-01 7.96334326e-01 3.81918252e-01
    7.67895341e-01 4.37372088e-01 5.93496442e-01 2.14653075e-01
    5.59299648e-01 7.37932742e-01 5.87755501e-01 1.53904587e-01
    2.89862752e-01 1.58359349e-01 9.88148212e-01 7.28340447e-01
    8.96780252e-01 1.76190287e-01 3.46464932e-01 3.56805176e-01
    7.31964707e-01 7.51106203e-01 5.86072803e-01 5.72630525e-01
    5.78320026e-03 8.72910500e-01 3.05444300e-02 9.69301820e-01
    2.08448082e-01 6.89635754e-01 2.73424685e-01 9.09319520e-01
    5.65234721e-01 1.29642576e-01 4.28291708e-01 8.75224948e-01
    6.70552671e-01 6.78417265e-01 2.39357114e-01 8.40941370e-01
    5.64352512e-01 1.06142163e-01 4.81290191e-01 7.92862177e-02
    7.40331888e-01 4.64800298e-02 5.39679706e-01 7.65660524e-01
    3.12378228e-01 6.91891134e-01 9.24484730e-01 8.91926050e-01
    1.41398311e-01 3.80695522e-01 1.56857401e-01 7.50355124e-02
    3.86045665e-01 2.40073055e-01 2.71466196e-01 8.81372213e-01
    2.22371787e-01 3.82911563e-02 5.47901630e-01 9.03563201e-01
    7.74133146e-01 3.93662304e-01 5.17620206e-01 7.32359409e-01
    5.16186655e-01 4.86460328e-01 4.00571227e-01 2.02873468e-01
    9.95449066e-01 9.85978544e-01 8.68055046e-01 2.60206282e-01
    6.21215045e-01 6.28392339e-01 8.46612453e-01 4.40582603e-01
    7.81519294e-01 8.39931548e-01 2.56272435e-01 3.94966930e-01
    8.95769119e-01 4.78927106e-01 2.46317387e-02 6.05243325e-01
    5.89163601e-01 8.68913114e-01 3.67553771e-01 8.51489544e-01
    6.70636237e-01 9.90555584e-02 2.05573142e-01 5.66312790e-01
    1.17821634e-01 4.89271522e-01 2.39433348e-02 3.25676858e-01
    4.10551608e-01 3.72967631e-01 5.14160037e-01 8.05354297e-01
    9.34035778e-02 5.02130032e-01 2.11955875e-01 5.19663990e-01
    9.21095729e-01 9.10545230e-01 3.96058559e-01 9.27320123e-01
    6.88767791e-01 1.62641943e-01 2.75648952e-01 9.09413338e-01
    9.05935526e-01 8.42453837e-02 7.37227798e-01 5.52406311e-01
    7.25003004e-01 2.68130004e-01 9.23929811e-01 1.53624415e-01
    2.05906034e-02 6.19198501e-01 6.34793758e-01 5.11814535e-01
    1.96173668e-01 3.46993268e-01 4.49431419e-01 7.83526003e-01
    6.96370065e-01 9.81644034e-01 1.27639174e-02 6.84578061e-01
    3.88576210e-01 8.12486172e-01 1.53718591e-02 6.83142066e-01
    6.06419444e-02 4.69387800e-01 5.60547471e-01 7.77952433e-01
    8.60454142e-02 3.42996240e-01 5.67277014e-01 2.73431778e-01
    6.20386302e-01 2.44595736e-01 7.50854135e-01 5.95713139e-01
    8.61160040e-01 9.11661983e-01 7.34457731e-01 8.00178885e-01
    6.79641008e-01 4.58761305e-01 4.96803015e-01 2.51820028e-01
    9.79938626e-01 1.09719902e-01 3.09816182e-01 1.23744190e-01
    3.21633637e-01 1.07994139e-01 8.53706002e-01 6.73508286e-01
    6.89662993e-02 9.66948867e-01 8.53295565e-01 3.14286351e-01
    2.35526472e-01 5.94904363e-01 5.16800165e-01 1.65735424e-01
    8.97481322e-01 8.36432040e-01 3.19727957e-01 6.45666778e-01
    4.67415214e-01 9.97497737e-02 8.95833433e-01 1.48432374e-01
    8.62214804e-01 3.73962879e-01 7.91645646e-01 8.23685586e-01
    6.23873770e-01 2.63884246e-01 9.73335743e-01 6.30306542e-01
    5.63977242e-01 9.54743147e-01 6.46948695e-01 9.88761306e-01
    4.89439338e-01 4.23581988e-01 6.22201443e-01 8.84594679e-01
    3.47918123e-01 5.05425155e-01 7.44877517e-01 4.33446348e-01
    2.30842799e-01 3.86885107e-02 9.71024990e-01 4.19358701e-01
    2.51305401e-01 9.90041971e-01 1.52758509e-01 8.20522428e-01
    7.01631427e-01 6.89934671e-01 7.34176338e-01 4.58420604e-01
    7.84790516e-01 9.17333364e-03 4.57406044e-02 1.95534259e-01
    9.85303938e-01 5.47275066e-01 8.49082947e-01 1.04311109e-03
    1.89393163e-02 6.11275613e-01 4.77198273e-01 2.86111832e-02
    5.21166682e-01 8.11280727e-01 3.06785107e-02 2.89918244e-01
    1.13268197e-02 5.28607130e-01 7.44401574e-01 7.25951254e-01
    9.05213594e-01 5.48923969e-01 9.72115159e-01 4.87174988e-01
    1.09426290e-01 6.46054566e-01 9.70080256e-01 9.49468255e-01
    3.43708515e-01 7.38808334e-01 1.81506425e-01 8.37278843e-01
    1.27392113e-02 4.59419906e-01 1.54178947e-01 7.09375978e-01
    4.61228549e-01 2.16714144e-01 6.67993605e-01 3.97177935e-01
    6.82427585e-01 6.92984343e-01 4.86216873e-01 1.75511837e-02
    9.41475034e-01 2.14640796e-01 8.30887556e-01 4.06652153e-01
    4.14844096e-01 5.16492128e-01 1.25064760e-01 5.15575469e-01
    5.03327012e-01 6.91163003e-01 5.46409845e-01 4.52627450e-01
    7.69172430e-01 4.79301155e-01 4.43338215e-01 9.37717795e-01
    8.67470801e-02 9.07905400e-01 5.90991020e-01 5.43632984e-01
    5.37642062e-01 1.07574016e-01 5.16741157e-01 2.91701138e-01
    3.29614043e-01 3.32085192e-02 5.44771671e-01 9.42535520e-01
    4.48567808e-01 9.93039966e-01 4.69483733e-01 9.84902978e-01
    6.26559615e-01 8.68730962e-01 9.63967443e-01 6.09462559e-01
    1.07137561e-01 4.67403561e-01 7.85738230e-02 4.41822916e-01
    5.68943202e-01 2.18646437e-01 7.83656836e-01 6.62646651e-01
    9.00845408e-01 9.59553301e-01 2.46153444e-01 1.99915439e-01
    7.09785819e-01 2.18356282e-01 9.72267628e-01 2.13067532e-02
    6.89547241e-01 3.09063017e-01 7.10069299e-01 5.05418479e-02
    7.06841528e-01 9.76907253e-01 6.15998387e-01 9.90638316e-01
    5.78107536e-01 6.61681533e-01 7.54453659e-01 2.60422707e-01
    1.09776258e-01 9.95797634e-01 2.86558151e-01 6.23617053e-01
    7.91622281e-01 7.00469196e-01 6.55807853e-02 7.00575769e-01
    3.85372400e-01 7.80509114e-01 1.37167841e-01 5.36454976e-01
    5.03760040e-01 6.25394106e-01 9.93792415e-02 9.92449403e-01
    2.80816942e-01 2.88023651e-02 4.92042840e-01 2.70623833e-01
    7.89297402e-01 1.91346198e-01 6.55887008e-01 5.78407526e-01
    4.70018387e-02 4.94577020e-01 7.36230075e-01 8.03587317e-01
    7.57366657e-01 6.23821795e-01 7.45624185e-01 8.70283544e-02
    4.83330488e-02 9.66159105e-01 2.19567269e-01 2.42899060e-02
    9.15965438e-01 8.48070025e-01 9.17824388e-01 1.34956509e-01
    4.34518903e-01 7.67749846e-02 7.86242843e-01 7.76347935e-01
    2.70419925e-01 7.35858560e-01 6.91094637e-01 1.39372051e-02
    7.16562331e-01 1.89386666e-01 1.16514415e-01 6.24030411e-01
    3.14929873e-01 1.26803845e-01 8.11346054e-01 3.24125439e-01
    8.42489660e-01 4.32487011e-01 9.12256837e-01 4.80233222e-01
    6.87780380e-01 6.37354255e-01 8.90963793e-01 9.26740289e-01
    2.81203508e-01 5.93775928e-01 1.47472590e-01 2.97689497e-01
    8.29121828e-01 2.88257778e-01 9.77496505e-01 4.99755144e-04
    8.85076404e-01 9.79896069e-01 7.48149872e-01 4.15540904e-01
    7.84933269e-02 1.53105795e-01 7.59662926e-01 8.81508231e-01
    8.55455518e-01 3.34541142e-01 5.32909036e-01 3.37933779e-01
    2.21236676e-01 6.06190801e-01 6.79409802e-01 2.01988995e-01
    7.83873439e-01 1.97339237e-01 9.78165150e-01 7.87107229e-01
    2.68918157e-01 9.42154050e-01 3.26252013e-01 2.62249470e-01
    9.85377669e-01 8.09132516e-01 1.58573568e-01 4.73454118e-01
    1.23572916e-01 4.73306239e-01 4.18985456e-01 7.21270561e-01
    5.69342434e-01 4.66509461e-01 9.34142828e-01 3.98982167e-02
    9.81519103e-01 4.59399700e-01 8.82992864e-01 6.01279557e-01
    5.36528170e-01 2.55645812e-01 4.85319734e-01 1.01086766e-01
    8.19060564e-01 7.45385170e-01 3.78436953e-01 4.33274746e-01
    4.74375576e-01 3.29110324e-01 9.75330591e-01 7.23604321e-01
    4.76681292e-02 4.55872715e-01 6.60738230e-01 2.77981341e-01
    8.46983790e-01 5.23633420e-01 5.25751472e-01 8.83612871e-01
    3.41992795e-01 2.41525918e-01 9.92806077e-01 9.34694767e-01
    1.03705615e-01 2.99597979e-02 4.36540544e-02 8.28123033e-01
    5.00870347e-01 7.99476504e-01 9.54093814e-01 4.65479344e-01
    1.65931255e-01 2.32699752e-01 6.67061687e-01 4.13864851e-01
    8.97309422e-01 8.65197301e-01 5.74426353e-01 5.17894626e-01
    3.31148505e-01 4.46058452e-01 9.90165293e-01 7.23798156e-01
    1.48933202e-01 5.00281036e-01 7.12218583e-02 8.79412174e-01
    2.11111039e-01 2.99026370e-02 8.89885426e-02 3.67087066e-01
    9.23003435e-01 9.17309880e-01 4.27310973e-01 7.89188504e-01
    1.54718935e-01 6.29640579e-01 4.31945324e-01 1.39478058e-01
    2.78140306e-02 3.60126913e-01 3.23925257e-01 2.48282790e-01
    5.43497324e-01 2.34453380e-01 6.31693304e-02 8.02372158e-01
    8.16178083e-01 5.83716333e-01 4.26655412e-01 1.83812469e-01
    3.42697501e-02 9.46571052e-01 8.93674135e-01 9.83832479e-01
    4.21448171e-01 2.09231347e-01 8.66469741e-02 4.41122890e-01
    8.23176920e-01 4.08199430e-02 2.00503916e-01 2.29851604e-02
    8.24102163e-01 7.52324641e-01 4.57732886e-01 5.43281138e-01
    3.76351953e-01 7.41025984e-01 6.32479548e-01 5.44831276e-01
    6.47204220e-02 4.95766938e-01 5.60807586e-02 5.65256178e-01
    7.72472978e-01 2.49261171e-01 4.40924972e-01 5.97264826e-01
    7.92475581e-01 8.72803092e-01 9.18770790e-01 8.41905117e-01
    8.98635626e-01 9.75964963e-01 2.61656880e-01 4.75271314e-01
    3.22870672e-01 9.41519380e-01 4.22642142e-01 1.28980517e-01
    6.24179244e-01 6.87467337e-01 6.59154654e-01 4.66932356e-01
    4.46027249e-01 5.29584527e-01 6.30694628e-02 4.06806201e-01
    3.61714751e-01 3.39977503e-01 2.38470018e-01 3.77756298e-01
    2.24551558e-02 5.34890056e-01 8.28298151e-01 5.62419951e-01
    6.65620983e-01 2.53770351e-02 6.87366486e-01 4.00347114e-02
    4.83039826e-01 8.17681193e-01 6.41290069e-01 8.20395350e-02
    5.41303515e-01 2.07381010e-01 8.60470235e-01 9.75872517e-01
    4.92840499e-01 7.62473762e-01 8.25179100e-01 2.29570031e-01
    9.74601865e-01 9.19562578e-01 6.12855434e-01 8.75910521e-01
    9.22311425e-01 8.66478026e-01 6.72596157e-01 1.64251059e-01
    8.49902928e-01 1.99675828e-01 6.81693614e-01 9.79102373e-01
    5.21916747e-02 6.71187520e-01 7.23786950e-01 3.22167575e-01
    3.42812181e-01 1.29544169e-01 2.95006573e-01 5.27486622e-01
    6.31517291e-01 7.65597224e-01 5.64088345e-01 1.66016191e-01
    3.16813350e-01 8.45505059e-01 4.28191662e-01 8.75628471e-01
    6.87538445e-01 1.70575798e-01 2.64981210e-01 6.68877363e-01
    2.90475965e-01 1.76292062e-02 8.36279631e-01 4.94707048e-01
    2.25877434e-01 4.57236171e-01 7.97151804e-01 6.39858246e-01
    1.85815275e-01 9.85869288e-01 4.35683608e-01 4.57321405e-02
    6.32923663e-01 6.86350822e-01 1.66006088e-02 5.73142529e-01
    8.13946128e-02 2.08456844e-01 6.20223224e-01 6.42884791e-01
    9.54439402e-01 5.95448375e-01 1.93981320e-01 1.74978584e-01
    7.10583091e-01 2.45711237e-01 5.53949475e-01 6.53435647e-01
    4.37656581e-01 1.77871734e-01 5.95077932e-01 8.78225684e-01
    5.62203884e-01 7.86647677e-01 8.02317142e-01 9.88270938e-02
    6.90061450e-01 3.22200626e-01 3.93746555e-01 6.73313379e-01
    7.41381109e-01 5.14230013e-01 6.72483802e-01 7.56869495e-01
    9.98632312e-02 4.92575318e-01 7.11506486e-01 5.73628545e-01
    5.40447235e-01 4.39725459e-01 1.04237527e-01 9.95668650e-01
    9.15610969e-01 9.23244476e-01 9.75685656e-01 2.49575794e-01
    4.09485996e-01 5.25402009e-01 5.81816435e-01 7.96286106e-01
    9.18954313e-02 1.65852159e-01 6.32417440e-01 4.66052890e-02
    2.91009307e-01 7.98402607e-01 4.22497094e-02 1.15413159e-01
    7.31994331e-01 3.16021144e-02 4.90593523e-01 1.80542141e-01
    3.90531778e-01 9.95048761e-01 5.87447703e-01 4.65689927e-01
    4.47987556e-01 4.90633100e-01 4.18642730e-01 1.91881865e-01
    4.92004961e-01 2.56169915e-01 3.62070620e-01 7.01717973e-01
    6.47981465e-01 9.66367841e-01 1.56578332e-01 7.80479550e-01
    6.22053564e-01 8.91144872e-01 1.97023541e-01 6.43820524e-01
    1.18378282e-01 6.44383192e-01 3.11196208e-01 4.09715176e-01
    1.92597508e-02 2.22050577e-01 9.50639427e-01 9.02498960e-01
    6.05302334e-01 8.68418813e-02 7.36369252e-01 4.47335690e-01
    9.73484874e-01 1.06519639e-01 8.71438742e-01 9.05683577e-01
    8.72131467e-01 4.54067290e-02 7.31416643e-02 3.95253927e-01
    8.45247746e-01 3.19737136e-01 4.22654599e-01 2.92038918e-03
    1.38484567e-01 9.58835542e-01 3.09089422e-02 8.85115623e-01
    4.49595213e-01 4.51922238e-01 9.55435753e-01 6.15809798e-01
    6.11758530e-02 9.01619792e-01 1.14613563e-01 7.02456892e-01
    5.49606681e-02 4.72338378e-01 2.88768530e-01 7.81763792e-01
    4.33526397e-01 2.85274148e-01 2.01806754e-01 2.90259302e-01
    3.61261070e-02 7.95310497e-01 6.98735714e-01 5.54642022e-01
    1.33303046e-01 9.73479569e-01 4.93277490e-01 3.18892866e-01
    9.27793384e-02 1.05851710e-01 9.30189967e-01 1.07946992e-03
    1.97852969e-01 5.40930629e-01 6.38801038e-01 1.67400509e-01
    5.59025109e-01 4.38955635e-01 3.02779198e-01 7.48985112e-02
    9.52624083e-01 1.87634528e-02 3.41494977e-02 1.51984721e-01
    2.14696765e-01 6.56548977e-01 3.46384227e-01 5.20212352e-02
    1.81307375e-01 4.46586818e-01 7.68699288e-01 8.59416068e-01
    9.54133987e-01 5.94386816e-01 9.86512065e-01 8.55094910e-01
    6.71921372e-01 2.59653091e-01 2.87530899e-01 3.96850169e-01
    4.93518561e-01 6.21302366e-01 2.90415466e-01 3.77905607e-01
    2.64037848e-01 9.03662324e-01 6.62271917e-01 6.26286745e-01
    1.44805312e-01 6.16642773e-01 6.78966045e-01 5.81171811e-01
    5.82683265e-01 5.54739118e-01 2.50127137e-01 8.00797939e-01
    8.71449113e-01 1.17778897e-01 2.82689512e-01 2.75354028e-01
    4.21543300e-01 8.51147532e-01 3.56032073e-01 8.71130526e-02
    7.31178820e-01 4.86995012e-01 7.79684603e-01 7.54158258e-01
    6.98214054e-01 7.47281611e-01 9.14782107e-01 9.73580241e-01
    3.61691535e-01 2.34806299e-01 1.37570530e-01 6.76350713e-01
    8.54644537e-01 6.79339886e-01 7.60031223e-01 3.72507393e-01
    3.96604925e-01 6.83489442e-01 7.17674494e-01 7.18029916e-01
    2.50543594e-01 5.19464910e-01 3.54943335e-01 4.35118407e-01
    3.67760658e-03 4.81130928e-01 2.26037562e-01 4.83398795e-01
    7.44050324e-01 7.57358074e-01 3.05316746e-01 4.29624498e-01
    5.24908900e-01 8.90911400e-01 8.99721861e-01 2.55927235e-01
    8.44464898e-01 5.08235097e-02 7.41685271e-01 7.71843970e-01
    8.09868693e-01 6.37922108e-01 4.29731429e-01 1.71882510e-01
    5.92433095e-01 3.52164000e-01 3.26250315e-01 9.04593885e-01
    5.37277460e-01 5.23579597e-01 5.17676115e-01 1.96166635e-02
    1.97926968e-01 1.09882444e-01 2.25138426e-01 1.54560000e-01
    8.42693567e-01 5.94519556e-01 3.85554403e-01 7.71047175e-01
    3.61539304e-01 6.86941385e-01 6.59377933e-01 2.07940787e-01
    8.40197802e-01 3.28823924e-01 2.22147495e-01 6.43188894e-01
    2.72914946e-01 5.00693858e-01 1.64010316e-01 1.82121038e-01
    6.71143234e-01 5.09777665e-03 5.73230326e-01 4.55905437e-01
    1.53307915e-02 1.62164807e-01 6.95597529e-01 9.28870559e-01
    8.60644639e-01 5.90267837e-01 9.20980573e-02 8.49901259e-01
    9.86792684e-01 4.60319757e-01 1.59958929e-01 7.60519743e-01
    7.19675183e-01 2.01846153e-01 6.50265396e-01 7.54485071e-01
    9.80767429e-01 4.82983917e-01 1.12406284e-01 3.22502196e-01
    6.21193409e-01 5.06706774e-01 1.93556488e-01 2.53577381e-01
    3.08952987e-01 4.81079400e-01 6.18989050e-01 6.36764288e-01
    7.90709496e-01 8.01921606e-01 1.48960114e-01 9.58001316e-02
    5.33138692e-01 9.60708559e-02 8.59882474e-01 4.75620657e-01
    8.42473984e-01 4.33012605e-01 8.99157047e-01 3.52482438e-01
    2.79227495e-02 8.65028501e-01 6.62845612e-01 6.93770289e-01
    1.72996521e-01 6.45191491e-01 2.27958441e-01 9.97759700e-01
    7.52599239e-01 3.45549822e-01 8.91623139e-01 8.88163567e-01
    9.95494545e-01 8.77268910e-01 3.96913618e-01 3.05769980e-01
    4.79512215e-02 1.42662376e-01 8.54574621e-01 6.89569354e-01
    5.24965584e-01 7.37106264e-01 9.91455257e-01 3.39599192e-01
    3.60317737e-01 9.09608722e-01 9.13613439e-02 6.41058743e-01
    9.05362248e-01 2.04031765e-01 2.52826631e-01 7.63509393e-01
    6.65483773e-01 5.13802171e-02 5.92852294e-01 5.19906700e-01
    6.00448787e-01 3.08681250e-01 6.21008813e-01 8.09466779e-01
    4.35122460e-01 5.85070252e-01 4.34896231e-01 1.26574665e-01
    7.97071815e-01 9.71444249e-01 4.14431751e-01 9.18373942e-01
    6.66527808e-01 7.35334933e-01 2.89538622e-01 7.00618267e-01
    1.12602770e-01 8.25218141e-01 2.32870191e-01 4.55918938e-01
    6.16388619e-01 1.89743429e-01 6.02653801e-01 7.95786142e-01
    6.50544882e-01 8.33314240e-01 2.69518793e-01 8.30996394e-01
    7.98516035e-01 2.47334570e-01 8.57645154e-01 9.79874849e-01
    5.42562962e-01 9.54326987e-02 4.31541383e-01 4.81460601e-01
    9.93266165e-01 8.85674953e-01 2.69869924e-01 2.48746306e-01
    1.41176611e-01 8.20604205e-01 5.90117574e-01 4.49477673e-01
    1.29123151e-01 7.74541974e-01 1.17219180e-01 7.82404959e-01
    8.42637956e-01 9.18712199e-01 4.18307364e-01 3.34520727e-01
    4.85326976e-01 2.29958087e-01 4.95476782e-01 9.98473942e-01
    2.46693999e-01 4.05705571e-01 5.51617444e-02 7.21521378e-01
    6.86663389e-01 8.33733976e-02 3.08874458e-01 2.47232854e-01
    1.18169457e-01 6.56678677e-01 7.98924088e-01 3.59583855e-01
    7.47157454e-01 7.93643594e-01 8.69754791e-01 7.84256995e-01
    7.91835487e-01 8.40700746e-01 5.51138163e-01 3.58123332e-01
    5.01619160e-01 3.65180969e-02 7.98288822e-01 2.68998802e-01
    6.88635468e-01 6.63541675e-01 2.65702009e-02 2.10612237e-01
    8.79801035e-01 9.95628119e-01 8.83387029e-02 3.20186317e-02
    7.98158050e-01 5.07203639e-01 9.16971028e-01 1.48943394e-01
    2.99262822e-01 8.85115743e-01 8.72589648e-01 2.10751355e-01
    7.31322885e-01 1.87887937e-01 5.90481937e-01 4.45747763e-01
    9.04255033e-01 8.96456718e-01 1.66660219e-01 3.12936187e-01
    3.66413265e-01 4.22272265e-01 6.03762984e-01 7.62654245e-01
    2.27006048e-01 3.30418706e-01 1.54326737e-01 4.28610921e-01
    3.70849133e-01 5.18022895e-01 4.66151595e-01 6.28221810e-01
    8.12576234e-01 4.24143076e-02 2.85283595e-01 9.46126819e-01
    5.82520664e-01 1.68413728e-01 2.10161626e-01 8.20309222e-01
    9.26257432e-01 9.42234218e-01 3.22804123e-01 8.20929766e-01
    3.34648401e-01 7.30119050e-01 2.81120926e-01 9.53419924e-01
    1.16446614e-01 7.74843097e-01 2.49481410e-01 4.93651658e-01
    8.65478277e-01 3.29566061e-01 4.50644702e-01 5.56404591e-01
    5.47969818e-01 9.12337303e-01 1.30132705e-01 9.42318797e-01
    1.14214838e-01 6.00481749e-01 1.15369767e-01 5.92947066e-01
    3.97657156e-01 4.44430023e-01 6.05444133e-01 9.95683491e-01
    9.03862238e-01 3.50953996e-01 6.67387486e-01 2.12499529e-01
    9.34735060e-01 7.89887309e-01 3.82364243e-01 7.68630862e-01
    9.99543428e-01 3.17766845e-01 8.02414060e-01 3.70951444e-01
    9.83275533e-01 8.36837947e-01 6.53977096e-01 3.47163856e-01
    8.38747025e-02 9.77366984e-01 3.01136911e-01 5.82974017e-01
    8.89565468e-01 5.49364448e-01 3.02063346e-01 1.13877326e-01
    1.89707100e-01 9.89489198e-01 8.32180858e-01 3.89767349e-01
    5.47504902e-01 7.01216221e-01 8.83539200e-01 9.91888046e-01
    4.11004424e-02 1.98732644e-01 4.61952984e-01 4.14453357e-01
    1.21213973e-01 3.50693941e-01 9.74037528e-01 8.64612877e-01
    1.82962090e-01 9.38142300e-01 6.37547076e-01 6.23005569e-01
    8.04559588e-01 9.45865214e-02 8.65197659e-01 7.33880341e-01
    6.26434326e-01 3.15092057e-01 9.84046936e-01 1.22614503e-02
    1.65731698e-01 7.82164872e-01 8.33036304e-02 7.91850567e-01
    4.71919924e-01 5.54040670e-02 4.23720568e-01 3.36024463e-02
    7.24139094e-01 5.21076381e-01 8.81033301e-01 3.68602455e-01
    7.70775497e-01 4.87784177e-01 2.28297532e-01 5.88899255e-01
    4.66205746e-01 5.87501526e-01 3.28834474e-01 1.78334117e-02
    1.80123150e-02 8.11218977e-01 2.53517628e-02 6.63688660e-01
    6.99999213e-01 2.42584556e-01 6.87045872e-01 3.51933122e-01
    6.22989476e-01 9.68773961e-02 9.90988493e-01 2.84318030e-02
    9.72715616e-01 8.34723771e-01 2.46333241e-01 7.67266989e-01
    9.60819960e-01 3.05538148e-01 3.54236126e-01 4.85594779e-01
    4.05078679e-01 3.46529961e-01 1.99438632e-02 4.41122085e-01
    9.31969881e-01 6.34132445e-01 4.59657133e-01 1.32082701e-02
    5.60617149e-01 3.01268071e-01 3.15690935e-02 6.27214491e-01
    8.65222454e-01 5.58876157e-01 2.30371833e-01 3.46954137e-01
    2.21177042e-02 4.17627454e-01 3.99289936e-01 2.85326004e-01
    3.40661824e-01 7.05031514e-01 5.40394247e-01 2.64637500e-01
    6.36082709e-01 8.70985389e-01 7.92787373e-02 4.96709049e-01
    7.45911837e-01 4.78701204e-01 9.30972993e-02 4.12340522e-01
    4.54047292e-01 6.25082552e-01 3.19932997e-02 9.65406060e-01
    5.67567885e-01 5.81568778e-01 8.25893283e-01 8.83791566e-01
    2.60236740e-01 5.54285586e-01 1.24572873e-01 5.86585343e-01
    3.94055188e-01 6.05583072e-01 6.03209734e-01 6.67977929e-02
    7.19936073e-01 4.20539290e-01 1.37688190e-01 5.36478341e-01
    2.90862769e-01 1.44290924e-01 7.64014125e-01 6.45820975e-01
    9.36151505e-01 5.03810704e-01 1.11810923e-01 1.12214446e-01
    6.52977288e-01 3.79347116e-01 9.68670607e-01 7.45210588e-01
    5.91398358e-01 8.83600771e-01 2.34027624e-01 6.88798904e-01
    2.30671704e-01 7.50235975e-01 3.70282292e-01 4.07504499e-01
    8.67946029e-01 6.52077138e-01 9.04460907e-01 5.38074017e-01
    5.19557655e-01 6.91775203e-01 8.06276143e-01 5.42350054e-01
    3.87964427e-01 1.34057879e-01 3.28391314e-01 4.84451741e-01
    7.87703156e-01 5.54583549e-01 4.71854061e-01 8.88055980e-01
    5.09391546e-01 5.29547632e-02 3.28358442e-01 2.74957120e-01
    6.64359570e-01 7.40614772e-01 2.88756251e-01 2.17657536e-01
    4.07780588e-01 6.58432782e-01 1.51145607e-01 7.04250634e-01
    1.52848154e-01 9.71537471e-01 9.83986259e-01 9.83319998e-01
    9.28626657e-01 5.40445745e-01 4.12152290e-01 6.78820491e-01
    8.21059227e-01 6.60234690e-01 6.22424662e-01 4.26297545e-01
    4.49717790e-01 1.14427358e-01 9.58304942e-01 9.49970424e-01
    3.16620529e-01 4.23292339e-01 1.57717437e-01 5.64801157e-01
    5.03973961e-01 7.60679543e-01 4.60898966e-01 1.23368502e-02
    8.17474902e-01 8.04101229e-01 1.99480355e-02 8.53123128e-01
    5.60656607e-01 7.29411125e-01 6.01246536e-01 5.46888947e-01
    6.49258494e-03 1.71359450e-01 2.33782142e-01 5.10953963e-01
    4.59506154e-01 5.57631075e-01 9.46575165e-01 4.20688868e-01
    6.91175938e-01 1.48551464e-02 1.99852705e-01 6.40338302e-01
    2.14016974e-01 7.71515667e-01 2.47095913e-01 1.18349940e-01
    6.99370205e-02 4.70174968e-01 1.87886059e-02 5.11183560e-01
    9.04889524e-01 3.83668512e-01 2.14282364e-01 7.11853027e-01
    6.07331097e-02 6.04704857e-01 6.11496925e-01 5.84829152e-01
    5.86260438e-01 3.26731980e-01 2.11700827e-01 8.48595142e-01
    8.76233339e-01 6.04035974e-01 1.89622641e-02 6.83425665e-02
    3.92522722e-01 2.97813952e-01 3.89768481e-02 4.32651281e-01
    7.14060187e-01 5.06341875e-01 2.13811696e-02 7.64871955e-01
    4.51650381e-01 2.08795100e-01 8.95855069e-01 3.48761261e-01
    5.57483733e-01 1.24436736e-01 4.83235151e-01 1.18636787e-01
    2.90833473e-01 3.99262905e-02 4.62819099e-01 8.15210938e-01
    8.84803176e-01 9.59414482e-01 1.66957974e-01 4.38013345e-01
    5.64621985e-01 8.68261933e-01 8.94770861e-01 6.58243299e-01
    4.84529704e-01 4.28436041e-01 4.31397140e-01 9.31468844e-01
    8.91291618e-01 6.72529459e-01 9.07712221e-01 3.20611596e-02
    5.61689913e-01 4.74140018e-01 1.31457865e-01 3.33568156e-01
    9.27368402e-01 1.25623286e-01 6.41434968e-01 3.70230317e-01
    5.10931134e-01 8.22357118e-01 2.46313840e-01 6.16103709e-01
    4.37424779e-02 8.39615345e-01 5.13303041e-01 3.48420203e-01
    9.07711029e-01 5.86642087e-01 9.05023932e-01 8.19249153e-02
    2.28741735e-01 8.36737871e-01 9.83578444e-01 8.28268886e-01
    2.39114314e-01 3.35806906e-01 5.28535724e-01 6.62481785e-02
    9.37707961e-01 9.83381152e-01 6.28959715e-01 2.50138044e-02
    3.84425938e-01 5.90515375e-01 6.63851261e-01 8.07247639e-01
    7.11804211e-01 2.71233529e-01 8.73812139e-02 9.56801713e-01
    8.70251298e-01 6.72154725e-02 7.67195523e-01 6.06611848e-01
    2.01471567e-01 2.55236566e-01 9.53965783e-01 5.69449127e-01
    8.74120295e-02 2.56418377e-01 7.87450969e-02 4.87167060e-01
    8.82151723e-03 9.04088020e-01 6.56035185e-01 7.19988227e-01
    5.84377050e-01 3.30926776e-02 2.69407928e-01 9.64012623e-01
    4.69922870e-01 6.42588139e-01 2.65355408e-02 5.12169003e-01
    2.92762280e-01 8.61019850e-01 6.17737532e-01 1.14383101e-02
    2.03567892e-01 6.42586410e-01 6.88880384e-02 4.56258357e-02
    1.56299740e-01 4.90492135e-01 4.89477485e-01 4.08915848e-01
    5.96898556e-01 4.71181065e-01 5.86145818e-01 4.37572569e-01
    8.44726562e-02 6.83412254e-02 9.75849032e-02 7.36732304e-01
    4.37237710e-01 7.30221510e-01 1.93901479e-01 7.90900052e-01
    5.23881316e-02 1.08792573e-01 1.42008096e-01 4.70670909e-01
    9.53355193e-01 5.29740512e-01 2.61346310e-01 4.41306025e-01
    2.44036943e-01 1.59507900e-01 8.64777684e-01 5.93531966e-01
    2.61573166e-01 7.36252904e-01 2.93217301e-01 9.30568218e-01
    8.45944285e-01 9.86413896e-01 7.74173021e-01 7.24043131e-01
    2.25231051e-02 4.14232612e-01 4.47168916e-01 1.95518792e-01
    1.51369959e-01 2.08829165e-01 2.01754510e-01 8.55930090e-01
    9.85649467e-01 2.21886039e-01 7.98214197e-01 8.32743049e-02
    2.28032857e-01 7.68020272e-01 8.17843080e-02 9.64821100e-01
    7.41176486e-01 3.14151525e-01 9.19898868e-01 1.72271848e-01
    3.31211865e-01 7.06653953e-01 9.18457270e-01 1.58869892e-01
    5.17942488e-01 7.59638906e-01 6.92757726e-01 4.64493990e-01
    2.38670379e-01 4.27583873e-01 1.54499084e-01 9.26167369e-01
    2.55663335e-01 5.37220597e-01 1.36743814e-01 3.54947805e-01
    3.61814499e-01 4.43953007e-01 5.33900797e-01 5.22089779e-01
    3.22773218e-01 7.55784869e-01 4.89521176e-01 9.47967649e-01
    2.43278742e-02 1.34691626e-01 9.70683694e-01 6.00612402e-01
    8.56575072e-02 9.98833418e-01 7.33548343e-01 5.35796165e-01
    2.43823886e-01 9.83401835e-02 7.34721899e-01 9.38447952e-01
    5.23464084e-01 1.04832232e-01 9.98437703e-02 7.42713451e-01
    3.10545325e-01 6.59505069e-01 6.50557280e-01 2.64894366e-01
    5.24634123e-01 2.39321649e-01 6.70356035e-01 8.21314692e-01
    3.44492584e-01 5.20747900e-01 1.71891093e-01 9.41464305e-01
    3.70074809e-02 4.35999036e-03 8.30813825e-01 8.26551199e-01
    6.13064408e-01 5.56952059e-01 7.14155078e-01 5.41439474e-01
    6.67847753e-01 2.16393739e-01 3.81331980e-01 4.66430187e-03
    5.55463970e-01 1.44712985e-01 4.31163371e-01 3.48528922e-02
    9.63396490e-01 2.51520276e-02 6.32106423e-01 7.26423562e-01
    9.10255015e-01 4.65951800e-01 2.19094068e-01 9.54150081e-01
    1.26953036e-01 5.51168323e-01 8.32971573e-01 9.34463501e-01
    9.68897521e-01 2.78348386e-01 4.42283064e-01 8.79998326e-01
    6.37300432e-01 3.07711780e-01 9.98576283e-01 9.31800246e-01
    4.95646477e-01 3.37188095e-01 3.93164754e-02 9.88816023e-01
    8.57782960e-02 8.75535667e-01 8.62173438e-01 7.85623431e-01
    9.47110951e-02 7.65841126e-01 6.98637187e-01 5.66163242e-01
    5.37458777e-01 9.89084721e-01 1.64363623e-01 6.97552502e-01
    8.25463593e-01 4.35353220e-01 4.74418640e-01 4.67976272e-01
    7.59697378e-01 8.15317988e-01 1.47762418e-01 9.47248161e-01
    6.74346566e-01 4.92894351e-02 1.46729857e-01 2.72691965e-01
    7.27087080e-01 1.10183984e-01 7.36527085e-01 3.64051163e-02
    2.66910613e-01 4.18672591e-01 4.18698639e-01 7.99517870e-01
    3.15241545e-01 6.59951568e-01 9.22829509e-01 8.69039834e-01
    9.76806581e-01 7.48858094e-01 6.67400360e-01 7.43909001e-01
    3.22661668e-01 6.70376718e-01 7.96914101e-05 5.30692399e-01
    4.98735517e-01 5.93077123e-01 2.82372892e-01 2.43324041e-03
    7.80636609e-01 5.75212359e-01 3.91939521e-01 1.89391285e-01
    2.02418685e-01 7.47137010e-01 1.62301958e-02 6.19148374e-01
    7.00288057e-01 3.38292122e-02 6.10413134e-01 1.30298078e-01
    8.09877396e-01 3.48493695e-01 5.80404639e-01 6.40859127e-01
    1.52567774e-01 6.30546749e-01 9.08657908e-03 3.54389846e-01
    7.41713345e-01 2.06303149e-01 9.13696766e-01 4.18482393e-01
    4.82873768e-01 6.29109979e-01 9.33479667e-01 2.53872812e-01
    1.60688490e-01 9.30286348e-02 8.92652035e-01 1.39336526e-01
    8.40740681e-01 8.12390327e-01 6.96730733e-01 7.85431147e-01
    8.60500991e-01 4.51326370e-01 3.19596499e-01 6.04765058e-01
    2.46364981e-01 2.12887615e-01 1.05688244e-01 5.97032905e-01
    5.18320799e-01 4.29089755e-01 4.20163870e-02 4.16795701e-01
    5.79814911e-01 3.24177504e-01 5.99415600e-01 2.56194800e-01
    5.67421198e-01 9.00070548e-01 6.15653336e-01 5.90209246e-01
    5.93778491e-03 9.30969775e-01 2.25776047e-01 9.46502566e-01
    3.06726307e-01 3.78500223e-02 9.52597439e-01 6.98428988e-01
    7.99880385e-01 8.81295085e-01 8.80383849e-01 8.14201415e-01
    1.20554060e-01 7.42679358e-01 6.07068121e-01 7.72739291e-01
    4.35378283e-01 5.11564255e-01 2.46307284e-01 3.49385738e-01
    1.74349248e-01 8.58024716e-01 7.16754198e-01 9.54111457e-01
    9.79827762e-01 5.16716361e-01 4.03549969e-02 7.94563770e-01
    2.89871812e-01 4.76138055e-01 5.94350934e-01 2.19867945e-01
    6.14808917e-01 8.37836385e-01 5.06836891e-01 4.71038163e-01
    3.48426282e-01 6.35904372e-01 3.31493318e-01 2.55380452e-01
    1.92782551e-01 8.62047613e-01 3.66893291e-01 4.37029839e-01
    2.75225341e-01 6.01082802e-01 1.48930371e-01 8.61640453e-01
    3.93094122e-01 8.82175088e-01 6.37772799e-01 4.60719585e-01
    6.06210887e-01 4.76313114e-01 5.40855050e-01 8.25268149e-01
    6.61933422e-01 9.13132071e-01 9.88296390e-01 4.00546581e-01
    9.71748233e-01 1.79303169e-01 9.84868169e-01 9.31573510e-01
    9.81395900e-01 1.28259867e-01 4.25914228e-02 3.78511518e-01
    6.58325851e-01 2.81511486e-01 4.04186428e-01 3.22590113e-01
    7.27786481e-01 5.53908408e-01 8.53533506e-01 9.91388798e-01
    7.40363896e-01 8.95496309e-01 2.55392730e-01 9.86587882e-01
    2.30275035e-01 4.49247658e-02 1.65552050e-01 1.07176274e-01
    3.42221767e-01 6.04517460e-01 1.69514060e-01 8.10689330e-02
    9.01512742e-01 6.75643861e-01 7.64969707e-01 4.28786337e-01
    1.20660931e-01 9.61246490e-01 1.16359740e-01 3.52436483e-01
    7.59078145e-01 6.09164417e-01 7.84091949e-01 3.43608648e-01
    7.14315832e-01 9.74404275e-01 2.48726696e-01 3.61674011e-01
    9.18407917e-01 8.37707698e-01 9.75183010e-01 9.92150605e-01
    8.58792067e-01 3.58489186e-01 4.18209851e-01 9.23521221e-01
    8.78271461e-01 4.96224791e-01 7.92927861e-01 1.72672212e-01
    6.72803640e-01 9.83055055e-01 7.83869684e-01 9.63966727e-01
    8.30460131e-01 7.55528510e-02 3.06914747e-01 7.23162651e-01
    9.96007323e-02 3.69676054e-01 2.97616541e-01 8.26039433e-01
    7.29329288e-02 1.00888848e-01 8.22244942e-01 2.49150932e-01
    7.86734939e-01 8.73287082e-01 9.74326253e-01 1.66851938e-01
    6.58407331e-01 2.18471706e-01 4.39744711e-01 6.48620903e-01
    9.86786425e-01 6.58953905e-01 6.43300056e-01 5.38985491e-01
    6.38108850e-01 5.80967367e-01 5.58853865e-01 7.12525249e-01
    9.76530313e-01 9.48042870e-02 3.84159327e-01 4.22003210e-01
    5.98375797e-01 2.78103113e-01 1.90549523e-01 9.81580019e-02
    7.56682754e-01 5.22022009e-01 1.61372662e-01 1.54218674e-01
    9.33589101e-01 7.94431567e-01 8.43771040e-01 6.58519030e-01
    9.79450285e-01 2.67620116e-01 8.81906867e-01 1.43004656e-01
    9.60088730e-01 7.44001985e-01 4.13320601e-01 1.80486441e-01
    7.88363218e-02 7.98897862e-01 9.72850561e-01 9.83815014e-01
    5.54292083e-01 1.16004944e-01 9.08883572e-01 5.17368853e-01
    2.00295836e-01 2.79198349e-01 7.57757306e-01 2.20421135e-01
    3.72334421e-01 7.16732442e-01 2.30451196e-01 9.14165199e-01
    2.59560347e-03 3.54416817e-01 3.82989824e-01 3.27200115e-01
    2.80030966e-01 5.54127574e-01 7.74487853e-02 4.66709077e-01
    8.05208385e-02 8.24769676e-01 3.11507106e-01 2.15945035e-01
    5.21174610e-01 5.30725777e-01 8.47869217e-02 3.51693988e-01
    8.59823883e-01 8.62265527e-02 2.87556887e-01 4.26703066e-01
    3.11033905e-01 7.28041828e-01 6.76053524e-01 2.92832494e-01
    7.28874385e-01 2.07241982e-01 1.09433264e-01 9.79650617e-01
    3.29129785e-01 1.56244159e-01 7.83599317e-01 6.02108359e-01
    6.29461408e-01 1.11016363e-01 9.29734945e-01 3.93428445e-01
    3.40503544e-01 1.43458694e-01 7.77222037e-01 1.69609696e-01
    7.58020580e-02 2.98120022e-01 5.44738650e-01 3.29769313e-01
    5.62733173e-01 4.39138025e-01 4.92378891e-01 1.80140108e-01
    2.35532910e-01 9.33611631e-01 4.98243362e-01 6.61003172e-01
    4.09671664e-01 8.19495678e-01 2.25764006e-01 2.79114246e-01
    8.05523276e-01 8.89459491e-01 1.23189926e-01 2.84012198e-01
    1.52279139e-01 4.72108305e-01 6.58253312e-01 3.72812092e-01
    9.62312102e-01 1.33976340e-01 8.89207363e-01 7.40914524e-01
    2.30316490e-01 1.68694705e-01 6.83421731e-01 4.28068370e-01
    3.01022232e-02 6.46199524e-01 9.16354179e-01 5.19110799e-01
    7.66172171e-01 2.17986405e-01 4.24816132e-01 8.10485065e-01
    2.95826733e-01 3.51936698e-01 7.64801264e-01 2.02886462e-01
    7.80773759e-01 7.48213470e-01 8.99468660e-01 8.36744606e-01
    6.55934513e-02 5.64390719e-02 1.41506821e-01 3.63629639e-01
    9.46689963e-01 9.47870314e-02 4.01039839e-01 4.02456701e-01
    1.85310930e-01 1.62378877e-01 2.26518035e-01 5.12275875e-01
    2.60028511e-01 3.07202280e-01 2.88510889e-01 7.13223577e-01
    7.61132240e-02 4.46997613e-01 3.12867105e-01 7.85904527e-01
    8.46951306e-02 7.72689819e-01 5.73157370e-02 4.80569303e-01
    4.64523524e-01 7.51451135e-01 7.95381904e-01 2.66078413e-01
    4.87804145e-01 9.90043521e-01 8.44764709e-01 5.78414142e-01
    1.73227698e-01 9.00140524e-01 3.44250858e-01 6.16943121e-01
    7.34157443e-01 3.48435760e-01 7.65450597e-02 8.38486791e-01
    2.72219598e-01 6.42678499e-01 8.21489394e-02 5.98273993e-01
    6.82055354e-02 2.86514968e-01 9.07189846e-02 8.39739442e-02
    5.21900654e-02 5.11508286e-01 6.45537138e-01 6.30733132e-01
    9.59168434e-01 8.33557367e-01 4.91559088e-01 2.14554638e-01
    2.99253106e-01 5.87794960e-01 9.65710580e-02 8.75660896e-01
    6.94993496e-01 6.96196496e-01 9.92597938e-01 4.03940618e-01
    5.84430993e-01 6.86643422e-01 4.89298970e-01 3.84979129e-01
    3.35644603e-01 9.57803607e-01 9.24515247e-01 4.94226873e-01
    6.37452006e-01 2.91559249e-01 5.97752690e-01 7.47187376e-01
    2.94013709e-01 6.17087066e-01 8.03516686e-01 5.30771255e-01
    8.62291455e-03 4.70878482e-02 7.49485135e-01 3.22475135e-01
    9.48791981e-01 5.70797563e-01 1.04454100e-01 2.20710874e-01
    5.26248872e-01 9.11868334e-01 7.12269008e-01 3.79244626e-01
    5.61123192e-02 3.16829741e-01 2.23971397e-01 1.00592375e-01
    8.35181892e-01 2.19845146e-01 2.00680703e-01 7.44332552e-01
    7.74924278e-01 6.05782032e-01 1.40136570e-01 2.21912950e-01
    4.99402851e-01 7.51394629e-01 6.75737917e-01 1.89955890e-01
    1.28980070e-01 8.59245956e-02 5.86690307e-02 5.91170490e-01
    4.67975199e-01 1.44146919e-01 4.79234695e-01 4.84489948e-01
    5.27630627e-01 7.86598563e-01 9.50939119e-01 1.66126192e-01
    1.16434395e-02 8.07943106e-01 5.89669824e-01 7.61137009e-01
    9.14786339e-01 6.85428500e-01 7.26878762e-01 4.33892906e-01
    8.94345045e-02 3.68815184e-01 4.92625386e-01 6.58325315e-01
    3.46757352e-01 2.12245941e-01 2.49051541e-01 4.94956315e-01
    5.05129874e-01 9.81251121e-01 7.33837962e-01 6.60223961e-01
    9.47567225e-02 2.17459172e-01 1.90328538e-01 3.45430732e-01
    9.66771305e-01 7.19508886e-01 5.87335408e-01 1.38036162e-01
    8.23007345e-01 9.50060606e-01 2.65308022e-01 2.85049021e-01
    2.26398140e-01 8.78673196e-01 9.75837588e-01 6.27965033e-01
    2.30957031e-01 6.50622249e-02 9.61612821e-01 9.89305913e-01
    8.32046628e-01 8.12820792e-01 4.05505240e-01 5.88221431e-01
    5.47330379e-02 9.68840420e-01 2.51987278e-01 9.13052917e-01
    7.39083230e-01 3.53934824e-01 3.56426656e-01 4.44334149e-01
    7.45780349e-01 9.15614665e-02 8.46816003e-01 3.67165416e-01
    1.64224803e-01 9.67590749e-01 1.92238271e-01 9.43675935e-02
    5.76116085e-01 6.98966622e-01 8.90824616e-01 2.52182126e-01
    5.89141250e-01 8.56378078e-01 5.70206821e-01 6.97187722e-01
    9.35853720e-01 4.59981054e-01 1.26960754e-01 7.62416422e-02
    7.68015027e-01 8.43860507e-01 2.23384112e-01 3.23325038e-01
    5.52642763e-01 7.25284755e-01 4.56107676e-01 1.96250260e-01
    5.84482551e-01 3.31095338e-01 3.73119324e-01 5.91748774e-01
    7.66410947e-01 8.62811923e-01 5.98906100e-01 6.43607736e-01
    5.90647757e-01 6.63449585e-01 4.39103544e-01 9.24609780e-01
    7.88233995e-01 6.96331322e-01 2.55628794e-01 4.94823873e-01
    6.35433257e-01 4.31416482e-01 8.44070435e-01 7.21410692e-01
    2.82526851e-01 2.36934036e-01 3.32759142e-01 1.04412317e-01
    7.82193124e-01 1.75279915e-01 9.86655235e-01 7.65171111e-01
    3.88895720e-01 4.48937088e-01 8.88413548e-01 5.98818958e-01
    8.83288801e-01 9.43052053e-01 1.51398629e-01 9.29471552e-02
    3.47089201e-01 8.40576768e-01 3.72739851e-01 8.61534238e-01
    6.16999507e-01 1.38966769e-01 5.55360258e-01 1.72433436e-01
    1.43259555e-01 6.08979821e-01 1.40358806e-01 7.84191608e-01
    5.63436747e-03 8.38079333e-01 2.72411823e-01 1.82209611e-02
    6.16907477e-01 4.12799925e-01 8.61128628e-01 5.51969886e-01
    3.70788991e-01 7.72616923e-01 5.74437857e-01 8.84769022e-01
    3.70803475e-03 8.04692626e-01 2.97070146e-01 5.15058935e-01
    5.59422016e-01 7.86863923e-01 3.82313997e-01 7.31884599e-01
    8.72969031e-01 7.64274359e-01 5.75408161e-01 4.87177104e-01
    9.27533805e-02 3.15278053e-01 5.43118954e-01 5.94610870e-01
    8.78766179e-01 2.52809227e-02 5.71151376e-01 1.42734885e-01
    7.86019564e-01 9.80332077e-01 7.32341945e-01 8.43261600e-01
    6.51774585e-01 4.91957605e-01 4.34899926e-01 3.89793098e-01
    1.25596642e-01 8.04780424e-01 7.14091539e-01 5.31373203e-01
    9.39368844e-01 8.23668361e-01 5.74017346e-01 6.58614755e-01
    1.00231677e-01 6.32280111e-01 2.29920447e-01 6.38837218e-01
    5.55031538e-01 2.03287244e-01 9.89292026e-01 9.92289186e-02
    3.11565340e-01 9.68853593e-01 8.24724078e-01 4.52979416e-01
    5.62031865e-02 1.36651188e-01 1.39994472e-01 1.13355875e-01
    3.15409362e-01 2.79100358e-01 2.91345239e-01 7.07810938e-01
    6.53935790e-01 5.08667946e-01 4.44054097e-01 4.91862863e-01
    9.08974051e-01 2.95948446e-01 6.34160638e-01 4.43902075e-01
    7.64646173e-01 2.99161375e-01 5.12762845e-01 5.36258519e-01
    6.55082762e-02 3.61514986e-01 4.04568940e-01 3.43807876e-01
    5.60657978e-02 8.15478325e-01 3.35090578e-01 4.59807336e-01
    6.57454133e-01 7.16427445e-01 7.58594155e-01 4.64139879e-02
    4.82963741e-01 2.71603256e-01 6.07661843e-01 2.55422562e-01
    9.98484552e-01 5.79783022e-02 4.08773124e-01 9.22977924e-01
    6.13404036e-01 2.02063620e-01 3.56554985e-01 2.08857358e-01
    6.69288933e-01 7.65310645e-01 3.92590910e-01 4.75351751e-01
    4.69606817e-01 4.86322403e-01 8.82702827e-01 6.57819152e-01
    1.84112817e-01 2.87025869e-02 6.35008693e-01 3.19519460e-01
    8.44314575e-01 6.82380319e-01 5.00625849e-01 7.42317200e-01
    5.00912189e-01 2.28192508e-02 9.37272787e-01 8.71910214e-01
    4.15971994e-01 6.36694431e-01 3.06632519e-01 3.12038392e-01
    3.76303077e-01 2.37783462e-01 7.16833174e-02 7.33257949e-01
    1.23630822e-01 5.45344412e-01 6.60015821e-01 6.04533255e-01
    7.00659752e-01 8.14351797e-01 7.88969398e-02 4.69413102e-01
    6.58278465e-01 7.08080292e-01 9.32592392e-01 9.70121384e-01
    1.37992412e-01 2.81972289e-02 3.03197771e-01 6.96436942e-01
    1.17321789e-01 7.77585447e-01 6.08042777e-01 6.38854504e-03
    3.55251133e-02 3.72068465e-01 3.61350834e-01 4.63322461e-01
    9.67140853e-01 6.83128476e-01 7.10017562e-01 6.74533486e-01
    2.81473041e-01 8.07551980e-01 8.54225039e-01 4.35361296e-01
    5.09027421e-01 2.35489517e-01 9.65841174e-01 4.02279496e-02
    9.13008690e-01 2.75059938e-02 6.40517414e-01 1.27424210e-01
    6.84754193e-01 9.90742564e-01 1.60108924e-01 2.22698867e-01
    3.73281687e-01 6.88681901e-01 9.79374647e-01 6.65547550e-01
    8.03010345e-01 8.47317278e-02 1.82788253e-01 7.38498569e-01
    6.45073533e-01 6.89353943e-02 7.30111897e-02 1.77906752e-02
    3.27355891e-01 7.04172850e-02 2.95624584e-01 9.44606543e-01
    1.92388892e-03 6.10035658e-02 5.74554443e-01 2.98039556e-01
    3.99625242e-01 9.20350552e-01 7.28057623e-01 9.75754142e-01
    2.21955985e-01 8.67853761e-01 6.89124823e-01 1.69878751e-01
    4.07312602e-01 1.76979870e-01 4.55526114e-02 4.74097073e-01
    8.14941823e-02 4.33678806e-01 7.92006910e-01 7.93650687e-01
    4.99368250e-01 9.65479851e-01 4.05659199e-01 9.95721579e-01
    6.24201477e-01 7.35202968e-01 8.67398739e-01 4.13945317e-03
    1.44946873e-02 5.36265075e-01 2.73117244e-01 2.52120018e-01
    6.84272766e-01 9.94370937e-01 2.01470017e-01 8.30130577e-01
    7.23968565e-01 4.84248698e-02 7.17101216e-01 2.75574446e-01
    6.26733899e-02 7.05692530e-01 6.07582092e-01 3.50638896e-01
    8.39830339e-02 2.76643574e-01 6.19878173e-01 9.90746796e-01
    8.91133189e-01 2.93852210e-01 3.54206979e-01 6.39700055e-01
    7.67456949e-01 7.02899754e-01 4.25219029e-01 2.68642753e-01
    8.35974455e-01 9.38791156e-01 4.59522873e-01 5.48172057e-01
    1.50012225e-01 2.36147672e-01 4.60422605e-01 1.29992217e-01
    6.54918253e-01 4.19789851e-02 6.56677723e-01 4.29582834e-01
    5.18548846e-01 6.30254745e-01 6.23807549e-01 8.20489824e-02
    4.66241777e-01 1.67546272e-01 4.85677123e-01 1.67836249e-01
    3.46282244e-01 6.53465867e-01 9.22074199e-01 6.39249682e-01
    1.39786810e-01 3.52127254e-02 4.72024351e-01 6.43466413e-02
    3.01413536e-01 5.26083410e-01 2.44396895e-01 4.38595921e-01
    9.12351847e-01 3.82456243e-01 3.98094982e-01 1.76009834e-01
    3.90260160e-01 2.88758039e-01 6.71458662e-01 6.74913168e-01
    9.71573114e-01 7.70658851e-01 8.13072205e-01 5.00125766e-01
    2.79017240e-01 7.90330589e-01 7.29727030e-01 1.90183759e-01
    4.70288426e-01 1.80237532e-01 7.73014665e-01 3.50761145e-01
    2.94838786e-01 7.96593904e-01 5.32494962e-01 3.70130718e-01
    5.98829567e-01 9.03236270e-02 2.94299722e-01 9.28844869e-01
    3.27128410e-01 1.20274991e-01 1.96552068e-01 5.22041321e-01
    2.35889643e-01 7.88540959e-01 6.19338036e-01 3.86775494e-01
    2.03507245e-01 8.58528197e-01 4.45875108e-01 6.26436174e-01
    7.16167688e-02 4.18269753e-01 9.10950541e-01 6.22897327e-01
    4.48680073e-01 8.95621061e-01 1.23562455e-01 1.54804319e-01
    7.12940097e-02 5.43421984e-01 9.67012405e-01 8.09374571e-01
    9.96307135e-01 8.52943659e-01 3.01338613e-01 5.37217379e-01
    5.93713403e-01 8.08870256e-01 7.70492911e-01 5.07438660e-01
    9.83210087e-01 5.20226896e-01 4.46642220e-01 2.76454210e-01
    3.89139622e-01 5.37267148e-01 6.69444501e-02 4.64050531e-01
    2.08597898e-01 7.35128462e-01 9.00278807e-01 7.55280614e-01
    2.81241775e-01 9.94884908e-01 9.36546445e-01 1.10084146e-01
    2.60555029e-01 8.95399809e-01 5.54280043e-01 9.86452579e-01
    5.77969193e-01 8.19089055e-01 6.23565674e-01 5.13159335e-01
    2.20566183e-01 4.67845649e-01 7.35834956e-01 7.09176183e-01
    3.21961969e-01 1.84362441e-01 1.88757539e-01 6.44820631e-01
    5.54294348e-01 8.92769217e-01 9.51366901e-01 1.75838619e-01
    7.12462723e-01 5.02107322e-01 2.92411506e-01 1.16656929e-01
    3.85351568e-01 6.17775202e-01 9.12710726e-01 1.69724196e-01
    4.92934227e-01 5.20576060e-01 9.86863196e-01 3.30187529e-01
    3.43332469e-01 8.80624056e-02 5.06192267e-01 5.03455997e-02
    2.07886159e-01 1.69578880e-01 6.64021552e-01 1.07938856e-01
    4.69268262e-02 3.24935913e-02 5.25628030e-01 3.73195350e-01
    9.93533254e-01 7.26507664e-01 8.74942064e-01 5.57362437e-01
    3.24579775e-02 4.50204909e-02 5.12602031e-02 8.63205910e-01
    8.90459120e-02 1.92107588e-01 3.08641493e-01 5.87328374e-01
    3.39860380e-01 1.84702426e-01 9.98414993e-01 2.45715976e-01
    3.35963070e-01 7.95877278e-02 8.95143986e-01 3.27170908e-01
    1.46078706e-01 5.81705570e-01 2.34037638e-03 2.74088055e-01
    8.11562181e-01 5.58441043e-01 3.58587772e-01 3.31789792e-01
    2.41788387e-01 8.86753619e-01 1.77680016e-01 7.00049758e-01
    5.91562271e-01 1.14854515e-01 1.30893886e-02 4.97946620e-01
    3.69860768e-01 4.19723392e-02 1.97593600e-01 3.68501574e-01
    5.80381632e-01 6.62120759e-01 6.86758339e-01 7.96932459e-01
    6.17592275e-01 5.66271961e-01 2.10789770e-01 9.24833655e-01
    4.47284609e-01 3.53130162e-01 7.38196373e-01 6.34775341e-01
    1.19945616e-01 8.95393193e-01 4.79535520e-01 2.70930409e-01
    1.20664924e-01 6.39966011e-01 6.51831508e-01 5.75864255e-01
    9.59824264e-01 3.00259650e-01 4.06918913e-01 3.88754100e-01
    9.13265347e-01 7.30819762e-01 8.03990006e-01 1.75591826e-01
    2.70338058e-01 8.85509372e-01 3.33904415e-01 2.48788804e-01
    5.04686177e-01 9.62175131e-01 7.92730749e-02 1.85132295e-01
    9.59263146e-01 3.07777822e-02 9.70236659e-01 5.85065901e-01
    1.18901968e-01 1.06541783e-01 1.78058237e-01 7.27101386e-01
    2.02681243e-01 9.07874107e-01 9.24122334e-01 8.13920259e-01
    2.70908237e-01 5.49859166e-01 8.22692096e-01 4.28960919e-01
    1.37032598e-01 2.29138285e-01 9.01185274e-01 8.37599516e-01
    6.47652328e-01 7.92560697e-01 1.70317292e-02 2.70413458e-01
    6.49205208e-01 1.86918139e-01 3.38773757e-01 4.11458611e-01
    3.76884043e-02 7.05578685e-01 9.88307774e-01 3.41748685e-01
    7.33824670e-01 6.91137016e-02 9.90462184e-01 7.06884086e-01
    1.94453150e-01 8.99992764e-01 2.18343854e-01 8.04959893e-01
    4.94665027e-01 4.52308208e-01 7.89058149e-01 6.03661299e-01
    3.70482028e-01 1.10741287e-01 1.31757647e-01 9.47625756e-01
    3.29138935e-01 8.90956938e-01 9.70922887e-01 1.58408791e-01
    8.23588133e-01 5.69369674e-01 9.02227044e-01 2.64707416e-01
    9.73341644e-01 3.88930082e-01 5.15529990e-01 8.95174623e-01
    4.14544016e-01 3.92068028e-01 1.42440617e-01 5.21087766e-01
    4.24462914e-01 9.19844985e-01 7.14895010e-01 2.95995921e-01
    2.67078578e-02 9.71746922e-01 6.39768243e-02 9.15334702e-01
    3.68745267e-01 1.25434846e-01 4.78324741e-01 6.50062203e-01
    5.76539278e-01 2.31169462e-02 3.10219586e-01 1.66624665e-01
    9.58576918e-01 9.72126007e-01 8.54338765e-01 7.52014041e-01
    9.45697904e-01 2.69112825e-01 3.81421000e-01 6.64512813e-02
    3.26605886e-01 5.04315078e-01 6.63099349e-01 3.70709777e-01
    7.83766091e-01 2.44045526e-01 9.65015650e-01 2.99791336e-01
    5.24156451e-01 3.33027840e-01 8.29722285e-01 7.87139177e-01
    5.38404524e-01 4.00934100e-01 4.91917521e-01 4.94951278e-01
    6.36324763e-01 4.38398987e-01 4.17582452e-01 8.31600666e-01
    6.45767570e-01 2.43164778e-01 5.82941830e-01 9.15355444e-01
    3.15742731e-01 3.95913601e-01 6.61780417e-01 9.26449895e-01
    6.07769728e-01 6.94037318e-01 6.61046386e-01 5.10152340e-01
    8.36645246e-01 2.30076939e-01 3.16860676e-01 5.65198898e-01
    4.72663045e-01 8.18913281e-01 6.33892059e-01 6.05778217e-01
    9.16398525e-01 8.76366019e-01 5.06665707e-01 1.43340141e-01
    5.83983362e-02 3.62208694e-01 8.55039358e-02 4.20445502e-01
    2.78112024e-01 2.45593756e-01 3.48116726e-01 4.50612515e-01
    7.76863337e-01 1.69463962e-01 6.51029170e-01 4.11988735e-01
    6.92474365e-01 2.89246798e-01 4.43703413e-01 4.03582454e-02
    9.15404618e-01 7.88470745e-01 5.10112524e-01 3.46778154e-01
    3.60855639e-01 7.60698199e-01 8.83702517e-01 2.38903254e-01
    7.52863884e-02 3.00463140e-01 5.06456971e-01 4.13723588e-01
    8.55897188e-01 1.51868194e-01 3.05908680e-01 2.91914135e-01
    5.16217947e-01 5.69439054e-01 2.98198879e-01 6.35747790e-01
    1.25365257e-01 2.96385825e-01 7.68572807e-01 9.61578965e-01
    6.42889917e-01 4.57686037e-01 9.09837604e-01 6.49729967e-01
    5.07117748e-01 6.72121406e-01 7.62013316e-01 1.26196980e-01
    7.25629032e-02 5.32204092e-01 2.35995024e-01 8.66804123e-01
    6.51829720e-01 6.39561415e-01 2.14424759e-01 2.75613576e-01
    7.03920543e-01 7.34416306e-01 8.45052004e-01 6.98287964e-01
    1.29879117e-02 6.07773364e-01 7.27104545e-01 1.97356313e-01
    7.41474867e-01 9.92211282e-01 2.37103641e-01 2.47104973e-01
    8.53301287e-02 7.77938604e-01 1.52587563e-01 2.11254001e-01
    5.70996642e-01 1.14621431e-01 8.24106932e-01 3.44083965e-01
    8.84577572e-01 1.69331729e-02 5.22208750e-01 5.27501464e-01
    6.25271320e-01 8.72471154e-01 1.74344897e-01 2.58488655e-01
    3.82423908e-01 2.57309496e-01 7.60246396e-01 5.61083555e-02
    3.95345092e-02 4.55882221e-01 8.44350696e-01 4.82589900e-02
    4.45721328e-01 1.69969797e-01 5.38612008e-01 8.67423356e-01
    8.90652597e-01 5.86678505e-01 7.80104518e-01 4.06835109e-01
    8.71563792e-01 1.55312687e-01 8.61662507e-01 1.00629866e-01
    8.63307118e-01 8.41362536e-01 6.55250072e-01 2.55190134e-02
    4.83799577e-02 8.00567985e-01 7.41616547e-01 6.78583026e-01
    2.56398618e-01 5.40684640e-01 1.64992571e-01 2.02981591e-01
    1.06113255e-01 4.07851040e-01 6.13680482e-01 7.92209208e-01
    6.69114590e-02 6.61923468e-01 7.40201950e-01 1.03856653e-01
    5.46221793e-01 1.43012196e-01 8.67084622e-01 9.74333644e-01
    8.36241663e-01 2.70778120e-01 3.53359222e-01 8.33050013e-02
    5.26522160e-01 4.41069692e-01 7.47491658e-01 7.32437670e-02
    8.88938427e-01 1.86253667e-01 8.47125292e-01 1.58024818e-01
    5.42834699e-01 2.20359743e-01 5.53428590e-01 4.12037134e-01
    4.99644458e-01 9.96835828e-01 9.00159121e-01 7.57725120e-01
    8.42773020e-02 3.68997395e-01 4.74568039e-01 7.23317504e-01
    3.25228244e-01 8.83645236e-01 1.44800156e-01 9.93468404e-01
    1.70723528e-01 2.49887615e-01 1.84924752e-01 7.21288681e-01
    5.81993222e-01 9.24321532e-01 2.19841599e-02 9.15088058e-01
    5.32037377e-01 6.49990678e-01 3.47912788e-01 4.82010335e-01
    5.43158054e-01 6.36722386e-01 1.04457736e-01 1.13993585e-01
    3.76866817e-01 1.04149878e-01 4.98500049e-01 2.28680015e-01
    7.24624336e-01 7.07877517e-01 6.76452637e-01 3.92888874e-01
    7.55620897e-02 2.00798512e-01 5.82034886e-02 6.93796933e-01
    4.76060629e-01 3.15574527e-01 6.52666450e-01 3.15314710e-01
    6.93569899e-01 5.36836267e-01 9.09044385e-01 4.17896807e-01
    7.91855931e-01 2.92807192e-01 9.43505764e-01 4.12373453e-01
    3.53659809e-01 6.48190975e-01 2.31515378e-01 7.06560731e-01
    3.85248184e-01 8.40800285e-01 6.51146472e-01 3.20621371e-01
    1.51276380e-01 3.49419713e-01 7.04890728e-01 4.64362323e-01
    7.74922609e-01 7.04178929e-01 4.32047904e-01 7.31578708e-01
    7.62943387e-01 1.78478479e-01 6.46861732e-01 9.81026292e-01
    7.83546329e-01 8.59143198e-01 3.42815816e-01 7.55497217e-01
    6.58238530e-01 4.81846482e-01 9.34436202e-01 1.96383804e-01
    9.60670114e-01 5.43599665e-01 6.36364102e-01 8.72565508e-01
    8.12655985e-01 6.95266664e-01 4.71228570e-01 5.09724021e-02
    5.34899175e-01 1.01569533e-01 3.11275780e-01 4.98538315e-01
    2.39840060e-01 3.09707105e-01 5.87745607e-01 3.91288787e-01
    9.13093448e-01 1.27083421e-01 1.46550685e-01 1.08835250e-01
    6.49008453e-02 9.98501420e-01 8.00061226e-03 4.72520858e-01
    4.09007967e-02 6.75369859e-01 5.51191866e-02 9.50811327e-01
    5.60800016e-01 7.12435782e-01 5.91233611e-01 1.61144137e-02
    2.54392743e-01 9.15908337e-01 2.29708433e-01 9.28311050e-02
    3.97391856e-01 3.25999945e-01 7.63328433e-01 4.61337954e-01
    4.45120156e-01 8.35178018e-01 7.02547073e-01 2.58887053e-01
    4.92548168e-01 7.78156757e-01 2.98461020e-01 9.54196692e-01
    8.92233491e-01 8.34104776e-01 5.75396061e-01 2.89081216e-01
    3.65114689e-01 1.95138901e-01 5.05971134e-01 7.81349540e-01
    9.41718459e-01 9.00778055e-01 7.46068478e-01 7.87696719e-01
    2.80256629e-01 1.58532321e-01 4.97494131e-01 3.33274007e-01
    1.67443991e-01 6.49646401e-01 9.80825424e-01 2.68665850e-01
    9.89237070e-01 2.63857365e-01 7.80261874e-01 3.77224267e-01
    5.78661680e-01 7.98287988e-02 8.43327284e-01 8.15121531e-01
    8.16056371e-01 6.20673895e-01 5.87216735e-01 7.23588884e-01
    7.50929415e-01 5.91541231e-02 9.58412290e-02 7.94958770e-02
    4.31430936e-02 8.70579481e-03 9.90063071e-01 5.08490503e-02
    7.70958424e-01 8.35696340e-01 5.88319182e-01 4.55864221e-01
    7.79510200e-01 6.24179840e-01 7.02830613e-01 9.61384475e-02
    4.44405943e-01 1.89801514e-01 3.34578156e-01 1.14869475e-02
    8.53504539e-01 1.30047679e-01 1.30357504e-01 8.43484402e-01
    3.73390615e-02 9.40094113e-01 9.03002262e-01 6.14340842e-01
    6.96426392e-01 1.11778021e-01 6.79618001e-01 1.83403939e-01
    4.06445563e-01 5.26254177e-01 7.66094804e-01 1.96393073e-01
    3.29613715e-01 6.54875040e-02 2.08755732e-02 6.66184545e-01
    5.74904442e-01 2.28422880e-03 8.10299516e-01 3.38099897e-01
    9.29996848e-01 7.73556828e-01 2.32690156e-01 2.91613936e-02
    1.36817336e-01 3.42229724e-01 7.18138814e-01 1.69225305e-01
    9.29500461e-02 5.87199926e-01 6.61794126e-01 5.15995443e-01
    5.88496506e-01 9.21365201e-01 8.57594252e-01 2.37414926e-01
    5.04679084e-02 5.79064608e-01 6.36443555e-01 5.07463217e-01
    8.66466105e-01 5.36670089e-01 6.64546371e-01 8.71909857e-01
    9.13479686e-01 5.89473844e-01 8.91098619e-01 4.12978232e-01
    1.40768468e-01 8.97865415e-01 9.88285899e-01 3.27418298e-01
    9.20144260e-01 1.79770619e-01 2.61298746e-01 6.94867969e-01
    6.73995197e-01 5.39341271e-01 6.85154438e-01 5.40722430e-01
    4.71464634e-01 5.12297392e-01 1.26548231e-01 8.77629817e-01
    1.63741589e-01 7.03841448e-01 1.40983433e-01 9.55251336e-01
    4.43179578e-01 7.93649495e-01 1.78722292e-01 5.65985441e-01
    3.98727179e-01 8.95267129e-02 1.38002515e-01 8.08197021e-01
    9.92547274e-01 4.46011454e-01 6.97847128e-01 3.13425839e-01
    6.52147830e-01 2.48872936e-02 8.65371227e-01 9.92109895e-01
    6.97343707e-01 1.46147907e-01 9.56460118e-01 9.66414213e-01
    8.17830443e-01 2.40671217e-01 7.71407783e-01 5.03634036e-01
    5.65743923e-01 4.46088254e-01 2.02504128e-01 9.68730092e-01
    7.44712532e-01 3.93714905e-01 6.68030262e-01 7.89981961e-01
    3.23761433e-01 6.98244274e-01 8.32014322e-01 5.11046231e-01
    3.01827013e-01 2.01229602e-01 1.99686885e-02 7.59465337e-01
    6.06158018e-01 7.79684782e-01 2.49134064e-01 7.94389427e-01
    9.71250355e-01 1.07699037e-02 6.33075297e-01 6.20046854e-01
    9.00574625e-02 6.95463657e-01 5.90118051e-01 9.42233801e-01
    9.91064072e-01 2.12616026e-02 3.28709394e-01 1.41596645e-01
    7.09776759e-01 4.06561792e-02 6.74094319e-01 1.85471416e-01
    4.05657679e-01 1.38054699e-01 1.36500508e-01 7.59873152e-01
    5.62465668e-01 9.36236262e-01 8.50352228e-01 8.50763440e-01
    6.32083952e-01 6.93432808e-01 1.74764693e-02 9.51287508e-01
    7.95125008e-01 3.45695913e-01 9.64714885e-01 6.78205013e-01
    6.77520812e-01 7.51943469e-01 3.36073726e-01 2.47101426e-01
    1.43976241e-01 7.31418014e-01 4.81022030e-01 8.92580986e-01
    3.96068752e-01 2.20066309e-01 2.39879102e-01 7.01746941e-02
    4.57248896e-01 4.20311749e-01 1.50589347e-02 8.31013322e-01
    5.19334376e-02 1.41792715e-01 8.76685143e-01 3.12710434e-01
    3.11692894e-01 2.01911807e-01 6.59065306e-01 6.27596080e-01
    2.18086302e-01 8.50397229e-01 2.17241734e-01 8.21251869e-02
    8.77199471e-01 1.84639394e-02 1.92669332e-02 3.76885861e-01
    9.31313634e-02 1.84575766e-01 8.72485340e-01 8.88956368e-01
    5.20001769e-01 8.46454144e-01 7.25631356e-01 3.20969760e-01
    7.45742381e-01 5.79344511e-01 5.48776746e-01 1.91643417e-01
    4.68875140e-01 4.32947665e-01 7.10027695e-01 3.76030475e-01
    7.77780890e-01 4.79716778e-01 8.20753872e-01 6.53807998e-01
    2.41674840e-01 9.05236006e-01 9.33846474e-01 3.74114960e-01
    1.69601679e-01 7.47431219e-01 1.24416649e-02 7.82543957e-01
    6.63017631e-02 8.11839342e-01 8.09552550e-01 5.55652082e-01
    6.63435161e-02 7.04650760e-01 2.44087607e-01 4.55139995e-01
    6.79966986e-01 3.03342611e-01 6.44475698e-01 1.38863772e-01
    1.76200420e-01 6.73393905e-01 6.21440887e-01 3.24079812e-01
    8.51153433e-02 9.10246968e-01 5.68139851e-01 3.35359335e-01
    6.10185862e-01 8.81669760e-01 4.42743391e-01 2.62625575e-01
    9.09636974e-01 4.16604459e-01 8.90447021e-01 3.06722522e-01
    8.37953150e-01 3.23435426e-01 1.44905448e-02 6.38014555e-01
    7.81251311e-01 6.47374988e-01 8.77612770e-01 5.50948024e-01
    1.10784203e-01 4.30252492e-01 3.74735951e-01 9.90204453e-01
    9.34750617e-01 5.92228591e-01 7.70603180e-01 3.61202270e-01
    8.76106977e-01 1.48976713e-01 3.35380137e-02 6.13714397e-01
    3.11782360e-01 7.52507091e-01 3.97207797e-01 7.22953618e-01
    8.38546574e-01 6.39842629e-01 6.58286750e-01 7.13730276e-01
    4.16024804e-01 3.17550063e-01 6.00297451e-02 9.05697346e-01
    3.43274832e-01 1.82526916e-01 5.48938394e-01 9.74393129e-01
    5.11012197e-01 4.52470452e-01 9.97607708e-01 7.96974301e-01
    7.37714529e-01 5.18816233e-01 9.91100669e-01 7.00681150e-01
    1.36622190e-01 1.22775197e-01 6.88335538e-01 6.34789824e-01
    9.38777089e-01 6.59105778e-02 9.60895419e-01 6.08783245e-01
    4.24907863e-01 1.31691396e-01 6.74629450e-01 8.19565475e-01
    9.11970377e-01 8.36507559e-01 5.91689408e-01 1.13356322e-01
    7.63212562e-01 2.48865098e-01 4.60338384e-01 4.88486886e-01
    9.13928092e-01 3.72445881e-01 1.95873916e-01 7.63540030e-01
    3.05838764e-01 6.55081451e-01 4.56390023e-01 3.05442721e-01
    1.16420150e-01 9.09059107e-01 5.03752947e-01 3.07740748e-01
    8.70640159e-01 3.60370696e-01 4.82146382e-01 7.76352584e-02
    8.79633784e-01 2.38557011e-01 5.83346367e-01 8.56695354e-01
    2.13998258e-02 6.49958849e-04 5.90004802e-01 4.59638715e-01
    7.33027577e-01 7.17287540e-01 2.83009052e-01 4.78911012e-01
    8.20017099e-01 7.05211997e-01 1.15128696e-01 8.93494427e-01
    4.97849405e-01 5.93220115e-01 8.91483307e-01 3.11655641e-01
    9.17202115e-01 1.96316063e-01 7.22610593e-01 1.62350684e-01
    6.89627707e-01 5.90073228e-01 6.50130749e-01 8.52570415e-01
    2.82318383e-01 4.85548258e-01 7.45884180e-01 5.49559116e-01
    8.14792514e-02 9.36053514e-01 5.90498745e-01 5.07993400e-01
    8.46131027e-01 7.48289585e-01 9.40405488e-01 7.49659240e-01
    8.99760067e-01 6.50035620e-01 9.77356553e-01 4.87665415e-01
    9.85547066e-01 3.58310401e-01 3.96456301e-01 8.71727347e-01
    5.11374116e-01 1.11092657e-01 5.65880120e-01 3.88539910e-01
    8.69872868e-02 4.66301918e-01 1.87442631e-01 9.32361960e-01
    7.06972122e-01 1.84425920e-01 3.83196473e-01 3.05946797e-01
    5.25834501e-01 7.35646725e-01 1.31085902e-01 3.77413750e-01
    8.72016788e-01 5.02569497e-01 5.91360092e-01 1.09878361e-01
    4.33737576e-01 7.78334856e-01 4.16845351e-01 6.38952971e-01
    9.49201465e-01 5.92034042e-01 9.06838179e-01 6.56163096e-01
    1.73093051e-01 5.14785230e-01 1.67988658e-01 2.87092209e-01
    2.67853498e-01 7.68993735e-01 1.29176766e-01 2.60626853e-01
    6.68903470e-01 3.44220161e-01 8.45200360e-01 8.79878283e-01
    8.36806893e-01 6.83345795e-02 7.33322322e-01 6.85828745e-01
    1.26741588e-01 8.50453794e-01 6.21251404e-01 5.47589958e-02
    8.01882267e-01 7.15861917e-01 3.77128184e-01 5.26416957e-01
    6.13717079e-01 4.48102176e-01 4.75031763e-01 4.08257991e-01
    6.45747542e-01 8.19070280e-01 8.47321749e-02 9.95501280e-01
    5.34442067e-01 2.87091732e-01 6.43705606e-01 4.01388556e-01
    7.60922313e-01 1.26321137e-01 7.62474537e-02 5.44149756e-01
    2.93025255e-01 7.18819201e-01 1.67470485e-01 2.65620470e-01
    2.87022471e-01 6.35103345e-01 7.35378563e-02 1.00798756e-01
    5.38310230e-01 1.46788359e-01 1.06292337e-01 4.02275860e-01
    9.37899172e-01 1.12492621e-01 2.08123118e-01 6.01035357e-03
    1.10348970e-01 7.09325194e-01 9.32298601e-02 3.39708120e-01
    7.15491474e-01 6.40126109e-01 3.28538269e-01 1.41075313e-01
    3.05319428e-01 3.97519201e-01 4.79498148e-01 2.66606688e-01
    7.96485424e-01 2.88706303e-01 5.14197946e-02 7.58313417e-01
    5.73826790e-01 4.85351115e-01 3.18737328e-01 2.01528311e-01
    2.70712703e-01 6.55634403e-01 4.83213753e-01 1.61105692e-02
    4.81283814e-01 8.30024719e-01 1.88323289e-01 7.38625824e-01
    7.43963420e-02 6.37210667e-01 8.17126870e-01 7.67121553e-01
    7.22940147e-01 8.57863426e-02 8.62684906e-01 2.62427002e-01
    3.62354606e-01 8.44938159e-01 1.05173022e-01 9.72513437e-01
    7.90833473e-01 5.96067786e-01 8.76932204e-01 5.30055463e-01
    3.81800503e-01 6.07663989e-01 8.54773700e-01 6.24933362e-01
    3.90805662e-01 3.82781625e-01 2.95975626e-01 3.24351490e-02
    8.06461573e-02 1.13551497e-01 4.12164718e-01 8.60206485e-01
    1.85361832e-01 8.79878879e-01 3.39221239e-01 6.99020624e-02
    1.59881413e-01 7.01741874e-02 9.10970211e-01 3.57707590e-01
    2.00259686e-01 1.62604004e-01 5.35151839e-01 3.52362454e-01
    5.79254508e-01 2.50856459e-01 4.12946939e-03 1.22484446e-01
    5.62469065e-01 5.83046496e-01 7.78729916e-02 3.66185665e-01
    7.75997519e-01 1.94822878e-01 2.54294693e-01 4.16309923e-01
    9.86887336e-01 6.91454768e-01 4.09682095e-02 9.28222775e-01
    9.76426303e-02 1.92951500e-01 5.77649415e-01 9.78077769e-01
    7.43061066e-01 4.33269829e-01 9.46974039e-01 3.98904085e-03
    8.34565520e-01 6.60565495e-03 3.08359146e-01 1.41329199e-01
    2.31649905e-01 3.93235385e-01 9.14003253e-01 2.93954670e-01
    8.88190150e-01 1.78847343e-01 1.01931542e-01 9.17235017e-01
    3.06155145e-01 7.60175228e-01 4.08590078e-01 9.37849820e-01
    6.45458281e-01 1.56626523e-01 6.57903194e-01 5.73411465e-01
    8.05367947e-01 7.58210480e-01 8.75534773e-01 9.20631409e-01
    8.06629181e-01 6.60933256e-01 6.01204097e-01 4.59629685e-01
    2.92300880e-01 5.54270387e-01 4.10075963e-01 7.68242121e-01
    3.04918885e-01 4.04233038e-02 8.28328252e-01 7.59373546e-01
    5.66254199e-01 4.58544791e-02 3.92024517e-01 4.86864805e-01
    1.32457465e-01 4.42266971e-01 5.20455360e-01 5.36338151e-01
    4.78190660e-01 2.73130417e-01 7.94702768e-01 7.17064023e-01
    8.26196969e-01 3.51174533e-01 3.08493376e-01 5.95987022e-01
    8.12953353e-01 8.21091831e-01 7.14079022e-01 7.61459470e-01
    2.13565797e-01 6.74128175e-01 5.68806529e-01 2.04543889e-01
    7.72291183e-01 6.90546036e-02 1.94329113e-01 6.81765437e-01
    6.39394045e-01 6.22286201e-02 6.75114989e-02 9.27689552e-01
    3.52182746e-01 5.24451733e-01 8.68088961e-01 2.04166770e-03
    9.51388359e-01 7.51364887e-01 2.22708046e-01 7.13736176e-01
    5.22863865e-02 5.23702204e-01 3.35829765e-01 9.42038894e-01
    9.88727748e-01 3.78672272e-01 7.89695501e-01 6.59354448e-01
    1.15955740e-01 5.20680726e-01 3.86006296e-01 4.91200626e-01
    7.93020725e-02 4.60781395e-01 3.76760215e-01 2.67846763e-01
    9.06200171e-01 3.38289648e-01 4.24817085e-01 6.16947293e-01
    3.59282374e-01 7.02251375e-01 1.88239068e-01 2.93327034e-01
    5.71667552e-01 9.92110193e-01 7.11124659e-01 1.10598922e-01
    2.39987582e-01 1.49483144e-01 1.33047163e-01 9.45581079e-01
    6.35701478e-01 4.54932570e-01 7.57165134e-01 6.15188062e-01
    8.61248493e-01 8.67519855e-01 2.88606405e-01 3.77977818e-01
    8.42023790e-01 8.40231717e-01 2.55557775e-01 5.53151608e-01
    8.90464067e-01 8.63817811e-01 3.00611496e-01 1.35911167e-01
    3.88957977e-01 6.12198353e-01 2.81705856e-01 6.80790663e-01
    9.97496247e-01 1.11546516e-01 2.45602667e-01 2.18409896e-02
    7.52056360e-01 2.71047145e-01 3.49542081e-01 2.73825526e-01
    9.36237514e-01 6.79976702e-01 2.49276161e-01 9.86604452e-01
    1.51376158e-01 9.69805181e-01 3.21280628e-01 7.91517735e-01
    9.82371747e-01 7.50668585e-01 4.75144386e-03 9.71974313e-01
    9.58459139e-01 3.66546571e-01 2.10430145e-01 7.74306893e-01
    4.28094387e-01 1.97135001e-01 6.46652281e-02 8.77069056e-01
    9.98936534e-01 8.28638077e-01 7.98036575e-01 8.42474937e-01
    1.86526418e-01 2.07123160e-01 3.76017541e-01 4.08414036e-01
    8.40098739e-01 4.00787950e-01 2.02856719e-01 2.37634808e-01
    1.95674837e-01 1.77982539e-01 8.41088593e-01 7.54656553e-01
    3.72550011e-01 8.20616663e-01 6.82382107e-01 6.06973588e-01
    3.18290889e-01 4.26496089e-01 1.37580216e-01 2.79739320e-01
    7.75913596e-01 1.15801513e-01 5.02286136e-01 6.80799127e-01
    6.76133275e-01 4.25340980e-01 3.28307956e-01 3.57912779e-02
    9.16705728e-02 5.19013464e-01 9.30380464e-01 4.26832139e-02
    3.48194003e-01 6.23736084e-02 5.06165624e-01 7.01305568e-02
    7.28723228e-01 7.92544723e-01 2.52324164e-01 2.09966302e-02
    5.59467077e-03 4.16746140e-02 6.94826841e-01 9.44702506e-01
    9.09269452e-02 3.12460899e-01 1.02952778e-01 8.71014833e-01
    5.43364704e-01 7.65863657e-01 7.62671292e-01 6.23177290e-01
    5.80633640e-01 2.33783901e-01 1.49611592e-01 8.65811706e-01
    1.31747127e-01 6.50119781e-03 9.42718863e-01 4.35003251e-01
    9.58596706e-01 1.12634897e-02 8.55832875e-01 4.10801321e-01
    6.21083260e-01 3.19178939e-01 3.53151888e-01 3.50504935e-01
    1.02833897e-01 6.06227696e-01 1.67180866e-01 1.65039152e-01
    7.35742450e-01 9.79214549e-01 5.63386083e-03 5.89443505e-01
    9.50202107e-01 3.40357423e-02 6.22937918e-01 5.48409879e-01
    1.93063647e-01 1.23768836e-01 3.21192890e-01 7.09238887e-01
    4.93152708e-01 8.51735771e-01 5.85309982e-01 2.78101146e-01
    2.79460609e-01 8.17424059e-02 6.07038438e-02 6.60564065e-01
    2.83389688e-02 5.53320587e-01 5.97918868e-01 8.70761275e-01
    8.01328540e-01 2.83293545e-01 9.82562900e-01 2.34109491e-01
    3.56045604e-01 4.79769289e-01 2.18654394e-01 5.70081830e-01
    4.23863828e-01 3.48402560e-01 7.23292530e-02 7.10918546e-01
    2.14681536e-01 5.72762132e-01 2.83002853e-02 6.50755525e-01
    3.41674805e-01 1.66360378e-01 9.56577778e-01 9.19963121e-02
    9.05348957e-02 8.32961500e-01 5.51691711e-01 8.59942675e-01
    7.26582527e-01 5.25254905e-01 3.14393610e-01 9.96696115e-01
    6.03683472e-01 9.56763744e-01 9.21771526e-01 7.12468922e-01
    6.70868516e-01 8.50515127e-01 2.38574386e-01 1.55916214e-01
    7.97221422e-01 6.50897622e-03 3.53395104e-01 3.39470148e-01
    1.63356274e-01 8.12887907e-01 5.31977296e-01 9.07185256e-01
    6.10951185e-01 3.84455949e-01 7.65908241e-01 4.16734844e-01
    3.85598570e-01 9.21844423e-01 9.19576049e-01 2.15586573e-01
    1.96927577e-01 4.67191309e-01 3.85130316e-01 4.54383671e-01
    8.36859584e-01 5.64123213e-01 2.07160383e-01 2.50349879e-01
    6.70651555e-01 8.82725954e-01 6.69705629e-01 4.57377374e-01
    2.27663636e-01 9.47487354e-01 4.22843605e-01 7.93498755e-03
    2.11047232e-01 3.06064546e-01 7.43435740e-01 6.82669699e-01
    1.27764642e-02 5.17506361e-01 5.27035177e-01 8.49991202e-01
    3.43941450e-01 4.62912619e-01 1.45966202e-01 1.48319095e-01
    3.49170119e-01 6.42911971e-01 8.10770810e-01 7.26195276e-02
    1.79170489e-01 5.20353794e-01 5.17099738e-01 2.80785978e-01
    6.62519097e-01 3.82486463e-01 6.62598491e-01 9.32203412e-01
    9.34876561e-01 7.57563770e-01 3.04206282e-01 6.36145711e-01
    9.89195228e-01 7.43628383e-01 9.97372389e-01 4.72339720e-01
    9.53446388e-01 1.52973980e-01 4.22077984e-01 6.00945175e-01
    8.11727881e-01 2.48156577e-01 7.11008608e-01 3.01637352e-01
    1.32673979e-03 9.29618597e-01 5.94766080e-01 9.28048491e-01
    5.81858099e-01 5.06311357e-02 9.79276955e-01 5.23103654e-01
    6.36267781e-01 8.51227641e-02 9.78565872e-01 7.51103401e-01
    7.96767771e-01 3.62431407e-01 7.75235891e-03 2.76865125e-01
    7.70480514e-01 9.46992040e-02 9.90572572e-01 6.29202843e-01
    8.92848849e-01 4.62183893e-01 2.48623133e-01 3.18893492e-01
    9.69525576e-01 5.45537531e-01 9.90258694e-01 2.12926447e-01
    6.27550602e-01 4.98139411e-01 5.52891791e-02 7.96229601e-01
    3.35661829e-01 6.99784636e-01 9.14013624e-01 4.01271909e-01
    9.14367676e-01 4.33059573e-01 5.04878104e-01 3.72298062e-01
    7.71181345e-01 1.88648790e-01 2.77579308e-01 8.69066834e-01
    3.36452752e-01 9.71506238e-01 7.79073834e-02 6.41229987e-01
    7.49915123e-01 4.39456105e-03 3.45660388e-01 5.05574644e-01
    8.86689425e-01 5.80564916e-01 9.11945224e-01 7.19101250e-01
    1.91417515e-01 4.85100746e-01 5.19854605e-01 1.17499173e-01
    9.92201626e-01 7.21514225e-03 3.75418097e-01 5.14150858e-02
    4.02738154e-01 3.39084119e-01 2.94145942e-01 4.11828578e-01
    2.36034393e-04 9.30832505e-01 3.17784965e-01 5.21833241e-01
    7.54538298e-01 8.99261832e-02 6.28026187e-01 2.60483444e-01
    3.56535614e-01 2.81090081e-01 5.47763646e-01 8.74282897e-01
    3.61637115e-01 6.83509052e-01 9.62767065e-01 7.65361309e-01
    9.26752090e-01 1.26625776e-01 3.22746277e-01 6.37884378e-01
    3.12261701e-01 7.69842863e-02 4.97255743e-01 3.52477431e-01
    8.40042830e-01 9.99567270e-01 7.06222713e-01 5.34979999e-01
    3.10285687e-01 1.02809310e-01 2.16862649e-01 5.00078797e-01
    9.81825590e-01 8.72390747e-01 3.16634268e-01 6.02035582e-01
    3.66448998e-01 8.08015585e-01 9.00238514e-01 7.20887661e-01
    6.06087267e-01 5.00734150e-01 5.36943138e-01 4.99394953e-01
    7.94984937e-01 4.61112171e-01 4.55354393e-01 3.43785971e-01
    5.35782993e-01 2.07736164e-01 6.02984130e-01 9.19493079e-01
    4.56923723e-01 1.31521791e-01 2.46134102e-02 5.54458261e-01
    1.43099308e-01 5.66029429e-01 8.84000599e-01 5.07601261e-01
    1.58734620e-02 7.67998695e-02 9.05426800e-01 3.87743831e-01
    8.57229710e-01 7.62324154e-01 2.96392232e-01 6.71333730e-01
    7.93823242e-01 8.22700858e-02 3.93608242e-01 3.59184921e-01
    2.28264660e-01 9.37557817e-02 2.21290261e-01 9.97222424e-01
    6.84221864e-01 6.55276954e-01 9.37320828e-01 3.18813324e-02
    2.31772691e-01 2.63151646e-01 5.82629561e-01 5.17668486e-01
    9.56812322e-01 4.82323408e-01 6.47752523e-01 7.32557058e-01
    5.94520569e-03 7.43743420e-01 4.97523546e-01 7.29084849e-01
    3.33162844e-02 9.66653466e-01 8.08308363e-01 2.93233991e-01
    3.28496516e-01 6.58901572e-01 6.96629584e-01 6.01041138e-01
    8.76713932e-01 4.40095097e-01 5.59510350e-01 3.00668716e-01
    5.73872745e-01 4.28851008e-01 3.73423994e-01 2.89713711e-01
    3.23858112e-01 5.55835426e-01 9.87306535e-01 6.85388327e-01
    3.34746927e-01 5.87531149e-01 7.77835727e-01 5.45954049e-01
    9.80368078e-01 5.69089055e-01 4.48538423e-01 5.91936946e-01
    9.51715589e-01 2.23757952e-01 1.45889819e-02 8.84248495e-01
    7.61914253e-01 2.77652144e-02 7.49951959e-01 3.06241632e-01
    3.24334502e-01 3.97474170e-02 2.22826123e-01 5.30442119e-01
    4.76393372e-01 8.98418307e-01 6.98018372e-02 1.43082142e-01
    4.53376651e-01 6.48012996e-01 2.24049360e-01 8.05853188e-01
    9.01583731e-01 6.40055656e-01 9.61724162e-01 7.09570229e-01
    9.53840613e-02 8.81617367e-01 5.42363942e-01 7.02078462e-01
    3.66597503e-01 5.10641992e-01 7.14754939e-01 8.49824429e-01
    2.46763498e-01 3.30338180e-01 3.24730188e-01 3.34440261e-01
    1.27879262e-01 1.83637649e-01 4.57274377e-01 6.23056293e-01
    3.10621619e-01 9.04458523e-01 4.56177562e-01 5.34071326e-01
    7.83009648e-01 2.92768091e-01 1.42008245e-01 2.99038172e-01
    3.82728010e-01 3.96139503e-01 6.62362933e-01 5.29076576e-01
    8.46214533e-01 1.50487840e-01 5.31254470e-01 7.72735000e-01
    6.00211143e-01 5.96451104e-01 6.43940091e-01 1.70989394e-01
    2.31764376e-01 3.75154316e-02 2.54259408e-01 4.38028246e-01
    3.07591051e-01 5.25077701e-01 1.81169808e-02 8.53825033e-01
    4.76761550e-01 6.97499275e-01 3.80559951e-01 7.93171167e-01
    6.04288638e-01 8.70981216e-01 1.75921023e-02 7.80589461e-01
    5.23072243e-01 4.46248055e-02 1.97129190e-01 4.60475624e-01
    8.81862998e-01 7.60321975e-01 8.98726463e-01 3.10725540e-01
    2.33097047e-01 4.92253959e-01 9.69378948e-01 1.47850335e-01
    8.29444051e-01 2.12214231e-01 1.13078147e-01 6.10204518e-01
    3.19891751e-01 5.67166209e-02 4.83096004e-01 5.33313572e-01
    2.50108272e-01 1.10221565e-01 5.68616986e-01 1.81069672e-01
    4.39035773e-01 4.46802169e-01 7.05546260e-01 2.92918861e-01
    8.06275964e-01 9.90801573e-01 7.15037763e-01 1.99672312e-01
    3.35228026e-01 7.81139553e-01 9.76654172e-01 5.94279826e-01
    6.20005071e-01 1.77859783e-01 9.77030396e-01 2.26929724e-01
    1.77315831e-01 9.51601624e-01 1.54060304e-01 5.69226742e-01
    3.15904409e-01 8.69098485e-01 2.43527114e-01 9.59816158e-01
    8.80419970e-01 9.09339190e-01 7.09402084e-01 6.10205829e-01
    8.59606206e-01 6.60950065e-01 6.89824700e-01 8.00327480e-01
    3.10552180e-01 6.76473618e-01 4.35753226e-01 2.51134276e-01
    4.94807899e-01 1.22865587e-01 7.39917338e-01 8.13167572e-01
    7.33116388e-01 1.74542576e-01 3.05224240e-01 3.98518324e-01
    7.75286555e-01 3.99128050e-01 7.51648545e-02 4.38563734e-01
    8.29583406e-01 8.44769835e-01 7.78073728e-01 4.80697066e-01
    1.77245080e-01 4.69912887e-02 7.64676452e-01 3.59139621e-01
    8.61895680e-01 1.08605266e-01 7.07264125e-01 5.23475349e-01
    4.05442804e-01 9.40100431e-01 4.44851846e-01 9.76228714e-01
    9.86394227e-01 4.94368941e-01 9.86360788e-01 1.83952153e-01
    7.16797113e-01 3.94330561e-01 2.40832776e-01 2.80678213e-01
    7.24839449e-01 8.47145081e-01 7.07459688e-01 5.48354089e-02
    2.54481018e-01 1.39600605e-01 1.75800055e-01 4.52988595e-01
    8.91205907e-01 4.59432542e-01 9.82820749e-01 4.55153227e-01
    9.72291112e-01 9.58035648e-01 2.84315288e-01 4.57723320e-01
    8.91934156e-01 6.09984219e-01 1.87230706e-02 8.60676289e-01
    8.52808475e-01 9.32191193e-01 7.85603106e-01 4.29158419e-01
    3.89376044e-01 8.09777498e-01 7.61209726e-01 8.12610924e-01
    7.92272806e-01 5.44497132e-01 7.85512209e-01 3.60776067e-01
    5.13052940e-01 8.43896568e-02 2.60104239e-01 8.27103555e-02
    3.86175185e-01 2.92439133e-01 5.58493495e-01 6.55371428e-01
    6.02382004e-01 8.04606557e-01 1.53678894e-01 5.77877700e-01
    7.55546451e-01 2.26855218e-01 4.85278517e-01 6.41686559e-01
    7.96987295e-01 6.69275224e-01 9.62529063e-01 3.34802419e-01
    2.84986585e-01 5.00528216e-02 3.95059705e-01 1.52821988e-01
    4.58989918e-01 4.02240098e-01 2.10999846e-02 1.34588569e-01
    4.34607923e-01 8.64147246e-02 5.02862453e-01 7.74335027e-01
    3.71238947e-01 6.79572523e-02 8.48897576e-01 6.01251960e-01
    2.58045852e-01 2.75872529e-01 9.50520873e-01 5.26307642e-01
    1.22135639e-01 9.00871992e-01 8.98843765e-01 8.23105454e-01
    5.85637689e-02 4.89899069e-01 9.66882408e-01 2.75463760e-01
    7.43395030e-01 1.45127386e-01 7.23537087e-01 1.26568526e-01
    1.78648382e-01 4.03755009e-01 7.24318385e-01 3.43315035e-01
    5.90895534e-01 1.79566741e-01 4.02910113e-01 6.52936220e-01
    3.35298836e-01 7.98000634e-01 2.36638397e-01 2.87363797e-01
    5.48456192e-01 8.30747783e-01 2.20515490e-01 3.10259759e-01
    6.36801124e-01 7.21174598e-01 1.95796460e-01 4.58850235e-01
    8.78847063e-01 9.52132702e-01 6.96442604e-01 9.03012156e-01
    8.08053613e-02 5.82506895e-01 5.28897107e-01 6.84465587e-01
    9.28382158e-01 6.06020927e-01 7.49549448e-01 6.08952880e-01
    1.43286765e-01 7.60451496e-01 8.96332860e-01 2.26204008e-01
    2.94615924e-01 3.34414274e-01 5.37255824e-01 5.47644973e-01
    7.48195112e-01 7.45516539e-01 6.35383129e-01 5.59872091e-01
    2.06586003e-01 1.41073257e-01 6.13070428e-01 1.43264055e-01
    4.26952273e-01 1.37978494e-02 1.62534118e-02 7.82738328e-02
    7.47306764e-01 1.35549903e-02 6.67957067e-02 1.79803818e-01
    7.74385095e-01 4.95702147e-01 3.56062025e-01 6.47116065e-01
    9.90457594e-01 6.90332174e-01 3.24061692e-01 9.41911936e-01
    3.06192994e-01 5.26730299e-01 2.94417679e-01 9.10544693e-02
    6.75623834e-01 3.28876019e-01 3.48834336e-01 2.98817754e-01
    5.75396776e-01 7.57102072e-02 4.95091587e-01 5.18103004e-01
    7.95004368e-01 9.85157490e-01 1.85813129e-01 2.55519152e-01
    5.90995908e-01 4.56872344e-01 1.47658885e-02 6.07498944e-01
    3.14487517e-02 1.60491288e-01 4.66333538e-01 6.60615265e-02
    2.30560571e-01 1.03703141e-03 6.49301291e-01 8.22642326e-01
    7.43626475e-01 3.35127711e-01 1.27544403e-02 1.75646424e-01
    3.73350382e-02 3.10406089e-03 5.78507841e-01 1.37151986e-01
    2.36723214e-01 6.53948009e-01 6.60785794e-01 1.51005387e-01
    3.28170657e-02 8.02665234e-01 6.87661886e-01 9.51608241e-01
    7.44101405e-01 8.61751080e-01 7.97603965e-01 6.19044006e-02
    7.05492020e-01 6.61726713e-01 1.06299579e-01 2.89119601e-01
    4.86281812e-01 1.18982047e-01 3.07468772e-02 1.06673002e-01
    4.38503742e-01 1.60546422e-01 1.66864961e-01 8.80107760e-01
    8.80756557e-01 6.05050027e-01 6.22161031e-01 7.01879084e-01
    5.08862078e-01 3.63211632e-01 4.53613192e-01 5.43685794e-01
    7.55480766e-01 1.48657948e-01 3.31529379e-01 6.84184134e-02
    6.20862067e-01 2.45598227e-01 5.24072766e-01 7.16471672e-03
    9.32856619e-01 6.51369214e-01 7.66875029e-01 4.07496423e-01
    6.21953607e-03 8.19739342e-01 6.82241201e-01 9.34204340e-01
    5.68113863e-01 5.53572059e-01 9.51068163e-01 2.18891233e-01
    7.33359694e-01 7.78647661e-01 1.94147289e-01 2.13057399e-02
    5.74812591e-02 7.73553729e-01 8.78472030e-02 7.34343171e-01
    8.29350114e-01 1.89454943e-01 6.43392324e-01 2.90018290e-01
    7.86462545e-01 1.15291268e-01 9.20485616e-01 1.27504110e-01
    8.10803533e-01 6.00130141e-01 5.61509073e-01 6.40840828e-02
    1.41886532e-01 4.97553408e-01 6.50451660e-01 5.05264461e-01
    4.66313571e-01 9.68205690e-01 8.41914654e-01 2.87483811e-01
    8.38080645e-01 5.94684243e-01 5.41214168e-01 3.03730428e-01
    1.26342297e-01 8.34823728e-01 3.57626468e-01 5.30404329e-01
    2.89781004e-01 6.29082918e-01 5.47562659e-01 9.23730254e-01
    3.56326938e-01 4.80553210e-01 7.19442189e-01 2.87478745e-01
    6.15000606e-01 3.53720605e-01 9.18558419e-01 3.66981089e-01
    5.76002359e-01 2.15808153e-02 5.78933418e-01 5.70002913e-01
    9.90105271e-02 1.63566530e-01 7.34350920e-01 2.41500348e-01
    3.93014342e-01 4.69226629e-01 2.65833139e-02 2.53011793e-01
    8.34824026e-01 9.91030037e-01 3.53639901e-01 5.56914210e-02
    4.97088939e-01 1.56552494e-02 8.27087045e-01 1.88920200e-01
    5.87022483e-01 6.34873748e-01 1.01591736e-01 9.13617849e-01
    1.53520346e-01 8.12115550e-01 1.46800399e-01 6.90169334e-01
    8.04919362e-01 4.01799858e-01 1.82212323e-01 2.60151505e-01
    3.14325809e-01 8.45373750e-01 1.31064445e-01 1.35386199e-01
    1.98467076e-02 2.44597703e-01 5.53447425e-01 4.99017149e-01
    2.45112389e-01 7.84162164e-01 9.41108584e-01 3.17307681e-01
    3.20891917e-01 5.55742443e-01 5.04545271e-02 8.91256630e-02
    3.95917565e-01 9.07088339e-01 8.74004602e-01 2.78432131e-01
    5.07786393e-01 1.53886139e-01 8.81406188e-01 4.28886831e-01
    7.27162838e-01 4.23138410e-01 4.80063587e-01 1.36063844e-01
    1.05256677e-01 7.09163070e-01 1.78156883e-01 8.56098115e-01
    9.61166084e-01 8.37370157e-01 2.21395761e-01 7.98079193e-01
    2.89836764e-01 4.63199973e-01 8.27324629e-01 2.10242301e-01
    6.23538792e-01 6.15636051e-01 5.50233364e-01 1.34429991e-01
    3.74398470e-01 6.70502126e-01 4.07446146e-01 6.05069876e-01
    5.55739760e-01 7.62515545e-01 5.48103333e-01 8.03889513e-01
    3.81682515e-01 8.90588999e-01 7.38783717e-01 8.17039609e-01
    1.29018098e-01 6.35036230e-01 6.31266057e-01 7.26425886e-01
    9.55703080e-01 9.69653964e-01 8.34599257e-01 2.88762748e-02
    9.07799184e-01 3.32437992e-01 5.67887902e-01 9.03922379e-01
    3.76515597e-01 8.29614997e-01 6.22892141e-01 7.64938593e-01
    5.84752917e-01 2.93237358e-01 4.35170114e-01 4.07369852e-01
    1.69294715e-01 7.04951704e-01 5.59957445e-01 9.94437695e-01
    3.07633013e-01 3.47583085e-01 1.58420712e-01 1.64744973e-01
    9.15867209e-01 2.74784565e-02 3.99205446e-01 9.88185644e-01
    3.40687633e-01 7.48967469e-01 7.30663538e-03 1.86106563e-03
    9.32855368e-01 2.03591675e-01 9.02230144e-02 7.72151113e-01
    3.28119725e-01 5.56747019e-01 6.17525756e-01 2.80098498e-01
    2.50289023e-01 3.33058119e-01 4.07368928e-01 2.00779557e-01
    5.79014003e-01 1.39624447e-01 7.44471312e-01 9.25427318e-01
    2.02451795e-01 5.51868439e-01 2.16890126e-01 2.08629668e-02
    4.44551945e-01 6.25170231e-01 8.25731635e-01 9.36879754e-01
    8.24233532e-01 1.51248932e-01 2.76737809e-02 7.26773143e-01
    8.61699224e-01 2.05719918e-01 3.66869152e-01 3.53737772e-02
    8.42421055e-02 1.54960394e-01 6.00083530e-01 4.78136420e-01
    7.72163868e-01 5.99564791e-01 3.53661120e-01 3.68539065e-01
    1.71750993e-01 5.84408760e-01 6.83544993e-01 3.29834074e-01
    5.69385648e-01 5.97855926e-01 3.22643697e-01 2.39242703e-01
    9.75946665e-01 2.77068198e-01 2.82655060e-02 5.52739739e-01
    1.12079293e-01 3.54111195e-04 6.28787458e-01 5.85587382e-01
    4.14749026e-01 8.50268185e-01 3.12914431e-01 1.67646676e-01
    2.17582345e-01 3.60632837e-01 5.74579477e-01 7.32091546e-01
    3.79793316e-01 1.62591666e-01 7.28233695e-01 6.33058190e-01
    7.67966032e-01 3.55652869e-02 1.47744447e-01 9.91785288e-01
    8.46963048e-01 6.89906597e-01 1.93937957e-01 1.95864737e-01
    7.62768805e-01 9.22664106e-02 8.33650768e-01 8.26916695e-01
    9.93372679e-01 2.07555175e-01 3.75933707e-01 4.26328868e-01
    8.72191250e-01 5.93902886e-01 4.21301603e-01 6.69673681e-01
    6.24103785e-01 3.19940537e-01 3.41851294e-01 8.82737041e-01
    3.69760633e-01 1.94501221e-01 4.17229712e-01 3.28796774e-01
    8.78515482e-01 2.78459668e-01 5.44932783e-01 1.84706062e-01
    6.96859956e-01 9.25091624e-01 6.14162207e-01 4.66737777e-01
    6.43079042e-01 1.14915818e-01 5.41721344e-01 5.91355801e-01
    1.35918975e-01 7.68654943e-02 7.57371545e-01 2.81944305e-01
    9.09657121e-01 2.52958387e-01 5.64561129e-01 5.80644727e-01
    7.18662500e-01 2.18375355e-01 8.82689536e-01 6.69274807e-01
    2.54506946e-01 8.07654738e-01 8.81401777e-01 6.48573756e-01
    5.93830407e-01 7.22472906e-01 5.48736870e-01 8.04514110e-01
    9.77510870e-01 7.19677329e-01 6.31544232e-01 3.84220004e-01
    9.14164186e-01 1.26123667e-01 6.03420436e-02 6.50608301e-01
    8.93042684e-02 6.23350203e-01 7.41133213e-01 8.90040815e-01
    8.03242087e-01 2.91359603e-01 6.48618162e-01 5.16303301e-01
    4.81645644e-01 8.56594861e-01 1.58645868e-01 9.25536513e-01
    1.86767042e-01 5.65422058e-01 4.69682902e-01 3.35905254e-01
    5.41242898e-01 7.93393612e-01 2.19522655e-01 8.86496961e-01
    8.49308729e-01 7.38789797e-01 2.12409258e-01 2.16897756e-01
    1.72471821e-01 9.10586953e-01 7.51986921e-01 6.42811060e-01
    5.81554532e-01 6.91655993e-01 4.94717956e-02 1.04585409e-01
    9.80643332e-02 8.96563888e-01 3.67300689e-01 5.15330434e-01
    1.65986508e-01 2.05188960e-01 5.43329179e-01 6.17806911e-02
    5.56145728e-01 7.01382518e-01 9.19082224e-01 2.32598335e-01
    5.23517787e-01 6.67853177e-01 7.64688671e-01 5.60001731e-02
    9.44992304e-01 4.47922438e-01 4.47663158e-01 2.47436672e-01
    3.92178953e-01 5.61256230e-01 4.59594697e-01 9.39062595e-01
    1.07508987e-01 3.73975515e-01 9.14105117e-01 3.73603106e-01
    1.75921977e-01 4.58023250e-01 5.23033500e-01 3.96925956e-01
    9.74895239e-01 4.63054568e-01 3.38191509e-01 8.57936859e-01
    1.77791983e-01 4.34641063e-01 6.14974260e-01 9.62847352e-01
    1.30607277e-01 9.66462255e-01 6.22882724e-01 8.68241191e-01
    4.20009851e-01 8.10594678e-01 7.01271296e-01 6.23490572e-01
    9.01844561e-01 1.02342963e-01 1.66526526e-01 9.53619599e-01
    6.65659308e-01 5.85776150e-01 8.91316414e-01 2.84412682e-01
    5.85862935e-01 1.52905583e-01 9.10647988e-01 9.43380833e-01
    3.05375993e-01 9.41329837e-01 8.57895613e-02 1.41633600e-01
    5.33046901e-01 7.98585653e-01 5.81628263e-01 2.50519812e-01
    5.32914639e-01 3.48291218e-01 6.24389410e-01 7.70464242e-02
    6.85178399e-01 7.52090394e-01 8.73441219e-01 6.77810669e-01
    5.31413913e-01 6.83932185e-01 5.54184020e-02 5.72650969e-01
    6.65971279e-01 5.55991232e-02 4.15290385e-01 2.67664611e-01
    2.61451244e-01 1.56942874e-01 8.10940742e-01 5.54076076e-01
    5.45988381e-02 8.47491980e-01 7.47679293e-01 2.32623309e-01
    2.22913951e-01 2.00001299e-01 4.83335048e-01 5.67051470e-02
    7.05088675e-01 6.28018558e-01 2.55765468e-01 6.11394167e-01
    1.60844088e-01 3.58913302e-01 7.86513984e-01 8.32231641e-01
    7.88976431e-01 4.45773214e-01 6.72645092e-01 7.35855401e-02
    6.45135701e-01 6.74134016e-01 4.98195440e-01 2.44809926e-01
    3.10628891e-01 1.37145221e-01 1.45669997e-01 5.71517050e-01
    4.66023952e-01 1.14375353e-02 9.91001487e-01 6.51584625e-01
    1.53467178e-01 9.99219000e-01 1.29200250e-01 6.14942133e-01
    9.68656182e-01 7.49105752e-01 1.81579053e-01 6.44764006e-01
    4.13463742e-01 2.53338009e-01 6.25181437e-01 6.14000916e-01
    6.53550625e-02 9.07772064e-01 6.76601887e-01 8.28488529e-01
    4.88200992e-01 9.97770786e-01 1.52336508e-01 7.24291086e-01
    4.87127423e-01 3.12630296e-01 1.80469036e-01 9.54425931e-01
    3.98289561e-01 2.80000865e-01 6.41118467e-01 6.13092244e-01
    4.02723849e-02 6.75251842e-01 6.65506124e-02 7.61357903e-01
    1.23029441e-01 2.10873395e-01 9.14396286e-01 4.60868478e-01
    4.81175601e-01 9.47813272e-01 6.60810590e-01 6.81232035e-01
    3.98041636e-01 2.82584429e-01 6.54177308e-01 6.94469273e-01
    7.96410441e-01 3.75391245e-02 5.27608395e-01 5.11337757e-01
    1.32709414e-01 2.42936909e-01 2.47369021e-01 8.59187841e-01
    1.88146710e-01 8.57795477e-02 7.22108424e-01 6.16588950e-01
    1.93921298e-01 7.97380269e-01 6.04430914e-01 5.44723630e-01
    1.34829611e-01 7.99944699e-01 3.51778924e-01 5.41815460e-01
    5.42350471e-01 4.72406417e-01 9.47557926e-01 3.07643890e-01
    4.88693625e-01 2.81522632e-01 4.84593391e-01 3.55816960e-01
    8.80402684e-01 2.14694798e-01 2.53177881e-01 4.85288173e-01
    1.12327367e-01 6.78126037e-01 2.63565272e-01 7.55989075e-01
    3.02160680e-02 1.92503214e-01 7.28888273e-01 4.95073169e-01
    2.47890145e-01 7.02596188e-01 7.92695582e-02 2.94438332e-01
    6.64244413e-01 3.61771226e-01 3.46071362e-01 2.70067394e-01
    7.97138333e-01 3.78503919e-01 8.50672603e-01 3.31965089e-02
    8.85773182e-01 6.63735449e-01 5.40869534e-01 9.30087924e-01
    7.62812734e-01 5.87936282e-01 7.43807852e-02 5.92307508e-01
    7.97549188e-01 8.83588076e-01 4.52483267e-01 2.92476445e-01
    1.69260502e-01 4.07721400e-01 4.37609851e-01 3.02497447e-01
    4.94172275e-01 1.97171032e-01 7.84892738e-02 1.35161698e-01
    4.55606967e-01 7.08660007e-01 3.71260941e-01 3.10605824e-01
    4.67595696e-01 1.27660990e-01 9.46768165e-01 2.68770039e-01
    2.53548861e-01 3.88105094e-01 4.74935532e-01 2.28466421e-01
    8.93234015e-01 1.26489192e-01 4.18270737e-01 1.41827255e-01
    2.35149771e-01 5.01419902e-02 2.49621809e-01 8.62955451e-02
    8.43672037e-01 6.70363605e-01 6.18348420e-02 8.08138251e-01
    8.09804499e-01 9.38664019e-01 3.19028407e-01 7.60068119e-01
    2.29347825e-01 8.39480877e-01 8.83168876e-01 7.22688973e-01
    3.95980060e-01 4.30885553e-02 2.42922246e-01 6.44652426e-01
    2.59280562e-01 9.42028761e-01 4.55587626e-01 2.14824080e-02
    5.45902669e-01 9.93803024e-01 6.99465394e-01 7.25229084e-02
    7.33200490e-01 7.66368330e-01 3.25154960e-01 3.73955339e-01
    7.65120983e-01 5.61644912e-01 8.78303647e-02 2.77620673e-01
    3.06987911e-01 3.69014740e-01 3.81521642e-01 1.83079839e-01
    2.49229729e-01 4.69072402e-01 9.36089993e-01 4.99925911e-01
    9.99164879e-01 7.90604115e-01 9.28850770e-01 5.95843613e-01
    8.54665875e-01 4.80768383e-01 9.34818864e-01 3.62307936e-01
    1.66237354e-02 7.23983586e-01 8.68652105e-01 5.69922745e-01
    4.11173970e-01 7.64423907e-01 3.60147655e-02 6.08575881e-01
    2.30153412e-01 5.60889959e-01 7.07831085e-02 8.92735004e-01
    2.94678092e-01 3.20917606e-01 6.43211365e-01 7.91597962e-02
    4.83618379e-01 5.15287220e-02 2.65037566e-01 9.95705962e-01
    7.15825260e-02 2.83705950e-01 5.45192719e-01 2.39980221e-02
    4.08050597e-01 8.16970944e-01 8.39924574e-01 5.93414664e-01
    4.66374606e-01 9.34950292e-01 6.51078999e-01 7.57033765e-01
    8.42454672e-01 6.01022422e-01 2.06926763e-01 4.65356022e-01
    6.01625264e-01 7.26202607e-01 3.43533695e-01 5.38532615e-01
    8.65194082e-01 8.57849598e-01 2.58401930e-01 7.78668761e-01
    9.34827805e-01 9.45349455e-01 6.76548839e-01 4.67560947e-01
    2.80908763e-01 4.69399035e-01 9.03257668e-01 5.96082449e-01
    6.84126198e-01 3.44170809e-01 7.23922431e-01 4.76695627e-01
    1.14114195e-01 6.99770749e-02 2.20666111e-01 6.62617445e-01
    8.15822721e-01 1.95767134e-01 9.71919060e-01 6.41498208e-01
    8.37197900e-01 7.28735924e-01 8.80561113e-01 2.28467435e-01
    4.64909941e-01 3.66585761e-01 3.20112675e-01 9.32343721e-01
    1.32819414e-02 6.63047850e-01 2.66015828e-01 5.88246167e-01
    9.46738183e-01 8.35663021e-01 1.11499429e-02 5.93583882e-01
    6.46150649e-01 1.84437484e-01 7.52588749e-01 2.79207706e-01
    8.93424153e-01 5.51011264e-01 4.42645222e-01 4.57526743e-02
    6.66372299e-01 4.04593289e-01 3.32487851e-01 7.18285680e-01
    8.31784666e-01 3.26181471e-01 7.22404242e-01 7.73055673e-01
    1.09598547e-01 6.21425688e-01 1.25287354e-01 6.32523894e-01
    9.55189824e-01 9.96497750e-01 3.22888851e-01 7.84111738e-01
    8.46224189e-01 6.55207872e-01 9.08281922e-01 8.09902251e-01
    6.53677702e-01 8.44896793e-01 7.93425560e-01 6.48191571e-01
    9.22701716e-01 2.08677649e-02 6.36562407e-01 4.50881630e-01
    9.91660714e-01 6.76823974e-01 1.20543718e-01 9.23213363e-01
    1.03645563e-01 8.31371307e-01 4.32881415e-02 5.28095484e-01
    1.54004395e-01 9.05087352e-01 9.59319592e-01 3.01014066e-01
    3.83226871e-02 9.17141736e-02 5.24705470e-01 4.25583214e-01
    4.16429818e-01 5.96320331e-02 5.24335325e-01 4.96423244e-01
    4.57436204e-01 3.87168229e-01 3.01647305e-01 5.83080649e-01
    7.92107999e-01 6.04005694e-01 4.57557440e-01 5.12334585e-01
    9.50336099e-01 8.52445722e-01 3.42248976e-01 2.44387090e-02
    1.20832205e-01 2.74661332e-01 1.79050744e-01 3.38465810e-01
    8.78223181e-01 6.07787073e-01 4.86333132e-01 1.02193952e-02
    1.30625635e-01 8.81053030e-01 7.16897547e-02 3.11699092e-01
    9.58697438e-01 8.91179919e-01 7.47792542e-01 9.95633483e-01
    8.66824687e-02 2.58123755e-01 3.66293609e-01 7.56392002e-01
    6.33905530e-01 3.82073641e-01 9.94733095e-01 9.61852551e-01
    3.58854532e-02 6.49998903e-01 5.82697034e-01 1.26153231e-03
    4.11178887e-01 3.07950139e-01 4.36754584e-01 8.07948351e-01
    3.99471611e-01 5.14509916e-01 6.37604058e-01 7.98747122e-01
    4.45540309e-01 6.49571478e-01 1.32856727e-01 3.93224001e-01
    4.97373939e-01 9.01382923e-01 3.73102248e-01 5.37050903e-01
    2.88337052e-01 6.45481825e-01 1.48379892e-01 5.75137436e-02
    5.10379016e-01 3.17702442e-01 5.49302459e-01 7.81439900e-01
    8.93949628e-01 5.56015670e-01 3.85060966e-01 4.21189427e-01
    4.42323446e-01 4.68050361e-01 6.54296696e-01 2.82643557e-01
    4.67568696e-01 6.34003580e-01 1.40956551e-01 3.69770467e-01
    1.79925054e-01 8.19152951e-01 1.78896189e-01 2.81033278e-01
    7.09463120e-01 6.58909380e-02 9.10427094e-01 1.45483911e-01
    9.05668974e-01 4.41039205e-01 6.15294933e-01 3.89936745e-01
    9.38984513e-01 1.62647307e-01 1.37181759e-01 6.93165600e-01
    7.40484476e-01 7.23130226e-01 4.27927196e-01 8.60511661e-01
    5.47736585e-01 6.60109818e-01 3.23482603e-01 7.61465788e-01
    4.71261352e-01 2.60208547e-02 4.29897249e-01 7.79588580e-01
    7.13669360e-01 9.05336976e-01 3.78114969e-01 2.38335043e-01
    4.11132872e-01 9.60180163e-01 5.57483494e-01 1.20596558e-01
    4.31088388e-01 8.27247262e-01 7.28627145e-01 6.89688504e-01
    7.87782967e-01 6.93002462e-01 7.67439663e-01 9.71341133e-03
    1.81165934e-01 7.79077709e-01 4.04390633e-01 4.93379056e-01
    3.51453483e-01 3.53036642e-01 6.38267875e-01 4.33322757e-01
    5.36867499e-01 2.54273504e-01 7.23095357e-01 2.01722354e-01
    4.49565947e-02 6.32128954e-01 4.56761986e-01 7.95087337e-01
    6.53020322e-01 3.88367176e-01 8.54559064e-01 3.01601768e-01
    7.67672956e-02 1.41604871e-01 1.18806392e-01 6.72229528e-01
    6.33721530e-01 1.28297359e-01 5.46251833e-02 1.48547143e-01
    1.73236609e-01 5.58795631e-01 1.65495276e-01 9.75070655e-01
    6.05601311e-01 1.41722679e-01 9.91890788e-01 4.98929232e-01
    2.71256626e-01 8.29212725e-01 6.17936492e-01 8.77644300e-01
    5.02088904e-01 6.41831875e-01 5.64376652e-01 5.60474038e-01
    1.22906566e-01 2.45324343e-01 4.76738334e-01 9.08221543e-01
    9.32134271e-01 7.17640519e-02 1.51569873e-01 1.31251633e-01
    7.93443739e-01 4.49396431e-01 1.45554572e-01 7.80971766e-01
    5.79577386e-02 1.68478042e-01 3.20148706e-01 8.10445786e-01
    1.46458685e-01 1.38328522e-01 2.00668573e-01 3.39575142e-01
    3.51763725e-01 2.58948714e-01 6.00549459e-01 1.70233071e-01
    8.76698017e-01 7.30778217e-01 7.34294534e-01 6.50089145e-01
    6.78297579e-01 2.60699093e-02 4.08883154e-01 5.46844244e-01
    4.78287756e-01 2.65743375e-01 1.22923881e-01 4.94417518e-01
    2.48578459e-01 3.15986931e-01 7.02350140e-01 6.41666710e-01
    4.02282059e-01 8.12297583e-01 2.41152674e-01 4.91660893e-01
    4.59859073e-01 1.83967799e-01 1.41977310e-01 9.27481890e-01
    1.62963867e-02 6.98781252e-01 8.17998827e-01 4.62501109e-01
    4.13526535e-01 5.95983505e-01 3.31720829e-01 9.93717074e-01
    3.87514055e-01 8.50328684e-01 2.88361311e-02 7.06197798e-01
    5.92452288e-03 1.94938928e-01 1.39501065e-01 8.28411460e-01
    7.87200212e-01 6.27705514e-01 5.62432408e-03 6.62067354e-01
    8.24453831e-01 1.20890677e-01 7.07991362e-01 8.07846665e-01
    1.58241779e-01 1.79830909e-01 7.03014731e-01 9.11998093e-01
    9.47972655e-01 8.68766785e-01 7.26845264e-01 9.49625671e-02
    5.66842556e-01 8.76917362e-01 3.01652730e-01 8.32980871e-01
    7.44841278e-01 9.36721683e-01 5.24720788e-01 6.06932700e-01
    1.86598182e-01 6.71133995e-01 5.06867111e-01 8.76052380e-01
    5.76265454e-01 4.09934700e-01 5.10891616e-01 1.79952145e-01
    4.01609212e-01 2.47625232e-01 6.74777269e-01 5.95956981e-01
    4.31800812e-01 6.36492193e-01 9.28457975e-01 6.07872605e-01
    2.12234527e-01 2.35986799e-01 9.30793405e-01 8.73272896e-01
    3.97355437e-01 9.46251750e-01 5.20461559e-01 1.95753276e-02
    1.39150023e-03 4.09517884e-02 3.47384095e-01 6.95262730e-01
    2.52156079e-01 8.93303394e-01 7.54650593e-01 5.30241430e-02
    7.79706597e-01 1.81415141e-01 8.21346760e-01 5.05789042e-01
    4.39947188e-01 3.44135463e-01 8.37086201e-01 3.07540357e-01
    4.16211367e-01 9.55484092e-01 5.74511588e-01 4.71240610e-01
    2.54908711e-01 6.27842605e-01 3.12649369e-01 1.56835824e-01
    1.62737072e-01 5.12056649e-01 4.75495011e-01 7.04658806e-01
    9.51307416e-02 1.33125037e-01 7.51488566e-01 2.70762235e-01
    4.34527546e-01 9.59106445e-01 3.79062355e-01 9.37791467e-01
    7.92278528e-01 3.45783114e-01 1.17171735e-01 1.82228655e-01
    1.61014169e-01 2.79375315e-02 5.44393957e-02 5.39759934e-01
    4.71618921e-01 2.23503709e-01 3.29482198e-01 3.57743025e-01
    2.60156572e-01 3.18983495e-01 8.04978728e-01 9.27610338e-01
    3.68385702e-01 4.59712565e-01 1.47923142e-01 4.19948816e-01
    5.63268900e-01 1.52772158e-01 8.66615891e-01 3.67441416e-01
    1.71795011e-01 7.13492692e-01 9.57916141e-01 6.77580893e-01
    6.08322263e-01 2.64880776e-01 4.82652038e-01 6.62230849e-01
    1.61290944e-01 2.47064292e-01 3.22916120e-01 4.26157922e-01
    3.55289847e-01 4.03099298e-01 8.12348962e-01 4.92390126e-01
    2.45868057e-01 1.55759186e-01 6.09474242e-01 3.72124106e-01
    5.10061383e-01 7.69855976e-01 7.34969199e-01 8.14455867e-01
    2.80360013e-01 9.88405704e-01 7.15419114e-01 6.76082611e-01
    4.45594102e-01 8.72972369e-01 2.01117665e-01 6.92822874e-01
    2.85240531e-01 7.12533891e-01 2.18243003e-01 2.21333146e-01
    7.85188317e-01 2.89467096e-01 7.44801521e-01 5.28364062e-01
    6.36439025e-01 4.28341061e-01 4.14536744e-01 4.59020436e-01
    3.60957980e-02 1.11065656e-01 5.77886999e-01 8.86356533e-01
    8.39520574e-01 3.92902732e-01 6.50432467e-01 7.65164375e-01
    1.42723531e-01 1.99087501e-01 9.20262694e-01 1.47753656e-02
    8.50673079e-01 7.84457088e-01 5.24286330e-01 6.68016315e-01
    4.60894138e-01 7.45346308e-01 1.39104754e-01 7.65521526e-01
    8.40927720e-01 5.88364601e-01 7.13488460e-02 3.65409732e-01
    3.56037438e-01 4.86065447e-02 1.49093866e-01 8.98657560e-01
    3.64867240e-01 4.01332319e-01 2.37300187e-01 3.32524359e-01
    1.21248543e-01 3.37036073e-01 7.66781688e-01 3.21686745e-01
    2.56067306e-01 9.42957401e-01 8.93578649e-01 9.86065269e-01
    7.27660418e-01 9.99984205e-01 2.56864160e-01 4.68781054e-01
    8.64401639e-01 5.76018095e-01 4.77972835e-01 1.95661932e-01
    3.18039119e-01 9.30947781e-01 3.43890309e-01 3.38618994e-01
    5.67202032e-01 5.99775076e-01 9.77771878e-01 2.38194913e-01
    9.33252811e-01 3.42219740e-01 7.74361849e-01 7.86438406e-01
    3.02952766e-01 1.05077088e-01 1.40063018e-01 9.79862988e-01
    3.15718055e-02 4.00539458e-01 3.96640420e-01 8.26987088e-01
    7.16512680e-01 8.42673898e-01 7.93209434e-01 2.26108432e-01
    4.31929469e-01 9.44474936e-01 1.76734298e-01 1.62778080e-01
    4.91228580e-01 3.84574950e-01 9.02277708e-01 9.10452247e-01
    9.90260720e-01 1.29708648e-02 4.69560355e-01 3.01082075e-01
    9.89812732e-01 3.14556360e-02 3.73199135e-01 9.35081065e-01
    5.34143567e-01 9.81903911e-01 6.88986838e-01 5.01608968e-01
    1.36708468e-01 5.20284593e-01 7.60956407e-01 2.36386478e-01
    3.84990513e-01 6.85767531e-01 7.98814654e-01 9.33816552e-01
    7.34300137e-01 6.94547534e-01 1.88067943e-01 3.21150213e-01
    6.98414624e-01 3.63344312e-01 5.03252327e-01 3.24801981e-01
    1.67594582e-01 3.96406919e-01 8.19953203e-01 1.00498557e-01
    8.96214187e-01 8.49682331e-01 2.82566607e-01 4.20314014e-01
    8.30028296e-01 5.55528283e-01 1.10173255e-01 5.76642692e-01
    7.31467903e-01 1.18999183e-01 3.04189682e-01 6.66594923e-01
    5.47261953e-01 4.32329804e-01 3.84838820e-01 5.68388581e-01
    5.66578329e-01 5.20159304e-01 7.13505387e-01 1.25101537e-01
    8.58782232e-02 8.64692032e-02 2.20582485e-02 6.93216622e-01
    7.00497270e-01 9.57491159e-01 2.71185249e-01 4.31159139e-01
    6.07157588e-01 4.60821152e-01 8.58110785e-01 2.05682606e-01
    7.26742029e-01 2.07769573e-02 6.44997895e-01 6.77053809e-01
    5.24856031e-01 7.15886831e-01 7.27830231e-01 6.47725165e-01
    5.64883411e-01 9.47209179e-01 6.30380630e-01 7.03955531e-01
    9.66309786e-01 7.39456713e-01 4.97108996e-02 3.87977570e-01
    3.75031263e-01 5.55264950e-01 7.22602844e-01 6.23944104e-01
    8.54530096e-01 4.59563434e-02 9.19306219e-01 6.70520544e-01
    8.40799093e-01 6.76859736e-01 8.73680234e-01 7.36356616e-01
    1.11101985e-01 7.16591358e-01 5.91343284e-01 3.08450460e-01
    6.45491183e-01 1.66334212e-01 2.80068517e-01 8.37625861e-02
    4.10292298e-01 6.29478157e-01 2.59742200e-01 6.25773489e-01
    2.60701180e-01 6.72720969e-02 1.89510405e-01 6.04976773e-01
    6.75627112e-01 8.12241077e-01 2.02674776e-01 9.73882794e-01
    4.23776478e-01 6.33302867e-01 5.27053416e-01 1.81639075e-01
    1.02751166e-01 3.12540650e-01 6.52793825e-01 8.10918033e-01
    9.69296515e-01 1.73281461e-01 4.66783583e-01 9.52872157e-01
    6.56101704e-01 7.61994362e-01 2.23540485e-01 6.25590742e-01
    6.94373548e-02 2.28390306e-01 6.42252207e-01 5.63273072e-01
    9.50353742e-02 8.57022166e-01 4.99016494e-01 3.60929668e-01
    9.80788052e-01 5.90300202e-01 6.28484845e-01 9.95413065e-02
    8.70623827e-01 1.12196505e-02 2.92342305e-01 5.38001657e-01
    2.42030591e-01 3.19681406e-01 5.97602844e-01 8.71613860e-01
    3.60761285e-01 9.78536069e-01 8.82133245e-01 5.39549351e-01
    9.09193695e-01 1.88446760e-01 6.28632605e-02 8.21064949e-01
    7.72441506e-01 9.83510613e-02 7.25121200e-02 1.83044583e-01
    9.17202950e-01 4.80842799e-01 1.00647509e-01 1.19536042e-01
    7.19656408e-01 3.72729391e-01 4.69965190e-01 3.83544147e-01
    6.48623705e-01 3.01182985e-01 8.71465325e-01 9.79173064e-01
    4.12517399e-01 8.38097155e-01 2.45280623e-01 7.64675617e-01
    6.06823266e-02 4.83181477e-01 3.61086130e-01 7.15821385e-01
    9.72647667e-01 1.17182940e-01 7.03904986e-01 3.50899220e-01
    4.70279753e-01 7.64473200e-01 8.96259665e-01 7.16963649e-01
    4.54246104e-02 7.20305681e-01 7.98208535e-01 9.24333096e-01
    6.91642284e-01 1.27228588e-01 5.79356611e-01 9.97482777e-01
    6.29834890e-01 4.73663867e-01 2.35702693e-02 9.68167484e-02
    3.18250865e-01 6.03819966e-01 2.23387897e-01 3.91513407e-01
    2.95691013e-01 9.70119238e-01 9.11430836e-01 3.58852625e-01
    7.26396143e-01 4.09873962e-01 1.25690103e-02 1.89338297e-01
    3.20045322e-01 9.06954288e-01 1.81126922e-01 1.43207610e-02
    5.90945721e-01 8.90342772e-01 4.77935314e-01 9.37305331e-01
    9.93419409e-01 6.80492401e-01 7.94205427e-01 2.73257494e-03
    9.92707491e-01 9.23592031e-01 4.68272507e-01 4.89790261e-01
    4.83117312e-01 8.66392076e-01 3.22807670e-01 9.94019508e-01
    3.01842153e-01 1.81517303e-02 1.12843990e-01 6.45343602e-01
    9.06087160e-01 3.71144950e-01 2.48480439e-02 7.26036549e-01
    1.38483912e-01 7.23751783e-01 7.77227879e-01 5.67646980e-01
    9.46817398e-02 1.54777914e-01 1.72591120e-01 2.18372852e-01
    4.98836428e-01 8.79767299e-01 5.54672360e-01 3.42451572e-01
    8.30155253e-01 4.59985137e-01 3.79747480e-01 2.46908456e-01
    8.69413018e-01 9.12497342e-01 7.81434476e-02 9.52267051e-01
    9.93968725e-01 5.33524334e-01 3.24049294e-02 6.22533739e-01
    2.07113475e-01 1.98953003e-01 8.36133957e-01 3.12690794e-01
    3.53422672e-01 1.59502029e-03 9.02694643e-01 2.65934467e-01
    8.70807528e-01 9.56633329e-01 3.87518406e-01 6.17653131e-01
    7.93565392e-01 7.37046182e-01 4.54135656e-01 3.48763943e-01
    1.18614674e-01 2.68709153e-01 5.82566798e-01 4.02687669e-01
    9.50380147e-01 7.24185765e-01 6.80459857e-01 4.61276710e-01
    6.46494746e-01 4.82945740e-01 4.99435604e-01 3.65611672e-01
    4.13855702e-01 8.99118066e-01 1.02772444e-01 3.12416971e-01
    1.72666311e-01 2.09427655e-01 1.49990410e-01 2.53961027e-01
    3.38128805e-01 2.40046978e-02 1.79940045e-01 9.36867952e-01
    6.90361679e-01 3.47353667e-01 7.69921780e-01 9.34407055e-01
    1.82923943e-01 6.60443544e-01 4.65344012e-01 6.32864535e-01
    4.06560183e-01 8.63523602e-01 9.83687997e-01 2.55666971e-01
    8.18701267e-01 6.36043966e-01 2.82010198e-01 9.66703296e-02
    1.77854687e-01 9.33254242e-01 3.47357124e-01 7.91173935e-01
    9.73627687e-01 1.89308226e-01 8.81721020e-01 9.74214196e-01
    5.85510075e-01 9.39852715e-01 7.54255712e-01 9.61532295e-01
    3.58638108e-01 3.40543568e-01 6.77948952e-01 7.28716969e-01
    8.37009311e-01 3.33306253e-01 3.60116035e-01 9.91492569e-02
    5.95040739e-01 3.28006715e-01 8.04853082e-01 1.93064243e-01
    1.21041000e-01 5.25163889e-01 7.85152316e-01 3.67079079e-02
    7.52279520e-01 6.80515051e-01 1.34779721e-01 4.74287748e-01
    7.40162849e-01 4.34483171e-01 3.44272316e-01 3.63072723e-01
    3.71765196e-01 4.40284610e-01 1.48813844e-01 8.50650251e-01
    4.45795774e-01 8.14992309e-01 7.15180695e-01 6.64096832e-01
    5.78744948e-01 6.56495988e-01 7.60289848e-01 5.85836649e-01
    2.38217205e-01 4.89886671e-01 7.91344285e-01 7.99788475e-01
    1.57961845e-02 9.93734896e-02 5.08768201e-01 6.83337808e-01
    7.67993271e-01 1.19996339e-01 6.46222591e-01 2.49939263e-01
    2.87243754e-01 7.62485564e-01 3.79046589e-01 6.20340466e-01
    7.26813674e-01 9.27590787e-01 3.50036144e-01 1.54634267e-01
    5.11883080e-01 1.43155158e-01 5.62215328e-01 4.30958241e-01
    7.91745782e-01 1.23168468e-01 5.05043805e-01 2.27225691e-01
    7.78122663e-01 7.72522628e-01 2.58379877e-01 6.87744141e-01
    3.58249694e-01 5.57284415e-01 9.92552638e-01 5.19430459e-01
    6.53312624e-01 6.47689342e-01 5.56899607e-01 3.72839987e-01
    7.74102509e-01 9.11550522e-01 2.39748359e-01 8.91102910e-01
    4.18879747e-01 2.72220612e-01 8.41410398e-01 6.94868088e-01
    3.40744376e-01 6.09087110e-01 8.69388342e-01 9.65896070e-01
    2.46198148e-01 8.20945859e-01 5.38997889e-01 7.07220018e-01
    4.41282183e-01 5.97166419e-02 3.56127441e-01 3.36180806e-01
    3.22867870e-01 4.39081311e-01 7.55168259e-01 9.66459215e-02
    8.47438574e-01 6.95480227e-01 6.38594031e-01 5.05685747e-01
    6.45175695e-01 2.07134187e-01 2.02401608e-01 5.22691846e-01
    7.25965261e-01 2.09160000e-01 8.83106589e-02 4.39455271e-01
    9.09755588e-01 7.21648693e-01 5.21384478e-01 4.14242089e-01
    3.00112993e-01 8.55815291e-01 8.62757325e-01 3.02077472e-01
    9.48742747e-01 8.53629231e-01 8.46145391e-01 6.97693288e-01
    1.78783059e-01 8.45632553e-01 3.72266710e-01 7.09990501e-01
    6.62277758e-01 6.44887686e-02 2.64008671e-01 7.30216444e-01
    1.29574507e-01 7.61504650e-01 8.79087687e-01 8.26870322e-01
    3.38200897e-01 5.72578788e-01 1.18187755e-01 9.54610527e-01
    5.99108458e-01 8.05728436e-01 8.18114758e-01 5.79156578e-01
    4.65589434e-01 8.92519951e-03 2.58223951e-01 9.08515453e-01
    8.44025493e-01 4.05693054e-03 9.10208404e-01 7.15085626e-01
    4.63115007e-01 4.61181074e-01 7.60555029e-01 5.61712682e-02
    1.74896091e-01 9.83189344e-01 8.81815970e-01 9.36503112e-01
    4.45202887e-01 6.07585549e-01 3.24952006e-02 2.39167184e-01
    4.92564440e-01 5.06603777e-01 8.15768361e-01 9.52864528e-01
    7.62002707e-01 8.45572412e-01 4.41531688e-01 7.28833318e-01
    7.77892292e-01 5.36955416e-01 4.69283730e-01 2.51259655e-01
    9.38276649e-02 2.50857890e-01 3.83737862e-01 4.88073677e-01
    7.42846251e-01 6.85329556e-01 8.36058319e-01 8.71082544e-02
    3.55317146e-01 4.46440905e-01 1.04645938e-01 5.92744529e-01
    6.92472339e-01 6.50947988e-01 4.98162657e-01 7.97617435e-03
    5.29195368e-01 6.87674165e-01 8.16177487e-01 3.23542386e-01
    6.85215235e-01 4.03999329e-01 8.46809030e-01 6.35120392e-01
    2.45689094e-01 7.09001422e-02 9.45445597e-02 8.41194928e-01
    3.41775000e-01 8.48193765e-01 7.28052974e-01 6.85446918e-01
    6.01492882e-01 2.21646100e-01 6.32001877e-01 7.67934918e-01
    5.92972338e-02 7.04039574e-01 3.55829418e-01 9.34825420e-01
    4.75027442e-01 8.08418512e-01 7.53198981e-01 6.80904031e-01
    1.26811683e-01 4.24798191e-01 8.29583049e-01 3.16176414e-01
    3.38710845e-01 2.18040109e-01 3.98049653e-02 1.50727004e-01
    8.39565039e-01 5.75887263e-01 1.70963675e-01 3.54512274e-01
    7.20883369e-01 6.76327944e-02 4.11553890e-01 2.07235426e-01
    2.31397271e-01 2.56041825e-01 4.29573864e-01 4.40871000e-01
    8.97595406e-01 8.05825770e-01 4.94569242e-02 6.51173949e-01
    2.42886156e-01 9.46790576e-01 9.94780660e-01 8.21011424e-01
    3.24206889e-01 5.39162815e-01 4.63049710e-02 5.22493303e-01
    7.41887808e-01 4.51472104e-02 5.11425912e-01 5.71779013e-01
    1.02424324e-01 4.63173747e-01 5.17037868e-01 3.33181560e-01
    6.98854923e-01 8.91813040e-01 8.92887115e-01 8.27304602e-01
    8.87894034e-01 1.13388538e-01 2.42321581e-01 1.71616912e-01
    7.16904521e-01 1.73509389e-01 2.13503599e-01 8.79614592e-01
    3.97913754e-01 9.67295051e-01 1.40126079e-01 1.44750446e-01
    2.84730792e-01 8.80149305e-02 4.44657087e-01 9.20358300e-03
    2.52292991e-01 7.35700607e-01 7.92901456e-01 2.63657600e-01
    8.92573893e-01 1.47593975e-01 8.06005478e-01 9.10370588e-01
    7.41337121e-01 1.29791498e-02 8.26294065e-01 1.10420883e-01
    1.19028986e-01 9.27056193e-01 8.52349997e-02 5.00699759e-01
    2.50639647e-01 6.88848257e-01 3.19583476e-01 1.86315238e-01
    4.65286165e-01 7.52678931e-01 2.37763077e-01 5.43115616e-01
    9.27445889e-01 8.52555394e-01 5.18177688e-01 7.22440839e-01
    4.76550728e-01 4.58885550e-01 1.29586905e-01 4.86083776e-01
    5.38374901e-01 1.41511351e-01 6.50952041e-01 7.70073414e-01
    4.63613629e-01 5.21405220e-01 8.74971688e-01 1.73205554e-01
    9.89825130e-01 9.26763296e-01 5.32635868e-01 1.68276846e-01
    7.17343807e-01 4.15886551e-01 1.21130645e-01 3.82037818e-01
    3.22840512e-01 1.96931511e-01 2.15285152e-01 8.11426938e-01
    8.07626247e-02 8.39803219e-01 3.96403074e-01 9.25244331e-01
    8.66420567e-01 8.34174514e-01 7.97272503e-01 6.15414381e-01
    3.30078661e-01 1.85567707e-01 6.53923512e-01 3.93299937e-01
    7.21929908e-01 6.13139510e-01 6.50403738e-01 4.20490682e-01
    1.80030018e-01 2.93691069e-01 2.05382079e-01 3.29880297e-01
    3.25057209e-02 9.54394341e-02 8.27446342e-01 4.95913625e-01
    3.64178360e-01 5.27699828e-01 8.64747405e-01 1.85085237e-02
    2.45321602e-01 3.51070285e-01 7.15073347e-01 4.29093599e-01
    4.76543993e-01 1.13602877e-02 3.45425665e-01 4.72919792e-01
    5.28248429e-01 4.72730339e-01 5.11453152e-01 1.70830369e-01
    7.05887139e-01 2.92756617e-01 2.81466246e-01 9.97054994e-01
    3.44695896e-01 2.94435024e-02 2.80199409e-01 8.44940424e-01
    1.35673463e-01 7.42078841e-01 9.52152610e-02 2.96559334e-02
    8.05201054e-01 2.15571702e-01 8.21381211e-01 8.90165806e-01
    1.96183175e-01 5.39989769e-01 4.94951010e-01 8.41264069e-01
    3.15210283e-01 8.92862320e-01 6.26554966e-01 8.29683661e-01
    7.76508987e-01 9.77770329e-01 6.40072703e-01 3.92375082e-01
    5.34729302e-01 6.38016641e-01 1.51464641e-02 8.62665653e-01
    8.53460848e-01 5.20907879e-01 5.71621954e-01 4.32942271e-01
    9.17556763e-01 7.76181519e-02 5.71008503e-01 3.80219698e-01
    9.75299180e-01 4.66377735e-01 3.03863227e-01 7.47919500e-01
    3.42159092e-01 1.41112566e-01 2.53328383e-01 9.96628106e-02
    9.77674365e-01 9.47940946e-02 6.51811063e-01 1.48981094e-01
    8.05023313e-01 6.40831351e-01 5.03281116e-01 7.34178424e-01
    8.79688501e-01 6.61101818e-01 3.82752180e-01 3.92647117e-01
    6.88045323e-01 2.44672149e-01 3.53869200e-02 1.69632137e-01
    8.82529497e-01 2.24629134e-01 8.80450010e-01 8.70190918e-01
    2.90476382e-01 6.39914155e-01 5.51594019e-01 7.25067139e-01
    3.53836060e-01 3.01664889e-01 5.64607918e-01 6.93611145e-01
    1.81782335e-01 4.11748379e-01 1.33137256e-01 8.80105257e-01
    1.50488526e-01 7.16407418e-01 4.63385075e-01 6.03494704e-01
    4.24753368e-01 6.39322162e-01 4.08715218e-01 6.35664463e-01
    6.26550257e-01 8.13834667e-02 9.56115067e-01 1.82011992e-01
    7.50138819e-01 4.24841166e-01 5.63538373e-01 2.74736971e-01
    2.73962319e-01 8.73497009e-01 9.42089856e-02 8.45789790e-01
    2.33899146e-01 1.52275831e-01 2.54806817e-01 6.73785925e-01
    6.51774704e-01 6.10176682e-01 3.60834181e-01 9.07279611e-01
    1.60722047e-01 7.64850855e-01 5.08651018e-01 2.64086246e-01
    2.06144303e-01 4.00934160e-01 8.39279652e-01 1.53977871e-02
    4.79185641e-01 6.43989444e-01 2.26936668e-01 5.48257053e-01
    4.67399985e-01 5.29573679e-01 3.21851224e-01 1.11585677e-01
    9.62049484e-01 3.21513355e-01 2.53423631e-01 3.43016267e-01
    3.17863673e-01 7.94380069e-01 7.67571330e-01 5.51248074e-01
    1.76265270e-01 7.72324681e-01 3.14751029e-01 9.09796655e-02
    3.43449533e-01 7.59243488e-01 6.09459877e-02 9.71129000e-01
    5.70170224e-01 7.17781067e-01 7.17494607e-01 2.68851280e-01
    6.37250602e-01 8.68734241e-01 7.74304509e-01 1.95886463e-01
    9.23779309e-02 8.83934140e-01 9.68755960e-01 2.92024851e-01
    7.50770688e-01 6.91925406e-01 6.32944286e-01 4.35238183e-02
    9.72037315e-01 8.02683711e-01 1.42664194e-01 1.99636579e-01
    8.87436271e-01 5.60134530e-01 8.09670389e-02 3.03778082e-01
    1.55678481e-01 9.85882998e-01 7.14988232e-01 7.69622087e-01
    6.33295417e-01 9.70367193e-01 8.79123211e-01 4.22942281e-01
    3.40271592e-02 8.81824613e-01 5.86361408e-01 6.66541278e-01
    7.36160338e-01 8.20295215e-01 2.47156918e-01 4.06302750e-01
    1.46216482e-01 7.55725861e-01 4.28317785e-01 3.24996650e-01
    1.96707875e-01 2.63440728e-01 5.85462093e-01 9.29941356e-01
    5.20148337e-01 8.38993847e-01 6.22926772e-01 9.66297388e-01
    7.02803373e-01 6.04201198e-01 9.73495126e-01 6.62320971e-01
    1.98343307e-01 1.94582582e-01 8.38105917e-01 3.68638605e-01
    7.17859805e-01 3.97582352e-01 1.25491083e-01 1.22909784e-01
    3.15981090e-01 7.06873238e-01 6.27039552e-01 1.14803910e-02
    5.06218970e-01 6.91127956e-01 2.93276221e-01 8.85245562e-01
    4.20942307e-01 8.41696024e-01 3.62083942e-01 2.44493455e-01
    9.15083289e-01 1.81673497e-01 7.65542984e-02 8.58271420e-02
    9.63067293e-01 6.12252295e-01 9.18252587e-01 9.46626246e-01
    4.55041796e-01 5.23565233e-01 2.18040198e-01 2.27743238e-01
    1.49567991e-01 3.43244940e-01 6.99363828e-01 4.66244638e-01
    9.81644869e-01 8.94019008e-01 6.29227817e-01 9.68323469e-01
    8.77639174e-01 3.05575788e-01 2.12819070e-01 8.43357503e-01
    4.82473642e-01 4.44353878e-01 8.56872559e-01 6.52119517e-01
    3.03579330e-01 8.29848528e-01 2.13512272e-01 4.20133710e-01
    9.69354153e-01 5.62779844e-01 1.14404082e-01 9.55580413e-01
    1.38924092e-01 2.31591463e-02 1.29607081e-01 1.20095760e-01
    5.78677952e-01 7.34145343e-01 7.48032451e-01 9.68818486e-01
    5.01500547e-01 2.86509871e-01 6.42828107e-01 6.12083018e-01
    4.43229198e-01 6.51237488e-01 8.45508635e-01 6.23605847e-02
    6.74755514e-01 7.67944872e-01 9.63589489e-01 3.00563276e-01
    5.25231898e-01 8.99795830e-01 6.64277077e-01 1.15500331e-01
    3.07369649e-01 9.97141838e-01 2.20431119e-01 5.93109012e-01
    5.14107347e-01 3.79637092e-01 7.35662162e-01 1.51288301e-01
    5.89021444e-02 2.79171944e-01 9.92878795e-01 9.93368745e-01
    9.02093410e-01 8.48360360e-01 6.27440453e-01 2.97422945e-01
    6.74039006e-01 5.20659387e-02 2.04100102e-01 8.81840825e-01
    9.16802466e-01 7.98862994e-01 8.48358512e-01 1.82021618e-01
    8.74774158e-01 8.56614649e-01 6.53201938e-01 9.27974641e-01
    2.79262543e-01 9.80531096e-01 8.73449624e-01 8.39913130e-01
    2.59443462e-01 9.54208791e-01 6.06069446e-01 2.05908805e-01
    2.62975246e-01 2.86126822e-01 7.54919648e-01 9.18135643e-01
    2.18121469e-01 4.00765210e-01 3.79346699e-01 2.94357210e-01
    2.07137793e-01 2.08372176e-01 9.57402885e-01 4.22115415e-01
    9.37498093e-01 5.38997352e-01 3.20588529e-01 2.15839475e-01
    8.09606373e-01 3.25394213e-01 7.56460071e-01 7.22509503e-01
    5.26582658e-01 1.09416336e-01 4.24420059e-01 4.92669463e-01
    9.66197133e-01 4.09101129e-01 1.02612615e-01 6.71874940e-01
    3.41525823e-01 8.74268174e-01 7.58284450e-01 4.95327979e-01
    4.84798610e-01 6.44422710e-01 8.29280734e-01 6.75426006e-01
    4.89465475e-01 7.24795878e-01 5.67190409e-01 1.77149355e-01
    7.82121181e-01 2.93768227e-01 1.23766363e-02 6.28892362e-01
    4.12269056e-01 5.19221663e-01 1.25417113e-01 2.30002701e-02
    1.55754626e-01 6.02321744e-01 8.10469806e-01 5.08028269e-02
    3.96787882e-01 3.94302815e-01 9.63651836e-02 6.71786785e-01
    8.89467239e-01 9.72840667e-01 3.62893641e-01 7.80968428e-01
    4.97024596e-01 2.77326107e-01 5.54855287e-01 9.60055232e-01
    5.66766202e-01 9.87424970e-01 6.90394998e-01 5.63289940e-01
    8.18245828e-01 2.55346447e-01 8.60403538e-01 1.36617124e-02
    2.66313553e-02 1.94553435e-02 9.40969348e-01 2.00840145e-01
    5.46644747e-01 3.32747042e-01 2.64070660e-01 6.50929868e-01
    6.61413968e-01 1.72960192e-01 2.14063436e-01 9.01735187e-01
    8.39401007e-01 1.36880517e-01 7.37218261e-02 1.82166606e-01
    8.47970605e-01 5.10852039e-02 1.57516658e-01 1.16922021e-01
    2.03747958e-01 5.18551826e-01 8.56747508e-01 5.51679492e-01
    9.12010729e-01 1.73009694e-01 8.79680634e-01 3.38883817e-01
    6.78152978e-01 8.84562492e-01 7.60733962e-01 1.66509300e-01
    3.42374146e-02 6.35716200e-01 6.13886714e-02 1.78155333e-01
    9.10006523e-01 3.07792664e-01 4.15045023e-01 8.82316470e-01
    1.29452676e-01 2.00127631e-01 7.37855792e-01 8.21707845e-01
    1.80999815e-01 4.30876374e-01 4.28837508e-01 6.38761282e-01
    3.94721091e-01 3.53770763e-01 7.30082273e-01 7.96606064e-01
    9.85453367e-01 3.32708120e-01 7.31002927e-01 4.33234811e-01
    5.58211803e-01 6.72734559e-01 7.43485868e-01 9.71852362e-01
    1.06012493e-01 6.17676675e-02 1.79797590e-01 9.86974359e-01
    2.04946309e-01 1.86888307e-01 9.83018339e-01 5.16132712e-01
    5.59525013e-01 1.97048336e-01 9.63183284e-01 4.67185497e-01
    8.35951328e-01 8.68704915e-02 2.62655675e-01 4.87256765e-01
    1.96030378e-01 6.26598597e-01 9.76162136e-01 8.61102939e-01
    6.52408838e-01 4.23781872e-01 9.73411441e-01 5.53843081e-01
    4.44800109e-01 8.62922251e-01 1.18634343e-01 9.93747115e-01
    9.45504069e-01 7.47753143e-01 8.98908675e-01 3.15095991e-01
    3.78218174e-01 2.43221045e-01 1.21144742e-01 4.43850756e-02
    1.81125969e-01 2.78094292e-01 7.98345804e-02 3.87846887e-01
    2.56473631e-01 8.39319944e-01 9.54776764e-01 1.43202007e-01
    9.12696123e-01 7.85920024e-02 1.21268153e-01 4.01413441e-01
    9.30871308e-01 5.05973697e-01 6.26340151e-01 1.81736320e-01
    9.22267735e-01 1.83409870e-01 4.56053019e-03 7.06419945e-02
    6.65306330e-01 6.86808825e-01 1.53359681e-01 2.29102671e-02
    2.70404965e-01 4.31763649e-01 7.87688494e-01 3.50406975e-01
    3.12904477e-01 6.03481829e-02 6.38540149e-01 9.05487418e-01
    1.69347078e-01 9.51209962e-01 2.58570522e-01 6.77669048e-02
    9.82898831e-01 5.54978192e-01 5.41483462e-01 5.20504832e-01
    8.67777169e-02 1.67959183e-01 4.33393657e-01 2.42846996e-01
    7.54978895e-01 9.34269369e-01 6.85486436e-01 9.91836309e-01
    7.45570004e-01 2.79467911e-01 1.69491291e-01 8.92495215e-02
    6.71075702e-01 1.66632444e-01 6.21621192e-01 4.15731519e-01
    9.78842676e-01 8.26028645e-01 1.26338989e-01 5.39999783e-01
    1.15704596e-01 3.94628495e-01 4.03550446e-01 8.19735587e-01
    7.36965120e-01 9.48738933e-01 1.81024492e-01 7.88635850e-01
    2.37097323e-01 5.61305583e-01 2.06993669e-01 3.62748623e-01
    9.49209332e-01 6.79472685e-02 9.95431304e-01 8.84490311e-01
    1.54885411e-01 6.16505384e-01 4.41815078e-01 7.44514644e-01
    9.54732060e-01 1.01941556e-01 6.00368798e-01 1.64602429e-01
    9.54225183e-01 8.74672174e-01 2.85779476e-01 3.10356885e-01
    1.11147702e-01 3.85370851e-03 5.35482347e-01 2.00243205e-01
    6.61578238e-01 6.78962946e-01 3.25329155e-01 7.02730894e-01
    9.24619436e-01 6.68686450e-01 3.37292224e-01 4.62051630e-02
    6.81269467e-01 4.17762458e-01 2.28458256e-01 4.62337881e-01
    3.83298427e-01 9.51655626e-01 5.97730935e-01 1.08137131e-02
    5.64013004e-01 9.46797729e-02 5.26715994e-01 7.85248995e-01
    6.49461150e-01 2.33662784e-01 9.01366830e-01 4.10775274e-01
    6.88596070e-02 8.64011884e-01 9.86658335e-02 6.40001118e-01
    3.52699459e-01 7.32259214e-01 5.28659642e-01 9.79824960e-01
    6.16793334e-01 3.01569164e-01 6.50551140e-01 1.11658335e-01
    2.33048171e-01 4.14556772e-01 4.64242369e-01 3.40468138e-01
    2.25626647e-01 6.63190365e-01 7.98232198e-01 6.22360826e-01
    1.34270698e-01 9.32049215e-01 8.38217735e-01 8.36290717e-01
    2.19163597e-01 5.99376798e-01 1.45224780e-01 4.99315262e-02
    8.06715429e-01 1.00318849e-01 5.65048158e-01 6.14141703e-01
    5.17530024e-01 1.33476734e-01 8.50703478e-01 9.04883623e-01
    2.26958841e-01 2.12458104e-01 6.34839714e-01 6.28479660e-01
    3.27219188e-01 8.70803595e-01 5.48996210e-01 9.14167166e-01
    1.48679525e-01 9.67661858e-01 5.73227525e-01 1.75846130e-01
    5.42664587e-01 9.94355679e-01 7.37844348e-01 8.72705460e-01
    1.05826914e-01 7.71760345e-02 2.19418108e-02 4.42145377e-01
    6.63216770e-01 7.26809084e-01 7.81787276e-01 5.64069033e-01
    1.38735861e-01 4.66093957e-01 4.95311171e-01 2.55056977e-01
    9.94500160e-01 4.36062157e-01 2.88410306e-01 4.29427743e-01
    5.89815855e-01 8.77508640e-01 5.63191235e-01 9.94148493e-01
    2.63915956e-01 2.66210437e-02 7.29299963e-01 7.26083755e-01
    4.96102363e-01 4.90043014e-01 9.02922511e-01 1.60148740e-03
    4.83725339e-01 7.26722181e-01 5.07506669e-01 9.19663608e-02
    6.56190813e-01 1.27534240e-01 2.04015255e-01 5.49252152e-01
    4.19391036e-01 1.65851712e-02 9.37324166e-02 7.42894709e-01
    9.96772528e-01 1.78233355e-01 3.86206955e-01 9.64172244e-01
    2.78947115e-01 9.92979527e-01 4.98636961e-02 3.60430479e-02
    3.42309743e-01 7.87820995e-01 7.52738655e-01 9.23251867e-01
    1.54696524e-01 9.63672578e-01 9.26438570e-01 6.99019432e-03
    9.71635342e-01 4.40850347e-01 7.81538427e-01 6.57167375e-01
    6.15887523e-01 9.84597802e-01 2.75368959e-01 1.89141065e-01
    1.29590601e-01 6.66196346e-01 1.02741420e-02 6.40022993e-01
    8.30504417e-01 8.81319344e-01 4.11420912e-01 5.90937436e-01
    1.29536808e-01 6.53576612e-01 5.82226276e-01 4.52994406e-01
    5.79558253e-01 7.20725179e-01 7.13649690e-01 1.48147643e-02
    6.51645899e-01 5.03820658e-01 9.71967280e-01 3.77110928e-01
    5.19091606e-01 2.12967306e-01 3.26479524e-01 4.20370162e-01
    3.88366818e-01 7.18697429e-01 4.97166455e-01 2.14600205e-01
    6.58585072e-01 8.96663904e-01 4.20927644e-01 3.66573870e-01
    2.13382244e-01 7.90371835e-01 1.58794522e-01 4.47334468e-01
    7.91072965e-01 5.69202662e-01 2.10157335e-02 5.17519295e-01
    1.41500115e-01 6.83311045e-01 8.11254680e-01 2.28808314e-01
    4.20888841e-01 8.90835524e-01 7.47808218e-01 4.77463454e-01
    5.12573481e-01 7.94970632e-01 3.83813918e-01 4.43502873e-01
    9.76308107e-01 2.18192339e-01 2.53157139e-01 5.32127619e-01
    4.30453002e-01 6.98146820e-01 3.14002693e-01 8.82452548e-01
    2.26098716e-01 5.82819700e-01 9.13676620e-03 9.56532061e-02
    6.28016710e-01 5.34789562e-01 4.99306768e-01 7.34562159e-01
    7.70700276e-02 4.80187863e-01 8.74465227e-01 6.59133673e-01
    1.88491374e-01 2.73824096e-01 6.84795082e-01 4.11003590e-01
    4.92033750e-01 6.37895584e-01 9.68929887e-01 2.88176239e-01
    2.66342402e-01 8.21385622e-01 3.28742534e-01 1.31610006e-01
    3.85278791e-01 6.99620187e-01 2.14370519e-01 7.39453614e-01
    5.97166002e-01 5.52262247e-01 1.90548509e-01 5.18791735e-01
    9.65404928e-01 3.36465955e-01 3.18937302e-02 3.62258047e-01
    7.13320374e-01 4.12177444e-01 4.86501902e-01 9.11991596e-01
    2.32264102e-01 6.76114321e-01 8.26714873e-01 3.24385464e-01
    2.17758209e-01 6.47118688e-01 7.51628399e-01 5.25971055e-01
    7.98209786e-01 9.33584273e-01 5.14332533e-01 6.74835801e-01
    3.08163613e-01 5.75667620e-03 4.01291788e-01 8.23186755e-01
    6.73314214e-01 2.19694674e-02 3.02611470e-01 6.98853314e-01
    9.92466569e-01 7.78023362e-01 4.31346655e-01 6.39243901e-01
    7.06135869e-01 9.08989370e-01 8.33377540e-01 2.10334063e-02
    7.04709768e-01 8.13590765e-01 3.00558448e-01 6.90505981e-01
    8.48157883e-01 1.59447759e-01 9.18017745e-01 3.35640013e-01
    1.66855603e-01 5.70931315e-01 8.15652311e-01 2.31870681e-01
    3.88580143e-01 6.23231769e-01 1.04850978e-01 5.83827436e-01
    8.44560087e-01 1.88269049e-01 7.65980363e-01 2.53792852e-01
    7.71261156e-02 6.94807172e-02 7.08684266e-01 1.23077929e-02
    6.84114099e-01 6.39404476e-01 1.20158851e-01 3.74873519e-01
    3.42792153e-01 1.50003433e-02 2.70646691e-01 8.90864968e-01
    5.54907799e-01 2.07793593e-01 3.08042347e-01 7.10957944e-02
    7.35278606e-01 3.60715747e-01 7.97934294e-01 7.67806649e-01
    7.69997358e-01 3.91398251e-01 4.24673676e-01 2.01440722e-01
    8.22106838e-01 9.81896520e-02 4.83290374e-01 7.41448045e-01
    5.58921099e-02 4.29310799e-02 7.71095276e-01 7.56318748e-01
    6.57376170e-01 8.64118814e-01 6.89637363e-01 6.55139506e-01
    2.70351827e-01 9.17046666e-02 7.72859097e-01 5.97331166e-01
    5.94074130e-02 5.98439991e-01 8.66242290e-01 2.32973039e-01
    1.60693318e-01 7.05472708e-01 7.92731047e-02 7.26227522e-01
    9.67139542e-01 4.28193688e-01 8.34104002e-01 1.53481245e-01
    9.44761753e-01 8.08445871e-01 1.33936524e-01 2.18084186e-01
    4.30964619e-01 7.39787698e-01 7.21881270e-01 8.45111907e-02
    3.30470353e-01 2.01121032e-01 4.34812903e-03 1.11581266e-01
    8.15918446e-01 7.36281276e-01 2.95059562e-01 8.42988670e-01
    5.66393256e-01 7.62379885e-01 2.84079820e-01 7.10897446e-01
    8.24420333e-01 8.00267994e-01 5.43295205e-01 3.53930026e-01
    1.72466606e-01 4.68883365e-01 9.16947663e-01 2.30997920e-01
    7.79676974e-01 5.38596988e-01 7.31775999e-01 1.02254033e-01
    5.73662937e-01 3.23609412e-02 7.17680097e-01 3.92436832e-01
    6.74981177e-02 5.67731321e-01 7.06276298e-03 4.16615635e-01
    1.97538406e-01 9.95359063e-01 8.24761033e-01 9.30524349e-01
    3.00505757e-03 6.27709866e-01 5.92216671e-01 6.51710570e-01
    1.39752418e-01 3.31980407e-01 9.92060781e-01 9.41633821e-01
    9.30015564e-01 2.52176940e-01 5.10808051e-01 8.88816118e-01
    1.01885468e-01 8.52661133e-02 9.21362638e-01 2.38732666e-01
    5.26958525e-01 1.58337355e-01 4.58155185e-01 1.27335578e-01
    4.11513776e-01 9.91049409e-01 2.60677397e-01 3.52556288e-01
    3.14465791e-01 7.25176036e-02 6.85743451e-01 4.68740523e-01
    6.04752719e-01 3.79026860e-01 6.60886526e-01 6.75964355e-02
    7.08020866e-01 7.63587654e-02 6.93540752e-01 2.87521541e-01
    1.25315577e-01 8.20892215e-01 1.22396678e-01 2.87304223e-02
    1.75730079e-01 6.86192751e-01 1.00568146e-01 9.65765655e-01
    5.59297264e-01 3.50789189e-01 5.54779351e-01 1.27656996e-01
    6.24143541e-01 9.76465106e-01 9.89831984e-02 2.74440885e-01
    1.78916484e-01 8.49660277e-01 6.37371182e-01 9.72072065e-01
    7.65864849e-01 6.45970821e-01 2.64939666e-02 8.10985327e-01
    3.32596481e-01 2.51290679e-01 4.14369822e-01 2.93582976e-01
    1.60092592e-01 4.59292531e-01 1.04023963e-01 2.77461410e-02
    1.83894485e-01 3.82156789e-01 9.69280958e-01 8.91681433e-01
    7.47522175e-01 1.62153423e-01 8.10239613e-01 1.93223596e-01
    7.36083627e-01 6.33153856e-01 9.39954400e-01 4.30515528e-01
    7.39048958e-01 8.76548052e-01 1.83803558e-01 4.23313111e-01
    2.27737039e-01 9.30818915e-01 2.35210419e-01 8.44810009e-01
    3.02098095e-01 3.31447780e-01 9.79384780e-02 8.74043286e-01
    9.46478426e-01 8.99616718e-01 6.57785892e-01 9.77045655e-01
    4.76876944e-01 4.21797484e-01 8.06532025e-01 4.29028809e-01
    2.36228406e-02 1.78222358e-02 4.76473302e-01 7.10791111e-01
    6.51796281e-01 6.41116858e-01 8.65671158e-01 5.08253098e-01
    4.99174118e-01 6.33026361e-01 6.30958200e-01 5.09712458e-01
    2.06933558e-01 9.36220169e-01 3.22474182e-01 1.98475510e-01
    8.39527071e-01 3.22453290e-01 4.39633220e-01 9.65754449e-01
    7.01086521e-01 8.62774491e-01 6.77583218e-01 6.89466417e-01
    3.13594848e-01 2.13094980e-01 5.57608843e-01 8.09890270e-01
    4.85128045e-01 8.24832857e-01 3.17207605e-01 9.64591682e-01
    1.53274417e-01 3.28114629e-02 8.01208258e-01 8.34848046e-01
    3.70663822e-01 6.22257948e-01 7.12865233e-01 5.25483906e-01
    4.19010580e-01 9.25381839e-01 5.37704825e-02 8.14040482e-01
    1.79240525e-01 4.79321301e-01 9.26478803e-01 8.22740376e-01
    5.06279826e-01 3.70668262e-01 7.50209570e-01 5.78116119e-01
    2.08119154e-01 7.80491471e-01 1.94362462e-01 8.45403194e-01
    9.68861520e-01 6.09638333e-01 9.37538624e-01 5.20852447e-01
    8.66395473e-01 7.71036267e-01 9.42740738e-01 6.53064549e-01
    7.20695257e-02 1.29615724e-01 6.15335345e-01 3.90073687e-01
    3.26908767e-01 6.30432189e-01 1.21971071e-02 8.06477427e-01
    1.65785521e-01 4.41774309e-01 6.12536252e-01 5.51234066e-01
    9.00659323e-01 8.01866531e-01 1.76888108e-02 6.65272772e-01
    4.72118616e-01 9.28134322e-01 9.19888496e-01 8.04192901e-01
    8.15234900e-01 1.45376265e-01 4.85373080e-01 2.65487015e-01
    6.02790773e-01 8.37168932e-01 5.05265415e-01 6.09055936e-01
    7.75127947e-01 7.87040591e-01 2.21398026e-01 9.13996696e-01
    5.59667468e-01 9.96675134e-01 3.24527323e-01 4.99358684e-01
    9.21379805e-01 1.88103139e-01 9.35546160e-01 4.72762406e-01
    6.64314449e-01 7.21792877e-02 4.38180834e-01 3.34852397e-01
    3.12233865e-02 5.50310194e-01 3.09228539e-01 9.60056722e-01
    5.81270933e-01 4.08337414e-01 3.78891170e-01 8.30000043e-01
    3.54851484e-02 2.72740126e-01 8.66388440e-01 9.81276393e-01
    2.55033731e-01 4.15287495e-01 9.99980509e-01 7.53856838e-01
    2.89668024e-01 3.90759796e-01 7.07344413e-01 8.94344449e-01
    7.13647366e-01 8.32749784e-01 6.93377614e-01 5.67141235e-01
    8.99529099e-01 9.73518133e-01 3.42525661e-01 2.52220303e-01
    2.86369294e-01 9.40927207e-01 1.00132197e-01 4.43378776e-01
    1.87009662e-01 9.50113535e-02 1.01695806e-01 7.70276189e-01
    9.21695292e-01 1.48372740e-01 3.39553833e-01 1.45001829e-01
    9.03478086e-01 5.90895236e-01 2.13532150e-01 2.50533164e-01
    8.21174681e-01 8.54400873e-01 8.83221626e-01 5.39237559e-02
    9.45572913e-01 2.46088773e-01 9.61600542e-01 6.75706267e-01
    7.32526720e-01 8.19092274e-01 3.80362809e-01 7.94553459e-02
    8.27208221e-01 2.26894617e-02 6.40299737e-01 1.88275874e-02
    3.66874158e-01 9.24835563e-01 3.48052382e-02 9.96755958e-01
    2.91341364e-01 7.66992092e-01 2.97298372e-01 4.03830290e-01
    8.96890461e-01 8.64118576e-01 4.15335476e-01 6.13609254e-02
    5.21972001e-01 6.89981937e-01 3.31315666e-01 3.83119941e-01
    2.51066625e-01 3.82516921e-01 2.15038449e-01 7.31146097e-01
    1.89391881e-01 4.31361884e-01 9.70116615e-01 4.18248534e-01
    3.63663852e-01 2.48785585e-01 9.48893189e-01 9.36579049e-01
    5.66635072e-01 3.56201053e-01 8.28521967e-01 5.40134192e-01
    8.12043667e-01 4.84154701e-01 4.69442010e-01 1.09389722e-01
    5.09896696e-01 8.66413295e-01 9.80000854e-01 1.45388454e-01
    2.81700730e-01 1.76352292e-01 6.79744184e-01 2.42703676e-01
    8.71326149e-01 8.26769948e-01 1.85352564e-03 3.75192046e-01
    3.38828027e-01 4.32696909e-01 9.08550620e-02 3.55785042e-01
    5.88780642e-02 1.13962412e-01 7.13471115e-01 3.92639637e-01
    8.50720704e-02 4.26836908e-01 3.22944105e-01 6.43333495e-02
    7.57907987e-01 2.88524538e-01 7.00403929e-01 6.65598989e-01
    7.59995878e-01 4.08306479e-01 7.12783515e-01 9.41783488e-01
    8.18556905e-01 8.08124006e-01 5.20777047e-01 2.17789710e-01
    1.81312323e-01 7.65539050e-01 2.88047880e-01 4.28524941e-01
    4.53491807e-01 5.60119152e-02 9.65152264e-01 9.59809422e-01
    8.44429135e-01 8.95861864e-01 2.52010405e-01 4.56765831e-01
    3.96332353e-01 8.90977323e-01 2.92353004e-01 5.91943443e-01
    3.03340882e-01 4.39139307e-01 4.43217337e-01 9.67212558e-01
    6.21919215e-01 5.46002388e-01 1.81890935e-01 8.61103415e-01
    1.34907454e-01 6.90809011e-01 4.20322865e-01 1.76942170e-01
    3.58515084e-01 4.61829424e-01 1.93453908e-01 3.54457438e-01
    9.15173054e-01 2.38612920e-01 2.35996783e-01 7.65318990e-01
    1.84449553e-03 1.99129432e-01 5.47780991e-01 7.57001042e-01
    9.23614800e-01 7.93850303e-01 3.14271241e-01 2.86887825e-01
    4.05022204e-02 4.57453847e-01 2.63735205e-01 4.94040787e-01
    9.13412333e-01 4.84658897e-01 2.98408568e-01 7.19990015e-01
    7.87528396e-01 4.75456685e-01 5.49815714e-01 6.38824880e-01
    3.69740725e-02 3.81208003e-01 3.60109925e-01 6.15345299e-01
    1.10356420e-01 9.18385625e-01 4.15038109e-01 5.70742786e-02
    4.50091720e-01 2.56886542e-01 6.39552772e-02 9.54521537e-01
    7.49836981e-01 2.70122051e-01 5.14308095e-01 1.80986017e-01
    3.27711225e-01 7.79250503e-01 5.02705514e-01 2.91669995e-01
    3.04466426e-01 6.45591378e-01 3.57471824e-01 6.30986333e-01
    6.60475850e-01 8.85742962e-01 6.77739024e-01 1.32149786e-01
    4.89857823e-01 7.25886285e-01 4.63465810e-01 6.28884017e-01
    5.47728419e-01 7.86161304e-01 9.93970573e-01 4.07589138e-01
    8.61823201e-01 5.25529802e-01 1.54041260e-01 7.78893530e-02
    4.64828908e-01 8.41373205e-02 7.05839038e-01 2.66343027e-01
    4.02293473e-01 8.96977067e-01 3.92385244e-01 1.22967482e-01
    5.90178728e-01 2.89778113e-02 9.51032758e-01 9.32989836e-01
    5.41130185e-01 1.23126537e-01 8.92230630e-01 9.60130930e-01
    7.49247313e-01 8.56961608e-02 7.74685621e-01 5.29862761e-01
    2.89934278e-01 4.05646861e-02 5.56068420e-01 2.64622688e-01
    5.47410727e-01 8.51878643e-01 6.88112140e-01 5.57991803e-01
    2.22610742e-01 5.55377543e-01 6.96926773e-01 7.85800517e-01
    6.61007047e-01 6.30761743e-01 1.32724136e-01 1.82724714e-01
    1.98404491e-02 4.44063008e-01 8.85370374e-01 8.74272227e-01
    8.50252509e-01 5.97036481e-02 9.86809909e-01 4.33583498e-01
    4.46738303e-01 8.47115397e-01 7.00537562e-01 3.03986311e-01
    3.40476871e-01 4.94429439e-01 5.87528110e-01 7.55732119e-01
    9.15352225e-01 8.71705532e-01 4.28767741e-01 7.87714839e-01
    3.65017653e-02 7.47435331e-01 6.03385866e-01 9.06644344e-01
    7.83589244e-01 8.19659233e-01 4.39969897e-02 3.70777726e-01
    3.30606461e-01 7.64195502e-01 8.33496630e-01 8.99510264e-01
    1.73006296e-01 6.33612275e-01 1.49018198e-01 8.28615308e-01
    4.78271753e-01 3.62547457e-01 7.55487621e-01 5.66703737e-01
    2.78382599e-02 3.04034770e-01 4.16281044e-01 2.50876129e-01
    6.16963506e-01 2.43521631e-02 3.78288627e-01 2.64954746e-01
    6.58478618e-01 5.41995049e-01 2.10643172e-01 2.19705611e-01
    6.17382586e-01 1.14618719e-01 9.35505092e-01 9.86717463e-01
    1.29100829e-01 7.50485301e-01 4.26652014e-01 7.15237141e-01
    1.30175352e-02 8.05008650e-01 6.54722095e-01 7.38429844e-01
    6.90996647e-02 5.01593769e-01 3.15976441e-02 6.05949283e-01
    9.58596170e-01 5.85862398e-01 9.63748395e-02 3.33611310e-01
    1.89626098e-01 3.73641461e-01 5.95198393e-01 8.42432737e-01
    5.35829961e-02 2.25293010e-01 6.57121480e-01 4.23334152e-01
    5.45516491e-01 4.84020472e-01 5.13086081e-01 2.33653098e-01
    8.06527495e-01 9.68294740e-02 5.17199159e-01 5.68674207e-02
    2.96021700e-01 2.96726167e-01 9.69729781e-01 1.20815635e-01
    9.03571665e-01 5.74609637e-03 7.85189748e-01 3.89660478e-01
    6.96978569e-01 6.14791930e-01 4.63209659e-01 8.64106596e-01
    2.89426446e-01 4.36596423e-01 1.93499178e-01 8.44680667e-02
    2.50601351e-01 4.11677837e-01 9.88292396e-02 5.25855064e-01
    2.04783887e-01 5.91573298e-01 9.88599181e-01 4.44204509e-02
    3.70203018e-01 1.67531341e-01 5.49867213e-01 7.25157022e-01
    1.38801664e-01 3.09961498e-01 4.51462746e-01 3.33463252e-02
    5.50907016e-01 7.28556037e-01 6.06104136e-02 2.27571487e-01
    8.26691389e-01 1.80319488e-01 5.75453162e-01 9.21217620e-01
    2.58906513e-01 1.20987803e-01 4.49498177e-01 1.24856919e-01
    8.39445889e-01 1.36234820e-01 1.03613287e-01 6.26741946e-01
    6.21420979e-01 1.22536510e-01 6.86267495e-01 1.86894298e-01
    7.26403594e-01 4.09941375e-02 8.83588672e-01 5.59617698e-01
    9.40489113e-01 5.89735746e-01 4.06983197e-01 3.78309309e-01
    5.56257546e-01 6.67991877e-01 4.57050085e-01 4.15820837e-01
    4.00387287e-01 9.34599161e-01 7.03971922e-01 8.68824601e-01
    1.76515639e-01 2.64739931e-01 6.71894372e-01 2.21301585e-01
    1.78169996e-01 9.46283579e-01 4.24374342e-02 6.06132090e-01
    9.79194760e-01 9.79931116e-01 1.62600070e-01 4.33141768e-01
    4.65386838e-01 8.02474558e-01 6.84399068e-01 6.88175082e-01
    8.95375490e-01 6.11010134e-01 1.61463469e-01 1.93465024e-01
    9.69636261e-01 5.89055240e-01 7.41328537e-01 7.13836074e-01
    9.94031191e-01 4.82811987e-01 7.57329464e-01 5.31377316e-01
    8.83675456e-01 3.25060785e-02 8.75831604e-01 1.68503642e-01
    1.56760097e-01 6.52158678e-01 2.39897609e-01 1.56541049e-01
    5.31545460e-01 2.80550480e-01 1.79329962e-01 2.49640614e-01
    9.35926199e-01 2.14417279e-02 9.62075949e-01 1.99580491e-02
    3.32070887e-01 7.71183372e-01 6.63064003e-01 2.84944177e-01
    1.44079030e-02 5.40001333e-01 8.01630318e-02 7.66160727e-01
    3.12743306e-01 9.10068274e-01 8.33247423e-01 1.36377156e-01
    9.23352003e-01 5.91905475e-01 7.64905453e-01 3.50860953e-02
    3.75240564e-01 5.58103204e-01 7.20507026e-01 9.79486108e-01
    6.53790951e-01 6.70760393e-01 9.45708275e-01 3.63764465e-01
    3.84344488e-01 5.34535170e-01 7.58898854e-01 7.81875253e-02
    6.64930105e-01 6.58161938e-01 9.81381595e-01 4.66215432e-01
    2.92750269e-01 2.55832255e-01 6.67745590e-01 6.03753448e-01
    8.09194088e-01 4.43304867e-01 2.61378884e-02 5.89952767e-02
    9.20775592e-01 8.83052826e-01 5.07347941e-01 6.02999866e-01
    4.24325436e-01 4.91682291e-02 6.73462212e-01 7.07120895e-01
    6.81481123e-01 7.02249765e-01 9.97043431e-01 4.98163998e-02
    2.92898089e-01 2.53960490e-03 9.15118158e-01 9.43358898e-01
    9.44813967e-01 5.03915846e-02 4.17526364e-01 5.19635618e-01
    9.28034186e-01 6.55176997e-01 3.06954235e-01 8.38999569e-01
    5.49659014e-01 4.61861730e-01 5.21471202e-01 3.05748940e-01
    8.26085091e-01 7.69827664e-01 1.53847456e-01 4.48771715e-02
    7.42266953e-01 6.58417821e-01 3.54267776e-01 1.53943479e-01
    3.22190344e-01 6.16248906e-01 7.38596320e-01 1.71842098e-01
    1.34905368e-01 6.90025210e-01 4.14347976e-01 9.09910083e-01
    5.14314175e-01 3.03375363e-01 5.11149824e-01 1.26627892e-01
    7.17637539e-02 6.47239149e-01 4.69926566e-01 7.15862513e-01
    5.93843699e-01 6.48648441e-02 7.02107728e-01 7.79756904e-01
    9.71130848e-01 5.77570438e-01 3.26339900e-01 8.19864452e-01
    7.13487923e-01 5.66651225e-01 7.56954670e-01 8.25400054e-01
    6.06628180e-01 3.11650306e-01 4.50045913e-01 6.15016580e-01
    1.14429384e-01 9.61125970e-01 8.47419441e-01 6.88525915e-01
    8.83588195e-01 2.34312147e-01 4.49395955e-01 1.97888374e-01
    3.24230224e-01 2.94877410e-01 3.37344319e-01 9.99608159e-01
    7.06350088e-01 3.94999981e-03 1.77713156e-01 3.31979990e-01
    3.54867131e-01 1.15656555e-01 4.03904945e-01 1.19182348e-01
    8.16709518e-01 8.64579082e-01 3.40623856e-02 7.96036363e-01
    7.02912211e-01 1.70084655e-01 5.29775739e-01 6.84248567e-01
    4.31838632e-01 3.71883571e-01 5.22308230e-01 1.82953596e-01
    2.03358233e-02 9.25097466e-01 1.59507066e-01 1.17306292e-01
    6.19887114e-02 6.45745993e-01 4.08830643e-02 6.04830921e-01
    6.34362400e-02 2.68347144e-01 8.51711273e-01 6.32621646e-01
    8.25947642e-01 3.86969745e-01 9.23150182e-01 2.90408671e-01
    4.44982111e-01 8.21979165e-01 3.32586706e-01 5.32938123e-01
    5.61606109e-01 4.94155884e-01 8.42260003e-01 9.70445812e-01
    4.60730642e-01 2.52539337e-01 1.29199535e-01 3.74524146e-01
    4.39008981e-01 9.10671234e-01 9.70457315e-01 5.24804711e-01
    9.65946794e-01 5.89585900e-01 1.97718650e-01 2.52951890e-01
    6.13363504e-01 1.45993292e-01 7.99052596e-01 3.94503415e-01
    8.31244588e-01 8.26331556e-01 7.35607743e-01 4.58552420e-01
    6.07491434e-01 5.94009876e-01 6.44479036e-01 9.52160537e-01
    6.76064134e-01 6.17470205e-01 5.26008308e-02 6.70350432e-01
    2.39575565e-01 2.43418545e-01 4.56038773e-01 8.29410434e-01
    4.06291395e-01 6.61219358e-01 3.25822234e-01 4.22901988e-01
    2.70118415e-02 8.18903923e-01 6.64874434e-01 4.74131227e-01
    9.81662393e-01 2.74235517e-01 9.73188162e-01 1.75333023e-03
    6.27674580e-01 8.88399541e-01 9.45031106e-01 8.38895142e-02
    5.11590183e-01 6.92003965e-02 1.59310997e-01 7.01279283e-01
    8.68167102e-01 5.72981179e-01 7.87269115e-01 5.69534302e-03
    2.32460231e-01 9.36416388e-01 8.56452823e-01 8.86782110e-01
    9.78826165e-01 7.58140147e-01 4.14302588e-01 3.24399173e-02
    5.18594623e-01 2.56341994e-01 6.44680202e-01 7.76671529e-01
    1.64519012e-01 8.16021800e-01 1.64242238e-01 1.30135030e-01
    8.41853380e-01 5.14931440e-01 9.78163838e-01 8.57080817e-01
    4.87887532e-01 5.37201643e-01 5.30704498e-01 9.81907785e-01
    9.87947345e-01 4.62274909e-01 1.30129308e-01 3.01554084e-01
    1.97607279e-02 8.43897045e-01 7.99115598e-01 3.69102001e-01
    7.13806808e-01 9.99808311e-01 3.81481647e-01 3.20731699e-01
    3.26365650e-01 4.45968330e-01 4.23785985e-01 7.36834049e-01
    5.37704587e-01 8.19218755e-01 7.34316766e-01 6.22210503e-02
    6.21544957e-01 6.55341744e-01 4.18819994e-01 2.13296711e-01
    7.10273921e-01 8.03797841e-02 4.37584847e-01 5.40080070e-01
    6.52169585e-02 4.38669324e-02 8.18052173e-01 3.71962845e-01
    2.10763305e-01 5.25923014e-01 3.07105422e-01 4.30545688e-01
    1.10649318e-01 1.06592506e-01 3.96689177e-01 5.67328691e-01
    5.72373986e-01 1.76704675e-01 7.72560000e-01 2.58602500e-01
    2.79013783e-01 4.07680660e-01 9.41315889e-01 9.53557789e-02
    7.69202709e-01 9.72062230e-01 4.34564561e-01 9.78561878e-01
    2.54828960e-01 8.24355960e-01 7.06391692e-01 4.19341207e-01
    3.81858289e-01 3.72956067e-01 8.74931276e-01 8.19974065e-01
    1.37425125e-01 2.84505785e-02 8.97634625e-01 1.53608173e-01
    6.14254713e-01 3.90526026e-01 9.57854390e-02 4.30605024e-01
    9.73181248e-01 9.12397027e-01 9.44135904e-01 8.42980981e-01
    9.18323278e-01 3.41325998e-01 2.00636715e-01 8.26841712e-01
    7.07444727e-01 7.95451939e-01 2.23144561e-01 2.74490297e-01
    7.44863749e-01 1.97793543e-01 8.83896649e-01 6.91516995e-01
    5.90759337e-01 2.86302388e-01 3.01021367e-01 4.13798898e-01
    5.19834459e-02 3.86931002e-01 6.83637619e-01 7.05809951e-01
    4.46434855e-01 6.14113092e-01 2.47293442e-01 5.27904034e-01
    4.07406181e-01 3.25861216e-01 5.35049796e-01 8.82851005e-01
    3.16257179e-01 1.68938637e-02 4.92591113e-01 3.67496878e-01
    2.06185549e-01 4.80456293e-01 6.33058310e-01 5.51882386e-02
    8.20032179e-01 5.81726432e-02 4.91819203e-01 1.93087637e-01
    4.87628430e-01 9.48872209e-01 1.02089375e-01 1.69142157e-01
    1.78812534e-01 6.83562577e-01 9.53041792e-01 8.54213357e-01
    3.13742250e-01 8.52015972e-01 4.02278513e-01 4.36531067e-01
    9.85785127e-01 9.15454328e-02 5.34382463e-01 2.91404366e-01
    6.99952185e-01 1.30250752e-01 5.74351847e-02 3.31150234e-01
    9.37824726e-01 9.65947092e-01 7.15319335e-01 8.63434076e-01
    4.73957598e-01 9.31893349e-01 7.72147655e-01 4.83057290e-01
    8.61895740e-01 5.39612234e-01 2.33271688e-01 8.03751707e-01
    6.92806542e-02 5.08933425e-01 8.91319990e-01 7.04137027e-01
    7.84796357e-01 2.07904071e-01 7.71605492e-01 2.88332462e-01
    8.05347502e-01 6.76395714e-01 3.24153304e-01 5.87411046e-01
    8.11937630e-01 8.61071825e-01 1.84135258e-01 8.13131332e-01
    3.73125553e-01 2.38069922e-01 5.11643469e-01 2.75391430e-01
    1.07864171e-01 6.03407502e-01 5.00154614e-01 6.74243093e-01
    4.10120308e-01 4.35787261e-01 6.77442670e-01 8.71172845e-02
    3.18645209e-01 9.60182130e-01 2.78706133e-01 8.30715835e-01
    9.70127225e-01 2.74872720e-01 8.90709043e-01 8.58036280e-01
    8.68071795e-01 2.30612725e-01 5.25289655e-01 1.54184312e-01
    8.44382763e-01 5.60140312e-02 6.49657607e-01 5.41631162e-01
    4.82922465e-01 5.57262123e-01 2.07032561e-01 8.90117407e-01
    3.98467064e-01 3.74674797e-02 2.47333556e-01 2.44137377e-01
    3.99092674e-01 5.45987368e-01 2.01960295e-01 6.79709911e-02
    4.54194069e-01 6.83924258e-01 1.41260535e-01 7.49264956e-01
    3.41098905e-01 2.35146463e-01 6.23770356e-01 3.73180211e-02
    6.87209725e-01 3.04794967e-01 3.72816890e-01 8.84868026e-01
    9.25288439e-01 7.17846692e-01 1.91737533e-01 9.05898154e-01
    6.81740105e-01 9.49229360e-01 4.55423206e-01 9.80550826e-01
    3.04347396e-01 8.16210747e-01 4.24233317e-01 1.57152593e-01
    2.57715166e-01 4.05414551e-01 1.36605322e-01 3.10670614e-01
    9.63353038e-01 3.93584937e-01 9.45134759e-01 3.56779993e-02
    3.59510064e-01 9.29657459e-01 1.73903614e-01 9.90215182e-01
    4.01077986e-01 6.79385006e-01 3.04253101e-01 8.40720177e-01
    6.70398414e-01 9.66439605e-01 3.86879742e-01 8.13830853e-01
    2.49633759e-01 9.85793114e-01 2.40119517e-01 2.22512752e-01
    9.72587347e-01 9.72406745e-01 9.19904113e-02 5.30423820e-01
    6.95517302e-01 9.21516180e-01 7.17455208e-01 9.51012969e-03
    2.84285218e-01 9.55662727e-01 5.48946977e-01 5.00362515e-01
    3.58402073e-01 4.45625186e-02 7.74780750e-01 9.71664369e-01
    9.15747762e-01 9.44724083e-01 8.78257871e-01 8.75813842e-01
    8.42977166e-01 5.24834692e-01 8.70146275e-01 4.00665492e-01
    5.56538463e-01 9.55372334e-01 4.20994878e-01 7.52856851e-01
    8.44734311e-01 3.82590294e-02 3.28946948e-01 8.97491455e-01
    2.40962774e-01 6.75783157e-02 5.75329781e-01 5.62953949e-02
    3.60076845e-01 4.22602475e-01 3.90364408e-01 5.28403461e-01
    4.57914472e-02 1.80625379e-01 7.19777048e-02 2.66983569e-01
    1.29305869e-01 1.16458446e-01 4.60385591e-01 6.75870419e-01
    8.51745784e-01 6.33341789e-01 3.26613247e-01 1.17776573e-01
    2.81459391e-01 1.40155375e-01 4.50737655e-01 6.32470012e-01
    8.31574976e-01 8.05300117e-01 1.16312534e-01 3.71960163e-01
    1.45120651e-01 9.90980625e-01 3.63079280e-01 1.44587308e-01
    8.68041217e-01 4.23901707e-01 8.39548767e-01 2.15686589e-01
    2.30804384e-02 8.78293633e-01 3.08140159e-01 5.58519542e-01
    1.44508839e-01 8.49571824e-02 7.17004061e-01 3.46837282e-01
    9.54277813e-02 9.36799943e-01 7.87646532e-01 5.88822246e-01
    7.38938451e-01 8.51993680e-01 2.66899884e-01 7.01902330e-01
    8.50759327e-01 2.80920029e-01 1.54474854e-01 3.76124173e-01
    1.10664994e-01 7.79580951e-01 1.09687626e-01 4.62731481e-01
    7.80424833e-01 2.48840421e-01 8.47442210e-01 6.44808650e-01
    5.75847983e-01 5.13590574e-02 4.85704571e-01 8.35659921e-01
    8.10418487e-01 4.51256871e-01 2.91762769e-01 7.72168994e-01
    2.31008738e-01 9.42309618e-01 9.63747025e-01 1.32503539e-01
    5.45609057e-01 1.86083585e-01 3.36147636e-01 7.89768815e-01
    5.92178106e-01 9.23056901e-02 8.68178010e-01 7.20120311e-01
    8.48765492e-01 9.07125592e-01 2.45268345e-01 8.84888411e-01
    7.28102267e-01 5.79850078e-01 9.26969945e-01 4.86638308e-01
    9.04413640e-01 7.54361868e-01 5.76496959e-01 6.88125610e-01
    9.47511792e-01 5.32801151e-01 1.60361648e-01 2.57616907e-01
    7.18267918e-01 3.35626781e-01 3.07012320e-01 5.18673480e-01
    9.51888025e-01 4.72544581e-01 6.24780178e-01 6.17494226e-01
    8.14614892e-01 3.21582466e-01 6.63989663e-01 3.93673956e-01
    8.48533690e-01 8.35880399e-01 4.17759120e-01 4.81558442e-01
    2.73374885e-01 1.68040544e-01 6.85299516e-01 6.06887579e-01
    4.78056490e-01 6.49653792e-01 7.44788647e-01 5.18105328e-01
    9.31988955e-01 1.57692254e-01 3.55482131e-01 2.19212323e-01
    9.52785909e-02 9.05727744e-01 6.53985500e-01 6.90329015e-01
    5.38265824e-01 3.75233024e-01 9.95894313e-01 4.90338504e-01
    1.32129312e-01 9.51662898e-01 7.27742910e-02 6.45381808e-01
    7.95997262e-01 2.57198542e-01 5.16528368e-01 9.00499821e-02
    4.91041780e-01 5.91294765e-01 3.28644842e-01 6.89603209e-01
    4.42603648e-01 9.31929171e-01 6.74794674e-01 5.95146000e-01
    5.50266564e-01 2.74792373e-01 4.71827686e-02 4.41637516e-01
    1.80890918e-01 1.11333758e-01 1.11656606e-01 1.04988843e-01
    7.99366534e-01 9.78629112e-01 4.27803457e-01 6.25453889e-01
    4.17287946e-02 9.13919449e-01 2.20197022e-01 5.58041930e-01
    9.71687853e-01 3.54113102e-01 2.88236678e-01 8.02145302e-01
    3.47100616e-01 4.61460412e-01 4.72019136e-01 8.61326158e-02
    4.11520660e-01 7.62782931e-01 3.45826507e-01 7.40664482e-01
    6.99733257e-01 5.36824465e-01 2.24352002e-01 4.25719261e-01
    2.24277258e-01 6.36134148e-02 2.10578859e-01 5.60437202e-01
    6.13214493e-01 4.65373635e-01 2.23442584e-01 9.77902830e-01
    3.14275742e-01 6.13115728e-01 7.61537433e-01 4.95091885e-01
    2.10542411e-01 9.30470347e-01 9.86438990e-01 7.66055107e-01
    1.91976666e-01 7.96009302e-01 5.33570290e-01 1.64142847e-02
    1.41322732e-01 2.63768226e-01 5.71385026e-02 9.45671916e-01
    4.92775649e-01 5.51631927e-01 7.87933409e-01 1.80282682e-01
    8.52446198e-01 3.01805973e-01 9.77659702e-01 5.28736770e-01
    7.40419209e-01 6.46886706e-01 9.68934894e-01 1.60952538e-01
    8.90419781e-01 4.82722968e-01 2.82797873e-01 4.39293027e-01
    3.59229833e-01 2.04965860e-01 2.47492284e-01 8.70104551e-01
    4.09894407e-01 7.15699732e-01 8.71557176e-01 2.95907259e-03
    2.69416153e-01 2.55690813e-01 6.22287989e-01 5.47026455e-01
    1.32426083e-01 5.90834022e-01 9.90493655e-01 9.46077704e-03
    5.30807674e-01 5.24579763e-01 2.57494092e-01 4.87079531e-01
    5.14366925e-01 9.92125869e-01 9.61369097e-01 9.78682637e-01
    1.43467993e-01 9.32269454e-01 5.09231091e-01 1.49584144e-01
    7.47437239e-01 3.32239121e-01 9.15686846e-01 9.66219902e-01
    1.97100699e-01 2.71533579e-01 4.54955310e-01 1.69483423e-01
    3.35308284e-01 1.21001214e-01 9.61490750e-01 6.14801645e-01
    1.39886677e-01 3.29871237e-01 9.38694715e-01 3.41239303e-01
    7.43853748e-01 8.09016943e-01 6.36637509e-01 3.79785389e-01
    1.38567805e-01 3.14599335e-01 1.40079081e-01 6.40033603e-01
    1.20910853e-01 9.78707790e-01 3.89790803e-01 7.27804601e-01
    9.21266556e-01 7.84509063e-01 4.45710450e-01 1.81376934e-04
    9.71167803e-01 8.20538580e-01 8.41136456e-01 3.27008843e-01
    4.31844562e-01 6.31205559e-01 4.25665408e-01 7.25358665e-01
    9.06888247e-01 7.37784505e-02 8.50746274e-01 2.64633149e-01
    3.77349228e-01 8.48680615e-01 1.98577911e-01 6.89089298e-02
    9.64401960e-02 5.74756026e-01 9.44565237e-02 5.56024194e-01
    3.82685930e-01 2.91146874e-01 2.04894871e-01 2.22722977e-01
    3.91223431e-01 3.32824498e-01 4.80329663e-01 8.40242863e-01
    8.71831179e-01 3.67767096e-01 2.06947327e-04 5.09788036e-01
    5.32772303e-01 6.54163122e-01 5.25245428e-01 6.03768110e-01
    2.19773114e-01 8.97087157e-01 9.03822482e-01 8.92187119e-01
    2.38772899e-01 4.20706928e-01 8.47415924e-01 1.62102938e-01
    4.27964330e-01 2.72740126e-02 2.18420237e-01 9.29987252e-01
    9.10893857e-01 9.90341902e-02 9.74694788e-02 1.57679826e-01
    8.58697534e-01 3.92902434e-01 9.77429867e-01 4.88263726e-01
    8.66891980e-01 1.99957669e-01 8.01078618e-01 8.51143241e-01
    9.84693527e-01 2.79542923e-01 8.61477256e-01 8.15609336e-01
    4.48018521e-01 3.81124914e-02 4.79312867e-01 6.00772202e-01
    1.05638176e-01 1.35077953e-01 5.97624063e-01 9.01869893e-01
    7.38004267e-01 7.75296986e-02 7.15869367e-02 4.13942009e-01
    2.68455088e-01 8.48462343e-01 8.46116543e-01 9.08437848e-01
    9.36824977e-02 8.75186920e-01 3.16881508e-01 2.58967280e-03
    9.58165288e-01 2.18559116e-01 8.53704214e-02 6.76972449e-01
    5.42480111e-01 5.70902288e-01 5.39724708e-01 7.31426597e-01
    3.07921767e-01 7.13589787e-03 4.91442621e-01 8.37321401e-01
    4.42356706e-01 3.68262589e-01 6.20326042e-01 8.88138473e-01
    4.86204028e-03 7.49611139e-01 1.45724803e-01 2.00260043e-01
    2.92592108e-01 9.49205875e-01 8.23119283e-03 6.18976116e-01
    2.02356160e-01 1.52890325e-01 1.50547862e-01 1.54302120e-02
    8.71137857e-01 2.10979134e-01 2.55121171e-01 3.58376414e-01
    4.24789429e-01 2.30242699e-01 3.57477427e-01 6.56499803e-01
    7.90124059e-01 3.25599551e-01 3.41664195e-01 4.75206912e-01
    4.36503291e-02 2.07199872e-01 2.99403727e-01 9.45301652e-01
    9.09818172e-01 3.15183192e-01 5.44014394e-01 6.24332428e-02
    1.54283017e-01 6.11731529e-01 4.77596164e-01 6.67510629e-02
    5.18738627e-02 3.12519312e-01 9.27925229e-01 5.93531430e-01
    9.74568248e-01 1.11832947e-01 7.24304795e-01 3.02599967e-02
    6.17691278e-01 6.50502741e-02 6.91172123e-01 7.03472912e-01
    3.51549566e-01 6.95305943e-01 3.43165457e-01 8.03087115e-01
    1.84159279e-02 4.10750270e-01 7.36707807e-01 5.48648059e-01
    4.28669453e-01 9.03309584e-01 9.45963204e-01 5.69435835e-01
    9.21638608e-01 8.46688509e-01 6.08319759e-01 5.11646271e-04
    1.98150903e-01 2.53033280e-01 4.77437258e-01 7.54821539e-01
    3.62178087e-01 8.88232529e-01 9.59692836e-01 6.92780256e-01
    7.71313548e-01 6.57625914e-01 3.66328359e-02 8.00442815e-01
    7.63135374e-01 2.04812258e-01 5.90783596e-01 3.17680359e-01
    7.38218188e-01 2.27823645e-01 6.12527311e-01 7.48775601e-01
    5.35359621e-01 3.14625323e-01 7.53833175e-01 8.99933219e-01
    6.69732094e-02 5.59011042e-01 1.47056431e-01 2.74791837e-01
    1.55860960e-01 2.41972953e-01 6.97475255e-01 9.74403739e-01
    6.38491809e-02 1.24782234e-01 5.81182003e-01 9.57764864e-01
    9.15795565e-02 7.46914148e-01 6.61540687e-01 7.95994878e-01
    8.84144723e-01 4.10463780e-01 7.03208923e-01 5.55406570e-01
    3.19959164e-01 3.49626243e-01 1.52115971e-01 4.73542541e-01
    2.26630807e-01 9.19886887e-01 2.57569909e-01 7.02801466e-01
    7.51314759e-01 7.89832771e-02 5.78218162e-01 9.07824278e-01
    8.93519759e-01 1.68878973e-01 6.14929676e-01 5.91473937e-01
    3.52961779e-01 6.34248674e-01 6.65965796e-01 1.55313462e-01
    8.52208018e-01 5.17040908e-01 8.82042706e-01 2.54634529e-01
    2.25056857e-01 2.05937862e-01 5.41024029e-01 4.61926281e-01
    1.53800756e-01 9.89403427e-01 7.36745715e-01 4.06175315e-01
    6.04955018e-01 2.66320169e-01 6.82406425e-01 3.31880033e-01
    4.88281757e-01 5.25485575e-02 6.07498348e-01 4.39955801e-01
    4.32994068e-01 9.26307142e-01 5.83997309e-01 2.23777652e-01
    3.45343053e-02 6.46857560e-01 5.70994735e-01 7.05190957e-01
    4.73769158e-01 7.02796578e-01 3.57203037e-01 9.01888251e-01
    3.06941092e-01 5.72860837e-01 2.10819870e-01 6.66899562e-01
    1.46062821e-01 3.18099082e-01 8.81930411e-01 2.10567445e-01
    2.10167408e-01 5.16142428e-01 1.99302614e-01 1.04953349e-02
    7.76084542e-01 4.76551950e-02 8.06768775e-01 1.02239430e-01
    5.60544610e-01 3.86137843e-01 9.65070486e-01 1.99859828e-01
    2.71035314e-01 3.30703259e-01 2.64466763e-01 1.89057291e-02
    8.56131136e-01 1.91868305e-01 1.07420981e-02 2.48447239e-01
    7.43289948e-01 8.30964684e-01 8.98830771e-01 1.65766209e-01
    7.93182254e-01 4.17569041e-01 5.86321652e-01 5.18741965e-01
    2.06705540e-01 1.57472998e-01 8.97192001e-01 4.43781376e-01
    9.83049273e-01 6.98854208e-01 8.51565838e-01 7.41224766e-01
    9.61236358e-02 4.97561365e-01 9.96451795e-01 9.11785007e-01
    9.55924630e-01 2.23178357e-01 6.37137294e-02 9.88569021e-01
    6.42784119e-01 3.82727116e-01 1.40657425e-02 1.42490268e-02
    7.09579825e-01 8.27685475e-01 6.91220760e-01 7.91493773e-01
    2.88437366e-01 4.28345025e-01 8.78940821e-02 2.62693256e-01
    7.83541679e-01 9.34213877e-01 7.71005034e-01 2.92450368e-01
    8.46132457e-01 2.99428344e-01 9.47535634e-01 3.82897079e-01
    9.91755962e-01 3.47538799e-01 2.75063515e-03 9.78216052e-01
    9.02306318e-01 6.40663564e-01 4.07273710e-01 1.20376647e-02
    6.37598932e-02 3.83932889e-02 5.12452841e-01 3.37876409e-01
    7.92107224e-01 3.02381516e-02 6.03109717e-01 3.28567117e-01
    7.94569552e-01 6.75555170e-02 4.93452758e-01 7.04502463e-01
    5.86824179e-01 5.65767705e-01 5.96357107e-01 3.50823253e-01
    1.58188522e-01 3.81146789e-01 4.98884916e-03 6.71530664e-02
    9.90567446e-01 8.88511658e-01 9.52363193e-01 2.24501461e-01
    4.56532478e-01 5.41972041e-01 9.21816826e-01 4.88676846e-01
    5.41027904e-01 5.26930213e-01 7.17320323e-01 3.89686793e-01
    1.00838810e-01 4.17119294e-01 3.08844239e-01 8.23174596e-01
    7.72764325e-01 3.11926007e-01 3.01598340e-01 7.99809337e-01
    7.94846416e-02 5.36113799e-01 8.23218822e-01 4.07865882e-01
    1.44403428e-01 7.44651675e-01 2.45926082e-01 2.91066527e-01
    2.07930237e-01 6.56293035e-01 6.42912328e-01 8.08873892e-01
    4.19004560e-02 2.22366840e-01 4.91331995e-01 4.90549564e-01
    2.88897067e-01 3.05291116e-01 2.92566895e-01 2.23307282e-01
    8.15023780e-02 9.91900623e-01 9.29955006e-01 2.20136225e-01
    1.68608129e-01 4.51295525e-01 4.21569884e-01 7.88690150e-01
    9.80588257e-01 6.22074306e-02 8.57996941e-01 6.48053169e-01
    1.38102472e-01 7.36755431e-01 9.69878614e-01 6.64370477e-01
    5.17560482e-01 6.48424387e-01 6.17156029e-01 8.98017943e-01
    3.12282264e-01 7.50950098e-01 5.53618252e-01 9.00417447e-01
    1.14742070e-01 8.10810924e-01 8.04242194e-01 8.09874773e-01
    7.67621398e-01 1.60768837e-01 3.32431018e-01 2.77839303e-02
    3.56650531e-01 8.59767795e-01 6.38514459e-01 6.29179358e-01
    2.66304910e-01 5.59284687e-01 4.88427758e-01 8.11714172e-01
    6.75096810e-01 5.86141467e-01 8.00409496e-01 3.71355414e-01
    6.69080138e-01 9.59706783e-01 2.40801066e-01 5.29053867e-01
    8.57664347e-01 1.90502375e-01 6.81505561e-01 9.28620219e-01
    6.34244204e-01 6.55822754e-01 9.96887922e-01 9.15261507e-01
    3.10029984e-01 7.92028069e-01 8.79008532e-01 5.81496775e-01
    5.06296039e-01 9.38187242e-01 9.19114828e-01 8.45130682e-02
    9.86841202e-01 8.42589498e-01 1.47230744e-01 3.98629010e-01
    4.25167561e-01 1.66195929e-02 3.95365566e-01 5.23588300e-01
    7.71981299e-01 6.26644373e-01 8.15748990e-01 6.89172149e-01
    9.00727391e-01 1.89030498e-01 1.85869068e-01 7.99528480e-01
    5.25204539e-01 6.11172497e-01 5.81925929e-01 2.73536712e-01
    3.60769957e-01 3.32908928e-01 8.18503797e-01 9.98678446e-01
    8.21368277e-01 5.89508653e-01 5.21536648e-01 7.22406626e-01
    8.37746382e-01 1.50300801e-01 2.96396613e-01 8.21231604e-01
    1.20691448e-01 3.89430940e-01 4.63977247e-01 5.74201703e-01
    8.17530036e-01 9.29303050e-01 6.92703247e-01 4.48682308e-02
    6.41619563e-02 7.74721444e-01 1.35865122e-01 9.66882646e-01
    9.21902955e-01 2.67272651e-01 2.00304598e-01 2.21290588e-01
    4.63039756e-01 4.79590297e-02 2.46895462e-01 2.66293705e-01
    4.28199887e-01 7.83599257e-01 5.55654466e-01 2.46199280e-01
    2.17134595e-01 1.53752208e-01 9.87599254e-01 5.53343952e-01
    4.66809958e-01 6.13409817e-01 5.92355490e-01 4.01993811e-01
    7.71490276e-01 7.07402349e-01 5.42563975e-01 6.13865435e-01
    2.39716977e-01 8.70038867e-02 4.60997760e-01 8.57145250e-01
    7.03909755e-01 2.69289911e-02 3.14175367e-01 8.82383287e-02
    9.51532841e-01 1.86813682e-01 7.34525681e-01 7.58615255e-01
    5.94990969e-01 2.49641776e-01 5.01743078e-01 1.85235381e-01
    7.20856249e-01 6.94793046e-01 2.75873303e-01 7.16041327e-01
    7.66991377e-01 3.40194345e-01 4.49291259e-01 5.02904475e-01
    3.24330270e-01 8.63817334e-01 4.40342665e-01 9.14333522e-01
    4.72838223e-01 2.31864154e-01 2.16616571e-01 8.59625936e-02
    4.46727335e-01 1.92302138e-01 9.88847017e-01 4.09333527e-01
    7.46983588e-01 1.23958498e-01 2.22533435e-01 8.99998546e-01
    3.79711896e-01 3.99858117e-01 7.23927498e-01 4.59326625e-01
    2.22262949e-01 5.31305254e-01 3.73801678e-01 1.84515983e-01
    4.63096529e-01 9.17261720e-01 1.62787944e-01 1.26719296e-01
    7.69277573e-01 2.39914984e-01 8.11690092e-01 8.55277419e-01
    9.10394311e-01 3.68847668e-01 2.61710167e-01 2.73658276e-01
    9.20116365e-01 5.50674558e-01 3.21444809e-01 1.71364278e-01
    9.27641928e-01 8.31173480e-01 3.15997511e-01 7.30655909e-01
    1.35465831e-01 7.95859814e-01 5.40070772e-01 6.01899505e-01
    4.84013855e-01 3.86438310e-01 2.19573528e-01 4.29695517e-01
    7.37628043e-01 8.55567455e-01 8.66037250e-01 5.65809488e-01
    4.65139747e-01 9.69929993e-01 3.83554697e-01 7.78498292e-01
    7.53237724e-01 6.29407644e-01 3.10230315e-01 3.23449075e-01
    8.44903886e-02 3.46270382e-01 8.46047997e-02 5.57288229e-01
    7.22654998e-01 8.24673891e-01 9.13887322e-01 6.09200478e-01
    4.94290918e-01 7.16332793e-01 6.45645261e-02 5.06195605e-01
    1.63979053e-01 4.47706282e-02 2.20115960e-01 8.50660324e-01
    8.76328051e-02 5.36777198e-01 1.59586132e-01 6.74593449e-01
    9.89720166e-01 9.82939124e-01 5.28477013e-01 4.69781011e-01
    1.01451278e-01 7.88564980e-01 9.43332791e-01 7.34511495e-01
    2.30467826e-01 7.70261288e-01 1.74273342e-01 6.03582561e-02
    2.59165883e-01 3.15248847e-01 4.16087508e-02 2.69149303e-01
    2.51596868e-01 6.05054438e-01 1.51789159e-01 1.64439589e-01
    1.24363422e-01 6.71119809e-01 4.84248787e-01 9.62573946e-01
    3.30041289e-01 7.61096478e-01 1.41564786e-01 3.58253002e-01
    9.52085137e-01 7.83211708e-01 2.55980521e-01 8.78343165e-01
    5.33973098e-01 2.62541354e-01 7.68893301e-01 6.10714555e-02
    8.85444641e-01 5.30134857e-01 6.85730398e-01 4.11795855e-01
    7.94388056e-02 4.18520749e-01 4.31634247e-01 7.44330883e-01
    7.04467297e-04 1.49076313e-01 2.96604931e-01 8.97240877e-01
    8.81974816e-01 2.02913404e-01 8.57243836e-02 9.11810279e-01
    8.74917626e-01 5.83746612e-01 5.96710563e-01 7.84166932e-01
    2.10252166e-01 1.66633576e-01 8.18013668e-01 1.12908870e-01
    4.54464436e-01 6.54319644e-01 7.17176557e-01 5.01351833e-01
    3.91232431e-01 1.75065815e-01 4.54093456e-01 2.55887866e-01
    8.69251251e-01 7.02668786e-01 8.44710708e-01 9.40695524e-01
    4.11705911e-01 4.19579446e-01 7.42863357e-01 9.82359231e-01
    8.86805892e-01 2.84302831e-01 9.72991168e-01 1.56952500e-01
    7.92631030e-01 1.37675166e-01 3.12427938e-01 4.65669215e-01
    3.51885647e-01 6.91621602e-02 8.31410587e-01 1.82857335e-01
    8.32401514e-01 6.31484509e-01 8.42921555e-01 8.14889789e-01
    4.00099665e-01 2.92507231e-01 3.40206802e-01 7.07663119e-01
    1.86091870e-01 8.20204020e-01 9.07762766e-01 3.60261530e-01
    2.11346030e-01 1.93577111e-01 7.00380504e-01 7.49299765e-01
    3.33841264e-01 3.84230405e-01 5.29047310e-01 1.25600934e-01
    7.66707361e-01 5.24371564e-02 7.41957426e-02 3.53124529e-01
    2.79896438e-01 7.95423865e-01 4.90768164e-01 3.73501331e-01
    8.89076769e-01 5.92504144e-01 2.87614614e-01 1.77968651e-01
    6.29959881e-01 9.94758070e-01 9.15091038e-01 3.96684557e-01
    4.93733793e-01 4.50129420e-01 4.42545682e-01 3.27836812e-01
    5.24573565e-01 5.82966268e-01 7.95123398e-01 9.70751405e-01
    8.28456521e-01 2.66489267e-01 7.92122185e-02 5.84712148e-01
    5.04933298e-02 7.30674505e-01 1.00468516e-01 8.63986492e-01
    4.52817380e-02 1.70740008e-01 1.57249153e-01 4.65722084e-01
    1.27835512e-01 9.02009428e-01 7.71582723e-01 6.54876888e-01
    6.72205389e-02 3.32888037e-01 3.25011969e-01 7.36640811e-01
    8.78149271e-03 8.78604412e-01 3.36182773e-01 7.26605833e-01
    3.14086735e-01 9.42854881e-02 5.58535993e-01 3.36666524e-01
    4.63995695e-01 6.59238100e-02 5.60978293e-01 3.19667757e-01
    9.32809532e-01 4.08386737e-01 9.45336580e-01 7.48617530e-01
    1.19539708e-01 5.82306981e-02 4.94584113e-01 7.56532311e-01
    6.47345006e-01 6.10504448e-01 3.32595170e-01 5.19391119e-01
    4.74267304e-01 5.17734468e-01 2.57264018e-01 5.13960481e-01
    3.18051487e-01 6.18305683e-01 2.59770215e-01 5.35699368e-01
    8.52953494e-01 7.48957396e-02 7.89474249e-01 8.56791615e-01
    1.94154352e-01 2.55239367e-01 2.20242202e-01 4.82073814e-01
    4.82703954e-01 5.05821586e-01 5.15182674e-01 7.89093733e-01
    7.29730189e-01 4.35182244e-01 6.75089359e-02 5.80434263e-01
    1.54170781e-01 3.87366563e-01 7.62344360e-01 3.53546619e-01
    3.32826763e-01 7.31651366e-01 2.20628589e-01 4.07981068e-01
    2.37019539e-01 5.22607028e-01 6.28979743e-01 8.95260811e-01
    4.37536806e-01 6.28416240e-02 4.23603654e-01 8.18583369e-01
    9.41416621e-01 6.10425949e-01 8.84746730e-01 5.25197327e-01
    3.97762954e-02 6.85040355e-01 1.65779591e-02 6.66352630e-01
    7.86458731e-01 7.55310297e-01 2.65494287e-01 4.04802352e-01
    2.06188798e-01 4.94959563e-01 7.77674675e-01 6.08596146e-01
    8.04602861e-01 8.27455819e-02 7.64863014e-01 3.01110744e-03
    4.17272449e-01 7.68718123e-01 5.92973173e-01 9.37105179e-01
    6.81787014e-01 8.12313497e-01 1.96756840e-01 7.79418588e-01
    6.25060499e-01 7.04059005e-01 1.09539121e-01 4.79719847e-01
    3.78646016e-01 3.46577585e-01 4.95565414e-01 8.61634910e-02
    1.49971724e-01 8.75001907e-01 5.31770349e-01 8.00454497e-01
    6.85675085e-01 9.55750823e-01 9.85162973e-01 8.82425368e-01
    9.07836437e-01 6.40697956e-01 8.23788643e-01 8.28745961e-01
    5.54926038e-01 9.76576626e-01 3.65993857e-01 1.58200592e-01
    4.13396835e-01 7.22467721e-01 7.11671948e-01 8.12163234e-01
    9.20097351e-01 4.22002017e-01 5.60996830e-01 6.07538283e-01
    4.35325682e-01 5.97053230e-01 4.85920221e-01 1.39698774e-01
    5.69003463e-01 5.88738680e-01 4.83041108e-02 2.39797294e-01
    7.62969971e-01 9.18753624e-01 7.57610619e-01 4.22218055e-01
    2.93272436e-02 4.93403703e-01 6.44946694e-01 7.17250824e-01
    6.11702979e-01 8.76982331e-01 7.16421127e-01 8.94093215e-02
    5.74779749e-01 6.97651982e-01 9.58660901e-01 8.48329961e-01
    9.18569684e-01 8.23644161e-01 2.05925107e-01 2.54485011e-01
    3.93126428e-01 4.35399860e-01 8.97576094e-01 4.27100778e-01
    2.59364098e-01 2.13025808e-02 1.20126724e-01 7.41503835e-02
    7.79405475e-01 5.45210540e-01 1.73174262e-01 1.61967546e-01
    6.82504773e-02 4.04815972e-01 8.63862336e-01 4.55465674e-01
    7.47128129e-02 9.29009199e-01 5.52442491e-01 7.86571264e-01
    1.80252284e-01 5.12694776e-01 7.18648076e-01 3.83495271e-01
    7.65526414e-01 5.98846853e-01 9.16460156e-01 3.17806482e-01
    3.50869954e-01 1.89392120e-01 3.25566590e-01 8.34245682e-01
    6.18693233e-02 7.22673535e-01 8.34594727e-01 5.12481034e-01
    2.86345541e-01 9.17071581e-01 1.04162395e-02 8.39761794e-01
    9.97134030e-01 9.35721219e-01 2.94721574e-01 9.91760612e-01
    5.99493206e-01 1.20145679e-02 4.54648018e-01 7.23531067e-01
    5.36406457e-01 8.24752033e-01 6.13931239e-01 1.38448238e-01
    2.41772234e-01 9.02484775e-01 4.98052388e-01 6.09093010e-02
    4.07839209e-01 1.16096079e-01 3.85141730e-01 5.90837181e-01
    9.99233007e-01 2.25017220e-01 8.75673354e-01 7.52020240e-01
    5.69228053e-01 9.14431810e-01 5.31628430e-02 1.71971083e-01
    9.25317645e-01 3.23356748e-01 5.64149797e-01 2.89765447e-01
    5.51050007e-01 1.01319402e-01 3.45548868e-01 1.46972388e-01
    9.14508820e-01 7.29671717e-01 8.97254288e-01 6.51654422e-01
    2.19953805e-01 1.35557652e-02 1.98236167e-01 5.85717678e-01
    4.15109515e-01 1.22299761e-01 1.48688644e-01 8.33342671e-02
    3.25379193e-01 5.05651712e-01 2.29149461e-02 6.23723686e-01
    7.48184562e-01 2.32803375e-01 7.55485475e-01 2.24281996e-01
    3.71483952e-01 3.74672502e-01 7.81688213e-01 3.55852544e-02
    6.24857903e-01 3.39849114e-01 3.03293467e-01 4.05289650e-01
    2.01462150e-01 5.42746484e-01 9.57877874e-01 6.36458516e-01
    7.22159147e-01 1.07351661e-01 1.86373234e-01 6.03740335e-01
    5.65810740e-01 2.03185499e-01 1.25420213e-01 2.58882076e-01
    4.39006090e-02 9.03994083e-01 4.04727519e-01 1.69297576e-01
    3.44497591e-01 3.83797050e-01 1.76060498e-01 6.27969027e-01
    7.71719098e-01 3.34592521e-01 9.16804194e-01 3.32274556e-01
    7.66937733e-01 9.08260822e-01 4.19508010e-01 6.83812320e-01
    8.31617653e-01 4.12788540e-01 9.28870022e-01 7.18009591e-01
    2.32026100e-01 7.12531865e-01 8.36916089e-01 4.89406765e-01
    5.96827626e-01 8.37423503e-01 2.35612005e-01 3.25813174e-01
    5.24974465e-01 3.59110534e-02 3.90986919e-01 1.69971496e-01
    5.90875745e-02 4.77211446e-01 6.67416573e-01 7.36855328e-01
    8.64766598e-01 3.48480403e-01 8.12736154e-01 9.74805117e-01
    9.12190974e-01 1.27424359e-01 8.10811162e-01 5.00793219e-01
    4.75382358e-01 5.70272148e-01 2.77477801e-01 3.56564462e-01
    1.67988390e-01 6.87665343e-01 9.41505075e-01 8.65337610e-01
    8.40096116e-01 6.45760298e-01 8.61232579e-01 8.61291289e-02
    1.53310984e-01 2.36676246e-01 4.27646339e-02 9.03213084e-01
    3.99147838e-01 9.72202420e-03 9.68341589e-01 7.92401433e-01
    8.78286242e-01 4.07038987e-01 7.78427839e-01 3.20923924e-01
    4.78901595e-01 7.96432555e-01 2.93594271e-01 6.01804793e-01
    7.98038840e-01 3.91553879e-01 2.49924898e-01 9.42863345e-01
    9.26726818e-01 4.62989599e-01 8.56978297e-01 1.62562132e-02
    7.74948359e-01 6.31335735e-01 2.19454616e-01 7.55834818e-01
    3.04248631e-01 2.85252452e-01 4.61040199e-01 6.16003513e-01
    6.61953390e-01 5.08457720e-01 1.49113268e-01 7.28020132e-01
    5.73861003e-01 3.47998738e-02 6.43840194e-01 5.83196759e-01
    3.77924740e-02 1.29153639e-01 8.13284397e-01 8.70541096e-01
    8.55498612e-02 6.33112848e-01 7.13305950e-01 5.08158863e-01
    5.27917087e-01 3.12489897e-01 1.68084800e-02 3.70196968e-01
    1.28646970e-01 7.34337091e-01 7.62618303e-01 8.93746138e-01
    9.72815037e-01 9.25186813e-01 7.91416287e-01 5.07063270e-01
    5.86087167e-01 7.40236521e-01 7.64331937e-01 8.16124916e-01
    1.36376917e-02 8.67117167e-01 9.83294249e-01 3.68765712e-01
    9.68425870e-01 3.53366137e-02 9.53442693e-01 2.51890689e-01
    9.86716628e-01 8.77919674e-01 8.62810016e-03 7.75277376e-01
    1.92707926e-01 8.51311147e-01 5.67496300e-01 6.42454922e-01
    5.40354550e-01 5.41978598e-01 4.84580427e-01 7.24022627e-01
    1.43636227e-01 6.72805130e-01 3.25383633e-01 6.74587905e-01
    5.77476919e-01 5.72861016e-01 7.92686701e-01 7.42125988e-01
    5.27962744e-01 3.56857717e-01 8.22312236e-02 7.78632164e-02
    2.73989856e-01 2.90062606e-01 5.21203279e-01 6.42025411e-01
    5.28625906e-01 1.69868469e-01 7.51129091e-01 7.26293445e-01
    7.73238182e-01 4.91755903e-01 1.44007921e-01 3.91009927e-01
    9.25742090e-02 5.27150631e-01 6.55070305e-01 2.47072309e-01
    5.60187936e-01 1.93581462e-01 9.01173711e-01 1.33153021e-01
    4.82161611e-01 9.08387661e-01 7.70065486e-02 3.96411121e-02
    4.07810122e-01 2.93863416e-01 1.26304924e-02 4.82699126e-01
    2.38190055e-01 5.15629828e-01 1.56210542e-01 9.51857209e-01
    5.33249617e-01 1.46344393e-01 9.96155620e-01 3.75544429e-01
    4.47075635e-01 4.99064922e-02 7.42613912e-01 5.16225338e-01
    2.81540066e-01 4.79498565e-01 8.56423855e-01 7.78583705e-01
    6.96592927e-01 8.02770495e-01 1.15846634e-01 5.72280645e-01
    3.82526249e-01 9.73206639e-01 6.51656866e-01 1.11631215e-01
    2.94383466e-02 6.37030840e-01 7.50015259e-01 9.43711638e-01
    3.52495134e-01 3.85691136e-01 7.24508882e-01 7.33839154e-01
    9.38061237e-01 9.32060182e-02 8.21691036e-01 6.41090870e-01
    4.36045766e-01 2.79632330e-01 3.41213524e-01 5.91642618e-01
    3.27735364e-01 3.21877897e-02 4.90936756e-01 4.07316238e-01
    9.26664650e-01 7.53581882e-01 8.04216087e-01 5.16050935e-01
    6.09554768e-01 3.84557158e-01 7.13929713e-01 6.65080607e-01
    3.56060445e-01 3.42017740e-01 4.75762278e-01 4.08096790e-01
    7.86177635e-01 9.80079174e-02 2.58645058e-01 4.15502667e-01
    9.15304542e-01 6.38167381e-01 3.64508867e-01 5.16055465e-01
    5.75177968e-01 4.77949053e-01 2.48383909e-01 2.68153787e-01
    4.04868215e-01 2.95444369e-01 9.09194946e-01 8.80228817e-01
    2.76316971e-01 2.44251668e-01 3.61802787e-01 3.18839729e-01
    8.90344501e-01 9.71322179e-01 1.66311145e-01 2.58770883e-01
    2.35718817e-01 3.81934732e-01 9.60242987e-01 7.47734070e-01
    6.17043018e-01 7.47283995e-01 2.23456830e-01 7.02076018e-01
    7.54130185e-01 1.53766245e-01 6.37605846e-01 9.10030842e-01
    4.13430244e-01 1.75551921e-01 1.20748520e-01 8.14776540e-01
    6.44704461e-01 2.78452218e-01 3.35963070e-01 6.84702218e-01
    2.49149501e-01 8.91199350e-01 4.16892797e-01 2.06013978e-01
    7.06612885e-01 8.30496371e-01 5.21893620e-01 8.93189549e-01
    3.64615113e-01 5.72113276e-01 5.60995877e-01 4.90599871e-01
    2.13243783e-01 7.85538971e-01 1.27342373e-01 6.53121650e-01
    6.71289384e-01 7.37954855e-01 4.39336479e-01 3.35574389e-01
    6.93254769e-01 8.34423304e-01 9.19831991e-01 1.68847740e-01
    1.67988002e-01 6.52602911e-01 6.53269649e-01 3.43828917e-01
    6.42558277e-01 3.95923138e-01 5.34260213e-01 8.37623954e-01
    8.10844004e-02 9.26013768e-01 7.43748367e-01 3.66236806e-01
    3.51961851e-01 2.32862145e-01 5.38705289e-01 2.18871474e-01
    5.24983168e-01 1.09476537e-01 6.56634450e-01 1.29510760e-01
    6.35045171e-01 3.13572049e-01 5.41602731e-01 5.90528965e-01
    8.15290809e-01 1.34414464e-01 6.45810843e-01 7.21305251e-01
    2.61454076e-01 1.15151733e-01 2.23727614e-01 7.76083231e-01
    1.99461579e-01 9.58119869e-01 4.27650064e-01 2.73054063e-01
    8.68562460e-01 7.33443916e-01 1.80274665e-01 4.07893926e-01
    9.27549839e-01 4.79917020e-01 3.57979238e-02 5.14867127e-01
    7.26595879e-01 4.71777052e-01 3.31607640e-01 8.22187364e-01
    7.71678090e-01 4.12974983e-01 9.86071289e-01 9.70891416e-01
    9.06893492e-01 7.28334785e-02 3.82851243e-01 7.97224522e-01
    6.13498330e-01 2.15801805e-01 3.63041639e-01 3.95076096e-01
    1.27241015e-03 5.07994354e-01 9.29592729e-01 8.36178899e-01
    6.85734212e-01 8.58117819e-01 5.57243824e-04 3.41372490e-01
    5.01098871e-01 3.15134853e-01 6.61639571e-02 6.22022092e-01
    1.00980729e-01 5.83519578e-01 8.41361284e-01 9.53860879e-02
    4.89219725e-01 4.99693066e-01 3.25306088e-01 7.36050665e-01
    5.93427896e-01 9.36899483e-02 6.54273927e-02 8.11278343e-01
    3.25155079e-01 9.50798988e-02 8.89852643e-01 6.02149963e-03
    3.15157056e-01 9.40059900e-01 7.76614964e-01 2.33582079e-01
    5.56901932e-01 1.44009918e-01 4.44118112e-01 3.56985629e-02
    4.19845790e-01 9.53115702e-01 6.27304971e-01 1.99909389e-01
    9.18543816e-01 2.53786564e-01 3.43672335e-01 7.96926498e-01
    1.59670085e-01 4.34861571e-01 9.71659422e-02 2.51551479e-01
    4.30184245e-01 8.54811549e-01 4.36380208e-01 9.98383462e-02
    6.53300524e-01 7.63680279e-01 6.24062717e-02 8.71139884e-01
    1.60294026e-01 4.65896130e-01 9.87878919e-01 8.93085122e-01
    1.32561624e-02 4.46317524e-01 7.15188265e-01 4.81207788e-01
    9.92629528e-01 3.30859423e-02 7.96124935e-02 3.60171080e-01
    7.90205121e-01 5.68351090e-01 4.55068469e-01 4.14877385e-01
    5.46652257e-01 4.26919758e-02 9.17103052e-01 4.75941360e-01
    9.54785466e-01 2.75598973e-01 3.34017456e-01 5.43662250e-01
    7.74311662e-01 7.14385688e-01 2.82924682e-01 6.56153262e-01
    2.30064929e-01 9.17658746e-01 5.63932240e-01 2.27739334e-01
    2.67527968e-01 2.19035745e-02 6.98634386e-01 6.62898362e-01
    2.38851070e-01 3.55566084e-01 8.98094296e-01 6.63866937e-01
    8.90504062e-01 2.32642591e-02 7.82330036e-01 8.49871278e-01
    8.39615107e-01 4.54678476e-01 9.62694526e-01 5.70274353e-01
    6.61696196e-02 6.05222285e-01 4.99439180e-01 2.51638412e-01
    1.33147627e-01 9.89136934e-01 6.59193099e-02 4.66222376e-01
    4.64972347e-01 5.36044657e-01 2.16866642e-01 8.11887383e-01
    4.65930641e-01 6.18954241e-01 2.01062560e-02 6.36802018e-01
    5.77173471e-01 1.03806973e-01 8.57309222e-01 9.12473917e-01
    9.21008289e-02 4.64669287e-01 4.21018302e-02 8.78209293e-01
    8.41755927e-01 3.47670138e-01 5.76634943e-01 1.53894722e-02
    2.59642661e-01 9.86900806e-01 4.46801186e-02 2.70902932e-01
    4.92523164e-01 3.43484581e-01 8.60142708e-01 7.31880605e-01
    4.17023450e-01 8.00937891e-01 3.14228714e-01 2.19615400e-02
    8.41242790e-01 4.91854131e-01 5.64429700e-01 6.31376147e-01
    6.48547947e-01 8.32926631e-01 6.95471942e-01 8.17094028e-01
    9.67987418e-01 2.72325277e-01 1.54604912e-02 2.87357807e-01
    7.21554339e-01 5.62825561e-01 4.54006672e-01 5.12082875e-01
    7.07468390e-01 7.59781480e-01 1.48291081e-01 8.68742466e-02
    7.71641374e-01 1.98491216e-02 9.51487660e-01 4.02977020e-01
    1.55691177e-01 1.23427957e-01 6.55441999e-01 7.97677636e-01
    9.58807468e-01 7.46040583e-01 7.26589262e-01 8.76016736e-01
    8.99253845e-01 5.58757603e-01 8.96890402e-01 1.63764715e-01
    2.79773802e-01 7.68900752e-01 3.62181395e-01 1.89719081e-01
    4.53781843e-01 4.89174187e-01 8.28455448e-01 9.13304389e-01
    3.68741274e-01 6.55732274e-01 9.98221219e-01 9.51384127e-01
    3.83694053e-01 6.60924911e-01 5.29052675e-01 8.60060096e-01
    2.75100708e-01 7.84125745e-01 9.88385856e-01 7.51475692e-01
    9.18275118e-01 7.06593573e-01 5.38773775e-01 6.62223458e-01
    9.36656475e-01 6.81896091e-01 7.14315534e-01 9.13008571e-01
    2.76818782e-01 1.96695328e-01 3.08523834e-01 1.27074122e-03
    8.55853200e-01 5.96149266e-01 5.33763766e-01 7.93260336e-01
    4.15483892e-01 6.50813282e-01 1.28199011e-01 7.04701900e-01
    3.85737360e-01 6.90692663e-01 6.73777223e-01 1.96012974e-01
    3.23120326e-01 3.07873130e-01 6.28111005e-01 2.43411064e-02
    9.74520385e-01 2.47231156e-01 2.50670850e-01 2.17004776e-01
    6.03930414e-01 9.96440053e-01 6.33770049e-01 8.39714885e-01
    8.89919996e-01 4.88764524e-01 6.15871072e-01 7.25254178e-01
    7.14467168e-02 9.45044994e-01 8.04607987e-01 7.33983517e-01
    5.40839136e-02 9.92931366e-01 4.35222268e-01 1.63511872e-01
    9.45393801e-01 4.53520209e-01 2.98732579e-01 7.30288148e-01
    3.95414680e-01 2.73755550e-01 5.95318615e-01 9.23193932e-01
    8.72435451e-01 7.26583064e-01 1.55483454e-01 3.21947634e-01
    4.02606308e-01 2.33017623e-01 4.04136896e-01 6.22638464e-02
    5.96537054e-01 1.06075466e-01 1.09432250e-01 3.40488195e-01
    7.14104116e-01 8.61978531e-02 4.42542434e-02 9.88783002e-01
    8.93151760e-03 1.93396926e-01 9.33717370e-01 6.18412793e-01
    9.57669318e-01 1.30748600e-01 5.78573942e-01 5.82293451e-01
    3.09383869e-03 9.44203973e-01 8.17601562e-01 6.87940836e-01
    2.12243646e-01 5.91534257e-01 6.33551240e-01 7.04558730e-01
    9.71900821e-01 3.73105109e-01 7.05122590e-01 3.98103684e-01
    6.68844938e-01 8.76550794e-01 7.82773972e-01 7.10628688e-01
    5.86010695e-01 3.78257871e-01 5.91868043e-01 5.01476347e-01
    9.99014139e-01 6.61049366e-01 1.22905016e-01 5.72681963e-01
    8.48054469e-01 1.73355579e-01 3.35501194e-01 2.27019578e-01
    3.34507942e-01 4.29493368e-01 3.08818698e-01 8.56909275e-01
    9.89457071e-01 5.35576880e-01 8.25189829e-01 5.76201975e-02
    1.14614189e-01 7.57748842e-01 4.14387673e-01 4.88149673e-01
    3.78719240e-01 4.76887465e-01 1.50190234e-01 8.82183433e-01
    5.52112520e-01 7.87423372e-01 2.75642782e-01 4.03636009e-01
    2.93363810e-01 9.45814252e-01 3.27893794e-02 7.11644471e-01
    3.31927210e-01 1.64857894e-01 9.60416138e-01 6.50632143e-01
    8.24414849e-01 1.10913515e-01 9.66596067e-01 5.94058573e-01
    4.07765329e-01 5.75998425e-01 9.58793283e-01 8.70298505e-01
    8.68116319e-01 1.40844315e-01 6.89753056e-01 4.04928803e-01
    3.36162508e-01 6.56291246e-01 8.79527867e-01 2.89521635e-01
    8.16116095e-01 5.64136505e-02 2.95398414e-01 3.91979396e-01
    9.58781719e-01 9.61320043e-01 2.60980725e-01 4.78919774e-01
    5.30364454e-01 5.48367143e-01 9.64209139e-01 5.83079457e-03
    4.47717696e-01 4.67457384e-01 5.73580861e-02 9.86777425e-01
    4.87938076e-01 9.65092659e-01 2.28599221e-01 8.50715756e-01
    9.99741554e-01 7.48834610e-02 4.72287893e-01 1.60051227e-01
    2.80599535e-01 3.25427651e-01 3.61838639e-01 4.82690722e-01
    7.25088537e-01 8.17815661e-01 9.92962658e-01 3.46790940e-01
    5.76955438e-01 9.92095828e-01 4.67414677e-01 5.10071218e-01
    2.04944164e-01 7.49414980e-01 6.52833104e-01 4.68136519e-01
    7.10844517e-01 1.65318757e-01 5.65859199e-01 2.27617174e-01
    2.28313178e-01 7.57541418e-01 6.76328897e-01 4.09132093e-01
    1.78421527e-01 8.40354323e-01 7.80713558e-01 2.28134751e-01
    8.15209270e-01 9.39605296e-01 5.03230870e-01 6.85258806e-01
    1.83132470e-01 7.54994869e-01 9.30998325e-01 8.28141332e-01
    7.12517798e-01 9.22313094e-01 2.72236228e-01 9.60504889e-01
    4.41892564e-01 8.50162804e-02 6.27505064e-01 6.00924015e-01
    8.28917921e-02 6.99403942e-01 5.47086477e-01 9.39083993e-01
    9.31787968e-01 7.34160662e-01 8.15106153e-01 7.30480552e-02
    8.85036886e-01 3.14785242e-01 8.09386134e-01 8.81715834e-01
    2.18250364e-01 6.91392124e-01 6.72451079e-01 5.27701676e-02
    5.01818061e-01 9.07335579e-01 9.51917231e-01 2.97669351e-01
    8.27878714e-01 8.63143206e-02 2.47900248e-01 7.90064931e-01
    3.33697498e-02 8.84511352e-01 6.25175238e-01 4.43525642e-01
    7.63171077e-01 4.17676270e-01 9.35984373e-01 2.74801850e-01
    9.10205126e-01 8.68133307e-02 7.91985631e-01 6.40360713e-01
    2.49075770e-01 5.01627564e-01 5.39577305e-01 5.45808733e-01
    6.64458156e-01 9.98123646e-01 6.92417383e-01 5.39624870e-01
    5.04619837e-01 2.32700408e-02 3.34964812e-01 6.41458392e-01
    6.36382639e-01 4.85409319e-01 1.22307837e-02 1.75618231e-02
    6.19431257e-01 8.05801630e-01 7.73585916e-01 5.53810000e-01
    7.38676190e-02 7.43692875e-01 3.84401679e-01 6.63623571e-01
    8.79539549e-01 9.46333051e-01 3.86103421e-01 4.08541590e-01
    9.66769218e-01 4.14691389e-01 7.24671066e-01 4.64791298e-01
    1.09873325e-01 5.52712679e-02 7.10933208e-01 8.00146759e-02
    2.17192978e-01 4.92049515e-01 3.97713035e-01 6.90226734e-01
    1.88320369e-01 9.23992038e-01 6.65329039e-01 6.35154724e-01
    2.98492521e-01 2.82409072e-01 2.85529077e-01 9.26566124e-02
    9.50709343e-01 9.45771456e-01 2.78196663e-01 6.57559037e-01
    2.04593569e-01 6.94008529e-01 9.48758245e-01 1.81013197e-01
    2.91472554e-01 7.36105740e-02 5.73087633e-01 4.83509362e-01
    5.07598519e-01 7.49150097e-01 3.78540903e-01 3.81117821e-01
    3.96794438e-01 3.44837546e-01 2.12337643e-01 8.24036777e-01
    9.19618845e-01 2.01931000e-01 3.38770688e-01 7.02640414e-01
    9.80463386e-01 9.75817740e-01 8.45585167e-01 2.11707592e-01
    1.53407335e-01 9.16711092e-01 7.56337762e-01 9.06365514e-01
    6.10269606e-01 4.74447042e-01 9.85423446e-01 3.26932132e-01
    8.72030854e-02 4.66663510e-01 9.18449998e-01 1.40296757e-01
    3.57135326e-01 3.19443226e-01 7.89979100e-03 4.14853066e-01
    7.26137578e-01 3.24888170e-01 1.17015570e-01 9.82045412e-01
    1.24288321e-01 9.34615076e-01 9.09485698e-01 4.33524936e-01
    9.69582796e-03 9.06749964e-01 2.06808031e-01 7.15097249e-01
    8.52004409e-01 2.09689975e-01 6.70294166e-01 2.58475423e-01
    9.83228981e-01 6.82735801e-01 2.34227568e-01 1.45441324e-01
    3.20347250e-02 8.56282830e-01 7.22632110e-01 6.39295161e-01
    4.45014417e-01 2.70778537e-02 7.91637301e-01 7.87652373e-01
    2.58432448e-01 5.15958428e-01 8.86236429e-01 4.26158756e-01
    5.29503822e-03 1.18078709e-01 5.94252527e-01 8.08314323e-01
    6.93274856e-01 5.25744915e-01 1.42010212e-01 5.74124634e-01
    6.56255424e-01 1.20673776e-01 3.28717858e-01 8.52813244e-01
    2.30081886e-01 1.56964242e-01 8.82683754e-01 1.60008073e-02
    6.61181331e-01 3.08493078e-01 6.87528312e-01 8.30598474e-01
    7.11927414e-01 3.34936857e-01 1.81196511e-01 5.98989189e-01
    1.13005757e-01 6.91658854e-01 9.35727835e-01 1.82491690e-01
    7.87579596e-01 5.25770068e-01 8.76172304e-01 7.13886619e-01
    1.55036181e-01 7.05928743e-01 1.21873915e-02 3.38381469e-01
    5.97648144e-01 4.31579769e-01 5.46529114e-01 5.34639955e-01
    1.72080636e-01 5.79654753e-01 7.46053219e-01 7.85262942e-01
    1.99401557e-01 4.16173309e-01 1.80143893e-01 5.21156847e-01
    8.62478495e-01 1.95661336e-01 3.51579189e-02 2.46448964e-01
    2.32431322e-01 7.48360038e-01 1.34823710e-01 1.33374333e-03
    9.51620579e-01 1.51756227e-01 9.10746455e-01 2.94508785e-01
    5.33956051e-01 3.27807367e-02 7.43316948e-01 4.26156670e-01
    5.32972693e-01 1.40088260e-01 4.66815591e-01 8.25320959e-01
    1.20885700e-01 5.18342316e-01 8.04324985e-01 3.90998781e-01
    5.52565336e-01 7.61053085e-01 6.74972236e-01 3.13176900e-01
    4.47258860e-01 6.72183871e-01 1.05126679e-01 9.90637183e-01
    9.21298862e-01 9.68060970e-01 6.18413985e-01 3.33409429e-01
    8.13570201e-01 6.94478571e-01 2.73855448e-01 9.33818340e-01
    4.13128316e-01 7.72630572e-01 5.27676165e-01 5.07417083e-01
    2.95109808e-01 4.12607193e-01 2.81143486e-01 1.50019795e-01
    8.77945900e-01 9.63092804e-01 6.56801283e-01 4.86766428e-01
    2.32694715e-01 1.47077650e-01 8.31844449e-01 2.13571995e-01
    7.96126127e-01 7.35107183e-01 8.63730371e-01 2.16969669e-01
    6.60591960e-01 1.55855626e-01 8.80072474e-01 8.94264340e-01
    8.89426351e-01 5.63577712e-02 5.10045767e-01 6.55723333e-01
    8.13472748e-01 2.96714783e-01 6.02921546e-01 3.53005618e-01
    1.84764832e-01 5.86672425e-01 7.22762227e-01 6.86175287e-01
    7.82622933e-01 8.53439450e-01 4.02360052e-01 4.65668738e-01
    9.11828697e-01 1.16016477e-01 2.57334471e-01 3.68182838e-01
    7.82068610e-01 3.03416073e-01 6.44728839e-01 9.30541515e-01
    1.61882341e-02 1.79606974e-01 4.65486914e-01 1.93839520e-01
    3.29181135e-01 3.40510964e-01 6.00570440e-02 9.05074835e-01
    5.68780601e-02 1.72465861e-01 4.49158400e-01 4.29453492e-01
    7.41992056e-01 7.99154639e-02 2.59591222e-01 5.77698708e-01
    5.49366474e-02 8.68716955e-01 1.94876283e-01 4.61742282e-02
    7.62975812e-01 3.95967394e-01 5.28001368e-01 9.84007359e-01
    4.99524176e-02 4.98489767e-01 5.86066186e-01 6.32201076e-01
    5.83494306e-01 3.95462513e-02 1.68767095e-01 4.25971687e-01
    6.23989880e-01 2.12020457e-01 2.52928615e-01 2.70056427e-02
    7.51747370e-01 5.66399693e-02 9.96026993e-01 6.54211640e-01
    1.28566325e-01 2.72776902e-01 8.18427682e-01 8.11394691e-01
    9.51612473e-01 5.65838814e-01 5.21180868e-01 8.39598060e-01
    1.99122399e-01 5.39340973e-02 4.83914077e-01 3.63017797e-01
    6.86602592e-02 3.99395555e-01 4.89611328e-01 1.05549872e-01
    6.27156377e-01 5.56410670e-01 7.02297688e-01 5.26194096e-01
    8.63529444e-01 4.55166310e-01 5.98910749e-01 4.72649246e-01
    1.68328851e-01 6.64891779e-01 7.76507020e-01 3.39502186e-01
    3.27545881e-01 4.11904395e-01 8.35395336e-01 9.85805392e-01
    6.61348224e-01 5.36350310e-02 7.53917933e-01 6.81210518e-01
    9.81137633e-01 5.89201093e-01 9.67435837e-02 2.25052238e-02
    6.14620090e-01 6.63219333e-01 6.00972116e-01 9.66350675e-01
    4.64312464e-01 6.94931030e-01 7.44731247e-01 6.63519263e-01
    3.39550853e-01 7.18541861e-01 1.35626704e-01 8.26986074e-01
    5.54275334e-01 8.61052573e-02 9.93356109e-01 6.21375024e-01
    1.52664006e-01 4.62722391e-01 2.75657594e-01 2.86826909e-01
    6.45951092e-01 1.47137761e-01 6.08416080e-01 6.33467257e-01
    9.96945918e-01 6.29514873e-01 7.47633576e-01 9.57491994e-01
    6.91847444e-01 5.62903285e-02 6.68906271e-01 2.68029630e-01
    8.31299126e-02 7.45734870e-02 3.31997871e-03 2.90395588e-01
    3.53795230e-01 1.79906249e-01 3.49180400e-01 3.24165821e-01
    6.00258350e-01 9.00537729e-01 3.07977021e-01 8.55014801e-01
    8.32505107e-01 5.33876896e-01 2.45222658e-01 7.61696696e-03
    1.84102714e-01 6.10845327e-01 6.01736248e-01 6.64135158e-01
    6.74054384e-01 5.30013204e-01 8.44457030e-01 6.34089470e-01
    9.44465697e-01 2.69567072e-02 7.45657086e-01 6.50481284e-02
    7.21122921e-01 2.41065055e-01 4.83844727e-01 7.58931696e-01
    9.17617321e-01 9.61049139e-01 6.73459291e-01 8.24141145e-01
    6.82145476e-01 8.89217377e-01 9.01068509e-01 7.55342901e-01
    5.11050582e-01 8.93247128e-02 4.48140472e-01 3.56873810e-01
    9.58099961e-03 2.45411813e-01 3.94689530e-01 5.02109885e-01
    8.14975142e-01 5.18789113e-01 1.00930572e-01 4.86559451e-01
    1.27006859e-01 2.29444534e-01 2.68143833e-01 7.65263557e-01
    9.98654842e-01 5.46235442e-02 5.17189801e-01 8.70750427e-01
    1.46136314e-01 2.37327039e-01 6.91659212e-01 6.93328142e-01
    6.15373433e-01 3.04363519e-01 3.47719133e-01 4.32713211e-01
    2.12443620e-01 5.74840248e-01 9.23353732e-01 9.56707954e-01
    2.32586235e-01 8.09667826e-01 1.93693638e-02 4.69405949e-02
    8.39189887e-01 3.81361842e-01 6.88303471e-01 2.44772226e-01
    3.70699108e-01 6.92756772e-01 3.10020983e-01 7.65288055e-01
    2.00584769e-01 4.81855422e-01 3.60176980e-01 1.75012052e-01
    8.40033114e-01 7.69358873e-01 6.02232456e-01 6.74282014e-01
    7.73862123e-01 6.10364199e-01 1.13340706e-01 3.01829219e-01
    1.00086153e-01 3.04532290e-01 6.07051492e-01 7.51935244e-01
    6.48685932e-01 6.12912595e-01 5.83878100e-01 9.25927758e-01
    3.00743401e-01 1.78216636e-01 9.86185253e-01 7.68257737e-01
    5.17425239e-01 5.73442996e-01 5.87598562e-01 7.18745053e-01
    4.04266089e-01 9.12214875e-01 5.90541303e-01 5.50038993e-01
    1.84440166e-01 4.37549740e-01 2.86856651e-01 5.11904061e-01
    2.35900283e-03 8.83776665e-01 4.10321504e-01 8.22547436e-01
    9.91666794e-01 5.95101297e-01 9.72789288e-01 5.81395507e-01
    5.22055209e-01 9.30635035e-02 4.56709981e-01 5.40509105e-01
    7.06367254e-01 6.52997494e-01 3.19553435e-01 2.07233250e-01
    8.92621994e-01 1.84634626e-01 9.77714956e-02 5.51555872e-01
    3.68102372e-01 5.90031862e-01 3.50417286e-01 6.54064715e-01
    3.64703834e-02 7.67289639e-01 3.60671341e-01 6.02867126e-01
    5.95957100e-01 2.54293740e-01 5.38785815e-01 4.22856092e-01
    9.40428019e-01 7.53541589e-01 3.14138740e-01 6.42222762e-02
    7.64145255e-01 5.99259198e-01 9.35789406e-01 4.65099514e-02
    3.90304744e-01 4.65214193e-01 7.55514860e-01 7.63836741e-01
    1.82455778e-01 7.42397428e-01 4.07428265e-01 8.15253794e-01
    2.52736658e-01 9.58583355e-01 9.71232355e-02 9.25160408e-01
    9.83368993e-01 5.27334690e-01 3.03385913e-01 7.46870458e-01
    8.26066852e-01 7.96535969e-01 8.32522035e-01 1.89320028e-01
    9.81983423e-01 6.54955626e-01 7.80033469e-01 6.60367787e-01
    3.67406487e-01 9.66798663e-01 9.09645200e-01 6.38342559e-01
    9.80503798e-01 5.73647559e-01 3.96277696e-01 8.60385060e-01
    6.32376671e-01 2.67460525e-01 7.04845726e-01 4.94593084e-02
    8.82077456e-01 5.16965747e-01 7.88285434e-02 5.69809377e-01
    8.22421789e-01 9.27185893e-01 3.71365428e-01 8.88272524e-02
    8.31920624e-01 5.92893243e-01 1.08876765e-01 6.81372881e-01
    1.64000869e-01 7.47212291e-01 6.12531841e-01 8.25479507e-01
    3.68027389e-02 2.77312517e-01 4.76464331e-02 5.01211822e-01
    9.07935977e-01 7.71322131e-01 3.41020107e-01 5.89659691e-01
    4.26821232e-01 3.89985204e-01 1.80186987e-01 4.52251107e-01
    6.72340989e-02 2.84163535e-01 1.64042354e-01 7.56321430e-01
    1.21417254e-01 7.90486634e-02 5.30145824e-01 9.83389616e-02
    2.69582093e-01 1.65600628e-01 7.90634871e-01 2.21141607e-01
    3.89142632e-01 1.39762133e-01 6.49620652e-01 5.00104785e-01
    3.00685048e-01 5.39052367e-01 5.94113171e-02 3.07145089e-01
    3.04356545e-01 7.75547981e-01 4.54613298e-01 2.95283198e-01
    4.91499394e-01 8.22720826e-02 2.75410414e-01 3.12082559e-01
    2.33533978e-03 9.37260747e-01 3.82269353e-01 9.06131983e-01
    6.44075632e-01 3.13005745e-01 5.11821568e-01 7.07172215e-01
    7.66727030e-02 2.50030190e-01 2.74620533e-01 2.14416713e-01
    3.72586876e-01 6.53723538e-01 5.57166219e-01 9.44652319e-01
    1.39607221e-01 7.82796383e-01 5.51046610e-01 4.98890996e-01
    2.48774648e-01 8.88111949e-01 1.60863519e-01 8.00712228e-01
    6.63706899e-01 1.10266209e-02 7.98381567e-01 3.35242033e-01
    3.34902227e-01 2.29977995e-01 6.24371290e-01 8.08866143e-01
    8.40617895e-01 6.33002043e-01 8.73995423e-01 2.48213768e-01
    7.64782429e-02 4.20398593e-01 5.87951541e-01 4.28696066e-01
    1.02028251e-01 5.95747292e-01 2.58370697e-01 2.02124804e-01
    1.20208651e-01 7.34604597e-01 5.21666765e-01 1.75441563e-01
    9.35190797e-01 6.19861782e-02 6.75392747e-01 3.05283546e-01
    2.82093287e-01 2.69024193e-01 7.59303570e-01 7.90566802e-01
    2.15026647e-01 1.60285741e-01 1.10401452e-01 7.23019600e-01
    7.19020844e-01 3.53842914e-01 2.25950390e-01 1.17239088e-01
    7.08222568e-01 1.72453225e-01 4.67394412e-01 7.10590124e-01
    3.86603504e-01 4.63804781e-01 1.58776611e-01 4.22536522e-01
    4.92810190e-01 6.20261312e-01 2.57995993e-01 6.89562976e-01
    3.27583522e-01 5.66806734e-01 3.51139158e-01 9.81611729e-01
    2.36504883e-01 9.81036663e-01 7.45362341e-02 8.50390077e-01
    7.57115662e-01 9.40789998e-01 6.59503698e-01 6.87265515e-01
    7.23613858e-01 9.01264191e-01 3.89006406e-01 7.46056736e-01
    7.86457539e-01 4.21584725e-01 3.73662770e-01 5.79735637e-03
    6.96791410e-01 2.43477225e-01 4.55854118e-01 4.16839302e-01
    4.22519445e-02 4.86168414e-01 4.47748601e-01 1.96628511e-01
    1.50037020e-01 8.99583578e-01 3.38232934e-01 3.97648692e-01
    8.25544596e-01 1.24205023e-01 3.90851974e-01 8.00415099e-01
    8.50522995e-01 4.99624074e-01 8.93226504e-01 6.11829698e-01
    5.13013422e-01 5.60760021e-01 3.28663558e-01 1.35407418e-01
    5.41194499e-01 7.54378796e-01 3.67733359e-01 7.50112236e-02
    1.14803255e-01 7.83889592e-01 7.91116118e-01 9.47967172e-03
    3.44385237e-01 6.44871593e-01 1.66528553e-01 5.10374308e-02
    5.56137681e-01 9.93752480e-01 1.55955553e-02 6.37168050e-01
    9.34535503e-01 9.76003170e-01 4.31872904e-01 8.15678954e-01
    2.27125585e-02 2.42265463e-01 8.34067166e-02 5.33376098e-01
    8.99621010e-01 6.27837777e-01 3.36745441e-01 1.79145098e-01
    2.07252979e-01 2.27181286e-01 8.72236013e-01 8.38643789e-01
    7.82389462e-01 1.65592492e-01 5.79347849e-01 7.60557294e-01
    7.60777235e-01 1.43914640e-01 1.17826223e-01 8.12804222e-01
    5.79244077e-01 5.77797472e-01 3.44178319e-01 2.96832621e-02
    8.46714795e-01 2.97887623e-01 8.79207253e-01 3.19792151e-01
    2.35896230e-01 1.94359720e-01 9.90040421e-01 5.62949359e-01
    5.17781675e-02 7.78725624e-01 3.43275219e-01 2.13922828e-01
    5.72433293e-01 5.96622050e-01 3.24755132e-01 6.07679367e-01
    7.67042875e-01 5.57477415e-01 7.71121144e-01 1.70080394e-01
    1.26273930e-02 3.65407348e-01 7.90575385e-01 6.94810748e-01
    3.95627946e-01 5.31979322e-01 4.64884520e-01 9.65872169e-01
    9.87643719e-01 1.45023763e-01 5.91339588e-01 3.86223495e-02
    4.18526918e-01 7.47958362e-01 5.86289167e-01 9.83264506e-01
    5.11281013e-01 7.37514973e-01 1.99114412e-01 1.37266964e-01
    1.64352179e-01 7.56003618e-01 2.84378767e-01 1.75749183e-01
    6.84499502e-01 7.94779658e-02 5.10842919e-01 3.84548426e-01
    5.86341918e-01 3.37963432e-01 3.36058766e-01 5.75680196e-01
    7.77577758e-02 1.94220394e-01 6.04504824e-01 2.35588610e-01
    5.50937414e-01 4.13182676e-01 7.02265918e-01 2.94061005e-01
    8.63698542e-01 5.27523160e-02 7.11951256e-01 3.79034489e-01
    8.23003650e-01 1.32409543e-01 5.41084170e-01 8.00076365e-01
    5.23404479e-01 2.15606481e-01 7.54406452e-01 5.58300912e-02
    3.92914832e-01 2.20069289e-03 2.82350302e-01 3.42902213e-01
    7.95406103e-01 5.81217945e-01 7.34181643e-01 2.67371297e-01
    5.90503991e-01 4.67101038e-01 1.92358136e-01 9.36297357e-01
    2.88546413e-01 6.23282611e-01 2.98467875e-02 4.82157290e-01
    4.92120624e-01 8.34730744e-01 8.42257142e-01 9.58087683e-01
    1.66608423e-01 1.15140319e-01 7.74609745e-02 9.81062531e-01
    7.47596622e-01 5.99614561e-01 3.22246969e-01 1.81625485e-01
    4.48211074e-01 5.22482336e-01 5.70305765e-01 1.87003195e-01
    8.10785294e-02 8.43437433e-01 6.95142269e-01 9.29874539e-01
    7.30232775e-01 1.96413398e-01 6.36614978e-01 1.58769697e-01
    8.99555922e-01 3.32858711e-01 7.05510497e-01 2.27773398e-01
    4.87097919e-01 3.57538700e-01 4.71761286e-01 7.23139644e-01
    8.35352302e-01 4.20638978e-01 4.88710672e-01 7.20923722e-01
    4.01702464e-01 4.52344328e-01 7.18573093e-01 9.65066612e-01
    6.39216959e-01 4.28715408e-01 5.90401113e-01 3.82525742e-01
    6.43206060e-01 7.17774928e-02 7.06978917e-01 1.81856573e-01
    9.99729156e-01 3.74681234e-01 7.54548609e-01 1.74562305e-01
    6.47980392e-01 8.79158854e-01 9.62101519e-01 4.10013616e-01
    2.26822704e-01 4.14811015e-01 6.77754164e-01 7.48837173e-01
    9.14424658e-03 9.36722279e-01 2.28790283e-01 3.98456693e-01
    6.46681607e-01 2.43192017e-02 2.40633756e-01 1.69557661e-01
    8.80852342e-01 3.34008992e-01 3.19151282e-02 3.40906739e-01
    9.56945479e-01 1.87863767e-01 4.20647562e-02 1.45255357e-01
    5.92077494e-01 9.95987415e-01 6.18902147e-02 8.90170038e-02
    8.42792511e-01 9.83171344e-01 7.50783324e-01 9.18299615e-01
    3.17478001e-01 8.00349534e-01 7.75966048e-01 3.64273787e-01
    3.17899287e-02 6.47118390e-02 5.24843574e-01 1.60002917e-01
    7.98484743e-01 7.21845508e-01 6.35677516e-01 5.78976929e-01
    9.75690484e-01 9.09834623e-01 5.31540573e-01 1.03104800e-01
    5.69643617e-01 3.74344051e-01 3.12056541e-02 1.68390840e-01
    2.31841475e-01 6.97569847e-02 5.67630351e-01 9.91067469e-01
    8.34054351e-01 9.87459660e-01 5.16721904e-02 9.50754166e-01
    5.30925274e-01 1.77285105e-01 3.32818270e-01 9.14294124e-01
    9.16338205e-01 6.88158393e-01 5.17687321e-01 5.74192047e-01
    6.65425062e-01 3.70580614e-01 4.16916013e-02 1.29647106e-01
    5.87834179e-01 9.48352993e-01 9.79957461e-01 8.45964611e-01
    7.71764517e-01 6.31994009e-03 9.29095507e-01 7.45566607e-01
    1.97328061e-01 9.09431398e-01 9.71415401e-01 1.05208576e-01
    8.21805716e-01 6.51008546e-01 7.65598118e-01 2.99735129e-01
    9.27471757e-01 8.34170222e-01 9.09789681e-01 6.96822345e-01
    8.53204131e-02 3.37616861e-01 6.66609168e-01 5.43948591e-01
    4.38339382e-01 1.48332238e-01 2.91485727e-01 7.91563988e-01
    3.39198679e-01 3.55294645e-01 2.18686938e-01 3.60322297e-02
    3.23456854e-01 3.72638345e-01 2.19275057e-02 2.12620020e-01
    6.60563707e-01 2.84782648e-02 2.96974599e-01 9.10819650e-01
    1.30166650e-01 1.32236481e-01 9.89550948e-02 9.21348095e-01
    3.78146470e-01 6.89794660e-01 4.61975515e-01 4.86657500e-01
    3.15535367e-02 8.48315120e-01 4.84360963e-01 2.80367047e-01
    6.44098461e-01 3.28248888e-01 4.46775764e-01 1.29830837e-03
    6.28346562e-01 8.21832418e-02 8.97333860e-01 9.05432105e-02
    8.81590962e-01 7.57153511e-01 6.82720780e-01 8.58137846e-01
    6.76092684e-01 9.18429613e-01 6.28400147e-02 6.89124346e-01
    8.31694603e-01 1.39187902e-01 7.51503408e-02 5.30624688e-01
    3.52856845e-01 3.20961773e-02 3.40140820e-01 8.38953853e-02
    8.28246474e-01 3.91679198e-01 1.71487063e-01 6.68971181e-01
    1.14397913e-01 9.15298939e-01 4.89930600e-01 4.46921766e-01
    3.05097997e-02 6.97727919e-01 8.18366408e-01 1.10866517e-01
    2.09407568e-01 9.49348569e-01 2.69654095e-02 5.37323654e-01
    5.69048285e-01 6.90735698e-01 9.25150514e-01 7.23783374e-01
    7.70704031e-01 4.98277187e-01 1.95149779e-02 4.60211784e-01
    6.87580347e-01 2.29710072e-01 3.77726197e-01 9.59194005e-02
    4.54776734e-01 7.80364573e-01 2.79906273e-01 6.25418723e-02
    3.37916911e-01 6.94243729e-01 1.89809680e-01 3.77599359e-01
    8.18745136e-01 5.30618787e-01 2.59549558e-01 5.74152946e-01
    1.92007422e-02 9.80047107e-01 9.70807672e-03 5.60469151e-01
    4.03226674e-01 5.02756536e-02 3.92864704e-01 4.27927196e-01
    9.02973175e-01 8.30882668e-01 3.82199019e-01 8.11479926e-01
    1.79068714e-01 9.06269431e-01 6.07112885e-01 6.09492004e-01
    5.94085991e-01 6.85211182e-01 9.21396434e-01 6.11115694e-02
    1.26381516e-01 1.59558445e-01 1.43655568e-01 1.98697388e-01
    7.40339279e-01 3.18197131e-01 8.61899555e-01 1.65896744e-01
    1.63659304e-01 7.71046758e-01 7.72515595e-01 7.91869879e-01
    9.06020820e-01 2.89628804e-01 6.44530892e-01 1.95784390e-01
    1.85291976e-01 4.65848297e-01 3.38081658e-01 7.66955674e-01
    2.05399334e-01 1.99241370e-01 5.95884085e-01 9.41819310e-01
    8.46221566e-01 5.25187373e-01 1.67195946e-01 5.48144817e-01
    7.51295686e-02 9.40362275e-01 2.17219114e-01 6.89141512e-01
    3.85148644e-01 6.87008560e-01 2.74152488e-01 1.06182277e-01
    5.97761631e-01 2.24312216e-01 2.39446819e-01 2.26423055e-01
    4.53123301e-01 3.75437647e-01 1.82773501e-01 3.74778450e-01
    2.91225016e-01 1.70063168e-01 2.92256534e-01 4.79337037e-01
    8.58025312e-01 6.70233369e-03 4.92789596e-01 4.59527850e-01
    9.35192108e-02 9.15422440e-01 9.07528639e-01 3.15866977e-01
    1.56814456e-01 3.07960629e-01 7.10004926e-01 2.84206867e-03
    4.57216084e-01 4.41492766e-01 6.94473863e-01 6.24798417e-01
    2.33089834e-01 4.92622852e-02 8.74207973e-01 5.76888084e-01
    2.24069089e-01 5.70991278e-01 3.57408941e-01 4.29874659e-03
    4.25917625e-01 2.51526952e-01 6.78507924e-01 4.07220095e-01
    6.30896807e-01 1.70119792e-01 2.70986915e-01 6.73261762e-01
    7.46392906e-02 4.17991757e-01 5.10949790e-01 7.30416656e-01
    6.53498888e-01 4.57716286e-02 4.57806051e-01 2.47462422e-01
    5.19441903e-01 7.73099422e-01 7.75290966e-01 2.35879391e-01
    5.96813440e-01 7.55111396e-01 2.16160536e-01 8.62936914e-01
    3.52162749e-01 1.15645260e-01 9.04100478e-01 5.98574638e-01
    2.98187226e-01 6.50238693e-01 4.94921237e-01 3.30727160e-01
    7.99443603e-01 8.02323341e-01 1.03746504e-01 5.16341329e-01
    8.13313723e-02 5.95252752e-01 2.25961119e-01 5.27223825e-01
    9.00542796e-01 8.91903460e-01 7.36102462e-03 5.95475495e-01
    2.40006328e-01 6.42852128e-01 7.77751684e-01 9.61789966e-01
    2.63551652e-01 2.10397989e-01 7.03334808e-04 7.74736285e-01
    6.65395677e-01 7.69016385e-01 3.94591331e-01 6.55381739e-01
    5.24036050e-01 2.12990403e-01 9.76038516e-01 7.75906205e-01
    5.40905237e-01 2.66727328e-01 9.16968226e-01 5.21913946e-01
    5.63085914e-01 1.08836889e-02 8.23635399e-01 7.46767402e-01
    1.93295896e-01 1.71439290e-01 8.17807317e-02 8.63119006e-01
    6.57695293e-01 9.14547563e-01 6.50009871e-01 3.24503958e-01
    2.54794270e-01 2.05813527e-01 5.19475579e-01 9.33681190e-01
    3.14109027e-02 7.32834816e-01 3.69209468e-01 5.96094728e-01
    6.22440577e-01 4.43675280e-01 1.91090047e-01 5.42552829e-01
    1.13219976e-01 8.93241286e-01 9.80276227e-01 5.00691831e-01
    3.42536986e-01 8.09708953e-01 7.31154859e-01 3.14730287e-01
    4.88848567e-01 8.16372871e-01 1.72825336e-01 8.23647380e-01
    7.02018201e-01 2.49508679e-01 9.75517035e-01 8.81534457e-01
    2.47209966e-01 4.10816103e-01 4.32464778e-02 3.14946175e-01
    7.69426227e-01 9.49895263e-01 8.14086556e-01 1.73654050e-01
    7.01241016e-01 5.50283551e-01 2.78868437e-01 2.98827320e-01
    7.04392076e-01 1.65470272e-01 3.04454565e-03 8.31929803e-01
    9.73983765e-01 3.87943685e-01 9.01567578e-01 2.27375478e-01
    1.21373504e-01 3.37547332e-01 4.76701111e-01 2.15600759e-01
    5.15749335e-01 3.68947268e-01 5.07786870e-01 1.01368815e-01
    3.25182647e-01 9.83862996e-01 6.52026832e-02 7.77809501e-01
    2.10382223e-01 6.76767170e-01 9.45824683e-01 9.15812433e-01
    7.79695630e-01 4.59429830e-01 8.20640922e-01 3.27201337e-01
    9.30408835e-01 1.16330355e-01 1.30254626e-02 5.50710917e-01
    3.30106407e-01 2.01906443e-01 9.67179477e-01 9.98778105e-01
    9.90660071e-01 5.66702783e-01 5.64083397e-01 9.05121684e-01
    7.35178411e-01 8.25741410e-01 4.96685743e-01 9.89338458e-01
    3.31248045e-01 5.52929640e-01 3.43821943e-02 2.59197235e-01
    3.47239166e-01 5.51928103e-01 5.71921945e-01 5.35683155e-01
    7.80157924e-01 9.36416984e-02 7.20102072e-01 8.13085854e-01
    5.77932000e-01 1.11183792e-01 6.43042624e-01 2.10949510e-01
    3.07375848e-01 1.76399052e-01 2.85184115e-01 5.73015213e-03
    6.79990768e-01 2.37296730e-01 4.54971403e-01 7.48029709e-01
    7.34900653e-01 4.10973012e-01 3.67192566e-01 3.14998567e-01
    5.13676763e-01 7.76402235e-01 5.69557309e-01 2.27390766e-01
    6.43201947e-01 9.90015268e-01 3.26539099e-01 7.14948356e-01
    7.83347130e-01 9.77516532e-01 3.69697928e-01 7.15137720e-01
    2.27253258e-01 7.70360708e-01 3.32328409e-01 6.99409366e-01
    2.30840862e-01 4.62083399e-01 9.02427316e-01 5.64926982e-01
    6.43663406e-01 1.20892644e-01 5.81840634e-01 4.78068590e-01
    3.43415439e-01 5.05237460e-01 9.37061310e-02 5.09487331e-01
    4.86000776e-01 7.23179221e-01 9.54026699e-01 7.10767388e-01
    2.65951365e-01 5.45586109e-01 2.60123372e-01 2.82344103e-01
    8.76992643e-02 7.32765555e-01 5.54072976e-01 4.93669927e-01
    5.96858323e-01 2.08704680e-01 1.45383447e-01 3.69547367e-01
    8.83354187e-01 9.83984768e-01 4.32466507e-01 9.63539243e-01
    7.91351438e-01 1.21103972e-01 5.48566043e-01 4.32773650e-01
    9.34889436e-01 7.21641064e-01 7.89752424e-01 2.67138183e-02
    5.13875663e-01 5.10353804e-01 2.63602614e-01 4.95838225e-02
    1.25597656e-01 4.71510679e-01 3.54297280e-01 1.75764680e-01
    4.02804822e-01 8.00166845e-01 9.81106102e-01 3.57466638e-01
    3.26531589e-01 1.77210152e-01 6.81856513e-01 8.69843066e-02
    7.35216975e-01 2.91354716e-01 7.02337086e-01 3.61342192e-01
    6.07656538e-01 2.76654810e-01 5.26680887e-01 6.31583035e-02
    3.38061363e-01 9.85877216e-02 3.73128057e-01 4.88327891e-01
    4.66246158e-01 4.87273961e-01 6.17512226e-01 4.61979538e-01
    2.79309690e-01 3.56564373e-01 5.85042179e-01 3.09479773e-01
    1.34529620e-01 1.65386111e-01 7.11763561e-01 6.89370632e-01
    8.36564422e-01 5.18884361e-02 3.25221837e-01 4.95219558e-01
    3.38973999e-01 6.59103155e-01 5.03132939e-01 5.11450231e-01
    4.00779724e-01 5.00692189e-01 9.30436969e-01 6.32630587e-02
    7.45908141e-01 3.15200448e-01 7.93492794e-01 1.16499364e-02
    6.48850560e-01 8.40527296e-01 2.13806748e-01 8.45291257e-01
    4.72786546e-01 4.62459892e-01 8.92220438e-01 4.96500701e-01
    7.28916049e-01 4.80613887e-01 4.75714564e-01 9.17902887e-02
    4.12270993e-01 5.60353398e-01 6.85570538e-02 7.47359097e-02
    9.56319213e-01 1.62677109e-01 7.43827224e-01 6.01062655e-01
    9.43813682e-01 7.19421625e-01 4.01841998e-01 9.61169600e-02
    1.40764713e-02 1.22847557e-01 7.24170804e-02 3.98677230e-01
    2.10795164e-01 8.37452888e-01 4.76276129e-01 5.80454826e-01
    7.30674684e-01 1.14933848e-01 4.65933204e-01 3.17574829e-01
    7.16412902e-01 6.18383646e-01 7.54958391e-01 8.47776711e-01
    5.12305498e-01 3.47436666e-01 6.01156116e-01 8.63243878e-01
    8.30509782e-01 8.65416527e-01 8.01696181e-01 6.26673102e-01
    5.84501803e-01 6.95940733e-01 5.61285079e-01 1.99949354e-01
    2.35043049e-01 1.64156199e-01 9.97567296e-01 4.88474369e-01
    4.39848840e-01 2.93958426e-01 4.83752728e-01 9.96687233e-01
    7.26699173e-01 7.31577754e-01 9.03959870e-01 6.46172702e-01
    5.85112274e-01 7.79217482e-02 9.10386920e-01 1.47600740e-01
    1.68037176e-01 2.40542829e-01 9.81223881e-01 8.68219733e-01
    3.25548053e-01 4.57756996e-01 8.00444841e-01 8.65292013e-01
    1.36098057e-01 2.72962660e-01 3.36530089e-01 8.43261898e-01
    6.56719983e-01 1.85152084e-01 3.90961409e-01 8.24960113e-01
    7.44749010e-02 6.36081100e-02 3.90528828e-01 4.85012531e-02
    1.84047848e-01 8.20968568e-01 3.00078630e-01 9.60203886e-01
    1.52657568e-01 9.58438039e-01 8.86928916e-01 7.74001598e-01
    8.19851756e-01 2.52314419e-01 7.78715611e-01 1.79027587e-01
    3.60181391e-01 5.68183541e-01 7.17011452e-01 6.09294355e-01
    8.24953318e-01 8.74194086e-01 1.52607203e-01 7.38349140e-01
    2.65168250e-01 2.01405287e-02 9.08847511e-01 3.82476240e-01
    7.70326495e-01 1.69893026e-01 7.57829666e-01 2.49941617e-01
    4.78027344e-01 6.16361558e-01 2.27161556e-01 6.44822657e-01
    7.65170574e-01 4.95191544e-01 5.88228405e-02 7.50294328e-01
    6.97076440e-01 1.17090940e-02 4.83643979e-01 7.26129889e-01
    7.25103915e-01 9.34628487e-01 5.03380895e-01 6.30923033e-01
    4.18194085e-01 3.62412870e-01 1.83260024e-01 3.17888916e-01
    8.63558352e-01 2.23117918e-01 5.08364737e-01 5.52003741e-01
    8.19742560e-01 6.20156229e-02 2.73302317e-01 8.16963792e-01
    4.83189076e-01 9.35975790e-01 4.40953285e-01 4.80530798e-01
    6.60998821e-02 6.68972015e-01 7.49213338e-01 5.75671732e-01
    8.66925120e-01 3.76371205e-01 3.34768891e-01 2.26806223e-01
    2.44468778e-01 1.53647214e-01 7.67109394e-01 8.69631648e-01
    2.36949027e-01 9.62086380e-01 5.91426730e-01 7.37886310e-01
    6.15513384e-01 8.80942643e-02 1.16320878e-01 8.25693250e-01
    2.89337307e-01 1.07455105e-01 8.78753543e-01 3.61449242e-01
    9.00541067e-01 3.42632413e-01 3.68066847e-01 6.02895856e-01
    5.22091985e-01 8.22272182e-01 4.77286339e-01 1.30121231e-01
    2.50830531e-01 5.58276832e-01 1.16728961e-01 2.35825241e-01
    9.79467809e-01 9.58418131e-01 9.61030841e-01 8.78661036e-01
    9.06368792e-02 7.04146326e-01 1.16588235e-01 7.53672957e-01
    5.72374582e-01 4.99677062e-01 7.42980480e-01 6.00450635e-01
    9.59159136e-01 3.30566883e-01 6.82131350e-01 4.87954050e-01
    5.74229002e-01 2.73470223e-01 3.03383827e-01 9.52311993e-01
    2.03177631e-02 5.57339966e-01 6.15715146e-01 7.52330065e-01
    6.08682871e-01 1.65714860e-01 6.55052245e-01 2.67289042e-01
    2.75162905e-01 6.82766736e-02 7.62928665e-01 8.31078291e-01
    4.28313315e-01 3.14222932e-01 9.78491008e-02 9.67369556e-01
    6.62858605e-01 5.30636013e-01 5.41748643e-01 6.08873010e-01
    5.80425799e-01 7.93784261e-01 9.38000441e-01 1.08410031e-01
    8.42513740e-01 5.29591203e-01 1.16736382e-01 2.78424591e-01
    3.30958784e-01 8.14020038e-01 8.19020212e-01 7.87083507e-02
    1.42007768e-01 5.32576621e-01 4.70227897e-02 4.52996880e-01
    9.09537911e-01 9.91576493e-01 1.66260898e-01 2.74212360e-01
    1.40031755e-01 1.53940439e-01 6.08387709e-01 6.88583851e-01
    2.04026610e-01 9.59229708e-01 2.35861838e-02 9.22470093e-01
    8.00990939e-01 5.63793957e-01 3.44765186e-02 5.00271261e-01
    7.84681737e-02 4.72761571e-01 3.05488229e-01 3.01822245e-01
    2.25117683e-01 2.20772922e-02 8.47940445e-01 6.35342419e-01
    9.42017853e-01 8.71278167e-01 6.24458492e-02 2.63377905e-01
    1.47856504e-01 7.70601094e-01 2.97735155e-01 9.94521677e-02
    9.85453784e-01 4.18180078e-01 1.54311270e-01 8.05316150e-01
    3.99072707e-01 5.23278415e-02 3.97538751e-01 8.42273057e-01
    7.19593167e-02 3.69713038e-01 2.42136598e-01 5.82486928e-01
    9.97369587e-02 2.56209552e-01 9.41144228e-01 7.19695270e-01
    7.32365191e-01 7.63445973e-01 1.64676905e-01 1.15800500e-02
    5.39221764e-01 1.08981550e-01 4.35000390e-01 1.12319261e-01
    4.11331087e-01 8.55954766e-01 3.34609807e-01 7.42695749e-01
    9.99527037e-01 9.28706348e-01 9.09501016e-01 4.88901854e-01
    3.58295679e-01 6.64240181e-01 6.00144207e-01 6.40173078e-01
    4.18910086e-01 9.98584032e-01 2.24937677e-01 3.25085491e-01
    7.20242381e-01 2.01103508e-01 2.52678156e-01 3.65968347e-02
    9.45874691e-01 8.82177353e-01 2.54366428e-01 6.49463594e-01
    6.91635013e-01 1.67684525e-01 8.51972103e-02 5.39845228e-01
    3.38291526e-01 4.74768698e-01 7.39632845e-02 8.32089186e-01
    4.10311729e-01 4.34116423e-02 9.75579917e-01 8.41681004e-01
    5.66043139e-01 7.24552572e-01 8.25793266e-01 2.95042872e-01
    3.88419867e-01 8.45121980e-01 9.58147645e-01 5.00241339e-01
    1.05108827e-01 2.70534396e-01 4.87149298e-01 7.60800838e-02
    6.79871678e-01 4.37000990e-02 7.93755651e-01 6.29045725e-01
    6.82190657e-01 6.88090086e-01 5.37342668e-01 4.06780362e-01
    5.15155613e-01 4.04199630e-01 9.69699740e-01 5.25651276e-01
    6.68263793e-01 4.27188873e-01 5.42226315e-01 9.95786369e-01
    2.98911005e-01 9.15173233e-01 3.81805420e-01 1.48527324e-02
    2.05628246e-01 6.67328358e-01 1.74903095e-01 9.39964056e-01
    6.12953842e-01 2.08972126e-01 7.09564984e-01 8.18452775e-01
    5.35876274e-01 9.57153440e-01 6.93279505e-01 9.50309992e-01
    2.08199829e-01 6.69080138e-01 1.31263614e-01 3.94987792e-01
    3.45435679e-01 6.22925401e-01 8.56675982e-01 7.33588636e-02
    6.01082444e-02 7.33690739e-01 4.90880042e-01 7.64663398e-01
    6.58286095e-01 9.90653157e-01 3.33984643e-01 5.35516739e-01
    8.74302626e-01 3.09676230e-01 2.18838871e-01 7.72792697e-01
    2.20458120e-01 9.63894725e-01 8.46871734e-01 2.65476525e-01
    7.67876685e-01 6.10119104e-01 5.58900237e-01 3.78125727e-01
    9.58479345e-01 9.01549160e-02 9.80901837e-01 7.59336352e-01
    5.46232164e-02 4.07148033e-01 2.17259109e-01 8.89712036e-01
    3.24542224e-01 8.28932226e-02 2.84398198e-01 5.74016511e-01
    4.53886986e-01 2.11699545e-01 4.36413169e-01 1.59485549e-01
    8.03786039e-01 7.75613904e-01 4.83176380e-01 7.33396828e-01
    4.12618935e-01 3.95491362e-01 8.72888744e-01 4.00706798e-01
    8.95416737e-02 5.90928793e-01 5.83577633e-01 1.18980259e-01
    2.72320390e-01 4.63261664e-01 6.26568913e-01 9.01751876e-01
    6.27367318e-01 9.61195469e-01 7.72991300e-01 3.22807014e-01
    8.15063357e-01 9.20729280e-01 5.01047134e-01 4.40361142e-01
    3.80654097e-01 7.26712346e-01 8.24614584e-01 5.48209190e-01
    6.09860063e-01 4.36398685e-01 1.48561597e-02 7.38784015e-01
    8.06832314e-01 8.38460565e-01 9.70969677e-01 3.26654434e-01
    9.04273152e-01 2.95809746e-01 3.02223265e-02 5.94702542e-01
    7.42929757e-01 6.18714392e-01 4.71423477e-01 6.44977689e-01
    7.52678692e-01 4.53211635e-01 1.80134177e-02 2.37395853e-01
    2.46988595e-01 7.26429820e-01 3.19334507e-01 9.18920755e-01
    7.98774242e-01 9.22352195e-01 3.05556297e-01 4.41435993e-01
    9.15656090e-01 6.07436240e-01 3.94350231e-01 3.32286358e-01
    8.61461401e-01 5.52931845e-01 6.15735471e-01 6.97492003e-01
    5.50449669e-01 1.44916475e-02 3.48665476e-01 1.04457766e-01
    1.70441866e-01 9.37522590e-01 2.69201398e-03 6.17998838e-02
    3.05102140e-01 8.58437061e-01 4.71875459e-01 1.94689840e-01
    6.07257903e-01 3.75965625e-01 9.19858694e-01 6.48626924e-01
    4.95420367e-01 4.39372361e-01 9.14976120e-01 7.48955667e-01
    9.96001840e-01 1.04804516e-01 3.32917571e-01 5.35578907e-01
    6.36048138e-01 6.74255550e-01 2.63057232e-01 5.65187514e-01
    4.88662601e-01 1.99308187e-01 5.27920485e-01 1.25139505e-01
    2.26174891e-02 5.44208288e-03 8.70369434e-01 3.19664210e-01
    5.32622218e-01 8.48410130e-01 9.31127548e-01 4.23466474e-01
    1.30856276e-01 5.71566999e-01 3.08681846e-01 5.83858788e-01
    6.18212640e-01 1.88540548e-01 8.29445720e-02 4.33910608e-01
    6.98843956e-01 6.42157495e-01 1.50561959e-01 4.42131817e-01
    9.14057493e-01 2.12322503e-01 3.31608176e-01 7.68083870e-01
    1.68749392e-01 4.12075460e-01 4.26788241e-01 5.00872850e-01
    5.37826538e-01 8.59056592e-01 9.73799050e-01 4.80803043e-01
    7.60087073e-01 7.31594205e-01 7.29549289e-01 2.34801501e-01
    5.61420977e-01 8.97753477e-01 6.02046013e-01 9.58679199e-01
    1.04790241e-01 2.05311894e-01 6.22802854e-01 3.11206579e-01
    6.54417038e-01 3.51143181e-01 2.04531163e-01 7.58792400e-01
    9.93956208e-01 7.43170977e-02 8.63471031e-02 1.55467540e-01
    3.17360938e-01 9.44157839e-01 5.38009226e-01 1.96135551e-01
    3.91076684e-01 4.60685343e-01 6.62354767e-01 1.25364959e-01
    1.75010622e-01 3.07754815e-01 5.04771769e-01 3.38492364e-01
    8.06924284e-01 7.15397596e-01 4.76094157e-01 7.05830693e-01
    1.37823820e-01 2.07280189e-01 4.93994832e-01 8.02488387e-01
    6.70632541e-01 3.99205893e-01 3.45765859e-01 2.05778688e-01
    9.45158601e-01 7.17187881e-01 7.38814294e-01 8.77542019e-01
    8.50983262e-01 6.10914707e-01 6.35869503e-02 1.33427560e-01
    1.98311269e-01 9.26479101e-01 6.28135502e-02 8.52509141e-01
    3.83521974e-01 7.60457397e-01 1.29380703e-01 7.34233022e-01
    3.56881797e-01 6.45768642e-01 2.96269774e-01 3.97659481e-01
    6.31633878e-01 1.60984457e-01 4.88903224e-01 1.44995958e-01
    5.22240698e-02 1.62426263e-01 7.90659904e-01 1.17961645e-01
    5.73820472e-01 7.08445132e-01 1.10918283e-01 2.69527078e-01
    6.39083087e-01 6.63099766e-01 1.70058876e-01 8.24644446e-01
    2.13921696e-01 3.34731013e-01 6.25471771e-01 6.23969674e-01
    1.67906821e-01 8.25028002e-01 1.52108788e-01 7.65038610e-01
    5.03927469e-03 4.58311260e-01 5.11976957e-01 9.59880114e-01
    1.89802051e-03 8.56853783e-01 4.71369922e-02 3.90548706e-01
    6.39735818e-01 1.17405057e-01 8.97948623e-01 4.66741860e-01
    8.47593307e-01 3.81951034e-01 4.24292564e-01 9.69743133e-02
    2.20951259e-01 1.40774727e-01 9.21486735e-01 2.89956719e-01
    2.19639838e-01 9.79025126e-01 9.77300048e-01 8.36925387e-01
    8.81996632e-01 5.27583182e-01 2.28592813e-01 7.49023616e-01
    1.12869561e-01 6.04892433e-01 9.36116457e-01 7.52606034e-01
    5.07396877e-01 7.57509232e-01 8.12981129e-01 8.78447831e-01
    7.77578473e-01 1.60352200e-01 4.03011978e-01 7.89855123e-01
    7.32763231e-01 7.59400785e-01 1.72807276e-01 4.75916266e-02
    6.05305970e-01 8.65100026e-02 2.21331656e-01 3.75136316e-01
    9.79115129e-01 1.97958112e-01 2.63173312e-01 4.64063615e-01
    8.98252785e-01 9.69654918e-01 2.88997591e-01 9.31704164e-01
    4.83982265e-01 1.12229973e-01 3.11150551e-02 7.67980933e-01
    7.81058311e-01 8.77111316e-01 3.96302402e-01 7.84914017e-01
    1.97070032e-01 3.69184464e-01 8.14598203e-01 5.28939962e-02
    2.21342355e-01 2.74825722e-01 2.62530059e-01 5.26978970e-02
    8.83956909e-01 5.18713772e-01 1.97817504e-01 6.55365586e-01
    2.02957094e-02 7.81719685e-02 8.98503065e-01 3.46596360e-01
    2.39509881e-01 9.90787446e-02 3.19149554e-01 5.96010029e-01
    5.79832733e-01 4.41669077e-01 5.93596399e-01 2.12089330e-01
    2.61625350e-02 1.88484460e-01 8.77947271e-01 7.24254012e-01
    6.62996948e-01 7.70690441e-01 9.22830224e-01 6.61446154e-02
    4.07925665e-01 7.26418138e-01 7.67134786e-01 8.78497243e-01
    7.58046389e-01 1.95790201e-01 5.87600231e-01 3.41358513e-01
    8.56253862e-01 9.90738750e-01 3.89516741e-01 4.62480724e-01
    8.93162549e-01 1.11001104e-01 9.49993134e-01 3.16324413e-01
    2.28322774e-01 8.58708024e-01 3.41372430e-01 5.40567219e-01
    8.28335524e-01 9.35366631e-01 8.26930940e-01 6.29649639e-01
    5.36055505e-01 7.72673488e-02 4.36171472e-01 9.00805950e-01
    7.09660232e-01 8.89526725e-01 8.50117445e-01 3.32613885e-02
    9.84090567e-02 2.44397879e-01 4.42465425e-01 3.33904326e-01
    9.61893678e-01 5.70263147e-01 6.03836417e-01 2.30698317e-01
    2.83361524e-01 1.26840472e-01 6.91055179e-01 3.56124640e-01
    6.67014122e-02 1.95287138e-01 2.53743529e-01 3.58060479e-01
    6.89834595e-01 8.51296902e-01 1.48533732e-01 8.40989232e-01
    6.65125191e-01 2.61156529e-01 7.72474408e-02 1.97661221e-01
    4.00723100e-01 2.45568514e-01 6.55770302e-04 7.00004399e-02
    2.60635138e-01 7.87014961e-01 9.15232301e-01 4.76583302e-01
    1.14034563e-01 2.99248338e-01 5.33178985e-01 8.56011987e-01
    9.69167233e-01 1.61170393e-01 3.68746817e-02 1.89486772e-01
    7.04294443e-01 4.18601573e-01 1.23680174e-01 7.41653383e-01
    4.67357099e-01 9.61020112e-01 5.28077543e-01 7.90066481e-01
    1.33332908e-02 3.21950018e-01 5.29013872e-01 4.62316275e-01
    7.00339377e-02 2.87601024e-01 2.17387974e-01 3.58243287e-02
    1.29649311e-01 6.81627095e-01 1.91045731e-01 8.00137639e-01
    9.62130249e-01 9.50856388e-01 6.88928604e-01 2.86901027e-01
    8.23686957e-01 1.63774788e-01 9.31559622e-01 7.36808360e-01
    3.91480029e-02 8.24393630e-01 8.86721969e-01 8.10163379e-01
    9.66168284e-01 8.49233150e-01 6.44310951e-01 8.93752635e-01
    6.16825521e-02 6.68622494e-01 2.44317889e-01 2.86255360e-01
    2.11076528e-01 6.08243823e-01 2.96143055e-01 4.09358323e-01
    5.35167933e-01 5.68787694e-01 7.65389085e-01 1.69544429e-01
    4.83983189e-01 4.23007101e-01 4.67011899e-01 4.33210880e-01
    7.11858571e-02 5.64469278e-01 3.30984294e-01 6.40365422e-01
    6.33368790e-01 4.38765496e-01 8.17857385e-01 7.66909242e-01
    1.20823890e-01 9.38947558e-01 4.75449830e-01 4.04442936e-01
    1.39192969e-01 3.73480588e-01 3.21054399e-01 4.29938078e-01
    6.14523888e-01 3.31046700e-01 8.72741699e-01 5.25041521e-01
    8.82420540e-02 2.96209574e-01 8.08319449e-02 9.41370249e-01
    5.90127110e-01 1.01655722e-03 6.71124697e-01 4.86547649e-01
    5.63970029e-01 8.53133261e-01 8.78888249e-01 5.51306367e-01
    4.41868126e-01 5.33566773e-01 5.21885514e-01 2.04189390e-01
    4.92602408e-01 4.70261663e-01 3.89716685e-01 6.40994310e-02
    4.63033617e-01 4.82397109e-01 7.88045049e-01 9.35808182e-01
    5.62260866e-01 7.01576769e-01 2.10108757e-02 8.30809116e-01
    5.25503516e-01 6.00404739e-01 6.04580224e-01 3.07836533e-02
    5.01911879e-01 7.05076575e-01 8.84779930e-01 8.04157257e-01
    5.61337948e-01 1.41805530e-01 2.96902657e-02 5.33410072e-01
    8.92181396e-01 2.94536740e-01 3.56908143e-02 3.57358038e-01
    5.44707239e-01 1.85239613e-02 8.52679849e-01 1.21142298e-01
    5.15202582e-01 3.02493900e-01 2.61546731e-01 7.93975472e-01
    3.36863995e-02 4.41100150e-01 5.22505105e-01 3.01924706e-01
    6.45208240e-01 5.63245177e-01 5.50552726e-01 6.31906629e-01
    9.60571349e-01 9.57717657e-01 5.11767685e-01 3.76339853e-01
    2.34679163e-01 1.29510134e-01 4.44986761e-01 7.95440197e-01
    9.42727923e-03 3.70034575e-01 8.26590419e-01 2.11437762e-01
    3.47769320e-01 3.99660468e-02 9.73371148e-01 9.49435771e-01
    9.21007693e-01 9.82835650e-01 7.58694708e-02 3.70875895e-02
    9.13766026e-01 2.70850599e-01 9.39466119e-01 2.07430214e-01
    2.19180167e-01 7.92789936e-01 3.43808830e-01 6.99041247e-01
    7.62493134e-01 2.82766521e-01 8.05492938e-01 1.92512780e-01
    3.41747999e-01 2.95032561e-01 5.30909300e-02 8.35937262e-01
    1.03136837e-01 1.30572021e-02 6.88385844e-01 5.64880133e-01
    8.50886583e-01 8.75498414e-01 6.06742442e-01 1.11135691e-01
    3.74731719e-02 3.12817574e-01 4.15739506e-01 4.33829010e-01
    1.94116533e-02 8.72346282e-01 4.64091092e-01 5.74302137e-01
    2.43320167e-01 8.05804312e-01 6.72219157e-01 7.00507998e-01
    8.08183551e-01 9.45361018e-01 1.23944283e-02 4.44048434e-01
    5.48711717e-01 3.75664771e-01 2.30436176e-01 4.58184034e-01
    2.80317008e-01 9.95939672e-01 4.01716948e-01 8.28476667e-01
    2.24804193e-01 5.89577854e-01 4.74972963e-01 4.15557623e-02
    3.65122885e-01 6.33611083e-02 8.32557678e-02 3.28591943e-01
    5.70008397e-01 7.27423191e-01 7.31745958e-01 9.48036611e-01
    5.88752806e-01 1.00589991e-02 2.28475541e-01 5.39310277e-01
    9.82400835e-01 1.84572577e-01 7.30889678e-01 3.60299587e-01
    6.82693839e-01 6.76988244e-01 4.05255854e-01 3.25242043e-01
    7.74633884e-01 6.00785017e-01 4.79008973e-01 7.33821094e-01
    8.31111908e-01 3.52116078e-01 3.92460108e-01 1.59813493e-01
    5.40728867e-02 7.21414089e-01 5.72041452e-01 5.14726460e-01
    8.70601058e-01 3.60395312e-02 7.42147267e-01 7.00670242e-01
    4.95321900e-01 5.98517299e-01 1.02825612e-01 2.16991931e-01
    7.65910089e-01 7.83356905e-01 3.01706553e-01 8.14062834e-01
    7.54051924e-01 6.42233729e-01 8.26945066e-01 3.59545588e-01
    4.51887190e-01 2.15827376e-01 2.47158229e-01 5.74730933e-02
    3.13616574e-01 1.86696708e-01 4.63726312e-01 2.04965115e-01
    2.84712881e-01 5.29134274e-01 1.31993085e-01 9.98620868e-01
    8.97130668e-02 8.56656432e-01 3.74818861e-01 2.77113348e-01
    6.11091375e-01 7.91113973e-02 1.24025643e-01 4.39311624e-01
    2.14417100e-01 4.45886493e-01 8.70419979e-01 5.05805969e-01
    9.29143667e-01 3.55305105e-01 6.10167503e-01 2.16726333e-01
    8.09027910e-01 4.48411107e-02 6.69453979e-01 7.43227005e-01
    8.04671168e-01 2.74089932e-01 9.34242845e-01 2.18650371e-01
    6.31235957e-01 1.02448136e-01 1.65133387e-01 2.89171100e-01
    3.83844197e-01 4.93412971e-01 7.65180945e-01 7.64741838e-01
    6.21001899e-01 7.72470713e-01 5.32272160e-01 8.61943603e-01
    9.90833282e-01 6.43604279e-01 6.07614815e-01 6.18565738e-01
    5.07921398e-01 3.99816304e-01 2.73834050e-01 1.19286478e-01
    3.76248926e-01 2.82785773e-01 5.88378310e-01 9.96062160e-01
    6.47114635e-01 5.15140116e-01 4.53138649e-02 4.92720604e-02
    9.96504903e-01 3.11947763e-02 7.35218525e-01 7.69839048e-01
    5.74267685e-01 3.64241064e-01 6.59478605e-01 7.37074852e-01
    5.80367744e-02 8.13489079e-01 8.32765818e-01 2.45185584e-01
    9.52719390e-01 4.99914438e-01 9.55654919e-01 7.46422648e-01
    5.17264009e-02 5.48336208e-01 3.88767958e-01 3.13723356e-01
    3.64133209e-01 8.21215570e-01 9.11748171e-01 9.65653658e-02
    9.97103691e-01 1.07067823e-03 5.87590337e-01 7.19671845e-01
    1.69611126e-01 3.88476372e-01 5.99881113e-02 7.78808951e-01
    5.04982710e-01 2.84575641e-01 2.23103732e-01 7.45723784e-01
    1.43515646e-01 6.67871416e-01 7.96581030e-01 3.52996290e-01
    1.06907248e-01 8.06893110e-01 5.69469094e-01 4.94773507e-01
    2.90949702e-01 8.42683733e-01 2.67127156e-02 9.83844340e-01
    1.25338525e-01 6.42343640e-01 9.55581546e-01 1.71670288e-01
    7.15520859e-01 6.07658684e-01 9.85457301e-01 5.82926512e-01
    3.04856598e-01 2.04378307e-01 8.82385731e-01 3.13032478e-01
    7.01558292e-01 8.11814249e-01 8.21823120e-01 3.02419960e-01
    6.16233110e-01 2.52851307e-01 1.53537482e-01 4.78917778e-01
    9.60949063e-03 2.93639004e-01 2.41709083e-01 6.85231447e-01
    6.73862815e-01 9.02862549e-01 7.81756043e-01 8.98272574e-01
    3.92394960e-01 8.75506043e-01 1.32122993e-01 1.39605641e-01
    2.81259298e-01 4.08365160e-01 6.81855083e-01 9.70936835e-01
    8.03684950e-01 7.73880005e-01 2.65611112e-01 6.43254519e-02
    2.28431731e-01 1.16422921e-01 7.34625161e-02 7.46947169e-01
    3.91828775e-01 6.10061944e-01 3.17786306e-01 2.98699200e-01
    8.49703074e-01 9.56515670e-01 6.58754528e-01 1.92301780e-01
    5.56073964e-01 8.04423630e-01 2.94387639e-02 4.36422467e-01
    9.12614584e-01 1.25199556e-01 2.21726745e-01 6.33893132e-01
    9.70761538e-01 7.95903683e-01 7.09125519e-01 5.22981882e-01
    3.67273092e-01 2.38749206e-01 7.31644869e-01 9.91716027e-01
    3.62432182e-01 2.93862581e-01 4.52439785e-02 9.43835199e-01
    1.67476356e-01 4.78567362e-01 8.09850395e-02 1.83745354e-01
    7.62364566e-02 2.49161661e-01 9.35039520e-01 1.67647272e-01
    3.87098014e-01 1.30004287e-01 9.67417777e-01 5.19261718e-01
    3.24833274e-01 5.45952022e-02 4.00824964e-01 4.15136099e-01
    3.44538212e-01 4.26208735e-01 2.78461874e-01 2.67706931e-01
    2.62738675e-01 2.39217162e-01 2.72034019e-01 2.96911716e-01
    1.66022927e-01 5.22949100e-01 9.28427458e-01 7.50968874e-01
    5.24816811e-02 6.25499427e-01 3.31823826e-01 2.76729226e-01
    4.53231335e-01 7.23696887e-01 2.50917375e-01 8.01461160e-01
    7.87638009e-01 2.94337571e-01 8.34864020e-01 4.73525435e-01
    8.57028604e-01 8.24035525e-01 7.05338418e-02 2.41319835e-01
    7.86143303e-01 5.58751106e-01 1.28703296e-01 5.52882254e-02
    9.00928557e-01 7.82854319e-01 2.64168054e-01 4.62609589e-01
    3.06861848e-01 7.42767096e-01 3.83375347e-01 7.57133663e-01
    7.18859434e-01 7.23265052e-01 2.48463809e-01 1.78903550e-01
    3.97687942e-01 1.44205123e-01 6.19948804e-01 7.60064185e-01
    2.08842725e-01 7.87031353e-01 5.05471289e-01 4.81822759e-01
    5.43682218e-01 1.39853328e-01 4.51378345e-01 5.92200339e-01
    2.79631317e-02 6.68154836e-01 2.31845587e-01 6.44241571e-02
    1.39999956e-01 8.22973013e-01 1.73412174e-01 9.88135576e-01
    6.76521957e-02 1.73945338e-01 2.34192103e-01 8.41734111e-02
    4.36608493e-01 4.39298868e-01 4.39222962e-01 2.99939841e-01
    9.81957138e-01 8.52464139e-02 7.89260149e-01 2.32202828e-01
    6.57136500e-01 6.75072253e-01 6.32306993e-01 3.33390474e-01
    3.94162506e-01 9.00252163e-01 4.10773814e-01 2.44387209e-01
    9.09274459e-01 3.80008459e-01 3.49194705e-02 7.90030181e-01
    5.04093945e-01 7.41663456e-01 2.22573519e-01 9.81051087e-01
    8.91247988e-01 9.03076768e-01 1.57351732e-01 6.07524097e-01
    5.67496181e-01 9.65442359e-02 6.45053744e-01 3.35092187e-01
    1.91857398e-01 9.21227694e-01 3.69977951e-02 6.26462340e-01
    2.55241692e-01 5.68597555e-01 8.63360763e-02 7.06729889e-01
    3.68647099e-01 6.63525999e-01 2.91334450e-01 5.37309229e-01
    2.95346856e-01 8.63048792e-01 6.97612226e-01 4.51084882e-01
    9.61172938e-01 7.36828327e-01 4.40822959e-01 7.18126655e-01
    8.72547448e-01 3.81777406e-01 5.70236564e-01 7.29936182e-01
    2.80162096e-01 4.29991752e-01 5.44477582e-01 7.64195561e-01
    8.64537001e-01 7.48737872e-01 7.41630554e-01 2.40116447e-01
    7.50231504e-01 5.67474008e-01 5.18891096e-01 9.70602632e-01
    7.78184831e-01 1.07425600e-01 3.34765077e-01 2.39082724e-01
    2.16276944e-02 8.72391343e-01 9.57754493e-01 7.52294183e-01
    9.73690987e-01 4.15039659e-02 4.36424702e-01 2.10168511e-01
    3.44131291e-01 4.03717190e-01 7.19541192e-01 4.85486180e-01
    4.11093414e-01 1.04998112e-01 1.07783109e-01 9.08067584e-01
    6.78281546e-01 3.36721599e-01 1.84739172e-01 7.35349119e-01
    4.18543309e-01 5.87066114e-02 7.86385417e-01 8.78491819e-01
    4.25023139e-01 8.07662964e-01 9.72641647e-01 8.61691833e-01
    3.81740451e-01 4.67921942e-01 7.65251696e-01 4.21295464e-02
    2.44097263e-01 2.58464813e-01 4.26805019e-02 5.51063299e-01
    2.28370488e-01 5.08096755e-01 2.36771405e-02 3.28841418e-01
    4.07910168e-01 2.70090044e-01 1.89921796e-01 7.46250749e-02
    1.06148183e-01 8.64416361e-01 7.77137518e-01 4.31782007e-01
    1.78011835e-01 3.97639573e-02 7.59694219e-01 6.38400018e-01
    6.14458084e-01 5.61820269e-02 3.92809033e-01 5.03727019e-01
    4.94643658e-01 3.33919406e-01 9.29093361e-01 7.20832765e-01
    7.11025596e-01 4.82835889e-01 4.38706994e-01 8.29305530e-01
    3.30195427e-01 8.70489776e-02 7.73048282e-01 6.39721692e-01
    6.57869637e-01 5.19817889e-01 8.84179473e-01 9.78198886e-01
    6.85068130e-01 6.13992453e-01 9.01621759e-01 1.52760446e-01
    5.71965098e-01 3.56036842e-01 1.64551735e-02 8.56455088e-01
    8.90196800e-01 8.95264626e-01 9.30569768e-01 2.29546875e-01
    1.56152397e-01 4.97851014e-01 9.55881596e-01 6.86264634e-01
    5.35259724e-01 7.51940966e-01 3.77424300e-01 4.52899277e-01
    4.75309551e-01 1.94825739e-01 9.98496890e-01 8.60436022e-01
    1.14569366e-02 7.56238818e-01 4.86134559e-01 2.87845731e-01
    4.39487994e-02 2.11544186e-01 4.75515813e-01 1.04123354e-02
    1.63169473e-01 2.26617962e-01 8.36083472e-01 4.64026392e-01
    8.55462909e-01 5.46732247e-02 9.07151699e-01 3.79772633e-01
    8.96616280e-01 2.22006410e-01 5.07843971e-01 2.26336569e-01
    1.35090977e-01 9.68434274e-01 3.92602503e-01 4.39149469e-01
    8.67553771e-01 2.81322926e-01 9.77660656e-01 7.76052713e-01
    1.58824265e-01 1.40408874e-01 4.87921387e-01 4.22623336e-01
    2.97874629e-01 3.39997590e-01 8.91314030e-01 5.36890268e-01
    3.12439770e-01 9.70762312e-01 4.56780016e-01 1.14816606e-01
    4.95142967e-01 2.64718980e-01 8.56210947e-01 6.24141097e-03
    8.53343010e-01 9.04858828e-01 9.55310881e-01 2.95682400e-01
    9.48569655e-01 8.00602615e-01 8.10149074e-01 3.93560290e-01
    3.20400476e-01 9.44375277e-01 4.47999835e-02 3.46952379e-01
    7.79413521e-01 6.31433725e-01 8.94008279e-01 7.23399401e-01
    6.41033530e-01 7.84698844e-01 7.09262490e-03 9.79928792e-01
    6.22572124e-01 2.18144894e-01 1.20075971e-01 3.06936204e-01
    7.84997582e-01 7.39768684e-01 5.96019924e-01 4.83147204e-01
    8.09516788e-01 1.92748427e-01 1.09570324e-02 2.62887001e-01
    7.00958729e-01 1.96348906e-01 9.10965800e-01 9.72257972e-01
    9.97520387e-02 3.08516502e-01 1.81310683e-01 6.78984821e-01
    7.92529225e-01 3.13328922e-01 5.63582480e-01 5.46358407e-01
    2.78424144e-01 9.21483994e-01 7.01834202e-01 1.41937256e-01
    9.19333100e-01 9.80528414e-01 9.28622365e-01 7.71414578e-01
    8.21677327e-01 3.20004195e-01 9.14312184e-01 5.02254307e-01
    2.34744549e-01 8.15697312e-01 4.53937769e-01 6.18140161e-01
    2.77075112e-01 8.88662934e-01 5.57411253e-01 6.80145264e-01
    4.76834416e-01 5.28978109e-01 1.40379041e-01 8.29732001e-01
    3.23327303e-01 2.17174560e-01 3.70809078e-01 4.04973388e-01
    7.48863518e-01 2.78870940e-01 4.28840816e-02 2.66281188e-01
    8.69930148e-01 6.02204800e-01 3.96575242e-01 7.79318929e-01
    5.17157376e-01 9.04009938e-01 5.71152806e-01 7.83287406e-01
    8.92652512e-01 3.61566007e-01 3.96774828e-01 2.87135184e-01
    3.79624665e-01 9.79440689e-01 1.09728873e-02 1.01992220e-01
    4.51570660e-01 8.78203869e-01 4.61839318e-01 4.27595675e-02
    7.42024779e-01 8.78313541e-01 5.78897715e-01 9.04387712e-01
    2.56130457e-01 6.65780902e-01 3.86933476e-01 3.96462083e-02
    3.02535295e-01 3.67696375e-01 4.53546792e-01 3.52708936e-01
    9.48920131e-01 2.30684280e-01 6.71754777e-01 1.46032512e-01
    5.38816690e-01 8.16836834e-01 6.12626672e-01 8.60776067e-01
    6.19283676e-01 8.53073597e-01 3.80780160e-01 4.77651566e-01
    5.36032021e-01 8.90994310e-01 3.90917331e-01 1.04062706e-01
    2.71364152e-02 8.52017522e-01 1.43194199e-02 1.24650031e-01
    4.66468334e-01 4.76464808e-01 1.04405642e-01 7.35548854e-01
    3.68379891e-01 4.03192520e-01 4.10316885e-01 4.60005999e-02
    9.70503211e-01 4.06503975e-02 2.41686374e-01 7.06732154e-01
    5.02986908e-01 6.19970500e-01 9.93258595e-01 5.12258410e-01
    2.76269466e-01 3.95520300e-01 4.97969657e-01 2.29386151e-01
    3.72021466e-01 7.35448837e-01 2.09327370e-01 3.13689977e-01
    1.06718630e-01 4.18327451e-02 8.12043250e-02 5.47492802e-01
    3.53507936e-01 3.66289437e-01 4.25691664e-01 2.49806643e-02
    4.14478779e-03 3.26613396e-01 9.44949031e-01 2.86920816e-01
    8.21893454e-01 7.29694247e-01 8.31422508e-01 6.46540046e-01
    9.58419859e-01 8.47676218e-01 4.03463840e-03 9.48403776e-02
    2.46125042e-01 1.97260976e-01 7.95034170e-02 9.94569063e-03
    1.29791021e-01 2.47158676e-01 7.98793137e-01 1.26436383e-01
    6.91531003e-02 6.14775836e-01 3.03883553e-01 8.71543109e-01
    1.69509649e-01 9.86290216e-01 9.13290977e-01 5.05847633e-01
    7.39752889e-01 2.23479152e-01 4.24168468e-01 4.00146902e-01
    1.08935297e-01 3.55486870e-02 1.57011598e-01 8.70429039e-01
    8.62301707e-01 6.56173587e-01 4.48291898e-02 2.70776987e-01
    8.80082965e-01 2.20118284e-01 1.05958998e-01 6.22148514e-01
    3.84944379e-02 4.81821805e-01 8.70397687e-03 8.63505900e-01
    5.46401024e-01 3.36942017e-01 1.55594796e-01 6.22932434e-01
    4.97629374e-01 3.57684493e-01 5.50351441e-01 6.95227146e-01
    4.14161325e-01 4.81440812e-01 7.72899270e-01 7.09598184e-01
    7.38849878e-01 3.26953411e-01 4.84663874e-01 1.02563888e-01
    1.15442187e-01 6.47981346e-01 1.13947898e-01 9.32359815e-01
    5.76520741e-01 1.98869467e-01 4.78822410e-01 6.73643291e-01
    8.63126457e-01 3.01383018e-01 7.53606558e-02 8.16940904e-01
    9.04712975e-02 9.16826963e-01 7.35866070e-01 7.25460649e-01
    3.73931885e-01 1.15762085e-01 7.47087181e-01 9.06834602e-01
    7.06624806e-01 3.04300427e-01 8.59822273e-01 9.94211912e-01
    6.37183368e-01 2.46115595e-01 1.14399642e-01 7.47025967e-01
    4.32180762e-01 6.85265660e-01 4.40062433e-01 4.83960807e-02
    2.40934581e-01 4.61493313e-01 2.89939582e-01 4.67353016e-01
    9.55053687e-01 6.71315193e-01 1.54849052e-01 9.75744486e-01
    9.51784492e-01 2.22963423e-01 4.69403982e-01 3.07430863e-01
    9.36795592e-01 7.37038136e-01 4.38911915e-02 1.55905038e-01
    9.39572513e-01 8.31239104e-01 5.44286907e-01 6.73332393e-01
    5.83828092e-02 5.25803745e-01 3.72030556e-01 6.01618528e-01
    7.77473330e-01 1.81318313e-01 7.98896670e-01 9.43107843e-01
    4.67756122e-01 2.61959553e-01 5.93015790e-01 8.74248505e-01
    4.76887852e-01 4.52793181e-01 7.11786628e-01 6.57446980e-02
    6.85773075e-01 5.78399539e-01 6.55990720e-01 5.99341512e-01
    1.76341832e-02 6.59392595e-01 5.61239898e-01 8.46676350e-01
    7.10460782e-01 2.63283849e-02 7.83328354e-01 3.78758073e-01
    1.69946790e-01 7.47413516e-01 4.42482919e-01 9.78269458e-01
    9.41177428e-01 6.99916720e-01 8.88966084e-01 6.83321357e-01
    7.33134508e-01 2.88919687e-01 6.27745748e-01 1.98872119e-01
    2.14474291e-01 6.67226374e-01 2.87786126e-01 9.77984011e-01
    7.06818759e-01 9.27105486e-01 2.40831614e-01 9.71025884e-01
    3.57066333e-01 9.83080864e-02 2.38051265e-01 3.22170377e-01
    4.78936553e-01 2.28597820e-01 2.58404911e-01 7.31753230e-01
    1.52598023e-01 1.48150921e-02 1.45020485e-02 2.77912527e-01
    3.30769062e-01 3.21519136e-01 3.88400227e-01 4.26977873e-02
    7.54381418e-01 8.63121152e-01 5.83760858e-01 7.04963923e-01
    2.17148960e-02 5.54223657e-02 5.77914476e-01 9.77619886e-01
    6.69579506e-01 1.93997920e-01 5.69577098e-01 4.71792310e-01
    5.65547287e-01 6.61282778e-01 8.07469130e-01 2.66280979e-01
    7.71869123e-02 9.12536979e-01 9.36259985e-01 4.99011397e-01
    7.22453117e-01 6.16669655e-01 6.96313441e-01 9.28901255e-01
    9.82216597e-01 8.25745940e-01 7.95814872e-01 7.03677773e-01
    8.03735077e-01 8.40003610e-01 6.00601137e-01 5.86890936e-01
    3.27665150e-01 8.96023631e-01 1.73397094e-01 3.85302603e-01
    8.09072018e-01 4.29789126e-02 6.58026218e-01 6.10704005e-01
    8.65462959e-01 2.05769539e-02 8.79820585e-01 2.64444053e-02
    3.24251354e-02 6.88931346e-02 4.72752571e-01 8.48623395e-01
    2.82154113e-01 9.92253423e-01 5.77193975e-01 8.36582243e-01
    3.48879695e-02 8.91031802e-01 2.53461063e-01 9.36964989e-01
    5.57041943e-01 2.67125487e-01 6.93531394e-01 5.68248868e-01
    1.72379404e-01 9.15171206e-01 5.06758153e-01 7.92981386e-01
    2.26813257e-02 3.24506819e-01 2.87903398e-01 9.58492160e-01
    8.96576941e-02 5.19516468e-01 9.51262653e-01 8.75270009e-01
    3.68376672e-01 5.63026309e-01 2.87980407e-01 6.40495181e-01
    5.09218693e-01 7.85432577e-01 5.60620904e-01 7.45148957e-02
    5.55862010e-01 7.78977931e-01 7.90498316e-01 1.25668406e-01
    2.48497009e-01 9.99894619e-01 6.12332046e-01 1.29613936e-01
    6.20907724e-01 8.47210050e-01 4.59795177e-01 9.75762844e-01
    9.63399649e-01 1.84434265e-01 6.60615325e-01 5.73118091e-01
    1.56252176e-01 6.25894904e-01 8.03538561e-01 4.49379086e-02
    8.93723607e-01 9.28460121e-01 5.27495146e-01 1.04201049e-01
    9.40885246e-01 2.15908051e-01 5.51841855e-01 6.93334639e-02
    8.53296041e-01 8.49987745e-01 5.75786293e-01 3.73528928e-01
    6.68615103e-02 2.17870086e-01 3.32943708e-01 6.85842037e-02
    5.78377128e-01 5.15444577e-02 9.04331088e-01 5.22032559e-01
    5.85538566e-01 6.85177743e-02 2.30313599e-01 2.34606177e-01
    5.84313154e-01 6.46028757e-01 5.21799445e-01 4.68178809e-01
    2.89117366e-01 8.86462450e-01 5.85806787e-01 1.91353261e-01
    7.08898783e-01 1.10016763e-01 3.34366500e-01 7.52120376e-01
    8.92179370e-01 8.53836834e-02 7.85692096e-01 6.11980677e-01
    3.51188064e-01 3.07091475e-01 9.25860345e-01 3.54515433e-01
    2.11921543e-01 6.35595679e-01 4.29043442e-01 6.75164938e-01
    6.81777239e-01 6.50266588e-01 5.97944438e-01 2.47199744e-01
    7.32127905e-01 8.00532460e-01 1.41605079e-01 3.54828417e-01
    6.27764344e-01 8.82267058e-01 2.85864204e-01 7.11472452e-01
    4.45651263e-01 3.60453099e-01 9.28983331e-01 9.39004898e-01
    5.19685924e-01 8.36939216e-01 1.30197436e-01 9.48558331e-01
    8.09168458e-01 8.51955116e-01 1.06978506e-01 8.48237216e-01
    5.15855491e-01 9.35252011e-01 1.96531326e-01 1.16195351e-01
    9.29029703e-01 9.72131193e-02 4.38640714e-02 3.27434540e-01
    3.25261414e-01 1.72786742e-01 1.13373160e-01 8.20205927e-01
    3.03691924e-01 5.04642785e-01 2.17249095e-01 5.99267423e-01
    8.20541620e-01 8.65421414e-01 6.45402193e-01 6.06261432e-01
    3.53872657e-01 6.44922853e-02 9.65976596e-01 6.77157938e-01
    7.31762052e-01 9.65281785e-01 1.43876493e-01 9.11528468e-01
    1.47698820e-02 1.54730558e-01 8.27195525e-01 8.67963493e-01
    7.86339283e-01 8.07690144e-01 4.11909610e-01 4.81241494e-01
    8.18690062e-02 7.76981711e-01 3.65353823e-02 6.58773243e-01
    7.47315943e-01 4.40899432e-02 1.06123567e-01 4.83774364e-01
    6.03627086e-01 7.75459409e-03 9.17741895e-01 6.34489059e-02
    7.96164870e-01 3.79340827e-01 3.78874421e-01 1.09030604e-02
    6.91321611e-01 1.28077447e-01 2.99413145e-01 1.74528033e-01
    1.35264456e-01 2.66905725e-02 8.28745961e-01 1.70299977e-01
    9.13427353e-01 7.85163343e-01 5.50571859e-01 2.05163985e-01
    8.36008787e-01 5.90547144e-01 8.29604387e-01 2.15007037e-01
    7.36775100e-01 2.86417305e-02 2.75415987e-01 4.10472780e-01
    1.99103951e-01 3.97075415e-01 2.87297666e-01 3.19435477e-01
    2.66338885e-01 8.80279541e-01 6.11691713e-01 1.45551473e-01
    9.10812259e-01 7.31215954e-01 7.87242174e-01 6.41380429e-01
    5.73732853e-01 2.67370343e-02 5.00278473e-02 8.53059530e-01
    6.71878755e-01 5.22956491e-01 2.14832187e-01 4.22688007e-01
    7.12722898e-01 7.80088902e-01 3.82680625e-01 5.91379762e-01
    6.10406995e-01 7.77315736e-01 2.50432819e-01 7.36904383e-01
    4.47937906e-01 4.38799828e-01 9.24723864e-01 6.68219268e-01
    7.00517058e-01 1.07148945e-01 6.37605309e-01 8.47692311e-01
    4.87046152e-01 2.47550160e-01 8.99839878e-01 1.31476283e-01
    4.98573542e-01 8.53594422e-01 3.86352688e-01 1.05407864e-01
    4.85058188e-01 9.79614377e-01 7.29608178e-01 2.59095818e-01
    4.81303006e-01 6.69959784e-02 3.12192619e-01 2.13444233e-03
    4.15779591e-01 5.56713402e-01 2.35694736e-01 5.46264410e-01
    9.42343831e-01 4.21650112e-01 2.50094831e-02 4.42678124e-01
    1.23440444e-01 2.02658355e-01 6.04899526e-02 3.08630645e-01
    6.38175905e-02 8.54862213e-01 6.72470987e-01 4.24820453e-01
    3.53312731e-01 1.00808859e-01 4.14593160e-01 7.10151196e-01
    9.28937495e-02 7.01760769e-01 5.61665833e-01 1.51050687e-01
    3.29120427e-01 4.48474079e-01 7.68849850e-01 8.88099432e-01
    2.11233258e-01 9.36010182e-01 9.82729435e-01 6.79342508e-01
    4.75360125e-01 9.91750121e-01 3.48937094e-01 1.45690531e-01
    8.64826560e-01 2.87101477e-01 8.72124076e-01 5.56837499e-01
    6.86247051e-02 5.26922166e-01 8.62835169e-01 5.69212973e-01
    9.54543233e-01 5.51701963e-01 2.02503234e-01 2.39602923e-02
    3.10844481e-01 3.00170094e-01 2.03368843e-01 5.30982614e-01
    9.78949547e-01 9.21773195e-01 4.70736623e-03 6.41016483e-01
    4.82058764e-01 9.76805747e-01 9.95971322e-01 9.17408943e-01
    3.84255558e-01 4.93390322e-01 7.03971982e-01 1.44827098e-01
    5.54984152e-01 8.19726944e-01 9.52145755e-01 2.27326065e-01
    8.74952435e-01 1.53222382e-01 3.93742770e-01 5.19961119e-04
    1.35284871e-01 1.16226941e-01 7.66491473e-01 6.47421479e-02
    4.78867948e-01 4.70841706e-01 3.97700429e-01 7.54784882e-01
    2.17109948e-01 5.97397089e-01 9.81243253e-01 2.04695910e-01
    4.76724833e-01 7.84962952e-01 1.94005102e-01 2.13701218e-01
    3.48562449e-01 1.00471139e-01 4.18347180e-01 4.27703857e-01
    6.37068331e-01 2.91543901e-02 8.58657539e-01 5.19013107e-01
    9.47584391e-01 1.68990195e-02 2.19801635e-01 2.61208296e-01
    3.55208457e-01 7.12600946e-01 1.11552864e-01 2.77362466e-01
    7.96126962e-01 1.44307762e-01 5.63770473e-01 8.75922143e-02
    6.71211660e-01 2.84396052e-01 9.28580165e-01 2.75903881e-01
    7.79728293e-01 4.34904724e-01 7.51795173e-01 6.03167415e-02
    3.91954780e-01 7.73463726e-01 8.93422246e-01 3.45196307e-01
    3.61328214e-01 9.55704093e-01 3.28694880e-02 5.31924248e-01
    6.90851867e-01 2.57246673e-01 6.27454519e-01 8.27206731e-01
    5.18722653e-01 5.79012632e-01 5.11430621e-01 4.32782769e-02
    6.63180709e-01 2.04569906e-01 3.69337738e-01 2.03595102e-01
    5.97355604e-01 7.21922636e-01 2.39148587e-01 2.72425979e-01
    6.07000470e-01 3.16708326e-01 7.19971776e-01 2.48798221e-01
    9.69028473e-01 7.57646382e-01 3.96008074e-01 8.85957778e-02
    1.89079046e-01 6.16998374e-01 7.82381058e-01 2.47667104e-01
    7.45580256e-01 1.76171184e-01 2.66411126e-01 7.47724354e-01
    8.57198238e-03 5.57896256e-01 4.45610285e-02 5.35847187e-01
    2.54342616e-01 3.20437849e-02 5.98508954e-01 7.45283604e-01
    1.83800668e-01 5.88007331e-01 7.86424577e-02 6.46945834e-01
    7.64632225e-02 9.83974099e-01 4.79467601e-01 9.68039691e-01
    1.57047510e-01 4.09579992e-01 4.25518334e-01 6.67657375e-01
    7.37577975e-01 4.64216411e-01 4.86630410e-01 3.43851984e-01
    1.20386988e-01 9.91070867e-02 9.09512639e-01 1.82044446e-01
    6.46982908e-01 6.41264737e-01 4.72420365e-01 6.48592532e-01
    4.62004393e-01 7.14137137e-01 2.53382981e-01 9.78294551e-01
    9.97491241e-01 9.97571707e-01 3.72898579e-02 9.04263020e-01
    6.52489901e-01 6.31680250e-01 1.07998461e-01 4.09219354e-01
    3.34287435e-01 3.80959421e-01 4.04249102e-01 5.01767635e-01
    1.98328495e-01 5.34796119e-02 4.93941545e-01 8.09980869e-01
    8.44295919e-02 2.00437516e-01 9.31849599e-01 8.85328770e-01
    5.43961048e-01 9.50420499e-02 6.01669550e-01 1.55895919e-01
    2.94739842e-01 4.30636287e-01 8.20932508e-01 7.65138805e-01
    5.10824561e-01 9.41869080e-01 6.67969942e-01 3.15341234e-01
    8.32054257e-01 7.05294311e-01 4.34656620e-01 9.64713693e-01
    5.67438722e-01 1.45406038e-01 8.63195896e-01 7.05173254e-01
    7.31918573e-01 9.25869942e-01 8.73807311e-01 6.90585017e-01
    4.28075671e-01 9.74980593e-01 9.74727631e-01 5.14173448e-01
    3.73221636e-01 9.66239572e-01 4.62553203e-02 6.81032360e-01
    8.09317052e-01 5.34079373e-02 2.20992506e-01 9.25688922e-01
    9.06276703e-03 3.29401851e-01 2.87453175e-01 5.56660235e-01
    7.93382645e-01 6.72488034e-01 7.25981057e-01 7.89374828e-01
    4.56133038e-01 3.71382415e-01 1.77578032e-02 3.05482924e-01
    6.72341347e-01 7.43617177e-01 6.84134722e-01 4.09555376e-01
    4.92760450e-01 4.05955911e-01 6.61264896e-01 8.87363911e-01
    4.18025851e-01 9.87665534e-01 8.50187361e-01 3.26791227e-01
    1.01111352e-01 9.51791763e-01 8.24884832e-01 8.92581701e-01
    2.16921151e-01 7.74065793e-01 5.70140600e-01 7.07943976e-01
    9.09680128e-01 8.68214369e-02 3.73567909e-01 6.17200136e-01
    8.89442682e-01 8.74374747e-01 8.54538739e-01 4.01499391e-01
    9.01612878e-01 7.46727407e-01 6.47462606e-02 5.85847497e-02
    1.53715551e-01 2.84919202e-01 6.23924792e-01 6.93955541e-01
    9.62698698e-01 4.06530410e-01 5.04688859e-01 4.60515916e-02
    4.14833128e-02 7.41088271e-01 6.91547751e-01 6.44404173e-01
    7.85033345e-01 1.15189403e-01 4.59384590e-01 8.81362796e-01
    9.93146002e-02 7.45367050e-01 7.81377554e-02 4.15801048e-01
    1.31596476e-01 3.84504795e-01 9.70409274e-01 6.57616735e-01
    9.47120667e-01 1.13104492e-01 3.38956177e-01 1.65161997e-01
    6.47372007e-02 3.74819010e-01 3.38831931e-01 1.38539374e-02
    5.03115654e-01 2.29711264e-01 3.61590832e-01 4.27803636e-01
    3.13670754e-01 4.05411631e-01 9.66706872e-01 2.71922648e-02
    7.24674463e-01 3.55927229e-01 3.65433276e-01 4.65574592e-01
    2.98115730e-01 6.41576171e-01 8.68062556e-01 7.62401223e-01
    3.11375648e-01 5.16286492e-01 1.82608306e-01 8.50239158e-01
    1.12512231e-01 7.96463311e-01 5.95849752e-03 7.78691649e-01
    9.82983470e-01 8.45429659e-01 2.14628309e-01 2.57518709e-01
    7.19910443e-01 3.77611548e-01 7.86979556e-01 7.44011700e-01
    9.98739481e-01 1.16924077e-01 2.60375291e-01 4.90183830e-01
    9.74177241e-01 9.31009531e-01 5.93091190e-01 7.12369382e-01
    5.20740747e-01 6.67288959e-01 1.75648361e-01 7.18541980e-01
    2.02023774e-01 5.40912867e-01 5.97608089e-03 2.92547345e-02
    9.08608139e-01 6.16094053e-01 8.13567162e-01 7.36429214e-01
    3.87310982e-04 8.48036408e-01 4.71620023e-01 2.23599911e-01
    4.18140560e-01 2.23153114e-01 7.72360444e-01 5.34864962e-01
    7.22089708e-02 9.84653831e-01 6.47568822e-01 1.95357293e-01
    8.84672344e-01 5.34323812e-01 1.42677814e-01 9.38468575e-02
    8.50071907e-02 8.33069801e-01 1.08105063e-01 4.45992231e-01
    4.72111434e-01 9.40329194e-01 2.70935774e-01 6.38636231e-01
    5.19444883e-01 8.08559895e-01 9.98794675e-01 8.24441969e-01
    4.76860613e-01 2.79976010e-01 7.10272789e-02 3.90317172e-01
    4.46399570e-01 6.66804373e-01 6.51224434e-01 1.06699586e-01
    3.80490184e-01 5.19113004e-01 8.00259948e-01 2.49864727e-01
    5.33393323e-01 2.27868408e-01 1.84873581e-01 8.59195471e-01
    6.40618384e-01 8.61265182e-01 4.61161643e-01 8.80335450e-01
    7.45902419e-01 6.66556597e-01 9.93836820e-02 1.16877466e-01
    5.17572939e-01 2.01395273e-01 5.15048802e-02 8.60440731e-03
    6.50543571e-02 6.07896209e-01 4.56826568e-01 9.28434610e-01
    3.74504477e-01 6.26201153e-01 2.19294429e-03 4.60456908e-02
    2.51956612e-01 1.91241801e-02 9.52139497e-01 6.61086738e-01
    2.36250907e-01 6.55739963e-01 8.70681405e-01 8.54096591e-01
    9.97389674e-01 4.10510838e-01 1.46399081e-01 8.63085985e-02
    9.08617973e-02 8.77448559e-01 3.72409761e-01 1.45511478e-01
    5.26551008e-02 5.06259441e-01 5.50664246e-01 2.08931834e-01
    1.47073388e-01 5.90906441e-01 5.76193094e-01 7.54310131e-01
    6.07646883e-01 6.95128500e-01 5.34759998e-01 2.98748970e-01
    1.88933313e-02 5.08673370e-01 3.59626621e-01 7.90484428e-01
    5.45873582e-01 5.09942949e-01 2.19153374e-01 8.79225612e-01
    2.62841612e-01 2.33346552e-01 2.23036379e-01 5.08090198e-01
    4.75791216e-01 2.03974634e-01 7.18883693e-01 2.64238536e-01
    5.27227283e-01 7.52990961e-01 3.30800831e-01 5.14063358e-01
    8.47717047e-01 5.45929790e-01 4.54608709e-01 1.26831591e-01
    5.68284094e-02 4.17219996e-02 7.29783475e-02 1.05487466e-01
    2.20999539e-01 7.08384812e-01 1.62273198e-01 3.96368206e-01
    6.32641792e-01 6.95295930e-02 4.34863567e-01 6.08017325e-01
    7.64360070e-01 4.99559402e-01 9.16022182e-01 7.01106668e-01
    5.07698178e-01 6.23886347e-01 8.70338559e-01 6.64014757e-01
    5.32232165e-01 3.99188876e-01 4.59105372e-01 5.83740830e-01
    1.77811980e-01 6.03608131e-01 4.61210012e-01 4.72398281e-01
    8.57481599e-01 4.02027488e-01 6.54851794e-01 2.24903345e-01
    3.72637570e-01 4.94846523e-01 8.71072114e-01 8.39477062e-01
    9.29283738e-01 1.55530155e-01 3.66922706e-01 1.55602425e-01
    7.08166599e-01 6.46022558e-01 5.84150851e-01 1.78721279e-01
    9.36488509e-02 6.36827171e-01 1.08169764e-01 3.02760482e-01
    4.92030710e-01 8.81095231e-02 6.25711322e-01 9.93032455e-01
    7.75479972e-01 2.41106480e-01 1.06531888e-01 4.27236855e-02
    3.57916355e-02 8.76405239e-01 3.37202728e-01 7.72272706e-01
    8.97737741e-01 9.54944730e-01 9.60488915e-02 6.32140815e-01
    1.47095799e-01 1.92283005e-01 1.25578821e-01 1.54739678e-01
    6.04709983e-02 6.44247174e-01 7.97886252e-01 3.23738754e-01
    4.93555188e-01 3.38927507e-01 3.12968194e-01 9.19954062e-01
    8.77949953e-01 8.19394112e-01 2.47527361e-01 9.08903658e-01
    5.14412403e-01 7.78674960e-01 5.24619520e-02 5.42373061e-01
    2.95063823e-01 9.34080720e-01 4.15695637e-01 7.38457859e-01
    5.95639050e-02 3.36939096e-01 2.48029172e-01 6.02641940e-01
    1.52955949e-01 2.43963629e-01 9.03158069e-01 2.32517421e-02
    8.58123541e-01 7.16547072e-02 5.46329916e-01 8.41231465e-01
    6.82186604e-01 3.31928968e-01 5.93388259e-01 8.61471295e-01
    9.64442015e-01 2.14860052e-01 8.80006552e-01 4.96737003e-01
    4.68091577e-01 1.54092610e-02 8.44427586e-01 5.42999506e-01
    7.23015964e-01 9.13484514e-01 5.57649732e-01 2.84175605e-01
    2.62801528e-01 5.36988497e-01 9.69259799e-01 4.43553716e-01
    8.71524513e-01 2.63512492e-01 1.73190236e-01 2.77881682e-01
    1.35098696e-01 4.16372299e-01 1.11029178e-01 2.91945070e-01
    4.55291271e-02 8.46859574e-01 8.35896969e-01 4.31345224e-01
    4.21070635e-01 1.18441880e-02 5.03500640e-01 5.07570982e-01
    8.91184807e-01 3.72259319e-02 5.79217970e-01 1.36475265e-01
    3.56588602e-01 8.85972381e-01 5.34364641e-01 4.49844539e-01
    5.99100590e-01 7.56195128e-01 2.62053728e-01 9.06869829e-01
    2.96265900e-01 4.67018276e-01 4.40645635e-01 7.26394951e-02
    6.16503417e-01 3.73460531e-01 5.53684354e-01 3.99476230e-01
    3.05248797e-01 5.51811755e-02 5.25022507e-01 3.40405941e-01
    4.86160547e-01 5.97440600e-01 9.60817456e-01 4.29382622e-02
    2.42753059e-01 9.69892025e-01 3.82973462e-01 6.83928668e-01
    4.55529809e-01 1.09188616e-01 6.53290808e-01 5.17478883e-02
    2.36425936e-01 4.75496054e-03 3.53874683e-01 4.43524539e-01
    4.95435297e-01 5.97967923e-01 7.73877144e-01 9.67770219e-01
    6.83371782e-01 3.76873225e-01 6.70167208e-01 6.61295772e-01
    6.43205464e-01 6.56079829e-01 3.50423813e-01 1.96253330e-01
    1.13859355e-01 1.91273838e-01 6.52740002e-01 6.22850060e-01
    6.03952706e-01 2.65462041e-01 3.18642557e-02 7.33620882e-01
    6.89087510e-01 6.99526072e-02 1.06106192e-01 9.67944860e-01
    3.69631022e-01 7.99564242e-01 8.53524208e-02 8.77359509e-03
    2.57684112e-01 9.55845773e-01 9.16666806e-01 6.56170249e-01
    2.34341145e-01 7.79529333e-01 6.48964703e-01 3.52983564e-01
    1.31051511e-01 4.11486208e-01 1.12626731e-01 3.85533988e-01
    6.18842006e-01 3.64392996e-02 9.41590071e-01 8.07713747e-01
    7.34488964e-01 9.86131847e-01 5.46486735e-01 2.06296623e-01
    1.27113670e-01 5.15022099e-01 1.33148670e-01 6.08205497e-02
    4.30756748e-01 3.39515567e-01 5.47294557e-01 5.85354626e-01
    8.32007408e-01 4.08189625e-01 5.94004869e-01 4.70698714e-01
    4.16191965e-01 3.97821724e-01 1.54604942e-01 4.02799726e-01
    6.39038265e-01 3.80754560e-01 1.36412233e-01 7.76793242e-01
    9.77487981e-01 3.68890882e-01 2.36052275e-01 5.61953604e-01
    1.37549341e-02 5.67427278e-01 2.88747311e-01 7.58891463e-01
    1.71116769e-01 2.92682827e-01 8.63880754e-01 6.44015431e-01
    6.13641620e-01 8.53325546e-01 4.28131372e-01 2.16138035e-01
    5.90459347e-01 5.66287637e-01 6.40366614e-01 3.30456823e-01
    1.70422763e-01 3.13425779e-01 7.40340710e-01 6.47854686e-01
    1.05795592e-01 7.44060278e-01 2.87645072e-01 8.21457982e-01
    2.38646507e-01 2.75506109e-01 9.92159009e-01 4.88283366e-01
    8.02125692e-01 5.64248025e-01 2.01364279e-01 4.65318769e-01
    3.28319907e-01 2.34829426e-01 2.45224237e-02 1.70181274e-01
    9.96649504e-01 5.33259034e-01 9.53783393e-02 6.08793497e-01
    4.48871672e-01 8.39058757e-01 2.55514443e-01 5.43203771e-01
    8.48241091e-01 6.70467734e-01 9.36972857e-01 9.45432663e-01
    8.80251884e-01 3.49897861e-01 1.21452838e-01 4.73479092e-01
    7.11590290e-01 5.67229688e-01 9.69283760e-01 1.60153806e-01
    1.00667834e-01 7.55991518e-01 6.56654716e-01 7.01209247e-01
    2.90812135e-01 9.04384673e-01 5.31280220e-01 4.07913715e-01
    6.24188662e-01 5.35783708e-01 9.34763968e-01 3.70815575e-01
    1.22059733e-01 5.18016100e-01 4.23892677e-01 4.71160084e-01
    5.31972587e-01 1.04526252e-01 9.05698836e-02 4.01206672e-01
    8.70630145e-01 3.17295492e-02 1.56530529e-01 1.42880082e-01
    7.63635159e-01 3.89672518e-02 7.45417953e-01 3.49120855e-01
    1.50461853e-01 1.55350149e-01 7.22221076e-01 8.99701118e-01
    4.41292405e-01 1.32576197e-01 1.95078552e-02 7.00492024e-01
    6.96643949e-01 1.29800946e-01 2.59084135e-01 1.55771017e-01
    4.98662919e-01 7.98074543e-01 8.20893168e-01 6.48285031e-01
    7.10735500e-01 9.22767162e-01 6.49610460e-01 4.14158702e-02
    6.15592360e-01 3.43468785e-03 1.19476557e-01 5.13627708e-01
    6.28220737e-01 6.71599150e-01 8.48592222e-01 1.02052033e-01
    5.83994150e-01 3.91600609e-01 5.28716862e-01 5.33282340e-01
    9.74640131e-01 9.96104836e-01 2.18658060e-01 9.05478239e-01
    6.00064814e-01 7.61462808e-01 7.58906305e-01 4.02235389e-02
    8.67450237e-02 5.55783987e-01 8.89919996e-01 3.04948032e-01
    6.01306200e-01 6.25793099e-01 1.75754547e-01 8.17500591e-01
    5.24889708e-01 5.38242400e-01 9.35666919e-01 3.74454141e-01
    6.22336745e-01 9.61461186e-01 5.60769439e-01 4.91118431e-03
    8.54327679e-01 6.98332071e-01 2.83947408e-01 1.09164298e-01
    9.48602915e-01 1.44693941e-01 9.76491094e-01 1.97477281e-01
    3.46841961e-01 6.94845080e-01 7.95768619e-01 7.03825355e-01
    5.43146968e-01 7.09787309e-01 5.28002739e-01 8.93057585e-01
    5.95099807e-01 8.97686005e-01 1.98476285e-01 1.00709110e-01
    4.82808352e-02 6.82463229e-01 8.78668010e-01 3.94606352e-01
    9.15901899e-01 2.33585536e-02 3.07371378e-01 4.54399228e-01
    5.06814897e-01 6.41463757e-01 9.99298453e-01 9.34387445e-01
    2.77099133e-01 6.13402069e-01 1.61181957e-01 4.84984189e-01
    5.70900619e-01 9.11753058e-01 9.36305523e-03 5.05441725e-01
    5.84533930e-01 3.74573469e-02 6.06131077e-01 7.03847647e-01
    8.39707077e-01 1.54892236e-01 3.78756642e-01 1.16986036e-02
    1.73198521e-01 6.31144822e-01 5.28941512e-01 2.59899437e-01
    4.69923228e-01 2.32779950e-01 2.97362328e-01 5.06694317e-01
    9.17446554e-01 6.02102935e-01 8.03244352e-01 6.65395856e-01
    2.65595317e-01 6.76253319e-01 9.40707088e-01 1.63917780e-01
    4.75312442e-01 3.47395360e-01 3.68050218e-01 5.26396871e-01
    5.24098337e-01 6.20450318e-01 6.54996037e-01 3.10958236e-01
    9.79646087e-01 4.34697270e-01 2.78373182e-01 7.77179718e-01
    1.02561504e-01 8.59630346e-01 7.50850081e-01 8.69124770e-01
    9.81558323e-01 7.88563728e-01 2.30459869e-02 4.39951062e-01
    6.05145693e-02 6.47506714e-01 8.37247789e-01 3.75598937e-01
    2.41193354e-01 9.67059851e-01 9.73912716e-01 6.13453031e-01
    4.46956098e-01 3.75740170e-01 4.11941946e-01 2.06369609e-01
    6.72113419e-01 9.58864212e-01 8.59681904e-01 8.81984115e-01
    2.78059125e-01 9.38265026e-02 4.18266118e-01 8.00305486e-01
    8.02783668e-01 7.85034239e-01 3.42233747e-01 6.36102021e-01
    6.54097736e-01 9.73183155e-01 2.67799348e-01 9.01842713e-02
    5.27125001e-01 4.24879611e-01 9.60965037e-01 1.85090184e-01
    6.98313951e-01 7.58078516e-01 7.86975026e-01 8.97964239e-01
    1.09667689e-01 8.74131918e-01 9.61401224e-01 8.40817332e-01
    6.97104216e-01 2.14866906e-01 3.38265806e-01 2.27908194e-01
    8.17728102e-01 1.41200870e-01 9.96162891e-01 3.46079469e-02
    1.60374582e-01 6.27922714e-01 6.38659000e-01 1.81512356e-01
    9.53565121e-01 4.93722588e-01 2.88330674e-01 5.93591034e-01
    8.37788880e-02 4.94176507e-01 3.24101806e-01 3.58888030e-01
    8.99756551e-01 2.69396603e-01 6.67303860e-01 2.24162132e-01
    1.99428797e-02 1.13843322e-01 7.17394590e-01 1.09217376e-01
    4.35110331e-02 5.95167398e-01 7.07819462e-01 8.08510780e-02
    5.48496604e-01 1.44598037e-01 1.90774888e-01 2.53921270e-01
    9.51952815e-01 7.88370609e-01 8.71370912e-01 9.73463595e-01
    3.36056173e-01 9.97160494e-01 4.76726055e-01 7.21515357e-01
    8.46886337e-02 6.62079334e-01 6.06485188e-01 2.99039871e-01
    1.93376571e-01 7.17174411e-01 7.79198647e-01 5.83849669e-01
    5.82593858e-01 8.47058654e-01 8.60753953e-02 8.92738700e-01
    6.61015153e-01 3.19892049e-01 8.30541611e-01 6.51754856e-01
    5.21711171e-01 1.94067866e-01 2.33544558e-01 8.81739676e-01
    3.29406261e-02 6.82430267e-02 8.45218658e-01 7.81736195e-01
    4.22874749e-01 3.73547673e-01 1.84018731e-01 9.10604000e-01
    8.83035898e-01 1.13101512e-01 5.62785268e-01 2.71042794e-01
    7.57729411e-01 7.83623338e-01 1.19590759e-01 5.62177539e-01
    4.56173867e-01 9.22421813e-02 7.01889217e-01 9.94982958e-01
    1.12205893e-01 1.89403504e-01 1.45083934e-01 9.56182480e-01
    2.83664525e-01 1.06909126e-01 9.94127035e-01 4.90605235e-02
    3.79875660e-01 8.39718461e-01 2.28134930e-01 4.05370593e-02
    2.77664661e-01 8.37723315e-02 3.76565725e-01 6.03188634e-01
    3.13688844e-01 6.93977773e-01 7.75579751e-01 7.73596406e-01
    1.91822290e-01 5.36742687e-01 8.98680687e-01 2.04512358e-01
    2.31615543e-01 2.86950886e-01 5.63678086e-01 1.63669556e-01
    2.01081693e-01 9.36792731e-01 1.69491053e-01 7.06952214e-02
    2.98534989e-01 7.88852215e-01 3.52774560e-02 1.20222986e-01
    9.38103914e-01 4.54891711e-01 5.31188726e-01 5.65966725e-01
    6.57446384e-01 9.92116451e-01 4.92670685e-01 3.51677179e-01
    9.77849126e-01 1.01618886e-01 6.37260556e-01 7.57774472e-01
    9.68051076e-01 8.98500443e-01 1.08271986e-01 5.62420070e-01
    1.01219118e-01 7.90166199e-01 7.83947587e-01 1.54347509e-01
    4.01666552e-01 8.43270421e-02 4.24061716e-02 2.03633368e-01
    3.04613948e-01 6.22770905e-01 1.75096452e-01 7.47063756e-03
    9.74030852e-01 1.07529849e-01 3.72450948e-01 9.17230964e-01
    8.84762228e-01 1.83058977e-02 5.32315731e-01 9.55575407e-02
    9.99923289e-01 3.18414718e-01 5.47815561e-02 2.28031725e-01
    2.17592746e-01 4.12940651e-01 6.45272255e-01 5.39402962e-01
    2.90499151e-01 5.10564089e-01 9.02810454e-01 8.83551300e-01
    2.52229571e-02 8.34577680e-02 9.10699368e-01 2.86576778e-01
    6.43099070e-01 5.29823363e-01 1.00437939e-01 1.62677526e-01
    8.59078765e-01 5.00400186e-01 3.58128190e-01 5.42709708e-01
    4.58666682e-01 1.79215968e-02 1.12066746e-01 3.00988615e-01
    7.92234421e-01 3.18892658e-01 7.29380846e-01 7.96128392e-01
    4.33035493e-02 9.52709854e-01 7.78199732e-01 6.28590524e-01
    2.53737271e-01 9.02187586e-01 2.27845907e-01 3.42166662e-01
    6.29712701e-01 2.75623441e-01 6.92245841e-01 3.21424127e-01
    2.66590476e-01 8.39737773e-01 9.73556936e-02 8.95244479e-01
    5.64111471e-01 3.90075743e-01 3.66033316e-01 3.82817030e-01
    8.33828092e-01 2.75194108e-01 2.40194738e-01 7.10075498e-01
    6.18887007e-01 5.35164654e-01 1.50359005e-01 1.23673707e-01
    4.03747767e-01 2.84177154e-01 5.20338655e-01 7.84491539e-01
    1.41268164e-01 5.43621182e-02 3.25656384e-01 7.81419635e-01
    3.45316321e-01 5.33439457e-01 7.56029367e-01 7.31436968e-01
    2.37546682e-01 3.81375551e-01 8.56403708e-02 2.06131637e-01
    5.51939070e-01 6.89569890e-01 5.78399241e-01 5.11828244e-01
    7.26567864e-01 7.25092173e-01 6.46907389e-02 5.46328306e-01
    7.24517345e-01 3.54348332e-01 7.96923220e-01 7.30775058e-01
    2.10683346e-02 1.26351535e-01 9.09208417e-01 1.28552973e-01
    5.52035868e-02 8.78439546e-01 1.10182881e-01 1.20239705e-01
    3.74421328e-01 3.42036635e-01 5.60382307e-01 6.93846226e-01
    2.46478736e-01 1.55509174e-01 5.15560567e-01 3.86006445e-01
    2.57329702e-01 8.20263803e-01 9.31615889e-01 7.19496608e-01
    2.45129317e-01 1.04460090e-01 2.12495118e-01 2.46448278e-01
    6.48457348e-01 8.27561736e-01 7.25838542e-01 4.88312334e-01
    7.58752465e-01 5.54177523e-01 1.82041883e-01 3.50563347e-01
    9.54501629e-01 2.94752955e-01 8.59179378e-01 2.88841397e-01
    6.59408867e-02 4.20131505e-01 1.82346702e-01 6.25791073e-01
    8.97339404e-01 3.44126463e-01 2.27391601e-01 9.50965047e-01
    6.35509670e-01 2.73028284e-01 7.66996562e-01 5.98883629e-02
    2.63480335e-01 9.25052464e-01 6.98472679e-01 3.60461593e-01
    3.95955026e-01 7.28027463e-01 3.88434052e-01 4.37238872e-01
    3.41230899e-01 1.02352977e-01 6.74766004e-01 9.33629632e-01
    6.40309453e-01 7.20040321e-01 9.73196745e-01 8.24947357e-02
    3.37093145e-01 6.88489676e-01 3.30756903e-01 6.94110155e-01
    8.54864717e-02 2.23655909e-01 1.67664886e-03 7.50727534e-01
    5.88685274e-02 4.85806257e-01 3.17579865e-01 3.24525237e-01
    9.92289901e-01 9.19556916e-02 7.75389552e-01 9.02664900e-01
    9.49282050e-01 3.42471808e-01 6.69713080e-01 8.84104371e-01
    3.56616139e-01 3.97464037e-01 3.99124563e-01 1.63995534e-01
    9.50808883e-01 3.34214568e-01 8.77301931e-01 5.61409831e-01
    6.79223239e-02 3.93044710e-01 1.23192400e-01 6.24662280e-01
    8.20261955e-01 6.08731568e-01 3.83187234e-02 3.77956927e-01
    9.65188801e-01 5.98271787e-01 3.37158144e-01 4.15178388e-01
    1.84206665e-02 4.46638197e-01 6.22266948e-01 6.62084758e-01
    9.65335250e-01 8.77833366e-02 3.07432234e-01 3.18872154e-01
    1.13434225e-01 9.05032635e-01 6.75845504e-01 2.97523618e-01
    3.79340142e-01 2.91474342e-01 5.74741662e-02 3.88853133e-01
    4.84193683e-01 5.67420006e-01 6.85876667e-01 9.97322798e-03
    7.47902453e-01 5.12022436e-01 6.46479905e-01 5.71015418e-01
    2.00456709e-01 4.96560723e-01 6.06277883e-01 3.03575516e-01
    3.31685722e-01 9.92637992e-01 2.00078815e-01 8.16716909e-01
    4.03779238e-01 5.57165444e-02 2.14031100e-01 2.80651152e-01
    1.64395750e-01 1.96436077e-01 7.55844593e-01 2.82150090e-01
    3.08744550e-01 6.64502919e-01 8.56328309e-02 3.71972144e-01
    7.31886446e-01 4.79464352e-01 8.05156231e-01 3.58636588e-01
    6.02431178e-01 3.58884037e-02 9.21968937e-01 9.82651353e-01
    2.07697660e-01 2.02639580e-01 6.62106574e-01 2.39727259e-01
    8.92387629e-02 6.53479874e-01 6.49337888e-01 6.67141199e-01
    5.13915896e-01 9.34967756e-01 4.90369350e-01 1.77667171e-01
    7.75102139e-01 4.59260911e-01 4.38158810e-01 4.00538236e-01
    5.31312823e-01 6.58730447e-01 3.85511011e-01 1.52271301e-01
    5.53567231e-01 9.41329598e-02 8.05594563e-01 2.95186549e-01
    1.59370393e-01 1.73578233e-01 8.12160373e-02 3.29624534e-01
    9.54665303e-01 1.08840406e-01 5.38918197e-01 7.26577044e-01
    5.49415827e-01 9.09263015e-01 1.05082989e-02 5.31940699e-01
    4.01146978e-01 6.23753667e-01 9.32137966e-01 6.00992620e-01
    4.64467406e-01 2.93242395e-01 2.69426107e-01 7.35131085e-01
    8.21597219e-01 3.23383808e-01 7.26146638e-01 2.07925767e-01
    1.76718056e-01 3.67460251e-02 3.23949397e-01 2.45656699e-01
    2.88037241e-01 7.26231813e-01 4.20430541e-01 2.66733468e-01
    8.78826380e-01 3.66392791e-01 7.06072509e-01 2.29010195e-01
    2.29457378e-01 3.93485546e-01 5.33879161e-01 5.06374300e-01
    9.07819510e-01 6.53396428e-01 2.48415500e-01 5.48456848e-01
    5.17301381e-01 8.01087618e-02 7.54068434e-01 3.34716886e-01
    1.33773655e-01 2.99262166e-01 4.80529308e-01 8.57703090e-01
    4.25128639e-01 1.37138784e-01 3.63284230e-01 6.76663339e-01
    2.19819397e-01 7.48506427e-01 6.97971642e-01 3.67674381e-01
    2.28513390e-01 2.04094499e-01 8.37308049e-01 1.20150000e-01
    6.44696891e-01 1.87309504e-01 3.22592854e-01 3.90494674e-01
    1.48116797e-01 9.52428877e-02 9.87870097e-02 3.53151560e-03
    8.22306275e-01 1.49816275e-04 1.66960537e-01 9.42458212e-02
    8.16456914e-01 7.07205415e-01 1.09023541e-01 9.74362254e-01
    7.26517141e-02 4.98731583e-01 7.88567066e-02 3.63777131e-01
    3.73321176e-02 5.42299449e-02 7.13426173e-02 4.88874346e-01
    7.91302502e-01 4.39705074e-01 7.27831185e-01 3.43589962e-01
    8.22286725e-01 7.22472906e-01 5.89245975e-01 5.01891077e-02
    7.17729211e-01 1.22581124e-02 9.52087998e-01 7.59363294e-01
    6.39963090e-01 5.17035425e-02 9.73788559e-01 6.03281677e-01
    6.75387740e-01 9.14245725e-01 6.76490188e-01 1.89792246e-01
    5.09968221e-01 6.80671036e-01 6.77064955e-02 3.84018153e-01
    4.29224014e-01 2.16004491e-01 4.07965243e-01 4.03236389e-01
    1.42871797e-01 2.82284021e-01 2.36778557e-01 5.74764967e-01
    9.76277947e-01 6.99315608e-01 4.65529919e-01 6.79239392e-01
    7.99595952e-01 7.78316259e-01 8.81600738e-01 2.43292868e-01
    2.16865689e-01 6.26887083e-01 4.35353309e-01 7.75729835e-01
    3.87788415e-01 1.52622432e-01 9.54368949e-01 7.57797420e-01
    7.21928358e-01 8.30362141e-01 9.30361509e-01 9.41338420e-01
    8.26145947e-01 3.14642608e-01 9.00483787e-01 1.02601439e-01
    3.26766193e-01 2.89226770e-01 7.72002220e-01 8.24866176e-01
    3.55176628e-02 2.77040780e-01 9.15202916e-01 7.58719027e-01
    3.65250379e-01 5.13828993e-02 4.44602102e-01 7.42427111e-02
    8.77745390e-01 3.40180576e-01 5.10690272e-01 7.37024426e-01
    7.65592754e-02 4.22509819e-01 9.17136669e-02 2.15907395e-01
    1.56812698e-01 6.66422725e-01 1.98738873e-01 2.46553510e-01
    2.39478052e-02 9.33894455e-01 7.83618093e-01 5.16169369e-02
    9.19786215e-01 9.10011768e-01 5.40317595e-01 6.22803926e-01
    9.10592198e-01 2.47124732e-01 3.32941651e-01 9.19310749e-01
    5.56816518e-01 1.72753066e-01 4.71393049e-01 5.38976610e-01
    4.26853806e-01 8.98545504e-01 2.23053038e-01 7.22794414e-01
    6.79526806e-01 2.42478937e-01 3.36602628e-02 2.99908370e-01
    5.49758136e-01 3.09139013e-01 4.50538456e-01 8.78583789e-01
    2.46661276e-01 9.89590466e-01 3.54932606e-01 5.34760714e-01
    7.24128187e-01 8.81720901e-01 9.67532396e-04 8.43893766e-01
    6.19531572e-01 7.15937376e-01 9.10449028e-01 4.65544760e-02
    7.80215561e-01 7.49163866e-01 7.50136852e-01 1.94191396e-01
    8.28324795e-01 8.19274426e-01 7.93314219e-01 3.75156075e-01
    9.78884161e-01 2.88900137e-02 7.87548661e-01 3.85317743e-01
    7.51864314e-01 2.03709334e-01 1.41157985e-01 1.56113356e-01
    2.61836529e-01 4.76422608e-01 7.84019232e-01 9.23512697e-01
    3.61368358e-02 6.84615970e-02 3.31872165e-01 8.48351181e-01
    1.25686914e-01 7.61980832e-01 9.28155601e-01 9.31060016e-01
    1.15116447e-01 2.90916026e-01 8.50263000e-01 1.52607262e-02
    9.70134914e-01 1.21656716e-01 3.72449547e-01 2.03061730e-01
    4.24144417e-01 9.56936479e-01 9.67740178e-01 3.77017856e-02
    8.61944318e-01 5.72047234e-02 1.59273446e-01 1.83710724e-01
    3.54234308e-01 9.97869730e-01 4.13403183e-01 4.53732014e-01
    3.14656496e-01 5.32129169e-01 7.13836074e-01 5.79187334e-01
    2.20147401e-01 6.16451740e-01 9.03561354e-01 8.93643975e-01
    7.75143564e-01 8.72942567e-01 5.37843287e-01 2.18142331e-01
    8.46476912e-01 4.13022131e-01 1.86678380e-01 1.49717182e-01
    9.09243464e-01 7.73881793e-01 1.56844229e-01 2.49757141e-01
    2.56378859e-01 3.77577126e-01 8.32145214e-01 7.60234356e-01
    7.24474907e-01 6.58713698e-01 4.79017168e-01 4.71617013e-01
    2.40573674e-01 3.51282656e-01 8.66398036e-01 1.97056472e-01
    2.10255146e-01 6.43772244e-01 9.67534184e-01 5.63026607e-01
    1.67584211e-01 9.38497424e-01 1.57854706e-01 8.45067441e-01
    8.42242002e-01 2.94439971e-01 6.66822612e-01 7.85793662e-01
    9.48603034e-01 2.65760243e-01 2.87140787e-01 4.33256894e-01
    2.59107351e-01 6.19626641e-01 9.59653258e-01 5.97984076e-01
    1.11667901e-01 3.16346347e-01 4.14216399e-01 2.01500356e-02
    9.42053914e-01 7.45948434e-01 9.42680359e-01 7.13389516e-01
    3.12572241e-01 6.26318514e-01 8.06347430e-02 3.04717839e-01
    8.02887082e-02 6.42020583e-01 3.76168370e-01 5.78208685e-01
    7.67590225e-01 5.30905008e-01 8.45209956e-02 9.67142701e-01
    6.54434443e-01 1.34448379e-01 1.05841935e-01 3.02149355e-01
    8.25670242e-01 2.27799982e-01 6.57166243e-02 8.67048979e-01
    1.13023221e-02 5.35266995e-01 7.89748907e-01 1.19498610e-01
    4.96959180e-01 4.04912353e-01 3.53990912e-01 2.68239588e-01
    9.66244340e-01 1.17578864e-01 6.55945659e-01 3.31189692e-01
    2.18715191e-01 9.53452110e-01 4.03225869e-01 3.02006185e-01
    3.07022095e-01 9.71486449e-01 2.10584044e-01 7.38183558e-01
    2.61478186e-01 6.80736184e-01 9.73776937e-01 4.12818283e-01
    8.63196909e-01 1.42153472e-01 5.05086362e-01 9.49408054e-01
    5.12291372e-01 7.35334039e-01 9.72992182e-01 7.15432584e-01
    5.91578841e-01 6.02562070e-01 3.95290732e-01 8.29407692e-01
    2.28096187e-01 5.10601759e-01 2.35783964e-01 7.11273730e-01
    9.11745310e-01 9.58175302e-01 9.11800385e-01 9.97095406e-02
    7.37163782e-01 9.43164229e-01 6.42190635e-01 2.55618989e-02
    8.84661257e-01 6.78540111e-01 4.23699468e-01 2.27972478e-01
    3.05924118e-01 4.02548164e-01 6.48552001e-01 8.73460650e-01
    9.91795301e-01 5.43348849e-01 9.61503506e-01 8.90023232e-01
    6.69310331e-01 1.92897111e-01 8.87642324e-01 2.54093349e-01
    1.31479412e-01 7.80794382e-01 4.81270254e-02 4.32991982e-03
    1.08591437e-01 3.41135204e-01 6.17278278e-01 3.77254367e-01
    3.08371961e-01 6.44305170e-01 4.41101223e-01 6.92653179e-01
    4.95101839e-01 9.76962566e-01 9.73428488e-01 8.41387510e-01
    1.74738944e-01 5.37786126e-01 2.71619916e-01 2.00858444e-01
    9.39864814e-02 6.71534538e-01 1.40067965e-01 5.35956264e-01
    4.90989059e-01 3.52219403e-01 3.75358701e-01 2.83561528e-01
    8.92936707e-01 7.60947645e-01 8.13637376e-02 1.00710392e-02
    8.12552571e-01 3.56458664e-01 6.12003803e-01 6.40282929e-01
    1.62710816e-01 1.72439218e-03 3.57652307e-01 5.45146704e-01
    7.03076720e-01 1.96035892e-01 5.56309879e-01 6.73747659e-01
    3.12866360e-01 3.34017098e-01 3.04815173e-01 5.75394928e-01
    3.14923704e-01 5.88508844e-02 7.36220479e-02 9.48897302e-01
    7.90897012e-01 7.25680590e-03 7.43276894e-01 1.32667422e-01
    8.77403975e-01 9.37232196e-01 2.06771910e-01 5.44632971e-01
    7.50386477e-01 9.07558262e-01 4.87374216e-01 7.28992820e-01
    5.98939776e-01 7.43089855e-01 1.44672155e-01 3.46562266e-02
    6.82044566e-01 6.25604570e-01 5.97686589e-01 9.61066246e-01
    6.70108080e-01 8.43930244e-01 3.12780619e-01 4.10818458e-01
    8.25326383e-01 3.83985341e-01 7.36903846e-01 7.44681180e-01
    4.44172114e-01 4.03188914e-01 5.96565306e-01 1.98445797e-01
    5.82726121e-01 7.87614644e-01 7.17583895e-01 2.49477267e-01
    8.36572766e-01 4.10474896e-01 3.50879073e-01 7.19656944e-02
    5.08062363e-01 2.76488364e-01 2.66447663e-01 3.52967143e-01
    5.12663662e-01 7.27856457e-01 2.77713656e-01 2.20326573e-01
    3.23143482e-01 3.45618725e-01 9.17825103e-01 2.83198416e-01
    6.44792616e-01 3.01823974e-01 5.81273556e-01 1.78128123e-01
    6.85308695e-01 2.43865252e-02 6.14121854e-01 8.38741660e-02
    6.73349679e-01 5.98381758e-01 1.26913816e-01 7.06064999e-01
    6.49147093e-01 5.28313458e-01 9.63003635e-01 9.36352730e-01
    7.25754023e-01 4.61687505e-01 9.09963369e-01 7.05744684e-01
    8.22234750e-02 7.11396158e-01 1.31456047e-01 9.20839667e-01
    7.37652957e-01 5.28554201e-01 9.99481678e-01 5.97166061e-01
    9.90787506e-01 4.34203476e-01 9.45269406e-01 5.07536948e-01
    1.18836612e-01 4.42334652e-01 7.54202247e-01 2.27347523e-01
    1.53901756e-01 5.66662252e-02 5.15888393e-01 1.18806273e-01
    4.19505417e-01 6.31305456e-01 7.62348890e-01 3.50181550e-01
    9.37198639e-01 1.40501827e-01 4.41899061e-01 7.03413427e-01
    5.12872994e-01 3.48828703e-01 5.94048738e-01 8.04475784e-01
    5.10632873e-01 4.10566360e-01 5.00105441e-01 4.25791979e-01
    9.32464480e-01 5.82393467e-01 6.79325998e-01 6.51317954e-01
    9.75763083e-01 7.45866179e-01 4.88487959e-01 9.80809450e-01
    1.15646839e-01 6.80229604e-01 3.14619660e-01 7.02283680e-01
    1.35508776e-01 1.56430900e-02 8.61746371e-02 1.07842654e-01
    4.57151413e-01 5.87761760e-01 4.23902154e-01 4.86695439e-01
    8.07173610e-01 4.43946928e-01 6.79116011e-01 8.75664353e-01
    8.06689143e-01 1.93784297e-01 1.31229758e-02 9.78085637e-01
    3.61338973e-01 5.34001410e-01 2.50417739e-01 1.60397559e-01
    3.19194436e-01 4.95687783e-01 4.85457003e-01 7.17507184e-01
    1.04510248e-01 3.64593446e-01 1.37358546e-01 8.01469028e-01
    6.04303777e-01 8.64208937e-01 1.68962777e-01 2.35232025e-01
    3.46014321e-01 4.91567612e-01 9.99875426e-01 3.89784336e-01
    9.14143026e-01 7.74175525e-01 1.43549949e-01 1.91451669e-01
    5.32079220e-01 3.77952725e-01 7.74531603e-01 1.50779068e-01
    2.29991972e-01 3.28827322e-01 1.10636115e-01 4.35999602e-01
    2.48098969e-02 5.05394340e-02 6.79218411e-01 2.38220930e-01
    5.42279124e-01 8.84416699e-03 1.37598872e-01 3.12520385e-01
    4.40332144e-01 4.01805043e-02 6.14691973e-01 4.38019902e-01
    1.14212424e-01 9.02424395e-01 4.31397021e-01 7.74094522e-01
    7.91272283e-01 7.28999555e-01 5.09602606e-01 6.02408648e-02
    9.25023913e-01 5.98452449e-01 5.16984701e-01 2.38675982e-01
    1.78646594e-01 2.37068176e-01 7.69828916e-01 2.39285141e-01
    3.40932310e-01 5.35319328e-01 9.34523225e-01 9.89075541e-01
    8.44604671e-02 4.82067227e-01 1.96324289e-02 8.66889477e-01
    5.00862360e-01 6.31059945e-01 1.34744167e-01 9.72898126e-01
    4.73627031e-01 4.89125133e-01 3.41357619e-01 5.00928283e-01
    3.34593058e-01 2.16436952e-01 7.23183632e-01 1.07577533e-01
    3.04021358e-01 2.97295690e-01 3.27463567e-01 8.21526229e-01
    8.48850131e-01 1.21991336e-01 6.61875308e-02 6.34368956e-01
    4.77988869e-01 6.99611604e-02 7.96106339e-01 3.95671338e-01
    4.62663680e-01 7.11930513e-01 8.54270220e-01 8.73114586e-01
    6.59419298e-01 4.52937186e-02 9.54948902e-01 2.71995306e-01
    9.60231900e-01 5.85932374e-01 6.34109497e-01 1.58912361e-01
    8.72055709e-01 9.78590250e-02 8.56335521e-01 7.27147460e-01
    9.21939492e-01 6.15752041e-02 9.09490049e-01 9.98535514e-01
    3.97156179e-01 1.13007486e-01 9.81313348e-01 6.46537840e-01
    4.88813818e-01 2.99912393e-01 8.55209708e-01 6.18730009e-01
    9.97226834e-01 2.46989995e-01 7.98778653e-01 2.32814670e-01
    6.03889585e-01 7.92706549e-01 6.49295568e-01 6.97794259e-01
    4.74447012e-03 4.04494196e-01 9.85738456e-01 2.74635136e-01
    3.15845907e-01 1.06247365e-01 2.14798748e-02 3.50819647e-01
    2.87508965e-01 6.58039451e-02 1.33943558e-03 4.51048613e-02
    8.41027856e-01 1.93207592e-01 2.24108309e-01 1.84898704e-01
    6.42998099e-01 1.86944604e-02 2.54286170e-01 1.71783566e-01
    9.45612490e-02 6.91037297e-01 5.89091182e-01 2.31870681e-01
    1.61302984e-02 1.03279680e-01 9.97721791e-01 3.84812653e-02
    7.01365054e-01 8.10276866e-01 6.23295546e-01 2.05489874e-01
    2.04612911e-02 1.85687810e-01 6.10799789e-01 2.79661775e-01
    2.52155721e-01 1.26457185e-01 8.32071424e-01 4.94574934e-01
    1.64462417e-01 4.78762090e-02 3.07227373e-02 5.16114652e-01
    3.43567133e-03 7.13481307e-01 8.96450818e-01 4.97719139e-01
    7.88544178e-01 6.66530252e-01 2.12810904e-01 7.85640478e-01
    8.60081196e-01 8.46304774e-01 5.25748610e-01 7.07822084e-01
    2.99825847e-01 9.69801784e-01 7.49435067e-01 7.44550526e-01
    3.70455980e-01 5.89751840e-01 4.08064336e-01 1.65991753e-01
    1.92568332e-01 7.61986256e-01 3.44702482e-01 7.97112882e-01
    8.13738823e-01 8.35243464e-01 2.31080234e-01 4.30925697e-01
    2.19096899e-01 1.45312548e-02 7.12260962e-01 5.97218454e-01
    7.80988991e-01 6.28484428e-01 6.46925569e-02 3.55482101e-02
    2.55067945e-01 2.58719981e-01 8.09252441e-01 3.91515017e-01
    3.38504136e-01 7.80107021e-01 9.61932361e-01 8.21043491e-01
    2.60227144e-01 4.78959799e-01 5.83053231e-01 4.02884215e-01
    9.74653721e-01 2.95308471e-01 5.28726637e-01 4.69076306e-01
    1.83653682e-01 9.70583677e-01 7.54422843e-02 7.43242025e-01
    7.13276327e-01 4.24808562e-02 6.39267683e-01 8.80497336e-01
    4.15706456e-01 9.90859866e-01 7.92105794e-01 4.46379632e-01
    5.34724653e-01 8.63726616e-01 9.36346412e-01 1.72045201e-01
    6.16630077e-01 1.77502781e-01 2.45305032e-01 5.18319547e-01
    5.24915397e-01 5.11619985e-01 2.36784816e-01 8.86525750e-01
    6.40943527e-01 2.72033811e-01 5.15023947e-01 6.14987731e-01
    4.28820074e-01 3.61226261e-01 1.12821043e-01 8.01530838e-01
    9.84133601e-01 4.39689070e-01 6.15253985e-01 8.28438222e-01
    4.20504481e-01 1.56411827e-01 1.95797384e-02 1.23215467e-01
    8.43366444e-01 2.34836131e-01 1.05649799e-01 5.49720049e-01
    5.39131880e-01 6.36880338e-01 3.74845028e-01 9.72548902e-01
    8.34207118e-01 8.25295925e-01 9.67590451e-01 7.49350786e-01
    6.30987465e-01 3.19019407e-01 6.18449271e-01 2.25596994e-01
    9.30311680e-01 5.76466918e-02 8.83951664e-01 9.44919586e-01
    6.90889120e-01 4.15514022e-01 9.28499937e-01 7.66044557e-01
    2.49815375e-01 7.86129951e-01 6.51906371e-01 3.42706859e-01
    9.60937262e-01 2.99535990e-01 5.66543460e-01 2.88076282e-01
    6.42613113e-01 2.00328946e-01 8.24077368e-01 9.84536767e-01
    5.05809784e-01 7.35776424e-01 9.29021120e-01 8.94841552e-01
    8.04618478e-01 1.11024827e-01 6.82784259e-01 2.94926047e-01
    9.47540700e-02 2.37143129e-01 7.19278932e-01 2.87400097e-01
    3.82610649e-01 2.08944082e-03 8.14193010e-01 6.62723720e-01
    1.97733641e-02 4.73734915e-01 3.03221971e-01 9.88541603e-01
    6.62676990e-02 8.37135673e-01 4.02802140e-01 9.04942155e-01
    1.82960302e-01 1.25809997e-01 1.49117678e-01 7.10010350e-01
    8.94333005e-01 4.80910510e-01 9.32416916e-01 3.78187120e-01
    9.91074324e-01 8.83992434e-01 4.50132698e-01 2.87845343e-01
    5.19400418e-01 9.35448349e-01 1.43170357e-01 6.86925471e-01
    3.63371640e-01 3.83049428e-01 2.72625029e-01 2.88881719e-01
    2.74453759e-01 3.59208852e-01 5.84674537e-01 7.80449271e-01
    4.03941274e-01 6.19172454e-01 1.34940326e-01 5.25818527e-01
    9.70761180e-01 9.28252101e-01 9.75675344e-01 9.32912230e-01
    9.31800306e-02 4.68592077e-01 1.87600940e-01 5.72037160e-01
    1.39906138e-01 3.41399312e-01 5.91305196e-02 2.84420580e-01
    1.32294059e-01 6.77197456e-01 1.15033269e-01 2.69080669e-01
    4.76221025e-01 7.25494742e-01 8.16762865e-01 4.53987360e-01
    8.38484824e-01 1.31485969e-01 5.83367288e-01 5.65539598e-02
    1.45103425e-01 7.63229251e-01 6.71610415e-01 5.96489847e-01
    5.64888954e-01 7.10804224e-01 8.15615058e-01 7.65150189e-01
    4.63102490e-01 4.83739495e-01 8.29013109e-01 9.00452316e-01
    2.89932340e-01 2.93540418e-01 7.61613727e-01 5.48852623e-01
    6.89978302e-01 8.00573111e-01 4.76783663e-01 6.29101396e-01
    6.36520147e-01 3.68311882e-01 4.56785560e-01 9.21265423e-01
    9.35662746e-01 4.71424818e-01 5.24107516e-01 3.68536174e-01
    4.80276734e-01 7.29785800e-01 6.39014304e-01 4.94420767e-01
    3.15313339e-02 1.80053115e-02 8.22434783e-01 4.25865412e-01
    3.85867327e-01 4.42724347e-01 4.90353972e-01 7.26064920e-01
    6.59165144e-01 1.77022636e-01 9.16058779e-01 9.03646827e-01
    6.09086156e-01 4.21946615e-01 1.40870601e-01 5.72015882e-01
    4.25737202e-01 2.99421549e-02 4.88154948e-01 6.76025093e-01
    1.78816319e-02 9.67931151e-01 3.62547398e-01 4.36955631e-01
    1.23959333e-01 8.12990487e-01 7.10097253e-01 3.65781486e-01
    5.91780305e-01 2.56462097e-01 9.73434985e-01 1.00696474e-01
    7.63096333e-01 3.77289653e-01 4.25590545e-01 9.11253572e-01
    7.88090825e-01 5.41906714e-01 4.99884486e-02 2.90066063e-01
    6.34790540e-01 1.86042339e-01 5.95467150e-01 7.78196335e-01
    6.24928415e-01 2.53866792e-01 6.08445823e-01 1.70043379e-01
    6.19115531e-02 8.27445984e-02 5.64168572e-01 4.43676859e-01
    3.33388567e-01 5.59095204e-01 6.29272044e-01 5.81745684e-01
    5.35673976e-01 1.71323448e-01 9.18322444e-01 9.20042872e-01
    7.88712621e-01 3.87079209e-01 8.57499242e-03 2.89599806e-01
    5.24422288e-01 7.92040169e-01 3.17762434e-01 6.12873435e-01
    7.03699887e-02 8.23406577e-01 4.31351781e-01 6.46172643e-01
    5.75686991e-02 9.51097429e-01 1.58529162e-01 5.39096475e-01
    4.81010348e-01 7.50883162e-01 9.86631393e-01 8.00171494e-01
    6.90805614e-02 2.34356791e-01 9.64927435e-01 6.48674548e-01
    4.03103739e-01 8.75194192e-01 4.88956451e-01 5.84083021e-01
    7.05534160e-01 4.37450767e-01 4.92042392e-01 8.38807106e-01
    6.12924695e-02 6.49832368e-01 4.62609351e-01 9.92587328e-01
    6.56847358e-01 4.30817664e-01 2.70592868e-01 6.88635707e-02
    7.20058382e-02 2.68146098e-02 9.71436262e-01 5.78615129e-01
    5.82734942e-01 6.78671777e-01 7.26893067e-01 1.94314122e-03
    4.93176371e-01 8.88989568e-01 4.04595345e-01 6.64772391e-01
    2.36571670e-01 1.15824461e-01 4.88885731e-01 8.22154403e-01
    6.37257040e-01 5.91089129e-02 2.39145607e-01 7.96529531e-01
    3.11394155e-01 6.44038498e-01 6.91699564e-01 8.35412979e-01
    3.37553620e-01 4.74473864e-01 3.24897587e-01 9.93889749e-01
    4.51557696e-01 6.48085415e-01 3.63811672e-01 4.72080648e-01
    2.77503699e-01 1.48532242e-01 4.26890790e-01 7.33511627e-01
    3.12196016e-02 5.18145144e-01 5.80248415e-01 2.57383674e-01
    5.80317438e-01 6.40889049e-01 1.48683935e-01 9.66197014e-01
    4.28164005e-03 6.19866014e-01 5.48330367e-01 5.51949203e-01
    4.79647130e-01 3.34587991e-01 6.04287803e-01 2.96265602e-01
    6.61693692e-01 3.22331369e-01 6.70095682e-01 7.22705007e-01
    5.86454809e-01 7.48813272e-01 4.53996271e-01 6.68404222e-01
    1.68578118e-01 9.15395975e-01 8.88956487e-01 2.09572494e-01
    5.24657130e-01 6.40060842e-01 4.10389096e-01 6.11838102e-01
    3.82392704e-01 5.25184691e-01 3.90153706e-01 3.77277851e-01
    1.31010234e-01 3.61614197e-01 8.17865193e-01 8.84746909e-01
    1.22564435e-02 3.91752779e-01 2.90132731e-01 9.14363384e-01
    8.63793254e-01 7.04217315e-01 1.91812038e-01 7.31999993e-01
    5.66257954e-01 5.92814684e-01 6.31716251e-01 4.19829756e-01
    9.25348341e-01 9.92090046e-01 9.10042405e-01 5.75220942e-01
    2.11277008e-02 8.61263752e-01 4.05107677e-01 5.01745939e-01
    1.03877783e-02 3.88674408e-01 5.41468143e-01 8.74171376e-01
    9.33890939e-01 6.06349707e-02 5.92016101e-01 1.54027343e-01
    8.09791744e-01 2.26718128e-01 1.97872877e-01 2.45811969e-01
    6.00006759e-01 5.63531101e-01 6.00853562e-01 3.80064428e-01
    2.15829015e-02 2.06516802e-01 5.12444913e-01 3.59472096e-01
    2.43664056e-01 3.66311789e-01 3.21782649e-01 9.90902305e-01
    7.87789583e-01 5.29811561e-01 6.38922572e-01 6.01856351e-01
    5.53467691e-01 6.69755459e-01 1.20391846e-02 5.88499904e-02
    5.20744920e-01 2.14493632e-01 8.42638850e-01 7.48294771e-01
    3.87802780e-01 8.90331149e-01 5.17458022e-01 9.00826931e-01
    4.00343001e-01 8.28104377e-01 2.26607800e-01 4.45264518e-01
    6.38559222e-01 2.41794884e-01 2.35075802e-01 8.38368714e-01
    3.72750014e-01 2.55733043e-01 3.63258481e-01 2.51615614e-01
    7.78719485e-01 9.36473012e-02 1.74602926e-01 2.34402150e-01
    4.04452980e-01 4.75467712e-01 1.07726485e-01 7.37769067e-01
    8.62558842e-01 4.20806319e-01 7.27269292e-01 8.76695395e-01
    7.06098855e-01 2.87053406e-01 3.59244227e-01 7.02521861e-01
    4.86427784e-01 9.64325190e-01 4.30319518e-01 3.93954992e-01
    2.29433507e-01 6.00293756e-01 6.14146769e-01 5.03275037e-01
    8.76554370e-01 6.62883937e-01 2.81005263e-01 7.44562566e-01
    4.16939437e-01 1.76761627e-01 9.66783106e-01 8.84558797e-01
    4.44849819e-01 3.53054047e-01 3.90876055e-01 3.88518810e-01
    2.05227077e-01 1.61728382e-01 6.43635809e-01 7.58365273e-01
    1.73424423e-01 1.73701882e-01 7.22399652e-01 1.68606162e-01
    9.50417519e-01 1.70133621e-01 1.76597774e-01 4.24792796e-01
    8.63288343e-01 2.81275749e-01 6.30800128e-01 5.24918318e-01
    6.61153615e-01 8.77001584e-01 7.13166893e-01 5.66800594e-01
    7.23239779e-02 5.57425022e-01 3.88770342e-01 8.95628333e-01
    4.79909778e-01 1.34154916e-01 2.76842713e-01 6.73792481e-01
    1.51284099e-01 2.71546423e-01 9.52428818e-01 9.93685961e-01
    7.06678808e-01 6.56051874e-01 6.80257797e-01 5.65471590e-01
    9.76494431e-01 6.26143813e-01 4.45866287e-01 5.74525058e-01
    7.54748881e-01 4.91633415e-02 5.68473279e-01 7.21660137e-01
    4.54038501e-01 7.08596706e-02 7.48853445e-01 8.00208747e-02
    6.21700287e-03 9.78301823e-01 8.14202070e-01 9.04871702e-01
    5.21826863e-01 1.02660209e-01 6.43830776e-01 7.37393498e-01
    7.11400449e-01 4.71208632e-01 6.68718994e-01 5.73780358e-01
    9.02421474e-02 3.70729029e-01 2.36317217e-02 7.62911677e-01
    7.99082160e-01 5.65879822e-01 8.50624442e-01 1.34283304e-03
    7.08997965e-01 9.41759706e-01 7.51298487e-01 6.54651701e-01
    2.33262688e-01 7.68552065e-01 7.09568858e-02 7.44792879e-01
    2.32054114e-01 9.59420681e-01 8.31986248e-01 4.76153016e-01
    5.41440248e-01 4.45273697e-01 6.52399063e-01 9.26802516e-01
    6.36100769e-03 6.20030344e-01 3.16366166e-01 8.42159152e-01
    1.49926096e-01 2.17916250e-01 9.20229554e-02 3.56489867e-01
    8.37321520e-01 1.69426322e-01 6.20333314e-01 5.68015218e-01
    5.21549046e-01 1.15887791e-01 8.75792503e-01 6.42812729e-01
    6.95783496e-01 4.05646622e-01 8.52270126e-01 7.76597857e-03
    2.09809452e-01 4.46985751e-01 7.82779753e-02 9.21302080e-01
    5.09889603e-01 8.56972575e-01 3.52892607e-01 9.11541104e-01
    3.10690284e-01 1.51915252e-01 3.23234200e-01 2.51829624e-01
    3.39575648e-01 2.02521920e-01 7.74189711e-01 3.87467623e-01
    8.46032441e-01 2.75164187e-01 1.35664940e-02 5.46119869e-01
    2.28340685e-01 3.36758673e-01 3.34753633e-01 2.87382275e-01
    1.88492328e-01 2.69353986e-01 2.72470772e-01 4.65374291e-02
    1.04942232e-01 3.82348776e-01 6.40295148e-01 7.61597514e-01
    4.75322485e-01 1.31416619e-02 5.43479860e-01 5.79976916e-01
    3.78093421e-01 4.14968222e-01 6.35712147e-02 7.25114346e-01
    6.50614440e-01 2.66204059e-01 4.49435472e-01 9.06382322e-01
    4.42760915e-01 3.25380027e-01 8.95368695e-01 4.29918706e-01
    4.87184972e-01 7.85603523e-01 4.30706352e-01 6.31117821e-01
    7.94630527e-01 8.46528232e-01 4.29134548e-01 2.84002870e-01
    3.97289455e-01 2.76128948e-01 9.78616476e-01 5.73561668e-01
    4.72618639e-02 9.99653578e-01 6.74741626e-01 8.05203557e-01
    6.34207308e-01 5.38543284e-01 1.01621598e-01 8.10394883e-01
    6.25979424e-01 5.98605573e-02 6.50635302e-01 7.21902847e-02
    8.66437674e-01 3.13844472e-01 5.36002100e-01 4.07784581e-02
    1.03108764e-01 1.65129215e-01 7.85952806e-02 3.16105068e-01
    1.07525051e-01 9.85281587e-01 1.58498138e-01 4.20647591e-01
    7.94303596e-01 3.13205719e-01 9.46866930e-01 3.35112929e-01
    7.12292433e-01 8.85108650e-01 7.46887207e-01 7.53185868e-01
    3.87734503e-01 9.61425304e-01 3.99552315e-01 4.09266651e-02
    8.53186786e-01 5.67526281e-01 7.87496567e-03 1.64561540e-01
    2.21174628e-01 7.49753118e-02 3.96346480e-01 2.03793287e-01
    2.13554680e-01 1.49212182e-02 8.13123822e-01 1.97849452e-01
    2.64113486e-01 2.73539424e-01 8.93312931e-01 5.46934009e-01
    5.71132302e-02 5.08302212e-01 8.62724900e-01 8.45362961e-01
    5.15250385e-01 3.69982958e-01 7.99678922e-01 6.26391292e-01
    8.86301994e-02 3.44455779e-01 3.69094193e-01 3.54811430e-01
    9.76785541e-01 5.40817559e-01 5.33439219e-01 6.81977451e-01
    6.39869690e-01 3.13457727e-01 8.54606926e-01 3.00014436e-01
    2.32094496e-01 3.11426640e-01 9.17600155e-01 8.22511315e-03
    6.33445382e-01 4.22108799e-01 7.86340833e-02 8.99141133e-02
    7.12121189e-01 5.72222471e-03 5.55546999e-01 8.17194343e-01
    5.54129124e-01 9.33009386e-02 9.42658663e-01 9.51630473e-01
    6.17234468e-01 1.32339001e-02 5.46951592e-01 3.24995816e-02
    4.08949375e-01 4.61835504e-01 1.33338273e-01 1.58120751e-01
    4.60368931e-01 4.50785279e-01 3.27116191e-01 1.10321701e-01
    3.18811595e-01 5.65623224e-01 9.29375350e-01 4.86413896e-01
    5.52917421e-01 7.88556814e-01 6.09993041e-01 8.35220754e-01
    3.35290104e-01 5.19608617e-01 4.70591187e-01 2.68342018e-01
    4.99603122e-01 5.19319773e-02 5.11834562e-01 8.24895620e-01
    3.81806493e-02 7.98691273e-01 3.74412835e-02 2.06063718e-01
    6.30550086e-01 8.99229169e-01 1.15764201e-01 7.71904647e-01
    2.05527931e-01 1.06923550e-01 5.65545499e-01 3.01269889e-01
    8.00279260e-01 6.49625599e-01 1.79027766e-01 9.79151130e-01
    2.58359909e-01 2.75565863e-01 8.13298464e-01 2.60920048e-01
    3.31419379e-01 2.54602134e-01 2.37604350e-01 8.70461702e-01
    7.75382340e-01 3.02382708e-01 8.18762660e-01 1.98984861e-01
    3.19873273e-01 2.35524535e-01 4.93262947e-01 5.49731255e-01
    3.15998018e-01 9.85670030e-01 8.86768103e-04 6.52613282e-01
    8.75985086e-01 4.12517905e-01 8.42706859e-02 3.37445378e-01
    9.27883387e-02 7.85405278e-01 1.73678875e-01 6.79097652e-01
    7.26956427e-02 9.99428511e-01 4.42896336e-01 9.44476604e-01
    3.36294651e-01 7.86599278e-01 2.53467858e-01 6.07083559e-01
    1.85098529e-01 4.43803400e-01 2.06514090e-01 5.64337254e-01
    5.30686140e-01 4.73346919e-01 3.49249840e-01 7.36730814e-01
    3.38407755e-01 8.89052391e-01 1.05677575e-01 9.61047530e-01
    6.83294475e-01 8.00082624e-01 2.04252124e-01 6.39146924e-01
    5.92688620e-02 1.12864077e-01 4.91482735e-01 9.09765124e-01
    2.55016983e-02 6.39157891e-01 1.73367947e-01 6.03812993e-01
    9.59026158e-01 9.87713456e-01 6.60509169e-01 6.13228500e-01
    2.65725315e-01 7.10659087e-01 3.33537489e-01 9.13910151e-01
    5.24805188e-02 2.57369637e-01 8.93373787e-02 2.09869832e-01
    3.21638346e-01 3.89578313e-01 1.96564108e-01 5.28183043e-01
    5.49809337e-01 5.87895989e-01 6.96178854e-01 9.31452155e-01
    6.40974641e-01 2.01998502e-01 2.71212757e-01 7.56925046e-01
    6.29986227e-01 5.12384593e-01 6.15847528e-01 2.78643698e-01
    4.96003628e-01 3.51432502e-01 3.19096982e-01 5.75608492e-01
    8.91710877e-01 7.69686103e-02 2.70826578e-01 5.54519594e-01
    9.27107811e-01 8.66862416e-01 2.38076031e-01 6.71096742e-02
    6.26402199e-01 6.59671247e-01 7.05457389e-01 4.41468298e-01
    2.08139718e-02 7.95932889e-01 2.36177385e-01 3.36161852e-01
    7.38712609e-01 9.75522280e-01 2.98578382e-01 2.57808149e-01
    8.08976114e-01 7.07322896e-01 9.45453882e-01 8.64154339e-01
    5.70498228e-01 3.63200098e-01 2.57809758e-02 7.76353002e-01
    6.97869003e-01 9.56356883e-01 5.54770887e-01 9.78272498e-01
    8.35767388e-03 2.74876714e-01 9.43944931e-01 3.21746260e-01
    7.53608286e-01 4.23427314e-01 7.37159729e-01 8.75518799e-01
    2.08976448e-01 2.80267954e-01 3.52893770e-02 7.56360531e-01
    5.13598204e-01 2.82340884e-01 3.23552191e-01 2.30336696e-01
    8.23185921e-01 4.57414091e-02 8.43038678e-01 3.04782808e-01
    1.02694303e-01 3.68231475e-01 4.98070478e-01 6.00761414e-01
    2.17148334e-01 2.47637928e-02 2.24358022e-01 8.78704727e-01
    1.71537250e-01 8.04990888e-01 2.01186925e-01 4.34051275e-01
    4.64721531e-01 6.44141436e-03 8.67718458e-03 8.02596807e-01
    8.64654660e-01 5.55508077e-01 3.90703440e-01 3.06876957e-01
    4.41565186e-01 6.01368666e-01 4.31977868e-01 9.98874605e-01
    1.31458640e-01 3.04874897e-01 2.94110715e-01 6.20828986e-01
    1.66834414e-01 5.19754887e-01 2.04372376e-01 3.94184411e-01
    6.49502754e-01 9.59259272e-01 1.70108676e-01 6.83624566e-01
    7.54590750e-01 4.99910444e-01 3.56358021e-01 4.99721259e-01
    1.93821281e-01 5.36697030e-01 3.83957744e-01 1.79976970e-01
    3.75037074e-01 8.59776556e-01 9.06199455e-01 2.72809625e-01
    2.97662258e-01 6.13497019e-01 8.58095825e-01 6.86074078e-01
    3.59494507e-01 1.17158353e-01 7.90574551e-01 7.74294674e-01
    1.11856788e-01 2.08021164e-01 6.58795893e-01 9.73880827e-01
    2.13267744e-01 8.50611210e-01 6.27201617e-01 2.67637372e-01
    9.18467164e-01 8.69862080e-01 8.64781380e-01 5.75988233e-01
    8.48873019e-01 1.39214396e-01 8.19105208e-01 7.51281857e-01
    1.78041637e-01 3.04153293e-01 3.77985120e-01 8.55597496e-01
    3.68082523e-01 4.32412565e-01 6.17572486e-01 5.81979334e-01
    1.33291781e-02 4.60716426e-01 6.34683788e-01 4.44479883e-02
    9.97208238e-01 8.61308515e-01 8.15763354e-01 9.56259549e-01
    5.13885617e-01 3.43247652e-02 2.30659336e-01 9.19247389e-01
    3.43065321e-01 2.25600600e-01 7.94781566e-01 1.85099930e-01
    9.60009456e-01 8.64561677e-01 5.64869940e-01 5.61482549e-01
    2.73784697e-02 9.72770452e-01 3.90680164e-01 8.43332410e-02
    1.46730304e-01 8.32604527e-01 7.01378703e-01 1.58086687e-01
    5.07274270e-02 6.65009737e-01 7.33260512e-01 1.62302971e-01
    1.88683897e-01 1.03214085e-02 3.76962930e-01 9.96083498e-01
    2.05810577e-01 1.95185840e-01 4.00967658e-01 5.30405641e-01
    2.64311492e-01 5.93296528e-01 8.83272469e-01 3.06583464e-01
    5.90565443e-01 8.80033374e-01 7.33237267e-02 3.91508102e-01
    6.58419490e-01 4.63880897e-01 8.23879123e-01 6.99311852e-01
    3.24289083e-01 5.33282816e-01 9.37603831e-01 5.35282612e-01
    8.94946933e-01 1.86380118e-01 8.44727457e-01 8.34672391e-01
    2.05186605e-02 6.32407784e-01 7.95004010e-01 4.91911113e-01
    4.95777428e-02 2.11081326e-01 4.00445968e-01 4.12300527e-01
    6.40106916e-01 2.43828475e-01 5.05333364e-01 9.68230724e-01
    7.84993649e-01 5.82864165e-01 3.57931256e-01 4.15404916e-01
    7.90696979e-01 7.06679106e-01 2.42992938e-01 3.91536653e-02
    2.31397569e-01 8.78168643e-01 8.25621605e-01 7.51698017e-02
    2.20989496e-01 8.38420749e-01 9.46191788e-01 8.01683486e-01
    3.90439272e-01 7.15425313e-02 8.27716947e-01 8.98107767e-01
    3.81266534e-01 7.04632878e-01 2.95595497e-01 8.48856211e-01
    2.55359650e-01 3.11963469e-01 5.72332978e-01 6.05803072e-01
    4.10802454e-01 5.36693513e-01 6.22281611e-01 6.58231139e-01
    1.50461495e-02 7.70101428e-01 5.29469430e-01 5.82579553e-01
    7.33862519e-01 9.25481319e-01 5.24934947e-01 2.80288160e-02
    4.01697934e-01 4.47647274e-01 3.98920894e-01 8.44329596e-01
    1.29552871e-01 9.02046800e-01 7.46345401e-01 8.93061638e-01
    3.39136720e-01 7.04962790e-01 5.05299032e-01 6.94887042e-02
    5.45218766e-01 3.19794714e-01 1.06796920e-01 3.36773455e-01
    1.36393994e-01 7.54376888e-01 8.99750650e-01 3.51329058e-01
    4.16157752e-01 1.26533538e-01 9.00523543e-01 8.29771042e-01
    3.17292809e-02 5.77391684e-01 8.46089005e-01 6.50432706e-01
    5.89390934e-01 8.21829677e-01 7.78856039e-01 2.14402556e-01
    4.49049592e-01 7.08181143e-01 9.55190063e-01 9.93707776e-01
    7.00174510e-01 9.82130527e-01 3.27573538e-01 6.48559988e-01
    8.86302233e-01 3.68876278e-01 6.95722878e-01 4.20610487e-01
    7.87491918e-01 6.81854486e-01 6.56563818e-01 3.10761034e-02
    3.04288715e-01 5.21408081e-01 8.20160806e-01 7.50942707e-01
    8.22283149e-01 9.55692649e-01 1.26751244e-01 4.68415856e-01
    7.20495522e-01 4.33860004e-01 9.81344104e-01 7.81066537e-01
    5.90616226e-01 4.81275737e-01 8.97225440e-01 2.62223184e-02
    9.29444313e-01 5.66763759e-01 5.00438273e-01 8.09046149e-01
    8.19210768e-01 3.94416809e-01 5.36354065e-01 1.93949759e-01
    7.27454722e-02 3.46362889e-01 2.67946005e-01 9.26344633e-01
    1.06905490e-01 8.81473124e-02 3.85211229e-01 7.85932839e-01
    8.60727072e-01 7.08965719e-01 6.06181860e-01 1.03808165e-01
    3.22730958e-01 1.95264459e-01 1.51171982e-02 2.24679857e-01
    8.11029434e-01 9.60428298e-01 6.37234926e-01 4.52216387e-01
    7.34122634e-01 9.23179150e-01 5.14830947e-01 8.95878315e-01
    8.80359054e-01 3.38816792e-01 9.62802470e-02 1.75916225e-01
    4.17018265e-01 9.92722750e-01 1.36955976e-02 8.28186274e-01
    8.91719759e-02 3.58795017e-01 8.59764457e-01 5.64072013e-01
    5.03751636e-01 3.72474104e-01 5.25598347e-01 2.17249513e-01
    1.71794266e-01 4.10885692e-01 3.52408290e-01 6.26711607e-01
    9.52217340e-01 2.90585458e-01 8.70166540e-01 7.79818475e-01
    9.12701726e-01 6.04731917e-01 4.57311690e-01 2.45422691e-01
    5.31575501e-01 5.55323303e-01 9.75504756e-01 5.23374081e-02
    1.51353836e-01 4.87184495e-01 3.84556383e-01 1.63753241e-01
    5.41622102e-01 4.36343372e-01 3.23357880e-01 5.51547229e-01
    8.18205476e-02 6.02218688e-01 2.64391184e-01 4.98127222e-01
    6.45956039e-01 8.13071012e-01 4.54711437e-01 3.76640171e-01
    3.72243553e-01 6.66327119e-01 1.53756976e-01 1.89388394e-02
    7.93496072e-02 7.08708227e-01 8.30951512e-01 1.73545897e-01
    2.54683852e-01 4.63411063e-01 3.54448855e-01 9.03603435e-03
    8.80267322e-02 7.47516870e-01 1.42185390e-02 1.94171071e-01
    6.81398690e-01 4.61666048e-01 6.40986323e-01 7.60869086e-01
    6.90708160e-02 8.34631622e-01 9.98738289e-01 3.38206232e-01
    7.79423237e-01 2.51767933e-01 2.38264859e-01 6.71863079e-01
    1.69399083e-01 9.17684734e-02 7.04461336e-01 1.54309869e-02
    2.63080508e-01 7.97082186e-01 7.64456987e-01 8.32996368e-01
    9.90873873e-01 5.67626297e-01 6.21857941e-01 2.88168609e-01
    4.48992491e-01 2.90655196e-02 2.56345928e-01 6.64652824e-01
    5.15041590e-01 9.84627008e-01 9.32644248e-01 2.59602129e-01
    2.02173620e-01 4.23341960e-01 6.32112503e-01 3.05024862e-01
    8.81446302e-02 9.18964386e-01 8.19417119e-01 7.61319101e-02
    3.86779636e-01 9.66078341e-02 9.36186016e-01 2.14041352e-01
    9.94389057e-01 5.87418675e-01 2.15878010e-01 4.17511940e-01
    4.25930291e-01 6.02060735e-01 9.92681563e-01 1.00106359e-01
    2.75940716e-01 9.67264950e-01 7.10129321e-01 4.52307254e-01
    9.16522622e-01 4.84012306e-01 7.38997161e-01 3.64697218e-01
    9.52673018e-01 8.57344270e-01 8.41493726e-01 8.97204280e-01
    4.45486099e-01 3.37018669e-01 6.26465023e-01 1.09688342e-01
    1.63712859e-01 3.12069386e-01 9.91626024e-01 1.33297086e-01
    9.38893974e-01 7.72220850e-01 6.68539882e-01 9.33884978e-01
    3.99554908e-01 8.47605348e-01 6.70787394e-01 3.55929554e-01
    9.02350247e-02 3.59370172e-01 3.07948709e-01 1.10884875e-01
    5.51481485e-01 4.35729086e-01 7.26781309e-01 8.42827916e-01
    6.78972244e-01 6.70551658e-01 7.90959358e-01 3.69662344e-02
    2.12280422e-01 8.24721217e-01 4.05645162e-01 7.60235429e-01
    9.79759395e-01 3.24479640e-01 1.87002718e-01 9.20419037e-01
    3.82037878e-01 2.84963608e-01 8.56122971e-01 3.44288588e-01
    4.89231020e-01 6.31916404e-01 6.25445247e-01 2.16477156e-01
    3.49891901e-01 7.77180195e-01 1.54089838e-01 8.15802932e-01
    9.80979383e-01 1.16552949e-01 4.39982802e-01 9.09986019e-01
    9.85896111e-01 1.77402198e-02 9.79053617e-01 7.46351182e-01
    8.30665112e-01 2.23252833e-01 7.18996763e-01 7.90664852e-02
    4.47677404e-01 6.44046366e-01 8.17487240e-02 2.35748380e-01
    4.77246255e-01 7.73138523e-01 4.08164620e-01 9.68795478e-01
    6.27358496e-01 5.05144060e-01 2.81888068e-01 4.44794208e-01
    9.65847850e-01 8.20197463e-01 6.37335300e-01 2.23097354e-01
    7.13865101e-01 3.16038668e-01 2.53682673e-01 9.43697810e-01
    9.42983866e-01 1.34265065e-01 4.21002269e-01 9.02561009e-01
    2.09196061e-01 3.09481621e-02 8.42485130e-02 5.56223154e-01
    5.71997046e-01 7.05805719e-01 9.08300757e-01 8.90825450e-01
    1.38306320e-02 1.63618088e-01 5.27218342e-01 7.87217855e-01
    3.23207557e-01 6.74333930e-01 9.82844293e-01 7.69668579e-01
    3.54017377e-01 5.59222758e-01 3.93790901e-02 7.67385721e-01
    3.83569717e-01 4.94014382e-01 2.80720115e-01 4.32325006e-01
    6.49746358e-01 3.80364954e-01 1.13811195e-02 2.46340275e-01
    1.57296330e-01 8.51474404e-01 4.18995768e-01 4.99018908e-01
    2.38717705e-01 8.48762512e-01 4.84011948e-01 6.10950470e-01
    4.56411988e-01 4.74127591e-01 1.31187439e-01 1.01906419e-01
    2.63262808e-01 9.08182800e-01 8.14181626e-01 7.60965705e-01
    7.85032511e-01 9.42112684e-01 1.44985020e-02 4.96214926e-02
    7.32433558e-01 2.08076268e-01 8.37592602e-01 7.65492678e-01
    5.61003387e-01 3.01643729e-01 2.28464365e-01 9.13024545e-02
    5.88429213e-01 3.26919794e-01 3.55151117e-01 8.83172989e-01
    3.62764299e-02 7.39145339e-01 4.16568160e-01 7.49993682e-01
    4.01090980e-01 8.46944213e-01 4.15014207e-01 9.09516573e-01
    6.19001031e-01 3.67251396e-01 4.14964676e-01 1.97375417e-02
    5.81648946e-02 7.68040776e-01 6.82286024e-02 1.52463645e-01
    7.54314780e-01 1.53221279e-01 6.63780272e-01 6.36427402e-01
    8.56735945e-01 2.96175659e-01 8.16361070e-01 6.32435679e-01
    9.28391516e-01 9.76640105e-01 9.03210342e-02 9.21471477e-01
    3.39352071e-01 9.67197180e-01 1.26981854e-01 2.79485822e-01
    7.95234740e-01 7.17345536e-01 7.48157024e-01 9.03819919e-01
    4.60807830e-01 2.61656940e-01 7.38794863e-01 2.14182436e-02
    2.13221967e-01 6.46582305e-01 6.09394908e-02 7.82757640e-01
    2.01761574e-01 4.81789589e-01 9.71813560e-01 9.63568211e-01
    1.04620963e-01 3.17448199e-01 7.84201324e-01 4.78408396e-01
    4.06101853e-01 4.82144535e-01 6.26588702e-01 2.13756621e-01
    4.60616887e-01 1.16100818e-01 9.13009942e-02 8.70059907e-01
    4.70538288e-01 9.81240034e-01 2.87051439e-01 3.32622707e-01
    2.62777656e-01 1.14015937e-01 5.63951433e-01 7.54608750e-01
    9.78196502e-01 4.79536206e-01 2.57913291e-01 9.99873161e-01
    8.49740148e-01 5.92189968e-01 5.76598823e-01 5.07390857e-01
    3.35132420e-01 9.82407212e-01 5.99436879e-01 8.64837408e-01
    4.89050865e-01 9.02105272e-01 8.89483094e-02 3.52069974e-01
    2.70125449e-01 2.15125978e-01 8.35706830e-01 5.02654850e-01
    3.37772995e-01 5.20432591e-01 5.18136382e-01 2.27814913e-02
    2.18028277e-01 8.57070029e-01 3.86510551e-01 5.56084692e-01
    9.53318000e-01 2.81419486e-01 5.13315737e-01 6.07551455e-01
    8.95802975e-01 3.91938627e-01 6.34117246e-01 2.22675771e-01
    7.64212370e-01 5.55438340e-01 8.04800630e-01 7.06274211e-01
    5.52018642e-01 3.95421505e-01 6.64300561e-01 7.30518103e-01
    8.62464666e-01 1.70984775e-01 7.19219744e-02 2.61799037e-01
    5.28790236e-01 8.59902203e-02 7.58615136e-01 2.27287054e-01
    1.15692437e-01 6.10255301e-01 9.16460991e-01 4.64899570e-01
    2.82923758e-01 3.95316362e-01 1.40998304e-01 1.02171004e-02
    3.84756327e-01 7.14712143e-01 8.57872486e-01 4.06767040e-01
    2.73621619e-01 3.28816593e-01 2.49604255e-01 1.93270564e-01
    3.65036964e-01 4.07718360e-01 2.69478172e-01 7.35401988e-01
    4.32488233e-01 9.74494457e-01 2.40357399e-01 6.14955783e-01
    9.59681153e-01 9.01212692e-01 8.13040137e-01 8.98443341e-01
    5.66026092e-01 3.23294342e-01 4.88146484e-01 7.71641433e-01
    4.46598619e-01 3.98558140e-01 4.62575465e-01 8.94650817e-01
    6.48338020e-01 4.17881906e-01 7.89884806e-01 9.62939799e-01
    3.34855735e-01 2.82166779e-01 9.27734852e-01 6.20984256e-01
    8.21822405e-01 8.17005515e-01 9.09698009e-02 4.58863944e-01
    5.73587418e-01 3.30236673e-01 3.05513859e-01 5.09278536e-01
    9.67804372e-01 7.60676980e-01 6.58013880e-01 5.11044860e-02
    4.07965273e-01 1.25537992e-01 7.86774933e-01 6.52083933e-01
    2.04277337e-02 5.20657539e-01 2.16633826e-01 1.53619349e-02
    9.69955266e-01 6.88305020e-01 9.55785215e-01 1.02048129e-01
    6.81795299e-01 3.57733309e-01 6.24978542e-02 8.92233849e-01
    4.24756050e-01 6.97479546e-01 4.63733912e-01 9.66417432e-01
    6.56138420e-01 8.76497388e-01 6.58303499e-03 6.56149507e-01
    9.37728286e-02 9.96328175e-01 8.36110532e-01 1.54229105e-02
    5.68392754e-01 7.81623721e-01 2.22013861e-01 1.63922042e-01
    3.59003663e-01 6.74102724e-01 2.88018823e-01 2.74485052e-02
    9.76651013e-02 3.01798314e-01 3.98214519e-01 7.59066820e-01
    3.97300869e-01 8.21382582e-01 6.74729943e-02 4.36497390e-01
    4.92435277e-01 5.02057970e-01 7.61978447e-01 9.95921969e-01
    9.35773253e-01 7.27230310e-01 6.57070696e-01 9.93828773e-02
    5.51696539e-01 8.43858898e-01 2.81256735e-02 1.92168653e-01
    4.35661405e-01 7.08102882e-01 9.25063729e-01 1.12673163e-01
    8.26389730e-01 3.36865187e-02 2.89761722e-02 2.37526953e-01
    6.81042194e-01 1.83394402e-01 5.47434032e-01 1.60689294e-01
    2.66792953e-01 6.76141500e-01 8.29963923e-01 9.97236609e-01
    3.61201704e-01 8.94376278e-01 7.84074664e-01 3.92787725e-01
    9.34399664e-01 5.68436623e-01 7.27661729e-01 8.62618566e-01
    5.09177685e-01 7.11849570e-01 8.64478946e-01 5.03128529e-01
    1.13290578e-01 6.88183606e-01 2.36204863e-02 1.85237169e-01
    2.93020874e-01 4.73302722e-01 4.88748699e-01 3.20669830e-01
    2.05117762e-01 7.86066353e-02 5.86197734e-01 2.38958538e-01
    4.41064894e-01 8.38596582e-01 6.84433460e-01 3.15384418e-01
    1.18689567e-01 7.76607394e-01 5.97578108e-01 2.53810495e-01
    5.07721484e-01 8.81878257e-01 3.48429322e-01 5.12078106e-01
    3.11498463e-01 6.13654971e-01 7.79071867e-01 1.94434643e-01
    5.77018857e-02 9.98315811e-01 4.73321080e-02 6.36620998e-01
    6.60914540e-01 7.20003366e-01 1.14705265e-01 5.28481960e-01
    3.89027983e-01 1.09077334e-01 3.84536982e-02 6.27165794e-01
    9.43370461e-01 9.10921097e-01 5.42030215e-01 6.02936625e-01
    5.08161664e-01 2.60372162e-02 6.12936616e-01 3.80948186e-03
    9.94359374e-01 9.28873062e-01 2.74551272e-01 6.09305680e-01
    8.97081017e-01 2.93722749e-01 9.25381720e-01 1.96140081e-01
    6.92205727e-02 7.88825810e-01 6.13106787e-01 9.01946425e-01
    4.92090970e-01 7.85791695e-01 1.21002853e-01 7.83509731e-01
    2.93867618e-01 3.47242624e-01 6.77677989e-02 4.18898821e-01
    9.78617072e-01 2.19676167e-01 5.00824332e-01 3.02687109e-01
    3.42958570e-01 4.72716331e-01 2.04505086e-01 9.12904799e-01
    5.46111941e-01 2.59832382e-01 1.73249125e-01 9.67917323e-01
    6.79856300e-01 1.46912128e-01 7.57989883e-01 4.27747816e-01
    7.25834370e-01 2.87740529e-01 7.05921650e-02 6.67610526e-01
    5.08026183e-01 1.14550591e-02 5.83326042e-01 4.46107388e-01
    1.83269143e-01 1.00635886e-02 9.91034031e-01 4.77166772e-01
    8.10189962e-01 5.77539206e-01 5.76016665e-01 5.27152061e-01
    6.30528033e-02 7.45285273e-01 5.05982459e-01 1.75411433e-01
    7.57006705e-01 7.55221844e-01 6.97644591e-01 4.04347062e-01
    8.39140832e-01 9.20778573e-01 8.69743466e-01 6.92353547e-02
    5.74849248e-01 2.60341346e-01 4.43446636e-02 1.59811676e-02
    1.10979199e-01 7.41156638e-01 3.70162487e-01 8.65467787e-01
    2.30152607e-02 4.50207025e-01 5.80395162e-01 7.93594003e-01
    7.59272814e-01 1.99974447e-01 6.30700886e-02 5.96181393e-01
    4.10326719e-02 7.11453795e-01 6.92695081e-02 9.66555715e-01
    2.92514086e-01 4.52925026e-01 6.60476089e-01 7.97681212e-01
    3.04511845e-01 2.95788109e-01 5.95632255e-01 7.21427858e-01
    7.46854305e-01 3.44486505e-01 5.55561483e-01 3.47328633e-01
    7.36634195e-01 3.07957828e-02 4.42204386e-01 3.78095686e-01
    7.20639348e-01 2.43020952e-01 1.54480129e-01 7.36936986e-01
    7.36913145e-01 1.69564575e-01 6.60320044e-01 2.57474869e-01
    8.26673210e-01 8.61502588e-02 9.26041484e-01 3.36540639e-01
    7.27937400e-01 2.02386379e-01 3.69642884e-01 6.94638610e-01
    3.28259289e-01 4.90872443e-01 5.58946133e-01 8.90034795e-01
    6.21141911e-01 9.69605565e-01 3.97042722e-01 8.28798294e-01
    5.34256458e-01 7.51129389e-01 9.55613732e-01 8.92327189e-01
    5.28066695e-01 9.62177873e-01 7.66990542e-01 4.73129869e-01
    2.57356852e-01 3.57035905e-01 1.84944659e-01 3.13939154e-01
    3.78667772e-01 4.61545289e-02 7.68096745e-02 9.39688563e-01
    1.77190095e-01 1.39071047e-01 2.84810662e-01 1.15424544e-01
    8.05516481e-01 2.89109707e-01 2.75883138e-01 3.28208804e-01
    9.38097000e-01 2.05766559e-02 9.84775424e-01 5.58881462e-01
    5.92454612e-01 2.93865234e-01 3.79573554e-01 2.40749300e-01
    1.63837910e-01 9.73610401e-01 1.51205659e-02 7.56488502e-01
    6.20049119e-01 2.81604409e-01 4.13493872e-01 3.67646366e-01
    6.28409684e-02 2.39166588e-01 4.40953553e-01 2.21205354e-01
    3.48086596e-01 7.47844815e-01 4.34841633e-01 2.40290165e-02
    8.11357796e-01 4.00992364e-01 3.03931296e-01 4.79000509e-01
    5.59264660e-01 2.90105492e-01 9.51615810e-01 4.80127931e-02
    8.17425370e-01 8.08428288e-01 1.19740844e-01 4.79495257e-01
    1.41149014e-01 1.59000307e-01 7.66101599e-01 2.23315597e-01
    9.29508090e-01 2.70575315e-01 4.51092988e-01 5.54454029e-01
    2.49924272e-01 6.51724398e-01 9.78964806e-01 4.85627741e-01
    7.25123405e-01 2.89555192e-02 3.86117339e-01 6.66479528e-01
    2.64161944e-01 6.37139201e-01 9.12147522e-01 8.74007940e-01
    8.79342377e-01 2.87101328e-01 6.31249189e-01 7.14505255e-01
    5.95490813e-01 6.22781634e-01 4.48682159e-01 3.20088208e-01
    6.59518540e-02 3.86929810e-02 5.65200150e-01 2.76817381e-01
    5.86460829e-01 4.20053124e-01 2.98552930e-01 1.72868520e-01
    6.21125937e-01 1.91910416e-01 4.95406687e-02 7.28847563e-01
    9.74377692e-01 9.21184063e-01 1.80917650e-01 6.27185583e-01
    8.32794845e-01 1.08680725e-02 6.37970448e-01 2.78186232e-01
    1.79624051e-01 8.69685411e-01 8.83799195e-01 9.96138394e-01
    8.94221902e-01 9.77783203e-01 8.70828748e-01 5.50695240e-01
    1.02392495e-01 9.78746355e-01 3.31987500e-01 2.39020139e-01
    4.88629490e-01 7.91365623e-01 3.50298852e-01 4.05983031e-02
    8.10899675e-01 8.23597908e-02 4.49985713e-01 6.93914592e-02
    3.42381418e-01 1.93732381e-02 1.41701758e-01 3.31707656e-01
    4.08535630e-01 5.46532512e-01 5.37427664e-02 9.78579462e-01
    5.34748435e-02 7.87735283e-02 7.02101648e-01 9.33885455e-01
    5.37410378e-01 4.10902083e-01 4.12484407e-02 3.17340344e-01
    7.42795050e-01 8.84326994e-01 7.16558278e-01 3.16076458e-01
    9.97583985e-01 2.35726267e-01 8.96245718e-01 2.95617104e-01
    6.42056167e-01 3.75525892e-01 5.52128851e-01 3.84135425e-01
    8.80718708e-01 6.22398555e-01 2.77306616e-01 6.50378704e-01
    6.43828750e-01 5.78079402e-01 1.54338092e-01 2.91091859e-01
    1.70865297e-01 4.65574533e-01 3.48363042e-01 1.33048862e-01
    6.79704547e-01 4.20274436e-01 5.94798326e-01 3.86411965e-01
    2.78616548e-01 8.23232412e-01 1.63199395e-01 7.68094182e-01
    7.79866219e-01 6.31158650e-01 1.58316791e-02 1.11394614e-01
    2.71741569e-01 4.51943159e-01 1.15602374e-01 7.28622735e-01
    9.79654670e-01 3.40743601e-01 3.33274186e-01 4.88381356e-01
    9.83495712e-01 3.00872028e-02 4.24294174e-01 5.03669024e-01
    3.93563747e-01 6.87117517e-01 9.06862140e-01 4.46368754e-02
    4.34753954e-01 1.76444381e-01 1.34905070e-01 1.83918118e-01
    9.33984876e-01 6.75941110e-01 4.83964860e-01 8.65722179e-01
    3.05043280e-01 7.34433889e-01 6.84083462e-01 7.65878558e-01
    9.20833588e-01 5.81013680e-01 3.15595269e-01 5.27961016e-01
    6.98126972e-01 4.12349492e-01 4.26433563e-01 6.12979949e-01
    7.37340987e-01 5.29770255e-02 8.97575319e-02 4.59625721e-02
    2.27970481e-02 8.22214186e-02 9.63671923e-01 4.09055710e-01
    5.14024615e-01 9.51426983e-01 8.18996310e-01 8.90744328e-01
    6.05764389e-01 1.72691077e-01 5.55451870e-01 1.07748002e-01
    3.23858500e-01 2.02795506e-01 4.18492854e-01 1.58659399e-01
    9.18892026e-03 6.41344488e-02 4.51359451e-02 8.75161469e-01
    2.50057280e-02 6.48072183e-01 9.83877897e-01 9.76060033e-01
    5.43444812e-01 8.00216258e-01 6.24934256e-01 2.04724520e-01
    7.70277858e-01 7.11612880e-01 5.74188054e-01 2.65280962e-01
    8.69962156e-01 4.15691167e-01 7.41847217e-01 6.55708075e-01
    7.11281002e-01 4.34574842e-01 3.77636671e-01 9.07396436e-01
    1.20023727e-01 1.01280510e-02 7.15810418e-01 8.29405844e-01
    2.87782609e-01 3.12576175e-01 7.37224698e-01 9.60933447e-01
    3.17910135e-01 9.77029085e-01 2.22264588e-01 2.07195967e-01
    6.18545115e-01 1.75764918e-01 8.33170593e-01 1.70660794e-01
    9.45794702e-01 3.33308458e-01 5.22855818e-02 2.67037511e-01
    1.02523923e-01 2.48002052e-01 6.23549640e-01 2.62782097e-01
    3.29230964e-01 1.66194320e-01 5.41034222e-01 3.66820037e-01
    3.18815708e-02 6.39353156e-01 8.64866376e-02 4.07184094e-01
    5.93584597e-01 9.40885782e-01 7.97117352e-01 6.91031039e-01
    8.78841996e-01 3.46846819e-01 6.57847762e-01 6.95228934e-01
    9.48554754e-01 8.04954886e-01 4.61172402e-01 5.19762397e-01
    6.55068636e-01 6.11800134e-01 4.71340120e-01 6.69777393e-04
    4.75434244e-01 8.03265870e-02 5.84482312e-01 8.65536630e-01
    2.77149886e-01 5.96247971e-01 9.14892912e-01 3.65753174e-02
    7.16782629e-01 6.00888729e-01 1.60027534e-01 8.90147924e-01
    4.85346884e-01 5.89949191e-01 6.38339937e-01 8.66051018e-01
    4.05168205e-01 5.25940061e-01 1.04869008e-02 6.94002092e-01
    6.86750412e-01 7.10684180e-01 4.69363868e-01 2.32420415e-01
    3.19704890e-01 5.71270764e-01 8.96465421e-01 5.06220937e-01
    4.12774324e-01 4.39747244e-01 7.22976267e-01 2.69841611e-01
    4.77280021e-01 6.19502902e-01 3.55288804e-01 6.81461453e-01
    7.40567446e-02 8.52482677e-01 8.58174324e-01 8.61481249e-01
    8.15504789e-01 9.62540209e-01 2.34977782e-01 7.90436566e-02
    7.21654773e-01 4.81000215e-01 5.31573057e-01 8.43274951e-01
    8.31753075e-01 4.28065449e-01 7.22489357e-02 9.58780408e-01
    6.56201124e-01 1.35532945e-01 9.50142860e-01 9.89341974e-01
    8.01621795e-01 2.84945190e-01 9.67049241e-01 6.34485066e-01
    2.34473437e-01 1.07079327e-01 1.64103270e-01 3.03096682e-01
    7.07172334e-01 1.56163275e-01 3.62234145e-01 5.13952494e-01
    3.65915477e-01 3.21702898e-01 9.99236941e-01 3.95473540e-01
    4.98037964e-01 7.48125911e-02 6.12419605e-01 8.15498590e-01
    2.15038061e-01 5.69862902e-01 9.68651891e-01 7.91660428e-01
    1.09225333e-01 3.51819873e-01 5.50662160e-01 8.74848604e-01
    1.43590689e-01 4.96119916e-01 2.08913356e-01 6.71755493e-01
    3.56148779e-02 4.57459092e-01 7.46740639e-01 8.72219026e-01
    3.79374295e-01 4.22916234e-01 4.06607389e-01 7.33214617e-03
    5.23662984e-01 6.42049909e-01 7.49558389e-01 9.05766904e-01
    1.47947073e-01 2.35606521e-01 6.95194542e-01 6.40751958e-01
    4.32878017e-01 7.01710582e-01 1.05145007e-01 5.81088066e-01
    2.93343455e-01 9.55808640e-01 6.32786810e-01 9.75681305e-01
    8.65807772e-01 2.55759209e-01 2.37137318e-01 3.07961643e-01
    3.27619255e-01 2.41594434e-01 6.30391359e-01 6.51839554e-01
    7.80602634e-01 3.74285698e-01 6.80436075e-01 7.25274384e-01
    6.78463697e-01 4.80853945e-01 8.98053646e-01 6.77847087e-01
    6.27932250e-01 6.05173826e-01 1.34361058e-01 1.63380176e-01
    3.57823431e-01 3.01216334e-01 3.68715644e-01 9.83049512e-01
    5.84863067e-01 1.68901294e-01 5.60490787e-01 1.95939451e-01
    4.29813057e-01 7.17822134e-01 8.50102305e-01 9.76430655e-01
    7.85148025e-01 9.47719812e-03 4.87618744e-01 9.29359198e-01
    7.92346954e-01 4.56883311e-02 5.62505722e-01 6.05936885e-01
    4.54115093e-01 5.55649281e-01 7.81408429e-01 9.52702522e-01
    2.82807708e-01 9.93457735e-01 8.29177618e-01 2.35344201e-01
    3.13896537e-01 7.21765339e-01 2.29268521e-01 3.08197737e-02
    8.83747220e-01 7.80610323e-01 9.33219671e-01 5.31623185e-01
    8.49351525e-01 3.30449224e-01 3.78151119e-01 3.08178246e-01
    3.81940961e-01 8.14378679e-01 8.32010210e-01 5.50642312e-02
    5.38384259e-01 2.03847677e-01 6.85166895e-01 5.76783121e-02
    6.12306893e-02 6.43487215e-01 7.10834086e-01 2.13130623e-01
    8.60510051e-01 8.04188848e-01 7.12629855e-02 1.44010305e-01
    4.93105203e-01 2.05396026e-01 7.67649114e-01 9.53834891e-01
    9.61109519e-01 2.60533482e-01 1.79840058e-01 2.94095784e-01
    5.94332099e-01 8.61402512e-01 2.01614797e-01 9.21672106e-01
    6.09707415e-01 4.62951064e-02 9.54687297e-02 3.86577249e-01
    8.28274012e-01 1.06968701e-01 8.51993918e-01 4.48423624e-02
    5.46094060e-01 2.56362975e-01 2.55593210e-01 8.85288477e-01
    9.08248901e-01 6.13594890e-01 6.50813937e-01 2.57948279e-01
    6.62828922e-01 8.69871199e-01 6.51190519e-01 9.63485003e-01
    7.05985129e-02 4.20275301e-01 1.08549386e-01 6.34554029e-01
    1.51458919e-01 2.14596152e-01 2.43946463e-01 3.47869933e-01
    6.35664642e-01 1.00386381e-01 2.70050347e-01 2.31069058e-01
    7.90695667e-01 9.89099979e-01 3.10942739e-01 4.72767115e-01
    1.24265850e-02 9.33374405e-01 6.93664670e-01 7.06944406e-01
    8.98607969e-02 4.74033147e-01 6.27364278e-01 6.80988371e-01
    6.11416280e-01 3.13501358e-01 3.73339176e-01 3.48794281e-01
    8.31601620e-01 3.26514244e-04 2.93080688e-01 2.79714882e-01
    1.36791617e-01 5.92238903e-01 4.69074190e-01 7.27143645e-01
    8.82720113e-01 6.72515452e-01 5.30536473e-01 8.42179179e-01
    3.11952710e-01 2.64985293e-01 9.93560553e-02 6.28118694e-01
    9.82933342e-02 4.30645823e-01 3.59177887e-02 3.38773727e-01
    4.42720771e-01 6.18671298e-01 4.94358003e-01 5.87938607e-01
    8.30035925e-01 7.74905860e-01 1.21728987e-01 2.81687230e-01
    2.52581209e-01 6.87422872e-01 7.97484398e-01 2.56523132e-01
    2.06255496e-01 8.47090364e-01 9.01217520e-01 5.75493097e-01
    3.32579732e-01 2.64237523e-01 6.39173627e-01 9.22663569e-01
    8.18825364e-01 9.77410555e-01 4.04734343e-01 5.30693769e-01
    2.85225868e-01 2.21869409e-01 2.19580412e-01 6.24885798e-01
    4.02739167e-01 1.22889578e-02 5.08993745e-01 9.59373713e-01
    5.30245006e-01 9.07439113e-01 9.13888633e-01 2.57231891e-01
    1.66496038e-01 5.15779078e-01 4.83867049e-01 2.39246815e-01
    6.10706747e-01 9.11762834e-01 8.07927847e-01 1.63836867e-01
    8.26464891e-01 4.12858725e-02 6.10581636e-01 2.70185709e-01
    3.40188086e-01 9.69676614e-01 5.75883746e-01 5.36360383e-01
    8.87925088e-01 4.96992379e-01 4.59043354e-01 4.10344481e-01
    7.08973169e-01 3.32706273e-01 9.65498924e-01 5.71153045e-01
    4.66494560e-02 2.21687555e-01 7.25170255e-01 9.07322526e-01
    5.17723322e-01 9.18831110e-01 1.63316607e-01 2.30205685e-01
    8.24427783e-01 4.38171148e-01 3.73604000e-01 6.71405315e-01
    3.61388922e-01 6.69672132e-01 7.05652833e-01 1.98439866e-01
    6.90425992e-01 2.21004844e-01 6.45562470e-01 2.47358978e-01
    4.38003451e-01 4.50651109e-01 3.74975502e-02 4.86520082e-01
    3.73004138e-01 2.43866235e-01 3.48331094e-01 4.44054991e-01
    5.11237979e-02 7.56269813e-01 6.85386956e-02 1.84754401e-01
    2.84114480e-01 3.77317667e-01 3.39554250e-02 2.07062721e-01
    9.15036559e-01 5.99123716e-01 1.54224277e-01 2.52912939e-02
    6.48986816e-01 6.32438898e-01 8.63541007e-01 2.61114240e-01
    7.76295781e-01 1.03509218e-01 5.32801509e-01 9.19063807e-01
    9.25252736e-01 9.84729528e-01 4.16943967e-01 1.67067498e-01
    8.86095643e-01 9.75697160e-01 6.69535279e-01 8.93875480e-01
    4.61211741e-01 7.81002104e-01 7.27426589e-01 2.15539336e-02
    9.36136842e-01 9.88294363e-01 9.17444408e-01 4.88450766e-01
    7.33876944e-01 5.74243784e-01 9.76539612e-01 9.55821157e-01
    4.45754230e-01 6.68092012e-01 2.34720051e-01 2.85073221e-02
    3.48517478e-01 9.21909511e-01 1.78060383e-01 5.82970262e-01
    3.23184967e-01 9.39488649e-01 7.92291403e-01 6.16786301e-01
    8.11480284e-01 6.18968844e-01 2.92289138e-01 8.99655402e-01
    3.52297664e-01 4.83961552e-01 1.42914593e-01 6.56405628e-01
    2.42409766e-01 3.01614672e-01 2.12097615e-01 6.76256239e-01
    2.95353591e-01 7.34219134e-01 6.61302805e-02 1.32945091e-01
    8.41247797e-01 3.67343336e-01 8.65972877e-01 1.38591170e-01
    3.02788019e-01 6.72762871e-01 1.11495078e-01 6.11010909e-01
    8.01214695e-01 5.29882848e-01 5.79508066e-01 4.34370518e-01
    2.16432214e-01 4.99406070e-01 7.53354549e-01 4.79464889e-01
    9.62902665e-01 4.46838528e-01 1.94016278e-01 6.88171387e-02
    1.15483016e-01 5.28154135e-01 2.30693221e-01 3.90786529e-02
    7.29751587e-01 8.32550526e-02 5.79583526e-01 8.03601384e-01
    2.80494750e-01 2.05716878e-01 2.35309720e-01 8.02953720e-01
    5.93550980e-01 2.52846032e-01 6.90922737e-02 8.72121453e-01
    1.76930904e-01 2.40219980e-01 3.54359984e-01 3.10103506e-01
    9.12436008e-01 5.66560924e-01 7.06166327e-02 3.09284449e-01
    3.86290014e-01 7.35098839e-01 4.33541685e-01 6.30232811e-01
    5.39203525e-01 2.45275885e-01 6.68439567e-01 5.51657498e-01
    4.22402710e-01 9.08250511e-02 7.66882658e-01 5.29083490e-01
    7.00028002e-01 4.97281671e-01 5.84902465e-02 9.34913158e-01
    8.46238613e-01 6.04052365e-01 2.97895908e-01 9.72806573e-01
    1.28913313e-01 8.02054882e-01 6.99003041e-01 5.21026015e-01
    5.68560779e-01 8.47691894e-01 3.52411389e-01 4.07601714e-01
    6.94316149e-01 5.20041585e-01 4.20551300e-01 1.99641228e-01
    5.29325426e-01 9.39598680e-01 1.03910983e-01 6.12535834e-01
    2.46101588e-01 1.15310997e-01 9.60055709e-01 8.54169726e-01
    3.82546961e-01 2.59670198e-01 5.81681013e-01 4.04745191e-01
    2.80195177e-02 2.97383130e-01 7.51214921e-01 9.78474379e-01
    1.43040299e-01 5.16513646e-01 6.45201206e-02 5.75518310e-01
    6.53132558e-01 2.93799579e-01 9.14191127e-01 4.74023521e-02
    4.78627712e-01 6.02674186e-01 3.95430565e-01 8.01615417e-01
    7.58374512e-01 8.25853050e-01 1.95103943e-01 1.88021988e-01
    7.82656193e-01 1.91352963e-02 8.55738044e-01 1.45155013e-01
    9.00207758e-01 3.13937843e-01 8.65888119e-01 2.05856264e-01
    1.60967678e-01 1.93524629e-01 4.24043357e-01 7.39123881e-01
    3.51976633e-01 1.23623401e-01 6.83237493e-01 3.08621019e-01
    4.67525005e-01 7.25701153e-02 2.78974235e-01 2.43546933e-01
    4.93244827e-02 4.73445803e-01 2.02858657e-01 8.69393408e-01
    2.84612954e-01 6.98319018e-01 2.03169674e-01 6.37931883e-01
    6.90881729e-01 9.86173034e-01 3.28022152e-01 2.22978652e-01
    5.51558852e-01 5.08376181e-01 3.79701495e-01 1.74418658e-01
    8.27725768e-01 3.06953609e-01 8.89659882e-01 8.81645441e-01
    3.56481612e-01 1.28047436e-01 2.46382654e-01 7.59660900e-02
    2.23616660e-02 9.95648503e-01 1.74683124e-01 4.11648512e-01
    8.24354589e-02 5.81029773e-01 5.37623823e-01 6.18981063e-01
    7.84408271e-01 3.32117856e-01 3.21701467e-01 5.40086746e-01
    3.48149180e-01 1.04185253e-01 6.36846900e-01 4.40360069e-01
    9.33653057e-01 4.17590111e-01 9.88124013e-02 7.81229138e-03
    7.17481077e-01 6.78879917e-02 7.33396709e-02 3.23477685e-01
    6.73538744e-01 4.73940939e-01 1.17533565e-01 4.24071014e-01
    4.04727846e-01 6.57352507e-02 2.64424741e-01 2.28739828e-01
    6.66393101e-01 8.43493640e-02 3.60954434e-01 3.25790644e-02
    8.94331813e-01 9.29788709e-01 4.29465473e-01 8.85149539e-01
    2.99349010e-01 6.35808587e-01 6.53263271e-01 2.28155911e-01
    8.04028928e-01 2.52393961e-01 9.49269056e-01 9.46657658e-01
    6.68104768e-01 1.32544398e-01 7.78140903e-01 3.89266074e-01
    7.42991865e-01 4.25877392e-01 4.09203470e-01 7.84400403e-02
    1.52181864e-01 4.22383398e-01 3.87921423e-01 3.76303494e-02
    9.68423486e-01 2.35325068e-01 7.54416287e-01 6.88844264e-01
    4.62169588e-01 8.38251829e-01 5.27491927e-01 7.71194518e-01
    6.98450446e-01 9.17847395e-01 1.42093539e-01 7.58131146e-02
    5.34601271e-01 4.74238098e-01 8.11038613e-01 9.45260286e-01
    9.00555730e-01 5.15422165e-01 1.09861732e-01 1.27567530e-01
    3.85563254e-01 9.37494934e-01 1.11950755e-01 1.83363259e-02
    9.74598408e-01 1.16050065e-01 3.28126490e-01 1.74424350e-01
    7.58433223e-01 8.65616560e-01 5.19050300e-01 3.65644097e-01
    1.01030856e-01 8.41891408e-01 3.72503459e-01 1.32054955e-01
    7.98786879e-01 4.13312316e-01 2.41816789e-01 7.97492027e-01
    6.34971082e-01 7.36781418e-01 3.78518760e-01 1.09997958e-01
    8.05111766e-01 1.33636475e-01 2.57311702e-01 3.45262468e-01
    1.00800812e-01 6.77288294e-01 9.49937463e-01 9.09560621e-02
    8.48604262e-01 3.72163236e-01 4.14405644e-01 8.86933446e-01
    7.65600443e-01 3.38526726e-01 4.50440347e-02 6.38550162e-01
    4.54659075e-01 4.14564222e-01 5.37221730e-02 2.10239857e-01
    3.56162548e-01 6.22963071e-01 2.16415823e-02 9.06321108e-01
    5.49188256e-03 1.17404401e-01 3.47277194e-01 5.97709298e-01
    2.72257507e-01 1.61167353e-01 1.57175183e-01 7.54717171e-01
    4.93983030e-01 9.14555669e-01 2.56379038e-01 1.89017683e-01
    1.44268841e-01 7.83593655e-02 1.26009852e-01 6.00246608e-01
    4.14728820e-01 7.72982538e-01 1.82979316e-01 6.20437205e-01
    3.08695614e-01 7.67430663e-01 4.92960334e-01 7.64472723e-01
    6.01631641e-01 4.46087897e-01 1.15736604e-01 5.11025369e-01
    3.71464610e-01 6.19907975e-02 2.57557034e-01 5.30979633e-02
    4.40941691e-01 4.19317782e-02 8.31240296e-01 1.89370811e-02
    7.65748858e-01 9.69944477e-01 1.18951559e-01 3.28551531e-02
    8.00004005e-02 3.79390746e-01 1.15457833e-01 3.67638469e-01
    1.76816195e-01 1.75359040e-01 3.46377790e-02 8.96368384e-01
    9.75802124e-01 8.31637859e-01 9.69133794e-01 7.47291565e-01
    7.67118037e-01 2.88121104e-01 8.86637807e-01 2.47291565e-01
    4.17914242e-01 7.87242889e-01 2.71864891e-01 8.83853197e-01
    7.42513895e-01 3.61263335e-01 3.07508796e-01 5.73419511e-01
    7.10558116e-01 5.53162575e-01 8.79153609e-03 9.97492254e-01
    4.19461936e-01 9.91575718e-02 4.05461818e-01 4.54050839e-01
    1.37592435e-01 5.78949511e-01 4.42990392e-01 4.47201431e-02
    4.95390922e-01 3.84818435e-01 2.81752348e-01 1.06309652e-01
    5.24296641e-01 9.99481738e-01 6.59613490e-01 4.12575454e-01
    9.07431364e-01 4.29440081e-01 4.42983568e-01 6.08867407e-01
    3.57191771e-01 6.19120717e-01 4.80325520e-02 9.98668909e-01
    2.11165160e-01 9.19883549e-02 5.23744166e-01 1.74085975e-01
    7.18025386e-01 5.11762679e-01 8.60564291e-01 8.31894875e-02
    6.45135701e-01 1.70643151e-01 6.52745187e-01 8.06690633e-01
    2.88871050e-01 8.64065886e-01 7.34965920e-01 7.98340201e-01
    8.40693116e-01 7.66576231e-02 2.81877220e-01 4.20089424e-01
    4.58835304e-01 8.88939142e-01 4.44586605e-01 6.91508830e-01
    3.37727815e-01 7.95688033e-02 7.06905484e-01 8.64877164e-01
    2.60584891e-01 7.66936362e-01 2.08400488e-01 6.88648999e-01
    5.06274402e-01 9.50180173e-01 5.31261921e-01 4.05823290e-02
    6.57866716e-01 3.17647159e-01 4.60673273e-01 7.23688364e-01
    5.82085609e-01 2.92390525e-01 8.88522506e-01 6.44932091e-01
    9.21712279e-01 2.34853238e-01 5.76691329e-01 2.60750294e-01
    8.03906083e-01 5.76489747e-01 7.75300741e-01 2.60097414e-01
    2.18229890e-01 7.01177955e-01 5.60891926e-02 8.02552998e-01
    7.41955280e-01 9.71612453e-01 6.74900532e-01 4.62688804e-02
    6.99030697e-01 9.81663048e-01 9.70377564e-01 4.88460064e-05
    1.40280306e-01 7.35234618e-01 3.11222076e-02 1.14330202e-01
    1.39323175e-01 1.98517084e-01 5.78365803e-01 2.84012973e-01
    8.75104666e-01 8.96775484e-01 8.44559193e-01 6.22912586e-01
    4.08444822e-01 2.40027338e-01 2.87326127e-01 7.30957508e-01
    3.50181520e-01 1.77299470e-01 1.63455516e-01 8.27048540e-01
    3.72090399e-01 8.22905302e-01 1.83805257e-01 9.12561059e-01
    5.90870440e-01 2.79907584e-01 2.39352882e-02 2.12125748e-01
    7.01824546e-01 5.24420440e-01 3.04048121e-01 9.35375154e-01
    1.78936839e-01 5.32868028e-01 2.60119617e-01 9.13160682e-01
    5.37211478e-01 4.63472247e-01 6.11886084e-01 4.83988822e-01
    6.35689497e-03 3.76425236e-01 1.34524018e-01 6.52609527e-01
    4.30690348e-02 9.76526916e-01 6.69255674e-01 2.25030750e-01
    2.16257870e-01 9.60363448e-01 2.41644621e-01 9.09720421e-01
    6.19252443e-01 9.42886114e-01 8.35009575e-01 7.53761470e-01
    4.45603848e-01 6.45026088e-01 2.96345353e-01 1.17774159e-01
    8.90328407e-01 1.93546265e-01 2.52846360e-01 7.39787221e-02
    8.66369009e-01 9.81137991e-01 7.71193266e-01 1.78913444e-01
    8.56265903e-01 3.02990198e-01 4.87011999e-01 1.44525468e-01
    6.41155303e-01 3.52178037e-01 1.68991297e-01 7.02875674e-01
    3.57560545e-01 6.41539991e-01 6.90058351e-01 5.75337112e-01
    8.14511359e-01 9.76892710e-01 9.42070246e-01 8.17635655e-01
    3.75810146e-01 3.97725344e-01 7.68498540e-01 6.95475817e-01
    3.63079458e-01 8.74059081e-01 6.95771575e-01 6.58661962e-01
    9.89656925e-01 3.53476346e-01 9.59443510e-01 5.96729815e-01
    6.39698207e-01 1.41845644e-01 6.83254242e-01 7.51205146e-01
    9.86372471e-01 5.40292680e-01 1.38078660e-01 6.51505172e-01
    3.62473011e-01 9.98650849e-01 5.26068509e-01 7.47401118e-01
    4.05782819e-01 8.01471353e-01 8.82583141e-01 4.41545188e-01
    3.00154269e-01 7.43742645e-01 8.01017284e-02 3.30303788e-01
    2.66770631e-01 6.88600659e-01 5.76223910e-01 1.64976954e-01
    5.15689611e-01 3.12532246e-01 1.71877742e-01 2.76041627e-01
    4.90382016e-02 7.66071975e-02 8.58697653e-01 2.41457224e-02
    4.26578373e-01 3.99121046e-01 9.17313814e-01 6.23278797e-01
    2.17482418e-01 2.67446637e-01 9.40997899e-01 7.10989654e-01
    5.68896830e-01 7.83768415e-01 8.53901386e-01 9.56893861e-02
    8.32258821e-01 9.66370940e-01 2.10065693e-01 7.25733638e-02
    8.85839999e-01 6.65437996e-01 2.22039729e-01 2.66175866e-02
    1.13620788e-01 9.89233732e-01 7.37053156e-03 3.21042836e-02
    2.85048068e-01 2.82842845e-01 5.50743759e-01 2.95970082e-01
    9.25786734e-01 9.45273936e-01 8.93059492e-01 6.80163562e-01
    2.76868045e-02 7.04749405e-01 2.95648456e-01 4.81920302e-01
    3.02142560e-01 4.20306981e-01 5.11162102e-01 6.69932842e-01
    8.42726171e-01 5.97438812e-01 4.57816333e-01 1.90116704e-01
    3.17246497e-01 8.80386293e-01 5.76473475e-02 2.87315488e-01
    1.74249440e-01 6.96790099e-01 2.65685916e-01 6.42286360e-01
    2.62434036e-01 4.26581919e-01 6.65516734e-01 7.13439047e-01
    4.43474442e-01 7.02522039e-01 6.74983501e-01 5.71235716e-01
    8.59908998e-01 8.79011631e-01 1.62058085e-01 2.89283633e-01
    7.08959818e-01 2.37659425e-01 7.03704774e-01 5.18380165e-01
    5.98648190e-01 8.95974040e-01 1.91254646e-01 8.02166581e-01
    7.98774600e-01 2.92092144e-01 5.55234849e-01 9.02491927e-01
    4.52717125e-01 7.57941961e-01 3.41728836e-01 9.36182201e-01
    9.69750762e-01 5.63408911e-01 2.17138201e-01 3.82226348e-01
    9.86796260e-01 5.91895819e-01 4.14935142e-01 3.25074196e-02
    1.44479573e-01 3.04507911e-02 7.60052681e-01 2.13499218e-01
    1.26963884e-01 1.69595420e-01 5.38190246e-01 3.93031955e-01
    3.77773523e-01 5.78089952e-01 7.21083045e-01 7.01178789e-01
    4.34143245e-01 5.18174708e-01 2.67558306e-01 6.07684493e-01
    7.04780757e-01 6.60081208e-02 8.47996116e-01 5.51311970e-01
    9.27705050e-01 1.38725817e-01 5.21240354e-01 6.24020398e-01
    2.00613648e-01 2.48238444e-01 7.79862523e-01 3.50242913e-01
    9.55010772e-01 6.41858876e-02 9.96433496e-02 6.77357376e-01
    3.79884064e-01 2.61747837e-02 8.71292770e-01 5.65676451e-01
    7.60060906e-01 3.25293362e-01 6.49757981e-02 8.45530331e-01
    8.95941019e-01 9.50006485e-01 2.82025337e-02 1.26795977e-01
    1.21991187e-01 3.82925391e-01 5.30357301e-01 6.82785988e-01
    9.76291537e-01 5.23864686e-01 9.91011620e-01 6.03396118e-01
    6.33414984e-02 5.49451590e-01 2.26107270e-01 8.52449000e-01
    8.93495739e-01 9.95265067e-01 6.32267058e-01 6.55707777e-01
    2.74810374e-01 4.39602554e-01 7.69729376e-01 3.86963308e-01
    2.18146324e-01 6.53092325e-01 8.73795390e-01 8.20904493e-01
    1.89947724e-01 9.53526139e-01 2.00854152e-01 9.57300067e-01
    2.94254959e-01 6.18352294e-02 9.63338733e-01 3.67706537e-01
    3.71551633e-01 3.03795844e-01 6.78653002e-01 9.87788141e-02
    2.51714170e-01 9.98293996e-01 5.79097450e-01 5.89555502e-01
    2.99117804e-01 9.49399948e-01 6.69235349e-01 3.70419830e-01
    7.24281371e-02 5.66695631e-02 6.66153669e-01 8.02480400e-01
    5.99282503e-01 2.74369299e-01 8.95488977e-01 3.52105826e-01
    7.15419531e-01 5.50691903e-01 5.48607707e-02 4.13176417e-03
    1.03157401e-01 1.44294053e-01 6.11536503e-01 6.98804557e-01
    7.50506341e-01 4.13939357e-01 4.51480716e-01 3.00029218e-02
    1.28078640e-01 2.77109623e-01 5.94352663e-01 5.73323667e-02
    7.52143979e-01 5.84252775e-01 9.29719210e-01 3.89767528e-01
    4.97901738e-02 1.51503384e-01 7.55857289e-01 1.61468297e-01
    2.98411846e-01 7.50978887e-01 2.20207989e-01 6.86136425e-01
    4.62505341e-01 6.85916603e-01 2.59808421e-01 4.28331792e-02
    8.53720427e-01 4.38538373e-01 7.73739278e-01 3.75427008e-01
    6.60255194e-01 7.65414715e-01 9.43696201e-01 5.43909073e-01
    5.45610785e-01 2.46760160e-01 8.06733131e-01 1.63640469e-01
    4.21852589e-01 3.24727535e-01 8.89287114e-01 7.34138012e-01
    5.58867037e-01 9.45589840e-02 2.34118789e-01 1.80537581e-01
    3.80405009e-01 4.60390359e-01 7.71171868e-01 8.78607988e-01
    7.17800796e-01 2.17433840e-01 1.66046828e-01 3.76295447e-02
    2.90137470e-01 6.78850114e-01 3.62883210e-02 9.68483448e-01
    6.92020118e-01 6.49745405e-01 3.34734321e-01 1.82513773e-01
    1.84688121e-01 8.74883294e-01 1.64663494e-01 6.21172786e-01
    8.28400970e-01 3.31945419e-02 4.79896843e-01 4.76044178e-01
    5.88820159e-01 6.80417955e-01 9.33947563e-01 9.77003455e-01
    4.68638927e-01 6.93781555e-01 4.78513837e-01 4.53404367e-01
    5.05943775e-01 2.87594885e-01 5.31129837e-01 3.75685394e-01
    3.47833335e-02 4.61192429e-02 3.73178601e-01 6.81008220e-01
    1.80775285e-01 5.03869057e-02 8.76241565e-01 9.69870090e-01
    8.76647115e-01 9.00812745e-01 7.53432512e-01 7.08400071e-01
    6.40159249e-01 4.73879665e-01 5.78878164e-01 2.93765396e-01
    8.09118867e-01 9.95676219e-01 3.48472953e-01 8.99547935e-01
    6.72101080e-02 9.98354018e-01 5.59356153e-01 8.66018891e-01
    5.37056565e-01 5.02113819e-01 1.46216035e-01 2.03577816e-01
    3.04601490e-02 4.49746430e-01 3.78739834e-02 4.17171180e-01
    6.05544627e-01 5.53022087e-01 9.99224961e-01 1.25070333e-01
    3.46065879e-01 8.03296566e-01 7.69297600e-01 7.84437299e-01
    2.27093697e-03 9.50329304e-01 6.76620245e-01 9.19439256e-01
    5.74312806e-01 4.30127174e-01 6.59413218e-01 6.31891966e-01
    7.26011813e-01 6.65584624e-01 2.35833913e-01 9.62184310e-01
    9.79342222e-01 6.83233023e-01 3.26459289e-01 5.40628135e-01
    7.61254430e-02 6.14019990e-01 8.84307265e-01 9.03645039e-01
    9.73125100e-01 3.71499777e-01 9.59752619e-01 6.02713585e-01
    4.95246351e-01 4.83203501e-01 2.71857560e-01 8.61065030e-01
    3.70875061e-01 9.48369265e-01 1.84695303e-01 8.80575418e-01
    3.32419276e-02 4.66619998e-01 8.70899558e-01 4.23694283e-01
    6.01665258e-01 6.77320898e-01 6.32620692e-01 4.49557334e-01
    1.56277657e-01 3.57866734e-01 2.10287452e-01 3.18871737e-02
    6.11681461e-01 5.83382607e-01 4.93133962e-01 4.65588272e-01
    7.93715000e-01 8.03502679e-01 2.15394527e-01 9.06156301e-01
    5.48455119e-02 7.80263662e-01 5.45464396e-01 1.18569344e-01
    2.17777461e-01 6.64866030e-01 8.60448420e-01 7.34852612e-01
    9.16762710e-01 8.36924314e-01 6.42429888e-02 2.83542335e-01
    5.28664827e-01 9.01960433e-01 5.29507101e-02 2.39833295e-02
    8.64472389e-01 2.97386408e-01 6.67138994e-01 9.24397349e-01
    7.54572749e-01 8.03274751e-01 9.67310846e-01 8.17420363e-01
    7.15366542e-01 7.61304975e-01 2.97603965e-01 5.65481067e-01
    5.53330243e-01 9.86533523e-01 8.87829065e-01 3.47431779e-01
    3.86484116e-01 7.34937549e-01 2.94895977e-01 7.72086084e-02
    7.34714508e-01 9.76017237e-01 1.62074566e-01 8.15174222e-01
    2.47532278e-01 2.70319968e-01 8.98012459e-01 7.44934678e-02
    2.11328268e-02 5.18980682e-01 1.65107727e-01 8.25939000e-01
    2.10586578e-01 2.43389398e-01 5.01848817e-01 6.45700991e-01
    5.27677059e-01 5.49976349e-01 8.62380862e-01 5.55825174e-01
    8.86509538e-01 1.13907844e-01 8.63308012e-01 3.57669026e-01
    7.71930933e-01 6.34565115e-01 6.67578340e-01 8.63714099e-01
    9.74614382e-01 6.81624174e-01 6.64464295e-01 9.00509357e-02
    4.97513413e-02 7.59542823e-01 3.68745208e-01 4.83157814e-01
    7.52989113e-01 1.55398756e-01 5.01564980e-01 8.57198954e-01
    1.35479599e-01 9.03338313e-01 6.47859097e-01 6.78140879e-01
    4.96413946e-01 7.10577667e-02 2.80423760e-01 6.88022614e-01
    4.02675331e-01 7.68799484e-01 3.76564503e-01 3.12700629e-01
    8.22487414e-01 7.12218642e-01 3.07300657e-01 3.49427462e-02
    2.59852976e-01 4.66002047e-01 3.50325108e-01 7.64792442e-01
    3.14862013e-01 6.15534782e-02 7.37011313e-01 1.36980414e-01
    2.96138108e-01 2.49072134e-01 6.99196875e-01 1.94803447e-01
    8.23326468e-01 9.82922077e-01 5.23822546e-01 1.56716853e-01
    2.09236294e-01 5.61505795e-01 7.59919524e-01 4.59182441e-01
    5.11395752e-01 7.95073211e-02 5.62975705e-01 2.55429745e-03
    1.80690587e-01 7.31229782e-04 1.72814220e-01 6.13452792e-01
    5.00671804e-01 8.52786779e-01 6.40584707e-01 1.11662120e-01
    5.82237601e-01 1.50123954e-01 4.06293571e-02 9.50749040e-01
    2.85419673e-01 8.36547256e-01 7.08658695e-01 8.38446319e-01
    3.95354241e-01 9.41805720e-01 5.32278419e-01 7.79738426e-01
    5.09825110e-01 4.76676196e-01 3.70313793e-01 6.68342769e-01
    5.32161057e-01 9.50763404e-01 3.98513079e-02 8.29032302e-01
    9.24256802e-01 2.08463699e-01 9.12800074e-01 6.92393243e-01
    8.74713778e-01 4.96749461e-01 8.77282798e-01 6.92738295e-01
    1.92467034e-01 5.90608239e-01 7.93336451e-01 1.73617095e-01
    5.59048712e-01 1.31153584e-01 8.17180276e-01 2.16612548e-01
    9.40218449e-01 4.27388877e-01 7.64872670e-01 6.37597203e-01
    1.74616486e-01 7.57563174e-01 6.97910786e-01 6.34355485e-01
    9.81781125e-01 7.79163718e-01 1.38945132e-01 4.39904928e-02
    2.95773655e-01 2.09283203e-01 2.88914800e-01 9.35946405e-01
    7.56683469e-01 1.51614159e-01 8.26485157e-01 1.26944751e-01
    4.02619839e-01 3.72046232e-01 5.42373300e-01 3.84746194e-01
    2.90658593e-01 7.65108705e-01 7.52286315e-02 2.46250540e-01
    4.80884403e-01 9.44501221e-01 6.91877604e-01 4.82551962e-01
    1.31124556e-02 5.57835519e-01 9.22535896e-01 8.57308865e-01
    8.30442488e-01 7.72571087e-01 8.96823406e-03 5.70292950e-01
    1.16854370e-01 8.14649940e-01 5.78569651e-01 1.72993124e-01
    1.77734017e-01 6.47903085e-02 9.43137407e-01 6.58124328e-01
    2.51353532e-01 7.30745792e-02 4.29714322e-01 5.33903360e-01
    5.21752238e-03 3.03150386e-01 6.76123202e-01 5.77950597e-01
    4.12814975e-01 1.91523582e-01 5.28581858e-01 5.10676742e-01
    9.23369110e-01 2.61761308e-01 5.29661238e-01 9.30583775e-02
    6.23632610e-01 8.14713836e-02 4.14208889e-01 7.14625359e-01
    3.78203988e-02 6.53872967e-01 4.63380098e-01 7.16425359e-01
    8.71269286e-01 7.39233255e-01 1.70387208e-01 7.71866441e-01
    9.08442676e-01 9.24265742e-01 4.28885549e-01 2.00284034e-01
    8.33164930e-01 6.39679313e-01 1.85177952e-01 6.52627528e-01
    6.54905796e-01 5.85366488e-01 5.42858839e-01 3.99296254e-01
    4.09961283e-01 7.38810182e-01 2.22331226e-01 2.23837882e-01
    4.05449808e-01 7.55632818e-02 6.19988143e-01 7.15095401e-01
    8.79746199e-01 9.30527627e-01 4.29664671e-01 7.74994195e-02
    4.75122243e-01 4.28692102e-01 2.53672540e-01 6.55931950e-01
    6.02864742e-01 2.79570043e-01 5.45147240e-01 4.88403201e-01
    6.01726353e-01 6.56959534e-01 2.56986737e-01 7.57712722e-01
    2.57569969e-01 8.53041053e-01 6.58683181e-01 4.67889458e-01
    7.86941171e-01 7.34679759e-01 9.73444164e-01 8.92734826e-02
    3.51272583e-01 4.17527139e-01 4.85179365e-01 5.11764109e-01
    3.32355022e-01 8.53515029e-01 8.33301485e-01 6.00010872e-01
    7.30108619e-01 6.92103088e-01 3.55911613e-01 3.69163036e-01
    9.23693657e-01 3.03291023e-01 3.04174840e-01 7.04473257e-01
    1.06459647e-01 8.80031943e-01 4.20432091e-01 9.45789337e-01
    4.71430123e-01 6.91900611e-01 3.24107260e-01 8.13470364e-01
    8.90581131e-01 5.97442865e-01 9.43676591e-01 1.28298223e-01
    6.74924254e-01 9.24679637e-01 1.74976140e-01 6.60358667e-01
    5.30379534e-01 3.38752985e-01 6.06937945e-01 6.80442154e-02
    2.41588354e-01 1.53253227e-01 4.58883345e-01 4.42048609e-01
    7.07255483e-01 3.95671576e-01 3.97873908e-01 7.91054845e-01
    1.30202532e-01 8.01742911e-01 7.98429370e-01 9.24794078e-01
    7.62184381e-01 6.09137237e-01 9.72091436e-01 1.48198754e-01
    2.45395601e-02 8.48642707e-01 5.27100801e-01 7.23601937e-01
    1.30101115e-01 7.44248629e-02 4.05626774e-01 6.77478790e-01
    4.65818942e-02 1.18138373e-01 9.40434337e-01 9.45151150e-02
    3.68211716e-01 4.36956882e-02 1.66843832e-02 8.09318244e-01
    4.22511041e-01 1.80344552e-01 5.12044728e-01 1.53940618e-01
    6.81667209e-01 1.83850914e-01 2.28356749e-01 4.41785634e-01
    6.86537802e-01 2.90809691e-01 2.81440675e-01 4.65173423e-02
    6.39148474e-01 4.30881262e-01 8.45353305e-02 9.32614088e-01
    4.67390984e-01 7.55535960e-01 5.37901103e-01 3.45013022e-01
    2.08678901e-01 9.63430762e-01 4.18494821e-01 7.01827407e-01
    4.85775948e-01 7.00832129e-01 6.78565443e-01 2.37288952e-01
    7.15846419e-01 6.34037852e-01 8.44751835e-01 8.40697229e-01
    3.23530614e-01 8.95856500e-01 1.15364194e-02 4.86616522e-01
    8.50865424e-01 2.03051865e-02 3.19530964e-02 7.32119024e-01
    3.66221249e-01 6.25607967e-01 6.14886403e-01 3.04117084e-01
    8.96391571e-01 6.18021727e-01 1.42360687e-01 8.82300436e-01
    7.76101053e-01 3.89454663e-01 7.08884835e-01 9.34590936e-01
    8.05362642e-01 1.05232388e-01 7.90944993e-01 7.83015490e-01
    6.54399991e-01 8.08608174e-01 9.62230682e-01 5.37499785e-01
    6.92420781e-01 4.78310376e-01 7.15038478e-02 8.22959900e-01
    5.74667811e-01 8.91386807e-01 4.81790572e-01 3.61307770e-01
    4.63154227e-01 2.54831731e-01 3.23379815e-01 4.32926416e-01
    1.15403354e-01 9.55196381e-01 9.71174359e-01 8.00381601e-02
    5.61927557e-02 8.68761480e-01 8.51504803e-01 2.40041524e-01
    7.68082142e-01 5.66300869e-01 2.65437722e-01 8.21112514e-01
    3.12042952e-01 4.24642414e-01 3.78150612e-01 7.49118686e-01
    1.28589392e-01 1.57649010e-01 9.99574363e-01 5.37096143e-01
    7.95053124e-01 1.48090094e-01 4.69009131e-01 4.29300666e-01
    2.03600705e-01 5.15006483e-02 6.83134794e-03 5.90404570e-01
    2.12038726e-01 1.97663009e-02 5.73710442e-01 9.57747221e-01
    9.60922241e-02 7.96418488e-01 5.78453779e-01 9.65344787e-01
    1.68569803e-01 7.81579256e-01 9.12353516e-01 3.38485926e-01
    3.69310737e-01 2.59254456e-01 6.17058516e-01 5.88319004e-01
    8.64425898e-01 6.18571341e-01 1.83236331e-01 5.34988940e-01
    7.89128602e-01 9.26945627e-01 8.20170522e-01 8.09308171e-01
    3.22136343e-01 2.25163698e-01 2.25096375e-01 9.15492952e-01
    7.98378825e-01 3.37965488e-01 1.12993062e-01 6.34110868e-02
    1.51361674e-01 2.69287616e-01 8.93063903e-01 1.43047869e-02
    2.56303042e-01 4.99233723e-01 8.11975539e-01 4.92582113e-01
    1.43827647e-01 2.98611373e-01 9.84505177e-01 7.96574950e-01
    2.48914033e-01 6.24285817e-01 7.05816507e-01 3.81828696e-01
    9.55817103e-01 9.71349478e-01 3.31383288e-01 7.17218518e-01
    4.40189898e-01 8.55146527e-01 2.29537189e-02 5.03957272e-05
    2.04366505e-01 9.85653520e-01 3.41828465e-02 4.85323668e-02
    8.76175165e-02 6.71557367e-01 4.52454269e-01 6.55329883e-01
    7.99097002e-01 3.87069762e-01 7.73925602e-01 1.85891628e-01
    8.71944726e-02 1.57300174e-01 9.29630399e-02 2.50022769e-01
    4.34652150e-01 4.97946888e-01 6.49949670e-01 5.05724788e-01
    3.21964979e-01 7.62332380e-01 6.14379227e-01 7.16790140e-01
    9.37465191e-01 9.42173779e-01 1.93066597e-02 6.33776009e-01
    7.76470900e-01 9.92848873e-01 3.57608318e-01 8.94923329e-01
    2.64679819e-01 4.46958780e-01 5.42477965e-01 7.35567570e-01
    9.06542540e-01 1.85518354e-01 7.41108775e-01 5.32591343e-03
    9.54740882e-01 9.74113882e-01 7.56799579e-01 7.21971393e-02
    8.36966634e-01 2.87041575e-01 2.43711293e-01 4.03882623e-01
    9.70209122e-01 2.53888935e-01 6.27023160e-01 1.77352250e-01
    2.12253332e-02 8.11451554e-01 2.14663923e-01 9.25606728e-01
    1.27711445e-01 3.20288271e-01 9.32953954e-01 6.59317255e-01
    5.36061823e-01 1.77165866e-02 1.84440017e-01 4.54416931e-01
    3.21293116e-01 9.54333365e-01 7.66081333e-01 7.41631389e-01
    1.76978260e-01 3.82920951e-01 8.64564061e-01 3.40093344e-01
    3.10404778e-01 9.92608070e-01 7.03391671e-01 7.92891324e-01
    1.09200031e-01 1.84139729e-01 1.38925433e-01 4.53183085e-01
    1.83461040e-01 4.22040254e-01 7.45819271e-01 5.13055444e-01
    5.54353297e-01 8.00391078e-01 2.51883149e-01 4.87324536e-01
    2.58188725e-01 6.88431561e-02 8.00366640e-01 2.37431467e-01
    5.24990380e-01 6.33433521e-01 2.54156888e-01 7.61285126e-02
    4.51273173e-01 9.35606062e-01 1.19383335e-01 6.47927940e-01
    7.50916004e-01 7.90810227e-01 6.30208313e-01 5.16359448e-01
    4.69416022e-01 8.20792615e-01 7.15718865e-02 9.17270839e-01
    1.80151403e-01 4.17285085e-01 5.20924032e-01 7.63072431e-01
    4.02903557e-02 6.56619906e-01 7.65935659e-01 7.34362245e-01
    4.48615998e-01 2.84617305e-01 6.70945704e-01 5.10681689e-01
    4.01990116e-01 6.75228238e-01 3.53085399e-02 3.78292084e-01
    5.17539680e-01 9.56876040e-01 8.38128805e-01 1.88154697e-01
    5.46583772e-01 1.98975205e-02 6.06781244e-01 6.50635421e-01
    5.80947638e-01 2.49028087e-01 6.31918073e-01 7.79029489e-01
    9.52366352e-01 5.83654940e-02 8.67145121e-01 6.95815682e-01
    8.15059841e-01 9.77912784e-01 7.52813995e-01 9.90751624e-01
    6.84372783e-01 6.73210621e-03 3.35519195e-01 4.78080362e-01
    4.00210440e-01 7.74997830e-01 5.88714182e-02 2.45637238e-01
    2.47195035e-01 8.59979987e-01 7.37514973e-01 8.39413881e-01
    1.29866570e-01 7.38053203e-01 3.11089694e-01 7.57928967e-01
    7.13703632e-01 2.26238161e-01 8.13466132e-01 3.03232491e-01
    3.82987052e-01 7.94885516e-01 3.70089531e-01 5.44259548e-01
    4.49662298e-01 7.33227730e-02 4.68067944e-01 7.32943892e-01
    7.85261035e-01 5.06260514e-01 1.68877006e-01 4.33162987e-01
    4.36477065e-01 3.83474886e-01 7.80051351e-01 7.56135881e-02
    8.49717855e-02 6.16239786e-01 5.91379702e-01 4.36538756e-01
    6.56626344e-01 7.15166748e-01 8.75796020e-01 9.20146108e-01
    7.79636502e-01 9.95594561e-01 6.17222965e-01 8.40809941e-01
    1.15242541e-01 2.23684460e-01 7.55109429e-01 4.54249084e-02
    9.03804958e-01 9.97242570e-01 4.90788579e-01 1.60594046e-01
    2.49872804e-02 4.12923068e-01 7.48145103e-01 6.02430463e-01
    6.79929495e-01 9.14628506e-01 2.85179615e-01 8.76015067e-01
    6.93025351e-01 5.97524822e-01 6.03275895e-01 6.56230152e-01
    7.29203522e-02 8.13372970e-01 8.67620409e-02 2.70209312e-02
    8.88639212e-01 2.88302928e-01 7.46719599e-01 7.87489176e-01
    9.42038238e-01 4.56117928e-01 4.17117417e-01 5.22202253e-03
    9.14358795e-01 3.08612823e-01 7.07865715e-01 3.98669809e-01
    3.63575876e-01 9.79804099e-02 5.50869703e-01 5.77208817e-01
    2.42562503e-01 4.10381854e-01 2.63504922e-01 4.91493285e-01
    8.83926630e-01 8.27119887e-01 4.57227319e-01 9.60420370e-02
    3.41813892e-01 8.39260578e-01 5.42781949e-01 2.17801929e-02
    7.87334323e-01 5.03768921e-01 3.35185647e-01 3.92957658e-01
    9.36338067e-01 2.95770824e-01 5.56970119e-01 9.17970777e-01
    9.11238909e-01 2.32271880e-01 9.87832546e-01 4.26219612e-01
    4.53575313e-01 4.94759917e-01 6.32449210e-01 6.11544907e-01
    3.55686724e-01 1.76092684e-02 6.83313787e-01 8.98579478e-01
    5.17064691e-01 3.60669196e-01 2.31496990e-02 7.65471458e-01
    5.57947993e-01 3.95486504e-01 8.03061485e-01 7.79378176e-01
    4.59304303e-01 5.46638966e-01 9.56707478e-01 1.24027222e-01
    8.53198886e-01 1.54848605e-01 6.59812152e-01 4.03291345e-01
    3.15477371e-01 1.49531066e-02 1.78912580e-02 8.60838413e-01
    2.43990064e-01 6.13718033e-01 3.79505396e-01 7.19468713e-01
    5.82341313e-01 4.83988494e-01 8.28526855e-01 6.96449637e-01
    6.07526958e-01 9.43020821e-01 1.10038221e-01 6.09005928e-01
    3.17524195e-01 5.44349194e-01 3.14036697e-01 6.59502685e-01
    8.28550160e-02 4.99419838e-01 9.12085831e-01 1.04589969e-01
    8.83154869e-02 5.44800341e-01 8.79979432e-01 1.26143366e-01
    8.92920017e-01 6.77257121e-01 9.50798035e-01 8.85621369e-01
    4.22515035e-01 5.70656776e-01 2.92935371e-01 5.37931263e-01
    1.81862861e-01 5.32829881e-01 3.98763239e-01 7.16949105e-02
    7.94793367e-02 6.13513470e-01 5.89810967e-01 4.77863848e-01
    4.03458714e-01 5.02628863e-01 4.17091191e-01 7.40745842e-01
    4.45455074e-01 9.11901355e-01 5.63475132e-01 1.12348497e-02
    4.68207687e-01 8.19853663e-01 5.76311827e-01 8.72305989e-01
    6.49445474e-01 7.13452637e-01 2.45215625e-01 2.67864436e-01
    7.99835265e-01 1.80227339e-01 5.38817406e-01 3.10455203e-01
    2.06209391e-01 4.36177850e-01 4.59009081e-01 5.24274111e-01
    5.03893077e-01 5.07457614e-01 8.89693260e-01 9.15739536e-02
    1.91386282e-01 7.36562490e-01 8.60055387e-01 2.78259933e-01
    7.39996135e-02 8.88533175e-01 2.06014186e-01 9.10124719e-01
    8.77874732e-01 9.09771681e-01 7.23580360e-01 7.21446753e-01
    6.01293147e-01 9.84552503e-01 7.81953454e-01 3.79583120e-01
    7.27199078e-01 7.34779119e-01 6.41371369e-01 4.90556002e-01
    8.43286276e-01 7.42734194e-01 1.03815019e-01 5.01825511e-02
    4.34411287e-01 3.98711532e-01 3.61313164e-01 3.31028700e-02
    8.87168348e-02 4.21357602e-01 5.30770957e-01 5.54097116e-01
    9.14253473e-01 7.86254406e-02 2.40476072e-01 6.14823401e-02
    9.65986252e-01 7.56628692e-01 3.03344488e-01 1.54310971e-01
    6.08682930e-01 2.54698217e-01 2.83619165e-01 3.90961349e-01
    2.50884712e-01 9.44697857e-01 6.17782950e-01 3.44943047e-01
    1.71948820e-01 3.13027799e-02 1.71871960e-01 1.05442345e-01
    8.49656165e-01 5.75566888e-01 7.26679564e-01 4.68167752e-01
    6.48588121e-01 7.13157475e-01 9.51174378e-01 6.32637262e-01
    7.62613595e-01 7.80759692e-01 4.94828463e-01 3.32043111e-01
    8.75370622e-01 2.40566999e-01 9.81438339e-01 6.91013694e-01
    9.69578505e-01 7.46644676e-01 2.42981136e-01 9.28991079e-01
    4.97592777e-01 2.00398624e-01 2.83732474e-01 4.89588678e-01
    5.49162328e-02 7.52142072e-03 3.30393016e-01 3.15264493e-01
    1.99834436e-01 6.74663484e-01 9.95535493e-01 1.36903852e-01
    4.96918768e-01 9.37964082e-01 7.56564856e-01 1.53821200e-01
    2.35909224e-01 1.02145880e-01 1.16429240e-01 5.60520887e-01
    7.01707423e-01 7.71412909e-01 2.44068027e-01 6.68177128e-01
    3.18876565e-01 1.77027285e-01 3.25892866e-01 2.73073465e-01
    3.08568478e-02 3.29523027e-01 4.16938305e-01 4.21848595e-02
    1.68510973e-02 4.19509113e-01 6.71298325e-01 1.36686385e-01
    4.91617739e-01 4.57289964e-01 8.52105319e-01 1.54229701e-01
    3.49757612e-01 5.59333205e-01 7.90691972e-01 1.70566350e-01
    8.75358045e-01 4.99762595e-02 1.00002944e-01 2.22744405e-01
    5.78041911e-01 3.00931036e-02 2.42517978e-01 3.87201309e-02
    3.37449014e-01 3.27246189e-02 8.85591269e-01 6.42481685e-01
    9.30594683e-01 2.07410485e-01 6.16727114e-01 8.56436610e-01
    6.58860505e-01 9.46208835e-02 4.99124318e-01 9.04396832e-01
    4.28397477e-01 5.17005265e-01 8.88489068e-01 1.36052102e-01
    1.19483203e-01 1.29051685e-01 1.81842119e-01 2.97018588e-02
    9.71659005e-01 6.66522622e-01 2.47377753e-01 9.38417912e-01
    6.56326234e-01 8.41282368e-01 6.44676089e-02 7.80759752e-01
    6.67649209e-02 1.87224388e-01 1.82270557e-01 4.48654115e-01
    2.11748064e-01 1.20639801e-02 7.09226668e-01 7.66142130e-01
    6.06770754e-01 3.46240461e-01 6.58773065e-01 7.61072755e-01
    2.76290804e-01 7.33619630e-01 1.24091119e-01 7.96177506e-01
    6.64532542e-01 3.15813065e-01 1.44849658e-01 5.62613070e-01
    6.68922186e-01 6.24611795e-01 3.85128945e-01 6.67856991e-01
    7.18135118e-01 4.19675708e-02 6.65022671e-01 2.74014592e-01
    2.22493678e-01 1.04977608e-01 6.87552929e-01 3.81293088e-01
    3.84507596e-01 1.23190731e-01 4.09563839e-01 3.52306604e-01
    8.88906717e-02 1.43991739e-01 7.75596261e-01 6.45144343e-01
    7.15187013e-01 5.03502190e-02 1.45027101e-01 9.41984415e-01
    3.36007476e-01 6.13479435e-01 4.56446409e-03 5.26119888e-01
    1.90619916e-01 2.75604486e-01 8.59178007e-01 9.96646345e-01
    9.61203575e-01 9.61451709e-01 1.89745426e-01 5.36197364e-01
    2.56671220e-01 9.75337625e-01 2.92032659e-01 3.16538215e-01
    8.30793679e-02 1.82216734e-01 2.13952482e-01 8.13037992e-01
    4.43354607e-01 8.07623625e-01 5.42860985e-01 3.17289889e-01
    8.75211477e-01 8.51127148e-01 3.84269536e-01 9.29117203e-03
    4.74526703e-01 4.78763372e-01 6.27668262e-01 7.42780089e-01
    7.35586405e-01 5.22305846e-01 6.03832364e-01 5.55696011e-01
    5.02209067e-02 6.01415813e-01 9.94854212e-01 6.11339450e-01
    5.47912955e-01 6.56283379e-01 8.26305151e-01 5.86415827e-02
    7.11002469e-01 4.31517482e-01 6.64995253e-01 6.93585634e-01
    6.11039042e-01 1.75324202e-01 9.11637366e-01 7.80260682e-01
    6.87891364e-01 2.07666188e-01 6.06678367e-01 6.21967256e-01
    5.55345058e-01 2.86890090e-01 6.81928694e-01 5.86711466e-01
    2.01087505e-01 1.25114411e-01 4.94273961e-01 8.93473804e-01
    3.17329466e-01 1.06757700e-01 5.92679679e-01 2.51004994e-02
    9.14626956e-01 4.84996706e-01 3.58469844e-01 6.48024797e-01
    1.55796438e-01 3.29265118e-01 8.16959381e-01 4.58287656e-01
    6.80500269e-02 2.82799304e-02 7.85260499e-01 7.74184346e-01
    6.95055962e-01 1.80649310e-01 2.37441450e-01 7.59929478e-01
    6.96662664e-02 3.76381844e-01 6.06320202e-02 5.53349614e-01
    6.66426599e-01 8.69756937e-03 6.67248845e-01 7.34134138e-01
    1.30102217e-01 1.47851229e-01 1.52280927e-01 6.76703453e-01
    9.26561058e-01 4.66736197e-01 1.11940831e-01 9.42598164e-01
    5.29534042e-01 7.61295199e-01 3.10024321e-02 7.61122346e-01
    2.17949450e-01 5.70393860e-01 6.66128695e-01 1.63829684e-01
    5.21454215e-01 4.48658943e-01 5.38100421e-01 5.22292793e-01
    6.57080412e-02 1.36118561e-01 9.14627373e-01 4.16068137e-01
    4.28989768e-01 2.22135931e-01 3.12617362e-01 2.84072965e-01
    8.30466628e-01 7.37632394e-01 4.70110774e-01 6.63272798e-01
    6.55345440e-01 5.98144770e-01 5.71543753e-01 2.24162012e-01
    8.55163991e-01 2.97818124e-01 8.79853487e-01 6.03159487e-01
    8.71649802e-01 3.39501351e-01 2.25883126e-01 7.43028760e-01
    6.54711723e-01 1.37481719e-01 4.54300672e-01 2.01139182e-01
    5.33324480e-03 6.15324497e-01 8.70336771e-01 2.27563202e-01
    4.68019664e-01 5.03519833e-01 7.98526764e-01 9.82525706e-01
    7.12765872e-01 9.94896352e-01 5.01479983e-01 3.14715117e-01
    4.02746797e-01 4.37900871e-01 9.86658454e-01 9.67216015e-01
    6.04846776e-01 7.03507066e-01 9.65790749e-01 3.51378500e-01
    2.33914375e-01 3.60532463e-01 2.29309738e-01 3.85888338e-01
    4.96824682e-02 5.74821711e-01 2.12615371e-01 7.62396216e-01
    3.89764071e-01 4.66548413e-01 8.66588950e-02 2.71538675e-01
    7.89959908e-01 1.39735460e-01 9.30914044e-01 3.32742393e-01
    6.86909378e-01 4.54271019e-01 6.11023605e-01 1.44009858e-01
    7.63803244e-01 2.28840917e-01 2.38749981e-01 1.19097322e-01
    8.41747999e-01 2.52787471e-01 8.87147784e-01 9.90324438e-01
    1.51951313e-02 4.05377895e-01 2.00416207e-01 3.89856905e-01
    2.03595817e-01 4.08819705e-01 6.58982992e-01 4.59817350e-01
    5.39557576e-01 8.21233869e-01 8.23371828e-01 3.18586111e-01
    5.09598911e-01 9.46018815e-01 5.96089721e-01 2.42466629e-02
    3.09904218e-01 2.99820274e-01 5.84951520e-01 4.03702497e-01
    1.91657513e-01 8.87436509e-01 5.73099732e-01 4.17370766e-01
    9.57246304e-01 4.70702440e-01 2.97607780e-02 1.12843513e-02
    7.07711220e-01 6.25107884e-01 6.30549550e-01 7.15748787e-01
    1.02672845e-01 2.13050842e-02 9.37083066e-02 1.37020975e-01
    1.97110564e-01 4.15116370e-01 3.70777965e-01 5.00546038e-01
    6.54839039e-01 7.60941803e-01 8.27452064e-01 8.15148473e-01
    9.29418325e-01 8.91509056e-01 3.27801824e-01 3.74231368e-01
    3.26097310e-02 8.44384193e-01 1.85471654e-01 1.47846937e-02
    2.22089350e-01 1.62740856e-01 9.35523748e-01 8.35896850e-01
    3.26945871e-01 4.98338342e-01 3.27726781e-01 1.95745498e-01
    4.98205721e-01 1.88601404e-01 1.66922063e-01 3.86751533e-01
    4.37571377e-01 5.15058160e-01 2.35209376e-01 8.64954770e-01
    3.66535783e-01 3.04594100e-01 7.23966241e-01 6.10999942e-01
    6.23177350e-01 7.68001676e-01 7.91593313e-01 1.37735248e-01
    3.50801587e-01 6.79434836e-01 5.24460375e-01 6.02958500e-01
    6.03073120e-01 9.87604856e-02 4.02621686e-01 4.73375678e-01
    1.78984374e-01 6.42671585e-01 4.80872840e-01 1.71087265e-01
    9.45637524e-02 3.33368659e-01 4.28979278e-01 6.24700189e-01
    1.99203044e-01 6.73366427e-01 3.78062040e-01 6.85269594e-01
    6.35990620e-01 3.33704650e-02 9.48624730e-01 9.36319232e-02
    3.39904726e-02 6.87781572e-02 8.73905778e-01 2.97864437e-01
    1.65287375e-01 2.56280303e-01 1.98495388e-03 5.80284894e-01
    3.50323498e-01 6.13571703e-01 6.53330684e-02 9.96033013e-01
    6.08173966e-01 4.42352891e-01 7.53578424e-01 3.07261169e-01
    6.47717714e-03 5.38760424e-01 4.86842006e-01 5.10427654e-02
    9.06264424e-01 1.99287534e-02 2.46330142e-01 6.17163301e-01
    6.86958969e-01 6.45894527e-01 1.34080738e-01 8.68125796e-01
    3.44540298e-01 4.10523325e-01 7.19003141e-01 6.95835173e-01
    8.83829474e-01 5.46303093e-01 8.43183041e-01 2.75431097e-01
    6.94993436e-01 5.01809180e-01 7.90387988e-01 3.01845372e-01
    2.51252711e-01 2.07280248e-01 3.32905054e-02 6.80069029e-02
    5.03574789e-01 3.12069178e-01 1.21467888e-01 4.11291808e-01
    9.95313764e-01 2.34538317e-03 9.27562237e-01 5.91153860e-01
    5.65888047e-01 9.98171449e-01 2.95142800e-01 8.76615524e-01
    6.48485541e-01 4.92557824e-01 5.42510271e-01 1.00805134e-01
    8.19922924e-01 2.11554557e-01 8.85960579e-01 3.13384175e-01
    6.07947230e-01 2.20856875e-01 2.20699281e-01 2.99599588e-01
    1.42737031e-02 3.12558293e-01 4.04302776e-02 9.26648498e-01
    4.83231962e-01 7.09587455e-01 2.18832135e-01 9.38969970e-01
    9.44506049e-01 7.05742836e-03 3.79741549e-01 1.41387552e-01
    3.12456191e-01 2.58650064e-01 2.72863537e-01 8.39726090e-01
    7.87516296e-01 9.02463913e-01 6.43419385e-01 5.11214256e-01
    8.75080466e-01 4.57255840e-02 3.36607754e-01 3.12742710e-01
    2.88015366e-01 6.48386300e-01 5.42389274e-01 1.32647842e-01
    4.97118086e-01 5.01552582e-01 2.00208873e-01 1.90579981e-01
    8.81871045e-01 8.94987166e-01 1.69296890e-01 4.25359905e-01
    6.03478551e-01 1.01898015e-01 5.95636189e-01 3.57190430e-01
    2.48493612e-01 8.39045167e-01 6.08461797e-02 8.59292984e-01
    2.46949792e-02 3.49181205e-01 2.43108839e-01 3.42035264e-01
    1.01525635e-01 7.03297019e-01 5.49074650e-01 2.04188824e-01
    9.84356403e-01 8.35765839e-01 1.34577155e-01 1.71645910e-01
    8.90542150e-01 1.90149367e-01 6.38372660e-01 7.76210427e-01
    8.99031639e-01 1.20118201e-01 7.60719359e-01 6.41579032e-02
    4.79007244e-01 1.84982300e-01 9.75781918e-01 6.00726485e-01
    5.54936051e-01 3.53764355e-01 5.59320450e-02 6.22880459e-01
    6.09917521e-01 7.47089863e-01 5.28916955e-01 7.52095819e-01
    4.64607656e-01 5.07161319e-01 4.31269765e-01 6.35070682e-01
    4.34379280e-01 6.32542372e-02 7.08850205e-01 2.77262241e-01
    2.39565432e-01 1.03168488e-01 2.75707871e-01 8.83130789e-01
    2.90193737e-01 2.10223794e-01 4.91873413e-01 1.73189610e-01
    7.77008176e-01 7.30588257e-01 1.58538580e-01 4.17902440e-01
    2.51435161e-01 8.12661648e-01 5.83799243e-01 1.09623700e-01
    4.42003667e-01 2.20853806e-01 7.92649925e-01 4.77768272e-01
    4.13510084e-01 9.98604655e-01 4.77760732e-02 7.11847723e-01
    5.59599161e-01 1.44059658e-02 3.10549140e-02 2.34052628e-01
    3.38009715e-01 2.61697471e-01 3.53818119e-01 2.61999160e-01
    1.53602958e-02 3.27944905e-01 5.36274791e-01 4.52827930e-01
    1.86307371e-01 8.48738849e-01 8.91754806e-01 5.21188617e-01
    8.59097481e-01 5.10508180e-01 1.08547747e-01 6.40372694e-01
    1.98182762e-02 4.46361840e-01 7.23659992e-01 7.04236686e-01
    7.99413681e-01 4.77827400e-01 8.02600980e-01 3.79400164e-01
    7.24445462e-01 5.51271081e-01 1.04974329e-01 8.72625589e-01
    6.09951079e-01 1.18990660e-01 8.40075970e-01 8.05573702e-01
    3.89756292e-01 8.01626146e-01 3.23101640e-01 9.98444617e-01
    6.23292506e-01 4.88228768e-01 8.50927830e-01 9.00874674e-01
    2.34985590e-01 9.41356421e-01 9.04255390e-01 9.58877802e-01
    1.12095892e-01 5.94438553e-01 7.59976625e-01 3.24575603e-02
    7.20911622e-01 1.76643401e-01 8.01985562e-01 6.58245206e-01
    9.89477158e-01 7.27908254e-01 4.49886799e-01 9.16080713e-01
    5.56749284e-01 9.58060384e-01 2.13459074e-01 1.64690018e-01
    6.17562294e-01 1.98569298e-01 2.48904318e-01 5.34033895e-01
    4.49488014e-01 8.83453369e-01 1.00440592e-01 5.56305885e-01
    2.66063154e-01 4.44469780e-01 7.51478732e-01 2.93900073e-01
    1.38421386e-01 2.62928486e-01 6.40140772e-01 6.19472861e-01
    2.06842929e-01 5.29022932e-01 6.85157537e-01 7.50675797e-02
    3.22466582e-01 8.83948326e-01 3.37845385e-01 3.04250777e-01
    9.76732075e-01 5.76904714e-02 9.75175083e-01 6.07789755e-01
    9.64167118e-01 3.47199678e-01 6.80448472e-01 3.80534828e-01
    8.95668149e-01 9.93840039e-01 1.69391215e-01 6.60909653e-01
    4.45836544e-01 6.28065228e-01 2.18740106e-03 9.29743052e-01
    9.32555556e-01 2.54715264e-01 4.42319304e-01 8.84757161e-01
    1.45956725e-01 4.00846750e-01 1.25145078e-01 5.06033778e-01
    6.43466830e-01 4.19845581e-02 4.63526696e-01 1.97661459e-01
    1.29118115e-01 1.23874962e-01 1.19826078e-01 4.97097433e-01
    7.23613262e-01 8.15510511e-01 5.06739974e-01 2.07774639e-01
    1.61563903e-01 7.45599151e-01 9.55858827e-02 3.44254971e-02
    7.32329428e-01 3.23968798e-01 8.18420351e-01 4.33237016e-01
    2.57939816e-01 6.26381993e-01 8.19129765e-01 2.06659913e-01
    6.64900303e-01 9.80527699e-02 3.74932468e-01 4.75212157e-01
    2.30545133e-01 1.78598493e-01 1.38095081e-01 9.26409960e-02
    5.41562617e-01 6.49301171e-01 4.59916472e-01 9.64116991e-01
    6.67203426e-01 1.39721841e-01 1.12341255e-01 4.58940655e-01
    8.97841811e-01 1.53072327e-01 9.78920460e-01 6.25370145e-02
    8.97859514e-01 5.81228673e-01 2.79959559e-01 7.14804232e-01
    9.10910130e-01 2.71204591e-01 9.91971493e-02 1.57252014e-01
    8.17114115e-03 7.21444249e-01 6.02327406e-01 8.51885557e-01
    5.31453550e-01 9.66283500e-01 7.42449880e-01 1.76346064e-01
    4.05098200e-02 4.96601492e-01 6.62893176e-01 4.63944972e-02
    9.67759371e-01 6.43941641e-01 9.32528377e-02 3.33674908e-01
    1.70361698e-02 1.52198464e-01 6.83547735e-01 1.23518765e-01
    5.13942897e-01 1.15276426e-01 5.77287257e-01 7.88759053e-01
    6.65091038e-01 2.72964656e-01 7.20310926e-01 4.96895611e-02
    3.04878056e-01 4.01117951e-01 6.38919711e-01 8.00661981e-01
    9.48074758e-02 7.94261098e-01 1.19110048e-01 4.54740793e-01
    2.85078824e-01 4.24557000e-01 1.99640095e-01 7.68817723e-01
    3.09523076e-01 2.88596213e-01 1.33036017e-01 6.87504351e-01
    2.14774579e-01 6.14091754e-02 5.96714020e-03 3.03731322e-01
    2.93099225e-01 3.07866752e-01 3.16579342e-01 9.47196245e-01
    9.00912702e-01 8.16450298e-01 9.28021967e-02 7.88444221e-01
    7.71141052e-01 4.85784382e-01 4.70796227e-02 1.30965114e-02
    3.23845506e-01 3.44439417e-01 5.07156491e-01 6.22131824e-01
    2.79180944e-01 7.15422690e-01 1.18513912e-01 8.35421801e-01
    8.88072848e-02 8.78682852e-01 8.63569498e-01 6.47770286e-01
    3.73730421e-01 4.08183932e-01 1.08987361e-01 1.45919174e-01
    8.07519078e-01 3.79949033e-01 2.53119648e-01 6.92646503e-02
    3.40293050e-01 6.53768003e-01 5.69594502e-01 5.64199686e-03
    5.34060419e-01 9.36386883e-02 1.90053642e-01 2.12693840e-01
    2.08468378e-01 9.30316806e-01 9.36044931e-01 4.56355810e-01
    4.83597904e-01 8.47517550e-01 8.44466448e-01 5.74364126e-01
    4.52448696e-01 4.86255288e-02 3.49033087e-01 4.84116942e-01
    5.26100159e-01 8.19537640e-01 1.94314063e-01 7.08238840e-01
    3.53482604e-01 9.58949685e-01 7.07737863e-01 3.71235907e-02
    8.69255304e-01 4.83755797e-01 3.66783857e-01 9.51332748e-01
    8.50705028e-01 1.96267366e-01 7.87493348e-01 6.76698148e-01
    1.70581251e-01 7.58909643e-01 7.87355542e-01 3.02707076e-01
    8.42357218e-01 2.28385627e-02 2.49456733e-01 2.55963892e-01
    5.51511407e-01 9.29330707e-01 1.35737419e-01 8.67435694e-01
    3.00904810e-02 4.16550100e-01 8.49130750e-03 1.63326949e-01
    7.30186462e-01 3.64176869e-01 6.56938076e-01 4.66219604e-01
    1.00503415e-01 7.61944532e-01 6.25114322e-01 4.87045914e-01
    4.34968889e-01 8.03410411e-01 6.33586764e-01 9.34149027e-01
    6.24396503e-01 4.74882990e-01 2.84005165e-01 3.37169349e-01
    7.81961262e-01 4.01370287e-01 9.42835569e-01 5.09978473e-01
    2.40558863e-01 9.19213951e-01 3.56098473e-01 5.28805196e-01
    9.91834164e-01 7.67363966e-01 1.45352185e-01 3.75594884e-01
    9.76042747e-01 6.03719711e-01 5.66728890e-01 7.00401425e-01
    4.43118036e-01 4.09864843e-01 8.23358893e-01 5.87747991e-01
    3.68957520e-01 1.04425937e-01 1.83050543e-01 6.46077931e-01
    3.13933372e-01 5.03991306e-01 6.29683793e-01 2.84241229e-01
    9.14771318e-01 2.22202748e-01 7.72814274e-01 1.27259552e-01
    3.49415958e-01 1.73336685e-01 3.61856461e-01 3.69090378e-01
    5.54582298e-01 3.20455700e-01 4.74903792e-01 8.89929891e-01
    5.08634806e-01 4.28499550e-01 5.21461725e-01 1.44466311e-01
    9.26632881e-01 8.87302637e-01 9.57091391e-01 7.34207153e-01
    7.56866097e-01 5.57034850e-01 2.91707456e-01 5.54248333e-01
    2.77516425e-01 5.46781600e-01 3.63681197e-01 1.54594153e-01
    8.86304915e-01 6.99649692e-01 3.85813594e-01 3.41594547e-01
    6.00203037e-01 4.73140776e-01 5.27792335e-01 4.04063761e-01
    9.27823484e-01 2.31938124e-01 8.44070435e-01 4.98358130e-01
    9.43191767e-01 3.14911574e-01 4.21575457e-01 8.66730571e-01
    5.30860007e-01 3.90991420e-01 5.27807176e-01 3.74386311e-01
    5.42557180e-01 5.81446707e-01 8.89701724e-01 5.06927848e-01
    3.54039371e-02 3.85705501e-01 4.83493268e-01 1.69054210e-01
    5.39313972e-01 2.73615509e-01 4.72184718e-01 6.28773212e-01
    7.71355212e-01 9.45977092e-01 6.77856982e-01 1.84233189e-02
    1.44410074e-01 6.13566220e-01 8.86697173e-02 4.94779527e-01
    4.07517135e-01 6.94241226e-01 4.91828799e-01 1.60821974e-01
    9.88517761e-01 3.89431417e-02 1.41060233e-01 6.52982712e-01
    3.36386740e-01 3.58436763e-01 3.24753463e-01 2.31120497e-01
    4.05696809e-01 6.19116426e-03 1.85959339e-02 5.88016808e-01
    9.56523001e-01 8.27449620e-01 5.51510990e-01 3.61273944e-01
    4.69186962e-01 3.35162461e-01 9.79189873e-01 1.67958528e-01
    6.33688509e-01 5.87944806e-01 7.79300451e-01 6.43699944e-01
    2.02802598e-01 9.50709403e-01 9.34789836e-01 4.77997303e-01
    4.27670002e-01 3.27168584e-01 3.38995367e-01 3.84320617e-01
    2.22928226e-01 1.61965996e-01 3.15375090e-01 9.82330084e-01
    8.75288010e-01 2.64603794e-02 2.65697420e-01 2.92818546e-01
    4.49945062e-01 9.50644612e-01 3.11890543e-02 9.22673821e-01
    1.51085019e-01 6.92665100e-01 5.80776095e-01 7.63686597e-02
    5.19824028e-01 8.24267268e-01 7.06865668e-01 1.86906725e-01
    5.23427308e-01 5.45891404e-01 7.40435481e-01 1.47439241e-02
    3.37217003e-01 7.52901793e-01 5.73426485e-01 3.82786036e-01
    6.44419670e-01 4.39621747e-01 1.91391379e-01 2.75913507e-01
    6.60725057e-01 1.10896975e-01 2.79181927e-01 9.10139441e-01
    8.04425478e-01 9.88638282e-01 9.56236720e-01 9.43010867e-01
    6.75535321e-01 9.18571234e-01 5.19773960e-01 1.35162473e-02
    6.28376603e-01 7.66470790e-01 3.61355543e-02 1.98992282e-01
    8.49366486e-02 4.08025473e-01 6.31702125e-01 8.31472397e-01
    2.85403669e-01 4.52264428e-01 2.96327114e-01 2.54578590e-01
    3.72001648e-01 3.39710951e-01 1.41401291e-01 7.09976077e-01
    7.56257176e-01 3.04699004e-01 9.45188284e-01 3.00746858e-01
    2.84101129e-01 8.44588399e-01 9.01651084e-01 3.19147825e-01
    3.15533221e-01 1.78003311e-03 6.97097182e-02 5.36954105e-02
    7.93382764e-01 5.54158330e-01 8.22606325e-01 9.51893806e-01
    4.49173212e-01 8.65858376e-01 4.76618975e-01 8.31765473e-01
    5.14447987e-01 4.64139760e-01 5.47443032e-01 1.52390033e-01
    2.12901026e-01 2.10869014e-01 5.00421166e-01 8.29517841e-03
    2.29307503e-01 7.28180945e-01 4.77845907e-01 7.64945626e-01
    8.47764313e-02 7.27801859e-01 8.72266889e-01 4.32062685e-01
    9.38550353e-01 1.92678660e-01 4.05893624e-02 6.99672341e-01
    6.51588857e-01 1.48752749e-01 2.90080249e-01 4.51237679e-01
    8.79977047e-02 3.82064998e-01 1.07727110e-01 8.24423552e-01
    4.62896883e-01 2.15239733e-01 9.39444184e-01 8.88136625e-01
    2.17942476e-01 1.18124902e-01 3.61198485e-01 3.68390441e-01
    3.52785707e-01 2.31335163e-02 3.22434455e-01 8.58367085e-01
    4.08779800e-01 5.83634555e-01 1.92442536e-01 7.49450207e-01
    7.93548346e-01 2.61143446e-01 6.41179800e-01 5.02782941e-01
    9.94594395e-02 3.31532419e-01 5.30103207e-01 2.14109808e-01
    6.72079206e-01 2.68231928e-02 7.54878879e-01 2.67926484e-01
    1.11399800e-01 3.31047297e-01 5.85686803e-01 3.45759690e-01
    2.44023144e-01 3.23681861e-01 4.04877007e-01 9.62539673e-01
    4.55590665e-01 8.20639372e-01 1.64972723e-01 1.43135965e-01
    5.57576895e-01 6.88002467e-01 2.24554896e-01 1.48414522e-01
    4.16302830e-01 5.70636511e-01 8.88575435e-01 6.95110083e-01
    1.45832777e-01 8.98456514e-01 7.62187958e-01 4.41230863e-01
    4.42718565e-02 5.89844882e-01 5.99103212e-01 3.28325510e-01
    5.17630279e-01 3.32543701e-01 7.53473938e-02 2.82659531e-02
    7.91541398e-01 6.06388450e-02 2.77090609e-01 5.84462583e-02
    6.24863744e-01 5.99693000e-01 3.86480451e-01 4.48358417e-01
    8.92126262e-01 9.95770216e-01 9.04669642e-01 7.68025219e-02
    6.35650456e-01 2.37985104e-01 1.22859240e-01 8.49065661e-01
    8.39930415e-01 8.57537806e-01 4.96182114e-01 1.23604923e-01
    2.46565431e-01 5.62262893e-01 5.43959022e-01 5.79177260e-01
    9.63906109e-01 2.42342681e-01 4.05606270e-01 7.25436628e-01
    5.82280457e-02 3.37592602e-01 2.27841675e-01 4.58982408e-01
    2.76094437e-01 5.24419606e-01 9.42219496e-01 7.48432636e-01
    3.16453636e-01 5.67887545e-01 6.18778825e-01 3.52987647e-01
    5.48580229e-01 9.20060098e-01 4.72527146e-01 8.07405651e-01
    5.03080130e-01 4.87905562e-01 7.31697619e-01 3.32771659e-01
    9.74244475e-01 1.88718140e-02 2.62844890e-01 5.63077867e-01
    1.84246868e-01 2.26361841e-01 4.43073273e-01 9.67900276e-01
    7.92710543e-01 8.62357438e-01 3.61993611e-01 6.54473782e-01
    7.87209272e-01 1.31283253e-01 3.99539649e-01 8.92413497e-01
    5.16148329e-01 6.44321680e-01 2.58776128e-01 2.16613531e-01
    9.08165395e-01 2.25364745e-01 5.69249928e-01 8.52124035e-01
    1.93791002e-01 8.21224451e-01 2.76978642e-01 3.27959359e-02
    1.77810341e-01 3.50391388e-01 9.25920308e-02 5.21647036e-01
    7.45705426e-01 9.57373440e-01 1.12183779e-01 7.17453003e-01
    7.31527805e-01 4.00696456e-01 1.75364494e-01 8.86216760e-02
    4.46674526e-02 6.04077578e-01 5.89942157e-01 5.99326074e-01
    2.45187342e-01 1.23547196e-01 4.40024108e-01 5.21002412e-02
    3.80978018e-01 2.00992167e-01 4.88459259e-01 4.44627553e-01
    5.29567301e-01 4.73594159e-01 1.99581504e-01 3.30507606e-01
    7.02417016e-01 9.83327150e-01 4.01801944e-01 2.63653547e-01
    1.00139380e-01 5.61779857e-01 2.65563309e-01 6.54823482e-02
    1.18979603e-01 1.37108237e-01 1.39246136e-01 6.75043404e-01
    6.86311603e-01 4.03250933e-01 8.58015776e-01 3.43069404e-01
    7.34822750e-01 4.29535866e-01 6.33028090e-01 1.94207728e-01
    1.31892741e-01 2.84450352e-01 2.46262580e-01 1.84498161e-01
    5.49132824e-01 8.89990330e-02 6.91997707e-01 7.57992506e-01
    2.14338720e-01 2.74849713e-01 4.00594234e-01 8.77351522e-01
    5.12647808e-01 9.78428066e-01 8.84696841e-01 7.86776960e-01
    6.54072523e-01 7.45120287e-01 9.83106732e-01 5.87399781e-01
    3.80384564e-01 2.58871138e-01 5.23189723e-01 6.92564189e-01
    6.59563303e-01 3.26071501e-01 3.26552361e-01 6.18125379e-01
    8.08749080e-01 3.55375141e-01 7.02467024e-01 4.42508996e-01
    3.52705181e-01 9.75710273e-01 7.12231338e-01 1.36511326e-01
    1.40333474e-02 2.32473046e-01 4.81729716e-01 6.16852880e-01
    6.57772243e-01 6.37246072e-01 7.93297172e-01 1.97916001e-01
    2.71872818e-01 5.77611864e-01 5.48672974e-01 2.27509141e-01
    6.99523568e-01 2.95377314e-01 1.83762819e-01 1.47559941e-02
    3.92985195e-01 8.36073875e-01 1.25685155e-01 1.74519330e-01
    1.81869388e-01 6.26277626e-01 4.88555968e-01 8.39021921e-01
    1.24049604e-01 2.90782899e-01 8.93131495e-01 1.52291477e-01
    5.88887095e-01 8.48802030e-01 1.05465293e-01 6.52969956e-01
    9.97560918e-02 5.33207178e-01 4.78217602e-01 1.87538981e-01
    5.59402406e-01 3.44346017e-01 4.36438024e-01 7.82316208e-01
    6.48088634e-01 5.10131776e-01 5.19494176e-01 6.94180667e-01
    7.00658500e-01 8.22711349e-01 4.60749328e-01 9.13796663e-01
    5.26676178e-01 8.48336101e-01 8.79175663e-01 8.32915485e-01
    6.20326102e-01 8.25916409e-01 3.85110587e-01 6.00735962e-01
    9.24711049e-01 5.33625185e-01 8.50946069e-01 4.96697277e-01
    4.71397936e-02 7.24084675e-02 8.82126570e-01 2.91163445e-01
    5.24727285e-01 8.47398281e-01 8.49436402e-01 1.64232314e-01
    3.01040083e-01 6.49040699e-01 8.88811946e-01 4.46671218e-01
    2.44439632e-01 2.57074982e-01 3.63467842e-01 3.28086257e-01
    1.00636393e-01 6.10046804e-01 7.50074267e-01 5.65275669e-01
    3.51040959e-01 3.24826121e-01 5.09979963e-01 4.69330728e-01
    6.41978085e-01 9.06924665e-01 6.73901320e-01 9.17900741e-01
    8.16916585e-01 7.56193459e-01 2.96736538e-01 4.11053270e-01
    6.45212173e-01 2.55262613e-01 5.27073264e-01 3.01122606e-01
    1.74698681e-01 8.78526330e-01 2.53697515e-01 7.49779880e-01
    1.42033190e-01 6.96663737e-01 2.21068621e-01 2.26867288e-01
    9.27298546e-01 2.18802601e-01 8.87122154e-01 4.30006832e-01
    2.30687708e-01 4.35456127e-01 1.45365983e-01 6.77783549e-01
    4.65283781e-01 3.54680538e-01 6.91614389e-01 9.08349872e-01
    4.18363452e-01 7.76990771e-01 7.25581706e-01 8.47926974e-01
    7.22881794e-01 7.87829995e-01 8.73529315e-01 6.99551642e-01
    3.95030618e-01 4.35285538e-01 8.72634172e-01 9.15146291e-01
    8.06076527e-02 4.83419597e-02 9.76875305e-01 9.54343259e-01
    8.07730734e-01 1.66196465e-01 4.33629900e-01 4.41724271e-01
    6.12220705e-01 2.99834609e-02 1.39437199e-01 6.03995919e-01
    7.96149135e-01 2.33647376e-01 8.58035624e-01 4.78973866e-01
    3.86218667e-01 5.48791349e-01 2.83048749e-02 2.38851130e-01
    8.37048709e-01 3.79615426e-02 1.29428178e-01 8.88913989e-01
    6.65474117e-01 4.84274030e-01 5.76875687e-01 1.36710703e-02
    6.85567021e-01 5.26584208e-01 1.14974022e-01 9.41790819e-01
    9.64135408e-01 8.85346472e-01 1.16615385e-01 2.26251960e-01
    8.58309865e-03 4.73471880e-01 5.33118844e-03 9.12411928e-01
    2.71565765e-01 9.82168019e-02 6.44638419e-01 1.16158247e-01
    2.90708840e-01 8.74250770e-01 5.30823112e-01 2.82223821e-01
    1.96183741e-01 3.61935079e-01 6.81371510e-01 4.71551478e-01
    4.50615287e-02 2.88190126e-01 2.77727187e-01 7.29760230e-01
    8.25056076e-01 7.75132179e-01 6.65964961e-01 6.78054094e-01
    3.34919363e-01 2.04414099e-01 5.68037510e-01 3.30809534e-01
    3.65240335e-01 4.91035819e-01 6.44080937e-01 6.71173930e-02
    9.62488413e-01 6.12415373e-01 3.96497130e-01 6.38026357e-01
    1.78808600e-01 4.61873531e-01 2.45528728e-01 6.01274848e-01
    3.90530020e-01 8.24813247e-01 3.98711234e-01 2.88552612e-01
    4.88831222e-01 6.46426558e-01 6.38586044e-01 1.28973782e-01
    2.76846021e-01 4.39790994e-01 6.05754495e-01 9.41139996e-01
    2.07492977e-01 8.27033758e-01 4.67011541e-01 5.83638489e-01
    9.88521934e-01 2.30202496e-01 2.27699578e-01 6.39372170e-02
    6.30704165e-01 9.11760390e-01 3.08783412e-01 9.24128771e-01
    5.44338465e-01 4.86795098e-01 4.95507151e-01 7.94604123e-01
    4.17697072e-01 7.13709474e-01 4.11327779e-02 8.61663699e-01
    5.51001966e-01 8.76988053e-01 9.16166782e-01 4.78865892e-01
    4.82901961e-01 8.04813862e-01 6.18180037e-02 9.30884123e-01
    1.67179406e-02 7.67740369e-01 6.38754964e-01 6.27312899e-01
    2.79435158e-01 1.49303854e-01 8.89701605e-01 7.98575580e-02
    6.42623544e-01 7.22293258e-01 7.36640036e-01 6.57688618e-01
    8.79781365e-01 3.83744955e-01 2.88393945e-01 2.28767037e-01
    5.69889545e-01 1.76192522e-01 4.34501171e-02 5.45269847e-01
    4.96675432e-01 2.76713252e-01 1.94394261e-01 6.17895126e-02
    1.33908391e-02 3.76162052e-01 4.46604908e-01 2.58510053e-01
    8.67061377e-01 8.86461973e-01 9.16468740e-01 3.70954603e-01
    9.75345016e-01 8.63608718e-01 2.98172534e-01 2.36016154e-01
    8.07059407e-02 9.92527127e-01 5.62208474e-01 8.99833202e-01
    9.98616219e-02 9.66217220e-02 7.76544213e-01 6.90955281e-01
    4.55807805e-01 6.13121748e-01 3.30844164e-01 8.43485475e-01
    5.72187424e-01 1.83311701e-02 8.50986481e-01 9.70033765e-01
    8.64238858e-01 9.51911807e-02 2.38177091e-01 1.93592548e-01
    7.94851899e-01 2.95634955e-01 7.30367362e-01 1.57250792e-01
    2.73116469e-01 9.06645477e-01 3.83134365e-01 3.28713953e-02
    7.79589176e-01 7.13867843e-01 3.09411496e-01 1.73723459e-01
    8.81610513e-01 2.97845215e-01 8.04014087e-01 6.69675469e-01
    7.86769152e-01 7.18810856e-02 6.37867630e-01 7.04645276e-01
    7.46102333e-01 4.51775014e-01 5.23736477e-02 6.73163831e-01
    1.70153677e-01 3.47274542e-01 6.31107986e-01 4.67900872e-01
    5.40613413e-01 8.13262641e-01 6.79077208e-01 4.33968216e-01
    2.54013121e-01 9.61017489e-01 6.39223099e-01 9.86662507e-01
    8.79783869e-01 7.99337268e-01 9.39936280e-01 2.27572650e-01
    5.21081090e-02 9.50331926e-01 4.93092895e-01 6.74509883e-01
    1.99244142e-01 3.84058475e-01 7.88992763e-01 6.14006042e-01
    4.24713165e-01 3.66084665e-01 9.39395547e-01 8.39350700e-01
    1.07967556e-01 4.98635530e-01 7.34306574e-01 9.86937642e-01
    5.24171114e-01 1.23502344e-01 1.74507231e-01 6.60228133e-02
    6.75804615e-02 8.34273756e-01 6.79236293e-01 9.18321431e-01
    7.20101237e-01 5.72285056e-01 5.63127160e-01 2.22004890e-01
    7.48060346e-01 7.18043864e-01 7.34378874e-01 4.51673806e-01
    1.44895911e-03 1.51820302e-01 3.46384108e-01 4.29425120e-01
    5.07817566e-01 7.66753316e-01 2.96893150e-01 8.20309520e-01
    7.05300510e-01 6.91662848e-01 8.84968162e-01 1.23980552e-01
    3.62517625e-01 5.16590357e-01 8.85712624e-01 1.10935420e-01
    2.93407768e-01 8.78299356e-01 5.81952512e-01 7.21458912e-01
    3.14488411e-01 5.16796827e-01 7.85002947e-01 1.37380660e-02
    6.20000482e-01 8.49472642e-01 7.59417534e-01 4.36347485e-01
    1.65726393e-01 5.50242722e-01 8.77623796e-01 4.11750734e-01
    8.00282359e-01 1.83987588e-01 3.42494071e-01 6.18024766e-01
    1.40905946e-01 8.34831357e-01 2.61572003e-03 1.16706640e-01
    2.11861432e-01 3.02371562e-01 1.22927725e-01 3.49042833e-01
    6.76187515e-01 4.22814786e-01 8.75767946e-01 4.05045450e-01
    2.29541361e-01 1.06476545e-01 7.97854841e-01 1.91969335e-01
    1.30508572e-01 5.78780949e-01 9.01490450e-02 1.01813585e-01
    3.97035629e-01 9.15970802e-01 3.45232219e-01 9.60865855e-01
    8.84550631e-01 7.28543162e-01 7.15773940e-01 6.60050929e-01
    9.14626002e-01 7.43359804e-01 6.43046379e-01 3.63196611e-01
    3.07078123e-01 2.00779825e-01 5.05802035e-01 2.87027359e-02
    4.74452496e-01 7.43543863e-01 6.68924093e-01 3.03470314e-01
    1.86637193e-01 8.56935024e-01 3.82079065e-01 2.27585316e-01
    9.17223573e-01 1.00497663e-01 2.46181637e-01 4.85359073e-01
    6.00699604e-01 7.72918344e-01 7.21049190e-01 3.66942823e-01
    3.62856030e-01 7.58164227e-02 4.90086257e-01 6.46238804e-01
    7.44725227e-01 6.39150560e-01 4.43679869e-01 6.67888403e-01
    4.72706199e-01 3.37238133e-01 6.07559204e-01 8.81416798e-01
    4.56645042e-01 7.19071507e-01 1.66693628e-02 6.64546788e-02
    2.69415438e-01 4.35516715e-01 4.81028348e-01 5.18656075e-01
    2.46614635e-01 4.17581201e-02 2.76011854e-01 6.68805301e-01
    4.60908145e-01 9.93176222e-01 1.06048435e-01 6.29167020e-01
    3.74604255e-01 1.29537493e-01 5.63796878e-01 6.57650232e-02
    9.45943356e-01 4.25931931e-01 1.31390989e-02 6.95153952e-01
    6.27014041e-01 8.14546585e-01 5.13621569e-01 9.84193981e-02
    2.44378269e-01 5.57150304e-01 1.94247007e-01 4.72915620e-01
    5.95726192e-01 5.11626601e-01 6.11912727e-01 1.46867931e-01
    1.50522590e-03 7.47414649e-01 3.79316390e-01 2.62117982e-02
    5.60497344e-02 3.23719621e-01 7.17616320e-01 3.73597205e-01
    4.13261831e-01 1.38379484e-01 9.18040276e-01 6.96571767e-01
    9.48060393e-01 4.09590870e-01 6.81307912e-01 2.35755950e-01
    8.38258386e-01 5.43145418e-01 9.55852866e-02 9.09146726e-01
    2.21254766e-01 8.53971124e-01 4.13836539e-02 7.41685748e-01
    4.39366132e-01 9.15003538e-01 1.04147285e-01 9.76311564e-01
    6.85046315e-02 8.31996739e-01 6.75882936e-01 5.38250208e-01
    8.50113273e-01 9.69937623e-01 3.59457463e-01 2.01775670e-01
    2.28911042e-02 3.16010535e-01 3.21748614e-01 5.01794398e-01
    8.39382112e-01 9.26501632e-01 9.76988077e-01 6.39902830e-01
    6.59568667e-01 3.15853775e-01 7.39420474e-01 2.52114236e-02
    5.12212515e-04 8.92763853e-01 4.00449514e-01 5.04343033e-01
    4.34805542e-01 4.47908938e-02 1.22003615e-01 8.98756266e-01
    8.26663256e-01 2.05232918e-01 6.09628916e-01 2.54475623e-01
    9.37568903e-01 7.16837704e-01 4.14336056e-01 3.54351819e-01
    1.06405318e-02 9.11774874e-01 1.17766142e-01 1.23687446e-01
    6.59069657e-01 8.05928588e-01 9.34717536e-01 7.53185868e-01
    2.97999561e-01 9.44054544e-01 8.42451274e-01 4.54245746e-01
    9.26760077e-01 9.09141779e-01 9.61907387e-01 8.04677904e-01
    7.97284245e-01 5.16403317e-01 6.56040132e-01 5.66152155e-01
    4.71242964e-01 3.91259909e-01 1.69291317e-01 7.87826061e-01
    9.96778846e-01 4.98881102e-01 8.51129651e-01 7.82805443e-01
    4.51682240e-01 5.69036424e-01 8.47103477e-01 5.40401220e-01
    9.20617580e-01 1.91377550e-01 2.41104960e-02 3.54083180e-01
    4.94952857e-01 5.48052907e-01 7.41524220e-01 7.19798803e-02
    9.07707989e-01 5.10358751e-01 4.09368187e-01 9.92727995e-01
    7.65231431e-01 3.64018828e-01 6.20595932e-01 3.09851706e-01
    9.49446917e-01 4.61250275e-01 5.17825007e-01 2.03167319e-01
    9.55052733e-01 3.26976538e-01 4.60882783e-01 3.67687106e-01
    4.26256061e-02 9.45914865e-01 1.70786232e-01 6.23632967e-01
    7.90550053e-01 3.51715863e-01 7.80634165e-01 3.34815919e-01
    1.59506321e-01 4.51841563e-01 8.59000981e-02 6.68013513e-01
    5.18145561e-01 8.41480494e-01 6.02646351e-01 5.65343022e-01
    3.98036897e-01 3.34863961e-01 9.33471024e-01 7.66328514e-01
    5.12251854e-01 6.34629309e-01 9.96131063e-01 3.80886942e-01
    4.44271743e-01 7.41083384e-01 4.77039129e-01 9.28097188e-01
    2.15195537e-01 1.54200226e-01 1.08447045e-01 2.98707306e-01
    1.05659842e-01 6.05638921e-01 9.65339780e-01 3.34213316e-01
    8.26934576e-02 5.05630076e-01 8.15459490e-01 4.08743799e-01
    6.54180348e-01 2.13701725e-02 7.11645365e-01 7.03153253e-01
    1.61137879e-01 7.51364827e-02 5.90079010e-01 5.27507305e-01
    6.52877212e-01 7.18211353e-01 8.96557689e-01 4.58010316e-01
    7.64113843e-01 2.82661140e-01 6.76087379e-01 9.60812330e-01
    2.19520509e-01 8.31571221e-01 1.38853699e-01 7.85603821e-01
    2.37428695e-01 9.35142398e-01 4.60539967e-01 2.80764401e-01
    3.99301291e-01 8.64440382e-01 9.05444443e-01 3.52421820e-01
    7.04961717e-01 9.39493418e-01 7.93882132e-01 7.62700498e-01
    1.59145325e-01 7.91045666e-01 4.64042753e-01 9.30766106e-01
    4.83375579e-01 1.96615130e-01 9.02101636e-01 3.35400581e-01
    3.70190591e-01 2.47355610e-01 3.32703978e-01 7.44142592e-01
    8.72763753e-01 7.82395303e-01 1.31522954e-01 6.22099698e-01
    1.83968544e-01 8.49944472e-01 4.37234640e-02 7.45944202e-01
    1.24200732e-01 6.34810925e-02 4.58787382e-01 2.26474822e-01
    6.19218528e-01 3.64826024e-01 6.07357740e-01 8.55308831e-01
    5.31174183e-01 9.92220402e-01 6.75136745e-01 8.98103237e-01
    5.43138921e-01 9.54032660e-01 7.25977600e-01 4.57707524e-01
    2.21716642e-01 5.31712532e-01 2.60677040e-01 3.30651283e-01
    8.26748550e-01 5.24132073e-01 8.15190673e-01 3.17838490e-02
    6.69558406e-01 4.43617493e-01 6.70294523e-01 6.40509367e-01
    7.84753859e-02 9.02064502e-01 6.91067219e-01 9.71326232e-01
    2.97402233e-01 8.42986226e-01 8.42823982e-01 8.42071056e-01
    9.74849939e-01 3.79830927e-01 8.96385610e-02 1.75024420e-01
    7.74688959e-01 4.78357047e-01 9.96354222e-01 8.69331896e-01
    3.98938358e-02 9.32353258e-01 5.41799068e-02 1.05841547e-01
    9.80276346e-01 4.71937746e-01 8.89762640e-02 6.97596908e-01
    6.26380146e-02 6.98713362e-02 4.06699479e-02 7.34838843e-01
    7.98153281e-02 2.16413707e-01 5.48126578e-01 8.58634114e-02
    4.52042311e-01 8.88115585e-01 4.27588850e-01 5.49472511e-01
    3.95147622e-01 5.85690141e-03 8.01773846e-01 7.26577878e-01
    1.49649799e-01 8.94164443e-02 9.18128848e-01 5.31509101e-01
    9.19480324e-01 9.14290071e-01 1.27946675e-01 2.94070244e-02
    1.43434018e-01 2.71921843e-01 7.87523746e-01 7.27102041e-01
    9.73590434e-01 3.41786563e-01 6.47214293e-01 2.67186224e-01
    9.37683940e-01 1.20887756e-01 8.66845965e-01 8.90206397e-02
    1.18947744e-01 6.63665295e-01 4.91358697e-01 8.71036351e-02
    9.82417226e-01 5.04315019e-01 2.31139213e-01 7.81354189e-01
    4.49551940e-02 4.06441778e-01 9.30417776e-02 7.29861796e-01
    8.05084705e-01 5.64336777e-01 6.16150975e-01 4.00045037e-01
    2.30400920e-01 7.80558348e-01 8.72652709e-01 9.85901713e-01
    3.44581425e-01 3.40540826e-01 7.61017680e-01 2.99166620e-01
    7.54726589e-01 6.01845264e-01 3.70982289e-01 6.81420386e-01
    8.80458295e-01 9.11268473e-01 9.46057320e-01 2.13620216e-01
    6.13642037e-01 3.21948349e-01 6.33114278e-01 9.77916658e-01
    4.88336504e-01 5.26806235e-01 9.84344840e-01 9.88779783e-01
    4.54362154e-01 9.16372657e-01 9.36537027e-01 3.08712423e-01
    4.15369570e-01 8.80269527e-01 4.91685718e-01 7.83131003e-01
    5.26123285e-01 7.24645972e-01 7.88738966e-01 5.81100285e-01
    9.54845428e-01 7.91698694e-03 1.62218302e-01 9.45483804e-01
    8.18953753e-01 8.54108691e-01 3.28828633e-01 4.94937122e-01
    8.24077010e-01 2.98065424e-01 8.62723589e-03 4.69293296e-01
    2.65544772e-01 7.59340346e-01 3.44138235e-01 3.57610196e-01
    9.50288475e-02 3.94097388e-01 3.71327132e-01 8.17466497e-01
    7.82339036e-01 2.78246582e-01 7.76718855e-01 1.06032878e-01
    3.86342704e-02 4.42829728e-02 1.67122304e-01 8.64375532e-01
    7.72621512e-01 1.46938950e-01 5.42057991e-01 3.37520421e-01
    9.68537092e-01 5.22432566e-01 9.60666776e-01 6.60118043e-01
    9.84909654e-01 6.36029065e-01 7.84206152e-01 2.32345492e-01
    7.48963892e-01 9.56434727e-01 7.05194831e-01 6.04742050e-01
    7.72224188e-01 4.54650939e-01 6.54596210e-01 1.50826335e-01
    1.91881597e-01 5.72986126e-01 8.08481574e-01 1.46688312e-01
    4.59850669e-01 9.06191111e-01 6.77212536e-01 5.66447675e-02
    6.79286122e-02 9.04090285e-01 3.04705620e-01 9.69043493e-01
    3.27439904e-01 5.26289344e-02 7.39832580e-01 6.83082342e-01
    6.90599382e-01 3.07596058e-01 6.58997953e-01 9.96365905e-01
    6.33637965e-01 8.71402025e-02 3.88760328e-01 9.00512815e-01
    3.33096087e-02 4.60363805e-01 4.28067356e-01 4.83383477e-01
    8.81526709e-01 1.86989844e-01 7.96895504e-01 3.42662692e-01
    1.11448348e-01 1.65317655e-02 5.19109786e-01 3.81486505e-01
    4.57686067e-01 9.30230975e-01 7.53038168e-01 4.20004129e-04
    7.66314626e-01 4.61925030e-01 8.67733240e-01 8.09675574e-01
    2.48554856e-01 1.46840274e-01 3.97053063e-01 2.26964951e-02
    1.98294520e-01 6.37117803e-01 1.67400151e-01 4.36492234e-01
    2.01121747e-01 5.33328712e-01 9.86794233e-01 2.90906370e-01
    6.13154411e-01 8.31514239e-01 9.30683017e-01 4.03179705e-01
    3.28183532e-01 5.92508316e-01 7.07986116e-01 3.51475090e-01
    4.98306125e-01 9.77274299e-01 2.56008029e-01 7.92466283e-01
    1.89386606e-01 3.36858988e-01 7.72539258e-01 6.70002103e-01
    4.80715901e-01 8.00807953e-01 5.27437031e-02 5.09321868e-01
    6.12708032e-02 1.73169971e-01 5.62965214e-01 6.66988313e-01
    5.38739324e-01 3.85680288e-01 6.58644676e-01 5.45062542e-01
    1.64094567e-01 6.13483489e-02 2.45671093e-01 1.92045659e-01
    3.49709898e-01 4.79744792e-01 3.56021106e-01 5.88931441e-01
    7.22705841e-01 1.51239961e-01 4.21742976e-01 8.15088034e-01
    4.01990533e-01 7.65552282e-01 7.26625621e-02 3.89295876e-01
    4.30571735e-02 6.29495621e-01 2.40571320e-01 6.03520811e-01
    2.92929590e-01 1.56438559e-01 2.80474067e-01 3.54397267e-01
    8.62651348e-01 3.35958540e-01 9.79658723e-01 4.63997334e-01
    4.69633818e-01 2.44681746e-01 8.09975863e-02 8.03239226e-01
    7.46843219e-02 9.12413001e-01 5.55449247e-01 4.11636174e-01
    3.77136201e-01 5.35607636e-01 4.18197691e-01 6.14145696e-01
    1.14737600e-01 9.93786454e-01 3.59667301e-01 6.46976173e-01
    8.94045234e-01 3.78020525e-01 6.55721903e-01 7.72541404e-01
    7.13453889e-02 6.67445779e-01 6.11151338e-01 3.94801974e-01
    8.10792804e-01 7.91278481e-02 1.71457708e-01 1.14939690e-01
    1.00092679e-01 7.20570803e-01 9.21558499e-01 1.79218084e-01
    7.53322065e-01 9.83339846e-01 9.78375852e-01 7.57910907e-02
    9.17424858e-01 7.51877427e-01 7.98451185e-01 2.27311134e-01
    4.27655160e-01 6.43084705e-01 5.07304490e-01 1.05201453e-01
    1.17402256e-01 1.66794986e-01 7.26080716e-01 9.89667654e-01
    9.50786233e-01 5.30188382e-01 7.02005267e-01 7.53473222e-01
    8.08162570e-01 1.45941257e-01 9.51283991e-01 8.23142707e-01
    8.63855481e-01 8.17218125e-02 8.67238402e-01 3.09749424e-01
    7.55411625e-01 2.16188192e-01 2.68075496e-01 5.40204227e-01
    2.64969885e-01 3.14811707e-01 1.75652057e-01 1.51537895e-01
    6.01542294e-02 1.70948207e-02 1.97136700e-01 2.63491869e-02
    6.10837460e-01 5.20638585e-01 5.05694747e-01 4.98522222e-01
    7.87010193e-01 9.14894819e-01 1.71101987e-02 5.74851036e-02
    9.82935667e-01 9.96182084e-01 9.69988942e-01 1.15609139e-01
    4.55275536e-01 1.53494716e-01 5.09350896e-02 4.37390119e-01
    1.60807848e-01 9.18236494e-01 5.29705942e-01 1.64840072e-01
    9.97857332e-01 5.47550261e-01 2.37085283e-01 6.44428372e-01
    5.06552577e-01 6.31089687e-01 1.23106211e-01 1.81443244e-01
    3.85281414e-01 3.69349897e-01 1.27140582e-02 6.67779446e-01
    9.49724078e-01 6.81564331e-01 4.68233019e-01 3.08317959e-01
    9.77134645e-01 8.14123452e-02 3.82487863e-01 7.36109257e-01
    7.55104125e-02 6.48807883e-01 6.96745515e-03 8.49444687e-01
    5.53027213e-01 4.40253437e-01 2.49145061e-01 4.19562727e-01
    3.45347494e-01 6.80605710e-01 7.73954690e-01 1.51015818e-01
    4.14198071e-01 8.42430234e-01 2.06777960e-01 7.96585560e-01
    5.69090366e-01 4.17473942e-01 1.62542820e-01 2.14561284e-01
    9.83166039e-01 4.72135216e-01 4.67596948e-01 6.95982695e-01
    4.89271432e-01 7.88561642e-01 1.20419830e-01 2.62178361e-01
    3.64106894e-01 9.67110753e-01 7.57053375e-01 9.44728553e-01
    8.27620327e-02 6.03777289e-01 5.85404277e-01 8.08605790e-01
    7.66314566e-02 3.41537505e-01 9.78369832e-01 2.93908775e-01
    2.42419541e-02 8.80708694e-01 7.69289017e-01 9.94414091e-01
    4.84666854e-01 5.54019392e-01 2.32260674e-01 4.85373288e-01
    9.12861943e-01 6.39090061e-01 8.31438899e-01 4.97963488e-01
    6.58925056e-01 3.30479860e-01 6.47479773e-01 5.16039491e-01
    3.10419828e-01 1.69340372e-01 3.12870741e-03 6.65874481e-01
    6.06173754e-01 6.27337456e-01 9.91212845e-01 7.05610514e-01
    1.93238646e-01 6.99299335e-01 7.77604520e-01 1.23092830e-02
    7.60042548e-01 9.79928136e-01 6.92302883e-01 2.65848905e-01
    8.64461064e-01 5.46881795e-01 8.23021173e-01 9.96178687e-01
    8.22565198e-01 1.93312854e-01 2.02026367e-01 1.67134315e-01
    3.92931759e-01 9.44752216e-01 3.59945834e-01 8.06176305e-01
    4.85590160e-01 2.90554523e-01 7.86890268e-01 4.68796104e-01
    3.51537228e-01 7.59265900e-01 1.07022613e-01 3.20476204e-01
    3.08522046e-01 7.86673903e-01 1.97671145e-01 9.83785748e-01
    3.20732892e-01 7.72349119e-01 4.57404584e-01 6.32746577e-01
    3.61021698e-01 3.48631471e-01 5.45922041e-01 9.91299510e-01
    9.18162107e-01 6.91450715e-01 8.05411398e-01 7.74378777e-01
    4.34282541e-01 6.29384220e-02 8.66027236e-01 5.95228910e-01
    6.70359135e-01 8.24580193e-01 9.29660559e-01 7.70889997e-01
    1.68187857e-01 9.11442757e-01 4.37313408e-01 9.34657037e-01
    4.66362059e-01 6.61156654e-01 6.30436420e-01 8.45965743e-03
    1.97998434e-01 7.70053267e-03 3.41036677e-01 6.24781191e-01
    2.42339969e-01 4.76946473e-01 9.66496348e-01 5.51813364e-01
    8.37029934e-01 2.27422208e-01 2.70596415e-01 7.25254178e-01
    9.45268333e-01 6.10070825e-02 6.70741796e-02 5.51696122e-01
    2.89269924e-01 4.38480765e-01 1.29497319e-01 8.31508040e-01
    3.50701511e-01 3.81197751e-01 5.58803856e-01 4.76746351e-01
    3.03096414e-01 4.74169731e-01 6.75832272e-01 8.79787564e-01
    3.04566324e-02 5.86966217e-01 8.31633568e-01 7.32896924e-01
    8.63370001e-02 4.59664941e-01 5.25243700e-01 1.70043349e-01
    9.17992115e-01 2.67452121e-01 9.49048281e-01 6.19817734e-01
    2.38910645e-01 3.11096907e-01 4.17135119e-01 6.14579320e-01
    5.30016601e-01 2.93942481e-01 2.44677454e-01 5.99212229e-01
    3.20674896e-01 6.00252748e-01 8.96834254e-01 4.45317686e-01
    5.47131181e-01 3.04900616e-01 2.06963390e-01 8.45592976e-01
    9.32669640e-01 2.76725888e-01 9.60695505e-01 9.23534513e-01
    4.09592748e-01 7.90859818e-01 1.85421944e-01 4.61007148e-01
    7.37717748e-01 1.98294252e-01 7.31071293e-01 3.70360076e-01
    4.24556136e-01 4.49804485e-01 2.23211318e-01 1.96306497e-01
    3.09038728e-01 3.31405878e-01 7.62493432e-01 4.68452573e-01
    5.60152531e-01 6.00113809e-01 8.68364036e-01 5.91970205e-01
    4.93451715e-01 3.94089192e-01 8.95034194e-01 5.43132901e-01
    6.41462684e-01 4.87446725e-01 3.49285990e-01 1.64410114e-01
    3.00518513e-01 6.77793145e-01 9.94277060e-01 8.80915046e-01
    1.55929148e-01 1.49720073e-01 6.44668281e-01 9.39637780e-01
    4.94540393e-01 5.42386472e-02 6.33411944e-01 2.87797749e-01
    8.64100635e-01 9.04587984e-01 7.89546490e-01 1.56928569e-01
    6.85872436e-01 5.95715046e-02 4.03340876e-01 3.70673746e-01
    5.51176012e-01 5.56778312e-01 2.19442993e-01 1.27353877e-01
    3.44165534e-01 8.72709751e-02 1.95711255e-02 3.97714138e-01
    8.12080383e-01 6.87674284e-01 9.18148756e-01 6.89241886e-01
    5.16139925e-01 1.99888259e-01 8.21469426e-01 2.75084227e-01
    4.04393941e-01 6.55207336e-01 5.54214835e-01 5.66865861e-01
    4.99865294e-01 7.03736663e-01 7.56777883e-01 4.09922689e-01
    4.29475605e-01 8.36596489e-01 9.76377964e-01 3.71114492e-01
    2.33093947e-01 8.57052684e-01 2.55890787e-01 1.51724368e-01
    4.65268344e-01 6.54967904e-01 8.91912699e-01 9.92571592e-01
    9.77984250e-01 7.11788476e-01 9.46621895e-01 8.14938247e-01
    1.08328551e-01 5.20402491e-01 1.22021139e-02 8.31039786e-01
    5.63812494e-01 8.28501046e-01 3.17307979e-01 9.04628992e-01
    7.66282082e-01 7.23149300e-01 8.67561698e-01 7.91678667e-01
    3.22070658e-01 7.41824508e-02 3.08504760e-01 6.19263768e-01
    9.20295835e-01 7.85089433e-01 2.85479724e-01 1.66186959e-01
    5.57336628e-01 4.35711354e-01 7.98104405e-01 5.64334571e-01
    9.91752982e-01 9.55526352e-01 4.70562160e-01 1.72598958e-02
    5.78664660e-01 5.24513721e-02 5.20337164e-01 6.72486842e-01
    4.78822023e-01 4.32637542e-01 4.00751621e-01 4.06647325e-01
    3.34072292e-01 1.37369037e-02 3.24813455e-01 3.24572772e-01
    1.00230575e-02 2.12926954e-01 2.45716274e-02 3.94759834e-01
    6.54698014e-02 4.54525560e-01 5.26542068e-01 1.70667946e-01
    4.20945466e-01 6.66165173e-01 3.63353491e-02 8.62259030e-01
    7.76165843e-01 6.36413932e-01 6.68935478e-02 3.47816169e-01
    5.46249568e-01 7.31211901e-01 2.60131925e-01 4.47903156e-01
    5.32589555e-01 4.38661665e-01 3.31713438e-01 1.65755093e-01
    1.84708118e-01 2.65880287e-01 7.37588108e-01 7.11205125e-01
    4.06373054e-01 5.85036218e-01 6.28234148e-01 6.03376508e-01
    4.31212813e-01 9.90413070e-01 6.44798279e-02 1.67581439e-01
    1.22446060e-01 2.01471776e-01 1.97440296e-01 3.51422876e-01
    1.62504137e-01 6.68870449e-01 6.80905700e-01 6.94921315e-02
    9.83075857e-01 1.89670026e-01 3.06601703e-01 1.41332269e-01
    3.44994962e-01 6.78015530e-01 2.14261085e-01 8.74190807e-01
    9.40131843e-01 5.27756214e-02 8.34685564e-02 2.68056214e-01
    9.47235823e-01 5.63045323e-01 6.83880270e-01 4.53784883e-01
    6.25171185e-01 1.03474557e-02 5.78975499e-01 1.21946543e-01
    5.18041611e-01 9.10844564e-01 6.90665364e-01 8.99035931e-01
    1.54674053e-02 8.90478969e-01 4.83248740e-01 1.25854611e-02
    8.72006893e-01 6.82303488e-01 8.84160459e-01 5.46795189e-01
    2.22186416e-01 3.60241175e-01 7.78791010e-01 5.05971730e-01
    8.50320339e-01 6.93662167e-01 4.38976437e-01 6.04542077e-01
    8.88251066e-01 7.48291194e-01 9.42468405e-01 1.15277410e-01
    7.16259956e-01 7.00468659e-01 5.55415452e-01 6.37072325e-01
    4.08752710e-01 8.93149614e-01 6.01167619e-01 8.78029466e-01
    2.65980065e-02 5.33980787e-01 1.31360739e-01 8.88353825e-01
    8.51562440e-01 5.24293482e-02 3.56169224e-01 5.35466313e-01
    2.37646013e-01 6.72265947e-01 3.98322374e-01 7.95440555e-01
    2.08211303e-01 8.18795264e-01 5.13291955e-01 9.08977747e-01
    8.88564587e-02 7.33622313e-02 4.86917794e-01 2.79374301e-01
    4.19801593e-01 8.33927810e-01 8.61001968e-01 8.32078040e-01
    8.44444394e-01 6.66858554e-02 8.30607772e-01 8.89678001e-01
    7.46857405e-01 2.89580107e-01 7.08398342e-01 7.70218492e-01
    9.17930722e-01 5.42456329e-01 3.43960732e-01 8.40270400e-01
    7.72364080e-01 9.02083039e-01 1.84051603e-01 5.82928538e-01
    8.83719444e-01 6.34600163e-01 3.66366088e-01 5.41549385e-01
    9.78720903e-01 8.50831687e-01 1.40449047e-01 4.68679190e-01
    5.63674092e-01 6.61517024e-01 2.85510361e-01 3.46259892e-01
    6.51246309e-02 3.46774161e-01 5.21507263e-01 6.91655278e-01
    3.84712458e-01 5.34607053e-01 3.67505729e-01 6.52873099e-01
    8.12758803e-01 9.32568848e-01 9.04942632e-01 7.40092993e-01
    7.18973994e-01 6.92998111e-01 2.00924963e-01 3.74168843e-01
    2.02248335e-01 3.62174064e-01 7.30573773e-01 4.03224111e-01
    9.63227451e-01 3.86663437e-01 3.43142092e-01 9.91073847e-01
    3.83976400e-01 8.99978280e-02 7.08841681e-02 1.60142362e-01
    9.03303862e-01 7.62741506e-01 9.81077552e-03 3.66777122e-01
    4.53148991e-01 3.20798039e-01 9.20292258e-01 9.47534680e-01
    8.71866107e-01 2.30534464e-01 2.41283864e-01 7.53963947e-01
    4.05883521e-01 7.43417263e-01 8.40897441e-01 4.78107661e-01
    5.65904081e-01 1.59838110e-01 4.21214283e-01 1.42081112e-01
    4.53776509e-01 1.90818131e-01 7.67180800e-01 7.18791008e-01
    2.98806548e-01 4.44314241e-01 9.31284308e-01 5.16397953e-02
    6.23805404e-01 9.04662609e-01 7.69257426e-01 2.12305218e-01
    2.36949921e-02 4.76128459e-02 8.51007342e-01 8.66803765e-01
    5.51276207e-01 8.06922495e-01 6.16055548e-01 1.26881897e-01
    4.32904333e-01 9.44285810e-01 2.24961907e-01 7.41485715e-01
    5.68945050e-01 5.52389085e-01 9.75008011e-02 5.32018840e-01
    6.53329492e-02 7.23899961e-01 3.76040459e-01 2.34782070e-01
    8.62791896e-01 7.64973104e-01 4.22925651e-01 7.49364257e-01
    9.08789277e-01 9.41309690e-01 1.92430824e-01 8.05979490e-01
    2.41682410e-01 3.47883850e-01 8.38317871e-02 5.51075578e-01
    1.26155972e-01 4.56566334e-01 2.37639487e-01 4.22445893e-01
    2.06397146e-01 7.44686365e-01 1.98817581e-01 4.96784478e-01
    9.92600203e-01 7.72973478e-01 5.02408266e-01 7.82444715e-01
    6.45894766e-01 2.81667352e-01 7.59322882e-01 2.63755918e-01
    6.45793855e-01 7.02605844e-01 7.27206469e-01 8.12936783e-01
    5.38783908e-01 8.26886296e-03 2.52411723e-01 9.61883307e-01
    1.83048844e-02 7.32931137e-01 5.45355558e-01 1.30370021e-01
    9.40430582e-01 5.09266973e-01 3.96716654e-01 1.01787746e-02
    9.37545002e-01 4.63560373e-01 5.69899201e-01 6.10735536e-01
    5.22105098e-01 3.04970443e-01 3.13814253e-01 4.25537020e-01
    5.31391442e-01 2.71308422e-03 1.95655227e-01 9.37969089e-02
    3.70873511e-01 5.54627538e-01 3.45870376e-01 1.67072743e-01
    7.26206899e-01 5.64662278e-01 3.17373574e-01 9.57016349e-01
    8.42564464e-01 1.57177448e-01 2.78710335e-01 4.18665767e-01
    3.51249725e-01 1.14886373e-01 4.26400870e-01 8.85739625e-02
    4.75338310e-01 9.89498198e-02 6.14901125e-01 8.87929559e-01
    5.35867810e-01 9.53465939e-01 8.49627137e-01 3.56710374e-01
    6.46453381e-01 5.12080967e-01 7.90367246e-01 7.51601577e-01
    6.38994515e-01 5.23374498e-01 4.52871263e-01 4.83432531e-01
    1.99941903e-01 5.74324369e-01 4.03052449e-01 7.71308422e-01
    7.81152487e-01 7.97363520e-01 9.02382851e-01 9.06875312e-01
    5.75729787e-01 6.98518038e-01 5.37273645e-01 2.37435460e-01
    1.60889566e-01 7.35835910e-01 1.58544153e-01 6.34621024e-01
    7.23908186e-01 9.69064236e-02 3.99924517e-01 1.89434469e-01
    2.39189565e-02 1.88447654e-01 3.11480075e-01 1.27675891e-01
    4.53023732e-01 1.40777349e-01 4.66444671e-01 1.31698757e-01
    5.96949697e-01 8.80989432e-03 1.20586216e-01 5.74839354e-01
    1.18867874e-01 1.63088500e-01 8.70929956e-01 2.80745715e-01
    8.29260349e-02 3.23187113e-02 6.62939429e-01 6.76391840e-01
    6.14521205e-02 5.20540535e-01 5.11363089e-01 8.73441517e-01
    2.24149227e-01 2.19686627e-01 7.38682985e-01 7.21121132e-02
    6.72147810e-01 7.57303476e-01 3.98492038e-01 2.00246632e-01
    5.84992945e-01 2.43853092e-01 4.70477104e-01 6.30790055e-01
    9.19709444e-01 3.76756191e-01 5.12345970e-01 3.77177685e-01
    8.14242303e-01 7.60802627e-01 9.18619633e-01 5.35224855e-01
    5.52313447e-01 9.47619319e-01 6.62512064e-01 5.12919307e-01
    3.97400260e-01 3.11220527e-01 8.02700579e-01 5.74732065e-01
    1.23005271e-01 9.90814447e-01 8.37959051e-01 4.35798079e-01
    7.89696395e-01 2.43121088e-01 6.82313800e-01 1.36254072e-01
    2.60754347e-01 5.17439961e-01 9.63182807e-01 9.80067432e-01
    3.87344301e-01 3.55988652e-01 6.80428505e-01 3.22934151e-01
    8.97647083e-01 2.16223389e-01 9.48511243e-01 4.32073027e-01
    9.40996766e-01 3.15546811e-01 4.83356863e-01 4.58390713e-01
    8.22585762e-01 7.65752316e-01 3.25663209e-01 4.58642125e-01
    6.73738480e-01 2.39741117e-01 3.34226698e-01 6.95173383e-01
    8.36622655e-01 3.57904583e-01 6.75224066e-01 6.93832338e-01
    6.05987906e-01 4.73421544e-01 9.68111336e-01 4.48989868e-02
    9.75597024e-01 6.31199956e-01 9.50629830e-01 1.60977870e-01
    3.75321269e-01 9.97872353e-01 7.21478581e-01 5.15628934e-01
    8.81174326e-01 4.07981664e-01 4.74742919e-01 2.93989658e-01
    8.08956027e-02 8.98132384e-01 2.24746943e-01 1.66332722e-01
    4.69961882e-01 6.21683240e-01 6.43667042e-01 6.73509359e-01
    2.04385221e-01 8.31819475e-02 4.74819779e-01 8.42338443e-01
    7.95155942e-01 8.06921244e-01 3.19067061e-01 7.51229167e-01
    6.64284647e-01 8.43225956e-01 7.93892741e-01 4.07918096e-01
    1.07428521e-01 4.42132920e-01 3.61405969e-01 8.06663334e-02
    8.22214246e-01 7.45937347e-01 4.96729583e-01 9.65505958e-01
    3.70218754e-01 3.36918652e-01 1.96814060e-01 7.76925206e-01
    3.60597372e-01 9.11156654e-01 4.84119982e-01 6.11122251e-02
    7.30165184e-01 5.40313005e-01 1.39891058e-01 3.13085914e-02
    4.63965952e-01 3.05115402e-01 7.64488459e-01 6.17348254e-02
    8.43574286e-01 9.97025609e-01 7.55960882e-01 2.26632863e-01
    9.77718711e-01 9.88962650e-02 6.29005909e-01 2.12576330e-01
    6.62633896e-01 5.36617935e-01 9.37011719e-01 3.16643238e-01
    2.90637106e-01 9.83903646e-01 1.74174458e-01 4.32330012e-01
    9.50232387e-01 2.74665713e-01 7.87287474e-01 2.20337808e-01
    2.49227583e-01 9.55484629e-01 3.10589850e-01 1.91471845e-01
    9.92866457e-01 9.23302412e-01 9.91834760e-01 9.27456677e-01
    3.43775928e-01 9.68656182e-01 1.52372628e-01 9.27700043e-01
    2.30938107e-01 4.08700764e-01 9.54516411e-01 3.09597790e-01
    1.75275117e-01 3.84859890e-01 2.91705728e-02 8.10973346e-02
    9.02603030e-01 4.44424689e-01 1.15483314e-01 3.12108815e-01
    4.31378514e-01 8.98357749e-01 4.84444708e-01 1.22355521e-01
    8.81320596e-01 6.55882895e-01 3.10819745e-01 3.38592082e-01
    1.35167032e-01 1.11407787e-01 2.28624016e-01 5.54958284e-02
    3.45354915e-01 6.70525193e-01 7.16543734e-01 5.72006285e-01
    7.22562313e-01 9.96924162e-01 3.66375059e-01 9.88865197e-02
    2.48599917e-01 4.94848460e-01 2.83144563e-01 9.79783416e-01
    9.19182897e-01 4.94708955e-01 1.09833539e-01 1.39743090e-01
    2.07081854e-01 8.30589890e-01 9.56312060e-01 5.80061257e-01
    3.54101926e-01 9.67063189e-01 6.71392441e-01 5.45052171e-01
    8.78541350e-01 8.85484695e-01 8.33850026e-01 1.00592792e-01
    9.78129745e-01 5.54707229e-01 7.70597339e-01 7.92328000e-01
    5.12741566e-01 8.63783598e-01 1.90529823e-02 5.39044142e-01
    7.70240009e-01 5.03159106e-01 5.29113412e-01 4.54795361e-02
    8.28051567e-03 2.94028819e-02 8.79412174e-01 8.03157985e-01
    3.04789662e-01 9.34272230e-01 4.67747092e-01 1.94813222e-01
    9.03272152e-01 1.66711420e-01 6.48817658e-01 6.78467751e-03
    1.44198507e-01 8.49583864e-01 4.45347428e-01 5.68993747e-01
    8.88247609e-01 8.33249092e-01 4.71447587e-01 7.38014996e-01
    7.42507458e-01 2.36910671e-01 2.62085974e-01 9.91532564e-01
    9.05480742e-01 6.30483270e-01 8.88496280e-01 9.35752928e-01
    1.58145905e-01 2.99400687e-02 5.02595484e-01 4.25049841e-01
    2.17424989e-01 5.38118482e-01 7.15374470e-01 8.77499163e-01
    1.05114043e-01 2.72187322e-01 4.00518894e-01 7.81629205e-01
    4.46539938e-01 1.84908837e-01 3.46550107e-01 1.32190764e-01
    4.27395254e-01 4.44095135e-01 3.13697457e-01 5.31934857e-01
    5.22719920e-01 7.26688325e-01 5.71920991e-01 3.22183907e-01
    4.92212117e-01 4.20114160e-01 9.94234681e-01 7.37325788e-01
    2.24189997e-01 9.33346629e-01 7.52020776e-01 5.46096742e-01
    2.33760029e-01 7.08069265e-01 2.61104524e-01 5.99701226e-01
    9.58956361e-01 4.66944754e-01 4.19612050e-01 4.20713961e-01
    3.92246574e-01 4.24472928e-01 5.12335300e-01 9.81697142e-01
    3.59478712e-01 5.44915080e-01 9.97141838e-01 4.47443902e-01
    5.12249887e-01 8.81224573e-01 2.91112304e-01 7.73960233e-01
    2.54821122e-01 3.99675786e-01 9.06682134e-01 2.99726307e-01
    9.04608727e-01 6.52389228e-01 6.12263560e-01 7.77047038e-01
    5.34905970e-01 9.13495064e-01 5.35761654e-01 1.45226479e-01
    7.11205781e-01 1.00026876e-01 7.93487132e-01 7.97551870e-03
    7.89761841e-01 6.38609290e-01 5.91642976e-01 7.03403831e-01
    4.91522521e-01 8.81203473e-01 6.77416742e-01 6.58802986e-01
    4.66754526e-01 1.41564429e-01 1.63903445e-01 3.02121818e-01
    9.61385071e-02 3.04104507e-01 3.31737339e-01 2.05068618e-01
    8.48196030e-01 9.39234793e-01 2.39716560e-01 1.53142214e-01
    9.60375845e-01 6.52658284e-01 5.36855876e-01 5.77007055e-01
    2.36240923e-01 5.56619942e-01 8.48624468e-01 5.22885859e-01
    7.59689808e-01 3.63504171e-01 7.89269447e-01 2.19257265e-01
    8.45344961e-01 5.99761486e-01 8.83740187e-01 1.14936858e-01
    8.15586329e-01 8.09447348e-01 8.42687368e-01 3.62202227e-01
    4.97714669e-01 5.16401410e-01 4.39512134e-01 2.06909567e-01
    8.66835415e-02 3.44518155e-01 6.05088472e-02 2.39796728e-01
    2.71143913e-01 4.17502075e-01 1.57081783e-02 8.67386103e-01
    2.67086446e-01 7.19037056e-01 4.15020585e-01 1.57415241e-01
    9.28391933e-01 6.17307663e-01 5.01168191e-01 7.87548423e-01
    3.52387428e-02 4.82565612e-01 3.82727116e-01 6.17104530e-01
    4.54580188e-02 1.93406790e-01 9.17476892e-01 5.68821430e-01
    7.97342420e-01 8.88902843e-01 6.13350034e-01 1.12134039e-01
    4.24392641e-01 8.67562056e-01 7.78290749e-01 4.28828537e-01
    1.94964498e-01 6.20714843e-01 3.31139505e-01 3.29448283e-02
    5.10322750e-02 1.29900843e-01 3.78687829e-01 6.71953022e-01
    4.29327399e-01 9.37754393e-01 1.90786839e-01 6.67854309e-01
    6.02105618e-01 7.65335202e-01 7.33028829e-01 3.06282818e-01
    6.77504063e-01 6.03644729e-01 8.24473143e-01 6.50972009e-01
    1.66701645e-01 1.61004722e-01 7.03215003e-02 6.57757282e-01
    5.06027639e-02 4.95073915e-01 7.88834393e-02 4.41340327e-01
    2.61597455e-01 3.06664884e-01 3.99800539e-01 6.49059892e-01
    7.69271553e-01 4.63787436e-01 4.74139929e-01 2.39817917e-01
    8.74873996e-02 1.24765188e-01 1.23530447e-01 3.82191837e-01
    7.73674488e-01 7.50229478e-01 8.17719579e-01 8.45850468e-01
    4.23985779e-01 6.41670227e-02 4.90272641e-01 8.05490792e-01
    9.34198141e-01 5.12087703e-01 8.94674182e-01 8.52352977e-01
    9.53711867e-01 4.43511397e-01 7.52757847e-01 8.94876719e-01
    8.46843123e-02 7.25413382e-01 9.06539083e-01 8.45534205e-01
    7.45776594e-01 6.68184042e-01 8.56004000e-01 2.52793550e-01
    3.42117548e-02 7.89667487e-01 4.66466367e-01 6.75831199e-01
    2.03448504e-01 9.72722352e-01 2.30738789e-01 1.28909916e-01
    2.71135986e-01 3.78512710e-01 5.58167994e-01 7.18864322e-01
    8.95833075e-01 5.25247455e-02 2.32904851e-02 3.70821953e-01
    6.99633360e-01 9.94066000e-02 1.99513435e-02 6.68246210e-01
    4.38428193e-01 5.93941689e-01 7.37933040e-01 9.17935491e-01
    2.30700970e-01 6.07037604e-01 4.41956758e-01 1.84573531e-02
    7.52331138e-01 6.67430043e-01 1.77684695e-01 2.87751287e-01
    5.95131874e-01 1.89738989e-01 7.43798018e-01 4.49614286e-01
    3.64773035e-01 3.22074652e-01 9.48912978e-01 3.94194275e-01
    6.82561398e-01 1.11001700e-01 9.83968377e-03 2.18862236e-01
    4.82617199e-01 5.28441787e-01 2.28119612e-01 6.80919111e-01
    7.80504107e-01 2.92504549e-01 7.47229159e-01 5.68422794e-01
    9.20110404e-01 7.53483176e-02 1.06217265e-02 4.89567280e-01
    6.56962991e-01 8.43758523e-01 4.29779887e-02 6.64327443e-02
    6.60156667e-01 2.94564128e-01 1.90830261e-01 6.35003388e-01
    3.21435601e-01 9.06655967e-01 6.14120185e-01 7.15476274e-03
    4.60171729e-01 8.60430241e-01 5.95554531e-01 9.97083247e-01
    9.52793241e-01 7.41053939e-01 6.53975725e-01 3.20443034e-01
    7.63632059e-02 5.22007465e-01 3.31644863e-01 3.17833424e-01
    7.92057574e-01 9.65173602e-01 5.23448229e-01 7.55023599e-01
    3.87944251e-01 6.18194044e-01 7.76759982e-01 7.72311926e-01
    7.00290143e-01 2.95572579e-02 1.80438846e-01 3.57522458e-01
    1.27997994e-01 8.88019681e-01 8.99999380e-01 8.54908407e-01
    1.17825866e-02 2.98348844e-01 9.17659640e-01 6.47718549e-01
    7.78952718e-01 6.27865016e-01 1.38108134e-02 5.50354600e-01
    6.15388453e-02 2.49359012e-02 3.18565965e-03 2.65137762e-01
    2.34008372e-01 4.16824251e-01 7.61780083e-01 4.89597827e-01
    4.06570137e-02 2.00933307e-01 8.29568982e-01 6.13341928e-02
    2.65842557e-01 1.86834604e-01 5.25369048e-01 9.84115899e-01
    2.42210269e-01 7.34165251e-01 9.01941657e-02 2.32303441e-02
    2.40161240e-01 7.34374404e-01 3.56656909e-01 3.42187822e-01
    5.31251252e-01 5.28063834e-01 3.93887252e-01 7.25877881e-02
    7.66807795e-02 5.81483305e-01 3.73862863e-01 2.19979018e-01
    8.73417854e-01 9.79535222e-01 4.96120453e-01 6.39660716e-01
    2.98755825e-01 6.26139045e-01 7.70945907e-01 2.20167935e-01
    9.83186483e-01 6.18722856e-01 1.04568630e-01 4.94369179e-01
    4.84384924e-01 3.52537036e-01 1.57979339e-01 3.20328057e-01
    9.95689988e-01 1.64083183e-01 7.51539111e-01 8.45167279e-01
    9.43651199e-02 5.39322317e-01 5.63723385e-01 8.29767227e-01
    1.00672871e-01 6.62393212e-01 8.76469851e-01 8.58745098e-01
    8.61720920e-01 4.32288110e-01 5.19716144e-01 6.41694069e-01
    2.37916052e-01 9.43920135e-01 1.03616118e-02 1.18210346e-01
    3.74835700e-01 8.72158110e-01 3.27846318e-01 3.43319833e-01
    5.91535747e-01 1.92376763e-01 2.20868409e-01 9.12306845e-01
    7.70655990e-01 9.61410642e-01 1.31265670e-01 9.48291898e-01
    9.23821568e-01 6.16812468e-01 6.02309108e-02 5.89445114e-01
    6.85140729e-01 9.74613130e-01 7.07105398e-01 8.96377802e-01
    9.65476632e-01 3.03086936e-02 6.89907432e-01 4.44524586e-01
    4.40242290e-01 2.37479299e-01 3.02716017e-01 3.58361542e-01
    3.29442531e-01 7.08054900e-02 8.26325834e-01 6.82362020e-01
    4.09895182e-01 4.49011385e-01 6.68830752e-01 1.76296026e-01
    7.41357505e-01 9.22802925e-01 8.76887858e-01 9.90859151e-01
    7.82869220e-01 1.34824812e-01 2.80375600e-01 3.81550133e-01
    6.97232425e-01 3.03885102e-01 4.49797362e-01 2.76474416e-01
    3.59897733e-01 1.59231424e-01 6.71501458e-02 7.49579072e-03
    8.74124527e-01 7.11305439e-02 4.56216753e-01 3.44547331e-01
    2.88371742e-01 4.44434732e-01 3.32137823e-01 4.54494417e-01
    6.24187231e-01 2.42754847e-01 1.44052714e-01 3.14194083e-01
    5.88384569e-01 9.04577434e-01 4.22887921e-01 7.29509592e-01
    5.11721790e-01 3.16186190e-01 1.24217927e-01 6.26528203e-01
    8.20841312e-01 6.10035479e-01 1.61931366e-01 8.30938697e-01
    1.34378433e-01 1.35864615e-01 8.47612500e-01 6.37735724e-02
    3.09275150e-01 8.44127774e-01 8.64185929e-01 3.15206796e-01
    5.81613481e-01 7.68755913e-01 8.21395278e-01 8.05479228e-01
    1.29081637e-01 8.45936298e-01 9.41956043e-01 3.36756229e-01
    6.33360565e-01 3.67873609e-01 8.77642334e-01 2.13772923e-01
    6.67624176e-01 5.87999344e-01 4.60265189e-01 9.71100092e-01
    8.29713643e-02 9.75729048e-01 6.62884533e-01 3.06800365e-01
    6.84536338e-01 8.03806186e-01 3.36633265e-01 7.19296277e-01
    7.66694069e-01 7.78978944e-01 2.06233770e-01 5.24338067e-01
    4.51705158e-01 8.88570487e-01 1.19416535e-01 3.44260633e-02
    6.81723058e-01 4.97767985e-01 3.39171231e-01 8.36329103e-01
    8.02490652e-01 8.36215615e-01 8.44210148e-01 5.02663374e-01
    8.93110335e-02 5.82381308e-01 4.38469499e-01 7.13036060e-02
    9.84388828e-01 2.19638258e-01 5.74085295e-01 1.27219081e-01
    7.61723578e-01 6.89230859e-01 4.06118989e-01 9.95477319e-01
    3.97077054e-01 3.24268758e-01 3.82280141e-01 7.34525681e-01
    8.26363444e-01 4.99090552e-02 2.73572505e-01 5.02031267e-01
    1.98091716e-01 5.33187747e-01 2.76311994e-01 8.39696825e-01
    2.12814987e-01 4.01604176e-03 8.63061547e-01 4.66471195e-01
    4.66029346e-02 4.39204901e-01 8.34933341e-01 2.77756989e-01
    4.56105918e-01 6.22485578e-02 6.82684362e-01 4.16456670e-01
    5.51488996e-01 8.05134892e-01 1.82249844e-01 7.91811585e-01
    3.32729638e-01 8.66716683e-01 5.71050823e-01 2.16157585e-01
    6.09701097e-01 7.24346280e-01 4.87389058e-01 2.34580576e-01
    6.39352500e-01 4.99494970e-01 5.26840210e-01 6.94305003e-02
    8.71374369e-01 5.47202528e-01 6.75237000e-01 8.47266495e-01
    9.35820103e-01 8.03564489e-01 3.59137237e-01 5.40497720e-01
    8.63623142e-01 7.34475255e-02 4.10850674e-01 6.67991042e-01
    2.79346406e-02 6.58353865e-01 5.00921011e-01 8.27192426e-01
    8.66175890e-02 5.46495080e-01 2.14703947e-01 7.24096894e-01
    5.18183589e-01 7.13748634e-01 5.43161750e-01 3.05802792e-01
    8.30750823e-01 2.48334438e-01 3.11465025e-01 2.69815385e-01
    4.67159569e-01 3.03338468e-01 6.23243868e-01 5.55204749e-01
    9.75802779e-01 2.83022404e-01 3.12905610e-01 3.36105049e-01
    3.31444889e-01 5.44698179e-01 5.08854628e-01 3.23406726e-01
    4.73566830e-01 8.69134665e-01 6.01781189e-01 3.96767676e-01
    5.35602748e-01 2.88380563e-01 5.15498340e-01 5.30744731e-01
    7.30152488e-01 9.83320832e-01 5.45296788e-01 1.41160876e-01
    5.58098674e-01 1.62066698e-01 6.95105195e-01 4.70828265e-01
    2.56994247e-01 6.85263157e-01 5.05375445e-01 5.40517867e-01
    5.74780285e-01 3.61540914e-01 9.37686324e-01 9.62498486e-01
    8.16667795e-01 5.71528316e-01 5.79594254e-01 9.05880034e-01
    8.81018639e-02 4.80999410e-01 2.72378802e-01 1.22749805e-02
    7.73458362e-01 9.10353780e-01 7.35764742e-01 6.11047804e-01
    1.26292169e-01 5.03381789e-01 7.45507956e-01 7.15256810e-01
    2.45171696e-01 8.43983889e-01 5.62149644e-01 6.43567443e-01
    5.38776457e-01 7.43997276e-01 7.15184033e-01 7.04727829e-01
    9.95550036e-01 5.83673000e-01 7.70810485e-01 7.39632428e-01
    8.00907791e-01 9.21006680e-01 6.59136057e-01 5.02551258e-01
    3.42589915e-01 6.22152925e-01 4.63045537e-02 1.70559943e-01
    9.00708020e-01 7.57596135e-01 8.39696765e-01 7.29256868e-03
    8.05816948e-01 7.52559543e-01 1.30041867e-01 8.00804615e-01
    5.94583452e-02 1.01650149e-01 9.80215192e-01 3.08338404e-02
    6.52380943e-01 5.91456711e-01 1.24725997e-02 5.93847752e-01
    2.80478805e-01 8.58167291e-01 8.18203747e-01 9.73114669e-01
    1.63388848e-02 3.45270813e-01 1.07861489e-01 7.71209598e-01
    2.70030409e-01 2.99311221e-01 5.73243737e-01 1.50834382e-01
    6.91744924e-01 3.63903791e-01 2.77406037e-01 5.23255289e-01
    3.18930745e-01 5.04420280e-01 1.33999467e-01 4.26395893e-01
    7.96154976e-01 2.97097296e-01 9.56395507e-01 6.77390635e-01
    7.06705391e-01 8.74669552e-01 5.43477476e-01 6.01397157e-01
    4.00785267e-01 1.01037502e-01 6.36003971e-01 9.89572883e-01
    2.61375904e-02 8.04937840e-01 9.40043330e-01 2.58623183e-01
    9.07442212e-01 5.27953982e-01 3.60832155e-01 7.45427847e-01
    8.56515050e-01 6.89693570e-01 1.68864071e-01 9.11714137e-01
    4.17315274e-01 1.88674301e-01 4.83392239e-01 5.00887215e-01
    2.64845431e-01 9.14790273e-01 2.77555615e-01 1.20629728e-01
    9.52468991e-01 4.33597803e-01 8.70247662e-01 1.51789129e-01
    7.20422983e-01 3.68286550e-01 9.42643404e-01 9.25604939e-01
    4.04828876e-01 8.17871988e-01 5.16344726e-01 2.80322701e-01
    4.87301648e-01 6.91320360e-01 3.00832331e-01 1.34393156e-01
    6.89389646e-01 5.97109020e-01 9.15833473e-01 7.27633238e-01
    3.86740416e-01 2.58554012e-01 9.04200435e-01 7.63379216e-01
    6.81303501e-01 3.77862096e-01 5.28737724e-01 3.63394827e-01
    6.07881665e-01 6.02397978e-01 5.43316245e-01 4.75088954e-01
    6.54262483e-01 1.97172523e-01 4.25191343e-01 4.02330071e-01
    1.10079199e-01 4.95467633e-01 6.00982249e-01 3.47425938e-01
    8.13422143e-01 5.05920708e-01 2.75714099e-02 7.80228019e-01
    9.31096375e-01 7.07869947e-01 5.21022022e-01 1.97602510e-01
    6.19662702e-02 7.70495236e-02 3.49023819e-01 1.88801229e-01
    4.20066953e-01 5.38316607e-01 8.92225325e-01 8.13769758e-01
    7.63556838e-01 9.69214439e-01 8.43540967e-01 2.24921405e-01
    4.58786309e-01 1.76531076e-02 4.61543500e-02 4.38822359e-01
    3.72714758e-01 2.30255306e-01 2.51470983e-01 2.31305569e-01
    9.36073899e-01 9.05885816e-01 4.20517415e-01 7.80094981e-01
    7.50710249e-01 8.84471536e-01 7.38310695e-01 9.93782222e-01
    4.99578714e-02 1.61819577e-01 2.58389115e-02 6.77057028e-01
    7.48021305e-01 5.80379665e-01 8.86795163e-01 6.60716653e-01
    4.86815572e-01 2.06425011e-01 2.27982074e-01 5.35001934e-01
    1.15901202e-01 7.21086621e-01 1.37612224e-02 2.64298320e-02
    6.52510405e-01 1.07952595e-01 1.39659584e-01 1.59286320e-01
    2.60480970e-01 9.28544521e-01 6.14244938e-01 9.02181149e-01
    6.24120474e-01 9.66313839e-01 5.28124154e-01 3.58378708e-01
    6.44939721e-01 2.81419486e-01 2.29650736e-03 6.54792011e-01
    9.43738222e-01 8.11765909e-01 6.73447549e-02 4.64160532e-01
    9.21688795e-01 6.80889070e-01 7.18061388e-01 9.79909182e-01
    9.11878109e-01 6.69893026e-01 6.19878292e-01 4.44006175e-01
    4.96365547e-01 3.64153862e-01 6.72316432e-01 4.86003548e-01
    6.37638450e-01 1.56648308e-01 4.81710404e-01 6.20139718e-01
    5.87343276e-01 2.98901260e-01 3.08899939e-01 9.47096050e-02
    4.47208554e-01 6.64773345e-01 6.93815827e-01 8.86143327e-01
    7.25220084e-01 3.38764578e-01 9.53708410e-01 4.19688821e-02
    6.13984406e-01 4.87933427e-01 3.82585555e-01 8.62675309e-01
    5.00135005e-01 2.52981722e-01 9.82985735e-01 1.58378482e-02
    2.90993094e-01 5.12867928e-01 6.93835080e-01 9.00945902e-01
    2.09507853e-01 1.59443736e-01 1.92364097e-01 8.52027476e-01
    9.20252681e-01 4.45320129e-01 9.32955742e-01 7.53802061e-01
    6.44758463e-01 9.94145870e-04 1.71060264e-01 3.75322580e-01
    4.22672451e-01 9.09678459e-01 3.06670964e-02 4.24562782e-01
    2.44495213e-01 1.27267033e-01 7.59437323e-01 9.82854366e-02
    6.89764202e-01 8.84108841e-02 8.99022818e-03 9.99202669e-01
    7.22046435e-01 2.61403322e-02 9.36676979e-01 7.26376235e-01
    8.84446800e-02 7.11057961e-01 3.77656996e-01 9.41911042e-01
    7.01317251e-01 7.55470097e-02 5.83285272e-01 7.52785265e-01
    5.04743218e-01 7.13025331e-01 4.50187683e-01 3.87558639e-01
    5.02158642e-01 1.44761205e-02 1.02903247e-01 9.48721170e-02
    7.05129504e-02 7.18414128e-01 1.67780817e-01 2.74755061e-02
    2.35630631e-01 9.46559548e-01 8.44933391e-01 5.60461402e-01
    4.47804689e-01 4.76256520e-01 6.20776832e-01 2.22296417e-02
    5.03587723e-01 9.06439662e-01 5.33826351e-01 7.41583228e-01
    7.67148435e-01 5.02556324e-01 4.65474188e-01 2.81958729e-01
    5.77951670e-01 8.85827363e-01 8.44956040e-01 4.99271452e-01
    8.64632130e-02 1.74572319e-01 4.15396243e-01 5.54749608e-01
    6.66380107e-01 4.22604024e-01 6.68875694e-01 8.73112142e-01
    9.01205003e-01 2.71908879e-01 5.45800328e-01 4.61644620e-01
    7.67386258e-01 7.49615252e-01 7.88871408e-01 4.43759203e-01
    7.70297170e-01 2.55595028e-01 1.79208755e-01 3.28401536e-01
    3.84827703e-01 1.07584625e-01 6.84500813e-01 3.08605075e-01
    1.13958240e-01 8.66218209e-01 3.09468627e-01 5.60639799e-01
    1.08868778e-02 3.70956987e-01 9.40151930e-01 8.27961445e-01
    8.42093527e-02 9.85080719e-01 7.37435341e-01 7.95094430e-01
    7.54246354e-01 9.18898702e-01 1.51768535e-01 8.57359290e-01
    1.57130718e-01 8.05830359e-02 8.99680614e-01 7.60768652e-01
    1.33790672e-02 6.66132927e-01 4.47233468e-01 3.85325372e-01
    8.50076973e-02 4.00056988e-01 2.39006639e-01 6.84760213e-01
    7.34256208e-02 5.74354172e-01 7.20124841e-01 9.84133601e-01
    2.96410024e-02 8.25188875e-01 6.69230759e-01 2.45621234e-01
    6.31018341e-01 6.96908176e-01 9.22615528e-02 6.19594812e-01
    7.87451982e-01 1.87458307e-01 2.40758061e-01 1.14091039e-02
    3.92443299e-01 9.44925904e-01 3.34585458e-01 4.10466582e-01
    4.44331706e-01 5.87818086e-01 1.86852008e-01 4.40404475e-01
    7.80620456e-01 2.93986738e-01 1.84301406e-01 4.02164578e-01
    7.95639694e-01 2.54809856e-03 6.85675144e-01 9.18811619e-01
    5.76012790e-01 2.81913579e-01 7.91938126e-01 3.96210730e-01
    7.66754508e-01 1.62951052e-02 9.96188521e-02 5.32832921e-01
    1.28559858e-01 5.00578940e-01 7.01549649e-01 4.87308800e-01
    5.69457173e-01 2.12303281e-01 7.22218275e-01 7.11840272e-01
    2.20699012e-02 3.43694925e-01 5.06693125e-01 4.65854317e-01
    6.28904343e-01 9.51051831e-01 7.87774920e-02 9.76994276e-01
    9.05216455e-01 7.35965252e-01 3.06909800e-01 6.92568183e-01
    5.56176662e-01 5.15214026e-01 2.32889235e-01 4.76401031e-01
    7.59557247e-01 4.92900491e-01 9.48136449e-01 2.49543816e-01
    5.72989523e-01 2.79372960e-01 9.61770058e-01 4.11313742e-01
    2.62575328e-01 4.52336192e-01 9.06712413e-01 7.41106331e-01
    8.58375847e-01 5.86178899e-02 6.82521403e-01 7.61782885e-01
    9.00157690e-01 2.19870597e-01 4.44583416e-01 7.35938072e-01
    8.60177398e-01 8.87432575e-01 6.10241294e-01 7.48205304e-01
    5.42346239e-01 4.24368739e-01 6.92326844e-01 2.37366110e-01
    3.44000340e-01 7.45476246e-01 3.21388066e-01 2.74274260e-01
    7.00095892e-01 5.42786896e-01 2.28065908e-01 6.93603694e-01
    9.04811025e-01 1.90275401e-01 4.23554242e-01 2.24734902e-01
    7.48485088e-01 3.32037687e-01 9.25743759e-01 4.88019347e-01
    4.25098091e-01 9.73288894e-01 3.27227205e-01 3.57292861e-01
    9.80536222e-01 5.15689194e-01 6.12421691e-01 8.88913572e-02
    6.95925355e-01 5.95617235e-01 4.39115584e-01 8.76821578e-02
    1.24992192e-01 4.88622963e-01 3.27120245e-01 4.09446001e-01
    7.01931715e-01 9.70727861e-01 1.43433601e-01 1.46670669e-01
    7.05568969e-01 4.02605176e-01 9.91375804e-01 2.94257700e-01
    7.57252693e-01 2.22024798e-01 3.34205866e-01 4.78738546e-02
    2.32565105e-01 2.14964330e-01 9.59501505e-01 4.55945134e-02
    7.54122734e-01 3.80840361e-01 7.04307497e-01 8.34322810e-01
    7.42329657e-02 1.45146251e-02 9.75190878e-01 6.07867837e-01
    5.11056185e-01 5.85911632e-01 9.09541011e-01 9.99931455e-01
    5.43768585e-01 1.14365458e-01 1.25065446e-01 2.16681421e-01
    2.85752833e-01 8.10507536e-01 5.96223950e-01 1.95059210e-01
    7.13860512e-01 3.14115584e-01 7.71315753e-01 8.78442407e-01
    4.77667987e-01 4.77389842e-01 4.59148467e-01 4.07422572e-01
    3.79500628e-01 7.41305947e-01 3.60842466e-01 4.54199493e-01
    4.09130335e-01 8.42372537e-01 2.17428535e-01 4.03421700e-01
    3.97215724e-01 8.01760316e-01 5.51788509e-02 2.88671196e-01
    4.01720792e-01 1.71708703e-01 1.23226762e-01 7.30332851e-01
    7.16968775e-01 5.12328207e-01 6.47594810e-01 4.46163118e-01
    5.16644001e-01 9.02143002e-01 9.69444990e-01 8.91629338e-01
    3.15523148e-03 6.72299385e-01 5.10428250e-02 9.21161473e-02
    2.15386748e-02 9.63476837e-01 3.29493493e-01 2.68993884e-01
    8.99478793e-01 5.52390635e-01 4.00176585e-01 8.74994040e-01
    6.36300921e-01 2.45464265e-01 1.36395335e-01 6.01673722e-01
    3.17700654e-01 6.94208205e-01 8.09625387e-01 9.84569073e-01
    6.62068605e-01 9.39210057e-02 9.73976493e-01 9.97488201e-02
    4.55657929e-01 4.27871048e-02 9.72386301e-02 1.59384876e-01
    3.31996083e-01 4.95266169e-01 7.29028642e-01 5.17803729e-02
    2.52573252e-01 8.95743430e-01 7.17960477e-01 3.23488891e-01
    9.10273433e-01 5.28595030e-01 2.05424130e-02 9.45612788e-01
    6.77072644e-01 2.05608070e-01 4.66266215e-01 2.58973837e-01
    5.92553079e-01 8.95029783e-01 2.92355895e-01 8.16693604e-01
    6.81055784e-01 9.27077234e-01 2.45439023e-01 8.00593138e-01
    2.46985376e-01 2.35014468e-01 5.13469338e-01 5.20086169e-01
    9.36413705e-02 4.08906639e-01 5.02504647e-01 1.99483633e-02
    9.21819210e-01 5.54885089e-01 7.51575708e-01 4.02994305e-01
    4.04862463e-02 7.27388680e-01 9.47167873e-01 2.54281789e-01
    4.16929781e-01 4.39245135e-01 5.07758915e-01 5.89902461e-01
    4.19319957e-01 1.81426466e-01 8.21648717e-01 2.60892332e-01
    4.77088302e-01 4.92278904e-01 5.57450294e-01 9.63545918e-01
    7.64102101e-01 5.37796199e-01 4.15161818e-01 9.25228119e-01
    2.08292365e-01 8.38152647e-01 8.38005245e-01 5.17390072e-01
    6.40989721e-01 2.92450011e-01 5.68870962e-01 2.50458777e-01
    6.39279723e-01 8.27170789e-01 1.28871977e-01 6.73572302e-01
    5.99982977e-01 9.40358162e-01 4.91357535e-01 8.90514135e-01
    3.69443148e-01 7.58149683e-01 7.74422884e-02 7.67127693e-01
    8.42077494e-01 6.13835156e-01 7.44166255e-01 5.70358992e-01
    8.85818303e-02 9.34063375e-01 5.88383913e-01 2.37598240e-01
    8.78395736e-02 7.02879012e-01 2.67211258e-01 3.78089458e-01
    8.56587648e-01 1.56586856e-01 4.73874629e-01 3.08461189e-01
    1.00473732e-01 9.39632416e-01 3.81554186e-01 8.69499207e-01
    2.00310022e-01 2.78102040e-01 3.48316729e-01 8.34740043e-01
    2.16799974e-02 4.81105924e-01 7.08993495e-01 5.92355967e-01
    9.29764569e-01 1.01556689e-01 7.29657531e-01 9.05725658e-01
    9.69044685e-01 3.73827040e-01 9.35965419e-01 9.44136202e-01
    2.55942255e-01 8.60026598e-01 8.58273387e-01 8.71439517e-01
    8.83819461e-01 2.67712772e-02 6.89957738e-01 2.64932632e-01
    6.74640179e-01 2.11498618e-01 1.86119914e-01 9.59668159e-01
    5.95657647e-01 3.57723355e-01 7.48734891e-01 5.09452522e-02
    4.74181622e-01 9.49638844e-01 2.40369946e-01 7.73599505e-01
    9.27008092e-02 7.52540350e-01 2.58151233e-01 6.12118781e-01
    3.57296824e-01 6.62632942e-01 2.94656515e-01 6.77433312e-01
    1.39517576e-01 7.61739075e-01 8.67804229e-01 6.05584502e-01
    2.15107590e-01 1.38268679e-01 9.74680543e-01 3.97036314e-01
    1.85235053e-01 9.85615671e-01 1.16916627e-01 4.78724867e-01
    9.93633151e-01 6.88958824e-01 4.68420416e-01 6.64370954e-01
    5.26935041e-01 7.66307414e-02 7.61354923e-01 9.33584929e-01
    3.51658851e-01 9.02154922e-01 3.92350495e-01 8.94088745e-01
    3.37640643e-01 6.99509144e-01 8.18221807e-01 8.11279655e-01
    2.23238587e-01 3.80867422e-02 2.95326650e-01 8.36540401e-01
    3.98447692e-01 3.03255022e-01 6.08167887e-01 6.62922442e-01
    9.40177143e-02 9.85071540e-01 6.13110542e-01 7.80207038e-01
    7.39638925e-01 3.72998506e-01 7.88490534e-01 7.34071016e-01
    3.98742378e-01 5.43870330e-01 4.08378005e-01 1.13686949e-01
    2.29892969e-01 6.56948328e-01 3.45344186e-01 4.39936459e-01
    9.21815515e-01 1.24118716e-01 3.76843452e-01 5.39349794e-01
    8.04511428e-01 6.76106274e-01 8.04216385e-01 4.36016172e-01
    8.66013587e-01 6.82769835e-01 1.36932641e-01 9.67852116e-01
    3.40125561e-02 7.15397894e-01 8.77478421e-02 8.59236479e-01
    2.27754354e-01 9.19390440e-01 6.21114194e-01 8.05204272e-01
    6.96066022e-02 9.60722983e-01 2.58246124e-01 2.14418352e-01
    6.21422410e-01 9.72721159e-01 4.69972938e-01 3.65991592e-01
    7.74092674e-01 6.88700080e-01 5.27508318e-01 7.74763763e-01
    5.96685529e-01 1.60349637e-01 1.24338120e-01 1.32882953e-01
    7.37897277e-01 2.83224881e-02 9.54227090e-01 7.26443648e-01
    9.69658136e-01 5.48950315e-01 5.95130801e-01 2.92305887e-01
    4.21248466e-01 1.50186509e-01 5.64230680e-01 7.56381392e-01
    6.87591910e-01 7.97207892e-01 2.82134831e-01 1.13397896e-01
    2.87291586e-01 9.21376944e-02 6.08414471e-01 6.51200712e-01
    1.70858473e-01 4.94292438e-01 7.88223982e-01 1.85285509e-02
    8.81859481e-01 5.12421370e-01 8.45672727e-01 9.48949218e-01
    3.83854508e-01 5.45579016e-01 7.89001763e-01 7.02071965e-01
    7.09009171e-01 7.43036389e-01 9.71396089e-01 6.88892841e-01
    6.83273435e-01 7.70226479e-01 9.20550287e-01 8.15514326e-02
    4.47584152e-01 1.76302433e-01 5.68971634e-01 7.40299582e-01
    4.42579448e-01 7.24015713e-01 1.66748047e-01 2.35232800e-01
    1.96444392e-02 2.15099186e-01 6.27489448e-01 5.21455765e-01
    4.28858817e-01 9.40541744e-01 3.06762159e-01 1.77100718e-01
    2.71279603e-01 3.90800178e-01 1.96943730e-01 7.96606898e-01
    8.38738322e-01 1.21757686e-02 6.69393301e-01 9.80802536e-01
    8.48121166e-01 7.04314649e-01 4.53623086e-01 4.31793392e-01
    5.19568503e-01 4.14561510e-01 6.99226022e-01 5.88195086e-01
    1.99656367e-01 8.56766820e-01 1.98579729e-01 5.39965034e-02
    1.78693652e-01 4.19635266e-01 5.94967604e-03 7.25714564e-02
    3.10304403e-01 1.91719234e-01 4.64354336e-01 7.03881741e-01
    5.14628947e-01 4.91429418e-01 4.21494246e-04 7.92932868e-01
    7.06686854e-01 4.98379320e-01 8.93431783e-01 3.03509831e-02
    7.81628132e-01 6.91925764e-01 2.96571910e-01 6.73791289e-01
    2.81553388e-01 2.15600967e-01 7.06618130e-02 4.39533830e-01
    6.60613537e-01 1.54756010e-01 4.84297514e-01 3.96385729e-01
    9.21803236e-01 5.65798938e-01 6.04293168e-01 2.25541741e-01
    1.73465461e-01 4.64140177e-01 4.35213625e-01 6.58501089e-01
    7.52010226e-01 8.80983174e-02 5.39395928e-01 5.95381081e-01
    4.56143647e-01 1.46849453e-02 2.99350500e-01 1.65528476e-01
    1.54255897e-01 5.95199764e-01 1.12625450e-01 7.85935521e-01
    7.07668781e-01 5.66757023e-01 4.00205046e-01 1.51247382e-01
    8.59050453e-02 3.81976247e-01 8.17582965e-01 7.39243388e-01
    8.87041092e-02 2.98065543e-02 9.21263576e-01 5.10077834e-01
    8.73711705e-03 7.10681438e-01 9.96759534e-01 8.36002231e-01
    6.33760810e-01 9.53897238e-02 5.44558525e-01 3.82438868e-01
    2.28653133e-01 6.98640049e-01 5.97170472e-01 8.17214251e-02
    1.82897329e-01 2.46343821e-01 9.04032230e-01 1.87346220e-01
    9.73982513e-02 7.79342055e-01 2.08254427e-01 8.85479450e-01
    3.40069175e-01 1.40188217e-01 6.65363789e-01 8.99678230e-01
    3.95362675e-01 3.70396793e-01 1.66759610e-01 2.01566666e-01
    3.97903115e-01 4.13118273e-01 7.74437666e-01 1.74771726e-01
    3.84385645e-01 1.89990699e-02 3.26115727e-01 7.02819705e-01
    7.96216190e-01 4.32827026e-01 5.41225851e-01 3.46908689e-01
    1.59374535e-01 9.78328288e-02 8.27378333e-01 7.05083847e-01
    1.38990253e-01 7.53348172e-02 6.26208782e-01 3.42281729e-01
    7.13903427e-01 9.00754333e-03 4.13197279e-01 5.66083133e-01
    2.39329398e-01 6.26650393e-01 9.15656030e-01 6.04009449e-01
    2.39046037e-01 2.99310684e-03 4.31503385e-01 5.73269367e-01
    5.36511481e-01 8.38527739e-01 6.39168441e-01 1.19627386e-01
    5.78700900e-02 7.57836819e-01 3.37763846e-01 7.90807426e-01
    5.34907699e-01 4.38489974e-01 6.82561517e-01 1.63973421e-01
    2.72036135e-01 3.76648545e-01 8.34187388e-01 9.90040779e-01
    7.28928804e-01 3.43018532e-01 2.78138518e-01 6.24595284e-01
    4.17600185e-01 8.41438770e-03 3.87874067e-01 6.09888256e-01
    2.48657495e-01 9.93072748e-01 4.24736708e-01 8.40461731e-01
    4.79602933e-01 2.87826300e-01 1.35363579e-01 4.48039055e-01
    1.31283522e-01 5.79206884e-01 1.10591739e-01 3.40717137e-02
    9.35522437e-01 6.89109683e-01 5.28204918e-01 4.14604992e-01
    3.95321488e-01 5.32436132e-01 2.15387940e-02 9.14619803e-01
    9.20575857e-03 5.04010677e-01 1.69859529e-01 4.35768217e-01
    3.95904362e-01 7.31176496e-01 1.58788711e-01 2.79398143e-01
    6.28120303e-01 1.72200382e-01 7.16340661e-01 1.35926723e-01
    7.19153941e-01 5.97573400e-01 4.86558437e-01 8.25955927e-01
    6.30133748e-01 9.77657199e-01 5.37226021e-01 1.52939081e-01
    9.54905808e-01 6.31871104e-01 5.06238878e-01 6.85955346e-01
    6.98351800e-01 1.06864780e-01 6.93636954e-01 4.04425353e-01
    8.22782993e-01 7.38765478e-01 7.36562371e-01 6.23771131e-01
    9.26782310e-01 9.47664678e-01 5.70812225e-01 5.88220060e-01
    3.69307995e-02 3.89901310e-01 2.42328346e-02 3.33164692e-01
    8.43936622e-01 9.04399157e-01 5.99054813e-01 5.51845849e-01
    4.55704987e-01 9.94929075e-01 7.95657218e-01 3.44274968e-01
    5.80316424e-01 9.40491557e-01 8.21509063e-01 2.54882693e-01
    1.00583583e-01 4.95506406e-01 8.40501428e-01 3.89232248e-01
    9.23584223e-01 7.20702410e-01 5.56348026e-01 7.12273240e-01
    5.80153286e-01 3.56951922e-01 1.62449181e-02 9.57100987e-02
    9.11280751e-01 1.89025223e-01 7.07022369e-01 2.53815949e-01
    9.97160733e-01 1.14183187e-01 7.52802491e-01 2.89698839e-02
    6.32180989e-01 5.43168426e-01 8.67613077e-01 5.12933433e-02
    4.79327589e-01 8.64164531e-01 5.53792119e-01 8.46591473e-01
    5.40397108e-01 2.59337544e-01 5.18324137e-01 9.36548233e-01
    1.68287992e-01 6.53415620e-01 3.81877184e-01 5.13339818e-01
    4.31206286e-01 7.58072853e-01 7.01320708e-01 6.22425318e-01
    4.62339163e-01 8.45911622e-01 3.34042132e-01 7.24287987e-01
    1.18979484e-01 3.43322515e-01 4.11421984e-01 4.64888602e-01
    3.85946751e-01 7.46626139e-01 8.79851460e-01 8.37797403e-01
    8.59820366e-01 8.81418586e-03 4.77602601e-01 1.62862509e-01
    4.84469712e-01 9.75920677e-01 4.95866925e-01 5.39280415e-01
    7.06414282e-01 2.23436058e-01 2.20699281e-01 9.07756567e-01
    8.45536292e-02 5.92137456e-01 5.43862939e-01 8.01384568e-01
    4.43753302e-01 3.60388130e-01 7.65184581e-01 2.55123615e-01
    8.03336740e-01 5.60559928e-02 9.23082948e-01 4.89264727e-03
    3.20320308e-01 2.39906013e-02 3.62501830e-01 5.92332840e-01
    1.86588913e-01 8.19957614e-01 7.15455413e-03 3.34172845e-02
    9.24048722e-01 9.59160328e-01 9.64533091e-01 6.25706792e-01
    6.34600937e-01 6.38527036e-01 7.48998761e-01 7.12025166e-01
    2.69390583e-01 5.36385834e-01 9.88262355e-01 2.90047914e-01
    7.56597996e-01 1.92551255e-01 2.45806217e-01 7.62200475e-01
    8.64617467e-01 7.71245182e-01 5.51489353e-01 6.07197762e-01
    9.85254943e-02 1.02243304e-01 4.20977920e-01 9.65806961e-01
    8.22303534e-01 7.56103754e-01 8.72472882e-01 6.00219309e-01
    5.82094848e-01 7.95028210e-01 5.11153519e-01 3.51247609e-01
    6.27244413e-01 5.96047878e-01 5.33045888e-01 9.10159111e-01
    7.29289949e-01 3.78907770e-01 6.43638790e-01 7.40889013e-01
    3.81320268e-01 7.68052220e-01 2.19236732e-01 4.96580034e-01
    9.99912202e-01 2.88708091e-01 5.55036247e-01 6.98434114e-01
    5.90593457e-01 6.63966775e-01 7.58599639e-01 6.83014810e-01
    2.49644220e-02 2.95461833e-01 1.48280740e-01 6.15252614e-01
    6.08010173e-01 9.83760357e-01 5.06800413e-01 7.15578079e-01
    2.08780706e-01 5.10273874e-02 8.15775752e-01 9.74509060e-01
    3.93046647e-01 2.61466086e-01 5.32957613e-02 2.10657507e-01
    5.97627759e-01 8.24027956e-02 2.54884541e-01 3.30822945e-01
    9.83999610e-01 8.53799760e-01 3.97938281e-01 1.93763375e-01
    7.67304838e-01 5.95908821e-01 6.99643970e-01 2.08328784e-01
    4.81407106e-01 3.09761375e-01 7.52847195e-01 1.96230829e-01
    1.84635431e-01 6.42669201e-01 4.29404467e-01 1.53426975e-01
    3.79873276e-01 5.10734320e-03 7.27882147e-01 9.24555719e-01
    2.16014594e-01 9.79805529e-01 2.92904794e-01 6.40797079e-01
    9.95205402e-01 6.60455644e-01 5.72726250e-01 4.91898179e-01
    4.65811372e-01 5.16003728e-01 8.60806108e-02 6.02540553e-01
    9.71278191e-01 9.15207565e-02 8.30829859e-01 4.67222929e-03
    4.39414978e-02 3.92022401e-01 1.20328188e-01 1.56732619e-01
    6.74203575e-01 6.90908432e-02 5.51515102e-01 2.83324808e-01
    7.01303303e-01 5.57908118e-01 8.37620974e-01 5.95499277e-02
    2.18320787e-01 1.35895461e-01 9.55334604e-02 6.14719868e-01
    6.76320016e-01 4.99962449e-01 4.32453752e-02 3.98077607e-01
    8.20301890e-01 8.04485917e-01 1.53985947e-01 7.52018273e-01
    3.30363154e-01 8.33042622e-01 6.49478078e-01 5.72207928e-01
    5.82348108e-01 8.40030670e-01 1.38916969e-02 6.94133162e-01
    4.44582134e-01 2.35725373e-01 7.67714798e-01 7.52402246e-01
    1.49448216e-01 4.71533060e-01 1.10828042e-01 1.64534956e-01
    9.80043411e-01 6.79337740e-01 5.43226957e-01 4.57098335e-01
    6.34971559e-02 7.25125313e-01 9.10367608e-01 6.16436541e-01
    4.92843360e-01 9.05284524e-01 9.12219405e-01 4.11843747e-01
    9.17884350e-01 8.63101959e-01 9.23332810e-01 9.95789945e-01
    2.23282248e-01 4.05282706e-01 6.79192543e-02 1.25928491e-01
    2.14331865e-01 6.12649977e-01 9.41315770e-01 7.54851103e-03
    2.73500800e-01 8.35109353e-01 3.89391303e-01 8.64187241e-01
    1.99751228e-01 6.12999678e-01 2.30501205e-01 2.79591739e-01
    7.67177284e-01 4.39781308e-01 8.44094515e-01 3.70255709e-01
    7.01976657e-01 9.27025437e-01 5.80199778e-01 6.98410094e-01
    1.05547309e-02 3.63155603e-01 7.36535311e-01 2.37886161e-01
    2.86625743e-01 9.53122675e-02 6.56593800e-01 1.31396443e-01
    8.17018151e-02 6.63538516e-01 5.55211842e-01 7.49074161e-01
    8.22568059e-01 6.57700777e-01 4.43569720e-01 8.38018537e-01
    2.02242434e-02 2.87426531e-01 1.24519289e-01 2.76033193e-01
    5.43719888e-01 4.55581397e-01 4.87303495e-01 8.71472061e-01
    9.89608049e-01 5.23101866e-01 3.97830307e-01 8.23211908e-01
    5.81876755e-01 2.95906216e-01 1.00829750e-01 9.01535511e-01
    9.77743268e-01 6.76426530e-01 6.53842092e-01 6.36903405e-01
    6.71261191e-01 2.74639338e-01 6.19123816e-01 5.43949485e-01
    1.96547121e-01 2.00644612e-01 9.18064237e-01 1.44069433e-01
    7.24406362e-01 2.53595591e-01 8.89667869e-01 8.52879941e-01
    4.78604883e-01 7.03139424e-01 9.97973382e-02 2.89223164e-01
    9.36535358e-01 3.12705994e-01 2.55603611e-01 4.20204848e-01
    4.67468083e-01 8.99061143e-01 6.27446055e-01 1.37598306e-01
    2.29034871e-01 7.33080149e-01 1.83407277e-01 5.05863547e-01
    6.90259695e-01 6.39362037e-01 2.54005820e-01 6.46886230e-01
    6.61768317e-02 5.78481615e-01 8.88068318e-01 5.91133893e-01
    3.04042131e-01 3.28416586e-01 2.09834963e-01 1.27195835e-01
    7.51718581e-01 1.35037303e-02 6.44274831e-01 4.61352319e-01
    7.59538591e-01 7.05407977e-01 5.46339571e-01 4.76281196e-01
    1.93833172e-01 6.68227375e-01 1.48556411e-01 5.88498712e-02
    9.80203450e-02 8.94655585e-02 3.48129094e-01 3.73747051e-01
    9.54468608e-01 9.96008515e-01 5.20374835e-01 6.82136178e-01
    6.06885195e-01 4.51662660e-01 4.25609171e-01 5.70983887e-02
    5.25703073e-01 1.03428125e-01 6.17563725e-04 7.93421984e-01
    1.01425648e-02 7.21858978e-01 7.75358677e-02 9.55589712e-01
    6.99264288e-01 6.16311014e-01 5.61532378e-01 6.51054382e-01
    6.18597686e-01 3.28208596e-01 9.19291079e-01 7.20788956e-01
    5.28837681e-01 8.04327011e-01 5.93361855e-02 9.35974419e-02
    2.65269816e-01 1.63029909e-01 9.49659586e-01 4.03989971e-01
    9.23766255e-01 5.87469161e-01 2.08820701e-02 7.05055118e-01
    7.35438943e-01 7.91909337e-01 9.96534109e-01 1.10062569e-01
    1.40638083e-01 8.47796082e-01 7.50928223e-01 9.54955518e-01
    8.34756613e-01 4.77082759e-01 1.44637764e-01 9.10036862e-02
    6.62464678e-01 8.35628450e-01 3.96481991e-01 1.72794580e-01
    4.69944865e-01 2.89155543e-02 4.84933525e-01 1.00217372e-01
    4.00022268e-02 2.43513286e-01 3.76360893e-01 7.73445368e-01
    3.77715617e-01 3.99426609e-01 2.47072548e-01 1.21008992e-01
    9.47448373e-01 7.50500083e-01 2.01622397e-01 8.02654922e-02
    4.62638527e-01 7.34415710e-01 3.77957225e-01 3.60752106e-01
    6.70824051e-01 4.33418870e-01 7.70880103e-01 4.33803231e-01
    9.36208367e-02 7.52112746e-01 7.57983685e-01 3.23602557e-01
    4.03632492e-01 8.82592201e-01 2.97364712e-01 4.36039031e-01
    2.68446267e-01 5.26515305e-01 8.61355066e-02 8.07653785e-01
    2.09355921e-01 3.49212766e-01 5.00728011e-01 6.93019807e-01
    6.00684822e-01 8.69751155e-01 1.59460068e-01 7.67890334e-01
    5.72911739e-01 7.46386528e-01 3.58751237e-01 4.51535761e-01
    3.37512225e-01 6.54044330e-01 7.36066163e-01 2.88834393e-01
    7.31173337e-01 9.91795659e-01 5.57221651e-01 1.80375993e-01
    7.69770861e-01 1.66483194e-01 8.04005027e-01 8.73655081e-02
    1.07063979e-01 5.25274873e-02 7.99649954e-01 2.27469325e-01
    2.09004283e-01 7.69222736e-01 7.97020078e-01 9.77684140e-01
    9.83903766e-01 2.72388816e-01 4.03578579e-02 8.65297019e-01
    8.64735007e-01 7.87490726e-01 7.66086280e-01 9.53363657e-01
    2.11031318e-01 3.54599297e-01 4.46688503e-01 2.00069577e-01
    8.17014337e-01 2.27767885e-01 3.27704400e-01 3.54051530e-01
    6.73841715e-01 4.77983028e-01 6.00021780e-01 6.38029099e-01
    6.43531561e-01 3.53539586e-02 6.91432238e-01 4.04445022e-01
    5.89513898e-01 1.18455529e-01 8.22871447e-01 3.88410926e-01
    7.01413989e-01 4.05007660e-01 8.95886421e-01 7.20014215e-01
    6.80546165e-01 6.31171584e-01 4.39153105e-01 6.25424683e-01
    8.77047420e-01 3.92905951e-01 8.16564441e-01 6.74176812e-01
    1.09016538e-01 1.81861043e-01 1.40993327e-01 3.08572233e-01
    6.41098022e-01 7.14966357e-01 4.10170376e-01 4.00879830e-01
    9.22577143e-01 7.42911458e-01 8.29751432e-01 5.03697634e-01
    2.73065001e-01 2.55351543e-01 8.97636712e-01 2.20172912e-01
    8.09334695e-01 8.07394028e-01 1.54379159e-01 5.37910819e-01
    6.96375668e-01 5.93706667e-01 5.57217181e-01 8.93530369e-01
    8.07717919e-01 8.71489584e-01 7.31450319e-01 9.96055245e-01
    2.78328836e-01 4.04935628e-01 8.92953992e-01 8.34832549e-01
    5.92472732e-01 4.10746008e-01 8.00937176e-01 6.11430407e-01
    8.10702443e-01 4.64489907e-01 6.33697748e-01 5.28146982e-01
    1.40414566e-01 1.26937240e-01 5.39767444e-01 9.52126622e-01
    5.64163089e-01 9.65323567e-01 1.55418724e-01 5.64284623e-01
    3.90375435e-01 9.59909797e-01 3.71613175e-01 8.35024476e-01
    2.86065757e-01 4.15712595e-04 3.04229140e-01 9.81565356e-01
    9.16409612e-01 9.33239102e-01 9.02011335e-01 2.32357413e-01
    6.86354995e-01 6.53009534e-01 5.24990737e-01 8.28891397e-01
    3.87672067e-01 4.56656694e-01 1.61857128e-01 9.26157892e-01
    4.10419881e-01 2.08343565e-02 8.72017860e-01 2.21337080e-01
    5.48445404e-01 6.49397194e-01 3.56855690e-01 3.54789019e-01
    8.66786003e-01 1.02775931e-01 7.35003829e-01 8.44365478e-01
    2.96993554e-01 7.75493026e-01 4.54515457e-01 3.06587607e-01
    7.78349519e-01 4.46629852e-01 2.39578068e-01 3.96934301e-01
    6.12231493e-02 6.18822873e-01 9.66206789e-01 5.81537545e-01
    7.40670979e-01 6.46546185e-02 8.15653741e-01 4.42517996e-01
    3.18431258e-02 9.46322143e-01 1.21099651e-02 3.86885941e-01
    4.24666584e-01 8.83488059e-01 2.73309529e-01 2.73347199e-02
    1.32307827e-01 2.63253987e-01 4.14595425e-01 3.07616413e-01
    9.16829705e-01 5.78526199e-01 9.79369998e-01 3.90943795e-01
    9.74953055e-01 8.19106638e-01 1.70452654e-01 4.47028756e-01
    2.02571452e-01 2.17708945e-03 8.03942084e-01 7.59350896e-01
    8.44392180e-01 1.27164811e-01 7.90834844e-01 6.83880329e-01
    2.25777030e-01 6.55905902e-02 9.42328453e-01 2.53144473e-01
    7.09795773e-01 6.47614241e-01 5.38566589e-01 1.09861046e-01
    7.56128073e-01 1.07572496e-01 7.76741982e-01 4.39220220e-01
    6.61962748e-01 2.73576677e-01 9.44041014e-01 7.65858114e-01
    1.49697065e-04 1.02204382e-01 5.80976188e-01 5.35302579e-01
    2.54520357e-01 9.95180607e-01 5.65841794e-03 5.25988102e-01
    4.63887602e-01 5.81967413e-01 8.88395369e-01 1.14786386e-01
    6.50515079e-01 6.75285459e-01 1.25817627e-01 1.08657748e-01
    7.97669768e-01 8.96139860e-01 9.44712996e-01 1.71452612e-01
    6.94575191e-01 9.91221666e-01 2.68940091e-01 2.58714914e-01
    3.21372628e-01 4.32308316e-01 5.71089029e-01 9.94212329e-01
    8.17215562e-01 6.06728315e-01 6.42114639e-01 4.88842666e-01
    1.65373892e-01 3.87177289e-01 8.38752389e-01 1.96340978e-02
    1.45712286e-01 8.29124451e-01 8.49797666e-01 6.35278106e-01
    8.02204907e-02 6.08301759e-01 5.99682271e-01 4.07849789e-01
    7.40516782e-01 8.30710769e-01 4.93997693e-01 2.33516037e-01
    1.47184521e-01 9.31766629e-02 5.64895988e-01 1.07675880e-01
    9.71934259e-01 6.38782382e-01 5.98469555e-01 3.63270044e-01
    1.31472737e-01 9.11978483e-01 2.25529969e-02 3.45072508e-01
    4.24349040e-01 3.16471756e-02 8.97762179e-01 3.92057776e-01
    5.39114535e-01 9.44419205e-01 4.38922882e-01 5.57007968e-01
    9.51494932e-01 1.30339414e-01 3.70817482e-01 3.56870532e-01
    4.98691052e-01 3.16202343e-01 3.32990974e-01 2.10513264e-01
    3.00105751e-01 8.45462084e-01 9.17088747e-01 6.15226448e-01
    3.81743371e-01 5.42592466e-01 2.60233700e-01 7.15361178e-01
    1.77471161e-01 1.99926913e-01 9.58277285e-02 3.75743210e-01
    5.45882583e-01 8.00274611e-01 4.59190458e-01 5.51904500e-01
    3.24752837e-01 2.75122702e-01 2.37585306e-01 8.27342868e-02
    1.41125590e-01 4.05604899e-01 5.96588433e-01 5.55289388e-02
    3.80489230e-03 3.88249189e-01 5.45882881e-01 8.99680614e-01
    2.76550442e-01 2.84516513e-01 2.28719920e-01 5.30908048e-01
    9.83062685e-02 5.80796301e-01 2.86678255e-01 2.96603829e-01
    2.53570378e-02 6.51734412e-01 7.80787945e-01 4.84190613e-01
    6.19789302e-01 2.26319373e-01 6.28584623e-01 2.37296194e-01
    5.55461347e-02 7.57650733e-01 5.54400444e-01 5.86940467e-01
    4.05316114e-01 7.77853668e-01 6.84368789e-01 7.87457228e-01
    4.68141645e-01 6.80509210e-01 3.25421512e-01 7.60466099e-01
    1.88407123e-01 5.95115602e-01 3.13547254e-01 4.70269263e-01
    8.15331936e-01 6.55247092e-01 5.94420433e-01 1.07630789e-02
    4.31695700e-01 4.76223916e-01 9.51256156e-01 5.71134210e-01
    7.58050203e-01 5.66095173e-01 1.92259133e-01 5.48465312e-01
    1.90984309e-02 5.46200991e-01 3.11573297e-01 1.22438818e-01
    1.97869837e-01 3.36545706e-03 7.55838633e-01 7.30777144e-01
    5.57889044e-01 1.17137849e-01 8.05517077e-01 5.83120584e-01
    3.88026059e-01 3.79493356e-01 3.92224073e-01 7.02981949e-01
    5.56913614e-02 9.51640487e-01 9.96042609e-01 4.26896453e-01
    5.34074187e-01 7.91735411e-01 9.93826330e-01 8.75865698e-01
    7.00470269e-01 9.70227242e-01 6.00757420e-01 6.93133473e-01
    3.44407856e-02 7.61222064e-01 8.27785611e-01 8.65717113e-01
    1.41795099e-01 5.38806915e-02 6.04555905e-01 9.90119934e-01
    5.38961470e-01 4.32554901e-01 4.86559361e-01 3.80676955e-01
    6.98401093e-01 9.11913157e-01 4.11253273e-01 7.77395546e-01
    1.44114316e-01 7.03429759e-01 1.60718560e-01 1.13902092e-01
    7.80424297e-01 1.99608654e-01 2.00128615e-01 1.93529278e-01
    3.18960369e-01 2.43679643e-01 8.03848147e-01 3.14539313e-01
    2.94930190e-01 9.46205735e-01 2.14213371e-01 2.29312003e-01
    9.86099601e-01 8.93013000e-01 4.47925627e-02 7.59830773e-02
    6.36554003e-01 9.22467053e-01 7.66207337e-01 1.24024034e-01
    4.20934141e-01 1.28495693e-03 8.65894318e-01 6.17294610e-01
    6.69985235e-01 8.66294265e-01 9.69616413e-01 4.52605724e-01
    8.36036682e-01 1.65197343e-01 2.85661310e-01 3.50509554e-01
    1.66206419e-01 7.96529412e-01 2.85869330e-01 7.39993691e-01
    9.08931017e-01 8.81568134e-01 1.11732453e-01 6.27725542e-01
    8.78323197e-01 9.77079809e-01 2.91829258e-01 4.25510526e-01
    8.73623848e-01 5.34873068e-01 9.03911114e-01 6.10398889e-01
    5.23231626e-01 1.89250618e-01 7.09469616e-01 2.43911147e-02
    7.34084129e-01 2.50002295e-01 4.56290811e-01 4.41053599e-01
    3.71136546e-01 6.61596715e-01 6.04224145e-01 5.03042758e-01
    3.16443980e-01 4.62190121e-01 8.07990372e-01 7.10421562e-01
    2.18163639e-01 2.60727227e-01 5.71212471e-01 8.61310124e-01
    3.58543664e-01 8.22439075e-01 1.32746100e-01 3.69901061e-02
    6.49608076e-01 3.09882432e-01 7.70690203e-01 8.96824002e-01
    7.49326646e-01 3.44253957e-01 5.58134079e-01 4.37027276e-01
    8.73559058e-01 4.90291238e-01 8.42453837e-01 7.80364871e-01
    9.83380914e-01 7.30227351e-01 4.14755255e-01 5.62419116e-01
    1.34505033e-02 2.88239717e-01 2.54405260e-01 9.34573412e-01
    8.41998935e-01 2.49832362e-01 4.57482398e-01 7.06779361e-01
    1.49827600e-01 6.77167237e-01 7.18116999e-01 6.60626292e-01
    6.82239532e-01 1.16176575e-01 1.01636976e-01 9.20841992e-01
    7.28056252e-01 1.90468043e-01 4.20554399e-01 6.04760230e-01
    4.07391012e-01 2.03229368e-01 7.54143238e-01 8.64562988e-01
    7.57992089e-01 6.77390635e-01 9.38269258e-01 6.33424819e-02
    3.21723700e-01 2.09472567e-01 1.69577003e-02 2.88687348e-02
    5.50627530e-01 6.72909260e-01 5.57135463e-01 7.12566257e-01
    5.98957896e-01 5.48835516e-01 7.42167950e-01 6.03019893e-02
    2.21521169e-01 8.53309870e-01 1.69373810e-01 6.78894699e-01
    7.90092349e-03 1.03852361e-01 4.94399697e-01 4.07511353e-01
    9.94824469e-02 6.91528201e-01 3.84507805e-01 3.21599066e-01
    7.81599164e-01 3.38851690e-01 5.18976927e-01 9.35325742e-01
    4.23664510e-01 4.39701676e-01 4.65315282e-02 4.19770896e-01
    4.24689293e-01 3.76671731e-01 9.35820520e-01 8.67808044e-01
    7.42911100e-01 6.57075882e-01 5.08813858e-01 9.17834878e-01
    2.63316870e-01 2.55835056e-03 8.79993558e-01 7.69894958e-01
    6.33002579e-01 9.75296855e-01 2.06325918e-01 7.25971639e-01
    5.18572748e-01 4.19239074e-01 7.17973590e-01 5.16871572e-01
    5.19479573e-01 6.91181123e-02 7.37570822e-02 7.87441134e-01
    9.88390326e-01 2.96115965e-01 2.10585237e-01 6.56472743e-02
    5.82284093e-01 8.15420568e-01 9.78730321e-01 4.51976955e-01
    6.78389907e-01 2.21967906e-01 7.06143618e-01 7.87850618e-01
    6.79362476e-01 8.10755134e-01 1.37938440e-01 4.24430013e-01
    3.23263407e-01 1.18409544e-01 9.00845885e-01 7.83376575e-01
    5.96436858e-01 4.31992233e-01 7.59740829e-01 1.32345557e-02
    3.77178609e-01 7.44831085e-01 5.16331017e-01 5.94130039e-01
    4.22191769e-01 5.25593221e-01 2.73594618e-01 5.21257102e-01
    5.11493742e-01 1.10750347e-01 6.92474484e-01 3.37587535e-01
    2.82987356e-01 8.31087768e-01 6.03305101e-01 9.07661319e-01
    1.47566319e-01 9.62214470e-01 7.57233500e-01 7.49949813e-01
    7.22293556e-02 6.91091299e-01 2.00017393e-02 1.66389048e-02
    5.29306233e-01 6.29540384e-02 6.47642016e-01 5.69718778e-02
    5.30578732e-01 1.58586979e-01 7.64374793e-01 7.95535326e-01
    1.62890792e-01 2.82666653e-01 3.90874594e-01 7.99699426e-01
    2.18438417e-01 8.64757538e-01 9.35926914e-01 1.64890885e-02
    1.82875574e-01 8.38224888e-01 6.36696339e-01 7.32309163e-01
    3.87198508e-01 2.90953547e-01 6.17370486e-01 9.81134355e-01
    5.14009237e-01 1.97469801e-01 1.27437860e-01 5.02418697e-01
    3.17492783e-02 9.08127308e-01 6.21858239e-03 4.33043003e-01
    3.97041261e-01 2.72445440e-01 3.61538649e-01 8.42509806e-01
    5.52254319e-01 2.23121315e-01 8.67064714e-01 5.30983627e-01
    1.66277587e-01 6.11867785e-01 2.40967184e-01 3.57637465e-01
    3.13239694e-02 1.64191157e-01 6.87219381e-01 7.77418137e-01
    6.14727736e-01 2.34142840e-02 7.68223345e-01 2.93788612e-01
    2.23552734e-01 2.20978260e-02 7.82940149e-01 2.70604789e-01
    5.98205328e-01 3.12861323e-01 1.25495404e-01 3.23889464e-01
    4.85388368e-01 2.83046722e-01 6.46853328e-01 5.35524666e-01
    9.54404235e-01 8.58651280e-01 9.31194186e-01 2.84696758e-01
    3.14789832e-01 3.53373885e-01 4.31149721e-01 2.32161969e-01
    1.82322174e-01 9.47078705e-01 3.08692038e-01 7.45361328e-01
    5.40045023e-01 1.36014342e-01 9.54127789e-01 7.80705214e-02
    8.95878911e-01 6.89944446e-01 4.05953467e-01 9.43503082e-02
    6.14525676e-01 1.89504653e-01 3.62242103e-01 2.08538711e-01
    3.41380417e-01 1.18767321e-01 4.68715966e-01 2.22061217e-01
    9.46696997e-01 1.72220379e-01 2.77097195e-01 3.43297303e-01
    9.47646260e-01 1.92902118e-01 7.88334906e-02 3.82144570e-01
    3.17691684e-01 8.23103249e-01 8.82056236e-01 4.54260051e-01
    9.96681213e-01 1.76526189e-01 9.36725736e-02 6.36384785e-01
    1.73490018e-01 6.33525491e-01 2.69936919e-02 6.88002527e-01
    9.30032730e-01 5.62725902e-01 3.56504738e-01 9.19127524e-01
    7.59352446e-02 6.91245735e-01 9.59067702e-01 6.86781883e-01
    8.24276209e-01 1.27972275e-01 4.61896658e-02 3.43927264e-01
    1.17531866e-01 4.21614110e-01 8.84422898e-01 3.18305135e-01
    5.67631125e-01 7.86067605e-01 9.37023878e-01 2.20030278e-01
    3.90746295e-01 4.94721562e-01 7.22251773e-01 2.63499618e-01
    9.09826577e-01 8.08590531e-01 8.88569474e-01 1.35078847e-01
    3.73080641e-01 8.27176332e-01 3.23958576e-01 3.55962753e-01
    9.51700807e-02 7.29741454e-01 4.70098406e-01 9.74094629e-01
    6.12589419e-01 7.77646601e-01 7.04419911e-02 9.39242959e-01
    3.47497702e-01 1.05736852e-01 9.52912271e-01 3.09527695e-01
    9.59996521e-01 5.29492378e-01 6.08775675e-01 8.33283305e-01
    9.63631570e-01 2.16152072e-02 2.48852223e-01 9.84645188e-01
    4.32285875e-01 3.55067402e-01 3.16357374e-01 2.12897986e-01
    4.69472557e-01 3.78495574e-01 5.93017697e-01 8.21769476e-01
    7.04696298e-01 2.68630326e-01 6.91996872e-01 3.73530507e-01
    4.67203736e-01 5.75029135e-01 4.65139776e-01 2.23136306e-01
    8.11639190e-01 2.04672486e-01 9.73890185e-01 3.71659666e-01
    1.62151873e-01 3.42476547e-01 2.57903457e-01 4.38107282e-01
    1.81068003e-01 6.81699336e-01 8.51598144e-01 7.44116426e-01
    4.05486882e-01 4.40964788e-01 1.48209184e-01 9.29878712e-01
    1.06247395e-01 6.79487109e-01 1.03756547e-01 8.17169487e-01
    1.95856512e-01 6.51883721e-01 2.28850782e-01 2.91873991e-01
    6.77545428e-01 9.08036470e-01 1.33747101e-01 3.97129297e-01
    3.02407444e-01 6.60931408e-01 3.16034287e-01 8.23693693e-01
    4.89201546e-02 8.92928600e-01 7.11729467e-01 8.58360171e-01
    9.98869419e-01 4.29927260e-01 8.16703916e-01 6.53459430e-01
    3.61029625e-01 4.53594983e-01 4.74293619e-01 1.95482522e-01
    1.75604969e-01 2.15251684e-01 7.59889841e-01 8.79377604e-01
    2.70047367e-01 8.47816467e-01 1.66312039e-01 4.89018410e-01
    1.62234604e-01 8.29146445e-01 6.90968871e-01 4.73553389e-01
    1.47048116e-01 6.51029348e-01 8.59185815e-01 2.83481061e-01
    4.27182943e-01 1.38725400e-01 2.71690130e-01 7.01172948e-01
    6.11941278e-01 5.42448044e-01 2.95700848e-01 8.80454183e-01
    1.83280975e-01 1.85163170e-01 8.95534754e-01 5.45342863e-01
    3.61820221e-01 5.50073087e-01 1.08829170e-01 4.41423595e-01
    8.91278327e-01 3.46813738e-01 6.67866170e-02 6.51697040e-01
    4.80465144e-01 8.96317184e-01 5.94999313e-01 4.58654761e-02
    2.54429400e-01 4.31788653e-01 6.12197161e-01 7.65484333e-01
    3.97962034e-02 3.45564306e-01 7.94375062e-01 3.05735469e-02
    3.61642480e-01 3.60440433e-01 2.92028815e-01 6.88508093e-01
    8.55553865e-01 6.36480451e-02 9.51765716e-01 5.52231669e-01
    9.40360546e-01 3.78198057e-01 5.25804937e-01 4.79507148e-01
    7.18124032e-01 7.44899988e-01 3.23226213e-01 1.38564706e-02
    2.53455937e-01 2.14949340e-01 1.92303181e-01 9.45093036e-01
    8.18507552e-01 1.93440259e-01 6.05120778e-01 9.23318982e-01
    4.22400206e-01 2.34187633e-01 4.52571809e-01 9.63775754e-01
    6.68743610e-01 7.99478173e-01 5.34347177e-01 4.22702610e-01
    8.68811250e-01 4.45717275e-02 8.57811272e-01 1.91403627e-01
    8.96034718e-01 3.09100866e-01 3.80383909e-01 4.49045509e-01
    2.13027388e-01 7.85798430e-01 3.90595198e-02 7.25619078e-01
    6.81480527e-01 6.95708692e-01 9.59263742e-02 8.53374243e-01
    3.06192726e-01 8.50568116e-02 2.91250706e-01 7.60272980e-01
    4.03044611e-01 7.53630817e-01 7.61826754e-01 7.17169285e-01
    2.14765042e-01 1.78036392e-02 5.91442287e-01 4.20151621e-01
    1.66426539e-01 2.36916274e-01 1.29063308e-01 4.88506824e-01
    3.56648386e-01 1.51833206e-01 5.68511724e-01 1.66369647e-01
    4.06572610e-01 6.72729611e-01 8.30575705e-01 9.86005962e-01
    7.28257895e-01 6.89279616e-01 8.24348569e-01 1.15831822e-01
    8.51391554e-01 9.99911427e-01 8.66148829e-01 2.55232990e-01
    7.42884576e-01 1.97607279e-03 9.45698261e-01 6.23754859e-02
    5.83639920e-01 2.96396196e-01 2.67286599e-01 5.02351403e-01
    7.74773657e-01 6.90589845e-02 1.23156279e-01 4.42907214e-01
    6.74987316e-01 7.43577123e-01 7.84027219e-01 2.65282989e-02
    2.61157870e-01 8.77018988e-01 8.08298826e-01 6.19134307e-01
    7.29435027e-01 9.48880434e-01 2.08661854e-02 9.18720007e-01
    8.99579823e-02 9.57971513e-02 7.02666521e-01 4.38085347e-01
    7.05714345e-01 7.88999796e-02 5.08061945e-01 9.10612345e-02
    8.93777966e-01 4.20179725e-01 5.06840408e-01 3.81157696e-02
    7.90565252e-01 4.36000168e-01 3.39891791e-01 8.00990462e-01
    9.91074324e-01 6.87000573e-01 5.61532378e-01 2.65361339e-01
    5.10724247e-01 3.15444767e-01 1.34793729e-01 3.08107734e-01
    3.81359935e-01 5.85059226e-01 8.78003120e-01 2.07524538e-01
    3.88113737e-01 4.55491871e-01 2.52053618e-01 9.37676072e-01
    6.65288031e-01 8.13018680e-01 4.41026896e-01 9.71733570e-01
    3.96580845e-01 5.94888747e-01 6.79345071e-01 5.96199512e-01
    8.84946823e-01 9.35256183e-01 1.90288991e-01 4.52100039e-01
    4.01112258e-01 6.50216579e-01 5.23978710e-01 8.02028179e-01
    4.53900903e-01 1.87332541e-01 7.14427233e-01 9.32324409e-01
    7.18740284e-01 5.05528450e-01 6.89736843e-01 3.47449422e-01
    2.14919001e-01 8.27895582e-01 5.64135671e-01 6.10788107e-01
    2.07591981e-01 4.75706697e-01 8.41020584e-01 3.45737278e-01
    9.13329720e-02 8.72241139e-01 1.16725028e-01 2.89870262e-01
    3.17860126e-01 9.98606682e-02 9.63601470e-01 5.98330677e-01
    3.94620180e-01 9.35656548e-01 6.62049770e-01 8.63885999e-01
    6.08401537e-01 2.12387413e-01 2.83340126e-01 2.18901217e-01
    5.28733552e-01 3.27802837e-01 7.83087015e-02 3.53236496e-01
    4.40096587e-01 9.05954242e-02 1.60457224e-01 2.88660407e-01
    3.25922132e-01 7.73667693e-01 4.94973481e-01 8.98794651e-01
    7.99459219e-03 5.19145846e-01 2.65060782e-01 7.16577172e-02
    4.75945324e-01 6.29620016e-01 8.05591106e-01 3.93471777e-01
    1.08466178e-01 1.12593472e-02 3.35454345e-02 7.61227667e-01
    1.62349731e-01 7.35113084e-01 7.89649665e-01 9.56168771e-01
    2.67739356e-01 7.36151993e-01 1.24728382e-02 3.89466971e-01
    7.34077692e-01 6.54713690e-01 2.70818472e-01 8.96738887e-01
    8.66397500e-01 2.27676272e-01 8.05423498e-01 1.92777038e-01
    9.16601360e-01 7.43128598e-01 2.47199446e-01 2.10263729e-01
    5.59491456e-01 8.90518785e-01 8.68496656e-01 3.69335890e-01
    2.92793512e-01 3.95483077e-02 6.78507984e-02 1.83650702e-01
    7.87932277e-02 2.97047555e-01 3.93486559e-01 4.74928439e-01
    4.96148795e-01 9.18114662e-01 3.28385413e-01 5.77788174e-01
    9.30787027e-01 3.50269973e-01 3.63273323e-01 4.51168180e-01
    9.07829165e-01 4.29738760e-02 4.37496752e-01 1.80273414e-01
    1.63466960e-01 7.94044971e-01 5.58458030e-01 7.87885249e-01
    4.56535786e-01 7.09907293e-01 6.88443244e-01 7.73722768e-01
    2.43835807e-01 6.96637511e-01 8.25841665e-01 8.42687964e-01
    5.19703388e-01 2.61511326e-01 5.02630413e-01 2.92544603e-01
    1.71135455e-01 5.54795682e-01 3.10676247e-01 1.90839976e-01
    6.15892947e-01 3.37656975e-01 1.22752458e-01 3.61422300e-01
    8.56312871e-01 7.45388865e-02 6.85295165e-01 2.02131629e-01
    3.39215219e-01 7.96917975e-01 6.24703109e-01 6.57024443e-01
    8.89457345e-01 4.63092506e-01 4.61557746e-01 4.07265067e-01
    5.47632277e-02 9.63016927e-01 1.15673780e-01 9.15534854e-01
    7.55889773e-01 8.59924853e-02 2.36412168e-01 3.58694136e-01
    3.86050284e-01 4.91879225e-01 2.12630659e-01 7.37061739e-01
    9.39648509e-01 1.53029829e-01 8.40513825e-01 1.45373344e-02
    4.49435025e-01 2.89824307e-01 7.36397982e-01 4.44006801e-01
    9.95893598e-01 5.87773502e-01 3.62450242e-01 2.01005936e-01
    3.13011110e-02 2.98060715e-01 1.21771693e-02 2.37033963e-02
    2.50370145e-01 1.94581807e-01 2.47069180e-01 5.38180470e-02
    7.94784129e-02 8.48481536e-01 4.52895075e-01 5.67467928e-01
    8.23438406e-01 7.35429227e-01 6.32412434e-02 9.63003159e-01
    4.56077456e-02 3.01193893e-01 8.42794776e-02 7.51225054e-01
    7.44205058e-01 1.93242311e-01 2.69262016e-01 1.31765753e-01
    4.81666028e-02 2.07944542e-01 8.47944200e-01 1.75102949e-01
    2.74664134e-01 8.10909569e-02 3.44103098e-01 8.57903719e-01
    1.54441178e-01 7.95231342e-01 4.19367582e-01 2.16905355e-01
    2.45624006e-01 4.94042009e-01 3.64759862e-01 2.81065941e-01
    2.45444715e-01 4.87976283e-01 9.01762962e-01 2.43999571e-01
    6.91485703e-01 6.78144097e-01 5.74941218e-01 3.00953209e-01
    8.60246062e-01 1.58779740e-01 8.06233168e-01 5.64215779e-01
    6.74351990e-01 9.09751654e-01 8.73371243e-01 8.63243818e-01
    7.25077450e-01 8.87387156e-01 1.38694614e-01 7.70095289e-01
    1.42722815e-01 2.03662395e-01 1.05306745e-01 6.72037721e-01
    3.15045595e-01 8.00959468e-02 3.22201937e-01 4.61541265e-01
    8.24165344e-02 9.83216465e-01 2.77695954e-02 4.37220037e-02
    5.80185294e-01 2.47218370e-01 4.25904840e-01 7.29971230e-02
    6.85580075e-01 7.51039147e-01 4.72701877e-01 7.08105326e-01
    7.20445514e-01 5.62998772e-01 2.35225409e-01 3.39904726e-02
    2.37702250e-01 6.20900631e-01 8.55770290e-01 2.59692669e-01
    3.59366745e-01 6.89231038e-01 3.94032389e-01 5.11696160e-01
    5.92526793e-03 6.97709620e-02 1.08424336e-01 8.48392010e-01
    6.11259341e-01 5.64913750e-01 6.67558968e-01 4.44353461e-01
    2.92374194e-02 4.95983750e-01 4.43810016e-01 7.19590962e-01
    2.41557509e-01 7.47940838e-02 5.73880315e-01 6.28035665e-01
    7.07298934e-01 1.11665219e-01 6.81478381e-02 2.52830327e-01
    7.27609992e-02 9.34169054e-01 6.11718893e-02 5.64914763e-01
    3.42746317e-01 9.12866592e-01 8.98538530e-02 8.90309930e-01
    6.25586271e-01 3.01063657e-01 2.28520632e-02 2.93608010e-01
    3.49222124e-01 2.12142587e-01 9.34713125e-01 1.23819888e-01
    5.97225726e-01 4.79406804e-01 3.69048417e-01 5.65320611e-01
    4.32100087e-01 4.32982743e-02 4.74018425e-01 9.09645557e-01
    5.49256027e-01 8.98486853e-01 8.22932243e-01 8.81579518e-01
    3.49833667e-01 2.69827068e-01 7.32111752e-01 8.55901241e-02
    8.15260112e-01 4.59316224e-01 2.85459876e-01 9.75201905e-01
    8.57887983e-01 6.36972845e-01 3.61199886e-01 2.66283810e-01
    4.07003492e-01 6.15737915e-01 7.69019842e-01 8.85882974e-01
    7.79577494e-02 9.98379171e-01 5.13983786e-01 4.86871839e-01
    3.18031192e-01 3.41108501e-01 7.72219539e-01 7.04784632e-01
    4.12735283e-01 7.21586704e-01 1.06291384e-01 4.52897996e-01
    3.12839627e-01 4.92319345e-01 2.46527791e-03 4.96521533e-01
    8.26664329e-01 1.18650883e-01 8.19711447e-01 8.71621370e-02
    7.18109250e-01 2.93518901e-01 9.13230538e-01 4.28173274e-01
    8.27048302e-01 1.24900103e-01 6.26311302e-01 3.64407539e-01
    2.10051119e-01 2.53588438e-01 9.53509212e-01 3.96161079e-02
    7.20597267e-01 7.42959678e-01 3.41985494e-01 1.38920754e-01
    5.93218088e-01 9.79115069e-02 2.38721043e-01 6.89073384e-01
    9.07662749e-01 2.69447505e-01 4.00821239e-01 4.20716792e-01
    3.47908050e-01 2.10355520e-01 1.51162803e-01 8.22902858e-01
    2.40387797e-01 8.97901475e-01 5.21831691e-01 3.03317308e-01
    5.93464971e-01 9.24608707e-01 1.79539204e-01 9.70965385e-01
    6.13192379e-01 9.70408916e-01 3.66137713e-01 9.89067793e-01
    5.59960365e-01 1.62334502e-01 7.91679382e-01 7.87149072e-01
    9.04661417e-02 1.65336132e-02 1.13951355e-01 4.37524170e-01
    3.59365463e-01 4.78272766e-01 2.52760649e-02 2.76194274e-01
    9.01395380e-01 2.09550709e-01 9.14637327e-01 2.32985675e-01
    8.52625251e-01 9.80541587e-01 5.20727396e-01 6.44188821e-01
    1.41770899e-01 5.53707004e-01 2.92969257e-01 9.50471640e-01
    5.41386902e-02 2.37048268e-02 9.63038445e-01 8.05395126e-01
    4.69197810e-01 3.75696331e-01 4.68445420e-02 7.16417015e-01
    9.54734087e-01 2.55008280e-01 9.63052869e-01 5.25468886e-01
    2.03936964e-01 5.55267036e-01 2.22195774e-01 6.34776831e-01
    2.94219792e-01 2.98755378e-01 4.95355248e-01 3.78355116e-01
    4.10894632e-01 4.18910235e-01 6.36855721e-01 9.03225422e-01
    5.34975410e-01 9.76155758e-01 4.88499016e-01 5.91091752e-01
    8.32918167e-01 9.09820080e-01 7.95115530e-01 3.30638707e-01
    3.10998797e-01 5.55302620e-01 6.60319924e-01 2.29841441e-01
    9.19887066e-01 3.57844830e-02 3.78471136e-01 5.33963442e-01
    3.00405324e-01 4.09697682e-01 4.29517031e-03 1.66083038e-01
    4.02376235e-01 9.94260728e-01 3.76401484e-01 2.72521883e-01
    7.59219527e-02 9.40497696e-01 4.11741465e-01 3.88295054e-01
    9.58012164e-01 1.89926922e-01 1.27258271e-01 9.79476571e-02
    9.57948089e-01 2.20897257e-01 4.33596939e-01 4.78373915e-01
    5.23813844e-01 7.29102314e-01 5.73443651e-01 8.20015848e-01
    8.68387103e-01 1.86720788e-02 9.51426864e-01 9.32947218e-01
    5.62523663e-01 3.27864796e-01 8.91449809e-01 9.03684199e-01
    7.84698427e-02 5.23684144e-01 8.84677172e-01 1.48969114e-01
    3.82034898e-01 6.73437953e-01 8.64349008e-01 9.28648412e-01
    5.62634826e-01 5.33588469e-01 7.66534925e-01 8.23406816e-01
    7.05181956e-01 3.89417589e-01 2.63759553e-01 6.65541887e-01
    1.65974319e-01 6.53734803e-01 6.99239314e-01 7.33205080e-01
    4.98918355e-01 5.00055373e-01 5.56250930e-01 9.39842045e-01
    1.32716417e-01 8.11278343e-01 5.71435332e-01 1.89489692e-01
    4.74438071e-01 7.69083858e-01 7.08882093e-01 4.57985759e-01
    7.51907885e-01 7.29652405e-01 9.42805111e-02 3.78018677e-01
    1.74139529e-01 7.48282731e-01 3.91569257e-01 5.68949342e-01
    3.72401685e-01 5.36808312e-01 6.22954667e-01 7.07807899e-01
    1.25356913e-02 9.76225495e-01 8.04160953e-01 2.74735153e-01
    7.42031515e-01 3.27559024e-01 2.47057259e-01 5.10361135e-01
    4.01712954e-01 5.54754913e-01 4.46355164e-01 2.99329281e-01
    3.14291745e-01 7.10905492e-01 8.28149378e-01 5.28077126e-01
    9.88550305e-01 1.25800312e-01 1.79029793e-01 2.22200513e-01
    1.96790248e-01 2.20457017e-02 4.06806350e-01 8.79712343e-01
    5.63319743e-01 8.04981053e-01 6.07158065e-01 6.81695580e-01
    6.20197654e-02 9.52969015e-01 4.11021352e-01 5.98264277e-01
    9.07713771e-01 4.61678803e-01 8.76857877e-01 7.54803181e-01
    6.12109601e-02 2.69405484e-01 2.64102668e-01 7.96303511e-01</data></test_img>
<my_img type_id="opencv-matrix">
  <rows>128</rows>
  <cols>256</cols>
  <dt>f</dt>
  <data>
    1.90716922e-01 7.48969555e-01 4.27478313e-01 1.22216451e+00
    9.44123030e-01 1.34634304e+00 -5.02581418e-01 -1.31696641e-01
    6.06067002e-01 1.07705617e+00 1.06018519e+00 1.53742933e+00
    4.57704782e-01 -3.54460388e-01 -1.33969963e-01 -1.71835899e-01
    3.76298904e-01 -1.76595688e-01 -4.55859691e-01 1.21067250e+00
    5.30175865e-01 3.40917230e-01 1.21323037e+00 1.05466592e+00
    8.60338390e-01 1.85196877e-01 9.69313204e-01 4.30416763e-01
    1.58365846e-01 1.52751756e+00 4.99712110e-01 1.03765535e+00
    -4.68620211e-01 1.57349229e-01 1.02533817e+00 7.95692384e-01
    1.25639892e+00 -4.05389100e-01 1.29795408e+00 7.12665975e-01
    1.05384314e+00 7.25855529e-01 1.66168308e+00 1.39324999e+00
    3.81206393e-01 4.88871753e-01 2.45552003e-01 7.72381425e-02
    3.02605450e-01 -3.47580582e-01 -4.13722247e-01 -7.20267415e-01
    1.14532638e+00 1.16588759e+00 1.51305079e+00 -1.03667796e-01
    1.39602125e+00 1.47251534e+00 6.81408048e-02 8.91317129e-01
    1.71083534e+00 1.23745847e+00 1.33742714e+00 1.65833616e+00
    3.62106085e-01 1.64179730e+00 1.15100479e+00 -1.74637556e-01
    -6.36467636e-01 1.42229199e+00 -5.05499244e-01 -2.09243417e-01
    3.47557008e-01 1.59311032e+00 1.55400097e+00 7.35688686e-01
    4.60002184e-01 1.74403131e-01 9.53270197e-02 7.82017708e-02
    -2.59080678e-01 9.44397926e-01 -6.80896044e-01 -4.56059337e-01
    1.21522248e-01 8.99311185e-01 -6.31518841e-01 1.55418491e+00
    1.46111989e+00 3.47419739e-01 -3.54374707e-01 5.27388632e-01
    3.94770861e-01 1.59573448e+00 -3.00994515e-02 1.47981071e+00
    6.73510075e-01 1.61697745e+00 1.62419569e+00 -6.38085485e-01
    1.34470510e+00 8.74824584e-01 8.22802365e-01 -8.26953053e-02
    3.14913630e-01 -1.64177895e-01 1.63916779e+00 1.22088242e+00
    4.30862784e-01 -3.89299333e-01 -1.89906836e-01 -5.19965291e-01
    -4.77561712e-01 -3.74841958e-01 4.65269327e-01 1.42249596e+00
    1.38111115e+00 1.52903652e+00 3.90225053e-01 1.68563640e+00
    9.51805413e-01 1.28235912e+00 8.74565959e-01 -7.35573351e-01
    2.00484157e-01 7.68937409e-01 3.98056626e-01 8.02874148e-01
    1.27574086e+00 3.44626963e-01 6.29415095e-01 3.97089064e-01
    -6.83275759e-01 9.83362377e-01 1.85426474e-02 2.49260366e-01
    9.95521605e-01 4.93680656e-01 -6.41646743e-01 -5.43286562e-01
    9.79046464e-01 1.22951066e+00 -5.18866777e-01 5.98945379e-01
    1.75646520e+00 1.15706873e+00 1.46192193e-01 -7.53709674e-02
    1.31481743e+00 1.72551811e+00 1.55398107e+00 1.24042344e+00
    -2.47859657e-01 2.64576793e-01 1.15986192e+00 9.34137404e-01
    3.37109149e-01 1.01178360e+00 8.64805877e-01 -1.21804297e-01
    4.01572526e-01 1.40359449e+00 -2.40203619e-01 -1.65292621e-02
    2.98913658e-01 -1.89026356e-01 1.26075864e+00 2.84839153e-01
    6.02257729e-01 7.22274303e-01 -3.54380816e-01 5.86022317e-01
    -5.11456370e-01 -8.26026797e-02 1.03651178e+00 1.85734689e-01
    1.38239563e-01 -4.58561301e-01 1.69620132e+00 -3.88250887e-01
    1.40432894e+00 -5.32392800e-01 1.32816720e+00 -4.30338502e-01
    1.71108675e+00 -5.94674945e-01 5.00244856e-01 -5.60092926e-03
    -3.53707790e-01 1.16511583e-01 -5.72871029e-01 -1.75343573e-01
    1.61950111e-01 7.59535074e-01 4.02391434e-01 3.57886612e-01
    8.24084520e-01 4.82270479e-01 -3.41306120e-01 1.41337585e+00
    1.28714192e+00 1.58794940e-01 8.82560253e-01 7.98947215e-02
    1.32087302e+00 -1.89238012e-01 1.28608155e+00 -4.91131186e-01
    1.30530143e+00 6.02699518e-01 3.93003941e-01 1.20941663e+00
    8.81164908e-01 2.17481613e-01 1.36241746e+00 4.21072125e-01
    1.37229538e+00 -7.18442678e-01 5.52509904e-01 1.17704117e+00
    1.47044897e+00 -3.63295853e-01 1.04526854e+00 1.54555058e+00
    -5.08716285e-01 5.69103837e-01 -9.54109430e-03 -6.07115030e-02
    9.03576612e-02 -3.09718460e-01 -5.27161539e-01 1.05706644e+00
    -2.84467220e-01 1.57745767e+00 1.59348297e+00 2.35181332e-01
    1.74847293e+00 7.16351151e-01 1.56095898e+00 -1.42258584e-01
    3.01103115e-01 1.66966510e+00 9.09314334e-01 -3.08253795e-01
    3.23220611e-01 1.35304105e+00 1.18183494e+00 8.99670780e-01
    1.12971866e+00 -5.40249527e-01 8.76472235e-01 1.74031138e+00
    1.49487484e+00 -1.29826427e-01 -1.29537225e-01 6.72732234e-01
    4.67143178e-01 -4.80885804e-01 1.57104301e+00 1.22915459e+00
    1.44175065e+00 -7.21692562e-01 -5.92734694e-01 -5.91314435e-01
    -1.87453032e-01 1.16843843e+00 4.48942542e-01 1.05026221e+00
    1.65090740e-01 -6.07148528e-01 -4.02366370e-01 7.69861579e-01
    1.46712351e+00 3.02910030e-01 6.18182361e-01 1.26728415e+00
    1.22049952e+00 1.46809340e-01 1.64873219e+00 9.68538940e-01
    1.87154472e-01 6.25235081e-01 1.02041078e+00 1.60875607e+00
    9.92264688e-01 8.24902356e-01 7.76025414e-01 1.07433057e+00
    1.70709026e+00 9.50285077e-01 4.44704890e-01 1.71883810e+00
    -1.77142739e-01 4.42028761e-01 2.82615066e-01 7.13175535e-03
    -4.22878504e-01 1.08691514e+00 -3.52557361e-01 1.57669258e+00
    -5.28090596e-02 -6.11410916e-01 1.47971952e+00 -6.14513576e-01
    -3.93723369e-01 -2.11683035e-01 2.88640022e-01 1.70526385e+00
    5.91783345e-01 -4.77674007e-02 1.36938274e-01 -5.62433600e-01
    4.18982029e-01 1.04117513e+00 1.04758525e+00 1.68491912e+00
    -3.86537552e-01 2.52541423e-01 6.14332557e-02 7.82225907e-01
    8.74766707e-01 1.55173063e+00 -7.11842537e-01 1.54644728e-01
    -1.53038144e-01 1.31898904e+00 -1.23773277e-01 -2.95121163e-01
    8.50973904e-01 -5.86747110e-01 4.25156772e-01 7.63308942e-01
    -3.69512856e-01 -1.82687819e-01 7.04736710e-02 1.50833058e+00
    7.12297201e-01 1.16601658e+00 1.53046989e+00 1.61314452e+00
    1.56901979e+00 -2.76344001e-01 1.02417529e-01 6.35766983e-01
    5.34969151e-01 7.17987001e-01 7.11704731e-01 4.31838572e-01
    1.50877059e-01 6.96393251e-01 1.56425738e+00 7.34676123e-02
    1.35767937e+00 1.53990638e+00 -4.55394953e-01 1.42333710e+00
    1.60370135e+00 1.06084418e+00 -4.36484218e-01 4.22770321e-01
    1.09943748e-01 1.37675047e+00 -9.58126783e-02 3.74503076e-01
    4.16821480e-01 7.11422741e-01 1.61472559e+00 -7.25995302e-01
    -1.71292543e-01 -3.43227386e-02 9.14297938e-01 2.53200054e-01
    1.45842874e+00 -7.04166293e-01 2.97734678e-01 1.53354406e+00
    2.53164172e-02 2.36155808e-01 1.23404038e+00 -1.94772363e-01
    3.72110248e-01 5.22222519e-01 4.44984019e-01 1.60685778e+00
    1.64480507e-01 1.48268914e+00 1.17046762e+00 1.45354331e-01
    -6.73676848e-01 -5.19413233e-01 6.79816008e-01 -6.28042459e-01
    -6.06495142e-02 -1.57130837e-01 1.47890782e+00 -9.42093134e-02
    6.47726655e-02 1.18083382e+00 1.32629609e+00 2.93980241e-02
    1.58595037e+00 1.49014235e+00 4.53137577e-01 5.83676100e-01
    -1.29720092e-01 -3.62192541e-01 4.85445559e-01 -5.59062243e-01
    -6.44729495e-01 -3.77159536e-01 4.13109124e-01 -7.79776573e-02
    1.37823129e+00 -5.41974306e-01 -9.85718369e-02 -6.48404837e-01
    -3.22263300e-01 5.13902068e-01 1.34956646e+00 1.31394708e+00
    6.76960945e-02 1.63021588e+00 -7.14885175e-01 -4.64236140e-01
    -1.42897367e-01 5.10622561e-01 -3.12908798e-01 1.15960026e+00
    8.19627047e-01 1.64898205e+00 -2.43482232e-01 2.28202701e-01
    -5.73631704e-01 4.18841839e-02 1.85340881e-01 1.30663168e+00
    -5.89154363e-01 1.27723014e+00 1.41686797e+00 4.94458437e-01
    7.31812418e-01 -3.78679425e-01 -2.33428299e-01 -4.25520808e-01
    1.51840973e+00 2.65451074e-02 6.69594407e-01 -5.23781002e-01
    -1.14794970e-02 3.21803212e-01 3.83070707e-01 -1.04651630e-01
    5.56963205e-01 6.73012137e-02 -6.41458571e-01 3.16740751e-01
    -4.82554555e-01 -6.13397717e-01 6.19619012e-01 -6.65983856e-01
    1.47278547e+00 1.03563643e+00 8.05337429e-02 1.00174427e+00
    2.79991150e-01 6.04046524e-01 -3.53529602e-01 -1.77952588e-01
    6.30475879e-02 1.22924590e+00 -4.56754476e-01 1.53890538e+00
    8.63094449e-01 1.05145240e+00 -2.96057731e-01 -1.85537338e-03
    3.14289808e-01 1.65983438e+00 5.35058141e-01 1.48363256e+00
    -1.31686509e-01 -2.70787865e-01 4.32774425e-01 2.89955437e-01
    -1.27152860e-01 1.25758553e+00 3.81493807e-01 -1.28145993e-01
    -9.12135839e-03 -3.57664436e-01 -3.30479771e-01 1.14353013e+00
    4.49872136e-01 2.77038395e-01 -1.64441586e-01 -1.44650936e-01
    1.38007581e-01 1.59665537e+00 1.57057929e+00 4.28934991e-01
    1.08747423e+00 9.20410573e-01 1.43853259e+00 1.72835302e+00
    -5.27197421e-01 1.45274425e+00 6.86900675e-01 -3.23048770e-01
    1.40406668e+00 1.03319144e+00 3.77693594e-01 4.68479753e-01
    7.24244118e-01 5.85024953e-01 8.77570391e-01 -4.55916524e-02
    1.20725250e+00 -1.54907644e-01 1.10595465e-01 -2.85240203e-01
    1.48553550e+00 6.77501142e-01 -1.50813222e-01 1.72903275e+00
    1.47677493e+00 9.25775230e-01 -2.31982589e-01 7.35158801e-01
    4.38457966e-01 1.17072773e+00 1.26423728e+00 1.20236349e+00
    -4.53984708e-01 -5.86416543e-01 -2.06354678e-01 -1.18859947e-01
    1.69985676e+00 1.17869377e+00 -3.56228977e-01 -3.99184585e-01
    9.15968955e-01 5.41172862e-01 -6.78538203e-01 -3.49452287e-01
    7.91548491e-01 1.45058036e+00 1.16246819e+00 3.69009137e-01
    3.55757773e-01 1.24780416e+00 9.33867455e-01 1.32711804e+00
    2.79209614e-01 1.27095211e+00 1.63977671e+00 9.09637749e-01
    -5.17813265e-01 1.10426760e+00 -7.07462490e-01 1.35188150e+00
    -5.81019521e-02 -6.04672611e-01 1.37677836e+00 -1.38585150e-01
    1.73867798e+00 1.72304511e-02 2.80862689e-01 -2.82800466e-01
    7.32690871e-01 1.61446989e+00 1.95858002e-01 2.05907226e-02
    1.06684530e+00 7.82980323e-02 1.25702381e+00 8.95136237e-01
    1.48410738e+00 -2.64691114e-02 1.08546305e+00 1.25781560e+00
    2.01857328e-01 8.11566770e-01 1.42320824e+00 6.87301755e-02
    -1.54980898e-01 5.00821292e-01 -3.82637382e-01 1.31069517e+00
    -5.12591958e-01 1.71619868e+00 3.03042769e-01 1.16554403e+00
    1.28617108e-01 -1.76006734e-01 1.27062798e-01 1.51086533e+00
    8.83007348e-01 -2.45946646e-02 -5.67102432e-02 -2.72593290e-01
    1.36678660e+00 1.04114175e+00 8.16387296e-01 -5.62034369e-01
    6.56341493e-01 3.49378109e-01 3.73458385e-01 1.30435336e+00
    -2.93304175e-01 1.26138031e-01 -6.55180573e-01 1.12265682e+00
    1.31441045e+00 1.64774215e+00 5.78824282e-02 8.32098663e-01
    1.34280157e+00 9.77182388e-02 1.27714276e-02 -2.26645470e-01
    1.22548997e+00 1.51240277e+00 -1.08743131e-01 -4.84017879e-01
    3.21500480e-01 3.45614672e-01 4.11066175e-01 8.62923145e-01
    1.51261973e+00 1.48175550e+00 6.16288781e-01 -2.18347907e-02
    1.21267295e+00 -3.85604471e-01 4.41088676e-02 3.41727734e-02
    1.34903014e+00 1.34199929e+00 1.72412229e+00 6.83021605e-01
    1.40246177e+00 7.07114339e-02 7.17808723e-01 -5.91904819e-01
    7.50306189e-01 4.88409519e-01 -4.76155877e-02 -3.51692408e-01
    2.21057475e-01 -5.71416140e-01 -4.46678668e-01 1.44072187e+00
    -2.78146386e-01 4.13654327e-01 -2.16547132e-01 7.17620254e-01
    1.41954446e+00 5.80311179e-01 -9.56317782e-02 2.42124617e-01
    3.82833481e-02 3.03900242e-02 4.69970226e-01 6.66310370e-01
    4.25783753e-01 5.49925804e-01 6.86366439e-01 -7.46213198e-01
    -3.20915222e-01 -6.96800172e-01 1.27896261e+00 1.69863772e+00
    7.36562967e-01 -5.70889056e-01 4.19899583e-01 1.94603443e-01
    6.59321487e-01 4.57120001e-01 1.13213241e-01 1.07806325e+00
    -5.78572571e-01 -1.39437854e-01 3.08983386e-01 2.73538113e-01
    6.46386564e-01 1.06551576e+00 6.81153715e-01 -7.25452542e-01
    8.54506791e-01 1.19269431e+00 3.00902545e-01 1.45922303e+00
    2.90357292e-01 9.85650539e-01 1.07858753e+00 8.74447942e-01
    -5.66508174e-02 1.14407253e+00 1.02629471e+00 -4.28530902e-01
    -3.41526508e-01 8.39897990e-01 1.02866292e+00 7.20936418e-01
    7.66690433e-01 -5.16781092e-01 -3.49354714e-01 -4.62213695e-01
    1.07956898e+00 5.84536254e-01 -7.38613605e-01 1.33373904e+00
    6.80790007e-01 1.42212796e+00 1.34616697e+00 1.74011898e+00
    4.26267564e-01 1.29196179e+00 4.52241719e-01 -4.60925549e-01
    -1.32791221e-01 -3.31238538e-01 1.33279157e+00 1.08277822e+00
    1.35333908e+00 -4.00609016e-01 1.57885385e+00 -6.98057950e-01
    5.96940041e-01 9.41893458e-01 1.53145730e-01 1.15164447e+00
    9.50928748e-01 7.82435358e-01 9.76022601e-01 1.54777229e+00
    6.83580875e-01 1.12929797e+00 3.94471288e-01 1.44325984e+00
    -5.51457345e-01 5.37936211e-01 -7.03163803e-01 3.51401150e-01
    -5.49816489e-01 2.40743160e-01 1.01615822e+00 1.07884824e+00
    -6.80298805e-01 7.14502752e-01 -5.59851348e-01 -1.87783837e-02
    -1.29677892e-01 -6.02490783e-01 4.81329143e-01 1.61572433e+00
    -1.04112267e-01 2.78160393e-01 1.29426622e+00 1.15940762e+00
    4.82975602e-01 4.49427128e-01 1.33804488e+00 -3.10397148e-01
    -6.99374616e-01 -6.72601879e-01 -4.46601152e-01 1.58683181e+00
    4.43274975e-02 1.07428408e+00 2.30628610e-01 -5.04550219e-01
    1.78514183e-01 -2.54713386e-01 5.75987935e-01 -5.21689177e-01
    1.46087015e+00 -6.31884694e-01 3.32880735e-01 2.99862385e-01
    -3.02519053e-01 1.18457377e-01 5.96618712e-01 -1.12390220e-01
    -9.06273127e-02 1.60746646e+00 -1.73924208e-01 -4.76012349e-01
    -7.42255688e-01 -3.71144295e-01 -5.67033648e-01 -2.18468726e-01
    1.32951343e+00 9.86630917e-02 1.19434190e+00 5.06578445e-01
    8.85697901e-01 -5.00869989e-01 -4.05994028e-01 -3.00802231e-01
    -5.25914073e-01 -4.88023937e-01 9.22192156e-01 1.28487682e+00
    -4.97781128e-01 1.68434596e+00 1.44991124e+00 1.49721301e+00
    4.36489284e-01 -2.24001795e-01 7.53172934e-01 1.30352819e+00
    1.01134872e+00 1.21753645e+00 1.46962833e+00 7.53740191e-01
    1.72683239e-01 7.71430552e-01 1.30963135e+00 -4.38264519e-01
    4.16855156e-01 8.80780160e-01 8.36191177e-01 1.10512447e+00
    -6.67867720e-01 -3.32204491e-01 -5.08665621e-01 1.54976749e+00
    -6.08983517e-01 1.54721105e+00 -1.57051861e-01 5.90768456e-02
    1.62482584e+00 -1.94514036e-01 6.35894179e-01 -5.85814893e-01
    1.67181969e+00 -5.15145063e-03 -7.34750628e-02 1.73181319e+00
    3.33801985e-01 3.82175505e-01 -1.84465349e-01 8.61278296e-01
    2.68266976e-01 1.09896493e+00 4.73068714e-01 6.76464140e-01
    9.35637951e-02 1.37712932e+00 6.55868113e-01 8.63422751e-02
    -6.30654216e-01 1.58070922e-01 9.89522755e-01 1.22413301e+00
    3.84084463e-01 1.07785118e+00 1.23618770e+00 1.30577207e+00
    9.00013328e-01 8.38720202e-01 2.99497724e-01 1.19286716e+00
    1.27634335e+00 1.49606085e+00 -1.16378903e-01 -3.64469469e-01
    1.25522792e-01 -1.07002854e-01 2.30744004e-01 1.22766829e+00
    -6.59624875e-01 -2.90230513e-01 6.61473811e-01 4.96879339e-01
    -3.72088641e-01 1.60844338e+00 4.89997268e-01 1.60723495e+00
    1.54281306e+00 -3.49999130e-01 6.04994655e-01 1.05403638e+00
    -3.96399498e-02 1.62161303e+00 1.15781200e+00 -3.50787550e-01
    -2.88738430e-01 3.01218808e-01 1.23202860e-01 1.64240062e+00
    1.14480579e+00 1.38052797e+00 -3.73156607e-01 1.62890375e+00
    1.23144197e+00 1.09716177e-01 1.71668899e+00 1.59471488e+00
    2.45568156e-02 3.62875223e-01 -5.46097755e-04 9.49560046e-01
    -1.06104851e-01 1.47819734e+00 8.25028121e-01 1.03092074e-01
    -5.71088135e-01 1.71516168e+00 1.06401038e+00 6.40911639e-01
    6.57807648e-01 1.31788456e+00 1.23509741e+00 1.19152975e+00
    1.64792013e+00 -2.46401548e-01 1.52510691e+00 1.11224174e+00
    6.68587983e-01 -3.47934783e-01 1.25216293e+00 7.95680404e-01
    1.11860108e+00 1.50582623e+00 2.39604712e-01 1.96322680e-01
    4.24509585e-01 8.19421709e-01 1.54901695e+00 -1.47739589e-01
    -6.12245798e-01 1.22958004e-01 -3.98516655e-02 2.94115424e-01
    1.67686415e+00 1.52899063e+00 1.38401818e+00 1.68697071e+00
    2.09884822e-01 -4.87323344e-01 -4.69720274e-01 6.33304119e-02
    2.35500038e-01 1.24740624e+00 -3.01252723e-01 -3.55186373e-01
    -2.79033184e-02 -3.26871872e-02 1.17726040e+00 4.86406922e-01
    6.76451147e-01 1.49295020e+00 2.81920195e-01 -1.44356549e-01
    8.45857263e-02 -4.16061729e-01 -3.75270277e-01 -7.11326480e-01
    1.36139965e+00 1.32647085e+00 -3.20923328e-03 8.48874867e-01
    1.03637290e+00 9.54345226e-01 1.67726970e+00 -1.24080658e-01
    -6.04825199e-01 1.75697923e-01 7.88381100e-02 1.72438502e+00
    1.41185427e+00 -3.29143405e-02 3.15672398e-01 7.47708082e-02
    1.51735425e+00 4.10904169e-01 1.45761752e+00 1.59090352e+00
    -5.46432912e-01 9.91968095e-01 1.17934585e-01 5.93457937e-01
    4.98337507e-01 -5.04526794e-01 -3.45269442e-01 -1.81192875e-01
    4.70430076e-01 -1.36142552e-01 -7.01896131e-01 9.12636459e-01
    1.59754479e+00 1.25327539e+00 -5.66328883e-01 1.53278184e+00
    -2.96342403e-01 7.29475915e-01 -2.50810474e-01 4.72709775e-01
    1.49482536e+00 6.67276502e-01 1.74299383e+00 -6.06954932e-01
    8.93636405e-01 1.25635719e+00 1.46128786e+00 1.69303846e+00
    3.39371681e-01 -4.81113732e-01 -1.99176490e-01 1.51108694e+00
    6.31897509e-01 5.48494816e-01 3.13746750e-01 6.94717050e-01
    4.66221094e-01 2.30810702e-01 -6.04036689e-01 1.61441660e+00
    -3.59857649e-01 6.39337361e-01 5.37199974e-01 -6.09554708e-01
    1.43190432e+00 -4.58440840e-01 1.47812009e+00 1.60428762e-01
    1.09726143e+00 1.65491438e+00 2.85504282e-01 -9.64610577e-02
    -6.99115992e-02 1.48434865e+00 1.26598489e+00 7.74838090e-01
    -1.28828943e-01 3.71555209e-01 4.08450365e-02 4.06493187e-01
    1.00987053e+00 1.26423931e+00 2.41425514e-01 -9.08126235e-02
    1.64555955e+00 -1.09113634e-01 1.70889151e+00 7.01272070e-01
    -7.02319503e-01 2.50737011e-01 1.16776681e+00 1.97440982e-02
    2.01004863e-01 8.86749506e-01 -7.58786798e-02 -7.16296136e-01
    9.43628728e-01 1.24994779e+00 1.74543703e+00 -3.72439921e-01
    9.87835050e-01 1.58690941e+00 1.59726262e-01 -3.87973428e-01
    7.55533040e-01 1.53916097e+00 1.35640812e+00 -6.08920813e-01
    2.37236142e-01 1.69289184e+00 -5.22014976e-01 -1.55649900e-01
    6.03164554e-01 -8.39712620e-02 1.42332649e+00 -1.26639426e-01
    1.03466392e+00 1.26218808e+00 8.46920431e-01 5.31243086e-02
    2.39990354e-01 6.84902728e-01 1.57102871e+00 8.22361350e-01
    1.44532764e+00 -4.71704751e-01 -4.39583570e-01 5.73266923e-01
    -6.39249325e-01 1.18827796e+00 5.57623863e-01 7.85637259e-01
    1.45639873e+00 3.54075789e-01 5.04701614e-01 1.11315250e+00
    7.06683934e-01 -2.23390698e-01 2.34935522e-01 -4.22969997e-01
    1.49356222e+00 8.02657366e-01 1.08720207e+00 1.29720926e+00
    3.45612824e-01 8.02321672e-01 -4.09890115e-01 4.96694505e-01
    3.63632441e-02 3.65271032e-01 4.61585343e-01 3.24436247e-01
    -3.72320861e-01 -3.80813599e-01 1.70064044e+00 1.54445601e+00
    -1.02048337e-01 1.19358659e+00 4.07118618e-01 4.95094776e-01
    -5.44265509e-01 7.69380927e-01 1.02719653e+00 -3.62793803e-02
    1.29716611e+00 5.33734024e-01 -8.70255828e-02 -1.16298676e-01
    9.76251602e-01 1.63934588e+00 -1.08621716e-02 -6.57642007e-01
    1.04602027e+00 -8.59948397e-02 1.62040281e+00 1.16530418e+00
    5.53080976e-01 4.89192843e-01 -2.78363943e-01 1.12447667e+00
    1.16448665e+00 7.88898408e-01 6.95751607e-01 -2.99803853e-01
    -5.87905347e-01 6.21640146e-01 1.38365149e+00 4.73412275e-01
    7.40157843e-01 -6.10627651e-01 1.72508967e+00 3.77847075e-01
    1.63140082e+00 9.56698656e-02 2.30848491e-01 1.51435316e+00
    -1.03249609e-01 6.35064960e-01 -5.79591811e-01 1.71595156e+00
    1.39019370e+00 1.70279670e+00 1.19950294e-01 -6.16697669e-01
    1.48939967e-01 -2.08684504e-01 1.55923700e+00 -3.75961959e-01
    -5.98989964e-01 -1.43107176e-01 6.33564651e-01 1.98096752e-01
    -6.80914462e-01 4.14942324e-01 1.07857585e+00 -3.67846221e-01
    3.21631312e-01 1.41745710e+00 -3.72482657e-01 1.67427349e+00
    1.25854623e+00 1.41582906e+00 1.37137532e+00 3.66042733e-01
    5.81320882e-01 1.23150015e+00 -7.63236284e-01 2.49558151e-01
    1.59464586e+00 1.37592745e+00 1.04945564e+00 -5.00089288e-01
    5.89033484e-01 -4.79937345e-01 8.28320920e-01 5.55552125e-01
    1.66758966e+00 -4.07743692e-01 1.48161864e+00 7.36906648e-01
    1.70775211e+00 5.60069323e-01 1.00187612e+00 -7.33380437e-01
    1.25537634e+00 1.67303252e+00 -1.08768225e-01 -1.48513317e-02
    1.17008948e+00 4.20568824e-01 2.00228214e-01 -2.09410787e-02
    1.88818932e-01 3.37654114e-01 1.07780695e+00 4.24576283e-01
    -4.54899341e-01 -7.67158270e-02 5.67469418e-01 -4.62846309e-01
    1.68041587e+00 1.51514363e+00 4.21969712e-01 -6.18174851e-01
    1.00781012e+00 1.32882476e+00 1.23094773e+00 -1.58381999e-01
    1.22460079e+00 -3.50176752e-01 -1.60797894e-01 1.54535508e+00
    2.06884682e-01 1.02442193e+00 -1.49955094e-01 -2.32606471e-01
    1.44657516e+00 1.20840120e+00 -8.23584795e-02 -4.91052955e-01
    1.36943150e+00 3.94162953e-01 1.14198756e+00 -6.41876698e-01
    -4.79248762e-02 1.13862801e+00 8.38901579e-01 9.69430208e-02
    9.65369523e-01 1.37760735e+00 -1.87281013e-01 -5.44619083e-01
    -5.18856645e-01 8.76147330e-01 3.03360522e-01 2.28882015e-01
    1.10399115e+00 4.26132679e-02 1.51844811e+00 1.54060125e-03
    2.66745269e-01 -3.70482743e-01 -1.09906495e-01 8.79173756e-01
    1.01633883e+00 6.75199628e-01 -3.78881484e-01 -3.33337396e-01
    1.09468400e-01 5.91040254e-02 2.24974573e-01 1.60648406e+00
    2.23667145e-01 1.10106218e+00 8.21465671e-01 1.20400453e+00
    1.11460972e+00 2.93225050e-03 -5.18113911e-01 -5.08968949e-01
    1.41435075e+00 7.76769221e-01 8.13128293e-01 6.69899225e-01
    7.15318739e-01 -3.54020119e-01 1.57412124e+00 -4.63701218e-01
    1.08490682e+00 2.50694811e-01 1.56524265e+00 1.70507169e+00
    1.43789411e-01 6.16313040e-01 7.55337417e-01 1.37097716e-01
    1.67294788e+00 6.91387653e-01 -7.11621881e-01 8.19419563e-01
    7.58138299e-02 -7.35226870e-02 1.66144764e+00 1.37490129e+00
    1.43361747e-01 2.75971413e-01 4.71600294e-02 1.71354818e+00
    5.57386041e-01 1.74276686e+00 1.60144162e+00 6.67711794e-01
    1.45973563e+00 9.65588450e-01 1.32505107e+00 -5.59569001e-01
    8.47142458e-01 3.48053694e-01 -3.62684876e-01 8.42793167e-01
    1.24830520e+00 6.80249035e-01 -2.25564539e-01 7.01200604e-01
    4.85593259e-01 1.50267124e-01 1.29949105e+00 5.30529857e-01
    -3.55373025e-01 1.02834344e+00 -4.91943151e-01 1.38523936e+00
    6.94955051e-01 1.66297340e+00 1.63652980e+00 -5.49671113e-01
    1.10837030e+00 -4.07415986e-01 4.23482537e-01 5.60396314e-01
    -6.98922396e-01 1.71022797e+00 7.38516629e-01 9.05749202e-01
    1.64394784e+00 -5.40345192e-01 -5.40544808e-01 -7.06117094e-01
    3.95909190e-01 1.60118937e+00 -1.09051764e-01 1.12259150e+00
    8.40802550e-01 1.01296139e+00 1.11976790e+00 -1.41410530e-01
    -5.56824446e-01 5.56969404e-01 1.51212025e+00 9.08050001e-01
    2.79644728e-01 -3.11293632e-01 5.36064267e-01 2.66110897e-03
    8.87257874e-01 9.13690090e-01 -5.19201159e-02 6.73542380e-01
    1.11110353e+00 1.32961321e+00 -3.94084960e-01 1.44140172e+00
    1.36148918e+00 -7.27047145e-01 2.34894097e-01 4.02083516e-01
    -7.59396255e-01 1.21755481e+00 1.13074517e+00 5.93062997e-01
    1.14012575e+00 -2.40866661e-01 3.97421598e-01 5.39737880e-01
    -3.96428049e-01 4.28703368e-01 -1.76830769e-01 1.55221677e+00
    -4.29848433e-01 -2.32136250e-03 -2.69485652e-01 -3.93095851e-01
    2.73099005e-01 2.10801542e-01 1.19893503e+00 3.21093440e-01
    6.51395798e-01 3.34659815e-01 1.60441947e+00 2.22805738e-02
    -7.21570551e-01 1.55901718e+00 1.52438855e+00 -7.25666940e-01
    1.28118908e+00 4.31531131e-01 -2.24773347e-01 -5.02277553e-01
    5.15603721e-01 9.39729571e-01 7.09241748e-01 2.73365498e-01
    3.84428024e-01 8.01844299e-01 1.23490906e+00 5.11956930e-01
    1.16038990e+00 5.22648692e-02 1.51196420e-01 8.11404288e-01
    1.87559605e-01 -2.58423418e-01 9.72048402e-01 2.02562630e-01
    8.05205822e-01 4.20379579e-01 9.14264798e-01 3.88349235e-01
    1.55354452e+00 8.21131527e-01 -4.92803454e-02 1.59034324e+00
    4.76404607e-01 1.51852202e+00 5.45671821e-01 1.14160717e+00
    -1.59207582e-02 6.01678193e-01 3.16831470e-01 1.70439076e+00
    8.63404274e-01 4.48306024e-01 1.65485275e+00 -4.68773574e-01
    4.59339738e-01 1.65625107e+00 1.57733309e+00 -2.76200235e-01
    1.12539780e+00 9.27286267e-01 1.21214306e+00 1.79830253e-01
    -1.07185304e-01 1.13682580e+00 2.06859529e-01 1.12441587e+00
    2.92861462e-02 8.72615695e-01 -4.98494983e-01 -3.15723211e-01
    1.25879359e+00 1.40866280e+00 -7.12378085e-01 9.36951280e-01
    5.63930869e-02 1.00813890e+00 1.68083513e+00 2.11500943e-01
    4.67732310e-01 6.52789891e-01 -1.58599854e-01 -5.78353465e-01
    1.36020494e+00 1.35908461e+00 1.21683216e+00 -3.36505264e-01
    5.76753676e-01 1.39345264e+00 -1.89015090e-01 1.56806469e+00
    2.66317725e-02 -6.06667876e-01 8.64105344e-01 1.40740836e+00
    1.59825194e+00 7.08250403e-01 -6.03501141e-01 -5.41683435e-01
    -5.65595627e-02 -6.85729265e-01 1.60283470e+00 5.57524145e-01
    7.84358680e-01 3.95354748e-01 1.73701119e+00 7.70867229e-01
    1.46936119e-01 -6.90767586e-01 1.57676601e+00 1.16377175e-01
    8.36462915e-01 3.33875716e-01 1.37553120e+00 1.58930707e+00
    -4.09665734e-01 1.61116040e+00 -2.54098982e-01 -2.11694539e-01
    1.10530663e+00 1.43248439e+00 5.18508554e-02 1.44832194e+00
    -1.37692869e-01 3.29479456e-01 1.03426313e+00 3.26536417e-01
    -4.68894958e-01 1.21209717e+00 1.71185195e-01 -2.64824629e-02
    1.28411388e+00 9.08357859e-01 5.40381074e-01 1.52656174e+00
    7.78773069e-01 1.41416168e+00 1.54998183e-01 -4.11291599e-01
    -1.76105022e-01 3.06850076e-02 8.28216791e-01 -5.81224799e-01
    1.25862670e+00 2.79097140e-01 -1.12037659e-02 1.20201063e+00
    7.84130454e-01 1.26760924e+00 8.02655220e-02 9.04802680e-02
    -7.02895284e-01 7.73797691e-01 1.15106511e+00 1.00992513e+00
    1.59570408e+00 1.14741325e-02 4.39767420e-01 9.39484119e-01
    -5.77991962e-01 1.62631190e+00 1.49160266e+00 4.77225006e-01
    1.47084975e+00 1.62715816e+00 1.32216835e+00 7.35556841e-01
    -1.71876788e-01 1.20998418e+00 1.55572796e+00 1.03613997e+00
    5.43119669e-01 -3.86232376e-01 6.09976351e-01 2.04935133e-01
    9.40918386e-01 -5.30138135e-01 7.81670570e-01 -1.86682045e-01
    -3.87873769e-01 -2.39080369e-01 -3.97530764e-01 -5.49883187e-01
    1.10771585e+00 -3.22343230e-01 -3.55919331e-01 -6.43974543e-01
    1.41107559e+00 -2.17966795e-01 2.15804517e-01 -6.18613541e-01
    1.17165685e+00 6.08875751e-02 1.05739832e+00 4.64763224e-01
    5.53246439e-01 4.95182395e-01 -4.58320856e-01 -7.06395328e-01
    1.00113297e+00 9.59366679e-01 1.56611347e+00 3.49298120e-02
    -4.55948502e-01 1.63203084e+00 3.46720994e-01 5.11672139e-01
    4.69475627e-01 -2.40338206e-01 -6.53026938e-01 -1.33520961e-02
    2.75123417e-01 1.34837985e+00 -3.38360995e-01 -2.58373827e-01
    -2.16389060e-01 1.48401356e+00 3.70392263e-01 -1.23357117e-01
    1.48677897e+00 1.35272479e+00 6.51555479e-01 -8.48851204e-02
    1.47468174e+00 1.73829532e+00 1.77406251e-01 2.17649043e-01
    7.58236647e-01 4.46436226e-01 1.28390479e+00 2.77289152e-02
    3.92015576e-01 -3.35304260e-01 5.06272376e-01 -4.68315810e-01
    1.05458319e-01 4.61113989e-01 -1.29047692e-01 7.03039229e-01
    9.88364995e-01 8.61935675e-01 -4.37501252e-01 8.48954499e-01
    3.03625166e-01 6.76934123e-02 1.65952015e+00 8.33104014e-01
    5.94055057e-01 -6.38367176e-01 5.26953161e-01 -3.80669832e-02
    1.45681727e+00 1.06343949e+00 1.64044023e+00 -6.30870819e-01
    3.99541497e-01 1.40606809e+00 1.63104737e+00 8.62377524e-01
    9.81374681e-01 6.33263588e-02 3.95988703e-01 1.31338930e+00
    -3.10719281e-01 7.54446089e-01 1.60761297e-01 1.32486391e+00
    -1.34223580e-01 1.21895516e+00 1.48541892e+00 -2.53610373e-01
    9.24000323e-01 -4.15825814e-01 9.44805145e-03 1.58102572e+00
    1.39528620e+00 1.00512254e+00 1.39544654e+00 1.34204698e+00
    8.30666542e-01 -3.52821648e-01 1.63530624e+00 4.52472568e-01
    2.57859468e-01 9.18072462e-03 1.16128242e+00 1.69150019e+00
    1.00265360e+00 9.45405364e-02 1.39901853e+00 -2.32576102e-01
    8.41061890e-01 5.28354645e-01 2.54002035e-01 1.65393066e+00
    1.30019140e+00 1.60817373e+00 -1.48640156e-01 3.13573837e-01
    5.44124126e-01 -5.99452198e-01 1.15803826e+00 2.21295476e-01
    -4.23961937e-01 6.50987446e-01 -1.26928031e-01 1.13723016e+00
    -4.34667110e-01 -7.80684233e-01 1.17087340e+00 6.02463365e-01
    -5.59148550e-01 5.32897711e-02 1.28278995e+00 6.77211821e-01
    -4.99581099e-01 6.71234429e-01 -7.57565498e-01 1.42970538e+00
    1.33865929e+00 9.97080803e-02 6.18484497e-01 1.64106202e+00
    -5.52507460e-01 9.68432605e-01 1.16827202e+00 3.72684181e-01
    7.56062329e-01 1.59662151e+00 9.09339905e-01 1.45680094e+00
    8.97469521e-01 2.17448771e-01 1.40390849e+00 2.99297810e-01
    9.53339994e-01 6.96273148e-01 1.05404210e+00 -1.41413927e-01
    5.60107648e-01 1.46743751e+00 -6.71653628e-01 8.00037026e-01
    1.68266737e+00 1.13246632e+00 1.21510065e+00 -6.85610056e-01
    1.19731414e+00 8.87722731e-01 1.59077346e-01 2.56591797e-01
    -5.40416896e-01 -2.83998489e-01 9.18463469e-01 8.42748642e-01
    4.48993564e-01 1.32363677e+00 1.23296022e-01 1.52512312e-01
    1.40167522e+00 1.36132717e+00 -4.38901395e-01 -4.94518518e-01
    1.70852447e+00 -3.46833080e-01 1.72154450e+00 -4.22314256e-01
    -3.20755720e-01 2.33931005e-01 1.51254594e-01 -3.50865752e-01
    1.51184058e+00 1.69294286e+00 -5.50814748e-01 4.01855528e-01
    1.02699423e+00 -7.06369460e-01 7.30176806e-01 2.33058274e-01
    -3.35260212e-01 -2.27236003e-01 1.54595506e+00 5.30595779e-02
    9.52905118e-01 -5.93298852e-01 1.67347145e+00 1.32117200e+00
    -1.24896586e-01 -3.28893661e-02 1.51140177e+00 2.59241283e-01
    2.85318375e-01 7.23248720e-01 -3.03589880e-01 1.51265621e+00
    -3.62800896e-01 4.17507291e-01 -9.55483913e-02 5.47968566e-01
    1.24641263e+00 -3.81849229e-01 3.31573427e-01 3.59286964e-01
    7.24251747e-01 4.78708982e-01 -7.00086415e-01 -3.43520820e-01
    1.11316800e+00 1.71078801e+00 5.75159073e-01 1.01860201e+00
    5.52042663e-01 -8.48471522e-02 -4.23806250e-01 1.14508939e+00
    -3.61931205e-01 1.09243441e+00 1.02115798e+00 5.11213541e-02
    -5.65799892e-01 -3.53749871e-01 2.64083147e-01 1.72171772e-01
    -1.21379018e-01 2.67918944e-01 7.36505568e-01 7.99767733e-01
    7.71101534e-01 -4.10932153e-01 4.77909446e-01 -1.26272142e-01
    1.73676443e+00 4.49714422e-01 -7.32685506e-01 -5.70660293e-01
    3.70697677e-01 1.29931128e+00 1.99359953e-01 6.02340639e-01
    2.33773887e-01 1.22150707e+00 5.85287690e-01 -1.88357711e-01
    2.10096538e-01 -4.54374373e-01 7.06482649e-01 -5.46161950e-01
    -1.72257423e-05 -2.34268904e-01 7.98618138e-01 3.41065884e-01
    8.50189626e-01 -6.40802681e-01 1.58072329e+00 -5.76400757e-02
    1.37423265e+00 -5.69893777e-01 -5.48772812e-01 -5.06907701e-03
    9.33143973e-01 1.25229752e+00 1.40041614e+00 -3.01680475e-01
    -4.70589161e-01 1.40933442e+00 6.88852668e-01 1.31076169e+00
    -2.23950148e-02 -4.56953645e-02 -6.69979453e-01 2.32034862e-01
    8.77727568e-01 1.44480169e+00 2.34262645e-01 4.56591368e-01
    2.80396819e-01 1.21326232e+00 1.01552629e+00 1.15222788e+00
    -3.75097036e-01 -4.17863458e-01 3.00707817e-01 4.81186509e-01
    -9.78620648e-02 1.70523643e+00 9.29575801e-01 1.04988146e+00
    1.92358315e-01 1.33491278e+00 7.79930890e-01 -6.65728033e-01
    -2.14203477e-01 3.04956198e-01 -3.00843000e-01 -6.69413924e-01
    3.74081492e-01 -6.27958417e-01 -1.33258700e-02 1.43409479e+00
    -6.32976949e-01 1.04593110e+00 -1.73788667e-02 1.22952986e+00
    -7.02830493e-01 1.61329842e+00 3.24689686e-01 -5.12240529e-02
    3.78345430e-01 8.16411912e-01 6.44685507e-01 -5.33386886e-01
    5.11982739e-01 7.98510849e-01 1.70458663e+00 -5.36229610e-01
    6.20630145e-01 -6.00135326e-01 6.62487984e-01 -4.80584890e-01
    -2.20465779e-01 6.78799629e-01 6.52065873e-02 1.01433444e+00
    -5.60162604e-01 1.69035983e+00 1.84962213e-01 4.45188820e-01
    6.78912759e-01 1.65278602e+00 -7.30430901e-01 1.62531233e+00
    1.59494650e+00 -5.77299595e-01 -4.00721818e-01 1.17958832e+00
    5.17323732e-01 6.92957401e-01 6.85740113e-01 1.35273969e+00
    2.71178007e-01 1.26310229e+00 9.38519061e-01 -7.34669566e-02
    8.97227228e-01 -1.66977644e-01 -4.18640167e-01 4.72430348e-01
    1.00375307e+00 9.84684885e-01 3.01587045e-01 6.74688995e-01
    1.64071262e+00 5.78846991e-01 -5.61406910e-01 1.44678354e-01
    1.14723444e-02 9.42242384e-01 8.28867555e-02 1.23838067e-01
    -3.59272927e-01 4.70264792e-01 7.01508164e-01 2.15483904e-01
    9.47748780e-01 -4.32992131e-01 8.24905694e-01 1.23392248e+00
    8.41367841e-01 2.25714207e-01 -6.23286009e-01 8.14781368e-01
    5.06264031e-01 1.42543936e+00 -1.45131350e-02 1.59311938e+00
    1.48350668e+00 -6.80265248e-01 1.02629757e+00 -1.58481181e-01
    1.25352550e+00 1.08506012e+00 1.40486240e-01 8.70728433e-01
    1.16273212e+00 2.93241680e-01 -2.80701041e-01 -2.64465928e-01
    1.55604947e+00 1.71784866e+00 2.46224403e-01 1.51084149e+00
    1.16470051e+00 -2.42664844e-01 5.32345057e-01 1.30292773e-01
    3.83287072e-01 1.12757683e+00 9.51424897e-01 1.09156346e+00
    1.25622284e+00 4.49862957e-01 -6.89469814e-01 -6.34952128e-01
    1.48013020e+00 1.07284141e+00 -4.43152726e-01 2.88123488e-01
    -3.35685104e-01 1.02994013e+00 1.16826200e+00 3.55755389e-01
    -1.45722687e-01 1.04586315e+00 -5.11724353e-02 -6.69250965e-01
    4.36690748e-01 -5.77890873e-03 1.49511647e+00 2.94892490e-01
    5.81584156e-01 6.88804388e-01 3.07964325e-01 -2.20865130e-01
    1.85212076e-01 2.48916268e-01 4.27347004e-01 -2.52517581e-01
    -4.64288056e-01 1.10027838e+00 -3.73758078e-01 2.38438845e-01
    1.48086429e-01 3.61711979e-02 -3.70485634e-01 1.30299556e+00
    4.38933969e-02 -4.60807979e-01 1.54781258e+00 9.04397964e-01
    8.28181744e-01 7.87135363e-01 1.12436509e+00 3.00007582e-01
    -3.05720806e-01 1.03131449e+00 1.44999361e+00 -6.39320672e-01
    -1.96073771e-01 1.51222920e+00 -2.66812593e-01 8.81749868e-01
    1.69482219e+00 -1.64655864e-01 -1.69344604e-01 1.61526775e+00
    1.11068678e+00 2.82076538e-01 3.06417644e-01 -4.45043623e-01
    -1.37497306e-01 1.64402413e+00 9.72998321e-01 1.73767507e+00
    -6.41509593e-01 2.94774175e-02 7.11542308e-01 8.27697575e-01
    -3.33268076e-01 -2.95362413e-01 -2.38332748e-01 1.70685458e+00
    -3.61217558e-01 1.73972559e+00 1.32286346e+00 -6.29314005e-01
    4.82965112e-02 6.27869725e-01 1.42369008e+00 8.84954631e-01
    9.37135518e-01 1.38762736e+00 1.66868913e+00 8.23126853e-01
    1.12150097e+00 5.31248510e-01 -6.11191392e-01 3.54928076e-01
    -6.51378036e-02 2.95872688e-02 -2.06375122e-01 1.06181502e+00
    4.89327371e-01 8.61341536e-01 1.60464787e+00 1.27236927e+00
    -3.96426201e-01 8.74525428e-01 6.95398450e-01 -2.51317024e-03
    1.47582483e+00 -6.99055374e-01 1.63069224e+00 1.66608751e+00
    5.74134171e-01 3.91555667e-01 6.68664277e-01 6.11867249e-01
    2.62641788e-01 2.73399889e-01 -5.70819438e-01 -3.54879767e-01
    1.38262463e+00 7.35374451e-01 -3.93216461e-01 -4.67776805e-01
    1.40703619e-01 1.45571518e+00 -7.44476914e-01 -5.60210288e-01
    1.52531326e+00 1.07360005e+00 6.67846501e-01 1.55539656e+00
    -6.81875825e-01 -7.09930837e-01 1.05326772e+00 -1.51787996e-01
    5.86795092e-01 1.72348142e-01 -3.71392280e-01 -4.99793530e-01
    1.53989601e+00 9.34952438e-01 1.67378557e+00 8.52093875e-01
    1.38906538e+00 -7.22196639e-01 -2.20551491e-02 -3.79224330e-01
    1.74480295e+00 9.54088926e-01 3.67481112e-02 1.43751788e+00
    1.44154763e+00 -3.92866701e-01 1.04410791e+00 6.22334480e-02
    1.55745924e+00 7.44569600e-01 1.46270716e+00 1.06851649e+00
    9.88565981e-01 2.65294373e-01 1.48395336e+00 -2.64375031e-01
    5.03773332e-01 4.53754663e-01 1.19501543e+00 1.52321839e+00
    7.54658580e-02 1.25686324e+00 -5.11400461e-01 1.46200562e+00
    6.59777224e-01 1.47824681e+00 6.99485540e-02 9.19187963e-01
    1.50213528e+00 8.57194066e-02 9.55305099e-02 1.52602220e+00
    3.61914814e-01 1.34689140e+00 -5.15968740e-01 -7.45956361e-01
    1.51454949e+00 6.40636861e-01 1.46492887e+00 8.73340368e-02
    -4.18187976e-01 -3.29529762e-01 1.64919353e+00 1.62784457e-02
    -7.33469486e-01 1.99021876e-01 -5.34619153e-01 1.23443246e+00
    1.63827026e+00 -6.90952778e-01 8.83228123e-01 6.44361973e-01
    -4.38883722e-01 4.40619469e-01 -2.32139528e-01 -6.21066093e-02
    8.80576015e-01 1.22310853e+00 8.67411792e-01 1.26640260e-01
    8.37913275e-01 9.68361497e-01 1.31325090e+00 -4.64726716e-01
    -1.75912023e-01 1.08523631e+00 1.36022949e+00 1.71398067e+00
    -1.84094906e-03 -1.08637929e-01 -4.33877259e-01 4.51859593e-01
    6.38816476e-01 1.03503096e+00 -2.65956283e-01 1.65835905e+00
    -5.33878326e-01 -7.45223105e-01 7.33182430e-01 -5.63600779e-01
    1.17523909e+00 1.44402540e+00 -4.23281550e-01 7.81539500e-01
    -1.73010528e-01 6.51416540e-01 5.08556366e-01 6.23722315e-01
    -2.16409743e-01 -6.13760948e-01 1.61262846e+00 -4.64304298e-01
    9.32848334e-01 1.09123254e+00 1.63334370e+00 -4.22032803e-01
    1.49028635e+00 1.40904760e+00 -1.90456390e-01 1.33335543e+00
    7.38799632e-01 -3.50023299e-01 7.79146910e-01 2.23903000e-01
    1.19878960e+00 1.41361308e+00 1.36594939e+00 -3.46972317e-01
    7.85588920e-01 4.93339896e-02 1.44227576e+00 4.10104632e-01
    -7.30583072e-02 5.42256236e-01 9.17194724e-01 -1.72974765e-01
    1.49636340e+00 -5.13555646e-01 1.22811973e-01 1.19804907e+00
    -6.77283287e-01 6.31165743e-01 -4.38414216e-02 -1.08789206e-01
    1.81076229e-01 3.19476128e-01 3.81849945e-01 1.55072725e+00
    5.27113199e-01 -6.07962847e-01 -7.15401053e-01 1.48035896e+00
    -2.66684860e-01 1.03627682e+00 -3.66311312e-01 2.03067303e-01
    7.86169529e-01 -5.45546472e-01 -1.69477105e-01 -4.57730085e-01
    1.18805861e+00 1.62187433e+00 8.58069122e-01 -2.43998200e-01
    -7.10702360e-01 5.69708228e-01 1.31390750e-01 8.09641004e-01
    8.60732615e-01 1.27891576e+00 2.97446549e-01 -4.13028628e-01
    1.64038503e+00 1.09608662e+00 1.19500089e+00 -6.11828208e-01
    1.12935054e+00 1.19033909e+00 3.71267557e-01 -1.19645596e-01
    1.00752437e+00 8.70530188e-01 -2.21871734e-02 9.23743308e-01
    1.56499386e+00 7.35676289e-03 -1.24602973e-01 3.31881881e-01
    4.34854686e-01 9.95160222e-01 -5.09126306e-01 1.80880189e-01
    -3.44189823e-01 8.68590891e-01 1.59466529e+00 1.41688108e+00
    9.99320805e-01 -3.50665480e-01 5.85553527e-01 -2.64939666e-02
    -2.64583021e-01 -6.83885872e-01 1.29263234e+00 -5.64855516e-01
    5.72001636e-01 1.68803430e+00 1.38761282e-01 9.32754815e-01
    1.29320526e+00 3.76191020e-01 -2.91279167e-01 -6.28078580e-01
    8.71860981e-03 4.99819696e-01 1.11210823e+00 9.96519208e-01
    1.45344353e+00 1.00596297e+00 1.65189350e+00 6.67989850e-01
    -4.71060216e-01 -3.02312404e-01 -3.63149524e-01 -4.48654979e-01
    1.04387927e+00 3.35182250e-01 2.94675469e-01 1.24971867e+00
    9.50653553e-02 -1.42385364e-02 3.98007870e-01 4.00115788e-01
    1.63285911e+00 4.27079439e-01 1.40375376e-01 9.44325924e-01
    1.01849794e-01 -2.00595081e-01 6.02176309e-01 4.12547529e-01
    8.86988461e-01 1.17615199e+00 3.84352505e-01 8.70644987e-01
    -5.80112815e-01 -2.45436430e-01 1.59253919e+00 4.43257213e-01
    6.79394841e-01 8.32088172e-01 3.41864109e-01 1.36382437e+00
    1.64043784e+00 9.94319379e-01 1.25287008e+00 8.15191984e-01
    -3.90090644e-01 7.76908696e-01 -6.10896528e-01 1.54963756e+00
    2.07727015e-01 1.37187541e-01 -5.31594038e-01 -2.93924630e-01
    -1.22951269e-02 1.12534046e+00 -3.19986969e-01 -3.27204436e-01
    -3.84173900e-01 1.45433533e+00 9.02344406e-01 1.03865528e+00
    4.10488605e-01 3.33476603e-01 3.55570018e-01 -5.28050780e-01
    1.10134184e+00 2.42396116e-01 1.24585330e-01 -5.94932079e-01
    -3.46503645e-01 -4.48479831e-01 1.77647352e-01 -6.42672777e-01
    -9.08423662e-02 2.17383146e-01 -5.07143617e-01 1.44264829e+00
    1.54386842e+00 2.88405418e-02 -5.85808098e-01 -2.81513572e-01
    1.29613125e+00 1.17321181e+00 1.86858714e-01 6.09189928e-01
    -7.27560997e-01 6.94970965e-01 1.18046713e+00 9.33470607e-01
    8.42085123e-01 1.22284985e+00 5.60093820e-01 8.51932168e-02
    5.18702328e-01 2.19846964e-02 -4.17353928e-01 8.42884123e-01
    6.81942225e-01 7.34323859e-02 5.35413384e-01 -6.42153740e-01
    4.55085695e-01 -7.32539713e-01 1.09596777e+00 1.50103807e+00
    5.40352702e-01 2.88689137e-02 -5.80719233e-01 1.65058851e+00
    -2.16887951e-01 2.06506252e-03 3.37952852e-01 1.10256886e+00
    -5.60969114e-01 -6.41155601e-01 -1.44034207e-01 1.00028276e-01
    3.41761351e-01 -5.14267981e-01 4.44297791e-02 6.43828690e-01
    -1.09312057e-01 1.67894542e-01 1.23642588e+00 -4.89103794e-01
    6.06140494e-02 2.41987586e-01 3.50625098e-01 1.48346901e+00
    9.60318148e-01 1.06630599e+00 7.50108480e-01 1.60522032e+00
    2.69056261e-01 5.82761765e-02 -1.95179701e-01 1.34438491e+00
    -7.34262347e-01 -5.54224193e-01 9.30010915e-01 -7.49609649e-01
    1.26279998e+00 3.17070544e-01 3.94426346e-01 3.68012309e-01
    7.68788993e-01 -1.62274361e-01 1.15830779e+00 7.00407863e-01
    1.54047322e+00 -4.01037037e-01 -7.51981974e-01 2.60826290e-01
    -6.81659520e-01 1.06109047e+00 1.61645293e+00 -1.42303169e-01
    5.16496003e-01 1.48186803e-01 9.50717330e-01 3.54213893e-01
    1.20106578e+00 -3.01160812e-02 1.62597203e+00 7.49349296e-01
    7.51516044e-01 6.94113076e-01 -5.63408375e-01 8.59014273e-01
    5.28318584e-01 1.54632628e+00 8.23778152e-01 1.55475068e+00
    1.43602252e+00 -4.99268174e-02 -4.46031898e-01 -2.17604041e-01
    -3.10984582e-01 -1.29486620e-01 7.45692730e-01 -7.07493782e-01
    9.94606555e-01 1.31073892e-01 8.86949420e-01 -3.10482383e-01
    1.23111439e+00 2.23022521e-01 2.40889370e-01 -1.86493933e-01
    7.14668393e-01 -3.19793969e-01 1.58603072e+00 8.88847232e-01
    -5.76393723e-01 6.71321154e-02 -6.35203838e-01 5.23496449e-01
    6.74755752e-01 -2.66878843e-01 1.78400874e-02 1.27673328e+00
    1.42003655e-01 -2.98167080e-01 -2.37434447e-01 7.39420831e-01
    6.97553754e-02 8.51457417e-01 1.03628755e+00 2.43503630e-01
    1.13885307e+00 -4.72504318e-01 1.01767468e+00 1.47036409e+00
    5.27867436e-01 -6.64045274e-01 2.64882743e-01 8.29202712e-01
    1.42735124e+00 -2.31262445e-02 1.26090217e+00 6.65250242e-01
    4.93546665e-01 6.65926576e-01 -4.69776720e-01 1.49881554e+00
    1.64265263e+00 -4.13829327e-01 1.56273711e+00 5.29149175e-01
    9.00589287e-01 4.21392322e-02 1.21111679e+00 -3.53909731e-02
    -4.32589889e-01 1.17417765e+00 5.02609789e-01 1.73368478e+00
    2.48362422e-01 1.03092015e-01 -2.92392343e-01 -5.21035552e-01
    -6.72509134e-01 -3.24569762e-01 7.86672235e-02 1.25232530e+00
    -2.41233349e-01 1.61896253e+00 -8.98383260e-02 -6.40913010e-01
    -4.77850705e-01 1.30583322e+00 5.23185253e-01 -5.92652440e-01
    5.97813547e-01 5.79592347e-01 1.10490274e+00 1.59330845e+00
    6.63826227e-01 -2.32444942e-01 -1.31087899e-01 7.00973272e-01
    4.77772832e-01 1.02067530e+00 1.46165609e+00 4.06252682e-01
    8.44654560e-01 -1.99505925e-01 7.57466197e-01 -5.85834801e-01
    4.49196577e-01 5.59681773e-01 -5.92544198e-01 1.59021199e+00
    2.08401442e-01 -4.17056412e-01 1.52828097e-02 8.36579621e-01
    -4.52218831e-01 1.65635967e+00 1.18701792e+00 2.68800855e-01
    1.22984099e+00 4.93313134e-01 5.89527905e-01 3.43689084e-01
    -2.99094707e-01 5.76078475e-01 -7.31070399e-01 1.08137715e+00
    9.30990458e-01 1.14222050e-01 3.53549123e-01 -7.03049600e-01
    1.22062874e+00 5.50445676e-01 8.38857234e-01 2.97385812e-01
    1.28485572e+00 -5.30554116e-01 6.74704909e-01 3.26076806e-01
    1.43302155e+00 -4.14484262e-01 -4.11413521e-01 -3.36349487e-01
    6.02530777e-01 -3.72307956e-01 1.25377047e+00 4.03507650e-01
    -4.66327667e-01 -3.38377029e-01 -2.26796210e-01 1.35866642e+00
    1.09685874e+00 1.24692559e+00 -3.89173478e-01 1.34538043e+00
    5.63020408e-01 -1.68934941e-01 -3.25244069e-02 1.00873208e+00
    -2.33783424e-01 1.08267772e+00 1.74956214e+00 1.44054282e+00
    -6.42126739e-01 7.56586015e-01 1.48713541e+00 1.57799971e+00
    1.64792228e+00 1.04262614e+00 -2.40842313e-01 1.59906626e+00
    -4.42288995e-01 5.77355623e-01 1.67431617e+00 -2.59639353e-01
    9.98496771e-01 -2.58058846e-01 -4.22284633e-01 8.73620927e-01
    2.16642618e-01 1.41395056e+00 1.03072870e+00 1.50817418e+00
    1.90094233e-01 1.02901542e+00 2.26645112e-01 3.74130666e-01
    1.45746541e+00 8.07384133e-01 3.62420082e-02 -3.39428753e-01
    7.07455516e-01 5.17789543e-01 1.61067748e+00 -4.43297625e-02
    6.75506473e-01 5.06139994e-02 7.68443823e-01 -6.36010230e-01
    -5.15048623e-01 6.96348131e-01 -1.20427668e-01 1.56921363e+00
    1.51017058e+00 -3.87650609e-01 -5.21498919e-02 1.16322279e+00
    6.68686688e-01 8.32686305e-01 1.24271417e+00 1.35900354e+00
    -4.55159545e-01 1.69867206e+00 3.83935153e-01 7.30298698e-01
    6.01520181e-01 7.74279833e-02 1.59550488e+00 1.40856886e+00
    1.06887341e+00 -7.32921720e-01 -5.87213993e-01 -8.92315507e-02
    1.62630916e+00 1.08954024e+00 -3.50559831e-01 -3.61256361e-01
    5.53673506e-03 1.40804052e-03 6.05750263e-01 -5.46808243e-02
    1.34196043e+00 -7.00187087e-01 1.11305809e+00 4.60894406e-01
    -1.81450546e-01 4.17698383e-01 9.16067302e-01 4.22943771e-01
    1.34042001e+00 8.06180835e-01 1.16647220e+00 4.42466736e-01
    1.47644567e+00 8.33930254e-01 2.48756588e-01 4.89621699e-01
    -1.64678097e-02 1.60970700e+00 -4.16538328e-01 -3.30367535e-01
    2.83945203e-02 5.12561798e-01 -1.11496925e-01 -6.68957949e-01
    6.91473365e-01 1.09077847e+00 7.61006653e-01 2.31178105e-01
    5.41783810e-01 4.82362449e-01 5.20327151e-01 2.96502709e-02
    -5.26792467e-01 -4.49184179e-02 1.34935176e+00 1.53599644e+00
    1.62389803e+00 3.48076224e-02 1.47401655e+00 1.66915536e+00
    -3.14908594e-01 6.47010267e-01 1.12141371e+00 5.81671953e-01
    1.72846735e+00 5.62188864e-01 1.45863223e+00 -1.96752548e-01
    -1.40928984e-01 1.53818059e+00 1.57985175e+00 4.58100438e-02
    1.34404731e+00 1.53650689e+00 5.42182446e-01 1.04024875e+00
    1.00896621e+00 1.58285081e+00 -3.59568596e-02 4.28007185e-01
    1.48563528e+00 -3.37090403e-01 5.32808363e-01 2.73530006e-01
    1.31544220e+00 6.60369992e-02 1.58491313e+00 1.51760590e+00
    3.68213356e-01 1.09173417e-01 1.55104756e+00 1.31240857e+00
    8.02060843e-01 -5.74087203e-01 4.99525845e-01 5.92278004e-01
    -4.44496483e-01 6.68244898e-01 1.20358384e+00 6.79956675e-01
    1.63401318e+00 -1.15494013e-01 9.15009201e-01 -5.58339953e-01
    1.16256583e+00 1.69404721e+00 -6.13522470e-01 -2.00018704e-01
    3.81193638e-01 -2.21084952e-01 -1.31975949e-01 -2.31890976e-01
    8.67160678e-01 7.25309014e-01 -9.62421894e-02 -1.61160827e-01
    8.33535850e-01 7.19165623e-01 -3.70556563e-01 2.24135280e-01
    -3.87174487e-01 -1.96359515e-01 4.69371259e-01 3.17189872e-01
    6.11499369e-01 2.69967318e-01 8.61784101e-01 1.46905696e+00
    -6.36884034e-01 -2.09888697e-01 7.20131278e-01 9.97401237e-01
    8.58080328e-01 3.18064213e-01 -3.77894849e-01 1.19168639e-01
    9.50914562e-01 1.55076599e+00 -4.11481917e-01 3.26422274e-01
    5.38185894e-01 3.99633527e-01 2.33737946e-01 7.56682038e-01
    -5.89493036e-01 -3.31766874e-01 7.39070773e-01 -6.03536308e-01
    4.22164500e-01 1.01686764e+00 1.23264313e+00 5.82929432e-01
    -5.27629972e-01 1.11841416e+00 -6.84587240e-01 -6.92663193e-01
    1.11317849e+00 1.51959693e+00 -7.04934299e-01 1.95455551e-01
    -2.46416658e-01 -4.38457340e-01 -3.06806952e-01 4.00075674e-01
    1.48318005e+00 1.52071047e+00 3.32425952e-01 1.69655859e-01
    1.29285359e+00 1.15376973e+00 4.33395445e-01 1.27787018e+00
    2.58091867e-01 -2.35425353e-01 1.32442367e+00 1.10654151e+00
    2.61979520e-01 8.16587865e-01 1.52844477e+00 1.60182893e-01
    1.70189452e+00 1.37191856e+00 9.81348753e-01 1.42664850e+00
    -1.06832445e-01 -3.87511849e-01 1.31207323e+00 6.77947104e-01
    -1.52674437e-01 8.14919233e-01 8.11289251e-01 -6.93455756e-01
    9.12843108e-01 1.42742026e+00 5.23544550e-01 -6.41402125e-01
    -6.19567037e-01 -5.67258835e-01 2.43529797e-01 1.43654323e+00
    -4.99392033e-01 -5.33047259e-01 -2.80418605e-01 -3.26358080e-01
    -3.35113913e-01 -3.36130917e-01 1.31884706e+00 1.50395763e+00
    -4.43580538e-01 1.31715155e+00 7.89330125e-01 -5.93641400e-01
    -3.99257153e-01 -2.67264783e-01 -5.31405807e-02 9.80266392e-01
    1.68514931e+00 3.50300193e-01 8.45181346e-01 8.59463334e-01
    8.08294117e-01 4.25219536e-03 3.09755087e-01 -3.98983270e-01
    1.41222215e+00 6.69521511e-01 -4.02654469e-01 3.64785373e-01
    8.24712753e-01 -7.20365822e-01 1.22277164e+00 -3.87315452e-01
    9.31312382e-01 -7.40349710e-01 -1.34236038e-01 7.46786177e-01
    1.38259864e+00 1.73423624e+00 9.87419426e-01 1.34184194e+00
    1.06319249e+00 1.37488794e+00 1.21817112e+00 -4.01201785e-01
    -1.47457719e-01 1.33920217e+00 1.40606475e+00 4.49834466e-01
    5.11882424e-01 -3.22938681e-01 1.47545338e-01 -4.63441402e-01
    1.30054939e+00 -9.39337015e-02 1.21773338e+00 6.29130721e-01
    1.25890791e-01 -2.23686516e-01 5.97345710e-01 9.28972900e-01
    8.64646137e-01 -1.39998734e-01 5.17042279e-02 -6.60697758e-01
    1.48145056e+00 1.45882726e-01 1.68616772e-01 5.35673022e-01
    -3.95385861e-01 1.54005361e+00 1.60152948e+00 5.83932936e-01
    -1.53966248e-01 3.79668117e-01 1.03961182e+00 1.08706594e+00
    1.02903187e+00 -3.59530330e-01 1.16059482e-01 1.53303540e+00
    7.18270898e-01 1.40173960e+00 5.62079370e-01 5.00237882e-01
    1.33956075e+00 4.74181175e-02 7.96388388e-01 4.49111044e-01
    1.66618276e+00 1.12915862e+00 1.27687275e+00 1.16353583e+00
    2.32186079e-01 1.44201422e+00 -5.30173302e-01 1.16637719e+00
    1.49662852e+00 7.76846886e-01 4.95022953e-01 -4.67917323e-02
    1.83236003e-01 -6.77323341e-01 -5.40573597e-02 1.63460779e+00
    -4.13063109e-01 6.72568083e-01 4.13128138e-01 -3.35948914e-01
    -5.18278301e-01 -2.91791528e-01 7.88074195e-01 -3.17297786e-01
    7.35155940e-02 1.40775013e+00 1.40824735e+00 -6.50506020e-02
    8.16049457e-01 8.20428014e-01 -7.17908144e-02 4.56080616e-01
    -6.56495512e-01 1.34132862e+00 7.49456346e-01 1.23667407e+00
    6.03172123e-01 1.14912987e-02 -2.83762395e-01 9.72892165e-01
    9.19235229e-01 4.98852909e-01 -2.11201429e-01 -1.08744621e-01
    1.22636998e+00 -1.42914772e-01 1.13011098e+00 1.51779699e+00
    1.50242412e+00 -6.04299188e-01 3.66551936e-01 1.89845562e-02
    1.15655565e+00 1.65811944e+00 7.66682267e-01 8.58298600e-01
    2.75404871e-01 6.07817531e-01 3.13292503e-01 -6.92370832e-01
    1.32916844e+00 1.10687625e+00 1.02394342e+00 1.27657127e+00
    -2.38433957e-01 3.70585620e-01 1.18612766e+00 -2.96221882e-01
    8.94808173e-02 5.20831823e-01 1.09554863e+00 1.30838537e+00
    5.54583073e-02 -4.54517782e-01 -5.48601627e-01 5.55412233e-01
    -4.45575863e-01 7.01271892e-02 4.86487389e-01 7.03910530e-01
    -5.35983086e-01 -3.35761875e-01 1.37370443e+00 4.89531934e-01
    1.73880219e-01 -6.27490997e-01 2.67636955e-01 -4.76661801e-01
    4.84434187e-01 4.60503459e-01 1.25268483e+00 6.43233418e-01
    8.05271506e-01 -4.07436103e-01 1.66233206e+00 3.57550323e-01
    3.06489706e-01 -3.68172526e-02 -1.22397363e-01 1.33114672e+00
    6.29579544e-01 5.69833994e-01 5.12508333e-01 1.65769696e-01
    4.36967969e-01 2.92434454e-01 -7.42906332e-02 1.68621051e+00
    1.29079127e+00 5.82975268e-01 8.75392020e-01 -3.92813087e-02
    -4.87315536e-01 3.37566674e-01 2.85146296e-01 9.00652945e-01
    -2.78766453e-01 7.09644616e-01 1.53935170e+00 -2.79964447e-01
    1.55555677e+00 1.02718592e+00 -7.35068321e-02 -3.55694830e-01
    -2.59168386e-01 -5.24019480e-01 8.17104042e-01 8.76450717e-01
    1.27587855e-01 -4.93963063e-01 1.07900357e+00 1.26766741e-01
    2.59995341e-01 1.03253841e-01 4.27469432e-01 7.73662031e-01
    2.26745129e-01 1.71682143e+00 3.91172707e-01 -2.10159123e-01
    -6.56596959e-01 8.10228288e-01 1.23826647e+00 5.95500886e-01
    1.37703562e+00 7.58895993e-01 -7.23551095e-01 6.25562787e-01
    5.77688277e-01 8.01081598e-01 -6.79399014e-01 -3.04119200e-01
    -1.51798129e-01 5.21740437e-01 1.00187135e+00 1.90982819e-02
    2.96441138e-01 2.95384347e-01 -7.01586366e-01 -5.02139568e-01
    5.02822995e-01 1.08664942e+00 4.56798375e-01 -3.48317027e-02
    -5.35610318e-01 1.58521152e+00 1.58913076e+00 8.66446376e-01
    -1.43895626e-01 1.19148171e+00 6.77270949e-01 4.35099840e-01
    6.41409576e-01 3.43569100e-01 1.77297890e-01 1.63197434e+00
    4.23336029e-01 4.73879099e-01 7.97262788e-01 1.86603665e-01
    -5.20025373e-01 -4.52095985e-01 1.21627092e+00 -2.63407797e-01
    5.83996356e-01 2.79434800e-01 1.33267856e+00 -4.47873920e-01
    -2.29452848e-02 6.47215009e-01 -3.09579074e-01 1.43604684e+00
    1.72609329e+00 2.38177836e-01 1.50916255e+00 7.94517040e-01
    -6.61196113e-02 1.19385791e+00 1.56504655e+00 -2.27828145e-01
    -4.08233255e-01 3.86826456e-01 2.84333289e-01 -7.20881462e-01
    7.78254449e-01 1.32340240e+00 7.71752834e-01 2.96924412e-01
    2.14555025e-01 9.83277082e-01 5.82156539e-01 4.60966766e-01
    -2.79753089e-01 2.36067653e-01 -2.32346416e-01 -2.83466339e-01
    -5.66671968e-01 -6.71175957e-01 -9.66608524e-04 1.68923044e+00
    7.78172016e-01 -6.74237788e-01 9.17033374e-01 1.31773996e+00
    9.92646635e-01 1.50740635e+00 1.27257872e+00 1.13848710e+00
    1.24031699e+00 7.38164246e-01 6.24742508e-01 -1.52986228e-01
    5.27125120e-01 -6.77951157e-01 -1.13307893e-01 5.79000115e-02
    8.90962481e-01 -4.67609793e-01 3.94105256e-01 3.70365083e-01
    9.50996876e-02 4.10982788e-01 1.00529134e+00 1.73272347e+00
    2.04701483e-01 3.42194498e-01 3.60198617e-01 7.72345185e-01
    5.57758093e-01 -6.80857241e-01 1.65585589e+00 1.40471673e+00
    1.45650029e+00 1.37746096e+00 7.51279593e-01 1.19180727e+00
    3.50074112e-01 -5.18526852e-01 1.15232360e+00 1.14483643e+00
    9.79191899e-01 -7.89056122e-01 3.81725967e-01 -3.71888161e-01
    2.26092577e-01 4.15303230e-01 -2.10136354e-01 -6.55886292e-01
    7.34011352e-01 4.26972449e-01 1.33913851e+00 5.45395672e-01
    1.47987056e+00 -7.10702062e-01 5.87821364e-01 5.72811306e-01
    3.49667609e-01 -2.48998821e-01 1.55083191e+00 7.21169472e-01
    8.59349370e-02 1.42841375e+00 9.66033280e-01 -4.96004641e-01
    1.15265822e+00 1.41573620e+00 7.60406852e-01 1.48255217e+00
    -3.54306251e-01 -2.29467571e-01 1.86785996e-01 -6.33092046e-01
    -9.68987346e-02 1.49755120e+00 -6.65683508e-01 1.09583938e+00
    1.21050334e+00 1.50660205e+00 1.60399485e+00 1.08632517e+00
    -1.68762863e-01 1.55537558e+00 1.38844180e+00 2.45470226e-01
    1.58325088e+00 1.00136614e+00 1.30050373e+00 7.95518219e-01
    -4.19827312e-01 -4.13424343e-01 1.47226548e+00 2.17988789e-01
    2.39730895e-01 4.28006649e-02 1.26411057e+00 6.88649058e-01
    2.40357041e-01 8.74681592e-01 8.64275098e-02 1.56787157e-01
    1.58772516e+00 8.62888575e-01 1.13551974e+00 -3.53540003e-01
    -8.65359902e-02 1.14596224e+00 7.43593216e-01 5.55588484e-01
    9.17171121e-01 1.31597042e+00 8.51090193e-01 8.82471144e-01
    1.40350652e+00 1.10846949e+00 6.42197073e-01 1.20671177e+00
    -4.36279416e-01 2.05443442e-01 -5.72313547e-01 6.12906337e-01
    -6.84310317e-01 1.39304161e-01 1.21674418e+00 7.94364035e-01
    -9.08551216e-02 -6.83964014e-01 8.88915420e-01 8.69310200e-01
    1.60981667e+00 9.03739631e-01 3.22155654e-01 1.12708044e+00
    1.05113137e+00 -6.69650972e-01 1.39236462e+00 8.63841534e-01
    9.68820393e-01 1.23680198e+00 1.22674870e+00 7.70233154e-01
    5.28329015e-01 3.20488989e-01 -1.87836051e-01 6.21968091e-01
    4.16605353e-01 7.99612641e-01 1.14249766e-01 5.17028570e-03
    1.12483585e+00 1.38806808e+00 5.74586153e-01 -5.33294797e-01
    4.55528200e-01 1.34241271e+00 -4.18008476e-01 9.12386179e-03
    2.31510758e-01 1.51022816e+00 -6.10218048e-02 5.45253515e-01
    -2.64670938e-01 6.08621836e-01 7.54552722e-01 5.78848839e-01
    1.46943402e+00 1.15938425e+00 1.09718132e+00 1.14212954e+00
    -1.61570311e-01 1.42460895e+00 -2.48932004e-01 7.79156685e-01
    -5.61410248e-01 -4.58711028e-01 5.90791225e-01 5.23375213e-01
    2.93982923e-01 2.26895273e-01 9.89344180e-01 1.20131111e+00
    -1.32164359e-02 1.32555795e+00 1.10225439e+00 5.80112934e-01
    -3.31864387e-01 -5.42614460e-02 1.58971381e+00 1.28859210e+00
    9.88704443e-01 8.02803397e-01 7.37556219e-01 6.95088387e-01
    2.16590583e-01 1.10923648e+00 1.39115751e-01 -5.63660145e-01
    1.67931247e+00 1.59055352e+00 9.47459698e-01 5.82410693e-02
    1.71195054e+00 3.24200809e-01 1.65693235e+00 -2.08438098e-01
    7.98051536e-01 -5.63558400e-01 4.93764281e-01 7.71128416e-01
    5.91853380e-01 1.16863155e+00 -4.60095435e-01 1.01834786e+00
    -8.35791230e-02 9.97171283e-01 9.76758122e-01 -3.44505221e-01
    9.72244084e-01 7.09789991e-03 -4.95465994e-01 3.57846797e-01
    -5.80534339e-02 4.05859232e-01 -5.70001602e-02 -3.88328344e-01
    6.56727016e-01 4.45069253e-01 7.32402205e-01 -4.54801053e-01
    2.79994845e-01 -4.48967338e-01 -3.83676291e-02 4.88842785e-01
    1.67858565e+00 8.19647372e-01 1.24006748e+00 8.88071656e-01
    1.29724324e-01 1.24923658e+00 -7.65415609e-01 9.74655092e-01
    8.97149205e-01 1.70663559e+00 1.18039823e+00 -7.40586162e-01
    1.41882658e+00 1.23179400e+00 1.10630107e+00 -5.71591854e-02
    4.15079117e-01 2.91387737e-01 -2.89685130e-02 1.26733947e+00
    -6.23664677e-01 1.15310812e+00 6.49812222e-02 6.33538485e-01
    1.62343085e-01 -6.28515720e-01 -5.99025190e-01 -6.56144321e-01
    1.34818697e+00 -5.40693998e-01 1.46651149e-01 -1.10157013e-01
    1.05881977e+00 -7.05655038e-01 1.70963764e+00 3.82294059e-01
    -1.63298845e-03 7.53769279e-02 1.44486725e-01 1.16292131e+00
    -2.09305823e-01 -2.20386863e-01 1.14776874e+00 4.01669204e-01
    -7.38286436e-01 1.13603592e+00 1.06371331e+00 1.38778210e+00
    1.51417911e-01 1.30275023e+00 3.32456350e-01 3.93177748e-01
    1.04375362e+00 3.91525805e-01 -5.58093786e-02 1.20883274e+00
    -6.07847452e-01 -2.20958591e-02 1.35480344e+00 9.34062779e-01
    4.58626270e-01 -1.92522824e-01 1.37907112e+00 1.47120380e+00
    1.37861490e+00 3.67873192e-01 1.62052107e+00 -1.54616117e-01
    5.37584424e-02 -3.21902037e-02 -1.65524125e-01 1.48630381e-01
    4.01068926e-01 -6.16476536e-02 4.60998774e-01 -5.33223152e-03
    9.76733148e-01 3.15978706e-01 2.01256096e-01 1.29940271e+00
    1.27379274e+00 8.47405791e-02 -2.25197971e-01 -3.19149584e-01
    1.05588365e+00 5.34037054e-01 4.75733280e-01 1.31769073e+00
    3.84439647e-01 3.11743438e-01 8.34359527e-02 -1.22093678e-01
    -7.11811364e-01 6.64131820e-01 7.03666031e-01 -4.38996792e-01
    3.40031207e-01 -3.90470445e-01 -6.69948936e-01 5.36545515e-02
    1.27911055e+00 -1.64651096e-01 6.64457440e-01 1.57034159e-01
    7.86255002e-01 -6.05750322e-01 8.69099379e-01 1.07317066e+00
    5.55766881e-01 -4.39449728e-01 7.24878013e-01 2.92769730e-01
    7.22930431e-01 2.44592130e-01 -1.34875894e-01 7.60223329e-01
    1.72616673e+00 8.22719455e-01 7.03585744e-02 1.70984006e+00
    1.26586783e+00 -3.17969888e-01 2.21601844e-01 1.05240989e+00
    4.56938088e-01 -1.63700998e-01 2.28135586e-01 1.13934958e+00
    -7.20520437e-01 9.48346317e-01 -6.79916143e-02 1.23461306e+00
    1.80198848e-01 1.51227093e+00 -7.67567575e-01 4.39920247e-01
    -6.78125501e-01 3.67664993e-01 8.07159960e-01 -6.31363213e-01
    1.07828784e+00 9.86590862e-01 7.34770894e-01 1.63617611e+00
    2.04415679e-01 4.12168264e-01 1.19803798e+00 8.73148561e-01
    5.92228770e-02 5.28417826e-02 4.55744028e-01 -3.57163966e-01
    -7.03473151e-01 1.51063943e+00 8.75028670e-01 7.35027611e-01
    9.83139396e-01 1.50322270e+00 6.51467979e-01 1.57354450e+00
    4.32405889e-01 1.01170588e+00 -1.00238919e-02 6.05417073e-01
    -3.52074027e-01 -3.83623242e-02 -1.38502061e-01 -5.40821552e-01
    1.64410996e+00 -3.55830014e-01 1.10068738e-01 1.12399793e+00
    1.18212402e-01 6.34616256e-01 4.41548705e-01 -7.12488532e-01
    6.42828226e-01 1.64157152e+00 -4.82425988e-01 7.35511124e-01
    1.58073044e+00 6.71585202e-01 1.71155012e+00 -6.23618364e-01
    6.19622707e-01 -3.88147295e-01 6.25529945e-01 1.51378632e+00
    7.28911698e-01 2.29085982e-01 -5.59122741e-01 7.72224128e-01
    2.63550878e-01 -6.36429727e-01 -6.57566428e-01 7.37494230e-01
    3.63704860e-01 2.25062132e-01 -1.76956832e-01 1.42635643e-01
    6.58241510e-01 1.14663863e+00 1.54516637e+00 -1.50682330e-01
    -3.70029956e-01 1.62774491e+00 1.31414211e+00 3.29365671e-01
    -1.35320902e-01 1.51096582e+00 3.11587214e-01 -6.53452873e-01
    4.15507734e-01 1.03374910e+00 2.60411024e-01 8.04560959e-01
    1.49948525e+00 9.13736463e-01 3.72940481e-01 1.30097234e+00
    7.43202567e-02 1.26452136e+00 1.50413990e+00 -5.36174774e-01
    8.98498714e-01 1.71796298e+00 1.10267818e-01 1.22031248e+00
    5.14874876e-01 1.55667019e+00 -6.38733268e-01 -3.07593346e-02
    6.68166697e-01 1.14610469e+00 1.69667625e+00 9.04983521e-01
    9.93305624e-01 -6.59119487e-02 1.33505058e+00 1.20804715e+00
    -3.45655680e-02 6.35108054e-01 -5.46450615e-01 1.63061762e+00
    1.62636292e+00 8.09506774e-02 1.20772743e+00 1.01976323e+00
    1.20231390e+00 2.16470540e-01 1.60865986e+00 1.23986959e+00
    -9.52621102e-02 -3.35953802e-01 1.57050371e+00 1.29258287e+00
    3.27033043e-01 3.51780117e-01 -4.26652789e-01 -5.47570586e-02
    1.60716224e+00 9.99893010e-01 1.28652632e-01 -6.54423237e-01
    -8.52679014e-02 9.30067539e-01 1.25957668e+00 1.62577987e+00
    1.37459540e+00 3.50373805e-01 1.29405832e+00 1.31182194e+00
    2.41236746e-01 2.84046829e-01 7.75014639e-01 6.68362141e-01
    3.65593314e-01 -2.01507092e-01 7.48140454e-01 -7.44891167e-02
    4.14330363e-02 3.94258618e-01 6.53062344e-01 9.67192352e-01
    -5.03217340e-01 9.81249452e-01 1.37093806e+00 9.85705554e-01
    -5.53663492e-01 -2.51928568e-01 -2.02882767e-01 1.36154211e+00
    -4.17707562e-02 4.54577029e-01 7.35032976e-01 -4.37654227e-01
    -5.40271044e-01 7.08439589e-01 1.28143454e+00 -1.01786971e-01
    8.20938706e-01 4.41386938e-01 6.21681154e-01 -2.81620026e-03
    1.16345477e+00 1.43642056e+00 9.51768875e-01 1.11896181e+00
    1.39447474e+00 1.96985960e-01 -6.76801085e-01 7.34030664e-01
    1.28138900e+00 9.35440958e-01 -6.10454857e-01 -5.05903780e-01
    8.46532822e-01 1.02666092e+00 4.35489714e-01 8.13017249e-01
    1.66920471e+00 1.26636195e+00 5.06030679e-01 1.55775309e+00
    1.24744034e+00 3.62594426e-01 1.03634059e-01 -6.16634369e-01
    2.58704722e-01 -1.44123077e-01 -5.80206335e-01 6.02199793e-01
    1.23457456e+00 4.04915810e-02 1.24789739e+00 1.42415476e+00
    6.89363003e-01 -7.60226190e-01 6.34353459e-01 1.32213163e+00
    1.62429559e+00 1.06143117e+00 -6.50256455e-01 1.68206739e+00
    4.71353531e-04 -3.14640313e-01 -6.49230421e-01 6.26356602e-01
    1.15722620e+00 9.10889924e-01 -4.62312102e-02 1.27998114e+00
    2.98030913e-01 -4.17170882e-01 7.95252800e-01 5.16241312e-01
    1.16267920e+00 1.51181531e+00 1.26150978e+00 1.22270298e+00
    1.29213476e+00 -7.88297653e-02 1.00606096e+00 -3.17514688e-01
    4.11653042e-01 1.11107373e+00 1.21593916e+00 2.38964796e-01
    -6.43256426e-01 4.62927401e-01 -1.32032216e-01 -8.40058923e-02
    3.78174663e-01 -2.14891970e-01 2.73588717e-01 1.52784491e+00
    -1.30178869e-01 -2.63335764e-01 1.67864549e+00 1.67227197e+00
    -1.41995668e-01 1.09820306e-01 3.98845077e-01 7.66378343e-01
    1.59998274e+00 1.48968220e+00 3.02905858e-01 7.55671680e-01
    -1.78995550e-01 4.42162156e-01 1.63529468e+00 4.78920639e-01
    1.50666904e+00 9.40709770e-01 1.28931141e+00 1.58832765e+00
    -1.13615870e-01 -2.67114878e-01 -2.94674456e-01 -4.77203965e-01
    1.39094925e+00 1.48458600e+00 1.69393897e-01 -6.69526994e-01
    -6.02081716e-01 -1.28797591e-01 -5.10285735e-01 1.55506086e+00
    -6.01663768e-01 -6.80812597e-02 3.02197933e-01 7.13597715e-01
    -1.37227893e-01 1.41856349e+00 -2.43561149e-01 -2.81533539e-01
    -5.68572998e-01 1.29534483e+00 9.19415355e-01 8.04016411e-01
    5.98940790e-01 6.70333445e-01 2.71529257e-01 7.44596183e-01
    -4.78232175e-01 -2.13695526e-01 -2.99572557e-01 1.13356209e+00
    7.30226696e-01 -2.04131305e-01 1.63100100e+00 6.72628224e-01
    1.42981720e+00 1.15137672e+00 1.22609568e+00 1.44505644e+00
    -5.17932177e-01 1.08911014e+00 1.61439180e+00 1.03059995e+00
    -5.89827418e-01 1.00563478e+00 1.35015976e+00 1.54912663e+00
    4.69437301e-01 3.19340110e-01 6.17084265e-01 -2.97027022e-01
    6.60182834e-01 6.63570225e-01 1.37887239e+00 9.29831266e-02
    9.37901139e-01 1.27777481e+00 -5.51188707e-01 -5.67578375e-01
    7.38234580e-01 6.25809729e-01 1.42067647e+00 1.94632709e-01
    6.48876727e-01 1.44734633e+00 1.45554543e+00 3.79802823e-01
    -5.68531990e-01 7.80919909e-01 1.32927847e+00 -2.73143530e-01
    1.60567558e+00 -6.78595662e-01 7.00845480e-01 -2.83468127e-01
    2.63655305e-01 7.20450461e-01 1.52559912e+00 1.55387998e+00
    1.30183434e+00 1.60579491e+00 -4.71404195e-01 7.64885008e-01
    7.85323381e-01 -2.12909877e-01 -4.49048489e-01 -1.06692314e-05
    3.22818756e-04 -2.47130573e-01 -3.45297992e-01 9.79242563e-01
    2.27819085e-02 6.33556008e-01 1.48092473e+00 1.23550344e+00
    1.67706370e+00 3.54442716e-01 3.52864385e-01 9.23821509e-01
    1.35041833e+00 3.98212910e-01 1.19098341e+00 1.38203049e+00
    1.19986296e+00 -2.85638541e-01 7.12794304e-01 1.02873158e+00
    2.64179707e-03 -7.13834047e-01 4.54235077e-02 -6.61945224e-01
    3.34435821e-01 1.11377311e+00 -9.24724340e-02 1.27328277e+00
    -6.21021867e-01 9.19417024e-01 -3.18320364e-01 -5.50885022e-01
    -1.28119349e-01 6.53268516e-01 9.91661429e-01 -2.43695915e-01
    3.80891442e-01 -2.60422230e-01 7.54115760e-01 5.15485644e-01
    1.25560331e+00 1.42554319e+00 1.50180721e+00 4.13799763e-01
    -6.35388374e-01 3.88698220e-01 1.44384074e+00 1.18632293e+00
    1.49967051e+00 -7.04005957e-01 -1.48062825e-01 1.01835370e-01
    2.98998237e-01 -5.99009573e-01 1.51776624e+00 1.43913698e+00
    8.25609505e-01 1.20863450e+00 -7.00354934e-01 1.35393119e+00
    -6.99562609e-01 1.53918386e+00 1.30279350e+00 1.02235413e+00
    -6.11375451e-01 -6.68022335e-01 -4.74495500e-01 1.14352381e+00
    -6.32092834e-01 5.20302832e-01 3.46330106e-01 -1.00458682e-01
    1.54769015e+00 8.86020243e-01 1.56525719e+00 1.75885916e-01
    8.81960392e-01 2.52482951e-01 1.58036566e+00 1.47978783e+00
    -1.72078609e-03 -9.78965759e-02 5.24802983e-01 1.15512538e+00
    5.45808375e-01 3.29525769e-01 7.52690196e-01 3.51119101e-01
    1.36292136e+00 2.01094389e-01 5.75234056e-01 1.56718183e+00
    -6.65604234e-01 7.11664438e-01 1.53635657e+00 1.14779115e+00
    -9.19244885e-02 9.15961921e-01 -4.50808942e-01 1.20119834e+00
    7.70347178e-01 -5.28821647e-01 7.65076518e-01 -3.88725638e-01
    -2.15699852e-01 -7.00815678e-01 1.90507889e-01 8.10821831e-01
    -6.23441100e-01 1.09575093e-01 -4.10759628e-01 -7.11854696e-01
    1.91782713e-02 6.41536117e-01 -4.39277381e-01 3.73319983e-02
    1.21621013e+00 -7.44950712e-01 6.28036559e-01 -1.69848144e-01
    -3.52181435e-01 1.32860434e+00 1.37324047e+00 8.28607380e-01
    1.53130078e+00 -5.93668222e-02 2.41201043e-01 7.44783282e-01
    9.29105699e-01 3.30999017e-01 -2.58001775e-01 1.65362287e+00
    1.28357530e-01 2.54027903e-01 -4.55031753e-01 6.44192696e-01
    5.63012898e-01 1.48226333e+00 2.44130492e-02 1.14980495e+00
    -3.92221957e-01 1.65887809e+00 5.35686493e-01 -7.40121543e-01
    1.13151264e+00 -1.28062010e-01 -9.62586999e-02 1.37970638e+00
    -2.22893298e-01 7.51531005e-01 1.71546483e+00 -6.16086364e-01
    1.54164600e+00 5.62147796e-01 -3.69622767e-01 -7.65594304e-01
    1.57455182e+00 -2.76621699e-01 -4.18216556e-01 1.57192039e+00
    6.00827992e-01 -7.37728477e-01 1.95457041e-01 6.09930634e-01
    6.12381697e-01 1.33533823e+00 1.19091785e+00 1.16945887e+00
    -1.28467262e-01 8.54003131e-01 -4.89594102e-01 7.30158389e-01
    1.75203836e+00 1.27037251e+00 1.75484228e+00 -2.89425939e-01
    -5.89268863e-01 1.63970041e+00 -7.00917184e-01 -9.87295508e-02
    1.42513490e+00 -5.68085968e-01 7.47225642e-01 1.08298421e+00
    -5.16296029e-01 4.91360545e-01 1.01607227e+00 4.75418568e-01
    -5.43739200e-02 1.01961255e+00 3.90473008e-01 1.59241736e+00
    1.34409213e+00 -8.33224058e-02 3.54431927e-01 1.12202442e+00
    3.86031270e-01 1.68893600e+00 6.02359772e-02 -1.41998887e-01
    -2.62101263e-01 3.24050605e-01 1.97005272e-02 1.18226337e+00
    1.31558537e-01 -6.16343975e-01 -5.14613390e-01 1.04653072e+00
    1.13319397e-01 -2.35309899e-01 9.65414166e-01 1.43268633e+00
    7.08066881e-01 4.75775063e-01 1.65366578e+00 1.57960176e+00
    7.98815787e-01 -6.17925763e-01 -4.70653415e-01 6.09068453e-01
    1.48465276e+00 1.22480750e+00 1.05783224e+00 5.83073199e-01
    2.10182667e-01 -6.13377690e-02 -5.71042597e-01 -3.08750272e-01
    -6.65429235e-01 1.42424536e+00 5.35918713e-01 -4.07100409e-01
    1.57160532e+00 1.34503984e+00 1.24110937e+00 8.71127844e-01
    6.43147826e-02 -2.63127238e-01 -5.89803815e-01 -3.53775412e-01
    2.42562830e-01 1.50773108e+00 -2.30887353e-01 6.98017895e-01
    -7.19979346e-01 9.04795706e-01 1.75752616e+00 -4.70761687e-01
    7.33117342e-01 1.21759963e+00 1.12736762e+00 1.74055421e+00
    4.64690983e-01 2.43004799e-01 2.29575276e-01 -5.94551265e-01
    -2.37391591e-01 1.60638928e+00 2.89009094e-01 -6.37635708e-01
    1.10368001e+00 -1.18314743e-01 -3.16055983e-01 -6.94756925e-01
    1.29949701e+00 -2.90781796e-01 -1.52373672e-01 4.56544340e-01
    1.11446011e+00 1.55547607e+00 -1.44646287e-01 1.33481228e+00
    6.24794960e-01 -2.12469876e-01 -1.86784923e-01 1.19434536e+00
    9.56288099e-01 -2.76171952e-01 6.69460058e-01 -4.98383492e-01
    9.61625338e-01 1.57864141e+00 3.03589702e-02 9.31805670e-01
    2.13069201e-01 -5.26984930e-02 1.22595000e+00 2.04527378e-01
    1.15000153e+00 3.17584515e-01 6.97723925e-01 -2.49722660e-01
    6.24332845e-01 1.08268809e+00 7.12905228e-01 -3.66948456e-01
    -3.98601294e-02 -3.57015252e-01 1.71291053e+00 1.06191373e+00
    1.47149277e+00 -3.06893557e-01 1.21488810e-01 1.43663466e-01
    1.07667685e+00 1.12863588e+00 7.22001135e-01 6.96894288e-01
    -7.03755796e-01 1.43320680e+00 -6.74155891e-01 1.64955080e+00
    -2.35533774e-01 9.63447034e-01 -6.84145093e-02 1.49237239e+00
    6.49141729e-01 -4.34206307e-01 2.99465239e-01 1.41186297e+00
    9.16740239e-01 9.33839083e-01 -1.54154539e-01 1.33334637e+00
    6.49489880e-01 -4.92225856e-01 4.39786494e-01 -5.55458963e-01
    1.08264160e+00 -6.27248824e-01 5.90585053e-01 1.14387155e+00
    1.27687454e-02 9.50588942e-01 1.52301407e+00 1.44498646e+00
    -4.27609950e-01 1.63767338e-01 -4.02201086e-01 -6.22922480e-01
    1.49992228e-01 -2.11688459e-01 -1.36004448e-01 1.38919830e+00
    -2.34117508e-01 -6.91159248e-01 5.73183715e-01 1.45946932e+00
    1.13576412e+00 2.02895701e-01 5.10623157e-01 1.05139589e+00
    5.06502628e-01 4.46856320e-01 2.29536355e-01 -2.60209203e-01
    1.72784424e+00 1.71050119e+00 1.41886950e+00 -8.86912346e-02
    7.95019925e-01 8.09802115e-01 1.35789227e+00 3.39477777e-01
    1.17346609e+00 1.32763243e+00 -1.23028517e-01 2.13399410e-01
    1.45288730e+00 4.30848300e-01 -6.98841751e-01 7.42814302e-01
    7.10912049e-01 1.40944982e+00 1.78241551e-01 1.38721538e+00
    9.36104476e-01 -4.81060326e-01 -2.18436897e-01 6.64651632e-01
    -4.45696652e-01 4.78436649e-01 -6.79827511e-01 6.96114302e-02
    2.73420930e-01 1.81113720e-01 5.27381122e-01 1.24990892e+00
    -5.20098150e-01 4.88678813e-01 -2.26623297e-01 5.27803183e-01
    1.51558375e+00 1.50069726e+00 2.24554896e-01 1.53856730e+00
    9.54925358e-01 -3.36003959e-01 -7.21936226e-02 1.49433565e+00
    1.48662245e+00 -5.35130978e-01 1.08183146e+00 6.23173594e-01
    1.04369295e+00 -9.11518931e-02 1.52909756e+00 -4.05846596e-01
    -7.42968023e-01 7.35423863e-01 7.81664789e-01 4.82500017e-01
    -3.04917455e-01 7.40377307e-02 3.14217269e-01 1.15969348e+00
    9.53504503e-01 1.65676725e+00 -7.43243992e-01 9.34141755e-01
    2.10972965e-01 1.26237297e+00 -7.10510314e-01 9.57646966e-01
    -5.66669226e-01 4.55637872e-01 6.96562529e-01 1.22964096e+00
    -4.85997200e-01 1.62890494e-01 6.98221922e-01 -3.38447094e-02
    8.30888033e-01 -9.69280601e-02 1.15860200e+00 7.64495671e-01
    1.43141413e+00 1.53266597e+00 1.09781981e+00 1.27287793e+00
    9.71199989e-01 4.19300020e-01 5.12666225e-01 -1.08126640e-01
    1.68872905e+00 -4.61968213e-01 2.85445452e-02 -4.20932233e-01
    7.24672675e-02 -4.55725580e-01 1.37506139e+00 9.41827714e-01
    -5.61041594e-01 1.65524721e+00 1.38500381e+00 4.58760262e-02
    -1.61376357e-01 7.30183482e-01 5.35196543e-01 -3.42635751e-01
    1.48453259e+00 1.33359289e+00 5.49702644e-02 8.56775641e-01
    4.05731201e-01 -5.01908481e-01 1.47483051e+00 -3.68450433e-01
    1.39209414e+00 1.85715318e-01 1.22686744e+00 1.30736852e+00
    8.07878196e-01 -8.85026455e-02 1.67637265e+00 8.24168265e-01
    6.74693167e-01 1.63697767e+00 8.63757610e-01 1.70765233e+00
    4.80044305e-01 3.23643625e-01 7.96276152e-01 1.43859196e+00
    1.06861413e-01 4.88006532e-01 1.08463526e+00 3.08301270e-01
    -1.86998010e-01 -6.59058452e-01 1.66390145e+00 2.96603620e-01
    -1.18114412e-01 1.69399381e+00 -3.78733575e-01 1.28854668e+00
    9.93522763e-01 9.51933503e-01 1.06128597e+00 3.87960911e-01
    1.20549893e+00 -7.18337119e-01 -6.10306203e-01 -2.47951210e-01
    1.72629285e+00 6.39238417e-01 1.39886117e+00 -7.02422261e-01
    -6.65543795e-01 7.96881795e-01 4.70509589e-01 -6.54394627e-01
    5.78207254e-01 1.29253387e+00 -6.40700996e-01 7.53146410e-03
    -6.70982361e-01 6.05909050e-01 1.15850687e+00 1.09780526e+00
    1.54519093e+00 6.52286351e-01 1.69393730e+00 4.76278305e-01
    -4.72565114e-01 8.61543119e-01 1.67269623e+00 1.62434816e+00
    1.39585555e-01 1.10068107e+00 -2.78257072e-01 1.34374619e+00
    -7.12741971e-01 3.85766149e-01 -3.70855749e-01 1.00607276e+00
    3.93804967e-01 -2.08308578e-01 9.09548938e-01 2.50320435e-01
    9.56313431e-01 9.82947648e-01 4.61354136e-01 -6.96936965e-01
    1.58302629e+00 -2.35397816e-01 1.28615761e+00 2.28713512e-01
    2.66977370e-01 5.36516309e-01 -4.27661330e-01 5.39201140e-01
    4.97121930e-01 9.68315363e-01 6.21811926e-01 3.82393956e-01
    1.15934646e+00 4.47193205e-01 3.61903191e-01 1.58940578e+00
    -5.21925569e-01 1.51681757e+00 7.33374536e-01 6.22931778e-01
    6.13181829e-01 -4.64868635e-01 5.32063484e-01 -3.57009768e-02
    6.19924664e-02 -6.64251745e-01 6.06382012e-01 1.57647967e+00
    3.61962140e-01 1.70720220e+00 4.06927466e-01 1.69080305e+00
    8.12411189e-01 1.41228056e+00 1.64522886e+00 7.66121984e-01
    -4.76232857e-01 4.14807975e-01 -5.52397370e-01 3.53200436e-01
    6.63524210e-01 -1.97479010e-01 1.19781685e+00 8.84133637e-01
    1.46997118e+00 1.61489451e+00 -1.59393787e-01 -2.71804571e-01
    9.76494491e-01 -2.43456066e-01 1.61841142e+00 -7.54098892e-01
    9.01231706e-01 -4.46376801e-02 9.45768297e-01 -6.77893996e-01
    9.59612072e-01 1.63716292e+00 7.44573414e-01 1.67597604e+00
    6.54792666e-01 8.72870445e-01 1.09831774e+00 -1.17075562e-01
    -5.01112044e-01 1.71316743e+00 -5.07560968e-02 7.82555044e-01
    1.22311425e+00 1.00564647e+00 -5.63118458e-01 1.01035190e+00
    2.21024990e-01 1.19577622e+00 -3.92370492e-01 5.83281040e-01
    4.92294490e-01 8.02723169e-01 -5.05998433e-01 1.70065546e+00
    -6.62099719e-02 -6.83750272e-01 4.62678730e-01 -8.14781785e-02
    1.21203017e+00 -2.68833637e-01 8.90824378e-01 7.01033950e-01
    -6.17415965e-01 4.93756473e-01 1.09188128e+00 1.24443746e+00
    1.13518190e+00 8.02530468e-01 1.09750581e+00 -5.30073881e-01
    -6.29884899e-01 1.64799356e+00 -2.04760611e-01 -6.90420389e-01
    1.51319838e+00 1.34012580e+00 1.51581657e+00 -4.33864146e-01
    3.07500958e-01 -5.68928361e-01 1.18716431e+00 1.15708029e+00
    -9.34287310e-02 1.07410336e+00 9.47170973e-01 -7.31361985e-01
    1.00612187e+00 -2.82025874e-01 -4.68078554e-01 7.91352272e-01
    1.90552473e-02 -4.48793501e-01 1.24899125e+00 1.76761746e-02
    1.30081308e+00 2.75784612e-01 1.46974933e+00 4.03184652e-01
    9.14061308e-01 7.99448788e-01 1.41368794e+00 1.52215910e+00
    -7.03495741e-02 7.03129172e-01 -4.04103518e-01 -1.70860887e-02
    1.31244421e+00 -2.70372033e-02 1.68641603e+00 -7.30633020e-01
    1.48417616e+00 1.72892237e+00 1.17035127e+00 3.44936550e-01
    -4.92223322e-01 -2.92581230e-01 1.19067192e+00 1.49360228e+00
    1.42982554e+00 1.37876868e-01 6.30506575e-01 1.38343334e-01
    -1.72853589e-01 7.64544070e-01 9.51358497e-01 -2.20974863e-01
    1.22280538e+00 -2.35517532e-01 1.69699907e+00 1.20906150e+00
    -8.30119848e-02 1.59025645e+00 6.28310442e-02 -8.43442678e-02
    1.71656263e+00 1.28118479e+00 -3.45900953e-01 4.50901747e-01
    -4.19407994e-01 4.34748411e-01 3.06907594e-01 1.05192137e+00
    6.62369967e-01 4.01041389e-01 1.56054831e+00 -6.61415517e-01
    1.68808889e+00 3.95928204e-01 1.45028925e+00 7.44329274e-01
    5.80865622e-01 -1.14073575e-01 4.56821799e-01 -4.84610140e-01
    1.28476214e+00 1.10575068e+00 2.02491999e-01 3.37449908e-01
    4.34884310e-01 7.32973814e-02 1.68474376e+00 1.05790389e+00
    -6.06832027e-01 3.98118317e-01 8.97697031e-01 -5.29540777e-02
    1.36656308e+00 5.65432906e-01 5.51809430e-01 1.43373036e+00
    9.22125578e-02 -1.65323138e-01 1.70273662e+00 1.55753660e+00
    -4.96075273e-01 -6.70331538e-01 -6.31174564e-01 1.31708884e+00
    5.06762981e-01 1.22950613e+00 1.61645055e+00 4.13720310e-01
    -3.31343591e-01 -1.74038291e-01 9.02669251e-01 2.85337210e-01
    1.48974657e+00 1.40675175e+00 6.99196339e-01 5.48459828e-01
    1.00103796e-01 3.88994813e-01 1.74639952e+00 1.09084368e+00
    -3.42570633e-01 5.22250116e-01 -5.33746123e-01 1.45900679e+00
    -1.91630304e-01 -6.46593392e-01 -5.00484705e-01 1.95545018e-01
    1.58606017e+00 1.56763875e+00 3.65824163e-01 1.25078893e+00
    -3.20517510e-01 8.43955874e-01 3.39949429e-01 -4.01785702e-01
    -6.87999487e-01 1.37128174e-01 5.38283587e-02 -1.29659355e-01
    6.19569004e-01 -1.59725547e-01 -5.79973698e-01 1.25072443e+00
    1.27575159e+00 6.90592289e-01 3.00890863e-01 -2.98563510e-01
    -6.67799830e-01 1.60038781e+00 1.46945548e+00 1.70784926e+00
    3.14584017e-01 -2.12987065e-01 -5.24122119e-01 3.58299255e-01
    1.29390335e+00 -6.63832009e-01 -2.75960207e-01 -7.18893468e-01
    1.28583360e+00 1.12074041e+00 3.94814849e-01 6.07169390e-01
    1.82406604e-01 1.09199667e+00 8.31695974e-01 6.08867466e-01
    -5.90409994e-01 4.79659855e-01 -6.07324660e-01 6.56190455e-01
    1.17348647e+00 -1.25454247e-01 3.53031099e-01 7.45848179e-01
    1.22858262e+00 1.41212749e+00 1.51364946e+00 1.31303585e+00
    1.45421076e+00 1.65194511e+00 -1.18683577e-01 3.99171710e-01
    2.96119452e-02 1.56182027e+00 2.78323948e-01 -4.41508859e-01
    7.96017170e-01 9.49278831e-01 8.78956199e-01 4.07594621e-01
    3.59426975e-01 5.64707637e-01 -5.93748450e-01 2.57071972e-01
    1.45301759e-01 9.76867676e-02 -1.60220027e-01 1.75151527e-01
    -7.11031675e-01 5.57368636e-01 1.28008699e+00 6.20196462e-01
    8.58375430e-01 -7.34110951e-01 8.97796035e-01 -7.22983479e-01
    3.70909870e-01 1.20098913e+00 7.63992667e-01 -6.12183571e-01
    5.41554093e-01 -2.80564487e-01 1.34701109e+00 1.63690901e+00
    4.40292537e-01 1.11489570e+00 1.26915073e+00 -1.97127104e-01
    1.64156842e+00 1.52058172e+00 7.57211685e-01 1.41281271e+00
    1.55294609e+00 1.42555654e+00 9.47625697e-01 -3.11723828e-01
    1.38535917e+00 -2.34665394e-01 9.62650776e-01 1.68241596e+00
    -6.26158714e-01 9.17273402e-01 1.04697633e+00 4.24691439e-02
    9.19142365e-02 -4.28129047e-01 -2.06909776e-02 5.62237322e-01
    8.28527749e-01 1.16422033e+00 6.69806063e-01 -3.14397871e-01
    5.30867577e-02 1.36060762e+00 3.26057911e-01 1.42618299e+00
    9.65913057e-01 -3.15264761e-01 -8.90394449e-02 9.16134596e-01
    -2.34068036e-02 -7.00888455e-01 1.32724690e+00 4.80019391e-01
    -1.94645643e-01 3.70582163e-01 1.21039677e+00 8.14633310e-01
    -3.12210560e-01 1.68761778e+00 3.21666658e-01 -6.50971293e-01
    8.12031329e-01 9.55101967e-01 -7.19638586e-01 6.64591134e-01
    -5.59688568e-01 -2.30492592e-01 7.85616279e-01 8.44183981e-01
    1.61318326e+00 7.18451619e-01 -2.73797572e-01 -3.40521842e-01
    9.83094037e-01 -1.75617874e-01 5.90600193e-01 8.45234871e-01
    3.08999062e-01 -3.27439219e-01 6.98770523e-01 1.41784286e+00
    6.39760196e-01 1.19437718e+00 1.23595238e+00 -4.97160673e-01
    9.76537466e-01 6.38489127e-02 2.49911785e-01 9.46211219e-01
    1.13640654e+00 5.82985103e-01 9.86330688e-01 1.19166577e+00
    -4.39653218e-01 5.41846633e-01 1.06224132e+00 7.13705719e-01
    6.31302655e-01 3.76666248e-01 -4.52205092e-01 1.74895775e+00
    1.53036118e+00 1.53382683e+00 1.66760206e+00 -1.21087551e-01
    2.76802242e-01 5.63469589e-01 7.01155245e-01 1.22444081e+00
    -5.27882814e-01 -3.43727171e-01 8.16705287e-01 -6.22021914e-01
    -1.11010671e-02 1.24729729e+00 -6.39108062e-01 -4.38380986e-01
    1.08919311e+00 -6.55673683e-01 4.84882116e-01 -2.91936606e-01
    2.19570816e-01 1.71653175e+00 7.05875576e-01 4.01014745e-01
    3.68389308e-01 4.71306264e-01 2.96913743e-01 -2.73222566e-01
    4.65713859e-01 -1.15288615e-01 1.49705768e-01 9.99282181e-01
    8.56818974e-01 1.65318632e+00 -3.51065367e-01 1.19503498e+00
    7.97945261e-01 1.46082604e+00 -2.53934205e-01 8.54575336e-01
    -4.37845170e-01 8.59175861e-01 2.89448500e-02 2.73020267e-01
    -6.82136834e-01 -1.78577363e-01 1.60550940e+00 1.48119938e+00
    7.46394753e-01 -5.51035821e-01 1.06118011e+00 3.43676209e-01
    1.66131234e+00 -4.81648892e-01 1.42142105e+00 1.50584054e+00
    1.42170191e+00 -6.48083806e-01 -5.76600790e-01 2.29953349e-01
    1.34440017e+00 2.92142034e-02 2.85192966e-01 -7.43938029e-01
    -4.00653183e-01 1.62949502e+00 -6.62612140e-01 1.45087445e+00
    3.85481596e-01 3.89917850e-01 1.64737535e+00 8.12779009e-01
    -5.71137607e-01 1.50815499e+00 -4.31555837e-01 1.01457179e+00
    -5.85653603e-01 4.46302891e-01 -5.76835871e-03 1.22499847e+00
    3.76556039e-01 1.53058767e-03 -1.94202900e-01 2.02596188e-02
    -6.10850871e-01 1.25783515e+00 1.01100135e+00 6.36723101e-01
    -4.17973161e-01 1.67102766e+00 4.83109832e-01 5.23113608e-02
    -4.92223680e-01 -4.66425151e-01 1.58346534e+00 -7.23325133e-01
    -2.49665588e-01 5.88423073e-01 8.29603434e-01 -3.35579813e-01
    6.33697271e-01 3.43026042e-01 7.55918026e-03 -5.46877146e-01
    1.63635612e+00 -6.82582974e-01 -6.50473952e-01 -3.53603989e-01
    -2.11014688e-01 8.68678093e-01 8.51987004e-02 -6.50857389e-01
    -3.18192303e-01 3.56907070e-01 1.15879536e+00 1.38712275e+00
    1.61472344e+00 7.26741552e-01 1.70515466e+00 1.37545228e+00
    9.11681652e-01 -1.09951496e-01 -3.53964567e-02 2.35139072e-01
    4.76037383e-01 7.96406865e-01 -2.20804214e-02 2.00194478e-01
    -8.11330080e-02 1.49127293e+00 8.80315244e-01 7.83722818e-01
    -4.10045356e-01 7.60577261e-01 9.14197862e-01 6.59589469e-01
    6.70925140e-01 6.02524698e-01 -1.51451290e-01 1.21855092e+00
    1.40219498e+00 -4.70584869e-01 -6.59648776e-02 -7.98304081e-02
    2.87663341e-01 1.34562421e+00 1.17882252e-01 -5.50337970e-01
    1.04822683e+00 4.48937714e-01 1.17527044e+00 1.10535848e+00
    9.65816438e-01 1.08653402e+00 1.49669468e+00 1.64307523e+00
    1.10658109e-01 -2.05305755e-01 -4.54757094e-01 8.67015541e-01
    1.30417395e+00 8.73440266e-01 1.07689714e+00 1.26061678e-01
    1.95822358e-01 9.11050916e-01 1.00194669e+00 1.00194049e+00
    -1.55295432e-01 5.14547706e-01 1.01892948e-01 3.10122788e-01
    -7.66756773e-01 4.33151662e-01 -2.04678714e-01 4.37456250e-01
    1.10449862e+00 1.15118742e+00 3.22768092e-02 3.46577048e-01
    5.81048727e-01 1.48293209e+00 1.51107883e+00 -1.00417018e-01
    1.35106635e+00 -6.08690143e-01 1.10380125e+00 1.16920209e+00
    1.26268411e+00 8.43097746e-01 3.22703183e-01 -3.12645197e-01
    7.37753212e-01 1.50202513e-01 9.14525986e-02 1.52697849e+00
    6.10307217e-01 5.72454333e-01 5.60969472e-01 -6.87538326e-01
    -2.40564495e-01 -4.56727654e-01 -1.79772019e-01 -3.50166291e-01
    1.35853362e+00 7.37509310e-01 2.15128839e-01 1.16967106e+00
    1.52504027e-01 9.50871766e-01 8.79164636e-01 -2.43304551e-01
    1.32137799e+00 6.15320802e-02 -2.03048944e-01 8.37031186e-01
    -7.10252523e-02 5.00445902e-01 -3.48046809e-01 -2.97816366e-01
    9.06915009e-01 -7.29439080e-01 6.77232623e-01 3.91551495e-01
    -7.02840090e-01 -3.46077770e-01 9.82431591e-01 1.53797543e+00
    1.36119032e+00 6.86935604e-01 -5.43980956e-01 1.33963966e+00
    1.67549038e+00 3.74725997e-01 -3.77548128e-01 1.12768912e+00
    1.03345144e+00 -2.49845624e-01 8.59501362e-01 1.13054442e+00
    1.69884121e+00 4.65594828e-01 -4.48097885e-01 7.26186037e-02
    8.33118975e-01 5.56371868e-01 -2.11544603e-01 -6.60160184e-02
    6.89730644e-02 4.99248981e-01 8.18110168e-01 8.60880733e-01
    1.24215317e+00 1.26359546e+00 -3.55246395e-01 -4.96317953e-01
    5.81869721e-01 -5.16489267e-01 1.38223839e+00 4.38783407e-01
    1.35170245e+00 3.35634589e-01 1.48866260e+00 1.25101745e-01
    -6.85077369e-01 1.39368761e+00 8.93227160e-01 9.84168291e-01
    -3.06614518e-01 8.66193950e-01 -1.77212298e-01 1.75124669e+00
    1.13782263e+00 1.20254457e-01 1.47828972e+00 1.46261287e+00
    1.71740937e+00 1.42230105e+00 2.27588832e-01 -1.55520439e-03
    -6.29699409e-01 -3.97363007e-01 1.36830068e+00 9.54014957e-01
    5.37876844e-01 1.06756878e+00 1.69982338e+00 9.27932262e-02
    1.37090325e-01 1.51007664e+00 -5.18598795e-01 8.43644500e-01
    1.49883318e+00 -2.42262244e-01 -1.19205236e-01 1.14975274e+00
    9.19349492e-01 -6.13025486e-01 7.25384176e-01 5.48129499e-01
    7.59932518e-01 3.92524600e-02 7.95314133e-01 1.25801396e+00
    3.34509015e-01 6.96020544e-01 3.24066937e-01 -4.39940393e-01
    1.23422813e+00 1.66814089e+00 2.98111975e-01 1.54773426e+00
    9.20345604e-01 1.06967425e+00 -3.10098529e-02 9.91900742e-01
    -4.67466325e-01 1.28863358e+00 -1.76374197e-01 3.84175181e-01
    7.90670753e-01 -2.76146472e-01 7.53339231e-01 1.22803223e+00
    8.78568709e-01 1.32896137e+00 -5.90565801e-02 1.33576059e+00
    1.24897194e+00 -1.21650338e-01 1.40800261e+00 1.69906497e+00
    6.20647788e-01 -4.89367455e-01 3.45977306e-01 4.74595726e-01
    1.75666142e+00 1.48245788e+00 -3.64872217e-02 -9.18138027e-02
    -3.61840248e-01 1.31299174e+00 7.35691667e-01 3.73691380e-01
    -4.27980006e-01 1.17585802e+00 -4.50095385e-01 1.19442606e+00
    1.36142087e+00 1.54386890e+00 3.03124487e-01 9.35415626e-02
    4.56935763e-01 -1.88045323e-01 4.71106529e-01 1.72400713e+00
    -1.44262373e-01 2.52693474e-01 -6.16031766e-01 1.04821301e+00
    9.67558444e-01 -5.28737068e-01 2.64885426e-02 -1.23433650e-01
    -4.53747630e-01 8.63220155e-01 1.20546401e+00 1.09397590e-01
    1.07994127e+00 1.21187270e+00 1.40513325e+00 1.19752395e+00
    1.20839930e+00 1.33240414e+00 6.22403979e-01 1.36948407e-01
    4.83992457e-01 -6.71327829e-01 1.22076488e+00 -9.00866389e-02
    9.51574743e-01 8.93614829e-01 -6.82750225e-01 -2.22371161e-01
    1.44353592e+00 1.71868587e+00 -5.46883941e-01 -6.95399046e-01
    1.20334411e+00 4.85721529e-01 1.50402939e+00 -4.09235209e-01
    -2.45742202e-02 1.42879891e+00 1.40619421e+00 -2.32160687e-01
    1.06569827e+00 -2.85920471e-01 7.11017311e-01 3.54141235e-01
    1.49608541e+00 1.46440125e+00 -3.46183687e-01 2.13108063e-02
    1.58843517e-01 3.03576827e-01 7.54589379e-01 1.14313173e+00
    -1.85791969e-01 6.94228411e-02 -3.72712135e-01 3.03497434e-01
    1.47785246e-01 5.10170996e-01 3.75057161e-01 7.61885881e-01
    1.21476483e+00 -6.91400588e-01 -8.39206576e-02 1.56551480e+00
    6.69253469e-01 -3.56808513e-01 -2.47265339e-01 1.26343250e+00
    1.52619982e+00 1.56556225e+00 2.35322714e-02 1.26981914e+00
    5.26204705e-02 1.04475164e+00 -7.50711560e-02 1.59224319e+00
    -4.66475606e-01 1.18054914e+00 -1.20235801e-01 4.91458178e-01
    1.41345119e+00 7.95388222e-02 3.86572003e-01 6.34284854e-01
    6.03372097e-01 1.51722264e+00 -4.25353467e-01 1.58105659e+00
    -4.77251142e-01 7.43439257e-01 -4.63367045e-01 7.26420403e-01
    2.51281857e-01 3.74878168e-01 7.77476609e-01 1.74569678e+00
    1.51266766e+00 1.38982296e-01 9.26354766e-01 -2.13645220e-01
    1.58607113e+00 1.23206127e+00 2.09449172e-01 1.17907596e+00
    1.75407028e+00 5.65083623e-02 1.24969769e+00 1.78687871e-01
    1.69566464e+00 1.32700622e+00 8.71277571e-01 1.12329185e-01
    -5.43971658e-01 1.68241155e+00 3.46809626e-03 6.97699368e-01
    1.46723938e+00 6.29368305e-01 4.32729721e-03 -4.56001371e-01
    -2.79509038e-01 1.71622014e+00 1.32723331e+00 2.33913243e-01
    6.22334599e-01 9.98356223e-01 1.45476663e+00 1.70438218e+00
    -6.64302349e-01 -2.78922468e-01 3.73178542e-01 2.60983348e-01
    -4.70905364e-01 1.04595006e-01 1.64246988e+00 1.38355470e+00
    -3.02265912e-01 1.57140899e+00 8.25825632e-01 8.03670466e-01
    1.26026511e+00 -5.01236379e-01 1.41394579e+00 1.08790255e+00
    8.39557946e-01 7.56180286e-02 1.74571872e+00 -6.62229598e-01
    -2.87438929e-01 1.24700570e+00 -5.11829734e-01 1.24561095e+00
    4.47836399e-01 -5.92196107e-01 3.20584178e-01 -6.52845085e-01
    1.05085266e+00 5.33244848e-01 1.42867231e+00 1.66198194e-01
    1.16486347e+00 4.65406120e-01 -1.82786286e-01 7.05903292e-01
    3.95749211e-01 6.96406305e-01 5.70021868e-02 -7.02228129e-01
    -7.00841308e-01 1.26661682e+00 -6.90653563e-01 9.16610718e-01
    9.94405925e-01 -1.48584962e-01 9.61074412e-01 1.20965838e-01
    7.83842862e-01 -5.19895613e-01 1.69254136e+00 -6.97746038e-01
    1.65331554e+00 1.30681431e+00 -1.49451971e-01 1.13744271e+00
    1.61113882e+00 -1.32896900e-02 1.14316344e-01 4.49482858e-01
    2.40788281e-01 1.07743621e-01 -7.02202201e-01 3.38131070e-01
    1.55766451e+00 8.20512235e-01 3.90582144e-01 -7.15047538e-01
    6.52350962e-01 2.15363503e-03 -6.68398142e-01 8.11065018e-01
    1.41560793e+00 6.60829723e-01 -1.73636079e-01 1.05570078e-01
    -6.92877471e-01 2.80308187e-01 2.32907951e-01 -5.46540022e-02
    9.07469392e-02 9.97311592e-01 5.95418692e-01 -9.12919641e-02
    8.29317510e-01 1.39528322e+00 -5.65201938e-01 4.68408167e-01
    1.08288395e+00 4.09665525e-01 -5.46643019e-01 2.54177690e-01
    3.67064536e-01 7.84510911e-01 -6.82837903e-01 1.63318563e+00
    6.61035776e-01 6.98798656e-01 1.31632113e+00 1.46110201e+00
    -9.08232927e-02 6.33708417e-01 -4.15198892e-01 7.20287383e-01
    2.50806153e-01 7.77941167e-01 7.72025049e-01 -5.53722680e-01
    1.08147883e+00 3.29898655e-01 -3.63526583e-01 6.18139386e-01
    2.66653299e-03 -3.68713617e-01 1.16210294e+00 8.52799296e-01
    1.56495786e+00 4.98915136e-01 -4.69810277e-01 -4.70973134e-01
    8.89924943e-01 2.08966255e-01 1.67224002e+00 1.11557984e+00
    7.23252535e-01 1.43544030e+00 -1.71443164e-01 9.57559943e-01
    -1.81121826e-01 1.11120176e+00 1.69665992e-01 2.66328335e-01
    1.41326451e+00 8.82443964e-01 1.49986804e+00 5.95434904e-01
    5.34315944e-01 9.39646840e-01 1.21285462e+00 5.49148560e-01
    1.76694751e-01 -4.36500520e-01 4.93892431e-02 4.36846972e-01
    1.18265963e+00 6.08915389e-01 4.13356185e-01 1.44131517e+00
    4.98947501e-01 -6.35958016e-01 5.08317351e-02 -7.79787898e-02
    8.93365502e-01 1.09211850e+00 -2.52109170e-02 -1.96279228e-01
    2.82828927e-01 8.94109845e-01 -3.78286362e-01 9.83977914e-01
    -3.79689038e-01 1.65202069e+00 1.68613005e+00 1.67686439e+00
    1.54731607e+00 5.84775507e-01 2.79302657e-01 9.40629661e-01
    1.30144525e+00 8.96756232e-01 7.96710312e-01 3.13252687e-01
    3.73193443e-01 -4.75236952e-01 1.61346555e+00 1.59959340e+00
    3.47284079e-02 3.01220417e-01 -3.50015253e-01 6.57451391e-01
    5.07101774e-01 1.14591694e+00 3.96156073e-01 -7.20334530e-01
    1.26196456e+00 1.22308016e+00 -7.29649186e-01 1.32305884e+00
    5.95326841e-01 1.01375270e+00 7.00802445e-01 5.76902926e-01
    -7.58057594e-01 -3.48517507e-01 -1.83777392e-01 4.95183766e-01
    3.66822124e-01 6.06003344e-01 1.56267929e+00 2.69719839e-01
    9.31445301e-01 -7.36321867e-01 -2.80412167e-01 8.12597930e-01
    -2.29549408e-01 1.16428876e+00 -1.28107667e-01 -4.36591953e-01
    -5.54912865e-01 4.32612240e-01 -6.78387225e-01 5.25887609e-01
    1.49949038e+00 2.14087486e-01 -2.06869423e-01 1.02190113e+00
    -5.99727154e-01 7.56234348e-01 7.72435427e-01 7.09009409e-01
    7.17970669e-01 8.55993629e-02 -2.00304389e-01 1.38037682e+00
    1.44102740e+00 7.65654445e-01 -6.78999245e-01 -5.68277657e-01
    2.42597580e-01 1.08709931e-02 -6.42890871e-01 3.44151974e-01
    1.04578447e+00 5.27617335e-01 -6.78028047e-01 1.16332531e+00
    3.81929517e-01 -2.24895716e-01 1.47488976e+00 1.24561429e-01
    6.34162068e-01 -4.28210557e-01 4.60637450e-01 -4.53301102e-01
    -1.71750784e-02 -6.31369650e-01 4.03899968e-01 1.28245187e+00
    1.44480300e+00 1.63794386e+00 -3.27037454e-01 3.43936086e-01
    6.56335235e-01 1.41065264e+00 1.48584914e+00 8.77667189e-01
    4.37734723e-01 2.98914611e-01 3.05284083e-01 1.54555988e+00
    1.44334245e+00 9.08331752e-01 1.48191690e+00 -6.76952839e-01
    6.39875174e-01 4.22288179e-01 -4.32554990e-01 8.11669827e-02
    1.56229520e+00 -4.24978286e-01 8.56422126e-01 1.80474639e-01
    5.45879722e-01 1.32437658e+00 -9.81121659e-02 8.20669413e-01
    -6.00366354e-01 1.37490368e+00 5.40011644e-01 1.33173406e-01
    1.51503563e+00 7.11597741e-01 1.49816668e+00 -5.41175246e-01
    -1.75236642e-01 1.32330978e+00 1.69183910e+00 1.31653810e+00
    -1.48618221e-01 9.65255499e-02 5.68489015e-01 -5.85491300e-01
    1.57067895e+00 1.68102157e+00 8.00874770e-01 -6.83586121e-01
    2.12336123e-01 7.24521875e-01 9.02377367e-01 1.27969265e+00
    1.02602708e+00 -7.23620057e-02 -5.25525331e-01 1.62107396e+00
    1.39401197e+00 -5.90955615e-01 1.13818336e+00 7.34846473e-01
    -2.58706957e-01 -1.27726972e-01 1.60826063e+00 6.50565505e-01
    -5.50388873e-01 -1.33632779e-01 -5.64885259e-01 4.58660483e-01
    -7.38558948e-01 1.49665308e+00 8.79402459e-01 1.03413248e+00
    6.96653366e-01 -6.69073224e-01 -8.55242014e-02 1.64124358e+00
    4.24936533e-01 8.46280634e-01 -6.86092257e-01 5.23693860e-01
    -8.52233171e-03 1.40618682e+00 7.83341765e-01 -7.34130919e-01
    -2.52511859e-01 8.30568373e-01 -5.93940139e-01 -6.55614853e-01
    -3.68351638e-01 4.63998795e-01 4.70408082e-01 2.69942403e-01
    7.32162118e-01 4.06311214e-01 6.90318525e-01 3.16849649e-01
    -5.65219700e-01 -6.12298608e-01 -5.42639375e-01 1.05012727e+00
    3.18402886e-01 1.03919148e+00 -2.83448339e-01 1.19388676e+00
    -6.23929918e-01 -4.84373182e-01 -3.89190912e-01 4.28135216e-01
    1.62159348e+00 5.70221186e-01 -7.90566802e-02 3.58765781e-01
    -1.21298552e-01 -3.26165408e-01 1.42295957e+00 7.55640328e-01
    -5.04401326e-02 1.11549616e+00 2.43043900e-02 1.59503245e+00
    1.37908447e+00 1.71877193e+00 1.18487978e+00 1.04487753e+00
    -7.03182280e-01 2.70629227e-01 3.55126143e-01 -2.73359746e-01
    -3.64615977e-01 -2.24628687e-01 -2.46226370e-01 1.37123537e+00
    1.68689895e+00 -2.19987869e-01 1.21882963e+00 -5.50975740e-01
    -1.94381297e-01 1.15190125e+00 -5.49628496e-01 1.64858389e+00
    1.09884429e+00 4.70053554e-02 1.54195738e+00 -3.13343823e-01
    6.85406923e-02 9.84396577e-01 1.50144219e+00 -3.90384287e-01
    5.13189554e-01 1.12282014e+00 9.58637595e-01 3.93626392e-01
    -1.78403139e-01 2.94310272e-01 -3.73801291e-01 1.53649402e+00
    -1.33215368e-01 5.60065210e-01 -4.34739977e-01 1.08501792e-01
    1.36706650e-01 3.46074879e-01 5.70103168e-01 5.42275250e-01
    5.86943030e-02 1.11909485e+00 4.48459387e-01 1.57798541e+00
    -7.15043783e-01 -4.35049593e-01 1.64266658e+00 7.18727648e-01
    -5.52785158e-01 1.71075666e+00 1.07067299e+00 5.83374381e-01
    -1.32223070e-01 -4.99314904e-01 1.07974339e+00 1.59038663e+00
    5.65954149e-01 -4.86672848e-01 -5.00073791e-01 1.09956145e+00
    3.22637558e-02 9.03781235e-01 8.88327062e-01 -6.75729513e-02
    5.75705051e-01 -1.31326020e-01 9.37892616e-01 1.30697227e+00
    1.07900083e-01 5.38715601e-01 -3.32270503e-01 1.56332064e+00
    -6.83098257e-01 -7.62903869e-01 1.29062700e+00 1.28917277e+00
    7.62278259e-01 6.24919772e-01 1.02391863e+00 5.84783137e-01
    8.92877519e-01 -2.31717706e-01 1.72354460e-01 -7.53983319e-01
    6.03302836e-01 -4.05894458e-01 3.03152740e-01 -6.77737355e-01
    1.63795781e+00 -6.83095813e-01 8.30057800e-01 1.06934679e+00
    1.53042698e+00 4.25223708e-01 -1.80264294e-01 1.62513828e+00
    -4.28506076e-01 6.33028328e-01 1.32929349e+00 1.57477844e+00
    1.65095401e+00 -5.83889484e-02 3.51052642e-01 1.43541527e+00
    8.32935929e-01 2.27230787e-02 1.73358798e+00 1.56795847e+00
    4.83497858e-01 8.48878622e-02 -6.48402035e-01 1.69489169e+00
    -5.36933601e-01 1.42447281e+00 1.37954414e+00 1.20675230e+00
    -5.00585198e-01 1.16265273e+00 9.95423257e-01 6.59701645e-01
    5.90329230e-01 1.70515060e+00 -3.42430383e-01 9.93433774e-01
    1.30799079e+00 3.52734506e-01 4.47562099e-01 4.26549554e-01
    1.16356480e+00 1.30843186e+00 -3.59636247e-01 1.62785923e+00
    9.36820626e-01 -6.07509315e-01 -3.63518894e-01 -4.99597192e-02
    1.07487321e+00 -4.55220014e-01 1.11115074e+00 -6.43958449e-01
    -8.61558318e-02 2.89962173e-01 2.84927130e-01 1.23285341e+00
    2.11789608e-02 8.79251480e-01 1.52452159e+00 1.40007567e+00
    1.67198491e+00 1.10918045e+00 9.02215481e-01 1.10222840e+00
    6.08077645e-02 9.27038133e-01 -7.34589398e-01 5.80132902e-01
    5.12360156e-01 7.56009102e-01 -1.13499165e-02 -7.02597499e-01
    1.22801089e+00 7.27655470e-01 2.47438669e-01 -2.56193280e-01
    -2.25546896e-01 1.11077523e+00 -7.06066251e-01 7.93827534e-01
    9.96653497e-01 -6.69889867e-01 7.62159109e-01 -4.19442326e-01
    1.26371837e+00 1.29383087e-01 6.96705937e-01 8.41242611e-01
    -3.77442658e-01 8.03113699e-01 -7.44636595e-01 1.25555515e-01
    1.08685088e+00 -2.39365935e-01 1.50661469e+00 2.95542657e-01
    4.39524829e-01 7.97612250e-01 1.55392754e+00 -1.41362309e-01
    -3.79601568e-01 -5.35603881e-01 1.44080639e+00 -4.34122086e-01
    1.31894946e+00 1.24591899e+00 9.66062427e-01 1.18679285e+00
    1.37064016e+00 3.55539203e-01 3.64130139e-02 7.55277038e-01
    -1.42597616e-01 -2.13233650e-01 -4.87157762e-01 7.28417873e-01
    5.30919552e-01 3.07981014e-01 -6.57629251e-01 2.73915231e-01
    6.89647436e-01 4.86151576e-02 7.27262855e-01 -1.21960878e-01
    6.59344971e-01 1.48886466e+00 7.65623868e-01 6.92155600e-01
    -7.54779696e-01 1.53832316e+00 -2.09905267e-01 1.57408023e+00
    -1.15036964e-05 -6.57920182e-01 1.62115002e+00 9.88991201e-01
    1.24064302e+00 1.43047452e+00 1.42521131e+00 1.25917077e+00
    -4.68006104e-01 1.06835938e+00 7.31159449e-01 1.14507937e+00
    3.21337759e-01 5.09548485e-01 -1.45160854e-01 1.05300844e-01
    -3.14224869e-01 1.38465905e+00 1.03992176e+00 1.62715364e+00
    1.69119811e+00 5.40287912e-01 -6.22473598e-01 1.24251306e+00
    -1.01464987e-03 4.67892826e-01 7.63188899e-01 -1.60940051e-01
    8.35830331e-01 1.37572718e+00 5.58238626e-01 4.61281121e-01
    1.54893577e-01 8.59703839e-01 9.74462628e-02 -1.01065397e-01
    -2.61590779e-01 1.39517593e+00 1.70019984e-01 3.40090752e-01
    -4.36940193e-02 7.58846819e-01 -3.61426711e-01 1.39821649e+00
    2.26471305e-01 1.42972732e+00 8.28819096e-01 3.93046677e-01
    7.50208974e-01 4.31401193e-01 5.94130993e-01 1.30308461e+00
    8.97924960e-01 1.52618790e+00 1.71123970e+00 2.53293335e-01
    1.65393603e+00 -3.28793943e-01 1.66339731e+00 1.52263045e+00
    1.66000748e+00 -4.45476413e-01 -6.54477119e-01 1.82335615e-01
    8.63192022e-01 -6.70300722e-02 2.48939753e-01 4.39988375e-02
    1.04141736e+00 6.09083772e-01 1.35248113e+00 1.69578958e+00
    1.07810390e+00 1.46874547e+00 -1.12490892e-01 1.69825745e+00
    -1.70557916e-01 -6.47677839e-01 -3.58303726e-01 -5.11846781e-01
    6.56666756e-02 7.23929703e-01 -3.47903162e-01 -5.79537511e-01
    1.45500064e+00 8.97114158e-01 1.13862526e+00 3.04264367e-01
    -4.52528775e-01 1.63148451e+00 -4.60639685e-01 1.24140799e-01
    1.13759065e+00 7.51988292e-01 1.18812406e+00 1.01092815e-01
    1.02808881e+00 1.68367982e+00 -1.09660983e-01 1.68985963e-01
    1.55308139e+00 1.35948157e+00 1.69887912e+00 1.73190165e+00
    1.38961148e+00 1.44355834e-01 2.83454478e-01 1.52064109e+00
    1.41119909e+00 4.66090679e-01 1.20476103e+00 -3.22064668e-01
    9.23818171e-01 1.69171047e+00 1.20707667e+00 1.64356840e+00
    1.30416882e+00 -5.72250485e-01 -7.15249777e-03 1.03293848e+00
    -5.20865738e-01 1.55515671e-01 -2.48957872e-02 1.29368567e+00
    -5.57985067e-01 -4.88679081e-01 1.30626750e+00 -1.04712427e-01
    1.23511481e+00 1.44731212e+00 1.70208120e+00 -3.14429909e-01
    9.01346147e-01 -1.81510985e-01 3.62838805e-01 8.79531205e-01
    1.71348548e+00 9.06150401e-01 8.68572533e-01 6.05563104e-01
    8.48133147e-01 7.10104227e-01 6.58080399e-01 1.03918529e+00
    1.68818069e+00 -5.06566405e-01 2.13243246e-01 2.98850238e-01
    7.40519285e-01 -4.85964417e-02 -2.71523982e-01 -4.86039102e-01
    1.15226793e+00 5.69084585e-01 -3.29827636e-01 -3.52818191e-01
    1.57776666e+00 1.22815776e+00 1.34602225e+00 8.96737158e-01
    1.69096267e+00 -6.39119744e-02 1.45697117e+00 -3.77916366e-01
    1.66184545e+00 1.12948585e+00 3.00831258e-01 -2.70489812e-01
    -5.35750031e-01 1.25089121e+00 1.68323255e+00 1.71255565e+00
    6.45550251e-01 -4.32321668e-01 1.54374015e+00 5.57498276e-01
    -2.41678536e-01 -4.34765220e-02 1.14219236e+00 -1.88178957e-01
    1.77213907e-01 1.03295994e+00 -1.76291227e-01 1.52753019e+00
    -7.32840419e-01 1.45172298e-01 2.14808762e-01 8.14070106e-02
    -2.82978415e-02 6.56962454e-01 -5.30258834e-01 4.30455685e-01
    -5.20078182e-01 1.33482158e+00 5.85968494e-02 -1.75252378e-01
    5.82250893e-01 6.15486562e-01 -5.16672611e-01 1.44210994e-01
    1.39827323e+00 -5.30979455e-01 -3.40541601e-02 3.15230846e-01
    2.98002958e-02 1.04995561e+00 9.25734103e-01 -1.60138607e-02
    1.06345832e+00 -2.17308164e-01 -4.73973811e-01 1.68432355e+00
    6.47548437e-02 -3.70410383e-01 1.17805791e+00 7.40271151e-01
    8.08135271e-01 -4.76594687e-01 1.54611325e+00 2.30322123e-01
    8.74385834e-02 -4.06064630e-01 1.16523051e+00 -3.53900939e-01
    -5.96462369e-01 -3.48534584e-02 5.71728408e-01 3.75348330e-02
    6.22539937e-01 3.16804826e-01 4.61489439e-01 -3.07199895e-01
    -1.69968307e-01 1.55959606e+00 4.89068687e-01 8.97341728e-01
    2.66921103e-01 1.29520917e+00 -1.83866739e-01 -5.42843938e-02
    1.24948490e+00 1.45835495e+00 -4.51440364e-01 -5.49122095e-02
    -3.70952398e-01 4.19393003e-01 8.76052141e-01 1.67262554e-01
    1.63431644e+00 -4.15395021e-01 1.44516921e+00 1.06803405e+00
    -1.95528448e-01 -3.50410283e-01 9.26719487e-01 2.88190186e-01
    -6.82099402e-01 8.48572493e-01 1.53048277e+00 5.48745692e-01
    1.16325188e+00 -2.08923221e-01 3.01396608e-01 1.25465536e+00
    -2.41333246e-02 1.12065673e-01 1.13122106e+00 -2.64077902e-01
    1.18225503e+00 1.10252213e+00 1.48191595e+00 1.32108521e+00
    -5.75686157e-01 -6.00985289e-01 -3.83051783e-01 1.68711185e-01
    1.61466730e+00 -5.01302063e-01 2.77231157e-01 2.77043104e-01
    -2.53066093e-01 -3.06855410e-01 -1.48991704e-01 5.65140009e-01
    -4.22482491e-02 5.86965680e-02 1.94711685e-02 1.06588376e+00
    -5.18337607e-01 3.90692055e-01 5.08601069e-02 1.21878350e+00
    -5.32006383e-01 1.16987991e+00 -6.02087080e-01 4.38929260e-01
    4.12097037e-01 1.11910224e+00 1.22658551e+00 -9.01858211e-02
    4.51527894e-01 1.68654537e+00 1.33083606e+00 6.66850090e-01
    -3.44450742e-01 1.46543550e+00 9.10347104e-02 7.71513939e-01
    1.06002831e+00 1.12667084e-01 -5.64169526e-01 1.32441568e+00
    -9.28521156e-02 8.13009202e-01 -5.80661058e-01 6.94000602e-01
    -6.13046169e-01 -5.97276092e-02 -5.41091561e-01 -5.51185846e-01
    -6.38706207e-01 5.04040658e-01 8.45402181e-01 8.07533801e-01
    1.61327553e+00 1.29902244e+00 4.50227797e-01 -2.29965448e-01
    -1.37817264e-02 7.09102750e-01 -5.05766511e-01 1.41943717e+00
    9.75619853e-01 9.65981781e-01 1.68899155e+00 2.22541749e-01
    6.59604430e-01 9.18775260e-01 4.36632156e-01 1.67716801e-01
    4.14203405e-02 1.59116888e+00 1.53195643e+00 4.61496830e-01
    8.23640823e-01 -3.64730358e-02 7.28971839e-01 1.09772015e+00
    -2.18855739e-02 7.69224346e-01 1.23583412e+00 5.67289352e-01
    -7.24537373e-01 -6.15727425e-01 1.13264835e+00 7.46001005e-02
    1.63106918e+00 7.03770757e-01 -4.55384821e-01 -1.75183475e-01
    5.73472679e-01 1.52429724e+00 1.02281141e+00 1.81165874e-01
    -6.17847979e-01 3.28984261e-02 -1.93324983e-01 -4.89111423e-01
    1.33759487e+00 -1.88323021e-01 -2.25900739e-01 1.11556983e+00
    1.18204236e+00 7.56504178e-01 -4.06945139e-01 -1.97507560e-01
    4.80812073e-01 1.11165154e+00 9.19449270e-01 -2.79330313e-01
    -4.20668513e-01 -5.27385950e-01 -5.94564795e-01 7.29230523e-01
    4.25344467e-01 -3.79387468e-01 4.56107318e-01 4.54492986e-01
    5.59258819e-01 1.21000981e+00 1.61343575e+00 -3.34777355e-01
    -7.25532413e-01 1.25479114e+00 7.16752589e-01 1.13902462e+00
    1.52113795e+00 9.58431780e-01 1.06667149e+00 3.44781935e-01
    -5.12982130e-01 1.72661543e-01 4.79049802e-01 8.84600818e-01
    1.17744207e-01 -2.15212643e-01 -1.33354127e-01 4.90033388e-01
    5.20715714e-01 1.70584965e+00 1.08750105e+00 9.00341272e-01
    -5.08107781e-01 -2.08822370e-01 -2.81173944e-01 1.10943615e-01
    1.65080214e+00 1.04979992e+00 7.19943285e-01 -3.96460891e-01
    1.31251085e+00 1.63359511e+00 -6.61361814e-02 -9.58311558e-03
    -1.63347542e-01 1.45542765e+00 1.69160700e+00 8.29588175e-01
    -1.53365672e-01 -5.51713288e-01 1.67501044e+00 1.73096013e+00
    1.32831419e+00 1.27820754e+00 2.67224312e-01 7.23772049e-01
    -6.11511827e-01 1.66228700e+00 -1.19184077e-01 1.52561295e+00
    1.09706962e+00 1.46096528e-01 1.50462091e-01 3.74945760e-01
    1.13393545e+00 -4.87124026e-01 1.38047409e+00 1.90848529e-01
    -3.09051454e-01 1.69750285e+00 -2.27860391e-01 -4.69310045e-01
    7.24950314e-01 1.03930902e+00 1.48597908e+00 -1.00863636e-01
    7.25610852e-01 1.38020730e+00 6.65997624e-01 9.83114958e-01
    1.57268083e+00 3.79811168e-01 -4.40810025e-01 -5.56786120e-01
    1.16103685e+00 1.36065233e+00 -1.93615079e-01 5.37811518e-02
    6.14264309e-01 1.03925896e+00 3.65227282e-01 -2.66943336e-01
    6.93986833e-01 6.62155151e-02 1.63664103e-01 7.21551538e-01
    1.14444351e+00 1.37484407e+00 7.16655076e-01 8.17264616e-01
    6.72798455e-01 8.59089017e-01 2.99286604e-01 1.50524092e+00
    1.17151999e+00 9.46159005e-01 -1.34268105e-01 4.67577815e-01
    8.14760923e-01 3.08186293e-01 1.34122550e+00 1.04027581e+00
    -5.70923090e-02 -1.54463053e-01 7.90309310e-02 -4.84245002e-01
    1.19499922e+00 -3.08350712e-01 1.69556010e+00 1.14260960e+00
    2.16173947e-01 3.64179075e-01 1.45182705e+00 7.30100036e-01
    1.44141352e+00 1.59690082e+00 -3.74961317e-01 -5.30552447e-01
    1.01215780e-01 1.32007599e+00 1.51960909e-01 1.35621762e+00
    7.66837716e-01 -4.16037858e-01 6.25684142e-01 -3.20375592e-01
    -3.90964717e-01 7.54380584e-01 -4.08871561e-01 1.17850161e+00
    -7.53013432e-01 1.30830777e+00 -9.81948376e-02 -7.29975939e-01
    7.70471990e-01 2.69282281e-01 1.38725829e+00 6.16916895e-01
    1.85489953e-01 1.17803228e+00 6.93089485e-01 1.46272516e+00
    -7.21993983e-01 1.26275623e+00 2.21556425e-02 5.56102753e-01
    6.80525541e-01 1.24475813e+00 2.35760093e-01 1.10578072e+00
    1.47004938e+00 1.18666935e+00 7.22892106e-01 4.97947693e-01
    -4.81768668e-01 5.79655766e-02 6.13484919e-01 7.39346445e-01
    1.43717360e+00 -6.82732940e-01 6.75101221e-01 -3.97798240e-01
    1.21396995e+00 1.69121850e+00 1.07741821e+00 1.34968925e+00
    8.66414487e-01 4.57875192e-01 3.19104195e-01 2.03188837e-01
    -4.57948029e-01 1.23164153e+00 1.01585877e+00 5.66193640e-01
    1.57291865e+00 1.29642773e+00 6.75944149e-01 8.81510496e-01
    -5.17515540e-01 7.84047425e-01 -2.19010711e-01 7.90396929e-01
    5.94407201e-01 -2.67154932e-01 1.68529987e+00 -5.16482294e-01
    3.02267075e-03 1.63865709e+00 1.29482841e+00 3.68605673e-01
    -6.22887492e-01 -4.22120064e-01 -4.20335501e-01 -4.79389131e-01
    2.91917324e-02 -4.75550294e-02 -1.22506618e-02 1.01691651e+00
    8.86051714e-01 5.08143008e-01 3.36033404e-01 4.54191625e-01
    1.47630858e+00 -3.94112468e-02 8.01430404e-01 3.20248842e-01
    1.11311316e+00 -3.63430381e-02 5.10014713e-01 5.64619601e-01
    -5.97511947e-01 1.33825600e-01 2.41477489e-01 9.32110548e-02
    -6.19162202e-01 1.25209260e+00 7.05649853e-02 3.90798867e-01
    8.80188286e-01 1.03805292e+00 1.15021276e+00 -6.17152512e-01
    4.62878227e-01 -5.57687283e-02 7.76246905e-01 -1.01496518e-01
    1.73159301e+00 -6.10178769e-01 2.53258765e-01 1.51550984e+00
    7.49736190e-01 -2.68360794e-01 1.20592177e-01 -2.36985385e-01
    9.08266068e-01 1.14927292e+00 2.35641420e-01 4.31420743e-01
    4.13652837e-01 4.55729246e-01 1.43641400e+00 8.86868954e-01
    -2.99955845e-01 -6.75035834e-01 8.31169069e-01 5.54526448e-02
    1.36605155e+00 9.62115943e-01 5.10555923e-01 1.11228383e+00
    5.16452968e-01 -6.68752789e-01 1.59791708e+00 1.42416871e+00
    2.92947590e-01 8.51399958e-01 2.28125453e-02 3.31395864e-02
    1.86944664e-01 -1.54601634e-01 -5.65650344e-01 1.06603825e+00
    -4.49232340e-01 6.02938652e-01 8.87862980e-01 7.58379400e-01
    9.92136717e-01 1.26308358e+00 -5.62317729e-01 4.07254219e-01
    8.76978219e-01 1.00074816e+00 1.54168749e+00 1.65242338e+00
    -4.04070765e-01 -6.69419408e-01 1.32529140e-02 9.87543583e-01
    -4.53689814e-01 1.18167567e+00 7.52546728e-01 -7.24836767e-01
    -6.54709637e-01 1.89220011e-01 1.63002551e-01 4.12835360e-01
    1.66900623e+00 9.72130775e-01 1.04367328e+00 9.62184966e-01
    -2.75576115e-02 1.27323461e+00 1.37947488e+00 3.40693474e-01
    5.21592796e-01 -1.45042837e-01 1.66943073e+00 -6.35346651e-01
    1.51368904e+00 -6.82205439e-01 8.37739527e-01 -4.31981176e-01
    9.36842203e-01 1.70708919e+00 -3.56060117e-01 -1.97043419e-01
    1.81257188e-01 9.72812772e-01 1.69353008e+00 9.23111796e-01
    1.27235532e+00 -5.08946896e-01 -2.66711801e-01 1.11139512e+00
    8.82550597e-01 -5.31483293e-01 -5.24742961e-01 -6.56698406e-01
    1.08405173e-01 -5.20603240e-01 4.76688147e-03 1.61245298e+00
    -7.37265766e-01 -5.98522544e-01 6.70727551e-01 -1.40646696e-02
    2.54298449e-01 1.53536665e+00 1.06951916e+00 1.69147909e+00
    -1.80523098e-01 1.43109715e+00 9.72527266e-01 -3.14670056e-01
    2.63630092e-01 -3.06477487e-01 -6.40108347e-01 4.34656024e-01
    -5.43383598e-01 3.30276132e-01 1.20784461e+00 1.22523999e+00
    4.88612890e-01 1.63289809e+00 2.39372790e-01 1.69008946e+00
    7.57743597e-01 1.03734994e+00 1.36129689e+00 -7.80134618e-01
    -7.48837829e-01 5.50430238e-01 -9.39162374e-02 -1.33799672e-01
    9.40160573e-01 1.70798993e+00 -2.49105334e-01 1.31691015e+00
    1.04640079e+00 -6.13249063e-01 1.04249585e+00 -4.47808504e-02
    -5.72729707e-01 1.01974130e+00 7.72100270e-01 1.34633362e-01
    -5.20322204e-01 -4.56960797e-02 8.04785550e-01 1.72128928e+00
    1.47442687e+00 -5.33068180e-03 1.40473902e-01 8.36387753e-01
    1.15003741e+00 9.85278368e-01 2.81996727e-01 -1.15938008e-01
    1.30957055e+00 1.56696224e+00 3.90411794e-01 6.10728443e-01
    -3.78739774e-01 -1.76794350e-01 3.76397192e-01 -4.57204789e-01
    8.47599983e-01 -6.74644589e-01 8.49414349e-01 2.79708087e-01
    5.14839530e-01 8.01498830e-01 7.91129112e-01 -5.55933714e-01
    4.14025784e-01 -3.33572507e-01 4.58286345e-01 -3.32378447e-01
    1.10637546e-01 8.73481333e-01 1.56166232e+00 8.60180616e-01
    -3.59518707e-01 -6.20257378e-01 4.63308215e-01 -5.42311192e-01
    5.78802824e-02 6.05895400e-01 -8.48681927e-02 3.94863009e-01
    1.56868470e+00 2.44824231e-01 2.72851467e-01 -2.75687546e-01
    2.45150864e-01 -1.00201964e-02 9.40298259e-01 9.36575413e-01
    1.68652439e+00 1.17957354e+00 1.28514671e+00 5.02902269e-01
    -5.58929443e-02 1.20510221e+00 1.05500197e+00 -2.93182075e-01
    3.93481195e-01 -3.17714244e-01 1.16197336e+00 1.18584156e-01
    -2.81280875e-02 1.22927785e+00 5.73834777e-01 1.69137895e-01
    7.22816944e-01 -5.55789113e-01 -5.08243442e-02 1.51543546e+00
    3.72372866e-02 -4.63397741e-01 -2.73049980e-01 5.43497920e-01
    -1.72543705e-01 1.20636058e+00 7.99339890e-01 2.15140224e-01
    -2.47337282e-01 1.37915254e+00 3.54247153e-01 8.09954166e-01
    -5.58344722e-01 3.15257370e-01 1.54067028e+00 8.24032426e-01
    3.96597147e-01 1.48532462e+00 -4.43860024e-01 -3.62399518e-01
    -5.83246887e-01 5.93288720e-01 1.64263916e+00 1.24090338e+00
    1.70008206e+00 1.34852195e+00 -5.34921885e-03 5.75330555e-01
    7.19476044e-01 1.24653995e+00 1.15555692e+00 5.07689118e-01
    1.68682778e+00 5.29761076e-01 3.56471598e-01 -5.32010794e-02
    2.22602963e-01 5.98825336e-01 -5.56202233e-01 4.21649337e-01
    -2.13712811e-01 1.09935617e+00 1.50998902e+00 1.14655018e+00
    -3.97019386e-02 1.72465861e+00 1.57654643e+00 -4.87236828e-01
    -1.14920735e-01 1.46202576e+00 6.19724333e-01 1.70010483e+00
    6.87352419e-01 1.29065537e+00 8.14958334e-01 5.30715346e-01
    -1.94761276e-01 4.20344174e-01 1.08054316e+00 1.02364659e+00
    5.65996766e-02 -2.75524586e-01 -2.67993122e-01 8.66871715e-01
    6.48855090e-01 1.48721027e+00 1.62473488e+00 -2.94446439e-01
    1.03593421e+00 5.13494730e-01 -1.00420117e-02 -4.55069453e-01
    2.11389720e-01 7.96602845e-01 1.52066660e+00 -3.22226703e-01
    4.68255281e-01 5.38410366e-01 1.69635868e+00 6.42077923e-02
    9.52997804e-02 -5.28515041e-01 5.07723093e-01 -6.10509098e-01
    -2.32311130e-01 -3.34130675e-01 8.92702937e-01 -4.87019628e-01
    -6.34304166e-01 -6.71789944e-01 5.39683640e-01 1.74509168e-01
    1.72076869e+00 1.06492996e+00 1.43187046e+00 6.45358682e-01
    -6.66969299e-01 -6.37030780e-01 -6.32055938e-01 1.39569998e+00
    -5.23118734e-01 -2.57624239e-01 2.86328793e-02 7.18950033e-01
    1.12263322e-01 -2.71589607e-01 1.75083113e+00 -1.13790333e-01
    9.94560122e-02 -5.40321767e-01 1.47830141e+00 7.10009933e-02
    -3.82031024e-01 7.14421451e-01 -7.20067024e-01 -5.32903075e-02
    1.26415932e+00 6.36478782e-01 1.41615033e-01 7.77467489e-02
    -1.55552328e-01 1.45586729e+00 -3.01995784e-01 9.94689763e-01
    7.36086488e-01 -4.36660260e-01 -6.85297132e-01 5.24866819e-01
    2.10689187e-01 -6.07109129e-01 -2.21486747e-01 2.06680954e-01
    7.33961582e-01 9.54605997e-01 1.00790286e+00 1.28909874e+00
    8.43440115e-01 7.21867323e-01 -1.94678962e-01 1.57549882e+00
    3.82566690e-01 1.40862405e-01 1.08937633e+00 8.30668628e-01
    -4.40039128e-01 1.47746277e+00 4.59776461e-01 -5.27122021e-02
    -4.22714621e-01 8.72949123e-01 8.87837887e-01 7.03574836e-01
    1.64241219e+00 1.08541846e-02 2.67136097e-01 2.32240677e-01
    1.53394878e+00 1.07687068e+00 1.25036049e+00 -3.00426364e-01
    -6.93756342e-02 1.44682908e+00 7.51750469e-02 -1.46664441e-01
    4.77694273e-01 1.60981679e+00 -5.85483670e-01 -3.24550271e-01
    1.60077262e+00 -6.94095492e-01 1.64027548e+00 6.97952807e-01
    -4.58344936e-01 -4.92354214e-01 -3.01531285e-01 1.07007742e+00
    -2.36586332e-01 1.52331030e+00 1.56399810e+00 1.29118252e+00
    -5.86490631e-02 6.28606081e-01 1.30579925e+00 3.31526816e-01
    -3.84929240e-01 -1.62408412e-01 1.50134635e+00 1.34668899e+00
    8.73114645e-01 1.23228192e+00 -6.97017908e-01 -7.97240734e-02
    8.54130805e-01 -2.96042889e-01 7.00222850e-02 2.37468839e-01
    -6.69991016e-01 9.86654758e-01 1.70207357e+00 9.55177546e-02
    1.06803691e+00 -5.92513859e-01 1.68971360e+00 9.69925821e-01
    -3.00589532e-01 1.44868779e+00 -2.37358153e-01 1.21351957e+00
    4.50800061e-01 3.52332294e-01 1.18852174e+00 7.26792037e-01
    1.62815988e-01 -4.87727612e-01 -4.32451755e-01 1.58512330e+00
    5.65417409e-02 1.44868743e+00 1.66816342e+00 -3.45982254e-01
    1.32196081e+00 6.90791667e-01 1.51750183e+00 -6.13352060e-02
    1.70763206e+00 2.51490951e-01 5.74472666e-01 1.51419723e+00
    3.17992389e-01 2.55521178e-01 -3.73250157e-01 5.73744655e-01
    3.25851321e-01 1.55100322e+00 1.04363954e+00 -1.06379390e-02
    -6.65933490e-01 1.67229414e+00 -5.75771332e-01 1.53450441e+00
    1.67269468e-01 -4.42448854e-01 4.34662104e-01 8.49967837e-01
    6.65991068e-01 -7.02215552e-01 1.78430080e-02 -3.35301816e-01
    1.62038815e+00 1.66970086e+00 1.37452006e+00 1.12033463e+00
    1.59025788e+00 -1.00535274e-01 1.75507724e-01 -6.19517684e-01
    3.39902043e-02 4.89402235e-01 8.83515358e-01 1.70530021e-01
    1.19189870e+00 -1.42739534e-01 1.65854037e+00 1.73598528e-03
    5.51343262e-01 8.01388025e-02 1.31283164e+00 1.21547270e+00
    6.04699135e-01 2.82657564e-01 5.08242249e-01 5.16326427e-01
    8.74727309e-01 3.68918777e-01 3.02192867e-01 1.33197403e+00
    8.53820622e-01 -1.40205264e-01 7.04777718e-01 1.52084398e+00
    3.25341225e-02 2.35221207e-01 9.01807427e-01 1.54971886e+00
    7.61774361e-01 9.67683196e-01 8.85682881e-01 5.17220438e-01
    1.31901276e+00 -1.94046855e-01 3.04464698e-02 6.59676969e-01
    4.31155145e-01 1.29960799e+00 8.51977825e-01 7.70925581e-01
    1.53927016e+00 1.44569135e+00 5.31856954e-01 -3.70294660e-01
    -5.90322614e-01 1.57931507e-01 -5.28944492e-01 2.89233327e-01
    -6.47358298e-02 -1.34894669e-01 1.22214079e-01 3.78832936e-01
    1.18922997e+00 -3.10102642e-01 8.95633876e-01 2.91485012e-01
    9.90423322e-01 -7.17419386e-03 3.74081969e-01 -6.18840337e-01
    1.54540348e+00 1.23862243e+00 5.44932067e-01 1.43006623e-01
    1.78338945e-01 1.17068148e+00 1.46664357e+00 -1.29359424e-01
    -5.36221147e-01 1.80230141e-02 5.20222723e-01 2.77977824e-01
    1.37529624e+00 -3.59996855e-01 1.48810744e-02 -2.62337327e-02
    5.18851578e-01 6.55330837e-01 -1.62825584e-02 8.20822179e-01
    -4.48191375e-01 -1.05378628e-02 1.15595388e+00 1.64757466e+00
    8.43175650e-01 3.75116348e-01 1.50058341e+00 8.55668962e-01
    5.04607618e-01 9.13840473e-01 1.12429857e+00 -4.40557271e-01
    -5.61822414e-01 5.89398801e-01 -1.51357651e-01 1.41286862e+00
    8.64949703e-01 8.36505234e-01 -2.30587065e-01 -6.33129478e-02
    9.94243503e-01 1.08180487e+00 1.35673738e+00 9.90663767e-01
    -6.98405266e-01 7.78651237e-01 1.07373285e+00 -2.41704166e-01
    1.09749281e+00 1.71265519e+00 -1.68596566e-01 -1.41646743e-01
    -5.48326671e-01 1.18408275e+00 -3.66856784e-01 -2.23185658e-01
    6.51726127e-01 -4.73378569e-01 1.29076827e+00 1.01420522e-01
    1.43496084e+00 -7.10018218e-01 5.43012440e-01 5.59757352e-01
    8.14780951e-01 1.43786848e+00 -2.87180275e-01 -6.95804358e-02
    2.40072787e-01 -7.39454627e-02 1.17862558e+00 -5.64936280e-01
    -6.04939878e-01 4.46692586e-01 1.39703572e+00 -5.69728434e-01
    4.16035593e-01 -2.65350014e-01 6.18433475e-01 1.43136930e+00
    1.48470521e+00 7.19816804e-01 1.19617915e+00 2.68621683e-01
    1.43406534e+00 -3.50710928e-01 1.41261113e+00 -4.75719094e-01
    1.41431987e+00 1.36652482e+00 8.89913678e-01 -6.66489780e-01
    -6.18831575e-01 1.24441016e+00 1.08994412e+00 9.38187301e-01
    -1.03498161e-01 6.03215516e-01 -3.35154623e-01 -2.33124435e-01
    -4.80798900e-01 2.57424116e-01 7.65458405e-01 1.19786072e+00
    -6.08252645e-01 8.64306808e-01 1.05012560e+00 -5.26264548e-01
    5.74702978e-01 -4.18072611e-01 1.38507891e+00 1.66605568e+00
    1.32626772e+00 -7.88982511e-02 1.33975327e-01 -5.27515292e-01
    5.63548625e-01 3.64583611e-01 1.12289393e+00 -5.46007454e-01
    1.47315955e+00 -2.75088638e-01 1.36873841e+00 -3.33398879e-01
    6.23256266e-01 -1.82788432e-01 6.39684558e-01 2.91457057e-01
    5.07562876e-01 1.73753452e+00 1.49141240e+00 1.12813497e+00
    -5.42254806e-01 1.55376792e-01 4.02455091e-01 1.00720739e+00
    4.14289832e-02 1.42486930e+00 -3.93434048e-01 1.70280612e+00
    -3.43928784e-01 -1.53390527e-01 -3.15983057e-01 9.95295465e-01
    6.51152253e-01 1.49490547e+00 -7.36439228e-01 1.47491193e+00
    5.29363811e-01 8.28501999e-01 8.10387135e-02 4.13236618e-01
    5.80331326e-01 8.01404834e-01 -5.11903048e-01 -4.89327103e-01
    1.70532703e-01 -5.05687714e-01 4.87129927e-01 -1.80236518e-01
    1.06581044e+00 1.02696657e+00 9.51323092e-01 2.52413929e-01
    -5.27525246e-01 -2.19918728e-01 -5.70321560e-01 1.00639439e+00
    4.61155117e-01 5.47407866e-02 8.87914956e-01 5.52660823e-02
    9.79399741e-01 5.90299547e-01 1.51806140e+00 2.86039412e-01
    1.22731721e+00 -1.18045211e-02 1.60024071e+00 2.79106081e-01
    1.23956203e-01 8.46667230e-01 -1.89532042e-01 9.79511201e-01
    1.82812035e-01 1.32144642e+00 8.61408055e-01 4.01725769e-02
    -3.87909800e-01 1.20664656e-01 9.99305785e-01 4.02500808e-01
    1.16685367e+00 9.78228927e-01 3.00442755e-01 1.03209805e+00
    1.12006140e+00 -3.20270449e-01 8.43919933e-01 1.69009852e+00
    1.19697368e+00 1.38809419e+00 1.17474258e-01 1.13525891e+00
    8.87024462e-01 4.58974600e-01 1.58586240e+00 -2.38606721e-01
    1.65999651e+00 6.43583655e-01 8.70781481e-01 1.45573652e+00
    1.31703663e+00 1.00928164e+00 4.40138757e-01 -5.96156359e-01
    5.84541261e-01 -4.88143802e-01 3.50518823e-02 4.90315676e-01
    -1.53166413e-01 2.72671580e-02 7.18735397e-01 2.17709780e-01
    1.51729703e+00 -4.40552533e-01 -3.95027936e-01 -4.81590152e-01
    -5.97021341e-01 1.70605707e+00 -7.34934688e-01 4.31084752e-01
    -6.39960229e-01 9.43374455e-01 -5.80611289e-01 1.62743366e+00
    6.62440538e-01 1.04620266e+00 7.46191204e-01 -6.81062341e-01
    -9.49811935e-02 1.53701425e+00 -1.59920335e-01 -5.12603164e-01
    2.42759049e-01 7.66983628e-02 1.16254258e+00 4.11998987e-01
    3.69351864e-01 1.34196568e+00 1.02266777e+00 -8.97310972e-02
    4.96278465e-01 1.20708895e+00 1.18156075e-02 1.64344859e+00
    1.48375034e+00 1.35015142e+00 7.07055449e-01 -4.50420380e-03
    1.88345909e-01 -2.34097958e-01 5.28628588e-01 1.21708393e+00
    1.61702275e+00 1.51656914e+00 1.12511694e+00 1.21603811e+00
    -3.86316180e-02 -3.33860934e-01 4.95765924e-01 8.57211351e-02
    -3.33308101e-01 8.67019951e-01 1.68588519e+00 -8.48667622e-02
    1.69842911e+00 -9.24915671e-02 1.18094385e+00 1.91060901e-01
    6.78835511e-01 -5.68604708e-01 1.32566786e+00 1.25949383e+00
    1.26404941e+00 7.79902339e-01 6.88814878e-01 1.03899086e+00
    1.12042737e+00 -5.87714136e-01 -5.01684904e-01 -5.43828905e-01
    -6.44849062e-01 -7.24930465e-01 1.69504583e+00 -6.16582155e-01
    1.16759586e+00 1.33469272e+00 7.22680330e-01 3.93427134e-01
    1.20109475e+00 8.19498956e-01 1.01306450e+00 -4.91899729e-01
    3.63332212e-01 -2.77393848e-01 7.09715486e-02 -7.23753512e-01
    1.36006689e+00 -4.21650469e-01 -4.24479991e-01 1.34427738e+00
    -6.70831203e-01 1.57056236e+00 1.48971891e+00 7.73248374e-01
    9.70048130e-01 -4.71829206e-01 9.35641885e-01 -2.92986184e-01
    2.71651924e-01 5.78990877e-01 1.17776573e+00 -2.22537041e-01
    1.05013013e-01 -5.52817941e-01 -6.54358268e-01 9.53227878e-01
    7.30537236e-01 -6.69772267e-01 1.32188582e+00 1.54324770e-01
    1.62337327e+00 1.23760700e+00 -1.28267646e-01 -6.37055397e-01
    -3.76747459e-01 1.18235350e-01 1.04854059e+00 -3.10397327e-01
    -5.00234425e-01 7.22246885e-01 9.19388413e-01 5.59918821e-01
    7.35961080e-01 1.57128072e+00 1.40229785e+00 -1.26008689e-01
    -5.96562505e-01 7.10173666e-01 8.48618090e-01 5.34168065e-01
    1.42971873e+00 6.10178530e-01 9.20826852e-01 1.43840671e+00
    1.53249502e+00 7.19736516e-01 1.46141458e+00 2.63905168e-01
    -4.20716017e-01 1.45768642e+00 1.67440319e+00 3.57465744e-02
    1.50545883e+00 -3.23183358e-01 -1.13743484e-01 9.75430787e-01
    9.27777708e-01 5.86024106e-01 9.53740239e-01 6.06932461e-01
    4.29038286e-01 5.40527940e-01 -4.12806690e-01 1.45400286e+00
    -3.20869178e-01 1.01103234e+00 -3.80813748e-01 1.64429283e+00
    3.78899872e-01 1.24234748e+00 -2.85770416e-01 6.78641319e-01
    2.62313247e-01 -5.06835103e-01 -3.91605973e-01 1.26486576e+00
    1.71657300e+00 3.52753639e-01 9.62956786e-01 -3.38888168e-03
    8.53577077e-01 -7.00855434e-01 1.39527762e+00 1.69888139e+00
    9.61881518e-01 -4.14264888e-01 1.59135616e+00 1.59802175e+00
    1.23235869e+00 -2.06670105e-01 1.11463165e+00 4.50816810e-01
    6.10034764e-01 3.20000410e-01 -2.78085768e-01 1.62551069e+00
    1.08612859e+00 2.07333803e-01 8.91496420e-01 1.19851875e+00
    5.23565412e-02 9.82391834e-01 1.33173144e+00 5.35054743e-01
    3.14958096e-02 -2.13773668e-01 -6.61133349e-01 1.17813039e+00
    8.02392125e-01 1.22663069e+00 -8.79976153e-02 1.26161826e+00
    1.69646072e+00 -6.95292234e-01 8.45174015e-01 8.15767109e-01
    -5.16434908e-01 9.80061591e-01 7.20696092e-01 1.58267248e+00
    1.71963859e+00 -6.88950300e-01 6.76067472e-02 -3.99652302e-01
    9.96801078e-01 -6.72882020e-01 8.95676553e-01 -3.24197948e-01
    2.16869950e-01 -4.41325516e-01 -4.34166938e-01 1.11090302e+00
    6.17777109e-01 1.56539667e+00 1.35120595e+00 1.35141706e+00
    8.01076710e-01 9.44401979e-01 -7.34114647e-01 1.57142544e+00
    1.19536853e+00 9.06684399e-02 1.63535976e+00 9.39991355e-01
    9.36990321e-01 1.13177645e+00 1.06928527e-01 -1.22221291e-01
    -3.84233356e-01 1.08100355e+00 4.58769262e-01 1.48450184e+00
    2.57067740e-01 -1.61327899e-01 -1.14536464e-01 -5.39354801e-01
    4.32536662e-01 3.23455989e-01 -6.91821873e-01 1.33279395e+00
    -6.17852449e-01 -3.95694971e-01 1.43053365e+00 2.68133879e-02
    2.59078741e-02 -2.35757828e-01 8.95548224e-01 8.07921708e-01
    -2.03843832e-01 1.35337687e+00 -2.19498038e-01 -5.47000408e-01
    1.42007172e+00 -7.23687887e-01 -7.08295584e-01 1.88018739e-01
    -5.16746938e-01 -2.78027683e-01 1.44422889e+00 1.46809697e+00
    5.59681714e-01 1.37270188e+00 1.07080436e+00 7.08923936e-02
    1.11739802e+00 6.94626331e-01 6.23741388e-01 -2.75815934e-01
    4.08508778e-01 3.34119797e-01 1.01992941e+00 1.90977991e-01
    1.18474174e+00 4.52585757e-01 1.30437851e+00 8.81106198e-01
    -1.37841344e-01 1.51055276e+00 1.57686162e+00 1.93535745e-01
    -3.21938932e-01 1.12176871e+00 -6.96572542e-01 1.21048117e+00
    -5.59422374e-01 1.28861165e+00 1.27377796e+00 6.54741228e-01
    -5.56780457e-01 1.02737403e+00 -1.26329064e-01 3.88882518e-01
    9.50512290e-01 2.90659070e-02 8.60629916e-01 -3.91164720e-01
    -3.04063439e-01 9.35580492e-01 8.06789458e-01 6.15930557e-02
    -5.30436754e-01 1.52369750e+00 6.68022871e-01 1.00882947e-01
    7.69603550e-01 1.43128705e+00 3.46871853e-01 -9.24460888e-02
    1.51305294e+00 2.88813531e-01 1.45561957e+00 2.11950541e-02
    1.34917021e+00 8.17298889e-02 -6.90274835e-01 8.54976773e-01
    1.20085073e+00 8.71416986e-01 1.42561090e+00 6.33222640e-01
    -4.60724652e-01 3.37596655e-01 2.06758976e-01 1.73098981e+00
    1.59710813e+00 7.50135422e-01 1.19179118e+00 1.74493730e-01
    1.44109976e+00 -3.71605158e-01 -6.71682596e-01 7.71319687e-01
    1.42670870e-02 1.11950147e+00 2.34954476e-01 1.04345274e+00
    1.31447732e+00 8.25425684e-01 8.82036746e-01 1.01823616e+00
    2.74768770e-01 3.96152735e-02 -5.96640408e-01 1.50152373e+00
    1.19392157e-01 -2.69836843e-01 6.44912064e-01 1.70807958e+00
    5.56376100e-01 4.11699176e-01 1.77264380e+00 1.28444004e+00
    1.14152765e+00 6.13362908e-01 1.77119207e+00 1.05158663e+00
    -3.48983884e-01 -3.83295864e-01 9.95416224e-01 8.57451499e-01
    1.60805655e+00 -5.72024703e-01 1.64878225e+00 7.76772499e-01
    3.28703940e-01 -4.01306868e-01 9.53421474e-01 1.31412816e+00
    1.53696132e+00 1.35895276e+00 7.39659548e-01 -4.37610596e-01
    1.17268109e+00 -1.11320555e-01 4.12711501e-01 4.84097600e-01
    1.54509115e+00 1.95536852e-01 -2.45558679e-01 1.16592193e+00
    2.41519809e-02 8.87177765e-01 3.84509623e-01 1.86151266e-03
    -4.74107325e-01 1.49391830e+00 4.78138745e-01 -3.96573544e-03
    1.38709104e+00 1.28858626e-01 4.39516544e-01 -5.53835750e-01
    1.44030404e+00 -1.60103142e-01 7.04935431e-01 1.38572645e+00
    -6.90581679e-01 -7.35002756e-01 7.24488378e-01 4.08021092e-01
    1.08042955e+00 1.03629446e+00 -3.70022655e-02 4.53678012e-01
    1.30013466e+00 1.00993705e+00 -4.57401305e-01 1.47778583e+00
    4.95988429e-01 7.27889419e-01 1.46295953e+00 1.99512839e-02
    1.52161431e+00 -2.74435699e-01 1.01493764e+00 -3.86981100e-01
    9.38074410e-01 6.89238012e-01 8.43731403e-01 1.33815730e+00
    -7.84345269e-02 4.19147730e-01 1.06141782e+00 5.58820069e-01
    -5.98327160e-01 1.51487446e+00 6.65241182e-01 4.63286400e-01
    1.30489874e+00 1.06945026e+00 1.54861093e+00 1.08421302e+00
    1.47542024e+00 8.47861528e-01 1.66532540e+00 4.55197096e-01
    1.69828916e+00 1.42827392e-01 2.52136648e-01 1.43324280e+00
    5.53550661e-01 -4.36028242e-01 6.96145833e-01 2.60558248e-01
    -4.83586669e-01 4.54345584e-01 -2.37331480e-01 1.61033010e+00
    1.04807651e+00 -2.60306329e-01 2.34042645e-01 4.34400439e-02
    5.74590027e-01 1.09347010e+00 -4.07995045e-01 1.96270943e-01
    1.43734264e+00 5.16133904e-01 7.29138970e-01 -4.73866910e-01
    3.18679452e-01 1.16152048e+00 2.62477100e-01 8.04806590e-01
    1.57144618e+00 6.90960348e-01 1.48529410e+00 8.56739044e-01
    -3.46439689e-01 5.22017062e-01 -3.42130452e-01 -4.18723226e-02
    -9.86013412e-02 1.13615298e+00 -4.50662464e-01 -1.33160949e-01
    8.95310700e-01 9.75149870e-02 1.34945977e+00 1.44615316e+00
    1.34079885e+00 -5.53741455e-01 1.10010195e+00 9.71507311e-01
    -4.19129908e-01 1.38889027e+00 8.16595674e-01 -5.81409872e-01
    1.26985621e+00 1.07587862e+00 2.34214664e-01 6.00535035e-01
    8.29720259e-01 4.01841044e-01 4.58983958e-01 2.95067668e-01
    8.70011270e-01 1.29852617e+00 -5.19463301e-01 1.73338115e+00
    5.93226552e-01 -1.09299421e-02 8.70302856e-01 2.63653994e-01
    1.15594304e+00 -4.27063644e-01 -5.55555820e-01 6.11524463e-01
    -1.74568892e-02 1.02608800e+00 -3.28856975e-01 -8.07288885e-02
    -2.52794027e-02 8.48682284e-01 -5.33866346e-01 -4.83797073e-01
    6.08925760e-01 -3.58976722e-01 -4.59251463e-01 2.74837375e-01
    1.59272265e+00 -4.67428982e-01 -2.22300529e-01 -7.37979531e-01
    -4.80481356e-01 1.02132225e+00 -5.06763279e-01 1.00143313e-01
    1.03370357e+00 8.46598983e-01 8.03373456e-02 -3.89841825e-01
    1.54997706e-02 2.49496043e-01 4.45115328e-01 -8.29586387e-02
    1.22469497e+00 -2.04688311e-02 -6.04533434e-01 1.14266062e+00
    6.92290187e-01 4.67164278e-01 4.03172374e-02 -2.40698606e-01
    -6.76615238e-02 8.87194574e-01 4.52809989e-01 -7.16069758e-01
    4.40917969e-01 1.31837964e+00 -2.92420834e-01 1.07805026e+00
    -5.67669749e-01 8.34822476e-01 1.27708173e+00 1.14469504e+00
    1.03683901e+00 -5.35848141e-01 1.38367891e+00 -9.08860564e-02
    1.42526209e-01 1.33165336e+00 -5.00793874e-01 1.65686285e+00
    1.20857978e+00 7.22663999e-01 1.41384101e+00 5.67075014e-01
    2.10456371e-01 7.75058508e-01 1.38012075e+00 8.07662904e-01
    2.21263826e-01 2.00243354e-01 -3.15521359e-02 -6.60901189e-01
    -5.40448844e-01 -4.49700147e-01 2.95455039e-01 1.40649605e+00
    -2.62739629e-01 1.46191478e+00 1.23278499e-01 -5.43349922e-01
    -3.30743432e-01 -5.63142300e-01 1.50681663e+00 1.43362045e-01
    -2.49193847e-01 -3.28115672e-01 5.97401321e-01 1.43616617e-01
    6.87333465e-01 -1.30348623e-01 -7.38334358e-01 -4.45895612e-01
    6.44869745e-01 7.00793386e-01 -5.47830105e-01 1.68468893e-01
    1.19616246e+00 -2.32624173e-01 -8.15243721e-02 3.29856932e-01
    1.73992682e+00 1.00906730e+00 -5.98036706e-01 1.61175776e+00
    -4.40195262e-01 -1.91778630e-01 7.53994644e-01 1.74557781e+00
    1.16396880e+00 3.91634285e-01 1.64806724e+00 -6.95797563e-01
    1.36098933e+00 -7.08635569e-01 3.77246141e-02 -3.75093520e-01
    -1.36406362e-01 2.63486564e-01 1.56504440e+00 2.62082219e-02
    1.49645233e+00 -2.51889408e-01 -4.58989203e-01 1.57223034e+00
    5.70865273e-02 1.17655706e+00 3.01379919e-01 1.61383438e+00
    8.92866254e-01 -3.26953024e-01 9.10930276e-01 7.03856468e-01
    1.27501452e+00 1.15023422e+00 1.42737341e+00 1.52882695e+00
    1.23794484e+00 8.78220201e-01 7.16012597e-01 3.68740082e-01
    -5.13336062e-02 6.07192636e-01 2.60915935e-01 1.16081786e+00
    1.53837204e-02 -6.54569030e-01 1.30705380e+00 1.14185619e+00
    6.58067584e-01 -6.23144090e-01 2.32610226e-01 4.75392163e-01
    -4.09693092e-01 3.56669247e-01 5.53733349e-01 5.95922291e-01
    4.52733457e-01 -6.22873306e-02 1.22060466e+00 1.02796626e+00
    1.29503202e+00 1.09225988e-01 2.12568045e-03 7.11400867e-01
    1.24856567e+00 1.25811338e+00 9.76275444e-01 1.08539748e+00
    -2.60276020e-01 8.79957795e-01 6.20529592e-01 -2.88798869e-01
    1.11993992e+00 -6.28575563e-01 -3.20616454e-01 8.77524436e-01
    7.79446304e-01 -6.56596720e-01 -6.36425972e-01 1.49586868e+00
    7.36795664e-02 5.07209718e-01 1.36138678e+00 -7.81300426e-01
    1.59144807e+00 1.09053349e+00 -2.13979304e-01 1.01435459e+00
    -6.21779203e-01 5.48190415e-01 9.42448378e-02 1.60255206e+00
    1.73259640e+00 2.23929048e-01 1.25083184e+00 9.33821857e-01
    -4.12163734e-01 5.87311506e-01 2.54436731e-01 5.16702771e-01
    -5.07482052e-01 4.26420152e-01 2.19918013e-01 -4.91454601e-02
    1.52001476e+00 1.12240195e-01 3.27793419e-01 7.97556102e-01
    1.72205567e-01 1.01802444e+00 -2.68664122e-01 -1.69358850e-02
    6.65420890e-01 1.69732916e+00 9.98962224e-01 -5.04931033e-01
    -1.87984109e-01 -4.07599777e-01 -4.32173818e-01 1.57417250e+00
    7.98950672e-01 3.69465172e-01 1.11692894e+00 7.68211186e-01
    1.37029409e+00 1.37464905e+00 -6.43027425e-02 1.55360341e-01
    1.31725109e+00 1.31742096e+00 -1.24143302e-01 6.25044763e-01
    1.46428347e+00 1.41202307e+00 2.02159286e-02 -4.03793246e-01
    2.21350312e-01 7.93306947e-01 -2.93378830e-02 9.66024756e-01
    1.74844122e+00 -4.30316210e-01 -9.39436555e-02 -6.52977943e-01
    1.16439760e+00 -4.32643890e-02 1.41775370e-01 -3.84260416e-02
    1.58876407e+00 9.50504899e-01 -1.12126827e-01 1.71578801e+00
    -3.50786984e-01 1.68665528e+00 6.77030087e-02 1.22553968e+00
    1.69618559e+00 1.11571407e+00 -7.36181557e-01 1.66608858e+00
    1.62515545e+00 1.49083436e-01 -2.24963367e-01 1.17788982e+00
    3.19098353e-01 -2.44358212e-01 -5.61064422e-01 1.43555439e+00
    1.74099731e+00 1.31892169e+00 1.24497569e+00 1.36236405e+00
    -2.72821665e-01 -2.32063949e-01 1.91014409e-01 2.53982186e-01
    1.32314348e+00 2.49928951e-01 -2.41184473e-01 -1.62436843e-01
    -2.65029550e-01 -3.09253246e-01 1.34371853e+00 1.12525916e+00
    1.77474022e-01 1.29262936e+00 9.43799198e-01 7.59530663e-01
    3.42016220e-02 3.13545823e-01 -3.98225009e-01 -4.84050512e-02
    1.18767238e+00 -4.54793930e-01 4.96193409e-01 9.49410796e-01
    9.42135930e-01 3.21969330e-01 7.63731003e-02 -6.58070087e-01
    -5.14185548e-01 5.53495646e-01 1.55934906e+00 -6.33596241e-01
    1.22070849e-01 -5.81059933e-01 5.14123738e-01 -5.70868194e-01
    1.06142092e+00 1.23479402e+00 -1.07809782e-01 -6.70655668e-01
    -7.28195548e-01 -6.48594618e-01 9.74766135e-01 1.60109437e+00
    -5.15435338e-01 3.33161354e-02 -4.94545430e-01 1.42311263e+00
    6.20238543e-01 1.17898297e+00 1.16335964e+00 8.17342460e-01
    7.02851355e-01 -1.57947123e-01 -3.90222698e-01 1.40741658e+00
    -4.12087142e-01 -7.15049624e-01 1.60986924e+00 3.46234500e-01
    1.64720869e+00 -7.02791095e-01 1.39474761e+00 2.94104695e-01
    8.01989019e-01 4.21362519e-02 1.07494593e-01 1.11339629e-01
    -5.06660819e-01 7.58161724e-01 -3.29567194e-01 -3.31358314e-01
    1.06417298e+00 1.66453695e+00 -7.42504001e-01 7.06777811e-01
    1.60435462e+00 -6.61857903e-01 8.03020895e-01 6.17095828e-01
    -2.51753747e-01 -4.08339292e-01 8.55934024e-02 1.05867076e+00
    5.18812418e-01 1.41239548e+00 7.55294800e-01 5.67376614e-04
    1.05093718e-02 -4.64995921e-01 -5.26705325e-01 9.60597754e-01
    -6.09012485e-01 6.90320432e-01 7.88044155e-01 1.46576786e+00
    1.28979373e+00 -8.88931751e-03 1.72355258e+00 -1.33632302e-01
    1.62729442e-01 4.69588518e-01 -1.71682537e-01 6.96731806e-01
    3.32040966e-01 1.53774321e-01 -5.41215420e-01 1.05120623e+00
    -1.78798735e-01 7.01935172e-01 -6.43954158e-01 8.95633340e-01
    1.38063550e-01 -3.06903273e-01 1.65029383e+00 -4.93846774e-01
    -5.00097871e-01 1.33280659e+00 6.20816410e-01 1.38036299e+00
    1.04319525e+00 5.45957923e-01 7.19165802e-03 1.70343244e+00
    7.23202646e-01 1.60960352e+00 1.53387284e+00 1.02311897e+00
    9.26875770e-01 1.35848880e+00 -1.53657675e-01 -3.56451511e-01
    1.23242557e+00 -7.26331472e-01 1.29979432e-01 1.00560009e-01
    -3.46281558e-01 1.26685202e+00 5.76893210e-01 1.51060820e+00
    7.70451725e-01 2.09733129e-01 1.14487958e+00 2.83700824e-01
    1.99470162e-01 1.51792598e+00 1.51485205e+00 -2.28941143e-01
    -2.73386985e-01 3.87713790e-01 1.73209190e-01 3.40229332e-01
    1.30061936e+00 6.26283288e-01 -2.62213290e-01 -1.64948404e-01
    8.79424512e-01 1.40313339e+00 8.67862582e-01 3.27675819e-01
    -2.38339126e-01 1.54719687e+00 2.57239580e-01 -7.75823355e-01
    -2.69964933e-01 -2.63838172e-02 1.05425107e+00 9.08831537e-01
    -7.37264276e-01 5.10837257e-01 5.37217855e-01 1.34754121e+00
    1.00772560e-01 3.97164166e-01 -3.76704752e-01 -3.68287683e-01
    1.44448102e-01 8.79220963e-01 1.29988718e+00 -5.30114114e-01
    -2.67682940e-01 5.76161027e-01 5.68921030e-01 -1.06126666e-02
    9.30916607e-01 2.25179076e-01 9.22822535e-01 1.59643829e+00
    1.59215605e+00 1.14969754e+00 2.43328214e-02 8.42836201e-01
    1.73376334e+00 1.12211120e+00 1.73955882e+00 4.33113813e-01
    1.62388182e+00 -3.69809270e-01 2.98190475e-01 7.27411330e-01
    1.24642324e+00 -1.49819016e-01 1.01685119e+00 -6.77525997e-03
    -7.60735214e-01 1.55692303e+00 7.21017122e-01 1.55426860e+00
    6.85335517e-01 -6.45978034e-01 1.65314865e+00 5.16299367e-01
    8.05999398e-01 -5.59577048e-01 1.66727519e+00 1.11017644e+00
    1.22639561e+00 1.65606618e-01 -7.04681575e-01 -5.36827445e-02
    1.16463935e+00 -4.94586766e-01 1.72770429e+00 8.37819576e-01
    1.48776734e+00 4.39217806e-01 -8.63235593e-02 8.16779733e-02
    1.70667505e+00 6.41839981e-01 1.73975468e+00 -1.82093978e-01
    8.28658998e-01 5.03158569e-01 -5.96342087e-01 1.23985207e+00
    1.00323558e-01 1.01531124e+00 1.53972900e+00 2.59553134e-01
    1.53173327e+00 3.31515253e-01 5.09088278e-01 1.83935046e-01
    1.16785479e+00 -2.87528902e-01 -5.16985655e-02 1.41848874e+00
    9.96809006e-02 1.68668985e+00 -5.20173848e-01 8.64096224e-01
    1.13948369e+00 -7.06245720e-01 1.40713096e-01 5.41933477e-01
    1.47715557e+00 7.08574057e-01 1.53633022e+00 1.04160142e+00
    -2.65257388e-01 4.76352632e-01 5.59986532e-01 -4.48267668e-01
    1.72047210e+00 -7.25461245e-01 1.93874300e-01 -6.09452665e-01
    2.54045963e-01 9.42543745e-02 -2.50077248e-02 2.69065619e-01
    -7.59884179e-01 1.56200337e+00 4.86828089e-02 5.48940063e-01
    1.13109267e+00 -5.26208162e-01 8.05898488e-01 -9.26266313e-02
    1.52131021e-01 -3.07761431e-02 6.27629161e-01 1.43131387e+00
    1.64624631e-01 9.78083670e-01 1.66143918e+00 1.17854178e+00
    1.57934308e+00 -4.01277930e-01 7.57058859e-02 8.48567367e-01
    4.31479216e-02 -5.28454781e-01 5.13040066e-01 1.60372257e-01
    1.35026288e+00 1.73008800e+00 9.99623477e-01 5.78532457e-01
    2.12526917e-02 -4.94666517e-01 -2.20070958e-01 4.96106088e-01
    1.70579028e+00 1.43646479e+00 5.45130372e-02 7.60892451e-01
    1.70209587e-01 1.26539660e+00 1.47014070e+00 1.04415607e+00
    7.60570943e-01 5.04427731e-01 6.00193441e-01 5.06899238e-01
    1.24394631e+00 4.13590074e-01 4.02688920e-01 1.25075459e-01
    5.81475198e-01 -2.47593045e-01 7.19172478e-01 1.51240766e+00
    3.63638282e-01 -4.24892515e-01 -6.94700360e-01 6.28926694e-01
    -4.07598078e-01 6.39542222e-01 1.43421221e+00 5.02543867e-01
    -7.16578305e-01 -5.61249852e-01 1.49900246e+00 2.12831914e-01
    1.38726997e+00 1.17242932e+00 2.13485360e-02 9.59136844e-01
    1.25909030e+00 -4.99660790e-01 2.73774564e-01 1.95941627e-01
    -1.23742700e-01 -4.45614457e-01 -1.40178084e-01 1.78462720e+00
    1.00533235e+00 9.29359734e-01 1.61868382e+00 -6.29758239e-01
    -1.35792494e-01 -7.00093508e-02 7.18824387e-01 5.59219956e-01
    1.65148270e+00 4.73407567e-01 8.91561091e-01 1.09783316e+00
    -7.06885040e-01 1.13323975e+00 5.10108650e-01 1.09504318e+00
    -6.28435433e-01 1.67713547e+00 1.29048860e+00 7.12573528e-03
    1.01693809e-01 9.05175030e-01 9.98643041e-01 7.65994072e-01
    1.44637513e+00 3.55158091e-01 6.36217892e-01 -1.33170485e-02
    6.55361950e-01 3.02622914e-01 1.49344862e-01 -5.33564687e-02
    2.31413841e-02 6.09174728e-01 1.69327617e+00 9.48704004e-01
    9.06379223e-02 7.08667099e-01 1.18486047e+00 6.09789729e-01
    1.68211401e+00 6.63192272e-01 3.59263241e-01 7.20363498e-01
    1.60478377e+00 -1.99389815e-01 -7.12253749e-01 1.44696665e+00
    1.13489509e+00 -6.83448434e-01 1.09566975e+00 -1.15978718e-03
    3.71996760e-02 -6.82110548e-01 -2.26984441e-01 5.40167987e-01
    4.11824048e-01 1.44877064e+00 -6.16877079e-01 -4.39860255e-01
    3.40775013e-01 8.26056004e-01 -2.22527683e-01 1.20649219e+00
    1.44904256e+00 8.00766170e-01 1.59279275e+00 9.58437502e-01
    -5.63706458e-01 1.38484359e+00 5.51918507e-01 9.42952871e-01
    1.16932333e-01 4.78862643e-01 9.85122204e-01 1.32534385e+00
    -1.58305526e-01 4.58363891e-02 3.38889956e-02 6.56424761e-02
    -4.41038847e-01 -3.05882245e-01 3.82119358e-01 7.96632469e-01
    3.14824581e-02 1.51240146e+00 4.05497313e-01 6.04311228e-01
    1.21616554e+00 -3.88258696e-03 -3.80401403e-01 1.34281516e-02
    2.17889190e-01 2.42179513e-01 9.07785594e-01 5.79250038e-01
    1.35357404e+00 -3.66483808e-01 5.81875801e-01 1.17645633e+00
    7.62653887e-01 7.52539754e-01 8.57829571e-01 -3.17711145e-01
    -1.69815660e-01 -6.56795561e-01 -1.18447542e-01 3.26374412e-01
    -1.40100718e-03 5.37081957e-01 -7.04669952e-01 1.35743117e+00
    4.13362503e-01 9.78601694e-01 1.81522667e-01 1.20431304e+00
    7.22225606e-01 1.37212777e+00 -7.50257492e-01 1.13874316e+00
    5.12769103e-01 -6.72638178e-01 -2.83543766e-01 3.77587974e-01
    1.42683196e+00 1.14142442e+00 1.49079704e+00 1.96114182e-02
    -1.77570105e-01 4.84339356e-01 1.67162979e+00 -3.57747376e-01
    1.33340359e+00 -1.72849596e-01 -4.18888420e-01 8.06163311e-01
    9.58656669e-02 -5.72118998e-01 4.80874538e-01 6.11525595e-01
    -1.09868765e-01 -4.63242143e-01 6.75029218e-01 -2.80865163e-01
    3.62907171e-01 3.94727230e-01 1.03123844e+00 -5.35219908e-03
    1.26287222e+00 1.71018291e+00 1.02438629e+00 -2.47197449e-01
    8.96173716e-02 1.18759513e+00 1.68717837e+00 7.37809598e-01
    8.04033458e-01 -2.78355002e-01 1.71520257e+00 -1.56573594e-01
    -2.78730184e-01 1.64173579e+00 -3.40455264e-01 6.90499127e-01
    5.28663397e-02 1.41821206e+00 -1.27312422e-01 1.63361144e+00
    1.44001079e+00 1.52470589e+00 1.02590275e+00 7.66312778e-01
    1.38701594e+00 8.91537249e-01 9.67734516e-01 1.23834801e+00
    1.16016269e-02 9.18884873e-01 3.13045859e-01 -1.40461206e-01
    4.58883822e-01 -4.53160137e-01 1.08574057e+00 1.26262140e+00
    1.06884861e+00 -3.28299195e-01 -8.31657648e-03 2.33163834e-01
    1.17667890e+00 2.49158621e-01 -5.57948232e-01 3.39744627e-01
    1.31963325e+00 1.37732553e+00 1.20692849e+00 4.80489492e-01
    -2.74455547e-01 -5.96946001e-01 1.17803264e+00 1.64544165e-01
    1.41389418e+00 -4.41909432e-01 1.04126573e+00 5.92312813e-01
    2.84358442e-01 1.59881759e+00 3.67227197e-01 1.69098461e+00
    1.70976710e+00 4.82203364e-01 1.69241440e+00 -2.88842350e-01
    1.04982209e+00 2.54855454e-01 -1.30520701e-01 -3.82646918e-02
    1.05782557e+00 1.36526561e+00 9.95257914e-01 -6.04828596e-01
    -1.12700880e-01 -3.89605016e-01 -2.95198619e-01 3.90783787e-01
    1.48108160e+00 4.10004675e-01 1.71667540e+00 4.09774780e-01
    1.67477179e+00 1.61979437e+00 -6.58136010e-02 3.73393595e-01
    1.44787002e+00 7.68926501e-01 -7.04130888e-01 1.39620030e+00
    1.36166286e+00 1.56036961e+00 1.19939590e+00 3.12607884e-01
    2.15804100e-01 1.25748754e+00 1.14795518e+00 1.27197528e+00
    1.22767293e+00 6.37536526e-01 1.23879611e+00 1.96316004e-01
    5.73024809e-01 -4.80080783e-01 -4.68712449e-02 -4.79379475e-01
    2.72860289e-01 5.56213856e-02 7.02455461e-01 9.41382587e-01
    8.07773530e-01 1.30368614e+00 -3.16705883e-01 7.27235615e-01
    1.16746294e+00 -1.56558335e-01 4.72863436e-01 8.64468038e-01
    1.24373865e+00 9.24977303e-01 1.66552365e+00 1.06916785e-01
    -1.96329951e-02 -5.90809107e-01 2.57652342e-01 -3.30625951e-01
    4.30512905e-01 2.79724598e-01 -6.61329865e-01 -3.82678896e-01
    3.69245470e-01 -5.12472928e-01 5.22231162e-01 1.20143175e+00
    2.00653911e-01 -5.58592319e-01 1.36083877e+00 7.36961007e-01
    -1.22228146e-01 -7.21743107e-02 1.58713520e+00 5.42100668e-01
    -4.72297192e-01 1.46699047e+00 1.47493768e+00 1.29055095e+00
    -5.93251944e-01 4.65767443e-01 1.65630901e+00 -5.80364466e-02
    1.09550309e+00 -3.87139440e-01 1.04295909e+00 -4.31115359e-01
    -3.04268718e-01 2.54805923e-01 1.05488443e+00 1.08356893e-01
    7.08206892e-01 -3.05887550e-01 2.37457812e-01 8.63378465e-01
    7.09234476e-02 1.20431876e+00 -1.86041176e-01 -6.15409017e-02
    5.86739540e-01 1.27678800e+00 -2.51169562e-01 -3.49067450e-02
    7.86216378e-01 9.96723473e-01 -3.03553551e-01 3.34624708e-01
    1.38861072e+00 1.57495713e+00 9.35274184e-01 1.44101429e+00
    -5.98247468e-01 6.44448638e-01 5.18671691e-01 9.04364824e-01
    1.51514387e+00 7.25674689e-01 1.07956541e+00 7.39187419e-01
    -4.05160874e-01 1.12714887e+00 1.46349597e+00 -1.89768016e-01
    -1.11550689e-02 8.29208493e-02 5.94052672e-01 6.24639332e-01
    1.12826455e+00 1.12990665e+00 8.61694217e-01 6.79489970e-01
    -2.03873396e-01 -3.69378090e-01 7.97707498e-01 -3.64472419e-01
    3.38874817e-01 -6.93922639e-01 -6.83169425e-01 -5.23366690e-01
    1.12154484e+00 -6.93165004e-01 -5.60541928e-01 -2.87462920e-01
    1.19917393e+00 5.11746824e-01 1.53963327e-01 8.70227456e-01
    1.72414529e+00 9.71502304e-01 6.37268424e-02 1.58270454e+00
    1.96331739e-03 5.42912066e-01 -2.10331678e-02 -5.37829280e-01
    8.98888826e-01 5.53233027e-02 9.73236561e-02 -2.91332603e-02
    6.42911375e-01 -6.05151415e-01 4.28874314e-01 4.81690347e-01
    1.17825007e+00 1.64807820e+00 -3.25265229e-01 -1.45459294e-01
    6.88223004e-01 3.74115050e-01 -7.14474201e-01 7.44455278e-01
    -6.88477457e-01 -3.47473353e-01 4.18238819e-01 -5.69402039e-01
    -1.57087982e-01 -6.98024511e-01 9.07105148e-01 1.32938349e+00
    1.14279294e+00 1.17066920e-01 -6.87099934e-01 -2.75822580e-01
    -6.40682936e-01 -7.30184972e-01 6.99337959e-01 -3.90187651e-01
    -1.42265737e-01 9.06337678e-01 9.17773902e-01 -3.59246969e-01
    -6.60416245e-01 1.24136460e+00 9.52599883e-01 1.60958111e+00
    1.09507632e+00 1.37728524e+00 1.23494422e+00 -5.93124807e-01
    1.00971270e+00 9.18228209e-01 -4.46880430e-01 -3.95047665e-03
    4.88358140e-01 -4.20145333e-01 -6.45036221e-01 -4.60370213e-01
    3.54347467e-01 -3.40159267e-01 -3.21477771e-01 1.43185925e+00
    1.44121826e+00 7.68672228e-01 8.12462032e-01 9.96405900e-01
    5.20053327e-01 1.52457654e-01 3.80845189e-01 6.02294087e-01
    1.11474967e+00 -3.91264379e-01 5.41559458e-02 -5.92760861e-01
    7.76933610e-01 -1.50361001e-01 5.52935183e-01 -7.33280241e-01
    1.56877863e+00 8.61056089e-01 1.14445150e+00 2.59023786e-01
    -7.28537202e-01 1.29470325e+00 9.48818862e-01 1.57090449e+00
    6.72265708e-01 6.54625535e-01 1.63488126e+00 -1.67796671e-01
    1.10583901e+00 1.21964705e+00 -2.34331995e-01 -6.72728539e-01
    -5.79714835e-01 1.20789731e+00 -4.93020773e-01 1.11902738e+00
    1.33957660e+00 -2.60012001e-01 8.64190340e-01 -1.75863504e-03
    1.21956038e+00 -4.49759841e-01 1.54013324e+00 -4.20243055e-01
    1.28835917e+00 7.65944362e-01 6.61265016e-01 -5.75465918e-01
    -3.86220306e-01 4.98581767e-01 8.55877340e-01 5.13609469e-01
    4.11540151e-01 1.66616631e+00 1.36422634e+00 -1.48555636e-02
    1.35083532e+00 7.48789191e-01 6.23787522e-01 3.35559249e-02
    -4.20735568e-01 1.31381238e+00 1.17059469e-01 5.56433380e-01
    -3.91950607e-02 8.19062948e-01 6.06478512e-01 1.54928231e+00
    1.22175336e-01 4.32394683e-01 1.02893090e+00 -4.60208058e-02
    7.69968092e-01 1.17718041e-01 1.53210664e+00 1.62227929e-01
    6.86666369e-01 -6.67879403e-01 7.22164512e-01 7.10102916e-01
    -4.57666278e-01 -2.95309812e-01 1.11497819e+00 -9.48252678e-02
    2.77698159e-01 4.79207277e-01 -6.33072019e-01 -7.52732754e-02
    1.36323655e+00 1.74817801e+00 1.61454320e-01 -5.85910082e-01
    5.08928597e-01 -6.97078824e-01 1.30702686e+00 -2.72781700e-01
    7.27858186e-01 8.43027532e-01 -4.69518930e-01 1.54427075e+00
    -3.44585359e-01 1.29943454e+00 -3.57428551e-01 1.00189805e+00
    1.28917122e+00 2.78161645e-01 -2.63552338e-01 -7.36388564e-02
    6.66037202e-02 1.36870754e+00 -4.01652664e-01 -3.90620083e-01
    -6.77988350e-01 -1.27300799e-01 6.21415854e-01 4.78075802e-01
    -1.60581589e-01 1.18575168e+00 1.56067777e+00 2.32299566e-02
    2.28548050e-02 6.10040128e-01 -6.30283475e-01 -5.28469503e-01
    2.42212713e-01 1.49970126e+00 1.42621517e+00 -5.26261926e-02
    5.10887325e-01 -3.67676258e-01 1.43178630e+00 3.22660863e-01
    1.06054807e+00 3.08124185e-01 4.52745616e-01 -3.99565578e-01
    -4.94740576e-01 1.00732327e+00 -3.19271237e-01 1.36394572e+00
    1.62039804e+00 1.30367708e+00 -2.20959008e-01 1.20794857e+00
    -4.89811897e-02 3.72101843e-01 1.26221967e+00 -2.77489662e-01
    7.53291368e-01 7.30712771e-01 5.70740819e-01 -4.78827447e-01
    1.24013007e-01 8.65612388e-01 2.09302664e-01 6.91483140e-01
    5.72344482e-01 1.08025634e+00 5.51662147e-01 1.18217850e+00
    1.39548838e-01 1.41071773e+00 1.03635788e+00 1.24107981e+00
    -4.57236230e-01 7.98401475e-01 7.94607639e-01 1.03455472e+00
    1.61570477e+00 1.65009332e+00 1.32216763e+00 -6.71677470e-01
    1.51991987e+00 9.95909572e-02 6.88050747e-01 1.52432036e+00
    2.11048007e-01 1.33149433e+00 8.16403985e-01 1.16831231e+00
    7.22835779e-01 -3.43739986e-03 3.55754793e-01 2.93212831e-01
    -3.08966100e-01 1.02374005e+00 6.60967350e-01 1.73014426e+00
    3.70312929e-02 1.34420514e-01 -3.43820333e-01 -3.30689132e-01
    1.53852057e+00 -6.73472703e-01 2.50572145e-01 1.69666362e+00
    8.68223310e-02 1.08918524e+00 -7.40815401e-01 -7.62627602e-01
    1.53235602e+00 -2.58635938e-01 -5.51479161e-01 1.13607061e+00
    1.81550384e-02 5.76285720e-01 7.24620163e-01 -1.16550982e-01
    -1.84248447e-01 2.34614015e-02 2.19047904e-01 -2.89264768e-01
    6.47270143e-01 -4.26280290e-01 1.08337677e+00 1.52561712e+00
    -2.77854323e-01 6.08503759e-01 -2.16917753e-01 -6.97912812e-01
    3.58541071e-01 8.35929453e-01 1.33154154e+00 1.59946644e+00
    1.33278847e+00 -3.46971244e-01 -6.63809240e-01 1.07772076e+00
    1.39349103e+00 -2.30941415e-01 1.73259020e-01 -6.46236420e-01
    -5.22397280e-01 -3.30336154e-01 7.68192530e-01 4.55619037e-01
    1.18163633e+00 7.48897374e-01 1.33178234e-01 1.72205389e-01
    -3.19293350e-01 6.91766560e-01 9.57855463e-01 8.14414024e-02
    6.77866995e-01 7.67261505e-01 9.53310728e-02 -1.25183105e-01
    1.70592988e+00 -2.47817636e-02 -6.47826850e-01 6.51422560e-01
    -4.51534361e-01 -7.32617855e-01 8.29891980e-01 7.10997760e-01
    2.94234514e-01 1.38717961e+00 5.47775626e-02 -3.21116835e-01
    -1.98543251e-01 1.50189161e-01 6.78259909e-01 1.06587958e+00
    1.82852328e-01 -3.54678631e-01 1.03795505e+00 8.06846440e-01
    1.13816667e+00 -6.71772361e-01 -3.81554276e-01 1.70209265e+00
    1.34995127e+00 9.51941550e-01 -2.75006503e-01 -2.63530493e-01
    1.15062904e+00 -5.06090343e-01 1.33091307e+00 1.31614041e+00
    1.73809981e+00 -1.94204152e-01 2.19078660e-01 3.52029502e-01
    1.45203829e+00 7.59620249e-01 3.27626109e-01 9.28958595e-01
    8.19562018e-01 7.58734941e-02 1.29191875e-01 1.47228956e+00
    1.86474264e-01 -2.63880640e-01 2.88287401e-01 7.84586668e-02
    1.42644334e+00 -6.73137903e-02 5.83975315e-01 -3.00917298e-01
    9.86746132e-01 1.55719030e+00 7.78061748e-01 4.09769356e-01
    8.45778823e-01 -4.59770888e-01 5.81829250e-01 7.20793664e-01
    -4.12822187e-01 -5.52004814e-01 1.15173602e+00 -3.53043079e-02
    1.51811409e+00 -1.02619827e-01 6.78470612e-01 7.21700430e-01
    1.04507852e+00 -2.15840876e-01 1.41849995e+00 9.04454827e-01
    -1.24836385e-01 1.26670408e+00 1.43646288e+00 8.65956664e-01
    7.10680544e-01 1.03322101e+00 6.02487385e-01 1.23045945e+00
    1.66458964e+00 1.02012241e+00 8.09981227e-01 1.96050167e-01
    1.51870370e+00 -4.14895594e-01 -5.69620192e-01 9.06465292e-01
    -4.87874568e-01 8.39945734e-01 1.12385869e+00 1.50931072e+00
    1.29168653e+00 3.71452570e-02 9.08922255e-01 5.80518126e-01
    4.91240323e-01 1.42044079e+00 -3.11428100e-01 1.58647597e+00
    -2.49167204e-01 6.75292075e-01 4.31742013e-01 9.84051824e-02
    6.20024264e-01 1.24188471e+00 -1.70130849e-01 1.48354328e+00
    1.38534915e+00 1.12106276e+00 -1.93283916e-01 -1.77408755e-01
    -2.83321053e-01 1.54046249e+00 1.14840770e+00 8.70235920e-01
    7.27628827e-01 9.91159141e-01 -6.06424689e-01 -4.70722556e-01
    -4.84547734e-01 1.48831630e+00 1.58715069e-01 5.19739091e-01
    -3.59051704e-01 -2.54057288e-01 5.69498718e-01 -6.14244640e-01
    6.06628299e-01 9.72170532e-01 1.52037120e+00 -1.77230120e-01
    5.55915058e-01 9.02762413e-01 1.14673376e+00 -6.08646512e-01
    1.59088802e+00 3.51970851e-01 3.51399720e-01 -1.32875085e-01
    2.22119391e-01 6.46889329e-01 3.93598676e-01 1.58369184e+00
    -4.97175008e-01 1.67715549e-01 1.49721193e+00 1.60835981e-01
    -3.34022164e-01 3.60024631e-01 5.28237224e-01 2.14758933e-01
    1.65471816e+00 3.74127507e-01 5.49842715e-02 1.33348668e+00
    -3.50345492e-01 2.89392292e-01 7.39112973e-01 1.59004521e+00
    -4.68196660e-01 1.61032367e+00 7.55436957e-01 1.35704565e+00
    2.43926525e-01 1.20804739e+00 9.38535511e-01 7.41644740e-01
    1.43492067e+00 -5.40161252e-01 -3.70737821e-01 1.59241140e+00
    8.86193454e-01 6.93178773e-01 1.45285499e+00 -4.92514372e-02
    7.12203264e-01 -3.57823998e-01 1.52803206e+00 1.61267114e+00
    4.13826704e-02 1.62507737e+00 -4.92341042e-01 -3.49273711e-01
    6.08776867e-01 1.26766276e+00 7.27033556e-01 -9.98189449e-02
    6.00902796e-01 1.41005397e-01 8.30331445e-01 -5.17819285e-01
    9.77056444e-01 1.13975084e+00 1.43477011e+00 9.40151811e-01
    5.86437881e-01 9.60427761e-01 -6.03820503e-01 6.77354217e-01
    9.14366186e-01 -6.01161301e-01 2.92358160e-01 -8.74989629e-02
    -1.05974376e-01 -3.77870619e-01 1.25055218e+00 6.04687452e-01
    -6.50262117e-01 1.33623457e+00 1.08248138e+00 -1.99727893e-01
    -2.38535047e-01 -3.06966603e-01 3.98632109e-01 -6.66985750e-01
    9.48309243e-01 7.56976485e-01 -1.55851305e-01 7.31118321e-01
    -3.91558319e-01 1.17663980e-01 1.18802404e+00 1.29157221e+00
    1.17869759e+00 3.45366240e-01 9.12647426e-01 -5.68751216e-01
    8.55115533e-01 9.56970096e-01 5.22381783e-01 -1.13906920e-01
    6.12424016e-02 -3.83676827e-01 -3.69812429e-01 6.94017947e-01
    4.13918555e-01 -7.05421329e-01 1.72738552e+00 8.92410278e-01
    -3.37383866e-01 1.77199602e+00 -3.90158296e-01 8.03756535e-01
    1.67503607e+00 1.12820935e+00 -2.84339219e-01 8.69444251e-01
    2.89714694e-01 -1.14109993e-01 8.32169116e-01 8.01671267e-01
    -5.61451554e-01 1.54096901e+00 9.72105026e-01 1.33655882e+00
    4.93681848e-01 1.75979817e+00 -3.41509074e-01 1.07382131e+00
    4.76893127e-01 4.21209335e-02 -2.83695251e-01 1.62244725e+00
    2.50472844e-01 -3.41729522e-02 8.61052215e-01 7.71421194e-01
    -6.45923555e-01 9.24744427e-01 -5.84428072e-01 1.13506508e+00
    -4.60725546e-01 -2.37928033e-01 1.49707150e+00 3.78815293e-01
    4.26831484e-01 1.58927107e+00 8.90063047e-01 9.32790875e-01
    2.40718067e-01 -5.99376559e-02 8.65089118e-01 9.68251705e-01
    1.23432982e+00 -6.46282971e-01 5.64405739e-01 5.25050342e-01
    -4.02037770e-01 -1.12391293e-01 -1.04854584e-01 1.42390180e+00
    -2.47500807e-01 -5.00996411e-01 1.07550633e+00 7.99153805e-01
    -2.45873719e-01 1.26087165e+00 7.83501267e-01 6.35661840e-01
    -3.93607587e-01 1.23984766e+00 1.28012359e-01 6.12773895e-01
    6.01472557e-01 4.21688557e-01 1.59033847e+00 5.35887480e-03
    4.70058799e-01 -3.96510363e-02 4.55502629e-01 1.34367108e-01
    1.43112814e+00 -2.17458844e-01 -1.41711771e-01 4.46788371e-01
    -4.75043982e-01 9.40883279e-01 -7.16770291e-02 1.14259684e+00
    -6.64809644e-01 -2.55858988e-01 1.08065367e+00 5.04041255e-01
    -1.22394860e-01 9.80425417e-01 -5.75704634e-01 -2.77988315e-02
    8.85414839e-01 1.55581295e-01 1.06689215e-01 -7.43362904e-02
    1.21692717e+00 1.78939819e-01 1.34337258e+00 -6.95192993e-01
    1.42590117e+00 8.74348402e-01 5.77966392e-01 1.54245222e+00
    1.13547039e+00 7.20129371e-01 -5.43574452e-01 7.51664162e-01
    1.25770712e+00 1.47218180e+00 3.97158682e-01 1.92767978e-02
    -2.87963659e-01 3.20516407e-01 3.83391440e-01 4.93113995e-02
    5.24792790e-01 -2.10671842e-01 -5.06879747e-01 -3.72358918e-01
    4.20877874e-01 1.03764808e+00 1.94555640e-01 4.17321920e-02
    4.34135735e-01 -4.13901567e-01 1.63234782e+00 -4.46285009e-02
    -8.71209502e-02 2.55295932e-01 4.59351182e-01 -1.49819016e-01
    1.50313640e+00 -4.10295099e-01 3.12284470e-01 -3.80622506e-01
    -1.41217709e-01 -6.07742667e-01 -1.21607423e-01 -5.31847477e-01
    1.35324347e+00 9.12894368e-01 -6.09269619e-01 1.23595166e+00
    1.22799420e+00 1.55375338e+00 5.04791737e-03 1.10948205e+00
    -2.09724665e-01 1.30675435e+00 1.42797351e+00 1.03381264e+00
    2.35107303e-01 -6.48927987e-01 -1.49296641e-01 8.47862422e-01
    -1.10380411e-01 1.57444572e+00 3.71632993e-01 -6.93657160e-01
    5.98139167e-01 1.71329641e+00 9.83826339e-01 -5.69786310e-01
    1.05070460e+00 1.13937020e+00 3.81489396e-02 1.63073242e-01
    1.13088286e+00 6.17653608e-01 -5.49830556e-01 -7.72501230e-02
    1.18833780e-03 1.40664995e-01 1.63552940e-01 -3.36411744e-01
    -1.69579387e-01 3.79846871e-01 1.53731942e+00 4.46602702e-01
    1.68715310e+00 1.17816281e+00 1.51908016e+00 6.85401976e-01
    1.32628119e+00 3.94570410e-01 1.51776171e+00 9.51563716e-02
    -7.63396382e-01 9.97007668e-01 1.36806941e+00 6.38313413e-01
    2.51809597e-01 1.13063121e+00 -6.73074424e-01 7.50333309e-01
    -1.81304634e-01 6.43866539e-01 -5.66355765e-01 1.47470069e+00
    2.89827585e-03 7.04854727e-02 8.76068294e-01 -5.17490268e-01
    4.75894570e-01 -5.95348060e-01 -5.97838759e-02 1.74949729e+00
    -5.39833248e-01 -1.81235671e-02 6.37686908e-01 -6.48764610e-01
    2.92069793e-01 1.30841815e+00 1.35620904e+00 7.36650944e-01
    4.31121349e-01 1.59160352e+00 8.83855522e-01 1.14286423e+00
    1.36144471e+00 7.57017136e-01 -2.19971657e-01 4.03481424e-01
    7.39317000e-01 1.03411424e+00 9.33717489e-02 5.68926275e-01
    1.36638474e+00 1.36420667e+00 -1.27286673e-01 1.16263449e+00
    1.53589249e+00 1.55094194e+00 8.85123610e-01 3.60642552e-01
    -9.60612893e-02 3.73685241e-01 1.46611381e+00 7.09832549e-01
    9.23233092e-01 9.62227583e-02 1.04928493e+00 4.25599873e-01
    -4.79304016e-01 -5.72787404e-01 -1.93591297e-01 9.03102040e-01
    1.28986049e+00 -2.21686959e-01 1.70108271e+00 8.72825861e-01
    1.36600780e+00 1.08072042e+00 1.44960141e+00 -1.65935457e-01
    4.05912817e-01 1.69457912e-01 5.57152629e-02 1.57640123e+00
    -7.00248837e-01 9.25114870e-01 -6.56393170e-02 7.23428369e-01
    1.60308433e+00 1.32312644e+00 -7.25881219e-01 7.27490425e-01
    8.51147354e-01 -2.98761308e-01 1.13631618e+00 -4.08401489e-02
    1.47908139e+00 6.40549779e-01 3.75256181e-01 -6.23018622e-01
    9.18503940e-01 2.75643885e-01 8.63990784e-02 1.04221308e+00
    1.31751239e+00 6.78234696e-02 1.05234623e+00 1.16675615e+00
    -4.72436786e-01 8.07142258e-01 -4.21629190e-01 8.19328308e-01
    1.62305760e+00 1.72703362e+00 5.53901792e-02 1.19613767e+00
    1.34197581e+00 8.76151860e-01 1.49214721e+00 1.25938892e+00
    8.70282054e-01 1.34959722e+00 1.23635912e+00 8.70954990e-01
    1.56152081e+00 -6.89146519e-01 8.41620922e-01 3.80523980e-01
    1.73103940e+00 9.53650832e-01 -4.30469275e-01 1.56313503e+00
    -4.56363112e-01 1.36270833e+00 -5.95927000e-01 6.16878629e-01
    -3.23005915e-01 1.53714013e+00 1.67084837e+00 2.35239863e-02
    -6.26907468e-01 -4.81333554e-01 5.93426168e-01 3.46584439e-01
    3.17566514e-01 -5.81254840e-01 5.65104306e-01 5.02441823e-01
    3.88968468e-01 2.02699959e-01 -1.70832872e-02 6.79874539e-01
    1.21852279e+00 7.60893226e-01 3.89890313e-01 5.21099210e-01
    1.60367620e+00 1.36343968e+00 7.49481916e-02 -7.01587677e-01
    -4.57876951e-01 -6.98342919e-02 -2.90173888e-01 9.80361700e-02
    1.43202925e+00 7.69444883e-01 4.75293517e-01 -7.00224400e-01
    -4.16591555e-01 1.41772819e+00 -5.99644363e-01 1.28404498e-02
    1.61557484e+00 1.46152759e+00 1.09562194e+00 1.71907532e+00
    -5.49905896e-01 -1.24293387e-01 1.43964171e-01 1.09931004e+00
    8.03417504e-01 1.75121903e-01 1.70296562e+00 1.62334466e+00
    -6.68683231e-01 8.73425245e-01 7.18451083e-01 -7.18576193e-01
    2.93573856e-01 3.71684432e-02 3.52345705e-01 1.29039466e+00
    2.75018334e-01 5.76372743e-01 8.67714763e-01 1.26413095e+00
    3.90187144e-01 9.00483727e-01 -3.75478119e-01 2.62320876e-01
    5.19367337e-01 1.51386070e+00 2.02652037e-01 5.99344313e-01
    -7.88748264e-03 8.76797199e-01 -3.33572000e-01 -5.55766821e-01
    5.64061522e-01 8.92510414e-02 6.55995488e-01 1.22906137e+00
    1.51623249e+00 6.69573188e-01 2.45848536e-01 3.27255905e-01
    3.85519505e-01 4.44438696e-01 8.93182814e-01 -3.75698805e-02
    4.28585052e-01 8.30515862e-01 -4.06589329e-01 1.51041687e-01
    -3.29399943e-01 1.26097238e+00 -3.37734193e-01 -7.14114904e-02
    9.88089979e-01 -6.07469797e-01 1.49835038e+00 -3.92567754e-01
    1.50417757e+00 3.41555357e-01 7.74242580e-01 2.19328165e-01
    1.58225083e+00 -3.47711384e-01 -4.09530431e-01 9.82376039e-01
    1.09089923e+00 1.04781246e+00 3.11192989e-01 1.39020967e+00
    5.96448600e-01 8.83720756e-01 4.00825739e-02 1.13201118e+00
    4.08878505e-01 -7.06734002e-01 3.07731032e-01 1.18241251e+00
    1.02412534e+00 1.48168635e+00 1.66736722e-01 -1.85146689e-01
    2.46998668e-01 1.61334336e+00 6.16516590e-01 -4.71389771e-01
    2.96976030e-01 1.28351724e+00 1.03564191e+00 9.34787273e-01
    1.17982626e+00 9.35292840e-01 1.12127662e+00 -7.65399992e-01
    -3.48651290e-01 1.13791800e+00 2.27868557e-01 4.53733563e-01
    1.08790338e-01 1.13898158e-01 8.22564721e-01 3.19033444e-01
    5.83033085e-01 -1.10915661e-01 1.06046438e+00 -2.26528943e-01
    -6.03452623e-01 8.50448489e-01 4.22445953e-01 1.26523399e+00
    9.00801003e-01 2.49796152e-01 1.41061950e+00 3.62192988e-02
    -5.16032755e-01 -3.62567961e-01 -4.14658755e-01 9.64482129e-01
    8.54830563e-01 -4.02960539e-01 -5.93931675e-01 -3.71179730e-01
    -3.03435057e-01 6.43073797e-01 -3.34661782e-01 1.67061281e+00
    7.63790011e-01 -3.85840595e-01 1.72406673e+00 4.85078752e-01
    -8.71071815e-02 1.28010750e+00 7.64273405e-01 1.40330434e+00
    4.62374389e-01 8.24733377e-01 6.32872105e-01 6.21618092e-01
    -4.72998828e-01 -1.77598596e-01 4.00456071e-01 1.46247435e+00
    1.52580571e+00 -6.06492639e-01 -3.97181988e-01 -4.43943024e-01
    1.19293654e+00 3.55273604e-01 -3.87923002e-01 1.17837739e+00
    -6.18985713e-01 -3.33190471e-01 4.72554564e-02 1.26627553e+00
    -3.78912508e-01 -3.77158791e-01 -2.26164043e-01 1.06885970e-01
    1.45340860e-01 -1.01925790e-01 7.37041235e-01 -3.26834857e-01
    1.40821171e+00 1.05751133e+00 1.06811416e+00 8.59913647e-01
    9.36752439e-01 -6.72239304e-01 2.72138953e-01 6.02783501e-01
    4.19811964e-01 -1.06979072e-01 -4.64096487e-01 4.64182019e-01
    -1.48098290e-01 1.73569322e-02 1.00504971e+00 8.50430965e-01
    2.55411983e-01 1.28161979e+00 -1.32094204e-01 4.73740637e-01
    4.02468204e-01 -2.77635545e-01 -3.89174253e-01 1.55715072e+00
    -7.04367459e-01 9.93268430e-01 1.29040241e+00 3.97584975e-01
    2.82203555e-01 7.44818747e-01 9.37376618e-02 1.71602035e+00
    2.13108838e-01 1.36145401e+00 -6.79906368e-01 9.95670438e-01
    -7.50117838e-01 -2.74740070e-01 -4.24298942e-01 1.29603195e+00
    1.19441628e+00 8.05515528e-01 -7.25294650e-01 8.97432029e-01
    1.31135166e+00 -4.49450999e-01 1.01300251e+00 1.25282907e+00
    -3.46340954e-01 -2.84113944e-01 1.00817680e+00 1.53301334e+00
    1.62974358e+00 1.45227695e+00 1.09873271e+00 -4.58860546e-01
    7.00469136e-01 1.46670628e+00 3.38740945e-02 1.33596885e+00
    1.11857605e+00 1.60718346e+00 5.90111971e-01 7.89952159e-01
    -2.54171729e-01 9.30830002e-01 5.13643742e-01 1.43588519e+00
    6.76822901e-01 2.55779922e-01 5.01267135e-01 -3.25137675e-01
    2.44223118e-01 -1.32400811e-01 9.19620037e-01 7.24464476e-01
    3.16532373e-01 8.28284621e-01 1.52692270e+00 7.40858674e-01
    -2.34795392e-01 -1.70154333e-01 1.57029951e+00 1.42445076e+00
    2.40858495e-01 1.61122262e+00 5.63483238e-01 -6.78045273e-01
    -7.34938979e-01 -6.60085380e-01 9.40466523e-02 9.73194838e-01
    -1.28096104e-01 1.47550631e+00 1.11514378e+00 -6.15624607e-01
    1.17278838e+00 -3.12812835e-01 1.27151060e+00 4.80031133e-01
    3.24322581e-01 8.18362832e-02 1.31325340e+00 9.53257084e-04
    2.76165366e-01 1.62974358e+00 6.97205424e-01 4.45279241e-01
    -9.89804864e-02 8.19191992e-01 3.47964764e-02 -3.28044116e-01
    -3.12034845e-01 5.65404058e-01 4.66399789e-01 1.03466439e+00
    -4.79602277e-01 -3.81961852e-01 1.15639615e+00 -4.30846810e-02
    3.62382472e-01 1.66031837e+00 2.23060906e-01 1.59649014e+00
    1.24074066e+00 1.31528378e-01 -4.09474999e-01 -2.46415794e-01
    -2.97816664e-01 -6.31374478e-01 -5.72999537e-01 6.33105278e-01
    4.72905815e-01 -1.50126934e-01 1.10167682e-01 1.67232990e-01
    -7.23376870e-02 6.91800117e-02 1.25840938e+00 1.55336070e+00
    1.74408734e-01 3.92519057e-01 -3.94125432e-01 2.69707918e-01
    6.16923988e-01 -4.00010347e-01 1.36472964e+00 1.42602324e-01
    -3.50621581e-01 9.92639482e-01 1.60958469e+00 9.23367262e-01
    7.64149249e-01 -9.55228209e-02 4.43944395e-01 8.94780278e-01
    -3.45909417e-01 -1.37981772e-01 4.86299396e-02 3.21159780e-01
    1.37541890e-01 2.54514217e-01 1.27191615e+00 4.79668081e-01
    -1.45341158e-01 -3.60045880e-01 7.59021699e-01 1.73314214e-01
    5.13356626e-01 1.14881802e+00 1.07437229e+00 1.27919364e+00
    -4.37659025e-02 1.69354892e+00 1.00860190e+00 9.06973541e-01
    3.32613587e-01 1.39826989e+00 -2.66528040e-01 9.47051227e-01
    -6.15368485e-02 9.97885644e-01 -2.30251968e-01 -2.22513258e-01
    1.18208790e+00 -5.60219288e-02 1.07436311e+00 5.32867312e-01
    7.93454826e-01 2.80176759e-01 2.66475022e-01 3.84934366e-01
    -6.56051159e-01 -4.66850042e-01 6.92278326e-01 1.46156335e+00
    1.35072148e+00 2.50076056e-01 8.95362854e-01 1.18887639e+00
    -3.42831284e-01 -2.09741443e-01 1.58356333e+00 -6.58590794e-01
    1.39988565e+00 1.24270964e+00 6.01637185e-01 9.51524973e-01
    4.41230178e-01 1.13893843e+00 -3.59066218e-01 1.19440603e+00
    1.36512315e+00 7.34130979e-01 -5.58668852e-01 1.65278316e-01
    1.49718285e-01 -6.26461148e-01 -3.75193089e-01 1.48210979e+00
    1.65097654e-01 2.59857357e-01 -1.51823938e-01 6.73590302e-02
    -4.65639710e-01 5.17736077e-02 1.12456191e+00 1.52993798e-02
    -1.51333332e-01 1.56712127e+00 1.44787335e+00 1.67767155e+00
    1.02795291e+00 1.68928885e+00 -1.47126794e-01 3.65757048e-01
    1.34722233e+00 6.36445940e-01 4.04586554e-01 -2.91963279e-01
    1.30360126e-02 1.55170488e+00 1.06562078e-01 8.63735676e-02
    6.51282728e-01 7.42302477e-01 1.68827939e+00 -1.45343959e-01
    1.57704532e+00 1.33440435e-01 1.20266867e+00 1.22087336e+00
    3.42245698e-02 -4.70606178e-01 -3.93111855e-01 1.68882942e+00
    -6.76622808e-01 2.42763579e-01 2.33629048e-01 1.30305612e+00
    1.03546512e+00 1.35690939e+00 1.22881627e+00 -1.91704988e-01
    3.02296519e-01 1.57587838e+00 -3.35167557e-01 -3.65200996e-01
    4.44301784e-01 1.73672259e-01 1.48436534e+00 1.49881172e+00
    1.70182645e+00 -7.13025928e-01 4.24681485e-01 -1.04715824e-02
    1.70385885e+00 -6.71123922e-01 1.66011155e-01 1.55969214e+00
    5.66118181e-01 1.68680787e+00 9.62432086e-01 4.83537912e-01
    -4.14445400e-01 5.48873901e-01 1.15153539e+00 -1.66156352e-01
    2.06465721e-01 9.45831776e-01 1.22119498e+00 1.55488753e+00
    1.05547619e+00 9.62691247e-01 -3.04578900e-01 3.67467999e-02
    9.69507515e-01 1.42641664e-01 4.98605907e-01 4.88478541e-02
    -3.25703561e-01 2.28594661e-01 1.28337193e+00 -5.07949889e-01
    1.47441244e+00 1.36453581e+00 -4.55096960e-02 3.06814015e-01
    1.32731795e+00 6.61890209e-01 -4.39719558e-01 7.27743983e-01
    1.10245228e+00 -4.13326383e-01 3.78726721e-02 9.25651193e-01
    6.33482754e-01 3.59697878e-01 2.48559177e-01 7.03211010e-01
    6.95398211e-01 5.69019437e-01 1.03898311e+00 -4.14268225e-01
    -5.29743969e-01 -5.34780025e-01 -7.00206637e-01 9.50211287e-01
    9.83549595e-01 1.62681806e+00 -8.82893801e-02 3.13532472e-01
    7.45031953e-01 3.88543606e-01 1.34881520e+00 -2.63697386e-01
    1.02998900e+00 -7.18005121e-01 8.45574021e-01 9.21342015e-01
    5.42037904e-01 1.02365398e+00 1.05933559e+00 8.62178266e-01
    6.49264991e-01 1.57565534e+00 7.83299387e-01 9.83722150e-01
    1.63306165e+00 1.08527029e+00 -6.50236607e-01 1.96438611e-01
    1.51189268e-01 5.99006832e-01 1.01154983e+00 7.56750047e-01
    1.33997440e+00 -6.70844436e-01 1.50259614e+00 8.90606582e-01
    1.31958139e+00 9.28068578e-01 1.43035197e+00 1.09577227e+00
    -4.63189512e-01 1.02669644e+00 7.15306997e-01 3.74314785e-02
    8.81355584e-01 -2.99240887e-01 -2.77140141e-02 -5.14782429e-01
    2.93681026e-01 8.38098168e-01 -7.02995062e-02 8.33808780e-01
    -7.54879713e-02 -5.53444147e-01 -2.46206194e-01 7.71819890e-01
    9.50422049e-01 1.29162526e+00 -1.92278743e-01 1.72134686e+00
    3.55479479e-01 8.68068874e-01 5.98425865e-01 -2.56906867e-01
    -4.40095633e-01 7.76277184e-02 9.23459172e-01 1.30156016e+00
    1.69814730e+00 -2.79938549e-01 4.36047077e-01 1.63711500e+00
    9.07083392e-01 1.16069806e+00 -1.87701285e-01 8.00072849e-01
    -5.89564800e-01 -1.95500016e-01 8.25790644e-01 6.45083368e-01
    -5.21962643e-01 1.36002517e+00 4.80442882e-01 1.43480122e-01
    1.69045424e+00 7.11278141e-01 8.01422954e-01 -5.07053137e-01
    1.40797091e+00 -7.27436483e-01 -2.79081464e-02 5.97365022e-01
    -1.47995532e-01 4.33817506e-02 7.36555994e-01 1.41924548e+00
    1.43053114e-01 1.68395257e+00 1.44294524e+00 5.96020579e-01
    1.51268518e+00 -2.81909466e-01 -5.79877675e-01 1.30772412e+00
    1.19093239e+00 -5.03670692e-01 -5.76153815e-01 -3.07720214e-01
    1.50881910e+00 4.32904840e-01 -5.09678662e-01 -4.65311378e-01
    1.02414727e+00 1.61477327e-01 3.97513807e-01 1.82047784e-01
    8.46345007e-01 -2.10301876e-02 1.38924658e+00 1.65374279e+00
    2.38817334e-01 1.29543233e+00 -1.52747095e-01 1.14552379e+00
    -5.91225624e-01 4.60407376e-01 1.62252843e-01 1.05152369e+00
    1.68861508e+00 -4.25699979e-01 1.03628826e+00 1.70155227e-01
    4.78130281e-01 1.20012259e+00 1.52479160e+00 1.08761668e+00
    -5.91264665e-01 1.09365618e+00 1.29083204e+00 1.59715652e+00
    1.02418172e+00 -3.84869754e-01 7.40830898e-01 1.77602053e+00
    8.45125854e-01 4.55225348e-01 -6.68834388e-01 -4.94576663e-01
    5.94360828e-02 7.54381299e-01 -1.88626468e-01 2.29967594e-01
    -9.84668732e-05 1.67577505e+00 1.52604747e+00 1.41831875e-01
    1.04497075e+00 2.44872034e-01 -7.34486699e-01 -3.01451892e-01
    1.86033845e-02 1.49267387e+00 -3.07722002e-01 -7.22425759e-01
    7.00168908e-01 1.43586457e+00 4.16788876e-01 1.54345214e+00
    1.67999208e+00 9.06533360e-01 1.19748259e+00 -7.61815190e-01
    1.69457507e+00 1.53886282e+00 4.15602207e-01 4.58885670e-01
    4.43434834e-01 1.39966702e+00 5.46320081e-02 1.71892357e+00
    2.98446417e-03 -6.77124381e-01 -4.51149940e-01 8.64608765e-01
    1.52568090e+00 1.87870145e-01 -6.78903997e-01 1.06087184e+00
    -4.11481678e-01 1.04089558e+00 1.17609262e+00 6.62341714e-01
    -4.99683976e-01 -3.46114427e-01 -3.06388050e-01 -2.04703927e-01
    4.75065112e-01 1.41623282e+00 6.00325942e-01 8.42614174e-02
    1.28494275e+00 3.62156630e-01 1.90127492e-01 -1.45908952e-01
    1.39790750e+00 1.51215482e+00 -5.52456021e-01 1.59822226e+00
    1.70493829e+00 5.64139962e-01 -6.90238953e-01 7.76275694e-01
    -2.53457487e-01 -2.63486862e-01 1.32397890e+00 1.52015090e-02
    1.18871450e-01 -7.38994837e-01 1.50287676e+00 -9.15072560e-02
    1.40884018e+00 1.62133682e+00 2.02127576e-01 7.75032818e-01
    1.20958710e+00 1.07208800e+00 3.56559813e-01 1.11993194e-01
    -4.58597332e-01 -8.30408931e-02 7.08017528e-01 2.47896910e-01
    1.61730194e+00 1.04199529e+00 9.35669065e-01 3.81964624e-01
    8.45517695e-01 4.45889711e-01 4.79786575e-01 1.63015187e-01
    2.87552714e-01 1.50526345e+00 -4.65844393e-01 6.06082082e-02
    -3.00578356e-01 -2.12876856e-01 -3.69052261e-01 -1.20487392e-01
    9.42638516e-02 -6.73522234e-01 -2.81520218e-01 1.59867203e+00
    9.83870387e-01 1.25448048e-01 1.16547418e+00 1.58151650e+00
    -2.99068570e-01 8.76755178e-01 3.83366823e-01 7.88502514e-01
    2.43989289e-01 1.38426495e+00 1.67711937e+00 -1.20076001e-01
    1.26849103e+00 8.18965077e-01 -8.11234117e-02 -5.32882094e-01
    -3.33138466e-01 1.54505706e+00 1.05351508e-01 1.20158029e+00
    1.64844465e+00 -2.90773809e-01 1.42833507e+00 1.66246474e+00
    6.91938698e-01 1.55740190e+00 1.08807945e+00 1.61357617e+00
    1.15201354e-01 8.48538280e-02 9.02198315e-01 1.03423965e+00
    1.28688240e+00 3.48079801e-02 9.75314379e-02 -5.58816552e-01
    6.83902323e-01 2.10619569e-02 1.21199274e+00 -2.96136588e-01
    -4.71459568e-01 5.40030301e-01 1.19349146e+00 -6.48857176e-01
    1.11558628e+00 9.25317049e-01 -4.27549332e-01 4.40748334e-01
    1.11048794e+00 3.62173915e-01 1.31887555e-01 1.78528845e-01
    1.96593881e-01 3.65463912e-01 -3.46377224e-01 1.38980746e+00
    3.84847939e-01 1.30200493e+00 1.05833650e+00 9.19885695e-01
    7.11188793e-01 9.05551970e-01 1.18662989e+00 7.51423657e-01
    -1.11611784e-01 5.05091608e-01 1.24849916e+00 1.26773071e+00
    -6.67663038e-01 -4.62770522e-01 5.56762695e-01 9.76855695e-01
    1.19241714e+00 -4.18332577e-01 8.72311950e-01 -1.11778021e-01
    -1.63110495e-02 1.15586114e+00 1.94696069e-01 7.86555171e-01
    1.04341435e+00 1.54192805e+00 1.00867927e-01 -3.72598499e-01
    5.10641932e-01 -4.08199877e-01 6.37541652e-01 3.17087770e-01
    1.22053695e+00 -4.45715338e-01 4.97991323e-01 -1.85900688e-01
    1.18169749e+00 1.16568792e+00 -1.07333302e-01 9.71546233e-01
    1.42706096e-01 6.36394382e-01 1.72299576e+00 5.56406796e-01
    8.78710091e-01 8.71989608e-01 6.47867084e-01 1.92824662e-01
    1.18786335e+00 1.52443397e+00 -1.32461488e-01 1.48694062e+00
    3.21317911e-01 -6.21509552e-02 1.33984351e+00 9.69124615e-01
    8.73522758e-02 7.59058416e-01 1.40212631e+00 1.63578820e+00
    -1.47632897e-01 1.27688491e+00 5.78178585e-01 9.92828369e-01
    3.41692626e-01 -6.09722018e-01 1.17672741e-01 6.83513284e-02
    2.54695415e-02 3.14021945e-01 1.11332703e+00 -5.11119485e-01
    1.35810411e+00 9.83103752e-01 8.49002123e-01 5.25211096e-01
    8.69910002e-01 -2.09824622e-01 -2.14569569e-01 5.81941843e-01
    1.09860611e+00 -1.89753532e-01 -4.90165710e-01 3.92670751e-01
    1.54697728e+00 1.09337211e+00 5.96892953e-01 3.29265714e-01
    5.11705279e-02 1.42128634e+00 1.44793773e+00 5.43631911e-02
    1.64306402e+00 1.40658045e+00 1.37812829e+00 1.00529575e+00
    -2.73313493e-01 1.36321282e+00 1.88937902e-01 1.02460051e+00
    9.07886088e-01 -5.72159708e-01 -8.10013413e-02 1.06466103e+00
    -4.34352696e-01 1.11468840e+00 1.41620851e+00 1.27650738e+00
    6.14169836e-02 6.58658266e-01 -4.65935439e-01 1.60889804e+00
    7.20760107e-01 1.22493863e+00 1.26068354e+00 6.54870808e-01
    3.75212431e-01 -7.55319178e-01 -1.28167927e-01 1.48915839e+00
    1.33014441e+00 -7.35838592e-01 1.51654124e+00 1.01943469e+00
    3.98150265e-01 3.95277679e-01 1.14182150e+00 -6.07379079e-01
    -3.11285943e-01 1.71692181e+00 1.45765090e+00 1.59054947e+00
    3.84574234e-01 7.72971094e-01 -6.56853020e-01 -1.43120348e-01
    4.72779810e-01 5.06387353e-01 1.27292907e+00 1.62001300e+00
    1.15491629e+00 1.36203325e+00 3.56617510e-01 1.06132388e+00
    1.16561580e+00 5.67620039e-01 3.85023594e-01 -1.45593762e-01
    -5.42337239e-01 -1.59096003e-01 1.97686255e-01 4.51117039e-01
    1.08116186e+00 9.42762733e-01 1.32339549e+00 -5.50055206e-01
    1.19515419e-01 3.47402573e-01 -5.08990884e-01 7.00762331e-01
    9.44333673e-01 8.50164175e-01 4.76107299e-01 -7.48572052e-01
    5.49361348e-01 9.51471925e-01 1.27887511e+00 4.12111282e-02
    9.32845175e-01 2.34495461e-01 1.32419705e+00 8.02749038e-01
    -1.61849141e-01 -5.92962444e-01 -5.46921492e-01 1.31914282e+00
    8.42599869e-02 1.34072304e+00 1.05684018e+00 9.40059483e-01
    7.42931306e-01 -2.15250492e-01 8.09916735e-01 1.14231360e+00
    -6.10005856e-01 9.98819947e-01 1.28025889e-01 1.57987499e+00
    4.44703460e-01 1.28375030e+00 1.15081573e+00 9.76912737e-01
    -4.06179160e-01 3.32714081e-01 1.33260918e+00 5.15687466e-02
    1.10332906e-01 -1.76377118e-01 -6.14183068e-01 -3.39215338e-01
    1.36490667e+00 7.05677211e-01 -3.09047848e-01 1.56618595e-01
    1.04825878e+00 -5.79442561e-01 2.63560414e-01 -2.48618364e-01
    -1.72711074e-01 -1.10222518e-01 3.13082218e-01 3.44898343e-01
    1.47204828e+00 1.24504113e+00 -6.54104650e-01 8.46571803e-01
    -1.66442871e-01 1.58110166e+00 1.70848107e+00 1.27594090e+00
    3.81223559e-02 5.77186763e-01 -6.49696469e-01 5.38260400e-01
    1.07020259e+00 -6.69286489e-01 4.84493077e-01 6.45489454e-01
    -5.24155974e-01 3.77984226e-01 4.93808270e-01 4.29355502e-02
    9.33957517e-01 1.41097045e+00 1.41120565e+00 1.24000692e+00
    1.40310955e+00 -5.23548543e-01 -1.95097864e-01 -3.56433809e-01
    9.94475842e-01 -3.41998994e-01 -2.38415539e-01 1.42486238e+00
    2.20154524e-01 1.62671852e+00 -4.16565418e-01 -3.80536824e-01
    -1.97641253e-02 -4.98168886e-01 3.77066970e-01 -7.04295337e-01
    -1.02997005e-01 1.09327674e+00 1.24879122e+00 -7.07165003e-02
    1.48717856e+00 -3.55945796e-01 1.27906466e+00 1.53251278e+00
    1.11597276e+00 -6.83038831e-01 1.35642207e+00 -4.18333262e-01
    -3.96955311e-01 1.59950900e+00 -4.92988229e-01 5.38451970e-01
    -7.15064406e-02 1.01221383e+00 1.01693213e-01 -2.43151456e-01
    4.53705907e-01 1.16211545e+00 -1.30022943e-01 6.26753628e-01
    1.58437490e+00 1.39301395e+00 5.48832297e-01 1.04637384e+00
    4.29859936e-01 3.84655774e-01 -4.39719945e-01 4.55757260e-01
    5.79879522e-01 -4.06583309e-01 8.60906422e-01 1.16258347e+00
    4.11997676e-01 5.47177553e-01 1.42312169e+00 -3.10718387e-01
    1.71435344e+00 1.55029142e+00 5.75739563e-01 -3.16843510e-01
    1.03324699e+00 2.81038880e-01 -4.44278061e-01 2.07844973e-01
    4.87765670e-02 -2.54387319e-01 -2.11116910e-01 1.26579642e+00
    -5.45915484e-01 1.33162749e+00 2.37273157e-01 1.55358267e+00
    1.41095614e+00 1.31434560e+00 1.21901035e+00 7.62688339e-01
    5.07277846e-02 -2.99626082e-01 8.65103424e-01 2.16480017e-01
    1.03038895e+00 7.59911776e-01 8.53731573e-01 2.82031178e-01
    -3.03184927e-01 -2.79321671e-02 -2.56311834e-01 5.63094616e-02
    -6.91463649e-01 -5.37792683e-01 1.29056144e+00 4.75813270e-01
    1.53700888e-01 5.67126274e-01 1.40779626e+00 -6.83883131e-01
    -1.20831966e-01 1.46895707e-01 1.05770969e+00 3.45231533e-01
    4.72258568e-01 -6.86811507e-01 1.39322937e-01 4.66778815e-01
    5.91541111e-01 4.66243505e-01 5.64632356e-01 -2.78639019e-01
    1.05225849e+00 2.29460001e-02 1.95181370e-03 1.77275825e+00
    1.36303723e-01 -6.51164174e-01 -3.55220437e-02 1.35874939e+00
    -3.89687240e-01 1.10244298e+00 -5.03901362e-01 -6.64089203e-01
    1.26295841e+00 -1.95963740e-01 1.30411792e+00 1.46785378e+00
    -2.65043646e-01 5.71659267e-01 4.66476560e-01 1.31532049e+00
    1.03468895e-02 1.45921850e+00 8.01549256e-01 1.30773854e+00
    1.17268467e+00 1.66637194e+00 8.34104598e-01 2.04851866e-01
    5.53211331e-01 8.09806585e-01 -7.22814679e-01 1.37883949e+00
    1.35397542e+00 5.41840076e-01 6.70024037e-01 3.11633050e-01
    1.51699901e+00 -5.68946660e-01 6.60035074e-01 1.88661158e-01
    1.66390789e+00 4.22914624e-01 1.18932724e-02 1.10707068e+00
    1.13489032e-01 -3.95601183e-01 -1.20977640e-01 -5.03547072e-01
    1.66756630e+00 -5.23629844e-01 8.64131093e-01 -3.78096879e-01
    1.25868797e+00 8.51797223e-01 5.14610827e-01 1.07787108e+00
    1.41917729e+00 8.72610629e-01 1.72066867e-01 2.01470435e-01
    9.28039193e-01 -1.75209880e-01 -6.67710662e-01 -3.37101966e-01
    1.42441201e+00 -2.05755591e-01 1.42796850e+00 1.38589919e+00
    -4.23849821e-02 8.26395869e-01 5.98057687e-01 1.02717233e+00
    1.06974065e-01 -1.48506761e-02 6.46858633e-01 9.56283689e-01
    -3.04981500e-01 2.78023899e-01 -4.05777693e-01 1.42752469e+00
    -3.91170710e-01 1.01052809e+00 3.74386668e-01 7.24301755e-01
    2.79452980e-01 8.11206222e-01 2.23872960e-01 8.01108718e-01
    7.80228138e-01 -5.77035964e-01 1.60610306e+00 -3.27121258e-01
    1.09129739e+00 2.72772610e-01 6.23290539e-01 -9.80522037e-02
    -9.15076733e-02 1.40725350e+00 -5.27435362e-01 1.35468340e+00
    -1.54787183e-01 -3.46021414e-01 -8.43179822e-02 9.63006377e-01
    9.01328623e-01 8.00821364e-01 1.83238745e-01 1.53603446e+00
    -3.06550741e-01 1.20625496e+00 5.73660076e-01 -3.77987623e-02
    -1.84247851e-01 2.92624831e-01 1.36887324e+00 -6.64023340e-01
    4.69930112e-01 8.72054398e-01 -1.69235170e-01 6.17589414e-01
    4.30119634e-01 5.80429494e-01 5.46385050e-02 -4.64515477e-01
    1.63929677e+00 4.42374349e-02 -1.46737635e-01 8.27671289e-02
    2.29807496e-02 1.21002960e+00 1.15028834e+00 6.13893151e-01
    -3.18192393e-01 1.16236424e+00 1.78829432e-02 -5.29827535e-01
    9.07269716e-02 1.11761773e+00 -6.12991273e-01 1.65570021e+00
    6.56767130e-01 1.02585220e+00 1.00996971e+00 -9.96026993e-02
    7.96862304e-01 1.36730981e+00 1.13061643e+00 -3.11317980e-01
    -5.58147371e-01 1.39357162e+00 1.61454141e+00 -4.97604609e-02
    1.08638906e+00 9.45475996e-01 8.01560104e-01 -6.48244858e-01
    1.64304566e+00 1.21888804e+00 -4.12767708e-01 -2.47123539e-01
    1.47201538e+00 6.70383275e-01 -5.25616288e-01 2.18682289e-02
    -3.42621535e-01 1.71476305e+00 1.05965769e+00 1.18867373e+00
    8.48212957e-01 1.68930590e+00 1.46747327e+00 3.27681482e-01
    -6.50959611e-01 1.45845437e+00 7.44807005e-01 9.41786885e-01
    1.11647189e+00 1.31623256e+00 -1.07287765e-01 2.89152086e-01
    -3.44515115e-01 1.15980244e+00 3.55061114e-01 7.95977116e-02
    -2.33716428e-01 -7.43765831e-02 7.13779330e-01 1.57070565e+00
    5.54790914e-01 1.34108901e+00 7.90861607e-01 1.63569438e+00
    9.74325538e-01 7.28984952e-01 1.64127934e+00 8.82894516e-01
    -2.73478836e-01 -2.83576727e-01 1.32286859e+00 1.59746349e-01
    1.03274202e+00 2.32365668e-01 -4.41254824e-01 -4.42641228e-01
    3.46820354e-02 9.99704778e-01 8.02514076e-01 -7.13368475e-01
    4.98668075e-01 9.57006633e-01 -2.46958137e-02 1.44333673e+00
    2.80922830e-01 1.33674765e+00 1.43658400e-01 -1.53136492e-01
    1.51308286e+00 -3.06324959e-01 -5.64201832e-01 -5.37235141e-01
    1.64270878e+00 7.61261284e-01 1.51879728e+00 1.58868885e+00
    3.63829613e-01 5.42774081e-01 -2.12167442e-01 -1.89483345e-01
    -3.81459147e-01 9.79560018e-02 9.77880001e-01 4.01215971e-01
    1.69211113e+00 1.46638012e+00 8.04175913e-01 1.64966369e+00
    1.41221833e+00 -8.23605061e-03 -2.29258060e-01 1.34252751e+00
    4.49941814e-01 3.64160955e-01 1.39522529e+00 8.94407034e-01
    2.94034481e-02 1.33397412e+00 -1.87951386e-01 3.20168793e-01
    1.69034672e+00 6.75234139e-01 -4.38264638e-01 1.65304470e+00
    -3.79668266e-01 -6.52311265e-01 -3.86589229e-01 -4.08427179e-01
    7.30342031e-01 1.10736227e+00 1.14765096e+00 1.68988705e+00
    5.17857373e-01 -2.08978057e-02 8.61120880e-01 7.80868709e-01
    3.71562600e-01 8.77183497e-01 1.35822165e+00 -5.85069358e-01
    9.40908968e-01 1.17179751e+00 1.65454006e+00 4.70417738e-03
    5.50517917e-01 1.46010852e+00 8.85772824e-01 -4.85978395e-01
    -1.01256967e-02 1.71424150e+00 -2.08280683e-01 7.16987252e-01
    5.17794490e-01 1.84289396e-01 1.07056761e+00 -3.93432826e-01
    -6.26567185e-01 -8.30991268e-02 1.70091343e+00 1.69789624e+00
    1.46797943e+00 1.34334397e+00 8.00819218e-01 -3.11765671e-02
    9.10223126e-01 -6.38704777e-01 -2.63568699e-01 1.41618443e+00
    1.50241864e+00 1.22512197e+00 1.33810163e+00 -3.18874985e-01
    1.41210318e+00 1.36155033e+00 8.58067632e-01 1.53271163e+00
    -8.01351666e-02 1.65907180e+00 1.40248978e+00 1.32863426e+00
    -1.03362679e-01 1.62009835e+00 7.62777686e-01 -2.36390293e-01
    -1.11579537e-01 -5.77673912e-02 1.09424496e+00 1.50431108e+00
    -2.40430653e-01 2.06490815e-01 1.76610589e-01 -4.12775874e-02
    -2.59577692e-01 -2.52963066e-01 1.61022305e+00 2.66648054e-01
    1.55266619e+00 5.66547632e-01 1.14448667e-02 -2.44930089e-01
    1.23168337e+00 3.91265154e-02 1.11684072e+00 1.02654099e+00
    5.51247001e-01 -4.70830649e-01 3.16020608e-01 4.67693567e-01
    1.63496101e+00 2.49748111e-01 -5.17396688e-01 8.94772232e-01
    7.60279894e-02 1.39269519e+00 1.08919823e+00 4.49819982e-01
    4.21147585e-01 8.09962571e-01 1.28255057e+00 8.92423868e-01
    4.39804614e-01 1.00958025e+00 6.27713084e-01 -3.45156431e-01
    1.16608357e+00 -3.09808850e-02 -7.30793417e-01 8.14239919e-01
    2.86067188e-01 5.63700080e-01 -4.08237696e-01 -6.52366936e-01
    -3.23770285e-01 7.86355853e-01 1.30241382e+00 -5.85097551e-01
    2.78023005e-01 2.83792078e-01 -4.51992571e-01 9.68641758e-01
    1.51300597e+00 1.71228194e+00 1.88326061e-01 1.23386812e+00
    5.14313161e-01 -3.81695032e-02 6.41097248e-01 1.63927746e+00
    6.74034476e-01 1.71079731e+00 9.66271639e-01 6.56339288e-01
    1.28287268e+00 -1.21022344e-01 1.35942340e+00 -7.34754205e-01
    -7.00269878e-01 -7.15178072e-01 1.57511055e+00 -2.63480097e-01
    5.91776311e-01 6.63754940e-02 -1.12729073e-01 8.55964720e-01
    8.77426505e-01 -3.37772399e-01 -2.32940972e-01 1.48301303e+00
    1.32505298e+00 -4.14637834e-01 -5.81066608e-01 -3.08492512e-01
    1.32664514e+00 -6.53078318e-01 -3.90763432e-01 -4.96768862e-01
    -2.72066832e-01 4.99599874e-01 1.34739423e+00 6.03302896e-01
    1.48955703e+00 -3.37515295e-01 1.41940629e+00 8.62056613e-02
    9.16597664e-01 1.42340219e+00 1.12175322e+00 -3.34598422e-01
    -6.46848738e-01 8.49390984e-01 -5.81618011e-01 -3.02640498e-01
    1.51330042e+00 2.09003687e-02 3.07901740e-01 1.45671844e+00
    -4.09411758e-01 -2.31100231e-01 1.10348606e+00 1.30294490e+00
    -2.88072228e-01 3.41388345e-01 3.55736017e-01 8.78796160e-01
    2.68927515e-01 1.63899660e-01 1.08992338e+00 1.25545073e+00
    1.73173738e+00 1.04108572e-01 1.09674549e+00 3.41069639e-01
    6.48218632e-01 9.30067003e-01 1.09146178e+00 1.65824342e+00
    -4.88090545e-01 -5.99062800e-01 -3.24476391e-01 1.66754127e+00
    -2.78829992e-01 -3.17679733e-01 1.65226626e+00 5.08858800e-01
    6.11391008e-01 -2.83593535e-01 1.63084710e+00 4.03273940e-01
    1.32889271e+00 -5.33306718e-01 -1.00652397e-01 4.57010269e-01
    -2.64113605e-01 7.99106538e-01 1.66345966e+00 1.39538419e+00
    8.65543306e-01 2.99995184e-01 1.66478944e+00 6.23413265e-01
    3.43943775e-01 1.39386964e+00 -4.54533875e-01 1.70375919e+00
    1.58881283e+00 1.09860611e+00 1.47876978e+00 3.31592560e-02
    1.97697878e-01 -1.47032440e-01 -4.51366574e-01 -6.42944753e-01
    -3.11106980e-01 -6.15684390e-02 -5.51600456e-01 2.13285387e-01
    -1.10785425e-01 1.33476329e+00 1.62213826e+00 -3.89554143e-01
    1.53378737e+00 -5.42356849e-01 -4.42696631e-01 2.59934366e-01
    1.56447411e+00 5.13224244e-01 8.22167456e-01 -2.72996962e-01
    1.56985044e+00 -2.56058782e-01 -6.90575540e-01 -5.20517945e-01
    9.48416233e-01 1.00329041e+00 -3.11334640e-01 -6.41407728e-01
    -1.77529454e-02 3.76424551e-01 1.25581753e+00 1.71334743e-01
    6.34898543e-02 -5.46832681e-01 8.85010898e-01 1.55059552e+00
    -2.71074355e-01 1.65558052e+00 -5.84744811e-02 -5.37556589e-01
    1.72204709e+00 6.55883849e-01 6.15477562e-01 5.60027122e-01
    -5.10894537e-01 -3.19312394e-01 3.34098339e-01 -1.40381932e-01
    1.14131284e+00 1.59023392e+00 9.65722620e-01 1.72020936e+00
    1.09321165e+00 -8.35443735e-02 -3.43777776e-01 -5.54606020e-01
    8.89025390e-01 -3.53084415e-01 7.78781414e-01 2.70127892e-01
    1.66212392e+00 1.28246140e+00 -4.53727543e-01 5.62892735e-01
    -4.96913582e-01 1.88892841e-01 2.22324908e-01 1.25341368e+00
    1.04549885e+00 1.58134604e+00 -3.14735770e-01 1.17811537e+00
    -1.77263975e-01 6.15376413e-01 -2.69600987e-01 1.17488146e-01
    1.57368433e+00 -5.99736452e-01 1.69625688e+00 1.41377592e+00
    -3.87992203e-01 7.54735649e-01 3.24042082e-01 1.07077110e+00
    1.58813906e+00 -5.26078582e-01 7.15769470e-01 -3.59346926e-01
    1.60369086e+00 1.40585780e+00 -4.51170206e-02 1.09188557e-02
    -4.97435063e-01 -7.67391980e-01 5.43666780e-01 -2.84309059e-01
    8.59212935e-01 8.99948359e-01 4.30024266e-02 9.69637513e-01
    1.51735044e+00 8.85378957e-01 6.74511790e-02 -6.71087027e-01
    9.15343821e-01 2.66401112e-01 -2.19689250e-01 3.60877156e-01
    1.68436944e-01 1.58342397e+00 7.13503897e-01 -7.48147607e-01
    6.34879768e-01 -5.21729410e-01 5.58133125e-01 1.18595338e+00
    8.47049832e-01 -1.92520499e-01 1.45640695e+00 2.41374314e-01
    -6.03659034e-01 1.36525846e+00 -5.51154435e-01 8.02250266e-01
    8.97307992e-02 1.02700734e+00 5.37595809e-01 1.64978349e+00
    7.60402560e-01 -3.76887321e-02 8.36253583e-01 -5.07330894e-01
    -1.96088612e-01 2.65724897e-01 3.89153004e-01 1.00955188e-01
    -1.74234927e-01 9.23407257e-01 1.25885999e+00 8.36686492e-01
    -3.69659215e-01 1.60806990e+00 1.37397480e+00 1.36414230e+00
    -1.61060274e-01 7.90583074e-01 -3.31132144e-01 -5.73139012e-01
    1.30788183e+00 -4.47105646e-01 6.93776250e-01 8.26741576e-01
    5.70720732e-01 -3.95560592e-01 1.37335587e+00 1.50390935e+00
    -1.68866158e-01 -2.15323925e-01 8.29316437e-01 8.18300366e-01
    6.80458546e-02 1.40452588e+00 5.87347507e-01 1.49777269e+00
    -3.95455092e-01 1.63562608e+00 6.61334872e-01 -3.27263117e-01
    5.80525935e-01 1.70721650e+00 1.06643391e+00 1.41263187e+00
    -4.93683219e-01 -5.68033576e-01 -6.97410583e-01 3.58334064e-01
    9.06418979e-01 1.06789708e+00 1.19585407e+00 6.59926057e-01
    -4.07500416e-01 3.97459865e-01 4.65465665e-01 -1.36827826e-01
    1.70542216e+00 3.12392294e-01 -4.47813869e-02 3.21883261e-01
    7.09764302e-01 1.42743754e+00 6.54518127e-01 1.73084974e+00
    -9.65285897e-02 -6.91011429e-01 1.04984617e+00 1.06398368e+00
    5.04864156e-01 4.93355513e-01 1.51135421e+00 -7.30828762e-01
    4.65263426e-01 1.07101321e+00 5.43056250e-01 -4.96092677e-01
    8.98289323e-01 -4.05451208e-01 -2.15634167e-01 6.27564490e-01
    2.94772685e-01 -6.91787601e-01 -4.82041597e-01 1.13111997e+00
    1.75442743e+00 -2.75263280e-01 2.33138323e-01 1.66202521e+00
    -3.01011205e-02 1.73279703e+00 -6.02712154e-01 -6.48161769e-01
    1.03534579e-01 1.20373154e+00 1.10169697e+00 1.52453876e+00
    -3.76473486e-01 1.62954938e+00 1.52122259e+00 -7.67692208e-01
    1.61773181e+00 3.07872236e-01 1.14589071e+00 8.50781441e-01
    7.48360097e-01 1.67026901e+00 -7.93837309e-02 -2.93230176e-01
    -4.35472399e-01 8.94709170e-01 -7.29743481e-01 8.33242536e-01
    1.30642056e+00 1.42511606e+00 2.58400798e-01 7.18468070e-01
    -4.37356532e-01 8.67189527e-01 6.93371832e-01 3.72364819e-01
    6.79347396e-01 1.04413450e+00 1.02190065e+00 -7.17925727e-01
    8.63646984e-01 5.02206266e-01 1.66803575e+00 1.94020391e-01
    5.51992357e-01 -2.11011231e-01 7.04157948e-02 3.02104533e-01
    2.14945912e-01 1.04484773e+00 4.98519838e-01 -1.98434353e-01
    9.03626263e-01 1.48918951e+00 3.04164708e-01 1.75470948e-01
    -1.91088259e-01 1.23566282e+00 -3.38861495e-01 3.82919729e-01
    1.22578204e+00 6.78460956e-01 -6.71670318e-01 5.69811344e-01
    -3.57989162e-01 9.93504107e-01 1.31649232e+00 -1.28854990e-01
    3.37594628e-01 1.50755703e+00 1.16663826e+00 4.90836024e-01
    5.86364925e-01 1.27868509e+00 2.54473209e-01 4.00939226e-01
    1.71127295e+00 -1.53028548e-01 -6.32593036e-02 6.33133352e-01
    3.83759558e-01 1.03436899e+00 7.96893835e-02 1.48348844e+00
    -1.47506535e-01 7.32615232e-01 -6.99939430e-01 -4.91377592e-01
    8.36277843e-01 5.92244923e-01 5.02997339e-01 1.08721828e+00
    -5.30198276e-01 4.70305920e-01 1.43961251e+00 8.97179842e-01
    -2.87972927e-01 -1.00114167e-01 9.31777298e-01 2.40205824e-01
    4.41661954e-01 8.12010527e-01 1.63423920e+00 -5.18752337e-02
    -1.09285116e-01 1.26474404e+00 4.18512225e-02 -4.58090842e-01
    1.63149476e-01 9.35891271e-01 -2.55198658e-01 1.04266858e+00
    6.88791871e-01 5.87407172e-01 -3.00789863e-01 4.95554566e-01
    1.62034321e+00 4.71394658e-02 -7.20753729e-01 1.01230085e-01
    9.72281456e-01 2.36674964e-01 4.22140121e-01 1.47414088e+00
    -2.05831409e-01 8.92151594e-01 1.26660895e+00 1.65089369e-02
    -2.44079053e-01 8.20705295e-01 1.08445990e+00 5.29842675e-01
    1.21178579e+00 1.54426527e+00 5.16552627e-01 9.14299846e-01
    -1.12333894e-02 -7.63791800e-01 2.12751508e-01 1.26062918e+00
    8.83269548e-01 -7.29269385e-01 -1.66353583e-02 9.58285034e-01
    1.68319476e+00 1.14876366e+00 2.87782252e-01 7.88497150e-01
    9.67167556e-01 1.47351646e+00 1.26986933e+00 -7.43140042e-01
    9.52325821e-01 1.22955704e+00 -3.90501618e-02 9.23157394e-01
    1.31927013e+00 -3.82736683e-01 1.50672424e+00 5.21145463e-02
    -3.67287278e-01 6.31952167e-01 1.23499846e+00 -2.06157088e-01
    1.83284283e-01 7.59946287e-01 -5.42198062e-01 6.57802105e-01
    1.30371189e+00 -3.26311022e-01 1.12502503e+00 -1.49012089e-01
    -5.81684232e-01 -6.14442229e-01 9.80771363e-01 -7.54302204e-01
    9.20770049e-01 8.20010006e-01 -4.72773612e-01 1.74364865e-01
    1.00399315e-01 -6.97060585e-01 -6.03221655e-02 1.49172401e+00
    6.59041345e-01 -1.98702335e-01 4.95808721e-02 -5.46281159e-01
    1.10980034e+00 1.92033887e-01 1.28527987e+00 1.20523190e+00
    1.21017861e+00 2.65695393e-01 3.36771488e-01 -2.03546822e-01
    1.32541823e+00 -4.83380467e-01 4.61399674e-01 1.09492660e+00
    -6.00010097e-01 -6.36945605e-01 1.16303265e+00 1.13359833e+00
    8.84306431e-01 1.38399982e+00 9.34233129e-01 8.52174640e-01
    -9.64753628e-02 -5.38246274e-01 1.15580058e+00 7.18711913e-01
    -6.16562426e-01 7.23620355e-01 1.38271797e+00 -1.78098619e-01
    -3.57650787e-01 9.93048847e-01 -5.53103447e-01 1.06277072e+00
    1.65790749e+00 3.27083826e-01 1.32460368e+00 -3.60176682e-01
    1.59110618e+00 1.24964356e+00 -4.29157525e-01 -2.25850999e-01
    3.10755789e-01 1.07063079e+00 1.03486872e+00 -5.24536431e-01
    7.30054379e-02 -2.44146079e-01 -7.25872755e-01 -4.56035614e-01
    1.27569127e+00 1.07134557e+00 -2.66144276e-02 1.35411596e+00
    6.76415861e-01 1.16337347e+00 -3.08299661e-02 1.02067435e+00
    1.30570555e+00 1.25170279e+00 6.22250140e-01 1.45574450e-01
    -3.11080247e-01 4.35571611e-01 1.54251075e+00 -1.72798097e-01
    1.18038726e+00 5.94462037e-01 1.09001052e+00 -4.65486169e-01
    6.95838034e-01 -6.44802511e-01 1.04110575e+00 2.31311560e-01
    -5.65725863e-01 6.71281576e-01 -7.15492845e-01 2.86005855e-01
    -2.61749119e-01 1.71529675e+00 1.27754593e+00 1.54117107e+00
    -7.50523090e-01 7.97932327e-01 6.97070956e-01 8.37656260e-01
    -4.39525604e-01 4.02938724e-02 1.67154360e+00 1.56625366e+00
    1.53643572e+00 -1.33996129e-01 5.12021840e-01 1.44603348e+00
    -5.01507699e-01 -5.42326450e-01 1.53290987e+00 -1.57760203e-01
    5.55326879e-01 -3.65110993e-01 3.75510931e-01 -4.31626350e-01
    2.57996142e-01 1.69913530e+00 -1.05747938e-01 1.18869364e-01
    1.57350898e-02 -5.69177449e-01 9.42528486e-01 3.97324383e-01
    7.39933550e-01 1.87589109e-01 8.91895890e-01 -5.80117226e-01
    1.01636457e+00 -5.53348243e-01 9.76396978e-01 -3.15558910e-02
    -4.40659791e-01 1.29337931e+00 -4.31617260e-01 -6.61062300e-01
    -2.96977252e-01 9.63703871e-01 -4.88798380e-01 1.66506934e+00
    6.74201488e-01 1.56262100e-01 6.53273165e-01 -4.03194845e-01
    8.15600872e-01 1.68958521e+00 -4.81182456e-01 -3.47641706e-02
    -2.68113732e-01 1.39911318e+00 8.83792639e-01 1.70796049e+00
    1.19042492e+00 9.01389122e-01 -6.21378779e-01 1.31669569e+00
    1.37403011e-01 -7.52292275e-02 3.24497104e-01 2.03002691e-02
    -3.25020611e-01 4.34493065e-01 -4.40570682e-01 -6.20242953e-01
    -2.29799151e-01 2.50392258e-01 1.70498610e+00 1.50373483e+00
    1.14830339e+00 -3.10461044e-01 1.28710425e+00 -2.47250319e-01
    1.10744739e+00 8.41538727e-01 1.60399604e+00 3.40779901e-01
    1.12558091e+00 1.47162402e+00 -2.53487587e-01 3.33636165e-01
    -1.65834963e-01 1.55357718e+00 -1.58613265e-01 1.33958673e+00
    -6.20442629e-03 7.05660582e-02 -5.02505958e-01 1.42543924e+00
    1.59837031e+00 1.47567308e+00 8.75086486e-01 1.65219426e+00
    4.00387943e-01 2.52837479e-01 1.21520615e+00 2.77194083e-01
    -7.32718229e-01 -7.42989898e-01 4.03378963e-01 9.66979980e-01
    8.44276309e-01 8.06196392e-01 1.35432982e+00 4.64070797e-01
    4.43131089e-01 7.88798749e-01 7.87178934e-01 4.81059134e-01
    -2.66472340e-01 1.54389954e+00 2.46868730e-02 -2.86002398e-01
    1.30494034e+00 2.42142677e-02 3.18104684e-01 1.62545681e+00
    9.76927161e-01 1.37087464e+00 9.21708405e-01 9.49430466e-01
    5.97250462e-03 -2.48762727e-01 5.98728180e-01 1.22351050e+00
    4.13654029e-01 1.26454186e+00 1.92940831e-02 1.61849189e+00
    -3.95360917e-01 -6.99016809e-01 1.20346761e+00 1.27416420e+00
    1.35194480e-01 7.61221647e-01 9.66544211e-01 5.01985967e-01
    2.37379074e-01 1.50178528e+00 -6.58897817e-01 1.22632694e+00
    -3.40233117e-01 4.11202610e-01 1.53023672e+00 1.26503825e+00
    4.78576958e-01 1.43556476e-01 1.08269083e+00 6.65531158e-01
    -2.49938488e-01 1.16269088e+00 -3.09559554e-01 1.31845844e+00
    1.62874866e+00 7.37072349e-01 1.56410503e+00 5.31344116e-01
    1.39011812e+00 1.13961267e+00 1.56835103e+00 8.39702487e-01
    -5.94229102e-01 -4.39296454e-01 7.57587075e-01 2.12283075e-01
    5.73340058e-02 8.23575318e-01 -7.03807354e-01 1.28250599e+00
    -3.05848807e-01 3.78710270e-01 8.02203357e-01 6.43798172e-01
    1.51908612e+00 1.28356099e+00 -6.53281391e-01 9.52895761e-01
    4.72031176e-01 1.59774518e+00 1.56307507e+00 1.28983569e+00
    1.31086934e+00 -3.63079518e-01 4.68407333e-01 -8.54981542e-02
    7.52811074e-01 1.33017206e+00 4.99796033e-01 7.62157321e-01
    1.17117882e+00 1.18691182e+00 -2.32425153e-01 1.48476529e+00
    6.07005358e-01 1.69570208e+00 3.34619880e-02 4.62996006e-01
    1.51132369e+00 -3.04639190e-01 1.54801130e+00 4.13606405e-01
    8.90475273e-01 -5.76015830e-01 3.40459824e-01 9.84704494e-02
    -6.54317439e-01 6.34306252e-01 2.83015966e-02 1.64867306e+00
    7.02949882e-01 2.75873363e-01 1.95001006e-01 1.30464387e+00
    -6.53630733e-01 -7.88180828e-02 1.40176857e+00 1.70506501e+00
    -1.08690560e-01 2.94313490e-01 1.75057971e+00 1.14538789e+00
    -2.24128366e-02 2.21846640e-01 1.00371659e+00 1.48857653e+00
    1.04490256e+00 1.34387231e+00 9.85655665e-01 6.63183033e-01
    1.49323213e+00 1.67947078e+00 1.27919316e-01 -1.04802132e-01
    -2.75170803e-02 1.60445142e+00 -4.86955345e-01 3.46225381e-01
    -2.81923801e-01 -4.95520025e-01 -4.61464822e-01 1.19865108e+00
    1.56697607e+00 -3.51845384e-01 1.10338748e-01 -3.76505733e-01
    1.50741684e+00 7.30639338e-01 -2.07865953e-01 -1.31017029e-01
    1.28323746e+00 1.36767840e+00 1.42577386e+00 -6.31692290e-01
    1.58797061e+00 -1.51964605e-01 1.61149442e+00 8.91566575e-01
    1.02633166e+00 1.24350190e+00 1.53277993e-01 -5.76199532e-01
    1.28253794e+00 -7.01237917e-01 8.28983545e-01 -7.10655212e-01
    1.61128759e-01 1.54529953e+00 -6.62084997e-01 1.72833431e+00
    -2.01861858e-02 1.15271306e+00 -1.43651962e-02 2.60420024e-01
    1.47153854e+00 1.39306533e+00 2.86525071e-01 -5.97579122e-01
    5.35875678e-01 9.65150416e-01 6.51201606e-02 1.88290298e-01
    -1.33740306e-01 1.99033499e-01 -2.08204746e-01 1.06723213e+00
    -2.72226453e-01 3.23445499e-01 1.66035867e+00 2.93724060e-01
    1.55184507e-01 -1.19862854e-01 1.62381220e+00 1.59302127e+00
    6.72093153e-01 1.49682879e-01 1.31752920e+00 6.15611076e-01
    1.30825233e+00 4.90217865e-01 4.43668723e-01 -4.51815397e-01
    5.31003654e-01 1.41435385e+00 1.70376539e+00 -3.60120267e-01
    -2.29445100e-02 -2.83773065e-01 9.76559281e-01 -1.11524165e-01
    1.44578993e+00 1.34699869e+00 -6.86986983e-01 2.34377682e-01
    1.48420513e-01 3.66802752e-01 -4.85661060e-01 1.65831268e-01
    -5.82448900e-01 -4.31837291e-01 1.05903900e+00 2.66419947e-01
    -4.93955135e-01 3.44673812e-01 8.25428367e-02 -5.68645120e-01
    1.15214801e+00 -2.46534348e-02 9.90110457e-01 8.99545670e-01
    1.14022374e+00 2.58312583e-01 1.01828337e+00 1.58884573e+00
    1.30139804e+00 1.28196144e+00 5.66490471e-01 -1.87253594e-01
    -2.90001661e-01 1.13661051e+00 -3.42766047e-02 3.07806373e-01
    3.70968819e-01 -6.13705039e-01 1.65179837e+00 1.63799238e+00
    1.34355211e+00 1.46294928e+00 -1.38329387e-01 3.57124805e-01
    1.95673227e-01 1.41191614e+00 -6.72341585e-02 6.74405694e-01
    -4.79756594e-02 2.90735364e-01 3.08923364e-01 1.59225225e+00
    7.54450738e-01 5.50475657e-01 -3.60468358e-01 1.31611490e+00
    -4.82933432e-01 9.08784747e-01 2.46597946e-01 -3.57256263e-01
    9.60279703e-02 3.51745725e-01 -3.11786801e-01 8.66059065e-02
    1.47895932e+00 -1.93658471e-01 -1.93065405e-01 1.12701869e+00
    -7.62550771e-01 -2.80354440e-01 5.99366069e-01 1.12077403e+00
    1.52786303e+00 1.20285261e+00 3.87954712e-03 -6.74272180e-02
    -6.82963431e-01 3.54220867e-01 -1.12544417e-01 4.55523014e-01
    1.49232554e+00 4.23940957e-01 -4.18424010e-02 9.91339803e-01
    1.16708732e+00 3.97926986e-01 5.61133027e-01 7.82774806e-01
    -7.12637186e-01 1.51342690e-01 9.63259935e-02 7.31598139e-01
    -5.13502359e-01 1.49297047e+00 2.55007863e-01 -6.36949658e-01
    3.37937951e-01 -1.40556931e-01 -6.22132182e-01 1.59468555e+00
    1.08790159e+00 -1.11015499e-01 4.78046596e-01 -3.33102524e-01
    2.91686058e-02 1.14885473e+00 4.74750221e-01 -4.55121994e-02
    -9.18620825e-03 8.23300838e-01 1.14956558e-01 7.86357820e-01
    8.66474688e-01 1.43465948e+00 9.11584496e-01 -4.24153477e-01
    4.67298210e-01 1.07123876e+00 4.31164026e-01 8.55865180e-01
    6.51940823e-01 1.24790573e+00 1.76052809e+00 2.99289465e-01
    1.43357408e+00 6.04356229e-01 -3.06898296e-01 -4.96123433e-01
    4.59184945e-01 -4.92187560e-01 1.03610981e+00 -3.75808477e-02
    2.88661063e-01 1.50379181e+00 2.39481568e-01 -4.35617030e-01
    7.21183956e-01 -6.72857881e-01 1.60447049e+00 1.56770837e+00
    5.93332648e-01 -4.52386439e-01 1.44268227e+00 1.60537720e+00
    1.08120275e+00 -5.57220876e-01 1.15756464e+00 5.48923492e-01
    -4.63268757e-02 -6.59604311e-01 6.18843257e-01 -9.65510607e-02
    6.04384363e-01 1.36480188e+00 9.70318377e-01 6.63154960e-01
    -1.69162333e-01 6.56322777e-01 9.94750142e-01 1.22121716e+00
    9.07225728e-01 8.39287281e-01 -4.01886046e-01 -2.87671566e-01
    -6.82362318e-01 3.56940806e-01 1.45443249e+00 1.43907964e+00
    1.36689472e+00 -5.86180449e-01 1.72101438e+00 3.54387283e-01
    3.66546750e-01 1.35232449e+00 9.88913953e-01 2.63439417e-02
    1.21902943e-01 5.08651853e-01 7.23678827e-01 1.13396478e+00
    1.53607655e+00 1.43331218e+00 3.45927775e-01 1.22707701e+00
    -6.41581118e-01 1.13156438e+00 7.67123759e-01 1.50099540e+00
    1.18528938e+00 1.28510964e+00 -6.23488665e-01 1.87816918e-01
    7.64995813e-02 1.15356278e+00 1.31747997e+00 1.47779274e+00
    -3.22110206e-01 8.15032780e-01 -3.92739236e-01 1.27769399e+00
    4.10016239e-01 1.24681354e-01 1.09059477e+00 6.26232743e-01
    -7.04651833e-01 -1.99168324e-02 2.53853858e-01 -1.64199769e-01
    7.42029846e-01 -7.23319530e-01 1.51802182e-01 -1.12240553e-01
    8.63332927e-01 5.84666848e-01 -2.39751458e-01 -2.14945793e-01
    7.77425408e-01 -4.67418969e-01 1.57178402e+00 1.70029783e+00
    -4.27072406e-01 1.10693252e+00 2.99818337e-01 1.02327180e+00
    -7.30751276e-01 1.23379612e+00 8.67556751e-01 1.06959033e+00
    -6.01693451e-01 4.88859415e-01 -6.87496185e-01 7.37120986e-01
    1.62145329e+00 7.09961176e-01 -4.96460438e-01 8.62905979e-02
    -2.67241180e-01 1.89477861e-01 7.38021910e-01 1.34853661e+00
    -6.11536741e-01 -1.78199112e-01 8.99550855e-01 3.21626306e-01
    6.22238815e-01 4.70176101e-01 5.37613809e-01 -1.42080903e-01
    1.29003024e+00 -4.77823913e-01 5.53052306e-01 -5.92225254e-01
    -8.92996788e-03 -7.76952505e-03 1.66433716e+00 -4.27340508e-01
    1.51270270e+00 -7.15206027e-01 1.23392558e+00 2.45167196e-01
    1.00738239e+00 8.17017317e-01 4.55109358e-01 1.44446599e+00
    2.31863260e-02 3.78870428e-01 -2.27321625e-01 -5.04740357e-01
    -1.03023589e-01 3.13730001e-01 -4.60612655e-01 6.01396799e-01
    -1.94672704e-01 7.58442461e-01 1.73740196e+00 -6.17439568e-01
    1.96454644e-01 -3.22886795e-01 6.13614917e-01 1.04286194e+00
    -4.07074660e-01 8.83573294e-03 3.67254019e-01 -6.67229235e-01
    6.34935856e-01 1.08164322e+00 -5.79876781e-01 -1.64744139e-01
    1.30864894e+00 -3.17870289e-01 6.73027158e-01 1.52742839e+00
    -1.12577260e-01 -4.55810815e-01 3.69450688e-01 -4.36955243e-01
    1.32938671e+00 -4.20323223e-01 -5.09151936e-01 7.71872759e-01
    7.45293856e-01 -5.00178099e-01 9.02368963e-01 -3.38161796e-01
    9.92427707e-01 -7.06944644e-01 1.39430261e+00 5.77469945e-01
    1.54131746e+00 6.50501192e-01 1.87979281e-01 1.12198710e-01
    5.55999875e-01 8.43900263e-01 3.28606069e-01 2.29889333e-01
    1.97685540e-01 1.52495384e+00 9.54542160e-01 1.36005950e+00
    -3.55763286e-01 -1.29538715e-01 8.86874437e-01 -2.30118990e-01
    -3.33483249e-01 1.56394529e+00 -6.54507279e-01 7.52450407e-01
    1.67347264e+00 1.67329121e+00 -3.62847060e-01 3.03404748e-01
    3.80707085e-01 1.21618640e+00 9.34210777e-01 9.39158320e-01
    1.45084870e+00 7.43802130e-01 -3.74068469e-01 -3.03323627e-01
    1.63302612e+00 6.94115818e-01 1.05094957e+00 9.79413092e-01
    1.66631401e+00 4.07622576e-01 1.08662724e+00 5.32919168e-01
    1.41692758e+00 -6.94868684e-01 1.40819526e+00 -3.46808285e-01
    -3.75308990e-01 8.55513752e-01 -1.69996917e-01 -3.72107387e-01
    5.57809532e-01 -7.47188926e-02 -3.38830739e-01 -1.53872788e-01
    1.54842150e+00 -7.15132117e-01 1.62319303e+00 -7.09400415e-01
    6.70911074e-02 1.14388537e+00 8.79797876e-01 -6.51134253e-02
    -7.28197992e-01 5.81461608e-01 -5.69346368e-01 1.14616537e+00
    2.60695815e-02 1.52449000e+00 1.34669042e+00 -3.70502889e-01
    1.58383870e+00 7.62323678e-01 1.18533373e+00 -6.27907395e-01
    2.23519683e-01 6.77028179e-01 1.08350933e+00 1.72736502e+00
    9.16812181e-01 9.52263117e-01 1.62013555e+00 1.94452405e-01
    2.33454585e-01 5.96890330e-01 1.14247322e+00 -5.56240797e-01
    8.98506582e-01 8.77189875e-01 1.67328238e+00 4.03775334e-01
    -2.80415416e-02 -1.25456095e-01 8.87812078e-01 7.28373051e-01
    1.23611283e+00 3.35100234e-01 -6.97200537e-01 -6.13910973e-01
    1.52645350e+00 1.44157219e+00 5.04538417e-01 7.47540653e-01
    3.06375861e-01 -6.19073272e-01 9.43422854e-01 1.04198110e+00
    9.77734745e-01 1.02818847e+00 1.74654388e+00 -5.96426070e-01
    3.00168991e-04 -7.10668027e-01 1.54810262e+00 1.61037111e+00
    1.61990309e+00 -6.11638248e-01 3.01844239e-01 5.70853829e-01
    1.57371783e+00 9.03759420e-01 4.38243747e-02 1.36332822e+00
    6.24879956e-01 4.01607871e-01 5.49285829e-01 3.33603621e-02
    1.32432592e+00 1.18550587e+00 -3.58062238e-01 -6.36002898e-01
    1.10094273e+00 9.00658011e-01 1.55943513e-01 -3.53939384e-01
    5.43292761e-02 7.90822208e-01 1.08329082e+00 -3.36184710e-01
    -4.33217853e-01 9.57063377e-01 2.88769782e-01 1.52027392e+00
    5.29227138e-01 8.88806581e-03 5.18082976e-01 -4.38325971e-01
    -5.71720362e-01 8.50522220e-01 4.02028978e-01 1.00055921e+00
    6.97048426e-01 -6.15562260e-01 9.57959592e-01 1.15462637e+00
    1.63426900e+00 6.61478400e-01 3.28962803e-02 1.24618435e+00
    9.84366357e-01 6.21784508e-01 1.09145379e+00 1.27444887e+00
    7.34188259e-01 8.83245468e-03 3.47756624e-01 7.59200811e-01
    -4.78018701e-01 1.62257719e+00 1.34819448e+00 9.57236767e-01
    1.43697798e+00 -1.76385164e-01 3.52686048e-01 -2.61274725e-01
    4.60561514e-02 -3.18618417e-02 7.68105984e-02 1.71576166e+00
    9.79804456e-01 -7.49070644e-01 -3.27302545e-01 5.13071418e-02
    1.22706831e-01 -4.57729369e-01 2.63482869e-01 -4.50298548e-01
    1.28225827e+00 1.40375483e+00 -6.57933831e-01 1.23017144e+00
    9.94232416e-01 -3.22497159e-01 5.79829156e-01 9.72164690e-01
    3.40204656e-01 1.93984568e-01 5.62399268e-01 -2.62644768e-01
    -6.55066371e-01 1.57844353e+00 -3.31039637e-01 -4.36087012e-01
    -5.78176558e-01 8.67082357e-01 -6.28177345e-01 7.82217503e-01
    -5.61089635e-01 -5.58366179e-02 1.40843570e+00 8.58420849e-01
    1.32936907e+00 2.55234003e-01 1.59945583e+00 2.95514464e-02
    4.14720774e-01 1.34243441e+00 1.26427650e-01 6.20207191e-01
    6.80542588e-01 5.26917458e-01 1.39014959e+00 1.70486212e+00
    4.40810859e-01 -8.20357203e-02 -3.96497130e-01 1.93262815e-01
    3.53735209e-01 1.51555240e+00 1.65490496e+00 5.38805127e-01
    1.63499582e+00 6.95256591e-01 -2.69067466e-01 -1.33480906e-01
    7.78115392e-01 -3.72286230e-01 1.23844337e+00 2.33599186e-01
    1.30752218e+00 1.27430820e+00 1.06174636e+00 3.78512144e-01
    7.55895078e-01 7.26266861e-01 8.61119330e-01 1.61699557e+00
    9.33249354e-01 7.83353209e-01 -6.28354490e-01 8.91144633e-01
    -1.89537525e-01 -1.88000023e-01 3.41736495e-01 1.27076721e+00
    2.16753900e-01 8.49516869e-01 2.94224620e-02 2.53501356e-01
    -7.09096611e-01 1.23274016e+00 8.35150659e-01 3.57397139e-01
    1.62083054e+00 -1.28463209e-01 1.61104250e+00 -7.90962696e-01
    7.63006568e-01 1.41211367e+00 1.55083537e+00 -5.87164760e-01
    4.73719776e-01 -6.14860952e-01 -3.84701580e-01 9.60343480e-01
    1.37822461e+00 6.36751354e-01 1.19004214e+00 -7.37652779e-01
    -1.79501534e-01 1.56765270e+00 1.36119628e+00 1.43530667e+00
    1.66208696e+00 1.11500895e+00 2.71019518e-01 -6.76349580e-01
    5.23927093e-01 -1.31576657e-01 8.32845330e-01 1.14907682e+00
    -3.57357085e-01 1.26137519e+00 -3.77334356e-01 -4.68671888e-01
    1.29561508e+00 4.92959499e-01 1.63585305e+00 1.34301686e+00
    4.33118463e-01 5.55239081e-01 5.54306149e-01 1.67447042e+00
    1.68395591e+00 3.83272886e-01 -4.40006465e-01 -1.42840147e-02
    -7.08298087e-01 1.32800007e+00 1.20502281e+00 1.49537921e-01
    1.00634491e+00 1.71666670e+00 1.87002361e-01 4.09678817e-02
    5.48470616e-02 3.41222584e-01 2.85731137e-01 1.05123782e+00
    5.65006793e-01 1.26916194e+00 1.04761088e+00 -6.05467916e-01
    7.86458910e-01 8.85272682e-01 3.05268645e-01 -1.90769315e-01
    1.04676557e+00 -5.13362765e-01 3.64757657e-01 6.16195023e-01
    -5.56333303e-01 -6.04163289e-01 1.31696665e+00 2.12063730e-01
    -1.90997362e-01 5.86353123e-01 3.34216952e-02 3.57599676e-01
    -4.44060087e-01 -4.63361919e-01 2.44114637e-01 6.58613324e-01
    6.69577420e-01 -3.18812609e-01 1.15489960e+00 -1.09289348e-01
    -5.90732098e-02 2.56010771e-01 1.57129073e+00 -5.24974108e-01
    1.14613700e+00 1.65948236e+00 3.30427349e-01 1.68289936e+00
    -1.08316958e-01 1.31013989e+00 1.01122642e+00 3.05299044e-01
    2.18897641e-01 2.00859070e-01 1.46191955e+00 1.33527935e+00
    -3.61029238e-01 -6.35044277e-01 1.51074374e+00 -3.30783755e-01
    8.03962231e-01 2.55258977e-01 -4.77973223e-01 3.39651823e-01
    1.69083166e+00 1.52955794e+00 1.60633183e+00 1.37084556e+00
    1.55032563e+00 1.20408475e-01 -2.24016964e-01 1.32912111e+00
    1.01371837e+00 1.22744083e+00 -1.94062710e-01 -4.77054119e-02
    1.11740446e+00 -2.38013327e-01 1.45005083e+00 9.60679233e-01
    7.21671343e-01 -2.48472691e-02 1.56278014e-02 2.87110269e-01
    -6.18846178e-01 2.16812849e-01 9.45123672e-01 9.83366907e-01
    3.40632498e-01 7.66298294e-01 -1.25646591e-01 5.75769961e-01
    2.66765714e-01 6.74401522e-02 5.82634687e-01 1.44005287e+00
    3.70897055e-02 -7.05001712e-01 4.62586582e-01 1.36239588e-01
    -2.67433286e-01 4.15419996e-01 7.85477579e-01 -6.48965001e-01
    1.24942577e+00 -6.35332763e-01 4.36248541e-01 -3.15736473e-01
    4.16287959e-01 1.55845761e+00 -5.43628454e-01 -3.62331718e-01
    -3.33610862e-01 9.25135970e-01 1.58295548e+00 1.34043837e+00
    5.16098738e-03 1.34155214e+00 2.32853949e-01 3.20614636e-01
    1.68382668e+00 -5.35130441e-01 5.61039746e-01 -3.25491428e-02
    9.75839734e-01 -4.44112271e-01 -6.21867239e-01 5.34662008e-02
    1.54659247e+00 1.62552738e+00 9.94904816e-01 1.36134386e+00
    4.08185065e-01 1.55635273e+00 1.16783786e+00 4.43524361e-01
    1.38778853e+00 5.93121469e-01 -1.67362213e-01 1.24931073e+00
    -5.76796651e-01 5.12922466e-01 1.46997118e+00 1.01649356e+00
    1.20935607e+00 -2.17395306e-01 1.18138099e+00 -5.24437428e-03
    1.29002047e+00 9.62997496e-01 7.88099766e-02 7.32091367e-01
    1.28539395e+00 1.40442848e+00 -2.74950862e-01 1.29813552e+00
    2.01384604e-01 -1.34551346e-01 5.63356221e-01 -2.71726251e-02
    -4.47233617e-01 7.95311093e-01 5.54246962e-01 9.79891241e-01
    3.26787293e-01 3.82717490e-01 9.80949402e-01 -4.88136411e-01
    7.81984329e-02 1.68074393e+00 -8.65375996e-03 1.35913610e+00
    1.70300531e+00 -2.72394419e-02 1.49132848e+00 1.39528489e+00
    1.41813385e+00 -1.74228132e-01 5.48883021e-01 -3.81764352e-01
    1.33290350e+00 -6.23096704e-01 8.56219530e-01 5.85164368e-01
    4.56773579e-01 6.44531131e-01 -2.32618511e-01 1.46289682e+00
    2.35601187e-01 -6.78413272e-01 -1.42637730e-01 -1.43731892e-01
    2.45102346e-01 6.14159524e-01 -2.26584375e-01 -5.62965035e-01
    3.96506786e-01 9.62595224e-01 -3.92105758e-01 1.10037065e+00
    7.85773993e-02 -1.88070536e-01 7.78056979e-01 -6.75964236e-01
    9.23840702e-01 -2.06471682e-02 1.58357680e-01 1.41125965e+00
    1.53032887e+00 9.92764533e-01 -3.31105739e-01 1.43224192e+00
    8.79612803e-01 1.54701066e+00 3.29828441e-01 1.63613498e+00
    -3.88382077e-02 1.23318577e+00 2.56636083e-01 -4.05512631e-01
    -1.52492881e-01 2.24617064e-01 -4.41315621e-01 -1.25753284e-02
    1.60574174e+00 1.80388331e-01 1.57074666e+00 -6.70146108e-01
    1.29718065e-01 1.54371548e+00 -3.34613860e-01 1.68531251e+00
    2.18968570e-01 9.11866724e-01 -1.33345127e-02 1.31997681e+00
    8.92331362e-01 1.62197208e+00 1.88715518e-01 1.23370528e+00
    -1.53803825e-01 1.67817616e+00 -1.92784190e-01 -2.40773141e-01
    1.62162805e+00 1.62879121e+00 -5.58473766e-01 5.33391058e-01
    9.50329542e-01 1.51107240e+00 1.01849771e+00 -7.35053420e-01
    -6.20540977e-02 1.60442483e+00 5.97394288e-01 4.77967441e-01
    1.36664391e-01 -6.50569022e-01 1.15074277e+00 1.65029716e+00
    1.51080513e+00 1.58354354e+00 1.42120862e+00 1.41901350e+00
    1.33494377e+00 5.39964557e-01 1.39684439e+00 2.22409308e-01
    6.15355313e-01 1.61076641e+00 2.73543000e-01 1.10512483e+00
    1.33363020e+00 -6.52613401e-01 7.52424598e-02 1.49452233e+00
    -1.26347780e-01 -5.53347707e-01 6.91738009e-01 -5.94789147e-01
    1.61777973e-01 3.23806345e-01 2.42029190e-01 5.85911512e-01
    -6.18422270e-01 -2.90452749e-01 -5.68525076e-01 -6.63975477e-02
    -4.11436647e-01 -4.48509485e-01 3.87386739e-01 9.19735193e-01
    1.35461044e+00 8.05715263e-01 4.62319851e-02 -4.58477676e-01
    -5.41194677e-02 -4.10256863e-01 3.50861013e-01 8.00997674e-01
    1.29437423e+00 1.24303913e+00 -4.57898676e-01 1.80711269e-01
    -3.78927052e-01 1.72366023e+00 1.59579098e-01 -3.72404158e-01
    1.42487860e+00 3.28879416e-01 1.37287867e+00 -1.66985571e-01
    -6.45794749e-01 1.46771455e+00 4.49738503e-02 6.68773115e-01
    -3.61328185e-01 -5.04501224e-01 1.05860209e+00 1.29767656e-01
    -4.91848350e-01 1.58924544e+00 1.21452057e+00 7.35595286e-01
    1.10156918e+00 1.37968802e+00 -6.84260726e-02 1.00899410e+00
    1.35677862e+00 -6.30865097e-02 -3.74289334e-01 1.95755482e-01
    -4.61870134e-01 1.19168007e+00 -4.78627235e-01 3.88054252e-01
    1.18270421e+00 -1.23520494e-01 1.36469126e+00 8.57662976e-01
    6.75935507e-01 -6.20470345e-01 4.54341114e-01 1.30814600e+00
    1.23328710e+00 3.56975615e-01 -2.39852667e-02 1.16767812e+00
    -1.81478798e-01 1.58720112e+00 1.63517666e+00 -4.34798867e-01
    5.91411591e-01 -3.02134275e-01 6.01630807e-02 1.17289209e+00
    6.80830002e-01 -5.52414536e-01 1.35984790e+00 9.90271330e-01
    1.31488371e+00 1.46243310e+00 -1.86037540e-01 1.39433980e+00
    1.00900102e+00 6.35686040e-01 1.49381173e+00 4.17742014e-01
    1.46142030e+00 1.10058475e+00 6.49842560e-01 9.27595437e-01
    1.57614124e+00 5.48823178e-01 -3.71495157e-01 -1.24321342e-01
    1.01892614e+00 6.59636259e-02 -7.94059038e-03 5.28834045e-01
    1.59047532e+00 3.98662984e-01 7.78985500e-01 7.59289384e-01
    1.24052072e+00 2.78657079e-02 8.64985526e-01 1.92615390e-01
    1.33488214e+00 1.30832529e+00 2.81241596e-01 4.33926344e-01
    -7.61963725e-02 -3.27553689e-01 9.57235336e-01 7.67215371e-01
    4.38010037e-01 8.66217375e-01 1.10801494e+00 5.60201585e-01
    1.57499576e+00 -3.48117888e-01 1.41770542e-01 -1.85902953e-01
    -4.79060739e-01 1.52423692e+00 8.95910800e-01 9.83338416e-01
    6.00199640e-01 1.88898802e-01 1.72622609e+00 4.84113514e-01
    -4.11160648e-01 1.62055612e+00 -5.40602803e-01 8.73892546e-01
    1.24336863e+00 -7.41114020e-02 5.86646020e-01 -4.76926327e-01
    5.22253036e-01 7.60649323e-01 1.08714819e-01 9.97924030e-01
    3.81615341e-01 1.60534358e+00 9.69388545e-01 7.70055413e-01
    6.55944288e-01 -2.83808708e-02 -6.00467920e-01 3.64384294e-01
    -2.85093069e-01 -4.74940419e-01 -4.81183529e-01 -5.05812943e-01
    1.21871138e+00 1.65914547e+00 2.98874378e-01 7.89874494e-01
    -6.42006695e-01 1.52781594e+00 -1.96341038e-01 6.46724403e-01
    1.66486621e+00 1.16549909e-01 -3.25306058e-02 1.24982738e+00
    1.26890600e-01 4.17507768e-01 4.58866358e-01 -5.04803300e-01
    3.02267611e-01 1.17143226e+00 1.30466580e-01 1.09523296e+00
    9.80478823e-01 5.67857802e-01 -2.10335255e-01 2.90025294e-01
    -2.19041288e-01 -6.17270172e-01 -2.45973349e-01 6.02539599e-01
    7.50823319e-01 3.58655691e-01 -2.65703321e-01 1.59743357e+00
    -4.07165289e-02 7.02865601e-01 1.07540941e+00 4.17466581e-01
    -2.82530010e-01 1.50746202e+00 1.64895535e+00 1.10565615e+00
    -3.14510375e-01 1.19181895e+00 5.45351386e-01 -7.40838349e-01
    -4.27702188e-01 -1.38526142e-01 -6.31222427e-01 1.58929813e+00
    4.68509793e-01 6.06451690e-01 1.19377387e+00 -3.15566361e-01
    1.34319508e+00 -1.97862983e-02 1.65920305e+00 5.48599780e-01
    1.06346631e+00 8.24226320e-01 1.62692809e+00 -3.89271021e-01
    1.43529272e+00 4.25345838e-01 -9.16438699e-02 2.97849596e-01
    1.01352215e-01 -2.74551094e-01 -1.71105862e-01 1.37312961e+00
    2.39372492e-01 1.00154293e+00 1.39691734e+00 -7.53372729e-01
    -1.00210011e-01 -1.29750848e-01 7.84839272e-01 5.94353974e-01
    -4.25612062e-01 7.01044679e-01 1.68700624e+00 -7.33186543e-01
    5.55743873e-01 5.46539366e-01 -1.18062854e-01 4.56820428e-01
    5.22820830e-01 1.70080125e+00 1.62118447e+00 1.65981317e+00
    -4.06259000e-01 1.55463493e+00 4.92047608e-01 -3.92773122e-01
    1.09093630e+00 7.69705772e-02 1.53306437e+00 1.66380215e+00
    -2.34282285e-01 -4.62263227e-02 3.90172482e-01 -3.16774487e-01
    9.61170197e-02 -4.27813798e-01 1.65147281e+00 7.95596421e-01
    -3.91417712e-01 7.24704862e-02 1.57376742e+00 1.11102581e-01
    1.10746145e+00 1.26611388e+00 8.17867160e-01 1.76161766e-01
    -4.20891613e-01 9.03576612e-03 -4.20971811e-01 8.31416190e-01
    -4.56846237e-01 1.66819000e+00 1.98633552e-01 1.03746986e+00
    1.51504219e+00 1.19099653e+00 3.59562576e-01 -7.38620281e-01
    1.67524076e+00 1.30451202e+00 1.35225654e+00 8.99679065e-02
    3.52448940e-01 8.55256200e-01 3.56912971e-01 1.10685086e+00
    1.55483532e+00 -5.14219165e-01 1.40323162e+00 -4.88467216e-02
    2.30652690e-01 1.40955377e+00 -2.09109515e-01 -5.45644999e-01
    -4.74840283e-01 7.05600262e-01 -4.93598670e-01 6.61284089e-01
    2.25435913e-01 -3.25816870e-03 -2.20958173e-01 -1.77479744e-01
    2.18032479e-01 7.04072714e-02 4.37365532e-01 1.34801841e+00
    1.42628264e+00 1.69738710e-01 -7.52273142e-01 5.02228498e-01
    5.72862208e-01 8.77857208e-01 5.59828281e-01 7.49780476e-01
    -2.15291440e-01 1.46708345e+00 1.48149300e+00 1.43924010e+00
    -1.86473250e-01 2.77256608e-01 1.35172462e+00 -3.46980780e-01
    2.98165143e-01 -6.90837264e-01 -2.19433904e-01 1.53833556e+00
    1.49340987e+00 -5.14389277e-01 -5.30160606e-01 -3.90836090e-01
    1.34654140e+00 1.95484042e-01 1.63352919e+00 4.21721101e-01
    1.36444187e+00 -2.85777926e-01 1.19596529e+00 1.31079972e+00
    1.64372063e+00 -1.05466366e-01 1.33661294e+00 1.23644972e+00
    3.27602684e-01 -6.77042842e-01 4.04076993e-01 7.05530763e-01
    -5.19341946e-01 -4.44154114e-01 7.04762638e-01 1.46573043e+00
    1.05604386e+00 -5.83638549e-01 -6.01721525e-01 2.58256257e-01
    -1.12573624e-01 1.32401860e+00 1.31830609e+00 1.47175932e+00
    -5.52806258e-01 1.39951921e+00 2.17199326e-03 -7.79299974e-01
    1.60873878e+00 -2.20546365e-01 -5.42799115e-01 9.21209335e-01
    5.91901541e-01 6.74126565e-01 6.02127075e-01 1.07994831e+00
    2.58206129e-02 -7.13803828e-01 4.93725896e-01 1.36955202e+00
    3.80542755e-01 1.94160402e-01 8.16826284e-01 1.49123621e+00
    -6.82984173e-01 1.15295649e+00 -3.47058058e-01 -2.10144639e-01
    1.02905631e-02 1.63485503e+00 -7.02299535e-01 8.17852139e-01
    -2.15325058e-01 -3.43133360e-01 -3.36568505e-01 -6.76497579e-01
    1.43657064e+00 -1.82660639e-01 -5.69251776e-02 1.91914976e-01
    3.59746516e-01 -1.32476211e-01 1.87211931e-01 9.24252927e-01
    1.24750662e+00 1.09216452e-01 1.46764815e-01 4.77541089e-01
    -5.91030359e-01 -1.89346850e-01 3.15128565e-02 1.61852384e+00
    1.52462506e+00 3.58964205e-02 5.98703504e-01 -6.06270969e-01
    -3.72779489e-01 7.62119412e-01 4.33490217e-01 -5.88381648e-01
    -6.13120794e-01 4.44124341e-02 1.56433797e+00 7.44557083e-01
    1.68146515e+00 -4.77365971e-01 1.05408990e+00 -6.61335170e-01
    8.00783813e-01 -5.62244534e-01 1.00669312e+00 1.03092897e+00
    1.64785802e-01 1.01460540e+00 1.29288077e-01 1.25432301e+00
    -7.01864302e-01 2.59452343e-01 1.05827153e+00 5.93699336e-01
    2.85473287e-01 1.46719360e+00 1.58118606e+00 6.25535250e-01
    1.51776934e+00 1.31186080e+00 7.00087249e-01 -8.12582076e-01
    -3.19175541e-01 -1.82740986e-01 3.78694534e-01 1.06956577e+00
    1.00662351e-01 1.40940166e+00 1.59044683e+00 9.32646036e-01
    1.13109684e+00 8.53957057e-01 -6.82369471e-01 1.20821953e+00
    1.11989522e+00 -2.77078748e-01 6.95361733e-01 3.04990411e-02
    1.07146931e+00 -2.01916039e-01 7.55309939e-01 1.09013665e+00
    5.54801524e-01 1.30427480e-02 1.10234857e+00 1.46597362e+00
    -6.08489156e-01 6.03320181e-01 -4.12045598e-01 -1.12039328e-01
    -3.92816067e-01 -1.76123500e-01 9.29483235e-01 1.62194622e+00
    -6.27972841e-01 -4.68753248e-01 6.62908852e-01 1.59545362e+00
    -5.45877457e-01 1.08518839e+00 8.82398427e-01 1.22202873e+00
    1.43453693e+00 2.63953924e-01 9.99618113e-01 6.28266633e-01
    5.20466566e-02 1.17249966e-01 -3.76392871e-01 4.35634017e-01
    -1.78804934e-01 1.54056478e+00 -1.08942449e-01 1.00005412e+00
    1.11540067e+00 -5.58835566e-01 6.68688774e-01 1.47657883e+00
    1.44144785e+00 -3.47457170e-01 7.46939898e-01 6.93130791e-01
    1.01913035e-01 8.17771554e-01 9.02611494e-01 -3.60485673e-01
    1.37613165e+00 5.45377612e-01 1.43212819e+00 -1.20023549e-01
    -1.92497969e-01 -2.34155297e-01 5.90013027e-01 4.02494192e-01
    -3.67467433e-01 1.70619202e+00 1.06930971e+00 2.69244909e-01
    7.64307797e-01 -7.67470002e-02 9.36001420e-01 6.14666939e-02
    4.46918249e-01 -6.42743826e-01 7.40575612e-01 3.37698281e-01
    3.21965277e-01 1.54455853e+00 6.89700544e-01 -2.01894462e-01
    -6.76206887e-01 8.57788444e-01 6.72283590e-01 1.01073766e+00
    4.45119441e-01 1.01128364e+00 1.47657990e-01 1.50622249e+00
    3.69345546e-02 7.07547545e-01 -1.77334607e-01 9.54522491e-01
    -3.37942779e-01 8.33275914e-02 1.47132993e+00 -1.94221497e-01
    -1.91185057e-01 5.76098740e-01 -2.12272733e-01 -6.92423761e-01
    1.20778131e+00 -6.05479538e-01 1.26995134e+00 -4.64322835e-01
    6.67199433e-01 2.31510103e-01 1.66349196e+00 -2.36998618e-01
    -7.76020885e-02 6.67316318e-02 -9.58200693e-02 -6.82780027e-01
    1.39189935e+00 -2.68331915e-01 -7.24032700e-01 -1.47434235e-01
    1.08792138e+00 1.31108451e+00 1.48010278e+00 -3.44421089e-01
    1.20086145e+00 2.73943841e-01 6.89011812e-01 5.08772552e-01
    -2.67393708e-01 -3.77163529e-01 1.47521639e+00 3.48499119e-01
    1.67636144e+00 9.79466796e-01 1.35581517e+00 1.07716417e+00
    -5.25150657e-01 4.76443350e-01 1.70063162e+00 1.48041892e+00
    1.58599234e+00 -2.32327104e-01 -6.37624502e-01 1.65653682e+00
    8.04405034e-01 1.60284638e-01 -7.58133769e-01 -7.67987549e-01
    9.64941084e-01 1.25203001e+00 9.09190953e-01 1.17098331e+00
    -7.89356828e-02 2.82224953e-01 -5.72512865e-01 -1.35255516e-01
    1.15880227e+00 1.53736067e+00 1.14076579e+00 -4.15531993e-02
    1.32711256e+00 -3.12648416e-02 1.57289886e+00 1.84096932e-01
    1.68454421e+00 8.36750269e-02 -7.63110995e-01 1.65448499e+00
    1.46402550e+00 8.31644416e-01 2.38752365e-01 -7.46600747e-01
    -6.00810170e-01 -6.61953807e-01 5.18637180e-01 7.87758827e-02
    1.20769477e+00 -6.65666997e-01 7.61430502e-01 8.25623274e-02
    1.23024273e+00 -5.70154846e-01 4.88647938e-01 1.02772188e+00
    7.28447735e-01 6.73069298e-01 7.46670723e-01 1.49848759e-01
    -3.05733979e-01 2.33981609e-01 -7.02607036e-01 -5.48885584e-01
    1.73620772e+00 1.48072529e+00 1.63124299e+00 -1.74537957e-01
    4.02461946e-01 6.06663108e-01 1.56804514e+00 4.87065077e-01
    6.02648795e-01 5.82403421e-01 1.07302821e+00 2.55661309e-01
    -4.61610109e-01 3.11086595e-01 4.52142954e-02 1.31944227e+00
    1.18984485e+00 5.77118397e-02 2.88702846e-02 1.26460886e+00
    -5.17487109e-01 6.06852412e-01 1.31132603e+00 2.60872900e-01
    -3.96625161e-01 1.08323693e+00 -1.54424250e-01 -5.41724563e-02
    -2.54878998e-01 8.60912025e-01 8.28220665e-01 1.23997235e+00
    -6.50423467e-01 -1.93533301e-01 4.70511019e-01 4.78518784e-01
    -2.81254053e-02 -5.79649210e-03 -2.19907761e-02 -1.83199167e-01
    -5.31228364e-01 1.73422027e+00 1.59641290e+00 -1.70980275e-01
    -2.89882243e-01 4.08938587e-01 3.20938885e-01 1.21837914e+00
    1.68490553e+00 -6.01816297e-01 1.36479640e+00 8.42462897e-01
    -4.31893468e-01 1.05297554e+00 1.64320183e+00 8.66443396e-01
    5.17422616e-01 8.26760769e-01 7.30951309e-01 1.42217135e+00
    -2.33555436e-02 1.06099939e+00 5.77732801e-01 1.43993235e+00
    -4.99236584e-01 1.23418713e+00 1.21901464e+00 1.23739541e+00
    1.13619304e+00 -3.65035385e-01 6.67185187e-02 -6.95924163e-01
    1.23748302e-01 1.36330032e+00 8.27002943e-01 8.15983117e-01
    -8.42107534e-02 6.30891323e-01 4.60683107e-01 1.25579357e+00
    9.15879607e-01 6.94835484e-01 1.22105777e+00 1.60407722e-01
    8.88403058e-01 1.60597622e+00 -1.68149292e-01 5.29703915e-01
    1.36181307e+00 -2.95323789e-01 8.96303594e-01 1.51586986e+00
    7.93063581e-01 8.51082385e-01 1.69804573e+00 1.49129081e+00
    -1.57874823e-03 1.20082653e+00 1.42640543e+00 6.98097765e-01
    5.04539251e-01 1.58073139e+00 1.53849006e+00 -5.37594438e-01
    1.71185541e+00 1.34039950e+00 -3.83083314e-01 2.52550602e-01
    3.16806912e-01 -6.98750138e-01 2.35538661e-01 5.54001629e-01
    1.16432416e+00 8.00414324e-01 1.25567043e+00 9.34598148e-01
    1.45639253e+00 -2.96714336e-01 -3.15670460e-01 1.21085238e+00
    5.27458787e-01 7.56310642e-01 6.88692808e-01 -7.43168592e-02
    1.56063139e-01 8.58694911e-02 1.27399874e+00 1.72404838e+00
    1.28968215e+00 7.20304251e-01 5.44582009e-01 1.05498266e+00
    1.33429122e+00 -3.70855451e-01 -2.18448043e-02 1.30072069e+00
    -4.37783659e-01 2.34774530e-01 4.00028765e-01 6.75006390e-01
    1.27636814e+00 1.54435968e+00 9.65322554e-01 -6.31711066e-01
    -5.81602335e-01 1.18190563e+00 -4.02807146e-01 1.65759909e+00
    1.53432143e+00 -7.56915212e-02 -2.37508029e-01 -1.78731263e-01
    4.26564038e-01 -5.98707497e-01 -1.14430785e-01 -5.86810708e-02
    3.44639719e-01 1.23785734e+00 6.83679163e-01 -8.28949809e-02
    -1.50048316e-01 -3.15237314e-01 1.73828840e+00 6.56218588e-01
    4.46219206e-01 8.22983921e-01 7.70663202e-01 2.87766218e-01
    1.20413780e+00 1.03378654e+00 6.18330717e-01 8.05870414e-01
    -1.27678812e-01 -5.10606706e-01 4.14361656e-01 1.38880467e+00
    9.91291165e-01 -6.94726944e-01 2.09089518e-02 -5.20888865e-01
    1.61910713e+00 -2.93104857e-01 1.05625319e+00 1.10478210e+00
    7.04039276e-01 -1.47756338e-01 4.84668672e-01 -3.08421820e-01
    1.01135421e+00 9.52909291e-01 -8.65118504e-02 9.91445482e-01
    1.12210083e+00 7.63164759e-02 3.62875283e-01 4.92198408e-01
    3.84899974e-02 1.39183891e+00 3.43356967e-01 1.51250422e+00
    4.10913467e-01 -1.76876605e-01 -2.26418614e-01 -5.61922669e-01
    3.29560280e-01 -3.08025390e-01 1.66147697e+00 2.27790773e-01
    1.06702948e+00 -4.76732820e-01 -2.37356484e-01 1.43450975e+00
    1.54634833e-01 2.00656414e-01 9.92544711e-01 3.50825489e-01
    -2.37570941e-01 5.47817826e-01 1.45667136e-01 -3.17411184e-01
    3.76734853e-01 1.50386548e+00 -3.55550736e-01 -4.43766803e-01
    1.14082205e+00 -1.76238179e-01 1.23888588e+00 1.35485566e+00
    1.48465943e+00 1.39676571e-01 -1.12582624e-01 -8.13110471e-02
    1.51452374e+00 6.10187113e-01 2.63485909e-02 -3.51037651e-01
    1.54021299e+00 1.30743861e+00 3.45467329e-02 1.04989028e+00
    -4.23445463e-01 1.23596692e+00 6.08482182e-01 7.60354280e-01
    4.61290181e-01 2.21989870e-01 -1.90386832e-01 3.39964271e-01
    1.09809017e+00 1.38932610e+00 1.41350055e+00 6.83588505e-01
    4.51232255e-01 1.69093752e+00 2.30144501e-01 1.21061373e+00
    1.14713633e+00 8.41854513e-01 3.74760032e-02 6.99482560e-02
    -5.16728878e-01 1.27682984e-01 -5.04983485e-01 6.61444306e-01
    1.06124687e+00 1.32594788e+00 1.56533194e+00 8.06140661e-01
    5.16014695e-01 1.05933142e+00 -5.58718801e-01 5.39211154e-01
    -3.12506676e-01 -5.97231567e-01 -1.73172712e-01 1.38892460e+00
    -4.97446269e-01 6.05985641e-01 -3.36901873e-01 9.18546200e-01
    1.69011021e+00 1.66418791e+00 5.39688230e-01 3.85969996e-01
    -5.22807479e-01 1.18438125e+00 1.56848240e+00 1.05018294e+00
    -1.91893756e-01 1.15452433e+00 -3.23686272e-01 -5.91472685e-01
    -1.01385176e-01 1.85168386e-02 -6.44535899e-01 -7.00822473e-02
    -1.10313118e-01 7.81761646e-01 -3.29753220e-01 -3.05055171e-01
    -3.98678571e-01 9.57308829e-01 4.81271505e-01 1.65370417e+00
    8.31187367e-02 1.14382505e+00 -4.01981056e-01 1.30439162e-01
    1.59352314e+00 1.17439914e+00 -1.22493207e-01 1.40480518e+00
    5.62827885e-01 -1.20802641e-01 1.11409819e+00 -6.45379007e-01
    1.40124702e+00 5.19118071e-01 9.11091864e-01 2.33213186e-01
    -5.80027521e-01 2.67199755e-01 2.98881173e-01 1.08488333e+00
    -7.56806910e-01 -3.85892153e-01 -1.33752823e-02 1.47264838e+00
    1.43508244e+00 -2.56799042e-01 -5.40419519e-01 1.52202678e+00
    1.43260622e+00 7.03705847e-01 7.39961565e-01 1.19561410e+00
    -2.25255311e-01 -3.33808362e-01 1.27689004e+00 -4.69497949e-01
    3.65116775e-01 8.57902408e-01 1.01975584e+00 4.65517461e-01
    2.10607290e-01 -3.27209115e-01 3.45887542e-01 -1.40035570e-01
    1.38316810e+00 9.72342253e-01 1.32666230e+00 1.55941653e+00
    2.56843030e-01 2.81796873e-01 1.08956158e+00 1.69094992e+00
    1.45318830e+00 -4.03609872e-02 1.67311502e+00 -3.57621104e-01
    1.22856331e+00 -4.13579226e-01 2.09568739e-02 4.08106804e-01
    1.26566231e-01 -5.72402179e-01 1.31012201e+00 -2.99592972e-01
    1.30458832e+00 8.01390827e-01 1.31048560e+00 1.23704767e+00
    2.02037215e-01 -5.78905344e-02 5.17185926e-02 9.63967085e-01
    -3.27429205e-01 1.26369560e+00 1.48681152e+00 1.29424691e-01
    -2.24424422e-01 -2.68677354e-01 9.69630420e-01 1.09623694e+00
    7.14258552e-02 2.02899039e-01 5.55501997e-01 -4.28906351e-01
    1.14861131e+00 -6.23323321e-01 -5.81494212e-01 1.35128200e-01
    -4.42661047e-02 1.23854089e+00 4.62447941e-01 1.74096167e-01
    1.45186377e+00 7.04833746e-01 -4.28837538e-02 -3.05135727e-01
    8.19247723e-01 1.72261906e+00 1.52782488e+00 2.41957724e-01
    4.65557277e-01 3.79210293e-01 3.65539491e-01 9.05591249e-02
    5.81686258e-01 7.31062889e-01 1.25231218e+00 1.69594717e+00
    1.34353161e+00 -3.53649259e-02 -4.86561835e-01 7.67838597e-01
    -5.52146196e-01 1.12513304e+00 -4.47080672e-01 1.43803990e+00
    -5.89519262e-01 -2.66701877e-01 -3.07575911e-01 4.43331957e-01
    -3.94904643e-01 1.51286340e+00 1.17980337e+00 8.99428606e-01
    -5.59922636e-01 9.83685255e-02 7.18884468e-02 1.08707595e+00
    -7.35744894e-01 1.41553676e+00 7.44349957e-02 1.05667782e+00
    2.85657048e-02 -5.31884253e-01 6.16468012e-01 5.94961643e-02
    3.83028388e-01 -6.03233993e-01 6.30188584e-01 2.77194977e-02
    1.54218388e+00 2.43492723e-01 1.57074022e+00 1.07438111e+00
    -4.85618234e-01 -6.29088163e-01 4.67812002e-01 1.11328661e+00
    8.29866827e-01 7.59702563e-01 7.37903714e-02 5.31371593e-01
    4.10253406e-01 5.26492417e-01 -1.31661773e-01 4.90272582e-01
    -1.14870071e-03 7.34922349e-01 -1.55116081e-01 5.36085427e-01
    1.32956028e+00 -5.98322690e-01 1.16848934e+00 1.32763720e+00
    -3.05962533e-01 -1.56301081e-01 -2.59126961e-01 3.99591625e-01
    4.02280688e-01 4.79407191e-01 4.88761902e-01 1.17414331e+00
    1.02768993e+00 3.02445233e-01 -6.00093782e-01 6.68598652e-01
    -4.04787898e-01 1.63643718e-01 1.09312820e+00 8.84175897e-02
    3.25868726e-02 1.02336740e+00 -2.30960965e-01 2.32913613e-01
    -1.94475591e-01 5.23603678e-01 7.77964771e-01 1.43320251e+00
    3.12520385e-01 -6.05770826e-01 2.91429162e-01 1.26051784e+00
    1.56685281e+00 7.72376359e-01 1.46386731e+00 5.75725853e-01
    -6.34176493e-01 9.67755914e-01 -6.87474787e-01 9.29233730e-01
    1.22651911e+00 1.15095949e+00 -6.52059913e-02 2.89558947e-01
    -1.84137046e-01 5.21753848e-01 1.21481907e+00 7.99492359e-01
    1.28855562e+00 -5.00113249e-01 1.17476869e+00 -7.12619662e-01
    3.15236628e-01 1.18214393e+00 7.60743976e-01 1.60854077e+00
    9.66657460e-01 1.30145884e+00 -2.15373009e-01 1.22573853e+00
    8.37520063e-01 1.02518916e+00 -4.50236231e-01 4.69770432e-01
    2.13966429e-01 1.37715280e-01 5.01271307e-01 -5.15892863e-01
    -3.54918182e-01 1.43683553e+00 5.82990229e-01 1.22721028e+00
    9.33088243e-01 1.60049319e+00 1.67326951e+00 1.41612887e+00
    1.48107505e+00 8.28052521e-01 1.28464103e+00 1.29594553e+00
    6.25613093e-01 1.67568111e+00 1.63140953e-01 -3.39103669e-01
    2.98058093e-01 1.04689360e+00 1.03234279e+00 1.29172146e+00
    1.56457949e+00 3.40123713e-01 6.97081625e-01 8.06075335e-01
    3.80222261e-01 7.80967414e-01 4.87701595e-01 -3.85134280e-01
    6.76127553e-01 7.16530561e-01 -6.25791490e-01 -1.53601527e-01
    1.13109469e+00 1.51449490e+00 1.12576437e+00 2.80771196e-01
    -6.87242568e-01 4.52615738e-01 8.10509980e-01 9.82449055e-01
    7.25994289e-01 1.38381577e+00 9.96446133e-01 -5.51754355e-01
    6.62433028e-01 9.75770175e-01 1.62364161e+00 1.35679257e+00
    1.53475201e+00 1.29932654e+00 -2.25230455e-01 -1.08374834e-01
    2.34049976e-01 3.36314738e-01 1.48833442e+00 3.37839246e-01
    -8.06098580e-02 -6.84454381e-01 -4.31215703e-01 -5.55635929e-01
    1.19380510e+00 6.11770749e-01 -3.16762954e-01 -3.44854653e-01
    -5.91203213e-01 2.40346193e-01 1.38423395e+00 3.53467107e-01
    -5.73620558e-01 1.54452956e+00 5.91794312e-01 1.18164372e+00
    -3.23911846e-01 5.06952286e-01 1.02328753e+00 1.86785817e-01
    1.14365149e+00 7.34781027e-01 1.52697635e+00 4.94864583e-02
    1.31446540e-01 -2.65824914e-01 7.76873231e-02 1.33835912e+00
    -5.67800283e-01 1.05443430e+00 1.33460701e+00 5.38284421e-01
    -2.57674456e-02 1.54146099e+00 -7.15065181e-01 1.33815503e+00
    1.71697938e+00 1.56006384e+00 -4.57264781e-02 1.68329489e+00
    7.04330802e-01 -7.48589814e-01 3.40841055e-01 1.00642109e+00
    5.45427799e-01 1.27615166e+00 7.56409943e-01 -4.22604948e-01
    -1.50960326e-01 1.49170780e+00 4.73992169e-01 -6.01976633e-01
    2.68615365e-01 -4.46918190e-01 2.14782655e-01 7.41280198e-01
    1.74194813e+00 -1.75699532e-01 1.42943978e+00 1.14629889e+00
    6.95467293e-01 1.55722761e+00 -6.01244032e-01 -3.00488889e-01
    1.56647503e+00 6.31417036e-02 6.62127018e-01 -1.12209916e-02
    6.41166329e-01 -4.77961868e-01 1.32840514e-01 -3.58991325e-01
    1.52903652e+00 1.08894563e+00 1.50495851e+00 9.02792692e-01
    -1.66302860e-01 -6.70616746e-01 -2.24399418e-01 7.47984469e-01
    3.24853897e-01 -3.89752269e-01 -3.11363816e-01 -4.65467870e-01
    1.36742234e-01 5.70441246e-01 -6.34472847e-01 8.48913491e-01
    1.15607381e+00 -1.10195637e-01 1.18426371e+00 -1.45500660e-01
    2.21868396e-01 2.18487144e-01 1.21672416e+00 -6.20822906e-01
    8.36955667e-01 1.31770611e-01 3.62045765e-02 2.85030127e-01
    -2.40473837e-01 6.03058040e-01 1.63436282e+00 8.50357890e-01
    1.05330110e+00 -4.83887792e-01 -2.92753071e-01 7.29699910e-01
    6.44053280e-01 -2.54561484e-01 -4.38004851e-01 -1.12382770e-01
    -6.50753021e-01 1.48365653e+00 2.37825572e-01 -3.58808458e-01
    7.63854384e-02 1.79041862e-01 -3.22807580e-01 7.93374002e-01
    1.13935971e+00 7.90565610e-02 1.52760863e+00 6.97845817e-02
    1.13571072e+00 1.49217081e+00 2.72868752e-01 9.18190598e-01
    1.28082383e+00 2.31277764e-01 1.51082444e+00 9.91064727e-01
    -2.03651965e-01 9.88208532e-01 1.29569721e+00 4.21641350e-01
    6.97618186e-01 1.28947568e+00 -2.22219288e-01 9.23812389e-03
    5.05516589e-01 -6.84959412e-01 1.81599438e-01 -3.67229134e-01
    -6.40040874e-01 4.02677536e-01 8.80205572e-01 1.04872787e+00
    1.35400271e+00 6.43101931e-02 1.21364415e+00 1.61954522e+00
    1.46398354e+00 -4.77932483e-01 1.22975934e+00 4.61322010e-01
    3.90752077e-01 6.34618223e-01 -1.02152824e-01 9.27987099e-02
    -3.57933462e-01 9.40215230e-01 1.57138765e+00 1.37461519e+00
    1.31882429e+00 8.61533463e-01 1.40595472e+00 -5.10526240e-01
    -3.47140133e-01 -1.38805270e-01 -6.16805494e-01 1.51947331e+00
    2.71521032e-01 -6.90305650e-01 1.68812203e+00 1.25761271e+00
    1.48868096e+00 3.05926025e-01 1.21841872e+00 8.52292180e-02
    4.81924355e-01 1.26825058e+00 5.49554825e-03 7.67213225e-01
    1.25278854e+00 2.39994943e-01 -1.01535082e-01 1.60718393e+00
    1.55972481e+00 4.17200446e-01 1.40761065e+00 -6.80870295e-01
    1.19359064e+00 8.26817095e-01 -1.94935799e-01 1.13694894e+00
    1.25334263e-02 -3.45977545e-02 3.97527516e-01 7.82742977e-01
    9.02010262e-01 5.18123329e-01 -3.72985274e-01 1.04567993e+00
    6.55792713e-01 -6.80345535e-01 8.29478860e-01 6.73250496e-01
    -6.77516401e-01 -4.35763448e-01 1.26511705e+00 1.40972960e+00
    -5.28066635e-01 8.32371294e-01 1.03663802e+00 5.43193400e-01
    5.97249687e-01 4.45945859e-02 -6.76759601e-01 2.04525292e-01
    -3.88947487e-01 1.12587762e+00 1.20276737e+00 1.52182710e+00
    1.71676159e+00 1.59789371e+00 1.24436212e+00 5.29203594e-01
    7.19098866e-01 1.09536815e+00 1.15554786e+00 1.28052855e+00
    -7.27807522e-01 1.38572288e+00 1.68239641e+00 1.39980733e-01
    1.63190007e+00 -6.94701910e-01 1.56127381e+00 -1.85423911e-01
    1.64482880e+00 1.37437356e+00 -7.71878362e-01 1.13698614e+00
    -3.02281857e-01 1.33943605e+00 6.36573434e-01 8.30927014e-01
    5.82845092e-01 5.89101017e-01 4.50316727e-01 1.04208684e+00
    -3.98256570e-01 9.16609466e-01 5.90268970e-02 9.41601157e-01
    7.02841759e-01 6.78933203e-01 1.23349762e+00 1.10165000e+00
    5.74539661e-01 1.52186632e-01 -5.31603634e-01 -5.42122364e-01
    -7.55009055e-02 -4.09880280e-02 5.35969019e-01 8.18304598e-01
    5.52328944e-01 -3.31508189e-01 1.08955038e+00 1.03818440e+00
    1.15403104e+00 4.57983136e-01 -4.03362453e-01 2.09368169e-01
    -5.23384511e-01 5.52714169e-01 8.73899162e-01 -1.34854198e-01
    6.36059761e-01 -2.67653167e-01 1.49291945e+00 -4.14307058e-01
    4.61643040e-01 1.50468326e+00 -5.57003498e-01 -6.47745848e-01
    2.65598416e-01 -1.14662647e-02 -7.15435088e-01 4.47151601e-01
    -1.75201118e-01 5.10789812e-01 -3.93600851e-01 1.57977819e+00
    5.39271295e-01 -4.12455231e-01 1.69240212e+00 1.50833547e-01
    3.35399806e-01 -6.35360539e-01 1.08219004e+00 5.17559469e-01
    -4.76899743e-02 4.42784727e-01 1.36294913e+00 1.17912030e+00
    9.89816427e-01 1.26275480e+00 -4.50274974e-01 6.96761906e-01
    2.13210762e-01 1.67853904e+00 8.75294626e-01 -4.42174882e-01
    -6.44750953e-01 8.61400425e-01 1.12244368e+00 1.61300063e+00
    1.48473918e-01 2.19129682e-01 1.06473732e+00 1.09321630e+00
    1.60086787e+00 -5.03268480e-01 1.30645013e+00 8.61245811e-01
    3.39341760e-01 -2.84753442e-02 1.27748430e-01 7.54212260e-01
    9.88555551e-02 -6.24367118e-01 5.07703424e-01 3.12523782e-01
    1.60182536e+00 1.18349016e+00 1.31784368e+00 6.09116077e-01
    8.40876520e-01 2.74174988e-01 1.08782220e+00 9.65285540e-01
    1.96783602e-01 1.72475636e-01 5.02077579e-01 3.20083499e-01
    1.25660443e+00 -4.58920717e-01 -7.12417364e-02 3.30032170e-01
    1.56281137e+00 8.77852857e-01 1.96237206e-01 5.73661864e-01
    7.03468680e-01 4.63027120e-01 -1.06848776e-01 -4.40783501e-02
    2.80103743e-01 -2.32118368e-03 1.51622176e+00 1.43336964e+00
    -5.71286678e-02 -1.35236382e-01 1.58674419e-01 4.67516184e-02
    1.46082687e+00 1.66044700e+00 -3.46453190e-01 -1.31969929e-01
    -1.87149763e-01 1.81042254e-01 1.62611055e+00 1.09494483e+00
    7.61350691e-01 1.10745668e+00 -1.86850786e-01 9.94924366e-01
    1.10782588e+00 -3.78478855e-01 8.08965862e-01 1.47907186e+00
    2.45046675e-01 -3.57330143e-01 -4.96383518e-01 1.22240543e+00
    8.10029447e-01 -9.68126655e-02 4.14699912e-02 8.94506454e-01
    -1.78286493e-01 1.40690553e+00 2.14485109e-01 -2.95256972e-01
    9.44558442e-01 1.27884185e+00 5.01368642e-01 1.42668390e+00
    1.11943960e-01 6.35763347e-01 6.17735028e-01 4.39328253e-01
    -2.61967599e-01 1.14595532e+00 -4.90695953e-01 8.23307991e-01
    8.74339879e-01 1.04691780e+00 3.21233809e-01 6.16230965e-02
    9.36427951e-01 1.29414034e+00 1.49494815e+00 -3.69168431e-01
    -3.61111581e-01 8.55479062e-01 8.56472194e-01 8.21799040e-02
    8.28258038e-01 2.45056391e-01 5.98059118e-01 1.35492802e+00
    -5.25619149e-01 1.56527400e+00 1.11335552e+00 1.75241232e-01
    1.39564931e-01 -1.54656887e-01 6.08121037e-01 -1.82444274e-01
    5.95079064e-01 -4.49506074e-01 8.99475455e-01 -4.06378776e-01
    8.54081094e-01 5.88600636e-02 6.06611729e-01 7.28466690e-01
    1.28716540e+00 -4.06894922e-01 8.70874941e-01 1.04409099e+00
    -1.02089107e-01 -4.56275940e-01 -1.74900234e-01 1.18997478e+00
    -2.46499598e-01 1.62535512e+00 3.13437343e-01 -6.99739456e-02
    1.40246880e+00 1.06461477e+00 -3.15590113e-01 2.51815856e-01
    1.54299414e+00 4.29660678e-01 -6.74206793e-01 4.94087040e-01
    1.01839757e+00 3.91951501e-01 4.39609885e-02 1.25573611e+00
    1.13379550e+00 2.61312008e-01 1.68514132e+00 1.65020370e+00
    1.50194383e+00 -5.64784765e-01 2.10122943e-01 1.25568891e+00
    8.09192836e-01 -1.98040426e-01 1.78800762e-01 2.63207138e-01
    -7.01193631e-01 5.61785221e-01 1.61074090e+00 1.37134349e+00
    9.99759018e-01 1.42456746e+00 -7.23401308e-01 1.12861693e-01
    5.05378008e-01 3.73319387e-02 -5.81574321e-01 7.92003274e-01
    -5.20114243e-01 6.69071198e-01 1.32213843e+00 -5.46910584e-01
    4.36959326e-01 4.52675104e-01 2.49946117e-03 1.01781547e+00
    6.71960890e-01 -5.67063570e-01 -6.26921415e-01 1.22967958e+00
    2.61134505e-02 -5.37373304e-01 1.43360472e+00 -7.48450577e-01
    2.56115794e-02 1.58145738e+00 1.18126452e+00 -1.70686841e-01
    6.30626440e-01 -3.87461483e-01 3.57174635e-01 -6.38303399e-01
    3.14838886e-01 1.62627077e+00 8.25420201e-01 -2.42778063e-01
    1.54642057e+00 -9.74937677e-02 1.23874664e-01 1.25123262e+00
    -3.48069459e-01 3.29291582e-01 -5.05672812e-01 -1.40737057e-01
    3.19479048e-01 1.37947130e+00 3.20329964e-01 -5.08416533e-01
    8.62116098e-01 1.13556075e+00 -6.01901889e-01 1.40401506e+00
    -3.46890986e-01 4.04538333e-01 1.69892073e+00 1.46238613e+00
    -7.26876795e-01 3.50100756e-01 1.02452660e+00 4.39385474e-01
    1.71867442e+00 -6.72159016e-01 -5.57016373e-01 1.34613097e-01
    1.20356381e+00 6.58399105e-01 3.69782269e-01 2.68099129e-01
    5.79039335e-01 -6.71016097e-01 1.49015307e+00 3.95635843e-01
    1.58572555e+00 -8.87308717e-02 5.47071099e-02 5.67289412e-01
    1.14483809e+00 1.01109576e+00 -6.06490970e-02 8.64232302e-01
    -1.72027946e-01 1.53310609e+00 6.45814359e-01 -1.74914598e-01
    -6.16666079e-02 -6.59768105e-01 1.00814486e+00 9.30121303e-01
    -1.32556915e-01 1.52552664e-01 1.48984516e+00 9.29226100e-01
    1.49525476e+00 -6.55783594e-01 1.20926046e+00 1.38438022e+00
    1.35991907e+00 3.92642915e-01 1.65496731e+00 6.81933343e-01
    -5.68458736e-01 7.61642218e-01 5.01602232e-01 -1.12958968e-01
    -4.20168668e-01 1.72323513e+00 -5.59409261e-01 4.37382162e-01
    4.38913345e-01 6.24615073e-01 -1.68324530e-01 1.31310582e+00
    4.55601335e-01 8.43961477e-01 -6.30780339e-01 9.11680400e-01
    7.69874692e-01 -4.12676692e-01 1.44821382e+00 1.58293176e+00
    -4.51755464e-01 4.85245943e-01 -5.62586248e-01 1.49422383e+00
    1.40337586e+00 1.65440857e-01 7.21726477e-01 -6.61400497e-01
    -5.75261712e-02 1.74991012e+00 -5.92919886e-01 -3.19553614e-02
    4.96870279e-01 1.25170946e-01 1.40723693e+00 1.10401940e+00
    3.09854031e-01 1.24733603e+00 3.45808864e-02 -7.01851785e-01
    1.34115005e+00 4.80010748e-01 6.59314752e-01 8.18439722e-01
    8.56730759e-01 1.31517482e+00 9.66540098e-01 1.25943208e+00
    1.63527727e+00 -8.20684433e-02 -7.10330248e-01 -3.97848487e-02
    1.02795446e+00 6.53441787e-01 3.94649267e-01 5.29259801e-01
    9.95196283e-01 1.12763739e+00 -4.00647789e-01 -5.58713973e-01
    1.13796496e+00 -7.36413717e-01 1.57674539e+00 2.14953542e-01
    -3.86203051e-01 -4.62919891e-01 8.47566724e-01 1.18907952e+00
    1.59168136e+00 1.05539179e+00 9.99612391e-01 1.38213253e+00
    1.44258916e+00 6.21592999e-01 1.44873023e+00 -3.65910560e-01
    -8.71063471e-02 1.13126898e+00 1.32604241e-01 -3.00243855e-01
    3.40071261e-01 4.14273560e-01 1.24875879e+00 1.46867990e+00
    1.25692070e-01 8.47614467e-01 1.71224499e+00 1.58741570e+00
    1.68796301e-01 8.63290966e-01 5.23343205e-01 1.34218037e+00
    -9.89849567e-02 1.17849040e+00 1.68689620e+00 1.09498727e+00
    1.51233411e+00 1.01559031e+00 6.10018730e-01 9.22188222e-01
    1.59906411e+00 9.61632013e-01 1.04253602e+00 1.52937818e+00
    -5.10755777e-02 -2.53757060e-01 2.03008056e-02 -7.33825445e-01
    1.40200448e+00 7.41933405e-01 5.83574235e-01 1.22662985e+00
    2.95118451e-01 8.78185511e-01 -4.33432996e-01 9.96187329e-01
    2.04673350e-01 9.60657239e-01 9.28268850e-01 -2.67157912e-01
    4.35540676e-02 1.71980858e-02 8.27955186e-01 -6.68269038e-01
    1.67994666e+00 -1.31403804e-01 -1.16973281e-01 -2.02613294e-01
    7.53098786e-01 1.72391033e+00 8.23866785e-01 1.33237100e+00
    1.46233451e+00 4.68471229e-01 7.74080336e-01 1.02212858e+00
    -6.02390289e-01 1.56864309e+00 1.22183919e+00 1.03932667e+00
    -6.42878115e-01 1.70365012e+00 3.21507812e-01 -3.50064427e-01
    1.60287702e+00 3.85911584e-01 6.67530298e-03 1.09474874e+00
    2.74961650e-01 -4.76059914e-02 7.54964292e-01 1.57725108e+00
    1.46435070e+00 1.10642576e+00 -3.03963184e-01 1.03438199e-01
    3.03923070e-01 -1.20311081e-01 2.79644787e-01 -5.76545596e-01
    7.41776288e-01 -4.81990367e-01 -4.76152480e-01 8.84384513e-02
    9.94081020e-01 -5.73900163e-01 -6.64210379e-01 1.66291881e+00
    -7.58000553e-01 -3.07385743e-01 1.51713419e+00 7.27880776e-01
    1.57440352e+00 -4.76192713e-01 6.40513241e-01 6.59325659e-01
    -7.72841871e-01 1.56952751e+00 1.25397038e+00 9.36792195e-01
    -2.32735217e-01 7.11864889e-01 8.28213632e-01 9.98572350e-01
    1.66437173e+00 1.83773577e-01 1.00414729e+00 2.55989254e-01
    9.34616745e-01 1.43672442e+00 1.21282125e+00 1.02852309e+00
    7.24527180e-01 2.11387873e-01 7.40691006e-01 5.17249763e-01
    1.73690867e+00 8.94569099e-01 -4.34988618e-01 6.59235716e-01
    1.35821748e+00 -3.13548118e-01 6.48297071e-02 -1.92392886e-01
    7.34612942e-02 3.05622756e-01 8.29535723e-03 1.36663771e+00
    1.70247924e+00 5.76780975e-01 1.29484987e+00 -6.11298144e-01
    -4.71788436e-01 1.12937212e+00 2.85252750e-01 4.56510603e-01
    1.95663810e-01 4.28445458e-01 -3.79107922e-01 1.43453228e+00
    6.15182996e-01 1.20577133e+00 -6.88377619e-02 2.48273969e-01
    -4.16038036e-02 1.58043098e+00 -6.95430636e-01 9.85961020e-01
    5.03414869e-02 -3.59053910e-01 1.60722649e+00 8.31498027e-01
    1.27080631e+00 -4.86613721e-01 1.63309884e+00 7.09062219e-01
    2.66344607e-01 6.83355868e-01 1.61788988e+00 1.40751350e+00
    1.41452575e+00 -3.81504953e-01 9.68098223e-01 2.73917735e-01
    9.37569141e-02 8.77998054e-01 1.42645144e+00 -1.52006745e-02
    1.29348803e+00 -5.92367053e-01 -1.37246847e-02 2.29893625e-01
    1.63605821e+00 1.63277829e+00 -9.97902751e-02 4.43730593e-01
    5.70687354e-01 6.11158252e-01 1.64777017e+00 -7.26621687e-01
    3.51977706e-01 4.23120439e-01 -5.78854561e-01 1.72990823e+00
    4.95248199e-01 1.68553150e+00 -1.38533831e-01 1.40698028e+00
    1.77864254e+00 -5.07280946e-01 4.86338317e-01 -2.76113361e-01
    3.14105749e-02 1.37761056e-01 2.23537326e-01 5.22125781e-01
    1.12324798e+00 1.36594260e+00 1.79951000e+00 1.77915633e-01
    7.46060014e-01 1.76706958e+00 4.56459343e-01 5.68530738e-01
    -1.88138723e-01 1.16487503e+00 9.20923710e-01 4.62379217e-01
    1.04271948e+00 -3.14594895e-01 6.78302824e-01 -1.47280395e-01
    -1.59091711e-01 1.13533676e+00 9.34675992e-01 2.64253139e-01
    -2.98734725e-01 1.35007584e+00 1.20240140e+00 -1.71679497e-01
    1.27824211e+00 1.58500218e+00 4.98631358e-01 9.39200699e-01
    -3.16660255e-01 1.10767972e+00 1.55456746e+00 1.29142356e+00
    9.90630567e-01 1.53360653e+00 -6.56633377e-02 1.63174200e+00
    3.25246334e-01 -5.60980797e-01 7.75025010e-01 7.02596128e-01
    -5.85379243e-01 9.38499212e-01 5.61523259e-01 1.53438759e+00
    1.52800620e+00 1.04557669e+00 1.24000013e+00 -6.06634736e-01
    1.41092992e+00 -7.85851479e-03 1.20657945e+00 1.39642668e+00
    -2.39300549e-01 9.54124987e-01 9.00030077e-01 -6.35936975e-01
    4.71127629e-01 1.48185825e+00 1.59845090e+00 -2.75709629e-02
    1.27378631e+00 -5.78005791e-01 -1.84785604e-01 1.17101288e+00
    -7.03053892e-01 1.42276788e+00 7.97109902e-01 3.39194179e-01
    1.12464964e+00 2.71059632e-01 1.54502618e+00 -9.63723660e-02
    1.48806000e+00 -5.41070104e-01 1.20947409e+00 8.30346882e-01
    -1.35702610e-01 5.14946342e-01 6.18240535e-01 6.37090683e-01
    9.26714838e-01 1.74969912e+00 9.86943543e-01 5.97944021e-01
    5.13509512e-01 -6.84404790e-01 8.24217796e-02 8.53948772e-01
    8.54834735e-01 4.66235936e-01 -7.07524240e-01 -6.96852207e-01
    7.95476675e-01 1.25970840e+00 1.16907918e+00 6.26369536e-01
    -5.64168572e-01 1.09284019e+00 2.13207662e-01 8.95971179e-01
    1.42845893e+00 1.60450041e+00 2.26375282e-01 2.89005756e-01
    1.66668296e+00 2.91128695e-01 1.06833386e+00 4.22771811e-01
    -4.58499551e-01 -5.94469905e-01 1.02849221e+00 -5.43368936e-01
    -1.96750402e-01 4.84646499e-01 2.44477570e-01 9.44639564e-01
    -3.03567469e-01 1.52658844e+00 8.83315563e-01 8.06588650e-01
    -3.07992697e-02 -6.00524545e-02 -5.36870956e-02 -5.34961462e-01
    1.60190892e+00 1.59189808e+00 -5.58589101e-02 9.02188301e-01
    -2.06331611e-01 9.81703937e-01 1.61975372e+00 -2.76424050e-01
    1.16143227e-02 -5.26623249e-01 7.19740510e-01 4.89298046e-01
    5.47677577e-01 1.14412475e+00 2.04466999e-01 2.07524419e-01
    2.44474411e-01 1.13365352e-01 -2.18910694e-01 1.29286337e+00
    1.51254094e+00 -2.75379658e-01 7.72181749e-02 9.68328595e-01
    1.66559064e+00 1.64797914e+00 1.31782222e+00 -2.64599442e-01
    -4.02401686e-01 1.48774755e+00 1.09769583e+00 1.47632849e+00
    7.47600913e-01 4.17974770e-01 1.68239856e+00 5.22295237e-02
    -5.35012424e-01 4.07320797e-01 1.53598022e+00 -3.96709651e-01
    1.41451597e-01 5.49027324e-02 -7.22370505e-01 2.97907948e-01
    1.08108163e+00 7.54944682e-02 -4.28306699e-01 1.71392846e+00
    -4.07618165e-01 1.60468912e+00 1.53824806e+00 3.55707645e-01
    -7.05970585e-01 1.51657939e+00 -2.16473997e-01 1.02496910e+00
    1.38183355e+00 -2.07648158e-01 9.08729911e-01 -1.01141274e-01
    1.69647193e+00 9.44303274e-01 -1.68806076e-01 -3.93381715e-01
    -6.72356129e-01 1.37122786e+00 1.03795266e+00 8.33210826e-01
    3.54921579e-01 -6.74274206e-01 1.22592938e+00 1.20670748e+00
    -9.57182646e-02 5.28648674e-01 1.44588852e+00 3.01790774e-01
    -7.42420316e-01 -4.51958984e-01 7.23770618e-01 1.25633657e+00
    9.56932843e-01 5.44404507e-01 -4.15544122e-01 6.55486107e-01
    8.62243533e-01 -4.65270966e-01 4.40467596e-02 1.33500290e+00
    -2.04844773e-01 -3.74681473e-01 1.42456567e+00 -7.24915028e-01
    8.92503619e-01 1.47210956e-02 9.34748590e-01 1.29515719e+00
    1.01165009e+00 8.37655663e-02 -3.03309739e-01 7.43728459e-01
    -4.75121230e-01 9.50877666e-01 1.55073547e+00 -3.00956249e-01
    1.20446110e+00 5.55377841e-01 1.40732193e+00 1.01126742e+00
    -3.71391237e-01 9.92329597e-01 -7.20584154e-01 9.41556096e-02
    7.36131251e-01 3.24340880e-01 6.15563631e-01 5.83650947e-01
    -3.27963263e-01 7.06417263e-01 1.13510323e+00 1.23583293e+00
    -2.12333888e-01 3.35758448e-01 -2.46039748e-01 6.04008853e-01
    1.44736743e+00 -2.03566372e-01 -5.95643163e-01 -5.83072901e-02
    -8.57871771e-02 1.19650865e+00 -3.32465410e-01 -6.66185081e-01
    1.69350648e+00 -2.81350642e-01 1.59501839e+00 5.12179732e-02
    6.45321965e-01 -6.07304633e-01 1.13829625e+00 3.55505645e-01
    6.17331743e-01 -3.49076480e-01 4.56158280e-01 1.34474421e+00
    -4.24909174e-01 5.52218676e-01 1.25952601e+00 2.49130130e-01
    6.35346293e-01 1.13364398e+00 9.18115675e-01 1.91072822e-02
    3.58272910e-01 9.19785082e-01 -4.85150695e-01 1.71207380e+00
    1.53564095e+00 1.65292740e+00 7.76680410e-01 6.26561642e-02
    1.24951315e+00 9.60925937e-01 -7.37586617e-02 1.55281234e+00
    2.46107280e-01 1.15658379e+00 5.62616408e-01 5.03819168e-01
    -3.95235419e-02 2.51108885e-01 -8.32107663e-02 -4.11829710e-01
    1.38778853e+00 1.59698904e+00 8.39776635e-01 4.19410706e-01
    -1.93247974e-01 -3.94727319e-01 1.29602909e+00 -2.41405070e-01
    1.21224093e+00 1.05867958e+00 1.36909711e+00 -2.25006402e-01
    8.81472111e-01 -3.56723458e-01 1.42963076e+00 1.46502757e+00
    1.44510221e+00 -6.13580883e-01 5.20350277e-01 8.78638625e-01
    1.25710416e+00 -3.99592519e-02 7.12104082e-01 1.05786681e-01
    -3.07602584e-01 6.99858367e-01 1.05058062e+00 9.52924073e-01
    1.18617916e+00 1.36422396e+00 2.37529337e-01 3.90781462e-01
    1.50502586e+00 -4.54673648e-01 -9.99454260e-02 1.70739949e-01
    1.20052993e+00 3.43365073e-02 8.90768766e-01 1.59690809e+00
    -6.78877711e-01 -2.81399041e-01 4.23373461e-01 -2.58349240e-01
    8.23387504e-02 1.05726719e-01 -5.92912555e-01 1.51351893e+00
    -5.74941397e-01 -2.96552867e-01 3.86125088e-01 3.34204197e-01
    1.11072218e+00 -5.32534242e-01 -9.46695209e-02 6.91747963e-01
    -6.04719937e-01 1.40936160e+00 -2.51915634e-01 -6.28985882e-01
    1.14425719e+00 2.45715618e-01 5.82816362e-01 1.71757853e+00
    -6.03130996e-01 4.99707878e-01 7.17652917e-01 8.29860508e-01
    7.00849771e-01 -6.55889988e-01 -3.39056015e-01 2.85922170e-01
    7.90837705e-01 -2.27093697e-01 -1.29074991e-01 -7.11053669e-01
    1.07989705e+00 -6.34762466e-01 1.68880606e+00 8.41285825e-01
    -4.61819232e-01 -9.72601175e-02 1.25495267e+00 1.24209905e+00
    1.59992504e+00 6.49660170e-01 5.50541222e-01 1.35839474e+00
    -2.09368140e-01 -5.97910821e-01 4.73198235e-01 1.80779457e-01
    -5.36525130e-01 2.87127912e-01 5.13918817e-01 -4.48200285e-01
    8.43790591e-01 6.59022391e-01 1.00001824e+00 5.63190401e-01
    1.39704180e+00 3.83216977e-01 7.35330105e-01 4.19742346e-01
    -3.52098346e-01 8.71024549e-01 1.15948057e+00 6.41928911e-02
    4.29148674e-02 2.48941958e-01 1.29615498e+00 1.66090798e+00
    8.62745106e-01 -6.43686235e-01 1.10446775e+00 9.29665983e-01
    1.67611217e+00 7.05877721e-01 -5.22893488e-01 -7.01595783e-01
    7.71589756e-01 8.95017326e-01 7.48791158e-01 1.65250731e+00
    4.09850180e-01 9.87222791e-01 1.10584474e+00 9.13214862e-01
    1.23279750e-01 1.05557024e+00 -3.81481498e-01 1.32678723e+00
    6.60243690e-01 -4.97077525e-01 1.75314307e+00 8.30675781e-01
    -3.45180750e-01 4.19333994e-01 -4.37052846e-02 -3.21838856e-02
    8.75430226e-01 -3.59957278e-01 7.58887649e-01 8.25339913e-01
    1.72311687e+00 8.04105103e-01 1.09842277e+00 1.61362934e+00
    9.57182229e-01 -6.19713902e-01 9.03762639e-01 -9.15998816e-02
    -5.44690490e-01 -5.55180371e-01 -7.28815913e-01 -2.25048065e-02
    1.40463352e-01 -3.01075906e-01 1.21203721e-01 5.70762157e-02
    7.45981753e-01 1.50544274e+00 3.00595164e-02 1.38459086e+00
    1.31511497e+00 5.80170631e-01 -1.43625915e-01 -7.36679137e-01
    -2.98049510e-01 7.57557213e-01 7.25452542e-01 8.73390079e-01
    9.01157260e-01 5.55390835e-01 1.33378792e+00 8.07460248e-01
    1.59428644e+00 -6.85019314e-01 1.07543635e+00 -6.06146514e-01
    1.03452468e+00 -1.45551980e-01 4.50201094e-01 1.13854194e+00
    1.51275253e+00 1.61189032e+00 8.97077024e-01 1.29048061e+00
    9.40129817e-01 1.45698214e+00 1.46654797e+00 1.11158252e+00
    5.13548434e-01 -5.35534978e-01 3.62620473e-01 1.37904584e-01
    -7.23983347e-01 -1.38338208e-01 2.34263062e-01 5.00651121e-01
    1.26746869e+00 5.62252522e-01 -4.52688783e-01 5.06265223e-01
    -3.79627377e-01 -1.10712409e-01 -1.39768124e-02 1.22449374e+00
    1.79509521e+00 -5.47062397e-01 6.04025722e-01 1.49345207e+00
    -2.92426169e-01 -6.32077456e-02 1.05173278e+00 1.05365038e+00
    8.64474595e-01 9.85385776e-02 1.97084725e-01 3.88630807e-01
    -1.56039417e-01 7.26454258e-01 1.57294500e+00 1.65931463e+00
    -1.37721479e-01 1.30085325e+00 -6.64061129e-01 -5.93764961e-01
    1.34849393e+00 2.05640078e-01 9.65094090e-01 -1.17819548e-01
    1.79074526e-01 9.56658959e-01 1.09741688e-02 1.13993418e+00
    -2.49106228e-01 4.49299097e-01 1.51070774e-01 -3.04811120e-01
    1.33619273e+00 1.16194677e+00 7.42009282e-01 9.10995662e-01
    1.17093062e+00 7.66855001e-01 -4.64526594e-01 -1.38098598e-02
    -5.26867032e-01 -1.26659870e-03 7.66380250e-01 1.11529922e+00
    8.40543211e-01 7.51071393e-01 6.72000527e-01 1.51745784e+00
    -3.77089381e-02 -3.45896065e-01 1.66277790e+00 1.12545729e+00
    5.16079307e-01 6.61227047e-01 6.92087293e-01 1.01577878e+00
    2.45115161e-01 1.50009978e+00 6.92871571e-01 6.02253437e-01
    -2.94372588e-01 3.44183922e-01 -4.18801904e-02 5.15562773e-01
    -7.61633575e-01 1.43422318e+00 2.71407187e-01 1.28946328e+00
    1.69155812e+00 6.95661426e-01 1.62897599e+00 6.70693994e-01
    5.29043853e-01 -5.23302615e-01 3.91763687e-01 5.90911806e-01
    9.91421521e-01 8.57616365e-01 2.44840384e-02 -2.53356099e-01
    1.45395446e+00 -2.85924405e-01 -4.99994934e-01 6.24633014e-01
    1.72616959e-01 7.46853530e-01 1.61971152e-01 9.14742827e-01
    -6.25415742e-01 1.17936063e+00 1.69700384e-01 7.59328127e-01
    7.48972952e-01 -1.01504624e-01 5.99410057e-01 3.25913429e-01
    1.62056184e+00 1.14992929e+00 5.78952432e-02 -5.68372011e-01
    1.16822863e+00 7.56142497e-01 1.57892537e+00 -6.30533576e-01
    2.15978026e-01 3.98452520e-01 1.12582266e+00 1.14035356e+00
    -3.01904321e-01 1.09878898e+00 2.75569439e-01 1.29134893e+00
    -1.13595009e-01 1.62912178e+00 -5.10172844e-01 1.54473794e+00
    1.68447471e+00 5.43487370e-01 -1.23960972e-02 1.07654619e+00
    1.28636312e+00 1.22006798e+00 1.30504775e+00 -3.14063430e-01
    1.64016628e+00 8.36085677e-01 1.14075589e+00 8.44470799e-01
    1.19711399e-01 1.61429477e+00 1.47249317e+00 8.04489255e-01
    1.65997577e+00 6.54285014e-01 2.27088511e-01 1.39730501e+00
    8.53495598e-01 -7.66839981e-02 1.01092839e+00 -6.06541455e-01
    1.47140825e+00 5.71740866e-01 -5.05887449e-01 7.02629626e-01
    1.32598186e+00 1.58102739e+00 1.85591042e-01 -5.16818404e-01
    1.32810473e+00 7.36141026e-01 -4.67140585e-01 9.44281399e-01
    -3.58201534e-01 1.07706594e+00 7.50776529e-01 1.27123666e+00
    -6.78344190e-01 -7.98536539e-02 -6.51914656e-01 4.60848153e-01
    1.47714257e+00 1.14250517e+00 8.05390477e-02 7.04091191e-01
    3.05948377e-01 2.11427629e-01 -3.20462912e-01 3.61059308e-01
    -5.86595893e-01 -4.52658534e-02 -3.32021505e-01 1.13637638e+00
    -4.36524987e-01 -5.33514559e-01 5.81888378e-01 -4.79617059e-01
    -4.33959961e-02 -3.11156958e-01 1.24655676e+00 -1.72697425e-01
    2.51294911e-01 -3.67652565e-01 8.99684191e-01 5.33756673e-01
    2.43896246e-02 6.08943164e-01 -5.80786467e-01 1.96580887e-02
    2.85585523e-02 1.19641948e+00 3.79005194e-01 -1.63232684e-02
    4.69908357e-01 -5.51702499e-01 -7.40339160e-02 1.40253901e-02
    -7.51410604e-01 1.56510544e+00 1.90829158e-01 1.48876750e+00
    8.40745568e-01 3.43068242e-02 5.30736804e-01 1.01150584e+00
    -5.48512101e-01 -1.31611943e-01 -6.89052939e-02 -2.20452666e-01
    1.78387463e-01 8.86058509e-01 6.44313991e-01 1.60502601e+00
    -4.05344427e-01 1.19918823e+00 6.20008886e-01 4.88425553e-01
    -1.29444420e-01 1.45182204e+00 -3.64418924e-01 1.21549773e+00
    8.76039028e-01 -7.34836161e-01 1.22222733e+00 7.19234347e-02
    8.44207406e-02 -1.78119361e-01 7.78766036e-01 1.23738551e+00
    1.32814145e+00 8.19363475e-01 1.41107655e+00 -1.35539293e-01
    -5.76728642e-01 2.66380310e-01 6.85031891e-01 3.07705283e-01
    -4.97125566e-01 7.33088076e-01 -1.18638575e-01 -2.54172027e-01
    -4.55338478e-01 1.06422710e+00 5.41008770e-01 -3.13658953e-01
    1.57238817e+00 -5.91877341e-01 9.36041236e-01 1.84053183e-02
    -5.26668429e-02 -5.47910929e-02 1.18272090e+00 1.26028228e+00
    -1.63910747e-01 -2.87456244e-01 -4.11142588e-01 1.11080098e+00
    1.09225404e+00 1.91248000e-01 -1.23142004e-01 -3.84725571e-01
    1.09157014e+00 -2.34911919e-01 4.89159167e-01 1.08407497e+00
    2.84369171e-01 4.83825386e-01 -2.79385328e-01 3.55638325e-01
    5.32343984e-01 8.36813688e-01 -8.04140568e-02 9.91876304e-01
    9.69550610e-02 6.98762298e-01 1.52612865e-01 1.71944356e+00
    -1.43772721e-01 1.69708323e+00 -5.48987925e-01 1.38699651e+00
    1.14687884e+00 1.57921553e+00 8.87175381e-01 9.52680349e-01
    1.05423701e+00 1.49380147e+00 2.28426218e-01 1.12128961e+00
    1.21431875e+00 3.07873487e-01 1.83938503e-01 -7.30085135e-01
    9.88682210e-01 -1.33248448e-01 3.97944987e-01 2.87736893e-01
    -6.51189268e-01 4.62734520e-01 3.85295331e-01 -2.46319294e-01
    -3.82723719e-01 1.47613740e+00 7.31377006e-02 2.12109447e-01
    1.26707458e+00 -4.80733752e-01 1.87740207e-01 1.20980740e+00
    1.34426284e+00 4.79365945e-01 1.45170045e+00 7.49943316e-01
    5.10269701e-01 6.22153699e-01 4.22354937e-02 -4.27124947e-01
    5.91089666e-01 1.12910283e+00 1.60313368e-01 -5.64025223e-01
    -4.75116074e-01 1.19299006e+00 1.22098756e+00 -7.20820367e-01
    9.21909213e-02 8.30074310e-01 -3.59989583e-01 -6.37654662e-01
    6.18702650e-01 1.71230769e+00 -7.01037884e-01 8.28455448e-01
    1.55725169e+00 1.65532053e+00 3.02733839e-01 1.25104749e+00
    -7.02120125e-01 -1.46172583e-01 -5.35528421e-01 5.84174693e-01
    1.49360538e+00 8.39533150e-01 1.26609385e-01 -2.66687930e-01
    -2.01210737e-01 -1.57639682e-01 1.44350910e+00 1.34905958e+00
    1.21990478e+00 -3.11875939e-01 7.12800980e-01 1.17504597e+00
    1.18532085e+00 -3.53239477e-01 -4.16499197e-01 1.30054545e+00
    7.18235612e-01 7.08432376e-01 1.18997395e-01 -6.66873991e-01
    1.35502648e+00 -1.23038292e-02 1.43521023e+00 4.58912849e-02
    -1.63215578e-01 -2.57373691e-01 1.72248375e+00 6.65092289e-01
    -6.14301860e-01 1.18238294e+00 1.00329459e-01 -2.22700179e-01
    6.56647205e-01 7.06396341e-01 3.28882337e-02 7.21584737e-01
    1.12808657e+00 6.19674504e-01 1.14770842e+00 -3.63894701e-01
    -7.69685626e-01 1.09277129e-01 1.16084623e+00 9.21774268e-01
    1.81707740e-01 5.28775990e-01 3.64428580e-01 1.60615313e+00
    1.66853786e+00 -4.12340492e-01 7.11285233e-01 -6.42301202e-01
    3.22485030e-01 1.11402023e+00 7.11697578e-01 1.70582473e+00
    5.46035707e-01 1.11021876e+00 -2.10347474e-01 -3.75530213e-01
    -3.14550608e-01 1.14962125e+00 -3.36149931e-02 -3.06122988e-01
    9.61320758e-01 -5.35719454e-01 5.29835463e-01 2.05671608e-01
    6.85515225e-01 5.91002107e-02 6.32404685e-02 6.54646695e-01
    -5.78846753e-01 -2.86846340e-01 7.33085930e-01 -1.96865082e-01
    5.93123198e-01 2.59690821e-01 9.79970217e-01 -2.85807252e-02
    1.39186835e+00 -6.23726010e-01 9.96742845e-01 1.76909924e-01
    1.28083229e+00 -4.23016042e-01 6.01896882e-01 1.24778676e+00
    5.61614871e-01 -1.89451039e-01 1.14262295e+00 -5.82516730e-01
    2.67135799e-01 -7.07291067e-01 -4.48316336e-03 1.36845589e-01
    1.26840580e+00 7.34270871e-01 1.11911714e+00 -3.10761929e-02
    7.57221997e-01 4.51265633e-01 -2.31890112e-01 1.59906602e+00
    4.79018688e-03 8.32467020e-01 -6.62163615e-01 4.57527578e-01
    4.83074427e-01 1.32710743e+00 1.34086943e+00 1.62477720e+00
    -3.29609454e-01 -4.57276613e-01 -5.47334790e-01 1.68903136e+00
    1.11193180e+00 7.55929410e-01 7.02700019e-02 -2.82252342e-01
    3.84176791e-01 5.57757974e-01 6.81367636e-01 -2.67837971e-01
    -5.18448949e-01 1.37855673e+00 1.00306594e+00 1.58604407e+00
    1.07863474e+00 -2.36691266e-01 8.46666932e-01 -3.43030542e-01
    1.49601912e+00 8.67293477e-02 1.00293791e+00 -1.88126922e-01
    4.55988228e-01 1.41897798e-01 4.25679862e-01 1.04418349e+00
    1.33331275e+00 2.96723604e-01 4.47061360e-01 1.02700853e+00
    2.44395375e-01 3.75866890e-01 1.02565467e+00 1.64285612e+00
    8.22149873e-01 2.93688774e-01 6.95391834e-01 1.90528154e-01
    8.36606264e-01 -5.75596213e-01 9.79440153e-01 -3.12650532e-01
    1.71944320e+00 1.64084375e-01 1.11366737e+00 -3.23251754e-01
    8.50547969e-01 1.42188632e+00 1.62920475e+00 2.62032449e-01
    -2.04112530e-01 2.93031275e-01 9.62602794e-01 1.13764417e+00
    -6.90497220e-01 1.62222457e+00 -1.31118476e-01 2.96740711e-01
    8.99495780e-01 -6.38976276e-01 -1.01357996e-01 -2.72895545e-01
    1.50891685e+00 1.56908810e-01 -5.95038891e-01 1.68221354e-01
    1.70059288e+00 -2.00763702e-01 -5.70623815e-01 -3.27426225e-01
    7.88142502e-01 1.77883673e+00 -5.56143641e-01 -4.91914123e-01
    1.38021433e+00 1.73760784e+00 1.14696407e+00 1.56968331e+00
    6.50973916e-02 1.25328517e+00 1.19508290e+00 1.85453653e-01
    -6.46573305e-01 -5.90506554e-01 5.56209981e-01 -3.50446790e-01
    1.23977780e+00 1.04551637e+00 8.41067910e-01 7.11253822e-01
    1.69404697e+00 1.52957273e+00 5.85244656e-01 -4.78159338e-01
    6.79121196e-01 1.97089314e-01 -6.52169466e-01 -3.28131676e-01
    -1.78223133e-01 -5.71524978e-01 6.83219671e-01 1.72156000e+00
    1.31294942e+00 1.69317436e+00 -6.41975284e-01 1.58665156e+00
    5.38232625e-01 -3.50715041e-01 3.73072028e-02 1.48679960e+00
    1.49581909e+00 9.32990611e-01 5.04741967e-01 6.43365324e-01
    8.78053844e-01 1.39485598e-01 -6.75887346e-01 -4.51695472e-01
    6.94910884e-01 1.59501886e+00 1.66378856e+00 1.33701897e+00
    1.14003015e+00 -7.49204457e-01 1.55324471e+00 1.09231162e+00
    -2.84188718e-01 1.47992718e+00 1.63228476e+00 -5.05615115e-01
    1.27705550e+00 8.61536145e-01 1.15690672e+00 -9.77653265e-03
    1.53601122e+00 1.30299282e+00 1.49210024e+00 9.62573409e-01
    -5.42348623e-01 9.43970084e-02 9.13500726e-01 6.08999014e-01
    3.55115116e-01 -3.42874706e-01 2.29347944e-02 1.25906968e+00
    1.31991029e-01 1.68689787e-01 -1.70074224e-01 -6.31575882e-01
    9.27571654e-02 2.14559138e-01 -6.61734223e-01 -1.77751243e-01
    9.36866999e-01 -6.41583085e-01 2.04316378e-02 1.53871083e+00
    -3.98118049e-01 -3.99882615e-01 -4.95283663e-01 1.53536856e+00
    1.85799420e-01 9.53615785e-01 3.89109194e-01 4.48699594e-01
    -6.82771087e-01 1.34489679e+00 4.48628008e-01 -5.26037216e-02
    8.34837973e-01 4.97012734e-02 3.44858050e-01 -7.58633971e-01
    7.91196287e-01 -5.69098949e-01 1.45141935e+00 -5.62042892e-01
    1.40717268e+00 1.11115909e+00 9.29883420e-01 1.34828782e+00
    8.78806770e-01 1.48531055e+00 -6.36215985e-01 9.13438797e-01
    1.26672530e+00 -4.42796171e-01 -6.02313519e-01 5.23806632e-01
    8.88454914e-02 -6.99987650e-01 7.55493045e-02 -5.44222713e-01
    1.32275164e+00 2.16346741e-01 -3.31299424e-01 9.11885500e-01
    -4.55746502e-01 1.53628564e+00 4.93538737e-01 3.77829909e-01
    -6.56305909e-01 9.96105433e-01 1.28304362e+00 -4.72084165e-01
    -2.17903614e-01 1.62178111e+00 -6.69250011e-01 5.86849213e-01
    6.48535609e-01 9.42022979e-01 1.53500366e+00 1.03063703e+00
    1.13949466e+00 4.68633354e-01 -7.16899991e-01 3.65693510e-01
    9.33119297e-01 -1.98695004e-01 1.70606554e-01 -5.22636533e-01
    3.76556337e-01 1.17481399e+00 -8.01129937e-02 -6.13108814e-01
    7.43259192e-02 9.62282717e-01 -2.77091771e-01 1.94509745e-01
    1.28916085e+00 5.87823272e-01 -8.54244828e-02 7.03291237e-01
    -6.62433267e-01 1.71867633e+00 -6.73169672e-01 6.84296846e-01
    3.03616285e-01 -5.77164054e-01 2.81506777e-01 3.78543973e-01
    1.54084516e+00 1.36379862e+00 2.53931344e-01 1.30467916e+00
    -2.55504549e-01 1.54352021e+00 7.80929863e-01 7.83082843e-01
    7.48900533e-01 9.68742907e-01 1.55110073e+00 -5.89266837e-01
    -4.15562123e-01 -3.36487919e-01 -3.70844215e-01 -2.38352031e-01
    1.10699654e+00 7.17355013e-02 1.42278123e+00 -3.12042177e-01
    -3.11039805e-01 1.18649507e+00 1.19830823e+00 1.25301909e+00
    1.54781580e+00 2.22178698e-02 8.92129064e-01 -2.20198274e-01
    -2.61402249e-01 4.41233039e-01 1.19482338e-01 1.17645454e+00
    -2.18909264e-01 -2.42667049e-01 7.36465156e-01 1.58761728e+00
    1.35384178e+00 5.63398421e-01 -3.22966188e-01 6.15328014e-01
    -5.47691524e-01 1.58696067e+00 -2.28450656e-01 9.50233579e-01
    2.04311371e-01 9.62984860e-01 -7.08642602e-02 -4.84474272e-01
    7.27194428e-01 -2.03568161e-01 -1.65166318e-01 -1.92043126e-01
    3.65850627e-01 1.81631088e-01 -3.14882547e-01 1.69182599e-01
    -3.28819752e-02 -3.39741856e-01 -2.67310143e-02 4.39607620e-01
    1.37558687e+00 -7.39132524e-01 4.70901728e-01 3.93046081e-01
    -5.24200857e-01 1.54160452e+00 1.54137993e+00 7.58270621e-02
    -3.10585558e-01 7.84218311e-02 1.07434011e+00 -6.74848855e-01
    4.36607420e-01 3.99778605e-01 1.02621531e+00 8.55884075e-01
    -9.68667865e-02 -5.44078588e-01 1.50053966e+00 7.56098449e-01
    -1.19658589e-01 7.46178150e-01 2.05684245e-01 -6.82468712e-01
    3.67048919e-01 -7.36788511e-02 9.64780033e-01 2.91667104e-01
    8.50165486e-01 -2.83576816e-01 -4.46199775e-02 9.57241356e-01
    -5.41661859e-01 3.01731706e-01 5.32169580e-01 1.08486915e+00
    8.87209654e-01 -6.43208921e-01 3.89442384e-01 -1.32117987e-01
    5.48527241e-01 1.17744207e+00 1.18659425e+00 -1.40981376e-01
    7.50730395e-01 1.14484501e+00 -1.95320189e-01 1.40804338e+00
    1.25636637e-01 -4.59334999e-01 1.49688697e+00 7.22096980e-01
    -2.98153162e-02 8.57112586e-01 4.91389096e-01 7.23112226e-02
    1.21806383e+00 1.22171068e+00 -5.18970132e-01 5.08544028e-01
    -5.77922702e-01 6.82225883e-01 -2.34207928e-01 5.22554040e-01
    1.45190048e+00 1.43387449e+00 -7.64518559e-01 6.94626629e-01
    -1.77183867e-01 8.17240834e-01 1.14809942e+00 1.61123013e+00
    -1.13024175e-01 -2.42769361e-01 -7.65616536e-01 1.15874064e+00
    8.67356241e-01 1.13313317e+00 2.17923582e-01 8.57900202e-01
    5.16133666e-01 -2.54757404e-01 1.63840258e+00 1.15202594e+00
    5.73948383e-01 -9.74248052e-02 1.52335238e+00 5.33695042e-01
    6.25830114e-01 -7.39469588e-01 1.28101051e+00 1.08354330e+00
    -2.80714035e-01 -3.19571406e-01 -5.41772008e-01 1.40037668e+00
    9.00827348e-01 1.55903983e+00 9.11791921e-01 9.81658697e-02
    -8.04649591e-02 -2.04257548e-01 5.75362504e-01 1.59477711e+00
    -6.30213380e-01 1.10701311e+00 1.96812630e-01 7.67135322e-01
    8.39245081e-01 3.87376666e-01 -2.43309647e-01 6.27610862e-01
    -4.42348152e-01 1.48526692e+00 1.68379962e+00 4.88039672e-01
    9.38293338e-02 1.24850500e+00 1.05236411e+00 1.83401108e-02
    4.49400425e-01 1.26163602e+00 -3.27249318e-01 1.28698981e+00
    9.69809949e-01 -1.55776858e-01 1.64731479e+00 1.41388583e+00
    -1.62594616e-01 2.43057787e-01 -6.66319668e-01 1.28817558e-03
    1.13752007e+00 1.60033846e+00 1.26761985e+00 -3.34132314e-01
    9.56896484e-01 5.92114747e-01 -7.72169232e-02 -3.29263806e-02
    9.77576971e-01 -3.46149236e-01 -7.47746885e-01 1.30688286e+00
    1.66680193e+00 2.16134071e-01 1.49699986e+00 -1.63604796e-01
    -4.06256884e-01 1.06713235e-01 4.47663546e-01 -1.97627544e-01
    5.53438842e-01 1.95128560e-01 5.44022501e-01 -4.75929290e-01
    7.93190002e-02 1.71145201e+00 -5.81379354e-01 1.18450046e+00
    -2.17106044e-01 9.41164732e-01 1.60567343e+00 1.52288795e+00
    1.16825938e+00 3.64917815e-01 1.26968241e+00 3.71481180e-02
    1.52780163e+00 -4.86496508e-01 -7.42083192e-01 5.84452331e-01
    4.26810384e-02 -2.72645652e-01 1.62411332e+00 1.70666862e+00
    1.69529939e+00 6.32571280e-01 6.18139803e-01 1.47168851e+00
    1.05080116e+00 1.28011990e+00 4.71595943e-01 1.69640708e+00
    6.88108206e-02 6.36570334e-01 -6.53386354e-01 -8.74855518e-02
    1.40858054e-01 6.47829533e-01 7.14095592e-01 6.15810215e-01
    1.23202848e+00 -4.76652771e-01 1.08825111e+00 1.32496858e+00
    7.26504445e-01 -4.28415716e-01 8.95955741e-01 -1.89583898e-01
    6.15649819e-02 -2.65550733e-01 -1.79910660e-02 -7.12447941e-01
    9.63962972e-01 -1.43966556e-01 3.89836609e-01 1.10796881e+00
    1.08945799e+00 2.86014259e-01 1.85645163e-01 5.00351787e-02
    5.46097100e-01 1.21059918e+00 6.97407067e-01 -1.62466705e-01
    8.81350577e-01 1.73350251e+00 9.45878625e-02 1.06521225e+00
    1.24828863e+00 1.72800815e+00 2.13546038e-01 1.07505226e+00
    -1.50394976e-01 1.20340097e+00 1.09248102e-01 1.01023936e+00
    -1.52265072e-01 4.11224306e-01 1.49611425e+00 6.56812429e-01
    8.54476452e-01 -4.43237603e-01 6.99076653e-01 4.33257043e-01
    1.07760251e-01 4.97699559e-01 -5.39852381e-01 5.01060605e-01
    4.49585259e-01 1.04942584e+00 1.60788441e+00 1.00911236e+00
    -1.01383269e-01 5.84438503e-01 -1.21954501e-01 -5.98893762e-02
    -5.48576057e-01 1.06013370e+00 6.00957096e-01 4.59830284e-01
    7.23170221e-01 -2.46628940e-01 -3.92255843e-01 1.66372538e-01
    1.43731380e+00 1.68027806e+00 3.14882934e-01 1.64306784e+00
    1.20500994e+00 -4.29517925e-01 6.49169326e-01 3.61337781e-01
    1.61233997e+00 1.10188389e+00 1.26917326e+00 -6.15538478e-01
    5.77673316e-01 5.68674386e-01 -4.24121618e-02 -5.73610187e-01
    -3.67411911e-01 4.95727897e-01 2.05841184e-01 -2.44115531e-01
    3.15099478e-01 1.30804002e+00 1.74543834e+00 1.88466370e-01
    1.14359558e-01 -2.60522038e-01 9.69190240e-01 -5.05224466e-01
    1.10607982e+00 1.24239326e-02 1.01879573e+00 1.77427769e-01
    7.77029157e-01 -5.46119213e-02 5.66420615e-01 -5.77828407e-01
    9.45587158e-02 -5.20861089e-01 1.68638408e-01 4.54185903e-01
    4.07484472e-01 4.58617806e-01 7.81748056e-01 4.05469418e-01
    -4.96816039e-02 1.44079447e-01 7.06037641e-01 2.38037109e-02
    -4.17122155e-01 -3.33538890e-01 1.01920938e+00 9.46316421e-01
    1.30481875e+00 -6.30631864e-01 6.72709942e-02 4.79711890e-01
    7.26908445e-02 8.64387453e-01 4.75243211e-01 4.98135030e-01
    2.15045989e-01 4.47214305e-01 1.51539552e+00 -6.27722979e-01
    1.06862497e+00 1.91032887e-03 1.18231964e+00 -7.54226506e-01
    8.35727692e-01 1.30641460e+00 -2.46535301e-01 1.32174516e+00
    4.09364343e-01 3.87986004e-01 1.45475113e+00 4.76306915e-01
    1.03478420e+00 4.23598289e-01 4.26160693e-01 -5.33495307e-01
    2.44816363e-01 6.17222190e-01 -6.04844153e-01 -5.82988322e-01
    1.60598230e+00 -3.53720784e-01 1.09823704e+00 7.31184363e-01
    1.57588911e+00 1.02319980e+00 2.41432071e-01 -5.30653954e-01
    -7.30927229e-01 -4.49221611e-01 -5.72247624e-01 2.42621243e-01
    -2.11259902e-01 1.35951877e+00 4.74787533e-01 7.30989575e-01
    1.10009646e+00 -4.24515277e-01 4.52565908e-01 7.19031692e-02
    1.07325912e+00 8.27654004e-01 1.15223885e+00 1.39265823e+00
    5.71475148e-01 1.57374322e-01 7.84587502e-01 1.44052112e+00
    1.35317159e+00 1.43299294e+00 1.26443696e+00 8.18406641e-01
    7.14427054e-01 9.89310682e-01 6.49058878e-01 -2.48789072e-01
    -1.64795458e-01 -3.42541128e-01 1.72693372e+00 4.69884098e-01
    3.30104709e-01 -3.54965329e-02 4.34236884e-01 1.70924985e+00
    1.03071666e+00 1.04155076e+00 1.47142529e+00 8.23934913e-01
    6.81610882e-01 -5.65614402e-01 1.50258327e+00 -3.96663368e-01
    -3.67292345e-01 -1.76031590e-01 1.66771555e+00 1.38457322e+00
    3.93854380e-02 3.78810585e-01 1.22636962e+00 1.38828087e+00
    -4.17401344e-01 -7.08076358e-02 9.75359082e-02 1.36394405e+00
    9.22209561e-01 -2.67533809e-01 2.43046999e-01 1.31933999e+00
    -5.38636148e-01 -5.59105217e-01 2.59450197e-01 -6.00182652e-01
    -2.68750250e-01 1.31183970e+00 1.13762021e-02 1.64916205e+00
    -3.43885541e-01 1.65629935e+00 1.47272623e+00 1.17852998e+00
    1.27643704e+00 -1.37732089e-01 1.17142296e+00 -3.27931076e-01
    1.14089966e-01 6.38292134e-01 1.00649679e+00 7.33096302e-01
    1.27232146e+00 1.39850831e+00 -3.92102271e-01 1.06414342e+00
    -1.00444913e-01 -7.23664463e-01 1.47238958e+00 1.76743329e-01
    1.14180851e+00 -3.41419071e-01 1.12271130e+00 -1.26807928e-01
    4.44257855e-01 8.05799723e-01 -1.67253077e-01 8.76209199e-01
    1.17863226e+00 5.07539272e-01 -5.53836942e-01 1.15311706e+00
    1.02996445e+00 -6.74286962e-01 5.12501717e-01 1.12419331e+00
    1.10787177e+00 1.62775612e+00 5.58326542e-01 8.58048618e-01
    3.37367594e-01 1.98345661e-01 -2.65925735e-01 6.49574399e-02
    1.42725396e+00 -1.70266390e-01 5.33528328e-01 6.30467892e-01
    1.30827236e+00 -5.70713460e-01 -4.18910980e-02 1.29233837e+00
    4.66785014e-01 1.59571767e+00 3.64736497e-01 4.53287423e-01
    -5.62937260e-01 9.23137605e-01 1.12547195e+00 7.05355287e-01
    1.44178438e+00 2.20276117e-01 1.13268137e-01 -1.52330816e-01
    -1.21991694e-01 -3.43566358e-01 1.16701603e+00 1.41517353e+00
    -1.53435349e-01 1.63353658e+00 7.13775158e-01 1.08352637e+00
    7.85421669e-01 -5.20031869e-01 -4.48876649e-01 1.30310047e+00
    -2.58020759e-02 -4.86287951e-01 1.41361213e+00 1.37126684e-01
    1.47945631e+00 1.03802741e-01 1.54020250e-01 7.41657376e-01
    5.34020782e-01 1.27369046e+00 4.20154929e-01 -4.34189349e-01
    -1.42700434e-01 6.23015583e-01 -4.91283953e-01 -1.84685230e-01
    1.66452193e+00 1.60884213e+00 1.62619913e+00 1.42433786e+00
    -5.29565215e-01 9.87226129e-01 -4.67218667e-01 1.12688971e+00
    6.68396235e-01 5.17402947e-01 1.14200997e+00 7.86541820e-01
    1.68088722e+00 1.37326598e-01 1.00993133e+00 5.39021432e-01
    7.35296726e-01 -1.08703375e-02 6.49673343e-02 1.67514229e+00
    -6.19305611e-01 7.16786921e-01 8.61972332e-01 1.19493020e+00
    8.34511101e-01 -2.55741149e-01 9.42505896e-01 -3.15899253e-02
    -1.01351738e-02 -5.27426124e-01 1.17473650e+00 1.34602046e+00
    3.48747075e-01 7.14071989e-02 -4.71711159e-01 1.69064331e+00
    9.20540392e-01 5.80142379e-01 6.07647896e-01 7.81405449e-01
    7.02668548e-01 1.21236539e+00 1.57163835e+00 -4.83450949e-01
    1.34321749e+00 5.65926909e-01 -4.59998280e-01 -4.83167768e-02
    8.05398822e-02 1.27764225e+00 1.29074323e+00 -5.50095916e-01
    -3.94440562e-01 5.77803254e-01 -6.23292208e-01 3.68248224e-01
    1.49292564e+00 1.70585442e+00 -3.24335366e-01 -6.84949756e-02
    -4.20654505e-01 -3.87137830e-01 7.36925781e-01 9.40294623e-01
    -2.75674284e-01 1.58397841e+00 -7.33625650e-01 1.50652266e+00
    1.20737433e+00 6.19110644e-01 -6.93797410e-01 4.63879585e-01
    -5.75672865e-01 4.00232077e-01 -1.36845708e-02 -1.67441368e-02
    -1.99347436e-01 -6.99158132e-01 1.35010493e+00 8.29591930e-01
    1.57141888e+00 1.40332782e+00 -5.93136907e-01 -1.02142453e-01
    -4.05396461e-01 1.14698315e+00 -2.53455639e-02 -5.14967561e-01
    1.68259788e+00 2.86014676e-01 -3.55865091e-01 1.24546123e+00
    2.33409405e-01 -6.16980910e-01 2.44500041e-01 1.33540201e+00
    -5.75206101e-01 1.74438119e-01 -1.37123287e-01 7.13008404e-01
    -4.71184433e-01 -7.00433850e-02 1.63651419e+00 1.07797670e+00
    1.11080861e+00 1.18796122e+00 -2.89684802e-01 -6.87972128e-01
    6.33275151e-01 -4.38972682e-01 3.53851497e-01 -4.34575379e-01
    3.20845187e-01 1.41899276e+00 1.20964646e-01 1.13832927e+00
    1.76856506e+00 1.58207703e+00 1.52649140e+00 4.71782029e-01
    1.50976062e-01 9.07598555e-01 7.44764209e-01 8.37505102e-01
    2.87829936e-01 1.72264743e+00 -1.91876471e-01 5.91674447e-02
    1.02011395e+00 -2.75479466e-01 -1.49081409e-01 -6.80136144e-01
    1.56515765e+00 1.40836287e+00 -1.43919170e-01 8.30658138e-01
    9.46632326e-01 -3.38972092e-01 -5.38585663e-01 5.81335962e-01
    6.79949522e-02 4.17911887e-01 -5.70686162e-01 1.30539072e+00
    2.62918532e-01 -6.36236966e-01 1.67278862e+00 1.34340441e+00
    6.60497308e-01 1.05915725e+00 1.32102180e+00 1.52099729e-02
    2.66929150e-01 1.37593031e+00 1.65114880e+00 5.13130426e-01
    -4.66089904e-01 -5.55639267e-02 4.88199413e-01 -5.41600168e-01
    9.49142277e-01 -6.25649273e-01 1.22510195e+00 8.15395713e-01
    9.54394698e-01 9.70194936e-01 5.86905718e-01 2.48651206e-01
    5.02103209e-01 2.14847147e-01 1.61673975e+00 5.08311391e-01
    8.54370415e-01 2.62095153e-01 5.52817702e-01 1.66981471e+00
    -5.48208952e-02 1.48450851e+00 1.61283016e-01 -7.48586535e-01
    -2.60634720e-01 8.69124293e-01 -3.57044816e-01 1.55020189e+00
    7.40267277e-01 -2.55169570e-01 9.96356130e-01 1.27807891e+00
    5.83548903e-01 1.64643312e+00 9.90319431e-01 1.63361430e+00
    -2.02027440e-01 9.40360308e-01 -3.80153060e-01 2.62333095e-01
    1.51495576e-01 8.34622741e-01 1.43051219e+00 -5.06623149e-01
    -5.49389124e-01 1.12212467e+00 5.14547408e-01 1.18024063e+00
    9.26633477e-01 1.74536276e+00 9.82896090e-02 5.93426168e-01
    1.43909192e+00 3.05372477e-02 -1.96032822e-01 1.16833234e+00
    -1.86411440e-01 1.65753365e+00 1.36834407e+00 -8.77315402e-02
    1.16395342e+00 7.75964141e-01 6.44717455e-01 1.90898061e-01
    1.63713360e+00 -5.29267490e-01 1.68997407e+00 1.15206075e+00
    -5.77407360e-01 2.92915046e-01 -1.81650043e-01 1.48666906e+00
    7.17804432e-02 -5.22694468e-01 -3.46263051e-02 6.82159066e-01
    3.86963725e-01 -2.23617196e-01 3.34060669e-01 -3.46276373e-01
    1.25425029e+00 1.18826926e+00 4.69008207e-01 1.07680476e+00
    2.81112909e-01 2.23120034e-01 1.39839220e+00 2.36565232e-01
    -5.25086343e-01 7.25428581e-01 6.91798091e-01 -4.53021973e-01
    -8.36564898e-02 3.85883987e-01 7.95205534e-01 1.48701262e+00
    8.00809801e-01 1.63578308e+00 1.15107608e+00 4.58513498e-02
    1.27084470e+00 1.53259444e+00 5.03142059e-01 3.51054430e-01
    2.02882290e-01 1.05317712e+00 1.29668391e+00 6.30318582e-01
    7.72029519e-01 3.73039305e-01 -6.54689193e-01 1.13634038e+00
    1.30920303e+00 1.40022779e+00 1.72834027e+00 1.41034365e-01
    1.55350161e+00 4.58573699e-02 -6.15756214e-01 7.86645293e-01
    1.17468429e+00 8.67834568e-01 5.05221546e-01 9.29719865e-01
    1.18492150e+00 4.52601194e-01 -6.44217432e-01 -1.10754967e-01
    -8.70788097e-02 1.09611845e+00 6.90764189e-02 1.55831623e+00
    1.25818920e+00 1.57489240e+00 3.92674804e-02 3.80514622e-01
    1.54084074e+00 7.57985890e-01 2.31630504e-01 8.16638470e-02
    1.39039373e+00 6.10360742e-01 7.69668102e-01 9.76094306e-01
    6.14665926e-01 -7.14859366e-01 1.13088667e-01 -4.78705883e-01
    -3.15278649e-01 1.58903694e+00 -7.35576212e-01 -5.92302561e-01
    2.28601694e-02 1.39809000e+00 4.38668191e-01 -2.68157274e-01
    7.49604404e-01 1.80489779e-01 1.54637992e+00 8.62874150e-01
    4.62657452e-01 3.14348519e-01 1.49229598e+00 1.08808351e+00
    1.68554926e+00 -5.35829067e-01 3.59462500e-02 5.55309474e-01
    8.11911881e-01 9.01625276e-01 -1.13855958e-01 6.38143718e-01
    4.54596341e-01 -2.67633587e-01 5.49754679e-01 -4.46326345e-01
    -6.92617893e-01 -7.33546555e-01 1.41613376e+00 5.75297475e-02
    5.63299239e-01 1.35534108e+00 1.57358384e+00 3.07150364e-01
    -4.39610422e-01 6.57125115e-01 6.32792711e-03 6.90705061e-01
    7.77089655e-01 -2.75899351e-01 -5.23421109e-01 3.35910439e-01
    9.92646873e-01 8.64389360e-01 -3.45961750e-01 3.64956021e-01
    1.53616273e+00 -1.93290055e-01 1.06738746e-01 1.19068050e+00
    -2.87917465e-01 3.26535046e-01 3.72043431e-01 5.46462834e-01
    6.37392819e-01 1.43667674e+00 1.72965205e+00 4.91469681e-01
    1.19601572e+00 1.11835003e+00 1.09344161e+00 -1.24668777e-01
    7.00284958e-01 1.52868438e+00 7.94595361e-01 1.68382871e+00
    -4.40324515e-01 -1.98002458e-01 8.30165446e-01 4.14512753e-02
    9.00083303e-01 1.42019987e-01 -2.30650961e-01 1.13165402e+00
    1.70788407e+00 -5.74388802e-01 -5.38159251e-01 -3.58521998e-01
    2.91687846e-02 1.57344818e+00 5.65608919e-01 -2.77881145e-01
    1.95185840e-01 3.70872557e-01 8.75523567e-01 -4.57126677e-01
    -3.19831580e-01 2.14446783e-02 5.16371846e-01 9.65431333e-02
    1.24975872e+00 1.03500366e+00 4.42721248e-01 1.00810647e+00
    -3.98944736e-01 -2.21231282e-01 4.90266860e-01 1.25744867e+00
    9.29824412e-01 2.63256133e-01 1.38939440e-01 -2.01933980e-01
    1.64989948e+00 1.06138635e+00 1.10880327e+00 1.44887602e+00
    1.38736272e+00 7.90032268e-01 -5.62665999e-01 -3.98210078e-01
    -2.45212048e-01 1.55821526e+00 -5.93326330e-01 1.36511731e+00
    2.04253495e-01 1.13674521e+00 -4.36416447e-01 1.05200088e+00
    1.08318388e-01 8.12412620e-01 -5.23012877e-02 1.93471253e-01
    7.67275095e-01 -3.93755853e-01 4.28769767e-01 -4.27337795e-01
    -6.56340122e-01 -3.70323598e-01 1.19165492e+00 -4.74501878e-01
    6.69488311e-01 9.91748214e-01 -4.94347632e-01 -9.51076150e-02
    8.20749938e-01 8.83429587e-01 -3.30160618e-01 1.30254221e+00
    -2.07956910e-01 1.10775888e-01 8.29578698e-01 8.27935517e-01
    -2.95596570e-01 1.33591557e+00 -3.24058175e-01 1.18395400e+00
    -6.89335346e-01 4.27497923e-01 5.75789034e-01 1.69317102e+00
    -6.91172659e-01 1.42898691e+00 -5.88690877e-01 2.50218451e-01
    8.78480494e-01 -4.20769840e-01 1.49889684e+00 4.23659384e-01
    1.37102938e+00 2.04321980e-01 3.06872070e-01 -5.11000514e-01
    -1.87545240e-01 -3.86931479e-01 1.55164790e+00 -2.41593122e-02
    -1.92515671e-01 1.69778585e+00 1.68782568e+00 1.33405876e+00
    1.45023608e+00 5.61634660e-01 -1.71996057e-01 1.13132012e+00
    -4.26103055e-01 7.89570212e-01 1.60998452e+00 1.15576124e+00
    5.32414794e-01 1.15172577e+00 1.28290904e+00 1.44338846e+00
    1.19432580e+00 -3.44694048e-01 2.58175910e-01 1.22944760e+00
    1.09767544e+00 1.16751361e+00 -2.85417080e-01 -6.07908607e-01
    7.70828784e-01 -5.31193137e-01 -1.98963404e-01 1.85236454e-01
    1.69344807e+00 -2.40278333e-01 -8.93766880e-02 4.09107268e-01
    1.47744918e+00 1.65013289e+00 -3.44749093e-02 1.56419873e+00
    4.45660055e-01 -4.75317657e-01 -6.89056277e-01 1.14640546e+00
    1.18460679e+00 1.42399073e+00 2.40342438e-01 1.20157862e+00
    -2.51429051e-01 1.71494782e-01 1.27728295e+00 -5.88631094e-01
    -1.78689897e-01 -1.71163082e-02 -3.12272310e-02 -5.60478687e-01
    1.50341487e+00 6.08960509e-01 -1.86582983e-01 9.53983366e-01
    -6.38490975e-01 -4.92512822e-01 1.53886175e+00 1.72832072e-01
    -7.37165213e-02 -4.17495221e-01 1.25325143e-01 8.09308887e-01
    7.50401735e-01 4.16548312e-01 7.76271999e-01 -1.79150343e-01
    -6.34579659e-01 -2.37685055e-01 1.45270443e+00 1.07389092e+00
    9.18455482e-01 1.19952130e+00 1.57034564e+00 -5.49875557e-01
    2.82991529e-01 1.05599689e+00 1.15749991e+00 1.43923450e+00
    1.14100230e+00 -2.65144646e-01 7.09235311e-01 1.03038669e-01
    1.38619637e+00 1.71569967e+00 2.25817859e-01 4.23996568e-01
    1.49202204e+00 -4.42761719e-01 1.62733400e+00 4.87959981e-02
    -1.51699245e-01 1.41091132e+00 1.26960993e-01 6.06585920e-01
    1.30904520e+00 1.57715070e+00 1.32669115e+00 8.26452374e-01
    5.75646937e-01 -5.68871140e-01 3.17773223e-01 1.47539783e+00
    9.85881090e-01 1.42135572e+00 1.32645226e+00 -6.78545892e-01
    -5.14206409e-01 -1.54373825e-01 3.45981002e-01 7.75160789e-02
    1.64047062e+00 6.68826520e-01 7.54763186e-01 -1.67958796e-01
    -2.65593529e-02 -4.20844644e-01 9.81008530e-01 1.56151593e-01
    -5.86148381e-01 -2.55772591e-01 -9.75406766e-02 1.54428124e-01
    9.56368327e-01 1.36312795e+00 -3.78843755e-01 1.33876514e+00
    9.07406509e-01 -8.45358968e-02 -5.27768493e-01 -2.41837651e-01
    2.57929027e-01 -1.16887093e-01 -7.11608708e-01 -5.51709175e-01
    -7.85388350e-02 1.24164677e+00 1.56160700e+00 4.77141917e-01
    -4.14232641e-01 5.25435209e-02 6.37970209e-01 1.42639995e+00
    1.70733976e+00 -2.94856519e-01 -5.92178822e-01 -2.33012855e-01
    1.05695176e+00 3.47422600e-01 -4.01040167e-01 1.13894546e+00
    4.72704947e-01 1.69088912e+00 6.16236806e-01 1.27235460e+00
    -6.59026206e-01 9.73216891e-02 6.01773679e-01 4.20767486e-01
    -5.40966988e-01 -9.37926769e-03 -1.93319440e-01 -6.55187070e-01
    -4.25918818e-01 9.39950764e-01 -2.71000296e-01 1.24278343e+00
    1.63078427e+00 1.59649587e+00 9.43825305e-01 -5.09796143e-02
    1.26371193e+00 -3.73315930e-01 1.53595877e+00 1.05697334e+00
    -6.56904757e-01 1.29763317e+00 1.46118116e+00 1.26363528e+00
    1.64412224e+00 1.36956728e+00 8.62996578e-01 1.47455621e+00
    -5.89020133e-01 9.25173223e-01 -1.27172887e-01 -1.97484493e-02
    -2.06850708e-01 7.85830557e-01 2.24965811e-02 3.09369922e-01
    6.36679590e-01 6.97920024e-01 1.18170607e+00 -3.02767277e-01
    4.78256166e-01 3.22289169e-01 4.32869554e-01 3.43014538e-01
    -5.58451951e-01 6.63803339e-01 7.39020705e-02 8.39060903e-01
    8.29562068e-01 3.48774850e-01 1.28239775e+00 1.14007294e+00
    -4.72840279e-01 1.54475892e+00 3.97122085e-01 2.17645824e-01
    -4.44499016e-01 1.45217419e-01 2.63778567e-02 2.93295145e-01
    7.50371516e-01 5.62089086e-02 1.40635538e+00 5.43338478e-01
    -5.24888635e-01 -2.70577669e-02 -5.70354462e-01 1.56768227e+00
    7.00668275e-01 -7.54597843e-01 9.11615193e-01 4.64042425e-01
    6.53137267e-01 1.39118314e+00 1.45691800e+00 6.44666910e-01
    3.79150152e-01 6.12281680e-01 5.92326760e-01 -2.05734968e-01
    5.22896767e-01 4.57266390e-01 2.77833641e-01 -5.23476422e-01
    4.62151110e-01 5.06744862e-01 1.25480962e+00 1.61095524e+00
    6.88127339e-01 1.03418362e+00 -6.72695458e-01 1.32456541e+00
    5.68199754e-01 7.42018819e-01 7.49908209e-01 -6.78555131e-01
    5.00723958e-01 1.00450206e+00 1.45381165e+00 1.24267292e+00
    6.47816062e-01 -3.91601682e-01 -6.74848557e-01 5.69396496e-01
    1.46764767e+00 -2.19259858e-02 -6.58943594e-01 1.53387785e-01
    6.39984608e-01 -6.69390321e-01 1.39684463e+00 -4.17449683e-01
    5.43536365e-01 1.55228376e-02 -8.98010731e-02 1.22683835e+00
    -6.58285439e-01 3.45334709e-01 5.54616749e-01 2.19966173e-02
    8.81794393e-01 6.81794584e-01 6.54203892e-01 8.48334134e-01
    1.65484524e+00 1.63553846e+00 5.30555069e-01 1.99708581e-01
    -1.40471339e-01 -3.96403760e-01 3.77783537e-01 1.24388301e+00
    -7.13011324e-01 1.79175794e-01 1.31377447e+00 -2.11953998e-01
    1.15253747e-01 -6.44772112e-01 1.65741825e+00 1.60790658e+00
    1.53916645e+00 1.69588566e+00 -5.48358560e-01 -6.47331297e-01
    1.52991128e+00 -7.42959976e-02 1.58073115e+00 -2.09936857e-01
    -1.86391830e-01 1.26754558e+00 1.67086780e-01 1.03786469e+00
    1.19742417e+00 1.99508071e-02 1.31139088e+00 -2.04940647e-01
    1.47604048e-01 3.46389413e-02 -5.65347910e-01 1.37797046e+00
    -4.23306912e-01 -6.44528627e-01 1.03261244e+00 7.23637521e-01
    1.41134572e+00 1.47672892e+00 7.90677845e-01 -4.43259299e-01
    -6.18730128e-01 6.02953434e-02 2.95231998e-01 3.46535742e-01
    -6.84471011e-01 1.44360268e+00 4.28432286e-01 7.01575756e-01
    -1.33184254e-01 1.24786329e+00 9.17777777e-01 9.93958533e-01
    1.26546550e+00 1.59429145e+00 -7.13297307e-01 3.64865541e-01
    6.25408590e-01 1.95863724e-01 -1.60773277e-01 4.23349500e-01
    -1.91817284e-02 1.76532125e+00 2.78779507e-01 1.33176756e+00
    -1.61414027e-01 7.43373930e-01 4.58173513e-01 -6.33236885e-01
    1.60622597e-01 -5.83075225e-01 -5.18035233e-01 7.75159001e-02
    6.56108320e-01 1.03613842e+00 1.04668427e+00 1.58904576e+00
    6.82153225e-01 -7.60589898e-01 -2.19377398e-01 5.73686302e-01
    1.67242956e+00 -3.07460874e-01 1.06093121e+00 1.47522330e-01
    9.57396328e-01 9.38135266e-01 2.63111234e-01 6.52508736e-02
    1.19536471e+00 7.58340538e-01 4.65042830e-01 1.09882832e+00
    1.31302357e+00 1.31102681e-01 2.47799695e-01 -3.34899068e-01
    -6.16071224e-01 1.05075431e+00 6.79468989e-01 5.33494473e-01
    1.41896427e+00 -6.43006742e-01 1.12337697e+00 1.01214957e+00
    5.03604174e-01 7.65070796e-01 -4.49367821e-01 -1.77138329e-01
    1.18292713e+00 1.24266422e+00 5.26782274e-02 1.32145071e+00
    1.17643178e+00 9.04214621e-01 1.35959268e+00 1.90516949e-01
    4.19989824e-01 -1.66751981e-01 -8.04386139e-02 -5.68188071e-01
    7.98293948e-02 -2.40430683e-01 4.30667996e-01 -2.03977942e-01
    1.97374821e-03 6.05633795e-01 -3.82315189e-01 1.77108979e+00
    -4.87591326e-01 1.40822077e+00 2.06815362e-01 -4.62253094e-02
    7.91669071e-01 -5.36400497e-01 -4.33088869e-01 3.38534474e-01
    -2.26019979e-01 3.39787245e-01 1.40043712e+00 4.99913931e-01
    1.53867340e+00 1.09397233e-01 7.34102428e-01 -2.38837004e-01
    1.21750379e+00 -6.81677759e-01 8.72841954e-01 1.05872726e+00
    1.22473860e+00 -8.42319727e-02 1.56585193e+00 -2.12555528e-01
    8.06896091e-01 -4.89027590e-01 -3.29829723e-01 -3.02351117e-02
    2.04178989e-01 4.81801867e-01 1.15828204e+00 1.16136563e+00
    8.02257478e-01 1.18101716e+00 6.01417720e-01 1.42227221e+00
    1.75687361e+00 8.73105168e-01 7.82818258e-01 8.03349257e-01
    5.28791070e-01 2.54667819e-01 -5.61611056e-02 -4.42261487e-01
    1.88863933e-01 -4.40852642e-02 7.03076363e-01 1.70882988e+00
    8.54647994e-01 5.30572534e-01 -6.39791846e-01 -6.45961165e-01
    1.69508839e+00 -7.10915685e-01 1.04116368e+00 1.12373948e+00
    6.33001685e-01 1.21390224e-01 8.59995663e-01 1.05111217e+00
    -6.32745028e-01 1.25253248e+00 1.30736589e+00 -1.46480739e-01
    1.62359309e+00 4.82622802e-01 1.60840344e+00 1.09441245e+00
    -6.23797894e-01 6.14854634e-01 2.23330736e-01 4.76669073e-02
    1.65680170e-01 1.31838989e+00 1.54414868e+00 -4.70712423e-01
    1.76925445e+00 -6.95728242e-01 7.65412152e-01 1.08390164e+00
    -2.67815590e-01 2.64955938e-01 -5.30915618e-01 1.25847352e+00
    5.77593684e-01 2.87299156e-02 -1.31959736e-01 1.15839922e+00
    -3.35236698e-01 9.63738680e-01 1.26376462e+00 1.47353292e-01
    -4.65484738e-01 1.25313973e+00 6.57651424e-01 4.67012882e-01
    -2.71204114e-02 1.33555532e+00 -6.83430791e-01 1.67969871e+00
    -4.42807019e-01 8.39030862e-01 1.60576344e+00 -3.44779670e-01
    1.01014495e+00 7.34959781e-01 1.68138492e+00 6.94209099e-01
    2.77368426e-02 -2.23104477e-01 1.45943522e+00 4.98456955e-02
    1.00009418e+00 1.27337527e+00 1.30002022e+00 8.16601515e-03
    7.91354954e-01 -1.18892789e-01 -3.59242320e-01 4.60862994e-01
    -6.94428265e-01 1.12752318e-02 -1.10485077e-01 9.80231166e-01
    9.48169589e-01 1.51064396e+00 1.21034908e+00 1.50832891e+00
    2.64440536e-01 1.46720326e+00 -3.82299662e-01 -3.68907094e-01
    -2.36390233e-02 2.84781575e-01 9.64288771e-01 1.67830372e+00
    1.25576913e+00 1.18393850e+00 -8.72659683e-02 -5.80466986e-01
    -1.68224454e-01 -4.40688252e-01 -5.51114678e-01 1.11800742e+00
    2.36266255e-01 7.64969289e-01 3.66507173e-02 1.38049722e-02
    1.37740278e+00 1.67325282e+00 9.48554695e-01 -2.15776891e-01
    6.90986693e-01 1.31732941e+00 -6.10270977e-01 4.01218534e-01
    1.56911075e+00 -3.84700298e-01 -1.50215387e-01 8.79559636e-01
    1.72872221e+00 1.30001998e+00 1.09210312e+00 6.31642580e-01
    2.20346868e-01 -9.83896852e-02 1.10383570e+00 1.74313796e+00
    1.91124797e-01 1.60148144e-02 -6.15186214e-01 1.62082934e+00
    -3.10286939e-01 4.73063648e-01 -5.15580654e-01 -2.57072747e-01
    -5.41127801e-01 -1.28701270e-01 1.57132852e+00 -3.28526437e-01
    2.15416014e-01 -4.30292368e-01 1.65313315e+00 5.49708188e-01
    6.84166551e-02 -6.04950666e-01 2.59264171e-01 3.14942896e-01
    1.35058999e-01 3.53482068e-01 -2.93160081e-02 -5.86444736e-02
    -5.99747896e-02 -1.17089748e-01 -3.82415056e-02 9.72235203e-03
    -3.25872064e-01 5.58513999e-01 1.58280206e+00 1.13567567e+00
    -6.17616117e-01 7.96489716e-01 7.05770254e-02 -6.11392260e-02
    3.59591007e-01 1.02734685e+00 -1.42821729e-01 1.24795365e+00
    1.20631444e+00 -1.90019608e-02 1.33351064e+00 4.41726625e-01
    1.39834952e+00 1.31384659e+00 -5.54892063e-01 -1.33472502e-01
    1.23300648e+00 6.65966153e-01 -3.93873215e-01 -5.76740265e-01
    1.49692273e+00 1.21259713e+00 -6.40037656e-02 4.23398316e-01
    1.62050128e-02 1.11387634e+00 2.22255647e-01 1.14438272e+00
    1.05108142e+00 1.06923401e+00 -9.67810750e-02 -2.76406258e-01
    2.64983594e-01 -3.58772635e-01 8.36736202e-01 1.17476916e+00
    -1.95834517e-01 1.25429392e+00 5.58594584e-01 4.99410272e-01
    6.58159792e-01 -3.42144668e-01 4.25874531e-01 7.63012290e-01
    -6.32541835e-01 9.52887118e-01 -1.18487954e-01 -5.51113486e-01
    -3.50260764e-01 1.34013486e+00 -2.88393408e-01 1.73657405e+00
    -5.39222240e-01 -2.76167870e-01 -1.28720462e-01 -4.95383322e-01
    3.73100936e-01 3.72539878e-01 3.69691908e-01 1.69793367e-02
    1.71608877e+00 -5.16529858e-01 1.22137702e+00 -1.69751406e-01
    8.80557954e-01 9.16073263e-01 8.16948473e-01 8.12993646e-02
    2.24466622e-01 1.47540259e+00 2.57659554e-01 -1.58603013e-01
    1.48272860e+00 1.71180785e-01 -6.78637445e-01 1.19613338e+00
    4.98539925e-01 1.09977829e+00 -1.77372932e-01 1.70016921e+00
    1.47640002e+00 1.52032375e+00 -3.23705047e-01 7.87270308e-01
    6.84846282e-01 -4.81546581e-01 8.79276335e-01 1.10777676e-01
    -2.43233383e-01 1.56335056e+00 -6.16449773e-01 8.46484840e-01
    -5.80660105e-02 6.99236512e-01 -5.02203584e-01 1.02567148e+00
    1.91695213e-01 9.15556848e-01 -1.09544396e-02 5.97480893e-01
    -1.15205646e-02 1.39413571e+00 9.77879345e-01 3.64153147e-01
    1.64101839e+00 1.08673728e+00 3.45888793e-01 1.01655734e+00
    1.39470041e+00 1.68207705e-01 6.37859464e-01 1.03385377e+00
    -8.31513405e-02 2.91324914e-01 5.75428545e-01 1.12173724e+00
    1.36699915e+00 1.09193599e+00 1.08176088e+00 -1.58603191e-01
    1.11556149e+00 6.42204702e-01 5.16592622e-01 1.64237082e+00
    1.16829252e+00 -4.93507504e-01 7.44627118e-02 -1.52151525e-01
    -7.02381492e-01 1.42499614e+00 1.63906491e+00 1.14124572e+00
    1.69951248e+00 -6.05612159e-01 3.78813028e-01 -1.92758739e-01
    1.46254539e-01 2.88921714e-01 1.09594154e+00 5.19842744e-01
    3.34817529e-01 -4.25024837e-01 -4.26884949e-01 1.55025673e+00
    9.79552984e-01 1.34015083e-01 -2.62900740e-01 1.09015846e+00
    3.02131474e-01 -6.10931337e-01 1.18705821e+00 1.41210055e+00
    2.99124777e-01 1.24623978e+00 1.65575063e+00 1.36519134e+00
    1.83487296e-01 3.97280455e-01 1.12340713e+00 -6.69446349e-01
    -1.64694011e-01 -1.34929061e-01 -6.59524202e-01 6.12985373e-01
    -1.66109920e-01 5.28088212e-01 -6.69250488e-01 8.95875096e-02
    2.74097562e-01 -6.89265728e-02 -2.64214903e-01 -5.51781178e-01
    -4.68354821e-01 1.40516710e+00 1.19423068e+00 3.52561295e-01
    -2.73167104e-01 -6.12212360e-01 1.18080378e+00 8.66390407e-01
    8.02712083e-01 -5.87976098e-01 2.44472265e-01 5.29108047e-01
    5.12666762e-01 1.16959870e-01 1.58633995e+00 1.06038713e+00
    1.03024518e+00 4.62648451e-01 3.55794907e-01 1.32004428e+00
    7.55702853e-02 -5.27590752e-01 1.16476464e+00 8.38683724e-01
    8.88707817e-01 5.51406085e-01 1.45318246e+00 1.68618608e+00
    9.57825840e-01 7.71923065e-01 1.47780824e+00 -3.51396054e-01
    6.85918331e-01 1.82465851e-01 -6.48113608e-01 1.42448413e+00
    1.51811862e+00 1.53678226e+00 1.62043333e+00 -1.17080569e-01
    -3.11753750e-01 5.39017797e-01 1.67223597e+00 1.00919890e+00
    6.46557450e-01 1.18813586e+00 2.65902817e-01 4.60357964e-01
    4.88332987e-01 -2.05722213e-01 1.76435149e+00 1.41880631e+00
    -6.76833928e-01 1.16460288e+00 4.81145859e-01 7.66694546e-04
    -6.09780788e-01 -1.82601988e-01 4.70877767e-01 -6.80098236e-01
    -3.17228138e-01 -1.72017872e-01 1.33913493e+00 4.24285650e-01
    1.39445806e+00 -5.96310675e-01 1.52223825e+00 2.22437441e-01
    1.50200379e+00 -1.75865889e-01 5.36121190e-01 -1.40441537e-01
    -3.74337852e-01 1.70356798e+00 2.58479059e-01 3.71966839e-01
    1.43477297e+00 -1.32853389e-02 1.70860434e+00 1.19269514e+00
    -3.46901298e-01 -3.93747717e-01 4.80884790e-01 3.16098571e-01
    -8.97783041e-03 8.57338309e-02 1.45880651e+00 5.82574725e-01
    8.70811939e-03 1.63996446e+00 3.66750598e-01 -4.54277903e-01
    4.81205344e-01 -8.83491635e-02 1.38577414e+00 -7.16492414e-01
    1.39071751e+00 1.51327336e+00 1.64081895e+00 3.46857309e-03
    1.63400316e+00 1.26285887e+00 1.29072869e+00 2.54291356e-01
    5.16451001e-02 1.61180604e+00 -6.07819378e-01 1.39188766e-01
    1.19086671e+00 8.46141875e-01 1.49493814e+00 1.06785154e+00
    8.64172757e-01 1.22640657e+00 -6.90832496e-01 1.71261573e+00
    8.28459620e-01 -1.68546498e-01 -4.01962489e-01 5.31100631e-02
    1.23506093e+00 1.13674378e+00 7.81703293e-01 5.02109289e-01
    1.31506813e+00 -2.14031249e-01 -6.74629271e-01 -5.85655570e-02
    1.03414130e+00 -2.16291547e-01 1.56899035e+00 1.70610571e+00
    -4.42800254e-01 6.82451129e-02 -2.65254110e-01 9.75266278e-01
    1.26585484e+00 7.78518319e-02 6.97741032e-01 6.57786727e-01
    -1.27421618e-02 1.57399392e+00 1.02974701e+00 -3.65046263e-01
    1.56338799e+00 1.70402718e+00 1.56718993e+00 1.16703057e+00
    1.28553414e+00 3.35731506e-02 1.51295161e+00 4.98500228e-01
    -1.68014288e-01 1.27006912e+00 3.70907545e-01 7.70097673e-01
    -8.59096646e-02 1.43299603e+00 6.20702028e-01 9.24935699e-01
    4.32863832e-01 5.77521026e-01 -3.77848297e-01 1.33084249e+00
    7.95021653e-02 -1.69753253e-01 2.12724984e-01 2.93781400e-01
    1.14091802e+00 -2.34675407e-02 -6.08167529e-01 -5.23892045e-02
    1.45125270e+00 7.90441096e-01 2.92914331e-01 1.24167776e+00
    6.04131222e-01 1.54667592e+00 7.17468858e-01 1.23447227e+00
    1.50642741e+00 1.74792528e-01 2.60994494e-01 -1.42548084e-02
    2.09232509e-01 1.69486666e+00 -7.14461148e-01 -4.91336823e-01
    3.84635866e-01 1.44363689e+00 4.03738916e-01 -6.54434443e-01
    1.07300687e+00 1.40485382e+00 6.60573840e-01 1.46687341e+00
    -1.42575264e-01 8.73502493e-01 1.85982764e-01 -6.74255371e-01
    -2.23157406e-02 1.49387240e-01 3.68465781e-01 1.20670259e-01
    1.60667133e+00 -1.94039643e-01 8.92848313e-01 -4.10943091e-01
    5.66129982e-01 1.25386310e+00 7.49707699e-01 1.37671113e+00
    7.68583834e-01 1.36514521e+00 2.03068674e-01 4.53806281e-01
    6.06934249e-01 1.49468660e+00 2.57798135e-01 -4.59223121e-01
    -6.42677188e-01 1.40026522e+00 -6.55348957e-01 -3.76722008e-01
    4.70780373e-01 4.96985674e-01 -4.27887946e-01 1.13322973e+00
    2.17790663e-01 3.00798833e-01 2.94859052e-01 -6.20733798e-01
    1.67299950e+00 -6.54668808e-01 -1.64618731e-01 9.83374953e-01
    4.87293005e-01 7.76728630e-01 1.69913352e+00 4.88985956e-01
    -9.04986858e-02 2.07852721e-01 4.48777914e-01 -2.18807697e-01
    1.36881113e-01 1.03495049e+00 -2.57235825e-01 1.77094340e-02
    -4.75241542e-01 -6.38176024e-01 -5.36713362e-01 6.19234025e-01
    1.31926179e-01 1.62496924e-01 3.09178352e-01 -6.84430659e-01
    -7.25524187e-01 7.23877549e-02 1.61153424e+00 -1.04719400e-03
    1.32692742e+00 1.10314846e+00 1.36469364e+00 8.95100534e-01
    1.66685402e+00 1.38314462e+00 -7.09142745e-01 -4.73191589e-01
    -8.63715410e-02 -2.10022986e-01 -5.06522536e-01 -6.86552644e-01
    -3.89977068e-01 -1.05862737e-01 1.26273680e+00 -4.08739269e-01
    -5.62186301e-01 7.93080151e-01 1.47299767e-02 1.42494047e+00
    -3.15754890e-01 1.71290469e+00 1.53176069e+00 5.17709732e-01
    1.09274054e+00 -1.95831716e-01 2.96244919e-01 2.61320949e-01
    -4.61739898e-01 -6.21163130e-01 -3.05398256e-01 1.45059061e+00
    1.44079137e+00 9.37549651e-01 -5.82340956e-01 -2.29177475e-02
    1.47868121e+00 -1.51791573e-01 -4.40554887e-01 8.39686930e-01
    -5.93282580e-01 5.13215542e-01 -6.58961296e-01 1.46718454e+00
    6.54489040e-01 1.35969222e-01 -3.28485847e-01 8.27648222e-01
    5.28010905e-01 1.74726665e-01 6.37784839e-01 1.01008964e+00
    3.03320706e-01 4.76125598e-01 1.19724011e+00 1.04465079e+00
    1.10483003e+00 6.89169168e-02 4.58877027e-01 -4.78334099e-01
    -4.44719583e-01 8.75070870e-01 -4.46760446e-01 1.58571529e+00
    7.02634513e-01 -2.39387006e-01 4.59469914e-01 9.65119779e-01
    1.42227221e+00 4.42300439e-02 -5.31656921e-01 1.30583739e+00
    -4.93754566e-01 1.56694055e+00 1.11093950e+00 1.06882739e+00
    1.93955243e-01 -4.50100929e-01 1.12579262e+00 1.51952827e+00
    1.00909615e+00 4.54592705e-03 1.38547111e+00 1.72492194e+00
    8.20638418e-01 -1.49164796e-01 -4.73969430e-01 1.12271690e+00
    3.34666908e-01 9.60084200e-01 3.54559839e-01 -6.05540812e-01
    -1.22633517e-01 4.16812956e-01 7.20739365e-04 4.45160270e-01
    1.66531456e+00 9.52901065e-01 -3.22917253e-01 1.70952463e+00
    1.62862885e+00 -1.63974822e-01 4.57509518e-01 5.37490845e-02
    1.59774637e+00 1.12488949e+00 -5.96427798e-01 -3.23680580e-01
    1.61273158e+00 1.34772873e+00 6.48231864e-01 9.56805170e-01
    -5.71148634e-01 5.93476713e-01 2.22903788e-01 7.84370422e-01
    1.21571457e+00 -2.53640115e-01 1.27911854e+00 1.63573289e+00
    4.62197423e-01 -5.13393879e-02 7.54660547e-01 1.44055891e+00
    4.62074041e-01 4.03623939e-01 1.06076908e+00 -5.54714561e-01
    9.95630622e-01 7.23622143e-01 8.95444870e-01 7.64415741e-01
    -6.71647131e-01 9.23482418e-01 6.78878665e-01 1.38881469e+00
    1.04534602e+00 -6.60159826e-01 1.21938193e+00 2.11056054e-01
    -3.04513663e-01 1.11697888e+00 3.54741454e-01 1.67012310e+00
    1.56809735e+00 9.61584449e-01 1.44016814e+00 9.39796448e-01
    1.05972123e+00 -4.47664857e-02 7.91870475e-01 -2.75846660e-01
    -2.44037747e-01 8.84735227e-01 -4.84038591e-02 1.66489387e+00
    1.00686991e+00 1.56642926e+00 -1.31789386e-01 1.67837882e+00
    1.64526224e-01 -4.64593947e-01 -1.14297092e-01 8.63915682e-02
    4.75046217e-01 -1.49067640e-01 -7.63511658e-02 1.10118914e+00
    -3.33200723e-01 -6.72676980e-01 -6.62026048e-01 -1.00734830e-02
    1.27003610e-01 9.06640887e-02 2.59563982e-01 -6.03405476e-01
    1.16007972e+00 1.41870260e+00 7.27617919e-01 1.02184105e+00
    -6.74516082e-01 -5.95865369e-01 6.94362938e-01 1.68717146e+00
    9.33186591e-01 -2.41481930e-01 6.78959131e-01 4.16504264e-01
    6.43517315e-01 8.78561437e-01 1.23506558e+00 -1.12850428e-01
    -5.81386030e-01 1.49269652e+00 1.55122471e+00 4.66854572e-01
    1.02281141e+00 7.66296029e-01 9.69079554e-01 1.54563963e+00
    1.68501806e+00 1.27531433e+00 1.18998265e+00 9.64021504e-01
    1.20982671e+00 1.30373383e+00 7.09190249e-01 6.86214864e-01
    3.47552299e-02 1.45632958e+00 -3.28657806e-01 2.06523597e-01
    1.26863718e+00 -6.22816622e-01 9.07155871e-01 7.84189463e-01
    1.42491043e+00 -6.73997283e-01 1.48147452e+00 -6.26755118e-01
    -6.14582896e-01 -5.19803941e-01 4.75358784e-01 1.40574026e+00
    -5.09965420e-03 1.74916506e+00 6.97164595e-01 1.33221650e+00
    -6.54285073e-01 1.44387794e+00 -1.44741595e-01 1.54477739e+00
    6.11137748e-01 -1.06400430e-01 9.46345150e-01 6.16057932e-01
    -3.59848469e-01 1.48521209e+00 4.58973050e-01 1.16370392e+00
    -7.46968210e-01 2.85428762e-03 -7.41288662e-02 1.61023688e+00
    -5.24642766e-01 5.37150383e-01 1.61635256e+00 1.42999959e+00
    1.70774281e-01 6.54049039e-01 -3.28929424e-02 8.41738224e-01
    5.25975406e-01 1.21113110e+00 6.59424901e-01 -5.25184095e-01
    6.72791362e-01 1.23198771e+00 1.26483870e+00 -3.95974904e-01
    -9.35286283e-02 1.75888848e+00 8.00490439e-01 -3.88571650e-01
    8.38509262e-01 1.39197659e+00 4.26003039e-01 1.69955540e+00
    1.66635573e+00 -2.72174358e-01 9.07359183e-01 6.88483715e-01
    -3.56889039e-01 8.06647539e-01 1.24345827e+00 -6.29573822e-01
    1.47584522e+00 1.56573188e+00 5.74351370e-01 -4.80506033e-01
    1.58925557e+00 -2.17172325e-01 6.13631546e-01 -5.61335683e-01
    1.38160181e+00 1.39825273e+00 7.34410405e-01 2.19700634e-01
    -5.31889200e-01 -1.50711298e-01 1.37693286e-01 -5.20944893e-01
    7.31094658e-01 -5.62905788e-01 1.54494762e+00 5.90588212e-01
    7.62368083e-01 -5.11516094e-01 -1.11007154e-01 -9.45231318e-02
    7.47989893e-01 8.99313569e-01 5.75582802e-01 4.39691663e-01
    3.52364779e-03 1.47661996e+00 7.17816949e-01 -2.50323296e-01
    1.02373552e+00 -4.58645821e-01 9.50198770e-02 1.13508332e+00
    1.47406924e+00 -5.38569331e-01 1.19669223e+00 7.72902846e-01
    1.26032054e-01 1.65733099e-02 1.55712557e+00 1.44990802e-01
    -2.10833788e-01 8.38766038e-01 3.33034217e-01 9.65851724e-01
    9.69323397e-01 9.03896570e-01 7.61249125e-01 -1.11479938e-01
    1.10445917e+00 1.28459573e+00 -3.62064332e-01 1.48634195e-01
    8.16431761e-01 1.44762635e+00 -2.27216482e-02 1.03083181e+00
    3.59055400e-01 1.46552980e-01 1.55978608e+00 1.59119010e+00
    5.31778157e-01 1.31892335e+00 -4.30649698e-01 1.63097596e+00
    1.27707255e+00 1.37914801e+00 -4.70586389e-01 1.38462806e+00
    5.64471960e-01 1.60329628e+00 -2.21272200e-01 -4.12967414e-01
    1.61036110e+00 -4.62330192e-01 -5.90916276e-01 1.13830566e-01
    8.50459933e-02 -2.78520852e-01 -4.11073416e-01 1.33630097e+00
    3.42809558e-02 5.52836120e-01 -1.62234247e-01 7.83849776e-01
    1.32028246e+00 1.43365669e+00 8.93519759e-01 7.86753237e-01
    1.58453226e-01 -5.51922560e-01 1.69623291e+00 9.67143834e-01
    1.09176946e+00 1.67903352e+00 -3.57646853e-01 1.54277802e+00
    -6.79816365e-01 -3.33905160e-01 1.31848824e+00 1.40920103e+00
    1.21729243e+00 1.27428102e+00 3.06189179e-01 4.70688164e-01
    -5.08095086e-01 1.21139956e+00 -6.44173026e-01 9.07737792e-01
    1.13655472e+00 -6.00490570e-01 -4.46339190e-01 4.94564950e-01
    7.82126367e-01 -6.96120739e-01 1.55992222e+00 -5.60150087e-01
    1.25978291e+00 2.12346792e-01 2.07127154e-01 -7.15532482e-01
    9.58904684e-01 -4.45917428e-01 -1.78874135e-02 -3.20921034e-01
    -4.24697071e-01 -6.94519162e-01 1.29070306e+00 -3.48639935e-01
    1.48620713e+00 1.17535472e+00 5.96905828e-01 -2.60213256e-01
    1.32114697e+00 7.22045660e-01 1.31756115e+00 -2.08643615e-01
    1.09800768e+00 -6.42307162e-01 -2.23988891e-02 3.07567000e-01
    -2.17904985e-01 2.69344032e-01 -5.72156906e-03 7.55382776e-02
    -5.32724857e-02 1.47254753e+00 8.18001211e-01 -3.42223853e-01
    1.56264246e+00 1.10487485e+00 1.24975765e+00 8.82963181e-01
    7.12269902e-01 -6.58894062e-01 -5.97749472e-01 1.38710141e+00
    9.37619746e-01 5.64882576e-01 -2.01819956e-01 3.12932491e-01
    1.04779196e+00 1.21985459e+00 2.23034143e-01 7.20252633e-01
    7.64501870e-01 1.17512989e+00 -1.37536168e-01 1.06678748e+00
    3.54895175e-01 3.35804939e-01 1.53762889e+00 9.00581717e-01
    9.77716684e-01 -4.90102977e-01 8.32689822e-01 1.35581756e+00
    4.69541669e-01 -1.49398327e-01 1.45465863e+00 -4.47152317e-01
    4.62796450e-01 1.34975624e+00 1.95925236e-01 -4.93369281e-01
    4.39541817e-01 1.67500579e+00 1.06194174e+00 -9.00975466e-02
    4.69685137e-01 -5.47898591e-01 6.71685338e-02 -7.09711552e-01
    3.20280075e-01 6.67931676e-01 -1.06230557e-01 6.73702180e-01
    1.65566134e+00 3.64672661e-01 -6.26426637e-01 4.05117571e-01
    -3.93387139e-01 -2.09205091e-01 -5.85385799e-01 2.28674412e-02
    -5.87619305e-01 1.34982657e+00 8.89797270e-01 2.67407000e-01
    1.01536453e-01 -5.18681705e-01 2.51794577e-01 9.69315231e-01
    -5.51153839e-01 9.61140394e-01 6.00843966e-01 -4.24108088e-01
    1.80417299e-02 3.17099214e-01 1.12865448e+00 1.44557047e+00
    -2.15915084e-01 1.57851624e+00 1.70587182e+00 9.53222513e-01
    4.46144819e-01 1.72307086e+00 1.21442080e-01 -3.80061805e-01
    1.41080785e+00 -2.25920081e-02 1.42860270e+00 6.72576606e-01
    -5.31621695e-01 6.12274647e-01 1.45135164e+00 7.08964527e-01
    1.66028750e+00 6.53744340e-01 -2.07652807e-01 -6.48094714e-01
    7.21408725e-02 4.04295921e-02 -2.04175889e-01 6.01529121e-01
    1.71075249e+00 1.55963707e+00 -7.21191108e-01 8.55617940e-01
    4.48946178e-01 1.67861640e+00 1.71754479e+00 1.53134036e+00
    2.09252954e-01 4.84251916e-01 1.00689971e+00 -3.84458303e-01
    6.29640460e-01 1.28291130e+00 1.60526264e+00 -1.72984004e-01
    1.42924798e+00 -3.34175974e-01 2.77761281e-01 -7.11772144e-01
    -3.67421776e-01 -4.07319665e-01 1.20034027e+00 -5.42759836e-01
    4.68043327e-01 4.64109480e-01 2.78686881e-01 1.15709734e+00
    -1.66888773e-01 7.83871651e-01 1.73127234e+00 -1.89132512e-01
    4.64998364e-01 1.22722030e+00 -2.56023914e-01 -2.08504915e-01
    1.41802609e-01 -4.81047422e-01 2.89921403e-01 3.25358510e-01
    8.37652981e-01 -6.66726291e-01 1.38695860e+00 5.48733950e-01
    1.60548377e+00 -7.08808243e-01 -2.03600168e-01 -9.11632180e-02
    1.39722347e-01 1.02612054e+00 -4.54057425e-01 -3.76825333e-02
    1.24596155e+00 -3.76123875e-01 6.72172189e-01 -4.84710991e-01
    9.50073719e-01 4.64218855e-03 1.58884895e+00 -3.37939262e-02
    1.22183800e+00 3.79233897e-01 1.15145707e+00 -5.77238917e-01
    2.36396492e-01 1.18254590e+00 1.48806453e+00 1.23925865e-01
    1.59422994e-01 1.63553119e+00 -6.49635851e-01 5.90854824e-01
    9.64875519e-01 -1.10251307e-01 8.11117649e-01 1.34174097e+00
    5.68714380e-01 7.14667916e-01 5.46437562e-01 -5.95255256e-01
    9.47546542e-01 -1.90740466e-01 2.24773347e-01 -1.82382047e-01
    8.00444663e-01 1.09532595e+00 -9.96360183e-02 -2.01922655e-02
    7.88022637e-01 7.71359801e-02 1.08948231e+00 -8.19794536e-02
    1.68462825e+00 1.17773652e+00 2.74636269e-01 -4.96800095e-01
    -2.61653453e-01 7.95552492e-01 1.21068573e+00 -1.21756017e-01
    1.11286497e+00 -2.89668560e-01 -5.21816611e-02 1.12828553e+00
    -7.12389588e-01 6.53888166e-01 -6.14074945e-01 5.99265456e-01
    -9.44055319e-02 -6.47103429e-01 7.43911207e-01 1.10058391e+00
    -2.79429525e-01 7.27427185e-01 -5.17215431e-01 8.90690386e-01
    -5.10690570e-01 1.73856521e+00 4.67698097e-01 1.68864846e+00
    -3.11011821e-01 3.22218180e-01 3.63690257e-01 9.64141846e-01
    1.12832308e+00 4.45744216e-01 4.99635696e-01 1.44339204e-01
    -4.11078513e-01 -4.76196110e-01 1.53075576e+00 -2.83501536e-01
    8.55087399e-01 8.28758836e-01 4.14278209e-01 8.57408226e-01
    3.86406660e-01 1.01005864e+00 -1.34667277e-01 1.65501511e+00
    1.69642639e+00 1.70015466e+00 -6.75425589e-01 1.47419786e+00
    8.65155876e-01 8.23851466e-01 -4.72914964e-01 2.75890052e-01
    9.75625515e-02 2.26872861e-01 2.94230580e-01 5.28522670e-01
    -2.24111557e-01 -5.88072598e-01 5.02064347e-01 1.28569627e+00
    -5.09949863e-01 -2.18802094e-01 1.60985625e+00 1.48641777e+00
    6.43431664e-01 -4.78830516e-01 7.86581337e-01 -3.22486103e-01
    1.11113191e-02 3.38637590e-01 1.31085789e+00 1.16507602e+00
    5.34604311e-01 1.60000086e+00 9.23736274e-01 4.79833484e-02
    1.34284544e+00 1.03808379e+00 3.59852672e-01 1.65498137e+00
    6.71166003e-01 -3.76311898e-01 1.39431798e+00 9.98137653e-01
    1.06548393e+00 1.55019021e+00 1.41484976e+00 9.56272840e-01
    3.03278387e-01 1.66052699e+00 1.66738343e+00 5.23557961e-01
    1.79522276e-01 1.63055241e+00 -6.69700801e-01 9.03609395e-01
    1.22137833e+00 -6.47824049e-01 -2.32954681e-01 1.52319837e+00
    -7.55166173e-01 4.71875668e-02 -4.66323495e-02 6.38096929e-01
    1.23454857e+00 9.47166264e-01 1.08724880e+00 1.23757148e+00
    4.14009571e-01 2.05110013e-01 -6.56057954e-01 6.71697855e-02
    9.80029762e-01 1.15411973e+00 9.96610522e-01 3.14077735e-01
    5.13789177e-01 2.83693969e-01 8.95126104e-01 1.45225132e+00
    2.84968019e-01 1.67811620e+00 1.32479358e+00 1.98667645e-02
    -5.31727374e-01 1.58851588e+00 1.26491523e+00 1.42017603e+00
    -2.37380385e-01 1.14431167e+00 6.28503025e-01 9.61882293e-01
    1.46539307e+00 -5.75813770e-01 1.54457569e-01 7.81758726e-01
    1.47166586e+00 1.43357539e+00 1.39455986e+00 2.72340953e-01
    1.50900400e+00 1.12077630e+00 -5.85583985e-01 -5.95692456e-01
    -3.55503738e-01 -3.90753746e-02 8.04690838e-01 1.00446701e+00
    1.68337226e+00 3.07445168e-01 5.61542690e-01 -5.92377722e-01
    -6.07009351e-01 1.12248683e+00 1.00100756e+00 8.83357882e-01
    1.24061739e+00 -4.23387200e-01 4.25293744e-01 1.46641290e+00
    -4.74145830e-01 1.12407708e+00 -5.28949142e-01 3.06830287e-01
    -4.15337920e-01 2.11473048e-01 1.65455031e+00 8.85385573e-01
    1.60637259e+00 -4.58296567e-01 1.02815747e-01 -3.33775103e-01
    -5.80910802e-01 1.84866369e-01 9.17420983e-02 -6.91458523e-01
    5.23081362e-01 -1.33509755e-01 2.08225548e-01 3.57360840e-01
    8.03030729e-02 3.18832159e-01 1.70596647e+00 -6.20864272e-01
    1.09240389e+00 1.91603243e-01 2.11353838e-01 4.50780392e-01
    4.54506874e-02 8.97126496e-01 1.45479786e+00 1.19620144e+00
    5.54153919e-02 5.57091534e-01 -2.89707333e-01 1.36476088e+00
    -4.51426268e-01 1.23976374e+00 -7.38661945e-01 1.18948531e+00
    1.68915939e+00 1.35501194e+00 -2.12130249e-01 -1.04291320e-01
    1.03603506e+00 1.78887725e-01 1.19784522e+00 1.09876990e+00
    1.72549367e+00 -4.58361745e-01 -8.82954597e-02 4.86157656e-01
    1.67992997e+00 1.56702852e+00 7.39122212e-01 1.06309271e+00
    5.80555320e-01 9.53105152e-01 -2.83446461e-01 1.05936933e+00
    -2.21240401e-01 6.32910430e-01 -7.07330227e-01 -6.62664890e-01
    1.51213181e+00 7.90385187e-01 1.28225815e+00 1.08927011e+00
    -7.38925517e-01 1.37134552e+00 4.36467648e-01 -1.75409853e-01
    2.83781290e-01 -2.01511621e-01 1.16327834e+00 6.10564888e-01
    -5.44707775e-01 1.71399379e+00 8.78542364e-01 -2.22729295e-01
    1.49560308e+00 6.26242697e-01 -3.42331737e-01 -4.58044648e-01
    -4.74549830e-01 1.36565709e+00 -4.34030294e-01 4.03996527e-01
    4.51323986e-01 1.62508762e+00 -2.72101760e-02 8.84500921e-01
    5.68862498e-01 1.30256689e+00 1.76800847e+00 1.32436407e+00
    4.44851518e-01 -5.30707836e-02 -5.64800322e-01 2.23721743e-01
    3.60751212e-01 9.17193115e-01 8.94234061e-01 -4.67565030e-01
    2.05772519e-01 5.54104269e-01 1.25335622e+00 -1.13289952e-01
    5.93157232e-01 -1.63942754e-01 -2.83386141e-01 1.38005042e+00
    8.51195812e-01 1.40801179e+00 4.33710039e-01 1.47161472e+00
    1.15251470e+00 9.60984349e-01 -4.65699792e-01 -4.17001873e-01
    5.86418688e-01 -1.89883351e-01 -5.59246600e-01 -6.61625087e-01
    -5.30579865e-01 8.09638977e-01 4.32681501e-01 1.60025108e+00
    2.30304718e-01 8.38582993e-01 -7.14246571e-01 -6.17240548e-01
    -1.17314994e-01 -7.09615350e-01 1.60512829e+00 8.90150785e-01
    -1.68418467e-01 8.69494796e-01 1.39445806e+00 1.34086668e+00
    1.68962061e+00 2.39461243e-01 -4.15237665e-01 -5.63317418e-01
    -5.35159290e-01 1.41829157e+00 1.73438787e-01 -3.85257602e-01
    -6.05630457e-01 5.29793322e-01 6.51578665e-01 -2.06747055e-01
    -3.59151155e-01 7.36740530e-01 7.03567088e-01 1.14724672e+00
    7.85750568e-01 1.00395358e+00 6.20873928e-01 3.20994854e-02
    -6.56163096e-01 5.49597979e-01 1.92287326e-01 1.25503206e+00
    6.36851728e-01 5.39009571e-01 -1.80303872e-01 1.44962573e+00
    -7.58816600e-02 -1.56781137e-01 -1.77451253e-01 5.24998188e-01
    4.63042796e-01 -1.97039306e-01 1.07397938e+00 -7.31731057e-02
    5.78695714e-01 1.13902390e+00 8.31475258e-02 5.30261219e-01
    1.35794055e+00 6.12824917e-01 3.77428889e-01 -4.38138187e-01
    -6.14380062e-01 -6.52391791e-01 -5.62939703e-01 -4.87760633e-01
    -1.94621682e-01 9.93811548e-01 -3.79144818e-01 2.02649832e-01
    7.86987066e-01 -5.99680483e-01 2.99709558e-01 7.35172808e-01
    1.12338305e+00 4.75668550e-01 1.52000523e+00 1.00581479e+00
    5.32342315e-01 8.31990302e-01 1.45372367e+00 9.32144761e-01
    6.12449288e-01 2.85250962e-01 4.46984410e-01 7.63978481e-01
    -2.40101993e-01 8.13425720e-01 4.45646048e-01 4.75771189e-01
    1.42361450e+00 2.80944943e-01 8.86583805e-01 -1.87046111e-01
    1.77881598e-01 4.63355362e-01 1.38407981e+00 1.29558086e+00
    1.53147054e+00 -3.84457827e-01 1.29496217e-01 -4.03292298e-01
    9.82825518e-01 8.25467706e-01 6.61090434e-01 -3.49351048e-01
    -5.59862196e-01 7.86697388e-01 -5.09060025e-01 -3.27962637e-03
    4.84851122e-01 -5.19292235e-01 8.22895110e-01 1.73091853e+00
    1.19331026e+00 -1.38127327e-01 -4.81704593e-01 -6.36174440e-01
    -6.54227495e-01 1.42236376e+00 9.28543210e-02 1.19722044e+00
    1.51693153e+00 1.66246176e+00 -4.54916954e-01 8.57092023e-01
    -3.53473723e-01 -2.51295239e-01 -4.16024446e-01 -3.40813369e-01
    -5.59281826e-01 8.82149816e-01 1.25816965e+00 7.49921203e-02
    5.00105321e-01 1.17676735e-01 5.63741326e-02 1.55436397e+00
    1.43171644e+00 1.29194856e+00 -1.35045946e-01 1.51399302e+00
    5.39188862e-01 1.20266914e+00 -5.95568180e-01 6.17806315e-01
    5.78421354e-03 1.58562374e+00 2.97536075e-01 1.11857367e+00
    -5.58475673e-01 1.47202969e-01 -6.38139248e-02 8.01964879e-01
    -3.02486181e-01 -6.16495609e-02 1.56562984e+00 -6.16334915e-01
    1.43546093e+00 -5.00657678e-01 6.68458998e-01 1.38996172e+00
    1.00140464e+00 1.31890655e-01 7.76460707e-01 1.44725943e+00
    1.68208134e+00 -1.84279978e-01 1.44279861e+00 4.91931856e-01
    4.35765445e-01 -6.95900857e-01 1.34016776e+00 6.00717306e-01
    1.04432154e+00 1.52244008e+00 6.39599979e-01 -3.26737165e-02
    -9.06711817e-02 5.81471860e-01 1.65752077e+00 3.55922639e-01
    1.40684867e+00 -9.59067345e-02 -3.11070263e-01 -4.51290607e-02
    -4.08255249e-01 2.81067729e-01 -4.67046440e-01 1.08485818e-02
    -6.02451444e-01 1.39293766e+00 1.34745550e+00 3.37486386e-01
    3.30834568e-01 -6.73278511e-01 5.29720545e-01 5.28675199e-01
    1.47595477e+00 -6.43389702e-01 7.04789996e-01 -3.96199822e-01
    1.50345206e-01 1.47225809e+00 5.94132543e-01 3.87089610e-01
    7.35505879e-01 1.12028432e+00 -1.02362633e-01 1.52696109e+00
    8.60989094e-04 4.18678522e-01 3.56716931e-01 -5.38862705e-01
    8.19997489e-01 2.18710065e-01 6.69123590e-01 2.89848745e-01
    6.08288646e-02 -5.73974371e-01 5.90521872e-01 1.34596348e-01
    4.79857624e-01 7.67225504e-01 1.67538023e+00 -6.02366328e-01
    -1.22242212e-01 1.70453382e+00 2.43073404e-01 9.76575255e-01
    3.94624829e-01 -4.74326134e-01 8.78864884e-01 -6.14337802e-01
    -1.59586608e-01 -7.22014844e-01 1.57317400e-01 3.68569493e-01
    4.90013063e-01 7.46634245e-01 1.18609405e+00 1.66771388e+00
    9.70885694e-01 2.09572256e-01 9.23471272e-01 8.92132521e-01
    8.59501958e-01 9.05138850e-01 1.66516364e-01 -2.16807634e-01
    -4.08847004e-01 -2.08394080e-01 9.13588762e-01 8.42324853e-01
    8.05010617e-01 -2.75575519e-02 -6.06859505e-01 1.13716698e+00
    1.01830339e+00 -5.29528141e-01 -4.44905221e-01 1.68654490e+00
    2.07671463e-01 1.26214230e+00 -5.18458724e-01 -7.24479735e-01
    -1.19696558e-01 1.59910285e+00 1.50270104e+00 8.65423024e-01
    -1.81330025e-01 1.16515088e+00 8.33235979e-01 8.62774253e-02
    -4.70257223e-01 2.33569562e-01 -5.05336642e-01 1.74097419e-01
    7.68776238e-01 -6.71978533e-01 1.57496071e+00 1.24828613e+00
    1.08226299e+00 1.71729064e+00 6.38285577e-01 -2.18625367e-01
    -4.13478404e-01 5.43630660e-01 -3.97238463e-01 -5.68591118e-01
    3.54707003e-01 1.26523137e-01 6.49789572e-01 7.38901198e-01
    1.35636210e+00 3.00146699e-01 7.74603724e-01 4.64468241e-01
    3.17350566e-01 2.59066939e-01 -3.46009880e-01 2.62135625e-01
    8.53040099e-01 2.05023468e-01 -3.98645014e-01 1.18287873e+00
    1.69746280e+00 1.99086905e-01 -1.33730710e-01 6.54823661e-01
    -7.02883363e-01 6.70553088e-01 -2.66490579e-02 1.13075137e+00
    -3.28612924e-01 -2.18275785e-02 1.38423371e+00 8.38357449e-01
    7.59676576e-01 1.35729241e+00 3.10106277e-01 -2.18325853e-01
    7.16902196e-01 6.33108795e-01 7.99414575e-01 3.43493819e-02
    -3.60800654e-01 6.13385439e-03 1.05890679e+00 8.31205487e-01
    -5.13984680e-01 1.07721066e+00 -4.51357365e-02 1.30037653e+00
    -1.38867974e-01 -3.29467654e-02 1.75066805e+00 4.95485067e-01
    1.28154540e+00 6.96389735e-01 -1.89424545e-01 4.74648118e-01
    1.34366393e-01 -9.91753340e-02 -6.35201693e-01 -2.74267763e-01
    1.76897264e+00 6.08202577e-01 -4.94060636e-01 7.71049738e-01
    3.72902453e-01 1.32817745e+00 -1.31327808e-01 5.77459872e-01
    1.35039079e+00 9.11700010e-01 1.56066060e+00 1.57222843e+00
    1.42407680e+00 1.08580709e-01 -4.67434615e-01 3.99395049e-01
    9.93341625e-01 6.36596501e-01 1.65384507e+00 -3.31821144e-01
    -4.59968835e-01 1.16211343e+00 9.20821011e-01 1.02417707e+00
    5.75155020e-03 1.51946330e+00 5.79888105e-01 2.77864099e-01
    8.14033687e-01 5.84934890e-01 1.57801616e+00 2.01494932e-01
    -4.06800926e-01 5.74844062e-01 3.51496875e-01 4.48305488e-01
    5.93246639e-01 -4.73804682e-01 -5.10708809e-01 2.64634371e-01
    1.44695568e+00 -6.45880818e-01 -3.46898049e-01 -3.84533316e-01
    1.16161764e+00 -6.33381724e-01 1.12678170e+00 1.37571573e-01
    -3.74465764e-01 -3.56252819e-01 1.04498315e+00 1.49471068e+00
    3.57165337e-01 -4.03107017e-01 -6.85697615e-01 1.00513077e+00
    9.99056995e-01 -4.12061721e-01 -8.87770057e-02 -3.19372654e-01
    5.37350774e-01 1.29228234e+00 1.36040783e+00 9.16790664e-01
    1.07972729e+00 1.62180340e+00 9.32053268e-01 -5.75570047e-01
    8.29121888e-01 -6.73672259e-01 -3.94551486e-01 5.71719646e-01
    8.59871924e-01 9.58618164e-01 1.39435112e+00 -4.48226959e-01
    7.23732829e-01 2.40685880e-01 5.67580521e-01 5.74250877e-01
    1.68502820e+00 1.73542368e+00 -2.09545732e-01 1.50852919e+00
    7.49719620e-01 1.15734768e+00 1.15175390e+00 -6.23117208e-01
    -5.06930351e-01 6.53970182e-01 1.48802209e+00 3.65619063e-02
    7.61870801e-01 8.26652050e-01 -2.81201392e-01 1.30924034e+00
    5.72619557e-01 6.00458860e-01 1.59339464e+00 2.28708386e-01
    8.38852108e-01 1.68467224e+00 6.75894678e-01 -7.08616138e-01
    1.41377234e+00 1.03334212e+00 -1.04008913e-02 -4.54015791e-01
    1.62373900e+00 -3.66640955e-01 1.70004439e+00 -2.37449765e-01
    1.32212162e-01 1.00542712e+00 1.24464321e+00 1.02320576e+00
    6.05106056e-01 1.01052856e+00 5.62190235e-01 1.49608231e+00
    7.41741419e-01 1.48938429e+00 -2.38145590e-01 -4.65395570e-01
    -5.88956892e-01 9.85439301e-01 1.46900749e+00 2.68679082e-01
    1.56789398e+00 -6.55272543e-01 4.66718674e-02 4.19798076e-01
    5.33222973e-01 8.75835657e-01 1.76919997e+00 1.60432732e+00
    -4.21906710e-02 8.16456616e-01 -3.13243598e-01 4.76018429e-01
    6.75633371e-01 1.51455235e+00 -7.20151901e-01 5.12224555e-01
    7.05914974e-01 -6.41596675e-01 7.77544379e-01 1.01094866e+00
    1.33969069e+00 -3.59457254e-01 1.97737932e-01 -7.11917579e-01
    -3.02072078e-01 8.34621012e-01 5.66749811e-01 -1.08566403e-01
    4.26930189e-01 -1.46347344e-01 3.46001983e-02 5.55825531e-01
    1.58367813e+00 8.09382319e-01 1.29038191e+00 9.50188637e-01
    -3.25658321e-02 9.90433872e-01 1.64635253e+00 -2.75553435e-01
    4.85253990e-01 1.54758334e-01 1.99128211e-01 5.86989403e-01
    5.90264142e-01 8.18713844e-01 8.93563211e-01 2.18645334e-02
    1.66722560e+00 3.05806816e-01 -7.46048689e-02 1.16838813e+00
    -5.07466912e-01 1.36784506e+00 1.08937836e+00 1.37468696e+00
    1.65204835e+00 1.18834770e+00 -7.07261443e-01 3.30987453e-01
    -5.94325662e-01 8.59790981e-01 1.33030248e+00 1.89512789e-01
    -1.31776690e-01 1.67780697e+00 1.70766687e+00 7.97301829e-01
    3.88860106e-01 2.10001767e-01 3.06316078e-01 -1.98439717e-01
    9.61437583e-01 1.66441226e+00 1.42339528e+00 1.47003579e+00
    -2.50557065e-02 -4.86935198e-01 3.33330929e-01 1.27537608e+00
    1.27375293e+00 1.22038805e+00 1.22472107e-01 8.43840241e-01
    8.91035259e-01 1.67501283e+00 -7.02827573e-02 -5.22121131e-01
    5.79942167e-01 3.32571983e-01 1.66274083e+00 -2.83953071e-01
    9.92933631e-01 1.14043450e+00 1.21058297e+00 1.47629774e+00
    -4.80382740e-01 1.41943336e+00 1.62327433e+00 1.32064724e+00
    9.62738931e-01 -2.31178880e-01 8.23104978e-02 -1.95311785e-01
    1.27403140e+00 -4.27272767e-01 1.67938161e+00 -7.03183711e-01
    -3.85926038e-01 7.85325706e-01 8.09342086e-01 -3.29775661e-01
    1.58686996e+00 4.55701172e-01 -4.35080528e-02 7.36550450e-01
    -5.21093607e-01 5.08785784e-01 9.96130705e-02 1.79850042e-01
    1.52959967e+00 -2.63068676e-02 9.71872211e-01 -1.19287431e-01
    -6.26550019e-01 -3.94223958e-01 1.09073222e+00 -4.22530442e-01
    -5.88904202e-01 7.66374648e-01 1.02971971e+00 -5.32168210e-01
    6.27132595e-01 -3.88722241e-01 -2.88476557e-01 -1.39800489e-01
    1.60567093e+00 1.20322442e+00 1.39530683e+00 1.64153242e+00
    7.28155971e-02 1.70838320e+00 4.09341216e-01 1.00879264e+00
    -5.63957572e-01 8.68067503e-01 7.47088253e-01 6.02781773e-03
    -2.39264905e-01 1.05448174e+00 1.21590436e+00 7.25606501e-01
    7.21588671e-01 1.36739945e+00 -5.33939004e-01 1.47363091e+00
    9.00550246e-01 4.79509830e-02 1.32009566e+00 8.93129766e-01
    5.77243507e-01 -2.36265957e-01 -1.24308884e-01 1.46517146e+00
    -6.51054919e-01 -5.73557854e-01 1.35425854e+00 1.19639266e+00
    3.26480806e-01 1.91062450e-01 -2.87230939e-01 1.51284242e+00
    1.45009339e+00 -4.55078393e-01 6.63634241e-01 -6.83531165e-02
    1.12537408e+00 1.19735241e+00 -4.48225081e-01 6.54009163e-01
    3.88822794e-01 -5.02244234e-01 1.01060557e+00 1.74047399e+00
    -4.41727400e-01 -2.56149739e-01 -3.62389088e-01 1.67403054e+00
    1.05471611e-02 -4.16647553e-01 1.79004478e+00 -5.64678431e-01
    2.67512441e-01 1.42049098e+00 -1.06133223e-01 -5.76914191e-01
    -1.81335211e-03 -4.65440631e-01 2.51486778e-01 8.00530493e-01
    8.19442272e-02 1.01810849e+00 1.21814227e+00 1.22036886e+00
    -2.49441206e-01 6.00448787e-01 1.48565197e+00 -2.36889124e-01
    -1.55682981e-01 -1.96574330e-02 6.51014984e-01 -3.30149621e-01
    -2.33679146e-01 1.59804630e+00 -3.05919290e-01 -5.46453118e-01
    2.30124593e-02 1.23813319e+00 -6.26773238e-01 -4.18594807e-01
    1.60008836e+00 4.10292208e-01 6.07314527e-01 6.92841470e-01
    9.05926406e-01 1.73415089e+00 4.99454379e-01 1.75242066e-01
    1.72885931e+00 -4.39839512e-01 8.72554421e-01 1.16829681e+00
    1.68000305e+00 1.51537466e+00 -4.56906319e-01 6.63269997e-01
    -4.80608642e-01 1.23094797e+00 1.21568263e+00 -3.52950186e-01
    2.62358367e-01 -5.11417925e-01 -6.27220869e-01 -2.23523259e-01
    1.25609636e-02 7.95269132e-01 -3.11350644e-01 -7.00288296e-01
    1.68348908e+00 -4.70482200e-01 1.92951381e-01 1.56249928e+00
    1.48453212e+00 -6.66797757e-01 6.05598330e-01 -4.76324320e-01
    1.76958609e+00 6.95773363e-02 -5.88250816e-01 -1.50999010e-01
    -1.87786877e-01 3.01063061e-01 8.82642865e-01 6.16698861e-01
    -1.30522251e-02 5.55300653e-01 1.51852071e+00 1.45588005e+00
    -6.84765399e-01 -5.44638276e-01 1.51108980e+00 -2.82726288e-02
    8.54330599e-01 5.85593402e-01 -4.73376572e-01 -3.29745799e-01
    1.39003384e+00 4.97086644e-01 1.47721052e-01 5.99853575e-01
    4.01395142e-01 -6.91517293e-01 -4.74990278e-01 -1.18181705e-02
    1.21951997e+00 5.48983216e-02 1.08982313e+00 1.26138294e+00
    -6.00057542e-01 1.66367698e+00 1.21410143e+00 8.45671535e-01
    -6.97798133e-02 1.53940368e+00 -1.36776686e-01 1.52626097e-01
    8.59540403e-01 -3.28335762e-02 9.94437516e-01 7.34155774e-02
    -4.99066114e-02 1.36622047e+00 -4.82798964e-01 1.47570586e+00
    6.42361820e-01 1.99718297e-01 1.49334669e-01 1.98082209e-01
    1.31556785e+00 -7.60759115e-02 -1.67446434e-01 9.92351770e-01
    7.63498425e-01 5.65972686e-01 -3.83878261e-01 -4.46959972e-01
    2.60147810e-01 -4.16518450e-02 5.41914999e-01 1.20025444e+00
    -3.77392441e-01 -5.85349083e-01 9.90198851e-02 1.21318555e+00
    1.35521114e-01 5.99397898e-01 1.15837526e+00 1.10108185e+00
    -1.15986943e-01 2.31141925e-01 -4.96013045e-01 -2.08242238e-01
    6.54199839e-01 9.92315054e-01 7.33078837e-01 5.65860510e-01
    1.09034634e+00 1.07721043e+00 -5.63936591e-01 6.20468974e-01
    1.06435382e+00 1.35664344e-01 1.23689675e+00 1.06452560e+00
    -6.77098393e-01 -4.14047241e-01 1.53143871e+00 -4.20867890e-01
    -5.97662151e-01 1.44124341e+00 -4.65878427e-01 -4.50567722e-01
    1.78855360e-01 1.00716770e-01 6.28286183e-01 9.57770467e-01
    -1.50229096e-01 -3.72444481e-01 5.28520405e-01 1.98365808e-01
    -1.16065562e-01 1.25819993e+00 1.52561069e+00 9.95660424e-01
    -1.75189734e-01 -5.13021410e-01 -2.47294664e-01 -1.67938352e-01
    8.28893006e-01 1.27780652e+00 1.03454959e+00 4.69066381e-01
    1.14924002e+00 6.53235495e-01 -2.61058927e-01 1.53924823e-01
    1.66005707e+00 3.00347805e-02 1.44197559e+00 3.38779688e-02
    -5.17371237e-01 3.58515680e-01 -2.40576118e-01 8.52314532e-01
    1.52257562e+00 1.38709903e-01 -1.69750988e-01 1.62104952e+00
    8.36547554e-01 -7.94224143e-02 1.13613844e+00 -6.23324633e-01
    -1.04026675e-01 1.54440713e+00 9.74549830e-01 1.29187346e-01
    2.28463233e-01 1.04672480e+00 1.94239914e-01 3.06580245e-01
    7.83122182e-02 -5.11326075e-01 9.25053477e-01 1.58942413e+00
    8.81270528e-01 1.07316399e+00 1.70536852e+00 -5.12589097e-01
    1.14419043e-01 9.72243726e-01 6.67412281e-02 9.72813725e-01
    -5.35088599e-01 -1.98908031e-01 -7.41754413e-01 1.13191724e+00
    -5.78651071e-01 4.77192819e-01 6.95359111e-02 6.65134192e-02
    1.71096718e+00 -5.34705520e-01 1.16271830e+00 1.48429656e+00
    1.62093294e+00 1.06396735e-01 9.10396338e-01 1.44314969e+00
    1.37799144e-01 2.40142167e-01 2.42936194e-01 -3.47782105e-01
    1.58854365e+00 6.69574738e-02 1.41656160e+00 6.37900114e-01
    -5.84977984e-01 2.38584042e-01 -4.31578636e-01 8.12118471e-01
    1.30129611e+00 7.72400320e-01 -6.43465638e-01 2.27835059e-01
    1.68827486e+00 7.87606418e-01 1.47083223e-01 3.32542121e-01
    -6.38851106e-01 4.39957023e-01 8.68274331e-01 9.62190866e-01
    1.70365405e+00 -4.56661880e-01 7.85651803e-02 9.59419608e-02
    -4.09847200e-01 1.54759479e+00 9.73475754e-01 4.76355553e-02
    2.17879355e-01 -6.63417578e-03 -5.99785864e-01 2.22866952e-01
    4.72936392e-01 6.77631497e-01 9.58447874e-01 -7.08112895e-01
    1.12178397e+00 5.38202643e-01 8.72841716e-01 6.88138306e-01
    -2.28855163e-01 4.98860061e-01 7.73280323e-01 1.93710327e-02
    7.58701563e-02 1.72759974e+00 -2.28028387e-01 1.30367112e+00
    2.62678623e-01 -6.00552559e-01 -2.03672051e-01 -2.00600624e-02
    -3.06493253e-01 -2.22934186e-01 1.15111423e+00 -2.77100205e-02
    3.52686048e-02 9.23458874e-01 -5.22131741e-01 1.83752120e-01
    1.08041847e+00 4.62309957e-01 1.26952791e+00 1.53893292e-01
    7.57623613e-01 -6.33367538e-01 1.55595112e+00 1.70740592e+00
    -2.26391137e-01 -2.44526744e-01 8.95742953e-01 -1.25356078e-01
    -5.11512876e-01 8.85084808e-01 8.75609577e-01 9.39262509e-01
    5.65353394e-01 1.60711670e+00 4.99945760e-01 -2.72267699e-01
    1.21035719e+00 4.19615507e-01 3.63552511e-01 2.79078543e-01
    5.97331226e-01 9.18619096e-01 2.45227695e-01 -3.36249024e-01
    6.45244777e-01 -4.76289392e-01 1.27941298e+00 5.02347946e-03
    -3.44643652e-01 -3.16924065e-01 -5.41526198e-01 8.59754086e-02
    1.63535178e+00 -4.51818377e-01 6.17167413e-01 1.07367468e+00
    6.24805450e-01 1.51158834e+00 -7.15102077e-01 5.72785676e-01
    2.60286570e-01 8.14144313e-01 1.56622505e+00 7.42850244e-01
    4.12209630e-01 -3.79914045e-03 -4.86507416e-02 1.10705686e+00
    1.32656980e+00 9.50047970e-02 1.07711411e+00 -2.03724921e-01
    -2.68042028e-01 -6.13837779e-01 9.63867903e-02 -9.35153961e-02
    7.60257244e-03 1.08281362e+00 3.17717969e-01 -6.40218258e-02
    1.46323919e+00 1.90797091e-01 1.02495313e+00 -1.79351807e-01
    -1.87329471e-01 2.05582380e-01 5.62018871e-01 5.06366253e-01
    1.50140667e+00 8.66818070e-01 -1.41426861e-01 5.95968127e-01
    5.20174861e-01 -5.56872606e-01 1.11205709e+00 7.73142576e-02
    -4.08258259e-01 -5.45608997e-03 4.41510677e-01 1.38210702e+00
    3.30414951e-01 -3.75799984e-01 1.93553805e-01 9.60430861e-01
    -1.71913922e-01 1.13869619e+00 1.01232290e+00 1.99577510e-01
    -1.42587543e-01 -2.14249969e-01 1.36319208e+00 -4.21823651e-01
    8.81441891e-01 -2.56622463e-01 9.55097675e-02 2.63515055e-01
    -3.42295229e-01 -4.84610021e-01 -4.80562747e-01 -7.21483767e-01
    1.30801010e+00 -7.41458237e-01 -3.27402234e-01 -5.09835839e-01
    1.29372931e+00 1.02575016e+00 -4.55650598e-01 1.67304063e+00
    -5.56556761e-01 5.00179052e-01 -5.43702900e-01 1.55448556e-01
    -6.53876126e-01 -6.11995280e-01 -5.84724486e-01 4.54914987e-01
    1.20422435e+00 3.32472503e-01 1.05387688e+00 8.94045234e-02
    1.27745366e+00 1.01167512e+00 6.76187932e-01 -6.61016643e-01
    1.00526905e+00 -7.37045109e-01 1.59008217e+00 1.10719609e+00
    8.09202850e-01 -6.48114026e-01 1.64632857e+00 7.51644313e-01
    9.34289575e-01 1.53592563e+00 9.54799592e-01 -2.48990476e-01
    5.59355617e-01 9.88289654e-01 -5.20957410e-01 2.68239021e-01
    3.76989722e-01 -1.60185874e-01 3.11188698e-01 2.91737020e-01
    -3.57434064e-01 -1.98507905e-02 -1.50902092e-01 6.86329067e-01
    1.68118834e+00 9.77837622e-01 3.92180860e-01 9.18951333e-01
    1.22682273e+00 1.17674112e+00 1.42687583e+00 -1.63447201e-01
    -2.21461177e-01 7.94992924e-01 3.08925092e-01 1.13831782e+00
    1.83309495e-01 -3.96051049e-01 1.60235739e+00 1.13321209e+00
    1.05717754e+00 1.32408798e+00 1.57760072e+00 1.59689724e+00
    1.30633569e+00 2.16159225e-02 1.46230531e+00 -5.08854151e-01
    5.06172776e-02 -4.87775207e-02 1.15408397e+00 1.30096233e+00
    -6.49083495e-01 -5.09847999e-02 1.54322386e+00 1.14035177e+00
    1.55082047e-01 -6.34170592e-01 3.39220107e-01 -5.70528984e-01
    1.43941247e+00 9.68132019e-02 5.17872751e-01 1.07521582e+00
    -5.63439548e-01 2.96829820e-01 -5.18825114e-01 -2.17957020e-01
    -3.74664515e-01 9.00401533e-01 -2.51644075e-01 -1.33693695e-01
    -6.86198652e-01 1.58724129e+00 1.21078742e+00 -6.03682399e-01
    1.55485141e+00 1.53202200e+00 6.17176592e-01 8.45225036e-01
    1.56374586e+00 -7.18113184e-02 1.45940661e-01 1.58930564e+00
    7.03426659e-01 -2.33672053e-01 4.98458385e-01 6.55437589e-01
    3.69310915e-01 1.55358720e+00 -1.25669241e-01 1.10945487e+00
    1.00275517e+00 -8.94085169e-02 -6.14329338e-01 5.65108657e-02
    6.45752609e-01 3.99891734e-02 3.79021704e-01 1.43904305e+00
    -1.14459693e-01 1.72218418e+00 1.36092782e-01 5.89262664e-01
    1.06238043e+00 1.45199370e+00 -7.25584209e-01 1.36506855e+00
    8.11693549e-01 1.04391193e+00 1.52512884e+00 -6.25706255e-01
    1.17701817e+00 1.11329317e+00 1.13083816e+00 -2.43764013e-01
    1.31369174e+00 1.28773916e+00 1.23212743e+00 2.08965778e-01
    1.70923758e+00 -6.43851817e-01 1.22683668e+00 2.22225368e-01
    1.14127970e+00 -2.10888743e-01 -3.74109030e-01 -3.45334351e-01
    -7.98811913e-02 4.60444331e-01 1.22238767e+00 1.55923033e+00
    -6.45221174e-01 -5.54694533e-01 9.22868848e-02 1.36877441e+00
    -4.34199005e-01 1.14303112e+00 1.55952907e+00 1.59321809e+00
    -4.40404177e-01 -5.48690557e-03 1.38622308e+00 -6.66592836e-01
    1.70713592e+00 -3.96898061e-01 2.16145396e-01 -2.02336848e-01
    3.49791288e-01 1.66489542e+00 1.69133794e+00 -6.08125806e-01
    1.43308163e+00 -5.59563518e-01 -3.05419683e-01 -2.50325203e-01
    1.58890426e-01 1.76457322e+00 3.06171775e-01 3.93950701e-01
    3.49133015e-02 5.69066644e-01 1.01932526e+00 6.97860241e-01
    -1.90015256e-01 8.03338289e-01 1.51231861e+00 1.47967577e+00
    1.17831731e+00 1.41438675e+00 5.90897739e-01 -2.05828488e-01
    1.36348867e+00 2.87976265e-01 -2.86280870e-01 -3.81500900e-01
    1.51344848e+00 1.18641210e+00 -3.30872983e-01 -9.85625982e-02
    -7.55634308e-02 2.29476750e-01 1.34080136e+00 1.17017078e+00
    1.09567785e+00 9.35854018e-01 4.94760454e-01 4.75813508e-01
    -1.00331903e-01 1.59850955e-01 1.43472815e+00 -2.20892876e-01
    -1.77575707e-01 8.96010339e-01 1.69014812e+00 6.66209757e-01
    -3.27512652e-01 1.57322335e+00 -3.55226517e-01 1.35959780e+00
    1.35050511e+00 -1.43361688e-02 8.98619771e-01 1.18432319e+00
    1.59000742e+00 -1.01969481e-01 -4.92205620e-02 3.12829137e-01
    -1.05833232e-01 7.77597010e-01 1.61445808e+00 7.22847998e-01
    -4.58353013e-01 6.28221631e-02 3.09709072e-01 -6.77995563e-01
    1.61151004e+00 1.12850881e+00 1.61595213e+00 1.05983138e+00
    7.05627799e-02 8.35072875e-01 -5.07179081e-01 4.18767929e-02
    -5.12901187e-01 8.78694415e-01 2.36629546e-01 7.34945238e-01
    1.19806254e+00 5.99314392e-01 -5.15324712e-01 1.67021704e+00
    8.92102718e-01 -4.07248169e-01 -4.80947971e-01 4.53644991e-03
    1.30993986e+00 -1.71883941e-01 -5.70643365e-01 1.39572144e+00
    -7.21375644e-01 5.82059920e-01 1.20896244e+00 -4.57671344e-01
    4.83430266e-01 2.58144259e-01 1.13755524e-01 -9.42808986e-02
    1.63914657e+00 -4.64162350e-01 8.74629557e-01 6.08648658e-02
    -2.16482937e-01 1.59128404e+00 2.21481860e-01 -2.60722637e-02
    1.46609545e-03 1.66036224e+00 -2.33725131e-01 1.06628823e+00
    -1.19549930e-01 9.22304690e-01 1.65477157e+00 2.87860155e-01
    1.40955698e+00 -3.71177197e-01 5.35500765e-01 1.64219618e+00
    5.70100904e-01 1.12418938e+00 1.72301269e+00 1.08486688e+00
    7.72011399e-01 7.85676897e-01 2.63127208e-01 1.33342266e+00
    -1.60069406e-01 5.35166919e-01 -1.64671659e-01 1.01344454e+00
    1.50920033e+00 1.60732758e+00 1.48627877e+00 -5.33497214e-01
    1.05536056e+00 1.57088828e+00 8.18415642e-01 -7.22338378e-01
    1.41749883e+00 9.04633224e-01 2.61636257e-01 -2.35958219e-01
    -3.69681716e-02 2.04525232e-01 8.24886799e-01 1.39620364e+00
    1.70100641e+00 5.87707460e-01 1.63353550e+00 1.44701803e+00
    8.97425771e-01 -2.99014241e-01 1.41101885e+00 -1.46571398e-01
    -4.40967262e-01 1.16790318e+00 -6.46311104e-01 -7.37670779e-01
    -4.70031500e-01 1.06540620e-01 8.04548025e-01 1.92754626e-01
    1.03781223e-02 8.33288193e-01 3.26764166e-01 9.56205428e-01
    4.81534183e-01 1.66917384e+00 1.65999961e+00 1.32757854e+00
    -3.30768168e-01 5.70560873e-01 -8.62078071e-02 -2.67178595e-01
    -5.39091766e-01 8.99960518e-01 -4.06471670e-01 5.74092805e-01
    4.62236762e-01 1.34242535e-01 1.86640918e-01 -3.49406004e-02
    1.48316407e+00 1.15973735e+00 -5.25858283e-01 -6.79870725e-01
    1.31786382e+00 1.95575297e-01 8.31841946e-01 8.91887128e-01
    -2.77329475e-01 -6.60703421e-01 2.14850545e-01 6.67605102e-01
    1.05328393e+00 -1.92255050e-01 7.02560842e-01 9.94004369e-01
    9.52710509e-02 1.37195289e-01 5.72826266e-02 7.38232911e-01
    5.86600900e-02 -5.89355767e-01 -5.61443269e-01 1.61176562e+00
    1.23150289e+00 -7.20089316e-01 1.09451652e+00 -4.11062956e-01
    1.43719554e+00 1.58328128e+00 -2.23242760e-01 6.18594766e-01
    1.12967229e+00 1.51340985e+00 4.73224401e-01 1.06737924e+00
    7.30564713e-01 1.10461569e+00 -3.65486979e-01 -6.31416380e-01
    9.56478596e-01 8.12416494e-01 7.55313754e-01 1.66808200e+00
    9.47931230e-01 1.38272047e+00 5.63210249e-02 2.98226833e-01
    1.32252121e+00 2.33536363e-01 1.09891748e+00 1.11229062e+00
    3.68629456e-01 2.74026573e-01 7.46918201e-01 -2.49022514e-01
    7.03439951e-01 1.22281277e+00 1.04375970e+00 -1.21743917e-01
    1.32461190e+00 2.66984642e-01 1.26540720e-01 -5.37737787e-01
    5.34907818e-01 -3.62595320e-02 -5.74874282e-02 1.78167045e-01
    5.81796765e-01 1.11185849e+00 -1.21344328e-02 -1.49054408e-01
    1.12715185e-01 1.60397887e-01 1.57629871e+00 6.82181120e-03
    9.03573692e-01 5.61279655e-02 7.51239717e-01 -2.52226949e-01
    9.89850581e-01 -6.44059777e-01 8.04439485e-01 -5.18517017e-01
    9.29164886e-01 7.31266260e-01 -4.31347370e-01 1.02008247e+00
    8.80520999e-01 5.84837079e-01 1.66246939e+00 1.59293354e+00
    1.06412268e+00 4.02314067e-01 1.52530301e+00 1.01109481e+00
    -5.26335299e-01 1.03306174e+00 -4.17080939e-01 1.53910017e+00
    1.09152412e+00 5.81177175e-01 1.76596463e+00 7.70575821e-01
    1.75031102e+00 3.70818198e-01 1.62720847e+00 5.45710325e-01
    -4.09570456e-01 3.97842169e-01 1.17159438e+00 -1.35042608e-01
    -3.13005596e-01 -5.67661345e-01 5.71716428e-01 -4.10404533e-01
    3.47166657e-01 8.70862007e-01 1.18640924e+00 1.40745461e-01
    1.57879972e+00 -4.05044675e-01 3.55713427e-01 1.01506341e+00
    5.40226161e-01 1.34450734e-01 7.28388488e-01 1.24679852e+00
    5.16051948e-01 2.62977362e-01 4.85386491e-01 2.96333015e-01
    1.56688488e+00 6.86656952e-01 9.23625290e-01 8.55690241e-01
    1.68547130e+00 1.12862945e+00 4.89054382e-01 1.69769764e+00
    -4.49607760e-01 9.55462694e-01 4.63029146e-02 1.01836133e+00
    -3.84643137e-01 -6.91201448e-01 -5.03319860e-01 -4.55099523e-01
    4.15190339e-01 7.38180757e-01 3.47101927e-01 5.02211690e-01
    1.29093814e+00 3.79103065e-01 9.55359161e-01 1.44296300e+00
    1.27264738e+00 -2.55549222e-01 -7.04974234e-01 1.68561292e+00
    1.62871778e-01 5.91513097e-01 -1.11706674e-01 -3.55413437e-01
    4.16340828e-02 4.82610703e-01 4.51905370e-01 1.02949476e+00
    -4.86214846e-01 1.65397227e-01 -4.10436511e-01 1.24473929e+00
    7.61976242e-01 1.40585530e+00 -3.13102603e-01 -1.60095394e-01
    1.17328525e-01 4.69684541e-01 1.72215700e+00 2.09288836e-01
    1.52456760e+00 1.18826616e+00 -3.78130376e-01 -2.66805023e-01
    5.74162126e-01 1.88398898e-01 1.17889571e+00 -3.52407128e-01
    -1.56055033e-01 9.09956694e-02 -4.44981545e-01 3.65778267e-01
    -6.40706003e-01 -5.73947549e-01 9.92229998e-01 -9.81678367e-02
    6.48643136e-01 -6.85304523e-01 -3.75252813e-01 5.22108078e-02
    3.65950286e-01 -6.34815037e-01 7.76508152e-01 3.34085941e-01
    -4.68363822e-01 1.47415686e+00 3.03740561e-01 1.14908814e+00
    1.19574177e+00 1.04686010e+00 4.91223574e-01 -6.31024003e-01
    1.51854467e+00 7.12827802e-01 4.97125804e-01 -2.00965285e-01
    -3.49029154e-01 -1.99511290e-01 1.13037896e+00 -1.73390746e-01
    8.99800658e-02 5.75224340e-01 1.57062101e+00 1.69068396e+00
    -5.55607080e-01 4.18203890e-01 -7.40348101e-01 1.37276709e+00
    4.69653070e-01 7.96160877e-01 -4.35878962e-01 1.65596509e+00
    4.24559832e-01 4.64111269e-01 1.07400417e-01 4.89593863e-01
    6.94273114e-02 -2.35614717e-01 1.01946628e+00 -5.00325680e-01
    5.14835119e-03 -1.56029463e-02 6.35015368e-02 1.27722037e+00
    1.34719563e+00 -4.48936105e-01 -5.84037066e-01 8.21270883e-01
    4.31176722e-01 -5.74849129e-01 1.23959780e+00 2.45527804e-01
    4.08323169e-01 1.04329133e+00 1.39009595e+00 1.43952048e+00
    9.12391543e-01 -6.05983973e-01 1.64652562e+00 -2.90092230e-02
    1.69210291e+00 7.64272988e-01 8.86778176e-01 -3.04241329e-01
    1.47939730e+00 -4.26522672e-01 1.44678855e+00 1.11207604e+00
    1.59316885e+00 -5.26094317e-01 1.57423747e+00 1.79862738e+00
    3.04105997e-01 -4.07710820e-01 1.73935819e+00 9.20122981e-01
    4.95720148e-01 1.06765032e-02 1.38397181e+00 7.96873152e-01
    1.75002897e+00 -1.19594693e-01 1.23835874e+00 -1.52673721e-01
    7.67197549e-01 1.22793746e+00 8.79340410e-01 1.00250530e+00
    -7.16351688e-01 2.71721601e-01 1.71264243e+00 -5.44122458e-02
    3.13820243e-02 -4.69394445e-01 -6.63402438e-01 1.58540964e-01
    -1.83992386e-02 -5.72790980e-01 -7.19962537e-01 -6.00379765e-01
    1.37211192e+00 -2.32371867e-01 -1.62508428e-01 -2.62472093e-01
    8.67015183e-01 -6.77540064e-01 -1.00705087e-01 -3.12960923e-01
    -5.00602841e-01 9.87557232e-01 7.27047801e-01 -1.67751074e-01
    -6.99223518e-01 -4.73139524e-01 1.73718810e+00 -6.39334679e-01
    9.97950017e-01 1.27223682e+00 8.09618831e-01 -1.99421704e-01
    -6.65642798e-01 -2.55327582e-01 8.02735865e-01 3.30501795e-03
    -5.91757298e-02 -3.72780442e-01 1.36701512e+00 5.38457572e-01
    -2.78071016e-01 -5.78488231e-01 -6.25187397e-01 5.84588826e-01
    -6.89624250e-01 1.07647777e+00 1.52776551e+00 5.38813055e-01
    1.24604392e+00 9.42748129e-01 -1.94446027e-01 1.21789968e+00
    1.38667178e+00 1.34197938e+00 5.50002098e-01 1.01820004e+00
    7.04783201e-03 1.67178631e+00 1.12954688e+00 1.11702633e+00
    1.84413433e-01 7.21489847e-01 2.78108954e-01 -3.27758551e-01
    -2.58359671e-01 1.15551043e+00 1.10761642e-01 1.23384666e+00
    1.28551328e+00 1.34802127e+00 -1.33534372e-01 3.68937910e-01
    -1.53692544e-01 -6.62490010e-01 1.06547093e+00 7.77021289e-01
    1.24205089e+00 8.68991613e-01 -5.30630410e-01 -6.07988000e-01
    -6.08649850e-02 -6.30344748e-02 1.30055773e+00 2.68597543e-01
    1.42838299e-01 1.22997904e+00 1.67191339e+00 1.29845595e+00
    -1.11326456e-01 4.24908817e-01 6.97342277e-01 2.56429672e-01
    1.67780089e+00 -8.62324238e-03 5.55927753e-01 4.05334890e-01
    -3.00539792e-01 1.64230812e+00 -5.75851560e-01 1.07298493e+00
    1.01112795e+00 -6.62312388e-01 8.19367588e-01 1.41871262e+00
    2.92423606e-01 1.73466146e+00 1.23900914e+00 3.71128500e-01
    5.90168715e-01 1.41159785e+00 1.58913219e+00 -2.95798302e-01
    8.11746895e-01 -2.89921999e-01 -1.06347978e-01 5.65656483e-01
    5.86693943e-01 5.54521501e-01 -1.09830737e-01 1.50182247e+00
    8.88832390e-01 -3.59051824e-02 5.58991075e-01 8.05014014e-01
    3.42105925e-01 1.67332947e-01 -4.52113450e-01 1.25365376e+00
    1.70925081e+00 3.60048592e-01 8.02159071e-01 1.31182146e+00
    3.04513872e-01 -3.49579901e-01 -6.95081294e-01 -4.32866275e-01
    1.35630441e+00 -1.48139000e-01 -4.78575498e-01 6.29264116e-01
    6.07685506e-01 8.52216661e-01 2.04885960e-01 1.67238164e+00
    1.33162689e+00 1.30490923e+00 1.64780903e+00 1.10157442e+00
    8.19808900e-01 5.27418852e-02 7.95835376e-01 -1.87223077e-01
    1.55112171e+00 -6.16145492e-01 1.43873119e+00 1.60127592e+00
    9.72502947e-01 2.95629621e-01 1.57173014e+00 1.17523074e+00
    -8.73423815e-02 1.24536180e+00 9.13660228e-01 1.49373949e-01
    1.67562175e+00 2.60739326e-02 6.80874467e-01 -1.84344649e-02
    8.58983159e-01 -2.45192945e-01 1.28677726e+00 1.68450260e+00
    4.97011483e-01 1.05658913e+00 1.53241289e+00 1.44339800e+00
    1.22330427e+00 -4.89800572e-01 9.19720292e-01 -4.53069806e-02
    -5.35358787e-01 -1.74273491e-01 1.00825000e+00 -7.14642406e-02
    1.67504370e-01 -7.69282281e-01 1.25233293e+00 8.89087141e-01
    -6.96744800e-01 4.31253195e-01 1.27224922e-02 1.69784832e+00
    -5.96301377e-01 1.30212867e+00 2.11919129e-01 1.46499491e+00
    -3.19707334e-01 -4.58176196e-01 -4.03921247e-01 9.95796323e-01
    1.46220052e+00 4.39862847e-01 1.56574607e+00 1.77599669e-01
    1.69374657e+00 1.41880417e+00 3.39603901e-01 -5.91216087e-02
    5.32775879e-01 1.56460571e+00 -3.92562985e-01 9.47410643e-01
    1.46452188e-01 2.02111959e-01 -6.97095394e-02 -3.24102640e-02
    -6.79403543e-02 1.49648845e-01 7.25533605e-01 1.21248484e+00
    2.80883014e-01 8.27417970e-01 -3.83972108e-01 5.90504408e-01
    1.69744265e+00 1.59557962e+00 1.71090984e+00 1.61753798e+00
    -4.52060342e-01 4.79731202e-01 -2.14133710e-01 7.29179323e-01
    -3.29258263e-01 1.84774995e-01 -5.24510145e-01 1.27842426e-02
    -3.68336827e-01 9.95751739e-01 -4.02802527e-01 -1.84969306e-02
    4.90381002e-01 1.09883738e+00 1.31888914e+00 4.28588033e-01
    1.35034919e+00 -4.24848914e-01 6.94821119e-01 -6.11244082e-01
    -3.76519978e-01 1.14899898e+00 9.11193311e-01 7.33414710e-01
    6.57540262e-01 1.01453924e+00 1.27517462e+00 1.15651834e+00
    4.10218775e-01 4.58827019e-01 1.32021618e+00 1.48997593e+00
    -3.90985012e-02 -1.25952363e-02 1.16891217e+00 6.41439676e-01
    9.71316576e-01 1.23937249e+00 4.45111692e-01 8.35101962e-01
    8.54699254e-01 1.95623517e-01 4.07158673e-01 1.56068921e+00
    1.60810053e+00 4.57991362e-01 5.74227095e-01 1.78039014e-01
    4.58535850e-01 1.08488369e+00 8.51349175e-01 4.88351703e-01
    -6.56507015e-01 -6.82223558e-01 1.30613863e+00 3.17975760e-01
    2.18375385e-01 3.61757994e-01 4.78150308e-01 1.08429027e+00
    9.09333825e-01 -2.87271470e-01 1.54737651e+00 1.54379916e+00
    8.18304300e-01 3.50060403e-01 -3.55236411e-01 7.19882429e-01
    3.57110322e-01 -6.34269118e-01 4.99805331e-01 9.66471791e-01
    -6.67617261e-01 1.69314301e+00 1.91773772e-01 3.74913454e-01
    -4.12250668e-01 1.29640555e+00 1.02690434e+00 1.65288270e-01
    7.07777202e-01 -1.31443202e-01 1.64988077e+00 -4.97627854e-01
    1.14652777e+00 1.91586673e-01 3.15164924e-01 1.51872921e+00
    1.21195078e+00 5.98392844e-01 -6.21540487e-01 -2.95284986e-02
    8.30516398e-01 -2.75722563e-01 7.29642093e-01 1.18828702e+00
    8.17739785e-01 -9.29803848e-02 7.98054576e-01 -2.82350838e-01
    -5.45786738e-01 -4.92700964e-01 6.99129581e-01 3.93236637e-01
    1.27696693e-01 6.91500783e-01 8.66345227e-01 7.45606899e-01
    6.35906160e-01 -2.75809437e-01 1.56895888e+00 1.57678998e+00
    1.25644064e+00 2.54143655e-01 -6.93503082e-01 -1.28607750e-02
    5.53602636e-01 1.20967603e+00 4.35259342e-02 7.81627893e-01
    -5.55094659e-01 1.31293523e+00 3.25339437e-01 8.50661635e-01
    -6.05099797e-01 1.59733963e+00 -3.65848452e-01 5.71650207e-01
    4.40713227e-01 1.09508622e+00 1.67918801e+00 1.21779919e+00
    -5.77887893e-01 -1.54855251e-01 1.65595484e+00 8.67772162e-01
    2.59816647e-01 1.43277121e+00 4.70163286e-01 7.17080832e-01
    1.02195191e+00 3.45265329e-01 4.98439193e-01 1.35201669e+00
    -5.71992338e-01 8.91234338e-01 4.47602749e-01 1.76109862e+00
    9.26411092e-01 3.60530257e-01 -4.27252650e-02 -5.44355273e-01
    -5.39658070e-01 -6.60778403e-01 1.68176484e+00 7.04059243e-01
    7.20311344e-01 9.65619624e-01 1.09323382e+00 -7.21862912e-01
    5.00550687e-01 1.48519874e+00 2.76020706e-01 9.25269127e-01
    -1.33725286e-01 -4.24612463e-01 4.87752140e-01 1.31799412e+00
    8.60112011e-01 -5.72614193e-01 -1.24557316e-01 1.24205005e+00
    4.03911471e-02 8.58819485e-01 9.60621953e-01 1.30839825e+00
    8.55643153e-02 4.30105388e-01 5.78182340e-02 1.71033311e+00
    3.59097540e-01 8.43743563e-01 1.38402164e-01 4.21920478e-01
    -5.92188835e-02 -3.73287529e-01 3.19622099e-01 1.08755541e+00
    -6.39917135e-01 5.72968125e-01 7.30765581e-01 -6.19148612e-02
    7.34210312e-01 8.73427927e-01 -3.52881908e-01 1.66776025e+00
    -7.24700272e-01 7.97739506e-01 6.07915044e-01 6.22034788e-01
    4.41868007e-01 7.31331110e-02 7.38034427e-01 -2.63005495e-02
    8.84497523e-01 4.80388403e-02 9.03213263e-01 1.03151894e+00
    6.99056804e-01 1.11290717e+00 3.68145227e-01 8.88300657e-01
    -3.50117892e-01 1.51362562e+00 1.45123410e+00 -2.23161578e-01
    5.60401142e-01 8.45026135e-01 2.81275570e-01 7.65956759e-01
    1.89295411e-01 5.31689942e-01 1.89520121e-01 1.62064552e-01
    -4.49318886e-01 1.27060473e-01 1.25076747e+00 1.42796326e+00
    -7.22476959e-01 2.21205831e-01 -2.61107683e-02 1.50889397e+00
    1.37673032e+00 9.74533737e-01 -2.99439937e-01 1.04261899e+00
    6.47665322e-01 7.09263563e-01 8.13210309e-01 2.75530517e-01
    1.53690445e+00 1.71173906e+00 1.50822413e+00 6.73267484e-01
    -7.04147041e-01 1.38638389e+00 2.73055553e-01 5.11394083e-01
    -7.05694675e-01 2.50022590e-01 6.18250728e-01 1.45239341e+00
    1.60072732e+00 -5.61656713e-01 7.59732842e-01 -3.17714989e-01
    1.32673216e+00 -1.25966728e-01 -1.94617808e-01 -8.82337689e-02
    8.06887031e-01 7.32059777e-01 8.15773010e-01 2.46721983e-01
    -6.45985484e-01 -1.72903955e-01 5.79771638e-01 2.04766273e-01
    -9.19578671e-02 2.08985925e-01 9.37794447e-02 1.76177526e+00
    1.23287868e+00 5.68901122e-01 8.40154886e-01 7.47938514e-01
    6.43458366e-01 9.21842217e-01 -7.19429851e-01 -5.96553862e-01
    5.54541409e-01 -2.09054470e-01 1.34923637e+00 1.12203002e+00
    2.32706189e-01 1.48264980e+00 5.61811268e-01 1.50854051e+00
    2.50199616e-01 1.32451844e+00 -1.49436176e-01 3.94979477e-01
    8.58558714e-01 -1.31268382e-01 -1.33888185e-01 1.36996222e+00
    2.15419531e-01 -7.18974471e-02 1.89815998e-01 -8.56848955e-02
    1.21156740e+00 -4.83552873e-01 -3.00028116e-01 -1.59786165e-01
    2.64506042e-01 4.50195372e-01 -4.70792413e-01 1.08306599e+00
    1.39372432e+00 3.09259474e-01 1.06510651e+00 1.42988789e+00
    1.01076603e+00 -2.78490782e-02 1.49426520e-01 1.01953006e+00
    4.70486939e-01 1.66003811e+00 3.35484564e-01 2.72075832e-01
    -1.29417539e-01 7.85908341e-01 8.08953285e-01 5.41141093e-01
    1.47066641e+00 9.36278701e-01 -1.04736686e-02 1.14165008e+00
    3.28283370e-01 -2.69025475e-01 1.68483639e+00 1.48108101e+00
    3.80442619e-01 1.57478571e-01 2.32955933e-01 2.20612764e-01
    -2.49103308e-01 -3.66621017e-01 8.32721233e-01 1.13595867e+00
    -3.17059517e-01 -3.17697555e-01 1.04396152e+00 -3.30664873e-01
    1.60354567e+00 -3.31187606e-01 -3.14479768e-01 3.03020477e-01
    1.39803863e+00 -3.44712138e-02 8.15932274e-01 5.54565728e-01
    9.02823031e-01 1.44375825e+00 1.05086184e+00 6.92422271e-01
    -5.31570435e-01 6.75584793e-01 2.57024646e-01 1.50967932e+00
    4.84440863e-01 -3.68852198e-01 -2.04898715e-02 9.62874949e-01
    -3.32217485e-01 -4.67080474e-02 1.63338280e+00 1.74458838e+00
    1.04117525e+00 9.10425365e-01 9.69440639e-01 6.70926511e-01
    1.67869925e+00 8.06953073e-01 3.68020177e-01 6.91062331e-01
    1.14559054e+00 -6.03208780e-01 6.71158552e-01 1.04702997e+00
    3.86899710e-01 -5.73989868e-01 1.11349595e+00 -5.53077459e-01
    -7.29046047e-01 1.66780376e+00 1.26139319e+00 1.48675203e+00
    5.52125275e-01 -4.77136850e-01 8.61423850e-01 1.09081078e+00
    1.02536154e+00 4.33727264e-01 9.17307258e-01 6.90648556e-01
    -5.06595790e-01 1.75925791e-01 -6.68762147e-01 1.15925384e+00
    1.24998283e+00 6.75419867e-01 1.40002358e+00 -7.11180985e-01
    1.03809261e+00 1.60727143e+00 1.12866449e+00 8.90565813e-01
    -1.59861386e-01 1.16128397e+00 -5.73949993e-01 1.09467244e+00
    -1.69643342e-01 1.64340854e+00 1.33515501e+00 4.32235301e-01
    5.92664003e-01 3.57186437e-01 8.65950286e-01 1.55316103e+00
    -7.25268006e-01 8.04029763e-01 4.09894586e-02 1.34777999e+00
    -3.67952853e-01 -2.00617313e-01 -5.11892200e-01 1.31240427e-01
    1.32480729e+00 -3.39296937e-01 7.65894651e-01 6.29168928e-01
    5.30831218e-01 -4.67521548e-01 1.42263710e+00 8.39128792e-01
    9.65334237e-01 2.44204760e-01 1.35384679e+00 -7.25905061e-01
    -2.23071992e-01 3.68652105e-01 -5.36684275e-01 1.56509781e+00
    5.59134662e-01 1.42562938e+00 1.78822577e-01 1.56954288e+00
    7.60567188e-02 -3.30412269e-01 9.19908881e-02 -9.44380760e-02
    1.16878688e-01 -2.30625331e-01 1.17310631e+00 2.16487944e-01
    1.35586321e+00 -6.75255060e-02 -7.20439732e-01 5.96289337e-01
    -1.93456531e-01 8.14697742e-02 6.85988665e-02 -4.87682819e-02
    -2.87090689e-01 -7.79635906e-02 -8.09156895e-02 -6.51811242e-01
    -5.06752968e-01 1.93002939e-01 8.35383177e-01 1.14388168e+00
    4.36246812e-01 -7.10621238e-01 6.10223711e-01 6.86533391e-01
    1.81323409e-01 2.69090474e-01 -6.10502005e-01 1.03381217e+00
    8.47061932e-01 -1.03968143e-01 3.43731999e-01 1.48547101e+00
    3.39777648e-01 5.13685942e-02 1.47255754e+00 3.07650924e-01
    4.47367251e-01 1.18022156e+00 2.92815745e-01 7.93190956e-01
    1.21668088e+00 1.34250712e+00 3.09090495e-01 -6.13458157e-02
    2.28992820e-01 -5.84948659e-02 1.68022466e+00 6.72328830e-01
    -6.37436092e-01 1.73808861e+00 9.51677263e-01 1.26916802e+00
    8.42474103e-01 6.20876491e-01 -4.71616209e-01 1.29390216e+00
    8.35420549e-01 -5.69856226e-01 8.96934807e-01 -5.29238164e-01
    1.45829988e+00 7.67474174e-02 6.28054023e-01 -6.06726170e-01
    -4.35559601e-01 -2.65006006e-01 -4.89808321e-01 7.92819262e-02
    -4.38435376e-01 1.75316346e+00 -2.97943324e-01 3.56216848e-01
    1.27639616e+00 7.94160962e-02 1.64838743e+00 1.37177706e-01
    1.05169845e+00 1.45795619e+00 1.11967659e+00 1.13339448e+00
    2.41580546e-01 1.65561306e+00 2.54112244e-01 -6.32118762e-01
    1.38822365e+00 6.72169030e-01 -7.11007595e-01 -3.21156710e-01
    -1.78119779e-01 -5.37529767e-01 2.59755909e-01 -2.19957113e-01
    -2.13514090e-01 -6.93147421e-01 1.30305910e+00 -2.22447395e-01
    -7.65028000e-02 -6.13787770e-02 1.48788321e+00 6.34138048e-01
    -5.74326634e-01 5.43411195e-01 1.41880774e+00 1.37902474e+00
    5.62387109e-01 2.06928611e-01 1.25384021e+00 8.14753175e-01
    -5.15773058e-01 1.30478621e-01 1.78809702e-01 1.34171367e-01
    1.67808104e+00 6.11447513e-01 5.91894448e-01 9.51686084e-01
    8.50342929e-01 4.24439311e-02 1.38405061e+00 2.96506286e-02
    -1.50565445e-01 5.11858463e-02 1.55299711e+00 -6.76488996e-01
    8.80359828e-01 3.49077225e-01 -5.13052166e-01 -4.80145335e-01
    1.06356680e+00 -6.92585707e-01 6.69809282e-01 1.32479930e+00
    6.72252893e-01 -4.75076109e-01 1.62579989e+00 1.64617574e+00
    8.02886963e-01 -6.93203270e-01 6.11493647e-01 -6.74738109e-01
    2.47125506e-01 3.70016396e-01 -4.37226921e-01 -3.56370896e-01
    3.97271752e-01 3.71304154e-01 6.81144595e-02 -4.69757468e-01
    4.31270599e-02 6.56466901e-01 1.56033444e+00 4.60200667e-01
    6.29873097e-01 1.22744679e+00 7.71434486e-01 1.33438730e+00
    1.08506739e-01 5.71363151e-01 4.57708895e-01 -4.05197740e-02
    5.29497623e-01 -5.81787586e-01 5.61680436e-01 1.33609819e+00
    -6.12271190e-01 1.27884936e+00 -6.14876747e-01 -1.98416770e-01
    8.55073035e-01 1.51455784e+00 -4.32118863e-01 1.20349061e+00
    -1.94055557e-01 -4.41444159e-01 6.96066201e-01 3.05529237e-02
    1.25228882e+00 8.78718853e-01 -2.79699862e-01 1.71034479e+00
    -7.59720206e-02 -3.50422263e-02 1.28388906e+00 -9.04995203e-02
    9.17503238e-02 -1.05438948e-01 -1.44546866e-01 1.41286635e+00
    1.17947948e+00 -5.26261330e-03 1.26808167e+00 -2.74974763e-01
    3.83009911e-02 -1.56811237e-01 4.75980163e-01 6.15648866e-01
    3.36523056e-02 1.69980037e+00 -7.43186235e-01 8.81270707e-01
    1.43891168e+00 2.74073064e-01 -5.26855528e-01 9.80363488e-02
    -5.09261847e-01 1.21641827e+00 -2.86735833e-01 9.66346323e-01
    -5.36066234e-01 1.75297260e+00 3.63957584e-01 1.60957265e+00
    9.13882852e-02 1.19952095e+00 -1.27001226e-01 7.50026584e-01
    -2.93090224e-01 3.55398834e-01 -2.24898219e-01 6.41701996e-01
    5.53424299e-01 4.17655587e-01 1.05872929e-01 1.07713437e+00
    9.41580534e-02 1.46261454e+00 -4.84998405e-01 1.64223385e+00
    9.51364756e-01 1.24423647e+00 -2.28577137e-01 8.38890076e-01
    -6.04943514e-01 -4.78512555e-01 4.47148681e-01 1.47957575e+00
    -6.94251597e-01 8.33871722e-01 -3.14249516e-01 7.47730076e-01
    1.62306023e+00 1.69233835e+00 8.84581387e-01 7.77536452e-01
    -8.56749415e-02 1.02283537e+00 9.38090682e-02 1.54241288e+00
    -5.81036508e-01 -6.17938638e-02 -4.75409001e-01 -1.68681920e-01
    1.04576111e-01 2.60484040e-01 -2.21314698e-01 5.90897381e-01
    6.36411071e-01 7.24765718e-01 9.81205821e-01 1.56764293e+00
    8.51681292e-01 -2.42986381e-01 -7.25250244e-02 1.12900567e+00
    8.13551486e-01 5.27750075e-01 7.79081881e-01 -5.64970970e-02
    4.86822188e-01 1.35774791e-01 4.73245978e-02 6.75398052e-01
    1.45869136e+00 -5.46049595e-01 -6.31939769e-02 6.44385159e-01
    1.57223403e+00 1.42349708e+00 -1.26363099e-01 -5.66920042e-01
    8.14527273e-01 8.90005529e-01 9.95503426e-01 3.41253817e-01
    -7.01717496e-01 1.22432756e+00 -1.71442509e-01 8.07582736e-02
    1.08655715e+00 1.67128348e+00 -4.08583879e-03 -1.19174719e-01
    1.24871969e+00 9.83862996e-01 1.56654155e+00 1.36216402e+00
    6.51530981e-01 1.34967387e-01 -6.94975793e-01 1.15706563e+00
    9.70726013e-01 1.62314248e+00 6.22406423e-01 1.67282748e+00
    -7.34774053e-01 -6.20982051e-02 1.61742711e+00 6.91556931e-02
    1.13862824e+00 3.32218647e-01 1.10867333e+00 1.46142328e+00
    -1.87375844e-01 -6.78175688e-03 -6.08434558e-01 1.18341613e+00
    5.99426806e-01 1.35490298e-02 1.16181731e-01 -1.22359276e-01
    1.35939884e+00 -5.54049611e-01 1.41198206e+00 5.67992330e-02
    -4.46457684e-01 2.28734910e-01 5.49099088e-01 8.05671930e-01
    -1.52476788e-01 -6.35608196e-01 -1.46178067e-01 1.47991729e+00
    -2.93801397e-01 1.25463939e+00 -2.35092700e-01 3.37343097e-01
    4.26676333e-01 -7.16785669e-01 -7.13964760e-01 1.25518727e+00
    1.41926360e+00 6.48598135e-01 2.42935061e-01 4.00078297e-02
    3.77189934e-01 7.73607254e-01 3.55256796e-01 1.76094067e+00
    -4.07476842e-01 3.92557383e-02 2.86041498e-02 8.36408377e-01
    -3.06885302e-01 5.59131265e-01 -2.09227741e-01 2.63904691e-01
    9.07487392e-01 1.67363405e+00 -2.91144073e-01 9.86781836e-01
    1.16038001e+00 5.32223165e-01 1.60735786e-01 5.03205180e-01
    -2.50935018e-01 6.10249639e-01 2.21753716e-01 -2.91556537e-01
    1.92385256e-01 1.40939248e+00 1.52141809e+00 -5.59582114e-02
    7.25758076e-03 7.94540763e-01 1.40331769e+00 9.92850661e-01
    1.76476538e-01 -4.23761874e-01 1.24223375e+00 1.22203302e+00
    -4.14710343e-01 -1.82198167e-01 9.25921261e-01 1.71487617e+00
    -1.75418377e-01 1.40012896e+00 8.41474831e-01 -4.18068767e-02
    1.57321084e+00 1.45551348e+00 1.43118882e+00 7.10109890e-01
    1.37664676e+00 -3.88422281e-01 1.28512609e+00 1.10880101e+00
    -3.21097821e-01 -1.89703107e-02 1.67888939e-01 1.36794102e+00
    1.57855392e-01 3.17729950e-01 7.82196641e-01 6.92780435e-01
    -7.21159160e-01 3.88108730e-01 8.14021051e-01 -6.48488760e-01
    1.72091901e+00 1.39729762e+00 1.27606761e+00 1.62892139e+00
    5.42946935e-01 -6.41814113e-01 -1.42075539e-01 1.56926036e+00
    1.38283372e-01 -1.53419673e-01 1.26105094e+00 -2.54697114e-01
    1.67102170e+00 1.43814158e+00 6.89283192e-01 6.83541656e-01
    -6.38127804e-01 1.69682586e+00 2.44133711e-01 -5.04405975e-01
    -3.44858557e-01 1.35665345e+00 1.03451645e+00 -3.19939256e-01
    -5.97191811e-01 9.27984536e-01 1.10487843e+00 -3.06156814e-01
    -2.42243975e-01 -6.86484754e-01 2.09901452e-01 1.73966587e+00
    -2.15011477e-01 -2.45757222e-01 2.73945451e-01 5.85820675e-01
    -7.51671195e-02 7.30222225e-01 1.44272006e+00 -3.40640545e-04
    7.15078413e-01 1.44341445e+00 -5.63185632e-01 2.28226185e-01
    8.85427654e-01 4.11552250e-01 1.30691957e+00 1.00921750e+00
    8.46235752e-02 5.89679122e-01 1.60199213e+00 5.96205354e-01
    1.49065924e+00 -2.56836951e-01 1.38881469e+00 1.35803485e+00
    -6.56475186e-01 8.50017130e-01 1.24553192e+00 4.90565479e-01
    -6.12614095e-01 -2.17151642e-01 2.52410710e-01 2.81107843e-01
    8.46802831e-01 -1.30108178e-01 5.26765883e-01 1.65690804e+00
    1.20165217e+00 7.00552583e-01 1.36936903e-01 2.86249340e-01
    1.22706938e+00 1.01750910e+00 -1.36253119e-01 -6.41330242e-01
    -1.66536987e-01 1.43706143e+00 1.31138921e+00 -5.63818097e-01
    -2.08853900e-01 1.31708670e+00 1.57175207e+00 1.20962310e+00
    2.01721966e-01 -5.87842226e-01 1.29603624e+00 1.46550834e+00
    1.81858003e-01 9.80751634e-01 -2.49226689e-02 1.35695767e+00
    -1.15815759e-01 2.98764706e-02 6.84724092e-01 7.72216260e-01
    2.99576223e-01 6.22342408e-01 8.36259365e-01 9.30506825e-01
    -6.72543108e-01 1.18715620e+00 5.85911632e-01 7.06824601e-01
    1.07591558e+00 1.54680777e+00 5.42050362e-01 -6.86817288e-01
    2.43758559e-01 3.55517805e-01 2.33585119e-01 1.33267629e+00
    -4.42210108e-01 1.48261404e+00 1.08964837e+00 1.45257592e+00
    8.33553076e-02 1.00240159e+00 5.03730953e-01 -5.82163393e-01
    5.97825766e-01 5.32143116e-02 -4.75199193e-01 9.98715758e-02
    -3.93134207e-01 1.13679743e+00 1.50778341e+00 1.31769300e-01
    2.87218153e-01 -4.36554998e-01 1.46998405e+00 1.29902327e+00
    -6.79712832e-01 6.76106393e-01 1.33587110e+00 8.56703401e-01
    7.14449346e-01 1.28879023e+00 1.18208766e+00 -2.27651000e-01
    3.55917096e-01 9.83256757e-01 1.59343040e+00 1.68461490e+00
    9.78405535e-01 1.67821920e+00 6.10996485e-02 8.53848040e-01
    1.44964671e+00 1.77593589e-01 9.85726476e-01 3.01570237e-01
    1.20637238e+00 9.54901159e-01 9.09953892e-01 -6.43210113e-01
    2.75326371e-02 5.73080420e-01 1.31412482e+00 1.14984298e+00
    1.32870197e+00 1.65907061e+00 -3.94338071e-01 4.60205257e-01
    1.09755421e+00 3.71208310e-01 1.73176050e+00 1.23176146e+00
    7.70057797e-01 5.12534320e-01 1.53715777e+00 -6.35364950e-01
    1.60081518e+00 7.20788538e-01 5.59912980e-01 1.32597327e+00
    1.34107721e+00 2.80515790e-01 6.25918508e-01 -2.22666383e-01
    -5.42144239e-01 1.18205607e-01 -6.62338734e-02 1.55862975e+00
    -4.63279635e-01 -5.15864313e-01 2.17205346e-01 1.20447707e+00
    1.39683068e+00 1.01622820e+00 7.63452113e-01 -4.77329254e-01
    7.09651113e-02 -2.40919948e-01 -6.80347383e-01 -1.58835649e-01
    1.28484583e+00 1.66807938e+00 8.83317947e-01 4.23252344e-01
    1.10878873e+00 1.56689882e+00 5.64173818e-01 1.51245308e+00
    1.48738456e+00 1.40363634e-01 -4.65349555e-01 -2.65928358e-01
    3.15945625e-01 1.74116158e+00 -7.00898051e-01 1.30462670e+00
    -5.25008559e-01 1.58740699e-01 1.39056134e+00 6.48436248e-01
    5.00152469e-01 1.81786358e-01 5.56942344e-01 -2.10889399e-01
    -3.20823431e-01 2.76486933e-01 1.33068502e-01 8.24797392e-01
    1.63053215e+00 -9.46390629e-03 1.42642069e+00 1.21951723e+00
    1.55175698e+00 7.83316433e-01 4.08132792e-01 -1.06295705e-01
    5.98439813e-01 6.49930894e-01 1.69391882e+00 -5.83668232e-01
    -3.38347733e-01 4.97186601e-01 2.33118057e-01 -3.18853945e-01
    6.14818990e-01 3.47654462e-01 5.48787713e-02 6.12954974e-01
    -5.54138899e-01 7.29273081e-01 -1.05871022e-01 4.86363828e-01
    8.51251364e-01 1.26703644e+00 3.83195162e-01 1.84364080e-01
    1.65862799e-01 8.96843374e-01 -3.80736262e-01 -7.13327944e-01
    -5.61850071e-01 1.01389420e+00 1.30825067e+00 -3.15426707e-01
    -1.01639986e-01 4.21437502e-01 1.61611021e-01 -6.89557731e-01
    -4.96560812e-01 1.13954139e+00 -6.70540035e-01 -2.29021788e-01
    9.84236479e-01 4.46848214e-01 8.80681217e-01 1.18294501e+00
    -5.32063425e-01 1.36176968e+00 1.75701940e+00 1.26414955e-01
    1.22509432e+00 -8.66745710e-02 -1.19122624e-01 9.54923451e-01
    -2.99602836e-01 -4.87924993e-01 1.03615642e+00 -6.73597336e-01
    -6.20477796e-02 1.25972748e+00 1.15935540e+00 1.32856917e+00
    1.72401619e+00 6.68433964e-01 8.12470317e-01 -2.61156559e-02
    3.71215582e-01 -6.82743907e-01 -1.21641517e-01 8.77389967e-01
    5.14319837e-01 1.68650460e+00 1.54734421e+00 -1.18465841e-01
    -2.61054575e-01 2.99142003e-01 8.19179356e-01 2.00544596e-02
    -5.10525346e-01 1.53508997e+00 1.29964757e+00 -5.54344237e-01
    2.21115589e-01 -4.84455705e-01 1.61216140e+00 -1.83375299e-01
    1.75429571e+00 7.33298421e-01 -1.94367409e-01 3.06044459e-01
    3.20648849e-01 7.50062943e-01 1.71615219e+00 -4.99026895e-01
    -6.02542162e-02 1.65423095e+00 1.02548885e+00 3.70600462e-01
    1.52402270e+00 4.49881375e-01 1.07419264e+00 1.51425838e-01
    1.61609125e+00 1.38307023e+00 1.34103417e+00 1.48034132e+00
    3.55547667e-01 8.48757029e-02 8.08768153e-01 -4.83282447e-01
    -3.50774288e-01 1.49743557e-02 1.69136357e+00 -4.41560984e-01
    1.56668985e+00 1.15446711e+00 9.04018164e-01 1.55938971e+00
    2.38731980e-01 1.34868383e+00 9.17474329e-01 1.47421122e-01
    -5.17798781e-01 1.56539023e-01 3.66029143e-02 -4.47227538e-01
    6.59512877e-01 3.81197095e-01 1.09845972e+00 1.39480579e+00
    9.83296692e-01 9.47086155e-01 1.24330187e+00 -6.39228344e-01
    -2.13200748e-01 1.29832244e+00 2.49767423e-01 1.13288116e+00
    1.67764735e+00 5.53549528e-02 -2.87811697e-01 1.52968228e+00
    1.89414322e-01 -5.00264764e-02 1.35725868e+00 9.16827321e-02
    4.52095211e-01 8.18449974e-01 8.02196980e-01 -2.20344305e-01
    1.13475859e-01 1.19047332e+00 -3.59054774e-01 1.28427124e+00
    1.69379330e+00 -4.49644893e-01 3.60247254e-01 1.51482010e+00
    1.69578743e+00 -7.08980203e-01 1.66319358e+00 1.08913660e+00
    1.29805255e+00 -2.06881046e-01 1.01665616e+00 -5.60733676e-01
    3.66342008e-01 8.49941194e-01 -5.43303907e-01 -1.68850482e-01
    4.30195153e-01 1.14983344e+00 2.41958380e-01 1.62907887e+00
    8.05071890e-01 5.01420557e-01 -4.25531864e-02 3.60172927e-01
    1.65752697e+00 1.30791438e+00 8.50785434e-01 -1.80761814e-01
    1.02803385e+00 4.81911898e-02 -9.15420651e-02 1.61142945e+00
    1.60580921e+00 -3.91493082e-01 3.20321023e-01 1.52144003e+00
    -1.98572218e-01 -6.44222617e-01 -5.06436288e-01 6.69093072e-01
    7.25475252e-01 1.04593873e+00 1.54873848e+00 1.50206137e+00
    -6.63378656e-01 -2.75073349e-01 6.19064331e-01 1.25257158e+00
    9.85365510e-02 9.83087838e-01 1.74872994e+00 1.21985483e+00
    1.78332388e-01 6.83144987e-01 -6.12935543e-01 1.19117868e+00
    2.18643606e-01 4.67082858e-01 -5.05398512e-02 3.16129446e-01
    8.68171036e-01 1.91815853e-01 -7.31049299e-01 -1.56722546e-01
    -3.68296057e-01 1.35408974e+00 2.87067056e-01 4.97333944e-01
    -1.39298975e-01 1.37662494e+00 4.79804397e-01 7.95161188e-01
    4.00634289e-01 4.55780745e-01 -3.76722276e-01 -4.51280475e-01
    -5.94117045e-02 1.53097427e+00 1.30754590e+00 1.17783856e+00
    1.25207090e+00 1.63913417e+00 -6.67525530e-01 -5.80907285e-01
    1.09328997e+00 -2.15840995e-01 1.33129311e+00 1.14053106e+00
    6.36332631e-01 5.07378578e-03 -1.81002975e-01 -5.37659407e-01
    6.92914605e-01 5.16121387e-02 1.19398117e-01 1.42991471e+00
    -6.63239539e-01 1.08214617e+00 2.84154177e-01 1.11812997e+00
    2.53189623e-01 1.36006212e+00 2.86747158e-01 1.52789283e+00
    8.08491945e-01 1.83030665e-01 2.94730842e-01 -6.80188954e-01
    -5.85177183e-01 1.16809535e+00 -5.62168896e-01 -3.46049398e-01
    1.14629912e+00 -3.45481068e-01 9.05466676e-01 8.34787011e-01
    1.38323593e+00 -1.49239898e-02 1.26163483e+00 8.01756322e-01
    1.53660381e+00 1.65172386e+00 -5.45601249e-01 1.53020000e+00
    8.73675942e-02 1.64503467e+00 -4.27186072e-01 -5.66769242e-02
    1.21609449e+00 1.02132368e+00 1.09310794e+00 1.48407722e+00
    3.91474783e-01 -9.16318893e-02 1.08669972e+00 -6.84768200e-01
    -1.98159337e-01 8.76778305e-01 -5.70787311e-01 1.22329473e+00
    -2.26256192e-01 4.69291270e-01 1.69466639e+00 1.66711974e+00
    -4.57035989e-01 7.72677660e-02 1.22989202e+00 4.77253258e-01
    2.96208262e-01 4.76601899e-01 8.24745834e-01 -1.94628537e-01
    4.22373295e-01 -4.35767561e-01 -4.96696472e-01 1.43471813e+00
    4.36979949e-01 1.70745325e+00 -6.62690401e-03 1.02425575e-01
    -7.54739046e-02 -4.52264816e-01 6.44770563e-01 1.11610544e+00
    1.67366183e+00 4.31246519e-01 -1.08978391e-01 1.72379816e+00
    1.34945989e+00 6.96245074e-01 6.58538043e-01 4.74722445e-01
    5.67672849e-02 1.67029691e+00 7.13464797e-01 1.37288892e+00
    4.45147216e-01 1.48167133e+00 -5.28345466e-01 1.36104584e-01
    -6.27677441e-02 -2.14940786e-01 1.33653188e+00 4.96279657e-01
    9.08651352e-02 5.57736754e-01 5.64109266e-01 -6.74097061e-01
    -1.85543478e-01 1.39070511e+00 2.13949084e-01 6.38321698e-01
    1.61337233e+00 -6.42144680e-02 5.06921649e-01 7.35666692e-01
    1.45066404e+00 1.98188543e-01 8.05466950e-01 -2.26291001e-01
    1.12597394e+00 6.03551924e-01 1.21857381e+00 9.82572079e-01
    6.09222233e-01 2.27518559e-01 8.89022350e-01 1.05411696e+00
    1.37663555e+00 -3.40889543e-01 -5.78246117e-01 -1.14364743e-01
    5.49596250e-01 -5.46022654e-01 1.11993980e+00 -1.99419260e-01
    -4.66449231e-01 7.58140504e-01 1.52738464e+00 4.02359426e-01
    -4.53454256e-02 2.31658578e-01 -3.95882159e-01 -7.08086669e-01
    2.19473243e-01 1.04038429e+00 1.40786934e+00 2.90606320e-01
    -2.68302560e-02 1.19198799e-01 -8.42573047e-02 -2.16723382e-01
    2.08027482e-01 2.99458861e-01 -4.77134585e-02 1.09609509e+00
    3.36625278e-01 1.67402315e+00 -1.53889120e-01 7.80515134e-01
    1.63403201e+00 1.49129939e+00 1.27002549e+00 1.48177278e+00
    6.53514087e-01 5.40978312e-02 4.54615057e-01 1.16788530e+00
    3.63264084e-01 2.57384300e-01 4.17516530e-01 1.48363876e+00
    8.74920607e-01 3.18077445e-01 1.23875928e+00 1.66833472e+00
    1.08819067e-01 -2.08368301e-02 1.59136868e+00 8.20609510e-01
    1.30849767e+00 1.29057837e+00 -5.21190166e-01 3.91819537e-01
    6.72129273e-01 6.27366900e-02 -9.18132067e-03 4.98300016e-01
    1.64856982e+00 1.12913215e+00 8.79255474e-01 -6.34324789e-01
    2.48534083e-01 -4.67457026e-01 1.16922402e+00 8.25061142e-01
    -7.21975267e-01 5.21660149e-01 -2.23408937e-01 -7.27185309e-01
    1.64139843e+00 9.56899107e-01 1.62069941e+00 -5.03639758e-01
    9.33162391e-01 1.36007130e-01 -5.81863940e-01 1.46919668e+00
    3.07450950e-01 9.95052516e-01 4.16294515e-01 1.67313588e+00
    9.04353321e-01 1.44987404e+00 -7.05760241e-01 9.13348615e-01
    -4.60507721e-01 1.77152634e+00 1.37012815e+00 -6.67582929e-01
    7.15024889e-01 1.25419688e+00 -1.43401265e-01 -2.96154290e-01
    1.83358967e-01 9.77273643e-01 2.05559731e-02 -6.23672009e-01
    -4.66452658e-01 4.19558287e-02 2.73088932e-01 1.17025185e+00
    2.54552364e-01 1.28212976e+00 -5.79713523e-01 3.30939412e-01
    4.83733237e-01 5.00604212e-01 1.14444745e+00 1.71577215e+00
    1.57608092e+00 1.05741787e+00 8.88733089e-01 -4.84827638e-01
    6.50292873e-01 1.38181901e+00 -6.38391674e-01 -2.31070131e-01
    3.60192239e-01 1.04160392e+00 1.59903240e+00 -4.15812135e-01
    1.34336758e+00 -6.33947074e-01 -6.39183581e-01 -1.26098990e-01
    9.93124604e-01 -2.47481585e-01 6.50818706e-01 -3.11965406e-01
    -5.70892692e-02 9.46939647e-01 1.31074905e+00 1.71511865e+00
    1.41287148e-01 1.47492337e+00 1.19783092e+00 2.14113057e-01
    1.55632567e+00 6.53235197e-01 1.05066180e+00 1.38608027e+00
    5.17021835e-01 1.02077079e+00 1.39837790e+00 5.10687709e-01
    -4.58152831e-01 9.74323869e-01 -6.73062980e-01 -2.60439426e-01
    1.05521679e-02 4.52856302e-01 4.80626643e-01 6.50156736e-02
    -2.26297736e-01 -5.44416010e-01 7.20415533e-01 -1.36797667e-01
    3.63680124e-01 1.34624267e+00 9.50856328e-01 3.55156660e-02
    -4.53906506e-01 1.17066193e+00 7.12363899e-01 -1.45523727e-01
    4.89134848e-01 1.40975928e+00 9.05821919e-02 5.11609077e-01
    1.99587941e-02 7.70897508e-01 1.19113755e+00 -2.68087476e-01
    -6.09261513e-01 1.72847247e+00 -6.34959102e-01 8.27560544e-01
    8.88743162e-01 1.04637861e+00 -4.57550883e-01 5.76058745e-01
    2.41191268e-01 -4.52320129e-01 -6.22956812e-01 8.40103865e-01
    1.61468327e+00 1.53341842e+00 6.31998479e-01 7.74638712e-01
    5.44005036e-01 -6.47818983e-01 8.02830696e-01 -7.00702071e-01
    1.75605917e+00 1.58909082e+00 -4.34378386e-02 7.91072667e-01
    1.50633073e+00 2.72965431e-03 1.56707036e+00 -2.38943368e-01
    -5.56625485e-01 1.23300672e+00 8.03349555e-01 1.51366043e+00
    4.93651986e-01 1.21497488e+00 -4.51791316e-01 1.18608117e+00
    -2.73426175e-02 9.78262424e-02 -5.86010456e-01 2.78287768e-01
    1.66254330e+00 -2.32136846e-01 4.71593976e-01 -3.03502083e-02
    7.62574077e-02 4.01986301e-01 -2.71206200e-01 1.48458719e+00
    5.77548802e-01 -1.20155573e-01 -3.26805174e-01 1.65402830e+00
    9.43367600e-01 -3.91281933e-01 1.13414752e+00 3.04861128e-01
    1.04929066e+00 -2.74470448e-02 -5.56528986e-01 9.09246147e-01
    5.19285083e-01 -7.22409964e-01 6.84589148e-01 3.53947580e-01
    -3.05875659e-01 -7.42744386e-01 1.68804550e+00 4.06776726e-01
    1.23293567e+00 6.53747082e-01 6.56762600e-01 5.25917828e-01
    -6.15808547e-01 1.06806684e+00 4.74516392e-01 -3.39641899e-01
    1.11096966e+00 1.11345148e+00 9.62998688e-01 2.40055203e-01
    1.31098962e+00 1.51260471e+00 1.39077950e+00 -6.03113949e-01
    6.54955864e-01 -1.18316591e-01 -6.53273582e-01 -7.26411045e-01
    -4.74231869e-01 1.08252358e+00 1.73586130e-01 1.40189826e+00
    -6.80011094e-01 3.84019792e-01 7.13188648e-01 1.25648713e+00
    1.17015123e+00 -2.13572443e-01 -5.41874647e-01 7.86799669e-01
    -5.79602420e-01 1.09318781e+00 -5.09505510e-01 1.72147632e+00
    5.11318445e-02 4.33768153e-01 9.47263241e-01 1.27835131e+00
    4.31715846e-02 1.66449547e-02 7.52319694e-01 1.06015062e+00
    1.12442398e+00 1.27560616e-01 6.45673692e-01 1.29202187e-01
    1.08785474e+00 -6.60615504e-01 3.50866735e-01 2.02920675e-01
    1.05512524e+00 -1.18067622e-01 -3.38248223e-01 1.10093474e+00
    1.10250235e+00 -2.92595118e-01 9.20189440e-01 -8.43274593e-02
    1.32907867e+00 -5.09131670e-01 1.58557713e+00 1.11712158e-01
    1.06898391e+00 -2.39211142e-01 1.70254946e-01 9.73881066e-01
    5.98807335e-02 4.54783022e-01 6.12916768e-01 1.43670249e+00
    7.77575970e-01 1.63808060e+00 2.29367614e-01 1.29124725e+00
    5.58552206e-01 1.08256865e+00 1.58485341e+00 1.41382861e+00
    5.28760314e-01 1.61512303e+00 1.13499188e+00 3.97332489e-01
    -1.35611773e-01 1.23544574e-01 -3.05893362e-01 6.53123856e-03
    1.65124536e-01 -6.49487495e-01 -5.60937524e-01 1.56389856e+00
    -3.28070700e-01 -4.11018372e-01 -4.87456918e-02 -4.54968989e-01
    1.25938725e+00 -1.99242234e-02 -5.36974669e-02 8.81621242e-02
    1.62579751e+00 -6.59007072e-01 1.72836018e+00 6.75783098e-01
    7.72901952e-01 3.89942527e-02 2.37538040e-01 -1.13764465e-01
    -3.06951642e-01 1.70993626e+00 -6.64591134e-01 1.17597532e+00
    8.21711540e-01 -1.60721540e-02 3.06200624e-01 1.91415608e-01
    -5.79761624e-01 -1.65636480e-01 3.42475474e-01 -2.04864621e-01
    1.20599627e-01 1.10758162e+00 3.33406746e-01 -6.89929724e-01
    1.27243090e+00 2.59110093e-01 2.70144343e-02 4.68827367e-01
    6.83017671e-01 2.31166482e-02 1.66873026e+00 -5.73563099e-01
    1.32807708e+00 1.30792952e+00 -3.86002511e-01 5.07292569e-01
    -3.39430153e-01 -3.09469491e-01 1.19645751e+00 -1.53953612e-01
    1.61560559e+00 -2.49040127e-02 4.13905263e-01 6.67236745e-01
    -1.12671793e-01 8.72158349e-01 1.67055845e+00 4.38978314e-01
    1.03955960e+00 -6.79043293e-01 2.04464614e-01 8.82973492e-01
    -1.11267745e-01 8.15113187e-01 1.50193024e+00 1.40608692e+00
    1.42324829e+00 -4.27737236e-02 8.09905827e-01 1.02574813e+00
    7.31426239e-01 8.07683051e-01 3.75907063e-01 6.74489141e-02
    -5.55669665e-01 -6.29320383e-01 6.67344987e-01 -4.58266139e-02
    7.23893881e-01 3.04475605e-01 7.00116158e-03 -3.04617763e-01
    8.11368883e-01 -2.55071044e-01 -6.26171112e-01 1.05922782e+00
    1.66414952e+00 1.52201295e+00 -3.25309366e-01 7.77086616e-01
    1.29204202e+00 -7.57624805e-01 8.06918561e-01 -6.53730035e-02
    -3.03035140e-01 1.40573013e+00 1.45264101e+00 1.72828150e+00
    1.48043036e+00 1.68976808e+00 1.42246306e+00 6.32281840e-01
    -4.79253024e-01 1.70701146e+00 1.03405595e-01 -1.21297359e-01
    5.07752061e-01 1.25930119e+00 1.75366700e-01 -5.94294608e-01
    1.30139279e+00 -5.07810593e-01 4.18048918e-01 -5.36712110e-01
    1.40743613e-01 -6.60471916e-01 -3.60468000e-01 1.13170326e-01
    3.04197669e-01 6.36780679e-01 -5.93225837e-01 1.70416784e+00
    -5.91513455e-01 -5.39505363e-01 1.00392604e+00 1.57740593e+00
    5.92601597e-01 2.85123587e-01 -6.23448551e-01 5.43480515e-02
    1.10802317e+00 1.45350051e+00 1.01969862e+00 2.39095688e-02
    1.71692204e+00 -1.80853784e-01 1.46922660e+00 -2.43499875e-02
    8.26922655e-01 1.56784296e-01 6.04904175e-01 1.78033888e-01
    1.41248345e+00 7.73299515e-01 -9.31404233e-02 8.30901325e-01
    8.21084201e-01 6.69016480e-01 -3.74745995e-01 -2.74716616e-02
    -3.21731448e-01 3.96725059e-01 1.15866125e-01 -4.25917149e-01
    9.31696713e-01 3.02640557e-01 7.42014945e-01 2.12705076e-01
    -5.01425266e-02 1.29242826e+00 -3.57115269e-01 1.15247774e+00
    1.17477214e+00 7.97003388e-01 -7.31819987e-01 -5.00840664e-01
    -1.01725578e-01 3.36263955e-01 -4.94601697e-01 1.01737201e+00
    1.65059853e+00 6.01347089e-02 4.07832861e-02 4.30868149e-01
    1.66515756e+00 -6.92236245e-01 2.81189561e-01 4.84483063e-01
    2.08886981e-01 9.35191214e-01 1.48376751e+00 -6.62758291e-01
    3.08349252e-01 -3.22913945e-01 -4.22132850e-01 -3.00921470e-01
    1.57427359e+00 9.24144804e-01 4.54954267e-01 1.40335631e+00
    1.91778541e-02 1.08329690e+00 9.67240989e-01 1.18125892e+00
    1.56389105e+00 7.18626797e-01 6.92212582e-02 6.01957619e-01
    1.03570199e+00 3.31719756e-01 3.57770085e-01 8.23795140e-01
    1.13359547e+00 -5.74814796e-01 -4.83729243e-01 -6.00729942e-01
    -6.68297231e-01 -5.23261905e-01 1.65801644e+00 2.72106826e-01
    5.38183212e-01 1.62662578e+00 1.29606068e+00 1.47507143e+00
    7.61396289e-01 -3.12711477e-01 6.35483265e-01 -4.67272013e-01
    7.29281902e-02 -2.17828453e-01 3.14510822e-01 -3.30626190e-01
    -7.02109158e-01 -5.55396378e-01 -6.10179186e-01 1.44524336e+00
    -6.58306360e-01 8.84701669e-01 1.72512507e+00 1.69561517e+00
    6.08278573e-01 1.24359298e+00 8.03114772e-01 -2.46128201e-01
    1.14931571e+00 9.92453039e-01 6.42957687e-01 -1.25462711e-01
    1.37582517e+00 2.49402463e-01 1.06710434e+00 8.49370718e-01
    9.86150384e-01 2.83156693e-01 1.35194480e-01 1.43946135e+00
    -4.94736046e-01 -7.59104431e-01 9.93015289e-01 1.26626730e+00
    -7.20831752e-02 3.68386507e-03 1.06084204e+00 1.60889947e+00
    1.65127516e-02 1.66216969e+00 -1.97884321e-01 -2.50476778e-01
    7.69893289e-01 -3.19981694e-01 1.31591892e+00 -3.15261900e-01
    1.61017072e+00 9.15259719e-02 -6.00347936e-01 -5.60008883e-02
    -4.35909599e-01 -8.84595513e-02 8.42979252e-01 -4.79705930e-02
    1.29888892e-01 -2.68955201e-01 6.48592293e-01 2.11721897e-01
    -6.19144380e-01 8.91461194e-01 -4.74699110e-01 3.22185576e-01
    7.72282183e-01 1.63058758e+00 1.26870883e+00 9.99023259e-01
    1.44866443e+00 1.04414880e-01 8.85819018e-01 9.71634567e-01
    1.60722017e+00 1.24780142e+00 3.99860024e-01 5.40785372e-01
    8.80195081e-01 7.70643830e-01 4.30135310e-01 -7.29862809e-01
    4.63099599e-01 -5.12675524e-01 7.41271913e-01 1.43446898e+00
    -2.68883705e-02 7.63845682e-01 1.56882429e+00 -6.12002671e-01
    1.07138300e+00 7.68185437e-01 -3.26659024e-01 1.48063672e+00
    4.94141519e-01 7.50947118e-01 8.66539478e-01 1.42866600e+00
    2.72596478e-01 5.56081772e-01 -7.36064076e-01 9.48109746e-01
    9.33003247e-01 1.00132394e+00 4.02107954e-01 -1.99251294e-01
    1.22148395e-02 6.37122273e-01 1.45086837e+00 4.82982993e-01
    2.57077456e-01 3.26741219e-01 1.03040862e+00 -8.69936943e-02
    4.26838398e-01 7.90738463e-01 1.35233700e-01 9.53437328e-01
    -5.46460092e-01 1.37863803e+00 1.38411665e+00 1.39533651e+00
    1.28438187e+00 1.64599574e+00 -1.55573368e-01 -5.37802696e-01
    1.06116319e+00 4.64679182e-01 5.72906792e-01 1.34681773e+00
    1.31141400e+00 3.03904176e-01 -5.87140501e-01 1.60741305e+00
    8.59165490e-01 -4.37040359e-01 1.59013462e+00 1.70373964e+00
    1.24157214e+00 -4.32919264e-02 1.65964556e+00 8.34565818e-01
    -1.54127061e-01 -4.64144379e-01 -3.28852952e-01 1.62297487e-02
    1.01545501e+00 -3.36653411e-01 1.74835622e-01 5.55105865e-01
    2.00022578e-01 9.51015353e-02 1.77968514e+00 2.79907763e-01
    5.19894302e-01 -5.32266974e-01 8.13022077e-01 1.30861413e+00
    -1.83673561e-01 6.96993053e-01 1.67997909e+00 1.24791908e+00
    -4.41913992e-01 1.53973341e-01 6.43881202e-01 1.44578803e+00
    -3.64550054e-01 4.96217012e-01 -2.18906701e-01 9.30096805e-01
    -6.47310495e-01 4.08663630e-01 1.13186860e+00 1.43713832e+00
    2.12602496e-01 3.13088715e-01 2.54415631e-01 -7.38538027e-01
    5.43199718e-01 8.31000149e-01 1.10968542e+00 1.48907924e+00
    -3.93550932e-01 -1.87174976e-01 9.64502752e-01 8.18819821e-01
    3.10203195e-01 9.78518784e-01 -5.17317891e-01 6.67708933e-01
    -4.15951014e-02 1.61091948e+00 8.17896366e-01 1.67369413e+00
    1.40483809e+00 -1.22536838e-01 -1.60042822e-01 5.74386120e-03
    5.87584972e-02 -1.43445313e-01 8.23996246e-01 8.68289351e-01
    1.19639409e+00 1.77055895e-01 9.25658464e-01 1.05135679e+00
    9.26445186e-01 4.27510500e-01 1.45816588e+00 9.06530917e-01
    7.86229849e-01 7.16292560e-01 -4.48878884e-01 -3.83607924e-01
    1.09247327e-01 -3.93043756e-02 1.27113760e-01 1.65805840e+00
    6.74170613e-01 -3.54415417e-01 6.17108524e-01 -2.78199494e-01
    2.96612024e-01 1.00978887e+00 1.34363413e+00 1.65032268e+00
    1.18642950e+00 -7.31866002e-01 4.63367164e-01 1.56304121e+00
    1.23648024e+00 -6.26247227e-01 6.63506091e-01 7.77345181e-01
    4.06918168e-01 6.57261014e-01 1.22431803e+00 1.65692425e+00
    -3.99506092e-03 1.75375462e+00 1.35630751e+00 -1.13923371e-01
    9.18490887e-02 1.10076809e+00 -1.27048850e-01 -6.16640568e-01
    1.49736118e+00 1.22816241e+00 1.60772741e+00 6.05819046e-01
    1.38061082e+00 8.79026055e-02 2.01442540e-01 1.75125003e-02
    2.02034295e-01 1.27103293e+00 1.31879056e+00 -6.07591212e-01
    5.87037623e-01 -2.43525326e-01 9.55046654e-01 -5.90864897e-01
    -5.79509199e-01 8.74723792e-01 1.03926253e+00 -1.94320440e-01
    1.40340304e+00 1.27766228e+00 -5.43634832e-01 -3.62154782e-01
    5.05428851e-01 -2.09683776e-01 1.19412851e+00 1.64544153e+00
    1.64927983e+00 -8.82037878e-02 -2.88748652e-01 -1.49019361e-02
    7.23122001e-01 1.37412524e+00 -2.71956801e-01 1.51232743e+00
    7.39887893e-01 -6.48232341e-01 -5.21478236e-01 1.98508918e-01
    1.28606582e+00 -5.16509593e-01 1.32530248e+00 -6.86098874e-01
    5.70730448e-01 -1.42905354e-01 -1.45822108e-01 1.40479195e+00
    1.46483755e+00 7.43756413e-01 8.38557243e-01 -1.40638888e-01
    8.66557121e-01 1.39280653e+00 8.57580364e-01 1.61823440e+00
    -6.03366077e-01 2.73118615e-01 -4.93724644e-01 8.23107481e-01
    -3.72781366e-01 -2.13241875e-01 -1.34727955e-01 1.35590732e-01
    8.77045929e-01 -4.58513618e-01 -3.79415154e-02 -1.29254937e-01
    1.27210832e+00 1.76940966e+00 7.10869431e-02 4.69245613e-01
    -6.72107339e-01 1.61627734e+00 1.02728271e+00 1.06155705e+00
    -4.79623914e-01 4.75339234e-01 8.52388322e-01 9.80118990e-01
    7.91800082e-01 2.73630023e-02 1.85380101e-01 1.19218647e-01
    1.32489336e+00 -7.39804626e-01 -6.81895018e-03 -4.02156115e-02
    -3.91112179e-01 7.34218359e-01 4.42497313e-01 1.09325552e+00
    1.49857700e+00 9.83777881e-01 6.30929530e-01 1.39966452e+00
    8.31023455e-02 -3.37609053e-02 -4.31496441e-01 8.78236711e-01
    -4.40011412e-01 3.64739120e-01 -6.19052947e-01 1.23569608e-01
    3.95667553e-01 8.27463508e-01 5.17506540e-01 7.46273398e-01
    1.33324039e+00 1.17741144e+00 -4.51614112e-01 -6.39939308e-02
    -1.33440137e-01 9.56118941e-01 1.22738516e+00 -1.28926456e-01
    -2.59877622e-01 1.32726085e+00 1.47074270e+00 6.64473832e-01
    6.66221976e-02 -9.63960886e-02 8.29388797e-01 1.53435302e+00
    1.27481413e+00 1.67959714e+00 2.57118165e-01 5.78588426e-01
    -2.62086391e-02 -1.84682786e-01 -2.00170398e-01 8.12115371e-01
    2.59489477e-01 -7.09720969e-01 5.27417898e-01 1.64438200e+00
    5.84860802e-01 1.51790142e+00 1.51968193e+00 -1.09584570e-01
    -3.36170852e-01 5.24673522e-01 4.40652311e-01 -1.65631175e-01
    7.57924855e-01 1.50282884e+00 1.24458861e+00 -3.39729220e-01
    1.30502462e+00 -6.42204821e-01 7.79893935e-01 -6.68904781e-02
    1.14769220e-01 1.67969465e+00 7.02435613e-01 5.96935332e-01
    1.46633005e+00 5.06451428e-01 4.13945138e-01 2.95325518e-01
    1.04388595e+00 1.12183094e-01 1.68434489e+00 7.06858039e-01
    -6.06780350e-01 -1.74729288e-01 1.08804893e+00 1.53537536e+00
    5.68835735e-01 1.56394327e+00 -3.16763639e-01 -1.46949708e-01
    1.33325005e+00 3.76097739e-01 2.13473618e-01 9.49132323e-01
    1.83987498e-01 9.40222025e-01 1.02517533e+00 -2.32802749e-01
    9.84617472e-01 -1.64199352e-01 8.93896997e-01 -1.02924585e-01
    3.65026951e-01 3.86699259e-01 -6.52564168e-01 4.63141322e-01
    1.82706237e-01 -1.44282699e-01 1.23970687e-01 3.52050722e-01
    -6.29848003e-01 1.10754776e+00 -5.88073015e-01 -3.08515251e-01
    -5.28981090e-02 1.80469751e-01 -6.91011250e-01 -2.54411697e-01
    1.50761771e+00 7.35406816e-01 -3.59302878e-01 -6.77747011e-01
    8.72338057e-01 8.15537453e-01 1.39616406e+00 -1.09525919e-01
    1.17005682e+00 -4.88679498e-01 5.82639217e-01 1.53305459e+00
    1.55748439e+00 1.69203949e+00 2.76543796e-01 -3.33468616e-01
    1.43698406e+00 1.65232277e+00 8.85626256e-01 1.43575251e+00
    3.66269171e-01 1.14227271e+00 1.01118827e+00 -7.43598521e-01
    1.53693271e+00 1.65917230e+00 1.48369896e+00 4.27963316e-01
    1.03527272e+00 6.42915785e-01 1.64010453e+00 1.59772015e+00
    3.29952598e-01 8.83037984e-01 -1.90816581e-01 -7.06715822e-01
    9.56282616e-02 1.52430987e+00 -3.09750706e-01 7.00406969e-01
    6.68663979e-02 1.58311927e+00 1.22786856e+00 8.02504361e-01
    1.28678775e+00 8.11956525e-01 8.31717253e-03 1.51898801e+00
    1.62581325e-01 4.88581181e-01 -3.51053327e-01 9.32704508e-01
    -8.87985826e-02 5.73350787e-02 -1.72375262e-01 9.82050955e-01
    3.85801792e-02 1.11499763e+00 -5.41149378e-01 -3.80921513e-01
    1.36478329e+00 1.86045170e-01 1.41528344e+00 -3.99724573e-01
    1.17751360e-02 9.27428782e-01 -4.62110281e-01 7.78938234e-01
    1.24232590e+00 5.75932980e-01 7.07455158e-01 3.55041325e-01
    -1.83134019e-01 5.30452788e-01 1.15642095e+00 4.78359103e-01
    1.67162895e+00 4.04617965e-01 -2.26309806e-01 -5.36680639e-01
    -4.22931373e-01 5.98916829e-01 -1.28656149e-01 -6.15693092e-01
    1.08079255e+00 -5.24972916e-01 7.04063296e-01 1.24666286e+00
    -5.21356463e-02 -2.47504830e-01 -1.89585507e-01 1.22093892e+00
    7.03708708e-01 -1.32651091e-01 -5.85009933e-01 1.40279746e+00
    -3.23190331e-01 -1.71513975e-01 1.06217682e-01 -1.60040259e-02
    1.48971319e+00 6.42762482e-01 -5.85821092e-01 -5.16748428e-03
    1.83925629e-01 1.05353785e+00 3.07853818e-01 7.94267535e-01
    5.70123792e-01 -1.49014413e-01 9.06900167e-01 6.02605522e-01
    2.75104225e-01 -5.42688429e-01 1.13229537e+00 5.53087592e-01
    9.77010787e-01 4.80395019e-01 -6.03435278e-01 1.58034956e+00
    1.38380384e+00 7.79665828e-01 2.22880840e-02 1.70187199e+00
    -3.77353430e-01 1.29459476e+00 1.02247667e+00 5.81732273e-01
    7.01906741e-01 1.39895296e+00 1.75689697e-01 3.15445185e-01
    1.01669765e+00 5.86438477e-01 3.32836747e-01 -2.23507911e-01
    5.80791891e-01 1.57475972e+00 -4.89217579e-01 7.65462995e-01
    -1.36903584e-01 -4.64663804e-01 1.63623750e+00 1.37901390e+00
    2.09885776e-01 -9.82704759e-02 7.13895380e-01 2.86961913e-01
    -6.22860730e-01 5.07796407e-02 1.17732215e+00 1.73968220e+00
    -3.32571596e-01 5.91574371e-01 -5.13784051e-01 7.52528787e-01
    9.44852471e-01 3.48843932e-02 1.56626701e+00 -5.88519692e-01
    4.90391493e-01 7.96094477e-01 2.80836225e-01 1.28626657e+00
    1.15264904e+00 1.30297291e+00 -2.68383473e-01 -2.90720880e-01
    1.18628943e+00 -6.93365753e-01 1.37622786e+00 -4.06351358e-01
    1.46116614e+00 8.00454617e-03 1.38750124e+00 -2.43955970e-01
    -3.50070298e-01 -2.60431528e-01 3.06860030e-01 1.09296894e+00
    1.29508734e-01 -4.26632166e-01 9.55208182e-01 3.49299312e-02
    4.28620815e-01 -5.55462122e-01 -5.16679883e-02 -1.25290096e-01
    -6.06499076e-01 4.42287266e-01 -2.27314234e-01 1.42445874e+00
    -2.10303068e-02 9.98711288e-01 -2.44092882e-01 8.35335493e-01
    9.60853159e-01 1.68455148e+00 5.18157482e-02 -2.04734266e-01
    6.11541390e-01 5.00877917e-01 1.82649851e-01 -3.16812068e-01
    1.30431509e+00 1.34552121e-02 1.47128987e+00 1.45179200e+00
    1.59893632e-01 -4.00533438e-01 -1.02244914e-01 -5.32382309e-01
    -6.72536433e-01 1.75382113e+00 -2.81291157e-01 3.05401683e-01
    -5.06193221e-01 7.26638377e-01 6.23896658e-01 8.30012441e-01
    1.22950006e+00 9.89477038e-02 8.98525715e-02 6.29299283e-01
    1.53455853e-01 -4.51064557e-01 8.59232664e-01 3.72736037e-01
    1.60561860e+00 3.30184400e-01 -4.61234659e-01 -6.85617149e-01
    1.07895875e+00 -5.38751900e-01 -5.23575664e-01 9.86527205e-02
    9.62649047e-01 4.80111599e-01 -3.93021256e-01 3.49967182e-01
    2.90291190e-01 -5.59135854e-01 -8.30926895e-02 -1.66649520e-01
    9.20680881e-01 -5.36248147e-01 1.57501757e-01 -6.63718522e-01
    1.46590590e+00 1.54009247e+00 3.10695946e-01 1.42992949e+00
    -1.79929733e-02 8.19959223e-01 8.43638062e-01 -2.04482377e-01
    1.23713231e+00 -1.18217409e-01 1.61711705e+00 1.61061919e+00
    9.24769700e-01 -4.15547043e-01 1.19808340e+00 2.22912371e-01
    1.09918833e+00 3.21159720e-01 2.85975933e-01 -5.42266548e-01
    -3.52224648e-01 3.12296629e-01 2.17453122e-01 -6.37687683e-01
    1.65905809e+00 -1.67146504e-01 1.11204338e+00 9.44514751e-01
    3.85939717e-01 1.30026340e+00 5.29855907e-01 1.12970614e+00
    9.60487008e-01 1.49527979e+00 -4.28706199e-01 -5.86615562e-01
    5.50700188e-01 4.05203879e-01 1.23453927e+00 1.57833922e+00
    1.46534920e+00 5.07141352e-01 -4.97676820e-01 -4.54093307e-01
    1.90156281e-01 1.56840539e+00 -4.67018634e-01 -6.97931945e-01
    1.68054032e+00 -4.60832149e-01 7.66561031e-02 -2.94501096e-01
    1.15940523e+00 1.42892981e+00 5.75494707e-01 2.01236844e-01
    -4.58234012e-01 1.37391615e+00 2.15498865e-01 -3.72626066e-01
    1.28122520e+00 3.24098825e-01 -1.10976398e-01 1.26774645e+00
    8.72029006e-01 1.11534071e+00 2.28480339e-01 -4.40189928e-01
    1.27112448e+00 -3.98309469e-01 -1.00152075e-01 1.08104944e-01
    -4.99104977e-01 9.33002591e-01 1.61024237e+00 -5.17908514e-01
    1.35050178e+00 1.74104333e-01 2.90617406e-01 1.46950758e+00
    1.16958821e+00 1.16755903e-01 -6.15247965e-01 8.60386670e-01
    3.93969774e-01 3.09813857e-01 -5.93341053e-01 -2.04037905e-01
    1.56721294e-01 8.21174562e-01 -6.60168707e-01 1.52846599e+00
    -7.16990471e-01 -4.39475179e-01 1.36282742e-01 7.40078390e-01
    -6.79269433e-02 -3.52074504e-01 -3.73905778e-01 1.10918403e+00
    4.61430609e-01 1.51960099e+00 -1.10115349e-01 -2.75934488e-01
    -3.90501082e-01 -5.59366167e-01 -4.43146437e-01 7.17960596e-01
    2.62910843e-01 1.16050291e+00 -3.01252127e-01 7.69528270e-01
    -4.16135788e-03 1.14057148e+00 4.60470021e-01 1.13390410e+00
    7.34974325e-01 3.56781781e-01 -4.59765434e-01 5.05313098e-01
    1.53413951e-01 -6.10956907e-01 -1.25961661e-01 -6.26867414e-01
    3.32340837e-01 -6.50955379e-01 1.30994010e+00 -6.95035934e-01
    1.17637908e+00 1.68502557e+00 -4.28309053e-01 -6.34494185e-01
    -5.03697574e-01 2.36923814e-01 -4.26627785e-01 1.96179926e-01
    -2.70940125e-01 -2.68899649e-01 -6.09314799e-01 1.53104663e+00
    1.72047579e+00 1.37020016e+00 1.70729637e+00 1.14826822e+00
    1.18400860e+00 -2.62475014e-02 1.46142948e+00 -1.28655970e-01
    2.97125638e-01 1.20627618e+00 -6.44732118e-02 1.45116258e+00
    1.10031128e+00 1.47328019e-01 2.51196623e-02 6.94550335e-01
    1.05590510e+00 6.70170665e-01 -6.80574179e-01 1.77065039e+00
    3.35044563e-01 -4.59915042e-01 3.20810378e-01 4.42136765e-01
    -3.42861027e-01 7.36074150e-01 3.88423622e-01 -6.03701174e-01
    5.24919569e-01 2.52386391e-01 -6.55025244e-03 -4.40783888e-01
    5.65063000e-01 1.72959137e+00 8.77636135e-01 2.62854874e-01
    1.49729717e+00 3.28119695e-01 3.58759642e-01 7.46436238e-01
    1.17506325e-01 7.68881142e-01 -6.32646203e-01 1.72812247e+00
    -2.19768882e-01 -5.06084263e-01 5.60699403e-01 -3.03105086e-01
    1.04632425e+00 5.38057685e-01 1.39449263e+00 -5.20104408e-01
    8.71632814e-01 -3.12406719e-01 8.74809504e-01 1.27029395e+00
    -9.40638781e-03 1.40929341e+00 1.09261847e+00 1.24289417e+00
    1.35276914e+00 -5.45261800e-01 -4.90474105e-02 2.94957280e-01
    3.87555420e-01 1.44419789e+00 3.45677912e-01 9.61370647e-01
    8.33211541e-02 -5.59840798e-01 9.99505520e-01 1.40031862e+00
    -9.79497433e-02 1.15710533e+00 -2.11737216e-01 9.78708744e-01
    5.37724257e-01 1.64551830e+00 6.10981047e-01 -6.15837634e-01
    9.10658300e-01 7.68736005e-02 4.30407047e-01 1.08245778e+00
    7.33014822e-01 1.09779239e-02 1.48915458e+00 8.86499465e-01
    1.56148958e+00 -1.50888503e-01 7.13970959e-01 -7.07844496e-02
    1.27272427e+00 7.11862564e-01 1.19275773e+00 -8.85924697e-02
    -1.78900361e-01 1.01997721e+00 -5.79411149e-01 1.27410281e+00
    1.12593126e+00 1.69157028e+00 9.55544889e-01 -6.00934267e-01
    1.01514149e+00 1.72549868e+00 1.70307219e+00 -7.21075416e-01
    -3.81093860e-01 1.08624291e+00 -6.76299810e-01 -4.62743431e-01
    -3.98281842e-01 -2.66742319e-01 6.82249248e-01 -5.44129610e-02
    1.40062165e+00 1.44380796e+00 1.32450628e+00 7.62803137e-01
    2.40698040e-01 -1.76732540e-01 -7.61848092e-02 1.03446555e+00
    1.01355910e-01 -3.15078139e-01 -3.41216475e-01 1.30491447e+00
    1.78797662e-01 1.28733921e+00 -2.83625573e-01 1.51649630e+00
    7.18655050e-01 -3.89166474e-02 -6.71430886e-01 -2.08764434e-01
    1.01443911e+00 5.68189740e-01 1.28617883e-02 1.59251285e+00
    -2.94301391e-01 5.77729702e-01 -1.11568034e-01 1.50683737e+00
    5.77400148e-01 3.78122330e-01 7.44682908e-01 4.24575269e-01
    -7.52256393e-01 1.59643710e-01 -4.46087807e-01 8.47941339e-01
    -6.70435846e-01 1.64730489e+00 8.77448499e-01 -2.08368242e-01
    -2.36421704e-01 1.60240889e+00 -1.78736806e-01 1.47919226e+00
    7.62491465e-01 1.57632160e+00 1.32405853e+00 1.12338185e+00
    3.59314680e-01 8.45546961e-01 -1.20014548e-02 -4.40736592e-01
    1.48012292e+00 -2.40287513e-01 -8.61575007e-02 -5.24108648e-01
    1.43343091e+00 1.71911037e+00 1.20456135e+00 -2.54432946e-01
    1.42820406e+00 5.46790957e-02 5.02396643e-01 -3.47468615e-01
    8.92705500e-01 1.67137027e-01 -2.89076298e-01 1.03558767e+00
    1.68887913e-01 8.68266046e-01 9.83433485e-01 6.90497875e-01
    1.28301144e+00 1.68992472e+00 1.60029769e+00 1.29591906e+00
    1.91187441e-01 2.45745599e-01 1.17183065e+00 9.96585488e-01
    1.72347367e-01 1.45024776e+00 1.00636888e+00 9.17192698e-01
    1.72690833e+00 1.64524496e-01 1.66315615e+00 7.63887763e-01
    8.65402758e-01 -3.64522457e-01 9.86818492e-01 1.14930725e+00
    1.72075951e+00 6.15488470e-01 -3.72561574e-01 8.85238051e-01
    1.65316939e-01 1.73588955e+00 5.47846258e-01 1.10274267e+00
    2.54810095e-01 1.24812412e+00 1.44807792e+00 3.52950394e-01
    -4.16600704e-03 1.09669912e+00 -5.49501717e-01 6.13496900e-02
    -8.79614353e-02 9.64646637e-01 6.84874654e-01 -3.52801681e-01
    5.18562973e-01 1.94776654e-02 -3.31626028e-01 -6.94643259e-02
    -6.30759120e-01 -5.54263413e-01 1.38594747e+00 -6.94041550e-01
    2.95561969e-01 2.29831159e-01 1.51261091e+00 7.86694586e-01
    -2.22400844e-01 -9.27873254e-02 1.58413374e+00 1.02242804e+00
    6.89968646e-01 1.22524905e+00 1.39868116e+00 -4.75286305e-01
    1.35940766e+00 1.68800545e+00 -1.98061645e-01 -5.34183323e-01
    1.48451853e+00 9.47969735e-01 -1.43474221e-01 -6.27908528e-01
    -4.17283565e-01 1.75332558e+00 -6.85609519e-01 -6.32164359e-01
    -1.62532926e-02 -4.12892699e-02 6.26143456e-01 -1.21619105e-02
    1.55405974e+00 1.59949923e+00 1.48019743e+00 9.54254508e-01
    -6.68889642e-01 1.00467336e+00 6.13272190e-04 4.76405084e-01
    5.30381799e-02 3.49883080e-01 5.77959061e-01 9.68690813e-01
    1.39205873e+00 7.80904531e-01 4.55457151e-01 -2.09127724e-01
    1.07854128e-01 1.48620296e+00 -5.64876556e-01 -1.88887119e-03
    -2.74855494e-01 1.02232552e+00 -5.17109632e-02 8.80211592e-01
    -7.74534345e-02 3.14409435e-01 9.01047528e-01 1.01518679e+00
    3.51315975e-01 1.00742888e+00 9.36673582e-01 6.56346858e-01
    1.36792159e+00 1.41568160e+00 -3.44173849e-01 -2.38298178e-02
    1.01603031e+00 -1.43766105e-01 1.00914860e+00 5.58154881e-01
    7.59292960e-01 1.50044322e+00 -2.56298125e-01 1.26936376e+00
    1.26391208e+00 2.94721127e-03 6.51957691e-01 1.52874339e+00
    4.20877516e-01 1.16607344e+00 1.38249159e-01 1.60362089e+00
    1.68692803e+00 6.76757216e-01 -1.96232736e-01 2.13786960e-01
    1.70456386e+00 7.17811644e-01 2.82790720e-01 -6.62098169e-01
    -3.89047623e-01 -6.78572714e-01 1.13267148e+00 -2.20592439e-01
    -4.33387578e-01 -3.32137555e-01 6.02908611e-01 2.47651577e-01
    2.17784941e-01 7.20740795e-01 1.08182907e+00 1.02475786e+00
    3.54100406e-01 5.73040485e-01 -5.15877008e-02 7.87805855e-01
    1.03387809e+00 -5.50704241e-01 1.38909376e+00 6.53835952e-01
    1.57509196e+00 -3.88976097e-01 5.77984214e-01 8.30224872e-01
    -2.30121404e-01 -1.07556522e-01 1.20391333e+00 1.31875157e-01
    1.64549315e+00 -5.58714151e-01 -4.66786563e-01 9.68185425e-01
    2.32306778e-01 -6.54657781e-01 1.43908024e+00 6.87531829e-01
    1.16604567e+00 9.85224247e-02 -5.47516167e-01 1.37002540e+00
    1.48725665e+00 1.61418581e+00 -6.86457813e-01 -4.40856218e-01
    -4.46833611e-01 1.86991036e-01 5.57237685e-01 9.25160229e-01
    1.64155364e+00 5.12070894e-01 1.68199313e+00 7.11090565e-01
    -6.20754719e-01 5.82527339e-01 -2.30239451e-01 1.33471346e+00
    1.44700623e+00 1.70960641e+00 8.22223425e-01 8.81848872e-01
    -6.22767806e-02 3.37248743e-01 1.16906071e+00 2.12619543e-01
    -2.08388865e-01 8.83508205e-01 1.43066287e+00 1.29515839e+00
    -2.60444999e-01 1.62722754e+00 -2.44576842e-01 1.64404118e+00
    -8.77904892e-03 -5.89998126e-01 1.63443255e+00 1.53218389e-01
    1.62684679e-01 -1.43799186e-02 9.10899937e-01 -5.31730592e-01
    -1.44292116e-01 1.70698118e+00 6.64950311e-01 7.00723946e-01
    -2.70881057e-02 1.58964086e+00 8.88708353e-01 1.61404610e-01
    -5.86166501e-01 -6.36039495e-01 8.77922654e-01 1.22236514e+00
    7.18629539e-01 -7.62364864e-02 1.47354221e+00 1.30070984e-01
    1.02913582e+00 6.11625671e-01 -6.13028169e-01 -7.26825655e-01
    -4.74129319e-01 -3.62844348e-01 8.01654458e-01 1.02388549e+00
    1.14050770e+00 3.07839870e-01 4.09620225e-01 -6.26119375e-01
    -3.83263737e-01 -9.95874405e-03 7.69068360e-01 -5.61778843e-01
    1.16660476e+00 7.45002568e-01 1.59882450e+00 2.60709763e-01
    -5.97183108e-01 -3.47501010e-01 1.14785337e+00 -3.35847646e-01
    -4.27126884e-04 1.13221598e+00 -1.87838972e-01 9.69585598e-01
    4.04755533e-01 9.56999600e-01 -9.95069146e-02 -6.32611215e-01
    1.38093686e+00 3.66538763e-01 1.19713831e+00 2.15392530e-01
    9.08212066e-01 1.18776524e+00 1.62492335e+00 6.33078694e-01
    6.28329873e-01 -1.08976305e-01 1.28765786e+00 -3.09889376e-01
    3.22554171e-01 8.37437510e-02 1.49816656e+00 1.10047233e+00
    6.63763046e-01 -4.95315105e-01 -1.64761126e-01 -2.89517194e-01
    2.03024685e-01 4.18855608e-01 1.19009852e+00 1.45297074e+00
    1.04948878e+00 -1.86814129e-01 -3.10838014e-01 -6.38853729e-01
    -5.66428900e-03 9.65994120e-01 -6.26436353e-01 1.66123712e+00
    9.75300848e-01 8.73424709e-01 9.12210345e-02 -2.82828093e-01
    -2.78219044e-01 1.44624400e+00 -3.23670238e-01 7.98756182e-01
    1.30471969e+00 -6.68633997e-01 4.37830627e-01 4.30370212e-01
    7.08349884e-01 9.36855495e-01 1.56847024e+00 1.67838311e+00
    4.42991555e-01 1.00831151e+00 4.76343691e-01 4.21269774e-01
    5.60627520e-01 1.45039558e-02 6.05994523e-01 2.25679576e-01
    -6.23605609e-01 -5.84250510e-01 2.35841036e-01 1.00168073e+00
    -2.46500075e-01 -5.77177346e-01 1.47124493e+00 1.69504118e+00
    1.45840657e+00 1.49628425e+00 1.13272274e+00 1.01388931e+00
    8.45744133e-01 4.24207151e-01 6.90060437e-01 -1.59183741e-02
    1.26266646e+00 1.72600937e+00 1.29288793e-01 1.51202130e+00
    -5.30906498e-01 1.78475642e+00 7.02913761e-01 1.46123219e+00
    6.42154813e-01 5.48504770e-01 -3.13876033e-01 -1.72950685e-01
    -6.00807786e-01 4.21865940e-01 -6.05459571e-01 3.34642768e-01
    8.08386803e-01 6.78922653e-01 1.77785397e+00 -3.93831819e-01
    1.27266109e-01 1.24243879e+00 1.14828217e+00 1.17870736e+00
    -7.58201897e-01 1.60433125e+00 9.21932995e-01 1.50760210e+00
    6.53297722e-01 2.96749413e-01 8.80273402e-01 8.17940474e-01
    1.05405307e+00 9.17665958e-01 -1.46943748e-01 1.66346383e+00
    1.71084642e+00 9.82261777e-01 9.54937339e-02 6.33835196e-01
    -5.19312143e-01 8.13546598e-01 1.47922564e+00 1.54045033e+00
    1.71946490e+00 2.09140241e-01 1.67003155e+00 7.75670946e-01
    5.08276999e-01 4.75830197e-01 -6.23302460e-02 1.40095711e+00
    1.76021457e-01 1.60131669e+00 -2.91741610e-01 1.43035531e+00
    -6.72698081e-01 3.97421837e-01 1.39927864e+00 2.91106641e-01
    7.32760668e-01 9.15844083e-01 8.29461098e-01 3.83269310e-01
    -3.37066114e-01 1.71535969e-01 -1.91817641e-01 -6.42952204e-01
    7.83528864e-01 7.24743783e-01 4.94127512e-01 4.20655787e-01
    1.24568486e+00 1.26856327e+00 -1.89639986e-01 1.52730560e+00
    -5.96434236e-01 1.20071888e+00 6.40395284e-01 -4.24261302e-01
    -1.87976301e-01 9.25572217e-01 1.40210009e+00 1.08591831e+00
    1.55126202e+00 1.35753810e+00 -5.51761448e-01 -7.42661953e-03
    6.04232073e-01 1.52016401e+00 -5.87067962e-01 -6.51624918e-01
    1.43150294e+00 4.25844193e-02 9.57167029e-01 1.57161665e+00
    1.14500785e+00 1.25801158e+00 1.64938521e+00 1.27802014e+00
    1.03027940e+00 1.13255119e+00 -7.53450394e-03 6.41135633e-01
    6.00615799e-01 1.66934943e+00 1.43293417e+00 8.30161572e-02
    1.87580585e-01 1.04852426e+00 -5.44720888e-02 -5.84752738e-01
    1.05530834e+00 1.66381598e+00 -3.41011405e-01 1.28023052e+00
    -1.21507585e-01 -7.33845234e-02 1.49244285e+00 -5.60488582e-01
    -6.91725135e-01 5.60622573e-01 -3.14991593e-01 1.31516457e+00
    -2.01647222e-01 -1.25489473e-01 5.10095656e-01 8.79582822e-01
    5.80959916e-01 6.31860435e-01 1.39760280e+00 6.33477509e-01
    1.45652771e+00 -4.71608102e-01 1.38098431e+00 1.25385880e-01
    1.16208124e+00 8.17362845e-01 8.94691348e-01 1.38623762e+00
    1.65877211e+00 9.35682952e-01 8.88261676e-01 -5.26315391e-01
    -6.34236097e-01 1.11566842e+00 1.53014421e-01 4.45113063e-01
    1.11137509e+00 -3.58447134e-01 5.09995043e-01 1.39785075e+00
    -3.97739232e-01 1.49479949e+00 8.68691444e-01 9.54767585e-01
    5.11150897e-01 -5.37946105e-01 -1.24694109e-02 1.00609481e+00
    2.88055837e-01 1.19812012e+00 2.35224783e-01 7.91710615e-02
    1.33521795e+00 1.06729913e+00 5.08730412e-02 -6.22367322e-01
    -5.71078658e-02 4.50430036e-01 1.60019159e-01 1.19101310e+00
    5.91850877e-02 -5.69623947e-01 1.10724342e+00 -3.91490519e-01
    -2.69460678e-03 -1.07855797e-01 1.00453115e+00 -2.49105781e-01
    1.30394316e+00 1.70243311e+00 5.60239971e-01 -3.44379187e-01
    -2.11440325e-01 6.71375275e-01 1.16304457e+00 4.27965879e-01
    5.44392407e-01 -5.09574413e-01 6.86823010e-01 -7.06014454e-01
    -2.69576013e-01 -7.15594351e-01 -2.82499611e-01 8.04271102e-01
    5.15196979e-01 1.39332557e+00 8.79157782e-01 -4.43135023e-01
    7.23010302e-01 -3.56828630e-01 -6.41797066e-01 1.62434530e+00
    -3.25000882e-02 1.34769464e+00 1.03524661e+00 1.34988260e+00
    2.47561693e-01 1.60921884e+00 5.99580169e-01 1.20037758e+00
    5.40274084e-01 4.66731131e-01 2.00847685e-01 9.20439780e-01
    5.84256589e-01 1.62338853e+00 -6.40208840e-01 1.32085478e+00
    1.55630267e+00 -2.09285557e-01 1.52974176e+00 9.76507008e-01
    1.42379212e+00 4.86104190e-01 1.42911911e+00 9.74215686e-01
    -2.68482238e-01 7.15173542e-01 1.22460747e+00 -3.08778912e-01
    6.66629434e-01 -3.86361241e-01 1.32148290e+00 -1.56480610e-01
    1.64844799e+00 3.71703684e-01 1.19741499e+00 8.88806760e-01
    -2.65205353e-01 1.19162297e+00 1.05003345e+00 8.92608523e-01
    1.74610662e+00 1.24096811e+00 -3.44849527e-01 -5.91880441e-01
    2.48363614e-02 -2.07686961e-01 -8.53669643e-03 1.58567643e+00
    1.13633406e+00 -3.75674754e-01 1.30411303e+00 -4.25048232e-01
    2.60098219e-01 1.83798730e-01 6.11967981e-01 2.38121688e-01
    2.48461366e-02 1.21048081e+00 -4.91011858e-01 -6.61994815e-02
    5.13962686e-01 1.66140652e+00 1.04889059e+00 5.25804579e-01
    -6.39041722e-01 7.01605856e-01 1.59951043e+00 1.43635213e+00
    1.37085986e+00 1.22308064e+00 -6.78351462e-01 7.08699107e-01
    -4.43946987e-01 1.26731634e+00 6.73410952e-01 -3.35777014e-01
    -3.22624117e-01 -5.91068506e-01 1.58502746e+00 8.61319602e-01
    -1.42437518e-01 -5.84198296e-01 3.13891768e-01 5.77781260e-01
    -7.33769357e-01 1.44436955e-02 9.37590837e-01 7.00365365e-01
    2.94487357e-01 -2.46143073e-01 5.84244072e-01 5.46001136e-01
    1.56814170e+00 -7.37386942e-02 5.85368931e-01 -4.84127223e-01
    8.39298904e-01 -5.23286641e-01 3.05183113e-01 1.04469037e+00
    -6.32341683e-01 8.93072426e-01 4.05377984e-01 1.04191232e+00
    1.42123365e+00 1.09230661e+00 -3.22002470e-01 1.16658270e+00
    1.50709510e+00 1.54160357e+00 3.12958300e-01 -2.51188338e-01
    1.31951618e+00 8.33265364e-01 -2.68147707e-01 8.97293985e-01
    9.06479120e-01 7.41533220e-01 6.38123453e-01 2.80504227e-01
    2.90545642e-01 1.11400676e+00 -1.73090279e-01 -1.68654621e-01
    2.94349849e-01 -5.27449310e-01 8.24133158e-01 1.06223989e+00
    1.45591426e+00 1.57998073e+00 3.60072136e-01 -5.19913256e-01
    4.56838608e-01 3.45198989e-01 -9.92371440e-02 8.95402908e-01
    7.75968611e-01 -1.82532072e-02 6.48163676e-01 5.04320800e-01
    7.83557177e-01 9.09910321e-01 -8.14754367e-02 1.16595125e+00
    -7.21505880e-02 1.42047119e+00 9.33740556e-01 4.39951360e-01
    1.22620475e+00 1.08829546e+00 1.66934061e+00 -5.25047898e-01
    1.27969921e-01 2.79413402e-01 4.53356683e-01 5.04764199e-01
    4.80287671e-02 1.33680451e+00 1.29470944e+00 7.04489470e-01
    1.03163624e+00 9.30840135e-01 8.54706764e-02 1.29288256e-01
    1.51389360e+00 -1.30972862e-02 2.16150284e-03 9.94488835e-01
    -4.82060462e-01 1.42903876e+00 2.95324028e-01 1.59104466e+00
    4.18908715e-01 9.82150257e-01 6.97003603e-02 1.27695608e+00
    1.48206210e+00 7.53928840e-01 1.61021137e+00 -3.99655104e-01
    9.53421772e-01 1.56664538e+00 -3.03654373e-01 8.98813188e-01
    5.81821740e-01 9.64363217e-02 7.56355882e-01 -5.78006148e-01
    -1.39168382e-01 -3.69399905e-01 3.82818341e-01 3.44760776e-01
    9.97676194e-01 2.21706748e-01 2.23978341e-01 1.20670819e+00
    -4.42355186e-01 1.21110618e+00 1.21168649e+00 1.53398490e+00
    1.12762523e+00 7.56766438e-01 1.66590428e+00 -3.76043856e-01
    -6.88539207e-01 1.34244895e+00 5.59535384e-01 1.06183958e+00
    -4.02963966e-01 -5.33215761e-01 2.94581413e-01 9.72915769e-01
    -6.00457072e-01 -4.18351114e-01 1.62960792e+00 -4.67641950e-01
    2.01894760e-01 -5.94737530e-01 -6.73791409e-01 1.29322243e+00
    3.47982228e-01 -2.56909311e-01 5.62530458e-01 -3.25455099e-01
    9.65581715e-01 -2.68637955e-01 -1.59068644e-01 3.63211751e-01
    9.65758324e-01 -4.96107340e-03 -3.40764523e-02 -6.20168149e-01
    8.46481323e-01 3.34731698e-01 -5.31964183e-01 1.57942915e+00
    4.27447319e-01 1.14905584e+00 6.10818863e-01 1.43675745e-01
    -2.06680596e-01 1.68705416e+00 3.35139632e-01 1.03604245e+00
    4.93386269e-01 1.02723694e+00 9.75703120e-01 -1.22420311e-01
    1.05810809e+00 8.58284116e-01 1.39428043e+00 1.37365651e+00
    8.79600048e-02 1.50200105e+00 -7.01761961e-01 4.81738925e-01
    1.37402630e+00 -6.73251748e-01 -6.45524740e-01 1.08390641e+00
    1.75226986e-01 8.26931477e-01 8.10142398e-01 2.50600576e-02
    1.50158119e+00 8.14210117e-01 -3.68896276e-01 1.44682050e+00
    1.18808615e+00 2.33545721e-01 1.02309608e+00 1.58365238e+00
    1.26563954e+00 -4.53815818e-01 1.23557067e+00 1.21388996e+00
    8.89036477e-01 1.27030492e+00 1.65131629e+00 5.95078468e-01
    9.83463883e-01 4.52330828e-01 -5.49531758e-01 1.31629848e+00
    7.18269289e-01 1.51176667e+00 5.01371503e-01 2.08074391e-01
    4.67037976e-01 -5.89221716e-02 9.44716930e-02 3.76864731e-01
    -4.18858320e-01 1.67911696e+00 1.72190213e+00 -4.88945633e-01
    -5.54181933e-01 1.45649123e+00 1.41407394e+00 -1.06789589e-01
    1.19648433e+00 6.77019954e-01 -6.80985451e-02 1.29673862e+00
    3.49819660e-02 3.08472931e-01 2.00591683e-01 1.12556744e+00
    -4.12056714e-01 -3.41382951e-01 1.75188589e+00 6.23671651e-01
    1.28465414e+00 -3.14605176e-01 4.87505734e-01 3.89658928e-01
    -1.74493492e-01 -5.55203736e-01 -6.52879536e-01 7.85092592e-01
    -1.51144922e-01 -6.41289830e-01 7.25030661e-01 1.68008542e+00
    -4.51389849e-01 1.28101790e+00 7.33275056e-01 1.68455720e+00
    -3.12560767e-01 1.18976569e+00 1.51026368e+00 8.17477107e-02
    1.61685288e-01 -1.00785017e-01 7.86595166e-01 6.97754204e-01
    1.38764930e+00 7.77866662e-01 -2.87457526e-01 5.85066736e-01
    1.21148407e+00 1.56375527e+00 1.29153717e+00 1.26718211e+00
    5.95474243e-02 -1.78046644e-01 -1.79287493e-01 1.53336930e+00
    1.24407792e+00 1.01702690e-01 -4.62431759e-01 -5.75603127e-01
    -3.49214196e-01 -7.00120330e-02 1.47886860e+00 -7.04999208e-01
    -1.00625992e-01 5.01584172e-01 1.26199102e+00 4.80320573e-01
    -3.91382039e-01 -6.39623404e-03 1.69728136e+00 1.22526979e+00
    -1.30205452e-01 7.98020899e-01 9.99771595e-01 1.99300826e-01
    1.62639034e+00 1.66159773e+00 9.66112614e-02 1.06353521e+00
    3.81072283e-01 1.41699922e+00 -6.47737086e-01 -7.02245295e-01
    -2.10812807e-01 1.73773038e+00 -6.31241143e-01 -5.96279979e-01
    -4.88958627e-01 9.53865349e-01 4.09300327e-01 9.13463473e-01
    1.25955749e+00 2.34691322e-01 1.21258211e+00 -2.53437459e-01
    -5.05866408e-01 -3.29411477e-01 -4.97225165e-01 -1.11124277e-01
    3.55061412e-01 5.20090401e-01 9.06162858e-01 5.47584534e-01
    8.84569883e-02 1.17626584e+00 8.10439646e-01 1.06747770e+00
    1.61527228e+00 1.63941526e+00 -6.54565275e-01 8.51324856e-01
    1.20264220e+00 1.72648692e+00 1.37815177e-01 1.46869361e+00
    -8.81586671e-02 3.50782990e-01 5.92021763e-01 1.05942249e+00
    1.47014451e+00 -3.23611617e-01 1.05765963e+00 -7.70935595e-01
    1.58803988e+00 1.63169050e+00 1.07960999e+00 -6.07616305e-01
    1.29691553e+00 -5.51264882e-02 -1.52034819e-01 2.45763183e-01
    1.65481329e+00 -1.31633282e-01 8.04773688e-01 -3.17823410e-01
    -7.05182970e-01 1.27052164e+00 -2.05665767e-01 1.55185223e+00
    -4.15743262e-01 6.05229735e-02 1.57780170e+00 9.12167668e-01
    6.04199529e-01 -6.88259184e-01 -2.87607908e-01 3.79404366e-01
    5.41750193e-02 1.61495638e+00 1.14392650e+00 1.08357120e+00
    -3.03126931e-01 1.96231961e-01 1.38861823e+00 8.66805315e-02
    1.01311803e-02 1.69674015e+00 9.73686993e-01 1.20075226e+00
    -5.07035613e-01 -3.30245018e-01 -4.35389012e-01 3.53699982e-01
    -3.14578861e-01 2.86176622e-01 1.09759736e+00 5.21899700e-01
    6.18796468e-01 1.21254373e+00 -1.33664906e-01 4.65997219e-01
    -9.22173858e-02 -5.56521595e-01 1.26158309e+00 -1.26294434e-01
    5.78975856e-01 8.53556216e-01 -7.98069239e-02 -5.14824390e-01
    4.03898239e-01 1.61148381e+00 -4.25276786e-01 8.88965309e-01
    1.16322482e+00 1.25762653e+00 8.56836796e-01 5.74754477e-01
    4.39066410e-01 1.30721200e+00 -5.50287306e-01 1.54088199e+00
    -2.91781515e-01 3.06888521e-01 5.54903209e-01 1.15458989e+00
    -6.42016232e-01 8.91728520e-01 1.15608168e+00 1.08739853e+00
    3.81868899e-01 -2.57129073e-02 9.34654474e-01 5.45376658e-01
    2.66111553e-01 9.62910414e-01 -6.22922182e-01 2.28657782e-01
    5.67913949e-01 1.65606451e+00 1.36652982e+00 -2.43099391e-01
    6.38703942e-01 -6.64186597e-01 8.04026783e-01 9.05506492e-01
    7.27444708e-01 -1.00869238e-01 8.45245063e-01 1.21502638e+00
    1.63780582e+00 -5.68270206e-01 1.44186795e+00 1.01394296e+00
    1.30516171e+00 1.71923637e+00 1.17294574e+00 1.74950337e+00
    9.93517458e-01 -6.88306451e-01 1.17379308e-01 4.56796169e-01
    2.65915155e-01 1.20125961e+00 -5.82901835e-01 -1.22449398e-01
    -1.14060760e-01 1.41904747e+00 1.10445261e+00 1.35239112e+00
    -4.12227511e-01 1.09008908e+00 3.42422724e-02 1.13712227e+00
    1.03030872e+00 -1.79447174e-01 1.28410280e+00 2.28869915e-02
    2.31830657e-01 1.26282024e+00 2.11347163e-01 6.53430462e-01
    4.27208364e-01 -5.18476784e-01 4.44896519e-01 1.11329091e+00
    1.23150444e+00 5.49517870e-01 -2.80615538e-01 3.70287240e-01
    3.75291884e-01 2.40286529e-01 1.22667146e+00 -5.24089456e-01
    -5.05542874e-01 7.98338771e-01 7.36824393e-01 3.42765689e-01
    8.87092471e-01 1.02244163e+00 1.42898750e+00 1.54279017e+00
    1.19620693e+00 1.73624849e+00 8.03867459e-01 1.37740827e+00
    -4.03419346e-01 -1.32560074e-01 1.19381523e+00 -5.68118930e-01
    1.55962873e+00 1.78805256e+00 5.42810738e-01 -2.87331343e-01
    -6.21190012e-01 3.27020824e-01 1.15524173e+00 7.97450364e-01
    9.93497789e-01 1.57222331e+00 3.09717655e-03 1.46374214e+00
    1.00270915e+00 7.47945309e-01 7.58891284e-01 8.87474358e-01
    -5.56897759e-01 1.28696358e+00 -5.13468623e-01 -6.78915203e-01
    1.46412444e+00 -2.11883783e-02 1.12974691e+00 1.22740769e+00
    1.60018730e+00 4.01272893e-01 3.02045286e-01 -7.18528390e-01
    1.53571773e+00 3.42556834e-02 1.01917863e+00 2.49969542e-01
    1.64966762e-01 -4.98273402e-01 6.21563971e-01 6.95298076e-01
    -1.24851346e-01 2.79052734e-01 -8.80197883e-02 4.75895464e-01
    1.45630240e+00 1.31589842e+00 3.86679649e-01 -5.00171423e-01
    1.05326414e-01 1.34312010e+00 6.13385260e-01 -6.80354238e-01
    1.22302568e+00 5.19457042e-01 1.02553725e-01 2.48841345e-01
    1.59438181e+00 3.43745947e-03 6.69455230e-01 1.57701325e+00
    1.56063604e+00 -1.19353533e-01 1.75861526e+00 3.62334430e-01
    4.16634381e-01 5.25139213e-01 8.56581092e-01 7.99818754e-01
    1.71995938e-01 -6.78832710e-01 9.66818810e-01 1.49864984e+00
    5.44533134e-01 1.56502724e-01 -6.68158054e-01 1.16914845e+00
    6.42733812e-01 2.39648879e-01 1.24266088e+00 1.18296385e+00
    4.04568195e-01 6.26682460e-01 1.65527320e+00 -4.13711727e-01
    1.39417899e+00 -3.41751367e-01 9.14908886e-01 2.79945612e-01
    6.77194595e-02 -6.67266846e-01 -6.62985146e-01 1.41410089e+00
    -1.17218614e-01 7.88364887e-01 1.99582875e-01 1.03865874e+00
    7.03268945e-01 4.46566761e-01 1.30568242e+00 9.66834068e-01
    7.33018219e-01 1.56183088e+00 -5.02674699e-01 7.32432663e-01
    1.17164254e-02 5.66830099e-01 -1.74134374e-02 8.47993672e-01
    -5.72147489e-01 4.66902792e-01 1.50595713e+00 -4.95490879e-01
    -5.32623887e-01 5.87291002e-01 1.42266011e+00 -4.54985410e-01
    1.45019543e+00 9.30628896e-01 1.60671377e+00 1.44003153e+00
    2.99170494e-01 6.66822731e-01 -2.71056294e-02 5.93417406e-01
    -2.89859593e-01 5.69250047e-01 2.24806190e-01 -5.91694951e-01
    -5.66193998e-01 7.49151051e-01 6.87421143e-01 4.12568688e-01
    2.38520086e-01 4.71579313e-01 2.59245157e-01 1.06111121e+00
    3.27537537e-01 1.48041296e+00 6.09213650e-01 -7.52727628e-01
    3.68789434e-01 1.23335910e+00 6.39617383e-01 1.38768601e+00
    8.35049510e-01 1.00119734e+00 -1.50026023e-01 -9.00529027e-02
    1.22523534e+00 -3.24367762e-01 5.77582300e-01 2.43460536e-02
    -2.20704734e-01 3.55224073e-01 4.16787982e-01 5.92046618e-01
    5.34365356e-01 5.46687424e-01 1.49720109e+00 -4.78801906e-01
    -2.50297725e-01 1.10789847e+00 1.40325284e+00 -3.56423259e-02
    -5.24498343e-01 1.49096990e+00 -2.01216459e-01 1.54708874e+00
    1.44927406e+00 1.52453709e+00 1.06194997e+00 1.05032587e+00
    7.47027099e-01 1.70789957e+00 1.20023811e+00 2.01102138e-01
    1.05728173e+00 1.08212113e+00 8.42118323e-01 4.76726890e-01
    1.35249698e+00 1.10145247e+00 -4.80564177e-01 -6.07641339e-01
    3.34327817e-01 2.66754985e-01 1.74191177e-01 -6.38538480e-01
    -5.03861427e-01 3.18691492e-01 5.96767962e-01 6.51825845e-01
    1.54387426e+00 -5.21246254e-01 -9.98902917e-02 -5.46390116e-01
    1.69305837e+00 1.16973245e+00 3.75211239e-02 -3.24459851e-01
    7.94403672e-01 -7.51295090e-02 -3.99112701e-04 2.66836762e-01
    -8.60344172e-02 1.64464343e+00 8.46130729e-01 1.56782806e-01
    -2.64212251e-01 -6.13023877e-01 -2.77341247e-01 -4.61105525e-01
    1.38477683e+00 7.05028057e-01 1.07217073e+00 4.29872930e-01
    8.79835844e-01 1.05343771e+00 1.63218093e+00 8.34395528e-01
    1.14904189e+00 1.18694592e+00 4.81850147e-01 7.00525045e-02
    1.41952014e+00 -1.60375237e-01 1.68000400e+00 9.66238737e-01
    1.66799045e+00 1.12361932e+00 -1.24861479e-01 1.58718991e+00
    5.26602387e-01 -2.23725557e-01 -3.28950286e-02 4.91957843e-01
    -5.90324402e-01 -6.99604392e-01 1.11675918e-01 6.59422874e-02
    -2.18478888e-01 9.58182454e-01 1.75850022e+00 -3.74129564e-01
    5.15063882e-01 1.59894109e+00 1.15107238e+00 -3.53398442e-01
    -1.53625846e-01 -4.98214930e-01 -4.52294409e-01 6.54097378e-01
    1.00696480e+00 1.17931521e+00 -1.15783513e-01 9.50426936e-01
    1.06981933e-01 -2.42511034e-01 1.30471706e-01 3.21978331e-03
    -6.00141883e-01 1.36942744e-01 3.62788856e-01 -5.78514218e-01
    -6.36147141e-01 3.50264847e-01 9.80095744e-01 -3.42334032e-01
    5.42832494e-01 4.51812565e-01 1.42367482e+00 -3.15387994e-01
    1.37528241e-01 6.40022218e-01 1.21325088e+00 -3.22732717e-01
    1.42696309e+00 -6.12682283e-01 -4.86592710e-01 -2.00524926e-01
    6.85451865e-01 -6.68393970e-01 -1.26743674e-01 -6.31996572e-01
    9.93714929e-02 -6.51166320e-01 1.46353853e+00 8.62305343e-01
    1.58021951e+00 -2.12378979e-01 7.94186592e-01 1.37909961e+00
    8.88945103e-01 -5.12294471e-01 4.90241349e-01 1.50762463e+00
    3.35992932e-01 5.44179380e-01 1.45700836e+00 -4.08460021e-01
    -4.39432144e-01 -4.19283479e-01 -2.95406342e-01 -6.60156965e-01
    1.67152798e+00 9.15304840e-01 -1.14757836e-01 1.60015631e+00
    9.10162032e-01 1.37001395e+00 -5.55189192e-01 1.21975398e+00
    -5.53205669e-01 -2.57404327e-01 -2.52140790e-01 4.27691638e-01
    -1.60416782e-01 -6.57841444e-01 1.08230829e+00 1.21460104e+00
    8.01820338e-01 1.63340092e-01 9.28381324e-01 1.17312360e+00
    -2.17720866e-02 1.10158730e+00 -4.15271014e-01 1.25017571e+00
    9.13797617e-01 4.27104831e-02 -3.66417795e-01 6.71265483e-01
    9.20964181e-01 8.12483132e-01 2.10729241e-01 9.07721400e-01
    1.04378402e+00 -6.27521753e-01 9.29432154e-01 -4.01374698e-02
    -1.71678841e-01 -4.65928525e-01 9.78391528e-01 2.19398499e-01
    2.33663261e-01 -4.00049984e-01 3.11353087e-01 1.57959938e-01
    -5.05450249e-01 -3.81518275e-01 1.17815447e+00 8.52843702e-01
    1.03350568e+00 -6.21761084e-01 -3.82832259e-01 1.58105350e+00
    5.92238307e-02 7.49005914e-01 -7.61273205e-01 5.35156488e-01
    -2.91052729e-01 -9.24633741e-02 1.33858645e+00 1.68336546e+00
    1.60113299e+00 1.61148453e+00 -2.85997152e-01 5.73775053e-01
    -1.15369558e-01 1.65160370e+00 -3.87948751e-02 1.40092373e-02
    -5.61666369e-01 -3.00111830e-01 -2.25954354e-01 1.25702572e+00
    3.44978809e-01 1.24682307e+00 5.85165918e-01 3.77660990e-02
    1.42398739e+00 1.35190153e+00 1.79489970e-01 -7.55188406e-01
    4.03653562e-01 4.01140451e-01 7.66716421e-01 1.05280805e+00
    1.04529321e+00 5.03677249e-01 7.09701836e-01 5.90762079e-01
    -6.65119708e-01 6.94196582e-01 1.65982902e+00 7.20664799e-01
    5.54930627e-01 8.17038774e-01 1.25214005e+00 -6.36248708e-01
    9.79824781e-01 2.91915417e-01 8.87090266e-01 9.66068625e-01
    7.55159080e-01 -3.34901869e-01 1.50883567e+00 1.19308972e+00
    9.76750374e-01 -2.10119963e-01 7.87447035e-01 8.38633358e-01
    6.68529630e-01 9.05483961e-03 9.94003952e-01 7.57684231e-01
    -2.15611488e-01 -3.95729810e-01 5.08365214e-01 1.50105584e+00
    8.93412828e-02 -4.30735976e-01 7.74655044e-01 -6.39177084e-01
    1.54901242e+00 4.79731917e-01 1.66037917e-01 8.76956642e-01
    -3.52060467e-01 8.51120353e-02 1.28611898e+00 3.90189171e-01
    -5.82681358e-01 -6.74752533e-01 1.19028950e+00 1.17304003e+00
    9.75454986e-01 -3.07552904e-01 -1.67829573e-01 1.13225496e+00
    -5.85404038e-01 1.96418643e-01 -5.89179516e-01 6.33992851e-01
    9.14672256e-01 -7.12768435e-01 9.23442304e-01 1.09177494e+00
    -4.04306918e-01 -3.56819004e-01 -3.29707325e-01 9.73605871e-01
    1.59387767e+00 4.46620941e-01 -4.34689134e-01 1.62791038e+00
    5.94864488e-01 1.17805696e+00 -6.31548285e-01 1.18364310e+00
    -1.68525815e-01 7.15063632e-01 9.63203192e-01 -2.95876801e-01
    5.95243335e-01 4.17942703e-01 6.32576048e-01 5.77656031e-01
    -5.55940568e-01 -3.85429054e-01 1.54010201e+00 3.00457895e-01
    3.36018085e-01 -1.64488018e-01 4.44921851e-02 -3.16047072e-02
    1.31740570e+00 1.07939327e+00 4.17110860e-01 8.87334347e-01
    8.75176668e-01 7.27888763e-01 6.58663929e-01 -1.95279837e-01
    1.37633288e+00 4.84311581e-03 1.44820952e+00 7.73865402e-01
    1.44741464e+00 1.19814515e-01 -1.76758051e-01 1.12629557e+00
    9.05063689e-01 -3.73749375e-01 4.23145592e-01 -2.12083489e-01
    -6.91837788e-01 8.15590918e-01 1.44872224e+00 -1.46372676e-01
    4.41457391e-01 5.22218227e-01 1.25105834e+00 1.70025969e+00
    1.03081536e+00 1.71886539e+00 5.03106415e-01 4.63075042e-02
    2.63025403e-01 3.43924880e-01 1.71841526e+00 1.68272161e+00
    8.06849003e-01 1.05107141e+00 1.70428824e+00 1.86142206e-01
    -1.07970536e-01 2.03941703e-01 -1.08947456e-01 2.70219326e-01
    -5.60680687e-01 7.24256992e-01 -1.72434509e-01 1.19429338e+00
    2.73324966e-01 4.57571149e-01 -4.89501148e-01 -3.96820307e-02
    1.22514653e+00 -4.02135760e-01 1.56308413e+00 8.16240311e-02
    9.66516614e-01 3.98022115e-01 7.90696561e-01 -3.82019967e-01
    1.16025949e+00 -1.61085963e-01 -1.24843478e-01 -4.20613140e-01
    1.36345625e+00 -9.33060646e-02 1.47871006e+00 1.73676229e+00
    -6.74844861e-01 2.90330172e-01 -2.29163736e-01 2.29547679e-01
    -2.33293772e-01 2.77669787e-01 9.01789546e-01 4.18218493e-01
    6.19546771e-01 1.30697179e+00 1.29705310e+00 4.46960330e-02
    5.30705333e-01 1.61345959e+00 7.45099366e-01 -6.64541006e-01
    4.21645045e-02 1.13681555e-02 7.31353402e-01 2.80891359e-01
    -2.37398624e-01 1.49030173e+00 7.09005296e-01 3.17694128e-01
    1.65878999e+00 4.50244129e-01 -6.26154184e-01 -6.51447177e-01
    1.07531309e+00 8.67294192e-01 8.90145957e-01 1.08782852e+00
    -4.46991503e-01 -6.47281408e-01 -4.72715974e-01 -3.71919185e-01
    -2.16309965e-01 3.18017721e-01 2.00566351e-01 5.20846426e-01
    8.97702277e-01 1.14916849e+00 1.32871282e+00 1.30184174e+00
    1.57048750e+00 1.47722292e+00 7.02278018e-02 1.80241525e-01
    -6.55738592e-01 1.36045980e+00 -2.60366321e-01 -6.84020877e-01
    -1.76246464e-01 -3.25725168e-01 1.58360350e+00 1.33905470e+00
    8.38676691e-02 5.19958854e-01 9.75517035e-02 -2.41145194e-01
    4.91689682e-01 -2.85682678e-01 -3.47791553e-01 1.94079578e-01
    3.23757231e-01 5.11800170e-01 -1.80073678e-01 1.36675429e+00
    1.11827970e-01 -3.75390053e-02 9.99667764e-01 7.23432899e-01
    7.56965756e-01 1.10478044e+00 1.14972997e+00 -4.67475444e-01
    7.20075965e-02 9.00279462e-01 5.32963693e-01 7.35385120e-01
    7.47092366e-01 -5.11283517e-01 2.46430874e-01 4.19349492e-01
    -3.02873999e-01 8.64832580e-01 4.57213819e-01 -3.08130413e-01
    -4.93352413e-01 9.72002745e-02 3.30774665e-01 8.24945450e-01
    -2.26521850e-01 9.34387565e-01 1.88241005e-01 9.45464075e-01
    8.25806022e-01 -6.83987379e-01 1.58191979e+00 -5.36318839e-01
    -6.73165560e-01 -6.02262974e-01 1.39445138e+00 -3.52299809e-02
    -3.71674538e-01 -1.50073528e-01 -7.90437460e-01 6.51746392e-01
    7.22506046e-02 7.20274627e-01 -6.22442603e-01 1.70360875e+00
    7.40210116e-01 3.34038794e-01 1.12130523e+00 1.89598799e-02
    -7.38892734e-01 5.69210351e-01 4.57748473e-01 -6.09671950e-01
    1.52094972e+00 -6.68621540e-01 -1.01919115e-01 8.31012845e-01
    1.00066590e+00 9.06496167e-01 -3.58825117e-01 1.45432949e+00
    1.38135672e-01 3.07512581e-01 1.06300235e+00 1.00535011e+00
    1.48729420e+00 6.55388653e-01 1.38957489e+00 -2.06640363e-02
    1.00221384e+00 5.21481454e-01 1.23803055e+00 1.82849765e-02
    -1.16975069e-01 -2.19762921e-01 -6.57143950e-01 -5.76417804e-01
    5.02274930e-01 3.22940946e-02 -4.53694612e-01 2.68917561e-01
    1.71546996e+00 -7.55486608e-01 1.53853488e+00 7.10806429e-01
    6.41857684e-01 1.72858047e+00 -1.67774558e-02 1.42387605e+00
    8.61229777e-01 4.78023827e-01 6.02697015e-01 -4.93329227e-01
    1.29329085e+00 -2.12342799e-01 1.47178316e+00 5.89011908e-02
    7.94036329e-01 -1.74204707e-01 -1.76804483e-01 1.73685551e-02
    -6.95553422e-01 5.08090258e-02 -6.18849158e-01 1.58347309e+00
    4.76725936e-01 1.04709387e+00 -1.59261167e-01 1.61577225e+00
    1.63312912e+00 -6.91595554e-01 2.26041257e-01 -3.75954986e-01
    4.46412563e-02 -9.40886140e-02 -5.68187237e-02 1.34720767e+00
    1.22522688e+00 1.51993179e+00 8.57246876e-01 5.26073277e-01
    1.42666173e+00 -6.35713160e-01 8.38974714e-02 2.28503942e-02
    -3.48806977e-02 8.53111029e-01 5.87454915e-01 -4.19941574e-01
    4.88974690e-01 5.11667311e-01 -2.37754345e-01 -2.56702453e-01
    1.46543646e+00 1.49128509e+00 -3.21441203e-01 3.39070559e-01
    7.78123438e-01 -4.65249479e-01 7.69581735e-01 1.72312677e-01
    -9.75562334e-02 1.36399674e+00 -5.63438118e-01 1.41763258e+00
    -6.61820471e-01 1.34582639e-01 -1.30363524e-01 1.10699475e-01
    -4.84626442e-01 9.94284093e-01 6.20887697e-01 -2.29197502e-01
    1.70294094e+00 1.32614517e+00 -4.01216835e-01 -2.95744568e-01
    1.51240873e+00 -2.24075019e-01 8.93055558e-01 1.23476911e+00
    1.53233957e+00 -4.02079910e-01 1.19961309e+00 -5.39298713e-01
    4.95923519e-01 -2.46147990e-01 1.71686125e+00 7.85187304e-01
    6.73348188e-01 1.70718610e-01 -5.70830643e-01 8.27053070e-01
    7.68852115e-01 1.09558392e+00 5.57813227e-01 1.10887182e+00
    4.01390553e-01 5.12207091e-01 3.28368664e-01 8.22668731e-01
    3.34866703e-01 -5.81228137e-01 1.02936327e+00 -3.81892323e-02
    -1.36543095e-01 -4.73593563e-01 -4.62893248e-02 1.46109343e+00
    -3.50636244e-03 -2.06798971e-01 4.83216107e-01 -3.19677770e-01
    1.17722726e+00 1.06894195e+00 -3.42934698e-01 3.12146008e-01
    -9.88054872e-02 1.28392029e+00 7.01543748e-01 -4.79768962e-01
    3.59478652e-01 -1.89041913e-01 1.22962999e+00 4.59226489e-01
    3.02406371e-01 1.75083029e+00 -5.94529748e-01 1.05175996e+00
    6.82696521e-01 -6.66181207e-01 -6.32893801e-01 -1.38623953e-01
    1.20625019e-01 -6.98584914e-02 1.71137810e-01 -3.58241796e-02
    -6.49029493e-01 1.23594940e-01 6.46851301e-01 4.27204430e-01
    -2.43816495e-01 1.39793658e+00 1.49998927e+00 5.72890103e-01
    1.41655028e+00 5.43080568e-01 -4.56914842e-01 8.62649918e-01
    -6.75612450e-01 3.69939089e-01 1.06540585e+00 1.02043247e+00
    1.24136329e+00 4.47644770e-01 1.24179196e+00 1.86555445e-01
    1.05218673e+00 6.23928249e-01 -4.74036276e-01 1.42731881e+00
    7.69901514e-01 -4.52756852e-01 1.32973814e+00 1.24350047e+00
    2.19733119e-01 1.24848557e+00 6.14943504e-02 1.72731853e+00
    7.84321129e-01 4.41395044e-01 1.33481467e+00 1.45958900e+00
    -1.85547531e-01 1.56501389e+00 1.47358513e+00 1.59719539e+00
    -5.17864347e-01 6.80838168e-01 1.09266424e+00 -7.06249774e-01
    1.00653315e+00 -3.55575889e-01 1.18169975e+00 8.30693781e-01
    1.66547728e+00 1.02732682e+00 3.52703333e-01 1.51511359e+00
    6.31107509e-01 1.61742008e+00 -2.29716659e-01 -3.56974304e-01
    7.79407263e-01 -2.42743671e-01 -1.21927857e-01 5.86418808e-01
    3.79319191e-01 1.45699048e+00 -4.87624317e-01 6.54778719e-01
    -6.13179803e-02 3.65662575e-01 1.11025274e+00 -2.99162865e-02
    -4.13283825e-01 -1.16918564e-01 8.18040311e-01 7.74975121e-01
    -2.31175184e-01 5.48087776e-01 9.34299827e-01 -5.80383122e-01
    2.70093679e-02 1.41994238e+00 5.23537993e-02 -2.43612528e-02
    1.63255763e+00 -6.53576076e-01 1.63561082e+00 7.43089974e-01
    1.62705386e+00 1.06223464e-01 9.44435120e-01 2.03546762e-01
    1.46467304e+00 1.69534683e+00 -3.32709253e-01 8.97952557e-01
    3.75773072e-01 8.34542036e-01 -7.19399333e-01 1.59571600e+00
    1.60224605e+00 -7.24711418e-02 3.96629453e-01 1.48828244e+00
    -3.56078506e-01 2.76842177e-01 -4.19840068e-01 5.27108192e-01
    8.81329954e-01 -6.03518248e-01 4.39171255e-01 -2.26075262e-01
    -4.12135273e-01 -4.30043876e-01 -4.40449655e-01 4.90029335e-01
    1.04337955e+00 1.27556491e+00 5.04606783e-01 -2.40121961e-01
    -3.55461925e-01 1.09284949e+00 -5.30126095e-01 -6.81518376e-01
    1.04436994e+00 2.45938897e-02 1.24587119e+00 2.97470748e-01
    -1.40559733e-01 7.88720548e-01 1.26682615e+00 -2.50882864e-01
    8.84981930e-01 -5.23866296e-01 1.63860798e-01 4.14802790e-01
    -1.88102245e-01 -3.10798705e-01 -4.00302500e-01 -5.06493449e-01
    6.10666871e-01 8.67209852e-01 3.94075394e-01 1.65031040e+00
    9.07224476e-01 -3.89002025e-01 -4.53635603e-01 4.09966886e-01
    1.49060678e+00 -3.42382014e-01 1.72010684e+00 -5.60942888e-01
    1.51264024e+00 7.30082452e-01 -2.72077322e-02 1.04405785e+00
    1.53051949e+00 -5.76737523e-02 -4.76546526e-01 -3.34348470e-01
    -6.97632074e-01 1.07964647e+00 7.61852622e-01 1.37840271e+00
    5.83963871e-01 1.65919435e+00 1.10101831e+00 -3.09500635e-01
    -6.48179293e-01 4.74513412e-01 8.82167757e-01 -6.36814296e-01
    1.65035391e+00 8.54283452e-01 -5.13895929e-01 8.83858204e-02
    -6.85121715e-01 -3.56509089e-01 9.53600168e-01 -4.08378571e-01
    5.60951412e-01 -4.28846329e-01 7.26508677e-01 1.24223614e+00
    9.39545333e-01 -3.13423872e-02 1.08006632e+00 -5.80964386e-01
    4.37458158e-02 2.72767961e-01 8.64720821e-01 1.26480019e+00
    -4.83865857e-01 1.23682785e+00 -4.31450248e-01 4.06189978e-01
    -1.89110637e-02 3.12803447e-01 -2.34928936e-01 1.19137943e+00
    7.56652355e-02 2.61914730e-02 -3.54398161e-01 1.02188945e+00
    -1.58172727e-01 -5.44328749e-01 -6.65255308e-01 5.65835238e-02
    3.61931920e-02 6.08221889e-02 7.90187716e-02 1.64029288e+00
    1.52449715e+00 1.30586600e+00 -4.89167273e-01 1.22608268e+00
    1.16496420e+00 4.47751343e-01 -6.43659234e-01 -7.23018885e-01
    5.46321869e-02 1.08647227e-01 5.17017782e-01 7.90308237e-01
    -4.81618643e-02 1.03820288e+00 -4.35533345e-01 1.34259486e+00
    -5.15776694e-01 1.44191217e+00 1.40333676e+00 8.71693313e-01
    1.97505772e-01 2.81935811e-01 -4.71889615e-01 -3.88640493e-01
    1.24702322e+00 1.91897273e-01 -1.12444103e-01 -5.56635916e-01
    1.18915319e-01 8.84339690e-01 6.60181344e-01 -7.42759526e-01
    5.80363333e-01 -5.13969362e-01 -2.70846605e-01 -2.01844215e-01
    -2.11872995e-01 1.57471263e+00 1.59702170e+00 4.06039238e-01
    4.83071923e-01 1.39097488e+00 1.38061392e+00 6.98058426e-01
    3.97096336e-01 -6.02056980e-01 1.55305684e-01 5.14576316e-01
    6.15966797e-01 1.34109938e+00 -1.97166771e-01 1.06312156e+00
    1.75763428e-01 1.67401338e+00 1.04735196e+00 -6.25174761e-01
    1.44878972e+00 4.83903050e-01 1.90024376e-01 1.63819778e+00
    1.39266276e+00 -2.42306799e-01 1.22622061e+00 9.53958690e-01
    -3.17808181e-01 1.14793205e+00 1.20833457e+00 -6.12163544e-03
    1.34265542e+00 -6.88646555e-01 -1.13449931e-01 -1.04000926e-01
    6.22309566e-01 1.55155039e+00 -4.26536322e-01 1.38220906e+00
    -6.90090537e-01 2.73073673e-01 -7.36463428e-01 -3.58906120e-01
    1.03439248e+00 1.20588124e-01 8.38376403e-01 3.67514670e-01
    -5.31794190e-01 1.10445845e+00 7.62909234e-01 4.08647954e-01
    2.67307043e-01 1.18503737e+00 7.63554156e-01 1.51834607e+00
    7.60866165e-01 3.83429170e-01 -1.01647019e-01 3.47820520e-02
    1.15378082e+00 2.19195366e-01 1.57379699e+00 5.01854897e-01
    -1.60154879e-01 1.51480126e+00 1.17799938e-01 5.40050149e-01
    1.69751167e+00 1.15805042e+00 -3.85770947e-01 1.89841628e-01
    1.68077970e+00 7.57802427e-01 6.60275996e-01 1.00578403e+00
    3.65394950e-01 2.66351104e-01 1.27526021e+00 6.85597360e-01
    1.45727813e-01 -5.17614722e-01 -3.17998797e-01 8.41909885e-01
    3.08448672e-02 4.86222625e-01 7.98945546e-01 -5.69344759e-02
    1.49871349e+00 -2.16927826e-01 1.13437986e+00 -4.60380703e-01
    7.71359205e-02 -3.59428376e-01 1.22260153e-01 1.56605363e-01
    6.20987535e-01 4.85323071e-02 4.35766876e-01 1.46279526e+00
    5.01985312e-01 2.98181772e-01 5.46085179e-01 -3.78165931e-01
    1.57208967e+00 1.48111629e+00 1.64780760e+00 1.10732782e+00
    1.16582263e+00 6.78278983e-01 1.80830956e-02 6.66644871e-01
    -2.98918486e-02 6.34850919e-01 1.70230091e-01 -3.41090888e-01
    1.49305892e+00 1.04020214e+00 2.55414009e-01 1.37805998e-01
    7.61995316e-01 4.37818527e-01 5.73196173e-01 2.65541911e-01
    1.55864024e+00 -1.64988279e-01 1.35077572e+00 4.93594170e-01
    1.59486365e+00 3.69775891e-02 2.96322942e-01 1.40132999e+00
    5.64539969e-01 2.03593552e-01 5.34748375e-01 1.63297236e-01
    5.77952206e-01 6.89689934e-01 1.45489001e+00 5.05545437e-01
    -6.70114756e-01 1.96217954e-01 4.41865265e-01 -3.38406235e-01
    5.84971726e-01 -6.76609874e-02 4.40844476e-01 8.30744088e-01
    1.18874180e+00 1.60968459e+00 9.43460464e-01 -6.88162327e-01
    -3.84791046e-01 7.89723933e-01 -5.05665779e-01 5.05282044e-01
    2.79095173e-01 1.00465012e+00 5.15066564e-01 -3.18551093e-01
    1.73336124e+00 -6.20787680e-01 -3.79494011e-01 8.77607048e-01
    9.20063257e-02 1.42521620e-01 6.61954880e-02 -1.67956650e-01
    2.70255923e-01 -7.11138606e-01 -6.98945343e-01 7.07646728e-01
    1.62629342e+00 1.30574632e+00 6.22287929e-01 1.45433664e-01
    4.13292468e-01 7.78945684e-02 1.67042804e+00 -3.31680685e-01
    8.26475322e-01 7.22184718e-01 1.19404840e+00 8.59829366e-01
    -2.22960174e-01 1.63040829e+00 1.58039427e+00 4.68900800e-01
    3.45190644e-01 9.34570432e-02 1.33913696e-01 2.37053156e-01
    -1.56174839e-01 -3.03220958e-01 7.96849132e-02 1.73942709e+00
    1.46190882e+00 -6.51854455e-01 -5.74872494e-02 8.08012486e-03
    3.99830878e-01 1.63105381e+00 -6.45413280e-01 1.57360125e+00
    -3.39746743e-01 9.92913187e-01 7.24216223e-01 -5.13264716e-01
    6.07996166e-01 1.36660028e+00 1.07578969e+00 -2.18380392e-01
    6.04018927e-01 6.56182706e-01 1.15151381e+00 -6.63243771e-01
    1.42770231e-01 1.16928971e+00 7.22383320e-01 2.46488929e-01
    8.92837286e-01 3.72572899e-01 -2.47129321e-01 -4.68234420e-02
    8.83079231e-01 -4.87557977e-01 -7.29176998e-02 1.49901032e+00
    1.24429774e+00 1.69993353e+00 1.62551284e+00 1.57719588e+00
    9.28172767e-01 1.53836489e+00 5.54611027e-01 -6.97179914e-01
    8.24368119e-01 1.16436815e+00 -6.46843553e-01 -2.39185959e-01
    -5.18451035e-01 2.81800032e-01 8.22841942e-01 1.31498861e+00
    -3.70536447e-02 3.84298801e-01 1.01528764e-02 -7.92938471e-02
    2.20039248e-01 1.30157590e-01 -3.78333360e-01 1.02865744e+00
    1.15087056e+00 2.57636309e-02 1.62373781e+00 3.44960093e-02
    -7.66539574e-03 1.38016677e+00 1.52469635e+00 7.96077847e-02
    7.78016448e-02 -6.96972847e-01 -5.32923996e-01 -5.84730983e-01
    1.25168681e+00 6.57992721e-01 1.33253682e+00 1.67633533e+00
    4.29829717e-01 1.46214676e+00 5.09570301e-01 1.37526774e+00
    5.83916843e-01 4.52634752e-01 6.56166196e-01 -3.29094499e-01
    -1.71292782e-01 -1.86667681e-01 5.26422918e-01 -6.97291791e-01
    -1.45105600e-01 1.07662702e+00 4.55981731e-01 1.17328489e+00
    -5.30995011e-01 1.06417024e+00 1.41284490e+00 3.08206618e-01
    1.57335043e+00 -2.79802531e-01 -6.43692732e-01 9.85219061e-01
    8.59707475e-01 -3.89837414e-01 -5.33092022e-02 3.36616397e-01
    -5.58470607e-01 1.72266901e-01 -5.05616903e-01 1.26873350e+00
    3.59052598e-01 -2.57575631e-01 1.53553486e+00 1.41304684e+00
    -2.42534101e-01 -4.95102972e-01 1.04921460e-01 1.13312483e-01
    6.33116364e-02 -7.49509752e-01 -1.10820532e-02 1.33309889e+00
    2.27933168e-01 6.56078517e-01 -3.23579371e-01 1.06372583e+00
    1.18403733e+00 -1.26273572e-01 8.28545988e-01 4.87140894e-01
    -5.12582660e-01 5.68224192e-02 5.48000038e-01 -2.35397756e-01
    9.08226132e-01 -6.78286910e-01 1.12600696e+00 -7.84547329e-02
    -4.68899399e-01 7.91227221e-02 7.03713238e-01 1.20562375e-01
    -1.35653853e-01 5.17135262e-02 2.32800543e-01 1.61124587e+00
    3.51422429e-01 1.25430822e+00 -3.69520545e-01 -4.10363257e-01
    6.25998795e-01 9.30611730e-01 -2.17104971e-01 -4.06868368e-01
    2.49661446e-01 6.36035144e-01 1.41274667e+00 9.39447641e-01
    -4.29894477e-01 1.43675971e+00 1.10941529e+00 3.31008315e-01
    -6.53755546e-01 7.08463848e-01 7.33833671e-01 6.16390705e-02
    5.17641127e-01 5.68032861e-02 -5.58985829e-01 -6.68927073e-01
    1.22959352e+00 -5.77748895e-01 -4.52393889e-02 -5.80912352e-01
    8.26255977e-01 7.67294586e-01 2.38818407e-01 3.90513062e-01
    1.48135138e+00 1.73574352e+00 1.50374722e+00 -5.41570067e-01
    8.61068010e-01 -1.17864907e-01 -4.12961572e-01 1.37877440e+00
    1.34359181e+00 1.38339925e+00 4.90114808e-01 -4.39853221e-01
    -1.34658098e-01 6.47568583e-01 6.02660179e-01 6.91100538e-01
    1.64304495e+00 -1.44735515e-01 2.60581851e-01 1.05538869e+00
    -6.03115499e-01 7.80199170e-02 -2.02119946e-01 3.82079363e-01
    -7.46204853e-02 5.52602053e-01 1.58836901e+00 1.10998869e+00
    3.40141058e-02 6.52607560e-01 7.82349825e-01 1.21077597e-01
    6.08226061e-01 1.53576326e+00 4.39933300e-01 1.27075374e+00
    5.19983232e-01 4.65887547e-01 1.06946278e+00 8.16614032e-02
    1.65953577e+00 -6.94551110e-01 -8.35472345e-02 6.67974532e-01
    -2.81633854e-01 -1.62130177e-01 3.87859285e-01 1.67868590e+00
    1.23946738e+00 1.41418517e+00 1.57480597e-01 8.69645417e-01
    1.19799066e+00 -4.39852804e-01 2.38234043e-01 1.45634747e+00
    5.32327235e-01 8.64348471e-01 -1.12550259e-01 -2.15421319e-01
    1.50204945e+00 -1.92426801e-01 6.65144682e-01 1.36338925e+00
    -2.71027654e-01 1.28532577e+00 -6.66819811e-02 -6.57948375e-01
    -2.95629501e-01 1.34679139e-01 -5.03140807e-01 5.64169407e-01
    1.12919557e+00 1.64775848e+00 -4.57341492e-01 1.06841636e+00
    1.10480285e+00 2.84391284e-01 -2.62200207e-01 -4.85547125e-01
    -5.87925315e-01 8.04576278e-01 7.72069871e-01 7.97482312e-01
    -9.27181840e-02 -4.01031703e-01 3.89163136e-01 -5.69911003e-01
    2.43992925e-01 -2.06717700e-01 5.14498651e-01 4.10449982e-01
    6.16103172e-01 4.63071764e-01 -2.11548001e-01 1.24237418e-01
    1.06381619e+00 1.76059818e+00 3.15064728e-01 -3.23444605e-02
    -4.47318792e-01 6.91438854e-01 -2.86310315e-02 -5.41933537e-01
    -4.09046441e-01 -3.67975086e-01 -3.67698610e-01 9.56362545e-01
    9.81386006e-01 2.69904315e-01 1.39472961e+00 1.08617067e-01
    1.06460488e+00 3.01961005e-01 8.07759702e-01 -2.73226678e-01
    -4.23632056e-01 -4.97468114e-02 -1.39931798e-01 -3.01586837e-01
    6.22536778e-01 -5.05056798e-01 9.93232489e-01 1.15961385e+00
    -1.96626246e-01 -4.56751585e-02 2.66298234e-01 1.45654047e+00
    5.55374980e-01 1.71023417e+00 1.46791768e+00 1.22156525e+00
    8.95988703e-01 1.12767518e+00 1.72873974e+00 7.64473915e-01
    2.51855969e-01 -6.36813641e-02 5.70328891e-01 9.90864754e-01
    9.14170742e-01 8.42158198e-02 9.97270346e-02 8.26759696e-01
    1.29344058e+00 1.66779101e-01 1.02822196e+00 3.78963470e-01
    1.60346568e-01 1.70861423e+00 1.05114901e+00 -3.89852971e-01
    -6.91082060e-01 -1.46887660e-01 4.78334427e-01 8.35964382e-01
    9.40482140e-01 8.94868255e-01 1.29248774e+00 -2.01603591e-01
    -2.16920376e-02 7.34627843e-01 6.60577416e-01 -1.40197396e-01
    1.03954911e+00 2.80711055e-02 -2.52611011e-01 -6.72454000e-01
    2.73661435e-01 1.35559320e+00 -4.08816785e-01 -2.81471938e-01
    -2.78407991e-01 8.23127925e-01 4.64438200e-01 1.31795669e+00
    -4.43478733e-01 -3.46224308e-02 1.46900964e+00 -3.72968793e-01
    7.06260741e-01 1.34989953e+00 -5.05053759e-01 8.41327965e-01
    -5.27180791e-01 5.48718035e-01 4.13628578e-01 -3.06969851e-01
    6.03179514e-01 7.00928569e-02 2.95019984e-01 1.15912485e+00
    8.36532354e-01 4.87072170e-01 5.07153451e-01 9.29469526e-01
    9.33435380e-01 1.23866081e+00 3.36008132e-01 1.47122800e+00
    5.19827545e-01 1.31263471e+00 1.37806320e+00 1.26873565e+00
    7.47196376e-01 1.26560545e+00 1.79568112e-01 7.14465499e-01
    1.52002990e+00 5.40430963e-01 1.32496214e+00 4.52850103e-01
    -6.53236389e-01 -5.75683296e-01 1.43100059e+00 -2.79412270e-02
    5.49322963e-01 1.35019374e+00 1.35038638e+00 -3.38777453e-01
    -8.14318657e-04 8.55302215e-01 1.43029094e+00 3.32563043e-01
    -1.69210732e-01 -1.35883331e-01 1.36190295e-01 6.08441830e-02
    -4.97483552e-01 7.50284135e-01 1.09707069e+00 6.38906300e-01
    9.64778066e-02 3.05815935e-02 4.82014120e-01 3.89913440e-01
    8.08490515e-01 1.46555328e+00 9.00088370e-01 1.52334189e+00
    1.27287853e+00 1.12639618e+00 -1.63233280e-02 2.64798582e-01
    8.31296563e-01 -1.35288358e-01 5.56413949e-01 3.16613913e-03
    -3.06309074e-01 1.44554281e+00 -1.07261240e-01 1.12783742e+00
    -3.83372933e-01 9.98038411e-01 -1.84951723e-01 -1.70840383e-01
    1.55506897e+00 -2.08307683e-01 1.44706798e+00 3.23766887e-01
    -1.53622329e-01 3.62819970e-01 -3.64992827e-01 9.48029816e-01
    4.10852551e-01 1.35710299e-01 9.76209939e-01 1.50705004e+00
    2.92250156e-01 1.18298209e+00 1.05949807e+00 1.36808002e+00
    1.05158794e+00 1.21253848e+00 1.42814231e+00 9.92761552e-01
    2.34825552e-01 3.19428980e-01 1.39550972e+00 1.50862062e+00
    -5.61611295e-01 -6.29705131e-01 1.66836739e+00 1.60975552e+00
    1.24402761e+00 -3.55426997e-01 3.09213459e-01 3.29705834e-01
    7.52358735e-01 -6.83345795e-01 -3.95451218e-01 7.58757293e-01
    1.24430037e+00 -1.66267216e-01 1.38468397e+00 4.51045334e-01
    2.10402548e-01 6.28264725e-01 -6.60010815e-01 -1.29512608e-01
    1.34677768e+00 -6.18731737e-01 -3.76338989e-01 1.50019979e+00
    9.38676298e-01 4.89153385e-01 7.04082489e-01 -7.03517020e-01
    9.60858405e-01 5.53860486e-01 -4.55495596e-01 1.58997989e+00
    1.65081954e+00 1.46942472e+00 -4.55847263e-01 -1.84692800e-01
    -7.19467103e-01 4.29936230e-01 -7.22602248e-01 1.52329683e+00
    -6.51027560e-02 -4.95721281e-01 8.61847579e-01 -4.35455799e-01
    -4.90975380e-03 1.44507635e+00 5.96591592e-01 -1.49307847e-02
    -2.14582980e-01 1.93325758e-01 9.74377513e-01 4.73279476e-01
    -5.82902849e-01 1.47323012e-02 1.71601772e-04 1.10966945e+00
    1.35548592e+00 1.23381162e+00 9.66729879e-01 9.93506730e-01
    1.27932787e-01 -2.00038135e-01 7.03771353e-01 1.14882410e-01
    1.93141818e-01 4.97835994e-01 8.78864944e-01 -5.50751269e-01
    1.66853237e+00 7.89702654e-01 2.60827899e-01 8.71758223e-01
    -2.54071712e-01 4.45785224e-01 -9.42080021e-02 7.84615278e-01
    2.60061383e-01 1.33360767e+00 2.89796233e-01 7.64846802e-04
    4.97337401e-01 8.87260854e-01 8.60813439e-01 -4.00769353e-01
    -3.86436582e-02 3.55965674e-01 7.62960553e-01 1.58742130e+00
    -2.51830697e-01 1.27970123e+00 3.94287109e-01 6.93132818e-01
    1.69453287e+00 -1.87027335e-01 -1.85495138e-01 -5.99323273e-01
    8.25138450e-01 1.53407884e+00 4.12858129e-02 1.56618977e+00
    6.19652569e-01 4.76538897e-01 5.00327528e-01 1.24838281e+00
    3.16604972e-01 1.05073953e+00 -6.26007736e-01 1.40550256e+00
    6.34902775e-01 1.45516920e+00 1.56071138e+00 4.91298556e-01
    5.05144119e-01 1.29156899e+00 -5.74486673e-01 1.58429074e+00
    -6.74450815e-01 1.18580711e+00 8.84156168e-01 8.59167099e-01
    -8.22234154e-03 -3.32013458e-01 1.50760889e+00 -5.06723166e-01
    8.90203834e-01 1.09535360e+00 1.12347269e+00 9.15026665e-01
    1.46435428e+00 2.37451613e-01 6.99448586e-03 -1.15729630e-01
    7.30069757e-01 -2.46098548e-01 -5.65896749e-01 6.62245989e-01
    5.39450109e-01 -6.50739670e-03 -2.12286919e-01 -5.48070371e-01
    -6.58016443e-01 2.30656326e-01 3.98130834e-01 -6.46814704e-02
    1.45422971e+00 1.48505306e+00 1.55316782e+00 2.02839792e-01
    1.68612671e+00 1.40928161e+00 -8.23920965e-03 -1.78739607e-01
    -5.54606974e-01 1.70263791e+00 6.43673360e-01 1.47583294e+00
    -5.08795500e-01 -5.19748271e-01 1.15973365e+00 9.34479773e-01
    3.51265371e-01 7.40585625e-01 4.33034301e-02 1.31386232e+00
    6.29691958e-01 -7.37600863e-01 1.32769716e+00 1.63253629e+00
    1.38130093e+00 -5.35195708e-01 -1.88209713e-01 -3.13848197e-01
    1.16907740e+00 -6.63948059e-02 1.00479329e+00 -4.06887084e-01
    -1.10916317e-01 1.45680547e+00 1.50554240e-01 -7.09182024e-01
    1.15179396e+00 1.00264978e+00 4.18311357e-03 -3.32712054e-01
    1.42707443e+00 -3.25278640e-02 1.22228098e+00 8.96482468e-01
    1.20142651e+00 -5.57572722e-01 8.41279387e-01 1.01974416e+00
    1.12164760e+00 3.96584272e-01 -5.99666595e-01 9.43261743e-01
    -3.07551831e-01 1.19708896e-01 8.02444220e-01 3.96973312e-01
    5.76644838e-01 1.24970961e+00 9.24435318e-01 3.30332339e-01
    -1.10411763e-01 1.62554216e+00 8.25375855e-01 1.69487822e+00
    1.41913557e+00 1.21753168e+00 1.56075382e+00 -1.97983980e-01
    -6.42380238e-01 1.58454275e+00 4.66156602e-01 9.32747543e-01
    -2.48942554e-01 2.08290398e-01 1.20912480e+00 7.74904966e-01
    2.84147561e-01 1.38728976e-01 1.58103085e+00 1.33590996e+00
    -4.78823155e-01 4.91300762e-01 1.07167101e+00 1.70245099e+00
    5.48223734e-01 -4.35076773e-01 -3.12655032e-01 -5.85664213e-01
    -5.90383828e-01 1.30375218e+00 9.18310463e-01 1.52147055e+00
    1.04746497e+00 6.92391038e-01 6.60806417e-01 -2.00989723e-01
    1.09435797e+00 1.01965833e+00 1.06442595e+00 3.58866930e-01
    -7.58653224e-01 -3.82425576e-01 1.06721282e-01 3.20216954e-01
    5.10938942e-01 1.15043831e+00 -9.46074724e-03 1.28824914e+00
    1.00174832e+00 9.52301562e-01 1.42740178e+00 -4.52576131e-01
    1.42298520e-01 5.35787284e-01 1.45018125e+00 -4.72320914e-01
    -2.64822245e-02 1.41585302e+00 6.83033645e-01 1.02619982e+00
    1.64219141e-02 5.22354364e-01 1.20002985e+00 -7.11909533e-01
    7.95719624e-01 1.35283732e+00 1.12898123e+00 3.31138968e-01
    -3.44818473e-01 6.25693500e-01 1.44098473e+00 2.92992353e-01
    1.25214946e+00 -2.55328715e-01 1.51292384e-01 8.29163492e-01
    -3.58931988e-01 1.35924721e+00 -7.13858068e-01 -4.35200095e-01
    -2.00746834e-01 1.34817362e-02 -4.22713399e-01 1.31084561e-01
    9.48084235e-01 3.33144724e-01 1.43463111e+00 2.69576669e-01
    -1.63939714e-01 -4.71940130e-01 1.24966061e+00 -2.55560845e-01
    -4.07847464e-01 7.01619327e-01 -5.04671872e-01 -4.60863084e-01
    2.61955559e-01 1.55668974e+00 1.47695839e-01 1.67767930e+00
    1.50327754e+00 1.11586070e+00 1.07394314e+00 9.54977036e-01
    1.58631229e+00 1.15853310e+00 9.18756187e-01 2.15616643e-01
    8.40760469e-02 -1.80393308e-01 5.78996062e-01 -6.08626127e-01
    4.78092611e-01 1.14419484e+00 9.61116731e-01 5.11327386e-02
    -2.44519949e-01 1.40936351e+00 2.32597291e-01 -1.54010475e-01
    1.55650878e+00 -4.80789065e-01 -1.18852973e-01 4.88320291e-01
    7.84300864e-01 1.20645285e+00 1.07532954e+00 1.97238207e-01
    1.82609439e-01 -5.30621052e-01 5.09257257e-01 8.77013445e-01
    1.12115598e+00 8.57740343e-01 3.70117009e-01 9.27062988e-01
    4.39992189e-01 9.25760269e-02 7.60781169e-01 1.43664730e+00
    3.72526705e-01 1.02058077e+00 -7.16502607e-01 -5.87013364e-01
    -8.32852721e-02 3.25342417e-01 4.46757019e-01 5.34910619e-01
    -1.26596689e-01 -6.25885487e-01 -4.25879359e-02 9.31543648e-01
    4.11454856e-01 1.73016739e+00 -4.67648149e-01 8.34954739e-01
    2.03134596e-01 -4.08786386e-01 6.63225174e-01 -5.73984444e-01
    1.60875380e+00 3.27337623e-01 -6.85338557e-01 1.01858580e+00
    8.47488344e-01 1.29975522e+00 5.33717036e-01 -4.90414619e-01
    -1.20233417e-01 6.53215766e-01 -2.24923819e-01 4.71629262e-01
    7.73760915e-01 5.69516242e-01 8.23590159e-01 -3.36580157e-01
    -6.97355807e-01 1.16309667e+00 2.40782320e-01 -6.55082524e-01
    -5.81773520e-01 9.20756459e-02 1.07592332e+00 2.43675053e-01
    3.36570621e-01 -3.42571199e-01 1.60109186e+00 1.03489590e+00
    1.65779364e+00 3.21335793e-01 9.92264390e-01 -1.21733427e-01
    1.37889051e+00 6.38442039e-01 -4.83524293e-01 1.53862488e+00
    -1.50558412e-01 1.40257561e+00 -6.23277485e-01 1.11896873e+00
    3.56440902e-01 1.54365087e+00 -4.86044854e-01 1.66119194e+00
    -5.79675794e-01 1.30733705e+00 9.28314269e-01 5.78477561e-01
    1.35681975e+00 1.65235567e+00 1.29760981e-01 -2.66863406e-01
    -7.11204290e-01 1.15058422e-02 2.84838080e-02 4.77718592e-01
    1.30378592e+00 1.52519202e+00 1.64822340e+00 8.21875274e-01
    8.80671442e-01 1.92097425e-02 1.06175208e+00 -7.27689981e-01
    -7.96838582e-01 1.41361380e+00 1.84488893e-01 4.52186942e-01
    2.85427749e-01 -6.82547927e-01 -4.96476412e-01 1.43599129e+00
    1.26371646e+00 -2.64170170e-01 7.43458867e-01 -1.38303399e-01
    1.56053352e+00 9.99670208e-01 2.50468194e-01 1.08318985e-01
    -7.25472569e-01 1.52020550e+00 -4.52922463e-01 -4.24029291e-01
    9.00899172e-01 1.27304745e+00 1.58811271e+00 1.14259195e+00
    1.14080906e-02 1.60206723e+00 1.32937157e+00 3.66268814e-01
    1.53353715e+00 1.49016190e+00 1.63168430e+00 1.25418353e+00
    1.24058533e+00 5.24645686e-01 8.70498896e-01 6.57931030e-01
    4.09625947e-01 2.09490895e-01 -3.49332571e-01 1.19082522e+00
    1.69746363e+00 4.66113269e-01 1.35349870e+00 1.19927323e+00
    3.73741329e-01 6.62397623e-01 1.34627366e+00 5.83892584e-01
    1.50300908e+00 -3.01973909e-01 -6.96716905e-01 1.24478817e-01
    4.73262906e-01 6.08986020e-01 1.08501399e+00 -5.71388602e-01
    1.49495721e+00 5.21991611e-01 2.63267934e-01 1.70509744e+00
    1.13076758e+00 1.32190645e-01 7.69634426e-01 7.96967745e-03
    1.61172462e+00 4.12350476e-01 5.42641819e-01 -2.47419178e-01
    1.60625339e+00 4.60715294e-02 3.81288230e-01 1.48320735e-01
    -6.57693744e-01 1.58374798e+00 -3.34522516e-01 7.96618164e-01
    1.20996904e+00 1.19913161e-01 1.18501019e+00 8.02614093e-02
    -3.55951995e-01 3.54032934e-01 -5.56843042e-01 8.90151322e-01
    5.15637398e-01 1.32976389e+00 7.36885428e-01 6.42708123e-01
    2.19338238e-01 4.93816137e-02 1.53702891e+00 1.12150335e+00
    4.95072484e-01 7.99085915e-01 1.71320248e+00 1.93582475e-01
    3.55794907e-01 1.08115184e+00 4.24267411e-01 1.55066967e+00
    -2.20120072e-01 -3.55997324e-01 -4.62139487e-01 1.62661076e-02
    -4.64692205e-01 8.00763369e-01 1.70506954e+00 1.35670364e-01
    -4.96430576e-01 5.47948778e-01 1.31371546e+00 2.97827005e-01
    9.01517808e-01 -6.78264499e-01 1.03871846e+00 1.01003337e+00
    -3.29949111e-01 -5.29795289e-01 7.32857704e-01 5.76568425e-01
    8.91450644e-01 1.05147254e+00 1.49626529e+00 4.12775457e-01
    1.16970861e+00 -2.59559751e-02 9.54858243e-01 1.67321777e+00
    -1.73387349e-01 1.35305405e+00 -3.57654005e-01 1.25213027e+00
    -9.32242274e-02 1.63345838e+00 4.45901036e-01 1.25895143e-02
    3.05762768e-01 1.45436656e+00 1.56276441e+00 1.82352364e-01
    1.06358004e+00 1.64875376e+00 1.29328823e+00 1.21020985e+00
    -3.02562743e-01 1.26189423e+00 4.51243103e-01 1.60786128e+00
    4.88334596e-01 -2.31002808e-01 1.52105701e+00 1.09493494e-01
    1.99312925e-01 -1.12376392e-01 1.02899492e-01 1.13318872e+00
    1.46094036e+00 1.23171425e+00 -3.86726290e-01 8.29288602e-01
    -2.59288937e-01 1.38709950e+00 -6.00776792e-01 1.12674999e+00
    -4.18056697e-01 -5.66504538e-01 4.12405610e-01 -1.64830923e-01
    8.08387041e-01 1.65239930e-01 7.61617899e-01 1.37350559e+00
    5.42593300e-01 1.68048203e+00 8.99919510e-01 1.46287215e+00
    5.88814795e-01 1.60123682e+00 1.04750443e+00 3.75782847e-01
    -1.91885173e-01 5.85511208e-01 -8.62129331e-02 8.70094895e-02
    1.31012487e+00 5.60817301e-01 1.28081536e+00 -6.53335154e-01
    9.30196166e-01 3.63396227e-01 9.21957254e-01 8.45475614e-01
    -5.49656332e-01 1.49987888e+00 9.88419414e-01 1.69345260e+00
    1.90720558e-02 1.36144257e+00 1.34337580e+00 1.34619439e+00
    1.68884206e+00 2.11130798e-01 -4.87224638e-01 -2.67970085e-01
    1.21834230e+00 4.88931954e-01 1.78147388e+00 1.46166301e+00
    -5.96377254e-01 1.62367010e+00 -5.62390804e-01 -4.52823728e-01
    1.71903205e+00 4.72119510e-01 -4.72477943e-01 1.05938315e+00
    -5.19168556e-01 -5.04798412e-01 -5.68225741e-01 1.13815451e+00
    -4.88593519e-01 -1.54628813e-01 6.61964357e-01 -4.93420213e-01
    4.20923769e-01 1.49585390e+00 3.48042250e-01 6.54183865e-01
    2.87519574e-01 -6.94309235e-01 1.27040112e+00 1.08741128e+00
    -3.58734757e-01 -5.04000783e-01 1.53632581e+00 5.60918331e-01
    1.53091717e+00 1.50840735e+00 -4.34157699e-01 -6.83523238e-01
    -3.97588879e-01 -7.87612796e-02 1.19120383e+00 1.03212559e+00
    1.64011705e+00 6.80803061e-02 8.26370001e-01 -1.16806924e-01
    1.53604460e+00 -4.80063558e-01 1.37097979e+00 -5.49250007e-01
    -4.62043762e-01 8.81130695e-01 4.51897860e-01 -5.61926842e-01
    1.64831996e+00 4.61305737e-01 -2.22714067e-01 1.14977002e+00
    -6.71904743e-01 2.22725928e-01 -5.58067560e-01 1.02369142e+00
    1.21795356e+00 6.32060945e-01 7.63679564e-01 2.30058730e-01
    -1.87411368e-01 1.16397786e+00 1.39576745e+00 1.68110049e+00
    1.02095068e-01 1.04428172e-01 1.14291692e+00 5.76901436e-03
    1.12870550e+00 7.58034527e-01 1.82471335e-01 9.53103721e-01
    1.44576645e+00 1.50838566e+00 1.57438385e+00 -2.43058205e-01
    7.41468072e-01 2.23301053e-02 8.02646637e-01 1.66626513e+00
    4.56575096e-01 5.39923251e-01 1.67608583e+00 1.69703293e+00
    3.61074686e-01 1.51151967e+00 1.55320477e+00 3.93491983e-03
    2.61257172e-01 1.41776741e+00 4.67951417e-01 1.20404458e+00
    5.58141470e-01 1.04885519e+00 1.19673705e+00 6.83061004e-01
    1.58799648e+00 -7.55886137e-01 -3.53938967e-01 1.58698952e+00
    1.26975000e+00 1.36312759e+00 5.38995862e-02 4.71585989e-01
    1.27959502e+00 -1.23353004e-02 -7.38425791e-01 3.99964094e-01
    -1.09099746e-01 1.11844397e+00 9.20969248e-02 1.36353076e-01
    -5.01393199e-01 2.54975498e-01 1.87617958e-01 1.27982020e+00
    1.18607187e+00 -6.12912774e-02 1.17798138e+00 -4.85942632e-01
    -6.52142942e-01 -6.36593342e-01 -3.29452664e-01 1.40839708e+00
    1.18116927e+00 -3.74303252e-01 6.01090252e-01 9.16632414e-02
    1.65272975e+00 5.34722447e-01 1.61811292e+00 8.74598861e-01
    1.68014145e+00 8.27019989e-01 1.18660617e+00 -1.89486682e-01
    1.08718014e+00 1.58649921e+00 9.67000544e-01 7.12457597e-01
    1.13293552e+00 3.45815957e-01 8.56347620e-01 -3.86630297e-01
    -2.80761272e-01 6.57906353e-01 1.23903346e+00 -3.97325724e-01
    3.77111614e-01 1.49852908e+00 9.38072205e-01 -5.90756238e-01
    -5.57577729e-01 1.53638506e+00 6.47879839e-02 1.71077776e+00
    1.17417276e-01 -5.69338262e-01 1.13194311e+00 9.85873282e-01
    1.00298882e+00 4.55870032e-02 9.20332611e-01 1.75010896e+00
    8.56881380e-01 -4.86714691e-01 2.49104798e-01 1.51652741e+00
    -6.29189193e-01 4.25158381e-01 3.47149134e-01 4.88892138e-01
    1.47141540e+00 -2.58322835e-01 1.25768149e+00 1.42832041e-01
    -4.39312130e-01 -6.68617308e-01 5.83013058e-01 2.46969700e-01
    4.46088791e-01 1.61373961e+00 1.16884100e+00 -6.91182733e-01
    1.20562625e+00 4.48173285e-01 1.46111488e+00 1.30777884e+00
    -8.29071403e-02 -3.34528387e-01 2.91716218e-01 -6.38963938e-01
    -2.19738215e-01 8.68690610e-01 -2.94705272e-01 3.73962522e-01
    -2.18865693e-01 5.99581003e-01 1.72350156e+00 -1.03000402e-02
    7.95759916e-01 1.32955551e+00 1.57624543e+00 2.74224281e-01
    9.86118913e-02 7.51995444e-01 1.03604221e+00 1.51182950e-01
    5.14800072e-01 1.69505763e+00 -8.41851830e-02 1.22863674e+00
    -2.72952586e-01 9.60930586e-02 1.17340779e+00 9.22434092e-01
    4.49083805e-01 1.23336339e+00 -6.28571272e-01 4.95559394e-01
    -6.34483576e-01 -3.62523913e-01 6.07034087e-01 8.74531150e-01
    5.61442554e-01 1.74419224e-01 8.68720591e-01 5.81461787e-01
    -3.38567793e-01 -5.84579647e-01 -1.25703573e-01 -2.62934268e-01
    1.27606750e-01 4.43855166e-01 1.34478629e-01 7.28263617e-01
    1.06359220e+00 -3.63922715e-01 3.10661554e-01 1.28211498e+00
    2.54699707e-01 1.16177535e+00 -5.43198109e-01 2.48825788e-01
    -6.09712481e-01 8.28161776e-01 -1.52602494e-01 7.55431414e-01
    2.60949135e-04 -3.42225343e-01 -1.01810098e-02 1.83260202e-01
    1.43584538e+00 1.35630906e-01 1.74082732e+00 4.53351855e-01
    4.65782583e-01 -8.18811655e-02 -4.95589077e-01 1.27653623e+00
    -5.26958585e-01 1.56173885e+00 6.82359636e-01 3.50500047e-01
    2.55871177e-01 6.47899687e-01 3.64542365e-01 8.37310135e-01
    -4.02509809e-01 1.77544165e+00 1.94467187e-01 8.98417354e-01
    1.51764035e+00 2.36468971e-01 9.17688012e-01 1.21092463e+00
    -5.07633507e-01 9.52605009e-01 8.04312408e-01 2.70961702e-01
    1.28330493e+00 -5.28932691e-01 -3.15390706e-01 -4.75321859e-01
    -5.08327365e-01 1.01493740e+00 1.52242517e+00 -3.22457641e-01
    1.10168886e+00 1.66990042e+00 1.64952981e+00 -5.95522404e-01
    1.48842764e+00 1.06687593e+00 1.18064010e+00 -2.33759284e-01
    2.52879977e-01 8.00483882e-01 4.64246929e-01 -5.26721358e-01
    -4.80794191e-01 -3.64263743e-01 1.02374709e+00 1.66695344e+00
    1.56266582e+00 5.25278807e-01 9.44218516e-01 1.07587528e+00
    1.21194017e+00 -4.28128719e-01 1.56704485e+00 1.25366509e+00
    1.35481644e+00 -5.76110899e-01 1.37134933e+00 -3.66753340e-03
    1.10372710e+00 -2.44216919e-01 -1.12001181e-01 5.68006337e-01
    -1.01694405e-01 3.42816114e-02 -3.19429636e-01 -3.69823486e-01
    -6.03307247e-01 -6.98652208e-01 -2.56993800e-01 -6.78767920e-01
    7.71092892e-01 5.39289534e-01 4.86485541e-01 4.71424043e-01
    1.17543840e+00 1.49874115e+00 -7.20748663e-01 -6.10713184e-01
    1.68909264e+00 1.70554304e+00 1.64406586e+00 -4.66699302e-01
    3.65047574e-01 -3.77985805e-01 -6.40058875e-01 3.27134848e-01
    -3.66663218e-01 1.51403236e+00 5.65068066e-01 -3.23866993e-01
    1.73467970e+00 6.18432760e-01 -1.62536979e-01 8.49676013e-01
    4.84409392e-01 7.93630481e-01 -4.42507565e-01 -2.99704015e-01
    2.01315463e-01 1.67957962e-01 -7.25147069e-01 9.07951891e-01
    1.59356713e+00 9.40953732e-01 4.07084405e-01 3.89671326e-03
    1.65874052e+00 -5.61219752e-01 1.87162519e-01 1.07664263e+00
    -5.52339375e-01 8.84603739e-01 -7.13969052e-01 1.35646796e+00
    6.12435222e-01 3.38196158e-01 -1.32242799e-01 2.93167710e-01
    1.07935786e-01 9.41094518e-01 1.17224753e+00 -3.66531849e-01
    2.84170926e-01 1.34025574e+00 -2.42376387e-01 1.22297478e+00
    6.53796077e-01 2.65077353e-01 -3.69954556e-01 -2.36918032e-01
    1.66821718e+00 4.12143528e-01 3.89755070e-01 9.48612630e-01
    4.32869136e-01 1.15890360e+00 -4.94214684e-01 -1.41891003e-01
    1.18011296e-01 1.61645341e+00 1.10714757e+00 1.58085501e+00
    -5.55473149e-01 7.26830721e-01 6.84768260e-01 1.24160504e+00
    -5.78020811e-01 9.46204662e-02 1.68469930e+00 1.78205967e-03
    -6.62484825e-01 1.47935367e+00 1.22201705e+00 1.77892780e+00
    5.08355618e-01 6.72871113e-01 -1.29891932e-01 4.93357122e-01
    1.55203772e+00 8.65666270e-01 1.34479618e+00 5.07413507e-01
    9.17502940e-01 1.13661110e-01 8.92096341e-01 5.62603891e-01
    6.06873035e-02 -2.95624793e-01 -7.02742994e-01 9.43084002e-01
    7.91621029e-01 8.37204695e-01 1.74364758e+00 1.04804134e+00
    -2.30449080e-01 1.02850926e+00 1.23041344e+00 -6.61750376e-01
    1.20234203e+00 1.73965406e+00 1.02157354e+00 -3.61053348e-02
    1.44417322e+00 6.51838303e-01 1.34571147e+00 1.76749158e+00
    1.33742881e+00 -2.17467636e-01 -1.86980844e-01 -2.74100929e-01
    2.70657420e-01 1.63893104e+00 1.91987634e-01 1.30301881e+00
    5.02710819e-01 1.42110586e-02 1.24612308e+00 4.49081540e-01
    1.65577352e-01 1.16914082e+00 -4.48699534e-01 8.48843455e-02
    5.78824282e-02 1.24213123e+00 -2.27108568e-01 1.72225165e+00
    7.55226612e-02 1.18539083e+00 4.13066387e-01 8.26208651e-01
    1.39619827e-01 1.08560801e-01 5.98925531e-01 1.70199394e+00
    1.52022779e+00 9.51741815e-01 1.22439456e+00 1.13542604e+00
    2.95277894e-01 -6.32288814e-01 1.36084211e+00 6.97206438e-01
    8.88802946e-01 1.26171184e+00 1.54225123e+00 1.14650035e+00
    -3.25544685e-01 1.52431965e+00 3.50442350e-01 1.57679892e+00
    4.16264415e-01 8.90708029e-01 8.11631680e-01 -7.15869069e-01
    -2.39703178e-01 -7.22076893e-01 1.09264433e-01 8.10554683e-01
    -1.41174197e-01 4.48826075e-01 1.67804778e+00 6.50902748e-01
    1.35303974e+00 -1.76369667e-01 -8.30110312e-02 1.05361271e+00
    1.61356401e+00 -5.82047403e-01 -5.43765604e-01 6.66921854e-01
    1.05056167e-02 3.86829317e-01 -3.76667082e-01 1.35445082e+00
    1.60557806e-01 2.45204568e-01 6.78142071e-01 4.55623627e-01
    3.05566192e-02 4.63568211e-01 9.68764365e-01 1.49464214e+00
    -6.18979216e-01 7.58512378e-01 1.37435675e+00 1.11629784e+00
    -4.88905311e-01 4.33992147e-01 5.87781966e-01 -2.97676206e-01
    1.56925917e+00 -4.60783243e-02 1.63650012e+00 8.21663201e-01
    -1.03077292e-01 6.11255765e-02 3.19706023e-01 8.12739193e-01
    5.84318876e-01 2.06077099e-03 -1.31431818e-01 7.29246855e-01
    4.48143482e-02 7.21345305e-01 1.46487701e+00 3.37360263e-01
    5.90498328e-01 -1.72304511e-02 -2.68885612e-01 1.30731416e+00
    1.52139258e+00 -1.15885258e-01 1.57546973e+00 1.48715305e+00
    2.01339543e-01 1.16450953e+00 -3.36538941e-01 3.49286020e-01
    1.04672527e+00 -2.96149671e-01 1.02764010e+00 1.18733108e-01
    2.49213636e-01 3.15075040e-01 -2.55293489e-01 -3.18447083e-01
    -3.75794172e-02 1.83700323e-02 1.08374536e+00 3.62428129e-01
    5.86093426e-01 6.99054182e-01 1.36416316e+00 6.82253301e-01
    4.39023018e-01 1.83580577e-01 1.42580330e+00 5.61893940e-01
    8.21353734e-01 4.49861825e-01 1.00257814e-01 -3.47567916e-01
    -1.27141476e-02 9.32124078e-01 1.71532607e+00 1.43478334e+00
    -3.65574867e-01 -3.89586478e-01 8.22900116e-01 1.55369759e+00
    4.42590714e-01 -6.43231273e-01 7.95825541e-01 -4.98840809e-02
    1.38178968e+00 1.46963978e+00 1.18457651e+00 -3.73856544e-01
    9.29916739e-01 -6.23490930e-01 2.28275180e-01 1.51632011e-01
    5.89003444e-01 6.06056273e-01 -2.12808430e-01 -4.31364417e-01
    1.02878749e-01 -5.34127474e-01 -7.13088751e-01 2.29521692e-01
    1.23566198e+00 9.25498962e-01 1.51698017e+00 9.51942623e-01
    5.15118420e-01 -2.66678929e-01 1.26846814e+00 -8.18818212e-02
    2.29459882e-01 8.71557832e-01 6.19863510e-01 6.41671836e-01
    4.76348698e-01 9.82454658e-01 1.11693549e+00 2.70022035e-01
    3.30242038e-01 1.34936690e+00 1.68755937e+00 1.65274799e-01
    -1.87009454e-01 1.36550093e+00 -1.23806834e-01 -3.80509734e-01
    3.99547458e-01 8.65564466e-01 1.45289135e+00 1.70827413e+00
    1.67470241e+00 1.00883484e+00 1.58373332e+00 1.26108909e+00
    -4.95844156e-01 5.14470816e-01 -7.43837297e-01 1.29163432e+00
    6.31632388e-01 1.29817247e+00 2.00108290e-02 1.47181582e+00
    1.12594724e+00 9.97352064e-01 1.36257029e+00 1.16906190e+00
    9.00757313e-03 -6.06546402e-01 -1.57803893e-02 7.63777316e-01
    1.51075768e+00 1.16595721e+00 -7.35192895e-02 -3.66231501e-01
    6.06216431e-01 3.15297186e-01 1.22776783e+00 6.61772132e-01
    1.72532237e+00 1.65094614e+00 4.68575180e-01 -6.55016840e-01
    7.34358907e-01 -5.76933026e-01 5.81278861e-01 9.53032494e-01
    4.72332835e-01 3.48482907e-01 2.73671925e-01 2.80910909e-01
    1.08840704e-01 -6.76193774e-01 9.03262496e-02 8.25457573e-02
    -6.91563368e-01 -1.93457186e-01 -6.53857231e-01 2.66915381e-01
    -5.53196192e-01 4.08505321e-01 5.88020921e-01 -2.84148037e-01
    3.29650819e-01 9.36737061e-01 -6.15341067e-01 1.43887949e+00
    1.23396242e+00 8.85502338e-01 -5.37657678e-01 1.62132263e-01
    6.52259827e-01 1.10790491e+00 -5.38747907e-02 4.07826424e-01
    6.14872277e-01 3.86199057e-01 1.24511540e-01 -2.89444476e-01
    -2.52889812e-01 -4.99069691e-02 1.12351406e+00 1.05814195e+00
    2.96585441e-01 7.32225895e-01 8.34825575e-01 7.68262029e-01
    3.48633170e-01 1.72526550e+00 -5.71401477e-01 -3.08787942e-01
    -4.19575095e-01 -2.21118510e-01 -2.38523692e-01 1.43953264e-01
    -3.22533727e-01 9.18143332e-01 9.54675019e-01 -5.77999830e-01
    1.67825079e+00 -2.94688642e-01 2.72792578e-03 -4.09298718e-01
    9.72053409e-02 9.16872442e-01 -2.39379466e-01 1.38413131e+00
    1.56055737e+00 -6.45168066e-01 -5.62843323e-01 -9.85534191e-02
    1.58681417e+00 6.23285592e-01 9.38527107e-01 3.64998460e-01
    8.06288004e-01 -7.17435956e-01 6.92196608e-01 -4.49110419e-01
    5.34179747e-01 1.50111938e+00 9.51635361e-01 1.48188615e+00
    -7.05334127e-01 1.45319855e+00 4.51585412e-01 -7.20392227e-01
    1.41170621e+00 9.51468349e-01 1.47077465e+00 6.39468491e-01
    -1.69732630e-01 1.62050247e-01 1.18673754e+00 5.19062996e-01
    1.38891840e+00 9.94001389e-01 3.84154558e-01 8.03489327e-01
    1.50047243e+00 1.15817547e+00 1.63998008e+00 -4.22108918e-01
    1.06262612e+00 1.02926719e+00 6.64255142e-01 8.42588007e-01
    2.79377341e-01 1.49214530e+00 7.73175895e-01 1.48241353e+00
    -6.35441661e-01 6.21807098e-01 -3.67102891e-01 1.49814057e+00
    1.40340638e+00 -5.80123127e-01 1.66129768e-01 6.11440003e-01
    -1.13112628e-01 9.66740727e-01 2.83325970e-01 1.26717710e+00
    -1.68251932e-01 1.33403695e+00 5.66527307e-01 1.54841459e+00
    -5.03821492e-01 -5.39523840e-01 4.75725949e-01 -5.23474216e-02
    3.02208781e-01 1.31809604e+00 1.39493895e+00 1.31592894e+00
    1.34435463e+00 -5.95091224e-01 1.29290235e+00 1.43375230e+00
    1.07987845e+00 -6.17007613e-02 9.70150530e-01 1.13065648e+00
    1.48444521e+00 5.73000252e-01 7.98084140e-02 1.30781507e+00
    1.15097380e+00 1.46363115e+00 -3.16638678e-01 6.56244695e-01
    1.39901376e+00 7.88114786e-01 1.14394128e-01 5.52843750e-01
    1.63616204e+00 1.32004082e+00 -4.50259566e-01 3.71636450e-01
    6.04574323e-01 8.60716999e-01 -7.81774521e-02 7.86294341e-02
    -6.13241315e-01 7.31121302e-02 5.08512139e-01 9.38596785e-01
    1.93511844e-01 5.75454533e-01 1.51279807e-01 8.67039800e-01
    1.25681281e+00 1.56090832e+00 1.49181271e+00 1.08768606e+00
    1.03151429e+00 9.56848621e-01 -2.78690368e-01 1.53072000e-01
    -2.82648802e-01 1.22719765e-01 1.03858507e+00 2.36682355e-01
    1.63054347e+00 1.86564207e-01 7.95348883e-02 1.69775987e+00
    1.91374481e-01 -5.35280883e-01 -5.83666682e-01 -3.62021416e-01
    1.47247982e+00 1.13272643e+00 -7.19747782e-01 1.77442729e-01
    3.87332976e-01 6.26822710e-02 1.53182793e+00 1.60600710e+00
    1.40245223e+00 -1.92515075e-01 -1.46455228e-01 1.12685847e+00
    2.54274845e-01 1.09178150e+00 1.32431221e+00 4.29686904e-01
    6.40285492e-01 -3.54631633e-01 2.86745131e-01 -4.12332296e-01
    3.60243559e-01 -2.93261856e-01 1.13476968e+00 1.02865124e+00
    -2.07746029e-03 3.66627336e-01 1.56685209e+00 -6.33249402e-01
    7.73724496e-01 1.47770929e+00 1.13765836e+00 -2.45278299e-01
    -7.10201800e-01 -6.55968606e-01 1.34299946e+00 1.38784266e+00
    6.06722057e-01 1.23782253e+00 7.62439072e-01 -4.47728992e-01
    3.10301304e-01 1.56134892e+00 -2.22731173e-01 1.06203198e+00
    6.35352969e-01 6.04413092e-01 -5.35988152e-01 5.38827896e-01
    -6.14326477e-01 9.97635245e-01 1.43905938e-01 -2.09737420e-01
    1.35190630e+00 1.10652864e+00 2.62603343e-01 1.07906497e+00
    1.47949815e+00 1.54658604e+00 -3.01591784e-01 1.21903419e+00
    -1.71604455e-01 1.04157507e-01 -5.35832524e-01 6.38100505e-01
    -4.07689989e-01 4.22736704e-01 -1.00525737e-01 3.55977356e-01
    -1.90669358e-01 1.14219165e+00 -2.11478084e-01 5.27698398e-01
    1.75572217e+00 1.20105028e+00 5.37567973e-01 1.21644640e+00
    8.87062490e-01 -1.38387084e-02 1.16604543e+00 -7.12538362e-02
    8.80811334e-01 1.01403403e+00 1.08200526e+00 1.29582345e+00
    6.09588504e-01 -7.05838621e-01 -1.02314055e-01 1.66671968e+00
    -6.85492396e-01 1.08349037e+00 6.25498950e-01 -3.98200929e-01
    1.62132978e+00 5.49733102e-01 2.63087928e-01 -6.95825636e-01
    1.60397327e+00 4.25421417e-01 6.98726475e-01 8.00538182e-01
    5.75726032e-01 4.44249511e-02 6.72117472e-02 3.41459334e-01
    5.94094276e-01 -7.16691613e-01 -2.34468818e-01 -4.84029979e-01
    1.95315301e-01 6.41582847e-01 1.19263351e-01 -3.27621430e-01
    1.06971097e+00 6.55300915e-01 3.73411179e-02 1.62699091e+00
    1.33867598e+00 -3.56888711e-01 -6.35581613e-02 2.87792385e-01
    1.24772072e-01 -4.73293453e-01 3.09259772e-01 -5.38320422e-01
    4.12266791e-01 -5.22358418e-01 7.67460465e-01 1.44711936e+00
    5.73394418e-01 1.60000956e+00 1.33920920e+00 1.10279620e-01
    8.25377226e-01 4.87229824e-01 1.17903352e+00 1.09166646e+00
    8.10874760e-01 5.14104068e-01 3.56414080e-01 4.31638241e-01
    -2.55537391e-01 6.75449967e-01 2.46514738e-01 1.15124512e+00
    1.18113899e+00 1.21617842e+00 1.47134829e+00 1.49496531e+00
    6.74250603e-01 9.68543053e-01 5.75418055e-01 -1.72235847e-01
    -3.64984512e-01 1.06925642e+00 -3.44538033e-01 8.37286174e-01
    1.05602336e+00 -5.05674362e-01 2.34418511e-01 -2.76626825e-01
    -6.66685402e-01 -2.67816007e-01 6.02975488e-02 -3.87494683e-01
    4.12940681e-01 -3.55957210e-01 4.51818407e-01 -3.86686891e-01
    7.64805496e-01 -6.89145684e-01 -4.14912432e-01 6.89061821e-01
    -4.37912852e-01 -3.13473821e-01 1.44660711e+00 -1.57493353e-03
    -4.94410574e-01 -6.22032404e-01 9.50071275e-01 9.72283006e-01
    -5.52825987e-01 5.85279465e-01 5.55407822e-01 1.45683324e+00
    -1.44255579e-01 -1.49940789e-01 1.13324142e+00 -5.17787099e-01
    9.93009210e-01 1.19403744e+00 2.89978087e-01 -2.05300808e-01
    7.36862183e-01 -1.09899759e-01 4.42973316e-01 8.32361817e-01
    1.54983258e+00 1.87299848e-01 5.29205978e-01 1.84227884e-01
    1.26423585e+00 1.12293625e+00 1.50371885e+00 5.46691716e-01
    5.87002635e-01 1.55831146e+00 8.42573702e-01 4.80363429e-01
    1.81413949e-01 -1.13207102e-02 1.20805264e+00 6.40071571e-01
    -4.74145919e-01 1.67203569e+00 1.29481137e+00 2.84633875e-01
    1.16497731e+00 -1.82570338e-01 9.02204871e-01 -4.49891180e-01
    -1.43717766e-01 4.95606661e-01 1.58869791e+00 1.63995099e+00
    1.68437660e-01 1.05673432e-01 8.98884714e-01 1.65856481e-02
    1.44812417e+00 -2.52674580e-01 1.56715131e+00 2.94797659e-01
    1.57297921e+00 2.87261605e-02 4.34519947e-01 3.77196193e-01
    1.27592707e+00 1.14152741e+00 4.85034585e-02 3.86401534e-01
    9.12896633e-01 -1.74658120e-01 4.49925661e-02 9.42009985e-01
    1.28498161e+00 1.02465212e-01 8.91684890e-01 9.44739461e-01
    7.34673858e-01 3.92648757e-01 1.62131834e+00 -6.59075081e-01
    1.64878297e+00 7.93756247e-01 1.58819366e+00 -3.68780255e-01
    1.55022085e-01 1.71323609e+00 1.03996372e+00 5.36737680e-01
    1.44383192e+00 2.75438607e-01 4.30297315e-01 -8.74441862e-03
    -5.49452901e-01 1.47359848e+00 -1.76182032e-01 -3.19131732e-01
    4.22167003e-01 7.97560215e-01 8.46081376e-01 9.25146461e-01
    -2.45701432e-01 -5.35163403e-01 4.25721943e-01 1.33253074e+00
    1.21994877e+00 1.24586201e+00 3.02782655e-02 1.11236441e+00
    9.08699572e-01 1.35740089e+00 1.22728634e+00 2.53064096e-01
    -5.02406120e-01 3.40324104e-01 1.35878742e-01 -5.62171280e-01
    1.28151035e+00 1.08363557e+00 4.72821891e-01 1.64129817e+00
    1.63373113e-01 7.68736005e-02 -2.71832585e-01 1.17105508e+00
    1.34388149e-01 1.47812366e+00 4.23054338e-01 -6.26564264e-01
    1.02993035e+00 5.67263663e-01 -4.41484362e-01 -7.08792865e-01
    3.72445345e-01 -4.15639281e-02 1.11251402e+00 -6.35548711e-01
    1.30624342e+00 1.68912220e+00 1.09366846e+00 -2.12711573e-01
    1.65345919e+00 -5.36681235e-01 7.85929024e-01 -2.49307573e-01
    8.81817341e-01 5.83395898e-01 1.59053218e+00 6.92194104e-02
    7.79736042e-03 1.73365748e+00 -2.56190002e-01 3.78508866e-01
    1.65064585e+00 -2.82306075e-02 1.23967445e+00 -1.64611697e-01
    -9.24404860e-02 1.65055537e+00 5.75355887e-02 -2.52798319e-01
    1.74282217e+00 1.56615627e+00 1.73685479e+00 1.56597614e+00
    1.23831570e-01 1.66940796e+00 -3.47229272e-01 1.57479143e+00
    -1.58385813e-01 2.87293017e-01 1.64727378e+00 5.97183704e-02
    -2.87528247e-01 2.23941565e-01 -6.51989222e-01 -5.17617643e-01
    1.53219390e+00 3.91295969e-01 -4.32460457e-01 5.18015027e-02
    3.52174163e-01 1.50174367e+00 4.79709506e-01 -4.18402970e-01
    1.45698202e+00 9.05264437e-01 4.33393717e-02 1.04795814e-01
    -4.11557406e-01 -4.65843320e-01 -1.66990876e-01 -5.92509270e-01
    1.20473683e-01 9.17720795e-01 1.02892852e+00 6.70974493e-01
    1.05443931e+00 1.71763730e+00 1.55490339e-01 -5.05584717e-01
    -1.37456179e-01 4.80548024e-01 -5.12408614e-02 1.68578196e+00
    1.53940988e+00 4.75198805e-01 -4.74109143e-01 -4.12812412e-01
    -2.54864514e-01 1.29020882e+00 1.60779595e+00 6.77210510e-01
    1.11852884e-01 1.62286794e+00 8.86547446e-01 5.67967474e-01
    1.40100884e+00 1.42041636e+00 1.29584575e+00 -5.12928247e-01
    1.66438258e+00 6.05765581e-01 1.15561986e+00 1.20591497e+00
    5.26339889e-01 1.39837551e+00 -6.95594311e-01 5.86947143e-01
    1.16606736e+00 4.95321572e-01 5.52086711e-01 -6.36084616e-01
    -7.32302308e-01 -6.92726254e-01 1.41607070e+00 1.22277856e+00
    -1.66810751e-02 1.54889166e+00 4.12074387e-01 -2.63665468e-01
    1.49190986e+00 -3.34906727e-01 8.54704380e-01 -7.30513394e-01
    -3.72664928e-01 1.36271596e+00 3.79367292e-01 6.90185785e-01
    1.47624350e+00 1.34763098e+00 4.52119410e-01 1.10873175e+00
    1.11966372e+00 -1.24979079e-01 -6.66585565e-02 1.72051418e+00
    1.51254070e+00 8.47921908e-01 1.48786569e+00 1.61284876e+00
    -3.16237628e-01 -6.35433614e-01 5.50422728e-01 3.48512113e-01
    -1.67091131e-01 6.29297197e-01 1.06148708e+00 1.46775067e+00
    -4.42657292e-01 -2.51042247e-02 2.87076235e-01 1.23806596e+00
    4.29863930e-01 -2.30831176e-01 1.54022574e-01 -3.78473788e-01
    3.45014632e-01 3.84543538e-01 5.47086000e-02 5.84696174e-01
    5.64344049e-01 1.05679309e+00 6.72489643e-01 4.34375405e-02
    4.60243225e-01 2.74051249e-01 1.69187999e+00 1.05118108e+00
    -2.27706075e-01 1.51885486e+00 1.06181288e+00 5.60156345e-01
    -2.29976535e-01 9.64005411e-01 -1.42598331e-01 6.96274281e-01
    1.59539473e+00 3.68675768e-01 2.54378438e-01 2.51825690e-01
    1.86269224e-01 2.74215400e-01 4.89771724e-01 1.65284562e+00
    9.88811851e-02 5.60838163e-01 1.66952372e+00 3.14704776e-01
    4.74673569e-01 1.40463591e+00 -6.50618672e-02 1.13891435e+00
    -1.46378815e-01 2.02057719e-01 1.46661496e+00 -3.27395797e-02
    1.48108053e+00 8.56837988e-01 7.47748494e-01 1.15953851e+00
    5.52647293e-01 1.50352049e+00 5.66510558e-01 -3.96557152e-01
    1.00221205e+00 -5.23244321e-01 1.18048143e+00 -7.70335257e-01
    1.15901637e+00 7.89787412e-01 6.78659260e-01 9.62816358e-01
    4.46820259e-01 1.40253687e+00 9.00063753e-01 8.61589313e-01
    3.80496323e-01 -4.25636977e-01 -3.66070390e-01 -2.18241215e-02
    -5.38946390e-01 -1.09432936e-02 6.32103682e-02 -2.40508199e-01
    1.36125398e+00 1.58869982e+00 -1.58044338e-01 -3.72360170e-01
    1.61318862e+00 8.47592831e-01 5.78090549e-01 6.82373166e-01
    -1.73442900e-01 6.25545323e-01 1.34630823e+00 5.40079892e-01
    1.12271142e+00 1.53479338e-01 1.19949913e+00 -2.10216165e-01
    1.35142708e+00 7.38926768e-01 1.44213331e+00 -4.55076218e-01
    1.29841161e+00 1.29002249e+00 1.36558223e+00 1.58081651e-01
    4.82150495e-01 5.37378609e-01 3.42675209e-01 -2.35293448e-01
    -5.30390561e-01 9.74504948e-02 -6.01510525e-01 -1.48608387e-01
    -7.83365369e-02 2.77085900e-01 -7.22876787e-01 1.39449418e+00
    -9.39539075e-02 1.00496030e+00 2.53434360e-01 -3.87356281e-01
    1.52030540e+00 7.57090509e-01 4.56862509e-01 1.16991866e+00
    -6.89663887e-01 4.01520133e-01 1.74091578e-01 7.48450637e-01
    -6.62988245e-01 -2.93426216e-01 1.50297022e+00 6.43115222e-01
    1.20958126e+00 1.42155433e+00 7.48517573e-01 -4.95252103e-01
    2.95106530e-01 1.40811634e+00 1.20070791e+00 3.51384997e-01
    -2.25123554e-01 8.33417654e-01 1.32026136e-01 -6.13238692e-01
    -5.79311788e-01 -3.92885447e-01 2.20872641e-01 9.51323152e-01
    3.51510346e-01 1.60632181e+00 -2.37745732e-01 9.32924390e-01
    7.77449191e-01 1.18092275e+00 1.09827042e+00 2.77060270e-02
    9.52519238e-01 7.60773778e-01 1.31524372e+00 8.83557618e-01
    -3.26951385e-01 -3.31643313e-01 -5.48032403e-01 9.21422362e-01
    -5.99314988e-01 4.91983473e-01 -5.37316918e-01 3.63943219e-01
    -7.41100907e-02 3.38749886e-02 2.53666520e-01 8.73181760e-01
    1.17395902e+00 4.07445610e-01 4.40309942e-01 -1.38878822e-01
    -5.22671342e-01 -4.23053026e-01 -4.36362952e-01 1.96340084e-01
    1.15553153e+00 1.10495138e+00 1.27994490e+00 1.35619557e+00
    3.09110224e-01 -5.87134361e-01 4.63255227e-01 1.24412251e+00
    1.56827879e+00 5.07956982e-01 1.45569181e+00 1.34910476e+00
    1.59598470e+00 3.36964786e-01 1.09701538e+00 1.45965409e+00
    -5.45692205e-01 1.03243697e+00 1.48477960e+00 1.32143188e+00
    1.06514812e+00 8.66734326e-01 1.33235359e+00 -1.57851398e-01
    -7.00208306e-01 1.17047536e+00 3.66201937e-01 8.87009442e-01
    -2.70560503e-01 1.63407803e+00 -2.03599572e-01 -4.46930945e-01
    -9.26334262e-02 1.63943648e-01 6.22475564e-01 1.02166736e+00
    1.47048974e+00 -6.21792495e-01 -6.90859735e-01 1.62736475e-01
    9.84312177e-01 -5.09252310e-01 -7.09517121e-01 9.08766568e-01
    3.33773494e-01 7.05414593e-01 1.06556916e+00 1.50694489e+00
    -2.00252950e-01 7.37414777e-01 3.45178843e-01 -7.02527881e-01
    1.11381841e+00 9.04353559e-01 -3.17607462e-01 -4.22233343e-02
    7.33522713e-01 -2.82991648e-01 1.10985899e+00 3.80272448e-01
    1.65094674e-01 6.97154999e-02 1.62887073e+00 2.48043001e-01
    9.65017796e-01 -4.46845472e-01 -6.98170960e-01 -2.00625479e-01
    4.59424734e-01 5.87379396e-01 -1.56157732e-01 9.71964657e-01
    1.22129703e+00 1.36684775e-02 1.15182149e+00 6.93430901e-01
    1.56424761e+00 -5.29544175e-01 -7.01987207e-01 4.89993036e-01
    9.09375012e-01 1.37522316e+00 -6.15300894e-01 -5.54511786e-01
    9.41269159e-01 2.25070119e-02 -2.45066881e-01 8.50727499e-01
    6.84857965e-02 1.52006829e+00 7.82694578e-01 -7.30993390e-01
    3.97643089e-01 1.37897706e+00 7.22723842e-01 1.71193004e+00
    1.59594846e+00 1.06726670e+00 8.43930542e-01 1.30733848e-02
    -5.96808791e-01 4.96232510e-01 1.79615617e-02 -9.01561975e-03
    1.15508747e+00 1.60312235e+00 5.06404877e-01 1.08643699e+00
    1.84421122e-01 7.52383590e-01 1.14886427e+00 1.13321340e+00
    9.59882200e-01 -6.90037847e-01 -3.21635813e-01 1.18927300e-01
    -4.56265986e-01 1.42675126e+00 1.44927859e+00 1.34611464e+00
    -7.49505699e-01 -2.76721120e-02 1.50319135e+00 8.40469062e-01
    1.16746449e+00 7.82571733e-01 -7.32049763e-01 6.04186177e-01
    -5.98806024e-01 -6.87342048e-01 -7.55222797e-01 -9.99642611e-02
    -1.88097775e-01 2.69807100e-01 1.12816858e+00 4.53711092e-01
    -6.65606022e-01 -2.72807151e-01 1.27403140e+00 -6.38050437e-01
    -1.44225717e-01 -3.35533619e-01 5.04950464e-01 1.64630735e+00
    -1.81283593e-01 1.03553486e+00 -5.60331285e-01 -7.14845836e-01
    -1.81406677e-01 1.04887700e+00 1.17943347e-01 8.40785503e-02
    5.46713471e-01 5.52334428e-01 2.20809102e-01 -5.66025019e-01
    -5.50569594e-01 7.08634794e-01 1.77249551e-01 -2.02637732e-01
    1.40332532e+00 1.66495299e+00 4.77620304e-01 8.38102937e-01
    -1.80161595e-02 7.93818057e-01 1.15348864e+00 -2.10090458e-01
    1.67481685e+00 7.84072936e-01 -5.05469203e-01 4.69312966e-01
    4.53256428e-01 1.23673677e-01 -3.60090524e-01 5.95877171e-02
    1.74850225e+00 -3.08383733e-01 1.13746476e+00 1.35907269e+00
    -5.13194025e-01 5.94697714e-01 6.58266425e-01 1.31468439e+00
    -4.89537418e-01 8.93149674e-01 1.43173647e+00 1.39944744e+00
    1.39270282e+00 3.18252861e-01 5.34916759e-01 8.42118025e-01
    -1.59762144e-01 1.57001543e+00 -7.44239271e-01 -4.75419968e-01
    1.55574977e-01 1.39297140e+00 2.82796621e-02 6.62307739e-02
    6.89360619e-01 -3.21036130e-01 -2.28898168e-01 1.47779226e+00
    1.13133311e+00 1.60938215e+00 -4.48200166e-01 1.58114862e+00
    1.52134490e+00 7.41293430e-01 -6.29793108e-01 6.87979579e-01
    9.37531054e-01 1.66619205e+00 1.02073908e+00 1.50932550e+00
    1.68716264e+00 -6.35013461e-01 1.01993859e+00 4.07379925e-01
    3.88230026e-01 -1.17603660e-01 3.83931994e-02 1.81082666e-01
    1.08518064e-01 -5.44934034e-01 1.33523083e+00 9.69793379e-01
    2.94174492e-01 3.91251743e-01 9.36064780e-01 -2.98777759e-01
    1.10748458e+00 1.54891515e+00 1.44484794e+00 1.72598743e+00
    1.19706583e+00 -4.05888438e-01 -4.19961214e-02 2.24795222e-01
    9.91818190e-01 6.74086809e-03 3.73956621e-01 -5.12230396e-02
    1.64872050e-01 -3.30134809e-01 -5.66596985e-01 -7.13041782e-01
    1.43900204e+00 -5.63322246e-01 3.96581292e-01 1.19425714e-01
    -2.60624886e-02 3.69780958e-01 8.55948329e-02 3.81389022e-01
    7.95483768e-01 -1.40121877e-01 -3.77006799e-01 5.43233156e-02
    7.34277189e-01 1.51160204e+00 3.06176066e-01 1.06127620e+00
    5.25160074e-01 3.05910707e-02 -4.42647874e-01 7.99652576e-01
    1.28019094e+00 7.63798654e-01 -3.53683561e-01 1.31269836e+00
    -4.09472466e-01 -4.21957344e-01 1.34437287e+00 -6.08238518e-01
    -8.05771351e-03 1.31276488e+00 1.36447740e+00 9.71853733e-03
    6.69053555e-01 1.12753189e+00 1.25173640e+00 1.21186876e+00
    -4.45064396e-01 1.32910681e+00 1.56483471e+00 7.19488263e-02
    8.10106933e-01 1.43631041e-01 1.42150474e+00 -2.26084769e-01
    9.06402707e-01 7.10774422e-01 3.92956078e-01 1.65437675e+00
    -5.45186520e-01 1.66020823e+00 8.85486782e-01 1.69806480e-02
    9.51661944e-01 1.23394752e+00 7.31738806e-02 1.02091360e+00
    1.13110757e+00 1.16656947e+00 -2.33395517e-01 5.57607770e-01
    3.74975860e-01 1.45628488e+00 -4.56256092e-01 -6.63436472e-01
    9.55575526e-01 4.93262291e-01 1.17492795e-01 1.34841132e+00
    1.25897169e+00 1.35422540e+00 1.37431729e+00 5.24896085e-01
    -4.99304324e-01 7.31869996e-01 3.71706247e-01 -5.62789798e-01
    1.70945382e+00 -1.77607358e-01 7.00610399e-01 -4.07268554e-01
    1.16621554e+00 9.84638333e-01 2.86472738e-01 1.73006749e+00
    2.45893717e-01 6.44698143e-02 1.96668506e-01 1.07543099e+00
    1.31406236e+00 -6.09356344e-01 -6.09303713e-02 5.06830037e-01
    -2.23099649e-01 5.98394394e-01 -4.57317829e-02 1.34935045e+00
    -2.10288823e-01 -7.26928174e-01 1.39523292e+00 4.07666445e-01
    -6.26533270e-01 3.33429217e-01 1.31549156e+00 -7.41691589e-02
    3.65836084e-01 -6.22825503e-01 9.11483645e-01 2.54639566e-01
    5.88609457e-01 1.20527291e+00 -3.50265771e-01 1.16893959e+00
    2.13432312e-02 1.36685300e+00 6.33706927e-01 -2.42993534e-01
    7.39634573e-01 1.02193737e+00 4.39915717e-01 -1.92263067e-01
    8.15458119e-01 4.78999257e-01 5.45894802e-01 -5.90119958e-01
    1.38959885e+00 5.80188036e-01 8.91259730e-01 1.32915401e+00
    1.54597187e+00 1.22705162e+00 1.18410826e-01 5.75740159e-01
    1.37982106e+00 -5.92020750e-01 2.48477399e-01 8.92057240e-01
    -6.88415766e-01 8.79253089e-01 4.77565885e-01 1.29158235e+00
    -5.54558992e-01 5.89289486e-01 -2.25469232e-01 1.03661907e+00
    5.13861954e-01 9.92710292e-01 5.59816599e-01 -3.26871872e-02
    1.25538802e+00 -1.85672760e-01 -2.27484107e-02 -1.18691325e-01
    3.77720892e-01 -2.62476802e-02 7.65263498e-01 6.06641471e-01
    1.64291453e+00 -7.14653134e-02 8.77231359e-03 6.93314075e-02
    5.15146255e-02 5.97856879e-01 5.12264609e-01 6.16808534e-02
    4.36196864e-01 1.42365718e+00 7.45710373e-01 2.38180518e-01
    5.70003867e-01 -4.21781540e-02 5.27238190e-01 5.68355978e-01
    1.05111265e+00 1.68349028e+00 5.97295940e-01 -4.02726144e-01
    6.22732818e-01 -3.45997185e-01 9.63108122e-01 4.13451552e-01
    -1.09687924e-01 9.53256965e-01 5.06522894e-01 6.07783675e-01
    7.00463414e-01 1.75079405e-01 1.59352791e+00 1.64767742e+00
    1.27716672e+00 6.75805867e-01 6.93132401e-01 1.49860179e+00
    -5.27272046e-01 4.34685469e-01 -7.13278651e-02 -7.09166229e-01
    1.16528416e+00 1.49599314e+00 1.06399751e+00 7.55363464e-01
    -4.47870851e-01 4.73247349e-01 1.07631350e+00 1.00380468e+00
    -1.66560173e-01 1.32358265e+00 6.08761907e-01 8.09736073e-01
    5.56885421e-01 1.05052996e+00 1.00411773e+00 9.65220451e-01
    1.69066000e+00 6.74237370e-01 1.14068675e+00 1.06226742e+00
    1.22134316e+00 1.50323021e+00 8.57700408e-01 4.72791553e-01
    8.50784183e-02 7.89127052e-01 -6.24980927e-01 -2.97705948e-01
    1.52228343e+00 1.16520095e+00 1.38474512e+00 -6.85355425e-01
    1.28957927e+00 1.15611839e+00 -3.93726259e-01 1.27053833e+00
    -5.69749296e-01 -4.81423199e-01 1.70427620e+00 -6.55814350e-01
    8.86517882e-01 7.37248898e-01 -7.00182438e-01 7.30107725e-01
    -4.04179692e-02 1.38841689e+00 1.29786992e+00 1.68283081e+00
    -7.00698972e-01 1.18794680e-01 -4.64076906e-01 1.19700646e+00
    -5.95310330e-02 7.47281313e-03 6.95079505e-01 -3.51049483e-01
    9.98342633e-01 1.87184691e-01 -3.16724777e-02 5.77934623e-01
    7.72245526e-02 5.26225269e-01 -3.93054307e-01 3.29747260e-01
    1.23489451e+00 3.04180384e-03 1.63157296e+00 9.26759541e-01
    9.94332135e-01 1.42105007e+00 6.02272809e-01 7.53200710e-01
    2.58409202e-01 -4.92237955e-01 8.27502191e-01 1.69484091e+00
    -6.89275682e-01 1.23049474e+00 1.56535292e+00 -1.25968874e-01
    1.48578763e+00 5.56831181e-01 1.37055814e-01 1.09813356e+00
    1.37982261e+00 9.46796417e-01 -3.42133760e-01 1.49886703e+00
    2.63440490e-01 -3.05959523e-01 4.27118242e-01 4.76352930e-01
    -1.03767753e-01 1.50055695e+00 -8.60405564e-02 -4.77123857e-01
    1.57854152e+00 2.87008286e-01 1.37253094e+00 -4.01649565e-01
    1.01272058e+00 1.34211302e-01 1.56970978e+00 1.52397943e+00
    2.38093197e-01 1.26337576e+00 5.14040470e-01 -7.15481639e-02
    4.49642777e-01 9.47425902e-01 -2.35218406e-02 -4.20038134e-01
    9.56676781e-01 7.18012929e-01 1.51143217e+00 1.04055858e+00
    1.85172439e-01 -1.26153409e-01 1.48846173e+00 1.14609289e+00
    9.42434132e-01 1.87282562e-01 5.58007836e-01 1.48660839e-01
    7.67686665e-01 7.43969738e-01 6.14695191e-01 4.42329168e-01
    8.80559087e-01 -2.44338393e-01 3.23506176e-01 2.65024006e-01
    -4.57273662e-01 5.08603930e-01 7.66116321e-01 1.19198978e-01
    1.28410697e+00 5.30707359e-01 -6.55199230e-01 1.20882773e+00
    1.59024882e+00 1.03693402e+00 5.77090800e-01 -2.40507692e-01
    -5.73305905e-01 -5.36731124e-01 1.23395860e-01 -2.68621355e-01
    3.15276921e-01 6.11711621e-01 1.48003221e+00 1.28650999e+00
    1.18091488e+00 1.68203437e+00 1.36230421e+00 -1.75827086e-01
    4.03773367e-01 -6.88557684e-01 -6.26291990e-01 3.43474746e-01
    1.85995638e-01 -1.84040964e-01 -1.29099071e-01 -1.82039678e-01
    1.56203723e+00 1.47731137e+00 2.71984756e-01 1.16882718e+00
    1.09434295e+00 1.41579938e+00 1.03911257e+00 1.67728424e+00
    -6.71054065e-01 -3.72697920e-01 -7.12963760e-01 9.05055046e-01
    1.09129262e+00 6.72957897e-01 1.43863821e+00 8.71755421e-01
    4.45100725e-01 -2.41214097e-01 -1.92834973e-01 5.63582480e-01
    -4.80195045e-01 1.01820827e+00 -7.44774997e-01 -7.01013148e-01
    8.48452687e-01 -4.89060998e-01 -4.18366998e-01 -3.63979340e-01
    -1.10148489e-01 1.53505421e+00 7.61415243e-01 1.48537803e+00
    7.98671424e-01 1.65089226e+00 5.51542580e-01 1.37117684e-01
    8.41608405e-01 -5.73799014e-02 -7.42361307e-01 8.79440904e-01
    1.58665574e+00 1.25401497e+00 -6.03276014e-01 3.76095414e-01
    1.49764252e+00 9.04208720e-01 9.96059537e-01 1.65495086e+00
    1.49263442e+00 8.97202313e-01 7.73153961e-01 3.51086080e-01
    4.72425401e-01 1.47065401e-01 9.17072713e-01 4.57022607e-01
    8.26852083e-01 -3.51306856e-01 4.58075643e-01 8.09604526e-01
    7.28992581e-01 2.23855972e-02 3.33433747e-02 -4.94315237e-01
    3.63555133e-01 9.05153930e-01 9.86014843e-01 1.46714067e+00
    1.05504274e+00 9.96361971e-02 1.62151957e+00 -6.40582085e-01
    7.67528355e-01 4.66842890e-01 1.94550335e-01 1.39178145e+00
    5.03176808e-01 -1.08181834e-01 1.70191300e+00 -6.86525047e-01
    4.13835049e-04 5.56279898e-01 9.92109478e-01 1.49515378e+00
    -2.27930248e-01 -3.49535078e-01 -2.69132346e-01 1.36264992e+00
    1.53139973e+00 3.43039155e-01 1.56248641e+00 1.12489200e+00
    8.45449448e-01 -7.61729836e-01 -3.38853896e-01 1.67423844e-01
    2.84582973e-01 1.48052764e+00 -6.98807836e-01 2.84316242e-01
    -1.64669514e-01 -4.53250021e-01 1.10180187e+00 -5.37281930e-01
    9.36034799e-01 -5.67566037e-01 -7.43250489e-01 1.70336807e+00
    1.01775289e+00 -7.08559811e-01 1.54866576e+00 1.02717185e+00
    -5.48996925e-01 9.79358971e-01 1.61280572e-01 1.56079328e+00
    9.67600346e-01 -5.75592697e-01 7.00693011e-01 1.13605523e+00
    5.31102717e-01 1.04742932e+00 4.10636604e-01 2.53701806e-01
    5.24351954e-01 -6.88001454e-01 -4.71352428e-01 -4.90958869e-01
    -5.54416656e-01 1.03958225e+00 -3.15177768e-01 -6.73992813e-01
    -1.51896536e-01 1.61537325e+00 1.36502481e+00 6.48028910e-01
    3.76706243e-01 4.44184005e-01 8.09263229e-01 -6.73301756e-01
    5.05331814e-01 1.51565135e+00 5.98615408e-01 1.12945306e+00
    1.18045998e+00 5.21732450e-01 4.36710417e-01 -1.96166635e-02
    7.24530399e-01 1.49201405e+00 1.38575923e+00 5.28522849e-01
    -4.93072331e-01 -2.81997859e-01 3.13344955e-01 6.61448419e-01
    9.28170204e-01 3.29324663e-01 9.30395246e-01 1.42311239e+00
    1.48794913e+00 -6.31819367e-02 6.18110478e-01 4.13485289e-01
    1.17771387e+00 1.12744248e+00 1.21420014e+00 3.48732591e-01
    1.16168618e+00 -1.25399709e-01 -3.18286330e-01 5.15816212e-02
    1.88847303e-01 -4.92414594e-01 9.37173128e-01 1.10995173e-02
    -4.61716413e-01 1.38324404e+00 7.71528482e-03 6.28569424e-01
    -7.43827403e-01 1.42357349e-01 1.55068421e+00 1.27618265e+00
    -5.64155221e-01 1.66362166e+00 1.04103851e+00 1.18169546e+00
    1.08985043e+00 1.49513936e+00 -4.07067209e-01 1.34795213e+00
    -3.83074850e-01 -5.77335060e-01 1.46526456e+00 1.11521196e+00
    -7.28635192e-01 8.86590481e-01 3.44244540e-01 1.91421568e-01
    -5.46115637e-01 2.29730785e-01 -1.74895048e-01 9.49840367e-01
    -5.64173281e-01 6.70018137e-01 1.03402829e+00 1.68858743e+00
    -6.86413705e-01 1.29102159e+00 9.15143311e-01 -1.31518126e-01
    8.29329669e-01 9.87745404e-01 -5.09566367e-01 7.96285570e-01
    1.22375965e+00 -2.70086676e-01 -1.25337124e-01 -6.99536145e-01
    2.39926219e-01 1.61759853e+00 1.05227590e-01 2.93022096e-01
    3.72388065e-01 7.34125495e-01 -2.65802562e-01 3.46267939e-01
    1.19988358e+00 -2.07942724e-03 -2.73611128e-01 2.60744810e-01
    1.24489975e+00 -7.18609571e-01 9.74313319e-01 1.54017615e+00
    6.97685182e-01 -3.74194384e-02 1.21351027e+00 2.41107106e-01
    1.16801739e+00 -6.87090755e-01 -4.85196114e-01 5.89551985e-01
    -3.94210726e-01 5.25893271e-01 1.01550364e+00 4.77794111e-01
    6.76851511e-01 -2.08766997e-01 1.04640818e+00 1.01883435e+00
    -6.82914138e-01 9.40945745e-02 5.04055917e-01 4.01104927e-01
    8.01660001e-01 1.59133029e+00 -5.68680704e-01 1.65639663e+00
    1.47399879e+00 1.04606533e+00 -3.71391773e-02 9.23832655e-01
    5.83472967e-01 5.08289278e-01 -1.95499718e-01 4.09132898e-01
    1.11714387e+00 4.49930847e-01 1.58449054e+00 -1.54313803e-01
    6.50828004e-01 -6.91296458e-02 1.61737692e+00 2.44867563e-01
    -1.27436221e-01 3.46711218e-01 1.46486068e+00 1.06983328e+00
    1.36240351e+00 -6.13154411e-01 9.28500772e-01 1.12973261e+00
    1.47707963e+00 -2.18913376e-01 3.47619593e-01 1.08143950e+00
    1.39380479e+00 1.46953654e+00 7.70154417e-01 1.11728692e+00
    6.00585997e-01 3.11741710e-01 9.80447888e-01 -1.45427048e-01
    1.08305812e-01 1.10054946e+00 4.19767499e-02 -8.03824663e-02
    9.66190517e-01 5.82918346e-01 -1.93310440e-01 9.68402684e-01
    1.49977887e+00 -2.66789079e-01 3.07106137e-01 -1.72065616e-01
    1.12173450e+00 9.06573534e-02 1.57080889e+00 4.85843897e-01
    3.23399127e-01 1.69271851e+00 8.77166390e-02 1.72740281e-01
    1.71602893e+00 5.69716215e-01 7.89542615e-01 -5.08186698e-01
    9.82267201e-01 7.36756742e-01 3.48938823e-01 -5.15985131e-01
    -4.41251934e-01 4.65313971e-01 6.17375970e-02 2.64390886e-01
    9.77859795e-01 1.65689945e+00 -4.01059866e-01 -3.81114423e-01
    1.01174963e+00 2.59764075e-01 1.72030926e+00 4.70411777e-03
    1.15511847e+00 -1.71310604e-01 8.91296268e-02 -6.25509620e-01
    -1.77655637e-01 -2.21229255e-01 1.62428153e+00 -6.49760604e-01
    1.11218107e+00 1.81578875e-01 9.93545055e-01 1.32255590e+00
    -5.71969688e-01 -7.28411674e-01 1.65897465e+00 7.48481512e-01
    5.06971419e-01 6.84668362e-01 1.49316239e+00 1.72977877e+00
    5.94726741e-01 -4.68173295e-01 -4.48649228e-01 -2.26867497e-01
    -5.02372980e-02 1.23382664e+00 7.22761929e-01 -2.83163905e-01
    1.00379789e+00 1.35604739e-02 1.14643621e+00 1.40946031e+00
    4.19112563e-01 4.05073106e-01 3.62908423e-01 2.37674832e-01
    1.68695748e-01 1.07272077e+00 1.48668706e-01 3.92280996e-01
    2.94160306e-01 1.36989236e+00 -1.63223863e-01 2.95285821e-01
    2.68158913e-01 1.26618898e+00 -5.92496634e-01 -1.43441558e-02
    2.59898126e-01 -3.24154675e-01 -4.33995426e-01 1.06386590e+00
    1.03515506e+00 5.29751003e-01 8.70357275e-01 3.54450881e-01
    5.36859632e-01 1.48881006e+00 1.66397595e+00 1.46888793e+00
    -7.51125455e-01 9.20559883e-01 -6.10187054e-01 -4.93013501e-01
    -6.79175258e-01 1.65677965e+00 9.54291821e-02 -5.60177565e-02
    1.51771903e+00 6.56747699e-01 2.74461806e-01 1.44901848e+00
    8.62128973e-01 -1.14032388e-01 -3.85289699e-01 7.72858918e-01
    6.07069731e-02 1.00372148e+00 1.27821684e+00 1.69638956e+00
    8.94650936e-01 -5.08188844e-01 1.67964041e+00 -4.88277406e-01
    3.97913098e-01 -6.30469203e-01 -5.02168179e-01 -3.54682237e-01
    7.80315995e-02 4.75094914e-01 1.05349135e+00 -6.24224603e-01
    -1.30964339e-01 1.47225761e+00 1.03110623e+00 6.07985854e-02
    1.52829945e+00 5.60112655e-01 -6.96378946e-01 1.59237504e+00
    9.22214866e-01 -2.51862884e-01 3.89158785e-01 -1.23166800e-01
    7.05264390e-01 1.45186234e+00 -5.49821258e-02 1.24112535e+00
    9.12970603e-01 1.52067542e+00 -1.69988513e-01 1.20866489e+00
    -1.58201158e-01 -1.95508003e-01 5.05137384e-01 5.14205396e-01
    -5.30819952e-01 2.44165957e-01 4.80681360e-01 -7.14695156e-01
    1.52444577e+00 6.09219313e-01 1.09202564e+00 2.44964123e-01
    -6.56952441e-01 1.04022717e+00 1.58462918e+00 -1.32893801e-01
    2.62334704e-01 3.18189383e-01 5.00479460e-01 7.11044490e-01
    2.96496153e-01 -3.03640723e-01 1.28988695e+00 -1.04334533e-01
    4.41745818e-01 4.76307511e-01 6.49998486e-01 1.65588975e+00
    1.15834427e+00 6.11989021e-01 3.07900667e-01 1.57504296e+00
    -2.10290253e-01 1.35888958e+00 1.35645628e+00 5.44606805e-01
    8.56096745e-01 -1.65009499e-03 6.87183261e-01 -1.07990324e-01
    8.64066958e-01 1.33420479e+00 -3.98741364e-01 9.42765474e-01
    7.64269531e-01 1.60203409e+00 4.71699774e-01 1.46776652e+00
    1.85610533e-01 1.15301299e+00 -5.40578246e-01 1.16638517e+00
    1.37017298e+00 8.05930197e-01 1.11754894e+00 6.76735580e-01
    -5.22548795e-01 1.57813561e+00 7.12157190e-01 -1.61855340e-01
    -5.23585975e-01 9.82571602e-01 -8.90123248e-02 1.84211612e-01
    1.36812735e+00 -3.77380133e-01 4.17922437e-01 6.53231144e-03
    -5.14075696e-01 1.56005573e+00 1.56961024e-01 1.37514663e+00
    -2.80021518e-01 -6.32561445e-02 1.03952169e-01 1.30906296e+00
    -7.00848699e-01 4.27177250e-01 9.99411523e-01 7.03487694e-01
    1.54721427e+00 -5.02079129e-01 1.05205739e+00 1.47625709e+00
    1.63116550e+00 1.63016975e-01 1.54810619e+00 1.58476615e+00
    -1.24866009e-01 1.37706614e+00 1.36826944e+00 1.40219033e+00
    1.43207216e+00 -7.02568233e-01 9.49708760e-01 -9.55406427e-02
    9.23482656e-01 -2.19931006e-01 -2.91486174e-01 1.62832570e+00
    7.21441686e-01 1.36782229e-01 1.10822570e+00 -6.20762110e-01
    4.22087967e-01 1.60200071e+00 -1.58008695e-01 1.15954375e+00
    -5.34501672e-01 1.11304796e+00 -1.09066069e-01 7.81212091e-01
    1.57191575e-01 9.19436216e-01 1.42967701e-03 9.63735938e-01
    -3.74781430e-01 1.17014790e+00 1.44016504e+00 7.90588677e-01
    -1.81098700e-01 -3.65036815e-01 1.70311928e+00 2.73199499e-01
    -2.56731242e-01 1.73457313e+00 -4.40974116e-01 4.60685551e-01
    1.72532034e+00 9.74990726e-01 4.26059842e-01 9.18937027e-01
    5.65959573e-01 -5.46925068e-01 1.14929998e+00 1.57340193e+00
    1.19556844e-01 1.49410200e+00 2.19715953e-01 1.47898459e+00
    1.10281885e-01 1.00864315e+00 1.30195069e+00 1.30000484e+00
    -1.58383667e-01 -6.20254576e-01 -3.14843655e-03 1.33599424e+00
    2.37241626e-01 -1.51580572e-03 7.51839459e-01 8.82419646e-01
    -5.24539649e-01 1.68214083e+00 7.66898692e-01 1.18819213e+00
    1.07642269e+00 1.54998720e-01 1.18852544e+00 1.05376875e+00
    2.18819618e-01 5.69774687e-01 2.38566756e-01 -4.81765628e-01
    -1.95732832e-01 8.70713949e-01 9.34200883e-02 3.25864971e-01
    1.52253032e+00 -4.68912542e-01 1.78226411e-01 5.75278640e-01
    1.23497510e+00 9.12792742e-01 1.23663425e+00 3.24207008e-01
    1.39218307e+00 9.28840518e-01 -4.19497162e-01 1.64904213e+00
    -6.65040612e-01 1.02940035e+00 -5.12815535e-01 1.40808499e+00
    -1.44751072e-01 1.57337689e+00 8.50768268e-01 1.30558658e+00
    -5.30052185e-01 1.67321837e+00 -7.38684535e-02 -1.87025189e-01
    8.14692318e-01 1.67247498e+00 4.30807829e-01 1.64203465e-01
    1.17908144e+00 9.73296583e-01 5.84215939e-01 1.18155384e+00
    7.46535718e-01 -3.39961588e-01 -4.20839369e-01 -4.07019079e-01
    1.07818544e+00 -6.69031084e-01 1.63994157e+00 1.08909321e+00
    1.68301284e+00 6.42273784e-01 7.71668017e-01 2.31415033e-02
    3.52854013e-01 -3.22227985e-01 6.97636664e-01 1.16622007e+00
    1.00306249e+00 1.27021861e+00 -7.08717108e-03 -4.20624584e-01
    5.67704439e-03 -4.75958169e-01 7.93760240e-01 8.80751252e-01
    -3.11514616e-01 4.95924354e-01 1.22817957e+00 -6.81636512e-01
    1.46086621e+00 5.42549133e-01 1.35808110e+00 1.61128843e+00
    2.13514447e-01 6.06605411e-01 1.20935750e+00 9.94446635e-01
    1.00534534e+00 1.09872496e+00 1.66836262e+00 9.72584844e-01
    9.74971831e-01 1.16933393e+00 1.54317975e+00 -5.43937981e-01
    3.59777808e-01 -3.19409877e-01 6.47582591e-01 1.08105874e+00
    3.39784980e-01 1.03436935e+00 -3.62120360e-01 -1.96204484e-01
    -7.28191257e-01 -2.44872212e-01 7.79437184e-01 5.24687946e-01
    3.04574490e-01 1.56470871e+00 2.10106373e-04 -3.32930177e-01
    -8.65928531e-02 1.97440326e-01 -2.78757483e-01 1.20979071e+00
    1.31378031e+00 -7.39886880e-01 8.84150445e-01 1.66978335e+00
    1.34105611e+00 9.79078770e-01 3.56149197e-01 3.03851128e-01
    5.13210833e-01 2.50793338e-01 9.69235599e-01 7.01719999e-01
    -2.51618356e-01 1.36887753e+00 -2.56111085e-01 -6.13525629e-01
    -2.96950191e-01 2.98310816e-01 -7.18074322e-01 -5.54824233e-01
    2.99287438e-02 -2.49663413e-01 4.29300904e-01 1.02730465e+00
    5.48310697e-01 4.96370792e-01 -7.21812069e-01 1.23011172e+00
    1.01765382e+00 5.08984089e-01 1.49132419e+00 -6.50933504e-01
    1.21786654e+00 1.00232244e+00 2.38683224e-02 9.51482832e-01
    -2.09351778e-02 -1.87966466e-01 -5.65933466e-01 3.55766714e-01
    9.12437677e-01 -3.37330818e-01 4.73266721e-01 2.51267791e-01
    1.56907618e+00 6.89707637e-01 7.76942134e-01 -1.72344029e-01
    -3.06366831e-01 4.13559914e-01 3.32400858e-01 8.77809942e-01
    1.12137425e+00 -5.44395268e-01 5.86526394e-01 7.23196626e-01
    3.73364925e-01 -7.28671849e-01 -1.78051591e-02 -3.52997690e-01
    -3.81292611e-01 7.05785751e-01 -5.05374551e-01 1.17025185e+00
    9.80178058e-01 6.54649556e-01 2.38863707e-01 -3.80319893e-01
    -5.38283050e-01 1.83611095e-01 1.27376223e+00 1.07097840e+00
    -5.36568105e-01 -6.79150045e-01 1.52667153e+00 4.97318804e-01
    -7.44657815e-01 1.00002325e+00 1.70263565e+00 1.31510735e+00
    8.13989282e-01 -5.15327096e-01 5.91165304e-01 1.86081469e-01
    -1.96582437e-01 9.64404881e-01 7.24562824e-01 -5.43316305e-01
    -2.94748068e-01 -1.31264985e-01 1.49150407e+00 -2.84124196e-01
    -5.09577513e-01 1.18269396e+00 -2.28945315e-01 1.44724321e+00
    9.28539634e-02 -4.01977390e-01 8.98567438e-01 1.47681952e+00
    2.25391090e-01 1.73646748e-01 -3.30145299e-01 -2.38964438e-01
    2.55128503e-01 2.99816191e-01 1.18962467e+00 -2.85271406e-01
    2.25460827e-01 -6.84578478e-01 8.26405883e-02 1.01583266e+00
    1.24849439e+00 3.51670980e-01 6.12572610e-01 1.34149969e-01
    -3.36531967e-01 -4.83362794e-01 1.30884528e+00 1.00980043e+00
    -4.03189808e-01 -5.54618239e-01 8.14517558e-01 1.20728612e-01
    1.03308797e+00 -7.10168540e-01 2.96491385e-01 6.77295148e-01
    -1.42255485e-01 8.24517250e-01 1.53339398e+00 7.74059951e-01
    -1.25825882e-01 -7.04825759e-01 3.56598258e-01 7.21455276e-01
    6.29051805e-01 1.37704825e+00 8.62878144e-01 -4.28834140e-01
    -5.94001412e-01 1.13864851e+00 9.74378586e-02 1.21380067e+00
    5.78497946e-01 3.37007880e-01 9.45248604e-01 -3.37369233e-01
    -8.04396272e-02 1.73119545e-01 1.30456579e+00 1.69063187e+00
    1.04298711e+00 8.05119872e-02 -7.78880715e-02 7.92770505e-01
    2.74324179e-01 -7.38501787e-01 1.95284724e-01 7.40240514e-01
    -1.52148902e-01 1.68602657e+00 2.91901708e-01 1.31838048e+00
    4.25310969e-01 -5.38021922e-02 -4.25608665e-01 3.52957845e-01
    -4.26789433e-01 6.73185647e-01 -4.85833913e-01 -6.71323359e-01
    1.56323075e+00 9.54747260e-01 5.72944701e-01 3.00302804e-01
    2.69076228e-01 6.08220518e-01 -6.43850625e-01 1.57284081e+00
    -6.81295574e-01 5.36011457e-01 -2.99831539e-01 3.51738393e-01
    2.41942525e-01 1.05310392e+00 -3.63171607e-01 -7.15340972e-02
    7.99193978e-01 -3.27411383e-01 1.03571486e+00 -4.21422988e-01
    1.03321421e+00 7.26200104e-01 4.58248794e-01 1.29424858e+00
    7.96177328e-01 1.66954303e+00 5.90095460e-01 -3.46540391e-01
    1.63276529e+00 8.40122044e-01 5.46133935e-01 9.94347155e-01
    1.03560972e+00 -4.34164464e-01 1.01498294e+00 2.88412571e-01
    1.33475578e+00 1.11917329e+00 1.11265874e+00 8.41808677e-01
    1.58454943e+00 1.63712502e+00 6.95923805e-01 7.25704074e-01
    -6.41684294e-01 2.44967103e-01 -6.62405968e-01 9.90597010e-02
    1.36527824e+00 1.50935388e+00 7.39664853e-01 6.18564010e-01
    3.84994209e-01 1.71349287e+00 1.22202349e+00 1.01026356e-01
    6.79551780e-01 1.58336663e+00 1.28632331e+00 -1.19521737e-01
    -4.86359179e-01 4.72660065e-01 1.32407618e+00 2.00679898e-01
    1.52590692e+00 1.01754916e+00 6.06899559e-01 1.00688505e+00
    6.77249134e-01 1.21688128e-01 -7.32977331e-01 -5.42258382e-01
    1.48464203e+00 -3.10302496e-01 9.75031495e-01 -1.44617617e-01
    1.70911407e+00 -4.83795196e-01 1.10587060e+00 -7.00529993e-01
    8.06988716e-01 5.74281752e-01 1.38807261e+00 -6.37083411e-01
    4.28422689e-01 1.37879419e+00 6.05036080e-01 1.34055400e+00
    5.78267455e-01 -1.24607384e-01 5.20636022e-01 1.56057572e+00
    -3.46466959e-01 8.53310168e-01 1.88131630e-01 5.19128740e-01
    3.26234400e-01 1.13198423e+00 9.96371150e-01 7.97448695e-01
    4.11344290e-01 1.36146879e+00 9.90774035e-02 1.06476188e+00
    -4.41875786e-01 1.32755101e-01 3.02710116e-01 4.38991666e-01
    2.31299281e-01 1.12914371e+00 1.45891047e+00 1.34441066e+00
    1.40334773e+00 -7.03671277e-01 4.60715175e-01 -3.20101023e-01
    4.83055890e-01 1.70873094e+00 5.14690936e-01 6.18555605e-01
    1.02974415e+00 -1.70301318e-01 -1.96228206e-01 1.51770413e+00
    -5.20220995e-01 7.41747439e-01 6.13322377e-01 1.24580479e+00
    3.70594978e-01 1.64417207e-01 1.16107583e+00 -1.11923218e-01
    1.24415469e+00 -6.11525178e-01 1.53356123e+00 -7.45809734e-01
    4.69839573e-02 -7.07117379e-01 1.43399775e-01 7.11182773e-01
    -2.98612326e-01 1.27048326e+00 -7.36533999e-01 -6.70254827e-01
    1.54468071e+00 1.62659073e+00 1.62708879e+00 7.94572175e-01
    8.20354760e-01 8.49824309e-01 1.12686563e+00 1.02765584e+00
    -6.89700246e-02 5.81318676e-01 1.71503186e+00 -2.41829753e-02
    1.13826430e+00 -2.60785431e-01 -1.34644806e-01 1.13346910e+00
    1.38354087e+00 1.14972973e+00 5.94492376e-01 7.46265769e-01
    -5.19597530e-01 -5.07922232e-01 2.73809671e-01 1.62222719e+00
    1.26897788e+00 1.10328591e+00 1.40129733e+00 7.36378431e-01
    6.90579951e-01 1.22709632e+00 5.16144276e-01 1.22790277e-01
    8.08202565e-01 7.35600114e-01 5.88367045e-01 1.52009845e+00
    1.06699252e+00 1.98575497e-01 8.53253186e-01 1.09304762e+00
    1.97082877e-01 1.16064084e+00 -2.05767810e-01 4.87916946e-01
    1.74624872e+00 -1.10875368e-02 6.37980640e-01 1.00466156e+00
    7.24800885e-01 9.01763797e-01 1.14277649e+00 9.55555320e-01
    -6.68641150e-01 3.64559889e-03 -3.66930604e-01 7.97056317e-01
    7.71940291e-01 1.71245885e+00 5.20442784e-01 1.04757547e+00
    -2.19695270e-01 -6.10330224e-01 1.29018509e+00 1.69454789e+00
    2.41813183e-01 -8.06190968e-02 -5.89796424e-01 -1.97346807e-01
    7.48007298e-01 -5.30608118e-01 -1.08262241e-01 9.01767015e-02
    1.71562564e+00 1.40318370e+00 2.70098031e-01 -2.29496956e-01
    1.18745339e+00 7.58630931e-01 1.00040627e+00 -2.19871819e-01
    4.47782159e-01 2.12856531e-02 1.12565303e+00 -2.65028924e-01
    -2.96855927e-01 8.42946410e-01 3.16669047e-01 -3.62724066e-01
    1.91645622e-01 -7.46106088e-01 1.04019928e+00 1.52738976e+00
    -2.27713943e-01 1.66544473e+00 -3.40209603e-02 8.38370562e-01
    1.71157265e+00 8.86157572e-01 6.58696592e-01 4.53600526e-01
    3.93497109e-01 5.14409542e-01 -5.43347061e-01 7.39559472e-01
    1.65046775e+00 -5.33429027e-01 1.30451870e+00 -7.39517629e-01
    -6.36383593e-01 2.16760635e-01 -4.55264896e-01 -3.57837617e-01
    9.24459994e-01 -5.75360119e-01 6.33747160e-01 -1.90168023e-02
    1.03294241e+00 6.77622795e-01 1.38359261e+00 -5.41334927e-01
    -1.60714447e-01 -3.71546924e-01 -4.79704201e-01 8.01770389e-01
    9.41333115e-01 4.86284256e-01 -6.44131422e-01 2.31121480e-01
    1.28159952e+00 1.24447751e+00 -3.56912881e-01 1.11072731e+00
    6.97162747e-02 1.31084597e+00 8.60061765e-01 6.59297943e-01
    6.72956049e-01 1.32699585e+00 -7.09187686e-01 9.89772022e-01
    3.61950815e-01 -1.44951403e-01 1.18876553e+00 1.15221834e+00
    -3.33963454e-01 4.62353826e-01 -4.35361952e-01 -3.09630722e-01
    1.72175026e+00 9.71185327e-01 6.31379902e-01 4.24984396e-01
    -5.57115436e-01 1.08214140e+00 1.52937412e+00 7.86518455e-01
    4.82305050e-01 1.51602602e+00 1.52796721e+00 2.86705315e-01
    1.54486096e+00 1.39667761e+00 1.53269660e+00 1.70950508e+00
    -2.02644706e-01 2.35191226e-01 -5.99690855e-01 -4.60942566e-01
    -2.46804357e-01 7.50643134e-01 1.56544447e+00 -7.48490810e-01
    -7.38540292e-02 1.30355394e+00 1.97214663e-01 1.37248206e+00
    -2.76020139e-01 7.38685429e-01 -2.10761011e-01 -7.64655471e-02
    1.13086915e+00 3.15858960e-01 1.31554747e+00 1.36873186e-01
    9.77871537e-01 1.53056765e+00 6.70995474e-01 9.66748238e-01
    -7.28917360e-01 1.48784518e-01 1.08320761e+00 -1.64425969e-01
    -3.40123177e-02 -5.19919276e-01 8.78994644e-01 -4.26476657e-01
    -5.48790455e-01 8.93192887e-01 6.13650918e-01 1.10145724e+00
    1.28038740e+00 8.63418221e-01 3.34740043e-01 1.31219530e+00
    -7.21431494e-01 -6.65381551e-02 -4.67699230e-01 -9.39740539e-02
    5.76462388e-01 3.51918578e-01 4.34286058e-01 1.37946129e+00
    1.68823206e+00 5.31063378e-01 2.24095643e-01 1.28249788e+00
    6.78796887e-01 -1.68257952e-02 -4.93509442e-01 1.49424529e+00
    1.67428899e+00 9.33814764e-01 8.78332257e-01 8.30969334e-01
    9.23264921e-01 -5.25442362e-02 8.06805372e-01 6.19596243e-01
    -2.33570665e-01 -2.18745530e-01 1.56128573e+00 -3.60575408e-01
    1.07496214e+00 -9.47194695e-02 1.46482027e+00 1.37592876e+00
    4.56856370e-01 1.01697612e+00 -4.87225592e-01 -2.23975778e-02
    1.59274995e+00 4.37298417e-02 -1.04155064e-01 2.95612991e-01
    4.12875772e-01 1.48203778e+00 8.07078123e-01 -4.10119712e-01
    -1.73195302e-01 1.06121325e+00 -2.90082067e-01 5.08677363e-01
    9.67762411e-01 8.38171303e-01 -1.05402112e-01 8.67741048e-01
    -5.68616092e-01 6.96574450e-01 1.45405841e+00 7.20336437e-01
    1.13381147e-02 8.89136791e-02 -1.99930191e-01 -4.17958617e-01
    1.12887716e+00 -7.13673294e-01 8.61070037e-01 4.01358545e-01
    1.14685595e+00 1.00994492e+00 6.07754648e-01 4.18911934e-01
    -2.83611834e-01 8.89314175e-01 -4.06648457e-01 -6.17446899e-01
    -5.22146165e-01 -5.42343557e-01 9.18983221e-02 1.50793850e-01
    1.59816885e+00 1.70045400e+00 5.30984044e-01 9.40531731e-01
    7.51529574e-01 3.73113930e-01 2.99560964e-01 -6.06346428e-01
    5.59881210e-01 -4.82451826e-01 -7.24734545e-01 1.23517704e+00
    -7.11073518e-01 1.05691981e+00 -5.37930191e-01 1.63197351e+00
    9.95513678e-01 7.93011427e-01 6.53042078e-01 8.80228341e-01
    8.09334576e-01 9.70274210e-02 1.55446720e+00 1.07417250e+00
    5.84844232e-01 1.25742149e+00 -5.85759282e-01 -5.00937283e-01
    -6.86770082e-02 -3.15201998e-01 1.62592161e+00 2.76376545e-01
    1.56375670e+00 7.37038314e-01 -6.79691136e-01 1.02781534e+00
    1.09252501e+00 1.23005700e+00 1.73716819e+00 -4.49041247e-01
    -3.82408828e-01 1.37217140e+00 1.14077616e+00 1.65168905e+00
    1.34179556e+00 4.57231164e-01 -3.75233591e-01 -4.94602829e-01
    9.27896500e-01 1.36826122e+00 2.74071276e-01 -2.73633599e-01
    4.55550373e-01 -6.37959838e-01 4.82221007e-01 -4.67131197e-01
    -6.27784371e-01 -1.24089718e-01 2.07946658e-01 1.18287706e+00
    1.97300017e-01 2.52509654e-01 -1.23972178e-01 -4.33461368e-01
    1.60957789e+00 1.11257219e+00 -2.56553888e-01 -5.61376572e-01
    3.89028192e-01 1.05871189e+00 1.78128123e-01 1.42085016e-01
    9.04464722e-01 3.22810590e-01 1.15255415e+00 3.12170029e-01
    -5.21920323e-01 1.10378623e+00 1.12583911e+00 4.68802452e-02
    2.42455363e-01 1.42770171e+00 -1.55758858e-02 3.34372103e-01
    -7.48717189e-02 5.59407055e-01 -5.29516876e-01 1.26598668e+00
    -2.13662088e-01 1.29416287e-01 5.16256630e-01 1.00350559e+00
    7.91633010e-01 1.45780170e+00 -2.86370695e-01 1.22728586e+00
    7.36604750e-01 1.16454363e+00 1.95499122e-01 4.20386672e-01
    1.20646536e-01 8.92489433e-01 1.09383535e+00 -1.68485045e-02
    1.08078551e+00 1.72517025e+00 6.64133549e-01 -2.87204295e-01
    1.17861438e+00 -3.23680699e-01 1.25823438e+00 -5.33788502e-01
    -4.93857622e-01 -6.20060205e-01 1.24068713e+00 -1.68559730e-01
    -2.27815628e-01 1.17507505e+00 1.25698352e+00 1.70344174e+00
    1.73017812e+00 -3.34089994e-02 -6.12114906e-01 1.42183495e+00
    1.42836988e+00 1.22921944e+00 1.17484522e+00 1.64596367e+00
    -1.96385324e-01 1.59449160e-01 3.79954875e-01 -2.46204376e-01
    1.28727984e+00 -1.60275102e-01 8.33099484e-02 1.47643209e-01
    9.47220504e-01 4.43515718e-01 7.26989627e-01 8.21736872e-01
    8.40312183e-01 -6.81869626e-01 9.46537852e-01 2.26383209e-01
    6.81796372e-01 -4.77431118e-01 1.26845217e+00 1.92030668e-01
    9.81685042e-01 2.31257737e-01 1.44582725e+00 1.00706542e+00
    9.10091102e-01 7.80166626e-01 3.04717183e-01 7.82318592e-01
    1.40065360e+00 1.98650837e-01 1.24922812e+00 8.98642004e-01
    -4.75252390e-01 -2.99918741e-01 -4.02886987e-01 1.27937794e-02
    8.46531212e-01 1.03191829e+00 2.82087088e-01 2.43316412e-01
    1.54544258e+00 1.08299208e+00 1.30372000e+00 4.91163075e-01
    -7.80649781e-02 -1.19624078e-01 1.46190715e+00 -2.13710606e-01
    1.24051440e+00 1.22642303e+00 -3.89656961e-01 5.61146677e-01
    9.48279619e-01 6.88217282e-01 6.03569031e-01 1.43609679e+00
    1.23413467e+00 1.38858676e+00 1.04735518e+00 1.69722426e+00
    -6.54231906e-02 2.44548798e-01 1.45206404e+00 1.31095576e+00
    7.07584083e-01 2.70023882e-01 1.24760175e+00 7.78580666e-01
    1.26493359e+00 4.12217140e-01 8.33253920e-01 5.61935544e-01
    -3.94902021e-01 -4.19413477e-01 6.08935595e-01 1.63555968e+00
    6.75724745e-01 1.67353237e+00 -3.31388950e-01 6.85355723e-01
    2.48758376e-01 1.65263319e+00 1.76440477e-01 1.32746339e+00
    -2.78699994e-02 -7.32857466e-01 1.37636065e-02 1.68540704e+00
    1.53379202e+00 1.57606161e+00 1.48900712e+00 -1.81924939e-01
    9.41373467e-01 8.61018479e-01 5.43019950e-01 1.29649282e+00
    2.09394038e-01 3.67902756e-01 -3.44209790e-01 1.54911530e+00
    2.73559391e-01 -6.95776761e-01 1.42597544e+00 -1.87187552e-01
    6.31657779e-01 8.79882276e-01 1.42301679e-01 1.38245344e-01
    1.41214395e+00 -4.65337098e-01 1.11008799e+00 1.37161648e+00
    7.53968954e-03 1.18156600e+00 3.95603478e-01 2.14531422e-02
    1.19856799e+00 3.74713480e-01 -1.45907462e-01 2.29692400e-01
    -6.03774190e-01 7.72556365e-01 1.63006043e+00 6.84997857e-01
    1.08061385e+00 -5.95178306e-01 1.26079130e+00 3.30269158e-01
    -6.86658919e-01 1.58593607e+00 -7.18732178e-01 2.16881037e-01
    3.05861771e-01 1.44639266e+00 -7.52756000e-02 -6.76969290e-01
    -4.10384744e-01 -8.00149441e-02 3.08464885e-01 3.28075886e-02
    1.54015207e+00 7.03696609e-01 1.70316374e+00 2.36662626e-01
    1.68186378e+00 1.30015385e+00 -3.16363275e-01 3.73433650e-01
    -2.26751685e-01 -7.18212008e-01 1.26246142e+00 1.15922058e+00
    1.35724425e+00 -4.30877239e-01 1.21654510e+00 9.50938165e-01
    -1.77141190e-01 -5.64428091e-01 1.60153913e+00 -1.02438688e-01
    1.02573371e+00 8.83031130e-01 6.04804397e-01 -4.48592067e-01
    1.14659333e+00 -4.60979640e-01 1.20395136e+00 3.80689263e-01
    9.25688744e-01 -3.61820459e-02 1.63555098e+00 1.19904375e+00
    -7.09543765e-01 -4.53205615e-01 7.27151871e-01 6.25162482e-01
    -6.79574013e-02 1.78049421e+00 -6.81889772e-01 6.12821043e-01
    4.52387929e-01 7.44136810e-01 1.48994577e+00 -4.30696726e-01
    8.86746109e-01 9.49000597e-01 -4.13891166e-01 -4.67106342e-01
    1.23721766e+00 1.48127437e+00 1.60074258e+00 -3.18639338e-01
    9.77557898e-01 1.70638990e+00 -9.24041867e-02 -1.19030178e-01
    3.46872211e-02 3.04614544e-01 6.49515629e-01 1.71242440e+00
    1.26757479e+00 7.51259327e-01 8.32557738e-01 4.48683858e-01
    -3.44494373e-01 2.00805187e-01 1.32643437e+00 -7.09690690e-01
    -3.96164030e-01 1.29227722e+00 1.35009480e+00 8.25332105e-01
    -5.46556294e-01 7.59997666e-01 7.41205871e-01 2.69828796e-01
    1.09308863e+00 1.31638122e+00 4.96690392e-01 -1.38482690e-01
    -3.35329026e-01 -4.70230848e-01 7.16966748e-01 -4.12419289e-01
    1.72669172e+00 8.96891415e-01 7.88157105e-01 1.95781291e-01
    -3.96530837e-01 1.52473712e+00 -6.81211889e-01 1.21811152e-01
    3.21457803e-01 -6.51595712e-01 1.50891387e+00 2.36474633e-01
    5.98359525e-01 1.60083103e+00 3.41683626e-01 6.21040881e-01
    1.58995295e+00 -4.39455420e-01 1.65643454e-01 1.40819669e-01
    4.83151972e-01 4.23843861e-02 9.70419049e-02 -2.13492095e-01
    1.48286223e-02 1.36557508e+00 1.53830504e+00 7.79237211e-01
    2.12133527e-01 6.08756065e-01 -9.04921889e-02 1.05137134e+00
    -2.84295708e-01 -2.29054391e-01 -4.94263768e-01 1.85538650e-01
    6.16189837e-01 1.25995266e+00 4.14736390e-01 6.47560060e-01
    9.77633595e-02 -3.88824344e-02 -1.46683753e-01 -5.28815389e-01
    -3.77442688e-01 2.62581766e-01 7.36788929e-01 -6.17189467e-01
    -7.49806464e-01 2.11775243e-01 6.03406429e-01 1.48338938e+00
    -4.88117933e-02 -4.51210141e-02 -1.84066832e-01 5.57264149e-01
    -5.15992403e-01 6.71341836e-01 -5.83227873e-02 -2.03125477e-02
    -6.97404683e-01 8.57204378e-01 1.17771959e+00 4.47313607e-01
    8.07210088e-01 -1.73048854e-01 8.18465292e-01 -1.56289458e-01
    -5.92087030e-01 1.14780390e+00 6.45954967e-01 7.11374521e-01
    2.66184032e-01 1.17185318e+00 9.46646929e-01 1.20323741e+00
    4.15038288e-01 9.46832478e-01 5.57966232e-02 1.13806295e+00
    -2.91170925e-01 7.09826469e-01 1.18345618e-02 4.01158333e-01
    1.25101507e+00 8.46372724e-01 7.05759704e-01 -7.39097238e-01
    3.15055013e-01 4.22120571e-01 1.60957658e+00 6.55837178e-01
    1.13561988e+00 6.50011063e-01 -2.86592007e-01 5.94454169e-01
    -7.19660938e-01 6.02751195e-01 2.72041559e-02 -4.38484222e-01
    -2.57733673e-01 -7.36442685e-01 1.12987685e+00 1.05490494e+00
    6.32290184e-01 -4.56062287e-01 1.25026703e+00 7.03103900e-01
    2.24672318e-01 2.04368532e-01 2.40931332e-01 1.01528192e+00
    -5.88621676e-01 1.62533081e+00 1.71700144e+00 3.07660103e-01
    5.81528902e-01 1.22339928e+00 1.72218668e+00 1.42060566e+00
    9.93203044e-01 1.66313636e+00 7.40191638e-01 9.68090177e-01
    -6.70025527e-01 1.13606858e+00 1.30170298e+00 1.39519298e+00
    -3.91252279e-01 -6.24619246e-01 7.60029554e-01 1.71202207e+00
    6.00169122e-01 3.33017468e-01 4.78168368e-01 2.15205908e-01
    1.01271868e+00 1.54147732e+00 2.85692215e-01 1.19689131e+00
    -3.70881259e-01 1.03189397e+00 -3.11457813e-01 -4.41498935e-01
    1.20664907e+00 -2.43877947e-01 -2.32439727e-01 -2.56561607e-01
    5.99483848e-02 -1.31732345e-01 1.25166798e+00 2.25554109e-02
    -2.82279849e-02 1.57863438e+00 -2.40835011e-01 -1.93657339e-01
    1.68030357e+00 1.44555914e+00 -6.64888024e-01 -5.92785239e-01
    8.02211761e-01 1.51880932e+00 1.14367104e+00 -4.43346351e-01
    2.87565649e-01 -7.51024067e-01 1.38822496e+00 7.72923768e-01
    9.07217264e-01 1.40008307e+00 1.67085552e+00 3.80950511e-01
    1.32615197e+00 -3.34569007e-01 -3.26823592e-02 1.22279286e-01
    -3.34943771e-01 1.23361826e+00 -4.18689847e-02 1.08401895e+00
    1.50790000e+00 1.44443011e+00 -4.67368871e-01 8.13440263e-01
    1.42291665e+00 1.66296482e+00 -3.82955074e-02 2.89254665e-01
    1.41011643e+00 5.82954705e-01 1.49195933e+00 7.72505522e-01
    5.52943110e-01 -2.65406817e-01 1.01611686e+00 -6.73651278e-01
    1.08679676e+00 -1.13547921e-01 4.01971698e-01 3.76427293e-01
    1.99766636e-01 9.22739685e-01 7.85030723e-01 5.40387928e-01
    7.18908310e-02 4.33551788e-01 1.28055120e+00 1.04933381e+00
    -1.70522511e-01 -5.16932607e-02 7.10002124e-01 1.43402088e+00
    1.77939057e-01 1.32128739e+00 -3.98990750e-01 -6.32996976e-01
    8.77381861e-01 3.49933505e-02 1.17782259e+00 1.48515868e+00
    1.11806893e+00 1.16071224e-01 6.44126713e-01 3.41287732e-01
    1.41906977e+00 4.63866591e-01 1.32498527e+00 1.16766739e+00
    1.66942072e+00 1.04016924e+00 2.60305047e-01 6.40601158e-01
    -7.27281868e-01 -4.13512588e-02 -1.30975962e-01 1.55822229e+00
    1.33890641e+00 -1.33598745e-01 3.80479336e-01 9.96031046e-01
    -3.82164538e-01 9.22727644e-01 1.03262854e+00 9.03439522e-01
    9.68244016e-01 -4.40193921e-01 -4.71278250e-01 1.56646061e+00
    1.08158278e+00 -2.56921202e-01 3.28372836e-01 7.94917345e-01
    3.16693246e-01 -1.96969211e-01 1.18415785e+00 1.46840358e+00
    1.20116901e+00 9.97512102e-01 1.63712740e+00 -5.47461569e-01
    7.18433857e-02 -2.20870793e-01 -6.95629835e-01 -6.62306011e-01
    6.31780744e-01 9.36258137e-01 6.61607981e-01 1.02589726e+00
    7.45954633e-01 6.19005203e-01 1.09669578e+00 -6.08344913e-01
    -2.20830500e-01 1.35160077e+00 -3.36679220e-01 9.33849812e-01
    -7.33365715e-01 -4.83752102e-01 4.96873140e-01 2.70696700e-01
    -4.93761927e-01 9.71697390e-01 2.08459556e-01 4.27895188e-02
    1.20068288e+00 9.54402685e-02 5.44901490e-01 1.58916974e+00
    3.18320572e-01 3.60117018e-01 -6.25228584e-01 2.89960325e-01
    3.11255276e-01 2.00501859e-01 1.58478642e+00 1.41485310e+00
    1.12219000e+00 9.01630759e-01 5.20706177e-01 1.53523684e+00
    -8.11951756e-02 -7.47994423e-01 1.43259251e+00 1.14502907e+00
    8.01203668e-01 1.66217685e+00 -2.41759598e-01 1.04924369e+00
    5.46816647e-01 2.86267817e-01 1.03069830e+00 5.31695902e-01
    5.39089918e-01 -5.87712169e-01 -5.79811573e-01 1.20399189e+00
    1.69784856e+00 -1.47117972e-02 -2.24284112e-01 -5.77569842e-01
    7.12574363e-01 1.28447914e+00 1.68434715e+00 3.76179755e-01
    9.53186274e-01 -1.74943984e-01 1.02656174e+00 1.21204758e+00
    9.47871387e-01 1.25920153e+00 -4.06889141e-01 3.06549907e-01
    5.84404469e-02 -4.41345245e-01 1.48768389e+00 1.19703817e+00
    7.25390673e-01 3.10407281e-01 1.12181592e+00 -7.28449285e-01
    1.67961419e-01 1.07213259e+00 5.13338566e-01 7.11415946e-01
    2.96765506e-01 5.50220788e-01 -6.60743713e-02 5.39292932e-01
    5.25925100e-01 -4.78233069e-01 9.52748179e-01 7.39535093e-02
    -6.04906082e-02 1.30819440e+00 7.45743334e-01 1.50767088e+00
    -3.80368590e-01 1.64058828e+00 1.13488364e+00 1.10758126e+00
    -5.71990490e-01 9.67147470e-01 -7.00731397e-01 -7.01409221e-01
    5.74137747e-01 -5.82344353e-01 8.72609794e-01 -5.88071942e-01
    5.87189138e-01 -3.45533788e-01 1.13854456e+00 1.22041202e+00
    -3.44361305e-01 -4.69128489e-02 2.24329472e-01 1.22723007e+00
    -2.10601568e-01 1.39218259e+00 1.56332660e+00 -7.17267215e-01
    -3.13852698e-01 1.31260407e+00 8.18224192e-01 1.05496216e+00
    2.06941545e-01 -4.29448485e-02 7.84745455e-01 1.68949807e+00
    5.34096181e-01 -2.49447465e-01 -4.12139118e-01 5.10576665e-01
    -6.45914674e-01 1.52725518e+00 -7.20024347e-01 3.38732004e-01
    2.55622804e-01 -3.52374911e-02 1.90408885e-01 1.36644256e+00
    6.47141576e-01 -1.77063942e-01 1.42534649e+00 5.84739745e-01
    -3.14259291e-01 7.88783789e-01 -1.38715625e-01 1.35952830e-01
    -6.68447196e-01 -3.50952446e-01 9.39862907e-01 1.17333794e+00
    7.64193237e-01 -7.07145095e-01 1.13399887e+00 -4.51406240e-02
    -2.15809822e-01 -7.13724673e-01 1.18307209e+00 -7.68161416e-02
    7.29549885e-01 2.28555202e-02 -4.48995978e-01 4.24068570e-02
    4.47978377e-01 -5.30085564e-02 8.67229939e-01 5.82599461e-01
    1.61227608e+00 1.38031268e+00 1.56291318e+00 -4.54691052e-02
    3.07536721e-02 1.33566678e-01 3.16735744e-01 -1.77487731e-01
    -3.01060259e-01 1.60349083e+00 1.29135251e-02 1.09847045e+00
    5.77188015e-01 -4.28602040e-01 1.60074639e+00 -5.79158187e-01
    1.46237636e+00 9.64754641e-01 2.58122742e-01 -5.08814454e-01
    7.75218725e-01 -2.73557484e-01 1.48604989e-01 -2.20057368e-01
    1.11686528e-01 -4.39086437e-01 4.29035962e-01 -1.66261792e-01
    1.62925899e+00 -2.83990651e-01 -2.21980214e-02 1.48127735e-01
    1.64667761e+00 -2.26772070e-01 -5.17839074e-01 2.46969342e-01
    9.23555493e-02 1.35811329e+00 1.49814701e+00 4.40352917e-01
    1.77210641e+00 -2.72093326e-01 -4.90192831e-01 8.58067334e-01
    -2.99329579e-01 8.41157496e-01 -6.61627293e-01 9.73375916e-01
    1.56712747e+00 6.54011190e-01 1.40691876e-01 1.53552878e+00
    -5.66137552e-01 9.56893444e-01 1.60998750e+00 9.29769218e-01
    1.26713943e+00 -4.54335213e-01 -6.53627157e-01 1.02367043e-01
    -4.63267654e-01 2.94348955e-01 1.43614006e+00 3.45342159e-02
    6.62074506e-01 1.20385766e+00 1.58127999e+00 -1.98485196e-01
    2.22640157e-01 4.79913652e-01 1.04709780e+00 -7.74208307e-02
    1.53877926e+00 1.28702843e+00 1.48782754e+00 -3.76064807e-01
    2.10461020e-01 1.33383846e+00 9.82893705e-02 1.90647066e-01
    -4.53311145e-01 1.10897255e+00 4.82795298e-01 1.74095058e+00
    8.40091705e-01 1.24659467e+00 -5.19413352e-01 1.62397075e+00
    1.32916927e-01 -4.80081707e-01 1.62492549e+00 3.28056216e-02
    1.64651167e+00 5.74612379e-01 7.80504405e-01 1.32100463e+00
    1.63938117e+00 -6.97217941e-01 -1.29683137e-01 1.67874014e+00
    2.95891941e-01 1.09798908e-01 2.04986334e-02 -2.22671449e-01
    4.08913851e-01 1.96361601e-01 7.34357178e-01 1.28852177e+00
    9.98031676e-01 -8.70525837e-02 9.66781855e-01 1.71161711e-01
    4.20891404e-01 6.85389996e-01 4.18765247e-01 -1.70142949e-01
    1.28545570e+00 -2.18035221e-01 1.67847872e+00 1.80534840e-01
    -3.34324688e-01 1.24335229e-01 -8.30187201e-02 3.63120317e-01
    -2.56761849e-01 9.76272345e-01 1.38825119e+00 1.12107086e+00
    2.87592590e-01 3.54195833e-01 -3.69513929e-01 1.55370998e+00
    -4.94131863e-01 9.38526392e-01 -4.85821366e-01 1.28569746e+00
    -2.49211371e-01 8.72656941e-01 -1.75224245e-01 -2.25260854e-02
    9.33134496e-01 1.49763298e+00 -4.25693274e-01 2.40146637e-01
    -2.76511908e-03 8.84964049e-01 3.26209068e-02 1.29859495e+00
    -6.00101292e-01 1.48993349e+00 1.03291738e+00 1.38949561e+00
    1.75016046e+00 3.47366691e-01 1.30273271e+00 8.77235055e-01
    1.55246913e-01 3.69839072e-01 4.29107845e-01 -2.60230541e-01
    -3.04362237e-01 -1.98631763e-01 1.13919461e+00 1.43568301e+00
    -8.59846473e-02 1.34126329e+00 -3.51296216e-01 4.49017465e-01
    -3.63503546e-01 1.28012395e+00 9.42532718e-01 4.09634471e-01
    -3.88324678e-01 8.57610822e-01 1.38038778e+00 -5.90609312e-02
    3.05001676e-01 -4.20640677e-01 -1.00138009e-01 9.65157628e-01
    7.45346010e-01 5.80400348e-01 -2.98382044e-02 1.42744839e+00
    -2.99080878e-01 -2.92432368e-01 1.47243488e+00 5.95193386e-01
    1.41208827e-01 6.10341072e-01 -4.83780444e-01 3.47346544e-01
    1.46459198e+00 1.14872634e-01 -5.75311124e-01 8.80870581e-01
    4.58499074e-01 1.48381758e+00 7.20478296e-01 -6.37401819e-01
    -1.14807725e-01 3.18194568e-01 7.63883829e-01 1.13346350e+00
    -6.63973570e-01 9.54593420e-02 1.20727825e+00 -6.87494278e-01
    1.30222559e-01 1.29068553e-01 -3.20785046e-02 9.51310039e-01
    1.37030864e+00 -6.03939414e-01 1.61250782e+00 6.26279354e-01
    1.59332442e+00 1.96567655e-01 5.74147999e-01 4.55012023e-01
    1.06042194e+00 1.13169742e+00 7.66000748e-02 -6.89382076e-01
    -9.09374356e-02 -1.73087955e-01 -2.24626541e-01 1.62444496e+00
    1.30764914e+00 -2.51693875e-01 7.73100317e-01 1.55073452e+00
    3.09050560e-01 -1.59123838e-01 3.75315607e-01 1.63131642e+00
    9.05707300e-01 1.21683121e+00 5.50126076e-01 2.82892883e-01
    1.38094020e+00 -6.63340092e-01 1.35016942e+00 -3.05645317e-01
    1.44810700e+00 -3.57162952e-03 1.82532251e-01 3.62754762e-01
    -2.20108330e-01 1.20492506e+00 -6.55339479e-01 1.04964948e+00
    9.49456155e-01 9.85785425e-01 -4.84638810e-01 1.38893628e+00
    2.27878690e-02 -5.18146694e-01 -9.60439444e-03 1.14889371e+00
    2.67867029e-01 1.13899374e+00 1.14935946e+00 1.04148650e+00
    -2.03955293e-01 -6.90240979e-01 7.23814785e-01 3.05008590e-01
    -3.37535530e-01 -1.71123087e-01 -4.41165209e-01 4.41652417e-01
    1.25106812e-01 -3.71338218e-01 6.57920837e-01 -3.29972178e-01
    2.58818567e-01 9.21819210e-01 1.31300175e+00 1.70927644e+00
    1.07120824e+00 9.78306949e-01 1.31359744e+00 -4.26041305e-01
    1.39325380e+00 1.76757431e+00 1.44116926e+00 -6.84921741e-02
    1.13906336e+00 -7.00591266e-01 1.63356256e+00 -5.44162035e-01
    7.50363708e-01 4.66403365e-02 -3.35721970e-02 5.49886525e-01
    1.21816659e+00 -5.44049263e-01 -4.21523899e-01 3.74067664e-01
    9.37637091e-01 1.10541105e+00 1.20401680e+00 -6.79286420e-01
    -1.02137268e-01 1.42579031e+00 1.24927056e+00 7.78673291e-01
    1.03918183e+00 1.57907534e+00 -7.29836881e-01 1.49213600e+00
    -5.65086901e-01 -5.51901698e-01 9.55216706e-01 3.15340579e-01
    9.78202939e-01 -5.75986743e-01 4.89125848e-01 -5.35690963e-01
    1.45929623e+00 2.84460962e-01 5.04696071e-01 -6.53237104e-01
    1.21139121e+00 3.30926359e-01 9.63305235e-02 1.25514269e+00
    1.74140155e+00 9.85226095e-01 6.81112289e-01 -4.49669361e-02
    5.56868970e-01 6.35140538e-02 -3.72287184e-01 6.59813285e-02
    2.45286465e-01 7.41983235e-01 1.48674512e+00 -1.74265265e-01
    2.67521441e-01 4.34414625e-01 -7.79787898e-02 1.61157358e+00
    9.08071220e-01 1.26037526e+00 3.43977988e-01 1.66218925e+00
    2.35809445e-01 7.29601383e-01 9.50418055e-01 7.32513785e-01
    1.44477963e+00 1.57174158e+00 -2.73787171e-01 3.57757032e-01
    2.24043787e-01 8.52020025e-01 5.40618181e-01 1.24333489e+00
    3.74045253e-01 -2.72693217e-01 1.03884244e+00 1.56127858e+00
    1.03453565e+00 4.98385370e-01 9.57055569e-01 1.07913733e-01
    -2.03608930e-01 1.30982804e+00 6.62561774e-01 7.90127814e-01
    -2.09261715e-01 4.58016813e-01 1.34886575e+00 1.16717398e-01
    -5.06837547e-01 1.44133759e+00 -4.29610610e-01 1.41453743e-03
    8.81047249e-02 -4.66701269e-01 1.66948068e+00 7.57452548e-01
    2.52626240e-01 1.57221746e+00 8.98879647e-01 1.38516665e+00
    7.47401237e-01 -2.26056814e-01 -4.66902256e-02 -2.00692654e-01
    5.69897175e-01 6.20905161e-02 -5.50358772e-01 1.28934801e-01
    3.43854606e-01 -5.28667569e-01 -3.54351699e-01 -2.67260671e-02
    6.15016818e-02 1.17415357e+00 4.86025512e-01 1.49884653e+00
    -6.98322535e-01 5.65336287e-01 -7.13052154e-02 -5.60610652e-01
    4.55594838e-01 8.43055487e-01 1.26829195e+00 2.27184176e-01
    -4.82616067e-01 -7.41437674e-01 -6.79452658e-01 1.13013482e+00
    -3.53667706e-01 1.07354820e+00 1.19726753e+00 1.60726166e+00
    -1.10278308e-01 1.05336750e+00 -7.47936666e-01 1.88386023e-01
    1.04299450e+00 8.36282730e-01 -1.09764755e-01 1.45118320e+00
    1.38806844e+00 -1.91808164e-01 1.25058246e+00 -2.78143704e-01
    1.52113867e+00 1.08387947e+00 -1.55208945e-01 -2.43221760e-01
    6.26327455e-01 1.45455050e+00 1.39776874e+00 1.71124160e-01
    -1.73001289e-02 -6.45556927e-01 -5.72934568e-01 -2.90353775e-01
    -5.47901094e-01 -6.78044558e-03 2.32166767e-01 4.41342711e-01
    4.94168162e-01 1.53926551e+00 7.45806098e-02 6.99590921e-01
    1.57527196e+00 1.27640128e-01 1.44649923e-01 3.67511630e-01
    1.50390482e+00 -6.47926807e-01 3.33897829e-01 -3.12237650e-01
    -3.55884314e-01 1.20620632e+00 6.23583794e-01 1.18992925e+00
    3.65036607e-01 9.95172918e-01 9.52034354e-01 1.17164826e+00
    -1.38767362e-01 9.73297536e-01 1.30875707e+00 1.35606265e+00
    5.57919085e-01 -8.78555179e-02 5.20948112e-01 -7.40343332e-03
    -2.96221465e-01 6.62196994e-01 5.07262945e-02 -2.47245401e-01
    8.10385346e-01 1.32189155e-01 -3.94061238e-01 1.83400393e-01
    1.40371776e+00 -5.44522405e-01 9.77864861e-01 -2.29823411e-01
    1.09344244e-01 1.24173021e+00 8.12800527e-01 8.82416010e-01
    1.46681976e+00 3.94932151e-01 3.79109383e-01 2.53846467e-01
    -6.26799822e-01 1.62915313e+00 -4.75739568e-01 1.50477743e+00
    1.11179662e+00 -5.46811640e-01 -1.65664732e-01 1.45128965e-01
    2.14017034e-01 4.79569077e-01 -2.21590102e-01 1.07652390e+00
    1.58766186e+00 -3.63377869e-01 1.35804439e+00 -6.93200350e-01
    3.79490733e-01 -1.25560760e-02 1.08817339e+00 3.54787827e-01
    1.72854638e+00 7.17497289e-01 1.50426567e-01 -2.44228989e-01
    -6.66818142e-01 1.86216831e-03 -7.14906752e-01 -6.79961979e-01
    -1.28561139e-01 -2.76322275e-01 -1.51129067e-01 -6.41647935e-01
    -5.66528022e-01 1.35063744e+00 3.64960253e-01 6.56211436e-01
    1.28585565e+00 1.06901884e+00 -5.98113000e-01 1.64112568e+00
    -6.34241104e-01 7.95423985e-03 -5.37628829e-01 1.13347363e+00
    1.11450028e+00 -2.47012466e-01 -4.91178036e-02 -3.86805952e-01
    -5.92431009e-01 -2.02414691e-01 1.37671089e+00 -2.78339267e-01
    -2.91700363e-02 -4.98464704e-01 1.45701766e-01 1.42083061e+00
    -3.25058073e-01 1.25099838e+00 3.06193829e-01 -1.89346194e-01
    -1.30172431e-01 4.83249784e-01 1.62352860e-01 -5.27674556e-02
    -1.40341580e-01 4.63267207e-01 1.48739207e+00 -1.43733501e-01
    9.57119465e-01 9.18788552e-01 6.55235171e-01 -3.33548188e-02
    1.35067391e+00 -3.91069382e-01 1.21784854e+00 6.27673805e-01
    9.02838886e-01 1.48527884e+00 1.39572966e+00 1.38118362e+00
    1.04189086e+00 1.43960321e+00 -4.14143294e-01 1.15344536e+00
    -4.07427609e-01 -2.57835150e-01 -4.98182476e-01 9.22177911e-01
    5.37145734e-02 -5.26784420e-01 7.57429004e-02 4.30408001e-01
    -5.13119102e-01 1.70818591e+00 -6.46941185e-01 -6.00523412e-01
    7.22454250e-01 -1.14072502e-01 3.46334398e-01 -5.22382259e-01
    9.92873132e-01 1.15573335e+00 4.57280397e-01 1.03311598e+00
    1.03777552e+00 6.38335645e-01 -1.68191791e-01 -6.61307454e-01
    -1.59418404e-01 7.92685688e-01 1.38540101e+00 -1.06137633e-01
    1.34544969e-01 9.58345532e-01 2.32294440e-01 5.10622978e-01
    -7.55035162e-01 -5.84158242e-01 -4.88919139e-01 1.36170101e+00
    7.69875288e-01 6.66377544e-01 9.20522630e-01 3.49832833e-01
    -6.80963874e-01 4.70242858e-01 3.47296238e-01 1.03521562e+00
    -1.32018566e-01 -5.47588110e-01 6.98359549e-01 8.41972113e-01
    1.03974128e+00 -4.35440063e-01 -5.64712167e-01 -1.08350217e-01
    -5.53165138e-01 1.59443808e+00 -5.68416893e-01 6.79545224e-01
    1.43492877e-01 1.54929686e+00 -4.97252941e-01 1.47754002e+00
    8.21245253e-01 -5.78433275e-03 -6.91703081e-01 -3.62316370e-02
    1.01742446e-01 -2.32376635e-01 1.56490827e+00 -4.37363416e-01
    7.38717198e-01 4.42725122e-01 1.72476172e-01 6.59948051e-01
    3.33889246e-01 -6.35472536e-01 4.29811835e-01 1.52355194e+00
    6.26805842e-01 1.48991835e+00 1.30658281e+00 1.46440697e+00
    1.44984424e-01 -5.40075302e-02 1.08808923e+00 -5.30536234e-01
    1.29756832e+00 4.21716928e-01 -2.21110582e-02 1.67100978e+00
    1.37619829e+00 8.12903345e-01 1.36146367e-01 -9.61667299e-02
    2.51742959e-01 7.78784454e-01 1.15074229e+00 1.43748009e+00
    -5.76431215e-01 1.71063757e+00 5.03715038e-01 4.35994089e-01
    1.83645487e-02 6.18054271e-02 1.14071417e+00 9.86561835e-01
    2.75639176e-01 1.04450369e+00 -4.74539965e-01 3.74897540e-01
    3.14121842e-02 4.68871653e-01 -7.53703415e-01 4.77123260e-01
    1.30083656e+00 -4.45858002e-01 1.29027200e+00 -5.15946269e-01
    1.05191779e+00 4.59432602e-03 1.54134154e+00 3.32219660e-01
    1.31912088e+00 -4.19371992e-01 8.23054850e-01 1.83684766e-01
    -2.03364789e-01 -9.23125744e-02 1.64108944e+00 -6.18059218e-01
    1.07032633e+00 1.11548424e+00 1.04238093e-01 -3.92395407e-01
    7.37080455e-01 -4.99740273e-01 -1.50260687e-01 9.57920015e-01
    1.49579000e+00 -8.63672495e-02 2.37692595e-01 2.86614895e-01
    1.00808978e-01 -2.39764810e-01 -3.79545301e-01 1.29361176e+00
    -1.51264369e-01 1.46846509e+00 5.50223768e-01 1.50421858e-02
    7.35708833e-01 1.55237007e+00 -2.85206228e-01 1.67190862e+00
    7.98688948e-01 1.68998480e+00 1.83406949e-01 1.72563136e+00
    6.67880595e-01 -3.11204076e-01 1.26057494e+00 1.23892164e+00
    -4.91120547e-01 -6.82641506e-01 -4.30281073e-01 3.69037151e-01
    1.72855079e-01 4.68925059e-01 -6.54229045e-01 -4.22332883e-02
    1.51870823e+00 -2.13968158e-01 1.52717972e+00 -1.56917155e-01
    1.37732029e+00 1.69137704e+00 5.50032496e-01 8.55969131e-01
    -3.90813947e-01 6.28268600e-01 -9.01085138e-03 1.62509012e+00
    -6.01615846e-01 -6.71343446e-01 1.64155221e+00 1.24873590e+00
    4.21418607e-01 1.88607872e-01 -6.08465552e-01 1.04984808e+00
    1.63848877e+00 -9.59451199e-02 1.65687275e+00 5.64501584e-01
    -2.31035888e-01 6.39444113e-01 -1.90992773e-01 8.37541521e-01
    -1.04725957e-02 3.80629301e-03 4.86901224e-01 2.04130769e-01
    2.66741812e-01 2.84240663e-01 8.16087723e-01 1.46550369e+00
    5.63652277e-01 1.66770875e+00 4.52747822e-01 7.13556170e-01
    1.30896246e+00 1.49714601e+00 1.21419668e+00 7.11104870e-02
    2.00817585e-02 6.39655232e-01 8.98104012e-01 -1.55271411e-01
    1.55547428e+00 -6.28298461e-01 2.28301942e-01 6.18610144e-01
    3.88367772e-02 2.98622847e-01 -7.14325964e-01 -2.96566099e-01
    2.93009937e-01 1.76900244e+00 2.33646572e-01 -2.19779611e-02
    -5.14677525e-01 1.62035310e+00 2.92977870e-01 2.41949141e-01
    1.64092875e+00 -2.63545901e-01 -4.18604016e-01 -5.01350403e-01
    1.62962043e+00 -1.91690981e-01 3.37985873e-01 4.45310116e-01
    5.45183718e-01 1.04744935e+00 6.55984461e-01 1.25440288e+00
    1.36984992e+00 -7.38711774e-01 1.57350779e+00 1.53913701e+00
    6.20540917e-01 3.66599560e-02 1.43609452e+00 1.47519469e+00
    -5.67049921e-01 5.34963310e-01 1.43229890e+00 -3.88287246e-01
    1.82868958e-01 9.04074490e-01 1.38070321e+00 1.55461335e+00
    6.63646221e-01 5.97419322e-01 1.17733753e+00 1.33161724e+00
    1.03168833e+00 2.37068832e-01 -6.19491935e-02 9.36451018e-01
    -3.09732378e-01 8.91201317e-01 1.02228415e+00 1.11494350e+00
    5.25361657e-01 5.33069193e-01 6.67775750e-01 1.61454320e+00
    -4.10662055e-01 1.26309896e+00 6.67630017e-01 -2.75814503e-01
    4.27701592e-01 1.15855575e+00 1.02181792e+00 3.92008126e-01
    1.11956072e+00 1.07233191e+00 -5.01450539e-01 1.85774267e-01
    -3.33426863e-01 1.10142255e+00 2.17096090e-01 6.73198879e-01
    1.81811333e-01 6.00872099e-01 8.16041708e-01 1.01229131e+00
    -7.10743606e-01 1.66709614e+00 1.25276375e+00 -5.83240390e-02
    1.11434937e+00 8.28888416e-02 -1.06558502e-01 5.53188860e-01
    2.88511515e-01 6.72673464e-01 3.84290934e-01 1.87371969e-02
    5.35359383e-02 1.04644537e+00 1.33749521e+00 5.94326258e-01
    1.75428843e+00 -3.94257128e-01 -2.64046282e-01 -1.66396916e-01
    -2.28160113e-01 -6.83471859e-01 2.77627409e-01 1.42825496e+00
    6.45081282e-01 1.24709046e+00 7.61531234e-01 9.54517841e-01
    -5.83161533e-01 1.62553835e+00 2.84112811e-01 7.49698520e-01
    1.52061212e+00 4.08926964e-01 1.43681121e+00 1.15043604e+00
    -5.78437328e-01 -7.12717175e-02 -7.97457695e-02 1.24775863e+00</data></my_img>
<your_img type_id="opencv-matrix">
  <rows>128</rows>
  <cols>256</cols>
  <dt>f</dt>
  <data>
    4.92354900e-01 4.93614107e-01 4.96708691e-01 5.09323180e-01
    4.95649248e-01 4.95919764e-01 5.04103065e-01 5.09521961e-01
    5.07719576e-01 5.16939878e-01 5.11035621e-01 5.09574890e-01
    5.09221435e-01 5.05814552e-01 5.14492333e-01 5.15777707e-01
    5.23050427e-01 5.19234538e-01 5.23253441e-01 5.24915814e-01
    5.23849249e-01 5.35194218e-01 5.25939882e-01 5.18775344e-01
    5.13614953e-01 5.15022159e-01 5.12545586e-01 5.18328369e-01
    5.13649821e-01 5.18845141e-01 5.24524271e-01 5.18106639e-01
    5.15247107e-01 5.05460858e-01 5.08567333e-01 5.05203187e-01
    5.00851154e-01 4.95878488e-01 4.97282773e-01 5.00271797e-01
    5.00006199e-01 4.98125285e-01 4.97283876e-01 4.87769276e-01
    4.90925342e-01 4.91666228e-01 4.91534114e-01 4.83626932e-01
    4.83705461e-01 4.91172433e-01 5.02171576e-01 4.96726751e-01
    4.94184554e-01 5.01749575e-01 5.02843142e-01 5.08670926e-01
    5.09447873e-01 5.08343637e-01 5.09476364e-01 5.08513451e-01
    5.13297141e-01 5.13455868e-01 5.06630182e-01 5.02664268e-01
    5.06407559e-01 5.15964568e-01 5.08034348e-01 5.05027294e-01
    5.05331814e-01 5.03896773e-01 4.95638251e-01 4.98930871e-01
    4.91685569e-01 4.91592348e-01 4.95469093e-01 4.97086525e-01
    4.96706128e-01 4.92069274e-01 4.82721329e-01 4.89677191e-01
    4.94663000e-01 4.97208506e-01 4.89326119e-01 4.88140762e-01
    4.90466505e-01 4.90233719e-01 4.93226439e-01 4.99955803e-01
    4.93924350e-01 5.01473546e-01 5.06164491e-01 5.06527185e-01
    5.08260787e-01 5.09629786e-01 5.07147729e-01 5.10447860e-01
    5.13234198e-01 5.12150943e-01 5.06619275e-01 5.03875852e-01
    5.08776426e-01 5.05356073e-01 5.14417291e-01 5.14528751e-01
    5.10982692e-01 5.12279272e-01 5.00262201e-01 5.00399709e-01
    5.00904381e-01 5.00294685e-01 5.00864089e-01 5.09063482e-01
    5.04544497e-01 5.04014611e-01 5.08842766e-01 5.03487527e-01
    5.03836989e-01 4.99645829e-01 5.00394583e-01 4.98046070e-01
    5.12929857e-01 5.14089882e-01 5.17702997e-01 5.24991572e-01
    5.17908335e-01 5.10762990e-01 5.12535691e-01 5.07575929e-01
    5.09693921e-01 5.14917612e-01 5.14162183e-01 5.05196154e-01
    5.09444177e-01 5.03099918e-01 5.04302084e-01 4.94580209e-01
    4.93367165e-01 4.87188220e-01 4.84342277e-01 4.83212113e-01
    4.83276814e-01 4.88939226e-01 4.90911156e-01 4.82500225e-01
    4.82104778e-01 4.76744354e-01 4.75668877e-01 4.74160105e-01
    4.76874053e-01 4.80204612e-01 4.90601331e-01 4.85840291e-01
    4.98723388e-01 5.00321984e-01 4.95175600e-01 4.99290884e-01
    4.97408509e-01 4.94599909e-01 4.95982945e-01 5.00052154e-01
    5.06770611e-01 5.09825051e-01 5.15593231e-01 5.23210704e-01
    5.27131379e-01 5.28661907e-01 5.32711506e-01 5.22796512e-01
    5.24511755e-01 5.26075423e-01 5.23427784e-01 5.21250725e-01
    5.21222353e-01 5.22874951e-01 5.22404194e-01 5.20103395e-01
    5.24421632e-01 5.26710093e-01 5.25486112e-01 5.12831926e-01
    5.03966033e-01 4.97779071e-01 5.00089884e-01 4.87682313e-01
    4.95531470e-01 5.01842260e-01 4.92962033e-01 4.90521491e-01
    4.95787770e-01 4.97796029e-01 4.87551719e-01 4.81834412e-01
    4.84291911e-01 4.82814491e-01 4.83806372e-01 4.86164927e-01
    5.01782358e-01 5.06569326e-01 5.07646024e-01 5.02480745e-01
    5.05805314e-01 5.01656115e-01 4.91348118e-01 4.97378111e-01
    4.96455997e-01 4.89640325e-01 4.89353508e-01 4.98797387e-01
    5.05971014e-01 5.00562489e-01 4.97445136e-01 4.87037838e-01
    4.89149928e-01 4.83401895e-01 4.82604355e-01 4.90801543e-01
    4.86415386e-01 4.93490785e-01 4.87537205e-01 4.88190383e-01
    4.78406906e-01 4.84914213e-01 4.79099274e-01 4.75063086e-01
    4.73270804e-01 4.69859600e-01 4.83782709e-01 4.84281898e-01
    4.87858981e-01 4.80987400e-01 4.78875428e-01 4.78242338e-01
    4.68042552e-01 4.76288646e-01 4.77186739e-01 4.85762000e-01
    4.87657458e-01 4.99677718e-01 4.91448700e-01 5.05174160e-01
    5.03270566e-01 5.00942349e-01 4.96456981e-01 4.89105552e-01
    4.89904761e-01 4.90402728e-01 4.92520034e-01 4.95502025e-01
    4.94147032e-01 4.99948114e-01 5.02282798e-01 4.94684964e-01
    4.97775078e-01 4.98888403e-01 4.97367203e-01 4.95857000e-01
    4.86030608e-01 4.89106834e-01 4.89931554e-01 5.03807306e-01
    4.88855720e-01 4.89013910e-01 4.96325195e-01 5.01333535e-01
    4.99766916e-01 5.10632098e-01 5.05684495e-01 5.04064739e-01
    5.06111920e-01 5.05722463e-01 5.16768754e-01 5.18027544e-01
    5.24046957e-01 5.18569827e-01 5.19170165e-01 5.20863056e-01
    5.18532753e-01 5.27304769e-01 5.19800663e-01 5.14174640e-01
    5.12538135e-01 5.14575481e-01 5.11420429e-01 5.16405463e-01
    5.14525235e-01 5.16297638e-01 5.19976258e-01 5.10998607e-01
    5.06157696e-01 4.98211443e-01 5.03573656e-01 5.03149211e-01
    5.01121819e-01 4.94560063e-01 4.97247308e-01 5.00321627e-01
    4.97579664e-01 4.94871080e-01 4.96705145e-01 4.85533863e-01
    4.90377873e-01 4.89283592e-01 4.89722639e-01 4.83803034e-01
    4.86221582e-01 4.96682614e-01 5.07118165e-01 5.02708077e-01
    4.96844143e-01 5.05758107e-01 5.04526436e-01 5.13628602e-01
    5.14207840e-01 5.16448557e-01 5.16662717e-01 5.11745393e-01
    5.18349707e-01 5.16556919e-01 5.10090768e-01 5.06913662e-01
    5.07727325e-01 5.15181184e-01 5.04974902e-01 5.02120197e-01
    5.00577211e-01 5.00714898e-01 4.89438891e-01 4.93560463e-01
    4.84790832e-01 4.84007597e-01 4.84517366e-01 4.86318290e-01
    4.85327244e-01 4.80102867e-01 4.71456319e-01 4.75422204e-01
    4.77929801e-01 4.81928080e-01 4.72785562e-01 4.73639071e-01
    4.78508562e-01 4.79580522e-01 4.82058734e-01 4.87183243e-01
    4.83364075e-01 4.89381403e-01 4.92878318e-01 4.95298624e-01
    4.95844185e-01 4.98524129e-01 4.97213811e-01 5.01193166e-01
    5.06491601e-01 5.08153081e-01 5.03906310e-01 5.00741601e-01
    5.03937244e-01 4.97442156e-01 5.04041016e-01 5.05072474e-01
    5.04892051e-01 5.04660249e-01 4.93584216e-01 4.93845284e-01
    4.92772341e-01 4.93187845e-01 4.95155811e-01 5.03163576e-01
    4.97312993e-01 4.95541215e-01 4.97309327e-01 4.92975712e-01
    4.95979965e-01 4.92556006e-01 4.94516641e-01 4.94333684e-01
    5.07661939e-01 5.04884958e-01 5.09101927e-01 5.14068246e-01
    5.09341836e-01 5.04080653e-01 5.05089104e-01 4.98044431e-01
    4.98939216e-01 5.04720688e-01 5.07747948e-01 5.00776708e-01
    5.03054321e-01 4.97113883e-01 4.98930603e-01 4.90186304e-01
    4.87506002e-01 4.82758284e-01 4.83882010e-01 4.86264259e-01
    4.86375272e-01 4.90298867e-01 4.90493387e-01 4.86014485e-01
    4.85426188e-01 4.79772747e-01 4.78112727e-01 4.73364770e-01
    4.78655457e-01 4.82245803e-01 4.91722643e-01 4.87405509e-01
    4.99169320e-01 5.02657950e-01 4.98148084e-01 5.00436068e-01
    4.98452365e-01 4.94047403e-01 4.95430112e-01 5.00389338e-01
    5.01614511e-01 5.06592989e-01 5.14523447e-01 5.21571279e-01
    5.26357055e-01 5.25204182e-01 5.32072604e-01 5.21498203e-01
    5.21521866e-01 5.22959054e-01 5.19927144e-01 5.19638419e-01
    5.22688746e-01 5.22499681e-01 5.24716496e-01 5.25064826e-01
    5.29604256e-01 5.38151145e-01 5.36909401e-01 5.25097489e-01
    5.17656624e-01 5.10302067e-01 5.10609567e-01 4.96602267e-01
    5.04782856e-01 5.12064397e-01 5.04171312e-01 4.99137193e-01
    5.02368152e-01 5.01869559e-01 4.93053734e-01 4.86693442e-01
    4.87354457e-01 4.84961510e-01 4.83807653e-01 4.84049052e-01
    4.98348564e-01 5.00230908e-01 5.03272653e-01 5.00898540e-01
    5.01939237e-01 4.96194065e-01 4.85636622e-01 4.89326328e-01
    4.90978658e-01 4.83949423e-01 4.82601732e-01 4.90167111e-01
    4.98847455e-01 4.92521167e-01 4.91176128e-01 4.81448025e-01
    4.83137131e-01 4.76342589e-01 4.78413135e-01 4.85371441e-01
    4.83062357e-01 4.89738166e-01 4.84851569e-01 4.86345053e-01
    4.77269769e-01 4.80316401e-01 4.72910792e-01 4.71250892e-01
    4.69090223e-01 4.62981820e-01 4.77525920e-01 4.76235062e-01
    4.79267120e-01 4.75235552e-01 4.73422438e-01 4.74923134e-01
    4.67560083e-01 4.71778065e-01 4.74822581e-01 4.85843241e-01
    4.88112748e-01 4.98226851e-01 4.94331896e-01 5.07755816e-01
    5.04776955e-01 5.03102720e-01 5.01499534e-01 4.96981680e-01
    4.97919202e-01 4.97059047e-01 4.96245116e-01 4.98036951e-01
    4.93177295e-01 4.96221215e-01 4.99558777e-01 4.92064476e-01
    4.90583152e-01 4.90022689e-01 4.90542829e-01 4.87841427e-01
    4.72338527e-01 4.78168309e-01 4.78704542e-01 4.93391871e-01
    4.80889559e-01 4.83202159e-01 4.91858900e-01 4.98735279e-01
    4.97216493e-01 5.08924305e-01 5.05962610e-01 5.04365802e-01
    5.07710338e-01 5.08161724e-01 5.19818902e-01 5.23341954e-01
    5.30344129e-01 5.24640739e-01 5.23082852e-01 5.22460818e-01
    5.18593907e-01 5.25791466e-01 5.17576754e-01 5.11659563e-01
    5.08662879e-01 5.10985851e-01 5.10089517e-01 5.14841080e-01
    5.10872602e-01 5.12030125e-01 5.14672220e-01 5.02283633e-01
    4.97264296e-01 4.89794075e-01 4.95746344e-01 4.94576007e-01
    4.95304734e-01 4.91684556e-01 4.91236538e-01 4.97543424e-01
    4.94259089e-01 4.92581844e-01 4.93473530e-01 4.78711456e-01
    4.85563695e-01 4.86828595e-01 4.88119692e-01 4.82239336e-01
    4.85042840e-01 4.94299531e-01 5.05072474e-01 5.00937402e-01
    4.96859252e-01 5.03187954e-01 4.99083996e-01 5.11391521e-01
    5.10972798e-01 5.11348069e-01 5.13352871e-01 5.09789526e-01
    5.17251909e-01 5.12696683e-01 5.06645918e-01 5.02255023e-01
    5.04890561e-01 5.13475001e-01 5.01421273e-01 4.98304725e-01
    4.97515798e-01 4.95885253e-01 4.87491220e-01 4.95288789e-01
    4.84520674e-01 4.85139996e-01 4.88874495e-01 4.89969611e-01
    4.86646086e-01 4.83083099e-01 4.77304846e-01 4.83060420e-01
    4.87584680e-01 4.89477277e-01 4.79782820e-01 4.86299694e-01
    4.90366787e-01 4.92181093e-01 4.97162431e-01 5.01420796e-01
    4.94768977e-01 4.99960661e-01 4.99650240e-01 5.00762999e-01
    4.99114722e-01 5.05724907e-01 5.05772054e-01 5.11479616e-01
    5.14656544e-01 5.15762448e-01 5.12688398e-01 5.08159876e-01
    5.11352241e-01 5.04497290e-01 5.10445237e-01 5.06617308e-01
    5.06669402e-01 5.06934047e-01 4.99949813e-01 5.00276506e-01
    4.99178916e-01 5.00346959e-01 4.99816656e-01 5.04503965e-01
    4.94257271e-01 4.92256314e-01 4.92594808e-01 4.89838511e-01
    4.96281654e-01 4.89762962e-01 4.89711732e-01 4.89922404e-01
    5.04726231e-01 5.02532125e-01 5.09847701e-01 5.13997614e-01
    5.08419037e-01 5.03958404e-01 5.03119648e-01 4.98841822e-01
    5.03456354e-01 5.08909822e-01 5.13373256e-01 5.05419850e-01
    5.04392326e-01 4.94546652e-01 4.96113390e-01 4.90288317e-01
    4.87351000e-01 4.83489931e-01 4.83599007e-01 4.83189702e-01
    4.82193798e-01 4.89171505e-01 4.88907754e-01 4.86917913e-01
    4.87431943e-01 4.79635388e-01 4.81100023e-01 4.74713773e-01
    4.79826003e-01 4.84068394e-01 4.96715635e-01 4.93980169e-01
    5.04839718e-01 5.06970525e-01 5.04855752e-01 5.09426057e-01
    5.09081781e-01 5.05004942e-01 5.05626142e-01 5.10919273e-01
    5.10300279e-01 5.14351130e-01 5.20911515e-01 5.25781214e-01
    5.32371819e-01 5.30926347e-01 5.35851479e-01 5.22816300e-01
    5.22214592e-01 5.23522913e-01 5.21978378e-01 5.19529700e-01
    5.22033632e-01 5.20186901e-01 5.24149179e-01 5.22631943e-01
    5.26236236e-01 5.35787642e-01 5.33867896e-01 5.24956167e-01
    5.19597888e-01 5.09481251e-01 5.13105750e-01 5.01473963e-01
    5.09205699e-01 5.15180528e-01 5.09058356e-01 5.03150940e-01
    5.08751988e-01 5.06877303e-01 4.98652518e-01 4.90558982e-01
    4.91225719e-01 4.88964051e-01 4.89328831e-01 4.88853335e-01
    5.02645731e-01 5.05918443e-01 5.09904325e-01 5.07178247e-01
    5.09595513e-01 5.08307159e-01 4.96620238e-01 4.99821037e-01
    5.03606498e-01 4.92203534e-01 4.90330279e-01 4.95413959e-01
    5.03796816e-01 4.99347091e-01 5.01367211e-01 4.90491211e-01
    4.90253597e-01 4.81625259e-01 4.81591225e-01 4.89054799e-01
    4.85948443e-01 4.89506900e-01 4.81735289e-01 4.86177683e-01
    4.73855525e-01 4.75715101e-01 4.72022474e-01 4.72133189e-01
    4.72945094e-01 4.66606379e-01 4.81212020e-01 4.74881589e-01
    4.78201121e-01 4.78917986e-01 4.76470321e-01 4.76836503e-01
    4.69487101e-01 4.72634256e-01 4.74728525e-01 4.84928131e-01
    4.85818297e-01 4.98934567e-01 4.91571933e-01 5.01653731e-01
    4.97680336e-01 4.94796097e-01 4.92910087e-01 4.87272501e-01
    4.87530559e-01 4.85557079e-01 4.80247438e-01 4.83321100e-01
    4.76683050e-01 4.77515489e-01 4.79618818e-01 4.74433869e-01
    4.74214226e-01 4.75876629e-01 4.74146515e-01 4.73030448e-01
    4.74857509e-01 4.78708059e-01 4.78781641e-01 4.92539018e-01
    4.82127666e-01 4.85177487e-01 4.91837621e-01 4.99405831e-01
    4.96654302e-01 5.05692363e-01 5.02791822e-01 4.99689937e-01
    4.98830795e-01 4.99899417e-01 5.13426721e-01 5.13416588e-01
    5.18191874e-01 5.12863278e-01 5.12599766e-01 5.12744069e-01
    5.08771837e-01 5.15787363e-01 5.02268672e-01 4.96146828e-01
    4.92961138e-01 4.98022705e-01 4.95606214e-01 4.98728365e-01
    4.92426366e-01 4.94606555e-01 4.97148424e-01 4.84414965e-01
    4.84947383e-01 4.81391400e-01 4.87581700e-01 4.84187037e-01
    4.87409115e-01 4.83771473e-01 4.83246416e-01 4.93449032e-01
    4.93073612e-01 4.88277882e-01 4.89073694e-01 4.76746500e-01
    4.84844059e-01 4.90424931e-01 4.95034426e-01 4.88622755e-01
    4.91901100e-01 4.98272210e-01 5.05625546e-01 5.04034221e-01
    5.00483811e-01 5.04161298e-01 5.01783073e-01 5.12050688e-01
    5.10191441e-01 5.11075437e-01 5.17248631e-01 5.08898556e-01
    5.17510176e-01 5.15446186e-01 5.05894065e-01 4.98695940e-01
    5.01673043e-01 5.07967770e-01 4.96280462e-01 4.95662034e-01
    4.90011603e-01 4.89795148e-01 4.81240004e-01 4.85618979e-01
    4.75264162e-01 4.74284679e-01 4.78693813e-01 4.80252862e-01
    4.77792650e-01 4.74673659e-01 4.67256606e-01 4.73142624e-01
    4.78605866e-01 4.80796695e-01 4.70754325e-01 4.77539062e-01
    4.80602473e-01 4.86362189e-01 4.90797013e-01 4.97662038e-01
    4.95431483e-01 4.98895794e-01 5.02160013e-01 5.01145780e-01
    4.98960674e-01 5.06742716e-01 5.04988551e-01 5.10825038e-01
    5.16872764e-01 5.16816914e-01 5.16520023e-01 5.13797581e-01
    5.15779078e-01 5.06145418e-01 5.08310497e-01 5.05870938e-01
    5.04833877e-01 5.03679395e-01 5.00747859e-01 5.01021504e-01
    5.02652287e-01 5.05277216e-01 5.05830109e-01 5.08881390e-01
    4.95168775e-01 4.93950605e-01 4.95471030e-01 4.90750223e-01
    4.98775184e-01 4.93474394e-01 4.93397713e-01 4.95624542e-01
    5.10061502e-01 5.06967306e-01 5.14566183e-01 5.18461049e-01
    5.10135174e-01 5.04188716e-01 4.99593109e-01 4.96207654e-01
    5.02925277e-01 5.10337949e-01 5.10190785e-01 4.99436349e-01
    5.02181351e-01 4.92229253e-01 4.92683321e-01 4.88821536e-01
    4.85977650e-01 4.81472790e-01 4.86153513e-01 4.84890550e-01
    4.81562167e-01 4.89478201e-01 4.88286436e-01 4.89271790e-01
    4.89203840e-01 4.79694337e-01 4.82081056e-01 4.80682552e-01
    4.87662226e-01 4.88757461e-01 4.99150753e-01 4.98388648e-01
    5.09887695e-01 5.10184646e-01 5.09643078e-01 5.11814296e-01
    5.13752162e-01 5.11643410e-01 5.13635218e-01 5.18792093e-01
    5.14623344e-01 5.19452274e-01 5.25925934e-01 5.31012118e-01
    5.37386060e-01 5.37453651e-01 5.41325629e-01 5.30628920e-01
    5.29629946e-01 5.27625203e-01 5.26380658e-01 5.23767054e-01
    5.25635660e-01 5.21358967e-01 5.23684621e-01 5.20414591e-01
    5.22503316e-01 5.31200945e-01 5.28673112e-01 5.21386564e-01
    5.15634656e-01 5.05572319e-01 5.09401023e-01 4.99449521e-01
    5.05021989e-01 5.10119379e-01 5.05561292e-01 5.01960397e-01
    5.06042063e-01 5.03649831e-01 4.97491509e-01 4.91382062e-01
    4.93270516e-01 4.94155139e-01 4.94262755e-01 4.94376928e-01
    5.08836746e-01 5.09928405e-01 5.10437965e-01 5.05595028e-01
    5.06885052e-01 5.07160008e-01 4.96834964e-01 5.03108263e-01
    5.07924259e-01 4.95958567e-01 4.94747639e-01 4.98176277e-01
    5.06591916e-01 5.02140105e-01 5.02134800e-01 4.93816584e-01
    4.92629200e-01 4.83507305e-01 4.85530585e-01 4.91325408e-01
    4.91514653e-01 4.97466415e-01 4.91440028e-01 4.96072263e-01
    4.80669767e-01 4.79929715e-01 4.78296220e-01 4.76780504e-01
    4.77353007e-01 4.70279098e-01 4.86270100e-01 4.83653396e-01
    4.87561077e-01 4.87243801e-01 4.83069569e-01 4.84568179e-01
    4.80095804e-01 4.80801433e-01 4.80889678e-01 4.87872481e-01
    4.86566037e-01 5.00403941e-01 4.96343851e-01 5.05121052e-01
    5.03285289e-01 4.98413831e-01 4.96045798e-01 4.87916142e-01
    4.87113833e-01 4.83833283e-01 4.79508489e-01 4.84556437e-01
    4.77722824e-01 4.78881925e-01 4.82903242e-01 4.79866982e-01
    4.78632987e-01 4.79221076e-01 4.78540331e-01 4.76341784e-01
    4.77177233e-01 4.81947482e-01 4.80493516e-01 4.90371794e-01
    4.80619013e-01 4.85346109e-01 4.92857695e-01 4.99705374e-01
    4.97175872e-01 5.06058276e-01 5.04675925e-01 4.99777317e-01
    4.95759606e-01 4.94837493e-01 5.09396851e-01 5.12701452e-01
    5.15762210e-01 5.10286510e-01 5.10770619e-01 5.10203600e-01
    5.08288741e-01 5.15812039e-01 5.03464341e-01 4.96115863e-01
    4.92752701e-01 4.94016439e-01 4.92885202e-01 4.96656895e-01
    4.91519928e-01 4.96489942e-01 4.99690592e-01 4.86252159e-01
    4.83987987e-01 4.82036471e-01 4.86684948e-01 4.83467937e-01
    4.87998247e-01 4.85864639e-01 4.85040873e-01 4.93293196e-01
    4.94243115e-01 4.87744957e-01 4.89479631e-01 4.76462245e-01
    4.83858228e-01 4.88293678e-01 4.89180654e-01 4.81756836e-01
    4.85786647e-01 4.91514325e-01 4.96135414e-01 4.93900657e-01
    4.90979850e-01 4.93804842e-01 4.88887221e-01 4.96970922e-01
    4.97725219e-01 4.99913841e-01 5.05132258e-01 4.94327784e-01
    5.02382755e-01 5.00215232e-01 4.91224140e-01 4.87041444e-01
    4.88943905e-01 4.95872408e-01 4.87171233e-01 4.88072753e-01
    4.84558940e-01 4.83891338e-01 4.77598220e-01 4.83622730e-01
    4.74409670e-01 4.73283052e-01 4.76975948e-01 4.83196229e-01
    4.84335423e-01 4.82183784e-01 4.73076910e-01 4.79213089e-01
    4.84328449e-01 4.85800236e-01 4.77658838e-01 4.82485831e-01
    4.84398425e-01 4.88127291e-01 4.95009512e-01 5.00581086e-01
    4.95918125e-01 4.98936296e-01 4.99352247e-01 5.00391543e-01
    4.97553736e-01 5.06160200e-01 5.03696144e-01 5.10152638e-01
    5.14590323e-01 5.14939249e-01 5.17389715e-01 5.11840701e-01
    5.11547625e-01 5.04533410e-01 5.08871973e-01 5.02581835e-01
    5.02985895e-01 5.03173828e-01 5.02621710e-01 5.03849924e-01
    5.01114964e-01 5.01159191e-01 5.01859784e-01 5.04316151e-01
    4.88286257e-01 4.86486912e-01 4.88040298e-01 4.82647300e-01
    4.88769442e-01 4.84148204e-01 4.80955988e-01 4.83969420e-01
    4.99846280e-01 4.94650632e-01 5.02006173e-01 5.07584453e-01
    5.00263155e-01 4.98369813e-01 4.95647252e-01 4.91920918e-01
    5.00617504e-01 5.10173082e-01 5.11854887e-01 5.00474811e-01
    5.04705012e-01 4.96002793e-01 4.96280104e-01 4.93178934e-01
    4.90580916e-01 4.85256672e-01 4.90089685e-01 4.87516612e-01
    4.81304169e-01 4.88060057e-01 4.86571431e-01 4.89639938e-01
    4.87549007e-01 4.77016926e-01 4.78524566e-01 4.76340473e-01
    4.83507395e-01 4.82880056e-01 4.96272385e-01 4.99007344e-01
    5.11967897e-01 5.12106299e-01 5.11351407e-01 5.14005542e-01
    5.15570104e-01 5.11409879e-01 5.15961945e-01 5.19915462e-01
    5.14875531e-01 5.19638121e-01 5.26426375e-01 5.29974401e-01
    5.35838962e-01 5.37469864e-01 5.41639388e-01 5.27212441e-01
    5.26241839e-01 5.23462534e-01 5.21339417e-01 5.19025803e-01
    5.21607161e-01 5.18824458e-01 5.24822891e-01 5.18937230e-01
    5.19296408e-01 5.25594890e-01 5.25796533e-01 5.17691612e-01
    5.14349341e-01 5.08095086e-01 5.10878384e-01 4.99047279e-01
    5.06898344e-01 5.11067808e-01 5.05998969e-01 5.04784286e-01
    5.08713245e-01 5.05482852e-01 5.00846386e-01 4.93238151e-01
    4.95433807e-01 4.98070657e-01 4.96299207e-01 4.94745523e-01
    5.09901285e-01 5.12465298e-01 5.11337996e-01 5.09045362e-01
    5.13018191e-01 5.13516068e-01 5.04909575e-01 5.11375368e-01
    5.16557038e-01 5.07243037e-01 5.07206261e-01 5.10149896e-01
    5.18606782e-01 5.13210475e-01 5.14151335e-01 5.07867992e-01
    5.05244792e-01 4.95356262e-01 4.97101963e-01 5.00916719e-01
    4.98642206e-01 5.05244851e-01 4.99948323e-01 5.01994967e-01
    4.89364326e-01 4.86364990e-01 4.82082784e-01 4.76996005e-01
    4.75216746e-01 4.68451291e-01 4.86749709e-01 4.81063217e-01
    4.86197442e-01 4.90121901e-01 4.85264212e-01 4.85429943e-01
    4.83051717e-01 4.83098507e-01 4.83726948e-01 4.89935815e-01
    4.87443537e-01 4.99321550e-01 4.91995841e-01 5.01410365e-01
    5.00244439e-01 4.97921079e-01 4.97584790e-01 4.88463849e-01
    4.86413985e-01 4.80689645e-01 4.74963963e-01 4.82782096e-01
    4.76279855e-01 4.76282120e-01 4.82242286e-01 4.78666872e-01
    4.78468746e-01 4.78788227e-01 4.77208346e-01 4.78179604e-01
    4.73894924e-01 4.79689062e-01 4.82095033e-01 4.90402818e-01
    4.80453491e-01 4.86235112e-01 4.92667139e-01 4.98185843e-01
    4.97568876e-01 5.05895853e-01 5.03618956e-01 5.01643658e-01
    4.97909129e-01 4.97272938e-01 5.12569189e-01 5.13592124e-01
    5.17355502e-01 5.12929142e-01 5.12967885e-01 5.09388864e-01
    5.06449044e-01 5.16115248e-01 5.01258850e-01 4.96833444e-01
    4.93955910e-01 4.94651854e-01 4.92835730e-01 4.96733427e-01
    4.93160337e-01 4.96124268e-01 4.98833537e-01 4.85353529e-01
    4.85378861e-01 4.83812779e-01 4.87965375e-01 4.87273932e-01
    4.90936875e-01 4.89346772e-01 4.85355973e-01 4.96613473e-01
    4.96571988e-01 4.91208076e-01 4.93736506e-01 4.80704248e-01
    4.89871353e-01 4.93662208e-01 4.96476203e-01 4.88219112e-01
    4.92050201e-01 4.95224655e-01 4.99265403e-01 4.99185890e-01
    4.96004462e-01 4.99699324e-01 4.94488537e-01 5.02412558e-01
    5.01574278e-01 5.05711257e-01 5.09178638e-01 4.95427072e-01
    5.05092680e-01 5.05008459e-01 4.95965868e-01 4.89877999e-01
    4.95957404e-01 5.01377106e-01 4.97988075e-01 4.98104751e-01
    4.92604136e-01 4.89454031e-01 4.84347314e-01 4.89669621e-01
    4.80913758e-01 4.81676936e-01 4.81138051e-01 4.88863975e-01
    4.93465096e-01 4.89999205e-01 4.79876786e-01 4.83444721e-01
    4.91510659e-01 4.90177274e-01 4.81670231e-01 4.82027262e-01
    4.83491600e-01 4.87945616e-01 4.93802756e-01 4.98371631e-01
    4.95716959e-01 5.00400662e-01 4.98290032e-01 5.01448750e-01
    4.97373611e-01 5.04969954e-01 5.02767026e-01 5.08249640e-01
    5.15050828e-01 5.14301777e-01 5.16810954e-01 5.13728857e-01
    5.12524962e-01 5.06546319e-01 5.06172180e-01 5.03066242e-01
    5.05235672e-01 5.06454408e-01 5.05519688e-01 5.06612301e-01
    5.06834745e-01 5.07034779e-01 5.09946764e-01 5.10249972e-01
    4.93431687e-01 4.90948886e-01 4.89021540e-01 4.85647440e-01
    4.88428146e-01 4.86147612e-01 4.82847542e-01 4.90657896e-01
    5.04196763e-01 4.97292787e-01 5.01414001e-01 5.05217731e-01
    5.00457764e-01 4.96036857e-01 4.93457317e-01 4.88375068e-01
    4.97960061e-01 5.07227063e-01 5.10423303e-01 5.01757562e-01
    5.01223862e-01 4.95948702e-01 4.96951431e-01 4.95491058e-01
    4.90964115e-01 4.84415352e-01 4.89345908e-01 4.87849444e-01
    4.78781343e-01 4.85767812e-01 4.86589521e-01 4.90799040e-01
    4.89232630e-01 4.80125457e-01 4.83593971e-01 4.78153467e-01
    4.84225184e-01 4.85491008e-01 4.98158544e-01 4.99530107e-01
    5.11117756e-01 5.10294914e-01 5.11336327e-01 5.14423370e-01
    5.14838517e-01 5.14514148e-01 5.19948542e-01 5.23685873e-01
    5.20506501e-01 5.24764836e-01 5.31178832e-01 5.33064127e-01
    5.38905382e-01 5.39551497e-01 5.41676283e-01 5.28020322e-01
    5.27716339e-01 5.24230838e-01 5.22629261e-01 5.20772457e-01
    5.22603869e-01 5.19639075e-01 5.23499489e-01 5.17140150e-01
    5.17073929e-01 5.19050837e-01 5.18692255e-01 5.09648144e-01
    5.08733869e-01 5.02539039e-01 5.07082343e-01 4.97145593e-01
    5.03916204e-01 5.06581843e-01 5.03119648e-01 5.00276446e-01
    5.02869964e-01 5.01913846e-01 4.97256219e-01 4.90722150e-01
    4.88689989e-01 4.88417745e-01 4.86312509e-01 4.83362526e-01
    4.98622268e-01 4.99698311e-01 5.00381470e-01 4.95830059e-01
    5.00915945e-01 5.00895977e-01 4.94650602e-01 5.02022088e-01
    5.09812891e-01 5.00788212e-01 4.99175370e-01 5.02021670e-01
    5.10725975e-01 5.07579386e-01 5.08319616e-01 5.04849374e-01
    5.05839527e-01 4.96645212e-01 4.97174293e-01 5.02533257e-01
    5.02407253e-01 5.08246183e-01 5.01993954e-01 5.04146159e-01
    4.90877092e-01 4.87356693e-01 4.84482974e-01 4.80562925e-01
    4.79648352e-01 4.73349452e-01 4.89278197e-01 4.85387743e-01
    4.89659876e-01 4.93428528e-01 4.87897217e-01 4.87038165e-01
    4.81774479e-01 4.81053948e-01 4.83638346e-01 4.89187121e-01
    4.87299472e-01 4.98153806e-01 4.92380112e-01 5.03549337e-01
    5.00167668e-01 4.96802688e-01 4.98622745e-01 4.92280036e-01
    4.90009725e-01 4.83118445e-01 4.76251036e-01 4.82219368e-01
    4.78465825e-01 4.78184402e-01 4.83008653e-01 4.78636235e-01
    4.81238782e-01 4.79029685e-01 4.77848142e-01 4.77111667e-01
    4.73241568e-01 4.78520274e-01 4.77581650e-01 4.86415654e-01
    4.77332592e-01 4.84340787e-01 4.90892202e-01 4.95095253e-01
    4.96824622e-01 5.02922416e-01 5.01215398e-01 5.00381768e-01
    4.98230577e-01 4.97744322e-01 5.10667384e-01 5.10985434e-01
    5.15188098e-01 5.11424780e-01 5.07962048e-01 5.06084323e-01
    5.03716707e-01 5.14952719e-01 5.02330482e-01 4.97367144e-01
    4.97008175e-01 4.93887424e-01 4.95309323e-01 4.98666167e-01
    4.95569944e-01 4.98566657e-01 4.99334842e-01 4.86801028e-01
    4.88547474e-01 4.83788759e-01 4.86601979e-01 4.89036083e-01
    4.90033716e-01 4.86784339e-01 4.81837958e-01 4.89587098e-01
    4.92122501e-01 4.86530900e-01 4.91608292e-01 4.78386968e-01
    4.87120360e-01 4.91330475e-01 4.94198352e-01 4.87651855e-01
    4.91967857e-01 4.96964842e-01 5.01501381e-01 5.01685917e-01
    4.98350382e-01 5.04854262e-01 4.99913037e-01 5.07052362e-01
    5.07387996e-01 5.13316751e-01 5.15472412e-01 5.01498997e-01
    5.08355141e-01 5.10087013e-01 5.00495732e-01 4.92243111e-01
    4.99237567e-01 5.04790187e-01 4.99492139e-01 5.03578186e-01
    4.98957753e-01 4.97909814e-01 4.91040915e-01 4.93680984e-01
    4.84279245e-01 4.86844718e-01 4.85490382e-01 4.94055510e-01
    4.98660654e-01 4.97428507e-01 4.87152487e-01 4.88833308e-01
    4.97004598e-01 4.95067537e-01 4.84145135e-01 4.86296624e-01
    4.85333800e-01 4.89885390e-01 4.93005425e-01 4.99865711e-01
    4.99109447e-01 5.04950583e-01 5.02860069e-01 5.05961120e-01
    5.02972841e-01 5.07477403e-01 5.08273005e-01 5.12762904e-01
    5.19306898e-01 5.18990278e-01 5.22468090e-01 5.18990934e-01
    5.18191397e-01 5.14132619e-01 5.13048232e-01 5.07779479e-01
    5.07744670e-01 5.09106517e-01 5.08074224e-01 5.08035362e-01
    5.09300172e-01 5.10830462e-01 5.16705871e-01 5.15331388e-01
    4.99024421e-01 4.98045772e-01 4.98678535e-01 4.95471060e-01
    5.00552714e-01 4.96259153e-01 4.90889102e-01 4.98789638e-01
    5.14435232e-01 5.07234216e-01 5.10708690e-01 5.13348162e-01
    5.05605638e-01 4.98982310e-01 4.95041579e-01 4.91222471e-01
    4.96744752e-01 5.02446592e-01 5.02810240e-01 4.94559765e-01
    4.92164582e-01 4.88260955e-01 4.87849593e-01 4.86513346e-01
    4.79906529e-01 4.74704087e-01 4.82287198e-01 4.80860472e-01
    4.72289503e-01 4.82819349e-01 4.85067666e-01 4.88652796e-01
    4.85364020e-01 4.79381144e-01 4.85262483e-01 4.84563679e-01
    4.90658700e-01 4.91801202e-01 5.00114143e-01 5.02656758e-01
    5.14366448e-01 5.14399350e-01 5.14615119e-01 5.13002157e-01
    5.16215265e-01 5.18586457e-01 5.21902978e-01 5.24887383e-01
    5.23203671e-01 5.29723346e-01 5.35717547e-01 5.40887475e-01
    5.43943822e-01 5.42619228e-01 5.45926690e-01 5.35042882e-01
    5.33454478e-01 5.28978229e-01 5.27331829e-01 5.24428129e-01
    5.28422594e-01 5.22247136e-01 5.24776936e-01 5.21287978e-01
    5.20788789e-01 5.20692229e-01 5.19220650e-01 5.11972845e-01
    5.10132074e-01 5.04714072e-01 5.06241202e-01 4.99513209e-01
    5.05892813e-01 5.08898973e-01 5.05329013e-01 5.02059340e-01
    5.05843282e-01 5.04977107e-01 5.00995040e-01 4.93054301e-01
    4.88956451e-01 4.86802191e-01 4.85577136e-01 4.80841905e-01
    4.93853033e-01 4.92813498e-01 4.95108306e-01 4.94610876e-01
    4.98466790e-01 4.97416764e-01 4.92760748e-01 4.98705864e-01
    5.07905662e-01 5.00497222e-01 4.99682397e-01 5.01238704e-01
    5.08117676e-01 5.04800022e-01 5.05589068e-01 5.02024412e-01
    5.04130185e-01 4.93172914e-01 4.93224740e-01 4.97476310e-01
    4.96292204e-01 4.99669194e-01 4.95205790e-01 4.98931438e-01
    4.88397717e-01 4.83035773e-01 4.79457736e-01 4.76431668e-01
    4.79614019e-01 4.78510052e-01 4.92729217e-01 4.90470469e-01
    4.94511902e-01 4.95941162e-01 4.93654370e-01 4.92130786e-01
    4.86907482e-01 4.87712681e-01 4.93183225e-01 5.00767231e-01
    4.95719492e-01 5.05511701e-01 5.01824021e-01 5.10850012e-01
    5.07710934e-01 5.04842460e-01 5.04507482e-01 4.99024123e-01
    4.95688230e-01 4.87446874e-01 4.80669767e-01 4.85613525e-01
    4.82939422e-01 4.81633157e-01 4.84586418e-01 4.77396190e-01
    4.76411998e-01 4.76796627e-01 4.75222111e-01 4.75152373e-01
    4.68801916e-01 4.74949211e-01 4.73623902e-01 4.80172724e-01
    4.74939555e-01 4.83095556e-01 4.88177150e-01 4.93970692e-01
    4.97322917e-01 5.01485527e-01 5.01210630e-01 5.01132309e-01
    4.96754527e-01 4.95604068e-01 5.10084391e-01 5.11386335e-01
    5.16337454e-01 5.14557898e-01 5.08260131e-01 5.06585419e-01
    5.01873732e-01 5.11824489e-01 5.02237499e-01 5.00316799e-01
    4.99490619e-01 4.96290445e-01 4.99424875e-01 5.04129767e-01
    5.00432909e-01 5.05237639e-01 5.09155691e-01 4.94233400e-01
    4.98775333e-01 4.94914949e-01 4.97472644e-01 4.99460250e-01
    4.98660415e-01 4.97864634e-01 4.92039174e-01 4.95590031e-01
    4.95242387e-01 4.92084593e-01 4.99595225e-01 4.86235529e-01
    4.91873682e-01 4.98342872e-01 5.01438916e-01 4.94203269e-01
    4.98218477e-01 5.00948787e-01 5.05537212e-01 5.02048433e-01
    5.00901580e-01 5.04451871e-01 4.99544948e-01 5.05534768e-01
    5.08186877e-01 5.14899790e-01 5.16626179e-01 5.01150548e-01
    5.09278774e-01 5.14541805e-01 5.00620306e-01 4.91846502e-01
    4.99371290e-01 5.04031777e-01 4.98635679e-01 5.02120674e-01
    4.98476803e-01 4.95246589e-01 4.90849882e-01 4.94971901e-01
    4.85673279e-01 4.89316374e-01 4.89009589e-01 4.99313951e-01
    5.05796850e-01 5.02259731e-01 4.88979429e-01 4.92111355e-01
    4.99097735e-01 4.95666057e-01 4.87043560e-01 4.91436571e-01
    4.92585540e-01 4.95525002e-01 5.00727534e-01 5.06742716e-01
    5.03272057e-01 5.10789454e-01 5.07348895e-01 5.08637249e-01
    5.03789544e-01 5.07014871e-01 5.09259820e-01 5.14665365e-01
    5.18080950e-01 5.19705415e-01 5.20890296e-01 5.16553521e-01
    5.13540208e-01 5.07990539e-01 5.09546041e-01 5.01900673e-01
    5.00744641e-01 5.02344608e-01 5.02406895e-01 5.03153861e-01
    5.08264422e-01 5.11645436e-01 5.19736111e-01 5.19720793e-01
    5.02467275e-01 5.05482972e-01 5.06510019e-01 5.08104980e-01
    5.15804231e-01 5.09283483e-01 5.02165258e-01 5.09329855e-01
    5.24322569e-01 5.16613066e-01 5.24381816e-01 5.25909126e-01
    5.19138694e-01 5.11485696e-01 5.05293131e-01 4.98723805e-01
    5.00197887e-01 5.09116054e-01 5.10512710e-01 5.02102971e-01
    4.97231603e-01 4.89883214e-01 4.89821255e-01 4.91285115e-01
    4.84699547e-01 4.82421786e-01 4.92701888e-01 4.86269265e-01
    4.80644941e-01 4.88648981e-01 4.90987122e-01 4.95357215e-01
    4.93175387e-01 4.89414752e-01 4.94794130e-01 4.94328052e-01
    4.98641074e-01 4.99029070e-01 5.06659806e-01 5.13654411e-01
    5.22821546e-01 5.22894859e-01 5.21816373e-01 5.20435214e-01
    5.25743842e-01 5.26280344e-01 5.29205084e-01 5.31758964e-01
    5.27381480e-01 5.31397581e-01 5.37905216e-01 5.40758431e-01
    5.40102422e-01 5.37823081e-01 5.41838109e-01 5.32332242e-01
    5.30479193e-01 5.26112676e-01 5.26963770e-01 5.22040069e-01
    5.25134087e-01 5.18728018e-01 5.20623684e-01 5.18612564e-01
    5.16697407e-01 5.16561031e-01 5.16536832e-01 5.08992076e-01
    5.06547272e-01 5.03770173e-01 5.04982710e-01 4.99135166e-01
    5.05797088e-01 5.04575014e-01 5.01665115e-01 4.94980067e-01
    4.98614341e-01 4.98987585e-01 4.97315079e-01 4.91234571e-01
    4.88877922e-01 4.85599399e-01 4.84974623e-01 4.81021971e-01
    4.95196581e-01 4.94163424e-01 4.94668394e-01 4.96773481e-01
    5.00981033e-01 5.00717103e-01 4.98684138e-01 5.03378749e-01
    5.13984382e-01 5.09709060e-01 5.06754518e-01 5.07311940e-01
    5.12514591e-01 5.08474946e-01 5.10711312e-01 5.06249189e-01
    5.08958697e-01 4.97486353e-01 4.97330338e-01 5.03039420e-01
    4.98547822e-01 5.02406061e-01 4.99980688e-01 5.03015280e-01
    4.96448308e-01 4.89995599e-01 4.85617131e-01 4.81881291e-01
    4.86049205e-01 4.82099354e-01 4.94906813e-01 4.92596388e-01
    4.98870015e-01 4.97532517e-01 4.95946139e-01 4.96432364e-01
    4.91143942e-01 4.95861679e-01 4.99119908e-01 5.05739033e-01
    5.00113785e-01 5.07449031e-01 5.04125535e-01 5.12823284e-01
    5.13544619e-01 5.11156321e-01 5.15063822e-01 5.06801486e-01
    5.01524806e-01 4.93691623e-01 4.85057622e-01 4.86528724e-01
    4.83069539e-01 4.80183721e-01 4.81461734e-01 4.76541609e-01
    4.72479045e-01 4.74910587e-01 4.70693558e-01 4.70883667e-01
    4.63789731e-01 4.73025262e-01 4.72438663e-01 4.82371688e-01
    4.80274051e-01 4.85255718e-01 4.89297718e-01 4.92924422e-01
    4.98259455e-01 5.00586927e-01 5.00342429e-01 4.99887913e-01
    4.92863148e-01 4.94556844e-01 5.07310450e-01 5.07413447e-01
    5.13827205e-01 5.11731565e-01 5.05135715e-01 5.04071176e-01
    4.97175306e-01 5.04674256e-01 4.98707384e-01 4.99213934e-01
    4.98037785e-01 4.94833052e-01 4.98525500e-01 5.06832540e-01
    5.03652275e-01 5.08044899e-01 5.08868575e-01 4.95970249e-01
    5.00494897e-01 4.99156594e-01 5.04383922e-01 5.07007241e-01
    5.05847514e-01 5.04970193e-01 4.97061998e-01 4.98710066e-01
    4.94690746e-01 4.92845297e-01 4.99698073e-01 4.85855281e-01
    4.89759088e-01 4.99156594e-01 5.05042791e-01 5.00467539e-01
    5.02056122e-01 5.04315019e-01 5.05446613e-01 5.00704765e-01
    4.99155551e-01 5.04562259e-01 4.99816030e-01 5.08032382e-01
    5.09401381e-01 5.17668784e-01 5.20569384e-01 5.03783345e-01
    5.11875272e-01 5.15438318e-01 5.00860155e-01 4.90179479e-01
    4.97332364e-01 5.01980722e-01 4.96861160e-01 4.98251736e-01
    4.94244516e-01 4.93513554e-01 4.85346615e-01 4.86642033e-01
    4.80391294e-01 4.85606551e-01 4.86248165e-01 4.93403703e-01
    5.02123713e-01 4.97538865e-01 4.85470146e-01 4.87375528e-01
    4.93801832e-01 4.93351161e-01 4.84423012e-01 4.90870535e-01
    4.94197905e-01 4.95750040e-01 4.97231245e-01 5.05047679e-01
    5.06083488e-01 5.10146379e-01 5.06909609e-01 5.05129158e-01
    5.03976166e-01 5.08807242e-01 5.09877682e-01 5.14117181e-01
    5.16534686e-01 5.18344164e-01 5.19637883e-01 5.16478539e-01
    5.10728836e-01 5.06880820e-01 5.09818316e-01 5.02139032e-01
    5.01746714e-01 5.02091229e-01 5.04662752e-01 5.02774954e-01
    5.10806441e-01 5.11501849e-01 5.18139184e-01 5.21580100e-01
    5.06466091e-01 5.08934081e-01 5.09290814e-01 5.06401598e-01
    5.15939891e-01 5.09286940e-01 5.01875401e-01 5.10254860e-01
    5.23460984e-01 5.14394104e-01 5.18885195e-01 5.21357477e-01
    5.15896261e-01 5.08723021e-01 5.01677632e-01 4.95754212e-01
    4.94790167e-01 5.02351820e-01 5.04760623e-01 4.98536617e-01
    4.96836752e-01 4.89736527e-01 4.91266668e-01 4.94728059e-01
    4.88766819e-01 4.86278147e-01 4.97048795e-01 4.92593199e-01
    4.87057954e-01 4.92323369e-01 4.94639397e-01 5.01653969e-01
    4.94886965e-01 4.94090438e-01 5.01903594e-01 5.04012525e-01
    5.04319251e-01 5.03979385e-01 5.09722769e-01 5.14508307e-01
    5.20863533e-01 5.18684268e-01 5.19634008e-01 5.18102169e-01
    5.21844089e-01 5.20149469e-01 5.24771333e-01 5.26780903e-01
    5.21829784e-01 5.28307676e-01 5.31784832e-01 5.31286597e-01
    5.29397905e-01 5.29815137e-01 5.31602144e-01 5.23240328e-01
    5.24905443e-01 5.22097111e-01 5.24653256e-01 5.18461645e-01
    5.21545947e-01 5.17703295e-01 5.19808173e-01 5.17868638e-01
    5.16319335e-01 5.17009616e-01 5.16731739e-01 5.09544313e-01
    5.10217547e-01 5.05321145e-01 5.04328191e-01 4.99713063e-01
    5.06500721e-01 5.04432440e-01 4.99788046e-01 4.92784500e-01
    5.00592947e-01 4.98299062e-01 4.95032549e-01 4.89978790e-01
    4.87712860e-01 4.83202010e-01 4.78648305e-01 4.74263757e-01
    4.88193423e-01 4.83400822e-01 4.85963523e-01 4.91881669e-01
    4.96252567e-01 4.94824737e-01 4.90893930e-01 4.96070892e-01
    5.08880854e-01 5.04037499e-01 5.02762258e-01 5.05345106e-01
    5.11583805e-01 5.05962908e-01 5.07338643e-01 5.07442653e-01
    5.11177123e-01 5.00044107e-01 5.02818346e-01 5.07220030e-01
    5.02368450e-01 5.05514324e-01 5.05593240e-01 5.08745193e-01
    5.01332343e-01 4.92663741e-01 4.86322969e-01 4.83315945e-01
    4.83982563e-01 4.78458226e-01 4.95016485e-01 4.96477157e-01
    5.02283216e-01 5.03699064e-01 5.01591086e-01 4.99706060e-01
    4.93667513e-01 4.97292548e-01 4.99494880e-01 5.04466474e-01
    4.99340683e-01 5.06018758e-01 5.03530025e-01 5.13518572e-01
    5.11452913e-01 5.11395812e-01 5.13466716e-01 5.02603173e-01
    4.97319072e-01 4.87671375e-01 4.77401227e-01 4.79541689e-01
    4.78530943e-01 4.75547433e-01 4.76320058e-01 4.75664198e-01
    4.69061762e-01 4.71610397e-01 4.70513195e-01 4.68503624e-01
    4.67337519e-01 4.76707518e-01 4.74407285e-01 4.81202632e-01
    4.78927195e-01 4.83886242e-01 4.89698201e-01 4.93832380e-01
    4.98594165e-01 5.01744688e-01 5.02918065e-01 4.99858677e-01
    4.91815597e-01 4.93976057e-01 5.07054269e-01 5.03808677e-01
    5.11063993e-01 5.09043872e-01 5.03334045e-01 5.04295230e-01
    5.00504255e-01 5.05723000e-01 5.01251698e-01 4.97675598e-01
    4.97567683e-01 4.95760083e-01 4.97190952e-01 5.03686666e-01
    5.01563609e-01 5.07417500e-01 5.08293569e-01 4.96539384e-01
    5.02481878e-01 5.01561284e-01 5.04109561e-01 5.08507490e-01
    5.06932437e-01 5.05487680e-01 5.01232326e-01 5.03515482e-01
    5.01283050e-01 4.98083919e-01 5.07023752e-01 4.94401425e-01
    4.95788783e-01 5.03285944e-01 5.08927882e-01 5.04367828e-01
    5.03672600e-01 5.06804407e-01 5.06055176e-01 5.02965629e-01
    4.99927044e-01 5.04786372e-01 4.99899983e-01 5.05555511e-01
    5.06134629e-01 5.11294901e-01 5.10479093e-01 4.91452605e-01
    5.01319528e-01 5.05570948e-01 4.96141583e-01 4.84515697e-01
    4.89688486e-01 4.95344311e-01 4.88363028e-01 4.88418341e-01
    4.84001368e-01 4.85837370e-01 4.77046341e-01 4.78596419e-01
    4.73490387e-01 4.77025747e-01 4.83507127e-01 4.95299667e-01
    5.06092072e-01 4.97885704e-01 4.90174651e-01 4.87945080e-01
    4.92426217e-01 4.94125456e-01 4.89125967e-01 4.98617202e-01
    5.03487408e-01 5.04181325e-01 5.03737628e-01 5.12356162e-01
    5.11553586e-01 5.14513373e-01 5.09013057e-01 5.07021606e-01
    5.02397478e-01 5.03764451e-01 5.05303800e-01 5.06744146e-01
    5.11543512e-01 5.17602026e-01 5.16542912e-01 5.07901549e-01
    5.02270460e-01 4.99086320e-01 5.04851818e-01 4.98631060e-01
    4.99520302e-01 5.03089666e-01 5.06118000e-01 5.05768597e-01
    5.10269940e-01 5.11522651e-01 5.19987166e-01 5.21512806e-01
    5.06245971e-01 5.06654918e-01 5.04687250e-01 5.06622672e-01
    5.17787993e-01 5.10526776e-01 5.03293633e-01 5.09280026e-01
    5.20432770e-01 5.09133935e-01 5.12203813e-01 5.15355349e-01
    5.12176335e-01 5.03932953e-01 4.98478860e-01 4.94134814e-01
    4.94129241e-01 5.03157914e-01 5.08278847e-01 5.05978107e-01
    5.00895321e-01 4.95124996e-01 4.98686910e-01 5.01993954e-01
    4.93244529e-01 4.90746468e-01 5.01774609e-01 4.98125792e-01
    4.92327958e-01 4.93908912e-01 4.98051316e-01 5.03806949e-01
    4.97580767e-01 4.99557823e-01 5.03840625e-01 5.02787352e-01
    5.00884354e-01 4.99062955e-01 5.05658865e-01 5.06609678e-01
    5.13467371e-01 5.12421906e-01 5.16080678e-01 5.14580667e-01
    5.18607974e-01 5.20316303e-01 5.26853204e-01 5.31283200e-01
    5.26850164e-01 5.31090438e-01 5.34673810e-01 5.34971774e-01
    5.34742832e-01 5.36682844e-01 5.38613796e-01 5.29943347e-01
    5.33860862e-01 5.32249153e-01 5.33522129e-01 5.27509868e-01
    5.29810071e-01 5.27442873e-01 5.24584174e-01 5.24821877e-01
    5.19654274e-01 5.22225022e-01 5.20379663e-01 5.13597012e-01
    5.15704572e-01 5.09700119e-01 5.07720888e-01 5.04825234e-01
    5.12293279e-01 5.07366955e-01 5.01455784e-01 4.98175174e-01
    5.02053499e-01 5.01418531e-01 4.97711807e-01 4.94840205e-01
    4.90904957e-01 4.88962740e-01 4.82785612e-01 4.78935719e-01
    4.87735510e-01 4.85097528e-01 4.86705929e-01 4.90868181e-01
    4.95356441e-01 4.93483335e-01 4.92547482e-01 4.94789273e-01
    5.06365120e-01 5.02509177e-01 5.01064539e-01 5.02757370e-01
    5.07241607e-01 5.04370153e-01 5.05458415e-01 5.02626240e-01
    5.06638050e-01 4.98366714e-01 4.96500373e-01 5.01969039e-01
    4.98200387e-01 4.99717265e-01 5.00557959e-01 5.02315879e-01
    4.98911113e-01 4.91913825e-01 4.89512324e-01 4.85881537e-01
    4.87273067e-01 4.82753038e-01 4.96656001e-01 4.99378413e-01
    5.05313158e-01 5.07312298e-01 5.02361000e-01 5.02705872e-01
    4.99055058e-01 4.99491334e-01 5.04107594e-01 5.06679296e-01
    5.02947271e-01 5.08333743e-01 5.04832387e-01 5.11077106e-01
    5.07487178e-01 5.05870998e-01 5.09289443e-01 4.98152167e-01
    4.90838975e-01 4.83973384e-01 4.74677563e-01 4.78707254e-01
    4.79208142e-01 4.75905299e-01 4.79963779e-01 4.78231221e-01
    4.72217888e-01 4.71851408e-01 4.71643418e-01 4.69714046e-01
    4.70706463e-01 4.80589092e-01 4.79094326e-01 4.83818918e-01
    4.82258201e-01 4.90921855e-01 4.97708738e-01 5.02516508e-01
    5.02792537e-01 5.06977260e-01 5.05907238e-01 5.03352702e-01
    4.96562272e-01 4.99351919e-01 5.11608779e-01 5.02901375e-01
    5.09720147e-01 5.07194579e-01 5.01485109e-01 5.01757443e-01
    4.98974860e-01 5.00726879e-01 4.93175924e-01 4.87352610e-01
    4.87157375e-01 4.88275826e-01 4.89211679e-01 4.94254202e-01
    4.93332833e-01 4.99491096e-01 5.02000391e-01 4.91848350e-01
    4.99793440e-01 4.95835066e-01 5.00481188e-01 5.02062976e-01
    5.03710151e-01 5.04510343e-01 5.00330865e-01 5.06007016e-01
    5.06707549e-01 5.04206896e-01 5.14907479e-01 5.02453029e-01
    5.04285514e-01 5.10054827e-01 5.15113950e-01 5.11189878e-01
    5.09120643e-01 5.12772202e-01 5.13756692e-01 5.07117629e-01
    5.06362855e-01 5.08616447e-01 5.03244638e-01 5.09450614e-01
    5.07949889e-01 5.12146294e-01 5.13163209e-01 4.92690772e-01
    5.03066421e-01 5.07479787e-01 5.01512706e-01 4.92865711e-01
    4.93775964e-01 5.00895321e-01 4.92319643e-01 4.92575735e-01
    4.90199566e-01 4.91359502e-01 4.82418269e-01 4.80983257e-01
    4.77796376e-01 4.81047928e-01 4.86131340e-01 4.95487750e-01
    5.03098905e-01 4.96140718e-01 4.90116775e-01 4.83888537e-01
    4.84824300e-01 4.87430423e-01 4.79990691e-01 4.90063012e-01
    4.94605780e-01 4.93865997e-01 4.91064668e-01 5.02086043e-01
    5.02983451e-01 5.03552020e-01 4.98570919e-01 4.95828658e-01
    4.88542914e-01 4.93319809e-01 4.95945603e-01 4.98801112e-01
    5.05273283e-01 5.10740936e-01 5.09862363e-01 5.02095044e-01
    4.98479456e-01 4.92779285e-01 4.97152954e-01 4.93976325e-01
    4.95290339e-01 5.00603557e-01 5.04091263e-01 5.03179312e-01
    5.08307755e-01 5.15249550e-01 5.23697913e-01 5.21287858e-01
    5.03389895e-01 5.03879905e-01 5.01572251e-01 5.05259573e-01
    5.17542779e-01 5.08125305e-01 5.02623737e-01 5.09988129e-01
    5.22569597e-01 5.09116292e-01 5.11055887e-01 5.16602457e-01
    5.15925467e-01 5.12514114e-01 5.03457129e-01 4.99869823e-01
    5.01334608e-01 5.13703167e-01 5.16880333e-01 5.16732335e-01
    5.11548638e-01 5.04395127e-01 5.08281589e-01 5.12297869e-01
    5.03080308e-01 4.97862428e-01 5.07580280e-01 5.03049552e-01
    4.96019602e-01 4.95275825e-01 4.95475471e-01 5.03385305e-01
    4.95596886e-01 4.98717964e-01 5.01781583e-01 5.03349900e-01
    5.01224339e-01 4.98161644e-01 5.06531596e-01 5.08074880e-01
    5.15446782e-01 5.17139435e-01 5.21309137e-01 5.18583953e-01
    5.23687303e-01 5.22309899e-01 5.31036973e-01 5.39282084e-01
    5.34596264e-01 5.39735913e-01 5.44198453e-01 5.41338861e-01
    5.41237831e-01 5.43629110e-01 5.47113121e-01 5.38577974e-01
    5.45383692e-01 5.44515193e-01 5.45682013e-01 5.38057089e-01
    5.45677602e-01 5.40473819e-01 5.39584160e-01 5.38618267e-01
    5.28620124e-01 5.32156467e-01 5.31254292e-01 5.22931159e-01
    5.24965584e-01 5.17186582e-01 5.14473677e-01 5.11752188e-01
    5.18786848e-01 5.12161076e-01 5.04839718e-01 5.00320077e-01
    5.05827367e-01 5.04297376e-01 5.04072964e-01 5.03427446e-01
    4.99835402e-01 5.00197411e-01 4.91276413e-01 4.87870663e-01
    4.93929058e-01 4.90877539e-01 4.94895816e-01 4.99291658e-01
    5.01589656e-01 4.98244107e-01 4.98346865e-01 5.01638412e-01
    5.13050616e-01 5.10617137e-01 5.08530736e-01 5.05895019e-01
    5.08813977e-01 5.03823221e-01 5.03959417e-01 5.03059268e-01
    5.03695428e-01 4.94901389e-01 4.95841324e-01 4.98706549e-01
    4.98153627e-01 5.01791775e-01 5.01991451e-01 5.00729620e-01
    4.97503102e-01 4.89062607e-01 4.86355424e-01 4.83026773e-01
    4.87971127e-01 4.83603120e-01 4.99149203e-01 5.02842426e-01
    5.08105338e-01 5.12553513e-01 5.12173533e-01 5.11590660e-01
    5.09911418e-01 5.05678296e-01 5.06947935e-01 5.11143506e-01
    5.08213758e-01 5.11422455e-01 5.09101927e-01 5.14118850e-01
    5.09132504e-01 5.05607486e-01 5.09357691e-01 4.98100311e-01
    4.89244998e-01 4.81137812e-01 4.69356209e-01 4.73185211e-01
    4.73300934e-01 4.70603734e-01 4.75961119e-01 4.74036634e-01
    4.67009485e-01 4.67303127e-01 4.70813155e-01 4.72101986e-01
    4.77479219e-01 4.86528665e-01 4.86336321e-01 4.88483667e-01
    4.83164310e-01 4.89517033e-01 4.92969751e-01 4.95910972e-01
    4.99872327e-01 5.00267208e-01 4.96659696e-01 4.90810245e-01
    4.85025465e-01 4.92251158e-01 5.04723549e-01 4.95893598e-01
    4.98716980e-01 4.97970849e-01 4.94575948e-01 4.93652225e-01
    4.93531853e-01 4.96459723e-01 4.89623904e-01 4.86282587e-01
    4.87905324e-01 4.88506347e-01 4.89945829e-01 4.97299314e-01
    4.99142975e-01 5.04714549e-01 5.02412736e-01 4.90357578e-01
    4.96581376e-01 4.93934214e-01 4.97352272e-01 4.97201711e-01
    4.98477489e-01 4.98130590e-01 4.98145670e-01 5.02925873e-01
    5.02921879e-01 5.00433683e-01 5.10409832e-01 5.00766098e-01
    5.01350701e-01 5.05792081e-01 5.12116969e-01 5.12300909e-01
    5.11823356e-01 5.13324022e-01 5.13789117e-01 5.09666383e-01
    5.10119736e-01 5.12525320e-01 5.07593513e-01 5.08255124e-01
    5.03879309e-01 5.09196162e-01 5.07646620e-01 4.87868845e-01
    4.97784406e-01 5.01688659e-01 4.96729821e-01 4.87502038e-01
    4.85367268e-01 4.92965519e-01 4.87462163e-01 4.88388658e-01
    4.85626727e-01 4.84660834e-01 4.75371957e-01 4.75355923e-01
    4.74758834e-01 4.80866432e-01 4.83185709e-01 4.92877215e-01
    4.98089999e-01 4.92655128e-01 4.88694042e-01 4.83416259e-01
    4.80872393e-01 4.84934479e-01 4.75611538e-01 4.86616462e-01
    4.89943683e-01 4.88138020e-01 4.88747567e-01 4.97305870e-01
    4.98153001e-01 4.99038488e-01 4.95901227e-01 4.91592169e-01
    4.85458791e-01 4.90533382e-01 4.91302103e-01 4.90739375e-01
    4.96323913e-01 5.03140807e-01 5.00446737e-01 4.92952555e-01
    4.86485600e-01 4.81539220e-01 4.87396598e-01 4.82380390e-01
    4.85724896e-01 4.91053641e-01 4.94979680e-01 4.92760211e-01
    5.00091374e-01 5.06966531e-01 5.18779337e-01 5.18433988e-01
    5.02074599e-01 5.02586961e-01 5.01278043e-01 5.06161511e-01
    5.17411292e-01 5.09228230e-01 5.02158642e-01 5.08529305e-01
    5.19214571e-01 5.08580506e-01 5.10703504e-01 5.17130196e-01
    5.14107585e-01 5.10961115e-01 5.04317522e-01 5.00677049e-01
    5.00865638e-01 5.15361845e-01 5.18630445e-01 5.18364787e-01
    5.15324652e-01 5.08215845e-01 5.13136327e-01 5.18538177e-01
    5.08467555e-01 5.06477535e-01 5.14589965e-01 5.08812666e-01
    5.01319230e-01 5.02805889e-01 5.03590941e-01 5.10769248e-01
    5.02271056e-01 5.05462289e-01 5.07972777e-01 5.12408972e-01
    5.11168480e-01 5.06439745e-01 5.13637006e-01 5.13824821e-01
    5.23126304e-01 5.28432548e-01 5.32425463e-01 5.29260159e-01
    5.34733176e-01 5.32500923e-01 5.41803718e-01 5.48933268e-01
    5.44183314e-01 5.49454629e-01 5.52864730e-01 5.48891008e-01
    5.43464780e-01 5.44312000e-01 5.45803547e-01 5.41226566e-01
    5.49412668e-01 5.47518551e-01 5.46134531e-01 5.35907865e-01
    5.43934882e-01 5.40033460e-01 5.39061785e-01 5.35507023e-01
    5.27557671e-01 5.28013945e-01 5.26284099e-01 5.20471454e-01
    5.24682939e-01 5.18859923e-01 5.16065061e-01 5.13170063e-01
    5.18564999e-01 5.12573481e-01 5.06007850e-01 5.04719496e-01
    5.11175036e-01 5.09258211e-01 5.10147154e-01 5.06112516e-01
    5.02573252e-01 4.98332053e-01 4.89770621e-01 4.83356446e-01
    4.88466442e-01 4.82424855e-01 4.86144960e-01 4.93806809e-01
    4.97924924e-01 4.96421486e-01 4.94981110e-01 4.95862812e-01
    5.04516184e-01 5.03469944e-01 4.99003410e-01 4.96788412e-01
    5.01655698e-01 4.97389793e-01 4.99538630e-01 4.98782486e-01
    5.02361000e-01 4.90229279e-01 4.91577983e-01 4.93195742e-01
    4.88477379e-01 4.89741534e-01 4.88996148e-01 4.88567233e-01
    4.89904791e-01 4.81760651e-01 4.78667080e-01 4.79232997e-01
    4.85199839e-01 4.82004762e-01 4.96298760e-01 5.00757873e-01
    5.10437608e-01 5.13540030e-01 5.17232597e-01 5.18603742e-01
    5.21028221e-01 5.20162523e-01 5.22109807e-01 5.23297846e-01
    5.21436274e-01 5.22247612e-01 5.17496407e-01 5.20459294e-01
    5.13417840e-01 5.06732285e-01 5.09486020e-01 5.01729786e-01
    4.95482236e-01 4.87669379e-01 4.77375954e-01 4.76329595e-01
    4.76026684e-01 4.72173482e-01 4.77203876e-01 4.76488233e-01
    4.70345140e-01 4.70387161e-01 4.74377871e-01 4.79917914e-01
    4.80018348e-01 4.92961884e-01 4.92164910e-01 4.95128691e-01
    4.90303457e-01 4.96544421e-01 5.00583172e-01 5.06345093e-01
    5.11983871e-01 5.09470224e-01 5.10286987e-01 5.05451262e-01
    5.01763463e-01 5.09806931e-01 5.22554934e-01 5.12771308e-01
    5.11971414e-01 5.13520062e-01 5.07561743e-01 5.06496549e-01
    5.04989684e-01 5.10154963e-01 5.05254805e-01 5.03611803e-01
    5.03664553e-01 5.05439222e-01 5.07007599e-01 5.11517346e-01
    5.13503194e-01 5.13002157e-01 5.06065965e-01 4.92417276e-01
    4.98978257e-01 4.98520195e-01 5.02601266e-01 5.01179218e-01
    5.01471043e-01 4.99916941e-01 4.96780097e-01 4.99330014e-01
    4.98980492e-01 4.95432347e-01 5.01207769e-01 4.93549943e-01
    4.95851845e-01 4.98563915e-01 5.06763041e-01 5.09671509e-01
    5.11844575e-01 5.14622331e-01 5.16248822e-01 5.11346579e-01
    5.12974739e-01 5.15347242e-01 5.12039065e-01 5.14089823e-01
    5.07803738e-01 5.12750626e-01 5.11455297e-01 4.95591462e-01
    5.04404902e-01 5.09045422e-01 5.03036499e-01 4.94033992e-01
    4.92636561e-01 4.97393340e-01 4.92173910e-01 4.93654162e-01
    4.92197573e-01 4.88877714e-01 4.79824871e-01 4.79573697e-01
    4.80829328e-01 4.88257378e-01 4.89744335e-01 4.99016732e-01
    5.02058089e-01 4.99331236e-01 4.93138790e-01 4.86639291e-01
    4.83526915e-01 4.86419111e-01 4.75396901e-01 4.84015822e-01
    4.86775488e-01 4.85415637e-01 4.88195300e-01 4.95323598e-01
    4.95256871e-01 4.91465449e-01 4.88988012e-01 4.88534838e-01
    4.82260674e-01 4.87467289e-01 4.85440731e-01 4.84969258e-01
    4.93987918e-01 5.01570404e-01 4.97842163e-01 4.91831630e-01
    4.85404164e-01 4.78812844e-01 4.84744191e-01 4.77692127e-01
    4.82008457e-01 4.90720510e-01 4.98147726e-01 4.95347679e-01
    5.01541615e-01 5.08430898e-01 5.19008398e-01 5.20548880e-01
    5.05535901e-01 5.02453566e-01 5.03019154e-01 5.06359339e-01
    5.18213511e-01 5.09469271e-01 5.02995908e-01 5.05761802e-01
    5.18783629e-01 5.10977626e-01 5.07743061e-01 5.09881854e-01
    5.08320093e-01 5.03640711e-01 4.99525934e-01 4.94793743e-01
    4.94457245e-01 5.07874191e-01 5.13347924e-01 5.11138558e-01
    5.12862742e-01 5.03268123e-01 5.08410215e-01 5.13868928e-01
    5.07567823e-01 5.05562901e-01 5.09295046e-01 5.05088508e-01
    4.98702258e-01 4.99294102e-01 4.98777419e-01 5.03857315e-01
    4.95977670e-01 4.99564171e-01 4.99803066e-01 5.02691090e-01
    5.00527978e-01 4.92101461e-01 5.02270341e-01 5.03736436e-01
    5.14556825e-01 5.16592920e-01 5.18053174e-01 5.19413352e-01
    5.28218687e-01 5.27326226e-01 5.35498261e-01 5.45029461e-01
    5.39993465e-01 5.46502471e-01 5.47436237e-01 5.45133352e-01
    5.40170848e-01 5.44486165e-01 5.47889411e-01 5.45230508e-01
    5.51583409e-01 5.48376381e-01 5.49253345e-01 5.42414010e-01
    5.50026417e-01 5.44506848e-01 5.43098569e-01 5.40094197e-01
    5.30722022e-01 5.31427145e-01 5.28672695e-01 5.27186573e-01
    5.31224966e-01 5.27240574e-01 5.22211432e-01 5.20799160e-01
    5.22516072e-01 5.16195774e-01 5.10865092e-01 5.10624826e-01
    5.16584218e-01 5.11528313e-01 5.11190414e-01 5.08155286e-01
    5.07432222e-01 5.04722357e-01 4.96327609e-01 4.90115196e-01
    4.93239611e-01 4.88087058e-01 4.91503388e-01 4.99420226e-01
    5.01748025e-01 5.03072083e-01 5.02157331e-01 4.99922067e-01
    5.07370770e-01 5.06693184e-01 5.03271639e-01 5.02316177e-01
    5.08687019e-01 5.02967000e-01 5.04187346e-01 5.02866566e-01
    5.06237686e-01 4.96288776e-01 5.00387430e-01 4.99781489e-01
    4.93592411e-01 4.94323969e-01 4.95136440e-01 4.95810062e-01
    4.98734653e-01 4.89218891e-01 4.86076802e-01 4.86541748e-01
    4.89676386e-01 4.84403163e-01 4.97064918e-01 5.03843069e-01
    5.12281835e-01 5.16836703e-01 5.17048657e-01 5.14299095e-01
    5.18903971e-01 5.19327879e-01 5.23815870e-01 5.21584153e-01
    5.19707978e-01 5.20296276e-01 5.18858433e-01 5.18943012e-01
    5.11064231e-01 5.08431733e-01 5.12029767e-01 5.03824532e-01
    4.95892435e-01 4.88008201e-01 4.76983368e-01 4.76777762e-01
    4.78526711e-01 4.71247435e-01 4.77973402e-01 4.76343006e-01
    4.72446978e-01 4.73060757e-01 4.79017586e-01 4.83496815e-01
    4.82662708e-01 4.95667338e-01 4.92814213e-01 4.94092405e-01
    4.89948273e-01 4.96858269e-01 4.98838723e-01 5.02402186e-01
    5.07982910e-01 5.03968537e-01 5.04323661e-01 4.99784797e-01
    4.94868100e-01 5.02190292e-01 5.16566694e-01 5.05504668e-01
    5.06892562e-01 5.09275556e-01 5.02605557e-01 5.04812896e-01
    5.07386565e-01 5.12128353e-01 5.06260991e-01 5.07314742e-01
    5.05782545e-01 5.06068945e-01 5.06244123e-01 5.10815799e-01
    5.13349593e-01 5.13015211e-01 5.07022738e-01 4.92937535e-01
    5.01268208e-01 4.95369762e-01 4.95138377e-01 4.97547120e-01
    4.97900844e-01 4.92881030e-01 4.91464734e-01 4.94137764e-01
    4.90344495e-01 4.88257945e-01 4.93944913e-01 4.89802450e-01
    4.89777982e-01 4.91309941e-01 5.00211000e-01 5.02568722e-01
    5.06011665e-01 5.09950161e-01 5.10728180e-01 5.08170605e-01
    5.07289886e-01 5.09280264e-01 5.07329702e-01 5.08486331e-01
    5.03230751e-01 5.09426892e-01 5.05910873e-01 4.92912263e-01
    5.00512838e-01 5.06951332e-01 5.02450943e-01 4.94276047e-01
    4.91998106e-01 4.97168779e-01 4.90041822e-01 4.96104866e-01
    4.93377239e-01 4.90510225e-01 4.79769200e-01 4.77028638e-01
    4.79671746e-01 4.84979123e-01 4.87047046e-01 4.98159707e-01
    4.99919921e-01 4.97243494e-01 4.91509378e-01 4.84590858e-01
    4.83706832e-01 4.88908589e-01 4.73616928e-01 4.80317742e-01
    4.82829690e-01 4.81792420e-01 4.86335874e-01 4.94705051e-01
    4.98949766e-01 4.95070159e-01 4.91568387e-01 4.92430300e-01
    4.83921140e-01 4.89981741e-01 4.89325404e-01 4.88410980e-01
    4.97283846e-01 5.01061559e-01 4.98195946e-01 4.96941477e-01
    4.92617399e-01 4.86130536e-01 4.92952526e-01 4.83366102e-01
    4.86410558e-01 4.92156178e-01 4.99179721e-01 4.97182161e-01
    5.02090633e-01 5.10866344e-01 5.20303249e-01 5.23983657e-01
    5.09986997e-01 5.04596591e-01 5.04401207e-01 5.04877269e-01
    5.15225530e-01 5.09563327e-01 4.99179870e-01 5.01663208e-01
    5.13576865e-01 5.07299602e-01 5.04432201e-01 5.05344629e-01
    5.04302859e-01 5.00983238e-01 5.00238717e-01 4.95827645e-01
    4.93259847e-01 5.03618240e-01 5.11044204e-01 5.12868464e-01
    5.16989350e-01 5.08729458e-01 5.10459423e-01 5.19338012e-01
    5.15211880e-01 5.14716387e-01 5.18801033e-01 5.17477632e-01
    5.12848079e-01 5.13697863e-01 5.09745777e-01 5.13074100e-01
    5.05442500e-01 5.08365393e-01 5.11170685e-01 5.10457158e-01
    5.06099522e-01 4.95784521e-01 5.01475692e-01 5.05336046e-01
    5.15233636e-01 5.15617251e-01 5.19525170e-01 5.19891202e-01
    5.23360670e-01 5.18984318e-01 5.25494099e-01 5.38386226e-01
    5.31594515e-01 5.39383829e-01 5.41763783e-01 5.38011134e-01
    5.35391212e-01 5.39247334e-01 5.40440381e-01 5.40807128e-01
    5.43077886e-01 5.40607929e-01 5.40123701e-01 5.31589806e-01
    5.36180913e-01 5.32213628e-01 5.32403827e-01 5.31932175e-01
    5.21634698e-01 5.22343695e-01 5.17488301e-01 5.16409159e-01
    5.19735038e-01 5.17340362e-01 5.12340069e-01 5.13799906e-01
    5.17041028e-01 5.13644338e-01 5.06426752e-01 5.10375500e-01
    5.15605628e-01 5.12039244e-01 5.11878848e-01 5.09729743e-01
    5.07140458e-01 5.02094865e-01 4.91389424e-01 4.86421913e-01
    4.87791806e-01 4.84936327e-01 4.87026066e-01 4.94802058e-01
    4.96920407e-01 4.94837582e-01 4.95961100e-01 4.95292485e-01
    4.99048173e-01 4.96457845e-01 4.94878978e-01 4.95563775e-01
    4.99952704e-01 4.93885010e-01 4.95964855e-01 4.99949127e-01
    5.04776120e-01 4.95858550e-01 4.97175694e-01 4.97714221e-01
    4.91713613e-01 4.92356867e-01 4.97288197e-01 4.97758687e-01
    5.01597166e-01 4.92462009e-01 4.91665632e-01 4.93271381e-01
    4.96890992e-01 4.94821757e-01 5.08962095e-01 5.15861571e-01
    5.22185385e-01 5.25748730e-01 5.24826169e-01 5.22557020e-01
    5.27524412e-01 5.26787341e-01 5.32881021e-01 5.29034436e-01
    5.25724828e-01 5.26687086e-01 5.25558829e-01 5.24469435e-01
    5.13545156e-01 5.10751843e-01 5.12714088e-01 5.03022969e-01
    4.96591419e-01 4.89179432e-01 4.79897141e-01 4.80105489e-01
    4.82484728e-01 4.75895107e-01 4.84150648e-01 4.80838627e-01
    4.76348728e-01 4.74728316e-01 4.78288472e-01 4.84350562e-01
    4.82492924e-01 4.95546967e-01 4.90686178e-01 4.89432842e-01
    4.84912246e-01 4.94028181e-01 4.94986773e-01 5.01006663e-01
    5.06167769e-01 5.03228545e-01 5.02998710e-01 4.98302013e-01
    4.94326323e-01 5.02080679e-01 5.15106678e-01 5.04584253e-01
    5.05601764e-01 5.06757915e-01 5.00297189e-01 5.02105832e-01
    5.06514192e-01 5.08585811e-01 4.99570042e-01 5.00190794e-01
    4.94108677e-01 4.96116608e-01 4.96790737e-01 5.03392279e-01
    5.04636884e-01 5.01061141e-01 4.96235281e-01 4.83982861e-01
    4.92017746e-01 4.86902237e-01 4.86581147e-01 4.86573726e-01
    4.87697482e-01 4.85921502e-01 4.86373186e-01 4.90329444e-01
    4.86968458e-01 4.87656444e-01 4.92455214e-01 4.86093432e-01
    4.82350081e-01 4.82400835e-01 4.91072685e-01 4.94138807e-01
    4.95930791e-01 5.02164900e-01 5.03068745e-01 5.00833392e-01
    5.00375807e-01 4.99849737e-01 4.94432002e-01 4.96563435e-01
    4.91211712e-01 4.99468952e-01 4.96583670e-01 4.86384660e-01
    4.95402664e-01 5.00425816e-01 4.97223735e-01 4.89710718e-01
    4.87421006e-01 4.92533594e-01 4.82600421e-01 4.88992393e-01
    4.87157941e-01 4.82829392e-01 4.75172549e-01 4.73937392e-01
    4.75806594e-01 4.84888524e-01 4.83983099e-01 4.96919841e-01
    4.96677607e-01 4.96520281e-01 4.95386004e-01 4.89360571e-01
    4.86929506e-01 4.89543438e-01 4.75895047e-01 4.81877297e-01
    4.81271535e-01 4.80326176e-01 4.85438824e-01 4.95267570e-01
    5.03130317e-01 4.97757673e-01 4.92403328e-01 4.92393136e-01
    4.79803026e-01 4.87120390e-01 4.84016508e-01 4.82917100e-01
    4.93327975e-01 4.99044806e-01 5.00020146e-01 4.95081753e-01
    4.93826896e-01 4.91144270e-01 4.99773055e-01 4.90899056e-01
    4.92984593e-01 4.96644258e-01 5.05375266e-01 5.03416955e-01
    5.08833945e-01 5.19478559e-01 5.24266839e-01 5.31424403e-01
    5.16731262e-01 5.07923245e-01 5.05595565e-01 5.04883170e-01
    5.16278088e-01 5.09826541e-01 4.99183774e-01 5.00664949e-01
    5.11903048e-01 5.05490303e-01 5.00952661e-01 5.04013300e-01
    5.01327932e-01 4.97423053e-01 4.97279406e-01 4.95910108e-01
    4.88845438e-01 5.00736415e-01 5.10822415e-01 5.15050292e-01
    5.17567039e-01 5.10574102e-01 5.12575567e-01 5.22263169e-01
    5.16315758e-01 5.15235901e-01 5.17135084e-01 5.17202139e-01
    5.08617043e-01 5.11087775e-01 5.10103703e-01 5.10488629e-01
    5.02611399e-01 5.05526423e-01 5.06451130e-01 5.04607618e-01
    5.00686646e-01 4.90678281e-01 4.95750695e-01 4.99227971e-01
    5.05023003e-01 5.04035056e-01 5.08627176e-01 5.13335407e-01
    5.16131699e-01 5.12350380e-01 5.17878115e-01 5.30647695e-01
    5.25840819e-01 5.31907260e-01 5.35180569e-01 5.29615462e-01
    5.27801096e-01 5.29347777e-01 5.30763149e-01 5.29534519e-01
    5.34232080e-01 5.31711340e-01 5.34732759e-01 5.28631568e-01
    5.31152248e-01 5.25426328e-01 5.27819395e-01 5.29163599e-01
    5.17017722e-01 5.17530262e-01 5.13800442e-01 5.16077518e-01
    5.22375166e-01 5.18003821e-01 5.15886903e-01 5.20063102e-01
    5.25118649e-01 5.17656922e-01 5.13394952e-01 5.18227696e-01
    5.21436751e-01 5.15718281e-01 5.16315222e-01 5.13670981e-01
    5.09339333e-01 5.07815301e-01 4.98411596e-01 4.93664086e-01
    4.90173697e-01 4.86284316e-01 4.91586804e-01 5.00316143e-01
    5.00479877e-01 5.02429962e-01 5.02676189e-01 5.01847625e-01
    5.03625095e-01 5.01083314e-01 4.99505222e-01 5.00329554e-01
    5.05894840e-01 5.03337324e-01 4.99850333e-01 5.05152524e-01
    5.10414183e-01 5.03149986e-01 5.01427531e-01 4.97471154e-01
    4.91889387e-01 4.88804519e-01 4.92297500e-01 4.94904280e-01
    4.96519685e-01 4.85098302e-01 4.84741628e-01 4.87895966e-01
    4.92297590e-01 4.89672661e-01 5.01828909e-01 5.12994945e-01
    5.20272434e-01 5.23554444e-01 5.24987280e-01 5.26701331e-01
    5.32226861e-01 5.29419243e-01 5.36573708e-01 5.29524326e-01
    5.26422918e-01 5.28096378e-01 5.28314292e-01 5.26442468e-01
    5.17737031e-01 5.15615880e-01 5.15950739e-01 5.05986035e-01
    4.95963722e-01 4.86730486e-01 4.76661921e-01 4.75296557e-01
    4.73944157e-01 4.69883442e-01 4.79386002e-01 4.78775918e-01
    4.74433422e-01 4.73837584e-01 4.76931542e-01 4.83063757e-01
    4.79021221e-01 4.91890222e-01 4.85153019e-01 4.83355820e-01
    4.81712729e-01 4.87993270e-01 4.89131212e-01 4.95327055e-01
    4.99048978e-01 4.94608372e-01 4.97354597e-01 4.90451068e-01
    4.86910939e-01 4.89438266e-01 5.03218949e-01 4.91317362e-01
    4.93673801e-01 4.99884397e-01 4.92833406e-01 4.97661203e-01
    5.03828764e-01 5.04828095e-01 4.97379482e-01 4.99322206e-01
    4.93897915e-01 4.97422218e-01 4.99161422e-01 5.07249832e-01
    5.08923292e-01 5.06521285e-01 5.03772140e-01 4.92968529e-01
    5.02015293e-01 4.96195883e-01 4.94302541e-01 4.94519919e-01
    4.93564367e-01 4.93161917e-01 4.91976261e-01 4.97335166e-01
    4.90859061e-01 4.92666483e-01 4.97779161e-01 4.94726598e-01
    4.87795472e-01 4.86360103e-01 4.94181454e-01 4.98921484e-01
    5.01739919e-01 5.08665264e-01 5.10645986e-01 5.08720636e-01
    5.06213605e-01 5.08216679e-01 5.02762139e-01 5.06935120e-01
    5.01288235e-01 5.10159314e-01 5.06062686e-01 4.96008128e-01
    5.01676202e-01 5.07934153e-01 5.07931530e-01 5.02793849e-01
    4.99499172e-01 5.01150787e-01 4.89733249e-01 4.96474743e-01
    4.91488189e-01 4.86642331e-01 4.77936715e-01 4.74170983e-01
    4.74407405e-01 4.84651446e-01 4.83862251e-01 4.97093081e-01
    4.95977759e-01 4.97602135e-01 4.96020317e-01 4.89550352e-01
    4.84154433e-01 4.87749249e-01 4.75616723e-01 4.82857525e-01
    4.78938878e-01 4.79907095e-01 4.86900806e-01 4.96664584e-01
    5.04943848e-01 5.01414418e-01 4.93618727e-01 4.94005978e-01
    4.81027544e-01 4.90165651e-01 4.85482007e-01 4.86820132e-01
    4.95935500e-01 5.02787530e-01 5.02547860e-01 4.98415351e-01
    4.99427378e-01 4.95813847e-01 5.04678428e-01 4.96684343e-01
    4.99027818e-01 5.02150297e-01 5.07560074e-01 5.05243421e-01
    5.12978196e-01 5.22320747e-01 5.25792539e-01 5.31111002e-01
    5.16200960e-01 5.07351875e-01 5.04226029e-01 5.06156087e-01
    5.16562521e-01 5.11005938e-01 5.02607703e-01 5.04217207e-01
    5.12323558e-01 5.02630234e-01 4.96353179e-01 4.98325735e-01
    4.96195167e-01 4.92188305e-01 4.90445435e-01 4.87560242e-01
    4.84026462e-01 4.95619029e-01 5.06567359e-01 5.09099543e-01
    5.06935358e-01 5.01910985e-01 4.98713076e-01 5.09087443e-01
    5.03397226e-01 5.04873872e-01 5.10414302e-01 5.10774493e-01
    5.04356563e-01 5.07930696e-01 5.05406082e-01 5.08269489e-01
    5.03104270e-01 5.06923497e-01 5.07199287e-01 5.07389963e-01
    5.07835448e-01 4.99045074e-01 5.02466798e-01 5.09020030e-01
    5.16845107e-01 5.17118812e-01 5.21333992e-01 5.23325503e-01
    5.30226111e-01 5.29007137e-01 5.34217834e-01 5.48237979e-01
    5.46123981e-01 5.49066544e-01 5.50697148e-01 5.43860435e-01
    5.37366927e-01 5.36478162e-01 5.37715435e-01 5.35432696e-01
    5.39553046e-01 5.32389820e-01 5.33841848e-01 5.27021646e-01
    5.31516194e-01 5.23557365e-01 5.24800837e-01 5.23863137e-01
    5.10412872e-01 5.07858038e-01 5.04414976e-01 5.06451964e-01
    5.14364839e-01 5.12873709e-01 5.10415971e-01 5.16553104e-01
    5.22533298e-01 5.14081478e-01 5.13764977e-01 5.18811107e-01
    5.22746742e-01 5.14144599e-01 5.13601184e-01 5.11295080e-01
    5.08820713e-01 5.06011963e-01 4.96626467e-01 4.92311418e-01
    4.90354508e-01 4.86594290e-01 4.89875972e-01 4.97207284e-01
    4.97881651e-01 4.99274552e-01 5.02266765e-01 5.00599205e-01
    5.02412796e-01 4.97867733e-01 5.01204789e-01 5.03575146e-01
    5.07658541e-01 5.07756829e-01 5.03578842e-01 5.09644806e-01
    5.15666366e-01 5.07519186e-01 5.06792843e-01 5.07501304e-01
    5.02414882e-01 4.94826555e-01 5.01355827e-01 5.02475679e-01
    5.01300991e-01 4.90414709e-01 4.92633611e-01 4.92563814e-01
    4.97558564e-01 4.96810138e-01 5.04561782e-01 5.19777358e-01
    5.24527133e-01 5.29107690e-01 5.27054191e-01 5.24837017e-01
    5.27547479e-01 5.26842415e-01 5.34063041e-01 5.24340451e-01
    5.19879282e-01 5.24151981e-01 5.23951292e-01 5.19129515e-01
    5.12314975e-01 5.09702384e-01 5.07673383e-01 4.99553084e-01
    4.87728119e-01 4.80685651e-01 4.69157845e-01 4.69832420e-01
    4.70597982e-01 4.63802785e-01 4.73398536e-01 4.74991232e-01
    4.73223358e-01 4.72896665e-01 4.74541038e-01 4.79950368e-01
    4.81991738e-01 4.95852947e-01 4.89726722e-01 4.85055953e-01
    4.87435281e-01 4.92039144e-01 4.92327124e-01 4.98183399e-01
    5.00745773e-01 4.97134864e-01 5.00281930e-01 4.90340918e-01
    4.85695064e-01 4.87835050e-01 5.04103482e-01 4.92625743e-01
    4.93873507e-01 5.01810491e-01 4.95141536e-01 4.97460186e-01
    5.01535296e-01 5.02436996e-01 4.98846769e-01 5.02113342e-01
    4.96325463e-01 4.98949140e-01 5.00236690e-01 5.06147742e-01
    5.09952068e-01 5.08499980e-01 5.04743636e-01 4.94342029e-01
    5.03607810e-01 4.99199957e-01 4.96498942e-01 4.97758657e-01
    4.99358714e-01 5.01359224e-01 4.99540985e-01 5.04272282e-01
    4.94315296e-01 4.96695697e-01 5.00922918e-01 4.98919547e-01
    4.90046829e-01 4.89169419e-01 4.99550402e-01 5.06456256e-01
    5.09352267e-01 5.15010297e-01 5.14188886e-01 5.14193535e-01
    5.11267185e-01 5.09145081e-01 5.04580677e-01 5.05684018e-01
    5.00671506e-01 5.12572587e-01 5.11050105e-01 5.03414810e-01
    5.06531060e-01 5.12793243e-01 5.09950399e-01 5.01506865e-01
    4.99334425e-01 4.98311013e-01 4.87910777e-01 4.94956911e-01
    4.87899929e-01 4.82533276e-01 4.74993259e-01 4.70661044e-01
    4.73045558e-01 4.79248196e-01 4.75542665e-01 4.85744268e-01
    4.82072026e-01 4.84384328e-01 4.84606117e-01 4.81588811e-01
    4.76146489e-01 4.79053140e-01 4.68866229e-01 4.78692621e-01
    4.76065218e-01 4.79342669e-01 4.87947941e-01 4.96214181e-01
    5.05909681e-01 5.03267825e-01 4.99683559e-01 5.00594437e-01
    4.88147408e-01 4.98122424e-01 4.94463772e-01 4.98011351e-01
    5.05503297e-01 5.11831939e-01 5.08726835e-01 5.07630467e-01
    5.06273866e-01 5.02668381e-01 5.05936265e-01 4.97968078e-01
    5.00787079e-01 5.03193259e-01 5.06053448e-01 5.01776874e-01
    5.09715378e-01 5.18309593e-01 5.23072362e-01 5.28420329e-01
    5.15358269e-01 5.04989862e-01 5.03194749e-01 5.05832076e-01
    5.12648284e-01 5.06585300e-01 4.98443931e-01 5.02953112e-01
    5.08460820e-01 5.02598226e-01 4.98475760e-01 5.00819743e-01
    4.99051094e-01 4.96018559e-01 4.94229347e-01 4.88668621e-01
    4.85201448e-01 4.94331896e-01 5.06693423e-01 5.09674013e-01
    5.08435845e-01 5.04628122e-01 5.04397035e-01 5.15364945e-01
    5.08540809e-01 5.10621607e-01 5.15336692e-01 5.12631834e-01
    5.04209876e-01 5.05835116e-01 5.05243540e-01 5.08235335e-01
    5.06827295e-01 5.10445058e-01 5.09333372e-01 5.08168161e-01
    5.09041667e-01 5.01702309e-01 5.05284190e-01 5.10112405e-01
    5.14816880e-01 5.17095208e-01 5.20072997e-01 5.18236458e-01
    5.25863469e-01 5.27268708e-01 5.34599721e-01 5.46628773e-01
    5.45541108e-01 5.45317173e-01 5.46783984e-01 5.38246274e-01
    5.30810237e-01 5.31162798e-01 5.30818880e-01 5.27950644e-01
    5.29787838e-01 5.22558570e-01 5.22347808e-01 5.16793966e-01
    5.22729814e-01 5.13219714e-01 5.16135156e-01 5.15766978e-01
    5.00587404e-01 4.96436059e-01 4.95883107e-01 4.95947808e-01
    5.03779233e-01 5.05818129e-01 5.01153111e-01 5.08896589e-01
    5.16690314e-01 5.10403752e-01 5.12556791e-01 5.17647564e-01
    5.19337714e-01 5.11412680e-01 5.13465047e-01 5.12289941e-01
    5.06901085e-01 5.03685534e-01 4.95467305e-01 4.89512503e-01
    4.91265714e-01 4.91025686e-01 4.92066294e-01 4.99867529e-01
    4.98577207e-01 4.96592253e-01 4.99464065e-01 4.98693943e-01
    5.03207386e-01 5.02598584e-01 5.05226791e-01 5.04979491e-01
    5.07931650e-01 5.11218727e-01 5.08293211e-01 5.14164507e-01
    5.19414842e-01 5.11793971e-01 5.11939466e-01 5.14315367e-01
    5.08931637e-01 4.99564886e-01 5.10677814e-01 5.14195681e-01
    5.13579607e-01 5.02743006e-01 5.04387498e-01 5.04590690e-01
    5.09671926e-01 5.10887980e-01 5.15032589e-01 5.31645298e-01
    5.36508501e-01 5.40667772e-01 5.35556555e-01 5.31621695e-01
    5.34748793e-01 5.31422675e-01 5.40792406e-01 5.29358685e-01
    5.22630394e-01 5.25479436e-01 5.23580015e-01 5.15953779e-01
    5.08578300e-01 5.08508563e-01 5.05832732e-01 4.97665614e-01
    4.84500825e-01 4.78678197e-01 4.68645364e-01 4.72757369e-01
    4.72560614e-01 4.64689255e-01 4.78800654e-01 4.81050879e-01
    4.78155226e-01 4.75354910e-01 4.75348741e-01 4.81670797e-01
    4.75853115e-01 4.92064565e-01 4.88942742e-01 4.80787635e-01
    4.82641667e-01 4.85424310e-01 4.86084729e-01 4.95027304e-01
    5.01026213e-01 4.95995730e-01 4.99864578e-01 4.91768807e-01
    4.89989370e-01 4.88885939e-01 5.01438916e-01 4.92211461e-01
    4.94647443e-01 5.01882434e-01 4.94033337e-01 4.95644748e-01
    5.03704131e-01 5.03499568e-01 5.04370093e-01 5.09229481e-01
    5.00825107e-01 5.00512660e-01 4.98618394e-01 5.03025651e-01
    5.09093642e-01 5.06275654e-01 5.04619181e-01 4.97677624e-01
    5.04188299e-01 5.01157284e-01 4.97576952e-01 4.96872932e-01
    4.99546587e-01 5.01983643e-01 4.98310953e-01 4.99318957e-01
    4.89169151e-01 4.93773907e-01 5.00456393e-01 5.03024161e-01
    4.95787501e-01 4.91107941e-01 5.04583418e-01 5.10272145e-01
    5.10794401e-01 5.17194450e-01 5.15311420e-01 5.18003941e-01
    5.13167620e-01 5.10139227e-01 5.02865255e-01 5.02301276e-01
    5.00913322e-01 5.14398873e-01 5.11874855e-01 5.04289925e-01
    5.04407525e-01 5.12908518e-01 5.13156354e-01 5.06028533e-01
    5.00528157e-01 5.00734508e-01 4.89015520e-01 4.95186687e-01
    4.84635681e-01 4.85137671e-01 4.77611244e-01 4.76357728e-01
    4.81428027e-01 4.85866189e-01 4.81717795e-01 4.90101725e-01
    4.82625782e-01 4.86109704e-01 4.84313399e-01 4.80720192e-01
    4.72346604e-01 4.76376086e-01 4.64600801e-01 4.74698603e-01
    4.72796589e-01 4.79084611e-01 4.84397560e-01 4.94537711e-01
    5.02663851e-01 5.00454247e-01 4.95339811e-01 4.93468344e-01
    4.81629491e-01 4.94299710e-01 4.92157459e-01 4.95071173e-01
    5.02929151e-01 5.09185970e-01 5.08932054e-01 5.08905172e-01
    5.06784856e-01 5.03891587e-01 5.04780471e-01 4.96405840e-01
    4.97369498e-01 4.97063160e-01 5.03015935e-01 5.00313342e-01
    5.07994354e-01 5.18720865e-01 5.23272634e-01 5.26880860e-01
    5.14753997e-01 5.02962172e-01 4.98528242e-01 4.99612093e-01
    5.07519484e-01 5.03897965e-01 4.95462537e-01 5.00082493e-01
    5.05541205e-01 5.00995636e-01 4.98361766e-01 4.97387856e-01
    4.98012394e-01 4.96478349e-01 4.94785994e-01 4.90052819e-01
    4.86601681e-01 4.94359583e-01 5.06388247e-01 5.12918830e-01
    5.10439515e-01 5.04465461e-01 5.03143072e-01 5.14194965e-01
    5.07085264e-01 5.10498106e-01 5.11751533e-01 5.07943630e-01
    5.00984311e-01 5.01467764e-01 5.03655732e-01 5.03611565e-01
    5.01306772e-01 5.02941191e-01 5.04905701e-01 5.01703203e-01
    5.05037308e-01 4.99812424e-01 5.03818929e-01 5.12993217e-01
    5.16300738e-01 5.16754985e-01 5.20171642e-01 5.18644989e-01
    5.29577136e-01 5.30391514e-01 5.35683870e-01 5.45229256e-01
    5.46516895e-01 5.48049748e-01 5.50812900e-01 5.42727947e-01
    5.36050260e-01 5.30788362e-01 5.29123127e-01 5.27572215e-01
    5.26293039e-01 5.18986225e-01 5.22112906e-01 5.15489042e-01
    5.22538543e-01 5.11088192e-01 5.14473081e-01 5.16226470e-01
    5.00073552e-01 4.94268328e-01 4.90377456e-01 4.91267502e-01
    4.96417761e-01 4.99923140e-01 4.94963914e-01 5.04815578e-01
    5.11506855e-01 5.05577028e-01 5.08418143e-01 5.13931811e-01
    5.15294433e-01 5.10256648e-01 5.11883378e-01 5.08530498e-01
    5.03667057e-01 5.02278388e-01 4.97145414e-01 4.95551646e-01
    4.95932639e-01 4.95131344e-01 4.95925158e-01 5.05715489e-01
    5.02086043e-01 5.03072560e-01 5.07866263e-01 5.03989220e-01
    5.06588280e-01 5.05459964e-01 5.06275177e-01 5.07202268e-01
    5.12429655e-01 5.15599787e-01 5.13775766e-01 5.19294739e-01
    5.20341754e-01 5.13061106e-01 5.15349984e-01 5.19096494e-01
    5.16263664e-01 5.07314920e-01 5.18070161e-01 5.17517865e-01
    5.20914078e-01 5.07908762e-01 5.11509836e-01 5.10975122e-01
    5.14845192e-01 5.15721023e-01 5.15639722e-01 5.31185687e-01
    5.32811582e-01 5.38367033e-01 5.35572708e-01 5.32293022e-01
    5.34887791e-01 5.27830839e-01 5.37771702e-01 5.24430215e-01
    5.18739164e-01 5.19888461e-01 5.20158887e-01 5.10375559e-01
    5.02552688e-01 5.01294911e-01 4.98496711e-01 4.94508386e-01
    4.80279297e-01 4.73797202e-01 4.62878674e-01 4.63246524e-01
    4.64112669e-01 4.54245657e-01 4.68440622e-01 4.67930973e-01
    4.67367470e-01 4.67422336e-01 4.66964692e-01 4.72792089e-01
    4.87513900e-01 4.99195337e-01 4.95660633e-01 4.87775415e-01
    4.87297833e-01 4.89810109e-01 4.92466599e-01 5.02003074e-01
    5.06708920e-01 5.04247189e-01 5.04239202e-01 4.96434450e-01
    4.91333753e-01 4.90178198e-01 4.99434769e-01 4.88692254e-01
    4.90451932e-01 4.99358892e-01 4.94713783e-01 4.97857958e-01
    5.06485999e-01 5.10744631e-01 5.10895908e-01 5.13758898e-01
    5.04107177e-01 5.02285898e-01 4.99684542e-01 5.04624486e-01
    5.06570578e-01 5.05456328e-01 5.04575253e-01 4.96828109e-01
    5.04397571e-01 5.01895189e-01 4.97318894e-01 4.98021513e-01
    5.01059055e-01 5.01957059e-01 4.95997518e-01 4.97726381e-01
    4.89898056e-01 4.94895995e-01 5.00631094e-01 5.01586437e-01
    4.95916903e-01 4.95390624e-01 5.08144796e-01 5.11911988e-01
    5.10763347e-01 5.16424000e-01 5.13123333e-01 5.13855696e-01
    5.08962989e-01 5.03129601e-01 4.99619305e-01 4.97740716e-01
    4.96888816e-01 5.08915961e-01 5.06555617e-01 5.00451744e-01
    5.01927972e-01 5.07523000e-01 5.07867634e-01 5.00707865e-01
    4.97014046e-01 4.99282181e-01 4.90122408e-01 4.97242540e-01
    4.87259895e-01 4.84615028e-01 4.79196399e-01 4.75794554e-01
    4.81030554e-01 4.85437244e-01 4.79984134e-01 4.87794429e-01
    4.83233780e-01 4.86994714e-01 4.87281412e-01 4.82993931e-01
    4.74992156e-01 4.77898479e-01 4.68856156e-01 4.77296382e-01
    4.75824684e-01 4.84832942e-01 4.94104832e-01 5.05196869e-01
    5.11471868e-01 5.10801792e-01 5.06423295e-01 5.03649235e-01
    4.92097527e-01 5.00790477e-01 4.97725487e-01 4.99431372e-01
    5.05655408e-01 5.11502743e-01 5.11631489e-01 5.09742141e-01
    5.08641005e-01 5.04802942e-01 5.04632592e-01 4.94631648e-01
    4.93653446e-01 4.94513988e-01 4.99328703e-01 4.97084677e-01
    5.05118370e-01 5.16936004e-01 5.22439063e-01 5.24254382e-01
    5.12121320e-01 5.03394902e-01 5.00244975e-01 5.00113308e-01
    5.07396042e-01 5.03883600e-01 4.97873813e-01 5.01563549e-01
    5.07376075e-01 5.06650031e-01 5.04327655e-01 5.03814101e-01
    5.01517951e-01 5.02447188e-01 5.00312746e-01 4.96870756e-01
    4.97808665e-01 5.08394718e-01 5.16825795e-01 5.23573518e-01
    5.23247004e-01 5.19221544e-01 5.18643677e-01 5.26690066e-01
    5.21018505e-01 5.22397280e-01 5.20154655e-01 5.14446437e-01
    5.08072674e-01 5.10567725e-01 5.10640144e-01 5.07025421e-01
    5.04540920e-01 5.05852759e-01 5.06865561e-01 5.07978261e-01
    5.07939935e-01 5.03687561e-01 5.07855296e-01 5.14651656e-01
    5.18054485e-01 5.19701958e-01 5.23035586e-01 5.23381829e-01
    5.35381556e-01 5.38544536e-01 5.45184314e-01 5.55587411e-01
    5.58803201e-01 5.58689296e-01 5.58382750e-01 5.51109016e-01
    5.41134059e-01 5.37073851e-01 5.31726360e-01 5.29226243e-01
    5.28345823e-01 5.24350822e-01 5.25198221e-01 5.17878950e-01
    5.23948908e-01 5.13468504e-01 5.15317261e-01 5.13138711e-01
    4.96206820e-01 4.88722146e-01 4.86765355e-01 4.85855639e-01
    4.88108069e-01 4.93149638e-01 4.91857708e-01 5.03890276e-01
    5.10536432e-01 5.04913151e-01 5.05415618e-01 5.11152923e-01
    5.12337565e-01 5.06350219e-01 5.08315563e-01 5.04006445e-01
    4.98401940e-01 4.96257216e-01 4.92657393e-01 4.90620136e-01
    4.95006859e-01 4.97462571e-01 4.97200668e-01 5.03632009e-01
    4.99447376e-01 4.98846382e-01 5.04184306e-01 5.01811624e-01
    5.02558768e-01 5.03114045e-01 5.04544854e-01 5.04631162e-01
    5.10014594e-01 5.15786171e-01 5.17932296e-01 5.21767080e-01
    5.22319257e-01 5.11714995e-01 5.12722194e-01 5.16477764e-01
    5.11905015e-01 5.04762292e-01 5.14059603e-01 5.11353135e-01
    5.14558911e-01 5.05044281e-01 5.08471251e-01 5.06871760e-01
    5.09342134e-01 5.12338042e-01 5.10048032e-01 5.23289502e-01
    5.26453793e-01 5.30392885e-01 5.29185295e-01 5.23841441e-01
    5.24587214e-01 5.19297957e-01 5.25015235e-01 5.13619483e-01
    5.09800911e-01 5.11154830e-01 5.09320378e-01 5.01521528e-01
    4.96496588e-01 4.96762604e-01 4.90932226e-01 4.88923013e-01
    4.74472106e-01 4.67773974e-01 4.60425168e-01 4.63088244e-01
    4.64401394e-01 4.59283918e-01 4.74523485e-01 4.78981793e-01
    4.79058325e-01 4.82332975e-01 4.80212241e-01 4.86689538e-01
    5.00239134e-01 5.10688722e-01 5.08174419e-01 5.00023961e-01
    4.99137133e-01 4.99680728e-01 5.01182139e-01 5.06992400e-01
    5.10664582e-01 5.10162532e-01 5.07898569e-01 4.98380393e-01
    4.95137960e-01 4.95095402e-01 5.02626657e-01 4.89598513e-01
    4.90643740e-01 4.95977640e-01 4.94452536e-01 4.99784619e-01
    5.06045997e-01 5.07560432e-01 5.07429004e-01 5.09389579e-01
    5.01770198e-01 5.03691673e-01 5.00892043e-01 5.06141782e-01
    5.09769261e-01 5.07155538e-01 5.05560517e-01 5.00661194e-01
    5.06875038e-01 5.02301395e-01 4.99581039e-01 5.00374675e-01
    5.03208041e-01 5.06225407e-01 5.01724839e-01 5.01418710e-01
    4.94204968e-01 4.99253005e-01 5.01906753e-01 5.02076626e-01
    4.93176490e-01 4.92745161e-01 5.08159697e-01 5.11485159e-01
    5.09969652e-01 5.17840326e-01 5.16902447e-01 5.17375886e-01
    5.08736730e-01 5.03930867e-01 4.99829084e-01 5.00172138e-01
    5.00800312e-01 5.13981521e-01 5.12156963e-01 5.06943703e-01
    5.07982731e-01 5.16036570e-01 5.15534222e-01 5.07554412e-01
    5.02766907e-01 5.05687237e-01 4.99504387e-01 5.02846181e-01
    4.92915273e-01 4.93817151e-01 4.87909079e-01 4.82722580e-01
    4.88414705e-01 4.91798729e-01 4.83647048e-01 4.91568595e-01
    4.87808287e-01 4.89930004e-01 4.87780005e-01 4.82280970e-01
    4.72019881e-01 4.76992756e-01 4.69380766e-01 4.72691476e-01
    4.73272711e-01 4.82793868e-01 4.87745583e-01 4.99181896e-01
    5.05786955e-01 5.02163410e-01 5.00147641e-01 4.99015570e-01
    4.88051593e-01 4.92525190e-01 4.88787681e-01 4.90541905e-01
    5.00230253e-01 5.08841038e-01 5.09880483e-01 5.07252038e-01
    5.08570731e-01 5.03772676e-01 5.02251983e-01 4.95016992e-01
    4.90642846e-01 4.92646039e-01 4.96732742e-01 4.93598521e-01
    5.02339482e-01 5.13218284e-01 5.22860765e-01 5.26939034e-01
    5.18807232e-01 5.07181108e-01 5.05120635e-01 5.02857447e-01
    5.07789671e-01 5.04957855e-01 5.00942647e-01 5.03502011e-01
    5.09920955e-01 5.09385705e-01 5.05724967e-01 5.06114304e-01
    5.05330205e-01 5.02988458e-01 5.01561224e-01 4.97980654e-01
    4.97261435e-01 5.06628156e-01 5.14945328e-01 5.19911051e-01
    5.19704401e-01 5.19389749e-01 5.20025551e-01 5.28187037e-01
    5.23060441e-01 5.22451639e-01 5.21464050e-01 5.18532455e-01
    5.12837052e-01 5.15321910e-01 5.18266797e-01 5.15343547e-01
    5.12002647e-01 5.17041504e-01 5.16944051e-01 5.17823160e-01
    5.16957045e-01 5.12709320e-01 5.12396812e-01 5.16860723e-01
    5.17401516e-01 5.18056989e-01 5.21597862e-01 5.21218777e-01
    5.31308532e-01 5.32179177e-01 5.37791729e-01 5.47522962e-01
    5.50908327e-01 5.48190832e-01 5.45932591e-01 5.39024711e-01
    5.32268703e-01 5.29731750e-01 5.25598526e-01 5.26198328e-01
    5.24759233e-01 5.22787333e-01 5.25923312e-01 5.19574940e-01
    5.24241507e-01 5.13549387e-01 5.17062008e-01 5.14441013e-01
    5.00504076e-01 4.91257071e-01 4.89803106e-01 4.85737562e-01
    4.86976504e-01 4.90897447e-01 4.86642778e-01 4.96700287e-01
    5.02166450e-01 4.96440798e-01 4.97012168e-01 5.03358662e-01
    5.03912091e-01 4.99289840e-01 5.02047658e-01 4.99266058e-01
    4.94243771e-01 4.88624424e-01 4.84897375e-01 4.84063685e-01
    4.87932891e-01 4.90556002e-01 4.88423675e-01 4.97423947e-01
    4.94204938e-01 4.92727011e-01 4.98726428e-01 4.95591193e-01
    4.94152904e-01 4.97904837e-01 5.00706851e-01 5.01706660e-01
    5.02779424e-01 5.08610070e-01 5.10873437e-01 5.12836277e-01
    5.15076220e-01 5.09426594e-01 5.09442449e-01 5.12214541e-01
    5.05307078e-01 5.00861466e-01 5.09994924e-01 5.06403267e-01
    5.11838138e-01 5.01406670e-01 5.02958655e-01 4.99387890e-01
    5.00581503e-01 5.05572081e-01 5.01790881e-01 5.17313182e-01
    5.22438049e-01 5.24951756e-01 5.21881163e-01 5.18997073e-01
    5.21456480e-01 5.18153369e-01 5.23139477e-01 5.12432337e-01
    5.07664144e-01 5.07043183e-01 5.08889675e-01 5.00390947e-01
    4.95582461e-01 4.94733334e-01 4.91125315e-01 4.91342515e-01
    4.78000522e-01 4.73149389e-01 4.67273474e-01 4.69518870e-01
    4.71101493e-01 4.68802691e-01 4.84447688e-01 4.85334158e-01
    4.85679895e-01 4.89979714e-01 4.89640087e-01 4.95879859e-01
    5.00212371e-01 5.09962857e-01 5.06939292e-01 5.00510752e-01
    4.98400688e-01 4.98808652e-01 5.00842512e-01 5.06118238e-01
    5.09679794e-01 5.07826447e-01 5.07182419e-01 4.97555405e-01
    4.97058094e-01 4.95865583e-01 5.01722515e-01 4.88647044e-01
    4.92313176e-01 4.97776389e-01 4.95226741e-01 5.00022054e-01
    5.07714212e-01 5.09003997e-01 5.11322320e-01 5.13422191e-01
    5.05823195e-01 5.07544339e-01 5.07462382e-01 5.10889888e-01
    5.16241789e-01 5.13820767e-01 5.12828410e-01 5.06360173e-01
    5.11147201e-01 5.03887236e-01 5.03496706e-01 5.04176617e-01
    5.04368663e-01 5.05581975e-01 5.04199743e-01 5.02534211e-01
    4.93953019e-01 5.00303030e-01 5.03303945e-01 5.00837386e-01
    4.92689580e-01 4.90727842e-01 5.03235102e-01 5.06394446e-01
    5.03104627e-01 5.10103822e-01 5.09781003e-01 5.09355128e-01
    5.01695931e-01 5.00703335e-01 4.93026227e-01 4.93130565e-01
    4.95029390e-01 5.09429991e-01 5.06125510e-01 5.03805935e-01
    5.04541397e-01 5.12099624e-01 5.09386718e-01 5.04394472e-01
    4.98630464e-01 5.04533947e-01 5.00839412e-01 5.03727973e-01
    4.96474862e-01 4.98417616e-01 4.91529226e-01 4.89939630e-01
    4.94153947e-01 4.96648699e-01 4.85782057e-01 4.93935674e-01
    4.89802957e-01 4.90567923e-01 4.89354968e-01 4.86099064e-01
    4.77458507e-01 4.82443184e-01 4.76868033e-01 4.78854567e-01
    4.81052905e-01 4.87909913e-01 4.91756827e-01 5.00684738e-01
    5.05544245e-01 5.03382564e-01 5.00539899e-01 5.04012287e-01
    4.92108941e-01 4.96308893e-01 4.96133596e-01 4.97344404e-01
    5.04510164e-01 5.12392879e-01 5.11943161e-01 5.08248627e-01
    5.10853469e-01 5.09091735e-01 5.08670568e-01 5.00783682e-01
    4.96869236e-01 4.96961385e-01 4.99675572e-01 4.97683018e-01
    5.04599750e-01 5.17123520e-01 5.24234772e-01 5.28628409e-01
    5.22303343e-01 5.11056125e-01 5.08012533e-01 5.05022466e-01
    5.10373235e-01 5.08468628e-01 5.02985477e-01 5.07565737e-01
    5.13529062e-01 5.14792264e-01 5.12831986e-01 5.11624038e-01
    5.10973752e-01 5.08086681e-01 5.05840540e-01 5.03168404e-01
    4.98898923e-01 5.07075429e-01 5.17542899e-01 5.23516834e-01
    5.24383426e-01 5.21718323e-01 5.20309627e-01 5.26090860e-01
    5.18071473e-01 5.17762065e-01 5.12046158e-01 5.10016322e-01
    5.05393624e-01 5.08028746e-01 5.09039044e-01 5.07643998e-01
    5.04369617e-01 5.12710512e-01 5.13176441e-01 5.09980500e-01
    5.06663144e-01 5.02471983e-01 5.01853228e-01 5.05574942e-01
    5.05923748e-01 5.06767333e-01 5.10434210e-01 5.13147116e-01
    5.21568060e-01 5.23328245e-01 5.27701855e-01 5.37908256e-01
    5.40827155e-01 5.38235188e-01 5.34745872e-01 5.27621329e-01
    5.23917258e-01 5.23293436e-01 5.19233763e-01 5.20901501e-01
    5.20890951e-01 5.21066606e-01 5.25014818e-01 5.17626166e-01
    5.25207758e-01 5.17529428e-01 5.21791101e-01 5.21782398e-01
    5.10312915e-01 5.00717342e-01 4.99290317e-01 4.95133787e-01
    4.95226234e-01 4.98503417e-01 4.93937165e-01 5.03782868e-01
    5.10535896e-01 5.03631115e-01 5.05461216e-01 5.10739148e-01
    5.13853967e-01 5.03888786e-01 5.06408095e-01 5.02762318e-01
    4.96559381e-01 4.91424531e-01 4.89205956e-01 4.88917679e-01
    4.92507249e-01 4.94178087e-01 4.92409497e-01 5.00435114e-01
    4.94643062e-01 4.91121024e-01 4.99198735e-01 4.91303056e-01
    4.89728034e-01 4.94292855e-01 5.00195444e-01 5.00859320e-01
    5.01931548e-01 5.05643308e-01 5.07152557e-01 5.05836010e-01
    5.08095324e-01 5.00985622e-01 5.02264619e-01 5.05457044e-01
    4.99245524e-01 4.95307893e-01 5.03236592e-01 4.98930722e-01
    5.06745279e-01 4.98454958e-01 4.97685909e-01 4.95074183e-01
    4.96944398e-01 5.00445962e-01 4.97574627e-01 5.10473013e-01
    5.17723918e-01 5.21472633e-01 5.21935701e-01 5.18149316e-01
    5.21294594e-01 5.16977012e-01 5.22394180e-01 5.13976574e-01
    5.10818839e-01 5.10259509e-01 5.10331929e-01 5.00934839e-01
    4.96650547e-01 4.97169554e-01 4.94421899e-01 4.94676203e-01
    4.82431918e-01 4.76898879e-01 4.69403863e-01 4.67998654e-01
    4.71928000e-01 4.68083233e-01 4.85420823e-01 4.85255688e-01
    4.88192588e-01 4.92971778e-01 4.93407369e-01 4.97418404e-01
    5.03386796e-01 5.12854576e-01 5.11007011e-01 5.05362213e-01
    5.04500031e-01 5.02904654e-01 5.06057024e-01 5.09842634e-01
    5.13811648e-01 5.13917387e-01 5.12504935e-01 5.04361451e-01
    5.03724217e-01 5.03517807e-01 5.09139121e-01 4.92795497e-01
    5.01075745e-01 5.06888211e-01 5.01891315e-01 5.07991970e-01
    5.14304638e-01 5.13615847e-01 5.16966164e-01 5.19092381e-01
    5.12850702e-01 5.15743554e-01 5.13755560e-01 5.17148256e-01
    5.21415293e-01 5.20962417e-01 5.16344130e-01 5.09994805e-01
    5.16085863e-01 5.07872224e-01 5.07880509e-01 5.10710776e-01
    5.09203434e-01 5.08200228e-01 5.06329477e-01 5.05272985e-01
    4.98634934e-01 5.03372550e-01 5.04520059e-01 5.02991259e-01
    4.93340492e-01 4.89988863e-01 5.03350317e-01 5.10051668e-01
    5.05222797e-01 5.10410845e-01 5.11710346e-01 5.15042365e-01
    5.09523273e-01 5.07545054e-01 5.03215611e-01 5.05130410e-01
    5.05518615e-01 5.16730189e-01 5.14738739e-01 5.15831351e-01
    5.18228114e-01 5.25347054e-01 5.25354385e-01 5.19207358e-01
    5.12819469e-01 5.17360806e-01 5.14987409e-01 5.14203727e-01
    5.04413962e-01 5.02359509e-01 4.94523227e-01 4.93716985e-01
    4.97439533e-01 5.00621557e-01 4.89283621e-01 4.96246248e-01
    4.90845203e-01 4.89124924e-01 4.89145339e-01 4.86068398e-01
    4.75650519e-01 4.81782973e-01 4.76346821e-01 4.81302053e-01
    4.85590070e-01 4.90915745e-01 4.95035350e-01 5.05970836e-01
    5.11282325e-01 5.07118464e-01 5.04798234e-01 5.06260037e-01
    4.92877483e-01 4.94469166e-01 4.93285865e-01 4.94960934e-01
    5.02307594e-01 5.10736287e-01 5.07994235e-01 5.07203460e-01
    5.08910418e-01 5.06339967e-01 5.05833685e-01 5.02893507e-01
    4.99487251e-01 4.96423662e-01 5.02158582e-01 4.99316424e-01
    5.09585679e-01 5.24294376e-01 5.31560957e-01 5.37756443e-01
    5.30714154e-01 5.19570112e-01 5.16906083e-01 5.16617060e-01
    5.20840585e-01 5.17872751e-01 5.11379659e-01 5.14232039e-01
    5.16448200e-01 5.18436253e-01 5.15876353e-01 5.13427258e-01
    5.09625852e-01 5.03112078e-01 5.00896037e-01 4.97344464e-01
    4.92207319e-01 4.99191463e-01 5.08869827e-01 5.15245736e-01
    5.12670517e-01 5.11751473e-01 5.09564638e-01 5.14708877e-01
    5.10593176e-01 5.10493159e-01 5.01915455e-01 5.01922309e-01
    4.96474206e-01 5.00422716e-01 5.04664063e-01 5.02679110e-01
    5.01423419e-01 5.12849212e-01 5.15628815e-01 5.11036158e-01
    5.07088184e-01 5.05773306e-01 5.00780046e-01 5.02199590e-01
    5.01860559e-01 5.00383854e-01 5.04644156e-01 5.07385015e-01
    5.17143905e-01 5.21007240e-01 5.26432455e-01 5.35598814e-01
    5.37230670e-01 5.37288308e-01 5.33978701e-01 5.26608944e-01
    5.23080170e-01 5.22627413e-01 5.15916705e-01 5.21609366e-01
    5.22130311e-01 5.24946988e-01 5.30288577e-01 5.22694826e-01
    5.28831661e-01 5.22407115e-01 5.24355888e-01 5.23946583e-01
    5.13723969e-01 5.06128430e-01 5.00611961e-01 4.93310660e-01
    4.92132872e-01 4.95555222e-01 4.89853442e-01 5.01248479e-01
    5.03132284e-01 4.98250365e-01 4.98844504e-01 5.02361059e-01
    5.06990016e-01 5.02320170e-01 5.02754748e-01 5.00923634e-01
    4.97267097e-01 4.89659518e-01 4.90082890e-01 4.89283293e-01
    4.94615853e-01 4.94834393e-01 4.90557939e-01 4.98491406e-01
    4.93823558e-01 4.91694361e-01 4.99698341e-01 4.92448151e-01
    4.89922315e-01 4.91966724e-01 4.93955165e-01 4.95646864e-01
    4.98759300e-01 5.01829743e-01 5.04615664e-01 5.00247896e-01
    5.05674303e-01 4.97847378e-01 4.98504102e-01 5.05081594e-01
    4.98947680e-01 4.93504882e-01 5.02629578e-01 4.99507874e-01
    5.06425202e-01 5.00948846e-01 5.00738800e-01 5.01579106e-01
    5.02653658e-01 5.01781881e-01 4.95393783e-01 5.09983957e-01
    5.16147912e-01 5.15950382e-01 5.16608536e-01 5.16542375e-01
    5.18284261e-01 5.13203561e-01 5.19736111e-01 5.11124790e-01
    5.08861899e-01 5.09174943e-01 5.12547493e-01 5.04109502e-01
    4.98363763e-01 4.97651398e-01 4.96173352e-01 4.98443663e-01
    4.87317294e-01 4.83154804e-01 4.79034156e-01 4.77883637e-01
    4.78951126e-01 4.77934122e-01 4.95256811e-01 4.93857235e-01
    4.97356713e-01 5.02212644e-01 5.04251957e-01 5.02938688e-01
    5.01700222e-01 5.07973135e-01 5.05024016e-01 4.98357296e-01
    5.01095831e-01 4.97483581e-01 5.01540363e-01 5.06612778e-01
    5.10024905e-01 5.12002528e-01 5.12800872e-01 5.03797591e-01
    5.00702858e-01 4.99970466e-01 5.02684951e-01 4.88027990e-01
    4.99491394e-01 5.03392518e-01 5.01507103e-01 5.07968962e-01
    5.16358674e-01 5.11925519e-01 5.16527951e-01 5.19966722e-01
    5.12402892e-01 5.13995588e-01 5.11874557e-01 5.14640689e-01
    5.18358469e-01 5.19966364e-01 5.13630271e-01 5.06428242e-01
    5.13808250e-01 5.03706276e-01 5.05111456e-01 5.07728755e-01
    5.08514822e-01 5.07529140e-01 5.09227037e-01 5.06424248e-01
    5.00319123e-01 5.04958212e-01 5.08040845e-01 5.04382074e-01
    4.96333063e-01 4.92664009e-01 5.05842984e-01 5.15201390e-01
    5.11730015e-01 5.15571654e-01 5.16744971e-01 5.19437134e-01
    5.10793865e-01 5.08393109e-01 5.02362251e-01 5.02816916e-01
    5.05504310e-01 5.15012026e-01 5.15758932e-01 5.19142151e-01
    5.23454070e-01 5.28232932e-01 5.30168831e-01 5.24978936e-01
    5.17531514e-01 5.21458089e-01 5.16435027e-01 5.18611550e-01
    5.09359777e-01 5.09580255e-01 5.00926316e-01 4.99411255e-01
    5.01842856e-01 5.02388716e-01 4.91348386e-01 4.97076482e-01
    4.90885317e-01 4.87665564e-01 4.87627625e-01 4.83999223e-01
    4.72392857e-01 4.80007470e-01 4.74915177e-01 4.81605887e-01
    4.85714525e-01 4.91577446e-01 4.96668488e-01 5.07263243e-01
    5.12864649e-01 5.11261880e-01 5.09359956e-01 5.12328565e-01
    5.00008941e-01 5.01706004e-01 5.04444122e-01 5.07750630e-01
    5.11831939e-01 5.20449340e-01 5.14014363e-01 5.11821389e-01
    5.13447583e-01 5.08641005e-01 5.08414328e-01 5.02818823e-01
    4.99508739e-01 4.94655401e-01 4.99588817e-01 5.00390232e-01
    5.08692145e-01 5.18989861e-01 5.24548471e-01 5.29987454e-01
    5.21153748e-01 5.14245927e-01 5.13109028e-01 5.12377381e-01
    5.20476699e-01 5.17633498e-01 5.11458695e-01 5.13784409e-01
    5.18419206e-01 5.21785021e-01 5.22881329e-01 5.21465302e-01
    5.13914287e-01 5.10086656e-01 5.09439588e-01 5.08450747e-01
    5.01204789e-01 5.10305107e-01 5.17265439e-01 5.22279859e-01
    5.23903191e-01 5.19651771e-01 5.16641021e-01 5.20804644e-01
    5.17037630e-01 5.17804027e-01 5.05761445e-01 5.03648698e-01
    4.97909695e-01 5.02161145e-01 5.01599193e-01 4.97948825e-01
    4.94754642e-01 5.04497886e-01 5.05193532e-01 5.01600087e-01
    4.98573512e-01 4.94453758e-01 4.89902079e-01 4.89534438e-01
    4.90126759e-01 4.89759237e-01 4.89588082e-01 4.93167639e-01
    5.04352331e-01 5.08607507e-01 5.12540698e-01 5.21291077e-01
    5.23565412e-01 5.22781491e-01 5.20129323e-01 5.13968885e-01
    5.12244046e-01 5.11027813e-01 5.04855335e-01 5.12153208e-01
    5.15800595e-01 5.19171834e-01 5.22533119e-01 5.17264128e-01
    5.23140550e-01 5.16745090e-01 5.17657101e-01 5.16332865e-01
    5.07611752e-01 5.03697872e-01 4.98355567e-01 4.94718730e-01
    4.91219968e-01 4.93470937e-01 4.88930941e-01 5.00779808e-01
    5.02263427e-01 4.95857745e-01 4.97618943e-01 5.01818538e-01
    5.08048773e-01 5.05873799e-01 5.03925323e-01 5.04716814e-01
    5.05114317e-01 5.00271738e-01 5.01946986e-01 5.01963735e-01
    5.03855169e-01 5.07661402e-01 5.03991187e-01 5.11738002e-01
    5.06529570e-01 5.04632413e-01 5.12598634e-01 5.01077116e-01
    4.96938556e-01 4.97725397e-01 4.98106271e-01 5.02961814e-01
    5.01735806e-01 5.05256891e-01 5.06792307e-01 4.97632980e-01
    4.99431968e-01 4.91177082e-01 4.92565244e-01 4.95967537e-01
    4.86814260e-01 4.82133150e-01 4.90599543e-01 4.87376064e-01
    4.96999502e-01 4.93072629e-01 4.91492629e-01 4.90699947e-01
    4.92096484e-01 4.92213756e-01 4.83403057e-01 4.96110201e-01
    5.05468965e-01 5.05639017e-01 5.09084702e-01 5.06723583e-01
    5.13932407e-01 5.11775911e-01 5.16280830e-01 5.10231972e-01
    5.07091522e-01 5.05396962e-01 5.08741379e-01 5.01801312e-01
    4.99590039e-01 4.96956855e-01 4.96477753e-01 4.97286737e-01
    4.89529788e-01 4.82988060e-01 4.80834335e-01 4.78805423e-01
    4.78356749e-01 4.72210377e-01 4.89575326e-01 4.90461916e-01
    4.91584659e-01 5.01435518e-01 5.04268348e-01 5.01121998e-01
    5.00041246e-01 5.09315133e-01 5.07882178e-01 5.01744330e-01
    5.03228247e-01 4.96541560e-01 5.01822829e-01 5.05465031e-01
    5.10683060e-01 5.13947546e-01 5.18359005e-01 5.09007573e-01
    5.08512199e-01 5.07430851e-01 5.13076603e-01 5.01549661e-01
    5.12163520e-01 5.15256941e-01 5.14258027e-01 5.20923376e-01
    5.25749207e-01 5.17780244e-01 5.22277534e-01 5.26808560e-01
    5.17626822e-01 5.19465625e-01 5.14749885e-01 5.14240980e-01
    5.15812516e-01 5.16047537e-01 5.10936797e-01 5.03067851e-01
    5.09177685e-01 5.00807464e-01 5.06259918e-01 5.08259416e-01
    5.09808302e-01 5.10920107e-01 5.14750123e-01 5.13336778e-01
    5.05603850e-01 5.10368407e-01 5.13032436e-01 5.11705577e-01
    5.05310714e-01 5.02236664e-01 5.14322162e-01 5.21326721e-01
    5.19936264e-01 5.20596027e-01 5.20155489e-01 5.22463620e-01
    5.13981640e-01 5.07965028e-01 5.00872731e-01 5.02103269e-01
    5.02067745e-01 5.10227859e-01 5.12257338e-01 5.13546526e-01
    5.18229902e-01 5.22625446e-01 5.23222685e-01 5.21158338e-01
    5.12432635e-01 5.12926280e-01 5.10812640e-01 5.14307797e-01
    5.04466832e-01 5.02190650e-01 4.98397797e-01 4.99353200e-01
    4.99172062e-01 5.00789642e-01 4.88212228e-01 4.91895378e-01
    4.86416727e-01 4.81709182e-01 4.80271280e-01 4.77170676e-01
    4.65470195e-01 4.74396527e-01 4.72105980e-01 4.77630764e-01
    4.79191750e-01 4.84688550e-01 4.89633352e-01 4.96222287e-01
    4.99791563e-01 5.01825809e-01 4.99915808e-01 5.02529263e-01
    4.90711302e-01 4.94485408e-01 4.93766189e-01 4.99088913e-01
    5.05676985e-01 5.12207270e-01 5.08687258e-01 5.06444275e-01
    5.08914590e-01 5.06658733e-01 5.04857481e-01 5.02418876e-01
    5.02479374e-01 4.98905003e-01 4.99820918e-01 5.00041783e-01
    5.10810494e-01 5.22611976e-01 5.26402593e-01 5.32210469e-01
    5.22874355e-01 5.15919387e-01 5.13583660e-01 5.11062801e-01
    5.19902766e-01 5.17012537e-01 5.09082913e-01 5.10827541e-01
    5.15873671e-01 5.16627729e-01 5.16406775e-01 5.15442252e-01
    5.12161195e-01 5.08165777e-01 5.03962636e-01 5.05730093e-01
    5.01108110e-01 5.12899518e-01 5.19508541e-01 5.25435090e-01
    5.29083192e-01 5.23833454e-01 5.19120276e-01 5.27424574e-01
    5.27534425e-01 5.26001871e-01 5.12499809e-01 5.12922883e-01
    5.07951379e-01 5.08382976e-01 5.06224215e-01 5.06690323e-01
    5.03326476e-01 5.12661934e-01 5.11097372e-01 5.07470846e-01
    5.02307117e-01 4.95164037e-01 4.90880549e-01 4.91868675e-01
    4.89574522e-01 4.85157877e-01 4.86199260e-01 4.92318928e-01
    5.00130415e-01 5.03173769e-01 5.09260714e-01 5.20061791e-01
    5.18185258e-01 5.16585588e-01 5.14662087e-01 5.06953776e-01
    5.03199160e-01 5.04233778e-01 4.97918993e-01 5.04776418e-01
    5.10386765e-01 5.13257921e-01 5.19122422e-01 5.13854802e-01
    5.18834949e-01 5.14379084e-01 5.15530348e-01 5.10062277e-01
    4.99228865e-01 4.99245614e-01 4.95202720e-01 4.88247782e-01
    4.83775586e-01 4.85432446e-01 4.82600123e-01 4.92042542e-01
    4.94259685e-01 4.88730401e-01 4.91708338e-01 4.92600590e-01
    4.95773703e-01 4.91929442e-01 4.91089076e-01 4.94000793e-01
    4.96200740e-01 4.93712962e-01 4.91809100e-01 4.91809160e-01
    4.95685548e-01 5.01135945e-01 4.99643296e-01 5.05214751e-01
    5.02332985e-01 4.98846173e-01 5.02761483e-01 4.92885947e-01
    4.89395559e-01 4.90223080e-01 4.93264884e-01 4.96811330e-01
    4.98334169e-01 5.01373649e-01 5.04412293e-01 4.97561067e-01
    4.98698860e-01 4.91628557e-01 4.93350089e-01 4.94978577e-01
    4.85929012e-01 4.83540148e-01 4.89327103e-01 4.85200346e-01
    4.94097590e-01 4.93497163e-01 4.92862821e-01 4.91422802e-01
    4.92631346e-01 4.86495972e-01 4.79926407e-01 4.90254432e-01
    4.98927116e-01 4.97221887e-01 4.98003900e-01 4.96502250e-01
    5.04172683e-01 5.03065228e-01 5.05277216e-01 4.99729574e-01
    4.99511957e-01 4.95798290e-01 4.96625721e-01 4.93276626e-01
    4.88361329e-01 4.84644562e-01 4.88062084e-01 4.91204739e-01
    4.86331046e-01 4.80140060e-01 4.82392550e-01 4.80267704e-01
    4.79906946e-01 4.73455131e-01 4.91178662e-01 4.91885245e-01
    4.96006906e-01 5.03257751e-01 5.04861772e-01 5.02022266e-01
    5.01056790e-01 5.10532558e-01 5.07350624e-01 5.01512468e-01
    5.02804220e-01 4.94100332e-01 5.03627360e-01 5.03520310e-01
    5.07761538e-01 5.12091875e-01 5.17073274e-01 5.08755028e-01
    5.08735716e-01 5.08050740e-01 5.13262987e-01 5.03635287e-01
    5.11493206e-01 5.14758050e-01 5.15053988e-01 5.23332894e-01
    5.30034661e-01 5.23102045e-01 5.26502311e-01 5.27224958e-01
    5.22323310e-01 5.21795750e-01 5.13250291e-01 5.09424031e-01
    5.09520292e-01 5.10649264e-01 5.04442573e-01 5.01315117e-01
    5.06124914e-01 4.98067766e-01 5.02541661e-01 5.04383802e-01
    5.05549371e-01 5.05070746e-01 5.11453867e-01 5.13015330e-01
    5.05814075e-01 5.07726789e-01 5.11092067e-01 5.11696994e-01
    5.08255243e-01 5.05173326e-01 5.13557494e-01 5.19887805e-01
    5.18049538e-01 5.19441366e-01 5.19031405e-01 5.22580624e-01
    5.11319518e-01 5.09461105e-01 5.01402438e-01 4.99087185e-01
    4.97875035e-01 5.06438792e-01 5.08207738e-01 5.10369897e-01
    5.12015998e-01 5.14011741e-01 5.17220378e-01 5.18402934e-01
    5.09502709e-01 5.08815587e-01 5.05923152e-01 5.09487391e-01
    4.98890430e-01 5.00644565e-01 4.95938301e-01 4.95331347e-01
    4.95353997e-01 4.97550011e-01 4.84694451e-01 4.87195760e-01
    4.81511652e-01 4.79429156e-01 4.80240911e-01 4.76556897e-01
    4.64269549e-01 4.75111574e-01 4.70294535e-01 4.74939734e-01
    4.77769285e-01 4.85042006e-01 4.89899009e-01 4.93418813e-01
    5.01385331e-01 5.04318237e-01 5.02858162e-01 5.08704424e-01
    4.99946624e-01 5.03038049e-01 5.04027963e-01 5.06797254e-01
    5.12314975e-01 5.19434154e-01 5.16337931e-01 5.18659949e-01
    5.23010254e-01 5.18184066e-01 5.15342534e-01 5.12503088e-01
    5.13974071e-01 5.07738650e-01 5.09460151e-01 5.10156274e-01
    5.18889546e-01 5.27590096e-01 5.29993474e-01 5.33593714e-01
    5.28510630e-01 5.20462573e-01 5.17617881e-01 5.13135850e-01
    5.19011736e-01 5.16553819e-01 5.10493159e-01 5.11273146e-01
    5.17204106e-01 5.19053996e-01 5.19485593e-01 5.14906049e-01
    5.10763049e-01 5.05830169e-01 5.03555775e-01 5.08244395e-01
    5.05380988e-01 5.13909101e-01 5.22061765e-01 5.26507437e-01
    5.33638120e-01 5.29797614e-01 5.24884641e-01 5.31777978e-01
    5.34444749e-01 5.29854119e-01 5.14082015e-01 5.16341865e-01
    5.11648953e-01 5.13202786e-01 5.09091198e-01 5.10340989e-01
    5.07459342e-01 5.14291883e-01 5.11410475e-01 5.06097019e-01
    5.04001558e-01 4.94936109e-01 4.90591109e-01 4.89958286e-01
    4.87794012e-01 4.80950922e-01 4.82723743e-01 4.88207102e-01
    4.94340956e-01 4.98064965e-01 5.02443075e-01 5.13081729e-01
    5.11491001e-01 5.08675337e-01 5.05928516e-01 4.99040931e-01
    4.95713651e-01 4.95634407e-01 4.88911480e-01 4.93496597e-01
    4.99844551e-01 5.03942847e-01 5.09786367e-01 5.05305231e-01
    5.11964262e-01 5.07977843e-01 5.11068106e-01 5.07041216e-01
    5.00364304e-01 5.00323653e-01 5.00043333e-01 4.97886807e-01
    4.96779859e-01 4.97886568e-01 4.94861573e-01 5.04758358e-01
    5.06260455e-01 5.00510156e-01 5.03306508e-01 5.04574776e-01
    5.09735465e-01 5.06018996e-01 5.03803253e-01 5.05807698e-01
    5.05089402e-01 5.00967085e-01 4.97289240e-01 4.94103193e-01
    4.96472985e-01 5.01351595e-01 5.01798153e-01 5.05436599e-01
    5.01496017e-01 5.01069367e-01 5.07433832e-01 4.98282731e-01
    4.94599164e-01 4.91657734e-01 4.94876713e-01 4.97982800e-01
    5.02097905e-01 5.05487621e-01 5.08911610e-01 5.03868282e-01
    5.04588604e-01 4.96339500e-01 4.97735798e-01 4.99183118e-01
    4.92262065e-01 4.88213241e-01 4.89257008e-01 4.84125018e-01
    4.89740133e-01 4.88974452e-01 4.92209792e-01 4.91733193e-01
    4.90634650e-01 4.81802613e-01 4.79587436e-01 4.88188237e-01
    4.96730745e-01 4.98370200e-01 4.98938352e-01 4.96633202e-01
    5.04898608e-01 5.00295579e-01 5.02778947e-01 4.99161124e-01
    4.97200638e-01 4.94366199e-01 4.95591968e-01 4.91218358e-01
    4.83513474e-01 4.82565224e-01 4.86236274e-01 4.86298561e-01
    4.84006107e-01 4.74407017e-01 4.76088822e-01 4.75230962e-01
    4.75552559e-01 4.69005615e-01 4.88693267e-01 4.90726709e-01
    4.96932179e-01 5.02439618e-01 5.05483449e-01 5.03993869e-01
    5.05565107e-01 5.14149964e-01 5.10589719e-01 5.03963113e-01
    5.02459764e-01 4.94676948e-01 5.05140364e-01 5.05449295e-01
    5.11006653e-01 5.13140082e-01 5.17513335e-01 5.09218872e-01
    5.10493159e-01 5.10068119e-01 5.14643073e-01 5.04044056e-01
    5.10983586e-01 5.16844273e-01 5.19345880e-01 5.26272058e-01
    5.35140634e-01 5.31260848e-01 5.33574522e-01 5.32291532e-01
    5.29257238e-01 5.27528942e-01 5.19072831e-01 5.13233542e-01
    5.14266014e-01 5.14680326e-01 5.08154988e-01 5.05961478e-01
    5.11999369e-01 5.01391530e-01 5.04197180e-01 5.02153754e-01
    5.03270209e-01 5.02057433e-01 5.07665515e-01 5.10145247e-01
    5.05599737e-01 5.06206095e-01 5.07728815e-01 5.10115564e-01
    5.06177545e-01 5.01262426e-01 5.07047236e-01 5.14230728e-01
    5.13219833e-01 5.16590893e-01 5.21914840e-01 5.27288795e-01
    5.15757322e-01 5.13969839e-01 5.07843971e-01 5.05412519e-01
    5.04221916e-01 5.10735989e-01 5.11460423e-01 5.17765939e-01
    5.18234193e-01 5.20357430e-01 5.22821665e-01 5.23759425e-01
    5.13147533e-01 5.09771347e-01 5.05635381e-01 5.08086681e-01
    4.95990962e-01 4.98687536e-01 4.94267762e-01 4.94258285e-01
    4.94047254e-01 4.95190293e-01 4.82823312e-01 4.87326771e-01
    4.77595508e-01 4.77476120e-01 4.81337011e-01 4.79252249e-01
    4.69536543e-01 4.78872448e-01 4.75756884e-01 4.79899853e-01
    4.80944157e-01 4.89137948e-01 4.95574653e-01 4.96816784e-01
    5.01463950e-01 5.03668785e-01 5.00914991e-01 5.07959902e-01
    4.96863753e-01 5.00003338e-01 4.99182165e-01 5.01080632e-01
    5.06747425e-01 5.14986098e-01 5.13140142e-01 5.15876949e-01
    5.19883454e-01 5.16360641e-01 5.10194600e-01 5.07845581e-01
    5.11294425e-01 5.04236102e-01 5.05147755e-01 5.08009374e-01
    5.17628372e-01 5.29734671e-01 5.33252358e-01 5.36431968e-01
    5.28426349e-01 5.21153450e-01 5.19016385e-01 5.15250027e-01
    5.20040154e-01 5.16283691e-01 5.07085919e-01 5.09988666e-01
    5.15048206e-01 5.14199317e-01 5.18595815e-01 5.13859212e-01
    5.08799672e-01 4.99813437e-01 4.96477574e-01 4.98955697e-01
    4.97100592e-01 5.09022713e-01 5.17041147e-01 5.17316520e-01
    5.25639772e-01 5.22543013e-01 5.21140575e-01 5.27451754e-01
    5.29195666e-01 5.25853693e-01 5.14619768e-01 5.17095685e-01
    5.13494909e-01 5.15359223e-01 5.14765799e-01 5.13130069e-01
    5.12301028e-01 5.20468771e-01 5.13824224e-01 5.06434739e-01
    5.06958127e-01 4.99112964e-01 4.93986934e-01 4.94769722e-01
    4.96535003e-01 4.92800474e-01 4.93753016e-01 4.96584058e-01
    5.03140867e-01 5.09435833e-01 5.13850391e-01 5.22618592e-01
    5.21287858e-01 5.19918084e-01 5.15989363e-01 5.10102451e-01
    5.07817805e-01 5.05876660e-01 4.98637855e-01 5.05034924e-01
    5.07413626e-01 5.06993592e-01 5.08573830e-01 5.03055871e-01
    5.11186361e-01 5.04201651e-01 5.02467990e-01 4.97943133e-01
    4.91789699e-01 4.93369848e-01 4.93916482e-01 4.92339909e-01
    4.90411848e-01 4.90097940e-01 4.90891755e-01 4.98762816e-01
    4.99096870e-01 4.91623342e-01 4.98402953e-01 5.00483751e-01
    5.04248202e-01 5.02908766e-01 5.02314448e-01 5.08406579e-01
    5.10700762e-01 5.06429732e-01 5.06065309e-01 5.00583470e-01
    5.03716171e-01 5.11154950e-01 5.12150407e-01 5.11412561e-01
    5.10508597e-01 5.10331929e-01 5.21041811e-01 5.09106755e-01
    5.04251599e-01 4.99560148e-01 4.99106765e-01 4.99743551e-01
    5.03140748e-01 5.04551888e-01 5.10405302e-01 5.00459850e-01
    5.01900196e-01 4.95614946e-01 4.95370120e-01 4.97435659e-01
    4.92907614e-01 4.87856835e-01 4.84574556e-01 4.80174541e-01
    4.90277737e-01 4.92901742e-01 4.99326617e-01 4.99326229e-01
    5.00537455e-01 4.92606193e-01 4.90442842e-01 4.96697336e-01
    5.07143557e-01 5.07040858e-01 5.07259369e-01 5.05400896e-01
    5.14424622e-01 5.06724596e-01 5.08871973e-01 5.06308734e-01
    5.03028095e-01 4.96701688e-01 4.96837318e-01 4.91517663e-01
    4.85885471e-01 4.85865921e-01 4.86504525e-01 4.86541390e-01
    4.84616011e-01 4.74623680e-01 4.76899147e-01 4.73526508e-01
    4.75295633e-01 4.69755560e-01 4.92150128e-01 4.93358970e-01
    5.01376450e-01 5.06629348e-01 5.09572685e-01 5.08920848e-01
    4.97819036e-01 5.04799128e-01 4.97340411e-01 4.92156237e-01
    4.93901312e-01 4.87283826e-01 4.97636646e-01 4.97276515e-01
    5.04395306e-01 5.03640115e-01 5.08836925e-01 5.00746250e-01
    5.03708720e-01 5.03545403e-01 5.11035323e-01 5.02036154e-01
    5.06635308e-01 5.14521480e-01 5.18014789e-01 5.26553810e-01
    5.33970058e-01 5.31049430e-01 5.33683598e-01 5.34054101e-01
    5.30259907e-01 5.26693881e-01 5.21112859e-01 5.12876689e-01
    5.11375606e-01 5.12196004e-01 5.05912900e-01 5.01225531e-01
    5.06108999e-01 4.95501846e-01 4.97240007e-01 4.92030680e-01
    4.91999805e-01 4.93497372e-01 4.96421278e-01 4.96588528e-01
    4.92297441e-01 4.94440585e-01 4.94940758e-01 4.97136861e-01
    4.97015804e-01 4.96002823e-01 4.98621196e-01 5.06802976e-01
    5.08956552e-01 5.12103319e-01 5.21990716e-01 5.28494477e-01
    5.15977025e-01 5.14351130e-01 5.06219506e-01 5.05904198e-01
    5.07277012e-01 5.15162468e-01 5.17196476e-01 5.26746809e-01
    5.24727762e-01 5.26183963e-01 5.26450157e-01 5.30849457e-01
    5.21054924e-01 5.14549196e-01 5.10752320e-01 5.13118386e-01
    5.01522720e-01 5.06139934e-01 5.04184246e-01 5.05819082e-01
    5.05501688e-01 5.04806817e-01 4.89920229e-01 4.89972025e-01
    4.77155387e-01 4.78097975e-01 4.77913707e-01 4.74250585e-01
    4.65963036e-01 4.72156465e-01 4.66873378e-01 4.68145281e-01
    4.68883872e-01 4.75450933e-01 4.82719123e-01 4.81210947e-01
    4.88307118e-01 4.90635276e-01 4.89810318e-01 4.98114288e-01
    4.88497883e-01 4.94365066e-01 4.94102925e-01 4.98249650e-01
    5.05307853e-01 5.10079384e-01 5.09946525e-01 5.16782165e-01
    5.22185147e-01 5.16691327e-01 5.10204554e-01 5.07637322e-01
    5.13059437e-01 5.04239798e-01 5.04562676e-01 5.05936682e-01
    5.15054286e-01 5.26886284e-01 5.27491629e-01 5.32499850e-01
    5.23000836e-01 5.14648497e-01 5.13850927e-01 5.07543683e-01
    5.11858344e-01 5.06230474e-01 4.97715145e-01 5.02745211e-01
    5.08131921e-01 5.06754875e-01 5.07785797e-01 5.02437413e-01
    4.97266382e-01 4.87872630e-01 4.85464215e-01 4.86995190e-01
    4.83871162e-01 4.97172594e-01 5.06955981e-01 5.04266322e-01
    5.13551176e-01 5.09728134e-01 5.10507762e-01 5.17800927e-01
    5.20783484e-01 5.18093348e-01 5.08560181e-01 5.11465371e-01
    5.08738756e-01 5.13147533e-01 5.10314524e-01 5.07269502e-01
    5.07792652e-01 5.13784945e-01 5.07568240e-01 4.99194205e-01
    5.01664340e-01 4.95673656e-01 4.87989366e-01 4.92699832e-01
    4.93942827e-01 4.89028484e-01 4.88312334e-01 4.90909159e-01
    4.98095572e-01 5.01794457e-01 5.04113972e-01 5.13679326e-01
    5.14254868e-01 5.12544453e-01 5.10060847e-01 5.04255056e-01
    5.04061639e-01 5.00463188e-01 4.94246364e-01 5.01297176e-01
    5.01193047e-01 4.99941409e-01 5.02924144e-01 4.96696264e-01
    5.01260996e-01 4.95097101e-01 4.97373015e-01 4.94786322e-01
    4.90402102e-01 4.91119951e-01 4.96388763e-01 4.93598908e-01
    4.93901074e-01 4.94413316e-01 4.96772200e-01 5.02958775e-01
    5.02893627e-01 4.96945947e-01 5.01929998e-01 5.02123713e-01
    5.09609401e-01 5.08526146e-01 5.07474840e-01 5.09903848e-01
    5.10922372e-01 5.04669070e-01 5.05158305e-01 4.96869355e-01
    5.05317032e-01 5.09923458e-01 5.09507358e-01 5.09938061e-01
    5.07218242e-01 5.08360982e-01 5.16131163e-01 5.07442951e-01
    5.02158284e-01 4.97844279e-01 4.98639256e-01 4.97905701e-01
    5.05044162e-01 5.05866289e-01 5.12960613e-01 5.03412902e-01
    5.02670825e-01 4.95980620e-01 4.97836620e-01 4.98394966e-01
    4.93642271e-01 4.93007898e-01 4.90025789e-01 4.88625646e-01
    4.95765269e-01 4.98445660e-01 5.01118779e-01 5.00258744e-01
    5.02909720e-01 4.92032886e-01 4.90453601e-01 4.95289683e-01
    5.05753160e-01 5.05712867e-01 5.05191028e-01 5.03440559e-01
    5.10261834e-01 5.02217352e-01 5.01785457e-01 5.00968814e-01
    4.93910789e-01 4.87499654e-01 4.84972179e-01 4.79757309e-01
    4.77409124e-01 4.80540752e-01 4.80755895e-01 4.77839798e-01
    4.76611316e-01 4.64495540e-01 4.69768852e-01 4.64387596e-01
    4.64992404e-01 4.61139917e-01 4.84755188e-01 4.85195011e-01
    4.91013020e-01 4.96554315e-01 5.00912607e-01 5.02415061e-01
    4.98313814e-01 5.02103031e-01 4.92886364e-01 4.89607900e-01
    4.87813294e-01 4.82544959e-01 4.92367655e-01 4.89573210e-01
    4.98616099e-01 4.95803773e-01 5.01366615e-01 4.94506299e-01
    4.93884504e-01 4.97001380e-01 5.02388179e-01 4.97225523e-01
    4.99874234e-01 5.06239116e-01 5.08721530e-01 5.15986800e-01
    5.22923887e-01 5.24579287e-01 5.28433025e-01 5.29512346e-01
    5.25810778e-01 5.20556986e-01 5.17507613e-01 5.08790910e-01
    5.08933544e-01 5.11201143e-01 5.02105296e-01 4.95360911e-01
    4.99483705e-01 4.92038935e-01 4.91773903e-01 4.91445780e-01
    4.93582129e-01 4.96651798e-01 4.96268451e-01 4.94794786e-01
    4.89709556e-01 4.93696839e-01 4.95671093e-01 4.93620127e-01
    4.95312959e-01 4.95451897e-01 4.99497741e-01 5.06992936e-01
    5.10741889e-01 5.13243079e-01 5.20362556e-01 5.29019237e-01
    5.15850186e-01 5.15662432e-01 5.06033659e-01 5.08121014e-01
    5.08005679e-01 5.16159356e-01 5.17995119e-01 5.29153168e-01
    5.28941512e-01 5.29252887e-01 5.26250720e-01 5.28906226e-01
    5.24303555e-01 5.19859493e-01 5.19150317e-01 5.20464718e-01
    5.10796785e-01 5.15112042e-01 5.12980163e-01 5.16884208e-01
    5.13326168e-01 5.14111996e-01 4.99814421e-01 4.99213666e-01
    4.86849844e-01 4.87327814e-01 4.86500800e-01 4.85006541e-01
    4.77199405e-01 4.81794447e-01 4.75703955e-01 4.76916224e-01
    4.79781687e-01 4.84329522e-01 4.90880489e-01 4.85508859e-01
    4.91092443e-01 4.93386894e-01 4.92770374e-01 5.03180921e-01
    4.94708717e-01 4.98404175e-01 4.96239007e-01 4.96976703e-01
    5.04877567e-01 5.09140015e-01 5.07826507e-01 5.14990747e-01
    5.16098857e-01 5.13206422e-01 5.07771254e-01 5.05764067e-01
    5.11407018e-01 5.00791490e-01 5.02864778e-01 5.03148675e-01
    5.10184288e-01 5.18875062e-01 5.20551741e-01 5.29944003e-01
    5.24319291e-01 5.14391422e-01 5.14169753e-01 5.05966425e-01
    5.08000910e-01 5.05386889e-01 4.96417999e-01 5.01180232e-01
    5.05787075e-01 5.03898859e-01 5.03297210e-01 4.97724771e-01
    4.93610948e-01 4.80850697e-01 4.80887324e-01 4.80508566e-01
    4.75241870e-01 4.85345066e-01 4.95548427e-01 4.93510455e-01
    5.05191207e-01 5.02198637e-01 5.00620365e-01 5.06241679e-01
    5.07099986e-01 5.04489601e-01 4.99600023e-01 5.05322278e-01
    5.03712535e-01 5.09141445e-01 5.09264886e-01 5.05376518e-01
    5.10721147e-01 5.16647041e-01 5.10383725e-01 5.01362205e-01
    5.00708938e-01 4.94119555e-01 4.86536741e-01 4.94192004e-01
    4.95539159e-01 4.91686672e-01 4.89644527e-01 4.90390629e-01
    4.96723264e-01 5.00233889e-01 5.00671864e-01 5.09102523e-01
    5.09766161e-01 5.02680659e-01 5.00753760e-01 4.99112338e-01
    4.98237431e-01 4.93495524e-01 4.85755891e-01 4.93410349e-01
    4.91157740e-01 4.89531428e-01 4.90745127e-01 4.85762864e-01
    4.89729881e-01 4.84314531e-01 4.86585975e-01 4.84461904e-01
    4.84177917e-01 4.83682692e-01 4.89823550e-01 4.87729520e-01
    4.88467366e-01 4.91301328e-01 4.97156113e-01 5.05443990e-01
    5.04952192e-01 4.97723192e-01 5.02549112e-01 5.06879151e-01
    5.14438689e-01 5.11404276e-01 5.10686576e-01 5.10697663e-01
    5.12903631e-01 5.03767014e-01 5.06829143e-01 4.98068601e-01
    5.07562160e-01 5.13476789e-01 5.10685444e-01 5.10582268e-01
    5.08814037e-01 5.08797944e-01 5.17226338e-01 5.09139240e-01
    5.01201808e-01 4.93559271e-01 4.97720063e-01 4.97841716e-01
    5.07829845e-01 5.06491482e-01 5.15108526e-01 5.04618168e-01
    5.07756531e-01 4.99694526e-01 4.99318719e-01 5.00736952e-01
    4.93659168e-01 4.92315441e-01 4.92896348e-01 4.94018853e-01
    5.00922263e-01 5.05424917e-01 5.11225462e-01 5.09774983e-01
    5.13476729e-01 5.03517032e-01 5.03563523e-01 5.04794359e-01
    5.16449749e-01 5.11918783e-01 5.08795142e-01 5.08045673e-01
    5.12696981e-01 5.08116424e-01 5.08152187e-01 5.05706906e-01
    4.97224241e-01 4.90445882e-01 4.86186177e-01 4.80156928e-01
    4.78607088e-01 4.81130302e-01 4.77557719e-01 4.75733101e-01
    4.74990219e-01 4.62091565e-01 4.70914871e-01 4.65818197e-01
    4.65779394e-01 4.64104921e-01 4.84678686e-01 4.86378908e-01
    4.89265829e-01 4.96720374e-01 4.98973131e-01 5.00222683e-01
    4.91495311e-01 4.97220546e-01 4.89399970e-01 4.90054786e-01
    4.91001189e-01 4.86523062e-01 4.96693432e-01 4.93092328e-01
    4.99198407e-01 5.00674427e-01 5.06259978e-01 5.03174543e-01
    4.99571979e-01 4.98433918e-01 5.02929747e-01 4.97647673e-01
    5.02675474e-01 5.09490788e-01 5.11127830e-01 5.18120229e-01
    5.23103297e-01 5.25177896e-01 5.30794084e-01 5.29614210e-01
    5.26977777e-01 5.22123635e-01 5.17088592e-01 5.06954014e-01
    5.05142808e-01 5.07045925e-01 5.01591623e-01 4.96021420e-01
    5.01504242e-01 4.92749572e-01 4.93841499e-01 4.91656721e-01
    4.94194239e-01 4.97971416e-01 4.94683892e-01 4.90067840e-01
    4.88495797e-01 4.92757082e-01 4.95147496e-01 4.93510097e-01
    4.94294077e-01 4.96363789e-01 5.00663698e-01 5.07448137e-01
    5.07609725e-01 5.13335645e-01 5.23293078e-01 5.31500220e-01
    5.16984642e-01 5.17953277e-01 5.08472025e-01 5.14186263e-01
    5.18461645e-01 5.22372842e-01 5.23376107e-01 5.36149025e-01
    5.35264194e-01 5.38792014e-01 5.34432471e-01 5.36828697e-01
    5.33843756e-01 5.29374897e-01 5.28233051e-01 5.28478980e-01
    5.18041015e-01 5.25450468e-01 5.20917833e-01 5.21642804e-01
    5.16281843e-01 5.16202569e-01 5.06182671e-01 5.04975080e-01
    4.94093299e-01 4.92276818e-01 4.90729421e-01 4.87804413e-01
    4.83053535e-01 4.85066980e-01 4.82882589e-01 4.82582361e-01
    4.86131936e-01 4.91813570e-01 4.93714839e-01 4.91023302e-01
    5.00441670e-01 5.00712395e-01 4.97546285e-01 5.06989598e-01
    4.97625142e-01 4.98625755e-01 4.99765813e-01 5.02418816e-01
    5.08864939e-01 5.14085352e-01 5.16006827e-01 5.22134602e-01
    5.22029340e-01 5.16039312e-01 5.09077728e-01 5.10113716e-01
    5.15591323e-01 5.03983736e-01 5.05961537e-01 5.06160676e-01
    5.10104418e-01 5.19010007e-01 5.20970464e-01 5.28525233e-01
    5.21647573e-01 5.15471101e-01 5.13714373e-01 5.01923680e-01
    5.04203737e-01 5.01744092e-01 4.95073825e-01 4.98901665e-01
    5.03653526e-01 4.97300595e-01 4.94283557e-01 4.90296423e-01
    4.88152325e-01 4.76042867e-01 4.77973968e-01 4.78530914e-01
    4.71858174e-01 4.83094275e-01 4.92235184e-01 4.88221526e-01
    5.01357198e-01 5.00024498e-01 4.97913599e-01 5.04094124e-01
    5.05385041e-01 5.00544906e-01 4.99238968e-01 5.08571804e-01
    5.04847765e-01 5.10621130e-01 5.12482166e-01 5.07771254e-01
    5.12145579e-01 5.20423293e-01 5.09983778e-01 5.00518143e-01
    5.00941992e-01 4.94285554e-01 4.84666646e-01 4.93633986e-01
    4.92123812e-01 4.86917466e-01 4.86532390e-01 4.87179607e-01
    4.90456134e-01 4.96242106e-01 4.92971152e-01 5.01908362e-01
    5.01873612e-01 4.94447052e-01 4.93589342e-01 4.94675219e-01
    4.96315122e-01 4.92754042e-01 4.86249536e-01 4.94440138e-01
    4.90028054e-01 4.88337964e-01 4.92140532e-01 4.88486201e-01
    4.92560178e-01 4.85424876e-01 4.86437261e-01 4.87449974e-01
    4.84553188e-01 4.85163897e-01 4.90662128e-01 4.86934483e-01
    4.85431910e-01 4.84703094e-01 4.89954740e-01 4.98277038e-01
    4.95721728e-01 4.91230488e-01 4.98661935e-01 5.00539660e-01
    5.05790234e-01 5.02772629e-01 5.04433811e-01 5.07539511e-01
    5.10053456e-01 5.04633844e-01 5.09530962e-01 5.03010631e-01
    5.10976851e-01 5.17959833e-01 5.17421663e-01 5.14870048e-01
    5.13358474e-01 5.13087332e-01 5.18569589e-01 5.10479689e-01
    5.01268804e-01 4.96227533e-01 4.99575257e-01 5.00661373e-01
    5.08002758e-01 5.04406154e-01 5.13723493e-01 5.01816213e-01
    5.02960324e-01 4.98536676e-01 4.97534722e-01 4.98051554e-01
    4.94655907e-01 4.92207617e-01 4.93213207e-01 4.93461639e-01
    4.99185592e-01 5.05474091e-01 5.12690783e-01 5.08271098e-01
    5.11232913e-01 5.02816916e-01 5.05247831e-01 5.05110681e-01
    5.15832365e-01 5.14101923e-01 5.06572247e-01 5.06970763e-01
    5.11546850e-01 5.06107211e-01 5.06628990e-01 5.05289257e-01
    4.97522414e-01 4.90621358e-01 4.87938821e-01 4.79454041e-01
    4.81371045e-01 4.83261496e-01 4.77114767e-01 4.72236454e-01
    4.69747216e-01 4.56376553e-01 4.64633077e-01 4.62272346e-01
    4.61499244e-01 4.60009456e-01 4.76580620e-01 4.79307979e-01
    4.83820707e-01 4.93577391e-01 4.94894385e-01 4.93294656e-01
    4.93750304e-01 4.95951891e-01 4.87743765e-01 4.86317366e-01
    4.88858104e-01 4.82232898e-01 4.89550978e-01 4.82971221e-01
    4.87650394e-01 4.90477175e-01 4.93082166e-01 4.89419192e-01
    4.85889763e-01 4.87002045e-01 4.91383761e-01 4.89141554e-01
    4.95226085e-01 5.01458406e-01 5.05749881e-01 5.13703167e-01
    5.20149767e-01 5.19607782e-01 5.24692893e-01 5.24493575e-01
    5.24661422e-01 5.19604266e-01 5.14705598e-01 5.05298615e-01
    5.02520561e-01 5.07798910e-01 5.03677547e-01 4.95985955e-01
    5.00131130e-01 4.93222773e-01 4.90977198e-01 4.88188505e-01
    4.91181225e-01 4.96280044e-01 4.93549079e-01 4.89682734e-01
    4.86611784e-01 4.90475059e-01 4.92568642e-01 4.89866495e-01
    4.90898669e-01 4.92473871e-01 4.95846063e-01 4.99637127e-01
    5.03340721e-01 5.09023607e-01 5.18719018e-01 5.27489841e-01
    5.16047180e-01 5.15254140e-01 5.07326424e-01 5.14561653e-01
    5.18602073e-01 5.24805307e-01 5.27476549e-01 5.39652646e-01
    5.37744045e-01 5.42929113e-01 5.39499998e-01 5.39321482e-01
    5.35817802e-01 5.31282902e-01 5.27227163e-01 5.24959385e-01
    5.14026105e-01 5.19648135e-01 5.17039657e-01 5.13943672e-01
    5.07143140e-01 5.06252766e-01 4.94367719e-01 4.94824409e-01
    4.84483331e-01 4.81637299e-01 4.80172843e-01 4.76583511e-01
    4.73567516e-01 4.77694392e-01 4.76925790e-01 4.78694320e-01
    4.81243491e-01 4.87839073e-01 4.89765555e-01 4.87803578e-01
    4.99849677e-01 5.03167808e-01 5.01889646e-01 5.09504914e-01
    4.98784065e-01 5.01134455e-01 5.05130053e-01 5.07305264e-01
    5.15841424e-01 5.22776484e-01 5.24376512e-01 5.29842556e-01
    5.33216953e-01 5.29527783e-01 5.22086442e-01 5.22690654e-01
    5.25092840e-01 5.11127710e-01 5.11937499e-01 5.12483954e-01
    5.17899752e-01 5.23859024e-01 5.25308311e-01 5.32275558e-01
    5.24690270e-01 5.18011868e-01 5.11576653e-01 5.01322508e-01
    5.02203763e-01 4.95299697e-01 4.90901679e-01 4.96643931e-01
    5.00874758e-01 4.95211661e-01 4.96057808e-01 4.92634535e-01
    4.89988446e-01 4.77765113e-01 4.79349107e-01 4.82018948e-01
    4.73946333e-01 4.85754877e-01 4.92681116e-01 4.91972327e-01
    5.04491448e-01 5.04960060e-01 5.02463102e-01 5.05884111e-01
    5.04790962e-01 4.97634619e-01 4.99279648e-01 5.05754530e-01
    5.03174305e-01 5.10546207e-01 5.12336195e-01 5.07210016e-01
    5.10393918e-01 5.19917846e-01 5.10863304e-01 5.04498601e-01
    5.05211115e-01 4.97145563e-01 4.86171961e-01 4.97645050e-01
    4.93190914e-01 4.90881175e-01 4.92406219e-01 4.89940882e-01
    4.94623601e-01 5.01451373e-01 4.98125017e-01 5.07494509e-01
    5.09663522e-01 4.99723464e-01 5.00634909e-01 5.01066148e-01
    5.02807558e-01 4.98048723e-01 4.93980646e-01 5.00228405e-01
    4.98104900e-01 4.96238351e-01 4.99376774e-01 4.96128023e-01
    5.01723766e-01 4.94500488e-01 4.91505325e-01 4.93397206e-01
    4.89088297e-01 4.89695817e-01 4.95886683e-01 4.88699943e-01
    4.87373233e-01 4.86594558e-01 4.94369298e-01 4.99908745e-01
    4.97166216e-01 4.88664746e-01 4.98425663e-01 4.96991247e-01
    5.00703156e-01 4.96240944e-01 4.96205539e-01 5.01435816e-01
    5.01028955e-01 4.95753467e-01 5.00651419e-01 4.93789494e-01
    5.02471328e-01 5.10306895e-01 5.07521570e-01 5.02538919e-01
    5.01923501e-01 5.02949774e-01 5.08573830e-01 4.99646574e-01
    4.92536366e-01 4.86750126e-01 4.90683496e-01 4.91418540e-01
    4.97738272e-01 4.95995402e-01 5.07343888e-01 4.95357215e-01
    4.96938974e-01 4.92857873e-01 4.88234043e-01 4.89674002e-01
    4.87211972e-01 4.85534906e-01 4.86016810e-01 4.87356812e-01
    4.94355202e-01 5.00721395e-01 5.10038555e-01 5.07224500e-01
    5.12806356e-01 5.04538119e-01 5.06838560e-01 5.06400228e-01
    5.16971767e-01 5.14448702e-01 5.07104397e-01 5.07982969e-01
    5.11467993e-01 5.05343795e-01 5.03725767e-01 5.03111959e-01
    4.94546890e-01 4.88178134e-01 4.84091341e-01 4.78658974e-01
    4.80360955e-01 4.80018586e-01 4.73934799e-01 4.67605501e-01
    4.64867949e-01 4.54933405e-01 4.64011788e-01 4.63582903e-01
    4.64734375e-01 4.64715034e-01 4.80848581e-01 4.84342694e-01
    4.86561328e-01 4.96947914e-01 4.96107042e-01 4.95276898e-01
    4.89910483e-01 4.91825223e-01 4.86256361e-01 4.85401392e-01
    4.89679098e-01 4.83503789e-01 4.91709352e-01 4.85631019e-01
    4.86544490e-01 4.92233634e-01 4.92518544e-01 4.91452396e-01
    4.87466305e-01 4.91978794e-01 4.94138986e-01 4.91660088e-01
    4.96167421e-01 4.98259366e-01 5.04957736e-01 5.10565042e-01
    5.15425086e-01 5.13883770e-01 5.21059752e-01 5.18353164e-01
    5.21686912e-01 5.16797841e-01 5.10950387e-01 5.04304945e-01
    5.00802577e-01 5.07921994e-01 5.01191616e-01 4.99241829e-01
    5.02468348e-01 4.97712612e-01 4.99137491e-01 4.94515449e-01
    4.98296469e-01 5.01742363e-01 4.99232888e-01 4.95960265e-01
    4.95613188e-01 4.99316692e-01 5.01973271e-01 4.98702824e-01
    4.99106735e-01 5.02227306e-01 5.05350649e-01 5.08753121e-01
    5.08815467e-01 5.14391601e-01 5.25092363e-01 5.33520877e-01
    5.21758437e-01 5.23070097e-01 5.19319594e-01 5.24471164e-01
    5.26070416e-01 5.30413628e-01 5.32685876e-01 5.43302000e-01
    5.40808082e-01 5.44958651e-01 5.39997399e-01 5.38201094e-01
    5.36153018e-01 5.31289339e-01 5.29455900e-01 5.23609579e-01
    5.10800540e-01 5.16369522e-01 5.12512863e-01 5.09603560e-01
    5.03964663e-01 5.03907263e-01 4.93969709e-01 4.92325068e-01
    4.82876480e-01 4.80768979e-01 4.77862775e-01 4.75014001e-01
    4.72510189e-01 4.74380553e-01 4.74452168e-01 4.74275440e-01
    4.76496339e-01 4.84920770e-01 4.83976215e-01 4.83316362e-01
    4.92891639e-01 4.93874311e-01 4.95329827e-01 4.99807537e-01
    4.90039855e-01 4.93404359e-01 4.98266160e-01 5.04300773e-01
    5.11479557e-01 5.19425690e-01 5.21148324e-01 5.26889741e-01
    5.28765798e-01 5.25191903e-01 5.15989602e-01 5.20638943e-01
    5.24128735e-01 5.09898782e-01 5.12663722e-01 5.09365678e-01
    5.15458345e-01 5.20913303e-01 5.20960271e-01 5.26700079e-01
    5.15925765e-01 5.10913014e-01 5.04484773e-01 4.97260213e-01
    4.96271908e-01 4.88656312e-01 4.85498339e-01 4.92802739e-01
    4.95573729e-01 4.86645430e-01 4.89262164e-01 4.84602928e-01
    4.85683650e-01 4.72607404e-01 4.73691404e-01 4.76337224e-01
    4.67768937e-01 4.79359716e-01 4.85874951e-01 4.84737873e-01
    4.94218051e-01 4.95113671e-01 4.92972374e-01 4.96933907e-01
    4.94722903e-01 4.88457739e-01 4.90599394e-01 4.94452506e-01
    4.94016409e-01 5.00229716e-01 5.03141463e-01 4.98626053e-01
    5.02810359e-01 5.11205018e-01 5.02826631e-01 4.99640018e-01
    4.98036981e-01 4.90793020e-01 4.83945847e-01 4.95795727e-01
    4.90596831e-01 4.88521427e-01 4.88416433e-01 4.88382876e-01
    4.95450824e-01 5.04331470e-01 4.98949975e-01 5.08706391e-01
    5.09558916e-01 4.98516500e-01 4.98630852e-01 5.01576424e-01
    5.00483513e-01 5.00617445e-01 4.96241748e-01 4.99803275e-01
    5.01143694e-01 4.97534931e-01 5.02729833e-01 5.02799451e-01
    5.07154644e-01 4.97608393e-01 4.94631410e-01 4.98619378e-01
    4.93783981e-01 4.97639477e-01 5.06858945e-01 5.00330269e-01
    4.99343932e-01 4.99174893e-01 5.03756881e-01 5.10827124e-01
    5.08558154e-01 5.00055015e-01 5.13150454e-01 5.09284973e-01
    5.08224726e-01 5.03689229e-01 5.06346762e-01 5.12004316e-01
    5.10846376e-01 5.05809724e-01 5.10662079e-01 5.01152039e-01
    5.10887384e-01 5.16076624e-01 5.14610171e-01 5.10115206e-01
    5.08572459e-01 5.10529816e-01 5.14156044e-01 5.05042315e-01
    4.97573644e-01 4.94559675e-01 4.99809533e-01 5.01467466e-01
    5.05361021e-01 5.06118417e-01 5.17278433e-01 5.00905752e-01
    5.00305057e-01 4.94127065e-01 4.91022825e-01 4.91091996e-01
    4.88133222e-01 4.86611485e-01 4.85128641e-01 4.84261632e-01
    4.91384774e-01 4.98090833e-01 5.08371294e-01 5.02535701e-01
    5.03944576e-01 4.94171470e-01 4.93091464e-01 4.93406922e-01
    5.06228149e-01 5.08427441e-01 5.05794168e-01 5.06524920e-01
    5.06792903e-01 5.03487706e-01 5.00645399e-01 4.99777973e-01
    4.92102236e-01 4.83638376e-01 4.81199354e-01 4.74724084e-01
    4.78076816e-01 4.76851672e-01 4.72728342e-01 4.66374755e-01
    4.61046666e-01 4.52904344e-01 4.58497226e-01 4.59496737e-01
    4.58663762e-01 4.61401790e-01 4.73262459e-01 4.76817787e-01
    4.78873789e-01 4.89876747e-01 4.91220355e-01 4.90263432e-01
    4.80336577e-01 4.80903447e-01 4.74110514e-01 4.74864304e-01
    4.77202058e-01 4.69885468e-01 4.80931848e-01 4.74670380e-01
    4.74444538e-01 4.78835911e-01 4.81029212e-01 4.81103390e-01
    4.78290528e-01 4.83369350e-01 4.86938894e-01 4.85272884e-01
    4.88039076e-01 4.93329495e-01 5.02670765e-01 5.09688437e-01
    5.15199661e-01 5.14117599e-01 5.23630619e-01 5.21041512e-01
    5.24486303e-01 5.18512130e-01 5.10859847e-01 5.02988219e-01
    5.00550807e-01 5.10012746e-01 5.04865050e-01 5.00939310e-01
    5.04218102e-01 4.97880429e-01 4.99736816e-01 4.94616508e-01
    4.98775274e-01 5.00103235e-01 4.97970194e-01 4.96078581e-01
    4.95391399e-01 4.99763936e-01 5.06931067e-01 5.06994784e-01
    5.09416461e-01 5.14653265e-01 5.15498459e-01 5.18004656e-01
    5.18620610e-01 5.25807023e-01 5.36919296e-01 5.42582452e-01
    5.33729136e-01 5.35054088e-01 5.33858538e-01 5.37883520e-01
    5.37393391e-01 5.40426254e-01 5.42265296e-01 5.49495816e-01
    5.44764102e-01 5.47921419e-01 5.43145001e-01 5.43784916e-01
    5.40360570e-01 5.36101699e-01 5.34779549e-01 5.31326771e-01
    5.18915474e-01 5.22196770e-01 5.17767012e-01 5.10615706e-01
    5.07736266e-01 5.07156253e-01 4.99062806e-01 4.95746225e-01
    4.86113667e-01 4.83228385e-01 4.78116840e-01 4.73903418e-01
    4.72793102e-01 4.75659907e-01 4.74904597e-01 4.73969370e-01
    4.75777835e-01 4.83998418e-01 4.82734710e-01 4.82030749e-01
    4.91460621e-01 4.91025835e-01 4.90373671e-01 4.94914323e-01
    4.85685647e-01 4.88891214e-01 4.96957392e-01 5.02964139e-01
    5.08320749e-01 5.15610874e-01 5.16639829e-01 5.26497662e-01
    5.29157758e-01 5.25890589e-01 5.14953375e-01 5.20857275e-01
    5.25398076e-01 5.12680769e-01 5.14081597e-01 5.11794150e-01
    5.17298937e-01 5.24865150e-01 5.27058721e-01 5.28395236e-01
    5.20924389e-01 5.17806590e-01 5.12112677e-01 5.04575133e-01
    5.02748251e-01 4.93408978e-01 4.90068078e-01 5.00576437e-01
    5.02206504e-01 4.89827752e-01 4.91870582e-01 4.88064915e-01
    4.90100950e-01 4.77669954e-01 4.75025892e-01 4.77799773e-01
    4.73447412e-01 4.83419895e-01 4.89925086e-01 4.84806299e-01
    4.95341271e-01 4.97187436e-01 4.93467391e-01 4.93912816e-01
    4.90675539e-01 4.85446930e-01 4.92616802e-01 4.98259485e-01
    5.00065029e-01 5.04016101e-01 5.05381644e-01 5.02977908e-01
    5.07988393e-01 5.13480902e-01 5.04614711e-01 5.01615286e-01
    5.01740038e-01 4.95440930e-01 4.87455279e-01 4.99713898e-01
    4.97544020e-01 4.97365326e-01 4.96050656e-01 4.91198421e-01
    4.96896803e-01 5.03871322e-01 5.01019776e-01 5.12760222e-01
    5.13717473e-01 5.02719879e-01 5.02884746e-01 5.07953644e-01
    5.06961644e-01 5.07195890e-01 5.01473963e-01 5.04249454e-01
    5.04358292e-01 5.01689136e-01 5.05748808e-01 5.03894389e-01
    5.10243058e-01 5.02813756e-01 4.99610692e-01 5.01458466e-01
    4.97698188e-01 5.01338840e-01 5.06402791e-01 4.99304742e-01
    4.96401757e-01 4.95186687e-01 4.98534292e-01 5.04616678e-01
    5.01032889e-01 4.95714664e-01 5.05401731e-01 4.99628782e-01
    5.00979900e-01 4.97125983e-01 5.00788510e-01 5.03237844e-01
    5.03927350e-01 4.93727654e-01 4.95658010e-01 4.88329232e-01
    5.01398921e-01 5.08072853e-01 5.05678654e-01 5.01194417e-01
    5.00631273e-01 5.01072288e-01 5.06667912e-01 4.97975737e-01
    4.91423070e-01 4.86729056e-01 4.91936088e-01 4.91984665e-01
    4.98054206e-01 4.98467207e-01 5.14364600e-01 4.99862552e-01
    4.99202847e-01 4.94035631e-01 4.91941810e-01 4.94982302e-01
    4.93318439e-01 4.93732989e-01 4.91701543e-01 4.89650577e-01
    4.98849779e-01 5.06370068e-01 5.19136608e-01 5.12103319e-01
    5.14654875e-01 5.03569663e-01 5.02821505e-01 5.00442863e-01
    5.13829947e-01 5.16158879e-01 5.11132360e-01 5.10163486e-01
    5.08207083e-01 5.04234016e-01 5.01260161e-01 5.02000272e-01
    4.93615925e-01 4.83301252e-01 4.80381638e-01 4.73136187e-01
    4.75815028e-01 4.72911626e-01 4.70455348e-01 4.65623945e-01
    4.61184442e-01 4.51160282e-01 4.57601875e-01 4.57838625e-01
    4.58981812e-01 4.60752964e-01 4.69455719e-01 4.68729764e-01
    4.71284539e-01 4.80714321e-01 4.81894165e-01 4.82583702e-01
    4.86664623e-01 4.86648113e-01 4.82395530e-01 4.84507561e-01
    4.85906243e-01 4.79908079e-01 4.86886293e-01 4.80994314e-01
    4.80546474e-01 4.85482991e-01 4.82526273e-01 4.85297531e-01
    4.79249924e-01 4.86133039e-01 4.87850666e-01 4.87836152e-01
    4.89611030e-01 4.95228231e-01 5.04985690e-01 5.08307159e-01
    5.12654841e-01 5.11266291e-01 5.21962285e-01 5.19171476e-01
    5.22927225e-01 5.15655816e-01 5.08189619e-01 5.02570152e-01
    4.97890562e-01 5.07289588e-01 5.03596008e-01 5.02110481e-01
    5.03164470e-01 5.01671374e-01 5.04351497e-01 5.00895798e-01
    5.07706106e-01 5.06155372e-01 5.01628637e-01 4.99467075e-01
    5.03180325e-01 5.02511799e-01 5.09846449e-01 5.06622672e-01
    5.11360943e-01 5.19086540e-01 5.17362535e-01 5.15943110e-01
    5.14707685e-01 5.20892322e-01 5.28320193e-01 5.31515002e-01
    5.23508489e-01 5.22123098e-01 5.24304748e-01 5.30956864e-01
    5.29588819e-01 5.31099319e-01 5.35815835e-01 5.45013607e-01
    5.42530239e-01 5.42278111e-01 5.34738243e-01 5.37501395e-01
    5.36055446e-01 5.30691683e-01 5.33425331e-01 5.29857635e-01
    5.19560695e-01 5.22012472e-01 5.20154953e-01 5.13808727e-01
    5.08244693e-01 5.07337213e-01 4.99122143e-01 4.97377634e-01
    4.87495691e-01 4.83243555e-01 4.80286747e-01 4.79871809e-01
    4.81098324e-01 4.82645988e-01 4.82085198e-01 4.77676809e-01
    4.81169313e-01 4.88775134e-01 4.86771375e-01 4.83396024e-01
    4.90768820e-01 4.92608488e-01 4.93309975e-01 4.96489942e-01
    4.86108631e-01 4.87896770e-01 4.95895118e-01 4.98843700e-01
    5.00449479e-01 5.06205976e-01 5.05785882e-01 5.15495121e-01
    5.18014729e-01 5.17058969e-01 5.04358172e-01 5.10024190e-01
    5.16233385e-01 5.05764127e-01 5.09461343e-01 5.04926682e-01
    5.11940956e-01 5.21312892e-01 5.23958027e-01 5.27701080e-01
    5.21584153e-01 5.20730615e-01 5.13221681e-01 5.08486390e-01
    5.06478548e-01 4.95421141e-01 4.89126652e-01 5.00208318e-01
    5.04157007e-01 4.92865473e-01 4.92510647e-01 4.88245547e-01
    4.90876913e-01 4.77701515e-01 4.74938542e-01 4.79174286e-01
    4.71451640e-01 4.80468392e-01 4.83842611e-01 4.79832232e-01
    4.91666615e-01 4.94748294e-01 4.95580614e-01 4.96484697e-01
    4.94674146e-01 4.86590922e-01 4.91232872e-01 4.97027785e-01
    4.97228682e-01 5.01670480e-01 5.02033174e-01 4.99570191e-01
    5.03158569e-01 5.10390282e-01 5.00064194e-01 4.97835606e-01
    4.96433496e-01 4.88273710e-01 4.82016087e-01 4.90644425e-01
    4.86692965e-01 4.84556884e-01 4.84138191e-01 4.81007755e-01
    4.87725824e-01 4.94072199e-01 4.90063429e-01 5.01195669e-01
    4.99981672e-01 4.91011649e-01 4.92738456e-01 4.99774098e-01
    5.00126839e-01 5.02266765e-01 4.98082846e-01 4.97947365e-01
    5.03205895e-01 5.04509628e-01 5.09790301e-01 5.08289933e-01
    5.13830721e-01 5.04365623e-01 4.99610752e-01 5.03517747e-01
    5.00109494e-01 5.06233096e-01 5.07842124e-01 4.99071240e-01
    4.94646758e-01 4.91810411e-01 4.93800402e-01 4.97910500e-01
    4.94753599e-01 4.84472096e-01 4.90691304e-01 4.86185253e-01
    4.85812128e-01 4.83317465e-01 4.89665478e-01 4.95531023e-01
    4.94095325e-01 4.86064762e-01 4.86590683e-01 4.82278228e-01
    4.95299697e-01 5.05972207e-01 5.07979035e-01 5.05552769e-01
    5.05578399e-01 5.06509304e-01 5.12088120e-01 5.02763033e-01
    4.92660344e-01 4.91259813e-01 4.93743271e-01 4.94699895e-01
    4.99043256e-01 4.98974413e-01 5.15169680e-01 5.02463222e-01
    5.01706481e-01 4.98238564e-01 4.94206637e-01 4.94324714e-01
    4.91632819e-01 4.93221849e-01 4.90939319e-01 4.91563469e-01
    5.04909992e-01 5.15391231e-01 5.24478674e-01 5.18875241e-01
    5.19954562e-01 5.07477522e-01 5.10636270e-01 5.04141808e-01
    5.15192270e-01 5.16358793e-01 5.12236118e-01 5.11018455e-01
    5.10773242e-01 5.07914484e-01 5.04361987e-01 5.05927444e-01
    4.99094218e-01 4.85226005e-01 4.82232451e-01 4.76872057e-01
    4.79453564e-01 4.75466669e-01 4.74576950e-01 4.69484448e-01
    4.66107488e-01 4.58195210e-01 4.65525627e-01 4.65192229e-01
    4.67255235e-01 4.70085859e-01 4.76940334e-01 4.78934973e-01
    4.80127573e-01 4.88260388e-01 4.90606070e-01 4.89593238e-01
    4.87440437e-01 4.88347650e-01 4.83016998e-01 4.85748947e-01
    4.87587273e-01 4.80570257e-01 4.89019990e-01 4.81815547e-01
    4.80445743e-01 4.86597955e-01 4.82510984e-01 4.86550391e-01
    4.81741607e-01 4.92500603e-01 4.92566496e-01 4.89586413e-01
    4.91807669e-01 4.97484922e-01 5.07680953e-01 5.12821198e-01
    5.18812418e-01 5.14140189e-01 5.24828672e-01 5.21517873e-01
    5.27045012e-01 5.19795418e-01 5.10299981e-01 5.07472336e-01
    4.99685377e-01 5.05682409e-01 5.02818942e-01 5.02821684e-01
    5.06215274e-01 5.05505800e-01 5.08859396e-01 5.05162120e-01
    5.10453284e-01 5.09668529e-01 5.05698800e-01 5.04033327e-01
    5.09900153e-01 5.08314848e-01 5.16358674e-01 5.13945282e-01
    5.18344462e-01 5.27489364e-01 5.26752174e-01 5.23870528e-01
    5.20021260e-01 5.26558578e-01 5.33774018e-01 5.36962152e-01
    5.29458821e-01 5.27713716e-01 5.25790691e-01 5.35151243e-01
    5.31679034e-01 5.31467319e-01 5.35326421e-01 5.41416764e-01
    5.40715575e-01 5.41599751e-01 5.35908222e-01 5.39325356e-01
    5.35290122e-01 5.32114446e-01 5.32074332e-01 5.28527617e-01
    5.20458758e-01 5.22569060e-01 5.21244407e-01 5.16060233e-01
    5.12283325e-01 5.14394343e-01 5.08054793e-01 5.05775034e-01
    4.99228984e-01 4.93686140e-01 4.90420818e-01 4.86611724e-01
    4.90336418e-01 4.93207574e-01 4.94987488e-01 4.92017776e-01
    4.94105548e-01 5.00166416e-01 4.96536732e-01 4.95175660e-01
    5.03404140e-01 4.99793053e-01 4.97050941e-01 4.99950379e-01
    4.90452558e-01 4.90985870e-01 4.99420255e-01 5.01192510e-01
    5.03102362e-01 5.06644607e-01 5.06088495e-01 5.13470054e-01
    5.16369462e-01 5.16966641e-01 5.06486595e-01 5.13550580e-01
    5.19598782e-01 5.07565260e-01 5.15044689e-01 5.15372515e-01
    5.24601579e-01 5.32368720e-01 5.36409318e-01 5.38593709e-01
    5.30033886e-01 5.29262006e-01 5.21908164e-01 5.16480684e-01
    5.13640702e-01 5.02820253e-01 4.98678744e-01 5.07424295e-01
    5.10574818e-01 4.97601658e-01 4.94885206e-01 4.89470452e-01
    4.88930941e-01 4.72392589e-01 4.72515106e-01 4.77800101e-01
    4.71260846e-01 4.81605738e-01 4.84597176e-01 4.80467796e-01
    4.93336171e-01 4.97697175e-01 4.96716857e-01 4.93187815e-01
    4.90474045e-01 4.81987953e-01 4.85484004e-01 4.94453311e-01
    4.97764885e-01 5.04733086e-01 5.06018341e-01 5.01611233e-01
    5.01181006e-01 5.06507099e-01 4.96570081e-01 4.97300059e-01
    4.95661318e-01 4.86112773e-01 4.78265107e-01 4.86053377e-01
    4.85454857e-01 4.85294640e-01 4.88192409e-01 4.87285912e-01
    4.93632793e-01 4.98075783e-01 4.94094342e-01 5.04549086e-01
    5.02318263e-01 4.93551016e-01 4.95550364e-01 5.04728198e-01
    5.03248274e-01 5.05147934e-01 5.02047837e-01 5.04367709e-01
    5.12545884e-01 5.12682319e-01 5.18663585e-01 5.15725672e-01
    5.19080818e-01 5.12072086e-01 5.06253064e-01 5.09482503e-01
    5.06270230e-01 5.14300585e-01 5.17076135e-01 5.10244310e-01
    5.04075468e-01 5.00458777e-01 5.02943933e-01 5.05333304e-01
    4.98468667e-01 4.84934866e-01 4.88307059e-01 4.80837375e-01
    4.82448220e-01 4.82084155e-01 4.85381812e-01 4.90623087e-01
    4.88923699e-01 4.80574727e-01 4.81587499e-01 4.76963580e-01
    4.87256676e-01 4.95021403e-01 4.97301012e-01 4.93285596e-01
    4.97628778e-01 5.02588987e-01 5.09297609e-01 5.03407896e-01
    4.91780281e-01 4.88570601e-01 4.91747350e-01 4.96180177e-01
    4.99848783e-01 4.97063696e-01 5.13001502e-01 5.00554323e-01
    5.02577007e-01 4.97171968e-01 4.94042456e-01 4.95018899e-01
    4.92641300e-01 4.92829889e-01 4.86973226e-01 4.85814452e-01
    4.97642130e-01 5.10901332e-01 5.20888805e-01 5.14702857e-01
    5.16301870e-01 5.02590775e-01 5.07137954e-01 4.98835802e-01
    5.08987904e-01 5.07746398e-01 5.06013334e-01 5.07908762e-01
    5.06654382e-01 5.07270515e-01 4.99895185e-01 5.02229393e-01
    4.98083472e-01 4.81632590e-01 4.79239106e-01 4.71897691e-01
    4.72531408e-01 4.65788633e-01 4.67520177e-01 4.62500840e-01
    4.62739289e-01 4.52451229e-01 4.61221904e-01 4.62120712e-01
    4.63603914e-01 4.67390686e-01 4.71506447e-01 4.76960182e-01
    4.77224559e-01 4.85918462e-01 4.93667245e-01 4.91158664e-01
    4.95128334e-01 4.96503502e-01 4.87532705e-01 4.88779187e-01
    4.90810543e-01 4.83067632e-01 4.87902492e-01 4.79475915e-01
    4.78231072e-01 4.85020846e-01 4.82201278e-01 4.84093636e-01
    4.78771776e-01 4.91068512e-01 4.89775538e-01 4.85756159e-01
    4.86499071e-01 4.91301477e-01 5.02991378e-01 5.09556592e-01
    5.14987707e-01 5.11039317e-01 5.20375967e-01 5.15636563e-01
    5.23779452e-01 5.18359423e-01 5.09591162e-01 5.07263899e-01
    4.98979747e-01 5.06204188e-01 5.01053572e-01 5.00801682e-01
    5.05484045e-01 5.04767120e-01 5.07711351e-01 5.03381968e-01
    5.04943669e-01 5.04396319e-01 5.00962973e-01 5.02070546e-01
    5.11631131e-01 5.07576346e-01 5.14702201e-01 5.10745466e-01
    5.13930917e-01 5.23461342e-01 5.22232711e-01 5.23110271e-01
    5.22589087e-01 5.29369235e-01 5.39221525e-01 5.43480337e-01
    5.35844922e-01 5.34993052e-01 5.33195317e-01 5.42786539e-01
    5.34412205e-01 5.31305432e-01 5.35070062e-01 5.39497435e-01
    5.39625108e-01 5.40654600e-01 5.35806298e-01 5.35884976e-01
    5.31921446e-01 5.25173903e-01 5.26565790e-01 5.20956576e-01
    5.13859510e-01 5.12682974e-01 5.13114393e-01 5.07265985e-01
    5.01217782e-01 5.04342198e-01 4.98879552e-01 4.95621741e-01
    4.91391271e-01 4.85793412e-01 4.82470155e-01 4.79049116e-01
    4.83923256e-01 4.85972732e-01 4.88315523e-01 4.86329198e-01
    4.86464024e-01 4.91987258e-01 4.88836288e-01 4.84787673e-01
    4.94443089e-01 4.91068482e-01 4.90672469e-01 4.95524645e-01
    4.87365693e-01 4.84861225e-01 4.92615253e-01 4.96365100e-01
    4.94722724e-01 5.00352383e-01 4.99963641e-01 5.08943915e-01
    5.11753619e-01 5.15796483e-01 5.07560134e-01 5.15975773e-01
    5.24768949e-01 5.13708770e-01 5.18773794e-01 5.20406008e-01
    5.29778659e-01 5.35751581e-01 5.39832711e-01 5.42705894e-01
    5.36054194e-01 5.37237763e-01 5.31136096e-01 5.26450336e-01
    5.25301874e-01 5.12789369e-01 5.07495701e-01 5.14960945e-01
    5.17885447e-01 5.03710628e-01 4.98829991e-01 4.95428860e-01
    4.92485464e-01 4.73376036e-01 4.75109637e-01 4.80249941e-01
    4.73919660e-01 4.82466310e-01 4.85629231e-01 4.80693310e-01
    4.95455503e-01 4.98569816e-01 4.96865958e-01 4.93462592e-01
    4.92796808e-01 4.83414382e-01 4.87145185e-01 4.95770425e-01
    5.01217842e-01 5.06246567e-01 5.08649528e-01 5.07031798e-01
    5.06956100e-01 5.13416946e-01 5.02103567e-01 5.04491389e-01
    4.99937266e-01 4.88414705e-01 4.80069727e-01 4.87139821e-01
    4.84878808e-01 4.83257324e-01 4.87357110e-01 4.89810318e-01
    4.95366156e-01 4.98861104e-01 4.96826351e-01 5.07302821e-01
    5.02066374e-01 4.94494557e-01 4.93579447e-01 5.02874553e-01
    5.01300514e-01 5.05613089e-01 5.02780914e-01 5.04085720e-01
    5.12731731e-01 5.13470531e-01 5.18943965e-01 5.15161276e-01
    5.15408456e-01 5.13138294e-01 5.04571319e-01 5.07465422e-01
    5.03179669e-01 5.09688973e-01 5.11755764e-01 5.07815719e-01
    5.02676845e-01 4.98817712e-01 5.02121091e-01 5.04001617e-01
    4.97741014e-01 4.85292673e-01 4.89032239e-01 4.80166763e-01
    4.81684417e-01 4.80675101e-01 4.83660311e-01 4.90247816e-01
    4.88019079e-01 4.80078340e-01 4.80325609e-01 4.74421352e-01
    4.84602541e-01 4.93148893e-01 4.94204581e-01 4.87164915e-01
    4.93828893e-01 4.97082621e-01 5.01804769e-01 4.97603625e-01
    4.88130897e-01 4.88093615e-01 4.94106531e-01 4.96212572e-01
    4.98715520e-01 4.96858686e-01 5.11650503e-01 4.99625832e-01
    5.03322601e-01 4.96610731e-01 4.89001364e-01 4.91767168e-01
    4.91624862e-01 4.90559399e-01 4.85421479e-01 4.86280859e-01
    4.95989561e-01 5.11182666e-01 5.20171821e-01 5.12817144e-01
    5.12062073e-01 5.00718057e-01 5.07754683e-01 5.01060009e-01
    5.14537573e-01 5.13092816e-01 5.10328174e-01 5.12816310e-01
    5.10292888e-01 5.13181746e-01 5.03998697e-01 5.05327582e-01
    5.01229286e-01 4.87432241e-01 4.82155561e-01 4.75340664e-01
    4.75143492e-01 4.73618150e-01 4.77170348e-01 4.68747377e-01
    4.70930696e-01 4.62482959e-01 4.72296387e-01 4.74826038e-01
    4.77788568e-01 4.79443759e-01 4.83495057e-01 4.89205927e-01
    4.89089280e-01 4.97232378e-01 5.02803445e-01 5.00881076e-01
    4.91863281e-01 4.94229287e-01 4.87477332e-01 4.87501174e-01
    4.90078360e-01 4.82846171e-01 4.87495691e-01 4.79541957e-01
    4.77722198e-01 4.85339314e-01 4.83404785e-01 4.85685617e-01
    4.81705666e-01 4.91769910e-01 4.91008550e-01 4.90795910e-01
    4.91356909e-01 4.95880455e-01 5.07522702e-01 5.13166547e-01
    5.19229829e-01 5.12817740e-01 5.22480667e-01 5.16008735e-01
    5.22268355e-01 5.19054770e-01 5.10412633e-01 5.06419659e-01
    4.99772131e-01 5.06674111e-01 5.00889361e-01 5.02120197e-01
    5.05691111e-01 5.06293118e-01 5.09527683e-01 5.00661075e-01
    5.01902580e-01 5.00850737e-01 4.98521686e-01 4.97975618e-01
    5.10660231e-01 5.07703483e-01 5.14256954e-01 5.12957871e-01
    5.15739024e-01 5.22297859e-01 5.20284116e-01 5.21140397e-01
    5.18767834e-01 5.24752676e-01 5.33476591e-01 5.39790988e-01
    5.35868227e-01 5.37881613e-01 5.36377013e-01 5.48793137e-01
    5.43577909e-01 5.38670778e-01 5.41326940e-01 5.46682596e-01
    5.44520438e-01 5.47825873e-01 5.45698762e-01 5.48288822e-01
    5.45286298e-01 5.39150596e-01 5.37720084e-01 5.30525982e-01
    5.25135994e-01 5.24654448e-01 5.20900249e-01 5.18230677e-01
    5.09756029e-01 5.09897590e-01 5.05161107e-01 5.02223372e-01
    4.94204193e-01 4.89767075e-01 4.86696929e-01 4.84734654e-01
    4.88317996e-01 4.90507483e-01 4.92140919e-01 4.92388815e-01
    4.91453648e-01 4.93693233e-01 4.88828987e-01 4.84502941e-01
    4.92443919e-01 4.89554018e-01 4.91707504e-01 4.97338802e-01
    4.90472049e-01 4.91611958e-01 4.97772843e-01 4.99497771e-01
    4.95155454e-01 5.01094103e-01 4.99633342e-01 5.09484351e-01
    5.12218297e-01 5.19090533e-01 5.12794435e-01 5.18407464e-01
    5.27787268e-01 5.15907586e-01 5.23805559e-01 5.26259422e-01
    5.37555397e-01 5.43545246e-01 5.45164526e-01 5.48104703e-01
    5.43895304e-01 5.42245030e-01 5.34612834e-01 5.31890571e-01
    5.32894969e-01 5.21992624e-01 5.15481174e-01 5.19893706e-01
    5.26983142e-01 5.13601363e-01 5.10003567e-01 5.06522298e-01
    5.02667606e-01 4.82765406e-01 4.83968318e-01 4.89186198e-01
    4.80615467e-01 4.87884343e-01 4.94892269e-01 4.89646465e-01
    5.02380490e-01 5.00761509e-01 4.97686893e-01 4.95921135e-01
    4.94133562e-01 4.82863426e-01 4.86496359e-01 4.93350863e-01
    4.95493263e-01 4.98664349e-01 5.02636015e-01 5.01196861e-01
    5.03537655e-01 5.11869550e-01 4.98199999e-01 4.97666836e-01
    4.96087253e-01 4.83392537e-01 4.76233155e-01 4.85476196e-01
    4.82714564e-01 4.81020778e-01 4.85084593e-01 4.86062050e-01
    4.92899269e-01 4.95605409e-01 4.92906094e-01 5.00850618e-01
    4.96177763e-01 4.87490147e-01 4.87331361e-01 4.97892410e-01
    4.98748422e-01 5.02824545e-01 5.04525363e-01 5.06559253e-01
    5.12861729e-01 5.12098789e-01 5.18962622e-01 5.15633762e-01
    5.17830551e-01 5.13496220e-01 5.05378842e-01 5.11848032e-01
    5.07106304e-01 5.12856007e-01 5.10792375e-01 5.06266952e-01
    5.00701189e-01 4.96561557e-01 4.97662693e-01 4.96360093e-01
    4.90178525e-01 4.79014158e-01 4.81916815e-01 4.76531059e-01
    4.80402619e-01 4.81931746e-01 4.84595865e-01 4.94481176e-01
    4.92037416e-01 4.84850734e-01 4.85540152e-01 4.84390795e-01
    4.93602902e-01 5.04218817e-01 5.04353046e-01 4.97944236e-01
    5.08293927e-01 5.12090445e-01 5.18552721e-01 5.12830079e-01
    5.00991106e-01 4.97997969e-01 5.03419399e-01 5.05230069e-01
    5.06119728e-01 5.03217757e-01 5.14621437e-01 5.03897786e-01
    5.06690025e-01 5.01777887e-01 4.90909070e-01 4.96301502e-01
    4.98537749e-01 4.93214101e-01 4.87595409e-01 4.85336900e-01
    4.98111248e-01 5.11764765e-01 5.20655572e-01 5.10369360e-01
    5.10819972e-01 4.97486353e-01 5.06360352e-01 5.01693487e-01
    5.14877617e-01 5.12508035e-01 5.12418926e-01 5.16713262e-01
    5.13268530e-01 5.16673923e-01 5.10978580e-01 5.11361599e-01
    5.05691528e-01 4.91677135e-01 4.85992104e-01 4.77731884e-01
    4.79290009e-01 4.77001905e-01 4.82534915e-01 4.71615136e-01
    4.73212034e-01 4.63125974e-01 4.72737044e-01 4.72914964e-01
    4.75162804e-01 4.75617975e-01 4.76263463e-01 4.78955835e-01
    4.81317282e-01 4.91185695e-01 4.95318830e-01 4.96378392e-01
    4.88012314e-01 4.90359068e-01 4.82802063e-01 4.83087361e-01
    4.87119287e-01 4.80497360e-01 4.86526370e-01 4.83321160e-01
    4.80440080e-01 4.84995693e-01 4.84135211e-01 4.89145726e-01
    4.82855737e-01 4.89289075e-01 4.92645174e-01 4.93307084e-01
    4.91721183e-01 4.96731341e-01 5.08236945e-01 5.12351573e-01
    5.20741999e-01 5.15490413e-01 5.25646985e-01 5.18554509e-01
    5.22035837e-01 5.18417597e-01 5.12805760e-01 5.09509385e-01
    5.01627743e-01 5.09130657e-01 5.06550074e-01 5.05085826e-01
    5.08576334e-01 5.12754560e-01 5.12705982e-01 5.04404068e-01
    5.07084012e-01 5.03395975e-01 5.04186571e-01 5.03502309e-01
    5.16079247e-01 5.13340414e-01 5.20114064e-01 5.17364740e-01
    5.20478964e-01 5.24238706e-01 5.19517660e-01 5.20011902e-01
    5.15555501e-01 5.23140550e-01 5.29547930e-01 5.36619604e-01
    5.34641683e-01 5.32782257e-01 5.31096756e-01 5.39065123e-01
    5.35204589e-01 5.31420887e-01 5.33319116e-01 5.37967801e-01
    5.38985133e-01 5.42045653e-01 5.40957689e-01 5.43656766e-01
    5.41657925e-01 5.36467433e-01 5.29542923e-01 5.22003531e-01
    5.16649842e-01 5.13206840e-01 5.11898518e-01 5.09861469e-01
    5.00497937e-01 4.97993171e-01 4.93496627e-01 4.91157681e-01
    4.83749896e-01 4.79338259e-01 4.76418436e-01 4.73327786e-01
    4.81877923e-01 4.81641680e-01 4.83381480e-01 4.87235188e-01
    4.86976743e-01 4.88349140e-01 4.85239327e-01 4.78982717e-01
    4.87963587e-01 4.90157723e-01 4.94164973e-01 5.00553191e-01
    4.94235575e-01 4.97110963e-01 5.00850081e-01 5.01905441e-01
    4.98136938e-01 4.99356121e-01 4.98352677e-01 5.07639945e-01
    5.09711742e-01 5.18303156e-01 5.13905823e-01 5.19879043e-01
    5.30856013e-01 5.17260313e-01 5.21461368e-01 5.24752140e-01
    5.34703493e-01 5.42546988e-01 5.40566504e-01 5.45685172e-01
    5.40750146e-01 5.40884554e-01 5.33884764e-01 5.30499279e-01
    5.34088731e-01 5.21919549e-01 5.15223444e-01 5.21866381e-01
    5.25651276e-01 5.13615787e-01 5.10481358e-01 5.07596970e-01
    5.03257513e-01 4.83028591e-01 4.81853336e-01 4.87186283e-01
    4.79133397e-01 4.89052117e-01 4.93969053e-01 4.88746345e-01
    5.01230478e-01 4.95801717e-01 4.93444860e-01 4.88864511e-01
    4.85123247e-01 4.77072299e-01 4.80118185e-01 4.87364769e-01
    4.91372287e-01 4.92954522e-01 4.96388555e-01 4.92952913e-01
    4.97077823e-01 5.01613498e-01 4.85324681e-01 4.87196356e-01
    4.88872826e-01 4.79936093e-01 4.76937324e-01 4.85197544e-01
    4.84497577e-01 4.82887357e-01 4.86015856e-01 4.88121986e-01
    4.94042516e-01 4.95406896e-01 4.94093597e-01 5.03060281e-01
    4.98165756e-01 4.92280573e-01 4.92514759e-01 5.06113350e-01
    5.03918529e-01 5.06676018e-01 5.06401300e-01 5.08853257e-01
    5.17458737e-01 5.14117897e-01 5.20697117e-01 5.16309977e-01
    5.17894685e-01 5.14395893e-01 5.05910397e-01 5.11259854e-01
    5.04341424e-01 5.14018238e-01 5.11669397e-01 5.09481251e-01
    5.00519037e-01 4.99581188e-01 5.02745450e-01 5.02072573e-01
    4.94025111e-01 4.83023584e-01 4.85358000e-01 4.77624565e-01
    4.82503206e-01 4.82249916e-01 4.83326197e-01 4.93234456e-01
    4.91080195e-01 4.84210521e-01 4.83437508e-01 4.83278990e-01
    4.91881996e-01 5.02713144e-01 5.02972722e-01 4.93870676e-01
    5.02403259e-01 5.06675363e-01 5.13246894e-01 5.11890709e-01
    5.01284897e-01 4.98532027e-01 5.04249394e-01 5.05445361e-01
    5.08290946e-01 5.06690681e-01 5.19995272e-01 5.11301696e-01
    5.09199977e-01 5.00587463e-01 4.90080476e-01 4.94767696e-01
    4.99828219e-01 4.95450795e-01 4.91209149e-01 4.89013791e-01
    4.98082876e-01 5.14873922e-01 5.21819890e-01 5.12166202e-01
    5.14804959e-01 5.01088738e-01 5.07816195e-01 5.02772689e-01
    5.13497293e-01 5.13344586e-01 5.17767191e-01 5.25351584e-01
    5.20821869e-01 5.21429360e-01 5.15803933e-01 5.16328156e-01
    5.11016965e-01 4.98616517e-01 4.91917938e-01 4.84633982e-01
    4.86631602e-01 4.85889643e-01 4.89864737e-01 4.77070719e-01
    4.78195608e-01 4.66643602e-01 4.74243850e-01 4.73569065e-01
    4.73482609e-01 4.72740471e-01 4.74008858e-01 4.78081077e-01
    4.79072601e-01 4.86370832e-01 4.90656525e-01 4.92277265e-01
    4.90203887e-01 4.93581742e-01 4.83538687e-01 4.80525941e-01
    4.83731300e-01 4.77841139e-01 4.85465616e-01 4.84064817e-01
    4.81138051e-01 4.89181459e-01 4.89883184e-01 4.94833887e-01
    4.89452183e-01 4.94658679e-01 5.00452399e-01 5.03959835e-01
    4.99367028e-01 5.06491482e-01 5.15283883e-01 5.19075155e-01
    5.27243793e-01 5.23063123e-01 5.31177342e-01 5.23977518e-01
    5.26018381e-01 5.23755431e-01 5.15057445e-01 5.12470186e-01
    5.04677773e-01 5.10667324e-01 5.07935047e-01 5.07348478e-01
    5.09051502e-01 5.14719963e-01 5.12313724e-01 5.04684865e-01
    5.10607719e-01 5.07658899e-01 5.07329643e-01 5.06515622e-01
    5.18670738e-01 5.14340103e-01 5.19077957e-01 5.16443312e-01
    5.17984629e-01 5.23801208e-01 5.18682361e-01 5.17398298e-01
    5.13609350e-01 5.23305178e-01 5.28797865e-01 5.34087718e-01
    5.32208860e-01 5.29359996e-01 5.29853821e-01 5.35955071e-01
    5.34308016e-01 5.28740287e-01 5.30047357e-01 5.35331249e-01
    5.36006987e-01 5.39010227e-01 5.40938675e-01 5.42815685e-01
    5.43664396e-01 5.39507806e-01 5.31208038e-01 5.23712814e-01
    5.18852592e-01 5.16986549e-01 5.15129089e-01 5.12793779e-01
    5.08165538e-01 5.04824638e-01 5.01282275e-01 4.99515057e-01
    4.91826594e-01 4.90128547e-01 4.85875726e-01 4.82301861e-01
    4.88837123e-01 4.88607645e-01 4.84511465e-01 4.86387521e-01
    4.84701306e-01 4.87644821e-01 4.82696563e-01 4.78567362e-01
    4.86416072e-01 4.84912068e-01 4.91083860e-01 4.96633440e-01
    4.90194410e-01 4.91265714e-01 4.93797511e-01 4.96337473e-01
    4.91785586e-01 4.95620549e-01 4.95371610e-01 5.07163167e-01
    5.08590281e-01 5.18154204e-01 5.12562037e-01 5.17996371e-01
    5.26551664e-01 5.15716314e-01 5.19002199e-01 5.19232273e-01
    5.28702736e-01 5.36165118e-01 5.35619617e-01 5.39802730e-01
    5.35617888e-01 5.34070194e-01 5.22949219e-01 5.19224107e-01
    5.22567272e-01 5.11703134e-01 5.04082918e-01 5.11219800e-01
    5.15072405e-01 5.04277289e-01 5.00569701e-01 5.00127792e-01
    4.95526969e-01 4.77830678e-01 4.79240984e-01 4.85195726e-01
    4.79893953e-01 4.90908593e-01 4.96074557e-01 4.94955957e-01
    5.04772961e-01 4.99780297e-01 4.98759598e-01 4.97169644e-01
    4.95397240e-01 4.85975444e-01 4.90107119e-01 4.96906817e-01
    5.03260851e-01 5.06295562e-01 5.09143770e-01 5.03106415e-01
    5.07639289e-01 5.10922968e-01 4.93313313e-01 4.95455980e-01
    4.97709572e-01 4.90512073e-01 4.88178313e-01 4.97625053e-01
    4.96013075e-01 4.91721302e-01 4.98764098e-01 4.99415904e-01
    5.03590345e-01 5.00747859e-01 4.99470621e-01 5.07041991e-01
    5.02865851e-01 4.95941579e-01 4.94825751e-01 5.06304979e-01
    5.03928065e-01 5.02892613e-01 5.03631353e-01 5.05716085e-01
    5.11256993e-01 5.05921602e-01 5.13778627e-01 5.06195188e-01
    5.07323444e-01 5.03883183e-01 4.94146138e-01 4.97675836e-01
    4.91067350e-01 5.00607312e-01 4.98009562e-01 4.98420715e-01
    4.92080718e-01 4.89778906e-01 4.92849886e-01 4.90833968e-01
    4.82029855e-01 4.72359955e-01 4.75190312e-01 4.68106866e-01
    4.76308703e-01 4.78024811e-01 4.78556931e-01 4.88507479e-01
    4.87802565e-01 4.78908658e-01 4.78272706e-01 4.78960931e-01
    4.83229578e-01 4.92663920e-01 4.96788949e-01 4.92356837e-01
    5.03698349e-01 5.11809051e-01 5.17005861e-01 5.17679513e-01
    5.03990173e-01 4.98000801e-01 5.03278852e-01 5.06412983e-01
    5.08890390e-01 5.07179916e-01 5.22857904e-01 5.14997363e-01
    5.11852205e-01 5.07428944e-01 4.96094495e-01 5.00918388e-01
    5.04030049e-01 4.98558968e-01 4.93792444e-01 4.90249097e-01
    5.00367045e-01 5.18434763e-01 5.25294065e-01 5.13630688e-01
    5.14861345e-01 5.05809963e-01 5.12772620e-01 5.06821573e-01
    5.16809821e-01 5.16513705e-01 5.16516149e-01 5.24690509e-01
    5.19370317e-01 5.21905720e-01 5.16197503e-01 5.14898300e-01
    5.11945248e-01 4.99034941e-01 4.90971118e-01 4.87638205e-01
    4.90641654e-01 4.90910619e-01 4.93787408e-01 4.81970966e-01
    4.83561426e-01 4.72710550e-01 4.82123733e-01 4.84298468e-01
    4.82940942e-01 4.80036110e-01 4.76326168e-01 4.81672019e-01
    4.82513636e-01 4.87546742e-01 4.88271385e-01 4.94960934e-01
    4.88488823e-01 4.89187717e-01 4.74023223e-01 4.71892685e-01
    4.74107146e-01 4.72061634e-01 4.77212697e-01 4.78993207e-01
    4.73488361e-01 4.79287803e-01 4.79123473e-01 4.84658152e-01
    4.80704516e-01 4.84004319e-01 4.92887259e-01 4.99004215e-01
    4.93909150e-01 5.01225173e-01 5.10920048e-01 5.17560244e-01
    5.24063647e-01 5.20626485e-01 5.27970910e-01 5.19171774e-01
    5.21201730e-01 5.20864427e-01 5.13181567e-01 5.09032369e-01
    5.01271248e-01 5.08258045e-01 5.07897973e-01 5.05212903e-01
    5.04345298e-01 5.07484317e-01 5.06581962e-01 4.97753143e-01
    5.03717780e-01 5.03750443e-01 5.06801605e-01 5.02607584e-01
    5.14823079e-01 5.09021342e-01 5.14969170e-01 5.11097312e-01
    5.13411939e-01 5.21125555e-01 5.12441933e-01 5.07410109e-01
    5.03901780e-01 5.15911698e-01 5.20938039e-01 5.24471343e-01
    5.22034347e-01 5.18853545e-01 5.17596185e-01 5.20587265e-01
    5.21704793e-01 5.18956780e-01 5.21184564e-01 5.24081051e-01
    5.22888720e-01 5.29292643e-01 5.28360605e-01 5.33438623e-01
    5.39150417e-01 5.36617935e-01 5.23662269e-01 5.20166516e-01
    5.15415013e-01 5.14616728e-01 5.13742924e-01 5.10545194e-01
    5.05674541e-01 5.01022995e-01 4.95143265e-01 4.91081446e-01
    4.83070910e-01 4.84615743e-01 4.79948580e-01 4.77420688e-01
    4.85600859e-01 4.81996208e-01 4.78842616e-01 4.80914176e-01
    4.77307826e-01 4.82262135e-01 4.79255795e-01 4.74761516e-01
    4.84323531e-01 4.87255424e-01 4.92839366e-01 4.99714047e-01
    4.95312154e-01 5.01851022e-01 5.03439307e-01 5.05109847e-01
    4.98717070e-01 4.98184353e-01 4.97177273e-01 5.08287728e-01
    5.13394475e-01 5.24554133e-01 5.19060314e-01 5.22468746e-01
    5.28923154e-01 5.18249750e-01 5.18095911e-01 5.19160271e-01
    5.25545180e-01 5.31083047e-01 5.28280258e-01 5.33726335e-01
    5.31004786e-01 5.30045509e-01 5.22348166e-01 5.19896567e-01
    5.23515999e-01 5.12992859e-01 5.06012440e-01 5.12454510e-01
    5.15351892e-01 5.07443130e-01 5.04535973e-01 5.02452731e-01
    5.01439273e-01 4.86630768e-01 4.89069045e-01 4.96797621e-01
    4.91238683e-01 5.02782881e-01 5.08325517e-01 5.06089926e-01
    5.17567217e-01 5.10012627e-01 5.08740842e-01 5.08315861e-01
    5.03665864e-01 4.97900426e-01 5.01277864e-01 5.09047449e-01
    5.17798364e-01 5.17582834e-01 5.19559205e-01 5.14846802e-01
    5.16603231e-01 5.17763853e-01 4.97823238e-01 5.00609517e-01
    5.01518488e-01 4.95187759e-01 4.93346393e-01 5.03769040e-01
    4.98636544e-01 4.95861888e-01 5.00863492e-01 5.02030075e-01
    5.03231466e-01 4.99803454e-01 4.98807311e-01 5.06363273e-01
    5.02258301e-01 4.95419204e-01 4.92520392e-01 5.05674481e-01
    5.05355597e-01 5.04973948e-01 5.07716417e-01 5.10608435e-01
    5.16764283e-01 5.12289941e-01 5.20447314e-01 5.12451947e-01
    5.12054324e-01 5.07563710e-01 4.99488562e-01 5.03037274e-01
    4.95469004e-01 5.06256878e-01 5.01902938e-01 5.07182896e-01
    4.99176145e-01 4.93307233e-01 4.96824265e-01 4.92393285e-01
    4.87316638e-01 4.74503249e-01 4.75570112e-01 4.69167441e-01
    4.76554394e-01 4.78411555e-01 4.82584417e-01 4.93124306e-01
    4.92317915e-01 4.83707100e-01 4.80537683e-01 4.83271122e-01
    4.84415919e-01 4.95663881e-01 5.02288580e-01 4.97787088e-01
    5.08321464e-01 5.14093578e-01 5.17394841e-01 5.21229267e-01
    5.07951438e-01 5.04399836e-01 5.09343207e-01 5.09127915e-01
    5.09685159e-01 5.06902993e-01 5.24090350e-01 5.18017232e-01
    5.14281929e-01 5.10406554e-01 4.98694777e-01 5.00855505e-01
    5.03096700e-01 4.96947020e-01 4.91392821e-01 4.90940541e-01
    4.98912126e-01 5.14625609e-01 5.18558145e-01 5.07470846e-01
    5.09083152e-01 4.99922961e-01 5.11074126e-01 5.04813850e-01
    5.14110744e-01 5.15352964e-01 5.17181933e-01 5.23193002e-01
    5.18071830e-01 5.21364570e-01 5.15351474e-01 5.14693618e-01
    5.10836840e-01 4.99903053e-01 4.91610110e-01 4.88781929e-01
    4.94022876e-01 4.98552352e-01 5.00387669e-01 4.84457254e-01
    4.83528763e-01 4.76010948e-01 4.81640279e-01 4.81682032e-01
    4.83463824e-01 4.81156707e-01 4.77902442e-01 4.82821047e-01
    4.83274311e-01 4.85314697e-01 4.84468848e-01 4.92724955e-01
    4.89263654e-01 4.90549862e-01 4.73014176e-01 4.71853405e-01
    4.71035093e-01 4.73418623e-01 4.78384733e-01 4.76688862e-01
    4.70749468e-01 4.75956887e-01 4.77667660e-01 4.86465931e-01
    4.84814793e-01 4.87769574e-01 4.98606622e-01 5.04806221e-01
    4.99451339e-01 5.05113602e-01 5.14172316e-01 5.21463096e-01
    5.27015507e-01 5.26274025e-01 5.30052662e-01 5.19359827e-01
    5.24779320e-01 5.24880111e-01 5.17599523e-01 5.11509001e-01
    5.03033698e-01 5.08396685e-01 5.08805811e-01 5.05102873e-01
    5.03993869e-01 5.07230461e-01 5.08244634e-01 4.97102708e-01
    5.02416909e-01 5.03494680e-01 5.01830637e-01 5.00986159e-01
    5.10198712e-01 5.04276216e-01 5.08428752e-01 5.06455183e-01
    5.07834971e-01 5.13800740e-01 5.05642891e-01 5.00443816e-01
    4.99363959e-01 5.11957765e-01 5.17322719e-01 5.20075262e-01
    5.21932244e-01 5.18041611e-01 5.17094493e-01 5.21046877e-01
    5.19549489e-01 5.19728601e-01 5.21280169e-01 5.21229327e-01
    5.17012835e-01 5.22905648e-01 5.22124767e-01 5.25321364e-01
    5.30347347e-01 5.28452098e-01 5.14578640e-01 5.09078741e-01
    5.03762782e-01 5.01549244e-01 5.00595510e-01 4.97703254e-01
    4.94114578e-01 4.89407212e-01 4.84938979e-01 4.78872567e-01
    4.70801085e-01 4.75323319e-01 4.72086757e-01 4.69752610e-01
    4.79583472e-01 4.74826872e-01 4.72022295e-01 4.76456493e-01
    4.74180579e-01 4.79405820e-01 4.75706816e-01 4.75734830e-01
    4.86741722e-01 4.89873916e-01 4.97036636e-01 5.00633836e-01
    4.95442450e-01 5.04733562e-01 5.03341913e-01 5.04433274e-01
    4.99846786e-01 4.96923536e-01 5.00221968e-01 5.11690140e-01
    5.17794728e-01 5.29780924e-01 5.25038242e-01 5.28705180e-01
    5.31337917e-01 5.21224976e-01 5.19055128e-01 5.18763602e-01
    5.24759948e-01 5.34237802e-01 5.29830813e-01 5.38391709e-01
    5.38171232e-01 5.35188317e-01 5.27558029e-01 5.25138378e-01
    5.24122238e-01 5.11517107e-01 5.04247248e-01 5.09055018e-01
    5.10390639e-01 5.03472686e-01 4.97699320e-01 4.97342765e-01
    4.98257816e-01 4.83286798e-01 4.84965354e-01 4.92901236e-01
    4.84525830e-01 4.94052202e-01 5.00316322e-01 5.00831604e-01
    5.10081708e-01 5.07144749e-01 5.06783247e-01 5.05318642e-01
    5.01004219e-01 4.95217532e-01 4.98880386e-01 5.08414626e-01
    5.19519091e-01 5.17850697e-01 5.22613764e-01 5.19520581e-01
    5.22935808e-01 5.27076542e-01 5.08975089e-01 5.12911737e-01
    5.09472787e-01 5.03508985e-01 4.99883771e-01 5.11591136e-01
    5.07348835e-01 5.06171405e-01 5.13190806e-01 5.13046384e-01
    5.12539089e-01 5.05617678e-01 5.04226565e-01 5.13819098e-01
    5.09109735e-01 5.00967443e-01 4.97051865e-01 5.08374989e-01
    5.05615592e-01 5.10048747e-01 5.13422847e-01 5.14174283e-01
    5.17289639e-01 5.13369679e-01 5.20937681e-01 5.13314784e-01
    5.15243709e-01 5.12467682e-01 5.06391823e-01 5.11257529e-01
    5.00904202e-01 5.09793758e-01 5.06832659e-01 5.11612415e-01
    5.05539656e-01 5.01808286e-01 5.04239857e-01 4.97003257e-01
    4.94021893e-01 4.83662099e-01 4.81722534e-01 4.74547237e-01
    4.80802774e-01 4.78678674e-01 4.84133810e-01 4.91557091e-01
    4.89004880e-01 4.81405586e-01 4.76919860e-01 4.77292597e-01
    4.79538113e-01 4.87145871e-01 4.93588209e-01 4.89540756e-01
    5.01839399e-01 5.06232500e-01 5.10075212e-01 5.19571781e-01
    5.09245932e-01 5.05243421e-01 5.14073730e-01 5.10636866e-01
    5.13999343e-01 5.09657562e-01 5.26553869e-01 5.22831261e-01
    5.21845520e-01 5.19954085e-01 5.09473562e-01 5.11994243e-01
    5.13246715e-01 5.07936001e-01 5.03840029e-01 5.02824366e-01
    5.07868826e-01 5.22583306e-01 5.27057111e-01 5.14923871e-01
    5.15801728e-01 5.05798817e-01 5.22648275e-01 5.17395735e-01
    5.26275814e-01 5.25709450e-01 5.27368248e-01 5.34210265e-01
    5.26527047e-01 5.30281007e-01 5.25191188e-01 5.21813571e-01
    5.17297268e-01 5.07123888e-01 4.97550577e-01 4.93508041e-01
    4.99136716e-01 5.07060826e-01 5.07583916e-01 4.91571277e-01
    4.86123264e-01 4.80911940e-01 4.88029659e-01 4.88184839e-01
    4.89083767e-01 4.88518715e-01 4.82743353e-01 4.85209137e-01
    4.87856090e-01 4.86675024e-01 4.83913541e-01 4.92244929e-01
    4.89954919e-01 4.88332868e-01 4.69535321e-01 4.68839645e-01
    4.69923139e-01 4.74677175e-01 4.78828788e-01 4.77953941e-01
    4.69539583e-01 4.71265584e-01 4.69911754e-01 4.79402930e-01
    4.76829648e-01 4.79511142e-01 4.87551421e-01 4.90545958e-01
    4.86519516e-01 4.92600024e-01 5.01406550e-01 5.07697344e-01
    5.14708996e-01 5.14802694e-01 5.18239737e-01 5.07995903e-01
    5.11925936e-01 5.17155290e-01 5.11566281e-01 5.07855058e-01
    5.01283944e-01 5.08558452e-01 5.11634827e-01 5.09402514e-01
    5.07551491e-01 5.10311663e-01 5.08727729e-01 4.97891396e-01
    5.05561769e-01 5.06370425e-01 5.03715694e-01 5.01592577e-01
    5.07861555e-01 5.01903474e-01 5.03206491e-01 5.01393318e-01
    5.01429260e-01 5.06255150e-01 4.97147858e-01 4.92241293e-01
    4.89677429e-01 5.05122662e-01 5.10800123e-01 5.14642537e-01
    5.17462373e-01 5.13233483e-01 5.13030231e-01 5.14703393e-01
    5.13919473e-01 5.15467465e-01 5.18918931e-01 5.19690454e-01
    5.15028298e-01 5.18894732e-01 5.21613121e-01 5.23382843e-01
    5.29882491e-01 5.29087067e-01 5.14218271e-01 5.07345796e-01
    5.01160681e-01 4.98569340e-01 4.95432943e-01 4.88995463e-01
    4.88885820e-01 4.83995587e-01 4.79321659e-01 4.73023504e-01
    4.64975297e-01 4.70115513e-01 4.71576065e-01 4.66522455e-01
    4.75620091e-01 4.68041867e-01 4.65354800e-01 4.69722658e-01
    4.66953546e-01 4.73241121e-01 4.70252514e-01 4.71443892e-01
    4.84368116e-01 4.86122489e-01 4.91411418e-01 4.96407002e-01
    4.93125796e-01 5.02089441e-01 5.01776040e-01 5.00665903e-01
    4.95548755e-01 4.93324697e-01 4.96149331e-01 5.05488276e-01
    5.11142969e-01 5.21361887e-01 5.17336488e-01 5.20953417e-01
    5.23722410e-01 5.11197746e-01 5.11430204e-01 5.12122333e-01
    5.17146230e-01 5.21746933e-01 5.19250453e-01 5.27746677e-01
    5.29518843e-01 5.27761996e-01 5.21720767e-01 5.19319057e-01
    5.18472612e-01 5.07868409e-01 5.03860474e-01 5.10671735e-01
    5.09929717e-01 5.06071031e-01 5.04007339e-01 5.04219413e-01
    5.03772974e-01 4.87932831e-01 4.93920922e-01 4.97191489e-01
    4.87442613e-01 4.94979233e-01 5.00356197e-01 4.99796480e-01
    5.10082304e-01 5.09465456e-01 5.07724702e-01 5.03663898e-01
    4.96280104e-01 4.93218690e-01 4.96225566e-01 5.04235387e-01
    5.14897943e-01 5.17290533e-01 5.23825347e-01 5.16904294e-01
    5.22866309e-01 5.26085317e-01 5.07869005e-01 5.12325406e-01
    5.12322128e-01 5.07323265e-01 5.04224122e-01 5.15810847e-01
    5.13583839e-01 5.12838125e-01 5.20677805e-01 5.18654227e-01
    5.18310249e-01 5.11412501e-01 5.06509066e-01 5.13697147e-01
    5.11903286e-01 5.01993656e-01 4.97166306e-01 5.07449389e-01
    5.07272065e-01 5.07509470e-01 5.12782693e-01 5.11315763e-01
    5.12469888e-01 5.10666788e-01 5.20065665e-01 5.08744299e-01
    5.08622766e-01 5.06378055e-01 4.97802734e-01 5.07275999e-01
    4.99757141e-01 5.09449661e-01 5.08021176e-01 5.14865935e-01
    5.12019813e-01 5.07983565e-01 5.12711942e-01 5.02501130e-01
    4.99195546e-01 4.89560425e-01 4.86973047e-01 4.82558072e-01
    4.92426276e-01 4.94768649e-01 5.00695109e-01 5.06966829e-01
    5.02902687e-01 4.95306849e-01 4.91737604e-01 4.89703149e-01
    4.92045164e-01 4.97290075e-01 5.02656937e-01 4.97171104e-01
    5.08594811e-01 5.14287412e-01 5.20734191e-01 5.27703881e-01
    5.16405582e-01 5.11671603e-01 5.15153468e-01 5.09547412e-01
    5.14789224e-01 5.12448728e-01 5.27370811e-01 5.22043645e-01
    5.23120344e-01 5.19873917e-01 5.10874450e-01 5.13872325e-01
    5.17670095e-01 5.13687789e-01 5.12387097e-01 5.09179950e-01
    5.13598800e-01 5.22589624e-01 5.28699040e-01 5.20961940e-01
    5.23122191e-01 5.13306737e-01 5.26428819e-01 5.22282541e-01
    5.33040762e-01 5.34994066e-01 5.37537932e-01 5.43720603e-01
    5.34999013e-01 5.35401702e-01 5.29758692e-01 5.23605287e-01
    5.21379113e-01 5.15118957e-01 5.09247422e-01 4.99927521e-01
    5.06801963e-01 5.15108347e-01 5.14731765e-01 4.96949524e-01
    4.89943177e-01 4.83340830e-01 4.87775594e-01 4.87764627e-01
    4.90124315e-01 4.90839273e-01 4.83402550e-01 4.86355007e-01
    4.86976922e-01 4.85929817e-01 4.83318716e-01 4.91266489e-01
    4.89255846e-01 4.88214910e-01 4.72222209e-01 4.73953545e-01
    4.74588096e-01 4.79613036e-01 4.82455790e-01 4.83611256e-01
    4.77592915e-01 4.79200423e-01 4.76339310e-01 4.85014707e-01
    4.81220216e-01 4.83731955e-01 4.93459433e-01 4.94342834e-01
    4.92348343e-01 4.96691138e-01 5.03607690e-01 5.08033216e-01
    5.12894213e-01 5.12498021e-01 5.18392980e-01 5.10872602e-01
    5.12721777e-01 5.15692294e-01 5.11319220e-01 5.07897854e-01
    5.02022088e-01 5.07549405e-01 5.09809136e-01 5.06365299e-01
    5.05437136e-01 5.06870449e-01 5.05483568e-01 4.95986104e-01
    5.03887355e-01 5.03831744e-01 4.99009967e-01 4.94446516e-01
    5.01017153e-01 4.96135235e-01 4.95435238e-01 4.94472057e-01
    4.94534433e-01 4.97440279e-01 4.91241693e-01 4.88510042e-01
    4.84800071e-01 4.98147458e-01 5.04631341e-01 5.09559512e-01
    5.11955261e-01 5.07755160e-01 5.09430408e-01 5.13266265e-01
    5.12300193e-01 5.12879014e-01 5.12524426e-01 5.14241338e-01
    5.08572400e-01 5.12040079e-01 5.17245412e-01 5.17146587e-01
    5.23812652e-01 5.23580849e-01 5.13169050e-01 5.07298231e-01
    5.02394199e-01 5.01139939e-01 4.96426404e-01 4.92492944e-01
    4.93328065e-01 4.88863021e-01 4.84138846e-01 4.82658088e-01
    4.74180996e-01 4.78696376e-01 4.79173332e-01 4.71066594e-01
    4.79200542e-01 4.70484197e-01 4.70365256e-01 4.71658587e-01
    4.68317330e-01 4.73740369e-01 4.67365146e-01 4.69452024e-01
    4.79606658e-01 4.80013549e-01 4.86697584e-01 4.89853740e-01
    4.84253734e-01 4.95916218e-01 4.96137589e-01 4.97416079e-01
    4.96326119e-01 4.94656652e-01 4.97123450e-01 5.04240394e-01
    5.10606289e-01 5.22866905e-01 5.16168058e-01 5.23061514e-01
    5.25216997e-01 5.14416873e-01 5.12865424e-01 5.12524128e-01
    5.16911149e-01 5.22478104e-01 5.19081712e-01 5.27998149e-01
    5.26654899e-01 5.25306463e-01 5.19299567e-01 5.16189277e-01
    5.15566826e-01 5.03986239e-01 5.00524044e-01 5.09444416e-01
    5.07010043e-01 5.05710423e-01 5.02942562e-01 5.04516065e-01
    5.03397405e-01 4.87424195e-01 4.92738336e-01 4.94579703e-01
    4.86168116e-01 4.95838523e-01 4.98270988e-01 4.97469515e-01
    5.05932391e-01 5.06749868e-01 5.06875992e-01 5.02088487e-01
    4.96520489e-01 4.96612459e-01 4.98906076e-01 5.04177392e-01
    5.15916765e-01 5.16236007e-01 5.26216090e-01 5.19403875e-01
    5.23668766e-01 5.27853608e-01 5.09448409e-01 5.13044357e-01
    5.14254630e-01 5.11388242e-01 5.06776392e-01 5.17624140e-01
    5.14642775e-01 5.13358712e-01 5.19265473e-01 5.19759655e-01
    5.22295952e-01 5.16342521e-01 5.13064981e-01 5.19157290e-01
    5.15569508e-01 5.09432256e-01 5.03543973e-01 5.14306724e-01
    5.17897725e-01 5.18528938e-01 5.24249554e-01 5.21857738e-01
    5.21052718e-01 5.19455969e-01 5.27967572e-01 5.18257201e-01
    5.15771627e-01 5.15403688e-01 5.05899310e-01 5.13411343e-01
    5.05926311e-01 5.16846478e-01 5.11789143e-01 5.14976263e-01
    5.11528969e-01 5.04863620e-01 5.09750664e-01 4.98981178e-01
    4.95516568e-01 4.87248302e-01 4.84539062e-01 4.80898201e-01
    4.86940652e-01 4.87017214e-01 4.89700615e-01 4.94965523e-01
    4.93020445e-01 4.84538347e-01 4.81688917e-01 4.81769264e-01
    4.84604716e-01 4.88191515e-01 4.95295912e-01 4.88224357e-01
    4.99683976e-01 5.04846096e-01 5.11549652e-01 5.15244961e-01
    5.04443645e-01 5.03517926e-01 5.08284569e-01 5.05717576e-01
    5.09451687e-01 5.09058774e-01 5.24836540e-01 5.19148469e-01
    5.19459903e-01 5.18201947e-01 5.12550712e-01 5.13626635e-01
    5.17507255e-01 5.13470948e-01 5.16576290e-01 5.11839867e-01
    5.20053506e-01 5.27872682e-01 5.29623806e-01 5.21974623e-01
    5.25789380e-01 5.20734251e-01 5.32733500e-01 5.29293716e-01
    5.40001929e-01 5.41031122e-01 5.42671859e-01 5.48451543e-01
    5.39775431e-01 5.43751359e-01 5.37875116e-01 5.28407753e-01
    5.29356122e-01 5.21825671e-01 5.18854260e-01 5.11203945e-01
    5.18021286e-01 5.21738529e-01 5.16268909e-01 4.99674290e-01
    4.90470588e-01 4.84085113e-01 4.90326107e-01 4.91297454e-01
    4.92353886e-01 4.94095296e-01 4.84867930e-01 4.89586085e-01
    4.90814030e-01 4.87823606e-01 4.86370921e-01 4.90004212e-01
    4.88204956e-01 4.83261555e-01 4.68099475e-01 4.67687190e-01
    4.67666954e-01 4.72696215e-01 4.75926191e-01 4.75191355e-01
    4.68305677e-01 4.70357656e-01 4.66806293e-01 4.76495147e-01
    4.73110437e-01 4.76032346e-01 4.86266851e-01 4.86603260e-01
    4.83574837e-01 4.87380594e-01 4.97464925e-01 5.03567100e-01
    5.08098543e-01 5.09040713e-01 5.14253676e-01 5.06574631e-01
    5.10331213e-01 5.11845469e-01 5.09090841e-01 5.04863918e-01
    4.98489320e-01 5.03991544e-01 5.04600048e-01 5.00181317e-01
    5.00279129e-01 5.05460620e-01 5.03511906e-01 4.96060997e-01
    5.03895819e-01 5.06999969e-01 5.03163755e-01 4.99735862e-01
    5.08018970e-01 5.01876831e-01 5.03394902e-01 5.04420757e-01
    5.04193902e-01 5.07489622e-01 5.03923476e-01 5.00691652e-01
    4.98491347e-01 5.09734750e-01 5.12314618e-01 5.15905023e-01
    5.18829346e-01 5.13401449e-01 5.11234581e-01 5.12773037e-01
    5.13511837e-01 5.13969183e-01 5.13020217e-01 5.14044464e-01
    5.06526589e-01 5.11004210e-01 5.17337501e-01 5.14725447e-01
    5.21674335e-01 5.23299098e-01 5.14530838e-01 5.09494960e-01
    5.06392956e-01 5.01060367e-01 4.97822553e-01 4.93097574e-01
    4.92722660e-01 4.89026040e-01 4.83562291e-01 4.85757232e-01
    4.79439616e-01 4.83098060e-01 4.84684408e-01 4.77069288e-01
    4.85483140e-01 4.77113426e-01 4.75521296e-01 4.74525958e-01
    4.71852511e-01 4.75061148e-01 4.70327437e-01 4.72931117e-01
    4.85501438e-01 4.89313632e-01 4.93524849e-01 4.97772247e-01
    4.90646988e-01 4.98589635e-01 5.00023782e-01 4.98402596e-01
    4.95905548e-01 4.93636161e-01 4.95207816e-01 4.99836057e-01
    5.07822871e-01 5.18591404e-01 5.14190435e-01 5.20955741e-01
    5.21199048e-01 5.10189176e-01 5.08315623e-01 5.06673455e-01
    5.08822680e-01 5.12499034e-01 5.08970082e-01 5.19080043e-01
    5.22241533e-01 5.21942317e-01 5.13768852e-01 5.13899505e-01
    5.15275359e-01 5.06764472e-01 5.05134106e-01 5.14908016e-01
    5.12528241e-01 5.14486313e-01 5.10855556e-01 5.09651244e-01
    5.10023057e-01 4.95744765e-01 5.01140296e-01 5.05249798e-01
    4.96665895e-01 5.03757060e-01 5.06237924e-01 5.07237136e-01
    5.11531055e-01 5.12648165e-01 5.08351624e-01 5.05114853e-01
    4.98493135e-01 4.98286724e-01 4.95625794e-01 5.01953602e-01
    5.15169084e-01 5.18190622e-01 5.25107265e-01 5.21820605e-01
    5.25887430e-01 5.28376341e-01 5.10452747e-01 5.12019992e-01
    5.16392529e-01 5.15429497e-01 5.10505021e-01 5.21739244e-01
    5.15382707e-01 5.13913035e-01 5.20199656e-01 5.20942092e-01
    5.20634890e-01 5.15527010e-01 5.09033322e-01 5.16129792e-01
    5.10676801e-01 5.02102733e-01 4.97269094e-01 5.10227323e-01
    5.16474664e-01 5.17677367e-01 5.23519218e-01 5.21868467e-01
    5.22929490e-01 5.23184478e-01 5.33608735e-01 5.23877919e-01
    5.22713900e-01 5.26261389e-01 5.16933799e-01 5.26020765e-01
    5.19626200e-01 5.27590096e-01 5.23165166e-01 5.26621401e-01
    5.20901501e-01 5.12850761e-01 5.14238834e-01 5.01942694e-01
    4.96524990e-01 4.88963097e-01 4.83945161e-01 4.78366584e-01
    4.83157158e-01 4.81362700e-01 4.80831176e-01 4.82445359e-01
    4.76446986e-01 4.66604859e-01 4.64726061e-01 4.68062609e-01
    4.69922811e-01 4.74116117e-01 4.81446117e-01 4.74466056e-01
    4.85439360e-01 4.89891559e-01 4.94620383e-01 5.01410902e-01
    4.92589444e-01 4.95211661e-01 5.02400398e-01 5.00843287e-01
    5.04449904e-01 5.08862019e-01 5.23802996e-01 5.18860340e-01
    5.17108917e-01 5.13535857e-01 5.08978784e-01 5.08920312e-01
    5.10358274e-01 5.08784473e-01 5.15337586e-01 5.10443985e-01
    5.14208019e-01 5.17098784e-01 5.16308963e-01 5.08580744e-01
    5.11658728e-01 5.09624839e-01 5.19876242e-01 5.17806590e-01
    5.29404879e-01 5.31858802e-01 5.33553183e-01 5.38591981e-01
    5.31922042e-01 5.39584458e-01 5.32414377e-01 5.22960901e-01
    5.24001420e-01 5.20607412e-01 5.19014657e-01 5.10935128e-01
    5.18653393e-01 5.21464586e-01 5.17955959e-01 5.01501441e-01
    4.92450327e-01 4.85642105e-01 4.90820587e-01 4.94257689e-01
    4.92367655e-01 4.93396550e-01 4.82103497e-01 4.86479044e-01
    4.88080829e-01 4.84597772e-01 4.81589377e-01 4.87307668e-01
    4.96855974e-01 4.92209822e-01 4.79303449e-01 4.80564415e-01
    4.79192913e-01 4.85202134e-01 4.86646354e-01 4.85458374e-01
    4.77791578e-01 4.82700795e-01 4.77815181e-01 4.90806401e-01
    4.87534821e-01 4.91695344e-01 4.98760998e-01 4.96992320e-01
    4.96741086e-01 4.99740124e-01 5.09457171e-01 5.14002204e-01
    5.19342422e-01 5.19887865e-01 5.22289693e-01 5.13284743e-01
    5.17141998e-01 5.17663181e-01 5.10563552e-01 5.09781957e-01
    5.05101562e-01 5.09215236e-01 5.08427620e-01 5.05038977e-01
    5.06048143e-01 5.09014308e-01 5.08475959e-01 5.01243293e-01
    5.11321187e-01 5.11480391e-01 5.08122325e-01 5.08157134e-01
    5.15550196e-01 5.07201850e-01 5.09668946e-01 5.13162434e-01
    5.11029541e-01 5.11402190e-01 5.09497643e-01 5.06815255e-01
    5.03850222e-01 5.11570513e-01 5.12479126e-01 5.12800097e-01
    5.16671479e-01 5.10586143e-01 5.08721173e-01 5.09653151e-01
    5.08370221e-01 5.08980811e-01 5.11177301e-01 5.10182917e-01
    5.01600027e-01 5.07288516e-01 5.11019647e-01 5.07958472e-01
    5.16437054e-01 5.17610788e-01 5.11519969e-01 5.06080568e-01
    5.04454732e-01 4.98538285e-01 4.93120790e-01 4.88411844e-01
    4.88833427e-01 4.89223242e-01 4.84771580e-01 4.87677753e-01
    4.82197225e-01 4.86797363e-01 4.87829059e-01 4.84320849e-01
    4.89324421e-01 4.79558051e-01 4.78388339e-01 4.77205902e-01
    4.76202220e-01 4.81971741e-01 4.78019983e-01 4.81610119e-01
    4.90448713e-01 4.94217813e-01 4.95333105e-01 4.98038739e-01
    4.91652519e-01 4.98571187e-01 4.99080867e-01 4.99813229e-01
    4.94922101e-01 4.95071411e-01 4.96730983e-01 5.00468016e-01
    5.08146763e-01 5.21206260e-01 5.14617741e-01 5.21904886e-01
    5.21893442e-01 5.12615025e-01 5.10101080e-01 5.09407341e-01
    5.11615932e-01 5.11628747e-01 5.09374619e-01 5.19343138e-01
    5.22057176e-01 5.23949802e-01 5.14477074e-01 5.17336607e-01
    5.19738019e-01 5.13912201e-01 5.10292709e-01 5.19449770e-01
    5.14455318e-01 5.18803000e-01 5.20092607e-01 5.20797908e-01
    5.21115899e-01 5.10850191e-01 5.17450929e-01 5.20465136e-01
    5.11713982e-01 5.15441895e-01 5.14779150e-01 5.19368470e-01
    5.22098780e-01 5.22057593e-01 5.15990078e-01 5.09696126e-01
    5.04582703e-01 5.04283369e-01 5.00185311e-01 5.04759431e-01
    5.16052783e-01 5.18487811e-01 5.25645733e-01 5.22071183e-01
    5.27954042e-01 5.32031715e-01 5.16330421e-01 5.21137357e-01
    5.22486031e-01 5.20085037e-01 5.16308188e-01 5.27160943e-01
    5.21843910e-01 5.20382226e-01 5.29469311e-01 5.27170300e-01
    5.24419248e-01 5.18818378e-01 5.12959659e-01 5.17082810e-01
    5.09917498e-01 5.01475096e-01 4.97662991e-01 5.09545028e-01
    5.14329791e-01 5.16772091e-01 5.21537840e-01 5.21268666e-01
    5.20916164e-01 5.23979604e-01 5.34694016e-01 5.26076615e-01
    5.27805924e-01 5.32571316e-01 5.23017228e-01 5.28805614e-01
    5.23019969e-01 5.32373905e-01 5.26296556e-01 5.30058563e-01
    5.22687078e-01 5.13193190e-01 5.14518499e-01 5.03657401e-01
    4.97540385e-01 4.89168644e-01 4.85994548e-01 4.79329318e-01
    4.79757905e-01 4.77974325e-01 4.78075266e-01 4.80465323e-01
    4.77034450e-01 4.68972236e-01 4.66877073e-01 4.71209049e-01
    4.68157202e-01 4.73218143e-01 4.80844676e-01 4.74955022e-01
    4.85342979e-01 4.90498751e-01 4.96583581e-01 5.01121163e-01
    4.94287580e-01 4.98659849e-01 5.03991783e-01 5.00418723e-01
    5.04308701e-01 5.09649694e-01 5.23228049e-01 5.19348145e-01
    5.17780900e-01 5.15829325e-01 5.12495637e-01 5.14569938e-01
    5.16150355e-01 5.12727737e-01 5.18665016e-01 5.12392759e-01
    5.15459478e-01 5.18049717e-01 5.16093373e-01 5.08979797e-01
    5.11257648e-01 5.09527981e-01 5.16146243e-01 5.13693035e-01
    5.24541795e-01 5.26871383e-01 5.27976155e-01 5.31577945e-01
    5.25244474e-01 5.31357229e-01 5.25229633e-01 5.16798735e-01
    5.21776795e-01 5.17958939e-01 5.15001059e-01 5.09612322e-01
    5.17041683e-01 5.20481706e-01 5.16801953e-01 5.05095541e-01
    4.94430721e-01 4.91341412e-01 4.95852590e-01 5.03017366e-01
    5.02375543e-01 5.01638949e-01 4.87439126e-01 4.94207025e-01
    4.93550301e-01 4.91497785e-01 4.90808249e-01 4.96547520e-01
    4.97940332e-01 4.91341174e-01 4.78230327e-01 4.76575494e-01
    4.79716599e-01 4.82061893e-01 4.86946255e-01 4.86575723e-01
    4.81207222e-01 4.87167001e-01 4.83879238e-01 4.95508283e-01
    4.97396111e-01 4.98860985e-01 5.08366764e-01 5.08074462e-01
    5.07433295e-01 5.08274496e-01 5.20523012e-01 5.27131557e-01
    5.31821966e-01 5.27812481e-01 5.30823648e-01 5.21047473e-01
    5.24480343e-01 5.21806359e-01 5.12059093e-01 5.10369003e-01
    5.02882779e-01 5.05909085e-01 5.08134127e-01 5.07693589e-01
    5.06938457e-01 5.10039210e-01 5.11771977e-01 5.00102103e-01
    5.08399248e-01 5.07421613e-01 5.06264269e-01 5.06836355e-01
    5.12946308e-01 5.04174054e-01 5.05910218e-01 5.14009237e-01
    5.10836005e-01 5.10690391e-01 5.07110775e-01 5.05593896e-01
    5.00191391e-01 5.06906092e-01 5.07976770e-01 5.08797228e-01
    5.13715863e-01 5.07596135e-01 5.06479919e-01 5.05793929e-01
    5.04621804e-01 5.04561067e-01 5.03856957e-01 5.03172457e-01
    4.93039876e-01 4.98152107e-01 5.02325416e-01 4.97007489e-01
    5.02761424e-01 5.01074791e-01 4.94024545e-01 4.88988668e-01
    4.84712064e-01 4.80348200e-01 4.74247187e-01 4.70074505e-01
    4.74015892e-01 4.72969979e-01 4.67342466e-01 4.71773863e-01
    4.65106368e-01 4.69155043e-01 4.71385241e-01 4.71401870e-01
    4.81427997e-01 4.70605493e-01 4.72005844e-01 4.69603539e-01
    4.66929197e-01 4.75284040e-01 4.72790241e-01 4.76769388e-01
    4.83474493e-01 4.86798733e-01 4.91487473e-01 4.93800640e-01
    4.90610331e-01 4.97196704e-01 5.00485122e-01 5.01785517e-01
    4.93942440e-01 4.91050005e-01 4.96137708e-01 4.99692321e-01
    5.10676920e-01 5.24746418e-01 5.16294539e-01 5.24286926e-01
    5.23812234e-01 5.17792284e-01 5.15431643e-01 5.14112175e-01
    5.17166078e-01 5.17628014e-01 5.18275857e-01 5.24531484e-01
    5.29635787e-01 5.33639133e-01 5.26000321e-01 5.26710093e-01
    5.28496504e-01 5.21301866e-01 5.15997767e-01 5.25474131e-01
    5.17071247e-01 5.24771452e-01 5.29017270e-01 5.28465331e-01
    5.27266860e-01 5.19084990e-01 5.21900654e-01 5.26865125e-01
    5.21694601e-01 5.23106575e-01 5.21391511e-01 5.24071217e-01
    5.26754558e-01 5.26279628e-01 5.22395492e-01 5.18622279e-01
    5.15397072e-01 5.15762985e-01 5.09357989e-01 5.12679815e-01
    5.22352338e-01 5.24965763e-01 5.29952407e-01 5.27643383e-01
    5.28041363e-01 5.29648542e-01 5.16090393e-01 5.22388518e-01
    5.24125457e-01 5.22272587e-01 5.19617260e-01 5.30862033e-01
    5.23111105e-01 5.20033658e-01 5.31260550e-01 5.30892551e-01
    5.28475225e-01 5.24785340e-01 5.19506097e-01 5.23625553e-01
    5.16130030e-01 5.11172533e-01 5.05488336e-01 5.14502823e-01
    5.15955448e-01 5.21624684e-01 5.26339769e-01 5.25235474e-01
    5.23264229e-01 5.25331914e-01 5.37733674e-01 5.30373514e-01
    5.30380905e-01 5.33105075e-01 5.22621572e-01 5.27150214e-01
    5.19759834e-01 5.30797362e-01 5.25076330e-01 5.29894114e-01
    5.23005366e-01 5.15118659e-01 5.14978349e-01 5.02301216e-01
    4.95803326e-01 4.87368047e-01 4.86997038e-01 4.77546066e-01
    4.74763811e-01 4.75278378e-01 4.76219743e-01 4.79634345e-01
    4.76071596e-01 4.70183283e-01 4.67087388e-01 4.70925033e-01
    4.68089283e-01 4.70200181e-01 4.78069603e-01 4.70492989e-01
    4.81590152e-01 4.90934283e-01 4.97559905e-01 5.00136375e-01
    4.94408101e-01 5.01499891e-01 5.03436446e-01 5.00222325e-01
    5.02336323e-01 5.10180354e-01 5.23083270e-01 5.19839227e-01
    5.16337991e-01 5.16334772e-01 5.13695538e-01 5.15784681e-01
    5.17082572e-01 5.12692809e-01 5.15824318e-01 5.07890046e-01
    5.10901153e-01 5.13128281e-01 5.07990539e-01 4.98774499e-01
    4.98890847e-01 4.96344030e-01 5.02012193e-01 4.99300629e-01
    5.07814348e-01 5.12468278e-01 5.15477002e-01 5.19843936e-01
    5.14147401e-01 5.19622743e-01 5.13539791e-01 5.02093017e-01
    5.08769572e-01 5.05935073e-01 5.01483917e-01 4.96377409e-01
    5.07459581e-01 5.11507869e-01 5.12714744e-01 4.97772932e-01
    4.90182161e-01 4.87804830e-01 4.91819948e-01 4.96486843e-01
    4.96199638e-01 4.94093120e-01 4.83486682e-01 4.89303499e-01
    4.92610723e-01 4.87659514e-01 4.87562090e-01 4.96338338e-01
    5.03592551e-01 4.95215356e-01 4.82768804e-01 4.80580121e-01
    4.84843373e-01 4.84649777e-01 4.89631385e-01 4.92649674e-01
    4.87763196e-01 4.93102551e-01 4.90792960e-01 4.98343229e-01
    5.03643990e-01 5.06799996e-01 5.16955614e-01 5.16976714e-01
    5.13594925e-01 5.13755620e-01 5.24557114e-01 5.30423939e-01
    5.35083413e-01 5.30700207e-01 5.35354257e-01 5.26346922e-01
    5.26378870e-01 5.21306336e-01 5.15066683e-01 5.15067518e-01
    5.11389852e-01 5.11795878e-01 5.10286093e-01 5.09469271e-01
    5.08939326e-01 5.13889194e-01 5.14813006e-01 5.04768133e-01
    5.12572944e-01 5.09243608e-01 5.07128000e-01 5.07473886e-01
    5.12133241e-01 5.02205431e-01 5.05372107e-01 5.09909809e-01
    5.08402050e-01 5.04911661e-01 5.01650929e-01 5.00820875e-01
    4.96861488e-01 4.99439418e-01 4.99495566e-01 5.00279367e-01
    5.05543053e-01 4.98325557e-01 4.96252030e-01 4.93677676e-01
    4.93016750e-01 4.96308804e-01 4.99821603e-01 4.95697469e-01
    4.86673057e-01 4.89499509e-01 4.95048523e-01 4.90857899e-01
    4.97350633e-01 4.95379657e-01 4.89046991e-01 4.82186943e-01
    4.78993058e-01 4.73721236e-01 4.69877988e-01 4.70472872e-01
    4.77168828e-01 4.74131912e-01 4.64815080e-01 4.68428075e-01
    4.62714493e-01 4.68136668e-01 4.71206456e-01 4.72262204e-01
    4.79710311e-01 4.69017267e-01 4.66952056e-01 4.63880539e-01
    4.62002784e-01 4.70969737e-01 4.72322702e-01 4.76347417e-01
    4.78534847e-01 4.81606662e-01 4.88242447e-01 4.92295772e-01
    4.87299740e-01 4.95968372e-01 4.96813148e-01 4.96280998e-01
    4.87386405e-01 4.86864835e-01 4.92608935e-01 4.98291671e-01
    5.10426521e-01 5.26484907e-01 5.17915010e-01 5.26407242e-01
    5.26068568e-01 5.20250142e-01 5.19396424e-01 5.17940640e-01
    5.20144641e-01 5.21819115e-01 5.22588074e-01 5.30056536e-01
    5.35366118e-01 5.39977610e-01 5.31647027e-01 5.34578800e-01
    5.35256743e-01 5.28515756e-01 5.22533894e-01 5.34492612e-01
    5.22879124e-01 5.31957030e-01 5.40439427e-01 5.38628340e-01
    5.38346708e-01 5.30760288e-01 5.29989719e-01 5.32161176e-01
    5.28274655e-01 5.30143261e-01 5.29489219e-01 5.32410204e-01
    5.29810548e-01 5.29830575e-01 5.26742399e-01 5.23355126e-01
    5.18766701e-01 5.20962059e-01 5.12832403e-01 5.13035715e-01
    5.23972452e-01 5.25722027e-01 5.28683960e-01 5.27617812e-01
    5.31452596e-01 5.29563427e-01 5.18318713e-01 5.23561597e-01
    5.25758326e-01 5.27523220e-01 5.28349638e-01 5.38397193e-01
    5.29763103e-01 5.27552068e-01 5.38450539e-01 5.37366807e-01
    5.37401736e-01 5.32532513e-01 5.30023634e-01 5.33309042e-01
    5.29838681e-01 5.25788546e-01 5.20243227e-01 5.27211249e-01
    5.27763009e-01 5.29701054e-01 5.32310188e-01 5.27835429e-01
    5.27293622e-01 5.30857205e-01 5.42046249e-01 5.33844590e-01
    5.34322381e-01 5.35958111e-01 5.23382425e-01 5.25958180e-01
    5.22268116e-01 5.31590760e-01 5.24841547e-01 5.30287385e-01
    5.24211347e-01 5.17373621e-01 5.20788908e-01 5.10352314e-01
    5.06570876e-01 4.96122390e-01 4.94274080e-01 4.84878868e-01
    4.84547198e-01 4.82452899e-01 4.82678473e-01 4.88242418e-01
    4.82223451e-01 4.74689931e-01 4.68646586e-01 4.72248882e-01
    4.72577453e-01 4.76332545e-01 4.84067023e-01 4.75080848e-01
    4.82031554e-01 4.91142392e-01 4.98081416e-01 5.02611160e-01
    4.99069303e-01 5.02307177e-01 5.06272733e-01 5.01400054e-01
    5.04044890e-01 5.12847841e-01 5.24369955e-01 5.22007585e-01
    5.18207908e-01 5.17347038e-01 5.14114678e-01 5.15316904e-01
    5.16143620e-01 5.13858557e-01 5.17272174e-01 5.10724068e-01
    5.10925770e-01 5.11164367e-01 5.06554306e-01 4.98833299e-01
    5.00404358e-01 4.96511042e-01 5.02685189e-01 5.00547290e-01
    5.08042634e-01 5.10339379e-01 5.14405549e-01 5.18040538e-01
    5.12186944e-01 5.16245246e-01 5.10403395e-01 4.96029884e-01
    5.04433155e-01 5.01977265e-01 4.97740626e-01 4.95106280e-01
    5.05261183e-01 5.09886503e-01 5.12406826e-01 4.97632414e-01
    4.92053628e-01 4.91438359e-01 4.96856719e-01 5.01588762e-01
    4.99227613e-01 4.95244652e-01 4.89947289e-01 4.94710833e-01
    4.99187440e-01 4.91391242e-01 4.94269788e-01 5.03832996e-01
    5.08926570e-01 5.00850141e-01 4.89725471e-01 4.85862106e-01
    4.91111964e-01 4.89903599e-01 4.99148965e-01 5.01304984e-01
    4.95351940e-01 4.97764617e-01 4.95275736e-01 5.04865170e-01
    5.07867575e-01 5.08914292e-01 5.18824935e-01 5.17925024e-01
    5.12145400e-01 5.12694418e-01 5.21368921e-01 5.26071370e-01
    5.31156242e-01 5.29065609e-01 5.32950461e-01 5.19593120e-01
    5.20272017e-01 5.13104498e-01 5.09987772e-01 5.12317717e-01
    5.09583473e-01 5.09315073e-01 5.08154988e-01 5.06633222e-01
    5.07790744e-01 5.12018740e-01 5.13996065e-01 5.05012691e-01
    5.15242100e-01 5.12613177e-01 5.08262098e-01 5.10452926e-01
    5.16310930e-01 5.06095409e-01 5.12240171e-01 5.16994894e-01
    5.13414323e-01 5.08376777e-01 5.04799187e-01 5.05240858e-01
    4.99680638e-01 5.01836598e-01 5.02421796e-01 5.03114522e-01
    5.07731438e-01 5.01644194e-01 4.96730506e-01 4.94806737e-01
    4.95127082e-01 4.98685420e-01 4.98788953e-01 4.93263364e-01
    4.81659353e-01 4.82226461e-01 4.88229573e-01 4.86340731e-01
    4.94780600e-01 4.94627327e-01 4.90987182e-01 4.83363360e-01
    4.80964124e-01 4.78408366e-01 4.70870227e-01 4.74850237e-01
    4.79000032e-01 4.73390907e-01 4.64245826e-01 4.69289213e-01
    4.64484036e-01 4.71912324e-01 4.75094706e-01 4.78233516e-01
    4.87871885e-01 4.76048976e-01 4.71993357e-01 4.65576679e-01
    4.63417351e-01 4.71187055e-01 4.72183049e-01 4.78132069e-01
    4.76724356e-01 4.81487751e-01 4.88034010e-01 4.90841389e-01
    4.85162258e-01 4.92353380e-01 4.91277695e-01 4.91147727e-01
    4.77878749e-01 4.74469692e-01 4.79270667e-01 4.83905673e-01
    4.93664116e-01 5.10036230e-01 5.01307487e-01 5.10501385e-01
    5.10410547e-01 5.07719159e-01 5.03644109e-01 5.01478374e-01
    5.06010890e-01 5.10389507e-01 5.10961175e-01 5.20864248e-01
    5.28558850e-01 5.35959721e-01 5.30400813e-01 5.31619906e-01
    5.34664094e-01 5.31884551e-01 5.25861323e-01 5.37690639e-01
    5.21742225e-01 5.29576659e-01 5.35496414e-01 5.38105905e-01
    5.37040889e-01 5.27774811e-01 5.25403678e-01 5.29072881e-01
    5.26802421e-01 5.25626063e-01 5.23681879e-01 5.25825500e-01
    5.25058806e-01 5.23966134e-01 5.21747172e-01 5.20009756e-01
    5.14707685e-01 5.19463599e-01 5.12633741e-01 5.13815045e-01
    5.21447837e-01 5.25161088e-01 5.29825628e-01 5.30417204e-01
    5.33421457e-01 5.27732134e-01 5.18500507e-01 5.22767186e-01
    5.23973942e-01 5.27290106e-01 5.29411435e-01 5.38012862e-01
    5.29764712e-01 5.28363526e-01 5.41460514e-01 5.41360915e-01
    5.41734576e-01 5.35920024e-01 5.35303295e-01 5.35468638e-01
    5.30236423e-01 5.25347531e-01 5.18534482e-01 5.23890734e-01
    5.24998188e-01 5.24122298e-01 5.25560141e-01 5.19051909e-01
    5.17617464e-01 5.22248626e-01 5.34850240e-01 5.25771201e-01
    5.22991598e-01 5.23534060e-01 5.14182925e-01 5.13763368e-01
    5.12528598e-01 5.21998048e-01 5.20030856e-01 5.26957750e-01
    5.22271156e-01 5.14015675e-01 5.19219220e-01 5.10202408e-01
    5.09053767e-01 4.99929816e-01 4.95983660e-01 4.84836400e-01
    4.84457225e-01 4.84384954e-01 4.84382749e-01 4.88690823e-01
    4.82803345e-01 4.76397216e-01 4.71046925e-01 4.70932782e-01
    4.72177625e-01 4.75694448e-01 4.85302925e-01 4.76055771e-01
    4.80346769e-01 4.88927454e-01 4.96836454e-01 5.02639174e-01
    5.01425743e-01 5.04058838e-01 5.08960962e-01 5.05609035e-01
    5.07525980e-01 5.16857445e-01 5.28035343e-01 5.28342187e-01
    5.27682364e-01 5.24359465e-01 5.21192968e-01 5.23927867e-01
    5.22768974e-01 5.21036983e-01 5.21718204e-01 5.12732506e-01
    5.11502862e-01 5.10148764e-01 5.04208386e-01 4.94569749e-01
    4.94426459e-01 4.93555963e-01 4.99043882e-01 4.94775236e-01
    4.99055356e-01 4.97840255e-01 5.03141284e-01 5.09294748e-01
    5.01104176e-01 5.10279536e-01 5.04645109e-01 4.92230177e-01
    5.00793576e-01 4.97026831e-01 4.92818981e-01 4.89309072e-01
    5.00533640e-01 5.04890382e-01 5.07093072e-01 4.92836356e-01
    4.89826441e-01 4.87396866e-01 4.95892584e-01 5.02248287e-01
    4.98378485e-01 4.96523291e-01 4.87529904e-01 4.93451566e-01
    4.98454601e-01 4.92599875e-01 4.96812820e-01 5.09022713e-01
    5.03856480e-01 4.94019002e-01 4.82209682e-01 4.80833650e-01
    4.85694617e-01 4.86357808e-01 4.94428724e-01 4.97371614e-01
    4.95411128e-01 4.96473283e-01 4.98260379e-01 5.08337140e-01
    5.08969963e-01 5.07591546e-01 5.16632020e-01 5.17177641e-01
    5.11520147e-01 5.15043557e-01 5.22482753e-01 5.29854476e-01
    5.34009635e-01 5.32328725e-01 5.33798158e-01 5.22465289e-01
    5.19552886e-01 5.11829436e-01 5.12810469e-01 5.11721253e-01
    5.05891204e-01 5.05603075e-01 5.05676985e-01 5.02446234e-01
    5.01832902e-01 5.06369829e-01 5.07881939e-01 5.00729203e-01
    5.08614838e-01 5.06722093e-01 5.02369642e-01 5.06590784e-01
    5.12577653e-01 5.04057348e-01 5.11177599e-01 5.14761686e-01
    5.11071384e-01 5.06492317e-01 5.01013577e-01 5.04061043e-01
    5.01296282e-01 5.04278481e-01 5.03737032e-01 5.02386808e-01
    5.04528344e-01 4.97872502e-01 4.92866904e-01 4.93037134e-01
    4.95379776e-01 4.95740622e-01 4.98111933e-01 4.89136487e-01
    4.76767629e-01 4.80058074e-01 4.86856401e-01 4.88582432e-01
    4.95635331e-01 4.96183276e-01 4.90970790e-01 4.86948550e-01
    4.87542272e-01 4.87247854e-01 4.79193568e-01 4.82046872e-01
    4.83175039e-01 4.75264102e-01 4.67286348e-01 4.70336884e-01
    4.67481792e-01 4.77219999e-01 4.80393022e-01 4.84132260e-01
    4.92207229e-01 4.82746035e-01 4.79979336e-01 4.77923244e-01
    4.76306796e-01 4.82352644e-01 4.85377491e-01 4.92021739e-01
    4.91529852e-01 5.00131428e-01 5.04656553e-01 5.07527173e-01
    5.03085375e-01 5.09653807e-01 5.06364763e-01 5.04579246e-01
    4.92312968e-01 4.87963527e-01 4.89889622e-01 4.91467625e-01
    4.99767721e-01 5.14815092e-01 5.05834758e-01 5.10091603e-01
    5.09250641e-01 5.08523345e-01 5.01202166e-01 5.01577735e-01
    5.07183850e-01 5.12694538e-01 5.15753508e-01 5.24090827e-01
    5.31912982e-01 5.38991690e-01 5.35317302e-01 5.36225677e-01
    5.40716887e-01 5.39412081e-01 5.33956468e-01 5.44888258e-01
    5.32370746e-01 5.42979717e-01 5.48349798e-01 5.53663075e-01
    5.52367449e-01 5.43528080e-01 5.37704587e-01 5.37887096e-01
    5.35871208e-01 5.36210299e-01 5.34832776e-01 5.35438120e-01
    5.34236372e-01 5.30688167e-01 5.25903642e-01 5.20927370e-01
    5.18327832e-01 5.23105085e-01 5.12926340e-01 5.11208534e-01
    5.15339196e-01 5.17497480e-01 5.23995399e-01 5.26289999e-01
    5.29330492e-01 5.27205884e-01 5.17978191e-01 5.20066321e-01
    5.22254765e-01 5.25684595e-01 5.28307855e-01 5.36645651e-01
    5.31069696e-01 5.27841687e-01 5.42168915e-01 5.41561544e-01
    5.43468356e-01 5.36522567e-01 5.38342416e-01 5.36796153e-01
    5.31882644e-01 5.30152619e-01 5.23166776e-01 5.26009560e-01
    5.25871515e-01 5.25429606e-01 5.27527928e-01 5.21978319e-01
    5.21414757e-01 5.27647376e-01 5.38809061e-01 5.28343022e-01
    5.29429078e-01 5.29517651e-01 5.21593928e-01 5.19495487e-01
    5.16393661e-01 5.25517166e-01 5.21333337e-01 5.26005447e-01
    5.21287262e-01 5.14853418e-01 5.19735217e-01 5.08030295e-01
    5.05100787e-01 4.92539853e-01 4.85291272e-01 4.75518316e-01
    4.77314562e-01 4.74171937e-01 4.76026505e-01 4.80764717e-01
    4.75504965e-01 4.72268641e-01 4.65486854e-01 4.65735793e-01
    4.68642294e-01 4.73545939e-01 4.82683122e-01 4.71696913e-01
    4.79072034e-01 4.86966997e-01 4.95698571e-01 5.00389457e-01
    5.01661718e-01 5.03191173e-01 5.09520888e-01 5.04126012e-01
    5.05858243e-01 5.11986732e-01 5.20304024e-01 5.24153709e-01
    5.24953008e-01 5.20099461e-01 5.15983403e-01 5.16983688e-01
    5.17137647e-01 5.13651669e-01 5.13652802e-01 5.08658826e-01
    5.08914888e-01 5.05308747e-01 4.97432083e-01 4.86935526e-01
    4.87322181e-01 4.87171113e-01 4.95694697e-01 4.91600037e-01
    4.94643122e-01 4.89866227e-01 4.93947387e-01 5.00560164e-01
    4.94302005e-01 5.02929628e-01 5.00869215e-01 4.92645651e-01
    5.01170039e-01 4.96112019e-01 4.90725905e-01 4.87094611e-01
    5.00921845e-01 5.05758047e-01 5.05688727e-01 4.91582602e-01
    4.88162071e-01 4.84819829e-01 4.95534569e-01 5.00169575e-01
    4.95943904e-01 4.92241591e-01 4.84740645e-01 4.90848422e-01
    4.94665772e-01 4.87888575e-01 4.92752016e-01 5.05055666e-01
    5.12170196e-01 5.05165696e-01 4.95000869e-01 4.94399965e-01
    5.02300322e-01 5.01109362e-01 5.06480753e-01 5.08778572e-01
    5.07544219e-01 5.11030614e-01 5.15070260e-01 5.25183499e-01
    5.24390101e-01 5.23267567e-01 5.29063582e-01 5.26481152e-01
    5.22763610e-01 5.22920549e-01 5.26028812e-01 5.31332433e-01
    5.32458842e-01 5.29535353e-01 5.31319618e-01 5.19816220e-01
    5.20063281e-01 5.13162553e-01 5.14963627e-01 5.13388872e-01
    5.09245515e-01 5.07887423e-01 5.05586922e-01 5.04568636e-01
    5.04893482e-01 5.09642601e-01 5.12350440e-01 5.07105708e-01
    5.15564024e-01 5.15287459e-01 5.10914981e-01 5.14672816e-01
    5.22338271e-01 5.10198116e-01 5.17471969e-01 5.17319858e-01
    5.10719776e-01 5.02012014e-01 4.96939212e-01 5.00719905e-01
    4.98320252e-01 4.98076409e-01 4.98696119e-01 5.00470757e-01
    5.02988279e-01 4.97922957e-01 4.93318111e-01 4.92055893e-01
    4.93677348e-01 4.93375063e-01 4.96513516e-01 4.87527639e-01
    4.79836673e-01 4.85108972e-01 4.92974222e-01 4.95443672e-01
    5.02070308e-01 5.02466679e-01 5.00400782e-01 4.91191536e-01
    4.91996914e-01 4.92876023e-01 4.81989950e-01 4.87291127e-01
    4.87246364e-01 4.78153169e-01 4.68682855e-01 4.71971869e-01
    4.69318449e-01 4.75600451e-01 4.77837563e-01 4.82581854e-01
    4.89537209e-01 4.77858782e-01 4.76830482e-01 4.74813312e-01
    4.74687010e-01 4.78823870e-01 4.82651323e-01 4.91623193e-01
    4.87600654e-01 4.98895019e-01 5.06794512e-01 5.10491610e-01
    5.07637084e-01 5.13424814e-01 5.08360565e-01 5.06708324e-01
    4.94130850e-01 4.89983648e-01 4.93372053e-01 4.92649734e-01
    5.01044512e-01 5.16934276e-01 5.09524941e-01 5.11615932e-01
    5.09909213e-01 5.10716677e-01 5.03584385e-01 5.04459739e-01
    5.08404791e-01 5.12287498e-01 5.17643809e-01 5.28680563e-01
    5.37723064e-01 5.43289602e-01 5.40252984e-01 5.41661918e-01
    5.46657562e-01 5.46358287e-01 5.38511813e-01 5.47555268e-01
    5.34523964e-01 5.48678100e-01 5.54958820e-01 5.58113813e-01
    5.56431770e-01 5.49135089e-01 5.43836713e-01 5.41450441e-01
    5.37347972e-01 5.35710871e-01 5.34667671e-01 5.36909044e-01
    5.36163449e-01 5.31144261e-01 5.26637435e-01 5.26315331e-01
    5.23881495e-01 5.28944433e-01 5.13346016e-01 5.07268310e-01
    5.10088027e-01 5.11444628e-01 5.17631829e-01 5.20801842e-01
    5.22602737e-01 5.22939384e-01 5.15607178e-01 5.18591642e-01
    5.20055592e-01 5.21285772e-01 5.23309231e-01 5.29133022e-01
    5.21399736e-01 5.18068314e-01 5.32125115e-01 5.34392178e-01
    5.39786100e-01 5.33615708e-01 5.34831047e-01 5.30335546e-01
    5.23370028e-01 5.23975611e-01 5.16126454e-01 5.16687453e-01
    5.16266227e-01 5.14756620e-01 5.16853333e-01 5.13735890e-01
    5.13799369e-01 5.20597279e-01 5.29438496e-01 5.22284806e-01
    5.22077978e-01 5.19126713e-01 5.15375316e-01 5.12767732e-01
    5.11111200e-01 5.19357681e-01 5.16622186e-01 5.21469593e-01
    5.16168535e-01 5.11987507e-01 5.19020677e-01 5.09400964e-01
    5.06441772e-01 4.94918317e-01 4.86326426e-01 4.78863478e-01
    4.77077037e-01 4.76757914e-01 4.80832160e-01 4.83054668e-01
    4.77754563e-01 4.77748334e-01 4.75234956e-01 4.74162310e-01
    4.76073742e-01 4.80555713e-01 4.90014076e-01 4.78164375e-01
    4.86297041e-01 4.92403269e-01 4.99726981e-01 5.06855309e-01
    5.07108212e-01 5.10170162e-01 5.13881087e-01 5.08404732e-01
    5.09501517e-01 5.13459504e-01 5.19052029e-01 5.19550979e-01
    5.20735383e-01 5.16416013e-01 5.14880061e-01 5.13661563e-01
    5.11533797e-01 5.05674899e-01 5.09246349e-01 5.05337238e-01
    5.04020989e-01 5.00682831e-01 4.91056323e-01 4.80864018e-01
    4.81309682e-01 4.82020825e-01 4.90624130e-01 4.86466736e-01
    4.90599453e-01 4.84436780e-01 4.87426072e-01 4.92675126e-01
    4.88672882e-01 4.97709185e-01 4.95690078e-01 4.85028774e-01
    4.91761684e-01 4.87216085e-01 4.84744757e-01 4.84723508e-01
    4.98834044e-01 5.02573788e-01 5.02677560e-01 4.89795357e-01
    4.89435971e-01 4.88964140e-01 4.99732494e-01 5.04931390e-01
    4.99918640e-01 4.94742066e-01 4.88270760e-01 4.97107625e-01
    5.03177524e-01 4.98293996e-01 5.05694687e-01 5.15103340e-01
    5.18772423e-01 5.09594023e-01 4.99198228e-01 4.97502059e-01
    5.04237831e-01 5.02353132e-01 5.06465197e-01 5.08353412e-01
    5.06550193e-01 5.09885609e-01 5.15803277e-01 5.23499787e-01
    5.24110734e-01 5.24612904e-01 5.29234707e-01 5.26466668e-01
    5.23064494e-01 5.20875752e-01 5.24612486e-01 5.31810522e-01
    5.30461848e-01 5.29399037e-01 5.30941844e-01 5.21988869e-01
    5.20438969e-01 5.16256928e-01 5.19160330e-01 5.17594814e-01
    5.14732182e-01 5.14199555e-01 5.09057879e-01 5.06964624e-01
    5.09676158e-01 5.11810362e-01 5.14740467e-01 5.08133769e-01
    5.12185693e-01 5.15647173e-01 5.13380527e-01 5.15720546e-01
    5.21583498e-01 5.12747645e-01 5.18939853e-01 5.21623611e-01
    5.11732101e-01 5.03079414e-01 4.98784721e-01 5.03966749e-01
    5.02149522e-01 5.00271261e-01 5.01627505e-01 5.02701938e-01
    5.06074369e-01 5.02910376e-01 4.95956004e-01 4.89710838e-01
    4.93753701e-01 4.92085844e-01 4.95219976e-01 4.84033793e-01
    4.76688981e-01 4.83647615e-01 4.90957707e-01 4.91220832e-01
    4.94532943e-01 4.96194541e-01 4.92951035e-01 4.84975159e-01
    4.85413253e-01 4.87390280e-01 4.75546062e-01 4.80054587e-01
    4.85798061e-01 4.75980371e-01 4.66186851e-01 4.66663569e-01
    4.65428978e-01 4.70320255e-01 4.71883327e-01 4.73972529e-01
    4.81243700e-01 4.72019672e-01 4.72064227e-01 4.74218488e-01
    4.74189907e-01 4.78603452e-01 4.84399915e-01 4.96998042e-01
    4.96626407e-01 5.01967788e-01 5.07992864e-01 5.15345097e-01
    5.13886869e-01 5.18186748e-01 5.13114810e-01 5.14055252e-01
    5.02044737e-01 4.96182203e-01 5.02166986e-01 5.03222585e-01
    5.09435415e-01 5.23644805e-01 5.15243888e-01 5.12633920e-01
    5.07218838e-01 5.04647136e-01 4.98100489e-01 5.02947748e-01
    5.02290428e-01 5.05387068e-01 5.12705922e-01 5.21165133e-01
    5.29516876e-01 5.34917593e-01 5.33270121e-01 5.31196535e-01
    5.34357429e-01 5.33991456e-01 5.26092470e-01 5.37362039e-01
    5.24382472e-01 5.39284945e-01 5.49823046e-01 5.53005755e-01
    5.49792171e-01 5.46329439e-01 5.42205751e-01 5.37372470e-01
    5.36234140e-01 5.34538686e-01 5.35703778e-01 5.37304461e-01
    5.37178099e-01 5.31403959e-01 5.26887059e-01 5.26235819e-01
    5.23533583e-01 5.29893160e-01 5.15124917e-01 5.07957280e-01
    5.10812521e-01 5.09905100e-01 5.15409708e-01 5.16157210e-01
    5.17163217e-01 5.17012298e-01 5.11115253e-01 5.11351585e-01
    5.14991522e-01 5.18449008e-01 5.17541468e-01 5.25046289e-01
    5.17137945e-01 5.15107334e-01 5.30172348e-01 5.34734368e-01
    5.35257757e-01 5.29777408e-01 5.33779323e-01 5.28745949e-01
    5.24893761e-01 5.25014400e-01 5.14757633e-01 5.13960242e-01
    5.17671585e-01 5.15654802e-01 5.15356183e-01 5.14958262e-01
    5.11692405e-01 5.16800404e-01 5.24853945e-01 5.17456174e-01
    5.16146004e-01 5.15444577e-01 5.12886524e-01 5.09761333e-01
    5.09824097e-01 5.16742527e-01 5.17066360e-01 5.24399042e-01
    5.19257188e-01 5.15203059e-01 5.22631645e-01 5.13362288e-01
    5.10116637e-01 4.99982804e-01 4.95543867e-01 4.86314088e-01
    4.82914537e-01 4.81557071e-01 4.86792266e-01 4.88651037e-01
    4.85183239e-01 4.81724977e-01 4.80947733e-01 4.80002582e-01
    4.82223034e-01 4.85091746e-01 4.92026806e-01 4.79833364e-01
    4.85452861e-01 4.91696775e-01 4.99780118e-01 5.05649924e-01
    5.06696045e-01 5.11513770e-01 5.14222503e-01 5.07178187e-01
    5.07451117e-01 5.10160446e-01 5.15657246e-01 5.14497697e-01
    5.14517546e-01 5.07589340e-01 5.04927635e-01 5.02658129e-01
    5.00197887e-01 4.96123731e-01 5.00422478e-01 4.96396750e-01
    4.91966784e-01 4.89237815e-01 4.78317589e-01 4.71794844e-01
    4.74218607e-01 4.76757765e-01 4.83371586e-01 4.80899960e-01
    4.86074001e-01 4.81922776e-01 4.83460277e-01 4.92059946e-01
    4.88282591e-01 4.95396525e-01 4.96706426e-01 4.86315817e-01
    4.91294801e-01 4.90594715e-01 4.87564892e-01 4.87463742e-01
    5.00503123e-01 5.03567576e-01 5.05041420e-01 4.92190242e-01
    4.93147165e-01 4.92257804e-01 5.01360297e-01 5.09650767e-01
    5.02305448e-01 4.96538728e-01 4.93855000e-01 4.99399424e-01
    5.05246758e-01 5.01875758e-01 5.06957889e-01 5.18271565e-01
    5.17923057e-01 5.11285305e-01 4.99280006e-01 4.95562255e-01
    5.02433479e-01 5.00470042e-01 5.02897859e-01 5.06363273e-01
    5.04883885e-01 5.04661143e-01 5.12864351e-01 5.23751676e-01
    5.26198149e-01 5.24399698e-01 5.30072033e-01 5.30967236e-01
    5.29901087e-01 5.26757061e-01 5.29366732e-01 5.36887467e-01
    5.35831273e-01 5.36990106e-01 5.38385153e-01 5.28246164e-01
    5.25044560e-01 5.20337343e-01 5.27424455e-01 5.25683165e-01
    5.22243202e-01 5.21248460e-01 5.16754508e-01 5.14852881e-01
    5.14135301e-01 5.14974833e-01 5.16370535e-01 5.10291755e-01
    5.13541460e-01 5.18333673e-01 5.16423166e-01 5.18774331e-01
    5.26495039e-01 5.20284653e-01 5.26410103e-01 5.27008355e-01
    5.18398404e-01 5.09961367e-01 5.04789352e-01 5.09768844e-01
    5.06562948e-01 5.03457546e-01 5.03970563e-01 5.02698600e-01
    5.05819619e-01 5.06238401e-01 5.00339508e-01 4.93085504e-01
    4.97931957e-01 4.95268762e-01 4.94730413e-01 4.86695468e-01
    4.77866054e-01 4.82746124e-01 4.89926010e-01 4.89654154e-01
    4.92034912e-01 4.93939161e-01 4.94328737e-01 4.85425949e-01
    4.89166796e-01 4.89841044e-01 4.76702452e-01 4.79826570e-01
    4.82930243e-01 4.73742932e-01 4.63605702e-01 4.67724055e-01
    4.66426313e-01 4.71645087e-01 4.72370476e-01 4.75802153e-01
    4.81109232e-01 4.73315924e-01 4.72868174e-01 4.73674923e-01
    4.74939257e-01 4.79002476e-01 4.84885007e-01 4.95030373e-01
    4.96408135e-01 5.04153788e-01 5.09348154e-01 5.16311765e-01
    5.14301121e-01 5.14872551e-01 5.10088742e-01 5.12216747e-01
    5.00590563e-01 4.98296618e-01 5.04094124e-01 5.03104329e-01
    5.08511662e-01 5.21170795e-01 5.10827780e-01 5.06211340e-01
    5.03140450e-01 4.99925226e-01 4.91517574e-01 4.94279206e-01
    4.93172020e-01 4.95633036e-01 5.01643181e-01 5.12031436e-01
    5.18478215e-01 5.21103919e-01 5.19522607e-01 5.19265473e-01
    5.27323961e-01 5.24688303e-01 5.17721713e-01 5.29198229e-01
    5.16477406e-01 5.32091498e-01 5.45010149e-01 5.50260544e-01
    5.48042536e-01 5.45323193e-01 5.40284753e-01 5.37588656e-01
    5.36229610e-01 5.34470916e-01 5.37474751e-01 5.37331760e-01
    5.34882665e-01 5.27574897e-01 5.27092218e-01 5.29079854e-01
    5.29306293e-01 5.37636459e-01 5.22423804e-01 5.12585878e-01
    5.14774740e-01 5.14753163e-01 5.17496228e-01 5.20554483e-01
    5.24124682e-01 5.22302508e-01 5.18839240e-01 5.16897976e-01
    5.20443618e-01 5.23512185e-01 5.20774424e-01 5.30132055e-01
    5.22226810e-01 5.17966866e-01 5.32622159e-01 5.35543799e-01
    5.34046471e-01 5.28903782e-01 5.31493366e-01 5.28419018e-01
    5.23346961e-01 5.23167431e-01 5.14047980e-01 5.12593627e-01
    5.18298268e-01 5.17309964e-01 5.16212225e-01 5.15494347e-01
    5.08224785e-01 5.14245987e-01 5.20752430e-01 5.13128757e-01
    5.13682127e-01 5.13089418e-01 5.11399269e-01 5.08786917e-01
    5.10567248e-01 5.14611840e-01 5.14269114e-01 5.21108925e-01
    5.16797304e-01 5.12538493e-01 5.20624399e-01 5.14837921e-01
    5.14399230e-01 5.05064547e-01 5.00368834e-01 4.94092107e-01
    4.89145398e-01 4.87122744e-01 4.96675432e-01 4.96217251e-01
    4.94062334e-01 4.89356339e-01 4.90590662e-01 4.89546388e-01
    4.94584262e-01 4.98921216e-01 5.04749835e-01 4.92240906e-01
    4.94672298e-01 4.98193473e-01 5.09709239e-01 5.11097014e-01
    5.11972308e-01 5.16873360e-01 5.16060174e-01 5.07137656e-01
    5.08202016e-01 5.12055635e-01 5.18221974e-01 5.18600047e-01
    5.18872857e-01 5.09530604e-01 5.04293144e-01 5.01182377e-01
    4.99206990e-01 4.95926827e-01 5.00579476e-01 4.93905813e-01
    4.91799653e-01 4.88105893e-01 4.79190588e-01 4.74248797e-01
    4.75023061e-01 4.80036229e-01 4.85955089e-01 4.84023809e-01
    4.86290574e-01 4.83239919e-01 4.86194670e-01 4.93506014e-01
    4.92236078e-01 4.95958447e-01 4.99218136e-01 4.89651322e-01
    4.93917733e-01 4.95443583e-01 4.93471414e-01 4.94407833e-01
    5.08854270e-01 5.13356864e-01 5.11747956e-01 4.97994989e-01
    4.97513145e-01 5.01135707e-01 5.07197857e-01 5.13189197e-01
    5.08614540e-01 5.00435770e-01 4.97949690e-01 5.00988185e-01
    5.08221328e-01 5.05297899e-01 5.06896079e-01 5.16412556e-01
    5.24696529e-01 5.14960527e-01 5.05106091e-01 5.04933178e-01
    5.09716570e-01 5.06572187e-01 5.10078311e-01 5.15815973e-01
    5.14661491e-01 5.15960574e-01 5.22623718e-01 5.30901849e-01
    5.32278299e-01 5.27927577e-01 5.35968602e-01 5.37585795e-01
    5.33820868e-01 5.31917810e-01 5.36691189e-01 5.40664434e-01
    5.38305819e-01 5.42123199e-01 5.43968797e-01 5.33189833e-01
    5.28057814e-01 5.20427287e-01 5.26938915e-01 5.26321530e-01
    5.22761881e-01 5.21975279e-01 5.19724250e-01 5.15683234e-01
    5.15120387e-01 5.17831445e-01 5.19818246e-01 5.11808157e-01
    5.20410061e-01 5.22464454e-01 5.20587444e-01 5.21686614e-01
    5.26840627e-01 5.20039797e-01 5.28181732e-01 5.29524446e-01
    5.19919932e-01 5.16661167e-01 5.10000885e-01 5.13742507e-01
    5.09571910e-01 5.02901733e-01 5.01559377e-01 4.98558193e-01
    5.05115151e-01 5.03327191e-01 4.99365628e-01 4.89662081e-01
    4.97525185e-01 4.99456078e-01 4.99882042e-01 4.92939055e-01
    4.83345896e-01 4.87816364e-01 4.90522563e-01 4.92349744e-01
    4.96418715e-01 5.01134694e-01 5.02426982e-01 4.94544595e-01
    4.99217153e-01 4.99707997e-01 4.87218231e-01 4.90982592e-01
    4.93719310e-01 4.81056541e-01 4.69151527e-01 4.73142058e-01
    4.69952971e-01 4.76865917e-01 4.77246135e-01 4.81278241e-01
    4.83812004e-01 4.76919562e-01 4.75744694e-01 4.76963848e-01
    4.78862673e-01 4.79639053e-01 4.84784484e-01 4.93835628e-01
    4.95744973e-01 5.07464945e-01 5.12224197e-01 5.17692685e-01
    5.16025484e-01 5.18820763e-01 5.14917672e-01 5.14358819e-01
    5.03712177e-01 4.99124497e-01 5.01641691e-01 4.98121411e-01
    5.03324211e-01 5.14628768e-01 5.04971445e-01 4.99657542e-01
    4.95891243e-01 4.91158187e-01 4.80906278e-01 4.85413760e-01
    4.85340387e-01 4.86668646e-01 4.91340101e-01 5.01091242e-01
    5.10040402e-01 5.15856087e-01 5.18059671e-01 5.17404377e-01
    5.23816884e-01 5.23669899e-01 5.19060016e-01 5.31989634e-01
    5.20235538e-01 5.37480354e-01 5.53946614e-01 5.59301078e-01
    5.54135501e-01 5.52474022e-01 5.49461842e-01 5.47541440e-01
    5.43699384e-01 5.40610969e-01 5.38792670e-01 5.36594808e-01
    5.34197509e-01 5.28570354e-01 5.25609910e-01 5.28071344e-01
    5.25798857e-01 5.35588622e-01 5.22247195e-01 5.10789096e-01
    5.09171307e-01 5.14591277e-01 5.13716578e-01 5.15315533e-01
    5.20858765e-01 5.19097745e-01 5.17157197e-01 5.15315592e-01
    5.22143960e-01 5.27062476e-01 5.24344862e-01 5.32725096e-01
    5.22262335e-01 5.21491230e-01 5.35798967e-01 5.34862816e-01
    5.33471465e-01 5.28963745e-01 5.30328810e-01 5.30222714e-01
    5.25111973e-01 5.22562563e-01 5.16584158e-01 5.13994098e-01
    5.19163489e-01 5.16124308e-01 5.12456000e-01 5.15048385e-01
    5.09478807e-01 5.16367316e-01 5.19876957e-01 5.11249483e-01
    5.13958871e-01 5.09742081e-01 5.11248708e-01 5.07524908e-01
    5.08654833e-01 5.13291061e-01 5.15547872e-01 5.18459141e-01
    5.14905035e-01 5.11752129e-01 5.20841360e-01 5.16041756e-01
    5.15343189e-01 5.04717827e-01 4.98539835e-01 4.94880557e-01
    4.88575637e-01 4.86236066e-01 4.98727381e-01 4.98035967e-01
    4.96923834e-01 4.91822034e-01 4.95286584e-01 4.92642879e-01
    4.98875976e-01 5.03790557e-01 5.09591520e-01 4.96737003e-01
    4.98172790e-01 5.00167489e-01 5.14184952e-01 5.17368853e-01
    5.16580939e-01 5.21061122e-01 5.19167602e-01 5.10721147e-01
    5.11287332e-01 5.12841523e-01 5.18951178e-01 5.18571317e-01
    5.20066917e-01 5.09855509e-01 5.03918529e-01 4.99371707e-01
    4.95442927e-01 4.93529528e-01 4.95785058e-01 4.87171561e-01
    4.85490143e-01 4.79819983e-01 4.72119808e-01 4.67593700e-01
    4.69086111e-01 4.71074075e-01 4.77445245e-01 4.76443857e-01
    4.76468414e-01 4.69712347e-01 4.74042386e-01 4.84148085e-01
    4.82440501e-01 4.86347646e-01 4.91791010e-01 4.84902561e-01
    4.88935888e-01 4.90069181e-01 4.92633313e-01 4.93130147e-01
    5.08244276e-01 5.10133445e-01 5.09359539e-01 4.97151345e-01
    4.97201830e-01 5.01570106e-01 5.08639574e-01 5.14896035e-01
    5.05684614e-01 5.03018498e-01 5.01878679e-01 5.05111277e-01
    5.13735712e-01 5.11954665e-01 5.13504684e-01 5.22556782e-01
    5.26101470e-01 5.17632961e-01 5.06667018e-01 5.06078541e-01
    5.15666485e-01 5.12484372e-01 5.14267683e-01 5.18941224e-01
    5.17302155e-01 5.13509750e-01 5.21544039e-01 5.28298795e-01
    5.29073298e-01 5.26293397e-01 5.34119606e-01 5.33225119e-01
    5.30709743e-01 5.28157473e-01 5.34263372e-01 5.40564597e-01
    5.39405048e-01 5.39684474e-01 5.40439785e-01 5.31257749e-01
    5.29380441e-01 5.21325469e-01 5.30147851e-01 5.29989302e-01
    5.27921975e-01 5.26450992e-01 5.25233030e-01 5.20882905e-01
    5.23112595e-01 5.24264812e-01 5.26525021e-01 5.19134939e-01
    5.25906801e-01 5.27140439e-01 5.27069569e-01 5.27815044e-01
    5.30499041e-01 5.20908237e-01 5.29522955e-01 5.30893385e-01
    5.18588722e-01 5.15252113e-01 5.09809494e-01 5.11947632e-01
    5.09087324e-01 5.01156271e-01 4.97561097e-01 4.95939076e-01
    4.98530805e-01 4.94257450e-01 4.89899933e-01 4.77706313e-01
    4.84123021e-01 4.85899389e-01 4.87555802e-01 4.80640054e-01
    4.69623208e-01 4.77080554e-01 4.78686303e-01 4.77560669e-01
    4.83336508e-01 4.85929608e-01 4.88319606e-01 4.84600484e-01
    4.84573275e-01 4.88041580e-01 4.79680628e-01 4.82949078e-01
    4.89088625e-01 4.76952016e-01 4.65963334e-01 4.70850408e-01
    4.68737334e-01 4.75323021e-01 4.72521693e-01 4.75585520e-01
    4.81081873e-01 4.71804380e-01 4.73352998e-01 4.73629713e-01
    4.72488612e-01 4.75136787e-01 4.80410963e-01 4.90421891e-01
    4.94408131e-01 5.03890395e-01 5.07062197e-01 5.14260352e-01
    5.10406315e-01 5.10117948e-01 5.07397354e-01 5.09408176e-01
    5.01194537e-01 4.93672609e-01 4.97916579e-01 4.91487086e-01
    4.96935338e-01 5.09940386e-01 5.01477122e-01 4.97554153e-01
    4.93980169e-01 4.88898128e-01 4.77982283e-01 4.82218832e-01
    4.77741331e-01 4.79563057e-01 4.87677246e-01 4.98198092e-01
    5.05091786e-01 5.12978673e-01 5.19435108e-01 5.18208146e-01
    5.25423646e-01 5.22306919e-01 5.16758561e-01 5.31530917e-01
    5.18847644e-01 5.32382965e-01 5.46314716e-01 5.49899280e-01
    5.47695816e-01 5.47475338e-01 5.44155240e-01 5.42156637e-01
    5.38878024e-01 5.36091387e-01 5.33507705e-01 5.30708790e-01
    5.28216660e-01 5.24969637e-01 5.22445023e-01 5.24917841e-01
    5.22081256e-01 5.30414164e-01 5.20122647e-01 5.11721611e-01
    5.13048410e-01 5.18188059e-01 5.16052365e-01 5.18126011e-01
    5.22222996e-01 5.18397152e-01 5.18349707e-01 5.17473400e-01
    5.23366570e-01 5.29072344e-01 5.24827898e-01 5.36164284e-01
    5.26588619e-01 5.24470568e-01 5.40713072e-01 5.36875010e-01
    5.31296492e-01 5.25819719e-01 5.25961101e-01 5.26894033e-01
    5.22293746e-01 5.18350542e-01 5.12312472e-01 5.08134305e-01
    5.12258172e-01 5.09456992e-01 5.02932429e-01 5.06176770e-01
    5.00981092e-01 5.06637156e-01 5.09216607e-01 4.99156475e-01
    5.00573993e-01 5.00509977e-01 5.05213439e-01 5.01955092e-01
    5.05310893e-01 5.09942055e-01 5.17089486e-01 5.23530841e-01
    5.23298204e-01 5.17754853e-01 5.25733709e-01 5.22787035e-01
    5.22589386e-01 5.10246575e-01 5.06069899e-01 5.03826141e-01
    4.98205334e-01 4.97894287e-01 5.10363042e-01 5.07781744e-01
    5.07188261e-01 5.03297806e-01 5.07923007e-01 5.02083004e-01
    5.06008923e-01 5.05086780e-01 5.12040317e-01 4.98695821e-01
    4.97284204e-01 4.98122305e-01 5.11058629e-01 5.14591873e-01
    5.16230226e-01 5.22340775e-01 5.17581344e-01 5.09048820e-01
    5.08013666e-01 5.08569837e-01 5.12576282e-01 5.11394083e-01
    5.14764965e-01 5.04336834e-01 5.02556264e-01 4.98740613e-01
    4.93127167e-01 4.94359493e-01 4.98787612e-01 4.93554264e-01
    4.89377856e-01 4.81856257e-01 4.73086476e-01 4.72559690e-01
    4.73093569e-01 4.76728320e-01 4.83687401e-01 4.84073371e-01
    4.81351376e-01 4.75631326e-01 4.77393985e-01 4.85440642e-01
    4.84397501e-01 4.88962322e-01 4.93807495e-01 4.85051572e-01
    4.88480449e-01 4.90615964e-01 4.93164033e-01 4.95034337e-01
    5.06601095e-01 5.09062409e-01 5.07903874e-01 4.93017733e-01
    4.94125515e-01 5.02814353e-01 5.07211566e-01 5.15934706e-01
    5.10430992e-01 5.06559432e-01 5.06079435e-01 5.10487437e-01
    5.17723382e-01 5.14613152e-01 5.16936421e-01 5.25478125e-01
    5.27043045e-01 5.18714130e-01 5.06635070e-01 5.08161485e-01
    5.14595270e-01 5.09251297e-01 5.10856986e-01 5.14239013e-01
    5.15903950e-01 5.11830568e-01 5.20654917e-01 5.27573287e-01
    5.30203342e-01 5.30952632e-01 5.37591100e-01 5.37239671e-01
    5.33580899e-01 5.33026159e-01 5.35822213e-01 5.42787313e-01
    5.37038445e-01 5.40966213e-01 5.43943584e-01 5.35081923e-01
    5.36662221e-01 5.27074695e-01 5.34114778e-01 5.31577408e-01
    5.29987156e-01 5.26682079e-01 5.21166503e-01 5.18128455e-01
    5.21145880e-01 5.22869706e-01 5.24992824e-01 5.17221510e-01
    5.23655593e-01 5.25825083e-01 5.20224810e-01 5.21277487e-01
    5.22766352e-01 5.11622369e-01 5.21139443e-01 5.24631202e-01
    5.12793779e-01 5.11600792e-01 5.08274257e-01 5.12944400e-01
    5.11304855e-01 5.00444412e-01 4.96136308e-01 4.94786680e-01
    5.00195861e-01 4.98440981e-01 4.96699393e-01 4.86111075e-01
    4.91132677e-01 4.93266851e-01 4.94793922e-01 4.86617029e-01
    4.71649826e-01 4.80582863e-01 4.83094394e-01 4.83395576e-01
    4.86756623e-01 4.88367319e-01 4.93660837e-01 4.94122803e-01
    4.93066788e-01 4.98262018e-01 4.85176086e-01 4.89765942e-01
    4.99392211e-01 4.89448309e-01 4.76977199e-01 4.80244666e-01
    4.80871916e-01 4.88763094e-01 4.86972630e-01 4.87858623e-01
    4.90953177e-01 4.83692408e-01 4.85874087e-01 4.85755593e-01
    4.82843906e-01 4.88317341e-01 4.93416578e-01 5.07185400e-01
    5.09963274e-01 5.15877843e-01 5.16433001e-01 5.24336040e-01
    5.20639062e-01 5.18036902e-01 5.17703950e-01 5.17591059e-01
    5.09686947e-01 5.03380358e-01 5.05400240e-01 4.98678476e-01
    5.03101468e-01 5.15485585e-01 5.05105913e-01 4.97973800e-01
    4.95509624e-01 4.90333229e-01 4.79645640e-01 4.84404117e-01
    4.78398830e-01 4.79914933e-01 4.89563733e-01 4.98359650e-01
    5.04697978e-01 5.10872006e-01 5.15564919e-01 5.16695321e-01
    5.23234963e-01 5.23093164e-01 5.14930367e-01 5.27834773e-01
    5.17653525e-01 5.27926803e-01 5.40267348e-01 5.43860197e-01
    5.39064586e-01 5.41457295e-01 5.37324667e-01 5.35880208e-01
    5.29592454e-01 5.24745822e-01 5.23990333e-01 5.21009207e-01
    5.18586278e-01 5.16041815e-01 5.11966288e-01 5.16775787e-01
    5.14016628e-01 5.19542933e-01 5.11157334e-01 5.02960443e-01
    5.03139615e-01 5.10901690e-01 5.07173955e-01 5.11660278e-01
    5.12405634e-01 5.12699485e-01 5.16187608e-01 5.13887644e-01
    5.20888925e-01 5.23038268e-01 5.17118812e-01 5.28614640e-01
    5.17023206e-01 5.18763304e-01 5.36371768e-01 5.31829894e-01
    5.26933849e-01 5.23890615e-01 5.23132682e-01 5.26052654e-01
    5.20576477e-01 5.15812874e-01 5.09145796e-01 5.02712309e-01
    5.07483065e-01 5.04035711e-01 5.00618160e-01 5.04856050e-01
    4.96966809e-01 5.06231606e-01 5.05551159e-01 4.97330755e-01
    4.98384327e-01 4.99977589e-01 5.03356755e-01 5.03038883e-01
    5.06884873e-01 5.09232283e-01 5.18504679e-01 5.23343742e-01
    5.25277972e-01 5.17236352e-01 5.24747074e-01 5.21606863e-01
    5.23681283e-01 5.13106167e-01 5.09786069e-01 5.08572817e-01
    4.99085307e-01 4.99827385e-01 5.10736763e-01 5.08563399e-01
    5.04939795e-01 5.01133084e-01 5.05965352e-01 4.97693032e-01
    5.02243042e-01 5.02433419e-01 5.11424661e-01 4.97252464e-01
    4.98039454e-01 4.93928522e-01 5.07185698e-01 5.06090522e-01
    5.07504344e-01 5.13724327e-01 5.08501172e-01 5.02016544e-01
    5.00489354e-01 4.99597222e-01 4.99833107e-01 5.00182509e-01
    5.08106768e-01 4.99005318e-01 4.96123999e-01 4.91575688e-01
    4.87685591e-01 4.84896004e-01 4.91034895e-01 4.85871196e-01
    4.84659344e-01 4.76668179e-01 4.69151348e-01 4.68560219e-01
    4.65231061e-01 4.70636874e-01 4.80376750e-01 4.83833939e-01
    4.80722547e-01 4.71805602e-01 4.71877158e-01 4.79174495e-01
    4.79160696e-01 4.86872286e-01 4.91370022e-01 4.84132171e-01
    4.87957180e-01 4.90794688e-01 4.92508441e-01 4.97915715e-01
    5.09733021e-01 5.14534295e-01 5.12328327e-01 4.99810785e-01
    5.00469148e-01 5.11082888e-01 5.17142296e-01 5.24718702e-01
    5.21309793e-01 5.18154204e-01 5.13279974e-01 5.18787742e-01
    5.24574041e-01 5.20390272e-01 5.20728171e-01 5.29957592e-01
    5.27052879e-01 5.18490434e-01 5.07680595e-01 5.10138512e-01
    5.17465770e-01 5.07046163e-01 5.05873799e-01 5.10164380e-01
    5.14679551e-01 5.08040607e-01 5.15964925e-01 5.23723125e-01
    5.25894463e-01 5.30361533e-01 5.34367442e-01 5.31997621e-01
    5.30736387e-01 5.29831052e-01 5.33269882e-01 5.38842261e-01
    5.31791031e-01 5.34453988e-01 5.42429507e-01 5.32638311e-01
    5.32961547e-01 5.20148098e-01 5.27946591e-01 5.23655951e-01
    5.21448851e-01 5.20907700e-01 5.13016522e-01 5.12182772e-01
    5.18233836e-01 5.21099448e-01 5.23044109e-01 5.17724514e-01
    5.22377312e-01 5.23692846e-01 5.14610648e-01 5.13502359e-01
    5.18489659e-01 5.10463476e-01 5.20834148e-01 5.24338543e-01
    5.13742626e-01 5.09372771e-01 5.06166935e-01 5.14957070e-01
    5.13108730e-01 4.98490185e-01 4.93846893e-01 4.94835556e-01
    4.99367625e-01 4.97552127e-01 4.96573776e-01 4.90324706e-01
    4.94072586e-01 4.94919717e-01 4.96129572e-01 4.86229092e-01
    4.74536747e-01 4.82762903e-01 4.87210274e-01 4.86528486e-01
    4.87090141e-01 4.85862583e-01 4.94523853e-01 4.94733453e-01
    4.90719706e-01 4.93964672e-01 4.82975364e-01 4.86912608e-01
    4.93876755e-01 4.85975325e-01 4.73722219e-01 4.76132870e-01
    4.79612797e-01 4.84577090e-01 4.85701978e-01 4.83887881e-01
    4.85928923e-01 4.78555977e-01 4.85851586e-01 4.86968160e-01
    4.82956558e-01 4.90014702e-01 4.95051026e-01 5.09760499e-01
    5.16483486e-01 5.22635877e-01 5.20901859e-01 5.26410103e-01
    5.23247719e-01 5.21121442e-01 5.20934403e-01 5.21219909e-01
    5.15847325e-01 5.10624111e-01 5.10732472e-01 5.00784636e-01
    5.02781510e-01 5.15743434e-01 5.05219996e-01 4.98359710e-01
    4.96130556e-01 4.85657543e-01 4.77155507e-01 4.81665581e-01
    4.77770030e-01 4.77748662e-01 4.86260384e-01 4.95593995e-01
    4.96880770e-01 5.02496004e-01 5.08825481e-01 5.12181282e-01
    5.18681169e-01 5.18895864e-01 5.11705875e-01 5.22625566e-01
    5.14476538e-01 5.21557391e-01 5.35646617e-01 5.38402796e-01
    5.36929548e-01 5.37578583e-01 5.33459067e-01 5.32459736e-01
    5.25024176e-01 5.20764649e-01 5.21332145e-01 5.14227748e-01
    5.12536466e-01 5.10541499e-01 5.06050885e-01 5.08451939e-01
    5.08253396e-01 5.13529837e-01 5.08794427e-01 4.99501765e-01
    4.98100936e-01 5.02692819e-01 4.99919206e-01 5.06161928e-01
    5.04513860e-01 5.04769921e-01 5.07962048e-01 5.06427050e-01
    5.14834523e-01 5.16763806e-01 5.12731075e-01 5.25564432e-01
    5.13276517e-01 5.14440775e-01 5.27205646e-01 5.23403823e-01
    5.22010207e-01 5.20457029e-01 5.19067585e-01 5.22640586e-01
    5.16342938e-01 5.12675703e-01 5.08607805e-01 5.03581762e-01
    5.04115105e-01 5.03670454e-01 4.99934554e-01 5.04637480e-01
    4.98082250e-01 5.10144413e-01 5.09368002e-01 5.04562855e-01
    5.04128695e-01 5.02651691e-01 5.07957041e-01 5.08837521e-01
    5.13356626e-01 5.16682982e-01 5.26999950e-01 5.29648006e-01
    5.33925593e-01 5.29262364e-01 5.35131156e-01 5.34484744e-01
    5.33065557e-01 5.20547569e-01 5.16513705e-01 5.16232431e-01
    5.05785584e-01 5.05911350e-01 5.18454909e-01 5.14882743e-01
    5.11148930e-01 5.06751418e-01 5.11172473e-01 5.00267923e-01
    5.08664131e-01 5.09032011e-01 5.17229438e-01 5.00419199e-01
    4.98925120e-01 4.96020496e-01 5.09903550e-01 5.08234620e-01
    5.08815408e-01 5.16605914e-01 5.10924518e-01 5.04390657e-01
    5.02062976e-01 5.02960443e-01 5.01082003e-01 5.01229882e-01
    5.12772143e-01 4.98047858e-01 4.94577050e-01 4.88159806e-01
    4.85984117e-01 4.82901156e-01 4.86212283e-01 4.80754375e-01
    4.80432838e-01 4.70444918e-01 4.61492121e-01 4.60978061e-01
    4.57682163e-01 4.64148462e-01 4.70434070e-01 4.76112604e-01
    4.74201292e-01 4.66308773e-01 4.71320122e-01 4.80850488e-01
    4.81038183e-01 4.89270031e-01 4.95757729e-01 4.89639074e-01
    4.90965724e-01 4.91347015e-01 4.96041149e-01 4.99860168e-01
    5.11839747e-01 5.15812159e-01 5.13039351e-01 5.03584087e-01
    5.07006168e-01 5.17373025e-01 5.19392669e-01 5.23943782e-01
    5.18703222e-01 5.18057406e-01 5.14214635e-01 5.16930163e-01
    5.21070123e-01 5.19801676e-01 5.22766709e-01 5.28507113e-01
    5.28430521e-01 5.22635639e-01 5.12673616e-01 5.15482366e-01
    5.24019718e-01 5.09695292e-01 5.07463574e-01 5.11296570e-01
    5.17520308e-01 5.11817217e-01 5.20051956e-01 5.29966116e-01
    5.33727527e-01 5.39510906e-01 5.40098965e-01 5.35438657e-01
    5.30921876e-01 5.29772997e-01 5.33382893e-01 5.38652658e-01
    5.32071054e-01 5.33307195e-01 5.44140220e-01 5.37804782e-01
    5.37043691e-01 5.23669064e-01 5.33034265e-01 5.28925061e-01
    5.28405964e-01 5.24869382e-01 5.18591881e-01 5.20863771e-01
    5.31845570e-01 5.38530588e-01 5.38841724e-01 5.32687843e-01
    5.35691559e-01 5.34545958e-01 5.25756717e-01 5.26269853e-01
    5.28570354e-01 5.21933615e-01 5.28314233e-01 5.31786740e-01
    5.22007346e-01 5.14606774e-01 5.12910724e-01 5.19978940e-01
    5.18824518e-01 5.01000047e-01 4.93449122e-01 4.91056502e-01
    4.95149821e-01 4.94016379e-01 4.92289245e-01 4.88730252e-01
    4.89120662e-01 4.87979710e-01 4.88940388e-01 4.82669532e-01
    4.69922423e-01 4.76855338e-01 4.82306927e-01 4.79612201e-01
    4.77607697e-01 4.76569116e-01 4.87899721e-01 4.86545414e-01
    4.86215621e-01 4.89376426e-01 4.79614526e-01 4.83432472e-01
    4.89306957e-01 4.81809974e-01 4.75223005e-01 4.77851093e-01
    4.81506795e-01 4.87079322e-01 4.87765789e-01 4.86442536e-01
    4.89916086e-01 4.87700820e-01 4.91710126e-01 4.92958307e-01
    4.91113573e-01 4.95384634e-01 4.97162282e-01 5.12106001e-01
    5.18504024e-01 5.20114124e-01 5.20226002e-01 5.21814644e-01
    5.20512879e-01 5.14107049e-01 5.12401819e-01 5.13070524e-01
    5.07164419e-01 5.04208744e-01 5.03056586e-01 4.94216979e-01
    4.91328478e-01 5.03261030e-01 4.95002478e-01 4.88137454e-01
    4.84636396e-01 4.77325112e-01 4.69047576e-01 4.73391443e-01
    4.72557575e-01 4.72786784e-01 4.84716505e-01 4.94315594e-01
    4.96622235e-01 5.02392709e-01 5.03774047e-01 5.05607247e-01
    5.14236927e-01 5.16225576e-01 5.08857965e-01 5.17790079e-01
    5.13495862e-01 5.20963013e-01 5.33079386e-01 5.38062751e-01
    5.34479082e-01 5.34527481e-01 5.27215064e-01 5.22628009e-01
    5.15554488e-01 5.09734213e-01 5.09349585e-01 5.04774094e-01
    5.02230287e-01 5.02237201e-01 4.97246295e-01 4.99660522e-01
    5.00610471e-01 5.02349198e-01 4.98414844e-01 4.87412512e-01
    4.89076167e-01 4.98165250e-01 4.92655277e-01 4.99681562e-01
    4.99405682e-01 5.00237405e-01 5.04212916e-01 5.04414976e-01
    5.13827324e-01 5.15944183e-01 5.12259781e-01 5.24383664e-01
    5.12775898e-01 5.13117075e-01 5.25853395e-01 5.19630373e-01
    5.20903766e-01 5.16574919e-01 5.12810588e-01 5.16407132e-01
    5.10036528e-01 5.06999493e-01 5.03949344e-01 4.99103874e-01
    4.99129117e-01 4.96971279e-01 4.93052602e-01 4.93628502e-01
    4.87321794e-01 4.98510987e-01 4.96748656e-01 4.95046377e-01
    4.97232765e-01 4.95186865e-01 5.00606477e-01 5.03009617e-01
    5.10752082e-01 5.13868093e-01 5.24754167e-01 5.24507821e-01
    5.28657019e-01 5.25936425e-01 5.31544685e-01 5.32389283e-01
    5.30311108e-01 5.19752443e-01 5.17661870e-01 5.17538249e-01
    5.07132113e-01 5.04361093e-01 5.14309347e-01 5.08805275e-01
    5.01909316e-01 4.96511042e-01 5.00249147e-01 4.89186615e-01
    4.97398645e-01 4.95771885e-01 5.01506984e-01 4.85615820e-01
    4.83931392e-01 4.80110347e-01 4.95329767e-01 4.91200954e-01
    4.92103219e-01 4.99177814e-01 4.97949183e-01 4.93134886e-01
    4.90160823e-01 4.92725939e-01 4.89271015e-01 4.88840044e-01
    4.99287456e-01 4.86919194e-01 4.86643493e-01 4.81966585e-01
    4.80938166e-01 4.75834697e-01 4.83800918e-01 4.76078123e-01
    4.76093143e-01 4.68280971e-01 4.59534973e-01 4.54146564e-01
    4.52836573e-01 4.61874992e-01 4.67095792e-01 4.71568316e-01
    4.72583622e-01 4.64559346e-01 4.65770304e-01 4.74135011e-01
    4.72575426e-01 4.80202943e-01 4.87744808e-01 4.79104012e-01
    4.81548399e-01 4.80442524e-01 4.83758748e-01 4.86545891e-01
    5.00067353e-01 5.01995325e-01 5.00793278e-01 4.91931707e-01
    4.98414427e-01 5.06837666e-01 5.10107160e-01 5.18632472e-01
    5.12944102e-01 5.12474060e-01 5.06112814e-01 5.09736836e-01
    5.13261259e-01 5.12330472e-01 5.17499268e-01 5.26126206e-01
    5.25654733e-01 5.22145271e-01 5.13133585e-01 5.16208947e-01
    5.23313463e-01 5.07252038e-01 5.04098713e-01 5.09632885e-01
    5.17767131e-01 5.13727307e-01 5.18588722e-01 5.25448859e-01
    5.28100193e-01 5.35431147e-01 5.35657763e-01 5.33512890e-01
    5.26403248e-01 5.26263833e-01 5.26929140e-01 5.35194278e-01
    5.28725982e-01 5.31982899e-01 5.44957519e-01 5.39715290e-01
    5.38121641e-01 5.22985816e-01 5.32464981e-01 5.32944977e-01
    5.31471729e-01 5.27572215e-01 5.23640215e-01 5.26130557e-01
    5.34201741e-01 5.40487230e-01 5.41852355e-01 5.39169908e-01
    5.39358139e-01 5.36449254e-01 5.27738094e-01 5.27462900e-01
    5.32565057e-01 5.26795030e-01 5.33984959e-01 5.34784496e-01
    5.23341000e-01 5.17023444e-01 5.15908778e-01 5.21231174e-01
    5.16631126e-01 4.99967635e-01 4.93177176e-01 4.89274651e-01
    4.91453558e-01 4.90379900e-01 4.88420069e-01 4.86821055e-01
    4.85382140e-01 4.82713580e-01 4.82003331e-01 4.78069484e-01
    4.65857297e-01 4.75358427e-01 4.81136620e-01 4.80177045e-01
    4.76859123e-01 4.77636516e-01 4.88255501e-01 4.90042210e-01
    4.90775466e-01 4.93958503e-01 4.87397790e-01 4.93998080e-01
    4.99025434e-01 4.93928283e-01 4.84929442e-01 4.87287700e-01
    4.92082000e-01 4.99253839e-01 4.99448270e-01 4.98325378e-01
    5.01353562e-01 5.01367569e-01 5.03954172e-01 5.03341734e-01
    4.99752849e-01 5.01926899e-01 5.01882613e-01 5.13385117e-01
    5.18501818e-01 5.18006325e-01 5.18408656e-01 5.22349596e-01
    5.21109223e-01 5.10854363e-01 5.07992148e-01 5.06224573e-01
    5.00155568e-01 4.98478681e-01 4.94838238e-01 4.84486789e-01
    4.81070697e-01 4.93500173e-01 4.85435486e-01 4.82137203e-01
    4.78372812e-01 4.69782531e-01 4.65220064e-01 4.69366968e-01
    4.70148206e-01 4.70654994e-01 4.85371619e-01 4.92103338e-01
    4.96214241e-01 5.00282586e-01 4.99996722e-01 5.02338409e-01
    5.14613986e-01 5.16707599e-01 5.10927737e-01 5.23350000e-01
    5.20132303e-01 5.28605700e-01 5.42745888e-01 5.47373414e-01
    5.42046309e-01 5.42477906e-01 5.35997391e-01 5.30879557e-01
    5.27160406e-01 5.21496892e-01 5.20822525e-01 5.15108705e-01
    5.11644542e-01 5.10139048e-01 5.07731438e-01 5.09114265e-01
    5.09779871e-01 5.08072317e-01 5.05354285e-01 4.94173497e-01
    4.92770880e-01 5.01190543e-01 4.94841456e-01 4.99204278e-01
    4.96491820e-01 4.95148927e-01 4.96984452e-01 4.96772379e-01
    5.10132194e-01 5.13745487e-01 5.11226475e-01 5.22917867e-01
    5.12610257e-01 5.08636415e-01 5.22465944e-01 5.15556395e-01
    5.15945733e-01 5.14575362e-01 5.13852775e-01 5.13740778e-01
    5.08762479e-01 5.09877980e-01 5.07212937e-01 5.05130887e-01
    5.08923352e-01 5.05226552e-01 5.01345634e-01 5.03058612e-01
    4.96025622e-01 5.05485415e-01 5.05391896e-01 5.04091918e-01
    5.03899157e-01 5.00167251e-01 5.04566669e-01 5.06717801e-01
    5.17508626e-01 5.18900216e-01 5.27704716e-01 5.27586222e-01
    5.29180884e-01 5.23911655e-01 5.25718749e-01 5.27376115e-01
    5.22532165e-01 5.12924731e-01 5.13170719e-01 5.15323997e-01
    5.03992915e-01 5.04305243e-01 5.14177203e-01 5.07950962e-01
    4.98469025e-01 4.91970301e-01 4.98361290e-01 4.88171786e-01
    4.96928781e-01 4.96630877e-01 5.00550330e-01 4.85824615e-01
    4.84971762e-01 4.85429913e-01 4.98374581e-01 4.91489440e-01
    4.90347505e-01 4.98232812e-01 4.94625032e-01 4.91016984e-01
    4.90219235e-01 4.96229649e-01 4.94151503e-01 4.92337823e-01
    5.01386523e-01 4.87813354e-01 4.85446841e-01 4.81798381e-01
    4.82384026e-01 4.75806177e-01 4.79608059e-01 4.71365273e-01
    4.70475078e-01 4.63103384e-01 4.57170427e-01 4.53169137e-01
    4.53256369e-01 4.59139705e-01 4.61299628e-01 4.62239355e-01
    4.63679850e-01 4.56573159e-01 4.57981586e-01 4.67565209e-01
    4.68321592e-01 4.74310905e-01 4.81541306e-01 4.73252803e-01
    4.77799654e-01 4.76217538e-01 4.78205740e-01 4.77132052e-01
    4.88494784e-01 4.88031298e-01 4.88405764e-01 4.79121268e-01
    4.89168346e-01 4.96637106e-01 4.99041498e-01 5.06484926e-01
    5.01617908e-01 5.00662446e-01 4.99051571e-01 5.02683103e-01
    5.04883409e-01 5.05697370e-01 5.12773633e-01 5.22785127e-01
    5.21440983e-01 5.17673016e-01 5.10332406e-01 5.13132215e-01
    5.19537866e-01 5.03924251e-01 5.00691831e-01 5.04205644e-01
    5.15146852e-01 5.13391554e-01 5.21822155e-01 5.25543749e-01
    5.27203023e-01 5.35607338e-01 5.37729621e-01 5.39351642e-01
    5.32998383e-01 5.32009542e-01 5.34944952e-01 5.42942643e-01
    5.37957788e-01 5.42749286e-01 5.53654790e-01 5.44710696e-01
    5.45838892e-01 5.27560353e-01 5.35761952e-01 5.32720268e-01
    5.35338819e-01 5.29106498e-01 5.22658646e-01 5.25242865e-01
    5.34332573e-01 5.42014301e-01 5.44935703e-01 5.38130820e-01
    5.34093082e-01 5.29196024e-01 5.19135535e-01 5.20676494e-01
    5.28948486e-01 5.23803651e-01 5.31239867e-01 5.32372117e-01
    5.25487721e-01 5.15524387e-01 5.15970707e-01 5.20618796e-01
    5.17085433e-01 4.97860104e-01 4.91152912e-01 4.88094240e-01
    4.91019189e-01 4.94080931e-01 4.94013727e-01 4.95287806e-01
    4.95473176e-01 4.94699121e-01 4.91802573e-01 4.90030527e-01
    4.77620810e-01 4.87167329e-01 4.92552549e-01 4.91598159e-01
    4.87047851e-01 4.85674530e-01 4.97677624e-01 4.97327656e-01
    4.96456355e-01 5.00163913e-01 4.93740410e-01 5.03206730e-01
    5.07091224e-01 5.01251459e-01 4.93070811e-01 4.96426821e-01
    5.00786781e-01 5.07285357e-01 5.04820943e-01 5.04829943e-01
    5.07815003e-01 5.09679914e-01 5.15318573e-01 5.13352036e-01
    5.11709094e-01 5.13874114e-01 5.15530944e-01 5.28907776e-01
    5.29432654e-01 5.25713325e-01 5.25963485e-01 5.29248953e-01
    5.27004063e-01 5.15449882e-01 5.13726592e-01 5.11896610e-01
    5.04832387e-01 5.03656507e-01 4.99559402e-01 4.87451166e-01
    4.81272280e-01 4.95424896e-01 4.87528563e-01 4.84176606e-01
    4.75911498e-01 4.71648932e-01 4.69357252e-01 4.74580944e-01
    4.73555118e-01 4.75381196e-01 4.89718258e-01 4.95771408e-01
    4.98207390e-01 5.02839327e-01 5.03824770e-01 5.07169783e-01
    5.20639360e-01 5.25714338e-01 5.16511679e-01 5.29370248e-01
    5.24530768e-01 5.31461954e-01 5.43418705e-01 5.45669019e-01
    5.40365040e-01 5.40145040e-01 5.33230543e-01 5.28574765e-01
    5.27210116e-01 5.22412956e-01 5.22452295e-01 5.15799701e-01
    5.10795712e-01 5.06683230e-01 5.03202975e-01 5.06736636e-01
    5.07088006e-01 5.03112078e-01 5.02863705e-01 4.91105348e-01
    4.90796387e-01 4.98281091e-01 4.93443340e-01 4.99022543e-01
    4.94302869e-01 4.91138130e-01 4.92184222e-01 4.89962816e-01
    5.02737343e-01 5.06192684e-01 5.04489481e-01 5.16611278e-01
    5.04985034e-01 5.00311613e-01 5.14792502e-01 5.10821342e-01
    5.12208819e-01 5.12409687e-01 5.11263132e-01 5.11089087e-01
    5.02986670e-01 5.07354259e-01 5.07445335e-01 5.08422434e-01
    5.13346136e-01 5.11328995e-01 5.06175935e-01 5.09466112e-01
    5.02058744e-01 5.09602845e-01 5.09767234e-01 5.12575269e-01
    5.10908842e-01 5.07507920e-01 5.12694478e-01 5.14051974e-01
    5.24769247e-01 5.24927199e-01 5.29907048e-01 5.30201793e-01
    5.28474569e-01 5.21767855e-01 5.22740722e-01 5.27698040e-01
    5.23956060e-01 5.13906121e-01 5.15069306e-01 5.15559435e-01
    5.01749396e-01 5.01816034e-01 5.08606553e-01 4.99802828e-01
    4.89956737e-01 4.82492536e-01 4.89505708e-01 4.82342362e-01
    4.89802569e-01 4.92737383e-01 4.98262763e-01 4.84570235e-01
    4.81888741e-01 4.82080460e-01 4.93863612e-01 4.88716692e-01
    4.88058418e-01 4.96594489e-01 4.94942844e-01 4.94829237e-01
    4.94972736e-01 4.99533355e-01 4.97977883e-01 4.97988164e-01
    5.07010162e-01 4.93124664e-01 4.88438696e-01 4.85709041e-01
    4.82579738e-01 4.76199865e-01 4.77131039e-01 4.73226249e-01
    4.72910017e-01 4.66922373e-01 4.59894478e-01 4.51073438e-01
    4.46969956e-01 4.52782422e-01 4.58049238e-01 4.59461838e-01
    4.59571242e-01 4.50766146e-01 4.50674862e-01 4.61983263e-01
    4.62282896e-01 4.70797986e-01 4.78599995e-01 4.72679794e-01
    4.73945767e-01 4.71353829e-01 4.75490808e-01 4.75536793e-01
    4.89585787e-01 4.90993589e-01 4.90484267e-01 4.80435371e-01
    4.89435166e-01 4.99317408e-01 5.03179789e-01 5.11024415e-01
    5.03467441e-01 4.99856293e-01 5.00318050e-01 5.04981816e-01
    5.07883966e-01 5.07083237e-01 5.12317836e-01 5.18216968e-01
    5.17116129e-01 5.11780679e-01 5.05859733e-01 5.08400261e-01
    5.14527440e-01 5.01598477e-01 4.94113147e-01 5.00476956e-01
    5.13057828e-01 5.11230290e-01 5.19195914e-01 5.23082674e-01
    5.24125695e-01 5.30837655e-01 5.29016316e-01 5.30020058e-01
    5.21835983e-01 5.19608915e-01 5.25628090e-01 5.33216953e-01
    5.31190097e-01 5.37019610e-01 5.42114317e-01 5.34046888e-01
    5.32135427e-01 5.16301215e-01 5.24025619e-01 5.21653414e-01
    5.27665675e-01 5.24057269e-01 5.17300904e-01 5.20774961e-01
    5.30613184e-01 5.39782465e-01 5.44466555e-01 5.38050532e-01
    5.32963574e-01 5.26082039e-01 5.15772700e-01 5.21632969e-01
    5.28895140e-01 5.24191022e-01 5.32910347e-01 5.34303188e-01
    5.27861357e-01 5.17663181e-01 5.16419470e-01 5.19373417e-01
    5.16883850e-01 4.97812033e-01 4.90635276e-01 4.86571580e-01
    4.89083767e-01 4.92885202e-01 4.92544770e-01 4.96542603e-01
    4.98368889e-01 5.01054883e-01 5.03268957e-01 4.97957140e-01
    4.86831844e-01 4.97646302e-01 5.00107884e-01 5.00442982e-01
    4.96811748e-01 4.97183233e-01 5.07679999e-01 5.07752120e-01
    5.08077681e-01 5.08283973e-01 5.01823187e-01 5.08966148e-01
    5.12016416e-01 5.04275084e-01 4.93081003e-01 4.92320836e-01
    4.97880906e-01 5.03065705e-01 4.99079078e-01 5.00530481e-01
    5.03140986e-01 5.04906058e-01 5.05326390e-01 5.06839097e-01
    5.03153563e-01 5.02476215e-01 5.08972943e-01 5.24663568e-01
    5.26742101e-01 5.23695052e-01 5.22695124e-01 5.27670681e-01
    5.25004208e-01 5.12715936e-01 5.12056351e-01 5.10522842e-01
    5.01148283e-01 4.99201685e-01 4.96068478e-01 4.84030783e-01
    4.76801753e-01 4.90891635e-01 4.87449765e-01 4.81263369e-01
    4.72492635e-01 4.69932437e-01 4.65920150e-01 4.69588935e-01
    4.69283968e-01 4.71753001e-01 4.88252908e-01 4.93891627e-01
    4.98402208e-01 5.03417015e-01 5.05097449e-01 5.10791838e-01
    5.24930358e-01 5.32209873e-01 5.22946417e-01 5.33285677e-01
    5.27128696e-01 5.31763434e-01 5.39516628e-01 5.44447839e-01
    5.40957034e-01 5.40843964e-01 5.36722958e-01 5.30244589e-01
    5.27374685e-01 5.21687925e-01 5.22757530e-01 5.19797862e-01
    5.12904942e-01 5.10229826e-01 5.02022505e-01 5.05900800e-01
    5.04015028e-01 5.01031637e-01 5.03078818e-01 4.94126946e-01
    4.89269376e-01 4.98055071e-01 4.92201507e-01 4.95835155e-01
    4.92418557e-01 4.91007864e-01 4.91311938e-01 4.90818471e-01
    5.00436723e-01 5.03265738e-01 4.99860108e-01 5.14199674e-01
    5.03349721e-01 5.02344370e-01 5.18387318e-01 5.10406375e-01
    5.10890841e-01 5.13189733e-01 5.11874974e-01 5.12498140e-01
    5.07685304e-01 5.07736206e-01 5.07852077e-01 5.09592116e-01
    5.10832310e-01 5.06652117e-01 5.01641214e-01 5.09527445e-01
    5.02405465e-01 5.09618640e-01 5.07824183e-01 5.08974910e-01
    5.09497344e-01 5.04755795e-01 5.08399963e-01 5.08610427e-01
    5.19693315e-01 5.17019331e-01 5.24829924e-01 5.26295304e-01
    5.22187889e-01 5.18852353e-01 5.23382246e-01 5.28425455e-01
    5.22798896e-01 5.14648139e-01 5.16256332e-01 5.16353488e-01
    5.03319860e-01 5.03459692e-01 5.13457775e-01 5.07315278e-01
    4.98920590e-01 4.93782967e-01 5.01682103e-01 4.93449956e-01
    4.99950230e-01 5.06489575e-01 5.09985089e-01 4.95415241e-01
    4.93567675e-01 4.94779110e-01 5.04265487e-01 5.01496851e-01
    5.01162529e-01 5.07632136e-01 5.04744947e-01 5.02696276e-01
    5.03119349e-01 5.05940795e-01 5.02343714e-01 5.00731289e-01
    5.12406886e-01 4.97414917e-01 4.87231582e-01 4.84661937e-01
    4.82998908e-01 4.78309721e-01 4.76662219e-01 4.74861503e-01
    4.73457247e-01 4.68237847e-01 4.62794334e-01 4.54757035e-01
    4.48970497e-01 4.52229381e-01 4.55285430e-01 4.56045330e-01
    4.56061810e-01 4.47459430e-01 4.47998136e-01 4.60895807e-01
    4.62695479e-01 4.68464851e-01 4.74816829e-01 4.70571399e-01
    4.70540583e-01 4.68698531e-01 4.71690714e-01 4.72026527e-01
    4.86604542e-01 4.89584655e-01 4.89883691e-01 4.80926335e-01
    4.90073144e-01 5.02274215e-01 5.01769960e-01 5.07023215e-01
    5.00824273e-01 4.95947838e-01 4.95789230e-01 4.98279482e-01
    5.02349257e-01 5.03526390e-01 5.06338775e-01 5.13676524e-01
    5.20830333e-01 5.16694427e-01 5.09667873e-01 5.15112877e-01
    5.24603963e-01 5.09277165e-01 5.00546813e-01 5.06966412e-01
    5.20707667e-01 5.21500885e-01 5.27829468e-01 5.32226741e-01
    5.34426272e-01 5.37853003e-01 5.37331879e-01 5.36851823e-01
    5.28937817e-01 5.23744285e-01 5.28015554e-01 5.32293260e-01
    5.29703736e-01 5.32787740e-01 5.41012287e-01 5.33938110e-01
    5.27406216e-01 5.13869822e-01 5.18681467e-01 5.18112779e-01
    5.22554815e-01 5.19144416e-01 5.15070140e-01 5.17426312e-01
    5.26589751e-01 5.35179198e-01 5.40255547e-01 5.32667875e-01
    5.30953288e-01 5.20824671e-01 5.09003282e-01 5.14019966e-01
    5.18928945e-01 5.16741693e-01 5.24469614e-01 5.25595367e-01
    5.19762695e-01 5.11058867e-01 5.09898901e-01 5.11991799e-01
    5.09061217e-01 4.92628455e-01 4.86426502e-01 4.84131783e-01
    4.87257779e-01 4.90302324e-01 4.93413270e-01 5.00220120e-01
    4.98613298e-01 5.01428604e-01 5.05601883e-01 4.97883767e-01
    4.88779753e-01 4.98364180e-01 4.98551637e-01 5.00273883e-01
    5.00481546e-01 4.99107808e-01 5.06360650e-01 5.04783213e-01
    5.04973114e-01 5.07782400e-01 5.00073254e-01 5.06631911e-01
    5.08648038e-01 5.01625299e-01 4.94027793e-01 4.89309072e-01
    4.93854642e-01 4.98179793e-01 4.92466629e-01 4.93182957e-01
    4.93909210e-01 4.94285613e-01 4.96366382e-01 5.01219809e-01
    4.96884525e-01 4.97051567e-01 5.01250565e-01 5.18326104e-01
    5.20677030e-01 5.16832590e-01 5.18041074e-01 5.19321144e-01
    5.20987034e-01 5.13802052e-01 5.14729261e-01 5.16722858e-01
    5.10709703e-01 5.09199262e-01 5.03909707e-01 4.92268831e-01
    4.82245594e-01 4.99619544e-01 4.95382875e-01 4.90092278e-01
    4.80565757e-01 4.79173720e-01 4.73997653e-01 4.79597837e-01
    4.80517834e-01 4.82275009e-01 4.96158093e-01 4.98410314e-01
    4.99713093e-01 5.01237512e-01 5.03721476e-01 5.07261813e-01
    5.18995583e-01 5.24437964e-01 5.15495241e-01 5.23121238e-01
    5.17539561e-01 5.21654546e-01 5.26505888e-01 5.33536613e-01
    5.28953969e-01 5.30875504e-01 5.25690317e-01 5.21255374e-01
    5.17478108e-01 5.12603879e-01 5.14494240e-01 5.12542009e-01
    5.07618845e-01 5.06759882e-01 5.01199722e-01 5.03138840e-01
    5.02867520e-01 4.98186678e-01 5.01325607e-01 4.93870080e-01
    4.86310452e-01 4.93397385e-01 4.85476583e-01 4.87529844e-01
    4.83684599e-01 4.81862307e-01 4.84646261e-01 4.86103952e-01
    4.93254125e-01 4.94702965e-01 4.92809296e-01 5.05724370e-01
    4.94011581e-01 4.91675109e-01 5.09188890e-01 5.01459718e-01
    5.01308143e-01 5.06001115e-01 5.06547689e-01 5.09510934e-01
    5.07974565e-01 5.08347034e-01 5.09577811e-01 5.08271217e-01
    5.05888164e-01 5.00964582e-01 4.98196840e-01 5.04507065e-01
    4.97723609e-01 5.07384002e-01 5.08093297e-01 5.10191143e-01
    5.10508060e-01 5.03239274e-01 5.06740272e-01 5.05596638e-01
    5.15127599e-01 5.13137043e-01 5.18736064e-01 5.19150555e-01
    5.17074108e-01 5.16582310e-01 5.21063149e-01 5.27009368e-01
    5.23951113e-01 5.16184330e-01 5.16547322e-01 5.16619682e-01
    5.04882514e-01 5.06987691e-01 5.20487726e-01 5.16707540e-01
    5.09412050e-01 5.04647136e-01 5.08565605e-01 5.01192451e-01
    5.10388911e-01 5.16511023e-01 5.20182133e-01 5.09145677e-01
    5.05902886e-01 5.05764842e-01 5.17287552e-01 5.12953639e-01
    5.10730505e-01 5.12414813e-01 5.07303536e-01 5.03399134e-01
    5.04078567e-01 5.04038692e-01 4.99884337e-01 5.01524627e-01
    5.09948194e-01 4.94004399e-01 4.83181566e-01 4.80823755e-01
    4.77601171e-01 4.70507771e-01 4.68105912e-01 4.65175807e-01
    4.67283338e-01 4.65409756e-01 4.61374819e-01 4.52365369e-01
    4.47443843e-01 4.45556879e-01 4.50559586e-01 4.52359915e-01
    4.50346261e-01 4.44395959e-01 4.48400587e-01 4.58894402e-01
    4.58708763e-01 4.65270817e-01 4.76438969e-01 4.73893702e-01
    4.75973248e-01 4.70604867e-01 4.74016428e-01 4.74359274e-01
    4.89665926e-01 4.95452821e-01 4.96756643e-01 4.86855894e-01
    4.96632099e-01 5.09302258e-01 5.10685980e-01 5.11872411e-01
    5.07384479e-01 5.04885793e-01 5.03962755e-01 5.03180027e-01
    5.06202996e-01 5.05313396e-01 5.11477351e-01 5.16350925e-01
    5.19014239e-01 5.14446676e-01 5.08729935e-01 5.15579224e-01
    5.25980473e-01 5.13202727e-01 5.04067898e-01 5.09848177e-01
    5.21213472e-01 5.21727741e-01 5.27328849e-01 5.29647887e-01
    5.33457756e-01 5.34784496e-01 5.33169210e-01 5.32276988e-01
    5.20493686e-01 5.13161898e-01 5.18206120e-01 5.20988941e-01
    5.14967382e-01 5.16477108e-01 5.22266209e-01 5.15602171e-01
    5.11348724e-01 5.02192914e-01 5.08749306e-01 5.08613586e-01
    5.13969779e-01 5.09019136e-01 5.03083289e-01 5.05104899e-01
    5.13721824e-01 5.24197221e-01 5.29149711e-01 5.20045459e-01
    5.17445564e-01 5.10195494e-01 5.01263380e-01 5.05939782e-01
    5.09949863e-01 5.08315027e-01 5.13732314e-01 5.16268432e-01
    5.11019886e-01 5.01617968e-01 4.98739898e-01 5.01590192e-01
    4.99324441e-01 4.85226691e-01 4.78485674e-01 4.80293959e-01
    4.85827446e-01 4.91097599e-01 4.93941993e-01 4.99372631e-01
    4.95966583e-01 4.99148965e-01 5.01252770e-01 4.93963927e-01
    4.83783007e-01 4.89370286e-01 4.91748363e-01 4.93811011e-01
    4.92850035e-01 4.93732810e-01 4.98956561e-01 5.00638306e-01
    5.00650465e-01 5.03416479e-01 4.96762514e-01 5.02363324e-01
    5.05352974e-01 4.97488707e-01 4.90964085e-01 4.88351017e-01
    4.91224974e-01 4.97666717e-01 4.97156233e-01 4.98647422e-01
    5.04200101e-01 5.09435534e-01 5.11890769e-01 5.20599842e-01
    5.11254847e-01 5.08719146e-01 5.11039078e-01 5.25694370e-01
    5.30024767e-01 5.23803771e-01 5.27933061e-01 5.27810156e-01
    5.27475476e-01 5.22801876e-01 5.23478448e-01 5.20378172e-01
    5.13563514e-01 5.09202838e-01 5.01342654e-01 4.89059597e-01
    4.75129455e-01 4.94369745e-01 4.91154343e-01 4.86151665e-01
    4.77569193e-01 4.75251913e-01 4.73187208e-01 4.79705185e-01
    4.80781645e-01 4.87078130e-01 5.01134932e-01 5.01196265e-01
    5.03047824e-01 5.03780603e-01 5.06735325e-01 5.08396983e-01
    5.19968629e-01 5.25612772e-01 5.17740965e-01 5.25521874e-01
    5.19864082e-01 5.22014081e-01 5.24071157e-01 5.29654860e-01
    5.25269270e-01 5.24798036e-01 5.17059922e-01 5.13335168e-01
    5.11560082e-01 5.10365427e-01 5.15417218e-01 5.11762559e-01
    5.08559406e-01 5.06599069e-01 5.01094222e-01 5.02731264e-01
    5.01111150e-01 4.97436434e-01 5.00735581e-01 4.94805932e-01
    4.85679865e-01 4.90819961e-01 4.85024065e-01 4.89282489e-01
    4.82675046e-01 4.80147600e-01 4.79986340e-01 4.79955345e-01
    4.89045382e-01 4.92038757e-01 4.91443217e-01 5.02374589e-01
    4.90897566e-01 4.89769459e-01 5.06746113e-01 5.03823519e-01
    5.06289840e-01 5.11548519e-01 5.10613739e-01 5.14155865e-01
    5.12567222e-01 5.13049901e-01 5.10219634e-01 5.11022687e-01
    5.07333040e-01 5.00082970e-01 4.98006433e-01 5.01814842e-01
    4.97938514e-01 5.04894257e-01 5.03218770e-01 5.04631698e-01
    5.01796484e-01 4.91818011e-01 4.95759100e-01 4.97193038e-01
    5.06417394e-01 5.02597272e-01 5.07958114e-01 5.10519683e-01
    5.09881139e-01 5.11715531e-01 5.18144011e-01 5.22746623e-01
    5.20606399e-01 5.12866020e-01 5.13828099e-01 5.16947031e-01
    5.05397558e-01 5.08021593e-01 5.22833169e-01 5.18557966e-01
    5.09364903e-01 5.02292693e-01 5.06576955e-01 5.02438366e-01
    5.15499055e-01 5.21291614e-01 5.22366226e-01 5.09046853e-01
    5.07831752e-01 5.05592644e-01 5.18987775e-01 5.14640570e-01
    5.09362936e-01 5.11527419e-01 5.05924284e-01 5.04826069e-01
    5.05232692e-01 5.04702449e-01 5.03085852e-01 5.03095508e-01
    5.09236217e-01 4.89421934e-01 4.74997669e-01 4.73244667e-01
    4.69327182e-01 4.59280223e-01 4.58765924e-01 4.54972863e-01
    4.60519493e-01 4.61168110e-01 4.58516896e-01 4.50006157e-01
    4.42462385e-01 4.40391153e-01 4.48366314e-01 4.49867219e-01
    4.47061926e-01 4.43434447e-01 4.49499160e-01 4.62498695e-01
    4.61418688e-01 4.72398460e-01 4.84440714e-01 4.81973767e-01
    4.82794106e-01 4.77785766e-01 4.81146723e-01 4.79849726e-01
    4.95065451e-01 5.00092685e-01 5.01282752e-01 4.89766598e-01
    5.00175118e-01 5.14444292e-01 5.12079477e-01 5.12148619e-01
    5.04429936e-01 5.03852904e-01 5.01464844e-01 4.99216795e-01
    5.04790127e-01 5.04096925e-01 5.07788777e-01 5.14340401e-01
    5.05572438e-01 5.04627287e-01 5.03791630e-01 5.15098870e-01
    5.23703098e-01 5.11153281e-01 4.99396980e-01 5.06419122e-01
    5.19052804e-01 5.19562125e-01 5.24335980e-01 5.26245356e-01
    5.29427409e-01 5.32346785e-01 5.29028118e-01 5.26906729e-01
    5.18334627e-01 5.14129400e-01 5.16998112e-01 5.18046558e-01
    5.11800528e-01 5.14995337e-01 5.21399260e-01 5.14759004e-01
    5.07962227e-01 5.00634789e-01 5.08976161e-01 5.09431958e-01
    5.18570185e-01 5.11853337e-01 5.04182577e-01 5.07063925e-01
    5.18767357e-01 5.27155340e-01 5.29420078e-01 5.21058917e-01
    5.17333210e-01 5.09527147e-01 5.00592589e-01 5.06453276e-01
    5.13763130e-01 5.14741540e-01 5.18924713e-01 5.18442392e-01
    5.13343334e-01 5.02579987e-01 5.01667738e-01 5.02179444e-01
    5.00187159e-01 4.84071404e-01 4.77745831e-01 4.77930903e-01
    4.83690828e-01 4.88863349e-01 4.89705890e-01 4.97150421e-01
    4.92568076e-01 4.94698048e-01 4.97823477e-01 4.88357842e-01
    4.80878085e-01 4.85711902e-01 4.87276077e-01 4.91650671e-01
    4.91115808e-01 4.93256807e-01 5.01237869e-01 5.03971577e-01
    5.08092761e-01 5.10323167e-01 5.05306602e-01 5.09433329e-01
    5.09725869e-01 5.01592100e-01 4.96521920e-01 4.93567824e-01
    5.00257969e-01 5.05516827e-01 5.07458329e-01 5.06526887e-01
    5.09648860e-01 5.16420603e-01 5.16751945e-01 5.24116397e-01
    5.15055656e-01 5.10365427e-01 5.13247788e-01 5.29443860e-01
    5.37265182e-01 5.32570422e-01 5.36302149e-01 5.35973728e-01
    5.34767985e-01 5.29301226e-01 5.29342592e-01 5.26081204e-01
    5.21401167e-01 5.19162655e-01 5.10594666e-01 4.97601271e-01
    4.82972026e-01 4.99990582e-01 4.98033136e-01 4.92703050e-01
    4.83880788e-01 4.79955375e-01 4.73906845e-01 4.80065942e-01
    4.82178509e-01 4.85400975e-01 4.96888429e-01 4.98047024e-01
    4.96660918e-01 4.96104091e-01 4.98077571e-01 5.03731847e-01
    5.16840041e-01 5.24337947e-01 5.19123077e-01 5.24292052e-01
    5.20009935e-01 5.18640757e-01 5.20322680e-01 5.28484344e-01
    5.23336768e-01 5.20522475e-01 5.17020643e-01 5.12340963e-01
    5.08491933e-01 5.10632098e-01 5.18463850e-01 5.13867080e-01
    5.09011209e-01 5.06751001e-01 4.99220669e-01 4.99527425e-01
    4.98405278e-01 4.92942661e-01 4.95184600e-01 4.88849699e-01
    4.81053621e-01 4.87734020e-01 4.82579440e-01 4.87248957e-01
    4.82282907e-01 4.82609749e-01 4.80658591e-01 4.77366805e-01
    4.87370938e-01 4.91828740e-01 4.91977274e-01 5.01392901e-01
    4.90706444e-01 4.91175264e-01 5.05699694e-01 5.05828083e-01
    5.06087840e-01 5.10633230e-01 5.11521399e-01 5.13472438e-01
    5.11623085e-01 5.13041317e-01 5.11620760e-01 5.12459397e-01
    5.11190593e-01 5.01315832e-01 4.99041051e-01 5.01541257e-01
    4.99094844e-01 5.07896423e-01 5.06732523e-01 5.08247316e-01
    5.03802657e-01 4.96740431e-01 4.98282641e-01 4.98453885e-01
    5.07817864e-01 5.01450539e-01 5.04450560e-01 5.05962193e-01
    5.04328072e-01 5.07226825e-01 5.15784085e-01 5.20451784e-01
    5.20239234e-01 5.14987886e-01 5.11999309e-01 5.13159931e-01
    5.04146397e-01 5.05719364e-01 5.20050526e-01 5.19325912e-01
    5.11209965e-01 5.07082045e-01 5.11102676e-01 5.07506371e-01
    5.17834187e-01 5.24464965e-01 5.22356689e-01 5.10446668e-01
    5.06861985e-01 5.02949536e-01 5.13106763e-01 5.10433495e-01
    5.09091914e-01 5.11886716e-01 5.08597910e-01 5.05914927e-01
    5.04652143e-01 5.03785908e-01 4.99278873e-01 4.99120146e-01
    5.08282363e-01 4.87818211e-01 4.73210692e-01 4.73191321e-01
    4.71065313e-01 4.62814122e-01 4.62796092e-01 4.61005211e-01
    4.66836244e-01 4.63704288e-01 4.61823553e-01 4.56404328e-01
    4.49203968e-01 4.47699904e-01 4.52688396e-01 4.58235562e-01
    4.55680728e-01 4.50277299e-01 4.54831898e-01 4.67737973e-01
    4.66098160e-01 4.73942131e-01 4.86651361e-01 4.85297054e-01
    4.83413428e-01 4.77647394e-01 4.85278428e-01 4.83076543e-01
    4.93449092e-01 4.97221321e-01 4.95836318e-01 4.87818033e-01
    4.93762106e-01 5.09421349e-01 5.05671442e-01 5.07931054e-01
    5.00219703e-01 5.00901043e-01 4.97506410e-01 4.92520958e-01
    4.97362196e-01 4.98416722e-01 5.01854897e-01 5.03015339e-01
    4.99567956e-01 4.98021603e-01 4.94981915e-01 5.04070699e-01
    5.10793388e-01 5.02002180e-01 4.89946842e-01 4.95917618e-01
    5.10010540e-01 5.10020137e-01 5.17351329e-01 5.23013115e-01
    5.27213573e-01 5.32947481e-01 5.28089643e-01 5.23798585e-01
    5.16915023e-01 5.13312101e-01 5.15879273e-01 5.18509805e-01
    5.14867365e-01 5.19277871e-01 5.22196174e-01 5.15497088e-01
    5.07481694e-01 5.01186907e-01 5.07882118e-01 5.06792724e-01
    5.13397515e-01 5.07470369e-01 5.00662386e-01 5.02925634e-01
    5.14786839e-01 5.19734800e-01 5.22284150e-01 5.16370058e-01
    5.13864100e-01 5.08242369e-01 4.99807298e-01 5.07919848e-01
    5.13781250e-01 5.17005026e-01 5.19129157e-01 5.21511197e-01
    5.12464464e-01 5.04723728e-01 5.01606166e-01 4.99052912e-01
    4.98280257e-01 4.84800547e-01 4.78729337e-01 4.80383813e-01
    4.83242124e-01 4.87195671e-01 4.86240774e-01 4.93768364e-01
    4.86771166e-01 4.88206416e-01 4.89176899e-01 4.80497390e-01
    4.73923504e-01 4.79829580e-01 4.78856921e-01 4.83249247e-01
    4.85330909e-01 4.89530683e-01 4.96327549e-01 5.00329971e-01
    5.03260911e-01 5.07476270e-01 5.03529429e-01 5.04860222e-01
    5.05566299e-01 4.99584824e-01 4.95146215e-01 4.93933856e-01
    5.01832187e-01 5.05984187e-01 5.07427752e-01 5.08938313e-01
    5.15532017e-01 5.22450089e-01 5.21962404e-01 5.30716121e-01
    5.23094296e-01 5.15452325e-01 5.16670346e-01 5.30874312e-01
    5.41217268e-01 5.38468301e-01 5.40392399e-01 5.41457236e-01
    5.40168703e-01 5.34143865e-01 5.32760262e-01 5.33250034e-01
    5.27580202e-01 5.21621227e-01 5.10295272e-01 4.98705775e-01
    4.83419985e-01 5.00619173e-01 5.01553774e-01 4.95048106e-01
    4.87798065e-01 4.85688150e-01 4.75777805e-01 4.83751446e-01
    4.87935066e-01 4.90045756e-01 4.99239326e-01 5.01338363e-01
    4.97457981e-01 4.95151758e-01 4.98009950e-01 5.05410969e-01
    5.19332707e-01 5.26384413e-01 5.20395398e-01 5.22324443e-01
    5.21409273e-01 5.19265354e-01 5.17625511e-01 5.27786911e-01
    5.22433400e-01 5.16893208e-01 5.14627635e-01 5.12062013e-01
    5.06826878e-01 5.09832203e-01 5.19524336e-01 5.15605152e-01
    5.13659835e-01 5.07697046e-01 4.99994487e-01 4.97569203e-01
    4.97586608e-01 4.89293873e-01 4.92097974e-01 4.87145454e-01
    4.77900535e-01 4.81586933e-01 4.76156682e-01 4.82129574e-01
    4.75811630e-01 4.77803707e-01 4.74090010e-01 4.69024837e-01
    4.77856606e-01 4.77800548e-01 4.79012281e-01 4.88480657e-01
    4.80273545e-01 4.81941670e-01 4.97421294e-01 4.98798937e-01
    4.98232782e-01 5.02043664e-01 5.05356908e-01 5.07621586e-01
    5.01890659e-01 5.01908362e-01 4.99620140e-01 5.02705216e-01
    5.01424193e-01 4.93996292e-01 4.92501557e-01 4.95056301e-01
    4.91477311e-01 4.98647332e-01 4.95263755e-01 4.94328141e-01
    4.86164510e-01 4.81870264e-01 4.87085581e-01 4.86516744e-01
    4.94826108e-01 4.89051640e-01 4.94687974e-01 4.97823894e-01
    4.96540129e-01 4.99162257e-01 5.04545987e-01 5.08787155e-01
    5.08117914e-01 5.03241956e-01 5.02897322e-01 5.06218016e-01
    4.98892486e-01 5.04365444e-01 5.16852081e-01 5.14109552e-01
    5.07991016e-01 5.04018247e-01 5.11085510e-01 5.07100821e-01
    5.15613735e-01 5.19949675e-01 5.19461513e-01 5.12253940e-01
    5.12530327e-01 5.09192228e-01 5.22883654e-01 5.15983105e-01
    5.13436019e-01 5.16976416e-01 5.11900842e-01 5.10923147e-01
    5.11110365e-01 5.12451112e-01 5.11356115e-01 5.10000885e-01
    5.17995000e-01 4.97094601e-01 4.85288829e-01 4.86129642e-01
    4.81874853e-01 4.73544985e-01 4.71971840e-01 4.67183709e-01
    4.75861222e-01 4.72491741e-01 4.71709192e-01 4.68512446e-01
    4.56484377e-01 4.53671217e-01 4.55532581e-01 4.57585961e-01
    4.54480886e-01 4.50449795e-01 4.56043392e-01 4.64634746e-01
    4.59601104e-01 4.67035323e-01 4.79480654e-01 4.81538028e-01
    4.79669541e-01 4.73416835e-01 4.83093590e-01 4.78175491e-01
    4.88005430e-01 4.94311869e-01 4.92778987e-01 4.85098183e-01
    4.90143448e-01 5.07426858e-01 5.03650069e-01 5.04901350e-01
    5.00313699e-01 5.03148973e-01 4.96900201e-01 4.89600629e-01
    4.90314424e-01 4.91092712e-01 4.95254099e-01 4.95850891e-01
    4.95672286e-01 4.94110763e-01 4.92945641e-01 5.03879011e-01
    5.08912146e-01 5.03055692e-01 4.89529610e-01 4.97491598e-01
    5.10476589e-01 5.10625362e-01 5.20352840e-01 5.21093726e-01
    5.25987864e-01 5.34041822e-01 5.32487810e-01 5.27466059e-01
    5.24796963e-01 5.22731185e-01 5.26434064e-01 5.27453303e-01
    5.21756887e-01 5.26725888e-01 5.26542246e-01 5.22446275e-01
    5.15485108e-01 5.11416554e-01 5.17909527e-01 5.14171064e-01
    5.22936344e-01 5.16809404e-01 5.07372975e-01 5.11279404e-01
    5.22677183e-01 5.23961365e-01 5.24882138e-01 5.17927289e-01
    5.14204383e-01 5.08760154e-01 5.01200259e-01 5.08864641e-01
    5.16296387e-01 5.17398179e-01 5.16336739e-01 5.17260849e-01
    5.09421289e-01 5.01954675e-01 4.99790579e-01 4.99995679e-01
    4.94572043e-01 4.80228901e-01 4.72939104e-01 4.75681931e-01
    4.79204059e-01 4.81379151e-01 4.81363565e-01 4.87118930e-01
    4.79335159e-01 4.79448795e-01 4.83861268e-01 4.76384521e-01
    4.73872393e-01 4.81222510e-01 4.83828008e-01 4.86568958e-01
    4.87115860e-01 4.91776526e-01 5.00467837e-01 5.06469488e-01
    5.08110702e-01 5.11537015e-01 5.11209369e-01 5.12304604e-01
    5.14205217e-01 5.12786746e-01 5.08504570e-01 5.05347133e-01
    5.15220225e-01 5.16456544e-01 5.15639007e-01 5.14765859e-01
    5.18312812e-01 5.22238612e-01 5.22951603e-01 5.31479597e-01
    5.26468039e-01 5.17960489e-01 5.15718877e-01 5.26955426e-01
    5.39123774e-01 5.35401940e-01 5.35175204e-01 5.37560701e-01
    5.37754953e-01 5.32420397e-01 5.32896161e-01 5.35231471e-01
    5.31242967e-01 5.26747406e-01 5.18918872e-01 5.08299530e-01
    4.94121283e-01 5.10147095e-01 5.11207700e-01 5.04840016e-01
    4.99630690e-01 4.95713204e-01 4.87492681e-01 4.93605435e-01
    4.94574457e-01 4.96121526e-01 5.04395187e-01 5.04752040e-01
    4.98131216e-01 4.95002061e-01 4.97381121e-01 5.03860354e-01
    5.15340447e-01 5.20946860e-01 5.13087511e-01 5.16449809e-01
    5.21521091e-01 5.18306673e-01 5.17092526e-01 5.24075508e-01
    5.21675587e-01 5.19172966e-01 5.17671764e-01 5.13862550e-01
    5.07628202e-01 5.13844669e-01 5.23162484e-01 5.19062579e-01
    5.16018748e-01 5.13136208e-01 5.05283654e-01 5.01308441e-01
    5.00896633e-01 4.91966963e-01 4.92640078e-01 4.86897379e-01
    4.79764163e-01 4.80973184e-01 4.71112043e-01 4.76801813e-01
    4.70530957e-01 4.74221408e-01 4.68106508e-01 4.61294144e-01
    4.71978545e-01 4.70804334e-01 4.68866408e-01 4.78237242e-01
    4.72699285e-01 4.75694448e-01 4.89668936e-01 4.92200792e-01
    4.89481449e-01 4.93635625e-01 4.95920599e-01 5.00556171e-01
    4.92559582e-01 4.94724780e-01 4.91290390e-01 4.94001061e-01
    4.92597908e-01 4.84725237e-01 4.82925326e-01 4.88828421e-01
    4.84401941e-01 4.90338415e-01 4.84817803e-01 4.80282515e-01
    4.72375423e-01 4.70311731e-01 4.77234751e-01 4.76853669e-01
    4.87112403e-01 4.82480109e-01 4.85783875e-01 4.90267187e-01
    4.92094338e-01 4.97828156e-01 5.00896811e-01 5.05469322e-01
    5.03234863e-01 4.99368995e-01 4.98386532e-01 5.02750754e-01
    4.95954663e-01 5.03471494e-01 5.18347263e-01 5.12727916e-01
    5.07336020e-01 5.00538051e-01 5.07271886e-01 5.05274534e-01
    5.10307014e-01 5.13420522e-01 5.12834013e-01 5.09170473e-01
    5.12091398e-01 5.06388128e-01 5.19027650e-01 5.13694704e-01
    5.10216355e-01 5.14526129e-01 5.07788777e-01 5.06181359e-01
    5.08321643e-01 5.10644972e-01 5.07578731e-01 5.04447997e-01
    5.10897458e-01 4.92326379e-01 4.79250610e-01 4.78056014e-01
    4.72625136e-01 4.63054329e-01 4.63832408e-01 4.60741341e-01
    4.71140802e-01 4.69677985e-01 4.70324218e-01 4.68659371e-01
    4.56033349e-01 4.50168133e-01 4.51010734e-01 4.55799848e-01
    4.56317365e-01 4.52621669e-01 4.59925532e-01 4.68330801e-01
    4.65693802e-01 4.71260697e-01 4.85080898e-01 4.85296458e-01
    4.82742280e-01 4.76671547e-01 4.84234840e-01 4.81383681e-01
    4.91059035e-01 4.96545881e-01 4.96612221e-01 4.90921766e-01
    4.95586216e-01 5.11299014e-01 5.03997743e-01 5.03935695e-01
    4.99789566e-01 4.99894917e-01 4.97383237e-01 4.90515083e-01
    4.92815495e-01 4.91777956e-01 4.94188100e-01 4.94621843e-01
    5.05220950e-01 5.04145384e-01 5.03569067e-01 5.15113652e-01
    5.19810498e-01 5.10459125e-01 4.97307867e-01 5.05332589e-01
    5.16592145e-01 5.18953502e-01 5.24501085e-01 5.21609962e-01
    5.26773453e-01 5.36487162e-01 5.36886215e-01 5.30379295e-01
    5.28003991e-01 5.25706947e-01 5.28901458e-01 5.28481662e-01
    5.21891773e-01 5.25022149e-01 5.27516961e-01 5.22979319e-01
    5.17994940e-01 5.16592264e-01 5.18487215e-01 5.15273929e-01
    5.28935909e-01 5.22991717e-01 5.13961434e-01 5.18544853e-01
    5.29375553e-01 5.29036343e-01 5.28495371e-01 5.21771133e-01
    5.18578708e-01 5.12776017e-01 5.07249117e-01 5.13953626e-01
    5.20690978e-01 5.17878950e-01 5.14598131e-01 5.19216061e-01
    5.13572872e-01 5.03203452e-01 5.03100276e-01 5.00107169e-01
    4.93416965e-01 4.79079723e-01 4.73130047e-01 4.77435112e-01
    4.81320828e-01 4.82888669e-01 4.81714219e-01 4.86994833e-01
    4.78454441e-01 4.80011761e-01 4.85693932e-01 4.80526865e-01
    4.75951195e-01 4.81715083e-01 4.84603494e-01 4.85081315e-01
    4.88604039e-01 4.93224144e-01 5.04922748e-01 5.09240687e-01
    5.10582685e-01 5.13225019e-01 5.14121532e-01 5.14993846e-01
    5.15502632e-01 5.15519440e-01 5.10713518e-01 5.10578036e-01
    5.21077812e-01 5.23350179e-01 5.21599591e-01 5.21837413e-01
    5.24104893e-01 5.24166167e-01 5.22682965e-01 5.26877165e-01
    5.20714104e-01 5.10406554e-01 5.07645071e-01 5.16752839e-01
    5.28500855e-01 5.22019207e-01 5.19466639e-01 5.22985339e-01
    5.19807875e-01 5.11159122e-01 5.10336041e-01 5.11015534e-01
    5.05863309e-01 5.04031122e-01 4.99248415e-01 4.91551340e-01
    4.77880478e-01 4.93516266e-01 4.96321142e-01 4.94809121e-01
    4.90283370e-01 4.86392289e-01 4.83303338e-01 4.91435081e-01
    4.91306722e-01 4.92248744e-01 5.02082348e-01 5.03018200e-01
    4.99225527e-01 4.98120070e-01 4.99980807e-01 5.05626023e-01
    5.17152250e-01 5.23289025e-01 5.17234206e-01 5.23182929e-01
    5.26764691e-01 5.23645520e-01 5.23233712e-01 5.27912378e-01
    5.24312437e-01 5.22549450e-01 5.23304939e-01 5.20473540e-01
    5.14552355e-01 5.22196949e-01 5.27558744e-01 5.22306204e-01
    5.21919727e-01 5.18728971e-01 5.13638377e-01 5.11589348e-01
    5.08570492e-01 4.96415675e-01 4.99090701e-01 4.93442506e-01
    4.86685872e-01 4.87129837e-01 4.75858748e-01 4.81543243e-01
    4.74839985e-01 4.78975803e-01 4.71352726e-01 4.67219263e-01
    4.77545232e-01 4.75778043e-01 4.72155452e-01 4.81580198e-01
    4.73464251e-01 4.75013793e-01 4.90032226e-01 4.90985602e-01
    4.88117605e-01 4.94907111e-01 4.98981357e-01 5.04827619e-01
    4.95334864e-01 4.95404512e-01 4.89859611e-01 4.94027883e-01
    4.91771132e-01 4.83025849e-01 4.83172357e-01 4.90807891e-01
    4.82290715e-01 4.87658978e-01 4.83262837e-01 4.78283435e-01
    4.69197392e-01 4.70427513e-01 4.75205898e-01 4.71952170e-01
    4.82421011e-01 4.77765948e-01 4.83058453e-01 4.89389151e-01
    4.89696294e-01 4.96447742e-01 5.01287460e-01 5.02842069e-01
    5.01222074e-01 5.02061665e-01 5.02627134e-01 5.08346677e-01
    5.02641976e-01 5.10330796e-01 5.21786153e-01 5.15181124e-01
    5.10605931e-01 5.02742350e-01 5.12230992e-01 5.09183228e-01
    5.14150560e-01 5.19334614e-01 5.18284202e-01 5.13583064e-01
    5.17615199e-01 5.11571050e-01 5.22394598e-01 5.16534626e-01
    5.11512578e-01 5.16362548e-01 5.08653283e-01 5.06827712e-01
    5.09057224e-01 5.13516426e-01 5.11914849e-01 5.04398286e-01
    5.11852264e-01 4.93145764e-01 4.80590850e-01 4.81041104e-01
    4.77152556e-01 4.64720219e-01 4.65819418e-01 4.60668147e-01
    4.70769227e-01 4.70948011e-01 4.70369369e-01 4.70660806e-01
    4.58712220e-01 4.55147594e-01 4.54605401e-01 4.59467411e-01
    4.62065101e-01 4.57009196e-01 4.64665413e-01 4.71656024e-01
    4.69891071e-01 4.72975165e-01 4.87712145e-01 4.87125337e-01
    4.84633893e-01 4.79821354e-01 4.88513589e-01 4.85608637e-01
    4.93215501e-01 5.00483632e-01 4.99829620e-01 4.96257424e-01
    5.02590179e-01 5.17134249e-01 5.11296749e-01 5.11396706e-01
    5.05949914e-01 5.06636143e-01 5.06541967e-01 5.00162065e-01
    5.01601160e-01 5.00135303e-01 5.03288507e-01 5.02504170e-01
    5.07267296e-01 5.02497673e-01 5.04029989e-01 5.15758634e-01
    5.20176411e-01 5.13050735e-01 4.99512792e-01 5.05697668e-01
    5.18895030e-01 5.20397484e-01 5.21977425e-01 5.20447016e-01
    5.26275516e-01 5.36825955e-01 5.35194695e-01 5.30145526e-01
    5.27856290e-01 5.26882946e-01 5.30771911e-01 5.29133976e-01
    5.22582114e-01 5.25738478e-01 5.24848640e-01 5.23362935e-01
    5.15639365e-01 5.12780070e-01 5.12132049e-01 5.10145187e-01
    5.22248328e-01 5.19137919e-01 5.09196877e-01 5.14280558e-01
    5.25415957e-01 5.21928608e-01 5.23557961e-01 5.19144237e-01
    5.17357767e-01 5.11594653e-01 5.04361093e-01 5.13142645e-01
    5.16735852e-01 5.14166176e-01 5.10227144e-01 5.19610882e-01
    5.17457426e-01 5.09380877e-01 5.08001328e-01 5.04120409e-01
    4.95967478e-01 4.84705597e-01 4.77281839e-01 4.78742212e-01
    4.81065422e-01 4.79426593e-01 4.74965245e-01 4.83569294e-01
    4.75300729e-01 4.76984859e-01 4.86525714e-01 4.79613632e-01
    4.72326189e-01 4.75857407e-01 4.77216184e-01 4.73191887e-01
    4.77360129e-01 4.81919259e-01 4.89033699e-01 4.97123510e-01
    4.96714503e-01 4.97717828e-01 5.01978457e-01 5.03150940e-01
    5.05204141e-01 5.06519198e-01 5.04752040e-01 5.01035333e-01
    5.14000058e-01 5.16562939e-01 5.17209291e-01 5.15225828e-01
    5.21281779e-01 5.22136331e-01 5.20537198e-01 5.26062965e-01
    5.19910514e-01 5.12743473e-01 5.10254145e-01 5.15346706e-01
    5.29746294e-01 5.22011995e-01 5.17377973e-01 5.19332170e-01
    5.18901110e-01 5.11099041e-01 5.12657702e-01 5.11920929e-01
    5.10084093e-01 5.05239785e-01 4.98012602e-01 4.91449565e-01
    4.77335036e-01 4.91020918e-01 4.90903556e-01 4.90919650e-01
    4.88739043e-01 4.84360278e-01 4.79095459e-01 4.86801118e-01
    4.89992380e-01 4.89298791e-01 4.95147675e-01 4.94691551e-01
    4.88159478e-01 4.86910015e-01 4.91119802e-01 5.00671387e-01
    5.11348069e-01 5.15859067e-01 5.13372540e-01 5.21566927e-01
    5.26459157e-01 5.20812631e-01 5.21412969e-01 5.25644124e-01
    5.22677362e-01 5.19927680e-01 5.20653963e-01 5.18217862e-01
    5.12204230e-01 5.22711396e-01 5.28075874e-01 5.21485031e-01
    5.19325256e-01 5.15374243e-01 5.11288047e-01 5.04502177e-01
    5.00844598e-01 4.88362789e-01 4.93657917e-01 4.88480479e-01
    4.85804617e-01 4.86848474e-01 4.72782165e-01 4.78116781e-01
    4.72152084e-01 4.75219905e-01 4.64145482e-01 4.57168102e-01
    4.66477066e-01 4.66299087e-01 4.66255426e-01 4.77459848e-01
    4.72806573e-01 4.73269045e-01 4.86763805e-01 4.88788545e-01
    4.82682854e-01 4.88918126e-01 4.91362244e-01 4.98987317e-01
    4.89654869e-01 4.89535153e-01 4.86270726e-01 4.95764613e-01
    4.94272858e-01 4.90204275e-01 4.92451012e-01 4.98938501e-01
    4.91124839e-01 4.97238398e-01 4.94984359e-01 4.88047540e-01
    4.78506505e-01 4.81840640e-01 4.84431416e-01 4.82979774e-01
    4.92077112e-01 4.89602149e-01 4.96902049e-01 5.01022220e-01
    5.00722289e-01 5.08403778e-01 5.08758903e-01 5.04345715e-01
    5.00710487e-01 4.98990357e-01 4.98211175e-01 5.03120899e-01
    5.02269566e-01 5.08633018e-01 5.17362833e-01 5.13018668e-01
    5.09382367e-01 5.04003942e-01 5.12693167e-01 5.09138346e-01
    5.14032245e-01 5.17260134e-01 5.15888810e-01 5.11412263e-01
    5.16730011e-01 5.14534533e-01 5.27548611e-01 5.19954085e-01
    5.16593635e-01 5.18942535e-01 5.11593044e-01 5.09960651e-01
    5.09692490e-01 5.12876272e-01 5.11052608e-01 5.01499593e-01
    5.07495165e-01 4.87700224e-01 4.73366052e-01 4.74713534e-01
    4.71505165e-01 4.61134732e-01 4.60645080e-01 4.53449219e-01
    4.65399593e-01 4.65592355e-01 4.64476168e-01 4.63913113e-01
    4.52495724e-01 4.49605554e-01 4.49325144e-01 4.53275919e-01
    4.56096172e-01 4.50482517e-01 4.60826874e-01 4.69234347e-01
    4.67931926e-01 4.70778614e-01 4.84680206e-01 4.83144403e-01
    4.82074261e-01 4.78287578e-01 4.82687086e-01 4.78671104e-01
    4.88749266e-01 4.97185796e-01 4.97222126e-01 4.92297143e-01
    4.97829407e-01 5.10959268e-01 5.09866774e-01 5.08316219e-01
    5.04200459e-01 5.05039990e-01 5.06421983e-01 4.99195814e-01
    5.00160694e-01 5.00761807e-01 5.00288427e-01 5.03576159e-01
    5.04472852e-01 5.02018034e-01 4.99938339e-01 5.10259569e-01
    5.15357018e-01 5.08956313e-01 4.97744769e-01 5.05771399e-01
    5.18873811e-01 5.19533873e-01 5.21537602e-01 5.18509030e-01
    5.28148890e-01 5.37102282e-01 5.35215914e-01 5.27840078e-01
    5.26407599e-01 5.26417851e-01 5.26553512e-01 5.24860144e-01
    5.20455420e-01 5.21768093e-01 5.21145582e-01 5.17069817e-01
    5.11918426e-01 5.09398520e-01 5.08640230e-01 5.04092693e-01
    5.16746819e-01 5.11785150e-01 5.05407035e-01 5.10351002e-01
    5.21675944e-01 5.16288936e-01 5.16032994e-01 5.14600694e-01
    5.14410496e-01 5.07481039e-01 4.99024987e-01 5.07920742e-01
    5.11007249e-01 5.04563451e-01 5.00943303e-01 5.09077668e-01
    5.09233177e-01 5.01655579e-01 4.98393297e-01 4.94296700e-01
    4.85494703e-01 4.76650834e-01 4.71299738e-01 4.77613330e-01
    4.76660341e-01 4.76611555e-01 4.71678197e-01 4.84250635e-01
    4.75672424e-01 4.79221076e-01 4.89830881e-01 4.81842965e-01
    4.72470462e-01 4.75524098e-01 4.78964895e-01 4.75375980e-01
    4.79906917e-01 4.87239778e-01 4.92615730e-01 5.00469446e-01
    4.98376548e-01 4.99808788e-01 5.02428114e-01 5.06840646e-01
    5.07477701e-01 5.09351909e-01 5.06568730e-01 5.04759729e-01
    5.17626405e-01 5.23119032e-01 5.24137378e-01 5.20875752e-01
    5.27440190e-01 5.26646495e-01 5.23478150e-01 5.27034879e-01
    5.19339383e-01 5.10019958e-01 5.06672084e-01 5.11810839e-01
    5.20924270e-01 5.13185322e-01 5.09537041e-01 5.12290835e-01
    5.09901643e-01 5.02633512e-01 5.04492819e-01 5.02678573e-01
    5.02222657e-01 4.98468161e-01 4.91179287e-01 4.84119147e-01
    4.70508069e-01 4.86467630e-01 4.89903569e-01 4.91532475e-01
    4.91053820e-01 4.90870953e-01 4.86439705e-01 4.93431509e-01
    4.97931987e-01 4.95963007e-01 5.02305269e-01 5.03133476e-01
    4.98268843e-01 4.97478545e-01 5.03853977e-01 5.13624191e-01
    5.23974419e-01 5.32140195e-01 5.32510221e-01 5.37367165e-01
    5.42515814e-01 5.38738608e-01 5.35069883e-01 5.40361702e-01
    5.37918925e-01 5.30487239e-01 5.30806959e-01 5.30690134e-01
    5.20670891e-01 5.30979753e-01 5.34327447e-01 5.27641296e-01
    5.26931345e-01 5.22581518e-01 5.15787184e-01 5.07894576e-01
    5.03665030e-01 4.91423786e-01 4.92576808e-01 4.88617867e-01
    4.85380292e-01 4.85782653e-01 4.76815373e-01 4.84619230e-01
    4.76476252e-01 4.79886621e-01 4.68948871e-01 4.65238601e-01
    4.71930802e-01 4.71235365e-01 4.74888623e-01 4.83868003e-01
    4.76970345e-01 4.80714232e-01 4.93238091e-01 4.96388853e-01
    4.92688328e-01 4.98283714e-01 4.99157667e-01 5.05536258e-01
    4.95370001e-01 4.95219707e-01 4.94525522e-01 5.04130602e-01
    5.00257194e-01 4.98061568e-01 5.00915587e-01 5.04630804e-01
    4.99929070e-01 5.08683562e-01 5.01798868e-01 4.93981838e-01
    4.81670678e-01 4.84332383e-01 4.86792207e-01 4.86362487e-01
    4.95327115e-01 4.92073953e-01 4.99955267e-01 5.00947237e-01
    4.99105424e-01 5.05832613e-01 5.05570292e-01 5.01216590e-01
    4.99418318e-01 4.96792734e-01 4.92749572e-01 5.01364529e-01
    5.01474440e-01 5.11958599e-01 5.17818928e-01 5.11613250e-01
    5.04831076e-01 5.00050783e-01 5.10455966e-01 5.05468488e-01
    5.12845516e-01 5.15544116e-01 5.12625515e-01 5.06305635e-01
    5.10176599e-01 5.05393207e-01 5.17528713e-01 5.09939253e-01
    5.07102966e-01 5.07306993e-01 4.99631822e-01 5.00703692e-01
    5.00770390e-01 5.06128073e-01 5.05649090e-01 4.92730021e-01
    5.00286162e-01 4.79209185e-01 4.67251778e-01 4.70164984e-01
    4.67392713e-01 4.58888143e-01 4.59232926e-01 4.52073574e-01
    4.65605408e-01 4.64696676e-01 4.66694444e-01 4.65011597e-01
    4.51203793e-01 4.50390071e-01 4.48587060e-01 4.52584386e-01
    4.60622787e-01 4.53624189e-01 4.65466738e-01 4.72633034e-01
    4.72709864e-01 4.76640224e-01 4.88427877e-01 4.86896873e-01
    4.88358766e-01 4.81446534e-01 4.85481083e-01 4.82598990e-01
    4.93233979e-01 5.05713522e-01 5.04296124e-01 5.01625955e-01
    5.04074812e-01 5.14128625e-01 5.11726975e-01 5.09247243e-01
    5.07060230e-01 5.07296264e-01 5.07838964e-01 4.98487353e-01
    4.98631448e-01 4.97310251e-01 5.01521885e-01 5.03761053e-01
    4.95806158e-01 4.93806720e-01 4.94312823e-01 5.07424355e-01
    5.11077762e-01 5.08043826e-01 4.96533394e-01 5.03865242e-01
    5.17557442e-01 5.23848057e-01 5.24895132e-01 5.19815207e-01
    5.30091643e-01 5.37665188e-01 5.33574045e-01 5.22247612e-01
    5.17221451e-01 5.20627499e-01 5.17728448e-01 5.15892863e-01
    5.11680424e-01 5.14809549e-01 5.13167918e-01 5.11265337e-01
    5.05884826e-01 5.04758894e-01 5.01609921e-01 4.96782154e-01
    5.11894584e-01 5.05889237e-01 4.97035444e-01 5.02058387e-01
    5.16306877e-01 5.13757467e-01 5.12975037e-01 5.11665344e-01
    5.10863245e-01 5.02351403e-01 4.92651165e-01 5.00127017e-01
    5.00328481e-01 4.92000937e-01 4.86051023e-01 4.94277745e-01
    4.93716270e-01 4.86385196e-01 4.83547121e-01 4.82545704e-01
    4.77308154e-01 4.69873101e-01 4.63777989e-01 4.70068842e-01
    4.70552117e-01 4.68772709e-01 4.63087678e-01 4.73595977e-01
    4.65540856e-01 4.70272779e-01 4.83676225e-01 4.77686942e-01
    4.67593968e-01 4.71448869e-01 4.71945226e-01 4.68713373e-01
    4.73111033e-01 4.77821648e-01 4.82693017e-01 4.93473709e-01
    4.88426208e-01 4.92442518e-01 4.98573065e-01 5.06858766e-01
    5.11572480e-01 5.12631714e-01 5.08310735e-01 5.02757668e-01
    5.12085199e-01 5.18961489e-01 5.19360483e-01 5.16416788e-01
    5.23435116e-01 5.21369398e-01 5.18321633e-01 5.18940270e-01
    5.09363413e-01 5.01207411e-01 4.96933758e-01 5.01971483e-01
    5.07711768e-01 4.99447405e-01 4.98643309e-01 5.01590252e-01
    5.00505149e-01 4.96814787e-01 4.96513605e-01 4.95082587e-01
    4.95502710e-01 4.91063654e-01 4.85513300e-01 4.81260240e-01
    4.68982339e-01 4.84621286e-01 4.88821685e-01 4.91505414e-01
    4.88564759e-01 4.89889354e-01 4.86730903e-01 4.92642105e-01
    4.97989148e-01 4.99630302e-01 5.06151199e-01 5.06152213e-01
    5.04649222e-01 5.06208777e-01 5.11675954e-01 5.19524932e-01
    5.24829865e-01 5.33171177e-01 5.31790614e-01 5.35624385e-01
    5.39984405e-01 5.35808921e-01 5.29533863e-01 5.31708002e-01
    5.30983686e-01 5.22392392e-01 5.19717455e-01 5.18274903e-01
    5.09179950e-01 5.17024100e-01 5.19881725e-01 5.15901744e-01
    5.16335070e-01 5.14228106e-01 5.08044839e-01 5.01740575e-01
    4.98974741e-01 4.86051917e-01 4.87561554e-01 4.86154884e-01
    4.81084704e-01 4.79833663e-01 4.73843187e-01 4.81987596e-01
    4.74211276e-01 4.79131073e-01 4.68860745e-01 4.64413404e-01
    4.70189124e-01 4.70277429e-01 4.76750433e-01 4.85366553e-01
    4.78421986e-01 4.81036872e-01 4.91902709e-01 4.95851785e-01
    4.93920416e-01 5.01970708e-01 5.03630757e-01 5.07768095e-01
    4.96962398e-01 4.97332931e-01 4.95702088e-01 5.02197266e-01
    4.98123229e-01 4.93375957e-01 4.97215182e-01 5.01024365e-01
    4.98051107e-01 5.04575372e-01 4.99260873e-01 4.90714967e-01
    4.77040052e-01 4.80110019e-01 4.80799973e-01 4.80203807e-01
    4.90492851e-01 4.91146594e-01 4.95462209e-01 4.96731371e-01
    4.95992512e-01 5.01599789e-01 5.00874281e-01 4.92833197e-01
    4.86200929e-01 4.83649015e-01 4.82418448e-01 4.90497351e-01
    4.93466467e-01 5.03877163e-01 5.05315065e-01 5.03447235e-01
    4.96457964e-01 4.94064063e-01 5.01383066e-01 5.01196563e-01
    5.06904185e-01 5.09872675e-01 5.07560372e-01 5.04343212e-01
    5.09875953e-01 5.09221792e-01 5.17717421e-01 5.12288868e-01
    5.08390427e-01 5.07598102e-01 5.01680911e-01 5.03383934e-01
    5.00110090e-01 5.02758622e-01 5.01973510e-01 4.86356974e-01
    4.91634458e-01 4.72083837e-01 4.61014718e-01 4.67006445e-01
    4.65404242e-01 4.57736313e-01 4.57547635e-01 4.53596979e-01
    4.65422004e-01 4.63769943e-01 4.65828508e-01 4.64004666e-01
    4.51149315e-01 4.48115170e-01 4.50112015e-01 4.51889187e-01
    4.64583427e-01 4.58642572e-01 4.70166951e-01 4.76440430e-01
    4.72609907e-01 4.76436734e-01 4.89597797e-01 4.88012701e-01
    4.90389645e-01 4.80939806e-01 4.85319704e-01 4.82374400e-01
    4.92340624e-01 5.03729761e-01 5.03374696e-01 4.99620676e-01
    4.99292433e-01 5.07232666e-01 5.05414307e-01 5.02385497e-01
    4.98184681e-01 5.00900388e-01 5.00124097e-01 4.88483608e-01
    4.88527745e-01 4.85165238e-01 4.92330432e-01 4.97086823e-01
    4.85094368e-01 4.85597759e-01 4.86245066e-01 4.95959938e-01
    5.03531694e-01 5.01728714e-01 4.89254922e-01 4.96674716e-01
    5.09304523e-01 5.13847351e-01 5.16170263e-01 5.12568235e-01
    5.23024619e-01 5.30183017e-01 5.28269708e-01 5.14212489e-01
    5.12338698e-01 5.13838530e-01 5.07657766e-01 5.07139683e-01
    5.03395915e-01 5.03666520e-01 5.01859188e-01 5.00061333e-01
    4.92767602e-01 4.96898085e-01 4.95140851e-01 4.91241634e-01
    5.07816195e-01 5.00057220e-01 4.91097748e-01 4.95649904e-01
    5.09744346e-01 5.05465209e-01 5.04869878e-01 5.04654109e-01
    5.01421690e-01 4.94732529e-01 4.86041963e-01 4.94619936e-01
    4.97205555e-01 4.90470976e-01 4.81915563e-01 4.90074545e-01
    4.89806801e-01 4.79831398e-01 4.78492767e-01 4.76205945e-01
    4.70971972e-01 4.65940893e-01 4.62374181e-01 4.70614851e-01
    4.70402062e-01 4.69296753e-01 4.61910933e-01 4.74959642e-01
    4.66012597e-01 4.66695607e-01 4.78221029e-01 4.73212898e-01
    4.63743746e-01 4.67865437e-01 4.68510628e-01 4.64196235e-01
    4.67630297e-01 4.73725855e-01 4.79851782e-01 4.90389705e-01
    4.82872307e-01 4.88263249e-01 4.94892925e-01 5.02723873e-01
    5.05033135e-01 5.07084012e-01 5.03238857e-01 5.01052618e-01
    5.10336936e-01 5.14613271e-01 5.16700923e-01 5.15198529e-01
    5.26372552e-01 5.26673734e-01 5.23181736e-01 5.20480514e-01
    5.09453833e-01 5.04637122e-01 4.98573810e-01 5.03763318e-01
    5.08091271e-01 4.97655958e-01 4.96550441e-01 5.01317739e-01
    5.01346529e-01 4.95277405e-01 4.95325208e-01 4.93014634e-01
    4.93459791e-01 4.88252670e-01 4.81039226e-01 4.76918042e-01
    4.66578931e-01 4.81536120e-01 4.84093875e-01 4.88673955e-01
    4.87852812e-01 4.91059750e-01 4.90081072e-01 4.94154364e-01
    4.96616781e-01 4.97351617e-01 5.04688501e-01 5.06111741e-01
    5.00805736e-01 4.99569893e-01 5.03978610e-01 5.14771640e-01
    5.21948338e-01 5.29615581e-01 5.28373957e-01 5.30657232e-01
    5.33579528e-01 5.27712464e-01 5.20160139e-01 5.22264302e-01
    5.22734880e-01 5.16747773e-01 5.12191772e-01 5.12678623e-01
    5.02519488e-01 5.14633358e-01 5.20822763e-01 5.18186510e-01
    5.15437126e-01 5.11566877e-01 5.08630931e-01 5.01753747e-01
    5.03721774e-01 4.89585906e-01 4.88327473e-01 4.88224775e-01
    4.84244943e-01 4.80380952e-01 4.74289984e-01 4.81165230e-01
    4.72133160e-01 4.79042232e-01 4.65313375e-01 4.61110264e-01
    4.63629991e-01 4.65946019e-01 4.72663581e-01 4.79627818e-01
    4.77215976e-01 4.76842433e-01 4.89731520e-01 4.97190118e-01
    4.96654779e-01 5.04719555e-01 5.06385624e-01 5.10066628e-01
    5.02714515e-01 5.02761900e-01 5.00298798e-01 5.07862747e-01
    5.02906621e-01 5.02215743e-01 5.05729914e-01 5.09094775e-01
    5.03352582e-01 5.08362770e-01 5.05038261e-01 4.95175570e-01
    4.80330437e-01 4.83330697e-01 4.85000700e-01 4.85055715e-01
    4.96058106e-01 4.96393174e-01 4.98943835e-01 5.01500607e-01
    5.01235008e-01 5.05806565e-01 5.00808060e-01 4.91065353e-01
    4.85352844e-01 4.83144343e-01 4.80518252e-01 4.85671967e-01
    4.91467506e-01 4.99730706e-01 4.99073714e-01 4.95685428e-01
    4.88159388e-01 4.84857470e-01 4.90394562e-01 4.92438465e-01
    4.97561604e-01 4.98993337e-01 4.97412086e-01 4.97513443e-01
    5.04874527e-01 5.02627075e-01 5.11177182e-01 5.04523098e-01
    5.03332973e-01 5.01045167e-01 4.97645319e-01 4.99532878e-01
    4.97451782e-01 5.04057825e-01 5.06178916e-01 4.89435077e-01
    4.93215352e-01 4.72009122e-01 4.63215590e-01 4.70106483e-01
    4.68620837e-01 4.60344732e-01 4.63670045e-01 4.61062461e-01
    4.72926438e-01 4.70974267e-01 4.70955163e-01 4.69698668e-01
    4.58842129e-01 4.57371980e-01 4.55800444e-01 4.57611710e-01
    4.72198099e-01 4.69261587e-01 4.82461810e-01 4.85726893e-01
    4.80853736e-01 4.83440638e-01 4.97163415e-01 4.92810816e-01
    4.95007932e-01 4.86362129e-01 4.88184720e-01 4.88306344e-01
    4.97714937e-01 5.07115722e-01 5.06301165e-01 5.02230644e-01
    4.99209285e-01 5.06894469e-01 5.02726674e-01 4.97550428e-01
    4.96889532e-01 4.97151971e-01 4.94766951e-01 4.81720984e-01
    4.82681125e-01 4.76087362e-01 4.84782785e-01 4.88415271e-01
    4.85762417e-01 4.85661596e-01 4.86324012e-01 4.97496694e-01
    5.03298700e-01 5.00142395e-01 4.89533454e-01 4.98237938e-01
    5.11832774e-01 5.18831789e-01 5.18949747e-01 5.14922261e-01
    5.25644422e-01 5.30767798e-01 5.31078935e-01 5.16083360e-01
    5.16165495e-01 5.17027795e-01 5.07888973e-01 5.04068136e-01
    4.97084200e-01 5.00537753e-01 5.01299798e-01 5.00911951e-01
    4.90356416e-01 4.94328737e-01 4.88445669e-01 4.87194657e-01
    5.05495846e-01 5.01449406e-01 4.90203559e-01 4.94078636e-01
    5.06872952e-01 4.98886883e-01 4.99455214e-01 5.02045274e-01
    5.00085294e-01 4.94854510e-01 4.84559566e-01 4.90211099e-01
    4.89725739e-01 4.85981107e-01 4.75929230e-01 4.83296156e-01
    4.84141737e-01 4.73014176e-01 4.69968945e-01 4.71233189e-01
    4.68660116e-01 4.65219706e-01 4.67048019e-01 4.73754257e-01
    4.73439485e-01 4.74327028e-01 4.68507528e-01 4.80217248e-01
    4.71580952e-01 4.75296319e-01 4.86063063e-01 4.81278032e-01
    4.75752920e-01 4.77445513e-01 4.79498833e-01 4.76682425e-01
    4.79783654e-01 4.83977795e-01 4.88334775e-01 4.95585382e-01
    4.89079475e-01 4.94997829e-01 5.00454485e-01 5.07404327e-01
    5.12009799e-01 5.17575204e-01 5.12300372e-01 5.09787202e-01
    5.17299294e-01 5.21459103e-01 5.26427567e-01 5.24539351e-01
    5.33030510e-01 5.35732150e-01 5.32029629e-01 5.30051112e-01
    5.20841837e-01 5.16199410e-01 5.07479906e-01 5.10005713e-01
    5.12546718e-01 5.02093911e-01 4.99567926e-01 5.04986167e-01
    5.05239666e-01 5.01258314e-01 4.99572039e-01 4.96752709e-01
    4.98531878e-01 4.96425778e-01 4.85552132e-01 4.83343273e-01
    4.73238438e-01 4.88536060e-01 4.89234060e-01 4.93712038e-01
    4.93820429e-01 4.97889668e-01 4.96803820e-01 4.98710781e-01
    5.02860427e-01 5.03644586e-01 5.10879576e-01 5.14462292e-01
    5.06889343e-01 5.04712701e-01 5.08223057e-01 5.19024134e-01
    5.24488866e-01 5.32620728e-01 5.28498888e-01 5.30717075e-01
    5.34582496e-01 5.28329313e-01 5.23994148e-01 5.24887443e-01
    5.24781227e-01 5.16838133e-01 5.12090027e-01 5.09824872e-01
    4.99426275e-01 5.11597753e-01 5.14608443e-01 5.11294246e-01
    5.08161545e-01 5.03391147e-01 5.00549674e-01 4.93491054e-01
    4.98222977e-01 4.85286802e-01 4.84450400e-01 4.79861051e-01
    4.75380093e-01 4.71880674e-01 4.67440337e-01 4.73570675e-01
    4.65169698e-01 4.71936107e-01 4.59247440e-01 4.54711378e-01
    4.55921352e-01 4.57444489e-01 4.63011533e-01 4.66889143e-01
    4.66997027e-01 4.67961222e-01 4.80916589e-01 4.91944373e-01
    4.93658692e-01 5.05375147e-01 5.09886444e-01 5.13530672e-01
    5.05861878e-01 5.09662271e-01 5.06539226e-01 5.13672292e-01
    5.09220481e-01 5.09446740e-01 5.16269386e-01 5.20622849e-01
    5.16450346e-01 5.21644235e-01 5.15235901e-01 5.07735372e-01
    4.92099464e-01 4.93217796e-01 4.92487162e-01 4.90861267e-01
    4.99844700e-01 4.99948472e-01 4.98716831e-01 5.01240075e-01
    4.97907490e-01 5.04029751e-01 5.00010192e-01 4.91116852e-01
    4.85310614e-01 4.84425336e-01 4.79678154e-01 4.85907376e-01
    4.88520503e-01 4.92199421e-01 4.92166221e-01 4.86072451e-01
    4.78850752e-01 4.75710690e-01 4.79706079e-01 4.83195484e-01
    4.87271845e-01 4.91867751e-01 4.91021663e-01 4.92986560e-01
    4.98222858e-01 4.96813565e-01 5.04041672e-01 4.99996126e-01
    4.96442735e-01 4.92849439e-01 4.95474249e-01 4.96230930e-01
    4.96938646e-01 5.05394876e-01 5.07742822e-01 4.91195440e-01
    4.93149310e-01 4.72233832e-01 4.62943643e-01 4.68030661e-01
    4.64916795e-01 4.57865715e-01 4.61675197e-01 4.60209072e-01
    4.69036222e-01 4.69726592e-01 4.73039120e-01 4.67902303e-01
    4.58626032e-01 4.55284745e-01 4.50356990e-01 4.49562609e-01
    4.66547698e-01 4.66545880e-01 4.80164677e-01 4.83998567e-01
    4.78180468e-01 4.81597602e-01 4.91480708e-01 4.86406714e-01
    4.90289450e-01 4.82286155e-01 4.84070033e-01 4.81595457e-01
    4.93374527e-01 5.04474521e-01 5.05114555e-01 5.02899826e-01
    5.03099501e-01 5.08583188e-01 5.04096687e-01 4.98689860e-01
    4.98087853e-01 5.00234365e-01 4.96474206e-01 4.82834339e-01
    4.86078262e-01 4.75348383e-01 4.86419886e-01 4.88214612e-01
    4.80788291e-01 4.79965121e-01 4.81679678e-01 4.90958542e-01
    4.98384386e-01 4.98918742e-01 4.86282349e-01 4.91031915e-01
    5.05250514e-01 5.09965420e-01 5.08342028e-01 5.05018830e-01
    5.16501904e-01 5.18528283e-01 5.16957641e-01 4.99777287e-01
    5.04748762e-01 5.06053627e-01 4.97940719e-01 4.95011300e-01
    4.91271406e-01 4.93082434e-01 4.93119180e-01 4.94558096e-01
    4.84208822e-01 4.86308664e-01 4.81795669e-01 4.82334644e-01
    4.98229861e-01 4.92487669e-01 4.85905796e-01 4.89103645e-01
    5.03251672e-01 4.92017567e-01 4.92239952e-01 4.95478898e-01
    4.94385064e-01 4.89502192e-01 4.81737286e-01 4.86545235e-01
    4.87352967e-01 4.84054923e-01 4.73470867e-01 4.79858190e-01
    4.82273370e-01 4.71313357e-01 4.69577134e-01 4.69939232e-01
    4.66332525e-01 4.65527683e-01 4.68610644e-01 4.76786941e-01
    4.74250227e-01 4.75768179e-01 4.68557507e-01 4.80328053e-01
    4.71257240e-01 4.73539382e-01 4.85443056e-01 4.82433975e-01
    4.77702528e-01 4.78075951e-01 4.79403496e-01 4.75766003e-01
    4.79519099e-01 4.84406441e-01 4.86203551e-01 4.91129458e-01
    4.85922247e-01 4.91852075e-01 4.97289419e-01 5.03793657e-01
    5.06176233e-01 5.12233913e-01 5.07549345e-01 5.03722608e-01
    5.08822143e-01 5.11637211e-01 5.14229596e-01 5.16678095e-01
    5.21805644e-01 5.21108449e-01 5.17052710e-01 5.15636325e-01
    5.07846713e-01 4.99693960e-01 4.92807597e-01 4.95160460e-01
    4.95874912e-01 4.86018032e-01 4.82390106e-01 4.86073881e-01
    4.88205463e-01 4.87146080e-01 4.86795157e-01 4.86656010e-01
    4.85837609e-01 4.87360805e-01 4.78516400e-01 4.77798522e-01
    4.66936082e-01 4.80328023e-01 4.83998060e-01 4.91228849e-01
    4.88209337e-01 4.93235081e-01 4.95583832e-01 4.96652842e-01
    5.02689898e-01 5.04206419e-01 5.08242548e-01 5.09822547e-01
    5.01817882e-01 5.00403345e-01 5.04967630e-01 5.16484320e-01
    5.19741476e-01 5.26081383e-01 5.24545431e-01 5.24586439e-01
    5.25644243e-01 5.23685575e-01 5.23564756e-01 5.22613406e-01
    5.25035620e-01 5.16847134e-01 5.11812627e-01 5.09521365e-01
    5.03386736e-01 5.16980052e-01 5.20443976e-01 5.16704977e-01
    5.14598370e-01 5.13461232e-01 5.10644794e-01 5.03430009e-01
    5.10822833e-01 4.99009520e-01 4.97409403e-01 4.89488900e-01
    4.83270973e-01 4.78744477e-01 4.75351363e-01 4.82416570e-01
    4.77831692e-01 4.81281698e-01 4.65216756e-01 4.62272257e-01
    4.62631166e-01 4.63121772e-01 4.69045252e-01 4.74156082e-01
    4.74719733e-01 4.73685384e-01 4.87198591e-01 4.95613158e-01
    4.97199953e-01 5.11164784e-01 5.15660703e-01 5.17945528e-01
    5.10089457e-01 5.11327088e-01 5.11081457e-01 5.21489441e-01
    5.15695214e-01 5.15652597e-01 5.23254812e-01 5.22924006e-01
    5.20307481e-01 5.24271429e-01 5.17143011e-01 5.09223878e-01
    4.94911015e-01 4.94588792e-01 4.91871268e-01 4.90499318e-01
    4.98323947e-01 4.99155045e-01 4.96770769e-01 4.97872353e-01
    4.94325817e-01 4.99044150e-01 4.95317698e-01 4.85309392e-01
    4.82862413e-01 4.80288535e-01 4.75160807e-01 4.84352529e-01
    4.87259537e-01 4.91424143e-01 4.93036658e-01 4.86577779e-01
    4.82466012e-01 4.80513811e-01 4.85007942e-01 4.91404265e-01
    4.95336801e-01 4.96476144e-01 4.94728833e-01 4.97725546e-01
    5.02239645e-01 5.02346218e-01 5.08375168e-01 5.05287945e-01
    5.01897991e-01 4.98474658e-01 4.99718100e-01 4.99829262e-01
    5.00772595e-01 5.07282615e-01 5.12306690e-01 4.93406862e-01
    4.94969875e-01 4.73314732e-01 4.65488315e-01 4.72651839e-01
    4.65925425e-01 4.61806893e-01 4.64445800e-01 4.63754863e-01
    4.72305387e-01 4.70035732e-01 4.71858501e-01 4.68065888e-01
    4.60058689e-01 4.57214832e-01 4.52776760e-01 4.47859764e-01
    4.66510057e-01 4.65466350e-01 4.81027782e-01 4.83158976e-01
    4.76518422e-01 4.80317235e-01 4.89505380e-01 4.81818080e-01
    4.85657960e-01 4.77859229e-01 4.78649676e-01 4.76973563e-01
    4.87762511e-01 4.95966554e-01 4.96183962e-01 4.90878344e-01
    4.91276950e-01 4.94527251e-01 4.91552651e-01 4.86080140e-01
    4.87570852e-01 4.90839094e-01 4.88737851e-01 4.74159807e-01
    4.79299724e-01 4.71722245e-01 4.83226448e-01 4.84543145e-01
    4.84297544e-01 4.80382532e-01 4.83779818e-01 4.94537473e-01
    5.00530660e-01 5.01325369e-01 4.92675900e-01 4.94599491e-01
    5.05207360e-01 5.11797428e-01 5.07873237e-01 5.06022453e-01
    5.17663956e-01 5.18598795e-01 5.17610848e-01 4.99340147e-01
    5.04560471e-01 5.03278732e-01 4.98398095e-01 4.94575232e-01
    4.90252256e-01 4.93768066e-01 4.92129922e-01 4.93124366e-01
    4.85439003e-01 4.88267362e-01 4.85433280e-01 4.87660974e-01
    5.01991928e-01 4.93408650e-01 4.85759020e-01 4.87333179e-01
    5.01404524e-01 4.86360639e-01 4.87974584e-01 4.90661502e-01
    4.90263700e-01 4.86247599e-01 4.78663564e-01 4.84869987e-01
    4.83458787e-01 4.79422778e-01 4.72804546e-01 4.78440225e-01
    4.80900615e-01 4.71542090e-01 4.70558017e-01 4.70334917e-01
    4.67927992e-01 4.67599511e-01 4.74191010e-01 4.80084658e-01
    4.75835323e-01 4.75159943e-01 4.66354579e-01 4.76414919e-01
    4.66341466e-01 4.70862001e-01 4.83043611e-01 4.78794634e-01
    4.72714603e-01 4.72435087e-01 4.72934932e-01 4.71069157e-01
    4.75158155e-01 4.80598867e-01 4.80271518e-01 4.84493732e-01
    4.84160930e-01 4.91677999e-01 4.97157902e-01 5.04106462e-01
    5.08260608e-01 5.13538659e-01 5.09826124e-01 5.04791021e-01
    5.06879091e-01 5.08689523e-01 5.10039389e-01 5.15466213e-01
    5.22335112e-01 5.20870388e-01 5.14647245e-01 5.14746428e-01
    5.06544292e-01 4.96178806e-01 4.90532607e-01 4.91143852e-01
    4.88073975e-01 4.78612304e-01 4.77622688e-01 4.80103076e-01
    4.83961791e-01 4.83153701e-01 4.82783794e-01 4.81599033e-01
    4.77144718e-01 4.75018084e-01 4.66616422e-01 4.66914326e-01
    4.58391309e-01 4.69776094e-01 4.72290605e-01 4.78432894e-01
    4.77939814e-01 4.87764388e-01 4.88518327e-01 4.90777135e-01
    4.94754612e-01 4.96044815e-01 5.01130998e-01 5.02890170e-01
    4.96796787e-01 4.96154428e-01 5.01096308e-01 5.13836503e-01
    5.18388093e-01 5.22543073e-01 5.23711026e-01 5.24329603e-01
    5.25526106e-01 5.25428295e-01 5.22710741e-01 5.22011936e-01
    5.22028923e-01 5.15202284e-01 5.11033654e-01 5.09491622e-01
    5.04493475e-01 5.17659605e-01 5.22367001e-01 5.22367239e-01
    5.20361602e-01 5.21548688e-01 5.20004213e-01 5.12171149e-01
    5.18405020e-01 5.07079005e-01 5.00855386e-01 4.93763059e-01
    4.88124937e-01 4.83093858e-01 4.80862498e-01 4.84661102e-01
    4.79713023e-01 4.81579810e-01 4.66798007e-01 4.63414848e-01
    4.63554770e-01 4.62599337e-01 4.64063346e-01 4.66845483e-01
    4.70129222e-01 4.72377300e-01 4.88328904e-01 4.96496737e-01
    4.95843470e-01 5.10460615e-01 5.16216755e-01 5.19811273e-01
    5.13590753e-01 5.14052629e-01 5.16315877e-01 5.27982891e-01
    5.24085641e-01 5.22322595e-01 5.31207204e-01 5.32219648e-01
    5.30899942e-01 5.33082664e-01 5.24572551e-01 5.13676524e-01
    4.99934673e-01 5.01297891e-01 4.98716056e-01 4.99018818e-01
    5.03225088e-01 5.03986895e-01 5.04416704e-01 5.04312515e-01
    4.97164160e-01 4.98387337e-01 4.94553536e-01 4.81493682e-01
    4.80654329e-01 4.77360427e-01 4.71104264e-01 4.78593916e-01
    4.79748309e-01 4.85873401e-01 4.85911310e-01 4.78645831e-01
    4.70785081e-01 4.72453028e-01 4.75467116e-01 4.80552912e-01
    4.80985910e-01 4.85686868e-01 4.85317826e-01 4.88041759e-01
    4.95734006e-01 4.94300127e-01 4.99257714e-01 4.97626156e-01
    4.97391224e-01 4.95334536e-01 4.95406240e-01 4.97832894e-01
    5.01247823e-01 5.06797433e-01 5.10603368e-01 4.93948370e-01
    4.94526863e-01 4.79273051e-01 4.69450891e-01 4.78428125e-01
    4.71430600e-01 4.66054797e-01 4.68593001e-01 4.69219595e-01
    4.75624859e-01 4.71408993e-01 4.75225300e-01 4.75163341e-01
    4.65370983e-01 4.60609943e-01 4.59829390e-01 4.55615252e-01
    4.73368764e-01 4.72734660e-01 4.82676506e-01 4.84611094e-01
    4.77101475e-01 4.81304795e-01 4.91274983e-01 4.82482284e-01
    4.89053786e-01 4.85032380e-01 4.86182660e-01 4.83211488e-01
    4.91566151e-01 5.01302540e-01 5.02087533e-01 4.95062679e-01
    4.93929952e-01 4.94542599e-01 4.92804945e-01 4.90903378e-01
    4.91308808e-01 4.94988710e-01 4.91898447e-01 4.76699799e-01
    4.85325426e-01 4.75135058e-01 4.85507637e-01 4.86605346e-01
    4.85218525e-01 4.77560997e-01 4.82438177e-01 4.93456006e-01
    4.95537698e-01 4.98101979e-01 4.91205096e-01 4.92852449e-01
    5.02252340e-01 5.06837308e-01 5.04654229e-01 5.00489116e-01
    5.13227344e-01 5.13197064e-01 5.11946499e-01 4.93181050e-01
    4.98068690e-01 4.99577612e-01 4.97834593e-01 4.90245461e-01
    4.86588866e-01 4.91682947e-01 4.85357851e-01 4.82348174e-01
    4.75147754e-01 4.81054515e-01 4.77664113e-01 4.79947031e-01
    4.94457126e-01 4.84408140e-01 4.77440745e-01 4.78837401e-01
    4.90207195e-01 4.74976391e-01 4.76539075e-01 4.79949355e-01
    4.84735221e-01 4.82259423e-01 4.74053681e-01 4.81796503e-01
    4.83741641e-01 4.80078608e-01 4.72791731e-01 4.78137285e-01
    4.81364161e-01 4.75208908e-01 4.74422157e-01 4.75117743e-01
    4.71511781e-01 4.73647922e-01 4.83796269e-01 4.91606355e-01
    4.86897111e-01 4.86015528e-01 4.75987673e-01 4.84973878e-01
    4.76409823e-01 4.80276078e-01 4.94197309e-01 4.87804770e-01
    4.83364791e-01 4.80953515e-01 4.81754303e-01 4.80366826e-01
    4.84186977e-01 4.90171820e-01 4.88697588e-01 4.92070287e-01
    4.90528226e-01 4.97707248e-01 5.01767755e-01 5.10800898e-01
    5.17582953e-01 5.23114204e-01 5.16532242e-01 5.10027409e-01
    5.12467861e-01 5.14383376e-01 5.16850770e-01 5.19628108e-01
    5.24279773e-01 5.20261109e-01 5.14941633e-01 5.13855875e-01
    5.04081607e-01 4.95129943e-01 4.92602557e-01 4.93084818e-01
    4.87161011e-01 4.78647262e-01 4.76124495e-01 4.81480330e-01
    4.81565088e-01 4.83777165e-01 4.84591395e-01 4.82134312e-01
    4.80840296e-01 4.79336679e-01 4.71615553e-01 4.72497672e-01
    4.68448341e-01 4.77502227e-01 4.75451708e-01 4.79254037e-01
    4.80260968e-01 4.87728238e-01 4.86560166e-01 4.90857810e-01
    4.92141277e-01 4.95481640e-01 4.99233067e-01 4.98192966e-01
    4.91466403e-01 4.88240838e-01 4.95670050e-01 5.09148896e-01
    5.12864649e-01 5.14472663e-01 5.18552363e-01 5.22450507e-01
    5.22168338e-01 5.20537019e-01 5.20742953e-01 5.20738602e-01
    5.19507766e-01 5.15570343e-01 5.12011647e-01 5.12185812e-01
    5.07350564e-01 5.21983147e-01 5.29484987e-01 5.27769566e-01
    5.29348552e-01 5.26672125e-01 5.27229846e-01 5.19780099e-01
    5.25577188e-01 5.17438471e-01 5.12623250e-01 5.06099045e-01
    4.98554766e-01 4.92840558e-01 4.89695191e-01 4.93483901e-01
    4.87457842e-01 4.89883810e-01 4.73297685e-01 4.67795372e-01
    4.69592631e-01 4.66661334e-01 4.70991433e-01 4.72192973e-01
    4.76244330e-01 4.80826497e-01 4.96132702e-01 5.01694143e-01
    5.00545382e-01 5.17486870e-01 5.22516847e-01 5.26280761e-01
    5.20490527e-01 5.19507706e-01 5.22711039e-01 5.35945177e-01
    5.31992555e-01 5.30008137e-01 5.39045095e-01 5.42492986e-01
    5.42714536e-01 5.41839361e-01 5.32519519e-01 5.18123865e-01
    5.04725277e-01 5.07601440e-01 5.01877367e-01 5.00452399e-01
    5.01891553e-01 5.01524210e-01 5.04786551e-01 5.04519939e-01
    4.97896433e-01 4.97798353e-01 4.93861288e-01 4.79716837e-01
    4.76855725e-01 4.72890347e-01 4.69998270e-01 4.78130281e-01
    4.79595453e-01 4.87061083e-01 4.85198081e-01 4.79739487e-01
    4.73879874e-01 4.79124755e-01 4.82627928e-01 4.86714035e-01
    4.88429546e-01 4.92953748e-01 4.93896693e-01 4.95168477e-01
    5.02969384e-01 5.03764868e-01 5.06295502e-01 5.00689209e-01
    5.00398278e-01 4.97871220e-01 4.95835721e-01 4.99273539e-01
    5.02797306e-01 5.08529902e-01 5.10092080e-01 4.95461345e-01
    4.96332884e-01 4.79538590e-01 4.68608111e-01 4.77467209e-01
    4.71423060e-01 4.66911733e-01 4.64869827e-01 4.66914862e-01
    4.75189775e-01 4.66713697e-01 4.71482217e-01 4.75711286e-01
    4.66059327e-01 4.60432678e-01 4.60935831e-01 4.56990927e-01
    4.73720998e-01 4.74890500e-01 4.85459507e-01 4.87427056e-01
    4.82086271e-01 4.87707555e-01 4.96610880e-01 4.89783436e-01
    4.96171355e-01 4.94248420e-01 4.96087313e-01 4.93361712e-01
    4.99010593e-01 5.06973684e-01 5.07989347e-01 5.03249645e-01
    5.03320634e-01 5.03387630e-01 4.99329954e-01 4.96086180e-01
    4.97567177e-01 4.98318464e-01 4.93914664e-01 4.78755057e-01
    4.87489432e-01 4.78894979e-01 4.87603396e-01 4.89550948e-01
    4.80552763e-01 4.73462790e-01 4.81922358e-01 4.94148910e-01
    5.00286341e-01 5.00267625e-01 4.94368255e-01 4.95689213e-01
    5.04162073e-01 5.04980326e-01 5.02765298e-01 4.98339504e-01
    5.11515617e-01 5.11274397e-01 5.09148419e-01 4.87465650e-01
    4.93017197e-01 4.95743841e-01 4.97225165e-01 4.85811174e-01
    4.83006716e-01 4.83870864e-01 4.78831112e-01 4.73737806e-01
    4.68670696e-01 4.75282967e-01 4.72769737e-01 4.71761584e-01
    4.87569124e-01 4.77724284e-01 4.67728972e-01 4.71493065e-01
    4.85726267e-01 4.72079605e-01 4.73656625e-01 4.74549502e-01
    4.82878655e-01 4.81478453e-01 4.77755040e-01 4.84307379e-01
    4.85912621e-01 4.80988592e-01 4.72560078e-01 4.81221378e-01
    4.88513589e-01 4.83016849e-01 4.82743442e-01 4.85008329e-01
    4.84084815e-01 4.84889805e-01 4.95241046e-01 5.02262414e-01
    4.95154649e-01 4.92425978e-01 4.83342320e-01 4.88372117e-01
    4.80493367e-01 4.83456135e-01 4.96473432e-01 4.90553766e-01
    4.84316647e-01 4.79617268e-01 4.79409248e-01 4.76483524e-01
    4.83019412e-01 4.83345956e-01 4.83836174e-01 4.84799504e-01
    4.82909381e-01 4.92174596e-01 4.94919866e-01 5.01737893e-01
    5.10522246e-01 5.15911698e-01 5.13805330e-01 5.09290934e-01
    5.13616860e-01 5.13994396e-01 5.16612828e-01 5.20935118e-01
    5.26413977e-01 5.21520674e-01 5.19265234e-01 5.19608319e-01
    5.08212864e-01 5.01696825e-01 4.99903888e-01 5.01257479e-01
    4.92698997e-01 4.81985509e-01 4.76642281e-01 4.80003625e-01
    4.80866730e-01 4.83380407e-01 4.85283613e-01 4.84230876e-01
    4.82292444e-01 4.80098367e-01 4.72293258e-01 4.75129277e-01
    4.70386297e-01 4.78743553e-01 4.74731714e-01 4.78148848e-01
    4.80126768e-01 4.90001261e-01 4.87715214e-01 4.92220402e-01
    4.92323965e-01 4.94627953e-01 4.96353775e-01 4.96846944e-01
    4.86324579e-01 4.82949674e-01 4.90549535e-01 5.04303157e-01
    5.06288469e-01 5.08522093e-01 5.12573719e-01 5.14010191e-01
    5.10804296e-01 5.08390665e-01 5.10598600e-01 5.11217296e-01
    5.13219655e-01 5.10697186e-01 5.05791068e-01 5.04364133e-01
    4.98873234e-01 5.15758157e-01 5.24962127e-01 5.22441328e-01
    5.22746980e-01 5.18349826e-01 5.15019655e-01 5.09986937e-01
    5.15812278e-01 5.09755135e-01 5.05058348e-01 4.95037138e-01
    4.89152730e-01 4.82465148e-01 4.77749258e-01 4.83111352e-01
    4.80306149e-01 4.81565863e-01 4.66725349e-01 4.60157722e-01
    4.60372478e-01 4.60148335e-01 4.65168834e-01 4.68056738e-01
    4.72648144e-01 4.80944335e-01 4.96892363e-01 5.01713693e-01
    5.03977478e-01 5.20426631e-01 5.25628686e-01 5.31180739e-01
    5.23431599e-01 5.19383311e-01 5.24591982e-01 5.35040021e-01
    5.28060853e-01 5.26504159e-01 5.35194039e-01 5.39671302e-01
    5.39308488e-01 5.37240684e-01 5.25738418e-01 5.11429548e-01
    4.99846816e-01 5.01884282e-01 4.94119585e-01 4.94288206e-01
    4.95099992e-01 4.97614235e-01 5.02649784e-01 5.00928402e-01
    4.95920271e-01 4.96353716e-01 4.96124893e-01 4.78635311e-01
    4.74196583e-01 4.69251603e-01 4.65188980e-01 4.74786222e-01
    4.77688879e-01 4.82754469e-01 4.79635745e-01 4.78051573e-01
    4.72130686e-01 4.75670487e-01 4.78736967e-01 4.83316123e-01
    4.84488249e-01 4.90784258e-01 4.95179415e-01 4.96015579e-01
    5.04432321e-01 5.02609432e-01 5.08421659e-01 5.02590418e-01
    5.02500653e-01 4.99565095e-01 4.99291271e-01 5.02452552e-01
    5.04540741e-01 5.06764591e-01 5.10850668e-01 4.97805953e-01
    5.00428557e-01 4.82545704e-01 4.72108781e-01 4.81798559e-01
    4.74951625e-01 4.69974726e-01 4.73350495e-01 4.75216508e-01
    4.86181974e-01 4.75390583e-01 4.78115082e-01 4.82952207e-01
    4.76568609e-01 4.71400827e-01 4.74466920e-01 4.70796257e-01
    4.84648228e-01 4.86140519e-01 4.98078883e-01 4.98975724e-01
    4.88265157e-01 4.93389219e-01 5.05121410e-01 4.96856183e-01
    5.01538217e-01 4.99344110e-01 5.01697302e-01 4.98931468e-01
    5.03057897e-01 5.07241905e-01 5.05884111e-01 4.99297231e-01
    5.00807226e-01 5.00763416e-01 4.93722022e-01 4.90230799e-01
    4.92184788e-01 4.95950818e-01 4.90526110e-01 4.74283665e-01
    4.82791454e-01 4.73419011e-01 4.82452601e-01 4.85159218e-01
    4.81005579e-01 4.72520143e-01 4.81753469e-01 4.91097599e-01
    4.97061759e-01 4.97056931e-01 4.91637051e-01 4.94703501e-01
    4.97750789e-01 4.96361524e-01 4.94021863e-01 4.92106438e-01
    5.05700886e-01 5.05556285e-01 5.03358006e-01 4.79548603e-01
    4.84944552e-01 4.87353772e-01 4.87777412e-01 4.74719942e-01
    4.71041709e-01 4.71671581e-01 4.67016548e-01 4.64390635e-01
    4.60133404e-01 4.69623178e-01 4.68057245e-01 4.70141083e-01
    4.84688282e-01 4.78581518e-01 4.70302433e-01 4.72296625e-01
    4.85515028e-01 4.73801583e-01 4.78015929e-01 4.84133393e-01
    4.93627876e-01 4.96353537e-01 4.92985815e-01 4.97277141e-01
    4.97414738e-01 4.90927577e-01 4.81676400e-01 4.90588278e-01
    4.95708019e-01 4.93036658e-01 4.89585161e-01 4.92996871e-01
    4.89983112e-01 4.90926951e-01 5.00264108e-01 5.05215883e-01
    4.96794015e-01 4.93804634e-01 4.81249094e-01 4.82253492e-01
    4.73188728e-01 4.74115282e-01 4.87419844e-01 4.81141716e-01
    4.73303705e-01 4.68608141e-01 4.67294008e-01 4.67330009e-01
    4.73560899e-01 4.76697534e-01 4.77842897e-01 4.78657901e-01
    4.79485333e-01 4.87825483e-01 4.89753872e-01 4.96602565e-01
    5.06371796e-01 5.14579415e-01 5.11705637e-01 5.07501006e-01
    5.13084114e-01 5.14190257e-01 5.15579283e-01 5.21051109e-01
    5.25237858e-01 5.22853613e-01 5.18854439e-01 5.19172013e-01
    5.08796573e-01 5.01834750e-01 5.00507414e-01 4.99306560e-01
    4.94236529e-01 4.85071808e-01 4.78585809e-01 4.83689725e-01
    4.83760834e-01 4.86960709e-01 4.88453060e-01 4.88551468e-01
    4.86037195e-01 4.83707368e-01 4.73736823e-01 4.79187310e-01
    4.76750910e-01 4.82793570e-01 4.76729035e-01 4.79126930e-01
    4.86380666e-01 4.92797464e-01 4.89901692e-01 4.94910955e-01
    4.94757086e-01 4.97185290e-01 4.95154679e-01 4.95988190e-01
    4.86924708e-01 4.80436236e-01 4.85199481e-01 4.98316228e-01
    4.97352391e-01 4.97917920e-01 5.04329324e-01 5.07224083e-01
    5.06536186e-01 5.04031479e-01 5.08237660e-01 5.11065900e-01
    5.12397766e-01 5.11773169e-01 5.06716549e-01 5.07832289e-01
    5.04099369e-01 5.17379284e-01 5.30009329e-01 5.30642271e-01
    5.30897021e-01 5.27213156e-01 5.27713478e-01 5.21966219e-01
    5.25433660e-01 5.20087183e-01 5.13186634e-01 5.01635313e-01
    4.95297492e-01 4.86894518e-01 4.81881171e-01 4.86539215e-01
    4.84594762e-01 4.83728647e-01 4.73038763e-01 4.66505259e-01
    4.64443713e-01 4.66250479e-01 4.73002255e-01 4.74067181e-01
    4.78551716e-01 4.88565147e-01 5.03250420e-01 5.05683184e-01
    5.07929564e-01 5.21144688e-01 5.29507458e-01 5.34172654e-01
    5.28705001e-01 5.21572649e-01 5.27566910e-01 5.36098838e-01
    5.23881495e-01 5.23899615e-01 5.30706465e-01 5.36363959e-01
    5.34198284e-01 5.34547806e-01 5.21615326e-01 5.06011784e-01
    4.96048599e-01 4.96536434e-01 4.89659369e-01 4.88768458e-01
    4.91213232e-01 4.93991554e-01 5.04158437e-01 5.00663757e-01
    4.97782558e-01 5.03834307e-01 5.01785457e-01 4.84150350e-01
    4.75757033e-01 4.73480016e-01 4.66274172e-01 4.77422774e-01
    4.79654074e-01 4.83386636e-01 4.82453406e-01 4.82949108e-01
    4.77206469e-01 4.79092628e-01 4.82419074e-01 4.86058861e-01
    4.86788005e-01 4.89481986e-01 4.88331646e-01 4.89429981e-01
    5.01146793e-01 5.01418293e-01 5.08151889e-01 5.03719032e-01
    5.01680315e-01 4.99186397e-01 4.98510599e-01 5.02281725e-01
    5.00985861e-01 5.03165424e-01 5.05784571e-01 4.90416437e-01
    4.89625305e-01 4.75130886e-01 4.65216130e-01 4.75400209e-01
    4.71351713e-01 4.63911295e-01 4.67207253e-01 4.65068400e-01
    4.76208776e-01 4.66957062e-01 4.69540983e-01 4.75570709e-01
    4.68835413e-01 4.68907088e-01 4.71619815e-01 4.69293088e-01
    4.84321833e-01 4.88715649e-01 5.01740575e-01 5.02589405e-01
    4.93551850e-01 4.96936113e-01 5.09080350e-01 5.01128435e-01
    5.05837679e-01 5.01117468e-01 5.02978742e-01 5.01985073e-01
    5.06312668e-01 5.11884391e-01 5.09367704e-01 5.04310369e-01
    5.07689476e-01 5.05630732e-01 4.95963693e-01 4.92904216e-01
    4.97317374e-01 5.01266956e-01 4.94421631e-01 4.75394189e-01
    4.80325520e-01 4.74169880e-01 4.85847533e-01 4.88253176e-01
    4.88013089e-01 4.78752464e-01 4.87939924e-01 4.96768028e-01
    5.00821888e-01 4.98329788e-01 4.96884197e-01 4.98023391e-01
    4.99923170e-01 4.94449407e-01 4.95371789e-01 4.93201256e-01
    5.08924127e-01 5.10088921e-01 5.08226931e-01 4.83716547e-01
    4.89044696e-01 4.91856605e-01 4.91505682e-01 4.77848291e-01
    4.71881419e-01 4.72216487e-01 4.70387012e-01 4.66746628e-01
    4.63086307e-01 4.73213524e-01 4.74412769e-01 4.74367738e-01
    4.86156970e-01 4.77654606e-01 4.72385734e-01 4.72511411e-01
    4.86054480e-01 4.74771351e-01 4.79055434e-01 4.86656547e-01
    4.98488218e-01 5.05007446e-01 5.00640392e-01 5.02881527e-01
    5.04269838e-01 4.97622609e-01 4.87028629e-01 4.94716078e-01
    4.98542517e-01 4.95470077e-01 4.94113684e-01 4.95239437e-01
    4.93012220e-01 4.92605656e-01 5.01265287e-01 5.07266462e-01
    4.98336315e-01 4.91841793e-01 4.79710042e-01 4.80822325e-01
    4.71164435e-01 4.67618912e-01 4.81196761e-01 4.77606595e-01
    4.71055478e-01 4.65772688e-01 4.64174747e-01 4.61462200e-01
    4.67509896e-01 4.71583456e-01 4.73140776e-01 4.74504650e-01
    4.71936792e-01 4.82699931e-01 4.86273766e-01 4.94212151e-01
    5.01464605e-01 5.11515796e-01 5.10930896e-01 5.06313860e-01
    5.09676278e-01 5.11311114e-01 5.16778290e-01 5.25197864e-01
    5.29666185e-01 5.26084900e-01 5.25883377e-01 5.25245130e-01
    5.13848901e-01 5.12013912e-01 5.06849408e-01 5.04139125e-01
    4.97442424e-01 4.90358025e-01 4.82478648e-01 4.89795804e-01
    4.89116848e-01 4.92369801e-01 4.90129441e-01 4.88812357e-01
    4.87306416e-01 4.86462772e-01 4.76574749e-01 4.78917360e-01
    4.75012273e-01 4.81021464e-01 4.72693533e-01 4.76600707e-01
    4.84401643e-01 4.90303248e-01 4.89056766e-01 4.93819982e-01
    4.91708547e-01 4.96946156e-01 4.93635923e-01 4.96665567e-01
    4.84404683e-01 4.74929690e-01 4.78953809e-01 4.92219031e-01
    4.92450923e-01 4.92157578e-01 4.98133779e-01 5.03118515e-01
    5.02971053e-01 5.00730038e-01 5.06756902e-01 5.08567512e-01
    5.10347247e-01 5.10717452e-01 5.02652347e-01 5.06330490e-01
    5.01824439e-01 5.15528560e-01 5.28095782e-01 5.27258694e-01
    5.28354108e-01 5.21698356e-01 5.26183665e-01 5.22101343e-01
    5.21776795e-01 5.15701890e-01 5.07925451e-01 4.95222777e-01
    4.91046667e-01 4.83275503e-01 4.76159394e-01 4.82845813e-01
    4.78031337e-01 4.76173937e-01 4.67295229e-01 4.61958617e-01
    4.60186303e-01 4.61839437e-01 4.71726179e-01 4.70119298e-01
    4.74959195e-01 4.83839840e-01 4.98276114e-01 5.03247440e-01
    5.04229307e-01 5.16124308e-01 5.24445176e-01 5.31298995e-01
    5.22400677e-01 5.20386815e-01 5.27345955e-01 5.33233821e-01
    5.22586048e-01 5.24775565e-01 5.32164514e-01 5.35526752e-01
    5.35210192e-01 5.35563409e-01 5.25216758e-01 5.09544194e-01
    4.96881694e-01 4.98515964e-01 4.92478937e-01 4.94460642e-01
    4.93162125e-01 4.97345448e-01 5.03988862e-01 5.01438498e-01
    5.02020776e-01 5.07514358e-01 5.02302945e-01 4.85145867e-01
    4.79363501e-01 4.76892799e-01 4.68323171e-01 4.80146796e-01
    4.85318452e-01 4.91998076e-01 4.91527021e-01 4.89572942e-01
    4.79223043e-01 4.83502299e-01 4.86883968e-01 4.91810888e-01
    4.89129484e-01 4.88421261e-01 4.86342609e-01 4.91298676e-01
    5.03783464e-01 5.00100672e-01 5.06022811e-01 5.00059485e-01
    4.97671604e-01 4.92192447e-01 4.90320086e-01 4.91404563e-01
    4.90522981e-01 4.93848920e-01 4.95533109e-01 4.81622785e-01
    4.77158219e-01 4.65139180e-01 4.58734065e-01 4.67964351e-01
    4.60687250e-01 4.50459123e-01 4.55542117e-01 4.55405056e-01
    4.68030900e-01 4.58352387e-01 4.63810354e-01 4.70467985e-01
    4.66498971e-01 4.67090160e-01 4.69690800e-01 4.65668768e-01
    4.79550719e-01 4.84549522e-01 4.99741793e-01 4.99983877e-01
    4.89933759e-01 4.96024340e-01 5.09468019e-01 5.04001141e-01
    5.05917788e-01 5.02028227e-01 5.02277970e-01 4.98263061e-01
    5.01634538e-01 5.06932259e-01 5.04218638e-01 5.02764046e-01
    5.09819150e-01 5.06363392e-01 5.00393271e-01 4.96132165e-01
    5.02229631e-01 5.07794201e-01 5.01620710e-01 4.81875122e-01
    4.83353913e-01 4.77887958e-01 4.90249306e-01 4.94763374e-01
    4.82040912e-01 4.74764943e-01 4.85784531e-01 4.93311435e-01
    4.96069938e-01 4.97101396e-01 4.94372100e-01 4.96390939e-01
    4.95942384e-01 4.89833534e-01 4.93980974e-01 4.92246598e-01
    5.06935000e-01 5.10189116e-01 5.08281171e-01 4.87889379e-01
    4.95863914e-01 4.99680340e-01 4.97354299e-01 4.85816747e-01
    4.79007542e-01 4.78021711e-01 4.75685000e-01 4.73549008e-01
    4.70397472e-01 4.80286270e-01 4.80766237e-01 4.79466528e-01
    4.90419269e-01 4.82721090e-01 4.78004813e-01 4.78954822e-01
    4.89371389e-01 4.73512501e-01 4.77500409e-01 4.86194402e-01
    4.96681690e-01 5.03455162e-01 5.00875771e-01 5.01805544e-01
    5.04001737e-01 4.95815426e-01 4.86683518e-01 4.94169712e-01
    4.99098837e-01 4.97517526e-01 4.95352030e-01 4.94835228e-01
    4.89105523e-01 4.89914387e-01 4.99015778e-01 5.05324900e-01
    4.97059166e-01 4.87796605e-01 4.74685550e-01 4.75348473e-01
    4.67039287e-01 4.61319715e-01 4.76490647e-01 4.74556148e-01
    4.68102694e-01 4.63448197e-01 4.63434339e-01 4.60954607e-01
    4.66644287e-01 4.75007117e-01 4.78411138e-01 4.82404143e-01
    4.79063183e-01 4.87011492e-01 4.93332952e-01 5.04214942e-01
    5.12670994e-01 5.21212459e-01 5.20697713e-01 5.14783144e-01
    5.15200019e-01 5.18974304e-01 5.24457097e-01 5.33190370e-01
    5.37341058e-01 5.31700075e-01 5.30169487e-01 5.28396368e-01
    5.17535031e-01 5.15099883e-01 5.13636827e-01 5.10029614e-01
    4.99506265e-01 4.92105424e-01 4.84460324e-01 4.93405938e-01
    4.92378473e-01 4.95691925e-01 4.91518199e-01 4.86098617e-01
    4.82141614e-01 4.83429253e-01 4.78041083e-01 4.81606841e-01
    4.77713436e-01 4.81191486e-01 4.71978456e-01 4.74908352e-01
    4.82976556e-01 4.91574883e-01 4.92858052e-01 4.97842968e-01
    4.94442314e-01 4.99491632e-01 4.97937202e-01 5.02410889e-01
    4.91018295e-01 4.83623087e-01 4.85905379e-01 4.99203295e-01
    4.97969717e-01 4.97747421e-01 5.01852691e-01 5.07634521e-01
    5.08771718e-01 5.05189598e-01 5.12290835e-01 5.12703121e-01
    5.14969170e-01 5.12807310e-01 5.07877827e-01 5.09694457e-01
    5.05024791e-01 5.21138012e-01 5.32901764e-01 5.30529439e-01
    5.29357493e-01 5.21055341e-01 5.25093317e-01 5.23969054e-01
    5.24566114e-01 5.18958747e-01 5.12497008e-01 4.97864366e-01
    4.93723959e-01 4.83920246e-01 4.79652911e-01 4.83417392e-01
    4.78193432e-01 4.74963158e-01 4.65410829e-01 4.59015131e-01
    4.59369600e-01 4.60508287e-01 4.70281929e-01 4.70484614e-01
    4.74809408e-01 4.82621342e-01 4.93647873e-01 4.99160826e-01
    5.00202119e-01 5.08573055e-01 5.16894221e-01 5.20057738e-01
    5.08950710e-01 5.07472873e-01 5.15562117e-01 5.21921813e-01
    5.12802482e-01 5.12949884e-01 5.19349694e-01 5.23535848e-01
    5.21217644e-01 5.20360053e-01 5.06742239e-01 4.92569298e-01
    4.79476333e-01 4.81584668e-01 4.78163898e-01 4.82987583e-01
    4.83420521e-01 4.88790810e-01 4.98436987e-01 4.95784998e-01
    4.95915055e-01 5.02573431e-01 5.00134110e-01 4.85221386e-01
    4.79398012e-01 4.79618877e-01 4.72808808e-01 4.86602485e-01
    4.90571231e-01 4.95290458e-01 4.96839345e-01 4.93485421e-01
    4.81221139e-01 4.89574492e-01 4.96685058e-01 4.99240518e-01
    4.94728088e-01 4.93257105e-01 4.87739742e-01 4.92059559e-01
    5.05142808e-01 5.01027882e-01 5.04138649e-01 4.97667730e-01
    4.98135090e-01 4.94524449e-01 4.95998055e-01 4.94655102e-01
    4.92310792e-01 4.95924413e-01 4.94125396e-01 4.76814061e-01
    4.72522527e-01 4.64150369e-01 4.56356108e-01 4.66862291e-01
    4.61416721e-01 4.50445443e-01 4.58770752e-01 4.58298236e-01
    4.71315712e-01 4.60939407e-01 4.66792822e-01 4.74376470e-01
    4.71699774e-01 4.77667421e-01 4.79836285e-01 4.73862350e-01
    4.89576280e-01 4.93570298e-01 5.02457857e-01 5.05601048e-01
    4.94648486e-01 4.96565312e-01 5.07985055e-01 4.98011500e-01
    4.98946846e-01 4.93973106e-01 4.93468821e-01 4.88426894e-01
    4.87877071e-01 4.89442021e-01 4.85797077e-01 4.86290067e-01
    4.92816687e-01 4.90077615e-01 4.84508514e-01 4.85243946e-01
    4.92639720e-01 4.96204138e-01 4.91256207e-01 4.72930908e-01
    4.76042539e-01 4.72804993e-01 4.82982039e-01 4.87024248e-01
    4.76324469e-01 4.71973836e-01 4.82831419e-01 4.89691317e-01
    4.92429793e-01 4.90190446e-01 4.87603575e-01 4.91346836e-01
    4.91862088e-01 4.84992325e-01 4.92474973e-01 4.88027841e-01
    5.01282811e-01 5.06583750e-01 5.04903197e-01 4.85608548e-01
    4.96017665e-01 4.97889966e-01 4.93491024e-01 4.83212292e-01
    4.78846848e-01 4.77749616e-01 4.79790032e-01 4.79692400e-01
    4.75366652e-01 4.81893033e-01 4.83519673e-01 4.77778345e-01
    4.88971561e-01 4.83104348e-01 4.79094803e-01 4.81725305e-01
    4.92835402e-01 4.76202965e-01 4.81739610e-01 4.91042048e-01
    5.00135183e-01 5.04455984e-01 5.02278447e-01 5.00858545e-01
    5.02519369e-01 4.96277452e-01 4.90311176e-01 4.96346891e-01
    5.01880169e-01 5.02425671e-01 5.01066506e-01 5.00628412e-01
    4.94327277e-01 4.93660957e-01 5.03395319e-01 5.08862853e-01
    4.98972565e-01 4.88947004e-01 4.74904299e-01 4.73497540e-01
    4.67289984e-01 4.62049305e-01 4.74097252e-01 4.72968161e-01
    4.67055410e-01 4.63969082e-01 4.63919640e-01 4.60857660e-01
    4.68595028e-01 4.77555394e-01 4.82186556e-01 4.85455960e-01
    4.79391664e-01 4.86488402e-01 4.93801981e-01 5.06291807e-01
    5.15065193e-01 5.21785200e-01 5.16871691e-01 5.12849629e-01
    5.14742792e-01 5.16241968e-01 5.22114694e-01 5.27528465e-01
    5.28524339e-01 5.18439412e-01 5.16496778e-01 5.13574898e-01
    5.02973974e-01 5.04071176e-01 5.04102468e-01 5.01332641e-01
    4.93199944e-01 4.86825228e-01 4.78132725e-01 4.89230722e-01
    4.86210048e-01 4.87725496e-01 4.83310610e-01 4.79889333e-01
    4.76624012e-01 4.82142448e-01 4.78794396e-01 4.84651923e-01
    4.82866287e-01 4.86232936e-01 4.75654632e-01 4.79311645e-01
    4.84561116e-01 4.90876108e-01 4.90721166e-01 4.95738268e-01
    4.94004667e-01 4.98973578e-01 4.96233016e-01 5.03903985e-01
    4.91437465e-01 4.87249374e-01 4.86791909e-01 5.02011001e-01
    4.99246299e-01 4.99729604e-01 5.00753105e-01 5.07198095e-01
    5.08350134e-01 5.05684614e-01 5.14189303e-01 5.16607702e-01
    5.17620921e-01 5.16248941e-01 5.11208296e-01 5.13867378e-01
    5.09414911e-01 5.25304377e-01 5.34528375e-01 5.33115566e-01
    5.29496431e-01 5.21569312e-01 5.23332477e-01 5.26977181e-01
    5.25656521e-01 5.19412875e-01 5.12546182e-01 4.96996850e-01
    4.92476523e-01 4.84305352e-01 4.75783318e-01 4.79859650e-01
    4.74186927e-01 4.69196290e-01 4.61514413e-01 4.56222743e-01
    4.56762552e-01 4.57132131e-01 4.65139538e-01 4.68506515e-01
    4.70818698e-01 4.79486853e-01 4.90319401e-01 4.95053291e-01
    4.95364219e-01 5.04949689e-01 5.14593482e-01 5.19949615e-01
    5.10251462e-01 5.08063972e-01 5.17359972e-01 5.22065699e-01
    5.13921320e-01 5.16604483e-01 5.22256255e-01 5.27408957e-01
    5.22963047e-01 5.22898197e-01 5.11483133e-01 4.97020930e-01
    4.85701770e-01 4.89264011e-01 4.84127045e-01 4.88067836e-01
    4.88678306e-01 4.95476753e-01 5.05003929e-01 5.00243843e-01
    4.99167085e-01 5.03635943e-01 4.99761820e-01 4.88663703e-01
    4.84189332e-01 4.84834015e-01 4.75337416e-01 4.87529099e-01
    4.95099753e-01 5.01892328e-01 5.01272857e-01 5.01563072e-01
    4.88005906e-01 4.96848583e-01 5.02430737e-01 5.03686130e-01
    4.99888957e-01 4.97006893e-01 4.94644105e-01 5.00364363e-01
    5.09320974e-01 5.04076660e-01 5.03250182e-01 5.00129223e-01
    5.01681328e-01 4.93922263e-01 4.93297011e-01 4.91272748e-01
    4.86485004e-01 4.90452915e-01 4.87970948e-01 4.71149832e-01
    4.68203098e-01 4.60663527e-01 4.56344694e-01 4.63748962e-01
    4.55796778e-01 4.47304636e-01 4.53991771e-01 4.57733810e-01
    4.66501147e-01 4.54862148e-01 4.61078614e-01 4.69849646e-01
    4.70273107e-01 4.74970698e-01 4.76551145e-01 4.71723318e-01
    4.89973605e-01 4.93698269e-01 5.02078712e-01 5.02756834e-01
    4.93303865e-01 4.94118720e-01 5.04666805e-01 4.97331262e-01
    4.94839132e-01 4.89999920e-01 4.90714401e-01 4.87687498e-01
    4.84698981e-01 4.85284090e-01 4.82609123e-01 4.84289199e-01
    4.90817219e-01 4.85026509e-01 4.79752362e-01 4.80240554e-01
    4.89554465e-01 4.90741819e-01 4.88087058e-01 4.70890075e-01
    4.70409721e-01 4.67469066e-01 4.78278130e-01 4.80394483e-01
    4.87002343e-01 4.81693447e-01 4.90149170e-01 4.94278193e-01
    4.94345933e-01 4.92340565e-01 4.92234707e-01 4.97116178e-01
    4.95793670e-01 4.86857474e-01 4.94856894e-01 4.92252737e-01
    5.01947105e-01 5.06218016e-01 5.03776968e-01 4.85686183e-01
    4.94667143e-01 4.98078495e-01 4.93734360e-01 4.81238872e-01
    4.79512155e-01 4.81213719e-01 4.82800454e-01 4.81964231e-01
    4.79880810e-01 4.86548036e-01 4.89262760e-01 4.84133512e-01
    4.91497874e-01 4.88533646e-01 4.84886706e-01 4.87176001e-01
    4.95601416e-01 4.80336607e-01 4.86789942e-01 4.96842533e-01
    5.04944742e-01 5.07846951e-01 5.05029917e-01 4.99312699e-01
    5.00374973e-01 4.92140830e-01 4.88150269e-01 4.95395869e-01
    5.00325143e-01 5.02638876e-01 5.00294924e-01 5.04098952e-01
    4.97363567e-01 4.97272223e-01 5.08726895e-01 5.12344599e-01
    5.03527939e-01 4.97267067e-01 4.85838532e-01 4.81767029e-01
    4.78006840e-01 4.72326577e-01 4.83671367e-01 4.81913984e-01
    4.72329676e-01 4.71635997e-01 4.74212348e-01 4.70234424e-01
    4.74423498e-01 4.84040141e-01 4.88062084e-01 4.88997370e-01
    4.80439693e-01 4.84006107e-01 4.89351928e-01 5.03040791e-01
    5.11239648e-01 5.18695593e-01 5.12451351e-01 5.07637680e-01
    5.08328140e-01 5.12538612e-01 5.15627742e-01 5.19348085e-01
    5.21176338e-01 5.14348209e-01 5.11329889e-01 5.09236813e-01
    5.00774562e-01 5.04331827e-01 5.05759895e-01 5.03570557e-01
    4.91714448e-01 4.86599356e-01 4.78789121e-01 4.89685863e-01
    4.87069786e-01 4.88872886e-01 4.84173924e-01 4.81676757e-01
    4.76420671e-01 4.82884645e-01 4.78649318e-01 4.86113876e-01
    4.82843786e-01 4.85012203e-01 4.73885834e-01 4.75319803e-01
    4.80771422e-01 4.87174273e-01 4.89438772e-01 4.96233135e-01
    4.94897962e-01 5.02107561e-01 4.99643594e-01 5.05267620e-01
    4.92802352e-01 4.91485715e-01 4.88782287e-01 4.99783069e-01
    4.96328890e-01 4.98166353e-01 4.99413252e-01 5.05920172e-01
    5.06560266e-01 5.05090356e-01 5.14501095e-01 5.15518963e-01
    5.14524460e-01 5.12234509e-01 5.06803811e-01 5.12790561e-01
    5.09623766e-01 5.24361074e-01 5.30268073e-01 5.32899439e-01
    5.29128671e-01 5.21677256e-01 5.23163795e-01 5.26439130e-01
    5.26541233e-01 5.23342311e-01 5.17249942e-01 5.01316488e-01
    4.94909585e-01 4.87246454e-01 4.81434315e-01 4.83427286e-01
    4.77775156e-01 4.73616630e-01 4.65398282e-01 4.61114109e-01
    4.60070848e-01 4.61763948e-01 4.68105465e-01 4.72734809e-01
    4.74882543e-01 4.82921511e-01 4.95731354e-01 4.98205483e-01
    4.99673337e-01 5.11170685e-01 5.17576456e-01 5.21518886e-01
    5.11795938e-01 5.06569624e-01 5.11934042e-01 5.16727984e-01
    5.09125173e-01 5.12691379e-01 5.19646287e-01 5.25521696e-01
    5.18878639e-01 5.17001033e-01 5.05652845e-01 4.90525335e-01
    4.77497905e-01 4.81443256e-01 4.78486031e-01 4.84578341e-01
    4.87548560e-01 4.96763974e-01 5.09145856e-01 5.05796969e-01
    5.04794061e-01 5.09172142e-01 5.03994942e-01 4.93166953e-01
    4.89625037e-01 4.91626203e-01 4.85177130e-01 4.98857588e-01
    5.06697059e-01 5.15375435e-01 5.13681054e-01 5.09670615e-01
    4.95463848e-01 5.01981974e-01 5.07089198e-01 5.06370902e-01
    5.04465401e-01 5.03762603e-01 5.04657269e-01 5.09791195e-01
    5.19906998e-01 5.14793694e-01 5.12937188e-01 5.09727180e-01
    5.09071171e-01 4.97409970e-01 4.98037636e-01 4.98002619e-01
    4.95238662e-01 4.98144448e-01 4.98983651e-01 4.79390413e-01
    4.76616919e-01 4.70342696e-01 4.65586931e-01 4.71013546e-01
    4.62523192e-01 4.51152414e-01 4.56045777e-01 4.59310293e-01
    4.66471225e-01 4.55651730e-01 4.62072194e-01 4.69500780e-01
    4.67002898e-01 4.70869124e-01 4.74744111e-01 4.66367126e-01
    4.88435507e-01 4.92899269e-01 5.01569033e-01 5.01006126e-01
    4.91800159e-01 4.92952913e-01 5.01707077e-01 4.95166719e-01
    4.95279968e-01 4.94333297e-01 4.93532896e-01 4.91878510e-01
    4.90532398e-01 4.95007217e-01 4.93438512e-01 4.95605707e-01
    5.04534185e-01 4.96042252e-01 4.89340544e-01 4.87693816e-01
    4.99117494e-01 4.99141634e-01 4.96262938e-01 4.83834356e-01
    4.82563972e-01 4.79794234e-01 4.88770366e-01 4.91514981e-01
    4.93525445e-01 4.89532560e-01 4.96284455e-01 4.99147654e-01
    4.96391684e-01 4.91055042e-01 4.91391420e-01 4.96976584e-01
    4.97571379e-01 4.88088399e-01 4.93602693e-01 4.92952228e-01
    5.01000881e-01 5.04778981e-01 5.04244149e-01 4.86405194e-01
    4.95152056e-01 4.96990025e-01 4.96451527e-01 4.83275354e-01
    4.79160696e-01 4.80813026e-01 4.83898729e-01 4.81677264e-01
    4.81010795e-01 4.86048311e-01 4.88568366e-01 4.82605577e-01
    4.86705810e-01 4.83130038e-01 4.80297059e-01 4.82352585e-01
    4.91622865e-01 4.79553312e-01 4.85446811e-01 4.91242528e-01
    4.99920338e-01 5.04998565e-01 5.01987636e-01 4.94252145e-01
    4.94741768e-01 4.87663776e-01 4.86046970e-01 4.92051572e-01
    4.98476744e-01 5.02286375e-01 5.00785470e-01 5.04342616e-01
    4.96322840e-01 4.95111287e-01 5.03700674e-01 5.05142808e-01
    4.99776661e-01 4.93945986e-01 4.84342724e-01 4.83829767e-01
    4.80399489e-01 4.77693856e-01 4.89006281e-01 4.86067951e-01
    4.77231413e-01 4.76329476e-01 4.77707773e-01 4.74826932e-01
    4.77520019e-01 4.85298187e-01 4.89830911e-01 4.90216792e-01
    4.83952850e-01 4.85038549e-01 4.90612656e-01 5.04930556e-01
    5.11070251e-01 5.20447135e-01 5.14865875e-01 5.06379724e-01
    5.06747127e-01 5.09192646e-01 5.11822641e-01 5.16354620e-01
    5.15359879e-01 5.10501504e-01 5.12184143e-01 5.08637488e-01
    5.00011265e-01 5.05152822e-01 5.06893218e-01 5.03376007e-01
    4.89124209e-01 4.83718902e-01 4.77966845e-01 4.84928370e-01
    4.84503984e-01 4.84864593e-01 4.85571980e-01 4.81253147e-01
    4.79257017e-01 4.86759424e-01 4.81980830e-01 4.86348182e-01
    4.84733850e-01 4.87263292e-01 4.76027161e-01 4.76291448e-01
    4.79476035e-01 4.87035155e-01 4.90239292e-01 4.93406504e-01
    4.94127810e-01 5.01236081e-01 5.00989199e-01 5.02408922e-01
    4.93975401e-01 4.91972268e-01 4.90559965e-01 5.02282083e-01
    4.97792393e-01 4.97753412e-01 4.99504954e-01 5.04539609e-01
    5.04364610e-01 5.04381955e-01 5.14631152e-01 5.11819899e-01
    5.12301207e-01 5.12159407e-01 5.07530034e-01 5.15336871e-01
    5.14741600e-01 5.27066052e-01 5.30501485e-01 5.30733526e-01
    5.23445427e-01 5.18544018e-01 5.21010637e-01 5.24341047e-01
    5.25611877e-01 5.24553239e-01 5.19369721e-01 5.03036797e-01
    5.00454128e-01 4.94191796e-01 4.88443255e-01 4.86267090e-01
    4.76598382e-01 4.72820729e-01 4.65452522e-01 4.62247461e-01
    4.64517623e-01 4.70187306e-01 4.73354906e-01 4.78573918e-01
    4.80916470e-01 4.86429334e-01 4.98725235e-01 4.99384046e-01
    4.99987394e-01 5.11125207e-01 5.15090287e-01 5.17271996e-01
    5.10929406e-01 5.09110391e-01 5.13171732e-01 5.18117309e-01
    5.13032556e-01 5.13302028e-01 5.20777762e-01 5.30737936e-01
    5.25949776e-01 5.23347676e-01 5.16538858e-01 5.04138887e-01
    4.95408744e-01 4.96763617e-01 4.93037730e-01 4.98393327e-01
    5.01693428e-01 5.12633622e-01 5.20874858e-01 5.15747130e-01
    5.13353288e-01 5.17608047e-01 5.13838947e-01 5.03179550e-01
    4.98085946e-01 4.98679668e-01 4.90864336e-01 5.00859082e-01
    5.07255912e-01 5.14594615e-01 5.15806079e-01 5.09899318e-01
    4.98240680e-01 5.04617989e-01 5.05837262e-01 5.08516610e-01
    5.08990943e-01 5.07428765e-01 5.04239857e-01 5.09059012e-01
    5.15918911e-01 5.08328915e-01 5.03051758e-01 5.03477275e-01
    5.03776431e-01 4.92443800e-01 4.94990140e-01 4.94386762e-01
    4.90687996e-01 4.89734530e-01 4.88385677e-01 4.72519219e-01
    4.69271958e-01 4.62621897e-01 4.59293514e-01 4.66611445e-01
    4.57755595e-01 4.47364628e-01 4.53105688e-01 4.60286766e-01
    4.65734124e-01 4.55949783e-01 4.58676279e-01 4.61537540e-01
    4.61129248e-01 4.66727287e-01 4.71491098e-01 4.64366227e-01
    4.84897196e-01 4.90997136e-01 4.98860776e-01 4.99895304e-01
    4.90662009e-01 4.94594693e-01 5.02797425e-01 4.97935146e-01
    4.95579451e-01 4.96401638e-01 4.91881043e-01 4.91748810e-01
    4.89692539e-01 4.94333059e-01 4.95124996e-01 5.00784874e-01
    5.12105823e-01 5.03130734e-01 4.92906362e-01 4.90107268e-01
    5.00374138e-01 5.02744138e-01 4.96818781e-01 4.87446755e-01
    4.85402048e-01 4.83445078e-01 4.90732223e-01 4.95515138e-01
    4.88745719e-01 4.83842999e-01 4.89311248e-01 4.94929254e-01
    4.92726773e-01 4.87218738e-01 4.87824172e-01 4.93973672e-01
    4.96513814e-01 4.89512980e-01 4.93754089e-01 4.96713787e-01
    5.03988206e-01 5.04514396e-01 5.01551986e-01 4.83655989e-01
    4.90468293e-01 4.91188228e-01 4.88127768e-01 4.75972563e-01
    4.72161204e-01 4.72031534e-01 4.78060484e-01 4.76979822e-01
    4.74383086e-01 4.78586018e-01 4.78822827e-01 4.74071890e-01
    4.76040870e-01 4.73940194e-01 4.73255455e-01 4.76978362e-01
    4.86223459e-01 4.79826838e-01 4.85856891e-01 4.94124830e-01
    5.03672183e-01 5.07171452e-01 5.07424474e-01 4.99002844e-01
    4.97284234e-01 4.90177095e-01 4.92238820e-01 4.97676581e-01
    5.02728820e-01 5.07102013e-01 5.01995683e-01 5.04609168e-01
    4.97144639e-01 4.97512579e-01 5.06245375e-01 5.08648336e-01
    5.00996888e-01 4.95145023e-01 4.86382782e-01 4.85108227e-01
    4.80664104e-01 4.77644891e-01 4.88458544e-01 4.83250231e-01
    4.73661989e-01 4.71456617e-01 4.68379736e-01 4.68781501e-01
    4.70915318e-01 4.80628520e-01 4.82391238e-01 4.79454756e-01
    4.72303092e-01 4.73341137e-01 4.79281723e-01 4.93308514e-01
    5.02109289e-01 5.09628713e-01 5.04531324e-01 4.97411937e-01
    4.98821110e-01 5.03072619e-01 5.10203063e-01 5.16516864e-01
    5.15221596e-01 5.14226139e-01 5.14411867e-01 5.14626861e-01
    5.05688727e-01 5.12889743e-01 5.17217398e-01 5.13616443e-01
    4.96817023e-01 4.87646312e-01 4.84829396e-01 4.91869926e-01
    4.89718467e-01 4.87461507e-01 4.87766773e-01 4.79306996e-01
    4.76091892e-01 4.85267937e-01 4.77806002e-01 4.82312858e-01
    4.81092423e-01 4.82105553e-01 4.70451146e-01 4.72305387e-01
    4.76730257e-01 4.84682202e-01 4.89821851e-01 4.92092103e-01
    4.93847460e-01 5.00459313e-01 5.02321303e-01 5.03238916e-01
    4.98460859e-01 4.97856587e-01 4.95689511e-01 5.09837687e-01
    5.06354868e-01 5.03650129e-01 5.06496429e-01 5.09478211e-01
    5.06100178e-01 5.04079819e-01 5.16312063e-01 5.13185859e-01
    5.11580646e-01 5.10647297e-01 5.08186400e-01 5.13841808e-01
    5.12768090e-01 5.22484720e-01 5.26025832e-01 5.23680687e-01
    5.13478696e-01 5.06029785e-01 5.10792851e-01 5.16491115e-01
    5.18929482e-01 5.17514110e-01 5.13645351e-01 4.97249395e-01
    4.94034618e-01 4.88998502e-01 4.84535992e-01 4.81307983e-01
    4.73230928e-01 4.72593993e-01 4.66221631e-01 4.65814918e-01
    4.69665080e-01 4.78835940e-01 4.84590501e-01 4.88857150e-01
    4.90370423e-01 4.94003803e-01 5.06362259e-01 5.07104456e-01
    5.08059740e-01 5.19559145e-01 5.23639619e-01 5.27552128e-01
    5.22166133e-01 5.19026458e-01 5.23119926e-01 5.30900002e-01
    5.24636030e-01 5.25774598e-01 5.33201694e-01 5.41439235e-01
    5.37608147e-01 5.36347449e-01 5.29406905e-01 5.20255983e-01
    5.12598693e-01 5.13376713e-01 5.07427752e-01 5.13675272e-01
    5.15178263e-01 5.25269568e-01 5.34009457e-01 5.24812639e-01
    5.18267632e-01 5.19234180e-01 5.17341971e-01 5.05681694e-01
    4.99552906e-01 4.99645114e-01 4.90744710e-01 5.01916349e-01
    5.09719074e-01 5.16613722e-01 5.18355906e-01 5.14577270e-01
    5.04269123e-01 5.09252191e-01 5.09528995e-01 5.12879968e-01
    5.16297758e-01 5.15640974e-01 5.13395309e-01 5.17099619e-01
    5.21742105e-01 5.17192662e-01 5.09351432e-01 5.10188282e-01
    5.10416269e-01 4.99500901e-01 5.02870679e-01 4.98765618e-01
    4.94134247e-01 4.91494924e-01 4.91648644e-01 4.76247698e-01
    4.71125811e-01 4.65163410e-01 4.63464379e-01 4.70280051e-01
    4.60035294e-01 4.49310720e-01 4.54139978e-01 4.62404609e-01
    4.66450334e-01 4.58394676e-01 4.57491755e-01 4.57358092e-01
    4.59890366e-01 4.67004895e-01 4.72066998e-01 4.65369403e-01
    4.88074988e-01 4.96828556e-01 5.02720475e-01 5.01013458e-01
    4.93190497e-01 4.98707026e-01 5.05952895e-01 5.00052989e-01
    4.99166667e-01 5.00712812e-01 4.97322589e-01 4.94658977e-01
    4.94112343e-01 4.98199284e-01 4.96935129e-01 5.00353634e-01
    5.10004044e-01 4.98815775e-01 4.89374399e-01 4.84705359e-01
    4.96616125e-01 4.99380261e-01 4.91181612e-01 4.83352840e-01
    4.82389659e-01 4.79882568e-01 4.86063898e-01 4.86893743e-01
    4.89383698e-01 4.85639870e-01 4.92299914e-01 4.96296287e-01
    4.95214373e-01 4.90460664e-01 4.94975388e-01 5.00789106e-01
    5.01162648e-01 4.93561804e-01 4.97194707e-01 5.00302374e-01
    5.06816626e-01 5.07427692e-01 5.02459049e-01 4.83927488e-01
    4.89923537e-01 4.87804443e-01 4.85322595e-01 4.71075267e-01
    4.65952069e-01 4.68395591e-01 4.73557025e-01 4.69908386e-01
    4.65324789e-01 4.70768064e-01 4.72910613e-01 4.69939440e-01
    4.69940662e-01 4.67834949e-01 4.66431618e-01 4.68908638e-01
    4.79537219e-01 4.76039529e-01 4.85528916e-01 4.90895361e-01
    5.00501692e-01 5.08595049e-01 5.04117370e-01 4.93891150e-01
    4.92813438e-01 4.90122020e-01 4.90391701e-01 4.92717177e-01
    4.97126639e-01 5.01804769e-01 4.94193286e-01 4.99427110e-01
    4.93411869e-01 4.94054586e-01 5.02089143e-01 5.03096044e-01
    4.98550802e-01 4.92998064e-01 4.81587619e-01 4.79997098e-01
    4.77595836e-01 4.77031231e-01 4.84499544e-01 4.81744081e-01
    4.75868255e-01 4.72397089e-01 4.72180396e-01 4.72205818e-01
    4.69379753e-01 4.78509277e-01 4.78166878e-01 4.76381242e-01
    4.68383104e-01 4.69443113e-01 4.75821763e-01 4.91692573e-01
    5.03684640e-01 5.09114563e-01 5.00132859e-01 4.92839307e-01
    4.94391233e-01 4.93678868e-01 5.03278732e-01 5.05609095e-01
    5.06971359e-01 5.10288656e-01 5.10050595e-01 5.13264179e-01
    5.03801942e-01 5.11945128e-01 5.14258862e-01 5.13228476e-01
    4.96230483e-01 4.87242162e-01 4.88105118e-01 4.96425420e-01
    4.97575492e-01 4.94261205e-01 4.95914608e-01 4.88717556e-01
    4.86962587e-01 4.93240535e-01 4.84481543e-01 4.88208801e-01
    4.85503316e-01 4.86127049e-01 4.75794017e-01 4.76211280e-01
    4.80305493e-01 4.87760127e-01 4.92465019e-01 4.92354155e-01
    4.91852343e-01 4.97387826e-01 4.98323530e-01 5.00026464e-01
    4.95438278e-01 4.95142072e-01 4.95096326e-01 5.08918464e-01
    5.06735086e-01 5.04523635e-01 5.08127034e-01 5.06704748e-01
    5.03648758e-01 4.99185413e-01 5.07490277e-01 5.01962185e-01
    4.97768283e-01 4.98231590e-01 4.94682580e-01 5.02345145e-01
    5.00531673e-01 5.06353438e-01 5.11847258e-01 5.11740506e-01
    5.01693726e-01 4.94384319e-01 4.96036440e-01 5.01084387e-01
    5.03644645e-01 5.06029427e-01 5.01312435e-01 4.90769714e-01
    4.90834475e-01 4.89524275e-01 4.86053407e-01 4.83446479e-01
    4.74482834e-01 4.72490191e-01 4.67724264e-01 4.65510815e-01
    4.70411748e-01 4.77863759e-01 4.84120458e-01 4.88405496e-01
    4.90590394e-01 4.96258795e-01 5.05356967e-01 5.08245826e-01
    5.07845283e-01 5.16118884e-01 5.17651558e-01 5.20720541e-01
    5.17982244e-01 5.14229178e-01 5.22021055e-01 5.27311683e-01
    5.23996413e-01 5.21171868e-01 5.30402899e-01 5.35730958e-01
    5.35184383e-01 5.32054365e-01 5.26214123e-01 5.18120289e-01
    5.10494888e-01 5.08356512e-01 5.04727423e-01 5.15015841e-01
    5.16938627e-01 5.25218129e-01 5.33132732e-01 5.25080264e-01
    5.21949649e-01 5.19505262e-01 5.20300388e-01 5.11366546e-01
    5.06780624e-01 5.06026447e-01 4.99436915e-01 5.08586764e-01
    5.13759077e-01 5.21877170e-01 5.22992671e-01 5.18322945e-01
    5.05962551e-01 5.08713663e-01 5.05816281e-01 5.13624609e-01
    5.12130022e-01 5.07753015e-01 5.05528331e-01 5.08083701e-01
    5.09618461e-01 5.05643725e-01 4.96449798e-01 4.97119427e-01
    4.99380052e-01 4.88037914e-01 4.92225558e-01 4.90407765e-01
    4.88491923e-01 4.85345989e-01 4.87667084e-01 4.75376517e-01
    4.65724170e-01 4.65431690e-01 4.63387221e-01 4.71853852e-01
    4.61689711e-01 4.52170879e-01 4.57380742e-01 4.67060536e-01
    4.68406081e-01 4.58649278e-01 4.60336536e-01 4.57933098e-01
    4.60028052e-01 4.64844286e-01 4.69120979e-01 4.61683184e-01
    4.84147519e-01 4.95342344e-01 4.97938335e-01 4.98363256e-01
    4.88577008e-01 4.94682580e-01 5.01765251e-01 4.93280113e-01
    4.93546635e-01 4.98631895e-01 4.93860096e-01 4.91908759e-01
    4.91971821e-01 4.94205534e-01 4.94587302e-01 4.96964633e-01
    5.08051217e-01 4.95194674e-01 4.84238267e-01 4.80737776e-01
    4.94203717e-01 4.97286975e-01 4.88705546e-01 4.81242985e-01
    4.82187152e-01 4.80761021e-01 4.85335588e-01 4.87176031e-01
    4.91635025e-01 4.89123106e-01 4.94145066e-01 4.99313563e-01
    4.96699095e-01 4.90685940e-01 4.95877147e-01 5.01885235e-01
    4.99477416e-01 4.92752105e-01 4.98082280e-01 4.96464968e-01
    5.00969768e-01 4.98141795e-01 4.97401446e-01 4.79078770e-01
    4.84045148e-01 4.83671129e-01 4.81113166e-01 4.66389209e-01
    4.62514669e-01 4.63779926e-01 4.70622987e-01 4.64924514e-01
    4.63471502e-01 4.71095443e-01 4.73905265e-01 4.69848365e-01
    4.71719474e-01 4.68213677e-01 4.69886959e-01 4.69953120e-01
    4.79422867e-01 4.79896724e-01 4.87984657e-01 4.93573517e-01
    5.04276812e-01 5.11389673e-01 5.09361207e-01 4.98107344e-01
    4.97648925e-01 4.95488107e-01 4.92602974e-01 4.92877960e-01
    4.96160626e-01 5.00739872e-01 4.95872170e-01 4.99606967e-01
    4.97249573e-01 4.96091664e-01 5.02770662e-01 5.02022564e-01
    4.94972438e-01 4.88771945e-01 4.77441430e-01 4.72809315e-01
    4.70981568e-01 4.71978098e-01 4.73605514e-01 4.75730062e-01
    4.69460577e-01 4.65979517e-01 4.66937810e-01 4.70370024e-01
    4.68536198e-01 4.76121694e-01 4.77289498e-01 4.74567354e-01
    4.70710784e-01 4.76139545e-01 4.82215583e-01 4.98467714e-01
    5.11277139e-01 5.15480995e-01 5.05831003e-01 5.01840115e-01
    4.99554396e-01 5.00667870e-01 5.10347605e-01 5.12144804e-01
    5.10811388e-01 5.16715765e-01 5.15505672e-01 5.20442665e-01
    5.12025118e-01 5.18692434e-01 5.17578542e-01 5.16838312e-01
    4.99005586e-01 4.88291085e-01 4.90144014e-01 4.97224987e-01
    4.97262388e-01 4.93543267e-01 4.95274752e-01 4.88155544e-01
    4.84794229e-01 4.93330151e-01 4.82908219e-01 4.86334950e-01
    4.83173013e-01 4.82632339e-01 4.70984459e-01 4.70784664e-01
    4.73451048e-01 4.80100632e-01 4.85316277e-01 4.86591518e-01
    4.87410605e-01 4.92235154e-01 4.94533420e-01 4.96042252e-01
    4.94189531e-01 4.93500262e-01 4.88966882e-01 5.01827955e-01
    4.98876542e-01 4.98298138e-01 5.02458811e-01 4.98946398e-01
    4.96786624e-01 4.93603081e-01 5.00396550e-01 4.95974034e-01
    4.92811918e-01 4.91382837e-01 4.89682227e-01 4.99688923e-01
    4.98112500e-01 5.01232743e-01 5.07983267e-01 5.11361778e-01
    5.03405273e-01 4.98936594e-01 4.98593688e-01 5.04529417e-01
    5.10845304e-01 5.12911558e-01 5.09100616e-01 5.01435459e-01
    5.00609398e-01 4.96516943e-01 4.93884802e-01 4.89567399e-01
    4.77624685e-01 4.75838155e-01 4.75045770e-01 4.73337352e-01
    4.78042483e-01 4.84307796e-01 4.89292860e-01 4.95178312e-01
    4.96417314e-01 5.01357436e-01 5.11442482e-01 5.11586905e-01
    5.11754751e-01 5.19011259e-01 5.21324217e-01 5.24195552e-01
    5.21722853e-01 5.16988039e-01 5.22692621e-01 5.24813294e-01
    5.20506024e-01 5.15127420e-01 5.24028242e-01 5.29875994e-01
    5.27952790e-01 5.23286521e-01 5.18152535e-01 5.09775579e-01
    5.03907442e-01 5.02438843e-01 4.99505430e-01 5.09280384e-01
    5.13949633e-01 5.22951305e-01 5.31777263e-01 5.26528180e-01
    5.22600651e-01 5.20395339e-01 5.22792757e-01 5.16911805e-01
    5.10638893e-01 5.08645475e-01 5.04491925e-01 5.13719320e-01
    5.16295850e-01 5.22633255e-01 5.24814427e-01 5.22282600e-01
    5.10362983e-01 5.10342062e-01 5.05152345e-01 5.10921896e-01
    5.09938717e-01 5.05304396e-01 5.03932118e-01 5.05970776e-01
    5.05800962e-01 5.00803232e-01 4.89499301e-01 4.88533199e-01
    4.87088442e-01 4.78465825e-01 4.85556632e-01 4.82111633e-01
    4.79759902e-01 4.77354884e-01 4.78895098e-01 4.70326960e-01
    4.61585432e-01 4.61065322e-01 4.59043086e-01 4.65859890e-01
    4.56908971e-01 4.47226435e-01 4.53482240e-01 4.67958629e-01
    4.70558167e-01 4.61958140e-01 4.64922458e-01 4.63390023e-01
    4.66653585e-01 4.73236442e-01 4.77488488e-01 4.71149266e-01
    4.92630690e-01 5.07388175e-01 5.08061051e-01 5.07769227e-01
    4.97551918e-01 5.02574325e-01 5.09730399e-01 5.03973305e-01
    5.02286911e-01 5.05578220e-01 5.05102098e-01 5.00712574e-01
    4.98834878e-01 5.00572383e-01 4.97119337e-01 5.02125561e-01
    5.12250543e-01 5.00388920e-01 4.86412108e-01 4.86293882e-01
    4.99884814e-01 5.04087031e-01 4.98183578e-01 4.89911735e-01
    4.89101738e-01 4.84993070e-01 4.90317136e-01 4.89222139e-01
    4.81312633e-01 4.80501294e-01 4.90242809e-01 4.97250319e-01
    4.94966328e-01 4.89854634e-01 4.95544612e-01 4.98521298e-01
    4.96421963e-01 4.91132855e-01 4.95607793e-01 4.98763770e-01
    4.99037415e-01 4.97431278e-01 4.98599708e-01 4.84020770e-01
    4.90132183e-01 4.90734816e-01 4.89492685e-01 4.71111387e-01
    4.67722505e-01 4.70518470e-01 4.76078123e-01 4.72106189e-01
    4.72106814e-01 4.78733718e-01 4.80283111e-01 4.79777485e-01
    4.81056660e-01 4.77923363e-01 4.77935195e-01 4.78876203e-01
    4.86263514e-01 4.86358881e-01 4.96038586e-01 5.01250088e-01
    5.13404191e-01 5.18560469e-01 5.16377211e-01 5.04969835e-01
    5.04021227e-01 5.02764821e-01 5.00202596e-01 5.00797391e-01
    5.01699209e-01 5.03740668e-01 5.03724396e-01 5.06008506e-01
    5.02543509e-01 4.98045832e-01 5.04808486e-01 5.01108229e-01
    4.94650513e-01 4.88222986e-01 4.80331719e-01 4.75715071e-01
    4.72518474e-01 4.71559137e-01 4.72978711e-01 4.77758169e-01
    4.72369492e-01 4.69631970e-01 4.69087481e-01 4.71028775e-01
    4.67949569e-01 4.73440319e-01 4.78703231e-01 4.76294905e-01
    4.72680181e-01 4.76900637e-01 4.82952178e-01 4.93965209e-01
    5.04706025e-01 5.09854019e-01 5.03057539e-01 4.98850256e-01
    4.92981315e-01 4.92644012e-01 5.02981901e-01 5.08004546e-01
    5.05317688e-01 5.14447510e-01 5.12838483e-01 5.17100692e-01
    5.08238018e-01 5.18313527e-01 5.18687665e-01 5.17990589e-01
    5.06221294e-01 4.97337788e-01 4.98017073e-01 5.00635564e-01
    4.99919236e-01 4.98453021e-01 5.01654446e-01 4.94219542e-01
    4.91738200e-01 4.99738038e-01 4.87720102e-01 4.92043823e-01
    4.89187539e-01 4.86722916e-01 4.72748935e-01 4.73322988e-01
    4.74709749e-01 4.78309184e-01 4.82294351e-01 4.83200639e-01
    4.85292226e-01 4.91404504e-01 4.91484672e-01 4.93855625e-01
    4.89777982e-01 4.84788150e-01 4.79365557e-01 4.91001368e-01
    4.88193840e-01 4.86145586e-01 4.91470188e-01 4.88761127e-01
    4.86772329e-01 4.80984539e-01 4.89651620e-01 4.87127453e-01
    4.86679405e-01 4.85948890e-01 4.84890878e-01 4.95502144e-01
    4.94504243e-01 4.98916149e-01 5.09995162e-01 5.15828192e-01
    5.07816613e-01 5.04452527e-01 5.05356491e-01 5.09806395e-01
    5.14030635e-01 5.15883923e-01 5.16115487e-01 5.05972743e-01
    5.05018950e-01 5.01113117e-01 4.99369591e-01 4.94292855e-01
    4.84690398e-01 4.81102645e-01 4.78547722e-01 4.73125964e-01
    4.76335794e-01 4.83768195e-01 4.87579823e-01 4.92167920e-01
    4.96837020e-01 4.99681264e-01 5.08070588e-01 5.04594207e-01
    5.05173743e-01 5.11246800e-01 5.13918638e-01 5.14215887e-01
    5.11150658e-01 5.07664204e-01 5.12583971e-01 5.14047086e-01
    5.10372460e-01 5.02803981e-01 5.12003720e-01 5.19825637e-01
    5.19048452e-01 5.11186898e-01 5.09039164e-01 5.01960397e-01
    5.00505805e-01 5.01570761e-01 4.97627944e-01 5.07704020e-01
    5.12863994e-01 5.20789444e-01 5.25717139e-01 5.22692442e-01
    5.23124695e-01 5.20096600e-01 5.25364041e-01 5.17709076e-01
    5.08698046e-01 5.06987274e-01 5.03810823e-01 5.12653589e-01
    5.17214298e-01 5.21571040e-01 5.23739100e-01 5.22122264e-01
    5.11252940e-01 5.14132917e-01 5.09085119e-01 5.17329097e-01
    5.12134731e-01 5.05840778e-01 5.05865455e-01 5.08973181e-01
    5.11178076e-01 5.06452799e-01 4.94331956e-01 4.95226800e-01
    4.94227111e-01 4.82357949e-01 4.89587873e-01 4.83480543e-01
    4.83325660e-01 4.81102198e-01 4.78693843e-01 4.72771972e-01
    4.60507542e-01 4.65018481e-01 4.63069111e-01 4.71518338e-01
    4.60222572e-01 4.49660182e-01 4.55637515e-01 4.70160544e-01
    4.72642481e-01 4.62882161e-01 4.66953933e-01 4.64003205e-01
    4.70435709e-01 4.72613156e-01 4.75838989e-01 4.70042259e-01
    4.87053841e-01 5.03399849e-01 5.02954960e-01 5.03152430e-01
    4.92663294e-01 4.99426723e-01 5.06275117e-01 5.01690686e-01
    4.97909576e-01 5.00674963e-01 5.00343382e-01 4.95771199e-01
    4.92597878e-01 4.90115792e-01 4.87489611e-01 4.90209609e-01
    5.01791298e-01 4.92689401e-01 4.80691493e-01 4.79240954e-01
    4.89910871e-01 4.93864655e-01 4.84375715e-01 4.79183972e-01
    4.79054242e-01 4.77104783e-01 4.80449170e-01 4.79521126e-01
    4.86254424e-01 4.83647287e-01 4.95299429e-01 5.00745475e-01
    4.99011576e-01 4.92543429e-01 4.98617470e-01 5.04460156e-01
    5.03663003e-01 4.96175796e-01 4.99000788e-01 5.02916574e-01
    5.00242531e-01 4.99825239e-01 5.01012921e-01 4.88327265e-01
    4.97198641e-01 4.94248867e-01 4.94397163e-01 4.76305753e-01
    4.71900374e-01 4.74878609e-01 4.82520789e-01 4.77690011e-01
    4.75127488e-01 4.78157878e-01 4.77950543e-01 4.76260275e-01
    4.76842284e-01 4.77969229e-01 4.81612056e-01 4.81503338e-01
    4.88368213e-01 4.85199809e-01 4.97578979e-01 5.01969039e-01
    5.12207270e-01 5.18721342e-01 5.15875518e-01 5.03234804e-01
    5.04832685e-01 5.05728781e-01 5.05128264e-01 5.05951703e-01
    5.09114981e-01 5.08864343e-01 5.08407056e-01 5.07071495e-01
    5.01970589e-01 4.94618446e-01 5.05710959e-01 5.04886329e-01
    4.97863472e-01 4.94057924e-01 4.84994501e-01 4.81921047e-01
    4.80360657e-01 4.77587283e-01 4.77787703e-01 4.80729103e-01
    4.76848185e-01 4.74024534e-01 4.77743179e-01 4.78466570e-01
    4.77974385e-01 4.86583263e-01 4.92324740e-01 4.86319393e-01
    4.80667740e-01 4.84178007e-01 4.84864086e-01 4.94218349e-01
    5.02031863e-01 5.03975511e-01 4.98465151e-01 4.95783746e-01
    4.90666628e-01 4.89955395e-01 4.99091417e-01 5.01815677e-01
    4.99402493e-01 5.06568849e-01 5.02473354e-01 5.07789969e-01
    5.03016233e-01 5.12421966e-01 5.12045741e-01 5.11709034e-01
    5.01354873e-01 4.94414926e-01 4.96808469e-01 4.98598069e-01
    4.99264628e-01 4.96533960e-01 5.00753939e-01 4.94815320e-01
    4.93510962e-01 5.02352774e-01 4.91465300e-01 4.95112747e-01
    4.94419515e-01 4.91866231e-01 4.79408771e-01 4.82777864e-01
    4.86636728e-01 4.92089719e-01 4.96321350e-01 4.95250285e-01
    4.98886973e-01 5.03192723e-01 5.06704748e-01 5.08387864e-01
    5.03471315e-01 4.97266680e-01 4.92007226e-01 5.05827129e-01
    5.06829619e-01 5.04792154e-01 5.08107781e-01 5.03587365e-01
    5.00704885e-01 4.95706409e-01 5.02431452e-01 5.00523388e-01
    4.99844342e-01 5.00709176e-01 5.00073791e-01 5.08685529e-01
    5.07939279e-01 5.13158381e-01 5.21981120e-01 5.26695192e-01
    5.15277386e-01 5.10083377e-01 5.06303012e-01 5.10166764e-01
    5.13654649e-01 5.14729083e-01 5.13366997e-01 5.03489673e-01
    5.02296925e-01 4.99913871e-01 4.93793011e-01 4.86304879e-01
    4.76615936e-01 4.72745150e-01 4.70507622e-01 4.66945440e-01
    4.69226599e-01 4.77812290e-01 4.79479700e-01 4.85794365e-01
    4.90046591e-01 4.95189071e-01 5.04651546e-01 5.02994418e-01
    5.01552284e-01 5.06711364e-01 5.09516716e-01 5.12221634e-01
    5.13338804e-01 5.09251237e-01 5.14587939e-01 5.14510989e-01
    5.09832203e-01 5.04028022e-01 5.11245251e-01 5.18394470e-01
    5.18249691e-01 5.10285079e-01 5.08478880e-01 5.03297389e-01
    5.01724899e-01 5.02170622e-01 4.98382628e-01 5.07979274e-01
    5.11045992e-01 5.13534129e-01 5.19025922e-01 5.16534626e-01
    5.17879605e-01 5.16320288e-01 5.20856678e-01 5.15106201e-01
    5.12344122e-01 5.10522783e-01 5.05376101e-01 5.12531996e-01
    5.14088690e-01 5.18969595e-01 5.23875535e-01 5.21608829e-01
    5.09461343e-01 5.11407435e-01 5.10245562e-01 5.17346621e-01
    5.11003554e-01 5.02226174e-01 5.04557014e-01 5.06827116e-01
    5.09895682e-01 5.00710845e-01 4.87622827e-01 4.91713911e-01
    4.93486315e-01 4.82912481e-01 4.88944203e-01 4.83700484e-01
    4.84464943e-01 4.85344708e-01 4.84216481e-01 4.78560627e-01
    4.66530412e-01 4.74045008e-01 4.73804802e-01 4.78281498e-01
    4.67073828e-01 4.55761135e-01 4.62651819e-01 4.76120770e-01
    4.76417333e-01 4.66442645e-01 4.66904700e-01 4.64182109e-01
    4.68565673e-01 4.71171975e-01 4.72866774e-01 4.68853176e-01
    4.82964247e-01 4.98049825e-01 4.95002806e-01 4.96288359e-01
    4.86487389e-01 4.92379695e-01 4.97822702e-01 4.95687187e-01
    4.91675526e-01 4.96821970e-01 4.93606657e-01 4.92749780e-01
    4.90968257e-01 4.88830149e-01 4.88637388e-01 4.90111172e-01
    5.02114773e-01 4.93346006e-01 4.82086390e-01 4.81833845e-01
    4.94259685e-01 4.99835551e-01 4.91576225e-01 4.88012373e-01
    4.83761758e-01 4.84579772e-01 4.86993045e-01 4.84780490e-01
    4.83401120e-01 4.80154753e-01 4.92813170e-01 4.99119729e-01
    4.97010738e-01 4.89034921e-01 4.97664779e-01 5.03892422e-01
    5.02937257e-01 4.93094683e-01 4.93942440e-01 4.99741882e-01
    4.97658044e-01 4.96575147e-01 4.96874839e-01 4.82692778e-01
    4.90648538e-01 4.87265021e-01 4.88277912e-01 4.70869750e-01
    4.66611266e-01 4.71454531e-01 4.78422105e-01 4.75089520e-01
    4.74658012e-01 4.77551997e-01 4.78342742e-01 4.74218100e-01
    4.74315822e-01 4.77339536e-01 4.81076807e-01 4.82343137e-01
    4.91793603e-01 4.90556389e-01 5.03342152e-01 5.10362983e-01
    5.18290102e-01 5.23875654e-01 5.18855453e-01 5.05750418e-01
    5.03002226e-01 5.04488766e-01 5.02117455e-01 5.02267182e-01
    5.05085051e-01 5.04242420e-01 5.03051698e-01 5.04125535e-01
    5.00920475e-01 4.92009699e-01 5.00911057e-01 4.97946173e-01
    4.88522172e-01 4.84639347e-01 4.79295313e-01 4.77032304e-01
    4.79404032e-01 4.80120808e-01 4.78154868e-01 4.79488522e-01
    4.77675050e-01 4.74260032e-01 4.78196710e-01 4.79361355e-01
    4.78845328e-01 4.83466446e-01 4.85955358e-01 4.80292499e-01
    4.75516766e-01 4.77442294e-01 4.77355838e-01 4.84186769e-01
    4.94867474e-01 4.94832903e-01 4.88978922e-01 4.85101461e-01
    4.84259903e-01 4.85436231e-01 4.95331943e-01 4.98365790e-01
    4.93357956e-01 4.97873217e-01 4.95814651e-01 5.03972054e-01
    5.02343833e-01 5.10251164e-01 5.15168786e-01 5.19227862e-01
    5.10124803e-01 5.00616252e-01 5.04940510e-01 5.05192339e-01
    5.06772161e-01 5.03149390e-01 5.03638685e-01 4.98114884e-01
    4.95629042e-01 5.06061494e-01 4.97193605e-01 4.99208003e-01
    4.99578863e-01 4.94180083e-01 4.84769821e-01 4.85010654e-01
    4.84021187e-01 4.90276992e-01 4.96233255e-01 4.95087385e-01
    5.01771748e-01 5.07597983e-01 5.10541439e-01 5.10500312e-01
    5.08198917e-01 5.03536105e-01 4.98008847e-01 5.12063742e-01
    5.15322566e-01 5.10976195e-01 5.13693810e-01 5.06728470e-01
    5.03441334e-01 5.01510382e-01 5.04782975e-01 5.00786483e-01
    5.02165973e-01 4.99978662e-01 4.96704370e-01 5.04185438e-01
    5.08060992e-01 5.12442887e-01 5.21438181e-01 5.24757922e-01
    5.11821568e-01 5.07594645e-01 5.02839327e-01 5.06571829e-01
    5.10354519e-01 5.11615634e-01 5.09109080e-01 5.02209544e-01
    5.03157914e-01 4.99729097e-01 4.95516121e-01 4.89246130e-01
    4.80532557e-01 4.73020673e-01 4.70922798e-01 4.65648085e-01
    4.68302041e-01 4.76804227e-01 4.78914708e-01 4.85808522e-01
    4.91294712e-01 4.95416462e-01 5.03593028e-01 5.01593590e-01
    4.98605341e-01 5.02663970e-01 5.03468096e-01 5.05519390e-01
    5.05955756e-01 5.02002597e-01 5.05554140e-01 5.05090237e-01
    5.02207279e-01 4.97147083e-01 5.02726912e-01 5.08183062e-01
    5.08615851e-01 4.97926742e-01 4.96516109e-01 4.93799567e-01
    4.91211742e-01 4.90757942e-01 4.84318644e-01 4.95508134e-01
    4.99290615e-01 5.04039884e-01 5.09480178e-01 5.09180665e-01
    5.09010851e-01 5.06476998e-01 5.11596262e-01 5.08731902e-01
    5.03682613e-01 5.05413473e-01 5.03081381e-01 5.12526393e-01
    5.11852264e-01 5.20471454e-01 5.25800109e-01 5.27661204e-01
    5.15746355e-01 5.17411530e-01 5.12778938e-01 5.19114733e-01
    5.13506234e-01 5.05826235e-01 5.09071290e-01 5.08978605e-01
    5.10473669e-01 5.02562344e-01 4.88889247e-01 4.92415309e-01
    4.93459493e-01 4.85054612e-01 4.86136794e-01 4.79637146e-01
    4.76781964e-01 4.74220395e-01 4.70237970e-01 4.67809469e-01
    4.55605894e-01 4.63956982e-01 4.63667452e-01 4.68644798e-01
    4.60879892e-01 4.51005697e-01 4.58617568e-01 4.72339451e-01
    4.73743141e-01 4.62486118e-01 4.63591903e-01 4.62308556e-01
    4.66895193e-01 4.70961273e-01 4.74720418e-01 4.72480267e-01
    4.85955417e-01 5.01174450e-01 4.95970637e-01 4.99394774e-01
    4.90427881e-01 4.95108455e-01 4.96948868e-01 4.96792585e-01
    4.89918977e-01 4.92609560e-01 4.90547121e-01 4.87194210e-01
    4.85062122e-01 4.84991312e-01 4.83816594e-01 4.83965218e-01
    4.95604396e-01 4.84347403e-01 4.73507047e-01 4.75167334e-01
    4.86915350e-01 4.93149310e-01 4.83832002e-01 4.82211292e-01
    4.75188851e-01 4.76573527e-01 4.81765866e-01 4.78788465e-01
    4.80408788e-01 4.78077531e-01 4.88535225e-01 4.97367322e-01
    4.94332314e-01 4.86999333e-01 4.93555039e-01 4.98580664e-01
    4.98450428e-01 4.88414407e-01 4.90511090e-01 4.94949996e-01
    4.93881583e-01 4.91170138e-01 4.89702761e-01 4.78792638e-01
    4.83155251e-01 4.82645005e-01 4.85399425e-01 4.71768737e-01
    4.67645317e-01 4.71682936e-01 4.78305787e-01 4.73208368e-01
    4.75893557e-01 4.79315579e-01 4.82422352e-01 4.76721346e-01
    4.76072878e-01 4.74151820e-01 4.82073694e-01 4.85365510e-01
    4.92269188e-01 4.95725781e-01 5.04226267e-01 5.09714961e-01
    5.15298128e-01 5.22480190e-01 5.19942105e-01 5.09419501e-01
    5.10127962e-01 5.09900868e-01 5.06339848e-01 5.07113755e-01
    5.09605110e-01 5.09775579e-01 5.13509929e-01 5.12648523e-01
    5.08214533e-01 4.99153852e-01 5.04747093e-01 5.01758277e-01
    4.94249523e-01 4.91175324e-01 4.82507169e-01 4.80049342e-01
    4.81431544e-01 4.81695443e-01 4.79734808e-01 4.82260197e-01
    4.79595751e-01 4.77007717e-01 4.80806977e-01 4.79010135e-01
    4.77044851e-01 4.83543843e-01 4.89697993e-01 4.82129931e-01
    4.78884846e-01 4.78517264e-01 4.76285607e-01 4.81077135e-01
    4.88510668e-01 4.87323999e-01 4.82167393e-01 4.78829801e-01
    4.79851365e-01 4.81136352e-01 4.89842236e-01 4.93662864e-01
    4.90149736e-01 4.93120313e-01 4.86793429e-01 4.92962927e-01
    4.93688822e-01 5.00779033e-01 5.05267262e-01 5.13964355e-01
    5.06434917e-01 4.99370277e-01 5.03397524e-01 5.01833677e-01
    5.05035520e-01 4.99237955e-01 4.97500330e-01 4.89915967e-01
    4.86225069e-01 4.95177001e-01 4.88692701e-01 4.94118333e-01
    4.92438465e-01 4.85850960e-01 4.77100790e-01 4.81049150e-01
    4.77946937e-01 4.85374421e-01 4.90593255e-01 4.92820293e-01
    4.97004598e-01 5.00427842e-01 5.00469685e-01 5.00944138e-01
    5.00447452e-01 4.96488273e-01 4.90851820e-01 5.02908170e-01
    5.03467560e-01 5.03344893e-01 5.07251740e-01 5.02672195e-01
    4.95850623e-01 4.96658802e-01 4.99240249e-01 4.98939991e-01
    5.00272214e-01 5.00538409e-01 4.97400224e-01 5.06918252e-01
    5.11424065e-01 5.14997840e-01 5.23515999e-01 5.26048660e-01
    5.17950952e-01 5.17072797e-01 5.11285007e-01 5.14729083e-01
    5.16002119e-01 5.18066227e-01 5.12161732e-01 5.05544364e-01
    5.06153882e-01 5.02562761e-01 4.96392995e-01 4.93361652e-01
    4.85955358e-01 4.78822768e-01 4.77702111e-01 4.74261224e-01
    4.79633600e-01 4.88307744e-01 4.91332889e-01 4.98630255e-01
    5.02745569e-01 5.05666137e-01 5.13370514e-01 5.11033058e-01
    5.08413792e-01 5.09896934e-01 5.10634243e-01 5.14365554e-01
    5.15879214e-01 5.09771526e-01 5.14383852e-01 5.15011489e-01
    5.11961937e-01 5.03990591e-01 5.06358504e-01 5.09794116e-01
    5.09673476e-01 4.99916464e-01 5.00037432e-01 4.96842086e-01
    4.94183213e-01 4.95984554e-01 4.88917679e-01 4.99680102e-01
    5.03278971e-01 5.06998777e-01 5.15752852e-01 5.12708843e-01
    5.12433529e-01 5.10692656e-01 5.15155256e-01 5.11060655e-01
    5.04892170e-01 5.06316006e-01 5.06402552e-01 5.13087571e-01
    5.11976957e-01 5.22319317e-01 5.23946702e-01 5.26878655e-01
    5.12180567e-01 5.11800408e-01 5.07623553e-01 5.09851933e-01
    5.05664110e-01 4.98121291e-01 4.99774396e-01 5.01043081e-01
    5.04464507e-01 4.97363508e-01 4.85354275e-01 4.86674875e-01
    4.91286010e-01 4.86494273e-01 4.86401111e-01 4.81415451e-01
    4.80108291e-01 4.80437189e-01 4.78838652e-01 4.73963588e-01
    4.65726137e-01 4.76192325e-01 4.74306136e-01 4.76543039e-01
    4.69372004e-01 4.60155129e-01 4.64838803e-01 4.73240882e-01
    4.75815505e-01 4.62692976e-01 4.60252792e-01 4.59771127e-01
    4.66598421e-01 4.71377105e-01 4.75837678e-01 4.75447267e-01
    4.88211632e-01 5.00523329e-01 4.93743241e-01 4.99125004e-01
    4.92165715e-01 4.96263355e-01 4.98728722e-01 5.03132701e-01
    4.98494923e-01 5.01356065e-01 4.99918342e-01 4.96468872e-01
    4.92843151e-01 4.89983767e-01 4.85025823e-01 4.83812004e-01
    4.90883321e-01 4.82285768e-01 4.70962644e-01 4.71786767e-01
    4.80969876e-01 4.88233477e-01 4.81491297e-01 4.79273796e-01
    4.70206767e-01 4.72906709e-01 4.75759834e-01 4.74459827e-01
    4.85310674e-01 4.87020969e-01 4.96529222e-01 5.06267190e-01
    5.04158974e-01 4.93966967e-01 5.01117885e-01 5.07069170e-01
    5.06183505e-01 5.01317322e-01 5.04419982e-01 5.06532609e-01
    5.04644036e-01 5.01695633e-01 5.00610828e-01 4.92869854e-01
    4.93896514e-01 4.93321508e-01 4.94319171e-01 4.82724756e-01
    4.80907559e-01 4.84066755e-01 4.90540624e-01 4.83070314e-01
    4.86396939e-01 4.91399258e-01 4.90089774e-01 4.82070923e-01
    4.82233167e-01 4.80426222e-01 4.86879528e-01 4.89839166e-01
    4.92164701e-01 4.96268302e-01 5.04762709e-01 5.10055482e-01
    5.11522889e-01 5.16371250e-01 5.14568329e-01 5.06075501e-01
    5.07242918e-01 5.06337523e-01 5.03033161e-01 5.06556511e-01
    5.11689961e-01 5.10572791e-01 5.14900982e-01 5.13713777e-01
    5.12592852e-01 5.02501547e-01 5.08452117e-01 5.03932834e-01
    4.95443225e-01 4.91771609e-01 4.84744728e-01 4.81058955e-01
    4.83018368e-01 4.82635468e-01 4.76893306e-01 4.80112255e-01
    4.76778626e-01 4.71678108e-01 4.79030371e-01 4.75682706e-01
    4.75242555e-01 4.78457183e-01 4.86386150e-01 4.81308341e-01
    4.78294015e-01 4.80445206e-01 4.79742855e-01 4.80606019e-01
    4.86292273e-01 4.83453214e-01 4.80343103e-01 4.80990648e-01
    4.82761711e-01 4.84484017e-01 4.97633666e-01 4.98149723e-01
    4.95507270e-01 4.99512941e-01 4.93065774e-01 5.00522733e-01
    5.01544416e-01 5.10017693e-01 5.11742651e-01 5.20911336e-01
    5.15529037e-01 5.10385215e-01 5.17306328e-01 5.15053272e-01
    5.15165448e-01 5.07260621e-01 5.05715787e-01 4.97572273e-01
    4.92651194e-01 5.02663195e-01 4.94936883e-01 5.02129018e-01
    4.98714626e-01 4.89218116e-01 4.79445785e-01 4.82566088e-01
    4.80938673e-01 4.88851190e-01 4.93070751e-01 4.92827684e-01
    4.97066230e-01 5.02059162e-01 5.03849864e-01 5.04926026e-01
    5.03099442e-01 5.03098667e-01 4.97048467e-01 5.07514536e-01
    5.06049693e-01 5.07073760e-01 5.12513876e-01 5.08799553e-01
    5.04417479e-01 5.02124012e-01 5.03966510e-01 5.03192782e-01
    5.06255329e-01 5.07385612e-01 5.03287196e-01 5.10344326e-01
    5.11339366e-01 5.12809396e-01 5.18830419e-01 5.21714747e-01
    5.14707625e-01 5.13946354e-01 5.09432852e-01 5.11246681e-01
    5.08219004e-01 5.09038866e-01 5.04107058e-01 4.96813565e-01
    5.01068652e-01 4.96418238e-01 4.91290540e-01 4.87987965e-01
    4.78487432e-01 4.72575128e-01 4.75647300e-01 4.69870090e-01
    4.73347694e-01 4.83704209e-01 4.85322565e-01 4.93854553e-01
    4.99767721e-01 5.04720509e-01 5.10968029e-01 5.08447826e-01
    5.08213580e-01 5.06320596e-01 5.07823348e-01 5.08754790e-01
    5.12189031e-01 5.11308253e-01 5.17517745e-01 5.14968157e-01
    5.14322639e-01 5.05880117e-01 5.06018162e-01 5.11626542e-01
    5.09632289e-01 4.97927994e-01 5.00809073e-01 4.99270082e-01
    4.99348313e-01 4.99118984e-01 4.93857980e-01 5.01314282e-01
    5.06239712e-01 5.08767545e-01 5.16796827e-01 5.14739633e-01
    5.14863133e-01 5.13884068e-01 5.17875850e-01 5.11363983e-01
    5.02633691e-01 5.04928231e-01 5.04081607e-01 5.09126067e-01
    5.09037673e-01 5.18615007e-01 5.20466208e-01 5.22657871e-01
    5.07281959e-01 5.07659972e-01 5.01105189e-01 5.01970828e-01
    4.98497158e-01 4.90658969e-01 4.93112206e-01 4.95975107e-01
    5.01588881e-01 4.97016639e-01 4.86942559e-01 4.92527753e-01
    4.95128751e-01 4.89506990e-01 4.89030033e-01 4.84399468e-01
    4.84715104e-01 4.87144589e-01 4.83359814e-01 4.79959637e-01
    4.68295485e-01 4.75986093e-01 4.75572586e-01 4.77828294e-01
    4.71404523e-01 4.60031271e-01 4.65160280e-01 4.72789735e-01
    4.75012362e-01 4.65716481e-01 4.65353906e-01 4.65488821e-01
    4.72723573e-01 4.75491643e-01 4.80132312e-01 4.81039286e-01
    4.95006442e-01 5.12211502e-01 5.04544556e-01 5.10835469e-01
    5.02162218e-01 5.07763028e-01 5.13023317e-01 5.18680155e-01
    5.12426496e-01 5.11869609e-01 5.08137107e-01 5.00157654e-01
    4.94134516e-01 4.92098927e-01 4.86855030e-01 4.86483872e-01
    4.94099647e-01 4.86524135e-01 4.74369586e-01 4.75681365e-01
    4.81286108e-01 4.87377852e-01 4.80827481e-01 4.79294956e-01
    4.69466090e-01 4.71152216e-01 4.75325584e-01 4.75654483e-01
    4.88611728e-01 4.94506985e-01 5.04011333e-01 5.12088478e-01
    5.10105371e-01 5.02028942e-01 5.05131602e-01 5.16276836e-01
    5.17831087e-01 5.12938499e-01 5.14443576e-01 5.13752878e-01
    5.08922398e-01 5.07387996e-01 5.06036997e-01 5.01252890e-01
    5.01024246e-01 5.00242829e-01 5.01681149e-01 4.91694838e-01
    4.90966529e-01 4.91724849e-01 4.96203631e-01 4.92660850e-01
    4.92855430e-01 4.97733653e-01 4.94172812e-01 4.89296705e-01
    4.89460349e-01 4.90182221e-01 5.00478506e-01 5.02400517e-01
    5.00992656e-01 5.06378114e-01 5.15500367e-01 5.18029809e-01
    5.17437339e-01 5.20502448e-01 5.19998252e-01 5.10168254e-01
    5.09611785e-01 5.09198844e-01 5.01419663e-01 5.06622910e-01
    5.10870159e-01 5.11955023e-01 5.15082359e-01 5.11754334e-01
    5.07654667e-01 5.00365794e-01 5.03724158e-01 4.98571336e-01
    4.91182387e-01 4.91044462e-01 4.87781942e-01 4.85097528e-01
    4.90962833e-01 4.90234464e-01 4.83399510e-01 4.88195658e-01
    4.84118938e-01 4.79732305e-01 4.83059078e-01 4.79188919e-01
    4.80354249e-01 4.85889435e-01 4.92698610e-01 4.89692420e-01
    4.86456990e-01 4.88984764e-01 4.88596469e-01 4.88533914e-01
    4.93212789e-01 4.90555316e-01 4.85482723e-01 4.88161266e-01
    4.91325945e-01 4.96637970e-01 5.09343803e-01 5.10354102e-01
    5.08287370e-01 5.12164235e-01 5.05812943e-01 5.10734618e-01
    5.12091458e-01 5.21882236e-01 5.21234214e-01 5.29463828e-01
    5.23216665e-01 5.17616689e-01 5.22390783e-01 5.21559238e-01
    5.18715382e-01 5.10506392e-01 5.06038487e-01 4.97992337e-01
    4.95053083e-01 5.05711436e-01 4.97311354e-01 5.06962180e-01
    5.04602551e-01 4.95226860e-01 4.87073630e-01 4.93645400e-01
    4.90711868e-01 4.96505648e-01 5.03106058e-01 5.00519037e-01
    5.07335305e-01 5.14955819e-01 5.17636061e-01 5.20987093e-01
    5.20896912e-01 5.22850871e-01 5.18340409e-01 5.26031792e-01
    5.19778967e-01 5.22929132e-01 5.25224209e-01 5.19586563e-01
    5.13367534e-01 5.08869469e-01 5.12461483e-01 5.11870205e-01
    5.15051842e-01 5.16845822e-01 5.11224747e-01 5.15963674e-01
    5.14732063e-01 5.13025820e-01 5.14476836e-01 5.15602052e-01
    5.09031296e-01 5.10332823e-01 5.03674865e-01 5.07156491e-01
    5.04727304e-01 5.05896091e-01 5.03755450e-01 4.95557517e-01
    4.96434212e-01 4.94663537e-01 4.86253023e-01 4.85254109e-01
    4.76629734e-01 4.70450372e-01 4.75186437e-01 4.70293611e-01
    4.71124589e-01 4.80866760e-01 4.83796954e-01 4.91690487e-01
    4.97260481e-01 5.01839817e-01 5.06740093e-01 5.03091335e-01
    5.04038632e-01 5.02505541e-01 5.04266202e-01 5.04301727e-01
    5.06912589e-01 5.05183816e-01 5.10802686e-01 5.03908992e-01
    5.02905548e-01 4.93945748e-01 4.93020505e-01 4.96685803e-01
    4.95241553e-01 4.85317290e-01 4.86591130e-01 4.86321449e-01
    4.87583160e-01 4.86898899e-01 4.79333490e-01 4.86102223e-01
    4.92987663e-01 4.97023791e-01 5.04591405e-01 5.04164338e-01
    5.07005095e-01 5.10979950e-01 5.18145800e-01 5.16696453e-01
    5.07827818e-01 5.11720717e-01 5.08526444e-01 5.14232516e-01
    5.15689075e-01 5.26210368e-01 5.28363466e-01 5.35207450e-01
    5.22051394e-01 5.19980133e-01 5.13960004e-01 5.17082989e-01
    5.16277373e-01 5.06822407e-01 5.06518722e-01 5.11296630e-01
    5.11952579e-01 5.07548273e-01 4.97877389e-01 5.02394021e-01
    5.04016280e-01 4.96416807e-01 4.95787501e-01 4.88904923e-01
    4.88425672e-01 4.89080727e-01 4.87896115e-01 4.82366353e-01
    4.68286723e-01 4.72545654e-01 4.75287944e-01 4.76913512e-01
    4.69317138e-01 4.62317616e-01 4.68916148e-01 4.74784523e-01
    4.77682561e-01 4.69257504e-01 4.68736976e-01 4.67394829e-01
    4.78825808e-01 4.77367699e-01 4.82758969e-01 4.81239289e-01
    4.93752658e-01 5.10067046e-01 5.04761159e-01 5.07820308e-01
    4.98315006e-01 5.03040195e-01 5.03553450e-01 5.09536803e-01
    5.03132880e-01 5.04130721e-01 5.00542104e-01 4.94119883e-01
    4.85077471e-01 4.80372399e-01 4.78475183e-01 4.78140771e-01
    4.86654073e-01 4.82764274e-01 4.69679356e-01 4.69757795e-01
    4.77080494e-01 4.84790325e-01 4.80435520e-01 4.83220220e-01
    4.70175803e-01 4.74526942e-01 4.77579653e-01 4.80050653e-01
    4.85632390e-01 4.93169904e-01 5.05109251e-01 5.12181282e-01
    5.09792745e-01 5.02114773e-01 5.04509807e-01 5.13513982e-01
    5.14179528e-01 5.11140287e-01 5.09418488e-01 5.08928359e-01
    5.03877521e-01 5.03118932e-01 5.03736258e-01 4.98020828e-01
    4.99400824e-01 4.94845420e-01 4.94352490e-01 4.86369908e-01
    4.83878076e-01 4.87117797e-01 4.94236529e-01 4.93409157e-01
    4.96614665e-01 4.99567866e-01 4.95510042e-01 4.92847800e-01
    4.93351877e-01 4.95592356e-01 5.04417896e-01 5.04484892e-01
    5.05578697e-01 5.10354221e-01 5.20020127e-01 5.23630857e-01
    5.20280063e-01 5.25201738e-01 5.22650361e-01 5.12395024e-01
    5.08484662e-01 5.07409930e-01 5.00649095e-01 5.06949544e-01
    5.08352757e-01 5.04966795e-01 5.08339763e-01 5.07607937e-01
    5.06976426e-01 4.99479681e-01 5.01364946e-01 4.96335566e-01
    4.88917679e-01 4.88399923e-01 4.85352725e-01 4.83288765e-01
    4.89780813e-01 4.90314752e-01 4.81240898e-01 4.86921817e-01
    4.83943254e-01 4.81345445e-01 4.84629869e-01 4.79830831e-01
    4.79697317e-01 4.82779860e-01 4.89408702e-01 4.86490071e-01
    4.85425681e-01 4.90339577e-01 4.91808206e-01 4.90115285e-01
    4.92089480e-01 4.88703519e-01 4.84564304e-01 4.88626093e-01
    4.91036117e-01 4.95802850e-01 5.08025825e-01 5.11501789e-01
    5.10901451e-01 5.15767038e-01 5.09509802e-01 5.13906121e-01
    5.16504586e-01 5.24955034e-01 5.20574391e-01 5.27712166e-01
    5.23161948e-01 5.20506799e-01 5.25931478e-01 5.26632965e-01
    5.24870753e-01 5.16580880e-01 5.11123598e-01 5.04328609e-01
    5.01808047e-01 5.10556698e-01 5.03829241e-01 5.10779321e-01
    5.07282853e-01 5.00705063e-01 4.94322658e-01 5.04343271e-01
    5.00418842e-01 5.07309794e-01 5.14904976e-01 5.08377552e-01
    5.13772309e-01 5.18717647e-01 5.20080268e-01 5.24727523e-01
    5.24550974e-01 5.26047409e-01 5.21458566e-01 5.27986109e-01
    5.21743000e-01 5.27189672e-01 5.27243376e-01 5.23420453e-01
    5.17842591e-01 5.13174832e-01 5.18351257e-01 5.15354991e-01
    5.20323932e-01 5.20896018e-01 5.17692089e-01 5.23525476e-01
    5.20723224e-01 5.16191423e-01 5.15708447e-01 5.17597556e-01
    5.06392121e-01 5.10503471e-01 5.02984405e-01 5.03014863e-01
    4.98033136e-01 4.94928181e-01 4.90669936e-01 4.80828524e-01
    4.81652319e-01 4.79398072e-01 4.71816629e-01 4.67385262e-01
    4.60380673e-01 4.53525305e-01 4.60333645e-01 4.56474155e-01
    4.55610156e-01 4.65868831e-01 4.66700912e-01 4.72904116e-01
    4.81093049e-01 4.84398335e-01 4.89762336e-01 4.92561162e-01
    4.91739720e-01 4.91058081e-01 4.94674891e-01 4.94711369e-01
    4.99323040e-01 4.97965544e-01 5.03919065e-01 4.96457189e-01
    4.94635284e-01 4.86999661e-01 4.87404615e-01 4.90992486e-01
    4.89893377e-01 4.81834561e-01 4.84732568e-01 4.88422245e-01
    4.87209976e-01 4.88367707e-01 4.80409235e-01 4.88451600e-01
    4.97500390e-01 5.00762880e-01 5.04364371e-01 5.05961239e-01
    5.09596109e-01 5.15257239e-01 5.22479475e-01 5.20664752e-01
    5.15443206e-01 5.17933130e-01 5.10336637e-01 5.16332746e-01
    5.17840445e-01 5.27183950e-01 5.30451953e-01 5.39961278e-01
    5.27597964e-01 5.20998776e-01 5.18341064e-01 5.24344265e-01
    5.22876143e-01 5.14800251e-01 5.16591966e-01 5.21647155e-01
    5.22953689e-01 5.16182959e-01 5.07719934e-01 5.17925024e-01
    5.18582582e-01 5.10753155e-01 5.10186553e-01 5.00825644e-01
    4.98847157e-01 4.97916490e-01 4.98572797e-01 4.90402579e-01
    4.73434597e-01 4.79754925e-01 4.82353479e-01 4.79893982e-01
    4.70530808e-01 4.66075480e-01 4.75543618e-01 4.80285704e-01
    4.81938958e-01 4.76093024e-01 4.74385232e-01 4.73051459e-01
    4.83790815e-01 4.82737273e-01 4.85989332e-01 4.86721277e-01
    4.97031987e-01 5.12682259e-01 5.07492840e-01 5.09090424e-01
    5.01794040e-01 5.04779398e-01 5.03378689e-01 5.06433487e-01
    4.99822021e-01 4.96858776e-01 4.91037309e-01 4.85874265e-01
    4.75647718e-01 4.70503330e-01 4.67078984e-01 4.67996418e-01
    4.72390443e-01 4.70927328e-01 4.61459279e-01 4.60713238e-01
    4.65864718e-01 4.75534022e-01 4.75320637e-01 4.78227288e-01
    4.65928853e-01 4.70223635e-01 4.76219952e-01 4.78249639e-01
    4.94921625e-01 5.02782583e-01 5.11671722e-01 5.17147541e-01
    5.12666404e-01 5.07333100e-01 5.08855641e-01 5.20199776e-01
    5.17830551e-01 5.16886294e-01 5.13645589e-01 5.14494896e-01
    5.11838257e-01 5.09989619e-01 5.10535061e-01 5.04205942e-01
    5.03642440e-01 4.97848183e-01 4.97854441e-01 4.90790486e-01
    4.85966414e-01 4.90053356e-01 4.96183366e-01 4.94820178e-01
    4.93600696e-01 4.98146117e-01 4.95547444e-01 4.95494425e-01
    4.92583334e-01 4.93924856e-01 5.06102562e-01 5.05617619e-01
    5.08315563e-01 5.15218377e-01 5.22962928e-01 5.25901139e-01
    5.22492588e-01 5.30120015e-01 5.23816288e-01 5.10320842e-01
    5.05745053e-01 5.07493019e-01 4.99446601e-01 5.01447082e-01
    4.98135060e-01 4.96712416e-01 4.98102963e-01 4.95569289e-01
    4.95396376e-01 4.86675411e-01 4.86434788e-01 4.82477993e-01
    4.75708872e-01 4.75192904e-01 4.68496323e-01 4.69580054e-01
    4.79485422e-01 4.81123596e-01 4.71564591e-01 4.78920907e-01
    4.78623211e-01 4.78728056e-01 4.81005639e-01 4.79368001e-01
    4.79034245e-01 4.85554010e-01 4.90883648e-01 4.88317013e-01
    4.89277720e-01 4.96529520e-01 4.98166233e-01 4.99074250e-01
    5.00118911e-01 4.95887458e-01 4.90367979e-01 4.95037794e-01
    4.96019244e-01 4.99750227e-01 5.11733651e-01 5.13486385e-01
    5.11544645e-01 5.17199218e-01 5.09096384e-01 5.11810958e-01
    5.17146289e-01 5.23324132e-01 5.16469657e-01 5.23393035e-01
    5.21418095e-01 5.20438313e-01 5.27608573e-01 5.28403878e-01
    5.24061441e-01 5.16635299e-01 5.11827230e-01 5.06337285e-01
    5.03700793e-01 5.12094378e-01 5.05455434e-01 5.10728478e-01
    5.09439588e-01 4.99756724e-01 4.95327622e-01 5.03781497e-01
    5.00751138e-01 5.06208241e-01 5.14763355e-01 5.08375645e-01
    5.13037801e-01 5.19101322e-01 5.21001756e-01 5.25067031e-01
    5.24084210e-01 5.30104816e-01 5.27902484e-01 5.33521950e-01
    5.26314259e-01 5.30344188e-01 5.30903161e-01 5.27241647e-01
    5.22913277e-01 5.18143535e-01 5.20986497e-01 5.16632438e-01
    5.18345296e-01 5.19500136e-01 5.17061174e-01 5.22606552e-01
    5.20162523e-01 5.13848782e-01 5.11282086e-01 5.11512518e-01
    5.01357436e-01 5.08235931e-01 5.03566682e-01 5.02455831e-01
    4.98195648e-01 4.98715669e-01 4.92760837e-01 4.85216111e-01
    4.86335337e-01 4.88031805e-01 4.82064128e-01 4.77963299e-01
    4.70035642e-01 4.66829062e-01 4.72827703e-01 4.70537215e-01
    4.69601452e-01 4.77160662e-01 4.77248609e-01 4.82916921e-01
    4.89752561e-01 4.91331697e-01 4.94520187e-01 5.01588762e-01
    4.97701198e-01 4.95211720e-01 4.96655494e-01 4.95928645e-01
    5.00607789e-01 5.00665784e-01 5.01376569e-01 4.96275067e-01
    4.93405998e-01 4.87000823e-01 4.88750935e-01 4.89257723e-01
    4.89795715e-01 4.82736290e-01 4.87916380e-01 4.89970833e-01
    4.86702979e-01 4.88187283e-01 4.83035088e-01 4.89873886e-01
    4.99638051e-01 5.00637174e-01 5.04541874e-01 5.09354711e-01
    5.14171064e-01 5.21855950e-01 5.27722061e-01 5.29296935e-01
    5.28162777e-01 5.28048277e-01 5.22078812e-01 5.24854898e-01
    5.25558472e-01 5.36884487e-01 5.41449130e-01 5.47893167e-01
    5.35401881e-01 5.29879808e-01 5.28509915e-01 5.34229219e-01
    5.30935228e-01 5.21287203e-01 5.18564463e-01 5.23118734e-01
    5.21557093e-01 5.14096260e-01 5.06149054e-01 5.16434371e-01
    5.16282916e-01 5.10728896e-01 5.06989181e-01 4.98986959e-01
    4.96891946e-01 4.96674955e-01 4.93254155e-01 4.85306710e-01
    4.66330439e-01 4.75341052e-01 4.75286543e-01 4.72750276e-01
    4.63921785e-01 4.60214406e-01 4.68360037e-01 4.71616179e-01
    4.71764028e-01 4.69009995e-01 4.65666234e-01 4.64615613e-01
    4.72843051e-01 4.74871039e-01 4.78474528e-01 4.82928246e-01
    4.93827045e-01 5.10652304e-01 5.03813148e-01 5.08468270e-01
    5.03510475e-01 5.05734146e-01 5.02599657e-01 5.05557656e-01
    5.02956212e-01 5.04473388e-01 4.99181211e-01 4.94272918e-01
    4.83768374e-01 4.81003642e-01 4.78543431e-01 4.81122822e-01
    4.82581109e-01 4.83006150e-01 4.73047376e-01 4.74803686e-01
    4.77187753e-01 4.87850487e-01 4.88869816e-01 4.91169006e-01
    4.79404628e-01 4.81166929e-01 4.84151155e-01 4.85905945e-01
    4.94743735e-01 5.05574048e-01 5.14913261e-01 5.22307813e-01
    5.20363271e-01 5.14305890e-01 5.14807045e-01 5.24090409e-01
    5.27468383e-01 5.26776433e-01 5.21868706e-01 5.21922231e-01
    5.17974973e-01 5.16102672e-01 5.15251696e-01 5.10946631e-01
    5.11362195e-01 5.03803253e-01 5.03974795e-01 4.97694075e-01
    4.93324935e-01 4.96972322e-01 5.02808034e-01 5.00768244e-01
    4.98696059e-01 5.00746012e-01 4.98863876e-01 4.95831847e-01
    4.92257208e-01 4.92027879e-01 5.03644705e-01 5.03043294e-01
    5.07657766e-01 5.11958063e-01 5.17782271e-01 5.20515203e-01
    5.19063056e-01 5.22406757e-01 5.17715931e-01 5.06640673e-01
    5.04357994e-01 5.06727040e-01 4.99078721e-01 4.99295324e-01
    4.97041345e-01 4.93041247e-01 4.97181803e-01 4.96925741e-01
    4.98873383e-01 4.89147693e-01 4.88854855e-01 4.86146212e-01
    4.78005320e-01 4.74811941e-01 4.71907169e-01 4.73558575e-01
    4.83270139e-01 4.85001475e-01 4.76877451e-01 4.82312471e-01
    4.84437793e-01 4.83964056e-01 4.88025427e-01 4.83377486e-01
    4.81616735e-01 4.85499889e-01 4.87676233e-01 4.89078701e-01
    4.86929029e-01 4.96054322e-01 4.97980982e-01 4.97200489e-01
    4.97050941e-01 4.90429044e-01 4.86519098e-01 4.90516782e-01
    4.92057949e-01 4.97124046e-01 5.09439766e-01 5.11298478e-01
    5.10462523e-01 5.14380813e-01 5.06229281e-01 5.11636853e-01
    5.13824105e-01 5.21269560e-01 5.13229430e-01 5.20435750e-01
    5.15766323e-01 5.14677942e-01 5.25728047e-01 5.22560477e-01
    5.19653320e-01 5.13166249e-01 5.07712722e-01 5.04050910e-01
    5.01598001e-01 5.11364520e-01 5.05502164e-01 5.12162805e-01
    5.09281993e-01 5.01756430e-01 4.99577284e-01 5.05589724e-01
    4.99662429e-01 5.07548988e-01 5.14745235e-01 5.04948318e-01
    5.10908484e-01 5.16896665e-01 5.19599378e-01 5.23330808e-01
    5.20974219e-01 5.30093491e-01 5.28441906e-01 5.32966614e-01
    5.25780141e-01 5.31297743e-01 5.31960011e-01 5.26962280e-01
    5.24520099e-01 5.22493660e-01 5.22235572e-01 5.16303599e-01
    5.19813716e-01 5.20547330e-01 5.16634881e-01 5.21098435e-01
    5.14011979e-01 5.10384738e-01 5.04004836e-01 5.01195610e-01
    4.92256790e-01 4.99698848e-01 4.94262218e-01 4.90120471e-01
    4.86004859e-01 4.86992747e-01 4.82145131e-01 4.76877004e-01
    4.76593316e-01 4.79743600e-01 4.73008692e-01 4.71335739e-01
    4.63928580e-01 4.65682328e-01 4.70023453e-01 4.68293041e-01
    4.69143152e-01 4.78210211e-01 4.77471083e-01 4.81490850e-01
    4.90392447e-01 4.94332135e-01 4.97548819e-01 5.04574001e-01
    5.03499568e-01 5.05828559e-01 5.03104627e-01 5.02804458e-01
    5.05510449e-01 5.06126821e-01 5.02815604e-01 4.95883167e-01
    4.94162977e-01 4.87246186e-01 4.88922834e-01 4.88435268e-01
    4.93690372e-01 4.84274209e-01 4.86734331e-01 4.86013502e-01
    4.84778166e-01 4.85855162e-01 4.79487181e-01 4.86532837e-01
    4.96129423e-01 4.96166617e-01 4.96453941e-01 5.02877951e-01
    5.07311881e-01 5.14968157e-01 5.21595538e-01 5.22580683e-01
    5.21747589e-01 5.15570402e-01 5.12324870e-01 5.13650477e-01
    5.18955410e-01 5.28237998e-01 5.32190979e-01 5.38721740e-01
    5.29448032e-01 5.26139081e-01 5.26819944e-01 5.34272730e-01
    5.32175720e-01 5.25647879e-01 5.23960412e-01 5.27263999e-01
    5.25174677e-01 5.16536653e-01 5.11737883e-01 5.21086931e-01
    5.25980055e-01 5.19705534e-01 5.15491247e-01 5.07153034e-01
    5.05675316e-01 5.03675818e-01 4.99807447e-01 4.91301835e-01
    4.72569227e-01 4.78021562e-01 4.78153080e-01 4.74531353e-01
    4.65416968e-01 4.61863816e-01 4.73007590e-01 4.75146621e-01
    4.74949569e-01 4.71953601e-01 4.68247086e-01 4.67341363e-01
    4.74647850e-01 4.73150700e-01 4.75321054e-01 4.78873163e-01
    4.89535451e-01 5.06838202e-01 5.00338614e-01 5.03913045e-01
    4.98296380e-01 5.00415146e-01 4.95715559e-01 4.95884150e-01
    4.93483424e-01 4.96306926e-01 4.87031549e-01 4.79770750e-01
    4.66600567e-01 4.62203056e-01 4.62703377e-01 4.65500027e-01
    4.66581315e-01 4.66840863e-01 4.58040208e-01 4.59120095e-01
    4.62012798e-01 4.75177437e-01 4.78465676e-01 4.84182060e-01
    4.74513650e-01 4.77595657e-01 4.78717268e-01 4.80955869e-01
    4.90033031e-01 5.02942741e-01 5.09122968e-01 5.15255630e-01
    5.13406456e-01 5.05871415e-01 5.07010937e-01 5.16962111e-01
    5.21210253e-01 5.22650898e-01 5.16403317e-01 5.15371025e-01
    5.12281060e-01 5.07909060e-01 5.10649979e-01 5.09360015e-01
    5.10724902e-01 5.02960265e-01 5.04475176e-01 4.98332649e-01
    4.95654762e-01 4.96566951e-01 5.03195941e-01 4.98379469e-01
    4.99529600e-01 5.00133634e-01 4.96545255e-01 4.96530443e-01
    4.93342519e-01 4.94964540e-01 5.04568875e-01 5.05080879e-01
    5.06135881e-01 5.09769380e-01 5.13066113e-01 5.12813151e-01
    5.11235237e-01 5.12394011e-01 5.12886882e-01 5.04084229e-01
    5.03113747e-01 5.03103852e-01 4.96181339e-01 4.97939885e-01
    4.92498130e-01 4.89934683e-01 4.90375668e-01 4.95431364e-01
    4.97111022e-01 4.90601301e-01 4.89515245e-01 4.88059998e-01
    4.82680768e-01 4.81708437e-01 4.79792178e-01 4.79460508e-01
    4.88156170e-01 4.89536822e-01 4.79981989e-01 4.82962608e-01
    4.83187973e-01 4.82944459e-01 4.87695187e-01 4.85040486e-01
    4.80629057e-01 4.80112672e-01 4.81800199e-01 4.83751982e-01
    4.81254905e-01 4.86868232e-01 4.89759356e-01 4.89820123e-01
    4.91648078e-01 4.81278062e-01 4.77768898e-01 4.84037101e-01
    4.87311900e-01 4.93861765e-01 5.03755510e-01 5.02316535e-01
    5.01583815e-01 5.06129026e-01 4.99925822e-01 5.06219923e-01
    5.11239827e-01 5.18919766e-01 5.12195170e-01 5.18044710e-01
    5.11825562e-01 5.10322869e-01 5.23797691e-01 5.18869638e-01
    5.14643848e-01 5.07040501e-01 5.01202166e-01 5.00317156e-01
    4.98073786e-01 5.08723676e-01 5.03660619e-01 5.11546910e-01
    5.10241091e-01 5.03636658e-01 4.99127299e-01 5.04205108e-01
    4.98069078e-01 5.06817102e-01 5.11808753e-01 5.05267441e-01
    5.13873577e-01 5.18517435e-01 5.23527682e-01 5.27742147e-01
    5.25362074e-01 5.36900282e-01 5.35695791e-01 5.38548768e-01
    5.30193567e-01 5.34998298e-01 5.34839988e-01 5.29320657e-01
    5.30231178e-01 5.27843893e-01 5.28185129e-01 5.22105575e-01
    5.23998499e-01 5.22858143e-01 5.22244751e-01 5.25279701e-01
    5.19388556e-01 5.14882147e-01 5.07662416e-01 5.03620982e-01
    4.96373057e-01 5.04602909e-01 4.97982502e-01 4.91301060e-01
    4.90326494e-01 4.88571674e-01 4.84161973e-01 4.81187314e-01
    4.80484337e-01 4.80840057e-01 4.76676643e-01 4.69717056e-01
    4.66199011e-01 4.66668367e-01 4.71876472e-01 4.69638050e-01
    4.68849003e-01 4.76936221e-01 4.76454228e-01 4.80152130e-01
    4.87507612e-01 4.89842027e-01 4.94817257e-01 5.02318025e-01
    4.99418318e-01 5.00691295e-01 4.99066293e-01 4.97546494e-01
    5.03166556e-01 4.98767883e-01 4.93057311e-01 4.87971365e-01
    4.86409277e-01 4.78428513e-01 4.81012285e-01 4.80212092e-01
    4.84033585e-01 4.75365907e-01 4.78020459e-01 4.77937222e-01
    4.79276508e-01 4.80341434e-01 4.73496765e-01 4.81491953e-01
    4.92561668e-01 4.94219899e-01 4.95475680e-01 5.04235685e-01
    5.05245209e-01 5.11947930e-01 5.22401154e-01 5.20531535e-01
    5.19120216e-01 5.13317287e-01 5.11053383e-01 5.13556600e-01
    5.14850914e-01 5.18418968e-01 5.22023916e-01 5.30446589e-01
    5.22384167e-01 5.15073717e-01 5.14155746e-01 5.21752059e-01
    5.23022890e-01 5.19937336e-01 5.18465936e-01 5.19398510e-01
    5.18311441e-01 5.11688113e-01 5.07317483e-01 5.17233133e-01
    5.21928728e-01 5.18874824e-01 5.19982219e-01 5.12864590e-01
    5.12877584e-01 5.08691549e-01 5.05737185e-01 4.98807460e-01
    4.83018816e-01 4.85394627e-01 4.84117448e-01 4.80194807e-01
    4.70985472e-01 4.69257742e-01 4.80439752e-01 4.80008334e-01
    4.78462160e-01 4.75218266e-01 4.71818000e-01 4.69869673e-01
    4.76490825e-01 4.75178838e-01 4.79817897e-01 4.85552818e-01
    4.94550824e-01 5.10435820e-01 5.04673481e-01 5.09206593e-01
    5.04888833e-01 5.07185817e-01 5.03175974e-01 4.99545246e-01
    4.99209940e-01 5.01522005e-01 4.92346913e-01 4.84328419e-01
    4.67803448e-01 4.64007080e-01 4.63304639e-01 4.64144796e-01
    4.64399666e-01 4.65796977e-01 4.55266148e-01 4.55916643e-01
    4.56024498e-01 4.68742311e-01 4.73599434e-01 4.77079481e-01
    4.70679343e-01 4.71984953e-01 4.72859353e-01 4.74148571e-01
    4.91972923e-01 5.03474832e-01 5.08271217e-01 5.11497080e-01
    5.09931147e-01 5.00555038e-01 5.04055858e-01 5.17794728e-01
    5.21182120e-01 5.20649672e-01 5.13447046e-01 5.09783626e-01
    5.06263793e-01 5.00251889e-01 5.03221393e-01 5.00039518e-01
    5.02292871e-01 4.95417833e-01 4.99473661e-01 4.93547589e-01
    4.93811786e-01 4.96916413e-01 5.02381384e-01 4.92761314e-01
    4.92448688e-01 4.94498998e-01 4.93516147e-01 4.94349420e-01
    4.91128772e-01 4.95351315e-01 5.05374074e-01 5.04551053e-01
    5.08468568e-01 5.14295876e-01 5.14648080e-01 5.11973977e-01
    5.11030138e-01 5.13442636e-01 5.12844563e-01 5.06331265e-01
    5.05705774e-01 5.05263209e-01 4.96666521e-01 4.96411294e-01
    4.89311337e-01 4.85196650e-01 4.81941819e-01 4.87012297e-01
    4.91887450e-01 4.83369708e-01 4.82773930e-01 4.83436912e-01
    4.80157495e-01 4.82645452e-01 4.79331404e-01 4.76392329e-01
    4.83670592e-01 4.89665270e-01 4.78356123e-01 4.79807973e-01
    4.79698777e-01 4.79353994e-01 4.86586243e-01 4.86051977e-01
    4.79622215e-01 4.76648062e-01 4.77222651e-01 4.76345807e-01
    4.73239392e-01 4.77779865e-01 4.76660937e-01 4.75386471e-01
    4.78193998e-01 4.69771713e-01 4.62503135e-01 4.74141181e-01
    4.82049942e-01 4.87945437e-01 4.99233812e-01 4.95894700e-01
    4.94576961e-01 5.03672004e-01 4.98422295e-01 5.03050268e-01
    5.08133054e-01 5.17421186e-01 5.09714901e-01 5.17054856e-01
    5.13769150e-01 5.11382341e-01 5.24631441e-01 5.20479023e-01
    5.11391461e-01 5.02807140e-01 4.98020440e-01 4.98035073e-01
    4.94682550e-01 5.02876520e-01 4.94396031e-01 5.01667261e-01
    5.02318621e-01 4.96632606e-01 4.92465377e-01 4.97836381e-01
    4.92997020e-01 4.96766269e-01 5.03102660e-01 4.93926197e-01
    5.01778424e-01 5.07265151e-01 5.12776196e-01 5.16093850e-01
    5.13676226e-01 5.26081920e-01 5.25894701e-01 5.28957009e-01
    5.21398783e-01 5.27690291e-01 5.27769089e-01 5.23400009e-01
    5.23723543e-01 5.20882845e-01 5.24889469e-01 5.17504096e-01
    5.18938363e-01 5.21017134e-01 5.20360649e-01 5.20581424e-01
    5.17594874e-01 5.11203885e-01 5.03146231e-01 5.02301276e-01
    4.97610539e-01 5.05835295e-01 4.98038799e-01 4.91265684e-01
    4.87506062e-01 4.84999299e-01 4.80912060e-01 4.76729870e-01
    4.78912354e-01 4.82415050e-01 4.78587538e-01 4.73055482e-01
    4.72814977e-01 4.73591566e-01 4.80190426e-01 4.79752362e-01
    4.74796653e-01 4.80997920e-01 4.79895949e-01 4.81746376e-01
    4.90238279e-01 4.93059367e-01 4.98841316e-01 5.05504131e-01
    5.06142616e-01 5.04508436e-01 5.03785431e-01 5.02351046e-01
    5.09484410e-01 5.05986810e-01 4.98046398e-01 4.93302405e-01
    4.92635787e-01 4.88371879e-01 4.91187274e-01 4.88660783e-01
    4.95665431e-01 4.85341549e-01 4.90927100e-01 4.90157306e-01
    4.90920186e-01 4.89036471e-01 4.82324243e-01 4.85953033e-01
    4.93655711e-01 4.93674546e-01 4.89841193e-01 5.01514196e-01
    5.02112031e-01 5.07952452e-01 5.16013801e-01 5.15212774e-01
    5.15978098e-01 5.05741477e-01 5.04010499e-01 5.03174663e-01
    5.05599976e-01 5.09255171e-01 5.10574996e-01 5.20710111e-01
    5.17308593e-01 5.11144459e-01 5.10162711e-01 5.19699872e-01
    5.20085275e-01 5.15308321e-01 5.14913082e-01 5.14856875e-01
    5.11535168e-01 5.06429851e-01 5.04589319e-01 5.14885128e-01
    5.18796146e-01 5.16685188e-01 5.16691208e-01 5.12534022e-01
    5.14320612e-01 5.10098636e-01 5.07794440e-01 5.01351178e-01
    4.88295943e-01 4.86781567e-01 4.88722235e-01 4.83766913e-01
    4.74390954e-01 4.75652218e-01 4.81731951e-01 4.83488858e-01
    4.79354292e-01 4.75533873e-01 4.69740897e-01 4.67531830e-01
    4.72644359e-01 4.67744499e-01 4.70375448e-01 4.76361424e-01
    4.85435247e-01 5.00532269e-01 4.98265147e-01 5.01310229e-01
    4.99528110e-01 5.04112303e-01 4.99120265e-01 5.00536084e-01
    5.00758827e-01 5.05814135e-01 4.98312145e-01 4.91574228e-01
    4.77215469e-01 4.74103004e-01 4.74579066e-01 4.75088030e-01
    4.76500571e-01 4.76909220e-01 4.62658614e-01 4.62100804e-01
    4.62223053e-01 4.72784191e-01 4.79859829e-01 4.82842684e-01
    4.75439280e-01 4.74299639e-01 4.76551592e-01 4.75967497e-01
    4.96751934e-01 5.06164491e-01 5.12301087e-01 5.13738275e-01
    5.08873641e-01 4.97899920e-01 4.99891758e-01 5.15915751e-01
    5.19141614e-01 5.17931402e-01 5.07950842e-01 5.05795062e-01
    5.02336979e-01 4.96091574e-01 4.98774499e-01 4.96512532e-01
    4.96202022e-01 4.93995965e-01 4.99802023e-01 4.90820616e-01
    4.92097229e-01 4.97028291e-01 5.02701819e-01 4.93445218e-01
    4.90409970e-01 4.95668888e-01 4.93308932e-01 4.97966021e-01
    4.94695842e-01 4.96873468e-01 5.05474985e-01 5.04638135e-01
    5.06997347e-01 5.13764441e-01 5.11416852e-01 5.09169757e-01
    5.09624243e-01 5.11602342e-01 5.09202659e-01 5.03092289e-01
    5.02837956e-01 5.03308594e-01 4.92277235e-01 4.92662638e-01
    4.85024482e-01 4.80357051e-01 4.77397680e-01 4.84109342e-01
    4.87061530e-01 4.80331987e-01 4.81123418e-01 4.81276542e-01
    4.80106324e-01 4.82534111e-01 4.82689947e-01 4.81710911e-01
    4.89430249e-01 4.95489478e-01 4.83934700e-01 4.84760165e-01
    4.87136990e-01 4.85021442e-01 4.93235111e-01 4.95698631e-01
    4.86561090e-01 4.85772997e-01 4.85481292e-01 4.83938217e-01
    4.82512146e-01 4.85154450e-01 4.85275984e-01 4.83568311e-01
    4.85442400e-01 4.79071498e-01 4.75313693e-01 4.87295002e-01
    4.92560208e-01 4.98066902e-01 5.09110093e-01 5.04244864e-01
    5.02569795e-01 5.12881458e-01 5.08174241e-01 5.12679100e-01
    5.20025492e-01 5.27158916e-01 5.20270586e-01 5.28391838e-01
    5.21787167e-01 5.21621764e-01 5.32941639e-01 5.25884628e-01
    5.18306971e-01 5.09987056e-01 5.04450142e-01 5.04166186e-01
    5.02693653e-01 5.09098649e-01 4.99636948e-01 5.04496753e-01
    5.04529655e-01 4.95329380e-01 4.93777245e-01 4.96510923e-01
    4.90598470e-01 4.94846463e-01 5.00795484e-01 4.91362870e-01
    4.98692244e-01 5.02555907e-01 5.11259735e-01 5.12027562e-01
    5.10056794e-01 5.21141171e-01 5.22158563e-01 5.24133205e-01
    5.18933356e-01 5.22899270e-01 5.26829362e-01 5.20628572e-01
    5.25166869e-01 5.23298621e-01 5.28584957e-01 5.17867863e-01
    5.22122324e-01 5.26548982e-01 5.25686145e-01 5.24942160e-01
    5.22469282e-01 5.14889002e-01 5.04570961e-01 5.04017889e-01
    5.03907263e-01 5.09538949e-01 5.04687726e-01 4.95146275e-01
    4.91818517e-01 4.86677051e-01 4.81902868e-01 4.78091627e-01
    4.83218938e-01 4.82507914e-01 4.78376895e-01 4.71714944e-01
    4.69821125e-01 4.70767915e-01 4.76616830e-01 4.76953804e-01
    4.71188754e-01 4.77205545e-01 4.78496134e-01 4.78070080e-01
    4.85041976e-01 4.88346636e-01 4.91831899e-01 4.97525752e-01
    4.97957110e-01 4.95114356e-01 4.97321904e-01 4.94471133e-01
    5.00555277e-01 5.00414431e-01 4.95976776e-01 4.92023408e-01
    4.91952479e-01 4.84742463e-01 4.85908449e-01 4.83979076e-01
    4.91514206e-01 4.81146574e-01 4.83961999e-01 4.83785361e-01
    4.87195224e-01 4.83986437e-01 4.78143394e-01 4.82217282e-01
    4.90165114e-01 4.89484876e-01 4.83106017e-01 4.93577719e-01
    4.95686710e-01 5.00516653e-01 5.11354089e-01 5.07305622e-01
    5.07791519e-01 4.99679089e-01 5.00492275e-01 5.01406610e-01
    5.05776107e-01 5.05258620e-01 5.05509555e-01 5.12029648e-01
    5.06454706e-01 5.02083302e-01 5.02811372e-01 5.14827430e-01
    5.13748229e-01 5.10542095e-01 5.12082875e-01 5.09491503e-01
    5.08360624e-01 5.02871096e-01 5.02447844e-01 5.09407282e-01
    5.15102863e-01 5.13505995e-01 5.15085936e-01 5.12862742e-01
    5.14700770e-01 5.10847867e-01 5.06446600e-01 5.00558138e-01
    4.87091452e-01 4.85470504e-01 4.85806882e-01 4.81483757e-01
    4.76077020e-01 4.78780061e-01 4.85827327e-01 4.82544035e-01
    4.81327504e-01 4.74538118e-01 4.69008654e-01 4.68864948e-01
    4.72339958e-01 4.72955555e-01 4.75600272e-01 4.80934471e-01
    4.88630027e-01 5.01851022e-01 4.99797970e-01 5.04167378e-01
    5.01277864e-01 5.03229737e-01 4.96344537e-01 4.94966775e-01
    4.98346448e-01 5.02097905e-01 4.94996399e-01 4.85646576e-01
    4.70456213e-01 4.67890531e-01 4.66028810e-01 4.68069226e-01
    4.71555322e-01 4.73475337e-01 4.59410340e-01 4.59876388e-01
    4.58727807e-01 4.71050680e-01 4.78271633e-01 4.82723862e-01
    4.77698803e-01 4.76833880e-01 4.80143368e-01 4.81526107e-01
    4.92087841e-01 5.02374351e-01 5.06374419e-01 5.09555459e-01
    5.05743742e-01 4.96504158e-01 4.98166114e-01 5.13728440e-01
    5.16657412e-01 5.16396940e-01 5.04106820e-01 5.00846922e-01
    5.01479864e-01 4.95379478e-01 4.97324020e-01 4.91505444e-01
    4.90104556e-01 4.87549037e-01 4.93655294e-01 4.86492932e-01
    4.84492600e-01 4.87460494e-01 4.89881694e-01 4.79349077e-01
    4.74230409e-01 4.82177436e-01 4.79215115e-01 4.85210091e-01
    4.85171527e-01 4.86822188e-01 4.96442884e-01 4.96036708e-01
    5.01818061e-01 5.06817579e-01 5.04221916e-01 5.01835585e-01
    5.04970908e-01 5.09520650e-01 5.08283138e-01 5.06804347e-01
    5.05579650e-01 5.08604169e-01 4.94461596e-01 4.91261959e-01
    4.85873938e-01 4.81704354e-01 4.77335781e-01 4.82544392e-01
    4.88226235e-01 4.81103241e-01 4.83197451e-01 4.85980839e-01
    4.82417673e-01 4.82705534e-01 4.82389688e-01 4.82038975e-01
    4.90281403e-01 4.95281130e-01 4.82899904e-01 4.84692991e-01
    4.91650820e-01 4.88640338e-01 4.93341625e-01 4.97788578e-01
    4.88468587e-01 4.85064298e-01 4.82366264e-01 4.80851948e-01
    4.79598522e-01 4.86196816e-01 4.87652719e-01 4.83341813e-01
    4.85746920e-01 4.78517115e-01 4.78821844e-01 4.91141856e-01
    4.96403635e-01 5.01236796e-01 5.11081278e-01 5.10344744e-01
    5.06332278e-01 5.15313447e-01 5.12194872e-01 5.19019544e-01
    5.26789904e-01 5.31833351e-01 5.24132252e-01 5.30629635e-01
    5.25568664e-01 5.27103066e-01 5.34449637e-01 5.26594639e-01
    5.19502282e-01 5.12602150e-01 5.03918171e-01 5.02909660e-01
    5.02571881e-01 5.08760571e-01 4.99910891e-01 5.04763126e-01
    5.06345689e-01 4.97405797e-01 4.97533381e-01 5.00462532e-01
    4.94266987e-01 4.98322308e-01 5.01820803e-01 4.93285626e-01
    4.99007404e-01 5.02262890e-01 5.09896755e-01 5.12630761e-01
    5.12677789e-01 5.18779337e-01 5.21729290e-01 5.24798691e-01
    5.19285977e-01 5.19451201e-01 5.21088839e-01 5.14441669e-01
    5.19527316e-01 5.16804874e-01 5.20942926e-01 5.11646390e-01
    5.17424703e-01 5.24716377e-01 5.23066700e-01 5.18774688e-01
    5.18642604e-01 5.11265099e-01 5.04912317e-01 5.02129257e-01
    5.03449023e-01 5.09520352e-01 5.06136954e-01 4.98021811e-01
    4.93215859e-01 4.86955017e-01 4.83078241e-01 4.79155064e-01
    4.86991733e-01 4.85627979e-01 4.79764640e-01 4.73328561e-01
    4.73580092e-01 4.71074611e-01 4.76301372e-01 4.75650579e-01
    4.72102791e-01 4.75637853e-01 4.77620780e-01 4.76968586e-01
    4.86934185e-01 4.88668472e-01 4.90995049e-01 4.97492552e-01
    5.00330091e-01 4.93386179e-01 4.95915443e-01 4.94616717e-01
    5.01525521e-01 5.02752542e-01 5.02589107e-01 4.99214679e-01
    4.97493118e-01 4.87186819e-01 4.87658918e-01 4.83558506e-01
    4.92716849e-01 4.80042756e-01 4.83407646e-01 4.83659267e-01
    4.89719510e-01 4.87122625e-01 4.81783926e-01 4.83593017e-01
    4.88946140e-01 4.87554431e-01 4.77881998e-01 4.86614853e-01
    4.87991363e-01 4.93122578e-01 5.03632307e-01 4.98142272e-01
    5.00256717e-01 4.88454491e-01 4.88113403e-01 4.90525156e-01
    4.93687421e-01 4.90574449e-01 4.88266319e-01 4.94712949e-01
    4.90003765e-01 4.84834135e-01 4.84075427e-01 5.00406802e-01
    5.00614285e-01 4.98610884e-01 4.99270350e-01 4.96933997e-01
    4.97463226e-01 4.88828778e-01 4.94618714e-01 5.01183987e-01
    5.06563902e-01 5.07402956e-01 5.08319855e-01 5.06904900e-01
    5.08056700e-01 5.07149160e-01 5.05215824e-01 5.03098190e-01
    4.85968083e-01 4.81261194e-01 4.79979992e-01 4.75116819e-01
    4.68995154e-01 4.72115636e-01 4.80545521e-01 4.77040529e-01
    4.79640633e-01 4.72044647e-01 4.65974212e-01 4.64337528e-01
    4.69474852e-01 4.74416822e-01 4.74212170e-01 4.79889572e-01
    4.83566433e-01 4.98467207e-01 4.97155339e-01 5.01988351e-01
    5.01250505e-01 5.07442176e-01 5.03754854e-01 5.03010988e-01
    5.02667487e-01 5.02207577e-01 4.96570170e-01 4.85714436e-01
    4.71342802e-01 4.67000932e-01 4.62357551e-01 4.63847578e-01
    4.66044158e-01 4.70768481e-01 4.57089007e-01 4.57989007e-01
    4.56992626e-01 4.68584597e-01 4.72558886e-01 4.72933799e-01
    4.68489259e-01 4.67954248e-01 4.73124444e-01 4.75680053e-01
    4.93903786e-01 5.06579041e-01 5.13227046e-01 5.18038690e-01
    5.16104102e-01 5.08436382e-01 5.10868609e-01 5.22032142e-01
    5.20944834e-01 5.20247519e-01 5.10183513e-01 5.06183684e-01
    5.04362345e-01 4.95259583e-01 4.94467646e-01 4.88346934e-01
    4.85082626e-01 4.81186688e-01 4.82517093e-01 4.77650374e-01
    4.78448063e-01 4.79204655e-01 4.82335418e-01 4.73371178e-01
    4.68841463e-01 4.81202066e-01 4.79834408e-01 4.85850453e-01
    4.86441851e-01 4.88185465e-01 4.97660071e-01 4.96273130e-01
    5.02532899e-01 5.07188737e-01 5.06612122e-01 5.09102404e-01
    5.10228395e-01 5.13375521e-01 5.13886631e-01 5.13280451e-01
    5.13087273e-01 5.16156554e-01 4.99620348e-01 4.94346499e-01
    4.89618003e-01 4.83765900e-01 4.81980085e-01 4.87859756e-01
    4.95568275e-01 4.87868369e-01 4.92462665e-01 4.95948106e-01
    4.88329947e-01 4.89272535e-01 4.89066482e-01 4.86460894e-01
    4.94899452e-01 4.96172309e-01 4.81321961e-01 4.85346794e-01
    4.91935462e-01 4.88713175e-01 4.94467586e-01 4.97646004e-01
    4.88046974e-01 4.85158265e-01 4.80462313e-01 4.80143040e-01
    4.77606058e-01 4.84255493e-01 4.85395998e-01 4.80475545e-01
    4.81343865e-01 4.69550103e-01 4.71174240e-01 4.87087190e-01
    4.90765274e-01 4.96020198e-01 5.06449878e-01 5.06204307e-01
    5.02587616e-01 5.10462999e-01 5.03778696e-01 5.14363229e-01
    5.21380544e-01 5.25171399e-01 5.19514799e-01 5.26090980e-01
    5.20878375e-01 5.23054600e-01 5.30955553e-01 5.24479806e-01
    5.18097043e-01 5.11288345e-01 5.01997530e-01 5.00946879e-01
    4.96883512e-01 5.02552748e-01 4.96370167e-01 5.03535330e-01
    5.02793491e-01 4.90844071e-01 4.89498973e-01 4.95380998e-01
    4.89122748e-01 4.92631614e-01 4.96276349e-01 4.87672478e-01
    4.91674811e-01 4.94648933e-01 5.00744164e-01 5.03357112e-01
    5.01361728e-01 5.09526432e-01 5.13526440e-01 5.14616907e-01
    5.08315623e-01 5.11053026e-01 5.14123440e-01 5.10657668e-01
    5.12345672e-01 5.09962857e-01 5.13249993e-01 5.06514847e-01
    5.11905134e-01 5.18917501e-01 5.14509380e-01 5.08863688e-01
    5.10836482e-01 5.02591848e-01 4.95868921e-01 4.91893589e-01
    4.95762557e-01 5.03702343e-01 4.98647958e-01 4.91230905e-01
    4.86456513e-01 4.82546747e-01 4.78324354e-01 4.73108768e-01
    4.80120659e-01 4.78717744e-01 4.72064108e-01 4.70490664e-01
    4.76047575e-01 4.72299308e-01 4.80562389e-01 4.79071051e-01
    4.74015653e-01 4.76523548e-01 4.78910059e-01 4.76805359e-01
    4.87616658e-01 4.88024682e-01 4.86854523e-01 4.94055390e-01
    4.98052210e-01 4.90239710e-01 4.92889941e-01 4.94742095e-01
    4.98585463e-01 4.96766090e-01 4.99216229e-01 4.95295346e-01
    4.93477285e-01 4.87269700e-01 4.87537771e-01 4.80274767e-01
    4.89100754e-01 4.77535456e-01 4.79295105e-01 4.81316954e-01
    4.84924823e-01 4.84734982e-01 4.80458677e-01 4.84521478e-01
    4.90857571e-01 4.87557948e-01 4.79386747e-01 4.86525118e-01
    4.87120956e-01 4.92659599e-01 5.01728415e-01 4.95616585e-01
    5.00230372e-01 4.91177440e-01 4.87991333e-01 4.92881328e-01
    4.95214134e-01 4.90850985e-01 4.86804336e-01 4.95522916e-01
    4.89251703e-01 4.83395964e-01 4.84818071e-01 4.98007059e-01
    4.96961415e-01 4.96287078e-01 4.99351442e-01 4.96719778e-01
    4.97198820e-01 4.90726680e-01 4.95947480e-01 5.00424385e-01
    5.03714740e-01 5.03942132e-01 5.04420280e-01 5.02550781e-01
    5.03919005e-01 5.06442130e-01 5.01936853e-01 4.99560118e-01
    4.86358792e-01 4.80825543e-01 4.76435095e-01 4.68702376e-01
    4.61684823e-01 4.65013832e-01 4.72614229e-01 4.67860818e-01
    4.71793264e-01 4.64279354e-01 4.59989965e-01 4.59860146e-01
    4.65344906e-01 4.67133790e-01 4.65833426e-01 4.73633021e-01
    4.78839397e-01 4.91019785e-01 4.89895552e-01 4.96939510e-01
    5.00162780e-01 5.07890463e-01 5.03763497e-01 4.99912888e-01
    4.98918176e-01 4.99240398e-01 4.95349795e-01 4.83816803e-01
    4.70261574e-01 4.64181632e-01 4.57823455e-01 4.57365334e-01
    4.58534181e-01 4.60105777e-01 4.50652599e-01 4.53327239e-01
    4.53757226e-01 4.60693479e-01 4.65120792e-01 4.66063648e-01
    4.65295762e-01 4.68172908e-01 4.73373622e-01 4.76775497e-01
    4.95774329e-01 5.08794427e-01 5.14487863e-01 5.16756952e-01
    5.15814066e-01 5.07938325e-01 5.09428144e-01 5.20830631e-01
    5.17428875e-01 5.17178118e-01 5.07972896e-01 5.04256248e-01
    5.04533052e-01 4.98222560e-01 4.99455988e-01 4.95237976e-01
    4.92766172e-01 4.87244368e-01 4.90972370e-01 4.86808926e-01
    4.87711906e-01 4.88450468e-01 4.92020845e-01 4.83048588e-01
    4.77912128e-01 4.90091562e-01 4.87874806e-01 4.91608471e-01
    4.90632534e-01 4.92251605e-01 5.02570689e-01 4.96501684e-01
    4.99671608e-01 5.00670135e-01 5.03082931e-01 5.05166352e-01
    5.03947675e-01 5.07145584e-01 5.07214725e-01 5.05332947e-01
    5.04549325e-01 5.08877933e-01 4.91478980e-01 4.87312376e-01
    4.84923780e-01 4.79848444e-01 4.78490859e-01 4.79561120e-01
    4.90647495e-01 4.85299051e-01 4.89507943e-01 4.89035577e-01
    4.80517447e-01 4.83004302e-01 4.82052416e-01 4.80538458e-01
    4.90443587e-01 4.91708100e-01 4.76686746e-01 4.81156826e-01
    4.87476230e-01 4.85106468e-01 4.92125124e-01 4.94127333e-01
    4.85902727e-01 4.80802059e-01 4.75541711e-01 4.77648139e-01
    4.78867799e-01 4.86046940e-01 4.85677600e-01 4.81876016e-01
    4.80354309e-01 4.69642341e-01 4.72833753e-01 4.86766666e-01
    4.90141600e-01 4.95750278e-01 5.03243864e-01 5.04355490e-01
    5.02152801e-01 5.10847270e-01 5.06681085e-01 5.16493678e-01
    5.24467349e-01 5.26968122e-01 5.21539330e-01 5.29417157e-01
    5.26373625e-01 5.30794203e-01 5.38641989e-01 5.31240523e-01
    5.24909914e-01 5.17066956e-01 5.08237898e-01 5.08516908e-01
    5.04108369e-01 5.09081423e-01 5.04964530e-01 5.09805918e-01
    5.06917536e-01 4.95785862e-01 4.96003687e-01 5.00304282e-01
    4.90931779e-01 4.91709024e-01 4.93315160e-01 4.85023260e-01
    4.86750096e-01 4.90918905e-01 4.98375058e-01 4.99240637e-01
    4.95621145e-01 5.02480388e-01 5.05979955e-01 5.04564822e-01
    4.98856425e-01 5.06397307e-01 5.10278702e-01 5.07783830e-01
    5.11025488e-01 5.13215601e-01 5.15371025e-01 5.10208189e-01
    5.17066002e-01 5.25146306e-01 5.19201756e-01 5.13178766e-01
    5.15264988e-01 5.09387732e-01 5.03298938e-01 5.02416670e-01
    5.06349504e-01 5.14989734e-01 5.05185425e-01 4.95062858e-01
    4.90280062e-01 4.84992743e-01 4.80657339e-01 4.77859080e-01
    4.83770281e-01 4.80631113e-01 4.74776328e-01 4.74350870e-01
    4.80587959e-01 4.75069433e-01 4.83222008e-01 4.82355803e-01
    4.72868264e-01 4.75786209e-01 4.77932572e-01 4.77856576e-01
    4.89833087e-01 4.89586622e-01 4.90130603e-01 4.94876057e-01
    4.97875243e-01 4.90654707e-01 4.94627804e-01 4.96980339e-01
    4.99058604e-01 4.95847076e-01 5.01088977e-01 4.95576799e-01
    4.94379818e-01 4.89644080e-01 4.88632292e-01 4.81051713e-01
    4.89327163e-01 4.74495888e-01 4.74815875e-01 4.76006389e-01
    4.80633765e-01 4.80288208e-01 4.77796674e-01 4.80335742e-01
    4.84588474e-01 4.82520193e-01 4.73448724e-01 4.80589718e-01
    4.82700020e-01 4.86299366e-01 4.93494898e-01 4.89912271e-01
    4.97378379e-01 4.88924801e-01 4.89708483e-01 4.94424909e-01
    4.95271474e-01 4.89578605e-01 4.82956767e-01 4.92669225e-01
    4.87479776e-01 4.85462070e-01 4.87804651e-01 5.00868082e-01
    4.97732848e-01 4.94798630e-01 4.96579856e-01 4.96035874e-01
    4.94364738e-01 4.82967645e-01 4.90522116e-01 4.91884083e-01
    4.95861769e-01 4.96650755e-01 4.96632189e-01 4.98595148e-01
    4.95769829e-01 4.95863825e-01 4.91122246e-01 4.89622802e-01
    4.77639556e-01 4.72211003e-01 4.68560100e-01 4.64843720e-01
    4.60529953e-01 4.66827512e-01 4.78047371e-01 4.70805854e-01
    4.76390928e-01 4.66060787e-01 4.63925868e-01 4.64486718e-01
    4.68608171e-01 4.71646845e-01 4.71390724e-01 4.74386990e-01
    4.78621364e-01 4.91490752e-01 4.90800202e-01 4.99743611e-01
    4.99246448e-01 5.03135443e-01 4.98122871e-01 4.94761378e-01
    4.93890852e-01 4.94832754e-01 4.91255611e-01 4.78599131e-01
    4.64241654e-01 4.60721970e-01 4.56511378e-01 4.56085563e-01
    4.59069729e-01 4.61436033e-01 4.52581942e-01 4.58858669e-01
    4.57433194e-01 4.66425985e-01 4.71467167e-01 4.69681025e-01
    4.66012776e-01 4.68986571e-01 4.73844945e-01 4.79390651e-01
    4.93658245e-01 5.05777836e-01 5.08360445e-01 5.11958003e-01
    5.09598494e-01 5.02524674e-01 5.02507091e-01 5.14376700e-01
    5.10896802e-01 5.10939658e-01 5.01273036e-01 5.01152754e-01
    5.03753364e-01 4.96668994e-01 5.01679599e-01 4.99934077e-01
    4.99561369e-01 4.97603238e-01 4.98328716e-01 4.98008966e-01
    4.97230768e-01 4.97602493e-01 5.01793504e-01 4.95177269e-01
    4.89588469e-01 4.98544008e-01 4.97249782e-01 5.00320911e-01
    4.97471184e-01 4.97645408e-01 5.07910967e-01 5.00866890e-01
    5.05455732e-01 5.04697561e-01 5.02899587e-01 5.06916285e-01
    5.05075812e-01 5.06897271e-01 5.07198155e-01 5.05158305e-01
    5.02727032e-01 5.04965484e-01 4.90013003e-01 4.83220726e-01
    4.80134308e-01 4.75516379e-01 4.76123273e-01 4.74574566e-01
    4.84893084e-01 4.77493644e-01 4.83793706e-01 4.84216481e-01
    4.77196097e-01 4.80808914e-01 4.81612504e-01 4.80915487e-01
    4.87975299e-01 4.90028322e-01 4.77536231e-01 4.82735842e-01
    4.87911522e-01 4.86159533e-01 4.91739005e-01 4.94041115e-01
    4.88429815e-01 4.82985198e-01 4.76832747e-01 4.77441251e-01
    4.79740798e-01 4.82647836e-01 4.81906176e-01 4.79839146e-01
    4.79487509e-01 4.71064866e-01 4.74625677e-01 4.86783624e-01
    4.88517404e-01 4.97147530e-01 5.06117284e-01 5.07240772e-01
    5.03084242e-01 5.11942446e-01 5.09002507e-01 5.16746581e-01
    5.25730312e-01 5.29524982e-01 5.27222812e-01 5.29826701e-01
    5.26835918e-01 5.29805183e-01 5.38684368e-01 5.31530440e-01
    5.26190162e-01 5.18236160e-01 5.11107266e-01 5.10720134e-01
    5.07638752e-01 5.14376938e-01 5.06921470e-01 5.11930406e-01
    5.12041688e-01 5.01268983e-01 4.98670340e-01 5.02467692e-01
    4.94910479e-01 4.95805204e-01 4.97245699e-01 4.88472164e-01
    4.90022629e-01 4.94727015e-01 5.03391147e-01 5.05100906e-01
    5.01778185e-01 5.07966340e-01 5.10780632e-01 5.10590971e-01
    5.01373589e-01 5.09062111e-01 5.10473430e-01 5.11318266e-01
    5.13292313e-01 5.16843319e-01 5.20759881e-01 5.17309725e-01
    5.25575638e-01 5.31697154e-01 5.26975870e-01 5.20401478e-01
    5.19974530e-01 5.13840020e-01 5.08131146e-01 5.07079422e-01
    5.10810554e-01 5.21909535e-01 5.12388587e-01 5.01734853e-01
    4.94949460e-01 4.91386831e-01 4.88733888e-01 4.83192086e-01
    4.88513589e-01 4.84701812e-01 4.79808062e-01 4.75420982e-01
    4.83283192e-01 4.78931785e-01 4.87396866e-01 4.85064685e-01
    4.72328812e-01 4.75393593e-01 4.77080792e-01 4.76903290e-01
    4.89922464e-01 4.92130756e-01 4.91746992e-01 4.95911956e-01
    4.99025017e-01 4.91877317e-01 4.97965038e-01 4.98533458e-01
    5.01308143e-01 4.97762620e-01 5.02323270e-01 4.95824039e-01
    4.93715227e-01 4.94299740e-01 4.92763966e-01 4.87239063e-01
    4.93799806e-01 4.80848223e-01 4.80058968e-01 4.79396194e-01
    4.83502924e-01 4.84451234e-01 4.81100976e-01 4.79542583e-01
    4.84340400e-01 4.82116520e-01 4.73507226e-01 4.78425205e-01
    4.81963098e-01 4.85445261e-01 4.87778276e-01 4.84437048e-01
    4.89231616e-01 4.81767982e-01 4.78818834e-01 4.80864733e-01
    4.83909935e-01 4.77018416e-01 4.68941182e-01 4.78081435e-01
    4.75491375e-01 4.76352841e-01 4.82911050e-01 4.92461592e-01
    4.90950555e-01 4.86983061e-01 4.92501944e-01 4.94344354e-01
    4.91286725e-01 4.82231617e-01 4.89584118e-01 4.92807567e-01
    4.96146411e-01 5.00191092e-01 4.98148650e-01 5.01717150e-01
    4.99781013e-01 5.00349641e-01 4.95468080e-01 4.92654979e-01
    4.85119641e-01 4.78713185e-01 4.77347791e-01 4.70495284e-01
    4.64833766e-01 4.73187268e-01 4.83724236e-01 4.75952595e-01
    4.83745307e-01 4.77032483e-01 4.72588122e-01 4.75646615e-01
    4.77818459e-01 4.80223864e-01 4.78281111e-01 4.80818391e-01
    4.83968228e-01 4.93200034e-01 4.93106335e-01 4.99899000e-01
    5.00906110e-01 5.07548630e-01 5.02017975e-01 4.99440700e-01
    4.98170078e-01 4.95152712e-01 4.91111875e-01 4.78243560e-01
    4.65689898e-01 4.64390278e-01 4.58686560e-01 4.59981650e-01
    4.60680813e-01 4.62911516e-01 4.55638528e-01 4.63246465e-01
    4.61593777e-01 4.70965326e-01 4.73080009e-01 4.70660567e-01
    4.68059301e-01 4.70307887e-01 4.75776106e-01 4.78902370e-01
    4.83779758e-01 4.95889604e-01 4.98130620e-01 4.99984354e-01
    4.98473406e-01 4.93379533e-01 4.92323637e-01 5.04005075e-01
    4.99798179e-01 4.97418940e-01 4.87917572e-01 4.90247130e-01
    4.97343153e-01 4.93175477e-01 4.94869053e-01 4.94242638e-01
    4.94521707e-01 4.93989289e-01 4.97519165e-01 4.99142945e-01
    4.97771233e-01 5.00854611e-01 5.03103256e-01 4.97418731e-01
    4.90814954e-01 4.99117672e-01 5.01021504e-01 5.02032280e-01
    4.97186154e-01 4.96864021e-01 5.04894614e-01 4.98888910e-01
    5.01602650e-01 4.98815000e-01 4.95077014e-01 4.96195376e-01
    4.92948323e-01 4.93168920e-01 4.92369384e-01 4.90333587e-01
    4.91714090e-01 4.93293375e-01 4.80966687e-01 4.72671807e-01
    4.72457141e-01 4.69856769e-01 4.67033714e-01 4.69385386e-01
    4.78535503e-01 4.74233538e-01 4.81008977e-01 4.84333038e-01
    4.79802281e-01 4.88178432e-01 4.91756558e-01 4.93126601e-01
    4.98505116e-01 4.98619735e-01 4.90249693e-01 4.92717028e-01
    5.00660539e-01 5.00782371e-01 5.06035089e-01 5.06685197e-01
    4.96288240e-01 4.92555618e-01 4.84703809e-01 4.87364411e-01
    4.87671882e-01 4.90389317e-01 4.87449646e-01 4.86633122e-01
    4.82881397e-01 4.75912541e-01 4.77942944e-01 4.87012535e-01
    4.88050044e-01 4.95713383e-01 5.01074791e-01 5.03799796e-01
    5.00633597e-01 5.09273469e-01 5.06124437e-01 5.13757467e-01
    5.22735596e-01 5.24905920e-01 5.24033308e-01 5.25609374e-01
    5.24151027e-01 5.29159307e-01 5.37989497e-01 5.32143891e-01
    5.25424182e-01 5.21390676e-01 5.10821462e-01 5.10049999e-01
    5.07869184e-01 5.16090393e-01 5.13303280e-01 5.18797934e-01
    5.16382515e-01 5.06059825e-01 5.07611573e-01 5.11019886e-01
    5.05855799e-01 5.05679548e-01 5.09178996e-01 5.00440359e-01
    5.00594020e-01 5.08221388e-01 5.16301572e-01 5.19931138e-01
    5.15745044e-01 5.21866381e-01 5.23858249e-01 5.21982253e-01
    5.14903724e-01 5.23608267e-01 5.23744047e-01 5.24282813e-01
    5.25129080e-01 5.27771950e-01 5.32570899e-01 5.27425766e-01
    5.35382271e-01 5.40458202e-01 5.33537865e-01 5.24076164e-01
    5.24037182e-01 5.19030452e-01 5.12270689e-01 5.09700358e-01
    5.12402773e-01 5.21170020e-01 5.12624800e-01 5.03772020e-01
    4.94664729e-01 4.90876257e-01 4.87536669e-01 4.78481680e-01
    4.83303607e-01 4.80950832e-01 4.79214936e-01 4.76963043e-01
    4.89821404e-01 4.85659838e-01 4.93030071e-01 4.90355968e-01
    4.78390038e-01 4.81481165e-01 4.81169879e-01 4.79743630e-01
    4.91794050e-01 4.94389594e-01 4.94952202e-01 4.99231070e-01
    5.02824247e-01 4.95804399e-01 4.99328524e-01 5.00178218e-01
    5.04170120e-01 5.00088453e-01 5.05731285e-01 4.99899745e-01
    4.99224842e-01 5.00356734e-01 4.98665631e-01 4.94657964e-01
    5.02035081e-01 4.87871259e-01 4.87746894e-01 4.86914575e-01
    4.89107460e-01 4.90726501e-01 4.86178309e-01 4.88064229e-01
    4.88833934e-01 4.83944088e-01 4.70453292e-01 4.72206891e-01
    4.74721283e-01 4.77504581e-01 4.82954890e-01 4.77804750e-01
    4.83195871e-01 4.77554709e-01 4.75523323e-01 4.74829257e-01
    4.78532672e-01 4.71761584e-01 4.63493913e-01 4.72078383e-01
    4.66652334e-01 4.66658682e-01 4.75394487e-01 4.88245070e-01
    4.88088161e-01 4.88093138e-01 4.93239462e-01 4.94042546e-01
    4.92339611e-01 4.83238399e-01 4.91034806e-01 4.96314079e-01
    5.01513362e-01 5.06309509e-01 5.03597617e-01 5.09063661e-01
    5.07701814e-01 5.11473656e-01 5.09434283e-01 5.05050719e-01
    4.97678369e-01 4.91931945e-01 4.91523296e-01 4.84262019e-01
    4.77991611e-01 4.86968994e-01 4.97669935e-01 4.87987906e-01
    4.90889698e-01 4.85309154e-01 4.78174895e-01 4.83725518e-01
    4.82478648e-01 4.83096719e-01 4.80018944e-01 4.82196808e-01
    4.84658688e-01 4.91358042e-01 4.90005791e-01 4.96537298e-01
    4.99108672e-01 5.07795155e-01 5.00701964e-01 4.97293532e-01
    4.95452464e-01 4.95803326e-01 4.87211049e-01 4.77467835e-01
    4.62048650e-01 4.60499167e-01 4.57934201e-01 4.55407172e-01
    4.57207501e-01 4.59644914e-01 4.53525811e-01 4.61576313e-01
    4.58066285e-01 4.66296017e-01 4.62651610e-01 4.60349083e-01
    4.57013339e-01 4.60991144e-01 4.65909928e-01 4.71539140e-01
    4.93155986e-01 5.04813790e-01 5.05179286e-01 5.03876686e-01
    5.02652049e-01 4.97718692e-01 4.96351540e-01 5.08737385e-01
    5.05467892e-01 5.02044022e-01 4.92019176e-01 4.91907179e-01
    4.98312205e-01 4.94812995e-01 4.95086342e-01 4.93952096e-01
    4.91658926e-01 4.91051942e-01 4.96821970e-01 5.03285944e-01
    5.03397882e-01 5.04698753e-01 5.05126178e-01 4.96810317e-01
    4.90832865e-01 4.98644292e-01 5.04354358e-01 5.03965557e-01
    4.97128546e-01 4.99548286e-01 5.04307210e-01 4.95822579e-01
    4.98774409e-01 4.98426497e-01 4.92063969e-01 4.91297424e-01
    4.84815508e-01 4.84031230e-01 4.83154684e-01 4.84142065e-01
    4.85664040e-01 4.87649262e-01 4.75791752e-01 4.62817967e-01
    4.63210881e-01 4.64702934e-01 4.57144707e-01 4.63129461e-01
    4.74980593e-01 4.69821900e-01 4.76605505e-01 4.82660204e-01
    4.77684766e-01 4.84993041e-01 4.88525152e-01 4.89422143e-01
    4.96110350e-01 5.00341952e-01 4.90300804e-01 4.89199460e-01
    4.98623729e-01 4.97671783e-01 5.02966702e-01 5.05786419e-01
    4.98102099e-01 4.94325191e-01 4.86367613e-01 4.86279547e-01
    4.88826483e-01 4.90725040e-01 4.91040349e-01 4.90681350e-01
    4.86429393e-01 4.76731658e-01 4.75922346e-01 4.83621925e-01
    4.90472317e-01 4.99065995e-01 5.03597319e-01 5.04806817e-01
    5.00106752e-01 5.04479408e-01 5.01688719e-01 5.10180891e-01
    5.23023427e-01 5.21907330e-01 5.22022188e-01 5.20013869e-01
    5.16074240e-01 5.24298906e-01 5.35253286e-01 5.32647014e-01
    5.28818667e-01 5.22240162e-01 5.11193097e-01 5.10807097e-01
    5.08050144e-01 5.18401146e-01 5.15564919e-01 5.20949721e-01
    5.18718421e-01 5.08114398e-01 5.11186838e-01 5.13046384e-01
    5.09824753e-01 5.10867059e-01 5.14276445e-01 5.06157160e-01
    5.04416585e-01 5.12765884e-01 5.22633910e-01 5.25831282e-01
    5.22413850e-01 5.31211257e-01 5.33716798e-01 5.33301711e-01
    5.26324928e-01 5.34892738e-01 5.32298982e-01 5.32002807e-01
    5.33559263e-01 5.38726151e-01 5.45547068e-01 5.37470996e-01
    5.43171287e-01 5.47665000e-01 5.38578987e-01 5.28162181e-01
    5.29365778e-01 5.25843143e-01 5.14931023e-01 5.09475470e-01
    5.13660491e-01 5.20071447e-01 5.08124948e-01 5.01322031e-01
    4.92716163e-01 4.89953995e-01 4.84537274e-01 4.75571126e-01
    4.78868932e-01 4.74616498e-01 4.71067011e-01 4.71189320e-01
    4.82640862e-01 4.77036238e-01 4.84752834e-01 4.82945293e-01
    4.71375436e-01 4.69929010e-01 4.69723254e-01 4.73936647e-01
    4.85988021e-01 4.88553911e-01 4.88491327e-01 4.93341029e-01
    4.98942941e-01 4.94233370e-01 4.99959439e-01 5.04300058e-01
    5.07733285e-01 5.03301680e-01 5.11592090e-01 5.04687071e-01
    5.05596995e-01 5.10515571e-01 5.11273026e-01 5.08358061e-01
    5.12281179e-01 4.97978419e-01 4.99693692e-01 4.98860836e-01
    4.98692840e-01 4.96174455e-01 4.94145036e-01 4.92484778e-01
    4.91189301e-01 4.88844484e-01 4.77948457e-01 4.76093590e-01
    4.75671321e-01 4.80327547e-01 4.81285393e-01 4.79549259e-01
    4.85391736e-01 4.79699224e-01 4.78671700e-01 4.75635201e-01
    4.79081273e-01 4.72643971e-01 4.65402573e-01 4.74442244e-01
    4.71596777e-01 4.69413251e-01 4.74265546e-01 4.84885305e-01
    4.85740960e-01 4.88515645e-01 4.92009342e-01 4.94183123e-01
    4.91808414e-01 4.83368248e-01 4.93782967e-01 4.97368664e-01
    5.01453638e-01 5.06712735e-01 5.05921543e-01 5.11879742e-01
    5.06810606e-01 5.10479748e-01 5.12678564e-01 5.07568538e-01
    5.03022790e-01 4.95774180e-01 4.95829135e-01 4.87817705e-01
    4.82619464e-01 4.87938523e-01 4.97938097e-01 4.84064817e-01
    4.85555112e-01 4.82908219e-01 4.75351483e-01 4.80343819e-01
    4.76394892e-01 4.80009526e-01 4.79535818e-01 4.80222702e-01
    4.85967308e-01 4.90886003e-01 4.92762297e-01 4.97570485e-01
    4.97867584e-01 5.05728126e-01 5.00381112e-01 4.96071637e-01
    4.97153252e-01 5.01398265e-01 4.92228210e-01 4.83766317e-01
    4.68358815e-01 4.68666375e-01 4.66805995e-01 4.63024735e-01
    4.64917749e-01 4.66337115e-01 4.57862049e-01 4.64043230e-01
    4.62090224e-01 4.73852128e-01 4.72784400e-01 4.70574051e-01
    4.68439341e-01 4.72614348e-01 4.75956380e-01 4.81823087e-01
    4.95915025e-01 5.05864620e-01 5.03772140e-01 5.02416909e-01
    4.97985542e-01 4.92277056e-01 4.89623010e-01 4.99435425e-01
    4.95927513e-01 4.92305040e-01 4.84421283e-01 4.83766615e-01
    4.89242464e-01 4.86634403e-01 4.87443447e-01 4.85974461e-01
    4.81438279e-01 4.83112842e-01 4.90672916e-01 4.98173982e-01
    4.98791486e-01 4.97434467e-01 4.94924456e-01 4.87924576e-01
    4.85510707e-01 4.93032545e-01 5.03316820e-01 5.03646910e-01
    4.95337725e-01 4.95045215e-01 4.95407552e-01 4.89643723e-01
    4.90809381e-01 4.94720370e-01 4.86031383e-01 4.86683100e-01
    4.81560290e-01 4.80095267e-01 4.81271684e-01 4.84719932e-01
    4.83230352e-01 4.84525800e-01 4.72946703e-01 4.59076107e-01
    4.59331602e-01 4.61468577e-01 4.55146730e-01 4.64343697e-01
    4.74067867e-01 4.73052830e-01 4.76427644e-01 4.80899692e-01
    4.76448894e-01 4.80723709e-01 4.85785931e-01 4.86829668e-01
    4.90742415e-01 4.98626560e-01 4.88762349e-01 4.86301810e-01
    4.96263444e-01 4.95756507e-01 5.01838326e-01 5.05305529e-01
    4.97709930e-01 4.95684475e-01 4.86713499e-01 4.86950576e-01
    4.91235107e-01 4.92785484e-01 4.97631997e-01 4.95925367e-01
    4.91187811e-01 4.83729810e-01 4.83250469e-01 4.90941882e-01
    5.02608418e-01 5.09063661e-01 5.14701545e-01 5.16935229e-01
    5.14472842e-01 5.17259419e-01 5.15806019e-01 5.25901020e-01
    5.38635671e-01 5.35765052e-01 5.37681222e-01 5.35031617e-01
    5.32779753e-01 5.40448487e-01 5.49609125e-01 5.46661317e-01
    5.39175868e-01 5.30215442e-01 5.18714905e-01 5.13481140e-01
    5.05762875e-01 5.10952294e-01 5.08156002e-01 5.09879768e-01
    5.04564285e-01 4.92562711e-01 4.96858537e-01 4.94882911e-01
    4.91804272e-01 4.92941707e-01 4.95333552e-01 4.89399046e-01
    4.86854732e-01 4.97000545e-01 5.06319284e-01 5.09462357e-01
    5.07736742e-01 5.18071532e-01 5.20722568e-01 5.19274175e-01
    5.11798501e-01 5.22184193e-01 5.22185743e-01 5.22928298e-01
    5.28099477e-01 5.30843735e-01 5.37405491e-01 5.32000124e-01
    5.38210571e-01 5.41475117e-01 5.30046403e-01 5.17941356e-01
    5.18960416e-01 5.15538156e-01 5.05114496e-01 5.02059400e-01
    5.10105550e-01 5.18186212e-01 5.06499827e-01 4.97471601e-01
    4.90936369e-01 4.85165358e-01 4.81633633e-01 4.72670257e-01
    4.74994749e-01 4.69812214e-01 4.67125148e-01 4.72042173e-01
    4.84002829e-01 4.80125189e-01 4.86571193e-01 4.86703306e-01
    4.76083070e-01 4.72596526e-01 4.73999292e-01 4.75495368e-01
    4.87412006e-01 4.88517135e-01 4.87926781e-01 4.93440270e-01
    5.00055373e-01 4.95822966e-01 4.99800205e-01 5.03428996e-01
    5.04453003e-01 5.01106322e-01 5.10090947e-01 5.07490516e-01
    5.08721650e-01 5.14393926e-01 5.14742732e-01 5.10307491e-01
    5.14557004e-01 5.04651666e-01 5.05899549e-01 5.06844699e-01
    5.04739165e-01 5.02377927e-01 5.01843333e-01 5.02247036e-01
    5.00079513e-01 4.97971445e-01 4.90134239e-01 4.85331953e-01
    4.82211262e-01 4.87790346e-01 4.89282906e-01 4.90296185e-01
    4.93886530e-01 4.89415795e-01 4.85889256e-01 4.82848018e-01
    4.87627804e-01 4.81542498e-01 4.74300563e-01 4.81671035e-01
    4.79220331e-01 4.79120255e-01 4.83593166e-01 4.90943342e-01
    4.93412226e-01 4.96986926e-01 4.95621651e-01 4.96833026e-01
    4.91765708e-01 4.85255748e-01 4.98941272e-01 5.01174271e-01
    5.02390504e-01 5.06157100e-01 5.07357955e-01 5.08615911e-01
    5.06188273e-01 5.10058582e-01 5.11939406e-01 5.06018937e-01
    5.02620220e-01 4.94718254e-01 4.96129930e-01 4.92797881e-01
    4.87570077e-01 4.92083341e-01 5.00876725e-01 4.83663559e-01
    4.85475332e-01 4.85105813e-01 4.78105456e-01 4.82107908e-01
    4.82311189e-01 4.84348327e-01 4.82659996e-01 4.82036591e-01
    4.88556862e-01 4.94180381e-01 4.95455146e-01 4.98343349e-01
    4.97574449e-01 5.06684303e-01 5.00552475e-01 4.97017562e-01
    4.98826474e-01 5.04428625e-01 4.96600181e-01 4.87450361e-01
    4.70362186e-01 4.70030844e-01 4.66289788e-01 4.66373742e-01
    4.71121132e-01 4.72954929e-01 4.64169741e-01 4.71899062e-01
    4.67577517e-01 4.76286739e-01 4.75052685e-01 4.76090938e-01
    4.74928051e-01 4.77444053e-01 4.79420483e-01 4.84926134e-01
    5.02529263e-01 5.11620879e-01 5.09392321e-01 5.11030912e-01
    5.07321894e-01 5.03751934e-01 5.00797510e-01 5.08315206e-01
    5.01617432e-01 4.98715281e-01 4.92287368e-01 4.90405142e-01
    4.93692726e-01 4.92872506e-01 4.93273526e-01 4.92615402e-01
    4.88639712e-01 4.91995931e-01 4.97722894e-01 5.06208122e-01
    5.06589830e-01 5.01970887e-01 4.97371852e-01 4.89359409e-01
    4.88084167e-01 4.94243592e-01 5.04242063e-01 5.07861853e-01
    4.97763664e-01 4.97810304e-01 4.97393131e-01 4.90296483e-01
    4.88580227e-01 4.90344137e-01 4.81766582e-01 4.82177496e-01
    4.76425439e-01 4.74262297e-01 4.79669034e-01 4.85861272e-01
    4.84891474e-01 4.85722005e-01 4.77250963e-01 4.63231325e-01
    4.64272469e-01 4.66019362e-01 4.61561173e-01 4.70141292e-01
    4.76931840e-01 4.77659464e-01 4.80785847e-01 4.86255527e-01
    4.82440472e-01 4.88499999e-01 4.90617186e-01 4.90185529e-01
    4.89704102e-01 4.97998983e-01 4.92750704e-01 4.90590960e-01
    5.00799179e-01 4.98221189e-01 5.05850434e-01 5.09700656e-01
    5.02998829e-01 5.02178490e-01 4.96197760e-01 4.97832894e-01
    5.01876533e-01 5.05306661e-01 5.09223223e-01 5.09677291e-01
    5.04636884e-01 4.99694079e-01 4.99863297e-01 5.05962253e-01
    5.14489472e-01 5.19873261e-01 5.23977399e-01 5.23365140e-01
    5.19129753e-01 5.19966304e-01 5.19573271e-01 5.27582169e-01
    5.37744761e-01 5.36060512e-01 5.35187662e-01 5.31584084e-01
    5.27924120e-01 5.36251128e-01 5.45421958e-01 5.41725814e-01
    5.32720327e-01 5.25598466e-01 5.15551329e-01 5.11328757e-01
    5.06507337e-01 5.12547076e-01 5.12902200e-01 5.17165899e-01
    5.08207381e-01 4.96753603e-01 4.99466479e-01 4.98638570e-01
    4.96899277e-01 4.95928228e-01 4.97781575e-01 4.89769936e-01
    4.87266392e-01 4.97717619e-01 5.09063601e-01 5.12694716e-01
    5.11195064e-01 5.19581735e-01 5.19938231e-01 5.14403701e-01
    5.02801061e-01 5.16141295e-01 5.16818166e-01 5.17939746e-01
    5.22099912e-01 5.21790147e-01 5.30745089e-01 5.26285887e-01
    5.33606708e-01 5.38275898e-01 5.28934658e-01 5.16370654e-01
    5.16270638e-01 5.10021389e-01 5.02079070e-01 5.00121355e-01
    5.11205256e-01 5.19848883e-01 5.08648276e-01 5.00745475e-01
    4.93176639e-01 4.88553822e-01 4.89745915e-01 4.79761153e-01
    4.80061799e-01 4.75787014e-01 4.73190725e-01 4.76969659e-01
    4.85169590e-01 4.84633505e-01 4.93378162e-01 4.91794109e-01
    4.82748389e-01 4.78134930e-01 4.79982913e-01 4.83970016e-01
    4.94829804e-01 4.98144388e-01 4.98390704e-01 5.01873136e-01
    5.07555008e-01 5.04663110e-01 5.08181274e-01 5.10407388e-01
    5.10905564e-01 5.10970473e-01 5.18364131e-01 5.18171251e-01
    5.21491170e-01 5.26249051e-01 5.29602051e-01 5.24970949e-01
    5.27196169e-01 5.16693652e-01 5.16632199e-01 5.15810370e-01
    5.16196251e-01 5.18268168e-01 5.17548263e-01 5.16029119e-01
    5.13414860e-01 5.09272158e-01 5.01877069e-01 4.97461349e-01
    4.94870365e-01 5.02065480e-01 5.04403591e-01 5.00472665e-01
    5.05026877e-01 4.96967673e-01 4.94758010e-01 4.92030978e-01
    4.97324854e-01 4.87838775e-01 4.78118777e-01 4.83807206e-01
    4.82467085e-01 4.80651796e-01 4.87505108e-01 4.92335647e-01
    4.92255181e-01 4.93419707e-01 4.88213062e-01 4.89414454e-01
    4.85065103e-01 4.79415625e-01 4.94540006e-01 4.96130645e-01
    4.95973676e-01 4.98100489e-01 5.00173867e-01 5.04620731e-01
    5.05840123e-01 5.11525750e-01 5.14734507e-01 5.08022010e-01
    5.06546795e-01 5.01818776e-01 5.03488481e-01 4.99410748e-01
    4.91467148e-01 4.95919824e-01 5.01079977e-01 4.82908845e-01
    4.82180357e-01 4.82926995e-01 4.76462156e-01 4.82355684e-01
    4.79649037e-01 4.78577644e-01 4.77232993e-01 4.75807130e-01
    4.81318831e-01 4.87841010e-01 4.86351460e-01 4.87055123e-01
    4.85803038e-01 4.95229602e-01 4.91110384e-01 4.87545550e-01
    4.90477562e-01 5.00066340e-01 4.93267953e-01 4.83303219e-01
    4.67535317e-01 4.65896964e-01 4.62383598e-01 4.61568713e-01
    4.66766149e-01 4.70691681e-01 4.59495932e-01 4.70723271e-01
    4.66684610e-01 4.74788904e-01 4.77093369e-01 4.78887856e-01
    4.79571879e-01 4.85763997e-01 4.86024886e-01 4.92742598e-01
    5.05044222e-01 5.11482298e-01 5.13794899e-01 5.10471582e-01
    5.05746245e-01 5.03758430e-01 5.00493407e-01 5.08499026e-01
    5.00358462e-01 4.97327924e-01 4.92870182e-01 4.92737234e-01
    4.97309953e-01 4.98122424e-01 4.98861909e-01 4.96470958e-01
    4.92801100e-01 4.93486732e-01 5.01471817e-01 5.07108212e-01
    5.10556936e-01 5.07011056e-01 5.00122249e-01 4.92170453e-01
    4.89872575e-01 4.97976393e-01 5.08387208e-01 5.11318624e-01
    5.02774715e-01 5.04184663e-01 5.01472831e-01 4.92787182e-01
    4.92482901e-01 4.94914263e-01 4.89439160e-01 4.90353674e-01
    4.83953476e-01 4.80316818e-01 4.82204914e-01 4.90786999e-01
    4.89849210e-01 4.88276064e-01 4.79930073e-01 4.63536352e-01
    4.65379477e-01 4.67130989e-01 4.58828151e-01 4.68453228e-01
    4.73563164e-01 4.75798696e-01 4.78269011e-01 4.84622598e-01
    4.77678120e-01 4.83656496e-01 4.86216038e-01 4.87234831e-01
    4.84517366e-01 4.92601335e-01 4.91055965e-01 4.89360034e-01
    5.00574172e-01 4.96056795e-01 5.02910376e-01 5.11375248e-01
    5.04318118e-01 5.03571868e-01 4.94664162e-01 4.99183565e-01
    5.03674984e-01 5.08912146e-01 5.15652120e-01 5.19615889e-01
    5.16699255e-01 5.13493538e-01 5.11839151e-01 5.16187251e-01
    5.24641931e-01 5.28763890e-01 5.34344673e-01 5.32912076e-01
    5.27731597e-01 5.30516207e-01 5.32009661e-01 5.40017426e-01
    5.48253894e-01 5.45554340e-01 5.45770884e-01 5.39421201e-01
    5.32187283e-01 5.36676168e-01 5.44581056e-01 5.41485012e-01
    5.30731857e-01 5.24461448e-01 5.16510367e-01 5.15467465e-01
    5.11311471e-01 5.16790092e-01 5.17111003e-01 5.21207213e-01
    5.15024900e-01 5.03386438e-01 5.04218996e-01 5.01103759e-01
    4.99869049e-01 4.99609679e-01 5.03521264e-01 4.94061619e-01
    4.95633394e-01 5.06833434e-01 5.18019974e-01 5.21633387e-01
    5.19788265e-01 5.24723530e-01 5.21597326e-01 5.13759017e-01
    5.05209386e-01 5.15997171e-01 5.15317738e-01 5.14765382e-01
    5.20215869e-01 5.18912494e-01 5.28513074e-01 5.24313748e-01
    5.33389032e-01 5.33313036e-01 5.23745835e-01 5.12661338e-01
    5.09713948e-01 5.04187644e-01 5.01347601e-01 5.02858698e-01
    5.13127625e-01 5.16552091e-01 5.04824102e-01 4.97596055e-01
    4.90513295e-01 4.86077070e-01 4.90391195e-01 4.82098401e-01
    4.80543941e-01 4.75113004e-01 4.76588666e-01 4.78304684e-01
    4.85224545e-01 4.87275153e-01 4.94391203e-01 4.89516228e-01
    4.76335704e-01 4.69546437e-01 4.73921210e-01 4.79289383e-01
    4.90883797e-01 4.97007012e-01 4.97113943e-01 4.97659504e-01
    5.01595914e-01 5.00131547e-01 5.01702011e-01 5.01576900e-01
    5.02872825e-01 5.02704740e-01 5.06205440e-01 5.05514562e-01
    5.08103192e-01 5.17611384e-01 5.23116946e-01 5.17014027e-01
    5.18641412e-01 5.08309305e-01 5.07817507e-01 5.07861793e-01
    5.12105584e-01 5.13737440e-01 5.11620104e-01 5.11932671e-01
    5.08463919e-01 5.04207492e-01 4.93360281e-01 4.92306173e-01
    4.89337057e-01 4.97525930e-01 4.98395115e-01 4.95845973e-01
    5.01978338e-01 4.94540662e-01 4.90247667e-01 4.87683147e-01
    4.94288594e-01 4.84505326e-01 4.76127535e-01 4.84722644e-01
    4.85245109e-01 4.84707147e-01 4.92786050e-01 5.01209557e-01
    5.01508653e-01 5.04325390e-01 4.99454618e-01 5.00767112e-01
    4.97210771e-01 4.90873367e-01 5.03421068e-01 5.07185698e-01
    5.03975511e-01 5.04276216e-01 5.03688693e-01 5.07111967e-01
    5.06953418e-01 5.08991957e-01 5.12137115e-01 5.05552530e-01
    5.03427207e-01 4.97242153e-01 4.99065340e-01 4.97666627e-01
    4.90480185e-01 4.91453379e-01 4.98570681e-01 4.84143585e-01
    4.83399332e-01 4.85081822e-01 4.77564156e-01 4.83825743e-01
    4.79078948e-01 4.76281554e-01 4.74625170e-01 4.70778048e-01
    4.78922665e-01 4.84781206e-01 4.84065384e-01 4.85209346e-01
    4.83806014e-01 4.90908653e-01 4.88352805e-01 4.82858181e-01
    4.82728273e-01 4.89794910e-01 4.83857125e-01 4.74769741e-01
    4.60248321e-01 4.57826197e-01 4.57592756e-01 4.60749507e-01
    4.68973637e-01 4.71370310e-01 4.62679863e-01 4.72843826e-01
    4.68600035e-01 4.71558601e-01 4.72779989e-01 4.74878699e-01
    4.76569951e-01 4.84925002e-01 4.87689137e-01 4.93978947e-01
    5.10485411e-01 5.15258074e-01 5.17086744e-01 5.12253404e-01
    5.07214308e-01 5.08033216e-01 5.04023075e-01 5.14507413e-01
    5.04834354e-01 4.99791682e-01 4.96235400e-01 4.93716389e-01
    4.95949864e-01 4.97621179e-01 4.97607887e-01 4.95058656e-01
    4.92631048e-01 4.93312895e-01 5.02553701e-01 5.04772305e-01
    5.03280342e-01 4.98187155e-01 4.89688069e-01 4.80168074e-01
    4.74678963e-01 4.81301129e-01 4.92573410e-01 4.94650841e-01
    4.89626557e-01 4.93168950e-01 4.86708969e-01 4.80646253e-01
    4.81240749e-01 4.82711196e-01 4.80674714e-01 4.80999291e-01
    4.76162821e-01 4.73910451e-01 4.76894766e-01 4.85064715e-01
    4.83718067e-01 4.84000117e-01 4.78058755e-01 4.62406367e-01
    4.62243199e-01 4.62960869e-01 4.54354644e-01 4.64534283e-01
    4.67509657e-01 4.71913576e-01 4.73981649e-01 4.77717608e-01
    4.72491652e-01 4.79475141e-01 4.82852668e-01 4.85043377e-01
    4.82289493e-01 4.92744595e-01 4.92619127e-01 4.89040822e-01
    5.00838339e-01 5.00526071e-01 5.07011712e-01 5.15749454e-01
    5.09631395e-01 5.11922836e-01 5.02942383e-01 5.06735504e-01
    5.10968268e-01 5.12665093e-01 5.22100091e-01 5.28684437e-01
    5.24800539e-01 5.23820400e-01 5.22148728e-01 5.24214208e-01
    5.33061981e-01 5.34709573e-01 5.36680162e-01 5.33467472e-01
    5.29075384e-01 5.32468140e-01 5.34358621e-01 5.40740371e-01
    5.48376322e-01 5.45189738e-01 5.47783315e-01 5.37602305e-01
    5.30973494e-01 5.34685969e-01 5.41106045e-01 5.37101805e-01
    5.29704452e-01 5.22911787e-01 5.14580965e-01 5.13351858e-01
    5.13001323e-01 5.17147183e-01 5.18010736e-01 5.17831087e-01
    5.12520373e-01 5.03248930e-01 5.04116714e-01 5.01967907e-01
    5.03493845e-01 5.01266599e-01 5.05939186e-01 4.97919977e-01
    5.00561535e-01 5.07444143e-01 5.21144807e-01 5.24224639e-01
    5.25974631e-01 5.27619839e-01 5.26116908e-01 5.17121851e-01
    5.11345804e-01 5.24077237e-01 5.22973657e-01 5.23605645e-01
    5.28898418e-01 5.26448190e-01 5.34405708e-01 5.30017078e-01
    5.34837723e-01 5.34738183e-01 5.27574897e-01 5.15705585e-01
    5.15911996e-01 5.09696782e-01 5.08068979e-01 5.08518994e-01
    5.17622888e-01 5.18854737e-01 5.03950775e-01 4.99342144e-01
    4.95560139e-01 4.91981775e-01 4.94881034e-01 4.90445137e-01
    4.88787740e-01 4.86448526e-01 4.86251950e-01 4.87442940e-01
    4.94001031e-01 4.95788068e-01 4.99887347e-01 4.94621605e-01
    4.83341038e-01 4.78424013e-01 4.84900087e-01 4.91154134e-01
    4.99618381e-01 5.02225757e-01 5.00281453e-01 5.04319787e-01
    5.04148841e-01 5.04623830e-01 5.04295826e-01 5.03553271e-01
    5.05028307e-01 5.03881752e-01 5.03595531e-01 5.02495885e-01
    5.05081475e-01 5.12979269e-01 5.18356144e-01 5.10943711e-01
    5.13063788e-01 5.05377173e-01 5.05631626e-01 5.04137754e-01
    5.07290721e-01 5.10644019e-01 5.08257627e-01 5.09683251e-01
    5.08278668e-01 5.04044116e-01 4.94549662e-01 4.94332373e-01
    4.91658896e-01 5.02782404e-01 5.03477752e-01 5.02440572e-01
    5.11209607e-01 5.00914156e-01 4.96893525e-01 4.92201596e-01
    4.99031007e-01 4.88856375e-01 4.80379999e-01 4.87639695e-01
    4.90847826e-01 4.89500850e-01 5.00178158e-01 5.09087622e-01
    5.09654343e-01 5.17185986e-01 5.08529842e-01 5.11377037e-01
    5.05216599e-01 4.95654851e-01 5.09672284e-01 5.08528948e-01
    5.06892383e-01 5.07656276e-01 5.04456043e-01 5.06674647e-01
    5.07857680e-01 5.07642388e-01 5.09181738e-01 4.99515057e-01
    4.97702092e-01 4.96142834e-01 4.95114177e-01 4.92915660e-01
    4.86590415e-01 4.90897089e-01 4.96998131e-01 4.80315536e-01
    4.79314983e-01 4.79281127e-01 4.71016437e-01 4.76573616e-01
    4.72094983e-01 4.68605489e-01 4.66882855e-01 4.65436697e-01
    4.73501861e-01 4.77992386e-01 4.74389553e-01 4.72378045e-01
    4.73535448e-01 4.76471812e-01 4.70865160e-01 4.67720628e-01
    4.71097261e-01 4.80704010e-01 4.77371812e-01 4.69879419e-01
    4.58228379e-01 4.58144128e-01 4.60408270e-01 4.63652253e-01
    4.70043600e-01 4.74172443e-01 4.64343309e-01 4.75898534e-01
    4.75753993e-01 4.78380740e-01 4.81776327e-01 4.84962821e-01
    4.86936957e-01 4.93349910e-01 4.95371133e-01 5.01483023e-01
    5.11996865e-01 5.15734911e-01 5.14966011e-01 5.10041654e-01
    5.07247150e-01 5.10259151e-01 5.07204533e-01 5.12933791e-01
    4.99535441e-01 4.90387946e-01 4.88460571e-01 4.86626625e-01
    4.92017597e-01 4.91420448e-01 4.91334736e-01 4.86007571e-01
    4.83778119e-01 4.83964503e-01 4.90628779e-01 4.93001103e-01
    4.90615726e-01 4.86637324e-01 4.79300559e-01 4.67755139e-01
    4.67228264e-01 4.76812124e-01 4.91339058e-01 4.91009861e-01
    4.87531364e-01 4.89487588e-01 4.79812831e-01 4.77156341e-01
    4.81254816e-01 4.82804865e-01 4.82362360e-01 4.85445231e-01
    4.82677281e-01 4.80504900e-01 4.83232945e-01 4.92162973e-01
    4.90462840e-01 4.88798052e-01 4.84024018e-01 4.68804687e-01
    4.66752142e-01 4.63177145e-01 4.56006318e-01 4.67861682e-01
    4.70227540e-01 4.71520096e-01 4.73061979e-01 4.75959659e-01
    4.69776750e-01 4.75989789e-01 4.78610158e-01 4.79087263e-01
    4.73609447e-01 4.85047340e-01 4.86835152e-01 4.82621551e-01
    4.92867649e-01 4.93270725e-01 5.04851878e-01 5.15417457e-01
    5.07514834e-01 5.10651469e-01 5.04024744e-01 5.07197201e-01
    5.09580731e-01 5.10222793e-01 5.17978191e-01 5.25701046e-01
    5.23362160e-01 5.22726893e-01 5.21858811e-01 5.21666586e-01
    5.29823363e-01 5.29652357e-01 5.31990886e-01 5.27715802e-01
    5.20762026e-01 5.25712669e-01 5.27832687e-01 5.35201848e-01
    5.43376923e-01 5.41664422e-01 5.45033932e-01 5.37153840e-01
    5.31303585e-01 5.34620762e-01 5.42089403e-01 5.38442314e-01
    5.34602880e-01 5.28829217e-01 5.23990571e-01 5.23891628e-01
    5.22468686e-01 5.29026687e-01 5.30665040e-01 5.26323855e-01
    5.20367086e-01 5.10308385e-01 5.11265695e-01 5.06774724e-01
    5.08108556e-01 5.07671714e-01 5.10956645e-01 5.04103720e-01
    5.04995584e-01 5.09674609e-01 5.22947609e-01 5.23771107e-01
    5.23932993e-01 5.22587299e-01 5.17033637e-01 5.08655190e-01
    5.04771292e-01 5.15291750e-01 5.15617013e-01 5.15525103e-01
    5.23042917e-01 5.23639798e-01 5.28875589e-01 5.22990942e-01
    5.29469490e-01 5.29472768e-01 5.21072090e-01 5.08818865e-01
    5.08834004e-01 5.06056309e-01 5.08263290e-01 5.09873927e-01
    5.19479394e-01 5.19148350e-01 5.07248342e-01 5.02444506e-01
    4.99703825e-01 4.95406926e-01 4.97588515e-01 4.94335502e-01
    4.97037232e-01 4.93032098e-01 4.95406568e-01 4.95588630e-01
    5.03129363e-01 5.07390499e-01 5.08780241e-01 5.01790345e-01
    4.90356416e-01 4.84534293e-01 4.90202725e-01 4.95184511e-01
    5.02061427e-01 5.02633154e-01 4.99319822e-01 5.03822565e-01
    5.03574908e-01 5.02672076e-01 4.99962389e-01 4.96471912e-01
    5.00782907e-01 5.00864625e-01 4.98790562e-01 5.01436532e-01
    5.03276944e-01 5.13566673e-01 5.19339621e-01 5.14149845e-01
    5.14539123e-01 5.06481647e-01 5.09650707e-01 5.11496902e-01
    5.12935162e-01 5.18644512e-01 5.17694890e-01 5.17412126e-01
    5.17532647e-01 5.11962414e-01 5.00847995e-01 4.99427170e-01
    4.93344039e-01 5.03859758e-01 5.02191961e-01 4.97844368e-01
    5.05013347e-01 4.95093048e-01 4.93382990e-01 4.87745374e-01
    4.92637098e-01 4.81673121e-01 4.71162647e-01 4.75882888e-01
    4.80878055e-01 4.80977118e-01 4.90925074e-01 4.98257548e-01
    4.99559253e-01 5.08154213e-01 5.00426412e-01 5.03825068e-01
    5.00159442e-01 4.90698785e-01 5.03414273e-01 5.03917217e-01
    5.00508785e-01 5.02887785e-01 4.97177929e-01 4.99651879e-01
    4.99044448e-01 4.99526292e-01 4.97875482e-01 4.88870353e-01
    4.90451127e-01 4.88557756e-01 4.86384898e-01 4.83003855e-01
    4.73728716e-01 4.75860178e-01 4.83394414e-01 4.70383883e-01
    4.69361722e-01 4.72958922e-01 4.65264797e-01 4.73064959e-01
    4.66657609e-01 4.65213627e-01 4.62745368e-01 4.64910388e-01
    4.74775165e-01 4.77692634e-01 4.76325363e-01 4.76706147e-01
    4.81523067e-01 4.86441046e-01 4.85443115e-01 4.84596252e-01
    4.85431761e-01 4.92626727e-01 4.88165557e-01 4.80099380e-01
    4.71295327e-01 4.72744077e-01 4.75080609e-01 4.77396250e-01
    4.78684545e-01 4.81033176e-01 4.72302467e-01 4.83003855e-01
    4.83083785e-01 4.83700603e-01 4.88432348e-01 4.86908197e-01
    4.90014642e-01 4.96429622e-01 4.99534130e-01 5.04463434e-01
    5.17846644e-01 5.21177113e-01 5.16149402e-01 5.09655476e-01
    5.11487246e-01 5.12114227e-01 5.06884873e-01 5.12085855e-01
    4.99329358e-01 4.91274744e-01 4.89524841e-01 4.90303665e-01
    4.93450433e-01 4.93724853e-01 4.92250144e-01 4.87996906e-01
    4.86002624e-01 4.85986471e-01 4.91903424e-01 4.94204998e-01
    4.94312316e-01 4.86325145e-01 4.80663687e-01 4.70465541e-01
    4.67873573e-01 4.75925446e-01 4.91753727e-01 4.89393324e-01
    4.83724058e-01 4.85263050e-01 4.72943515e-01 4.70654756e-01
    4.73798394e-01 4.74518239e-01 4.72196817e-01 4.76195991e-01
    4.75339681e-01 4.70225543e-01 4.75266755e-01 4.83811736e-01
    4.84799922e-01 4.82592016e-01 4.78528857e-01 4.61535096e-01
    4.61659670e-01 4.61524397e-01 4.55170989e-01 4.66231853e-01
    4.67773616e-01 4.68078613e-01 4.69178945e-01 4.73857075e-01
    4.67044473e-01 4.74476814e-01 4.79357779e-01 4.76882845e-01
    4.70326066e-01 4.82008666e-01 4.86266613e-01 4.84545767e-01
    4.95087147e-01 4.94910896e-01 5.05207598e-01 5.16256630e-01
    5.09971559e-01 5.12722552e-01 5.07164776e-01 5.10644495e-01
    5.11116683e-01 5.13088107e-01 5.17632604e-01 5.26411772e-01
    5.26444674e-01 5.26997626e-01 5.25128603e-01 5.25663495e-01
    5.33333123e-01 5.29096305e-01 5.28884888e-01 5.22397041e-01
    5.14872789e-01 5.21128476e-01 5.26276469e-01 5.36458075e-01
    5.41997015e-01 5.40249705e-01 5.44944465e-01 5.38425088e-01
    5.32598257e-01 5.34915984e-01 5.40283144e-01 5.34259081e-01
    5.28099716e-01 5.18745065e-01 5.15646994e-01 5.15909731e-01
    5.13053834e-01 5.21070361e-01 5.21401346e-01 5.16427577e-01
    5.06595373e-01 4.97187883e-01 5.00427365e-01 4.91740763e-01
    4.92355675e-01 4.89066064e-01 4.92941380e-01 4.90665227e-01
    4.92927641e-01 5.01034975e-01 5.15340269e-01 5.15825033e-01
    5.16267955e-01 5.18366098e-01 5.13294756e-01 5.03992379e-01
    5.00246108e-01 5.12014329e-01 5.13444126e-01 5.08138359e-01
    5.15357077e-01 5.16773582e-01 5.20465136e-01 5.15110970e-01
    5.21357059e-01 5.21811128e-01 5.11293054e-01 5.00024915e-01
    5.02072930e-01 5.02820611e-01 5.05119622e-01 5.05290449e-01
    5.19689977e-01 5.19703388e-01 5.05858123e-01 5.03837585e-01
    5.04447699e-01 5.03591418e-01 5.06357551e-01 5.03482640e-01
    5.07919252e-01 5.00920534e-01 5.03670752e-01 5.06351829e-01
    5.12150764e-01 5.17058372e-01 5.17699540e-01 5.10788083e-01
    4.98909295e-01 4.91132051e-01 4.97127295e-01 5.07811725e-01
    5.14075220e-01 5.14249861e-01 5.11373699e-01 5.14380872e-01
    5.15031278e-01 5.12796998e-01 5.08318245e-01 5.03214180e-01
    5.05708337e-01 5.07506430e-01 5.03888726e-01 5.04133761e-01
    5.04997671e-01 5.15555322e-01 5.18458724e-01 5.13545632e-01
    5.11314094e-01 5.03619194e-01 5.04314542e-01 5.05027235e-01
    5.09549201e-01 5.15087128e-01 5.13654113e-01 5.15552580e-01
    5.15884399e-01 5.13041496e-01 5.04579067e-01 5.04040360e-01
    5.01271248e-01 5.09361148e-01 5.09712279e-01 5.07434309e-01
    5.10689020e-01 4.99262452e-01 4.96974468e-01 4.91992772e-01
    4.94966626e-01 4.80822921e-01 4.71684366e-01 4.75363374e-01
    4.78634328e-01 4.80496377e-01 4.86719698e-01 4.89616603e-01
    4.90650833e-01 4.97567326e-01 4.91604120e-01 4.96311843e-01
    4.92473453e-01 4.83402550e-01 4.98157561e-01 4.96578217e-01
    4.95406806e-01 4.97298449e-01 4.92580533e-01 4.94354546e-01
    4.94262636e-01 4.95782018e-01 4.92055029e-01 4.82000351e-01
    4.88305777e-01 4.83052492e-01 4.78702635e-01 4.76532251e-01
    4.66491789e-01 4.66842055e-01 4.73767698e-01 4.60776478e-01
    4.60783780e-01 4.62837309e-01 4.56756026e-01 4.62912828e-01
    4.57755178e-01 4.58329231e-01 4.56346571e-01 4.59330380e-01
    4.71992940e-01 4.72833633e-01 4.71496552e-01 4.73968625e-01
    4.77959484e-01 4.83672500e-01 4.83080238e-01 4.85420287e-01
    4.85274196e-01 4.93258983e-01 4.92826641e-01 4.83358234e-01
    4.76644576e-01 4.79989558e-01 4.81670529e-01 4.81608033e-01
    4.84644175e-01 4.85571384e-01 4.77132767e-01 4.90309894e-01
    4.90380019e-01 4.91454571e-01 4.93384272e-01 4.92770165e-01
    4.94810045e-01 5.02550125e-01 5.04030585e-01 5.06260812e-01
    5.13481438e-01 5.15348613e-01 5.12055457e-01 5.07986903e-01
    5.07726550e-01 5.09958625e-01 5.04184425e-01 5.07673144e-01
    4.98784244e-01 4.92868453e-01 4.91281778e-01 4.91279274e-01
    4.94322389e-01 4.95209157e-01 4.93681192e-01 4.90121216e-01
    4.90462184e-01 4.93269831e-01 4.96615618e-01 4.98028219e-01
    4.98098493e-01 4.92549717e-01 4.85083461e-01 4.76618975e-01
    4.78044957e-01 4.86702979e-01 5.00043690e-01 4.96280342e-01
    4.90737647e-01 4.92241263e-01 4.77470756e-01 4.73784864e-01
    4.75432515e-01 4.72512007e-01 4.68887508e-01 4.73522156e-01
    4.73708749e-01 4.66548473e-01 4.72920567e-01 4.86545891e-01
    4.87011492e-01 4.80235964e-01 4.75517064e-01 4.61382449e-01
    4.65080231e-01 4.63346213e-01 4.56518859e-01 4.67974335e-01
    4.68510985e-01 4.69222665e-01 4.71202224e-01 4.77302849e-01
    4.72966433e-01 4.78755772e-01 4.86875594e-01 4.83823717e-01
    4.72479880e-01 4.83292401e-01 4.90478963e-01 4.86764789e-01
    4.95396674e-01 4.90241766e-01 5.02925873e-01 5.13554692e-01
    5.06464422e-01 5.10820866e-01 5.05321145e-01 5.11069596e-01
    5.07744014e-01 5.08844435e-01 5.14657795e-01 5.18423617e-01
    5.18901467e-01 5.21756887e-01 5.19900441e-01 5.18061757e-01
    5.25595665e-01 5.21981180e-01 5.23450732e-01 5.16948402e-01
    5.10174930e-01 5.16288936e-01 5.21628976e-01 5.33928633e-01
    5.39262891e-01 5.40838301e-01 5.46368837e-01 5.39583623e-01
    5.35736561e-01 5.36236107e-01 5.39895594e-01 5.35759866e-01
    5.31357288e-01 5.22397399e-01 5.19203424e-01 5.19867003e-01
    5.16647220e-01 5.25734961e-01 5.25057793e-01 5.20590484e-01
    5.08014381e-01 5.00673175e-01 5.03366590e-01 4.93766397e-01
    4.95671391e-01 4.90307748e-01 4.93234396e-01 4.90073651e-01
    4.91642416e-01 4.99451190e-01 5.13450980e-01 5.13689518e-01
    5.16775429e-01 5.16560435e-01 5.09355366e-01 5.00957787e-01
    4.97756392e-01 5.10833979e-01 5.11135340e-01 5.04139364e-01
    5.12876093e-01 5.14076769e-01 5.19712806e-01 5.15529394e-01
    5.23343146e-01 5.21021426e-01 5.11690974e-01 5.01408279e-01
    5.04345000e-01 5.05954504e-01 5.09826243e-01 5.11015177e-01
    5.27109742e-01 5.24722993e-01 5.11155963e-01 5.09221256e-01
    5.09608150e-01 5.06881773e-01 5.09436488e-01 5.06688237e-01
    5.10917783e-01 5.02498686e-01 5.08084536e-01 5.11397123e-01
    5.18247426e-01 5.20659387e-01 5.19894123e-01 5.13825953e-01
    5.01961648e-01 4.94290352e-01 5.01056552e-01 5.07617414e-01
    5.15052080e-01 5.16776919e-01 5.14662564e-01 5.15907407e-01
    5.15814126e-01 5.14946163e-01 5.12210786e-01 5.06750762e-01
    5.07158577e-01 5.08339047e-01 5.07406831e-01 5.06811857e-01
    5.07788658e-01 5.17928243e-01 5.20185828e-01 5.17920196e-01
    5.19840002e-01 5.11559129e-01 5.11944175e-01 5.13069212e-01
    5.18779039e-01 5.27757347e-01 5.25661647e-01 5.26345432e-01
    5.23859382e-01 5.23509920e-01 5.11623323e-01 5.07443964e-01
    5.04053295e-01 5.11307299e-01 5.12695730e-01 5.07440150e-01
    5.09327710e-01 4.98928398e-01 4.93978590e-01 4.89546001e-01
    4.91032898e-01 4.73798066e-01 4.65522349e-01 4.68363881e-01
    4.73993510e-01 4.77036357e-01 4.78800088e-01 4.83687639e-01
    4.87060517e-01 4.94096309e-01 4.90650117e-01 4.95801806e-01
    4.92953300e-01 4.83874083e-01 4.93606806e-01 4.94357795e-01
    4.91678774e-01 4.93034720e-01 4.91349697e-01 4.88574356e-01
    4.90063339e-01 4.91186172e-01 4.87728655e-01 4.79457229e-01
    4.84998763e-01 4.79217976e-01 4.74331826e-01 4.70383286e-01
    4.60842788e-01 4.63307202e-01 4.70431179e-01 4.61963713e-01
    4.62503046e-01 4.65841711e-01 4.61309463e-01 4.67333704e-01
    4.62652117e-01 4.60263520e-01 4.56445634e-01 4.60329384e-01
    4.71110284e-01 4.72904891e-01 4.72691178e-01 4.73269433e-01
    4.80024874e-01 4.85546142e-01 4.83888507e-01 4.88040447e-01
    4.85648394e-01 4.90417659e-01 4.87977177e-01 4.81273532e-01
    4.75347102e-01 4.78801399e-01 4.81691271e-01 4.82107133e-01
    4.83466744e-01 4.87001806e-01 4.79196519e-01 4.88642842e-01
    4.90590811e-01 4.89146858e-01 4.90126193e-01 4.90870327e-01
    4.91401732e-01 4.99681264e-01 5.03127575e-01 5.05175650e-01
    5.23458421e-01 5.27178645e-01 5.23256361e-01 5.16502500e-01
    5.12276649e-01 5.16732335e-01 5.08729517e-01 5.13061881e-01
    5.01177132e-01 4.95361924e-01 4.95062083e-01 4.95273978e-01
    5.00142813e-01 4.99344647e-01 5.00579357e-01 4.94701982e-01
    4.93451774e-01 4.97820944e-01 5.00252128e-01 5.02018631e-01
    5.02888620e-01 4.98135716e-01 4.90153551e-01 4.83403057e-01
    4.85463232e-01 4.92677897e-01 5.04613400e-01 5.01447201e-01
    4.92422879e-01 4.93817568e-01 4.79411125e-01 4.74345148e-01
    4.74923313e-01 4.71211851e-01 4.65868026e-01 4.69108284e-01
    4.69806880e-01 4.65247393e-01 4.70781803e-01 4.83318180e-01
    4.81117189e-01 4.71815109e-01 4.68337268e-01 4.53146756e-01
    4.55750525e-01 4.58161682e-01 4.52086002e-01 4.62328255e-01
    4.63875294e-01 4.67117995e-01 4.71209109e-01 4.77271229e-01
    4.73068297e-01 4.77481604e-01 4.81336683e-01 4.78721768e-01
    4.67869341e-01 4.78942126e-01 4.85133767e-01 4.82771456e-01
    4.93152887e-01 4.90373969e-01 5.00428259e-01 5.11638045e-01
    5.06347299e-01 5.12859583e-01 5.07746994e-01 5.11116743e-01
    5.08990109e-01 5.08870006e-01 5.14767051e-01 5.21005154e-01
    5.23234665e-01 5.26723325e-01 5.26163280e-01 5.26641130e-01
    5.33386230e-01 5.26936054e-01 5.26215017e-01 5.20284593e-01
    5.11509538e-01 5.16729176e-01 5.18021464e-01 5.25637865e-01
    5.32483101e-01 5.33375442e-01 5.37796915e-01 5.32424688e-01
    5.29320240e-01 5.30574203e-01 5.32980680e-01 5.31328499e-01
    5.26119471e-01 5.18577516e-01 5.16469777e-01 5.14900804e-01
    5.12706697e-01 5.21491230e-01 5.19196928e-01 5.16172886e-01
    5.08423746e-01 5.00076592e-01 5.02977788e-01 4.97408271e-01
    5.02038181e-01 4.96311963e-01 4.98354524e-01 4.97850537e-01
    4.98493314e-01 5.07810950e-01 5.21512270e-01 5.22186577e-01
    5.27272999e-01 5.24393022e-01 5.18565357e-01 5.12816370e-01
    5.09796858e-01 5.17943382e-01 5.16952336e-01 5.10230482e-01
    5.17394304e-01 5.14246345e-01 5.19869566e-01 5.14643192e-01
    5.19499660e-01 5.17095387e-01 5.07722437e-01 4.98729944e-01
    5.04489362e-01 5.05585611e-01 5.13064504e-01 5.12207866e-01
    5.27040541e-01 5.24000049e-01 5.10973096e-01 5.12033880e-01
    5.14361680e-01 5.10176957e-01 5.14591515e-01 5.10714889e-01
    5.16294360e-01 5.07795513e-01 5.13392746e-01 5.16137183e-01
    5.18682778e-01 5.16702533e-01 5.14436185e-01 5.07108033e-01
    4.98016477e-01 4.88098383e-01 4.95454669e-01 5.05065084e-01
    5.09546280e-01 5.07663786e-01 5.05595446e-01 5.06016135e-01
    5.05375326e-01 5.04334271e-01 5.02645612e-01 4.96793061e-01
    4.96575445e-01 4.99129385e-01 5.02171099e-01 5.03639877e-01
    5.06244659e-01 5.14128327e-01 5.16446352e-01 5.15198410e-01
    5.15158355e-01 5.06981075e-01 5.12314200e-01 5.17367244e-01
    5.20439327e-01 5.30715346e-01 5.28299093e-01 5.31961262e-01
    5.28500259e-01 5.28187990e-01 5.18277586e-01 5.13972580e-01
    5.11234820e-01 5.15607536e-01 5.17568052e-01 5.14265478e-01
    5.15755475e-01 5.05962908e-01 5.00955999e-01 4.94077921e-01
    4.90568131e-01 4.76864040e-01 4.66812134e-01 4.67871666e-01
    4.69347090e-01 4.72877026e-01 4.74893034e-01 4.78493899e-01
    4.79525447e-01 4.84629214e-01 4.82420474e-01 4.87080097e-01
    4.82797712e-01 4.74879950e-01 4.83122081e-01 4.84286696e-01
    4.80943769e-01 4.84151125e-01 4.82741714e-01 4.79661375e-01
    4.82953310e-01 4.87876803e-01 4.85553533e-01 4.77683276e-01
    4.83583689e-01 4.79470223e-01 4.75931853e-01 4.72376198e-01
    4.65522051e-01 4.68400747e-01 4.72090334e-01 4.67719167e-01
    4.69482452e-01 4.71216857e-01 4.66799855e-01 4.73119348e-01
    4.72515702e-01 4.72089380e-01 4.68226641e-01 4.69764441e-01
    4.80749190e-01 4.80649829e-01 4.79633600e-01 4.78742033e-01
    4.84897077e-01 4.88563716e-01 4.89019036e-01 4.94424254e-01
    4.89772350e-01 4.94999796e-01 4.94492114e-01 4.90311682e-01
    4.83299434e-01 4.84746754e-01 4.86326516e-01 4.86807555e-01
    4.87161458e-01 4.92285430e-01 4.85868216e-01 4.97756481e-01
    5.01777828e-01 4.99538511e-01 5.01681924e-01 4.99439776e-01
    5.02088726e-01 5.08540571e-01 5.13091445e-01 5.18620610e-01
    5.31375110e-01 5.35125256e-01 5.33188879e-01 5.26756644e-01
    5.23399234e-01 5.28424203e-01 5.16701341e-01 5.20468354e-01
    5.03731132e-01 4.97786015e-01 4.96599764e-01 4.99464363e-01
    4.99779493e-01 5.03994465e-01 5.05711913e-01 4.94787931e-01
    4.92377132e-01 4.99322712e-01 4.96797919e-01 4.99529243e-01
    5.01511276e-01 4.97833997e-01 4.88784581e-01 4.84208137e-01
    4.84117776e-01 4.95261788e-01 5.06229281e-01 5.00878572e-01
    4.90678757e-01 4.93373722e-01 4.76862818e-01 4.70030516e-01
    4.75358278e-01 4.71315116e-01 4.65355754e-01 4.71190274e-01
    4.72236037e-01 4.65332448e-01 4.70583230e-01 4.83444005e-01
    4.81199831e-01 4.73679423e-01 4.69699055e-01 4.52944279e-01
    4.59071994e-01 4.59734589e-01 4.54451174e-01 4.63358790e-01
    4.64228898e-01 4.65640873e-01 4.71288919e-01 4.77083445e-01
    4.72697198e-01 4.73663479e-01 4.78717864e-01 4.76336569e-01
    4.62547332e-01 4.74770635e-01 4.80637014e-01 4.78477776e-01
    4.91527915e-01 4.89979535e-01 5.00409365e-01 5.13765037e-01
    5.11187315e-01 5.21674454e-01 5.15567422e-01 5.18188179e-01
    5.17939031e-01 5.19447565e-01 5.24893343e-01 5.29381156e-01
    5.31611979e-01 5.39040506e-01 5.40215373e-01 5.38845062e-01
    5.45746386e-01 5.36733925e-01 5.36397398e-01 5.32176316e-01
    5.21589041e-01 5.25618434e-01 5.24954855e-01 5.32042146e-01
    5.37354290e-01 5.33505738e-01 5.38347781e-01 5.35634160e-01
    5.35340071e-01 5.33826530e-01 5.35229504e-01 5.32249510e-01
    5.32125413e-01 5.26203692e-01 5.26623309e-01 5.21517873e-01
    5.20063460e-01 5.27272999e-01 5.24884284e-01 5.21419227e-01
    5.12716115e-01 5.04359126e-01 5.10166764e-01 5.03809094e-01
    5.08438945e-01 5.00707746e-01 5.03981709e-01 5.02779722e-01
    5.02556860e-01 5.08036733e-01 5.18673956e-01 5.16831756e-01
    5.24558723e-01 5.20404100e-01 5.15663505e-01 5.08970499e-01
    5.05802512e-01 5.16884089e-01 5.14531612e-01 5.09060740e-01
    5.16240358e-01 5.12603045e-01 5.17822862e-01 5.11886895e-01
    5.17207086e-01 5.15671611e-01 5.05812585e-01 4.95047420e-01
    5.00004292e-01 4.99656618e-01 5.07100284e-01 5.05747437e-01
    5.21514058e-01 5.21264791e-01 5.05277574e-01 5.06542683e-01
    5.09582698e-01 5.05425513e-01 5.11268914e-01 5.05500793e-01
    5.14694989e-01 5.06301224e-01 5.09549737e-01 5.14008045e-01
    5.16589999e-01 5.15623212e-01 5.14464378e-01 5.06018937e-01
    4.99732941e-01 4.89486128e-01 4.94086415e-01 5.06861269e-01
    5.12886524e-01 5.09210765e-01 5.06839335e-01 5.04964411e-01
    5.05760491e-01 5.04599452e-01 5.04837573e-01 5.00709891e-01
    5.02053916e-01 5.06061316e-01 5.10260403e-01 5.08484483e-01
    5.11856496e-01 5.20444393e-01 5.22338092e-01 5.19614756e-01
    5.20293415e-01 5.12669981e-01 5.20192683e-01 5.25286615e-01
    5.27380943e-01 5.38330495e-01 5.35713375e-01 5.35198092e-01
    5.30387580e-01 5.28365731e-01 5.20503283e-01 5.14913321e-01
    5.14002025e-01 5.20633042e-01 5.18266559e-01 5.16038597e-01
    5.18963993e-01 5.08373380e-01 5.01120269e-01 4.91291821e-01
    4.88246650e-01 4.76218939e-01 4.63391751e-01 4.64337319e-01
    4.68660980e-01 4.73714203e-01 4.76958424e-01 4.79978919e-01
    4.80986595e-01 4.85998094e-01 4.84576076e-01 4.91578400e-01
    4.84210253e-01 4.76979047e-01 4.82198298e-01 4.84577000e-01
    4.79157954e-01 4.83505994e-01 4.80069071e-01 4.78570849e-01
    4.80871618e-01 4.85535264e-01 4.82811004e-01 4.74238247e-01
    4.79514062e-01 4.76860136e-01 4.71652478e-01 4.67754990e-01
    4.61191535e-01 4.66599911e-01 4.69822854e-01 4.69872147e-01
    4.72763717e-01 4.75965351e-01 4.69852149e-01 4.75021422e-01
    4.74684387e-01 4.70867276e-01 4.64869171e-01 4.65266377e-01
    4.75549638e-01 4.75712448e-01 4.73431170e-01 4.70472038e-01
    4.74022150e-01 4.77273166e-01 4.76597965e-01 4.82116759e-01
    4.77185816e-01 4.82323349e-01 4.82510537e-01 4.79659855e-01
    4.77873117e-01 4.78932470e-01 4.84684527e-01 4.84822333e-01
    4.86415446e-01 4.93266821e-01 4.87362862e-01 5.02028942e-01
    5.10617495e-01 5.10841310e-01 5.10108769e-01 5.11100590e-01
    5.11360824e-01 5.15578210e-01 5.22314608e-01 5.30427933e-01
    5.28204381e-01 5.32686353e-01 5.31692564e-01 5.26324928e-01
    5.22761643e-01 5.29220760e-01 5.15747786e-01 5.17099023e-01
    5.01790762e-01 4.97336775e-01 4.96010005e-01 5.00777364e-01
    5.00211775e-01 5.06054282e-01 5.08007109e-01 4.97870862e-01
    4.93742734e-01 5.00793338e-01 4.97639447e-01 4.99258488e-01
    5.01471162e-01 4.95946765e-01 4.85718310e-01 4.84861135e-01
    4.88374650e-01 5.00254691e-01 5.09520352e-01 5.03390372e-01
    4.93717223e-01 4.95503455e-01 4.79803920e-01 4.73841012e-01
    4.77624267e-01 4.73380357e-01 4.71500248e-01 4.78168339e-01
    4.79176968e-01 4.73085016e-01 4.78169948e-01 4.91018534e-01
    4.87244964e-01 4.81333047e-01 4.77905154e-01 4.64345157e-01
    4.69264537e-01 4.71056521e-01 4.64928657e-01 4.73842114e-01
    4.75014031e-01 4.77011293e-01 4.82987940e-01 4.86069977e-01
    4.77946699e-01 4.79297012e-01 4.84553874e-01 4.83435690e-01
    4.69983548e-01 4.79996413e-01 4.82965529e-01 4.80687439e-01
    4.93325830e-01 4.91159827e-01 4.98805255e-01 5.11350870e-01
    5.07067084e-01 5.18433273e-01 5.13021529e-01 5.18261790e-01
    5.17828882e-01 5.22556603e-01 5.28482854e-01 5.33619106e-01
    5.34883738e-01 5.42003512e-01 5.45307398e-01 5.42711139e-01
    5.50304234e-01 5.38393676e-01 5.38098276e-01 5.36494374e-01
    5.28929055e-01 5.32378197e-01 5.30687153e-01 5.40378571e-01
    5.43031096e-01 5.40838242e-01 5.46525657e-01 5.44113278e-01
    5.43240488e-01 5.42916834e-01 5.45431554e-01 5.40090919e-01
    5.42625189e-01 5.33262372e-01 5.33364713e-01 5.30968249e-01
    5.30228019e-01 5.36324978e-01 5.36406636e-01 5.30456722e-01
    5.19914865e-01 5.12842119e-01 5.17548382e-01 5.10341346e-01
    5.12162387e-01 5.05948007e-01 5.07081866e-01 5.06679714e-01
    5.08296847e-01 5.14116526e-01 5.24241507e-01 5.24732709e-01
    5.29641807e-01 5.25502205e-01 5.23673058e-01 5.15961170e-01
    5.14310658e-01 5.22796094e-01 5.22634268e-01 5.15567124e-01
    5.20977676e-01 5.21100044e-01 5.21628380e-01 5.18674910e-01
    5.25616765e-01 5.23482263e-01 5.11504710e-01 5.04866123e-01
    5.07197022e-01 5.07134676e-01 5.14611542e-01 5.11357725e-01
    5.25876522e-01 5.26981831e-01 5.13532996e-01 5.11741340e-01
    5.16830087e-01 5.15136242e-01 5.19443154e-01 5.16277432e-01
    5.22592604e-01 5.09024560e-01 5.09857595e-01 5.16321182e-01
    5.15754879e-01 5.15413523e-01 5.13427973e-01 5.04449904e-01
    4.96525109e-01 4.90129858e-01 4.95849699e-01 5.10195196e-01
    5.16947329e-01 5.13506353e-01 5.12443185e-01 5.11341870e-01
    5.09674132e-01 5.12672722e-01 5.12872756e-01 5.08988559e-01
    5.07228494e-01 5.11081278e-01 5.16141117e-01 5.13484657e-01
    5.16553044e-01 5.24410129e-01 5.23039341e-01 5.19827008e-01
    5.17988086e-01 5.11155367e-01 5.18184364e-01 5.21394551e-01
    5.23264945e-01 5.37877083e-01 5.33096313e-01 5.36689878e-01
    5.33599794e-01 5.34134448e-01 5.27616382e-01 5.21619499e-01
    5.21335125e-01 5.27746320e-01 5.28046668e-01 5.25929153e-01
    5.24309754e-01 5.17072380e-01 5.07791340e-01 4.98498380e-01
    4.96097952e-01 4.85648155e-01 4.71904725e-01 4.71500903e-01
    4.73465860e-01 4.77711141e-01 4.79160368e-01 4.82929051e-01
    4.83206719e-01 4.89498764e-01 4.86616313e-01 4.91604328e-01
    4.86255765e-01 4.79906231e-01 4.83250678e-01 4.88104463e-01
    4.84067798e-01 4.87510741e-01 4.82969522e-01 4.81141269e-01
    4.83487368e-01 4.85620290e-01 4.85002220e-01 4.77975994e-01
    4.82630938e-01 4.83346224e-01 4.76657182e-01 4.72650558e-01
    4.66843724e-01 4.68110949e-01 4.75374162e-01 4.73278373e-01
    4.74621058e-01 4.76689726e-01 4.72298712e-01 4.74982083e-01
    4.76993144e-01 4.74109441e-01 4.71714735e-01 4.73322451e-01
    4.80382472e-01 4.79250193e-01 4.76827443e-01 4.76788431e-01
    4.80554074e-01 4.85583872e-01 4.88645464e-01 4.91967469e-01
    4.87010002e-01 4.93891209e-01 4.94129390e-01 4.89452720e-01
    4.88676697e-01 4.87005860e-01 4.92010683e-01 4.91605192e-01
    4.90232497e-01 5.00442863e-01 4.95926350e-01 5.06986678e-01
    5.13363004e-01 5.16939282e-01 5.11921763e-01 5.13380110e-01
    5.12420297e-01 5.16625583e-01 5.20774841e-01 5.29636264e-01
    5.20925343e-01 5.24359047e-01 5.20165563e-01 5.15765309e-01
    5.15088081e-01 5.22342265e-01 5.11821449e-01 5.13775527e-01
    5.02794802e-01 5.02092838e-01 5.02474546e-01 5.07795691e-01
    5.07137358e-01 5.12009978e-01 5.14334142e-01 5.05218029e-01
    5.02495408e-01 5.10263026e-01 5.04642844e-01 5.07840693e-01
    5.07345200e-01 5.00435293e-01 4.87799555e-01 4.84178096e-01
    4.86996561e-01 4.94154036e-01 5.03151596e-01 4.97126281e-01
    4.86402720e-01 4.90730375e-01 4.76018310e-01 4.70118374e-01
    4.74588066e-01 4.71342266e-01 4.71176714e-01 4.78376210e-01
    4.82228816e-01 4.78307426e-01 4.81875122e-01 4.98210371e-01
    4.96168494e-01 4.88422871e-01 4.84945834e-01 4.69661832e-01
    4.73922014e-01 4.74638671e-01 4.68160361e-01 4.76335526e-01
    4.78694707e-01 4.79829490e-01 4.84574139e-01 4.84132677e-01
    4.74645048e-01 4.73296523e-01 4.76022750e-01 4.76699710e-01
    4.62578326e-01 4.70658928e-01 4.77322012e-01 4.76925761e-01
    4.89314526e-01 4.87474322e-01 4.94479746e-01 5.03510416e-01
    4.99256045e-01 5.06786883e-01 5.00233591e-01 5.05151570e-01
    5.06667018e-01 5.13832271e-01 5.18246293e-01 5.22059917e-01
    5.21842897e-01 5.26931882e-01 5.31538546e-01 5.26679039e-01
    5.35150647e-01 5.21818519e-01 5.22442102e-01 5.24361968e-01
    5.16546845e-01 5.22658706e-01 5.22355974e-01 5.33390701e-01
    5.35547733e-01 5.30874252e-01 5.36617577e-01 5.33918262e-01
    5.34504056e-01 5.33798695e-01 5.39576590e-01 5.34248829e-01
    5.36038995e-01 5.26922524e-01 5.31245470e-01 5.27091324e-01
    5.23480058e-01 5.31681120e-01 5.30287921e-01 5.24803042e-01
    5.13902187e-01 5.07007480e-01 5.13604403e-01 5.08165896e-01
    5.12722492e-01 5.08015394e-01 5.08408964e-01 5.05232930e-01
    5.07798195e-01 5.14720857e-01 5.24989426e-01 5.23558736e-01
    5.29881716e-01 5.23967564e-01 5.22458136e-01 5.15752494e-01
    5.12338281e-01 5.21865666e-01 5.21255076e-01 5.13583362e-01
    5.14112949e-01 5.12483418e-01 5.13148308e-01 5.12955725e-01
    5.18725514e-01 5.12751639e-01 5.02755702e-01 4.94705796e-01
    4.97619241e-01 4.95200604e-01 5.07092476e-01 5.02620876e-01
    5.13361812e-01 5.16378760e-01 5.03269613e-01 5.02008140e-01
    5.08321643e-01 5.08035958e-01 5.14265835e-01 5.10824382e-01
    5.15646458e-01 5.07452846e-01 5.12071848e-01 5.16684711e-01
    5.16974390e-01 5.17899156e-01 5.18809795e-01 5.09425938e-01
    5.02106488e-01 4.96805340e-01 5.01846671e-01 5.14402688e-01
    5.22508562e-01 5.17468810e-01 5.20337880e-01 5.21483123e-01
    5.19570947e-01 5.23005426e-01 5.18579900e-01 5.14750063e-01
    5.13812482e-01 5.15773475e-01 5.17147362e-01 5.15132189e-01
    5.15743971e-01 5.27350962e-01 5.27456999e-01 5.24900258e-01
    5.24074674e-01 5.17237604e-01 5.25533795e-01 5.27418017e-01
    5.24562180e-01 5.38943529e-01 5.32887995e-01 5.35132885e-01
    5.32309234e-01 5.34192383e-01 5.31251669e-01 5.26593566e-01
    5.23175061e-01 5.32339215e-01 5.26229799e-01 5.26888371e-01
    5.20930171e-01 5.12563765e-01 5.02523959e-01 4.92274970e-01
    4.86862779e-01 4.79424208e-01 4.66129541e-01 4.67357159e-01
    4.74685341e-01 4.76101726e-01 4.76044446e-01 4.75896776e-01
    4.76977348e-01 4.83732462e-01 4.78651881e-01 4.89200383e-01
    4.82943684e-01 4.81333673e-01 4.84510481e-01 4.90113825e-01
    4.86998260e-01 4.92181450e-01 4.87477630e-01 4.86662090e-01
    4.90943074e-01 4.90773946e-01 4.92091358e-01 4.85642552e-01
    4.93843526e-01 4.96066779e-01 4.91204649e-01 4.87512589e-01
    4.80363399e-01 4.81924951e-01 4.87006307e-01 4.87208754e-01
    4.87255603e-01 4.89329934e-01 4.82853770e-01 4.82490480e-01
    4.85874802e-01 4.81014729e-01 4.80437636e-01 4.82346445e-01
    4.89024878e-01 4.88797516e-01 4.86279666e-01 4.84220624e-01
    4.89494115e-01 4.95874137e-01 4.98983443e-01 5.01325727e-01
    4.94109631e-01 5.03420115e-01 5.06584764e-01 5.04330814e-01
    5.07354081e-01 5.04519582e-01 5.09972930e-01 5.07093906e-01
    5.04275322e-01 5.12305319e-01 5.05550325e-01 5.12151241e-01
    5.17954171e-01 5.18752694e-01 5.11820436e-01 5.10098517e-01
    5.10511935e-01 5.16611934e-01 5.18828332e-01 5.23217559e-01
    5.25558949e-01 5.28872252e-01 5.27754784e-01 5.21827877e-01
    5.22859037e-01 5.29638171e-01 5.18044829e-01 5.18428445e-01
    5.07697880e-01 5.05995989e-01 5.08820891e-01 5.14594257e-01
    5.10891140e-01 5.14380276e-01 5.17946661e-01 5.09517252e-01
    5.09161651e-01 5.16068637e-01 5.11500299e-01 5.14240324e-01
    5.16209841e-01 5.10551691e-01 4.98464465e-01 4.97685105e-01
    4.99505907e-01 5.04055500e-01 5.11752784e-01 5.04340708e-01
    4.90543514e-01 4.96733874e-01 4.81198072e-01 4.75764126e-01
    4.80106860e-01 4.76408780e-01 4.76327151e-01 4.81959224e-01
    4.83533531e-01 4.80401486e-01 4.82409567e-01 4.97661948e-01
    4.95071024e-01 4.85089958e-01 4.81958836e-01 4.71502751e-01
    4.73018140e-01 4.74447697e-01 4.68931258e-01 4.76465166e-01
    4.76504624e-01 4.76797760e-01 4.81602967e-01 4.79257852e-01
    4.73071277e-01 4.69434708e-01 4.72089410e-01 4.70692426e-01
    4.55349445e-01 4.62212831e-01 4.71812129e-01 4.74265009e-01
    4.82378483e-01 4.82875109e-01 4.89060581e-01 4.94592726e-01
    4.93950456e-01 5.04767060e-01 5.00953972e-01 5.07549047e-01
    5.10192454e-01 5.16117573e-01 5.23282111e-01 5.27476728e-01
    5.28874636e-01 5.34989417e-01 5.40848613e-01 5.34916341e-01
    5.43336868e-01 5.29153764e-01 5.28814018e-01 5.30583858e-01
    5.26485741e-01 5.30529857e-01 5.29275060e-01 5.37936032e-01
    5.36128223e-01 5.30750513e-01 5.33738792e-01 5.32298267e-01
    5.34046471e-01 5.32192349e-01 5.40537536e-01 5.34200191e-01
    5.35254240e-01 5.25120497e-01 5.32822847e-01 5.29926360e-01
    5.25703192e-01 5.33046365e-01 5.30511260e-01 5.24826586e-01
    5.13981700e-01 5.09344757e-01 5.16354859e-01 5.13251960e-01
    5.16274095e-01 5.11850238e-01 5.12933373e-01 5.07453322e-01
    5.12145102e-01 5.19740760e-01 5.29655278e-01 5.28391957e-01
    5.33677518e-01 5.30498862e-01 5.28966844e-01 5.24300575e-01
    5.19038022e-01 5.27997792e-01 5.26755273e-01 5.20557165e-01
    5.20741761e-01 5.21364748e-01 5.19843698e-01 5.18922627e-01
    5.24172008e-01 5.14518380e-01 5.06285906e-01 5.01366377e-01
    5.01000345e-01 4.97537911e-01 5.04773855e-01 4.98539865e-01
    5.06806731e-01 5.09303987e-01 4.95644957e-01 4.94349301e-01
    5.02255678e-01 5.02847433e-01 5.06900609e-01 5.03484428e-01
    5.08497894e-01 5.00983000e-01 5.07993996e-01 5.11127293e-01
    5.08133829e-01 5.10339618e-01 5.14194489e-01 5.07218778e-01
    4.99139369e-01 4.95810390e-01 5.01059234e-01 5.12549222e-01
    5.19479096e-01 5.10922611e-01 5.13789177e-01 5.15016019e-01
    5.11878848e-01 5.17762601e-01 5.12883127e-01 5.08889318e-01
    5.09979129e-01 5.12624502e-01 5.13467014e-01 5.10620952e-01
    5.13441265e-01 5.28070569e-01 5.25380313e-01 5.25758326e-01
    5.27620912e-01 5.22102952e-01 5.32712102e-01 5.31376898e-01
    5.25803983e-01 5.39357901e-01 5.29335856e-01 5.32872200e-01
    5.30959785e-01 5.29392779e-01 5.27780175e-01 5.23487210e-01
    5.21137357e-01 5.28340399e-01 5.22976816e-01 5.24660051e-01
    5.14536977e-01 5.05011380e-01 4.95444030e-01 4.83821630e-01
    4.81745154e-01 4.77313280e-01 4.64961290e-01 4.68695760e-01
    4.76980031e-01 4.79325414e-01 4.81620640e-01 4.80438888e-01
    4.80084479e-01 4.85842407e-01 4.81572568e-01 4.91654485e-01
    4.86139745e-01 4.88941729e-01 4.88442928e-01 4.96024519e-01
    4.92386997e-01 4.95175242e-01 4.89941657e-01 4.90476310e-01
    4.93994921e-01 4.90733206e-01 4.86437201e-01 4.78435278e-01
    4.87980127e-01 4.93588567e-01 4.89413768e-01 4.85634536e-01
    4.77203846e-01 4.80322510e-01 4.85715687e-01 4.87992227e-01
    4.84895080e-01 4.90664661e-01 4.87644285e-01 4.87732887e-01
    4.92360234e-01 4.87381935e-01 4.91549879e-01 4.96562660e-01
    5.04575610e-01 5.01442611e-01 4.95931506e-01 4.93337184e-01
    4.97301757e-01 5.03501177e-01 5.05473077e-01 5.05135953e-01
    4.98321116e-01 5.09955704e-01 5.08864760e-01 5.07313013e-01
    5.09448707e-01 5.04510999e-01 5.09080648e-01 5.02757609e-01
    5.00110865e-01 5.07891595e-01 5.04389524e-01 5.13091385e-01
    5.19207776e-01 5.20036459e-01 5.16120195e-01 5.14419913e-01
    5.17783821e-01 5.23951888e-01 5.26017487e-01 5.29568911e-01
    5.25522768e-01 5.24044216e-01 5.21690667e-01 5.15133798e-01
    5.14445066e-01 5.20208061e-01 5.10446668e-01 5.12877107e-01
    5.03553331e-01 5.02572596e-01 5.01922548e-01 5.06676912e-01
    5.02788901e-01 5.08454502e-01 5.13590753e-01 5.05995691e-01
    5.08674085e-01 5.17327726e-01 5.16804934e-01 5.19630313e-01
    5.21999419e-01 5.18988729e-01 5.05363762e-01 5.04596174e-01
    5.05544007e-01 5.05642653e-01 5.09704947e-01 5.04958987e-01
    4.93430525e-01 5.02872944e-01 4.89928633e-01 4.87107247e-01
    4.90953147e-01 4.85693693e-01 4.84507084e-01 4.87530649e-01
    4.87672031e-01 4.81430709e-01 4.84210581e-01 4.98977363e-01
    4.95305091e-01 4.83565152e-01 4.83516753e-01 4.78255570e-01
    4.78675216e-01 4.79516774e-01 4.70279694e-01 4.76764381e-01
    4.77232963e-01 4.76511031e-01 4.81514454e-01 4.78680551e-01
    4.75229770e-01 4.73059982e-01 4.77169335e-01 4.73225951e-01
    4.57807422e-01 4.65814233e-01 4.76636231e-01 4.77234334e-01
    4.83057797e-01 4.84332561e-01 4.88689810e-01 4.96285230e-01
    4.94595349e-01 5.03644407e-01 5.03969014e-01 5.10525942e-01
    5.13812602e-01 5.18805087e-01 5.22852421e-01 5.25261104e-01
    5.29524863e-01 5.37732720e-01 5.42701483e-01 5.36596835e-01
    5.47095299e-01 5.35139322e-01 5.33876657e-01 5.34449160e-01
    5.28930366e-01 5.33342659e-01 5.31256318e-01 5.34827530e-01
    5.31420290e-01 5.25998175e-01 5.27580917e-01 5.28218448e-01
    5.35558164e-01 5.34156263e-01 5.42829871e-01 5.37132442e-01
    5.37639141e-01 5.27568161e-01 5.31770468e-01 5.27369678e-01
    5.25902092e-01 5.33201456e-01 5.28349161e-01 5.24365366e-01
    5.15100718e-01 5.14248133e-01 5.20719647e-01 5.18606782e-01
    5.22918582e-01 5.14829159e-01 5.14985323e-01 5.11296451e-01
    5.14579892e-01 5.21156013e-01 5.32004476e-01 5.33860981e-01
    5.40265322e-01 5.36461830e-01 5.32848120e-01 5.28125107e-01
    5.21726787e-01 5.28951168e-01 5.26979566e-01 5.21785378e-01
    5.25037169e-01 5.24808764e-01 5.21993995e-01 5.21004260e-01
    5.25249898e-01 5.16974688e-01 5.13174593e-01 5.06134152e-01
    5.01535356e-01 5.00407279e-01 5.08474112e-01 5.08211613e-01
    5.19286096e-01 5.20945787e-01 5.08994699e-01 5.05813837e-01
    5.13054430e-01 5.10048807e-01 5.12351811e-01 5.11268437e-01
    5.14405131e-01 5.05412996e-01 5.12087464e-01 5.09442091e-01
    5.03397644e-01 5.05731106e-01 5.06447673e-01 5.00080884e-01
    4.89353091e-01 4.84734446e-01 4.89380181e-01 5.00121593e-01
    5.08230984e-01 5.02227604e-01 5.04942477e-01 5.05695343e-01
    5.03625453e-01 5.11455655e-01 5.07819116e-01 5.02232492e-01
    5.07279277e-01 5.12377858e-01 5.14752090e-01 5.11231899e-01
    5.11032522e-01 5.25845647e-01 5.24200439e-01 5.25504053e-01
    5.28450489e-01 5.22859693e-01 5.31104505e-01 5.29190063e-01
    5.25037825e-01 5.37325978e-01 5.23697078e-01 5.28357089e-01
    5.24137914e-01 5.22347987e-01 5.21873474e-01 5.18622994e-01
    5.18802762e-01 5.29003263e-01 5.22020638e-01 5.22530138e-01
    5.11748075e-01 5.02322733e-01 4.92873877e-01 4.81155366e-01
    4.78807837e-01 4.76996750e-01 4.65675622e-01 4.69555318e-01
    4.76940423e-01 4.83134836e-01 4.85319763e-01 4.83189523e-01
    4.81906593e-01 4.86019820e-01 4.80335981e-01 4.88753021e-01
    4.83630329e-01 4.84533042e-01 4.86244112e-01 4.94510531e-01
    4.91683125e-01 4.97476637e-01 4.92871583e-01 4.93819743e-01
    5.00251114e-01 4.93875116e-01 4.88128245e-01 4.79605317e-01
    4.89736408e-01 4.97162163e-01 4.95235115e-01 4.93635774e-01
    4.88426983e-01 4.90982503e-01 4.98539835e-01 4.97626275e-01
    4.95834172e-01 5.01856506e-01 4.96998191e-01 4.95694160e-01
    4.99756902e-01 4.94912744e-01 5.01836836e-01 5.07767379e-01
    5.15663147e-01 5.10552704e-01 5.05405188e-01 5.01022816e-01
    5.01604497e-01 5.04235685e-01 5.08527756e-01 5.09118021e-01
    5.05765200e-01 5.14878750e-01 5.15608311e-01 5.16710043e-01
    5.19744098e-01 5.15502453e-01 5.20151556e-01 5.13270676e-01
    5.10614634e-01 5.17965317e-01 5.15836179e-01 5.23981929e-01
    5.29985309e-01 5.34028649e-01 5.34146488e-01 5.30256629e-01
    5.30441821e-01 5.32365024e-01 5.34212828e-01 5.33143342e-01
    5.23724794e-01 5.25860369e-01 5.24210572e-01 5.17991424e-01
    5.16925871e-01 5.23491621e-01 5.14716744e-01 5.14267564e-01
    5.07551551e-01 5.08144498e-01 5.05824327e-01 5.11420190e-01
    5.07282674e-01 5.10662496e-01 5.12835383e-01 5.05732417e-01
    5.09140730e-01 5.18621981e-01 5.16557157e-01 5.19956052e-01
    5.21885931e-01 5.18944919e-01 5.07347226e-01 5.05609453e-01
    5.08082926e-01 5.07346570e-01 5.12341440e-01 5.10707080e-01
    5.01624405e-01 5.09151518e-01 4.96459365e-01 4.96466815e-01
    4.99690801e-01 4.92587537e-01 4.89481956e-01 4.92944986e-01
    4.91712302e-01 4.87925380e-01 4.88225192e-01 5.02299786e-01
    4.98287708e-01 4.88619059e-01 4.87766385e-01 4.84266609e-01
    4.82671142e-01 4.80907232e-01 4.73855942e-01 4.83957767e-01
    4.84882355e-01 4.84059364e-01 4.92114216e-01 4.89279628e-01
    4.86414313e-01 4.84660953e-01 4.87761140e-01 4.85989898e-01
    4.70215857e-01 4.78386551e-01 4.85355347e-01 4.89243895e-01
    4.92347687e-01 4.92188185e-01 5.00218451e-01 5.05903423e-01
    5.02420783e-01 5.10060728e-01 5.09629130e-01 5.14078438e-01
    5.18228590e-01 5.20639598e-01 5.25627553e-01 5.28124928e-01
    5.31208873e-01 5.39422631e-01 5.43592691e-01 5.38677156e-01
    5.46766639e-01 5.34126878e-01 5.34963846e-01 5.31095505e-01
    5.25459766e-01 5.27525306e-01 5.25338173e-01 5.28459609e-01
    5.24890125e-01 5.15770197e-01 5.19678593e-01 5.18735468e-01
    5.22771001e-01 5.24011970e-01 5.28864801e-01 5.23012400e-01
    5.26166618e-01 5.18633306e-01 5.22030234e-01 5.17481804e-01
    5.16444802e-01 5.23333549e-01 5.17770708e-01 5.13981938e-01
    5.07717788e-01 5.06204784e-01 5.15623748e-01 5.11828184e-01
    5.19215167e-01 5.16160131e-01 5.14220357e-01 5.13845682e-01
    5.17861784e-01 5.21028221e-01 5.29256582e-01 5.33891380e-01
    5.42915642e-01 5.39785981e-01 5.39165258e-01 5.36689281e-01
    5.28354764e-01 5.30537128e-01 5.29738486e-01 5.21930695e-01
    5.25004745e-01 5.21872878e-01 5.17950177e-01 5.16586185e-01
    5.20804048e-01 5.11665046e-01 5.10832131e-01 5.04083037e-01
    5.00498772e-01 4.95570302e-01 5.06709874e-01 5.05531073e-01
    5.15372336e-01 5.16415238e-01 5.08620560e-01 5.05578101e-01
    5.12790978e-01 5.12842596e-01 5.12471199e-01 5.10883212e-01
    5.15868962e-01 5.06999910e-01 5.16756535e-01 5.11299133e-01
    5.05417764e-01 5.07174492e-01 5.08026481e-01 4.96503830e-01
    4.87033010e-01 4.83317703e-01 4.90778536e-01 4.97933924e-01
    5.04878163e-01 5.01906514e-01 4.99842972e-01 5.02120435e-01
    4.99463558e-01 5.06476581e-01 5.01289546e-01 4.93405551e-01
    5.02949297e-01 5.09338915e-01 5.09445429e-01 5.06272435e-01
    5.06617427e-01 5.20882785e-01 5.20227015e-01 5.19311845e-01
    5.22984803e-01 5.20257175e-01 5.30256212e-01 5.30542195e-01
    5.25437891e-01 5.39277494e-01 5.24764776e-01 5.30222178e-01
    5.26955307e-01 5.23592114e-01 5.22796750e-01 5.20686150e-01
    5.20089567e-01 5.32703757e-01 5.26463389e-01 5.22867858e-01
    5.14606714e-01 5.07330120e-01 4.95190769e-01 4.82224017e-01
    4.77851033e-01 4.79850739e-01 4.66913432e-01 4.69622374e-01
    4.75385785e-01 4.77400273e-01 4.81312603e-01 4.78144646e-01
    4.78715926e-01 4.86845821e-01 4.82471168e-01 4.88151729e-01
    4.88084942e-01 4.88038331e-01 4.88267332e-01 4.97291923e-01
    4.93974596e-01 4.99754399e-01 4.93131310e-01 4.94151145e-01
    5.03006816e-01 5.00171781e-01 4.98194516e-01 4.87465799e-01
    4.98188168e-01 5.04658461e-01 5.01041234e-01 4.97891814e-01
    4.91671979e-01 4.89884466e-01 4.95357841e-01 4.94345725e-01
    4.92450684e-01 4.99815047e-01 4.96511132e-01 4.96656686e-01
    5.00827432e-01 4.94876623e-01 4.98721123e-01 5.03890038e-01
    5.08446574e-01 5.01455486e-01 4.96120155e-01 4.89782572e-01
    4.89808589e-01 4.94425714e-01 5.01747429e-01 5.05343020e-01
    5.02641916e-01 5.09155929e-01 5.07235408e-01 5.09552360e-01
    5.10470092e-01 5.06141543e-01 5.10319948e-01 5.05425751e-01
    5.01845479e-01 5.12771547e-01 5.11963665e-01 5.17835915e-01
    5.23689449e-01 5.27481377e-01 5.26151419e-01 5.21618009e-01
    5.22532523e-01 5.26339889e-01 5.30624330e-01 5.30891776e-01
    5.17018199e-01 5.19469738e-01 5.21091998e-01 5.15680015e-01
    5.13937175e-01 5.19388735e-01 5.10167718e-01 5.10973990e-01
    5.06287277e-01 5.05043209e-01 5.05744338e-01 5.09426653e-01
    5.07402241e-01 5.13243139e-01 5.12477636e-01 5.02624452e-01
    5.04045904e-01 5.13170123e-01 5.14646232e-01 5.15500844e-01
    5.20468652e-01 5.17093480e-01 5.03280461e-01 5.01858473e-01
    5.03549278e-01 5.04979610e-01 5.08384407e-01 5.05954742e-01
    4.96687472e-01 5.00812292e-01 4.88953888e-01 4.90327537e-01
    4.94057387e-01 4.86208826e-01 4.86029625e-01 4.87641156e-01
    4.87024009e-01 4.81375366e-01 4.83579755e-01 4.99745011e-01
    4.94479924e-01 4.88047481e-01 4.88595307e-01 4.88359362e-01
    4.88418221e-01 4.89631236e-01 4.86961037e-01 4.99132633e-01
    4.99227911e-01 4.99808550e-01 5.07693529e-01 5.04184365e-01
    4.96837229e-01 4.95358884e-01 4.99588132e-01 4.98788953e-01
    4.82680559e-01 4.89129275e-01 4.93909180e-01 4.95336235e-01
    4.98696029e-01 4.97897267e-01 5.03486216e-01 5.06204069e-01
    5.01424611e-01 5.10674834e-01 5.10231555e-01 5.15544713e-01
    5.17098784e-01 5.25136054e-01 5.28089941e-01 5.25792301e-01
    5.26407361e-01 5.34771085e-01 5.42057455e-01 5.36995053e-01
    5.43125570e-01 5.28786540e-01 5.28715372e-01 5.26394784e-01
    5.21908104e-01 5.23271203e-01 5.19465744e-01 5.22988617e-01
    5.20362437e-01 5.13343573e-01 5.13965726e-01 5.15073001e-01
    5.21222830e-01 5.24915218e-01 5.29275894e-01 5.21666944e-01
    5.23555577e-01 5.17424703e-01 5.21790385e-01 5.16685426e-01
    5.14840782e-01 5.23088276e-01 5.20562410e-01 5.16594946e-01
    5.11955261e-01 5.09097636e-01 5.16701400e-01 5.13415277e-01
    5.19844949e-01 5.17580032e-01 5.12118280e-01 5.12933314e-01
    5.21103740e-01 5.25261104e-01 5.31908512e-01 5.34512162e-01
    5.43833613e-01 5.41582465e-01 5.37284911e-01 5.32319963e-01
    5.27591169e-01 5.26031911e-01 5.27284682e-01 5.20450354e-01
    5.25051534e-01 5.22541165e-01 5.18401206e-01 5.16357601e-01
    5.20587146e-01 5.08780360e-01 5.06550729e-01 5.00248730e-01
    4.98817027e-01 4.94457513e-01 5.04531860e-01 5.03921330e-01
    5.12358785e-01 5.11731029e-01 5.07565916e-01 5.05331755e-01
    5.13287425e-01 5.10233343e-01 5.10162354e-01 5.08652270e-01
    5.14427125e-01 5.05353332e-01 5.14022171e-01 5.09596348e-01
    5.04752457e-01 5.04186213e-01 5.04600108e-01 4.95067954e-01
    4.89859253e-01 4.87528592e-01 4.94550288e-01 4.99539912e-01
    5.05520046e-01 5.01070619e-01 5.02879381e-01 5.05392432e-01
    5.03895044e-01 5.12292564e-01 5.04612982e-01 4.99735177e-01
    5.08711278e-01 5.14651418e-01 5.13985813e-01 5.13537169e-01
    5.14240026e-01 5.23742855e-01 5.21990538e-01 5.20291865e-01
    5.23368716e-01 5.19930482e-01 5.30654728e-01 5.31291246e-01
    5.26540637e-01 5.36880612e-01 5.19958377e-01 5.28719187e-01
    5.25881052e-01 5.22480726e-01 5.20894051e-01 5.21635830e-01
    5.16829848e-01 5.27612269e-01 5.24970949e-01 5.22659183e-01
    5.16584218e-01 5.09332597e-01 4.99875873e-01 4.86955881e-01
    4.80724663e-01 4.82187569e-01 4.71420944e-01 4.75298047e-01
    4.78950530e-01 4.79884624e-01 4.83939290e-01 4.83416975e-01
    4.84598607e-01 4.95618701e-01 4.90984827e-01 4.94785368e-01
    4.94180411e-01 4.92948532e-01 4.93996441e-01 5.01780331e-01
    4.97301102e-01 4.99890685e-01 4.94105130e-01 4.93576944e-01
    5.00823975e-01 4.98295248e-01 4.94306415e-01 4.83509064e-01
    4.92707074e-01 4.96499419e-01 4.90922302e-01 4.89945173e-01
    4.84584421e-01 4.83308643e-01 4.86242920e-01 4.86309856e-01
    4.82245922e-01 4.89687264e-01 4.90117013e-01 4.91699100e-01
    4.99709457e-01 4.95783567e-01 5.00194669e-01 5.08898258e-01
    5.12363195e-01 5.05493641e-01 5.03751099e-01 4.98827398e-01
    4.96985465e-01 5.01899481e-01 5.06613374e-01 5.13040483e-01
    5.09525120e-01 5.17399609e-01 5.17537057e-01 5.18482924e-01
    5.16668439e-01 5.08442521e-01 5.12032628e-01 5.07113397e-01
    5.02929211e-01 5.15975595e-01 5.14133036e-01 5.14989376e-01
    5.21284938e-01 5.22886515e-01 5.21415293e-01 5.17464519e-01
    5.13908565e-01 5.19002140e-01 5.23228705e-01 5.24517298e-01
    5.29447079e-01 5.32644808e-01 5.30866981e-01 5.25734067e-01
    5.22924364e-01 5.26445389e-01 5.18949866e-01 5.21297812e-01
    5.17488062e-01 5.16855776e-01 5.17901540e-01 5.18073201e-01
    5.12746871e-01 5.18275857e-01 5.19990385e-01 5.09008825e-01
    5.08790135e-01 5.15416980e-01 5.13401747e-01 5.16197026e-01
    5.22934854e-01 5.18491268e-01 5.09429276e-01 5.04788876e-01
    5.04863858e-01 5.06632030e-01 5.08960485e-01 5.08485317e-01
    4.99905318e-01 5.06741524e-01 4.95087236e-01 4.97224003e-01
    5.01359344e-01 4.95490640e-01 4.93897408e-01 4.95104373e-01
    4.93425578e-01 4.86591697e-01 4.89405066e-01 5.01633227e-01
    4.95391816e-01 4.89172995e-01 4.88902867e-01 4.90633637e-01
    4.85723048e-01 4.85529363e-01 4.83137667e-01 4.93622869e-01
    4.91204113e-01 4.91766125e-01 5.01475215e-01 4.97870594e-01
    4.90871072e-01 4.88725513e-01 4.95058507e-01 4.94350642e-01
    4.81558174e-01 4.87579316e-01 4.93025303e-01 4.95697409e-01
    4.95957255e-01 4.94822532e-01 5.00509977e-01 5.03246427e-01
    4.98876244e-01 5.10185242e-01 5.08612871e-01 5.10592699e-01
    5.13125539e-01 5.19787133e-01 5.20877004e-01 5.17437756e-01
    5.18525839e-01 5.25465965e-01 5.35066128e-01 5.31956255e-01
    5.37127912e-01 5.22979856e-01 5.25029778e-01 5.23004293e-01
    5.16081274e-01 5.17826915e-01 5.13928294e-01 5.18123150e-01
    5.15001476e-01 5.08884072e-01 5.12318134e-01 5.15691042e-01
    5.18669248e-01 5.20328879e-01 5.26285887e-01 5.17945409e-01
    5.20117044e-01 5.11340141e-01 5.16704500e-01 5.12844265e-01
    5.10906279e-01 5.18740654e-01 5.14805675e-01 5.08129358e-01
    5.06180823e-01 5.03760993e-01 5.12300968e-01 5.07879376e-01
    5.12055457e-01 5.10337949e-01 5.05443633e-01 5.03002286e-01
    5.09334445e-01 5.12948930e-01 5.20466864e-01 5.23663938e-01
    5.32530785e-01 5.29997408e-01 5.30224800e-01 5.23799896e-01
    5.19475222e-01 5.16305864e-01 5.16313851e-01 5.06790102e-01
    5.12541473e-01 5.10835409e-01 5.06940722e-01 5.05585253e-01
    5.09791493e-01 4.99861330e-01 4.97679830e-01 4.92122978e-01
    4.91634279e-01 4.85736251e-01 4.95086849e-01 4.92699385e-01
    5.03731072e-01 5.02353966e-01 4.96384054e-01 4.93577510e-01
    5.02366900e-01 5.00337899e-01 5.02484798e-01 5.03152132e-01
    5.10238767e-01 5.02183974e-01 5.09636581e-01 5.05171359e-01
    4.98079926e-01 4.97011304e-01 4.97224152e-01 4.90407437e-01
    4.87330526e-01 4.83535677e-01 4.92298394e-01 4.99454260e-01
    5.05074382e-01 5.03348470e-01 5.04186034e-01 5.07012308e-01
    5.07315457e-01 5.14428854e-01 5.07597029e-01 5.03065586e-01
    5.09156346e-01 5.16348064e-01 5.15596688e-01 5.15794516e-01
    5.15975893e-01 5.23969352e-01 5.23555338e-01 5.19323707e-01
    5.20957649e-01 5.19508123e-01 5.28109729e-01 5.27722657e-01
    5.23365080e-01 5.31638324e-01 5.17261028e-01 5.23415267e-01
    5.22244811e-01 5.22559345e-01 5.23171246e-01 5.23136139e-01
    5.19148648e-01 5.29773653e-01 5.23857355e-01 5.23747385e-01
    5.21396220e-01 5.15506268e-01 5.03955722e-01 4.93819058e-01
    4.86932844e-01 4.87076789e-01 4.76911426e-01 4.78002518e-01
    4.87163246e-01 4.89123195e-01 4.90913868e-01 4.90703940e-01
    4.92762744e-01 5.01408696e-01 4.94104266e-01 5.01440644e-01
    4.97473508e-01 4.94658530e-01 4.93520439e-01 5.01294315e-01
    4.95844364e-01 4.97927338e-01 4.93421435e-01 4.92183566e-01
    5.02409399e-01 4.94810283e-01 4.90050167e-01 4.79509115e-01
    4.87884015e-01 4.89599615e-01 4.84909296e-01 4.85726029e-01
    4.78912145e-01 4.76241916e-01 4.79548544e-01 4.79507118e-01
    4.78041470e-01 4.83065814e-01 4.84350055e-01 4.82655972e-01
    4.89495128e-01 4.85630900e-01 4.92173493e-01 5.01490414e-01
    5.04756510e-01 4.98321831e-01 4.96942282e-01 4.94184852e-01
    4.90137994e-01 4.94326800e-01 5.01487315e-01 5.07966518e-01
    5.05845308e-01 5.13024032e-01 5.15354276e-01 5.15442193e-01
    5.17247140e-01 5.12989700e-01 5.13776422e-01 5.09622514e-01
    5.02927780e-01 5.16876698e-01 5.13356149e-01 5.14741659e-01
    5.20829201e-01 5.25416374e-01 5.27630270e-01 5.25109529e-01
    5.22293627e-01 5.26607156e-01 5.32298088e-01 5.33877611e-01
    5.27486861e-01 5.29546857e-01 5.29360175e-01 5.25877595e-01
    5.22134364e-01 5.25122166e-01 5.17529309e-01 5.21279812e-01
    5.14740050e-01 5.17175138e-01 5.16820610e-01 5.16341388e-01
    5.11442363e-01 5.15142322e-01 5.18670022e-01 5.05652070e-01
    5.04235744e-01 5.09716451e-01 5.08028030e-01 5.08151412e-01
    5.13461828e-01 5.10437071e-01 5.03073573e-01 5.00445187e-01
    4.97024208e-01 5.00396609e-01 4.98902053e-01 5.00209153e-01
    4.92649436e-01 4.96610343e-01 4.88119692e-01 4.91777569e-01
    4.95495379e-01 4.90417272e-01 4.89556998e-01 4.89820898e-01
    4.92942214e-01 4.88961667e-01 4.92699683e-01 5.04010141e-01
    4.97334450e-01 4.94031399e-01 4.93701696e-01 4.97718453e-01
    4.92085636e-01 4.89816815e-01 4.90649372e-01 4.98970747e-01
    4.93801653e-01 4.97679114e-01 5.07092178e-01 5.01010597e-01
    4.95631009e-01 4.91555959e-01 4.94764239e-01 4.94509280e-01
    4.81783330e-01 4.83474761e-01 4.89418685e-01 4.93737698e-01
    4.96893466e-01 4.96810287e-01 5.03170967e-01 5.04411876e-01
    4.98410404e-01 5.12343645e-01 5.08474827e-01 5.09603679e-01
    5.12177229e-01 5.18430829e-01 5.16248822e-01 5.17938197e-01
    5.20903647e-01 5.26438057e-01 5.39375186e-01 5.36308229e-01
    5.37732959e-01 5.19892812e-01 5.22341132e-01 5.21852612e-01
    5.17944694e-01 5.21934271e-01 5.18167615e-01 5.22420764e-01
    5.20396054e-01 5.14847815e-01 5.18792570e-01 5.23777485e-01
    5.26096761e-01 5.23704469e-01 5.29585183e-01 5.18993616e-01
    5.17816544e-01 5.12518167e-01 5.16319215e-01 5.13168275e-01
    5.10345697e-01 5.16346395e-01 5.10099649e-01 5.02491236e-01
    4.99618411e-01 4.94119346e-01 5.02192020e-01 4.98825908e-01
    5.02995133e-01 5.00468254e-01 4.97650653e-01 4.96010214e-01
    5.03253520e-01 5.05562067e-01 5.10179698e-01 5.13907373e-01
    5.20302296e-01 5.15671313e-01 5.12779832e-01 5.07928908e-01
    5.02805769e-01 4.99102890e-01 5.02235532e-01 4.92843419e-01
    4.96289611e-01 4.95132536e-01 4.89888847e-01 4.89489138e-01
    4.93813634e-01 4.87187743e-01 4.89058703e-01 4.81990546e-01
    4.83581662e-01 4.79184508e-01 4.92745370e-01 4.92322505e-01
    5.02451181e-01 5.00252724e-01 5.00045776e-01 4.95565355e-01
    5.07589519e-01 5.04372358e-01 5.06433010e-01 5.07456422e-01
    5.15494049e-01 5.07098615e-01 5.11334777e-01 5.03282428e-01
    4.98690248e-01 4.99119550e-01 4.98853207e-01 4.89902109e-01
    4.88424689e-01 4.87792164e-01 4.99798119e-01 5.02862930e-01
    5.09741604e-01 5.09689808e-01 5.10325849e-01 5.15429199e-01
    5.12191415e-01 5.15476465e-01 5.08876681e-01 5.04435658e-01
    5.10856390e-01 5.16491711e-01 5.13174713e-01 5.12858391e-01
    5.13816059e-01 5.19183934e-01 5.15202105e-01 5.06791353e-01
    5.09337306e-01 5.07972717e-01 5.12710452e-01 5.16376495e-01
    5.12773216e-01 5.24480999e-01 5.10725319e-01 5.18182993e-01
    5.17956853e-01 5.17193377e-01 5.17856002e-01 5.19646525e-01
    5.17232358e-01 5.26252508e-01 5.24175465e-01 5.22116780e-01
    5.21936238e-01 5.17376900e-01 5.04203141e-01 4.96036381e-01
    4.86812800e-01 4.85940218e-01 4.74626094e-01 4.76486474e-01
    4.84416276e-01 4.87957090e-01 4.92797375e-01 4.93411362e-01
    4.97546911e-01 5.06751597e-01 4.99728292e-01 5.04972816e-01
    5.01978278e-01 5.00556231e-01 4.97079849e-01 5.08131027e-01
    5.02985060e-01 5.05746663e-01 5.00167608e-01 5.01589954e-01
    5.12804449e-01 5.04555941e-01 4.97819990e-01 4.87474293e-01
    4.94994134e-01 4.95029241e-01 4.87645239e-01 4.88596559e-01
    4.81749117e-01 4.81879264e-01 4.85119164e-01 4.87139851e-01
    4.83714581e-01 4.88367528e-01 4.88885373e-01 4.86008137e-01
    4.91345167e-01 4.85077769e-01 4.93009657e-01 5.03609419e-01
    5.04918456e-01 5.00752091e-01 4.97176707e-01 4.97063965e-01
    4.94674861e-01 4.97690111e-01 5.02243340e-01 5.06727636e-01
    5.03593922e-01 5.08895397e-01 5.09797215e-01 5.08540630e-01
    5.11720419e-01 5.06206870e-01 5.06375611e-01 5.00982523e-01
    4.92688328e-01 5.07299602e-01 5.04948914e-01 5.08611500e-01
    5.11436224e-01 5.14710248e-01 5.18366098e-01 5.17177165e-01
    5.16396940e-01 5.18791676e-01 5.27043879e-01 5.29915571e-01
    5.24356663e-01 5.25997460e-01 5.26133358e-01 5.24869025e-01
    5.20760059e-01 5.25908053e-01 5.19099057e-01 5.24059713e-01
    5.15574694e-01 5.20218074e-01 5.17250180e-01 5.16329110e-01
    5.14639080e-01 5.18172801e-01 5.21542132e-01 5.09771585e-01
    5.11728704e-01 5.16011536e-01 5.16451001e-01 5.15887022e-01
    5.21386027e-01 5.21039605e-01 5.12677431e-01 5.08049667e-01
    5.02308965e-01 5.09174585e-01 5.05271435e-01 5.07667243e-01
    5.00968337e-01 5.03070354e-01 4.94917810e-01 4.95746136e-01
    4.97722298e-01 4.87665951e-01 4.87635672e-01 4.86164063e-01
    4.91118520e-01 4.86303449e-01 4.87700611e-01 4.99000430e-01
    4.95647162e-01 4.91166294e-01 4.88930166e-01 4.92654026e-01
    4.87396449e-01 4.84580159e-01 4.85367447e-01 4.91684943e-01
    4.88978505e-01 4.93279845e-01 5.04639864e-01 5.00478804e-01
    4.93654400e-01 4.91350114e-01 4.95023727e-01 4.97359097e-01
    4.85256344e-01 4.84041214e-01 4.91880685e-01 4.98482943e-01
    5.01507938e-01 4.98879284e-01 5.04753292e-01 5.07499278e-01
    5.00964820e-01 5.13897479e-01 5.07902741e-01 5.09087861e-01
    5.10952652e-01 5.17375112e-01 5.11679947e-01 5.12467086e-01
    5.15709758e-01 5.20427287e-01 5.33306241e-01 5.27845383e-01
    5.24858236e-01 5.08749366e-01 5.13427913e-01 5.14251649e-01
    5.09875059e-01 5.17544270e-01 5.12765169e-01 5.17266989e-01
    5.12568891e-01 5.09418786e-01 5.11819899e-01 5.20231605e-01
    5.21665871e-01 5.16266346e-01 5.22356808e-01 5.11278212e-01
    5.13245165e-01 5.10675550e-01 5.13681650e-01 5.12824178e-01
    5.13378561e-01 5.19568324e-01 5.14450371e-01 5.08495629e-01
    5.06503463e-01 5.03005326e-01 5.08826852e-01 5.07872641e-01
    5.10668576e-01 5.07008076e-01 5.05835950e-01 5.04801691e-01
    5.09380162e-01 5.08854032e-01 5.09544790e-01 5.12826502e-01
    5.16486406e-01 5.08954287e-01 5.06271183e-01 4.97866750e-01
    4.92503226e-01 4.89117444e-01 4.92782921e-01 4.83985692e-01
    4.87016976e-01 4.85787183e-01 4.81073916e-01 4.80581611e-01
    4.82814461e-01 4.78339940e-01 4.82492089e-01 4.80709732e-01
    4.83860821e-01 4.79563296e-01 4.93869752e-01 4.90913481e-01
    4.99249876e-01 4.95693952e-01 4.97042269e-01 4.92366672e-01
    5.00567019e-01 4.97952163e-01 4.99229908e-01 5.01276255e-01
    5.08484721e-01 5.02190828e-01 5.08995533e-01 4.98888850e-01
    4.91261512e-01 4.90634948e-01 4.91378099e-01 4.81060088e-01
    4.81091678e-01 4.82912153e-01 4.96999204e-01 4.99071896e-01
    5.07371008e-01 5.09181499e-01 5.11092603e-01 5.14613688e-01
    5.11962056e-01 5.14078975e-01 5.09199619e-01 5.04541397e-01
    5.12082398e-01 5.20295739e-01 5.18196702e-01 5.18059134e-01
    5.20311952e-01 5.26367545e-01 5.23115456e-01 5.16019821e-01
    5.17477989e-01 5.12512088e-01 5.15563250e-01 5.17011762e-01
    5.15927255e-01 5.24815559e-01 5.11044264e-01 5.15073717e-01
    5.13657689e-01 5.16183078e-01 5.12042165e-01 5.11562884e-01
    5.10493755e-01 5.16505897e-01 5.12898803e-01 5.07588625e-01
    5.06345809e-01 5.03234088e-01 4.93533909e-01 4.88392979e-01
    4.79447275e-01 4.77507621e-01 4.65942562e-01 4.67108190e-01
    4.74781394e-01 4.79307115e-01 4.82647777e-01 4.85664040e-01
    4.90834624e-01 4.99914497e-01 4.96435821e-01 5.02334952e-01
    5.00451744e-01 4.96405274e-01 4.89192516e-01 4.99905854e-01
    4.95435566e-01 4.98397917e-01 4.92701501e-01 4.97681797e-01
    5.07973075e-01 4.99507546e-01 4.90906775e-01 4.81410354e-01
    4.87661928e-01 4.85894114e-01 4.75849122e-01 4.74173933e-01
    4.67461139e-01 4.69385713e-01 4.74091679e-01 4.79463518e-01
    4.74436343e-01 4.77606267e-01 4.77555275e-01 4.74224091e-01
    4.77571875e-01 4.75986511e-01 4.83181089e-01 4.96099144e-01
    4.96786386e-01 4.93189991e-01 4.90956873e-01 4.91613150e-01
    4.90638852e-01 4.92064863e-01 4.99450892e-01 5.01422822e-01
    4.98949200e-01 5.04345000e-01 5.04977643e-01 5.04521549e-01
    5.08782148e-01 5.02706468e-01 5.00472963e-01 4.97209162e-01
    4.86180007e-01 5.00559390e-01 4.99854803e-01 5.04179597e-01
    5.06912887e-01 5.11243284e-01 5.15856266e-01 5.10057032e-01
    5.12035251e-01 5.14317334e-01 5.24091661e-01 5.26744545e-01
    5.24938881e-01 5.25890708e-01 5.24822176e-01 5.19271910e-01
    5.12834847e-01 5.18807590e-01 5.13892055e-01 5.21716356e-01
    5.13085365e-01 5.21448910e-01 5.18363535e-01 5.17428696e-01
    5.17764032e-01 5.20326257e-01 5.24287164e-01 5.15275002e-01
    5.15056968e-01 5.18663168e-01 5.19483805e-01 5.18240809e-01
    5.23864210e-01 5.25215566e-01 5.16786993e-01 5.11488914e-01
    5.04571736e-01 5.10745943e-01 5.05803227e-01 5.05024910e-01
    5.00074625e-01 5.01611352e-01 4.95155156e-01 4.96487617e-01
    4.99747485e-01 4.89950806e-01 4.88039196e-01 4.85352814e-01
    4.91871059e-01 4.88090754e-01 4.88417149e-01 4.97541726e-01
    4.96573985e-01 4.91213948e-01 4.89450395e-01 4.90678251e-01
    4.86872464e-01 4.82198268e-01 4.80831057e-01 4.86161768e-01
    4.85937446e-01 4.88281608e-01 5.00793695e-01 4.96133119e-01
    4.90461946e-01 4.87246960e-01 4.91750598e-01 4.94438320e-01
    4.84456658e-01 4.82076764e-01 4.87638354e-01 4.94383365e-01
    4.97676373e-01 4.98315871e-01 5.04681647e-01 5.10319293e-01
    5.02439678e-01 5.15458703e-01 5.07550716e-01 5.09019136e-01
    5.12075067e-01 5.16952872e-01 5.13644636e-01 5.15883803e-01
    5.16112804e-01 5.20479381e-01 5.30192912e-01 5.26262105e-01
    5.23540795e-01 5.07370114e-01 5.09219408e-01 5.10414481e-01
    5.07653713e-01 5.16006708e-01 5.09353757e-01 5.15098095e-01
    5.11185229e-01 5.08831263e-01 5.12204230e-01 5.18698812e-01
    5.17787755e-01 5.15180171e-01 5.19816279e-01 5.12282610e-01
    5.11984944e-01 5.08036196e-01 5.13067484e-01 5.15112877e-01
    5.15974462e-01 5.19069254e-01 5.11094570e-01 5.04044235e-01
    5.05630791e-01 5.01484990e-01 5.07091880e-01 5.05907416e-01
    5.07517159e-01 5.06807268e-01 5.03659904e-01 5.05909562e-01
    5.07106602e-01 5.06516457e-01 5.07793963e-01 5.09718120e-01
    5.10208607e-01 5.03336132e-01 5.02506256e-01 4.99222845e-01
    4.94372457e-01 4.89673704e-01 4.93905902e-01 4.85611647e-01
    4.91767168e-01 4.94389176e-01 4.90625769e-01 4.91324276e-01
    4.90622729e-01 4.87662107e-01 4.93018478e-01 4.90664452e-01
    4.94446456e-01 4.90532547e-01 5.02062678e-01 4.99194324e-01
    5.05328059e-01 5.00978768e-01 4.98973161e-01 4.91979808e-01
    4.98238236e-01 4.94937479e-01 4.92052823e-01 4.90940154e-01
    4.97157276e-01 4.92956877e-01 4.98265773e-01 4.89110619e-01
    4.85581279e-01 4.81249273e-01 4.82115149e-01 4.73143816e-01
    4.73984331e-01 4.74662662e-01 4.88013327e-01 4.90209669e-01
    4.98323977e-01 5.00531733e-01 5.00146329e-01 5.05001128e-01
    5.05454898e-01 5.07058978e-01 5.05070210e-01 5.02718449e-01
    5.10195434e-01 5.14168084e-01 5.16364038e-01 5.16668320e-01
    5.16727209e-01 5.20387709e-01 5.18696845e-01 5.10963380e-01
    5.14408171e-01 5.13087511e-01 5.18002033e-01 5.21812379e-01
    5.19472659e-01 5.24860799e-01 5.14490187e-01 5.17543793e-01
    5.16286790e-01 5.18656492e-01 5.14398992e-01 5.12283206e-01
    5.08359969e-01 5.15707791e-01 5.13582110e-01 5.10690093e-01
    5.11395216e-01 5.09624958e-01 4.97975320e-01 4.91836190e-01
    4.80622321e-01 4.81230468e-01 4.71126258e-01 4.69875872e-01
    4.75760698e-01 4.82388496e-01 4.87218291e-01 4.92545098e-01
    4.99932587e-01 5.13657689e-01 5.11464536e-01 5.16514480e-01
    5.12530029e-01 5.09776056e-01 5.00547469e-01 5.12514651e-01
    5.06951332e-01 5.10663688e-01 5.05686820e-01 5.09542108e-01
    5.17942488e-01 5.10167062e-01 5.01503646e-01 4.90425408e-01
    4.96892780e-01 4.91161168e-01 4.79282975e-01 4.77582753e-01
    4.70474988e-01 4.72425222e-01 4.76511478e-01 4.82812583e-01
    4.76855606e-01 4.81733382e-01 4.82443333e-01 4.76448685e-01
    4.82345372e-01 4.81813222e-01 4.86277640e-01 4.95325744e-01
    4.95454669e-01 4.87830013e-01 4.88178164e-01 4.91343856e-01
    4.91678894e-01 4.95646089e-01 5.04048049e-01 5.06766081e-01
    5.03482580e-01 5.09412944e-01 5.07571936e-01 5.08632123e-01
    5.13265550e-01 5.06116629e-01 5.07445514e-01 5.07858694e-01
    4.97166544e-01 5.10943174e-01 5.13761818e-01 5.16632617e-01
    5.16609609e-01 5.20130336e-01 5.22191703e-01 5.13211370e-01
    5.14548123e-01 5.15914083e-01 5.22476315e-01 5.26769996e-01
    5.23874521e-01 5.26408911e-01 5.25935233e-01 5.23027956e-01
    5.16111195e-01 5.18222749e-01 5.14243007e-01 5.21875203e-01
    5.14067650e-01 5.22145987e-01 5.15951335e-01 5.16412675e-01
    5.13722658e-01 5.16441703e-01 5.19167781e-01 5.12832999e-01
    5.14809012e-01 5.18759787e-01 5.16762078e-01 5.14908135e-01
    5.16095400e-01 5.18351734e-01 5.12786269e-01 5.09428382e-01
    5.02133250e-01 5.05429983e-01 5.01962245e-01 5.04166186e-01
    4.96795118e-01 4.97562289e-01 4.92802203e-01 4.94238228e-01
    4.97935802e-01 4.85597849e-01 4.84876007e-01 4.82386589e-01
    4.90438342e-01 4.88168418e-01 4.88595426e-01 4.95491147e-01
    4.92572069e-01 4.90223318e-01 4.89012986e-01 4.89189178e-01
    4.85425055e-01 4.80778635e-01 4.83148009e-01 4.85716075e-01
    4.87948090e-01 4.89474893e-01 5.02407074e-01 4.95629728e-01
    4.93185073e-01 4.91049558e-01 4.96930808e-01 5.01100600e-01
    4.93184596e-01 4.92800921e-01 4.97690380e-01 5.03128111e-01
    5.05486667e-01 5.07124245e-01 5.10597408e-01 5.12123764e-01
    5.05006790e-01 5.17982304e-01 5.10543585e-01 5.12028694e-01
    5.14427483e-01 5.15548289e-01 5.09646714e-01 5.08871198e-01
    5.04702628e-01 5.08193851e-01 5.16860366e-01 5.11608481e-01
    5.09091616e-01 4.95758444e-01 4.93683189e-01 4.98761147e-01
    4.98012602e-01 5.06025910e-01 4.97201800e-01 5.02366066e-01
    4.98715281e-01 4.98859733e-01 5.02867579e-01 5.11343181e-01
    5.13993502e-01 5.15512228e-01 5.22433162e-01 5.13232946e-01
    5.16176224e-01 5.14517426e-01 5.20416021e-01 5.22279859e-01
    5.20496726e-01 5.21521330e-01 5.15159249e-01 5.08220017e-01
    5.08794129e-01 5.03090441e-01 5.07781625e-01 5.05610883e-01
    5.04975677e-01 5.01756132e-01 4.95666921e-01 4.98037994e-01
    5.01112580e-01 5.00753939e-01 5.02007544e-01 5.02944052e-01
    5.05805016e-01 5.02789855e-01 5.06402135e-01 5.02433598e-01
    4.95630801e-01 4.91272628e-01 4.98992622e-01 4.91523504e-01
    4.99912530e-01 5.03292918e-01 4.99020427e-01 4.98865604e-01
    4.93616641e-01 4.92634863e-01 4.96396422e-01 4.92412180e-01
    4.97246504e-01 4.91396487e-01 4.97582585e-01 4.91255552e-01
    4.98291552e-01 4.97890741e-01 4.95229065e-01 4.87996250e-01
    4.95231539e-01 4.92604792e-01 4.87817645e-01 4.86336261e-01
    4.96020079e-01 4.96599585e-01 5.00254095e-01 4.93421882e-01
    4.89657819e-01 4.82594460e-01 4.84316915e-01 4.79750127e-01
    4.83420700e-01 4.85961467e-01 4.96426165e-01 4.97653514e-01
    5.04126787e-01 5.04677415e-01 5.00951290e-01 5.07892847e-01
    5.09967387e-01 5.07346690e-01 5.05576909e-01 5.02177715e-01
    5.07054150e-01 5.12683928e-01 5.16856968e-01 5.17235398e-01
    5.15831172e-01 5.16535878e-01 5.13800502e-01 5.07301509e-01
    5.11173487e-01 5.07954359e-01 5.14638066e-01 5.17774940e-01
    5.14672399e-01 5.17080843e-01 5.11369646e-01 5.09960353e-01
    5.12366474e-01 5.13784289e-01 5.10769963e-01 5.07503450e-01
    5.03620863e-01 5.10442734e-01 5.09242594e-01 5.04415333e-01
    5.05111516e-01 5.04530668e-01 4.95952874e-01 4.87609684e-01
    4.77222860e-01 4.77019876e-01 4.68721360e-01 4.65553254e-01
    4.74425703e-01 4.78761941e-01 4.84207511e-01 4.88334358e-01
    4.97257143e-01 5.09204686e-01 5.07689297e-01 5.10886014e-01
    5.08614480e-01 5.07194579e-01 4.99188155e-01 5.09647667e-01
    5.06476283e-01 5.10202765e-01 5.07192016e-01 5.13363481e-01
    5.21126747e-01 5.11000335e-01 5.02459109e-01 4.94377375e-01
    5.00414252e-01 4.92939591e-01 4.83221203e-01 4.82256353e-01
    4.76077706e-01 4.77735251e-01 4.79875356e-01 4.84917223e-01
    4.78890210e-01 4.82143432e-01 4.83664215e-01 4.78796959e-01
    4.82830077e-01 4.83898282e-01 4.92120117e-01 5.01516461e-01
    4.99963939e-01 4.92621362e-01 4.96173620e-01 4.96396720e-01
    4.94251609e-01 5.02578020e-01 5.11600494e-01 5.13549864e-01
    5.11070669e-01 5.20209372e-01 5.19007146e-01 5.22463024e-01
    5.25910378e-01 5.19411385e-01 5.19607246e-01 5.18385887e-01
    5.08200049e-01 5.18592894e-01 5.19240499e-01 5.20744979e-01
    5.21218538e-01 5.28077006e-01 5.28651536e-01 5.20171165e-01
    5.21439850e-01 5.23512781e-01 5.25545359e-01 5.27946711e-01
    5.15561163e-01 5.19226670e-01 5.18851340e-01 5.17100632e-01
    5.10198116e-01 5.08000970e-01 5.02297163e-01 5.09718597e-01
    5.03273010e-01 5.11009157e-01 5.06322980e-01 5.08337677e-01
    5.07709980e-01 5.08366585e-01 5.15725851e-01 5.10977387e-01
    5.13230622e-01 5.18702447e-01 5.17103314e-01 5.17628849e-01
    5.21342933e-01 5.26591718e-01 5.24666965e-01 5.26038051e-01
    5.21596491e-01 5.25623798e-01 5.23126006e-01 5.28235912e-01
    5.17564654e-01 5.17722428e-01 5.15218735e-01 5.12883604e-01
    5.16390145e-01 5.07211626e-01 5.02410471e-01 5.01056135e-01
    5.07104337e-01 5.02515793e-01 5.02159655e-01 5.05777895e-01
    5.00988483e-01 4.95709360e-01 4.92311984e-01 4.92836833e-01
    4.87167299e-01 4.84016359e-01 4.83455122e-01 4.85045731e-01
    4.87544328e-01 4.88943607e-01 5.01051366e-01 4.99468595e-01
    4.93299782e-01 4.91087496e-01 4.96434450e-01 4.99777734e-01
    4.93147105e-01 4.94446546e-01 4.98683661e-01 5.04388452e-01
    5.04354656e-01 5.05157888e-01 5.06072879e-01 5.07677794e-01
    5.00811756e-01 5.11368454e-01 5.03332257e-01 5.03962219e-01
    5.02757788e-01 5.05031347e-01 4.96848941e-01 4.97659862e-01
    4.95090842e-01 4.98689085e-01 5.05642533e-01 5.03834724e-01
    5.01815021e-01 4.90242779e-01 4.86703187e-01 4.95543361e-01
    4.96881604e-01 5.04839480e-01 4.97791529e-01 5.01888573e-01
    4.97837484e-01 4.99639809e-01 5.04842818e-01 5.15044034e-01
    5.16430974e-01 5.18844366e-01 5.23694634e-01 5.15807152e-01
    5.17051816e-01 5.16363740e-01 5.21258175e-01 5.24391174e-01
    5.19536197e-01 5.20031869e-01 5.13206780e-01 5.07544816e-01
    5.09152770e-01 5.04736304e-01 5.10777056e-01 5.05372047e-01
    5.02609909e-01 4.99293327e-01 4.90720630e-01 4.94938999e-01
    4.97450918e-01 4.95466650e-01 4.93391454e-01 4.98573720e-01
    4.99095887e-01 4.96918976e-01 4.99701649e-01 4.96207178e-01
    4.89721447e-01 4.84412163e-01 4.90118086e-01 4.82016265e-01
    4.90995377e-01 4.98181909e-01 4.95211303e-01 4.95309919e-01
    4.90909457e-01 4.86159503e-01 4.92725670e-01 4.90215123e-01
    4.91340250e-01 4.86408889e-01 4.94242370e-01 4.86973882e-01
    4.94164616e-01 4.95863676e-01 4.96105731e-01 4.87835497e-01
    4.94048238e-01 4.93488520e-01 4.87517565e-01 4.84189779e-01
    4.92162794e-01 4.90496099e-01 4.95902181e-01 4.86683846e-01
    4.83118892e-01 4.75741476e-01 4.79191959e-01 4.74435180e-01
    4.79670763e-01 4.79506999e-01 4.86766279e-01 4.83560979e-01
    4.91209388e-01 4.91893679e-01 4.90154326e-01 4.96802360e-01
    4.99618113e-01 4.98694956e-01 4.97778475e-01 4.95651156e-01
    5.00063598e-01 5.05856693e-01 5.11200964e-01 5.13807416e-01
    5.12375176e-01 5.15296578e-01 5.12976885e-01 5.08500218e-01
    5.12958765e-01 5.08154273e-01 5.12992322e-01 5.15987933e-01
    5.09527206e-01 5.14495611e-01 5.09432971e-01 5.10577381e-01
    5.12536287e-01 5.14275312e-01 5.08811295e-01 5.04733086e-01
    5.00418067e-01 5.04291356e-01 5.02117038e-01 4.97969538e-01
    4.95178968e-01 4.97723997e-01 4.90235656e-01 4.83232081e-01
    4.71665859e-01 4.72419769e-01 4.60697114e-01 4.57487971e-01
    4.62308317e-01 4.63847965e-01 4.69056636e-01 4.72582400e-01
    4.84043032e-01 4.92932737e-01 4.94330287e-01 4.95377034e-01
    4.94949043e-01 4.96272415e-01 4.84984130e-01 4.96308893e-01
    4.93525535e-01 4.97675300e-01 4.97093499e-01 5.07064342e-01
    5.13092279e-01 5.06978869e-01 5.01652002e-01 4.95056689e-01
    5.04152954e-01 4.94998187e-01 4.86234069e-01 4.87307459e-01
    4.79664385e-01 4.79008943e-01 4.81217772e-01 4.89257812e-01
    4.83900726e-01 4.89025354e-01 4.89897907e-01 4.85390782e-01
    4.86312866e-01 4.86457527e-01 4.91778851e-01 5.01606107e-01
    4.99267310e-01 4.89959151e-01 4.92835820e-01 4.93516654e-01
    4.89126325e-01 5.01271784e-01 5.14232695e-01 5.13902187e-01
    5.10571659e-01 5.19964635e-01 5.19063711e-01 5.24757206e-01
    5.27161002e-01 5.21081746e-01 5.21803617e-01 5.21100402e-01
    5.12041748e-01 5.22406340e-01 5.24305046e-01 5.26060879e-01
    5.25448442e-01 5.30499399e-01 5.29988408e-01 5.19415379e-01
    5.23259580e-01 5.24159491e-01 5.24224102e-01 5.22511184e-01
    5.03792822e-01 5.07387996e-01 5.08480012e-01 5.08422613e-01
    5.02291977e-01 5.00809789e-01 4.96713191e-01 5.07341683e-01
    5.01722038e-01 5.13127387e-01 5.09502530e-01 5.12166977e-01
    5.10314941e-01 5.08713305e-01 5.16372800e-01 5.13337374e-01
    5.17996967e-01 5.24266422e-01 5.21971166e-01 5.22211015e-01
    5.26170254e-01 5.29848099e-01 5.25898278e-01 5.26931405e-01
    5.19598424e-01 5.22099555e-01 5.18001080e-01 5.22292316e-01
    5.10593653e-01 5.13305068e-01 5.15177071e-01 5.13127804e-01
    5.14694810e-01 5.05828559e-01 4.99136925e-01 4.98491079e-01
    5.03789604e-01 4.99809355e-01 4.98862416e-01 5.05316854e-01
    5.02114952e-01 4.96093154e-01 4.93032187e-01 4.90347505e-01
    4.88783598e-01 4.86804098e-01 4.84342903e-01 4.82479900e-01
    4.86062646e-01 4.91853565e-01 5.03486633e-01 5.02295375e-01
    4.98184562e-01 4.95870590e-01 5.00489712e-01 5.05996704e-01
    4.99259442e-01 4.98899579e-01 5.05392492e-01 5.12277842e-01
    5.14045179e-01 5.12462914e-01 5.12808740e-01 5.12944400e-01
    5.08130133e-01 5.16625464e-01 5.03794193e-01 5.05240858e-01
    5.02893209e-01 5.05031049e-01 4.97722298e-01 4.97367263e-01
    4.92220879e-01 4.93664026e-01 5.01824558e-01 5.01102209e-01
    4.98300791e-01 4.86636013e-01 4.81568485e-01 4.88114715e-01
    4.92570460e-01 5.01119256e-01 4.94320810e-01 4.99245971e-01
    4.94417965e-01 4.95221943e-01 5.00041127e-01 5.09935439e-01
    5.10545552e-01 5.14948785e-01 5.17656922e-01 5.11631966e-01
    5.10979891e-01 5.10487795e-01 5.14885306e-01 5.18362045e-01
    5.17317593e-01 5.14150798e-01 5.05922318e-01 5.01754165e-01
    5.04940212e-01 5.03147185e-01 5.08840084e-01 5.03215969e-01
    4.98992264e-01 4.95192736e-01 4.86305505e-01 4.93298203e-01
    4.95666027e-01 4.93951678e-01 4.90320206e-01 4.95187879e-01
    4.97310847e-01 4.94074851e-01 4.99382436e-01 4.96755332e-01
    4.92654681e-01 4.88926470e-01 4.94131744e-01 4.89168674e-01
    4.97870415e-01 5.04220068e-01 5.03192723e-01 5.03435671e-01
    4.98018980e-01 4.91278887e-01 4.96915817e-01 4.93403375e-01
    4.96324211e-01 4.88548875e-01 4.93811429e-01 4.87194389e-01
    4.92300391e-01 4.91729438e-01 4.88087058e-01 4.78768289e-01
    4.83769536e-01 4.82873201e-01 4.76804793e-01 4.73165214e-01
    4.79672462e-01 4.77481544e-01 4.82208878e-01 4.74586636e-01
    4.72410858e-01 4.64563429e-01 4.70218152e-01 4.67317283e-01
    4.71657813e-01 4.72393543e-01 4.81942505e-01 4.83356059e-01
    4.90899593e-01 4.90342766e-01 4.90485728e-01 4.97687578e-01
    5.00678003e-01 5.00778794e-01 5.01449645e-01 5.02595782e-01
    5.03370464e-01 5.07999718e-01 5.13091445e-01 5.13947904e-01
    5.15078843e-01 5.18587768e-01 5.18097997e-01 5.08933961e-01
    5.12918830e-01 5.09072483e-01 5.13437033e-01 5.15977263e-01
    5.09879768e-01 5.13104618e-01 5.09237826e-01 5.12421429e-01
    5.11845231e-01 5.16183734e-01 5.11759281e-01 5.06863415e-01
    5.03718436e-01 5.05804479e-01 5.04058242e-01 5.01107275e-01
    5.02292514e-01 5.02555132e-01 4.92178261e-01 4.84866530e-01
    4.73207146e-01 4.73857373e-01 4.62145448e-01 4.59091485e-01
    4.61962998e-01 4.64384347e-01 4.70302224e-01 4.76438046e-01
    4.88231868e-01 4.97952342e-01 4.98069853e-01 4.95924801e-01
    4.93870199e-01 4.93297935e-01 4.84821975e-01 4.97181714e-01
    4.99084353e-01 5.00898004e-01 5.04625261e-01 5.13742626e-01
    5.20104468e-01 5.15336215e-01 5.09448886e-01 5.02851009e-01
    5.09190440e-01 5.01214623e-01 4.92416143e-01 4.97003406e-01
    4.92860645e-01 4.94034439e-01 4.97347981e-01 5.04408300e-01
    4.96344566e-01 4.97887313e-01 4.97210622e-01 4.88327295e-01
    4.89475846e-01 4.89779204e-01 4.94538248e-01 5.04259944e-01
    4.98377740e-01 4.89681333e-01 4.89226967e-01 4.87272322e-01
    4.78124171e-01 4.87288415e-01 4.97226596e-01 4.95943516e-01
    4.91509497e-01 5.02242088e-01 5.01858294e-01 5.10068417e-01
    5.13001740e-01 5.07488370e-01 5.07015765e-01 5.05282879e-01
    4.96389836e-01 5.07244766e-01 5.07630050e-01 5.13100028e-01
    5.13373077e-01 5.19616961e-01 5.19787192e-01 5.10736704e-01
    5.13709724e-01 5.12903512e-01 5.12590945e-01 5.09107530e-01
    4.93153661e-01 4.96162802e-01 5.00286877e-01 5.03232419e-01
    4.93136108e-01 4.94033724e-01 4.92539227e-01 5.02863348e-01
    4.99324173e-01 5.11637866e-01 5.07153749e-01 5.06524563e-01
    5.04022121e-01 5.00560939e-01 5.07600248e-01 5.05332768e-01
    5.12446165e-01 5.17608166e-01 5.17407000e-01 5.16965628e-01
    5.20951152e-01 5.26107967e-01 5.19190967e-01 5.17425239e-01
    5.10506749e-01 5.12780130e-01 5.06445110e-01 5.13902366e-01
    5.02935529e-01 5.09395242e-01 5.15807271e-01 5.17391801e-01
    5.18260241e-01 5.07991433e-01 5.03714561e-01 5.01440763e-01
    5.05709887e-01 5.03235698e-01 5.03109932e-01 5.11771739e-01
    5.07617891e-01 5.04435182e-01 5.05010188e-01 5.02050757e-01
    4.98400211e-01 4.97820973e-01 4.94448990e-01 4.91968632e-01
    4.91038114e-01 4.96444464e-01 5.08908451e-01 5.07461727e-01
    5.02010405e-01 5.00070810e-01 5.01691103e-01 5.07798374e-01
    5.02677977e-01 5.02045453e-01 5.06545305e-01 5.07352173e-01
    5.10431647e-01 5.07947564e-01 5.07571280e-01 5.07963061e-01
    5.01962245e-01 5.12326598e-01 4.99506235e-01 5.02348423e-01
    4.97605175e-01 4.99810070e-01 4.92229074e-01 4.92481738e-01
    4.86024410e-01 4.86531973e-01 4.96091723e-01 4.93952364e-01
    4.92084175e-01 4.81494337e-01 4.79756534e-01 4.89172995e-01
    4.92434472e-01 4.99261677e-01 4.92404372e-01 4.97644544e-01
    4.93968219e-01 4.97336209e-01 5.01266956e-01 5.11825562e-01
    5.13280213e-01 5.18889070e-01 5.21678448e-01 5.15102088e-01
    5.17042994e-01 5.19671142e-01 5.24306595e-01 5.27853608e-01
    5.24623036e-01 5.19533038e-01 5.11164367e-01 5.07382512e-01
    5.11048138e-01 5.09602070e-01 5.12968361e-01 5.12140036e-01
    5.09693503e-01 5.05626380e-01 4.95806426e-01 5.01021564e-01
    5.04877746e-01 5.02877355e-01 5.00758529e-01 5.04719198e-01
    5.04821539e-01 5.01199186e-01 5.07314324e-01 5.07544279e-01
    5.04222393e-01 5.01256168e-01 5.03017187e-01 5.02242684e-01
    5.10354698e-01 5.13644040e-01 5.14886498e-01 5.17575324e-01
    5.11128843e-01 5.02385557e-01 5.06581187e-01 5.00867486e-01
    5.03156483e-01 4.96451646e-01 5.02275586e-01 4.96041447e-01
    4.95764881e-01 4.95644450e-01 4.92993057e-01 4.84720051e-01
    4.86927062e-01 4.85148877e-01 4.82057661e-01 4.77809668e-01
    4.81682688e-01 4.81540471e-01 4.88692731e-01 4.81426924e-01
    4.80789512e-01 4.71822232e-01 4.77435708e-01 4.74343300e-01
    4.80573773e-01 4.85379428e-01 4.92027700e-01 4.89683986e-01
    4.95706856e-01 4.95618254e-01 4.95600730e-01 4.99300420e-01
    5.00176370e-01 4.98431414e-01 5.00030994e-01 5.01716077e-01
    5.04970610e-01 5.08145630e-01 5.16419172e-01 5.18674135e-01
    5.19840598e-01 5.20807385e-01 5.19113779e-01 5.09593666e-01
    5.13945580e-01 5.10936558e-01 5.14798284e-01 5.13189197e-01
    5.06250918e-01 5.08907676e-01 5.09511709e-01 5.11339307e-01
    5.09281993e-01 5.11248231e-01 5.05609334e-01 4.96563405e-01
    4.88993317e-01 4.92102593e-01 4.88741845e-01 4.84613150e-01
    4.89186853e-01 4.92757976e-01 4.82839167e-01 4.76275593e-01
    4.68673199e-01 4.73633766e-01 4.63592738e-01 4.56562549e-01
    4.58548158e-01 4.61092323e-01 4.66067791e-01 4.76047933e-01
    4.90561754e-01 5.00245094e-01 4.98435766e-01 4.95878667e-01
    4.95794237e-01 4.94970977e-01 4.86546069e-01 5.00856221e-01
    4.99635875e-01 5.01423776e-01 5.02622247e-01 5.12090504e-01
    5.20407438e-01 5.16627014e-01 5.11301577e-01 5.06627798e-01
    5.08756757e-01 5.00882387e-01 4.92728591e-01 4.99953747e-01
    5.00323355e-01 5.02224863e-01 5.03459454e-01 5.09983957e-01
    4.98434454e-01 5.03318846e-01 5.01460373e-01 4.93539214e-01
    4.94842947e-01 4.93475139e-01 5.00423491e-01 5.07480800e-01
    5.01333833e-01 4.95705426e-01 4.97330070e-01 4.98182982e-01
    4.86641586e-01 4.91836011e-01 5.00778556e-01 5.00671327e-01
    4.96095210e-01 5.09688556e-01 5.06615818e-01 5.16426027e-01
    5.19353211e-01 5.11188686e-01 5.09086370e-01 5.07544577e-01
    4.99489188e-01 5.09084523e-01 5.06673217e-01 5.06855249e-01
    5.06229401e-01 5.12922406e-01 5.15357554e-01 5.05988061e-01
    5.09027064e-01 5.06134987e-01 5.04415989e-01 5.00253558e-01
    4.94250178e-01 4.98489171e-01 5.01962245e-01 5.03191352e-01
    4.92716730e-01 4.90151614e-01 4.89644855e-01 5.01231074e-01
    4.97937471e-01 5.07750809e-01 5.06065130e-01 5.04078686e-01
    5.02197742e-01 4.96622056e-01 5.04333436e-01 5.03875315e-01
    5.09305656e-01 5.14143944e-01 5.15095353e-01 5.14372230e-01
    5.18541455e-01 5.23681402e-01 5.18352687e-01 5.14882684e-01
    5.06939113e-01 5.08952796e-01 5.03100574e-01 5.09070575e-01
    5.01742601e-01 5.08711874e-01 5.16613722e-01 5.15718520e-01
    5.15066862e-01 5.08718193e-01 5.07062912e-01 5.02249420e-01
    5.04278958e-01 5.03853679e-01 5.02064407e-01 5.08306921e-01
    5.07512987e-01 5.04566848e-01 5.06983638e-01 5.01806557e-01
    4.99014735e-01 4.98966604e-01 4.95636970e-01 4.92812514e-01
    4.92328674e-01 4.99209344e-01 5.11557579e-01 5.08456588e-01
    5.05628765e-01 5.05355656e-01 5.03405213e-01 5.10827363e-01
    5.08330405e-01 5.08389294e-01 5.12008369e-01 5.12270451e-01
    5.18502772e-01 5.17698407e-01 5.14042377e-01 5.14300466e-01
    5.08993804e-01 5.16560614e-01 5.04279435e-01 5.02510548e-01
    5.00437260e-01 4.99441206e-01 4.92017150e-01 4.96906787e-01
    4.89630491e-01 4.89797860e-01 4.96923387e-01 4.96766657e-01
    4.92594302e-01 4.80339229e-01 4.77166802e-01 4.88501191e-01
    4.88141298e-01 4.93516624e-01 4.89847094e-01 4.94661689e-01
    4.90964442e-01 4.92329776e-01 4.97509331e-01 5.07423997e-01
    5.04142046e-01 5.12260973e-01 5.16514182e-01 5.09904742e-01
    5.13737559e-01 5.17035484e-01 5.21077752e-01 5.22794843e-01
    5.20419300e-01 5.19275129e-01 5.12580752e-01 5.05348623e-01
    5.09458959e-01 5.08811116e-01 5.13665199e-01 5.14080524e-01
    5.10665536e-01 5.10111332e-01 4.97950405e-01 5.03717542e-01
    5.09896457e-01 5.06177425e-01 5.04357398e-01 5.07781982e-01
    5.06706357e-01 5.01892388e-01 5.08456588e-01 5.08952498e-01
    5.08932114e-01 5.03557026e-01 5.08542597e-01 5.06774187e-01
    5.14948428e-01 5.17511904e-01 5.17223358e-01 5.22143960e-01
    5.13110340e-01 5.04261911e-01 5.05839109e-01 5.01894116e-01
    5.05949318e-01 5.02384603e-01 5.06591618e-01 4.98130769e-01
    4.96579170e-01 4.95695651e-01 4.95526910e-01 4.84441608e-01
    4.85506445e-01 4.80471164e-01 4.79323775e-01 4.75168705e-01
    4.75327790e-01 4.76465762e-01 4.81990635e-01 4.73479152e-01
    4.69945699e-01 4.61609781e-01 4.65778649e-01 4.63656604e-01
    4.72744972e-01 4.79647160e-01 4.88175988e-01 4.86599088e-01
    4.92962599e-01 4.93233502e-01 4.92278069e-01 4.95182544e-01
    4.99563217e-01 5.01046598e-01 5.02324164e-01 5.02640247e-01
    5.09768188e-01 5.11754096e-01 5.19257069e-01 5.22601366e-01
    5.25044441e-01 5.21423459e-01 5.19039154e-01 5.07143795e-01
    5.09964168e-01 5.07604301e-01 5.11641085e-01 5.10042310e-01
    5.03818214e-01 5.03777146e-01 5.01715720e-01 5.02811074e-01
    5.04331589e-01 5.04727006e-01 5.02761245e-01 4.93851215e-01
    4.84858394e-01 4.85321641e-01 4.83665377e-01 4.80446041e-01
    4.82958615e-01 4.84836906e-01 4.76437569e-01 4.67662394e-01
    4.65765387e-01 4.73504037e-01 4.61519361e-01 4.55948681e-01
    4.58871543e-01 4.60789680e-01 4.68992740e-01 4.76588994e-01
    4.92484689e-01 5.01560152e-01 4.98849154e-01 4.96502042e-01
    4.96134907e-01 4.99005973e-01 4.92742836e-01 5.03742039e-01
    5.07044137e-01 5.07313490e-01 5.04619420e-01 5.15662193e-01
    5.24444103e-01 5.20789504e-01 5.16262054e-01 5.07201791e-01
    5.10390699e-01 5.01559138e-01 4.97518182e-01 5.06396294e-01
    5.06496906e-01 5.08956730e-01 5.06331325e-01 5.10266185e-01
    4.98495817e-01 5.00460863e-01 4.96473849e-01 4.88865465e-01
    4.91492897e-01 4.90285754e-01 4.97816771e-01 5.00797868e-01
    4.97608870e-01 4.89869207e-01 4.88256127e-01 4.88773972e-01
    4.76898789e-01 4.82663363e-01 4.88994718e-01 4.89417315e-01
    4.85145152e-01 4.99592364e-01 4.98021990e-01 5.08371174e-01
    5.11909127e-01 5.04460454e-01 5.02120078e-01 5.00596642e-01
    4.96578157e-01 5.02712786e-01 5.01874506e-01 5.04306495e-01
    5.04850090e-01 5.09660423e-01 5.11747301e-01 5.03198683e-01
    5.08605242e-01 5.09558082e-01 5.07529855e-01 5.02814710e-01
    4.87448186e-01 4.89547014e-01 4.94710654e-01 4.99484867e-01
    4.91240323e-01 4.85711366e-01 4.88305986e-01 5.02259612e-01
    5.00071943e-01 5.10186672e-01 5.04824460e-01 5.03396690e-01
    4.99907017e-01 4.94902492e-01 5.03602624e-01 5.03495455e-01
    5.10609329e-01 5.14406204e-01 5.16047120e-01 5.16045868e-01
    5.17462850e-01 5.24431825e-01 5.20993114e-01 5.16741633e-01
    5.08786380e-01 5.11447012e-01 5.07022202e-01 5.14928162e-01
    5.09737670e-01 5.16675174e-01 5.22925138e-01 5.22804677e-01
    5.21802723e-01 5.16804338e-01 5.15659511e-01 5.10863304e-01
    5.09201050e-01 5.07862866e-01 5.05737364e-01 5.11660039e-01
    5.10882020e-01 5.09351552e-01 5.09241164e-01 5.04989147e-01
    5.03904402e-01 5.03530741e-01 5.00636578e-01 4.96850133e-01
    4.95307237e-01 4.99357522e-01 5.10216415e-01 5.07532716e-01
    5.03914058e-01 5.08541584e-01 5.09706259e-01 5.16849995e-01
    5.15316486e-01 5.14554262e-01 5.15386522e-01 5.15754700e-01
    5.18007398e-01 5.16772926e-01 5.11020362e-01 5.10939419e-01
    5.07746577e-01 5.14720917e-01 5.05318642e-01 5.02199709e-01
    4.99168992e-01 5.00921547e-01 4.93140906e-01 4.96058136e-01
    4.86841798e-01 4.83550608e-01 4.89865452e-01 4.89017606e-01
    4.86154109e-01 4.77136701e-01 4.74012375e-01 4.86071527e-01
    4.88006324e-01 4.94206399e-01 4.91620958e-01 4.99389440e-01
    4.98987615e-01 4.99938548e-01 5.04771769e-01 5.12734473e-01
    5.08632720e-01 5.17482579e-01 5.23685515e-01 5.17168581e-01
    5.22777975e-01 5.22890389e-01 5.25136828e-01 5.27247429e-01
    5.23012698e-01 5.20365953e-01 5.14067471e-01 5.07350028e-01
    5.05686641e-01 5.02604902e-01 5.08248150e-01 5.06679833e-01
    5.00416100e-01 4.99711066e-01 4.88200337e-01 4.91508126e-01
    4.97682631e-01 4.92626935e-01 4.94531333e-01 4.97691572e-01
    4.94381011e-01 4.93250549e-01 4.99980509e-01 4.98036265e-01
    4.97684389e-01 4.96212304e-01 5.02001524e-01 4.97951031e-01
    5.06941497e-01 5.12618542e-01 5.14352798e-01 5.20165265e-01
    5.13095498e-01 5.05327523e-01 5.08100390e-01 5.01735926e-01
    5.06406665e-01 5.04426003e-01 5.04612386e-01 4.97309864e-01
    4.96534914e-01 4.93991017e-01 4.93775129e-01 4.81962353e-01
    4.85268414e-01 4.81220365e-01 4.77621555e-01 4.73966181e-01
    4.75196034e-01 4.76683706e-01 4.80925024e-01 4.72198129e-01
    4.70988661e-01 4.65150028e-01 4.70569491e-01 4.70232934e-01
    4.75183666e-01 4.83321041e-01 4.91183192e-01 4.89420176e-01
    4.97521102e-01 4.99094576e-01 5.00250399e-01 5.03429949e-01
    5.06627440e-01 5.06227553e-01 5.10344684e-01 5.11337578e-01
    5.20146489e-01 5.23073196e-01 5.28097987e-01 5.31276882e-01
    5.32555878e-01 5.33431530e-01 5.32024682e-01 5.21021247e-01
    5.21600664e-01 5.21391213e-01 5.20856798e-01 5.14542639e-01
    5.11671185e-01 5.11881709e-01 5.08289337e-01 5.05246162e-01
    5.06223321e-01 5.06996036e-01 5.04460156e-01 4.94130850e-01
    4.84096348e-01 4.85496700e-01 4.80735034e-01 4.75042492e-01
    4.79545206e-01 4.85668093e-01 4.77415860e-01 4.71706539e-01
    4.73301381e-01 4.79029477e-01 4.66691017e-01 4.65490580e-01
    4.69594985e-01 4.69733208e-01 4.75048423e-01 4.82339829e-01
    5.01245320e-01 5.10750592e-01 5.06600440e-01 5.05209327e-01
    5.05210161e-01 5.03866732e-01 4.96187717e-01 5.04095316e-01
    5.06681561e-01 5.05198658e-01 5.03854096e-01 5.15845478e-01
    5.20753205e-01 5.13863087e-01 5.12736022e-01 5.03848076e-01
    5.07857561e-01 4.98160899e-01 4.95227903e-01 5.07355630e-01
    5.05365193e-01 5.10354817e-01 5.09115934e-01 5.09297788e-01
    4.97708023e-01 5.02265394e-01 4.97631401e-01 4.89612490e-01
    4.89249736e-01 4.87659216e-01 4.97881770e-01 5.00480294e-01
    4.95502084e-01 4.87716258e-01 4.85870510e-01 4.84772652e-01
    4.73100185e-01 4.82672662e-01 4.86655921e-01 4.90815878e-01
    4.90561992e-01 5.05547643e-01 5.02029479e-01 5.11669338e-01
    5.14482796e-01 5.08633494e-01 5.06333649e-01 5.02410710e-01
    5.00920296e-01 5.07338345e-01 5.03084064e-01 5.04791617e-01
    5.05124927e-01 5.09016335e-01 5.08301020e-01 5.01759410e-01
    5.04584670e-01 5.03069103e-01 5.01019478e-01 4.93354321e-01
    4.85235900e-01 4.87936050e-01 4.92335111e-01 4.98866111e-01
    4.89695579e-01 4.85406846e-01 4.92955327e-01 5.05828202e-01
    5.07845998e-01 5.19838214e-01 5.15300751e-01 5.11965930e-01
    5.11010110e-01 5.06440639e-01 5.14232099e-01 5.16241014e-01
    5.23156404e-01 5.21816850e-01 5.26262701e-01 5.25332212e-01
    5.25349796e-01 5.32031775e-01 5.27969003e-01 5.22114217e-01
    5.13916969e-01 5.11111498e-01 5.04640102e-01 5.10966420e-01
    5.08130014e-01 5.12891293e-01 5.19096673e-01 5.16672611e-01
    5.14331818e-01 5.09416103e-01 5.10880232e-01 5.03262579e-01
    5.02316117e-01 5.02457142e-01 5.00813782e-01 5.03923953e-01
    5.02235293e-01 5.02336681e-01 5.02486408e-01 4.97621417e-01
    4.97487068e-01 4.98418212e-01 4.99875247e-01 4.95489001e-01
    4.95324224e-01 5.00695646e-01 5.10991752e-01 5.07692814e-01
    5.05075336e-01 5.09798706e-01 5.07496059e-01 5.13051152e-01
    5.14380038e-01 5.15557587e-01 5.14454186e-01 5.16234040e-01
    5.18359661e-01 5.17160237e-01 5.10341108e-01 5.04854321e-01
    5.02351582e-01 5.09705245e-01 4.99547660e-01 4.95813280e-01
    4.93882179e-01 4.97570187e-01 4.90253747e-01 4.95212317e-01
    4.86917198e-01 4.82227296e-01 4.86318022e-01 4.86843616e-01
    4.84479159e-01 4.76486474e-01 4.71950859e-01 4.81707364e-01
    4.86444682e-01 4.92823452e-01 4.87612784e-01 4.93992954e-01
    4.94533300e-01 4.96369094e-01 4.97610062e-01 5.04732668e-01
    4.99347478e-01 5.09146750e-01 5.17265975e-01 5.10926247e-01
    5.15278816e-01 5.12924910e-01 5.15277445e-01 5.17398059e-01
    5.15412152e-01 5.13562858e-01 5.08085787e-01 5.02994955e-01
    5.02289116e-01 5.00196934e-01 5.06023109e-01 5.07695496e-01
    5.01801729e-01 5.01954019e-01 4.90831077e-01 4.92738545e-01
    4.96694714e-01 4.94135499e-01 4.98711973e-01 5.04289985e-01
    5.00858009e-01 5.00122368e-01 5.05709529e-01 5.01840472e-01
    5.03003478e-01 4.98194963e-01 5.03450215e-01 4.99153078e-01
    5.06404936e-01 5.12760341e-01 5.16122222e-01 5.23727596e-01
    5.15969455e-01 5.09187162e-01 5.12310624e-01 5.07506251e-01
    5.10994315e-01 5.10030925e-01 5.10102272e-01 5.04812121e-01
    5.04965007e-01 4.99328852e-01 5.04487813e-01 4.92948979e-01
    4.94005442e-01 4.90711689e-01 4.84383494e-01 4.82152045e-01
    4.81002778e-01 4.85214323e-01 4.90669489e-01 4.81482804e-01
    4.79957432e-01 4.72682536e-01 4.78157967e-01 4.77547497e-01
    4.78426993e-01 4.87280309e-01 4.95836109e-01 4.91399437e-01
    4.99540359e-01 5.01333892e-01 5.01521289e-01 5.06628931e-01
    5.06111026e-01 5.04671574e-01 5.06067574e-01 5.05981326e-01
    5.12003362e-01 5.15546560e-01 5.20688593e-01 5.26837051e-01
    5.28876007e-01 5.30299664e-01 5.28114855e-01 5.21338940e-01
    5.19969165e-01 5.20882070e-01 5.20426512e-01 5.13284385e-01
    5.11014283e-01 5.14268100e-01 5.12233734e-01 5.11074960e-01
    5.14446139e-01 5.15485108e-01 5.13069868e-01 5.03023982e-01
    4.91620481e-01 4.90150154e-01 4.88728255e-01 4.82577205e-01
    4.84805435e-01 4.93372291e-01 4.83655095e-01 4.79022861e-01
    4.84057575e-01 4.91333693e-01 4.79668587e-01 4.75280464e-01
    4.77949560e-01 4.77597028e-01 4.83121783e-01 4.88503546e-01
    5.06033421e-01 5.12095332e-01 5.07804513e-01 5.03786266e-01
    5.06026983e-01 5.04829705e-01 4.97911781e-01 5.06875515e-01
    5.11273503e-01 5.07397056e-01 5.03314912e-01 5.12421429e-01
    5.20087719e-01 5.11615038e-01 5.12034893e-01 5.01561701e-01
    5.04086435e-01 4.96357203e-01 4.96637642e-01 5.08218765e-01
    5.09103239e-01 5.13376236e-01 5.09021938e-01 5.06331086e-01
    4.93973643e-01 4.95322376e-01 4.89772439e-01 4.83483851e-01
    4.82675552e-01 4.81330842e-01 4.95755792e-01 4.96871054e-01
    4.95683908e-01 4.88041192e-01 4.86569583e-01 4.87461597e-01
    4.77376878e-01 4.82846081e-01 4.86547649e-01 4.93532896e-01
    4.93384182e-01 5.08393407e-01 5.05659521e-01 5.16472638e-01
    5.16438186e-01 5.12493432e-01 5.08905411e-01 5.02997816e-01
    5.01623333e-01 5.04191697e-01 5.01867473e-01 5.01383185e-01
    4.98458743e-01 5.01927197e-01 5.03887773e-01 4.94843870e-01
    4.96857554e-01 4.98871088e-01 4.96141315e-01 4.87777293e-01
    4.88245338e-01 4.88634318e-01 4.91586447e-01 5.01891732e-01
    4.89376158e-01 4.84721094e-01 4.93277997e-01 5.05061269e-01
    5.07678390e-01 5.18100858e-01 5.13263047e-01 5.11182725e-01
    5.11909246e-01 5.05571187e-01 5.11099100e-01 5.13182044e-01
    5.20112395e-01 5.17123222e-01 5.20921886e-01 5.21248460e-01
    5.20508409e-01 5.29826641e-01 5.23236454e-01 5.14394462e-01
    5.05367577e-01 5.03399372e-01 4.98744786e-01 5.05600810e-01
    5.02993047e-01 5.08162141e-01 5.13389945e-01 5.09628296e-01
    5.06277442e-01 5.00075698e-01 5.01765132e-01 4.94667649e-01
    4.92562711e-01 4.88738060e-01 4.88831073e-01 4.93006736e-01
    4.94566768e-01 4.92651492e-01 4.93376464e-01 4.86517578e-01
    4.89386290e-01 4.87305433e-01 4.88928050e-01 4.83991325e-01
    4.84293848e-01 4.91253883e-01 5.02625585e-01 4.97918069e-01
    4.96013820e-01 5.01730382e-01 5.01546621e-01 5.07420301e-01
    5.10279357e-01 5.09862959e-01 5.11043370e-01 5.11326313e-01
    5.14867008e-01 5.14490962e-01 5.09749413e-01 5.04856467e-01
    5.05017698e-01 5.12385607e-01 5.02648056e-01 4.98098016e-01
    4.97354448e-01 5.00445724e-01 4.93556529e-01 4.97355312e-01
    4.87856925e-01 4.84209031e-01 4.89604384e-01 4.91389573e-01
    4.87041175e-01 4.82292861e-01 4.74857837e-01 4.81897175e-01
    4.83429909e-01 4.88949031e-01 4.81675744e-01 4.83798921e-01
    4.85385805e-01 4.84588593e-01 4.84400958e-01 4.91347790e-01
    4.84291941e-01 4.95711982e-01 5.00757158e-01 4.96433407e-01
    4.98101354e-01 5.00247300e-01 5.00926554e-01 5.01094043e-01
    5.01625478e-01 5.03327549e-01 4.97009933e-01 4.94648308e-01
    4.97216165e-01 4.93332118e-01 5.04583061e-01 5.05840540e-01
    5.01481175e-01 5.02107501e-01 4.89621729e-01 4.91125822e-01
    4.92737740e-01 4.92139012e-01 4.94255722e-01 4.99095470e-01
    4.97837663e-01 4.98390645e-01 5.01377404e-01 4.97773796e-01
    5.00093162e-01 4.98045415e-01 5.01067579e-01 4.96074468e-01
    5.08295357e-01 5.09903371e-01 5.15753210e-01 5.23307681e-01
    5.15599310e-01 5.08890450e-01 5.12655318e-01 5.08345723e-01
    5.11266887e-01 5.12978315e-01 5.11952698e-01 5.05995631e-01
    5.07564366e-01 4.98307616e-01 4.99654979e-01 4.90052700e-01
    4.90436047e-01 4.84489083e-01 4.79936689e-01 4.76769686e-01
    4.77140784e-01 4.84748185e-01 4.89849985e-01 4.78683859e-01
    4.76272345e-01 4.70786631e-01 4.72857445e-01 4.71508265e-01
    4.74975526e-01 4.81135666e-01 4.91987079e-01 4.87177283e-01
    4.96581912e-01 4.96327430e-01 4.96084064e-01 5.02878726e-01
    5.04115343e-01 4.99673098e-01 4.98198897e-01 5.00714242e-01
    5.09374619e-01 5.14003038e-01 5.17672837e-01 5.26511133e-01
    5.29560924e-01 5.30417979e-01 5.31102061e-01 5.23359597e-01
    5.23322940e-01 5.24624944e-01 5.23446798e-01 5.17528594e-01
    5.14631987e-01 5.16063154e-01 5.14662445e-01 5.11980176e-01
    5.16606450e-01 5.17602384e-01 5.15460908e-01 5.05699158e-01
    4.94383752e-01 4.90459412e-01 4.88965511e-01 4.80021387e-01
    4.84569579e-01 4.92355943e-01 4.83832985e-01 4.82495189e-01
    4.87397730e-01 4.93284464e-01 4.80965674e-01 4.75273728e-01
    4.81051266e-01 4.77748722e-01 4.80896294e-01 4.83962774e-01
    4.99864072e-01 5.05994201e-01 5.06438971e-01 5.03884375e-01
    5.06016731e-01 5.05927205e-01 4.97438848e-01 5.02565205e-01
    5.03493965e-01 4.98112231e-01 4.96801555e-01 5.07913589e-01
    5.17089903e-01 5.09674788e-01 5.09456456e-01 4.98510540e-01
    5.01179039e-01 4.93522078e-01 4.92490649e-01 5.02075970e-01
    5.01238108e-01 5.09421170e-01 5.01050949e-01 4.99775141e-01
    4.90465462e-01 4.92876619e-01 4.85986739e-01 4.81423348e-01
    4.78200257e-01 4.75080103e-01 4.88290220e-01 4.88918364e-01
    4.90477890e-01 4.84189093e-01 4.83996481e-01 4.83313948e-01
    4.71159548e-01 4.77190346e-01 4.78405446e-01 4.84766245e-01
    4.83918846e-01 4.98746663e-01 4.94089454e-01 5.09075344e-01
    5.08075416e-01 5.06258488e-01 5.02851725e-01 4.97356236e-01
    4.97953057e-01 4.98530388e-01 4.96770442e-01 4.95943874e-01
    4.93593246e-01 4.97321874e-01 4.98511016e-01 4.87483650e-01
    4.93405789e-01 4.99592870e-01 4.96432722e-01 4.91266221e-01</data></your_img>
</opencv_storage>
