<?xml version="1.0"?>
<opencv_storage>
<g>1.7400000000000000e+00</g>
<r>2</r>
<filter-type>1</filter-type>
<circular>0</circular>
<L2_diff>1.2853391162100576e+02</L2_diff>
<test_img type_id="opencv-matrix">
  <rows>128</rows>
  <cols>256</cols>
  <dt>f</dt>
  <data>
    4.51737881e-01 6.62306905e-01 6.19672239e-01 2.81245857e-01
    3.71417046e-01 3.70202184e-01 3.80213886e-01 7.59552956e-01
    7.86719441e-01 2.62150943e-01 4.77341652e-01 6.37583673e-01
    3.55018973e-01 7.61697888e-01 7.09870696e-01 1.70901448e-01
    8.94673109e-01 6.19381070e-02 6.08250439e-01 9.37164485e-01
    6.34909034e-01 1.14786625e-01 5.76821625e-01 7.12939262e-01
    7.94811964e-01 8.18421364e-01 5.58650494e-03 4.97390926e-01
    4.55625206e-01 3.72797698e-01 4.22794908e-01 1.58726811e-01
    8.73548508e-01 2.10639238e-01 7.73328304e-01 3.40811044e-01
    2.68600225e-01 8.16769719e-01 5.49404681e-01 7.59168327e-01
    9.40388143e-02 6.10097528e-01 3.02085280e-01 8.37824702e-01
    8.48696351e-01 5.27627409e-01 7.67771959e-01 8.20402324e-01
    9.20439601e-01 8.76882911e-01 5.57818592e-01 8.64297688e-01
    5.65417528e-01 8.24193895e-01 6.44533694e-01 9.56582785e-01
    1.80565119e-02 9.86844242e-01 1.94686979e-01 3.14445496e-01
    7.60016322e-01 2.99786091e-01 3.82710576e-01 1.83723867e-01
    1.07902408e-01 4.12999451e-01 8.32153380e-01 6.23612523e-01
    8.99065554e-01 4.36075896e-01 6.32871807e-01 7.99967289e-01
    4.95992273e-01 6.28325164e-01 7.63229847e-01 2.79130816e-01
    2.19455868e-01 5.52766562e-01 2.33186483e-01 7.42741704e-01
    1.36379063e-01 3.96888107e-01 9.75833237e-02 4.00946409e-01
    6.78060174e-01 5.44276714e-01 4.24601823e-01 9.54754710e-01
    6.66396320e-02 4.96635139e-01 8.25296402e-01 5.91465890e-01
    6.46430731e-01 7.68300176e-01 9.10661459e-01 3.46780121e-01
    3.46201301e-01 3.04230332e-01 4.19725060e-01 2.35414684e-01
    9.21027541e-01 2.58366168e-01 7.29860067e-01 5.72211146e-01
    4.23304707e-01 3.88586551e-01 1.84807986e-01 5.25781393e-01
    9.72536564e-01 8.44804585e-01 8.14815581e-01 9.21763241e-01
    1.28781855e-01 7.50652790e-01 7.11772919e-01 4.35057044e-01
    7.41881013e-01 8.24908793e-01 5.91620982e-01 4.29652095e-01
    4.14027393e-01 2.49225497e-01 5.97598314e-01 4.40891683e-01
    7.16388524e-02 3.09762597e-01 6.66604936e-02 9.26589608e-01
    2.43717730e-02 8.68027091e-01 8.98162603e-01 8.26587677e-01
    3.02793533e-01 6.10197186e-02 6.34815812e-01 6.20669723e-01
    4.68307436e-02 2.08127499e-01 3.85567725e-01 2.21926451e-01
    9.55432653e-04 9.42275107e-01 1.61398470e-01 2.30273277e-01
    6.67164981e-01 2.50578821e-02 4.04215574e-01 6.05470836e-02
    7.43263662e-01 3.36768329e-02 1.04901046e-01 1.21428579e-01
    8.53688717e-01 1.80584490e-01 1.79431707e-01 5.41833937e-01
    9.84019279e-01 5.54744363e-01 5.51013410e-01 3.01213324e-01
    9.32209015e-01 4.03056622e-01 2.36052066e-01 8.19983482e-01
    9.73256171e-01 7.40738213e-01 4.77441251e-02 5.03265977e-01
    5.40748835e-02 3.78179371e-01 7.99939215e-01 9.29233670e-01
    3.09379190e-01 9.38413382e-01 4.75849211e-01 5.72516978e-01
    5.16268432e-01 4.68763262e-01 6.58106446e-01 5.70420504e-01
    5.00499070e-01 4.00608301e-01 5.91505170e-01 3.16763282e-01
    1.81092590e-01 8.22877526e-01 5.23160934e-01 6.77242875e-01
    8.05654347e-01 5.76731861e-02 1.55919641e-01 9.50600207e-01
    6.72040582e-01 4.13455904e-01 2.63490140e-01 4.55175281e-01
    6.75933897e-01 2.91712880e-02 2.13485271e-01 6.89965248e-01
    4.63856995e-01 2.64053702e-01 2.42940366e-01 7.68110156e-01
    4.56250042e-01 7.02805996e-01 3.38664472e-01 3.21026981e-01
    3.45142215e-01 4.99771893e-01 9.76937950e-01 2.02298611e-01
    7.11965859e-01 9.47677791e-01 1.39757186e-01 2.15402663e-01
    6.35961831e-01 3.17644477e-01 7.85072088e-01 8.32401276e-01
    9.55836654e-01 3.48157763e-01 1.62460238e-01 3.07658613e-02
    7.09140599e-02 2.75926828e-01 3.97745699e-01 7.11924911e-01
    4.55885708e-01 4.03893232e-01 3.41826320e-01 1.26818180e-01
    5.68786919e-01 1.79487824e-01 1.60155177e-01 1.81785136e-01
    7.89741278e-02 2.92453945e-01 7.92432904e-01 2.91399181e-01
    1.67629391e-01 8.15237522e-01 9.43526089e-01 3.51608813e-01
    8.34778607e-01 8.64563286e-01 7.98993945e-01 8.99755061e-02
    7.77560294e-01 6.66266322e-01 2.92562008e-01 2.69076049e-01
    2.48344928e-01 1.63576633e-01 3.31393868e-01 9.72633600e-01
    7.63866842e-01 3.14379811e-01 8.44963431e-01 9.54311788e-01
    7.90973961e-01 3.95302176e-01 9.18332219e-01 6.87226951e-01
    3.49564373e-01 9.79593396e-02 2.50521421e-01 7.81512916e-01
    7.37175047e-02 2.81880289e-01 4.70386386e-01 5.09411395e-01
    4.63112772e-01 5.22307158e-01 5.54574132e-02 1.09977245e-01
    9.02014136e-01 3.42669070e-01 6.17602348e-01 6.35222137e-01
    8.67465258e-01 5.66771507e-01 5.07850528e-01 7.64253378e-01
    2.75710106e-01 9.29845691e-01 3.02337468e-01 9.14580166e-01
    1.71960145e-01 9.01178420e-01 8.56679082e-01 4.28619891e-01
    4.59380150e-02 8.83909762e-01 2.00385034e-01 6.28377497e-01
    8.70499015e-02 3.52983803e-01 1.82896584e-01 1.43120050e-01
    4.33481365e-01 6.60316110e-01 7.82470226e-01 9.83254552e-01
    6.54319763e-01 8.21354389e-01 7.72261381e-01 7.76526213e-01
    8.10361624e-01 7.86435485e-01 6.30513787e-01 6.36097491e-02
    5.87451935e-01 8.69197130e-01 6.86078906e-01 9.41069365e-01
    3.29745382e-01 7.46315360e-01 8.44676971e-01 2.28278816e-01
    7.32115209e-01 8.00064385e-01 8.18921208e-01 3.96978915e-01
    6.84129834e-01 1.33200616e-01 4.39165652e-01 1.42915726e-01
    4.36588317e-01 9.83473539e-01 5.62644601e-01 9.20754790e-01
    5.95927060e-01 9.80963647e-01 6.55420005e-01 3.55864108e-01
    5.68473697e-01 8.47508013e-02 3.09406519e-01 8.57024670e-01
    5.34270525e-01 8.78158867e-01 3.60026479e-01 1.46798670e-01
    1.61407322e-01 7.61417449e-02 9.36626315e-01 7.67555416e-01
    6.39894187e-01 3.72729152e-01 2.20501810e-01 9.18304682e-01
    7.56157279e-01 4.96523172e-01 3.96951795e-01 1.94424331e-01
    4.28870887e-01 4.61259246e-01 4.90208209e-01 1.67531669e-01
    4.53360409e-01 3.51450622e-01 3.39010954e-01 1.86848760e-01
    9.48927045e-01 3.42852771e-02 5.53003073e-01 8.53624880e-01
    2.94375420e-01 9.16026533e-01 9.69639421e-01 3.52901012e-01
    9.33096290e-01 9.37311828e-01 4.23738122e-01 5.67539394e-01
    2.49559700e-01 7.03445494e-01 1.45489305e-01 8.68938923e-01
    4.53761280e-01 4.50899065e-01 6.33192062e-01 2.53719062e-01
    2.91611910e-01 4.07919109e-01 1.64756775e-01 7.00404406e-01
    9.48374629e-01 7.22784281e-01 6.56104147e-01 7.54582584e-01
    1.57666773e-01 5.42968929e-01 7.36883581e-01 2.91206211e-01
    3.91102433e-02 4.13408279e-01 9.36493397e-01 2.06743509e-01
    4.67966110e-01 6.47542834e-01 8.84622455e-01 2.42934495e-01
    2.21723855e-01 8.90635848e-01 9.88525152e-01 4.44329381e-01
    4.60827112e-01 7.64205873e-01 8.61341238e-01 4.30088043e-01
    9.90745187e-01 7.76154816e-01 4.10335779e-01 2.90783495e-01
    8.89727950e-01 5.64260304e-01 9.61829484e-01 2.76512206e-01
    8.10361147e-01 6.53166533e-01 9.89472151e-01 8.91212046e-01
    6.02109075e-01 1.29701823e-01 3.11508417e-01 6.26509368e-01
    1.52299345e-01 4.67768639e-01 5.21756828e-01 3.77561599e-01
    8.90553236e-01 8.65640879e-01 8.78635883e-01 2.49830186e-02
    4.96313900e-01 8.32075834e-01 5.39392352e-01 3.69014680e-01
    5.69259346e-01 6.89049363e-01 2.64364660e-01 3.36885124e-01
    4.51642871e-01 1.74987912e-02 5.25388718e-02 4.30640340e-01
    7.87265062e-01 3.36026549e-01 6.35801196e-01 8.97637248e-01
    8.76108289e-01 5.40435255e-01 2.10048556e-01 4.13210690e-01
    3.81972909e-01 6.33160114e-01 2.94264197e-01 5.50240040e-01
    4.66369271e-01 4.90844190e-01 3.27452004e-01 4.80073690e-03
    7.54840016e-01 2.67049670e-01 5.67761302e-01 2.00111240e-01
    9.62421298e-03 2.73886174e-01 1.20707273e-01 5.97111344e-01
    7.14799047e-01 8.26903820e-01 9.19516683e-02 2.35455215e-01
    6.70393467e-01 4.33279634e-01 6.24337196e-02 1.77819639e-01
    3.64569724e-02 6.26635432e-01 4.20670152e-01 1.19493723e-01
    5.31954169e-01 1.13124549e-02 4.55245823e-01 3.81021947e-01
    4.09900188e-01 4.71301079e-02 1.75056279e-01 8.36059809e-01
    2.64932871e-01 1.12236947e-01 6.35730505e-01 6.25454903e-01
    2.93523967e-02 5.42507410e-01 5.85559547e-01 6.70615435e-01
    7.92442441e-01 9.68736410e-01 2.26462394e-01 2.77445495e-01
    3.45897973e-02 3.09972107e-01 5.86936772e-02 4.23405468e-02
    9.61388350e-01 6.68666482e-01 3.36439073e-01 4.46866751e-02
    7.56889760e-01 4.63450819e-01 4.79151487e-01 8.97332788e-01
    8.41578841e-01 5.15205741e-01 3.65771294e-01 2.13755399e-01
    2.24647820e-01 9.45597887e-01 7.07220912e-01 6.67435765e-01
    7.22320497e-01 4.62596357e-01 1.75846130e-01 8.00112784e-01
    6.21848702e-02 1.77154481e-01 2.51321465e-01 8.79054904e-01
    6.96499228e-01 5.16449690e-01 6.79495573e-01 9.95220542e-01
    1.31394774e-01 5.06749868e-01 6.17853165e-01 2.30839223e-01
    7.25274324e-01 6.89377725e-01 6.48435593e-01 8.81933212e-01
    9.24735904e-01 8.51893723e-02 2.30061024e-01 7.82466412e-01
    8.43113422e-01 2.74898648e-01 2.63722301e-01 7.52678812e-02
    6.86118782e-01 3.04765254e-01 3.33691835e-01 6.61081493e-01
    3.30483586e-01 2.14394003e-01 8.17388773e-01 3.65616560e-01
    9.96840477e-01 6.91036642e-01 9.53707457e-01 2.62139142e-02
    5.56440413e-01 7.34329283e-01 8.65008831e-01 1.24749511e-01
    5.14470100e-01 6.05966151e-02 6.40856862e-01 2.75326967e-02
    6.13695681e-02 9.26834106e-01 9.36406791e-01 9.35273349e-01
    4.59572434e-01 9.43097591e-01 5.47982037e-01 1.36518747e-01
    5.30830085e-01 6.00518167e-01 6.51917815e-01 1.60450399e-01
    5.44117033e-01 2.53848195e-01 3.07614982e-01 4.24754828e-01
    6.89265788e-01 3.25275242e-01 5.43385923e-01 4.44584161e-01
    4.46878612e-01 6.60643339e-01 2.34235287e-01 4.31123316e-01
    1.86704487e-01 7.40712225e-01 1.48217261e-01 4.09631848e-01
    4.45878208e-02 9.61714447e-01 5.92164218e-01 5.36804438e-01
    5.90325415e-01 5.73456943e-01 6.30139470e-01 8.22613239e-02
    5.96692383e-01 9.59382296e-01 9.33953166e-01 9.43674564e-01
    9.76819277e-01 4.08340871e-01 6.99590147e-01 4.12212819e-01
    1.54857546e-01 3.10356230e-01 1.40072435e-01 9.37116861e-01
    6.46700919e-01 1.05122656e-01 3.86076570e-02 6.39196873e-01
    3.59315932e-01 9.42390680e-01 9.94816422e-03 7.56293416e-01
    7.17450917e-01 8.38700831e-01 6.17187917e-01 1.87795669e-01
    1.58368558e-01 5.06197095e-01 7.79513001e-01 3.08418453e-01
    1.64252371e-01 4.88485217e-01 8.46619010e-01 3.83366287e-01
    6.76127672e-01 7.69864380e-01 1.09799087e-01 2.60612816e-01
    3.39810878e-01 1.43111408e-01 1.06882870e-01 2.11133957e-01
    8.19323540e-01 6.76215529e-01 9.50360179e-01 5.28962791e-01
    5.98356247e-01 4.95830685e-01 8.11694801e-01 5.74722886e-01
    8.78763318e-01 8.49079549e-01 7.81043887e-01 4.29696321e-01
    6.22758985e-01 4.44958329e-01 2.59035140e-01 6.57557249e-01
    8.83027315e-02 9.48950946e-02 8.41179788e-01 2.37138331e-01
    2.65967369e-01 3.27974379e-01 6.75526142e-01 5.22102237e-01
    3.30011010e-01 7.01386809e-01 9.55986977e-01 1.96310818e-01
    1.51345044e-01 9.22700882e-01 1.05551720e-01 2.67307222e-01
    5.94928205e-01 9.22047853e-01 8.98827314e-01 8.36444497e-01
    6.77462637e-01 4.86542076e-01 8.43010843e-01 9.51972961e-01
    3.50256085e-01 2.67901480e-01 4.22116458e-01 2.07619429e-01
    8.00027966e-01 4.80587482e-01 9.76136386e-01 1.18229419e-01
    9.07011151e-01 8.64778221e-01 6.72649324e-01 8.76822114e-01
    6.68950379e-01 7.15347469e-01 5.33152342e-01 2.80601770e-01
    7.89384007e-01 7.01831818e-01 3.78845006e-01 6.46720409e-01
    1.07289493e-01 4.99181420e-01 7.89128661e-01 4.76277322e-01
    1.82865381e-01 8.53459656e-01 9.68824506e-01 9.42943931e-01
    5.06561399e-02 1.66789591e-02 7.20364153e-02 1.50975376e-01
    4.30738360e-01 7.97878027e-01 6.70057833e-02 8.66340935e-01
    2.60253131e-01 2.37056255e-01 6.61081731e-01 4.34940457e-02
    6.22802138e-01 2.43595004e-01 5.00104666e-01 8.92930627e-01
    8.98259103e-01 3.29500973e-01 7.64031291e-01 6.77403688e-01
    9.28018630e-01 3.58642936e-02 4.44213599e-01 7.76348293e-01
    4.22374636e-01 6.56489730e-01 7.62883067e-01 7.38600492e-02
    4.40038323e-01 6.02124631e-01 8.91792297e-01 9.66336370e-01
    3.83702993e-01 3.92210186e-01 1.34902537e-01 7.18524933e-01
    2.24356860e-01 8.45499933e-02 5.84603429e-01 6.07243598e-01
    1.14896625e-01 9.90819395e-01 3.77301157e-01 7.01146126e-02
    3.08867097e-01 3.22719395e-01 3.56078923e-01 2.79699862e-01
    6.18398190e-01 6.88519835e-01 9.22606707e-01 3.52050751e-01
    4.55757082e-02 4.38708961e-01 3.01702052e-01 1.80020988e-01
    3.93134356e-01 9.30589914e-01 9.50579882e-01 1.89054012e-02
    6.43496335e-01 8.00287485e-01 7.27682531e-01 8.93922091e-01
    6.62160456e-01 5.02035081e-01 4.53248382e-01 5.76171279e-01
    2.08046973e-01 3.22667837e-01 3.82176250e-01 7.33558118e-01
    6.95773661e-01 5.81598103e-01 2.25434065e-01 6.42442405e-01
    2.41222978e-01 1.42812729e-02 2.78488934e-01 1.58441603e-01
    6.49805665e-02 8.55522156e-01 8.47613573e-01 3.99556160e-01
    4.47507709e-01 1.14340425e-01 9.15167034e-01 8.46919656e-01
    1.94042325e-02 8.10170472e-01 2.25377172e-01 4.03353751e-01
    6.19786918e-01 2.10109890e-01 3.40749919e-02 4.98886079e-01
    1.06733471e-01 8.43438745e-01 6.51186466e-01 4.31154668e-01
    5.26409984e-01 3.03985775e-01 6.71968222e-01 7.66027749e-01
    8.15061688e-01 2.64171600e-01 4.06030387e-01 4.57942218e-01
    2.50356734e-01 6.93909407e-01 7.53306746e-02 9.84725475e-01
    8.76085520e-01 2.84722775e-01 7.03760982e-02 6.43775582e-01
    2.42859483e-01 7.71664739e-01 9.01150227e-01 5.90279937e-01
    8.80377650e-01 6.00721419e-01 4.75896478e-01 4.14092660e-01
    8.74413669e-01 7.79469967e-01 8.96034479e-01 6.86323047e-02
    5.47947288e-01 9.04556692e-01 9.53480005e-02 7.24604249e-01
    3.20077598e-01 9.59677696e-01 2.51504898e-01 3.41340065e-01
    3.19222927e-01 7.53111720e-01 6.20668113e-01 4.76877987e-01
    4.72410619e-02 9.76289272e-01 1.40523911e-02 3.08688581e-01
    2.37907141e-01 4.84261066e-01 5.51106691e-01 8.87386143e-01
    6.36905313e-01 8.82993102e-01 8.53342414e-01 3.95466685e-01
    5.79830348e-01 6.76778674e-01 5.72361052e-01 4.61714149e-01
    3.52458358e-01 3.60008836e-01 2.24148870e-01 2.65119463e-01
    5.84969521e-01 2.40939856e-01 4.49356437e-02 9.10893977e-01
    5.85248232e-01 6.04743361e-01 5.89747369e-01 8.50233555e-01
    1.58008039e-02 9.54134464e-02 1.58977866e-01 3.16116750e-01
    4.73116636e-01 8.51834297e-01 8.58225346e-01 8.44993293e-01
    9.86018181e-01 2.54319847e-01 3.99628341e-01 8.42925787e-01
    6.25585079e-01 3.27287436e-01 8.59539747e-01 6.98066950e-01
    3.03502142e-01 7.32237101e-02 1.11043721e-01 9.19890046e-01
    2.63871551e-01 6.10710502e-01 8.11806917e-02 4.37913954e-01
    8.73374164e-01 4.81111586e-01 1.78498954e-01 1.54660970e-01
    3.02848190e-01 9.62075591e-03 4.66665834e-01 6.81507468e-01
    1.21115297e-01 3.27501893e-02 9.89855409e-01 6.02831304e-01
    6.04143500e-01 5.58336675e-01 7.23621368e-01 7.02588081e-01
    2.03436643e-01 8.66707563e-02 8.65823805e-01 9.07222211e-01
    2.64756680e-02 5.33457518e-01 1.38038129e-01 1.83987290e-01
    7.06067383e-02 2.28880316e-01 6.27104282e-01 5.71425974e-01
    3.50228429e-01 7.07346320e-01 1.99939311e-02 5.05970478e-01
    1.92017436e-01 5.42872012e-01 6.16089642e-01 6.21999383e-01
    5.71309626e-01 6.57658458e-01 7.36844003e-01 4.46967006e-01
    4.73324805e-01 9.50378120e-01 3.90007496e-02 6.55869842e-01
    6.63532019e-01 5.17395258e-01 7.73173273e-01 2.83982098e-01
    1.37083232e-01 7.62079298e-01 5.59319615e-01 7.35927343e-01
    2.81414032e-01 1.13830864e-02 8.66440058e-01 6.15506768e-02
    2.69055605e-01 6.07962012e-01 3.44979078e-01 1.13508135e-01
    4.15416658e-01 4.22702372e-01 9.48374867e-02 7.63069034e-01
    8.13780427e-01 2.35484928e-01 4.68328178e-01 5.08850634e-01
    4.16218668e-01 2.72330403e-01 7.14530170e-01 9.00402188e-01
    3.10540199e-01 4.88776505e-01 8.20631266e-01 5.47150552e-01
    6.24319494e-01 8.57537746e-01 1.29008263e-01 1.53267115e-01
    4.10017669e-02 9.91629124e-01 7.75511384e-01 2.83872187e-02
    7.96843529e-01 9.11267638e-01 3.99840772e-01 7.63049841e-01
    1.71440065e-01 1.84920549e-01 2.20017225e-01 8.89505267e-01
    5.24784625e-02 6.30766869e-01 9.58449602e-01 3.24021935e-01
    5.04307270e-01 2.86912173e-01 2.49613136e-01 4.69734192e-01
    1.84581637e-01 9.28264976e-01 7.58545280e-01 5.46871483e-01
    8.21416676e-01 5.39726853e-01 9.17748451e-01 9.00695801e-01
    5.55824637e-02 4.16389704e-02 9.17125583e-01 4.32323158e-01
    5.60842931e-01 6.12653792e-02 5.41000664e-01 3.79615873e-01
    6.79471791e-02 6.19440854e-01 1.40348524e-01 4.16257739e-01
    4.32022452e-01 4.22895968e-01 7.28218079e-01 2.29632974e-01
    9.26794410e-01 2.83512115e-01 8.91946912e-01 3.70617151e-01
    7.11422980e-01 4.33272123e-02 9.58429337e-01 6.33255601e-01
    7.87629187e-01 4.85022932e-01 6.96978331e-01 9.88723993e-01
    2.07473576e-01 3.37658048e-01 7.58963585e-01 6.08575821e-01
    7.46841252e-01 6.73114479e-01 7.38501787e-01 2.79239953e-01
    8.65668893e-01 7.84639359e-01 8.08334291e-01 7.63658643e-01
    3.94043744e-01 2.66087800e-01 1.28020257e-01 1.90296084e-01
    7.70906925e-01 1.19504631e-02 9.59671855e-01 3.58318269e-01
    4.79179323e-01 5.15748084e-01 3.93889010e-01 9.41700220e-01
    2.99682438e-01 9.42905784e-01 1.45243108e-01 7.03281283e-01
    3.79845947e-01 6.77654982e-01 1.56512618e-01 9.08375263e-01
    3.45559716e-01 5.70400894e-01 3.41706991e-01 9.66130793e-02
    1.06342226e-01 5.39746761e-01 1.95596606e-01 2.76780248e-01
    8.92837346e-02 8.39800656e-01 8.14879060e-01 1.31675124e-01
    1.24192595e-01 9.23593938e-02 2.64176607e-01 7.46293068e-01
    2.08454847e-01 8.18138540e-01 3.11830401e-01 9.13351953e-01
    2.43208915e-01 2.53130376e-01 8.05715919e-01 7.27165461e-01
    2.26929188e-01 4.94593263e-01 7.45787680e-01 5.33140361e-01
    9.95096028e-01 8.03262889e-01 4.44640964e-01 6.66418552e-01
    6.87922239e-01 5.37672937e-01 7.80747056e-01 3.01257789e-01
    8.97237539e-01 7.21119821e-01 7.81590223e-01 3.08308989e-01
    5.01647592e-01 9.43031549e-01 2.91653275e-02 8.64747405e-01
    8.68849576e-01 1.11189485e-01 7.22838640e-01 9.62160587e-01
    3.01837981e-01 2.90848613e-01 1.42862976e-01 2.55219579e-01
    1.76299214e-01 8.28731835e-01 3.02561671e-01 1.83276325e-01
    8.58677268e-01 5.61806917e-01 2.30752736e-01 4.86299992e-01
    7.01025069e-01 1.15783483e-01 2.27003068e-01 2.00421870e-01
    4.97093201e-01 7.07008302e-01 1.79016173e-01 1.15889102e-01
    6.26880407e-01 3.64083856e-01 9.55895543e-01 4.68498945e-01
    2.94180989e-01 7.96601534e-01 6.55262291e-01 2.88893163e-01
    5.51722050e-01 3.31659585e-01 2.93095231e-01 4.73539203e-01
    9.22089696e-01 3.51527750e-01 6.48613870e-01 7.47759640e-01
    8.69824290e-01 5.99902749e-01 3.96801621e-01 5.76427817e-01
    7.58910358e-01 3.94433856e-01 8.67605269e-01 6.24229729e-01
    4.60245043e-01 8.31230104e-01 3.29734921e-01 4.88626510e-01
    3.78621638e-01 3.29049170e-01 4.15154159e-01 1.79445237e-01
    3.68636012e-01 6.67346716e-02 7.64667094e-01 8.16819668e-02
    6.74405694e-02 2.03792155e-01 6.14741504e-01 3.90693545e-01
    3.25129151e-01 9.79071259e-01 2.45320946e-01 8.60382199e-01
    3.60026240e-01 7.15849161e-01 4.79336619e-01 3.54526728e-01
    4.88749176e-01 3.37076545e-01 8.84199679e-01 3.17119360e-01
    5.33188879e-01 2.78594106e-01 1.95868850e-01 2.30428427e-01
    3.39453042e-01 9.50537443e-01 3.65584731e-01 1.16884649e-01
    1.27586395e-01 5.16415119e-01 9.71172512e-01 1.27533138e-01
    6.23935163e-01 2.58534849e-01 1.34871542e-01 5.61770082e-01
    4.51102525e-01 3.31826180e-01 9.49243069e-01 9.76402998e-01
    3.19682539e-01 8.05590332e-01 1.16317868e-01 9.87127900e-01
    3.42517912e-01 8.02223802e-01 7.96970785e-01 6.33387268e-01
    9.20869708e-01 1.59515738e-02 2.06123859e-01 3.54277134e-01
    4.37244177e-01 4.98367757e-01 5.67170143e-01 5.58574438e-01
    1.97606146e-01 7.19095349e-01 1.41907752e-01 5.52642226e-01
    8.06577504e-02 4.13109839e-01 5.80775023e-01 6.50549829e-01
    4.51242924e-01 4.68382806e-01 4.06431854e-01 3.07034910e-01
    6.41596079e-01 3.35843682e-01 9.92585659e-01 7.88278580e-02
    6.07528150e-01 1.74402684e-01 6.60907269e-01 7.59145021e-01
    1.41685843e-01 9.19685364e-02 1.88283205e-01 1.15571767e-01
    7.52424002e-01 4.35285509e-01 8.84090424e-01 1.29160017e-01
    6.72775745e-01 2.13150322e-01 3.24602664e-01 3.18562120e-01
    4.84730512e-01 9.47729468e-01 7.16043472e-01 2.74492204e-02
    7.26917744e-01 7.28151321e-01 6.88071489e-01 8.17693710e-01
    2.66457438e-01 9.40575242e-01 7.63522089e-01 1.43689513e-02
    8.90745401e-01 7.95864582e-01 1.16501093e-01 2.38465071e-02
    3.67869556e-01 9.93202984e-01 1.04283541e-01 4.68127429e-02
    5.18103242e-02 5.59606016e-01 4.85533923e-01 3.15702111e-01
    9.02545273e-01 7.38199949e-02 3.06732923e-01 4.93381381e-01
    8.52113366e-01 5.28389335e-01 8.46138000e-01 9.20881271e-01
    9.27183628e-01 3.33738863e-01 3.24145198e-01 4.90674883e-01
    3.82435948e-01 7.11982846e-01 7.77952492e-01 7.23430037e-01
    3.14255834e-01 1.52150720e-01 3.09081644e-01 2.91617751e-01
    6.06704056e-02 8.68185043e-01 3.58399659e-01 8.88720512e-01
    1.30840898e-01 3.82245123e-01 8.07160437e-01 5.87004542e-01
    9.46071744e-03 4.66637611e-01 8.95310521e-01 4.48874086e-01
    3.26597095e-01 7.78719306e-01 3.01744223e-01 3.27522755e-01
    7.56801367e-01 8.93220603e-02 6.37745500e-01 2.59186924e-01
    2.21142143e-01 1.92413658e-01 7.05206275e-01 2.26321369e-01
    4.31476086e-01 9.61465359e-01 7.81080127e-02 9.18395400e-01
    9.60697889e-01 3.88737738e-01 1.48264796e-01 4.67484593e-02
    3.26384485e-01 6.96664333e-01 3.30128819e-01 7.76685834e-01
    7.60445893e-02 6.94915295e-01 9.10997391e-01 4.19823766e-01
    3.44159305e-01 9.51742649e-01 9.41896439e-01 7.19271600e-01
    8.75455081e-01 8.64646852e-01 4.04989719e-02 8.56356740e-01
    5.51021993e-01 8.24180245e-01 3.54999423e-01 9.98756588e-01
    6.17281556e-01 7.55701065e-01 1.88286662e-01 8.78030360e-01
    5.22659302e-01 7.66866922e-01 9.73138034e-01 2.39015132e-01
    1.30518079e-01 3.31377238e-01 9.49639022e-01 5.10258615e-01
    4.11785036e-01 1.51344001e-01 8.28845859e-01 6.12216055e-01
    1.54763609e-01 7.35789359e-01 3.19551110e-01 8.12620997e-01
    8.76117349e-01 4.89628226e-01 3.38548362e-01 6.29752398e-01
    8.76197696e-01 5.41372836e-01 1.55380756e-01 1.24645263e-01
    6.74397349e-01 5.74421942e-01 8.29076111e-01 1.59744084e-01
    8.69606555e-01 9.51375961e-01 4.29277897e-01 5.70787787e-01
    5.64156234e-01 6.33765578e-01 3.66960317e-01 4.94027853e-01
    7.97373474e-01 9.09409940e-01 1.42288983e-01 8.72799039e-01
    7.17670619e-01 5.63018024e-01 8.75160098e-01 4.15988863e-02
    4.70757306e-01 7.28434563e-01 8.45152378e-01 9.27788496e-01
    4.06402588e-01 5.42551458e-01 6.61387801e-01 3.96895140e-01
    9.66244340e-02 2.98990250e-01 3.53838474e-01 9.81886983e-02
    9.98093486e-02 8.95817161e-01 8.85445118e-01 4.65610623e-02
    7.53591895e-01 6.99144959e-01 1.43921882e-01 5.66022813e-01
    9.16122317e-01 1.94806814e-01 5.08555949e-01 1.42773718e-01
    6.77897215e-01 9.20656919e-01 9.29691195e-01 3.13371003e-01
    1.12020552e-01 5.11277616e-01 5.35573661e-01 8.16711783e-02
    9.05651212e-01 2.90718853e-01 2.95364261e-01 7.46542811e-02
    3.23519230e-01 9.23032045e-01 3.89663100e-01 4.23105061e-01
    4.05826181e-01 7.10457206e-01 4.13514078e-02 7.08128810e-01
    4.00933176e-01 2.92690098e-02 5.92326403e-01 1.22778773e-01
    1.69570178e-01 6.64372146e-02 7.76579022e-01 3.24218512e-01
    8.36270809e-01 7.52800643e-01 8.57230127e-02 2.95889288e-01
    4.81587321e-01 6.02990746e-01 7.90333688e-01 4.96056646e-01
    2.75944769e-01 9.44096684e-01 6.61788881e-01 7.41740108e-01
    5.53884983e-01 3.75280470e-01 1.65159106e-01 6.99447811e-01
    3.19027364e-01 1.04160756e-01 7.21166849e-01 7.00203478e-02
    1.46581829e-01 8.52389812e-01 1.26343906e-01 2.66185313e-01
    8.88918400e-01 4.79576051e-01 2.97049880e-02 5.32182574e-01
    9.30173337e-01 7.23719299e-01 7.24706471e-01 6.58778489e-01
    8.08204532e-01 7.26729035e-01 8.60868990e-02 1.09569550e-01
    2.83464670e-01 5.81957757e-01 6.94283485e-01 2.76812643e-01
    1.77786559e-01 5.81993163e-01 7.59336114e-01 7.81419873e-03
    5.83521247e-01 3.81795079e-01 1.88024372e-01 7.17146277e-01
    3.24416637e-01 6.05565846e-01 9.44222867e-01 3.17230254e-01
    3.22335184e-01 9.39183354e-01 2.01447546e-01 1.26046240e-01
    7.02078104e-01 5.04868746e-01 7.26903975e-01 8.65500867e-02
    6.62344694e-02 8.31841946e-01 5.83686590e-01 2.50360310e-01
    2.77799726e-01 5.43795109e-01 3.90339285e-01 4.33182418e-01
    3.10554057e-01 2.40466535e-01 4.27330583e-01 4.13846850e-01
    7.65671432e-01 1.08388424e-01 6.44722342e-01 7.21527934e-01
    1.26848400e-01 2.91011155e-01 4.02559191e-01 1.07230872e-01
    4.68381226e-01 4.51408088e-01 6.78304970e-01 2.65879631e-01
    3.39165390e-01 1.17299259e-02 5.23761034e-01 5.64143181e-01
    9.72338200e-01 3.41876805e-01 3.67169082e-01 9.64851022e-01
    6.83012486e-01 1.76035613e-01 9.08447027e-01 9.09504652e-01
    1.12509727e-03 4.15232062e-01 6.32556319e-01 5.11500180e-01
    3.86645913e-01 3.20546091e-01 9.58401680e-01 2.81245589e-01
    1.91990137e-01 6.17714286e-01 2.52309412e-01 2.67739147e-01
    6.71945512e-02 3.34819376e-01 1.94824576e-01 9.43115950e-01
    8.28129649e-01 5.57756424e-01 1.73368335e-01 6.47112846e-01
    7.14505553e-01 7.25764275e-01 1.67723358e-01 8.56219649e-01
    4.25233841e-01 4.32346314e-01 9.75548506e-01 9.43000019e-01
    4.18846667e-01 2.35889554e-02 9.70644355e-01 3.21869314e-01
    2.92394757e-01 4.82720137e-03 8.99043918e-01 1.37790978e-01
    2.07904041e-01 7.45842099e-01 9.86024141e-01 7.98204541e-01
    1.30920410e-02 9.37429309e-01 3.51006448e-01 6.85160220e-01
    3.13871384e-01 5.19253433e-01 1.23909533e-01 6.22499228e-01
    2.32728273e-01 6.19062603e-01 7.85709083e-01 6.43141270e-02
    2.63877004e-01 2.55869329e-01 6.19084954e-01 8.79777670e-02
    6.28784180e-01 6.28993154e-01 9.49598908e-01 9.16453779e-01
    1.34590447e-01 5.85593343e-01 7.00021267e-01 7.22129583e-01
    6.90704882e-01 7.59000659e-01 2.89656311e-01 1.33712620e-01
    2.85457373e-01 5.61542153e-01 4.22626853e-01 9.15389895e-01
    3.65465701e-01 5.85401237e-01 2.24206269e-01 2.00481743e-01
    1.83286816e-01 6.40322685e-01 1.73369825e-01 9.17302966e-01
    1.28280550e-01 7.16998041e-01 8.67943108e-01 9.36679244e-01
    8.31880033e-01 5.24210632e-01 8.59348536e-01 2.74809986e-01
    3.61422777e-01 5.62649727e-01 3.69974077e-01 7.71474004e-01
    6.53566122e-01 2.28566498e-01 8.85373950e-01 6.97953582e-01
    5.39329290e-01 9.68068480e-01 4.09943968e-01 9.06873763e-01
    7.52658248e-01 6.54203057e-01 3.90201926e-01 7.22622812e-01
    9.54630136e-01 4.60901827e-01 2.48868167e-02 5.17380178e-01
    5.08475900e-01 5.91669679e-01 8.41353774e-01 7.22031236e-01
    7.33137369e-01 2.13499188e-01 9.95279849e-02 5.84072709e-01
    5.25193691e-01 8.52277160e-01 7.96656370e-01 8.07990789e-01
    9.77302313e-01 3.48597288e-01 2.03325242e-01 3.95012796e-01
    4.65959489e-01 9.02757764e-01 8.72001588e-01 6.60758734e-01
    6.18026018e-01 8.29598069e-01 3.89203668e-01 5.40092587e-03
    1.63109034e-01 3.01736593e-01 5.80873847e-01 4.04693902e-01
    1.77146405e-01 9.48866904e-02 4.69942510e-01 4.75130916e-01
    3.20298165e-01 6.45489931e-01 3.42848003e-01 4.06409711e-01
    1.40826821e-01 6.29200578e-01 5.70334375e-01 4.11415160e-01
    2.14461774e-01 3.31867695e-01 3.89942646e-01 4.48909223e-01
    7.38427281e-01 8.32168639e-01 8.11249375e-01 1.23668700e-01
    4.28839773e-01 5.26733994e-02 4.90900964e-01 6.50218725e-01
    9.48786259e-01 7.90771365e-01 1.11771286e-01 7.31179118e-01
    8.39111924e-01 8.13522637e-01 5.96103966e-01 7.37567723e-01
    6.53358221e-01 3.38921130e-01 6.73376083e-01 1.43032372e-01
    2.87858427e-01 7.22303987e-01 5.98786414e-01 9.84807611e-01
    3.16798270e-01 5.10920107e-01 8.10207009e-01 4.20615911e-01
    4.61511672e-01 9.97718751e-01 4.52512443e-01 6.36064649e-01
    8.87640119e-02 3.48784268e-01 5.91945112e-01 2.90334463e-01
    1.58451945e-01 5.64622879e-03 8.00501704e-02 1.34103179e-01
    3.91940475e-01 8.53774548e-02 6.05576098e-01 9.68701601e-01
    2.33310789e-01 7.07934737e-01 2.97800422e-01 1.06223732e-01
    9.20795798e-01 7.76754141e-01 6.42371118e-01 1.26836151e-01
    6.64541662e-01 9.20521617e-02 6.61113918e-01 9.13058579e-01
    5.07546008e-01 6.63658321e-01 2.90748715e-01 9.61377144e-01
    9.70149219e-01 7.66474128e-01 9.29940701e-01 3.93979788e-01
    2.10864246e-02 1.59174293e-01 4.69136715e-01 1.04700714e-01
    5.56057572e-01 2.04818398e-01 3.48865807e-01 2.76664793e-01
    4.44727451e-01 3.75647247e-02 6.82318807e-01 1.63705736e-01
    5.80725670e-01 6.05101645e-01 1.47453785e-01 1.89305365e-01
    4.97019827e-01 8.03666711e-01 5.45859218e-01 4.29977000e-01
    3.08859348e-03 8.57184768e-01 2.89514363e-02 4.63058800e-01
    9.41616178e-01 9.12648022e-01 9.73719001e-01 1.21768802e-01
    3.30174714e-01 6.63044155e-01 1.28952444e-01 9.33202028e-01
    9.43075716e-01 8.95987391e-01 5.89745402e-01 5.68017662e-01
    9.16904032e-01 3.22557271e-01 6.41223729e-01 3.80307734e-01
    6.94021881e-01 2.49552935e-01 7.23601878e-01 7.97721267e-01
    1.80890173e-01 8.48100424e-01 7.27140069e-01 2.10938007e-01
    1.46926194e-01 2.53519118e-01 6.84790134e-01 5.20808995e-02
    2.89257765e-02 9.06701028e-01 2.78896093e-01 6.56958282e-01
    7.42224872e-01 5.05426347e-01 2.29421169e-01 9.99251723e-01
    2.90062368e-01 7.50225484e-01 9.10633802e-01 1.72572136e-02
    7.42722869e-01 9.86647367e-01 1.20774239e-01 4.42852646e-01
    1.43748373e-01 4.80873138e-01 4.11158025e-01 4.80627120e-02
    8.13907266e-01 1.95364356e-02 4.18879032e-01 2.91576087e-02
    9.88128781e-01 7.15395212e-02 5.70145249e-01 5.54530382e-01
    7.92266607e-01 1.80589825e-01 4.33931559e-01 7.37165153e-01
    9.00278091e-01 2.69852936e-01 7.84336805e-01 4.76597875e-01
    1.32173002e-01 8.15159082e-03 9.67888355e-01 5.72746336e-01
    1.08424246e-01 7.22466111e-01 6.08133852e-01 9.61551547e-01
    4.07328337e-01 4.63803649e-01 6.85691178e-01 4.84638989e-01
    7.72536755e-01 1.11070395e-01 2.79449254e-01 6.90458179e-01
    4.60484624e-01 5.34338951e-02 9.25330400e-01 5.28982639e-01
    7.27717102e-01 5.74156463e-01 7.77052462e-01 4.21677649e-01
    2.59553611e-01 5.48578739e-01 6.39999151e-01 9.81417418e-01
    4.71834689e-01 4.67624426e-01 6.92170143e-01 3.87757093e-01
    7.74154544e-01 7.20422208e-01 4.19829696e-01 2.49623448e-01
    4.04670775e-01 5.64098358e-02 3.53190720e-01 2.90533155e-01
    4.99111384e-01 9.07853305e-01 1.00270510e-01 9.46344137e-01
    6.89631343e-01 1.81015164e-01 9.39947128e-01 7.23697424e-01
    5.56326807e-01 1.44518256e-01 8.32843781e-02 5.31556010e-01
    4.58882511e-01 3.13478649e-01 7.08239198e-01 5.02429962e-01
    8.47878456e-01 3.85346919e-01 8.31969142e-01 2.51850456e-01
    8.87651324e-01 5.79815805e-01 6.79216862e-01 7.61526823e-02
    3.58791143e-01 2.60295570e-02 8.04268718e-01 9.30908561e-01
    8.02482903e-01 3.44941258e-01 2.87635744e-01 1.66769356e-01
    9.97732282e-01 1.93997651e-01 6.20820522e-01 2.96433270e-02
    8.57594311e-01 5.00506341e-01 8.55940938e-01 9.77400243e-01
    4.25373554e-01 9.95127797e-01 6.13644361e-01 8.88465166e-01
    5.45161366e-01 6.41440749e-01 4.28012669e-01 3.30006480e-01
    3.37927252e-01 4.58160698e-01 9.01450634e-01 5.79360485e-01
    1.75692677e-01 2.72658825e-01 7.53033102e-01 3.19677949e-01
    7.25919008e-03 7.64563680e-01 3.12267065e-01 6.35688365e-01
    3.67704540e-01 9.71036553e-01 5.60459435e-01 8.56706262e-01
    6.99881315e-02 3.25733513e-01 4.10046101e-01 7.36796856e-01
    9.53641474e-01 7.28292823e-01 8.72197449e-01 5.75069904e-01
    3.42800647e-01 2.21632421e-01 5.25521040e-01 8.03532124e-01
    5.45388460e-01 1.78934485e-01 2.53163934e-01 6.61126971e-01
    9.04441833e-01 2.54030734e-01 1.60552233e-01 4.93523866e-01
    5.79748273e-01 9.74581063e-01 5.44178843e-01 9.92707014e-01
    2.86105305e-01 5.91967821e-01 2.52945721e-02 2.07222730e-01
    2.38108367e-01 7.53139853e-01 5.28352559e-02 2.98464984e-01
    4.75643456e-01 7.33076572e-01 3.29997987e-01 1.06447339e-01
    7.18914211e-01 7.92661190e-01 7.27801859e-01 1.35423690e-01
    3.42036933e-01 7.18060970e-01 4.94792432e-01 5.65093935e-01
    8.20165873e-01 1.74841881e-01 4.05532360e-01 3.84888232e-01
    8.08255255e-01 6.28536761e-01 6.07421100e-01 7.28503466e-02
    3.16067100e-01 2.57795155e-01 8.75664115e-01 5.86064756e-01
    9.98207808e-01 2.97179282e-01 3.06998044e-01 9.06120062e-01
    8.10411274e-02 8.98119450e-01 6.17745042e-01 9.45483565e-01
    6.02041125e-01 5.77554226e-01 7.27826953e-02 4.97730434e-01
    4.24431890e-01 9.87191677e-01 9.66281056e-01 5.46055138e-01
    1.89974219e-01 3.53063256e-01 3.09173346e-01 7.61132896e-01
    5.56705773e-01 5.10421455e-01 8.21296930e-01 7.36232042e-01
    7.47622550e-01 1.91489667e-01 4.80164409e-01 8.87312114e-01
    1.24605894e-02 1.38421476e-01 5.14168799e-01 1.30593985e-01
    2.25282997e-01 5.89075804e-01 1.70684576e-01 8.35248351e-01
    6.10282183e-01 5.29000163e-01 2.47684509e-01 5.26641846e-01
    6.09546602e-01 3.54487121e-01 7.47069657e-01 1.88385040e-01
    9.94563222e-01 3.36795568e-01 9.81853306e-01 6.63479567e-02
    7.16597199e-01 6.66492045e-01 9.77356672e-01 2.73382008e-01
    6.33297861e-01 6.73912346e-01 3.41019034e-01 9.15843546e-01
    8.97239387e-01 6.27451181e-01 3.37006956e-01 8.77334356e-01
    7.75189698e-02 5.79241633e-01 3.23973536e-01 5.97493470e-01
    3.08683574e-01 6.40927851e-02 9.25911188e-01 8.23135376e-02
    6.34043634e-01 3.71220469e-01 7.80030608e-01 7.95666575e-02
    2.81933069e-01 4.87993568e-01 1.66545630e-01 7.16601729e-01
    2.74797976e-01 1.81187540e-01 1.85943514e-01 3.86307776e-01
    1.89793348e-01 3.26076180e-01 3.74565423e-02 4.07845050e-01
    8.12882125e-01 6.27578080e-01 8.92037570e-01 5.91811538e-03
    5.13351262e-01 3.20805609e-02 1.97979122e-01 9.88961697e-01
    2.30084747e-01 7.81687438e-01 1.02900267e-02 6.46556079e-01
    8.28455091e-01 3.68310988e-01 6.86571300e-01 3.73551011e-01
    1.85812384e-01 2.35596716e-01 3.34006965e-01 4.12257671e-01
    8.50537181e-01 4.44875926e-01 6.18956029e-01 5.47633588e-01
    7.48855710e-01 8.27543020e-01 6.18323922e-01 9.16632354e-01
    9.09035504e-01 7.14026213e-01 6.82722986e-01 6.16310239e-01
    5.10327756e-01 6.80487752e-02 7.28293657e-01 9.35470045e-01
    4.74613219e-01 7.14937747e-01 4.61580306e-01 9.94217694e-02
    2.29198039e-01 4.53421116e-01 4.16546524e-01 9.85995591e-01
    6.98412299e-01 3.25186819e-01 2.28284717e-01 7.50268996e-02
    1.31302059e-01 3.13483447e-01 8.05162191e-02 6.08367026e-02
    2.98299432e-01 6.68425024e-01 9.72830355e-02 9.87510681e-01
    4.94758785e-02 7.46765137e-01 5.47731042e-01 7.93755531e-01
    1.91298038e-01 8.99561048e-01 7.80895948e-01 7.42761970e-01
    8.83473635e-01 7.55557775e-01 9.60481048e-01 9.56100583e-01
    1.99592024e-01 2.56413102e-01 9.09759283e-01 1.02962226e-01
    4.22399521e-01 6.51114166e-01 9.55261707e-01 2.27095366e-01
    6.44083619e-01 1.06810719e-01 3.16893756e-02 5.91327906e-01
    9.43236947e-01 9.71170425e-01 8.76591444e-01 2.12404907e-01
    9.42253113e-01 4.53786224e-01 7.49659419e-01 7.17785597e-01
    8.01709890e-01 9.95443463e-02 9.69952166e-01 6.52217627e-01
    6.06279731e-01 5.54231763e-01 2.94140041e-01 8.96257520e-01
    7.47449279e-01 9.51373219e-01 7.33284175e-01 5.30525684e-01
    8.39675069e-01 8.76212955e-01 2.79216826e-01 7.78934360e-02
    9.39494610e-01 7.12607861e-01 4.60219055e-01 2.02761143e-01
    5.62862992e-01 3.60001296e-01 4.39264387e-01 6.42273664e-01
    2.37324208e-01 8.66446018e-01 1.33998126e-01 4.48609054e-01
    6.43807948e-01 6.64790988e-01 4.15790468e-01 7.80217648e-01
    4.10666525e-01 3.15246105e-01 6.50618255e-01 5.33768892e-01
    4.70546395e-01 1.16760880e-01 7.76572824e-02 1.66094333e-01
    3.05964947e-02 5.95775127e-01 6.37588859e-01 4.96690512e-01
    7.66027153e-01 8.03645194e-01 6.33307040e-01 8.34089935e-01
    3.11955333e-01 3.04509163e-01 1.63264275e-02 4.03719991e-01
    4.63055700e-01 2.78163493e-01 6.69842839e-01 6.11485541e-01
    4.43623066e-01 6.73528314e-01 4.15667653e-01 5.38759887e-01
    5.38072169e-01 3.95657450e-01 9.58594382e-02 2.59769976e-01
    5.25182545e-01 9.04559374e-01 4.86705571e-01 6.08381748e-01
    9.18332458e-01 3.16807330e-02 9.60079074e-01 1.63322538e-01
    5.74455798e-01 3.68778706e-01 6.39363527e-01 2.23232746e-01
    8.99468958e-02 1.26588613e-01 5.82491755e-01 2.24051446e-01
    6.81035042e-01 1.54235274e-01 5.46911716e-01 9.13849354e-01
    8.55077267e-01 6.22546673e-03 8.58174086e-01 8.33852589e-02
    1.44259423e-01 9.14906740e-01 2.20316201e-01 4.02198941e-01
    4.53695655e-01 7.79569626e-01 9.41809237e-01 7.58485377e-01
    8.39481354e-01 1.69149786e-01 2.84482002e-01 3.38414013e-02
    9.94496226e-01 4.28047240e-01 1.00886256e-01 3.23958099e-02
    3.51723611e-01 8.20027292e-02 1.82074726e-01 4.15207744e-01
    3.89520347e-01 6.71831489e-01 6.00917339e-01 8.19414377e-01
    7.08327174e-01 7.64809489e-01 3.84859085e-01 5.30730247e-01
    2.24150896e-01 3.34432364e-01 9.18524146e-01 2.81588435e-01
    9.84077156e-01 7.89371014e-01 2.54707396e-01 2.26606816e-01
    8.05085301e-01 1.00133032e-01 7.78120041e-01 4.82782871e-01
    4.11234021e-01 6.57401562e-01 1.30998820e-01 4.59166318e-01
    1.65611804e-02 1.90658867e-02 5.06317794e-01 2.55796999e-01
    2.33475745e-01 1.13284469e-01 1.69048309e-02 5.83201408e-01
    5.92951477e-01 8.39085281e-02 9.42841530e-01 9.29005027e-01
    5.43787599e-01 8.22930694e-01 2.23694891e-01 2.86375523e-01
    6.11975491e-02 6.82090163e-01 1.28371239e-01 6.44491076e-01
    4.57595974e-01 9.92265940e-01 6.53517485e-01 6.41285717e-01
    8.16066265e-01 4.89954174e-01 8.84114146e-01 7.86843956e-01
    5.97428083e-01 1.35556906e-01 9.85709727e-02 7.50506639e-01
    9.21164691e-01 6.16682351e-01 2.65471727e-01 5.22277772e-01
    4.94396567e-01 7.53439307e-01 8.76834095e-02 5.27929068e-02
    5.18520176e-01 4.13155675e-01 2.12560594e-02 1.05101198e-01
    6.57708704e-01 5.58159113e-01 2.47211695e-01 7.02404439e-01
    4.12972152e-01 7.63315380e-01 8.08052659e-01 2.28305161e-02
    2.76048720e-01 1.58851624e-01 8.52651834e-01 9.71731305e-01
    8.06704044e-01 5.50241411e-01 6.56201720e-01 1.29909575e-01
    7.53798246e-01 4.78229612e-01 6.57244146e-01 4.21996087e-01
    1.53266281e-01 4.95254070e-01 1.41824812e-01 5.79953849e-01
    1.66147530e-01 5.35397172e-01 5.91359079e-01 4.14280891e-01
    1.35510236e-01 3.49109411e-01 5.65296292e-01 3.31376612e-01
    3.77054662e-01 2.79942930e-01 4.63974774e-01 2.24709511e-01
    5.19945562e-01 1.94696337e-01 1.89239532e-01 9.12400484e-01
    3.63993227e-01 5.69057107e-01 4.71684933e-01 6.57446146e-01
    6.36874139e-02 3.33687991e-01 7.61615276e-01 9.30658221e-01
    2.10600376e-01 6.95102036e-01 5.77861428e-01 6.50796175e-01
    3.43497336e-01 3.34864110e-01 3.79799962e-01 2.93830931e-01
    4.34438318e-01 1.05530500e-01 8.26823711e-01 9.62989092e-01
    7.48978138e-01 1.72978729e-01 8.80161285e-01 5.42480648e-02
    9.14427638e-03 2.04605222e-01 7.74828374e-01 9.90839958e-01
    3.51448894e-01 4.23958004e-02 5.31483710e-01 7.84151852e-02
    4.73062336e-01 9.01125073e-01 1.76821291e-01 2.87541717e-01
    5.60323834e-01 2.58008540e-01 2.36142844e-01 7.81023502e-01
    4.63928819e-01 4.11507279e-01 2.98893332e-01 3.88625026e-01
    7.70035148e-01 9.47353542e-01 8.01092982e-01 6.43346310e-02
    3.03489387e-01 1.38776928e-01 6.30862534e-01 1.70885473e-01
    5.48771441e-01 7.58711636e-01 1.25202924e-01 7.29722083e-01
    3.30435693e-01 7.52989113e-01 2.18613207e-01 3.46987665e-01
    8.62546086e-01 6.58716321e-01 2.23331451e-02 1.11390054e-01
    3.65881205e-01 8.00737977e-01 2.80099928e-01 4.58649278e-01
    5.23847640e-01 3.75203788e-01 5.90906799e-01 7.97184467e-01
    3.37111354e-02 8.67162228e-01 8.41397047e-03 6.38348937e-01
    5.66673756e-01 8.22522938e-01 4.40212220e-01 5.04292965e-01
    9.41875279e-02 9.24683690e-01 4.50299084e-01 6.98264182e-01
    8.68761778e-01 9.86706018e-01 1.85104042e-01 1.40016109e-01
    4.16119993e-02 1.68399036e-01 4.99595076e-01 8.92406464e-01
    2.16762334e-01 2.14163780e-01 2.41413355e-01 5.09131789e-01
    1.81754977e-01 8.85671914e-01 6.90633357e-02 6.38301671e-01
    9.71920371e-01 3.09300393e-01 3.12263608e-01 6.81709647e-01
    2.42446005e-01 4.45344955e-01 9.77848589e-01 2.70840287e-01
    7.42657661e-01 8.35907340e-01 2.89092600e-01 8.79334807e-01
    8.52112532e-01 2.81432450e-01 5.79435229e-02 4.47917163e-01
    9.77284610e-02 3.39575619e-01 1.41932279e-01 5.58583617e-01
    5.27408957e-01 5.88948905e-01 6.90903664e-02 9.11293685e-01
    5.63717663e-01 3.62503290e-01 3.34118903e-01 7.19144404e-01
    1.88839138e-02 6.72985315e-02 6.77637994e-01 8.88331413e-01
    8.26919913e-01 7.73780823e-01 8.46848309e-01 5.32109201e-01
    1.61784649e-01 3.28178406e-02 3.93372685e-01 1.86662972e-02
    4.91563976e-02 4.32661861e-01 4.01267797e-01 8.47374678e-01
    5.25399446e-01 1.14497423e-01 2.42746443e-01 6.99403882e-02
    9.59602892e-02 5.58408618e-01 9.95166183e-01 1.72165632e-02
    1.09522432e-01 9.10248995e-01 5.54131329e-01 9.50577140e-01
    8.43398571e-01 4.13100421e-02 2.11845219e-01 1.22969747e-01
    8.22759032e-01 9.54912543e-01 8.03855062e-01 7.82300949e-01
    6.51797652e-01 8.60285163e-01 8.92899811e-01 2.06149846e-01
    4.31643665e-01 3.55812192e-01 5.38137913e-01 9.01900649e-01
    5.02376318e-01 4.96705025e-01 9.88619745e-01 9.82462049e-01
    7.29547024e-01 5.84673882e-03 5.76957047e-01 5.90408444e-01
    5.55726469e-01 3.20411086e-01 4.45856273e-01 6.19183064e-01
    7.68084407e-01 3.44953179e-01 2.59796858e-01 7.69015670e-01
    4.82253999e-01 7.36651301e-01 1.09453201e-02 4.71057326e-01
    4.92570400e-02 4.69149560e-01 6.90760851e-01 8.31044495e-01
    7.53667712e-01 7.21559525e-01 2.56489754e-01 6.87164009e-01
    4.50903088e-01 2.70033956e-01 9.33847308e-01 8.06669474e-01
    9.97479677e-01 4.04107630e-01 8.95758927e-01 3.63996148e-01
    7.13842213e-01 8.97011161e-03 7.05907404e-01 1.07503384e-01
    5.70854008e-01 8.27103734e-01 2.32382804e-01 8.21554065e-01
    5.67861199e-01 4.21586841e-01 1.31355733e-01 4.35456008e-01
    4.34036583e-01 3.24829221e-01 7.40469098e-01 2.12657332e-01
    6.60214841e-01 1.88320309e-01 5.88054061e-01 4.48248893e-01
    2.26219594e-02 5.56696415e-01 7.23767877e-02 8.93340528e-01
    4.12914634e-01 1.92041606e-01 2.51459897e-01 6.51861548e-01
    5.68734884e-01 3.47799212e-01 4.99768138e-01 4.71917838e-01
    2.26456225e-01 8.96012902e-01 8.39469910e-01 3.62672329e-01
    7.78254032e-01 1.66296303e-01 5.98273873e-01 5.90690017e-01
    8.36963177e-01 3.30651999e-02 7.00898528e-01 8.88463974e-01
    2.20092803e-01 1.12217039e-01 7.40775645e-01 5.88902891e-01
    4.62079525e-01 9.13061082e-01 4.40066725e-01 1.58751994e-01
    8.35838318e-01 8.20632100e-01 9.92121041e-01 5.93362451e-01
    6.24502540e-01 2.10359901e-01 2.52949238e-01 8.81081700e-01
    4.39711779e-01 6.08549118e-01 9.01237369e-01 8.61201763e-01
    1.41741037e-01 4.85064983e-02 5.20051479e-01 9.92246151e-01
    2.27047503e-02 9.46952283e-01 2.90609956e-01 2.04739451e-01
    5.92920840e-01 8.41631114e-01 4.04638052e-02 1.11837149e-01
    6.68981850e-01 2.24425852e-01 7.91337371e-01 5.78595936e-01
    4.06745672e-01 9.02643383e-01 8.32743049e-02 7.24979460e-01
    3.81901860e-02 8.63685727e-01 9.00001645e-01 3.98392290e-01
    2.66325474e-03 2.50628710e-01 3.46423328e-01 8.42317581e-01
    7.96929955e-01 6.67853117e-01 9.59238112e-01 5.65360188e-01
    2.04806507e-01 8.69179726e-01 5.62800348e-01 5.59436440e-01
    2.98651695e-01 7.59879947e-02 6.13631010e-01 8.35807145e-01
    6.99098468e-01 5.46015680e-01 2.31045961e-01 2.32510775e-01
    6.08478785e-01 1.23113096e-02 7.41394281e-01 2.28545487e-01
    6.60176873e-01 2.94327974e-01 9.69997764e-01 5.34118235e-01
    7.50698566e-01 5.68944335e-01 7.69756556e-01 9.70017910e-01
    6.21723354e-01 4.97516185e-01 9.27800238e-02 6.11715436e-01
    3.51967394e-01 3.48090529e-01 4.58169281e-01 9.29814756e-01
    4.52811539e-01 3.55432928e-01 1.08830661e-01 7.77248263e-01
    5.93015909e-01 2.96440989e-01 1.38195515e-01 7.24110782e-01
    2.26797521e-01 4.70359623e-01 7.05993831e-01 4.91273284e-01
    7.65811324e-01 2.54431486e-01 9.96021330e-02 3.41515422e-01
    8.40381503e-01 4.23441827e-01 6.27254128e-01 2.36309230e-01
    6.33181810e-01 9.55155790e-02 7.84506559e-01 2.13270634e-01
    9.79976058e-01 7.51956820e-01 6.70865178e-03 5.14260590e-01
    4.64595973e-01 7.18343616e-01 3.88989121e-01 9.46267724e-01
    1.74643129e-01 6.46793425e-01 4.29904163e-02 8.63125622e-01
    7.38166034e-01 2.82766998e-01 4.58578706e-01 5.99939525e-02
    9.90276098e-01 1.02634370e-01 7.02111304e-01 6.44401312e-01
    3.62477064e-01 1.03448421e-01 4.54653412e-01 3.12629521e-01
    3.83687943e-01 4.80975628e-01 8.24529946e-01 2.27673054e-01
    3.65876287e-01 4.55139250e-01 4.00177568e-01 8.35886836e-01
    9.07349229e-01 8.25324953e-01 9.22960639e-01 9.99253988e-01
    7.94879436e-01 5.04409373e-02 4.87854481e-02 4.93299544e-01
    4.88944769e-01 1.69708014e-01 6.44605398e-01 3.12489867e-01
    8.22460413e-01 9.10358071e-01 1.24980062e-01 5.96615255e-01
    6.62550211e-01 6.66666627e-01 7.32594013e-01 3.85948092e-01
    9.41397727e-01 4.86134797e-01 5.77612936e-01 2.15339363e-01
    8.91436696e-01 5.26107252e-01 7.11863339e-02 9.98117924e-01
    4.95777398e-01 3.85601103e-01 1.30031556e-01 5.79684615e-01
    3.61021399e-01 2.12568998e-01 5.23394763e-01 1.30680203e-02
    7.64341235e-01 4.64138865e-01 7.73534179e-01 7.52285898e-01
    8.28861713e-01 9.71039295e-01 6.42413616e-01 9.85054374e-02
    6.15874231e-02 5.98800421e-01 7.83602595e-02 6.30283356e-03
    6.79256737e-01 5.27116179e-01 7.15307474e-01 1.03938371e-01
    5.94813526e-01 5.84318817e-01 7.56723046e-01 2.53286421e-01
    5.66434920e-01 1.75558448e-01 5.63560367e-01 2.16871172e-01
    5.34748256e-01 7.82247603e-01 9.05526638e-01 2.65724540e-01
    4.84539866e-02 7.56782889e-02 2.11285591e-01 5.75634539e-01
    2.90691197e-01 8.73049200e-02 6.77252114e-01 3.06857288e-01
    3.94124985e-02 7.60155797e-01 2.79960036e-01 9.87612605e-01
    4.46077138e-01 2.81189501e-01 6.06723070e-01 6.35911882e-01
    3.85181904e-01 6.75159454e-01 6.48943186e-01 5.30599535e-01
    2.05327034e-01 2.61825234e-01 2.07992911e-01 4.64604497e-02
    6.53611600e-01 7.23981857e-01 3.07809711e-01 1.70805186e-01
    7.72177756e-01 4.20127898e-01 4.91416514e-01 1.79172367e-01
    8.76771033e-01 7.21083939e-01 6.12037599e-01 2.07524538e-01
    5.24546564e-01 2.11067170e-01 2.66831487e-01 5.29059291e-01
    9.31101501e-01 4.55506474e-01 9.58625853e-01 9.91514444e-01
    5.15654683e-01 2.27505773e-01 3.43378186e-01 3.86023879e-01
    2.89537609e-02 3.28313261e-01 5.67118585e-01 4.25349981e-01
    9.44722950e-01 3.19948196e-02 1.34383738e-01 4.89473194e-01
    7.21226335e-01 8.87867093e-01 9.67939734e-01 5.93432069e-01
    8.60880494e-01 4.92080301e-01 3.62779140e-01 3.62798899e-01
    6.50902510e-01 2.59890437e-01 5.61898887e-01 1.92425489e-01
    2.76078165e-01 6.41231537e-02 3.53854835e-01 3.52136940e-01
    6.21008813e-01 2.74897814e-01 4.60742950e-01 1.93004668e-01
    9.48761106e-02 1.92959011e-02 3.00469458e-01 4.55358297e-01
    8.29424500e-01 9.02304769e-01 6.97258711e-01 1.55409515e-01
    6.55026138e-01 4.11308616e-01 3.37314785e-01 1.52375430e-01
    4.44270968e-02 9.86227274e-01 4.74569440e-01 8.68695319e-01
    5.67113400e-01 3.82127702e-01 5.68901420e-01 1.67054236e-01
    7.59649634e-01 1.36040092e-01 7.05797076e-01 6.14444137e-01
    8.19250345e-01 8.90621901e-01 2.62997806e-01 3.04523230e-01
    2.51541674e-01 2.35359460e-01 2.31472760e-01 9.35569406e-01
    8.73450756e-01 6.47546530e-01 9.36170638e-01 9.27448273e-01
    1.02948666e-01 9.27058458e-01 5.64803958e-01 3.48575711e-02
    4.70082134e-01 4.92118478e-01 6.04411066e-01 9.18051243e-01
    2.83845305e-01 9.31992531e-01 4.80657190e-01 7.24567175e-02
    6.45884037e-01 7.51072884e-01 2.69780457e-01 1.28051937e-01
    7.94580758e-01 3.01714957e-01 4.64034051e-01 7.00272799e-01
    9.50114906e-01 4.41201389e-01 1.19630575e-01 5.68341255e-01
    8.30853701e-01 3.24671686e-01 4.59742457e-01 8.87082756e-01
    3.30546260e-01 1.53566748e-01 1.60584599e-01 8.71933401e-02
    4.89498556e-01 4.27514315e-04 2.54071772e-01 8.52117181e-01
    9.92298484e-01 5.27224004e-01 9.04634774e-01 9.24286127e-01
    4.68817085e-01 3.07941914e-01 4.16013837e-01 9.71060038e-01
    8.57495427e-01 8.90138149e-02 3.66771042e-01 5.46124339e-01
    8.94952416e-01 9.73211288e-01 7.59905815e-01 7.53857195e-01
    8.75835121e-02 6.44651353e-01 1.58179104e-02 6.84133530e-01
    1.19097084e-01 1.00112557e-02 5.32980621e-01 9.42553997e-01
    5.56063354e-01 2.44289130e-01 5.24676204e-01 6.07826531e-01
    2.90330648e-02 7.39544272e-01 5.70352733e-01 9.01210308e-01
    8.90021682e-01 8.11723828e-01 8.39416206e-01 7.95852780e-01
    2.48915523e-01 9.36176538e-01 2.04526693e-01 7.25454092e-01
    4.38436449e-01 2.15917915e-01 2.55210042e-01 6.33686364e-01
    9.70754921e-01 8.22352409e-01 7.98309803e-01 4.92147505e-01
    5.40792048e-02 3.49040478e-01 3.73450220e-01 6.40358567e-01
    3.52059424e-01 9.79426265e-01 3.10109913e-01 8.32611620e-01
    1.72052026e-01 4.44181859e-01 9.37636256e-01 9.95235324e-01
    3.63122880e-01 9.07169580e-02 4.66480136e-01 3.48211437e-01
    9.87969935e-01 9.02698219e-01 1.69585556e-01 5.54073632e-01
    1.57727391e-01 7.99389005e-01 2.89333642e-01 5.79693437e-01
    2.78826356e-01 4.89961118e-01 8.77346873e-01 9.23395395e-01
    5.13765812e-02 1.29314661e-02 4.36396003e-02 3.42779160e-01
    7.93080032e-02 9.54216480e-01 6.46310449e-01 2.41932243e-01
    6.65872216e-01 7.91482627e-01 9.33448434e-01 5.48534095e-01
    7.74797857e-01 9.74570155e-01 2.45974958e-02 9.88237739e-01
    3.84832084e-01 6.71855569e-01 3.27285111e-01 3.78392935e-02
    7.98651695e-01 3.59542400e-01 6.29823387e-01 2.18029797e-01
    9.42688107e-01 7.50825524e-01 9.98322487e-01 9.95644689e-01
    1.81519389e-01 9.11470413e-01 9.69541550e-01 4.78300452e-01
    9.32976842e-01 7.11154640e-01 3.56959760e-01 9.47598100e-01
    8.34503293e-01 4.25394028e-01 5.76421201e-01 8.75855207e-01
    4.47357476e-01 6.38644755e-01 4.62095559e-01 8.10630441e-01
    8.50152493e-01 8.55977118e-01 6.40951931e-01 1.84325427e-01
    5.24091899e-01 3.67708147e-01 1.76030725e-01 7.83608437e-01
    6.26654565e-01 8.65980983e-01 8.79957080e-01 8.56277108e-01
    8.96599233e-01 5.95847726e-01 3.04481208e-01 7.40442574e-02
    8.26325417e-01 3.78230542e-01 3.28311205e-01 7.88741708e-01
    9.80644226e-02 2.32901752e-01 3.71754676e-01 8.83656383e-01
    6.73743069e-01 4.15307045e-01 2.55042046e-01 7.22358525e-02
    4.71989334e-01 8.14027727e-01 2.02987671e-01 2.61741996e-01
    2.14745224e-01 5.50344646e-01 5.71912646e-01 3.02397907e-02
    1.56873465e-02 7.10985363e-01 9.96131480e-01 7.63538599e-01
    1.96569532e-01 3.32022250e-01 4.72167253e-01 8.63943160e-01
    1.52648151e-01 3.20216417e-01 7.70841122e-01 6.89869761e-01
    7.64470041e-01 7.12255836e-01 8.89820158e-02 4.61123168e-01
    2.13588595e-01 1.51016355e-01 7.05569804e-01 7.50154138e-01
    9.00799036e-01 7.44197011e-01 1.22260243e-01 1.84586674e-01
    8.18764567e-01 9.76496458e-01 4.94085550e-02 5.20517051e-01
    6.72118068e-01 4.23936188e-01 5.55920899e-01 8.73063803e-02
    7.57173598e-01 5.08112550e-01 6.64586663e-01 3.40962827e-01
    6.90533578e-01 3.77691925e-01 6.84739828e-01 3.15033138e-01
    2.52127051e-01 7.29657948e-01 4.55867350e-01 6.43952250e-01
    9.68699455e-01 8.42008591e-02 8.37181330e-01 9.88069654e-01
    3.48759592e-01 4.77452874e-02 3.74745667e-01 4.93697584e-01
    7.96190619e-01 2.16815472e-01 7.06650019e-02 1.41819149e-01
    7.97832489e-01 6.48927987e-01 1.46229923e-01 1.90652728e-01
    7.58174956e-01 9.70298052e-03 1.44808471e-01 2.02359676e-01
    6.34885550e-01 2.39553392e-01 2.21779227e-01 8.20854485e-01
    4.21429992e-01 8.35837722e-01 8.03939342e-01 2.34496087e-01
    6.32498622e-01 6.82909489e-01 9.57408667e-01 9.90144670e-01
    7.60992289e-01 2.69021958e-01 2.12394774e-01 5.33451259e-01
    4.98831093e-01 2.06356555e-01 4.63590324e-02 5.02921045e-01
    8.88911724e-01 1.03406310e-02 3.62829387e-01 4.75220174e-01
    1.57615215e-01 7.90274978e-01 8.96056712e-01 6.51081145e-01
    9.99161601e-01 8.06104779e-01 8.26739669e-01 7.91890979e-01
    7.92457640e-01 5.00822127e-01 2.72780299e-01 8.09704602e-01
    3.12463760e-01 8.36416185e-01 4.04312879e-01 3.21596563e-02
    3.60537052e-01 4.62640643e-01 1.58234060e-01 5.34484982e-02
    8.71490359e-01 5.86955130e-01 1.72054797e-01 4.76665318e-01
    6.40882790e-01 9.85744476e-01 4.23789710e-01 4.91976708e-01
    5.10645151e-01 7.48756647e-01 1.51089728e-01 4.48200405e-01
    8.08856606e-01 9.91086125e-01 2.34551489e-01 3.25519860e-01
    7.56411791e-01 4.28132713e-02 7.55689979e-01 2.42547989e-02
    5.96527696e-01 5.89581907e-01 1.25483572e-01 3.82746637e-01
    6.93237424e-01 6.14474475e-01 9.59129989e-01 6.61017418e-01
    5.77275038e-01 4.41163361e-01 4.22719449e-01 2.40991861e-01
    2.58713961e-01 2.40407288e-01 8.33097041e-01 5.99972486e-01
    2.41361558e-01 6.53975964e-01 4.58902091e-01 9.81066704e-01
    4.47830766e-01 8.78854513e-01 8.03890646e-01 8.04595292e-01
    3.89426649e-02 8.31789374e-01 6.83112979e-01 9.59879160e-01
    2.44753063e-02 8.40056419e-01 6.80520594e-01 6.67992532e-02
    7.45426118e-02 7.89344788e-01 9.69617784e-01 4.38965559e-01
    3.80738884e-01 3.67382467e-01 7.29807436e-01 7.39913106e-01
    5.79514623e-01 5.08521914e-01 7.39051700e-01 4.92766708e-01
    5.91098070e-02 1.46883905e-01 8.53856504e-01 3.05432737e-01
    7.55473256e-01 5.06746709e-01 1.90150112e-01 8.46454203e-01
    2.88644373e-01 2.61606842e-01 2.45887876e-01 8.35988998e-01
    7.23342180e-01 9.11615193e-01 4.14615214e-01 7.47515857e-01
    8.47751796e-01 4.30171549e-01 6.62816644e-01 3.29744816e-01
    2.46708512e-01 9.87803280e-01 6.23250484e-01 2.52190590e-01
    4.29009676e-01 5.79579532e-01 9.08739388e-01 7.37288296e-02
    7.52357662e-01 1.77782834e-01 2.20688879e-02 1.01050496e-01
    7.00880706e-01 9.22509074e-01 8.11375022e-01 8.30766916e-01
    2.01600254e-01 1.10955477e-01 9.80701804e-01 5.50038040e-01
    3.91130000e-01 1.66717410e-01 8.54786932e-01 7.41015375e-01
    2.05106765e-01 6.51692748e-01 7.88374662e-01 3.27828467e-01
    5.91582179e-01 2.13704973e-01 6.36708438e-01 4.20792431e-01
    1.80362463e-01 2.81735301e-01 5.17651796e-01 3.98876369e-01
    3.73927951e-01 4.56472099e-01 4.09468681e-01 6.46044135e-01
    2.93560922e-01 9.51274753e-01 1.33948207e-01 2.21607566e-01
    1.01337314e-01 4.29371744e-01 2.51367688e-02 1.51341230e-01
    5.76881945e-01 7.96790123e-02 2.14641660e-01 7.96104968e-01
    1.72163516e-01 1.27907366e-01 9.82660532e-01 9.03961420e-01
    4.14890349e-01 8.64978790e-01 4.44036752e-01 2.38580346e-01
    7.05276132e-01 4.02209133e-01 2.64418900e-01 5.60947180e-01
    9.26577449e-01 7.77626097e-01 2.88325936e-01 3.36384177e-01
    2.20272243e-02 9.35379565e-01 9.56346512e-01 9.44755018e-01
    6.08304739e-01 8.50570917e-01 4.17339146e-01 9.31110263e-01
    6.20629251e-01 7.55470753e-01 4.12321806e-01 3.47067177e-01
    3.58752608e-01 6.65703475e-01 2.70220309e-01 4.29815829e-01
    9.15049314e-02 3.84281427e-01 6.09297633e-01 6.07100606e-01
    8.31701279e-01 1.23179346e-01 3.09740067e-01 8.24123085e-01
    2.12951869e-01 7.05902755e-01 1.75153047e-01 9.47405934e-01
    4.70639706e-01 5.66737592e-01 4.22187716e-01 6.92175448e-01
    8.02493930e-01 1.33671582e-01 8.81450891e-01 7.73220062e-01
    1.58325493e-01 4.51850265e-01 8.42739403e-01 2.34467417e-01
    5.79953790e-02 6.16250932e-02 6.20561004e-01 7.97638297e-01
    8.67095172e-01 8.90124559e-01 2.65944541e-01 2.49615520e-01
    6.58431590e-01 4.69630003e-01 7.23704994e-02 2.31677085e-01
    9.31401551e-01 6.71095133e-01 8.49907756e-01 2.02083200e-01
    6.52250767e-01 8.02570343e-01 3.53230238e-02 9.64150727e-02
    6.60550833e-01 3.69882733e-01 6.83676958e-01 4.14722741e-01
    5.68564892e-01 2.82924473e-01 1.34659111e-01 9.08674359e-01
    1.42538071e-01 9.77300644e-01 4.12306428e-01 7.72950053e-01
    6.92169130e-01 7.14811087e-01 6.59401953e-01 3.52210701e-01
    5.65714240e-02 2.25604028e-01 2.08490968e-01 4.22392488e-01
    3.84647250e-01 9.38087702e-01 7.86716819e-01 8.70432258e-01
    3.26127052e-01 5.12847126e-01 7.95625329e-01 9.49218154e-01
    1.36589319e-01 2.22943723e-02 6.89458013e-01 1.58858210e-01
    7.94919610e-01 8.44689786e-01 2.41940737e-01 9.28636551e-01
    9.25945401e-01 3.19807887e-01 5.28466702e-01 8.19204748e-02
    4.78251129e-01 2.37688035e-01 3.61316919e-01 2.95707345e-01
    9.05729115e-01 3.33282888e-01 3.36660922e-01 5.77020764e-01
    5.69295049e-01 2.96979606e-01 1.73510581e-01 9.11811948e-01
    9.86504197e-01 5.96844077e-01 5.38642585e-01 9.41996098e-01
    2.23336399e-01 3.32512498e-01 1.06864512e-01 1.32469863e-01
    8.47484410e-01 4.71549004e-01 1.41181886e-01 5.85637987e-01
    4.02791619e-01 5.95390379e-01 6.20947063e-01 5.26055098e-02
    8.99400055e-01 4.11815733e-01 3.48754525e-01 4.70799118e-01
    9.34487581e-01 7.10664570e-01 3.49176526e-02 2.56561518e-01
    9.54662383e-01 7.85551071e-01 3.53047073e-01 2.97904849e-01
    9.58324432e-01 3.04023862e-01 1.89245254e-01 2.73018718e-01
    5.93649209e-01 3.07418495e-01 1.01203501e-01 8.23135257e-01
    6.35322928e-01 3.43480587e-01 1.07593119e-01 8.06982279e-01
    9.89167035e-01 6.72347069e-01 2.07624763e-01 5.66051066e-01
    8.88408184e-01 6.05629206e-01 1.23180300e-01 8.98776114e-01
    3.67767274e-01 7.67815113e-01 5.98935783e-01 9.50697064e-03
    8.32976460e-01 3.19136113e-01 8.07209790e-01 7.56701708e-01
    8.24846268e-01 5.37276089e-01 9.34365273e-01 9.88558829e-01
    5.96855581e-01 6.02274299e-01 6.56796098e-01 6.90765619e-01
    5.50864220e-01 9.52433825e-01 1.84493542e-01 1.04432076e-01
    4.44915086e-01 1.78231537e-01 8.91337693e-02 5.87776840e-01
    7.12421238e-01 1.72834635e-01 4.40734655e-01 6.77565575e-01
    1.69498235e-01 2.60704637e-01 6.83742046e-01 7.53371716e-01
    1.16523772e-01 4.99157935e-01 2.11443841e-01 1.27460063e-02
    2.61199892e-01 8.17495883e-01 1.71425492e-01 4.85656202e-01
    8.09348643e-01 6.69953465e-01 7.75589585e-01 7.90154934e-01
    5.79992056e-01 6.03147388e-01 1.68986112e-01 9.20088291e-01
    4.90783215e-01 4.99169171e-01 2.76185095e-01 7.47919500e-01
    3.13315690e-01 8.83128405e-01 5.11308908e-01 9.13879514e-01
    8.09844613e-01 3.74514014e-01 6.72419429e-01 3.23809564e-01
    3.13272387e-01 4.98008847e-01 5.85832834e-01 1.70115083e-01
    7.88294315e-01 6.93660200e-01 4.49459314e-01 6.05810583e-01
    8.83551836e-01 4.47515190e-01 1.72242224e-01 3.59223187e-01
    6.70491278e-01 1.14643574e-01 8.13649416e-01 2.51184464e-01
    9.81916189e-01 4.17880416e-01 7.71823168e-01 7.76905000e-01
    1.58467650e-01 2.67816544e-01 9.77103472e-01 7.90341616e-01
    6.37551069e-01 4.04327631e-01 7.29873061e-01 6.63355827e-01
    4.57565755e-01 6.26255512e-01 8.38570237e-01 6.95166111e-01
    2.69301355e-01 2.52418429e-01 1.62753761e-01 9.96036470e-01
    4.29129541e-01 9.02043760e-01 2.88533449e-01 3.94819081e-02
    5.63562512e-01 5.76738536e-01 6.53023601e-01 5.83591998e-01
    5.51167071e-01 5.91553271e-01 5.80794871e-01 1.85862690e-01
    9.59578514e-01 8.95378947e-01 6.34301722e-01 1.35082215e-01
    7.53467679e-01 2.18374431e-02 7.25361526e-01 1.28450394e-01
    8.69908512e-01 8.32211018e-01 4.67065454e-01 7.57994771e-01
    1.28654629e-01 1.08658344e-01 6.99761808e-01 5.24732530e-01
    3.65970850e-01 3.54498684e-01 3.65872353e-01 3.56659830e-01
    9.04173136e-01 6.17632866e-02 8.15388322e-01 3.51609588e-02
    8.10376346e-01 8.92836809e-01 9.23160076e-01 8.24818969e-01
    3.52177769e-01 9.60325599e-01 8.43470573e-01 4.26768422e-01
    7.44096935e-02 3.13784897e-01 2.27565318e-01 2.33105481e-01
    3.87149185e-01 9.15093303e-01 8.84689450e-01 2.02705443e-01
    9.22084749e-01 7.22051501e-01 4.19735491e-01 7.91758835e-01
    9.46768165e-01 7.00109780e-01 3.41114849e-01 5.43607295e-01
    5.47977448e-01 6.21642530e-01 9.39574599e-01 2.49203175e-01
    1.36240453e-01 8.06601942e-02 7.07547367e-01 9.03864026e-01
    4.38459009e-01 3.49667132e-01 2.45165259e-01 8.40312958e-01
    9.84379649e-02 6.30225718e-01 8.13829303e-01 4.39554244e-01
    5.78317404e-01 8.23908389e-01 2.29312778e-02 8.96566749e-01
    5.38867772e-01 5.93356133e-01 6.64300025e-01 8.77714276e-01
    7.83040285e-01 9.56858397e-01 9.27654028e-01 7.65172601e-01
    1.86691195e-01 4.23443317e-01 7.00962365e-01 9.07516599e-01
    9.12004828e-01 4.93043274e-01 8.09704900e-01 2.49273896e-01
    6.13902688e-01 3.72630388e-01 1.55462950e-01 7.13092566e-01
    1.36005670e-01 6.09552026e-01 5.64291060e-01 3.60113084e-01
    1.27258956e-01 4.44215745e-01 9.00553048e-01 6.13446355e-01
    8.55373502e-01 7.35560417e-01 8.00194740e-01 1.78902149e-01
    1.14661992e-01 5.15774310e-01 4.98323143e-02 2.71175504e-01
    3.71070504e-01 5.13954043e-01 8.68772030e-01 9.68065381e-01
    8.55955482e-01 2.61052847e-02 6.56507492e-01 6.81036890e-01
    1.61172241e-01 9.48031187e-01 3.52659583e-01 7.84074962e-02
    3.58612835e-01 5.89837134e-01 5.03299892e-01 1.95100218e-01
    9.44348693e-01 1.27417922e-01 9.16958451e-01 8.07888031e-01
    7.14870393e-01 3.83491576e-01 7.41462529e-01 8.26297760e-01
    4.72204983e-02 9.80926991e-01 4.25655633e-01 2.44627744e-01
    4.35038865e-01 4.36924696e-01 9.59823251e-01 3.53258610e-01
    9.45047140e-01 8.40250611e-01 8.78521919e-01 4.22909796e-01
    5.42979360e-01 1.41930968e-01 3.09854180e-01 3.47642004e-02
    5.30702412e-01 7.04041421e-01 3.66246223e-01 6.77972198e-01
    5.58501303e-01 1.02754295e-01 7.07533956e-01 3.95200580e-01
    9.15217578e-01 4.50343728e-01 8.12761486e-01 9.30469930e-02
    6.66844726e-01 9.95028734e-01 2.01788247e-02 7.04132199e-01
    7.88510323e-01 3.51541996e-01 6.04482591e-01 6.33810401e-01
    2.42942154e-01 2.21707880e-01 2.88246542e-01 2.89645851e-01
    9.20382619e-01 1.94270551e-01 9.32605624e-01 7.47008622e-01
    5.67576051e-01 2.59379148e-01 4.36183274e-01 4.26206589e-02
    9.70632732e-02 1.58987105e-01 8.48568141e-01 8.75384927e-01
    1.37027144e-01 9.70373154e-02 4.19239759e-01 3.39025140e-01
    6.67091668e-01 7.30493307e-01 4.67161238e-01 5.31590879e-01
    5.30629277e-01 3.43578696e-01 3.50528955e-01 7.88171411e-01
    9.16833222e-01 8.05971265e-01 5.05456567e-01 7.05156028e-01
    4.61780280e-01 9.25728917e-01 8.06778908e-01 6.82505488e-01
    1.67072117e-02 2.59481698e-01 5.10660768e-01 4.28089619e-01
    6.20271564e-01 3.59330446e-01 6.51015937e-02 2.05887586e-01
    9.56418455e-01 7.35158205e-01 7.27425158e-01 1.86660975e-01
    6.07523143e-01 5.74340641e-01 9.12593365e-01 7.79130340e-01
    2.20665336e-02 4.17931020e-01 1.48505062e-01 2.60856867e-01
    1.64928079e-01 5.66808999e-01 9.96074438e-01 6.62436485e-01
    4.74343091e-01 1.81998938e-01 9.06054735e-01 1.27203405e-01
    5.08624196e-01 8.27834010e-01 3.43558252e-01 7.36236274e-02
    2.72374898e-01 4.61011618e-01 1.19196981e-01 8.40802789e-01
    3.10707271e-01 5.27599812e-01 3.00811708e-01 8.79017472e-01
    3.07801962e-01 4.97897267e-01 8.50048423e-01 3.50231946e-01
    1.01031721e-01 6.91766679e-01 7.17697740e-01 8.26850235e-02
    9.62530017e-01 1.25338554e-01 7.15862334e-01 2.71942258e-01
    4.17859882e-01 3.59479249e-01 7.38474727e-02 7.80836344e-02
    9.07689214e-01 8.23541284e-01 4.01236475e-01 7.97245800e-02
    1.57950759e-01 6.03076637e-01 8.52630556e-01 4.03878629e-01
    7.88791299e-01 4.83506680e-01 7.26628363e-01 8.19092691e-02
    6.95383549e-01 7.04951048e-01 2.26664633e-01 9.01700556e-01
    4.90260422e-02 9.27640498e-01 8.92487645e-01 4.43178862e-01
    4.57363188e-01 4.43411767e-01 4.00406897e-01 9.68478680e-01
    9.64837551e-01 1.25025839e-01 8.71292353e-01 7.76885271e-01
    4.53769624e-01 5.12188673e-01 2.43567228e-02 7.35277534e-01
    3.12076777e-01 7.34090388e-01 7.73766756e-01 1.11414075e-01
    4.54733789e-01 7.89020419e-01 6.87033951e-01 1.45509452e-01
    6.94916904e-01 6.93307757e-01 1.49613559e-01 2.71072090e-01
    3.26787859e-01 4.09460068e-03 7.11940408e-01 8.44455123e-01
    2.82160491e-01 8.75986814e-02 5.06210625e-02 5.01996160e-01
    2.65701413e-01 9.52481508e-01 1.47360116e-01 5.36092460e-01
    8.84403050e-01 8.54396224e-01 4.44976419e-01 3.87499094e-01
    9.58047152e-01 8.40772927e-01 7.54023492e-02 8.72113347e-01
    7.53040314e-01 4.37221110e-01 6.99207664e-01 5.91436923e-01
    7.62184143e-01 1.42037719e-01 2.24509716e-01 1.77348942e-01
    7.05793142e-01 7.62809277e-01 8.57263923e-01 5.25830746e-01
    1.57683730e-01 1.59769207e-01 4.61572230e-01 7.36711562e-01
    4.83011603e-02 1.27511203e-01 9.13879156e-01 4.62840050e-01
    6.02991819e-01 7.11564779e-01 3.49158704e-01 2.88893074e-01
    2.75821328e-01 3.18718612e-01 3.12953353e-01 5.50884247e-01
    7.45705962e-01 9.70571935e-01 5.12524128e-01 7.41426945e-01
    6.18454099e-01 6.62268043e-01 5.54213583e-01 2.84495711e-01
    8.11296344e-01 1.87815398e-01 6.09124303e-02 5.00601947e-01
    5.45246303e-01 1.94583923e-01 3.81554097e-01 8.04552555e-01
    9.46314335e-02 1.62987649e-01 8.39926898e-01 2.54439414e-01
    7.53223002e-02 3.46107006e-01 5.41916072e-01 7.38299012e-01
    2.84444392e-01 9.82292354e-01 8.42144430e-01 9.43426609e-01
    1.84910089e-01 3.92823100e-01 8.84303451e-01 3.58571976e-01
    2.74730444e-01 2.66622663e-01 1.37078524e-01 6.26542270e-02
    2.76274681e-02 2.51802653e-01 1.95373774e-01 5.98935008e-01
    9.35379624e-01 7.90332556e-01 2.10336149e-02 4.43931818e-02
    6.99091971e-01 8.18573833e-01 2.27038652e-01 9.44356918e-01
    6.57646060e-01 2.60979354e-01 9.10815477e-01 5.97312748e-02
    7.18924463e-01 9.18160081e-02 2.17113584e-01 5.11313975e-01
    8.56874585e-01 2.91709483e-01 7.46098161e-01 2.33803868e-01
    7.14642286e-01 7.25775778e-01 5.32323122e-01 3.67494822e-01
    2.50104636e-01 5.75008690e-02 6.41158044e-01 9.30830240e-01
    4.44490016e-02 7.81065226e-03 9.75422859e-01 6.85834587e-02
    8.04178059e-01 2.43889123e-01 9.98168826e-01 8.19070399e-01
    6.49813771e-01 9.17746544e-01 4.80437666e-01 7.97108889e-01
    8.97582054e-01 8.34431350e-02 3.92913103e-01 2.11827040e-01
    1.85337275e-01 3.58351469e-01 5.52075863e-01 3.00118327e-02
    9.18237567e-02 4.95446384e-01 1.91645801e-01 8.04317296e-02
    6.60488963e-01 1.62070900e-01 7.01838732e-02 8.76355290e-01
    9.63765383e-01 8.77969742e-01 8.27136517e-01 5.60847878e-01
    5.39089501e-01 5.36635518e-01 9.19235706e-01 6.53624773e-01
    4.98997152e-01 4.52486694e-01 7.30854988e-01 2.98023701e-01
    8.07399273e-01 7.48613536e-01 2.44164944e-01 2.80022502e-01
    3.13033938e-01 2.42987901e-01 6.79202378e-02 2.05444306e-01
    3.69604409e-01 5.36823213e-01 4.93872195e-01 8.27583671e-01
    8.43972683e-01 4.86342549e-01 8.44026327e-01 9.07530785e-02
    4.97573107e-01 9.79398251e-01 1.76529884e-02 4.21187818e-01
    5.69558144e-03 4.71537143e-01 8.10569823e-01 4.35394764e-01
    4.96882677e-01 8.49702597e-01 6.90011501e-01 3.09103101e-01
    1.03060186e-01 8.08309793e-01 4.56206203e-01 9.91729140e-01
    2.73437798e-02 9.50119138e-01 1.55955791e-01 1.98408455e-01
    4.25292283e-01 3.89428020e-01 7.18894601e-01 6.02367282e-01
    8.88140500e-01 3.15835387e-01 2.78446972e-02 9.85132158e-01
    5.75839400e-01 5.46568215e-01 7.44416416e-02 3.89148891e-01
    6.62247539e-01 3.13168436e-01 3.65862727e-01 8.54489505e-02
    7.73975253e-03 8.22184682e-01 1.59055889e-02 4.47257280e-01
    5.80788612e-01 9.30958569e-01 1.11686170e-01 5.60442388e-01
    8.73912692e-01 5.90335488e-01 1.06318146e-01 5.90431750e-01
    6.69283569e-01 3.08463991e-01 7.43030488e-01 7.36310363e-01
    2.64242768e-01 3.61540914e-03 1.22012287e-01 9.66620147e-02
    7.84637094e-01 1.07200414e-01 6.76144540e-01 2.10873485e-01
    5.20133972e-03 7.05256701e-01 7.59506464e-01 5.82225323e-02
    7.39048600e-01 5.77660918e-01 3.85576576e-01 6.81381881e-01
    3.66429418e-01 1.84001982e-01 9.30358231e-01 1.83474660e-01
    5.82963347e-01 8.94482434e-02 3.45389366e-01 3.02308917e-01
    3.52703333e-01 4.35385108e-02 2.19431669e-01 8.57925773e-01
    9.21263456e-01 2.92211473e-02 2.85172462e-02 7.08579242e-01
    3.59523684e-01 2.50096738e-01 3.01335454e-02 5.30129313e-01
    9.81140494e-01 1.72980338e-01 1.23070061e-01 4.14716423e-01
    2.63333023e-01 5.54388165e-01 9.19272304e-01 9.41883504e-01
    4.40028042e-01 3.39664608e-01 4.20625687e-01 5.20916879e-01
    6.90322459e-01 3.22758913e-01 5.86583018e-01 7.16998577e-01
    4.47959721e-01 6.78853095e-01 9.95542169e-01 9.65574622e-01
    3.70731205e-01 6.96054935e-01 4.05716628e-01 1.81377143e-01
    9.14680004e-01 1.23420596e-01 5.51633239e-02 6.98820055e-02
    5.36407292e-01 6.89653099e-01 4.03570831e-01 3.33150387e-01
    7.57648170e-01 2.69436359e-01 1.44542456e-02 8.53456259e-01
    4.18149412e-01 9.98285055e-01 6.34037375e-01 1.99698955e-01
    1.48079991e-01 5.88863671e-01 6.86712503e-01 5.28318763e-01
    9.42753792e-01 7.02414691e-01 8.26919436e-01 3.73063445e-01
    4.57041800e-01 1.97925866e-01 2.58200645e-01 2.20356643e-01
    2.80156791e-01 1.12316906e-01 1.77284688e-01 8.59873235e-01
    6.91748500e-01 7.82630801e-01 8.91253650e-02 6.86867714e-01
    8.37328672e-01 4.63065803e-02 6.16759419e-01 3.27397823e-01
    1.75119847e-01 4.50413972e-01 7.44778991e-01 7.88267493e-01
    7.43181109e-01 5.95837831e-01 6.28657758e-01 4.02911127e-01
    8.72417212e-01 2.36946225e-01 8.73780012e-01 1.98039412e-02
    9.41341996e-01 8.35753798e-01 3.23599339e-01 4.11875129e-01
    5.28739452e-01 4.82066482e-01 7.81357884e-01 7.64929771e-01
    1.50111407e-01 8.85631979e-01 3.25415283e-01 5.40235698e-01
    7.86121607e-01 6.27555430e-01 3.50905508e-01 1.56508297e-01
    3.69618952e-01 8.71358931e-01 1.34455860e-02 5.85041225e-01
    2.86949426e-01 8.16738605e-02 8.08782935e-01 1.10728323e-01
    9.83852744e-02 8.27965379e-01 3.94542813e-01 7.97373891e-01
    9.44523454e-01 6.27312660e-01 3.43261898e-01 2.72475362e-01
    5.78133762e-01 7.00807810e-01 5.66942573e-01 8.55368614e-01
    5.36936045e-01 5.28377414e-01 2.59102911e-01 5.68792462e-01
    9.39348698e-01 2.30709314e-01 1.99524462e-02 1.65620714e-01
    4.45680231e-01 3.48173738e-01 5.09740591e-01 3.78297567e-01
    9.06671941e-01 3.61169696e-01 2.06080854e-01 3.75168711e-01
    7.19322085e-01 6.53619409e-01 4.78939384e-01 1.29548788e-01
    9.20559943e-01 9.95571077e-01 1.35620892e-01 3.18203211e-01
    1.05905533e-01 7.37407565e-01 8.91739607e-01 3.10321748e-02
    1.69281662e-01 7.79408813e-01 1.68892682e-01 2.12489814e-01
    1.22009367e-01 1.98854059e-01 1.55325860e-01 3.23698163e-01
    8.26844394e-01 2.72498786e-01 7.47496545e-01 1.54822767e-01
    9.16394353e-01 1.69288188e-01 5.99957407e-01 1.96528405e-01
    8.71726274e-01 2.54955351e-01 2.19992667e-01 3.37849438e-01
    2.85559654e-01 8.33319306e-01 2.68175542e-01 4.84140217e-02
    3.61753225e-01 8.82677555e-01 6.43365026e-01 9.17224526e-01
    3.15955341e-01 5.73689759e-01 9.35038567e-01 8.78719211e-01
    8.99365544e-02 9.21891212e-01 3.02922547e-01 7.61943579e-01
    2.83015490e-01 6.24273300e-01 1.01228952e-01 7.95146286e-01
    5.52291036e-01 6.41953528e-01 5.79782486e-01 9.16846395e-02
    2.70612240e-02 9.46766138e-02 8.82293582e-01 1.67112827e-01
    5.19130945e-01 6.41921401e-01 6.96209192e-01 7.66705573e-02
    5.37430942e-02 9.54174399e-02 4.49521840e-01 9.50688720e-02
    3.54948461e-01 4.71686602e-01 3.52477580e-01 8.28604579e-01
    3.51609588e-01 6.99939430e-01 3.82198989e-01 1.97305948e-01
    4.54030573e-01 5.48830032e-02 4.20467466e-01 7.04831481e-01
    6.54181004e-01 6.64358735e-02 2.81726480e-01 3.35175395e-02
    1.75330758e-01 8.31081271e-01 2.37422198e-01 8.08604598e-01
    6.67292416e-01 5.81452549e-02 9.00997937e-01 6.96313143e-01
    3.29320133e-01 6.41917586e-02 5.79829454e-01 8.19379091e-03
    8.88669133e-01 5.15958369e-02 9.43535328e-01 1.73562288e-01
    5.15789628e-01 6.20294034e-01 4.30724710e-01 9.13505018e-01
    6.03067875e-01 8.19306195e-01 3.96911711e-01 3.88104796e-01
    8.92743111e-01 3.97796988e-01 3.12902212e-01 2.14576721e-03
    6.77349865e-02 8.10004830e-01 9.05341208e-02 2.20849454e-01
    5.28075278e-01 7.53502131e-01 5.13925254e-01 3.74546528e-01
    6.97568357e-01 7.39452958e-01 6.73183918e-01 6.70972705e-01
    5.66002905e-01 8.78760815e-02 4.66733038e-01 7.81246245e-01
    5.28377950e-01 9.69393075e-01 5.63097298e-01 4.36535954e-01
    1.74799472e-01 9.22484159e-01 5.60754657e-01 9.22472954e-01
    1.12743229e-01 7.64387369e-01 9.37165618e-01 8.55541229e-01
    2.06198990e-01 3.95632714e-01 8.67897034e-01 4.09439325e-01
    4.62957650e-01 6.39093876e-01 3.36064309e-01 3.79478127e-01
    3.21697176e-01 9.29016173e-02 9.48360205e-01 7.91320980e-01
    9.46311712e-01 4.15048301e-01 9.40747023e-01 5.91967106e-01
    5.35434842e-01 7.63167381e-01 5.80589056e-01 2.24256873e-01
    5.04615605e-01 6.24695659e-01 3.92670214e-01 3.85061771e-01
    3.63195240e-01 6.66823149e-01 8.99214804e-01 8.44206810e-01
    2.40295619e-01 4.53725487e-01 7.00268745e-01 3.47246647e-01
    7.49234557e-01 5.10026813e-02 2.23080039e-01 7.32188702e-01
    1.52511925e-01 2.90633857e-01 5.10633171e-01 3.32006574e-01
    6.84225559e-01 8.85006189e-02 3.81223023e-01 7.45962024e-01
    3.24585140e-02 6.39385819e-01 5.11196852e-02 5.89733362e-01
    8.50991607e-01 2.40114927e-01 7.85952210e-01 6.71683848e-02
    2.91508973e-01 6.42188311e-01 6.88219368e-02 7.84443021e-01
    6.41372800e-02 1.65808439e-01 2.30187416e-01 6.02143526e-01
    7.22825170e-01 8.41582656e-01 5.61436653e-01 1.84310079e-01
    5.00957966e-02 7.60046959e-01 8.89849663e-03 8.59001994e-01
    6.79011762e-01 3.13608348e-02 5.60274959e-01 1.54542208e-01
    8.04692566e-01 1.67062581e-02 9.01481628e-01 7.88064837e-01
    8.53885353e-01 3.13758671e-01 3.38743448e-01 2.92218566e-01
    3.40501368e-01 3.10560405e-01 2.46640235e-01 3.35474610e-02
    9.86093760e-01 7.70332932e-01 1.69467419e-01 5.22595525e-01
    5.95353723e-01 4.27114666e-01 5.06169200e-01 6.75136209e-01
    8.02646577e-01 6.26475155e-01 5.92826605e-01 6.02108061e-01
    2.37391591e-01 5.94164848e-01 1.48679435e-01 7.10569620e-01
    4.43850726e-01 6.48194134e-01 6.84968472e-01 7.83670306e-01
    1.61078751e-01 4.67187554e-01 5.39274693e-01 3.60097229e-01
    4.52726543e-01 7.45897770e-01 4.89810228e-01 5.47917187e-01
    9.99927104e-01 8.47391486e-01 1.78802937e-01 8.18611383e-02
    9.81543064e-01 1.24129683e-01 5.70116997e-01 6.62061810e-01
    9.83209014e-02 2.83017993e-01 5.01954556e-01 1.76266164e-01
    1.96336031e-01 6.77895129e-01 5.78300714e-01 8.48775804e-01
    6.94104671e-01 5.07336974e-01 4.02878731e-01 9.12906528e-02
    5.82368076e-01 3.20672750e-01 3.42012644e-02 2.47402132e-01
    2.32282639e-01 1.28311187e-01 9.30001855e-01 9.10021544e-01
    8.26331139e-01 5.00719965e-01 7.59969831e-01 4.09779489e-01
    4.68787819e-01 7.20837951e-01 8.04288030e-01 8.25346112e-01
    2.38926500e-01 4.32552218e-01 6.92664623e-01 2.66556263e-01
    2.87132859e-01 7.92770088e-02 9.02742743e-01 8.57647300e-01
    1.34202242e-01 6.95058525e-01 7.79095173e-01 5.59642315e-02
    6.81447208e-01 3.08365524e-02 5.99071503e-01 9.74897802e-01
    8.80129576e-01 6.53134525e-01 7.91768670e-01 5.14446795e-01
    3.51455867e-01 9.43218708e-01 2.12369472e-01 4.11366165e-01
    1.83973074e-01 8.55242789e-01 7.75643945e-01 1.43613219e-01
    2.55472064e-02 6.10155940e-01 9.84057784e-01 5.18582582e-01
    1.33991927e-01 8.75170946e-01 7.82520652e-01 4.20470655e-01
    4.15037513e-01 6.72372878e-02 4.05429840e-01 9.78712618e-01
    5.74289083e-01 4.23350245e-01 7.73443103e-01 4.31574106e-01
    4.04504776e-01 8.94614220e-01 2.34140724e-01 7.41881728e-01
    9.38454092e-01 9.15926576e-01 6.35233998e-01 7.00685382e-01
    6.14414930e-01 2.89433300e-02 1.89971775e-01 1.54049337e-01
    1.80499077e-01 4.72418964e-01 1.71083868e-01 4.50128317e-03
    6.95754886e-01 3.65583003e-01 8.39351892e-01 7.96718001e-02
    1.46904558e-01 6.99199378e-01 6.78170741e-01 8.70168328e-01
    4.94302869e-01 9.46636379e-01 7.13483393e-01 9.32840109e-01
    1.16455615e-01 8.40408564e-01 1.33995205e-01 1.68359578e-02
    3.44332635e-01 8.68077397e-01 5.17464995e-01 7.31903851e-01
    9.23204899e-01 3.55557919e-01 5.17376781e-01 5.06342053e-01
    8.46681774e-01 3.43362570e-01 4.48394716e-01 6.42406344e-01
    2.64086604e-01 8.51761699e-01 5.27586281e-01 4.37811613e-02
    1.74852908e-01 8.82200897e-01 4.28447008e-01 4.36905086e-01
    7.63274491e-01 3.48196328e-02 3.63473743e-01 7.46584237e-01
    1.88783288e-01 4.56854463e-01 4.32088405e-01 7.39986300e-01
    8.04619551e-01 9.32555854e-01 1.13512576e-02 3.59854102e-03
    1.39019966e-01 4.63442385e-01 7.53041446e-01 5.63055634e-01
    1.18583441e-04 8.69066238e-01 1.33002996e-02 1.66844070e-01
    4.98873740e-01 9.50971127e-01 3.65788817e-01 6.15217090e-01
    9.71823037e-01 3.70628566e-01 9.02403235e-01 3.88612330e-01
    8.29394341e-01 3.98053229e-01 8.58638883e-01 4.36284035e-01
    9.87948895e-01 5.20981610e-01 3.81721079e-01 3.93370211e-01
    3.24327886e-01 6.08467817e-01 1.50361329e-01 2.44359225e-01
    4.28228676e-02 9.39283371e-02 5.84628224e-01 8.64269674e-01
    8.83302689e-01 1.42202675e-02 4.14872736e-01 7.75016189e-01
    3.98656189e-01 1.83400989e-01 2.71222532e-01 8.01014900e-01
    7.74963617e-01 4.13804054e-01 5.93620896e-01 3.16106200e-01
    1.29751891e-01 8.69588494e-01 2.59377301e-01 5.32959998e-02
    5.64448833e-01 5.36546767e-01 5.01627028e-01 4.97714102e-01
    3.01360309e-01 6.23112917e-01 5.30396700e-02 6.07487857e-01
    2.55634308e-01 4.04314250e-01 1.34264737e-01 4.46637213e-01
    2.85727501e-01 3.45143557e-01 4.02050108e-01 5.16454160e-01
    4.46189016e-01 5.78152657e-01 5.85429370e-02 1.68670386e-01
    1.30630255e-01 3.14271152e-01 9.07615304e-01 5.04271686e-01
    3.63107294e-01 4.10344869e-01 9.23214495e-01 6.34255350e-01
    4.37234074e-01 7.08641648e-01 4.24225569e-01 5.92985868e-01
    2.81669229e-01 3.87109250e-01 8.23928952e-01 3.19121063e-01
    1.85330421e-01 5.01964867e-01 9.82249379e-02 4.83105898e-01
    9.48534429e-01 3.13369036e-01 4.72133279e-01 3.77913356e-01
    8.09259415e-01 6.01350248e-01 1.38282776e-03 3.41638923e-02
    3.55688870e-01 7.67171562e-01 7.12546647e-01 6.09805703e-01
    7.18796968e-01 5.45971572e-01 9.61239576e-01 8.65844607e-01
    6.88922167e-01 2.47808665e-01 6.85127735e-01 2.73099124e-01
    9.42200422e-01 8.73450398e-01 5.92973888e-01 3.62012684e-02
    8.33527803e-01 1.12246841e-01 4.41612929e-01 9.87808406e-01
    1.68181032e-01 1.33081526e-01 3.45250010e-01 4.43542153e-01
    1.09916866e-01 9.99606133e-01 4.91867870e-01 7.91609883e-01
    5.52730203e-01 2.08620131e-02 2.93067038e-01 8.42357039e-01
    6.36740386e-01 6.85435653e-01 5.31238794e-01 2.61557549e-01
    8.33627880e-01 7.58024633e-01 7.78470397e-01 6.31587684e-01
    8.50397646e-01 9.55776095e-01 7.68680751e-01 5.91639221e-01
    5.33919215e-01 6.34154856e-01 6.26034141e-01 4.29907590e-01
    5.63155711e-01 7.76230514e-01 2.42022395e-01 4.74730372e-01
    8.90411735e-01 9.05418515e-01 4.00908232e-01 5.07725358e-01
    7.58789897e-01 6.17350817e-01 2.10357010e-01 8.14549804e-01
    9.02205825e-01 8.73909295e-01 3.52020949e-01 3.16333205e-01
    4.13789362e-01 6.60680890e-01 1.65665239e-01 6.34239078e-01
    1.93311155e-01 2.06927598e-01 2.92862952e-01 5.54491162e-01
    3.56383264e-01 2.61270523e-01 5.62611759e-01 3.02221954e-01
    4.26829666e-01 2.98100740e-01 8.15212369e-01 3.08205545e-01
    5.72902679e-01 8.16749215e-01 6.35429561e-01 4.51982886e-01
    2.86342919e-01 2.34328687e-01 2.78454959e-01 8.41314852e-01
    9.13287520e-01 9.77230847e-01 9.38415766e-01 4.83252645e-01
    9.42749560e-01 5.04055440e-01 3.60908985e-01 8.52768123e-01
    2.18015075e-01 4.85647291e-01 8.07302117e-01 9.13840532e-01
    5.27287781e-01 5.51215768e-01 8.31547081e-01 8.96446407e-02
    5.34989357e-01 3.79295945e-02 3.63184333e-01 7.17002034e-01
    7.89424181e-02 3.27883333e-01 1.85394943e-01 8.46333444e-01
    3.00589681e-01 8.60935628e-01 2.14420438e-01 9.91830170e-01
    7.22220778e-01 1.73336565e-01 3.80243570e-01 9.66770530e-01
    3.23759019e-01 1.46509439e-01 1.98512912e-01 8.90928984e-01
    9.57114458e-01 5.03619075e-01 3.24435234e-01 7.15158999e-01
    3.19082439e-02 3.55738848e-01 7.43806243e-01 8.35682750e-02
    6.97412014e-01 5.34550369e-01 3.18208545e-01 1.61244571e-02
    7.40019560e-01 4.73974884e-01 5.26140153e-01 7.08369136e-01
    8.81154001e-01 4.31317985e-02 1.98057115e-01 2.02088177e-01
    3.62711728e-01 4.94613737e-01 1.11460984e-01 6.85081303e-01
    1.01858675e-01 8.93432260e-01 1.11202538e-01 8.52368951e-01
    9.91906226e-02 1.21545106e-01 7.36166775e-01 2.18877196e-03
    1.54779971e-01 7.95123279e-02 6.20964408e-01 2.42669135e-01
    9.01953697e-01 6.16561353e-01 2.13081419e-01 1.58545196e-01
    1.88238829e-01 9.58698392e-01 3.36122394e-01 7.97411203e-01
    6.70590997e-01 6.89150691e-01 4.68043089e-02 4.01834428e-01
    3.91714007e-01 8.67430866e-02 1.52964711e-01 1.91508532e-02
    6.59367681e-01 9.10417378e-01 4.21276778e-01 8.48466933e-01
    7.28117645e-01 6.08309567e-01 4.82513130e-01 5.58209717e-01
    5.06585181e-01 7.47139573e-01 2.27717757e-02 8.38892579e-01
    7.65273869e-01 3.90450269e-01 1.42643064e-01 4.18270350e-01
    4.26260650e-01 8.94091249e-01 6.67499900e-02 7.55936742e-01
    7.27966130e-02 3.06109488e-01 5.16831458e-01 6.02409005e-01
    1.09192401e-01 3.97506297e-01 4.38569397e-01 9.06897545e-01
    2.40351915e-01 6.79568410e-01 4.83784825e-01 6.76279187e-01
    3.40967238e-01 1.74050033e-01 2.35656708e-01 2.63786316e-01
    9.62276638e-01 6.39392555e-01 3.23146492e-01 2.84324288e-01
    3.22594285e-01 9.12283301e-01 8.21073830e-01 6.46517575e-02
    6.43854260e-01 7.45281577e-02 9.27411318e-02 7.89374590e-01
    4.21679974e-01 1.07121676e-01 8.14727187e-01 5.25065601e-01
    3.07988733e-01 2.28220224e-02 5.25107384e-02 7.76902199e-01
    7.35327542e-01 9.37152803e-01 3.49363565e-01 1.29570782e-01
    6.44997418e-01 1.03205621e-01 4.73182082e-01 3.95160258e-01
    1.20633841e-01 9.98505294e-01 8.50869417e-01 5.60467124e-01
    5.31808257e-01 1.22281551e-01 9.82597589e-01 9.45140481e-01
    2.89421260e-01 3.67220640e-01 8.78296673e-01 9.66216326e-01
    6.67938352e-01 5.36285162e-01 8.36842418e-01 2.46472865e-01
    5.73978662e-01 9.71082449e-02 5.53434491e-01 9.58159328e-01
    1.40968829e-01 2.31758058e-02 7.91419864e-01 4.59718496e-01
    6.80033267e-01 7.89836049e-03 9.41799760e-01 1.55800283e-01
    8.27594280e-01 1.35580599e-01 1.97647363e-01 3.45380515e-01
    9.11106944e-01 2.67646611e-01 8.44422221e-01 7.73025274e-01
    2.50213146e-01 3.45626473e-02 4.99502331e-01 1.85799897e-01
    6.34571791e-01 6.16302371e-01 3.81428003e-01 5.58611691e-01
    8.93059492e-01 1.26185089e-01 4.09441441e-01 6.25199318e-01
    2.58178711e-01 6.65473938e-01 1.63446158e-01 2.76381731e-01
    8.61106217e-02 2.80202091e-01 5.87205291e-01 1.88388199e-01
    2.25009322e-02 4.81587768e-01 8.32860708e-01 2.63858736e-01
    9.89756703e-01 3.67152691e-02 4.99618411e-01 1.27349436e-01
    2.00904936e-01 9.94442284e-01 9.93417621e-01 4.54489261e-01
    9.07509804e-01 6.81613624e-01 5.90280414e-01 2.27041185e-01
    4.58835304e-01 6.10220790e-01 7.06833601e-03 1.54640853e-01
    3.86900485e-01 9.96241271e-02 5.03094673e-01 1.87554449e-01
    5.03904164e-01 9.02347744e-01 7.23079860e-01 5.10774195e-01
    2.17974186e-01 3.25282395e-01 7.06110418e-01 6.98189497e-01
    2.31197387e-01 4.79054958e-01 7.96333313e-01 9.70240951e-01
    3.04406315e-01 8.65882277e-01 9.25316215e-01 8.16815376e-01
    5.79760313e-01 6.03106558e-01 4.37560529e-01 5.69241345e-01
    8.86635661e-01 3.65861028e-01 3.13598990e-01 4.41612959e-01
    2.14681506e-01 7.63182461e-01 9.43220437e-01 4.30781811e-01
    7.66656280e-01 1.77863985e-01 1.49428070e-01 9.82320309e-01
    2.96194792e-01 9.03193474e-01 9.20211375e-02 5.59244096e-01
    3.06763530e-01 8.97943854e-01 4.51631576e-01 3.38933766e-01
    1.19421631e-01 5.80810070e-01 8.98913383e-01 4.67731416e-01
    5.55894315e-01 8.77653718e-01 8.16568136e-02 6.87042117e-01
    9.26537454e-01 5.75941324e-01 5.88073015e-01 8.33720326e-01
    5.07638037e-01 5.87965965e-01 5.58833599e-01 3.53262365e-01
    3.68628681e-01 9.30623472e-01 9.30728972e-01 1.92740470e-01
    6.49276495e-01 5.78911901e-01 6.41215682e-01 5.02385437e-01
    8.83876085e-01 2.92629957e-01 8.71556461e-01 2.89666355e-01
    4.20542151e-01 4.23789859e-01 4.74273562e-02 2.08474636e-01
    9.81891692e-01 3.06659281e-01 1.86141104e-01 4.99471664e-01
    6.66820049e-01 9.74877238e-01 7.03142107e-01 2.34732985e-01
    4.60330755e-01 5.68699718e-01 6.18225217e-01 5.12675881e-01
    7.71043539e-01 1.75147355e-02 3.83280456e-01 3.53266001e-01
    3.62860292e-01 1.29034549e-01 3.82167429e-01 5.97425640e-01
    8.03978920e-01 1.12176925e-01 7.89968967e-01 1.75021291e-02
    9.30802226e-02 5.59000075e-02 8.58462155e-01 7.89021254e-02
    6.91094041e-01 8.18545222e-02 9.61883068e-01 5.85940719e-01
    2.05550581e-01 3.21309626e-01 6.62972569e-01 6.23656809e-01
    4.34288353e-01 3.30142289e-01 3.89461488e-01 8.07560682e-01
    5.31224012e-01 7.58633971e-01 9.64108467e-01 5.18414140e-01
    4.78980839e-02 6.32816255e-02 5.33849418e-01 6.00341141e-01
    4.82079238e-01 6.86172307e-01 8.04918885e-01 9.26548958e-01
    8.14456701e-01 3.26951861e-01 8.77989709e-01 8.80718946e-01
    3.06368232e-01 7.60437250e-01 9.71744180e-01 2.94142246e-01
    1.26728266e-01 3.73181045e-01 2.44090527e-01 5.69179356e-01
    3.14329982e-01 1.44948095e-01 3.30698192e-01 8.52177739e-01
    7.50374198e-01 4.13149714e-01 6.37674093e-01 9.12013650e-02
    4.43571925e-01 9.67536926e-01 9.94969249e-01 8.40618968e-01
    6.66038513e-01 1.64287001e-01 1.17720038e-01 3.30636173e-01
    4.64684218e-01 3.00461173e-01 9.55361247e-01 4.49255824e-01
    8.39060068e-01 8.21656108e-01 7.54376352e-01 6.34637356e-01
    9.61089551e-01 7.59740472e-01 2.25047588e-01 9.20630455e-01
    4.85286117e-03 6.19671583e-01 4.31814194e-02 9.55164075e-01
    9.43513751e-01 2.30398655e-01 2.64645398e-01 2.64263868e-01
    3.18855166e-01 9.88014638e-01 1.86282724e-01 3.78744900e-01
    8.99898827e-01 9.57645059e-01 4.73736107e-01 2.25357175e-01
    4.97356057e-03 2.24378437e-01 9.05141354e-01 3.61668825e-01
    8.31615746e-01 1.46090925e-01 7.21547902e-02 4.12939668e-01
    8.12432945e-01 8.01956773e-01 4.29726541e-02 1.08182549e-01
    2.91728854e-01 8.57089579e-01 8.52769256e-01 5.56413949e-01
    8.70458722e-01 7.30253160e-02 8.38808656e-01 6.37463927e-02
    4.23823982e-01 8.49623680e-01 7.53228903e-01 8.17912519e-02
    7.05607891e-01 6.88615680e-01 8.52465272e-01 6.37997270e-01
    2.39264965e-03 5.38128197e-01 2.58804083e-01 4.22729611e-01
    8.56842577e-01 5.11146843e-01 9.83597517e-01 4.62834239e-02
    2.31626570e-01 2.43928075e-01 1.05388761e-02 1.49028301e-01
    8.90624046e-01 1.97746933e-01 4.27774370e-01 6.71598494e-01
    2.05777764e-01 1.49366349e-01 5.85499227e-01 4.62647676e-02
    1.63532704e-01 6.50573194e-01 8.33901823e-01 6.43159568e-01
    5.91594040e-01 5.49945056e-01 2.35250801e-01 5.30662656e-01
    8.06509852e-01 7.62667537e-01 6.36181533e-01 5.48521221e-01
    7.62933612e-01 7.89429784e-01 8.39020014e-02 5.06486416e-01
    6.73991263e-01 7.73142219e-01 3.99722755e-02 2.30298728e-01
    6.72416210e-01 6.05320752e-01 5.87644219e-01 1.12233669e-01
    4.52195138e-01 4.69992578e-01 6.28761709e-01 1.34888440e-01
    2.37256706e-01 8.70953202e-01 7.73869038e-01 6.75337553e-01
    4.13253278e-01 2.62395322e-01 5.66088021e-01 3.53753567e-04
    4.64290023e-01 5.66535890e-01 3.56323421e-02 8.72730315e-01
    3.68729234e-02 5.75819969e-01 4.55567539e-01 2.85391092e-01
    5.69882154e-01 2.88495004e-01 8.60762000e-01 7.74004638e-01
    7.57444680e-01 4.03868616e-01 2.19984770e-01 7.67447054e-01
    5.57531536e-01 4.76359069e-01 6.33002520e-02 7.48510778e-01
    1.98063582e-01 2.67388284e-01 3.68830442e-01 5.33914983e-01
    3.50276917e-01 4.59669054e-01 5.01872063e-01 4.22035724e-01
    2.36610532e-01 6.81602180e-01 5.81241131e-01 4.28016186e-01
    8.50707948e-01 9.12289977e-01 3.93429697e-02 9.10405457e-01
    6.04534209e-01 9.03810740e-01 3.76073211e-01 6.20255351e-01
    4.46198791e-01 1.64225966e-01 9.01474714e-01 3.01125199e-01
    5.08245826e-03 5.20043373e-01 1.23779893e-01 2.05598503e-01
    6.73656344e-01 7.06539929e-01 8.81052256e-01 5.65384448e-01
    2.97218084e-01 2.91429937e-01 2.10646898e-01 6.03452623e-01
    7.95189619e-01 5.66263020e-01 6.66890979e-01 5.38809538e-01
    9.58545208e-02 4.56369847e-01 5.55193424e-01 5.21433592e-01
    3.41888666e-01 6.59552813e-01 8.62451077e-01 4.61864650e-01
    1.06844842e-01 5.79216659e-01 5.43361425e-01 8.05398941e-01
    7.56197989e-01 1.04212970e-01 3.49209189e-01 3.90389323e-01
    4.72251713e-01 3.81767780e-01 5.57254374e-01 4.02148902e-01
    2.17553586e-01 8.13806057e-01 5.70300996e-01 8.69080186e-01
    6.86806977e-01 1.01839125e-01 8.00472260e-01 5.08617282e-01
    2.16119349e-01 4.43510413e-02 8.90788794e-01 5.10713160e-02
    7.19060659e-01 7.38966942e-01 6.06007040e-01 6.03371561e-01
    6.97583556e-02 7.14339852e-01 6.78684235e-01 8.76495719e-01
    7.61060655e-01 2.81506300e-01 7.53537655e-01 2.16119051e-01
    8.31182361e-01 4.24306154e-01 2.59746850e-01 8.94087315e-01
    8.95793796e-01 8.23871791e-02 1.84991986e-01 5.23483872e-01
    3.07164490e-01 1.08197629e-01 4.66525286e-01 4.63879704e-02
    2.10352361e-01 5.84296405e-01 6.18883550e-01 9.57918882e-01
    6.70833826e-01 4.36753333e-02 5.52064180e-02 2.22253919e-01
    6.58221126e-01 2.72428274e-01 4.26378012e-01 9.83348250e-01
    9.10750508e-01 9.64331448e-01 4.76187766e-02 6.17650151e-03
    4.85991240e-01 1.02172256e-01 7.14159489e-01 1.84275955e-01
    9.00596023e-01 7.63427675e-01 3.46042722e-01 7.83828199e-02
    6.31092966e-01 8.10700417e-01 5.81799150e-01 2.36554116e-01
    2.67115295e-01 5.26156485e-01 7.83216059e-02 3.34423184e-01
    2.54273415e-01 7.90645003e-01 8.22596788e-01 5.03190994e-01
    1.65665805e-01 3.18290204e-01 2.71558553e-01 8.04148197e-01
    7.83638000e-01 1.37326807e-01 5.08925378e-01 1.78311169e-02
    7.19756126e-01 3.07904541e-01 4.37983632e-01 2.10994720e-01
    3.40184748e-01 7.46793151e-02 3.91351044e-01 4.01677132e-01
    5.97145617e-01 5.74766755e-01 8.46065164e-01 6.94077849e-01
    8.11264157e-01 6.08438730e-01 6.05624616e-01 9.64464307e-01
    4.22275841e-01 1.30181909e-01 2.27055192e-01 1.08988494e-01
    2.81093538e-01 2.44841874e-01 2.40322411e-01 2.00558275e-01
    6.24580681e-02 7.04430223e-01 3.15260202e-01 3.41310889e-01
    4.82580155e-01 7.91646481e-01 8.20777893e-01 1.65719956e-01
    6.04318619e-01 5.06336689e-01 7.18385577e-02 9.41282213e-02
    1.72526836e-02 8.59753013e-01 4.17502582e-01 6.01621985e-01
    3.63685310e-01 2.30615228e-01 9.80008364e-01 8.78483832e-01
    9.48524714e-01 1.27188265e-01 4.75782126e-01 8.32587779e-01
    1.70257419e-01 7.62477875e-01 2.66668022e-01 8.86688709e-01
    7.12747693e-01 5.65479338e-01 8.65538776e-01 4.78000402e-01
    6.28982782e-01 2.07313120e-01 6.81175530e-01 9.87842739e-01
    2.02646285e-01 7.58042216e-01 6.38027787e-01 2.28994131e-01
    6.45246625e-01 7.37473965e-01 2.18400896e-01 2.71536648e-01
    9.85671759e-01 7.30754733e-02 4.92476285e-01 8.66587400e-01
    6.39169812e-01 1.74862236e-01 7.86445498e-01 4.25521851e-01
    6.11520469e-01 9.10870373e-01 2.94420391e-01 1.83829576e-01
    2.85622180e-02 5.55321515e-01 1.51091367e-01 4.08124924e-02
    5.96814573e-01 2.36156255e-01 1.25518352e-01 6.46152198e-02
    8.25460076e-01 5.43329418e-01 5.35228252e-01 3.61768961e-01
    5.40096104e-01 5.65146625e-01 6.86989963e-01 7.73326695e-01
    8.76475811e-01 7.25480199e-01 6.01577818e-01 3.98368269e-01
    5.65081596e-01 1.43329948e-01 8.36497307e-01 7.77085781e-01
    6.32340431e-01 6.42864406e-01 1.32541627e-01 3.61165166e-01
    6.13750517e-02 4.83594179e-01 8.09494257e-01 8.97993445e-01
    9.98874605e-02 1.89996034e-01 8.15701723e-01 6.64225817e-02
    4.00838256e-02 1.50989920e-01 9.35828447e-01 2.49981582e-01
    8.22515249e-01 6.78597927e-01 9.95162368e-01 3.13992023e-01
    6.38540804e-01 1.46314293e-01 1.50602221e-01 3.10642838e-01
    4.69877183e-01 8.54400694e-01 7.67461300e-01 7.37704039e-02
    1.37457132e-01 9.06652987e-01 2.51820087e-02 1.24809146e-03
    7.34782219e-03 6.74644291e-01 3.21005493e-01 1.05861574e-01
    6.95611537e-02 8.48500729e-01 9.92383957e-01 2.91753232e-01
    2.87774026e-01 1.05139464e-01 1.51756972e-01 8.51850510e-01
    2.57873893e-01 6.02513969e-01 1.92582309e-01 6.43665910e-01
    3.42932463e-01 1.37743294e-01 4.03631300e-01 5.37614584e-01
    9.71320868e-02 2.55994499e-01 7.29310751e-01 8.28246832e-01
    4.14334506e-01 9.65428114e-01 4.95609581e-01 4.34766442e-01
    5.17283559e-01 3.89550447e-01 4.78213340e-01 1.32497907e-01
    2.82433093e-01 9.99543190e-01 9.77671623e-01 1.26024544e-01
    6.28748357e-01 3.69998515e-02 8.54260802e-01 1.30659997e-01
    1.41637444e-01 3.96332711e-01 6.76677585e-01 6.38762236e-01
    5.01879990e-01 3.71077180e-01 6.52460754e-01 2.78742492e-01
    5.72028160e-02 1.85848981e-01 4.73085105e-01 5.00889838e-01
    3.30497891e-01 2.41315097e-01 6.26185238e-01 6.67655587e-01
    9.29981709e-01 9.55201864e-01 1.80019736e-01 6.75726116e-01
    6.10768318e-01 2.93318987e-01 8.58894587e-01 6.21927500e-01
    7.11315751e-01 3.30217779e-01 3.40637714e-01 7.13486195e-01
    4.67150927e-01 6.77436113e-01 1.86484128e-01 5.82002640e-01
    6.48428202e-01 7.41260946e-02 3.44127417e-04 5.12495875e-01
    8.32841873e-01 4.59867716e-02 5.90154231e-02 1.15026653e-01
    9.72152472e-01 3.99568945e-01 7.10491121e-01 9.54127848e-01
    4.93086129e-01 7.27109015e-01 7.74974465e-01 4.99091923e-01
    2.02827871e-01 3.70359242e-01 3.83938611e-01 7.17175484e-01
    2.65351534e-02 3.56309414e-02 1.97254837e-01 4.94538993e-01
    5.45235395e-01 2.39053607e-01 6.34759784e-01 9.78067994e-01
    1.62280351e-01 5.51509500e-01 4.35275316e-01 2.57294834e-01
    8.38106513e-01 4.86884922e-01 1.02759838e-01 4.83651429e-01
    2.48233199e-01 8.40631723e-02 3.83708328e-01 4.84651774e-01
    5.61349034e-01 4.05981541e-01 6.81768775e-01 8.33649874e-01
    7.11436450e-01 4.84014422e-01 8.78355205e-02 4.38473910e-01
    7.61084080e-01 6.22413933e-01 4.09440994e-01 6.71319366e-01
    8.03353548e-01 6.75942600e-02 2.62834132e-01 5.85853398e-01
    3.96058261e-01 5.25182188e-01 6.43942475e-01 6.12401068e-01
    3.57574373e-01 7.26279974e-01 1.65008694e-01 6.62927866e-01
    3.78695130e-01 2.19622433e-01 1.87049598e-01 4.40915406e-01
    9.16135669e-01 8.08877707e-01 9.73874331e-01 7.64875293e-01
    2.10226923e-01 2.54936755e-01 3.25775921e-01 4.58167255e-01
    3.67808044e-01 4.02189344e-01 7.32321501e-01 6.56951189e-01
    4.46386665e-01 7.11897314e-01 2.54294991e-01 4.89529282e-01
    9.54242885e-01 6.70539975e-01 2.90401012e-01 7.86199868e-02
    2.83156961e-01 1.74268484e-02 8.98588002e-02 2.99985826e-01
    8.83051515e-01 2.40058213e-01 6.93282485e-03 1.10063076e-01
    3.16597551e-01 6.70577109e-01 6.54742837e-01 1.35987520e-01
    2.48105407e-01 9.43113446e-01 4.81724113e-01 3.64216983e-01
    9.63961601e-01 2.50619769e-01 5.63160658e-01 7.92862058e-01
    6.41439557e-01 9.91997242e-01 1.73696607e-01 9.35587168e-01
    8.15683663e-01 4.01069045e-01 3.08160484e-01 1.94593698e-01
    9.71509695e-01 4.26570386e-01 6.83821023e-01 3.22569758e-01
    4.11574215e-01 9.48311210e-01 1.18158340e-01 9.44217205e-01
    9.57381845e-01 8.54258597e-01 9.21016455e-01 4.40552533e-01
    2.39792585e-01 8.53089333e-01 2.88975954e-01 9.09118652e-01
    3.91170174e-01 3.09155017e-01 2.03981191e-01 8.85356188e-01
    4.07983005e-01 1.11811161e-01 9.04071331e-03 2.29161024e-01
    9.67154384e-01 2.09479183e-01 7.62265086e-01 7.14359403e-01
    2.87428856e-01 7.86670685e-01 3.19352537e-01 8.15938354e-01
    7.02391922e-01 3.01879704e-01 7.85714030e-01 3.10619920e-01
    3.68174732e-01 6.15042567e-01 1.84141994e-02 2.60503590e-01
    8.20592165e-01 4.13743585e-01 5.03862977e-01 7.52774835e-01
    7.62410581e-01 2.22301483e-01 2.66550750e-01 3.20562780e-01
    7.44703412e-01 5.16219079e-01 7.57366121e-02 8.23878050e-01
    3.21609855e-01 2.95372397e-01 3.59600902e-01 1.59807503e-02
    6.23556077e-01 9.31205213e-01 4.69295532e-01 9.60846066e-01
    1.62066042e-01 6.34546757e-01 8.76421332e-01 4.37119007e-02
    7.36923695e-01 7.74314046e-01 7.65348971e-02 4.60116357e-01
    7.20999062e-01 4.04545575e-01 3.58713865e-01 5.07583916e-02
    7.91833520e-01 2.93564856e-01 8.58536124e-01 5.57517886e-01
    6.48501635e-01 4.60423350e-01 9.29084539e-01 8.68199289e-01
    8.63295257e-01 5.55229723e-01 5.89000702e-01 5.09717882e-01
    6.70687079e-01 1.61041349e-01 6.82013810e-01 5.30425787e-01
    3.20845008e-01 1.39560729e-01 4.99580175e-01 5.38572967e-01
    2.49397367e-01 3.54849339e-01 1.24156713e-01 6.15982592e-01
    3.38419318e-01 2.31283307e-01 9.63893414e-01 9.86100733e-01
    3.66402239e-01 4.50497329e-01 1.47251904e-01 6.74575508e-01
    4.17046189e-01 3.88359457e-01 3.18625391e-01 5.62260568e-01
    5.02333462e-01 1.06425434e-01 4.36296105e-01 2.47106224e-01
    2.64211774e-01 9.83283758e-01 5.40090263e-01 6.61626816e-01
    4.15560931e-01 4.61736381e-01 4.93822038e-01 6.99355185e-01
    1.30375028e-02 9.18300271e-01 4.75138277e-01 9.41283226e-01
    8.03020716e-01 1.00267261e-01 3.82501781e-01 2.67992735e-01
    5.06973863e-01 2.50445187e-01 2.16173172e-01 6.55162334e-01
    3.56003046e-02 9.93470371e-01 9.00012374e-01 3.36070776e-01
    9.22928870e-01 9.61768627e-03 6.79706514e-01 6.85528040e-01
    6.95715547e-01 8.47635388e-01 5.64510822e-01 2.86435187e-02
    8.08394670e-01 1.27600193e-01 8.09694052e-01 1.63904339e-01
    7.84556448e-01 9.52911139e-01 2.34349251e-01 1.95801347e-01
    4.87800539e-02 4.09040987e-01 7.42960155e-01 6.29698753e-01
    8.14230442e-01 4.00513351e-01 2.47041762e-01 8.70704293e-01
    9.60705400e-01 4.95135784e-02 3.61863256e-01 2.24090815e-02
    2.41302818e-01 8.97511840e-01 5.07767379e-01 7.41290569e-01
    5.47252893e-01 7.16726840e-01 6.41348958e-01 8.92397583e-01
    5.53267598e-01 9.54274297e-01 3.38625193e-01 4.55776453e-01
    4.54540253e-01 9.08702731e-01 1.86890274e-01 8.04140627e-01
    1.04289025e-01 6.74083233e-01 7.98977256e-01 7.27287173e-01
    8.88965428e-01 6.84048176e-01 5.15287280e-01 1.14962488e-01
    4.13619161e-01 8.83669257e-01 2.89196491e-01 9.55348372e-01
    1.67639166e-01 2.76938856e-01 1.22020304e-01 2.70232260e-01
    3.63799930e-03 8.47635746e-01 6.21951282e-01 1.28714502e-01
    7.26205945e-01 9.60798144e-01 4.30323392e-01 9.39099431e-01
    3.41923356e-01 8.38217974e-01 7.96874344e-01 4.97030228e-01
    9.34349775e-01 6.07721806e-02 2.45982438e-01 8.60191286e-01
    1.29879296e-01 5.93582392e-01 6.61340952e-01 5.88618398e-01
    7.17960775e-01 5.57167232e-02 1.10767126e-01 9.80912566e-01
    2.01479077e-01 4.81981784e-01 8.57609868e-01 2.89494216e-01
    3.84441197e-01 1.10055476e-01 7.77926445e-01 1.21396422e-01
    7.72039831e-01 8.25485885e-02 9.67127979e-02 4.31918859e-01
    8.95392060e-01 2.30316609e-01 4.48974997e-01 5.93133569e-02
    9.17640090e-01 4.14140224e-01 7.32398033e-02 8.59024882e-01
    7.31531084e-01 6.71061754e-01 1.81009114e-01 1.82376504e-01
    1.35159612e-01 6.17629230e-01 3.50105703e-01 6.87923551e-01
    8.64619732e-01 6.23681605e-01 8.70691240e-02 3.52445662e-01
    4.68830854e-01 3.13559115e-01 9.22689319e-01 9.83892083e-01
    8.01588595e-02 2.27655083e-01 2.64362514e-01 7.30279088e-03
    1.99353129e-01 5.74421883e-02 9.74932551e-01 5.59187055e-01
    2.05653131e-01 3.60276043e-01 5.19479573e-01 7.63847291e-01
    8.38108659e-02 1.96513325e-01 9.68748152e-01 7.93490708e-01
    4.63089466e-01 9.82906282e-01 9.83137608e-01 1.67537987e-01
    9.02940273e-01 2.32212543e-01 7.62922168e-01 1.24910891e-01
    9.87617552e-01 2.10329056e-01 4.08932537e-01 7.14823961e-01
    5.37867546e-02 2.56535709e-02 4.63624537e-01 7.48511612e-01
    6.88673139e-01 4.31171924e-01 2.15452075e-01 1.82400852e-01
    4.05368775e-01 6.60027564e-01 6.42654598e-01 4.41512764e-02
    4.87981707e-01 5.72395742e-01 1.10844046e-01 1.08337969e-01
    2.01477230e-01 3.84036303e-01 4.70799118e-01 1.19447112e-01
    7.10551381e-01 3.13269794e-01 2.81916261e-01 6.48424506e-01
    4.34290618e-01 5.41102886e-03 9.64560628e-01 4.86674666e-01
    7.20793903e-02 2.50382245e-01 6.29103482e-01 6.29574597e-01
    6.10234261e-01 1.30023837e-01 4.89741921e-01 2.86918610e-01
    9.16927457e-01 3.27103913e-01 6.48576617e-01 6.03571057e-01
    3.93289953e-01 2.30888903e-01 8.56635869e-01 4.80346829e-01
    4.18163151e-01 5.58005214e-01 3.34836274e-01 5.93567014e-01
    6.77185535e-01 9.82114434e-01 1.24839574e-01 9.11215067e-01
    8.45799387e-01 4.94215965e-01 6.63786829e-02 4.27841544e-01
    1.72381848e-01 8.69585991e-01 8.15134168e-01 4.23953354e-01
    3.08332086e-01 3.15748394e-01 8.15604746e-01 4.56218064e-01
    3.30753624e-01 3.95021617e-01 9.04624581e-01 3.61450464e-01
    6.38804793e-01 5.02287805e-01 9.10259545e-01 8.85551929e-01
    5.92979193e-01 6.00921512e-01 7.12571919e-01 3.11964661e-01
    9.97413814e-01 3.20228398e-01 3.60626578e-01 1.60120338e-01
    5.42155266e-01 1.95338100e-01 6.29024923e-01 4.13880825e-01
    6.71414733e-02 8.02616358e-01 4.12329435e-01 6.94547951e-01
    5.52523613e-01 8.18775058e-01 5.78654528e-01 3.45845163e-01
    5.46991169e-01 7.94350982e-01 2.19770104e-01 1.23605907e-01
    9.42206860e-01 2.30229527e-01 1.97758466e-01 7.29889989e-01
    9.92828608e-01 7.63355970e-01 2.02820301e-02 6.30765319e-01
    1.53049171e-01 8.87460351e-01 4.26233053e-01 1.31932586e-01
    9.42520857e-01 6.77824438e-01 9.41887915e-01 3.14676344e-01
    5.21860778e-01 8.71805310e-01 4.40378934e-01 1.95357293e-01
    5.92240512e-01 8.79425347e-01 8.62344027e-01 4.05861318e-01
    1.00096166e-02 4.85781133e-01 7.24346161e-01 5.06614804e-01
    1.78557068e-01 1.09709203e-01 2.68640161e-01 2.44395643e-01
    4.91422713e-02 8.17764521e-01 3.47334653e-01 5.14473915e-01
    9.10511732e-01 5.42927980e-01 7.86277652e-01 1.05569065e-01
    4.30322737e-01 2.95266032e-01 7.96324134e-01 4.81827408e-01
    4.71357554e-01 3.58315527e-01 6.44103348e-01 6.46878481e-01
    2.24197090e-01 4.31760430e-01 4.62392271e-01 7.01004624e-01
    6.47285402e-01 4.36216831e-01 4.57650274e-01 9.04848933e-01
    7.12774396e-01 3.30421150e-01 7.78523922e-01 5.38581371e-01
    8.57488930e-01 5.62230647e-01 9.71451521e-01 4.81349528e-01
    4.68365341e-01 6.74724281e-01 2.36439109e-02 5.69780171e-02
    8.55418921e-01 1.74423516e-01 9.24419403e-01 6.51024461e-01
    6.75473809e-01 6.18570268e-01 8.17665458e-01 8.29632163e-01
    2.07495481e-01 9.97847915e-01 4.02088940e-01 8.87987316e-01
    3.20613623e-01 1.91631585e-01 4.00863588e-01 1.15836203e-01
    8.21392715e-01 1.28970623e-01 1.80307448e-01 3.05949450e-01
    4.99592274e-01 5.39772034e-01 8.93218637e-01 5.47621965e-01
    3.33367586e-02 2.05717295e-01 2.75964856e-01 4.81967330e-02
    5.78454137e-02 9.06900287e-01 8.70648623e-01 6.40371084e-01
    8.93145382e-01 5.19032300e-01 1.04171097e-01 1.48457527e-01
    3.11276853e-01 6.67785108e-01 2.15291381e-01 5.37752688e-01
    6.46820664e-01 6.72372520e-01 5.43736219e-01 5.91495156e-01
    3.70726585e-01 1.43918723e-01 9.74408329e-01 7.15105057e-01
    8.23301911e-01 7.19155133e-01 5.78957975e-01 5.63194573e-01
    3.91491503e-01 6.30382359e-01 1.94864392e-01 8.12878251e-01
    8.41531754e-01 6.77310586e-01 8.50538731e-01 8.71761084e-01
    2.80484557e-01 8.40514898e-01 8.22177827e-02 7.73187459e-01
    2.46874690e-01 4.67249930e-01 8.60865116e-01 7.88462520e-01
    2.25838006e-01 5.59070110e-01 1.95110619e-01 6.60406351e-01
    8.78810883e-01 5.18259943e-01 5.95504165e-01 8.33422542e-01
    9.62954462e-01 3.48462313e-01 6.99277759e-01 2.01610178e-01
    8.15330863e-01 9.66781497e-01 1.24623358e-01 1.21596456e-02
    2.11739957e-01 4.00372744e-01 2.02622414e-02 5.89400768e-01
    4.32962388e-01 9.55047369e-01 5.08295953e-01 1.33296728e-01
    5.00713885e-01 1.31704718e-01 1.79365993e-01 2.37414062e-01
    5.31964660e-01 3.09791744e-01 6.85394466e-01 2.42294133e-01
    3.09869826e-01 7.97284484e-01 2.07360417e-01 6.50028467e-01
    1.97648942e-01 6.48043454e-01 5.30482829e-01 5.79634547e-01
    3.34543884e-01 8.98867130e-01 1.52041703e-01 1.25633866e-01
    1.73247367e-01 3.21456671e-01 1.37984872e-01 2.27225989e-01
    5.99638581e-01 3.00275862e-01 7.17450976e-02 9.51880634e-01
    8.22662830e-01 6.37110293e-01 1.22396648e-01 5.98221719e-02
    6.19649887e-03 8.43172014e-01 7.96019077e-01 6.76736891e-01
    1.53027415e-01 1.33603662e-01 4.38903779e-01 1.70424342e-01
    4.95595574e-01 2.64023155e-01 8.01467419e-01 5.53934693e-01
    5.15120864e-01 1.64923161e-01 7.20409870e-01 4.23405617e-01
    3.64111602e-01 3.52472842e-01 7.67147303e-01 8.11739922e-01
    9.71286893e-01 2.95299590e-01 3.28158200e-01 6.50796413e-01
    9.43700910e-01 3.23325664e-01 2.44674772e-01 3.64350975e-01
    5.90981364e-01 4.81910914e-01 6.22368276e-01 1.71157748e-01
    9.95699644e-01 3.15134943e-01 4.32001770e-01 8.61489773e-01
    9.88773584e-01 9.47036684e-01 2.00116932e-01 7.50475407e-01
    2.13399857e-01 2.70873308e-02 6.32730544e-01 4.26176786e-01
    6.31021142e-01 1.78990006e-01 2.24495232e-01 7.10729063e-01
    9.21888471e-01 9.45724666e-01 7.93508768e-01 7.96842992e-01
    9.71868277e-01 9.60777044e-01 6.52326941e-01 9.81442511e-01
    6.05941415e-02 1.20242089e-01 8.65803719e-01 4.69291836e-01
    2.12806493e-01 8.78599048e-01 9.46754456e-01 5.00731647e-01
    7.37091362e-01 4.32110608e-01 2.45922416e-01 3.97558928e-01
    4.80892599e-01 9.84160781e-01 8.57599735e-01 3.22899401e-01
    8.08609664e-01 6.75472140e-01 5.06001353e-01 7.22957015e-01
    5.42721212e-01 2.28294134e-02 5.87470829e-01 9.90654409e-01
    4.64350343e-01 3.98363471e-02 4.19146568e-01 1.82806730e-01
    7.89375305e-01 4.50662732e-01 2.06287503e-01 3.32996279e-01
    8.68891597e-01 4.94160116e-01 9.61787164e-01 4.62831557e-02
    5.51164150e-01 5.44195950e-01 5.86843371e-01 4.39271450e-01
    9.91455257e-01 1.10681415e-01 7.53031671e-02 3.31164062e-01
    6.41766071e-01 1.96162730e-01 9.67281163e-02 2.64904201e-02
    9.38888192e-01 4.71941411e-01 5.80710471e-01 7.09037781e-02
    8.85381341e-01 5.88537991e-01 7.63367653e-01 6.76286578e-01
    9.53709245e-01 6.54042602e-01 9.39743876e-01 9.93533432e-01
    6.83600187e-01 1.02955490e-01 1.92777395e-01 1.75277740e-01
    4.38072950e-01 6.62848473e-01 4.09048378e-01 8.29469144e-01
    4.33312446e-01 7.95103312e-01 4.13038731e-01 3.98339331e-01
    9.57393587e-01 5.56663811e-01 2.74560750e-02 3.79378557e-01
    2.15306103e-01 2.02523500e-01 8.83439898e-01 7.56829023e-01
    4.81483430e-01 7.78011680e-01 6.24522567e-03 4.70812201e-01
    6.49480402e-01 8.76204967e-01 4.61474359e-01 5.62604964e-01
    3.90528113e-01 6.21025264e-01 9.53257143e-01 9.98639703e-01
    3.70870769e-01 5.87330997e-01 3.83668602e-01 1.26333892e-01
    6.66930199e-01 4.89176661e-01 5.85303783e-01 8.41158509e-01
    8.92428339e-01 4.20340508e-01 8.75505447e-01 9.86000538e-01
    9.36279416e-01 6.81142092e-01 2.10971355e-01 8.47943664e-01
    4.11095917e-02 2.17923522e-01 3.77340019e-01 9.28407013e-02
    4.04952288e-01 1.00367755e-01 5.78256488e-01 3.81484568e-01
    4.07314628e-01 5.88766932e-01 6.85567379e-01 2.48040855e-02
    6.35590076e-01 9.05176401e-02 8.61488402e-01 3.29448938e-01
    6.60754800e-01 1.14036947e-01 5.92685163e-01 1.76545352e-01
    6.41353607e-01 6.51478887e-01 2.91320324e-01 9.97335196e-01
    2.84631968e-01 8.08370590e-01 7.38442242e-01 8.09440970e-01
    3.61657321e-01 3.13780546e-01 2.80205607e-01 9.00530636e-01
    5.01042008e-02 3.95825744e-01 8.56421590e-01 9.57348764e-01
    4.08263266e-01 9.94879723e-01 1.85646445e-01 4.13032174e-01
    8.74287963e-01 2.16842264e-01 1.73620164e-01 9.95266140e-01
    8.46658230e-01 1.67604327e-01 5.07670879e-01 9.84773934e-02
    5.52584052e-01 6.15686655e-01 4.82057065e-01 2.26608664e-01
    6.33619726e-02 1.75814599e-01 5.52408099e-01 7.00923979e-01
    3.35386753e-01 9.21430588e-02 6.66954994e-01 6.69663250e-01
    6.53915823e-01 3.44986320e-01 9.09630775e-01 9.63544667e-01
    9.33524787e-01 4.11486924e-01 8.31775665e-01 7.32507586e-01
    4.01064217e-01 2.32066572e-01 9.51579928e-01 2.37705410e-01
    9.97159719e-01 6.96372092e-02 5.96179128e-01 7.62214661e-01
    4.07575011e-01 8.94810796e-01 5.63747764e-01 3.27129722e-01
    3.04391712e-01 6.35542274e-02 5.36331356e-01 1.12323225e-01
    9.44373131e-01 7.76495457e-01 5.21269321e-01 3.36227834e-01
    2.05384940e-01 2.85782278e-01 9.32038307e-01 6.71086311e-02
    3.28988135e-01 1.69909477e-01 5.17412961e-01 7.73276210e-01
    7.45026231e-01 6.19658470e-01 5.60392857e-01 2.71661103e-01
    8.91181767e-01 4.57158923e-01 8.48432899e-01 8.60327363e-01
    8.77763748e-01 6.05716646e-01 4.09241319e-01 5.86955547e-02
    4.81914699e-01 2.82690972e-01 1.47022843e-01 5.12391746e-01
    3.44630301e-01 3.12454253e-01 6.19888365e-01 1.24995559e-01
    2.97221005e-01 6.05347753e-01 2.96008825e-01 4.36104834e-01
    8.05378675e-01 5.60020566e-01 1.27792865e-01 7.30257332e-02
    4.29244101e-01 1.45991653e-01 6.31011128e-01 6.15960360e-03
    1.28254086e-01 1.93085074e-02 3.07610691e-01 3.09194505e-01
    6.46434724e-01 1.74957871e-01 2.58023143e-01 5.55946290e-01
    4.07468855e-01 1.94868773e-01 9.76709127e-01 1.71470433e-01
    6.08741164e-01 7.29151607e-01 2.94263363e-02 3.42782438e-01
    3.22408259e-01 6.19166493e-01 2.07870483e-01 4.48986411e-01
    6.96160316e-01 6.72477007e-01 3.99489403e-01 4.76255804e-01
    2.37268120e-01 7.08514631e-01 1.87116802e-01 3.01581472e-01
    6.37524903e-01 4.67524827e-02 5.99217713e-02 8.92721057e-01
    5.28951645e-01 9.69124377e-01 3.01236212e-01 6.57556415e-01
    8.14838111e-01 6.98924065e-01 8.48514795e-01 5.19313395e-01
    4.00515467e-01 3.59359086e-01 2.21198559e-01 4.19969261e-02
    4.02461380e-01 6.66471362e-01 3.58130693e-01 2.22955883e-01
    6.92830563e-01 3.81498039e-02 3.23743820e-01 8.94764006e-01
    7.46491969e-01 3.50931346e-01 6.39546633e-01 4.53369945e-01
    2.75220096e-01 8.25019717e-01 8.72703969e-01 9.67284143e-01
    2.29599535e-01 1.93004876e-01 9.20382142e-01 8.49174738e-01
    5.20414114e-01 7.69983768e-01 2.16379583e-01 7.36096859e-01
    7.13423848e-01 2.49516129e-01 7.56837010e-01 4.07879949e-01
    1.19791865e-01 3.43755603e-01 5.56520224e-02 3.95326585e-01
    8.09487581e-01 6.31743371e-01 2.92204261e-01 8.09767246e-02
    3.69281232e-01 7.78195858e-01 5.53483665e-02 3.02262247e-01
    2.25036383e-01 1.38583988e-01 7.22395599e-01 1.15049452e-01
    8.99716258e-01 8.05402458e-01 8.63871813e-01 9.44572747e-01
    6.13185644e-01 3.59130681e-01 2.78215706e-02 5.02147555e-01
    5.54550588e-01 6.63075924e-01 8.17251801e-02 5.11473477e-01
    7.43773878e-01 6.04061306e-01 7.90849566e-01 3.98281395e-01
    8.65719199e-01 5.72500229e-01 3.19340050e-01 8.23858142e-01
    7.10370541e-01 7.17203319e-02 5.31594336e-01 4.47685868e-01
    8.16812992e-01 9.97744322e-01 9.33411181e-01 2.67990947e-01
    8.55313540e-01 9.46576893e-01 8.34009945e-01 6.60981178e-01
    7.92329073e-01 7.40867436e-01 9.21457171e-01 2.09224194e-01
    5.56090415e-01 9.47156906e-01 4.39344436e-01 7.14835286e-01
    5.83798826e-01 2.24966437e-01 2.42179036e-01 7.07912445e-01
    7.58033574e-01 4.03630584e-01 6.52385831e-01 1.61048144e-01
    4.98224378e-01 9.58804965e-01 1.74706906e-01 1.42022908e-01
    9.40382481e-02 4.46746409e-01 7.97783732e-01 1.62164330e-01
    8.69195700e-01 4.22667235e-01 2.79926360e-02 6.12636447e-01
    3.70591819e-01 3.00644159e-01 1.33163333e-01 6.74911380e-01
    8.06598663e-02 2.61754841e-01 5.93122840e-02 9.13803101e-01
    7.27318168e-01 6.35768712e-01 7.56331980e-01 7.38048196e-01
    2.67841637e-01 6.89975083e-01 9.75059569e-02 2.03731239e-01
    8.65501821e-01 5.80433011e-03 3.25881809e-01 7.22072482e-01
    9.70256031e-01 4.26215857e-01 4.43074077e-01 2.30488420e-01
    1.25345737e-01 8.72002363e-01 3.06114554e-01 9.14297998e-01
    1.94741994e-01 8.49722028e-02 8.27721059e-01 6.33147657e-01
    3.69416565e-01 3.49975049e-01 8.18940639e-01 5.30328035e-01
    4.09760118e-01 4.90348041e-02 8.50530922e-01 7.93974400e-01
    2.61460841e-02 2.03133881e-01 3.58561993e-01 4.73467529e-01
    2.08983630e-01 2.41597801e-01 8.38807464e-01 5.18712699e-01
    7.27428675e-01 3.15589190e-01 2.31871009e-01 8.09910119e-01
    2.86593974e-01 6.75231099e-01 4.46387410e-01 9.45149064e-01
    9.07855332e-02 5.98234415e-01 3.04157376e-01 4.73180532e-01
    6.05871558e-01 5.09930789e-01 1.93887442e-01 5.43312728e-02
    7.57255316e-01 3.80678177e-02 2.89443552e-01 6.15911782e-02
    6.25999451e-01 1.93887204e-01 4.79293078e-01 9.12377834e-01
    8.89822364e-01 1.06094927e-01 4.81123388e-01 9.44763064e-01
    9.07921731e-01 5.39997637e-01 9.58504379e-01 4.23575282e-01
    6.74409449e-01 7.36434817e-01 8.34143400e-01 3.62200797e-01
    7.86501288e-01 9.72427130e-01 2.25037426e-01 7.88430572e-01
    8.65391612e-01 3.29927087e-01 9.83196855e-01 8.99938464e-01
    6.29728913e-01 3.17804813e-01 8.95616889e-01 3.85079443e-01
    7.79255509e-01 8.76635909e-01 9.50918198e-01 4.94172156e-01
    4.22262073e-01 1.44273609e-01 3.84147227e-01 7.23645091e-01
    3.52327436e-01 5.67335010e-01 1.11264080e-01 2.48172194e-01
    2.09089339e-01 3.01946521e-01 7.81668782e-01 3.25274467e-02
    4.20827478e-01 4.28460211e-01 8.03720593e-01 7.05270231e-01
    4.35340166e-01 6.49188399e-01 2.51708299e-01 5.07624149e-02
    3.42841506e-01 2.35762835e-01 7.14071155e-01 3.90872657e-01
    2.31443971e-01 6.74203515e-01 4.40360665e-01 7.17805386e-01
    4.34748977e-01 2.45728999e-01 4.31333780e-02 2.34254539e-01
    8.39000165e-01 9.23592091e-01 3.23894680e-01 3.48042279e-01
    2.07373947e-01 2.99586773e-01 7.64280677e-01 9.94306445e-01
    8.53670716e-01 1.29866064e-01 6.47903919e-01 6.11550748e-01
    9.10508752e-01 2.23862708e-01 8.05243731e-01 4.17175800e-01
    3.87647212e-01 1.68863803e-01 4.83468771e-02 8.53262007e-01
    7.80311763e-01 9.23595071e-01 9.83681679e-01 8.87431860e-01
    8.46922934e-01 6.83631003e-02 2.23443955e-01 4.10963774e-01
    1.58008069e-01 2.99955726e-01 8.96580219e-02 2.73700237e-01
    7.27286935e-03 2.12207347e-01 9.89308298e-01 3.13029677e-01
    3.79789084e-01 4.78427708e-01 4.19642121e-01 5.28915703e-01
    4.79125619e-01 1.95428520e-01 9.71322417e-01 8.17973256e-01
    7.14902341e-01 6.57294750e-01 2.01997757e-02 4.70336974e-01
    1.12269551e-01 9.10769522e-01 3.78828555e-01 6.92724884e-01
    3.93001974e-01 8.32252085e-01 3.23887169e-02 7.77647436e-01
    9.72945273e-01 3.44262481e-01 6.66347921e-01 4.53247190e-01
    8.72921646e-01 3.15016031e-01 5.24066687e-01 9.11625624e-01
    5.85197568e-01 2.03800738e-01 5.29004395e-01 6.16678596e-03
    5.62906861e-01 7.35719204e-01 3.77809107e-01 3.99457246e-01
    7.57042527e-01 3.89391243e-01 6.93629146e-01 2.13866264e-01
    7.23752916e-01 8.91939461e-01 3.27423185e-01 6.15515172e-01
    5.42169213e-01 3.63857031e-01 8.53977561e-01 4.65426296e-01
    8.83459389e-01 1.87902540e-01 2.50481904e-01 3.90827060e-02
    6.78262770e-01 1.35094166e-01 1.67012423e-01 4.60395306e-01
    7.81675041e-01 5.52099884e-01 2.27320850e-01 2.75160581e-01
    5.55289745e-01 5.98471820e-01 2.68671066e-01 1.00159347e-02
    2.97379524e-01 8.76122952e-01 5.03779709e-01 8.77060592e-02
    9.92097020e-01 7.03485966e-01 8.95792842e-01 3.90788019e-01
    8.18236470e-02 1.69704139e-01 8.84280741e-01 6.55974865e-01
    7.36221313e-01 5.65506756e-01 7.54967570e-01 6.22834444e-01
    3.79680604e-01 8.95550013e-01 8.74571800e-01 9.57286716e-01
    2.15519905e-01 2.57058859e-01 6.30157888e-01 3.91098857e-02
    1.36670232e-01 1.71972096e-01 6.68486834e-01 8.90541673e-01
    7.17380643e-01 8.63603115e-01 6.20403647e-01 5.02539694e-01
    7.54191637e-01 3.02893758e-01 4.91984129e-01 4.92773712e-01
    3.22353542e-02 4.81334805e-01 5.51246405e-01 1.80408627e-01
    2.48676538e-02 3.05938065e-01 6.92917585e-01 3.75600368e-01
    7.40257263e-01 9.09112036e-01 2.86072075e-01 6.22549713e-01
    1.12054259e-01 1.20629966e-02 1.30722284e-01 4.11827266e-02
    9.69653726e-01 8.71847510e-01 3.33680660e-01 1.81407392e-01
    7.97188580e-02 4.16964293e-01 6.95145130e-01 8.22642446e-01
    5.86787641e-01 1.11800998e-01 4.19358015e-01 2.96763182e-01
    3.67490411e-01 6.03006184e-02 2.54791856e-01 2.25105613e-01
    9.87879455e-01 1.31629109e-01 6.24777019e-01 7.23232031e-02
    9.99101400e-01 6.74657941e-01 5.30021310e-01 4.91038442e-01
    9.71703351e-01 7.88228869e-01 6.65293813e-01 1.71639204e-01
    2.79086888e-01 2.52436399e-01 1.59586608e-01 5.01502037e-01
    5.10879040e-01 7.52221346e-01 3.00857961e-01 6.63585365e-01
    8.39476585e-01 5.10320842e-01 2.31841564e-01 8.33305418e-01
    9.68288481e-02 8.52465630e-01 7.90019989e-01 7.76740074e-01
    2.04586089e-01 8.85235429e-01 8.82039309e-01 4.07347679e-01
    1.28854901e-01 2.05840826e-01 2.87620485e-01 8.29378009e-01
    6.97953463e-01 9.58868563e-01 3.81857634e-01 8.16420317e-02
    7.39662886e-01 5.38283646e-01 9.10531878e-01 4.11248386e-01
    4.78219688e-02 3.41856778e-01 6.60729110e-02 7.65127540e-01
    4.40547466e-02 1.84540570e-01 4.63416219e-01 5.51509678e-01
    4.21407819e-02 5.89900732e-01 2.61812210e-02 2.09962189e-01
    6.20126247e-01 6.08032167e-01 8.43250513e-01 9.32950974e-01
    8.72368038e-01 7.83004940e-01 9.67843890e-01 4.59416211e-01
    3.05561185e-01 1.74327195e-01 2.91870385e-01 7.67039299e-01
    6.71486199e-01 4.70971674e-01 5.18064976e-01 9.50392604e-01
    9.48232770e-01 6.67386174e-01 3.13431144e-01 5.10040820e-01
    5.63775718e-01 8.98376167e-01 9.43741679e-01 4.76716757e-02
    7.06002712e-01 3.84302139e-02 7.22813904e-02 8.28478873e-01
    2.45754063e-01 6.94242239e-01 4.86354530e-01 6.49792910e-01
    1.77633911e-01 9.16872978e-01 2.15021014e-01 1.86925590e-01
    6.57046914e-01 5.70414662e-01 9.64978933e-01 4.23393071e-01
    4.50146288e-01 4.16257709e-01 8.79845619e-01 7.99240589e-01
    9.33736086e-01 5.91143489e-01 6.40024781e-01 5.23111463e-01
    9.23232913e-01 3.78011912e-01 5.10096133e-01 9.80518103e-01
    9.99614835e-01 4.87097800e-01 1.54551268e-01 5.21100223e-01
    5.50373912e-01 1.10585839e-01 6.74917042e-01 4.29823905e-01
    1.55550390e-01 9.45521891e-02 9.50495958e-01 4.59261686e-01
    8.13466311e-03 6.62433505e-01 1.37408257e-01 6.53397083e-01
    5.25813580e-01 7.17158616e-02 5.70274234e-01 9.43882108e-01
    4.50867176e-01 9.47234631e-02 9.11300182e-02 2.30423123e-01
    8.96212578e-01 3.25295925e-01 2.35690862e-01 4.40179437e-01
    4.18721855e-01 6.87134683e-01 1.17686242e-01 8.99208784e-01
    6.99277461e-01 4.68038708e-01 9.50940430e-01 9.08842683e-01
    6.57720566e-01 6.41232133e-01 4.37928319e-01 6.94250584e-01
    9.72007453e-01 1.44693404e-01 7.38455892e-01 2.95365036e-01
    4.88106161e-01 2.37794846e-01 7.14911580e-01 4.69448596e-01
    2.97827542e-01 2.17473805e-02 9.08817589e-01 6.91997290e-01
    1.52192801e-01 6.64851248e-01 3.59867632e-01 7.07122982e-02
    1.19809091e-01 2.71805614e-01 1.16626978e-01 1.86804384e-01
    9.35802698e-01 8.91400039e-01 5.27078748e-01 1.20276362e-01
    7.21300244e-01 6.47517800e-01 6.87299848e-01 5.45098901e-01
    2.89473444e-01 9.25554931e-02 5.90549052e-01 9.14231777e-01
    7.78461099e-01 5.47694743e-01 4.59697574e-01 1.11722291e-01
    2.42910385e-01 2.85069823e-01 3.79888743e-01 8.70777130e-01
    9.95908737e-01 4.20240760e-02 5.44096947e-01 8.78499150e-01
    7.93557525e-01 1.24440730e-01 8.47450852e-01 9.39700246e-01
    8.14454019e-01 8.30080867e-01 4.51786548e-01 1.50872469e-02
    6.27311289e-01 2.03970611e-01 4.88262177e-01 5.27712166e-01
    6.63260698e-01 2.03796387e-01 1.40656829e-02 1.08607173e-01
    2.32426822e-01 6.48640215e-01 1.30886883e-01 8.14608634e-01
    6.96436405e-01 4.78988528e-01 7.75605679e-01 7.90088892e-01
    3.22550058e-01 6.50232017e-01 3.10559273e-02 8.16310525e-01
    1.60063893e-01 3.21107894e-01 6.89368069e-01 3.26868534e-01
    8.76823664e-01 9.85352933e-01 8.01116586e-01 1.21799260e-01
    2.95260549e-01 8.35946560e-01 8.81500542e-02 5.72183967e-01
    4.25733924e-02 2.41600811e-01 3.63852024e-01 9.76341486e-01
    7.11557508e-01 7.16711640e-01 8.16164732e-01 9.03569758e-02
    9.51187015e-01 9.43573236e-01 6.99691772e-01 1.86549038e-01
    9.42564487e-01 2.21887976e-01 1.67656690e-01 2.70033538e-01
    6.23783588e-01 6.45106971e-01 5.00686824e-01 6.08369768e-01
    4.33833718e-01 7.11644292e-02 3.09493423e-01 6.39910936e-01
    7.75679946e-02 1.23220444e-01 5.91380000e-02 3.59251589e-01
    8.17791462e-01 8.29764903e-02 2.72504121e-01 8.54356647e-01
    7.77024150e-01 3.23296010e-01 2.31349885e-01 9.78217244e-01
    7.69247353e-01 9.82815564e-01 3.04802328e-01 7.22541094e-01
    1.67152643e-01 6.64937496e-02 9.00758088e-01 8.55496764e-01
    8.50597739e-01 6.84268296e-01 4.35262918e-03 4.84916329e-01
    9.43857789e-01 4.98685420e-01 6.09211504e-01 4.41668004e-01
    5.29257476e-01 6.29418373e-01 5.09177089e-01 9.78387594e-02
    7.51593411e-02 7.27463603e-01 4.05937135e-01 2.55354166e-01
    3.41723561e-01 2.16350257e-02 9.75096345e-01 4.61057901e-01
    8.51911306e-01 3.56468290e-01 7.89118767e-01 5.38289487e-01
    6.17453098e-01 2.20434427e-01 8.45194936e-01 2.29124844e-01
    6.33187056e-01 4.55830157e-01 9.23104882e-01 2.39310771e-01
    3.82325530e-01 8.99158597e-01 1.98640436e-01 6.43488228e-01
    8.74341607e-01 9.83296752e-01 9.54873204e-01 7.26625085e-01
    4.03249621e-01 7.81574249e-01 2.50261009e-01 3.21879029e-01
    5.28809130e-01 4.25716877e-01 7.64726400e-01 8.31024289e-01
    5.21912932e-01 3.31693530e-01 2.45602131e-01 6.20880723e-03
    8.19972992e-01 6.84703171e-01 5.88665485e-01 5.60518324e-01
    8.17460954e-01 4.40418720e-04 7.23667979e-01 3.03477496e-01
    7.73961604e-01 4.75865722e-01 1.21419847e-01 4.86385763e-01
    7.78753877e-01 3.41455221e-01 5.37078500e-01 3.80601108e-01
    8.21484864e-01 3.96310598e-01 4.75162685e-01 4.13140655e-02
    7.20845401e-01 9.45368171e-01 8.23329449e-01 8.77690673e-01
    6.47431910e-01 7.93928862e-01 8.16267729e-02 5.40404558e-01
    3.75307024e-01 7.62259483e-01 7.20094204e-01 8.06547582e-01
    1.02929562e-01 6.66410387e-01 4.03342843e-02 6.24453783e-01
    8.89618635e-01 7.23091781e-01 9.88473177e-01 9.16086614e-01
    8.63794684e-01 3.74526739e-01 9.23510194e-01 9.07861292e-01
    9.94378567e-01 9.88588691e-01 5.53057849e-01 4.18173760e-01
    1.26157373e-01 6.30262733e-01 6.31672561e-01 2.65199304e-01
    7.97750592e-01 1.32717907e-01 7.73433447e-01 3.72184753e-01
    1.54202223e-01 7.97710896e-01 6.08706295e-01 2.46595860e-01
    7.37837195e-01 8.01058769e-01 2.83674061e-01 7.83253670e-01
    6.82115912e-01 7.68298864e-01 5.26236057e-01 9.06981707e-01
    5.16277790e-01 2.43119985e-01 1.09696120e-01 2.86121458e-01
    7.89051652e-02 9.44967628e-01 3.56021941e-01 7.19850779e-01
    3.76294851e-01 5.86227655e-01 2.75559872e-01 8.20975721e-01
    5.54989457e-01 3.89107227e-01 8.26544464e-02 2.90099591e-01
    3.70223373e-01 5.98137379e-01 1.71420187e-01 3.58565331e-01
    4.62677598e-01 9.14331257e-01 8.12962890e-01 4.12811726e-01
    5.01657128e-01 8.84624422e-02 6.12534642e-01 6.90454841e-02
    5.19912004e-01 9.16031122e-01 7.37785399e-01 6.40892625e-01
    9.12747622e-01 2.17353284e-01 5.97182870e-01 5.42732477e-02
    5.60480833e-01 8.86835098e-01 1.15459919e-01 2.82959610e-01
    8.69714677e-01 2.55883783e-01 9.78235364e-01 7.03557968e-01
    9.60870802e-01 8.40618908e-02 6.31462932e-01 6.10051990e-01
    5.04297912e-01 2.27436423e-02 9.76123214e-01 5.87488055e-01
    7.41453171e-01 5.43813288e-01 6.91909552e-01 3.56017947e-01
    7.94742703e-01 7.55337894e-01 6.47050440e-02 3.93858463e-01
    7.58852601e-01 1.39438331e-01 3.16779554e-01 1.53835446e-01
    3.49754393e-01 5.83962560e-01 8.86362314e-01 7.71577597e-01
    5.84599733e-01 2.84016013e-01 7.80880392e-01 4.30780649e-01
    6.88751459e-01 4.43034172e-01 5.91749847e-01 5.31356812e-01
    6.10906422e-01 8.22409749e-01 7.67134964e-01 2.58819342e-01
    5.45144618e-01 9.69342113e-01 6.08571947e-01 6.74829364e-01
    3.85667771e-01 7.32337236e-01 8.86174202e-01 6.22260690e-01
    6.34879231e-01 9.57808197e-02 9.31079865e-01 4.27959144e-01
    6.86241865e-01 4.65838641e-01 2.88565576e-01 7.72067308e-01
    6.01856530e-01 3.67501080e-01 5.24694264e-01 8.69404078e-01
    6.73057735e-01 1.36089623e-01 5.02685487e-01 2.60069817e-01
    3.73336375e-01 8.12964916e-01 5.98313808e-02 7.51126409e-01
    2.94332683e-01 7.70399451e-01 9.16638970e-02 8.94631386e-01
    9.64451671e-01 6.36240423e-01 1.97540283e-01 7.65627086e-01
    8.32619190e-01 1.49786144e-01 2.55495936e-01 2.30772197e-02
    4.25765932e-01 8.43888402e-01 8.33860397e-01 8.63629043e-01
    1.70306772e-01 3.86199832e-01 8.84503245e-01 4.76745456e-01
    2.66572237e-02 3.51694405e-01 2.93091267e-01 3.29397142e-01
    4.26715076e-01 5.17220795e-01 1.65181875e-01 8.14527512e-01
    4.34502482e-01 8.85327697e-01 2.10441470e-01 1.71575278e-01
    8.25437129e-01 3.83711010e-01 4.98547971e-01 4.82651860e-01
    3.57986599e-01 3.08951110e-01 9.64467168e-01 1.97314620e-01
    8.93106818e-01 1.27902925e-01 9.33041573e-01 5.09284556e-01
    2.81602442e-01 2.87201524e-01 9.10161614e-01 4.07777786e-01
    1.46774381e-01 3.10024530e-01 2.71162957e-01 1.08861685e-01
    2.40136534e-01 4.87982035e-01 8.80675316e-01 7.37894475e-01
    5.88097870e-02 3.96098554e-01 3.35826129e-01 8.35527778e-01
    4.18033868e-01 6.65561855e-01 7.88723528e-02 2.19698846e-01
    7.19549239e-01 3.07748258e-01 5.52008092e-01 8.81392717e-01
    3.08468610e-01 1.40104771e-01 4.41341639e-01 9.18352365e-01
    2.41321802e-01 7.79919267e-01 5.15034139e-01 8.71901333e-01
    5.40010393e-01 6.68775201e-01 6.15838528e-01 4.12806571e-02
    8.60694647e-01 8.01898241e-01 4.30895567e-01 4.25286144e-01
    1.41846061e-01 8.74791384e-01 1.33228600e-01 7.81733155e-01
    9.55181956e-01 7.86436796e-01 5.53372025e-01 3.17637503e-01
    6.72633231e-01 5.51471531e-01 2.95322567e-01 5.23516655e-01
    2.31488347e-01 4.79842186e-01 1.28718793e-01 5.36421180e-01
    1.53740048e-02 7.53174961e-01 8.25581431e-01 1.28779680e-01
    7.69880652e-01 2.38418967e-01 8.43808055e-02 3.76531273e-01
    6.09907269e-01 6.14647388e-01 7.56371021e-01 1.99504793e-02
    3.83268833e-01 1.03610218e-01 4.47750062e-01 4.40586805e-02
    8.27029109e-01 8.68553519e-02 8.49538326e-01 3.42013448e-01
    3.99283826e-01 3.45964611e-01 2.06671804e-01 7.23717928e-01
    5.41515529e-01 5.63831389e-01 7.06743658e-01 6.63700581e-01
    5.78254104e-01 5.37699103e-01 9.46349740e-01 8.08632314e-01
    7.65609503e-01 2.32330143e-01 6.39540970e-01 2.98715532e-02
    2.88273990e-01 8.85446966e-01 6.19698167e-01 9.95145023e-01
    9.02338505e-01 3.05867314e-01 1.14858150e-04 7.79626727e-01
    8.34617019e-03 8.10631156e-01 1.73421800e-02 9.68685746e-01
    1.65366232e-01 7.30419874e-01 2.59747028e-01 4.48553383e-01
    4.11194235e-01 9.83832359e-01 7.31582165e-01 4.12837029e-01
    5.31716824e-01 6.96190774e-01 3.36734056e-01 5.28252721e-01
    3.48587364e-01 5.40979505e-01 3.02896380e-01 5.80480993e-02
    7.11283147e-01 4.04063284e-01 7.63527870e-01 9.98981774e-01
    8.60012770e-01 6.20319724e-01 3.31518114e-01 6.67892814e-01
    5.66245139e-01 5.36507845e-01 2.41952956e-01 1.76157862e-01
    8.03722143e-01 9.29955840e-01 8.72194171e-01 9.67984855e-01
    5.59615552e-01 5.95078945e-01 4.11960483e-03 3.26914877e-01
    4.51974690e-01 4.54959899e-01 7.69319534e-02 8.73075366e-01
    5.52919388e-01 6.35965228e-01 6.12512529e-02 3.55430156e-01
    6.38120413e-01 5.89080155e-01 4.97440010e-01 3.80384088e-01
    4.65344518e-01 8.30657363e-01 9.19534683e-01 5.29573321e-01
    1.81144506e-01 4.81189013e-01 2.06648588e-01 2.00733542e-01
    7.79764056e-01 7.78251290e-01 9.34196711e-02 5.70783138e-01
    5.94841957e-01 8.10148716e-01 1.32359922e-01 1.55221820e-01
    9.73900795e-01 5.54147065e-01 2.90499836e-01 3.98759246e-02
    1.46786451e-01 5.17228544e-01 5.37285566e-01 9.15739894e-01
    1.06846482e-01 9.81233478e-01 8.76852393e-01 8.76650691e-01
    4.83209610e-01 8.31221342e-02 7.89092362e-01 9.83606577e-02
    8.31259310e-01 8.19382489e-01 8.85660291e-01 1.33871645e-01
    8.66470933e-01 5.91116369e-01 5.48472106e-01 9.66621876e-01
    9.25149918e-01 8.24771404e-01 7.37732947e-01 1.45218819e-01
    7.86994755e-01 4.82600331e-02 6.31005108e-01 6.88635111e-01
    4.65718776e-01 5.98226070e-01 6.37644291e-01 4.39910710e-01
    3.60381901e-01 6.97717667e-02 4.93321806e-01 7.77770877e-01
    5.45586944e-01 3.14429343e-01 5.92420101e-02 7.05516636e-01
    9.48943138e-01 1.12699509e-01 4.14075643e-01 9.22513723e-01
    3.00016671e-01 3.40200901e-01 4.13365245e-01 6.68324471e-01
    6.82986617e-01 1.25105500e-01 7.02375054e-01 4.56220806e-02
    6.56682670e-01 1.96975172e-01 2.13151097e-01 1.41972959e-01
    7.30540633e-01 1.28321648e-01 8.06609333e-01 1.37335241e-01
    6.87099338e-01 7.72813499e-01 4.81012166e-01 9.85051632e-01
    7.40565419e-01 5.88835359e-01 2.84835577e-01 5.04686475e-01
    8.30733180e-02 4.14460003e-01 4.84896243e-01 4.13479894e-01
    1.68306679e-01 4.97798979e-01 9.91564751e-01 5.64185321e-01
    5.73918223e-02 9.82724667e-01 7.47056544e-01 7.80750632e-01
    7.87896872e-01 6.22622311e-01 5.14641941e-01 1.45579696e-01
    8.86034966e-02 4.65987176e-01 3.75871867e-01 8.16397429e-01
    2.27929920e-01 9.55346346e-01 1.11614674e-01 6.41832411e-01
    3.86560291e-01 8.82860959e-01 3.08978498e-01 3.98674905e-01
    5.40669024e-01 3.34437788e-02 4.39913094e-01 7.39910364e-01
    8.75616550e-01 8.29546332e-01 7.99409151e-02 4.15318608e-02
    7.52359867e-01 6.67331219e-01 8.73297453e-03 9.89073873e-01
    4.57941294e-02 1.61241770e-01 7.09644318e-01 2.71140933e-01
    7.31796205e-01 7.51365781e-01 8.48310590e-01 4.57917601e-01
    8.41683745e-01 7.83657134e-01 2.62579143e-01 5.68605661e-01
    6.98868334e-02 8.96355808e-02 5.54783583e-01 3.33901107e-01
    9.64899361e-02 4.27784979e-01 4.36447918e-01 9.67656255e-01
    4.21993732e-01 5.23803711e-01 5.81585228e-01 7.89314389e-01
    5.13880253e-01 6.18938804e-01 6.04474664e-01 6.59489155e-01
    6.11744463e-01 4.54182863e-01 1.78975910e-01 9.18396711e-01
    1.92923546e-02 3.41131389e-02 4.47914660e-01 6.44928396e-01
    4.72710967e-01 6.06559753e-01 8.18661451e-02 2.86011726e-01
    7.56933331e-01 2.76078165e-01 9.45982575e-01 6.42121017e-01
    6.11711323e-01 8.02601457e-01 6.73769712e-01 1.64869219e-01
    8.51657748e-01 3.31092566e-01 7.84794211e-01 1.14074409e-01
    3.63640159e-01 7.52710700e-02 1.22060567e-01 2.96661258e-02
    5.04793406e-01 7.96678066e-01 4.45819944e-01 6.20042384e-01
    3.05813968e-01 9.68508720e-01 6.06782198e-01 8.38366568e-01
    4.27080691e-01 3.93009216e-01 6.27037287e-01 3.89648527e-01
    6.25606775e-01 2.59542346e-01 3.72284949e-01 7.88305104e-01
    7.08210111e-01 8.01882267e-01 6.19398594e-01 1.46719545e-01
    6.26483917e-01 5.70679426e-01 3.97582293e-01 4.01384205e-01
    8.09815407e-01 6.68257475e-03 4.26226735e-01 7.56484389e-01
    5.50943017e-02 1.69871420e-01 9.13780212e-01 6.61370397e-01
    9.44763541e-01 8.19284260e-01 4.64433432e-03 8.19174945e-01
    9.85486627e-01 9.01986063e-02 8.03023696e-01 8.97466540e-01
    6.85664117e-01 5.23465335e-01 6.05165839e-01 2.18053550e-01
    3.16811085e-01 5.77826262e-01 5.92710674e-01 2.38388181e-02
    9.48515296e-01 6.90979302e-01 6.77246332e-01 8.44954014e-01
    2.74785578e-01 1.36262894e-01 2.70175576e-01 1.79729462e-01
    9.34332371e-01 2.13506848e-01 1.71098381e-01 4.98813063e-01
    8.32675457e-01 5.39959490e-01 4.20361906e-01 1.21733099e-01
    4.77532268e-01 3.09145749e-01 6.92971706e-01 6.59597695e-01
    4.68412906e-01 8.91915202e-01 6.35033727e-01 9.42704797e-01
    7.57137060e-01 7.40130901e-01 6.56723142e-01 2.35818863e-01
    5.85418940e-01 3.96901608e-01 3.12054098e-01 5.26050389e-01
    8.11022341e-01 8.21303487e-01 3.48446310e-01 3.81475210e-01
    1.88685060e-01 8.99071574e-01 6.87974453e-01 3.06279361e-02
    3.51413041e-01 2.05821663e-01 5.04098177e-01 3.60754848e-01
    5.14748633e-01 1.67100817e-01 7.24557519e-01 5.66185057e-01
    1.55728996e-01 7.20823169e-01 5.79870403e-01 9.88475561e-01
    3.47622454e-01 5.88976443e-02 6.55590117e-01 5.52256882e-01
    4.76228267e-01 8.41168821e-01 8.65913153e-01 6.14348173e-01
    7.22862780e-01 5.98651469e-02 5.65901339e-01 2.73584306e-01
    5.71282804e-02 9.43845272e-01 4.21255469e-01 1.79742604e-01
    9.48941708e-01 6.92614496e-01 3.51838201e-01 8.93521667e-01
    8.26969445e-01 2.39052057e-01 7.73728728e-01 5.38935125e-01
    3.86977494e-01 7.50692487e-02 6.62759542e-01 6.28424466e-01
    1.00374162e-01 8.06839287e-01 6.42070830e-01 2.67280996e-01
    5.03461301e-01 6.07872069e-01 9.97625828e-01 5.15729368e-01
    7.25384831e-01 5.11776030e-01 3.59492600e-01 3.88173133e-01
    2.19407707e-01 7.14825273e-01 7.41269648e-01 8.66308868e-01
    7.93475032e-01 6.65601850e-01 9.16983604e-01 5.47860503e-01
    4.55981314e-01 1.08222365e-02 1.50950551e-02 2.70554185e-01
    7.58795440e-01 3.81001770e-01 6.78664684e-01 3.40158761e-01
    8.45634639e-01 1.67985678e-01 6.82583928e-01 6.30292594e-02
    9.27164555e-02 1.48636729e-01 6.92881405e-01 9.56463039e-01
    2.92784512e-01 6.48511767e-01 5.74438870e-01 7.32112050e-01
    6.49285078e-01 6.95831537e-01 8.01164567e-01 2.27615684e-01
    5.98143816e-01 3.45833510e-01 4.00045991e-01 5.06657600e-01
    7.03673244e-01 6.15844071e-01 4.18181717e-02 1.57296807e-01
    4.54292238e-01 9.27353203e-02 9.56256390e-01 4.75038767e-01
    1.46689177e-01 6.06314123e-01 9.62360382e-01 4.02253568e-02
    5.34497142e-01 4.50560868e-01 1.65634155e-01 3.28600407e-04
    1.90987527e-01 6.55381382e-01 9.91046429e-01 2.12434858e-01
    8.09183955e-01 1.23741865e-01 5.13346851e-01 9.81174111e-02
    2.39411175e-01 3.10828626e-01 8.88437867e-01 1.20986342e-01
    1.46393538e-01 3.22044492e-01 4.17415291e-01 9.86625254e-02
    1.26146972e-02 7.24375844e-02 1.35448009e-01 6.37828946e-01
    9.46193874e-01 2.70668596e-01 2.89432704e-02 2.70640850e-03
    2.48543710e-01 1.51692390e-01 2.56021529e-01 8.90709877e-01
    8.22368622e-01 3.08830619e-01 1.53892368e-01 6.23092115e-01
    7.98064411e-01 2.97390521e-02 7.71891356e-01 8.38901997e-02
    7.96138704e-01 9.75799382e-01 4.66414005e-01 3.04413080e-01
    3.88292223e-01 4.56759423e-01 3.64527404e-01 3.12999219e-01
    7.32983112e-01 7.41320610e-01 9.96347070e-02 6.72051311e-02
    6.97060168e-01 9.98751521e-01 1.42152697e-01 5.67749739e-01
    7.11857975e-01 1.04119182e-01 5.18100917e-01 8.66822124e-01
    6.10576212e-01 9.61961746e-01 9.70160663e-01 9.52149332e-02
    5.56560576e-01 3.96143824e-01 9.95606601e-01 7.44735718e-01
    3.40426087e-01 9.02502775e-01 4.63270336e-01 8.71849537e-01
    7.18781829e-01 9.96595740e-01 9.09934998e-01 4.58678037e-01
    3.00509989e-01 6.49159312e-01 2.57451415e-01 8.66485357e-01
    4.21379507e-01 1.29065394e-01 7.26566315e-01 9.80095983e-01
    1.27404690e-01 9.83320773e-01 2.28672206e-01 3.93115759e-01
    1.79928154e-01 1.40540749e-01 4.83784318e-01 7.75719583e-01
    7.85465181e-01 1.38504565e-01 2.73005724e-01 3.54582936e-01
    2.05444396e-01 3.81719321e-01 4.79546100e-01 2.36833155e-01
    3.61558467e-01 7.42283046e-01 7.30005085e-01 1.61528468e-01
    2.60838628e-01 9.87814009e-01 4.47441161e-01 1.72606021e-01
    5.55496812e-01 1.01298839e-01 7.55581558e-02 8.49991679e-01
    3.73504281e-01 4.64920640e-01 4.07231659e-01 4.88755971e-01
    4.04463410e-02 3.73474777e-01 3.85306209e-01 9.53576207e-01
    7.16921568e-01 4.44649041e-01 4.35324878e-01 6.74825311e-02
    4.97228414e-01 7.26205826e-01 6.12298608e-01 8.09618533e-02
    9.34529424e-01 6.66794240e-01 8.16409409e-01 1.90463454e-01
    4.41317409e-01 7.28371739e-02 2.82881975e-01 6.56692803e-01
    3.69148314e-01 5.42132258e-01 3.67609471e-01 1.32089317e-01
    9.93213892e-01 9.70697880e-01 4.23015833e-01 2.13782817e-01
    5.41836798e-01 8.70082259e-01 5.74257016e-01 2.89570093e-01
    8.23594928e-01 5.32520175e-01 1.65501118e-01 3.64955902e-01
    1.83126122e-01 2.26544559e-01 4.44059610e-01 1.94683671e-03
    4.17666197e-01 5.97506523e-01 8.97571683e-01 4.45898980e-01
    5.26590526e-01 1.89923644e-01 7.56181777e-01 3.09571356e-01
    7.44849324e-01 9.67595875e-02 5.34910083e-01 4.85958248e-01
    8.38758469e-01 5.56833982e-01 3.35392505e-01 7.25832343e-01
    9.02079940e-01 8.84522796e-02 6.32103026e-01 3.09594691e-01
    8.33749592e-01 6.88496590e-01 7.73472548e-01 6.71765804e-01
    4.15397584e-01 7.00182438e-01 4.14694905e-01 3.77010405e-01
    4.85103607e-01 6.43427670e-01 2.53709197e-01 6.56694233e-01
    6.18492365e-01 9.05883014e-01 9.91930604e-01 2.17442602e-01
    5.28980851e-01 7.01962113e-01 2.60544121e-02 4.47548300e-01
    7.04909861e-01 2.21742362e-01 4.91840601e-01 6.06616020e-01
    6.59143448e-01 9.02700484e-01 7.15283155e-01 8.66610527e-01
    1.08988762e-01 5.89541137e-01 9.58468914e-01 7.83270121e-01
    6.57839775e-02 6.23936534e-01 1.99069083e-01 2.83826590e-02
    6.60806775e-01 2.17475146e-01 3.68577421e-01 5.24898767e-01
    1.04265749e-01 7.44508922e-01 2.81954825e-01 6.31079018e-01
    2.48906791e-01 1.67150855e-01 1.80389047e-01 7.99364686e-01
    5.88639438e-01 9.82477069e-01 4.33299303e-01 3.16967726e-01
    1.88241243e-01 6.56467676e-01 4.96039808e-01 1.37163997e-01
    5.94911337e-01 3.88526142e-01 9.19059992e-01 4.81047571e-01
    9.30338502e-01 8.63150060e-02 7.42510259e-02 9.29978490e-03
    2.54974127e-01 7.43976355e-01 9.59266782e-01 4.94904667e-01
    9.97121930e-02 3.53317380e-01 2.47475833e-01 7.03940034e-01
    5.19869328e-01 9.57973301e-02 7.41242647e-01 6.78353667e-01
    9.31710720e-01 9.78966177e-01 9.70196187e-01 1.73749626e-02
    7.61727571e-01 3.88900220e-01 6.23629689e-01 1.42859101e-01
    6.95579827e-01 9.17232692e-01 7.40039885e-01 2.53543258e-02
    9.67130005e-01 4.34578240e-01 8.28733683e-01 1.05638593e-01
    9.68239725e-01 7.85084844e-01 3.85517031e-01 7.38478422e-01
    5.17249405e-01 3.50174189e-01 1.20975912e-01 3.54126513e-01
    7.17490852e-01 7.68666923e-01 9.79144871e-02 7.89105058e-01
    3.39091003e-01 9.95308876e-01 9.35558677e-01 1.98011488e-01
    5.56171119e-01 1.92072242e-01 3.55167150e-01 8.76291513e-01
    3.05476129e-01 3.68758470e-01 4.07491684e-01 3.58855546e-01
    6.71185434e-01 2.95760393e-01 5.74633777e-01 9.98384595e-01
    4.34151292e-01 3.56185317e-01 2.73777008e-01 6.94397211e-01
    4.06236410e-01 6.59135938e-01 2.02660471e-01 7.62947798e-01
    7.17803121e-01 4.01147664e-01 4.99363005e-01 3.11769009e-01
    4.23039854e-01 9.65933263e-01 3.18197399e-01 2.23831445e-01
    5.85688055e-02 7.09593415e-01 1.73181444e-01 7.02193320e-01
    1.44032478e-01 5.47087312e-01 6.24737918e-01 2.28706956e-01
    3.70807767e-01 7.57535577e-01 5.79504430e-01 8.23771477e-01
    9.71979380e-01 8.26042771e-01 1.62114859e-01 9.90800679e-01
    8.58162522e-01 5.77486634e-01 6.56911910e-01 1.55518532e-01
    6.07573390e-02 7.86943138e-02 2.48487264e-01 4.11033332e-01
    2.28136897e-01 1.59191072e-01 3.41100097e-01 4.16713953e-02
    4.67139453e-01 3.62677634e-01 2.40057707e-01 3.38445187e-01
    8.13825965e-01 7.79263139e-01 5.01977563e-01 5.06881416e-01
    1.06259763e-01 7.69796669e-01 3.06226134e-01 9.96569872e-01
    7.75966346e-02 7.76375711e-01 3.00258487e-01 2.77594209e-01
    3.05168629e-01 4.23785925e-01 6.84468269e-01 3.36745799e-01
    5.98559320e-01 2.36672014e-01 1.36171550e-01 6.56806529e-01
    9.31036949e-01 6.62130058e-01 7.77964294e-02 7.59692311e-01
    2.40453511e-01 9.12596583e-01 1.22172058e-01 9.56441402e-01
    9.83893275e-01 4.92954284e-01 2.21694410e-02 9.35226679e-01
    6.03476882e-01 9.20193791e-02 3.88884187e-01 8.54326546e-01
    6.68343067e-01 9.66996253e-01 4.93117005e-01 6.65849447e-01
    2.39319831e-01 4.35704648e-01 7.55290508e-01 3.82059872e-01
    1.57289535e-01 6.09492660e-02 9.45779324e-01 5.85764706e-01
    8.63726735e-01 1.52614802e-01 4.20966655e-01 4.91195261e-01
    3.75182748e-01 5.18083692e-01 2.08448350e-01 6.38181448e-01
    1.73060179e-01 3.77491117e-03 9.57591116e-01 1.91815525e-01
    7.64751554e-01 7.83995628e-01 2.80094147e-03 1.97682619e-01
    9.17221665e-01 8.42642307e-01 5.82189798e-01 2.52841532e-01
    3.94182980e-01 9.63961005e-01 5.04807651e-01 3.08900714e-01
    4.41163778e-04 9.01611388e-01 9.90668237e-01 2.01824307e-03
    9.43868458e-01 1.68667376e-01 4.25197095e-01 2.63050199e-02
    4.46892142e-01 8.24751675e-01 4.06227022e-01 2.41157413e-03
    7.14638114e-01 2.03332782e-01 1.02947712e-01 7.19437122e-01
    9.36119497e-01 2.49272883e-01 7.39184201e-01 6.35558963e-02
    1.26951933e-02 2.76819080e-01 1.59126520e-02 2.89878130e-01
    1.46886319e-01 1.36588246e-01 1.81046277e-01 5.93546331e-01
    9.11289573e-01 4.72073704e-01 2.33633339e-01 8.13906193e-02
    8.34118605e-01 2.10523248e-01 4.42254275e-01 8.27352166e-01
    5.80086172e-01 1.49210900e-01 8.59606504e-01 7.88390040e-01
    8.35486472e-01 9.96777534e-01 5.50695181e-01 5.54966569e-01
    4.43719983e-01 3.76477718e-01 3.03605795e-01 6.48569405e-01
    5.00120282e-01 3.09556365e-01 2.84458667e-01 2.61598945e-01
    6.46150470e-01 3.93571854e-01 6.53644919e-01 7.71246672e-01
    1.71632797e-01 9.74941194e-01 9.36033249e-01 1.21805161e-01
    3.01708937e-01 1.66923940e-01 7.19281554e-01 4.12078977e-01
    7.81321287e-01 2.40981996e-01 2.32154638e-01 4.50986207e-01
    6.60354793e-01 7.04376280e-01 4.76106703e-01 1.50434941e-01
    2.11635351e-01 5.31499684e-01 9.93669093e-01 7.74720550e-01
    4.18672860e-01 3.26177537e-01 6.73707724e-01 4.56330776e-02
    4.35134351e-01 2.72508979e-01 2.53188074e-01 3.38825583e-02
    7.24735200e-01 3.37429106e-01 5.71364760e-02 6.88046038e-01
    4.65954363e-01 5.59779346e-01 4.97751206e-01 9.61632729e-02
    6.46886110e-01 8.07573617e-01 4.23621476e-01 4.53516513e-01
    6.82847559e-01 1.00998968e-01 8.33581805e-01 9.35151219e-01
    8.62532556e-01 8.72663021e-01 1.99205816e-01 4.25447643e-01
    1.54757202e-02 2.14387357e-01 3.89826894e-01 3.05646658e-02
    8.33942831e-01 6.37073517e-01 3.91353756e-01 8.51676404e-01
    4.76367712e-01 4.02003765e-01 3.44826281e-01 8.44009757e-01
    9.03945863e-02 4.58516985e-01 9.31410909e-01 6.71525657e-01
    6.03285432e-02 3.08948725e-01 9.22370434e-01 5.98351538e-01
    3.51490140e-01 6.10753298e-01 1.89441830e-01 3.54670346e-01
    8.12466979e-01 4.10462618e-02 4.20112610e-02 7.76091099e-01
    8.92139554e-01 1.34473771e-01 5.69909513e-02 1.45408630e-01
    9.57325161e-01 6.66547298e-01 1.94172412e-01 7.01384604e-01
    2.36915588e-01 1.96711898e-01 3.75886917e-01 5.60055137e-01
    5.03884435e-01 7.32286870e-01 8.98416996e-01 6.54650390e-01
    3.24296594e-01 8.05402398e-02 7.65275359e-01 7.22052395e-01
    6.49974167e-01 7.93516278e-01 5.87143183e-01 7.74634838e-01
    1.49545282e-01 2.03640163e-01 6.01016581e-02 8.01838160e-01
    4.59745884e-01 9.81428981e-01 1.52710170e-01 4.54264879e-03
    1.24111295e-01 4.49218214e-01 9.73942280e-01 8.06899905e-01
    3.32382619e-01 5.20220697e-02 2.72077620e-02 1.56417966e-01
    1.12557530e-01 9.42037165e-01 2.86173582e-01 9.93292212e-01
    5.39617598e-01 4.64774996e-01 7.86506414e-01 7.33990490e-01
    1.26107097e-01 9.30312753e-01 1.41506910e-01 9.85905528e-02
    7.92347789e-01 8.21667969e-01 4.36708778e-01 9.31512356e-01
    8.01485181e-01 8.65023553e-01 9.84237015e-01 9.72109735e-02
    3.96268129e-01 5.37315845e-01 3.69785786e-01 2.26369292e-01
    2.09552944e-01 2.15238333e-03 1.46835268e-01 5.71274757e-01
    9.20012355e-01 8.91746998e-01 8.53228807e-01 1.03493035e-01
    6.57205105e-01 9.65531826e-01 1.96365982e-01 4.11848873e-01
    1.23391896e-01 6.19648933e-01 2.18989760e-01 4.61391300e-01
    9.46333766e-01 5.33928812e-01 8.10889423e-01 3.95987958e-01
    9.37611699e-01 5.46253324e-01 2.04419792e-01 7.52356648e-01
    9.43817735e-01 7.58494675e-01 1.64308012e-01 6.99438632e-01
    4.59582359e-01 4.56774592e-01 8.42798829e-01 9.82933998e-01
    3.67194265e-01 2.58823395e-01 3.59182119e-01 3.65940571e-01
    1.98659241e-01 5.79562902e-01 9.97923195e-01 4.60349888e-01
    3.22348475e-02 8.29775333e-01 8.32924306e-01 9.43408132e-01
    8.41053128e-01 7.97639787e-02 9.78785992e-01 7.88321257e-01
    4.00629610e-01 8.65588188e-02 2.67566144e-01 2.04101920e-01
    5.21635354e-01 6.57043695e-01 3.72906387e-01 2.76515812e-01
    7.94077992e-01 2.28900582e-01 5.45973718e-01 3.65638733e-02
    7.29369104e-01 9.25867796e-01 5.30258000e-01 4.57150608e-01
    6.25771046e-01 8.44750404e-01 6.98548257e-02 2.94896960e-02
    3.94058228e-01 6.94546819e-01 7.19058514e-02 3.97350848e-01
    2.26036787e-01 5.46684802e-01 7.16099441e-01 2.92362124e-01
    7.91781545e-01 4.31285799e-01 7.26783752e-01 2.33920813e-01
    1.00508749e-01 4.55062479e-01 5.91043174e-01 6.98951006e-01
    3.74733806e-02 5.34798741e-01 8.42492819e-01 1.85138494e-01
    9.34143782e-01 3.11446607e-01 7.89651155e-01 4.34631824e-01
    3.15395206e-01 4.80304152e-01 8.49083662e-01 6.63761854e-01
    1.95626795e-01 4.98818457e-02 9.02146578e-01 6.44325137e-01
    9.63890493e-01 1.90754235e-01 3.12512398e-01 1.91013366e-01
    9.31470692e-01 5.80878377e-01 4.74616647e-01 9.09861982e-01
    5.44238329e-01 3.14252645e-01 1.25863910e-01 9.30962443e-01
    7.31906533e-01 4.62396979e-01 9.76145029e-01 9.28225815e-02
    9.25693631e-01 6.56878233e-01 8.39305162e-01 7.82271326e-01
    8.99051189e-01 8.56567621e-01 7.74006486e-01 4.30466980e-01
    9.05217111e-01 3.83884817e-01 8.34255695e-01 3.82277280e-01
    3.44698191e-01 3.30803335e-01 5.78108966e-01 2.82521546e-02
    8.96627069e-01 9.99122143e-01 3.08084905e-01 3.26246440e-01
    6.46395624e-01 8.85770261e-01 5.23405075e-01 2.31000364e-01
    3.68158817e-01 6.09672725e-01 5.55535257e-01 8.69610906e-01
    4.42791879e-02 9.47191358e-01 3.04304212e-01 2.41313934e-01
    4.40712839e-01 1.51504159e-01 1.10208303e-01 6.85725331e-01
    1.60579681e-02 1.66947931e-01 4.66673285e-01 2.69215822e-01
    5.32682657e-01 1.42802477e-01 9.27091479e-01 7.81944752e-01
    8.20209086e-02 3.30761790e-01 2.87147313e-01 1.86410338e-01
    3.19782495e-02 4.41719711e-01 1.89436048e-01 1.71070337e-01
    4.63194966e-01 3.07013929e-01 2.96761990e-01 6.09944880e-01
    8.37928653e-01 6.24781251e-02 8.85168433e-01 8.25254321e-01
    6.12033367e-01 9.71517920e-01 2.43784338e-01 9.31476235e-01
    3.88771534e-01 6.03460073e-01 3.41164380e-01 5.13107061e-01
    3.42919528e-01 6.77875876e-01 4.82048094e-02 9.67775583e-01
    3.57641459e-01 6.30486727e-01 8.23965371e-02 8.03702295e-01
    8.42825532e-01 4.55688864e-01 9.06945288e-01 9.22309399e-01
    5.07619083e-01 9.66443717e-01 1.90637857e-01 2.30353206e-01
    5.83032370e-01 2.26855010e-01 4.22424108e-01 3.01980019e-01
    3.53845835e-01 9.24567103e-01 9.93104100e-01 8.36533248e-01
    8.72820914e-02 1.92165732e-01 8.43572080e-01 6.59962773e-01
    4.47921455e-02 4.48530585e-01 9.48091090e-01 1.41196162e-01
    3.49806309e-01 3.24476421e-01 1.45560414e-01 7.13809609e-01
    4.83038723e-01 4.94680643e-01 1.95669264e-01 2.13610917e-01
    2.87882388e-01 1.46912664e-01 9.40109372e-01 9.98445749e-01
    2.91506857e-01 7.86906123e-01 8.24511409e-01 7.59453535e-01
    6.03970587e-02 3.79516035e-01 6.83218181e-01 7.57382393e-01
    6.00260258e-01 7.25847602e-01 1.17164224e-01 6.24435246e-01
    9.30030346e-01 1.69586718e-01 1.96227491e-01 2.99585521e-01
    9.50782955e-01 9.66846466e-01 1.14436060e-01 4.29069698e-01
    8.75045896e-01 4.43365276e-01 8.56599808e-01 5.19987345e-01
    3.17966938e-01 5.76198757e-01 1.35910183e-01 3.59406054e-01
    2.56345034e-01 6.05361581e-01 7.59284973e-01 1.31172061e-01
    7.98507214e-01 4.36639726e-01 3.00294220e-01 1.43725604e-01
    1.20260388e-01 8.69626164e-01 8.57643008e-01 9.72370803e-01
    1.57921314e-01 4.84280676e-01 4.20101613e-01 5.64873636e-01
    4.48368013e-01 9.59131718e-01 4.06604290e-01 3.48355532e-01
    5.93354106e-02 9.19097662e-01 7.69295454e-01 4.55219448e-02
    6.86003447e-01 7.92910099e-01 4.82246816e-01 3.46714973e-01
    5.40794611e-01 7.45950997e-01 7.73287535e-01 7.71996021e-01
    4.18881446e-01 4.24773872e-01 6.95637763e-01 1.47191882e-02
    7.80645132e-01 9.95304227e-01 3.83664697e-01 9.40433741e-01
    3.66486073e-01 7.52110958e-01 3.19888175e-01 7.04092622e-01
    7.30011702e-01 5.79698622e-01 3.39307755e-01 3.57113779e-01
    3.34339559e-01 8.01744699e-01 7.54972935e-01 2.00937986e-01
    5.14273345e-02 4.81091529e-01 5.44893086e-01 8.37016344e-01
    3.74438524e-01 1.38697147e-01 5.52961051e-01 5.15172720e-01
    3.96599293e-01 6.35144711e-01 4.40934181e-01 8.93987179e-01
    6.40241385e-01 7.57530332e-03 9.44861889e-01 5.22170305e-01
    7.22794533e-01 2.54819870e-01 3.90614122e-01 7.21044838e-02
    3.24165821e-03 2.98469305e-01 4.11198020e-01 8.62700939e-01
    5.45778036e-01 8.83862615e-01 8.85451078e-01 6.77686930e-03
    8.75514150e-01 9.86793339e-02 6.44167185e-01 2.48248518e-01
    5.10133028e-01 5.17170370e-01 8.03222954e-01 2.98508257e-01
    2.57461667e-02 5.97512484e-01 4.89996254e-01 6.93264484e-01
    6.73549891e-01 5.92239261e-01 8.38601232e-01 6.59692466e-01
    5.14175951e-01 4.09908801e-01 7.43857741e-01 9.48328733e-01
    5.95625997e-01 4.15584028e-01 6.48822188e-01 8.85069251e-01
    9.57890749e-01 8.19155812e-01 7.28828549e-01 3.81982625e-02
    4.79124606e-01 7.22934306e-01 8.69821906e-02 9.52788234e-01
    2.07103133e-01 3.78715873e-01 4.27986413e-01 6.72139347e-01
    6.56304061e-02 1.62177682e-02 5.13673186e-01 9.64149892e-01
    8.83801699e-01 1.54040068e-01 7.76708245e-01 7.34213948e-01
    8.27923715e-02 7.03110576e-01 2.65504718e-01 9.88548160e-01
    9.93693769e-01 5.74302554e-01 6.93070889e-03 8.85136008e-01
    9.85442519e-01 3.55788916e-01 8.99566591e-01 3.31728756e-01
    7.64657617e-01 6.97584391e-01 5.40453851e-01 7.73537159e-01
    1.47976041e-01 1.10951722e-01 2.37404615e-01 5.83628535e-01
    3.82884681e-01 5.60995162e-01 2.73272961e-01 2.65206456e-01
    6.19045675e-01 8.31171930e-01 5.48066676e-01 7.99407363e-02
    2.64291167e-02 4.95897830e-02 7.87265003e-02 3.38015944e-01
    6.20397031e-01 7.84601808e-01 7.92008638e-01 4.93516207e-01
    1.94483131e-01 3.29900444e-01 1.08095199e-01 8.26688766e-01
    5.67526042e-01 9.01579022e-01 5.11703551e-01 3.81478846e-01
    4.81184155e-01 5.82501531e-01 5.66634238e-02 7.20038116e-01
    3.78687680e-02 7.11015224e-01 6.90648854e-02 5.13654709e-01
    3.48037720e-01 4.19324815e-01 6.10547662e-01 2.89966315e-01
    3.59225154e-01 2.29495019e-01 8.22395563e-01 1.50534511e-02
    8.96173716e-01 6.46391869e-01 1.83511674e-02 1.45823896e-01
    7.12445259e-01 3.20426226e-01 3.38744462e-01 2.67709762e-01
    8.69784236e-01 4.08070803e-01 2.72399992e-01 3.00234526e-01
    4.63663459e-01 9.10128653e-01 8.63993526e-01 8.98398638e-01
    2.45490432e-01 1.81320190e-01 2.63609111e-01 7.19455600e-01
    1.51615232e-01 4.28970873e-01 6.26998901e-01 3.01598608e-02
    1.53312683e-01 2.08860636e-01 3.01786244e-01 8.78841102e-01
    4.34340388e-01 9.17095423e-01 9.81932759e-01 1.43407822e-01
    9.15849209e-03 5.57496786e-01 3.55052054e-01 3.16104233e-01
    7.26775825e-01 3.42848539e-01 1.99539065e-01 6.36440277e-01
    7.68094778e-01 6.52924538e-01 2.16077745e-01 5.06767929e-01
    2.40419537e-01 5.63451350e-01 9.56710875e-01 2.86099851e-01
    9.62440789e-01 6.25672817e-01 6.15533233e-01 2.82989949e-01
    5.36986172e-01 4.19752419e-01 3.24448824e-01 7.24370837e-01
    1.00886434e-01 3.09423804e-02 8.09455276e-01 1.66682631e-01
    8.14564824e-01 2.59644687e-01 2.68620849e-01 4.68609542e-01
    1.19299203e-01 5.80868125e-01 3.41248125e-01 4.96640056e-01
    3.67584765e-01 8.79007578e-01 9.37017798e-01 3.94906014e-01
    7.83294439e-02 6.17122114e-01 7.00223684e-01 5.90221524e-01
    4.57295865e-01 3.69098514e-01 5.35389960e-01 2.19636053e-01
    4.33544993e-01 7.80939102e-01 3.46209794e-01 9.49719489e-01
    8.21629047e-01 6.05118871e-01 3.62188488e-01 4.16460335e-02
    1.30340427e-01 1.53383344e-01 2.97940224e-01 5.08278430e-01
    6.06708884e-01 3.54775906e-01 5.11510134e-01 7.35177159e-01
    9.37510252e-01 1.78305477e-01 9.01801229e-01 6.34885252e-01
    5.29042959e-01 3.85018945e-01 5.89266539e-01 7.85945296e-01
    3.83414030e-01 4.05114621e-01 6.13135874e-01 9.97685075e-01
    3.45142782e-02 5.34503162e-01 7.25001633e-01 4.93953586e-01
    9.92845774e-01 5.41966736e-01 4.03711379e-01 7.10003674e-01
    8.03137064e-01 5.64278960e-01 9.83203292e-01 2.58199215e-01
    4.33678567e-01 5.20034730e-01 4.81923729e-01 4.85142052e-01
    9.65842426e-01 4.20791179e-01 2.99825072e-01 4.72598493e-01
    7.99741447e-01 8.00626516e-01 4.08993244e-01 2.93210328e-01
    3.71141732e-02 8.91454339e-01 5.85119247e-01 4.08023417e-01
    3.32771957e-01 5.06056190e-01 3.06331336e-01 9.18334544e-01
    1.35077238e-01 6.25761867e-01 7.14938939e-02 7.97613502e-01
    5.18696666e-01 6.53780222e-01 6.87317312e-01 1.92278624e-01
    6.92738235e-01 7.38850594e-01 7.18875527e-02 3.95305574e-01
    1.82423055e-01 9.34424758e-01 8.76006961e-01 8.00415874e-01
    3.57486099e-01 2.04978526e-01 6.48541451e-01 4.31835860e-01
    2.47585952e-01 3.52722585e-01 5.10631442e-01 2.98512459e-01
    5.30608118e-01 9.16971087e-01 5.58505654e-02 2.08518326e-01
    9.98639643e-01 5.23546576e-01 8.20195079e-01 5.77442527e-01
    5.75451672e-01 1.76088244e-01 1.06217831e-01 9.56099212e-01
    7.12960064e-02 3.73623252e-01 1.40630275e-01 6.01333380e-02
    8.27300549e-01 9.04710889e-02 9.09509301e-01 3.59145701e-02
    4.93033320e-01 6.70013487e-01 6.83919489e-01 6.90889716e-01
    9.07673359e-01 3.93935442e-02 1.19873613e-01 9.99262571e-01
    6.98838770e-01 8.60068679e-01 2.46274322e-01 6.05601072e-03
    9.94445682e-01 8.88337314e-01 6.51700199e-01 9.80248094e-01
    1.50651962e-01 9.27363753e-01 3.32898825e-01 8.55143189e-01
    1.41210705e-01 8.56313825e-01 8.52290332e-01 5.63230336e-01
    6.72432542e-01 1.01702571e-01 2.52346158e-01 5.24218380e-02
    7.87517071e-01 9.93804634e-01 7.73459077e-02 8.62014055e-01
    9.62866545e-02 9.05791521e-01 3.82300764e-01 3.03221941e-02
    2.07584411e-01 8.91615152e-01 2.16591954e-01 7.97994196e-01
    9.56230879e-01 7.91674256e-01 7.50840783e-01 8.78698707e-01
    3.73818457e-01 4.94064718e-01 9.18748379e-01 7.10051060e-02
    8.17272365e-02 4.18470114e-01 5.49679995e-01 1.80732399e-01
    6.80414140e-01 4.17619199e-01 3.52022827e-01 5.24006844e-01
    9.23491836e-01 4.89660680e-01 4.47654665e-01 9.44973350e-01
    4.23783690e-01 5.03568590e-01 4.47238863e-01 3.02154779e-01
    5.21741807e-02 7.06075668e-01 2.61353254e-01 8.82906795e-01
    8.96606505e-01 7.40631938e-01 4.03580427e-01 3.50054204e-02
    2.55597174e-01 5.88602960e-01 8.59035790e-01 6.95078194e-01
    1.02772653e-01 3.14284056e-01 3.06047559e-01 3.38685513e-02
    8.90986979e-01 8.71841192e-01 4.66847271e-01 8.33458185e-01
    6.63033247e-01 5.78499258e-01 8.47432911e-01 8.83867860e-01
    4.26792502e-01 3.59973073e-01 7.32584417e-01 6.81723595e-01
    8.88472795e-03 7.68667817e-01 9.74763155e-01 9.47233796e-01
    6.50089025e-01 3.32352042e-01 9.68792796e-01 5.34752905e-01
    4.62528497e-01 5.19663751e-01 7.83323228e-01 7.75774181e-01
    8.82750034e-01 7.14538455e-01 6.94776118e-01 4.93023247e-01
    1.61523461e-01 2.93449521e-01 7.39363432e-01 8.34221244e-01
    8.91211808e-01 3.40676427e-01 1.67765677e-01 3.12602162e-01
    1.20362103e-01 7.23345160e-01 1.49008542e-01 7.73343444e-01
    3.59079659e-01 3.84692341e-01 8.86353314e-01 4.02639329e-01
    4.07724649e-01 1.27441347e-01 1.29295707e-01 7.32208967e-01
    1.22785836e-01 9.47229624e-01 9.45806265e-01 7.88613319e-01
    9.60083067e-01 4.56582993e-01 8.28609705e-01 3.82528156e-01
    8.40968728e-01 2.29397058e-01 5.31149805e-01 1.45114630e-01
    1.65527344e-01 8.44618797e-01 4.88492042e-01 3.71958077e-01
    4.17232275e-01 7.23934174e-01 2.38881469e-01 8.46703768e-01
    8.46581578e-01 9.06382322e-01 7.01406538e-01 5.90607762e-01
    3.34789753e-02 6.24656379e-02 1.39655262e-01 3.15230727e-01
    7.77610004e-01 5.70942163e-01 2.93657601e-01 5.22649348e-01
    2.13554770e-01 9.68074083e-01 3.99184406e-01 5.26027143e-01
    8.14101994e-01 6.50713563e-01 6.94260895e-01 3.17503870e-01
    1.64781809e-01 8.79358053e-01 1.77039653e-01 7.31956601e-01
    8.45950484e-01 3.93319309e-01 5.01554787e-01 5.03199518e-01
    9.61031556e-01 2.23451406e-01 6.50511742e-01 9.13446009e-01
    6.87282622e-01 1.53622597e-01 1.47642076e-01 3.91831875e-01
    9.62925851e-01 7.66364694e-01 5.66487491e-01 1.49524331e-01
    9.39703345e-01 2.25768298e-01 1.92956448e-01 9.48275805e-01
    8.30146670e-01 5.12143791e-01 2.42285311e-01 7.97822952e-01
    9.14906263e-01 9.05534506e-01 4.43618447e-01 8.90419006e-01
    8.42127979e-01 5.45647562e-01 7.67796814e-01 2.12282330e-01
    3.94877821e-01 4.41424370e-01 7.20639944e-01 5.95445633e-01
    5.47818542e-01 1.93009913e-01 5.45260549e-01 9.83045161e-01
    1.33421123e-02 6.69427276e-01 2.04941362e-01 2.37564713e-01
    8.91121507e-01 3.95804644e-03 1.17338151e-01 1.32869899e-01
    8.29982162e-02 1.62494123e-01 8.34852457e-02 9.95224714e-02
    6.74999952e-01 1.11484289e-01 8.55911255e-01 6.85894191e-01
    5.59732616e-02 5.29851437e-01 5.78993559e-01 3.81485075e-01
    6.94368362e-01 3.07821274e-01 3.60484302e-01 9.93903518e-01
    8.35563540e-01 1.70931131e-01 8.97870183e-01 9.84776020e-02
    7.68637300e-01 8.89549136e-01 8.19736362e-01 4.28446621e-01
    2.81707346e-01 5.67888916e-02 1.20663494e-01 4.89790082e-01
    2.81420946e-01 2.53281116e-01 7.95471370e-01 5.02621114e-01
    7.89615989e-01 7.12112427e-01 1.05944037e-01 9.18778777e-01
    1.58874243e-01 8.36346984e-01 8.18962872e-01 5.39652586e-01
    6.11560643e-01 2.99632758e-01 3.05925667e-01 8.82156014e-01
    1.08343184e-01 5.84583461e-01 2.86972791e-01 6.88134789e-01
    7.38022208e-01 5.68556786e-03 2.97286510e-02 9.80141521e-01
    1.36670858e-01 7.75207162e-01 7.31074929e-01 7.87436128e-01
    9.19837475e-01 2.92609692e-01 2.22325921e-02 3.81238639e-01
    7.95128584e-01 3.77330333e-01 2.37509012e-02 8.24492335e-01
    7.23918319e-01 2.54744411e-01 5.61758876e-01 7.10108936e-01
    4.71034467e-01 2.55268216e-01 5.63282669e-02 7.24977612e-01
    2.79747546e-01 1.53618276e-01 1.63813978e-01 7.79887557e-01
    3.86931181e-01 4.95707214e-01 6.62702084e-01 7.52631128e-02
    7.18860984e-01 4.65482801e-01 6.33356333e-01 6.11257136e-01
    7.37425148e-01 2.17280149e-01 9.79937494e-01 9.76051807e-01
    4.04428184e-01 7.95980275e-01 8.19519758e-01 1.50259256e-01
    6.14540577e-02 1.76629812e-01 9.83114600e-01 4.14481103e-01
    3.74512076e-02 5.45575738e-01 7.70242810e-01 2.10831016e-01
    4.63928670e-01 8.15610290e-01 2.61108011e-01 5.84366918e-03
    4.62564141e-01 4.70220923e-01 4.25421625e-01 5.62109530e-01
    6.58768177e-01 6.95076823e-01 1.21471465e-01 3.72803211e-03
    7.42967486e-01 8.11866164e-01 2.21072406e-01 1.21394157e-01
    8.23060155e-01 1.55833811e-01 9.58625436e-01 9.05780673e-01
    9.25204456e-02 7.47218847e-01 3.54467541e-01 4.23213661e-01
    5.37028909e-02 8.15592885e-01 4.13912237e-01 6.73975587e-01
    9.24655318e-01 8.52409005e-01 2.16645807e-01 2.57747024e-01
    2.63538122e-01 1.40319139e-01 7.58954287e-01 2.72023737e-01
    8.83852541e-02 9.21785116e-01 3.24319601e-01 9.16437924e-01
    5.75144768e-01 4.50960100e-02 8.30290020e-02 5.11769235e-01
    6.01806998e-01 8.39215517e-01 1.20354801e-01 6.89755499e-01
    5.97428977e-01 6.63299084e-01 2.10853547e-01 3.79527569e-01
    2.25204080e-01 3.35274339e-01 3.45035166e-01 1.79129899e-01
    5.28931499e-01 7.09798813e-01 6.36422634e-01 7.55845904e-01
    2.19358772e-01 4.53908145e-01 6.16798699e-01 8.31759691e-01
    8.48019660e-01 9.15471554e-01 8.36214721e-02 9.49091017e-02
    2.66069680e-01 5.35083950e-01 7.63749123e-01 5.99062681e-01
    3.39569509e-01 4.92841482e-01 6.84495807e-01 7.03016996e-01
    7.18852818e-01 7.00107813e-01 5.54793358e-01 6.25952840e-01
    6.83680296e-01 7.36889005e-01 1.11122310e-01 9.98319268e-01
    6.72143400e-02 6.72751188e-01 3.51146221e-01 8.79110515e-01
    5.04570901e-01 9.17383909e-01 6.07483268e-01 4.18558538e-01
    4.12432581e-01 1.38261616e-02 8.25176239e-01 1.91256940e-01
    5.40184677e-01 7.64737010e-01 3.14530611e-01 9.85547185e-01
    3.50514352e-01 1.10208303e-01 2.10483998e-01 9.94555831e-01
    2.65540183e-01 1.70827806e-01 3.64830017e-01 9.74057794e-01
    3.97369862e-02 9.15681243e-01 7.41487324e-01 6.48865163e-01
    5.10300875e-01 6.10807002e-01 7.08062947e-01 5.93922317e-01
    4.02650326e-01 9.29064512e-01 9.47346568e-01 5.29947877e-01
    6.71861231e-01 2.32740521e-01 4.29286987e-01 3.32847476e-01
    1.20368987e-01 3.78552675e-02 6.22353971e-01 9.49960470e-01
    7.61277080e-01 3.16197932e-01 8.42234254e-01 5.26364505e-01
    8.37253988e-01 5.23849189e-01 9.35806572e-01 1.92765474e-01
    9.16824222e-01 6.62556171e-01 1.95924252e-01 6.31783605e-01
    3.17769498e-01 9.19121742e-01 3.26190531e-01 5.32564104e-01
    2.55528778e-01 6.42903209e-01 6.54478073e-01 7.33084440e-01
    6.48056865e-02 3.03185999e-01 7.97669649e-01 9.87250566e-01
    8.44798505e-01 4.83196944e-01 2.84097433e-01 3.65841866e-01
    3.36958051e-01 8.57448876e-01 3.38233650e-01 2.08253980e-01
    7.81720757e-01 8.57877493e-01 8.39258373e-01 6.35306537e-02
    9.15924907e-01 7.03120470e-01 7.22925842e-01 2.33802348e-01
    8.62769723e-01 8.05721760e-01 7.67330170e-01 5.68853021e-01
    2.45100290e-01 4.95891035e-01 4.13430512e-01 5.24782240e-01
    2.30130047e-01 9.05015230e-01 1.00023657e-01 3.37546349e-01
    8.56376171e-01 2.86415637e-01 7.05870211e-01 4.79375362e-01
    3.78926337e-01 9.23915625e-01 9.95969355e-01 2.72533149e-01
    4.44451213e-01 3.25977921e-01 5.32910705e-01 1.69717073e-01
    4.74608719e-01 2.78866798e-01 1.14147455e-01 1.62173539e-01
    5.81024587e-01 8.59999895e-01 7.62629628e-01 9.37412500e-01
    8.54894340e-01 2.18946606e-01 7.25677431e-01 3.21079791e-01
    7.93603957e-01 8.90125871e-01 3.05538237e-01 1.73233390e-01
    3.41032267e-01 6.12612069e-01 8.57962489e-01 3.40000331e-01
    8.26272845e-01 1.24082267e-01 3.27999175e-01 1.78210080e-01
    4.12007987e-01 7.85750687e-01 1.16423041e-01 3.82327199e-01
    5.94471455e-01 2.12769955e-01 6.71049893e-01 7.37679958e-01
    3.30915034e-01 9.70228910e-01 4.16259080e-01 1.71276987e-01
    2.50698030e-01 7.46383905e-01 4.84119475e-01 6.98999763e-02
    9.67996478e-01 9.10500228e-01 5.59019506e-01 4.30443525e-01
    6.57194853e-01 1.17150575e-01 4.03418005e-01 7.98388243e-01
    7.51670480e-01 4.26542878e-01 6.86139822e-01 4.86200750e-02
    8.26941133e-01 1.08869761e-01 1.47192508e-01 5.43043315e-01
    7.96286345e-01 8.03789616e-01 1.87527329e-01 9.54872489e-01
    6.78862810e-01 2.08103746e-01 1.15233719e-01 7.20337570e-01
    7.86131144e-01 9.33805346e-01 7.87473619e-02 7.35394120e-01
    3.49694699e-01 8.07475030e-01 2.94655740e-01 5.08844078e-01
    7.38714099e-01 2.72533834e-01 4.05169189e-01 3.07755470e-01
    1.18504375e-01 7.62739718e-01 9.31733847e-02 4.52021092e-01
    6.27372861e-01 4.03602958e-01 5.78415453e-01 7.68775702e-01
    1.77228183e-01 8.88743699e-01 5.43361425e-01 4.39331144e-01
    4.09520566e-01 9.58233595e-01 9.99722123e-01 6.15752935e-02
    3.56992424e-01 9.43310022e-01 2.76669204e-01 4.67072397e-01
    1.56103253e-01 9.73568797e-01 9.04137373e-01 3.31927061e-01
    3.05077434e-03 2.92691678e-01 6.82889104e-01 1.31361634e-01
    1.72789842e-01 8.02139103e-01 6.36983037e-01 3.71704221e-01
    3.92871201e-02 1.37406647e-01 2.72270948e-01 5.18773198e-01
    7.38015831e-01 7.69009113e-01 4.67182517e-01 4.48437899e-01
    5.15000343e-01 8.28670740e-01 4.46246326e-01 4.38949823e-01
    4.46275592e-01 6.04118526e-01 6.56701982e-01 2.58047283e-02
    3.97767305e-01 5.59288144e-01 1.31750256e-01 9.50783134e-01
    3.92823339e-01 7.09775984e-02 8.76742065e-01 7.66012430e-01
    3.45536172e-01 7.77798057e-01 7.91326761e-01 1.04763389e-01
    7.72206545e-01 1.32984966e-01 7.48369694e-01 6.69207811e-01
    5.12776971e-01 9.71820056e-01 7.40964055e-01 2.49847621e-01
    3.53369951e-01 7.83984065e-01 1.09597057e-01 6.24263585e-01
    3.01575303e-01 1.92725122e-01 9.15499568e-01 9.76590455e-01
    8.86787415e-01 4.63942796e-01 6.32932484e-02 2.49210685e-01
    2.14179456e-01 5.14116347e-01 6.13847673e-01 6.66777611e-01
    5.77070653e-01 1.65722162e-01 2.89116383e-01 2.36473650e-01
    6.86976492e-01 6.49302006e-01 3.04983914e-01 6.68426752e-01
    5.25903642e-01 4.01762366e-01 2.58302778e-01 9.91289973e-01
    2.09497601e-01 6.28715038e-01 6.14584982e-01 5.59153318e-01
    9.26457882e-01 1.12610757e-01 2.21948534e-01 5.06130457e-02
    5.72339773e-01 1.25759125e-01 3.17665994e-01 1.30622298e-01
    3.94304395e-02 4.51463282e-01 1.80481315e-01 3.08325022e-01
    6.75891817e-01 6.22752190e-01 3.34265411e-01 5.82515597e-01
    8.63105476e-01 6.92673326e-01 2.93312907e-01 4.39014733e-01
    9.70064402e-01 5.82281411e-01 3.36242855e-01 2.50622034e-02
    1.55138075e-01 9.86210585e-01 1.61021054e-01 5.88978648e-01
    1.79830909e-01 3.64305735e-01 9.27706957e-01 5.18683732e-01
    4.13717747e-01 5.67089021e-02 5.38852513e-01 6.65273190e-01
    4.38455045e-02 2.96438932e-01 2.15365976e-01 8.35464001e-02
    1.61870033e-01 2.00754702e-02 2.46364623e-01 5.83565533e-01
    5.53328574e-01 4.06245470e-01 1.91248178e-01 8.25523019e-01
    5.93885064e-01 2.49977678e-01 1.51670396e-01 2.24958122e-01
    7.05535173e-01 2.35916525e-01 2.72924304e-01 1.61431283e-01
    6.94229305e-02 1.60713047e-01 6.85148120e-01 7.13450670e-01
    1.73569918e-02 5.86646795e-01 4.22731400e-01 9.96582627e-01
    3.01171213e-01 5.20221412e-01 4.28223968e-01 2.45943844e-01
    7.41553903e-01 1.47526056e-01 7.25679338e-01 2.37082213e-01
    5.19749343e-01 5.77006102e-01 6.83935523e-01 7.54864216e-01
    3.26760858e-01 3.08854282e-01 3.65473092e-01 6.69298410e-01
    7.09664524e-01 6.66248500e-02 5.80390215e-01 8.98027062e-01
    4.30063426e-01 2.82279968e-01 2.22557962e-01 7.29653955e-01
    9.24502373e-01 9.74681556e-01 7.33474255e-01 5.26755333e-01
    6.43615484e-01 1.65572912e-01 9.56466675e-01 4.02158320e-01
    5.77518642e-01 8.76423538e-01 4.20336157e-01 9.65851724e-01
    4.10285085e-01 6.15502656e-01 6.25478923e-01 7.60916471e-01
    2.37098783e-01 9.34525967e-01 3.02361757e-01 4.85031635e-01
    2.56935716e-01 5.81242442e-01 4.02953476e-01 1.44778192e-01
    9.20174122e-01 9.34289575e-01 8.40989053e-01 1.87175870e-02
    3.03025246e-01 3.88346076e-01 2.27733970e-01 8.72709870e-01
    6.30435824e-01 7.04602718e-01 9.74557757e-01 9.42558885e-01
    9.54764783e-01 4.80859876e-02 6.65394425e-01 3.47855866e-01
    6.39860749e-01 5.45881450e-01 8.08145046e-01 5.08162439e-01
    5.28908968e-02 7.90109038e-02 3.05754840e-02 5.95307410e-01
    5.92554092e-01 7.66912580e-01 8.84677887e-01 8.14340353e-01
    3.20173502e-01 8.37430954e-01 3.97555530e-02 9.70700860e-01
    9.66692269e-02 7.78469801e-01 7.58476138e-01 5.13630331e-01
    1.73499584e-02 6.31069124e-01 8.28657091e-01 2.77882934e-01
    9.10522699e-01 7.23404944e-01 7.77161598e-01 3.84673595e-01
    9.36823726e-01 3.73315215e-01 1.12548560e-01 5.22421718e-01
    4.34564441e-01 8.95245969e-01 5.96040189e-01 4.86493975e-01
    5.53837895e-01 9.85528827e-02 1.88374817e-01 9.31716442e-01
    6.00334406e-01 6.15991354e-01 5.00267148e-01 8.92744660e-01
    9.70414579e-02 3.29666555e-01 4.70947027e-01 5.59012949e-01
    9.47348237e-01 3.14685404e-01 3.44807327e-01 9.02496517e-01
    7.59890079e-02 2.56392360e-01 5.95091760e-01 7.64117658e-01
    8.69300723e-01 2.27780014e-01 6.44219041e-01 5.74441552e-01
    6.24571264e-01 7.42142498e-02 9.70971584e-01 5.36522031e-01
    9.59417045e-01 2.01020896e-01 1.83663517e-01 7.15543449e-01
    6.41264141e-01 8.50875437e-01 6.77723408e-01 8.61775696e-01
    4.14707124e-01 5.67944705e-01 7.39253402e-01 8.28698277e-02
    1.67823017e-01 8.65571618e-01 8.85448217e-01 1.10679716e-01
    7.34068036e-01 6.66040659e-01 6.42542839e-02 3.69711518e-02
    9.03373241e-01 6.45504773e-01 6.51415229e-01 7.31442928e-01
    1.40195161e-01 1.13275647e-02 7.81975865e-01 2.24933922e-02
    7.71689415e-03 9.88331318e-01 8.65329385e-01 9.89899874e-01
    2.13015139e-01 8.20462108e-01 1.25943303e-01 1.96778178e-02
    7.69235969e-01 2.15664625e-01 1.36425972e-01 2.95971036e-01
    5.44925034e-01 4.35664952e-01 6.93827391e-01 6.42777801e-01
    2.19860673e-03 3.42997611e-01 8.47105026e-01 3.33641887e-01
    9.08019066e-01 4.37038749e-01 2.40865856e-01 5.01254797e-01
    6.76379025e-01 7.03217983e-01 1.78014576e-01 6.91472888e-01
    8.31328034e-01 5.16326904e-01 3.51002544e-01 3.91795397e-01
    9.59667206e-01 8.07149410e-01 5.57556748e-03 2.04366475e-01
    1.92907453e-02 2.30409086e-01 6.13373816e-02 2.35856175e-01
    9.76485729e-01 5.48525631e-01 4.17703450e-01 1.51846737e-01
    5.33220768e-01 3.15106004e-01 5.29722393e-01 4.94985640e-01
    3.87632906e-01 7.87506998e-01 5.96759975e-01 6.68897271e-01
    7.06610322e-01 3.63142729e-01 6.87913060e-01 8.39203417e-01
    3.34389299e-01 9.85092342e-01 6.54012501e-01 9.02724981e-01
    5.02892315e-01 8.60946774e-01 8.67478490e-01 7.27019429e-01
    5.94756603e-01 7.85018444e-01 2.84931421e-01 7.52197981e-01
    9.87651825e-01 5.27257681e-01 9.49684381e-01 9.86393690e-02
    5.45547605e-01 2.19352543e-02 1.46315247e-01 8.77182782e-02
    3.74192834e-01 9.35165524e-01 3.27439517e-01 8.64586473e-01
    6.23346865e-01 2.40750313e-02 6.61331594e-01 3.46077889e-01
    6.42349422e-01 5.80326498e-01 8.91746342e-01 8.29122066e-01
    2.47753292e-01 4.95244026e-01 2.69083530e-01 3.16926837e-03
    4.71327007e-02 4.00712222e-01 4.26499605e-01 6.43833995e-01
    5.14278352e-01 4.15133268e-01 5.72188854e-01 8.16679299e-01
    7.10255146e-01 8.22007775e-01 6.77797854e-01 3.64930034e-01
    2.82590687e-01 8.31901550e-01 5.50538898e-01 6.90337539e-01
    1.81911916e-01 6.58317506e-02 7.22104609e-02 9.62210715e-01
    8.13837290e-01 6.13451004e-01 3.55680615e-01 9.48583186e-02
    9.95085835e-01 2.21504271e-01 6.24343574e-01 7.26241052e-01
    8.56116295e-01 2.57101059e-01 4.08637822e-02 3.82359624e-02
    1.50924921e-01 6.17993057e-01 6.52587354e-01 7.96526194e-01
    6.60066068e-01 4.90917921e-01 4.99130517e-01 4.92515624e-01
    3.07930112e-02 3.27786148e-01 7.51249194e-01 3.20914507e-01
    6.10875189e-02 2.72086501e-01 3.80607903e-01 3.06959033e-01
    8.97285640e-01 5.73279262e-02 5.39435506e-01 7.01359212e-01
    4.24450487e-01 9.52878714e-01 4.02029753e-01 2.93132663e-03
    7.06077397e-01 9.97798026e-01 1.55690998e-01 6.24978304e-01
    1.36496007e-01 5.96438527e-01 8.57435584e-01 2.86439657e-01
    9.45940852e-01 4.79438543e-01 7.68159628e-01 8.06035459e-01
    9.69932556e-01 2.07055420e-01 7.62270808e-01 3.34678769e-01
    4.94856030e-01 4.47718233e-01 6.55978620e-01 8.48087311e-01
    9.86626208e-01 7.16861248e-01 7.82012582e-01 2.56260872e-01
    6.70171142e-01 3.98399830e-01 3.44083160e-01 9.29951668e-03
    7.66474009e-01 5.33928871e-01 8.23515654e-01 7.22744465e-01
    8.89975250e-01 2.98148394e-01 7.11031258e-01 4.89974320e-02
    6.21151984e-01 2.13927299e-01 1.99620277e-01 2.96480805e-01
    9.69326198e-02 9.88184571e-01 3.14794779e-01 1.91090554e-01
    6.11730099e-01 3.27839673e-01 7.27090418e-01 4.52163249e-01
    6.88421190e-01 7.31588840e-01 8.31184268e-01 9.44621563e-02
    7.19499528e-01 1.70290500e-01 7.29026794e-02 9.25940812e-01
    9.99110878e-01 5.11560857e-01 1.65345758e-01 7.50307441e-01
    6.97425187e-01 8.34930241e-02 9.60985184e-01 3.65494847e-01
    3.76001328e-01 1.22590631e-01 2.41970718e-01 6.21620715e-01
    8.71342123e-01 3.40363741e-01 4.24824744e-01 4.64476049e-01
    5.41272581e-01 8.59279275e-01 4.83536184e-01 5.72087467e-01
    7.64857650e-01 4.06402588e-01 8.70414972e-01 4.24434781e-01
    9.93369758e-01 5.63486993e-01 4.51801509e-01 9.36363697e-01
    1.54075414e-01 2.33464360e-01 9.93304253e-01 3.50622416e-01
    5.42345107e-01 3.04048598e-01 5.40588260e-01 4.96851623e-01
    6.15076780e-01 8.94195139e-02 7.88006485e-01 8.10563326e-01
    9.67990041e-01 6.79425299e-01 9.61741626e-01 3.88854593e-01
    3.07603568e-01 1.95263326e-02 5.96140146e-01 1.72981918e-01
    3.11260223e-01 6.53588176e-02 2.72542000e-01 1.57942176e-01
    4.37767804e-01 1.23929828e-01 9.44488406e-01 2.91693807e-01
    5.31259358e-01 3.09075415e-02 1.67246252e-01 8.34777176e-01
    8.35448563e-01 1.72660798e-01 2.67402947e-01 9.81137753e-01
    6.84470356e-01 6.01955414e-01 3.91638547e-01 3.58674765e-01
    5.50822318e-01 8.33314419e-01 9.41906810e-01 9.91189480e-01
    9.55517530e-01 3.41959596e-01 4.57188249e-01 9.55789208e-01
    1.58922970e-02 6.35457039e-01 3.09799224e-01 1.02544129e-02
    3.39618325e-03 2.74830401e-01 8.79846573e-01 5.88150144e-01
    7.71511078e-01 3.94238561e-01 9.95161295e-01 6.41252279e-01
    8.14347625e-01 7.19223619e-01 3.98820400e-01 3.09926867e-01
    6.93708062e-01 5.11541605e-01 7.40037680e-01 4.39614326e-01
    3.95394266e-01 3.37929368e-01 2.81929672e-01 1.41860247e-01
    7.26991534e-01 5.56410313e-01 5.88696182e-01 7.97915101e-01
    2.88363397e-01 4.60972458e-01 5.19472003e-01 4.14327979e-01
    9.46936309e-01 4.03759003e-01 4.23602313e-01 6.32576048e-02
    9.00727510e-01 2.58977085e-01 5.08328319e-01 6.34589076e-01
    8.58974218e-01 2.98855901e-01 6.28782749e-01 2.24076807e-01
    4.75513667e-01 9.25754189e-01 9.00793076e-01 8.20872068e-01
    7.57949412e-01 1.38555259e-01 6.22367382e-01 3.94667029e-01
    8.20066690e-01 7.23034978e-01 3.20895195e-01 9.29514170e-01
    9.84300017e-01 1.81025833e-01 5.46981394e-01 5.12500882e-01
    3.40100199e-01 9.57713723e-01 9.34891045e-01 1.27998173e-01
    4.94214594e-01 4.64088559e-01 8.65439177e-01 6.29778028e-01
    7.97370493e-01 1.77611887e-01 8.44495058e-01 3.86795133e-01
    7.34469295e-01 3.56184870e-01 1.92487985e-01 5.51299155e-02
    7.47950613e-01 1.07820302e-01 3.07590246e-01 1.22806132e-02
    1.15424454e-01 9.89470840e-01 5.60387194e-01 4.13302004e-01
    8.21254551e-02 5.15991211e-01 2.33114064e-01 5.93165338e-01
    9.98291731e-01 7.46821284e-01 9.51951087e-01 5.68321407e-01
    1.25617713e-01 2.95614064e-01 9.30461884e-01 2.05846727e-01
    1.82164401e-01 8.13374996e-01 5.80983877e-01 7.51291811e-02
    4.54290867e-01 6.49916768e-01 3.66165131e-01 4.54766542e-01
    1.25936419e-01 6.12441063e-01 5.12994766e-01 4.83621925e-01
    1.43488050e-01 6.80423319e-01 7.87216127e-01 3.86084408e-01
    5.10521352e-01 3.71224165e-01 1.32220179e-01 5.83139479e-01
    8.05940628e-01 4.24383730e-01 3.43054712e-01 7.63555050e-01
    9.65477347e-01 7.44290471e-01 9.84595716e-02 5.67124307e-01
    4.28111196e-01 5.20670295e-01 6.31052732e-01 1.20545924e-02
    6.01240456e-01 3.84237707e-01 1.52243555e-01 2.92888582e-01
    6.24469519e-02 9.48749065e-01 4.77429032e-02 9.02288795e-01
    2.51346081e-01 7.22617865e-01 6.64446831e-01 7.58570075e-01
    6.01543248e-01 9.10424113e-01 3.18288803e-01 3.26460779e-01
    9.54903960e-01 7.29372203e-01 1.77716523e-01 8.42750371e-01
    3.45584393e-01 1.97583914e-01 8.80686522e-01 6.39291406e-01
    1.79530710e-01 3.78962100e-01 4.33811247e-02 9.28506732e-01
    7.57285118e-01 2.64294803e-01 4.84582812e-01 8.43471169e-01
    8.12221646e-01 3.13106358e-01 4.20746863e-01 1.49272084e-01
    5.38479567e-01 3.96572471e-01 3.25691521e-01 6.84053838e-01
    9.45116699e-01 1.14020497e-01 2.27972865e-01 3.70109975e-02
    4.34639871e-01 2.52476364e-01 8.44366312e-01 4.78580296e-01
    1.65494442e-01 2.18167543e-01 3.13820779e-01 9.70249653e-01
    9.63226199e-01 4.62932825e-01 9.28178787e-01 2.63563454e-01
    5.36698639e-01 2.60056674e-01 5.36211550e-01 7.06405759e-01
    2.39580363e-01 9.01184678e-02 4.48041528e-01 9.04695094e-02
    9.81539369e-01 5.38707137e-01 4.68548805e-01 4.95037258e-01
    2.69019961e-01 5.68878829e-01 1.56527460e-01 2.28780508e-03
    7.91933835e-02 3.28272283e-01 8.52624774e-02 1.87069237e-01
    7.73993731e-01 7.64832973e-01 8.52144122e-01 2.79898882e-01
    6.77418709e-02 8.88364315e-01 9.79342639e-01 1.05292290e-01
    1.66040927e-01 1.72394305e-01 1.53839648e-01 8.17973495e-01
    8.21078897e-01 8.06304812e-01 3.96075249e-02 5.91628253e-01
    2.69614100e-01 9.30111110e-02 5.35529792e-01 3.19020301e-01
    1.80059046e-01 8.70428205e-01 6.29493415e-01 9.41401243e-01
    1.22630596e-03 4.25153404e-01 5.81473887e-01 2.56419539e-01
    1.76166147e-01 5.35665393e-01 8.81984115e-01 2.41074622e-01
    5.03566325e-01 9.55929399e-01 9.39214706e-01 4.78690416e-01
    8.58391702e-01 4.55090106e-01 9.09180403e-01 1.11010969e-02
    5.09675026e-01 5.34555674e-01 3.54695499e-01 8.47069383e-01
    5.57106972e-01 4.98667091e-01 1.55543238e-01 8.73341620e-01
    6.50918961e-01 3.27097178e-02 9.57219720e-01 5.82157373e-02
    4.62213904e-01 3.51295680e-01 2.11290807e-01 9.00680661e-01
    9.60042477e-01 9.78560925e-01 8.97569835e-01 1.08041614e-01
    2.32331157e-02 4.99221832e-01 9.75457668e-01 5.97316325e-01
    6.04905427e-01 4.73288208e-01 9.52953339e-01 9.62274492e-01
    4.53808635e-01 8.40262532e-01 2.49585122e-01 1.17185920e-01
    2.92138696e-01 3.35063040e-02 8.46337914e-01 9.68606830e-01
    1.06660545e-01 7.18320251e-01 7.08201110e-01 4.01557624e-01
    3.35312247e-01 2.67355323e-01 8.47586036e-01 2.82956719e-01
    8.11755776e-01 6.25198781e-02 3.36014062e-01 9.99197364e-01
    7.26440847e-01 3.80476117e-02 5.34793854e-01 8.12655449e-01
    9.86529350e-01 7.17440844e-01 8.55335236e-01 6.03475749e-01
    6.73446536e-01 6.69626594e-01 1.44233376e-01 8.25115085e-01
    3.99490118e-01 9.25970674e-01 1.51245505e-01 2.82720715e-01
    2.60114193e-01 9.57507610e-01 8.80280972e-01 9.75508511e-01
    6.89347386e-01 8.29881430e-01 4.48571891e-01 6.64376438e-01
    9.21947479e-01 2.63530910e-02 1.97377831e-01 4.48004723e-01
    9.36356306e-01 5.98791778e-01 5.07775426e-01 7.86770821e-01
    1.47311717e-01 3.81400824e-01 3.15754354e-01 2.80892521e-01
    9.71635282e-01 8.80141020e-01 8.86628568e-01 4.73564297e-01
    4.67462599e-01 3.83795202e-01 4.99084473e-01 9.01820958e-01
    2.95534611e-01 9.90468740e-01 1.55876279e-02 6.09671414e-01
    1.60675764e-01 8.48940969e-01 7.13805854e-02 8.31800938e-01
    2.51484513e-02 4.12065089e-02 1.48186654e-01 6.16441786e-01
    9.70278621e-01 3.49098533e-01 2.78395474e-01 7.82955170e-01
    6.70658827e-01 4.52923089e-01 9.80676055e-01 4.27105039e-01
    4.07096148e-01 1.29186481e-01 5.59827983e-02 1.21604443e-01
    6.69535935e-01 9.68327165e-01 7.51423597e-01 7.93575764e-01
    9.15740013e-01 9.73720074e-01 1.53022647e-01 4.31499273e-01
    2.99566567e-01 3.79317373e-01 5.25325954e-01 2.99123824e-02
    6.95403337e-01 6.82355583e-01 7.25301266e-01 4.66690958e-02
    2.90114820e-01 6.88577175e-01 4.61788803e-01 1.96031094e-01
    5.56826890e-02 8.89199972e-03 7.33452439e-01 6.02733612e-01
    1.11013412e-01 2.83977240e-01 8.91211629e-01 7.89063931e-01
    5.03200591e-01 4.22174901e-01 6.17161989e-02 8.32914889e-01
    9.87510562e-01 3.56465697e-01 6.36323869e-01 1.64070070e-01
    7.79216886e-01 3.64379525e-01 7.68440366e-02 2.05855072e-01
    4.73333687e-01 6.71608925e-01 3.68846953e-01 6.05322123e-01
    1.70546710e-01 4.14596796e-01 4.87336010e-01 6.25689030e-01
    3.21669996e-01 1.80861801e-01 9.78739858e-01 8.46928358e-02
    9.12086904e-01 6.43168330e-01 3.65498126e-01 3.22020620e-01
    7.36640990e-01 5.65663218e-01 3.86635631e-01 4.47897047e-01
    7.59610236e-01 2.82578826e-01 1.55892342e-01 9.45313871e-01
    1.93888754e-01 4.07695860e-01 8.15002680e-01 6.08749032e-01
    2.77310252e-01 4.66496825e-01 6.14278853e-01 5.22380233e-01
    6.76221550e-01 9.14776564e-01 2.73090005e-01 3.11617821e-01
    2.72750050e-01 2.08304107e-01 8.01914930e-01 7.32639790e-01
    7.71902263e-01 5.95360577e-01 9.63749528e-01 3.44880134e-01
    2.82863617e-01 9.88607407e-01 7.90742159e-01 6.75878227e-01
    7.26140857e-01 1.45851672e-02 9.22468305e-03 6.08534038e-01
    3.57209027e-01 9.05423164e-01 4.07683641e-01 3.22680533e-01
    3.47243607e-01 3.32604080e-01 9.76213574e-01 9.55601454e-01
    4.34065759e-02 9.72074270e-01 7.42943764e-01 1.45549476e-01
    1.72040761e-02 7.44836986e-01 4.08271879e-01 4.76872623e-01
    7.08243787e-01 4.53913152e-01 7.07999289e-01 8.48261833e-01
    2.30768323e-02 8.15108061e-01 9.98686194e-01 6.13044620e-01
    3.68279427e-01 5.53219080e-01 5.00573456e-01 3.02741557e-01
    9.85429406e-01 9.21590805e-01 3.08843970e-01 5.61540544e-01
    6.94730759e-01 4.05810952e-01 1.34079725e-01 3.35847676e-01
    4.24417377e-01 5.08786917e-01 9.88092422e-01 7.64149666e-01
    9.41721916e-01 1.81950182e-01 8.18417668e-01 9.11033273e-01
    3.52842152e-01 9.63777304e-04 3.40245247e-01 5.54110706e-01
    4.25692022e-01 8.11871707e-01 2.75113165e-01 9.98970747e-01
    2.43687838e-01 6.61030531e-01 4.83064830e-01 2.29589254e-01
    4.03933108e-01 1.03639662e-02 7.09418178e-01 9.87474799e-01
    7.00672805e-01 2.86714077e-01 1.31918609e-01 9.24891233e-01
    2.55706906e-01 2.94286728e-01 3.85218054e-01 9.43360329e-02
    5.97192347e-01 6.65833950e-02 7.45926917e-01 9.18304801e-01
    3.05971295e-01 6.58297479e-01 3.84158164e-01 5.64762354e-01
    9.56015706e-01 1.84123814e-02 2.82129884e-01 8.08551013e-02
    2.43377447e-01 7.00967431e-01 3.29090834e-01 2.28904575e-01
    3.19203496e-01 2.57972836e-01 7.77130067e-01 7.08046615e-01
    6.07284307e-01 3.18510711e-01 9.55970407e-01 7.51925468e-01
    5.54174900e-01 2.51188099e-01 7.78001845e-02 2.30849355e-01
    7.50665307e-01 2.01468736e-01 7.54155099e-01 4.10124779e-01
    5.06275237e-01 8.46403360e-01 3.53870451e-01 3.78240585e-01
    3.78952920e-01 4.43431437e-02 6.65660262e-01 1.76515132e-01
    9.63753581e-01 5.03978848e-01 7.55321383e-01 6.17458463e-01
    1.68332160e-02 8.88804495e-02 7.48102069e-01 4.22559828e-01
    5.44052422e-01 6.21047854e-01 7.63385534e-01 1.71666414e-01
    9.49629784e-01 4.01909262e-01 7.39554644e-01 8.02553892e-01
    3.02498221e-01 7.69945979e-03 6.81986809e-01 6.10354185e-01
    6.66204393e-01 8.35103989e-02 7.66068697e-02 5.30298650e-01
    7.55676925e-02 1.56007737e-01 2.90150702e-01 4.58450198e-01
    4.41490889e-01 3.81306678e-01 7.52578855e-01 3.70362103e-01
    4.30066884e-02 6.77749336e-01 1.78204566e-01 6.06112838e-01
    5.88688314e-01 1.05030447e-01 3.62096101e-01 4.97126848e-01
    1.81880265e-01 4.61468339e-01 6.07991815e-01 8.75799298e-01
    2.19171137e-01 3.83008450e-01 1.77590013e-01 9.65334773e-01
    8.20153117e-01 5.73496103e-01 6.82887554e-01 7.85572290e-01
    1.48693234e-01 4.29377794e-01 1.13449991e-01 1.69926792e-01
    4.79906946e-01 9.41738963e-01 5.97532988e-01 1.29731625e-01
    8.35005403e-01 2.72280872e-02 5.30680597e-01 5.88791251e-01
    9.44480062e-01 8.03234041e-01 4.94188547e-01 6.12678230e-01
    1.54160291e-01 9.61959064e-01 4.44572747e-01 7.99150825e-01
    2.28896081e-01 7.46423006e-03 8.01008105e-01 5.64771593e-01
    8.30528259e-01 9.12234545e-01 1.36825174e-01 5.17687261e-01
    4.62846041e-01 8.62170160e-01 4.61658806e-01 4.26780909e-01
    7.59765267e-01 1.02925867e-01 6.32930398e-01 3.85391742e-01
    6.33915365e-02 2.61648029e-01 3.34467500e-01 4.34824318e-01
    8.46676886e-01 3.04849774e-01 9.56623316e-01 9.69187737e-01
    6.81112587e-01 7.41046667e-02 4.42012519e-01 2.57240146e-01
    5.17004967e-01 6.97137415e-01 9.37289953e-01 7.49196947e-01
    8.68301034e-01 5.96133888e-01 1.47610247e-01 6.89403474e-01
    8.41630638e-01 6.38377428e-01 8.22016120e-01 9.76642370e-01
    3.99494886e-01 1.25572324e-01 8.22980642e-01 3.43392253e-01
    9.60780382e-02 6.64362311e-01 2.31529683e-01 4.51597869e-01
    6.40473604e-01 1.58018231e-01 2.24354655e-01 4.70481664e-01
    8.57825518e-01 8.45239639e-01 3.05337131e-01 8.61964583e-01
    5.61653733e-01 1.16443038e-02 2.36674696e-01 5.58507323e-01
    4.67603445e-01 6.79167747e-01 5.74781477e-01 1.46599144e-01
    1.18358403e-01 3.45036149e-01 8.11334610e-01 8.74464393e-01
    8.15275073e-01 9.08634067e-03 6.64235413e-01 4.80056256e-01
    3.67355108e-01 8.12712014e-01 1.52570605e-02 2.22158790e-01
    5.02521157e-01 2.74685264e-01 2.33784497e-01 8.14170361e-01
    3.37930739e-01 4.42168206e-01 2.57916272e-01 8.59360456e-01
    8.05443347e-01 6.23182774e-01 7.63825178e-01 7.17275381e-01
    9.21924293e-01 1.84613019e-01 1.25788182e-01 4.37122166e-01
    9.49859917e-02 2.00968474e-01 6.06989861e-02 1.42132968e-01
    8.83224845e-01 6.41709447e-01 4.44886476e-01 2.43199050e-01
    5.78634918e-01 8.99034917e-01 5.78417480e-01 3.60938579e-01
    7.33913481e-02 4.32573527e-01 4.12307739e-01 5.09663463e-01
    7.07888126e-01 6.31865919e-01 5.72987676e-01 9.54944789e-02
    6.81636572e-01 2.84184664e-01 1.89885497e-02 1.32007599e-02
    8.13936353e-01 2.38241464e-01 7.29898095e-01 6.18851840e-01
    8.59129727e-01 8.59657168e-01 2.41856217e-01 6.58947527e-01
    8.23544621e-01 6.08624697e-01 8.44620764e-02 8.28754365e-01
    5.34969866e-01 2.94275880e-02 9.29558456e-01 4.87112790e-01
    2.70420492e-01 9.28760648e-01 8.60110760e-01 1.26257807e-01
    3.04135233e-01 1.52050734e-01 7.59572208e-01 2.05419928e-01
    5.88183284e-01 3.35634232e-01 5.56114793e-01 6.41662300e-01
    1.22075647e-01 6.17973864e-01 7.43730843e-01 9.06268120e-01
    4.66439486e-01 1.79626673e-01 5.22229373e-01 9.63577986e-01
    6.33916855e-01 5.97646177e-01 2.16094404e-01 5.68571091e-01
    7.81329870e-01 8.14721584e-02 1.81007147e-01 2.29701400e-01
    7.98737466e-01 6.64772630e-01 3.03698719e-01 1.25972897e-01
    3.65584254e-01 7.00511813e-01 3.90506357e-01 6.83106899e-01
    1.70424581e-03 1.71810776e-01 1.75857544e-03 6.50968850e-02
    4.18815017e-01 2.08841622e-01 6.62776947e-01 7.86918640e-01
    4.48783815e-01 7.16845691e-02 1.68523520e-01 1.34917855e-01
    9.53723788e-01 9.38356042e-01 5.35967708e-01 2.61501610e-01
    8.53293478e-01 6.61868095e-01 5.69272757e-01 7.75668025e-01
    1.73925936e-01 5.37330270e-01 2.56943107e-01 3.96206558e-01
    4.62038904e-01 9.52465057e-01 8.76261592e-02 8.77466917e-01
    3.02497983e-01 7.84424782e-01 4.91998851e-01 9.98353720e-01
    6.90383017e-02 3.59809071e-01 2.52681434e-01 2.01110154e-01
    1.63632005e-01 8.44293833e-03 8.35891724e-01 1.01100802e-02
    2.42295146e-01 9.24217105e-01 4.98335212e-01 3.01170945e-02
    5.53010941e-01 8.25356841e-02 5.80669463e-01 2.80508041e-01
    4.45702285e-01 2.57119656e-01 3.21590275e-01 1.65951192e-01
    6.12865627e-01 7.91069031e-01 9.61830735e-01 2.74201155e-01
    5.13189852e-01 8.39892149e-01 5.70780635e-01 5.27627707e-01
    4.95370418e-01 4.05784398e-01 8.16444397e-01 8.25227499e-01
    8.48607123e-01 9.40290093e-01 5.64261675e-02 4.74756211e-01
    8.67495418e-01 6.70998514e-01 8.15298676e-01 3.82163018e-01
    6.06361747e-01 3.02955687e-01 6.98367834e-01 6.46030724e-01
    7.71745682e-01 5.96882761e-01 7.83748269e-01 1.85218632e-01
    4.19329494e-01 2.24095434e-01 2.53943205e-01 4.29941118e-02
    5.01236975e-01 2.39302814e-01 4.32777464e-01 5.84180951e-02
    3.88813138e-01 4.63975728e-01 9.27900910e-01 8.70324731e-01
    2.10975021e-01 2.59770602e-01 8.10033798e-01 3.80626619e-02
    9.24129844e-01 7.40708828e-01 7.77439713e-01 5.14245987e-01
    2.78228790e-01 9.71391201e-01 2.66328752e-01 8.11320841e-01
    9.99076545e-01 1.73627704e-01 4.08951133e-01 2.04528630e-01
    4.75338936e-01 5.38700104e-01 4.86410737e-01 8.09415162e-01
    8.78031850e-01 1.49458647e-02 5.07685959e-01 5.33932686e-01
    7.82007933e-01 1.04805708e-01 1.67683929e-01 4.95666653e-01
    6.51419044e-01 8.58822703e-01 1.46282405e-01 3.78745526e-01
    9.16539550e-01 1.69461966e-03 8.34599316e-01 9.73105311e-01
    6.39443815e-01 9.22213495e-02 9.76944387e-01 9.71717477e-01
    3.64420652e-01 1.71507388e-01 4.69507903e-01 4.72934753e-01
    6.45337820e-01 7.24787652e-01 8.23405862e-01 9.10992026e-01
    5.61468601e-01 2.10809559e-01 8.52479398e-01 5.21923184e-01
    6.69343650e-01 7.52925873e-03 9.40508842e-01 6.46212876e-01
    8.40080142e-01 4.65477556e-01 9.91950452e-01 5.72599173e-01
    4.64656830e-01 4.26168531e-01 8.09352398e-01 6.66957676e-01
    7.49639273e-01 7.79781163e-01 9.15578902e-01 3.51008952e-01
    3.04306746e-01 4.58273947e-01 4.39415097e-01 4.72280920e-01
    4.84532863e-01 2.49369353e-01 7.16132045e-01 3.52450520e-01
    7.69519806e-02 6.06213212e-01 5.76392651e-01 6.31452322e-01
    2.82995641e-01 4.70574707e-01 4.55657899e-01 1.87064618e-01
    9.45123315e-01 5.76706529e-02 6.77773535e-01 6.91761434e-01
    1.84241444e-01 3.04082930e-02 7.32371509e-02 8.32553744e-01
    2.46053010e-01 2.26455152e-01 7.34905958e-01 2.43527442e-01
    9.48584497e-01 3.73380840e-01 2.23549128e-01 5.14859140e-01
    6.27067387e-02 4.72709596e-01 3.79341453e-01 9.68562245e-01
    5.97373128e-01 3.82719129e-01 4.89472151e-01 8.69881272e-01
    6.00200057e-01 9.65903401e-01 7.69676208e-01 3.36964428e-02
    6.53780997e-01 4.34533179e-01 3.67137790e-01 2.91402042e-02
    8.19668889e-01 3.53977680e-02 9.11115766e-01 3.97267282e-01
    8.68055522e-01 8.22912216e-01 4.17210042e-01 7.77927637e-02
    8.25042129e-02 3.83084446e-01 9.83655930e-01 5.50693572e-01
    9.78039503e-01 6.89960718e-01 7.48003125e-01 2.28798807e-01
    2.60904789e-01 8.62273395e-01 2.99331009e-01 8.05234015e-02
    8.24281335e-01 1.71325505e-02 7.00346828e-01 4.97024506e-01
    2.51697540e-01 6.05522037e-01 6.71408415e-01 3.13667238e-01
    1.52741909e-01 4.50912893e-01 2.09599644e-01 3.37514818e-01
    3.43668163e-01 6.05001569e-01 5.86520135e-01 8.59638870e-01
    7.17843771e-01 8.11732471e-01 2.75683582e-01 1.24787837e-01
    6.14682734e-02 3.27513188e-01 4.81712312e-01 3.47799212e-01
    5.06229222e-01 1.80689394e-01 5.06103575e-01 1.56216323e-01
    8.14323127e-02 5.34092903e-01 9.02532220e-01 2.64877975e-02
    9.48138595e-01 2.85739452e-01 2.64274269e-01 6.36557579e-01
    3.57701868e-01 4.97858822e-01 4.24878597e-02 9.14964080e-03
    5.37545860e-01 2.59024560e-01 5.53861499e-01 9.25531507e-01
    2.21432179e-01 7.93567300e-02 6.46612585e-01 8.38253379e-01
    1.40739501e-01 6.10187173e-01 8.65704179e-01 4.97623384e-02
    8.62380505e-01 8.27391565e-01 4.45064157e-01 2.90732175e-01
    2.79951215e-01 7.67073870e-01 8.77132058e-01 5.78884661e-01
    4.94722009e-01 6.10983908e-01 8.28093469e-01 2.98854411e-01
    2.57966876e-01 8.44818830e-01 1.78340822e-01 6.49529696e-02
    2.32383758e-01 4.06220675e-01 7.23606884e-01 2.04039395e-01
    9.21424985e-01 1.97289765e-01 3.89453292e-01 4.83637929e-01
    2.94309467e-01 7.03479946e-01 4.86918956e-01 8.38502645e-01
    3.52058291e-01 2.24145532e-01 2.74702311e-02 3.77916753e-01
    7.35143125e-01 3.05731297e-01 2.89310157e-01 7.57943511e-01
    7.79759467e-01 2.20718771e-01 3.21872830e-01 6.58396661e-01
    8.69151592e-01 9.88207757e-02 2.94762552e-01 5.29749215e-01
    4.09629196e-01 7.28587806e-01 1.66931659e-01 6.23371184e-01
    6.10632241e-01 6.87198758e-01 8.77474785e-01 4.76192832e-02
    8.74510527e-01 1.73169434e-01 6.05639517e-02 1.97743356e-01
    8.88351798e-01 3.80241752e-01 6.22989118e-01 3.68825138e-01
    3.58716190e-01 4.32454467e-01 3.71953070e-01 5.01505435e-01
    4.68907446e-01 5.40973723e-01 3.45332503e-01 5.86256623e-01
    1.01030976e-01 6.65084720e-02 6.63290322e-01 7.26714671e-01
    9.69936371e-01 3.09965253e-01 1.58033490e-01 6.83734775e-01
    3.53151947e-01 2.54453897e-01 3.16385269e-01 2.70339787e-01
    5.06746829e-01 5.79646945e-01 9.37162161e-01 5.25951147e-01
    1.55599535e-01 8.83821130e-01 2.40607798e-01 1.11838788e-01
    3.49271894e-02 8.20205510e-02 6.65826499e-01 8.46539080e-01
    7.32396245e-01 5.21903276e-01 9.71965909e-01 9.41994071e-01
    7.39776134e-01 6.34978175e-01 7.81742930e-01 2.28644878e-01
    1.25007182e-01 9.59867120e-01 7.44287312e-01 3.03066850e-01
    4.00054455e-02 4.76441681e-01 4.54251170e-02 6.82558060e-01
    1.74786508e-01 9.42246675e-01 7.95766175e-01 1.86943322e-01
    3.37592661e-01 2.36202717e-01 3.96357208e-01 2.91757882e-01
    3.25144053e-01 3.30131292e-01 9.34284687e-01 3.30604106e-01
    4.09110546e-01 5.16335607e-01 2.71589369e-01 6.74185157e-01
    5.21124363e-01 9.40606833e-01 4.23473626e-01 3.50090563e-02
    7.10565925e-01 1.34864330e-01 2.81506032e-01 2.12443084e-01
    5.62493086e-01 8.19811463e-01 6.12658262e-02 1.33020967e-01
    7.34156787e-01 4.62348372e-01 6.02903187e-01 1.30162627e-01
    5.75219035e-01 8.57649088e-01 8.81352305e-01 8.49150240e-01
    8.97286177e-01 6.31851494e-01 2.91158170e-01 3.97938877e-01
    7.91099072e-01 9.54127610e-02 6.68328881e-01 1.77947879e-01
    3.77707064e-01 1.70854270e-01 6.52467489e-01 5.82758486e-01
    4.21131253e-02 9.62280929e-02 7.79610276e-01 7.05351710e-01
    9.82136309e-01 3.54950488e-01 8.69587719e-01 3.82026374e-01
    2.96499163e-01 4.74911094e-01 9.25762057e-01 3.35791498e-01
    6.12465203e-01 8.45759988e-01 3.59272778e-01 2.40764350e-01
    3.61577928e-01 1.03924155e-01 9.84696269e-01 9.41441059e-01
    8.93864810e-01 2.20562041e-01 3.26984882e-01 6.56927824e-01
    8.16907585e-02 2.72049069e-01 9.06004131e-01 6.08240962e-01
    9.62521076e-01 1.61791354e-01 2.75471568e-01 8.85463119e-01
    6.16713047e-01 2.00315088e-01 8.06180120e-01 2.63017088e-01
    7.48139918e-01 2.45203555e-01 6.15737498e-01 8.79552722e-01
    1.49387121e-02 9.80265021e-01 4.92261589e-01 5.98667979e-01
    5.58016419e-01 6.37652934e-01 1.50889188e-01 8.19978476e-01
    6.29079640e-02 5.91438711e-01 7.54999101e-01 3.27512473e-01
    2.12596476e-01 2.42445827e-01 5.20835876e-01 5.66811800e-01
    1.30719513e-01 5.80308735e-01 6.39612913e-01 3.77920508e-01
    5.04570007e-01 3.83518308e-01 1.94681615e-01 7.17488110e-01
    1.05762184e-01 9.05866861e-01 1.48847878e-01 4.71921653e-01
    7.92778432e-01 2.23093748e-01 5.52057564e-01 7.97284067e-01
    8.92679513e-01 4.19725120e-01 4.19045925e-01 6.52570605e-01
    5.14472067e-01 1.68692499e-01 3.72961611e-01 5.82082570e-02
    7.60659933e-01 3.55286717e-01 3.93096745e-01 8.32199514e-01
    1.90658569e-01 1.42900050e-01 5.00795364e-01 7.71091223e-01
    6.36392891e-01 7.87073672e-02 2.43490279e-01 5.06601930e-01
    9.57045019e-01 7.88936973e-01 4.40339744e-01 8.90106320e-01
    1.13939971e-01 5.39187849e-01 9.88573074e-01 5.76268137e-01
    8.73918891e-01 3.52591455e-01 2.70172656e-02 7.06733644e-01
    6.08745217e-01 9.33261395e-01 9.95273829e-01 7.06032813e-01
    5.73217273e-01 1.55060291e-01 6.65830314e-01 3.39457899e-01
    1.27264142e-01 8.42683434e-01 3.58749688e-01 5.88373005e-01
    3.04093122e-01 9.39808309e-01 8.05017173e-01 4.46149766e-01
    5.97459614e-01 9.09338176e-01 4.46971953e-02 8.03404689e-01
    1.78221941e-01 9.64040518e-01 1.74448818e-01 8.34564030e-01
    2.56327897e-01 8.18469286e-01 3.78108710e-01 9.43596959e-01
    8.90955329e-02 5.51276863e-01 2.30661958e-01 1.23353004e-02
    4.89591748e-01 9.06119168e-01 3.91949087e-01 8.57865930e-01
    5.77340603e-01 4.50419754e-01 1.22886151e-01 9.09717381e-02
    4.08966780e-01 5.44638455e-01 1.50074273e-01 4.76019025e-01
    2.35267401e-01 2.95159370e-01 3.35724086e-01 3.53418529e-01
    3.29525292e-01 8.64839852e-01 7.70789385e-01 8.55781436e-02
    9.92652059e-01 2.16502786e-01 3.56475174e-01 2.87468940e-01
    4.08873647e-01 1.26306325e-01 5.38136482e-01 1.00887001e-01
    1.43364966e-01 8.53609562e-01 2.66672969e-01 2.53059924e-01
    3.72714639e-01 9.46581185e-01 7.06387043e-01 1.89720094e-01
    5.41938663e-01 4.90163535e-01 6.03944540e-01 2.74811029e-01
    2.35528290e-01 8.96596372e-01 3.22173744e-01 7.11539865e-01
    2.77812123e-01 8.31714272e-03 2.55869746e-01 3.76376271e-01
    3.02111953e-01 3.53170097e-01 6.14546299e-01 9.88670290e-01
    6.42454743e-01 7.82668054e-01 3.40854168e-01 1.17690086e-01
    5.33934951e-01 8.74712229e-01 4.79398042e-01 6.02927446e-01
    7.60024786e-02 6.52740121e-01 3.58943045e-02 2.71666527e-01
    9.45569038e-01 9.71909881e-01 6.64727509e-01 5.50810695e-01
    3.96227807e-01 3.80903512e-01 9.99543786e-01 5.47206342e-01
    9.17452395e-01 8.75056386e-01 8.90427828e-03 4.73402798e-01
    7.29994595e-01 8.68742526e-01 3.97357941e-02 8.89735162e-01
    3.14637870e-01 6.10663235e-01 8.71855497e-01 1.67966008e-01
    2.70917118e-01 2.72500515e-02 3.47903520e-01 9.50261056e-01
    5.91609061e-01 9.09083962e-01 5.03987074e-04 2.78892577e-01
    5.02621114e-01 3.20299089e-01 2.05861092e-01 9.59780157e-01
    4.75648046e-02 5.53203821e-01 9.22495127e-01 6.50580227e-02
    6.90198779e-01 6.87814951e-02 8.00747275e-01 2.86596835e-01
    2.51895308e-01 7.13149905e-01 7.28991032e-01 2.65259027e-01
    5.41993082e-02 2.65009165e-01 3.79926264e-01 8.10166359e-01
    4.28337693e-01 5.61704099e-01 8.92225504e-02 2.53762066e-01
    2.58348823e-01 7.57878780e-01 5.40568471e-01 6.45326376e-02
    1.40977830e-01 3.62595946e-01 5.52887738e-01 4.21113014e-01
    3.59201580e-01 1.55693173e-01 1.94047749e-01 3.71832311e-01
    4.72838283e-02 1.67594314e-01 7.49716759e-02 8.78427982e-01
    8.19440246e-01 4.63165045e-02 6.43942893e-01 9.32510495e-02
    4.81568009e-01 3.94459486e-01 4.01239961e-01 8.45699191e-01
    9.29821491e-01 7.75013089e-01 6.26204967e-01 8.40943217e-01
    8.86448920e-01 5.48529625e-01 2.23421693e-01 6.99630439e-01
    3.64741087e-02 1.65654689e-01 1.10671908e-01 2.06812799e-01
    6.29057169e-01 9.54667807e-01 9.20412958e-01 2.63090014e-01
    6.83126211e-01 9.84363437e-01 1.52856499e-01 3.62104863e-01
    8.80201221e-01 1.93539828e-01 4.87832725e-02 2.31758028e-01
    4.90519047e-01 2.95727342e-01 3.73694271e-01 1.66934997e-01
    9.01504934e-01 5.01139462e-02 6.68870807e-01 6.01303399e-01
    1.26610965e-01 6.57680035e-01 4.23134506e-01 1.01707786e-01
    3.42921376e-01 7.42041588e-01 5.08793533e-01 3.53618860e-01
    9.13212895e-02 1.41963959e-02 1.19695753e-01 1.53227866e-01
    4.69293594e-01 6.74741983e-01 7.42244482e-01 6.17304862e-01
    1.98031813e-01 2.88507700e-01 6.61985695e-01 4.23053831e-01
    4.90040123e-01 1.86638772e-01 3.57124299e-01 1.63118988e-01
    9.32940364e-01 9.93745267e-01 6.34101927e-01 5.02221107e-01
    4.74351913e-01 6.43891037e-01 8.80024254e-01 8.14844191e-01
    8.68201375e-01 9.94729102e-01 9.02956247e-01 6.61690950e-01
    2.49611795e-01 5.04982054e-01 8.93664122e-01 3.51658046e-01
    9.13116634e-01 8.90841484e-01 6.85469985e-01 9.14248705e-01
    4.57520425e-01 2.61810303e-01 7.29665220e-01 4.00518090e-01
    1.84746444e-01 3.08515310e-01 9.83166695e-02 1.18630767e-01
    3.94662321e-01 2.25702047e-01 9.05742764e-01 5.75929761e-01
    7.19583988e-01 4.03234422e-01 2.74089992e-01 5.81923783e-01
    5.80644786e-01 4.97911811e-01 1.54330432e-02 2.11480886e-01
    3.64798009e-02 2.18098611e-01 1.34394139e-01 2.70684123e-01
    9.25853193e-01 3.12415957e-02 9.49763417e-01 1.22190237e-01
    3.92201960e-01 2.88532525e-01 2.81907797e-01 2.53219485e-01
    5.28810501e-01 2.62023330e-01 1.64240271e-01 4.82514888e-01
    3.41086179e-01 2.95846462e-01 9.77131009e-01 6.29633546e-01
    1.34020746e-02 9.34124827e-01 1.02368027e-01 7.27873743e-02
    1.42148972e-01 2.55081624e-01 5.80440819e-01 5.71273863e-01
    4.77002144e-01 6.99921548e-01 2.20968813e-01 7.66924560e-01
    8.40037227e-01 3.04954618e-01 8.51381540e-01 9.43723559e-01
    2.18722075e-01 6.61285698e-01 1.17929757e-01 1.00838333e-01
    8.08690727e-01 2.04893142e-01 1.20091021e-01 2.83227563e-02
    3.78503710e-01 3.59652698e-01 8.09421539e-02 4.30798233e-01
    1.45658344e-01 2.05908537e-01 9.79641080e-02 2.23108977e-01
    9.30041313e-01 3.43066633e-01 9.55922067e-01 5.70426881e-01
    8.90018940e-01 6.43547952e-01 9.79405761e-01 9.26127911e-01
    7.74369240e-01 8.44368219e-01 1.83244169e-01 3.75902385e-01
    8.31434608e-01 4.48142409e-01 3.05368721e-01 9.68474150e-03
    1.51242197e-01 2.88713396e-01 5.25310338e-01 2.51915574e-01
    8.52397084e-03 2.69243836e-01 6.17494583e-01 1.10228121e-01
    3.44456494e-01 3.31682712e-01 9.21238661e-01 3.06607842e-01
    7.15448499e-01 9.34769273e-01 8.86045218e-01 4.87943918e-01
    2.86115050e-01 3.94764245e-02 5.54412603e-02 1.75425172e-01
    1.49455845e-01 1.82840705e-01 3.90137136e-01 5.70351481e-02
    5.08555353e-01 8.65567446e-01 1.83671236e-01 8.49435687e-01
    6.66469455e-01 9.57055330e-01 7.48671770e-01 6.02836728e-01
    6.89668119e-01 7.41973221e-01 3.88569534e-01 3.47030938e-01
    6.08867764e-01 4.19335246e-01 2.25966603e-01 1.04004174e-01
    2.32575864e-01 1.43788010e-01 6.29435182e-01 2.38536745e-01
    6.39560640e-01 2.93290615e-01 3.90244633e-01 9.33012009e-01
    3.19019109e-01 9.76798594e-01 5.81518412e-01 2.96023726e-01
    4.07090485e-01 9.02226329e-01 7.74692893e-01 3.12817663e-01
    7.44971752e-01 4.36910093e-01 3.84506404e-01 3.77773792e-01
    2.31138676e-01 8.85777831e-01 8.39766979e-01 7.49677181e-01
    5.40572166e-01 2.88959622e-01 6.10222876e-01 3.55761170e-01
    1.84081644e-01 5.66976964e-02 9.48801398e-01 2.56295681e-01
    6.42517626e-01 4.74736512e-01 8.74274373e-01 1.26241475e-01
    9.90252376e-01 1.24398768e-02 9.84206915e-01 4.16309565e-01
    8.79348516e-02 6.50575459e-02 6.28194213e-01 9.95176494e-01
    8.58646810e-01 7.96039104e-01 9.79195714e-01 3.68696868e-01
    5.85035741e-01 9.40481722e-02 4.06066179e-01 6.76924884e-01
    9.01975632e-01 4.56450790e-01 7.64140248e-01 7.58169293e-01
    1.94765866e-01 3.87948751e-02 9.68799472e-01 5.24928510e-01
    3.89932185e-01 4.24382180e-01 4.70053256e-02 8.59721541e-01
    3.48874241e-01 4.93596405e-01 9.46865082e-01 2.25959748e-01
    3.84585798e-01 7.38760710e-01 5.66474557e-01 1.83838189e-01
    9.81114924e-01 1.91354096e-01 3.48729342e-01 6.45251155e-01
    1.58756673e-01 8.97761643e-01 1.67745680e-01 8.72867346e-01
    4.69368309e-01 5.03151476e-01 2.64384747e-02 1.21984661e-01
    8.98982406e-01 1.76649570e-01 4.81314540e-01 2.02103138e-01
    6.03205442e-01 6.94561303e-01 8.96968126e-01 6.26573682e-01
    4.61829096e-01 5.75424492e-01 1.26496375e-01 8.85250330e-01
    5.88428259e-01 6.77564263e-01 2.90036917e-01 5.89827895e-01
    3.93145084e-01 3.83408844e-01 2.40315109e-01 2.15968072e-01
    7.27498829e-01 7.82829285e-01 4.06735897e-01 9.18104410e-01
    9.89408016e-01 5.43486536e-01 5.01365542e-01 8.30995739e-02
    9.96034741e-01 7.19105065e-01 4.84407634e-01 4.22099024e-01
    9.33218837e-01 5.05519509e-01 2.42167950e-01 1.36757582e-01
    8.40282559e-01 5.12302816e-02 1.84610426e-01 5.72546422e-01
    5.80985248e-01 2.30340749e-01 1.20604813e-01 9.52230513e-01
    9.92147326e-02 5.28008819e-01 2.54521281e-01 3.72410655e-01
    9.21076298e-01 4.18604016e-01 9.99840617e-01 3.83951485e-01
    8.10934901e-01 4.18743014e-01 2.18970776e-01 4.64953244e-01
    7.26241469e-01 4.04434204e-02 5.91588557e-01 2.42382556e-01
    7.53519297e-01 1.25826567e-01 9.59870398e-01 1.78319097e-01
    7.72599280e-02 3.23683470e-01 4.42637563e-01 4.64316219e-01
    6.35444164e-01 2.30352461e-01 1.62904650e-01 8.16225529e-01
    5.64989448e-02 4.08235073e-01 9.44931269e-01 9.08226788e-01
    8.45376253e-02 9.88861084e-01 9.52919602e-01 2.60597080e-01
    2.14315265e-01 2.98729181e-01 8.08802962e-01 7.91027904e-01
    6.67133629e-01 6.62397623e-01 1.84178948e-02 2.02354968e-01
    3.17594916e-01 2.48213410e-02 8.38599563e-01 6.87986851e-01
    2.34229118e-01 2.55819619e-01 5.70982158e-01 6.27772808e-01
    1.89879030e-01 9.75556850e-01 7.70253897e-01 1.00263506e-01
    5.38299143e-01 8.80433917e-01 8.62772405e-01 1.82654321e-01
    6.41430020e-01 1.11909658e-01 8.56866717e-01 5.23372650e-01
    8.36977780e-01 1.19534761e-01 5.93370795e-01 6.83294773e-01
    1.95036829e-01 5.17798305e-01 6.24982238e-01 3.45708609e-01
    5.07963896e-01 6.16997361e-01 5.14256418e-01 5.71665168e-02
    8.65736663e-01 9.73002791e-01 7.91767716e-01 4.53136861e-02
    5.14810026e-01 8.31758201e-01 9.19049740e-01 8.04656506e-01
    4.40914661e-01 2.98846424e-01 3.71672362e-01 6.72035098e-01
    3.11993748e-01 5.46397924e-01 6.50788665e-01 9.35067654e-01
    2.08665937e-01 4.69557196e-01 7.61464059e-01 1.10805929e-02
    4.93151486e-01 4.64214861e-01 6.60462737e-01 2.21982062e-01
    3.74475479e-01 1.79833651e-01 2.41295367e-01 4.61606294e-01
    2.31158674e-01 9.70999002e-02 9.20362115e-01 8.01164269e-01
    9.64391828e-01 4.66360867e-01 5.25244355e-01 7.50112772e-01
    1.18903220e-02 5.29387891e-01 3.66665602e-01 8.17764997e-02
    5.02095699e-01 6.80841804e-02 1.00488752e-01 3.12962264e-01
    1.13943040e-01 3.66447926e-01 3.64342630e-01 1.95117801e-01
    8.22113872e-01 1.88313007e-01 5.34573138e-01 6.51885927e-01
    9.89235520e-01 8.96251082e-01 2.80472159e-01 3.92045259e-01
    8.22343707e-01 8.45873356e-01 7.78650761e-01 5.12490511e-01
    2.79157758e-02 5.64549685e-01 6.10283971e-01 5.12283444e-01
    2.89315403e-01 7.99205899e-02 4.50431973e-01 7.93891609e-01
    8.67614865e-01 7.25912035e-01 1.30910754e-01 8.70961308e-01
    2.83785462e-01 2.63331115e-01 2.64472216e-01 1.83465630e-01
    9.19791162e-02 4.20273781e-01 6.63941920e-01 7.95740843e-01
    8.26391280e-02 5.02181351e-01 8.85688066e-02 4.02203858e-01
    6.32884324e-01 2.17070162e-01 8.37476134e-01 1.37142777e-01
    4.74476427e-01 7.17671514e-01 5.59724987e-01 3.50743443e-01
    7.61980653e-01 2.79111594e-01 7.60654867e-01 8.85804057e-01
    2.03909844e-01 2.12812126e-01 9.28406715e-01 5.24622202e-01
    3.33468407e-01 4.86806035e-01 3.92087698e-01 6.50943696e-01
    2.58185774e-01 4.26639199e-01 2.45040447e-01 5.21671116e-01
    5.61882317e-01 9.26158428e-02 5.85019648e-01 1.86302006e-01
    3.59369755e-01 9.99646783e-01 3.00196946e-01 6.89894676e-01
    3.82327229e-01 9.08982277e-01 3.54540408e-01 7.89953589e-01
    8.22683275e-01 3.21081012e-01 2.98020363e-01 5.16544819e-01
    7.41151452e-01 5.50250292e-01 3.35028082e-01 8.32402170e-01
    7.48303175e-01 4.12643135e-01 8.77664804e-01 7.55005121e-01
    9.43611860e-01 8.98906708e-01 8.52206290e-01 2.97830939e-01
    6.55139804e-01 7.95992315e-01 3.81670296e-01 3.05609703e-01
    8.89636993e-01 5.80709577e-01 1.81827962e-01 5.41039467e-01
    3.53581876e-01 3.08029652e-02 4.51572835e-01 4.23460394e-01
    6.82662427e-01 7.35611677e-01 9.35710371e-01 8.54548216e-01
    9.86051559e-03 4.47544932e-01 4.86878395e-01 4.58532125e-01
    9.35004354e-01 2.48121947e-01 3.46356034e-02 4.13871229e-01
    2.62958854e-01 9.72466826e-01 3.47708166e-01 5.24609804e-01
    7.22764015e-01 4.21541512e-01 4.94801879e-01 1.27929062e-01
    1.81473851e-01 8.08664262e-02 5.85725069e-01 1.57727331e-01
    8.84637117e-01 8.03911805e-01 9.52228129e-01 3.41487497e-01
    2.69866288e-02 8.81923079e-01 3.48389566e-01 8.11847508e-01
    6.31392002e-03 9.28912520e-01 1.69311464e-02 8.72751474e-01
    9.19836700e-01 9.79147851e-02 6.28631592e-01 1.03026569e-01
    1.98419452e-01 9.07671690e-01 4.47868675e-01 3.45674038e-01
    3.34328443e-01 5.50423980e-01 1.58568293e-01 7.65785873e-01
    4.75022823e-01 2.13518590e-01 4.89665866e-02 6.30331337e-02
    3.90244991e-01 2.55254924e-01 1.57757670e-01 8.02948475e-02
    5.78863144e-01 9.44281816e-01 8.70487690e-01 3.55859339e-01
    9.98246193e-01 6.78282440e-01 5.35259247e-01 3.92450392e-02
    1.85410440e-01 8.82493734e-01 6.48002803e-01 4.80751306e-01
    4.61144984e-01 2.45190918e-01 4.82455075e-01 7.05739558e-01
    1.89934015e-01 1.95534378e-01 2.54943728e-01 8.87633085e-01
    9.32152152e-01 5.13650000e-01 4.41831350e-01 5.72037041e-01
    8.26655269e-01 3.74895751e-01 9.31639969e-01 1.98890775e-01
    3.41963053e-01 9.34483945e-01 1.78331316e-01 2.96852827e-01
    9.86541510e-01 7.60289729e-01 9.87386286e-01 6.64288402e-01
    5.81163883e-01 3.94059420e-01 1.79610610e-01 6.63272917e-01
    6.53533697e-01 8.51167381e-01 7.61573553e-01 1.43948168e-01
    3.05543542e-01 9.69015241e-01 3.25556338e-01 4.56447333e-01
    4.80694950e-01 4.09160674e-01 1.08301729e-01 7.63908148e-01
    4.27853853e-01 3.42607200e-01 2.94592202e-01 5.06839573e-01
    2.79062688e-02 4.60421920e-01 9.60804284e-01 7.96362877e-01
    8.00565481e-01 1.61727458e-01 1.10523611e-01 5.85139930e-01
    7.51361489e-01 5.11805296e-01 7.14455187e-01 1.58381671e-01
    2.18790948e-01 4.61506426e-01 1.04284793e-01 5.18274307e-01
    5.46844721e-01 4.13792014e-01 2.96977013e-01 6.45576894e-01
    4.83694673e-01 7.76744366e-01 2.20955044e-01 3.40510190e-01
    1.60870701e-01 4.70820934e-01 1.03165925e-01 1.56442523e-01
    6.24756277e-01 8.69959235e-01 1.75391853e-01 4.37951297e-01
    9.08214688e-01 4.23957646e-01 3.47282648e-01 1.89443648e-01
    6.49126291e-01 7.05387712e-01 9.20471668e-01 4.26390141e-01
    9.37476456e-01 7.87678063e-01 5.12607634e-01 9.11535501e-01
    7.66074896e-01 5.40844560e-01 8.57552767e-01 7.44669259e-01
    4.63465452e-01 5.87431014e-01 1.35621399e-01 6.03105903e-01
    9.15148497e-01 9.19391751e-01 6.19212806e-01 6.31411970e-01
    6.65674210e-01 1.11330539e-01 8.77312541e-01 8.77208173e-01
    6.03592396e-02 7.82697797e-01 8.19128036e-01 5.13480067e-01
    1.07643515e-01 3.81730348e-01 4.95121390e-01 8.91219914e-01
    5.64321816e-01 8.23376417e-01 5.61666906e-01 6.96257889e-01
    5.63981056e-01 8.05517375e-01 6.49468899e-01 4.45969939e-01
    1.82180047e-01 1.22474432e-02 7.16455817e-01 7.20344901e-01
    9.44352925e-01 5.79434991e-01 8.45302463e-01 2.87563443e-01
    5.50752282e-01 5.58647394e-01 3.75302225e-01 3.01146805e-02
    9.51460719e-01 6.47568822e-01 7.34535515e-01 9.98335600e-01
    6.97874188e-01 9.85794425e-01 6.36902690e-01 3.86630714e-01
    2.41651267e-01 1.43012375e-01 5.56146741e-01 6.26712978e-01
    7.55187511e-01 1.00914359e-01 7.31977403e-01 1.82924509e-01
    8.17059040e-01 2.79595822e-01 5.39175093e-01 6.42935216e-01
    8.35507274e-01 2.42917001e-01 2.61111796e-01 5.07854939e-01
    7.90617406e-01 2.10508704e-03 4.48410183e-01 8.66464078e-01
    5.76979637e-01 9.30796206e-01 3.89802307e-01 4.69102412e-01
    5.59141517e-01 1.50602639e-01 5.35051584e-01 5.38064182e-01
    2.74229378e-01 1.00277424e-01 3.27964991e-01 8.19899440e-01
    6.37223303e-01 6.39966249e-01 2.67105699e-02 5.71326852e-01
    7.88978040e-01 2.69108444e-01 7.26318479e-01 3.91416460e-01
    1.45430177e-01 2.16113359e-01 6.27502024e-01 1.88374907e-01
    4.22378629e-01 6.76522374e-01 9.63924408e-01 6.55628145e-01
    7.95521617e-01 2.28090614e-01 7.51972318e-01 6.77820265e-01
    8.79671812e-01 8.78040910e-01 5.92555940e-01 9.89383101e-01
    2.16784537e-01 8.13598752e-01 6.10794663e-01 3.50932717e-01
    8.10737908e-02 4.99504626e-01 9.81401205e-02 9.26205933e-01
    3.41526419e-01 9.89955425e-01 5.36139727e-01 2.26054788e-02
    5.73535264e-02 4.60867375e-01 8.26464474e-01 4.43337083e-01
    8.60168636e-02 5.96096337e-01 3.36653709e-01 7.48539925e-01
    4.18165088e-01 8.65905881e-01 1.48430109e-01 8.79114568e-01
    5.09192646e-01 8.13455701e-01 5.78524292e-01 5.62091172e-01
    3.07652056e-02 5.54427326e-01 7.48437643e-03 5.95848143e-01
    7.22619772e-01 8.31026912e-01 7.12149739e-01 2.07375348e-01
    5.62900960e-01 6.91823781e-01 1.59158349e-01 7.63434768e-01
    1.24335080e-01 6.36945486e-01 9.00299549e-02 9.58301783e-01
    7.74969339e-01 8.53883386e-01 1.29716396e-02 9.49853837e-01
    2.95912445e-01 6.06931031e-01 7.29619682e-01 8.05920124e-01
    4.86510724e-01 7.58984566e-01 5.92794120e-02 9.94586110e-01
    8.39668274e-01 1.05968118e-03 3.29850614e-01 8.60876203e-01
    9.85632002e-01 6.48144484e-01 5.93348384e-01 2.51182526e-01
    6.00661755e-01 2.83725679e-01 6.52100205e-01 1.31439269e-01
    7.68865108e-01 4.52729195e-01 5.85334957e-01 6.99559689e-01
    7.21259475e-01 4.83400613e-01 5.93862414e-01 1.91054255e-01
    5.17552793e-01 9.78527009e-01 4.54548001e-03 7.16438770e-01
    4.12663311e-01 1.14620507e-01 5.58810592e-01 4.68144655e-01
    9.00936186e-01 9.06258881e-01 1.48598254e-01 4.71752912e-01
    9.45343971e-01 1.15397334e-01 9.91756499e-01 2.23732561e-01
    8.74526203e-01 4.96341884e-01 2.99432546e-01 1.86286807e-01
    4.58639950e-01 5.61567068e-01 6.35198951e-01 5.56696355e-01
    1.46920949e-01 3.45328033e-01 6.01478159e-01 2.46204317e-01
    5.17300963e-01 4.77065802e-01 2.72051543e-01 8.38893056e-01
    9.81166244e-01 8.30747664e-01 1.44244105e-01 7.62898266e-01
    5.35364091e-01 7.78229475e-01 7.75422096e-01 5.40158153e-03
    5.34499288e-01 9.68512535e-01 8.86571884e-01 2.65962362e-01
    9.63550508e-02 3.02406818e-01 3.17174852e-01 6.43323064e-01
    4.53969657e-01 4.07739580e-02 5.42032897e-01 8.17245543e-02
    9.44989920e-01 9.97970879e-01 4.80942130e-02 5.14051735e-01
    5.93431115e-01 7.92168736e-01 6.48954570e-01 9.09002423e-01
    2.75960624e-01 1.77175462e-01 2.53513694e-01 5.75747728e-01
    3.54445815e-01 1.84618324e-01 2.18660206e-01 6.97230339e-01
    7.23352075e-01 5.28889894e-03 5.43746650e-02 1.93509161e-01
    3.08116227e-01 2.55007446e-02 2.14512467e-01 4.25200224e-01
    8.88325751e-01 5.18571556e-01 6.25245154e-01 1.07337207e-01
    6.55181289e-01 3.55365872e-03 8.00002575e-01 9.18106556e-01
    5.82029581e-01 8.80995631e-01 9.27851498e-02 7.91748762e-01
    5.72499931e-01 4.32876080e-01 7.09495246e-01 2.75864661e-01
    8.25574756e-01 1.71754986e-01 8.61402690e-01 7.46629000e-01
    3.78697306e-01 3.06751639e-01 7.19350100e-01 8.12197804e-01
    3.92352045e-01 1.55072242e-01 7.40893722e-01 9.25254405e-01
    3.51217628e-01 3.32093239e-01 3.66229415e-01 6.44101143e-01
    1.25768512e-01 7.18147099e-01 3.16511691e-01 6.15575671e-01
    3.43290269e-02 4.86599118e-01 6.93448842e-01 9.10099268e-01
    7.76645422e-01 9.53955948e-02 2.83517063e-01 4.22954381e-01
    1.15277708e-01 6.01917028e-01 5.61777711e-01 7.46850729e-01
    6.92759573e-01 1.91751719e-01 8.41167688e-01 8.23655725e-01
    9.53583121e-01 4.96104389e-01 7.94775546e-01 3.17511499e-01
    8.96458328e-01 7.36593127e-01 1.12885118e-01 3.39533538e-01
    1.66494876e-01 6.15877628e-01 1.00860626e-01 9.56382275e-01
    7.60388613e-01 8.84857535e-01 3.28972995e-01 3.45781863e-01
    5.29425502e-01 1.43162698e-01 1.72464222e-01 6.02562368e-01
    1.93938762e-01 8.17226052e-01 9.26642060e-01 6.46581829e-01
    7.54112899e-02 5.23723364e-01 3.79816383e-01 9.33733702e-01
    3.36780608e-01 8.04302216e-01 5.65265656e-01 4.82547283e-02
    3.79148602e-01 9.46568310e-01 4.12318051e-01 8.73367190e-01
    9.98645902e-01 9.27192330e-01 2.25027233e-01 7.68845618e-01
    6.18219376e-04 8.89130473e-01 1.11007959e-01 9.35461760e-01
    3.35795730e-01 7.46914029e-01 3.10967326e-01 8.60824108e-01
    1.99190110e-01 2.01677173e-01 5.79139352e-01 6.70706332e-01
    1.40859842e-01 1.21213883e-01 2.29453504e-01 4.65840280e-01
    2.61070311e-01 1.45369530e-01 3.32022488e-01 4.41216886e-01
    2.91891068e-01 2.47598022e-01 8.10595393e-01 2.30791569e-01
    1.25749409e-02 1.69851929e-01 5.11380374e-01 6.73259318e-01
    4.89727885e-01 6.83762789e-01 7.44972229e-01 4.15403813e-01
    1.90313399e-01 4.03457314e-01 6.17716908e-01 6.23200774e-01
    5.43197989e-02 5.09611905e-01 5.45171022e-01 7.78405368e-01
    7.12120891e-01 2.50303328e-01 9.92821455e-01 9.16803837e-01
    4.50650930e-01 7.56312251e-01 2.10955292e-01 1.30733520e-01
    6.96276426e-01 3.30267489e-01 1.30755693e-01 1.93568051e-01
    8.63808990e-01 7.38357723e-01 5.50718069e-01 2.64216125e-01
    3.56203079e-01 1.77347064e-02 8.27027917e-01 5.64138949e-01
    1.62402987e-02 9.27544713e-01 4.47377950e-01 7.41855502e-02
    9.72364902e-01 2.78305948e-01 4.55073148e-01 9.62946177e-01
    5.32193780e-01 7.80566812e-01 5.97756803e-01 1.57386422e-01
    5.99905014e-01 8.47724557e-01 6.96600676e-02 1.03610218e-01
    5.21220267e-02 4.93801236e-01 2.49401957e-01 8.62208307e-01
    4.80930060e-01 3.87571245e-01 2.15515196e-02 3.34818661e-02
    4.58917260e-01 1.81511551e-01 1.64722085e-01 7.38156319e-01
    4.24261212e-01 9.30971026e-01 2.52423525e-01 3.10392827e-01
    8.39506149e-01 1.60916120e-01 7.50153482e-01 8.59628260e-01
    1.37284219e-01 8.20280075e-01 7.47811377e-01 8.96837056e-01
    1.61936492e-01 5.54496169e-01 4.80477184e-01 6.11931682e-02
    1.84820682e-01 5.52480340e-01 3.25690746e-01 9.19871628e-01
    2.07017571e-01 3.34494084e-01 9.64409292e-01 1.64394587e-01
    8.48158836e-01 1.85653180e-01 7.05693126e-01 7.79596090e-01
    2.99286842e-02 2.06354201e-01 5.35224676e-02 2.86764681e-01
    8.42781067e-01 9.05986607e-01 5.77809095e-01 9.40729082e-02
    4.89565700e-01 9.35428739e-01 9.29425240e-01 2.68734992e-01
    8.88608932e-01 1.34386390e-01 3.98465425e-01 9.20780301e-01
    8.94166410e-01 4.75332052e-01 5.47846675e-01 5.52401423e-01
    7.86179066e-01 7.57170498e-01 7.06042945e-01 9.19693351e-01
    2.92893589e-01 8.51074815e-01 2.77689874e-01 4.25636530e-01
    7.22105861e-01 6.34922624e-01 7.21562922e-01 8.26189756e-01
    3.30095887e-01 4.94889140e-01 6.85672760e-01 2.84510851e-03
    8.80445123e-01 9.53164816e-01 6.78492546e-01 8.11852813e-01
    9.70921755e-01 4.08824265e-01 1.10735297e-02 2.35296875e-01
    8.01092625e-01 2.54276037e-01 1.40472203e-01 6.60091400e-01
    2.22691596e-02 3.69150043e-02 2.24437267e-01 4.44683969e-01
    8.12670052e-01 5.65036297e-01 5.73951662e-01 2.12027848e-01
    4.82794583e-01 2.73062527e-01 2.91918278e-01 5.73116124e-01
    3.21589410e-01 9.12389159e-01 2.94642001e-01 6.59435391e-01
    4.58143085e-01 4.52872515e-02 7.10928798e-01 6.26434326e-01
    4.41578239e-01 8.95142078e-01 3.26206535e-01 7.79264450e-01
    5.90218961e-01 5.24203777e-01 4.23647523e-01 7.77110100e-01
    9.47984219e-01 2.30240226e-01 6.49120092e-01 1.73725635e-01
    3.38793635e-01 7.92557240e-01 2.33971268e-01 6.16011024e-03
    8.18932772e-01 2.99754024e-01 1.09243363e-01 1.99938923e-01
    5.58005393e-01 2.61715174e-01 4.99502927e-01 7.62327790e-01
    8.68365467e-01 6.92458868e-01 5.07261574e-01 2.42233992e-01
    6.14581108e-02 4.23914492e-02 9.31514144e-01 1.50753558e-01
    4.38245773e-01 2.65502781e-01 8.36624622e-01 1.43827945e-01
    9.90055680e-01 3.88015151e-01 5.53912759e-01 7.18341649e-01
    1.86845183e-01 8.54148984e-01 8.84171844e-01 8.51899922e-01
    6.55917406e-01 3.11119020e-01 1.60668790e-02 3.66386294e-01
    1.85329854e-01 7.10359097e-01 7.28006840e-01 2.08370358e-01
    3.66792500e-01 3.73023808e-01 8.70357275e-01 4.29024696e-02
    2.23984241e-01 9.82518852e-01 4.71157730e-02 3.12618017e-02
    7.01941609e-01 2.48839468e-01 1.11816347e-01 7.30127096e-01
    4.51129675e-03 1.85354650e-02 3.29916239e-01 5.50120413e-01
    2.84561634e-01 7.46596754e-01 7.76193023e-01 4.00500357e-01
    5.66719949e-01 2.13180721e-01 3.78492266e-01 3.00919235e-01
    5.03296971e-01 4.51180965e-01 2.14775473e-01 6.97730780e-01
    5.22036016e-01 5.98207891e-01 2.64257669e-01 4.04203981e-01
    7.10713863e-01 3.49897295e-01 8.77346814e-01 8.57262015e-02
    5.11447787e-01 2.97783673e-01 3.38599980e-02 7.97833800e-02
    5.79473913e-01 2.70334005e-01 8.34367275e-01 3.66038322e-01
    6.60453439e-02 2.11382180e-01 2.21205056e-02 8.62360954e-01
    5.61217725e-01 2.95840889e-01 8.87450218e-01 7.13450909e-01
    2.35915780e-02 9.38966155e-01 3.03471982e-01 2.32697994e-01
    9.51668382e-01 4.97715950e-01 3.22010875e-01 2.30696768e-01
    1.79332823e-01 1.78519011e-01 3.02223206e-01 4.06822264e-01
    9.88718271e-01 5.79986572e-01 2.54963994e-01 1.76257610e-01
    6.37491941e-01 9.09496963e-01 7.93327689e-01 2.64612198e-01
    2.56905317e-01 3.95132244e-01 5.20477593e-02 7.47235477e-01
    5.20140707e-01 5.76044500e-01 4.36789483e-01 4.06317711e-02
    7.63735771e-02 3.64216596e-01 9.90401030e-01 1.98627949e-01
    1.92505747e-01 3.55513453e-01 4.29946870e-01 9.88642991e-01
    9.99805450e-01 3.88333201e-03 1.54069334e-01 9.51716542e-01
    3.47104669e-02 2.40078330e-01 1.15687221e-01 9.56556797e-01
    2.80921578e-01 1.47036046e-01 7.78467178e-01 6.27774894e-02
    8.48077059e-01 3.12534213e-01 8.43521118e-01 8.59121442e-01
    7.19662428e-01 6.47784710e-01 2.45431453e-01 7.81099796e-01
    2.49200583e-01 7.89793015e-01 1.90901250e-01 6.19741619e-01
    6.15676343e-01 3.21184635e-01 1.94454551e-01 1.02436841e-02
    4.45117354e-01 7.59642899e-01 2.93060541e-02 5.53446889e-01
    3.28532755e-02 4.90469843e-01 2.78983802e-01 4.51289803e-01
    4.85981196e-01 6.92573965e-01 9.27868068e-01 9.02590752e-01
    8.30963731e-01 5.74817061e-01 9.91496265e-01 7.17473686e-01
    7.75012851e-01 4.00252849e-01 8.37934315e-02 8.73718858e-01
    2.78828681e-01 6.62793517e-02 6.45866275e-01 1.68778688e-01
    3.56128991e-01 2.40391493e-01 8.58004153e-01 3.56415272e-01
    9.76372302e-01 9.88658607e-01 4.02184725e-01 1.45653933e-01
    6.13131702e-01 1.08902484e-01 2.70664036e-01 1.25149190e-01
    9.79343534e-01 1.99727267e-01 1.85468793e-01 4.97016311e-02
    5.31226099e-01 6.63623035e-01 1.56198710e-01 1.26144081e-01
    4.33526516e-01 7.50374198e-01 7.17642903e-03 7.77733743e-01
    7.83315420e-01 8.60988021e-01 3.85187387e-01 9.47625160e-01
    4.90517288e-01 4.41303670e-01 8.02159309e-02 5.10039926e-01
    8.36863637e-01 2.15640754e-01 2.48196304e-01 7.68006265e-01
    1.90722197e-01 7.32730687e-01 1.07898772e-01 8.12530756e-01
    9.16083395e-01 7.46471226e-01 8.39012086e-01 5.77897131e-01
    4.70452100e-01 4.18881357e-01 2.16531664e-01 1.29415154e-01
    5.04813910e-01 2.53215015e-01 5.99220812e-01 5.90392709e-01
    8.46211433e-01 6.97214603e-01 3.90150875e-01 3.56231958e-01
    4.96802539e-01 5.02663076e-01 3.60981584e-01 7.06811845e-01
    9.38075185e-02 9.71853375e-01 1.35527581e-01 3.36518466e-01
    1.84090167e-01 7.49043643e-01 5.38863957e-01 7.85947204e-01
    4.65849638e-02 3.10092032e-01 7.06427276e-01 9.35354829e-03
    2.37300754e-01 9.20155942e-02 9.15201724e-01 8.08894336e-01
    9.62570190e-01 7.45586216e-01 9.30078268e-01 7.56473601e-01
    2.72279203e-01 2.61634767e-01 8.37933004e-01 1.25257373e-02
    9.34077442e-01 2.54234433e-01 6.83425844e-01 4.93344665e-02
    1.90803349e-01 5.74610591e-01 3.66962343e-01 3.70708406e-01
    5.59420347e-01 1.39908284e-01 9.11836088e-01 3.51722807e-01
    7.11939573e-01 4.41205889e-01 4.31428820e-01 3.24196219e-02
    1.65813476e-01 6.67807996e-01 5.48884213e-01 1.62088186e-01
    9.78042841e-01 7.59717107e-01 8.17615092e-01 3.48635435e-01
    4.25471604e-01 7.89092779e-01 7.11339176e-01 6.51662052e-01
    2.79530346e-01 5.05862594e-01 4.87346023e-01 9.48431849e-01
    9.45068121e-01 6.94811761e-01 1.81357086e-01 9.66797829e-01
    6.80709064e-01 4.21436965e-01 2.16019154e-03 6.37807250e-01
    7.22356677e-01 6.37227654e-01 3.76941860e-01 4.37039733e-01
    1.74746603e-01 2.36802071e-01 3.08476686e-02 1.63853079e-01
    2.10823834e-01 7.96573520e-01 6.48326755e-01 6.45899415e-01
    1.56627625e-01 1.16555989e-01 4.19861943e-01 3.14834923e-01
    7.97602832e-01 9.44180191e-01 9.45750952e-01 9.14727926e-01
    5.78317583e-01 9.98560250e-01 2.84311920e-01 4.77725148e-01
    3.53746027e-01 4.79138672e-01 9.79841590e-01 1.94980025e-01
    3.82922411e-01 5.53998232e-01 2.96403408e-01 4.99567866e-01
    9.24301863e-01 7.75502861e-01 6.47772670e-01 2.53762722e-01
    9.79884505e-01 1.90771282e-01 6.59853339e-01 9.26834106e-01
    8.81495953e-01 9.47036505e-01 2.33477592e-01 8.20735335e-01
    7.40988374e-01 8.26007724e-01 9.85676646e-01 8.27521443e-01
    6.28937483e-02 3.62604141e-01 6.74932897e-01 4.18003708e-01
    4.02078509e-01 3.58226836e-01 9.61039305e-01 4.30274576e-01
    1.20583236e-01 6.02624774e-01 4.49265331e-01 9.28764105e-01
    7.02130437e-01 8.04240823e-01 6.79131746e-01 4.69624013e-01
    6.92669392e-01 5.37533104e-01 9.64665413e-01 9.89385247e-01
    1.81898087e-01 7.91007876e-01 3.53811830e-01 6.83907270e-01
    5.35732746e-01 6.22870922e-01 6.69705689e-01 5.72124124e-01
    4.96992201e-01 6.52253151e-01 5.41844547e-01 3.91736031e-01
    7.73781657e-01 2.86992371e-01 5.73228478e-01 7.21734464e-01
    6.17054522e-01 3.57080579e-01 5.36295235e-01 1.65762007e-02
    7.01622367e-01 1.51912540e-01 2.53937185e-01 4.50088054e-01
    8.87639582e-01 8.70069385e-01 1.87992007e-01 3.17178547e-01
    8.21311951e-01 7.87200332e-01 2.99063295e-01 5.25289059e-01
    4.93437350e-02 8.71213973e-02 1.57035232e-01 6.09948754e-01
    8.57321620e-01 9.03785586e-01 1.93811029e-01 1.58106387e-01
    6.96135283e-01 3.90977234e-01 3.93366337e-01 8.75587404e-01
    3.54102612e-01 5.57342410e-01 7.87699938e-01 1.94700956e-01
    8.19967210e-01 1.51965618e-01 4.06678677e-01 6.97761655e-01
    2.65653491e-01 7.02528834e-01 7.29513645e-01 1.34171754e-01
    1.93410009e-01 9.19262528e-01 2.00608879e-01 6.04343534e-01
    4.03106302e-01 4.79219198e-01 3.89266729e-01 8.42998385e-01
    9.25173044e-01 4.06882375e-01 4.24210787e-01 3.18960011e-01
    9.52798545e-01 1.78870291e-01 9.17122364e-01 8.60952020e-01
    3.86169642e-01 3.23347360e-01 1.04112148e-01 8.63403916e-01
    4.47171330e-02 4.61591393e-01 7.45615542e-01 1.46786153e-01
    2.04498231e-01 2.13789791e-01 2.68099070e-01 8.91605139e-01
    5.24222314e-01 8.44853878e-01 1.78331733e-01 3.36848050e-01
    8.41783166e-01 1.90819770e-01 1.92832977e-01 3.33808959e-01
    4.91309315e-01 8.69451940e-01 8.63819242e-01 1.07753277e-02
    5.74421287e-01 9.76035476e-01 4.39308703e-01 2.11478144e-01
    6.02113307e-01 5.36365092e-01 5.98622978e-01 7.21603990e-01
    2.71683365e-01 1.38262212e-02 8.15830946e-01 7.01818645e-01
    2.63173521e-01 9.40414429e-01 4.75869596e-01 2.53352344e-01
    2.64306784e-01 8.84971976e-01 1.63943201e-01 6.29103422e-01
    2.76065171e-02 1.30678296e-01 5.35102248e-01 6.47182405e-01
    8.97145987e-01 8.24853539e-01 4.86929089e-01 1.09610587e-01
    5.12916625e-01 7.80919909e-01 2.11189687e-01 7.51084387e-02
    8.08035672e-01 7.56430626e-01 5.47108948e-02 2.08612084e-01
    3.00453007e-01 5.43568790e-01 7.70389676e-01 3.05518031e-01
    4.20531929e-01 6.44224882e-02 9.96356964e-01 8.56425226e-01
    8.52237582e-01 2.81529367e-01 1.17981672e-01 7.91519642e-01
    4.16989028e-02 6.58135533e-01 4.76043999e-01 4.72420484e-01
    8.62453878e-01 7.98037052e-01 9.48290467e-01 6.56829238e-01
    3.88497591e-01 6.18586421e-01 3.06546956e-01 1.91996217e-01
    4.44381952e-01 1.54338777e-02 2.33700931e-01 6.64873123e-01
    8.54352474e-01 2.82744527e-01 6.47465765e-01 4.01710331e-01
    7.31187820e-01 9.02347267e-02 8.78248215e-01 7.60845661e-01
    3.56460929e-01 3.92807066e-01 8.35928321e-01 8.34907293e-01
    9.11334693e-01 7.79023588e-01 1.64671749e-01 3.34975570e-01
    3.49475443e-01 2.09302276e-01 3.62599939e-01 5.65940738e-02
    2.35385239e-01 4.93634433e-01 8.08113396e-01 5.25686502e-01
    6.34793997e-01 8.70470941e-01 1.77923709e-01 5.03024697e-01
    8.14175844e-01 4.08289433e-01 6.15188181e-01 3.82876873e-01
    5.79307616e-01 9.60376382e-01 2.04182386e-01 4.28551257e-01
    1.42664790e-01 7.12890327e-02 5.53139627e-01 3.35517943e-01
    1.71630383e-01 2.51861304e-01 3.71978879e-01 9.96244669e-01
    6.69583023e-01 8.17412615e-01 6.03406131e-01 7.96797514e-01
    8.91209126e-01 1.91777408e-01 6.59163952e-01 4.12618816e-02
    1.19791061e-01 9.63404775e-03 4.74776864e-01 8.58167768e-01
    5.64834177e-01 7.18421817e-01 3.49250048e-01 3.55141222e-01
    7.56156147e-02 9.69031096e-01 9.39236462e-01 5.91991603e-01
    2.99611151e-01 1.05522096e-01 5.42852581e-01 8.44613075e-01
    8.15775871e-01 5.43436289e-01 2.06993073e-01 8.70038629e-01
    2.47651726e-01 4.92924541e-01 6.32214069e-01 9.25297797e-01
    9.85433459e-01 9.06186640e-01 1.32649899e-01 5.84914088e-02
    6.22935534e-01 4.55278933e-01 7.90559351e-01 9.34630334e-01
    2.76897848e-01 1.20559633e-01 5.85358560e-01 4.88245666e-01
    1.29946053e-01 5.18176138e-01 3.41722667e-01 2.27977186e-01
    2.88166404e-02 1.06253952e-01 5.28786182e-01 3.61165702e-02
    6.50746107e-01 9.24841762e-01 3.09270084e-01 3.57481927e-01
    8.51268053e-01 1.03234053e-01 5.39180636e-01 4.40613925e-01
    9.94818985e-01 2.99229741e-01 4.30251062e-02 8.46160471e-01
    4.92456079e-01 8.89489412e-01 9.36935186e-01 7.01765895e-01
    2.78494596e-01 9.24287796e-01 8.84089947e-01 5.61948597e-01
    6.91269279e-01 6.30004644e-01 2.64818668e-01 8.94315064e-01
    9.71008420e-01 6.86103344e-01 7.59803057e-02 4.43320900e-01
    8.60298157e-01 6.76378906e-02 4.45094109e-01 7.93116868e-01
    6.91293478e-02 4.99172151e-01 7.94642210e-01 9.17272270e-02
    4.22375649e-01 2.32168108e-01 5.56661963e-01 3.44942749e-01
    9.97120738e-01 7.58125842e-01 4.01863277e-01 6.77364707e-01
    5.81936836e-01 8.91027749e-01 3.09531748e-01 1.90697789e-01
    3.18533331e-01 2.46206701e-01 2.37971544e-01 5.96775889e-01
    5.81643462e-01 5.56145668e-01 2.58721828e-01 9.88946140e-01
    7.58947194e-01 7.84046292e-01 3.05304885e-01 5.44174016e-01
    4.70728517e-01 1.70353204e-01 9.19748902e-01 7.23619103e-01
    9.49697793e-02 2.80984819e-01 8.70998859e-01 2.96641111e-01
    9.22463179e-01 1.28950000e-01 7.28130102e-01 1.12257928e-01
    3.12049985e-02 4.65135425e-01 4.65807319e-02 6.01407290e-01
    7.99800634e-01 9.20400739e-01 8.96313548e-01 9.52666998e-01
    6.46035969e-02 8.28448772e-01 9.56874132e-01 4.61865276e-01
    8.29211354e-01 3.15831304e-01 6.75981283e-01 6.19531751e-01
    5.71141064e-01 4.28421259e-01 4.74083245e-01 3.66956890e-02
    6.00096166e-01 4.63365257e-01 4.15910780e-02 2.41505921e-01
    3.87105048e-01 6.02044702e-01 3.18345547e-01 2.31204599e-01
    9.80066299e-01 9.08301175e-02 6.27293706e-01 9.60741758e-01
    7.11613595e-02 6.81216717e-02 1.81862175e-01 5.63568890e-01
    3.56613338e-01 9.36397791e-01 2.98802018e-01 8.07071090e-01
    1.34264469e-01 8.74389052e-01 3.39448750e-01 3.84046078e-01
    3.92835855e-01 7.31093228e-01 5.24220526e-01 6.25115037e-01
    7.63665438e-02 1.65852487e-01 7.00345039e-02 6.86140716e-01
    5.98679006e-01 6.44459307e-01 2.11424053e-01 4.62938130e-01
    3.55780840e-01 7.50228107e-01 6.85948193e-01 4.06056672e-01
    8.47421169e-01 8.78794789e-02 7.62263894e-01 5.23879409e-01
    2.46055603e-01 6.97944343e-01 4.77364659e-01 5.43512940e-01
    1.75013870e-01 7.52133191e-01 1.58423811e-01 3.74904275e-02
    1.91057503e-01 2.88799763e-01 2.83618122e-01 5.15570223e-01
    5.04448354e-01 7.05028713e-01 3.67286682e-01 2.04329640e-01
    7.14240491e-01 7.79775381e-02 2.77709901e-01 2.35280752e-01
    5.96650839e-01 2.22942829e-01 6.97972238e-01 2.43895411e-01
    1.99199945e-01 8.50590825e-01 4.83094275e-01 6.99979603e-01
    3.33912969e-02 5.48611641e-01 4.33073401e-01 4.72083569e-01
    7.47852921e-01 9.61488664e-01 4.67651874e-01 5.51140845e-01
    7.86971152e-02 7.53794670e-01 1.12685502e-01 1.59468770e-01
    4.86903727e-01 9.87999082e-01 8.72420967e-01 6.49698257e-01
    8.97074044e-01 1.20180875e-01 5.07783592e-01 4.56513464e-01
    1.03904366e-01 9.33809340e-01 8.57970476e-01 8.56812179e-01
    4.13747966e-01 7.07668364e-01 8.64278436e-01 5.82243621e-01
    7.97202110e-01 5.27692020e-01 1.18281275e-01 8.27234030e-01
    4.87273008e-01 3.08049083e-01 5.33452511e-01 5.27602434e-03
    3.88220906e-01 8.77056241e-01 3.84461284e-01 1.83263659e-01
    9.57980037e-01 9.86269593e-01 2.81114578e-01 2.86794305e-01
    9.38781142e-01 6.31499171e-01 9.82707381e-01 4.27606106e-02
    3.36608410e-01 6.39177978e-01 2.49034315e-01 3.21509480e-01
    8.01456332e-01 2.85950482e-01 4.34973776e-01 8.79725695e-01
    9.62630391e-01 2.87629038e-01 2.75591433e-01 8.52232099e-01
    8.80065918e-01 6.05551481e-01 3.88293058e-01 3.66662025e-01
    6.32411063e-01 2.91357309e-01 5.24874449e-01 6.51200116e-02
    2.08128065e-01 1.49226636e-01 2.91918218e-01 9.61827338e-01
    6.15449607e-01 2.75755912e-01 6.15722775e-01 9.60729241e-01
    9.31807160e-02 4.33872223e-01 5.84282637e-01 6.55178130e-02
    2.05240518e-01 1.08055532e-01 9.24698889e-01 5.14168620e-01
    8.44078779e-01 9.20593977e-01 4.32872772e-02 5.32914102e-02
    8.63357663e-01 7.02567697e-01 8.67351055e-01 4.64560449e-01
    6.08645022e-01 9.89281297e-01 7.71335602e-01 4.42529112e-01
    4.73977625e-02 3.79625618e-01 8.60724390e-01 9.90374565e-01
    7.25988746e-02 9.21608090e-01 6.47713184e-01 6.47077262e-01
    1.85390413e-02 9.29784775e-01 4.84535694e-01 3.94356877e-01
    1.42240524e-03 1.81235164e-01 4.24103737e-01 7.03786910e-01
    8.98153961e-01 4.01207507e-01 6.96268737e-01 3.21738541e-01
    4.47921515e-01 7.02578366e-01 2.70976961e-01 4.76173103e-01
    7.43789256e-01 6.65226340e-01 4.77665782e-01 3.50173533e-01
    9.95542884e-01 4.31736469e-01 6.42900348e-01 1.52958691e-01
    2.79155046e-01 5.22682190e-01 8.09521019e-01 6.90575480e-01
    2.30127156e-01 9.35147882e-01 7.80878007e-01 5.83958387e-01
    7.93057203e-01 6.56048715e-01 6.71240091e-01 9.71486330e-01
    3.68719161e-01 9.09271955e-01 2.48573720e-01 4.87925500e-01
    7.34054327e-01 4.44110245e-01 1.05716020e-01 1.43934250e-01
    2.79750139e-01 2.68134654e-01 6.22983217e-01 4.67101038e-02
    1.80386245e-01 3.78248543e-01 3.87784272e-01 4.67784435e-01
    6.68254554e-01 7.47370958e-01 2.60224998e-01 4.62121099e-01
    7.83325016e-01 9.05860722e-01 6.67977691e-01 3.53280336e-01
    1.26029253e-01 5.22156417e-01 3.88215303e-01 8.90102088e-01
    8.46167088e-01 7.68417478e-01 2.67787993e-01 7.82771111e-01
    5.71712375e-01 1.51527435e-01 6.85385585e-01 8.00670564e-01
    5.52051187e-01 1.04565561e-01 2.22483218e-01 2.43726045e-01
    6.52455568e-01 5.53050220e-01 6.14102721e-01 2.95695424e-01
    1.42670602e-01 7.80444860e-01 7.14456201e-01 3.27346116e-01
    3.20468158e-01 1.25785887e-01 3.09284985e-01 7.28798866e-01
    1.43642753e-01 5.78200936e-01 9.01889920e-01 1.85647458e-01
    8.97539854e-01 3.66543531e-01 1.01546705e-01 6.49094939e-01
    2.57473469e-01 6.04730725e-01 4.12913084e-01 5.94905972e-01
    5.53174555e-01 7.60095179e-01 6.57078505e-01 8.09097588e-01
    4.39542413e-01 2.74064898e-01 8.00068498e-01 6.37842178e-01
    5.04435122e-01 9.68900025e-02 4.24835771e-01 2.78892130e-01
    5.50622046e-02 9.89225805e-02 5.35739481e-01 6.45773411e-02
    6.28040195e-01 5.76722920e-02 6.35006666e-01 4.72797662e-01
    3.46688926e-01 6.88983560e-01 5.53773046e-02 3.68732750e-01
    4.95428145e-02 6.33065104e-01 7.99717665e-01 4.92291629e-01
    3.69908452e-01 7.84679532e-01 2.72563934e-01 5.50816119e-01
    1.20025903e-01 9.13906813e-01 9.80892181e-01 1.47317231e-01
    3.50636214e-01 4.35535043e-01 4.85669255e-01 2.91615635e-01
    5.33450365e-01 5.60086191e-01 3.82311702e-01 6.46740198e-01
    7.12341666e-02 6.10132813e-02 4.26002234e-01 5.49864471e-02
    6.25178516e-01 7.12971747e-01 4.54635978e-01 6.91221714e-01
    3.93424153e-01 8.29417229e-01 8.40074122e-02 5.86727381e-01
    7.02183962e-01 6.40839040e-02 4.75588709e-01 8.39705110e-01
    3.84660363e-02 2.54114091e-01 8.15382898e-02 5.36877394e-01
    1.32690638e-01 1.20056987e-01 5.90601265e-02 7.68111587e-01
    3.42924207e-01 8.82672668e-02 7.05094039e-01 4.88829911e-01
    8.95728469e-02 4.16042954e-01 2.58752167e-01 4.27768558e-01
    3.48345429e-01 7.17140675e-01 8.75244260e-01 6.32912397e-01
    2.70113170e-01 1.45726502e-01 5.20814657e-01 6.60767674e-01
    5.21540940e-02 5.18103302e-01 2.61285305e-02 8.03307056e-01
    3.12071502e-01 7.96839714e-01 1.61953568e-01 6.70230627e-01
    5.11559963e-01 6.48493528e-01 1.10985756e-01 1.43523812e-02
    8.86749029e-02 4.85626370e-01 5.90838850e-01 3.32441658e-01
    9.44476843e-01 9.44665670e-02 2.96619236e-02 4.78798091e-01
    1.53622925e-01 7.00974703e-01 8.40197384e-01 4.36418295e-01
    2.76293010e-01 6.10463142e-01 3.19969058e-01 5.93617022e-01
    1.88684255e-01 7.33174920e-01 7.80283988e-01 7.57676721e-01
    5.21126986e-01 4.31663901e-01 5.75833619e-02 7.13804126e-01
    8.54988694e-01 6.86890364e-01 7.00169384e-01 6.05228126e-01
    3.49243581e-01 7.42294312e-01 6.98434114e-01 3.16603333e-01
    3.19377929e-01 8.20839405e-02 8.98514986e-02 8.78994823e-01
    9.50774014e-01 8.44210029e-01 3.62808526e-01 9.84157443e-01
    5.41431487e-01 4.17497456e-01 9.69298124e-01 6.85749292e-01
    8.41684043e-02 5.91817260e-01 3.76657069e-01 8.52619290e-01
    9.92632866e-01 6.58814907e-01 9.63646710e-01 7.74374425e-01
    1.50505692e-01 6.18609428e-01 1.40047371e-02 2.43264407e-01
    2.04069316e-01 4.51829344e-01 3.70763361e-01 8.11029315e-01
    2.46155858e-01 2.05689311e-01 3.81885916e-01 9.59623098e-01
    2.96652079e-01 7.19131351e-01 7.29452610e-01 1.79494888e-01
    1.40332967e-01 2.12656587e-01 7.72546530e-01 7.54695475e-01
    2.03438193e-01 9.40326273e-01 2.12201744e-01 2.24895298e-01
    1.52660459e-01 2.83184618e-01 7.65949905e-01 4.89256978e-01
    1.47320002e-01 2.98007309e-01 4.83948201e-01 5.06960392e-01
    3.45717669e-01 5.97536862e-02 9.37963784e-01 3.36208105e-01
    3.18438381e-01 5.88538051e-01 8.27263117e-01 7.69170046e-01
    3.86624575e-01 8.96884441e-01 4.45655972e-01 5.56620121e-01
    4.91684854e-01 4.22765225e-01 3.59749079e-01 7.13073134e-01
    7.22709298e-03 2.96631843e-01 3.11067104e-01 4.40382957e-03
    4.22674149e-01 1.52491838e-01 5.47618628e-01 8.64374340e-02
    4.33799833e-01 1.42617822e-02 5.88590622e-01 7.67128348e-01
    3.33946615e-01 7.49151707e-02 1.59488589e-01 4.74764854e-01
    5.11858463e-02 1.81429416e-01 8.71854663e-01 4.95237112e-01
    8.17662954e-01 6.44403815e-01 9.64118600e-01 8.04651022e-01
    9.79703069e-02 5.55304170e-01 2.25918025e-01 8.03872943e-01
    1.19284749e-01 9.53290761e-01 8.57130647e-01 7.61008203e-01
    7.03468204e-01 7.34008193e-01 1.87242955e-01 7.87181258e-02
    7.44236290e-01 5.88930964e-01 9.35292602e-01 4.02518988e-01
    7.53402591e-01 5.94392359e-01 3.32593143e-01 4.45920259e-01
    6.77189767e-01 8.37772489e-02 4.32328492e-01 4.57797647e-01
    2.55103290e-01 7.39683807e-02 2.73157299e-01 7.38968849e-02
    8.32930088e-01 7.17968762e-01 2.59715915e-01 3.06482553e-01
    9.35121775e-02 9.11015868e-01 2.24100530e-01 6.29755020e-01
    9.00760889e-01 1.01703405e-01 3.04291010e-01 5.76261878e-01
    2.75074184e-01 4.43171680e-01 9.30732131e-01 8.72060418e-01
    4.50403988e-02 1.42872393e-01 5.63066661e-01 2.69854069e-03
    9.31890726e-01 3.57304275e-01 2.24166512e-01 9.78861570e-01
    7.95256972e-01 8.15431476e-01 8.28069925e-01 3.28419864e-01
    8.50406528e-01 8.50307941e-03 3.36615294e-01 4.76876616e-01
    1.36773676e-01 9.52842951e-01 3.73045504e-01 5.35917521e-01
    3.80674899e-01 4.15872753e-01 8.38168681e-01 4.20508683e-02
    6.58615351e-01 8.18161905e-01 3.86214256e-01 7.64916420e-01
    3.02753568e-01 4.06045318e-01 7.61994362e-01 5.58433056e-01
    5.56750298e-01 3.08391571e-01 3.42300594e-01 6.49547815e-01
    2.75322974e-01 9.87084270e-01 8.19903076e-01 4.07896996e-01
    8.45890164e-01 4.74568039e-01 6.40678346e-01 3.96516711e-01
    1.53743148e-01 9.48885560e-01 8.17200541e-01 5.62002480e-01
    5.21860480e-01 9.03231800e-01 8.83571982e-01 3.98128927e-01
    9.49342549e-02 6.64668858e-01 4.52117622e-01 2.67317295e-01
    2.93049365e-01 8.16554904e-01 5.01632869e-01 2.16894060e-01
    4.08634543e-02 6.06468618e-01 1.67954803e-01 8.28562379e-01
    9.91493285e-01 4.00922000e-01 2.73133218e-01 8.43735576e-01
    5.88461161e-01 7.56569803e-02 2.45779425e-01 9.55401838e-01
    3.20711195e-01 3.75022501e-01 6.99097097e-01 6.91564977e-02
    7.97049642e-01 3.85429680e-01 4.79856133e-03 1.38209879e-01
    3.86642098e-01 3.25157404e-01 7.34908462e-01 1.31657779e-01
    8.72467399e-01 2.77595460e-01 3.29627573e-01 9.53979969e-01
    3.91208231e-01 9.94186819e-01 9.44869518e-02 9.40461755e-01
    2.16801524e-01 2.71005154e-01 4.24416035e-01 7.83280075e-01
    4.47698116e-01 8.23902011e-01 7.68600941e-01 8.93097460e-01
    2.66158313e-01 7.39947975e-01 6.44364953e-01 1.14537090e-01
    5.33558428e-01 2.29607224e-02 4.48673636e-01 1.80175275e-01
    4.30827349e-01 6.50486469e-01 9.46336150e-01 1.01346195e-01
    2.97838569e-01 1.68011487e-02 6.89266801e-01 1.97522104e-01
    5.39127469e-01 5.78236282e-01 5.38434505e-01 7.74339139e-02
    5.54924428e-01 6.24583542e-01 8.19648862e-01 7.77595162e-01
    4.97964740e-01 8.02969933e-02 9.43677783e-01 8.54128778e-01
    2.28431314e-01 2.38586754e-01 9.60984111e-01 8.59461725e-02
    6.50557160e-01 2.76063591e-01 3.92258406e-01 9.82964039e-03
    7.70164847e-01 1.28176689e-01 6.68420315e-01 1.27921760e-01
    2.60488629e-01 6.83749497e-01 2.15251297e-01 6.73496902e-01
    8.83416414e-01 8.66491556e-01 2.05935478e-01 4.09581780e-01
    5.24888039e-02 3.39901149e-02 9.97493029e-01 9.37310576e-01
    3.81335855e-01 6.18379354e-01 6.34089291e-01 3.45145047e-01
    4.44126368e-01 7.05727339e-01 9.11226749e-01 6.32834673e-01
    9.63550210e-02 2.61821628e-01 2.73634374e-01 7.51096368e-01
    7.10761666e-01 9.92922544e-01 8.46431136e-01 2.70260513e-01
    4.61202741e-01 5.47663152e-01 9.50361848e-01 9.66502726e-01
    7.81175852e-01 8.95043969e-01 6.45507455e-01 1.78570151e-01
    8.35280418e-01 6.14082098e-01 2.32506931e-01 2.51657546e-01
    2.17144191e-02 9.37831581e-01 3.83383095e-01 9.24292803e-01
    5.64965904e-02 6.57442808e-02 1.42643452e-02 3.32936287e-01
    4.35998738e-01 4.69077259e-01 1.75208837e-01 4.75332618e-01
    2.94424534e-01 4.24935997e-01 4.85752463e-01 6.04759634e-01
    4.49474782e-01 4.07693893e-01 1.36839747e-02 9.16004062e-01
    6.86157882e-01 6.70030594e-01 8.44976068e-01 1.87125087e-01
    4.27041709e-01 2.83418834e-01 2.06380576e-01 7.71811306e-02
    7.76954591e-02 3.25017691e-01 8.94523740e-01 9.59611356e-01
    9.53018427e-01 9.10677493e-01 7.44140446e-02 7.97636867e-01
    5.45714021e-01 9.85219181e-01 1.86264843e-01 5.18503308e-01
    1.97835147e-01 8.86333704e-01 4.57914561e-01 3.41550529e-01
    7.82234609e-01 2.55104303e-01 8.09844494e-01 9.06699836e-01
    5.37842810e-02 2.62933671e-02 4.06075090e-01 1.42303973e-01
    7.17253327e-01 6.43485785e-01 3.75524133e-01 7.04078436e-01
    6.66282773e-02 9.62337136e-01 2.19484091e-01 6.07648909e-01
    7.77431965e-01 7.54387677e-02 6.12800121e-01 9.79783893e-01
    8.85916770e-01 7.30913758e-01 5.21710753e-01 8.39754939e-01
    7.89395571e-02 4.10466611e-01 5.61824501e-01 4.44568217e-01
    8.36086214e-01 9.44741607e-01 6.56766415e-01 5.02941549e-01
    5.08199990e-01 8.11692178e-02 7.66735792e-01 5.11931837e-01
    9.70747948e-01 7.99076438e-01 1.48091644e-01 8.18455696e-01
    7.90938556e-01 9.12997365e-01 3.42471123e-01 2.70259082e-01
    3.04533511e-01 4.54296619e-01 9.18335140e-01 9.65923071e-01
    5.48892915e-01 8.74713540e-01 6.56825900e-02 2.33067662e-01
    2.14330405e-01 8.30584109e-01 6.34514689e-02 5.68636000e-01
    1.22367948e-01 5.88597834e-01 7.99875379e-01 9.77976263e-01
    8.33058119e-01 1.43970400e-01 2.76605964e-01 8.30988109e-01
    9.96625483e-01 3.32694769e-01 1.26910299e-01 2.00918913e-02
    5.19147933e-01 7.30318189e-01 6.74603343e-01 3.70376766e-01
    2.73893893e-01 4.15582836e-01 4.74914283e-01 2.57154584e-01
    5.66223323e-01 5.98805845e-02 2.11916536e-01 8.53893995e-01
    1.14023209e-01 1.01375014e-01 7.83772469e-01 8.09041202e-01
    9.66043890e-01 7.93084860e-01 5.18920302e-01 6.34942412e-01
    9.16418552e-01 1.88092768e-01 6.34155810e-01 2.82642484e-01
    5.95468581e-01 7.22206354e-01 2.59581089e-01 5.01371264e-01
    6.08151078e-01 3.98507059e-01 9.06304359e-01 5.22739828e-01
    7.31885314e-01 1.00865334e-01 2.64272243e-01 8.26733589e-01
    6.72306657e-01 9.65970576e-01 6.80420041e-01 8.46055090e-01
    2.25173235e-01 3.48608345e-01 3.43460560e-01 9.07505393e-01
    5.27063966e-01 3.64465386e-01 9.30572033e-01 9.11163092e-01
    2.57352650e-01 4.75732446e-01 2.76575357e-01 7.35676050e-01
    2.26493716e-01 4.47179675e-02 7.92959332e-01 2.06933022e-02
    1.19397640e-02 8.47651005e-01 7.10705936e-01 3.34315300e-01
    9.44113135e-01 3.33246768e-01 6.58383787e-01 4.56738293e-01
    1.55978560e-01 3.97917509e-01 6.82321012e-01 6.62026405e-02
    9.70031321e-02 6.21657073e-01 7.66454816e-01 2.76476592e-01
    9.78427887e-01 5.81755400e-01 8.67801070e-01 9.53406394e-02
    9.59002256e-01 7.82424212e-01 8.78931582e-01 9.15508091e-01
    7.46698916e-01 5.34862876e-02 5.77100873e-01 1.05385214e-01
    6.72326863e-01 4.45476890e-01 8.02082658e-01 6.29485428e-01
    9.99555707e-01 1.57839745e-01 2.39954829e-01 9.25720572e-01
    6.57101870e-01 6.41184807e-01 8.34978282e-01 9.85400259e-01
    3.87828618e-01 6.33330047e-02 2.97631085e-01 5.21961629e-01
    1.36657506e-01 7.15975881e-01 3.02154005e-01 7.93751895e-01
    8.51926208e-01 6.67838156e-01 6.25467002e-01 8.08152735e-01
    7.98923731e-01 9.90558267e-01 3.73437762e-01 9.40309703e-01
    5.70123196e-02 2.76683569e-02 2.54084527e-01 1.06254756e-01
    4.51957196e-01 2.58376300e-02 6.65184498e-01 8.10687661e-01
    8.67654443e-01 5.40898502e-01 9.52376902e-01 8.64836574e-01
    9.67150092e-01 2.26194561e-02 4.77442771e-01 1.22211874e-02
    8.55392516e-02 8.46228957e-01 5.79550445e-01 5.46005368e-01
    7.93598711e-01 1.68924749e-01 8.61013114e-01 3.96489948e-01
    4.35705900e-01 6.84781909e-01 9.02158618e-02 8.59952092e-01
    1.09967887e-02 2.46098578e-01 8.46240699e-01 2.68977880e-02
    1.95057690e-01 2.75417268e-02 4.13767934e-01 4.88448530e-01
    5.34972191e-01 9.05118108e-01 6.05717182e-01 2.99482822e-01
    1.77421689e-01 1.92336559e-01 1.75142199e-01 2.62153447e-01
    7.80898333e-03 1.62079364e-01 1.71211421e-01 5.77519357e-01
    3.83471072e-01 8.57457280e-01 9.63863313e-01 6.40313745e-01
    7.86224186e-01 2.81383455e-01 9.16342378e-01 4.40359116e-02
    2.40088671e-01 9.61725056e-01 8.85043740e-01 4.07910645e-02
    8.25758576e-02 9.08393860e-02 1.68705702e-01 5.63727558e-01
    4.38660234e-01 3.58823657e-01 2.14414895e-02 3.20513606e-01
    2.03304708e-01 6.72856748e-01 8.97322893e-01 5.33317387e-01
    6.19640291e-01 7.73011386e-01 3.14673156e-01 1.40179753e-01
    5.42732894e-01 5.34699559e-01 6.82517171e-01 8.24523807e-01
    5.86689115e-01 2.14956999e-01 1.21371537e-01 8.83331537e-01
    6.81716561e-01 6.96754098e-01 5.16363382e-02 5.51432490e-01
    4.48641479e-01 8.04932714e-01 2.97987819e-01 6.09732389e-01
    6.75152242e-02 4.17780578e-01 9.34147120e-01 6.99071407e-01
    7.40859151e-01 9.01797116e-01 3.36587250e-01 5.74440956e-01
    9.75343943e-01 5.75096428e-01 3.21534276e-01 2.18260288e-03
    7.62196183e-01 3.14953566e-01 3.19030464e-01 2.42706954e-01
    3.81403506e-01 3.98402452e-01 4.88592982e-02 8.27259898e-01
    9.07452345e-01 9.88514781e-01 7.13154495e-01 1.15209669e-01
    6.04318023e-01 5.58682919e-01 1.16929889e-01 7.92096615e-01
    7.37623751e-01 1.37841940e-01 2.09195733e-01 6.53678834e-01
    8.15461755e-01 4.94749844e-02 7.98348188e-02 7.61558652e-01
    8.28510702e-01 2.26058424e-01 6.04463935e-01 8.32079172e-01
    5.40428221e-01 6.16188228e-01 7.63231695e-01 7.32471466e-01
    5.53856790e-01 9.18036222e-01 2.67004371e-01 6.03808463e-02
    7.02397823e-02 9.40354586e-01 1.45630807e-01 7.91064382e-01
    1.38331264e-01 2.76815683e-01 9.03129876e-01 6.04849219e-01
    6.42419100e-01 9.91023779e-02 5.21165311e-01 4.86215264e-01
    7.11359262e-01 1.95174217e-01 2.58266926e-03 4.12781596e-01
    8.83949995e-01 5.67672670e-01 1.27892017e-01 2.45188117e-01
    1.56463534e-01 1.03793800e-01 9.33711827e-02 7.64658749e-01
    5.96234083e-01 5.12649179e-01 2.46652573e-01 3.03383321e-01
    1.87061191e-01 6.80637836e-01 9.31463718e-01 5.66412389e-01
    7.83611655e-01 5.27296543e-01 8.51807714e-01 6.59310699e-01
    8.00206661e-01 2.63896883e-01 7.56377101e-01 6.00413978e-01
    1.80288404e-01 4.41349953e-01 1.05871290e-01 7.88800955e-01
    2.72238612e-01 5.10838628e-03 5.93868136e-01 5.59891880e-01
    5.23926616e-01 5.78239918e-01 7.50063717e-01 4.92366493e-01
    9.48866487e-01 8.53418171e-01 7.71580935e-01 7.56984651e-01
    8.09680760e-01 3.77292871e-01 2.68062830e-01 5.35952449e-01
    4.06332195e-01 5.60087383e-01 1.80191725e-01 4.84829307e-01
    1.88497961e-01 4.95429724e-01 2.00267762e-01 4.83902752e-01
    7.64140129e-01 6.20687246e-01 4.84241873e-01 7.98484087e-01
    6.16774499e-01 5.50775468e-01 3.14012945e-01 1.76184237e-01
    2.25482255e-01 3.77355158e-01 2.34762102e-01 7.64989138e-01
    3.28134060e-01 1.57358408e-01 9.95063722e-01 6.29977465e-01
    4.69184190e-01 6.58806682e-01 4.37310308e-01 1.78274572e-01
    3.95631641e-01 8.69121373e-01 4.61044788e-01 8.52093816e-01
    8.57976198e-01 5.18700898e-01 9.58488941e-01 4.58273113e-01
    3.06086242e-02 8.73040199e-01 4.83637869e-01 6.97343826e-01
    5.38620949e-01 3.70506942e-02 8.54771137e-01 9.13117886e-01
    7.30505049e-01 4.21346366e-01 3.27506125e-01 2.16290861e-01
    6.23891830e-01 3.98363411e-01 6.18894756e-01 9.62620974e-01
    9.69670773e-01 7.58092105e-01 3.22349906e-01 8.87847066e-01
    4.76722121e-01 3.03867221e-01 4.41003084e-01 5.59816718e-01
    1.14209950e-01 5.32947183e-01 9.56850171e-01 7.55907953e-01
    7.98988819e-01 8.08375478e-01 9.06227112e-01 8.43799114e-01
    5.30861616e-02 1.33057922e-01 4.82898355e-01 2.17500180e-01
    1.89474523e-01 1.77658439e-01 9.35978770e-01 1.87137753e-01
    2.20856577e-01 2.42165387e-01 6.98894024e-01 1.36887729e-01
    7.17309594e-01 6.82153046e-01 2.61066616e-01 9.44393873e-01
    1.78778946e-01 1.19626522e-04 4.35169280e-01 5.03909409e-01
    8.37829113e-02 5.14890015e-01 9.46286678e-01 4.56398427e-01
    7.73342609e-01 6.71876967e-01 2.30151981e-01 3.78262639e-01
    5.39707720e-01 4.01164323e-01 3.80834937e-01 4.05358851e-01
    2.32549310e-01 1.28004402e-01 7.48426318e-01 7.55581260e-03
    7.80786633e-01 1.25235319e-02 5.98150194e-01 7.23170400e-01
    7.51023412e-01 6.87200904e-01 1.34030223e-01 5.19217849e-01
    3.44668329e-01 2.30476528e-01 6.01778626e-01 6.75526619e-01
    6.17708504e-01 3.38124335e-01 3.83073151e-01 8.87102842e-01
    5.46990514e-01 9.30009604e-01 4.11815822e-01 7.81462967e-01
    7.37833619e-01 3.81358862e-02 5.81907272e-01 1.55597568e-01
    3.74110401e-01 4.40854192e-01 4.74788576e-01 3.84947121e-01
    5.07785141e-01 6.62459314e-01 4.70149070e-01 7.08185434e-01
    2.54778743e-01 2.56475627e-01 3.46628428e-02 4.85925257e-01
    6.98655546e-01 6.14947855e-01 8.66984367e-01 2.05358386e-01
    9.94451344e-02 2.82808661e-01 7.01756179e-01 3.46468657e-01
    3.42433691e-01 4.08000112e-01 1.02197051e-01 8.22557211e-01
    3.02758932e-01 1.72350168e-01 7.21624851e-01 7.89931238e-01
    9.03497815e-01 3.54567111e-01 4.12171274e-01 4.81215864e-01
    8.85200262e-01 2.74005830e-01 8.25426280e-01 8.73177767e-01
    7.85878062e-01 8.47521782e-01 6.86594725e-01 8.51004422e-02
    5.72521925e-01 6.86561286e-01 6.13221347e-01 3.95360142e-01
    6.91870391e-01 7.15290904e-01 7.88909316e-01 6.46973848e-01
    5.64850032e-01 7.70220757e-01 4.64938045e-01 9.08216476e-01
    9.69792366e-01 3.02655220e-01 2.09940344e-01 9.27692533e-01
    2.59676874e-02 2.19520479e-01 5.60974956e-01 5.99395812e-01
    9.09525156e-03 9.26077962e-01 4.92562622e-01 1.97470248e-01
    8.40543330e-01 6.52373016e-01 9.87604380e-01 6.66006386e-01
    4.52732563e-01 1.11878186e-01 5.44117332e-01 8.10168684e-01
    3.07387173e-01 7.08896101e-01 7.14248538e-01 4.79127258e-01
    3.96265060e-01 1.84958011e-01 2.69066840e-01 7.66565382e-01
    7.59254813e-01 7.91408718e-01 9.33947384e-01 4.60945904e-01
    8.05207133e-01 3.73364389e-01 1.10272169e-01 6.02596760e-01
    5.46785831e-01 4.06944603e-01 8.00464869e-01 2.52881527e-01
    3.23485613e-01 2.02395350e-01 1.81420833e-01 5.14116108e-01
    3.50066692e-01 8.03975582e-01 4.30389673e-01 4.87141728e-01
    7.86599457e-01 5.37168980e-02 2.95243621e-01 2.40807325e-01
    3.02946568e-03 5.94707549e-01 5.15377522e-01 3.57823610e-01
    1.75393045e-01 4.38514203e-01 9.25454974e-01 5.21251261e-01
    1.54211551e-01 5.71309328e-01 7.80975819e-01 6.42403483e-01
    6.62870109e-02 4.52943504e-01 7.14782476e-01 8.23974133e-01
    8.05090964e-02 9.67742682e-01 8.59100997e-01 9.59869027e-02
    6.67976856e-01 9.50048268e-01 8.01514387e-01 6.65676951e-01
    3.28428745e-02 3.92234683e-01 9.84267592e-01 7.55610287e-01
    4.47804630e-02 1.33175045e-01 8.07958841e-01 7.40117967e-01
    9.77731645e-01 3.92349660e-01 3.19210559e-01 4.86447364e-01
    4.75275487e-01 9.03484285e-01 6.93702221e-01 6.70423746e-01
    9.96754527e-01 1.48892671e-01 3.92926693e-01 4.89635825e-01
    5.02192318e-01 4.68516886e-01 7.91484118e-02 9.62435722e-01
    7.09005713e-01 8.78025532e-01 3.67287099e-01 1.02651089e-01
    2.18070418e-01 6.58789158e-01 7.29716003e-01 1.47803128e-02
    7.94485450e-01 4.21610951e-01 7.79871106e-01 6.87619984e-01
    4.09639090e-01 4.38344091e-01 2.84144282e-03 8.37527752e-01
    3.86252820e-01 4.70637053e-01 9.13976312e-01 9.07145262e-01
    4.12487328e-01 8.82495701e-01 3.13047856e-01 2.20352679e-01
    7.95923471e-02 3.07533681e-01 4.01470929e-01 9.27153885e-01
    6.95799530e-01 9.56673622e-01 2.95939326e-01 8.25803041e-01
    4.57008719e-01 7.31674314e-01 9.11892116e-01 2.20662624e-01
    2.67359436e-01 6.20776415e-02 8.25523913e-01 9.11491156e-01
    6.75066292e-01 8.77535820e-01 6.91998899e-02 8.92721593e-01
    4.92512703e-01 4.91801262e-01 1.77363873e-01 5.04173994e-01
    1.35261804e-01 2.31015384e-02 9.07372117e-01 2.36587733e-01
    5.96091270e-01 4.36242759e-01 2.33148336e-02 6.77569032e-01
    3.06836009e-01 2.51738429e-01 8.52137208e-01 8.77777040e-02
    7.22057521e-02 1.78433925e-01 1.05644524e-01 7.94633746e-01
    9.79731083e-02 4.23950344e-01 2.89198995e-01 9.08959568e-01
    4.14604068e-01 8.36488247e-01 7.40639985e-01 3.15039992e-01
    8.40135455e-01 5.26062310e-01 9.03335094e-01 2.26643950e-01
    1.15923733e-01 1.98440522e-01 8.31368268e-02 5.46903193e-01
    8.94974828e-01 2.56466269e-01 2.66684830e-01 4.62195486e-01
    1.65316164e-01 3.43947828e-01 9.58256483e-01 6.56387687e-01
    5.64531565e-01 7.97735989e-01 7.30821729e-01 6.21996403e-01
    6.02475643e-01 2.14553773e-01 7.24354744e-01 7.16351509e-01
    6.65713847e-02 9.98691797e-01 4.97824609e-01 4.18352962e-01
    7.07571447e-01 2.00499922e-01 5.64537525e-01 9.30446684e-01
    5.11728108e-01 6.06418610e-01 1.88157350e-01 7.95221210e-01
    1.15620494e-01 9.99636531e-01 7.14698136e-01 9.29847717e-01
    9.89176154e-01 1.87187731e-01 2.22985685e-01 8.14072013e-01
    8.44505191e-01 8.47885132e-01 3.25016856e-01 6.01550817e-01
    5.13207376e-01 4.37045634e-01 3.04969788e-01 9.31635141e-01
    3.44286084e-01 7.69371569e-01 7.33353794e-02 5.50296307e-02
    8.86304617e-01 1.48421109e-01 2.07049906e-01 6.35133684e-02
    4.35520083e-01 5.72534442e-01 4.49374735e-01 1.05287433e-01
    3.51853848e-01 7.42239833e-01 7.78359950e-01 4.65408862e-02
    1.71653032e-02 3.38198155e-01 7.92577386e-01 8.02073359e-01
    1.33063108e-01 6.61991358e-01 5.52525997e-01 7.55975604e-01
    9.81632113e-01 1.55227035e-01 6.75536633e-01 1.75322533e-01
    4.19105291e-02 4.55243975e-01 4.61058676e-01 3.25739354e-01
    2.96155125e-01 6.38808072e-01 2.67886817e-01 7.63497114e-01
    9.46677804e-01 6.07070923e-01 7.60075271e-01 1.31750792e-01
    8.90745521e-01 5.81923723e-01 1.08043224e-01 7.66541064e-01
    6.10564053e-01 3.53972256e-01 8.84403288e-02 5.17699063e-01
    6.22070849e-01 7.90365934e-02 4.52341288e-01 3.52530479e-01
    3.45269501e-01 5.63939571e-01 9.16782737e-01 7.78278589e-01
    4.73942608e-01 6.36565328e-01 7.48998642e-01 3.07096958e-01
    3.04596186e-01 2.70599961e-01 6.22767091e-01 6.62127316e-01
    6.04352176e-01 2.39104331e-02 7.90949702e-01 3.82072747e-01
    9.98363197e-02 2.43970007e-01 8.91136527e-01 9.51711178e-01
    7.02597797e-01 5.99860609e-01 9.67284203e-01 3.22625041e-02
    7.85435677e-01 1.84583664e-03 8.50314200e-01 2.44577914e-01
    2.13147223e-01 9.10778940e-01 2.34174699e-01 5.28326273e-01
    3.41423601e-01 3.95377547e-01 6.38105154e-01 8.95325541e-02
    2.10791230e-01 6.79599047e-01 1.17748260e-01 5.85434258e-01
    3.40841889e-01 9.80371654e-01 1.35637820e-01 5.62041044e-01
    9.11939979e-01 7.00589597e-01 1.32306993e-01 8.73610377e-01
    3.55063111e-01 4.63185728e-01 1.67230725e-01 6.63358331e-01
    7.97230721e-01 7.27943599e-01 2.49295801e-01 6.18955135e-01
    7.95983493e-01 5.51635921e-01 1.55348867e-01 6.35657847e-01
    1.71253920e-01 8.52310419e-01 4.64256406e-01 9.85754371e-01
    8.17235112e-02 6.80129528e-01 7.11320639e-02 6.65006042e-03
    6.46950305e-02 7.36430109e-01 8.97419214e-01 1.14928097e-01
    8.56883645e-01 3.60917568e-01 9.16213691e-02 8.63024831e-01
    3.91493648e-01 6.22264326e-01 5.01344264e-01 3.68171185e-01
    8.85798991e-01 8.23887885e-02 6.19707227e-01 9.12258267e-01
    3.33761394e-01 5.41623354e-01 3.13043714e-01 8.61618876e-01
    4.27369058e-01 5.73317289e-01 6.96407914e-01 2.47881204e-01
    7.87371755e-01 2.82846451e-01 8.95489335e-01 1.75727636e-01
    1.94539040e-01 7.28767753e-01 1.45972818e-01 7.68475652e-01
    7.97670484e-01 8.08060646e-01 9.64001238e-01 4.54658270e-03
    3.41606855e-01 1.19312823e-01 4.30458188e-01 5.35969496e-01
    4.70346302e-01 6.05527699e-01 1.94595933e-01 9.21517909e-02
    7.13706911e-01 6.51802003e-01 7.48467445e-01 2.14843184e-01
    9.61092591e-01 8.59380960e-01 5.74589014e-01 1.36694312e-01
    5.73563397e-01 3.23202431e-01 4.48338926e-01 9.22502637e-01
    7.40306616e-01 4.87315238e-01 9.24417734e-01 8.05515409e-01
    7.35174775e-01 7.77998090e-01 9.24795628e-01 1.14860624e-01
    6.24224305e-01 6.82100534e-01 1.85578138e-01 2.64253080e-01
    4.83577698e-01 9.96361613e-01 5.46459615e-01 7.69940019e-01
    1.96095437e-01 4.03804332e-01 6.35014415e-01 6.09982014e-02
    2.36469179e-01 4.70099121e-01 5.59871435e-01 2.04192787e-01
    5.82355499e-01 4.60724473e-01 5.22300482e-01 1.69971287e-01
    7.55413771e-02 3.98818970e-01 8.05119216e-01 7.60679543e-01
    5.73231399e-01 1.32023662e-01 4.55738753e-01 8.57369304e-01
    3.84644389e-01 7.78349638e-01 8.30493391e-01 9.38664496e-01
    9.26254213e-01 3.83509248e-01 1.79620773e-01 3.84496421e-01
    8.05190206e-01 4.03378755e-01 9.91759300e-01 6.56569600e-01
    6.83724225e-01 2.51438677e-01 4.68482673e-01 1.96598053e-01
    3.72796029e-01 2.68955559e-01 7.92042315e-01 4.07769859e-01
    2.82468319e-01 8.43276501e-01 3.56356949e-01 1.24062896e-02
    7.53928661e-01 1.82512760e-01 8.65760565e-01 6.23735666e-01
    6.63208365e-01 6.27874374e-01 2.89690912e-01 3.46228153e-01
    7.05394447e-01 9.72172081e-01 8.28436792e-01 2.48054028e-01
    9.35514569e-01 4.57022339e-01 9.29270148e-01 8.37878287e-02
    6.58275127e-01 9.19825315e-01 8.96205783e-01 2.19093323e-01
    7.00271785e-01 6.87007427e-01 5.16519725e-01 8.78003776e-01
    3.79522681e-01 2.05150396e-01 7.61965334e-01 9.59696591e-01
    9.29858625e-01 4.48951453e-01 3.26718152e-01 2.98415780e-01
    3.72947782e-01 7.40973949e-02 4.49513584e-01 9.92418408e-01
    8.63762379e-01 8.21360588e-01 9.08642530e-01 9.50118065e-01
    1.90283448e-01 2.87836015e-01 9.11587000e-01 1.51700556e-01
    1.22752786e-03 3.11309695e-01 6.53857708e-01 2.18581408e-01
    3.93867642e-01 9.84638929e-02 5.43402493e-01 8.44171047e-01
    4.52741921e-01 4.32507962e-01 7.18203545e-01 3.65071177e-01
    7.68124640e-01 6.53844237e-01 6.73893213e-01 6.04532599e-01
    8.41051817e-01 3.01688910e-03 1.13156021e-01 1.75107867e-01
    1.91520751e-02 8.77205372e-01 2.30698436e-01 8.92248034e-01
    8.86581182e-01 6.05066895e-01 3.33949834e-01 5.60974717e-01
    5.40914595e-01 4.47759598e-01 9.32165265e-01 2.29082465e-01
    2.44430125e-01 5.24136186e-01 6.09129965e-01 6.20287538e-01
    5.58572888e-01 2.99917519e-01 4.91432011e-01 7.44057059e-01
    6.26049399e-01 1.35332555e-01 2.01130629e-01 6.49904251e-01
    8.48411977e-01 8.98969531e-01 9.55780149e-02 8.34410071e-01
    8.90098691e-01 9.58062053e-01 7.09243894e-01 9.99733388e-01
    9.22295749e-01 8.04543853e-01 7.13606536e-01 6.48402929e-01
    6.59513474e-03 4.25557584e-01 5.66340685e-01 6.67849541e-01
    5.78509331e-01 8.50760102e-01 5.29538810e-01 1.13902926e-01
    5.74262321e-01 8.68348479e-01 8.77432883e-01 9.90977287e-02
    5.26055396e-01 2.51918077e-01 5.88348329e-01 6.03863597e-01
    6.45841956e-02 1.72584653e-02 2.91464627e-02 7.50783682e-01
    2.32175291e-02 3.13903451e-01 5.72095811e-02 3.54059458e-01
    3.14719439e-01 9.39941168e-01 7.24787831e-01 5.76018393e-01
    4.55473602e-01 9.37022150e-01 5.99775851e-01 9.96798277e-02
    8.82381439e-01 6.24205828e-01 6.10277057e-01 7.57108569e-01
    8.19666028e-01 1.57775104e-01 9.32938933e-01 9.51856494e-01
    8.34011376e-01 3.36074948e-01 6.15233243e-01 2.60609150e-01
    6.32516503e-01 4.43295658e-01 5.70228338e-01 2.57380486e-01
    2.31551081e-01 4.61930901e-01 7.69871414e-01 5.42766094e-01
    2.11366832e-01 2.10650682e-01 3.09294999e-01 8.62969935e-01
    6.98699951e-02 7.90744066e-01 1.35619938e-01 5.52243650e-01
    7.95061350e-01 4.89175320e-04 3.35660934e-01 2.73964733e-01
    8.71064425e-01 8.99562240e-01 3.28939557e-01 5.12217343e-01
    2.43557900e-01 5.92555761e-01 2.38958538e-01 9.62037861e-01
    3.76043618e-01 7.42189169e-01 8.53071332e-01 9.98123169e-01
    4.35562372e-01 6.09474838e-01 9.66086268e-01 5.26229501e-01
    5.89020312e-01 2.76072621e-01 8.46073031e-01 2.43037701e-01
    9.40375328e-02 9.07889009e-01 1.88311934e-02 5.76845527e-01
    8.19300532e-01 8.18728924e-01 5.22884011e-01 4.80240375e-01
    4.46086079e-01 3.53218079e-01 6.52866960e-01 9.00580347e-01
    7.32993126e-01 9.41696525e-01 5.82508862e-01 6.25530362e-01
    7.13499963e-01 6.35999799e-01 5.82915723e-01 6.32003903e-01
    3.57139856e-01 2.20561236e-01 7.06776619e-01 2.26756901e-01
    6.81150913e-01 6.25383317e-01 9.28414762e-02 1.64305270e-02
    8.82130146e-01 6.38268948e-01 6.68333173e-02 2.36312866e-01
    4.64176685e-01 7.31576145e-01 6.60557508e-01 3.54839891e-01
    1.57683134e-01 3.05259407e-01 4.38148856e-01 3.86363477e-01
    3.56665254e-03 1.24867260e-01 8.51672590e-01 4.31798875e-01
    7.47122109e-01 3.67037535e-01 8.33098471e-01 4.82254803e-01
    5.33801198e-01 4.78890330e-01 1.12672836e-01 2.45215535e-01
    7.68780231e-01 9.70916867e-01 9.69929099e-01 3.99532020e-01
    7.27926493e-02 7.06746995e-01 5.67490757e-02 5.86956263e-01
    4.16919887e-01 7.50937104e-01 4.61218059e-01 1.09855235e-02
    9.69248831e-01 7.67174244e-01 2.10158706e-01 1.16212487e-01
    8.20881128e-03 9.86289382e-01 1.71277553e-01 9.74016666e-01
    3.32387328e-01 7.63626695e-02 3.05967331e-02 3.48434508e-01
    4.68466640e-01 8.97568047e-01 6.09872341e-01 7.53521740e-01
    3.90393347e-01 7.58684635e-01 2.63484478e-01 1.14060342e-01
    8.78254831e-01 4.47126478e-01 5.33785641e-01 7.92318106e-01
    6.40261292e-01 1.85752541e-01 2.31287152e-01 1.18145227e-01
    9.89797115e-01 7.65570998e-01 4.20910835e-01 5.96547067e-01
    2.38844454e-02 6.14968300e-01 3.84080827e-01 6.20030880e-01
    3.68673295e-01 8.25126410e-01 6.89020574e-01 2.80674726e-01
    6.14666581e-01 4.27730381e-02 7.86377251e-01 9.45167363e-01
    8.27544808e-01 1.19047672e-01 1.57107830e-01 9.20261264e-01
    5.45687377e-01 7.28206038e-01 7.25511253e-01 3.09907198e-01
    1.17166728e-01 8.03531706e-01 1.91500783e-02 6.16459370e-01
    1.92110419e-01 7.62348235e-01 4.40222949e-01 4.09178555e-01
    8.00035000e-02 1.66870058e-01 6.37446940e-02 3.21815699e-01
    6.31725907e-01 3.90840858e-01 8.11412692e-01 3.47963721e-01
    4.26963717e-01 5.10189831e-01 9.26544487e-01 8.95043552e-01
    5.39767325e-01 3.55847895e-01 8.03608894e-01 6.60111248e-01
    2.73866743e-01 5.78034878e-01 4.79850173e-02 5.86718619e-01
    3.28552336e-01 3.81968021e-02 8.74569893e-01 8.14065337e-02
    5.06964624e-02 3.83163005e-01 7.82685041e-01 8.36523175e-01
    6.72598779e-01 6.68431759e-01 4.71895039e-01 4.98748124e-01
    7.23481655e-01 2.58763373e-01 3.65811378e-01 4.49803591e-01
    6.64150596e-01 5.66896141e-01 3.27893466e-01 9.94346499e-01
    9.15774405e-02 4.75600779e-01 6.10691965e-01 5.20944715e-01
    2.34274834e-01 2.49775171e-01 3.51094604e-01 1.96460098e-01
    8.70880485e-02 2.81528890e-01 3.65548313e-01 4.84996974e-01
    7.88827181e-01 1.07554168e-01 3.67763758e-01 1.52269542e-01
    4.43990469e-01 4.03996706e-01 6.26754463e-01 8.48517418e-01
    1.91866040e-01 1.39460504e-01 6.33747935e-01 5.77318966e-02
    6.68131173e-01 1.71517372e-01 5.48206568e-02 7.25084543e-01
    4.17022347e-01 7.89028764e-01 3.79732311e-01 1.27232581e-01
    7.75576472e-01 4.87948656e-01 5.60090661e-01 9.42640901e-02
    7.56161213e-01 7.96434462e-01 2.74504900e-01 7.83648431e-01
    5.92533827e-01 2.46382803e-01 6.58870757e-01 7.28369653e-01
    9.64473248e-01 2.89040267e-01 7.26642668e-01 9.54462409e-01
    8.58879089e-03 7.33720303e-01 6.52767420e-02 6.70272589e-01
    8.81117463e-01 5.86402535e-01 6.62692666e-01 3.73402327e-01
    5.71298718e-01 8.61950636e-01 8.82002711e-01 8.05553675e-01
    9.04037476e-01 2.74592876e-01 6.85365856e-01 5.40142000e-01
    8.67878795e-01 2.93921173e-01 2.95127332e-01 3.64830077e-01
    4.04767275e-01 7.06121564e-01 8.92360091e-01 6.61911070e-01
    7.35324979e-01 4.20892715e-01 7.49549210e-01 6.20707750e-01
    3.42037618e-01 3.99499923e-01 5.83550930e-01 3.43441218e-01
    4.22124773e-01 2.76006311e-01 7.37846375e-01 7.77043104e-01
    5.27405441e-01 4.96263385e-01 6.87389851e-01 8.60635996e-01
    9.98470008e-01 5.62363148e-01 7.70898461e-02 5.18720150e-01
    8.16264093e-01 7.50695109e-01 7.27059484e-01 8.41764212e-01
    4.01434898e-02 1.80717945e-01 3.23132455e-01 4.37721729e-01
    8.83475304e-01 3.26396823e-02 1.55382156e-01 8.45046639e-01
    3.37534130e-01 3.01673144e-01 4.78026092e-01 9.53350425e-01
    5.42771935e-01 2.06411183e-02 7.18635678e-01 6.52114391e-01
    7.22084165e-01 4.82736349e-01 9.70274210e-03 3.13253641e-01
    6.24480128e-01 8.39266300e-01 4.32211936e-01 8.46815228e-01
    8.42028975e-01 1.88680887e-02 9.30532336e-01 6.71791792e-01
    4.32618082e-01 5.34212351e-01 8.05493116e-01 5.75506628e-01
    5.39601207e-01 8.16193581e-01 7.66091824e-01 6.45565987e-03
    5.38405836e-01 5.46110868e-01 8.60404849e-01 5.92184067e-01
    4.36774611e-01 2.18277961e-01 3.54598373e-01 4.94039714e-01
    9.69929218e-01 3.16517413e-01 5.70580006e-01 4.55980211e-01
    7.23371327e-01 3.81015927e-01 6.61804497e-01 5.81016183e-01
    8.83103192e-01 4.30349648e-01 8.40893030e-01 1.51241899e-01
    6.73694015e-02 5.40735424e-01 8.80553246e-01 6.14801645e-02
    9.72390175e-01 7.05400705e-01 8.78718078e-01 1.63426250e-01
    8.42339396e-01 3.41086656e-01 6.85512006e-01 4.89069015e-01
    2.46389359e-01 7.66138315e-01 3.73800725e-01 6.63873434e-01
    9.71481204e-02 6.80669963e-01 6.65408015e-01 2.67140925e-01
    4.12158936e-01 3.24573755e-01 6.97016418e-01 2.91630268e-01
    4.02240157e-02 4.92660135e-01 5.40630460e-01 3.46793175e-01
    1.22015059e-01 2.16959149e-01 1.17930174e-01 7.14269578e-02
    2.44115591e-01 8.49361181e-01 7.69308567e-01 2.37006843e-01
    6.16991580e-01 8.71097326e-01 1.78012878e-01 5.57267904e-01
    2.05543935e-02 5.90601623e-01 1.07520968e-01 3.20808232e-01
    7.44551122e-01 4.62477297e-01 6.07151508e-01 2.32145250e-01
    1.10444993e-01 3.06072921e-01 4.65996206e-01 9.48829770e-01
    9.99023676e-01 6.23473227e-01 9.84785378e-01 5.58122516e-01
    4.47425127e-01 3.92453253e-01 6.88820302e-01 3.32376897e-01
    5.02555728e-01 9.00261998e-01 9.94945168e-02 8.56456399e-01
    5.73451638e-01 9.42885518e-01 8.03077698e-01 6.03528261e-01
    5.50767124e-01 1.21665090e-01 7.53611326e-01 6.58988357e-02
    1.55908316e-01 4.87670630e-01 5.15526533e-03 6.05315566e-01
    4.89806145e-01 8.75278950e-01 1.84106112e-01 8.25261474e-02
    5.97155690e-02 9.16075349e-01 5.89115143e-01 9.57675338e-01
    4.73833263e-01 9.12329793e-01 6.17085278e-01 8.83443236e-01
    4.43999112e-01 8.03101122e-01 6.99710727e-01 6.08348966e-01
    5.16861022e-01 6.80615425e-01 5.11195540e-01 3.76505971e-01
    5.51427364e-01 8.94940853e-01 2.14867592e-01 3.76232803e-01
    7.01824844e-01 8.28063011e-01 4.18356359e-02 6.98029041e-01
    3.35962027e-01 6.98588371e-01 3.00269216e-01 4.42693830e-02
    8.73652995e-02 9.88910377e-01 4.84042019e-01 7.23457456e-01
    2.31025964e-01 1.50748372e-01 4.29317832e-01 8.42482328e-01
    2.92398274e-01 5.09372592e-01 1.90530032e-01 8.40792537e-01
    7.04316735e-01 8.38141561e-01 9.65663910e-01 5.83242714e-01
    1.28829062e-01 2.82586604e-01 4.30698484e-01 3.07396293e-01
    7.70235240e-01 1.06067538e-01 4.08311129e-01 2.64483094e-02
    2.78512061e-01 2.40299225e-01 1.57139331e-01 2.92077541e-01
    4.83128607e-01 5.35242140e-01 6.04343295e-01 1.90760136e-01
    4.78080601e-01 9.46759224e-01 9.47682977e-01 8.67621601e-02
    2.89080024e-01 9.98408556e-01 8.51197839e-01 4.12834167e-01
    3.99946153e-01 6.21331394e-01 7.85966516e-01 1.87890232e-02
    9.44990993e-01 3.28590214e-01 7.10296392e-01 7.79513001e-01
    7.52606332e-01 2.01910436e-02 4.09765840e-01 2.93472350e-01
    9.91815805e-01 4.61863995e-01 8.46783519e-02 7.58332014e-01
    1.64994717e-01 3.86378884e-01 8.34748685e-01 4.50509101e-01
    1.68282121e-01 9.76038337e-01 2.33334899e-01 5.98045170e-01
    9.02278185e-01 3.46570492e-01 2.38860786e-01 6.22410059e-01
    1.71434939e-01 8.46028805e-01 6.31331205e-01 7.16006637e-01
    4.25904989e-03 4.42785919e-01 1.10214919e-01 9.36862230e-01
    9.08562064e-01 5.82770288e-01 6.78293586e-01 6.97646439e-02
    7.87518024e-01 3.21994722e-02 9.51893985e-01 1.54975295e-01
    4.63833153e-01 7.93458819e-01 6.56221747e-01 4.68178451e-01
    5.99392831e-01 2.04414219e-01 2.28863537e-01 6.32770479e-01
    6.38969004e-01 2.19233364e-01 7.74733722e-01 8.39957297e-01
    2.16373414e-01 8.72673750e-01 1.47518545e-01 5.01185358e-01
    4.92137790e-01 2.23310620e-01 3.23940217e-01 9.59624767e-01
    7.50108898e-01 9.10159826e-01 1.53301597e-01 4.03367817e-01
    6.20604634e-01 1.66559041e-01 4.04900372e-01 7.50858366e-01
    1.50754839e-01 8.59112620e-01 1.04186982e-01 3.12213153e-01
    6.62327409e-02 4.77118820e-01 4.72268820e-01 2.55951047e-01
    9.22177672e-01 9.74862814e-01 5.15557468e-01 3.65513265e-02
    5.79696357e-01 5.03460050e-01 1.08137816e-01 7.90280938e-01
    3.42707396e-01 9.61508393e-01 9.08216596e-01 6.98262274e-01
    2.67654359e-01 2.20344931e-01 4.23636615e-01 4.42621410e-01
    9.75772023e-01 9.25161123e-01 5.64407051e-01 5.38383007e-01
    8.29836965e-01 9.21985090e-01 3.05073321e-01 4.60764855e-01
    3.07272017e-01 7.24065542e-01 9.14162159e-01 7.59221137e-01
    4.62356865e-01 2.74309695e-01 6.88987672e-02 7.56987333e-02
    7.94885516e-01 9.80590522e-01 4.17973936e-01 1.11315578e-01
    4.57316220e-01 9.48319316e-01 7.50459433e-02 3.32327187e-01
    5.52901208e-01 9.86421883e-01 3.31308842e-02 1.91696435e-01
    5.17625451e-01 8.39886308e-01 8.25270534e-01 1.60939187e-01
    5.28520226e-01 8.86117399e-01 3.98521006e-01 3.59680951e-01
    4.37495738e-01 8.83761168e-01 2.70238221e-02 9.75175261e-01
    6.87599361e-01 8.34190965e-01 3.84792745e-01 1.96047902e-01
    4.42893028e-01 3.63451242e-01 2.47466236e-01 8.48699629e-01
    3.00206840e-01 7.68409848e-01 7.11814523e-01 6.76890373e-01
    8.64136815e-01 9.22518671e-02 8.62002373e-04 1.49317056e-01
    4.64064419e-01 4.94572788e-01 1.05800480e-01 3.82884264e-01
    2.34445930e-03 2.52203882e-01 6.49805307e-01 4.51739103e-01
    3.54377210e-01 3.16650450e-01 7.79367030e-01 5.31409264e-01
    1.05832219e-01 1.78069144e-01 5.83212435e-01 6.42995477e-01
    7.18968034e-01 3.54487479e-01 9.76749420e-01 6.14360690e-01
    2.23733157e-01 3.49337846e-01 8.99708331e-01 8.27254653e-01
    6.10187531e-01 7.82929659e-02 6.53702855e-01 4.72656608e-01
    9.81703937e-01 3.35988164e-01 1.86392635e-01 8.75111461e-01
    2.12777764e-01 7.59461820e-02 7.13674784e-01 9.07804370e-01
    9.62090075e-01 8.35069060e-01 1.90310687e-01 1.80994451e-01
    4.43972230e-01 6.33781552e-01 1.50297880e-01 5.42673707e-01
    8.56480122e-01 6.21228516e-02 9.61573243e-01 6.97889209e-01
    2.86031187e-01 1.62940323e-02 7.50601232e-01 3.03932428e-01
    1.92077219e-01 2.69438505e-01 6.24722779e-01 6.72792792e-01
    3.22354853e-01 6.59838736e-01 9.03917849e-02 2.49481320e-01
    9.43712473e-01 9.43918943e-01 6.49833381e-01 7.12827682e-01
    1.99705631e-01 5.92179179e-01 4.63528812e-01 6.73920572e-01
    7.38884866e-01 3.95544648e-01 9.41790462e-01 1.50266528e-01
    6.30090237e-01 6.65659547e-01 1.95339322e-02 6.63732529e-01
    6.90685928e-01 2.96435624e-01 6.75915718e-01 6.54544950e-01
    9.44601953e-01 5.85217237e-01 5.78684568e-01 6.68665051e-01
    2.01163113e-01 4.44903225e-01 1.81009650e-01 2.83027589e-01
    7.81653047e-01 6.46470368e-01 6.56079650e-02 1.09865069e-02
    9.14031029e-01 7.93723762e-01 5.15164196e-01 2.83794284e-01
    8.05438042e-01 2.69131094e-01 1.64610058e-01 7.82031417e-01
    8.48781943e-01 8.53226244e-01 9.63912785e-01 2.70131737e-01
    3.23105097e-01 9.94211674e-01 2.50102073e-01 6.24549150e-01
    1.07562482e-01 6.89455509e-01 1.45631343e-01 2.02170551e-01
    8.96281004e-01 3.89640003e-01 6.91834211e-01 7.45972395e-01
    7.50706196e-01 4.05917406e-01 8.65739346e-01 4.19126213e-01
    2.75856972e-01 8.14937830e-01 9.34617639e-01 9.50349629e-01
    9.50789332e-01 3.68854940e-01 3.88892263e-01 4.90887076e-01
    9.20237541e-01 7.14923024e-01 4.29783970e-01 5.10997117e-01
    5.82457244e-01 9.94620383e-01 3.86747599e-01 5.66501856e-01
    7.26077259e-01 8.65436077e-01 3.10534865e-01 8.70933473e-01
    9.43575084e-01 3.31244409e-01 9.50407267e-01 5.59431434e-01
    8.96867216e-02 8.66905034e-01 1.91687912e-01 7.05325246e-01
    1.08012378e-01 2.66110957e-01 6.52171612e-01 7.74722457e-01
    4.28156614e-01 7.28741050e-01 5.38342834e-01 8.92803371e-01
    8.45162511e-01 5.74368179e-01 8.97920728e-01 1.26265883e-01
    4.20192778e-02 7.08691776e-01 7.26990461e-01 8.34890962e-01
    6.59775019e-01 8.94358873e-01 3.77944261e-01 3.90562117e-01
    1.26552403e-01 3.32187533e-01 5.57264030e-01 5.28643668e-01
    2.60355771e-02 4.01038319e-01 8.70446682e-01 8.40243518e-01
    6.42013967e-01 3.85360420e-01 8.95224690e-01 2.76487947e-01
    9.67880845e-01 1.50206238e-01 2.35253513e-01 4.68284935e-01
    3.55747968e-01 6.56183839e-01 5.99250495e-01 1.96915507e-01
    1.51469588e-01 2.02347875e-01 2.52168119e-01 3.10387373e-01
    4.54613537e-01 2.89538503e-01 1.43831849e-01 9.21260118e-01
    6.56577587e-01 4.28360581e-01 4.32507873e-01 8.07009935e-01
    8.55829060e-01 2.76502550e-01 1.99218571e-01 1.08016342e-01
    5.73503792e-01 8.20995867e-02 6.34077609e-01 8.05489421e-02
    5.50446808e-01 4.53326106e-02 3.50951225e-01 4.93483543e-02
    1.36395007e-01 5.93424082e-01 4.54163969e-01 6.07867002e-01
    7.80264556e-01 4.60031331e-01 2.54163504e-01 6.31719708e-01
    3.02443564e-01 9.04446840e-02 4.59928215e-02 5.92135370e-01
    1.10837728e-01 1.22947931e-01 6.78101420e-01 1.02525920e-01
    6.39891863e-01 4.95871872e-01 8.87774348e-01 3.85901749e-01
    7.29763746e-01 5.64923644e-01 2.47624755e-01 9.45158184e-01
    8.40831757e-01 3.56821209e-01 3.32571924e-01 4.63855296e-01
    5.25627494e-01 7.45414078e-01 5.16744792e-01 1.62871242e-01
    5.83906710e-01 3.38562995e-01 3.25830519e-01 7.36415088e-01
    9.64839220e-01 7.70359755e-01 8.69244397e-01 1.85906619e-01
    3.31144571e-01 1.75204724e-01 1.35035276e-01 4.09543157e-01
    1.70988411e-01 5.55590153e-01 6.71417415e-01 5.61413288e-01
    9.89101768e-01 8.21584105e-01 3.09218407e-01 9.49242473e-01
    3.86913955e-01 4.35209095e-01 3.39673489e-01 8.54850709e-01
    5.93628585e-02 2.49977082e-01 4.60781127e-01 2.15397000e-01
    9.70550597e-01 8.31513703e-02 1.35870308e-01 5.37062883e-01
    5.82621574e-01 7.56301284e-01 1.05380327e-01 8.82514417e-02
    9.96864736e-02 1.77333564e-01 6.83218241e-03 7.54937351e-01
    2.12917387e-01 6.68963492e-02 5.13344228e-01 9.98296499e-01
    7.20744848e-01 3.77775609e-01 8.35265577e-01 3.67601514e-01
    3.30132127e-01 2.30614185e-01 6.14384413e-01 9.21163559e-01
    5.36589921e-01 6.27674580e-01 5.24831772e-01 3.50362659e-01
    1.46747917e-01 4.37538654e-01 7.33152926e-02 7.46617317e-01
    1.16856128e-01 5.94144881e-01 2.04593807e-01 3.49053741e-01
    7.94544220e-01 3.08217376e-01 6.12265587e-01 3.78009677e-01
    9.24027324e-01 8.27761590e-01 6.37141943e-01 4.81775612e-01
    5.74318469e-02 1.67541862e-01 8.29048634e-01 4.19195592e-02
    3.57059956e-01 7.64171958e-01 5.96938550e-01 1.39640212e-01
    5.86477339e-01 9.01217222e-01 7.48965263e-01 6.93641663e-01
    5.87873578e-01 6.14389241e-01 4.47408855e-01 6.99446321e-01
    7.68002629e-01 4.63838607e-01 2.55088091e-01 4.84982461e-01
    8.84104967e-02 7.17788577e-01 3.87316257e-01 4.21818972e-01
    1.22244060e-02 7.04428136e-01 7.49784470e-01 9.46856916e-01
    3.90374959e-02 2.97074318e-02 5.30669153e-01 5.38905799e-01
    8.15495431e-01 9.27835345e-01 4.20441896e-01 8.14010382e-01
    9.99560654e-02 7.15894401e-02 2.28106350e-01 2.95207024e-01
    1.97434127e-01 6.31505311e-01 8.56634617e-01 1.26708210e-01
    7.83268809e-01 2.66811788e-01 6.81271255e-02 4.52736914e-01
    1.83307797e-01 6.77157819e-01 9.62109447e-01 4.74026173e-01
    5.33032715e-01 1.12372339e-02 7.05611467e-01 2.67855823e-01
    4.66035753e-01 4.09644604e-01 1.26929432e-01 5.15340030e-01
    1.29736811e-01 2.67318547e-01 1.16898537e-01 9.66515422e-01
    4.40264821e-01 3.07389408e-01 6.97281420e-01 6.13174021e-01
    3.83453369e-01 5.66672444e-01 5.24384737e-01 4.92884904e-01
    9.40436363e-01 4.54526514e-01 6.38851762e-01 6.76311433e-01
    5.97706795e-01 8.28525603e-01 6.35299206e-01 5.61672330e-01
    1.23061836e-02 8.87838483e-01 8.24448049e-01 7.75717139e-01
    9.03443456e-01 7.70655811e-01 4.52263117e-01 6.83636546e-01
    9.77160096e-01 5.95309198e-01 3.03351611e-01 4.05641228e-01
    6.70464337e-01 4.22572345e-01 2.53161311e-01 2.14080036e-01
    3.62117618e-01 9.87599075e-01 7.12427974e-01 7.80169129e-01
    5.13275504e-01 2.30390579e-01 5.68840384e-01 8.06873202e-01
    3.76584828e-01 1.16025537e-01 1.01927817e-02 1.26401842e-01
    6.96892560e-01 3.19173932e-02 5.88985860e-01 6.19825840e-01
    8.64851713e-01 1.45325989e-01 1.63223118e-01 8.38522077e-01
    1.49724483e-01 4.16710496e-01 6.73064351e-01 4.25521970e-01
    6.00435197e-01 9.63331759e-02 3.01486403e-01 3.16073656e-01
    9.56312597e-01 9.43505883e-01 1.82927698e-01 6.91670954e-01
    8.13098609e-01 8.72271001e-01 4.14483219e-01 2.05800951e-01
    6.38952851e-03 1.57576650e-01 5.60523450e-01 4.19572949e-01
    6.27691329e-01 1.72722012e-01 8.43601227e-02 1.50302559e-01
    8.39888692e-01 6.14196539e-01 9.44009900e-01 3.61846030e-01
    1.50953412e-01 7.41219044e-01 5.86085379e-01 9.60440218e-01
    5.75366914e-01 1.19447261e-01 8.86542499e-01 6.17626667e-01
    3.06582928e-01 7.70073056e-01 2.22087562e-01 2.56364107e-01
    6.43889427e-01 9.51685190e-01 8.11236382e-01 7.44204521e-01
    1.75741225e-01 5.60997784e-01 5.78692853e-02 5.51537871e-02
    5.57426512e-02 7.50897288e-01 8.01041424e-01 3.64424616e-01
    3.19648355e-01 4.81905788e-01 8.82192492e-01 2.52129734e-02
    7.88669348e-01 6.07395649e-01 1.07804656e-01 8.43212962e-01
    6.37345314e-02 9.48089063e-02 2.94714153e-01 9.25536036e-01
    9.41527486e-01 9.21591341e-01 1.29319161e-01 3.30543846e-01
    8.75941753e-01 8.80747318e-01 7.97613561e-01 9.21318829e-02
    2.30316818e-02 2.47233182e-01 5.66871464e-01 2.33448744e-01
    7.33078122e-01 3.14876735e-01 8.86398196e-01 1.16591662e-01
    5.00134230e-01 2.81012058e-01 8.69204700e-02 1.59588963e-01
    3.62321198e-01 4.79441732e-01 4.51082826e-01 6.31864846e-01
    9.27635431e-01 1.65652841e-01 2.69477427e-01 5.57686627e-01
    1.70742929e-01 6.65649176e-01 5.51398396e-01 2.03433335e-02
    9.66470718e-01 9.17457581e-01 4.90145624e-01 9.27528501e-01
    6.17611229e-01 6.12989128e-01 3.58057618e-01 6.38355374e-01
    4.96987253e-01 5.28660059e-01 2.44653553e-01 7.19595075e-01
    2.57645071e-01 5.85687757e-01 2.36927569e-01 7.91215658e-01
    7.66059518e-01 6.88158393e-01 6.76123023e-01 7.85193264e-01
    4.98351246e-01 6.51785314e-01 8.45513701e-01 5.02322376e-01
    9.34904337e-01 2.64362633e-01 6.73537016e-01 7.19261050e-01
    3.98138225e-01 1.09735429e-01 1.26264632e-01 9.27251995e-01
    1.39451176e-01 8.18796754e-02 5.84466100e-01 8.21319818e-01
    5.51223755e-01 7.20367432e-01 2.28723407e-01 7.70893574e-01
    4.91514176e-01 7.36196041e-01 7.82910705e-01 5.55376410e-01
    8.38592887e-01 8.94678175e-01 5.93278408e-02 1.53123736e-01
    1.79992110e-01 6.47842824e-01 8.33450079e-01 7.39645362e-01
    4.81734872e-02 8.52034867e-01 9.07403469e-01 5.88133574e-01
    2.66219974e-02 3.37821722e-01 2.03997880e-01 9.17991996e-02
    7.41765976e-01 8.58059049e-01 9.51353192e-01 1.00185543e-01
    5.72737694e-01 1.25354618e-01 4.90703642e-01 1.15306854e-01
    8.07008684e-01 4.70996350e-01 8.23493123e-01 8.83340240e-01
    2.69970775e-01 8.91257167e-01 8.54827404e-01 6.91188514e-01
    9.25428271e-01 7.49736309e-01 4.96038646e-01 3.69028628e-01
    4.08218473e-01 8.04821014e-01 3.39266419e-01 6.48059607e-01
    7.62602687e-02 6.19602680e-01 4.26843643e-01 6.08001471e-01
    1.97825611e-01 9.00749445e-01 7.79974818e-01 7.75581717e-01
    2.14324683e-01 1.05517209e-02 2.98830450e-01 8.07522833e-01
    3.58263850e-02 2.45620221e-01 4.97731566e-02 5.94384193e-01
    4.29570198e-01 5.41262031e-01 5.45109570e-01 1.69085860e-02
    9.63120461e-01 1.34501964e-01 9.09192741e-01 7.74755955e-01
    8.05109620e-01 4.09575224e-01 4.87152517e-01 9.76590514e-01
    8.40815902e-01 4.63147283e-01 8.43557656e-01 4.25627768e-01
    3.55428755e-01 3.86728913e-01 9.59116340e-01 1.61922604e-01
    8.02469015e-01 3.28572989e-01 5.28394759e-01 6.57856405e-01
    2.01965272e-01 6.09204650e-01 3.49590659e-01 6.12437487e-01
    3.63445491e-01 7.89874494e-01 9.56700683e-01 9.22286868e-01
    9.32243466e-01 1.20324939e-01 7.60161042e-01 1.41648769e-01
    8.70685339e-01 9.07477379e-01 9.64145362e-01 2.30760276e-02
    3.11602294e-01 9.85458851e-01 2.18757242e-01 7.87351489e-01
    1.58428639e-01 9.76898313e-01 6.11005127e-01 6.24732852e-01
    3.66733879e-01 5.62124908e-01 7.56484032e-01 5.22221863e-01
    4.13585663e-01 1.25272542e-01 8.10295343e-01 5.16021132e-01
    5.72326481e-02 2.82330006e-01 9.97931778e-01 7.64664054e-01
    1.49521798e-01 4.24967289e-01 3.67460012e-01 7.83622801e-01
    9.68272686e-01 1.87055141e-01 7.38578737e-01 5.27144551e-01
    5.41280746e-01 7.24138379e-01 1.65923685e-01 6.74301624e-01
    7.83852696e-01 1.87996238e-01 1.77586675e-01 7.88551033e-01
    7.12203503e-01 6.54607892e-01 6.57939911e-01 6.69816613e-01
    3.62474322e-02 7.68270373e-01 5.44752419e-01 2.23356038e-01
    4.73904848e-01 3.92115325e-01 6.75212264e-01 6.70940995e-01
    7.51279473e-01 3.46819937e-01 1.50545537e-02 2.58621871e-01
    4.96836305e-02 6.49309158e-03 6.50048256e-03 8.50666106e-01
    6.24954998e-01 2.06859618e-01 1.67225331e-01 3.68602961e-01
    6.05181456e-01 2.28324533e-03 5.71813166e-01 7.01664209e-01
    7.83570290e-01 5.73668838e-01 1.16423935e-01 7.99893916e-01
    1.63187742e-01 4.91300225e-03 9.58836079e-01 4.62937683e-01
    8.91079009e-01 8.01296413e-01 2.69213974e-01 5.48151135e-01
    9.38999057e-01 1.58980548e-01 6.09490454e-01 2.97168314e-01
    3.70738328e-01 6.36683226e-01 6.56476378e-01 5.49509823e-02
    2.20222652e-01 8.61442268e-01 3.54072571e-01 4.15608495e-01
    2.98016787e-01 8.73042941e-01 2.82854974e-01 2.04379529e-01
    7.24972606e-01 6.23830438e-01 1.59350187e-01 3.71821731e-01
    5.49615860e-01 6.49984002e-01 5.71301520e-01 4.04196531e-01
    6.02929115e-01 2.03887701e-01 3.77217621e-01 4.11120176e-01
    1.42351776e-01 4.22459602e-01 4.58817035e-01 9.39749897e-01
    4.22652125e-01 5.39863050e-01 9.74628687e-01 1.00943446e-02
    9.16935682e-01 5.63262224e-01 9.00281310e-01 5.36456943e-01
    4.77297306e-01 8.96799803e-01 2.67149806e-02 6.88908339e-01
    5.49784005e-02 6.36485100e-01 4.58778054e-01 9.39765394e-01
    7.09724963e-01 1.59410387e-01 6.26979351e-01 3.68547142e-02
    6.02009892e-01 6.78893805e-01 4.99378026e-01 4.60744739e-01
    9.00737226e-01 2.72574842e-01 4.62264061e-01 7.08242059e-02
    9.16399717e-01 9.79939640e-01 4.17032778e-01 7.30428755e-01
    9.16414618e-01 9.75720823e-01 5.66698611e-02 3.85772765e-01
    1.38966888e-01 8.26345623e-01 1.05389833e-01 2.55490482e-01
    5.06535590e-01 3.21785390e-01 5.20047367e-01 2.59348154e-01
    6.02557421e-01 9.98856723e-01 1.05563283e-01 5.26598573e-01
    4.49701548e-02 1.56833440e-01 9.68014657e-01 2.12155670e-01
    8.53106380e-01 6.82184339e-01 7.21140325e-01 4.16047037e-01
    6.20822489e-01 9.61690426e-01 6.11081183e-01 8.25799644e-01
    7.64223933e-02 4.92304564e-03 5.67855716e-01 2.76659250e-01
    6.91725135e-01 7.95209169e-01 9.88090277e-01 2.83540428e-01
    6.83541059e-01 6.35495484e-02 4.07779276e-01 9.99113321e-01
    8.24444413e-01 9.64755177e-01 9.79658186e-01 3.02220821e-01
    7.02125490e-01 3.12348098e-01 9.51162219e-01 5.85145414e-01
    6.49028063e-01 9.44606066e-01 6.36998594e-01 6.80511177e-01
    7.17355251e-01 2.12503612e-01 3.07523370e-01 4.85389858e-01
    1.25525326e-01 4.26828533e-01 3.30744445e-01 2.34689504e-01
    9.23625946e-01 4.23907936e-02 2.56565869e-01 7.32908130e-01
    1.12707317e-01 8.53480816e-01 9.18346047e-01 4.20461804e-01
    9.28826213e-01 1.03489757e-02 7.31784046e-01 6.53279722e-01
    8.44563723e-01 2.05435812e-01 3.53828758e-01 4.66161132e-01
    5.42039931e-01 9.82157469e-01 7.62568653e-01 9.40358400e-01
    8.81701827e-01 7.64413118e-01 3.14404845e-01 3.86004895e-01
    3.22376311e-01 8.84920478e-01 4.06228304e-02 3.10291201e-01
    7.39757717e-02 5.99725544e-02 6.38292253e-01 9.63987112e-01
    7.01296866e-01 1.13228142e-01 5.46435058e-01 8.70021462e-01
    1.76403642e-01 8.35140228e-01 7.63247371e-01 8.24640214e-01
    2.36805707e-01 6.73447430e-01 2.11835086e-01 4.30472612e-01
    8.19304705e-01 4.33095306e-01 6.70842230e-01 1.13266557e-01
    3.69512856e-01 1.22869700e-01 2.79200107e-01 7.74374962e-01
    2.92607248e-01 3.97596449e-01 4.83670443e-01 8.53904068e-01
    6.46746039e-01 2.77688950e-01 9.34708655e-01 3.75414312e-01
    3.20090204e-01 4.43086565e-01 3.66213977e-01 5.29195189e-01
    5.06541431e-02 6.23521268e-01 7.53865480e-01 2.53959537e-01
    3.77563238e-02 2.11512059e-01 1.30897433e-01 8.52067828e-01
    3.64071369e-01 5.13670623e-01 4.09522355e-01 6.67779028e-01
    7.54030704e-01 8.69822860e-01 1.12363994e-01 1.44369870e-01
    2.75553465e-02 6.07903481e-01 7.19117343e-01 9.65242565e-01
    9.04719055e-01 6.88484311e-03 4.01647747e-01 1.26794547e-01
    2.61329412e-02 9.88878012e-01 6.72339380e-01 2.98590124e-01
    8.62448096e-01 9.18623984e-01 8.00470948e-01 4.26727980e-01
    6.70017004e-01 9.88723993e-01 6.68524683e-01 4.60142970e-01
    6.67646706e-01 2.41224706e-01 8.55204999e-01 2.13674605e-01
    6.16486549e-01 5.32206774e-01 2.99346983e-01 2.98276365e-01
    8.64611089e-01 5.84708393e-01 2.76232123e-01 9.79207158e-01
    5.20573199e-01 8.73528600e-01 2.91438699e-01 8.95557880e-01
    1.12803251e-01 5.29394567e-01 1.96946651e-01 9.52660441e-02
    5.21028578e-01 6.62406445e-01 7.05972552e-01 8.90858650e-01
    9.15960193e-01 6.93858325e-01 7.66251981e-01 2.95220971e-01
    9.62341070e-01 2.38659680e-01 6.48295701e-01 5.58938801e-01
    4.00908500e-01 4.30301726e-02 6.25785232e-01 5.56852818e-01
    4.15985286e-02 2.52500385e-01 7.33221292e-01 5.35389900e-01
    6.88520730e-01 5.21229088e-01 3.90110135e-01 6.75704062e-01
    1.89623535e-02 3.88784498e-01 2.38881230e-01 3.17300439e-01
    8.29807401e-01 6.51268482e-01 9.46683288e-01 1.21141225e-01
    5.14199078e-01 1.70372814e-01 7.86662579e-01 8.33344460e-02
    7.78364658e-01 5.12803793e-01 7.72826374e-02 5.91854811e-01
    8.48972321e-01 8.49510074e-01 5.65551281e-01 3.10927838e-01
    3.41832042e-01 3.82117838e-01 2.20406324e-01 9.30474639e-01
    1.27057523e-01 3.32896411e-02 7.92282164e-01 5.84353507e-02
    5.11252761e-01 1.71106845e-01 8.27652097e-01 9.93462265e-01
    5.99459112e-01 9.28046525e-01 8.37400734e-01 9.11805868e-01
    3.37622285e-01 8.18421423e-01 9.05369878e-01 9.49663579e-01
    9.28033412e-01 6.14394784e-01 1.06689662e-01 8.15721035e-01
    4.84196603e-01 8.72409999e-01 4.80039597e-01 8.17879438e-01
    5.42569935e-01 2.70181924e-01 1.54973000e-01 4.51670796e-01
    5.86729944e-02 1.69308782e-01 6.18553936e-01 6.96382999e-01
    7.34310031e-01 3.87703001e-01 2.39987373e-02 1.66024119e-01
    7.24539638e-01 6.82002187e-01 6.44480944e-01 5.37555873e-01
    3.50283742e-01 6.31603718e-01 9.53404307e-01 2.24428147e-01
    6.90118492e-01 6.40206099e-01 9.83474553e-01 7.89687395e-01
    9.95525360e-01 6.38789296e-01 7.42541194e-01 9.22374964e-01
    1.39619023e-01 2.11603910e-01 1.22039050e-01 3.82133484e-01
    3.05732965e-01 8.48979115e-01 7.65396953e-01 8.57236028e-01
    6.77495241e-01 2.50116229e-01 3.03296506e-01 4.32655543e-01
    7.04413354e-01 7.20501542e-01 1.84952110e-01 1.00272894e-02
    2.61807203e-01 8.15945029e-01 6.44880116e-01 7.27154732e-01
    9.59651113e-01 5.46214759e-01 1.51184559e-01 4.35559094e-01
    4.94474471e-02 4.08122897e-01 5.50534964e-01 7.57103205e-01
    6.90601349e-01 4.93112862e-01 2.48509377e-01 2.78664768e-01
    1.82952464e-01 1.71092421e-01 7.68585086e-01 1.54873401e-01
    3.38496447e-01 9.45372939e-01 2.94578344e-01 5.22529483e-01
    6.11300111e-01 3.96733046e-01 4.73032862e-01 8.91614437e-01
    1.35341823e-01 2.64053822e-01 7.82309175e-01 6.29603505e-01
    3.02786589e-01 5.68444669e-01 3.91767800e-01 1.35748953e-01
    6.82339609e-01 4.01172578e-01 5.53655028e-02 4.57530469e-01
    8.98077190e-02 7.30604827e-02 4.12993789e-01 8.51935685e-01
    4.88774657e-01 9.58403945e-02 2.70563483e-01 4.62134659e-01
    8.79882216e-01 4.16264266e-01 1.69720769e-01 4.71408069e-01
    4.76910055e-01 3.25952351e-01 3.11573327e-01 7.58781672e-01
    1.02232516e-01 2.77027071e-01 7.27259517e-01 1.60338491e-01
    5.87439179e-01 4.02164310e-01 2.54043728e-01 3.78822565e-01
    5.94210923e-01 2.90790021e-01 5.73119283e-01 1.40730560e-01
    8.79894257e-01 6.92162454e-01 2.98739970e-01 2.40092516e-01
    4.21498626e-01 9.34871554e-01 5.24740815e-01 7.70792305e-01
    4.32844043e-01 8.14113379e-01 4.61895823e-01 5.88986754e-01
    5.39546072e-01 5.23462355e-01 9.31142569e-01 4.70520675e-01
    8.51849914e-02 8.32898021e-01 6.25335276e-02 9.38925624e-01
    2.14123547e-01 7.16839194e-01 9.30534244e-01 1.21239126e-01
    1.89028233e-01 5.37140250e-01 6.02792382e-01 8.72771263e-01
    5.99285483e-01 6.29927933e-01 5.68594515e-01 9.70389843e-02
    6.79160953e-01 9.25235748e-01 6.35578930e-01 5.10139048e-01
    2.01029509e-01 1.62179351e-01 3.82800698e-01 4.30328757e-01
    8.63435864e-02 1.63214654e-01 9.85481977e-01 2.34434932e-01
    3.12274337e-01 1.47054642e-01 5.16529679e-01 5.22734821e-01
    6.45945311e-01 2.36421019e-01 6.09794021e-01 3.73637676e-03
    3.95337224e-01 8.65782201e-01 4.70459044e-01 9.37703371e-01
    1.57687217e-01 4.37068164e-01 8.46704841e-03 8.64915609e-01
    9.56057429e-01 5.40768445e-01 1.57075167e-01 7.92435825e-01
    2.61144906e-01 6.74804211e-01 9.50471044e-01 3.42037231e-01
    5.64086676e-01 7.00544715e-01 4.13688511e-01 2.68687129e-01
    6.50547326e-01 7.46526062e-01 6.50631189e-01 8.64630699e-01
    5.99070728e-01 3.79541814e-01 7.49636889e-01 8.69415522e-01
    5.27532995e-01 5.52650154e-01 6.87557995e-01 3.74634981e-01
    8.85750175e-01 4.25327688e-01 4.05182362e-01 6.93430781e-01
    8.00562799e-02 6.94708407e-01 1.44271523e-01 7.70189762e-01
    1.47760302e-01 1.12174571e-01 3.11992943e-01 3.88279319e-01
    9.48482990e-01 8.08202088e-01 9.27430391e-03 2.47277021e-02
    5.78796864e-03 3.00743103e-01 3.79691482e-01 8.32352161e-01
    9.91817474e-01 3.12376052e-01 3.29195768e-01 3.64943922e-01
    6.96400106e-01 8.24218273e-01 7.41156459e-01 5.26960373e-01
    1.40939206e-01 5.14415979e-01 4.64969784e-01 5.42088926e-01
    6.13816381e-02 9.59490120e-01 2.73674786e-01 3.36090833e-01
    4.82547849e-01 5.84025085e-01 1.77370846e-01 7.16135681e-01
    2.62732774e-01 7.03261793e-02 1.31493360e-01 5.71769238e-01
    2.18298942e-01 3.39625120e-01 9.56009388e-01 9.71915185e-01
    5.58943987e-01 1.06949419e-01 5.82129657e-01 9.90250707e-02
    1.07748747e-01 7.33385503e-01 1.24080062e-01 1.69392854e-01
    2.31613010e-01 2.89681554e-03 4.19140458e-01 8.28710198e-01
    2.95388430e-01 6.38109684e-01 4.45151806e-01 1.50387257e-01
    1.57542676e-01 5.94944775e-01 9.82230783e-01 4.60831642e-01
    7.98964143e-01 8.04470658e-01 3.25135231e-01 6.96590185e-01
    2.49109566e-01 8.25035453e-01 3.31551552e-01 5.33871889e-01
    4.80772346e-01 5.73326588e-01 1.03359193e-01 7.51553297e-01
    2.62022197e-01 1.31988853e-01 6.12551391e-01 5.32828331e-01
    1.69371933e-01 1.13652110e-01 6.37083292e-01 5.10733783e-01
    5.34299016e-01 7.19170809e-01 4.49095786e-01 2.45597720e-01
    7.96620488e-01 1.90440714e-01 1.12914950e-01 6.45357370e-01
    7.67789006e-01 6.27788365e-01 3.09785724e-01 4.64047730e-01
    7.46086240e-01 3.03889155e-01 9.08346891e-01 4.17865485e-01
    6.76105499e-01 9.06190872e-02 6.56204462e-01 7.34913170e-01
    8.92340899e-01 2.94142425e-01 3.69253159e-01 9.30933952e-02
    3.60626757e-01 6.80675030e-01 8.74478102e-01 5.44862628e-01
    2.67057627e-01 8.42028975e-01 3.40436995e-02 3.60656172e-01
    7.87517190e-01 6.97066367e-01 9.30688143e-01 8.43382478e-01
    2.59530842e-01 6.15346253e-01 8.56042743e-01 2.69922018e-01
    6.86649680e-01 4.84327912e-01 1.59754276e-01 4.82071221e-01
    8.63207817e-01 7.33665466e-01 5.51688552e-01 7.02491581e-01
    3.14348489e-01 5.79524338e-01 7.90568233e-01 4.67067659e-01
    9.71180856e-01 5.33063591e-01 6.90807939e-01 6.83978736e-01
    1.20875835e-02 5.40825725e-03 3.43672276e-01 7.02141166e-01
    3.50851417e-01 9.49952006e-01 4.63229328e-01 2.00916052e-01
    8.32255542e-01 7.22015262e-01 4.23410147e-01 6.69506133e-01
    2.45862871e-01 3.01354855e-01 5.42672992e-01 4.22040224e-01
    9.40068007e-01 4.88628626e-01 7.59112775e-01 8.35744739e-02
    7.01630414e-02 2.62300253e-01 3.94982666e-01 4.21407223e-01
    2.32777327e-01 6.89475596e-01 4.65662122e-01 1.29389584e-01
    4.93586689e-01 8.60277891e-01 6.24525964e-01 1.68281227e-01
    7.34206736e-01 1.69863611e-01 6.50216281e-01 4.84999388e-01
    6.32608235e-02 2.08466709e-01 6.44494891e-02 8.64247143e-01
    4.51756299e-01 6.61243677e-01 2.98549026e-01 4.91457790e-01
    5.57997108e-01 9.56972837e-02 9.29682136e-01 9.05050039e-01
    4.09306526e-01 2.59080052e-01 8.90499115e-01 3.54071915e-01
    2.33602643e-01 1.75856054e-01 8.94461036e-01 6.06419683e-01
    5.58608413e-01 4.04119730e-01 5.82572103e-01 5.08270562e-01
    6.23492718e-01 3.53250742e-01 5.69649100e-01 3.39345306e-01
    5.38656116e-03 3.20832491e-01 8.13071489e-01 1.55230850e-01
    3.29183340e-01 1.03733033e-01 9.48728740e-01 4.68259454e-02
    7.16518998e-01 5.78533888e-01 4.25341457e-01 3.04684430e-01
    4.80559230e-01 1.30371422e-01 1.18936568e-01 6.12279117e-01
    6.43718302e-01 9.41110849e-01 4.07073170e-01 1.45629495e-01
    7.97008038e-01 6.59599781e-01 2.21573412e-02 2.27361679e-01
    9.15758252e-01 3.77475888e-01 1.56116307e-01 9.29140687e-01
    2.37605572e-01 2.68032253e-01 1.30828023e-02 2.24903494e-01
    3.62048447e-02 5.96886277e-02 9.51708555e-01 3.09212685e-01
    2.13165641e-01 3.33312631e-01 8.85501981e-01 7.46511281e-01
    1.39328420e-01 2.67012388e-01 3.96142840e-01 9.32840586e-01
    2.70750284e-01 6.63431883e-01 4.39472377e-01 7.40729749e-01
    7.64563739e-01 8.74783456e-01 2.29587257e-01 6.10822022e-01
    1.62741035e-01 8.74270439e-01 5.84750772e-02 8.60394835e-01
    6.74390495e-02 4.63967860e-01 3.86645317e-01 9.04741883e-03
    2.89329886e-01 6.34265244e-02 2.70347983e-01 5.79008520e-01
    3.39252204e-01 2.25890428e-01 9.22981501e-01 5.39962530e-01
    3.77381057e-01 9.73330677e-01 9.09930706e-01 8.23210835e-01
    5.93300641e-01 2.61325836e-02 3.78250659e-01 7.56300807e-01
    9.31033432e-01 6.97012126e-01 8.10572505e-01 8.00272167e-01
    6.21287704e-01 8.92376721e-01 4.77731586e-01 3.51622552e-01
    7.89812922e-01 7.57860541e-02 2.34575897e-01 2.58801699e-01
    7.37642944e-01 8.04405510e-01 3.58894348e-01 5.98588586e-03
    7.05564201e-01 3.96550000e-01 7.48303533e-01 2.91919351e-01
    5.81703246e-01 4.25937504e-01 3.27804446e-01 6.37016058e-01
    7.23494947e-01 4.85616952e-01 1.13797277e-01 1.59294009e-02
    1.63030446e-01 2.84985900e-02 9.57196951e-02 4.54452157e-01
    9.93085742e-01 6.36471748e-01 6.32419348e-01 9.09521103e-01
    4.21441495e-02 3.19759667e-01 2.68163383e-01 4.32669580e-01
    6.77817941e-01 4.00640786e-01 8.58239233e-01 5.50990820e-01
    1.18632346e-01 3.17663252e-02 5.94581425e-01 3.57626677e-02
    1.98004454e-01 9.53433394e-01 9.68961477e-01 9.18978214e-01
    4.22076166e-01 5.49538851e-01 6.41548634e-03 8.37675452e-01
    5.92766941e-01 4.40869689e-01 4.59126770e-01 9.69252050e-01
    2.66546309e-02 1.18368208e-01 7.78044045e-01 3.78839225e-01
    3.08598936e-01 7.65812039e-01 7.61600733e-02 7.20484972e-01
    1.80955827e-02 3.36832255e-01 3.75247002e-01 1.95700347e-01
    2.56070167e-01 1.00168735e-01 8.94216061e-01 6.35018945e-01
    7.77827621e-01 1.88270032e-01 5.44488311e-01 2.79048860e-01
    8.55341375e-01 8.89643610e-01 2.99791932e-01 7.71948397e-02
    7.23076165e-01 1.76736712e-01 4.59941864e-01 7.43316293e-01
    9.95596409e-01 3.43930125e-01 2.26722002e-01 3.56584787e-01
    9.45071578e-01 5.46773374e-02 8.06244254e-01 9.38304663e-02
    4.87035006e-01 3.65134835e-01 5.62769175e-01 1.76910460e-01
    4.37027156e-01 3.10830116e-01 7.23099828e-01 9.49405551e-01
    5.97507179e-01 4.11411732e-01 7.60596037e-01 4.14013118e-01
    5.09684801e-01 6.85230434e-01 1.79348767e-01 6.09350741e-01
    3.26558828e-01 8.48145485e-01 8.20164323e-01 8.54836226e-01
    7.18686342e-01 1.02290899e-01 2.82017767e-01 3.88305038e-01
    7.60958433e-01 8.62086713e-01 7.09446728e-01 2.18396187e-02
    7.18251407e-01 8.58199358e-01 6.17086887e-04 4.54316407e-01
    4.11183238e-02 8.97696614e-01 3.66886556e-01 6.43652081e-01
    4.58611131e-01 8.93736780e-01 5.63107729e-01 8.43770206e-02
    2.90377736e-02 3.99062276e-01 7.57376552e-01 3.89194280e-01
    4.51056063e-01 7.32446194e-01 8.82714391e-02 9.92544413e-01
    1.34058356e-01 3.82030845e-01 9.41636562e-01 9.11319852e-01
    1.98601484e-01 4.81374472e-01 4.93679494e-01 6.01404846e-01
    4.71225739e-01 2.00720549e-01 1.48627043e-01 4.41344470e-01
    8.28644633e-02 7.83455074e-02 9.82167184e-01 6.42242908e-01
    8.84687603e-02 5.69026887e-01 1.82925910e-01 7.49637187e-01
    6.10611498e-01 8.24141800e-01 2.52003610e-01 7.69246519e-01
    7.50890851e-01 3.56590092e-01 2.16328293e-01 4.52177405e-01
    8.76839042e-01 5.64989269e-01 9.13133442e-01 8.60411644e-01
    7.22152114e-01 2.85494506e-01 9.37817574e-01 6.92934871e-01
    5.50186932e-01 5.39770186e-01 9.32748675e-01 5.74891031e-01
    9.44670677e-01 5.69871008e-01 8.65939915e-01 6.80648923e-01
    2.47292310e-01 6.46336079e-01 5.11743665e-01 9.55139995e-01
    1.55504197e-01 1.04455650e-01 6.79681957e-01 2.78387666e-01
    4.84244585e-01 5.21264493e-01 9.98828292e-01 9.22502458e-01
    3.75222027e-01 1.70571446e-01 1.58169597e-01 7.72137880e-01
    3.13620865e-02 9.99695778e-01 5.08729637e-01 3.55314881e-01
    9.01215434e-01 4.02821124e-01 4.19104397e-02 1.20745599e-01
    5.20252466e-01 1.64601147e-01 1.59351856e-01 3.14347982e-01
    7.95440555e-01 5.19788384e-01 8.45466733e-01 6.27674222e-01
    2.78159618e-01 7.94383287e-01 4.07908320e-01 7.73902774e-01
    7.65737772e-01 4.03258204e-01 2.03756988e-02 3.03263903e-01
    1.34017080e-01 4.28213537e-01 2.64261365e-02 9.47837710e-01
    4.63319719e-01 8.43210876e-01 2.85396576e-01 1.18451953e-01
    4.28067684e-01 4.85373676e-01 9.57105339e-01 7.36918032e-01
    5.64206004e-01 6.97093487e-01 1.36768818e-02 9.73911285e-01
    3.21794987e-01 7.15202332e-01 5.20011723e-01 1.80740863e-01
    2.05225796e-01 1.21260434e-01 7.29910910e-01 3.46136868e-01
    4.84123528e-02 2.01586694e-01 4.77072716e-01 2.00878054e-01
    6.92682385e-01 4.35169250e-01 5.38225114e-01 2.84149975e-01
    6.82981253e-01 1.35007173e-01 1.56201273e-01 9.59057450e-01
    3.64567190e-01 4.39794689e-01 4.36003447e-01 7.09532917e-01
    4.63743657e-01 2.19255447e-01 5.55102050e-01 7.98192322e-02
    6.84872031e-01 1.27822220e-01 8.97947669e-01 7.30482817e-01
    7.45151758e-01 6.70158386e-01 3.12321186e-01 6.10377848e-01
    7.89937258e-01 7.71435022e-01 4.01044518e-01 7.99767315e-01
    7.07270026e-01 4.02435124e-01 7.88704276e-01 6.75360560e-01
    8.19455981e-01 7.00298667e-01 9.67308521e-01 7.28526115e-01
    5.27431309e-01 7.27406323e-01 5.59022903e-01 8.47562790e-01
    6.41136229e-01 4.65889931e-01 6.53012395e-02 2.07144588e-01
    9.09723043e-01 4.21185732e-01 7.82621801e-01 1.97479427e-01
    2.24704176e-01 7.07199633e-01 8.95429254e-02 7.84348726e-01
    9.74155366e-01 3.48582864e-01 2.77868330e-01 5.71793675e-01
    6.68969154e-01 5.37587345e-01 3.20764244e-01 7.01673985e-01
    6.31862938e-01 9.12832618e-01 5.07929683e-01 6.15734100e-01
    7.48294532e-01 2.08300114e-01 6.78699911e-02 8.65447402e-01
    6.29694283e-01 9.12401080e-01 7.49680698e-01 6.44994438e-01
    6.89685583e-01 7.82679975e-01 3.92172605e-01 1.38577223e-02
    6.70097053e-01 3.61417234e-01 1.88578367e-01 8.80046725e-01
    4.51185942e-01 4.04541373e-01 2.46577173e-01 9.47316527e-01
    5.59749901e-01 2.20384836e-01 4.79079366e-01 9.97049451e-01
    3.24027002e-01 7.08623707e-01 3.87668639e-01 3.14725041e-01
    2.75010884e-01 5.35908759e-01 7.34929383e-01 6.69997036e-01
    3.37257266e-01 3.09684575e-01 9.99358416e-01 6.66449368e-02
    7.59094715e-01 4.36749697e-01 6.39663696e-01 1.37574434e-01
    1.04708552e-01 9.15052354e-01 6.88554704e-01 6.62167192e-01
    8.57621014e-01 4.33908880e-01 4.53217268e-01 1.68799549e-01
    1.04265034e-01 8.21610093e-01 6.18921816e-01 9.37786937e-01
    9.62631106e-01 7.08867967e-01 8.46170664e-01 1.45473868e-01
    9.37553525e-01 1.51678979e-01 2.13716626e-01 7.97926545e-01
    7.38877952e-02 7.65750766e-01 9.78876352e-01 9.58761573e-02
    1.58724934e-01 4.53477561e-01 4.07543778e-02 2.33607113e-01
    6.24763727e-01 7.44332671e-02 8.56171966e-01 4.87715632e-01
    5.04831254e-01 5.91809034e-01 9.21262741e-01 3.82622749e-01
    7.58098304e-01 5.01992345e-01 7.00788498e-02 2.91429520e-01
    1.34684503e-01 4.27588046e-01 2.32841372e-02 8.48455250e-01
    2.96128631e-01 8.44360530e-01 3.20196569e-01 2.91980684e-01
    5.86673737e-01 3.00984174e-01 1.78785324e-02 3.66731375e-01
    3.31309050e-01 6.77023292e-01 1.11809671e-01 2.30555713e-01
    6.83230460e-01 9.52666759e-01 9.55062628e-01 8.81654799e-01
    6.88895345e-01 8.45580041e-01 6.38779163e-01 8.93293977e-01
    7.94665694e-01 6.12989783e-01 6.73357189e-01 6.42142892e-01
    8.83918047e-01 7.31585920e-02 2.24687427e-01 7.97668517e-01
    2.09310949e-02 9.58317816e-01 4.01875943e-01 3.46433818e-02
    3.60609740e-01 4.78535324e-01 2.39830434e-01 5.91776073e-02
    3.40276659e-01 9.18685555e-01 1.62226379e-01 6.81304812e-01
    8.43872011e-01 5.67671657e-01 2.08847046e-01 7.03906834e-01
    8.39229524e-02 6.36905134e-02 2.88929582e-01 5.35240650e-01
    3.17417204e-01 9.62673545e-01 2.51942337e-01 3.65677923e-01
    7.21891344e-01 4.76121426e-01 3.25846255e-01 5.11399746e-01
    8.10283303e-01 7.24173844e-01 3.89009267e-01 5.21268845e-01
    7.05087423e-01 3.64002168e-01 8.70824873e-01 9.21076179e-01
    5.82401216e-01 1.88703150e-01 9.70142901e-01 1.04850948e-01
    5.85786700e-01 1.71566427e-01 5.72827995e-01 1.64015830e-01
    9.13267791e-01 3.91477823e-01 6.90940559e-01 2.24800110e-01
    8.88942838e-01 4.76607978e-02 5.85420370e-01 2.45137721e-01
    6.97766542e-02 9.88002658e-01 3.59849036e-01 1.35363340e-02
    7.68449903e-03 3.44445169e-01 4.90128756e-01 2.68712491e-01
    9.90405262e-01 6.53682292e-01 1.15798861e-01 7.59679496e-01
    2.83164084e-01 6.28713250e-01 7.45735466e-01 3.37957233e-01
    9.22073543e-01 6.05633974e-01 1.10294819e-01 7.65637875e-01
    5.62511146e-01 5.32640457e-01 3.40550542e-02 4.43365902e-01
    8.52240384e-01 3.25517058e-02 4.17232841e-01 8.14995468e-02
    2.38356590e-01 4.49662656e-01 5.63805521e-01 3.33144963e-02
    5.59926987e-01 5.92642128e-02 2.98228800e-01 1.05604768e-01
    9.13991928e-02 6.96211576e-01 3.56837779e-01 7.53966749e-01
    8.84829879e-01 6.51363492e-01 6.48065865e-01 2.52289504e-01
    4.15416121e-01 3.26165020e-01 6.14944637e-01 7.99991608e-01
    3.45345408e-01 8.38250041e-01 9.81381774e-01 9.29422915e-01
    2.96648324e-01 6.69445038e-01 4.51651931e-01 1.60310805e-01
    3.67568791e-01 3.77096951e-01 1.12561613e-01 2.96666861e-01
    2.73470044e-01 7.46321797e-01 3.84035140e-01 4.11774158e-01
    4.48028117e-01 6.92602873e-01 1.27547741e-01 6.53624535e-01
    3.50526690e-01 6.17270470e-01 3.42451513e-01 4.32608843e-01
    8.65022838e-01 3.21493149e-01 7.69013286e-01 7.01120198e-01
    4.18718815e-01 8.27127635e-01 5.59482038e-01 2.18375027e-01
    5.16580522e-01 1.93275720e-01 9.80524600e-01 7.71510482e-01
    2.05161512e-01 6.21233225e-01 1.24811947e-01 6.42943084e-01
    4.20375705e-01 9.06209111e-01 6.86174452e-01 4.94044960e-01
    9.59570169e-01 7.08558798e-01 2.44365573e-01 7.45088458e-02
    9.96148467e-01 8.68504763e-01 6.33906066e-01 9.93784666e-01
    2.20314056e-01 7.17659056e-01 4.70969588e-01 3.51575494e-01
    5.73015690e-01 4.69235629e-01 3.17606270e-01 6.65681362e-01
    9.15303469e-01 6.97093546e-01 7.53828883e-01 8.42280626e-01
    9.79747057e-01 5.48163295e-01 9.27448809e-01 5.33848166e-01
    9.34471071e-01 8.50114465e-01 5.78136444e-01 7.98857689e-01
    8.45164120e-01 8.97392035e-01 6.13997042e-01 8.09036970e-01
    7.95494556e-01 5.72526336e-01 3.34816694e-01 5.74374795e-02
    9.70796347e-01 2.60160536e-01 8.63726854e-01 6.89463854e-01
    6.33104920e-01 4.87934560e-01 4.07781482e-01 7.85345674e-01
    2.11284667e-01 9.40073848e-01 4.91647720e-01 3.26069057e-01
    5.29396892e-01 4.55359846e-01 8.83492708e-01 3.14100564e-01
    2.66146570e-01 8.24933290e-01 1.57297254e-02 1.32689476e-02
    4.33583170e-01 4.13396716e-01 3.12604249e-01 6.03440762e-01
    7.71417320e-01 3.20798516e-01 9.07602191e-01 3.12057465e-01
    2.22277850e-01 7.84255862e-02 8.05581450e-01 6.83727622e-01
    1.78313822e-01 8.04255962e-01 5.46696067e-01 8.29881370e-01
    5.46492338e-01 8.93857777e-02 3.96059155e-01 8.80958200e-01
    9.30667400e-01 5.46338916e-01 1.86383188e-01 1.54018700e-02
    7.75382400e-01 3.30484271e-01 3.24772507e-01 8.60894918e-01
    3.55019569e-02 5.52594662e-01 2.34625936e-01 2.20811099e-01
    4.55806851e-01 5.29981732e-01 4.94783819e-02 3.68721455e-01
    6.99390173e-01 9.60623980e-01 9.30887818e-01 3.32665324e-01
    9.87236738e-01 5.26900172e-01 7.51457930e-01 4.44893569e-01
    9.06131268e-01 5.20228624e-01 6.65812492e-02 2.11756945e-01
    2.02258438e-01 3.55418980e-01 9.85532880e-01 6.89088345e-01
    8.28656256e-02 5.11613011e-01 9.60807323e-01 4.85622883e-02
    4.96521622e-01 2.11822212e-01 7.14330673e-01 6.22044265e-01
    5.96972048e-01 3.38172168e-01 2.46978939e-01 8.95182252e-01
    8.31452012e-02 3.44821930e-01 5.80775738e-01 4.37129617e-01
    2.14270890e-01 7.04059422e-01 6.22781754e-01 5.63980401e-01
    5.52362800e-01 5.94064951e-01 5.92659414e-01 2.84350753e-01
    9.15562570e-01 3.89546543e-01 9.49801803e-01 6.24414980e-01
    7.01843143e-01 4.17232692e-01 6.26318038e-01 7.77326941e-01
    2.09939778e-01 5.22938728e-01 4.62455481e-01 7.69500315e-01
    9.85038221e-01 7.06215441e-01 7.36376345e-01 1.77161783e-01
    9.66163218e-01 3.99622440e-01 3.21813166e-01 1.92626715e-01
    1.10378265e-01 2.26073325e-01 8.05296004e-02 9.58400488e-01
    3.51647139e-02 7.89765060e-01 6.45904243e-02 9.20835257e-01
    1.97962910e-01 4.43021655e-01 1.82017773e-01 9.66769338e-01
    6.90237284e-01 2.00826019e-01 4.67711121e-01 9.93415117e-01
    6.08205140e-01 5.70478916e-01 1.61308646e-02 2.69073635e-01
    4.17964756e-02 5.68812191e-02 3.96491915e-01 1.60667807e-01
    8.89114261e-01 4.34470981e-01 5.50669551e-01 6.89631104e-01
    4.44177151e-01 4.83737260e-01 3.44445735e-01 9.99181092e-01
    4.74243432e-01 2.71448016e-01 2.88779944e-01 9.42742407e-01
    7.84572721e-01 3.97171438e-01 6.26173973e-01 6.60063505e-01
    4.06833589e-01 5.95316589e-01 8.47656190e-01 5.47506928e-01
    9.26533461e-01 7.89197683e-01 8.53490591e-01 7.64283955e-01
    3.00455868e-01 2.99226791e-01 2.64657378e-01 3.43203902e-01
    9.39936876e-01 6.20020688e-01 8.68739486e-01 9.45950150e-02
    3.07805836e-02 2.24764049e-01 7.49262094e-01 2.91433811e-01
    3.48312587e-01 8.82053018e-01 8.68112803e-01 7.88483560e-01
    3.35927069e-01 1.11081332e-01 2.59954154e-01 9.10498381e-01
    7.75370896e-02 2.74984002e-01 2.42387444e-01 8.25525522e-02
    7.13715792e-01 5.36969066e-01 4.11415875e-01 2.42211342e-01
    8.47009301e-01 3.92452478e-02 2.62153149e-01 6.26294613e-02
    6.01493955e-01 5.55764258e-01 9.45976734e-01 2.57045716e-01
    2.26791888e-01 6.81338310e-01 9.73631859e-01 4.76379842e-01
    8.18364024e-01 3.21794450e-01 9.71191645e-01 1.14500999e-01
    7.14369178e-01 9.34720278e-01 3.83331329e-01 3.00321668e-01
    5.39413214e-01 6.04614377e-01 6.66920185e-01 8.08245420e-01
    9.57695842e-01 7.17442632e-02 3.05287123e-01 4.93793041e-01
    2.97803730e-01 8.82904768e-01 6.08239651e-01 6.77180052e-01
    8.25680852e-01 8.77805114e-01 3.80350888e-01 5.85782051e-01
    2.45999455e-01 8.48540664e-01 5.10377169e-01 6.79562569e-01
    5.23802042e-02 2.51062930e-01 8.33419681e-01 7.72852659e-01
    3.27643633e-01 8.39695632e-02 1.73155516e-01 8.41596723e-01
    7.05446899e-01 4.94320244e-01 5.40459514e-01 2.79929161e-01
    9.39823747e-01 6.37390375e-01 1.57040417e-01 1.99325800e-01
    7.35666096e-01 7.40320683e-01 2.85331041e-01 7.98451900e-02
    6.19962394e-01 8.17139149e-01 8.47867012e-01 2.09602296e-01
    8.02770317e-01 2.19197273e-02 9.85503197e-01 2.77740896e-01
    7.17156827e-01 9.05052364e-01 3.44335496e-01 9.76492286e-01
    6.52010798e-01 6.98605716e-01 2.11823583e-02 7.31838167e-01
    1.53980106e-01 2.39431262e-02 2.87339091e-01 2.54365861e-01
    2.98435867e-01 2.02573359e-01 7.82778621e-01 9.46289420e-01
    5.31965613e-01 3.23608994e-01 1.38442606e-01 3.47589463e-01
    3.96569014e-01 6.29415751e-01 4.01050359e-01 3.51962447e-01
    9.56654131e-01 6.94866180e-01 8.93200636e-01 9.80549634e-01
    3.83092076e-01 1.25318289e-01 6.34504318e-01 6.96128845e-01
    5.07291913e-01 4.61088657e-01 8.90558481e-01 7.43288696e-02
    2.82405525e-01 7.29334593e-01 7.08805203e-01 4.34996396e-01
    7.12105155e-01 5.84540248e-01 2.09440231e-01 1.27818078e-01
    3.48831445e-01 4.15915251e-03 1.02142185e-01 8.14070106e-01
    5.87975681e-01 8.20583582e-01 1.49503648e-02 9.64455485e-01
    6.91817701e-01 7.46420264e-01 4.33431357e-01 1.42054409e-01
    3.55566382e-01 3.74028802e-01 3.00843000e-01 2.07228929e-01
    9.83683705e-01 6.73897147e-01 8.73970747e-01 6.85894787e-01
    3.47280502e-02 6.62377894e-01 2.97173381e-01 1.55400932e-02
    7.87341297e-02 5.44191122e-01 6.17807865e-01 4.23154414e-01
    6.72253370e-01 7.57524252e-01 8.00602019e-01 8.76294255e-01
    7.32906282e-01 7.94316649e-01 6.63138330e-01 4.62442547e-01
    2.24270225e-02 1.72094673e-01 3.95926088e-01 4.25337791e-01
    7.78769910e-01 6.45729482e-01 2.43570030e-01 8.96988034e-01
    3.73155236e-01 9.28820491e-01 5.86738884e-01 7.63414085e-01
    3.74442577e-01 5.08113801e-01 8.57879221e-01 6.67639613e-01
    3.12003732e-01 1.39102012e-01 6.51309729e-01 8.59121978e-01
    6.12305999e-01 2.75594413e-01 3.63625050e-01 4.03475314e-01
    3.19549799e-01 4.08458114e-01 2.51271397e-01 2.06030816e-01
    4.95745540e-01 4.26063687e-01 2.12183625e-01 2.73935199e-01
    6.69389367e-01 3.16666543e-01 8.82588923e-02 4.98793125e-01
    2.91209102e-01 4.53009307e-01 7.73968458e-01 7.34718204e-01
    1.84214115e-01 7.88117409e-01 9.70545769e-01 1.28951907e-01
    9.70660686e-01 2.64463186e-01 5.23914695e-02 7.04994500e-02
    8.67908001e-01 1.70276761e-01 5.67831337e-01 8.92693639e-01
    2.71938503e-01 6.90066755e-01 8.86298299e-01 6.71518564e-01
    9.60135460e-02 4.97269899e-01 2.37007618e-01 8.81987214e-02
    2.80632913e-01 6.10368490e-01 5.19831896e-01 3.59062344e-01
    6.95475459e-01 1.78252280e-01 1.63520485e-01 5.97590089e-01
    3.96937162e-01 7.18058825e-01 3.91321182e-01 7.34558582e-01
    6.94100976e-01 9.21268165e-01 1.32328749e-01 3.40284228e-01
    8.88358414e-01 2.12593406e-01 4.28328335e-01 5.63825190e-01
    9.96813715e-01 9.79154825e-01 8.56462955e-01 7.54535913e-01
    6.85910046e-01 1.24752402e-01 8.63775432e-01 1.16612643e-01
    5.73243380e-01 5.16985774e-01 5.78267813e-01 5.92174411e-01
    9.30713654e-01 7.41532683e-01 6.34576201e-01 6.30055249e-01
    7.89852142e-01 3.35095167e-01 4.62977290e-02 5.89052141e-02
    4.15544748e-01 4.10924017e-01 1.00823343e-02 9.92708325e-01
    1.87212676e-01 2.11814940e-01 6.33213043e-01 8.45712423e-01
    3.28916609e-02 1.39966756e-01 5.13703525e-01 8.10247779e-01
    5.18577218e-01 6.78994954e-01 2.09087551e-01 6.24684453e-01
    1.33734494e-01 7.53239810e-01 6.37388766e-01 6.84448957e-01
    2.88920522e-01 9.26540732e-01 5.05989015e-01 5.26490867e-01
    3.15927446e-01 1.02349252e-01 5.67926943e-01 6.19124055e-01
    5.73173881e-01 9.32827830e-01 8.49969506e-01 6.88223839e-02
    5.09858608e-01 3.66574407e-01 9.21741128e-01 6.50307655e-01
    3.41156125e-02 9.39747334e-01 8.78605723e-01 5.07240176e-01
    1.69835299e-01 6.95297122e-01 5.56376576e-01 9.86252487e-01
    3.74805629e-01 5.23327291e-01 4.25992429e-01 4.37836945e-01
    6.05332255e-02 3.89409035e-01 5.62897503e-01 2.64326751e-01
    4.06687737e-01 3.51158798e-01 7.83994198e-02 8.05653632e-02
    8.03472996e-01 6.68806314e-01 5.78696132e-01 6.64622962e-01
    9.60574508e-01 1.12506419e-01 3.99915278e-01 5.25635660e-01
    9.40404952e-01 2.71013469e-01 4.24069345e-01 1.03809923e-01
    3.90582085e-01 9.57793772e-01 2.09811002e-01 8.38259459e-01
    4.27113920e-01 1.62132293e-01 2.77373195e-02 3.21495175e-01
    4.97451007e-01 4.39289421e-01 6.47847772e-01 9.73224998e-01
    2.31171042e-01 9.73259330e-01 2.35593408e-01 7.49208570e-01
    2.85118520e-01 9.49461281e-01 9.55309808e-01 3.84378433e-03
    3.70116383e-01 7.18222022e-01 1.53624684e-01 8.44486177e-01
    8.02169442e-01 4.70012426e-01 2.69152224e-02 9.20896709e-01
    1.67600095e-01 3.06591988e-02 4.87125516e-02 2.91185379e-01
    9.22688127e-01 4.37184572e-02 8.97204518e-01 8.70262206e-01
    4.59153652e-02 8.97556543e-03 8.04242194e-01 8.21009457e-01
    2.73306042e-01 5.92342019e-02 3.51854920e-01 5.51486015e-01
    1.51896477e-03 6.97916985e-01 4.40811157e-01 9.28491116e-01
    6.32904470e-01 5.51728606e-02 8.76568317e-01 9.79538560e-01
    8.83867979e-01 4.73398864e-01 5.48374355e-02 9.00986791e-01
    2.06608742e-01 6.28989041e-01 8.21530223e-01 2.48923957e-01
    2.69056469e-01 8.36846352e-01 1.46231949e-01 5.47851264e-01
    7.84042299e-01 6.67157531e-01 3.40894818e-01 7.51801133e-01
    2.45793492e-01 7.12063909e-01 3.30975473e-01 1.68243051e-02
    8.54696155e-01 7.63171792e-01 4.55879867e-01 9.76989865e-01
    6.32523298e-02 7.07433820e-02 2.00428367e-01 6.38002574e-01
    5.27406573e-01 3.96367133e-01 4.36976612e-01 7.06043661e-01
    8.53000522e-01 8.13047290e-01 2.60123491e-01 3.70026410e-01
    2.69613475e-01 4.38705087e-03 1.97821021e-01 9.84178483e-02
    4.70796973e-01 1.71629339e-01 5.35817146e-01 7.34070480e-01
    1.61243379e-02 8.60057652e-01 5.05286157e-02 7.60850668e-01
    5.34320831e-01 4.00763035e-01 4.95639801e-01 8.77160668e-01
    1.70728922e-01 1.81290090e-01 1.20988697e-01 7.24245369e-01
    8.45879972e-01 2.27572083e-01 6.99501276e-01 7.83365011e-01
    3.73901129e-02 6.84239388e-01 8.84432435e-01 7.35530078e-01
    3.63690853e-02 7.40823507e-01 3.11189055e-01 3.39068472e-01
    9.06905532e-01 1.69512182e-01 3.81767750e-05 6.48034275e-01
    9.98383224e-01 6.32725000e-01 6.95878267e-02 1.61963820e-01
    4.00974303e-01 4.55777943e-02 6.98750734e-01 3.70254517e-02
    8.13566566e-01 2.11650789e-01 2.14055508e-01 9.47228074e-01
    8.70463729e-01 4.89744872e-01 1.08632118e-01 9.22035336e-01
    8.81117463e-01 8.95113707e-01 8.99149656e-01 3.15564036e-01
    7.87964940e-01 9.92284954e-01 7.18271613e-01 2.81095088e-01
    3.62248182e-01 8.86840641e-01 6.76611423e-01 9.68740225e-01
    1.41885817e-01 2.52140433e-01 3.62384140e-01 4.33043271e-01
    3.70045900e-02 5.31441629e-01 9.57914054e-01 6.49833143e-01
    8.86057496e-01 9.14095879e-01 8.56805027e-01 8.86885524e-02
    3.43872607e-02 1.29317552e-01 9.65901613e-01 5.55800617e-01
    5.21410942e-01 8.24624300e-01 8.90431106e-01 4.94414568e-02
    7.21323013e-01 3.15339029e-01 9.06776071e-01 1.35199636e-01
    4.03794289e-01 4.29898977e-01 5.68060458e-01 9.69562113e-01
    5.07769883e-01 2.38178998e-01 7.00068533e-01 7.66256869e-01
    9.37961102e-01 1.46963239e-01 8.75962973e-01 1.22639149e-01
    6.52550161e-02 4.32678044e-01 8.23323965e-01 5.42307317e-01
    7.51271963e-01 4.42472398e-01 6.73410833e-01 7.76168525e-01
    4.14479136e-01 3.93263072e-01 5.27761757e-01 6.23271465e-02
    1.88367546e-01 5.35109937e-02 4.24337834e-01 4.10493046e-01
    1.05245411e-01 6.61800027e-01 5.65534472e-01 2.46407479e-01
    8.19151103e-02 5.24606705e-01 8.02209020e-01 4.81340259e-01
    2.25634873e-01 9.04129744e-02 5.78778863e-01 1.90290213e-02
    2.71231890e-01 8.17760348e-01 1.38834953e-01 2.02448666e-02
    4.61763382e-01 2.76194751e-01 4.89872426e-01 4.98503059e-01
    4.70833957e-01 2.59045959e-01 8.05983067e-01 1.04964375e-02
    7.93670893e-01 1.95750773e-01 3.77218902e-01 7.88637638e-01
    7.28215873e-02 8.42038631e-01 6.53530598e-01 6.02164567e-02
    8.23777199e-01 9.06718493e-01 5.40038049e-01 1.66615397e-01
    4.06318426e-01 4.89044547e-01 3.33786011e-05 2.99571335e-01
    9.79958653e-01 3.49958122e-01 1.21466219e-01 8.18590045e-01
    8.37098181e-01 8.33191276e-02 5.87140739e-01 3.55428696e-01
    9.59295988e-01 2.31909305e-01 2.79387712e-01 6.42038345e-01
    2.04104096e-01 8.90730262e-01 6.35286391e-01 5.94898105e-01
    9.07936275e-01 5.26158750e-01 1.10061109e-01 5.56951940e-01
    6.39657974e-01 5.14342606e-01 8.76330972e-01 9.18073535e-01
    9.72762585e-01 9.35276151e-01 2.23109066e-01 5.07080972e-01
    8.79164100e-01 8.32028151e-01 6.73926294e-01 7.12884307e-01
    7.16324925e-01 5.05841315e-01 8.51054549e-01 1.42411679e-01
    7.23680973e-01 1.45819128e-01 7.09149659e-01 7.77583122e-01
    4.91732776e-01 9.26080465e-01 2.82180607e-02 1.19495630e-01
    9.23331559e-01 7.68830776e-01 9.61570263e-01 6.68524206e-02
    2.70608902e-01 4.43455100e-01 4.71716434e-01 3.94204497e-01
    8.06534231e-01 5.08511961e-02 8.08035433e-02 2.38392055e-02
    3.09020281e-04 8.38389754e-01 3.81773710e-02 1.32270247e-01
    5.51845610e-01 1.03484452e-01 6.78882897e-01 3.12567711e-01
    7.70395696e-02 5.74449897e-01 3.75201523e-01 8.68262231e-01
    7.06849039e-01 4.84233677e-01 5.63808680e-01 3.12368661e-01
    9.68202233e-01 7.60845304e-01 9.23103452e-01 4.14880216e-01
    3.35787177e-01 4.38952446e-02 5.61811924e-02 9.49095726e-01
    4.47932154e-01 9.02768016e-01 3.53061646e-01 5.57310045e-01
    7.31537938e-01 6.12128139e-01 3.57884884e-01 2.90975869e-01
    5.89549541e-01 8.37269127e-01 1.12053096e-01 5.43397248e-01
    4.32173014e-01 3.59055549e-01 7.76513457e-01 5.75623453e-01
    3.33375901e-01 2.53355354e-01 5.10383487e-01 3.49195361e-01
    9.69775319e-02 6.41263247e-01 1.09668732e-01 2.91402161e-01
    9.15404499e-01 1.42358243e-01 8.38512897e-01 3.90667319e-01
    5.34705579e-01 1.49481833e-01 6.08137488e-01 2.99177915e-01
    1.93170786e-01 8.91445398e-01 5.99712074e-01 7.87062287e-01
    5.08605659e-01 7.95676708e-01 8.38834882e-01 9.17335927e-01
    2.17286348e-01 7.82849729e-01 2.95387208e-01 3.12080085e-02
    6.30626678e-01 4.15521920e-01 1.01632774e-02 5.17924011e-01
    3.10134470e-01 6.39257669e-01 1.79685622e-01 2.38682806e-01
    2.63563901e-01 9.38434958e-01 3.67247045e-01 2.55886436e-01
    8.10897112e-01 5.82213581e-01 8.93972278e-01 2.75019825e-01
    9.99436498e-01 9.09007430e-01 9.01174307e-01 3.92476320e-01
    4.35139596e-01 5.18549204e-01 5.75514972e-01 6.20542705e-01
    9.79081392e-01 6.83862686e-01 7.84810066e-01 9.24738526e-01
    9.50198412e-01 7.39131033e-01 5.93189299e-02 9.55061793e-01
    4.89660561e-01 1.97041661e-01 8.28564048e-01 3.18703175e-01
    6.58037901e-01 7.69374132e-01 6.30923092e-01 1.70006573e-01
    9.46047068e-01 6.28196061e-01 8.85963321e-01 1.17138624e-02
    1.13150299e-01 7.16292620e-01 2.39856094e-01 1.86500877e-01
    8.26185405e-01 3.46405149e-01 5.50490677e-01 9.05790091e-01
    3.31801623e-01 6.18509889e-01 8.51968229e-02 5.50618470e-01
    9.41498399e-01 9.42790389e-01 4.35359240e-01 1.73670560e-01
    5.87447524e-01 7.71166086e-02 9.29654241e-01 7.38034070e-01
    9.34567153e-01 9.77346420e-01 4.00194615e-01 2.48816699e-01
    1.12311035e-01 6.96571052e-01 4.98967052e-01 6.06374145e-01
    4.02580202e-01 6.64179444e-01 3.28952342e-01 3.06382954e-01
    9.88794327e-01 9.67540741e-02 3.53200912e-01 3.96224082e-01
    5.01320124e-01 5.66136837e-01 2.64776379e-01 9.74961042e-01
    4.81481254e-01 6.78076029e-01 5.16244352e-01 2.59153545e-02
    4.83937413e-01 7.28101492e-01 8.22098136e-01 8.22637916e-01
    6.85281813e-01 4.93010908e-01 9.27703619e-01 8.11903000e-01
    6.34734154e-01 3.71605039e-01 2.05475092e-01 1.27430886e-01
    5.52079678e-02 1.67164832e-01 3.87695611e-01 2.24586546e-01
    6.37598932e-01 8.31903577e-01 2.77072132e-01 7.84303248e-02
    9.36987519e-01 7.08775878e-01 3.30192983e-01 9.42168176e-01
    3.39257747e-01 8.47576797e-01 7.63268113e-01 4.82410461e-01
    6.94113970e-01 2.28675842e-01 4.60835695e-01 8.70634019e-02
    3.95507276e-01 9.39595222e-01 5.84110022e-01 8.83616924e-01
    3.59524250e-01 7.40462542e-01 6.71969891e-01 4.56004351e-01
    8.00209880e-01 8.91657233e-01 8.55696797e-02 9.51290131e-01
    4.21996146e-01 6.85344875e-01 4.09408808e-02 3.65138113e-01
    7.79407740e-01 8.76323879e-02 5.84369302e-01 7.72991896e-01
    7.06654787e-01 5.49230278e-02 2.93566346e-01 2.73499906e-01
    7.90731966e-01 7.01874733e-01 5.37267864e-01 2.83574402e-01
    5.32615542e-01 6.54358804e-01 2.90398300e-01 2.83430994e-01
    1.33049816e-01 2.37739086e-03 5.39133787e-01 1.78214312e-01
    1.97369248e-01 1.83750063e-01 2.17658579e-02 1.92340642e-01
    8.93624067e-01 8.12382996e-02 6.59066319e-01 4.47984010e-01
    5.22366822e-01 6.50427759e-01 2.08116561e-01 6.86120987e-01
    1.41400576e-01 4.08414811e-01 5.57570457e-01 3.27046216e-01
    2.22814918e-01 1.07225269e-01 7.17053175e-01 8.84122610e-01
    7.16068208e-01 1.76739246e-01 1.58721834e-01 7.76896954e-01
    5.03995001e-01 2.78053671e-01 7.10039556e-01 7.40142047e-01
    6.42638862e-01 9.67443824e-01 6.14086628e-01 3.28056008e-01
    4.40547377e-01 7.01200962e-01 9.94598269e-01 9.41945195e-01
    5.12335598e-01 6.60958171e-01 2.73457766e-02 6.82536662e-01
    4.50104207e-01 9.50631618e-01 3.83232355e-01 1.07807100e-01
    6.24891996e-01 4.94834244e-01 6.52819097e-01 2.47970223e-03
    5.12664974e-01 2.57247686e-01 5.11198461e-01 1.58500075e-01
    7.07257926e-01 6.38729036e-02 4.91093695e-02 5.11193156e-01
    9.18487191e-01 1.43886507e-01 6.44146383e-01 1.16208881e-01
    9.32810545e-01 5.43087721e-02 1.83955997e-01 2.37064540e-01
    3.68914485e-01 6.00568175e-01 9.61591244e-01 4.26698208e-01
    7.23618507e-01 7.95669556e-02 2.54610181e-01 5.44519484e-01
    5.37281632e-01 6.87117994e-01 5.12260139e-01 5.50948739e-01
    6.05956018e-01 8.36592972e-01 2.37996638e-01 3.19458187e-01
    1.92629427e-01 6.15715086e-01 9.99645054e-01 8.51424456e-01
    2.26731032e-01 9.67854619e-01 1.59110159e-01 5.70614219e-01
    2.79179752e-01 7.43648648e-01 5.86730719e-01 9.97083604e-01
    4.60817099e-01 7.63820291e-01 9.50720072e-01 3.49204540e-01
    7.70999491e-02 2.52111197e-01 9.02509689e-02 7.64233649e-01
    3.11196119e-01 9.13602114e-01 1.60098970e-02 7.24801540e-01
    5.65067828e-02 1.52177840e-01 5.96930742e-01 1.09928459e-01
    3.08851242e-01 1.63960189e-01 5.16045570e-01 2.49998719e-01
    4.19507772e-01 7.20617950e-01 2.41582125e-01 7.91550756e-01
    5.34483373e-01 5.59763372e-01 9.03246105e-01 6.79965377e-01
    8.08240473e-02 6.58596396e-01 8.77667367e-02 8.40019643e-01
    2.42844194e-01 6.94222331e-01 6.61675096e-01 4.85770226e-01
    7.41740644e-01 3.11484724e-01 4.01360095e-01 9.34177637e-01
    4.90512788e-01 1.88330323e-01 9.60559785e-01 4.30309385e-01
    9.33397949e-01 5.38793087e-01 7.42775083e-01 6.07655227e-01
    5.94239593e-01 4.88214910e-01 3.13829988e-01 7.29348898e-01
    1.34854972e-01 3.95457685e-01 1.31357282e-01 4.85121578e-01
    6.65102422e-01 3.94205391e-01 5.54053187e-01 5.68840683e-01
    2.08680898e-01 3.24500561e-01 8.04195285e-01 6.26600266e-01
    1.89992487e-02 9.38342810e-02 7.82327354e-01 5.91044903e-01
    4.68726754e-01 2.54273474e-01 3.19900393e-01 1.31095201e-01
    8.13947320e-01 5.80772281e-01 3.78210932e-01 1.13352746e-01
    9.40159738e-01 4.26880717e-02 6.56609595e-01 1.18305326e-01
    2.56531328e-01 1.69367611e-01 4.07833904e-01 8.82267833e-01
    6.88473880e-01 3.93516660e-01 2.30791211e-01 8.19668770e-01
    4.62519318e-01 5.43655634e-01 1.40890092e-01 2.63854682e-01
    5.39497495e-01 2.87661910e-01 8.42702270e-01 3.13402414e-02
    7.46197939e-01 4.12134945e-01 8.56247425e-01 4.37831044e-01
    8.53306055e-02 7.60696292e-01 9.05141711e-01 1.54060066e-01
    5.95655203e-01 2.16735125e-01 8.94731939e-01 9.18447971e-01
    5.06237209e-01 8.19603086e-01 2.62627631e-01 2.43418247e-01
    8.46691608e-01 9.74838734e-01 2.26918578e-01 7.21647859e-01
    9.06895757e-01 8.93803239e-02 6.33448780e-01 2.20613182e-01
    3.05532932e-01 4.26587850e-01 5.25701404e-01 8.00666690e-01
    2.39643008e-01 8.98869038e-01 8.58903289e-01 7.80752659e-01
    5.52512944e-01 5.54804444e-01 9.31027651e-01 2.70227194e-02
    4.69265640e-01 3.95346731e-01 8.27511847e-02 6.68261945e-02
    9.26459670e-01 3.43944728e-02 3.26546490e-01 7.94110179e-01
    5.00061214e-02 7.13035762e-02 9.69747066e-01 3.11312079e-01
    2.81927705e-01 4.57889110e-01 6.33782864e-01 3.74182880e-01
    5.07005036e-01 8.50149035e-01 7.79914558e-02 1.32828355e-02
    3.98563921e-01 3.04329216e-01 9.75263596e-01 7.20695496e-01
    8.80947113e-01 4.70172465e-01 8.62743735e-01 4.72845018e-01
    1.07978344e-01 4.74535018e-01 1.14019126e-01 3.18989813e-01
    8.77106905e-01 4.73377347e-01 1.77695751e-01 4.25976068e-01
    9.23129380e-01 1.29419267e-01 7.90899634e-01 6.52971506e-01
    7.96958804e-02 6.34513259e-01 8.50527167e-01 1.30010486e-01
    2.59245753e-01 4.75606561e-01 1.55693680e-01 3.50336462e-01
    7.23475516e-01 6.99711561e-01 3.01099926e-01 5.82661271e-01
    9.79450047e-02 9.57180142e-01 6.49876714e-01 1.29509687e-01
    5.96229613e-01 8.13557744e-01 4.40828592e-01 2.52435148e-01
    6.60480678e-01 5.45042634e-01 4.33530003e-01 9.75256443e-01
    4.25393581e-02 7.65506744e-01 7.13811815e-02 5.31106591e-01
    1.76123351e-01 4.76578176e-01 8.59014988e-01 9.28046823e-01
    9.64395642e-01 6.47430658e-01 8.88947725e-01 1.27164930e-01
    4.80665028e-01 3.66194248e-01 4.28030729e-01 9.97219443e-01
    6.57870770e-01 4.21573460e-01 3.60783041e-01 5.83490431e-01
    3.18631202e-01 9.52196598e-01 9.78515148e-02 6.75925970e-01
    1.13265634e-01 5.97799063e-01 9.80585814e-04 3.41819108e-01
    1.07013196e-01 2.46992469e-01 8.79945755e-02 6.36129975e-02
    9.79791462e-01 4.98366773e-01 7.97161758e-01 3.60212088e-01
    1.08783334e-01 6.99682653e-01 6.46896601e-01 7.88258374e-01
    6.70515537e-01 7.58146048e-01 4.14237052e-01 8.51350904e-01
    8.69111121e-02 8.70295107e-01 2.41597027e-01 5.94338775e-01
    2.41425335e-01 2.52048135e-01 6.46939397e-01 8.67342651e-01
    3.75849724e-01 5.52796662e-01 6.70285881e-01 2.96568394e-01
    8.94035459e-01 8.79241109e-01 6.82243407e-01 9.70923305e-01
    8.39996576e-01 9.12073076e-01 5.07955909e-01 8.38402629e-01
    2.80326486e-01 3.79973650e-02 7.33928323e-01 5.47655523e-02
    8.84633958e-02 4.12732959e-01 4.40444648e-02 3.42940360e-01
    3.05375963e-01 8.10642958e-01 6.62935436e-01 6.32305264e-01
    8.98147047e-01 5.79431653e-01 2.41452664e-01 4.01075900e-01
    7.51437843e-02 6.69166923e-01 3.03088039e-01 8.09696436e-01
    8.44600260e-01 5.01151383e-02 5.97407103e-01 4.46554810e-01
    1.18818790e-01 7.12040067e-01 4.04782653e-01 8.06438446e-01
    2.17154831e-01 4.87034440e-01 4.66255933e-01 6.29513562e-02
    4.43609774e-01 4.40505356e-01 4.33451027e-01 3.88991833e-02
    9.63189244e-01 6.53702199e-01 6.36048257e-01 3.76195699e-01
    1.28909171e-01 2.26945460e-01 5.69839537e-01 1.25716925e-02
    9.11977887e-01 3.13410908e-01 2.29762048e-01 4.41893458e-01
    6.96800530e-01 5.52598238e-01 6.75637901e-01 6.06894791e-01
    7.62666941e-01 9.40285802e-01 9.34887052e-01 7.34880447e-01
    8.97018433e-01 1.26116693e-01 1.40366852e-02 8.76034498e-02
    4.17317301e-01 4.15080339e-01 2.11277783e-01 7.41053104e-01
    5.86237967e-01 7.98042059e-01 6.88564539e-01 8.50772858e-03
    9.76050735e-01 6.47565424e-02 6.30762279e-01 8.12589407e-01
    5.24648726e-01 2.82233715e-01 8.09431672e-01 9.31499362e-01
    9.28542614e-02 2.12562174e-01 8.21063638e-01 8.63306344e-01
    9.89339948e-01 8.45939875e-01 4.79711622e-01 1.35908544e-01
    1.84826910e-01 1.66541427e-01 3.27855706e-01 8.99115682e-01
    6.27982140e-01 3.68594229e-01 7.15956509e-01 6.62444592e-01
    6.60996795e-01 5.60361505e-01 7.41763830e-01 6.07293665e-01
    8.31510186e-01 4.55262512e-01 3.82637680e-01 1.81175530e-01
    9.46210921e-02 1.44784719e-01 8.86672378e-01 8.07353258e-01
    6.84545517e-01 5.76400459e-02 9.75720286e-02 3.63478005e-01
    9.95716095e-01 2.30939031e-01 9.03829932e-03 7.10356534e-01
    3.64950120e-01 4.21254963e-01 4.22219574e-01 4.08756822e-01
    8.61062050e-01 6.92397356e-03 4.57731247e-01 7.67050922e-01
    1.75858289e-01 7.29227543e-01 4.87680972e-01 5.21910131e-01
    4.19208497e-01 3.67419362e-01 8.81836534e-01 9.13839817e-01
    1.40441597e-01 2.46047765e-01 4.34289992e-01 1.37166202e-01
    9.07726943e-01 4.31077987e-01 2.00810432e-02 4.14886534e-01
    2.22380340e-01 9.94777799e-01 4.16532338e-01 6.75047040e-02
    3.45790029e-01 6.23050332e-01 7.75127470e-01 1.81829363e-01
    9.71577823e-01 7.59111762e-01 7.10682511e-01 9.11426306e-01
    5.32892942e-01 2.86938548e-01 5.71989000e-01 6.24329090e-01
    7.50698328e-01 2.74998546e-01 1.28410667e-01 7.26987422e-02
    3.40876162e-01 9.45531487e-01 8.89802694e-01 4.58220690e-01
    8.93274546e-01 8.20528865e-02 7.57506490e-03 2.61743069e-01
    8.44197512e-01 9.36523676e-01 4.07810032e-01 6.72382891e-01
    3.31697166e-02 8.99642825e-01 4.30414647e-01 5.08757293e-01
    3.29251826e-01 4.55760956e-03 3.52637112e-01 1.48875594e-01
    5.85226357e-01 7.20897675e-01 1.06889248e-01 2.66490281e-01
    3.15567464e-01 4.76883650e-02 3.35393548e-01 9.60871816e-01
    9.10840631e-02 6.82388544e-01 7.88276672e-01 3.23977470e-01
    6.87216341e-01 3.67081463e-01 6.50204062e-01 1.59489185e-01
    5.57757914e-02 4.30921584e-01 5.39063752e-01 5.37482381e-01
    9.53806877e-01 4.26815748e-01 4.76919949e-01 4.16085422e-01
    2.34604478e-01 3.75274867e-01 3.38418186e-01 2.63087749e-01
    6.16247475e-01 6.92037642e-02 7.94901967e-01 1.37576610e-01
    6.24602139e-01 1.20595157e-01 7.38023400e-01 5.86457372e-01
    8.37311745e-01 3.28302085e-01 9.56684470e-01 7.34468579e-01
    9.96118903e-01 6.62126124e-01 3.15790772e-01 8.99648786e-01
    3.74793202e-01 3.89751613e-01 3.09626698e-01 3.53295803e-01
    3.67133021e-01 6.28493786e-01 8.72463226e-01 3.37525547e-01
    4.61164773e-01 3.92738879e-02 5.90969801e-01 1.01031870e-01
    5.70307374e-02 9.05437469e-01 8.62099230e-02 7.07346201e-03
    6.06747031e-01 4.56390500e-01 9.04297590e-01 3.62276614e-01
    2.26987600e-02 1.78547949e-01 9.07633781e-01 1.33537203e-01
    1.83973163e-01 1.09316528e-01 5.67850471e-01 1.91638917e-01
    5.17585874e-03 9.54609275e-01 1.39302909e-02 2.50588715e-01
    4.26396400e-01 5.28663218e-01 5.11243165e-01 3.68351221e-01
    1.20644778e-01 8.63596976e-01 2.98168182e-01 3.75493109e-01
    2.16284513e-01 9.98336673e-01 1.63675010e-01 6.70104802e-01
    9.07990575e-01 1.67879939e-01 2.79862046e-01 4.44895625e-01
    5.95508158e-01 6.83587670e-01 2.33412415e-01 4.47843879e-01
    9.00146842e-01 4.93283778e-01 1.58125252e-01 4.43691492e-01
    3.92214209e-01 6.95765734e-01 8.02319646e-01 9.53860521e-01
    2.83168793e-01 7.13588297e-01 2.27622122e-01 4.25763726e-02
    6.22167945e-01 4.84938443e-01 1.94430351e-01 5.21626830e-01
    5.12032151e-01 5.45071483e-01 7.98605442e-01 7.39575386e-01
    1.42453581e-01 1.95340812e-01 5.36400437e-01 2.72168994e-01
    2.26643562e-01 9.83951569e-01 5.18954515e-01 6.11501217e-01
    6.31393194e-01 1.51831269e-01 3.03250462e-01 6.98449254e-01
    4.16451514e-01 9.04681027e-01 7.75957227e-01 3.32260430e-02
    1.36184126e-01 1.89361840e-01 9.41718578e-01 2.45218635e-01
    2.34195322e-01 3.13312620e-01 4.52944338e-01 4.20796990e-01
    6.72733665e-01 4.45255101e-01 8.29795003e-01 4.00657028e-01
    8.42910111e-02 7.58569300e-01 8.18755984e-01 9.05593634e-01
    1.58206522e-01 2.39571631e-01 1.11797154e-02 8.15355539e-01
    5.63786805e-01 9.13186789e-01 5.59210062e-01 8.71372461e-01
    9.19097960e-01 4.61655855e-01 6.20550931e-01 4.00881290e-01
    2.53474057e-01 3.76303315e-01 9.59432900e-01 3.17097008e-02
    9.42272186e-01 2.38271356e-01 9.67004657e-01 6.59265518e-01
    7.42158294e-01 2.01454699e-01 2.23624438e-01 8.62567782e-01
    3.20257246e-02 6.49203122e-01 6.53636992e-01 6.63717091e-01
    1.46285355e-01 9.62137222e-01 9.83089864e-01 8.79056811e-01
    4.53936905e-01 2.71005720e-01 5.21424949e-01 6.17160976e-01
    3.56359422e-01 8.26481938e-01 3.16879451e-01 6.55250669e-01
    5.21983206e-02 1.15174919e-01 4.27985430e-01 1.18449807e-01
    7.75026560e-01 5.92157185e-01 3.50363553e-01 2.27601260e-01
    8.98463130e-02 1.46030486e-01 6.45473897e-01 4.43651408e-01
    1.40488774e-01 4.94880080e-01 6.23590231e-01 9.08518553e-01
    7.11060047e-01 3.81489545e-01 9.98463809e-01 9.52466011e-01
    5.26751280e-02 5.12992859e-01 5.34927189e-01 8.31748784e-01
    2.72550583e-01 9.20300186e-01 4.35205102e-02 4.46046591e-01
    1.18965805e-02 7.19579220e-01 7.75339305e-01 6.88111782e-01
    2.84233391e-02 8.52884173e-01 1.00927025e-01 8.35779309e-01
    5.75973988e-02 5.97680211e-01 1.62797868e-01 6.48030519e-01
    5.53762078e-01 4.84045237e-01 2.78478563e-01 1.36371523e-01
    2.91545212e-01 7.27541149e-02 9.78993773e-01 5.69042206e-01
    5.30881345e-01 9.60214496e-01 8.13548446e-01 5.04534006e-01
    8.29263330e-01 3.66932869e-01 8.73498082e-01 2.40231127e-01
    2.64625847e-02 7.49354243e-01 9.60987687e-01 7.88254738e-02
    3.69192690e-01 6.87055171e-01 7.36352801e-01 7.77243614e-01
    9.78528142e-01 2.89970219e-01 4.49662715e-01 8.31178308e-01
    7.26798356e-01 8.89240384e-01 7.32533455e-01 1.90557033e-01
    8.26215744e-03 5.78357577e-02 5.75141609e-01 1.79612070e-01
    9.34808075e-01 8.59428465e-01 7.98742294e-01 5.41408122e-01
    3.29300106e-01 3.22361469e-01 8.34443867e-02 1.86897874e-01
    1.20600402e-01 8.28262448e-01 8.55602324e-02 1.28284842e-01
    2.23860741e-01 7.23662138e-01 7.68317163e-01 9.76928532e-01
    1.59430176e-01 8.80296111e-01 5.82459927e-01 3.15266192e-01
    8.34120333e-01 4.01206076e-01 6.00138843e-01 2.83689797e-01
    1.70780092e-01 2.95785785e-01 7.20511675e-01 7.03853369e-01
    7.82601953e-01 7.43916929e-01 1.82134867e-01 3.15115124e-01
    8.91799271e-01 5.36000371e-01 3.56782436e-01 1.21355146e-01
    1.71090931e-01 7.32712030e-01 2.83008367e-01 7.65538931e-01
    4.98445839e-01 9.46536660e-01 1.39946163e-01 2.14222848e-01
    3.30797464e-01 4.25889134e-01 2.12296724e-01 4.35296476e-01
    1.89507335e-01 9.08040524e-01 2.51356602e-01 7.31964171e-01
    3.28889996e-01 5.58349311e-01 4.61092323e-01 4.71270889e-01
    8.67681265e-01 7.92087257e-01 5.92328429e-01 4.65433687e-01
    9.08122599e-01 3.82120609e-01 9.81018782e-01 4.56406087e-01
    5.01126528e-01 3.71280015e-01 7.33283341e-01 1.35464996e-01
    5.12299180e-01 2.91441619e-01 7.68759191e-01 7.97561646e-01
    8.92311335e-01 7.21188068e-01 7.38555193e-02 3.39366227e-01
    4.02737856e-02 8.35523188e-01 3.41065735e-01 8.91358018e-01
    5.77437282e-02 9.77345347e-01 4.57095802e-01 4.47118521e-01
    7.05388308e-01 5.68699181e-01 8.12453032e-01 8.79729867e-01
    4.84672010e-01 7.26172924e-02 3.84062529e-04 3.47130179e-01
    5.53936243e-01 8.13763618e-01 8.75641942e-01 2.58411944e-01
    5.75253367e-01 6.00471675e-01 7.17207491e-01 6.80895567e-01
    9.35344100e-01 2.36017853e-01 8.78458381e-01 8.28847528e-01
    6.92214668e-02 9.94648576e-01 4.03886318e-01 2.30274975e-01
    4.14628685e-01 1.95609182e-01 1.87451541e-01 7.17091739e-01
    4.32874203e-01 4.13545460e-01 7.86818564e-01 7.82525182e-01
    2.71898955e-01 7.50913501e-01 3.90153348e-01 3.80415022e-01
    3.82423878e-01 3.72204453e-01 9.09299254e-01 8.40731680e-01
    1.40403807e-01 7.37359643e-01 9.64018404e-02 1.30762964e-01
    5.68266690e-01 2.09635317e-01 7.64686108e-01 9.03411448e-01
    4.62313443e-01 8.51551056e-01 4.11982536e-01 6.18528664e-01
    7.63502002e-01 6.83828115e-01 3.89505565e-01 2.25461245e-01
    6.38008118e-04 9.01496410e-01 4.54399109e-01 7.08201587e-01
    1.89705372e-01 2.95091093e-01 1.75528377e-01 5.65424919e-01
    4.31332171e-01 3.28313589e-01 5.91684282e-01 2.39683449e-01
    2.41275042e-01 8.70180428e-02 7.84163415e-01 1.11308545e-01
    5.95030487e-01 4.78530645e-01 6.97051704e-01 2.96277821e-01
    2.68096030e-02 8.72716010e-02 4.03193951e-01 9.01215076e-01
    6.01562619e-01 9.77944493e-01 5.75119853e-01 1.19335949e-01
    3.93848062e-01 7.87127137e-01 9.51451778e-01 5.42404175e-01
    5.39088905e-01 1.34884745e-01 5.26246428e-01 2.21927941e-01
    2.36649752e-01 3.20773542e-01 6.65071309e-02 1.53184950e-01
    3.86405855e-01 7.13797629e-01 3.69280279e-01 8.24517846e-01
    5.50720632e-01 5.06248951e-01 6.66484594e-01 1.88154578e-01
    2.18706101e-01 9.63474989e-01 7.21133709e-01 4.15312052e-01
    4.93491024e-01 3.66841942e-01 7.06054568e-01 9.76235211e-01
    5.03176987e-01 7.64091015e-01 7.99925089e-01 1.02267414e-01
    7.74156928e-01 4.09677863e-01 1.32500231e-02 7.77065575e-01
    6.83960319e-01 6.17416978e-01 8.59510422e-01 2.47947812e-01
    9.63231921e-02 1.22447968e-01 5.70537806e-01 9.37863708e-01
    6.78284764e-02 2.52104402e-02 2.21814513e-02 8.58572781e-01
    9.02514160e-01 6.82901561e-01 8.66499066e-01 6.03394806e-01
    8.90302300e-01 2.72715718e-01 2.40520060e-01 1.34241849e-01
    9.64565992e-01 9.84896004e-01 6.24064326e-01 5.62386811e-01
    6.49800301e-01 3.13766062e-01 1.48018032e-01 4.34577525e-01
    4.86458361e-01 7.25842595e-01 8.18989873e-01 8.13530803e-01
    1.39470100e-02 3.54995966e-01 3.69450212e-01 7.02503800e-01
    2.30425447e-01 3.28030586e-01 9.78458285e-01 7.57531285e-01
    9.78470385e-01 4.65445131e-01 3.08584929e-01 5.41497052e-01
    1.00539327e-02 3.48208278e-01 4.52585131e-01 5.36520302e-01
    2.76184767e-01 9.66734648e-01 3.18079233e-01 1.37119263e-01
    6.23759925e-01 3.73528600e-02 4.41917360e-01 3.73846889e-01
    3.29493105e-01 3.01102489e-01 1.73495531e-01 5.46302199e-01
    3.20489943e-01 4.45385873e-01 4.28682566e-01 9.52380896e-02
    4.97218788e-01 4.30472493e-01 4.47418809e-01 8.40177774e-01
    8.22694421e-01 8.84560347e-01 1.97095573e-01 3.22946727e-01
    5.51799655e-01 6.27220154e-01 7.69703984e-01 8.75868499e-01
    2.73317993e-01 4.23449129e-01 2.59560764e-01 4.74872053e-01
    1.21851563e-02 2.53094703e-01 9.37209725e-01 8.00054312e-01
    8.98016930e-01 5.26626766e-01 2.92632997e-01 3.64290595e-01
    9.05840635e-01 5.45546293e-01 7.20776439e-01 1.71371460e-01
    5.15340447e-01 8.77788484e-01 8.91391039e-02 5.18309891e-01
    8.68465602e-01 7.65952349e-01 2.29139328e-02 5.45058250e-01
    4.13890898e-01 8.90186727e-01 9.87595916e-01 9.50028479e-01
    5.42544305e-01 4.14721817e-01 9.88173246e-01 1.88347489e-01
    8.44896197e-01 4.71793026e-01 5.91141164e-01 8.08022082e-01
    4.71129090e-01 1.20939940e-01 2.23518223e-01 8.85552227e-01
    9.20125484e-01 9.05131638e-01 6.64065480e-02 5.83638728e-01
    4.66665745e-01 8.96350086e-01 6.85521722e-01 4.75304097e-01
    9.45578218e-01 1.14841789e-01 7.04703987e-01 4.31966960e-01
    3.95031154e-01 7.31415451e-02 2.57656276e-02 8.88881207e-01
    3.18982422e-01 1.71089649e-01 9.33958530e-01 6.78351462e-01
    7.74174511e-01 8.90650272e-01 9.93077278e-01 5.90717018e-01
    6.27122819e-01 5.60717046e-01 1.58399105e-01 2.82181531e-01
    5.23375630e-01 1.76754892e-01 5.75159669e-01 4.06744003e-01
    3.90331209e-01 7.49140859e-01 5.79220116e-01 4.06831622e-01
    9.48942065e-01 7.91464925e-01 2.12357998e-01 5.10071337e-01
    9.00955498e-02 5.66129565e-01 4.15268779e-01 3.10098112e-01
    2.28804469e-01 2.05982864e-01 2.13862449e-01 5.86520672e-01
    9.84005690e-01 7.49133646e-01 2.87567437e-01 6.82967067e-01
    1.16822958e-01 6.19795084e-01 9.48991776e-01 1.38463169e-01
    7.12861419e-01 4.23605025e-01 3.57816041e-01 6.98463261e-01
    7.20436454e-01 2.80419528e-01 8.32530856e-03 9.38016176e-01
    6.56553745e-01 1.91311002e-01 3.48049164e-01 8.88490558e-01
    8.00946593e-01 7.72333086e-01 7.76256919e-01 9.48161602e-01
    7.15093911e-02 2.45946795e-01 9.83862519e-01 2.80071706e-01
    6.35017753e-02 4.09065902e-01 5.57604194e-01 4.74759728e-01
    6.89644277e-01 2.43345410e-01 2.33934313e-01 3.20558786e-01
    4.87603277e-01 2.51412392e-01 3.26105297e-01 4.45244044e-01
    5.00373244e-01 2.19741970e-01 3.92945707e-01 3.31008613e-01
    7.35709667e-02 8.94226193e-01 2.42486328e-01 2.47701675e-01
    7.71014214e-01 7.57224560e-01 6.03488088e-01 7.37011671e-01
    5.15533984e-01 4.60190266e-01 1.46579266e-01 8.85890841e-01
    5.49226999e-01 2.87158221e-01 8.00817013e-01 3.45581412e-01
    8.97135377e-01 2.48725861e-01 9.41562951e-02 2.36685008e-01
    3.22097957e-01 3.93979758e-01 9.74737644e-01 4.61559802e-01
    8.40799451e-01 9.62527990e-01 3.78689438e-01 4.49044704e-02
    5.14788568e-01 5.13212442e-01 5.81029654e-01 5.19375682e-01
    2.49710232e-01 6.49971604e-01 5.36382556e-01 9.80639696e-01
    1.61015391e-02 5.72625101e-01 6.18860304e-01 1.06783420e-01
    2.72380292e-01 5.09076059e-01 3.33072484e-01 1.19136423e-01
    8.76879454e-01 2.33454108e-02 3.60290706e-02 1.32098794e-01
    6.46520138e-01 6.38777018e-01 1.84166610e-01 6.57419324e-01
    6.95084095e-01 2.66068101e-01 3.13289970e-01 2.43218631e-01
    3.21850777e-02 7.48609364e-01 9.46763575e-01 4.62586284e-02
    4.14960682e-02 3.04124862e-01 3.50653052e-01 7.77591586e-01
    4.57415104e-01 1.89360708e-01 5.48727453e-01 1.12082958e-02
    8.33250880e-02 3.94008070e-01 1.42907053e-01 1.54963940e-01
    1.45201564e-01 8.53261650e-02 6.38017774e-01 1.95001960e-01
    9.29818690e-01 6.32393301e-01 4.15909290e-01 8.03543031e-01
    2.02375472e-01 8.30425739e-01 7.38165259e-01 8.87513757e-02
    3.19601476e-01 7.89306760e-02 2.24904418e-01 8.76702189e-01
    1.49763525e-01 6.34319425e-01 8.03981841e-01 4.95247692e-01
    7.02394783e-01 7.55475402e-01 6.56723797e-01 3.39082539e-01
    2.82404333e-01 6.10680163e-01 4.31618005e-01 9.42174733e-01
    6.74157619e-01 6.22487247e-01 6.66607857e-01 4.66402739e-01
    4.50176299e-01 1.26397550e-01 9.31933224e-01 2.03298420e-01
    5.99682271e-01 8.34082127e-01 1.47929698e-01 4.73101825e-01
    6.82455301e-03 5.90575576e-01 8.32942367e-01 3.46755207e-01
    2.26201862e-01 1.79009557e-01 5.89450657e-01 4.35911447e-01
    8.26469898e-01 1.36224717e-01 5.16332626e-01 6.89955890e-01
    2.01350451e-03 9.07102108e-01 1.73300922e-01 4.62141424e-01
    2.83072889e-01 5.03919423e-01 7.78192580e-01 8.51150155e-02
    2.60657907e-01 6.31034732e-01 1.28312707e-02 7.96358287e-02
    5.99673390e-03 4.46243584e-02 8.67622077e-01 1.10281736e-01
    9.50291157e-02 9.05755401e-01 6.01010025e-01 3.83548737e-02
    8.79714489e-02 5.78587115e-01 6.52514219e-01 2.80798614e-01
    8.02228808e-01 5.08326232e-01 7.95372427e-01 5.12383699e-01
    8.49503517e-01 8.54534388e-01 9.36821818e-01 6.09438717e-01
    9.47311401e-01 5.54358959e-01 8.93378735e-01 9.01251435e-01
    8.11101198e-01 7.37565458e-01 9.01303589e-02 7.82378912e-01
    3.08167815e-01 7.49225557e-01 1.77658796e-02 6.46983802e-01
    3.44778150e-01 9.29249167e-01 4.26321805e-01 7.64066517e-01
    2.61916280e-01 4.21975553e-01 4.73757386e-02 9.61843491e-01
    2.08048880e-01 7.10868120e-01 7.82977104e-01 3.92362833e-01
    5.46887636e-01 1.76931918e-01 2.87537098e-01 7.64722586e-01
    9.68103170e-01 8.29457402e-01 2.84768403e-01 6.25991464e-01
    5.38743258e-01 5.66053748e-01 1.59409046e-02 4.20300424e-01
    8.65938365e-02 3.59546930e-01 6.96740448e-01 6.13058746e-01
    8.15080881e-01 5.42473853e-01 8.88003707e-01 6.42300546e-01
    9.80483890e-02 9.09786224e-01 8.71512771e-01 3.29120696e-01
    1.40209705e-01 2.20500767e-01 3.59739631e-01 5.77045918e-01
    3.82462859e-01 8.30975056e-01 9.33686912e-01 9.21189427e-01
    7.05797315e-01 3.01664352e-01 7.04745650e-02 8.85304987e-01
    2.81022012e-01 1.71846539e-01 6.84183538e-01 3.72357368e-01
    7.37960756e-01 8.13094795e-01 3.41650665e-01 8.91690433e-01
    3.73162866e-01 4.03135926e-01 3.15375328e-01 6.29239976e-01
    4.04476196e-01 7.55392790e-01 1.83336943e-01 7.97596574e-02
    8.13586354e-01 8.55622947e-01 3.67066979e-01 1.91929996e-01
    2.93488503e-01 6.99825764e-01 3.53143573e-01 7.83719957e-01
    4.72652912e-03 5.96665144e-01 5.47029138e-01 4.90061522e-01
    1.35141343e-01 4.50369328e-01 4.61871058e-01 2.04980433e-01
    1.28701836e-01 1.29765928e-01 3.04472148e-02 4.15684283e-02
    3.46386433e-02 3.56233478e-01 5.28551877e-01 7.35431433e-01
    1.80263042e-01 7.31840909e-01 3.57109308e-03 2.98793316e-01
    2.07745463e-01 3.31320941e-01 6.15211248e-01 4.64471817e-01
    2.28064060e-02 6.93811774e-01 6.72748566e-01 5.77621877e-01
    6.25891745e-01 8.20546567e-01 5.95201313e-01 3.76829237e-01
    3.32306623e-02 9.38527703e-01 1.42667621e-01 8.12918186e-01
    8.41663957e-01 7.10411191e-01 3.18299502e-01 1.55535340e-03
    2.38276243e-01 9.34423566e-01 3.71745765e-01 3.02725852e-01
    2.53200889e-01 5.39178848e-01 7.00977147e-01 5.19298613e-01
    7.02003598e-01 9.29101884e-01 2.73968816e-01 7.70868063e-01
    2.91257918e-01 6.56058550e-01 3.37609202e-01 1.59895360e-01
    2.69336462e-01 3.60702693e-01 2.10795164e-01 7.68342018e-01
    8.55333805e-01 7.66207159e-01 7.67011642e-01 8.14120531e-01
    1.60754293e-01 7.49930739e-01 7.12462425e-01 6.35085762e-01
    4.69572932e-01 4.20882761e-01 2.03716755e-01 4.94268149e-01
    1.61990225e-01 6.52540267e-01 1.41421080e-01 7.92886019e-01
    1.66683286e-01 8.23644280e-01 9.24811959e-02 9.24530923e-01
    7.48271227e-01 2.43968993e-01 3.74376476e-02 6.25470459e-01
    2.54434764e-01 1.90111488e-01 1.01527572e-03 8.40588152e-01
    1.78280622e-01 8.28420639e-01 9.83581662e-01 1.91539466e-01
    9.16705847e-01 9.35908258e-02 1.89233392e-01 7.34336495e-01
    6.80434525e-01 6.03738606e-01 8.03800881e-01 3.77400815e-02
    9.40574288e-01 1.25141740e-01 7.39579678e-01 3.76839519e-01
    6.74581230e-02 9.85714912e-01 6.61990404e-01 8.74590874e-01
    9.09834027e-01 8.99558663e-01 1.49514914e-01 4.89194989e-02
    4.53610003e-01 4.45619702e-01 8.81770849e-01 3.88187766e-02
    2.58369982e-01 5.75346947e-02 4.98769969e-01 3.79388332e-02
    9.19478893e-01 6.75511837e-01 2.80833125e-01 2.79989481e-01
    1.42486334e-01 1.14100575e-01 7.11240649e-01 8.24561238e-01
    8.36580753e-01 2.00675428e-02 9.69850481e-01 9.20148611e-01
    4.55287248e-01 9.83058333e-01 5.54606915e-01 4.20947820e-01
    9.10389781e-01 8.82756233e-01 7.71012425e-01 7.94152737e-01
    5.43503404e-01 5.33639073e-01 4.18173164e-01 5.71379244e-01
    7.52785683e-01 1.71242654e-02 5.79322994e-01 5.76626003e-01
    9.15582061e-01 9.13675547e-01 2.30791718e-01 6.46567047e-02
    3.50782394e-01 2.43831545e-01 6.74933910e-01 2.98129261e-01
    8.98173213e-01 6.17505729e-01 2.63834894e-01 5.26957273e-01
    1.64004087e-01 1.80788368e-01 2.31439888e-01 6.92573369e-01
    6.59895062e-01 5.23601353e-01 2.83602655e-01 1.25711322e-01
    8.83116722e-01 6.79684758e-01 5.48435271e-01 8.48270953e-01
    4.82030839e-01 8.40410948e-01 9.07505929e-01 2.36742139e-01
    5.01410544e-01 4.83795702e-01 5.98570883e-01 6.57562375e-01
    8.66336584e-01 6.09688699e-01 1.25548273e-01 8.15377474e-01
    9.28083062e-02 8.02851558e-01 1.51969135e-01 3.31885099e-01
    6.57604039e-01 2.57635534e-01 2.45229274e-01 3.74638379e-01
    7.24384785e-01 2.40532160e-01 4.10746515e-01 7.13707030e-01
    5.19195557e-01 8.48291636e-01 6.79434776e-01 2.21025944e-03
    5.74671507e-01 6.55640125e-01 3.97298425e-01 4.78435934e-01
    2.72995830e-01 7.95111060e-01 1.41391158e-01 2.71388501e-01
    3.65814567e-03 8.43399107e-01 9.26216304e-01 7.53136873e-01
    9.41505969e-01 2.19609648e-01 1.97592586e-01 6.34970844e-01
    3.16710562e-01 6.39272869e-01 8.10521483e-01 4.88263339e-01
    3.08253169e-01 8.19677353e-01 4.62624460e-01 4.62791026e-02
    6.82886004e-01 3.49395782e-01 8.96520495e-01 3.84220719e-01
    5.05769372e-01 2.12232172e-01 6.89690053e-01 6.02955997e-01
    9.39263701e-01 8.16430867e-01 1.70965195e-02 8.65453720e-01
    3.70339423e-01 7.88695455e-01 3.59423995e-01 5.71874380e-01
    8.53097498e-01 1.39873296e-01 3.25086713e-03 6.19153202e-01
    4.69155401e-01 9.95213747e-01 8.24928463e-01 3.33605766e-01
    8.37904572e-01 5.84411204e-01 8.13772082e-01 3.37644368e-01
    4.60328579e-01 2.99806118e-01 9.83871102e-01 7.74767756e-01
    9.02641892e-01 4.00514305e-02 7.23033488e-01 6.15303516e-01
    6.79228783e-01 9.64669704e-01 9.79287744e-01 9.79692101e-01
    8.40813279e-01 6.92667603e-01 9.84808087e-01 9.88321602e-01
    3.61037970e-01 9.86766517e-01 1.51352882e-02 8.36156666e-01
    8.02371144e-01 4.78271812e-01 5.23469627e-01 4.44258869e-01
    5.48757374e-01 1.32121325e-01 5.57369828e-01 8.64401579e-01
    7.46094286e-01 1.78019494e-01 6.16038024e-01 9.02192712e-01
    4.16289032e-01 4.94510323e-01 6.91266298e-01 3.66724908e-01
    8.15670192e-01 2.23821878e-01 4.07371163e-01 8.64562213e-01
    4.72062677e-01 4.82915342e-02 7.31928468e-01 2.09608078e-01
    3.43963057e-01 8.39148462e-02 9.42081213e-03 6.62835598e-01
    8.11528802e-01 6.09078050e-01 3.29906881e-01 3.70599091e-01
    8.97832453e-01 1.23973787e-02 4.80813384e-02 5.89791119e-01
    1.12371683e-01 3.89232010e-01 2.86982208e-01 4.99152631e-01
    7.02624023e-01 9.88064229e-01 4.74913478e-01 6.81612134e-01
    9.24769402e-01 4.11658257e-01 7.76408076e-01 8.90668035e-01
    8.97311687e-01 4.00100380e-01 2.52844334e-01 6.83563352e-02
    3.30876887e-01 5.80782950e-01 7.18254149e-01 6.37295187e-01
    9.99570787e-01 1.15636498e-01 4.37468916e-01 3.16388488e-01
    4.84034389e-01 9.55242276e-01 3.81481677e-01 1.87334687e-01
    5.58647692e-01 4.41943675e-01 5.31394362e-01 3.06687176e-01
    4.76328492e-01 8.91556382e-01 1.52329564e-01 2.29556471e-01
    6.89838111e-01 4.88127023e-01 4.35477763e-01 4.88259405e-01
    5.82166016e-02 4.14026797e-01 8.36947560e-01 5.36344469e-01
    5.17085373e-01 3.49614739e-01 6.14744067e-01 5.73147833e-02
    6.08957410e-02 1.03892624e-01 4.69165742e-01 9.09260273e-01
    1.19568735e-01 9.19426203e-01 1.75375462e-01 1.50956631e-01
    7.19083905e-01 6.13076031e-01 3.10412794e-01 2.88982540e-01
    4.69343841e-01 1.75314218e-01 1.79937929e-01 5.96447051e-01
    1.25375390e-01 5.33484042e-01 1.44272059e-01 2.59926915e-02
    8.14632177e-01 1.57085836e-01 7.71350265e-02 3.86988848e-01
    1.29778355e-01 8.76265228e-01 6.50192499e-01 3.45344901e-01
    7.39091218e-01 9.50865626e-01 7.32285857e-01 8.79647732e-01
    7.22096682e-01 7.29369402e-01 1.43692493e-02 9.44237828e-01
    8.34221184e-01 1.70713037e-01 6.68402731e-01 8.23544860e-01
    3.32996935e-01 8.58000636e-01 7.76289940e-01 2.40679353e-01
    7.72133350e-01 1.39978349e-01 2.97540754e-01 1.97542280e-01
    4.88352537e-01 6.20065510e-01 5.71202874e-01 7.41046906e-01
    9.34986472e-02 8.54215741e-01 3.25865030e-01 2.98903376e-01
    1.77759200e-01 3.75358909e-01 1.03468686e-01 6.51498020e-01
    1.27783537e-01 5.32686949e-01 4.97428685e-01 3.11037809e-01
    1.06934965e-01 7.52436161e-01 9.74616647e-01 5.28462946e-01
    3.89664233e-01 4.39479709e-01 8.34130049e-02 4.20979470e-01
    7.50005186e-01 5.55852890e-01 9.44796801e-01 4.25623477e-01
    8.70310366e-01 3.52603376e-01 2.69294858e-01 3.82858723e-01
    3.33369225e-01 4.24852401e-01 2.25934327e-01 8.79851103e-01
    2.07966059e-01 2.50479639e-01 8.00296068e-01 3.06514025e-01
    2.32012987e-01 9.61536169e-01 5.49517691e-01 5.09980619e-01
    4.68766928e-01 7.90201724e-01 6.83309913e-01 4.61268842e-01
    5.40108263e-01 6.27288342e-01 9.28935170e-01 1.44871175e-02
    5.93548357e-01 8.35900247e-01 8.01974654e-01 6.22435629e-01
    7.87276983e-01 1.35190994e-01 3.87197405e-01 9.51532602e-01
    9.32911038e-02 3.21126461e-01 6.95002198e-01 5.48371077e-01
    1.00391924e-01 1.22481555e-01 2.50627935e-01 9.23346281e-02
    3.86456341e-01 2.85347998e-01 3.90953600e-01 7.91370451e-01
    7.06595123e-01 6.72412276e-01 6.05470300e-01 5.52616298e-01
    2.74260461e-01 2.08092421e-01 1.62464947e-01 7.59897947e-01
    7.13776588e-01 2.03106463e-01 8.55207324e-01 4.69243050e-01
    2.34370410e-01 9.31374431e-01 8.94319594e-01 5.87438285e-01
    8.52750182e-01 9.94763196e-01 8.82074893e-01 6.95781291e-01
    8.43012154e-01 6.62082851e-01 1.92132056e-01 9.28787291e-01
    2.24021941e-01 9.96807992e-01 5.17507136e-01 2.16275215e-01
    8.43806267e-02 6.43193841e-01 3.85700852e-01 3.95628870e-01
    9.18693125e-01 3.28622311e-01 5.03926039e-01 3.67079496e-01
    5.44430614e-01 6.20757878e-01 5.02041757e-01 2.36372054e-01
    8.80404055e-01 7.76427984e-03 2.41583258e-01 4.39381629e-01
    9.60086405e-01 7.53213763e-02 9.50245678e-01 1.12089455e-01
    3.29924047e-01 3.50304902e-01 2.58589983e-02 3.02708089e-01
    4.94902134e-01 6.97562516e-01 9.25323546e-01 8.63402247e-01
    6.22062087e-02 3.34679306e-01 9.52919781e-01 7.31766343e-01
    2.79641151e-02 6.45378351e-01 6.64001167e-01 8.88431430e-01
    4.76525992e-01 4.37825888e-01 6.93622768e-01 9.17181134e-01
    4.06428933e-01 8.22246432e-01 8.23739648e-01 7.74338901e-01
    4.71890509e-01 2.98278153e-01 1.57250553e-01 5.00966549e-01
    7.84671009e-01 2.97642320e-01 1.35250479e-01 5.98187387e-01
    4.68143046e-01 5.87565005e-01 3.31494331e-01 4.80358392e-01
    4.28144664e-01 6.47749364e-01 6.48472011e-01 8.24704051e-01
    8.56182933e-01 4.42804843e-01 5.19298434e-01 4.67240036e-01
    4.49245125e-01 2.53072023e-01 9.63644445e-01 3.03704888e-01
    5.59719026e-01 3.99460167e-01 8.85058105e-01 5.96316040e-01
    5.86194694e-02 7.48334587e-01 3.62757295e-01 7.53847361e-02
    2.11023062e-01 5.73313773e-01 2.12366819e-01 1.85655981e-01
    4.24427986e-01 7.98217475e-01 7.47877479e-01 9.88164425e-01
    1.08809501e-01 5.19555807e-03 4.05569345e-01 8.00698698e-01
    3.60896528e-01 3.29089016e-01 3.76127571e-01 9.13143158e-02
    7.64082372e-01 7.11842477e-02 4.11966532e-01 3.80527914e-01
    6.70878172e-01 3.63105834e-02 1.52451992e-02 7.41638780e-01
    4.81426716e-04 6.49277568e-02 3.82907510e-01 8.61756980e-01
    2.90011346e-01 4.55063879e-01 4.72392648e-01 5.91759384e-02
    5.70288122e-01 3.86091471e-01 4.88601416e-01 1.61965847e-01
    8.00573111e-01 6.94887042e-01 8.28211308e-01 6.50301218e-01
    8.66299748e-01 2.12706506e-01 5.71139455e-01 5.31614125e-01
    8.04387093e-01 7.97244966e-01 9.81055081e-01 4.33729351e-01
    3.00227165e-01 4.02951837e-01 6.37841463e-01 6.60888731e-01
    8.38675857e-01 3.34672213e-01 9.69007492e-01 9.26901937e-01
    4.99494225e-01 4.38074678e-01 2.17688560e-01 9.71835554e-02
    7.84931302e-01 4.68851566e-01 7.85015225e-02 6.75779641e-01
    9.83383000e-01 4.87138033e-02 4.44377273e-01 1.66287661e-01
    3.86770070e-02 7.88891256e-01 8.46749544e-01 3.84460807e-01
    2.64551163e-01 8.59360695e-01 9.85329628e-01 6.34190798e-01
    5.49930215e-01 8.94130468e-01 2.25651264e-02 4.91541624e-02
    9.99842405e-01 9.37842131e-02 5.62931657e-01 1.00530088e-02
    4.09985662e-01 8.74047756e-01 8.53070378e-01 2.25542694e-01
    2.55925089e-01 3.46606374e-02 4.14856046e-01 7.98557758e-01
    8.91388178e-01 5.13610244e-01 1.87888175e-01 5.81093848e-01
    3.87255669e-01 1.74188703e-01 9.19026732e-02 7.05826879e-01
    3.44511449e-01 6.55265808e-01 7.01448977e-01 4.89082098e-01
    1.25941277e-01 1.58632904e-01 3.92544001e-01 4.16281641e-01
    5.10594606e-01 7.97858715e-01 7.70356417e-01 8.72393072e-01
    5.59522271e-01 8.18913102e-01 6.94935620e-02 9.37624216e-01
    6.21033072e-01 4.07900095e-01 5.87730706e-01 3.43004346e-01
    1.20385915e-01 9.13273096e-01 6.55217111e-01 2.32942492e-01
    9.06431615e-01 1.50873601e-01 4.22099739e-01 8.84540498e-01
    4.75973785e-01 7.58881867e-02 9.28137302e-01 5.84130287e-01
    1.48375034e-01 3.62637818e-01 6.24348640e-01 1.85407102e-01
    2.81172723e-01 5.62968254e-01 1.30367696e-01 7.86108732e-01
    2.36626148e-01 2.70544678e-01 3.27876210e-01 9.04868305e-01
    9.99314308e-01 2.66719401e-01 9.75920260e-02 6.98925436e-01
    8.18956017e-01 5.29525876e-02 4.09938216e-01 9.74177003e-01
    4.70433503e-01 6.39924049e-01 1.94590718e-01 6.72051549e-01
    1.16519600e-01 3.01267982e-01 3.52647275e-01 5.94017565e-01
    1.55360490e-01 5.66716015e-01 4.49168563e-01 8.76412988e-02
    9.45958853e-01 1.27932668e-01 8.72949779e-01 8.70432615e-01
    3.22676718e-01 5.54917336e-01 3.03889036e-01 4.72690821e-01
    5.85369468e-01 8.39262009e-01 4.18653220e-01 7.44365990e-01
    3.76538843e-01 9.07048702e-01 3.77603501e-01 6.62911475e-01
    8.25929165e-01 7.18700528e-01 4.91437227e-01 4.81146336e-01
    8.56324196e-01 2.35580891e-01 1.55582547e-01 9.73595381e-01
    1.24135554e-01 2.25379914e-01 3.70852530e-01 3.74139249e-02
    2.01735079e-01 9.02823210e-02 7.73942769e-02 9.76440609e-02
    5.83620667e-01 7.76148319e-01 9.02796388e-01 2.81693935e-01
    2.27612227e-01 4.30488199e-01 6.12249851e-01 4.93595898e-01
    2.18753874e-01 7.45997667e-01 5.49002826e-01 9.49273705e-02
    6.08947933e-01 4.15525138e-01 6.94255590e-01 3.85706365e-01
    2.27472544e-01 6.02891207e-01 9.50768888e-01 1.29690945e-01
    3.64087522e-02 6.92173541e-01 7.76915848e-01 1.75616711e-01
    5.27640939e-01 6.53845191e-01 1.91059738e-01 8.09617996e-01
    3.69014591e-01 2.78865367e-01 6.44604862e-01 1.60949796e-01
    8.50968719e-01 8.63136828e-01 7.27458000e-02 6.90223157e-01
    7.12732494e-01 2.04078466e-01 1.57373101e-01 2.72114754e-01
    1.73178047e-01 7.40520597e-01 8.09249938e-01 9.65910554e-02
    3.74523103e-01 7.41858184e-01 9.63788748e-01 7.77741790e-01
    6.19482696e-01 6.45331264e-01 8.11380386e-01 6.31779015e-01
    7.85768628e-01 9.15192246e-01 7.75999069e-01 7.38970518e-01
    8.76237869e-01 9.85936880e-01 8.00385058e-01 7.54479647e-01
    8.97117078e-01 8.27553272e-02 5.49967110e-01 9.92265105e-01
    6.38679743e-01 3.04534137e-02 4.30572033e-02 3.13138366e-01
    3.04295272e-01 5.46950340e-01 4.77768183e-01 8.35461974e-01
    2.62363970e-01 5.54269910e-01 7.62263775e-01 1.47157729e-01
    3.67377907e-01 9.24913406e-01 9.51802015e-01 2.54224539e-02
    3.92672420e-03 1.91727936e-01 4.09763724e-01 9.41715598e-01
    2.08035111e-02 1.00600123e-02 4.01149452e-01 3.01766872e-01
    2.93536246e-01 7.13955224e-01 4.93847311e-01 2.89831877e-01
    4.99844640e-01 3.39146793e-01 7.45601535e-01 3.86640579e-01
    8.70770574e-01 6.79068387e-01 2.09596664e-01 7.55221605e-01
    1.75056159e-01 5.84490001e-02 6.59599900e-03 9.89499211e-01
    7.65721023e-01 9.72315073e-02 4.53997463e-01 3.23099852e-01
    4.16226536e-01 6.85211837e-01 3.21163774e-01 2.97318220e-01
    5.76038361e-01 6.88455999e-01 5.12910724e-01 9.47804451e-01
    8.03394020e-02 3.09234053e-01 5.29576302e-01 9.72245097e-01
    3.70374084e-01 8.65202844e-02 6.14522457e-01 8.51243436e-02
    9.44305420e-01 1.93081200e-02 7.32447624e-01 6.70679331e-01
    8.21647942e-01 2.14304566e-01 6.72247052e-01 3.09540451e-01
    8.25371683e-01 9.20458317e-01 9.60768402e-01 6.07569754e-01
    8.91523957e-01 4.61363703e-01 1.70049787e-01 8.10698152e-01
    2.32142508e-02 8.72858047e-01 4.03350174e-01 5.13161302e-01
    6.95462108e-01 8.60833168e-01 4.14633065e-01 4.91897613e-01
    9.61594105e-01 4.17668641e-01 7.98356533e-01 3.70754808e-01
    3.12922090e-01 5.08499146e-03 2.04772413e-01 3.01486433e-01
    5.98390102e-02 3.80853117e-02 4.99187499e-01 5.53099811e-01
    3.51008892e-01 8.57949197e-01 5.35297632e-01 3.94517064e-01
    9.13620591e-01 9.16916251e-01 8.42695534e-02 2.75760889e-04
    9.68125463e-02 9.30360079e-01 1.97302938e-01 5.73725045e-01
    3.39550167e-01 1.79021716e-01 3.94479811e-01 5.41816950e-01
    6.52083397e-01 7.07860470e-01 4.40335274e-03 9.78025734e-01
    3.30199122e-01 1.30535036e-01 4.67732996e-01 6.94882870e-02
    2.00182468e-01 3.84759933e-01 3.04320067e-01 4.08089340e-01
    9.73469973e-01 9.24290061e-01 1.23764813e-01 8.62030864e-01
    7.20966637e-01 9.48444724e-01 5.34491301e-01 6.09076917e-01
    2.93527603e-01 7.44509816e-01 5.64251244e-02 9.20867205e-01
    3.56541693e-01 4.16105300e-01 7.85643995e-01 9.37789619e-01
    2.65192330e-01 9.12837029e-01 1.97242588e-01 4.01794672e-01
    6.54958010e-01 1.53899342e-01 4.12375689e-01 9.04101729e-01
    9.02323306e-01 3.49524140e-01 8.56805742e-02 2.76310682e-01
    8.07018220e-01 6.07980430e-01 9.22343373e-01 8.94289613e-01
    7.61505365e-01 7.08361030e-01 1.65910304e-01 8.28089237e-01
    1.64171576e-01 7.28616476e-01 6.62166774e-01 6.18144512e-01
    1.64491534e-01 6.38205051e-01 1.84004605e-01 4.53919262e-01
    4.88296211e-01 1.22912377e-01 8.02008986e-01 8.54995251e-01
    1.65059209e-01 5.09819448e-01 3.01580727e-01 9.46241498e-01
    8.12589347e-01 7.03432679e-01 4.28121835e-01 4.53989774e-01
    6.49871230e-02 8.61855567e-01 6.19283319e-03 3.32646608e-01
    7.05310404e-01 6.54970586e-01 6.34977400e-01 8.72981668e-01
    5.29287219e-01 6.35502875e-01 8.79416227e-01 9.90453720e-01
    9.99632478e-01 4.86310184e-01 6.98225319e-01 3.12494814e-01
    3.07208896e-01 2.15880275e-01 3.99689078e-02 4.29022193e-01
    8.56687784e-01 4.85148281e-01 8.10968041e-01 3.02360713e-01
    3.94854188e-01 9.28778887e-01 6.91337287e-01 6.52403235e-01
    9.52671945e-01 9.82276201e-01 4.22812283e-01 7.75182307e-01
    9.97539163e-01 1.47548169e-01 1.98080808e-01 3.04801762e-02
    8.50328445e-01 2.33016014e-02 3.23459923e-01 2.04328001e-02
    3.77634168e-02 5.77074885e-02 9.69841897e-01 2.38964528e-01
    8.79754901e-01 4.94002253e-01 7.37662315e-01 1.10421270e-01
    3.39017719e-01 1.78081095e-01 9.07385945e-02 5.61988771e-01
    4.16685015e-01 8.40595365e-03 3.50883871e-01 8.61641765e-03
    2.78718621e-01 6.01513326e-01 8.76201391e-01 3.19070876e-01
    9.96904254e-01 3.11336994e-01 1.42252594e-01 1.31341189e-01
    5.98890781e-01 2.99143851e-01 4.06756401e-01 4.98016775e-02
    3.50080401e-01 5.15511453e-01 4.59348500e-01 1.93340957e-01
    8.70099068e-01 7.93044686e-01 1.19513810e-01 9.73200083e-01
    5.81350684e-01 1.86876059e-02 9.90476131e-01 7.83918619e-01
    9.24400926e-01 3.58716905e-01 5.48789144e-01 8.71202826e-01
    7.68345714e-01 4.50902760e-01 6.82766378e-01 8.88779759e-01
    5.32434940e-01 7.59266138e-01 9.45093989e-01 1.23343885e-01
    5.30035496e-02 8.90543461e-01 6.44208074e-01 3.26713651e-01
    8.85768592e-01 3.10079873e-01 1.02304637e-01 4.73537296e-01
    2.06726313e-01 4.32915092e-01 2.29883999e-01 3.38568419e-01
    5.96707761e-02 7.24502683e-01 9.07341838e-02 5.86731136e-01
    6.70545578e-01 5.69607556e-01 2.17784137e-01 1.36161864e-01
    3.86222899e-02 7.29528308e-01 8.57437193e-01 7.63715506e-01
    1.37982935e-01 7.91295171e-01 9.96063352e-02 3.78837109e-01
    4.67053592e-01 3.47789973e-01 2.03425199e-01 3.86163652e-01
    1.02925479e-01 5.55543005e-02 1.83164656e-01 3.66516650e-01
    3.72900248e-01 5.53376436e-01 2.13115633e-01 5.24684429e-01
    6.54230535e-01 4.24760878e-02 2.56801665e-01 8.05330753e-01
    7.67999828e-01 9.27747488e-01 3.13816100e-01 2.50966668e-01
    9.33040857e-01 4.80340064e-01 2.43615806e-02 1.25792623e-01
    7.57240713e-01 9.85231698e-01 9.34854746e-01 7.85881877e-01
    5.67677259e-01 2.18171537e-01 5.10947704e-02 8.64095449e-01
    2.87506223e-01 3.85687470e-01 1.90852463e-01 9.87167835e-01
    7.89304733e-01 7.23960400e-02 2.48058558e-01 6.86567783e-01
    1.62386835e-01 4.63026971e-01 6.36643648e-01 9.68872249e-01
    6.13368809e-01 5.48639655e-01 7.91109443e-01 5.07846415e-01
    3.23017657e-01 8.39499712e-01 6.70077682e-01 5.10749161e-01
    7.19585061e-01 6.11213326e-01 6.20748580e-01 5.13129175e-01
    3.85299027e-01 6.47615075e-01 6.60751045e-01 5.81192851e-01
    7.58261204e-01 9.45347667e-01 8.04635048e-01 9.32948589e-01
    1.48045421e-01 9.62908864e-01 9.04651165e-01 4.09195781e-01
    9.66403782e-01 2.01203376e-01 2.33042598e-01 3.19375187e-01
    9.45003748e-01 8.53805900e-01 9.21996951e-01 9.06536102e-01
    4.42601204e-01 9.29923475e-01 9.19094920e-01 9.49142575e-01
    5.37488639e-01 8.33845735e-01 8.09771538e-01 2.80976892e-01
    2.69968241e-01 8.44489574e-01 7.23641455e-01 4.79507685e-01
    6.23606741e-01 5.68364382e-01 1.77647531e-01 7.50759244e-01
    7.72320151e-01 8.12275767e-01 8.26489091e-01 7.99353480e-01
    5.40301979e-01 4.27676827e-01 4.05912220e-01 7.38982856e-01
    1.35647625e-01 1.20880336e-01 1.11533165e-01 1.11714035e-01
    4.90870357e-01 9.24379230e-01 5.82273901e-01 1.56284481e-01
    6.55636132e-01 5.25183320e-01 3.53884667e-01 8.17704439e-01
    1.19611770e-01 9.36542749e-01 5.49754441e-01 1.61686540e-03
    7.50120521e-01 6.86087072e-01 7.99219906e-02 6.82852149e-01
    8.32579613e-01 8.77863765e-02 7.76935101e-01 4.77759093e-01
    6.60114884e-01 4.22509670e-01 3.73031497e-01 3.49952519e-01
    6.22113049e-01 6.15030050e-01 9.97078001e-01 6.97249472e-01
    5.67718565e-01 8.71875286e-01 9.92717147e-01 3.37335885e-01
    5.47360837e-01 2.18784273e-01 7.42220759e-01 2.40044624e-01
    9.93143320e-01 4.60869104e-01 1.87672943e-01 8.83326769e-01
    5.41933060e-01 7.66100049e-01 9.16825831e-02 2.10455507e-01
    5.00286102e-01 4.52519655e-01 8.16103220e-02 5.07246256e-02
    8.61899614e-01 3.56691480e-02 6.60872102e-01 5.11544645e-02
    1.48632228e-01 8.08992624e-01 3.67054194e-01 5.50921798e-01
    4.60861206e-01 7.70824015e-01 1.88257098e-01 6.56005144e-01
    2.96836436e-01 7.84346938e-01 2.35745907e-02 2.29655981e-01
    3.96382958e-01 3.11320364e-01 8.51227045e-02 5.36985040e-01
    7.65645146e-01 3.04549187e-01 1.16020501e-01 1.69132918e-01
    2.67126083e-01 9.44832921e-01 2.27203757e-01 6.31724358e-01
    2.57044733e-01 4.78857458e-02 2.81718433e-01 4.37444746e-01
    7.10233688e-01 7.22038150e-02 8.87628436e-01 5.35278440e-01
    7.25449085e-01 7.79326022e-01 2.11550206e-01 6.81250036e-01
    5.56721330e-01 8.16927135e-01 5.30050993e-02 6.27534389e-02
    3.86726320e-01 4.18627650e-01 9.92155433e-01 3.77764344e-01
    1.81322992e-01 1.50441974e-01 5.36172986e-01 9.46123362e-01
    8.27450037e-01 4.87976253e-01 9.78279710e-01 4.21265483e-01
    9.60846901e-01 7.02423334e-01 4.45692450e-01 5.67172945e-01
    4.80041862e-01 2.06091017e-01 4.08664048e-02 5.78557789e-01
    2.39434183e-01 1.08638853e-01 5.38870394e-01 8.75321388e-01
    4.94802028e-01 7.63020515e-01 1.37718678e-01 1.85417712e-01
    4.60339785e-01 7.30202258e-01 7.84990191e-01 7.45354354e-01
    3.28063071e-02 8.07450473e-01 1.55814320e-01 2.49209672e-01
    3.66491616e-01 5.34375668e-01 7.22731054e-01 6.56879306e-01
    6.14185750e-01 5.22077680e-01 1.67101562e-01 6.15414977e-01
    4.34631765e-01 5.32765567e-01 6.30200863e-01 7.12523818e-01
    6.46952152e-01 5.10644853e-01 9.05279994e-01 4.12328869e-01
    4.70134765e-01 3.41930032e-01 1.73105329e-01 3.29908431e-02
    9.88252103e-01 6.39137685e-01 5.59217215e-01 5.94770372e-01
    6.97913766e-01 7.05326796e-01 4.96221989e-01 5.32877326e-01
    1.59881443e-01 4.90849942e-01 4.38932210e-01 4.71671462e-01
    2.36757398e-01 9.50170398e-01 7.24593401e-01 9.62442935e-01
    4.79473799e-01 4.56482530e-01 7.82121778e-01 4.70661640e-01
    6.18606031e-01 6.97510600e-01 7.65244067e-02 1.69222534e-01
    1.90358162e-02 1.61609799e-01 2.78965354e-01 9.84511852e-01
    6.33082509e-01 9.51132536e-01 4.64423686e-01 9.83585775e-01
    6.49427235e-01 2.06324726e-01 8.19928765e-01 9.73120034e-02
    8.65452051e-01 2.99941897e-02 3.77185225e-01 6.07292295e-01
    6.30308270e-01 2.67095834e-01 6.40338242e-01 1.19128048e-01
    2.35596418e-01 3.13172042e-02 9.47639942e-02 1.77461207e-01
    1.55241936e-01 2.51869500e-01 6.44031942e-01 1.22882575e-01
    8.76664758e-01 6.39750361e-01 5.50837755e-01 6.02297068e-01
    5.94952226e-01 7.87428856e-01 4.29284930e-01 7.81941056e-01
    5.49941480e-01 8.97314131e-01 4.24701869e-02 4.35209930e-01
    8.36191297e-01 9.79365170e-01 2.85982907e-01 4.25059944e-01
    8.03226233e-03 3.04501235e-01 6.99298143e-01 5.65998018e-01
    5.08908570e-01 1.84961379e-01 2.77131438e-01 2.70259142e-01
    1.85281694e-01 4.62149739e-01 4.71522242e-01 5.33656478e-01
    8.30718696e-01 1.92575902e-01 7.03003645e-01 3.83305252e-01
    3.24490279e-01 8.05429518e-01 4.46842641e-01 2.75464952e-01
    4.96034235e-01 4.94167984e-01 6.48137808e-01 6.26605570e-01
    8.10989916e-01 1.30195737e-01 4.74312663e-01 4.45237458e-01
    9.21685815e-01 4.65323120e-01 5.56900382e-01 2.29157209e-01
    8.92632186e-01 5.13389766e-01 6.03823900e-01 3.58865440e-01
    5.10422468e-01 2.04797059e-01 8.74682128e-01 5.47017694e-01
    3.39301407e-01 1.53913498e-02 9.50851679e-01 4.52997446e-01
    4.74025518e-01 7.40889609e-02 4.82480526e-01 6.61483705e-01
    4.35545087e-01 7.19184160e-01 4.19829339e-01 9.14874852e-01
    5.04744530e-01 6.51962042e-01 2.15088904e-01 8.01347256e-01
    3.20426226e-02 9.67541218e-01 1.51582420e-01 4.55861747e-01
    7.78232813e-01 3.25282246e-01 6.30390465e-01 3.82312089e-01
    8.08204651e-01 8.31377983e-01 6.98526263e-01 8.65820527e-01
    3.99086833e-01 2.18671709e-01 8.86424184e-02 1.32060289e-01
    9.87662196e-01 5.53586066e-01 9.37419176e-01 9.59978342e-01
    1.52024329e-02 1.31518245e-01 1.36318326e-01 5.53943634e-01
    8.85053337e-01 9.68674660e-01 4.33462530e-01 5.81094801e-01
    8.02391529e-01 3.33788007e-01 3.22476059e-01 7.16003180e-01
    3.72615993e-01 6.09286189e-01 6.31675839e-01 8.62463355e-01
    7.13332176e-01 4.95052338e-01 2.71578223e-01 8.06327462e-01
    5.67019463e-01 8.81571054e-01 5.76368451e-01 3.09621871e-01
    2.13459432e-02 8.46565723e-01 8.45414281e-01 3.87967587e-01
    3.71314466e-01 3.46880972e-01 4.96909201e-01 5.84017873e-01
    6.88677430e-01 4.93561208e-01 9.45182204e-01 1.06384277e-01
    9.55738425e-01 1.71049535e-02 6.11350656e-01 4.79945689e-01
    5.84900498e-01 8.43840837e-01 5.54833829e-01 9.16716814e-01
    8.54451299e-01 8.38673353e-01 1.83530152e-01 9.24765706e-01
    8.51700306e-01 7.65739083e-01 9.30683851e-01 4.41804618e-01
    9.88183618e-01 2.53291428e-02 9.59390223e-01 8.90065074e-01
    8.83630574e-01 8.71891022e-01 5.50317228e-01 6.40645385e-01
    9.42108989e-01 3.70894134e-01 1.62823498e-02 6.00585639e-02
    4.51017350e-01 7.15651155e-01 8.06552529e-01 1.91584378e-01
    3.15379590e-01 6.15045905e-01 1.41248703e-02 4.71318334e-01
    2.22970933e-01 6.57290936e-01 9.06423688e-01 9.60014820e-01
    4.90437716e-01 7.20327258e-01 4.35444921e-01 1.01394832e-01
    6.06476426e-01 9.07837331e-01 4.82859820e-01 4.97194529e-01
    8.48770142e-01 6.99974358e-01 4.74286139e-01 2.61990130e-02
    1.58677280e-01 1.23579860e-01 3.16868246e-01 8.47192049e-01
    9.93918955e-01 9.19739842e-01 8.86957943e-01 1.08782083e-01
    2.21416771e-01 3.91947031e-02 5.64695001e-01 6.76473022e-01
    8.09802651e-01 7.26629496e-02 8.31662416e-01 8.93942893e-01
    5.33222258e-02 8.52770209e-01 1.56615019e-01 1.30408555e-01
    4.28761035e-01 7.30786502e-01 1.42307401e-01 1.79904372e-01
    4.36724603e-01 1.39817864e-01 7.21212506e-01 4.38226700e-01
    8.88593256e-01 5.68308651e-01 2.26126283e-01 9.15949106e-01
    3.56790066e-01 3.33311975e-01 1.52379721e-01 4.73091096e-01
    9.59056854e-01 8.66039455e-01 1.94281310e-01 5.13374627e-01
    9.11157131e-01 7.94807196e-01 9.84917164e-01 3.30262184e-01
    9.18903947e-01 8.58296692e-01 1.86277032e-02 5.39866388e-02
    8.43204618e-01 2.19041556e-01 7.85659194e-01 4.00451720e-02
    7.30199575e-01 9.35043156e-01 9.77612019e-01 2.62737274e-04
    8.29130709e-01 4.69018787e-01 7.18532920e-01 9.73022103e-01
    5.47275543e-02 1.08089477e-01 4.26378608e-01 6.62093639e-01
    2.72171319e-01 2.44715154e-01 6.72098279e-01 5.92918813e-01
    1.78428292e-01 6.97112203e-01 9.30627763e-01 5.02117395e-01
    9.89822626e-01 7.50115275e-01 5.21351576e-01 6.12491250e-01
    3.52205694e-01 4.23575878e-01 7.99996257e-02 9.94324565e-01
    2.78321087e-01 5.47722459e-01 5.04468977e-02 8.41486931e-01
    9.54351902e-01 6.72682106e-01 9.04152274e-01 4.02313799e-01
    7.36785650e-01 7.60471046e-01 1.41865343e-01 6.63426042e-01
    4.78680730e-02 9.87707973e-01 2.64489114e-01 3.25512171e-01
    9.36586261e-01 5.89221954e-01 9.29930329e-01 2.04071611e-01
    6.50492311e-01 2.69621640e-01 2.28522837e-01 5.36762774e-01
    1.30821168e-02 6.33337796e-02 3.01921368e-03 2.28898346e-01
    3.11319649e-01 1.13481581e-02 6.47515893e-01 8.28551054e-01
    8.34211826e-01 3.03009719e-01 5.86534977e-01 9.86297131e-02
    2.93370366e-01 9.92380679e-02 8.26445103e-01 1.93746716e-01
    5.22337496e-01 7.34995723e-01 6.14708066e-02 9.27645862e-01
    7.35428452e-01 6.18848801e-02 8.27785850e-01 5.73657513e-01
    8.06186438e-01 1.14110231e-01 1.33735806e-01 3.11760128e-01
    4.45886552e-01 6.96944833e-01 6.14417195e-01 4.39676344e-02
    7.70059824e-01 8.75987887e-01 8.89960408e-01 1.28228784e-01
    5.87008297e-01 2.53697634e-01 3.85591030e-01 1.09941155e-01
    5.40273547e-01 9.54400957e-01 1.85085416e-01 2.17997789e-01
    7.27912307e-01 6.00141048e-01 2.18131572e-01 4.55118477e-01
    8.77063513e-01 3.52307439e-01 6.16362035e-01 4.47478592e-01
    3.69554818e-01 9.75507915e-01 5.66623867e-01 8.71160984e-01
    5.47001958e-01 4.62114811e-04 9.85286772e-01 7.44384229e-01
    2.38223046e-01 9.10255373e-01 4.47882354e-01 6.26425445e-01
    5.97521186e-01 4.95355487e-01 8.42193604e-01 8.62456858e-01
    9.91102576e-01 9.92231846e-01 3.88745606e-01 1.61167681e-02
    1.81260705e-02 7.57976353e-01 2.46612757e-01 1.10213310e-01
    2.12041736e-01 3.01097512e-01 3.54971290e-01 1.97343290e-01
    4.92240936e-01 4.99244243e-01 8.93791199e-01 3.94634932e-01
    2.94422746e-01 2.50975996e-01 6.62408531e-01 4.42714602e-01
    7.61636972e-01 9.50607836e-01 7.46497512e-02 4.13487941e-01
    9.55559492e-01 6.72357321e-01 1.00206822e-01 7.28782058e-01
    5.08636236e-01 8.24413776e-01 4.87381101e-01 2.77022541e-01
    3.91692519e-02 9.53865409e-01 2.84327865e-02 8.99731755e-01
    1.28314942e-01 9.93319213e-01 5.78532696e-01 9.20685470e-01
    3.97668183e-02 7.28977323e-01 2.39834368e-01 7.34811664e-01
    6.98194623e-01 1.60715908e-01 6.34826958e-01 8.02821159e-01
    7.00533450e-01 3.90941650e-01 4.25384760e-01 1.90145493e-01
    6.26959503e-02 9.76601124e-01 5.35183311e-01 8.15230370e-01
    5.24116576e-01 5.80147564e-01 7.06378818e-02 5.33064485e-01
    8.03487718e-01 8.11119437e-01 6.48805141e-01 3.62758011e-01
    6.76915944e-01 2.95942754e-01 5.80491006e-01 2.48364389e-01
    3.37529659e-01 9.11093116e-01 2.35633463e-01 2.92777300e-01
    9.27408814e-01 6.89021766e-01 3.92524630e-01 5.20896077e-01
    8.87549162e-01 8.97372603e-01 8.73978317e-01 8.93523693e-01
    5.99784732e-01 1.96907938e-01 4.94845212e-01 9.20244098e-01
    7.43328035e-01 5.21629930e-01 4.64856178e-01 9.16179061e-01
    8.58375430e-02 9.54717457e-01 3.46420288e-01 5.94403327e-01
    1.02904975e-01 1.10326648e-01 6.51934505e-01 8.59740734e-01
    1.17857605e-01 1.44180775e-01 5.12177050e-02 2.05710769e-01
    2.39122659e-01 1.85485154e-01 5.70274711e-01 5.84810913e-01
    5.23798466e-02 1.58075541e-01 7.86142707e-01 7.59715676e-01
    5.61865389e-01 2.76854306e-01 6.40057266e-01 7.35748112e-01
    2.36200362e-01 5.78100145e-01 3.79156113e-01 1.72066092e-01
    6.18923545e-01 8.51850510e-01 2.83595085e-01 5.43279707e-01
    2.34685540e-01 4.21732485e-01 5.88074207e-01 7.59415388e-01
    9.98544455e-01 7.56432474e-01 3.99729252e-01 6.44836247e-01
    9.04591322e-01 9.27324891e-01 7.44028687e-01 5.52839637e-01
    8.52656066e-01 3.30756247e-01 6.45793617e-01 8.67337942e-01
    5.67676961e-01 3.62631798e-01 4.78428930e-01 8.14688265e-01
    2.28032857e-01 2.66641051e-01 5.08877754e-01 6.68251455e-01
    3.04102302e-01 4.81543332e-01 6.07280552e-01 8.92762184e-01
    5.99111319e-02 8.80353928e-01 6.93722427e-01 5.54458976e-01
    3.84218693e-02 4.12045509e-01 8.19682002e-01 7.82941341e-01
    9.34901714e-01 8.30240190e-01 8.09669852e-01 1.33949935e-01
    8.71826351e-01 1.78654492e-02 9.33722496e-01 1.14299953e-02
    4.54951465e-01 9.17789102e-01 7.45640159e-01 2.13413417e-01
    4.13093895e-01 2.63870299e-01 6.45676494e-01 1.69874012e-01
    2.85573244e-01 7.31354475e-01 3.09379339e-01 8.48060131e-01
    2.62140632e-01 1.83686852e-01 8.95188928e-01 9.39897537e-01
    9.81613874e-01 3.86098593e-01 7.18526900e-01 2.74848521e-01
    8.47234309e-01 7.50026345e-01 5.08908153e-01 1.71265423e-01
    6.98854268e-01 1.90171003e-01 6.05637491e-01 4.34544086e-01
    8.44140530e-01 9.69117224e-01 4.38706785e-01 9.49718833e-01
    2.15281874e-01 8.02681208e-01 1.64169967e-01 2.30623394e-01
    2.83120543e-01 2.11303562e-01 4.28356469e-01 8.26462626e-01
    7.33385444e-01 5.75427771e-01 8.56688440e-01 2.61930019e-01
    3.71422112e-01 3.65033746e-02 2.39727050e-01 6.46246016e-01
    2.81119585e-01 9.08634305e-01 7.73562729e-01 6.07074142e-01
    8.11456800e-01 6.33242011e-01 9.46909308e-01 5.33107519e-02
    9.38016474e-01 9.09254611e-01 5.35606444e-01 5.28528690e-01
    3.75721931e-01 5.11277258e-01 7.30286539e-01 3.42151433e-01
    3.97623807e-01 4.23988253e-01 7.53705978e-01 9.22485709e-01
    4.12452370e-01 8.89038563e-01 3.98681402e-01 6.35859132e-01
    9.02299166e-01 9.58136082e-01 9.16671216e-01 1.07737184e-02
    8.81108701e-01 3.08018416e-01 8.88003707e-01 1.98290706e-01
    2.64106214e-01 6.41534448e-01 6.36744738e-01 4.78347778e-01
    4.81146365e-01 7.86404669e-01 2.98164934e-01 2.58406162e-01
    8.70949626e-02 4.88402039e-01 2.69350648e-01 5.76289117e-01
    1.82678401e-01 3.64410102e-01 3.36017787e-01 5.55944145e-01
    2.94774234e-01 8.67664337e-01 5.35200536e-02 3.54289293e-01
    5.28129578e-01 4.20074552e-01 4.19903994e-02 2.38973051e-01
    5.30650914e-02 4.44154739e-01 1.00759536e-01 6.68804646e-01
    2.32861936e-01 6.76507831e-01 9.33255851e-02 1.74107611e-01
    3.33993435e-01 5.70262432e-01 8.72277260e-01 1.16956651e-01
    7.25066185e-01 1.63191557e-03 4.69324350e-01 1.41820967e-01
    4.03927922e-01 9.00432467e-01 3.06806326e-01 8.55748415e-01
    1.72932297e-01 9.76294935e-01 1.77223563e-01 8.29583704e-02
    1.05543852e-01 6.18392766e-01 6.24192357e-01 5.46306491e-01
    4.94247615e-01 8.32236648e-01 8.83090138e-01 3.24672431e-01
    6.23722672e-02 6.71985745e-01 1.46562099e-01 7.81710148e-01
    1.14039153e-01 8.40087235e-02 5.22018969e-01 6.75873756e-02
    9.98637199e-01 5.04285812e-01 4.07630563e-01 2.28153139e-01
    5.07113457e-01 8.27426314e-01 8.20983529e-01 3.75648290e-01
    4.24030364e-01 7.25202322e-01 3.75575215e-01 7.37178326e-01
    5.09146154e-02 4.12728190e-02 9.06242549e-01 6.21953309e-01
    8.17430615e-01 7.25591421e-01 7.30608463e-01 8.65733504e-01
    7.36860931e-02 2.78150141e-02 1.10599786e-01 5.92937231e-01
    8.11425209e-01 9.60267305e-01 3.98356259e-01 6.26831949e-01
    5.79425454e-01 2.85999388e-01 8.33115399e-01 5.65918088e-02
    9.17934299e-01 9.80619073e-01 1.06453329e-01 3.86213571e-01
    7.11827874e-01 4.66952533e-01 5.54984450e-01 9.77781713e-01
    5.01818538e-01 8.73350203e-02 3.77403557e-01 5.79989970e-01
    2.93791294e-01 3.35324883e-01 2.60093331e-01 9.22153711e-01
    4.46678102e-02 4.43088025e-01 7.70441830e-01 7.41294265e-01
    7.91422844e-01 9.34689760e-01 5.03280044e-01 2.87032098e-01
    2.48112112e-01 7.02212512e-01 7.01895177e-01 3.46978337e-01
    6.12634122e-01 5.49425185e-02 9.28957939e-01 9.22771573e-01
    3.65850031e-02 4.75704998e-01 2.54389286e-01 7.28615880e-01
    8.79258633e-01 7.14040875e-01 6.25235081e-01 7.24860907e-01
    1.48921013e-02 5.10923564e-02 2.76245087e-01 6.17322922e-01
    1.62121803e-01 8.14073324e-01 6.50742292e-01 5.87588310e-01
    7.81022429e-01 1.94424719e-01 9.55833375e-01 5.04236281e-01
    2.73285359e-01 4.51101065e-02 8.93307686e-01 2.28682458e-01
    3.80410850e-01 9.25113618e-01 6.41910136e-01 5.95386863e-01
    7.58938849e-01 6.17246449e-01 4.65463400e-02 5.47067940e-01
    2.39618868e-01 7.07785785e-02 3.70207012e-01 5.07407546e-01
    4.06486958e-01 8.32377791e-01 6.11739457e-01 7.64456749e-01
    6.63514256e-01 9.26594496e-01 9.36373353e-01 1.78065479e-01
    8.87683988e-01 9.54859972e-01 4.52290088e-01 7.52763510e-01
    1.86270386e-01 1.07033759e-01 9.14211631e-01 5.57875991e-01
    3.11792165e-01 7.63822973e-01 7.98353195e-01 7.24092126e-01
    6.08871758e-01 6.74667358e-01 2.11292356e-01 7.73787796e-01
    3.42111588e-01 7.94756651e-01 6.79411292e-01 8.44842553e-01
    8.61921906e-01 8.93185377e-01 3.88274610e-01 1.18484795e-02
    5.76608181e-02 8.56708050e-01 2.48820007e-01 1.17382258e-01
    5.42371273e-02 6.19970024e-01 8.20856452e-01 8.85674477e-01
    7.93405592e-01 3.80016387e-01 9.11914170e-01 8.86499822e-01
    9.19910729e-01 9.01888609e-02 8.91960323e-01 8.59975874e-01
    4.87988353e-01 6.16491437e-02 6.13693535e-01 1.17504299e-02
    3.30145419e-01 1.30393863e-01 8.34957480e-01 4.97899950e-01
    6.86496019e-01 5.62831700e-01 4.51205075e-02 7.14263082e-01
    6.79856539e-03 6.56021178e-01 6.33089185e-01 9.37047362e-01
    5.74153781e-01 9.28668559e-01 8.19624305e-01 9.97992158e-01
    6.55944228e-01 8.19798946e-01 7.04609215e-01 3.32831502e-01
    5.44030249e-01 9.99694586e-01 4.48785424e-01 9.64686811e-01
    8.50734353e-01 3.03405493e-01 4.26987380e-01 7.07918406e-03
    7.26785362e-02 8.32229137e-01 2.43107468e-01 9.33844209e-01
    9.91273761e-01 9.07703757e-01 6.69111609e-01 8.82124424e-01
    7.75656939e-01 9.04633224e-01 8.18982840e-01 4.33071256e-01
    7.30975628e-01 7.02576935e-02 3.60663354e-01 8.70344639e-01
    7.85600603e-01 4.85251516e-01 1.71262622e-02 8.86534095e-01
    3.07283014e-01 5.79130948e-01 4.38858271e-01 1.31441236e-01
    1.57003701e-01 4.27637011e-01 2.40427583e-01 7.02075422e-01
    6.88881516e-01 1.03952020e-01 3.01675677e-01 6.52929604e-01
    6.31179810e-01 6.39752388e-01 3.71969104e-01 3.70522439e-02
    4.93620813e-01 1.30235761e-01 5.53752482e-01 6.02055907e-01
    8.78266096e-01 8.39481831e-01 8.34837794e-01 2.68623441e-01
    1.30310953e-01 8.09696794e-01 8.32913518e-01 2.02961922e-01
    4.68795836e-01 1.54926449e-01 2.93738693e-01 4.41365778e-01
    8.62152636e-01 2.22345501e-01 4.01236594e-01 7.20735192e-01
    7.46021748e-01 9.18110728e-01 5.95496416e-01 3.11834812e-02
    4.57498908e-01 1.74179286e-01 1.27279013e-01 5.50697386e-01
    3.25421065e-01 5.97854733e-01 7.60734677e-02 9.08729255e-01
    6.44040048e-01 1.21705532e-02 2.69398421e-01 6.62043691e-01
    4.73565817e-01 9.57281709e-01 8.42136681e-01 8.50991070e-01
    8.92368793e-01 4.02285725e-01 4.96428341e-01 6.90336168e-01
    3.08719754e-01 9.05915976e-01 3.77050936e-02 2.85926461e-02
    6.94158316e-01 3.72760534e-01 7.28653550e-01 6.64084077e-01
    1.50105119e-01 7.57032514e-01 3.68259132e-01 6.88187063e-01
    6.62238717e-01 4.41472769e-01 1.55600250e-01 3.19586515e-01
    2.08891720e-01 7.99658597e-01 3.13436955e-01 8.06162953e-02
    3.35955739e-01 7.93848455e-01 4.60994840e-01 7.40380645e-01
    5.04585505e-01 7.52238989e-01 8.23412597e-01 8.56407642e-01
    1.86823547e-01 4.99771833e-01 1.22234583e-01 3.54293287e-01
    1.27069533e-01 6.47972226e-02 4.64101493e-01 8.15909863e-01
    7.90411592e-01 1.60517097e-02 8.15700650e-01 5.92938185e-01
    9.14560556e-02 4.16211188e-01 5.50222278e-01 7.02207685e-02
    3.10250342e-01 3.97752404e-01 2.98607588e-01 8.72554183e-01
    6.81778610e-01 7.17621505e-01 5.34990370e-01 8.87792468e-01
    8.75438571e-01 9.91253853e-01 6.05250061e-01 2.64280379e-01
    5.68163872e-01 9.48665500e-01 9.40405250e-01 4.33397263e-01
    9.72669482e-01 5.85188866e-01 3.25986147e-01 6.24220908e-01
    3.79005373e-01 3.58944952e-01 7.19903767e-01 1.60874426e-02
    2.14784563e-01 4.27911103e-01 3.61469656e-01 1.47588998e-01
    7.67383814e-01 4.74963278e-01 1.29584223e-01 4.51635182e-01
    7.54971623e-01 4.37058210e-01 9.63753819e-01 8.39903712e-01
    7.39567995e-01 7.20412016e-01 1.99926615e-01 9.89290059e-01
    2.29169756e-01 9.79867041e-01 7.73421109e-01 6.19187057e-02
    6.22708619e-01 8.60786021e-01 2.48963535e-01 9.28132713e-01
    7.77898192e-01 6.40794396e-01 7.18968213e-01 6.70541048e-01
    1.54411346e-01 8.09055924e-01 2.71905899e-01 1.37426913e-01
    1.37107968e-01 8.90162826e-01 6.41582847e-01 3.26686680e-01
    7.18841016e-01 7.32013941e-01 6.23212814e-01 2.70871460e-01
    8.95490646e-01 4.62681919e-01 9.94016409e-01 7.71998465e-01
    2.42310643e-01 2.82586992e-01 4.81950879e-01 9.77045774e-01
    5.52635968e-01 8.93319607e-01 5.77614307e-01 6.08603477e-01
    4.87967342e-01 6.87884569e-01 7.59827256e-01 5.92074454e-01
    1.14173353e-01 8.37606788e-01 4.56340581e-01 7.89289832e-01
    6.24783754e-01 1.73954010e-01 3.46065015e-01 5.65259278e-01
    9.28466082e-01 9.10912156e-01 8.36399436e-01 7.58679807e-02
    1.57867968e-01 3.71875226e-01 7.14405715e-01 9.96427536e-01
    5.31209528e-01 6.56650484e-01 7.20917106e-01 9.28991377e-01
    1.42521769e-01 9.72880602e-01 6.81969941e-01 3.51634681e-01
    4.95940298e-01 1.29957020e-01 3.58164489e-01 4.60101515e-01
    4.00361300e-01 9.92158651e-01 3.65990162e-01 8.20467234e-01
    8.38186741e-01 3.34227502e-01 8.61093581e-01 4.00199920e-01
    5.96885383e-01 2.27224082e-01 2.97671854e-02 1.20167941e-01
    9.36463594e-01 2.41699219e-01 8.57017934e-02 4.69197243e-01
    5.30050099e-02 8.16012025e-02 4.77588475e-01 2.48908222e-01
    8.39622915e-02 2.53059924e-01 6.49778843e-01 9.38587666e-01
    9.85894084e-01 6.54518485e-01 6.09833896e-02 9.70959663e-05
    8.96572173e-02 8.20616245e-01 9.78317142e-01 8.29943419e-02
    1.92179620e-01 8.95432651e-01 3.73221308e-01 2.40519643e-03
    5.54297507e-01 9.72251177e-01 9.78489161e-01 3.36116314e-01
    2.89686620e-01 7.82173693e-01 9.09605384e-01 9.36724305e-01
    3.05900931e-01 3.18598926e-01 9.99268174e-01 1.42808467e-01
    7.49039173e-01 2.01005071e-01 1.19406790e-01 6.72290504e-01
    4.50327277e-01 7.82642722e-01 9.24437702e-01 9.20435548e-01
    6.19812191e-01 7.87554860e-01 4.95278597e-01 4.02083099e-01
    5.30362487e-01 4.54307377e-01 7.38505542e-01 1.83650583e-01
    8.09969664e-01 9.30305719e-01 4.28517461e-02 5.70958912e-01
    8.83596718e-01 7.11515784e-01 3.65868241e-01 9.51233506e-01
    4.65081632e-01 8.08376968e-01 1.03662997e-01 2.65596211e-01
    6.04679108e-01 4.22187388e-01 4.88271862e-01 9.44844961e-01
    5.95046580e-02 7.22571254e-01 3.43637466e-02 6.68833375e-01
    3.67331326e-01 1.99387491e-01 7.88105369e-01 4.48906392e-01
    9.70955968e-01 6.65308475e-01 7.13228583e-01 3.89060140e-01
    2.65452713e-01 9.52170849e-01 8.56128335e-02 2.75298953e-01
    1.71568573e-01 2.76369870e-01 1.54377341e-01 4.70569730e-02
    1.46928519e-01 4.18083817e-01 9.74633813e-01 5.81709802e-01
    2.33675390e-01 7.49875605e-01 4.43750113e-01 8.81208718e-01
    7.54774451e-01 7.15829372e-01 8.12410414e-02 8.84638131e-02
    8.21287334e-02 9.11405087e-02 7.95348167e-01 4.86027718e-01
    5.24819613e-01 6.67970300e-01 3.37321013e-01 3.35881412e-01
    5.83550215e-01 5.52084148e-01 9.42701221e-01 9.41532612e-01
    8.61924291e-02 2.19271839e-01 4.61378753e-01 5.84835291e-01
    6.39168322e-01 2.26325691e-01 2.87847340e-01 5.98472953e-01
    2.55573094e-01 6.49026692e-01 5.03469467e-01 5.37879944e-01
    5.93825340e-01 7.77349472e-01 6.20358586e-01 7.79976547e-01
    8.94201994e-01 3.72272253e-01 7.22449839e-01 9.32721853e-01
    3.87698144e-01 5.20454228e-01 4.74763900e-01 4.38205332e-01
    6.71247840e-01 8.58036995e-01 8.43170404e-01 8.78167272e-01
    5.70647717e-02 9.21011388e-01 1.95783079e-01 3.08250725e-01
    5.96230149e-01 8.82219911e-01 3.71477395e-01 6.85291588e-01
    7.85194039e-01 2.99476296e-01 2.08436877e-01 6.70721889e-01
    9.23090458e-01 3.15313637e-01 1.36189610e-01 2.12281138e-01
    2.85875678e-01 2.72157520e-01 7.42372870e-01 1.48056775e-01
    7.64485836e-01 2.82016397e-01 2.12397933e-01 6.41273558e-02
    4.13138926e-01 6.28579557e-02 6.37381673e-01 4.54459667e-01
    4.42689657e-01 2.07848638e-01 5.30633688e-01 5.94670117e-01
    6.84503078e-01 7.97588348e-01 7.39634991e-01 7.47769058e-01
    9.58542585e-01 6.70945346e-01 2.84224689e-01 3.94483566e-01
    6.97188795e-01 9.19513345e-01 6.66720271e-01 7.65011668e-01
    2.82458544e-01 5.54206252e-01 1.58617020e-01 7.01320946e-01
    5.45014381e-01 6.25190496e-01 8.36295128e-01 7.04091072e-01
    5.82407415e-01 8.49000990e-01 9.07386780e-01 8.93075347e-01
    6.89377189e-01 8.58594716e-01 3.66640627e-01 4.10935193e-01
    1.77278578e-01 8.62791359e-01 3.89917910e-01 7.24505007e-01
    7.03512847e-01 5.21462679e-01 9.83161569e-01 4.98859107e-01
    7.73480237e-02 7.77689040e-01 7.83576012e-01 6.05843246e-01
    1.35998696e-01 2.92171419e-01 6.22146606e-01 7.49950767e-01
    7.50163078e-01 2.34659284e-01 6.13596618e-01 6.96313202e-01
    2.07378715e-01 4.17429030e-01 3.62573981e-01 1.83525234e-01
    3.98399919e-01 3.66048574e-01 6.24342978e-01 8.17656755e-01
    9.58117962e-01 3.47363591e-01 4.58205044e-02 5.28788686e-01
    8.95736217e-01 6.00315630e-01 3.43274057e-01 8.19610238e-01
    5.44650257e-01 3.34474623e-01 2.06533730e-01 7.72278309e-01
    1.33401781e-01 7.36495852e-01 6.44356966e-01 9.04512525e-01
    9.58491802e-01 4.73841697e-01 2.23105043e-01 6.49112761e-01
    7.11395681e-01 3.67227912e-01 2.82651067e-01 4.16366041e-01
    4.68239188e-01 2.22687066e-01 3.44805300e-01 1.51785135e-01
    8.33339334e-01 6.31206036e-01 3.38928282e-01 2.44695187e-01
    8.80686283e-01 3.63448918e-01 7.11912394e-01 8.20596576e-01
    9.96560156e-01 8.87009501e-01 2.99002707e-01 7.20983744e-01
    1.87872022e-01 1.50201917e-02 3.60224366e-01 2.96384662e-01
    8.65862727e-01 7.05091059e-02 1.30807489e-01 9.87924635e-01
    5.74672639e-01 8.63760233e-01 8.98834169e-01 4.06574875e-01
    6.10305011e-01 3.66630137e-01 3.17809522e-01 1.72330618e-01
    1.59065068e-01 2.12143213e-01 9.24871922e-01 5.94685555e-01
    9.55562234e-01 3.28744620e-01 5.03938079e-01 1.08852625e-01
    8.30575526e-01 1.85589373e-01 9.91587400e-01 7.73273110e-01
    3.58330190e-01 7.88467765e-01 3.19117904e-01 9.08084393e-01
    5.28791487e-01 9.15079892e-01 5.22904575e-01 3.62783909e-01
    6.52657628e-01 1.42189831e-01 4.30800557e-01 1.04575127e-01
    5.42673528e-01 6.45367980e-01 5.90660155e-01 6.51514113e-01
    4.26618695e-01 8.82914960e-02 2.27696687e-01 7.97019482e-01
    8.84991169e-01 7.05472648e-01 9.57323432e-01 2.13475049e-01
    7.03803062e-01 8.58086467e-01 1.39924586e-01 7.69334197e-01
    7.47979879e-01 8.90577972e-01 8.02545190e-01 9.34561729e-01
    3.26823175e-01 8.37291241e-01 5.40367603e-01 5.33778906e-01
    1.45636827e-01 4.97086644e-01 6.28647745e-01 7.12187409e-01
    7.59607553e-03 9.73184824e-01 6.27701938e-01 6.91068888e-01
    7.88957357e-01 8.30362439e-01 4.90174294e-02 5.04172027e-01
    9.89248633e-01 9.85844016e-01 7.77374864e-01 9.06184077e-01
    3.76062423e-01 8.36340785e-01 9.40204144e-01 1.79866791e-01
    7.32801974e-01 4.44223374e-01 5.44587731e-01 6.22515321e-01
    5.57912707e-01 4.96361941e-01 4.32609320e-01 9.93776441e-01
    6.79273665e-01 9.87529159e-01 7.95340836e-01 4.72562194e-01
    4.28261638e-01 8.96710396e-01 6.32948399e-01 9.34509397e-01
    3.95797968e-01 2.99847484e-01 6.53082132e-02 6.20899498e-01
    7.02760518e-02 6.05762899e-01 8.57173085e-01 6.27224147e-01
    3.55873764e-01 8.04550171e-01 6.83676720e-01 4.20512617e-01
    8.43726993e-01 3.99691164e-02 1.15785033e-01 2.34338760e-01
    3.20359170e-01 7.75774777e-01 9.99368250e-01 1.59456998e-01
    4.44754422e-01 3.57494175e-01 5.31023741e-01 7.45260715e-03
    8.41300845e-01 4.03427094e-01 3.49879295e-01 3.47756058e-01
    8.21101964e-02 2.45919973e-01 1.77563369e-01 9.09379840e-01
    2.92100132e-01 4.49883342e-01 5.55005550e-01 6.40998900e-01
    6.40452266e-01 7.27385104e-01 7.96469748e-01 1.92133695e-01
    2.63253123e-01 9.71850276e-01 4.00111318e-01 6.69120848e-01
    2.21579283e-01 7.67685652e-01 9.92966831e-01 9.03071761e-01
    6.11258328e-01 9.82022762e-01 2.11516768e-01 4.55947220e-01
    7.20176935e-01 8.80373001e-01 8.05838048e-01 8.88633013e-01
    8.92932057e-01 1.26024693e-01 6.79726958e-01 7.29584634e-01
    7.98263371e-01 2.74322331e-01 3.11512828e-01 8.77538323e-01
    6.61822557e-01 5.10098457e-01 8.82712901e-01 3.76704007e-01
    7.60223150e-01 6.67851686e-01 1.35876805e-01 8.49400163e-01
    8.05300117e-01 5.00330567e-01 4.28121388e-02 1.95209831e-01
    1.77117109e-01 2.54471093e-01 6.39611781e-01 7.21517146e-01
    3.67294967e-01 5.13606548e-01 6.63940072e-01 3.31624508e-01
    1.39966518e-01 1.74360067e-01 8.66458178e-01 6.73198700e-01
    5.68231702e-01 1.51270598e-01 5.09280980e-01 6.94819212e-01
    7.35663354e-01 3.17508906e-01 5.75113297e-03 9.58465338e-01
    7.20915318e-01 3.64883512e-01 6.13148749e-01 3.78775865e-01
    8.84720325e-01 3.96911383e-01 7.26317167e-01 4.33436930e-01
    4.54653382e-01 8.41956139e-02 4.30337280e-01 5.07119179e-01
    4.61121649e-01 3.03801119e-01 4.35619920e-01 2.12088853e-01
    1.96961701e-01 2.78208226e-01 2.09051192e-01 7.65419900e-02
    4.38195646e-01 4.86103892e-02 9.26739275e-01 1.04328334e-01
    6.63817465e-01 7.02173352e-01 3.92210484e-03 7.48780608e-01
    5.31354427e-01 8.27364802e-01 6.11647189e-01 7.97547281e-01
    6.47875905e-01 7.64215291e-01 5.58654428e-01 7.08964467e-02
    7.73311615e-01 7.52107024e-01 1.63825721e-01 7.44086683e-01
    6.07623100e-01 3.49082053e-01 9.17523146e-01 1.92343414e-01
    3.29560041e-02 1.29723102e-01 1.83510959e-01 7.81030476e-01
    9.25090790e-01 1.37798071e-01 4.24940109e-01 2.06632197e-01
    4.19551492e-01 2.36909628e-01 1.01015598e-01 2.09720731e-01
    6.75927103e-01 8.66343737e-01 4.88835871e-01 7.93788671e-01
    9.88919139e-01 8.69830847e-01 6.45678580e-01 6.04687154e-01
    9.74500060e-01 3.16143632e-01 6.63240612e-01 1.02854908e-01
    8.25514317e-01 4.78974700e-01 6.69737756e-01 1.01220906e-02
    7.60926127e-01 9.28067565e-01 6.27490878e-02 2.51643062e-01
    2.37519950e-01 3.80759150e-01 2.06979543e-01 7.49558508e-01
    9.77078140e-01 5.36637604e-02 5.27479351e-01 2.49574929e-01
    1.40982628e-01 5.06520689e-01 7.36134052e-01 1.68502480e-01
    3.74692887e-01 2.35469192e-01 9.48707104e-01 4.18440342e-01
    8.63806546e-01 4.42077219e-02 3.35085690e-01 7.51750469e-02
    2.31717438e-01 5.32400489e-01 9.74812627e-01 5.05459666e-01
    9.87272739e-01 5.52024961e-01 2.76762754e-01 9.15610433e-01
    2.13650912e-01 1.30957574e-01 1.11511856e-01 4.21013951e-01
    8.02743018e-01 3.68277192e-01 9.96409059e-01 8.63985837e-01
    9.15219665e-01 2.37995923e-01 1.83517545e-01 1.54189229e-01
    7.89624095e-01 2.88766325e-01 2.02606052e-01 5.22824585e-01
    4.12964791e-01 4.95152891e-01 3.55438352e-01 7.71454453e-01
    5.46840668e-01 5.48954427e-01 1.49396807e-01 7.90242553e-02
    1.94662869e-01 9.13178861e-01 7.81939864e-01 2.82401145e-01
    2.75782049e-01 2.92832375e-01 3.27367753e-01 3.67588043e-01
    2.73236692e-01 4.38313663e-01 2.56254911e-01 7.25794256e-01
    9.06589985e-01 7.23835945e-01 6.88715100e-01 3.29466850e-01
    2.92850077e-01 4.02626455e-01 8.34714174e-01 5.85510433e-01
    7.47787952e-01 9.37801719e-01 1.59180075e-01 6.78600967e-01
    7.98739135e-01 6.26322627e-02 6.37465000e-01 7.31121659e-01
    2.91633964e-01 6.65063202e-01 8.87497425e-01 8.41514647e-01
    1.41286671e-01 8.70537043e-01 4.14399803e-01 1.66829705e-01
    1.53128743e-01 8.40793312e-01 6.41978979e-01 6.77717090e-01
    1.07579529e-01 7.06112027e-01 3.50770980e-01 9.63650465e-01
    4.33490515e-01 2.81664103e-01 3.32093060e-01 6.47483468e-01
    7.78263330e-01 1.16308331e-02 8.82346511e-01 4.44316566e-01
    6.06653035e-01 8.60935092e-01 7.05394030e-01 1.32739544e-02
    7.78712869e-01 7.55440891e-02 4.05898273e-01 3.05869788e-01
    3.69019538e-01 9.99897718e-02 6.89629674e-01 2.44987130e-01
    7.76576459e-01 6.69318914e-01 2.88433850e-01 8.24311674e-01
    1.28543496e-01 8.76901090e-01 5.54351628e-01 9.14780140e-01
    1.91569686e-01 8.39947581e-01 8.33678722e-01 9.78173912e-01
    1.34549469e-01 5.99394798e-01 8.99102688e-01 4.00611639e-01
    1.46076202e-01 8.92123699e-01 2.34653890e-01 6.76787376e-01
    9.96957600e-01 7.89618492e-02 3.48194987e-01 9.69720364e-01
    7.60848522e-02 4.72369522e-01 5.29430389e-01 1.42893732e-01
    3.69866610e-01 9.31339681e-01 3.04616809e-01 6.69723988e-01
    9.45121527e-01 8.20344806e-01 8.52133989e-01 2.38881975e-01
    7.10266531e-01 4.29118097e-01 5.58270514e-02 6.62271261e-01
    8.35538030e-01 5.14380336e-02 9.94471729e-01 1.04764640e-01
    7.43609250e-01 5.98632932e-01 1.82420999e-01 3.46293271e-01
    1.10466331e-01 7.86796987e-01 9.16859746e-01 3.85196030e-01
    9.95373487e-01 6.21638417e-01 9.25953805e-01 5.62057495e-02
    8.47304165e-01 3.68299365e-01 5.75298667e-01 9.46703434e-01
    4.81245518e-02 9.19223726e-01 5.95009267e-01 6.32758558e-01
    9.29946780e-01 3.95023525e-02 5.39350212e-01 1.50722980e-01
    2.47921765e-01 2.52685249e-02 6.39274478e-01 4.56837207e-01
    3.40049416e-01 7.32325017e-01 7.51811981e-01 4.45208102e-01
    5.46828151e-01 5.38372815e-01 3.22262824e-01 4.77283597e-02
    7.87646413e-01 1.39948100e-01 1.98154002e-01 8.70696962e-01
    8.85853291e-01 1.99722111e-01 2.83971637e-01 7.32649922e-01
    8.74624133e-01 9.28609669e-01 7.81452596e-01 3.36742342e-01
    6.63961530e-01 5.43060601e-02 2.93161154e-01 3.59173059e-01
    3.64966094e-02 8.22525144e-01 5.13436615e-01 4.88457531e-01
    5.15910089e-02 5.92292905e-01 2.30692714e-01 2.99460828e-01
    1.73640668e-01 6.14884615e-01 6.19384408e-01 5.21263123e-01
    7.06170976e-01 5.44393718e-01 4.41180021e-01 6.56319678e-01
    2.11400867e-01 4.59603220e-01 7.05819726e-01 7.40876138e-01
    1.99872166e-01 7.62100101e-01 1.51464552e-01 5.55920124e-01
    8.76098692e-01 7.21216202e-02 4.18857634e-01 5.85647345e-01
    7.55346537e-01 1.24048233e-01 9.99919653e-01 3.65942210e-01
    5.44248223e-02 2.52867341e-02 2.45700479e-01 6.22004211e-01
    1.43668860e-01 1.06644422e-01 2.76334584e-01 8.73340666e-01
    3.81746024e-01 2.52943039e-02 5.54030478e-01 9.03224111e-01
    7.63751090e-01 6.70105219e-01 7.37189651e-02 3.01401436e-01
    4.23445582e-01 1.88233435e-01 1.41105890e-01 4.33541238e-01
    9.53592420e-01 2.88600832e-01 9.75265265e-01 7.65524030e-01
    9.01765108e-01 7.00134158e-01 3.24307770e-01 8.86359811e-01
    7.52976835e-01 5.70050418e-01 6.99121952e-01 5.12220621e-01
    3.40598851e-01 6.32568479e-01 8.87303233e-01 9.98571277e-01
    8.15486312e-01 4.01843995e-01 7.84863353e-01 1.41068399e-02
    6.14359856e-01 3.66191506e-01 4.80529368e-02 5.27149379e-01
    6.54455304e-01 7.65197277e-01 6.45540416e-01 6.83824420e-02
    7.38697052e-01 6.67664587e-01 8.52731049e-01 2.60258675e-01
    1.57600671e-01 1.06981397e-01 3.04213971e-01 7.04710901e-01
    6.37937129e-01 5.09558678e-01 5.44970274e-01 2.38504022e-01
    8.95072222e-01 9.70551372e-01 8.10362577e-01 2.69375265e-01
    2.70481974e-01 6.67229652e-01 7.76002824e-01 7.64519095e-01
    8.44541550e-01 7.19734430e-01 5.85692346e-01 9.92200494e-01
    2.70207584e-01 7.32019186e-01 2.82233715e-01 9.78236079e-01
    8.85405421e-01 7.28340447e-02 3.20584774e-01 1.64680004e-01
    4.27973211e-01 7.36591518e-02 1.70391351e-01 4.55456316e-01
    8.29754651e-01 7.78648078e-01 6.89082801e-01 9.06932354e-03
    4.87921089e-01 5.10810375e-01 9.23425436e-01 9.71699655e-02
    4.67602611e-01 7.35048652e-01 3.97078723e-01 3.98341984e-01
    9.30055082e-01 4.06244487e-01 5.30314326e-01 9.11676645e-01
    2.69674063e-02 2.18850225e-01 3.01168263e-02 4.40312326e-01
    3.77779901e-01 6.95046484e-01 3.07119191e-02 8.98554027e-01
    7.32945800e-01 1.25401914e-01 1.21936470e-01 6.85870469e-01
    8.87629271e-01 6.91018581e-01 7.00364113e-01 1.68590963e-01
    7.27881670e-01 6.18391991e-01 4.35449898e-01 4.95864391e-01
    1.30575508e-01 5.09223282e-01 9.66199875e-01 5.16161203e-01
    7.54116774e-02 5.50439119e-01 2.81674862e-01 4.80159521e-02
    7.76027799e-01 4.28684354e-01 9.94762421e-01 6.14044309e-01
    9.80983913e-01 6.17082596e-01 1.99467659e-01 6.34346008e-01
    6.71661615e-01 9.21245217e-01 2.39570141e-01 4.55120504e-02
    2.80539155e-01 2.39112318e-01 2.99253762e-01 6.98657095e-01
    7.53866374e-01 4.32567388e-01 8.73028159e-01 6.14958704e-01
    3.41774911e-01 1.38031840e-02 2.15431094e-01 4.60178852e-02
    5.56676507e-01 9.09145117e-01 5.92043757e-01 4.32363451e-02
    6.60664141e-02 8.79617333e-01 6.93967640e-02 8.24791670e-01
    4.89262611e-01 1.77754462e-01 9.67542768e-01 1.87524050e-01
    2.51127779e-01 3.57338488e-01 3.28547359e-01 3.24448526e-01
    5.49316883e-01 4.05555546e-01 9.78177845e-01 7.29543805e-01
    4.19712394e-01 6.20759428e-02 7.05209970e-01 9.62906957e-01
    3.23848128e-02 4.41954553e-01 8.15966010e-01 7.40268290e-01
    1.43060982e-01 5.10269105e-02 1.04317218e-01 4.53933358e-01
    6.65432870e-01 2.66922951e-01 6.17993832e-01 4.70465392e-01
    9.14597988e-01 1.54898554e-01 9.07482147e-01 7.77607441e-01
    7.56215453e-02 9.56168175e-01 2.15072900e-01 3.76989841e-02
    8.27079415e-01 5.74755013e-01 7.14148879e-01 3.83159876e-01
    9.09306705e-01 1.62698328e-01 4.80877161e-01 5.06930649e-01
    6.99016571e-01 5.03735363e-01 6.35966957e-01 1.92097217e-01
    5.72283864e-02 1.11710668e-01 4.19582337e-01 4.32514369e-01
    9.09905672e-01 3.30294132e-01 7.47461677e-01 3.02732795e-01
    4.32567060e-01 4.27782238e-02 9.28621590e-02 4.31625009e-01
    3.82207274e-01 4.45055515e-01 7.44329691e-01 6.06042385e-01
    8.04381609e-01 4.24876660e-01 6.09318316e-01 2.60558337e-01
    3.31567466e-01 3.36605757e-01 7.19789028e-01 9.00622964e-01
    4.41763163e-01 4.75230515e-01 7.99943924e-01 5.84805965e-01
    8.77967119e-01 1.67351216e-01 7.50432074e-01 3.54512751e-01
    8.26146603e-02 9.19672251e-01 9.74953055e-01 5.68743408e-01
    4.93911505e-01 7.28717625e-01 8.68727803e-01 7.60943174e-01
    6.38929486e-01 2.13718355e-01 8.14359307e-01 2.24879324e-01
    4.60091531e-02 7.45952964e-01 4.95400071e-01 2.55878508e-01
    9.45146680e-01 6.10174298e-01 2.89552808e-01 8.12725544e-01
    7.84748137e-01 9.09270406e-01 7.90983796e-01 5.43624163e-02
    5.89401424e-01 3.49314511e-02 9.44712758e-01 8.78643990e-03
    8.78329277e-02 6.90010190e-01 1.83561265e-01 7.57183790e-01
    6.72695756e-01 2.63746083e-01 6.79359198e-01 9.88412380e-01
    4.41751063e-01 5.42909801e-02 1.92696720e-01 6.93272948e-01
    3.06903273e-01 1.12462401e-01 1.50698215e-01 8.63917291e-01
    8.34600687e-01 8.98475766e-01 3.77555013e-01 7.74384141e-01
    8.19972992e-01 9.24983025e-02 8.31514299e-01 4.61419225e-01
    3.00305843e-01 7.25271702e-01 3.79600972e-01 9.52387989e-01
    7.21305609e-03 9.15569961e-01 4.61091459e-01 8.93623352e-01
    4.64778513e-01 6.46968722e-01 8.62320185e-01 8.95527482e-01
    9.93519962e-01 1.66525185e-01 4.89627689e-01 8.76909673e-01
    1.33653700e-01 1.57983571e-01 7.49259114e-01 4.87040788e-01
    6.53667808e-01 4.91289318e-01 8.66563916e-01 2.98316479e-01
    5.99887133e-01 6.09377325e-01 4.36050832e-01 9.02292788e-01
    3.64834696e-01 3.33677053e-01 2.25123197e-01 6.84549510e-01
    8.10029149e-01 7.07489014e-01 9.92568493e-01 2.56797940e-01
    8.26714456e-01 2.16150850e-01 4.55637932e-01 8.10985029e-01
    8.54251683e-02 1.30861372e-01 1.83073580e-02 3.53427052e-01
    4.61517274e-01 6.32726133e-01 5.86584747e-01 7.74831831e-01
    7.83573508e-01 4.43922848e-01 1.07681125e-01 8.86123896e-01
    9.48416710e-01 6.88381314e-01 7.65604079e-02 4.82156575e-02
    3.87540013e-01 8.87889266e-01 5.73712528e-01 8.58763218e-01
    4.18085992e-01 8.84858131e-01 3.50619107e-01 4.51509356e-01
    3.29669714e-02 3.25385630e-02 5.42017460e-01 1.53360546e-01
    7.15705812e-01 4.51868027e-01 5.32246292e-01 2.41240501e-01
    3.08938146e-01 2.08488017e-01 6.40433490e-01 6.45518243e-01
    3.24209780e-01 6.49034441e-01 1.22734606e-01 6.26814187e-01
    5.53481936e-01 8.71544361e-01 4.01945561e-01 1.22147560e-01
    7.25896120e-01 2.16079950e-02 5.42639792e-01 4.19166803e-01
    4.29441959e-01 5.89368224e-01 6.02481902e-01 9.99738336e-01
    2.80466259e-01 2.23105013e-01 6.71569347e-01 3.24157715e-01
    3.92026544e-01 9.63329554e-01 9.76686060e-01 3.95030439e-01
    4.48408663e-01 8.43383372e-01 5.06598413e-01 2.96143502e-01
    3.79807860e-01 7.30162382e-01 8.45859408e-01 7.49030948e-01
    3.51890326e-01 8.71113300e-01 5.55622697e-01 2.97050625e-01
    1.21003866e-01 1.56127810e-01 2.26599306e-01 1.14917636e-01
    3.56026709e-01 3.28990161e-01 8.10085058e-01 2.54765213e-01
    6.05875313e-01 9.59143877e-01 9.16001856e-01 1.65718555e-01
    1.53158665e-01 4.52248156e-02 8.07383597e-01 3.25469732e-01
    4.40849632e-01 8.48566651e-01 5.36632121e-01 4.06682432e-01
    3.05830836e-01 2.27491677e-01 6.12952352e-01 5.40704131e-02
    7.93040514e-01 5.08653104e-01 1.70911282e-01 9.77659643e-01
    9.13942099e-01 2.45951712e-01 8.64800215e-01 2.43755877e-01
    5.65000474e-01 3.62427235e-01 6.95589602e-01 2.23226488e-01
    9.34637189e-01 1.67026788e-01 5.99367321e-02 4.61027533e-01
    1.15234226e-01 2.51941085e-01 5.23222566e-01 9.93713498e-01
    4.77327555e-01 6.05385542e-01 3.92312020e-01 1.10411465e-01
    2.14546561e-01 3.48224163e-01 7.89690435e-01 1.86390847e-01
    6.72090054e-03 1.39164925e-03 5.56650639e-01 1.63134933e-02
    9.78513837e-01 7.39225507e-01 3.57615829e-01 3.31730783e-01
    8.99949849e-01 5.88692725e-01 9.22044992e-01 8.21370721e-01
    3.03605914e-01 2.74375260e-01 2.50135243e-01 6.58109426e-01
    1.98245972e-01 1.85367405e-01 2.67229736e-01 3.62579554e-01
    1.29708797e-01 2.00427562e-01 3.20896864e-01 4.47188020e-01
    6.87248707e-02 5.83307862e-01 6.53024495e-01 4.83730197e-01
    8.09432507e-01 7.65524805e-02 5.17759621e-02 9.96263981e-01
    6.69927180e-01 7.01821148e-01 6.39556587e-01 6.00576341e-01
    4.22470033e-01 6.26375079e-01 1.60978287e-01 1.89132571e-01
    4.01177764e-01 4.51836914e-01 7.65471160e-01 4.11277711e-02
    9.29340482e-01 5.87145269e-01 1.47225052e-01 5.94826639e-01
    1.59952790e-01 3.26408416e-01 6.13510728e-01 7.44933128e-01
    3.75334620e-01 4.19996917e-01 2.68558532e-01 3.58769625e-01
    3.12408566e-01 8.43057275e-01 5.79204261e-01 2.08352625e-01
    8.93129349e-01 9.14980650e-01 7.04788923e-01 6.20993078e-01
    6.42835736e-01 4.21900243e-01 4.44750518e-01 6.05844140e-01
    3.12199980e-01 2.86910534e-01 4.28750515e-02 9.73904490e-01
    4.62264001e-01 4.90687788e-02 1.87689513e-01 7.44140089e-01
    5.46715200e-01 4.28040028e-02 5.34963787e-01 9.83292103e-01
    1.36899054e-01 9.15572107e-01 6.21092319e-01 1.39119446e-01
    3.76158655e-01 1.83165729e-01 4.37129527e-01 8.51638317e-01
    9.37122524e-01 7.25055933e-02 3.06295335e-01 8.23382318e-01
    1.87739402e-01 6.77792847e-01 4.98145729e-01 2.29673028e-01
    6.71603084e-01 4.71598566e-01 2.17549622e-01 5.13610244e-02
    1.57138586e-01 3.75856698e-01 1.38044178e-01 9.81366396e-01
    3.96619320e-01 8.26911807e-01 6.56305730e-01 6.15606725e-01
    3.29097807e-02 3.79928946e-02 1.38121545e-02 1.84060186e-01
    9.82327998e-01 5.10409832e-01 9.80676770e-01 6.67425692e-01
    2.02821642e-01 9.63707805e-01 3.72213900e-01 3.83921117e-01
    2.30616659e-01 1.23847365e-01 7.57512748e-01 1.73542082e-01
    6.71865404e-01 1.58909768e-01 2.29368448e-01 5.94734848e-01
    6.54747784e-01 1.59412265e-01 9.80214953e-01 7.35036850e-01
    1.40261769e-01 8.04878592e-01 5.92253923e-01 9.99909282e-01
    3.90771031e-03 5.75347304e-01 8.81261349e-01 7.89448857e-01
    9.18763757e-01 9.40704465e-01 4.16288763e-01 3.28788638e-01
    4.12635863e-01 6.26442015e-01 6.06830895e-01 5.27370751e-01
    8.92004609e-01 5.59239984e-01 8.76647472e-01 3.48969638e-01
    8.32708716e-01 2.87015378e-01 7.21363306e-01 5.04781902e-02
    8.80677700e-01 3.88126671e-02 6.96772039e-01 7.74931610e-01
    4.80266809e-02 7.00106621e-01 3.18915069e-01 4.34010983e-01
    5.91603696e-01 7.30344057e-01 5.41202307e-01 4.33103323e-01
    8.85726213e-01 6.09714866e-01 8.25219154e-02 9.82663631e-01
    8.57875466e-01 8.89428079e-01 5.28721511e-02 6.69152915e-01
    7.01315343e-01 3.91038060e-02 4.32487488e-01 5.99232018e-01
    3.11966479e-01 7.42953420e-01 7.95125961e-01 3.45609009e-01
    4.88591790e-02 6.73195958e-01 8.06183457e-01 3.78147632e-01
    8.91606927e-01 5.97551167e-02 3.48607779e-01 1.38370097e-02
    7.68158197e-01 1.04511768e-01 4.22805786e-01 5.42049229e-01
    2.32711226e-01 8.78778100e-01 5.91681480e-01 4.38609421e-02
    5.05984724e-02 4.05321211e-01 5.18826604e-01 7.19750941e-01
    1.92198634e-01 8.63619864e-01 5.38710594e-01 6.85673296e-01
    9.47587490e-02 8.11452806e-01 1.52564108e-01 6.28834546e-01
    4.00341213e-01 6.22060001e-01 3.58042032e-01 2.62514234e-01
    1.82963938e-01 4.15891409e-04 4.01306361e-01 2.65237868e-01
    5.33179104e-01 5.63842833e-01 9.04366791e-01 2.42675632e-01
    8.01653862e-01 2.56218672e-01 7.47627258e-01 8.04283559e-01
    8.59663963e-01 1.92894936e-02 4.24563527e-01 5.08885324e-01
    2.67222285e-01 1.47635281e-01 1.83509082e-01 7.85528600e-01
    3.17404091e-01 2.79383302e-01 4.59403068e-01 1.01619661e-01
    9.90653396e-01 3.02742094e-01 6.89780951e-01 2.26397187e-01
    4.89830315e-01 2.49743462e-03 5.31229019e-01 9.01237786e-01
    4.86503839e-01 7.00096786e-02 6.28018916e-01 5.48839509e-01
    1.49237752e-01 5.27425230e-01 2.10778326e-01 4.98423755e-01
    7.92066932e-01 6.48877800e-01 5.38129747e-01 8.31821263e-02
    5.09654045e-01 2.62179673e-02 4.78447169e-01 3.45094323e-01
    6.43272519e-01 6.62110686e-01 5.98341823e-01 1.63461357e-01
    2.88647652e-01 3.11089754e-01 1.15495712e-01 1.08603686e-01
    6.93812966e-01 9.79924321e-01 1.39411986e-01 7.27035761e-01
    7.35837817e-01 4.20260936e-01 2.01309890e-01 5.96804261e-01
    2.56645441e-01 5.49949348e-01 5.53634822e-01 9.63643193e-01
    6.08776748e-01 4.56226170e-02 7.95031309e-01 7.76204824e-01
    9.32168126e-01 7.37451255e-01 2.51325577e-01 1.74684107e-01
    4.98963594e-02 5.06758094e-01 7.05636740e-01 1.56167835e-01
    4.84221727e-01 1.42745584e-01 4.20026749e-01 4.82770324e-01
    4.88897502e-01 8.98940027e-01 1.53545260e-01 8.74134660e-01
    1.51516199e-01 6.21833503e-02 7.18129396e-01 2.61267364e-01
    5.19798338e-01 1.02793902e-01 6.57744944e-01 9.17376518e-01
    5.50064445e-02 5.66815078e-01 3.57835412e-01 6.93594813e-02
    1.70027167e-01 6.15226388e-01 9.24507439e-01 1.51735812e-01
    2.91733027e-01 6.85913444e-01 3.65488499e-01 3.14035892e-01
    5.18751144e-02 1.77314699e-01 1.98484927e-01 5.18187940e-01
    1.60756350e-01 3.99007499e-01 3.60339880e-04 7.23183513e-01
    5.56251824e-01 6.27357543e-01 7.79352605e-01 3.05981755e-01
    6.75396800e-01 9.59075809e-01 6.16229951e-01 7.67894208e-01
    9.60093856e-01 9.17876005e-01 3.40384901e-01 6.40921950e-01
    7.44036853e-01 1.92983180e-01 2.30467588e-01 9.82166946e-01
    4.02651131e-02 6.44982874e-01 4.52249974e-01 7.53562570e-01
    2.72240818e-01 7.10874796e-02 7.37044990e-01 7.42207170e-01
    3.44569504e-01 3.70585382e-01 2.08510309e-01 2.44573504e-01
    1.15929663e-01 3.37045908e-01 4.03795898e-01 3.64182293e-02
    2.36319065e-01 9.47507620e-02 9.24763501e-01 4.17854071e-01
    3.36239547e-01 6.99579477e-01 2.02034920e-01 9.45784450e-01
    6.82158589e-01 3.29523325e-01 8.02016973e-01 5.13825417e-02
    8.97319853e-01 3.60704184e-01 9.79602814e-01 4.78801191e-01
    9.19304550e-01 5.90464473e-03 7.64102578e-01 8.63875508e-01
    9.17578101e-01 3.48723292e-01 5.49354017e-01 4.15779620e-01
    8.86973143e-02 9.43413973e-01 8.98789763e-01 4.09121633e-01
    3.04203272e-01 3.40630502e-01 2.73816705e-01 9.83605683e-02
    4.44704831e-01 5.34514070e-01 6.76073790e-01 9.00516629e-01
    7.03730524e-01 8.55300069e-01 4.83408868e-02 2.71218479e-01
    6.81493104e-01 7.73597240e-01 8.43606472e-01 4.26298857e-01
    4.73568738e-01 5.86770594e-01 9.87892866e-01 7.99782991e-01
    3.62831116e-01 8.74874055e-01 9.59309936e-01 1.28092766e-01
    1.04249626e-01 6.53785467e-01 1.30548745e-01 6.69429004e-01
    4.75720763e-02 6.92098558e-01 6.04348183e-02 9.59967256e-01
    8.38374615e-01 4.07552481e-01 7.96610653e-01 1.58893079e-01
    1.42076701e-01 5.71800232e-01 2.26074368e-01 8.61733139e-01
    2.16404408e-01 9.82151151e-01 2.28279352e-01 3.68419617e-01
    9.41330135e-01 8.07853043e-02 1.18896663e-01 9.13800955e-01
    4.74971771e-01 4.94709522e-01 8.49624753e-01 9.80704069e-01
    2.21085161e-01 9.40806925e-01 5.80647230e-01 3.32176924e-01
    7.11276293e-01 2.86835819e-01 5.10615230e-01 9.16352928e-01
    8.21863234e-01 5.91032386e-01 5.69920242e-01 6.80651546e-01
    5.19073427e-01 7.72482455e-01 6.96801186e-01 5.98166406e-01
    1.58568263e-01 6.88279986e-01 9.31953311e-01 9.22500968e-01
    2.40043581e-01 4.10918087e-01 3.53947818e-01 1.97110802e-01
    7.07410097e-01 5.71907163e-01 3.14714909e-01 7.86788464e-01
    5.58002472e-01 3.25963497e-02 6.16972089e-01 6.46823049e-01
    7.42236495e-01 2.30137020e-01 9.33583617e-01 6.92714214e-01
    9.13164318e-01 7.11053610e-04 6.43530786e-01 4.43404794e-01
    1.58249527e-01 8.93939734e-01 3.39808017e-01 9.92684424e-01
    7.61116505e-01 9.18176413e-01 6.50500059e-01 4.20620799e-01
    6.38224185e-02 1.40594453e-01 6.15350902e-01 6.27932847e-01
    2.19554901e-02 9.52977419e-01 7.42051601e-01 9.43611145e-01
    9.77655053e-01 4.73857611e-01 8.67021382e-01 2.22229719e-01
    2.20663756e-01 6.96752548e-01 9.56840277e-01 9.67749357e-01
    9.30517972e-01 2.22637206e-01 9.43408132e-01 8.26623797e-01
    4.24225509e-01 4.29507375e-01 6.13937080e-01 4.14803535e-01
    1.91369772e-01 7.05690503e-01 2.22963959e-01 9.73346770e-01
    9.45305705e-01 8.54731917e-01 6.26202703e-01 8.42369974e-01
    7.78242469e-01 6.30393684e-01 7.17602670e-02 1.95949256e-01
    9.29161906e-01 9.72697496e-01 3.47422659e-01 6.16841078e-01
    2.93108642e-01 6.42230928e-01 2.90288568e-01 8.85837436e-01
    5.60653925e-01 4.94440913e-01 5.56509733e-01 4.27501351e-01
    1.98727995e-01 5.85366488e-01 7.37101912e-01 3.67205143e-01
    4.20321643e-01 2.10527420e-01 6.76831603e-01 5.12746394e-01
    7.75500715e-01 8.81327391e-01 4.84596729e-01 7.73053288e-01
    7.62146473e-01 7.12020099e-01 8.70988846e-01 5.73902309e-01
    9.87948775e-02 7.88825631e-01 3.24265361e-01 8.62665415e-01
    9.53490734e-01 3.80170405e-01 3.34629387e-01 1.04743391e-01
    7.10111499e-01 4.00323629e-01 1.10984743e-01 1.08835727e-01
    7.68321514e-01 6.35576606e-01 9.73928094e-01 7.21183002e-01
    3.46169591e-01 5.19497633e-01 2.28714675e-01 4.83008027e-01
    1.75275207e-01 1.37073606e-01 6.68462336e-01 4.27508742e-01
    5.56732118e-01 8.71893406e-01 1.33509815e-01 5.86812675e-01
    1.23282969e-02 6.50525331e-01 7.37353802e-01 7.20800757e-01
    1.63542390e-01 2.68612027e-01 6.37030661e-01 8.63815546e-02
    4.21799034e-01 7.45795548e-01 9.03475940e-01 8.96322966e-01
    5.35685837e-01 6.32638454e-01 4.30934250e-01 3.50451350e-01
    9.55358744e-02 1.52567029e-03 2.30460674e-01 7.41220474e-01
    4.26678658e-01 7.51069784e-01 2.75274634e-01 6.79282248e-02
    5.36282122e-01 1.40620828e-01 8.81630898e-01 2.78418481e-01
    8.46598625e-01 6.81127131e-01 5.80147803e-01 7.31460214e-01
    1.78018391e-01 8.17207992e-02 6.60443068e-01 2.00662106e-01
    7.98375130e-01 7.82473266e-01 4.71105248e-01 2.05592304e-01
    8.96821558e-01 5.63677549e-01 9.20971096e-01 5.78642190e-01
    7.65423656e-01 7.32754469e-01 7.00504899e-01 1.41505748e-01
    1.99526876e-01 8.96827519e-01 2.26776212e-01 2.88900435e-02
    5.75695455e-01 5.01876533e-01 6.77622736e-01 4.40356582e-01
    3.05938989e-01 7.20386147e-01 9.19854879e-01 6.17752969e-01
    9.27636206e-01 2.21422404e-01 8.07294011e-01 5.24425030e-01
    4.14679557e-01 6.01046324e-01 2.93009013e-01 6.93980098e-01
    1.84435248e-02 9.74606574e-02 7.05204129e-01 6.90510869e-02
    6.43352866e-02 1.35573655e-01 1.27666593e-01 5.64553320e-01
    4.16572869e-01 4.14694101e-01 8.51506352e-01 6.87020779e-01
    7.61289895e-01 1.73821718e-01 1.92427933e-01 3.24101806e-01
    3.68437350e-01 2.40482867e-01 9.93443131e-01 8.26096773e-01
    4.86752242e-01 7.09143877e-01 9.72718000e-01 6.17678463e-01
    1.64454579e-02 5.97146511e-01 4.91316348e-01 1.00606412e-01
    1.23919547e-02 5.00683248e-01 3.83450806e-01 3.54329288e-01
    5.49061298e-02 8.18471432e-01 4.59291041e-01 6.78163767e-02
    2.36088783e-01 3.22382390e-01 8.12218308e-01 2.43411750e-01
    8.45607579e-01 4.80484843e-01 9.48747516e-01 5.32203317e-01
    8.05548370e-01 1.01358593e-01 2.09573179e-01 2.74588406e-01
    6.25259697e-01 6.49080038e-01 3.76889467e-01 7.73485124e-01
    7.69663811e-01 2.22805381e-01 1.01341307e-01 9.91786718e-01
    1.06542230e-01 6.09001696e-01 5.81431866e-01 5.07802248e-01
    4.92995769e-01 2.89232016e-01 9.96315718e-01 4.61916447e-01
    5.58788776e-01 1.14479661e-03 8.48680377e-01 5.09567559e-01
    5.25347352e-01 2.01154202e-01 7.13610113e-01 6.47706270e-01
    6.96926177e-01 8.82472634e-01 7.65751123e-01 7.96366394e-01
    8.21093202e-01 1.78257674e-01 2.38673866e-01 3.62360954e-01
    8.58722448e-01 2.74629176e-01 4.63798165e-01 5.66041946e-01
    8.56248677e-01 1.20560110e-01 7.54138827e-03 6.15593493e-01
    7.68600106e-01 3.95916998e-02 8.44226122e-01 6.91946745e-01
    2.72627831e-01 3.18042219e-01 6.08496070e-01 6.87377572e-01
    3.26240420e-01 6.42039359e-01 7.32035339e-01 7.55262673e-02
    9.01454568e-01 3.13321292e-01 8.24359655e-01 1.68507963e-01
    5.73682189e-01 2.52038062e-01 6.08420014e-01 3.16709697e-01
    5.38729370e-01 6.05799198e-01 1.00861222e-01 7.26154447e-01
    2.17080653e-01 9.60637748e-01 3.57103258e-01 1.45064712e-01
    2.65534371e-01 6.92105591e-01 4.58899796e-01 4.54967678e-01
    9.41185713e-01 5.23203611e-03 8.99060011e-01 4.12812233e-01
    7.20071971e-01 9.01054144e-01 7.39497423e-01 7.96459675e-01
    7.26040363e-01 7.63729692e-01 8.78645897e-01 7.65386820e-01
    8.19436073e-01 5.38442731e-01 3.89966428e-01 7.47105777e-01
    7.28312612e-01 5.18714070e-01 4.36993182e-01 2.03956515e-01
    4.40301478e-01 3.60452414e-01 9.53871608e-01 3.33833218e-01
    6.10846460e-01 4.52094674e-01 1.00528061e-01 1.11018121e-02
    6.98773980e-01 8.44746709e-01 7.34584033e-01 6.48468733e-01
    5.90124786e-01 7.86510408e-01 1.69860631e-01 4.71433878e-01
    8.11794996e-01 3.83340180e-01 1.16898417e-02 5.66398025e-01
    3.09074849e-01 5.26919901e-01 1.43928319e-01 6.26877725e-01
    4.63033527e-01 6.27778351e-01 1.40740514e-01 4.65292007e-01
    5.18193483e-01 7.48237848e-01 6.86886907e-02 3.26007307e-02
    2.80875504e-01 1.88203096e-01 9.17209983e-02 8.70069504e-01
    7.02077746e-01 7.46741593e-01 2.83756822e-01 3.79998565e-01
    3.55534792e-01 9.81794596e-01 2.25914299e-01 1.05531245e-01
    7.20344305e-01 3.65746439e-01 8.59918654e-01 6.70618534e-01
    2.65058637e-01 9.73657370e-01 5.88715076e-01 1.50881976e-01
    8.73555183e-01 3.89697909e-01 7.01210260e-01 7.56699204e-01
    1.17346883e-01 4.10156518e-01 7.07445204e-01 7.37621844e-01
    1.95632041e-01 2.25841999e-03 6.83136284e-01 3.94973040e-01
    9.02530551e-01 2.65476704e-01 5.96951187e-01 3.62282753e-01
    7.73061514e-01 2.08701670e-01 2.96724588e-01 2.33341873e-01
    8.18903446e-01 5.46998799e-01 3.66998911e-02 6.74715281e-01
    7.96080649e-01 5.65195858e-01 8.53272259e-01 2.33624637e-01
    3.61285955e-01 6.89266443e-01 3.19158107e-01 2.45395929e-01
    8.89865041e-01 8.03028941e-01 7.09091008e-01 2.87747204e-01
    4.83951926e-01 5.15408158e-01 1.88267380e-01 6.33652508e-01
    6.28944337e-01 1.38241023e-01 2.74633467e-01 5.90689003e-01
    1.03432834e-02 8.49796295e-01 2.10282475e-01 8.64187896e-01
    9.89311993e-01 3.56672108e-01 2.11860597e-01 2.50297427e-01
    5.42580366e-01 9.62479830e-01 1.79441690e-01 4.71723080e-01
    1.09533399e-01 3.21045220e-02 7.67545521e-01 1.14581347e-01
    5.91880202e-01 5.12931943e-01 7.60594487e-01 8.68760765e-01
    7.94588923e-02 8.50279212e-01 2.47602791e-01 1.59803450e-01
    1.11365318e-02 3.49540681e-01 9.29856062e-01 8.79151940e-01
    9.39808190e-02 6.25786662e-01 8.85897458e-01 6.78435028e-01
    6.86031163e-01 1.81576014e-01 5.93688369e-01 4.98860091e-01
    9.35897231e-01 4.46582884e-01 2.19075888e-01 3.55955243e-01
    6.71151280e-02 5.16361594e-01 2.00547159e-01 4.26360458e-01
    1.13776922e-01 3.70420784e-01 6.16601229e-01 1.91949695e-01
    4.89370793e-01 8.75574052e-01 8.31605554e-01 7.31950521e-01
    6.44272089e-01 7.03641534e-01 3.54556471e-01 4.73786980e-01
    1.24787867e-01 1.66063309e-01 1.75538361e-02 4.68408704e-01
    9.94192958e-01 9.86236632e-02 9.82074022e-01 7.18581796e-01
    9.25897181e-01 3.17836165e-01 8.48991096e-01 6.45463169e-02
    7.18974352e-01 7.67804503e-01 8.06593418e-01 7.40446448e-01
    4.68146235e-01 8.51250589e-01 3.60131949e-01 5.30238032e-01
    8.70034814e-01 2.60148168e-01 9.95645523e-01 4.48311746e-01
    2.44762063e-01 6.18500412e-01 1.74690247e-01 9.08595800e-01
    9.86086369e-01 2.18026668e-01 5.61446846e-01 3.98818254e-02
    1.02781177e-01 9.34357166e-01 9.91140723e-01 4.06015515e-02
    9.26137924e-01 4.01063412e-01 9.84982133e-01 4.69786853e-01
    9.00934994e-01 4.11997437e-01 8.71154368e-01 1.53165698e-01
    4.31208760e-01 4.42817390e-01 7.75132895e-01 3.54070425e-01
    9.92171407e-01 5.77769816e-01 7.67051876e-01 4.95535761e-01
    1.91306323e-01 9.35946345e-01 6.25737548e-01 4.02660817e-01
    9.30731058e-01 6.16813660e-01 7.16870368e-01 8.21766257e-01
    8.80653858e-02 9.57377553e-01 9.24598575e-01 5.58714986e-01
    7.93736339e-01 4.16591644e-01 8.76766980e-01 4.80240673e-01
    5.11802018e-01 7.44426608e-01 7.03740835e-01 5.57391942e-02
    3.52533847e-01 2.84804583e-01 3.10314536e-01 4.50927019e-03
    3.44281137e-01 4.99470592e-01 3.34334612e-01 4.80094582e-01
    5.31986535e-01 6.30128860e-01 6.31912947e-01 7.96000242e-01
    4.14409757e-01 6.55891180e-01 2.45523572e-01 9.46960628e-01
    2.62224853e-01 2.36105323e-02 6.05180681e-01 8.43217731e-01
    8.97532701e-01 6.60340965e-01 5.64414859e-02 5.03314674e-01
    2.33299375e-01 6.58593237e-01 9.90762472e-01 5.02355993e-01
    4.23463196e-01 4.29906726e-01 5.34852684e-01 1.23172015e-01
    9.27860022e-01 2.87154913e-01 3.35676670e-02 7.20534921e-01
    6.52787089e-01 6.49151564e-01 4.10414934e-01 6.84861183e-01
    5.66667318e-01 6.70045018e-01 1.91924781e-01 9.83090401e-01
    3.86889130e-01 8.27091694e-01 7.98194766e-01 4.94020462e-01
    8.45643818e-01 6.89947307e-01 3.95027608e-01 1.41052902e-02
    9.49346423e-01 5.85345328e-01 3.54582578e-01 9.00896668e-01
    9.39542472e-01 1.25496536e-01 8.79017472e-01 8.07356417e-01
    7.40287960e-01 5.29913008e-02 7.29118824e-01 1.61703408e-01
    4.11205292e-02 9.27410245e-01 2.65706062e-01 4.64217186e-01
    5.83026826e-01 6.23137355e-02 1.68115973e-01 7.64148951e-01
    5.40046215e-01 7.60495663e-02 7.15161681e-01 8.74037921e-01
    3.51411879e-01 5.27169049e-01 3.24487954e-01 7.63634741e-02
    2.45808125e-01 3.29959959e-01 5.71117878e-01 4.05995399e-01
    9.55900669e-01 8.62398326e-01 8.92723978e-01 5.91852069e-01
    6.81946278e-02 3.31972241e-01 7.27576613e-01 8.17025900e-02
    8.53537738e-01 9.60017920e-01 1.87469959e-01 1.79598272e-01
    8.44650209e-01 8.10260773e-01 8.14045429e-01 9.15604949e-01
    6.79789782e-01 1.68728441e-01 9.29248214e-01 3.85440111e-01
    9.19440389e-01 3.30223352e-01 9.36454296e-01 7.89403915e-01
    3.94597232e-01 6.41617537e-01 6.50058389e-01 7.91310430e-01
    6.20320320e-01 3.76216710e-01 5.46489894e-01 3.46241832e-01
    9.29834902e-01 4.29764092e-01 1.43144667e-01 7.20408797e-01
    4.63543832e-01 4.06698108e-01 3.83341312e-01 7.76928782e-01
    1.22557580e-01 7.28147388e-01 6.37618482e-01 8.38807583e-01
    9.37871635e-02 2.59449780e-02 4.06486720e-01 4.04690385e-01
    2.46597618e-01 2.68972903e-01 4.79780495e-01 1.38861865e-01
    7.90973663e-01 5.45547009e-01 6.61015511e-03 8.12448442e-01
    9.68255639e-01 7.63381064e-01 2.68426716e-01 8.11212361e-01
    5.72052121e-01 1.39427185e-02 7.16563702e-01 1.85130686e-01
    9.21535730e-01 1.23264790e-02 1.51283205e-01 2.47812033e-01
    8.51958334e-01 8.74059796e-01 3.53084981e-01 7.51425624e-02
    9.72022235e-01 7.14964867e-02 4.78909433e-01 3.27258885e-01
    6.93239272e-01 7.22281396e-01 6.05186582e-01 9.11823511e-01
    4.99701202e-01 4.13394630e-01 1.67459458e-01 4.65354204e-01
    1.02917880e-01 8.35258722e-01 8.00702274e-02 1.95762545e-01
    1.92196906e-01 6.60147786e-01 9.60815847e-02 8.26487899e-01
    7.61075437e-01 7.61511326e-01 6.42505527e-01 6.69095218e-02
    7.71752000e-01 5.22352099e-01 4.72853750e-01 5.04928470e-01
    6.36415720e-01 5.95412493e-01 9.82151747e-01 4.41263676e-01
    2.31665492e-01 9.17978168e-01 5.58710396e-02 8.39177310e-01
    4.51541066e-01 9.90309954e-01 2.10790038e-01 9.34109807e-01
    8.03139567e-01 9.05790687e-01 2.96447217e-01 4.07733738e-01
    6.31472707e-01 5.61419368e-01 5.70134640e-01 1.34916782e-01
    1.29881650e-01 2.13754177e-01 7.08020210e-01 7.95260310e-01
    1.10499501e-01 5.58086336e-01 7.54303336e-01 3.40185165e-02
    6.93439543e-01 3.26702744e-01 6.51415348e-01 8.54268134e-01
    4.51753914e-01 1.12765193e-01 5.20070314e-01 9.30995584e-01
    3.27626705e-01 2.51959443e-01 8.12487364e-01 9.51447964e-01
    2.63365328e-01 7.04055846e-01 3.29566807e-01 9.65213537e-01
    2.48845905e-01 7.74673462e-01 5.73674202e-01 9.36666012e-01
    3.06342632e-01 4.67689276e-01 8.95610094e-01 6.30915165e-04
    1.45590246e-01 6.88782334e-01 1.25028163e-01 4.10268843e-01
    8.72878551e-01 5.28161645e-01 7.08468676e-01 3.56464118e-01
    7.71914303e-01 9.43283916e-01 5.65836430e-01 6.51513040e-02
    5.73567569e-01 5.53887308e-01 8.08896601e-01 1.73935741e-01
    5.73782504e-01 3.74142796e-01 2.99211085e-01 9.11175370e-01
    1.64632797e-02 4.00832921e-01 7.65864789e-01 1.74197018e-01
    2.71816522e-01 7.83904672e-01 3.11546743e-01 1.95010036e-01
    3.75018716e-01 6.11356974e-01 5.61011076e-01 9.08180356e-01
    5.59436798e-01 6.36013448e-01 6.20247781e-01 3.74903411e-01
    9.10779119e-01 2.56982028e-01 9.58528876e-01 6.13946795e-01
    1.38671637e-01 4.46229488e-01 8.50389957e-01 4.75603878e-01
    2.83885002e-01 5.92219234e-01 6.61815524e-01 4.09709990e-01
    2.41588384e-01 3.66112530e-01 4.87523049e-01 1.79665387e-02
    2.27202237e-01 1.76069260e-01 9.64894772e-01 9.05298471e-01
    6.12365782e-01 4.56174076e-01 7.96216249e-01 9.87013578e-01
    6.25478625e-02 1.50172502e-01 8.46860886e-01 7.77021348e-01
    1.94069117e-01 4.42210734e-02 9.97060418e-01 7.36199856e-01
    5.72963655e-02 7.61590779e-01 5.64552546e-01 2.33723313e-01
    3.52720976e-01 3.57612550e-01 9.70630348e-02 4.44405347e-01
    4.42103326e-01 4.79099512e-01 6.01707757e-01 3.33954751e-01
    6.81631267e-01 2.66602159e-01 6.27426207e-01 9.78986382e-01
    6.11874044e-01 6.35913491e-01 7.41064608e-01 7.89112091e-01
    5.56804836e-02 1.19133353e-01 2.49908149e-01 5.56606710e-01
    7.39364326e-02 7.59755790e-01 5.57948947e-02 4.28964168e-01
    8.89833331e-01 4.35557365e-01 5.54901063e-01 8.48814011e-01
    1.18326575e-01 6.83802962e-01 5.71389616e-01 3.36565733e-01
    5.34867823e-01 9.55269694e-01 5.97598314e-01 3.05915982e-01
    1.46603048e-01 6.21518314e-01 8.44433308e-01 2.98513860e-01
    9.46231246e-01 2.81458944e-01 6.32910848e-01 7.37097919e-01
    8.84342551e-01 3.06314856e-01 8.50671530e-01 8.30128491e-02
    8.89175892e-01 8.67895126e-01 3.00459772e-01 9.82554793e-01
    2.78327346e-01 6.58633113e-01 1.03437036e-01 4.78907436e-01
    6.98736668e-01 8.73050153e-01 2.53171027e-02 3.47683251e-01
    8.32718015e-01 3.31426978e-01 6.20979965e-01 7.16839314e-01
    3.68041456e-01 2.98097730e-02 7.74789453e-01 4.11846995e-01
    1.57955647e-01 4.71678883e-01 6.70644522e-01 7.57499695e-01
    1.76133037e-01 3.26934397e-01 6.49507761e-01 4.44590092e-01
    3.50669324e-02 9.13202763e-01 1.57027245e-01 3.23464781e-01
    9.05954480e-01 3.43932897e-01 1.67565316e-01 3.57731044e-01
    7.62510896e-01 9.94938612e-03 5.06348670e-01 6.88693643e-01
    5.82426786e-01 3.38065028e-02 9.78267789e-01 2.47876465e-01
    1.63454026e-01 9.83725786e-02 2.89982677e-01 1.94852531e-01
    1.48833007e-01 3.39469314e-02 3.98293763e-01 3.27403545e-01
    5.22398949e-03 5.44083714e-01 1.46388263e-01 3.36100727e-01
    9.46732819e-01 8.80743742e-01 3.72688591e-01 6.23096228e-01
    5.79502225e-01 7.40660012e-01 9.27994013e-01 9.90439296e-01
    8.82739425e-01 1.78122640e-01 7.73361564e-01 7.74342537e-01
    3.14293563e-01 7.22149789e-01 9.51913714e-01 8.21002424e-02
    9.37998056e-01 3.02222669e-02 9.69838560e-01 3.47769201e-01
    7.94330060e-01 8.46696377e-01 1.19654238e-02 6.05971813e-01
    5.33567846e-01 8.02127004e-01 6.94748223e-01 2.13642716e-01
    1.13363117e-01 4.41215783e-01 8.32272172e-01 6.77741766e-02
    5.35721302e-01 3.95062029e-01 5.83204687e-01 4.84410465e-01
    4.47229773e-01 2.20991582e-01 1.66212022e-01 7.93050766e-01
    8.40055943e-01 7.78760195e-01 7.51516223e-01 3.32643867e-01
    1.29751116e-01 2.73752302e-01 1.76340163e-01 6.78102136e-01
    5.19237161e-01 1.56838834e-01 2.31848776e-01 7.23941684e-01
    8.01760077e-01 1.68275595e-01 6.87097728e-01 2.39281803e-01
    3.63209903e-01 1.61730856e-01 5.89251518e-01 6.26541615e-01
    4.97049481e-01 4.71030653e-01 8.99114966e-01 4.34171706e-01
    8.52643251e-01 7.27982521e-02 4.49950755e-01 2.63765931e-01
    9.44760442e-01 1.30963862e-01 7.61776328e-01 2.14930117e-01
    2.28308380e-01 9.94735539e-01 8.71027708e-01 7.06446409e-01
    1.87914103e-01 1.73422754e-01 1.40492737e-01 1.24527544e-01
    5.78250766e-01 8.46815526e-01 8.87891650e-01 5.25595248e-01
    3.24121714e-01 8.17536712e-01 2.95417786e-01 8.61921906e-02
    4.50889289e-01 2.76531041e-01 9.80686426e-01 8.54126215e-01
    8.31956506e-01 6.07635379e-02 6.29408956e-02 3.54130745e-01
    4.84763861e-01 6.69281363e-01 4.96182859e-01 6.77299201e-02
    9.38495398e-01 5.84894419e-03 5.78235984e-01 2.66469330e-01
    5.89416564e-01 3.77210230e-01 1.42523944e-01 5.20989001e-02
    1.57981724e-01 6.61977172e-01 7.09944963e-01 8.61197889e-01
    5.58422923e-01 8.90544832e-01 8.59519005e-01 6.53112173e-01
    6.49378300e-01 1.47271872e-01 1.18593186e-01 8.62771571e-02
    1.18499726e-01 7.82542586e-01 4.13668305e-01 3.48884881e-01
    3.21106464e-01 2.93345332e-01 2.00673640e-02 6.69300318e-01
    7.83270121e-01 5.12827039e-01 2.83247143e-01 9.13384736e-01
    5.81922889e-01 7.26764262e-01 4.74405676e-01 5.33088923e-01
    8.06584120e-01 6.39526904e-01 7.28004396e-01 1.65569335e-01
    7.87657917e-01 1.32827371e-01 7.31761217e-01 6.69473290e-01
    5.68113983e-01 3.66105169e-01 9.81349230e-01 9.62319970e-02
    4.52283591e-01 2.63638794e-01 4.10617799e-01 4.24236059e-03
    9.10106421e-01 2.15917945e-01 8.07451904e-01 6.09010696e-01
    6.23857915e-01 2.83637702e-01 4.22311276e-01 1.56317532e-01
    9.17266846e-01 1.89608932e-01 8.42707276e-01 6.41775131e-02
    6.58488333e-01 1.93435609e-01 8.35267782e-01 8.65702868e-01
    5.80458760e-01 1.81698114e-01 8.62168014e-01 6.69590175e-01
    9.47085857e-01 7.38065958e-01 4.54417557e-01 2.74973512e-01
    4.53339994e-01 8.02351832e-01 1.90541595e-01 2.18825132e-01
    5.55373967e-01 8.32283020e-01 1.22783631e-01 6.65896833e-02
    7.11704314e-01 3.52430642e-01 7.07713842e-01 7.54350781e-01
    9.70507860e-01 1.61868304e-01 7.29916036e-01 1.02165580e-01
    8.85162830e-01 5.01363873e-01 4.20256466e-01 5.55645823e-01
    3.26253653e-01 2.71955371e-01 8.19309235e-01 5.56272566e-01
    8.83093596e-01 9.98201132e-01 8.22506428e-01 6.94719553e-01
    2.30271578e-01 3.10626507e-01 1.88565701e-01 7.29546309e-01
    5.06326735e-01 2.95483053e-01 4.89221036e-01 5.01914024e-02
    4.55684602e-01 2.84480929e-01 3.68281603e-01 6.94809914e-01
    2.18828410e-01 7.83108115e-01 6.34795904e-01 6.79394662e-01
    3.69017094e-01 3.09731841e-01 2.57760018e-01 6.64798617e-01
    3.10241878e-01 2.39714295e-01 2.27060109e-01 4.31301951e-01
    4.02576327e-01 1.58491552e-01 1.93079412e-01 3.88585865e-01
    3.24073523e-01 1.32667661e-01 4.93601441e-01 1.73965126e-01
    3.07000905e-01 3.06946397e-01 1.83576494e-01 8.91719341e-01
    2.16100186e-01 9.31318402e-01 5.16268134e-01 3.96309733e-01
    6.17863894e-01 4.51042891e-01 6.25834167e-01 1.47342116e-01
    5.02534926e-01 1.83562726e-01 3.47159803e-02 7.02141464e-01
    1.07579261e-01 7.66988397e-01 1.25644058e-01 3.81898284e-01
    1.98798925e-01 7.04525948e-01 7.03364670e-01 4.09049034e-01
    1.67118251e-01 3.50007147e-01 4.43235278e-01 4.42160636e-01
    7.32504427e-01 7.48102844e-01 5.08487821e-01 8.49202633e-01
    9.29690897e-02 3.24753910e-01 1.35560602e-01 5.47719896e-01
    2.03762650e-01 7.89231420e-01 4.78714973e-01 8.76942456e-01
    8.83179426e-01 8.56304646e-01 4.41293180e-01 3.81489098e-02
    8.20658922e-01 8.49463046e-01 6.95255756e-01 7.27453828e-02
    5.50593197e-01 9.77872491e-01 3.26710761e-01 5.95499814e-01
    2.97295034e-01 5.23067057e-01 1.89086914e-01 6.02372706e-01
    5.75321555e-01 7.42527068e-01 1.46165967e-01 5.48627675e-02
    2.10118145e-01 8.71062398e-01 5.95434368e-01 6.84367597e-01
    7.51982450e-01 2.19802439e-01 9.82919812e-01 7.14622080e-01
    8.80855560e-01 4.75318134e-02 6.39967918e-01 1.40210658e-01
    3.31532300e-01 8.90710175e-01 7.97835469e-01 2.08962858e-01
    8.42521012e-01 4.39892918e-01 2.25680709e-01 5.48620343e-01
    1.00304216e-01 9.21426058e-01 8.24127078e-01 9.97295976e-01
    7.52097905e-01 9.48370159e-01 8.10867071e-01 9.49355662e-01
    3.76694322e-01 6.20659232e-01 1.27203435e-01 9.31046844e-01
    7.26315677e-02 1.90208375e-01 3.53806019e-02 6.27761126e-01
    7.42908120e-01 2.88983583e-01 7.37972081e-01 8.35751474e-01
    5.86918533e-01 2.27076620e-01 7.17293143e-01 9.80405152e-01
    4.71647680e-01 6.65291429e-01 3.52786958e-01 3.62005144e-01
    9.21817183e-01 8.34079385e-01 6.76804662e-01 2.34928370e-01
    8.09989214e-01 1.95795208e-01 4.37787771e-02 1.30607486e-01
    8.82613122e-01 1.86216652e-01 9.86791372e-01 2.75236547e-01
    8.05060804e-01 5.32395184e-01 6.75648332e-01 8.87221932e-01
    8.50259542e-01 5.31241775e-01 1.02462858e-01 9.84999418e-01
    1.99651986e-01 1.94671631e-01 4.28751469e-01 8.71477485e-01
    3.15470606e-01 2.76284903e-01 2.42861807e-01 8.89531791e-01
    9.25062656e-01 8.86941433e-01 8.94100666e-01 7.92489171e-01
    1.85280532e-01 2.01501727e-01 7.99663007e-01 9.91763949e-01
    7.14762807e-01 3.65629226e-01 5.43660402e-01 7.36871541e-01
    1.84825212e-01 2.07371503e-01 9.00663853e-01 8.61099780e-01
    6.09551072e-01 3.99935335e-01 5.98576844e-01 4.56533730e-01
    7.09411681e-01 8.26203942e-01 9.45466638e-01 3.19129229e-03
    8.87568831e-01 2.57065922e-01 7.75125504e-01 9.93081808e-01
    3.26950878e-01 7.52408326e-01 1.89717948e-01 9.46000516e-01
    6.95130169e-01 3.11281741e-01 6.82539105e-01 9.71432924e-01
    9.22641814e-01 2.18784332e-01 2.19671130e-02 8.71473789e-01
    3.84461015e-01 3.38176489e-01 3.56324732e-01 8.57942700e-02
    5.27477026e-01 4.41106349e-01 3.57914716e-01 1.11316413e-01
    8.66880953e-01 5.97929358e-02 7.63092339e-01 4.14313465e-01
    2.85714090e-01 9.04841423e-01 5.88745892e-01 1.22861117e-01
    9.59813714e-01 3.06105196e-01 6.11330807e-01 3.85344625e-02
    8.61201167e-01 7.34258175e-01 1.59488767e-01 6.14693642e-01
    4.88657683e-01 3.34712923e-01 1.96686983e-01 1.54879212e-01
    1.49139464e-02 7.60398924e-01 8.68792057e-01 4.93164241e-01
    9.77915883e-01 3.19463670e-01 9.93962348e-01 5.94199300e-02
    3.13881516e-01 1.87003314e-01 6.90355122e-01 1.42724037e-01
    6.86763465e-01 3.74644279e-01 6.65439725e-01 8.79256964e-01
    1.76084250e-01 5.98642945e-01 6.83958471e-01 7.98258543e-01
    9.33148921e-01 9.47141409e-01 3.34841490e-01 7.57484794e-01
    8.28126311e-01 7.52795339e-01 2.81242013e-01 1.37647808e-01
    2.55358487e-01 9.13123369e-01 8.33377957e-01 1.53956741e-01
    4.53601956e-01 8.19313407e-01 7.88881719e-01 8.95435274e-01
    2.09865630e-01 6.15556777e-01 1.97875887e-01 5.81836045e-01
    2.71819502e-01 4.67931300e-01 4.87822890e-02 3.51792634e-01
    9.13956523e-01 7.15756714e-02 4.28368717e-01 5.83113134e-02
    3.45331281e-01 4.96550679e-01 3.59106988e-01 1.58633888e-01
    4.00635004e-01 9.12468851e-01 7.23965049e-01 3.07597160e-01
    1.79861069e-01 5.89534163e-01 4.22810972e-01 9.77704525e-02
    3.28969270e-01 5.92412174e-01 8.36745143e-01 2.06924051e-01
    6.71512425e-01 7.84490705e-01 1.21551067e-01 9.79513884e-01
    5.18788517e-01 8.14719796e-01 2.47526020e-01 2.41742879e-01
    2.24792957e-03 9.68347788e-01 1.99270248e-02 2.76735544e-01
    5.50323486e-01 3.68201405e-01 1.34352744e-02 9.29686427e-01
    6.59515023e-01 4.80515122e-01 2.46781766e-01 4.70794022e-01
    2.41419166e-01 7.17110217e-01 3.02644789e-01 8.75635564e-01
    5.72535574e-01 8.52533937e-01 1.29079074e-01 3.64348054e-01
    9.83517170e-01 9.27802265e-01 3.44316065e-01 3.41903389e-01
    4.05696630e-02 4.94125843e-01 2.79558897e-02 5.49612522e-01
    8.47000837e-01 4.24369425e-01 1.08425796e-01 2.00011849e-01
    5.92737079e-01 1.40227973e-02 5.76258838e-01 8.79882455e-01
    6.31104410e-02 1.86889917e-01 6.20992303e-01 8.30907226e-01
    6.64422274e-01 3.80412936e-02 3.50326002e-01 9.71682012e-01
    3.94825041e-02 3.09064627e-01 8.54537129e-01 8.02577376e-01
    2.89174914e-02 4.58306789e-01 5.71751118e-01 3.87108326e-01
    4.49046105e-01 8.79384875e-02 8.68262768e-01 5.94828606e-01
    6.04156733e-01 9.35840905e-02 3.29411447e-01 1.71245396e-01
    9.97081697e-01 3.47202301e-01 1.99681520e-03 9.32557583e-02
    8.74096036e-01 6.81995392e-01 5.30923784e-01 1.79447144e-01
    2.85131037e-01 6.35591269e-01 3.27346742e-01 4.80450094e-01
    3.64363134e-01 2.68662870e-02 4.44588959e-01 6.37273729e-01
    8.69618118e-01 6.60452008e-01 9.56034124e-01 7.70549297e-01
    8.23878407e-01 6.95662379e-01 4.78888512e-01 2.11766958e-02
    2.38565177e-01 6.41147614e-01 5.31944275e-01 2.30720043e-02
    1.48871481e-01 2.73082763e-01 3.94722521e-01 9.17634666e-02
    3.37459415e-01 4.41974401e-01 6.22817993e-01 3.69794607e-01
    4.70292449e-01 8.56432796e-01 5.12050211e-01 2.88387448e-01
    3.33962768e-01 5.90486586e-01 9.88095641e-01 8.24374020e-01
    3.79188746e-01 1.56965673e-01 9.38843787e-01 6.75852537e-01
    4.54845071e-01 1.91546649e-01 9.05932903e-01 3.06459755e-01
    3.14756095e-01 2.59014159e-01 7.98976719e-01 7.90843606e-01
    5.21298409e-01 9.06816304e-01 5.32178819e-01 4.23872769e-01
    5.43908536e-01 5.33431768e-02 3.95735264e-01 2.61745155e-02
    2.26683497e-01 5.20938337e-01 6.99271142e-01 6.70728803e-01
    6.97945654e-01 9.42142725e-01 8.83488059e-02 1.00608617e-01
    8.13293934e-01 6.67627692e-01 5.95693588e-01 8.35231006e-01
    4.23617482e-01 7.71008134e-01 6.37816906e-01 3.34992558e-01
    5.57404518e-01 8.94674420e-01 9.18335795e-01 9.96156335e-01
    4.27860290e-01 3.39441419e-01 3.73829603e-01 4.26683754e-01
    4.88860011e-02 2.35283673e-01 5.38350284e-01 8.81721020e-01
    7.05694735e-01 7.80178607e-02 2.60042906e-01 1.39607370e-01
    9.50578690e-01 6.01936758e-01 8.16223264e-01 8.54589462e-01
    4.16321635e-01 6.48674071e-01 5.86107969e-01 5.31283200e-01
    5.42288721e-02 1.26206875e-03 7.63097584e-01 9.63091850e-01
    8.89918447e-01 8.69183898e-01 3.45529795e-01 2.40594447e-02
    7.03794539e-01 1.45097703e-01 7.40588367e-01 1.00893885e-01
    8.88057947e-02 6.12212956e-01 4.72163081e-01 3.19444418e-01
    4.19285595e-02 4.94168043e-01 3.96158755e-01 5.03280759e-02
    3.06660354e-01 9.20706153e-01 4.85074759e-01 8.75928402e-02
    3.46165180e-01 6.48480654e-02 3.37172478e-01 5.25584519e-02
    5.02156079e-01 1.94021076e-01 9.96097207e-01 4.62075621e-01
    8.47536683e-01 7.93321729e-01 8.98941398e-01 5.05722761e-01
    2.05413282e-01 6.61253929e-03 5.37028313e-02 6.80813551e-01
    4.44119573e-02 4.56255317e-01 4.26866949e-01 8.09568405e-01
    3.80372971e-01 4.32686508e-02 9.40898299e-01 3.80972773e-01
    1.76060200e-03 7.46391475e-01 2.04694420e-01 8.98114741e-02
    8.50952983e-01 2.77699053e-01 1.63006872e-01 4.97456193e-02
    3.31422150e-01 4.72605169e-01 7.76120901e-01 7.50119090e-01
    2.57698059e-01 8.89519811e-01 6.86326742e-01 5.01558125e-01
    1.99446082e-02 7.77366042e-01 1.08681113e-01 3.09605271e-01
    7.92202950e-01 5.65550447e-01 5.75571477e-01 8.80153239e-01
    5.05174696e-01 1.30426466e-01 5.03164947e-01 1.43679082e-01
    8.49331975e-01 2.84246683e-01 9.97605443e-01 7.32985377e-01
    4.82408643e-01 8.05105269e-02 7.01506734e-01 1.30260289e-02
    1.41682923e-02 8.47147405e-02 7.90521383e-01 4.59919423e-01
    7.80797720e-01 1.45657659e-01 2.73892879e-01 5.61753988e-01
    6.40389025e-01 1.81261897e-01 4.28994358e-01 2.41719455e-01
    4.75125045e-01 3.47839326e-01 8.95721316e-01 8.89669180e-01
    6.83946371e-01 7.28486538e-01 4.77555633e-01 5.15235364e-02
    5.04878998e-01 3.78604978e-01 4.11766559e-01 8.42846453e-01
    8.01264882e-01 6.68048859e-01 7.05810070e-01 1.64115638e-01
    6.85017943e-01 5.53159952e-01 5.48322916e-01 4.78080332e-01
    1.18706048e-01 6.99977517e-01 7.67594635e-01 1.52114898e-01
    9.37439561e-01 4.37267005e-01 1.08552009e-01 3.34337950e-01
    5.71212411e-01 6.56807423e-01 6.63101971e-02 2.88410783e-02
    4.36568201e-01 8.22988272e-01 9.70337689e-01 7.40875721e-01
    3.94041270e-01 3.64068508e-01 6.40127063e-02 3.22346866e-01
    1.03076160e-01 5.88200390e-02 7.03004837e-01 4.49297220e-01
    6.44839644e-01 4.26863492e-01 3.90427113e-01 2.88176298e-01
    4.67770785e-01 1.44006521e-01 9.11092281e-01 4.63041365e-01
    3.88121903e-02 4.61021453e-01 9.58838344e-01 8.29697967e-01
    8.51022124e-01 1.21417284e-01 8.37770820e-01 2.92851985e-01
    5.76634109e-01 4.03577805e-01 1.30765885e-01 7.55185843e-01
    9.00362074e-01 6.18302763e-01 5.72004616e-02 6.44549727e-01
    5.15056193e-01 8.12049687e-01 6.21355176e-01 6.77811801e-01
    9.59169745e-01 9.98751581e-01 5.26805639e-01 1.22381151e-01
    2.41120249e-01 4.89596784e-01 4.15324688e-01 5.49906790e-01
    2.22394437e-01 7.86278844e-02 9.04404521e-01 2.90779233e-01
    6.65079772e-01 9.63779330e-01 9.73376632e-01 6.80821121e-01
    9.54100072e-01 9.87548530e-01 7.73717582e-01 7.47985482e-01
    1.07126385e-01 8.43357563e-01 2.39341855e-02 7.24246979e-01
    7.08975971e-01 1.52069479e-01 2.06279665e-01 8.76400709e-01
    7.72059739e-01 6.04260683e-01 5.42083263e-01 5.17893851e-01
    5.37833512e-01 8.44007611e-01 2.11028636e-01 8.64069045e-01
    7.21310556e-01 9.33903933e-01 5.84118783e-01 8.81683826e-01
    1.26786321e-01 8.68572831e-01 6.10964894e-01 6.58880711e-01
    9.74941850e-02 1.20183706e-01 3.72521996e-01 7.09892154e-01
    5.94848812e-01 9.07480001e-01 5.64336836e-01 6.60890341e-01
    7.89848983e-01 9.66716826e-01 1.42357767e-01 9.07431602e-01
    3.12578321e-01 8.86490822e-01 5.24411917e-01 9.88102734e-01
    2.53570616e-01 6.43831611e-01 7.43879795e-01 3.34763288e-01
    9.73872423e-01 4.10706580e-01 2.28687972e-01 9.35011387e-01
    8.78562808e-01 6.75303400e-01 1.83556944e-01 4.89402294e-01
    5.44963300e-01 8.89790416e-01 7.30716944e-01 3.93453360e-01
    4.95642096e-01 7.66924977e-01 8.06673288e-01 5.25573432e-01
    8.02306354e-01 7.29003429e-01 4.59204406e-01 2.38653362e-01
    9.52979624e-02 4.56759632e-01 3.11084539e-01 9.77811396e-01
    2.71085441e-01 7.77118206e-01 6.61356926e-01 1.84624970e-01
    3.36210489e-01 9.77672637e-02 5.12265265e-01 8.18562508e-01
    8.83133948e-01 1.22037053e-01 4.66016203e-01 7.80599773e-01
    8.22523117e-01 9.32225943e-01 9.30904746e-01 5.28078854e-01
    8.12492490e-01 3.96108538e-01 1.76455736e-01 7.52036333e-01
    3.47510099e-01 7.90093660e-01 1.43781751e-01 5.96843123e-01
    5.47781110e-01 3.06773543e-01 7.55004048e-01 6.00676477e-01
    2.35685408e-02 7.98512340e-01 5.02519369e-01 4.64666128e-01
    2.59134263e-01 7.16939926e-01 1.56700939e-01 9.51533198e-01
    3.70096684e-01 4.70660657e-01 1.11094117e-02 8.09051991e-02
    3.26405466e-02 2.08314776e-01 7.69902229e-01 7.01606154e-01
    5.03592134e-01 4.02817696e-01 2.36010313e-01 8.27382743e-01
    5.56188583e-01 4.71437275e-02 2.59378612e-01 2.46153235e-01
    3.81781459e-01 1.02776915e-01 3.80451351e-01 9.58411336e-01
    9.97099400e-01 9.87726748e-02 7.53041983e-01 1.52503848e-02
    1.59326553e-01 3.15968692e-02 3.59345913e-01 9.92008209e-01
    5.18021405e-01 8.19813967e-01 5.07062197e-01 6.43931508e-01
    9.15720463e-01 1.61272347e-01 4.52107668e-01 1.86873347e-01
    4.96471912e-01 9.34919238e-01 6.76074028e-01 6.70221269e-01
    9.24819946e-01 6.74455047e-01 7.00865149e-01 2.76276588e-01
    6.81348562e-01 3.05508614e-01 4.57536221e-01 1.05791688e-01
    2.49863684e-01 2.54991233e-01 1.63683116e-01 1.41024172e-01
    7.60293365e-01 5.72868764e-01 5.80568194e-01 7.68987894e-01
    8.31352830e-01 9.03998852e-01 7.64083385e-01 2.84529388e-01
    5.14601171e-01 1.68642402e-03 9.43572402e-01 8.58233333e-01
    8.04180384e-01 3.29102159e-01 7.87061453e-03 8.27912211e-01
    6.90744340e-01 1.08510375e-01 1.11259431e-01 7.03369856e-01
    5.91366887e-01 1.64163619e-01 2.60099500e-01 7.97939301e-02
    5.32757223e-01 4.09433722e-01 8.03202212e-01 4.81747866e-01
    3.23748589e-01 4.18097675e-02 4.76554066e-01 2.69064188e-01
    1.29511952e-03 4.51413244e-01 9.16406035e-01 5.35232008e-01
    4.18183833e-01 4.69585985e-01 8.60663772e-01 2.33077288e-01
    6.10713661e-01 1.15152240e-01 4.54405487e-01 8.03462803e-01
    1.45786017e-01 8.48280430e-01 4.60764587e-01 2.65565038e-01
    9.65705514e-01 1.28816873e-01 3.80977511e-01 2.31976807e-01
    8.27710748e-01 3.22254598e-02 6.73421860e-01 7.31021881e-01
    1.09001517e-01 9.01766658e-01 9.20506358e-01 3.33910942e-01
    1.23592496e-01 9.77712512e-01 3.71862233e-01 9.85782385e-01
    8.92414749e-02 9.58745480e-02 4.57946926e-01 8.44164133e-01
    4.60492671e-02 1.06425345e-01 8.34401608e-01 5.84623575e-01
    1.48000777e-01 4.71840382e-01 4.57134247e-01 4.48809624e-01
    6.92960024e-01 2.32840359e-01 6.76018298e-02 3.68075848e-01
    7.52155304e-01 8.92897248e-02 3.05542529e-01 8.29194427e-01
    4.52759206e-01 7.08617568e-01 1.32993460e-01 8.80901337e-01
    6.94253147e-02 7.62594163e-01 2.43507057e-01 6.58597112e-01
    3.08299065e-01 5.49160719e-01 5.74703217e-01 9.44155633e-01
    3.52961779e-01 8.85401845e-01 2.44799763e-01 5.01081288e-01
    6.90157771e-01 9.91309226e-01 4.19642985e-01 7.98902392e-01
    3.92523587e-01 4.44440603e-01 3.25372815e-03 9.82568145e-01
    4.48291361e-01 6.40695035e-01 3.96930516e-01 5.15298247e-01
    9.73897696e-01 5.68944454e-01 4.82074380e-01 3.85073245e-01
    5.08859932e-01 4.48387861e-01 2.65751839e-01 9.17384744e-01
    2.09766299e-01 4.27792430e-01 2.84267366e-01 3.53669226e-01
    2.51204789e-01 6.65663123e-01 6.59834087e-01 1.07445091e-01
    1.55871600e-01 6.10958934e-01 5.25123775e-02 6.11274958e-01
    2.41677552e-01 3.73614937e-01 2.79099047e-01 2.34257460e-01
    9.27918315e-01 3.74175698e-01 6.54342592e-01 7.26304471e-01
    5.77817559e-01 3.25338721e-01 6.48073494e-01 5.38724959e-01
    6.66262090e-01 8.93338919e-02 6.09237850e-02 3.62537026e-01
    8.24781060e-02 5.61488867e-02 2.55452693e-02 7.18437731e-01
    6.32654667e-01 8.68525624e-01 1.52466238e-01 5.73737741e-01
    9.47751999e-01 4.52255517e-01 8.30826759e-01 4.19126928e-01
    2.73159057e-01 6.20765507e-01 9.92318511e-01 7.14133441e-01
    8.11809599e-01 3.63053679e-02 3.29002440e-02 2.22165465e-01
    6.16115451e-01 1.59225941e-01 4.74050760e-01 8.60560775e-01
    2.81837821e-01 4.19183612e-01 9.69519794e-01 4.84001338e-02
    8.33090723e-01 8.33207011e-01 9.75587606e-01 3.64899576e-01
    1.33401841e-01 2.24997282e-01 1.81917995e-01 5.07564127e-01
    1.32532418e-02 3.63119066e-01 6.26200557e-01 3.03123116e-01
    9.37127948e-01 7.06588030e-01 3.20485532e-01 8.21804941e-01
    5.21106243e-01 9.31642056e-01 6.45457327e-01 2.21213609e-01
    9.60816443e-01 2.56172687e-01 8.44455779e-01 4.70329642e-01
    4.56821769e-01 3.17743897e-01 8.59370589e-01 9.31363344e-01
    1.39034450e-01 3.79036844e-01 1.69631541e-01 7.10108042e-01
    4.08993661e-01 4.50803995e-01 5.42031825e-02 6.01159334e-01
    3.76856714e-01 9.43303168e-01 1.57142878e-01 6.76005244e-01
    4.26804364e-01 7.05674171e-01 8.17484260e-01 8.36950243e-01
    7.24789202e-02 8.91794562e-01 2.85009801e-01 4.56271112e-01
    4.29580092e-01 8.74484897e-01 7.14709222e-01 1.98791772e-01
    3.16666007e-01 2.52721488e-01 5.51146507e-01 2.11050451e-01
    5.97170532e-01 4.95112330e-01 1.30402565e-01 4.47413862e-01
    3.31761211e-01 9.34454024e-01 4.46118474e-01 8.82451296e-01
    6.43288195e-02 1.20436460e-01 3.39502782e-01 7.11815119e-01
    6.44169569e-01 8.37863863e-01 7.15350509e-02 9.13288236e-01
    7.74055600e-01 9.67539549e-01 6.99262977e-01 1.50974751e-01
    5.60249746e-01 1.37953401e-01 2.09225953e-01 6.16135180e-01
    1.66491151e-01 4.37071890e-01 5.23265362e-01 1.07689053e-01
    8.94524217e-01 5.14385104e-01 7.52661467e-01 1.59743488e-01
    7.71939456e-02 1.15456641e-01 3.63420367e-01 9.41782475e-01
    5.16090453e-01 6.33170545e-01 8.11747968e-01 7.84180880e-01
    6.36895359e-01 1.28052443e-01 5.88331342e-01 3.37621421e-01
    6.10974848e-01 8.57430875e-01 5.24424791e-01 4.08305764e-01
    8.73808742e-01 5.60515046e-01 3.82176429e-01 4.07961011e-02
    9.71798360e-01 9.45027769e-02 6.88820422e-01 5.09044170e-01
    2.70248234e-01 2.49876618e-01 4.48240995e-01 8.15865397e-03
    6.75471187e-01 6.46979630e-01 1.06463999e-01 4.76150662e-01
    5.12402415e-01 7.59285390e-02 3.19479704e-01 9.65952277e-01
    8.07409883e-01 5.94469666e-01 4.98323232e-01 7.59392500e-01
    7.27989376e-02 2.07648814e-01 4.69303697e-01 4.24679339e-01
    7.26717114e-02 7.04049945e-01 4.23115849e-01 5.87756991e-01
    1.28258139e-01 5.40894568e-01 7.18014538e-02 9.92880285e-01
    4.16320562e-02 9.51113701e-01 1.94140583e-01 2.72424787e-01
    4.29559350e-01 4.69112158e-01 1.71954960e-01 9.55847621e-01
    8.76688242e-01 3.98191720e-01 5.78700781e-01 7.47772157e-02
    7.38427997e-01 1.06564462e-02 2.72947073e-01 5.89323223e-01
    5.69542289e-01 6.94777071e-02 7.43371308e-01 7.92946815e-01
    1.82332128e-01 8.71193528e-01 5.43681145e-01 9.69027281e-01
    7.81326056e-01 3.18919957e-01 7.86763072e-01 4.17478800e-01
    8.87207150e-01 7.64574766e-01 2.75314391e-01 1.71635419e-01
    8.73170376e-01 8.10260057e-01 3.25352013e-01 9.06351984e-01
    7.73360610e-01 7.03875542e-01 2.72001624e-01 3.53893101e-01
    7.28755891e-01 1.17961287e-01 7.56951809e-01 7.46853828e-01
    8.19382787e-01 4.63791311e-01 1.33867383e-01 2.08531916e-01
    1.04267091e-01 8.86367440e-01 7.50514030e-01 6.31050467e-01
    2.80191183e-01 1.37712568e-01 9.13073897e-01 7.22648084e-01
    6.90439463e-01 2.67440945e-01 7.24411130e-01 5.14739096e-01
    2.04442263e-01 5.23778737e-01 7.44604349e-01 1.02978975e-01
    2.33585566e-01 5.09687245e-01 8.14819992e-01 4.06928658e-02
    3.29562783e-01 3.97292167e-01 4.34921175e-01 3.86132419e-01
    5.52126050e-01 6.33184850e-01 6.12402856e-02 9.74449158e-01
    3.61456394e-01 7.69171596e-01 2.25245953e-01 8.36636543e-01
    5.61210871e-01 9.49073911e-01 1.29882455e-01 1.95177287e-01
    6.74227238e-01 8.88064027e-01 1.33642375e-01 2.45655596e-01
    9.76375461e-01 7.89665341e-01 8.59328389e-01 7.18612790e-01
    1.73117310e-01 9.25270319e-01 9.11161005e-01 1.34467065e-01
    3.42344522e-01 2.08680421e-01 9.12711859e-01 2.46061087e-02
    8.88867140e-01 7.00053573e-01 9.96511877e-02 2.78649241e-01
    6.59307480e-01 3.83869529e-01 6.59824252e-01 4.36278760e-01
    7.60984242e-01 1.51840776e-01 3.47203940e-01 9.61873770e-01
    3.38011056e-01 6.27434790e-01 5.53269625e-01 2.04081178e-01
    2.65028477e-02 1.53818309e-01 3.25864553e-02 8.21111083e-01
    6.90817654e-01 2.94633508e-01 2.20763803e-01 3.94565761e-02
    7.81877637e-01 9.95450675e-01 5.67897141e-01 1.98144913e-02
    1.37022585e-01 4.77009982e-01 5.35377860e-01 4.27204192e-01
    7.14062333e-01 6.86715841e-01 3.01621139e-01 6.89116597e-01
    7.85086453e-01 8.33134770e-01 1.61589622e-01 7.37319112e-01
    4.63935435e-02 6.85911357e-01 1.25622720e-01 7.23267674e-01
    3.86113703e-01 1.75965279e-01 7.17888594e-01 7.42708921e-01
    3.96060169e-01 2.07638174e-01 4.63490218e-01 2.78969049e-01
    1.40894592e-01 9.71900105e-01 4.89853740e-01 8.81426513e-01
    2.15585351e-01 1.12310857e-01 4.06055838e-01 3.80008221e-02
    9.44393158e-01 8.06172729e-01 5.85042298e-01 2.72301108e-01
    8.88842940e-02 2.07280666e-01 8.80283296e-01 6.65003181e-01
    5.62151372e-02 2.59595096e-01 2.84309745e-01 8.13069344e-01
    9.04543042e-01 3.19796920e-01 3.74361277e-01 3.47428083e-01
    5.39061129e-01 3.51922750e-01 9.72930729e-01 4.84867573e-01
    4.33758527e-01 5.33149838e-02 4.86372709e-02 5.28185010e-01
    4.87813294e-01 5.84685802e-01 6.92304969e-02 3.29930961e-01
    7.26756275e-01 5.96069574e-01 7.53744960e-01 5.39544225e-02
    6.97296917e-01 2.90463090e-01 1.96450621e-01 1.42292023e-01
    1.43061906e-01 6.81093037e-02 1.46767855e-01 4.95951176e-02
    2.96167761e-01 4.69602764e-01 7.97471404e-02 8.51210237e-01
    8.66400957e-01 6.29452229e-01 2.08529145e-01 5.87356508e-01
    4.84190285e-02 2.87053227e-01 6.72498822e-01 8.69118989e-01
    5.83066642e-01 1.26280844e-01 2.81226158e-01 6.94128633e-01
    7.33761728e-01 6.36482537e-01 9.57856178e-01 6.01819634e-01
    7.62043059e-01 9.49352145e-01 8.37779999e-01 5.94947755e-01
    5.05973816e-01 8.27417672e-01 1.56749368e-01 1.78470433e-01
    2.99243808e-01 9.87662196e-01 2.87740737e-01 9.77793217e-01
    4.57056582e-01 2.49604315e-01 9.89191175e-01 5.28983533e-01
    5.91895580e-01 1.59591824e-01 9.49022174e-01 7.28466511e-01
    6.03908122e-01 2.50213832e-01 9.29335713e-01 2.50040531e-01
    4.22982037e-01 9.10285830e-01 7.89122701e-01 8.97781372e-01
    6.80786371e-03 7.04622567e-01 9.74851847e-02 4.72694725e-01
    9.69406188e-01 4.99671668e-01 4.47194248e-01 5.11816800e-01
    8.16252470e-01 3.44020426e-02 5.78479767e-02 9.94110942e-01
    5.42488337e-01 3.20467472e-01 9.46152806e-02 5.91948390e-01
    9.08404887e-01 6.76731348e-01 6.90325618e-01 9.59643841e-01
    3.63928437e-01 9.23181295e-01 7.64794588e-01 9.98132348e-01
    1.19065881e-01 6.93969309e-01 5.78359306e-01 9.84160662e-01
    9.09143329e-01 7.29847431e-01 3.20691019e-01 4.32198048e-01
    8.03400755e-01 3.04912239e-01 1.93350494e-01 9.35361683e-02
    3.43180925e-01 2.01231241e-02 1.38089538e-01 4.25842494e-01
    5.78034222e-01 1.81298256e-02 6.88675046e-01 5.88372767e-01
    9.68721807e-01 2.77178764e-01 6.91197276e-01 4.91993010e-01
    2.77265787e-01 2.44959772e-01 7.58306921e-01 6.22486234e-01
    7.20621228e-01 5.10261059e-01 4.64640796e-01 3.05072546e-01
    8.89921844e-01 5.24267614e-01 2.02689081e-01 9.08746421e-02
    7.66297579e-02 6.18414700e-01 1.89450085e-02 3.40082616e-01
    4.19628322e-02 2.20147550e-01 7.44791090e-01 6.14799321e-01
    2.41537184e-01 8.11759710e-01 3.29992652e-01 2.94648319e-01
    9.47125554e-01 8.29150915e-01 1.46266103e-01 7.50477433e-01
    3.65097761e-01 7.18432128e-01 9.87214386e-01 2.90049255e-01
    8.40833187e-01 7.86536813e-01 4.96321052e-01 9.19102192e-01
    1.05212867e-01 2.32611895e-02 9.36721027e-01 7.67558932e-01
    4.07064557e-02 9.49644804e-01 7.31264353e-01 5.47020614e-01
    7.58832693e-01 9.45954502e-01 8.53046417e-01 5.81721306e-01
    6.93552375e-01 6.98490858e-01 3.49319577e-01 6.82482123e-01
    4.15095448e-01 7.49743402e-01 3.71963561e-01 2.36913890e-01
    9.40320611e-01 4.17360485e-01 3.28944862e-01 9.33385253e-01
    5.44551611e-01 3.24806571e-01 7.88700938e-01 6.13073528e-01
    7.06970990e-02 1.05617523e-01 9.98150408e-02 1.57622427e-01
    4.18725312e-01 2.27796406e-01 8.43744278e-01 9.62692618e-01
    5.84889948e-02 5.51255107e-01 5.82907319e-01 2.50995159e-04
    3.67375970e-01 4.03518915e-01 8.10949087e-01 1.22098356e-01
    9.07646656e-01 1.38846338e-01 9.14765239e-01 6.40468359e-01
    9.68000889e-01 4.83729780e-01 5.05284965e-02 2.66106158e-01
    1.17134959e-01 3.34036052e-01 5.82180858e-01 5.86606085e-01
    9.74050939e-01 2.93029964e-01 8.45236778e-01 4.76259112e-01
    3.82645428e-01 5.70711792e-02 5.73613942e-02 1.47862077e-01
    2.68981397e-01 7.59926677e-01 3.12739402e-01 6.24664307e-01
    3.31789374e-01 8.25802565e-01 9.69182253e-01 8.63441467e-01
    3.94869328e-01 6.67357922e-01 1.83948576e-02 5.36037683e-02
    6.57977879e-01 7.81761050e-01 7.37508655e-01 3.65355462e-01
    1.32798851e-02 5.72193861e-01 3.48946989e-01 9.01829600e-01
    6.60990953e-01 6.20062530e-01 2.65513182e-01 3.41133237e-01
    2.06143439e-01 2.49437302e-01 4.76095378e-02 7.22849846e-01
    3.27772856e-01 1.78161860e-01 7.36645222e-01 6.11349940e-03
    3.15907270e-01 8.76128972e-02 8.93532276e-01 8.26126337e-01
    8.06918204e-01 3.88803452e-01 3.17395687e-01 6.48593307e-01
    3.48842144e-01 7.09989429e-01 2.72853673e-01 8.67962241e-02
    4.45088238e-01 6.95818841e-01 9.85092640e-01 3.30698848e-01
    6.01846635e-01 2.92651653e-01 9.95481372e-01 3.94725174e-01
    6.59292817e-01 1.35373741e-01 9.93952632e-01 7.64225423e-01
    6.53984547e-01 7.40175009e-01 2.08996207e-01 2.28733361e-01
    2.61643887e-01 8.33350897e-01 6.27030075e-01 8.26839566e-01
    5.13314009e-01 6.81362092e-01 3.77633870e-01 2.66346693e-01
    6.43507838e-01 5.50774097e-01 3.71141672e-01 9.38887000e-01
    9.71180558e-01 9.01312709e-01 5.77869594e-01 7.14748263e-01
    9.37473178e-02 5.63419402e-01 6.43308699e-01 7.15796769e-01
    5.92464268e-01 5.00138998e-01 1.23572975e-01 7.46787965e-01
    5.73417485e-01 5.63880563e-01 5.86481810e-01 1.26580805e-01
    1.74833357e-01 4.46571976e-01 2.60198712e-01 2.48518348e-01
    4.39818144e-01 9.37719822e-01 3.49820673e-01 1.63352311e-01
    5.69174290e-01 1.57328337e-01 7.67008901e-01 5.32359540e-01
    6.93445802e-01 2.33768821e-01 1.00811392e-01 5.17049015e-01
    5.86081326e-01 6.05096579e-01 9.53475535e-01 5.40232301e-01
    3.69188577e-01 1.40595019e-01 6.27778232e-01 3.96093309e-01
    2.80024350e-01 9.24803734e-01 2.14726090e-01 1.97325379e-01
    9.19999838e-01 2.55526900e-01 5.53496242e-01 6.29857719e-01
    5.42046010e-01 3.36037844e-01 3.18481326e-01 5.03226399e-01
    4.25062478e-01 9.53887701e-01 3.68955284e-01 8.09562504e-01
    5.49213886e-02 6.75069511e-01 2.66827345e-01 8.31698656e-01
    8.94585013e-01 6.24792457e-01 7.90446997e-01 3.32030863e-01
    3.10167074e-01 2.62971699e-01 4.75039095e-01 7.15095282e-01
    4.86906886e-01 8.62510204e-01 2.85973847e-01 7.66637206e-01
    1.40969723e-01 2.78315067e-01 1.07119977e-01 1.95003152e-01
    9.11519706e-01 8.15828741e-01 9.87652481e-01 6.44910336e-03
    7.58973062e-01 8.98180962e-01 4.67690378e-01 1.70013249e-01
    3.99050295e-01 6.42512739e-02 6.08461559e-01 7.47557342e-01
    8.53976905e-01 5.66090882e-01 7.33607650e-01 9.35338020e-01
    2.77028561e-01 6.33744180e-01 6.50583267e-01 5.27453899e-01
    8.91345739e-03 5.39368808e-01 6.83105886e-02 4.50781852e-01
    2.54735172e-01 6.76529408e-01 8.13127458e-02 1.31775647e-01
    6.95120394e-01 9.13163781e-01 3.20357800e-01 5.85043550e-01
    4.57147658e-01 7.56898046e-01 4.66883212e-01 7.53909707e-01
    5.16111434e-01 1.52357548e-01 6.61770821e-01 5.23041904e-01
    2.02640116e-01 6.82206333e-01 2.14342237e-01 5.06555796e-01
    4.64232594e-01 7.92183936e-01 1.49463147e-01 1.71760559e-01
    2.65313804e-01 3.33348930e-01 9.15566385e-02 3.59921277e-01
    3.90866637e-01 6.97552562e-01 2.30811179e-01 9.71312881e-01
    9.32661891e-01 5.40432513e-01 1.75885588e-01 9.22395587e-02
    6.86216474e-01 8.71213913e-01 7.65984058e-02 3.77841085e-01
    3.56762826e-01 5.34230828e-01 6.70503378e-01 4.29699779e-01
    3.30895960e-01 1.60304308e-02 7.61144519e-01 2.82863259e-01
    3.02983940e-01 5.99341452e-01 8.19385290e-01 5.44468284e-01
    6.11805916e-02 8.50812078e-01 6.10302925e-01 4.05121595e-01
    7.43037224e-01 9.59480405e-01 3.01197678e-01 9.67273593e-01
    2.77954966e-01 1.24797046e-01 4.47573662e-02 2.09811032e-01
    7.46713281e-02 8.43597531e-01 3.67534548e-01 1.54032350e-01
    6.95088863e-01 3.44727874e-01 3.02137434e-01 9.92574215e-01
    4.17811781e-01 5.13625920e-01 1.73062086e-04 1.91302359e-01
    3.53247881e-01 5.38053453e-01 4.97418821e-01 3.36284250e-01
    3.29713255e-01 5.79636872e-01 5.55521190e-01 4.33324069e-01
    2.38382220e-01 5.04566371e-01 6.03219390e-01 3.81001294e-01
    4.85726744e-01 8.40059817e-02 7.94114709e-01 9.93510008e-01
    2.43211985e-02 1.11984491e-01 7.63087273e-01 5.04675984e-01
    3.22728455e-02 8.73006821e-01 1.93203330e-01 6.48356676e-02
    7.79861689e-01 7.33536065e-01 1.96369082e-01 5.76476514e-01
    6.72101080e-01 6.42247498e-01 5.50546765e-01 6.98189139e-02
    5.63538969e-01 3.17002714e-01 1.76130831e-01 5.57364225e-01
    8.44191074e-01 6.04323089e-01 3.08671713e-01 1.60720825e-01
    6.53558969e-01 5.89934170e-01 6.47936821e-01 6.41440511e-01
    5.38591564e-01 3.10474634e-03 4.26181704e-01 8.24749172e-02
    9.03286815e-01 9.33639169e-01 2.62718052e-01 3.04513156e-01
    7.68756866e-01 1.18685991e-01 3.00722510e-01 1.53634399e-01
    9.80268180e-01 4.13370490e-01 2.61946023e-01 9.67884958e-01
    4.34830397e-01 8.37082624e-01 9.91429269e-01 9.95590210e-01
    7.72110820e-02 7.49025822e-01 4.28948075e-01 6.78447604e-01
    4.89570826e-01 3.41224343e-01 9.47504520e-01 3.58003110e-01
    7.37572610e-02 5.68130434e-01 7.34391272e-01 2.14483142e-02
    5.20669103e-01 4.97252762e-01 3.72195125e-01 2.11911559e-01
    7.53613472e-01 4.91150260e-01 8.16572189e-01 1.07502073e-01
    7.46333599e-01 6.38545752e-01 4.82840359e-01 2.12007463e-01
    4.71281618e-01 1.33132100e-01 4.28489894e-01 8.62293363e-01
    5.00353217e-01 5.54031372e-01 7.15245783e-01 5.83014250e-01
    5.12663186e-01 6.36318803e-01 2.75208354e-02 4.78081435e-01
    3.15498322e-01 7.26947665e-01 9.41109121e-01 1.88110381e-01
    8.55648994e-01 2.08168179e-01 6.86469674e-03 5.19568682e-01
    3.19353163e-01 5.49117804e-01 9.78071868e-01 7.46256471e-01
    1.12208843e-01 3.26453924e-01 4.00956929e-01 6.62174225e-01
    9.49535966e-01 1.13056630e-01 2.72248179e-01 9.11861658e-04
    2.03822225e-01 7.71096528e-01 7.16362119e-01 6.75448954e-01
    6.46644950e-01 4.71446753e-01 1.50490016e-01 5.68810463e-01
    6.14063799e-01 7.98452199e-02 2.72518754e-01 9.25812423e-02
    4.80223268e-01 9.96471584e-01 7.07480073e-01 6.37608111e-01
    4.60285604e-01 6.12595797e-01 1.35186404e-01 1.52223617e-01
    7.74611831e-01 3.89866889e-01 5.98296344e-01 6.43761992e-01
    5.72737873e-01 9.04535353e-02 2.89418876e-01 6.98122084e-01
    5.42309701e-01 2.31900007e-01 2.47986406e-01 9.02782559e-01
    2.39000499e-01 1.83089972e-01 8.10860276e-01 2.52161503e-01
    6.89534068e-01 9.60971951e-01 4.40458328e-01 2.11434215e-01
    3.92248869e-01 1.48666084e-01 6.58247352e-01 5.06640553e-01
    1.43042147e-01 2.50197530e-01 4.06232476e-03 1.96186751e-01
    7.17379093e-01 7.20259786e-01 4.61547494e-01 5.25503635e-01
    2.22727805e-01 1.83420300e-01 8.39438319e-01 1.06580585e-01
    4.02054042e-01 8.26208293e-02 8.94380093e-01 5.10726154e-01
    4.83377039e-01 2.18342513e-01 7.39000320e-01 1.69570267e-01
    7.33245134e-01 7.44562566e-01 1.28697187e-01 5.82750797e-01
    3.21953923e-01 6.65377975e-01 3.36360931e-01 6.11080348e-01
    3.88208151e-01 4.15151149e-01 4.58213270e-01 1.22321576e-01
    7.84957588e-01 5.66555023e-01 2.82693028e-01 6.22060895e-01
    6.55203164e-01 8.31565261e-03 4.02093172e-01 6.30172491e-01
    5.69755912e-01 7.30502605e-02 3.23975563e-01 7.09579289e-02
    3.43270540e-01 1.50496215e-01 6.20059192e-01 7.24238396e-01
    8.15633774e-01 1.06615722e-02 6.42509818e-01 8.91138732e-01
    8.03061545e-01 1.45567805e-01 8.19684267e-01 9.64472651e-01
    9.62773323e-01 6.05517626e-03 9.81850863e-01 4.14126426e-01
    8.16292107e-01 7.20775008e-01 8.80400658e-01 3.35756540e-02
    6.86860561e-01 4.67880636e-01 5.32123804e-01 2.77148783e-01
    8.12035441e-01 7.90441871e-01 2.86152571e-01 3.52889776e-01
    4.96774018e-02 5.88584304e-01 7.95603931e-01 5.00547290e-01
    7.49025583e-01 9.14285004e-01 6.45690024e-01 8.21215987e-01
    3.70251775e-01 3.83743346e-02 7.69791782e-01 9.98690486e-01
    3.93986940e-01 1.34128779e-01 6.48359179e-01 4.88637388e-01
    2.69173682e-02 3.98494542e-01 8.30821633e-01 1.89423263e-01
    4.07508969e-01 4.76251632e-01 8.22516620e-01 8.33856761e-01
    3.49332184e-01 9.38601136e-01 6.78876162e-01 8.67149234e-01
    3.54666680e-01 7.87704229e-01 8.58674467e-01 5.95948696e-02
    3.89126569e-01 6.17630482e-01 4.29353446e-01 3.60992193e-01
    6.81126952e-01 3.94711375e-01 1.55039430e-01 1.35155469e-01
    7.90791214e-02 7.36494958e-01 3.97087097e-01 7.34668136e-01
    6.79160237e-01 9.67975855e-01 4.10707772e-01 3.26483279e-01
    3.62649322e-01 8.58034730e-01 7.09633708e-01 3.58341575e-01
    7.46758938e-01 4.31441128e-01 2.47165680e-01 5.79903960e-01
    1.73020035e-01 8.19252670e-01 2.07336038e-01 6.14883304e-01
    1.42181039e-01 1.45650595e-01 9.21086133e-01 4.75485921e-01
    3.11261624e-01 8.73255253e-01 1.13842010e-01 7.36167014e-01
    1.66167736e-01 6.86864555e-01 4.55864012e-01 4.64699298e-01
    1.87084377e-01 9.12470460e-01 7.74917185e-01 6.29104972e-02
    6.47661686e-01 6.45437300e-01 2.05474049e-01 1.19781613e-01
    1.94695771e-01 8.12340021e-01 5.76183140e-01 1.13493502e-02
    6.12859845e-01 1.67889655e-01 2.94048250e-01 8.76188517e-01
    2.34365463e-02 7.55908191e-02 7.94451594e-01 7.85068333e-01
    3.59874457e-01 9.63352263e-01 9.81507480e-01 8.26319098e-01
    2.51010001e-01 3.47985864e-01 7.18698204e-01 8.26283455e-01
    3.50345194e-01 4.66188729e-01 9.65778112e-01 6.95569992e-01
    5.89870334e-01 3.55682045e-01 2.26490557e-01 2.20057309e-01
    5.96237957e-01 7.46419668e-01 5.33589125e-01 3.64913106e-01
    8.51217926e-01 1.46540970e-01 5.11997044e-01 1.90605253e-01
    1.06821805e-01 2.22508192e-01 8.10698032e-01 6.70390368e-01
    2.33436286e-01 5.99499524e-01 1.57383859e-01 9.84864235e-01
    7.73691475e-01 2.33841658e-01 7.22280681e-01 9.76461649e-01
    1.94320083e-02 1.55402422e-02 6.72681808e-01 9.33435440e-01
    3.32313597e-01 4.47507113e-01 8.44293952e-01 5.59800744e-01
    3.89419466e-01 7.50869513e-02 6.56708717e-01 3.73027205e-01
    1.71457440e-01 9.22990918e-01 9.12837684e-02 3.21108401e-02
    3.29085648e-01 1.28183454e-01 7.38205969e-01 8.57748926e-01
    9.27800179e-01 8.88625503e-01 5.10147154e-01 8.79094005e-01
    2.52542317e-01 8.24961424e-01 6.29819155e-01 6.31153166e-01
    9.33428407e-02 9.93460894e-01 5.55866063e-01 8.45018864e-01
    6.13185525e-01 2.52574146e-01 7.30263054e-01 4.14462566e-01
    5.45517802e-01 3.12396169e-01 1.88538700e-01 5.00695407e-02
    6.03979409e-01 2.42039800e-01 6.45909607e-02 7.08989739e-01
    4.38595235e-01 1.94662809e-03 9.71712530e-01 3.22646111e-01
    8.41758609e-01 7.65450716e-01 6.73770547e-01 1.10120535e-01
    1.67900741e-01 8.28770757e-01 8.56657922e-01 6.14062846e-01
    5.80328822e-01 7.29550481e-01 6.59421086e-03 5.75522363e-01
    1.93839610e-01 9.30426478e-01 6.12523556e-01 9.82402802e-01
    1.84270322e-01 4.27600473e-01 3.93508017e-01 1.45320892e-02
    3.78142774e-01 9.13173616e-01 7.97781050e-02 6.39583290e-01
    7.11748004e-01 2.21483648e-01 9.20530021e-01 1.20139599e-01
    6.39463246e-01 7.13763177e-01 6.78697228e-01 8.25539768e-01
    4.01973784e-01 7.55573809e-02 7.10049391e-01 1.87953442e-01
    6.26477122e-01 3.18458080e-01 8.25925112e-01 6.64664626e-01
    6.13305688e-01 7.64768720e-01 8.66345644e-01 1.36955947e-01
    3.24807525e-01 6.56620145e-01 2.15956956e-01 1.95133120e-01
    7.17713237e-02 8.87623250e-01 1.13690317e-01 1.39883459e-01
    8.34656835e-01 3.46726120e-01 6.99468791e-01 6.51376247e-01
    2.78090954e-01 6.97577775e-01 3.44879508e-01 2.98881829e-02
    2.34399587e-01 4.64357436e-01 7.56375790e-02 6.51816368e-01
    6.24159932e-01 5.44498682e-01 2.11633295e-01 9.17684674e-01
    8.01312804e-01 9.61084962e-01 5.18000603e-01 9.81349766e-01
    7.17573822e-01 6.48664892e-01 1.71699494e-01 6.23200774e-01
    5.59907794e-01 9.65724826e-01 9.31648910e-02 6.98930144e-01
    2.26044774e-01 8.00981522e-02 9.71985340e-01 5.92841387e-01
    5.58505535e-01 7.19281852e-01 4.85404760e-01 6.66314960e-01
    2.92981565e-02 1.11532569e-01 9.39493179e-02 7.48307526e-01
    1.98345661e-01 9.96460199e-01 7.13623881e-01 5.86728215e-01
    9.59564507e-01 3.70818913e-01 8.58569920e-01 9.92829800e-01
    1.14787072e-01 2.97751814e-01 6.34302199e-02 7.21539021e-01
    6.77580893e-01 6.81263328e-01 1.52384937e-02 3.89702916e-01
    5.76854587e-01 3.29703540e-01 5.74443758e-01 7.56180406e-01
    9.57250118e-01 3.89782786e-02 5.88674426e-01 1.06711179e-01
    1.76172405e-01 6.62225008e-01 5.09960771e-01 6.71365499e-01
    6.72211230e-01 3.66802573e-01 6.99008167e-01 6.97812855e-01
    8.20508599e-01 8.46393466e-01 1.32872254e-01 8.11298549e-01
    5.06998658e-01 8.09243441e-01 9.08811033e-01 6.74009204e-01
    9.03021991e-01 4.91915107e-01 2.28382021e-01 8.77108216e-01
    7.75596261e-01 3.24441582e-01 1.37146413e-02 6.23039961e-01
    2.78327912e-01 6.91867471e-01 5.30392766e-01 9.45269465e-01
    1.16792321e-03 9.01175737e-01 3.08576554e-01 1.77538276e-01
    4.57238793e-01 7.37746894e-01 3.97270977e-01 1.84905827e-02
    6.88201606e-01 3.75948191e-01 1.50607318e-01 7.02879548e-01
    7.96113968e-01 1.20807469e-01 8.13333035e-01 2.08256692e-01
    5.99974990e-01 7.93925047e-01 6.70901537e-02 1.35357678e-01
    6.30247355e-01 3.37294042e-02 8.39132726e-01 9.79292870e-01
    9.76965427e-01 7.78898060e-01 6.20842218e-01 7.87608087e-01
    4.25815463e-01 1.33014441e-01 9.75590944e-01 7.33485639e-01
    2.15197653e-01 7.87744641e-01 5.66641927e-01 4.71793950e-01
    4.33738828e-01 5.99536598e-01 3.04015338e-01 4.33812380e-01
    5.27792990e-01 2.10044295e-01 5.47117829e-01 5.23059011e-01
    3.95678997e-01 2.57385433e-01 2.51441896e-01 5.16571164e-01
    5.04778981e-01 6.24320745e-01 8.97025943e-01 8.51065934e-01
    4.82523561e-01 4.58262354e-01 6.95331454e-01 9.08100367e-01
    5.20949185e-01 3.31515968e-02 6.32299185e-01 1.21908814e-01
    7.80692697e-02 3.99037898e-02 1.79299593e-01 1.95329636e-01
    3.28564078e-01 3.45990151e-01 7.53632605e-01 1.05701864e-01
    6.08956814e-01 4.10629511e-01 3.27257633e-01 8.50614071e-01
    4.67370749e-02 2.58670747e-01 2.04656035e-01 9.80286300e-02
    1.63421869e-01 6.45399749e-01 7.73716807e-01 2.88849562e-01
    1.47876859e-01 6.86843693e-01 8.38290095e-01 1.02094740e-01
    5.58335304e-01 9.65153098e-01 1.24034524e-01 6.16288424e-01
    7.65092432e-01 3.42603296e-01 2.21796215e-01 1.85371190e-01
    1.63728297e-01 2.99540460e-02 4.51577872e-01 6.17134154e-01
    4.71380740e-01 9.61274028e-01 8.80903721e-01 8.41394424e-01
    4.16187167e-01 1.29923403e-01 6.31625652e-01 4.59993541e-01
    7.96702147e-01 1.28274858e-02 8.20199013e-01 1.52239889e-01
    4.08542156e-03 7.75574803e-01 2.50555813e-01 7.88527131e-01
    9.51462984e-03 8.93962383e-01 8.58833909e-01 2.96611488e-01
    8.21383476e-01 9.57787991e-01 6.88015223e-02 9.52673912e-01
    9.78984356e-01 2.61822939e-02 4.99062419e-01 4.56675410e-01
    2.31816649e-01 4.14819717e-02 5.62763453e-01 7.63210416e-01
    4.94332045e-01 4.41228122e-01 5.48116326e-01 8.96844566e-01
    8.04456651e-01 2.30213195e-01 7.06279278e-01 7.22040534e-02
    6.32619143e-01 6.67298377e-01 6.16367280e-01 2.09724844e-01
    7.44272053e-01 7.33859837e-01 4.26582038e-01 7.27861524e-02
    7.72983730e-01 9.84519899e-01 1.12180650e-01 9.25545573e-01
    6.57868266e-01 3.73949349e-01 2.94308126e-01 5.70423722e-01
    2.78794706e-01 6.69624448e-01 5.39583385e-01 8.46632719e-01
    9.60103631e-01 1.82160258e-01 3.34178507e-02 1.10887736e-01
    8.67474675e-01 9.35634255e-01 6.97356522e-01 9.91335988e-01
    2.58804560e-02 5.78257918e-01 1.33980125e-01 9.05920148e-01
    5.40393651e-01 8.05703282e-01 7.52400041e-01 4.15907532e-01
    9.48679805e-01 9.46074188e-01 7.44059682e-01 2.93985128e-01
    2.79813468e-01 8.28364491e-01 1.40989631e-01 9.17100549e-01
    9.62545514e-01 2.45868653e-01 6.94050252e-01 2.22746968e-01
    3.44200134e-01 1.86335444e-01 1.55363590e-01 3.79280806e-01
    8.12285960e-01 5.41535437e-01 5.29469311e-01 2.91019976e-01
    9.21711683e-01 8.93455267e-01 9.99223828e-01 9.91626620e-01
    1.22274756e-01 8.99365067e-01 5.61890483e-01 1.08207434e-01
    9.28411245e-01 3.65632951e-01 1.35968775e-01 3.39586735e-01
    3.28393638e-01 2.46830642e-01 7.81974912e-01 1.95665628e-01
    5.39716125e-01 5.28737724e-01 4.20430303e-03 5.03583729e-01
    6.00251853e-01 2.56832540e-02 6.64875627e-01 2.57669091e-02
    4.53759849e-01 5.48028052e-02 5.08649647e-01 8.50343406e-01
    1.24368966e-01 2.70662487e-01 2.79126883e-01 8.55454624e-01
    5.53138018e-01 5.01451135e-01 4.68154281e-01 9.55314755e-01
    2.64230669e-02 7.96165943e-01 6.50915146e-01 3.79023641e-01
    9.42642212e-01 6.48135483e-01 1.34363413e-01 5.32530785e-01
    5.68821907e-01 5.54303765e-01 6.69447124e-01 1.61382556e-03
    2.63556838e-02 7.70661533e-02 8.48515630e-01 7.73761630e-01
    2.58786440e-01 8.46685588e-01 1.33053899e-01 5.66089749e-02
    3.64988744e-02 4.83202577e-01 2.00758576e-02 4.49317694e-02
    9.64453459e-01 5.38574219e-01 4.45655346e-01 7.91005135e-01
    6.76666558e-01 7.60990143e-01 5.31775773e-01 3.75791490e-02
    5.68005204e-01 2.07394063e-01 6.85220480e-01 7.50165939e-01
    4.18317616e-01 9.42832947e-01 1.71541750e-01 8.64847779e-01
    7.01132298e-01 5.64147532e-01 1.28652334e-01 9.94213879e-01
    5.23746133e-01 7.03810334e-01 3.33145559e-01 9.30892050e-01
    9.39412117e-01 6.41854763e-01 5.82235336e-01 4.09357429e-01
    6.62357807e-02 7.87112117e-02 1.77262604e-01 3.33243251e-01
    7.90587306e-01 4.61165965e-01 3.41202319e-01 1.87662542e-01
    3.47569853e-01 8.91416192e-01 3.91383648e-01 5.95600009e-02
    1.47646993e-01 8.49158645e-01 9.46685791e-01 1.92821622e-02
    6.90813541e-01 4.32343543e-01 2.22827196e-02 5.39870143e-01
    7.45875359e-01 7.58286715e-02 3.51318717e-01 1.41581684e-01
    6.11134231e-01 4.57508028e-01 5.28611064e-01 4.93390948e-01
    2.11847425e-02 8.62999082e-01 6.30389810e-01 5.71763575e-01
    3.34368706e-01 3.00034523e-01 6.54340982e-01 3.23112905e-02
    8.43806148e-01 6.03382051e-01 8.47211838e-01 2.65293360e-01
    6.06268167e-01 8.40165436e-01 7.50116885e-01 2.15645820e-01
    2.11834252e-01 9.13741350e-01 2.01723307e-01 2.81021416e-01
    9.13120449e-01 5.45927167e-01 1.95446938e-01 8.48195672e-01
    5.99027753e-01 5.57426214e-02 5.79793513e-01 1.48447841e-01
    9.90263164e-01 3.22225690e-03 6.23689890e-01 4.58871394e-01
    6.76734746e-01 1.22954637e-01 1.73268557e-01 1.00161701e-01
    2.04950571e-02 1.40450895e-01 8.22430491e-01 6.56479836e-01
    8.66702914e-01 5.69789886e-01 5.59047639e-01 1.51291639e-01
    9.97112095e-01 3.32504749e-01 6.69230342e-01 6.62406385e-02
    8.11343670e-01 4.85000074e-01 9.46502566e-01 1.94706827e-01
    3.92664999e-01 1.80192828e-01 4.48259115e-01 7.57585049e-01
    9.56088364e-01 3.36674094e-01 6.26447022e-01 1.83911771e-01
    8.87963057e-01 3.65440696e-01 5.37107706e-01 9.72555995e-01
    1.56390369e-01 9.64219570e-01 3.80552351e-01 8.85049105e-02
    4.48402762e-03 8.67885947e-02 9.14701164e-01 6.01020038e-01
    4.33352351e-01 5.59080124e-01 9.95310843e-01 1.04531139e-01
    4.80090648e-01 4.22124118e-01 8.36276948e-01 9.56040978e-01
    2.91150600e-01 8.10902715e-01 4.37702596e-01 2.11062461e-01
    9.85886455e-01 5.55745661e-01 6.11737430e-01 7.73469329e-01
    6.55964673e-01 7.29976892e-02 1.10174090e-01 4.53395039e-01
    4.58478928e-01 3.69016528e-02 6.99400306e-01 5.79615057e-01
    1.69464260e-01 3.34385395e-01 7.54115939e-01 4.67541605e-01
    3.12478960e-01 4.32569504e-01 5.66758573e-01 1.16255909e-01
    1.57518983e-01 4.80245650e-02 7.04880059e-02 4.73598182e-01
    6.50104165e-01 7.33770251e-01 9.98630166e-01 4.81338173e-01
    2.36462176e-01 7.84794331e-01 3.68776977e-01 5.71272194e-01
    3.69759679e-01 1.11150086e-01 5.71724772e-02 9.31170583e-01
    2.11656541e-01 6.76219285e-01 9.29257333e-01 6.07705116e-01
    1.64242983e-02 9.31977987e-01 8.99910212e-01 1.53405905e-01
    6.70500994e-01 1.81148797e-01 5.66537738e-01 2.22836316e-01
    3.21831226e-01 9.82929885e-01 6.54793501e-01 5.98271191e-01
    3.50136697e-01 2.74991512e-01 4.63363230e-01 6.39537752e-01
    8.22006702e-01 6.68267906e-02 6.34853482e-01 3.52230579e-01
    8.21002126e-01 8.95047069e-01 2.57425845e-01 1.25326604e-01
    3.27417165e-01 4.69671786e-01 8.66883814e-01 8.99326205e-01
    5.28174937e-02 3.22169363e-01 3.92187864e-01 5.28869271e-01
    8.38107944e-01 5.97231328e-01 4.47598875e-01 6.82711005e-01
    5.86013734e-01 9.81710196e-01 5.93844473e-01 5.11243641e-01
    2.30701596e-01 7.49944568e-01 5.59090018e-01 5.23867846e-01
    4.07347262e-01 7.77085602e-01 9.57896113e-01 5.98534584e-01
    5.64136684e-01 4.78529513e-01 5.38639963e-01 5.51127791e-02
    5.93028843e-01 2.92161703e-01 6.43825889e-01 9.88981128e-03
    2.72819817e-01 6.77428365e-01 2.03736454e-01 6.16786778e-02
    3.59421015e-01 3.66162091e-01 1.20587587e-01 7.07132518e-01
    2.78239220e-01 5.49871206e-01 9.67803240e-01 7.31484652e-01
    4.09756154e-01 1.40427500e-01 8.94491076e-01 8.77770901e-01
    5.37813306e-01 6.16960883e-01 3.47415924e-01 2.63568908e-01
    2.05418199e-01 6.84394002e-01 5.77584624e-01 8.83412838e-01
    9.20524955e-01 4.43056494e-01 6.06465697e-01 6.04350448e-01
    5.76075137e-01 1.21180236e-01 9.08100843e-01 6.69808149e-01
    3.32910597e-01 6.29834712e-01 9.95553553e-01 9.38044071e-01
    7.17223287e-02 6.83746099e-01 2.24885374e-01 5.66062868e-01
    2.32421666e-01 2.80069143e-01 3.24409604e-01 1.78989500e-01
    7.59957433e-01 4.43877131e-01 5.96398115e-01 2.77337849e-01
    2.77983844e-01 6.92905664e-01 7.10974336e-02 6.74693584e-01
    6.68942571e-01 6.88077450e-01 3.96304280e-01 6.46094739e-01
    2.24866331e-01 1.14933550e-01 4.36592877e-01 5.94622910e-01
    2.15628266e-01 1.71669304e-01 1.86374307e-01 6.67422116e-01
    8.17869425e-01 3.97853166e-01 3.97332668e-01 5.38074136e-01
    6.11173689e-01 4.22034800e-01 2.63130665e-01 4.58100110e-01
    2.29319334e-01 4.33745831e-01 2.46008754e-01 4.17663813e-01
    5.33631325e-01 3.16806972e-01 6.19411469e-01 4.65841293e-01
    1.50663793e-01 7.29534388e-01 1.03332460e-01 1.24748528e-01
    2.95365483e-01 7.18402326e-01 2.70528167e-01 9.05659318e-01
    1.21188462e-01 3.06341231e-01 2.81481266e-01 1.03183955e-01
    5.50355911e-02 9.18676019e-01 3.91295433e-01 4.79230464e-01
    7.20910251e-01 1.28955573e-01 1.99220389e-01 6.09072983e-01
    8.10849965e-01 1.90307617e-01 5.28319836e-01 1.90148145e-01
    8.45820665e-01 6.42196238e-01 8.41971636e-01 8.02825689e-01
    4.17222500e-01 9.90784883e-01 3.05860698e-01 3.88416350e-01
    7.61726677e-01 2.13656396e-01 1.22780740e-01 3.65671873e-01
    2.83040285e-01 7.59143054e-01 3.35091829e-01 4.87090349e-01
    1.05289251e-01 6.36883020e-01 5.49270034e-01 4.26807255e-01
    7.12081075e-01 7.22550392e-01 7.91457117e-01 9.23304200e-01
    7.19240010e-02 2.26872563e-01 8.45120370e-01 9.95694995e-01
    6.21210992e-01 4.10283178e-01 3.27656865e-01 8.52764010e-01
    2.51773417e-01 1.49607182e-01 6.83623672e-01 1.08812690e-01
    1.68722302e-01 6.01708710e-01 8.71521473e-01 7.25120068e-01
    1.18000835e-01 3.86533439e-02 9.26084161e-01 4.26895201e-01
    7.50386834e-01 7.33257651e-01 6.32601380e-01 8.54496360e-01
    5.13592958e-01 7.75307298e-01 2.78227210e-01 5.41884005e-01
    9.44192052e-01 4.55688924e-01 7.97937393e-01 7.66312659e-01
    3.05254161e-01 4.82040524e-01 3.67280632e-01 3.72190177e-02
    5.29364169e-01 5.71905613e-01 3.38934541e-01 5.18822730e-01
    1.97658360e-01 1.27588123e-01 7.75286794e-01 2.78236210e-01
    8.97927761e-01 1.16385370e-01 7.92121291e-01 3.95630002e-01
    1.09484404e-01 1.22202158e-01 9.70264971e-02 5.25795758e-01
    8.95992160e-01 9.96838331e-01 9.53118920e-01 4.33530509e-02
    8.93620253e-01 2.13179290e-01 4.19195354e-01 6.52171671e-01
    3.50469232e-01 9.85907555e-01 2.25964606e-01 9.35361445e-01
    9.48457718e-02 2.22383946e-01 9.97639894e-01 2.48918772e-01
    4.13676322e-01 1.93518579e-01 5.13348281e-02 3.12120467e-01
    8.38512599e-01 3.17263842e-01 8.66355658e-01 3.62538397e-01
    7.98024535e-01 4.01230544e-01 7.20446587e-01 5.37938297e-01
    5.72219253e-01 4.28281248e-01 2.12453306e-01 5.02853751e-01
    4.15792346e-01 2.10761219e-01 3.28213990e-01 1.15086913e-01
    1.08245701e-01 6.08272552e-01 6.34871781e-01 1.32931173e-01
    3.12484801e-02 4.76398945e-01 8.99184585e-01 1.53446287e-01
    3.01030695e-01 7.90877461e-01 8.88696194e-01 3.15416276e-01
    6.32006168e-01 9.56296921e-01 3.07454705e-01 5.41111052e-01
    3.05214047e-01 8.10939670e-02 8.46828043e-01 9.78873968e-01
    9.00895596e-01 7.51589298e-01 5.87470889e-01 1.85209244e-01
    1.68644726e-01 4.47543263e-01 7.67145038e-01 7.39876270e-01
    4.75389123e-01 1.15922630e-01 7.99063325e-01 6.96649730e-01
    3.68207097e-01 4.38211113e-01 4.34853435e-01 8.72689843e-01
    6.36682332e-01 1.55939996e-01 6.60225749e-03 1.12174302e-01
    7.58727074e-01 3.79274964e-01 6.49570048e-01 8.83816600e-01
    3.50541383e-01 2.10229963e-01 4.21773374e-01 3.91083241e-01
    1.28016055e-01 4.29393589e-01 6.46813750e-01 5.44269979e-02
    6.67676866e-01 7.69842982e-01 3.33888143e-01 2.49940455e-02
    9.86293077e-01 8.10939670e-01 9.02089715e-01 7.43906975e-01
    9.19695616e-01 8.87342393e-01 3.74086112e-01 3.13317239e-01
    7.19421625e-01 3.06581885e-01 9.31378305e-01 2.06074089e-01
    3.69368583e-01 6.14504516e-01 4.95198190e-01 5.20673096e-01
    1.48505628e-01 9.26717818e-01 3.97189200e-01 4.90396649e-01
    8.77551794e-01 9.45425570e-01 3.88589948e-01 9.56014633e-01
    2.35264659e-01 8.85598421e-01 3.40053737e-02 9.81601238e-01
    4.05055881e-01 6.02473259e-01 3.74150872e-02 4.98236507e-01
    7.71616757e-01 7.15702772e-03 4.74793822e-01 3.90227020e-01
    8.50902915e-01 8.21772337e-01 1.39299214e-01 1.42287314e-02
    9.75771785e-01 8.25488567e-01 1.21856481e-01 9.26810145e-01
    5.81668079e-01 4.99762297e-01 7.36245751e-01 6.25225902e-01
    5.54662943e-01 4.26272154e-01 7.81825662e-01 8.50694776e-01
    3.79266679e-01 7.67287016e-02 6.19489312e-01 4.82652247e-01
    6.29120231e-01 2.50109494e-01 5.81856668e-01 8.41040015e-01
    1.44742429e-02 5.70732474e-01 9.95503902e-01 8.94333005e-01
    4.52259243e-01 8.00761819e-01 6.22502983e-01 4.00019407e-01
    9.88679826e-02 1.87236041e-01 2.55443186e-01 1.41645372e-01
    7.51625538e-01 3.64749521e-01 7.84702718e-01 1.33654654e-01
    6.11989796e-02 8.08956146e-01 3.28077227e-01 1.70560002e-01
    2.40523875e-01 3.98040682e-01 3.78067374e-01 5.49978793e-01
    8.38822603e-01 8.57491314e-01 7.56242752e-01 7.42663920e-01
    2.78188199e-01 6.04192793e-01 6.79720998e-01 9.47583318e-01
    7.46801496e-01 3.32532525e-01 5.97766638e-01 2.36621499e-03
    8.06776702e-01 2.00426340e-01 3.26186389e-01 6.87653184e-01
    2.80003518e-01 1.52119875e-01 8.06518078e-01 8.61890912e-01
    7.25147128e-03 3.78263444e-01 8.17638278e-01 7.23695457e-01
    9.37654138e-01 9.75740433e-01 9.31640685e-01 8.73263061e-01
    3.65000039e-01 5.85661709e-01 7.44244456e-02 7.17809319e-01
    7.24650025e-01 1.71812326e-01 2.91954637e-01 5.71187854e-01
    5.70175231e-01 9.78022218e-01 7.88291454e-01 9.60131586e-01
    5.83422124e-01 1.43870771e-01 4.96607244e-01 1.11245185e-01
    5.97295761e-01 3.74768853e-01 7.97176421e-01 1.51178688e-01
    9.25770402e-01 9.30155873e-01 6.47313654e-01 4.14855570e-01
    8.67395759e-01 9.78798389e-01 4.78561282e-01 1.26171112e-01
    3.56470346e-02 4.49374527e-01 2.63131380e-01 7.58699417e-01
    5.44104457e-01 1.07479304e-01 6.23806953e-01 6.39470458e-01
    6.13281727e-01 6.56047225e-01 5.79997480e-01 5.47571778e-01
    8.50539446e-01 1.12222642e-01 7.79747069e-01 2.44800925e-01
    1.36076808e-02 8.86256337e-01 1.29614472e-01 8.71383548e-01
    3.75531614e-02 2.44391352e-01 5.73934317e-02 6.29158556e-01
    6.52042150e-01 9.35113072e-01 2.52266169e-01 5.43111265e-01
    8.05113852e-01 1.01347864e-01 2.15630978e-01 9.58022356e-01
    1.79908395e-01 5.77011287e-01 1.08665377e-01 8.68070126e-01
    9.00099635e-01 6.73180878e-01 2.91753113e-01 6.04826331e-01
    5.45290470e-01 3.73916566e-01 3.36854458e-01 2.24352092e-01
    2.40486681e-01 8.51853013e-01 6.53144598e-01 8.52517962e-01
    6.62076712e-01 4.87333536e-03 6.31897390e-01 9.59127188e-01
    5.55286765e-01 8.49191427e-01 4.36535358e-01 3.39573741e-01
    6.40639901e-01 5.63746333e-01 5.32480776e-01 9.73425865e-01
    7.86289036e-01 8.45193744e-01 1.56183869e-01 2.86521852e-01
    7.14508951e-01 5.52145123e-01 3.17889452e-02 8.28969061e-01
    8.72455239e-01 9.60523725e-01 4.91145849e-02 8.93375754e-01
    4.24067438e-01 9.05765414e-01 2.20233113e-01 9.00236607e-01
    5.54646254e-01 7.00014055e-01 3.47467065e-02 5.08199036e-01
    3.92260194e-01 3.60256463e-01 6.95314944e-01 5.92551589e-01
    5.81607223e-01 6.14553511e-01 7.47767150e-01 4.90598649e-01
    7.45087683e-01 2.65539110e-01 9.59888697e-01 6.30685508e-01
    6.71898365e-01 1.33411735e-01 6.56074286e-01 4.35129911e-01
    5.38357675e-01 8.38428855e-01 2.92285949e-01 9.85399365e-01
    3.31196278e-01 2.03398764e-02 1.19971633e-01 5.62832534e-01
    7.80524850e-01 6.77632868e-01 4.63410616e-02 5.51294327e-01
    2.54268289e-01 4.96945530e-01 1.05273068e-01 9.06883955e-01
    7.96327174e-01 8.52855384e-01 5.57209313e-01 6.42672539e-01
    1.14154935e-01 1.95709199e-01 1.64562851e-01 7.28830934e-01
    5.18270791e-01 8.12990844e-01 9.13211823e-01 4.60506916e-01
    2.96322763e-01 5.71218133e-03 6.44218445e-01 3.78019810e-02
    9.84815300e-01 5.28806746e-01 8.60215306e-01 3.44361216e-01
    5.94194889e-01 4.59804833e-02 3.83821428e-02 5.27529538e-01
    7.16801941e-01 4.84016925e-01 3.08746874e-01 5.15514731e-01
    2.78466493e-01 8.44517827e-01 1.85481191e-01 5.63357472e-02
    1.85301304e-01 8.37869525e-01 7.27746546e-01 9.48280334e-01
    4.06978130e-01 7.39181936e-02 8.47538710e-01 2.87726045e-01
    2.61530876e-01 9.43677425e-01 6.68714881e-01 4.31723535e-01
    7.47773767e-01 8.58022153e-01 7.93742836e-02 6.39164925e-01
    1.96725845e-01 6.75234318e-01 2.87298858e-02 8.97051990e-02
    2.01998144e-01 5.53167582e-01 4.67198968e-01 2.43656933e-01
    9.13601339e-01 5.81573129e-01 2.96508193e-01 7.55272627e-01
    9.70263600e-01 4.78278726e-01 7.11281836e-01 5.46623468e-01
    9.46691632e-03 8.47288609e-01 9.43013430e-01 8.83121490e-01
    3.69478822e-01 3.67180049e-01 7.30624259e-01 8.58275354e-01
    4.13900018e-02 4.18616414e-01 8.60606134e-01 2.34841436e-01
    8.26766491e-01 2.28874981e-02 6.39146507e-01 2.83626914e-02
    5.93467832e-01 6.37874246e-01 4.22710896e-01 3.85625690e-01
    4.06870186e-01 3.55967432e-01 6.73126340e-01 7.19694376e-01
    8.80855978e-01 6.65889800e-01 8.18584323e-01 5.62004209e-01
    5.84618688e-01 1.51611269e-01 7.54171014e-02 9.71910834e-01
    1.79621071e-01 3.44518423e-01 6.88145578e-01 3.67393911e-01
    8.69550765e-01 3.02305222e-01 5.07480264e-01 1.77105635e-01
    5.29267788e-01 7.85235524e-01 3.60770404e-01 2.33910888e-01
    6.11536503e-01 3.28794301e-01 6.71536446e-01 8.41557026e-01
    3.70669425e-01 6.92318797e-01 2.69423068e-01 3.80236506e-02
    9.79046345e-01 8.62378120e-01 8.83565545e-01 3.76249313e-01
    9.38184023e-01 9.38481331e-01 7.13324428e-01 8.65315199e-01
    8.83419514e-01 2.94024140e-01 2.01193988e-01 1.28332585e-01
    6.37955725e-01 9.60453987e-01 9.13262010e-01 9.05189157e-01
    9.71599638e-01 3.88147473e-01 1.89425528e-01 3.27331185e-01
    5.14415562e-01 2.43589789e-01 6.39385223e-01 9.27214622e-01
    2.73292065e-02 7.11537600e-01 5.80904126e-01 1.94402784e-01
    7.95229435e-01 7.79025972e-01 9.57616806e-01 7.48171687e-01
    1.03527516e-01 5.81487119e-01 3.68413448e-01 4.43412602e-01
    5.67305088e-01 7.19533324e-01 3.22322488e-01 7.73146033e-01
    9.40682769e-01 5.41217208e-01 8.43145370e-01 3.10977399e-02
    3.05925012e-01 1.85616910e-02 3.26792896e-01 7.12133408e-01
    9.30540979e-01 6.50863945e-02 5.90251148e-01 4.75765705e-01
    4.62139428e-01 1.61148459e-01 1.84979051e-01 3.83722037e-01
    1.81820393e-02 9.17005062e-01 6.90433741e-01 5.92315793e-01
    5.67770779e-01 1.00035667e-01 5.68468928e-01 8.16960573e-01
    5.13869762e-01 2.19355524e-01 5.99032342e-02 8.44308853e-01
    3.55717778e-01 4.29212093e-01 8.19649696e-01 4.49621588e-01
    8.00886750e-01 6.56512916e-01 7.20141888e-01 8.18926930e-01
    3.31147969e-01 5.07526457e-01 6.14399016e-01 4.32286918e-01
    5.39764166e-01 4.46923882e-01 2.61819035e-01 5.09660304e-01
    8.31234097e-01 4.18757021e-01 2.14510530e-01 9.09464538e-01
    3.23328018e-01 7.48273373e-01 6.62260175e-01 8.19891930e-01
    2.11400837e-01 6.47169173e-01 5.85997522e-01 3.87382179e-01
    5.35953343e-02 9.17787254e-01 8.96670759e-01 9.94769812e-01
    1.63215220e-01 9.16485548e-01 7.12200284e-01 1.36122733e-01
    7.22475708e-01 1.28649473e-02 3.36323082e-01 5.07579207e-01
    3.54132712e-01 1.47466779e-01 8.32302928e-01 5.74026883e-01
    7.38024294e-01 4.38072324e-01 5.48135757e-01 3.70740950e-01
    3.21095169e-01 1.20853335e-01 9.46967006e-02 6.27430737e-01
    9.64710474e-01 9.32136357e-01 9.44797993e-01 3.47599387e-01
    7.39178956e-01 1.86635375e-01 4.54952657e-01 4.31460887e-01
    9.22775507e-01 6.81430459e-01 6.24842346e-01 9.78514433e-01
    9.55454350e-01 3.50257605e-01 1.29626513e-01 1.56507760e-01
    3.18269014e-01 4.80706871e-01 4.91996408e-01 1.27402693e-01
    6.71481192e-01 5.18878996e-02 5.43016732e-01 7.28298306e-01
    9.25896347e-01 2.57136613e-01 7.44327426e-01 4.72406536e-01
    6.68243349e-01 3.55536938e-01 7.80745208e-01 8.42559695e-01
    8.74351203e-01 7.05625117e-01 5.33824384e-01 6.83388829e-01
    3.72737765e-01 4.09290493e-02 7.31382906e-01 1.79044664e-01
    3.73568207e-01 5.20696282e-01 6.86008453e-01 4.81145918e-01
    6.45547032e-01 4.29833800e-01 4.11190957e-01 2.55890340e-01
    5.58163762e-01 4.89498675e-02 4.00293827e-01 4.57385778e-01
    5.77886164e-01 3.58704150e-01 4.37284619e-01 6.23093605e-01
    4.45363492e-01 2.00699657e-01 3.69625747e-01 9.01587129e-01
    8.48668098e-01 2.54987836e-01 6.29535377e-01 5.35359681e-01
    2.64904231e-01 6.94374800e-01 7.85361052e-01 5.82592189e-01
    7.14516699e-01 9.39718127e-01 6.94490194e-01 8.02954197e-01
    8.64245057e-01 5.30002475e-01 2.17064142e-01 3.37718427e-02
    2.46001750e-01 7.85472512e-01 1.66412503e-01 6.74548745e-01
    8.10093999e-01 8.18113506e-01 9.32782888e-01 4.80856478e-01
    6.97497308e-01 9.69969034e-01 8.46687257e-01 3.92245382e-01
    3.81968617e-02 2.14221865e-01 9.66286421e-01 2.32353956e-01
    8.43840957e-01 7.95014739e-01 2.30877787e-01 7.34758377e-01
    4.49797243e-01 9.85774517e-01 2.99264073e-01 3.51219267e-01
    8.36356282e-01 8.60997438e-02 3.64103287e-01 7.87316680e-01
    3.96580696e-01 7.96376288e-01 9.92156982e-01 7.55172431e-01
    9.63317037e-01 4.26647335e-01 4.55686808e-01 6.27220273e-01
    5.04154503e-01 6.63901269e-01 5.84531963e-01 8.04167867e-01
    4.93944585e-01 7.11547554e-01 6.59302711e-01 8.81130397e-02
    2.13578403e-01 7.53016353e-01 6.58447504e-01 9.79467511e-01
    6.18081272e-01 2.74115026e-01 8.51746798e-02 3.23591918e-01
    6.14944994e-01 3.12741160e-01 2.41993636e-01 8.90326977e-01
    9.76040363e-02 4.46350873e-02 5.26684821e-01 5.75772345e-01
    2.12638468e-01 6.49676919e-01 1.88063294e-01 4.50979233e-01
    7.36662507e-01 8.95748258e-01 5.16605318e-01 7.64957190e-01
    8.27953935e-01 5.96966624e-01 2.44717628e-01 1.42200649e-01
    5.19937932e-01 7.26749659e-01 2.94167876e-01 5.71281910e-02
    9.57795143e-01 2.75870025e-01 8.97228241e-01 9.20715690e-01
    2.16972172e-01 7.82149434e-01 3.09473217e-01 6.34211957e-01
    7.36409366e-01 1.29076093e-01 1.74319655e-01 6.17004752e-01
    6.24525666e-01 8.17484975e-01 3.60782623e-01 8.39165866e-01
    6.01409674e-01 8.34640622e-01 9.61200595e-01 2.09452778e-01
    4.92118448e-01 8.35531175e-01 7.15362549e-01 7.96993911e-01
    1.04408026e-01 9.18951631e-01 6.37749195e-01 9.31344032e-01
    9.76667404e-01 1.66487098e-01 4.05793905e-01 8.37095201e-01
    9.07957256e-02 7.10767269e-01 6.00540757e-01 3.99482191e-01
    8.37969899e-01 8.72589469e-01 6.08283281e-02 2.79224396e-01
    7.05420136e-01 3.84011149e-01 4.38567072e-01 9.05442357e-01
    5.86204827e-02 4.47367132e-02 1.68820947e-01 4.75870430e-01
    5.79253733e-01 2.44611591e-01 8.47768903e-01 4.92985785e-01
    2.95150042e-01 4.67725396e-02 1.37834460e-01 3.95474136e-02
    6.26801133e-01 7.64137268e-01 1.21824861e-01 8.17713618e-01
    9.01941717e-01 1.90274984e-01 8.71237338e-01 3.60672534e-01
    2.02192307e-01 9.94762421e-01 6.65620565e-01 2.84761786e-01
    3.77308995e-01 2.20040083e-01 2.75502354e-01 4.65851575e-01
    2.26197928e-01 7.10309207e-01 1.89169943e-01 1.51236564e-01
    7.91548848e-01 6.79372847e-02 6.11643553e-01 9.87497211e-01
    7.71902323e-01 2.43522644e-01 8.32113624e-02 9.18470204e-01
    5.89415908e-01 4.37893867e-01 4.99385923e-01 7.32540905e-01
    6.68273866e-01 6.53413653e-01 5.16064942e-01 3.46322536e-01
    2.18021065e-01 3.62694204e-01 8.05720270e-01 9.98754501e-01
    8.42421412e-01 3.07790697e-01 7.83530712e-01 1.18475258e-01
    5.12679160e-01 2.39146918e-01 8.33751976e-01 6.94710910e-02
    6.65507078e-01 5.86913109e-01 1.37926638e-02 8.39714170e-01
    1.95658654e-01 9.31425095e-01 7.60677159e-02 7.62945890e-01
    4.55030710e-01 4.73288089e-01 3.14410806e-01 2.27586091e-01
    1.89596742e-01 4.77462918e-01 1.37165666e-01 2.96520829e-01
    9.39042747e-01 5.57485282e-01 9.85829294e-01 6.22215509e-01
    6.85562134e-01 2.50725746e-02 9.70151544e-01 7.91001379e-01
    6.66843951e-02 4.69079316e-02 9.86906707e-01 3.18325102e-01
    2.23002255e-01 6.54287636e-01 2.59650856e-01 2.56454408e-01
    5.91194987e-01 3.69521379e-01 6.94346547e-01 6.68127477e-01
    8.32357585e-01 1.36013687e-01 3.90798986e-01 1.13674700e-01
    9.67967868e-01 4.96909708e-01 2.61323750e-01 8.73354316e-01
    9.81217802e-01 4.69759375e-01 6.59879088e-01 7.32063353e-02
    3.99576485e-01 6.43984795e-01 2.00612247e-01 8.43893528e-01
    7.89756536e-01 1.68773383e-01 7.01082170e-01 1.67515367e-01
    7.23907232e-01 3.79438609e-01 5.35034776e-01 1.14395350e-01
    6.22929573e-01 6.90431237e-01 1.78946644e-01 3.29186559e-01
    7.08710551e-01 1.53107673e-01 7.45724916e-01 5.66150606e-01
    1.20482713e-01 9.98532355e-01 6.26771033e-01 6.21955097e-01
    3.99198174e-01 5.05596697e-01 5.24164081e-01 3.76782656e-01
    8.54739904e-01 2.80905187e-01 4.14517730e-01 5.11761904e-01
    4.67178643e-01 5.90518415e-01 1.27685428e-01 7.96368718e-03
    9.94536698e-01 5.26057363e-01 1.70073360e-01 2.54770875e-01
    5.07048905e-01 1.23022258e-01 9.82521772e-02 6.66120231e-01
    2.41917014e-01 5.13529420e-01 2.63999581e-01 4.96082097e-01
    7.95697927e-01 3.86310518e-02 5.55710137e-01 5.87065220e-02
    8.80433857e-01 2.73232877e-01 8.47316742e-01 6.99599683e-01
    4.54689831e-01 2.37259746e-01 9.90620196e-01 5.46587765e-01
    6.00242257e-01 4.43912148e-01 6.28545880e-02 7.09160864e-01
    8.53188276e-01 3.15468073e-01 8.24183345e-01 1.83065861e-01
    1.01338029e-02 6.70822680e-01 7.33618259e-01 7.80142784e-01
    3.11956704e-02 3.61949861e-01 4.40215349e-01 7.22481668e-01
    4.33642387e-01 2.18465358e-01 4.58848923e-01 5.74651420e-01
    7.47093081e-01 8.02817881e-01 1.91794544e-01 3.06971014e-01
    8.97797644e-02 4.99506831e-01 5.99741280e-01 1.58053011e-01
    6.61017895e-01 4.18570966e-01 1.78826392e-01 4.62642014e-01
    9.19870496e-01 5.63561916e-05 1.69732928e-01 3.38290513e-01
    2.70641387e-01 5.90146422e-01 4.85763371e-01 3.18270326e-01
    3.70435625e-01 5.59386969e-01 4.79527056e-01 8.15477014e-01
    7.51993060e-01 3.86335641e-01 7.07317293e-02 9.85157967e-01
    8.86936665e-01 7.46963382e-01 1.97444379e-01 8.99897814e-01
    8.43092024e-01 2.26045817e-01 6.91244304e-02 8.54306817e-01
    7.94031203e-01 5.13483524e-01 5.66193700e-01 1.55927122e-01
    6.32348359e-02 6.30766511e-01 2.29980648e-02 3.63953501e-01
    4.34280366e-01 1.97013915e-02 5.40422320e-01 1.31151766e-01
    7.32358932e-01 6.18162870e-01 8.53606462e-01 8.14673305e-01
    5.96419871e-01 4.09065574e-01 9.86437559e-01 3.15917194e-01
    8.41185570e-01 7.12079167e-01 5.33464134e-01 9.21633840e-01
    1.56826347e-01 9.90413904e-01 1.10786796e-01 7.48357296e-01
    3.26210022e-01 7.57086039e-01 1.62171513e-01 5.12711406e-01
    5.99200130e-01 8.91489148e-01 9.13180709e-01 9.80000794e-01
    7.89049387e-01 5.01457334e-01 5.70304871e-01 7.23082066e-01
    1.10579193e-01 1.43592983e-01 9.54007387e-01 8.62154603e-01
    5.23694098e-01 8.72192264e-01 6.52002573e-01 8.19651604e-01
    1.64397329e-01 1.89797342e-01 3.04738760e-01 7.61042237e-01
    9.47923183e-01 9.72672939e-01 8.05943787e-01 1.39835060e-01
    9.66857553e-01 2.27816552e-01 3.54732871e-02 9.61830020e-01
    2.38452345e-01 1.40610188e-01 4.25616562e-01 2.47169524e-01
    6.09191954e-02 6.61990166e-01 7.72062004e-01 1.86469853e-02
    1.31803334e-01 1.01101011e-01 5.31369746e-01 6.20459795e-01
    8.21928680e-01 9.30754542e-01 2.81588435e-01 2.07916737e-01
    1.10335290e-01 6.24867797e-01 6.71516478e-01 4.49539065e-01
    9.39679921e-01 8.16273212e-01 9.22003567e-01 4.11517709e-01
    1.64145917e-01 2.15246648e-01 2.51452982e-01 6.20412767e-01
    5.50892472e-01 5.80740452e-01 8.30991268e-02 1.25788152e-01
    9.30809081e-02 3.12527537e-01 9.86623645e-01 3.34519684e-01
    6.84186816e-03 5.68465173e-01 7.06188262e-01 9.41364646e-01
    1.98231190e-01 7.79464662e-01 9.61892128e-01 8.11538696e-01
    6.99342668e-01 4.72832561e-01 6.52325988e-01 7.26956010e-01
    2.34592110e-01 3.57930839e-01 5.55756450e-01 8.20632577e-01
    6.11847818e-01 3.51801962e-01 1.79865241e-01 7.53436267e-01
    9.98734951e-01 8.80119741e-01 4.59372550e-01 7.28056908e-01
    7.97735035e-01 7.15068221e-01 3.54221940e-01 2.88523197e-01
    4.35002983e-01 5.85755706e-02 9.88586605e-01 8.90574813e-01
    9.45088744e-01 6.41800225e-01 3.05748135e-01 9.94447291e-01
    6.80587769e-01 6.94609880e-01 6.45584226e-01 6.90093935e-01
    3.98755908e-01 3.73773754e-01 3.26934755e-01 1.45096362e-01
    2.29991794e-01 2.78341711e-01 8.68491530e-02 1.10304832e-01
    6.18603110e-01 3.30584645e-02 2.96474636e-01 3.08300734e-01
    2.54745841e-01 9.73030925e-03 2.74349958e-01 6.43535674e-01
    2.82238215e-01 9.81619000e-01 4.97291833e-01 4.86967206e-01
    1.95241958e-01 2.47927606e-01 3.94959450e-01 7.21069694e-01
    2.39774853e-01 8.88596773e-01 6.83735013e-01 5.99105358e-01
    3.37961316e-03 1.30043626e-02 3.62392187e-01 8.69413853e-01
    3.65147442e-01 8.78727555e-01 6.56240523e-01 8.77536595e-01
    7.55669117e-01 6.28875375e-01 5.35010397e-02 7.12788224e-01
    8.58358264e-01 6.21627510e-01 9.66571510e-01 5.30302584e-01
    2.78505981e-01 6.56889081e-01 8.77468944e-01 5.70576131e-01
    9.98473585e-01 1.67000055e-01 3.14610660e-01 7.27401376e-01
    3.49196434e-01 1.57321423e-01 5.26685059e-01 9.48011220e-01
    8.79235506e-01 7.06654966e-01 5.96600592e-01 1.03141308e-01
    4.91806567e-02 6.53861284e-01 2.47318715e-01 5.21339238e-01
    4.44730222e-01 3.34218770e-01 2.30599344e-02 3.32603306e-01
    8.67609441e-01 2.60012746e-01 2.20827401e-01 9.58788633e-01
    4.25343096e-01 3.31146598e-01 5.51410615e-01 6.07738078e-01
    3.31471860e-02 2.70557702e-01 7.18104601e-01 5.51849723e-01
    8.74112844e-01 6.73414528e-01 7.89175749e-01 6.14547491e-01
    8.79047096e-01 9.76676941e-02 7.79296458e-01 4.03180718e-03
    9.36188221e-01 5.60868979e-01 5.41930556e-01 9.60478902e-01
    5.63954234e-01 8.21866870e-01 7.15933979e-01 5.67879200e-01
    6.44294381e-01 2.74602115e-01 8.41873288e-01 2.97188103e-01
    9.22063947e-01 9.47083235e-02 3.54903936e-01 7.51353979e-01
    6.03787541e-01 2.76713252e-01 9.05922055e-01 4.77693051e-01
    3.19765508e-01 6.53649271e-01 2.00800478e-01 3.65121543e-01
    2.82610357e-01 8.16274762e-01 9.00250793e-01 6.73618495e-01
    4.51827139e-01 6.65377378e-01 6.21522367e-01 7.94298291e-01
    2.56504595e-01 9.26811814e-01 6.98046684e-02 5.07224798e-01
    5.01442194e-01 4.95533884e-01 1.92745686e-01 6.80715263e-01
    8.47036600e-01 7.75360525e-01 8.99179578e-01 9.61079001e-02
    5.56234777e-01 8.07235718e-01 8.79148662e-01 7.47805655e-01
    8.21120501e-01 8.36402059e-01 5.52974582e-01 3.26795280e-02
    2.67961353e-01 4.41672683e-01 3.00884783e-01 8.81714821e-02
    2.18056798e-01 2.48042166e-01 7.98353076e-01 3.59316736e-01
    8.94971728e-01 9.60178971e-01 2.00377017e-01 7.04300523e-01
    6.28977776e-01 6.89176559e-01 7.98113823e-01 2.99777091e-01
    2.74234653e-01 9.94893193e-01 7.41853833e-01 1.25480622e-01
    7.30206847e-01 5.58807969e-01 7.79465854e-01 4.45345789e-01
    1.77055061e-01 1.03655964e-01 4.35338676e-01 8.75000715e-01
    4.35108483e-01 2.52812237e-01 3.10784638e-01 4.71796006e-01
    5.74583530e-01 1.31267935e-01 4.37077433e-01 3.04391146e-01
    8.17257404e-01 2.14064091e-01 6.14905119e-01 9.54487562e-01
    9.98525679e-01 6.43198073e-01 4.91393417e-01 6.91493154e-01
    1.08925790e-01 3.83952558e-02 3.00427973e-02 2.24478751e-01
    2.56268859e-01 6.36528134e-02 2.89476514e-02 5.46682775e-01
    1.36692703e-01 4.96438980e-01 1.16132826e-01 6.34995401e-01
    6.15692854e-01 4.36832905e-02 8.14068079e-01 9.02742147e-01
    3.37067366e-01 5.16548872e-01 1.31691098e-02 1.49299353e-01
    9.98557329e-01 8.22483659e-01 8.66369843e-01 3.24859619e-01
    2.53874809e-01 1.05524391e-01 2.13657051e-01 8.17764044e-01
    5.86593330e-01 8.53647232e-01 7.26572394e-01 6.03995681e-01
    1.02539182e-01 9.01729763e-01 6.50104821e-01 5.29525280e-02
    3.90936017e-01 8.53654802e-01 1.93314701e-01 3.33223224e-01
    6.43838763e-01 6.27235949e-01 3.84759188e-01 9.58493292e-01
    9.80508626e-02 9.77202415e-01 4.08366203e-01 4.47547644e-01
    6.24534667e-01 3.16057980e-01 3.92402172e-01 7.85930932e-01
    6.24257326e-03 5.16095757e-03 3.89728814e-01 1.22492909e-01
    3.97121012e-01 8.57154429e-02 5.65715492e-01 9.97829080e-01
    9.96159077e-01 1.35701478e-01 4.90691960e-02 1.19726270e-01
    2.93898016e-01 4.26587462e-02 9.05447245e-01 9.78976369e-01
    5.61061442e-01 4.93534982e-01 8.44295025e-01 4.09770012e-03
    1.20184898e-01 6.89630687e-01 3.54059577e-01 4.85100269e-01
    1.49637908e-01 9.43921089e-01 8.85100603e-01 8.99212956e-02
    2.39715695e-01 4.07501221e-01 8.83469224e-01 9.26653266e-01
    6.51557624e-01 5.31005979e-01 6.26794398e-01 1.70503557e-01
    1.06854230e-01 8.39551210e-01 9.41583931e-01 6.86846018e-01
    2.29606926e-02 3.80664945e-01 2.06587613e-02 5.19397020e-01
    6.22767568e-01 2.46955544e-01 8.94026041e-01 4.39004302e-01
    7.97090173e-01 7.21110344e-01 3.72512430e-01 3.72164547e-02
    1.31689817e-01 1.61105961e-01 5.63122153e-01 2.99008906e-01
    6.56370819e-02 2.65679598e-01 5.66651225e-02 8.61892641e-01
    2.20391363e-01 4.29238647e-01 5.69993258e-02 2.82314003e-01
    9.40399051e-01 8.24328721e-01 2.43342757e-01 2.25655764e-01
    9.48659122e-01 2.96902418e-01 3.48532856e-01 6.22546673e-02
    8.35411131e-01 5.62884450e-01 3.23260248e-01 1.28940195e-01
    8.41350555e-01 2.93651342e-01 2.09638834e-01 7.44354129e-01
    7.19436765e-01 7.44760633e-02 2.43151248e-01 6.39590859e-01
    4.47949469e-02 4.92171556e-01 9.58105922e-01 4.72445071e-01
    4.07736242e-01 9.29672122e-01 7.37814724e-01 3.27021271e-01
    6.53791368e-01 1.05735213e-01 2.57093728e-01 4.32500720e-01
    7.76919603e-01 3.70838583e-01 8.75990689e-02 6.24914825e-01
    9.79641378e-02 1.17290407e-01 8.02270770e-01 8.77648711e-01
    2.49210060e-01 8.34202766e-03 8.77318680e-02 6.93662286e-01
    2.87543058e-01 3.89027208e-01 3.54410112e-01 5.97329140e-01
    7.80151606e-01 6.63696408e-01 3.51381183e-01 3.53065670e-01
    2.80378371e-01 6.22288287e-01 9.01843131e-01 8.87448430e-01
    7.23542273e-01 5.38120389e-01 3.40167940e-01 9.93260860e-01
    4.97168154e-01 4.16459382e-01 8.18645597e-01 8.90318751e-01
    5.22265613e-01 3.17031085e-01 8.73604417e-01 1.52911246e-02
    5.75465798e-01 8.62434626e-01 3.13898504e-01 9.87357736e-01
    9.61079240e-01 8.73111844e-01 9.48538542e-01 3.79291743e-01
    2.61218458e-01 3.06790769e-02 8.96113217e-01 5.81426859e-01
    4.72594589e-01 3.40550601e-01 6.72729790e-01 2.71780312e-01
    8.48659158e-01 7.14820147e-01 4.77390647e-01 2.43765563e-01
    7.59576142e-01 3.06292772e-02 6.89130247e-01 1.92219824e-01
    8.87774706e-01 6.02639318e-02 8.44324112e-01 4.15170819e-01
    5.79872847e-01 4.53545630e-01 8.81577253e-01 6.13595009e-01
    2.46633738e-01 2.18668550e-01 8.48025560e-01 1.40673012e-01
    2.05011964e-01 7.70642698e-01 1.20192766e-01 8.51996541e-02
    2.51918912e-01 2.06024677e-01 5.66431522e-01 8.66166532e-01
    3.12989503e-01 1.19034946e-02 1.59977973e-01 5.26317835e-01
    6.04465604e-01 8.73820305e-01 9.67126966e-01 6.02553368e-01
    7.01325178e-01 4.35664207e-01 3.85032237e-01 8.67372632e-01
    1.83314919e-01 9.11628664e-01 5.17220974e-01 8.05524051e-01
    4.57680076e-01 1.54968292e-01 1.94497675e-01 8.70790541e-01
    3.17940950e-01 3.27346116e-01 6.32464767e-01 4.64434206e-01
    3.45894039e-01 2.26700485e-01 5.48469484e-01 8.08135688e-01
    4.26048517e-01 3.79186511e-01 7.89012074e-01 5.60745478e-01
    3.31438601e-01 2.16920674e-01 1.59563243e-01 4.05915082e-01
    6.11989200e-02 4.61973310e-01 1.37669295e-01 3.88043404e-01
    7.89932847e-01 3.54864955e-01 6.14344120e-01 8.46536458e-02
    1.52804971e-01 7.99208879e-01 7.16853261e-01 1.78275108e-01
    7.74022818e-01 7.94833422e-01 2.50359118e-01 5.00838101e-01
    5.58803022e-01 7.93183446e-01 2.66946077e-01 9.02783155e-01
    3.99657130e-01 3.69114041e-01 5.57966948e-01 8.71978045e-01
    1.25432044e-01 8.75310719e-01 1.96553886e-01 5.04671633e-01
    8.29688787e-01 4.67819035e-01 8.32127690e-01 5.04789710e-01
    2.85232186e-01 5.02106130e-01 3.51314127e-01 7.30962396e-01
    1.10183150e-01 5.74639916e-01 7.16082752e-01 1.76916718e-02
    1.64297163e-01 6.83793426e-02 3.97236794e-01 3.38998109e-01
    7.21632063e-01 3.96926045e-01 6.00120544e-01 7.79622257e-01
    1.42276376e-01 6.20085835e-01 8.80212069e-01 6.90844715e-01
    3.97866726e-01 3.30403626e-01 4.01408195e-01 1.94358230e-01
    5.05965948e-02 1.15765929e-01 4.94244248e-01 2.13073939e-01
    9.36561823e-01 8.41021419e-01 2.55766809e-01 9.05869365e-01
    9.08369422e-01 8.38555634e-01 7.57758498e-01 7.41882503e-01
    9.94851351e-01 1.36394858e-01 5.58171511e-01 6.39865279e-01
    7.99417496e-02 2.25721300e-02 1.39889657e-01 9.53459799e-01
    2.65824556e-01 1.52109712e-01 3.93757135e-01 7.92701125e-01
    4.00670618e-01 2.29707569e-01 1.58858299e-03 9.20926273e-01
    1.67751044e-01 2.70625800e-01 4.02859747e-01 6.97405934e-01
    9.53863263e-01 8.67359936e-02 9.59886551e-01 1.80792540e-01
    9.46417451e-02 4.85960066e-01 5.99712849e-01 4.93593007e-01
    7.11895347e-01 9.19131875e-01 4.64775562e-01 6.57521248e-01
    2.51892000e-01 9.95651841e-01 6.01594090e-01 1.95280761e-01
    6.16163015e-03 7.31279194e-01 4.96389210e-01 8.20100069e-01
    8.07558060e-01 8.16615522e-01 2.13162512e-01 8.55036318e-01
    1.59576565e-01 6.65908992e-01 3.35142344e-01 6.64511919e-01
    1.97421014e-01 1.23525620e-01 3.36747408e-01 1.32946134e-01
    5.27605176e-01 5.62958956e-01 7.10008621e-01 2.09953368e-01
    1.84136391e-01 2.81904697e-01 2.64573097e-03 9.95463133e-02
    9.28368270e-02 1.03149414e-01 1.42095804e-01 6.64492369e-01
    1.87464386e-01 2.58100897e-01 9.63764429e-01 9.92351770e-03
    2.41620243e-01 9.89508629e-01 9.63130951e-01 5.04709005e-01
    6.11389458e-01 4.80066568e-01 5.77063441e-01 7.49247909e-01
    5.22053719e-01 7.90492237e-01 4.67806160e-02 2.27879167e-01
    3.14177036e-01 2.18045741e-01 3.84400666e-01 5.17979681e-01
    8.73508215e-01 9.36461210e-01 8.60054970e-01 7.72492349e-01
    1.30549133e-01 1.83329523e-01 7.39871621e-01 4.12365556e-01
    8.94292355e-01 1.38652951e-01 4.87604767e-01 8.70127320e-01
    7.17700005e-01 9.01552916e-01 3.89387012e-01 1.32679582e-01
    5.91402113e-01 2.50121802e-01 4.33443904e-01 9.02761817e-01
    5.24858773e-01 6.87981725e-01 2.36943245e-01 5.87226629e-01
    5.77037692e-01 9.97970104e-02 6.83981597e-01 3.87249410e-01
    1.84590936e-01 8.23121667e-02 8.24578643e-01 2.85085738e-01
    5.97555220e-01 1.84730291e-01 9.14782882e-01 5.58084190e-01
    3.49910378e-01 8.06084156e-01 7.95705140e-01 7.80631840e-01
    9.60023582e-01 6.73533380e-01 5.97455263e-01 2.05419600e-01
    7.95935452e-01 2.76189238e-01 5.45736313e-01 2.01611847e-01
    4.49299812e-01 7.49752939e-01 8.71180594e-01 4.25542474e-01
    4.24905628e-01 3.06087732e-01 9.01243091e-02 6.86305344e-01
    4.44514871e-01 5.63000143e-01 4.51253235e-01 2.80376911e-01
    8.93443167e-01 5.66408575e-01 5.36631167e-01 9.60745513e-01
    7.62050509e-01 5.17903328e-01 4.24492717e-01 9.61502433e-01
    1.69134319e-01 5.12712717e-01 9.92695749e-01 8.53933215e-01
    5.24016500e-01 8.28374624e-01 3.79125535e-01 4.56650794e-01
    1.88439339e-01 1.60599858e-01 8.72610450e-01 9.79535460e-01
    5.48326373e-01 4.60604608e-01 8.59210610e-01 1.59047455e-01
    8.33421826e-01 6.91589952e-01 4.90496129e-01 1.11562163e-01
    8.09489489e-01 5.82091153e-01 9.47945476e-01 3.71779829e-01
    5.80481946e-01 8.68982434e-01 9.00419414e-01 4.40773904e-01
    6.11348391e-01 6.65496290e-01 8.12310874e-02 9.63506341e-01
    4.69315320e-01 1.36452228e-01 2.47866720e-01 9.54567373e-01
    5.79328239e-01 6.67258382e-01 9.96463120e-01 6.97327614e-01
    5.14269471e-02 6.25561893e-01 1.84866905e-01 3.91958326e-01
    6.87971056e-01 4.87957507e-01 6.08537018e-01 6.85549676e-01
    7.48230696e-01 9.69951510e-01 6.79404259e-01 8.63254189e-01
    3.49706829e-01 8.95114660e-01 3.41504127e-01 1.74519449e-01
    2.17469931e-01 1.40065461e-01 8.92418921e-02 6.46277428e-01
    4.09693509e-01 5.53103805e-01 7.59570241e-01 2.72617936e-01
    2.21963555e-01 8.14205766e-01 2.87361294e-01 9.81669784e-01
    5.49867988e-01 1.89083189e-01 4.26264644e-01 6.52382255e-01
    3.87932211e-01 7.14437366e-01 7.93731093e-01 6.54558837e-01
    9.59447086e-01 1.08386159e-01 1.51096076e-01 9.56224322e-01
    8.10027719e-01 8.48056495e-01 5.79820335e-01 8.82757604e-01
    9.07112420e-01 2.26426303e-01 6.85889125e-01 7.04627991e-01
    8.94377589e-01 4.09657240e-01 1.24733239e-01 2.18423009e-02
    7.49045730e-01 4.70354259e-02 4.56655771e-01 2.37256914e-01
    5.65069258e-01 5.79452038e-01 9.02187765e-01 3.14791322e-01
    3.54269266e-01 7.34162033e-02 4.36450362e-01 2.90629834e-01
    8.01428497e-01 7.67251849e-02 3.28657687e-01 1.86760783e-01
    1.98740840e-01 6.19938016e-01 8.59622657e-02 1.43564850e-01
    1.21825278e-01 9.16882336e-01 5.81308007e-01 4.56521809e-02
    3.99428666e-01 2.55456716e-01 2.50911593e-01 2.09923416e-01
    3.15443099e-01 4.56588835e-01 4.97057229e-01 7.08185315e-01
    7.55379319e-01 9.31639373e-02 4.12811637e-01 4.94149506e-01
    2.65473485e-01 1.62043959e-01 6.17604017e-01 2.43595421e-01
    1.07167512e-01 6.87528849e-01 6.84121072e-01 9.27509129e-01
    8.18623245e-01 3.80612761e-01 1.66828156e-01 1.07930511e-01
    8.17913413e-02 7.85704732e-01 1.62651181e-01 6.27956748e-01
    5.69242835e-02 7.34727383e-02 3.33863139e-01 1.15367144e-01
    7.74898112e-01 8.44377041e-01 4.01325941e-01 5.73286891e-01
    7.24395752e-01 6.57364547e-01 7.00272441e-01 6.52628839e-01
    2.69268095e-01 7.44102418e-01 5.93726635e-01 1.27871066e-01
    2.66922414e-01 5.95721066e-01 6.84065819e-01 1.28316820e-01
    8.25335205e-01 8.14803600e-01 9.20302212e-01 5.63294470e-01
    4.66827631e-01 6.95499480e-02 2.24175185e-01 1.81253523e-01
    3.27067494e-01 2.81146139e-01 4.81171250e-01 1.86666846e-03
    7.28470266e-01 8.90871644e-01 9.80238616e-02 8.67710114e-01
    9.01542783e-01 7.80463517e-01 2.20575899e-01 7.85172343e-01
    8.72707605e-01 3.05759311e-01 6.74576044e-01 8.94053578e-01
    2.78788149e-01 7.43568420e-01 8.26209664e-01 2.25465894e-02
    1.29559636e-01 6.02657437e-01 8.22544992e-02 5.20098329e-01
    8.84070039e-01 7.42485583e-01 6.58266306e-01 3.71289700e-01
    9.25243795e-02 9.65853453e-01 7.87751913e-01 7.13683367e-01
    1.58314377e-01 1.56560391e-01 1.28917098e-02 8.10761094e-01
    8.61809731e-01 6.21320367e-01 3.19128633e-02 3.61942738e-01
    7.92887449e-01 1.64953887e-01 5.68223655e-01 1.07943922e-01
    4.54026163e-01 1.60934925e-01 7.07693279e-01 5.70235550e-01
    3.52173269e-01 5.34752071e-01 1.76474452e-03 9.83595729e-01
    6.41656637e-01 6.79693103e-01 7.25022256e-02 8.85284305e-01
    2.70545304e-01 8.59571218e-01 7.47201383e-01 8.87820363e-01
    8.71502519e-01 7.56059051e-01 8.49056900e-01 1.47541314e-01
    7.30270028e-01 9.78227854e-01 1.16098881e-01 5.13789594e-01
    3.58956635e-01 6.52389169e-01 8.35530341e-01 2.22613573e-01
    5.55464506e-01 7.10312784e-01 9.71754909e-01 9.68514800e-01
    1.44869626e-01 6.90306604e-01 1.89365953e-01 5.33520579e-01
    7.70139694e-02 7.14923859e-01 7.14503765e-01 6.40592694e-01
    5.46969354e-01 2.44775504e-01 9.42098737e-01 6.71503186e-01
    1.81201488e-01 6.31328642e-01 1.82704061e-01 9.80770230e-01
    7.74197578e-02 2.38251120e-01 5.80596089e-01 3.25631022e-01
    3.59763801e-01 1.74990326e-01 1.04433268e-01 9.05277729e-01
    4.32407796e-01 7.85680175e-01 2.80763507e-01 8.82061005e-01
    9.48052883e-01 9.97560918e-01 3.88168454e-01 4.91344213e-01
    1.99036568e-01 8.00345898e-01 7.73194909e-01 9.58449244e-01
    4.01801825e-01 1.97893143e-01 2.08273649e-01 8.71412158e-01
    1.77529305e-01 9.20179486e-01 6.74634278e-02 3.39677334e-02
    3.72131437e-01 9.22868967e-01 4.75100577e-02 4.85925287e-01
    7.71785378e-02 6.38524354e-01 9.72045660e-01 7.73819566e-01
    2.63917983e-01 3.86286229e-01 3.93485606e-01 8.72330368e-01
    4.41762447e-01 9.30777013e-01 5.30548573e-01 5.08509755e-01
    5.15937448e-01 7.30865836e-01 9.73421931e-01 4.23423469e-01
    4.65656817e-01 6.52855515e-01 7.16397762e-01 6.53498590e-01
    9.43090022e-02 4.16414678e-01 6.01794720e-01 4.64909077e-01
    8.94069791e-01 3.32504988e-01 6.53248012e-01 9.71792817e-01
    8.37695301e-02 8.05248857e-01 5.07440448e-01 6.26759171e-01
    3.27256322e-01 9.74947333e-01 3.74269068e-01 7.23873019e-01
    9.06251252e-01 9.17396545e-01 8.52645934e-01 7.42175221e-01
    1.98656708e-01 9.95898306e-01 3.94502491e-01 6.31211400e-02
    9.81606722e-01 7.63379693e-01 4.38384473e-01 9.77771044e-01
    2.82779276e-01 9.70095992e-01 6.35133386e-01 2.24665374e-01
    9.11820054e-01 5.58971286e-01 6.96014524e-01 7.41036415e-01
    5.43872535e-01 3.56599867e-01 5.33948660e-01 3.27406645e-01
    9.53667045e-01 3.69462550e-01 8.38097870e-01 7.81112850e-01
    4.17475313e-01 1.24960124e-01 6.28575742e-01 6.96769178e-01
    6.45496845e-01 9.73849177e-01 4.44914460e-01 5.11648655e-01
    5.92309415e-01 4.49765682e-01 9.84407723e-01 5.02708495e-01
    2.95489728e-01 7.94177294e-01 4.11069393e-03 3.51627588e-01
    7.06728280e-01 2.13783711e-01 7.67902136e-02 2.28937268e-01
    4.92190838e-01 8.54644775e-02 9.65782404e-01 2.98668444e-01
    4.98594731e-01 4.33633178e-01 4.73178089e-01 8.54171515e-01
    1.81805730e-01 2.38923907e-01 6.15060568e-01 8.53477478e-01
    3.61250877e-01 2.12100089e-01 2.82237768e-01 1.29502565e-01
    7.71393657e-01 9.85332191e-01 6.83097184e-01 4.32222813e-01
    4.90941048e-01 4.60859239e-02 5.56428313e-01 9.73648250e-01
    5.33459544e-01 4.77983057e-02 2.52043843e-01 7.24470258e-01
    6.47047460e-02 2.49035388e-01 7.06514835e-01 7.41738915e-01
    2.24537164e-01 2.04267710e-01 5.26233494e-01 6.23504698e-01
    8.00379813e-02 5.21994710e-01 7.69701183e-01 4.12280470e-01
    4.95408714e-01 7.52895176e-02 3.97047639e-01 5.72006702e-01
    8.76770258e-01 5.50714731e-01 1.57480538e-02 6.89139962e-02
    8.15490782e-01 3.11638474e-01 2.91686088e-01 5.17616570e-01
    1.66174829e-01 9.13374126e-02 2.15516090e-02 1.78859681e-01
    9.70674992e-01 2.83141732e-01 2.86956191e-01 4.36502874e-01
    3.03232014e-01 6.15311801e-01 2.05373555e-01 2.94816852e-01
    5.06030858e-01 1.58546209e-01 8.92245293e-01 3.90492201e-01
    7.58023202e-01 7.09730685e-01 7.82863557e-01 1.86988294e-01
    7.17732966e-01 5.00429511e-01 4.67333049e-01 3.33304763e-01
    1.45956814e-01 3.28349710e-01 5.14974356e-01 2.89990902e-02
    8.18168998e-01 8.74590635e-01 1.60375953e-01 1.42479539e-02
    4.24184918e-01 2.93292284e-01 6.88367546e-01 6.69822514e-01
    3.28871906e-02 6.11678183e-01 8.74562979e-01 5.55958629e-01
    5.32779157e-01 2.61015892e-01 1.18667841e-01 7.45755911e-01
    4.39417899e-01 7.53219724e-01 5.50171614e-01 2.02008516e-01
    8.16182196e-02 1.91498578e-01 2.68495083e-03 9.06330705e-01
    8.52176726e-01 4.93634671e-01 4.88162786e-01 7.77912855e-01
    1.18291408e-01 8.00663888e-01 2.99988985e-01 2.78375149e-02
    1.32031560e-01 6.73953295e-01 6.58051968e-01 4.88072723e-01
    8.06247234e-01 3.12966257e-01 2.96345681e-01 9.76568460e-01
    4.00668442e-01 1.59113824e-01 7.93399692e-01 6.18143857e-01
    8.70923698e-01 7.27506280e-01 7.60912418e-01 1.23705864e-02
    1.02735668e-01 1.95066005e-01 9.44803774e-01 4.48754430e-02
    9.36386228e-01 8.37338448e-01 5.22399843e-02 4.59803998e-01
    9.26640630e-02 7.98450232e-01 8.95587146e-01 4.49708849e-01
    1.56883299e-01 3.91870379e-01 5.00736237e-01 7.50453472e-01
    9.61661100e-01 1.85017079e-01 4.11129594e-02 4.12671000e-01
    9.79581177e-02 2.25000381e-02 5.88973284e-01 2.77868718e-01
    8.06677341e-01 5.90979576e-01 4.49071527e-01 3.75014365e-01
    3.26984704e-01 4.25945818e-01 3.49815011e-01 3.56584013e-01
    4.20277655e-01 8.61439228e-01 6.89587295e-02 4.31480676e-01
    9.96249497e-01 4.17888165e-01 7.32773483e-01 1.83706880e-02
    8.35023582e-01 2.59060889e-01 6.23890162e-02 3.35434914e-01
    1.73696011e-01 9.67385173e-02 3.61848950e-01 5.83782077e-01
    8.20481539e-01 7.76735306e-01 3.07158530e-02 1.38000071e-01
    3.88051748e-01 9.69088554e-01 3.52015018e-01 1.95895135e-01
    5.26366651e-01 3.39585304e-01 8.85581136e-01 5.45045435e-01
    1.60342455e-02 3.31002057e-01 4.41912174e-01 5.11983454e-01
    6.30758882e-01 3.09811950e-01 3.24936301e-01 6.52971983e-01
    7.91715384e-01 6.94529295e-01 3.85776460e-01 5.61256468e-01
    9.26994920e-01 7.65521467e-01 6.93135500e-01 9.45894897e-01
    2.75888860e-01 5.81096172e-01 1.89750701e-01 7.77571678e-01
    8.10634851e-01 7.52055526e-01 5.42540967e-01 4.77997124e-01
    9.72041726e-01 3.07176411e-01 9.72648978e-01 5.55887997e-01
    9.11178470e-01 4.42985624e-01 7.39662647e-02 9.99820113e-01
    6.63665891e-01 4.27929133e-01 5.76796532e-01 6.54444873e-01
    9.95275915e-01 1.01833433e-01 1.20882750e-01 8.03916097e-01
    4.31668758e-02 7.78783083e-01 4.46732074e-01 1.24777764e-01
    8.37007403e-01 2.65470147e-03 9.01718497e-01 3.93180847e-01
    2.17215776e-01 4.75684583e-01 8.04542422e-01 6.73782825e-01
    7.92593598e-01 6.58411026e-01 8.73276353e-01 2.81662226e-01
    5.94275296e-01 3.72336507e-02 6.28020227e-01 1.77012682e-01
    6.57626688e-01 5.89680910e-01 2.45937198e-01 9.87339795e-01
    4.57597405e-01 3.88382584e-01 6.40655041e-01 7.67759681e-02
    6.77274346e-01 7.48154879e-01 6.16737008e-01 9.40811217e-01
    6.57560229e-02 8.02727401e-01 3.63255888e-01 6.16217494e-01
    7.40836084e-01 3.30105424e-01 4.21923339e-01 9.07385945e-01
    7.98478246e-01 6.39351130e-01 8.35926712e-01 2.65933275e-02
    6.32204056e-01 1.21723413e-01 2.64119804e-01 9.61988211e-01
    6.00415885e-01 9.37634945e-01 8.54849815e-01 8.03342938e-01
    1.42935812e-01 1.41762495e-01 9.47674811e-02 1.94747150e-01
    3.15748274e-01 3.29377234e-01 6.55775428e-01 3.43168914e-01
    8.53964448e-01 7.54282117e-01 1.44621521e-01 6.58309460e-03
    8.01033378e-01 9.73717570e-01 1.31580561e-01 6.03688359e-01
    5.70196271e-01 4.71985877e-01 8.45639944e-01 1.47626787e-01
    9.75510418e-01 2.97250926e-01 8.46259534e-01 8.95711303e-01
    1.35415912e-01 4.66294318e-01 6.93050861e-01 9.93440270e-01
    1.98224634e-01 3.20871890e-01 2.96782255e-02 4.16969806e-01
    5.79026341e-01 4.83032525e-01 4.91931289e-01 7.73314178e-01
    2.95937002e-01 1.13201529e-01 4.45651442e-01 4.92163748e-01
    6.68978274e-01 1.30613446e-01 9.44545031e-01 1.62838519e-01
    2.45990157e-01 3.57788444e-01 8.85127783e-01 6.08428419e-01
    6.61231160e-01 4.22483146e-01 7.95559883e-01 9.05832052e-01
    9.15160775e-03 4.85811740e-01 8.37045789e-01 3.61454487e-01
    1.95759386e-01 1.60967946e-01 8.42378318e-01 2.33386099e-01
    2.84233361e-01 1.19164258e-01 7.32247949e-01 6.55604064e-01
    5.37118971e-01 4.46282983e-01 7.96674728e-01 9.49165940e-01
    5.64760387e-01 1.80199951e-01 4.77817237e-01 5.29246628e-01
    3.28491688e-01 6.52739346e-01 5.75344741e-01 4.40139711e-01
    1.75625503e-01 5.10816276e-01 6.81908131e-01 6.52020574e-01
    1.99850053e-01 6.61743224e-01 2.02545464e-01 7.71435142e-01
    5.41054010e-02 9.88679051e-01 7.97072291e-01 4.51831579e-01
    1.99376285e-01 1.99849695e-01 9.49823856e-01 9.34504628e-01
    2.04186469e-01 6.08001173e-01 4.70673323e-01 5.55036843e-01
    2.31810927e-01 7.60464311e-01 4.29223508e-01 6.29826069e-01
    5.75231254e-01 4.06337678e-02 1.41995817e-01 1.55022949e-01
    4.86549646e-01 2.06181884e-01 3.07632804e-01 2.61002898e-01
    2.86518276e-01 5.66179454e-01 9.42616224e-01 4.16277438e-01
    1.03334278e-01 9.18687463e-01 4.27184284e-01 7.17480540e-01
    1.24984324e-01 5.27680516e-02 2.42855072e-01 7.84270883e-01
    1.16135985e-01 6.13215029e-01 2.03741848e-01 6.49253845e-01
    1.71717703e-02 8.18748713e-01 3.46242338e-01 4.20958042e-01
    5.01199067e-02 8.51717889e-02 3.63057554e-02 3.31375659e-01
    9.01736140e-01 3.95357847e-01 5.28369665e-01 8.42318118e-01
    9.31937337e-01 9.52666640e-01 6.98356688e-01 1.83246166e-01
    9.83320713e-01 8.24573755e-01 4.33246374e-01 4.43385869e-01
    7.01146364e-01 2.57109970e-01 3.01873356e-01 2.87483364e-01
    6.39720678e-01 6.41274691e-01 3.00599873e-01 9.10351872e-01
    6.80967093e-01 3.36108118e-01 4.40016180e-01 3.26095879e-01
    8.71280909e-01 4.59324360e-01 8.65316927e-01 5.16163051e-01
    5.05262852e-01 2.86028326e-01 4.59270060e-01 9.10024405e-01
    7.67696738e-01 1.14106506e-01 4.71690863e-01 3.39957774e-02
    1.41123176e-01 2.69107789e-01 1.32165492e-01 4.88255799e-01
    7.23423421e-01 5.17562270e-01 5.59800565e-01 3.62053514e-01
    2.30412781e-02 6.47261143e-01 7.61968374e-01 2.93492198e-01
    3.32900226e-01 2.39544839e-01 9.72999275e-01 6.68697596e-01
    6.25102282e-01 6.80576265e-01 6.36200368e-01 7.44371533e-01
    4.58671153e-01 6.63385630e-01 7.53461719e-01 1.92930043e-01
    8.94123793e-01 9.17676091e-01 5.92701793e-01 5.82056046e-01
    6.58138752e-01 2.79857427e-01 2.43727148e-01 8.66160750e-01
    6.47261560e-01 7.97315300e-01 2.13859588e-01 7.89047241e-01
    3.28595102e-01 7.40215421e-01 1.63971692e-01 6.91822529e-01
    5.42322695e-01 5.09242415e-02 6.27872586e-01 4.49496210e-01
    6.86354637e-01 9.23701048e-01 6.75950825e-01 6.49233878e-01
    1.62020266e-01 9.30162549e-01 9.70891118e-01 1.91361725e-01
    6.36571050e-01 6.67675257e-01 9.86809492e-01 3.53146195e-01
    5.32672465e-01 8.23844254e-01 9.96690989e-03 4.82815921e-01
    2.97074974e-01 3.49780202e-01 7.84400761e-01 8.43228459e-01
    3.05773020e-01 3.23254555e-01 6.26349032e-01 1.35945737e-01
    1.94580466e-01 7.44691432e-01 4.87449467e-02 6.16791546e-01
    8.48736882e-01 6.52378500e-01 1.88046694e-02 6.61005855e-01
    4.20085907e-01 8.26117039e-01 5.25416136e-02 8.16579342e-01
    7.27882385e-01 9.76422548e-01 8.38268638e-01 9.97511506e-01
    4.44490045e-01 4.03535157e-01 8.73556495e-01 9.01648164e-01
    9.13103104e-01 5.18005729e-01 7.41652071e-01 9.62650478e-02
    1.24458224e-01 9.34848070e-01 9.21265602e-01 5.70029199e-01
    9.55205441e-01 3.81098479e-01 5.77233791e-01 7.96801805e-01
    8.77087176e-01 1.92791253e-01 1.01780534e-01 5.32726526e-01
    3.69106680e-01 9.84658599e-01 1.11941248e-01 1.78739011e-01
    1.47470385e-01 7.93735027e-01 2.68331319e-01 2.44735211e-01
    9.26880121e-01 8.41962218e-01 8.38176250e-01 7.75929689e-01
    7.25319147e-01 1.12064481e-01 8.18234324e-01 4.81597453e-01
    3.55111569e-01 2.94365287e-01 6.85558617e-02 9.87838030e-01
    4.37455446e-01 3.24586093e-01 3.68783355e-01 3.45518738e-01
    7.27886677e-01 5.32220483e-01 3.54512334e-01 4.70887065e-01
    9.79038477e-01 5.45230210e-02 7.01080322e-01 5.91614783e-01
    7.99583673e-01 4.76078242e-01 3.43830764e-01 9.63454247e-01
    5.58148980e-01 3.91624242e-01 2.54396558e-01 1.26096636e-01
    1.12384856e-02 7.83915758e-01 1.51012331e-01 3.61590445e-01
    1.96297526e-01 2.99811125e-01 7.08349526e-01 7.47406542e-01
    3.60865116e-01 8.81777585e-01 9.68278289e-01 3.11502874e-01
    8.35052967e-01 9.50857401e-02 2.86870390e-01 1.30956531e-01
    3.94517392e-01 4.58724469e-01 2.61010230e-01 3.11068773e-01
    1.15447342e-01 1.17255539e-01 6.07593656e-01 4.82941926e-01
    4.34633583e-01 5.92862129e-01 1.12438321e-01 2.75127798e-01
    4.42183733e-01 9.69318330e-01 3.18667710e-01 7.73070574e-01
    8.63595724e-01 3.03166360e-01 1.39183342e-01 3.19355190e-01
    6.30438924e-01 7.09684789e-01 2.48252600e-01 2.91676611e-01
    4.20071304e-01 2.58997262e-01 4.94450897e-01 7.67434955e-01
    2.23428100e-01 5.88002622e-01 9.49285984e-01 5.91913462e-01
    7.61814833e-01 8.59662712e-01 3.23492795e-01 5.38354993e-01
    4.07587886e-01 9.76702690e-01 2.08445430e-01 5.85539639e-01
    6.48614585e-01 3.34538221e-02 1.14612579e-01 3.82758766e-01
    3.14572096e-01 1.59504503e-01 5.45145094e-01 8.86160851e-01
    2.22826332e-01 6.12185299e-01 4.70490664e-01 9.84319389e-01
    9.96205091e-01 6.23230040e-02 4.63694930e-01 2.25032270e-02
    1.90500289e-01 5.39908051e-01 5.07556260e-01 9.53098893e-01
    7.10069120e-01 3.87837172e-01 1.76906139e-01 1.65954232e-01
    7.69308984e-01 7.04545557e-01 7.48914778e-01 3.25941861e-01
    2.09514290e-01 7.98098564e-01 6.26794457e-01 9.18039441e-01
    4.95754063e-01 4.92402434e-01 9.38829780e-03 7.19234526e-01
    7.17966735e-01 9.22845006e-02 5.42632818e-01 3.54007781e-02
    5.40196180e-01 2.82231361e-01 1.94858313e-01 3.40694875e-01
    8.83306563e-01 9.94499922e-01 2.96461225e-01 1.94395453e-01
    8.50674152e-01 8.50877166e-02 8.38357389e-01 5.45753956e-01
    9.17362571e-01 8.84824991e-03 3.71415555e-01 7.96133876e-01
    5.31058311e-01 1.65488422e-01 8.06712866e-01 9.93328929e-01
    5.02476633e-01 1.82055771e-01 6.30995214e-01 3.52561235e-01
    5.27609468e-01 7.27951407e-01 7.23578811e-01 4.06892121e-01
    8.03649604e-01 8.19126844e-01 9.45020318e-02 1.42214388e-01
    3.87986064e-01 5.04843175e-01 4.12440419e-01 4.45571333e-01
    9.72319186e-01 7.26103902e-01 6.67842388e-01 9.88552272e-01</data></test_img>
<my_img type_id="opencv-matrix">
  <rows>128</rows>
  <cols>256</cols>
  <dt>f</dt>
  <data>
    7.65426576e-01 1.15562642e+00 9.73311186e-01 6.59896135e-02
    3.77552867e-01 4.02327716e-01 3.76712263e-01 1.38108158e+00
    1.53930902e+00 1.99914098e-01 7.70636857e-01 1.16470981e+00
    3.95758629e-01 1.50048399e+00 1.34404182e+00 -1.18806571e-01
    1.90670252e+00 -3.21394384e-01 1.13337469e+00 1.91660714e+00
    1.07703209e+00 -2.91155219e-01 9.16385531e-01 1.15776706e+00
    1.35191798e+00 1.53285551e+00 -5.61441064e-01 8.12700808e-01
    6.63069546e-01 4.26985323e-01 5.71644962e-01 -1.73739582e-01
    1.74374223e+00 -1.04978204e-01 1.45788932e+00 3.58421803e-01
    1.82011724e-01 1.61295497e+00 8.67638886e-01 1.53098726e+00
    -1.97147131e-01 1.23956692e+00 3.34443659e-01 1.69004321e+00
    1.62195861e+00 6.67782843e-01 1.22970784e+00 1.28717709e+00
    1.53918123e+00 1.45740867e+00 6.38789713e-01 1.50978589e+00
    6.90393329e-01 1.40754795e+00 9.94819760e-01 1.96919382e+00
    -5.75510085e-01 2.03343129e+00 -1.24363065e-01 2.41602838e-01
    1.45465446e+00 1.88615322e-01 4.75716114e-01 9.78815556e-03
    -2.34020978e-01 4.54968572e-01 1.50561976e+00 9.40100133e-01
    1.75754070e+00 5.62963545e-01 1.13397408e+00 1.57483625e+00
    6.86805367e-01 9.82949495e-01 1.36097598e+00 1.10089719e-01
    -2.01507211e-02 8.80316377e-01 2.12666988e-02 1.48248172e+00
    -7.95213282e-02 7.11872101e-01 -1.46271825e-01 5.39295793e-01
    1.18036008e+00 8.10158312e-01 5.56616187e-01 2.11971188e+00
    -2.51404881e-01 8.11050773e-01 1.51726604e+00 8.10898483e-01
    9.98024881e-01 1.36390638e+00 1.78408885e+00 2.89789259e-01
    3.46147358e-01 2.86104739e-01 6.35003150e-01 9.84865427e-02
    1.91774035e+00 8.59880447e-02 1.40005469e+00 1.01638913e+00
    6.77640736e-01 6.42687201e-01 5.80312610e-02 8.29436541e-01
    1.90342259e+00 1.52660847e+00 1.45091546e+00 1.77985597e+00
    -3.53567272e-01 1.30301785e+00 1.16372275e+00 4.06620860e-01
    1.18524957e+00 1.40322900e+00 9.00530934e-01 6.15971088e-01
    6.44663453e-01 1.75092101e-01 1.08883214e+00 6.84902072e-01
    -2.48917893e-01 4.20239389e-01 -3.03379774e-01 2.01835299e+00
    -4.77922380e-01 1.74476099e+00 1.73090291e+00 1.53369606e+00
    1.90157294e-01 -4.12841141e-01 1.13897562e+00 1.14123321e+00
    -3.29376459e-01 1.19438946e-01 5.92581630e-01 2.14271814e-01
    -4.02573615e-01 2.05321550e+00 -1.22019619e-01 1.06152296e-01
    1.29594326e+00 -4.75631237e-01 6.00442052e-01 -3.04741859e-01
    1.55192590e+00 -4.06838000e-01 -1.99025303e-01 -1.77123368e-01
    1.78092837e+00 -7.24032223e-02 -1.00640208e-01 7.76172757e-01
    1.88288045e+00 7.56768763e-01 8.68374348e-01 1.89725459e-01
    1.84593153e+00 3.92181158e-01 -4.94098663e-02 1.48212051e+00
    1.83225775e+00 1.24606740e+00 -5.35178065e-01 8.11334252e-01
    -3.51459622e-01 4.98453200e-01 1.52132869e+00 1.82865560e+00
    1.73373103e-01 1.90205908e+00 6.21383250e-01 8.81560147e-01
    6.97556973e-01 5.47173440e-01 1.11535001e+00 9.52386558e-01
    7.65982270e-01 4.56148803e-01 1.01590466e+00 3.27217162e-01
    -8.41769576e-02 1.59069204e+00 7.52558589e-01 1.20225763e+00
    1.66318965e+00 -2.27602765e-01 1.46109164e-02 1.98954988e+00
    1.14172292e+00 5.09392858e-01 1.19515657e-01 5.82080066e-01
    1.22243536e+00 -4.13273543e-01 1.36069864e-01 1.38049197e+00
    7.37858772e-01 2.05356240e-01 1.10619605e-01 1.48806834e+00
    6.33397222e-01 1.38669538e+00 4.94092733e-01 4.76023853e-01
    4.52349305e-01 7.64128983e-01 2.06325126e+00 8.86440277e-03
    1.42605150e+00 2.08735466e+00 -7.06556439e-02 1.01217270e-01
    1.14391327e+00 2.25999236e-01 1.47665977e+00 1.53206038e+00
    1.88915145e+00 4.20225263e-01 1.34899586e-01 -1.31438643e-01
    -6.79383576e-02 3.73118848e-01 5.95279872e-01 1.40914154e+00
    7.36199856e-01 6.55921459e-01 5.25239348e-01 -5.79827130e-02
    1.17073047e+00 1.44158155e-01 8.67282748e-02 1.25948220e-01
    -1.47092268e-01 3.70781749e-01 1.64030886e+00 2.90882647e-01
    -3.39083374e-02 1.60173464e+00 1.82842731e+00 1.67353809e-01
    1.42928886e+00 1.51983929e+00 1.53021705e+00 -2.33942688e-01
    1.66684127e+00 1.37031674e+00 4.23449516e-01 3.60130519e-01
    2.18551308e-01 -6.38832450e-02 4.02743876e-01 2.26011848e+00
    1.45505023e+00 -1.20560527e-02 1.31029677e+00 1.55161822e+00
    1.15443909e+00 1.48817122e-01 1.61250067e+00 1.02523923e+00
    1.81944191e-01 -4.87230301e-01 -1.43490195e-01 1.27365959e+00
    -5.98989844e-01 2.61110663e-02 5.30549347e-01 6.40423954e-01
    5.92130899e-01 8.43044162e-01 -4.96819407e-01 -5.40605068e-01
    1.54038835e+00 3.84680033e-02 7.39865124e-01 6.93618178e-01
    1.35943913e+00 6.61763787e-01 6.03075087e-01 1.31656682e+00
    -9.26932693e-02 1.62772536e+00 -1.21298909e-01 1.55328643e+00
    -4.53662366e-01 1.56419373e+00 1.44812191e+00 3.32297444e-01
    -6.67790890e-01 1.63352108e+00 -1.92160845e-01 1.06036675e+00
    -3.59107792e-01 4.06171739e-01 -9.08522010e-02 -3.03007454e-01
    3.69300842e-01 8.47423434e-01 1.02208698e+00 1.46416759e+00
    5.28065681e-01 1.00683856e+00 9.44486380e-01 1.02176714e+00
    1.10989475e+00 1.04679859e+00 7.55921245e-01 -6.19823158e-01
    8.33092630e-01 1.51490521e+00 9.98703957e-01 1.74619424e+00
    5.07522225e-02 1.10202050e+00 1.36170292e+00 -2.50521719e-01
    1.10115266e+00 1.16283429e+00 1.19945002e+00 1.30867362e-01
    9.90584731e-01 -4.52170342e-01 4.52275097e-01 -3.56424540e-01
    3.53299022e-01 1.74577415e+00 5.81823468e-01 1.59700847e+00
    7.01092899e-01 1.75392914e+00 9.23990667e-01 1.97180271e-01
    8.76688778e-01 -3.70036125e-01 2.24503994e-01 1.59102511e+00
    5.78228295e-01 1.51696682e+00 2.33473539e-01 -1.78569019e-01
    -1.11460477e-01 -5.45135140e-01 1.58025622e+00 1.06162608e+00
    7.77647078e-01 1.08369648e-01 -2.86200821e-01 1.60798693e+00
    1.13064337e+00 4.20655966e-01 1.87957346e-01 -3.52738857e-01
    2.78557956e-01 3.92128289e-01 5.43985605e-01 -2.36079454e-01
    6.45597577e-01 4.19215679e-01 3.20594668e-01 -2.91360795e-01
    1.69740820e+00 -7.42896199e-01 6.73702955e-01 1.42067111e+00
    -1.61916435e-01 1.47922492e+00 1.61045420e+00 -8.40502977e-02
    1.42861736e+00 1.45273185e+00 2.42165565e-01 8.42734575e-01
    2.12480426e-02 1.18106997e+00 -4.23442125e-01 1.59144163e+00
    5.37527263e-01 5.31352282e-01 9.73887444e-01 -7.43931532e-02
    3.42249274e-02 3.22183311e-01 -3.86781782e-01 1.05029774e+00
    1.76808810e+00 1.22123742e+00 1.04103160e+00 1.30606341e+00
    -3.13131571e-01 6.96025312e-01 1.21950829e+00 1.13744915e-01
    -5.46551108e-01 3.51994038e-01 1.72144628e+00 -2.47331738e-01
    4.39431250e-01 8.75020742e-01 1.57243061e+00 -7.52664804e-02
    -1.12607241e-01 1.65597820e+00 1.89961839e+00 4.43295836e-01
    5.03494442e-01 1.28712511e+00 1.48526549e+00 2.44537950e-01
    1.73732495e+00 1.17837477e+00 2.55378962e-01 -6.55949116e-02
    1.49634171e+00 5.52113414e-01 1.67781425e+00 -1.60079122e-01
    1.26012135e+00 7.96297848e-01 1.77139533e+00 1.58253694e+00
    8.47989321e-01 -4.69890505e-01 -6.93027973e-02 7.74239719e-01
    -4.63122457e-01 3.91907752e-01 4.73260343e-01 4.64528203e-02
    1.44253886e+00 1.39090073e+00 1.52359605e+00 -7.23052084e-01
    5.13675988e-01 1.34245181e+00 5.89783788e-01 1.92489982e-01
    6.67160749e-01 9.10320640e-01 -2.25354254e-01 3.91817093e-02
    4.68309820e-01 -5.63947797e-01 -4.69094664e-01 3.79000664e-01
    1.24008036e+00 4.09466028e-02 8.69461894e-01 1.54045832e+00
    1.52990007e+00 7.33177841e-01 -1.07784033e-01 4.39992368e-01
    3.13318789e-01 9.30630267e-01 -7.44580626e-02 6.26844108e-01
    5.13271928e-01 7.43068933e-01 4.07299191e-01 -5.04606128e-01
    1.39789283e+00 -6.06315136e-02 7.68243909e-01 -1.47737086e-01
    -5.96051455e-01 1.46961868e-01 -2.86693305e-01 9.24363971e-01
    1.12133765e+00 1.41546392e+00 -5.80543518e-01 -2.68179417e-01
    8.94606590e-01 4.01805580e-01 -4.17182386e-01 -2.42911875e-02
    -4.47940022e-01 1.09110701e+00 4.52265024e-01 -4.04493898e-01
    7.59997964e-01 -6.17178082e-01 6.25214338e-01 4.45369005e-01
    5.45776963e-01 -4.77187097e-01 -2.25064278e-01 1.55687094e+00
    9.93460417e-02 -2.85571307e-01 1.05978155e+00 1.03499460e+00
    -5.57855904e-01 7.21039355e-01 6.63992643e-01 8.10962796e-01
    1.06793272e+00 1.56901526e+00 -2.20888019e-01 1.80919349e-01
    -4.13297951e-01 3.38725924e-01 -3.32249284e-01 -4.63541985e-01
    1.87520504e+00 9.94737387e-01 1.81238830e-01 -3.76877576e-01
    1.48721540e+00 4.60012913e-01 3.68162096e-01 1.40368462e+00
    1.20644116e+00 3.49212289e-01 5.45125604e-02 -2.35556483e-01
    -2.14634895e-01 1.62632203e+00 8.59547615e-01 7.52875805e-01
    1.02943158e+00 4.45048094e-01 -3.21878999e-01 1.40372956e+00
    -5.03657639e-01 -1.10514253e-01 -3.04296017e-02 1.45984113e+00
    8.67710829e-01 4.14185643e-01 8.45728755e-01 1.70245123e+00
    -5.50821424e-01 5.94356000e-01 9.43802595e-01 -1.35106742e-01
    1.08542311e+00 8.08443069e-01 6.19330168e-01 1.31288838e+00
    1.57585335e+00 -6.28085971e-01 -2.76200235e-01 1.19791865e+00
    1.42211318e+00 -3.63485813e-02 2.62905359e-02 -4.59073424e-01
    1.22015572e+00 2.26164937e-01 3.14227104e-01 1.13646388e+00
    1.22425497e-01 -3.48469853e-01 1.15761006e+00 -1.49934530e-01
    1.54801023e+00 7.00188637e-01 1.46281660e+00 -1.02019632e+00
    4.40840721e-01 9.49702621e-01 1.45382249e+00 -3.99131984e-01
    6.95294797e-01 -6.26325607e-01 9.21981692e-01 -7.60661483e-01
    -7.23187685e-01 1.52752757e+00 1.50035989e+00 1.54835248e+00
    2.36014724e-01 1.47705162e+00 4.18166757e-01 -6.06947541e-01
    5.11011004e-01 7.34175503e-01 9.59173918e-01 -3.60569775e-01
    6.02564633e-01 -2.77383626e-01 -1.20770574e-01 2.21108675e-01
    9.12214279e-01 -9.17339921e-02 5.69912672e-01 3.48761201e-01
    3.67610931e-01 1.00136113e+00 -1.02942407e-01 4.17008162e-01
    -3.55746925e-01 1.11445856e+00 -3.89866948e-01 4.91411150e-01
    -5.37133753e-01 1.77913284e+00 6.53729796e-01 5.26169896e-01
    7.06713438e-01 6.68191791e-01 8.05994034e-01 -7.70585179e-01
    5.18687487e-01 1.42739117e+00 1.36545527e+00 1.45724773e+00
    1.62390780e+00 1.53005540e-01 1.06543064e+00 4.18013036e-01
    -1.76432610e-01 2.87330091e-01 -2.57428169e-01 1.75471830e+00
    9.32934105e-01 -4.00720745e-01 -5.88334203e-01 8.66156101e-01
    -3.19529772e-02 1.54310477e+00 -9.89677489e-01 1.05601144e+00
    9.27256703e-01 1.31970882e+00 8.84599984e-01 -1.55299664e-01
    -2.90992260e-01 4.72383976e-01 1.10672486e+00 -1.32644057e-01
    -4.24952328e-01 4.76331949e-01 1.40860641e+00 1.26254678e-01
    9.53105867e-01 1.25360882e+00 -5.22427976e-01 -1.07221663e-01
    1.68337584e-01 -2.71117866e-01 -3.92968774e-01 -2.36997604e-01
    1.32658494e+00 8.86286795e-01 1.65559173e+00 5.67610443e-01
    7.74735749e-01 4.51791167e-01 1.31196463e+00 6.88907444e-01
    1.48754501e+00 1.33899713e+00 1.17297769e+00 3.31314623e-01
    9.42414761e-01 4.00254607e-01 -1.92950785e-01 9.35504377e-01
    -5.50279558e-01 -5.89768589e-01 1.36579132e+00 -2.39047348e-01
    -7.47587681e-02 6.09358549e-02 9.30342793e-01 5.01010418e-01
    -2.52090096e-02 9.47939396e-01 1.70118570e+00 -2.38526464e-01
    -3.58252764e-01 1.64660501e+00 -6.26869798e-01 -1.66013658e-01
    7.11220324e-01 1.56138420e+00 1.46916723e+00 1.33149290e+00
    9.57109451e-01 4.04372871e-01 1.27982593e+00 1.54319692e+00
    -7.11088181e-02 -2.47047365e-01 2.73112118e-01 -2.48621523e-01
    1.27723789e+00 2.91734099e-01 1.69846153e+00 -6.08520150e-01
    1.45859027e+00 1.27586722e+00 8.08675289e-01 1.45994258e+00
    9.59654570e-01 1.13377512e+00 6.28598750e-01 -1.23566568e-01
    1.23978734e+00 1.01894879e+00 1.39944732e-01 8.89679193e-01
    -5.51571965e-01 5.33097863e-01 1.35652328e+00 5.55176020e-01
    -2.70129383e-01 1.45470881e+00 1.66542983e+00 1.61459303e+00
    -6.44250929e-01 -5.28428555e-01 -3.01802933e-01 -1.62300915e-01
    4.59383547e-01 1.36360848e+00 -6.68876886e-01 1.57672453e+00
    2.20791698e-02 -2.61456966e-02 1.05908227e+00 -7.20746040e-01
    7.99988151e-01 -2.07266092e-01 5.64055204e-01 1.59503841e+00
    1.51773810e+00 -4.13140059e-02 1.22754860e+00 1.04145408e+00
    1.72144067e+00 -7.30297267e-01 3.77956331e-01 1.29934621e+00
    4.09629345e-01 1.10712636e+00 1.39323473e+00 -4.85755742e-01
    4.95905399e-01 7.99454153e-01 1.43574095e+00 1.66812730e+00
    2.76492715e-01 4.41330254e-01 -2.88450241e-01 1.27745986e+00
    -8.50532055e-02 -5.88755608e-01 6.29821539e-01 6.30177736e-01
    -7.79250383e-01 1.59676468e+00 7.96574950e-02 -4.95111942e-01
    3.09797406e-01 3.33610356e-01 3.50269496e-01 3.05571556e-02
    8.12843382e-01 9.45484281e-01 1.71800435e+00 4.56080675e-01
    -3.27456653e-01 5.44587135e-01 1.00394726e-01 -3.00004095e-01
    1.45998538e-01 1.52289116e+00 1.65548873e+00 -7.79653609e-01
    8.64389002e-01 1.12448394e+00 8.31617832e-01 1.30546570e+00
    7.93136716e-01 4.69443858e-01 3.31267595e-01 6.71628952e-01
    -2.15073347e-01 1.65318191e-01 1.93723559e-01 9.87675428e-01
    8.79052401e-01 6.27242923e-01 -3.65041077e-01 7.96279967e-01
    -1.67435408e-01 -6.74819112e-01 9.02005434e-02 -2.63539404e-01
    -7.02306807e-01 1.21280873e+00 1.10422361e+00 5.61392307e-03
    3.67258310e-01 -4.23618823e-01 1.69285059e+00 1.42661452e+00
    -7.97017992e-01 1.43651712e+00 -1.28990591e-01 3.64574075e-01
    9.68729019e-01 -9.53217149e-02 -5.65519512e-01 6.38544142e-01
    -5.24151206e-01 1.39525390e+00 8.11367214e-01 2.14468956e-01
    4.76923883e-01 -1.54531121e-01 8.24508905e-01 1.06816995e+00
    1.22787547e+00 -2.01299846e-01 3.25638294e-01 5.88082731e-01
    3.64915729e-02 1.21939588e+00 -4.97657716e-01 1.94158256e+00
    1.54644024e+00 -1.64800704e-01 -7.59696722e-01 8.93214762e-01
    -1.78728461e-01 1.17252350e+00 1.45772982e+00 6.21069789e-01
    1.41243100e+00 6.45805717e-01 3.55469286e-01 2.10473239e-01
    1.43379354e+00 1.14124477e+00 1.49133039e+00 -7.22542942e-01
    5.83780229e-01 1.53483486e+00 -6.76097691e-01 1.01279473e+00
    -1.62741303e-01 1.63107872e+00 -1.68559849e-01 1.36346996e-01
    -9.75149870e-03 1.09223545e+00 7.97168672e-01 5.36692321e-01
    -6.76965117e-01 1.73833036e+00 -8.72354031e-01 3.83038521e-02
    -1.60801828e-01 4.46763515e-01 5.58778107e-01 1.38120997e+00
    5.97496867e-01 1.20442986e+00 1.09746718e+00 -9.96843576e-02
    5.37027001e-01 9.42126036e-01 7.75438190e-01 5.68770409e-01
    3.18386018e-01 3.62528980e-01 -2.17107534e-02 -1.91347599e-02
    8.02890360e-01 -2.78863907e-02 -5.51516771e-01 1.63319826e+00
    6.18356287e-01 7.16226399e-01 7.39108503e-01 1.46977806e+00
    -7.87483633e-01 -4.82837111e-01 -1.96855038e-01 2.44969964e-01
    5.01241922e-01 1.29448557e+00 1.19118929e+00 1.21009934e+00
    1.70786250e+00 -2.50526130e-01 1.38533473e-01 1.35260618e+00
    7.86680520e-01 8.71390104e-03 1.47589159e+00 1.04462624e+00
    7.12256432e-02 -4.40146059e-01 -3.99967521e-01 1.63193178e+00
    -2.55777419e-01 7.36388862e-01 -6.57064259e-01 2.95240283e-01
    1.42647827e+00 3.55599642e-01 -4.06739980e-01 -4.17439729e-01
    -1.74998045e-02 -8.57012808e-01 3.90432060e-01 1.04831886e+00
    -3.84684652e-01 -6.33474827e-01 1.88992107e+00 8.20709050e-01
    8.72549117e-01 6.83871210e-01 1.07705307e+00 1.16469646e+00
    -3.03457379e-02 -4.36392456e-01 1.49114680e+00 1.56806946e+00
    -7.88073301e-01 6.07469797e-01 -4.05858964e-01 -1.50733709e-01
    -4.64014083e-01 -1.49556637e-01 8.83130550e-01 7.31683135e-01
    8.17815065e-02 1.00603867e+00 -8.69886279e-01 5.20061076e-01
    -2.83086777e-01 6.65782332e-01 7.99743474e-01 7.85408258e-01
    6.37417495e-01 8.66073012e-01 1.15700328e+00 4.40049112e-01
    4.29696023e-01 1.62740326e+00 -8.33568931e-01 8.93910646e-01
    8.50213110e-01 4.14913535e-01 1.17065346e+00 -9.30862427e-02
    -4.88691539e-01 1.12726212e+00 4.80039120e-01 9.96292710e-01
    -1.29351854e-01 -7.96385050e-01 1.55026174e+00 -6.31165147e-01
    -5.78657985e-02 8.03228617e-01 7.16992021e-02 -4.89258260e-01
    3.76581967e-01 3.85503173e-01 -5.70007443e-01 1.20068181e+00
    1.40964890e+00 -2.98858881e-02 6.53038800e-01 7.05152988e-01
    3.73770654e-01 -8.95952582e-02 1.06231248e+00 1.59241176e+00
    7.15076923e-02 5.61158240e-01 1.38619709e+00 5.94637394e-01
    7.98510790e-01 1.49109507e+00 -3.93816680e-01 -3.01733464e-01
    -7.34831452e-01 1.72206366e+00 1.13368642e+00 -8.28969538e-01
    1.28629398e+00 1.58115613e+00 1.72888815e-01 1.22308993e+00
    -2.36507744e-01 -1.00504935e-01 -4.39203382e-02 1.73197603e+00
    -6.54916286e-01 7.50942349e-01 1.55051076e+00 -8.55461955e-02
    5.97207010e-01 1.39107347e-01 7.08393455e-02 6.28749073e-01
    -2.74971128e-01 1.58706999e+00 1.05752206e+00 5.17624497e-01
    1.22452414e+00 3.56206298e-01 1.42831421e+00 1.59154916e+00
    -5.32893836e-01 -5.84638953e-01 1.71611881e+00 3.37147772e-01
    6.47289157e-01 -7.11078644e-01 7.48625875e-01 5.78629076e-01
    -2.33966604e-01 1.08029008e+00 -2.07767814e-01 5.81580222e-01
    4.76229727e-01 2.63227582e-01 1.07379591e+00 -2.45299220e-01
    1.63452566e+00 -1.83205605e-01 1.42924058e+00 -4.70672846e-02
    9.22320127e-01 -8.71722221e-01 1.55263627e+00 6.04096770e-01
    1.14199781e+00 4.30283070e-01 9.62943852e-01 1.70712996e+00
    -3.73414934e-01 -3.06588411e-03 1.07520604e+00 6.76546156e-01
    1.18873942e+00 1.09590316e+00 1.32981908e+00 7.01114535e-02
    1.51412821e+00 1.05503201e+00 1.05318034e+00 1.09193432e+00
    3.16900015e-01 5.95022440e-02 -4.03673321e-01 -2.91567385e-01
    1.32594323e+00 -7.78217137e-01 1.76145983e+00 1.20386183e-01
    4.92572188e-01 6.36175811e-01 3.07598352e-01 1.75227499e+00
    -6.32066727e-02 1.67083383e+00 -5.05428433e-01 1.08037353e+00
    2.48769581e-01 1.04874372e+00 -4.61285114e-01 1.54038620e+00
    1.63386464e-02 7.12359726e-01 1.86821163e-01 -4.37716842e-01
    -4.26140338e-01 7.80113459e-01 -1.01238608e-01 1.10380411e-01
    -5.28558314e-01 1.40066266e+00 1.34529865e+00 -3.83856177e-01
    -3.25467378e-01 -5.20864904e-01 -1.96316838e-01 1.08270347e+00
    -4.24044192e-01 1.17381549e+00 -2.35560417e-01 1.44662702e+00
    -3.49471569e-01 -2.95634747e-01 1.24177408e+00 1.05972290e+00
    -3.11962366e-01 3.73525977e-01 1.00250340e+00 3.40908170e-01
    1.55436146e+00 1.10190237e+00 2.48620570e-01 8.82285416e-01
    8.62430453e-01 3.88728619e-01 1.13424075e+00 -2.32212543e-02
    1.61028862e+00 1.00928092e+00 1.18335104e+00 -7.73489475e-04
    5.64026833e-01 1.72302341e+00 -8.60336065e-01 1.35154283e+00
    1.34419227e+00 -7.39140213e-01 8.68960500e-01 1.50410235e+00
    -1.83340967e-01 -4.69869971e-02 -3.64624202e-01 -6.55847788e-02
    -3.24343950e-01 1.50431037e+00 1.67772830e-01 -1.91502869e-01
    1.52701807e+00 7.08574176e-01 -1.67154074e-01 4.32781816e-01
    9.37586844e-01 -6.00197315e-01 -2.02623844e-01 -2.57437944e-01
    5.52398264e-01 1.18804264e+00 -1.72379911e-01 -3.98690790e-01
    7.97901928e-01 -9.48633552e-02 1.46838713e+00 1.54787898e-01
    -2.66816735e-01 1.16805530e+00 8.52864444e-01 -8.34360123e-02
    6.43764973e-01 -1.27797127e-02 -1.96760416e-01 2.75509357e-01
    1.61294651e+00 1.68079555e-01 9.44662273e-01 1.11250985e+00
    1.44296503e+00 7.90164948e-01 2.98382282e-01 7.45543897e-01
    1.13389993e+00 8.32018256e-02 1.43813217e+00 8.49588573e-01
    3.98418307e-01 1.39668822e+00 4.17473912e-02 5.04530728e-01
    2.63523877e-01 1.82036996e-01 4.19947505e-01 -2.29476601e-01
    2.41711915e-01 -7.07909346e-01 1.19068754e+00 -4.61700797e-01
    -3.09026212e-01 -3.23500037e-02 8.93142164e-01 2.18079686e-01
    4.68088388e-02 1.86335683e+00 -5.27413487e-02 1.70560682e+00
    2.70670891e-01 1.12607241e+00 4.60623324e-01 1.71774089e-01
    5.37268341e-01 8.80103111e-02 1.58834147e+00 6.82492256e-02
    7.15207040e-01 5.81402183e-02 -1.53947413e-01 -5.23431897e-02
    1.89721942e-01 1.76600671e+00 1.67388201e-01 -4.65575844e-01
    -5.09512126e-01 4.78183627e-01 1.78609991e+00 -4.75425810e-01
    8.34838748e-01 -1.98331416e-01 -5.07304430e-01 7.08235800e-01
    3.78900826e-01 -1.06163085e-01 1.43875074e+00 1.56526220e+00
    -4.56974506e-02 1.40412498e+00 -4.94128376e-01 1.87143469e+00
    1.05761290e-01 1.31470108e+00 1.27606797e+00 8.88858914e-01
    1.74420381e+00 -6.58940971e-01 -1.06234491e-01 2.04988480e-01
    3.60711873e-01 5.79772711e-01 8.07884574e-01 7.42480159e-01
    -3.01464736e-01 1.09497166e+00 -5.07853746e-01 6.33705854e-01
    -6.05938792e-01 3.16083312e-01 7.49212027e-01 9.34741080e-01
    3.77791584e-01 4.39738154e-01 3.71116042e-01 1.71107113e-01
    9.74948585e-01 -4.94230986e-02 1.75682497e+00 -6.08720303e-01
    8.72430503e-01 -3.67615253e-01 9.06204045e-01 1.20248818e+00
    -3.29796940e-01 -3.68826807e-01 -1.54189289e-01 -4.42440897e-01
    1.17524099e+00 1.81230903e-01 1.44319022e+00 -4.82132226e-01
    1.09875798e+00 -1.07744396e-01 2.60469437e-01 2.45025098e-01
    5.32163322e-01 1.58773375e+00 9.65422928e-01 -7.93697238e-01
    1.08911157e+00 9.61636543e-01 8.20784092e-01 1.30402637e+00
    -6.71865344e-02 1.77327538e+00 1.24208677e+00 -8.25183570e-01
    1.54677105e+00 1.32663655e+00 -3.76316756e-01 -3.87098193e-01
    5.66668391e-01 2.08891582e+00 -2.76429415e-01 -3.55693161e-01
    -4.82937247e-01 7.03648508e-01 4.44446743e-01 2.52532959e-02
    1.68483031e+00 -5.47546029e-01 1.44945383e-02 3.48602533e-01
    1.25379968e+00 3.75619769e-01 1.15451312e+00 1.26073706e+00
    1.38738596e+00 -6.63884282e-02 -7.15619326e-02 4.00046527e-01
    1.86388254e-01 1.04408848e+00 1.09873676e+00 9.79465365e-01
    5.17094135e-03 -3.65284353e-01 9.93743539e-02 1.08056486e-01
    -5.92069268e-01 1.44926095e+00 1.13280416e-02 1.61110735e+00
    -2.96736062e-01 3.98132503e-01 1.42724538e+00 7.40829170e-01
    -8.22257519e-01 4.19896603e-01 1.53517199e+00 2.93914855e-01
    -3.01145911e-02 1.23673511e+00 -3.66311073e-02 1.60636902e-02
    1.16297185e+00 -6.75387800e-01 8.26470375e-01 -1.31215632e-01
    -1.08351111e-01 -1.83958888e-01 1.12854409e+00 -2.09276676e-01
    3.76929879e-01 1.84425545e+00 -5.58942795e-01 1.72613716e+00
    1.79781008e+00 2.45567620e-01 -3.23091567e-01 -5.37346423e-01
    1.52599752e-01 1.02055955e+00 -9.83083248e-03 1.33109593e+00
    -4.97329056e-01 1.13917434e+00 1.63095450e+00 2.78442800e-01
    3.38528752e-02 1.54750896e+00 1.44474518e+00 9.16814923e-01
    1.44534278e+00 1.45945191e+00 -7.94683993e-01 1.41776395e+00
    5.29750407e-01 1.19261825e+00 -1.85398042e-01 1.54034543e+00
    5.46320200e-01 1.02367043e+00 -4.91658986e-01 1.34849608e+00
    3.15487385e-01 9.86615539e-01 1.68211055e+00 -1.34650350e-01
    -4.04324353e-01 -1.13805532e-02 1.58258450e+00 4.47810352e-01
    2.85012186e-01 -4.09606457e-01 1.40661716e+00 7.98375905e-01
    -4.32341695e-01 1.14074540e+00 -1.07637167e-01 1.15462029e+00
    1.37916815e+00 4.29278553e-01 3.53718996e-02 7.64155149e-01
    1.40271723e+00 5.88423491e-01 -2.93710470e-01 -3.49423975e-01
    1.01413655e+00 6.51747882e-01 1.35533428e+00 -5.25956571e-01
    1.36036599e+00 1.61761773e+00 2.43709564e-01 6.34161651e-01
    5.98906994e-01 8.35506797e-01 1.71363950e-01 4.49705303e-01
    1.13535166e+00 1.40715790e+00 -6.79763079e-01 1.27954185e+00
    8.42182398e-01 5.12547493e-01 1.51841176e+00 -6.78279817e-01
    4.33577418e-01 9.87097979e-01 1.19041300e+00 1.42200577e+00
    1.32720053e-01 6.38598919e-01 9.63261306e-01 1.90716445e-01
    -6.25436902e-01 -3.45104337e-02 1.44415736e-01 -5.78474522e-01
    -6.58814251e-01 1.47139120e+00 1.50563908e+00 -7.35877454e-01
    1.12390947e+00 8.99126768e-01 -6.01731062e-01 5.68894386e-01
    1.55195308e+00 -3.18122983e-01 6.84654295e-01 -2.50537843e-01
    1.11531520e+00 1.60533643e+00 1.63364398e+00 1.83231890e-01
    -1.90897733e-01 8.21897626e-01 7.38066494e-01 -5.69037557e-01
    1.65500879e+00 -1.01214647e-02 1.11901283e-01 -4.29095209e-01
    1.50010109e-01 1.64352274e+00 1.85920179e-01 3.76628041e-01
    3.58181953e-01 1.16671169e+00 -6.91722155e-01 1.11870503e+00
    2.98500478e-01 -6.71276212e-01 9.36370909e-01 -2.70222694e-01
    -1.41885906e-01 -5.35522640e-01 1.30367649e+00 -1.06254816e-02
    1.31430531e+00 1.10832310e+00 -6.00470364e-01 -1.15673542e-02
    4.02684510e-01 6.87208891e-01 1.21324253e+00 4.35444891e-01
    -1.71640396e-01 1.57651711e+00 7.33268499e-01 1.00711668e+00
    6.05787516e-01 1.65757477e-01 -4.53112394e-01 9.87128913e-01
    4.86803055e-03 -5.67543983e-01 1.11237001e+00 -6.23209357e-01
    -4.02085543e-01 1.54672098e+00 -3.66746694e-01 6.37394190e-03
    1.64085317e+00 5.35172701e-01 -6.54710531e-01 6.84840262e-01
    1.71146953e+00 1.13982224e+00 1.17163384e+00 9.99197245e-01
    1.40704226e+00 1.19445825e+00 -5.52362978e-01 -4.88991171e-01
    -3.41719389e-02 7.71613896e-01 1.14463532e+00 4.72745299e-02
    -3.46484780e-01 6.10642135e-01 1.16386127e+00 -7.16982663e-01
    9.16644931e-01 2.98178732e-01 -3.61825168e-01 1.01798761e+00
    1.89430118e-02 8.54080021e-01 1.74503100e+00 -5.11882901e-02
    -1.48619890e-01 1.48622525e+00 -4.10849035e-01 -4.33590084e-01
    1.21362007e+00 6.80487752e-01 1.34827256e+00 -3.61602873e-01
    -5.46795011e-01 1.36359799e+00 7.10495532e-01 -5.49387932e-02
    3.49550843e-02 6.67782187e-01 1.91699624e-01 3.42920721e-01
    5.13388515e-02 -1.36090159e-01 3.85361731e-01 3.19156528e-01
    1.20566797e+00 -5.97858071e-01 9.81244624e-01 1.42015052e+00
    -4.10584211e-02 2.10289299e-01 5.32589138e-01 -2.70801753e-01
    5.32901287e-01 2.96955228e-01 9.28358257e-01 -6.76404834e-02
    2.44120598e-01 -6.16908073e-01 6.58470213e-01 5.03448606e-01
    1.47997594e+00 -2.00955868e-01 -1.38253808e-01 1.42241216e+00
    7.26446033e-01 -5.13894618e-01 1.52102375e+00 1.56269479e+00
    -8.34969521e-01 2.46122956e-01 7.16028214e-01 4.24797714e-01
    2.04201400e-01 2.74780989e-02 1.78367651e+00 5.61702847e-02
    -1.41876519e-01 9.32352006e-01 -7.47756958e-02 1.01074219e-01
    -3.72976184e-01 2.62125134e-01 -3.09600651e-01 1.60582256e+00
    1.29947889e+00 6.35670006e-01 -4.16563928e-01 8.17927778e-01
    9.54876900e-01 1.00043583e+00 -4.56363082e-01 1.46546626e+00
    2.51084387e-01 2.28186369e-01 1.70911813e+00 1.72303391e+00
    4.54950571e-01 -5.97428620e-01 1.92715430e+00 1.60802603e-01
    1.30227089e-01 -6.57435119e-01 1.75864697e+00 -3.96988899e-01
    -2.99188375e-01 1.11340821e+00 1.78939986e+00 1.35457158e+00
    -7.58800507e-01 1.72492409e+00 5.42435646e-02 9.60794866e-01
    -5.73587418e-03 5.87686241e-01 -5.00076354e-01 9.07547176e-01
    -1.57548308e-01 7.53107846e-01 1.11480916e+00 -7.43779421e-01
    -7.45248795e-02 -1.11827075e-01 8.22423756e-01 -6.86039090e-01
    7.30576277e-01 6.34045839e-01 1.42156458e+00 1.34950590e+00
    -6.61097348e-01 6.70969665e-01 9.40710545e-01 9.04264927e-01
    7.97699928e-01 1.03716242e+00 -1.34208024e-01 -4.15353656e-01
    2.52752304e-02 6.41698420e-01 1.30991101e-01 1.51744831e+00
    1.34598076e-01 7.80972898e-01 -2.20829964e-01 -2.53404081e-01
    -2.67268419e-01 9.39954162e-01 -4.51576978e-01 1.48783374e+00
    -6.89193010e-01 9.57250357e-01 1.37649846e+00 1.55116713e+00
    1.30532074e+00 5.86208403e-01 1.64222217e+00 6.71204329e-02
    1.86148643e-01 6.27947330e-01 5.69400191e-02 1.10003543e+00
    7.54626155e-01 -4.02494788e-01 1.35751140e+00 8.29437375e-01
    4.52969909e-01 1.71156061e+00 2.09050894e-01 1.47913158e+00
    9.71094131e-01 7.31346846e-01 2.05045938e-02 8.53814960e-01
    1.48334348e+00 2.72505581e-01 -7.63250053e-01 6.19647086e-01
    4.72713709e-01 5.35553932e-01 1.16271615e+00 9.33346748e-01
    1.15281391e+00 -1.48726404e-01 -5.23211420e-01 6.69149578e-01
    4.54951704e-01 1.37597156e+00 1.25805938e+00 1.26888001e+00
    1.69093561e+00 1.86995268e-02 -2.64598191e-01 2.66673505e-01
    3.04371357e-01 1.34319544e+00 1.21037698e+00 6.42763495e-01
    5.64991117e-01 1.24945366e+00 2.12318599e-01 -7.27264404e-01
    -3.49057168e-01 -9.02243257e-02 6.94379568e-01 3.95036817e-01
    -1.06343061e-01 -4.03832942e-01 5.12702584e-01 5.06487012e-01
    8.49982500e-02 9.81406450e-01 2.33015895e-01 5.01287341e-01
    -2.89552182e-01 8.85647833e-01 6.90707743e-01 3.33768785e-01
    -1.87489688e-01 9.07598734e-02 2.13764966e-01 3.55840445e-01
    1.14988577e+00 1.41715991e+00 1.39069152e+00 -4.25670624e-01
    4.49466705e-01 -6.40003204e-01 4.35627222e-01 7.67597914e-01
    1.57699907e+00 1.25887525e+00 -5.03978670e-01 1.13033712e+00
    1.32560754e+00 1.23908329e+00 6.36241138e-01 9.94418025e-01
    7.78251290e-01 -2.68294215e-02 9.44395363e-01 -4.75952327e-01
    -9.92609859e-02 1.02372777e+00 6.14052892e-01 1.68603194e+00
    -1.98683739e-02 5.95908046e-01 1.44570470e+00 4.10007358e-01
    4.53652859e-01 1.85466433e+00 4.43129182e-01 1.01675916e+00
    -5.09373665e-01 2.10829318e-01 9.35676932e-01 1.02622151e-01
    -3.37581038e-01 -7.82148302e-01 -5.22861958e-01 -3.44843715e-01
    3.28700483e-01 -5.59140027e-01 8.16313386e-01 1.78323460e+00
    -2.13851929e-01 1.13703871e+00 8.09776783e-02 -4.61312860e-01
    1.60914695e+00 1.11299801e+00 8.77460301e-01 -3.37632746e-01
    1.18959081e+00 -4.79122907e-01 8.73508930e-01 1.41181493e+00
    3.47752810e-01 8.81236374e-01 -1.45705342e-01 1.61015105e+00
    1.54094779e+00 9.37879682e-01 1.48443604e+00 2.06887841e-01
    -6.89151227e-01 -2.69964397e-01 6.18988156e-01 -3.64032507e-01
    7.69347787e-01 -3.24757457e-01 9.43129063e-02 3.58904600e-02
    5.79350531e-01 -5.57034492e-01 1.14750528e+00 -3.21486384e-01
    7.95950592e-01 8.67492735e-01 -3.71676594e-01 -3.01698744e-01
    4.65801954e-01 1.27637923e+00 6.07580960e-01 4.94312942e-01
    -3.22660297e-01 1.80529499e+00 -5.19036293e-01 6.08708024e-01
    1.72001827e+00 1.47703695e+00 1.68056130e+00 -5.17063260e-01
    1.43406987e-01 1.09092569e+00 -4.52651531e-01 1.52286398e+00
    1.40280712e+00 1.32741761e+00 5.43560028e-01 4.48509574e-01
    1.42213666e+00 -1.22687936e-01 8.01190555e-01 1.48019731e-01
    1.06360078e+00 -2.22723901e-01 9.80935812e-01 1.23126316e+00
    -3.82360458e-01 1.41150117e+00 1.06821513e+00 -2.47666597e-01
    -3.48728627e-01 -7.34038949e-02 1.12472582e+00 -5.01612604e-01
    -5.26735187e-01 1.77528596e+00 -8.06192756e-02 8.60476196e-01
    1.10531569e+00 5.38857043e-01 -2.17427254e-01 1.81199229e+00
    -2.05643594e-01 1.02725661e+00 1.54398060e+00 -8.09159458e-01
    1.15040469e+00 1.75911582e+00 -5.95432103e-01 3.88654590e-01
    -2.78620899e-01 7.19166815e-01 4.97699916e-01 -5.20036280e-01
    1.60508895e+00 -5.24753213e-01 5.59679568e-01 -6.34816706e-01
    1.82369542e+00 -7.78492272e-01 6.03710055e-01 6.46088541e-01
    1.40001702e+00 -2.29007840e-01 3.78705621e-01 1.06824565e+00
    1.50345254e+00 -1.33077919e-01 1.32633281e+00 5.11178255e-01
    -4.10669953e-01 -8.35661769e-01 1.72323382e+00 7.75404453e-01
    -3.58288348e-01 1.25029421e+00 7.74973691e-01 1.64461756e+00
    9.46996212e-02 2.19469905e-01 7.84233570e-01 2.46383071e-01
    1.12292075e+00 -6.23785973e-01 -2.15467811e-01 8.21019411e-01
    2.06380725e-01 -8.41970921e-01 1.59136140e+00 5.66682458e-01
    1.15295231e+00 6.66187286e-01 1.11703157e+00 1.62649632e-01
    -1.79072261e-01 6.42496943e-01 8.94191444e-01 1.89153719e+00
    5.43384850e-01 4.83178616e-01 9.80110824e-01 4.42122221e-02
    1.09196579e+00 1.02079630e+00 2.90474117e-01 -1.06549442e-01
    3.84192944e-01 -4.96978939e-01 3.72358263e-01 1.78933859e-01
    6.24078870e-01 1.62376165e+00 -6.70742273e-01 1.57952893e+00
    8.94698858e-01 -5.01636624e-01 1.47346604e+00 8.72911215e-01
    5.40520072e-01 -4.92070347e-01 -6.77720249e-01 4.54241276e-01
    1.95317626e-01 -2.14660704e-01 8.13459158e-01 2.14310050e-01
    1.24885762e+00 1.19351745e-01 1.43924975e+00 -1.24810100e-01
    1.51846826e+00 5.27003050e-01 7.90820122e-01 -6.99693978e-01
    2.84915090e-01 -5.33056736e-01 1.45551789e+00 1.54225922e+00
    1.05457425e+00 -1.45370007e-01 -1.86589181e-01 -5.08176446e-01
    1.73099232e+00 -3.92967165e-01 8.74241352e-01 -7.80341864e-01
    1.36748695e+00 2.58160233e-01 1.12848496e+00 1.44427764e+00
    -1.95910931e-02 1.60824478e+00 6.58111453e-01 1.48341751e+00
    5.37164271e-01 7.78850496e-01 2.52019048e-01 9.11855698e-02
    1.41429901e-01 4.16544557e-01 1.61293101e+00 7.67775536e-01
    -3.32418203e-01 -8.37906003e-02 1.29938102e+00 2.23066568e-01
    -6.49221659e-01 1.30939710e+00 2.95827985e-02 9.39257443e-01
    1.67480290e-01 1.75322556e+00 6.21821821e-01 1.46055698e+00
    -6.81962371e-01 4.60052490e-03 1.94537401e-01 1.06590986e+00
    1.67663932e+00 1.05602384e+00 1.40004897e+00 5.75944424e-01
    3.81424427e-02 -1.53068483e-01 7.18999922e-01 1.40582252e+00
    6.38715565e-01 -3.85325044e-01 -2.51698077e-01 7.46923566e-01
    1.38578928e+00 -2.76890218e-01 -4.03241545e-01 5.42932928e-01
    7.37093627e-01 1.75074744e+00 5.08294940e-01 1.74679589e+00
    -7.36368895e-02 8.68643701e-01 -6.43454552e-01 -1.48070276e-01
    -1.55432224e-01 1.19056177e+00 -6.56285703e-01 6.80772066e-02
    5.24142146e-01 1.26356268e+00 2.60162592e-01 -3.55561227e-01
    1.17317128e+00 1.27206469e+00 1.15003943e+00 -3.96305919e-01
    1.54090524e-01 1.11476481e+00 4.26201880e-01 5.86051106e-01
    1.34480679e+00 -3.05714577e-01 4.15533543e-01 3.40615094e-01
    1.38526738e+00 8.31467390e-01 8.68542254e-01 -4.63701606e-01
    2.28713870e-01 -4.67816591e-02 1.40291667e+00 4.20901775e-01
    1.62339902e+00 -1.09181285e-01 -3.04593444e-02 1.56880164e+00
    -7.54689932e-01 1.39281905e+00 6.09091997e-01 1.59991622e+00
    7.48552442e-01 7.21321523e-01 -6.40325844e-01 5.26587486e-01
    2.89756715e-01 1.80631161e+00 1.80674469e+00 7.61499166e-01
    -1.41543686e-01 3.34091067e-01 1.93529308e-01 1.36737633e+00
    7.68731833e-01 6.49306178e-01 1.48750007e+00 1.19460225e+00
    1.16806650e+00 -4.04395521e-01 3.73242915e-01 1.68010736e+00
    -3.64948690e-01 -2.48417199e-01 7.15471983e-01 -3.52638930e-01
    -1.87933683e-01 7.02182829e-01 -4.73172128e-01 1.34174967e+00
    7.05850363e-01 5.41553855e-01 -1.69786096e-01 5.00770032e-01
    6.16349339e-01 -7.19133019e-02 1.04630327e+00 -4.84646201e-01
    1.71973693e+00 -4.36371565e-02 1.80152583e+00 -6.21258795e-01
    1.18241262e+00 9.49190438e-01 1.71291256e+00 -1.63104415e-01
    9.15137112e-01 1.03967357e+00 7.76817799e-02 1.59780860e+00
    1.55638444e+00 8.40928197e-01 2.22858191e-02 1.52801108e+00
    -6.01748943e-01 7.87887871e-01 9.24729109e-02 8.55047226e-01
    8.56668353e-02 -5.72178841e-01 1.75246906e+00 -6.23130977e-01
    7.94994295e-01 -2.11111307e-02 1.12998617e+00 -6.84457421e-01
    -1.23525321e-01 4.05909300e-01 -4.64243382e-01 1.10801673e+00
    5.29395938e-02 -6.59011304e-02 -8.28971267e-02 3.35889399e-01
    -2.42801726e-01 2.28983939e-01 -5.08402705e-01 3.72541606e-01
    1.29812050e+00 7.60764658e-01 1.60509515e+00 -7.09051311e-01
    7.43746340e-01 -5.24966061e-01 -1.33960009e-01 1.85010576e+00
    -3.07608545e-01 1.28629756e+00 -7.69464314e-01 9.41342056e-01
    1.40219128e+00 9.66139436e-02 9.80945647e-01 3.00810695e-01
    -6.45258427e-02 -2.37292647e-02 1.10768676e-02 6.64737225e-02
    1.26038373e+00 2.08811164e-01 7.15584815e-01 5.05922496e-01
    1.04590750e+00 1.27719963e+00 6.85153008e-01 1.46529675e+00
    1.48338044e+00 1.01255488e+00 9.42587972e-01 7.94628561e-01
    5.60045421e-01 -6.95901036e-01 1.00651717e+00 1.59087396e+00
    4.27614331e-01 1.11200309e+00 4.29221988e-01 -4.86564815e-01
    -7.37712979e-02 4.92868304e-01 2.59659350e-01 1.71806490e+00
    9.74634290e-01 1.02845490e-01 -5.15943766e-02 -4.35292870e-01
    -2.60180801e-01 2.67016053e-01 -3.40324402e-01 -4.11069691e-01
    1.26051664e-01 9.88163948e-01 -7.08155394e-01 1.68727994e+00
    -8.14856529e-01 1.09546733e+00 4.47731376e-01 1.13332999e+00
    -3.97675157e-01 1.58789921e+00 1.21352053e+00 1.06028891e+00
    1.43499017e+00 1.01916265e+00 1.43470585e+00 1.41345096e+00
    -4.77957249e-01 -1.92541122e-01 1.66014755e+00 -4.54836220e-01
    3.92333210e-01 8.42652380e-01 1.60008609e+00 -2.66553581e-01
    1.09348440e+00 -2.60968983e-01 -5.84341288e-01 6.76312268e-01
    1.43009400e+00 1.52230453e+00 1.44117641e+00 -2.99234033e-01
    1.65804732e+00 3.24796498e-01 1.14339244e+00 1.01805949e+00
    1.25163102e+00 -6.82245493e-01 1.60102081e+00 6.36764050e-01
    4.83115554e-01 3.58894587e-01 -2.82398820e-01 1.44146430e+00
    1.04837751e+00 1.60072398e+00 1.05366230e+00 5.52654266e-01
    1.37093663e+00 1.45847869e+00 -1.06139004e-01 -6.30326688e-01
    1.67356098e+00 1.05151153e+00 4.72665191e-01 -1.54757380e-01
    7.93168485e-01 2.07905829e-01 4.66401160e-01 1.02323437e+00
    -1.91082776e-01 1.44339180e+00 -5.40292740e-01 3.60982239e-01
    8.90713632e-01 9.15937722e-01 1.59926176e-01 1.11380136e+00
    1.47761881e-01 -6.10444546e-02 8.59326541e-01 5.52860677e-01
    4.68116939e-01 -3.86585623e-01 -4.45212781e-01 -2.12611467e-01
    -6.27348006e-01 8.28473449e-01 8.13119829e-01 2.71446705e-01
    9.27396297e-01 1.13775337e+00 8.57951283e-01 1.52476573e+00
    1.42494202e-01 1.05776429e-01 -7.73155451e-01 2.38336384e-01
    4.85780239e-01 8.13867450e-02 1.16036510e+00 9.41337526e-01
    3.91938031e-01 9.88573790e-01 3.28536391e-01 6.51569009e-01
    6.15295887e-01 3.22589636e-01 -3.74959618e-01 3.18353176e-02
    5.65143704e-01 1.46019375e+00 3.40817511e-01 7.42397010e-01
    1.58855534e+00 -8.66374671e-01 1.65103889e+00 -5.47391713e-01
    6.53408051e-01 2.42635965e-01 1.09472406e+00 -1.59494877e-02
    -3.91673803e-01 -3.15906554e-01 9.19800162e-01 -7.51173496e-02
    1.15261960e+00 -3.54168683e-01 5.33017218e-01 1.35651374e+00
    1.28080153e+00 -8.31144094e-01 1.58678234e+00 -5.05627930e-01
    -3.38296413e-01 1.65217257e+00 -3.80970776e-01 6.99347258e-02
    1.85021400e-01 1.04676652e+00 1.49241829e+00 1.05421424e+00
    1.38511062e+00 -3.46371561e-01 5.24597168e-02 -5.91537356e-01
    2.04711938e+00 5.25898576e-01 -3.56218338e-01 -5.91090322e-01
    2.86909521e-01 -3.91779661e-01 -1.21808469e-01 4.40962672e-01
    2.62853205e-01 9.09096122e-01 6.85978234e-01 1.51913667e+00
    1.39030576e+00 1.27185011e+00 1.59831464e-01 5.99365175e-01
    -1.88485444e-01 1.40412986e-01 1.70750523e+00 -1.71502888e-01
    1.59147990e+00 1.07045877e+00 -2.62712717e-01 -3.22231889e-01
    1.20785213e+00 -7.29198098e-01 1.16749609e+00 4.16660249e-01
    2.55626261e-01 9.44421053e-01 -4.64522213e-01 4.92000222e-01
    -6.95755303e-01 -7.86120534e-01 4.15048659e-01 -2.53339648e-01
    -1.62429690e-01 -3.77910703e-01 -6.91165924e-01 7.26266265e-01
    7.26911128e-01 -6.45897985e-01 1.62295914e+00 1.50863636e+00
    5.03821552e-01 1.38434172e+00 -1.50388777e-01 7.58753419e-02
    -5.43984771e-01 1.14113927e+00 -3.76201034e-01 1.01838374e+00
    4.03597176e-01 1.71995771e+00 7.29082108e-01 7.20515370e-01
    1.21456194e+00 3.26969862e-01 1.41992855e+00 1.21933866e+00
    8.84732366e-01 -2.36775100e-01 -4.40271527e-01 1.12121177e+00
    1.52550197e+00 8.19494069e-01 -4.16827202e-02 6.15014851e-01
    4.53265369e-01 1.19621825e+00 -4.81843770e-01 -4.94040191e-01
    7.57808685e-01 4.78685141e-01 -6.00650251e-01 -5.01898050e-01
    9.16319191e-01 7.06496954e-01 -8.26293826e-02 1.11289692e+00
    2.40502656e-01 1.16183531e+00 1.35116231e+00 -6.20278716e-01
    1.78285122e-01 -2.45571077e-01 1.44155693e+00 1.63182902e+00
    1.19722891e+00 5.81043363e-01 9.19804037e-01 -5.54895878e-01
    1.10666084e+00 3.57948005e-01 8.59790087e-01 2.18259811e-01
    -4.68609005e-01 5.28798878e-01 -4.23986912e-01 7.84124076e-01
    -3.59707057e-01 5.48031747e-01 5.98815680e-01 1.72276556e-01
    -4.55993026e-01 1.78732872e-01 7.64809191e-01 1.59748554e-01
    3.43622148e-01 5.69924116e-02 4.35677588e-01 -2.96089411e-01
    6.19412184e-01 -1.24901354e-01 -1.45871580e-01 1.74452221e+00
    1.92347944e-01 7.58321583e-01 5.49853623e-01 1.10190868e+00
    -5.97329795e-01 -2.19604969e-02 1.01142180e+00 1.49064636e+00
    -3.47253859e-01 1.02598763e+00 6.34571612e-01 8.30474198e-01
    6.30071759e-02 3.71149778e-02 9.50514078e-02 -1.19215012e-01
    3.59631956e-01 -5.89776993e-01 1.16954303e+00 1.48444140e+00
    1.07812142e+00 -3.70406568e-01 1.64001811e+00 -5.08687198e-01
    -6.54628932e-01 -2.90666640e-01 1.17751408e+00 1.83522367e+00
    2.41987765e-01 -4.94570196e-01 8.02432716e-01 -6.04042768e-01
    2.78949738e-01 1.40106237e+00 -4.32292938e-01 -1.91516280e-02
    6.95353568e-01 -1.93216622e-01 -2.95455098e-01 1.22052455e+00
    4.62669849e-01 3.71427834e-01 -5.41021228e-02 -6.99996948e-04
    9.02614117e-01 1.36705041e+00 1.09648836e+00 -7.37876892e-01
    -1.50187016e-02 -5.18630385e-01 8.05360019e-01 -4.36493099e-01
    5.88752747e-01 1.16902971e+00 -5.46391368e-01 1.06580615e+00
    -8.43462944e-02 1.14512825e+00 -1.57083154e-01 2.34043479e-01
    1.57018852e+00 1.02652180e+00 -6.25488997e-01 -3.82101715e-01
    1.88549936e-01 1.27155817e+00 -1.47046447e-01 3.62338543e-01
    5.09425998e-01 5.30028343e-02 5.79371810e-01 1.13871944e+00
    -8.47909570e-01 1.55358982e+00 -7.71571934e-01 9.03280258e-01
    6.94464266e-01 1.45940375e+00 4.62664723e-01 6.52998805e-01
    -4.87076670e-01 1.71898985e+00 3.03182065e-01 8.34427238e-01
    1.23535514e+00 1.69449508e+00 -2.81194448e-01 -2.53233641e-01
    -4.50126708e-01 -1.47438794e-01 5.90407431e-01 1.55471444e+00
    -2.10570574e-01 -7.78400302e-02 1.60574913e-04 6.28020763e-01
    -3.66262525e-01 1.55178332e+00 -6.60124838e-01 8.50252748e-01
    1.75490713e+00 6.95394278e-02 1.58242583e-01 1.07781219e+00
    -2.92367101e-01 1.75603151e-01 1.67504787e+00 -2.19346583e-01
    1.04929340e+00 1.29482830e+00 -2.04863071e-01 1.40442765e+00
    1.42710400e+00 4.25400734e-02 -4.90944445e-01 5.62826216e-01
    -3.66880387e-01 3.42783451e-01 -2.31048703e-01 8.06737185e-01
    6.49316311e-01 7.98684537e-01 -7.38205314e-01 1.43392026e+00
    5.67561269e-01 1.96003199e-01 1.78673983e-01 1.28411007e+00
    -5.90496719e-01 -5.66936374e-01 9.35014963e-01 1.42326367e+00
    1.21151197e+00 1.01429975e+00 1.18119538e+00 3.63072753e-01
    -5.25907576e-01 -7.60514319e-01 2.90457010e-01 -6.93086565e-01
    -5.50442696e-01 5.69119453e-01 4.71061647e-01 1.61236358e+00
    7.51646638e-01 -2.69881338e-01 1.11406684e-01 -4.32629645e-01
    -5.19414783e-01 5.71805894e-01 1.77548480e+00 -6.14735007e-01
    -3.35679799e-01 1.54582214e+00 4.63678479e-01 1.55530238e+00
    1.34936023e+00 -6.90351784e-01 -1.41812801e-01 -5.14309168e-01
    1.17203999e+00 1.47313130e+00 1.14723361e+00 1.11630344e+00
    7.53573060e-01 1.35491216e+00 1.50446796e+00 -2.70226121e-01
    4.48047161e-01 2.64775813e-01 7.29657114e-01 1.69651556e+00
    5.73649049e-01 4.38032985e-01 1.61579216e+00 1.56754971e+00
    1.01528895e+00 -8.15916359e-01 7.91901708e-01 8.12376738e-01
    7.32905507e-01 1.05992317e-01 3.88174057e-01 7.50123382e-01
    1.11875010e+00 4.67951298e-02 -6.64734244e-02 1.36041117e+00
    5.20998418e-01 1.20191383e+00 -7.18154788e-01 5.88274539e-01
    -6.33541703e-01 3.68572295e-01 8.49269986e-01 1.18201542e+00
    9.48975205e-01 8.56830716e-01 -3.66163492e-01 9.53932345e-01
    5.03166080e-01 8.27704072e-02 1.72945690e+00 1.15547752e+00
    1.65805602e+00 1.51078641e-01 1.57624912e+00 1.55738473e-01
    1.14352965e+00 -7.61199594e-01 1.18192923e+00 -4.70567018e-01
    7.43808746e-01 1.45045662e+00 -1.53269768e-01 1.40856886e+00
    6.72229886e-01 3.30804944e-01 -4.05197978e-01 4.17544961e-01
    3.81365061e-01 6.15947247e-02 1.24042690e+00 -1.29751086e-01
    1.09831572e+00 -2.57276595e-01 7.77312100e-01 3.59831691e-01
    -7.99262822e-01 7.07359612e-01 -6.01794243e-01 1.59185004e+00
    2.31487632e-01 -3.43211830e-01 -1.53587162e-01 9.46290851e-01
    7.66705573e-01 2.35601246e-01 6.63491845e-01 5.23621261e-01
    -2.68750787e-01 1.40920269e+00 1.18155444e+00 -2.10253000e-02
    1.29999638e+00 -2.77339816e-01 8.99410546e-01 8.82933617e-01
    1.60882449e+00 -6.26685500e-01 1.05504942e+00 1.51420951e+00
    -1.60225570e-01 -3.12667727e-01 1.32707977e+00 7.29973316e-01
    2.59125471e-01 1.44816685e+00 2.04868913e-01 -5.02261043e-01
    1.31280375e+00 1.18696070e+00 1.62946868e+00 6.12712264e-01
    8.45532179e-01 -2.08040535e-01 -1.38705552e-01 1.54249549e+00
    3.74202192e-01 8.37912142e-01 1.58082080e+00 1.49930978e+00
    -3.46136928e-01 -5.89063704e-01 5.46539247e-01 1.78312612e+00
    -7.55136192e-01 1.86358392e+00 1.00141585e-01 -1.36397362e-01
    8.04857790e-01 1.37849593e+00 -7.71462679e-01 -4.93752480e-01
    1.07980180e+00 -1.07286394e-01 1.45795023e+00 8.46530259e-01
    2.48011529e-01 1.49651337e+00 -7.02801585e-01 1.12810802e+00
    -7.58501291e-01 1.45006919e+00 1.52375770e+00 2.45219529e-01
    -6.78729534e-01 3.99376154e-02 1.37195289e-01 1.23964012e+00
    9.43604231e-01 6.02610350e-01 1.59560895e+00 7.51409948e-01
    -1.51945412e-01 1.59936500e+00 6.75002396e-01 6.25896335e-01
    -8.16741586e-02 -6.88630104e-01 7.14482546e-01 1.25105119e+00
    8.95609856e-01 5.96324205e-01 -1.02749288e-01 -5.05490303e-02
    9.02780712e-01 -7.69705534e-01 1.24609458e+00 -1.67847157e-01
    9.30864871e-01 -1.73297346e-01 1.66680419e+00 4.99173760e-01
    1.07372379e+00 5.54141164e-01 1.09349644e+00 1.64774489e+00
    7.81738758e-01 5.85799992e-01 -4.88863528e-01 8.15962315e-01
    4.59229946e-02 1.10516310e-01 4.40832555e-01 1.68457413e+00
    3.77538681e-01 1.34553969e-01 -6.15041673e-01 1.08857799e+00
    6.01047516e-01 -1.62841082e-02 -2.74237722e-01 1.39561963e+00
    5.40311337e-02 6.61074102e-01 1.10654664e+00 3.41986895e-01
    1.13303781e+00 -1.12068236e-01 -4.90539998e-01 9.67783928e-02
    1.41404307e+00 3.00511122e-01 8.60661864e-01 -2.87093282e-01
    8.13855767e-01 -5.20868063e-01 1.39799166e+00 -3.25984955e-01
    1.58960998e+00 9.34399128e-01 -9.87471104e-01 4.94524539e-01
    3.55541289e-01 1.04583597e+00 1.41013861e-01 1.66431940e+00
    -3.49704027e-01 1.08221531e+00 -6.02423668e-01 1.52290952e+00
    1.20995283e+00 9.26572680e-02 6.05544925e-01 -5.65076411e-01
    1.90684700e+00 -5.70292950e-01 9.72313523e-01 7.12049484e-01
    -8.10319185e-03 -6.12603545e-01 3.78856122e-01 4.36168313e-02
    2.99085438e-01 5.05412698e-01 1.35075545e+00 -2.94457614e-01
    1.17455840e-01 3.50083172e-01 1.07434630e-01 1.19138169e+00
    1.35178244e+00 1.14889777e+00 1.46204281e+00 1.79357147e+00
    1.42860270e+00 -4.79649425e-01 -5.26802003e-01 5.76439738e-01
    5.48093975e-01 -2.79720277e-01 1.03492713e+00 9.55584645e-02
    1.39298820e+00 1.50193083e+00 -6.29483402e-01 9.47366118e-01
    1.21755433e+00 9.31153834e-01 9.78419423e-01 -4.00674343e-02
    1.48210490e+00 3.88982832e-01 8.08381438e-01 -2.18065798e-01
    1.46778226e+00 4.04878736e-01 -8.08633864e-01 1.74392891e+00
    3.99217129e-01 1.25862837e-01 -5.73319674e-01 7.48137116e-01
    3.25365245e-01 1.93271637e-02 8.33775818e-01 -6.64181292e-01
    1.26536536e+00 2.74737656e-01 9.78849053e-01 8.67002726e-01
    1.09179032e+00 1.54201472e+00 7.63236582e-01 -6.00313842e-01
    -6.47803426e-01 8.63935947e-01 -5.22128940e-01 -7.87659109e-01
    9.41011846e-01 5.32027602e-01 1.16264009e+00 -4.71089572e-01
    7.80915141e-01 6.93032324e-01 1.23612261e+00 -7.46459961e-02
    7.44547844e-01 -4.33305234e-01 5.40007472e-01 -4.45430815e-01
    3.66857409e-01 9.53576446e-01 1.33018982e+00 -2.17621684e-01
    -6.10074878e-01 -4.99103278e-01 -2.88752735e-01 5.47801256e-01
    -1.99082375e-01 -6.67583704e-01 9.50623274e-01 -3.04201245e-02
    -6.95852101e-01 1.26301312e+00 -1.33901775e-01 1.72547650e+00
    2.16696978e-01 -1.92457974e-01 7.55838871e-01 8.68876934e-01
    2.09641457e-01 1.03815639e+00 9.76455867e-01 6.43875420e-01
    -2.48036444e-01 -1.01918876e-01 -2.57773101e-01 -7.30109155e-01
    8.73873293e-01 1.10308409e+00 9.79910493e-02 -2.32322186e-01
    1.35827374e+00 3.86431098e-01 5.97013831e-01 -3.09761405e-01
    1.56799471e+00 1.16773152e+00 8.60965908e-01 -2.81511784e-01
    6.37763917e-01 -1.13879800e-01 5.83646297e-02 6.62887931e-01
    1.58807278e+00 1.50735021e-01 1.51940513e+00 1.72434545e+00
    5.81649125e-01 -1.01174653e-01 2.54919231e-01 4.12176073e-01
    -5.63820660e-01 1.19571328e-01 5.93349218e-01 1.95475161e-01
    1.79813647e+00 -5.76002002e-01 -3.88110876e-01 4.12294805e-01
    9.29192424e-01 1.30159211e+00 1.49569750e+00 4.82229471e-01
    1.21974039e+00 2.81471491e-01 5.93716502e-02 1.60892844e-01
    1.03008127e+00 -9.38320160e-03 7.50451803e-01 -3.25554252e-01
    -6.65166378e-02 -5.97006381e-01 1.92189157e-01 1.50343895e-01
    8.92121434e-01 -8.80521536e-03 5.13997316e-01 -2.07886159e-01
    -4.20974910e-01 -5.92739761e-01 1.56149209e-01 4.60072517e-01
    1.28347516e+00 1.41836822e+00 9.95447516e-01 -3.76809299e-01
    9.88722682e-01 3.14523876e-01 1.65211201e-01 -2.78441399e-01
    -6.47166967e-01 1.76717901e+00 2.96006680e-01 1.40316534e+00
    6.29589438e-01 1.30606949e-01 6.01930141e-01 -4.43062276e-01
    1.34449816e+00 -2.90486813e-01 1.13159323e+00 6.42108560e-01
    1.08637166e+00 1.39652681e+00 -9.43486691e-02 1.43776059e-01
    -2.98191309e-02 -1.26880288e-01 -1.86710954e-01 1.65605497e+00
    1.45776367e+00 8.75815213e-01 1.64200521e+00 1.57672167e+00
    -6.56333804e-01 1.67774642e+00 7.86465049e-01 -6.25740349e-01
    4.98366117e-01 4.60524380e-01 7.16675758e-01 1.57588053e+00
    -2.02249885e-01 1.47642088e+00 2.13151097e-01 -8.65205646e-01
    7.38235831e-01 1.09871304e+00 -1.36125207e-01 -5.11026978e-01
    1.35475850e+00 1.22852743e-01 5.64174592e-01 1.03122234e+00
    1.64679480e+00 3.75920892e-01 -4.59431320e-01 6.83565557e-01
    1.36692202e+00 -2.37830877e-02 2.54064083e-01 1.34355664e+00
    -8.63838792e-02 -3.80126268e-01 -2.68920749e-01 -4.86660928e-01
    6.19888544e-01 -7.09458292e-01 -1.50045216e-01 1.27347112e+00
    1.60662007e+00 4.48000968e-01 1.58331311e+00 1.67393136e+00
    4.65341628e-01 8.23551416e-02 3.55060756e-01 1.74735951e+00
    1.40955758e+00 -5.54886818e-01 2.53435433e-01 5.54517210e-01
    1.27353442e+00 1.45260191e+00 1.01863611e+00 1.13140893e+00
    -6.50743008e-01 9.15352464e-01 -7.79554248e-01 1.04091239e+00
    -4.67672288e-01 -6.97354198e-01 6.74074531e-01 1.66041481e+00
    6.22358680e-01 -9.04442668e-02 7.42493510e-01 9.47027683e-01
    -6.98657990e-01 1.17370129e+00 6.21441364e-01 1.42545295e+00
    1.34478331e+00 1.12955475e+00 1.21883607e+00 1.17185330e+00
    -2.41125882e-01 1.67737639e+00 -2.86466956e-01 1.20398724e+00
    4.66617525e-01 -1.55152559e-01 -1.74027443e-01 6.76711679e-01
    1.47683167e+00 1.04049265e+00 1.01631343e+00 3.14767957e-01
    -6.91590250e-01 2.11792827e-01 2.26190865e-01 8.89534056e-01
    7.99440145e-02 1.76376987e+00 -1.10231102e-01 1.33578372e+00
    -4.66830790e-01 2.12625504e-01 1.57520115e+00 2.00409722e+00
    4.60911453e-01 -5.68310738e-01 3.21476221e-01 -7.76904225e-02
    1.62348771e+00 1.45185995e+00 -4.25254077e-01 6.63853228e-01
    -4.82066065e-01 1.24007034e+00 -1.46156788e-01 7.02121973e-01
    -4.90695834e-02 4.88506436e-01 1.42311049e+00 1.58294499e+00
    -5.85870028e-01 -5.17122209e-01 -4.33767557e-01 2.81801641e-01
    -5.74839234e-01 1.69070625e+00 7.66532898e-01 -4.10462976e-01
    6.46487117e-01 9.51884031e-01 1.43500566e+00 4.81836319e-01
    1.13699377e+00 1.76378298e+00 -7.25157261e-01 1.91680193e+00
    1.63843215e-01 9.11270320e-01 7.10296631e-02 -6.35674953e-01
    1.36771262e+00 6.64631128e-02 8.46869171e-01 -2.28239357e-01
    1.70937395e+00 1.12855279e+00 1.80373466e+00 1.78048015e+00
    -5.72777271e-01 1.24260437e+00 1.38433838e+00 2.41067529e-01
    1.70007086e+00 1.14290261e+00 5.27872443e-02 1.57152462e+00
    1.33733082e+00 2.87228167e-01 6.37450695e-01 1.44837356e+00
    3.36200655e-01 8.27253878e-01 2.39993334e-01 1.12580073e+00
    1.24438643e+00 1.33295965e+00 8.42393458e-01 -2.98255265e-01
    7.04549849e-01 2.72545278e-01 -3.07063878e-01 1.29647279e+00
    8.22390079e-01 1.44004035e+00 1.43978667e+00 1.32012486e+00
    1.39556444e+00 6.99518502e-01 1.48366332e-01 -3.96442473e-01
    1.57909131e+00 3.27290297e-01 2.15626299e-01 1.44324589e+00
    -4.64735657e-01 -8.66678953e-02 2.12906778e-01 1.53345680e+00
    1.02540851e+00 4.09319818e-01 -6.40076995e-02 -6.77758455e-01
    2.97785342e-01 1.18606472e+00 -4.14466500e-01 -1.41984701e-01
    -2.04568207e-01 7.51567662e-01 8.62189710e-01 -5.72414696e-01
    -6.68093026e-01 1.06615293e+00 1.73540640e+00 1.16256547e+00
    -2.64895737e-01 1.07706547e-01 3.69321883e-01 1.35804474e+00
    -6.06017113e-01 -2.01906085e-01 9.42407489e-01 6.69826031e-01
    9.08672810e-01 9.33076024e-01 -5.60210526e-01 5.62390089e-01
    -1.18110120e-01 -3.34485054e-01 1.11390829e+00 1.19419336e+00
    1.63453412e+00 1.27513361e+00 -4.01606321e-01 -3.27647090e-01
    1.30508423e+00 1.79696608e+00 -6.28853679e-01 6.94827616e-01
    1.12892628e+00 4.72508371e-01 7.96328425e-01 -6.13988876e-01
    1.07378507e+00 3.60529661e-01 8.72254014e-01 3.73685360e-02
    9.99713838e-01 1.57731116e-01 1.04436445e+00 1.12676322e-01
    -7.97659755e-02 1.06269419e+00 2.07001805e-01 7.73156404e-01
    1.78100920e+00 -6.25515938e-01 1.30566311e+00 1.66373277e+00
    5.45731187e-02 -6.12644672e-01 2.75050402e-01 4.51676548e-01
    1.19720268e+00 -2.42838919e-01 -4.35282350e-01 -2.70973116e-01
    1.33532071e+00 8.75454068e-01 -4.44051862e-01 -3.63588154e-01
    1.13942599e+00 -8.16028059e-01 -3.34298879e-01 -1.92113519e-01
    9.25360203e-01 -1.80136025e-01 -2.11356580e-01 1.44082749e+00
    3.19078207e-01 1.38670421e+00 1.24023390e+00 -3.29274833e-01
    7.25375891e-01 7.60987520e-01 1.44840908e+00 1.55459070e+00
    1.00302207e+00 -2.05315709e-01 -2.24458396e-01 7.19281793e-01
    6.86802804e-01 -2.10667253e-02 -5.01048446e-01 5.36023259e-01
    1.47360611e+00 -8.72300565e-01 1.26462162e-01 3.95770371e-01
    -5.09418309e-01 1.12810147e+00 1.28034902e+00 6.09879017e-01
    1.72694194e+00 1.33129835e+00 1.38587618e+00 1.22681141e+00
    1.22393489e+00 4.96458888e-01 -1.56971872e-01 1.15169287e+00
    -2.73058474e-01 1.27524245e+00 2.54403293e-01 -6.46110356e-01
    3.06240737e-01 6.15697145e-01 -2.41871059e-01 -6.74731255e-01
    1.46368265e+00 7.72506833e-01 -2.99922496e-01 3.84514511e-01
    6.38011813e-01 1.55996716e+00 1.20318890e-01 3.61703038e-01
    4.32076037e-01 1.16198146e+00 -4.05054569e-01 3.92297149e-01
    1.36932707e+00 1.92749262e+00 -1.32397890e-01 2.93069482e-02
    1.19083810e+00 -6.61322653e-01 1.36073351e+00 -6.56741560e-01
    8.46141756e-01 7.71381259e-01 -5.05669713e-01 1.33500814e-01
    8.47974539e-01 5.55139542e-01 1.50235224e+00 7.21495509e-01
    5.52785158e-01 2.97666669e-01 3.82364392e-01 -7.61315823e-02
    -6.47949576e-02 -1.58501983e-01 1.39321065e+00 6.56868100e-01
    -3.86990905e-01 7.50081182e-01 2.60653019e-01 1.75010037e+00
    3.49315822e-01 1.53132856e+00 1.26356244e+00 1.23781538e+00
    -8.44913721e-01 1.30052757e+00 8.32408905e-01 1.58356404e+00
    -9.37392056e-01 1.31819558e+00 9.66790318e-01 -4.32893872e-01
    -3.71609211e-01 1.30826128e+00 1.69284487e+00 2.21220315e-01
    5.15567064e-02 2.36443877e-02 1.06169951e+00 1.11833763e+00
    6.55706227e-01 4.17918682e-01 1.03955531e+00 4.40906763e-01
    -6.59600258e-01 -4.96027529e-01 1.26655149e+00 -2.51998663e-01
    1.15540195e+00 6.38112545e-01 -2.10733831e-01 1.52794027e+00
    -3.46449614e-02 -1.06137633e-01 -1.43631399e-01 1.40275466e+00
    9.68973279e-01 1.44332945e+00 9.83390808e-02 9.80620742e-01
    1.26176739e+00 2.35204577e-01 9.92793083e-01 1.29864991e-01
    -1.30662858e-01 1.81148398e+00 8.13731611e-01 -1.05163455e-01
    3.99661779e-01 7.65509188e-01 1.70357251e+00 -5.44369340e-01
    1.24562955e+00 -3.57966989e-01 -7.34453857e-01 -5.74209094e-01
    8.64056826e-01 1.26571548e+00 9.14868116e-01 1.10865629e+00
    -4.18465972e-01 -5.91250181e-01 1.70646322e+00 4.65501547e-01
    1.18884981e-01 -4.40015912e-01 1.36718941e+00 1.03992581e+00
    -3.70566905e-01 8.11725140e-01 1.09125221e+00 -2.04387665e-01
    5.66082358e-01 -3.71133447e-01 8.98522019e-01 4.19737697e-01
    -1.83900177e-01 5.88405132e-02 6.46078587e-01 2.57494092e-01
    1.02376342e-01 2.52937913e-01 8.13472271e-02 6.96603537e-01
    -2.53921509e-01 1.71555269e+00 -2.72982389e-01 6.12720847e-02
    -3.38700831e-01 5.13335228e-01 -6.08622432e-01 -3.08030277e-01
    8.46900105e-01 -5.13152421e-01 -2.39472091e-01 1.29674327e+00
    -3.19121897e-01 -4.36497211e-01 1.75317550e+00 1.45295346e+00
    1.20526791e-01 1.38627791e+00 3.16107571e-01 -1.72264576e-01
    1.10877395e+00 2.57713318e-01 -1.15910053e-01 7.07438886e-01
    1.68660235e+00 1.22865939e+00 -1.21610641e-01 6.89259768e-02
    -7.81899750e-01 1.60746872e+00 1.57242227e+00 1.55938721e+00
    6.68007314e-01 1.29775274e+00 3.72185707e-02 1.39459884e+00
    5.74653268e-01 1.09345746e+00 3.47779632e-01 2.27069795e-01
    1.57473683e-01 9.23621774e-01 -1.17963195e-01 3.90423715e-01
    -5.07219911e-01 2.93880165e-01 8.74087870e-01 7.50609636e-01
    1.26051986e+00 -6.23865485e-01 -3.36879492e-03 1.44685197e+00
    -1.84788644e-01 1.18753028e+00 -3.31555456e-01 1.69944310e+00
    3.60443473e-01 6.36132538e-01 2.40160406e-01 9.48045015e-01
    1.26130295e+00 -5.34482002e-01 1.51133275e+00 1.23749447e+00
    -4.57216799e-01 2.15323806e-01 1.21255755e+00 -3.33606958e-01
    -6.59099221e-01 -6.71882689e-01 6.94308043e-01 1.11699855e+00
    1.42194271e+00 1.64896727e+00 3.55237126e-02 -5.85187078e-02
    9.40484643e-01 4.49725747e-01 -5.05721807e-01 -1.34979546e-01
    1.54564965e+00 7.72794843e-01 1.38421154e+00 -3.67607355e-01
    8.23576570e-01 1.35303593e+00 -5.72014809e-01 -4.05485183e-01
    1.02352548e+00 1.53788269e-01 1.00618553e+00 3.18795681e-01
    7.98725188e-01 -1.01521611e-02 -5.24077296e-01 1.51782596e+00
    -6.06002092e-01 1.64039385e+00 3.16129923e-02 9.93728518e-01
    8.13304901e-01 9.61509466e-01 9.11192417e-01 1.75718784e-01
    -5.32484531e-01 1.14717484e-02 -7.18929768e-02 3.34424734e-01
    8.56888294e-02 1.56319666e+00 1.12212992e+00 1.33978999e+00
    -1.68268740e-01 2.25002766e-01 8.93187165e-01 1.43923819e+00
    -5.30521512e-01 -7.62852669e-01 9.43298936e-01 -6.38393164e-01
    1.08000970e+00 1.28794909e+00 -3.28445554e-01 1.49009633e+00
    1.48209393e+00 -3.35005522e-02 7.19665647e-01 -3.97490680e-01
    6.97590709e-01 1.75610185e-02 3.33955765e-01 5.91406226e-02
    1.61367095e+00 2.92382836e-02 3.70811820e-02 5.98461270e-01
    4.88838434e-01 -2.24699914e-01 -4.87843156e-01 1.53856659e+00
    1.73830175e+00 7.55412161e-01 6.77517593e-01 1.77005148e+00
    -2.18377352e-01 1.12303138e-01 -5.12400866e-01 -5.25017262e-01
    1.42591238e+00 5.02456665e-01 -3.45442653e-01 8.49149585e-01
    2.88396060e-01 7.81369984e-01 9.17945385e-01 -6.22577786e-01
    1.56328368e+00 1.23188376e-01 -5.66791296e-02 2.57646561e-01
    1.52419162e+00 1.01503968e+00 -7.27766514e-01 -1.42840564e-01
    1.69466138e+00 1.21625221e+00 5.24069071e-02 -8.84613395e-02
    1.72590828e+00 -2.83320546e-02 -2.85329878e-01 -5.72062731e-02
    7.71981239e-01 -5.43614030e-02 -6.69025540e-01 1.25117719e+00
    7.11138606e-01 -8.24754238e-02 -7.46457696e-01 1.13743305e+00
    1.67745829e+00 9.35720921e-01 -1.47958279e-01 1.10214734e+00
    1.76184797e+00 7.63205230e-01 -6.09139919e-01 1.51047587e+00
    7.32318759e-02 1.18987381e+00 7.33847916e-01 -8.96292448e-01
    1.30449557e+00 -1.57019973e-01 1.17938840e+00 1.09723544e+00
    1.32576895e+00 4.81846988e-01 1.45491982e+00 1.56511605e+00
    5.92457652e-01 7.21294820e-01 8.80844533e-01 9.64318514e-01
    6.37951553e-01 1.83105314e+00 -2.17317522e-01 -4.95368659e-01
    3.41215730e-01 -4.07773465e-01 -6.96488023e-01 5.70987940e-01
    9.51131105e-01 -3.62375438e-01 4.88839746e-01 1.21595824e+00
    -1.59844369e-01 -6.23360872e-02 9.41258788e-01 1.19954205e+00
    -3.87687385e-01 7.18686223e-01 -4.21749949e-02 -5.98299980e-01
    -3.50461006e-02 1.44023931e+00 -2.85898596e-01 4.86872137e-01
    1.17445576e+00 6.60394907e-01 9.05364990e-01 9.75318432e-01
    5.08149266e-01 6.58603728e-01 -5.51287353e-01 1.47887301e+00
    3.55628848e-01 4.01506543e-01 -2.47615397e-01 1.08933258e+00
    -2.14192271e-02 1.50283206e+00 3.92150640e-01 1.46469080e+00
    1.24918222e+00 1.97307885e-01 1.12601113e+00 1.93149686e-01
    9.82270241e-02 5.25014818e-01 7.61182308e-01 -3.80826324e-01
    1.22142982e+00 8.64631772e-01 1.71079516e-01 6.28575683e-01
    1.46922445e+00 4.44146216e-01 -1.13000661e-01 4.65236247e-01
    1.23547077e+00 -4.18603539e-01 1.39148116e+00 -1.90352201e-01
    1.82778430e+00 2.83007860e-01 1.21127915e+00 1.26497555e+00
    -3.37668180e-01 -1.12411857e-01 1.66944814e+00 1.14426827e+00
    8.07875991e-01 2.12723613e-01 1.11981082e+00 9.46103394e-01
    3.77151489e-01 8.05494666e-01 1.33031428e+00 9.28710520e-01
    -1.64111316e-01 -1.43981099e-01 -3.90611798e-01 1.88058650e+00
    2.81022191e-01 1.49202502e+00 -1.72941148e-01 -7.90432632e-01
    6.20954871e-01 6.08700633e-01 8.06559741e-01 6.24650359e-01
    5.65081716e-01 7.70263612e-01 8.70041490e-01 -2.58154750e-01
    1.62948942e+00 1.37904596e+00 8.60875547e-01 -3.17655057e-01
    1.38621175e+00 -7.09068894e-01 1.12379742e+00 -6.14082336e-01
    1.33354068e+00 1.25415111e+00 3.45131099e-01 1.23185587e+00
    -4.01132226e-01 -4.34957772e-01 1.10262358e+00 5.60863137e-01
    1.32959545e-01 9.64003205e-02 9.47225690e-02 5.49091101e-02
    1.58568311e+00 -6.99764311e-01 1.31290305e+00 -8.91110241e-01
    1.18140304e+00 1.31787252e+00 1.35749686e+00 1.21231771e+00
    8.00385475e-02 1.74940372e+00 1.35414171e+00 2.31127322e-01
    -6.50783300e-01 8.51979256e-02 -5.68901300e-02 -2.60940790e-02
    2.44320810e-01 1.56722701e+00 1.53000593e+00 -3.49746346e-01
    1.47544646e+00 9.19005513e-01 2.21209347e-01 1.26521432e+00
    1.66224706e+00 1.06785321e+00 1.70466840e-01 7.02767432e-01
    6.78368151e-01 8.85187387e-01 1.78252482e+00 -3.90737057e-02
    -2.92153209e-01 -5.09074211e-01 1.04144120e+00 1.44913495e+00
    1.71345353e-01 -1.12440586e-02 -2.84507632e-01 1.29723299e+00
    -7.76434600e-01 6.89557195e-01 1.24062645e+00 2.73946822e-01
    7.11718440e-01 1.43896306e+00 -7.74065554e-01 1.51829696e+00
    4.83803332e-01 6.46657526e-01 8.23909223e-01 1.34585857e+00
    9.98196363e-01 1.37131178e+00 1.28855145e+00 1.06588566e+00
    -2.36620069e-01 4.43540215e-01 1.00892150e+00 1.43282545e+00
    1.45721757e+00 3.63786817e-01 1.23368764e+00 -3.32141280e-01
    6.88989818e-01 1.51416063e-01 -2.84434527e-01 1.33955359e+00
    -2.40201682e-01 9.98614132e-01 8.16552758e-01 1.89282477e-01
    -5.55455446e-01 2.18800426e-01 1.41497850e+00 5.89604139e-01
    1.24920249e+00 9.92640376e-01 1.28151107e+00 -3.54050517e-01
    -4.88542765e-01 7.02099264e-01 -5.21562636e-01 2.52635479e-02
    2.41827488e-01 6.04607522e-01 1.48067892e+00 1.66617322e+00
    1.44048679e+00 -7.03355372e-01 1.03830791e+00 1.10740495e+00
    -3.19297135e-01 1.77706265e+00 1.57475173e-01 -5.56574702e-01
    1.16180658e-01 6.27686024e-01 3.66220713e-01 -4.67211187e-01
    1.60605621e+00 -5.94780922e-01 1.57074594e+00 1.24585891e+00
    9.99705374e-01 1.50951385e-01 1.21060860e+00 1.50583220e+00
    -6.14935875e-01 1.93394935e+00 4.17936802e-01 -1.23997748e-01
    3.04537952e-01 2.92480767e-01 1.75810361e+00 2.74185538e-02
    1.51312244e+00 1.19850922e+00 1.35249674e+00 1.19311810e-01
    5.09503424e-01 -4.32612717e-01 2.30214417e-01 -2.75753826e-01
    7.96680033e-01 1.12149239e+00 1.65474951e-01 9.62187111e-01
    6.21616781e-01 -5.97649455e-01 1.05396533e+00 1.36860907e-01
    1.46846259e+00 1.67521358e-01 1.23871827e+00 -6.50102019e-01
    9.24129903e-01 1.76670337e+00 -9.88921285e-01 8.49358559e-01
    1.17787623e+00 6.87440634e-02 7.34044731e-01 8.08398366e-01
    -1.86797976e-01 -1.65075481e-01 3.06031704e-02 -4.37654257e-02
    1.60483503e+00 -4.05061781e-01 1.55425000e+00 9.68417048e-01
    5.81174552e-01 -3.41292620e-02 6.03440762e-01 -3.90992910e-01
    -2.37851977e-01 -2.44971573e-01 1.45405245e+00 1.58034134e+00
    -2.63134241e-01 -2.85278022e-01 6.16358638e-01 3.37438464e-01
    1.08560133e+00 1.18735337e+00 4.66180205e-01 5.38247049e-01
    3.93917799e-01 -1.61315441e-01 -1.47026181e-01 1.03199661e+00
    1.40188169e+00 1.14740443e+00 3.39620113e-01 8.86904955e-01
    2.35698223e-01 1.49622846e+00 1.17487645e+00 9.28998351e-01
    -8.00371110e-01 -1.26309216e-01 5.33835232e-01 2.90642262e-01
    8.73083591e-01 3.17874432e-01 -3.70040685e-01 -6.12098575e-02
    1.78865755e+00 1.05406022e+00 1.05820394e+00 -3.99569333e-01
    6.66261971e-01 4.72175002e-01 1.40275383e+00 1.14746058e+00
    -8.03274095e-01 4.02934730e-01 -1.95155561e-01 1.84724271e-01
    -1.62332892e-01 7.18738377e-01 1.71488321e+00 7.99224734e-01
    3.47255111e-01 -4.55693513e-01 1.54258335e+00 -4.86024201e-01
    5.99415898e-01 1.36951613e+00 -1.10859275e-02 -6.61135554e-01
    -2.98502445e-02 4.91000950e-01 -4.68832731e-01 1.49075055e+00
    1.54527426e-02 5.47783792e-01 -1.65036738e-01 1.41054940e+00
    -3.53123546e-02 5.85386217e-01 1.52419949e+00 9.88455415e-02
    -6.13048673e-01 1.00617826e+00 1.14823461e+00 -5.61467469e-01
    1.78465176e+00 -5.25400639e-01 1.16166806e+00 1.74988508e-02
    4.38256383e-01 3.11112642e-01 -4.16950345e-01 -5.40850997e-01
    1.44404924e+00 1.16965222e+00 2.64632642e-01 -4.42710102e-01
    -2.84979045e-01 8.21943581e-01 1.44013500e+00 1.41977310e-01
    1.13176930e+00 2.93235660e-01 1.01440883e+00 -6.44323826e-01
    1.17616880e+00 1.27711654e+00 -7.32775331e-02 1.70111728e+00
    -6.90507412e-01 1.64855337e+00 1.53061247e+00 3.73958945e-01
    4.63293195e-01 3.76092911e-01 1.59500659e-01 1.61600804e+00
    1.54729855e+00 -7.74845839e-01 1.25662673e+00 1.06246829e+00
    3.13256800e-01 5.43516755e-01 -7.76640713e-01 1.22493958e+00
    1.10379755e-01 1.27632976e+00 1.44009829e+00 -3.32638651e-01
    4.98645008e-01 1.26642561e+00 9.52317715e-01 -5.65681994e-01
    8.87537718e-01 9.80602324e-01 -3.72814268e-01 -3.73268723e-02
    1.22158408e-01 -7.07119286e-01 1.17060280e+00 1.41510081e+00
    -9.13118720e-02 -4.81917679e-01 -5.00135183e-01 7.46315897e-01
    3.86776924e-02 1.76832294e+00 -6.09629393e-01 3.65624309e-01
    1.35311282e+00 1.37171602e+00 3.01198602e-01 9.71378684e-02
    1.60187674e+00 1.28858221e+00 -7.91063190e-01 1.36947262e+00
    1.03203523e+00 1.70024276e-01 8.54596138e-01 5.44860721e-01
    1.10254800e+00 -4.68083501e-01 -2.09993660e-01 -4.47146535e-01
    8.52393746e-01 9.59158421e-01 1.30813193e+00 5.87580562e-01
    -2.69814759e-01 -2.88503945e-01 3.98961306e-01 1.08755779e+00
    -7.35490382e-01 -4.71028239e-01 1.62767708e+00 3.10955346e-01
    6.51206017e-01 9.83755469e-01 1.35426641e-01 1.33882463e-01
    1.40531182e-01 1.66349351e-01 3.38707566e-02 5.80875635e-01
    9.95642185e-01 1.53253126e+00 2.80437231e-01 9.56107378e-01
    6.82666898e-01 8.92119169e-01 7.12231994e-01 6.34681582e-02
    1.57974172e+00 -3.56442928e-02 -3.98740292e-01 6.45509601e-01
    6.69445872e-01 -2.93131053e-01 1.45067215e-01 1.22848558e+00
    -6.11858726e-01 -3.05518717e-01 1.54926395e+00 1.36113167e-03
    -4.38123286e-01 1.89228117e-01 6.00433350e-01 1.11109126e+00
    -1.77251399e-01 1.64413953e+00 1.22386670e+00 1.55113041e+00
    -4.54400957e-01 1.27326190e-01 1.45252371e+00 4.32959795e-02
    -1.30011857e-01 -8.10898542e-02 -3.31852674e-01 -4.59349632e-01
    -5.60290515e-01 -1.80300474e-02 -2.59824336e-01 7.51948178e-01
    1.59241450e+00 1.22663665e+00 -7.77093709e-01 -7.62082696e-01
    8.53755116e-01 1.15190649e+00 -3.56553435e-01 1.66894841e+00
    9.16765332e-01 -7.80103207e-02 1.86789751e+00 -2.17468485e-01
    1.40349483e+00 -4.35443968e-01 -1.31139755e-01 6.00929439e-01
    1.49193692e+00 -8.02171826e-02 1.11899805e+00 -3.84586096e-01
    8.34886432e-01 9.02002335e-01 5.42613983e-01 2.24824309e-01
    -9.56461430e-02 -7.08313584e-01 7.71562874e-01 1.53257394e+00
    -7.68183947e-01 -7.81662107e-01 1.81067455e+00 -7.18424201e-01
    1.34876013e+00 -1.12698734e-01 1.94810152e+00 1.36529112e+00
    8.15722227e-01 1.51420152e+00 2.64778852e-01 1.06922746e+00
    1.43687594e+00 -5.34676790e-01 5.15035093e-01 6.18286729e-02
    -8.03891420e-02 2.63801336e-01 7.28428900e-01 -6.45658612e-01
    -4.20600116e-01 7.18733132e-01 -3.70472074e-02 -3.41368556e-01
    1.11425865e+00 -3.62413406e-01 -6.63875818e-01 1.45574570e+00
    1.59087169e+00 1.34577823e+00 1.28286839e+00 6.14522994e-01
    5.69431841e-01 5.59005857e-01 1.58709514e+00 8.36247563e-01
    3.96935046e-01 2.37058520e-01 9.88711834e-01 -1.52634203e-01
    1.29585218e+00 1.19872296e+00 -1.07770443e-01 1.39715075e-02
    1.30426526e-01 6.27728105e-02 -3.11966538e-01 -2.04300284e-02
    2.13377178e-01 5.37690163e-01 4.41270113e-01 1.37745166e+00
    1.33095741e+00 2.25527287e-01 1.19479990e+00 -7.38560796e-01
    4.84659314e-01 1.83262658e+00 -7.26839483e-01 5.00829637e-01
    -6.43809736e-01 4.34759915e-01 1.18122292e+00 1.53608441e-01
    3.81602466e-01 1.35514760e+00 9.62448537e-01 1.25204325e-02
    -5.65091610e-01 1.27505326e+00 3.50852191e-01 1.98860002e+00
    -5.71818948e-01 1.90010262e+00 -3.07214737e-01 -1.68770730e-01
    4.05293345e-01 1.82763696e-01 1.00540280e+00 7.34534442e-01
    1.64716864e+00 1.57901287e-01 -6.65806293e-01 1.89257932e+00
    7.58676529e-01 7.11201668e-01 -5.61506867e-01 2.49086261e-01
    9.42135870e-01 3.55814695e-02 3.14068496e-01 -3.41567159e-01
    -5.48139155e-01 1.65386319e+00 -5.86654723e-01 4.26424801e-01
    5.84470034e-01 1.58333814e+00 -4.41888839e-01 8.65041316e-01
    1.61848664e+00 7.69712985e-01 -5.67360878e-01 7.07564652e-01
    8.90083194e-01 -9.88233685e-02 1.07413733e+00 1.12631071e+00
    1.97391510e-02 -5.51349819e-01 -2.23363012e-01 -3.87677640e-01
    1.37830925e+00 -5.83964884e-01 9.60510135e-01 -2.10181952e-01
    -7.44309485e-01 1.05082273e+00 1.08341742e+00 -8.98850024e-01
    9.44714308e-01 5.45593858e-01 7.20186830e-02 9.15514946e-01
    1.13140523e-01 -3.15036774e-01 1.79354024e+00 -1.93531573e-01
    9.10692751e-01 -4.51880664e-01 2.93853998e-01 1.99007809e-01
    2.61542320e-01 -6.76163793e-01 -2.64248967e-01 1.38178039e+00
    1.51983631e+00 -7.93892622e-01 -6.75859272e-01 1.19996607e+00
    3.02701533e-01 7.16168880e-02 -6.49729371e-01 5.16088605e-01
    1.74254990e+00 -2.95321465e-01 -2.99841702e-01 5.01707077e-01
    -2.88010836e-02 5.59516251e-01 1.38754988e+00 1.42954838e+00
    1.40425682e-01 -5.87110519e-02 1.89336479e-01 4.70302045e-01
    9.46335018e-01 -5.91231585e-02 6.28823280e-01 9.54621077e-01
    2.09238291e-01 8.08428049e-01 1.64110959e+00 1.61140907e+00
    1.08447194e-01 1.09038997e+00 2.76671708e-01 -4.55975860e-01
    1.46250606e+00 -6.54134393e-01 -7.20699072e-01 -6.04685783e-01
    6.65505648e-01 1.03484392e+00 2.36371994e-01 6.56776428e-02
    1.27458215e+00 -1.50136352e-02 -7.36417174e-01 1.46630430e+00
    1.53137267e-01 1.67219591e+00 7.73774505e-01 -1.92871034e-01
    -2.28233993e-01 8.76372516e-01 9.77851629e-01 4.15268540e-01
    1.48608434e+00 8.53916168e-01 1.25869858e+00 9.10002589e-02
    4.34372544e-01 -1.75696373e-01 3.01094651e-02 -6.88816905e-02
    1.45179451e-01 -2.35095918e-01 -1.26876891e-01 1.55217290e+00
    1.01700330e+00 1.33308828e+00 -5.58441162e-01 9.93881762e-01
    1.41879225e+00 -6.63073123e-01 9.49669242e-01 2.53893554e-01
    -1.12781018e-01 5.10345280e-01 1.14156795e+00 1.19763875e+00
    1.10178447e+00 7.05614448e-01 7.54861593e-01 1.07420146e-01
    1.39869094e+00 -3.26853156e-01 1.48298132e+00 -7.64183760e-01
    1.76969576e+00 1.49472880e+00 1.85353339e-01 4.73797798e-01
    7.73660302e-01 5.84691525e-01 1.29953146e+00 1.17400503e+00
    -5.36795259e-01 1.49556017e+00 -1.85688138e-02 5.01962245e-01
    1.08909535e+00 7.30894625e-01 1.43457234e-01 -3.19635302e-01
    2.41285384e-01 1.63364434e+00 -5.83190620e-01 1.21665168e+00
    2.22176313e-01 -4.64833170e-01 1.51756430e+00 -4.32361990e-01
    -5.44270217e-01 1.38123536e+00 1.12408936e-01 1.08568478e+00
    1.40285242e+00 6.34589672e-01 7.32007623e-02 1.31747723e-02
    8.35256398e-01 1.07036817e+00 5.79922199e-01 1.32934833e+00
    5.47084272e-01 5.82783341e-01 -2.12634742e-01 5.92777848e-01
    1.67896128e+00 -1.39100850e-01 -6.70678318e-01 -3.40801567e-01
    3.12239766e-01 -1.94635987e-02 3.96557331e-01 -3.91154289e-02
    1.40878761e+00 1.34622931e-01 -6.71721697e-02 3.90808105e-01
    1.21751451e+00 9.92945910e-01 5.56822360e-01 -3.64574999e-01
    1.75813091e+00 1.95196617e+00 -2.79615074e-01 3.12856734e-01
    -3.57618213e-01 1.20697927e+00 1.53047800e+00 -8.70768249e-01
    -5.36916018e-01 1.16095614e+00 -3.62331599e-01 -1.12190902e-01
    -3.39490324e-01 -1.41123295e-01 -2.85510212e-01 1.10483408e-01
    1.41720462e+00 -1.81570947e-01 1.03197181e+00 -6.36839628e-01
    1.47284615e+00 -4.78329092e-01 8.18367779e-01 -2.45747507e-01
    1.59748793e+00 -4.48561907e-02 -7.44386315e-02 2.29267359e-01
    -1.93313360e-02 1.40505946e+00 -9.76426601e-02 -6.39579117e-01
    1.46570206e-01 1.40662205e+00 6.49538755e-01 1.46107233e+00
    -1.03790879e-01 5.80796361e-01 1.59847951e+00 1.59609294e+00
    -4.82353926e-01 1.69800973e+00 -1.52542353e-01 1.04142916e+00
    -2.45534956e-01 7.34745324e-01 -6.45932555e-01 1.29854369e+00
    6.05566025e-01 8.12890887e-01 7.45793104e-01 -3.93057138e-01
    -5.21276116e-01 -4.74617690e-01 1.63238025e+00 -2.34622419e-01
    6.91439807e-01 8.35386038e-01 9.27266836e-01 -6.09854639e-01
    -5.21539509e-01 -4.07101214e-01 4.95399714e-01 -5.14543891e-01
    2.06160128e-01 5.35852015e-01 1.36129439e-01 1.32296205e+00
    -5.28454781e-03 1.03703129e+00 2.98615873e-01 -9.70743895e-02
    6.18333161e-01 -5.31051695e-01 3.70798707e-01 9.76739287e-01
    7.35605121e-01 -7.67824590e-01 4.53758240e-03 -6.16339684e-01
    -2.67277956e-01 1.53570497e+00 -7.76944160e-02 1.43750095e+00
    1.03749275e+00 -6.27100229e-01 1.62359750e+00 1.07002521e+00
    1.91383481e-01 -4.33073759e-01 9.93748784e-01 -6.18711412e-01
    1.69932759e+00 -7.14781880e-01 1.66460192e+00 -4.01974857e-01
    5.47010779e-01 7.24987268e-01 1.05032921e-01 1.40113139e+00
    5.74484468e-01 1.26825452e+00 2.52190709e-01 2.76847422e-01
    1.61343277e+00 2.44614959e-01 7.86204338e-02 -7.13507891e-01
    -5.46934366e-01 1.49391556e+00 -4.14648950e-01 -7.69504309e-02
    6.64645672e-01 1.23337555e+00 5.43536901e-01 7.11112618e-02
    9.06794429e-01 1.09323192e+00 1.02063966e+00 1.08646083e+00
    8.59865248e-01 -4.22928274e-01 5.17157257e-01 1.20499146e+00
    4.62267518e-01 1.78240156e+00 7.83926606e-01 4.83591080e-01
    -2.79334247e-01 1.59748542e+00 4.37716365e-01 1.41657567e+00
    -7.23356128e-01 1.11049855e+00 1.63331652e+00 1.50082994e+00
    -2.30984867e-01 2.18109608e-01 1.43064952e+00 2.00846612e-01
    3.77242208e-01 8.28580439e-01 1.44838691e-02 1.95020080e-01
    5.31067252e-02 -6.16296411e-01 1.63737094e+00 1.09533834e+00
    1.50009990e+00 1.47838771e-01 1.68242145e+00 7.32877076e-01
    5.11583328e-01 1.08805227e+00 6.33782744e-01 -2.99738467e-01
    4.71268475e-01 8.64125371e-01 3.08376431e-01 2.67802298e-01
    9.37846899e-02 8.19378376e-01 1.49626124e+00 1.53508782e+00
    1.50581598e-02 5.25970340e-01 1.00920415e+00 -9.38663483e-02
    1.03950274e+00 -7.35385656e-01 -2.13835955e-01 1.19174278e+00
    -2.76712835e-01 1.98220074e-01 7.42568076e-01 1.53611481e-01
    1.13839173e+00 -4.19140130e-01 3.37898254e-01 1.23775554e+00
    -7.37976611e-01 9.78345633e-01 -5.94051242e-01 8.12705040e-01
    1.46118033e+00 -1.74773157e-01 1.40073085e+00 -4.84782279e-01
    1.44146383e-01 1.03248143e+00 -6.15331471e-01 1.32204342e+00
    -5.94332099e-01 -2.59385765e-01 -1.23727918e-01 7.90562391e-01
    1.04398501e+00 1.37831044e+00 7.09012330e-01 -2.34573841e-01
    -6.18681729e-01 1.31907535e+00 -6.78490639e-01 1.66755486e+00
    1.16700435e+00 -6.41221583e-01 7.06589818e-01 -4.64279294e-01
    1.32115674e+00 -8.80993485e-01 1.44370985e+00 1.06295371e+00
    1.28089869e+00 -4.67457771e-02 1.89022720e-01 1.35337770e-01
    2.39876151e-01 1.20005608e-01 2.76986361e-02 -3.23706210e-01
    2.09788823e+00 1.36580801e+00 -2.80473441e-01 6.45075798e-01
    7.71963954e-01 2.74616003e-01 4.22806680e-01 7.43333459e-01
    1.02159405e+00 6.75996542e-01 8.18368196e-01 9.60574150e-01
    -9.44194198e-02 7.59583354e-01 -5.67979574e-01 9.26124454e-01
    2.23032534e-01 7.78235435e-01 8.02030325e-01 1.07411885e+00
    -4.84976709e-01 5.08567512e-01 7.56314933e-01 2.00328410e-01
    3.18014860e-01 1.06119013e+00 3.99394512e-01 5.12621939e-01
    1.68484771e+00 1.39971757e+00 -2.65060276e-01 -5.38881898e-01
    1.89576662e+00 -4.05439883e-01 8.48534048e-01 1.08822870e+00
    -5.16167283e-01 -6.38887882e-02 5.93179882e-01 -2.02414572e-01
    -1.49056911e-01 1.06372786e+00 6.60069823e-01 1.32270277e+00
    8.91155362e-01 4.70308363e-01 3.64965916e-01 -3.84036303e-01
    9.24801886e-01 1.82682574e-01 -5.86730123e-01 -4.49986458e-02
    -1.89085126e-01 -6.14861846e-01 1.44078493e+00 1.33304918e+00
    1.15761936e+00 3.69732380e-01 1.18262279e+00 2.66277909e-01
    3.83377254e-01 1.02650642e+00 1.27196813e+00 1.34911323e+00
    -2.87816942e-01 2.35824585e-01 1.04822326e+00 -1.25966668e-02
    2.24421620e-02 -6.75834656e-01 1.44224155e+00 1.27943599e+00
    -6.71069622e-01 8.71978998e-01 1.16756022e+00 -6.69789135e-01
    1.10944414e+00 -7.30471134e-01 7.06160843e-01 1.65030909e+00
    1.42378759e+00 8.72822285e-01 1.27251887e+00 5.18265963e-01
    6.92411065e-02 1.69027781e+00 -2.21282840e-01 4.71225500e-01
    -1.56745791e-01 1.50054836e+00 1.22049463e+00 -3.80543530e-01
    -7.12570131e-01 6.87910914e-01 1.66772580e+00 5.95559001e-01
    -3.02816242e-01 1.68325484e+00 1.33003914e+00 2.94732928e-01
    2.70599663e-01 -7.16748774e-01 1.05738401e-01 1.58290803e+00
    5.11869073e-01 2.11124718e-01 1.25562310e+00 3.77508342e-01
    3.23182523e-01 1.61731339e+00 -3.09724987e-01 9.36303377e-01
    1.41843224e+00 1.44533718e+00 8.34538162e-01 1.14783168e+00
    1.00265479e+00 -5.38398623e-01 -1.02900863e-01 -2.45747447e-01
    -1.65418893e-01 6.48359179e-01 -2.31997550e-01 -7.63127565e-01
    1.09884739e+00 1.92166388e-01 1.50071788e+00 -5.62500715e-01
    -3.86056930e-01 1.05014908e+00 8.83134723e-01 1.38213181e+00
    3.87929916e-01 1.59835815e+00 8.69152188e-01 1.41729069e+00
    -7.77905703e-01 1.35194743e+00 -3.96780133e-01 -6.42401218e-01
    1.71839595e-01 1.51060879e+00 5.54337561e-01 1.16997182e+00
    1.68123317e+00 1.80391252e-01 7.24543095e-01 6.47864163e-01
    1.44597483e+00 3.72709632e-02 3.31639111e-01 8.03186178e-01
    -2.73621976e-01 1.40136147e+00 6.63013518e-01 -5.44368327e-01
    -1.93642408e-01 1.67404556e+00 3.61626267e-01 3.06672692e-01
    1.18362284e+00 -7.47308910e-01 2.00484693e-01 1.29236341e+00
    -1.86959803e-01 4.80804801e-01 2.75854468e-01 1.07610476e+00
    1.28132677e+00 1.67310762e+00 -7.55716026e-01 -6.73860788e-01
    -3.17416579e-01 4.54228044e-01 1.20600986e+00 7.65356481e-01
    -7.65888691e-01 1.55347693e+00 -7.66572058e-01 -3.23380619e-01
    5.12898445e-01 1.68965602e+00 5.05860448e-02 6.71233892e-01
    1.65356886e+00 1.04107857e-01 1.61542487e+00 1.58330023e-01
    1.25003064e+00 -1.04290247e-02 1.27323377e+00 1.47019625e-01
    1.67756236e+00 4.91524696e-01 2.30721593e-01 2.92366445e-01
    4.15419340e-02 7.68137395e-01 -4.64841902e-01 -1.24869704e-01
    -5.80345869e-01 -4.41773385e-01 7.50853956e-01 1.36960316e+00
    1.45959318e+00 -7.74556994e-01 3.60516906e-01 1.34664464e+00
    4.38040495e-01 -7.80684352e-02 4.10401225e-02 1.35623646e+00
    1.30664945e+00 3.81236553e-01 8.41889620e-01 4.82153296e-02
    -4.55209911e-01 1.58434546e+00 -4.16352153e-02 -6.01507843e-01
    7.44899154e-01 6.57557249e-01 5.94047189e-01 5.90743244e-01
    2.86263824e-02 9.38959479e-01 -5.51481068e-01 9.88251507e-01
    8.72921944e-03 3.97014856e-01 -3.66747767e-01 4.51849043e-01
    -2.30766535e-02 1.51754320e-01 3.33098233e-01 6.42213285e-01
    4.45161581e-01 8.40753794e-01 -5.36639154e-01 -1.96195930e-01
    -2.45959222e-01 2.39026546e-01 1.71386862e+00 4.70640898e-01
    4.39743996e-02 1.49852514e-01 1.51925862e+00 7.31658220e-01
    2.52780974e-01 1.09511685e+00 4.14577067e-01 9.27988946e-01
    2.48113871e-02 1.99033558e-01 1.43048573e+00 3.35547745e-01
    -3.13078761e-02 6.40505850e-01 -5.71135044e-01 3.94855142e-01
    1.66234016e+00 -3.49236727e-02 3.42228174e-01 -6.09084368e-02
    1.06974459e+00 6.51373863e-01 -7.44527161e-01 -5.31329393e-01
    2.69497037e-01 1.23005652e+00 9.46332693e-01 6.36291385e-01
    9.98474479e-01 5.08754134e-01 1.52589560e+00 1.26883662e+00
    9.50895846e-01 -1.38216555e-01 1.06634951e+00 -1.27856731e-01
    1.59577799e+00 1.40118670e+00 7.41563737e-01 -7.81503320e-01
    1.33528042e+00 -6.04556382e-01 3.33084464e-01 1.83404160e+00
    -2.94064641e-01 -2.69234061e-01 3.04109573e-01 5.28639436e-01
    -4.54332799e-01 1.89007211e+00 4.69817221e-01 1.31766832e+00
    7.30019808e-01 -6.78711772e-01 -3.00602317e-02 1.32890451e+00
    7.46853113e-01 9.93179381e-01 7.39650309e-01 7.77625442e-02
    1.56013989e+00 1.25434554e+00 1.30666041e+00 9.24865186e-01
    1.45997620e+00 1.59823799e+00 9.68941808e-01 4.73666191e-01
    3.81613731e-01 7.54691780e-01 8.35098445e-01 3.40708911e-01
    6.10003233e-01 1.06506872e+00 -4.09140587e-01 2.38617897e-01
    1.32946134e+00 1.40681875e+00 1.89670384e-01 5.96564651e-01
    1.27432990e+00 8.63826990e-01 -2.75236011e-01 1.31561923e+00
    1.50512755e+00 1.45023036e+00 1.34968996e-01 1.34772360e-01
    3.52322519e-01 9.15443599e-01 -5.02101839e-01 8.06128323e-01
    -3.00741911e-01 -2.15121567e-01 -2.87432075e-02 6.76825821e-01
    1.66930199e-01 -1.14112139e-01 6.89929366e-01 2.57091522e-02
    3.59865665e-01 -1.41256571e-01 1.20278525e+00 -8.54028463e-02
    6.65193856e-01 1.21716666e+00 6.92408442e-01 3.16045046e-01
    -7.82924891e-03 -1.18066609e-01 -5.79846501e-02 1.38287950e+00
    1.48559892e+00 1.57869494e+00 1.41499436e+00 1.73669219e-01
    1.53972459e+00 4.79106724e-01 1.20707810e-01 1.43851829e+00
    -2.97530532e-01 4.13232684e-01 1.21890473e+00 1.43517065e+00
    3.30191374e-01 4.10749078e-01 1.30458450e+00 -5.43845534e-01
    7.97667265e-01 -5.48958540e-01 2.85508990e-01 1.21830058e+00
    -5.02188087e-01 2.18631208e-01 -1.99727893e-01 1.48750114e+00
    -1.25029325e-01 1.37872934e+00 -3.91745150e-01 1.76133001e+00
    1.09160352e+00 -3.82262379e-01 1.20584667e-01 1.68081546e+00
    -6.46843910e-02 -5.72852671e-01 -5.09146452e-01 1.33578467e+00
    1.55187571e+00 4.35230672e-01 7.94126391e-02 1.20170879e+00
    -7.13310659e-01 9.04529691e-02 1.12733328e+00 -6.47760868e-01
    1.06109524e+00 6.99867845e-01 2.16740310e-01 -6.78952932e-01
    1.14505935e+00 3.92821789e-01 5.51831424e-01 9.81136978e-01
    1.41222012e+00 -8.01655233e-01 -2.08846271e-01 -8.60897303e-02
    3.12105238e-01 5.83755195e-01 -5.10167003e-01 1.03397751e+00
    -5.42965293e-01 1.69318533e+00 -4.34017956e-01 1.61693466e+00
    -3.62976164e-01 -3.08305532e-01 1.25556850e+00 -8.17295790e-01
    -3.72196138e-01 -5.33310652e-01 1.01737428e+00 4.71386909e-02
    1.82421088e+00 9.47383404e-01 -1.60572469e-01 -2.40286767e-01
    -2.07785130e-01 1.76971352e+00 2.16414332e-02 1.30127966e+00
    9.43511069e-01 9.97726977e-01 -7.50691712e-01 2.10109949e-01
    2.29717731e-01 -5.01206160e-01 -3.01588088e-01 -7.88451195e-01
    7.80557275e-01 1.34523880e+00 -1.53303146e-04 1.23441541e+00
    1.01522684e+00 8.06184232e-01 5.10778964e-01 6.94781303e-01
    5.12960792e-01 1.16020632e+00 -8.31556618e-01 1.38557029e+00
    1.23456669e+00 2.69329369e-01 -4.84572202e-01 1.57538533e-01
    1.88667059e-01 1.55428874e+00 -6.51320100e-01 1.32305789e+00
    -4.12186623e-01 2.56065786e-01 6.90902412e-01 8.10583949e-01
    -4.94922101e-01 3.49844813e-01 3.94267619e-01 1.60282016e+00
    -2.26160765e-01 9.99324739e-01 5.21594703e-01 1.09981048e+00
    1.41321599e-01 -3.81708056e-01 -2.39065886e-01 -1.97422683e-01
    1.70355082e+00 9.39384937e-01 2.39566565e-01 1.67446971e-01
    1.66081071e-01 1.65506101e+00 1.38232875e+00 -6.44670963e-01
    9.56593513e-01 -6.04879141e-01 -5.90131104e-01 1.25378752e+00
    2.61463702e-01 -5.24471879e-01 1.45057511e+00 7.13036478e-01
    2.49473393e-01 -4.82920200e-01 -5.69736779e-01 1.16367483e+00
    9.47144032e-01 1.58561587e+00 1.15136445e-01 -4.17306036e-01
    9.83013749e-01 -5.02164900e-01 5.52072406e-01 3.25865448e-01
    -5.70421457e-01 1.66296613e+00 1.31991148e+00 8.87123823e-01
    1.01364481e+00 -3.87988359e-01 1.72751212e+00 1.53566694e+00
    -1.49404407e-01 1.89932525e-01 1.53716493e+00 1.61564732e+00
    7.32666612e-01 5.09374201e-01 1.58394003e+00 1.00007713e-01
    8.99848282e-01 -6.18218303e-01 4.68919992e-01 1.57912886e+00
    -5.26961684e-01 -8.17074120e-01 1.18922114e+00 2.73904562e-01
    9.62051928e-01 -8.47992837e-01 1.72213817e+00 -4.36976761e-01
    1.32994604e+00 -5.82372606e-01 -3.27049434e-01 1.19434476e-01
    1.66203785e+00 -1.20848119e-01 1.37594128e+00 1.15294170e+00
    -1.34655952e-01 -5.95738649e-01 6.92069471e-01 -1.66296780e-01
    1.03033590e+00 9.20032918e-01 2.33141422e-01 6.46416783e-01
    1.57491541e+00 -4.14546818e-01 3.40085685e-01 8.30616415e-01
    -1.59130096e-01 1.04530334e+00 -2.23582149e-01 1.62278593e-01
    -4.32670146e-01 -8.03699493e-02 6.82252109e-01 -3.54554534e-01
    -8.04438531e-01 3.65296483e-01 1.26937890e+00 -3.15435231e-01
    1.67422020e+00 -8.58721077e-01 5.13456643e-01 -4.86388266e-01
    -4.02286887e-01 1.64748394e+00 1.65206051e+00 1.69215322e-01
    1.32658136e+00 7.73779154e-01 7.55873322e-01 -1.27368748e-01
    4.47380900e-01 8.71707261e-01 -6.73052490e-01 -2.58179843e-01
    2.94053793e-01 -5.10553122e-01 6.81773484e-01 -1.47079408e-01
    5.61356843e-01 1.44718623e+00 9.29816842e-01 4.98658478e-01
    -1.37191534e-01 1.78677619e-01 1.13995874e+00 1.10233927e+00
    -1.46291852e-01 4.85541463e-01 1.26452041e+00 1.73958623e+00
    -5.56108356e-02 1.39122462e+00 1.46035278e+00 1.20510519e+00
    6.08611524e-01 6.54131114e-01 1.74453974e-01 5.51999807e-01
    1.51479721e+00 2.08084941e-01 6.93252087e-02 3.14251244e-01
    -4.08792257e-01 1.02293241e+00 1.49952030e+00 1.65033221e-01
    1.22918212e+00 -2.62023956e-01 -3.76297623e-01 1.79815722e+00
    -1.11377001e-01 1.55240846e+00 -6.72055006e-01 6.17136002e-01
    -1.07958257e-01 1.47048795e+00 3.22037160e-01 1.38845861e-01
    -4.49722588e-01 7.42541254e-01 1.56346536e+00 3.68105233e-01
    6.14551604e-01 1.54669249e+00 -5.88444054e-01 1.00664544e+00
    1.57393122e+00 5.88858008e-01 6.17888510e-01 1.33351696e+00
    5.34142494e-01 8.07164609e-01 7.24599481e-01 1.39976203e-01
    1.14327788e-01 1.54377246e+00 1.48897076e+00 -4.97970521e-01
    8.25702131e-01 7.11452186e-01 9.09667611e-01 4.88223910e-01
    1.50086844e+00 -1.32849038e-01 1.47346735e+00 -2.59443521e-02
    4.21091139e-01 4.82131541e-01 -5.20920336e-01 -1.71231210e-01
    1.79867268e+00 -8.39152336e-02 -3.84827852e-01 4.49679673e-01
    8.64983261e-01 1.72267449e+00 1.06782746e+00 -1.35059655e-01
    4.82836843e-01 7.54144907e-01 8.76415670e-01 5.77527285e-01
    1.32481945e+00 -6.70071661e-01 3.54139268e-01 2.97782421e-01
    3.75714183e-01 -3.14475417e-01 2.29435086e-01 7.44797766e-01
    1.37844646e+00 -4.42995608e-01 1.44650435e+00 -5.77023029e-01
    -2.97730267e-01 -4.69535619e-01 1.65819597e+00 -4.76209164e-01
    1.12771273e+00 -6.98903143e-01 1.62834740e+00 6.48673058e-01
    -3.13257337e-01 3.69989872e-03 8.82971227e-01 7.61722028e-01
    3.40325713e-01 1.72267616e-01 3.22912455e-01 1.33472323e+00
    4.27611828e-01 9.68493819e-01 1.52306628e+00 3.72870564e-01
    -7.37832308e-01 -5.39586008e-01 7.35572577e-01 8.27724457e-01
    4.74001110e-01 1.03513908e+00 1.31697273e+00 1.58871448e+00
    1.29829097e+00 -2.15303898e-03 1.43666816e+00 1.36986840e+00
    -1.58855557e-01 1.17524481e+00 1.83433151e+00 8.06474686e-02
    -2.82606244e-01 3.78943682e-01 -1.14933014e-01 6.63569033e-01
    8.33112001e-03 -3.56372654e-01 1.47949874e-01 1.50380576e+00
    1.20911229e+00 3.16705465e-01 9.65984881e-01 -5.33874214e-01
    3.29049766e-01 1.65129006e+00 1.71318007e+00 1.30629051e+00
    8.55418503e-01 -3.87063146e-01 -3.40359002e-01 2.92718649e-01
    5.57220280e-01 -2.00275183e-02 1.75121367e+00 3.91474009e-01
    1.41765356e+00 1.29530883e+00 1.06567132e+00 7.30749607e-01
    1.68832397e+00 1.21492219e+00 -2.62370884e-01 1.63789654e+00
    -7.30020583e-01 1.10256886e+00 -5.53780377e-01 1.69215035e+00
    1.53717661e+00 -2.73918629e-01 2.69891024e-02 9.20469165e-02
    1.90056384e-01 1.99473464e+00 -1.95359945e-01 2.42230475e-01
    1.45699871e+00 1.45601952e+00 2.33994484e-01 -7.00553060e-02
    -4.60160643e-01 -1.73007548e-01 1.43881941e+00 -9.28984284e-02
    1.39532423e+00 -2.63463527e-01 -4.59055305e-01 3.02454174e-01
    1.26629972e+00 1.30925536e+00 -5.54055452e-01 -2.45630473e-01
    1.55184209e-01 1.48500204e+00 1.33510590e+00 5.36475062e-01
    1.48361468e+00 -6.82145000e-01 1.39516056e+00 -6.89663649e-01
    3.07126820e-01 1.45346594e+00 1.26946151e+00 -5.05748928e-01
    1.09959686e+00 9.36610639e-01 1.41108334e+00 9.31472778e-01
    -7.24456608e-01 7.08335102e-01 -2.19577014e-01 1.14980698e-01
    1.37219810e+00 5.54835796e-01 1.92755544e+00 -5.72765529e-01
    -3.40577960e-02 -9.64123011e-03 -6.87678099e-01 -4.38987732e-01
    1.50417113e+00 -3.47145438e-01 3.03024173e-01 9.74014759e-01
    -2.15232074e-01 -3.07520151e-01 8.92228365e-01 -5.51915884e-01
    -2.67573684e-01 8.97655547e-01 1.30447292e+00 8.31861854e-01
    7.27971017e-01 6.31927550e-01 -2.04148054e-01 5.29383957e-01
    1.19019246e+00 1.11128116e+00 8.31596494e-01 5.69314778e-01
    1.09004056e+00 1.14071965e+00 -7.57312179e-01 3.57516766e-01
    7.05701947e-01 1.05241525e+00 -6.82461321e-01 -1.26947761e-02
    1.11782765e+00 8.95278513e-01 9.66856539e-01 -2.67365962e-01
    6.05210066e-01 6.25674665e-01 1.11091375e+00 -2.61620760e-01
    -1.74195886e-01 1.35487366e+00 1.07308412e+00 9.40590501e-01
    3.45635653e-01 -6.71830773e-02 6.97971523e-01 -8.77847791e-01
    3.91536117e-01 6.49898171e-01 -8.34831953e-01 1.47782063e+00
    -7.60284305e-01 6.67466819e-01 2.31980801e-01 -2.43272305e-01
    5.95323443e-01 -1.33186281e-01 1.43313050e+00 1.17427731e+00
    1.16771460e+00 2.66486228e-01 -2.63133764e-01 1.18401873e+00
    6.39961600e-01 4.51116383e-01 -6.74270988e-01 1.27331889e+00
    -1.17437005e-01 9.98075604e-02 2.61849642e-01 5.85522592e-01
    2.91547179e-02 3.17898273e-01 4.78527963e-01 3.34910870e-01
    -1.71734393e-01 1.01212120e+00 7.66390145e-01 3.54689837e-01
    1.40177178e+00 1.47248292e+00 -8.79968286e-01 1.56119919e+00
    6.87246919e-01 1.53308392e+00 2.27737308e-01 9.57807541e-01
    4.25262034e-01 -4.07231599e-01 1.62423205e+00 7.66194463e-02
    -6.97621822e-01 6.35784864e-01 -4.71676379e-01 -2.09155262e-01
    1.01607156e+00 9.69826937e-01 1.37680304e+00 5.67644775e-01
    -4.95188832e-02 1.73007846e-02 -2.28529453e-01 7.47289300e-01
    1.23684883e+00 6.40531838e-01 9.54699457e-01 7.18682587e-01
    -3.68911117e-01 6.01658344e-01 7.62211025e-01 5.68832994e-01
    -3.78024578e-03 8.31005752e-01 1.42947912e+00 4.04527783e-01
    -5.59855700e-01 6.79365396e-01 5.60986638e-01 1.31281757e+00
    1.19762754e+00 -5.89255810e-01 1.00325704e-01 2.54509807e-01
    5.37072659e-01 3.29223752e-01 8.23860765e-01 4.48194981e-01
    -3.60410810e-02 1.47902298e+00 6.30438626e-01 1.37777567e+00
    9.62883830e-01 -5.58186889e-01 1.38873720e+00 7.37305105e-01
    1.01343483e-01 -4.28111702e-01 1.73888946e+00 -6.12717867e-01
    1.16726136e+00 1.09302640e+00 6.29095316e-01 6.40773416e-01
    -7.57012248e-01 1.00695658e+00 8.49910975e-01 1.37163913e+00
    1.14587975e+00 -7.18387365e-02 1.19172692e+00 -3.70292485e-01
    1.27236998e+00 1.63455963e-01 -3.04140508e-01 1.42701054e+00
    1.57104814e+00 -4.67536688e-01 -1.75058663e-01 6.53196871e-01
    6.16105795e-02 -4.13310319e-01 5.61983824e-01 -6.63664758e-01
    -2.47697949e-01 7.74045646e-01 7.87883341e-01 1.61063838e+00
    8.44916105e-01 -7.56652236e-01 -6.45174742e-01 -1.57818973e-01
    1.05129230e+00 -4.85554338e-02 2.50716031e-01 1.68006766e+00
    1.52577615e+00 1.82314622e+00 -5.87340295e-01 -6.93709850e-01
    6.48086309e-01 -3.57884824e-01 1.29664493e+00 -2.57320404e-01
    1.54353976e+00 1.05263770e+00 -8.15454721e-02 -7.62992561e-01
    7.84452498e-01 1.34244609e+00 8.29971790e-01 -6.12381697e-02
    -2.35787034e-02 6.63759768e-01 -5.16480923e-01 1.93025231e-01
    -1.18257940e-01 1.22560287e+00 1.25513208e+00 4.22070920e-01
    -4.16556835e-01 2.77574062e-02 -2.03334868e-01 1.15391064e+00
    1.19724286e+00 -3.50845009e-01 7.41967559e-01 -7.54469931e-01
    1.03120565e+00 -2.72818804e-02 4.65358973e-01 -1.14550948e-01
    2.56948292e-01 -4.18383181e-01 4.42841709e-01 3.36607575e-01
    6.72754943e-01 4.72826362e-01 1.28010821e+00 1.19126987e+00
    1.61843526e+00 7.79452085e-01 6.21061802e-01 1.60994053e+00
    3.25681269e-01 -2.30011672e-01 8.80109668e-02 -3.96448463e-01
    -1.00166559e-01 -2.09822059e-01 -8.97791386e-02 -7.17223883e-02
    -4.65064108e-01 1.16022110e+00 2.03448534e-03 6.43435717e-02
    4.40666378e-01 1.24049568e+00 1.31399751e+00 -4.21423405e-01
    7.94883668e-01 5.42835772e-01 -5.22161305e-01 -4.03076649e-01
    -7.58747339e-01 1.40884352e+00 2.43984461e-01 9.09672976e-01
    3.85397673e-01 1.87575817e-04 1.86014974e+00 1.37230396e+00
    1.56340456e+00 -5.05709529e-01 5.91669321e-01 1.61098206e+00
    -2.24046558e-01 1.36019957e+00 -3.11377048e-02 1.57331741e+00
    9.78263378e-01 5.45319676e-01 1.40559173e+00 4.06654298e-01
    9.11341667e-01 -2.13562071e-01 1.00387490e+00 1.78256202e+00
    -3.90386164e-01 1.08272433e+00 7.45084524e-01 -3.54869008e-01
    7.97794580e-01 1.14335060e+00 -1.81412280e-01 -1.15755558e-01
    1.72358322e+00 -7.49532342e-01 4.37681556e-01 1.42865300e+00
    7.89049387e-01 -4.60304737e-01 1.21077991e+00 1.22618794e-01
    5.09171247e-01 1.37865555e+00 -5.76331615e-02 -1.48705125e-01
    -5.82970142e-01 7.81426311e-01 -3.03101331e-01 -5.68076015e-01
    9.46319640e-01 -1.42483115e-02 -2.80889750e-01 -5.08947492e-01
    1.44858170e+00 6.16819978e-01 6.17718279e-01 1.49300516e-01
    6.15713179e-01 6.49323881e-01 9.25867975e-01 1.12684453e+00
    1.41685987e+00 1.03109932e+00 7.09241509e-01 1.69600606e-01
    6.81151867e-01 -4.68973130e-01 1.35759735e+00 1.16880250e+00
    8.16214323e-01 9.24989104e-01 -3.95034015e-01 2.34160781e-01
    -6.33957446e-01 4.65066075e-01 1.26694560e+00 1.49403334e+00
    -5.55380940e-01 -1.82387352e-01 1.56364501e+00 -4.53029692e-01
    -4.84292865e-01 -2.26752579e-01 1.79501760e+00 -1.89220548e-01
    1.33838749e+00 9.31230307e-01 1.84604836e+00 6.46536350e-02
    9.66588378e-01 -4.09853131e-01 -4.01824623e-01 -5.07462025e-03
    3.14880431e-01 1.29043078e+00 1.14206767e+00 -6.45736575e-01
    -5.19279122e-01 1.58570266e+00 -6.49796009e-01 -6.02197707e-01
    -6.47979200e-01 1.10405111e+00 1.79621518e-01 -3.11674297e-01
    -4.73908693e-01 1.45973611e+00 1.77966619e+00 -6.07748628e-02
    -2.84522772e-02 -5.95775187e-01 -5.87599695e-01 1.28363550e+00
    -2.48193085e-01 8.30997586e-01 -2.62874603e-01 9.16765392e-01
    9.00179148e-02 -4.43471462e-01 2.80557811e-01 7.33666837e-01
    -3.34258586e-01 5.03411889e-02 1.15533638e+00 1.33860886e+00
    2.09842265e-01 1.70958209e+00 4.48885620e-01 3.68167162e-01
    6.35618746e-01 2.10898638e-01 3.51606309e-01 -6.01635218e-01
    -1.57252252e-01 1.80811906e+00 1.77933562e+00 -4.78427023e-01
    9.67854500e-01 -6.23994172e-01 1.62597370e+00 -3.01172674e-01
    -2.40149170e-01 3.53985906e-01 9.72715676e-01 8.20033789e-01
    4.72136676e-01 1.06461346e-01 8.88741493e-01 1.69941783e-02
    -4.25790668e-01 -1.08612716e-01 5.46333075e-01 5.87996066e-01
    1.06836021e-01 -2.40715563e-01 6.87126517e-01 7.29727745e-01
    1.47082722e+00 1.64023995e+00 -4.28431690e-01 9.01045978e-01
    7.45874226e-01 -5.91791868e-02 1.47127390e+00 7.68458605e-01
    9.98495817e-01 -4.85871434e-02 -4.89937663e-02 9.34406042e-01
    3.24091315e-01 1.04990220e+00 -2.63619959e-01 7.36268044e-01
    9.26147819e-01 -5.16048968e-01 -6.30528271e-01 7.20887899e-01
    1.52508521e+00 -6.22265875e-01 -6.02794409e-01 -5.67485631e-01
    1.69088030e+00 1.65046573e-01 1.10340905e+00 1.81755245e+00
    5.58644354e-01 1.12490535e+00 1.13829994e+00 3.40784550e-01
    -3.99217129e-01 1.86478376e-01 2.88464963e-01 1.20005226e+00
    -6.10573411e-01 -4.59045053e-01 -9.10770893e-03 6.91934705e-01
    6.67916775e-01 -3.06190670e-01 7.27393508e-01 1.69124818e+00
    -5.06041646e-01 5.76450408e-01 2.86401510e-01 -1.84040964e-01
    1.39642477e+00 5.01405478e-01 -4.26506162e-01 6.49153173e-01
    -6.21329546e-02 -5.96849561e-01 1.66464865e-01 4.52429891e-01
    7.06510305e-01 2.34034300e-01 8.17720532e-01 1.09353125e+00
    8.22574258e-01 4.34083879e-01 -4.66506898e-01 4.60762322e-01
    1.19918561e+00 7.89802849e-01 2.64502168e-01 1.01573610e+00
    1.47728753e+00 -3.93623412e-01 1.51568115e-01 9.17593360e-01
    2.39021003e-01 4.37938333e-01 7.70240366e-01 9.80287850e-01
    2.66657829e-01 1.01276553e+00 -5.83915532e-01 8.23236644e-01
    1.91403985e-01 -7.99821019e-02 -1.47660613e-01 4.13828433e-01
    1.58531189e+00 1.28582406e+00 1.79911542e+00 1.32133198e+00
    -1.17331803e-01 -3.04154754e-02 8.28308463e-02 4.28090990e-01
    1.99406803e-01 2.77594388e-01 1.13254166e+00 9.13897932e-01
    3.47071648e-01 1.08927417e+00 -9.99535918e-02 5.70218503e-01
    1.76399708e+00 9.56052601e-01 2.48479843e-02 -4.14786339e-01
    2.38982081e-01 -4.62244511e-01 -3.98908883e-01 -7.94414878e-02
    1.44164371e+00 -1.23700976e-01 -5.81287205e-01 -3.15938145e-01
    1.29361570e-01 1.01671553e+00 9.47144210e-01 -5.35645902e-01
    -3.32742035e-01 1.55028009e+00 3.87051046e-01 1.58145547e-01
    1.82853401e+00 -1.47745013e-01 5.92329860e-01 1.07178903e+00
    6.07835054e-01 1.64679480e+00 -4.90255028e-01 1.60561848e+00
    1.25952935e+00 1.96531892e-01 3.38548422e-03 -3.46724927e-01
    1.76356459e+00 3.30700338e-01 1.08004653e+00 9.99835730e-02
    3.36034775e-01 1.75061452e+00 -6.31434083e-01 1.50990224e+00
    1.46819472e+00 1.20416391e+00 1.52723384e+00 4.09630954e-01
    -5.23488522e-02 1.55462468e+00 -8.58204365e-02 1.58496571e+00
    1.87316060e-01 2.08190680e-02 -2.18375683e-01 1.63452482e+00
    3.22336674e-01 -4.04905081e-01 -6.36832774e-01 -1.42477155e-01
    1.74409366e+00 -3.74753892e-01 1.11559880e+00 9.92170572e-01
    -9.65021849e-02 1.32141483e+00 -1.28142238e-02 1.27229571e+00
    9.89324391e-01 -3.08669806e-02 1.32150948e+00 2.48070955e-02
    1.75175071e-01 8.91073823e-01 -6.24989688e-01 6.93156123e-02
    1.50309467e+00 2.96475053e-01 4.96531188e-01 1.18848538e+00
    1.31399465e+00 -5.69307804e-02 1.15485847e-01 2.59790719e-01
    1.38674963e+00 7.29346752e-01 -5.40865719e-01 1.43122721e+00
    5.12574315e-02 -2.82078981e-03 1.78291023e-01 -7.35464752e-01
    9.21957076e-01 1.71706390e+00 4.18260157e-01 1.75437307e+00
    -4.57995206e-01 7.91184604e-01 1.49433064e+00 -7.09102631e-01
    1.15519464e+00 1.26224911e+00 -5.13741732e-01 6.06328249e-01
    1.27171898e+00 3.60217035e-01 2.66379476e-01 -5.31965733e-01
    1.42529821e+00 -1.03420615e-01 1.35877073e+00 5.64434826e-01
    8.58576000e-01 3.19185317e-01 1.47951519e+00 1.18890071e+00
    1.23449695e+00 5.97268224e-01 8.18942845e-01 5.97903132e-01
    1.02295518e+00 -3.92406642e-01 1.00824118e+00 6.78593695e-01
    2.42829978e-01 -2.95411348e-01 5.21453738e-01 5.80842853e-01
    -1.54779792e-01 1.40634298e-01 -5.18973649e-01 8.32644403e-01
    7.78927803e-02 -3.03990781e-01 1.56030726e+00 1.61450386e+00
    2.62225270e-02 3.18403244e-01 -4.93356287e-01 9.76988971e-01
    3.23112965e-01 3.24349999e-01 1.78429127e-01 8.55818093e-01
    6.98429585e-01 -4.28654641e-01 4.06126022e-01 -1.34981334e-01
    -1.41587317e-01 1.71174455e+00 4.70617890e-01 9.19921875e-01
    3.61354113e-01 4.78627861e-01 5.13551593e-01 1.09632432e+00
    -7.88928926e-01 1.59944618e+00 2.88425565e-01 1.48573363e+00
    1.13434315e+00 -6.00282729e-01 2.85626948e-01 -1.23651266e-01
    4.55606759e-01 -1.86823428e-01 -2.26447523e-01 9.60802019e-01
    -8.07605982e-01 1.72799504e+00 1.45254314e+00 -7.82961845e-02
    1.54543567e+00 -9.09229338e-01 9.27017868e-01 8.87020648e-01
    9.13318872e-01 1.44434905e+00 8.23631048e-01 -6.30150914e-01
    1.40178466e+00 -4.95093882e-01 1.42074990e+00 -3.63972932e-01
    1.23072076e+00 1.63374197e+00 -2.52834737e-01 -2.08013952e-01
    -5.36225975e-01 3.69675159e-01 1.15872097e+00 8.16897810e-01
    1.37071133e+00 2.99797475e-01 -1.42076313e-01 1.46984410e+00
    1.75635970e+00 -5.50254583e-01 4.34514225e-01 -5.13371468e-01
    -5.76989055e-02 1.55331206e+00 3.75234485e-01 1.01945388e+00
    5.32156825e-01 9.86881375e-01 7.37220407e-01 1.40915906e+00
    5.00388265e-01 1.67288220e+00 7.53278732e-02 4.19301093e-01
    4.08008039e-01 1.66455841e+00 -3.34397078e-01 1.31921768e+00
    -6.03985190e-01 8.89026344e-01 1.06855404e+00 7.51121402e-01
    1.21669817e+00 8.14585567e-01 5.45721471e-01 -4.91100341e-01
    2.41530657e-01 1.50917959e+00 -4.52076197e-02 1.81430840e+00
    -2.77705640e-01 1.18452549e-01 -3.22622001e-01 5.62369823e-04
    -8.36038589e-01 1.33845353e+00 7.33247280e-01 -3.19990367e-01
    1.23554993e+00 1.58434737e+00 9.64152813e-02 1.56665492e+00
    4.40084338e-02 1.48017812e+00 1.34253716e+00 4.35039639e-01
    1.61304903e+00 -6.86332405e-01 -1.19434178e-01 1.57006085e+00
    -4.14692134e-01 7.93918133e-01 8.82343829e-01 7.12475717e-01
    1.21463728e+00 -5.07911801e-01 -4.15340692e-01 1.88348794e+00
    -3.08228254e-01 3.74760866e-01 1.36360264e+00 -1.51374221e-01
    1.67898834e-01 -4.84768867e-01 1.48522317e+00 -2.33740658e-01
    1.56712198e+00 -2.86894858e-01 -3.04988623e-01 3.85799527e-01
    1.51334476e+00 -1.93594873e-01 5.68690717e-01 -4.96342391e-01
    1.76008964e+00 3.05866480e-01 -7.03962564e-01 1.34011853e+00
    9.19072986e-01 8.14391732e-01 -3.57227117e-01 -2.43558586e-01
    -3.91585439e-01 8.70161414e-01 1.97004676e-02 7.55699277e-01
    1.14678967e+00 5.85748672e-01 -7.48740196e-01 2.10629702e-02
    3.60593796e-01 -3.75324488e-02 1.60682297e+00 1.77873182e+00
    -5.99240661e-01 -1.35676920e-01 -4.20239568e-02 -7.03540802e-01
    -1.42778397e-01 -6.15137339e-01 1.74741149e+00 4.95285869e-01
    -4.94642615e-01 -5.28259873e-02 3.85425568e-01 1.11421585e+00
    -6.36789083e-01 -3.24103177e-01 1.69129300e+00 1.14557326e+00
    2.11587906e-01 1.66243851e+00 1.80053568e+00 -3.00550908e-01
    1.77733564e+00 2.72023678e-03 1.45917046e+00 -4.32541013e-01
    1.78348327e+00 -3.67369294e-01 2.12781310e-01 1.13080943e+00
    -5.41103601e-01 -5.66918552e-01 5.01211464e-01 1.11085713e+00
    9.27508116e-01 3.24547946e-01 -1.67071998e-01 -2.14299500e-01
    3.42965603e-01 9.90731478e-01 1.01826525e+00 -5.67989051e-01
    5.80100238e-01 7.62089550e-01 -4.77321416e-01 -4.58944380e-01
    -2.00814247e-01 3.33774567e-01 6.59713328e-01 -2.66228229e-01
    1.31524849e+00 2.24795282e-01 1.19563103e-01 1.04015124e+00
    4.37520742e-01 -7.15614319e-01 1.86437225e+00 5.10455608e-01
    -6.26408339e-01 -1.43624902e-01 8.99140716e-01 9.44891632e-01
    9.05695260e-01 -4.87674356e-01 4.36423838e-01 -1.04001284e-01
    1.64646745e+00 7.70981908e-02 1.01959062e+00 9.09766495e-01
    3.11822116e-01 -1.83876514e-01 1.47485471e+00 4.46379542e-01
    3.00275803e-01 6.61911428e-01 7.94172287e-03 6.90985680e-01
    9.01687801e-01 1.70243263e+00 -7.53792286e-01 1.26298976e+00
    1.13387859e+00 4.24316287e-01 -5.75732589e-01 3.90016079e-01
    -3.87287617e-01 1.48425770e+00 1.34787905e+00 3.56462300e-01
    1.16841555e-01 1.08619392e-01 1.40326095e+00 4.18025553e-01
    1.14942729e-01 2.78180778e-01 1.60191751e+00 4.09933329e-02
    7.64596105e-01 3.37717891e-01 1.37016404e+00 1.32619143e+00
    6.87223196e-01 8.20376217e-01 1.10695791e+00 -4.39656973e-02
    1.86567521e+00 1.34064317e-01 3.01454127e-01 -3.26103956e-01
    6.34458065e-01 -3.44498575e-01 8.47713828e-01 2.62566864e-01
    -7.63676107e-01 1.12728298e+00 3.57145071e-02 9.05326068e-01
    6.16792023e-01 1.35433114e+00 6.83384359e-01 9.45560932e-02
    6.24389648e-01 1.20513105e+00 -3.94123316e-01 -6.61090732e-01
    1.62998927e+00 -1.33490026e-01 -1.41648054e-01 1.13732624e+00
    1.67791331e+00 1.08040643e+00 -8.23672652e-01 8.90504479e-01
    -5.17929196e-01 1.38368249e+00 1.37533188e-01 -6.09439850e-01
    1.62559676e+00 8.99349153e-01 1.58995640e+00 -1.56337321e-01
    4.37898576e-01 1.49068308e+00 4.52160537e-01 -1.94282174e-01
    7.58952320e-01 1.46763182e+00 1.47914457e+00 2.84366846e-01
    -8.56170833e-01 3.58668864e-01 1.06718564e+00 6.61876500e-01
    -1.24180913e-01 -3.79334271e-01 -5.63715696e-02 -1.65725052e-01
    -6.79955840e-01 1.47759902e+00 1.60963655e-01 4.73626435e-01
    1.51476741e+00 6.76497638e-01 1.53454351e+00 -3.03767115e-01
    4.44697022e-01 -9.05542374e-02 1.21950769e+00 3.78057241e-01
    3.62318695e-01 8.52441788e-03 7.18074799e-01 6.90106869e-01
    -4.47274446e-01 1.53669596e-01 2.43259430e-01 8.98350716e-01
    8.24136972e-01 3.73570681e-01 4.71318364e-01 1.63683033e+00
    1.06233990e+00 -4.85831499e-02 1.06026709e+00 3.01838756e-01
    1.14226687e+00 3.82571340e-01 1.62667394e+00 3.67568552e-01
    3.39827657e-01 1.00604808e+00 -6.10464811e-01 -4.90150750e-01
    1.64996123e+00 -2.68898338e-01 1.67745459e+00 8.46565962e-01
    8.76226008e-01 6.78717375e-01 1.29445553e+00 1.61337173e+00
    -1.98324382e-01 1.65771508e+00 -2.90203094e-03 1.42396915e+00
    -2.30716467e-02 -3.47132206e-01 1.60747766e-01 -6.74102306e-01
    1.31345046e+00 -4.28110212e-01 -1.86522007e-01 1.18755162e-01
    5.33826947e-01 4.96216714e-01 1.36218393e+00 4.73977566e-01
    -7.45984197e-01 -1.50427997e-01 5.43808937e-03 -7.02553391e-01
    -7.65564919e-01 1.44154000e+00 1.29095399e+00 7.36332655e-01
    1.58240390e+00 7.31780171e-01 -2.74031073e-01 -1.32003665e-01
    2.61651397e-01 1.21913564e+00 -5.50941229e-02 6.84029937e-01
    8.38692725e-01 9.18222666e-01 6.89150870e-01 9.09372330e-01
    3.04459870e-01 -4.01034534e-01 1.71783996e+00 8.75060558e-01
    1.16475296e+00 9.99354303e-01 7.75229454e-01 8.06014836e-01
    3.04275632e-01 9.10121918e-01 -3.75013649e-01 1.15222239e+00
    1.13804710e+00 7.19972134e-01 1.24406910e+00 1.36403239e+00
    -1.52870238e-01 1.43272793e+00 -6.90947235e-01 1.22063839e+00
    -1.00736022e-01 4.95945096e-01 1.45478094e+00 1.26595402e+00
    -1.80489957e-01 7.50085175e-01 -3.23615670e-01 8.34630132e-01
    1.40232658e+00 4.72984254e-01 6.44311309e-01 1.20616388e+00
    1.62225461e+00 4.95265722e-02 1.02510667e+00 -3.88379753e-01
    1.19856560e+00 1.60207653e+00 -5.03546000e-01 -5.80485821e-01
    3.65118980e-02 5.10860384e-01 -6.29786313e-01 8.04766834e-01
    3.02934468e-01 1.72257376e+00 5.13275862e-01 -4.36776608e-01
    7.08989561e-01 -2.54701167e-01 -2.66539931e-01 -2.85853505e-01
    4.91988003e-01 -4.98061180e-02 1.04067588e+00 -1.18688405e-01
    6.20855093e-02 1.34212232e+00 -2.68972397e-01 9.80159581e-01
    -2.65965104e-01 9.54524219e-01 6.37143493e-01 7.73567498e-01
    7.17261434e-02 1.62254500e+00 -2.91132390e-01 -2.27233231e-01
    -6.82013333e-02 3.46061110e-01 -1.78254455e-01 -5.49116135e-02
    8.63200307e-01 4.24875617e-02 -5.98628998e-01 1.76458716e+00
    1.41526520e+00 9.46739972e-01 -3.99727255e-01 -4.83823538e-01
    -6.30347490e-01 1.51955676e+00 1.22826028e+00 8.61012340e-01
    -4.96258974e-01 -4.56180692e-01 4.21062171e-01 -3.20578456e-01
    5.29356122e-01 -2.05610931e-01 1.14524066e+00 4.46035266e-01
    4.30236936e-01 -4.31688309e-01 1.14398932e+00 3.39635313e-01
    1.55980825e-01 7.96996355e-02 1.10132873e+00 1.09198284e+00
    1.57984746e+00 -5.88223934e-02 1.52893364e-01 9.84065354e-01
    1.69371390e+00 -1.85513496e-02 -1.80022418e-01 1.78489864e-01
    7.91991234e-01 5.07062078e-01 9.36922908e-01 -2.79513389e-01
    1.96295881e+00 7.42471218e-02 3.48304927e-01 1.46075571e+00
    1.77603221e+00 1.66316819e+00 -3.88896227e-01 1.14809227e+00
    -2.06311822e-01 -6.40805840e-01 9.50165510e-01 2.95554221e-01
    8.87773514e-01 -2.48675466e-01 -1.07666612e-01 1.10393333e+00
    1.53794372e+00 1.56470120e+00 1.20377517e+00 1.23709524e+00
    1.64712119e+00 1.54513299e+00 7.12443471e-01 1.69754386e+00
    -7.25829661e-01 -5.31397581e-01 1.50864100e+00 4.54013586e-01
    -3.00489068e-01 1.41995227e+00 1.62801242e+00 4.70548153e-01
    1.18598688e+00 4.88289833e-01 -1.23673677e-02 1.77926183e-01
    1.86912894e-01 1.55267167e+00 1.32983446e+00 -8.60909820e-02
    1.16177380e+00 7.37561584e-01 3.26833963e-01 1.02000785e+00
    6.23714149e-01 -7.44696140e-01 7.61255443e-01 1.80672097e+00
    3.73705745e-01 -7.23070204e-01 3.97868872e-01 -2.60403514e-01
    1.31675148e+00 3.84722352e-01 -2.51671016e-01 5.88885546e-02
    1.46306849e+00 3.97818089e-01 1.73627996e+00 -6.18302763e-01
    8.21749210e-01 6.83956623e-01 6.79839134e-01 2.78769314e-01
    1.89009333e+00 -4.34678316e-01 -5.69310308e-01 -4.21321392e-03
    8.05127025e-01 -2.84948468e-01 -4.27443981e-01 -6.60050690e-01
    1.71028519e+00 3.78851712e-01 7.21853375e-01 -6.21029258e-01
    1.60152268e+00 7.30680227e-01 1.13564157e+00 8.08940530e-01
    1.51646912e+00 7.09691405e-01 1.51652169e+00 1.68153536e+00
    9.29213226e-01 -4.82272685e-01 -1.29639208e-01 -2.13500828e-01
    4.26134765e-01 9.59984541e-01 1.59471929e-01 1.20639586e+00
    4.06501293e-02 1.00893736e+00 1.22245550e-02 2.32763290e-02
    1.62124574e+00 7.30092764e-01 -5.02359211e-01 4.61030602e-01
    -1.08188987e-01 -2.53373444e-01 1.48523235e+00 1.03843462e+00
    2.50697970e-01 1.09317863e+00 -8.86426806e-01 6.65621459e-01
    9.96979535e-01 1.35139728e+00 1.99049711e-01 5.42671740e-01
    1.63864553e-01 8.31605613e-01 1.66434228e+00 1.71487784e+00
    9.93859768e-03 7.06941783e-01 2.75409400e-01 -4.32152033e-01
    8.88891280e-01 2.40304112e-01 4.40075040e-01 1.17364442e+00
    1.41114092e+00 1.87475681e-01 1.44302368e+00 1.72682559e+00
    1.52606666e+00 7.66953111e-01 -4.97842252e-01 1.33873618e+00
    -7.18666792e-01 -6.47650957e-02 4.53472853e-01 -3.48780423e-01
    4.49262202e-01 -4.28031772e-01 8.43614757e-01 2.34176397e-01
    1.90667987e-01 6.45053744e-01 1.04077339e+00 -6.00190163e-01
    1.09487462e+00 -5.47634661e-01 1.38203597e+00 -1.42369568e-01
    8.31603467e-01 -5.32190204e-01 8.88024449e-01 -2.39182532e-01
    9.99388874e-01 1.00326991e+00 -6.06589317e-02 1.75512493e+00
    -2.33910799e-01 1.19571328e+00 9.43589926e-01 1.12745798e+00
    6.71732426e-03 -3.53994966e-02 -1.42426193e-01 1.58825207e+00
    -6.34972572e-01 2.81576514e-01 1.40393329e+00 1.65107632e+00
    2.29207575e-01 1.92383146e+00 -3.06691766e-01 1.63749576e-01
    1.35182309e+00 -3.37055087e-01 -4.15176898e-01 1.74387062e+00
    1.34937525e+00 -3.92164469e-01 6.06924713e-01 -5.39063811e-01
    6.20311141e-01 7.62996316e-01 5.27164638e-01 2.94145346e-02
    -3.31081569e-01 -1.26056135e-01 7.19920933e-01 1.05232191e+00
    1.15340233e-01 -5.40113926e-01 9.47114110e-01 9.66993690e-01
    1.06961560e+00 2.76253402e-01 1.68331718e+00 1.68446767e+00
    1.59917688e+00 1.93633616e-01 1.31736183e+00 1.06822109e+00
    2.30162680e-01 -2.13495314e-01 1.72989869e+00 -2.53568530e-01
    1.83048737e+00 -7.04642177e-01 7.11420000e-01 1.16183794e+00
    2.08374023e-01 1.56986082e+00 7.71806300e-01 2.53026724e-01
    2.42998362e-01 -3.82494181e-01 9.20091748e-01 -3.71628553e-01
    1.74705672e+00 1.29690182e+00 6.81618571e-01 1.81250632e-01
    -2.01847136e-01 -8.07273388e-03 1.75559688e+00 -5.59181631e-01
    1.98915541e-01 -3.25189710e-01 4.37273383e-01 1.02397096e+00
    1.00082242e+00 7.63142049e-01 6.53622270e-01 -1.49706006e-01
    1.47013187e+00 1.76029682e-01 1.17419481e+00 1.19125760e+00
    1.28485620e+00 6.55583143e-01 2.58129418e-01 -6.29814982e-01
    5.41658401e-01 -3.24589610e-02 -5.19705832e-01 3.83847475e-01
    -5.93024492e-03 3.01049352e-02 9.05763388e-01 -4.88565296e-01
    -8.91842842e-02 7.27048457e-01 -6.84925914e-02 3.40956569e-01
    1.34607124e+00 7.33209908e-01 -3.73545855e-01 -5.29222190e-01
    4.06253576e-01 -3.62696350e-01 1.00723124e+00 -6.66200876e-01
    -3.15887898e-01 -6.30777061e-01 1.24099970e-01 1.11835420e-01
    1.06494188e+00 -2.29154497e-01 -1.06969476e-01 6.20135903e-01
    2.51408696e-01 -2.48149753e-01 1.92875838e+00 -3.26489538e-01
    7.51183867e-01 1.02205300e+00 -8.29274535e-01 8.20893645e-02
    -1.69669986e-02 7.49354243e-01 -3.78820360e-01 3.02937865e-01
    1.04398561e+00 1.05435944e+00 3.42766464e-01 5.30099809e-01
    -2.41800427e-01 9.68077838e-01 -3.71865809e-01 5.39422631e-02
    1.02968657e+00 -5.56352019e-01 -6.30204320e-01 1.42657256e+00
    3.06552410e-01 1.53642440e+00 -2.44706154e-01 7.02471733e-01
    1.07191241e+00 7.59039521e-01 1.23973906e+00 4.65867221e-01
    3.23196828e-01 3.43168795e-01 -7.66369700e-02 -7.25542963e-01
    1.53193414e-01 8.77244234e-01 7.67753720e-02 -2.81643569e-01
    1.06136775e+00 -5.98668098e-01 1.95888638e-01 1.63574910e+00
    1.17811227e+00 1.24173522e-01 9.74489748e-01 5.65502167e-01
    6.79520369e-02 1.36854219e+00 1.32393050e+00 1.63793898e+00
    -1.96380019e-01 -2.15811551e-01 1.67554259e+00 1.37015581e+00
    5.01949012e-01 1.28917599e+00 -2.20667660e-01 1.08626628e+00
    9.56876814e-01 -2.28928447e-01 1.29646206e+00 4.15815294e-01
    -3.90849888e-01 1.62864447e-01 -6.95429206e-01 1.08304620e-01
    1.13157547e+00 6.75581932e-01 -1.70688987e-01 -7.43697166e-01
    6.39097095e-02 1.31959271e+00 -5.29799819e-01 1.47921085e-01
    -1.20869756e-01 -4.16703910e-01 1.08607388e+00 -6.86520934e-01
    1.39406312e+00 1.11715496e+00 1.30242574e+00 1.55688369e+00
    7.18061924e-01 1.94044292e-01 -5.67198455e-01 6.94508135e-01
    7.28315175e-01 9.81547832e-01 -6.34081006e-01 4.69808459e-01
    1.01132798e+00 6.29045725e-01 1.29728675e+00 5.08395076e-01
    1.58451474e+00 5.58530092e-01 -1.54996693e-01 1.24328232e+00
    1.00929546e+00 -6.36536241e-01 6.19350016e-01 3.03681910e-01
    1.25048900e+00 1.76602304e+00 1.66751039e+00 -1.77801967e-01
    1.28436148e+00 1.45782852e+00 1.19251847e+00 7.49412537e-01
    1.09909856e+00 9.72070932e-01 1.53657913e+00 -3.72629225e-01
    5.06209493e-01 1.52257180e+00 1.85959578e-01 1.00184393e+00
    7.07460880e-01 -1.86794221e-01 -1.09390140e-01 1.15958381e+00
    1.31076419e+00 3.23294163e-01 9.60197628e-01 -4.24219489e-01
    4.20637071e-01 1.64546323e+00 -3.69443446e-01 -2.87804514e-01
    -4.26474929e-01 3.61866295e-01 1.18395770e+00 -5.34448028e-01
    1.52198267e+00 4.28330004e-01 -5.76019764e-01 1.02705050e+00
    3.46524656e-01 1.13549769e-01 -4.73701447e-01 8.97179902e-01
    -7.12731123e-01 -1.83067262e-01 -8.09302747e-01 1.44823444e+00
    9.72468853e-01 7.98309624e-01 1.14188480e+00 1.14554238e+00
    -5.07947803e-02 1.10112238e+00 -5.54657221e-01 -2.37918675e-01
    1.61309695e+00 -7.18156457e-01 1.00568712e-01 1.00933218e+00
    1.59425986e+00 2.16676533e-01 3.83841276e-01 -1.81997359e-01
    -4.42612290e-01 1.66362453e+00 1.31004870e-01 1.73629332e+00
    -3.35929155e-01 -6.81342542e-01 1.42997909e+00 1.06038165e+00
    4.29738641e-01 2.62494624e-01 1.34254098e+00 5.16486049e-01
    3.40038776e-01 -5.88923335e-01 1.49137378e+00 1.32915568e+00
    -5.97673833e-01 -2.79495120e-02 2.71670938e-01 4.45501983e-01
    -2.85877705e-01 -1.83191776e-01 1.38608098e+00 4.50403333e-01
    1.04639196e+00 -2.00871825e-02 -2.56189764e-01 1.24042702e+00
    -2.38571167e-01 8.49693894e-01 2.47379184e-01 1.66652918e+00
    -5.94937265e-01 8.46595526e-01 7.94133544e-02 5.59537768e-01
    9.19256449e-01 6.97620928e-01 -1.38667166e-01 -6.31854653e-01
    1.17333341e+00 -7.17950225e-01 1.12092793e-01 -4.99682188e-01
    9.74002600e-01 -3.24177742e-01 3.44526887e-01 1.52588296e+00
    1.54730785e+00 -5.90779543e-01 3.26614261e-01 1.52445972e+00
    1.47442794e+00 5.30804276e-01 1.67856729e+00 1.62049055e-01
    7.59760261e-01 8.73853803e-01 1.17555952e+00 -9.55463648e-02
    1.02178395e+00 1.55725157e+00 -3.60092938e-01 1.29613304e+00
    1.57763243e+00 1.15198016e-01 1.79800344e+00 1.51286864e+00
    8.70861232e-01 7.61225224e-02 1.62303245e+00 2.08107352e-01
    1.24321032e+00 1.45565426e+00 1.70175481e+00 4.96516228e-01
    2.89375722e-01 -4.72705066e-01 1.68394983e-01 1.05335724e+00
    2.91157365e-02 6.77993238e-01 -4.47577596e-01 7.91854262e-02
    5.07888794e-02 2.52244413e-01 1.45176506e+00 -6.74169302e-01
    3.75307679e-01 3.63804281e-01 1.28014159e+00 9.05971766e-01
    1.81505680e-01 8.80789757e-01 -7.77882338e-02 -5.86624503e-01
    1.18405282e-01 -2.73336947e-01 1.07694983e+00 2.90730238e-01
    -1.14846349e-01 1.08807933e+00 4.06801105e-01 1.09793949e+00
    3.33552182e-01 -8.62129331e-02 -5.80696464e-01 -1.26260698e-01
    1.36866188e+00 1.56508529e+00 9.18241739e-02 2.88324654e-01
    -1.31351233e-01 -4.89753485e-03 1.08023047e+00 1.57939219e+00
    1.23304713e+00 -6.65935040e-01 7.22092390e-01 5.13602614e-01
    1.29436934e+00 -5.34071863e-01 1.12871075e+00 1.71654880e-01
    2.67798424e-01 -1.85577422e-01 -5.80356240e-01 1.36960101e+00
    9.82296944e-01 1.37684393e+00 1.60243011e+00 1.38879228e+00
    1.43024087e+00 -5.06490350e-01 -6.92104101e-02 3.61643374e-01
    -3.12489063e-01 1.11751497e-01 -4.47876930e-01 1.44511044e-01
    -5.73798656e-01 -2.16535032e-01 1.71860290e+00 -9.45425034e-02
    2.52086222e-01 5.57616174e-01 2.55973160e-01 4.72974837e-01
    4.35157239e-01 -2.47014284e-01 1.81025016e+00 1.23465884e+00
    9.16196465e-01 9.12955165e-01 -6.57452822e-01 6.20760560e-01
    -4.23972368e-01 1.69170547e+00 1.73122585e-01 9.24635947e-01
    2.68381834e-02 1.28205228e+00 -8.53626847e-01 1.13699615e+00
    1.63431120e+00 -2.61098146e-03 9.67784941e-01 3.71165037e-01
    1.51688027e+00 2.00176835e-02 5.45131505e-01 1.53055024e+00
    6.42848730e-01 -3.57564926e-01 5.64829350e-01 -8.34734082e-01
    7.25459158e-01 1.23358989e+00 2.62489855e-01 2.76419580e-01
    1.19869030e+00 1.97140217e-01 1.10693753e+00 -1.80654049e-01
    1.13666582e+00 1.56265032e+00 1.41063154e-01 1.18344605e+00
    6.78049803e-01 -3.68883610e-02 1.30251670e+00 2.59357214e-01
    1.45495582e+00 -3.22019875e-01 -5.95375299e-02 -6.57289207e-01
    1.04485202e+00 -4.53128159e-01 -3.98493677e-01 2.72406280e-01
    1.02702534e+00 4.39854264e-01 -3.01424205e-01 -1.00195050e-01
    6.35694206e-01 7.42230833e-01 -1.16207838e-01 -8.22180450e-01
    -1.13898456e-01 1.42100573e+00 4.04678166e-01 -7.64672041e-01
    1.69015110e+00 9.20328617e-01 1.44787145e+00 8.77561569e-02
    -6.85379028e-01 -4.12053019e-01 1.54507017e+00 9.14596915e-01
    1.09412539e+00 6.13402069e-01 1.20574665e+00 9.25629675e-01
    2.43998826e-01 1.55279064e+00 1.43793488e+00 1.73126209e+00
    -1.86469495e-01 5.80883026e-03 1.05231595e+00 -5.69871485e-01
    -3.05291951e-01 -2.80132502e-01 9.05154407e-01 1.39700997e+00
    9.61291790e-01 1.44117355e+00 7.81048894e-01 4.13869679e-01
    1.10928392e+00 -9.29740071e-02 4.31757510e-01 4.68503892e-01
    -7.78628290e-01 4.18472588e-01 6.83661699e-01 -1.76638752e-01
    -5.54573357e-01 1.51387751e-01 1.11198783e+00 1.27426505e-01
    1.07009506e+00 1.58499694e+00 -6.24690056e-02 8.81666660e-01
    -4.65721816e-01 -6.76776707e-01 -3.46754581e-01 -7.04098523e-01
    1.66118693e+00 1.34510136e+00 1.59223676e-02 -2.23658383e-01
    -4.43118989e-01 4.03790236e-01 1.03269911e+00 1.33183670e+00
    7.73726881e-01 -4.56683278e-01 3.39653134e-01 1.21390224e-02
    3.71109664e-01 -3.44639868e-01 1.11927211e-01 -1.10758603e-01
    1.97172010e+00 -3.06558192e-01 1.01551485e+00 -6.40955567e-01
    1.79207289e+00 9.26522076e-01 5.28943062e-01 3.05073500e-01
    1.55991066e+00 1.11652863e+00 8.54569733e-01 -4.33470935e-01
    -6.39581084e-02 -7.03828335e-02 -2.97295094e-01 6.14698172e-01
    6.12327933e-01 1.26931989e+00 -2.41506100e-02 8.31124008e-01
    1.26765847e+00 5.38472593e-01 -5.63570857e-02 1.55540431e+00
    -5.92203021e-01 1.36168671e+00 1.10873139e+00 1.08489752e+00
    -4.19813633e-01 1.44740701e+00 1.44064796e+00 2.35183537e-01
    -4.35537547e-01 -2.41118371e-01 -9.50492620e-02 1.32210422e+00
    9.02886748e-01 1.58363986e+00 4.38543558e-02 -7.44911849e-01
    9.96052742e-01 3.96745443e-01 1.47689176e+00 2.38481343e-01
    -6.33214116e-01 1.81207836e-01 -6.79500818e-01 1.21349478e+00
    -6.61854684e-01 -2.65862525e-01 4.26197827e-01 6.68808162e-01
    -7.31087625e-01 7.48415887e-01 -7.46244073e-01 -2.53828943e-01
    7.42227197e-01 5.84714890e-01 1.14473057e+00 1.37441981e+00
    1.27343845e+00 1.12677228e+00 1.77192950e+00 5.46330869e-01
    2.19534814e-01 -1.97883278e-01 -3.40551138e-02 1.16457295e+00
    9.24687982e-01 4.25168753e-01 5.12352467e-01 1.56719041e+00
    1.47918355e+00 7.96998024e-01 -3.67760658e-04 6.05098426e-01
    6.81290805e-01 1.51456785e+00 1.65961564e+00 -7.10481405e-01
    1.16009903e+00 -6.02052689e-01 -5.15945554e-01 1.44178057e+00
    -2.01591611e-01 1.09430969e+00 5.72306752e-01 9.62794304e-01
    -4.45159137e-01 1.59733915e+00 -1.39755964e-01 -1.31585360e-01
    9.94517148e-01 5.08633852e-01 1.43776405e+00 -2.95010805e-02
    1.76936507e-01 1.87375724e-01 1.42508125e+00 1.08989763e+00
    1.40214670e+00 4.86646891e-01 6.71298027e-01 4.43418264e-01
    1.68736601e+00 3.12805533e-01 5.92189193e-01 1.60197711e+00
    1.47391009e+00 1.10642076e-01 -7.31719017e-01 3.16124439e-01
    5.46171367e-01 -5.05234003e-01 1.01840806e+00 2.92178690e-01
    -4.18024421e-01 -5.68340063e-01 1.79489732e+00 5.82707822e-01
    -5.80953538e-01 1.07321429e+00 -5.20189047e-01 8.93029332e-01
    6.43588364e-01 -5.67560434e-01 6.97863221e-01 1.67830169e+00
    4.25784409e-01 -4.86057699e-01 -5.61460376e-01 -3.25621068e-01
    1.43089795e+00 7.78853893e-04 -8.60648751e-02 4.57007170e-01
    2.90621877e-01 9.66317058e-01 -6.40168309e-01 1.42906284e+00
    8.92471790e-01 3.52876425e-01 1.69795179e+00 1.51348591e+00
    7.69361496e-01 7.36347556e-01 2.01455295e-01 8.83593559e-01
    1.67619061e+00 -4.99792933e-01 1.13251066e+00 -1.16653860e-01
    4.74343121e-01 -1.08205140e-01 1.25473189e+00 6.03968024e-01
    1.20443702e-01 -7.03053594e-01 1.64493608e+00 1.00283539e+00
    -5.13959587e-01 8.77323866e-01 1.42402411e-01 -5.12850344e-01
    -3.43850762e-01 7.59786367e-02 -2.54036903e-01 1.36223972e-01
    1.69547105e+00 1.30208516e+00 3.27616692e-01 -7.15738833e-01
    9.71011519e-01 8.78872812e-01 1.12595880e+00 7.94692636e-01
    8.93082023e-02 -4.61222142e-01 8.19275558e-01 1.51762664e+00
    1.03822005e+00 4.91712689e-01 3.94327760e-01 -4.90432262e-01
    -1.15918279e-01 9.47982073e-03 2.30646968e-01 1.49436533e+00
    1.81295681e+00 -7.97334194e-01 5.03314912e-01 1.32381010e+00
    1.08805025e+00 -7.11063325e-01 1.25081682e+00 1.48204851e+00
    1.16919839e+00 1.30611181e+00 3.96308005e-01 -7.61806965e-01
    8.81889820e-01 -2.56138325e-01 5.66561222e-01 6.62041306e-01
    9.85538304e-01 -3.11028957e-01 -8.21388483e-01 -4.98074532e-01
    -9.67916250e-02 1.04005754e+00 -4.34590995e-01 1.39468408e+00
    1.05800438e+00 3.97435725e-01 1.07585979e+00 1.05320144e+00
    -1.76820636e-01 7.99718916e-01 -8.31269026e-01 1.35038757e+00
    -4.63832289e-01 -6.40490055e-02 9.32120860e-01 -4.59449291e-02
    1.39662898e+00 1.59891152e+00 1.17470503e+00 -4.80442047e-01
    8.33937526e-02 1.51222360e+00 -5.89876056e-01 7.30452716e-01
    -6.97005808e-01 -1.36723340e-01 1.27720654e-01 1.71047044e+00
    1.00563562e+00 1.10506773e+00 1.40276718e+00 -6.73744321e-01
    1.54680896e+00 1.52702594e+00 1.02690172e+00 -2.46905625e-01
    1.84237456e+00 -1.26677334e-01 -2.93027610e-01 -9.95426774e-02
    8.26787531e-01 9.22026038e-01 5.18645942e-01 7.80686140e-01
    4.01301980e-01 -4.33013439e-01 2.06874311e-01 9.92352962e-01
    -5.10617614e-01 -2.17420101e-01 -3.44090194e-01 3.21282327e-01
    1.38679695e+00 -6.91645861e-01 -2.16974437e-01 1.28988612e+00
    1.08497334e+00 -7.95882344e-02 -3.03056300e-01 1.75441790e+00
    1.22494459e+00 1.87094593e+00 5.71173429e-02 1.21130705e+00
    -3.00130576e-01 -6.03275418e-01 1.54136443e+00 1.24642038e+00
    1.21909904e+00 9.62138653e-01 -7.13865638e-01 5.53431392e-01
    1.64915681e+00 3.46547961e-01 6.53973103e-01 2.59496927e-01
    5.29781461e-01 7.46420085e-01 4.42791760e-01 -5.23806572e-01
    -5.02587974e-01 1.22203922e+00 2.76334167e-01 -1.15998387e-01
    1.44491196e-01 -8.04593503e-01 1.72936499e+00 3.33531320e-01
    1.42681026e+00 5.72342277e-02 1.26927972e+00 6.77070200e-01
    9.64689910e-01 -1.81658804e-01 1.42848635e+00 -2.25215971e-01
    9.94859695e-01 4.94143605e-01 1.67515469e+00 -2.25356519e-01
    1.74994886e-01 1.64336658e+00 -1.78772926e-01 9.68750417e-01
    1.36949396e+00 1.50055063e+00 1.36330330e+00 7.91708708e-01
    5.36354780e-02 1.20385051e+00 -1.97103977e-01 5.71682453e-02
    6.55348539e-01 2.99655199e-01 1.07551455e+00 1.17507207e+00
    4.02790189e-01 3.10932994e-02 -1.18955851e-01 -8.60448003e-01
    1.19753337e+00 8.08853269e-01 6.77862227e-01 6.83852136e-01
    1.37590957e+00 -8.98748636e-01 1.05892062e+00 -1.27259314e-01
    1.16158926e+00 4.58320260e-01 -4.29955691e-01 4.93286729e-01
    1.21863627e+00 5.59087992e-02 6.39936626e-01 1.96540892e-01
    1.37628198e+00 2.74934888e-01 6.31561577e-01 -5.32298267e-01
    1.13010406e+00 1.47870231e+00 1.04012275e+00 1.26486397e+00
    7.68920183e-01 1.30985463e+00 -5.81709027e-01 5.85186183e-01
    -6.52301311e-03 9.78669643e-01 8.94047379e-01 1.26368403e+00
    -5.15786946e-01 1.11320138e+00 -6.57058895e-01 7.30544031e-01
    1.28767633e+00 8.25016618e-01 1.57931697e+00 1.42638707e+00
    1.42236984e+00 1.82208419e-01 1.61309350e+00 1.45297730e+00
    1.65711820e+00 1.64864290e+00 5.23340881e-01 3.13955009e-01
    -4.11006421e-01 8.59575689e-01 7.39011943e-01 -2.66458333e-01
    1.29748058e+00 -4.38950986e-01 1.31291270e+00 2.28778362e-01
    -3.46342862e-01 1.36120582e+00 7.59344399e-01 -3.39881301e-01
    9.57940578e-01 1.26888216e+00 -5.98591566e-03 1.32134390e+00
    9.43877816e-01 1.14846599e+00 4.52928185e-01 1.45097673e+00
    4.53630984e-01 -1.50233090e-01 -4.63273495e-01 -2.35302448e-02
    -6.97810888e-01 1.56061673e+00 -8.76560211e-02 9.26960707e-01
    3.23943496e-02 6.94142520e-01 -1.22442782e-01 1.34965849e+00
    6.73468888e-01 3.47356260e-01 -4.06592518e-01 1.52959287e-01
    3.01691294e-01 8.33986938e-01 -4.27133530e-01 1.90762877e-02
    2.51401186e-01 1.47160733e+00 1.28985763e+00 3.40089440e-01
    6.69934392e-01 -4.04945701e-01 1.14271212e+00 -1.49050191e-01
    5.43398201e-01 1.30889118e+00 8.06921244e-01 6.19047046e-01
    1.45078504e+00 -2.88071811e-01 9.22679067e-01 -5.26978612e-01
    8.02273691e-01 1.68189013e+00 -4.57150996e-01 -1.41618311e-01
    1.36428308e+00 -2.63674676e-01 1.78330863e+00 1.03384387e+00
    1.75586748e+00 -6.10103548e-01 8.47394228e-01 7.13527441e-01
    4.29738402e-01 -9.01121855e-01 1.61441672e+00 5.21531224e-01
    1.03200710e+00 5.66943586e-01 9.64529097e-01 -5.00623584e-02
    1.06365025e+00 1.06058371e+00 -6.11263216e-01 3.35239172e-01
    1.26203537e+00 -3.85777682e-01 2.06197321e-01 -2.62673646e-01
    1.57714069e-01 7.44706929e-01 1.61751366e+00 1.37763643e+00
    8.91606033e-01 -5.29110432e-03 1.23371589e+00 2.13451147e-01
    9.08682823e-01 1.64586782e-01 4.75797176e-01 3.27394247e-01
    6.51722431e-01 1.30731654e+00 1.20745695e+00 -1.63654029e-01
    5.25670230e-01 1.55828822e+00 5.76928139e-01 8.28383565e-01
    -6.00469112e-03 8.47830415e-01 1.27985418e+00 6.62505031e-01
    7.70956278e-01 -6.92157030e-01 1.62839389e+00 3.12829018e-01
    1.08304214e+00 5.01330316e-01 -9.24817324e-02 1.07857144e+00
    6.03256941e-01 3.13994884e-02 4.74942088e-01 1.40970540e+00
    9.10030842e-01 -4.88615602e-01 5.62419176e-01 -1.03429139e-01
    2.10563719e-01 1.48589194e+00 -5.43790996e-01 1.23826599e+00
    -1.08397663e-01 1.21958518e+00 -6.69319153e-01 1.43179142e+00
    1.67362094e+00 9.48217511e-01 -2.27505803e-01 1.23354053e+00
    1.47376382e+00 -2.03538179e-01 1.77372396e-01 -5.56656897e-01
    3.73483419e-01 1.41102672e+00 1.33322084e+00 1.40681267e+00
    -4.16447371e-01 2.29082167e-01 1.55973196e+00 4.23178613e-01
    -7.97928214e-01 1.00010693e-01 -5.78858256e-02 3.62702012e-02
    3.33754122e-01 6.17666125e-01 -4.03267324e-01 1.28499413e+00
    2.37709999e-01 1.57390904e+00 -1.64559424e-01 -2.93668270e-01
    1.37500107e+00 7.41470456e-02 3.83452713e-01 4.20720994e-01
    1.06871724e-01 -1.35179162e-01 1.61820066e+00 -3.88716817e-01
    1.57778621e+00 -5.30894637e-01 1.70679212e+00 6.67740047e-01
    1.25156224e-01 4.14125919e-02 1.60268426e+00 2.30391443e-01
    -4.05880779e-01 7.15745091e-02 -8.87721777e-03 -4.12533939e-01
    -9.05721188e-02 4.53058481e-01 1.45478654e+00 1.16579425e+00
    -5.43269515e-01 3.92503142e-01 1.06039882e-01 1.35484171e+00
    1.67472184e-01 9.50955153e-01 -4.78474736e-01 -1.29716039e-01
    1.02480030e+00 -2.16086268e-01 4.41297174e-01 1.41514683e+00
    2.29764581e-02 -3.52146834e-01 4.04267251e-01 1.64961207e+00
    -2.47090101e-01 1.13242400e+00 3.07523251e-01 1.26793516e+00
    4.33007836e-01 9.31640029e-01 9.33660150e-01 -6.39117837e-01
    1.47797966e+00 1.27053976e+00 3.45302522e-01 4.31259990e-01
    -3.22782785e-01 1.62710774e+00 -5.32822251e-01 1.08104026e+00
    1.50000131e+00 1.15455639e+00 6.28954828e-01 -4.13683057e-02
    8.86055291e-01 5.92584848e-01 -5.78409433e-02 5.71048915e-01
    -2.15846479e-01 5.44751406e-01 -3.23634923e-01 8.19986641e-01
    -6.92471325e-01 1.15429401e+00 1.23682702e+00 -6.65691495e-01
    1.16903019e+00 -1.13840997e-01 -3.90207618e-01 3.24516773e-01
    7.43444741e-01 6.15400314e-01 1.02392852e+00 -8.53087604e-01
    2.66777694e-01 -4.47525054e-01 4.87656534e-01 -7.30349958e-01
    1.26736379e+00 -8.26335728e-01 1.28275764e+00 -2.29579210e-03
    3.08556080e-01 2.38572717e-01 -2.17439055e-01 1.03928828e+00
    4.07498240e-01 4.20519590e-01 8.65876913e-01 8.54098678e-01
    6.33799076e-01 3.99793625e-01 1.41745853e+00 1.08899474e+00
    1.13094473e+00 -1.99881613e-01 9.73010242e-01 -6.53279901e-01
    2.68324018e-02 1.53114796e+00 6.57725096e-01 1.57140684e+00
    1.32119012e+00 -1.34435177e-01 -7.99780428e-01 1.34889174e+00
    -8.25994492e-01 1.34180820e+00 -8.71017158e-01 1.68845046e+00
    -4.36267018e-01 1.26997232e+00 4.79367971e-02 5.40550947e-01
    3.34481776e-01 1.72796166e+00 9.35626984e-01 6.78260326e-02
    4.21596646e-01 9.49827731e-01 3.93206477e-02 5.45839846e-01
    6.16852641e-02 6.91405237e-01 1.09474957e-01 -5.97673237e-01
    1.11725330e+00 2.24546790e-01 1.15624273e+00 1.73935580e+00
    1.31974947e+00 6.81448221e-01 -2.26120353e-02 9.69322681e-01
    7.03096747e-01 6.54786527e-01 -3.96876931e-02 3.13162804e-03
    1.43652844e+00 1.49080503e+00 1.27107811e+00 1.54962575e+00
    5.12488127e-01 8.18073511e-01 -6.25768423e-01 2.14108825e-01
    4.12965000e-01 4.17230010e-01 -5.51398516e-01 1.58056593e+00
    6.31419837e-01 8.76765788e-01 -6.95741236e-01 4.34199572e-02
    7.69581795e-01 6.40308082e-01 3.85453939e-01 3.09374332e-02
    2.21848845e-01 1.17002273e+00 1.41778314e+00 4.65129197e-01
    -3.66197854e-01 5.23082078e-01 -2.15151727e-01 -3.56852591e-01
    1.05484104e+00 1.11844754e+00 -5.24792552e-01 8.35179508e-01
    7.93852448e-01 1.39440751e+00 -3.09876323e-01 -1.98793679e-01
    1.91897881e+00 6.82240069e-01 1.09395981e-02 -5.83917260e-01
    -2.69674569e-01 6.34976685e-01 5.36204517e-01 1.53802276e+00
    -6.65957510e-01 1.62278342e+00 1.20741940e+00 1.25571311e+00
    3.66971552e-01 -6.15903437e-01 1.31106389e+00 -6.39689207e-01
    1.21791947e+00 1.03489280e+00 1.24856496e+00 -6.93798184e-01
    1.34636629e+00 5.64931989e-01 4.24288273e-01 1.56848025e+00
    1.45781267e+00 1.20119071e+00 1.05331087e+00 -4.88925457e-01
    1.28442907e+00 -7.27920651e-01 8.02106857e-01 8.31786275e-01
    2.08332419e-01 6.22965217e-01 7.44175911e-01 2.75055408e-01
    2.23284662e-01 -4.87210274e-01 5.91558397e-01 1.27808714e+00
    6.53988421e-01 9.04431343e-02 -5.98180294e-01 1.06577945e+00
    1.64467692e+00 -6.50642157e-01 1.20678067e-01 1.44304550e+00
    -1.86810493e-01 7.04568624e-02 2.98110127e-01 9.45964754e-01
    1.02075219e+00 -4.16015774e-01 1.20266080e+00 -6.41755581e-01
    9.42132652e-01 -3.71705651e-01 -3.21274340e-01 -4.60471570e-01
    1.25603473e+00 -3.33106756e-01 1.49539304e+00 -3.95922661e-01
    1.05026913e+00 1.23390055e+00 3.83857429e-01 1.70064449e+00
    1.04253602e+00 7.38997936e-01 1.46182775e-02 6.90428555e-01
    -4.38682020e-01 4.16627169e-01 5.46160161e-01 3.32024097e-01
    -3.77531171e-01 4.12652791e-01 1.68273413e+00 5.66805303e-01
    -7.81316638e-01 1.66436064e+00 9.72242713e-01 1.12458682e+00
    1.19080782e+00 7.67858148e-01 5.55020332e-01 -3.27075452e-01
    -4.12705719e-01 5.73266625e-01 2.53692031e-01 1.46046805e+00
    -1.21316671e-01 1.85971165e+00 -4.69103158e-01 9.89277244e-01
    2.18034327e-01 1.43875492e+00 -1.40138924e-01 2.62972355e-01
    8.01483035e-01 -5.42683184e-01 5.03105164e-01 1.17544234e+00
    1.41047359e+00 1.31365252e+00 -5.57996273e-01 -6.18762612e-01
    1.20644379e+00 9.41561937e-01 -8.20401013e-01 1.92614532e+00
    -5.50318241e-01 -2.36243665e-01 1.15033531e+00 -9.91996527e-02
    1.13518763e+00 1.11001158e+00 1.34733868e+00 3.15569699e-01
    1.40931273e+00 1.32454181e+00 -2.55585909e-02 7.98524737e-01
    -6.11750960e-01 -5.18630505e-01 8.64876330e-01 3.64054441e-01
    -2.68409967e-01 5.30404210e-01 3.26374233e-01 1.55578268e+00
    3.74455452e-02 4.59823310e-01 6.89064682e-01 1.21005476e+00
    4.39953625e-01 7.79283106e-01 7.64088750e-01 8.91153634e-01
    7.53889918e-01 3.87132585e-01 -2.75970101e-01 1.82415235e+00
    -5.91860950e-01 -6.00531280e-01 4.14251447e-01 8.57588530e-01
    3.73009205e-01 8.99189711e-01 -3.46737027e-01 1.43712044e-01
    1.17511582e+00 -2.91019261e-01 1.57981205e+00 8.46275568e-01
    8.28333855e-01 1.37904608e+00 1.02539837e+00 -4.33789641e-01
    1.33623695e+00 -1.54673338e-01 1.16574681e+00 -4.81551856e-01
    3.39759886e-01 -4.44976628e-01 -3.95347536e-01 -7.75000989e-01
    3.82457972e-01 1.09412527e+00 1.34882808e-01 6.28037333e-01
    -2.91562736e-01 1.41549647e+00 4.08397436e-01 1.19241536e+00
    2.64166176e-01 2.74612963e-01 9.28960979e-01 2.90797055e-01
    9.53570366e-01 -1.12849355e-01 2.82314420e-02 1.01953900e+00
    8.02926660e-01 1.20945811e+00 8.96399677e-01 -3.09749573e-01
    9.79115963e-01 7.76207209e-01 2.32245743e-01 1.69194162e-01
    1.35198665e+00 -6.92387223e-01 5.07779002e-01 1.39873469e+00
    -5.47469378e-01 -3.60804588e-01 1.53964734e+00 8.00134420e-01
    1.55040872e+00 1.24443471e+00 -8.91275704e-01 1.35422182e+00
    1.78418899e+00 -6.36103272e-01 1.34141612e+00 1.56653810e+00
    9.75575566e-01 5.74575126e-01 7.98895597e-01 -3.13930929e-01
    -6.81434870e-02 6.74445391e-01 7.74997175e-01 -7.70932317e-01
    1.71330953e+00 9.81294453e-01 9.80983138e-01 1.63036382e+00
    1.38460994e-01 -4.28600609e-01 -1.04529560e-01 -4.11093503e-01
    1.61590934e+00 -2.47956753e-01 -2.28766352e-01 6.01660073e-01
    1.34916711e+00 5.37968278e-01 3.37496817e-01 -3.95724744e-01
    5.99758863e-01 1.24574900e-01 1.09336138e+00 8.87120128e-01
    2.95187175e-01 1.44655037e+00 7.50780523e-01 1.53995097e+00
    9.16811466e-01 8.41562986e-01 7.61196613e-01 -2.06601918e-01
    8.09855938e-01 2.91314483e-01 6.63974285e-02 5.44364154e-01
    1.15933251e+00 1.25339317e+00 1.98545158e-01 3.76230359e-01
    -2.62150705e-01 1.62069559e+00 1.16931653e+00 -5.15782535e-01
    2.73349226e-01 -2.59088695e-01 5.64895153e-01 2.70206511e-01
    7.34238803e-01 -3.21470201e-01 1.06710196e+00 6.28885090e-01
    -4.51443225e-01 1.01921248e+00 5.01244664e-01 1.62268221e+00
    2.58417726e-02 -6.42811179e-01 9.61398065e-01 5.73433816e-01
    2.52870798e-01 1.18368423e+00 1.27015114e+00 6.28525972e-01
    9.59076524e-01 -8.25351059e-01 5.85249245e-01 -1.91911340e-01
    -7.98928499e-01 1.61196661e+00 2.66867816e-01 -3.35155576e-01
    1.71966672e+00 1.00002468e+00 2.82722712e-02 1.38665366e+00
    1.14779079e+00 -4.29690540e-01 1.09960973e+00 5.91191053e-01
    3.39658737e-01 -4.56453860e-01 1.06483173e+00 8.74897540e-01
    -5.68804741e-01 1.39529300e+00 9.14040029e-01 -2.05692351e-01
    3.38948250e-01 5.51818609e-01 1.58102572e+00 3.14387798e-01
    1.02456462e+00 5.17096281e-01 9.24357772e-02 1.93571806e-01
    -2.12957382e-01 1.15152359e+00 1.19914722e+00 1.50308204e+00
    1.25521338e+00 8.96808326e-01 1.61989260e+00 6.83630586e-01
    5.41754663e-01 -6.03265941e-01 -5.94052970e-01 4.24829125e-02
    1.30978572e+00 2.28163064e-01 9.58670139e-01 -9.73580480e-02
    1.25283074e+00 -4.84585255e-01 1.11953759e+00 -4.03713048e-01
    -2.85177529e-01 -2.71070719e-01 1.07401419e+00 1.78364682e+00
    -3.30290198e-02 8.12338054e-01 4.68190551e-01 9.10043359e-01
    7.61409640e-01 9.37804818e-01 1.30130184e+00 -1.98191226e-01
    7.92114139e-01 4.46348786e-02 2.24015534e-01 6.11602664e-01
    1.22084022e+00 1.01710200e+00 -5.47789812e-01 -2.63093650e-01
    5.20115077e-01 -5.29122293e-01 1.74508297e+00 3.78182411e-01
    -5.98717809e-01 5.55727363e-01 1.60863447e+00 -7.14011729e-01
    7.47389913e-01 5.54562688e-01 -2.06465781e-01 -7.44611382e-01
    -4.23055410e-01 7.41556287e-01 1.78575826e+00 -2.27729440e-01
    1.38031447e+00 -4.86493260e-01 6.62035584e-01 -4.33981925e-01
    -7.09643364e-02 3.81211638e-02 1.56201839e+00 -4.95671362e-01
    -3.70720983e-01 1.17430508e-01 4.00889695e-01 -4.45818067e-01
    -6.85967445e-01 -5.16095400e-01 -3.69430780e-01 9.12902474e-01
    1.71661842e+00 -6.36315346e-02 -5.91735661e-01 -5.31502366e-01
    1.89897269e-01 -1.60443962e-01 -1.09265327e-01 1.40189719e+00
    1.24327826e+00 2.28710175e-02 -3.68526965e-01 7.99226642e-01
    1.25193453e+00 -7.85400987e-01 1.23987806e+00 -7.28403091e-01
    1.17742968e+00 1.72823381e+00 4.41549718e-01 8.19153786e-02
    3.80536616e-01 5.88181257e-01 2.55834758e-01 -3.14236879e-02
    1.03580928e+00 1.17428493e+00 -3.84960771e-01 -4.88927603e-01
    1.01084983e+00 1.71403503e+00 -5.58542490e-01 6.95371449e-01
    1.11034691e+00 -5.61544061e-01 5.35798192e-01 1.43243897e+00
    6.67801023e-01 1.58912325e+00 1.70248842e+00 -5.08162141e-01
    8.12581122e-01 2.76528060e-01 1.82281685e+00 1.07110238e+00
    -1.12866938e-01 1.37653208e+00 1.53974056e-01 1.22233522e+00
    7.37536907e-01 1.48802626e+00 1.37022042e+00 3.70822370e-01
    1.17534280e-01 1.09034514e+00 -6.10165000e-02 1.57024121e+00
    4.19729412e-01 -3.58080983e-01 1.14867973e+00 1.72285378e+00
    -6.25801206e-01 1.79265094e+00 -1.32868767e-01 3.89925539e-01
    -2.54428983e-01 -4.37360823e-01 4.35402751e-01 1.17575157e+00
    1.25695598e+00 -3.93237442e-01 1.63025856e-02 2.59430945e-01
    -1.11330330e-01 3.20663810e-01 5.17769575e-01 -1.63968086e-01
    1.22855484e-01 1.11372185e+00 1.11616278e+00 -4.14533049e-01
    -1.80276573e-01 1.80141163e+00 3.40703547e-01 -4.44201171e-01
    6.02522612e-01 -5.34043193e-01 -5.41024148e-01 1.52942085e+00
    1.78065896e-01 4.33928251e-01 2.86898732e-01 4.74022985e-01
    -7.93466926e-01 1.24309659e-01 1.56482995e-01 1.84351254e+00
    1.39418066e+00 5.37782788e-01 4.88110542e-01 -6.43963516e-01
    3.76953900e-01 1.00687039e+00 8.13726366e-01 -6.31143868e-01
    1.59678721e+00 8.11660171e-01 1.31696892e+00 -2.13711917e-01
    6.16916537e-01 -4.16564405e-01 -1.56830549e-02 8.64894032e-01
    6.09284639e-02 5.75815380e-01 1.18285239e-01 -5.96264124e-01
    1.62616765e+00 1.54723394e+00 2.08334506e-01 -2.13854849e-01
    6.97235763e-01 1.53970861e+00 6.90428495e-01 -1.58081830e-01
    1.22804403e+00 5.44911146e-01 -2.17156440e-01 3.91296446e-01
    -2.53643870e-01 -2.30066836e-01 4.76683974e-01 -6.08633399e-01
    4.33832705e-01 7.44421482e-01 1.55666232e+00 4.47576225e-01
    7.05712676e-01 -3.38234544e-01 1.12083590e+00 -6.32581711e-02
    1.19730568e+00 -5.52388668e-01 6.28763497e-01 4.48196173e-01
    1.40127277e+00 6.71330690e-01 9.01954770e-02 1.10817897e+00
    1.54483247e+00 -6.62639856e-01 8.14902365e-01 -1.60668433e-01
    1.22265363e+00 8.65109563e-01 1.19635916e+00 1.05242646e+00
    4.09161925e-01 1.16270256e+00 4.11019504e-01 3.34504545e-01
    5.78918159e-01 9.79364336e-01 -1.54694915e-01 7.77855158e-01
    5.47863126e-01 1.36438525e+00 1.73473692e+00 -2.44479120e-01
    6.88223720e-01 1.18491554e+00 -7.12670386e-01 3.72812629e-01
    1.08953369e+00 -2.26555943e-01 4.14054394e-01 5.91612935e-01
    6.24256372e-01 1.23379922e+00 7.63682485e-01 1.32222700e+00
    -6.14211917e-01 7.14750588e-01 1.67088032e+00 1.23534203e+00
    -6.16604805e-01 9.73697007e-01 -1.89438641e-01 -7.20065594e-01
    9.27573085e-01 -3.19694281e-01 1.02859199e-01 5.86831391e-01
    -5.09565532e-01 1.23897171e+00 -2.16594934e-02 9.84712005e-01
    -2.07853317e-02 -2.58690238e-01 -3.40121567e-01 1.19037294e+00
    5.50411105e-01 1.73132145e+00 4.12973166e-01 2.33269632e-01
    -1.31783605e-01 1.03575408e+00 5.52587867e-01 -3.87236834e-01
    8.23432207e-01 7.39905238e-02 1.36862099e+00 1.73318863e-01
    1.53529429e+00 -6.02935076e-01 -4.59990203e-01 -5.54598510e-01
    2.37774253e-02 1.20686102e+00 1.76409161e+00 5.68074465e-01
    -4.38014388e-01 3.23004305e-01 4.38379049e-02 1.22373557e+00
    6.78981781e-01 -5.11760890e-01 1.16477990e+00 8.96416426e-01
    1.47438824e+00 1.51917529e+00 1.61277509e+00 -7.97876894e-01
    1.31108713e+00 2.79607296e-01 9.07805443e-01 -4.78706926e-01
    8.84098053e-01 1.41646063e+00 1.07974315e+00 -7.00281262e-01
    1.90453184e+00 4.40840960e-01 1.57263565e+00 -4.27430749e-01
    1.79650724e+00 1.18913269e+00 9.72769856e-02 1.12346435e+00
    6.22115076e-01 2.66617537e-01 -3.36955011e-01 2.62821317e-01
    1.21437931e+00 1.31958127e+00 -5.79354048e-01 1.25252533e+00
    5.62429428e-04 1.79497313e+00 1.69156778e+00 -1.83977783e-01
    9.07022834e-01 -9.05901194e-02 2.14329183e-01 1.46769309e+00
    -5.31499982e-02 3.15124094e-01 4.29440081e-01 1.10012531e-01
    9.11745071e-01 -8.95243883e-03 7.55387127e-01 1.77979398e+00
    1.57646894e-01 2.32884288e-02 -7.95334578e-02 1.12938476e+00
    3.81621718e-01 1.11487663e+00 -1.87575400e-01 1.19819546e+00
    9.54090953e-01 1.03614092e-01 4.92946565e-01 5.34265041e-02
    3.02413881e-01 1.71986079e+00 -2.14864016e-02 -2.13478565e-01
    -6.60284340e-01 1.07677758e+00 -4.41634297e-01 1.02028131e+00
    -4.56733257e-01 6.55525088e-01 8.78503740e-01 -1.73350871e-01
    1.61893845e-01 1.12528682e+00 6.28249049e-01 1.31567705e+00
    1.67529297e+00 1.19854248e+00 -7.07322001e-01 1.50070238e+00
    1.18429494e+00 5.48864841e-01 9.51636016e-01 -2.09214956e-01
    -3.74052703e-01 -4.07109976e-01 -9.02117491e-02 2.84119964e-01
    -1.47499144e-01 -2.81395942e-01 1.54578388e-01 -7.17802167e-01
    4.48428929e-01 2.15205133e-01 -1.65466666e-02 2.21342385e-01
    1.33907485e+00 1.14462590e+00 3.87797713e-01 3.90712202e-01
    -7.04663754e-01 1.14722085e+00 -6.76072836e-02 1.92775202e+00
    -5.10877192e-01 1.40638447e+00 1.39405251e-01 1.52144969e-01
    2.07702041e-01 4.34652269e-01 1.07971621e+00 6.81134462e-02
    7.05059230e-01 -2.87219167e-01 -4.85240400e-01 9.22303796e-01
    1.59623981e+00 9.18935120e-01 -5.68262577e-01 1.31368625e+00
    -1.39014423e-01 1.69302726e+00 -5.12631536e-01 1.65635300e+00
    1.66819251e+00 3.94023538e-01 -8.16180170e-01 1.84571159e+00
    1.03056049e+00 -4.82449800e-01 2.88219213e-01 1.39332247e+00
    6.99384809e-01 1.52449536e+00 3.79670382e-01 9.45372581e-01
    -2.60633886e-01 1.79732680e-01 1.03141093e+00 1.77901387e-01
    -2.05640346e-01 -4.41588581e-01 1.81394839e+00 7.02850521e-01
    1.46173942e+00 -4.65801299e-01 2.82238960e-01 4.74343717e-01
    9.59615707e-02 4.25003707e-01 -4.05357540e-01 8.41006637e-01
    -3.68341118e-01 -8.49549294e-01 1.68074918e+00 -4.57492232e-01
    1.14493036e+00 1.35193872e+00 -5.88414967e-01 -6.12465739e-02
    1.70924115e+00 1.40083909e+00 7.90862679e-01 -1.49233937e-02
    2.83390462e-01 1.71719599e+00 5.03598511e-01 9.01963711e-02
    -8.08158994e-01 1.47792721e+00 1.67948413e+00 -9.47420597e-01
    1.69864559e+00 -3.19863439e-01 5.08860230e-01 -5.99916577e-01
    4.10911918e-01 1.40578175e+00 3.63797486e-01 -6.97055161e-01
    1.22264612e+00 -1.83752358e-01 -5.25389433e-01 9.94356275e-01
    1.47760355e+00 -3.71165633e-01 1.12412238e+00 -5.04112005e-01
    -5.22160709e-01 1.62213385e-01 -5.93866944e-01 1.73361540e-01
    -2.17729390e-01 -3.00490677e-01 -2.93526232e-01 6.70452297e-01
    1.42139709e+00 2.53758311e-01 -2.58347392e-01 -5.79763651e-01
    1.48306525e+00 -2.61738360e-01 3.11187267e-01 1.34628463e+00
    7.63329208e-01 -4.07501936e-01 1.33843219e+00 9.42396879e-01
    1.02422047e+00 1.54278970e+00 4.42893028e-01 5.43945611e-01
    2.80005932e-01 9.16826129e-02 -1.46514952e-01 8.18803787e-01
    5.42023182e-01 1.65099680e-01 1.22214675e-01 -5.57639599e-02
    8.82945538e-01 1.49443567e-01 8.54592741e-01 1.21068907e+00
    -4.43943977e-01 1.65156460e+00 1.51868749e+00 -6.01001441e-01
    9.41455364e-04 -3.61020923e-01 1.06304860e+00 1.16819859e-01
    1.11078787e+00 -2.75824785e-01 -1.83511972e-01 4.58318472e-01
    9.92679477e-01 1.09068966e+00 5.43082654e-01 -2.98396885e-01
    -2.62128711e-01 4.07920122e-01 1.58379865e+00 1.02883959e+00
    1.53207362e-01 3.29698920e-02 1.16199505e+00 -4.36781168e-01
    5.80159426e-01 -2.93499231e-03 -1.09569907e-01 -6.77428782e-01
    1.25329697e+00 2.38017082e-01 -5.08543968e-01 1.16496968e+00
    5.19241571e-01 7.93052137e-01 6.13619924e-01 -5.37558436e-01
    8.82124305e-01 1.26086831e+00 2.66391993e-01 4.36751187e-01
    1.07627964e+00 -5.94785571e-01 1.28378248e+00 1.49291193e+00
    1.31213188e+00 1.42717028e+00 -2.36933053e-01 5.46260834e-01
    -5.53401232e-01 -4.27880287e-02 4.43610072e-01 -6.03190184e-01
    1.43148637e+00 8.10950518e-01 1.35951459e-01 1.38073540e+00
    4.27476585e-01 3.36939633e-01 1.55552208e-01 1.43669248e+00
    -6.63086414e-01 3.10590267e-01 1.56530237e+00 8.94476712e-01
    -7.11629748e-01 -7.15370178e-02 1.56765294e+00 7.64213681e-01
    1.93703592e-01 9.65598941e-01 -2.14937866e-01 1.26223028e-01
    1.39860845e+00 -5.47094345e-01 -5.55365086e-01 1.21956635e+00
    1.45028806e+00 -4.89285499e-01 -6.62746489e-01 -5.62630177e-01
    1.55765402e+00 8.36717486e-01 -3.11087191e-01 1.15605402e+00
    -5.56923747e-02 -1.10254347e-01 3.32782269e-01 7.02223659e-01
    3.97031665e-01 8.94509196e-01 1.35040498e+00 8.65297377e-01
    1.37101889e-01 -5.53840578e-01 1.20685625e+00 1.07313979e+00
    8.91468763e-01 1.21788430e+00 6.31481111e-01 1.28761673e+00
    -2.44552404e-01 -4.30521965e-02 -5.17941952e-01 1.37654948e+00
    3.26916337e-01 1.77122366e+00 -3.59136701e-01 -6.77746594e-01
    -4.23237026e-01 2.80053496e-01 1.51779270e+00 1.02505088e+00
    -1.10349357e-01 -7.10669339e-01 -6.62234008e-01 -1.80840850e-01
    -2.70836979e-01 1.86992621e+00 -9.95107889e-02 1.75890505e+00
    5.70353925e-01 4.42412317e-01 1.32374418e+00 1.16188657e+00
    -4.74640250e-01 1.83095908e+00 -2.30033159e-01 -4.70843047e-01
    1.14888418e+00 1.14518034e+00 1.83554411e-01 1.54335535e+00
    1.10720897e+00 1.24262822e+00 1.64839709e+00 -6.06883228e-01
    3.15479159e-01 7.17387438e-01 3.43806684e-01 7.71514773e-02
    4.92304564e-02 -6.16971731e-01 -3.48367006e-01 6.75942957e-01
    1.51013863e+00 1.45533586e+00 1.50511956e+00 -5.01041174e-01
    8.75784576e-01 1.62503469e+00 -4.18432653e-01 2.73044825e-01
    -4.57589716e-01 9.23256218e-01 -2.13277698e-01 3.15780103e-01
    1.52805924e+00 4.36943889e-01 1.34365737e+00 4.56797957e-01
    1.91047263e+00 6.58875465e-01 -3.30976725e-01 1.03242314e+00
    1.40379262e+00 9.32897925e-01 -5.29200912e-01 1.03448367e+00
    3.55579793e-01 2.23598242e-01 1.16622412e+00 1.65282977e+00
    2.17368126e-01 2.00930238e-02 2.22165883e-01 1.74880683e-01
    -3.42969537e-01 6.08383238e-01 1.72733438e+00 3.28929365e-01
    -8.07913601e-01 1.30274856e+00 1.21593809e+00 1.50217080e+00
    1.31637251e+00 -7.01697290e-01 1.72590232e+00 1.21045685e+00
    2.29089200e-01 -5.24059474e-01 9.25220847e-02 -7.67017007e-02
    6.41463697e-01 9.02829647e-01 1.54087365e-01 -7.29873180e-02
    1.32383788e+00 -2.24598408e-01 7.19675422e-01 -6.26134098e-01
    1.13944960e+00 1.48261237e+00 3.75569344e-01 2.52780497e-01
    7.78783441e-01 1.49413443e+00 -4.89882141e-01 -5.83425522e-01
    3.14112306e-01 1.12712574e+00 -4.37226236e-01 5.47518313e-01
    3.12069058e-02 8.02922428e-01 1.13054562e+00 -1.88513398e-01
    1.07426965e+00 1.06052160e-01 1.09158850e+00 -1.67185068e-02
    -2.83171594e-01 6.05236828e-01 8.93039882e-01 1.21931481e+00
    -5.52052975e-01 7.33435392e-01 1.47214603e+00 -3.70447278e-01
    1.65532064e+00 -5.63301444e-02 1.29008508e+00 3.41811121e-01
    -1.30715370e-02 3.63044322e-01 1.29859459e+00 8.34992230e-01
    -2.96166539e-01 -7.05066264e-01 1.38478160e+00 4.96747732e-01
    1.44096065e+00 -4.89459515e-01 -6.46421909e-02 -4.61885512e-01
    1.49420023e+00 5.65463901e-01 3.41867745e-01 1.57634854e+00
    6.55216694e-01 1.43053114e-01 -3.76151919e-01 1.69607627e+00
    1.07173872e+00 3.19913208e-01 1.71574807e+00 -6.68155789e-01
    1.63576293e+00 8.11856270e-01 1.18875682e+00 9.91833210e-01
    1.36727655e+00 1.31455624e+00 1.10411203e+00 1.64411426e-01
    1.49028635e+00 1.05492175e-01 1.35347080e+00 8.80896449e-02
    -1.10324025e-02 3.79957557e-02 8.14233005e-01 -7.37075329e-01
    1.45612884e+00 1.61031914e+00 -2.51099885e-01 -1.29563749e-01
    7.59040475e-01 1.44900382e+00 5.97918808e-01 -5.01722097e-02
    3.64578366e-01 9.70348239e-01 7.58426487e-01 1.59000897e+00
    -6.79242790e-01 1.82771218e+00 1.44646406e-01 -1.79640651e-02
    4.62129116e-01 -3.40066284e-01 -3.92838806e-01 1.24438858e+00
    -5.70319831e-01 -1.81540847e-01 5.92751682e-01 -8.97526741e-03
    6.35468841e-01 -5.64351201e-01 1.45072293e+00 1.09884763e+00
    -6.30560994e-01 1.94697499e-01 1.54849291e-01 -8.56505632e-02
    -5.40354609e-01 5.45473754e-01 -1.24787986e-01 -2.05561936e-01
    4.86730278e-01 2.38675475e-02 -2.21554637e-02 7.66033351e-01
    1.41683984e+00 -6.37596846e-01 1.56687188e+00 1.32561898e+00
    7.24641562e-01 1.68471670e+00 -3.31641853e-01 1.61487353e+00
    2.20358610e-01 8.08072448e-01 6.20673299e-02 5.57125151e-01
    1.07481241e-01 1.07449865e+00 -5.98904729e-01 1.86311960e+00
    1.76849902e-01 1.04934132e+00 -4.53337759e-01 1.29193640e+00
    1.26003492e+00 2.91315317e-01 1.59342480e+00 1.54489863e+00
    2.89695263e-01 1.54664731e+00 -4.60970998e-01 -2.12485552e-01
    8.96763802e-01 8.21375847e-03 4.98368859e-01 6.95714951e-02
    7.68351555e-02 1.43500507e+00 1.55405283e+00 1.35928118e+00
    -4.11307633e-01 -1.41519785e-01 1.41924572e+00 8.29014480e-01
    -8.41338038e-01 1.82999730e-01 1.55474496e+00 -4.26891804e-01
    3.58041167e-01 3.21882665e-01 -2.67092347e-01 1.13648915e+00
    4.26437676e-01 5.45297682e-01 -1.30138874e-01 -4.70822453e-02
    7.22047091e-02 -4.69856173e-01 1.53880632e+00 1.69424951e+00
    -1.16562724e-01 1.27566147e+00 1.36746407e+00 1.26451015e+00
    -6.09973133e-01 1.73412085e-01 8.89396489e-01 1.05903387e+00
    6.91159785e-01 1.12874484e+00 -5.18113494e-01 8.46002340e-01
    1.73022270e+00 -2.44619787e-01 -1.32639408e-01 -6.60049915e-03
    1.54595757e+00 1.58747292e+00 -6.00787878e-01 2.64409721e-01
    1.38196623e+00 1.47729993e-01 1.34739709e+00 5.68702221e-01
    6.32825494e-02 7.32301533e-01 -4.00717854e-01 3.68155241e-01
    1.15386605e-01 9.47964132e-01 1.23861372e+00 -5.80004454e-01
    1.17364907e+00 2.27067828e-01 3.57848406e-02 -2.79896766e-01
    -4.68058974e-01 1.37916362e+00 1.27514470e+00 1.64839280e+00
    -4.77014303e-01 5.18148661e-01 4.02184904e-01 7.70474911e-01
    3.51012707e-01 1.70499218e+00 2.95030117e-01 3.96056294e-01
    -4.87974495e-01 1.61694145e+00 1.15068412e+00 -8.86178732e-01
    7.77047396e-01 1.08829045e+00 3.39934647e-01 2.31382847e-02
    5.36268473e-01 1.00346017e+00 9.65200067e-01 1.00905931e+00
    2.40932286e-01 3.63607645e-01 1.07763577e+00 -8.14601779e-01
    1.23136353e+00 1.71093059e+00 -2.05401182e-02 1.53228521e+00
    -1.35575533e-02 1.03591132e+00 -1.91919208e-01 7.99810648e-01
    8.94163013e-01 5.74185371e-01 -2.33879685e-02 8.45661163e-02
    7.02627897e-02 1.36437345e+00 1.28270030e+00 -2.01719284e-01
    -6.67368650e-01 4.47490036e-01 5.93801558e-01 1.35712743e+00
    9.45686102e-02 -4.75875527e-01 7.55729914e-01 6.94670618e-01
    2.59558260e-01 7.37555981e-01 1.52606487e-01 1.45236230e+00
    8.50981176e-01 -8.04823458e-01 1.77381849e+00 6.01878822e-01
    1.17770469e+00 -1.53302550e-02 4.74090874e-01 -3.48558843e-01
    -5.92397690e-01 9.84213948e-02 2.85834193e-01 1.41815186e+00
    4.59094167e-01 1.39335954e+00 1.57143390e+00 -6.53424501e-01
    1.72325850e+00 -5.52879810e-01 8.43698978e-01 -1.75100029e-01
    6.36686265e-01 6.04030550e-01 1.32782793e+00 2.07998753e-02
    -6.65037572e-01 8.45889151e-01 4.67493296e-01 9.69247878e-01
    8.66352201e-01 6.02998018e-01 1.27930307e+00 8.39928389e-01
    4.91613865e-01 1.45152211e-01 8.92261028e-01 1.39475965e+00
    6.01648092e-01 3.15093875e-01 9.44480002e-01 1.42642546e+00
    1.54868317e+00 1.25182676e+00 1.13905692e+00 -6.98983908e-01
    4.98231292e-01 1.18756509e+00 -5.62965393e-01 1.74334168e+00
    -3.33836198e-01 1.00072384e-01 1.83164358e-01 8.91287148e-01
    -6.38831615e-01 -7.30543077e-01 4.43212211e-01 1.43702602e+00
    1.19570482e+00 -6.64264798e-01 1.15364146e+00 1.06660295e+00
    -7.41418660e-01 9.27087605e-01 -3.23413849e-01 1.60382605e+00
    1.66093063e+00 6.43254876e-01 -8.52737606e-01 1.45070028e+00
    1.58697546e+00 -1.65457964e-01 1.39810646e+00 -9.68129039e-02
    1.09783649e+00 9.67542052e-01 6.52021945e-01 1.36390233e+00
    -3.34313452e-01 -4.38350976e-01 -1.27528489e-01 7.74572432e-01
    2.07828104e-01 7.37092972e-01 6.94116354e-02 1.01359308e-01
    9.62594748e-01 1.46273661e+00 7.38198638e-01 -4.63412851e-01
    -5.60228586e-01 -4.96859372e-01 -4.82596546e-01 1.31857753e-01
    7.99899817e-01 1.12071455e+00 1.10469675e+00 4.72035944e-01
    -1.14523888e-01 3.15762103e-01 -3.61298084e-01 1.51540947e+00
    7.22962856e-01 1.62273216e+00 6.19712710e-01 2.84333408e-01
    5.15769839e-01 7.93248177e-01 -6.63600504e-01 1.10474229e+00
    -7.35070169e-01 1.16037297e+00 -6.04221523e-01 6.02048099e-01
    1.23594761e-01 2.65174448e-01 7.54793167e-01 -1.22156918e-01
    8.78720880e-02 -2.31916666e-01 1.46444416e+00 -7.10569799e-01
    1.63463926e+00 9.27254736e-01 -7.19752371e-01 -3.54896843e-01
    1.19297659e+00 2.04054534e-01 2.87410259e-01 -8.61885548e-02
    1.35809743e+00 8.44440460e-02 -2.25256264e-01 -1.76468432e-01
    1.77251577e-01 1.31945181e+00 1.21369958e+00 1.46869707e+00
    -9.79260206e-02 -1.71451956e-01 -6.83498383e-03 1.18684673e+00
    -4.28359300e-01 1.59563661e-01 6.21117473e-01 -8.19286823e-01
    -2.41110891e-01 -1.13345623e-01 -6.89992905e-02 1.42403400e+00
    2.03854024e-01 1.42385364e+00 1.58467090e+00 -5.17239988e-01
    -7.19159544e-01 8.06159973e-01 2.20643222e-01 6.71773553e-02
    1.18172717e+00 1.79739296e-01 -2.16196001e-01 8.78849208e-01
    1.18604410e+00 9.19726849e-01 -2.30214119e-01 6.01070642e-01
    -1.29183471e-01 6.52614534e-01 1.64433336e+00 -1.66114450e-01
    1.71237922e+00 7.42395699e-01 6.82860732e-01 -1.72524869e-01
    6.34939075e-01 4.02991951e-01 1.23837113e-01 1.15632844e+00
    -5.39733946e-01 -7.14802146e-01 1.36516929e+00 -5.03976583e-01
    1.18254554e+00 -2.77380109e-01 -1.24491990e-01 4.48686123e-01
    -5.47660708e-01 6.99921489e-01 8.21667910e-02 5.69236219e-01
    1.61786795e-01 1.43685555e+00 1.63662601e+00 3.25929284e-01
    -5.02216995e-01 8.49724412e-01 9.65648770e-01 6.10603452e-01
    2.23685384e-01 3.18543315e-02 6.32406116e-01 -9.20270085e-02
    4.83073831e-01 1.29905677e+00 -2.13789344e-02 1.56116176e+00
    1.23957717e+00 7.81484008e-01 2.75266588e-01 -5.24000287e-01
    -3.39055389e-01 -3.74678284e-01 4.72242236e-02 8.35032821e-01
    1.00900960e+00 6.78465366e-02 4.40550745e-01 1.05115914e+00
    1.58639932e+00 -4.95600253e-01 1.48631585e+00 7.41101325e-01
    4.55410600e-01 4.60040569e-02 5.40783763e-01 1.07625377e+00
    8.60669613e-02 2.07529366e-01 7.12327361e-01 1.73859835e+00
    -8.46877873e-01 5.38720727e-01 1.01074708e+00 2.86354899e-01
    1.59069836e+00 4.15171981e-01 1.19441926e-01 9.28772807e-01
    1.15171778e+00 5.52660286e-01 1.74517202e+00 -2.35690594e-01
    2.55057812e-01 5.10948539e-01 4.16194499e-01 3.78491700e-01
    1.63556492e+00 1.62746131e-01 -1.47932470e-01 2.56889343e-01
    1.11478126e+00 1.20432544e+00 2.93021500e-01 9.91336703e-02
    -6.55862570e-01 1.50781250e+00 5.85537553e-01 1.67955279e-01
    8.11831951e-02 5.82802653e-01 -6.77631497e-02 1.57498479e+00
    -4.48624671e-01 1.02146471e+00 -4.66747046e-01 1.47294307e+00
    6.61564350e-01 1.04253507e+00 1.15723479e+00 -2.27532029e-01
    1.06740451e+00 1.20089769e+00 -4.88136172e-01 4.62539852e-01
    -2.55491346e-01 1.59133744e+00 1.32697630e+00 1.22510886e+00
    1.66073263e-01 -2.56429553e-01 9.13922369e-01 3.91503215e-01
    -4.42896485e-02 1.97430730e-01 5.17766297e-01 -1.66658223e-01
    4.23830271e-01 1.52358139e+00 -7.48252869e-01 -3.26038420e-01
    1.72299659e+00 3.05582047e-01 1.08922851e+00 5.19983172e-01
    7.39957333e-01 -1.73164964e-01 -4.23980653e-01 1.74553716e+00
    -7.09235072e-01 1.79157972e-01 -3.97423536e-01 -6.16565704e-01
    1.42410851e+00 -6.06533051e-01 1.67042184e+00 -7.13304698e-01
    5.04448712e-01 8.90932500e-01 8.41791868e-01 8.90527487e-01
    1.65232205e+00 -5.95485330e-01 -5.25526166e-01 1.61737537e+00
    7.62825608e-01 1.36892927e+00 -1.87918246e-01 -8.68472099e-01
    1.75404143e+00 1.44072795e+00 7.69870162e-01 1.62160110e+00
    -6.34969592e-01 1.53557396e+00 -1.14154458e-01 1.25420725e+00
    -7.08375573e-01 1.32291877e+00 1.38026607e+00 5.98981798e-01
    9.24145997e-01 -5.13276458e-01 -5.77652454e-03 -6.25046134e-01
    1.29716277e+00 1.87332606e+00 -6.28691435e-01 1.49453628e+00
    -5.90662837e-01 1.70010328e+00 3.91012609e-01 -5.12289345e-01
    -1.19298458e-01 1.65626979e+00 -2.15597034e-01 1.33989906e+00
    1.72659969e+00 1.27101254e+00 1.16910160e+00 1.51637208e+00
    9.18779373e-02 3.42799902e-01 1.51341212e+00 -6.38871074e-01
    -4.49007630e-01 4.50623930e-01 6.79821432e-01 -4.31184053e-01
    8.93195808e-01 1.92671478e-01 9.61143374e-02 6.21370018e-01
    1.70651507e+00 4.88860548e-01 3.24357748e-01 1.68659878e+00
    3.39429140e-01 6.08015180e-01 4.78692234e-01 1.14645362e-01
    -6.15062237e-01 1.10380745e+00 -1.23606980e-01 1.55086005e+00
    1.52510858e+00 1.12245798e+00 3.22072387e-01 -6.33250713e-01
    -1.20586932e-01 7.38152146e-01 1.56315148e+00 1.18236995e+00
    -4.47801590e-01 1.77574039e-01 2.31592596e-01 -6.24954522e-01
    1.48680615e+00 1.32989752e+00 2.24381924e-01 1.23838258e+00
    7.62410045e-01 4.64761972e-01 1.17565846e+00 1.41168523e+00
    3.39592159e-01 1.81618929e-01 1.12078834e+00 9.60597098e-01
    -8.99814308e-01 1.08629704e+00 1.63219130e+00 1.71039414e+00
    1.04755449e+00 1.30765021e-01 1.73699903e+00 5.44492006e-01
    3.63906205e-01 3.96611214e-01 1.03208673e+00 1.08646476e+00
    1.50006580e+00 1.12245607e+00 1.11592388e+00 5.82065880e-01
    -3.16138834e-01 3.54484320e-02 1.15315485e+00 1.24124467e+00
    1.36538792e+00 4.24718857e-02 -2.22227484e-01 2.51386225e-01
    -3.32994014e-01 1.20085371e+00 -4.43013668e-01 1.24641728e+00
    5.86214662e-02 4.79440689e-02 1.41557646e+00 2.13882625e-01
    3.90788674e-01 -3.15896153e-01 -4.07066077e-01 1.11591983e+00
    -6.00525022e-01 1.63028383e+00 1.60345960e+00 1.17367387e+00
    1.63400221e+00 2.62318373e-01 1.32562292e+00 1.60111785e-01
    1.46509838e+00 -1.94806159e-01 6.36384249e-01 -4.22013134e-01
    -4.63018298e-01 1.25968611e+00 3.16165447e-01 1.39835238e-01
    2.96439767e-01 1.08066213e+00 -3.04363549e-01 1.30163562e+00
    1.27370918e+00 1.45273423e+00 9.41497803e-01 7.42736280e-01
    -6.86841130e-01 -5.81877053e-01 -4.10724550e-01 -1.38023496e-02
    1.21370769e+00 7.12313950e-01 6.35520816e-02 7.56195247e-01
    -1.39672041e-01 1.83167505e+00 2.81393111e-01 8.22347462e-01
    1.59025693e+00 9.40930009e-01 1.00018251e+00 -3.39550376e-02
    -4.09627676e-01 1.56366515e+00 -4.42421556e-01 9.88207936e-01
    1.30103862e+00 7.74345398e-02 3.32865357e-01 3.11364293e-01
    1.62681675e+00 -3.44879568e-01 7.63133764e-01 1.45179605e+00
    9.24984694e-01 -4.54648733e-01 -4.88474846e-01 7.86989927e-02
    1.56291568e+00 1.09868312e+00 6.89690292e-01 -4.21083599e-01
    1.73129511e+00 -2.19471514e-01 -4.01979327e-01 1.52099752e+00
    1.19187617e+00 4.28362727e-01 -2.94591069e-01 1.09097254e+00
    1.29960847e+00 1.33368492e+00 1.71182036e-01 1.36951971e+00
    1.16971719e+00 4.26543236e-01 1.22986317e+00 -1.39028668e-01
    3.26546729e-01 2.92066574e-01 9.84672904e-01 7.25349247e-01
    7.10110009e-01 -2.76708424e-01 5.56251228e-01 1.76081467e+00
    -7.22573102e-01 1.15489948e+00 -2.03123868e-01 -2.36807168e-01
    1.55266047e+00 -7.19071090e-01 -2.60509104e-01 -2.08565086e-01
    -4.20093149e-01 -2.06974953e-01 -3.44744921e-01 -3.40898782e-01
    1.03123713e+00 -7.11903036e-01 1.27333057e+00 9.15773571e-01
    -6.97160542e-01 5.98324120e-01 7.20059693e-01 2.14507103e-01
    1.07808101e+00 -2.85773873e-02 3.26068401e-02 1.70947039e+00
    1.30661345e+00 -4.32143986e-01 1.62789726e+00 -5.89237690e-01
    1.09334123e+00 1.31622148e+00 1.19017243e+00 2.67312527e-01
    3.53572965e-02 -4.57185209e-01 -3.22081864e-01 5.88032782e-01
    -2.76504755e-02 -1.64961100e-01 1.27580154e+00 4.84321892e-01
    1.28123057e+00 1.10244966e+00 -5.06498396e-01 1.74011946e+00
    -3.75420034e-01 1.40017176e+00 1.28924143e+00 5.18848360e-01
    7.81260848e-01 -8.24928284e-03 -9.37047601e-02 1.31501353e+00
    -7.90668845e-01 6.61628902e-01 -7.21495152e-02 9.68827903e-01
    1.03629792e+00 -9.14423347e-01 -7.86157906e-01 1.80239844e+00
    -5.60389280e-01 1.08718085e+00 8.67538095e-01 1.01233625e+00
    1.48258257e+00 -5.63574433e-02 -6.94555759e-01 2.41685688e-01
    1.33129454e+00 2.91336417e-01 -5.92253387e-01 1.49033439e+00
    1.09254026e+00 -1.90607429e-01 6.42843425e-01 1.01265597e+00
    3.77442658e-01 -1.29457891e-01 -5.39181292e-01 1.38704979e+00
    1.38859332e-01 -2.77015835e-01 -3.23718756e-01 1.22067833e+00
    -9.94515419e-03 2.49855876e-01 7.80471206e-01 -7.42250204e-01
    1.06538141e+00 3.67277324e-01 7.96680987e-01 7.49764979e-01
    1.15038002e+00 -2.93538690e-01 1.71459746e+00 1.68655419e+00
    1.73305690e-01 1.31397426e+00 1.44228768e+00 -3.72893780e-01
    -6.58690989e-01 -4.27321792e-01 1.69857621e+00 1.67314827e-01
    -7.36647487e-01 7.31143236e-01 1.35269904e+00 -2.08056092e-01
    3.96227241e-01 1.32693160e+00 -1.02544069e-01 -7.73305535e-01
    3.91578376e-01 3.84872675e-01 3.31582785e-01 7.18863547e-01
    9.12594020e-01 1.02373838e+00 -4.17622864e-01 -6.73118651e-01
    1.29040051e+00 1.48547792e+00 -2.56665349e-02 -3.52155000e-01
    1.36288190e+00 -6.10235810e-01 1.52595413e+00 1.41185582e+00
    -7.32794404e-01 1.06072879e+00 -2.10599899e-02 2.53443241e-01
    -7.26267755e-01 1.26390576e+00 1.06400490e-01 8.59740138e-01
    1.53752971e+00 1.30653512e+00 -3.55530500e-01 -1.04696572e-01
    -4.63849306e-02 -4.89622325e-01 1.13586187e+00 -7.16662407e-02
    -4.83954012e-01 1.67064703e+00 -1.15497053e-01 1.49802375e+00
    6.50500476e-01 -7.03576028e-01 -5.43499589e-01 6.60175562e-01
    9.30251956e-01 1.56527472e+00 -5.18658042e-01 8.57744455e-01
    5.41967750e-01 8.86018753e-01 -1.36584044e-01 4.00425673e-01
    -8.74176621e-02 1.37964189e-01 1.57747567e-01 -3.03765625e-01
    5.65800309e-01 9.48404670e-01 7.57042587e-01 1.24040222e+00
    -9.38667655e-02 5.33450961e-01 8.32189739e-01 1.27223217e+00
    1.27811635e+00 1.50429249e+00 -7.05672741e-01 -6.24054909e-01
    -1.95670784e-01 4.45710421e-01 1.05705190e+00 7.07261920e-01
    1.02576733e-01 5.27132452e-01 9.90469635e-01 9.93060231e-01
    9.49309230e-01 7.93908834e-01 4.39315081e-01 7.56140530e-01
    9.49832618e-01 1.11573327e+00 -5.69033980e-01 1.83652544e+00
    -7.36628056e-01 8.88214171e-01 -8.25007558e-02 1.33532047e+00
    4.01006401e-01 1.67003977e+00 9.25782084e-01 4.43939447e-01
    4.10872519e-01 -7.30800807e-01 1.44496942e+00 -3.03121567e-01
    6.40014648e-01 1.24561930e+00 6.47816062e-02 2.08686113e+00
    3.48897517e-01 -4.74321574e-01 -2.67716289e-01 1.84090090e+00
    -9.21817422e-02 -2.89090872e-01 1.45912468e-01 1.68520069e+00
    -9.00719285e-01 1.49370193e+00 9.87385988e-01 7.35877514e-01
    4.25469637e-01 7.94350088e-01 1.07588530e+00 7.24370301e-01
    1.95158124e-01 1.66318536e+00 1.74665618e+00 6.13252878e-01
    9.93020058e-01 -1.63999438e-01 4.58785832e-01 2.20160127e-01
    -3.78410280e-01 -6.49471283e-01 7.78929174e-01 1.45633686e+00
    9.16340470e-01 -1.61061049e-01 1.32450986e+00 3.30295324e-01
    1.06414008e+00 2.60627747e-01 1.54756021e+00 -4.32565629e-01
    1.47595549e+00 7.77958870e-01 -3.58689666e-01 9.54253495e-01
    6.63992763e-02 1.59167731e+00 -9.15506482e-02 5.50770581e-01
    -1.01510584e-01 9.38896120e-01 8.64086688e-01 1.14176011e+00
    -4.84106660e-01 2.18896985e-01 1.44287658e+00 1.84248161e+00
    1.48137450e+00 6.50336921e-01 2.08105385e-01 3.92713726e-01
    2.39937842e-01 1.67051756e+00 2.80120671e-01 -1.65116906e-01
    1.23497510e+00 1.36035109e+00 1.34945178e+00 -7.09088027e-01
    1.63336754e+00 1.05115044e+00 1.18139267e+00 -9.51992869e-02
    1.57941866e+00 1.30392194e+00 1.10074317e+00 5.76425910e-01
    -1.96850181e-01 5.36058664e-01 2.68170297e-01 5.26326537e-01
    -3.45270336e-01 1.48370576e+00 -6.25283241e-01 1.18312001e-01
    1.58019614e+00 5.19083738e-02 1.19063830e+00 5.42287230e-01
    2.11014509e-01 1.56437969e+00 1.67470074e+00 -2.43504107e-01
    3.42227697e-01 1.03807390e-01 7.01281190e-01 -3.13635826e-01
    5.15318155e-01 -1.28139853e-02 -5.03130913e-01 -4.44907367e-01
    6.76877797e-01 1.45226240e+00 1.10947478e+00 1.45849860e+00
    1.21820545e+00 -4.37639832e-01 1.00599575e+00 -1.19892955e-01
    1.16925561e+00 1.51765323e+00 1.89277530e-02 -3.08636308e-01
    7.40281343e-02 6.50988460e-01 1.21127725e+00 -1.80979013e-01
    1.29577219e+00 -4.40690070e-01 2.09139526e-01 -2.62924790e-01
    2.85228252e-01 1.34153616e+00 -4.10092920e-01 2.83667743e-01
    7.94297993e-01 -2.64355361e-01 9.66275036e-01 1.08203220e+00
    -1.12012148e-01 1.65128326e+00 3.19183648e-01 -1.54522151e-01
    8.59754682e-02 1.36217976e+00 5.50132334e-01 -7.44085133e-01
    1.52237666e+00 1.28171778e+00 3.64077449e-01 1.01158500e-01
    8.50543737e-01 -5.16605079e-01 2.33194292e-01 1.21087074e+00
    1.05779874e+00 1.66591406e-01 8.68344784e-01 -8.11827362e-01
    1.45821106e+00 -3.91622573e-01 -2.70838112e-01 7.09578633e-01
    1.26592422e+00 1.18943608e+00 -5.48831284e-01 1.58850074e+00
    9.60031092e-01 -2.19355166e-01 -4.82028931e-01 1.06529713e+00
    1.13202775e+00 1.54525602e+00 -6.55580044e-01 1.25402832e+00
    1.65436506e-01 1.34869218e+00 -6.75277114e-02 4.87833321e-01
    1.04885793e+00 -1.87091827e-01 3.27898681e-01 1.23193562e-01
    -4.63576347e-01 1.31437755e+00 -4.17661160e-01 5.17848730e-01
    8.20659637e-01 7.47548342e-02 5.06297827e-01 1.09761357e+00
    -3.96786302e-01 1.59714341e+00 6.25871062e-01 3.03800523e-01
    1.38231516e-01 1.53652298e+00 1.66251385e+00 -7.96099424e-01
    5.55230975e-02 1.66017699e+00 -1.00427568e-01 4.89577234e-01
    -3.89455885e-01 1.74759412e+00 1.53277946e+00 1.29453182e-01
    -6.22332513e-01 9.14218426e-02 9.97954905e-01 -5.65787077e-01
    -4.18569446e-01 1.34246945e+00 9.14519429e-01 2.40876377e-01
    -5.93766153e-01 -3.21476609e-01 -8.37237835e-02 3.99140835e-01
    9.28835630e-01 1.14456296e+00 4.74268019e-01 4.34217036e-01
    5.28413475e-01 1.32411814e+00 2.98151135e-01 3.28077495e-01
    3.23668242e-01 6.91685140e-01 8.96294236e-01 -6.63642943e-01
    4.00854588e-01 7.22063839e-01 -5.94005287e-01 1.56315839e+00
    4.51420546e-02 -7.41668522e-01 1.56577981e+00 1.28893864e+00
    4.70654368e-02 1.10207319e+00 1.13369071e+00 -5.97648978e-01
    1.38394380e+00 -3.68594885e-01 1.21745169e+00 9.43451047e-01
    4.17213976e-01 1.50903225e+00 8.65836501e-01 -3.33978653e-01
    5.22773862e-02 1.31261754e+00 -4.49490547e-01 9.63719547e-01
    6.09868765e-02 -2.69631624e-01 1.56214535e+00 1.57453275e+00
    1.34286904e+00 3.39218616e-01 -5.89903712e-01 3.83784771e-02
    -4.30781245e-02 6.40323639e-01 7.40817368e-01 8.28913033e-01
    6.44098043e-01 -3.62080872e-01 9.11655426e-02 1.07930839e-01
    1.25369120e+00 9.94142950e-01 1.20736361e-02 9.50343907e-01
    5.86556613e-01 3.23141277e-01 -1.32221103e-01 1.74064374e+00
    -4.56414163e-01 7.06351042e-01 7.13278711e-01 6.18525326e-01
    1.70976472e+00 -3.86781543e-01 -1.61764026e-02 -5.71940780e-01
    7.22632647e-01 -5.22094965e-01 1.02631152e-01 -3.08631241e-01
    -5.30186355e-01 5.94350755e-01 -1.48478091e-01 1.60866916e-01
    1.08358002e+00 8.51557553e-01 -6.32187128e-02 4.72592831e-01
    1.22594965e+00 8.69231462e-01 -1.81943953e-01 1.25048995e-01
    1.48423743e+00 4.65280175e-01 -4.03444171e-02 -7.94238627e-01
    -5.20113885e-01 1.67187190e+00 -5.36451817e-01 7.20899284e-01
    -3.90776753e-01 5.53688407e-02 1.55041885e+00 4.58345234e-01
    2.35260785e-01 -7.50830054e-01 5.27765095e-01 9.86507654e-01
    -4.90794599e-01 3.00007522e-01 2.12807059e-02 -4.29180622e-01
    -2.59445488e-01 -6.36425853e-01 -4.53469157e-02 7.82629788e-01
    6.82279408e-01 3.57780397e-01 -2.20365524e-01 1.40873814e+00
    6.65713668e-01 -2.87328005e-01 -4.93072808e-01 -2.41258800e-01
    1.08320272e+00 -1.54477298e-01 8.30194950e-02 -1.11191154e-01
    -4.02749091e-01 -3.32103372e-01 9.39628780e-01 1.02877426e+00
    -7.59526730e-01 8.10265779e-01 2.47690618e-01 1.73605573e+00
    -1.73870802e-01 4.87720430e-01 3.55346262e-01 -7.80546069e-02
    1.23114109e+00 -4.65854615e-01 1.11068916e+00 -1.64430857e-01
    6.45211697e-01 7.16220617e-01 8.81955624e-01 1.03934944e+00
    -5.23952246e-02 1.77848935e-02 2.22764313e-01 1.02589536e+00
    1.14315701e+00 -5.77852547e-01 7.64174521e-01 1.52149844e+00
    2.52587616e-01 -4.76920009e-02 -1.91709697e-01 1.07889462e+00
    1.47640312e+00 1.56006134e+00 9.16154265e-01 3.92249584e-01
    7.64721811e-01 -4.86270964e-01 1.75428104e+00 3.14965904e-01
    7.70618439e-01 1.43729448e+00 9.21615362e-02 1.65568268e+00
    2.80802906e-01 9.42457020e-01 9.67507303e-01 1.26550436e+00
    -2.34745979e-01 1.69568777e+00 2.06580758e-02 5.10829151e-01
    -1.65609539e-01 7.25705981e-01 2.94407070e-01 -4.58399683e-01
    1.45927322e+00 1.41112864e+00 1.37928700e+00 -5.99686444e-01
    2.20938325e-01 3.40945482e-01 -2.07417727e-01 1.42863059e+00
    5.98388791e-01 6.95475340e-01 1.39562488e+00 1.33352613e+00
    1.53893888e+00 -7.44019091e-01 9.65824366e-01 7.83258677e-03
    7.60799885e-01 4.75864410e-01 1.18430519e+00 4.23005998e-01
    -6.90832198e-01 -4.82420951e-01 -5.98641992e-01 8.11697245e-01
    6.49259090e-01 1.06297326e+00 1.39183569e+00 1.23656011e+00
    -5.03397584e-02 1.43175197e+00 -7.87444711e-01 1.64520359e+00
    -8.08722556e-01 1.10177839e+00 1.15731120e+00 6.14711761e-01
    -7.05014944e-01 9.35045779e-01 1.46129918e+00 -8.08894038e-02
    1.54257131e+00 9.93777394e-01 1.24557400e+00 2.32738554e-01
    1.72508776e+00 2.37090945e-01 -3.95376623e-01 6.60389066e-01
    2.45169461e-01 1.38468957e+00 5.81610203e-01 4.12741601e-01
    7.52966464e-01 -4.14304078e-01 -2.71976054e-01 1.53755975e+00
    5.03161430e-01 5.72190762e-01 3.36796165e-01 1.51928806e+00
    -5.63716769e-01 9.08027291e-02 4.39857423e-01 6.68689489e-01
    1.76046658e+00 4.00683880e-02 9.59776640e-02 1.64960957e+00
    -5.21000028e-01 -2.08656192e-02 7.98969448e-01 1.17422438e+00
    1.43778467e+00 -3.13076973e-01 8.57561767e-01 7.32806325e-01
    9.55820560e-01 -5.53291380e-01 1.76369047e+00 3.98967028e-01
    1.51346266e+00 -4.39668238e-01 -3.78590763e-01 1.06255865e+00
    7.90764689e-01 1.28173792e+00 7.85698175e-01 1.38709223e+00
    2.51795411e-01 6.79910064e-01 1.19862700e+00 -4.96095389e-01
    -2.81677723e-01 1.48417878e+00 1.42237866e+00 -7.45533526e-01
    9.75806594e-01 8.75280201e-01 -6.57526553e-01 -6.82757139e-01
    1.62579620e+00 8.14235508e-01 8.25593054e-01 1.20241117e+00
    -2.22593933e-01 -5.42267561e-01 1.49529648e+00 -6.10483587e-01
    -7.65118659e-01 1.65366662e+00 1.19476140e+00 1.67405438e+00
    -2.84286261e-01 1.49141312e+00 -3.53625864e-01 -6.96158171e-01
    1.32255185e+00 -1.48761570e-01 -4.35307711e-01 -1.72627926e-01
    4.56746459e-01 2.55191028e-01 1.08672476e+00 1.04371142e+00
    -7.11344004e-01 5.39781451e-02 1.22565222e+00 -2.53689229e-01
    1.43309152e+00 3.47142458e-01 -4.73481417e-02 8.21660161e-01
    1.24615955e+00 1.15058851e+00 -2.87231863e-01 1.08957744e+00
    1.43023729e+00 5.63503146e-01 6.17098808e-02 7.79728889e-02
    1.57609880e+00 1.18621361e+00 -9.19768691e-01 -2.91832089e-01
    -7.22925723e-01 -2.98517942e-02 -4.29217517e-01 -6.77743554e-02
    1.78371096e+00 6.00573838e-01 3.89501214e-01 -2.04531759e-01
    8.74673665e-01 2.47437954e-01 7.89186895e-01 6.09849393e-01
    1.85503304e-01 1.17075944e+00 5.87980628e-01 7.65159607e-01
    9.14007545e-01 4.03984189e-02 9.18259203e-01 1.24635911e+00
    -1.98731244e-01 1.63136041e+00 8.45666707e-01 1.57943869e+00
    4.16933358e-01 1.32088780e+00 1.31806374e+00 9.41131115e-01
    6.05350733e-01 1.15930319e+00 -2.02256501e-01 1.06023431e+00
    1.67339349e+00 3.72007966e-01 1.53576553e+00 -6.60050511e-01
    7.88719594e-01 -4.76158798e-01 -9.20635760e-02 -3.38758707e-01
    2.83234179e-01 1.69820809e+00 -6.12047911e-02 1.31577778e+00
    7.17968881e-01 -7.52826989e-01 1.02099347e+00 5.65668941e-02
    7.79955864e-01 5.67237735e-01 1.44960117e+00 1.36683440e+00
    -1.56116605e-01 5.70646822e-01 4.12815809e-02 -5.75028300e-01
    -4.30348694e-01 4.10997093e-01 3.06307018e-01 8.42811167e-01
    5.40342331e-01 3.01020741e-01 6.80101991e-01 1.26981568e+00
    9.59939957e-01 1.34135473e+00 1.08323741e+00 3.07589054e-01
    -1.10316277e-02 1.33485246e+00 5.57435811e-01 1.09505415e+00
    -1.54462218e-01 -4.73282427e-01 -6.24174297e-01 1.60526752e+00
    1.14695501e+00 7.07883775e-01 1.03041351e-01 -5.88860869e-01
    1.89967477e+00 -2.10155904e-01 8.05480182e-01 1.00415146e+00
    1.41979790e+00 -7.12012649e-02 -5.40130854e-01 -5.62771559e-01
    -4.14766073e-01 7.11820543e-01 7.71490574e-01 1.20544446e+00
    8.68630409e-01 4.08271909e-01 4.57318902e-01 5.37217379e-01
    -6.98718667e-01 -5.50609827e-03 1.08555913e+00 1.88977122e-02
    -5.41671753e-01 8.34930539e-02 3.16407502e-01 -9.97817516e-03
    1.53756762e+00 -7.25407481e-01 6.18513167e-01 9.91359591e-01
    1.54709816e-01 1.65632534e+00 3.23184788e-01 -7.38043785e-01
    9.83371377e-01 1.66608727e+00 -4.73156363e-01 1.03651857e+00
    -2.66154885e-01 8.90436769e-01 1.51531172e+00 -1.24542713e-01
    1.57832909e+00 2.08460450e-01 9.13080335e-01 9.65213180e-01
    1.52189136e+00 -4.01587725e-01 1.16335821e+00 -3.50328088e-02
    3.79018426e-01 2.30507135e-01 7.92258263e-01 1.29383016e+00
    1.67879605e+00 1.03859651e+00 1.30498147e+00 -1.51109338e-01
    9.39731777e-01 1.75025582e-01 2.64729857e-02 -8.59650910e-01
    1.24785411e+00 6.01113856e-01 1.29777789e+00 8.94784212e-01
    1.35188437e+00 -1.70563400e-01 1.03779542e+00 -7.21514165e-01
    8.98556650e-01 -1.60524368e-01 -1.38014793e-01 1.11781478e-01
    -5.67884684e-01 1.78425503e+00 -2.85906196e-02 -3.57186198e-01
    7.95247674e-01 1.11336768e-01 1.28390789e+00 4.80494201e-01
    9.81648088e-01 9.67033148e-01 1.25462830e+00 -6.12593114e-01
    1.27317071e+00 -1.41229957e-01 -5.65447450e-01 1.44342124e+00
    1.51941800e+00 3.08059335e-01 -5.37366867e-01 1.11854315e+00
    1.06872964e+00 -5.86259365e-01 1.74025249e+00 1.10890925e-01
    2.72097588e-01 -3.28297436e-01 -6.86427951e-02 8.32391262e-01
    1.49100435e+00 1.08925223e-01 3.49312842e-01 3.87261808e-01
    5.37757218e-01 1.42178798e+00 4.75621879e-01 7.99951136e-01
    1.35894251e+00 3.35939825e-01 1.49198842e+00 1.26559258e-01
    1.60432601e+00 4.70186710e-01 2.65504479e-01 1.68538904e+00
    -4.46226776e-01 -3.63597333e-01 1.64124799e+00 2.41051316e-02
    7.18395114e-01 9.18450356e-02 6.85358703e-01 5.17314017e-01
    7.99210906e-01 -6.98314846e-01 1.15767050e+00 1.18561709e+00
    1.62935066e+00 9.03220296e-01 1.78130317e+00 2.98766077e-01
    5.96030354e-02 -8.28371644e-01 7.13685989e-01 -3.12658459e-01
    2.71971405e-01 -3.30763400e-01 2.09747732e-01 -1.00728810e-01
    5.62569857e-01 -5.80836236e-01 1.48685431e+00 -2.17859089e-01
    5.82583845e-01 -7.30473161e-01 -3.83584827e-01 1.35697937e+00
    1.36406851e+00 -3.25814903e-01 -4.42313552e-02 1.79604316e+00
    9.14315581e-01 7.20251262e-01 1.93275630e-01 1.26381278e-01
    6.30779743e-01 1.29557943e+00 1.43652940e+00 1.50253272e+00
    1.52990282e+00 4.35574055e-02 4.54963446e-01 1.98388290e+00
    -4.72639859e-01 1.05204761e+00 1.34610832e-01 -7.38003910e-01
    -8.60468805e-01 -1.99358225e-01 1.44161332e+00 6.77429855e-01
    1.17612779e+00 7.86617994e-02 1.68826103e+00 7.58834541e-01
    1.30874157e+00 1.11500478e+00 2.56492496e-01 -6.25757575e-02
    8.99035335e-01 4.48103786e-01 1.25014806e+00 5.82235336e-01
    5.04604459e-01 2.92030811e-01 4.66350913e-02 -4.16270077e-01
    1.09806478e+00 5.19658923e-01 5.50727367e-01 1.18288207e+00
    -1.01747334e-01 3.94254148e-01 4.71344829e-01 1.02589250e-01
    1.57089698e+00 1.82520449e-01 2.95625210e-01 -7.49798059e-01
    1.50162935e+00 -2.44959652e-01 3.72952342e-01 5.96215606e-01
    1.18387282e+00 -2.67501473e-01 7.24686980e-01 -3.72006118e-01
    2.50955462e-01 1.41586268e+00 1.34562933e+00 1.20301247e+00
    1.17664123e+00 -3.50855231e-01 1.07834888e+00 4.09369230e-01
    1.39235520e+00 9.46973324e-01 -2.77849853e-01 1.31508887e+00
    1.55618072e+00 -4.48439658e-01 6.23799741e-01 4.72346544e-01
    -6.27571940e-02 1.59943295e+00 1.56511796e+00 -5.73119879e-01
    4.73247170e-01 3.81898999e-01 1.48094463e+00 9.07830119e-01
    1.47497892e+00 -2.06524044e-01 1.52320504e+00 1.55533075e-01
    1.05776811e+00 5.72723150e-02 -3.33296359e-01 -7.10043669e-01
    1.17695022e+00 -5.31304777e-01 1.04325593e-01 -6.53237462e-01
    -4.73782212e-01 1.76046562e+00 6.09427989e-01 3.80468845e-01
    -3.94983888e-01 8.08248341e-01 -9.96580124e-02 6.82391524e-01
    1.71393013e+00 1.08639193e+00 1.69564390e+00 6.58956051e-01
    -5.06369591e-01 -1.89144611e-02 1.65045404e+00 -3.97746265e-01
    -4.52271909e-01 1.33057249e+00 8.10524821e-01 -4.59333956e-01
    5.71727455e-01 1.04456353e+00 2.55241454e-01 4.72569108e-01
    -5.35568953e-01 6.80875838e-01 4.00688052e-01 4.07177806e-01
    -4.92909908e-01 9.26282108e-01 1.23286510e+00 2.53553629e-01
    7.02004790e-01 3.63295972e-01 -3.21244240e-01 7.85505891e-01
    1.27389288e+00 2.29368329e-01 3.62814069e-02 1.13940787e+00
    1.62691295e+00 1.08075738e+00 -5.05859733e-01 8.70616734e-01
    4.02320445e-01 5.62345803e-01 9.08555329e-01 -6.73360288e-01
    9.71198142e-01 2.97085583e-01 -4.13806140e-01 -5.37057519e-02
    -7.05969751e-01 1.69970167e+00 -8.39873314e-01 1.39110100e+00
    -3.90101194e-01 9.89182711e-01 8.62577677e-01 1.10294127e+00
    6.56548858e-01 1.54610920e+00 -1.81726813e-02 -6.51647449e-02
    1.54587352e+00 9.70187306e-01 -4.20151323e-01 1.47400308e+00
    1.52500212e-01 -2.78422832e-01 1.52188945e+00 8.79595816e-01
    -2.95305431e-01 2.57403612e-01 -7.87554204e-01 1.47368562e+00
    9.77215290e-01 -2.61656642e-01 4.07538354e-01 1.36774302e+00
    1.30927813e+00 6.93284273e-02 4.83326435e-01 -2.59192407e-01
    7.22834229e-01 2.90564537e-01 7.30075240e-02 9.82629716e-01
    1.70523214e+00 -4.57430273e-01 -8.18023086e-02 -6.29267991e-01
    3.73747408e-01 -2.49462187e-01 1.32875729e+00 4.16201770e-01
    -3.03557724e-01 -7.53782392e-02 8.59532356e-02 1.64717591e+00
    1.53359056e+00 2.33140111e-01 1.54851747e+00 -2.46540487e-01
    5.69282115e-01 -1.90166473e-01 5.02738833e-01 1.02832913e+00
    -9.34542418e-02 -4.47303146e-01 4.44460511e-01 -6.75980330e-01
    1.73332119e+00 6.52193546e-01 5.62483966e-01 5.87418795e-01
    -1.25486553e-01 6.96035266e-01 -3.09133381e-01 -6.14813030e-01
    -4.05054986e-01 1.80871248e-01 -6.16845250e-01 -4.65906799e-01
    1.02184153e+00 9.37509060e-01 1.28660691e+00 -5.17598391e-02
    -5.61559081e-01 1.52254665e+00 1.69814873e+00 -5.38913012e-01
    -2.13561386e-01 -1.91471487e-01 -3.71920496e-01 1.29737878e+00
    1.24029124e+00 1.19742286e+00 -8.92922223e-01 6.52056217e-01
    -1.76659465e-01 -6.21410310e-01 6.36339068e-01 9.02539492e-02
    -3.36641073e-01 1.44662261e+00 7.56642938e-01 1.71304417e+00
    -7.02379346e-01 5.57749867e-01 1.02408111e+00 1.55116856e-01
    -1.57186657e-01 5.92181087e-01 1.37443197e+00 -3.59584272e-01
    4.19668853e-01 1.63684428e+00 1.50883079e+00 2.03909993e-01
    1.34696579e+00 4.05208707e-01 1.69840527e+00 -8.25356543e-01
    4.76768255e-01 5.37920535e-01 4.11580801e-02 1.35798073e+00
    5.63792586e-01 4.09008443e-01 -5.87778568e-01 1.34825635e+00
    8.40708733e-01 -7.64414966e-01 1.76317477e+00 -5.30462861e-01
    7.88649499e-01 3.35056067e-01 -1.37743413e-01 1.62060452e+00
    1.67360139e+00 1.68396592e+00 1.53038049e+00 -4.78323400e-01
    -6.69020653e-01 4.57247615e-01 1.54802871e+00 4.86129284e-01
    6.15149140e-01 3.03906798e-01 1.57079947e+00 1.53988945e+00
    1.80651188e-01 1.40220141e+00 -3.48019600e-03 -2.32604593e-01
    2.48403609e-01 -5.57058096e-01 1.55689359e+00 1.84607160e+00
    -5.44234514e-01 1.03116536e+00 9.25379753e-01 1.53515220e-01
    8.45495462e-02 -1.28997207e-01 1.33714414e+00 -2.46642888e-01
    1.32595539e+00 -5.38897753e-01 2.38770068e-01 1.90598679e+00
    1.10074282e+00 -7.40239620e-01 5.28197765e-01 1.10420430e+00
    1.51301360e+00 8.53143215e-01 1.35427499e+00 7.27289021e-01
    8.96015823e-01 8.52850378e-01 -6.00136757e-01 1.23330700e+00
    5.95284700e-02 1.58537412e+00 -4.05384243e-01 3.18574309e-02
    -9.14115310e-02 1.64267707e+00 1.25926745e+00 1.44490242e+00
    7.09022164e-01 1.21682322e+00 2.53709197e-01 8.34344566e-01
    1.52433312e+00 -8.89940083e-01 -3.91364634e-01 3.01303208e-01
    1.66812110e+00 7.45864034e-01 4.43133831e-01 1.22989631e+00
    -3.63073677e-01 4.09486651e-01 2.07077742e-01 -1.28684640e-02
    1.75946569e+00 1.48480844e+00 1.57143819e+00 5.03185272e-01
    5.10118306e-01 2.79540420e-01 5.93150973e-01 1.71720481e+00
    1.87743306e-02 1.85337150e+00 -7.74737895e-01 9.42312121e-01
    -2.56578624e-01 1.62650156e+00 -5.50658107e-01 1.47257805e+00
    -7.30260730e-01 -6.81677938e-01 -4.75845754e-01 7.40598381e-01
    1.77576900e+00 1.50499642e-01 -1.15152955e-01 1.12829697e+00
    7.59666920e-01 1.71684384e-01 1.69637239e+00 3.37016284e-01
    4.24911261e-01 -2.41394222e-01 -3.84015143e-01 -2.87775993e-01
    9.57574666e-01 1.55820906e+00 9.47592735e-01 1.12784851e+00
    1.48318946e+00 1.68464625e+00 -4.71285313e-01 3.50877047e-01
    2.04724073e-03 2.59818494e-01 7.16256738e-01 -6.79943979e-01
    1.00665379e+00 8.92510891e-01 1.05957246e+00 -7.24856317e-01
    -4.48090434e-02 1.03491998e+00 4.47380304e-01 -2.17307508e-01
    -5.83728015e-01 -7.51331389e-01 1.21673453e+00 8.96060586e-01
    -4.53499615e-01 -6.91684484e-02 1.51820171e+00 1.24731445e+00
    5.27964890e-01 3.68582785e-01 -6.55186653e-01 1.34175396e+00
    1.74797082e+00 9.75171328e-02 8.90415490e-01 -4.61000562e-01
    1.17233026e+00 7.98627734e-02 -6.54973507e-01 -3.62152517e-01
    3.15604627e-01 9.31661844e-01 1.93285525e-01 8.76210451e-01
    -3.06263357e-01 2.89191663e-01 3.61702085e-01 7.30105162e-01
    9.23633575e-03 -2.97946304e-01 1.83424807e+00 -7.72242308e-01
    1.39786983e+00 7.05420971e-01 -1.81274414e-02 -1.54878616e-01
    1.04400826e+00 7.01093853e-01 2.81570315e-01 4.64456499e-01
    1.33460093e+00 5.77304363e-02 -3.33567619e-01 1.72150457e+00
    -3.29479516e-01 3.45667064e-01 1.46590590e+00 8.50127041e-01
    -1.06303215e-01 3.45948875e-01 6.96029902e-01 4.61498141e-01
    9.84580517e-01 1.75190639e+00 -7.87097216e-03 -8.92233849e-03
    -1.86808586e-01 -3.97165358e-01 1.20412064e+00 1.06245494e+00
    1.22562504e+00 6.71400905e-01 1.57476234e+00 -7.60915279e-02
    -1.23308778e-01 1.82727289e+00 1.22703147e+00 8.83355677e-01
    1.08440673e+00 -6.91715002e-01 -5.81729114e-01 1.00545001e+00
    1.96555197e-01 1.67254233e+00 3.94826114e-01 2.59054303e-01
    3.37606370e-01 1.85945690e-01 1.77240396e+00 1.59551823e+00
    -9.76778388e-01 1.50661290e+00 9.64440346e-01 -4.53138709e-01
    -7.10622072e-01 1.21720541e+00 2.83125043e-01 5.70606411e-01
    1.30928874e+00 6.27914786e-01 1.20993388e+00 1.43212366e+00
    -9.36628819e-01 1.19074321e+00 1.72818506e+00 7.57692456e-01
    1.33234203e-01 6.44402742e-01 5.43682873e-01 4.12176847e-02
    1.84288502e+00 1.57137012e+00 -1.28303468e-01 5.87928593e-01
    1.01748633e+00 3.38281333e-01 -3.00628871e-01 2.81068623e-01
    4.35535192e-01 5.24355769e-01 1.75582349e+00 1.12366509e+00
    1.59446454e+00 -5.31574011e-01 1.12986934e+00 1.35991073e+00
    -4.30342555e-02 -8.45650792e-01 1.27175212e-01 6.36735857e-01
    2.03374267e-01 1.27056932e+00 -1.78788364e-01 1.78775835e+00
    -2.42242396e-01 9.42738831e-01 4.25613463e-01 -2.62878358e-01
    2.68345833e-01 -8.48009646e-01 1.02229977e+00 2.00595570e+00
    1.43395472e+00 1.55021727e-01 -3.79329860e-01 1.66223979e+00
    -2.22618222e-01 -8.84328485e-02 2.40975320e-01 -4.25678432e-01
    9.84330952e-01 -6.68280780e-01 9.30662990e-01 1.36814356e+00
    -1.48581803e-01 8.91474962e-01 3.99861336e-02 4.26639557e-01
    1.56382847e+00 -7.79886723e-01 1.38830781e-01 -3.69487613e-01
    2.72749066e-02 1.24171996e+00 2.08178639e-01 -8.13526511e-02
    1.13614142e-01 -1.50556147e-01 1.21770632e+00 1.07342100e+00
    8.43854189e-01 -1.64358616e-02 1.62284243e+00 1.10348845e+00
    7.72033811e-01 1.58253253e-01 -2.88862288e-01 -2.55947113e-02
    1.29062796e+00 -2.39101410e-01 1.16279852e+00 8.45849514e-02
    3.43204021e-01 1.38581002e+00 1.60218656e-01 2.45267689e-01
    1.73849106e-01 -7.74085462e-01 9.35394883e-01 -4.68981564e-01
    1.59076452e+00 3.22587132e-01 1.10628414e+00 8.87153268e-01
    -6.59142554e-01 -5.53986788e-01 1.08975077e+00 1.14619255e-01
    4.05223250e-01 6.28299117e-01 1.09461665e+00 -5.01438379e-01
    1.61278534e+00 1.19257867e-01 1.02839303e+00 1.22357607e+00
    -1.28827095e-02 -7.41479516e-01 1.05249310e+00 8.58195186e-01
    1.15118420e+00 -3.24301958e-01 -3.38118076e-01 8.39639604e-01
    -5.18820405e-01 -3.96379828e-01 -1.80240870e-02 5.09108961e-01
    4.88800645e-01 2.90676236e-01 1.26788616e+00 2.49807060e-01
    -6.13382697e-01 1.12073421e+00 -2.35231608e-01 9.21732545e-01
    8.24028492e-01 -5.17353535e-01 1.99169397e-01 6.02783859e-01
    -2.29552209e-01 4.85621452e-01 7.57400513e-01 1.42422962e+00
    -2.89354265e-01 2.44891942e-01 -4.37827945e-01 1.49444258e+00
    1.02259576e+00 4.41371560e-01 8.58107328e-01 1.23801792e+00
    -4.03258413e-01 4.81956065e-01 -2.92986184e-01 -1.97377443e-01
    4.15152550e-01 1.48355436e+00 5.32343030e-01 -7.04536200e-01
    1.25009072e+00 -8.74751449e-01 6.04970157e-01 7.59153843e-01
    1.68704295e+00 1.34088492e+00 6.10099256e-01 9.80888963e-01
    -3.73166829e-01 1.73276854e+00 3.50369692e-01 1.44684064e+00
    -6.37032986e-02 -7.69736469e-01 1.27076244e+00 6.26699626e-01
    1.44410300e+00 1.70089221e+00 -4.33767170e-01 5.84745288e-01
    3.54200542e-01 1.35689068e+00 2.45523930e-01 2.09095120e-01
    1.20896697e+00 -5.16465068e-01 9.19584274e-01 1.65624917e-01
    -6.96238756e-01 -5.03303409e-02 1.81570590e-01 3.82487714e-01
    1.42346942e+00 -9.40120816e-02 1.65022779e+00 1.64107656e+00
    9.43829596e-01 -5.58560550e-01 4.79426205e-01 -9.50765610e-02
    5.72977126e-01 1.00904059e+00 1.55708635e+00 9.68205333e-01
    1.33458996e+00 7.14907885e-01 -4.39179659e-01 9.57133353e-01
    1.24727428e+00 6.48269534e-01 1.11689687e+00 1.56274450e+00
    1.44503832e-01 -5.00459194e-01 1.36681724e+00 6.19456768e-02
    -5.07740736e-01 1.11439800e+00 -1.12730742e-01 4.04965818e-01
    9.06930089e-01 -3.92714411e-01 -2.62910843e-01 3.32669914e-01
    1.37204206e+00 1.33362687e+00 -1.79785788e-01 1.34888577e+00
    6.49183631e-01 -7.20461786e-01 -1.16219461e-01 6.60088062e-01
    3.34528625e-01 8.60852361e-01 5.83978415e-01 -4.72651243e-01
    -4.77575302e-01 3.02217603e-02 1.13247681e+00 1.26588440e+00
    1.17323875e+00 -9.96179879e-01 8.22340071e-01 3.87434423e-01
    1.74290538e-01 1.51926231e+00 -5.64571917e-01 -2.94203758e-02
    6.35013461e-01 -4.61989641e-02 -1.61906600e-01 1.46800745e+00
    2.02084661e-01 4.22576368e-01 -2.38356590e-01 1.31047451e+00
    1.15278971e+00 6.55325532e-01 1.08174920e+00 1.04643011e+00
    1.69371426e+00 -2.59263754e-01 -3.89454722e-01 5.11124969e-01
    -3.02720338e-01 5.69461584e-02 -4.39334244e-01 -4.09817070e-01
    1.48805833e+00 7.74144173e-01 2.62604952e-01 -2.39482462e-01
    6.59153581e-01 1.52201688e+00 7.37035096e-01 2.47315347e-01
    -5.50063372e-01 3.53671014e-01 2.22383499e-01 4.21111524e-01
    9.62734342e-01 8.41546893e-01 7.52327323e-01 -5.70441961e-01
    9.75814879e-01 -1.14253759e-01 -7.72757292e-01 -7.74795353e-01
    1.36294556e+00 -2.63031781e-01 1.02080381e+00 6.56151414e-01
    1.35809302e+00 1.47209799e+00 -2.00924277e-01 8.24617624e-01
    1.18355680e+00 6.66327596e-01 -6.45002484e-01 1.45932341e+00
    6.94251776e-01 -7.41172731e-01 1.60559857e+00 3.73671532e-01
    -2.12562025e-01 1.51560998e+00 1.37033617e+00 -3.12149554e-01
    3.38643521e-01 -2.58323669e-01 1.33819890e+00 -2.20435977e-01
    8.20293128e-01 1.35164380e-01 7.41116345e-01 1.03323627e+00
    -3.60820889e-01 8.43804598e-01 9.89939332e-01 1.45771360e+00
    4.39751804e-01 -2.66013891e-01 5.66811860e-01 1.64444447e+00
    7.56711006e-01 7.99747765e-01 -1.65274024e-01 7.46232092e-01
    1.28954422e+00 -5.30131817e-01 -1.15740955e-01 3.79752517e-02
    1.49575257e+00 1.03730106e+00 3.28406692e-02 -4.37839746e-01
    2.05860555e-01 1.06639063e+00 1.81520462e-01 1.07893920e+00
    -6.04682922e-01 -1.61817670e-02 -4.71243978e-01 -3.96695554e-01
    4.49646175e-01 -2.00549006e-01 9.42040265e-01 1.21276736e+00
    3.74837339e-01 -4.79232609e-01 -1.04729295e-01 -2.77827859e-01
    1.78448963e+00 1.66498113e+00 5.68588555e-01 -2.23218143e-01
    1.34083903e+00 7.91245818e-01 5.42782307e-01 1.22755885e+00
    -2.60459483e-01 7.23104596e-01 -1.42489672e-01 1.71931446e-01
    2.49815941e-01 1.56551349e+00 -6.97480321e-01 1.51833606e+00
    -1.31832421e-01 1.07059479e+00 1.98772311e-01 1.68438423e+00
    -6.41732156e-01 2.63130665e-01 -4.08623219e-02 -1.34940386e-01
    -1.56496167e-01 -5.60444713e-01 1.73049688e+00 -4.96688306e-01
    4.59538102e-02 1.74705565e+00 5.52027583e-01 -6.68564439e-01
    7.82866538e-01 -5.13986826e-01 8.46535325e-01 4.59267497e-02
    5.16625702e-01 -1.77605152e-02 1.33521140e-01 -3.37891728e-01
    8.39853764e-01 1.32426763e+00 1.81981623e+00 -4.06382680e-02
    5.98494768e-01 1.44169712e+00 6.41152203e-01 4.93697166e-01
    4.65130746e-01 2.68871367e-01 1.26039004e+00 1.06136107e+00
    1.09639966e+00 1.55061412e+00 -6.94434226e-01 4.52843010e-01
    1.47338557e+00 9.64617014e-01 1.44508946e+00 2.59984374e-01
    7.54248142e-01 -1.87449753e-01 8.93986583e-01 7.79284775e-01
    1.14081132e+00 7.47405350e-01 1.36049485e+00 -2.94981658e-01
    2.82375634e-01 -2.10958958e-01 -5.97554445e-03 -5.18751264e-01
    6.91842437e-01 -9.39545631e-02 4.47878182e-01 -5.14736176e-01
    3.84064615e-01 4.49892461e-01 1.56746936e+00 1.43444157e+00
    -2.35660732e-01 -6.66880012e-02 1.37625611e+00 -8.33976686e-01
    1.48992550e+00 9.67182755e-01 1.14726567e+00 5.11673927e-01
    -8.21548104e-02 1.84841919e+00 -9.62333083e-02 1.34732306e+00
    1.87643003e+00 -3.07038665e-01 3.75540257e-01 -2.05191731e-01
    4.74932134e-01 5.68129182e-01 3.54684949e-01 1.24100983e+00
    1.57489550e+00 -6.48719132e-01 6.37924850e-01 5.56691527e-01
    1.18634081e+00 -6.65012836e-01 -5.58979988e-01 2.37301588e-01
    6.48694992e-01 1.34637165e+00 -4.45182592e-01 1.94487333e-01
    1.54255688e+00 -1.08521247e+00 1.12342656e+00 1.58539999e+00
    8.93340468e-01 -5.35772860e-01 1.75685680e+00 1.70570707e+00
    1.44389629e-01 -3.29182982e-01 4.85128641e-01 4.81066406e-01
    9.27668035e-01 1.11604762e+00 1.33222806e+00 1.52954435e+00
    5.85359871e-01 -3.86689186e-01 1.32007849e+00 4.55950916e-01
    1.02042067e+00 -6.98684871e-01 1.75345206e+00 7.74640203e-01
    1.21404850e+00 1.87859774e-01 1.73938167e+00 7.57889986e-01
    5.41295826e-01 3.63752186e-01 1.26412416e+00 7.68522501e-01
    9.71253633e-01 1.09013951e+00 1.57084394e+00 1.44148648e-01
    5.31971455e-02 4.92339194e-01 5.02046525e-01 6.04904711e-01
    5.53417861e-01 -2.08776355e-01 1.00387251e+00 4.74375486e-02
    -6.27046704e-01 8.29190731e-01 6.76124930e-01 7.68208146e-01
    -1.68691576e-01 4.02529359e-01 4.00212586e-01 -3.22615504e-01
    1.78906846e+00 -5.93655884e-01 1.10545123e+00 1.21156812e+00
    1.51378512e-02 -3.36803317e-01 -4.08071309e-01 1.43866968e+00
    -2.48321235e-01 -2.84986079e-01 1.13589048e+00 -1.91352785e-01
    1.71515703e+00 1.19689941e-01 -2.31579244e-01 6.55239820e-01
    -5.60172379e-01 5.13659179e-01 1.87098801e-01 1.74866128e+00
    7.37718880e-01 1.56763792e-01 3.56514454e-01 1.28054059e+00
    5.33592582e-01 1.66021013e+00 1.28899026e+00 -6.49905562e-01
    1.02418828e+00 3.75395060e-01 1.29515409e-01 -8.68562758e-01
    1.30810416e+00 -7.53491282e-01 1.62858140e+00 6.63864613e-02
    1.26078904e+00 1.22030485e+00 2.84783542e-01 -5.12891054e-01
    -4.79857743e-01 2.14952648e-01 1.68396378e+00 4.40100670e-01
    1.60247755e+00 7.85789847e-01 1.08359718e+00 3.18220258e-02
    1.79051578e-01 1.63019371e+00 7.97222853e-02 -4.98017013e-01
    1.52436066e+00 -7.34667063e-01 1.08889151e+00 5.89894235e-01
    -1.45505667e-02 8.53992283e-01 9.19124544e-01 1.28996372e-02
    -2.92013168e-01 5.35526872e-01 -2.02069163e-01 9.26188827e-02
    1.12916708e-01 8.60576034e-01 7.77102768e-01 1.42064822e+00
    9.88522708e-01 1.36391973e+00 8.60377550e-02 -2.55220205e-01
    -4.92013931e-01 1.65304303e-01 5.39405525e-01 1.28648400e-01
    5.56003928e-01 -3.03884387e-01 6.26854420e-01 -2.62294680e-01
    -3.98671359e-01 8.50915134e-01 1.85975885e+00 -5.79719603e-01
    1.85251427e+00 -1.98129416e-02 -1.43975258e-01 8.35325241e-01
    1.85325921e-01 7.42699325e-01 -4.48056221e-01 -6.39561653e-01
    6.77386045e-01 -1.31464362e-01 6.34224057e-01 1.56701338e+00
    -3.94808769e-01 -7.86094725e-01 7.34076381e-01 1.32720804e+00
    -4.43615228e-01 8.24747384e-01 1.44113457e+00 -8.22725654e-01
    1.35950708e+00 1.30856991e+00 4.05193985e-01 7.60847330e-03
    -1.76005781e-01 9.41214204e-01 1.14284742e+00 4.58409071e-01
    4.51315343e-01 8.70247245e-01 1.49925900e+00 1.37101233e-01
    5.36575913e-02 1.61745989e+00 -1.47636384e-01 -3.59017134e-01
    2.96700001e-03 2.72440732e-01 1.08841026e+00 -2.89803505e-01
    1.68735886e+00 -2.55505800e-01 3.28873277e-01 5.98140597e-01
    4.99550104e-02 1.12344146e+00 4.95050251e-01 1.44200206e+00
    1.23007178e-01 -1.87474012e-01 -7.09286273e-01 2.29436994e-01
    1.18687928e+00 1.69917345e-02 -2.85685658e-02 1.21469021e+00
    1.24556971e+00 -2.84609735e-01 -7.94207454e-02 7.10377693e-01
    1.31504035e+00 -5.64878285e-01 1.43624485e-01 7.31784105e-01
    2.61022210e-01 1.10841680e+00 -3.69224846e-01 8.85781109e-01
    7.92000592e-01 9.52823937e-01 1.47559547e+00 -7.78282940e-01
    1.48509848e+00 -3.78570110e-01 -5.74592948e-01 -2.07385540e-01
    1.60176396e+00 2.56501913e-01 1.04952145e+00 4.12709177e-01
    3.73844922e-01 5.51525593e-01 3.90390456e-01 7.54277468e-01
    6.00269616e-01 6.78086221e-01 8.55373144e-02 8.05629313e-01
    -4.58674461e-01 -6.15691364e-01 8.93553734e-01 9.74211216e-01
    1.59821272e+00 -1.60107970e-01 -4.76653636e-01 1.02793086e+00
    1.42075658e-01 -1.17526889e-01 5.91217875e-02 -8.95447135e-02
    5.60567975e-01 8.01486611e-01 1.81354880e+00 7.22159386e-01
    -3.08063984e-01 1.59737861e+00 -2.25638270e-01 -5.44795454e-01
    -6.52679861e-01 -4.75425631e-01 1.03246760e+00 1.39312792e+00
    1.01190042e+00 4.04922128e-01 1.59033084e+00 1.47370875e+00
    9.37578678e-01 7.46716201e-01 1.30509830e+00 -1.60182416e-01
    -5.79680443e-01 1.55019808e+00 9.52586293e-01 -8.63353014e-02
    -6.16460681e-01 5.76226056e-01 -7.63114512e-01 8.87735009e-01
    -5.06255865e-01 1.62655926e+00 1.30668712e+00 -3.12055707e-01
    5.92997074e-02 -2.51511395e-01 1.86168492e-01 -9.19733644e-02
    1.04271770e-02 -3.27379107e-02 1.57578647e+00 3.19960117e-02
    4.19244707e-01 7.51502991e-01 -6.78092241e-02 8.31867933e-01
    3.09684515e-01 1.51723588e+00 2.86257565e-01 -6.30160749e-01
    1.25538862e+00 -3.34343344e-01 -6.14887476e-03 -3.13752770e-01
    5.52906632e-01 1.24780488e+00 -7.05870032e-01 -3.81527126e-01
    1.24611855e+00 4.42542493e-01 8.58046532e-01 -3.94162714e-01
    7.39009500e-01 1.33939767e+00 1.34029019e+00 1.35121965e+00
    1.59761977e+00 8.97067487e-01 -7.83651471e-02 1.71225071e-01
    1.28830886e+00 -5.09032369e-01 1.14761591e+00 -1.68764889e-01
    3.53368938e-01 -2.82822758e-01 9.95049000e-01 9.22101259e-01
    -3.73218328e-01 -2.48232245e-01 1.38479114e+00 9.98458743e-01
    1.77406096e+00 1.36535645e-01 1.58272457e+00 2.99541593e-01
    1.16039395e-01 5.68831325e-01 1.70749187e+00 2.02742815e-02
    7.69404352e-01 1.44131505e+00 1.58225894e-01 -1.14689827e-01
    2.50728846e-01 -5.27580202e-01 1.64787054e+00 1.30680633e+00
    1.18208766e+00 -4.91606653e-01 -5.32770157e-02 9.29359913e-01
    -5.91768146e-01 -6.74659610e-02 1.60368419e+00 7.49455273e-01
    1.81293106e+00 -2.44674534e-01 2.94973850e-02 1.50505650e+00
    6.22253180e-01 -5.25388896e-01 1.25540972e+00 -9.40133333e-02
    1.24377298e+00 -2.29956508e-01 7.02262163e-01 1.39123023e+00
    -9.80444670e-01 1.71047819e+00 5.34277797e-01 1.11584628e+00
    9.61726308e-01 1.00358987e+00 -3.22571784e-01 1.51578009e+00
    -5.86983263e-01 8.20150912e-01 1.23405290e+00 1.34177566e-01
    -9.63129401e-02 -6.47164583e-02 6.52876794e-01 8.48134577e-01
    -3.28807592e-01 8.05493832e-01 9.26836669e-01 2.82501042e-01
    7.16853201e-01 4.19186652e-01 -1.57638073e-01 1.14141500e+00
    -6.48792624e-01 1.54393411e+00 -4.17248189e-01 5.69897294e-01
    1.48119259e+00 -1.06502175e-01 6.95332289e-01 1.26672387e+00
    1.54521155e+00 3.57369959e-01 4.12654042e-01 1.01542139e+00
    5.73667705e-01 -3.84201109e-01 2.40728676e-01 -6.05263054e-01
    1.23769212e+00 6.06914163e-02 1.06898248e-01 1.27238488e+00
    -4.12225068e-01 -4.41250324e-01 5.61174989e-01 1.28870106e+00
    9.54377711e-01 -5.36087155e-01 -1.64139092e-01 3.91229331e-01
    1.52884579e+00 1.06330788e+00 1.09741569e-01 1.42067456e+00
    -5.64951658e-01 5.83358407e-01 1.71380138e+00 5.82954884e-01
    1.46086001e+00 1.62023425e-01 -6.02235436e-01 1.22149014e+00
    7.59384274e-01 1.42059720e+00 1.47770822e+00 7.81116724e-01
    6.16076171e-01 -4.04395759e-01 1.04152274e+00 1.88564897e-01
    -4.01950121e-01 1.53934467e+00 3.15944731e-01 1.06388283e+00
    2.20969200e-01 1.78738904e+00 1.33291018e+00 3.25602412e-01
    7.15663552e-01 1.62408280e+00 -6.57713830e-01 1.45443130e+00
    -2.77646452e-01 1.82503557e+00 -3.77546161e-01 1.42803431e+00
    -1.21628523e-01 1.46276355e+00 2.60348856e-01 1.80119407e+00
    -5.18109322e-01 7.54129410e-01 -1.49612546e-01 -7.82117248e-01
    4.67280805e-01 1.58956885e+00 2.16552675e-01 1.50066817e+00
    7.74441898e-01 5.48032641e-01 -2.84254789e-01 -4.34562504e-01
    3.34379911e-01 6.85156405e-01 -3.73741925e-01 4.82647955e-01
    -2.25918651e-01 -8.84749889e-02 1.27592087e-02 8.30779076e-02
    1.46170855e-02 1.50296211e+00 1.35278082e+00 -5.10412931e-01
    1.90260243e+00 -1.53868437e-01 3.69791925e-01 2.20883250e-01
    5.39928257e-01 -2.37732679e-01 9.00244057e-01 -2.92529047e-01
    -2.26207495e-01 1.65303457e+00 4.56287265e-02 5.95408678e-03
    2.32064426e-01 1.65541077e+00 9.14172888e-01 -5.21986008e-01
    4.23012614e-01 2.91039467e-01 6.61649406e-01 -1.83421314e-01
    -2.79441357e-01 1.54644275e+00 2.58718729e-02 1.12489462e+00
    -2.43458152e-02 -6.87695026e-01 5.09868264e-02 4.28759813e-01
    2.10461736e-01 2.29297280e-01 8.38498116e-01 1.88461471e+00
    1.01338029e+00 1.41062260e+00 1.77842855e-01 -4.60675299e-01
    5.81553280e-01 1.37682819e+00 2.39657044e-01 6.27296448e-01
    -7.74738550e-01 8.34373057e-01 -7.55990684e-01 -4.50277925e-02
    1.72040188e+00 1.70109200e+00 9.06894863e-01 7.47342408e-01
    4.29662645e-01 3.38388860e-01 1.90557587e+00 5.62269449e-01
    1.49211907e+00 1.38977313e+00 -8.58480096e-01 4.36580062e-01
    1.04122984e+00 1.40503097e+00 -8.03924561e-01 1.55691695e+00
    -3.43886018e-02 7.27082133e-01 1.46377683e+00 -3.21121007e-01
    9.94988084e-02 -5.37912488e-01 2.34439909e-01 1.70845556e+00
    6.25488400e-01 1.56453788e+00 -7.50105202e-01 8.98162127e-02
    6.71861947e-01 1.60246789e-01 -2.04387724e-01 1.77153730e+00
    -7.95106828e-01 5.47403276e-01 1.63751864e+00 -5.81666946e-01
    1.11527109e+00 -6.82902634e-01 1.31494093e+00 -4.92696762e-02
    -2.00980544e-01 9.42725897e-01 9.93735671e-01 -1.37988865e-01
    -6.27271950e-01 -9.32025313e-02 1.26668453e-01 1.27107871e+00
    3.01584840e-01 7.92355776e-01 -4.04405147e-01 1.10547185e-01
    1.04556501e-01 1.35244250e+00 6.98603928e-01 -4.96165633e-01
    -1.97196215e-01 3.07830632e-01 6.56148136e-01 2.33371079e-01
    1.27861738e-01 -3.58344585e-01 -2.22814620e-01 3.60190868e-01
    -4.01021004e-01 -1.22935474e-01 -6.35697722e-01 1.33169901e+00
    1.13952172e+00 -8.79310966e-01 8.81416738e-01 -4.99148726e-01
    6.45977855e-01 3.49726319e-01 1.29304707e-01 1.08643305e+00
    1.27676880e+00 9.82595921e-01 6.54619813e-01 1.29493415e+00
    1.54485536e+00 6.85267150e-01 -2.66182721e-01 1.03672981e+00
    -6.27881289e-01 -1.19684041e-01 -3.04508805e-01 -2.39926100e-01
    7.17873454e-01 1.50179434e+00 1.45610428e+00 -2.20907927e-01
    9.38984871e-01 1.73864079e+00 -4.93612707e-01 7.97289014e-02
    1.48805285e+00 -2.87675142e-01 -5.28921723e-01 1.55081064e-01
    7.84136713e-01 6.39510155e-02 2.38981903e-01 -3.74780744e-01
    1.61347389e+00 -6.80827022e-01 1.05275774e+00 9.06437099e-01
    -3.72654080e-01 1.07135940e+00 4.58848357e-01 -3.87297541e-01
    1.71837807e-01 1.09979272e+00 4.48677182e-01 1.80106282e-01
    -3.58753353e-01 -4.74804282e-01 -2.36380726e-01 -3.16276461e-01
    3.71064067e-01 8.51185560e-01 1.07568014e+00 8.47671151e-01
    -1.84650183e-01 9.46921706e-02 1.03325713e+00 2.64931977e-01
    4.29917872e-01 -3.09519589e-01 1.93475604e-01 -4.73638177e-01
    1.47636163e+00 1.66318500e+00 8.36146951e-01 5.30910194e-01
    3.52541924e-01 7.28542089e-01 1.34253359e+00 1.13697624e+00
    1.29628921e+00 1.70377934e+00 1.51700449e+00 9.17604029e-01
    -1.32243335e-01 6.17197156e-01 1.62340915e+00 -8.38452578e-03
    1.41773248e+00 1.34373701e+00 7.95532942e-01 1.49110115e+00
    3.86405408e-01 -1.10560000e-01 1.09387207e+00 1.65046871e-01
    -3.66201878e-01 9.00461078e-02 -4.00374770e-01 -3.83812934e-01
    2.37482309e-01 -3.72018516e-01 1.40393913e+00 5.24344325e-01
    1.05373335e+00 3.29028487e-01 9.90837812e-03 8.11556697e-01
    7.82758534e-01 6.01643205e-01 -5.91231048e-01 7.94051290e-02
    -3.92308652e-01 -2.84039974e-03 -3.43538225e-01 -7.98985362e-02
    1.63868690e+00 -7.84615278e-01 1.79310882e+00 -4.28427458e-01
    3.33088458e-01 1.22451782e-03 -7.50509501e-02 -1.47490978e-01
    6.21596217e-01 -1.35897517e-01 -4.02003586e-01 5.55245340e-01
    2.43317902e-01 4.68064547e-02 1.78279030e+00 8.10143590e-01
    -8.51541340e-01 1.72697330e+00 -4.19458717e-01 -4.11918014e-01
    -2.17959136e-01 5.09847999e-02 8.55986059e-01 7.67572343e-01
    5.04949808e-01 1.12641072e+00 -2.07393467e-01 1.23082232e+00
    1.38038528e+00 -1.29525006e-01 1.35886526e+00 1.65954781e+00
    -3.35687220e-01 8.50892425e-01 -5.39602280e-01 -5.05551457e-01
    1.43251753e+00 -1.44293666e-01 -2.85623193e-01 -5.54419279e-01
    3.73704791e-01 3.39681864e-01 -3.98823678e-01 5.86023092e-01
    -1.94771200e-01 -6.00290895e-02 -3.68231297e-01 -9.36394930e-02
    1.67435479e+00 -6.39299154e-02 1.60548663e+00 5.46208143e-01
    1.33360052e+00 5.85764289e-01 1.55905497e+00 1.51132882e+00
    1.10010231e+00 1.25962865e+00 -5.14549255e-01 8.02839398e-02
    1.43572807e+00 5.41788638e-01 2.53069580e-01 -5.32205999e-01
    -1.87387943e-01 5.05347848e-02 5.70701957e-01 -1.40767872e-01
    -7.03141272e-01 2.13370919e-02 9.89774466e-01 -3.50826293e-01
    2.08000243e-01 -3.31431627e-03 1.55264378e+00 -6.85608983e-02
    1.06992507e+00 1.64882970e+00 1.57328737e+00 5.79641402e-01
    7.23289251e-02 -6.11835301e-01 -5.97720981e-01 -2.76463330e-01
    -3.32811415e-01 -2.55005956e-01 2.75383353e-01 -6.86344922e-01
    4.76978898e-01 1.46219015e+00 -3.10558915e-01 1.48861122e+00
    8.60288501e-01 1.63976395e+00 1.14359617e+00 7.76852310e-01
    9.90608335e-01 1.12125075e+00 2.10496247e-01 1.74199641e-01
    9.42463040e-01 4.64518011e-01 -9.81982350e-02 -5.55322409e-01
    -2.86772490e-01 -4.72821742e-01 9.79138553e-01 -9.74606872e-02
    8.95007193e-01 -1.05322540e-01 1.41310990e-01 1.63734245e+00
    -2.83772945e-02 1.71795678e+00 6.45965159e-01 -4.15474176e-03
    3.40854704e-01 1.59953380e+00 1.17369139e+00 -9.95252132e-02
    1.07728434e+00 2.44807661e-01 1.75080240e-01 2.52741158e-01
    -1.17972732e-01 1.59716129e+00 1.38002253e+00 1.14712834e+00
    6.58358216e-01 1.29282475e-02 9.12560105e-01 3.09061646e-01
    -7.89251328e-02 -4.93559062e-01 1.85531926e+00 -4.34650183e-02
    1.00037181e+00 4.49647307e-01 1.49395561e+00 -5.18588066e-01
    1.88874722e+00 -7.85422206e-01 1.89509630e+00 4.38608050e-01
    -3.39598328e-01 -4.68116254e-01 7.77525783e-01 1.54122496e+00
    1.17484748e+00 1.09089792e+00 1.67219770e+00 1.53929532e-01
    9.01952803e-01 -4.29075301e-01 2.56894231e-01 7.82535434e-01
    1.34932244e+00 2.07876682e-01 1.07916939e+00 1.09720945e+00
    -3.06012750e-01 -6.56905591e-01 1.82728994e+00 5.99032581e-01
    3.24111879e-01 5.06986618e-01 -5.44384122e-01 1.54616666e+00
    -1.46965384e-02 2.72605300e-01 1.51588500e+00 -3.89521778e-01
    5.94519377e-02 1.06515968e+00 6.88692987e-01 -3.69671524e-01
    1.78140450e+00 -2.72015274e-01 2.82954574e-01 1.22788692e+00
    -1.27537459e-01 1.66302800e+00 -4.55730855e-01 1.37250793e+00
    2.43828058e-01 4.55916226e-01 -7.13698030e-01 -4.33705121e-01
    1.63421428e+00 -3.37390542e-01 5.90049863e-01 -1.61004543e-01
    7.96791196e-01 9.09521639e-01 1.48296452e+00 8.88073087e-01
    6.07018113e-01 1.00727510e+00 -2.95493841e-01 1.59330249e+00
    6.12322927e-01 7.81381607e-01 -2.63485610e-01 6.81515396e-01
    3.06453049e-01 3.47477376e-01 -9.56346393e-02 -2.72092462e-01
    1.06639099e+00 1.28655672e+00 3.07859480e-01 1.57902813e+00
    1.60449028e+00 4.01226878e-01 4.41489995e-01 -6.71881378e-01
    1.70966899e+00 9.02655125e-01 3.33280325e-01 2.16299713e-01
    1.61404061e+00 4.65976536e-01 -1.91267014e-01 -4.55707937e-01
    1.44777179e+00 -7.26720810e-01 -3.64670038e-01 6.72300935e-01
    6.63363516e-01 -3.12919319e-01 -6.37703657e-01 1.65877342e+00
    -5.75404525e-01 6.63935244e-01 -1.27785325e-01 1.17483139e-01
    1.61188138e+00 3.15117359e-01 1.98364234e+00 2.98561692e-01
    1.39270568e+00 2.44976401e-01 -3.08706641e-01 3.86087179e-01
    1.16087985e+00 -6.23384237e-01 8.95424664e-01 -1.38411462e-01
    1.25815010e+00 -3.62031907e-01 2.04402971e+00 1.85310841e-04
    -2.50363171e-01 3.79550397e-01 6.23612404e-01 5.42147756e-01
    8.74041259e-01 -2.78515518e-01 -4.53305066e-01 1.36818099e+00
    -6.84145689e-01 2.48187363e-01 1.69185758e+00 1.64172530e+00
    -6.16097689e-01 1.75660992e+00 1.64391410e+00 -1.06954515e-01
    -1.20433807e-01 2.43245959e-02 1.24691641e+00 1.17077601e+00
    9.46571231e-01 1.07781911e+00 -5.73964834e-01 -6.14238381e-02
    2.01431036e-01 -6.78356946e-01 1.42268252e+00 9.45375502e-01
    -2.45382786e-01 -1.49234653e-01 6.96606994e-01 8.34258914e-01
    -4.25234437e-01 1.65184724e+00 1.12650442e+00 -6.45101428e-01
    4.75154698e-01 1.31186461e+00 1.32887530e+00 -4.05657113e-01
    9.33853686e-01 -4.34925914e-01 1.62530851e+00 6.22599363e-01
    1.42194080e+00 -5.15695274e-01 8.41745079e-01 1.15779948e+00
    -1.58520222e-01 6.92141891e-01 9.84312177e-01 1.93501651e-01
    5.37929237e-01 7.81169593e-01 5.16196787e-01 -7.72855937e-01
    1.31966174e+00 1.54122996e+00 1.12891507e+00 -7.84999669e-01
    4.82982397e-01 1.20487690e+00 1.34780991e+00 1.06608975e+00
    2.42070019e-01 8.50982666e-02 3.86244059e-01 1.15868127e+00
    8.60195160e-02 6.28747344e-01 8.68228495e-01 1.75362921e+00
    -1.20959640e-01 5.78045785e-01 1.37671399e+00 -6.19227648e-01
    6.65594995e-01 4.68807280e-01 9.54309523e-01 -2.25790620e-01
    1.99915528e-01 -3.27254891e-01 -9.72644687e-02 5.99319696e-01
    3.63515019e-02 -3.38444650e-01 1.81949282e+00 1.35957456e+00
    1.72692394e+00 3.80841553e-01 5.98707020e-01 1.23176062e+00
    -8.00263882e-01 6.61919653e-01 2.96860635e-01 -5.06275356e-01
    5.36271214e-01 -6.93889380e-01 -5.78281581e-01 3.77964973e-03
    -5.69322288e-01 1.37217999e-01 1.72190011e-01 -3.10019433e-01
    1.38769627e+00 -3.12219441e-01 6.17473602e-01 8.34224284e-01
    1.70242095e+00 1.53515887e+00 -3.39691639e-02 2.08769202e-01
    1.20400047e+00 1.18316054e+00 1.03797233e+00 4.22124326e-01
    -8.08336437e-01 6.23369813e-01 6.94325984e-01 5.18986940e-01
    6.40720129e-03 -6.33384705e-01 2.58844018e-01 1.16151726e+00
    1.40376210e+00 1.08238947e+00 -5.22801995e-01 1.50126088e+00
    -8.76625776e-02 -1.49749815e-01 -1.64651573e-01 -3.39957476e-01
    -5.45807600e-01 2.95561969e-01 9.04455125e-01 1.38747835e+00
    -3.68508577e-01 7.97286868e-01 -4.85990405e-01 2.37528443e-01
    7.97126055e-01 -3.76356304e-01 1.36412597e+00 -4.64519620e-01
    4.71712351e-01 1.09345627e+00 6.72617376e-01 1.45395160e-01
    1.29110670e+00 -1.06581807e-01 1.01238596e+00 1.22804916e+00
    -5.86494088e-01 -5.20797729e-01 1.46615040e+00 5.23608923e-01
    1.97085857e-01 6.52576387e-01 2.43842781e-01 7.96183705e-01
    -2.71908522e-01 2.78924584e-01 -2.05181539e-01 5.47139585e-01
    7.33230889e-01 -4.93119866e-01 8.17890048e-01 -3.19367409e-01
    1.56831861e-01 1.94843698e+00 3.50582004e-02 1.01141906e+00
    8.34565759e-02 1.50543904e+00 -3.42298150e-02 1.12367570e+00
    1.21648753e+00 -6.17498755e-02 -1.90322995e-02 5.59273005e-01
    1.13373828e+00 6.63694382e-01 1.29873753e-01 1.63236666e+00
    1.52102113e+00 3.47052872e-01 1.42003644e+00 9.14380074e-01
    1.39326584e+00 1.41575074e+00 1.47867274e+00 -7.96878338e-03
    8.76562059e-01 1.25698507e+00 2.16676116e-01 3.14239860e-02
    1.55511093e+00 6.66940093e-01 -3.76270205e-01 6.98395789e-01
    2.57699609e-01 -6.37464702e-01 3.97530794e-01 1.72923863e-01
    7.98205376e-01 9.05604362e-01 1.43873656e+00 1.29971933e+00
    -8.64761829e-01 3.98168862e-01 4.63506937e-01 3.15354466e-01
    1.61129153e+00 -1.73009336e-01 -6.64590478e-01 3.44679296e-01
    -1.62909269e-01 1.75915909e+00 8.74378681e-02 5.28099835e-01
    9.57772374e-01 1.35213733e-01 5.11376321e-01 -3.02100778e-01
    -1.14247382e-01 -4.70525861e-01 8.47907484e-01 -3.66795123e-01
    1.54053414e+00 1.24389100e+00 1.66811800e+00 7.26738572e-02
    -7.53664851e-01 1.55608249e+00 4.46065068e-02 1.30758333e+00
    -8.58525276e-01 1.69615662e+00 -8.29827905e-01 1.45746708e+00
    1.59796333e+00 -5.63778460e-01 9.46304798e-01 -5.20767570e-01
    -3.63309681e-01 1.51915002e+00 3.46914709e-01 1.61159396e-01
    1.47342980e-01 7.71348059e-01 -2.99410194e-01 1.29924369e+00
    5.12427509e-01 -9.23826694e-02 -4.65192139e-01 -4.33970571e-01
    4.36071634e-01 8.26953650e-02 -1.82655960e-01 -4.98933554e-01
    6.98737383e-01 1.57487988e+00 1.33853543e+00 -5.17132878e-02
    1.73052037e+00 8.81909966e-01 5.37736773e-01 -7.71458447e-01
    -3.78347039e-01 1.45653236e+00 7.81181157e-01 3.79859149e-01
    3.93352568e-01 -1.96757674e-01 4.09516811e-01 1.04392910e+00
    -2.53473580e-01 -1.33085668e-01 1.78689361e-02 1.62942028e+00
    1.67182088e+00 5.30373931e-01 2.93993950e-01 5.89232802e-01
    1.30946350e+00 1.19845927e-01 1.68324590e+00 -2.95895040e-01
    1.72642469e-02 1.56878161e+00 -4.11345720e-01 -4.33887243e-02
    1.71686673e+00 9.74782348e-01 1.59136021e+00 7.70390987e-01
    6.26504898e-01 2.13207424e-01 -3.46519232e-01 8.79614472e-01
    7.68642426e-01 1.32705247e+00 1.17158151e+00 -4.15403277e-01
    3.07448506e-02 1.80661893e+00 9.45313573e-02 5.00406981e-01
    5.28706193e-01 2.98090398e-01 -5.30659735e-01 1.24524677e+00
    2.88340092e-01 4.04562354e-02 -3.49089503e-02 6.46610141e-01
    -6.72812402e-01 3.39329660e-01 1.50353074e+00 9.60572004e-01
    1.08699620e+00 -4.10080314e-01 -4.25471246e-01 7.79801786e-01
    1.09304392e+00 3.68630648e-01 9.94462848e-01 -3.57399374e-01
    -1.30540788e-01 4.64557528e-01 -5.17366290e-01 6.91308796e-01
    7.97719538e-01 4.01515901e-01 2.68831849e-02 9.37830031e-01
    5.01323283e-01 1.36497974e+00 -8.58839750e-02 2.65038073e-01
    -2.60986000e-01 5.74350059e-01 -4.35356051e-01 -4.05189812e-01
    7.03964233e-01 1.33542836e+00 -5.00432491e-01 2.76378095e-01
    1.64269114e+00 4.36814547e-01 3.10556769e-01 -1.52485788e-01
    1.00405478e+00 1.09042096e+00 1.64168882e+00 2.30035424e-01
    1.62599313e+00 1.32261729e+00 6.43686771e-01 1.67869258e+00
    1.24031341e+00 6.53158724e-01 1.47031915e+00 1.03719437e+00
    2.32053161e-01 6.89449489e-01 -4.29054230e-01 7.72260189e-01
    1.43570101e+00 1.35701156e+00 5.56355000e-01 6.81129336e-01
    8.94262433e-01 -5.98568141e-01 1.44095397e+00 1.46351624e+00
    -6.94039822e-01 1.24944198e+00 1.26240301e+00 4.42456245e-01
    -5.83017707e-01 1.89792156e-01 4.03144181e-01 1.41376507e+00
    5.67140102e-01 1.32325184e+00 5.95895648e-01 9.91683662e-01
    6.73401654e-01 1.28222704e+00 7.71744728e-01 3.12239468e-01
    -1.77728057e-01 -5.68106771e-01 1.21219039e+00 1.05346358e+00
    1.59319568e+00 5.91047704e-01 1.39840961e+00 -1.38192177e-02
    7.24384010e-01 6.90440774e-01 1.64501250e-01 -8.19443941e-01
    1.66001463e+00 8.09404075e-01 9.74466681e-01 1.63517416e+00
    8.33475947e-01 1.62166011e+00 6.86709762e-01 1.59799933e-01
    -5.14480472e-02 -3.14957291e-01 6.31106436e-01 6.77619100e-01
    1.07626534e+00 -6.03243887e-01 1.15567517e+00 -3.88273537e-01
    1.33928084e+00 -6.97022080e-02 6.92899585e-01 9.54069436e-01
    1.45041585e+00 -1.56273961e-01 -1.32756591e-01 4.19978976e-01
    1.14844656e+00 -9.21742976e-01 3.35593164e-01 1.40760469e+00
    5.92360616e-01 1.65873766e+00 2.70980418e-01 4.84929204e-01
    6.88320220e-01 -4.76515293e-01 5.66263735e-01 7.68528402e-01
    3.15980166e-01 -4.05506134e-01 -1.17372274e-02 1.14258897e+00
    5.91809630e-01 7.27117300e-01 -7.69471526e-01 7.69230008e-01
    1.27318621e+00 -2.04961300e-01 1.06882763e+00 1.54334784e-01
    -5.37015200e-01 -3.14188659e-01 8.94541860e-01 -2.30550408e-01
    4.15237784e-01 1.01635575e+00 1.67270792e+00 7.48351097e-01
    1.13228714e+00 -4.15661335e-01 9.75883245e-01 7.78556347e-01
    1.42642117e+00 1.46933496e+00 6.46916986e-01 1.73049855e+00
    -2.95339286e-01 1.44869399e+00 9.69171166e-01 3.09562504e-01
    -4.17446107e-01 7.04077005e-01 -4.54262584e-01 1.71184111e+00
    8.30429792e-03 1.76541209e+00 6.79201424e-01 -4.52922642e-01
    -2.46998340e-01 6.97440267e-01 1.49595010e+00 3.69456410e-01
    -6.57507420e-01 6.53076649e-01 -6.58286214e-02 1.16969180e+00
    3.28782976e-01 1.51148891e+00 -5.05646944e-01 1.49475527e+00
    4.91148591e-01 1.30910158e+00 6.41061962e-01 6.09675169e-01
    -7.62547851e-01 7.47636080e-01 -7.85521626e-01 7.15819061e-01
    9.47200656e-01 1.24024320e+00 1.08390260e+00 -1.72608733e-01
    7.69410610e-01 1.12142706e+00 -2.92211473e-01 1.32539821e+00
    -4.64202374e-01 9.97162521e-01 -4.57391113e-01 1.86513126e+00
    1.31701636e+00 1.57856894e+00 -6.85376942e-01 1.85096240e+00
    -5.19014001e-02 6.47715330e-01 9.25868869e-01 1.16352260e+00
    3.15848351e-01 1.11937320e+00 -7.77332306e-01 1.72756898e+00
    1.30960059e+00 -9.14395511e-01 -7.94512033e-03 1.38048577e+00
    1.69386411e+00 8.47337306e-01 8.28833044e-01 -4.18543816e-03
    1.00971925e+00 1.30696118e-01 1.03500867e+00 -5.43016911e-01
    1.14691269e+00 3.56294453e-01 7.64801204e-01 1.02250767e+00
    1.05772233e+00 4.58576500e-01 8.18658352e-01 -2.95165062e-01
    4.88695920e-01 1.71856368e+00 -8.30330253e-01 1.14782107e+00
    2.35115945e-01 -6.31844759e-01 5.30994534e-01 2.34434009e-01
    1.42117333e+00 1.49313259e+00 -5.26401043e-01 3.40068102e-01
    1.60882473e+00 -6.44719899e-01 1.83837056e+00 -1.73423111e-01
    1.58485126e+00 4.88674879e-01 -1.58467889e-02 -2.79522061e-01
    4.53007877e-01 6.77448332e-01 8.32585573e-01 6.48559690e-01
    -3.95365894e-01 1.77015424e-01 8.65936458e-01 -5.73912263e-02
    7.62247324e-01 6.14016354e-01 -1.24448061e-01 1.20898879e+00
    1.51808846e+00 1.25771606e+00 -4.49497730e-01 1.21371424e+00
    4.12163258e-01 9.76297736e-01 1.09922087e+00 -8.05268109e-01
    6.64041340e-01 1.76855206e+00 1.53546023e+00 -1.17108703e-01
    -5.20830870e-01 9.18622613e-02 1.00149035e-01 9.05286133e-01
    3.58045399e-01 -7.21928298e-01 7.07774282e-01 -5.78714788e-01
    1.69234002e+00 1.85489368e+00 -6.27706170e-01 5.93468130e-01
    5.95108271e-01 1.02764738e+00 6.53987885e-01 1.45025206e+00
    -1.19509578e-01 -2.22252727e-01 4.62572575e-02 8.61414075e-01
    1.35001242e-01 -4.03216541e-01 -3.74001205e-01 8.46115708e-01
    9.68183756e-01 -7.54651129e-01 -4.63989854e-01 -1.61139309e-01
    7.77101517e-02 -6.62824214e-01 -1.81491852e-01 2.87342668e-01
    1.55019569e+00 6.46140814e-01 1.00523162e+00 -5.04901648e-01
    8.48287225e-01 -1.01095593e+00 1.13844669e+00 1.46414888e+00
    6.21257782e-01 1.52561426e+00 -6.30286574e-01 1.25521708e+00
    6.45817816e-01 2.33712554e-01 9.76830542e-01 -1.43274486e-01
    1.46013689e+00 -3.44825387e-01 1.40002871e+00 1.00719142e+00
    4.90165949e-02 -1.35549963e-01 9.39353466e-01 1.20387602e+00
    1.48402989e-01 -4.84132677e-01 1.02668691e+00 1.54112387e+00
    1.48875058e-01 2.05190718e-01 2.20155776e-01 8.75720620e-01
    -6.01444960e-01 1.01047504e+00 -2.09408998e-03 9.36815083e-01
    -6.29445136e-01 5.70583224e-01 1.08367157e+00 1.59579682e+00
    1.20439196e+00 -6.06014609e-01 -1.01772487e-01 2.02720106e-01
    -6.89681590e-01 6.19830847e-01 5.53148270e-01 1.21035242e+00
    1.21331823e+00 -1.97198093e-01 1.36798692e+00 1.18818820e+00
    1.59143996e+00 4.25292492e-01 1.28442144e+00 -5.42257428e-02
    1.47497034e+00 1.08863413e+00 -5.03509879e-01 1.47899985e-01
    -3.71233821e-01 8.03751051e-01 -6.99956298e-01 1.52456212e+00
    9.95671272e-01 1.51073909e+00 1.21775389e-01 1.58329010e-01
    6.21746719e-01 -4.24846113e-01 -3.14478904e-01 8.71998250e-01
    -2.94043779e-01 1.29948926e+00 1.57572746e+00 1.07121789e+00
    -2.08903238e-01 7.93519616e-01 2.54286289e-01 1.63790679e+00
    -6.52277470e-02 1.29976463e+00 7.94641972e-01 -5.54100454e-01
    3.16151261e-01 1.80214787e+00 2.65776157e-01 1.44687653e+00
    1.72458410e+00 1.52907360e+00 -3.06715429e-01 1.30578184e+00
    -7.48069346e-01 1.63358581e+00 -5.89466572e-01 1.60227263e+00
    -5.10963202e-02 1.08749092e+00 -1.47261143e-01 1.32501853e+00
    -4.30378079e-01 -3.62209439e-01 6.64792955e-01 9.40904677e-01
    -4.13723260e-01 -4.09326106e-01 -8.85383487e-02 6.35428846e-01
    1.58289254e-01 -1.27490461e-01 3.40276539e-01 5.26046276e-01
    -7.84903765e-03 -2.16332495e-01 1.39234900e+00 5.80061078e-02
    -3.65077585e-01 -4.64160144e-02 6.35992229e-01 9.23828483e-01
    3.82859409e-01 8.69212270e-01 1.02184510e+00 2.22664416e-01
    -3.13634694e-01 2.25163221e-01 7.70213485e-01 8.08729827e-01
    -7.31516898e-01 5.00944734e-01 5.89997351e-01 1.28133225e+00
    1.19642496e+00 -5.77298403e-02 1.84520531e+00 1.48255002e+00
    1.40660524e-01 1.07050526e+00 -2.18673170e-01 -3.70293140e-01
    1.05888593e+00 1.90066695e-02 -4.26676750e-01 -2.26359367e-01
    1.54546452e+00 1.18794799e+00 6.92252934e-01 -1.19168162e-01
    1.27564073e-01 -7.63330817e-01 1.49011767e+00 8.22205782e-01
    -7.10609734e-01 1.62506855e+00 2.40220129e-01 -7.17186570e-01
    1.79060578e+00 -1.04198337e-01 2.78059065e-01 1.50149632e+00
    3.59657049e-01 1.24299645e+00 8.09931040e-01 -4.76191849e-01
    7.04921007e-01 1.48573983e+00 -4.94205564e-01 -3.09735626e-01
    -4.36395526e-01 7.17539430e-01 -7.48551488e-02 1.47115386e+00
    3.83360744e-01 2.06730723e-01 -7.33231783e-01 -7.51438916e-01
    3.77614021e-01 -3.18198234e-01 -3.16007465e-01 1.19993997e+00
    2.44075060e-01 1.64155960e+00 -1.23758137e-01 2.64191031e-02
    1.43541861e+00 -3.81526053e-01 1.24172187e+00 1.47976041e+00
    -5.78354418e-01 1.25411534e+00 1.08676910e+00 1.55805659e+00
    -3.94738674e-01 7.10431039e-01 5.49014449e-01 -5.49755216e-01
    -2.65438735e-01 6.25633538e-01 -6.78612590e-02 1.55529737e+00
    -3.73326182e-01 -6.97596669e-02 1.59635818e+00 -5.35276175e-01
    1.46519613e+00 -2.85673618e-01 1.11442614e+00 1.34505832e+00
    -5.57325363e-01 1.94998384e-02 -4.98719215e-01 -9.02594924e-02
    1.24304879e+00 1.42453969e+00 6.60024226e-01 -6.53911591e-01
    2.44893909e-01 1.34076035e+00 1.46487498e+00 -1.36861980e-01
    1.62693429e+00 -4.34715509e-01 2.65010774e-01 1.62295341e+00
    1.55315900e+00 5.12860596e-01 7.66316831e-01 7.10831761e-01
    1.26472664e+00 1.17729211e+00 1.07717562e+00 1.64210129e+00
    -1.58652306e-01 1.40220058e+00 -4.65578437e-02 2.95676768e-01
    9.07188058e-01 5.78587174e-01 8.26299429e-01 1.18799949e+00
    -4.54157591e-03 6.04533136e-01 1.17957461e+00 -7.72667885e-01
    1.48916936e+00 1.63144314e+00 8.56072664e-01 1.15581489e+00
    1.65677083e+00 3.71121049e-01 -5.67210674e-01 -6.61259890e-02
    1.36609483e+00 -1.01124644e-01 -4.01973128e-01 9.97874141e-01
    -6.83254063e-01 -5.33465028e-01 1.12255216e-02 5.20850778e-01
    1.39685416e+00 6.47986948e-01 6.34017348e-01 -3.86388898e-01
    3.86403322e-01 -1.00573659e-01 -2.40772963e-03 7.18098283e-01
    -4.96987700e-02 1.54097557e+00 -1.14907384e-01 9.53801870e-01
    4.62293684e-01 -6.75544858e-01 1.08241129e+00 8.16128850e-01
    2.91466713e-01 1.47671664e+00 -1.30216897e-01 1.15345132e+00
    7.49657035e-01 6.00944996e-01 2.40888000e-01 1.19125950e+00
    1.77110624e+00 -1.44140184e-01 9.11514699e-01 -4.81510222e-01
    -6.94347620e-02 1.17921197e+00 -2.51606345e-01 -7.54218161e-01
    1.52455831e+00 1.04217470e-01 -4.49246854e-01 -2.76814222e-01
    6.62759125e-01 -1.13528013e-01 5.46608746e-01 1.21970677e+00
    1.45692384e+00 9.57305729e-01 5.22164762e-01 -5.86521029e-02
    -4.46319222e-01 -5.74778974e-01 1.65612292e+00 -5.79410076e-01
    2.45181739e-01 -1.75969124e-01 1.44440198e+00 -4.43912506e-01
    1.80353856e+00 1.32238507e-01 6.53837442e-01 1.13212430e+00
    -4.03884709e-01 1.28793204e+00 1.27071786e+00 1.16188407e+00
    7.00853348e-01 -7.28070140e-02 -7.15950668e-01 3.08855832e-01
    -2.11492598e-01 1.16137671e+00 1.15670657e+00 -2.85826504e-01
    1.09818399e-01 4.65145707e-02 1.43079674e+00 -5.59197485e-01
    9.33007598e-02 1.99847198e+00 -5.69951832e-01 -6.93252444e-01
    1.03148854e+00 -1.66716516e-01 -4.16365653e-01 1.36973929e+00
    -5.64226031e-01 -5.28069913e-01 2.52046525e-01 7.36444235e-01
    -1.36114955e-01 1.01604390e+00 1.11787033e+00 2.46228039e-01
    8.59084368e-01 -6.72995448e-02 3.11305523e-01 -3.52445245e-02
    4.04264688e-01 2.09356427e-01 -4.73035753e-01 8.29092026e-01
    4.04501557e-01 7.22940922e-01 -1.07717037e-01 3.28848362e-01
    1.19665420e+00 1.74189568e-01 1.59677482e+00 -4.93980944e-01
    7.70821989e-01 2.55036950e-01 -4.46460396e-01 -4.22384083e-01
    7.66572535e-01 -2.14978695e-01 1.35457397e+00 2.71619260e-01
    -3.55617464e-01 2.92194486e-02 -7.28898346e-01 1.31850362e+00
    4.25127864e-01 -2.66548097e-01 1.38417506e+00 9.78347182e-01
    -8.66598547e-01 1.58381689e+00 -1.87693655e-01 -3.19953859e-01
    1.71464682e+00 5.09025931e-01 7.38709569e-02 -1.03943050e-01
    -1.90292239e-01 -2.56427914e-01 -7.90389180e-02 1.01177573e-01
    1.70244706e+00 6.83179438e-01 -8.69194865e-02 -3.28176975e-01
    7.71907806e-01 1.45277667e+00 1.25762296e+00 -6.67799711e-02
    -9.00472403e-02 2.35214651e-01 -7.50596821e-01 1.13387537e+00
    5.36823452e-01 7.26601183e-01 4.04536366e-01 -5.87017715e-01
    -5.02964079e-01 1.27130806e-01 1.76970112e+00 -3.18454385e-01
    -2.68993676e-01 1.55560136e-01 2.16255546e-01 1.56603026e+00
    1.63582003e+00 -8.92020583e-01 -4.20934290e-01 1.71993446e+00
    -7.47692823e-01 -8.00393224e-02 -3.58397484e-01 1.96328974e+00
    1.32183969e-01 -2.38281965e-01 1.39878035e+00 -7.24822402e-01
    1.32620680e+00 -8.21169019e-02 1.45711064e+00 1.45080376e+00
    1.01282668e+00 8.92363310e-01 -1.25100195e-01 1.34959626e+00
    -1.04679525e-01 1.41025651e+00 -2.29851186e-01 8.43964219e-01
    7.59168327e-01 5.18633127e-02 -1.56941116e-01 -6.72791302e-01
    3.84865105e-01 1.15920520e+00 -8.30102861e-01 6.65889502e-01
    -6.97703362e-01 5.72913349e-01 1.42212510e-02 5.18166661e-01
    5.61525226e-01 1.00210786e+00 1.51066709e+00 1.38390851e+00
    1.21864498e+00 5.00117183e-01 1.61296666e+00 9.30734277e-01
    1.19258165e+00 2.44742513e-01 -6.02342725e-01 1.58611155e+00
    8.66472125e-02 -4.05047804e-01 1.09519720e+00 -3.71182323e-01
    3.56698632e-02 -2.96981752e-01 1.43320918e+00 1.66530013e-02
    1.55667615e+00 1.51476836e+00 3.16627026e-02 -4.90361929e-01
    9.34735715e-01 -3.36554557e-01 7.57429600e-02 -4.93090957e-01
    1.76630187e+00 -2.85845339e-01 -2.16610789e-01 -5.68820119e-01
    6.83790207e-01 9.91482913e-01 -4.04158771e-01 -5.27861714e-01
    2.40592599e-01 1.14569044e+00 -8.03505540e-01 1.21862030e+00
    1.08216047e+00 1.30487549e+00 6.56593442e-02 1.62555945e+00
    4.14453030e-01 3.66397738e-01 -5.36319911e-01 6.06617153e-01
    1.35583913e+00 -3.92407298e-01 -2.53933609e-01 1.16366005e+00
    -4.06668246e-01 1.18690944e+00 -4.82158095e-01 1.35090184e+00
    1.58547330e+00 1.15276456e+00 1.39419603e+00 6.94369435e-01
    4.96100903e-01 4.50458169e-01 -3.83023620e-02 -2.95020044e-01
    6.20652258e-01 -1.56656921e-01 7.72114396e-01 7.47797132e-01
    1.46906233e+00 1.10462940e+00 2.69853950e-01 1.08324111e-01
    4.14013267e-01 4.36596513e-01 1.31479383e-01 1.13488889e+00
    -5.57226777e-01 1.84854400e+00 -3.77015233e-01 1.88225448e-01
    -3.48811388e-01 1.09494460e+00 5.44878662e-01 1.31869435e+00
    -6.35048091e-01 5.87124825e-02 1.08922458e+00 -7.64181972e-01
    -4.84578013e-02 -5.24144769e-01 1.50494242e+00 1.06770825e+00
    1.50216842e+00 1.00163019e+00 1.62803388e+00 1.27225685e+00
    2.65541077e-02 8.48793983e-03 1.55227685e+00 -7.91744530e-01
    1.62607205e+00 -2.72760689e-01 9.51723039e-01 -7.19281733e-01
    -3.11422825e-01 7.52236724e-01 2.66587019e-01 3.87844622e-01
    9.63925123e-01 -2.53230333e-01 1.68964648e+00 4.35727835e-02
    1.02938485e+00 3.35189283e-01 3.89968634e-01 -6.46639526e-01
    -3.24768275e-01 9.60909843e-01 5.87745965e-01 -4.98121411e-01
    1.65381491e+00 9.25951242e-01 1.02617621e+00 -2.13793039e-01
    7.77881145e-02 1.19461846e+00 1.14087105e+00 1.08571863e+00
    6.56784177e-02 6.04764283e-01 4.69528794e-01 1.68492997e+00
    1.64546108e+00 9.36964512e-01 -4.24693197e-01 1.96534109e+00
    1.22667527e+00 3.69415581e-01 -7.30616629e-01 9.38156366e-01
    1.03776443e+00 8.33619714e-01 2.30932593e-01 4.79464531e-01
    -1.66039795e-01 7.23524094e-02 -4.57656384e-01 -1.28333628e-01
    -1.23202384e-01 1.31525207e+00 8.51661980e-01 9.80208337e-01
    -1.78151011e-01 -2.44357526e-01 4.62303460e-01 -4.21959162e-02
    1.07851005e+00 1.38477337e+00 1.37733650e+00 1.30098045e+00
    4.39587474e-01 1.73846626e+00 -3.20965052e-02 6.37698054e-01
    3.16768527e-01 5.49642205e-01 1.81878996e+00 -3.15467417e-01
    2.60452092e-01 7.99635470e-01 1.52401626e-01 6.32657766e-01
    1.59812379e+00 1.04198813e+00 7.11917520e-01 -2.09809005e-01
    1.95697331e+00 -1.59730136e-01 9.28947031e-01 1.38455880e+00
    1.19556713e+00 1.49973571e+00 -3.60449970e-01 1.27281463e+00
    1.04413784e+00 1.20076048e+00 1.56025696e+00 1.15031767e+00
    -8.43149960e-01 1.00804150e-01 1.07909942e+00 4.64332879e-01
    4.19321239e-01 1.71956778e-01 1.67930925e+00 2.35172212e-01
    -5.01583338e-01 8.62505198e-01 3.94623518e-01 1.61782861e+00
    8.93642545e-01 1.14955950e+00 9.37322795e-01 5.26003301e-01
    1.16860008e+00 6.49838746e-01 1.71321511e+00 1.74374759e+00
    -4.72831905e-01 1.21021378e+00 1.00817919e-01 1.10135603e+00
    6.89333737e-01 8.30038846e-01 8.81346583e-01 6.30631804e-01
    4.81601238e-01 9.38677669e-01 5.76990068e-01 3.90833616e-02
    1.06441653e+00 -1.99344933e-01 5.91620505e-01 1.01525211e+00
    8.25928152e-01 1.72842801e-01 6.53088212e-01 -7.81533062e-01
    1.13245940e+00 -3.10661227e-01 -7.18810558e-02 2.66788900e-01
    1.31065512e+00 1.35301208e+00 -3.56824219e-01 -4.62478995e-02
    1.23618972e+00 1.20980906e+00 -1.32318139e-02 6.81802511e-01
    -5.39229035e-01 -4.05829668e-01 -2.77435154e-01 8.42363298e-01
    1.43046308e+00 1.62422061e+00 -1.76153958e-01 -2.88415015e-01
    1.02662110e+00 1.17551565e-01 1.47650659e-01 1.48283863e+00
    5.92505932e-02 6.29978716e-01 1.32214797e+00 -2.31275141e-01
    1.48785186e+00 -3.89785141e-01 2.04707742e-01 9.01512980e-01
    -3.03033292e-01 8.97441030e-01 9.85284925e-01 -6.06684983e-01
    -4.19338346e-01 1.61918521e+00 -2.78909624e-01 8.76162052e-01
    3.90752912e-01 6.02033079e-01 2.24565566e-01 1.36842990e+00
    1.61884618e+00 2.43441403e-01 2.76727080e-01 -1.02050364e-01
    1.52793014e+00 -6.04443192e-01 1.51350498e+00 1.52084804e+00
    4.01497126e-01 3.39292824e-01 -3.28337312e-01 1.55014277e+00
    -8.33207011e-01 2.99247682e-01 1.15484679e+00 -3.61396402e-01
    -1.49393141e-01 -1.91015840e-01 -1.42547607e-01 1.48494005e+00
    4.51848865e-01 1.41217160e+00 -3.33639830e-01 2.54994631e-02
    1.32521272e+00 -3.70100319e-01 -2.42504179e-01 1.34187579e-01
    4.73540425e-01 1.49502897e+00 1.59341407e+00 -6.98945224e-01
    7.26699531e-01 1.76916146e+00 3.72165382e-01 -2.34437108e-01
    7.86444902e-01 5.78772247e-01 6.97273314e-01 1.01600599e+00
    -9.53786969e-02 -7.21295595e-01 1.39283478e+00 1.01401424e+00
    -1.82491481e-01 1.69649339e+00 5.15159369e-01 -1.90251470e-02
    -5.31945229e-02 1.55631256e+00 -4.12122071e-01 9.18959677e-01
    -6.93398476e-01 -4.30355340e-01 6.05955899e-01 8.51350427e-01
    1.54099417e+00 1.42103267e+00 5.84803164e-01 -4.46217477e-01
    5.81054628e-01 1.32187819e+00 -1.03648067e-01 -4.51706171e-01
    1.38570881e+00 1.13732696e+00 -7.10347295e-01 -1.84235632e-01
    8.63804221e-02 6.87689364e-01 1.27933788e+00 1.10747218e-01
    5.08019090e-01 -6.15928113e-01 1.66762865e+00 1.16101944e+00
    1.22937167e+00 -1.73398852e-01 -4.77283299e-01 1.47577536e+00
    -5.35802722e-01 1.09735560e+00 5.15181541e-01 4.14019346e-01
    1.35173559e+00 1.11203671e+00 1.60743058e+00 9.44139361e-01
    2.85295546e-01 9.70630884e-01 1.95738912e-01 -6.48134351e-02
    6.50098801e-01 -5.51864982e-01 -7.57139921e-02 9.71555233e-01
    1.42527783e+00 -1.39310956e-01 9.21221316e-01 3.31807554e-01
    1.26074886e+00 -5.67970693e-01 1.48450172e+00 1.09038949e+00
    -7.82184601e-02 -4.83024120e-02 1.14143848e+00 1.18550825e+00
    1.46517682e+00 1.21581447e+00 -2.97980487e-01 2.66231477e-01
    2.60581315e-01 -2.26950109e-01 1.20379686e-01 -7.45963216e-01
    -2.52860963e-01 4.56246078e-01 1.33863401e+00 7.62865663e-01
    1.08311033e+00 1.50143731e+00 -4.13865060e-01 4.35245872e-01
    1.20900381e+00 9.60808992e-02 7.19729483e-01 1.42857015e-01
    7.37471163e-01 1.87947011e+00 -8.33993554e-02 5.74716091e-01
    -2.26669639e-01 -4.95007455e-01 7.75471270e-01 2.44516969e-01
    -1.32171810e-01 5.08757830e-02 2.45554745e-01 1.73706174e+00
    6.25906348e-01 9.80731845e-01 4.75416541e-01 1.04274690e+00
    1.30612278e+00 -5.17929137e-01 9.65238929e-01 -5.13486445e-01
    -2.25907028e-01 -6.25588655e-01 5.05833209e-01 1.46661329e+00
    6.42913163e-01 1.10727882e+00 1.38924837e-01 1.05731189e-01
    -7.84941912e-01 1.56664956e+00 1.48069942e+00 6.07789040e-01
    -6.59404397e-02 -5.28889537e-01 5.52599788e-01 1.18586469e+00
    1.08735693e+00 5.05406320e-01 -2.89560676e-01 1.54043460e+00
    -1.83240235e-01 4.06410992e-01 6.19907141e-01 1.32319987e+00
    1.56121492e+00 1.51122177e+00 -4.56195176e-01 -5.64658582e-01
    9.87086535e-01 4.15592670e-01 1.22020054e+00 1.68208420e+00
    3.93479466e-02 -3.95571977e-01 7.18862116e-01 3.41559827e-01
    -6.63323283e-01 4.56901968e-01 1.33755624e-01 -4.24045324e-02
    -6.14593208e-01 -5.39590240e-01 5.12514234e-01 -8.81962955e-01
    7.20609307e-01 1.42024457e+00 -1.60366833e-01 1.23055041e-01
    1.54110515e+00 -5.50349891e-01 5.37556052e-01 2.11240470e-01
    1.76760530e+00 -7.45808482e-02 -7.70031810e-01 1.37880230e+00
    3.55574727e-01 1.38277256e+00 1.49208879e+00 9.57348883e-01
    -8.12008381e-02 1.66394377e+00 1.47368884e+00 5.66545069e-01
    9.58110988e-01 8.67033601e-01 -1.39800549e-01 1.42899883e+00
    1.52324152e+00 8.71147156e-01 -6.00022852e-01 3.79508436e-01
    1.40457463e+00 -7.36741662e-01 3.71796012e-01 1.37376642e+00
    -5.45552492e-01 6.49014175e-01 1.44030118e+00 -4.87802058e-01
    3.81027758e-01 -1.89866781e-01 6.92162097e-01 6.63447976e-02
    1.73155963e+00 1.00397933e+00 3.77672911e-02 7.95691967e-01
    5.16325235e-01 1.38631225e+00 -1.05244100e-01 -3.17381263e-01
    9.63524580e-02 -7.10200667e-02 -1.30248487e-01 7.52114773e-01
    6.66409791e-01 6.49984539e-01 -1.02630019e-01 1.88886309e+00
    1.20329034e+00 1.27663147e+00 5.21437526e-02 7.97551930e-01
    6.35308921e-01 -2.63718545e-01 1.61691165e+00 1.00223780e+00
    -6.45126104e-01 -6.22077584e-02 1.54071927e+00 -1.20178342e-01
    1.50748968e+00 -6.76833153e-01 1.05106330e+00 -4.59353745e-01
    -5.25250077e-01 6.77147865e-01 -6.05898082e-01 7.02205837e-01
    1.09740591e+00 1.39256299e+00 1.37804377e+00 1.67970252e+00
    -6.29204035e-01 1.40093899e+00 1.58954835e+00 1.66224480e-01
    1.25696540e+00 1.25781894e-02 1.08575904e+00 8.63620102e-01
    6.51413798e-01 3.15727115e-01 5.71687460e-01 -5.86169124e-01
    8.51299822e-01 4.01237309e-01 -6.56406581e-01 -1.01185441e-02
    3.44524026e-01 8.88010621e-01 1.31354570e-01 -1.27413929e-01
    1.86755681e+00 -6.30220771e-01 7.57688701e-01 1.68846297e+00
    -5.65055728e-01 -4.32993054e-01 -1.74941450e-01 7.48109877e-01
    8.29330087e-02 1.61595833e+00 -8.86160135e-02 1.36613703e+00
    -5.13017476e-01 1.45698047e+00 2.07033753e-02 2.30172932e-01
    3.04305255e-01 1.16831183e+00 4.85790074e-01 7.69129932e-01
    -5.80710471e-01 -1.90288007e-01 -4.21699464e-01 1.20136356e+00
    8.83698046e-01 1.02260470e+00 -7.93961287e-02 5.89815080e-01
    1.46276712e-01 1.13627326e+00 1.00085378e+00 2.96951771e-01
    1.52811742e+00 -5.55929482e-01 1.31220055e+00 7.39706755e-01
    -5.74392080e-03 1.06458044e+00 2.80794978e-01 4.53105211e-01
    -4.65693802e-01 1.22972524e+00 -2.52535641e-01 -4.77845967e-01
    -9.74221230e-02 2.15097070e-02 -8.04068446e-02 5.39248168e-01
    4.47400033e-01 9.46712792e-01 8.22922587e-02 -2.69889176e-01
    1.18480563e+00 -4.87879217e-01 1.26141727e-01 3.30212116e-02
    1.04498148e+00 1.50904655e-02 1.24641776e+00 -9.50520635e-02
    -3.33591163e-01 1.36330795e+00 3.72286439e-01 1.06029987e+00
    -7.01382279e-01 6.82154775e-01 2.87689030e-01 3.17013383e-01
    1.01788414e+00 1.57991207e+00 2.37512946e-01 5.44556975e-01
    -6.32435560e-01 1.33653760e+00 -2.96503812e-01 -1.32935882e-01
    6.61261141e-01 1.90193343e+00 1.51169348e+00 9.00257349e-01
    1.64033294e+00 -4.56263453e-01 5.95109880e-01 6.13977075e-01
    -2.90409267e-01 1.68031240e+00 1.36989474e+00 1.35832405e+00
    1.22123718e-01 8.72497439e-01 1.27124870e+00 5.54451942e-01
    1.25470042e+00 6.31739795e-01 -4.26618546e-01 1.53858066e+00
    6.65353954e-01 2.27042615e-01 8.52799952e-01 -6.06957316e-01
    3.72535527e-01 1.62424731e+00 2.17565536e-01 -4.70713913e-01
    1.47529626e+00 1.58148718e+00 -1.60445094e-01 -8.32615495e-02
    1.61031973e+00 7.23425508e-01 1.79772103e+00 -5.96505463e-01
    3.10862839e-01 1.14990318e+00 1.70422792e-02 8.55554342e-02
    1.29517698e+00 -1.57882392e-01 2.27238238e-01 1.42775619e+00
    1.65719724e+00 -1.82776511e-01 -2.24644005e-01 1.34940648e+00
    1.46729946e+00 7.54800797e-01 1.17401838e-01 -1.13815069e-02
    7.49343157e-01 -4.59057689e-02 6.96931541e-01 -5.55189312e-01
    -1.82514966e-01 -4.14406985e-01 -1.95000350e-01 1.50227916e+00
    5.76957941e-01 -2.45445192e-01 7.89152145e-01 1.84698200e+00
    -4.42960888e-01 4.58811104e-01 7.63164699e-01 -6.79154277e-01
    -2.28043735e-01 -5.24534464e-01 1.55740273e+00 3.36941838e-01
    1.26451147e+00 1.56787360e+00 -6.82585597e-01 -5.45826375e-01
    1.62756383e+00 1.05889654e+00 1.42565346e+00 2.49959588e-01
    5.11447310e-01 1.47257721e+00 9.88900661e-01 3.22504222e-01
    -6.00079715e-01 2.91516840e-01 1.49618745e+00 1.79224837e+00
    -7.12707460e-01 1.62016976e+00 8.65995586e-01 8.96650612e-01
    -8.04018319e-01 1.60796666e+00 3.11336040e-01 1.61706805e-01
    -7.91314065e-01 -3.45867872e-01 2.17749596e-01 9.72093761e-01
    1.53948331e+00 1.85903311e-01 9.55102503e-01 -1.21595085e-01
    2.15942025e-01 1.01588643e+00 -1.64777040e-02 5.45065939e-01
    1.17160153e+00 9.16818261e-01 4.16145802e-01 9.92202759e-02
    1.90677619e+00 3.59763801e-01 9.49851453e-01 -3.12985331e-01
    5.77707887e-02 6.10051215e-01 1.28121138e+00 9.35645401e-01
    -3.73883069e-01 1.45274436e+00 9.96183515e-01 4.85136032e-01
    1.05490196e+00 6.77694917e-01 7.87484169e-01 1.71879840e+00
    1.69883370e-01 1.73177361e+00 -6.51928186e-02 5.35962582e-01
    1.20472169e+00 5.15105367e-01 -3.08727384e-01 -2.13733673e-01
    7.59955049e-02 -3.23671103e-03 1.01161671e+00 -4.71639723e-01
    -5.99842966e-02 3.89516652e-01 2.25412965e-01 3.40702355e-01
    9.48862016e-01 1.25964713e+00 -5.11053205e-02 4.50465798e-01
    1.24678683e+00 1.52567792e+00 9.17541683e-01 2.00807989e-01
    -3.44047010e-01 6.45415485e-01 9.49175954e-02 1.31754208e+00
    1.15640116e+00 9.96930003e-01 -3.14931571e-01 1.16297817e+00
    6.43177390e-01 -5.78100324e-01 7.40293384e-01 1.03579986e+00
    5.00623345e-01 -5.13778329e-01 -6.65244460e-02 -7.23112822e-02
    8.93123865e-01 5.55589020e-01 7.99150765e-01 2.97070146e-02
    -4.01549131e-01 1.29581714e+00 1.17384732e+00 2.02095687e-01
    2.15427399e-01 -3.09178621e-01 1.63471937e-01 1.26564097e+00
    -3.47400486e-01 8.12153935e-01 1.62602305e+00 -3.75450134e-01
    1.63005328e+00 2.99798071e-01 -3.69691521e-01 1.06039524e+00
    -1.32716537e-01 7.33628213e-01 1.92776203e-01 6.89456165e-01
    5.62061787e-01 1.13841176e+00 8.79053891e-01 1.33702207e+00
    3.55849862e-01 -1.81425512e-01 1.13531661e+00 7.76732862e-01
    6.86116576e-01 -2.60330260e-01 6.07015789e-01 1.09693587e-01
    -5.57312429e-01 -4.23535556e-01 7.69755065e-01 -6.24394894e-01
    7.91609764e-01 -8.20109606e-01 7.94104397e-01 4.09998059e-01
    1.30076230e-01 1.13733149e+00 -5.46917617e-01 3.39903235e-01
    -5.96796989e-01 8.36514950e-01 1.22141266e+00 4.57933068e-01
    1.73927605e-01 1.32389379e+00 2.28727460e-02 8.84644568e-01
    -3.90960425e-01 1.58053398e+00 1.70337725e+00 -4.89256024e-01
    1.28204226e-01 3.47300649e-01 4.75779057e-01 -4.98448014e-02
    6.42865121e-01 7.96681166e-01 3.69550526e-01 1.10634768e+00
    -4.73299921e-01 -5.46321630e-01 4.13808882e-01 -6.27203822e-01
    8.34590197e-01 9.71767128e-01 2.84530759e-01 1.02698159e+00
    2.44585335e-01 1.39464772e+00 -6.89389169e-01 6.52577877e-01
    9.35146511e-01 -8.32647562e-01 3.03284526e-01 1.41239238e+00
    -6.22725010e-01 5.77713847e-02 -3.69630456e-01 8.80041540e-01
    -3.04612041e-01 -4.35318738e-01 -6.53167427e-01 1.30651236e+00
    2.12654531e-01 -4.64970440e-01 1.18663311e+00 7.19118416e-01
    -3.02056223e-01 3.35805476e-01 -2.07025647e-01 2.29757786e-01
    2.35555172e-02 9.99207377e-01 1.34582460e+00 6.94507599e-01
    -1.58374012e-01 -3.95560563e-01 6.26486778e-01 1.00812650e+00
    -5.76904058e-01 8.12139809e-01 -4.89040226e-01 1.57685447e+00
    9.82187986e-02 1.33541763e+00 -4.19980228e-01 9.13035572e-01
    3.93281102e-01 8.49538147e-01 -4.40197557e-01 -6.62227333e-01
    -5.73007762e-01 4.09016132e-01 7.12280154e-01 9.57583189e-02
    1.86975074e+00 -3.74227852e-01 -5.57497025e-01 5.53331017e-01
    -4.77685392e-01 8.98764849e-01 1.21270418e+00 1.58327699e-01
    -1.77923262e-01 7.92122483e-01 1.87936425e-02 7.91040063e-01
    -3.16087127e-01 1.13977242e+00 1.22468531e+00 1.14961338e+00
    5.23660660e-01 3.36003721e-01 -6.23533726e-01 1.19667947e+00
    1.56099963e+00 1.03669870e+00 9.71596420e-01 6.53210998e-01
    -3.25971246e-02 1.07448220e+00 1.01968956e+00 9.91939306e-02
    1.99070930e-01 -4.84649032e-01 -6.06360674e-01 1.43545318e+00
    1.63848913e+00 1.35706377e+00 -6.98215365e-02 1.56588948e+00
    4.24487710e-01 1.52793229e-01 1.71720111e+00 1.04162848e+00
    -5.51546812e-01 8.08165193e-01 1.56534672e-01 1.35294342e+00
    1.60262978e+00 6.24706030e-01 1.54214299e+00 1.22979200e+00
    -3.21633399e-01 9.64856505e-01 -7.52754271e-01 -1.87493861e-01
    -3.56589913e-01 2.94922054e-01 1.07718050e-01 1.43446350e+00
    1.60409808e-02 -1.54799700e-01 1.32800162e-01 1.68030787e+00
    -3.84193659e-02 1.11320734e+00 1.09336424e+00 -3.70878577e-01
    -4.52462584e-01 -3.56706440e-01 1.06515491e+00 1.06063688e+00
    -3.23172152e-01 1.79190910e+00 -1.30441070e-01 -1.07505441e-01
    -4.30232763e-01 -1.98275328e-01 1.11477411e+00 4.56160486e-01
    -4.10686702e-01 -4.68721390e-02 3.88946772e-01 4.79707420e-01
    9.16333199e-02 -7.43377388e-01 1.60824156e+00 3.82441282e-03
    -4.61897254e-02 5.96209168e-01 1.22879088e+00 1.14330435e+00
    9.85144973e-02 1.42296290e+00 1.69864058e-01 5.57562411e-01
    5.21695316e-01 4.52724695e-01 3.09472144e-01 1.25603569e+00
    -6.52612746e-01 2.35544622e-01 3.67241830e-01 -4.59879845e-01
    6.22737765e-01 -2.00603873e-01 8.46091032e-01 -3.82099390e-01
    6.10263705e-01 -5.94940960e-01 8.00911546e-01 1.14191389e+00
    -1.43537521e-02 -6.05241418e-01 -2.93495297e-01 6.05942011e-01
    -5.82014561e-01 -3.10775310e-01 1.56423759e+00 6.19278491e-01
    1.51238132e+00 8.61904860e-01 1.51030862e+00 9.80587244e-01
    -8.71998608e-01 5.39827347e-01 -2.73487031e-01 1.29193032e+00
    -6.49122596e-01 1.54074883e+00 1.21041560e+00 9.78201270e-01
    9.18084025e-01 1.16042018e+00 -1.74253941e-01 -4.86018926e-01
    1.15277290e+00 5.72635770e-01 1.50336182e+00 1.54431403e-01
    1.24670601e+00 8.73302937e-01 1.75733089e-01 4.73363936e-01
    1.10600209e+00 -4.78381097e-01 4.78654444e-01 5.34166813e-01
    1.58280134e-03 -4.96445417e-01 9.69898701e-03 -6.18103027e-01
    1.39460397e+00 1.12683272e+00 -7.66336322e-02 -2.81929970e-03
    -6.79696143e-01 1.51607859e+00 -3.63136888e-01 7.47965395e-01
    1.53080142e+00 -5.76574981e-01 -5.83571196e-03 6.98392749e-01
    -1.76247537e-01 1.83506846e-01 1.44101763e+00 1.41866088e+00
    -5.58846474e-01 -1.54502898e-01 9.11595941e-01 -7.77760804e-01
    1.67849004e+00 1.38161540e-01 -2.15319633e-01 1.71010387e+00
    1.06838143e+00 1.14009082e+00 1.29228568e+00 3.20878029e-02
    1.53974271e+00 -7.19810724e-01 1.62479520e-01 5.02859056e-01
    -4.83621687e-01 1.70065486e+00 1.58171475e-01 6.90249443e-01
    2.50763297e-01 2.98917949e-01 1.50658345e+00 -6.08725488e-01
    9.80591476e-01 1.21243048e+00 -6.21451139e-02 1.05852604e+00
    -6.26434684e-02 2.95794368e-01 1.23608458e+00 6.09442055e-01
    6.25431716e-01 7.44122267e-02 2.70443797e-01 1.10943222e+00
    -1.12277865e-02 1.80198812e+00 1.30761385e+00 2.36564636e-01
    1.43547368e+00 3.85841608e-01 8.77990901e-01 2.79342294e-01
    -3.77622992e-01 1.74722874e+00 1.33702409e+00 6.16040170e-01
    5.04552364e-01 1.51438451e+00 1.41492033e+00 1.50496900e-01
    -5.58562338e-01 1.06146932e+00 4.99417245e-01 -1.10791326e-02
    2.91915536e-02 1.45417929e+00 6.27556503e-01 -9.89735723e-02
    -5.69493413e-01 9.27281082e-01 -3.11000794e-01 1.64063334e+00
    2.07593393e+00 2.57927477e-01 -1.81206405e-01 1.34393620e+00
    7.26285398e-01 -5.96060455e-01 -2.20096529e-01 1.62420154e+00
    -6.31905794e-02 1.41329706e-01 1.02131879e+00 -6.64248347e-01
    1.44735074e+00 4.44400847e-01 -5.73881090e-01 -3.04133534e-01
    2.62558520e-01 4.97180223e-03 1.06439245e+00 -6.13426924e-01
    1.44598627e+00 -8.73933434e-02 1.27400100e-01 1.82918930e+00
    2.59519756e-01 1.88934350e+00 -5.72094202e-01 1.79942226e+00
    -1.22475028e-01 4.12421227e-02 4.08660114e-01 1.29641891e+00
    2.74712324e-01 1.20087373e+00 1.01035798e+00 1.45346451e+00
    -1.46834314e-01 1.16892266e+00 9.48984683e-01 -3.92110467e-01
    7.82094836e-01 -7.03144491e-01 3.95623267e-01 -3.62667024e-01
    2.70295799e-01 8.27316284e-01 1.68859768e+00 -5.50390661e-01
    -2.12388039e-02 -8.81843865e-01 8.73855114e-01 -4.70162094e-01
    5.31548321e-01 7.00570703e-01 6.84713840e-01 -4.89139736e-01
    7.90257037e-01 8.47220302e-01 1.21315730e+00 9.92044210e-01
    2.93666959e-01 -7.53902197e-01 1.53866315e+00 1.23255932e+00
    -3.96954060e-01 -3.56589139e-01 1.56642544e+00 -7.36426175e-01
    9.98760819e-01 7.09491372e-02 3.53545189e-01 -8.11161160e-01
    1.17048502e+00 -6.22831583e-01 8.84888113e-01 -5.30126929e-01
    -1.28161490e-01 1.02829576e+00 -2.90246725e-01 8.48909616e-01
    1.30566072e+00 1.29188299e+00 -3.74088764e-01 3.75772119e-01
    -4.01624680e-01 -4.64037120e-01 1.93791342e+00 1.65585577e+00
    1.91237628e-01 8.28387678e-01 7.99716830e-01 1.15224719e-02
    2.72857308e-01 8.52075100e-01 1.28985381e+00 6.30937934e-01
    -5.82122386e-01 4.58430648e-02 1.21278703e-01 1.38043523e+00
    1.10603762e+00 1.68437970e+00 1.26152349e+00 -1.66402221e-01
    4.52883244e-01 6.05770409e-01 1.56257117e+00 1.57071614e+00
    1.11165321e+00 1.46024394e+00 8.30295265e-01 -3.64653081e-01
    1.46904159e+00 8.31638753e-01 -1.84431016e-01 -1.53097510e-02
    -6.32251859e-01 1.73590422e+00 1.01266682e-01 1.60493135e+00
    -6.54516637e-01 -5.12096763e-01 -5.96952200e-01 2.96414316e-01
    6.11481845e-01 7.58383453e-01 5.25951385e-03 8.50021899e-01
    3.35463315e-01 6.15962923e-01 6.78012311e-01 9.43959832e-01
    5.06663501e-01 3.46192598e-01 -8.81262422e-01 1.44761324e+00
    8.33805561e-01 9.05302525e-01 1.51514816e+00 -1.52394235e-01
    5.25817394e-01 3.00259590e-02 -1.89391077e-01 -4.16302532e-01
    -3.75859857e-01 1.21992290e-01 1.41021669e+00 1.44443071e+00
    1.49901927e+00 1.58268571e+00 -5.74290276e-01 1.36671185e+00
    5.39778709e-01 1.63352525e+00 -5.57400286e-01 4.20213938e-01
    -4.35547411e-01 1.50703883e+00 4.87305462e-01 2.13548958e-01
    1.27975941e+00 -3.34235072e-01 1.09109342e+00 1.43922555e+00
    -6.48113072e-01 -5.34622252e-01 4.83852684e-01 -4.05996174e-01
    1.05620694e+00 8.99836004e-01 2.53514409e-01 1.19280052e+00
    -5.56273580e-01 1.87783909e+00 -1.62905991e-01 8.74876440e-01
    1.30345964e+00 -6.46682858e-01 7.32767165e-01 1.61140680e+00
    1.30192828e+00 9.15348411e-01 3.94261360e-01 1.28201926e+00
    -7.36346602e-01 3.04074585e-01 7.79435754e-01 3.82794261e-01
    1.32209873e+00 1.53524423e+00 7.60477662e-01 4.72622871e-01
    6.76529408e-01 -4.17465508e-01 1.35170579e+00 4.30956185e-01
    1.52016604e+00 1.09743822e+00 -5.66418290e-01 1.21627498e+00
    1.01845884e+00 1.39273572e+00 -1.44852996e-02 -1.10843122e-01
    3.24415565e-02 4.51862872e-01 1.61936188e+00 1.62796330e+00
    5.02714992e-01 1.53955936e+00 -5.45515656e-01 -8.00552368e-02
    -1.98226154e-01 1.45057201e+00 -6.45456553e-01 7.52002120e-01
    -5.37990510e-01 5.72601199e-01 1.01074851e+00 1.50028813e+00
    1.23846889e+00 -4.99778003e-01 -9.34132934e-02 1.37757754e+00
    1.83316135e+00 1.35438502e-01 -3.07972729e-01 -6.04659379e-01
    6.28606081e-01 1.02025366e+00 7.99619317e-01 6.64653778e-02
    -7.86318779e-02 3.58347237e-01 5.20828545e-01 -8.62555504e-02
    7.75223792e-01 -5.85323215e-01 -2.06038177e-01 1.47347474e+00
    -5.69739640e-01 -5.99793196e-01 1.23400569e+00 1.29560947e+00
    1.76820993e+00 1.33828759e+00 5.86867571e-01 8.53549600e-01
    1.61198092e+00 -3.04294825e-01 1.02915728e+00 1.19485915e-01
    9.04817164e-01 1.12285161e+00 -1.55168474e-01 7.20434308e-01
    9.42199707e-01 1.55791998e-01 1.46078014e+00 3.99808168e-01
    1.11069024e+00 -4.76533055e-01 -9.48401093e-02 1.31477416e+00
    8.77552390e-01 1.69067049e+00 8.98155987e-01 1.42873335e+00
    -1.08606160e-01 3.28372359e-01 2.45773613e-01 1.67315245e+00
    5.76235354e-01 4.86107469e-02 1.48242223e+00 1.40857804e+00
    -3.12831342e-01 3.47749174e-01 -1.93737090e-01 1.06277418e+00
    -2.65599608e-01 -6.90470815e-01 1.40511119e+00 -6.42166615e-01
    -6.48641288e-01 1.54992962e+00 1.08435011e+00 2.35791802e-02
    1.68076158e+00 -2.44012475e-02 8.40811849e-01 3.22780669e-01
    -4.53624994e-01 2.08154917e-01 1.03019643e+00 -5.50288141e-01
    -4.45290297e-01 9.18341279e-01 1.28923571e+00 -5.44562936e-02
    1.79480624e+00 6.39527678e-01 1.45603609e+00 -5.96268296e-01
    1.75758386e+00 1.16160989e+00 1.29632175e+00 1.38627422e+00
    1.04210985e+00 -7.08450556e-01 8.71741533e-01 -3.63364756e-01
    1.05863345e+00 2.27521718e-01 1.05324173e+00 5.22974491e-01
    1.62995923e+00 -5.51353097e-01 -3.52409422e-01 1.49589860e+00
    8.21496546e-01 7.46133089e-01 1.18049288e+00 1.66336584e+00
    2.59228170e-01 -4.91176069e-01 7.27330446e-02 5.64258099e-01
    -5.15804052e-01 1.11125886e+00 1.07526779e-02 1.33266973e+00
    1.42732942e+00 8.72850776e-01 6.64914131e-01 9.84531403e-01
    8.51318002e-01 1.48635399e+00 -7.62879848e-03 1.73468530e+00
    -4.70852852e-01 -4.81131166e-01 1.03995204e-02 -4.57572490e-01
    5.21827996e-01 -7.45414436e-01 7.94141531e-01 1.06782734e+00
    1.18993425e+00 2.26456761e-01 1.29373837e+00 1.18912375e+00
    1.79190481e+00 -5.48462272e-01 7.61198282e-01 -5.37477732e-01
    -4.72118855e-01 1.38318896e+00 5.69070816e-01 5.98758996e-01
    1.37987578e+00 -3.88560802e-01 1.38958311e+00 6.94160461e-02
    1.83706760e-01 9.02309537e-01 -6.55011177e-01 1.55583549e+00
    -6.55127168e-01 2.31632590e-02 1.66302240e+00 -4.93934631e-01
    5.27703762e-03 -6.10344589e-01 2.52894700e-01 3.84488344e-01
    5.33976912e-01 1.62346196e+00 9.20400560e-01 1.73348725e-01
    -1.22864902e-01 -5.04549742e-02 -5.42244911e-02 2.44664550e-01
    -4.04712200e-01 -3.33001912e-02 -1.50374979e-01 8.31352651e-01
    2.24478126e-01 1.45700717e+00 1.62874246e+00 6.35664344e-01
    1.05271459e+00 -2.28515744e-01 1.65215147e+00 -5.88699341e-01
    -4.65803146e-02 1.80197382e+00 1.58611286e+00 -5.57518482e-01
    -3.16523075e-01 -3.69857848e-01 -3.92436206e-01 4.89071488e-01
    1.35993600e-01 6.86881542e-02 -7.22121894e-01 8.27212334e-02
    -3.31603110e-01 8.85320783e-01 1.49921846e+00 5.47146440e-01
    7.82292187e-01 1.21547699e+00 7.31165409e-02 -3.53794277e-01
    6.38366163e-01 4.54192638e-01 7.43256927e-01 1.18833506e+00
    8.14608753e-01 5.06612062e-02 -2.46225387e-01 1.57020736e+00
    8.23814869e-01 9.08569336e-01 -7.02890277e-01 7.69060671e-01
    4.80652988e-01 1.39590502e+00 -1.06840730e-02 8.85066926e-01
    -5.54863513e-01 3.61371100e-01 1.60935116e+00 8.10873270e-01
    9.10547376e-01 1.42870235e+00 -8.91911983e-02 5.17811060e-01
    1.63873374e+00 6.99280322e-01 1.40094221e-01 -7.83668280e-01
    1.15021753e+00 -1.32953048e-01 -7.90654421e-02 -2.19448268e-01
    2.29161799e-01 3.06518912e-01 -7.08620310e-01 1.25397527e+00
    1.29114103e+00 1.51275682e+00 9.11951900e-01 -6.70936882e-01
    6.00243807e-01 4.87599730e-01 -6.28173888e-01 1.26852524e+00
    1.15417004e+00 -4.63805974e-01 -3.73962820e-01 6.89579368e-01
    1.19112706e+00 -6.58397853e-01 -4.63888496e-01 1.31062579e+00
    1.44179177e+00 -1.94579124e-01 8.09433937e-01 1.40358877e+00
    5.71010828e-01 6.71225786e-01 9.70824122e-01 8.57790112e-01
    4.05159712e-01 1.50583327e+00 -1.58148766e-01 -6.60022020e-01
    -6.04034483e-01 1.82657766e+00 -3.19938600e-01 1.43596411e+00
    -4.21351016e-01 -1.99652135e-01 1.40335310e+00 6.74323976e-01
    9.67589259e-01 -4.21515346e-01 6.79427683e-01 4.73904788e-01
    1.08083820e+00 -2.51752973e-01 -7.77230024e-01 2.44899988e-01
    1.51486290e+00 7.48291373e-01 -3.96688968e-01 -9.46181417e-02
    -3.40872258e-01 -4.81672913e-01 -5.77207327e-01 1.17493474e+00
    7.34874010e-01 6.30388856e-01 1.12749934e-02 1.77697301e-01
    -2.63494790e-01 9.21172082e-01 1.60865104e+00 8.80312324e-01
    1.43700099e+00 5.35866797e-01 1.37309170e+00 8.69940698e-01
    1.35067070e+00 -6.28732443e-02 1.24455476e+00 7.97901392e-01
    -3.30237806e-01 3.41442227e-01 -6.42820895e-01 1.28999436e+00
    2.85840034e-02 -6.76114261e-01 8.00330400e-01 6.20167971e-01
    5.30623496e-01 6.13739967e-01 9.57879186e-01 2.22944736e-01
    1.50293338e+00 1.23753059e+00 1.02394533e+00 1.02953064e+00
    1.22924733e+00 1.05233669e-01 -1.16319597e-01 7.20369577e-01
    3.98294568e-01 7.23450422e-01 -3.98715049e-01 4.83117342e-01
    -2.43284523e-01 5.86945832e-01 -3.30161929e-01 3.51850390e-01
    1.11341619e+00 7.83767164e-01 4.87205684e-01 1.38536406e+00
    8.37802827e-01 5.85528612e-01 -4.20379639e-02 -3.71283412e-01
    -2.32875466e-01 2.02383518e-01 -1.74757481e-01 1.25244355e+00
    3.29954624e-02 -5.01765847e-01 1.65050948e+00 5.68663359e-01
    1.99985862e-01 8.85679603e-01 4.69821155e-01 -1.50576025e-01
    3.14026117e-01 1.39986110e+00 1.70748591e-01 1.20675004e+00
    1.24539447e+00 3.67627621e-01 1.58571100e+00 2.65102267e-01
    -8.26299369e-01 1.46222806e+00 3.15437675e-01 9.25199628e-01
    6.46170259e-01 -6.77639008e-01 1.39223599e+00 1.41644967e+00
    9.63138223e-01 2.47567534e-01 1.22877181e-01 -1.30495310e-01
    9.39515829e-01 2.20599353e-01 6.34726524e-01 1.33983505e+00
    1.27491176e+00 8.37911963e-01 -1.75151527e-01 1.48457432e+00
    4.77528453e-01 7.85224438e-02 4.58087325e-01 8.45176041e-01
    -3.31283003e-01 6.50375843e-01 1.52002609e+00 7.96117663e-01
    9.01040792e-01 9.48454142e-01 1.22509062e+00 1.16635191e+00
    -7.28452206e-01 -2.81400114e-01 7.46241212e-01 5.08061051e-02
    -6.40860200e-02 -2.92503268e-01 1.64527655e+00 -3.33208859e-01
    -1.35605991e-01 -7.69929290e-02 1.12983012e+00 -4.57852811e-01
    1.07543206e+00 9.48783696e-01 -1.72941327e-01 1.83495021e+00
    -6.01836741e-02 -4.90543813e-01 6.11623764e-01 7.98697233e-01
    -3.14313024e-01 7.35450506e-01 1.70483899e+00 2.40470648e-01
    1.06461596e+00 8.25812578e-01 -2.37572789e-01 2.91857243e-01
    7.49369025e-01 3.56007397e-01 3.42453301e-01 5.39717257e-01
    2.01249421e-01 -9.14740264e-02 1.45816338e+00 -7.46277690e-01
    1.27962828e+00 -8.55136335e-01 6.73969746e-01 9.33835268e-01
    1.02904320e+00 9.30223942e-01 -5.10051966e-01 6.13143027e-01
    1.14518106e-01 -3.18260252e-01 6.46045685e-01 9.57267761e-01
    9.66529727e-01 2.48376548e-01 2.41184115e-01 1.47188854e+00
    4.95699883e-01 1.58470345e+00 2.30022371e-01 1.27059138e+00
    1.16328943e+00 -7.42360353e-01 7.28566647e-01 -4.51230019e-01
    1.50973380e-01 3.55960429e-01 5.06074488e-01 2.69285142e-01
    5.04386544e-01 7.81700850e-01 1.54278636e-01 8.34844708e-01
    -1.89162076e-01 6.97138309e-02 -5.46826184e-01 4.15448844e-01
    7.80679822e-01 5.81201792e-01 1.45387244e+00 -1.98816240e-01
    -4.58053231e-01 -3.12995911e-02 1.05791891e+00 1.16010904e-01
    1.72206938e-01 3.67255270e-01 -5.38861513e-01 1.34003758e+00
    -8.81993175e-02 -3.80368084e-01 1.09746933e+00 1.16025221e+00
    1.43331432e+00 6.96441531e-02 3.93445373e-01 5.80958307e-01
    1.56523991e+00 -1.93995118e-01 1.30683887e+00 1.47021306e+00
    1.24932134e+00 1.38862765e+00 9.22229946e-01 -7.41210878e-01
    5.30793786e-01 7.90913820e-01 6.37604594e-01 9.43549275e-02
    8.95092249e-01 9.67247844e-01 1.22133899e+00 8.90600145e-01
    7.17022479e-01 1.28629684e+00 3.56618702e-01 1.44667411e+00
    1.66365480e+00 3.06127071e-02 -1.90605164e-01 1.64271092e+00
    -8.53388071e-01 -2.74598897e-01 6.44060254e-01 7.31291831e-01
    -8.96956503e-01 1.59277797e+00 4.08153534e-01 -4.28127527e-01
    1.27025759e+00 7.67034888e-01 1.77302623e+00 9.76649463e-01
    4.72046196e-01 -4.14689332e-01 7.31503546e-01 1.41507971e+00
    2.37941742e-03 9.64761496e-01 8.52980852e-01 2.93548584e-01
    2.62565076e-01 -2.28443146e-01 -6.71602488e-02 1.18990040e+00
    1.14552879e+00 1.26208472e+00 1.63017046e+00 2.76588678e-01
    1.27303338e+00 2.57065773e-01 -3.72671753e-01 9.60290909e-01
    7.92454362e-01 3.50467443e-01 1.29131055e+00 -2.90207148e-01
    -4.44834232e-02 -2.70216405e-01 -2.52315581e-01 6.65559947e-01
    1.28740549e-01 1.24947751e+00 2.46787548e-01 6.84235275e-01
    1.53601265e+00 -6.44078314e-01 7.72958994e-03 -1.03504419e-01
    -7.43395567e-01 8.30107749e-01 6.06298923e-01 2.70167589e-01
    -1.97987735e-01 4.09112573e-01 1.65148926e+00 5.93078554e-01
    -3.35130334e-01 7.64015853e-01 1.23336720e+00 8.33226204e-01
    -7.01855183e-01 3.35351884e-01 9.62645113e-01 1.22779715e+00
    -7.96397150e-01 1.62199914e+00 1.33946216e+00 -7.42471278e-01
    7.61027098e-01 1.51097810e+00 1.18957794e+00 9.37415957e-01
    -7.32285798e-01 2.16292739e-01 1.79633629e+00 1.24931085e+00
    -5.90471447e-01 -4.03842866e-01 1.25456882e+00 9.37299490e-01
    1.62910926e+00 1.82752192e-01 1.11160994e-01 5.74154735e-01
    4.19124007e-01 1.45847046e+00 8.82753015e-01 8.85495842e-01
    1.85160089e+00 -3.59019846e-01 3.40475082e-01 5.28734207e-01
    5.35845816e-01 4.35228407e-01 -7.34477878e-01 1.56324017e+00
    8.68022203e-01 1.45453191e+00 2.09207237e-01 -4.26650137e-01
    -1.68175399e-01 9.03915703e-01 1.02764535e+00 -9.59326506e-01
    1.14900172e+00 1.15828633e-01 1.11030269e+00 9.23816442e-01
    2.39517748e-01 3.39539647e-01 -8.66034448e-01 1.44016087e+00
    2.54653990e-01 4.29427564e-01 1.44461250e+00 1.28505802e+00
    -5.32633066e-02 1.35178065e+00 -2.71320343e-03 -4.97827530e-02
    -3.72713566e-01 1.40201330e-01 1.58825338e-01 1.36395252e+00
    6.65321112e-01 1.51162982e+00 -1.36831284e-01 1.35987556e+00
    3.12061787e-01 1.03499985e+00 1.58195567e+00 -1.92549229e-01
    -3.81811261e-02 -7.40202069e-01 1.17376053e+00 1.32883823e+00
    7.01720238e-01 1.30469108e+00 -9.16962802e-01 1.33630431e+00
    3.67342293e-01 5.13896942e-01 -3.04256827e-01 6.29568756e-01
    -3.52921784e-01 -7.63590455e-01 1.57058191e+00 -1.91913128e-01
    8.85775447e-01 4.90227878e-01 -6.11260176e-01 1.13589394e+00
    2.86161900e-04 -2.40804732e-01 1.43139267e+00 -4.94061381e-01
    -3.36615056e-01 2.32627988e-03 -2.79875845e-01 1.57930517e+00
    -3.29433978e-01 4.47030127e-01 -8.34727287e-02 1.52955377e+00
    1.31800056e-01 1.29508662e+00 1.14993382e+00 1.10329211e-01
    1.54374528e+00 5.78059375e-01 1.57070410e+00 -1.48389339e-01
    -2.49659091e-01 3.36103439e-02 -4.23238695e-01 6.51091099e-01
    1.52947211e+00 -1.92424178e-01 -1.93188906e-01 2.73646116e-01
    -5.28755188e-01 1.47696137e-02 1.71973300e+00 8.92279506e-01
    6.06560111e-01 1.15519834e+00 8.97697449e-01 6.46063685e-01
    7.48800755e-01 -2.04837203e-01 1.16992188e+00 1.09876966e+00
    -7.27163792e-01 1.76801515e+00 4.07721400e-01 2.57167637e-01
    1.09703398e+00 -2.71561563e-01 7.11324871e-01 1.68679810e+00
    5.50988555e-01 8.43048394e-01 -3.07183444e-01 1.30726111e+00
    -6.43830061e-01 1.67696977e+00 8.38649511e-01 1.42396986e+00
    1.67819178e+00 -3.43326151e-01 -1.92980349e-01 1.25321901e+00
    1.15014899e+00 1.17059994e+00 -9.63655114e-02 8.10339451e-01
    5.91934919e-01 3.20501328e-01 -8.20441842e-02 1.64011908e+00
    4.73650098e-02 1.26294923e+00 -5.88557363e-01 -6.44396663e-01
    1.65078449e+00 -3.22916090e-01 -2.30987489e-01 -7.78642058e-01
    1.81968212e-01 6.66691065e-01 4.96437490e-01 -3.85650218e-01
    2.19088376e-01 1.16531610e+00 1.16608596e+00 -8.52220893e-01
    -9.20076847e-01 -1.06291413e-01 1.07764030e+00 1.18090975e+00
    -5.54074407e-01 8.62356603e-01 5.16502798e-01 1.12097692e+00
    1.79715931e+00 -4.50441271e-01 1.01187778e+00 -2.60124803e-01
    -5.62285662e-01 5.10256112e-01 4.02773261e-01 -4.20714021e-02
    -7.99762011e-02 9.47586715e-01 -1.00381970e-01 1.12087393e+00
    1.55647588e+00 6.50175929e-01 1.10603046e+00 -5.85927606e-01
    1.52691400e+00 7.62515903e-01 -4.56234246e-01 1.31202388e+00
    7.93820381e-01 6.21342063e-02 -6.73751652e-01 4.78027701e-01
    8.26470852e-01 -5.42069256e-01 4.96946275e-01 1.74386740e-01
    9.58480835e-02 5.50804913e-01 1.41584086e+00 1.15067244e+00
    4.75642562e-01 9.19249356e-01 1.14249969e+00 -9.27225351e-02
    -6.51854277e-02 -1.63314521e-01 7.19854355e-01 7.84042120e-01
    7.52042472e-01 -6.51584208e-01 1.48155022e+00 2.83663690e-01
    -5.37058711e-01 -2.10871816e-01 1.42505038e+00 1.49342251e+00
    8.21896076e-01 5.95587730e-01 1.65438831e+00 -8.68825436e-01
    1.19835615e+00 -9.65770900e-01 1.42874277e+00 4.58342433e-02
    1.03040546e-01 1.79778814e+00 -1.21354699e-01 6.82697535e-01
    1.41071916e-01 2.49603450e-01 9.84062195e-01 -3.92343402e-01
    -1.04958534e-01 1.00662160e+00 -5.82364917e-01 7.83152521e-01
    1.49854183e-01 1.84666586e+00 -5.16761303e-01 6.64370537e-01
    1.69360924e+00 1.17342603e+00 -4.32128608e-01 1.53134871e+00
    1.36268795e-01 4.83165264e-01 -3.16502631e-01 9.55718696e-01
    1.13854110e+00 8.55091810e-01 -3.85264099e-01 7.17705071e-01
    1.22482109e+00 5.58744192e-01 -4.83048499e-01 9.06701446e-01
    -3.44342977e-01 1.42271566e+00 1.92480326e-01 1.54770672e+00
    -8.20362985e-01 9.93370950e-01 -5.83239317e-01 -7.61492670e-01
    -6.92595661e-01 1.02700400e+00 1.44824123e+00 -6.55543923e-01
    1.42401671e+00 1.74566805e-01 -4.96325970e-01 1.57806504e+00
    2.44844198e-01 8.37203622e-01 4.30274665e-01 1.06530786e-02
    1.47663665e+00 -6.31214619e-01 8.59138489e-01 1.65554881e+00
    9.06465650e-02 6.54631138e-01 -3.01814079e-03 1.45266366e+00
    2.34860957e-01 6.46965802e-01 9.90753412e-01 -2.57661223e-01
    1.19707966e+00 -1.66136324e-01 1.58883524e+00 -2.93584406e-01
    -2.11868346e-01 1.17128038e+00 -5.84491134e-01 9.82467175e-01
    9.99217272e-01 1.03189301e+00 1.58653426e+00 -8.01751435e-01
    2.75790632e-01 -3.99679869e-01 2.55955756e-01 3.98498297e-01
    2.14705467e-01 7.03142822e-01 -2.75615454e-01 -5.25577664e-01
    1.05002856e+00 7.67072558e-01 1.07235849e+00 -3.27535391e-01
    1.66685367e+00 1.32582533e+00 5.65048218e-01 -5.87209702e-01
    6.50263250e-01 -1.97060108e-02 2.25340962e-01 1.38118863e+00
    8.82810235e-01 2.70845413e-01 1.48607814e+00 1.17349172e+00
    1.02174044e+00 1.13017333e+00 1.54126537e+00 -5.79934835e-01
    9.03556645e-01 1.13286316e+00 -1.54494882e-01 1.63552165e-02
    4.52897549e-01 1.76271510e+00 5.99672258e-01 1.34329128e+00
    -1.41374826e-01 4.65705574e-01 1.12217736e+00 -4.33649898e-01
    -8.02552700e-03 4.97568190e-01 6.64343417e-01 -2.91547179e-01
    7.47001231e-01 3.90994549e-01 6.34564817e-01 -1.80184096e-01
    -4.18264389e-01 2.76720166e-01 1.20296979e+00 1.12503171e+00
    8.07074904e-01 -3.08515608e-01 4.67082977e-01 1.40429103e+00
    7.09230304e-02 1.20274425e+00 1.34518123e+00 1.56489050e+00
    1.48480606e+00 2.81405449e-02 -4.72538710e-01 1.27166271e-01
    1.26350296e+00 9.63706970e-02 1.66024554e+00 7.75428534e-01
    9.49327350e-01 -1.46146059e-01 5.03271401e-01 -2.33801067e-01
    1.61733449e-01 -2.11494744e-01 1.28214777e+00 3.44290555e-01
    -7.10237026e-03 1.46143961e+00 1.14278257e-01 -8.13702106e-01
    1.26461136e+00 -2.45238543e-01 1.59362721e+00 8.30319881e-01
    8.32503498e-01 6.61985040e-01 -2.68676579e-01 -1.11457586e-01
    8.57102990e-01 1.64956915e+00 1.35741186e+00 -2.62804151e-01
    1.49241161e+00 1.54999256e-01 1.54584146e+00 -6.82123899e-01
    9.06273127e-01 1.62225604e+00 1.59425521e+00 -2.79773533e-01
    9.34287727e-01 8.74634504e-01 5.01355648e-01 1.57928836e+00
    2.79616714e-01 -1.81705832e-01 1.24331951e+00 1.65205240e+00
    1.53191292e+00 3.03255498e-01 1.26355171e-01 1.55390382e-01
    3.58139992e-01 -5.68950415e-01 2.73892105e-01 1.64683425e+00
    1.32483053e+00 1.22040188e+00 1.37877214e+00 1.50509667e+00
    -4.57642674e-01 -1.74921930e-01 1.52614594e+00 -4.20749754e-01
    -7.12767899e-01 1.23446465e-01 1.05709493e+00 -5.95365167e-02
    4.52741742e-01 -4.45266187e-01 6.57563806e-01 1.45942008e+00
    4.52106595e-01 4.38336849e-01 1.16815186e+00 7.39622712e-02
    1.06771362e+00 7.28626847e-01 8.28882575e-01 7.06022501e-01
    1.43517232e+00 -7.57752180e-01 -4.07832146e-01 -2.80608028e-01
    -7.64768481e-01 1.54865384e+00 -2.78535426e-01 1.46631193e+00
    1.47660911e+00 8.31114948e-01 1.55971885e-01 7.56870866e-01
    6.52968705e-01 2.84737051e-01 1.55339956e+00 -2.28472233e-01
    -6.99165463e-02 5.81491113e-01 6.56450748e-01 6.77251697e-01
    5.95676184e-01 -6.87336326e-02 3.98450017e-01 1.04163504e+00
    8.31087530e-01 -3.34364384e-01 -1.45174801e-01 9.34296727e-01
    1.36538386e+00 1.48491061e+00 -7.62940049e-01 1.16379583e+00
    1.27543163e+00 1.47559154e+00 8.25892091e-01 1.68173051e+00
    1.52838433e+00 1.24200177e+00 1.08509493e+00 1.17289519e+00
    -3.22986245e-01 5.58220863e-01 7.60906041e-01 9.47364628e-01
    6.76990390e-01 1.47405410e+00 7.24010289e-01 -3.37286592e-01
    7.95995891e-01 1.40376389e+00 1.40950418e+00 -5.78699529e-01
    7.03980207e-01 -5.13746142e-02 8.26236129e-01 8.74558985e-01
    -5.02345622e-01 -5.10538816e-01 -5.11558235e-01 1.34154963e+00
    -6.60351336e-01 2.17364728e-01 -4.50219214e-01 2.52036214e-01
    -8.36343169e-02 1.50110853e+00 9.70795155e-01 6.19167209e-01
    2.21455097e-01 1.51247728e+00 6.95085108e-01 -5.97314656e-01
    1.50204861e+00 6.95646763e-01 5.48374176e-01 9.08158422e-01
    1.18457711e+00 -5.13362288e-01 1.60365224e+00 1.64444900e+00
    1.36146379e+00 1.24798417e-02 7.74787188e-01 -2.26918936e-01
    7.66196012e-01 3.16848278e-01 7.58737206e-01 -8.18472505e-02
    -2.19321668e-01 2.93859720e-01 1.05471516e+00 4.66964006e-01
    -2.97093153e-01 -2.06285000e-01 -1.28089786e-02 1.42329216e+00
    -7.00364351e-01 1.36469030e+00 -4.09217924e-01 6.66098118e-01
    1.28634334e+00 -8.65207434e-01 5.00645041e-02 -2.01494336e-01
    1.33779585e+00 1.40631890e+00 -5.20443916e-02 6.00774527e-01
    -5.12892604e-02 8.67353439e-01 -2.21328616e-01 1.63718271e+00
    -4.56296206e-02 8.88381124e-01 1.17137396e+00 1.69738519e+00
    3.11654866e-01 7.70763755e-01 1.61128390e+00 3.39050174e-01
    5.68780780e-01 -1.55891001e-01 1.54273784e+00 -8.62809420e-02
    -6.22333229e-01 1.50014853e+00 -9.17909265e-01 6.25427186e-01
    1.25235748e+00 1.26308525e+00 5.19661546e-01 4.51781869e-01
    4.05647099e-01 1.77102268e-01 8.71108770e-01 1.35976231e+00
    8.67381930e-01 1.48970413e+00 4.76603985e-01 5.54971099e-01
    8.45794201e-01 7.02340841e-01 5.94044685e-01 7.86685348e-01
    1.26288831e-01 -1.35780990e-01 1.27618670e+00 -1.06577396e-01
    9.55864131e-01 7.42156506e-01 -6.14348948e-01 -7.72115648e-01
    1.58280659e+00 9.55528259e-01 -5.36079824e-01 -5.44143319e-02
    4.75382447e-01 1.07150805e+00 8.70038092e-01 1.43885911e-01
    -3.51765573e-01 1.91852450e-02 4.42613482e-01 4.58906770e-01
    -5.66316426e-01 -4.60779816e-01 1.28793085e+00 1.39389277e-01
    1.18006516e+00 2.37898767e-01 1.43225062e+00 3.34859014e-01
    4.45111275e-01 3.71751666e-01 -5.83748758e-01 -3.07931423e-01
    9.94502902e-01 1.52561593e+00 1.61725271e+00 1.59831643e-01
    -7.11529672e-01 9.87608612e-01 -7.92362809e-01 7.27297902e-01
    3.07115018e-01 1.23437572e+00 4.98528361e-01 -7.45030165e-01
    1.70660722e+00 1.06926906e+00 -2.86659658e-01 -3.72458249e-01
    -7.26779580e-01 1.82127964e+00 -4.24142480e-01 1.82663155e+00
    1.40024722e-01 -4.84780371e-01 -6.09573364e-01 1.72615588e-01
    3.58925700e-01 1.41895056e+00 6.44509077e-01 1.10585976e+00
    9.89711285e-02 1.10348094e+00 -1.47557080e-01 -4.90603507e-01
    1.52700162e+00 2.67419696e-01 5.09049118e-01 1.26115346e+00
    9.08152699e-01 -2.37601280e-01 -1.33175254e-02 -3.78715903e-01
    1.78341341e+00 1.02957380e+00 1.54046416e-01 7.66826153e-01
    -7.38537431e-01 8.54857564e-01 1.53228998e-01 7.53830016e-01
    6.95216060e-02 1.38999534e+00 1.13365078e+00 8.19681287e-02
    9.89443362e-01 -6.47210538e-01 1.23448706e+00 1.56826282e+00
    1.32777250e+00 -5.39168239e-01 -5.58091164e-01 1.38885689e+00
    3.68778586e-01 8.97773027e-01 9.57198858e-01 3.14716101e-02
    -3.40624660e-01 1.50946951e+00 -6.83713675e-01 9.64224935e-01
    -2.26636648e-01 1.26103711e+00 3.30678523e-01 2.71013558e-01
    -5.66974819e-01 -3.14213574e-01 -6.48349583e-01 -8.83007050e-03
    7.96507239e-01 1.19172335e-01 1.29193628e+00 9.71834064e-02
    3.94258499e-01 6.49214387e-01 1.74497128e+00 1.59589553e+00
    6.01956129e-01 8.87677670e-02 1.30300784e+00 9.05158341e-01
    -1.53519511e-01 7.08673835e-01 -7.10995793e-01 7.65651345e-01
    4.35933471e-02 -8.12345743e-01 1.45302486e+00 -5.94814897e-01
    -6.00237489e-01 1.58393204e-01 1.05603957e+00 1.17440712e+00
    8.22993994e-01 8.98496091e-01 3.77396584e-01 4.34845090e-01
    1.09735644e+00 -5.62363863e-02 2.72314966e-01 3.63412976e-01
    8.09026122e-01 5.68689883e-01 -3.09813023e-02 1.74294758e+00
    -7.86974430e-01 2.62102246e-01 6.82798207e-01 5.33150077e-01
    -2.10143089e-01 -1.97797298e-01 1.25302315e-01 -5.72327375e-02
    -5.43583184e-02 2.23955512e-01 2.16923773e-01 4.01886284e-01
    1.24155033e+00 -5.05479574e-01 3.08511794e-01 -3.16733748e-01
    3.15295100e-01 3.08207273e-02 6.13215566e-01 1.39335775e+00
    -1.89725459e-01 -2.71204084e-01 1.02874231e+00 -5.67433715e-01
    1.19644785e+00 -2.79718041e-02 -3.44571680e-01 1.36565804e+00
    4.52471793e-01 1.52398562e+00 4.76697266e-01 -2.91943461e-01
    1.25755119e+00 3.40225399e-01 6.12855852e-01 -6.11402512e-01
    1.06924903e+00 1.07892430e+00 -2.54297197e-01 1.23864138e+00
    6.64441228e-01 -3.93179297e-01 6.66043401e-01 8.59131098e-01
    1.57875395e+00 -2.28946149e-01 9.38760042e-01 1.58182156e+00
    -9.09283698e-01 1.15420818e+00 -6.93082273e-01 8.65450978e-01
    1.39889610e+00 6.80129349e-01 9.80956376e-01 1.74144387e-01
    6.18355393e-01 1.31223059e+00 1.32307780e+00 1.17101550e+00
    1.58055484e+00 -9.12197828e-02 9.38890696e-01 4.76995349e-01
    1.43151045e+00 -2.73998380e-02 3.89964581e-02 1.59768045e-01
    1.82350755e-01 1.01506233e+00 1.53357732e+00 8.44984233e-01
    9.64579225e-01 6.10160828e-02 1.01861560e+00 8.20320427e-01
    1.97631776e-01 3.69097888e-01 7.61442542e-01 -3.13957334e-02
    1.24453306e-01 -3.10050011e-01 9.13305163e-01 1.07264364e+00
    4.94026124e-01 3.98435473e-01 8.20275784e-01 1.25276685e+00
    1.68204808e+00 5.92752099e-01 -6.37681007e-01 5.76245606e-01
    1.31579518e+00 1.09421706e+00 1.02796865e+00 1.34763563e+00
    -7.95277894e-01 -3.55217665e-01 1.93450451e-02 3.12406898e-01
    1.58800924e+00 -6.77896142e-01 -4.10344779e-01 1.34258199e+00
    -5.53084016e-02 -1.06561840e-01 2.93586135e-01 1.48466265e+00
    4.05991077e-01 -9.03927803e-01 1.04628813e+00 8.64710927e-01
    1.13185787e+00 5.98292470e-01 -6.54118836e-01 8.14702511e-02
    7.82733023e-01 1.34421515e+00 3.25564563e-01 1.49468350e+00
    1.46588838e+00 -7.58634984e-01 1.75419569e+00 9.92232025e-01
    2.17144608e-01 3.99268270e-01 1.21374464e+00 7.41275847e-01
    6.85735404e-01 1.41174269e+00 1.32773614e+00 -6.57017350e-01
    7.56625533e-01 5.58166921e-01 1.24129856e+00 5.67003608e-01
    3.50207746e-01 -1.30613148e-01 1.59676194e-01 3.52333069e-01
    1.56067562e+00 -1.36677861e-01 6.78093910e-01 3.11559260e-01
    8.98521423e-01 -7.56324530e-02 7.89879441e-01 6.69868946e-01
    1.51035643e+00 2.22839952e-01 1.36910415e+00 -3.94326240e-01
    -5.48112154e-01 7.34426141e-01 1.68147159e+00 -6.38637185e-01
    1.60871792e+00 7.93200731e-01 1.49648690e+00 -2.69829214e-01
    1.53361881e+00 6.44850731e-02 1.03330433e+00 5.38031638e-01
    -1.16857409e-01 1.34980750e+00 3.44133019e-01 1.12560344e+00
    -5.90523839e-01 8.26665401e-01 7.93636680e-01 -1.66276515e-01
    2.55607605e-01 -1.58284307e-02 1.08122897e+00 5.86674213e-02
    -6.65068030e-01 4.98820245e-01 5.96590221e-01 6.50184751e-02
    -4.92715001e-01 -9.40243602e-02 -2.18394965e-01 -3.63987744e-01
    -1.08786762e-01 1.36782253e+00 1.14659858e+00 -2.55779564e-01
    7.69696891e-01 1.41750324e+00 -4.69281852e-01 6.34973586e-01
    -7.51825273e-01 9.26453948e-01 -3.00801575e-01 2.51811326e-01
    1.30748379e+00 4.74874973e-01 8.45197320e-01 -1.57405138e-01
    -4.00706291e-01 1.35626078e-01 3.82126033e-01 1.50045288e+00
    1.59310389e+00 5.79592943e-01 1.62208736e+00 6.51945472e-01
    5.40064335e-01 3.85998726e-01 1.10683393e+00 6.50889874e-02
    4.74296808e-01 1.52700818e+00 -6.65615439e-01 1.44143605e+00
    6.96591794e-01 1.67613602e+00 1.23437130e+00 7.09465802e-01
    6.67424262e-01 -4.49270844e-01 1.26937890e+00 -5.99651814e-01
    -3.04077119e-01 6.14795625e-01 -7.88139343e-01 7.53748655e-01
    4.31549907e-01 1.52126241e+00 -3.63429725e-01 -6.39886379e-01
    -7.39234209e-01 1.57171631e+00 6.94687068e-01 1.72138238e+00
    3.81375611e-01 1.55380976e+00 7.41267323e-01 1.53140795e+00
    3.67142677e-01 1.25528216e+00 8.27629328e-01 5.78822851e-01
    4.53334570e-01 9.87581968e-01 5.50796449e-01 1.94263697e-01
    6.74747407e-01 1.63842213e+00 -2.10004568e-01 1.46204531e-01
    9.31954205e-01 1.32947767e+00 -7.09844947e-01 1.06624842e+00
    -2.80712247e-02 9.31037605e-01 -6.00831509e-02 -6.06003344e-01
    -4.77971703e-01 1.86596131e+00 4.67826843e-01 1.35407209e+00
    2.21273303e-01 -2.40873754e-01 3.32220376e-01 1.37609816e+00
    -8.68762136e-02 6.28802836e-01 -2.09730804e-01 1.44318891e+00
    9.13102031e-01 1.18745685e+00 1.51833451e+00 5.94979048e-01
    -4.54378784e-01 4.95592952e-02 4.32970285e-01 9.20163989e-02
    1.43054104e+00 -2.80293018e-01 5.84630907e-01 -5.35746217e-01
    8.12802911e-02 2.21512914e-02 -1.13804936e-01 1.66000366e-01
    4.35245633e-01 4.61172819e-01 7.59375393e-01 -2.95720518e-01
    3.89931977e-01 1.58344817e+00 1.64243162e+00 -6.66698515e-01
    -2.14566052e-01 1.57351124e+00 1.16239321e+00 8.49105120e-02
    1.15958750e-01 7.10044622e-01 1.18483257e+00 -8.46155286e-01
    1.73789048e+00 5.65852523e-02 1.06020534e+00 1.15398657e+00
    1.06908178e+00 -8.30427885e-01 2.75757551e-01 -1.34749472e-01
    1.69071293e+00 2.39959955e-01 -7.55202889e-01 1.14872789e+00
    -4.12878603e-01 1.35740101e-01 1.22058892e+00 1.29472136e-01
    -5.58781564e-01 1.78152227e+00 -1.87357724e-01 7.24869549e-01
    1.45316446e+00 -3.76432538e-02 -2.67102838e-01 7.65036583e-01
    -5.54497600e-01 1.21954632e+00 6.53499961e-01 1.00763619e+00
    -8.22526395e-01 4.10755575e-01 -5.92974901e-01 1.51780200e+00
    1.37708712e+00 5.08706808e-01 8.03563118e-01 -7.87205517e-01
    1.25654387e+00 -8.28073204e-01 1.63690257e+00 -5.54647446e-01
    3.14590335e-01 1.23728502e+00 8.70636702e-01 3.40903342e-01
    6.96437895e-01 -3.58752728e-01 -3.11818838e-01 7.49436200e-01
    8.02712858e-01 -3.11657965e-01 1.18537045e+00 1.39631796e+00
    -2.33134151e-01 1.58172822e+00 -4.70599502e-01 4.26277399e-01
    4.35158074e-01 -2.20456421e-01 1.30456090e-02 1.64907110e+00
    1.08750701e+00 1.61937809e+00 -4.18955386e-01 2.66870201e-01
    9.20001924e-01 -2.70988464e-01 3.20999563e-01 1.16296697e+00
    -5.34741163e-01 1.41890121e+00 -5.82763910e-01 4.32302952e-02
    -5.90726674e-01 5.79786956e-01 5.45645833e-01 -1.70993090e-01
    1.48140764e+00 1.56071687e+00 4.52769458e-01 -6.73113048e-01
    8.48041475e-01 6.19981170e-01 -4.25484478e-01 1.46036386e+00
    1.46068573e-01 1.67122960e+00 1.39681077e+00 8.70997906e-01
    -1.07967794e-01 -9.03851986e-02 3.90711069e-01 2.00213671e-01
    1.50895309e+00 1.46852994e+00 6.54797077e-01 5.97645104e-01
    1.29929030e+00 1.53343201e+00 -7.62496591e-02 4.19828355e-01
    -4.27293777e-03 1.07683182e+00 1.59229064e+00 1.29057908e+00
    5.83292544e-01 7.75263309e-02 -4.95859265e-01 -6.06006742e-01
    1.10743093e+00 1.54828751e+00 2.13011324e-01 -4.54558343e-01
    4.95895088e-01 1.84879136e+00 -4.70793664e-01 2.42357254e-01
    7.65590489e-01 1.91721785e+00 -6.18324041e-01 -1.49811566e-01
    5.81183851e-01 1.25437450e+00 1.21707535e+00 -4.68463033e-01
    5.57116508e-01 1.50563169e+00 2.18765974e-01 1.53676987e-01
    3.64141107e-01 1.60161805e+00 -7.58609772e-01 1.75304914e+00
    9.14970160e-01 1.42132711e+00 3.91785502e-01 -4.79493737e-02
    5.07558405e-01 1.57221735e-01 -2.15915680e-01 1.37589979e+00
    -2.13275909e-01 1.01700222e+00 9.16987777e-01 9.53840196e-01
    1.62892187e+00 -3.01985860e-01 -4.49255526e-01 -1.20050967e-01
    5.86047649e-01 5.95872939e-01 -4.48633850e-01 3.53499889e-01
    -6.77596807e-01 -6.34498596e-02 8.67636085e-01 2.06102848e-01
    -4.15388942e-02 -1.12372935e-01 1.15091586e+00 5.99248767e-01
    -3.66588473e-01 -1.47672087e-01 8.26577187e-01 8.57176721e-01
    1.00281477e+00 1.89605355e-02 1.73987162e+00 7.41428971e-01
    -3.26641738e-01 -6.58619404e-03 1.48486686e+00 1.37095213e+00
    9.45136666e-01 -4.17831481e-01 1.09344304e+00 5.11282802e-01
    1.93715310e+00 2.26357698e-01 -2.80002594e-01 1.45254827e+00
    -3.56292427e-01 -6.76665425e-01 1.03529024e+00 1.52720022e+00
    1.66150880e+00 1.31505549e+00 -4.24936891e-01 -4.45495516e-01
    2.54703403e-01 7.83503056e-01 -5.06128073e-01 6.03888750e-01
    1.50548732e+00 -6.87663615e-01 1.68020225e+00 9.65170085e-01
    -1.72497034e-02 -6.82922423e-01 1.29957747e+00 5.40729165e-02
    -2.67298222e-01 -8.15811157e-02 8.55035305e-01 9.06035423e-01
    -1.37767971e-01 8.34632993e-01 -5.85478067e-01 -1.26058578e-01
    1.66474104e+00 1.60037804e+00 9.02044773e-01 1.24870586e+00
    -1.64795518e-01 7.44242728e-01 3.68067920e-01 1.19938672e+00
    1.41603994e+00 1.84504330e-01 1.56700814e+00 -5.69602847e-01
    8.30656946e-01 1.02497447e+00 -7.35375047e-01 8.85096908e-01
    8.34775090e-01 -2.47880876e-01 8.24254632e-01 8.27001631e-01
    1.70530725e+00 7.63431132e-01 7.71038651e-01 1.07316804e+00
    -1.55418456e-01 5.17189205e-01 -2.31669605e-01 3.21392417e-02
    1.41980171e+00 1.12325287e+00 -4.23069954e-01 -7.22838640e-01
    1.47712290e+00 1.06003940e+00 4.44243908e-01 -5.48458695e-02
    1.40280211e+00 -5.12120724e-02 -3.21155071e-01 1.31522202e+00
    1.32735491e+00 1.15906227e+00 1.49771166e+00 -2.11686015e-01
    -1.13177299e-03 1.81502986e+00 -1.57812834e-01 9.56725717e-01
    -4.64556247e-01 1.06173527e+00 -4.90135103e-01 -3.69668067e-01
    1.57304668e+00 2.64114022e-01 1.06191003e+00 1.09648061e+00
    1.07229376e+00 1.92682683e-01 1.53018165e+00 3.70119214e-01
    -5.84954023e-03 1.33955944e+00 1.45322895e+00 1.41207516e+00
    1.51997268e+00 8.14021230e-02 1.71923399e-01 3.46270740e-01
    1.44320202e+00 9.42571759e-01 2.52862990e-01 4.59581196e-01
    5.55708885e-01 1.61871171e+00 -1.77184343e-02 5.35648346e-01
    1.00018358e+00 1.39613533e+00 -1.45073831e-01 1.32066095e+00
    1.48106182e+00 -2.06800103e-01 1.49962819e+00 5.05176902e-01
    -7.17216134e-01 1.40944362e+00 -4.48589921e-01 9.75837409e-01
    -6.27544105e-01 -1.74195945e-01 8.64185035e-01 1.16511106e+00
    2.16013014e-01 1.08336496e+00 5.74819624e-01 1.48970008e+00
    1.28612113e+00 4.86737490e-01 1.39645863e+00 -5.66548824e-01
    -6.84832215e-01 1.07831514e+00 1.00060081e+00 1.25409770e+00
    8.64010692e-01 1.65324104e+00 3.03712904e-01 3.09960783e-01
    -4.27981675e-01 1.39283597e-01 7.19492376e-01 6.34225607e-01
    -6.69624150e-01 3.58370662e-01 1.49255908e+00 1.31479573e+00
    8.25382590e-01 1.63951039e-01 1.55931425e+00 -1.10925198e-01
    1.86541617e+00 -2.59847254e-01 -1.30124092e-02 4.59031463e-01
    -7.15159178e-02 7.05092311e-01 7.21354187e-01 -2.30622530e-01
    -3.39360535e-01 -1.77695930e-01 2.54409313e-02 2.06981957e-01
    5.57285368e-01 -1.30212307e-03 -5.41198969e-01 1.53796256e+00
    9.33743477e-01 4.66513813e-01 4.56214428e-01 1.26839685e+00
    1.23793209e+00 -2.87215352e-01 -3.31841767e-01 -5.05443692e-01
    7.38440096e-01 -6.39353871e-01 8.91809940e-01 -5.76233506e-01
    7.66273379e-01 -6.23432994e-01 1.67451978e-01 -6.28552973e-01
    -3.31627369e-01 9.38018620e-01 5.52584052e-01 8.50476146e-01
    1.10939014e+00 1.71005845e-01 -2.71732390e-01 8.97498071e-01
    9.71651673e-02 -3.62315029e-01 -3.81603420e-01 1.11419535e+00
    -3.13470542e-01 -4.11422551e-01 1.08443654e+00 -4.64421004e-01
    8.98716509e-01 3.29783916e-01 1.39801323e+00 1.11233175e-01
    1.05621767e+00 6.14722371e-01 -2.12161183e-01 1.68864870e+00
    1.44009280e+00 2.11493313e-01 1.21182263e-01 3.02729011e-01
    3.28043818e-01 1.00680733e+00 6.15986943e-01 -2.50600755e-01
    7.98235595e-01 3.99173498e-02 7.24625587e-03 1.11314654e+00
    1.66755879e+00 1.07933855e+00 1.39728749e+00 -3.51570427e-01
    1.74592912e-01 -1.27509296e-01 -1.60631657e-01 5.67719817e-01
    -1.67649627e-01 8.35174382e-01 1.14834404e+00 8.14432383e-01
    1.90872693e+00 1.37484109e+00 -1.15393996e-01 1.58126628e+00
    1.14747882e-01 3.46594036e-01 8.86739492e-02 1.55429399e+00
    -5.00603318e-01 2.74940729e-02 4.99215722e-01 -3.05981576e-01
    1.66856885e+00 -7.33705997e-01 -5.46413064e-01 5.18927932e-01
    6.29333377e-01 1.14565849e+00 -5.74018955e-01 -5.34400105e-01
    -3.82734388e-01 -9.30858254e-02 -6.34237051e-01 1.29730630e+00
    -1.70202553e-01 -5.21765590e-01 5.62434554e-01 1.69075191e+00
    9.21015978e-01 4.90980744e-02 1.28174222e+00 -1.60213709e-02
    -8.96659493e-02 -3.53526115e-01 6.73123240e-01 1.47721457e+00
    4.27033186e-01 7.49091566e-01 5.54588318e-01 1.50461257e-01
    -3.11928988e-01 5.31205654e-01 -5.51063418e-01 1.25010324e+00
    -3.66097987e-01 9.96274233e-01 -1.64503396e-01 1.27028644e-01
    1.30631936e+00 -2.27644444e-02 7.97551095e-01 7.92310834e-02
    1.47874546e+00 1.20320761e+00 7.77973473e-01 4.27276611e-01
    -7.68223405e-01 -4.89910215e-01 1.44447815e+00 -5.58688343e-01
    2.47010767e-01 1.15499663e+00 6.72455788e-01 -2.91653275e-01
    9.48003173e-01 1.44298315e+00 9.19868350e-01 8.87371302e-01
    7.31040716e-01 8.80114436e-01 4.32031989e-01 1.01047373e+00
    1.07726705e+00 2.49854326e-01 -2.45909631e-01 4.47768569e-01
    -6.16700470e-01 1.10744333e+00 2.46345758e-01 4.16798830e-01
    -7.12111235e-01 1.05398560e+00 1.05342722e+00 1.62549567e+00
    -7.33366966e-01 -7.01397061e-01 6.18737996e-01 4.80616629e-01
    1.05275095e+00 1.36069798e+00 1.52695835e-01 1.40276182e+00
    -4.43676382e-01 -4.52676773e-01 -2.59854198e-02 8.33780766e-02
    -3.23558092e-01 7.16293573e-01 1.33569694e+00 -5.38548589e-01
    1.28896105e+00 -1.67654991e-01 -6.73845887e-01 4.76713896e-01
    -2.08864331e-01 1.08533609e+00 1.76066720e+00 4.15266037e-01
    6.94513321e-01 -6.42089844e-01 1.20198917e+00 -1.15367234e-01
    3.85200441e-01 2.68600881e-01 -4.42332536e-01 6.67194247e-01
    -3.88870686e-01 -1.06369436e-01 -7.17210770e-01 1.47841382e+00
    1.21932864e-01 -9.14946795e-02 9.76978481e-01 6.52316451e-01
    -2.24423409e-03 5.49377322e-01 4.68087435e-01 3.64911616e-01
    1.54964769e+00 1.93493962e-01 7.06510782e-01 8.15317988e-01
    5.77046037e-01 1.19867873e+00 7.00692177e-01 5.58738828e-01
    -9.19562817e-01 1.40966845e+00 1.16054153e+00 1.03374565e+00
    1.39309931e+00 1.00982237e+00 1.26797318e-01 7.70832539e-01
    1.65696001e+00 7.37529814e-01 -1.77456141e-02 2.01847374e-01
    8.48779082e-01 1.70419276e-01 -2.04288960e-01 -2.71593571e-01
    1.62318945e-02 1.57705188e+00 8.36967826e-01 1.19370008e+00
    5.75781763e-01 -2.70609975e-01 5.28208852e-01 1.17894161e+00
    1.29750431e-01 -4.42570716e-01 -6.52210355e-01 -3.02600890e-01
    1.27867937e+00 -5.87522089e-01 8.08044851e-01 8.45125914e-01
    1.61285067e+00 -3.55124444e-01 -4.75104749e-01 1.30575871e+00
    -4.71637517e-01 3.12279761e-01 9.52942371e-01 2.34960318e-01
    7.89490998e-01 -4.54942346e-01 1.16388023e-01 -1.73231363e-02
    1.56037736e+00 1.54667449e+00 -3.86998117e-01 1.04933751e+00
    1.34593821e+00 1.56698799e+00 4.21455264e-01 -1.07600749e-01
    -6.75884783e-01 -3.36952567e-01 6.55672789e-01 2.20560491e-01
    8.58087361e-01 -2.74766743e-01 -4.78126585e-01 -4.04818386e-01
    1.33676958e+00 6.80675149e-01 1.65268826e+00 1.46557033e-01
    -3.87266904e-01 1.23506033e+00 8.10892701e-01 1.86975527e+00
    9.15515602e-01 -2.85625607e-01 1.71112370e+00 8.71936142e-01
    2.86298990e-02 1.36600721e+00 -9.01314616e-02 -7.57747293e-02
    8.34578991e-01 1.60689294e+00 1.23244262e+00 1.10531843e+00
    -3.29875052e-01 8.87722671e-01 -3.78155053e-01 -3.63897622e-01
    -4.35909390e-01 1.29314065e+00 1.29854178e+00 1.00192964e-01
    -5.57051301e-02 3.13395023e-01 1.42968702e+00 -8.77018809e-01
    1.21741676e+00 7.79911280e-01 -5.35865366e-01 1.48085523e+00
    -5.88846862e-01 -4.39818740e-01 3.33706141e-02 1.58577108e+00
    1.48292923e+00 1.47603965e+00 -4.84289199e-01 1.42222404e-01
    1.50003576e+00 1.43614483e+00 1.30884278e+00 -5.30502141e-01
    -7.58586526e-01 -2.03434706e-01 7.10348427e-01 -1.37954473e-01
    1.23764038e+00 8.61712694e-02 1.68932939e+00 -3.69657874e-01
    7.07414746e-01 1.35485232e-01 -3.76954436e-01 -2.38479406e-01
    2.02234089e-01 4.31166351e-01 2.62159705e-01 6.90139890e-01
    1.57193780e+00 -3.85062993e-01 -5.92378974e-02 7.47756720e-01
    -2.92606980e-01 1.02177501e+00 6.68642640e-01 -8.42725158e-01
    1.64511096e+00 1.50468218e+00 3.88843596e-01 1.57058024e+00
    7.10604966e-01 7.42965043e-01 8.43656659e-02 8.84072185e-01
    5.79450309e-01 7.55242527e-01 -4.02419567e-02 1.18722308e+00
    -8.95491838e-02 8.17768991e-01 -2.47840405e-01 1.08755863e+00
    9.66007113e-01 8.29208016e-01 8.50849628e-01 1.15659809e+00
    3.52307081e-01 7.41264343e-01 1.23523116e+00 2.47733116e-01
    1.44390595e+00 -2.80291736e-01 9.68211234e-01 1.18916285e+00
    4.18139398e-01 -2.85484105e-01 -2.69897938e-01 1.85535836e+00
    -2.80327857e-01 -4.30350512e-01 8.34703028e-01 1.34318876e+00
    5.25695741e-01 1.01481616e+00 -2.60810614e-01 1.23143756e+00
    3.93653691e-01 9.68148828e-01 1.06574142e+00 4.74279761e-01
    1.25234389e+00 1.44630146e+00 -6.70604825e-01 -2.69497663e-01
    -2.83518791e-01 7.80680418e-01 1.25296974e+00 1.28303790e+00
    -3.86304528e-01 1.42432547e+00 1.40776050e+00 6.25355482e-01
    -7.91729748e-01 1.03336453e-01 -2.47232616e-01 -6.05511665e-01
    1.06839442e+00 1.35928476e+00 1.67433619e+00 -6.12005115e-01
    6.65562868e-01 -5.89103341e-01 4.57958698e-01 -5.04132032e-01
    1.35244370e+00 2.83338547e-01 1.12368262e+00 1.33160210e+00
    -2.35604167e-01 1.44826186e+00 1.24551332e+00 7.09699154e-01
    1.33019888e+00 9.69439983e-01 4.69963729e-01 2.67421722e-01
    4.46702302e-01 1.54814672e+00 2.59930849e-01 1.07916117e+00
    -5.44668198e-01 8.70528102e-01 3.14285755e-01 8.32126260e-01
    -3.31191778e-01 1.47966695e+00 1.10718584e+00 1.21211588e+00
    -1.49714351e-01 -6.80309594e-01 -3.55222225e-02 1.30274367e+00
    -6.53580248e-01 7.80085921e-02 -4.84975278e-01 8.68205309e-01
    2.95805871e-01 5.64893126e-01 6.07134581e-01 -8.23730350e-01
    1.76956224e+00 -5.04631400e-01 1.53004074e+00 1.06201720e+00
    1.19193482e+00 2.25492239e-01 4.51267362e-01 1.73801529e+00
    1.37547600e+00 3.56100202e-01 1.33651161e+00 1.54897451e-01
    1.44180655e-02 1.27583325e-01 1.65439510e+00 -5.50771713e-01
    1.20345259e+00 -1.31372690e-01 4.11537766e-01 8.66524041e-01
    -2.91567028e-01 7.95757651e-01 1.67609453e-02 6.80417717e-01
    -7.51856565e-02 1.03401268e+00 1.47387362e+00 1.40876806e+00
    1.55432844e+00 -5.04356742e-01 1.31141305e+00 -4.65048403e-01
    1.39952338e+00 1.44059169e+00 1.67841411e+00 -8.00715029e-01
    -6.99059963e-02 1.63926065e+00 -4.69824493e-01 1.21240067e+00
    -4.28534180e-01 1.75977278e+00 6.90997303e-01 7.93449402e-01
    1.97035372e-01 7.55242765e-01 1.29249430e+00 7.38124907e-01
    5.42820930e-01 -2.83586085e-01 1.43013072e+00 5.66619456e-01
    -6.00576997e-01 -4.47112322e-03 1.78198314e+00 1.07593620e+00
    -5.09468853e-01 3.33809376e-01 1.85451210e-01 1.29771638e+00
    1.80016088e+00 -3.31118405e-01 1.10850215e+00 4.10489559e-01
    4.35592532e-01 1.07838798e+00 -3.14017475e-01 1.05888116e+00
    1.27576017e+00 -3.59394491e-01 -3.40207428e-01 1.33118653e+00
    1.05665529e+00 8.25575233e-01 8.13084602e-01 8.92373145e-01
    -8.02712500e-01 1.22762036e+00 6.85009360e-01 -1.64079845e-01
    4.41917002e-01 1.11711979e-01 8.50256622e-01 8.88468146e-01
    1.19997120e+00 1.93106830e-01 -6.54914796e-01 3.89456749e-03
    -5.35090983e-01 -6.04570568e-01 -7.25144029e-01 1.39869988e+00
    7.60384560e-01 -2.64306366e-01 -2.87030101e-01 2.44271100e-01
    8.42041731e-01 -8.32231879e-01 7.00166821e-01 1.01604271e+00
    1.23759854e+00 7.21480787e-01 -4.80118364e-01 1.40442586e+00
    -3.46470207e-01 -8.72832954e-01 1.61642146e+00 2.23459721e-01
    1.40081573e+00 1.18265963e+00 -2.14076221e-01 5.71562529e-01
    1.67341912e+00 -3.77915770e-01 8.99850488e-01 7.89490342e-02
    3.47674072e-01 1.04870987e+00 9.97261107e-01 -7.37599373e-01
    -3.58128488e-01 1.41255736e+00 1.47263646e-01 3.67978394e-01
    -4.48802710e-02 1.49639714e+00 6.60598278e-03 -1.28267109e-01
    1.20504701e+00 8.48093629e-01 -3.80362689e-01 2.42466390e-01
    6.87017381e-01 9.14938986e-01 7.22378016e-01 3.13378334e-01
    8.93346369e-01 -1.27541363e-01 4.09748793e-01 4.53726411e-01
    -3.97659659e-01 2.72089601e-01 3.00135255e-01 1.59589040e+00
    2.38513529e-01 6.29711628e-01 1.84169078e+00 -7.85796463e-01
    1.69611597e+00 6.71145320e-01 1.57210541e+00 5.90510309e-01
    3.93092513e-01 1.50872719e+00 -8.88281584e-01 8.99909794e-01
    -8.43810439e-01 7.19820261e-01 1.57702327e-01 1.47039890e+00
    9.57786083e-01 -4.41720873e-01 8.46827507e-01 -8.05186272e-01
    7.27061629e-01 9.70524132e-01 4.83222187e-01 2.73116887e-01
    1.40579867e+00 -2.58984625e-01 3.23679686e-01 -7.75562763e-01
    1.47902656e+00 1.65648949e+00 1.59420848e-01 1.01045227e+00
    1.50566649e+00 1.72423863e+00 -7.21311152e-01 2.20791578e-01
    -3.96902651e-01 1.60460961e+00 -2.89767414e-01 7.02269673e-02
    6.64790571e-01 9.74023938e-02 5.82722902e-01 -2.01599538e-01
    6.56908453e-01 1.72999740e+00 -6.17162108e-01 6.38461411e-01
    -6.92423403e-01 -5.32709062e-01 1.53834653e+00 -5.81925929e-01
    1.16899884e+00 7.49079108e-01 9.97067451e-01 2.91135848e-01
    8.50953758e-01 1.68997669e+00 7.28405356e-01 1.55722916e+00
    -2.13400707e-01 -7.55929649e-01 5.76061487e-01 -2.35003054e-01
    9.56049800e-01 1.28111672e+00 1.85556281e+00 -7.99381137e-02
    9.55502152e-01 -7.45505571e-01 2.43318617e-01 1.84939265e+00
    1.27535176e+00 1.57017708e+00 1.61834824e+00 -1.90998316e-01
    9.15045977e-01 -1.59959555e-01 1.59225726e+00 6.33652985e-01
    8.22627068e-01 1.52845168e+00 5.71854830e-01 6.67335272e-01
    8.56735945e-01 -3.30220282e-01 1.20111227e-01 7.01605618e-01
    -2.84965783e-01 4.75169718e-01 1.64850175e-01 -1.07834101e-01
    1.75767779e+00 -6.77882493e-01 -1.00238264e-01 1.18709230e+00
    -5.79508841e-01 1.31666195e+00 1.41072929e+00 1.36177301e-01
    1.73018336e+00 -7.15139687e-01 1.11927962e+00 8.19988847e-01
    1.47858500e+00 -1.05871260e-01 3.24831426e-01 5.12706399e-01
    5.59222639e-01 1.69501197e+00 1.11796355e+00 1.63531411e+00
    1.52541804e+00 1.26197410e+00 -9.09328461e-03 1.10350370e-01
    -3.96789312e-02 1.61043394e+00 -6.44036949e-01 6.00680113e-02
    -6.05506063e-01 -6.47590995e-01 8.44581127e-01 1.67021942e+00
    1.03798747e+00 -5.00737131e-01 6.18090987e-01 1.45896912e+00
    -4.19525027e-01 1.33525634e+00 1.08998191e+00 1.35001302e+00
    -1.41463697e-01 1.09560323e+00 -1.80133104e-01 3.41859818e-01
    1.29490435e+00 1.83750629e-01 8.61418366e-01 -6.15974128e-01
    1.40636921e-01 -4.53464121e-01 2.37608552e-02 1.32693410e+00
    -1.15508795e-01 6.85945749e-02 2.95123339e-01 1.37063885e+00
    8.28648090e-01 -2.20116377e-01 1.57243812e+00 1.09925628e-01
    5.54347038e-03 2.95056581e-01 6.71724677e-02 6.25333905e-01
    -6.07500017e-01 8.81994188e-01 1.17482328e+00 -8.70903730e-02
    -5.37778676e-01 -9.26222801e-02 -4.41578448e-01 1.53667092e+00
    2.76956379e-01 6.09057188e-01 1.24774039e-01 7.31812477e-01
    1.01931822e+00 1.46922159e+00 -4.57308084e-01 -3.20501804e-01
    -7.38123655e-01 7.01576293e-01 8.96463275e-01 1.57670343e+00
    1.56660962e+00 -6.98667109e-01 4.80284631e-01 -2.70043492e-01
    -6.19574845e-01 1.88462615e+00 9.39085960e-01 -9.78467464e-02
    1.39202714e+00 1.47815263e+00 1.16825795e+00 2.08071828e-01
    8.86336207e-01 1.75230181e+00 9.57928181e-01 4.71840143e-01
    9.89526153e-01 -2.97316670e-01 1.33275282e+00 -3.83082569e-01
    8.25461924e-01 7.43228853e-01 1.76003933e-01 5.90575933e-02
    1.52128315e+00 8.21440518e-01 -5.05550504e-02 1.71629310e+00
    4.18512940e-01 1.46777725e+00 -5.77689409e-02 1.64539242e+00
    -4.54412460e-01 7.17291653e-01 -1.85098052e-01 -5.18843174e-01
    5.21818221e-01 8.00869942e-01 8.51665139e-01 1.34225786e+00
    1.48061335e+00 9.02099133e-01 1.03230000e+00 -3.04218173e-01
    1.55295217e+00 -3.55251372e-01 8.19718003e-01 5.79115391e-01
    1.99339747e-01 -6.88667059e-01 9.41287816e-01 8.04270208e-01
    -5.38863659e-01 -2.08235979e-02 1.18620849e+00 6.22251511e-01
    1.07110214e+00 6.47313833e-01 3.20773363e-01 1.09555411e+00
    -7.44812548e-01 3.11828077e-01 3.92764211e-02 2.79673219e-01
    1.53374743e+00 9.10100818e-01 1.69559503e+00 -5.57720482e-01
    5.14979839e-01 -4.14810330e-01 1.30763280e+00 -6.21758521e-01
    1.25362957e+00 5.67929804e-01 -5.61447203e-01 8.16087186e-01
    1.43011141e+00 1.36894250e+00 5.97087085e-01 -3.34469080e-02
    1.01133585e-01 2.07000971e-01 -2.39811599e-01 1.73608685e+00
    -4.29880440e-01 -6.93032980e-01 1.36313939e+00 -6.30473793e-01
    6.41505301e-01 -3.05992812e-01 1.40695930e+00 1.78028059e+00
    6.63815737e-01 1.45473421e+00 1.05029631e+00 1.26419938e+00
    -1.32639289e-01 1.29560089e+00 1.52419686e+00 1.62438869e+00
    1.57306290e+00 8.01525772e-01 -4.76909816e-01 1.45897198e+00
    4.97857034e-01 1.55812216e+00 4.43839490e-01 1.27588952e+00
    4.86789465e-01 -1.80552602e-01 -3.80563647e-01 4.96306241e-01
    -5.90465426e-01 -3.61178637e-01 7.83326924e-01 9.44897175e-01
    1.06475282e+00 2.50113130e-01 -5.90381801e-01 -2.09577173e-01
    1.18746924e+00 9.80901420e-01 8.84193420e-01 6.12261057e-01
    3.98786068e-02 7.40496933e-01 1.66352391e+00 -2.21578598e-01
    1.10122919e+00 8.56076241e-01 1.62472355e+00 1.02643585e+00
    1.62503803e+00 6.81890607e-01 9.84715104e-01 1.55141783e+00
    -4.83856708e-01 -2.33202875e-01 -4.20039535e-01 4.94607449e-01
    3.45806360e-01 1.57155514e+00 1.17309570e+00 1.33481300e+00
    8.53078723e-01 -2.21187770e-01 5.90372086e-03 3.42701316e-01
    1.03313351e+00 1.09402335e+00 -3.22737217e-01 -8.12177658e-01
    -2.12363303e-01 1.19277704e+00 6.47147417e-01 8.30724359e-01
    1.50505376e+00 5.31358600e-01 -3.76922399e-01 4.77283120e-01
    -6.47275090e-01 1.58255577e-01 4.01255846e-01 9.44654226e-01
    8.66911530e-01 5.31339705e-01 4.34027314e-02 1.64900780e-01
    -1.76056683e-01 -3.31054181e-01 1.23791611e+00 -4.19062078e-01
    9.10769105e-02 1.72181678e+00 -5.57146668e-02 5.84500372e-01
    8.02514255e-01 1.56620920e-01 2.98830330e-01 1.43832862e+00
    -5.46480298e-01 -1.58168733e-01 1.17340040e+00 7.29117453e-01
    -6.51473403e-02 7.57666349e-01 3.00130367e-01 -4.71451819e-01
    9.00916696e-01 8.87521505e-02 -8.11083436e-01 3.86865020e-01
    -4.61224526e-01 -4.22797859e-01 3.95344257e-01 1.44611120e+00
    4.31584835e-01 -5.50769508e-01 1.62785053e-02 5.03475189e-01
    1.56278896e+00 2.97546923e-01 -3.70455861e-01 4.35772777e-01
    5.14867723e-01 1.55282855e-01 3.53794098e-02 1.18319261e+00
    -6.16817474e-01 -1.68585777e-01 1.07744050e+00 -3.31972301e-01
    9.53620076e-01 4.55053091e-01 2.10962296e-02 2.93033004e-01
    7.89576888e-01 -6.93420172e-02 7.64827907e-01 -3.89482528e-01
    1.56675017e+00 1.01870632e+00 5.86742163e-03 -1.21744275e-01
    3.07931066e-01 1.61089671e+00 4.30034637e-01 1.14437163e+00
    3.15462232e-01 1.40253782e+00 4.05482650e-01 7.31849074e-01
    5.96742988e-01 5.15389085e-01 1.62596631e+00 4.76218343e-01
    -4.93898779e-01 1.46960449e+00 -7.66479969e-01 1.66207266e+00
    -2.15741217e-01 1.14519238e+00 1.67492604e+00 -4.49666828e-01
    -1.65858805e-01 6.85865581e-01 6.51369810e-01 1.26674783e+00
    5.38115144e-01 7.40747988e-01 7.29531288e-01 -4.96184260e-01
    9.96637702e-01 1.51829505e+00 6.83561921e-01 4.68348920e-01
    -1.74515665e-01 -1.84443802e-01 4.15673494e-01 5.87093830e-01
    -3.61337006e-01 -3.29650879e-01 1.78317738e+00 -2.42486894e-01
    -9.09644365e-03 -5.09621382e-01 4.88965094e-01 5.32190144e-01
    9.06400740e-01 -1.67272389e-01 9.11151886e-01 -7.57284880e-01
    1.88498139e-01 1.34604156e+00 2.58958340e-01 1.61926889e+00
    -4.08514678e-01 5.08578181e-01 -6.20090902e-01 1.52882993e+00
    1.61352599e+00 5.64006567e-01 -4.18959498e-01 1.24595082e+00
    -2.24787474e-01 9.72240567e-01 1.79543066e+00 2.09672511e-01
    8.62011969e-01 1.21748400e+00 4.24845994e-01 1.12056732e-02
    9.34520960e-01 1.00320494e+00 5.93638301e-01 1.19038415e+00
    6.10865831e-01 8.06684494e-02 1.00566459e+00 1.26536024e+00
    3.86595726e-01 5.45584500e-01 9.38417792e-01 4.78293896e-02
    1.46190655e+00 2.85961747e-01 2.96892524e-01 1.13940001e+00
    -4.95536923e-01 1.15713954e+00 -4.11266267e-01 1.31838965e+00
    -3.01807284e-01 -3.43498170e-01 1.83238566e-01 3.31033468e-01
    1.82947373e+00 1.52660418e+00 -5.21321774e-01 -4.55190778e-01
    -6.20517075e-01 2.34229565e-02 1.02252066e-01 1.28930759e+00
    1.74034595e+00 -9.16995406e-02 -2.31331587e-02 7.80143738e-02
    9.88006830e-01 1.37115645e+00 1.15703773e+00 5.17244875e-01
    -6.08924806e-01 3.81560206e-01 2.81122744e-01 5.76864004e-01
    -7.06023574e-01 1.74689519e+00 -1.00683570e-01 1.13443077e-01
    5.65217316e-01 9.06976402e-01 -2.03383684e-01 1.23264921e+00
    -5.40864468e-03 -5.01737475e-01 -3.60403448e-01 7.76374280e-01
    -2.74316609e-01 -1.02129400e-01 1.40936720e+00 1.46588171e+00
    5.20289302e-01 -5.90548396e-01 7.15069294e-01 -6.41255915e-01
    -6.23122096e-01 1.19805622e+00 -2.90831059e-01 -8.38365555e-02
    7.92249441e-02 -5.95687509e-01 3.86748433e-01 1.31124079e+00
    -2.16635227e-01 7.91084647e-01 3.80720973e-01 -2.89305925e-01
    -2.08295912e-01 8.75095546e-01 1.75793231e+00 2.24781632e-01
    1.14116049e+00 1.25845909e+00 8.51729512e-02 1.15679812e+00
    -1.04750931e-01 1.42539418e+00 9.49714780e-02 6.99060977e-01
    4.88496900e-01 5.99618971e-01 -7.46479273e-01 1.09352279e+00
    -1.34567976e-01 -4.60129380e-01 7.58074820e-01 4.65513885e-01
    -4.78942811e-01 -5.98090708e-01 7.67420232e-01 4.24737751e-01
    6.15330338e-01 1.20306408e+00 5.27175844e-01 1.77315235e-01
    1.60969448e+00 -2.20276475e-01 -5.15819013e-01 8.36102664e-01
    1.15325141e+00 8.73460889e-01 8.44385624e-02 4.88890469e-01
    1.20322144e+00 -4.46408987e-02 1.59839821e+00 2.64438272e-01
    9.91797924e-01 -6.30729973e-01 8.14710617e-01 8.83121848e-01
    1.29599547e+00 -1.39139116e-01 3.25257003e-01 -3.38869542e-01
    2.99458742e-01 9.94429171e-01 1.36003697e+00 3.93366456e-01
    -2.91979492e-01 1.48380017e+00 -5.53338468e-01 3.21067989e-01
    1.34360647e+00 9.64505911e-01 1.56124425e+00 1.40436578e+00
    -1.34931743e-01 7.91166782e-01 1.44669259e+00 -1.00779414e-01
    1.05759895e+00 4.83332515e-01 -4.69653100e-01 3.30407798e-01
    1.35623789e+00 9.98324513e-01 4.76249337e-01 9.30100024e-01
    -5.70123196e-02 7.07007349e-01 1.30599546e+00 3.89287531e-01
    1.67150545e+00 4.01671410e-01 8.40968966e-01 9.47601795e-01
    -6.44464612e-01 -5.20731270e-01 2.81138718e-01 1.05064917e+00
    -1.90040469e-02 1.66059113e+00 4.47567642e-01 -2.66964495e-01
    1.33549607e+00 1.02638507e+00 3.36926758e-01 1.10589612e+00
    -1.98673606e-02 1.08645380e-01 6.81529701e-01 2.57601798e-01
    1.61686730e+00 3.65076303e-01 1.22631454e+00 -3.90749753e-01
    -3.24328601e-01 1.05768323e-01 3.62422705e-01 3.89968455e-01
    -1.70840919e-01 1.07041550e+00 5.19588649e-01 -3.81346583e-01
    5.14964819e-01 1.41146898e+00 7.72885501e-01 -4.04193163e-01
    1.17371655e+00 -4.13766235e-01 8.62248063e-01 4.64910924e-01
    -5.44889212e-01 -4.71063852e-02 -4.86240655e-01 1.60536563e+00
    4.29062784e-01 9.53539908e-01 -8.44703317e-02 5.10535598e-01
    7.77715981e-01 -5.54838479e-01 1.56053138e+00 1.42322409e+00
    1.26553476e-01 -2.60047555e-01 1.47013974e+00 1.01692855e-01
    -1.16033137e-01 -3.09344023e-01 1.50204265e+00 5.88537455e-01
    4.53740954e-01 9.06938314e-02 6.26194119e-01 4.39595640e-01
    7.40763664e-01 -3.63331437e-02 5.80731511e-01 1.04826391e-01
    -6.62858844e-01 1.67895138e-01 1.43335295e+00 -3.25726360e-01
    1.82103336e-01 -5.61479568e-01 1.64904857e+00 -7.67700315e-01
    1.12535501e+00 7.27074444e-01 2.87695527e-01 1.39665604e-03
    6.10974967e-01 -2.44611412e-01 -3.00550997e-01 9.22097683e-01
    8.17424297e-01 1.48941910e+00 3.91023159e-02 -5.78869820e-01
    1.33062065e+00 1.12284517e+00 -5.67275763e-01 -1.90204859e-01
    1.51523530e+00 8.04166794e-02 -4.53241944e-01 1.64081895e+00
    -2.22835362e-01 -1.09705329e-02 -5.92904091e-01 4.77690101e-02
    -4.72378731e-01 -4.77417231e-01 1.89989614e+00 1.12377048e-01
    -2.30945051e-01 -8.08968544e-02 1.28840947e+00 9.62681770e-01
    -5.26508212e-01 -1.31898880e-01 9.37525630e-02 1.46802056e+00
    -2.78921068e-01 9.30143178e-01 3.73561978e-01 1.15346575e+00
    1.16896307e+00 1.51446319e+00 -1.78746939e-01 8.87622178e-01
    -3.54465276e-01 1.59173417e+00 -6.10574365e-01 1.63573289e+00
    -5.01674712e-01 5.72817266e-01 3.16875041e-01 -7.47845113e-01
    2.62623429e-02 -5.17992139e-01 1.18499160e-01 9.47418094e-01
    2.31660783e-01 -1.79860055e-01 1.61948764e+00 5.46160460e-01
    1.14330053e-01 1.71034718e+00 1.50256193e+00 1.31973457e+00
    8.12504649e-01 -6.65799260e-01 2.49934733e-01 1.16556215e+00
    1.54985869e+00 8.74613881e-01 1.21115661e+00 1.23704910e+00
    7.83053875e-01 1.57059312e+00 4.89416897e-01 1.53170824e-01
    1.38507724e+00 -4.82193321e-01 -4.05083895e-02 -7.55534768e-02
    1.18340600e+00 1.43457961e+00 3.13045144e-01 -6.40070021e-01
    1.18243313e+00 1.61788046e-01 9.52633858e-01 -3.24695587e-01
    5.91318846e-01 2.83339918e-01 3.78878117e-02 8.27020586e-01
    1.02582574e+00 4.82475996e-01 -3.36970150e-01 -4.90972281e-01
    -6.17918968e-02 -4.61530447e-01 -4.47367162e-01 2.84766793e-01
    1.60928142e+00 6.17712379e-01 6.81118846e-01 1.60028684e+00
    -6.39825225e-01 9.10120010e-02 -1.79616511e-01 1.70287728e-01
    8.25794935e-01 1.48913443e-01 1.50635886e+00 7.22340286e-01
    -4.42514479e-01 -6.90995157e-01 8.77607584e-01 -5.92700601e-01
    -2.25038350e-01 1.64863539e+00 1.56977046e+00 1.44351888e+00
    2.15945542e-01 7.14470267e-01 -7.87270188e-01 1.38922811e+00
    7.28724718e-01 3.61404836e-01 3.52807224e-01 1.70689797e+00
    -8.20153832e-01 -5.43753147e-01 1.30932117e+00 4.59322572e-01
    2.40919888e-01 1.39330018e+00 -5.11714518e-01 1.13754880e+00
    -8.76439929e-01 1.66813135e-02 1.75274849e-01 -2.82327592e-01
    -1.24625087e-01 -6.02050781e-01 1.52872097e+00 8.26182544e-01
    1.28410125e+00 -2.64039576e-01 6.49638355e-01 -2.59826362e-01
    1.23796189e+00 1.47329760e+00 4.96651530e-02 -5.17639339e-01
    1.19817233e+00 -3.74532759e-01 2.60548711e-01 9.13837790e-01
    1.64440823e+00 5.30597568e-02 -1.01061940e-01 2.24362195e-01
    1.69614005e+00 -8.47926974e-01 1.18738568e+00 -6.70835853e-01
    4.98954892e-01 1.40630960e-01 6.81622863e-01 -3.11863244e-01
    4.02222812e-01 -8.02993774e-04 1.06167853e+00 1.62975240e+00
    6.36504531e-01 8.21472406e-02 1.01376319e+00 1.04440093e-01
    4.22307491e-01 9.61042881e-01 -3.42431307e-01 8.63265753e-01
    -2.26207376e-02 1.22608566e+00 1.03985584e+00 1.19546866e+00
    1.04206026e+00 -4.46817756e-01 6.37654066e-02 2.20750332e-01
    1.09966052e+00 1.37613153e+00 1.08316875e+00 -7.66724408e-01
    1.01734829e+00 1.34628296e+00 -8.54195654e-01 5.84916651e-01
    -4.93963480e-01 1.77848577e+00 2.39149332e-01 9.15065765e-01
    3.11781228e-01 1.45985615e+00 6.62770927e-01 -4.25219685e-01
    -4.88369167e-01 3.81955564e-01 1.21192288e+00 1.70681894e-01
    3.50296676e-01 1.18380725e+00 -4.71328378e-01 2.04769206e+00
    -3.61147583e-01 2.00027227e-01 1.62621951e+00 1.55053735e+00
    -3.21490228e-01 4.86813426e-01 5.21651566e-01 8.66603553e-01
    6.35894239e-01 3.37670445e-02 -9.60192978e-02 6.01134002e-01
    -4.77698207e-01 -5.80412388e-01 1.82641888e+00 9.07408774e-01
    -6.02476478e-01 6.18090451e-01 -5.89216113e-01 8.83259296e-01
    5.33557415e-01 1.18572605e+00 -3.43300700e-01 1.10887003e+00
    1.13072968e+00 1.00252509e-01 -3.41796994e-01 2.07699656e-01
    1.36592305e+00 5.54050207e-01 1.48848522e+00 1.33105052e+00
    9.99060512e-01 -1.80809259e-01 1.62923801e+00 1.07315207e+00
    7.62790799e-01 6.76661372e-01 1.69265413e+00 7.28574097e-01
    1.72292829e+00 6.07937574e-01 1.37529385e+00 9.05469358e-01
    -2.42655814e-01 8.57479930e-01 4.92866039e-01 1.79328799e+00
    -2.01512426e-01 -2.30396837e-01 1.25706625e+00 -8.07958841e-03
    3.78578126e-01 3.39949250e-01 1.63498354e+00 1.50665843e+00
    1.41824543e-01 -2.50012249e-01 -2.32047170e-01 1.31222367e+00
    -8.73600543e-01 1.76055622e+00 4.58310127e-01 2.28568316e-02
    1.53708434e+00 3.09363306e-01 -5.58115721e-01 -3.13320607e-01
    7.91711628e-01 -1.90210909e-01 -2.46255666e-01 1.43239141e-01
    1.40567887e+00 5.31338215e-01 1.32128000e+00 7.50110745e-01
    -1.18253887e-01 1.30520213e+00 1.61569178e-01 1.09083939e+00
    1.13467205e+00 3.16988766e-01 -6.21688187e-01 1.32439613e-01
    -4.06205893e-01 3.76155078e-01 -6.90705061e-01 1.84105861e+00
    4.76721048e-01 1.52058792e+00 6.55601025e-02 -3.59042734e-01
    4.27034438e-01 5.04619479e-01 1.75480306e+00 1.14974904e+00
    7.08544552e-01 1.11948895e+00 -7.56772935e-01 1.80885339e+00
    -1.37686729e-02 1.07342184e+00 5.55460215e-01 -3.36058676e-01
    -2.35547483e-01 -4.93718266e-01 1.11775386e+00 9.19150710e-02
    -5.87632656e-01 -5.97072244e-02 6.61191940e-01 -2.14966893e-01
    1.01473987e+00 2.44874716e-01 5.42381048e-01 -1.10775590e-01
    1.02822840e+00 -3.97581756e-01 -3.02746624e-01 1.86839604e+00
    2.46241748e-01 4.88734245e-01 4.23727572e-01 1.03171086e+00
    2.82264292e-01 -3.09032738e-01 7.76730537e-01 -4.19692457e-01
    1.19985056e+00 -4.86313552e-01 1.43983531e+00 9.07895803e-01
    9.81760859e-01 8.04340959e-01 -1.85824811e-01 6.09727740e-01
    1.12565029e+00 1.19463921e+00 3.31095397e-01 1.50611508e+00
    1.29273796e+00 4.77028131e-01 1.45308971e+00 9.53938663e-01
    1.16862118e+00 7.61050224e-01 1.52685285e+00 9.92439747e-01
    5.61060786e-01 1.15343332e+00 6.57732666e-01 1.37641835e+00
    7.94711411e-01 4.01416361e-01 -6.05815232e-01 -2.19483852e-01
    1.65360880e+00 2.75557399e-01 1.28749061e+00 -2.39467919e-01
    -1.96396351e-01 9.84893799e-01 -7.84869552e-01 1.11377811e+00
    1.69861746e+00 9.63576436e-02 -9.14845467e-02 6.38082981e-01
    9.13816988e-01 6.18307412e-01 1.74576044e-03 9.64446247e-01
    7.31980026e-01 1.48828447e+00 4.52463746e-01 1.03084898e+00
    1.37584460e+00 -1.85670733e-01 -5.35943508e-01 1.51798153e+00
    6.77330613e-01 1.37988937e+00 9.82056141e-01 7.88331807e-01
    9.66301501e-01 1.22970700e+00 1.93879902e-01 -7.95065105e-01
    1.03889263e+00 2.32956290e-01 -3.01691055e-01 1.41891003e+00
    1.67501926e-01 1.24517918e-01 -2.58669376e-01 1.60182834e+00
    5.39575875e-01 -3.40184152e-01 2.90484309e-01 1.57481623e+00
    -2.71004140e-01 9.32556272e-01 2.06251383e-01 8.17006826e-03
    -2.06006169e-01 4.28777337e-01 9.65153217e-01 8.55755150e-01
    1.88800693e-02 -3.44675779e-02 1.90302205e+00 -6.00497544e-01
    1.25353765e+00 2.82887697e-01 7.94350386e-01 -5.66642523e-01
    -6.59810901e-01 1.48583376e+00 8.05695057e-01 7.36400962e-01
    1.30846059e+00 2.40449786e-01 4.47902858e-01 -2.33232617e-01
    -4.98571754e-01 1.24444604e+00 5.26755691e-01 1.39745963e+00
    1.57255113e+00 1.03104568e+00 1.53775501e+00 -3.82662624e-01
    1.70748115e+00 -4.32052106e-01 -1.97696507e-01 1.37488985e+00
    -7.22494662e-01 1.09006739e+00 1.77052820e+00 -4.19794023e-01
    -1.43417746e-01 5.84452927e-01 -6.49520695e-01 -1.76326275e-01
    8.49180639e-01 -7.26878881e-01 1.39292562e+00 4.81481194e-01
    6.20544195e-01 7.92711675e-01 1.56276798e+00 2.15380192e-02
    1.07576263e+00 5.28370261e-01 -4.60254133e-01 2.01375484e-01
    -2.79813588e-01 4.46049690e-01 -7.72407472e-01 1.43823230e+00
    -1.65377259e-02 1.54819381e+00 1.42870247e-01 7.25072026e-02
    9.12623584e-01 2.56547451e-01 -4.41223055e-01 4.07006204e-01
    1.24943256e-01 9.56483662e-01 -5.91340184e-01 -2.46279359e-01
    9.09669936e-01 1.51893115e+00 1.44713771e+00 1.20451438e+00
    6.81895971e-01 1.20446527e+00 7.40906119e-01 1.47178292e+00
    1.22068262e+00 7.34136820e-01 8.62984300e-01 7.63235033e-01
    1.48603511e+00 -6.95720136e-01 -3.12329113e-01 1.26106811e+00
    -8.33200216e-01 1.70222497e+00 1.61399603e-01 -7.74882257e-01
    1.74526095e-01 5.02195597e-01 -1.39488220e-01 -6.16894782e-01
    1.16969824e-01 1.62679362e+00 -4.89729166e-01 9.17225718e-01
    1.35218108e+00 6.02611184e-01 -3.62247467e-01 1.07316756e+00
    -4.63801920e-01 -4.41431284e-01 9.71871614e-02 6.48660719e-01
    -8.22302699e-02 1.56642783e+00 -4.10440981e-01 -4.01678085e-02
    1.05608165e+00 5.04933298e-01 9.66320634e-02 5.06103098e-01
    1.25229824e+00 1.01759720e+00 1.12205982e-01 4.19435740e-01
    8.82762194e-01 2.11375952e-02 1.49089754e+00 1.65127778e+00
    7.70370007e-01 -2.24928021e-01 1.97912169e+00 -3.63158822e-01
    9.47394490e-01 -2.39038587e-01 7.75548875e-01 -4.11238104e-01
    1.61727929e+00 1.73567653e-01 9.63061869e-01 -3.40345502e-01
    1.54891372e+00 -6.13353968e-01 9.26674485e-01 -3.49391699e-02
    -5.62390924e-01 1.93960500e+00 2.39938438e-01 -7.01299906e-01
    -7.30284989e-01 2.19348073e-01 6.84410274e-01 7.53322840e-02
    1.96764886e+00 9.79618073e-01 -5.29929101e-01 1.19658744e+00
    -1.26482248e-01 8.26298594e-01 1.13673329e+00 -2.58401632e-02
    1.55752826e+00 7.46813238e-01 -5.65548778e-01 1.23211503e+00
    7.36306548e-01 7.45545566e-01 -6.49830818e-01 3.73202622e-01
    1.51994574e+00 -6.11930788e-01 4.76870596e-01 -4.89490688e-01
    -1.47048295e-01 3.48412037e-01 6.58533335e-01 -7.67191529e-01
    6.93121731e-01 -6.27546310e-01 6.19675517e-02 -4.64535832e-01
    -4.92210031e-01 1.15017867e+00 1.26113236e-01 1.05721867e+00
    1.31861782e+00 7.38945127e-01 9.19746220e-01 3.71375084e-02
    5.35531044e-01 1.40959263e-01 7.30442345e-01 1.14817655e+00
    -1.38790786e-01 1.10892427e+00 1.43449390e+00 1.37154770e+00
    -1.86953545e-01 9.93069053e-01 4.77739275e-01 -2.86617756e-01
    3.33455324e-01 4.22059238e-01 -3.10044050e-01 7.42016435e-02
    -1.60450518e-01 1.03780448e+00 6.49442673e-02 2.03933477e-01
    3.66803288e-01 1.11352706e+00 -4.08178568e-01 9.63125110e-01
    6.10759258e-02 8.11794162e-01 1.27766728e-01 3.80698085e-01
    1.47992015e+00 -1.21194720e-01 1.06464481e+00 9.42405760e-01
    2.00489879e-01 1.28274751e+00 5.71555197e-01 -3.17025959e-01
    4.98463809e-01 -3.97310734e-01 1.74518824e+00 1.16651213e+00
    -3.58633757e-01 8.08486998e-01 -5.76415300e-01 7.63572156e-01
    9.99172926e-02 1.44664729e+00 9.48923647e-01 6.96232021e-01
    1.89434743e+00 1.04823709e+00 -1.84746444e-01 -7.42272019e-01
    1.56517220e+00 1.12022185e+00 5.46770215e-01 1.65540075e+00
    -3.83740604e-01 1.01103973e+00 4.13384438e-01 1.97148383e-01
    8.56041491e-01 5.43264866e-01 2.89243460e-03 8.18059921e-01
    1.50877726e+00 1.00212574e+00 1.10853481e+00 1.18801630e+00
    1.53244841e+00 4.37336802e-01 1.48074579e+00 3.11028957e-01
    1.36891329e+00 1.25086451e+00 6.60029352e-01 1.25607085e+00
    1.25917017e+00 1.36693227e+00 6.63395524e-01 1.24965489e+00
    1.19200826e+00 5.85162044e-01 3.13652754e-02 -6.60623431e-01
    1.80659306e+00 -1.99479759e-01 1.41864586e+00 9.38923359e-01
    7.69431949e-01 3.12337399e-01 3.66249084e-02 1.04431975e+00
    -5.04933119e-01 1.59852386e+00 5.35372496e-01 2.03002810e-01
    7.42257655e-01 4.04932320e-01 1.47970641e+00 -6.45885468e-02
    -1.66845381e-01 1.38494992e+00 -7.75440753e-01 -7.62686014e-01
    3.93496990e-01 4.16588247e-01 1.70058429e-01 8.74180675e-01
    1.23300278e+00 -5.60165644e-02 1.59333229e+00 9.41312313e-02
    -9.14457440e-02 -5.82276702e-01 1.27423024e+00 9.41378832e-01
    -3.41177642e-01 1.35323143e+00 5.09095430e-01 1.26512456e+00
    6.10893846e-01 -5.93560040e-01 1.65806711e-01 1.41542447e+00
    1.54790330e+00 6.09149516e-01 -2.08378255e-01 -6.36769772e-01
    1.39150310e+00 1.66646659e-01 1.38224304e-01 1.58269525e+00
    -6.23861253e-01 8.73278975e-01 7.20489025e-03 -1.20181441e-01
    4.55709100e-01 7.41927505e-01 -4.89979386e-01 2.59995937e-01
    9.33923185e-01 1.56308377e+00 1.59120631e+00 3.11753750e-02
    1.73864114e+00 3.87075782e-01 9.90562916e-01 1.05974674e-01
    1.31347907e+00 3.28543186e-01 -7.53880620e-01 -2.49073744e-01
    -2.69795179e-01 6.91347122e-02 1.74592614e+00 1.02682376e+00
    -5.20062327e-01 6.26558065e-01 1.78183889e+00 -7.09946871e-01
    5.13003528e-01 -3.59163105e-01 9.40798283e-01 6.89910054e-01
    6.71194077e-01 3.89208794e-02 -1.23581052e-01 1.74798465e+00
    -4.08958793e-01 2.78386950e-01 8.32228065e-01 3.48302841e-01
    -3.32093596e-01 9.84129846e-01 7.62592137e-01 6.28495872e-01
    6.55912757e-01 7.92931199e-01 7.60125160e-01 -1.28629208e-01
    1.53378367e+00 6.21652603e-03 1.49283397e+00 6.59857154e-01
    1.01963615e+00 3.23705554e-01 8.17372203e-01 1.13327432e+00
    -3.89433503e-01 5.45425713e-01 3.69871438e-01 1.12105119e+00
    1.65237963e+00 9.18972373e-01 1.06625164e+00 -4.30381984e-01
    1.76559353e+00 3.09837997e-01 2.21233785e-01 -6.87713623e-02
    -2.73310870e-01 5.91942072e-02 -4.06245172e-01 1.85987163e+00
    -7.56074071e-01 1.28472173e+00 -7.24770486e-01 1.63083172e+00
    -2.84343958e-01 4.29754138e-01 -3.20008159e-01 1.77710080e+00
    1.03346324e+00 -2.16036379e-01 5.60407639e-01 1.93661952e+00
    8.48435104e-01 8.20807159e-01 -6.34753048e-01 3.68928313e-02
    -6.34571970e-01 -6.39612257e-01 2.46112764e-01 -4.30675834e-01
    1.54172039e+00 2.91077495e-01 6.40497506e-01 1.03820848e+00
    3.43144596e-01 4.36907709e-01 2.52879262e-02 1.78546214e+00
    4.51841056e-01 7.30792880e-02 1.01467848e-01 1.71188891e+00
    1.21413445e+00 2.16557086e-01 8.66977930e-01 9.27164674e-01
    1.76007450e-01 6.54339433e-01 1.38704956e+00 5.97908795e-01
    1.61575460e+00 1.24259305e+00 1.43140006e+00 1.18824220e+00
    -8.29398632e-02 -1.00650370e-01 -2.34615505e-01 -1.04536057e-01
    1.46087062e+00 6.20989203e-01 1.47544265e+00 -4.06807870e-01
    -4.93208468e-01 -1.10043526e-01 1.13358867e+00 -2.11680055e-01
    -1.34822249e-01 1.18652833e+00 1.07290292e+00 9.69000578e-01
    -1.64695382e-02 -4.08615500e-01 8.08985233e-02 1.87211299e+00
    -3.73466969e-01 2.11990774e-01 9.70248580e-02 -4.53954786e-01
    1.15232587e+00 6.04441941e-01 2.47404993e-01 -1.88087344e-01
    1.56100941e+00 -5.44539809e-01 7.58516788e-02 -5.70143461e-01
    7.93002546e-01 6.19416654e-01 1.73401952e+00 -8.28620195e-02
    -2.13571608e-01 8.55502605e-01 1.54919636e+00 2.43843317e-01
    1.23524308e+00 -1.44289672e-01 1.68784952e+00 -5.43946624e-01
    1.12900007e+00 1.68479705e+00 1.46689177e-01 -7.92180896e-02
    5.39553821e-01 6.63140893e-01 8.31733525e-01 1.23513174e+00
    1.66231394e+00 -7.32039213e-01 -3.07129622e-02 7.02655613e-01
    1.34042680e-01 1.43091059e+00 6.42904639e-01 8.44026566e-01
    1.15434945e+00 1.23094618e+00 -9.07132626e-02 5.67313552e-01
    -2.89577305e-01 1.37672734e+00 5.07415891e-01 1.11505032e+00
    -5.16276956e-01 -4.84709740e-02 1.39717448e+00 1.18187487e+00
    6.50551319e-02 -4.75692451e-01 -2.80118525e-01 1.32722104e+00
    8.08164477e-01 2.68334746e-01 4.39130664e-01 -3.44949484e-01
    1.42643094e+00 7.46684849e-01 -4.17074233e-01 -3.76957953e-01
    9.44258332e-01 1.00498235e+00 -6.35261536e-02 -5.85287035e-01
    7.43874192e-01 1.17922759e+00 1.33496630e+00 -3.22349846e-01
    1.35186481e+00 -7.40774393e-01 1.88621664e+00 -1.29200935e-01
    9.90386367e-01 1.43324900e+00 -1.73727334e-01 1.50593936e+00
    6.48781180e-01 9.08072114e-01 -7.93477178e-01 1.24160850e+00
    -3.40806574e-01 -7.53188252e-01 -3.42526436e-02 -3.88541818e-02
    9.90344286e-02 -2.45659292e-01 1.25961435e+00 1.65333629e+00
    5.76460183e-01 1.70146286e-01 -2.81945258e-01 2.01692939e-01
    2.90772796e-01 9.66730595e-01 3.64870012e-01 1.77591562e-01
    1.72878087e+00 8.79519224e-01 1.30788791e+00 1.64097178e+00
    2.61600733e-01 -4.02356267e-01 7.89038241e-01 8.79760861e-01
    5.17632723e-01 5.14693260e-01 1.67764401e+00 -5.86577594e-01
    -5.81392646e-02 1.11642957e+00 1.07210088e+00 3.28832805e-01
    1.08967340e+00 7.92740822e-01 -2.20031917e-01 -4.55193907e-01
    2.39124000e-01 -5.83649397e-01 -3.50402504e-01 1.42286563e+00
    6.93790615e-01 1.37811542e+00 -7.66857147e-01 1.75229979e+00
    8.33804131e-01 9.46363807e-01 2.37874389e-01 -4.53367680e-01
    9.94800925e-02 1.36653841e-01 -4.91560102e-02 -3.92133415e-01
    1.61310458e+00 7.82382011e-01 1.48818612e+00 1.10158825e+00
    -6.98695302e-01 9.28720176e-01 -6.54646158e-02 -6.83081031e-01
    -3.90775502e-01 8.23478043e-01 9.05927062e-01 3.19068968e-01
    9.55281794e-01 1.09512258e+00 1.10003459e+00 1.23609984e+00
    8.67479205e-01 1.15257812e+00 9.55121279e-01 5.97488821e-01
    -4.37095702e-01 3.73998284e-03 5.11513174e-01 4.46220458e-01
    1.29812419e+00 8.78092706e-01 -2.58258700e-01 1.51433611e+00
    8.44246149e-02 1.59770823e+00 6.53227210e-01 1.14407325e+00
    6.93082809e-02 3.69338036e-01 1.24440145e+00 7.89085627e-01
    2.52580047e-02 -3.62275064e-01 8.85707915e-01 1.30627298e+00
    6.98061645e-01 -9.11161304e-02 1.62077785e-01 2.25393236e-01
    -2.39980817e-02 2.14364231e-01 -1.87790930e-01 -2.62586594e-01
    5.55102050e-01 4.23530936e-01 -6.28370047e-02 1.19961143e-01
    1.18719459e+00 2.93919861e-01 -3.36005598e-01 6.14996195e-01
    -9.29631591e-02 3.38266015e-01 1.25018573e+00 1.19018376e+00
    -2.93554723e-01 1.30715513e+00 1.74174261e+00 -5.82262933e-01
    1.77905297e+00 -9.35918093e-03 -5.53570271e-01 -6.78834319e-01
    1.41119123e+00 -3.96905482e-01 7.34263182e-01 1.53998554e+00
    -2.20457733e-01 8.93222928e-01 1.42704749e+00 8.90566111e-01
    -6.59609795e-01 4.49473202e-01 -1.75196767e-01 -4.97124285e-01
    -2.83893347e-02 7.42027342e-01 4.16858315e-01 -1.55240297e-03
    1.07317972e+00 -1.71297491e-01 -2.13207573e-01 8.56331110e-01
    2.25024939e-01 1.04319203e+00 6.74475431e-02 9.27971005e-01
    7.49244213e-01 1.39520645e+00 -6.18688405e-01 7.38724470e-02
    1.59154510e+00 -2.99698353e-01 2.11588442e-01 4.86725450e-01
    1.59003913e+00 1.51510453e+00 1.24574339e+00 1.04438448e+00
    8.81708145e-01 -6.45941496e-01 1.46109128e+00 -4.24455673e-01
    8.82054925e-01 6.04133606e-01 6.24749422e-01 5.87765813e-01
    1.47247481e+00 8.89395714e-01 5.33221245e-01 5.54369211e-01
    1.18536448e+00 1.88925266e-01 -4.56881881e-01 -3.82036418e-01
    5.96155465e-01 5.44383585e-01 -6.56057954e-01 1.92239988e+00
    -3.21172714e-01 -2.68362701e-01 8.18799973e-01 1.40993977e+00
    -6.61679924e-01 -2.44878471e-01 7.65122831e-01 1.51316142e+00
    6.52804136e-01 1.03886819e+00 -2.44818807e-01 9.57666397e-01
    -4.16453511e-01 1.09968841e+00 6.79304004e-01 8.95426869e-01
    -1.29460454e-01 1.55731511e+00 4.20511246e-01 6.33520365e-01
    1.80953383e-01 -4.11030501e-01 8.10160458e-01 8.92067492e-01
    6.36560738e-01 1.52370310e+00 1.38606381e+00 -6.26451492e-01
    5.97454667e-01 1.59699202e-01 1.66567898e+00 1.10243106e+00
    -4.94142175e-01 1.60307336e+00 1.33459032e+00 4.11608934e-01
    -4.73819971e-01 9.34343159e-01 5.29795349e-01 1.73369646e+00
    9.72100496e-02 4.93902206e-01 2.69598365e-01 4.32082176e-01
    -5.60888767e-01 2.44591713e-01 6.61275327e-01 -9.65847373e-02
    4.05917525e-01 3.80295515e-01 -3.51967275e-01 -5.64480603e-01
    1.19057310e+00 8.26094985e-01 6.22538269e-01 7.64173150e-01
    1.57001162e+00 -5.59653699e-01 3.23964655e-01 5.24822831e-01
    1.55893087e+00 -1.34772658e-01 4.84259486e-01 -3.92698795e-01
    1.80398285e-01 1.55414915e+00 -4.87341285e-01 1.30888033e+00
    2.87427783e-01 -2.74553478e-01 -5.73678613e-01 1.34254754e-01
    4.74900365e-01 1.90764070e-01 6.29747152e-01 1.43888056e+00
    -5.48634291e-01 1.64625049e+00 -2.16718197e-01 1.21237087e+00
    -1.44019067e-01 1.60843158e+00 1.67756128e+00 -7.97966003e-01
    2.37236559e-01 1.11504221e+00 -5.20586789e-01 1.31318367e+00
    1.26589334e+00 5.16213715e-01 -6.63036704e-01 1.72127199e+00
    -3.05671304e-01 -5.51757455e-01 -4.64678705e-01 3.18763852e-02
    1.53464818e+00 -1.00155067e+00 1.30869663e+00 1.40324521e+00
    -5.73193192e-01 -6.45004272e-01 1.30797219e+00 1.25463176e+00
    -8.91217589e-02 -4.96260822e-01 3.78747940e-01 9.48962033e-01
    -6.43945813e-01 1.08821583e+00 2.86519706e-01 1.61708355e+00
    8.62037361e-01 -6.62073195e-01 1.54777467e+00 1.78365993e+00
    1.60389006e+00 5.97112060e-01 -5.88002920e-01 1.56551516e+00
    -4.24388587e-01 7.62836456e-01 1.34969008e+00 -2.27167904e-01
    -2.78586328e-01 1.23649013e+00 -5.38655579e-01 6.70475841e-01
    1.35922432e+00 1.09773183e+00 1.91393793e-01 1.16776896e+00
    -3.55404258e-01 9.35091734e-01 1.94593668e-02 -7.79534161e-01
    1.44431543e+00 1.15754104e+00 4.03671324e-01 1.96088827e+00
    -4.64932472e-01 -4.63787258e-01 -1.95091248e-01 9.14816082e-01
    5.61643243e-01 1.54863000e-01 1.63505316e-01 8.05192590e-01
    1.21412838e+00 1.21627462e+00 -1.26095176e-01 3.66630793e-01
    2.40906596e-01 -4.30753887e-01 5.49510121e-02 -3.51523429e-01
    5.28000772e-01 -3.78611416e-01 5.47848642e-01 1.07982874e+00
    -8.39871883e-01 1.48505831e+00 -7.38407791e-01 1.21326017e+00
    5.70741415e-01 1.10931695e-01 2.60071397e-01 1.35259366e+00
    -3.90415817e-01 -2.93474138e-01 -6.06965661e-01 9.26661015e-01
    1.34207535e+00 -2.12888539e-01 1.13020635e+00 1.37117171e+00
    -6.75069332e-01 1.05909121e+00 1.59859467e+00 1.24172211e+00
    -6.35230005e-01 1.32693994e+00 2.08593845e-01 2.64357507e-01
    1.75366688e+00 -2.09195644e-01 -6.32889569e-01 9.75920975e-01
    1.74875569e+00 7.51384735e-01 -6.77847981e-01 -3.64534289e-01
    2.38532126e-01 -8.37665737e-01 9.37092185e-01 -8.03995728e-01
    1.40244162e+00 -1.56261504e-01 -1.81639910e-01 1.60428572e+00
    1.27401853e+00 3.19896102e-01 -7.18940377e-01 1.36266947e+00
    1.17370558e+00 1.25960767e+00 1.35535944e+00 -1.64933085e-01
    1.16564512e+00 1.73885846e+00 1.07491243e+00 -2.75934339e-02
    1.16754234e-01 1.38752317e+00 7.67207265e-01 1.65169120e+00
    -4.79706913e-01 -6.41039610e-02 2.97338605e-01 5.33433616e-01
    -5.83735228e-01 6.22892499e-01 1.64853096e+00 6.95553541e-01
    1.24369395e+00 1.33825910e+00 1.34820080e+00 -5.62691152e-01
    -6.09263957e-01 -3.93447369e-01 1.74899936e+00 4.61379170e-01
    2.24808455e-01 1.01339376e+00 1.33011246e+00 -7.87629604e-01
    1.13082457e+00 -1.53113604e-02 1.56655347e+00 -5.27256489e-01
    2.00263739e-01 2.18144417e-01 5.75713038e-01 1.68592000e+00
    4.36182082e-01 -3.24369133e-01 8.62782001e-01 1.00549912e+00
    1.57725453e+00 -4.06514883e-01 1.72786951e+00 -2.83782482e-01
    -4.47059870e-01 5.05593061e-01 1.46448827e+00 5.91247201e-01
    1.16187406e+00 3.30601633e-01 8.89169335e-01 1.14833951e+00
    2.80769348e-01 3.34651530e-01 7.53798068e-01 -4.76749778e-01
    -1.54803991e-01 -6.28955007e-01 3.13052595e-01 2.97105312e-01
    -5.45625567e-01 8.45209122e-01 5.09762168e-01 -2.51748681e-01
    -6.08511925e-01 5.64675450e-01 1.32485127e+00 5.99697471e-01
    6.45250082e-02 -2.87990630e-01 9.79622185e-01 -6.56823277e-01
    -1.51473165e-01 1.26253057e+00 -4.27268177e-01 -6.22430086e-01
    5.10123730e-01 -1.01446867e-01 4.68737245e-01 6.71838999e-01
    7.31921613e-01 -2.10609436e-01 1.17881000e+00 -9.01994467e-01
    1.32917047e+00 -3.00961673e-01 1.69132054e-01 1.28504562e+00
    -7.09008038e-01 1.31846011e+00 8.21962237e-01 -6.99744880e-01
    1.37895441e+00 1.53506684e+00 5.85595965e-01 -3.41536850e-01
    3.49699676e-01 6.66233897e-01 -6.07067764e-01 5.79397678e-02
    1.74938846e+00 7.05827475e-02 -5.09056270e-01 1.29208124e+00
    1.34029031e+00 -5.71814775e-01 8.10260892e-01 1.25590563e-02
    1.65362120e+00 -1.33000970e-01 1.60754681e-01 1.09559143e+00
    -3.21495712e-01 1.38412833e+00 6.66480660e-01 5.94752550e-01
    1.52371752e+00 6.53273404e-01 -3.41079235e-01 8.72975290e-01
    1.01633573e+00 5.53484142e-01 1.38420868e+00 1.39894080e+00
    1.58605433e+00 1.64892864e+00 -1.57145619e-01 5.53283453e-01
    1.39285862e+00 1.18441427e+00 8.00994754e-01 1.00263727e+00
    1.04789305e+00 4.55812037e-01 1.40837812e+00 -5.01749098e-01
    1.15717983e+00 -3.66556168e-01 1.14080977e+00 1.28210711e+00
    5.60381949e-01 1.86050940e+00 -5.85709214e-01 -4.95258927e-01
    1.52149534e+00 1.04575980e+00 1.62770367e+00 -6.72202468e-01
    5.01936078e-02 4.99994695e-01 3.98887873e-01 8.74359012e-02
    1.30207658e+00 -5.95753968e-01 -3.65283012e-01 -4.57192361e-01
    -6.26665950e-01 1.46752083e+00 -8.25431824e-01 -5.50003052e-01
    6.73717141e-01 -5.06596267e-01 1.01093376e+00 -6.31370544e-02
    -6.99122190e-01 7.11090386e-01 1.74119055e-01 1.46812773e+00
    9.74151731e-01 3.75317872e-01 6.54602826e-01 -1.26281381e-02
    1.69992328e+00 1.07516420e+00 1.59599781e+00 3.12098384e-01
    2.03673840e-01 -4.81603414e-01 -4.94786382e-01 1.73491359e+00
    2.29506433e-01 1.53189135e+00 1.41237199e-01 6.99947476e-01
    1.09978592e+00 8.22261930e-01 2.55448997e-01 1.01572394e-01
    8.57482195e-01 1.48031592e+00 -5.31238258e-01 6.42451584e-01
    3.60721707e-01 1.64658487e-01 1.22282100e+00 5.80359995e-01
    -8.34217668e-02 -2.33097315e-01 5.74682772e-01 2.39214420e-01
    -3.92327338e-01 1.14544487e+00 -2.59342998e-01 1.96148515e-01
    1.77779019e+00 -4.88208801e-01 1.29238939e+00 8.31026435e-02
    5.95489562e-01 -4.02404547e-01 8.74047101e-01 3.27174067e-02
    -3.35815907e-01 1.41950572e+00 4.88388538e-01 1.00884652e+00
    3.45635533e-01 1.14823198e+00 1.21160889e+00 1.48733103e+00
    -2.57892489e-01 1.41382504e+00 1.11261189e-01 -6.22115612e-01
    9.82504129e-01 3.72219145e-01 -7.14249492e-01 7.16974378e-01
    1.67955101e-01 1.07205331e+00 -1.57945514e-01 3.52013111e-03
    1.01745129e-04 1.83885920e+00 3.12621653e-01 -8.76937509e-02
    1.25719464e+00 5.92288733e-01 1.52555990e+00 -1.61341488e-01
    1.72870493e+00 1.39169526e+00 1.40624785e+00 1.66535199e-01
    4.06317115e-01 6.55891120e-01 7.15965271e-01 6.55732393e-01
    1.54488206e+00 7.73978233e-01 1.03710163e+00 1.31286585e+00
    1.35795450e+00 9.03265238e-01 -8.61153603e-01 1.59705877e+00
    3.35150123e-01 -4.50270891e-01 1.29748535e+00 -6.43526316e-02
    8.11577618e-01 1.01903212e+00 6.51434660e-01 -5.37984371e-01
    1.64051032e+00 8.28428030e-01 1.64523149e+00 -6.10550404e-01
    -3.02903175e-01 1.24415302e+00 -1.67682290e-01 -4.29523349e-01
    1.19472337e+00 -1.49958253e-01 4.84045982e-01 1.60556710e+00
    1.84871376e-01 9.86859322e-01 -5.84741116e-01 5.72540045e-01
    1.55071557e+00 1.51942647e+00 2.12062240e-01 -3.71699065e-01
    8.29297125e-01 -5.98057032e-01 1.65729499e+00 1.04263425e+00
    1.50022292e+00 1.63480842e+00 1.77652657e-01 -1.43763721e-01
    -5.01159966e-01 1.05852485e+00 4.46579993e-01 7.34944165e-01
    2.57252038e-01 1.04149926e+00 1.08820021e-01 -9.68754292e-03
    1.86236274e+00 -5.18567443e-01 1.79845631e-01 2.23624110e-01
    4.98605371e-01 7.13874519e-01 -1.46822870e-01 1.73180056e+00
    3.94669294e-01 9.99751806e-01 6.58321142e-01 -5.90396881e-01
    6.07986093e-01 1.09987545e+00 1.24782133e+00 1.28837001e+00
    9.52068388e-01 3.36266041e-01 1.47930467e+00 1.28908503e+00
    9.39067006e-01 2.16870368e-01 -2.76389956e-01 -4.11714166e-01
    -4.69477415e-01 -1.01771057e-01 4.84544873e-01 -8.67636204e-02
    8.20193827e-01 1.30778027e+00 -2.86885500e-02 -5.25658965e-01
    1.70746267e+00 1.04498291e+00 6.70337081e-02 1.93374681e+00
    3.68426383e-01 1.44436121e+00 1.09297371e+00 3.70409131e-01
    1.01683831e+00 -2.45879412e-01 3.87483180e-01 -6.23474956e-01
    1.61966860e-01 1.51906514e+00 5.36239982e-01 1.47539163e+00
    8.10580254e-02 1.12492085e+00 1.01517892e+00 4.41929162e-01
    1.32727861e+00 1.64474702e+00 -4.84982878e-01 1.80764532e+00
    3.01599383e-01 1.08996236e+00 -6.44885242e-01 1.86207116e-01
    1.31044221e+00 -5.50764859e-01 7.40511239e-01 1.13227749e+00
    9.72434819e-01 -6.17828965e-01 1.93255723e-01 8.86923075e-02
    1.31496072e+00 9.08867359e-01 4.05387044e-01 -2.90454388e-01
    4.22763824e-01 8.82112801e-01 5.38460612e-02 1.46838307e-01
    -2.37380803e-01 -6.67971253e-01 6.75516486e-01 -4.06222075e-01
    -3.42294455e-01 -2.22711444e-01 -5.52276552e-01 -2.34942436e-01
    1.47099710e+00 -8.07461500e-01 8.02148700e-01 2.70068824e-01
    5.08385539e-01 8.48819375e-01 -3.20379138e-01 1.11156476e+00
    -2.86637664e-01 4.46495771e-01 7.95134246e-01 1.13712966e-01
    -1.80847645e-01 -4.84487087e-01 1.16610694e+00 1.54189229e+00
    1.01704204e+00 -4.48852092e-01 -4.44398940e-01 1.31206965e+00
    5.88659048e-01 -8.29969049e-02 1.01725316e+00 1.03709936e+00
    7.58283734e-01 1.72473073e+00 8.99727523e-01 2.26772010e-01
    4.92947042e-01 1.05137682e+00 1.76786005e+00 1.64989567e+00
    5.42995572e-01 9.83170033e-01 -8.11776102e-01 8.94501448e-01
    2.07633138e-01 1.60000169e+00 1.47886872e-01 -5.30773461e-01
    8.65111709e-01 4.78113055e-01 9.21205223e-01 -8.63453567e-01
    5.01311243e-01 -2.01476574e-01 5.39410591e-01 -3.76880735e-01
    1.20410812e+00 -4.50806797e-01 -5.20636797e-01 5.52773297e-01
    1.56988358e+00 -4.58107531e-01 1.02719331e+00 -4.21427339e-01
    1.80031991e+00 -4.91500974e-01 -2.17906237e-02 3.86359692e-02
    1.75324202e-01 6.47813201e-01 1.63920450e+00 2.88361430e-01
    1.21544409e+00 -5.33321738e-01 -1.44159317e-01 5.55322051e-01
    5.07464290e-01 9.41957772e-01 5.22745669e-01 6.81823492e-01
    8.27120245e-01 1.47462749e+00 -6.10384941e-02 2.39684463e-01
    -1.59684658e-01 8.08223009e-01 1.66308749e+00 1.27530766e+00
    -2.87236333e-01 1.81700182e+00 -3.61077845e-01 7.74765968e-01
    -1.44887924e-01 9.42035198e-01 3.94839644e-01 1.49814606e+00
    4.95027304e-02 8.76112580e-01 1.43688309e+00 6.28465414e-03
    -4.83995855e-01 9.31603909e-02 -3.66177410e-01 1.44484448e+00
    1.50817394e-01 1.79923475e+00 -6.05975866e-01 1.34900904e+00
    -5.15709400e-01 -2.96758115e-01 9.06951845e-01 -4.27941442e-01
    8.04818273e-02 -3.16544324e-01 7.13360429e-01 -2.59765983e-02
    3.15445840e-01 1.05453801e+00 -2.80960858e-01 1.16344619e+00
    3.89499545e-01 4.26516533e-01 1.40020061e+00 9.44535017e-01
    -5.49942017e-01 1.03169751e+00 -6.22838199e-01 1.34637833e+00
    -3.32527518e-01 9.02779818e-01 8.11481595e-01 3.08146596e-01
    1.01818001e+00 -7.83440471e-02 2.01040864e-01 1.60392392e+00
    3.75522494e-01 -4.43148375e-01 1.66119039e+00 2.33249605e-01
    1.61024117e+00 4.86848116e-01 1.05631256e+00 7.07759321e-01
    6.74503624e-01 4.47277665e-01 7.12587833e-02 1.27813864e+00
    -3.44411403e-01 3.34936023e-01 -4.25676167e-01 4.57104802e-01
    8.23313177e-01 2.81679630e-03 4.31348681e-01 5.67349494e-01
    -2.37260520e-01 1.95067585e-01 1.49897194e+00 9.69877899e-01
    -7.24933147e-01 -5.68762779e-01 1.26855350e+00 7.45725214e-01
    4.41385746e-01 -1.37892544e-01 2.17344165e-02 -5.66042542e-01
    1.22316837e+00 6.28190458e-01 1.91343009e-01 -4.97153640e-01
    1.75293279e+00 -7.38879800e-01 8.98387015e-01 -5.23347795e-01
    -1.59893036e-02 -2.52811700e-01 2.23592341e-01 1.33894897e+00
    8.05971146e-01 1.59253061e-01 -1.61615491e-01 1.46841693e+00
    5.01901925e-01 7.57906318e-01 -3.93803775e-01 -1.68931067e-01
    5.49290776e-01 -1.06934369e-01 1.46604085e+00 -7.16769934e-01
    1.17693257e+00 1.07975364e-01 1.24546850e+00 1.66243315e-01
    -7.40079999e-01 1.05433393e+00 1.45242572e+00 -4.42898721e-01
    9.10405993e-01 -1.78890884e-01 1.51353586e+00 1.54091406e+00
    5.49226046e-01 1.57145250e+00 1.08741760e-01 -8.12794566e-02
    1.36029887e+00 1.73071551e+00 -1.72713935e-01 1.14445853e+00
    1.55893707e+00 -6.30343258e-01 9.79141533e-01 5.22478223e-02
    3.05705547e-01 3.85232747e-01 5.12380302e-01 1.24769962e+00
    -2.62555003e-01 1.49932766e+00 1.34860206e+00 1.17529035e+00
    5.51522136e-01 4.48271394e-01 1.43468583e+00 -8.97105753e-01
    4.86068666e-01 3.67421329e-01 -4.58248764e-01 -5.88613749e-01
    1.65794539e+00 -7.08919704e-01 1.94537342e-01 1.45434809e+00
    -6.17153227e-01 -5.86578369e-01 1.87213349e+00 1.20378733e-01
    4.28587198e-02 4.42628324e-01 8.35777342e-01 5.97727299e-02
    4.01907861e-01 1.43710971e+00 -5.33706486e-01 -6.87356472e-01
    2.77433157e-01 -9.26678777e-02 1.64828205e+00 9.02845979e-01
    1.37964106e+00 3.69772792e-01 1.59534836e+00 6.55358672e-01
    -3.31620812e-01 5.71834087e-01 -5.00918984e-01 1.29989982e-02
    1.56531858e+00 6.37312174e-01 -5.55352271e-02 4.53128815e-01
    1.58123851e+00 -6.58521295e-01 1.19138539e+00 9.02082622e-01
    -6.25618935e-01 8.21029425e-01 1.41210318e+00 -4.08806533e-01
    8.84025693e-02 7.23809958e-01 -1.88909471e-01 2.39075065e-01
    1.13877344e+00 1.04314435e+00 5.62131405e-03 8.26541364e-01
    -4.83732879e-01 1.85176659e+00 9.71482396e-01 -4.85531032e-01
    7.34427750e-01 1.25634873e+00 2.29363561e-01 -2.63663232e-01
    8.37810099e-01 5.31173110e-01 3.19970906e-01 1.93419385e+00
    -5.89504600e-01 1.29342556e+00 -6.93384647e-01 5.54305732e-01
    -4.08475995e-01 3.94329786e-01 1.36591995e+00 1.48447716e+00
    1.56889629e+00 7.52399087e-01 1.55544603e+00 -4.04880494e-01
    5.68594575e-01 1.99625552e-01 3.15879285e-01 1.84941995e+00
    9.52358127e-01 3.45700920e-01 1.56181693e-01 7.09604859e-01
    -2.12923288e-02 1.77607310e+00 -5.57477593e-01 9.26036477e-01
    -6.52624488e-01 7.98378527e-01 -7.03890622e-01 2.64148355e-01
    -3.45238745e-01 1.47390723e-01 -2.28938818e-01 -4.32713032e-01
    1.80824280e+00 2.98106790e-01 1.14459336e+00 1.36642098e-01
    -4.03978020e-01 1.20564628e+00 9.72386181e-01 1.28861880e+00
    9.05730784e-01 1.12926435e+00 2.61101246e-01 1.51735723e+00
    -6.25597715e-01 1.46983361e+00 -1.81000173e-01 9.33298111e-01
    1.71172023e-02 -1.17784917e-01 7.55948186e-01 1.37798858e+00
    1.72517598e-01 6.99280918e-01 1.03038383e+00 1.15795732e-02
    1.53082681e+00 1.33922374e+00 7.54251003e-01 1.53715587e+00
    1.14704835e+00 1.32877433e+00 2.93482184e-01 1.40030456e+00
    7.77601600e-02 -5.19016802e-01 1.39472651e+00 -4.45830345e-01
    -3.96947712e-01 4.43458080e-01 -5.52631080e-01 2.39682972e-01
    6.84555173e-02 1.41214061e+00 9.83137548e-01 8.57653022e-01
    1.55088377e+00 7.33398318e-01 -8.32704902e-02 3.75045419e-01
    -5.79306841e-01 1.02295983e+00 -5.62274456e-03 1.28293276e+00
    1.30602872e+00 -8.99924517e-01 5.88459969e-01 2.81717896e-01
    -4.84788775e-01 1.15259504e+00 2.80182540e-01 1.36612916e+00
    -2.60378063e-01 4.81913507e-01 4.51290190e-01 -6.40777349e-01
    3.74162138e-01 3.41520727e-01 3.12481821e-01 -7.81436801e-01
    1.75670815e+00 9.11250114e-01 8.69710743e-01 2.12424815e-01
    -4.53474969e-01 -2.57507145e-01 6.39978051e-01 -8.88480961e-01
    1.60531473e+00 6.73228502e-02 -1.01182520e-01 4.22548056e-01
    1.03459692e+00 5.89880764e-01 9.40403283e-01 7.83129752e-01
    1.16013336e+00 1.53135872e+00 1.46535969e+00 1.01728487e+00
    1.65663695e+00 -3.05263311e-01 -5.84987283e-01 -4.27025139e-01
    4.29670691e-01 3.55854630e-01 -2.89210081e-01 1.12072718e+00
    6.80048347e-01 1.23294854e+00 9.56588864e-01 -8.52522492e-01
    1.83752835e+00 -6.07664943e-01 9.28223133e-01 1.32936633e+00
    5.02225876e-01 -1.69803917e-01 1.21980524e+00 1.59007978e+00
    -5.54149985e-01 -1.96135998e-01 1.30227995e+00 1.26532066e+00
    1.61561596e+00 1.33599257e+00 4.73729432e-01 -3.63612503e-01
    -1.91507459e-01 -2.69968390e-01 5.88379502e-02 1.51671195e+00
    8.07000935e-01 1.67344391e-01 1.09108651e+00 8.92823637e-01
    8.49250615e-01 4.91678596e-01 9.46937561e-01 6.46518469e-01
    1.29168272e+00 1.87961221e-01 7.08127022e-03 -3.48726124e-01
    -4.11479354e-01 -3.40695828e-01 1.45932317e+00 1.14487982e+00
    9.43209887e-01 -5.68153799e-01 -3.63913029e-01 2.65704095e-01
    1.88531470e+00 -1.42637491e-01 -6.83385313e-01 1.13201511e+00
    9.46687460e-02 3.10102105e-01 4.59697247e-01 6.53836727e-01
    1.88813090e+00 -6.62218571e-01 4.17871952e-01 1.22989917e+00
    -3.71909529e-01 1.04754496e+00 2.59891987e-01 3.56976986e-01
    1.31504655e-01 -7.19621181e-02 1.25361669e+00 1.48396242e+00
    -3.70498955e-01 4.27477956e-02 5.23851812e-01 -4.26394969e-01
    1.58369255e+00 3.73174429e-01 -5.93099475e-01 5.36396623e-01
    -6.76114559e-02 1.89130831e+00 2.61833549e-01 -5.64638495e-01
    2.51007199e-01 9.10076976e-01 1.24254012e+00 -4.33810353e-01
    1.66059995e+00 1.07815170e+00 1.01605248e+00 1.60570872e+00
    5.96244633e-01 -5.20512462e-02 6.93890274e-01 7.82703698e-01
    1.14180481e+00 -9.46194530e-02 -4.23190147e-01 -5.32341719e-01
    1.19728625e-01 1.61910963e+00 1.41711366e+00 2.57406712e-01
    1.51151752e+00 -5.38573086e-01 -6.12734914e-01 1.94770098e-03
    1.40607750e+00 1.53436255e+00 1.24064624e-01 1.00749576e+00
    -6.98789120e-01 1.52930570e+00 1.55423999e-01 4.62621748e-01
    1.39854908e-01 -6.14141047e-01 3.42152297e-01 -3.65716010e-01
    6.57947361e-01 1.01429439e+00 -5.05927503e-01 1.16255522e-01
    3.23581696e-01 -4.79455948e-01 1.77670896e-01 1.78429174e+00
    -7.09395766e-01 8.14106345e-01 1.13197291e+00 -3.00124884e-02
    1.03594995e+00 2.06476629e-01 1.06771541e+00 -1.74358994e-01
    -4.51281011e-01 4.86373782e-01 7.30598450e-01 6.94939435e-01
    1.75337625e+00 2.04521000e-01 2.53575325e-01 7.58793354e-02
    -3.68177831e-01 8.14931989e-02 8.31288695e-02 -4.03745770e-02
    9.19488847e-01 -6.26002908e-01 1.32470775e+00 -4.55361664e-01
    9.54764783e-01 -4.25791472e-01 1.14238513e+00 6.02021575e-01
    1.26280284e+00 -8.86471272e-02 1.64219987e+00 9.59047794e-01
    1.65251946e+00 8.84492397e-01 1.16067648e-01 1.78350270e+00
    3.60424221e-01 4.39179003e-01 2.33349264e-01 2.47962415e-01
    8.30956101e-02 6.79282188e-01 1.43553138e+00 1.57961607e-01
    6.01549804e-01 -5.64387321e-01 9.18463409e-01 -4.48890746e-01
    -6.68869257e-01 1.56898594e+00 -6.16575122e-01 -7.63385475e-01
    8.25254798e-01 3.21339130e-01 1.55726659e+00 1.90644562e-01
    -6.73459768e-01 -3.47901642e-01 1.52843380e+00 -5.46896756e-01
    -2.91954577e-01 -4.86504138e-01 7.36701131e-01 -2.93213069e-01
    -8.67002368e-01 1.66244817e+00 -8.70249152e-01 -1.85147643e-01
    2.28972733e-01 4.30447221e-01 3.73837709e-01 5.30098677e-02
    -5.31978846e-01 1.58376813e+00 1.48913085e-01 4.57607031e-01
    -2.91216373e-02 2.00308919e+00 -3.35519850e-01 9.98426378e-01
    1.60344434e+00 -4.17527974e-01 -1.13500059e-01 2.67962217e-01
    6.03102684e-01 8.69131327e-01 -2.85551965e-01 3.29151511e-01
    1.61512637e+00 6.36152923e-01 -2.14840889e-01 4.54290867e-01
    1.52343631e-01 8.66802931e-01 1.11735141e+00 1.62389648e+00
    -1.12198293e-01 1.08125019e+00 -2.40668356e-01 -7.47621775e-01
    8.20428848e-01 4.67657924e-01 -2.82398343e-01 6.35163069e-01
    5.70792437e-01 5.86554527e-01 1.28164816e+00 1.21370363e+00
    -3.30447793e-01 -1.62476122e-01 7.44666636e-01 1.25467777e-04
    -1.77699387e-01 1.78480411e+00 4.44830060e-01 7.23321974e-01
    8.58606815e-01 -3.54293853e-01 9.16351676e-02 1.10349321e+00
    2.15322375e-01 1.44711947e+00 1.10070896e+00 -7.97358334e-01
    -4.39023435e-01 -3.60348403e-01 1.65714359e+00 -1.76229239e-01
    -8.44128132e-02 1.96853518e-01 5.24773836e-01 3.25089097e-01
    9.41364944e-01 2.77735829e-01 1.31565285e+00 1.61370695e-01
    -7.18368888e-01 1.05941844e+00 1.24840546e+00 1.64528978e+00
    -2.63630986e-01 -2.60182023e-02 -7.65195847e-01 1.30561352e+00
    5.97969294e-01 1.57852292e+00 5.51743805e-01 1.37127900e+00
    1.59080815e+00 4.10028279e-01 8.12413692e-01 2.02673435e-01
    -1.64114416e-01 1.72190964e-01 1.80447245e+00 -6.54039264e-01
    1.84309924e+00 -1.80719316e-01 1.71034586e+00 8.56946588e-01
    1.21008229e+00 -1.85463190e-01 -2.27198839e-01 1.38969588e+00
    -9.24699247e-01 7.40792513e-01 7.67327547e-01 8.77830625e-01
    -5.61794877e-01 1.51449633e+00 1.52022493e+00 1.41777635e+00
    4.91159856e-01 4.25725579e-02 6.07921958e-01 8.04510236e-01
    1.60003781e-01 1.56053972e+00 2.25895762e-01 1.11835814e+00
    -5.78116536e-01 -3.75172943e-01 4.82926965e-01 -4.75158930e-01
    1.22166407e+00 7.46207893e-01 2.44974673e-01 1.78357959e-01
    -1.98799610e-01 -3.09700072e-01 9.04580951e-01 3.76862109e-01
    -3.91888857e-01 4.75534916e-01 6.40525460e-01 1.36247694e+00
    8.77787948e-01 -4.61653471e-02 1.58569193e+00 1.58505476e+00
    -6.38695359e-01 7.44635522e-01 7.48832524e-01 1.40653992e+00
    -2.30602622e-01 1.61478233e+00 -6.01765811e-01 6.39583528e-01
    -5.81384420e-01 1.16876698e+00 1.20791030e+00 1.08095789e+00
    -5.92152894e-01 1.64457035e+00 -5.17579198e-01 1.39238012e+00
    -8.19932401e-01 6.33038759e-01 -5.70295930e-01 7.49839664e-01
    5.73312342e-01 5.48672855e-01 9.01453495e-02 -3.30235690e-01
    3.31461430e-04 -6.64298534e-01 1.81241846e+00 7.00351059e-01
    5.31299293e-01 1.60746002e+00 1.19400489e+00 3.70260954e-01
    1.27073371e+00 6.00373745e-02 1.53760910e+00 -1.19491339e-01
    -7.31034279e-01 1.11592722e+00 1.68049049e+00 -5.78880966e-01
    2.68085718e-01 9.64138389e-01 9.03725863e-01 9.77926373e-01
    1.67279410e+00 -1.40544772e-02 4.79052067e-01 1.42616785e+00
    1.02936411e+00 1.46246934e+00 1.17869115e+00 -9.13175941e-02
    -4.97441709e-01 -4.35757160e-01 8.59031796e-01 -3.38654935e-01
    1.60675192e+00 1.31921804e+00 1.19120359e+00 6.18914247e-01
    1.74683094e-01 2.52461612e-01 -3.32754076e-01 -1.95421576e-02
    -2.66183972e-01 1.59129834e+00 -4.13577795e-01 -2.77053893e-01
    -1.42138302e-01 1.03933525e+00 1.03331709e+00 1.59977353e+00
    -5.73235452e-01 1.47532082e+00 7.54234433e-01 6.15751147e-02
    1.43044448e+00 1.91482246e-01 7.36074626e-01 -3.79951596e-02
    -2.26697952e-01 9.59008932e-02 1.11622548e+00 9.71691668e-01
    1.18188608e+00 1.08178067e+00 -5.02831936e-01 -2.34733641e-01
    1.31593609e+00 5.05169690e-01 2.38672972e-01 -3.35362554e-01
    -2.61696339e-01 1.22058618e+00 -1.08785033e-02 1.28049016e+00
    4.25537050e-01 1.60563588e+00 -4.62512851e-01 -1.27678156e-01
    1.94341958e-01 4.61321115e-01 -6.70327544e-02 5.35918653e-01
    -2.94010818e-01 1.50072932e+00 -3.17239463e-01 1.06734312e+00
    -2.41854191e-02 5.56148708e-01 2.73534417e-01 3.42144072e-01
    1.43015099e+00 1.16885746e+00 5.92515588e-01 2.96463966e-01
    1.61985898e+00 2.33080208e-01 1.82778347e+00 3.29951346e-01
    4.18947458e-01 9.98017788e-02 1.21723664e+00 -3.64236116e-01
    5.67885399e-01 -1.79717839e-01 1.04469359e+00 1.10770690e+00
    1.42275703e+00 1.09356284e+00 -5.07868409e-01 3.20205748e-01
    -5.25761247e-01 1.55801463e+00 1.06352866e-01 1.54854727e+00
    -7.31675982e-01 1.80278063e+00 3.27422380e-01 1.96978927e-01
    7.97127485e-01 3.80490541e-01 1.07499850e+00 1.32625842e+00
    4.09969211e-01 -4.59450305e-01 -5.12013495e-01 3.39518011e-01
    6.94393098e-01 1.23150229e+00 1.34789503e+00 -2.73113847e-01
    6.35500729e-01 6.71673477e-01 9.83737230e-01 8.68160069e-01
    1.53426862e+00 -3.46500814e-01 1.49160433e+00 1.43830752e+00
    -6.19271696e-01 1.85500336e+00 2.48623908e-01 -9.00380611e-02
    5.41234374e-01 -4.08717990e-02 -1.72590315e-01 1.12001920e+00
    2.35615492e-01 1.34610236e-01 1.14676309e+00 1.19076788e+00
    -1.19201005e-01 1.22826290e+00 2.41613746e-01 2.15176463e-01
    1.63043499e-01 2.47407556e-02 1.45001149e+00 1.35864341e+00
    -4.14138377e-01 1.29740953e+00 -4.53373045e-01 -3.80571276e-01
    8.26925814e-01 -1.57675207e-01 1.23855114e+00 1.44280720e+00
    1.44151211e-01 1.20590389e+00 5.49985170e-02 7.20508635e-01
    1.17305374e+00 9.13065553e-01 1.32560015e-01 -1.26170516e-01
    -6.11381590e-01 1.77822781e+00 4.07214940e-01 1.04306448e+00
    -3.22430134e-01 4.71640825e-02 -2.93450981e-01 7.07757473e-01
    3.51623058e-01 1.34866178e-01 8.96527708e-01 -1.16641521e-02
    3.86570692e-02 -4.39949155e-01 1.41035616e+00 -4.21152115e-01
    8.58089805e-01 4.35789168e-01 1.02109337e+00 5.81157207e-03
    -6.42612576e-01 -4.83504355e-01 2.35781014e-01 1.46079803e+00
    6.15203261e-01 1.66964447e+00 6.23466313e-01 -5.55429935e-01
    1.41963542e-01 1.03875291e+00 1.40305269e+00 4.15077448e-01
    6.35640383e-01 -3.13982725e-01 7.91613698e-01 -6.47112131e-02
    -4.72887754e-02 1.71153247e-01 -5.10890961e-01 -2.88949519e-01
    2.66287863e-01 1.12176728e+00 2.19071627e-01 1.46068466e+00
    6.30184114e-01 4.77071047e-01 1.03756046e+00 1.20347142e-02
    9.09121633e-02 1.78888416e+00 9.86859918e-01 2.44299352e-01
    5.74078619e-01 1.63633347e-01 9.44207072e-01 1.64838660e+00
    3.93162310e-01 1.10214245e+00 1.19850755e+00 -6.46152616e-01
    1.30741346e+00 4.33045268e-01 -6.42935216e-01 1.29175389e+00
    8.82933021e-01 7.01098204e-01 1.49836802e+00 -1.74152851e-02
    -3.61136019e-01 -3.67334753e-01 7.49879181e-01 1.81099677e+00
    -4.36539233e-01 -5.57295442e-01 -6.83465838e-01 1.51099205e+00
    1.58411956e+00 9.42967892e-01 1.37005091e+00 5.93018413e-01
    1.47765684e+00 1.93938613e-02 1.07434750e-01 -2.00323373e-01
    1.91548693e+00 1.84294212e+00 8.44806492e-01 7.17723668e-01
    9.66511488e-01 2.34895945e-02 -4.49954718e-01 2.79755890e-01
    3.28589797e-01 9.32509780e-01 1.22300255e+00 1.34548271e+00
    -7.48878121e-01 1.12351954e-01 1.19701266e-01 1.17064798e+00
    -3.73719931e-02 9.69596505e-02 1.63683474e+00 9.03295040e-01
    1.58292365e+00 3.15934062e-01 -6.23369813e-02 5.60352743e-01
    -9.20680821e-01 1.39272213e-03 3.85026753e-01 7.79187202e-01
    1.06293440e-01 1.90978885e+00 6.85391426e-02 -4.70089734e-01
    8.05628121e-01 -8.19359243e-01 3.26302052e-01 2.26663113e-01
    2.15206802e-01 2.08407640e-01 -1.19989723e-01 8.82954955e-01
    1.89054549e-01 4.87299681e-01 5.21683335e-01 -3.23570073e-01
    6.82868063e-01 2.91400492e-01 1.66174054e-01 1.21430552e+00
    1.23049939e+00 1.48271370e+00 -3.11913848e-01 3.86724472e-02
    5.85804045e-01 7.30200350e-01 1.11212373e+00 1.50298119e+00
    -7.08699226e-04 4.40166295e-01 -6.27506375e-02 5.14431596e-01
    -7.47916102e-01 -1.57634437e-01 1.60205269e+00 1.14424801e+00
    1.40906680e+00 5.53583264e-01 1.56828523e-01 4.35760975e-01
    1.81055868e+00 6.90338910e-01 1.14661109e+00 -3.36603791e-01
    5.19239306e-01 1.45926142e+00 -5.55603147e-01 7.32002616e-01
    1.63606071e+00 1.33313799e+00 -6.45729840e-01 7.51344621e-01
    2.14032173e-01 1.33155739e+00 1.53352714e+00 1.47250175e+00
    3.95312071e-01 2.94123888e-02 1.59364796e+00 -5.83134115e-01
    1.19435632e+00 1.41885042e-01 4.59264755e-01 1.08624709e+00
    2.96090364e-01 -5.20357966e-01 -2.60495424e-01 1.40914643e+00
    1.44390750e+00 1.52602315e+00 -5.95122218e-01 8.48703027e-01
    3.90015304e-01 1.42105842e+00 7.85936117e-01 2.19808936e-01
    1.59887326e+00 -5.14169395e-01 1.20613205e+00 4.78280246e-01
    3.89465511e-01 -5.17993212e-01 -7.46902645e-01 1.55483508e+00
    3.54704261e-02 -3.63017380e-01 1.61009479e+00 7.48575568e-01
    8.83281708e-01 1.16622877e+00 1.50789833e+00 5.14246702e-01
    7.85282969e-01 8.52635384e-01 -6.73249364e-02 2.49671876e-01
    7.51255393e-01 -3.79832238e-01 5.98917246e-01 1.25663042e-01
    6.97478056e-02 1.00700688e+00 5.30373573e-01 5.93414307e-02
    1.51486373e+00 1.08090210e+00 -4.05536175e-01 5.94192803e-01
    -4.50328231e-01 8.14859807e-01 3.87321472e-01 1.73114836e-01
    -7.75426626e-03 -1.30756795e-01 -2.72081554e-01 5.71374059e-01
    1.62340772e+00 1.07224083e+00 -1.36408687e-01 9.72664773e-01
    -5.29658198e-01 8.36139977e-01 1.70961547e+00 -4.98886019e-01
    1.04654670e+00 1.93381429e-01 -3.52765322e-02 9.04369712e-01
    1.10180509e+00 8.36782455e-02 -6.30890667e-01 1.78996575e+00
    9.53438878e-01 -2.92908847e-01 8.20149183e-02 1.39298069e+00
    1.00421190e+00 9.06415462e-01 1.02740502e+00 1.66644120e+00
    -6.35013759e-01 -2.02840090e-01 1.79459858e+00 2.15121508e-02
    -4.51579839e-01 3.93403351e-01 6.58837140e-01 4.27148700e-01
    1.10644162e+00 -3.01498771e-02 -3.36736441e-02 1.87628627e-01
    6.66535079e-01 7.09174871e-02 3.04427505e-01 6.54826283e-01
    8.16962719e-01 -1.89222693e-02 3.67839456e-01 1.70830965e-01
    -5.78095257e-01 1.62849391e+00 -8.46260786e-02 1.45988464e-02
    1.42310381e+00 1.27811575e+00 7.24223435e-01 1.02791929e+00
    4.51636732e-01 3.29947233e-01 -5.29050827e-01 1.48794293e+00
    5.22425115e-01 -2.78515816e-01 1.11149776e+00 -3.38865519e-02
    1.61810064e+00 -2.64996886e-02 -3.83096427e-01 -3.70576978e-02
    1.16745353e-01 2.80751705e-01 1.90885830e+00 5.10532022e-01
    1.42679310e+00 1.68801355e+00 2.05808461e-01 -6.15414798e-01
    6.03436589e-01 5.02310395e-01 7.37418175e-01 8.36702526e-01
    6.28411770e-02 8.45145047e-01 4.48980570e-01 1.76573873e+00
    -7.57337391e-01 7.67837584e-01 8.63506913e-01 -5.00184953e-01
    -3.67155075e-02 5.75340688e-01 7.65965581e-02 -5.62359333e-01
    1.48438001e+00 -7.44464993e-01 -6.33085847e-01 -4.67096984e-01
    8.13692391e-01 7.64199793e-01 -4.18360174e-01 9.75485861e-01
    1.17682052e+00 4.99255657e-02 1.64639115e-01 -4.86528873e-03
    -5.43403804e-01 1.36041677e+00 1.82421589e+00 -6.45046771e-01
    -6.57878876e-01 2.19810009e-03 1.97674632e-02 1.10570216e+00
    3.21252406e-01 -1.77397549e-01 9.69607592e-01 -5.05452633e-01
    -4.02957886e-01 3.89077902e-01 -2.87831724e-01 -2.42664874e-01
    -2.95397967e-01 -5.22106946e-01 9.33292985e-01 -3.43280315e-01
    1.59343624e+00 7.48255730e-01 1.56650782e-01 1.25285172e+00
    -3.49282146e-01 1.35201168e+00 1.13940227e+00 -4.75176990e-01
    2.69818425e-01 -4.59423095e-01 -2.53900230e-01 1.41503799e+00
    -5.75584233e-01 7.31632948e-01 1.16122603e+00 3.08641195e-01
    8.68744850e-01 1.06707501e+00 9.68102396e-01 2.51850605e-01
    6.90000653e-02 8.42616618e-01 3.03742886e-01 1.73220396e+00
    1.03691959e+00 9.27057683e-01 1.06669390e+00 5.24070859e-01
    4.86172318e-01 -3.78346950e-01 1.86748338e+00 -1.07450664e-01
    9.35316324e-01 1.51526046e+00 -3.61980259e-01 5.62207818e-01
    -7.45481908e-01 7.06604481e-01 1.20367968e+00 -1.44981503e-01
    -3.85750949e-01 -4.38770264e-01 7.26827264e-01 2.62194276e-01
    1.24741495e+00 -6.82801485e-01 3.48590851e-01 8.93605590e-01
    -8.63687992e-01 1.68002534e+00 -3.06048512e-01 5.24934053e-01
    5.58066368e-02 6.02672040e-01 1.24950528e+00 -7.21922636e-01
    -2.67529905e-01 8.65861595e-01 -5.70821464e-01 -2.42317647e-01
    -5.18695474e-01 -5.82098186e-01 1.59511733e+00 -4.62925971e-01
    -5.78547478e-01 1.57130194e+00 8.60756159e-01 -5.34675837e-01
    -4.08584833e-01 8.71690869e-01 1.03500283e+00 -6.70440793e-02
    1.21837866e+00 3.04194450e-01 1.06847787e+00 2.95366049e-01
    1.17852199e+00 1.14742148e+00 1.37886059e+00 4.98881221e-01
    1.40392017e+00 2.90643334e-01 1.21015680e+00 1.28625321e+00
    1.17971313e+00 1.13654327e+00 -6.22916937e-01 1.13233626e+00
    -2.30316460e-01 1.12200665e+00 -7.20960021e-01 9.93361413e-01
    4.00172472e-02 1.54760742e+00 1.73583269e-01 1.15241921e+00
    -1.34150743e-01 4.20419872e-01 -5.89252114e-01 1.84904909e+00
    -2.28955865e-01 1.14812028e+00 1.27992654e+00 1.68418527e-01
    6.29368722e-01 -3.68477494e-01 -1.31001234e-01 1.04716349e+00
    1.46436095e+00 1.06113029e+00 -3.23003292e-01 7.17707276e-01
    5.69148183e-01 8.10921609e-01 -5.11782169e-01 6.59271359e-01
    -3.52148801e-01 1.72781169e-01 8.84795189e-01 5.88380814e-01
    1.18367755e+00 4.92525339e-01 1.47563410e+00 8.23127508e-01
    -7.08863378e-01 1.42671382e+00 1.36237490e+00 7.95868635e-02
    -3.02435458e-01 -1.02825701e-01 2.60235906e-01 8.78257334e-01
    3.00411105e-01 1.39110184e+00 1.50937438e+00 1.39481175e+00
    8.93640161e-01 -5.35312891e-02 -6.60031676e-01 1.51130652e+00
    -1.43435538e-01 -4.28756416e-01 9.59532976e-01 6.96639419e-02
    1.00799870e+00 1.19082606e+00 -9.71698165e-02 1.40120780e+00
    9.87285376e-02 4.04495776e-01 2.05827713e-01 8.93793404e-01
    1.44281864e-01 1.12063265e+00 -3.81498396e-01 -7.17327774e-01
    1.12470460e+00 1.17871821e+00 -2.17404366e-02 -3.10306609e-01
    3.96472812e-02 1.05428886e+00 -3.94809246e-03 1.24569654e+00
    -7.51861811e-01 8.57650936e-01 6.25209332e-01 4.51851249e-01
    -4.85238105e-01 3.89198661e-01 4.21542346e-01 -2.50470877e-01
    -3.91276568e-01 -3.32996726e-01 -5.87341666e-01 -5.32782674e-01
    -5.36348462e-01 2.99188495e-01 6.92650795e-01 1.19547939e+00
    -3.66445005e-01 1.16861701e+00 -7.21866548e-01 1.61878467e-01
    -1.16147518e-01 1.08704925e-01 7.49455273e-01 3.12432051e-01
    -8.18060219e-01 1.02396643e+00 8.63788426e-01 5.31721115e-01
    6.67950153e-01 1.21153855e+00 6.31912291e-01 1.22444034e-01
    -7.48814464e-01 1.77937388e+00 -4.05908197e-01 1.34794295e+00
    1.39197421e+00 1.09615541e+00 1.24271631e-01 -6.94071710e-01
    -1.21246397e-01 1.73960066e+00 2.81782508e-01 1.18753195e-01
    -1.20137334e-01 5.72779536e-01 1.06714034e+00 8.22893381e-01
    1.23437655e+00 1.65969801e+00 -1.53967977e-01 1.24788809e+00
    3.80581617e-03 1.04670835e+00 2.11337149e-01 -2.42214888e-01
    4.38469648e-03 1.79631650e-01 -2.87381232e-01 1.11725330e+00
    1.26626289e+00 1.07214868e+00 1.12260401e+00 1.23975682e+00
    -5.43516040e-01 1.11669695e+00 1.09021652e+00 9.46627915e-01
    5.29934525e-01 4.20930624e-01 -1.65593028e-01 6.24571204e-01
    -3.04221481e-01 1.00070071e+00 -4.12084073e-01 1.40944183e+00
    -3.01007301e-01 1.45239985e+00 -6.19084060e-01 1.59275532e+00
    1.16425657e+00 -3.48201394e-02 -4.79455620e-01 1.12890339e+00
    8.06480050e-02 -7.50193000e-02 -5.68270743e-01 1.67847717e+00
    -2.42315710e-01 1.43639541e+00 1.82152081e+00 -3.22722375e-01
    1.69798875e+00 -5.51570237e-01 -3.59734833e-01 1.04836452e+00
    8.83020341e-01 6.93900108e-01 1.35560250e+00 -5.55569410e-01
    2.01555729e+00 -2.80128360e-01 1.25571811e+00 1.81572020e-01
    -7.10514784e-01 1.69332194e+00 7.35227346e-01 1.28810227e+00
    1.34583867e+00 1.42666709e+00 -3.70557338e-01 -4.95704383e-01
    5.52987993e-01 4.07391310e-01 1.56741357e+00 -6.65583849e-01
    2.92215943e-02 -4.85336125e-01 7.14963019e-01 -6.22392774e-01
    1.69787300e+00 1.04808879e+00 7.03021884e-02 1.34082735e-01
    -2.77186811e-01 -4.70233768e-01 1.06651068e+00 1.33735061e+00
    1.34868693e+00 -9.71573710e-01 1.50352752e+00 1.34498656e+00
    1.69457078e-01 1.72753763e+00 5.99763989e-01 1.61471069e-01
    1.41075373e+00 1.31109703e+00 9.99232888e-01 1.11265790e+00
    5.11369824e-01 5.14257789e-01 2.25993395e-01 7.03258753e-01
    1.26885569e+00 -6.86426938e-01 8.45265329e-01 7.36638784e-01
    1.54472613e+00 1.57922375e+00 -6.27615452e-02 -3.35560977e-01
    4.17552114e-01 -3.60490084e-02 1.07001734e+00 7.09178448e-02
    1.69248199e+00 8.88999164e-01 -1.25668049e-02 8.04774880e-01
    -1.55110031e-01 -1.50123715e-01 -9.33422446e-02 1.07973146e+00
    8.97091985e-01 4.64416385e-01 -1.88059151e-01 -6.27696037e-01
    1.37732029e+00 7.80127287e-01 4.35513020e-01 1.24611413e+00
    1.87275648e-01 1.10472059e+00 1.28813696e+00 -4.66004193e-01
    3.63594770e-01 4.12335753e-01 7.54562080e-01 8.39870453e-01
    1.38739336e+00 8.01992774e-01 -4.35468167e-01 1.42583609e+00
    -5.98939061e-01 1.32680428e+00 -4.34035897e-01 1.08589470e-01
    1.01996398e+00 -6.46032095e-02 -1.04870319e-01 1.91341102e-01
    1.10113454e+00 -2.43765771e-01 1.88531458e-01 9.95915532e-01
    4.62700605e-01 1.36300135e+00 9.40758824e-01 -8.94154489e-01
    5.69882751e-01 7.09049940e-01 6.55816793e-02 3.78486991e-01
    -1.18994594e-01 1.42129350e+00 -2.47300684e-01 1.79205120e-01
    -5.97911477e-01 1.48062348e+00 1.45582426e+00 9.28570271e-01
    1.59740400e+00 -1.91873968e-01 -1.80410624e-01 9.94400263e-01
    5.31942248e-02 8.13099623e-01 1.21461451e+00 4.00815070e-01
    -1.81245208e-02 1.39614511e+00 4.63911891e-01 -6.09911442e-01
    1.12244987e+00 9.99380350e-02 1.45879591e+00 1.03988647e-02
    4.52626586e-01 -2.43530869e-01 1.02153635e+00 6.81119084e-01
    1.56194484e+00 1.22974825e+00 -9.60530877e-01 1.31998944e+00
    -1.10872746e-01 1.01928556e+00 -1.21478975e-01 4.73423123e-01
    1.34098005e+00 -3.98135573e-01 -6.97335601e-01 8.43955755e-01
    2.52641797e-01 1.63802803e+00 1.29010248e+00 4.14062142e-02
    1.33045220e+00 5.53687930e-01 1.27174461e+00 8.90001655e-02
    4.47974026e-01 -6.69761896e-02 1.69827795e+00 1.11518824e+00
    1.57785738e+00 -7.13592529e-01 1.13134336e+00 8.00132275e-01
    9.57829416e-01 1.71999002e+00 1.72613049e+00 1.69820166e+00
    1.33595479e+00 9.57929254e-01 1.78563201e+00 1.88774180e+00
    2.60871291e-01 1.99474502e+00 -7.03507066e-01 1.44776380e+00
    1.25583076e+00 3.53218198e-01 5.44020951e-01 4.39710021e-01
    8.08804929e-01 -4.07360643e-01 5.78647792e-01 1.38950324e+00
    1.17484796e+00 -3.99678946e-01 6.48818970e-01 1.37934232e+00
    1.13822699e-01 3.51980686e-01 8.85657310e-01 4.31618094e-02
    1.31949878e+00 -3.03639531e-01 1.38053417e-01 1.34071493e+00
    3.58917892e-01 -6.37225747e-01 1.32814753e+00 -9.61042643e-02
    2.48336554e-01 -4.31298286e-01 -6.15390003e-01 1.05421960e+00
    1.32603288e+00 7.72222579e-01 1.31559908e-01 4.82893229e-01
    1.79127645e+00 -7.83351302e-01 -7.04344749e-01 7.61516333e-01
    -5.22395194e-01 2.83459067e-01 2.66932249e-02 5.87617517e-01
    1.06185794e+00 1.75954914e+00 2.97566891e-01 7.89399266e-01
    1.40015590e+00 -2.21791267e-02 9.52585936e-01 1.29392004e+00
    1.41812229e+00 1.78849936e-01 -7.95227289e-02 -4.80303377e-01
    2.17837334e-01 8.31097364e-01 1.16127121e+00 8.95463049e-01
    1.86670208e+00 -5.36568284e-01 3.62456977e-01 5.42662144e-02
    5.41130722e-01 1.82720566e+00 2.18346179e-01 -3.55919242e-01
    6.90497875e-01 4.81780231e-01 8.10144842e-01 1.82791948e-01
    5.95362961e-01 1.75120151e+00 -2.19169796e-01 -3.99156809e-02
    1.14349902e+00 5.51799476e-01 4.01753008e-01 6.05685949e-01
    -4.64670718e-01 4.99232948e-01 1.48382032e+00 5.29477298e-01
    4.83100533e-01 8.04447532e-02 9.31239426e-01 -4.31828916e-01
    -3.69277120e-01 -3.42063397e-01 5.21071911e-01 1.63825202e+00
    -6.08251572e-01 1.49024308e+00 -5.58705986e-01 -6.28482223e-01
    9.09958005e-01 7.41120994e-01 9.64356661e-02 7.67895579e-02
    4.93041396e-01 -3.74394923e-01 -3.45256597e-01 9.03866053e-01
    -2.85979927e-01 8.46901357e-01 -2.55052865e-01 -6.88837051e-01
    1.35503018e+00 -4.27478164e-01 -5.69000363e-01 3.26655030e-01
    -3.71686012e-01 1.60949349e+00 9.09170985e-01 4.58806753e-03
    1.01723421e+00 1.55419970e+00 8.88453007e-01 1.22234559e+00
    8.49137783e-01 1.04642415e+00 -8.13106656e-01 1.67028713e+00
    1.27641797e+00 -5.96797287e-01 7.34448433e-01 1.19993329e+00
    -1.22293651e-01 1.24214542e+00 1.00524223e+00 -3.71695578e-01
    1.20621419e+00 -3.59075546e-01 1.83984101e-01 -1.81081057e-01
    4.35687363e-01 7.67652869e-01 7.78975248e-01 1.37063360e+00
    -4.61302936e-01 1.47420955e+00 2.89051533e-02 8.50389600e-02
    -1.73731655e-01 3.68411958e-01 -4.21712279e-01 1.03093016e+00
    -3.79172891e-01 7.78916299e-01 6.79197490e-01 1.41871870e-01
    -4.53965336e-01 1.24900699e+00 1.80272388e+00 5.55633605e-01
    1.47948682e-01 2.78023839e-01 -6.77800179e-01 2.37080455e-01
    1.08779752e+00 5.01331210e-01 1.57240546e+00 1.99593306e-01
    1.43171215e+00 1.77770853e-02 -1.96944356e-01 9.97709632e-02
    -1.02264285e-02 3.34868908e-01 -1.92665160e-01 1.53639841e+00
    -2.94674933e-01 -1.34910762e-01 1.40166259e+00 9.33980346e-02
    -1.48144901e-01 1.75866151e+00 6.25946283e-01 5.39788842e-01
    4.00194526e-01 1.25472546e+00 9.27156210e-01 2.79883802e-01
    4.77529168e-01 6.99118733e-01 1.58108938e+00 -8.16801965e-01
    7.38039017e-01 1.28223002e+00 1.19020069e+00 7.93795407e-01
    1.33776021e+00 -3.72137547e-01 3.40658307e-01 1.89909589e+00
    -4.21960294e-01 8.98604989e-02 8.85130525e-01 4.11020041e-01
    -6.32637918e-01 -3.17461342e-01 1.16084516e-01 -4.05069560e-01
    3.25635850e-01 -1.02297664e-02 1.42872036e-01 1.11750364e+00
    8.84620667e-01 8.77614796e-01 8.12007844e-01 7.73673534e-01
    7.13731647e-02 -1.40180528e-01 -3.95646870e-01 1.14925313e+00
    1.06775963e+00 -2.78932869e-01 1.47416556e+00 3.57139945e-01
    -3.55463445e-01 1.47122252e+00 1.31727827e+00 4.67254281e-01
    1.19124877e+00 1.59075856e+00 1.32079315e+00 8.19078088e-01
    1.25685334e+00 8.95000398e-01 -3.19232762e-01 1.62489748e+00
    -4.30187523e-01 1.62514710e+00 4.04255867e-01 -3.05243492e-01
    -7.01454937e-01 7.77751267e-01 1.21512592e-01 1.87211692e-01
    1.62700725e+00 3.74344587e-02 4.91629183e-01 6.99741840e-02
    6.05334163e-01 8.95134091e-01 5.96037269e-01 -1.40132964e-01
    1.62802100e+00 -7.37255096e-01 -1.41015649e-01 2.55344927e-01
    1.56451309e+00 -8.95909071e-01 1.56140172e+00 -5.53035975e-01
    2.03450024e-01 3.06649089e-01 -6.00248337e-01 5.63639998e-02
    4.26006019e-01 8.71238828e-01 1.51186717e+00 1.49273038e+00
    -5.76634765e-01 8.95174146e-02 1.61393774e+00 1.01643014e+00
    -8.09161901e-01 8.24331343e-01 7.49919772e-01 1.39818609e+00
    3.77597511e-01 2.65576184e-01 9.10619795e-01 1.53215933e+00
    1.56987369e-01 1.28316092e+00 1.24490690e+00 1.13044262e+00
    4.62669492e-01 1.41981483e-01 -2.38540024e-01 6.07221961e-01
    1.33066106e+00 8.43360424e-02 -3.04134995e-01 8.37168038e-01
    3.88194025e-01 8.09037685e-01 2.69420743e-01 8.70169461e-01
    5.80990911e-01 9.64960217e-01 9.03197527e-01 1.37940872e+00
    1.45654571e+00 2.92681634e-01 4.69847858e-01 3.16209614e-01
    2.48309135e-01 -3.31759989e-01 1.58426368e+00 -2.35539436e-01
    4.40135717e-01 -5.37885427e-02 1.23768973e+00 4.89085674e-01
    -9.06732678e-01 1.06215668e+00 1.48907185e-01 -5.16336083e-01
    -1.48100495e-01 7.94187784e-01 -2.54219115e-01 -4.02108550e-01
    2.53189981e-01 1.33798504e+00 1.20458472e+00 1.87043548e+00
    -4.65975702e-01 -7.31276810e-01 2.78050959e-01 1.29717445e+00
    1.33530736e-01 1.20302737e-01 3.05030346e-01 -4.71306682e-01
    1.28786588e+00 -6.63544655e-01 3.51076841e-01 3.74072671e-01
    1.22093177e+00 -5.21878242e-01 -6.45605326e-01 1.35131240e+00
    -5.29384613e-01 -3.25118482e-01 3.55061710e-01 1.52832222e+00
    -3.50688100e-02 4.53902662e-01 5.94861150e-01 -4.19321984e-01
    9.83861208e-01 3.78116608e-01 5.49494624e-01 -4.55208689e-01
    1.17419481e+00 8.44120502e-01 1.27571297e+00 8.48066032e-01
    1.50405240e+00 -1.84555650e-01 7.96041727e-01 5.61885715e-01
    1.23776627e+00 1.24971509e+00 1.82687795e+00 4.31353390e-01
    1.32482946e-01 4.04658794e-01 1.01241148e+00 9.95565832e-01
    1.40113902e+00 -4.32431698e-04 1.71389866e+00 1.61937404e+00
    5.52684844e-01 4.37804520e-01 -2.03192353e-01 -6.08003616e-01
    1.23465872e+00 4.01836038e-01 -6.92931533e-01 8.07943225e-01
    1.63626277e+00 -7.51476824e-01 4.36440229e-01 -3.76947254e-01
    -7.98128486e-01 1.20009506e+00 1.33295918e+00 8.13356638e-02
    -3.40693235e-01 1.09051979e+00 1.38492906e+00 5.47696948e-01
    4.82242107e-01 1.64788580e+00 -5.59652865e-01 -5.31337798e-01
    1.92235577e+00 -6.04083776e-01 7.40130424e-01 -7.53018022e-01
    2.30015814e-01 1.38085556e+00 1.38845158e+00 -1.60363853e-01
    2.99174190e-02 -5.79570353e-01 3.45748305e-01 1.28935432e+00
    1.59523964e+00 6.95828140e-01 -1.24168694e-01 9.79908347e-01
    4.69549596e-01 -1.70139492e-01 -5.23573160e-01 1.06872582e+00
    3.66646647e-02 8.63104045e-01 1.01182365e+00 4.65930700e-01
    -5.32482505e-01 -4.34201032e-01 2.72802472e-01 3.60871077e-01
    5.11687756e-01 1.17956209e+00 1.08714855e+00 1.41176558e+00
    6.33111238e-01 1.42435205e+00 -6.56586766e-01 1.61735094e+00
    7.52107918e-01 2.64526010e-01 8.21199715e-01 1.77598298e-01
    -4.78750467e-01 1.59453988e+00 8.93454134e-01 -1.87630951e-01
    1.66964424e+00 -4.32646155e-01 2.38851130e-01 1.41142535e+00
    2.57122874e-01 -8.30268025e-01 1.54311252e+00 6.76356316e-01
    -5.16936600e-01 -1.22682452e-02 7.15542197e-01 -3.72390926e-01
    -1.50055289e-02 8.02246392e-01 -4.18385863e-01 1.32919443e+00
    -1.28620684e-01 -6.12310767e-02 -1.03527725e-01 1.36121845e+00
    1.76260555e+00 7.03978539e-03 -3.58499080e-01 1.20453048e+00
    1.50796306e+00 -5.50142586e-01 2.84453452e-01 1.59209406e+00
    1.77633882e-01 8.09011221e-01 -2.49618471e-01 1.11904597e+00
    -3.93370509e-01 7.18004704e-02 8.69309306e-02 6.55010164e-01
    -5.17632663e-01 6.77482843e-01 3.97490859e-01 -5.95446527e-01
    1.67941475e+00 -6.92467570e-01 1.25310361e+00 1.26838279e+00
    -1.44618452e-01 5.53734899e-01 -1.03901982e-01 3.38975012e-01
    6.17802501e-01 1.33208132e+00 1.84131682e-01 1.05859733e+00
    3.75537872e-02 1.46723449e+00 1.51735544e-02 7.87081718e-01
    1.18694842e+00 9.13095951e-01 3.91215682e-01 4.21330154e-01
    1.47762048e+00 -1.42274439e-01 -3.30314279e-01 1.84563506e+00
    -5.07214189e-01 -1.90242767e-01 2.39390016e-01 -6.57252491e-01
    -1.68730736e-01 -4.26113546e-01 -5.09982467e-01 -6.34199381e-01
    5.29547811e-01 1.01705897e+00 1.48005462e+00 1.47759914e-03
    1.39549971e-02 5.98922551e-01 1.05858958e+00 6.30965412e-01
    -2.89927363e-01 1.01657343e+00 4.99504447e-01 -6.01714373e-01
    8.51002276e-01 1.99090838e-01 8.62093806e-01 5.74080348e-02
    -3.41936886e-01 6.14957094e-01 1.54461968e+00 -5.97927928e-01
    -7.47944593e-01 1.06840360e+00 1.29325390e+00 -3.66638064e-01
    5.74137866e-01 9.35460567e-01 -2.91671872e-01 1.46153080e+00
    3.43728185e-01 1.13719285e-01 1.02674961e+00 -4.28770661e-01
    1.37521601e+00 1.48112142e+00 -5.68179190e-01 1.11034489e+00
    1.17526793e+00 -9.40322280e-02 -1.04637563e-01 3.33575428e-01
    -4.74951565e-02 1.26126802e+00 1.39936686e+00 -5.17462611e-01
    1.72328353e-01 1.01854885e+00 1.54575205e+00 1.06529808e+00
    6.80241227e-01 7.78712809e-01 1.25730669e+00 7.74198651e-01
    1.15809822e+00 1.45482314e+00 1.06117964e+00 9.85886812e-01
    1.34726536e+00 1.62853706e+00 1.19154251e+00 1.13653910e+00
    1.54424119e+00 -6.46762073e-01 6.14915311e-01 1.75173056e+00
    8.54477882e-01 -6.80442095e-01 -6.75178826e-01 -1.96695328e-06
    3.14635634e-02 7.19868481e-01 4.00273740e-01 1.27625489e+00
    -2.43591607e-01 6.32025003e-01 1.24493957e+00 -4.20142651e-01
    9.12766457e-02 1.49427199e+00 1.66336989e+00 -5.98994732e-01
    -5.11238217e-01 -7.30755925e-02 3.81074011e-01 1.82069528e+00
    -5.46847343e-01 -4.75857943e-01 5.02154827e-01 1.17019176e-01
    5.69901466e-02 1.20636773e+00 6.66261435e-01 1.81663990e-01
    7.23888874e-01 1.86760664e-01 1.21758139e+00 1.18988991e-01
    1.32789791e+00 8.26550484e-01 -3.23435545e-01 1.29034615e+00
    -2.08023399e-01 -5.09445071e-01 -7.91874945e-01 1.72089899e+00
    1.08044243e+00 -6.49540186e-01 4.32037592e-01 1.30243897e-01
    3.86079133e-01 1.11406469e+00 1.34246945e-01 6.42950535e-02
    7.98064291e-01 1.05793166e+00 4.94705677e-01 1.68305135e+00
    -5.81723273e-01 1.01764321e-01 6.33416712e-01 1.77163422e+00
    1.82853520e-01 -4.71207947e-01 9.39566612e-01 -7.07124829e-01
    1.56059432e+00 -8.53833973e-01 1.20614815e+00 1.01023388e+00
    1.38124561e+00 -2.63941228e-01 1.02583706e+00 -3.22331786e-02
    1.14105034e+00 1.14036024e+00 1.20241654e+00 3.78211141e-01
    1.37553084e+00 4.52329040e-01 -2.00028241e-01 1.51076365e+00
    -7.18981683e-01 1.60208416e+00 2.92795718e-01 5.04226863e-01
    9.10791218e-01 1.36582541e+00 2.31697023e-01 5.32572567e-01
    1.87436676e+00 3.64376485e-01 1.29500902e+00 6.29287958e-02
    5.71006536e-03 -6.99527502e-01 -9.63886380e-02 1.99330449e-01
    -4.34527397e-01 -5.54779172e-01 5.73176622e-01 6.13737285e-01
    -1.48707628e-02 1.32459557e+00 4.72122729e-01 1.39928997e-01
    1.56050396e+00 1.61761022e+00 -5.20523071e-01 -7.16018260e-01
    -6.37897491e-01 1.45316899e+00 -5.62118411e-01 5.88908792e-01
    5.97474575e-02 -3.57261211e-01 1.60717547e-01 4.70313311e-01
    7.92580128e-01 1.10109663e+00 -7.27534533e-01 1.89713812e+00
    3.50027680e-02 -5.79959989e-01 3.53479922e-01 -6.60113037e-01
    -2.71377206e-01 1.82690024e-01 -1.38711035e-01 3.51228714e-02
    1.53098178e+00 1.42757428e+00 -6.83323860e-01 1.40607190e+00
    9.91677105e-01 1.53752661e+00 4.31306005e-01 7.54036725e-01
    -2.24804282e-02 1.26632321e+00 -6.47903442e-01 1.61390829e+00
    3.29018235e-02 1.67701423e-01 1.04630947e+00 1.39276505e+00
    -3.30542207e-01 1.64234829e+00 -2.18871951e-01 3.29684079e-01
    1.08337462e+00 -1.91779077e-01 4.04230952e-01 1.50995016e+00
    1.42952919e+00 5.18900752e-02 -5.13755977e-01 2.59752870e-02
    1.40166879e+00 7.64854610e-01 1.51987243e+00 1.38787353e+00
    1.06251585e+00 9.98900592e-01 -3.91647667e-01 1.45501614e+00
    -4.33043540e-01 1.02515888e+00 7.91732073e-01 6.94678187e-01
    -4.53305036e-01 9.26417291e-01 -3.04307818e-01 3.92961740e-01
    4.52600718e-01 -5.63561082e-01 1.25464797e+00 1.37799668e+00
    -5.03403842e-01 3.97514760e-01 -2.66597331e-01 1.41376555e+00
    1.01878989e+00 7.92004704e-01 1.90198183e-01 3.87309968e-01
    -6.31449580e-01 1.58765459e+00 -7.42807508e-01 8.43794942e-02
    1.05076420e+00 9.36697543e-01 8.84631693e-01 1.49273086e+00
    5.49593568e-01 8.89143527e-01 1.55712843e+00 1.75871086e+00
    1.68988228e+00 3.28859329e-01 1.06695724e+00 1.64506137e-01
    2.33965397e-01 5.33068180e-03 -5.07722974e-01 4.60599840e-01
    1.48010254e+00 3.49837422e-01 1.27714980e+00 -2.98385024e-02
    1.77873492e-01 1.52304149e+00 8.54259133e-01 7.85150766e-01
    1.57342160e+00 1.62215364e+00 1.71011269e-01 1.24829412e+00
    1.93563247e+00 -2.99662590e-01 -1.08204305e-01 -6.43543661e-01
    1.52595735e+00 -6.59482956e-01 3.01564813e-01 -4.66711879e-01
    -4.54582274e-01 -5.27936816e-01 1.83973312e+00 -2.38608599e-01
    1.48323309e+00 4.75224376e-01 1.22539639e+00 -4.70984370e-01
    2.00170696e-01 -1.47198349e-01 -3.42101336e-01 1.04641330e+00
    5.83097577e-01 -7.26377010e-01 2.19790220e-01 -6.86462998e-01
    -5.86538315e-02 6.61808908e-01 1.37321663e+00 -1.17629230e-01
    1.75310981e+00 -9.56460238e-02 -4.92937803e-01 -4.75329518e-01
    8.09385300e-01 -2.75700688e-02 2.44342148e-01 -7.84625828e-01
    -5.19706011e-02 3.35865974e-01 2.03910470e-01 -5.11497676e-01
    1.32437921e+00 1.18190193e+00 -6.14793777e-01 1.70038486e+00
    7.39809036e-01 -6.57086313e-01 1.92915630e+00 1.23485494e+00
    1.65652919e+00 1.51793003e-01 5.51990628e-01 1.30114532e+00
    1.03728604e+00 2.55775571e-01 9.60613608e-01 1.54239821e+00
    4.55895424e-01 9.27272439e-01 1.53505504e+00 -3.82645458e-01
    -4.16530401e-01 1.75660455e+00 9.55204606e-01 6.82121515e-02
    1.65671039e+00 1.49227202e-01 -4.14279073e-01 5.77129364e-01
    -1.57194853e-01 4.79168773e-01 -4.24343348e-02 2.69723535e-01
    -5.43445468e-01 1.19332099e+00 -6.32921576e-01 6.21287346e-01
    7.86527276e-01 5.79377294e-01 -2.15701878e-01 -2.90889770e-01
    -5.10879278e-01 1.31974709e+00 1.54817915e+00 1.17838573e+00
    -5.70059419e-01 1.28637147e+00 -5.25278330e-01 2.40392983e-01
    4.35966194e-01 1.30800962e-01 -1.81216419e-01 3.91523361e-01
    -3.40948641e-01 -4.86283630e-01 -2.17711568e-01 2.22541273e-01
    2.17832148e-01 6.63698435e-01 -3.59924018e-01 4.50390220e-01
    9.10526574e-01 -6.34999335e-01 -9.79489088e-02 1.21963692e+00
    1.01714611e+00 1.57302248e+00 8.63626599e-02 -3.92574072e-02
    1.79433274e+00 5.99006474e-01 -6.24571979e-01 -5.15407324e-01
    8.97084832e-01 1.28712940e+00 1.13698530e+00 8.77485991e-01
    5.20929575e-01 -2.00413167e-01 -5.94440520e-01 1.58006418e+00
    2.56024003e-02 3.49612653e-01 -2.75100589e-01 1.73584616e+00
    1.17454028e+00 -6.62567556e-01 -9.58853960e-02 1.13771331e+00
    -2.61304647e-01 5.32829762e-01 8.98130894e-01 1.76148152e+00
    8.53083611e-01 7.29203880e-01 1.39925027e+00 6.39376581e-01
    1.17551267e-01 1.45289540e+00 9.08701956e-01 4.16747391e-01
    9.35653806e-01 6.18165851e-01 6.79643273e-01 3.97039175e-01
    9.42683220e-03 7.74886847e-01 9.57648754e-01 7.47495115e-01
    1.02899241e+00 1.39943469e+00 1.10057569e+00 1.64960289e+00
    -3.94438833e-01 1.76511335e+00 1.48382473e+00 8.30466747e-02
    1.68360639e+00 -2.26456106e-01 -2.54062414e-02 1.31711006e-01
    1.70732403e+00 1.36856902e+00 1.53100598e+00 1.53238416e+00
    3.07163000e-01 1.61080480e+00 1.50541878e+00 1.53593564e+00
    3.72696638e-01 1.18798923e+00 1.21551728e+00 -1.41936541e-01
    -2.14762688e-01 1.25504935e+00 9.20211673e-01 3.36683750e-01
    8.28252435e-01 7.68884063e-01 -3.16596448e-01 1.09685254e+00
    1.03332114e+00 1.11385906e+00 1.12794054e+00 1.05455041e+00
    4.30210471e-01 2.45183527e-01 2.59233236e-01 1.22221017e+00
    -3.06888342e-01 -2.41895050e-01 -3.36340427e-01 -4.95871633e-01
    4.46491241e-01 1.63903868e+00 7.72190571e-01 -3.62927228e-01
    9.56269145e-01 5.24948597e-01 -2.09113359e-02 1.21248496e+00
    -6.84702992e-01 1.59534466e+00 6.15363598e-01 -8.55383396e-01
    1.13707387e+00 9.47302997e-01 -6.78969860e-01 9.77075100e-01
    1.40828514e+00 -5.77525675e-01 1.32248664e+00 4.50709939e-01
    9.23246503e-01 2.96112239e-01 1.52659178e-01 3.85717154e-02
    7.06304431e-01 5.70307374e-01 1.51417112e+00 6.83059812e-01
    4.09585714e-01 1.34971857e+00 1.79467726e+00 8.36682916e-02
    6.52039409e-01 -2.99136281e-01 1.10615838e+00 -2.77474463e-01
    1.83081055e+00 4.48127687e-01 -3.44681740e-01 1.38530624e+00
    3.40872049e-01 1.02776790e+00 -6.83726430e-01 -3.33581388e-01
    4.35341716e-01 3.98556113e-01 -4.75328773e-01 -5.19266725e-01
    1.68498230e+00 -5.83647728e-01 1.10685277e+00 -6.29628539e-01
    -4.60210919e-01 1.27903581e+00 7.96535611e-02 5.99442840e-01
    2.86189497e-01 1.07667804e+00 -4.63646054e-01 8.82077992e-01
    -1.55521929e-01 1.14140689e+00 -8.43095422e-01 -1.76642716e-01
    3.34237874e-01 1.97302699e-01 -3.97626996e-01 6.97141290e-01
    1.21996152e+00 5.70908785e-02 -2.82898396e-01 -6.64774179e-02
    1.20488226e-01 1.83489776e+00 -2.21918344e-01 8.60782325e-01
    -1.59178495e-01 -7.15742409e-01 -8.85383487e-02 3.00115526e-01
    1.07489848e+00 -6.01071954e-01 1.66334987e+00 8.29746783e-01
    1.27867794e+00 1.24237812e+00 -2.94892550e-01 1.00180662e+00
    6.07100964e-01 1.29803133e+00 -7.60081410e-01 -7.30619609e-01
    9.13632512e-02 1.37296200e-01 1.75214136e+00 1.56371653e-01
    -2.82880396e-01 -2.80589223e-01 7.70320058e-01 1.76672339e+00
    1.27906764e+00 2.53665090e-01 1.62315726e+00 1.42645240e-01
    1.60742319e+00 9.55129206e-01 3.52698505e-01 7.16069162e-01
    5.26142180e-01 -1.93214655e-01 -7.56737053e-01 6.12203836e-01
    -2.62519717e-01 -5.46827793e-01 5.72527170e-01 1.37004983e+00
    2.63314843e-01 1.04425383e+00 -5.62452316e-01 -4.06159341e-01
    2.37506628e-01 8.71755481e-01 1.12132776e+00 1.28407931e+00
    -5.26960373e-01 1.52232361e+00 -3.62806767e-01 -1.93351507e-01
    3.76903415e-02 4.77155626e-01 1.06343472e+00 1.00273633e+00
    9.95160341e-01 7.80552506e-01 -2.45260864e-01 9.09711003e-01
    3.96350682e-01 6.38797402e-01 8.10319424e-01 9.61015403e-01
    7.87566185e-01 4.76402879e-01 1.68487501e+00 4.66972172e-01
    6.42433703e-01 2.41903603e-01 -2.37866700e-01 -6.70295537e-01
    1.85467684e+00 8.65116477e-01 6.51852012e-01 7.02251494e-01
    9.40840065e-01 1.01935196e+00 5.52384615e-01 7.39567399e-01
    -1.99408501e-01 7.47745693e-01 5.59881330e-01 5.34049213e-01
    -2.58016765e-01 1.59325564e+00 9.30427074e-01 1.55366886e+00
    2.59082556e-01 2.57973731e-01 1.14409232e+00 2.04065681e-01
    5.44427037e-01 9.08610106e-01 -4.95377958e-01 -1.20696455e-01
    -5.86353719e-01 -2.20435709e-01 4.61767316e-02 1.78025675e+00
    5.47718048e-01 1.25822031e+00 -4.30525541e-02 1.52520370e+00
    7.94529438e-01 -2.86246538e-01 1.38980174e+00 -5.96268117e-01
    1.64110601e+00 -5.47487795e-01 2.80714095e-01 7.38890827e-01
    8.29122066e-01 -5.56133986e-02 1.00475550e+00 -3.61271650e-01
    3.45166326e-02 -5.79338431e-01 -5.43367088e-01 -3.97385865e-01
    -4.76666480e-01 -2.19897270e-01 8.73998284e-01 -5.23085475e-01
    1.52101421e+00 8.28157663e-01 5.55892587e-01 6.60012186e-01
    6.11846924e-01 1.15591395e+00 1.90576732e-01 1.09990680e+00
    3.92483711e-01 1.38863575e+00 -8.28914940e-01 2.34142601e-01
    1.16398573e+00 1.50900555e+00 -2.20577359e-01 3.74407232e-01
    -6.99623525e-01 -1.19422078e-02 9.24143434e-01 5.17020822e-01
    4.17548120e-01 -3.24628174e-01 4.88596559e-02 1.89757347e-02
    -3.07502210e-01 3.73296738e-01 3.65716279e-01 5.54145038e-01
    1.43921578e+00 -2.70166576e-01 1.09703398e+00 1.88121498e-01
    -1.27969384e-02 1.24629045e+00 2.59446323e-01 -1.72565818e-01
    4.23129082e-01 3.80158603e-01 8.15629005e-01 8.26919258e-01
    1.42609417e+00 -3.73133510e-01 5.15202641e-01 2.67413259e-01
    1.44232368e+00 1.95289612e-01 4.93269324e-01 -4.01020467e-01
    1.45357311e+00 4.94396806e-01 7.66884506e-01 1.20274544e-01
    6.52683437e-01 -8.49049091e-02 1.72627354e+00 7.55511045e-01
    1.13315701e-01 -8.53537381e-01 1.70426178e+00 3.88311923e-01
    4.27030206e-01 -7.27512419e-01 3.71753693e-01 8.84449601e-01
    2.83759177e-01 1.06665134e+00 2.81189740e-01 1.63546610e+00
    4.42569256e-01 8.55959177e-01 -2.58059442e-01 1.34925210e+00
    -8.05660188e-01 1.78141475e+00 -4.18077886e-01 3.49973500e-01
    1.16083193e+00 -4.23936248e-02 8.52186739e-01 1.38934910e-01
    1.16547096e+00 1.06838679e+00 6.44775510e-01 1.20154727e+00
    1.16361141e-01 -2.52475083e-01 -5.95777094e-01 -5.11107922e-01
    1.75439584e+00 4.70114470e-01 1.49321282e+00 1.63876915e+00
    -7.89639771e-01 -3.76890749e-01 -4.72730815e-01 4.15871739e-01
    1.15463126e+00 1.48281920e+00 2.77568460e-01 8.21700513e-01
    1.41430485e+00 1.70555651e-01 2.39463985e-01 1.33013403e+00
    3.33689213e-01 9.38885450e-01 9.65229988e-01 1.55740452e+00
    1.09868991e+00 4.55349147e-01 -1.74863219e-01 1.28357029e+00
    6.03233039e-01 1.45478010e+00 6.90102994e-01 3.13450694e-02
    -8.31231952e-01 1.34125757e+00 1.41226840e+00 2.54427433e-01
    2.34870613e-01 2.26472378e-01 6.42412424e-01 7.40421355e-01
    9.04368639e-01 4.05974746e-01 1.79630613e+00 -3.91376346e-01
    1.90031636e+00 -7.48687446e-01 8.56293976e-01 4.82218981e-01
    7.26801455e-01 1.36307240e+00 4.90473747e-01 1.44135070e+00
    1.30927384e+00 1.34118927e+00 -3.91051948e-01 1.82235968e+00
    1.56350470e+00 1.10176444e+00 1.50956202e+00 1.62192345e-01
    1.70966434e+00 -8.26466441e-01 1.78261948e+00 1.55259323e+00
    1.42156219e+00 1.28988647e+00 4.14556623e-01 7.36377597e-01
    1.68286669e+00 2.91322172e-01 -5.94345808e-01 -5.98369598e-01
    2.45528460e-01 8.39054108e-01 1.14792681e+00 -4.04419005e-01
    -9.39828157e-03 8.53777587e-01 -7.18984604e-01 5.52764416e-01
    -1.83547199e-01 9.13230956e-01 1.50202262e+00 1.61144483e+00
    3.78040552e-01 1.10118067e+00 3.53242695e-01 -6.62361801e-01
    5.46109796e-01 1.31458545e+00 2.45046973e-01 3.48078012e-01
    1.29583156e+00 8.96438479e-01 3.63312304e-01 -7.29993701e-01
    -2.77244538e-01 -3.79680216e-01 6.10787272e-02 1.36331034e+00
    1.61918104e+00 1.36745870e+00 1.38861895e+00 -5.09650111e-01
    4.91106510e-03 -4.79893327e-01 7.81871796e-01 9.59528983e-01
    1.40188885e+00 -5.39043367e-01 1.46722960e+00 1.58637714e+00
    -6.77750111e-01 1.52561915e+00 -3.54569048e-01 -3.50539833e-01
    4.84056473e-01 1.28582776e+00 -3.19730848e-01 -2.33547390e-01
    4.05411899e-01 -4.76620108e-01 1.04084253e+00 1.99558139e-01
    1.43358684e+00 6.29169106e-01 -2.35256135e-01 1.69312978e+00
    2.11523831e-01 2.09260404e-01 -2.84739882e-01 4.78259265e-01
    1.64478862e+00 1.31599176e+00 -5.35748065e-01 2.77141213e-01
    1.31093264e+00 1.02067006e+00 1.59808660e+00 -2.17432559e-01
    1.32307506e+00 1.26530623e+00 -7.55846202e-01 -5.32635093e-01
    1.58074379e+00 -1.79375112e-01 1.29780436e+00 -8.68700802e-01
    8.93940687e-01 1.37541354e+00 1.53094661e+00 -1.02283633e+00
    1.35685718e+00 3.83348048e-01 1.00200057e+00 1.73357701e+00
    -5.94991446e-01 -3.50889504e-01 4.02299464e-01 9.47083533e-01
    -7.04922676e-02 -1.30153358e-01 1.00778115e+00 8.83614004e-01
    -1.61428750e-01 1.14581656e+00 1.59422374e+00 3.06333423e-01
    1.58256376e+00 9.35264468e-01 4.17896986e-01 7.70483077e-01
    8.46016407e-02 2.88529873e-01 -6.57186747e-01 1.81936431e+00
    -1.67006254e-01 5.62862813e-01 -8.13215554e-01 1.29445851e+00
    1.53693664e+00 7.79830456e-01 1.50340557e+00 1.53488994e-01
    9.84338880e-01 1.04263031e+00 -5.14228940e-01 1.05811751e+00
    -5.93467236e-01 1.86718798e+00 -2.81448662e-01 -2.21222937e-01
    1.44632053e+00 6.02927208e-01 1.69060385e+00 -2.18299329e-01
    9.76828039e-01 -8.94997716e-02 -1.58722579e-01 7.45828807e-01
    -6.14740372e-01 -4.31755066e-01 -6.46162391e-01 -1.21715307e-01
    1.82195902e-02 -8.92527997e-01 7.58154154e-01 1.21457350e+00
    1.28188205e+00 -7.87560344e-02 7.92879820e-01 -4.44934338e-01
    1.71448410e-01 -3.69416267e-01 1.49857354e+00 -3.87036204e-01
    4.23257351e-01 1.01407647e+00 -7.90151060e-01 1.59315908e+00
    1.13008308e+00 -6.26088500e-01 1.44230509e+00 6.83325648e-01
    1.35845733e+00 -4.83157247e-01 -4.43296820e-01 -9.17315483e-05
    3.00484300e-01 9.11536336e-01 7.02779174e-01 -8.09760094e-01
    1.10034871e+00 1.30229521e+00 1.41426051e+00 -5.36323428e-01
    7.70969093e-01 -1.54402196e-01 2.17137098e-01 -5.46891451e-01
    5.64049244e-01 1.68087041e+00 -3.63614261e-01 -2.62488246e-01
    1.07222199e+00 7.24035740e-01 -2.83816099e-01 2.66621351e-01
    1.27744520e+00 -1.47480488e-01 6.97523236e-01 2.83722103e-01
    -3.68773937e-02 1.48057079e+00 3.48459244e-01 1.33224177e+00
    6.48310840e-01 -7.77956426e-01 1.83732343e+00 1.08926213e+00
    -3.59632313e-01 1.43967652e+00 2.11724520e-01 8.23947191e-01
    8.72819722e-01 6.10919833e-01 1.43193889e+00 1.30207622e+00
    1.55129337e+00 1.64630044e+00 2.27750540e-01 -6.45385087e-01
    -6.64679885e-01 1.35041571e+00 3.35396528e-02 -3.05161685e-01
    -7.43356347e-02 1.46520078e-01 3.11397910e-01 -1.28319800e-01
    6.20957315e-01 5.59201479e-01 1.57861245e+00 1.98519647e-01
    -6.57253265e-02 -1.75216615e-01 1.01134574e+00 4.53235149e-01
    1.21494961e+00 1.60815513e+00 -7.33743012e-01 2.82696843e-01
    1.78741503e+00 1.08188808e+00 -4.43860799e-01 1.16730106e+00
    4.09409523e-01 1.23291099e+00 4.15742993e-01 -4.20492887e-02
    -7.01607943e-01 1.77272511e+00 -6.99556231e-01 1.73770475e+00
    -4.61299360e-01 1.74136245e+00 4.97175932e-01 1.44193447e+00
    -9.21767592e-01 9.98710513e-01 -2.74005055e-01 1.30985224e+00
    1.27472234e+00 -4.25219089e-01 7.55954921e-01 1.17099106e+00
    9.79642630e-01 2.53212690e-01 3.71441424e-01 -3.37334633e-01
    -8.15747619e-01 1.59318209e+00 4.04156446e-01 1.21436155e+00
    4.53734934e-01 7.30157435e-01 -5.29237330e-01 6.92040384e-01
    1.22716606e+00 1.11782491e+00 7.42417455e-01 1.30233526e-01
    1.11061597e+00 7.87110925e-02 8.17380667e-01 -1.44945443e-01
    6.10929728e-03 1.48433912e+00 -3.80437791e-01 -1.84275985e-01
    1.62259185e+00 1.07453728e+00 3.14122796e-01 5.26821911e-01
    1.27088535e+00 1.17484915e+00 1.17741394e+00 1.33156192e+00
    6.21185064e-01 -3.99923563e-01 4.42690969e-01 1.60144114e+00
    1.12786412e+00 5.68798959e-01 4.24555779e-01 1.57711005e+00
    -8.00763190e-01 1.53438032e+00 -8.38255882e-02 7.74395704e-01
    -3.40310782e-01 -2.77658224e-01 1.00510287e+00 1.46699965e+00
    -4.09486860e-01 -1.98716730e-01 -5.01761913e-01 -1.22114539e-01
    -2.98923254e-03 -2.07216859e-01 7.39623725e-01 7.57661104e-01
    -6.87223971e-01 -4.16915774e-01 1.29468918e+00 1.24331737e+00
    7.06379056e-01 -1.27765059e-01 7.94433296e-01 1.04873323e+00
    -2.72279382e-01 6.89920843e-01 1.35067880e-01 -4.26855415e-01
    8.39103937e-01 1.53810310e+00 -2.55477428e-03 6.15594149e-01
    -3.48600626e-01 1.28390193e-01 5.79122066e-01 1.01737869e+00
    1.67329204e+00 1.07001483e+00 1.34289861e-01 7.41915464e-01
    1.32600510e+00 1.39030313e+00 1.03724515e+00 5.92943549e-01
    1.40702677e+00 -3.85845900e-02 7.67270088e-01 1.35192561e+00
    5.78370273e-01 2.27789879e-02 3.31002295e-01 1.31327105e+00
    -2.46373713e-01 -2.01173306e-01 3.78854871e-01 8.50073695e-01
    -1.05889440e-02 5.50190926e-01 8.41584027e-01 1.60056448e+00
    -6.20637417e-01 1.60347009e+00 1.02536821e+00 7.13154316e-01
    -6.47135615e-01 2.26121962e-01 1.14321434e+00 9.31260943e-01
    1.26916420e+00 9.87293839e-01 1.09611678e+00 -5.93771279e-01
    1.45607579e+00 -8.82683218e-01 1.66808367e+00 -8.10715556e-01
    4.01332736e-01 1.59067726e+00 1.06308389e+00 -3.72525334e-01
    1.88874185e-01 -2.59819567e-01 7.77786076e-01 -4.92271453e-01
    -1.82714999e-01 1.04360938e+00 -5.21909595e-02 1.48429728e+00
    -1.03421867e-01 -4.18588400e-01 1.33960044e+00 1.32050025e+00
    1.42435122e+00 -7.55430460e-02 1.04641390e+00 -3.88762951e-02
    1.49689341e+00 1.21096230e+00 6.65995479e-01 -1.49831712e-01
    1.30000234e+00 -1.64705276e-01 8.64145041e-01 2.90588915e-01
    1.34353852e+00 1.61757195e+00 5.31109571e-02 1.40226746e+00
    -4.96215582e-01 1.27322960e+00 -3.79224956e-01 -9.79376435e-02
    1.53334081e-01 -4.97164726e-02 4.24030483e-01 1.41592407e+00
    1.12015080e+00 6.58603191e-01 1.40818667e+00 -1.99288309e-01
    2.05185354e-01 -6.06503844e-01 -8.14448595e-02 9.32700038e-01
    -1.14598751e-01 1.55747747e+00 1.11726713e+00 6.13650680e-01
    1.12453473e+00 5.99690914e-01 1.51084673e+00 -9.00834680e-01
    1.41826272e+00 1.28053129e+00 4.08795714e-01 5.78021884e-01
    1.96919262e-01 5.13988256e-01 1.09636021e+00 4.66019511e-02
    1.94582462e-01 2.64085412e-01 1.18926001e+00 1.65530980e+00
    2.06432283e-01 1.49327147e+00 1.59864962e-01 6.79216743e-01
    1.20619595e+00 1.32500613e+00 1.36124575e+00 -9.94051754e-01
    1.34593546e+00 -3.17863524e-01 1.32080448e+00 -3.97618353e-01
    -8.18114281e-02 9.37452435e-01 8.06585371e-01 2.92052507e-01
    2.91617632e-01 1.17507625e+00 -6.82495236e-02 -8.13854337e-02
    -5.01261532e-01 5.69800436e-01 -9.30677056e-02 7.20664918e-01
    -3.52875948e-01 1.86674297e-01 1.75236464e-01 7.93867290e-01
    4.05111313e-02 1.62063861e+00 -5.48608184e-01 2.67137349e-01
    6.91030502e-01 4.45367455e-01 -4.56061810e-01 1.46397173e-01
    -4.24161881e-01 5.30090630e-01 -5.25178313e-01 9.50417399e-01
    -2.88044512e-01 9.44964230e-01 -5.39276898e-01 -2.39719898e-01
    7.72957206e-02 5.59231400e-01 1.41181600e+00 -5.45278192e-01
    1.19622874e+00 -6.83637679e-01 6.50717199e-01 -3.59310627e-01
    1.92123473e-01 1.49043643e+00 -9.79636908e-02 1.43573189e+00
    -4.72586483e-01 1.73944092e+00 -2.76834279e-01 -3.72614503e-01
    -3.55586499e-01 8.80123615e-01 7.75997341e-01 5.38151979e-01
    3.87620747e-01 1.28774214e+00 1.48463297e+00 2.05452144e-01
    -3.21465611e-01 1.16558647e+00 -3.95753860e-01 1.26880836e+00
    -5.29887915e-01 -5.67710042e-01 6.14012420e-01 -6.96416080e-01
    1.75872087e+00 3.69909644e-01 1.60215914e-01 -3.00119162e-01
    4.25776601e-01 1.31756139e+00 1.41965294e+00 2.31065214e-01
    2.32345104e-01 9.61214781e-01 5.73070645e-02 1.20971179e+00
    -5.31103134e-01 -5.96860588e-01 1.61094248e+00 7.14255631e-01
    1.19820464e+00 9.59858060e-01 1.05722380e+00 1.52157497e+00
    -5.71318507e-01 -6.30784750e-01 -3.99159312e-01 7.79316902e-01
    1.14319932e+00 1.42927587e+00 -7.76463747e-02 6.26014233e-01
    5.86649656e-01 -1.66198432e-01 1.30897224e+00 -8.52990210e-01
    1.50956225e+00 1.76859665e+00 -5.05604982e-01 2.82733738e-01
    1.12395453e+00 3.83616924e-01 5.23010373e-01 1.67648435e+00
    5.65808296e-01 -4.43312913e-01 2.36178160e-01 7.42518604e-01
    1.22134566e-01 3.46293092e-01 1.01713359e-01 1.89314437e+00
    -5.04251182e-01 4.75781500e-01 1.17371321e+00 9.82689738e-01
    1.11525238e+00 1.52849770e+00 3.82918358e-01 -1.75462127e-01
    -3.05618763e-01 8.90414596e-01 9.13159251e-01 2.46150494e-02
    7.88130581e-01 -8.00966263e-01 1.51527309e+00 1.50590146e+00
    -8.37175548e-01 4.65687871e-01 -1.06858253e-01 1.11911798e+00
    1.45003724e+00 9.73022103e-01 7.49724686e-01 1.10595965e+00
    -7.23591685e-01 -5.54489315e-01 4.62058783e-02 8.70995700e-01
    -5.25303721e-01 1.19744456e+00 7.79874921e-01 6.16149426e-01
    1.14204407e+00 -4.87468541e-01 1.51627207e+00 2.87131906e-01
    -2.04654515e-01 -7.60900080e-01 1.52592897e+00 -3.03129017e-01
    9.60750580e-02 1.50993717e+00 7.19177127e-01 6.46323264e-01
    1.12316418e+00 7.68942535e-01 -7.66350448e-01 6.15842164e-01
    -1.77874029e-01 -6.30297184e-01 1.46534860e-01 5.44174552e-01
    2.71864057e-01 1.32324910e+00 6.20618820e-01 1.00257063e+00
    6.23391986e-01 1.25489795e+00 1.38633156e+00 -5.51203847e-01
    1.36968732e+00 1.52877176e+00 2.58610427e-01 1.21062326e+00
    -3.23085368e-01 -6.63663328e-01 1.44361615e+00 5.44359565e-01
    -1.73536539e-02 1.16973376e+00 1.15243685e+00 9.29947853e-01
    6.38423204e-01 8.40430498e-01 -3.91640723e-01 1.19604802e+00
    2.76949406e-02 1.16829848e+00 6.84328318e-01 1.05374014e+00
    1.13139570e+00 1.33791733e+00 1.46344721e-01 -7.46643424e-01
    -6.27952456e-01 1.55132127e+00 -1.78841949e-02 -3.26123118e-01
    -6.12630367e-01 7.58292139e-01 1.20901322e+00 1.39087689e+00
    1.16836452e+00 -6.42931461e-03 1.31060731e+00 1.16410613e+00
    1.37200391e+00 -7.66278803e-01 1.44735396e+00 1.41644025e+00
    5.43097019e-01 -5.66553473e-01 9.12670374e-01 -7.28718638e-01
    1.68142378e-01 -4.34044003e-01 1.39714694e+00 4.31382179e-01
    9.92920518e-01 7.41316199e-01 -6.58097446e-01 1.10891366e+00
    -8.90576899e-01 8.10287476e-01 6.49726987e-01 1.44885767e+00
    4.73829150e-01 1.48449397e+00 1.23319972e+00 1.69109881e+00
    6.58286929e-01 1.13609993e+00 1.00151742e+00 1.25316739e-01
    6.97890937e-01 1.85802519e+00 2.84746289e-01 1.70111716e+00
    1.44402730e+00 -1.58246756e-02 3.09082687e-01 -8.71864140e-01
    -7.18718469e-01 1.38784862e+00 -1.80655420e-01 1.60517657e+00
    1.53548944e+00 1.19633651e+00 6.37458682e-01 1.35251677e+00
    1.03881705e+00 1.32642269e+00 1.19530344e+00 3.14151645e-01
    1.17403626e+00 -7.08198309e-01 1.53078437e-02 1.38954067e+00
    1.17230451e+00 3.74151945e-01 -8.87772024e-01 1.53965354e+00
    2.24980712e-02 7.90166557e-01 4.24672425e-01 -3.43515068e-01
    -2.16929317e-01 5.25182068e-01 -5.84934354e-02 1.08900070e+00
    9.99742568e-01 -5.83057165e-01 -5.40128946e-02 8.34104002e-01
    7.37466872e-01 8.67924392e-01 3.39235187e-01 -4.54313695e-01
    7.72350788e-01 -3.14319730e-01 7.36350715e-01 7.27744997e-01
    1.34609234e+00 1.24184000e+00 1.40286791e+00 -2.58418918e-02
    -4.92175549e-01 1.22008121e+00 1.27169299e+00 -3.64474535e-01
    4.63154852e-01 -2.77680010e-01 1.68824077e-01 4.80024099e-01
    1.49260855e+00 -3.02743137e-01 1.65335774e-01 9.72093701e-01
    9.87115145e-01 1.50787473e+00 8.19467485e-01 -5.38744926e-01
    6.55195355e-01 -2.10201681e-01 -4.52105403e-01 6.15059197e-01
    -6.94646835e-02 6.44759953e-01 -7.19268560e-01 1.80907536e+00
    1.28950155e+00 -6.10121667e-01 3.26950550e-02 1.05683517e+00
    5.00411630e-01 1.79905796e+00 1.46110785e+00 1.44193590e+00
    1.48481822e+00 1.03190362e-01 3.79429519e-01 9.53637362e-01
    -1.02043688e-01 1.51685905e+00 -7.81645119e-01 -7.69488633e-01
    9.71779346e-01 6.32994175e-02 1.12954831e+00 1.10595167e+00
    -2.00249910e-01 1.36707425e+00 8.55362415e-02 8.22886705e-01
    7.39810109e-01 2.28133559e-01 -4.12791133e-01 1.30335748e-01
    -1.72260106e-01 1.39436865e+00 2.98407674e-02 -6.21101737e-01
    3.26932073e-02 1.22979355e+00 2.82649219e-01 1.03814304e+00
    4.17222083e-01 1.09805059e+00 1.25816190e+00 1.36231565e+00
    -4.20507491e-01 5.09783745e-01 -4.24746484e-01 2.56398976e-01
    -3.84773195e-01 -6.21287227e-01 3.07724357e-01 1.14466119e+00
    1.17544830e+00 -8.19812119e-01 1.32389379e+00 7.26526141e-01
    -4.90206510e-01 4.75159645e-01 8.24027896e-01 -4.97966588e-01
    1.17068887e-01 2.21958339e-01 -2.13070095e-01 1.28067636e+00
    7.74021983e-01 9.25178766e-01 4.80595052e-01 1.43190265e+00
    1.29387212e+00 1.56765926e+00 6.08300328e-01 -2.27190971e-01
    5.93135059e-01 1.56690288e+00 1.49155867e+00 9.56344604e-02
    1.64381039e+00 7.32814968e-01 1.31678462e-01 9.32219803e-01
    1.95970595e-01 8.12498331e-02 1.07680011e+00 -7.30614662e-01
    -6.23442531e-02 5.82537770e-01 4.17070627e-01 -2.42228687e-01
    1.32164025e+00 4.44566667e-01 -5.32055795e-01 3.03788126e-01
    1.11987257e+00 2.16223598e-01 1.53953052e+00 1.14611268e+00
    9.60455894e-01 9.87225473e-01 -4.57042873e-01 1.65618169e+00
    -4.75057244e-01 1.56620479e+00 1.09739792e+00 -7.76494980e-01
    6.87196136e-01 1.30121481e+00 -3.29675376e-01 1.54811716e+00
    1.18586135e+00 8.88049185e-01 1.12107277e+00 9.86462533e-01
    -4.57600325e-01 1.25681376e+00 -2.30812550e-01 -5.63615680e-01
    -6.58766866e-01 1.23692763e+00 5.55431485e-01 -2.14208782e-01
    8.44705105e-01 8.74060750e-01 7.04482079e-01 -1.27897263e-01
    1.58969975e+00 2.81355023e-01 1.61772490e+00 1.05796421e+00
    -2.56630301e-01 -1.52754843e-01 2.67383099e-01 1.57653069e+00
    4.40098882e-01 1.37642407e+00 5.36551714e-01 7.08383262e-01
    4.29733157e-01 8.95648658e-01 9.65069175e-01 4.89122272e-01
    -7.47124434e-01 1.30572104e+00 3.29506218e-01 1.32425988e+00
    9.49012697e-01 -2.22277373e-01 2.96507239e-01 8.56087267e-01
    1.68644071e+00 1.46556163e+00 1.21900892e+00 -7.85228252e-01
    -4.66416836e-01 1.19723737e-01 9.18429494e-01 1.54908502e+00
    2.96693206e-01 7.23548770e-01 8.90190482e-01 1.47672176e+00
    -5.58176398e-01 1.79735208e+00 1.02708220e+00 1.90250993e-01
    6.45283580e-01 -4.04252917e-01 9.51425433e-02 2.60671139e-01
    6.19586706e-02 1.76018071e+00 1.08538330e-01 1.30537868e+00
    1.32177138e+00 -4.77578044e-02 1.37798905e+00 1.29780173e-01
    7.55657077e-01 -1.48221135e-01 -6.61876917e-01 -5.51497996e-01
    1.54588497e+00 -2.76897132e-01 -5.18213153e-01 6.05922103e-01
    -5.68878770e-01 -5.63465595e-01 4.29595292e-01 -2.60065258e-01
    -7.02549696e-01 -2.10024714e-01 8.49778831e-01 1.59418929e+00
    1.75412011e+00 9.80460346e-01 -5.26811004e-01 -7.53001571e-01
    -6.96551263e-01 1.18212724e+00 1.62835288e+00 -7.75384545e-01
    -5.34989297e-01 1.31983721e+00 8.22448730e-03 -8.45802486e-01
    6.40777647e-01 1.70286417e+00 1.75716448e+00 9.59277749e-02
    -1.30237937e-02 1.22398615e+00 1.42260683e+00 1.47381639e+00
    -1.30750179e-01 1.81426406e-02 1.95623779e+00 -3.14259291e-01
    1.38230038e+00 -1.45396531e-01 -4.70684767e-01 9.24744129e-01
    2.74019241e-01 1.15359128e+00 1.45133579e+00 1.35874295e+00
    5.41064501e-01 1.12453902e+00 5.25724411e-01 4.07894611e-01
    7.65635848e-01 5.09592116e-01 1.23463368e+00 -4.00728345e-01
    1.14700043e+00 1.44679582e+00 -8.45016599e-01 6.93661332e-01
    1.54258990e+00 1.05366766e+00 6.74377084e-02 1.60509562e+00
    2.64699936e-01 1.29916739e+00 -5.24915934e-01 -9.59086418e-02
    7.54257381e-01 2.52807140e-01 4.23382759e-01 1.58168042e+00
    -9.07019377e-01 9.46532726e-01 -8.26768756e-01 1.02898550e+00
    2.65181184e-01 -2.14383960e-01 1.31861246e+00 3.14309359e-01
    1.69918108e+00 8.46812904e-01 1.04731452e+00 4.02608156e-01
    2.05838025e-01 1.83741093e+00 -5.71400881e-01 -2.86468863e-02
    -3.34942818e-01 -3.53894234e-02 -3.21169168e-01 -6.53377473e-01
    -5.19030154e-01 8.43029022e-02 1.55436933e+00 5.35937428e-01
    -3.68517280e-01 1.03289425e+00 2.34445572e-01 1.47099471e+00
    1.09842265e+00 1.03056228e+00 -5.83397150e-01 -4.43321675e-01
    -4.18838084e-01 -4.96840656e-01 1.23831594e+00 2.48243213e-01
    3.31134081e-01 8.09992075e-01 4.81959581e-02 1.28945827e-01
    7.39711523e-01 4.92565155e-01 1.48740482e+00 1.59748864e+00
    -5.60214818e-01 -1.22054636e-01 4.86225247e-01 7.58700013e-01
    8.84916663e-01 -2.95230746e-01 -1.89025998e-01 6.95797741e-01
    -1.78131104e-01 9.05268908e-01 5.13383925e-01 6.31925106e-01
    8.16813827e-01 1.34657001e+00 8.39270413e-01 1.14182162e+00
    1.42828584e+00 7.91573524e-03 9.32054996e-01 1.57962775e+00
    2.37160921e-01 6.64587080e-01 5.61220467e-01 4.53556538e-01
    9.91658986e-01 1.38961887e+00 1.30932999e+00 1.45446801e+00
    -7.12600827e-01 1.69189239e+00 -3.13694298e-01 -9.48963761e-02
    5.68533421e-01 1.31903994e+00 -1.56477690e-02 8.72608781e-01
    1.11415553e+00 -2.24376619e-01 -4.50272679e-01 8.14033270e-01
    1.51006174e+00 -5.50591946e-02 -4.08871949e-01 -1.35934174e-01
    2.98315287e-02 -1.40652180e-01 1.06393480e+00 -5.01021385e-01
    1.27171469e+00 3.89960408e-02 -4.04595137e-02 -4.64463234e-01
    3.61851692e-01 -6.87571287e-01 8.19133639e-01 2.70495355e-01
    2.90752709e-01 -3.17670047e-01 4.54105318e-01 5.04895926e-01
    7.52222061e-01 1.12424433e+00 9.52664971e-01 8.80674958e-01
    1.40512192e+00 6.82563305e-01 -2.23865449e-01 1.41727209e-01
    8.69661689e-01 1.42355442e+00 7.63175726e-01 1.02816474e+00
    -2.40889668e-01 6.54443979e-01 -3.28068286e-01 1.16318321e+00
    6.76513195e-01 7.98917472e-01 1.32894528e+00 9.94902074e-01
    6.13864958e-01 1.19061637e+00 1.29836214e+00 1.34591532e+00
    8.39334965e-01 1.30792093e+00 2.41799951e-02 2.37459600e-01
    -3.82399768e-01 1.42203903e+00 1.61824226e-02 9.04618859e-01
    9.36864913e-01 4.90646720e-01 1.68611813e+00 3.09697270e-01
    -8.21610332e-01 1.09550750e+00 1.12084949e+00 7.30010450e-01
    -4.72060502e-01 -9.29513574e-02 6.97965622e-01 1.04246318e+00
    1.14649749e+00 -2.09596813e-01 7.93950617e-01 1.02635825e+00
    -2.06088603e-01 4.82264161e-01 3.82336855e-01 -1.37449563e-01
    3.46831322e-01 1.55761540e-01 8.19180787e-01 1.35184693e+00
    1.79380298e+00 1.77391469e-01 -7.18193352e-01 4.32686567e-01
    1.34394085e+00 5.79915524e-01 -8.15752149e-02 1.21720409e+00
    5.05149484e-01 -8.68272781e-03 -3.34556043e-01 1.24514771e+00
    -4.83108759e-01 1.13218403e+00 8.12881649e-01 1.44924569e+00
    1.55393434e+00 3.11248720e-01 -2.88499475e-01 8.26697290e-01
    9.65815663e-01 8.23870301e-02 -9.11522508e-02 3.58573914e-01
    6.29422188e-01 5.90323210e-02 3.55841935e-01 -3.84956568e-01
    1.32792199e+00 8.72259378e-01 2.38980949e-01 1.19048357e-02
    1.71960139e+00 2.80542612e-01 1.16382170e+00 1.31867969e+00
    1.69289196e+00 1.39090347e+00 -2.12902784e-01 9.11083579e-01
    -4.94703412e-01 -8.05397213e-01 2.50897944e-01 4.44252491e-02
    1.53588283e+00 -6.50598884e-01 -4.90133792e-01 1.79979515e+00
    5.61725736e-01 1.28930974e+00 1.48144352e+00 2.49817491e-01
    7.70768523e-01 7.73231983e-02 7.70058632e-02 -1.68925196e-01
    -2.01181710e-01 -2.20863461e-01 1.50665474e+00 4.93506193e-01
    1.58298576e+00 5.19086123e-02 6.49584472e-01 -4.02321011e-01
    1.54162717e+00 -3.15153360e-01 1.78754282e+00 1.15631688e+00
    3.58634591e-02 1.15613842e+00 -2.50732720e-01 1.29330778e+00
    2.93460369e-01 1.49303675e+00 6.02730393e-01 2.82299936e-01
    1.06787324e+00 -4.10437196e-01 3.14463437e-01 -6.55404449e-01
    4.38416839e-01 7.10012555e-01 6.45037532e-01 8.77841115e-01
    3.69530797e-01 -4.30922031e-01 -1.13197327e-01 1.20789003e+00
    1.28496957e+00 7.99142957e-01 1.57238603e+00 -4.23323214e-01
    9.27672267e-01 1.43280816e+00 -4.59860235e-01 1.20177054e+00
    1.05848181e+00 1.45198607e+00 1.24035645e+00 1.63006687e+00
    7.83020258e-03 1.41356230e+00 5.64995527e-01 5.26284277e-01
    -5.43787956e-01 4.25801873e-01 8.81418109e-01 1.36832571e+00
    -5.29766440e-01 1.74206460e+00 7.17585206e-01 9.81178164e-01
    1.30576253e+00 1.50097966e+00 -5.47858417e-01 6.45449758e-01
    1.79503751e+00 1.62531471e+00 9.72963572e-01 1.32820392e+00
    -9.70175266e-02 1.17712784e+00 1.53675032e+00 -4.39176589e-01
    1.11463571e+00 3.38074207e-01 6.43354535e-01 8.66767526e-01
    6.72926247e-01 4.68831301e-01 2.14851618e-01 1.64697039e+00
    7.40984678e-01 1.62703800e+00 1.19335949e+00 3.92927170e-01
    2.26803303e-01 1.33045268e+00 4.95353937e-01 1.44607162e+00
    2.25864232e-01 1.18100405e-01 -5.07273912e-01 1.00409603e+00
    -5.44017971e-01 7.95588911e-01 1.37856364e+00 7.88923860e-01
    1.00114942e-01 1.28076804e+00 8.86947215e-01 1.62474513e-01
    1.42315578e+00 -6.16967857e-01 -3.89623374e-01 -2.06105828e-01
    -9.29611325e-02 1.07812846e+00 1.66545641e+00 -5.45562029e-01
    3.25913846e-01 1.14259541e-01 6.62518024e-01 -7.33971655e-01
    1.46984220e+00 2.10958004e-01 1.05675995e-01 2.15961337e-01
    -3.98054510e-01 5.33103347e-02 -2.34775364e-01 1.63489223e+00
    -1.65392399e-01 2.32315779e-01 5.16730070e-01 7.23189116e-01
    6.91715479e-01 9.38124061e-01 1.18086958e+00 -4.29050267e-01
    -2.57402658e-01 1.65779495e+00 1.58017993e-01 1.02189648e+00
    -1.74238205e-01 1.16025138e+00 1.62453425e+00 1.40464377e+00
    6.78334475e-01 1.78155279e+00 -2.13939428e-01 4.47206676e-01
    1.08263266e+00 1.48248005e+00 1.21560597e+00 1.40318882e+00
    1.51641083e+00 -4.91737247e-01 9.79265749e-01 1.02711725e+00
    1.17752290e+00 -2.43709147e-01 -1.77221358e-01 1.24002469e+00
    5.66487789e-01 2.12026596e-01 1.37347054e+00 6.93739653e-02
    1.09809542e+00 8.63318861e-01 -5.66381693e-01 1.31397486e+00
    1.19547725e+00 5.18110216e-01 -6.02395117e-01 -1.58196032e-01
    -2.52565891e-01 -1.31356716e-01 8.48749816e-01 1.07858896e+00
    8.98427367e-02 3.53262067e-01 6.87370300e-01 -1.27473533e-01
    -5.55539429e-01 -4.70095247e-01 1.41152143e+00 9.28561211e-01
    6.95017993e-01 -4.58829671e-01 4.20427203e-01 8.45747709e-01
    1.00613821e+00 -6.81036711e-02 -9.66586888e-01 1.57619643e+00
    9.64236379e-01 6.99186325e-02 8.05046916e-01 2.25061238e-01
    1.65587282e+00 2.72062421e-01 1.07386184e+00 2.58725107e-01
    4.05400753e-01 -5.70798516e-01 3.21231961e-01 5.09445965e-01
    4.55494642e-01 1.28449321e-01 5.87697804e-01 2.54383087e-02
    -3.32221985e-02 1.51803255e-01 -1.24108970e-01 -6.17568612e-01
    3.56541038e-01 -6.24266207e-01 1.76603937e+00 -6.48806095e-01
    7.46023059e-01 8.83516669e-01 -9.31438029e-01 1.11796021e+00
    5.22164404e-01 1.37699652e+00 7.93622494e-01 1.28282738e+00
    8.38377059e-01 1.11169970e+00 5.69911480e-01 -7.24956691e-01
    1.19040203e+00 1.17366052e+00 -3.77107143e-01 1.18091774e+00
    7.62925208e-01 4.68965173e-02 1.62790561e+00 -2.54547119e-01
    -5.52305579e-01 -2.24413902e-01 -1.61969602e-01 1.29688811e+00
    1.60843861e+00 -4.84774321e-01 3.81631970e-01 -1.89018130e-01
    4.06469226e-01 -6.83974624e-02 -4.71715748e-01 -3.33297372e-01
    7.95863867e-01 1.32647932e+00 3.25076580e-01 1.11724448e+00
    1.65691662e+00 1.41017485e+00 8.49107265e-01 7.60858774e-01
    1.84785068e+00 1.45654798e-01 1.09314013e+00 -5.48846066e-01
    1.34087920e+00 3.65603089e-01 9.31300998e-01 -8.31183136e-01
    1.21998823e+00 1.71292567e+00 -5.55977225e-01 2.68424153e-02
    -2.10714936e-02 3.16420734e-01 -2.76183426e-01 1.07736731e+00
    1.73319626e+00 -6.11019433e-01 7.84946620e-01 -1.85608268e-02
    -3.95469546e-01 4.93698418e-01 1.01318491e+00 -5.38887918e-01
    9.28467512e-02 -3.00435781e-01 1.54732180e+00 -4.94825840e-03
    1.24427998e+00 -8.44667435e-01 1.21649444e-01 -4.97073710e-01
    -1.03342712e-01 5.62410176e-01 1.61712635e+00 2.62314558e-01
    1.59000683e+00 4.73197103e-01 -1.90909326e-01 1.64454103e+00
    -1.20417655e-01 -1.88150197e-01 -3.02291363e-01 2.71366477e-01
    1.08319187e+00 -1.83542371e-01 1.55443990e+00 1.22977018e+00
    1.42746592e+00 -2.90566444e-01 -2.96816468e-01 -3.54581416e-01
    1.36378241e+00 -5.73837757e-03 -2.89588988e-01 5.08923233e-01
    1.91532373e-01 4.35369372e-01 5.49584031e-02 1.17002594e+00
    5.08481443e-01 5.25002360e-01 -4.08641607e-01 -2.98651278e-01
    -1.98007822e-02 1.53323472e+00 1.03464651e+00 -2.61231184e-01
    -2.02446699e-01 -8.05535913e-02 7.81981349e-02 1.69479311e-01
    -1.57241523e-01 2.35674202e-01 -3.53930414e-01 8.28110933e-01
    1.32686698e+00 9.44710255e-01 1.00317073e+00 1.46586597e-01
    8.48335028e-02 3.35808814e-01 1.41825795e+00 6.05268538e-01
    9.60758448e-01 1.51805413e+00 -5.34270704e-01 8.74937356e-01
    1.15686190e+00 -8.55060101e-01 7.74549723e-01 1.10843897e+00
    -1.24821723e-01 7.34512687e-01 1.24037635e+00 1.18656635e+00
    -5.77384293e-01 1.53835416e+00 3.74219060e-01 -2.04920113e-01
    -2.11652279e-01 1.55807841e+00 8.98007274e-01 1.00327909e+00
    -5.42837918e-01 1.04341590e+00 -1.11268759e-02 1.62814248e+00
    3.05781901e-01 1.13068402e-01 2.63756692e-01 9.31702077e-01
    1.14512682e+00 -9.93854761e-01 1.41438138e+00 2.69368470e-01
    7.00212181e-01 1.38059092e+00 1.07952690e+00 -6.91519201e-01
    1.39723754e+00 -5.76772690e-01 3.36721659e-01 1.61974192e-01
    4.44398999e-01 -3.06379735e-01 1.20044780e+00 -1.43700242e-01
    1.20636892e+00 8.51638615e-01 -2.32778728e-01 1.19817686e+00
    -7.32458949e-01 1.31544566e+00 4.80942488e-01 1.52871823e+00
    -4.86382246e-01 1.21682751e+00 1.25801539e+00 1.83362675e+00
    -3.97284895e-01 7.36782610e-01 1.39521265e+00 2.74643898e-02
    -6.25219345e-01 1.44345391e+00 -3.13917875e-01 9.17936742e-01
    1.84783590e+00 -5.69745898e-01 1.54539347e-01 1.78087187e+00
    -6.71836495e-01 4.33624744e-01 6.28991365e-01 -3.87025207e-01
    1.74379408e-01 1.62615061e+00 -1.38677657e-01 7.72202253e-01
    1.45145380e+00 1.11635029e+00 1.29041457e+00 -2.66413093e-01
    1.09593284e+00 3.85467589e-01 -6.21729136e-01 9.31942284e-01
    1.34762204e+00 -7.46570587e-01 1.88660336e+00 -5.09818792e-01
    1.27810955e+00 8.64028215e-01 -3.34735394e-01 1.08963251e-01
    -5.38516641e-01 1.17799807e+00 1.41947114e+00 4.87475395e-02
    1.85597539e+00 8.62046599e-01 1.66830456e+00 -7.30746508e-01
    1.45661950e+00 1.61938787e-01 6.58328831e-01 1.59666705e+00
    -8.34738851e-01 1.57674694e+00 6.03640795e-01 6.41618490e-01
    1.53580844e+00 -7.42237508e-01 7.63344407e-01 -2.45925248e-01
    -1.87777877e-02 -7.26547658e-01 8.71524930e-01 3.74881029e-01
    1.15439117e-01 1.20178461e+00 1.20663834e+00 3.25342834e-01
    6.06973588e-01 6.61210418e-01 2.17377305e-01 -4.22529221e-01
    1.63121796e+00 -1.64409637e-01 -1.33506656e-01 1.50916576e+00
    1.51168251e+00 -2.60148346e-01 -1.75801516e-02 1.09916377e+00
    1.41133571e+00 1.61449170e+00 1.31057858e+00 1.15014374e-01
    1.01199222e+00 -6.44439995e-01 -1.61797404e-02 1.23264551e-01
    -8.11743975e-01 1.28977442e+00 4.98407245e-01 5.53153276e-01
    -6.03853703e-01 8.53600502e-01 -1.71283126e-01 -2.15919614e-02
    -3.99203300e-01 7.45971501e-01 7.06962645e-01 4.90310609e-01
    1.11076736e+00 7.40334570e-01 4.39862609e-01 9.82759953e-01
    -2.67626464e-01 3.41956377e-01 9.65780735e-01 1.11337578e+00
    -3.04933965e-01 1.25879657e+00 -4.29799646e-01 5.95913887e-01
    1.43045688e+00 -7.18131959e-01 2.44897842e-01 6.56989336e-01
    1.10429811e+00 -6.31467223e-01 1.77927184e+00 1.07699633e-01
    -6.43003941e-01 -6.39099836e-01 -5.65701723e-02 8.65890861e-01
    -5.16951442e-01 -6.21615291e-01 -1.28689766e-01 1.54935956e+00
    2.56445289e-01 -6.83546841e-01 7.55938649e-01 1.69375360e+00
    1.32199454e+00 1.11038995e+00 -5.29170573e-01 -4.21279669e-03
    3.35054696e-01 -1.78637207e-01 -3.12858313e-01 3.68207932e-01
    1.76679885e+00 -6.23465776e-02 1.71642995e+00 1.08355522e+00
    1.52917075e+00 1.04337490e+00 -6.10300899e-02 1.32375920e+00
    9.23157811e-01 5.43742180e-01 1.01847720e+00 5.58655083e-01
    8.28491449e-02 7.67833114e-01 1.29261506e+00 1.53770125e+00
    1.11381269e+00 8.78183842e-02 1.22542286e+00 -7.95858085e-01
    9.56227720e-01 3.63549054e-01 -5.39203823e-01 5.97856879e-01
    7.62295008e-01 9.67789173e-01 6.05601430e-01 -9.76162434e-01
    9.10544634e-01 8.32574427e-01 1.46826243e+00 -2.90492773e-02
    -1.75035268e-01 -2.78330624e-01 1.23322129e-01 1.03755379e+00
    7.72619963e-01 4.26063895e-01 5.49602270e-01 -3.09445083e-01
    1.39875472e+00 1.57795489e+00 1.31127739e+00 1.63327456e-01
    2.31250405e-01 9.68262911e-01 1.08621192e+00 1.01355481e+00
    1.23413157e+00 9.21972990e-01 5.96109867e-01 1.75543439e+00
    -1.58046663e-01 1.13577867e+00 -1.95269465e-01 1.59300077e+00
    1.42019165e+00 -5.87939382e-01 2.29919553e-01 -1.66754335e-01
    5.31300128e-01 -5.18131256e-01 -4.06247884e-01 1.76685452e-01
    1.08709371e+00 1.03537202e+00 9.57046330e-01 -8.81646633e-01
    3.63774180e-01 4.36767936e-01 1.67258072e+00 -5.12189269e-01
    4.13238823e-01 9.67578292e-01 -3.02339792e-02 3.24487686e-03
    1.50757444e+00 1.36638582e-01 5.84977329e-01 1.79975939e+00
    -4.76012528e-01 4.23041582e-02 -5.83043635e-01 4.60802495e-01
    2.35310435e-01 1.06837440e+00 -7.89717495e-01 1.54942656e+00
    1.18578887e+00 -3.24163228e-01 -3.80713016e-01 9.53092039e-01
    1.39388573e+00 8.98171723e-01 9.97827947e-01 -4.70252305e-01
    9.60627556e-01 6.49711251e-01 3.18148136e-01 6.46244645e-01
    -3.24537873e-01 6.52173877e-01 1.84569955e+00 6.64882302e-01
    -4.62316543e-01 8.06452692e-01 -6.70117140e-03 -6.95423424e-01
    1.24611926e+00 2.16311455e-01 1.69257247e+00 6.11434937e-01
    1.59204495e+00 5.92995167e-01 -4.88793552e-01 7.52256870e-01
    8.06078911e-01 1.45828032e+00 -2.76242316e-01 -6.12698078e-01
    6.80913925e-02 -1.94000185e-01 -1.72927022e-01 9.08331990e-01
    1.07567167e+00 1.66120887e-01 1.38224816e+00 7.83546925e-01
    2.24238753e-01 -5.12981176e-01 5.37801385e-02 -5.09206653e-01
    7.49341130e-01 1.60624444e+00 7.98181415e-01 -5.85328400e-01
    -6.10656440e-01 1.45233119e+00 -7.76016951e-01 1.36324227e+00
    4.79984820e-01 -4.05343682e-01 1.73894405e+00 -3.16766739e-01
    -8.39013457e-02 2.08329201e-01 1.36486590e-01 1.00019038e-01
    6.77532017e-01 2.31771588e-01 1.73560476e+00 1.07038152e+00
    3.18361878e-01 -6.07539654e-01 1.08676600e+00 1.73518157e+00
    -7.82134831e-01 2.85034955e-01 1.20413661e+00 1.06116676e+00
    -4.08237338e-01 -5.72827756e-01 -4.49003816e-01 4.20956910e-01
    9.58632469e-01 -8.20883512e-02 8.84334207e-01 4.35126364e-01
    1.66768658e+00 -4.54385221e-01 1.44490206e+00 1.01695514e+00
    -7.95915723e-01 1.79114199e+00 -6.64986968e-02 -4.69182611e-01
    1.61006343e+00 7.70488381e-01 1.08510053e+00 2.24422991e-01
    1.74143314e+00 -2.87286073e-01 5.40246427e-01 5.23135483e-01
    9.64438796e-01 4.67108428e-01 9.90419209e-01 -1.11792326e-01
    -4.81216878e-01 -3.93586665e-01 3.18899214e-01 2.24131167e-01
    1.56537735e+00 1.09411061e-01 1.28346372e+00 1.50964260e-02
    3.83379757e-01 -5.99057794e-01 -4.07445282e-01 5.09557247e-01
    3.65928471e-01 5.21947265e-01 1.27774024e+00 8.48279178e-01
    1.35405231e+00 2.53338695e-01 7.62386322e-01 -9.42041278e-02
    1.97184324e-01 2.12418854e-01 1.13468575e+00 1.49420762e+00
    2.04179168e-01 2.82775402e-01 1.14698076e+00 5.88371754e-01
    1.47620142e+00 -3.80284846e-01 1.29424214e+00 2.70829618e-01
    -5.21793723e-01 1.58137155e+00 1.61839926e+00 5.55116296e-01
    3.87384951e-01 1.02395141e+00 1.41655350e+00 1.14638507e+00
    8.94631088e-01 -2.09103584e-01 1.39821935e+00 -2.26029873e-01
    -6.81553364e-01 1.21429205e+00 5.08490682e-01 -1.24365389e-01
    1.77198124e+00 8.60783517e-01 -2.16828585e-02 1.32620978e+00
    1.12078726e+00 1.40990424e+00 1.15773392e+00 -7.26817727e-01
    8.48330140e-01 -6.51334107e-01 1.80398023e+00 -7.43386865e-01
    -4.62878942e-01 1.23066807e+00 -2.00038671e-01 1.26080394e+00
    1.05624974e+00 4.99349833e-02 1.10037005e+00 1.78030014e+00
    3.38206708e-01 -6.13859057e-01 -3.30654442e-01 9.21302378e-01
    -9.08443332e-02 -5.43376207e-01 -4.78253514e-01 1.34132481e+00
    1.19131923e+00 1.42312646e+00 2.85365582e-02 1.08635879e+00
    1.26683784e+00 -6.63227201e-01 1.28437543e+00 2.14336395e-01
    -1.68184638e-01 1.04227889e+00 1.27623200e-01 1.76460838e+00
    -7.71904171e-01 1.74143374e+00 4.98993635e-01 1.64170480e+00
    3.94110560e-01 8.11539948e-01 1.30749202e+00 1.33220279e+00
    1.62653089e+00 -5.58700204e-01 4.06853914e-01 1.64283168e+00
    -1.46701902e-01 -1.42314434e-02 1.42473722e+00 4.72437918e-01
    7.83552408e-01 2.86297560e-01 1.33485997e+00 -1.85808718e-01
    6.03174925e-01 5.89054823e-01 2.38291979e-01 1.83060300e+00
    5.46161771e-01 1.97957993e-01 -2.88019061e-01 8.44634771e-01
    1.13881230e+00 8.79551411e-01 1.68292713e+00 -3.09516251e-01
    1.33347821e+00 -2.88888037e-01 2.89831638e-01 1.23264170e+00
    -6.01246238e-01 -3.21090221e-01 -6.07228339e-01 2.88882732e-01
    5.62045813e-01 9.42804635e-01 6.50364041e-01 9.88542795e-01
    9.41439986e-01 1.30189776e-01 -6.30296588e-01 1.49758005e+00
    1.58376408e+00 9.21919107e-01 -5.83265245e-01 -6.03930354e-01
    1.58643007e-01 1.33934438e+00 4.44152713e-01 1.26747322e+00
    8.77981186e-02 1.41232407e+00 5.09332418e-02 4.95902359e-01
    -4.81988281e-01 -4.55829322e-01 8.37838829e-01 -3.13826889e-01
    1.17908978e+00 4.35826004e-01 6.66301310e-01 -1.31440938e-01
    7.17000961e-02 -1.78679943e-01 9.25359488e-01 7.82665193e-01
    -1.60134852e-01 8.21133971e-01 -5.35686255e-01 7.66842842e-01
    4.29252386e-01 1.33972847e+00 2.40069866e-01 -4.10114884e-01
    1.27226567e+00 -6.67067587e-01 7.04178095e-01 3.47427130e-01
    3.81435573e-01 7.55781591e-01 7.36326933e-01 1.86894941e+00
    -5.44393659e-02 -2.88137257e-01 8.26215386e-01 -1.57039702e-01
    2.19513178e-02 1.59771788e+00 1.71960330e+00 1.85098290e-01
    2.88385868e-01 1.36259735e+00 5.58261752e-01 9.26672220e-02
    2.71748006e-01 1.07348537e+00 1.32338023e+00 1.12818718e+00
    7.33805895e-02 1.42368901e+00 5.46625078e-01 -1.00890994e-02
    -3.07578385e-01 -1.42344028e-01 3.70162129e-02 -3.02700847e-01
    2.56952584e-01 6.11728430e-02 1.39615011e+00 -6.01186156e-02
    7.94834614e-01 1.61831808e+00 1.56576443e+00 -2.77590215e-01
    -1.56909704e-01 -4.88282591e-01 1.47120321e+00 1.08349979e-01
    3.87691617e-01 1.42225599e+00 5.65956771e-01 2.82407999e-01
    5.09234667e-02 -2.07812905e-01 7.45821893e-01 -8.23580801e-01
    1.28619170e+00 6.00532472e-01 -3.92053217e-01 1.70382035e+00
    1.57528996e+00 -1.95608377e-01 1.45869374e+00 -2.03517199e-01
    8.20903361e-01 3.45913351e-01 1.21788538e+00 -1.94600642e-01
    1.68494105e+00 -3.53487134e-01 -5.83897591e-01 5.17109811e-01
    -3.99198651e-01 -7.73672462e-02 4.54858899e-01 1.63744557e+00
    3.34695339e-01 8.26537132e-01 3.51950407e-01 -3.38795066e-01
    -8.47690105e-02 1.65036380e-01 1.31549692e+00 -2.86248624e-01
    -7.00974762e-01 -6.84795320e-01 8.27296138e-01 -7.23540664e-01
    1.80389392e+00 1.14430308e+00 1.90696418e-01 1.29234433e-01
    1.59372675e+00 6.52143419e-01 1.52472186e+00 1.28779030e+00
    4.80413437e-03 7.10642934e-02 4.72325087e-02 1.10646904e+00
    -1.94063842e-01 -1.82334781e-01 8.55106711e-02 3.23824048e-01
    -3.22205842e-01 -1.21415079e-01 1.61446095e-01 4.59330678e-01
    -6.08800828e-01 7.19254732e-01 8.26262414e-01 3.86054039e-01
    1.41777444e+00 -5.09940922e-01 -7.35431850e-01 1.62221086e+00
    6.78185225e-01 8.48125935e-01 7.72826374e-01 7.47804701e-01
    3.03570569e-01 8.91533256e-01 -3.03997278e-01 -1.41818583e-01
    3.90244663e-01 3.62878144e-01 1.13528705e+00 -8.42572212e-01
    1.55784512e+00 6.04074121e-01 -5.54250479e-01 7.47162700e-01
    -3.22218329e-01 1.75379455e-01 8.80384743e-01 1.23390651e+00
    2.94631779e-01 4.28126335e-01 -2.35409737e-02 1.88340962e-01
    9.76920128e-04 1.41323853e+00 7.28797317e-01 -2.93537140e-01
    1.42608607e+00 1.34908867e+00 8.45907927e-01 8.08624744e-01
    9.84525323e-01 3.81787002e-01 4.45003927e-01 9.70879912e-01
    2.73622513e-01 2.32410431e-01 -5.38524210e-01 1.88237834e+00
    5.29520392e-01 -4.91342366e-01 -2.21645117e-01 1.12428927e+00
    6.29391909e-01 -6.49791121e-01 6.23786986e-01 1.75356030e+00
    -5.83759248e-01 1.53242385e+00 7.06652284e-01 -6.42736435e-01
    -1.49561167e-02 -5.01187325e-01 1.94583416e-01 1.26407874e+00
    1.59510565e+00 -5.85884154e-01 3.77038121e-02 1.36312318e+00
    -3.66371572e-01 9.77829456e-01 4.79791343e-01 -2.02531040e-01
    1.06222188e+00 5.24530530e-01 -1.78111255e-01 -6.19380772e-01
    -3.11437577e-01 2.57655799e-01 -4.88494158e-01 1.74231923e+00
    1.51067555e-01 1.36554050e+00 9.37468290e-01 9.84422028e-01
    -4.00043815e-01 -3.51036221e-01 -5.76576889e-01 -3.15402269e-01
    1.70166492e+00 3.05052638e-01 1.57284641e+00 7.58585453e-01
    -4.80870366e-01 1.61707056e+00 1.27672970e-01 4.72839952e-01
    1.41703188e-01 -3.81619126e-01 1.20719862e+00 -4.75947082e-01
    8.87225330e-01 -4.77295339e-01 -3.22393239e-01 6.01946831e-01
    7.99840093e-01 -5.06261706e-01 1.70853722e+00 1.08020258e+00
    -4.37393278e-01 1.36269498e+00 7.11883366e-01 1.89022040e+00
    -7.51576900e-01 7.62694597e-01 1.46340096e+00 1.09874284e+00
    1.40874100e+00 1.52819765e+00 1.78201973e-01 -7.00740218e-02
    1.16886139e-01 7.84646869e-01 8.87649417e-01 6.62206054e-01
    1.45540071e+00 3.69438767e-01 1.23488688e+00 -1.24419034e-01
    1.26113617e+00 -2.10217476e-01 1.03260803e+00 -6.93926096e-01
    1.67455482e+00 -6.64455950e-01 1.06357741e+00 1.31334114e+00
    -6.27276003e-01 1.13684249e+00 9.40364003e-02 4.38238263e-01
    8.56603205e-01 1.18981504e+00 5.95022619e-01 1.89328551e-01
    1.38940084e+00 7.30536342e-01 -6.28034472e-01 1.77581787e+00
    1.33316684e+00 1.46438646e+00 -6.95523679e-01 1.03835309e+00
    1.13571429e+00 -6.38541639e-01 4.25749779e-01 8.18018734e-01
    -1.99522376e-02 1.11485660e+00 1.22435236e+00 4.57667708e-02
    -6.91170216e-01 9.51320887e-01 1.18715572e+00 -4.35268879e-03
    1.43743002e+00 -7.97666967e-01 8.48790407e-02 -7.79592574e-01
    1.27047276e+00 -5.41726291e-01 3.38207185e-01 6.24176025e-01
    -3.05514216e-01 1.37814569e+00 6.25034332e-01 -7.27912009e-01
    -6.63103223e-01 1.95459127e-01 4.49796319e-01 1.12375832e+00
    -2.08505571e-01 1.56665349e+00 5.89993775e-01 1.04755139e+00
    -4.95145142e-01 1.45961082e+00 -3.60600382e-01 9.11681116e-01
    1.66762412e-01 6.96553230e-01 5.93226552e-02 -7.72023201e-03
    -3.86137366e-02 -5.10750473e-01 4.40527141e-01 -7.93135762e-02
    5.56248128e-01 5.43638468e-01 1.43787289e+00 -3.17450881e-01
    1.32634723e+00 -1.07589900e-01 1.17322874e+00 1.24970090e+00
    1.44809699e+00 -7.68763483e-01 2.84689248e-01 3.97513032e-01
    -2.32595682e-01 -4.65363711e-01 -3.49652469e-01 1.35455370e+00
    1.93558097e-01 1.22980893e-01 5.45456409e-01 -5.31857729e-01
    1.82175183e+00 -8.07561278e-02 1.00069356e+00 -2.37767279e-01
    5.56346536e-01 -7.76051044e-01 5.34779906e-01 1.48338819e+00
    4.36367810e-01 -6.65276408e-01 8.23791087e-01 6.31147981e-01
    -4.01818007e-01 6.22768521e-01 -2.92451322e-01 5.05486310e-01
    1.35331047e+00 9.92246985e-01 7.35229552e-01 -4.85376537e-01
    6.46277606e-01 -7.04227507e-01 5.01228869e-01 -3.03876400e-03
    6.45177126e-01 6.37266397e-01 5.25712252e-01 -5.38181901e-01
    -4.17057276e-02 1.81629062e-01 -2.68903404e-01 -3.99875164e-01
    1.00489557e+00 1.76087284e+00 -4.47334617e-01 1.18542719e+00
    1.21979809e+00 4.13915873e-01 -1.81372404e-01 8.59492362e-01
    -1.04567945e-01 6.21764958e-01 5.25041223e-01 1.65050852e+00
    8.17347288e-01 -6.41678929e-01 1.28711057e+00 1.04879367e+00
    1.43069232e+00 9.89311218e-01 -2.08671570e-01 -3.32211465e-01
    -6.95494235e-01 5.07093251e-01 1.09077799e+00 -3.55563134e-01
    5.23283660e-01 -4.72187489e-01 2.68333077e-01 4.42421377e-01
    4.18288589e-01 1.52139771e+00 -5.01595557e-01 1.49720359e+00
    -3.84697556e-01 -5.39548755e-01 1.23620975e+00 -4.33171988e-02
    6.94068015e-01 -4.10858542e-01 1.10691631e+00 1.77196479e+00
    -6.72732472e-01 6.51520431e-01 1.00194514e-01 -6.31844342e-01
    -4.27855074e-01 6.70474410e-01 1.56153023e+00 -3.88398319e-01
    7.55193233e-02 1.12333155e+00 2.43848085e-01 1.76958561e-01
    -4.68727887e-01 -1.09436512e-01 -1.09834135e-01 7.07346857e-01
    -2.36175567e-01 4.42267776e-01 -7.61546552e-01 1.09949493e+00
    6.58484578e-01 8.85439217e-01 1.26660395e+00 -5.63599467e-02
    8.77759099e-01 1.50698566e+00 5.04690647e-01 9.54911828e-01
    1.54352677e+00 1.52090418e+00 -6.57081604e-03 8.18203986e-01
    1.22318089e+00 -1.15386128e-01 -6.85168505e-02 1.84080935e+00
    -7.60049641e-01 9.24351513e-01 4.26040471e-01 1.30799198e+00
    3.57423425e-02 -5.30430436e-01 1.22257173e+00 1.19976735e+00
    1.33710027e-01 2.30359077e-01 -2.11510062e-01 -8.85156393e-02
    -3.91087174e-01 2.13100910e-01 3.88781250e-01 -5.52848876e-01
    3.77415419e-02 -4.00817573e-01 1.79485881e+00 3.16869974e-01
    -3.17230821e-02 8.59146953e-01 -5.57537258e-01 1.47111785e+00
    7.86629915e-01 -1.07062459e-01 1.37013531e+00 -3.49831730e-01
    1.88194275e+00 1.67721927e-01 1.78738070e+00 4.09404993e-01
    1.63940811e+00 -8.29407454e-01 1.18409157e+00 1.34711206e+00
    1.48282599e+00 -5.55757284e-02 4.93719220e-01 2.01464832e-01
    -6.38996243e-01 1.60020518e+00 1.40232170e+00 1.88032985e-01
    5.56682348e-02 1.61758900e-01 -8.03608894e-02 -5.82975149e-01
    3.51542473e-01 5.61653316e-01 9.38035250e-01 1.58338594e+00
    1.08062565e+00 1.55803061e+00 -5.93873382e-01 -5.18238544e-02
    8.85886669e-01 9.74913597e-01 1.12957788e+00 7.41924047e-02
    3.14972639e-01 6.73438072e-01 1.78016782e+00 1.29804552e+00
    1.17154837e-01 1.43415201e+00 1.61260235e+00 -5.37828684e-01
    -4.89775926e-01 9.71255839e-01 -4.88228619e-01 1.06478262e+00
    -5.96945226e-01 1.12536645e+00 -6.64777637e-01 1.73591137e+00
    1.35550797e+00 1.99128807e-01 1.33302593e+00 -3.76224816e-01
    -4.53238666e-01 7.04538286e-01 -1.87867641e-01 1.60064185e+00
    -1.64397717e-01 1.93275523e+00 -1.56383336e-01 1.47303760e-01
    1.65123940e+00 -7.13090479e-01 -6.38914824e-01 1.52549195e+00
    3.90118837e-01 4.59258676e-01 1.36259842e+00 1.68889105e+00
    -3.88345122e-01 1.60500073e+00 6.74673319e-01 2.23446488e-02
    1.09099448e+00 -6.15870953e-03 5.57805061e-01 1.53048158e+00
    1.21199310e+00 5.80597401e-01 5.75718582e-01 9.97203946e-01
    5.94398499e-01 1.17962432e+00 8.86480927e-01 7.00123310e-01
    -4.02983248e-01 9.63302732e-01 1.50171828e+00 1.55024791e+00
    -1.48363471e-01 3.72773707e-01 1.79091632e-01 -3.32056403e-01
    9.44306791e-01 5.14634252e-01 -1.56510353e-01 1.22776210e+00
    7.77384162e-01 -5.23092687e-01 1.01147509e+00 9.29843545e-01
    1.10072780e+00 -3.50176096e-01 1.50226569e+00 8.07598829e-01
    1.53029656e+00 -7.97521591e-01 9.73127902e-01 3.34511459e-01
    -4.53980803e-01 1.57448697e+00 -2.87513733e-02 1.67294729e+00
    1.06942749e+00 1.56477308e+00 8.65069926e-01 3.36727083e-01
    -5.16463578e-01 -3.25641870e-01 8.84464324e-01 8.76432955e-01
    -8.51916552e-01 1.59481084e+00 9.68544126e-01 1.55584216e+00
    1.73349118e+00 4.04431760e-01 1.48268521e+00 -2.41577983e-01
    -1.97343171e-01 1.04334641e+00 1.63484645e+00 1.63275683e+00
    1.59338665e+00 -3.05438519e-01 1.67006874e+00 1.37189960e+00
    2.86302805e-01 2.94697523e-01 8.33083034e-01 3.49013269e-01
    -2.31550694e-01 1.16339517e+00 -2.65599847e-01 1.59575450e+00
    1.36407614e+00 1.08888161e+00 5.17921567e-01 1.17559004e+00
    1.09093332e+00 8.50061059e-01 -5.48782229e-01 -3.04969013e-01
    1.47962618e+00 1.55801058e+00 -3.94053459e-02 7.50256419e-01
    -1.10585928e-01 9.28691626e-01 1.01268291e-02 1.61534286e+00
    6.90900266e-01 4.59376454e-01 5.68060875e-01 2.34624743e-01
    -3.01512718e-01 8.06182921e-01 1.19270372e+00 1.06294215e-01
    1.79819763e-01 -4.10352647e-01 9.09836531e-01 4.80352342e-01
    1.14742291e+00 1.40321457e+00 3.61114860e-01 1.16718745e+00
    1.11697292e+00 1.01904988e+00 1.52873588e+00 7.54110336e-01
    -5.64960778e-01 1.29663658e+00 -2.16439962e-02 1.37937999e+00
    1.66834903e+00 2.56103873e-01 2.18569219e-01 -4.48084593e-01
    1.16991806e+00 3.89161885e-01 -2.95800626e-01 -3.01469266e-01
    1.39011860e+00 8.95068169e-01 1.75972319e+00 1.07339168e+00
    5.80281019e-02 5.47307730e-01 -1.76330507e-01 6.19275093e-01
    -2.07328558e-01 -3.68813992e-01 1.07039142e+00 4.30073857e-01
    7.69231319e-01 1.61186492e+00 -3.96565616e-01 8.90809417e-01
    -6.74794078e-01 9.86982405e-01 1.13063884e+00 1.06995988e+00
    -4.36542064e-01 -1.63411975e-01 8.42433095e-01 -6.07250094e-01
    2.79944241e-01 9.76065993e-01 1.26133573e+00 1.27280986e+00
    4.16096568e-01 8.08376789e-01 3.28281999e-01 1.44661665e-01
    -4.63986754e-01 -6.36169195e-01 -1.00277901e-01 1.14155364e+00
    2.63074040e-01 1.24119234e+00 2.52484083e-02 -5.18715262e-01
    7.42104232e-01 -3.80740404e-01 1.56070828e+00 -1.95287704e-01
    1.31833887e+00 8.86331379e-01 6.85818195e-01 1.23525977e+00
    -1.64924026e-01 -4.17467058e-01 1.13697910e+00 -1.81331754e-01
    1.32223892e+00 1.19321108e+00 3.91357720e-01 -2.94318378e-01
    1.53907633e+00 5.56322336e-01 1.48660755e+00 5.04940629e-01
    1.03886425e+00 1.04015875e+00 1.11954713e+00 -1.14411026e-01
    5.07056713e-03 1.65455735e+00 -2.40814507e-01 -7.98783958e-01
    6.79827511e-01 5.18490732e-01 1.01326871e+00 3.00152540e-01
    -1.48972452e-01 9.37732339e-01 1.50481009e+00 7.58422077e-01
    1.66488564e+00 -3.17663193e-01 1.23500443e+00 5.34325302e-01
    3.31453383e-01 8.42892289e-01 -2.72181034e-02 1.12059200e+00
    -6.60474777e-01 -4.59308714e-01 1.19306290e+00 -4.74295437e-01
    -4.39889461e-01 -2.89309859e-01 -3.89055580e-01 7.32516050e-01
    2.37122953e-01 9.29476023e-02 1.17610896e+00 7.56843448e-01
    1.10749578e+00 -3.81701946e-01 -3.24199080e-01 -4.31525707e-03
    9.74386334e-02 -2.96836793e-01 1.74988127e+00 1.39600992e+00
    5.44889033e-01 1.09382987e+00 1.79931116e+00 9.55940068e-01
    -5.99215388e-01 9.44155157e-01 6.04685783e-01 -4.77829903e-01
    -7.94854581e-01 4.43828583e-01 1.37459815e-01 1.55658841e-01
    -6.54460490e-01 1.39271641e+00 4.68407631e-01 -4.87186015e-01
    8.46374035e-03 1.94786549e-01 1.45643973e+00 -2.16886342e-01
    1.34627676e+00 3.27232242e-01 1.54838526e+00 3.45135570e-01
    1.17844951e+00 -6.14051521e-01 -2.76789129e-01 -1.52718127e-01
    7.06563473e-01 7.09275246e-01 -1.99123621e-02 1.09213710e+00
    1.14655352e+00 -2.34873235e-01 -5.71154118e-01 1.76182556e+00
    -6.93705559e-01 6.83094680e-01 5.97657084e-01 4.68874931e-01
    4.97854173e-01 -1.26279414e-01 1.70579588e+00 2.55533695e-01
    6.24421060e-01 -8.88782501e-01 1.37043059e+00 4.96861160e-01
    6.45261884e-01 -2.74898648e-01 1.04343557e+00 8.02300215e-01
    8.50683093e-01 1.28011024e+00 9.23983693e-01 1.03735673e+00
    1.26686883e+00 -3.01599443e-01 -1.01555049e-01 1.51197135e-01
    1.45495975e+00 -1.74142838e-01 2.59211063e-01 4.50773358e-01
    1.31487763e+00 -5.15024662e-01 -7.46897697e-01 8.78337383e-01
    1.25651777e+00 -8.05469275e-01 1.29982901e+00 8.28933358e-01
    -3.01444948e-01 -1.57984078e-01 6.53787374e-01 9.70780253e-01
    6.24645352e-02 8.52965117e-01 1.03595281e+00 -7.25131154e-01
    1.51681173e+00 -1.90839291e-01 1.17460036e+00 -5.65650403e-01
    6.07137263e-01 -2.43398368e-01 8.00999939e-01 1.13945067e-01
    7.59550214e-01 8.82545114e-01 -5.61425447e-01 1.12393808e+00
    -2.99058259e-01 1.72180223e+00 1.14712596e-01 -4.03217643e-01
    -1.00914598e-01 9.79145467e-01 2.94925630e-01 3.01310778e-01
    1.68943548e+00 -8.44160557e-01 1.52465248e+00 6.03680611e-02
    8.42122436e-01 1.32221925e+00 8.28227401e-01 9.33328152e-01
    7.80903339e-01 1.03069723e+00 1.48013020e+00 1.15340686e+00
    1.18687606e+00 3.72953057e-01 1.21589899e-02 1.04846203e+00
    1.06086910e+00 5.75787783e-01 4.27897573e-01 -2.03862906e-01
    4.02693093e-01 1.36966825e-01 1.71029520e+00 -1.32706761e-02
    7.72410572e-01 3.97803724e-01 -5.05491078e-01 -7.68476188e-01
    1.01308250e+00 1.32091331e+00 9.75075006e-01 7.15151072e-01
    5.35166860e-01 1.08530128e+00 -5.60691237e-01 2.55630374e-01
    1.16782176e+00 9.89351273e-02 -7.60223269e-01 8.07277560e-01
    5.29437065e-02 6.21594787e-01 -4.82468963e-01 7.10730076e-01
    2.46659875e-01 8.43285620e-01 -4.07113135e-01 4.33860421e-01
    5.52707970e-01 1.29625130e+00 -3.92471910e-01 -4.33293849e-01
    1.42675817e-01 -2.61129081e-01 -6.39136076e-01 1.43174982e+00
    1.01663661e+00 1.26764810e+00 8.16509724e-02 3.41862082e-01
    2.36024082e-01 1.91269994e+00 -1.77651882e-01 -5.32703757e-01
    1.10117316e+00 1.07592583e-01 1.51298571e+00 1.08917046e+00
    -2.17704773e-02 1.79404593e+00 6.68208599e-01 -5.29428899e-01
    1.40411448e+00 1.38473511e-02 9.03448701e-01 1.22548127e+00
    -4.24220204e-01 2.38554299e-01 8.74500632e-01 9.61941838e-01
    -4.12460923e-01 -8.46849144e-01 1.06621432e+00 2.56193101e-01
    1.61624289e+00 -1.31384254e-01 7.20344067e-01 -1.85626745e-03
    1.15713787e+00 -2.63227165e-01 5.88227510e-02 -1.53086364e-01
    1.38205791e+00 6.26462460e-01 -8.08950722e-01 8.32346201e-01
    1.08573604e+00 4.51512575e-01 1.31310928e+00 -2.53033280e-01
    2.09753215e-01 1.15030026e+00 1.27060413e-01 -1.79959536e-01
    1.41777039e+00 1.15022624e+00 1.01602054e+00 -5.77828884e-02
    4.67661500e-01 5.26622653e-01 -4.12812710e-01 7.66611278e-01
    7.86680281e-01 -5.00794530e-01 -6.35254383e-02 1.01421201e+00
    -3.67187858e-01 1.67253876e+00 -1.98317885e-01 1.51218867e+00
    1.81865501e+00 1.77067995e-01 -1.25169337e-01 -7.29528069e-02
    5.78878403e-01 1.66846776e+00 -4.37299460e-01 3.86902452e-01
    -5.77718616e-01 -7.66981542e-01 1.22781801e+00 -5.43895245e-01
    8.16998959e-01 5.89165211e-01 1.21548963e+00 1.54980850e+00
    -4.93635833e-01 1.70175624e+00 1.11295819e-01 -7.92253017e-02
    -5.42366683e-01 2.39600897e-01 1.71672869e+00 1.54357624e+00
    -6.20706677e-01 7.62138546e-01 1.36719811e+00 7.72902369e-01
    8.79498839e-01 -4.10105139e-01 7.00664043e-01 3.69640827e-01
    1.59471214e+00 3.52848291e-01 -2.00850785e-01 2.29658425e-01
    -5.54855943e-01 6.16979837e-01 -2.22114563e-01 5.29285610e-01
    -2.77833194e-01 3.42711389e-01 9.47202206e-01 -2.59140730e-01
    4.31077302e-01 1.36181879e+00 1.26916206e+00 1.09092665e+00
    8.47940743e-01 9.94742274e-01 1.43968880e-01 6.20626628e-01
    -2.81566620e-01 -2.27307498e-01 -7.31402397e-01 4.06350195e-01
    1.77217722e+00 -7.26237297e-01 1.61451602e+00 8.18216562e-01
    1.44824576e+00 -6.24493957e-02 1.47470391e+00 -7.54515529e-01
    8.73282671e-01 9.35278654e-01 1.10185969e+00 9.90103245e-01
    3.00742984e-01 1.44137371e+00 1.55407846e-01 6.21841967e-01
    1.55441117e+00 -1.70447469e-01 1.74974644e+00 2.90212154e-01
    -1.58429861e-01 8.49314272e-01 -4.62803423e-01 1.50622094e+00
    1.77765560e+00 -2.56863415e-01 6.89407825e-01 -7.01490402e-01
    -4.96946603e-01 1.67326045e+00 1.70286274e+00 -9.20990825e-01
    1.50770950e+00 8.73899460e-03 1.51494586e+00 9.19740200e-02
    1.39842987e+00 2.08306015e-01 1.53375471e+00 -4.24884528e-01
    3.10883284e-01 2.65340090e-01 1.07865477e+00 -1.20869875e-01
    1.68580723e+00 6.70156062e-01 1.29127383e+00 6.06984437e-01
    -2.65675843e-01 1.65663636e+00 7.33053863e-01 8.65247250e-02
    1.49300277e+00 6.16496563e-01 9.20808554e-01 1.28102112e+00
    -7.36949921e-01 1.52817476e+00 1.42848778e+00 5.29880762e-01
    1.19915318e+00 1.26695037e-01 1.40758109e+00 3.96397591e-01
    5.10540903e-01 1.13487124e+00 1.08192539e+00 -5.71911335e-01
    3.07010114e-01 1.11128211e-01 1.88095987e-01 -6.38847709e-01
    2.11797893e-01 5.62016547e-01 1.73487604e-01 6.37198985e-01
    6.84142709e-01 7.79978096e-01 6.63598657e-01 1.08711624e+00
    1.04635119e-01 8.31785381e-01 -3.12471807e-01 1.57565713e+00
    -2.52702951e-01 -8.88101459e-01 5.97463250e-01 1.15900433e+00
    1.33958673e+00 7.80483127e-01 -7.84810841e-01 4.93167579e-01
    -2.69605517e-01 8.10652852e-01 1.67920959e+00 4.06928003e-01
    2.91744649e-01 3.90144289e-01 7.54816234e-01 -3.44653785e-01
    1.81689727e+00 -1.08506680e-02 -8.18541825e-01 9.53550935e-01
    7.60377645e-01 8.22288215e-01 2.26637602e-01 9.95821595e-01
    6.67505026e-01 9.00444269e-01 -5.09117723e-01 1.62436199e+00
    4.13497686e-02 1.24981165e+00 1.13428175e+00 3.07159305e-01
    1.30498528e+00 9.82507229e-01 3.40900600e-01 -6.55755579e-01
    1.82659841e+00 8.04149747e-01 1.39653265e-01 1.50937915e+00
    1.58022952e+00 -5.66065192e-01 1.50931847e+00 1.25990319e+00
    1.10807967e+00 -6.65129304e-01 1.28127658e+00 -2.31347531e-01
    -6.06661499e-01 1.71015513e+00 -1.95682645e-01 3.40486944e-01
    7.96184659e-01 -4.71459925e-01 -1.85281068e-01 1.33932352e+00
    6.75083578e-01 -5.92562973e-01 1.14110947e+00 1.51638126e+00
    3.62157226e-02 5.36114752e-01 5.81586957e-02 -5.26251078e-01
    -6.08874559e-02 6.75133467e-02 6.78235948e-01 1.81302667e-01
    1.53381920e+00 1.15700221e+00 1.31948185e+00 7.44403899e-01
    -5.19480288e-01 1.16495013e-01 1.05665994e+00 -7.42094696e-01
    1.38201523e+00 1.72158456e+00 -3.38332176e-01 -4.18903202e-01
    1.29124486e+00 1.15256727e+00 1.14978194e+00 1.41465068e+00
    8.05216312e-01 -5.11793375e-01 1.61422586e+00 9.84744430e-02
    1.56009054e+00 -2.67142057e-03 1.65289664e+00 1.15849268e+00
    9.43160057e-03 7.08425760e-01 8.05998325e-01 1.25144887e+00
    8.18896294e-01 1.89967334e-01 6.59454465e-01 3.86201143e-02
    1.57630372e+00 2.40989685e-01 -4.74858701e-01 1.15263700e+00
    4.84567046e-01 3.18005443e-01 1.79954946e-01 1.23795438e+00
    -4.81440991e-01 1.19069088e+00 9.07486081e-01 1.62216568e+00
    -5.20006716e-02 -4.71791238e-01 4.29247856e-01 3.20109010e-01
    -1.41621411e-01 3.08395624e-02 7.05144048e-01 -3.06722015e-01
    1.34342873e+00 6.66198373e-01 -8.00792217e-01 1.31008410e+00
    1.69996047e+00 1.18905520e+00 -1.45723045e-01 1.38929605e+00
    8.36552978e-01 -6.58864677e-01 1.21489334e+00 -2.42082357e-01
    1.87369275e+00 -5.00072658e-01 -6.19097352e-02 1.54449940e-01
    1.66340637e+00 1.60038733e+00 1.52241051e-01 -6.36883020e-01
    1.74486423e+00 -7.57443666e-01 3.54555070e-01 -8.31879973e-02
    8.93776774e-01 9.34011817e-01 5.25796175e-01 1.31173348e+00
    2.97172546e-01 2.60049164e-01 -3.07717711e-01 5.43073177e-01
    -4.58623827e-01 1.50666213e+00 -5.07790685e-01 -8.42221975e-02
    -1.04595184e-01 1.07433963e+00 -5.77589750e-01 1.29742563e+00
    9.76305604e-01 9.60058451e-01 7.75042832e-01 -7.24730432e-01
    1.12612712e+00 4.07353163e-01 3.99190009e-01 6.45140827e-01
    1.03110290e+00 8.20441782e-01 1.81749701e+00 3.53266895e-01
    -2.25382388e-01 1.61075425e+00 -8.15544963e-01 1.26225090e+00
    2.13600516e-01 1.79554415e+00 -2.97756732e-01 1.54974627e+00
    1.00415325e+00 1.25908768e+00 -2.67378330e-01 1.83476210e-01
    8.61065507e-01 7.03464150e-01 7.63038516e-01 -3.90984625e-01
    -3.56424630e-01 -1.61378443e-01 1.05545211e+00 1.25364220e+00
    -5.49049139e-01 6.90480530e-01 1.19812500e+00 -7.72030592e-01
    1.06635571e+00 7.94262290e-02 9.33313847e-01 1.48617435e+00
    4.13353860e-01 -6.03997469e-01 3.66150618e-01 1.47406125e+00
    -8.82737041e-02 -2.73643434e-01 1.16355801e+00 1.49110401e+00
    -3.13989818e-01 9.89381671e-01 9.34666395e-03 1.79405189e+00
    -1.84468150e-01 1.12247956e+00 4.56832767e-01 1.49152267e+00
    -1.00804389e-01 4.39053178e-01 1.68875027e+00 -6.88763976e-01
    -3.61126035e-01 9.65207756e-01 -6.36275291e-01 1.31992042e-01
    1.34102643e+00 3.93279910e-01 9.79836345e-01 7.90646672e-02
    1.12634301e+00 1.44650924e+00 4.08940196e-01 -8.56324196e-01
    6.18534863e-01 6.33867264e-01 1.40679240e+00 -3.09294611e-01
    7.35776782e-01 1.44531429e-01 -2.43080258e-02 1.73843956e+00
    -6.46750748e-01 4.14105177e-01 1.41614318e+00 -1.90822035e-01
    2.74460912e-02 1.40662622e+00 2.15754032e-01 -4.23504710e-02
    3.25315654e-01 7.46946633e-01 4.21005607e-01 1.31299233e+00
    4.13527012e-01 6.80942655e-01 6.39819622e-01 -2.06272602e-02
    1.54422617e+00 -1.60211027e-01 1.74101508e+00 7.86925852e-01
    -4.85994518e-01 3.29768002e-01 1.42632890e+00 4.72157776e-01
    -7.04854727e-03 7.80879736e-01 9.03219998e-01 2.30299532e-01
    -1.59863889e-01 2.35038221e-01 5.95605731e-01 -6.87758446e-01
    -1.41355395e-01 -3.54226440e-01 1.66531360e+00 1.37068975e+00
    5.47091961e-01 1.59489274e-01 1.13147938e+00 1.74309063e+00
    -6.65626168e-01 -4.32673723e-01 1.31781054e+00 1.08216047e+00
    -4.00228739e-01 -8.16927016e-01 1.69341481e+00 1.01913774e+00
    -7.40979433e-01 1.25029171e+00 7.99072862e-01 -7.74584413e-02
    1.92592919e-01 2.01442003e-01 -5.36903858e-01 3.10964048e-01
    2.87278056e-01 4.58081186e-01 7.99467146e-01 1.78027749e-02
    9.76867020e-01 -1.18192255e-01 8.69696259e-01 1.82453489e+00
    8.08158994e-01 7.98783302e-01 1.00169992e+00 1.19262445e+00
    -6.00377977e-01 -2.91046262e-01 -2.43110657e-02 6.63854063e-01
    -7.03504205e-01 1.22709155e+00 -6.53341532e-01 3.19110334e-01
    1.49692631e+00 2.74113238e-01 7.07365811e-01 1.58655858e+00
    -4.36254561e-01 1.06637979e+00 7.87533939e-01 1.19316518e-01
    4.66523767e-01 1.44542933e+00 5.01752257e-01 -1.11614704e-01
    -4.17674452e-01 8.51250529e-01 1.40371346e+00 -1.13637686e-01
    1.61909854e+00 -1.84037864e-01 8.31339598e-01 1.07718492e+00
    1.41166902e+00 -2.09352076e-01 1.24843955e+00 -8.93990934e-01
    1.27310479e+00 1.20710731e+00 -3.11949909e-01 1.62221932e+00
    -1.91905737e-01 9.63626564e-01 -5.59108138e-01 3.58924448e-01
    8.90913606e-01 1.44679070e+00 -7.38852978e-01 1.74268901e-01
    1.45167184e+00 5.23267388e-02 8.20054829e-01 1.06145024e+00
    1.33381248e-01 -7.85966635e-01 1.22373962e+00 2.72588849e-01
    -3.17471892e-01 5.47963798e-01 9.95272338e-01 1.22537518e+00
    -2.55893916e-01 1.86716557e-01 1.03007448e+00 6.11224830e-01
    -2.52279192e-01 1.97702634e+00 -1.72944903e-01 2.06547439e-01
    1.76180315e+00 2.96162724e-01 -1.19302690e-01 3.39726985e-01
    1.36719227e+00 -6.93562210e-01 6.06188953e-01 9.61209357e-01
    6.21483505e-01 -8.50490928e-01 1.77710176e+00 -1.21333480e-01
    -2.26480335e-01 -3.61955315e-01 1.50458157e-01 -9.01523232e-02
    -1.43003076e-01 -3.79932046e-01 6.09702468e-01 3.08166385e-01
    -7.02458143e-01 7.34248698e-01 -2.95695245e-01 1.83511019e-01
    1.68058515e+00 1.42208612e+00 9.45644379e-02 8.29107881e-01
    6.71236157e-01 1.00839722e+00 1.38405287e+00 1.48081517e+00
    1.28486216e+00 -4.76359636e-01 1.22760844e+00 1.27626884e+00
    6.93020821e-02 1.18373978e+00 1.83857238e+00 -4.94975328e-01
    1.81422567e+00 -7.63294101e-01 1.70218492e+00 -1.61905706e-01
    9.35436964e-01 1.17596149e+00 -8.54262531e-01 8.51620734e-01
    4.91025090e-01 1.13309801e+00 9.76166248e-01 -1.70554757e-01
    -4.68074441e-01 2.97854066e-01 1.36652184e+00 -6.17685556e-01
    7.08173752e-01 2.88632929e-01 7.48408198e-01 4.17149782e-01
    3.23164582e-01 -2.04348266e-01 -3.26992899e-01 1.24523258e+00
    1.18182492e+00 9.64453578e-01 1.00328135e+00 1.97899342e-02
    -4.23775375e-01 -2.24637985e-02 -3.64371359e-01 9.90726352e-01
    6.66923344e-01 -2.47090280e-01 -1.25541270e-01 1.12560773e+00
    1.31942463e+00 -4.39415812e-01 9.91443634e-01 -1.63225830e-01
    2.35123813e-01 -3.11144948e-01 8.02094996e-01 8.53622556e-01
    4.86835063e-01 3.27363610e-01 1.35636866e+00 3.90797853e-02
    1.26929295e+00 -7.92809725e-01 2.16536045e-01 -3.16926181e-01
    1.61897707e+00 -5.25983691e-01 1.23762023e+00 -2.17673719e-01
    -1.65657878e-01 1.82760310e+00 1.35980070e+00 9.24267769e-01
    -3.56970012e-01 -2.98481435e-01 -3.75349343e-01 -4.32920873e-01
    7.25765705e-01 1.33052421e+00 1.39440620e+00 4.25173044e-01
    -1.20078683e-01 1.27467787e+00 -2.31645703e-02 -5.40617526e-01
    3.20010364e-01 -3.21450353e-01 1.58383250e+00 1.31126595e+00
    1.38105047e+00 -5.42287290e-01 -4.17242169e-01 3.09291005e-01
    5.04972696e-01 9.29508805e-01 4.84390616e-01 -6.38473511e-01
    1.76910651e+00 -8.03534925e-01 7.22374618e-01 -1.53416455e-01
    7.57082820e-01 2.71801710e-01 -2.42703646e-01 -4.37705338e-01
    -2.18041539e-01 9.73433852e-01 8.85100722e-01 1.22053778e+00
    4.55702186e-01 1.40370369e+00 1.26749265e+00 6.52469397e-01
    6.95410132e-01 -5.58869123e-01 -5.33017576e-01 -5.09104550e-01
    -3.62643212e-01 1.35686731e+00 2.29436874e-01 7.65178204e-02
    9.47445035e-02 4.96686697e-02 -7.59870946e-01 9.58436370e-01
    1.29151750e+00 5.82304716e-01 -8.85481834e-02 1.58166361e+00
    6.67088151e-01 1.05081344e+00 2.84117460e-01 3.53137374e-01
    1.04312217e+00 5.77526689e-01 9.03186917e-01 -4.86727864e-01
    1.32805586e+00 -5.16597986e-01 9.43631172e-01 7.32009292e-01
    6.04078710e-01 9.87327695e-02 1.71779227e+00 -6.63488150e-01
    4.23617721e-01 -5.77320457e-02 3.14160228e-01 -8.57864618e-01
    1.62607646e+00 -1.82529151e-01 1.43988836e+00 7.90456474e-01
    8.24012220e-01 -1.41939521e-02 4.18227971e-01 -3.48390102e-01
    1.67627645e+00 -3.29924226e-01 1.46775091e+00 -6.62034154e-01
    9.65638041e-01 -3.81994605e-01 1.24290621e+00 1.33132708e+00
    7.12047756e-01 -2.98160106e-01 1.50460827e+00 8.79153430e-01
    1.58903289e+00 1.09014487e+00 4.56929505e-01 -2.53242254e-02
    3.37183833e-01 1.27609801e+00 -2.78446853e-01 -1.43201232e-01
    7.35462427e-01 1.51218724e+00 -2.97664642e-01 -4.13051784e-01
    1.15493441e+00 -7.20319748e-02 8.24079990e-01 1.01201880e+00
    1.68835545e+00 -4.77497131e-01 1.12675261e+00 -5.51064253e-01
    1.57642341e+00 4.98901486e-01 2.69581676e-01 6.20568693e-01
    -2.44057178e-02 -2.22496152e-01 1.19270062e+00 4.21798468e-01
    1.27934611e+00 1.55002284e+00 1.06880736e+00 7.92655945e-01
    -3.40848982e-01 1.18621588e-02 -3.16486597e-01 1.04577494e+00
    3.74229908e-01 -7.93749690e-02 6.49579048e-01 -4.81680810e-01
    5.30339122e-01 -6.53481483e-02 1.23174489e-01 1.04891288e+00
    -2.49970019e-01 1.20788908e+00 7.29383707e-01 9.38913107e-01
    2.49306321e-01 1.27445519e-01 -9.19201970e-02 1.00989509e+00
    1.41182184e-01 2.16402411e-02 8.34059715e-03 7.00307071e-01
    6.63026571e-01 -1.10130250e-01 -1.11113787e-02 4.79257584e-01
    2.33213723e-01 -2.82901317e-01 7.47519255e-01 -1.46112353e-01
    1.56445384e-01 1.00467861e-01 -3.06812286e-01 1.57420015e+00
    -2.99380779e-01 1.63494909e+00 5.28013468e-01 3.15681815e-01
    9.89402890e-01 5.08439898e-01 1.00073171e+00 -2.33972490e-01
    7.99556851e-01 -5.11035919e-02 -5.12961507e-01 1.19773316e+00
    -5.02180815e-01 1.34674025e+00 -2.93965250e-01 4.16999638e-01
    -2.55457044e-01 1.00386024e+00 1.06076479e+00 3.54288876e-01
    -3.01168889e-01 1.23976827e-01 2.29213059e-01 7.38910437e-02
    8.66623044e-01 1.02745175e+00 4.60548699e-01 1.47448552e+00
    -5.09770334e-01 1.34606838e-01 -4.29836929e-01 6.45870864e-01
    -3.58889461e-01 1.21000493e+00 3.23989749e-01 1.27824461e+00
    1.14836717e+00 1.18094933e+00 3.52646530e-01 -6.15571082e-01
    1.38873076e+00 1.35291338e+00 1.02650976e+00 -5.81178308e-01
    6.55855775e-01 1.76947069e+00 8.07185173e-02 9.18764174e-01
    1.18667901e-01 7.16565073e-01 -2.56779850e-01 8.14554274e-01
    7.55675077e-01 1.27196443e+00 -3.58707786e-01 -6.88372076e-01
    -3.58547091e-01 1.40524769e+00 6.54711902e-01 9.81986165e-01
    1.29598391e+00 -1.81695402e-01 1.72667933e+00 9.34378624e-01
    1.55927300e+00 -5.70537150e-01 1.04826665e+00 -3.74111891e-01
    9.26982164e-02 1.52390838e+00 1.22156143e+00 -3.20320129e-01
    1.52417290e+00 4.90768135e-01 -1.14559650e-01 6.83751166e-01
    -6.26723111e-01 1.55376768e+00 1.21778357e+00 1.62315047e+00
    9.16760206e-01 1.49128544e+00 1.18035042e+00 1.61682367e+00
    1.18290246e-01 8.63040030e-01 -4.48825210e-01 1.79593730e+00
    -4.85885501e-01 -1.76055253e-01 -7.44669139e-01 7.38751292e-01
    1.04464006e+00 -1.55985951e-01 1.05754900e+00 1.29376864e+00
    6.06553435e-01 -3.92745912e-01 9.55898881e-01 1.73970413e+00
    3.93376291e-01 9.54628468e-01 2.01746285e-01 2.80225933e-01
    1.68427372e+00 1.29486978e+00 8.53682041e-01 -2.95213461e-01
    1.37148309e+00 -1.53524101e-01 -4.62577194e-01 -3.10356438e-01
    1.56330132e+00 -4.42913055e-01 1.78827417e+00 -1.05846822e-01
    1.33030868e+00 5.07252634e-01 7.91688919e-01 1.32640338e+00
    1.33055115e+00 6.14143431e-01 -4.96360928e-01 1.94184983e+00
    -1.68413997e-01 -2.47641623e-01 2.17006564e-01 1.36973619e+00
    -6.74059391e-02 -1.59495473e-01 -3.84620845e-01 1.24805641e+00
    1.32082319e+00 1.29071903e+00 1.44784784e+00 1.36713684e+00
    -1.41636133e-01 -1.30579829e-01 1.36234665e+00 1.83142400e+00
    1.12160182e+00 1.85603082e-01 6.00416422e-01 1.05263388e+00
    -4.46995378e-01 -3.40704262e-01 1.53566623e+00 1.35675669e+00
    6.35006070e-01 6.91632032e-02 6.03096962e-01 1.70254111e-01
    7.91597843e-01 1.07758868e+00 1.51658690e+00 -9.13216233e-01
    1.52332437e+00 -3.23537588e-01 9.35031414e-01 1.51359689e+00
    -1.35461688e-01 1.17328262e+00 -3.53105783e-01 1.73835421e+00
    1.11877179e+00 6.48968816e-02 9.40338194e-01 1.59284496e+00
    1.53551209e+00 -1.71857893e-01 -6.58610702e-01 1.53027666e+00
    1.26036704e-01 6.33410811e-02 1.90033913e-01 -5.39802670e-01
    6.29474103e-01 3.74070585e-01 1.79079831e-01 -4.44405913e-01
    1.66148114e+00 -6.26800358e-01 1.10892212e+00 5.79323769e-02
    -2.49745607e-01 1.50587749e+00 6.95548534e-01 -5.82310379e-01
    1.66089869e+00 -7.54162669e-02 9.07218337e-01 -6.24535680e-01
    1.50426650e+00 1.09212279e+00 -3.81754786e-01 9.46687460e-01
    5.97670853e-01 2.30013967e-01 3.07106972e-03 -5.75553477e-02
    -6.42523170e-01 1.12377882e+00 1.32191169e+00 3.40270281e-01
    1.74523115e+00 1.71821117e-02 1.95047200e+00 -5.23122013e-01
    1.76125109e-01 -2.71196485e-01 1.01838160e+00 -5.12230635e-01
    9.49090481e-01 1.23679638e-02 7.34253168e-01 1.36243463e+00
    -4.54430491e-01 7.29697049e-01 9.06044841e-01 1.19207847e+00
    1.61066413e+00 1.70918238e+00 1.32840872e-03 1.06750274e+00
    1.26694298e+00 1.19237423e+00 6.38824701e-02 -2.28871226e-01
    2.56194472e-02 1.68409622e+00 1.45722306e+00 -3.46995026e-01
    4.20289159e-01 1.30860829e+00 1.18788683e+00 1.55749857e+00
    -2.08868980e-01 9.26792085e-01 -2.68002450e-01 7.88425684e-01
    1.37383342e-02 6.01944745e-01 -5.03992915e-01 4.80136096e-01
    1.99837399e+00 -4.03492451e-01 6.10966265e-01 -4.38650429e-01
    2.44806886e-01 6.18831038e-01 2.66628921e-01 -2.76118517e-01
    3.34305584e-01 1.66542220e+00 1.13092995e+00 1.46936178e-02
    -3.59840482e-01 6.90276086e-01 2.43373990e-01 -5.40426195e-01
    1.43407404e-01 8.24527144e-01 1.52292657e+00 -8.24238062e-02
    1.24421358e+00 1.51101518e+00 -4.12776142e-01 1.80174685e+00
    4.99882221e-01 1.41516352e+00 2.70920992e-03 1.93292499e-02
    -7.43933797e-01 1.82360864e+00 -7.07087219e-01 8.59713554e-02
    8.38121712e-01 2.64784217e-01 -8.88317168e-01 1.41881800e+00
    6.54483557e-01 3.20001125e-01 -1.57779038e-01 5.44853687e-01
    -4.70913649e-02 1.23785293e+00 -2.91484594e-03 1.41432714e+00
    5.03812909e-01 1.32918644e+00 -5.61231077e-01 1.11302137e-02
    1.52888310e+00 1.39956367e+00 5.94530702e-02 2.53848314e-01
    -5.95858097e-01 5.51077366e-01 -7.24716604e-01 6.86631203e-01
    1.41448426e+00 3.06671858e-01 -3.99335951e-01 -1.07191920e-01
    9.25841093e-01 -6.66299522e-01 8.60069096e-01 1.66222692e+00
    -5.92441618e-01 -3.15718591e-01 7.79274642e-01 1.33932042e+00
    9.68585968e-01 -6.73051298e-01 1.65626466e-01 1.87589717e+00
    -5.86473525e-01 1.00619316e-01 1.37657499e+00 1.17476535e+00
    -7.87339270e-01 5.13448954e-01 8.42865348e-01 3.50006282e-01
    4.97448385e-01 -6.32862687e-01 1.38245797e+00 6.97420776e-01
    8.69057953e-01 -4.78062302e-01 1.01264238e-01 -4.36427027e-01
    1.79515624e+00 7.01645017e-02 -8.45578372e-01 -6.71508908e-01
    1.36385536e+00 8.31504226e-01 4.86329913e-01 -4.33392793e-01
    -1.16536319e-01 9.11249220e-01 1.23597145e-01 5.59409738e-01
    2.92231441e-01 -6.00101709e-01 4.16849554e-01 7.11008787e-01
    1.20513868e+00 6.36375904e-01 1.49910760e+00 1.04731607e+00
    1.25551820e+00 9.58049715e-01 4.32371914e-01 -7.23825812e-01
    -8.73312950e-02 9.75055099e-01 6.91210449e-01 -6.57672286e-01
    -4.06927079e-01 -2.13767827e-01 1.02227867e-01 -6.81236029e-01
    -5.22983074e-03 3.07629108e-01 8.78740609e-01 1.98563457e-01
    3.83918107e-01 1.37715495e+00 4.81481850e-01 -7.23811984e-02
    4.69726920e-02 6.80331945e-01 1.62434697e+00 1.08910382e+00
    -2.54617929e-02 -5.01802266e-01 1.63677144e+00 9.06475544e-01
    3.79818022e-01 -3.17032158e-01 1.56275594e+00 -1.09080911e-01
    -3.52683663e-02 -2.08900690e-01 1.13434577e+00 1.00559819e+00
    2.47312188e-01 1.31792974e+00 3.84518623e-01 3.02648008e-01
    8.53353441e-01 -4.39338386e-01 3.87228847e-01 -7.27228045e-01
    -2.31619716e-01 5.01955390e-01 9.06928778e-01 7.70823121e-01
    8.44179392e-01 1.59837985e+00 -6.48456752e-01 -6.47423983e-01
    1.20046973e+00 7.45326400e-01 5.29527903e-01 1.18804395e+00
    6.02641106e-02 9.98586059e-01 7.01356053e-01 -4.01173234e-02
    5.41384995e-01 1.37340021e+00 1.33275390e+00 1.51833308e+00
    1.19745493e-01 8.73432159e-02 2.63173580e-01 3.90581787e-01
    -6.68621302e-01 -2.23096848e-01 4.59048390e-01 1.29280078e+00
    8.99267554e-01 -6.17961705e-01 -5.09323478e-02 -5.01275539e-01
    1.59098542e+00 6.21994495e-01 1.28602922e+00 1.48899150e+00
    3.45678747e-01 9.85338688e-01 8.07715118e-01 6.99352920e-01
    -5.42782426e-01 -7.50509501e-01 1.14755344e+00 1.59189093e+00
    1.41245890e+00 1.41993654e+00 6.49553537e-02 -8.07364583e-01
    1.01849866e+00 -4.74519044e-01 1.23376346e+00 -5.03840327e-01
    -6.29595697e-01 7.14881599e-01 3.85635853e-01 8.61443281e-02
    -6.02360606e-01 6.97517812e-01 5.13133943e-01 -4.32311118e-01
    8.86735916e-02 1.57673097e+00 3.80727172e-01 -6.17656410e-01
    1.45042598e-01 -5.96676171e-01 1.94463551e-01 -5.08067966e-01
    7.21839428e-01 -2.67528236e-01 1.80286360e+00 3.17200243e-01
    1.34308720e+00 1.11053419e+00 1.35860074e+00 3.95499468e-01
    -1.93310082e-01 -5.87837219e-01 -4.82095003e-01 1.16326308e+00
    -6.15361273e-01 4.49991524e-01 2.37220526e-01 1.20378733e+00
    9.66487527e-02 -7.17690408e-01 1.79799676e+00 3.18887889e-01
    -7.06863642e-01 1.29679394e+00 -1.56276345e-01 -4.36727285e-01
    1.59351397e+00 -2.72178054e-02 -3.64368141e-01 -7.04908550e-01
    6.11737370e-02 4.38147306e-01 1.26588869e+00 1.27679229e+00
    1.50618553e-02 1.72054696e+00 1.12956178e+00 7.75438666e-01
    -4.98173475e-01 1.41589499e+00 -4.03299093e-01 1.02885485e-01
    1.31795371e+00 6.78674817e-01 7.44336963e-01 1.59244251e+00
    5.41362703e-01 -5.27756751e-01 4.80637252e-01 -5.13431966e-01
    1.36139977e+00 -2.44343996e-01 1.72717023e+00 1.09196222e+00
    4.88955617e-01 -5.81069708e-01 1.20226336e+00 -5.24529696e-01
    -4.52588439e-01 -3.38539779e-01 1.44646215e+00 3.84819627e-01
    1.20864224e+00 -4.50184226e-01 -2.50480175e-02 7.21261442e-01
    8.49412858e-01 -4.05197978e-01 3.94747436e-01 -3.57627869e-04
    6.59616053e-01 1.93289638e-01 1.43312299e+00 1.20658374e+00
    6.91950083e-01 1.04041314e+00 5.30722678e-01 -5.97031176e-01
    6.51765704e-01 3.24324906e-01 3.12562168e-01 1.29114938e+00
    1.09958386e+00 8.59003544e-01 1.13153863e+00 -3.59104782e-01
    9.00807261e-01 4.73428369e-01 5.95551729e-01 5.92963099e-01
    -3.17739248e-01 1.22047520e+00 1.35505164e+00 -3.62416297e-01
    1.74575531e+00 4.10328329e-01 -4.03029650e-01 2.12058604e-01
    7.96986818e-01 1.03116131e+00 -5.28499961e-01 -5.97974539e-01
    4.74934340e-01 1.38865113e+00 1.62265706e+00 9.76289749e-01
    1.83557928e-01 2.57497251e-01 -5.21339297e-01 2.00600863e-01
    -3.39848042e-01 -4.89951432e-01 1.11463380e+00 3.40057373e-01
    9.41136181e-01 4.00921106e-01 3.02515507e-01 5.11469841e-02
    5.50312221e-01 -4.76175725e-01 1.50219846e+00 3.78721714e-01
    -6.49377584e-01 4.42134857e-01 1.65284657e+00 1.24884760e+00
    1.42099953e+00 -4.32715863e-01 1.53879249e+00 -2.74791718e-02
    7.26021111e-01 2.68290281e-01 -4.91071284e-01 1.17947841e+00
    1.57969260e+00 8.86233687e-01 -5.97734451e-01 9.71224546e-01
    6.00320041e-01 1.45215464e+00 8.65259349e-01 8.22255492e-01
    1.44756866e+00 1.58123624e+00 3.94143224e-01 -6.33378744e-01
    -2.61098087e-01 4.62604463e-01 3.21459055e-01 7.73185253e-01
    -8.69105458e-02 -5.37220359e-01 1.68579936e+00 1.27531290e-02
    9.49292123e-01 1.60757685e+00 1.56359303e+00 7.62801170e-01
    1.48878121e+00 1.58694494e+00 1.10114515e+00 1.11883032e+00
    -6.59824312e-01 1.32698894e+00 -8.80905509e-01 1.06891501e+00
    1.07672429e+00 -3.90634418e-01 -3.33867729e-01 1.34502685e+00
    1.05441773e+00 6.64320409e-01 4.93661761e-01 4.05738354e-01
    4.82372642e-01 1.36108351e+00 -3.66156161e-01 1.40350604e+00
    1.00616384e+00 1.56404471e+00 5.41231275e-01 1.35358036e+00
    -6.59491718e-01 1.38218427e+00 7.21811831e-01 1.02341604e+00
    -3.50136518e-01 -2.73306340e-01 3.45796227e-01 1.21876621e+00
    8.24101448e-01 1.57220340e+00 5.71504951e-01 7.88844109e-01
    1.11375773e+00 1.69492519e+00 -4.31375235e-01 1.62543344e+00
    -1.50993347e-01 1.33369446e+00 3.02323580e-01 1.58891189e+00
    -3.54692638e-01 7.49790192e-01 1.04525805e+00 -5.95106483e-02
    1.69192266e+00 1.92476273e-01 -3.07416618e-01 1.55817485e+00
    1.45922375e+00 1.07563436e+00 -1.99841619e-01 5.54535449e-01
    5.79954565e-01 1.44000661e+00 9.73930597e-01 4.32586670e-02
    3.40230823e-01 1.13324881e+00 1.28317606e+00 4.90947604e-01
    1.15957797e+00 8.97163987e-01 2.12706447e-01 -2.53485560e-01
    -5.09235024e-01 5.48332095e-01 1.20325327e-01 1.90724528e+00
    -1.01840496e-02 1.33980799e+00 8.97222340e-01 -4.51672077e-01
    2.62416005e-02 -5.89584768e-01 5.34847021e-01 1.33765006e+00
    1.48922288e+00 -5.79908848e-01 3.81844163e-01 1.25363326e+00
    1.35208964e+00 1.61500108e+00 1.64233637e+00 6.33459568e-01
    1.48021424e+00 3.70557308e-01 -2.09803611e-01 1.32157540e+00
    7.52025843e-02 1.21351433e+00 -4.97102648e-01 7.93207467e-01
    6.45744741e-01 -2.53549218e-02 1.23134530e+00 8.67445111e-01
    -7.22348750e-01 1.29207242e+00 4.11665916e-01 3.43759477e-01
    -1.99683785e-01 9.83108938e-01 -6.29043162e-01 1.62159705e+00
    2.73921072e-01 7.62262344e-01 -4.62981433e-01 -3.18784475e-01
    -4.83051240e-01 -9.12285447e-02 1.27964759e+00 9.91902649e-01
    4.83022869e-01 2.60752559e-01 -2.04398692e-01 1.41824341e+00
    7.36136973e-01 -6.04301333e-01 2.59083509e-03 -2.80620456e-02
    3.26891840e-01 -4.46767271e-01 2.75412560e-01 1.76642060e+00
    1.80805135e+00 -6.70319557e-01 1.17962933e+00 -6.62768126e-01
    -1.27366513e-01 -5.39415479e-01 2.36751139e-01 2.07208395e+00
    8.02408278e-01 1.44096565e+00 5.88212371e-01 9.16769624e-01
    1.56679308e+00 -5.03106356e-01 3.39686990e-01 -3.38776469e-01
    5.55214405e-01 1.74788487e+00 9.62653756e-01 8.26907635e-01
    1.43107069e+00 7.61434793e-01 9.02725816e-01 -2.32081592e-01
    8.91765237e-01 -7.32684731e-02 5.05792379e-01 -2.56850332e-01
    2.33173490e-01 2.18434244e-01 -1.29541278e-01 -3.27448964e-01
    1.28025818e+00 7.67103255e-01 7.76675105e-01 1.18425715e+00
    1.23156500e+00 1.43540955e+00 1.20356095e+00 7.51215816e-02
    7.99511075e-01 -7.16753602e-01 1.56599724e+00 1.12801468e+00
    1.06316352e+00 -4.03262973e-02 -8.48214090e-01 1.36959136e+00
    1.06833506e+00 -3.85359913e-01 -4.27051455e-01 9.87978458e-01
    5.85914373e-01 -4.88090307e-01 -7.80338645e-02 -5.61344087e-01
    5.45924962e-01 1.29701257e-01 1.28228843e+00 5.36627054e-01
    1.91669405e-01 -5.80590665e-01 5.92061281e-01 5.10243177e-02
    -6.78346634e-01 5.00179648e-01 1.73764396e+00 6.75446749e-01
    3.09549928e-01 4.42297459e-01 1.58556128e+00 -6.84874654e-02
    9.70499396e-01 -4.73713458e-01 2.72027612e-01 1.12276816e+00
    -6.00506902e-01 1.45026565e+00 4.66667533e-01 -7.35092163e-03
    1.98351216e+00 -2.88631350e-01 3.29324305e-01 -1.42149925e-01
    1.49520993e+00 -6.86282933e-01 1.03885818e+00 1.20913982e+00
    -4.85854268e-01 1.58033490e+00 1.55535102e+00 5.17220497e-02
    -4.44419503e-01 1.80121422e+00 2.93554068e-02 1.73663616e+00
    -5.55279732e-01 -4.18254793e-01 4.81502950e-01 1.41378021e+00
    -7.36882806e-01 -5.08306980e-01 1.44996178e+00 7.28190660e-01
    -4.25489336e-01 5.35000741e-01 4.90921557e-01 3.88749361e-01
    1.04961646e+00 -1.51487827e-01 -6.47998035e-01 2.76843309e-02
    1.00126886e+00 -7.72769690e-01 -1.37759626e-01 1.29014575e+00
    2.86334872e-01 1.06087327e+00 -4.68661398e-01 1.60093331e+00
    -6.06816769e-01 1.29886615e+00 -1.12428427e-01 9.94969964e-01
    -8.42890143e-02 4.38523173e-01 4.12916899e-01 1.36434114e+00
    -2.60801911e-01 1.29125571e+00 -3.12431455e-01 4.61247444e-01
    9.39803481e-01 1.72515666e+00 1.36009455e-01 1.15316784e+00
    1.36447072e-01 4.71726537e-01 -7.00448096e-01 1.83518934e+00
    2.51462221e-01 7.53800869e-01 1.01764083e-01 4.41826105e-01
    1.70802546e+00 6.17513597e-01 3.80171180e-01 9.38122869e-02
    4.41746771e-01 2.81330705e-01 -2.54122078e-01 1.56425714e+00
    -2.80573070e-01 3.37103188e-01 -2.70814896e-02 2.76934147e-01
    3.36829424e-02 1.08319890e+00 1.04446626e+00 -3.98625195e-01
    -2.85145551e-01 8.66025448e-01 -7.08008409e-01 7.85762548e-01
    -2.61897743e-01 1.62467718e-01 -3.23507786e-02 -2.32678175e-01
    1.55919790e+00 -1.90877914e-03 7.16356635e-01 8.90678644e-01
    5.39442182e-01 -8.41358304e-02 8.46413791e-01 5.40476561e-01
    8.80796373e-01 -5.85191548e-01 -5.57953179e-01 2.03893423e-01
    -6.28324747e-01 -6.51390135e-01 -7.21177518e-01 1.07865191e+00
    7.06689715e-01 1.29387414e+00 -5.92863798e-01 6.41463578e-01
    1.64468479e+00 2.35464692e-01 1.27806294e+00 1.85896933e-01
    -2.45672524e-01 6.50184393e-01 1.70079720e+00 1.04380703e+00
    1.45329189e+00 -5.39978743e-01 -5.44189274e-01 -1.22365594e-01
    9.17703807e-01 -3.51398319e-01 4.09540474e-01 1.42625976e+00
    -8.11594725e-02 3.16118717e-01 1.79968846e+00 -7.01925516e-01
    1.44744825e+00 1.40236259e+00 1.74984026e+00 7.83455968e-02
    -4.96980637e-01 -1.77973092e-01 -2.55749732e-01 6.32247984e-01
    -7.72929788e-01 1.62818134e-01 9.38763082e-01 7.41673112e-02
    1.72534418e+00 1.03161895e+00 -2.43272781e-02 1.30360985e+00
    4.05272126e-01 1.52399135e+00 7.97848403e-01 -3.24991703e-01
    1.69001818e+00 -2.48203158e-01 1.40410185e+00 4.57787037e-01
    4.63287652e-01 1.15519762e-02 1.37310791e+00 1.58103824e+00
    -4.02555466e-01 3.99059057e-01 -2.00720757e-01 1.23854637e+00
    4.63551819e-01 6.11972451e-01 -5.32859802e-01 8.71269226e-01
    1.62601054e-01 1.64980185e+00 -5.15376747e-01 9.49966013e-01
    3.61057937e-01 1.17866433e+00 1.45828104e+00 1.47448039e+00
    -6.56230867e-01 1.57680988e+00 -5.13949990e-02 4.39833879e-01
    3.38465869e-01 1.49200809e+00 1.06792665e+00 -1.56979322e-01
    3.53973269e-01 1.52226865e-01 8.43050301e-01 -1.25902891e-02
    9.80066717e-01 5.55745244e-01 -4.28408146e-01 3.92627835e-01
    -1.96387172e-02 1.58373523e+00 2.53906310e-01 1.54713273e+00
    -5.36409974e-01 -3.12936872e-01 1.87434256e-01 1.00956941e+00
    6.95065975e-01 1.27801597e+00 -7.22747564e-01 1.53690553e+00
    1.03743708e+00 1.57698977e+00 1.02858102e+00 -2.59049982e-01
    9.71701384e-01 -1.42651200e-01 4.38818336e-02 1.09187174e+00
    -1.94959521e-01 5.34785569e-01 7.59837687e-01 -4.74185854e-01
    1.51724279e+00 4.05114293e-01 1.13723779e+00 -3.57220560e-01
    -4.82647717e-01 -3.95890623e-01 1.08603120e-01 1.55476379e+00
    4.35084939e-01 8.14384043e-01 1.21161044e+00 1.05595350e+00
    8.01888466e-01 -3.66276562e-01 8.95404041e-01 3.19072604e-02
    6.57033324e-01 1.33243394e+00 4.83287036e-01 1.66954219e-01
    1.35618639e+00 4.76480842e-01 8.72645974e-02 -7.53465176e-01
    1.84073544e+00 -5.17226756e-01 1.18305850e+00 7.69398451e-01
    1.11358047e-01 -4.86271977e-02 4.19062078e-01 -8.09273064e-01
    9.81699586e-01 8.82490754e-01 -5.64582467e-01 5.10425806e-01
    6.86268985e-01 -5.20154715e-01 -5.14137745e-02 1.53835547e+00
    1.13439596e+00 6.59679234e-01 4.68424559e-01 1.25860333e+00
    -5.62118411e-01 -2.14353204e-01 4.50716019e-01 3.62211764e-01
    -5.32938242e-01 1.18666148e+00 3.60557854e-01 7.83280194e-01
    -4.94350284e-01 5.98597109e-01 -7.04838872e-01 1.84793198e+00
    -7.22761750e-01 1.78158784e+00 -3.09391797e-01 -1.03605211e-01
    4.18576896e-01 6.29492283e-01 -2.88861871e-01 1.64447343e+00
    1.37194836e+00 1.23554528e-01 6.46195710e-01 -6.98939443e-01
    1.19384837e+00 -7.71111608e-01 -1.19097233e-01 6.83602452e-01
    6.82397187e-01 -6.35217547e-01 1.12083316e+00 1.13789892e+00
    -5.40627480e-01 1.40440631e+00 4.97934520e-01 1.59409904e+00
    1.10629678e+00 -2.33899355e-02 1.35168195e+00 3.42083991e-01
    1.62812138e+00 1.35997939e+00 8.45211148e-02 -2.79473513e-01
    1.47914362e+00 1.20818520e+00 -1.99190319e-01 1.28967535e+00
    9.12677646e-01 8.62498641e-01 -1.46361232e-01 1.48163199e-01
    1.15880322e+00 -5.77726185e-01 1.04234076e+00 9.11423802e-01
    1.19210756e+00 4.41866755e-01 -3.24990779e-01 -1.78899527e-01
    -6.08725071e-01 1.45497215e+00 1.13262796e+00 9.14743781e-01
    1.12463832e-02 -3.99752140e-01 1.67012322e+00 1.13390040e+00
    1.08630574e+00 -8.02640915e-02 1.10143161e+00 5.35035968e-01
    -2.58754432e-01 6.13952160e-01 1.25796413e+00 -4.31165189e-01
    -1.40145957e-01 5.00101209e-01 1.37718964e+00 -6.09060526e-01
    1.98956072e-01 2.90086150e-01 3.40419829e-01 1.87967181e-01
    6.12846017e-01 8.55706990e-01 -6.92137718e-01 1.76714563e+00
    8.15521479e-02 1.20218170e+00 -3.61102343e-01 1.26207829e+00
    5.22333026e-01 1.62876403e+00 -5.42562723e-01 -3.66289496e-01
    8.56001854e-01 1.47531903e+00 -4.65266943e-01 -1.78260922e-01
    1.71628392e+00 1.19416380e+00 1.42202282e+00 1.01986289e+00
    -5.53910017e-01 1.46566093e+00 1.53429806e+00 -4.74812299e-01
    8.07563663e-02 -3.50749135e-01 1.54974461e+00 -8.78406703e-01
    1.48447192e+00 9.59111989e-01 -6.52655721e-01 -8.59340429e-02
    1.07526386e+00 4.35046434e-01 1.20307946e+00 5.11638582e-01
    1.35473037e+00 -3.62129718e-01 2.54222155e-02 1.63575840e+00
    7.13777542e-03 8.46953928e-01 6.98420584e-01 -1.19885743e-01
    -5.54144859e-01 -2.83153057e-01 -7.15257645e-01 1.38976097e+00
    1.06663787e+00 7.16412067e-02 -9.80985165e-02 -6.85086310e-01
    1.21257639e+00 1.79551983e+00 7.91721880e-01 -5.76874971e-01
    -2.92429894e-01 5.30935585e-01 5.96765280e-01 1.87481284e-01
    8.80019307e-01 8.15897226e-01 -1.70351565e-01 9.19533968e-01
    1.20466113e+00 1.42824674e+00 -3.02346706e-01 1.33172154e+00
    -5.77587187e-01 1.08347213e+00 -5.53817987e-01 1.08125877e+00
    2.45664001e-01 -3.41598719e-01 1.00369251e+00 1.05162263e+00
    2.72167027e-01 -7.38455057e-02 6.92589104e-01 1.28590584e-01
    -4.47933674e-01 1.64510417e+00 3.29417706e-01 1.54512095e+00
    -1.46710157e-01 -4.09603000e-01 3.12750757e-01 -8.13984275e-01
    1.56357336e+00 1.19737387e+00 7.59689569e-01 7.99073577e-02
    -3.80082071e-01 -1.56731665e-01 1.58456779e+00 1.05894053e+00
    -4.50630486e-01 1.37460470e-01 1.51411593e-01 1.71521676e+00
    1.85557199e+00 1.05390131e-01 2.03531206e-01 6.17376566e-02
    5.46811342e-01 1.79135203e-02 1.70743895e+00 4.40897942e-01
    4.63737607e-01 -4.45531070e-01 -4.65582758e-01 6.95451736e-01
    4.23886299e-01 6.78863525e-01 -6.64334893e-01 1.64610147e-03
    9.46598411e-01 5.37786603e-01 1.07928586e+00 -6.80131257e-01
    1.17870069e+00 1.00999296e-01 -1.64273977e-01 -3.16558450e-01
    -2.71641999e-01 -4.14411396e-01 -1.39813989e-01 -4.39156175e-01
    7.03579187e-02 3.94721806e-01 -7.24382937e-01 1.39030409e+00
    1.48072934e+00 9.07008529e-01 -2.22799182e-01 8.01720023e-01
    -6.73751712e-01 -8.13763738e-02 7.94340491e-01 1.20058656e+00
    5.15788674e-01 -5.36231518e-01 -6.03847504e-02 9.89451349e-01
    1.00622487e+00 6.68051004e-01 1.52490616e+00 5.50674081e-01
    9.75944757e-01 1.52567375e+00 1.30757880e+00 6.76227272e-01
    4.29426014e-01 1.37816107e+00 -3.05715889e-01 -1.23245329e-01
    1.78739905e-01 1.96163273e+00 8.09252262e-04 1.86326766e+00
    3.65694880e-01 -2.55783260e-01 1.79010189e+00 6.08030558e-01
    8.76885772e-01 -3.13808262e-01 1.66202497e+00 9.02235150e-01
    6.21177793e-01 -2.29194045e-01 1.67549944e+00 -1.55916989e-01
    3.07524025e-01 1.52493119e+00 1.11332011e+00 1.52918553e+00
    -7.29162335e-01 1.24124289e+00 -4.58615184e-01 4.97961104e-01
    1.77309990e+00 4.68780518e-01 3.58217120e-01 5.18892944e-01
    1.36853898e+00 -6.69430852e-01 -5.95684230e-01 1.87160277e+00
    6.70943320e-01 2.13440955e-01 -4.28347766e-01 7.00190306e-01
    1.37827098e+00 7.19815135e-01 8.15193892e-01 1.64522576e+00
    9.90133286e-02 1.63089037e+00 1.11266685e+00 1.70115829e+00
    -6.60614371e-01 9.34202671e-01 5.35692215e-01 1.60064709e+00
    1.46191990e+00 1.06030703e+00 -6.61539435e-02 1.53389931e-01
    1.17385292e+00 -4.67365980e-02 -2.22423792e-01 -4.53786403e-01
    2.78277159e-01 -5.09092093e-01 -1.60234451e-01 4.66558933e-01
    6.61727905e-01 -9.70026255e-01 8.50254297e-01 5.27392387e-01
    1.53757763e+00 -2.72350371e-01 1.02121902e+00 6.07572675e-01
    9.03928280e-02 -5.72757125e-02 1.13749921e+00 5.75421810e-01
    8.45310569e-01 4.18720424e-01 4.23253477e-01 4.74452972e-04
    1.54221487e+00 5.09490311e-01 -2.75716305e-01 -4.04343456e-01
    -3.53573859e-01 1.08624005e+00 -6.23104692e-01 2.49586880e-01
    -5.49989939e-01 -1.06778502e-01 1.25436449e+00 8.65713239e-01
    -2.07522333e-01 1.31252062e+00 6.19500279e-02 1.30975246e-03
    1.67699409e+00 1.27838969e+00 -5.25156915e-01 1.22859669e+00
    1.96528852e-01 1.10207391e+00 1.78931761e+00 -1.21250689e-01
    1.36500859e+00 1.21128142e+00 4.40140903e-01 1.62050724e+00
    -5.42093039e-01 -7.36027241e-01 1.70803261e+00 1.22318816e+00
    -7.55024612e-01 1.73721600e+00 1.17889225e+00 6.53098941e-01
    1.08739638e+00 1.52191567e+00 1.29828906e+00 5.17858028e-01
    7.69144177e-01 8.65356207e-01 3.55319381e-02 9.65760350e-01
    1.52990341e-01 1.04684973e+00 1.25581503e-01 -1.57655597e-01
    1.73951387e+00 2.54966199e-01 -3.01319361e-02 1.61261725e+00
    5.86699009e-01 1.32616758e-02 1.30052805e+00 9.01313186e-01
    -4.77363884e-01 -3.48669618e-01 -3.87440234e-01 -2.53549963e-01
    4.20797586e-01 -2.13997245e-01 1.32433760e+00 1.61571205e+00
    -7.97115207e-01 5.83212495e-01 7.42875040e-01 -6.93271995e-01
    4.11355078e-01 4.92707312e-01 1.54166317e+00 -4.15948868e-01
    1.69561982e+00 -4.16709393e-01 1.68413591e+00 8.38567674e-01
    1.65913951e+00 4.15678620e-01 -5.89834988e-01 1.15807056e-01
    -2.85336852e-01 2.45324373e-01 8.34232271e-01 7.34028816e-01
    1.69657063e+00 -1.92982078e-01 1.35189199e+00 3.90485525e-01
    2.07859337e-01 -5.86223185e-01 -4.98234808e-01 -2.21939236e-01
    4.39368486e-02 1.27390051e+00 -6.03616238e-03 8.79514575e-01
    9.62030888e-02 1.32354593e+00 1.52271295e+00 1.25990272e+00
    2.26675570e-01 1.17860818e+00 -5.12892842e-01 -4.39851165e-01
    1.01927280e+00 1.15435600e+00 1.06184101e+00 1.98477924e-01
    -6.97403014e-01 8.13647509e-01 1.36996150e-01 1.51712251e+00
    7.28721261e-01 6.60177469e-01 -9.25064683e-02 3.21934104e-01
    2.61200070e-02 1.01526201e-01 -5.73296726e-01 1.18773651e+00
    1.38351858e-01 -2.10389823e-01 1.38781285e+00 -4.20589805e-01
    3.01944494e-01 -5.49354434e-01 1.49511480e+00 1.24021542e+00
    1.26675701e+00 2.33368814e-01 5.95288277e-02 9.33089018e-01
    1.06575012e-01 1.18210554e+00 1.05723500e-01 -4.19750154e-01
    4.16488349e-01 1.02692819e+00 1.85400712e+00 5.03599644e-02
    7.00571001e-01 -1.99083984e-01 1.75379741e+00 1.65623546e-01
    9.23731506e-01 -5.60836196e-01 1.71765733e+00 1.13212848e+00
    9.64761317e-01 1.31607866e+00 -5.12495637e-02 2.33139992e-02
    1.01346970e-02 1.40517211e+00 7.14010835e-01 1.24580204e+00
    4.32717443e-01 9.49843645e-01 2.08818972e-01 -1.33559108e-02
    1.01798046e+00 6.84865773e-01 4.73831892e-02 1.44637072e+00
    1.50234532e+00 1.40098250e+00 6.02437317e-01 1.02234650e+00
    -6.86376333e-01 5.43961227e-01 7.33809710e-01 9.50391412e-01
    6.43859446e-01 4.36206520e-01 -5.92534900e-01 1.05300784e+00
    5.50782681e-01 5.92741013e-01 8.06088150e-01 -3.14870566e-01
    -1.79861397e-01 5.07188201e-01 -9.98747349e-03 -7.52973557e-02
    3.27747405e-01 1.58472490e+00 -6.56074286e-03 -4.20117199e-01
    7.80368388e-01 -3.27598482e-01 1.23575044e+00 4.98275578e-01
    1.00074100e+00 -1.92178845e-01 -5.87911010e-01 5.39944828e-01
    7.24807858e-01 6.65140212e-01 1.51056516e+00 4.59959149e-01
    2.05655813e-01 -2.69785225e-01 1.09732342e+00 4.03075397e-01
    -6.04428649e-02 1.61041486e+00 -3.03837121e-01 -3.42049301e-01
    1.65065265e+00 -6.96027875e-02 7.37075746e-01 8.15931618e-01
    6.07674122e-01 2.28861272e-01 2.39784122e-01 5.81216216e-01
    1.21986151e-01 1.42847538e+00 -1.45479798e-01 1.19569743e+00
    -7.62960553e-01 9.51717496e-01 -2.18115509e-01 1.25675297e+00
    1.39471948e+00 6.55930042e-01 1.10110319e+00 -1.12986743e-01
    -4.09387350e-02 -5.39959073e-02 5.00679553e-01 1.03660703e+00
    3.86981368e-01 1.52773356e+00 3.20749283e-02 1.38872552e+00
    -2.17737019e-01 2.57391632e-01 -2.59554833e-01 -2.24587739e-01
    1.48002660e+00 1.10887825e+00 1.68385875e+00 -8.93523872e-01
    1.14212000e+00 1.48856068e+00 3.92781556e-01 -2.58730799e-01
    5.09621382e-01 -4.06719059e-01 9.11095560e-01 1.06389904e+00
    1.23314714e+00 4.60515141e-01 9.85390782e-01 1.61515129e+00
    -1.16151452e-01 8.87679875e-01 1.00426555e+00 8.33440304e-01
    -4.97555494e-01 8.97770941e-01 -4.66961592e-01 5.65200448e-01
    2.91304588e-02 1.15874207e+00 -4.96406972e-01 -4.17509317e-01
    9.75156963e-01 1.50606740e+00 -1.94786787e-02 7.44732380e-01
    3.12046885e-01 1.09772706e+00 3.39435041e-01 1.17022824e+00
    5.63749552e-01 -4.34451789e-01 9.29383099e-01 5.38058043e-01
    -3.73340607e-01 9.28341687e-01 -3.11600804e-01 5.28340459e-01
    4.72785056e-01 1.43226576e+00 -3.18914592e-01 -2.47072667e-01
    3.34697962e-02 2.41113961e-01 -3.92042607e-01 3.02160621e-01
    2.43190706e-01 9.51287746e-01 -4.33536112e-01 1.48516285e+00
    1.40192044e+00 5.19707382e-01 -3.35718155e-01 -6.02584124e-01
    9.28651690e-01 1.44177651e+00 -6.71151102e-01 1.46706045e-01
    6.01919889e-02 5.45379758e-01 8.82675648e-01 2.04792082e-01
    -2.02062130e-02 -8.66936803e-01 1.18533611e+00 -3.01711559e-02
    1.00517809e-01 8.86743128e-01 1.46727204e+00 7.22731531e-01
    -6.61628366e-01 1.39242196e+00 7.04398274e-01 2.00956404e-01
    1.14071596e+00 1.66853726e+00 -1.51852965e-01 1.75451005e+00
    -3.87834311e-02 -4.04404879e-01 -6.00057662e-01 -1.30350292e-01
    -5.04548490e-01 1.53661680e+00 1.22035444e-01 -5.41390240e-01
    9.66972291e-01 1.08577847e-01 4.91491556e-02 1.96414375e+00
    4.39441025e-01 7.18690455e-01 -7.13625252e-01 -2.25307345e-01
    1.53888106e-01 5.76664984e-01 4.19508636e-01 1.17555857e-02
    5.20135760e-02 7.61702657e-01 7.28972852e-01 4.40041363e-01
    -1.27324224e-01 4.99574602e-01 7.51121461e-01 2.26096570e-01
    5.45855045e-01 -6.69689775e-01 1.12263310e+00 1.70756483e+00
    -7.35642850e-01 -3.47384512e-01 1.48902798e+00 7.87112892e-01
    -6.34724438e-01 1.50595641e+00 -3.53069603e-01 -6.64254785e-01
    1.22530460e+00 1.07411885e+00 -3.42593908e-01 6.58109426e-01
    7.99353719e-01 7.07755446e-01 6.10445499e-01 -5.51014423e-01
    8.70511770e-01 2.41059184e-01 -1.82410061e-01 7.17758775e-01
    1.43044770e+00 8.43727648e-01 1.94672644e-01 2.43377984e-02
    1.27685606e+00 8.06208789e-01 7.50278711e-01 7.03539252e-01
    5.66642582e-01 -7.40481675e-01 4.74038064e-01 -5.50325692e-01
    1.55449402e+00 1.63115036e+00 -4.51458097e-02 1.50722921e-01
    1.32715011e+00 -5.33042312e-01 -2.82537937e-03 -4.08916980e-01
    1.77966738e+00 2.16867089e-01 -1.50148511e-01 1.79103351e+00
    2.63868272e-01 1.23243105e+00 1.59104192e+00 1.71223724e+00
    -6.46309972e-01 1.26562548e+00 3.86367202e-01 1.07073998e+00
    5.56031048e-01 4.43390012e-02 1.56526685e+00 -2.69443989e-02
    -7.38605917e-01 5.67232549e-01 1.02915502e+00 -7.92850018e-01
    6.48070931e-01 5.42749822e-01 1.08448863e-01 -4.35219884e-01
    9.79428887e-01 2.45480061e-01 1.18061590e+00 -6.74104095e-01
    1.13785410e+00 8.72133493e-01 4.90503252e-01 -2.25710154e-01
    4.81533468e-01 -4.43632454e-01 3.10316145e-01 1.39071178e+00
    3.67101789e-01 5.66235721e-01 1.09802008e+00 8.55035722e-01
    7.24851668e-01 1.03981984e+00 -6.62868023e-01 5.39879084e-01
    1.48140788e-02 1.04702842e+00 1.61902845e+00 -3.94884229e-01
    1.52193403e+00 -1.61887228e-01 -7.42400944e-01 6.10253990e-01
    1.14924848e-01 7.20070481e-01 1.74844205e+00 1.09123588e+00
    -5.49853206e-01 1.04481578e-02 8.66374969e-02 8.03543687e-01
    1.77929521e+00 -3.17138016e-01 2.02097833e-01 -5.58408916e-01
    -1.62327945e-01 1.21548092e+00 1.07790279e+00 1.04048777e+00
    9.82183337e-01 5.17164290e-01 -4.33714002e-01 5.72810352e-01
    6.99617863e-01 -6.04081273e-01 3.46273780e-02 -5.22999942e-01
    3.40200722e-01 1.58589256e+00 8.13961744e-01 7.82191396e-01
    4.05385554e-01 8.31698239e-01 -5.07843733e-01 -5.38340449e-01
    1.09595275e+00 3.14579010e-02 6.13295913e-01 8.08824718e-01
    7.87020445e-01 -3.85286331e-01 1.34777665e-01 1.11814094e+00
    6.59240901e-01 -1.05151117e-01 -5.12402654e-02 1.72226012e+00
    -2.96831131e-04 -1.04134083e-01 1.51144910e+00 -1.92902029e-01
    7.87983656e-01 1.43863928e+00 2.07060516e-01 -1.85354054e-01
    2.96057880e-01 -5.16222358e-01 8.48319292e-01 5.46315312e-01
    -2.89208978e-01 1.14939749e-01 -5.86425602e-01 -2.36328900e-01
    9.92014408e-01 8.92034769e-01 1.76408529e-01 4.64443505e-01
    -2.00963914e-01 -2.56464303e-01 1.55501187e+00 -3.56788993e-01
    4.93333936e-01 -4.57808495e-01 1.68693113e+00 6.07749104e-01
    5.38451076e-01 -1.79292202e-01 1.26676321e+00 -3.34095150e-01
    1.04970980e+00 1.00375164e+00 -5.92609048e-01 7.18939245e-01
    1.22869015e-03 9.41435218e-01 3.87161970e-02 7.98312902e-01
    2.28983879e-01 3.22765172e-01 4.11656320e-01 -5.51697016e-01
    1.20228112e+00 5.81293881e-01 -1.39171839e-01 8.48333955e-01
    9.97941852e-01 -6.73831522e-01 4.79111731e-01 1.10069346e+00
    9.05733824e-01 -4.30655301e-01 3.21748376e-01 -3.85697275e-01
    2.51554906e-01 -4.07429844e-01 7.13410378e-01 8.65208983e-01
    1.16997671e+00 -8.57243776e-01 9.65989172e-01 1.60127354e+00
    1.30149150e+00 -4.90650505e-01 1.33491588e+00 1.64772296e+00
    1.64437187e+00 -9.14466500e-01 1.72186148e+00 7.41047859e-02
    1.13902879e+00 8.88080597e-01 1.38981640e+00 -8.28706861e-01
    1.01372910e+00 4.28071737e-01 6.32019758e-01 -9.76409912e-02
    1.25005949e+00 1.15108609e+00 -1.09239876e-01 1.99750721e-01
    -6.52098477e-01 6.66307867e-01 1.09479451e+00 2.85184264e-01
    1.03010643e+00 1.53538823e+00 8.69849086e-01 1.47490001e+00
    3.71552169e-01 -5.37366986e-01 1.31163502e+00 1.82602108e+00
    1.98431551e-01 -4.87343043e-01 8.74424994e-01 4.38887477e-01
    -7.53891349e-01 2.84679770e-01 1.45215225e+00 -2.60457098e-01
    3.89481008e-01 5.29155910e-01 1.37004519e+00 1.34458303e+00
    9.17923450e-03 1.62368679e+00 9.39831376e-01 1.50830913e+00
    1.12532079e-01 1.23807776e+00 1.40513051e+00 -7.25211143e-01
    2.39745557e-01 8.62635493e-01 3.11787248e-01 1.58637464e-01
    1.12302625e+00 3.75231087e-01 -2.67514288e-01 -3.07744980e-01
    -5.30275881e-01 1.16146803e+00 1.80300117e-01 1.02249396e+00
    7.43381739e-01 1.56660974e+00 2.13838339e-01 4.56140041e-02
    3.02313566e-02 1.26543784e+00 8.75838041e-01 2.44498253e-03
    1.14890397e+00 4.06398058e-01 -4.35907841e-02 7.67561555e-01
    -4.16425049e-01 1.44740367e+00 -5.92001677e-02 1.25178266e+00
    -1.08323455e-01 -4.18858379e-01 1.50001681e+00 2.84034729e-01
    -4.70817685e-02 1.59799767e+00 -3.96935195e-01 1.29731703e+00
    -4.03890520e-01 9.56534326e-01 4.35249448e-01 5.46642542e-01
    -2.81697989e-01 1.64261329e+00 1.29309416e+00 -6.81151509e-01
    8.53635311e-01 8.92935872e-01 -2.08084822e-01 -4.36927229e-01
    -3.55678976e-01 1.21608448e+00 6.08164907e-01 -8.11404884e-01
    9.14736867e-01 -3.20592970e-01 -9.41351056e-02 1.43306148e+00
    -8.25965285e-01 -6.81720972e-01 1.17046189e+00 1.14845133e+00
    4.27757502e-02 1.60044563e+00 1.57311773e+00 1.28168774e+00
    -1.50481164e-01 9.55398083e-02 1.04597592e+00 1.33333588e+00
    1.61401629e-02 2.69290090e-01 1.61220801e+00 9.35551643e-01
    7.40430772e-01 1.99773252e-01 -7.83525705e-02 -1.06299222e-01
    8.76700163e-01 1.27763247e+00 6.60598576e-01 1.05225921e-01
    1.38256884e+00 -5.47129035e-01 4.82555091e-01 -2.96438575e-01
    -4.29680139e-01 -1.64358914e-01 1.32509983e+00 9.26840544e-01
    -1.96820617e-01 8.26772988e-01 -4.22751278e-01 1.83376741e+00
    1.33366179e+00 -5.07028699e-02 1.26781321e+00 1.94278884e+00
    -6.23784482e-01 -7.12077141e-01 9.01628375e-01 1.60395813e+00
    7.73794651e-02 3.96089137e-01 1.37799990e+00 5.95107734e-01
    2.99988210e-01 -3.85271728e-01 1.27591419e+00 4.90108609e-01
    -1.99597120e-01 1.68551683e+00 -5.69417715e-01 -6.03128612e-01
    2.25624144e-01 -4.22113389e-01 1.11036205e+00 1.30832767e+00
    1.46072304e+00 1.45667648e+00 5.55078983e-01 1.57966602e+00
    -2.31960833e-01 1.25324249e+00 7.54938066e-01 8.92623067e-01
    -5.07833958e-01 1.91819048e+00 6.44870996e-01 1.35911322e+00
    6.63137674e-01 -3.57869565e-01 9.38804746e-01 1.51652694e-01
    6.96663499e-01 2.16783464e-01 -1.15633488e-01 -5.86130142e-01
    9.20470059e-01 -8.66413116e-04 -5.08254528e-01 1.20648503e+00
    5.06782889e-01 -7.10279822e-01 1.82675028e+00 -5.62514663e-02
    1.23158491e+00 9.35376167e-01 8.36976647e-01 -4.91148412e-01
    -3.55955780e-01 1.29404044e+00 1.30940592e+00 6.99325979e-01
    7.44778037e-01 1.32749248e+00 -5.81825495e-01 9.02973294e-01
    -2.79276669e-01 1.59084415e+00 6.22343183e-01 1.70393443e+00
    -3.11554492e-01 4.17781472e-01 2.94311345e-01 -7.41003036e-01
    2.48928607e-01 1.68627715e+00 -6.06146455e-01 9.05428708e-01
    1.06241703e+00 -2.97445059e-01 1.65301871e+00 -5.34620702e-01
    7.85260856e-01 9.35236931e-01 9.19397295e-01 1.38901329e+00
    2.44797051e-01 -6.35879397e-01 1.09267449e+00 -3.58032763e-01
    8.66793215e-01 4.52477336e-02 1.40267539e+00 9.10228193e-01
    7.08910823e-01 1.07708740e+00 1.38850415e+00 -5.30806899e-01
    8.68431330e-02 1.15677357e+00 6.86200261e-02 -5.02922535e-02
    -5.68111777e-01 1.58189225e+00 -4.68648195e-01 -3.26053828e-01
    1.56668615e+00 1.58429742e-01 9.90952194e-01 7.56814122e-01
    -2.32827723e-01 1.01332164e+00 1.08057737e-01 -7.62013435e-01
    -2.54853249e-01 3.43439996e-01 -7.38941729e-01 8.10181618e-01
    7.47884274e-01 5.71290016e-01 -3.98484528e-01 1.37658656e+00
    9.68147039e-01 1.46127033e+00 3.63240361e-01 1.72654319e+00
    1.06654739e+00 9.56899166e-01 -2.99246371e-01 8.41140747e-01
    5.09310126e-01 1.63020682e+00 -6.05848372e-01 1.14447665e+00
    -2.00879931e-01 -7.74818897e-01 1.49725676e+00 4.51064348e-01
    4.20070291e-01 8.94497514e-01 3.47583532e-01 1.01169014e+00
    -5.63374400e-01 -2.74260789e-01 -4.29785013e-01 1.24737644e+00
    -2.81311989e-01 1.84812129e+00 9.89589572e-01 6.43856525e-01
    1.71427488e+00 1.15275741e-01 1.43377841e+00 1.84783792e+00
    -4.33024198e-01 1.19675994e-01 -5.99297166e-01 1.11085677e+00
    9.56452668e-01 9.81008589e-01 -8.27041924e-01 2.12786853e-01
    7.49405205e-01 4.26983237e-02 6.18199706e-01 1.06387210e+00
    1.67683196e+00 -7.34899640e-01 8.33343327e-01 -4.41511512e-01
    -2.48314142e-01 1.01803899e+00 5.67837715e-01 1.00698817e+00
    9.68353271e-01 1.05891109e-01 1.00131953e+00 8.99719477e-01
    1.12620187e+00 1.25605047e+00 -5.06849885e-01 1.47006464e+00
    5.67190707e-01 1.19389355e+00 1.32222259e+00 6.97965622e-01
    1.44640219e+00 4.82960105e-01 -1.36292636e-01 1.61685085e+00
    1.32760119e+00 2.06571341e-01 -4.89043593e-01 1.32799578e+00
    1.89930975e-01 1.02192199e+00 4.11166668e-01 1.53449750e+00
    -9.92263198e-01 1.55172288e+00 6.84419870e-02 -2.00267583e-01
    4.90471125e-01 1.16328800e+00 2.48857498e-01 -7.52979159e-01
    1.03266430e+00 1.32433295e-01 -4.88414824e-01 9.74027872e-01
    1.21107566e+00 -5.38511872e-01 1.45243943e+00 -2.27460563e-01
    7.49168158e-01 1.26013350e+00 -6.37961090e-01 -4.16520625e-01
    9.01416361e-01 -7.71512091e-01 1.33651853e+00 1.67042875e+00
    1.77074075e+00 1.30069447e+00 7.97831416e-01 1.19570088e+00
    2.13553727e-01 -6.31746650e-01 1.62988055e+00 1.06077480e+00
    -2.61278749e-01 1.27208972e+00 6.56796396e-01 4.78774905e-01
    3.77467573e-01 7.27132678e-01 -1.27486467e-01 2.79796362e-01
    6.20326042e-01 -1.44299209e-01 8.25300276e-01 6.96822226e-01
    3.15337062e-01 -1.39641762e-03 7.84105062e-03 6.50051117e-01
    5.11224806e-01 7.68302202e-01 1.49902892e+00 1.46130753e+00
    5.38020015e-01 3.81428123e-01 8.75891805e-01 1.48735166e+00
    6.09698951e-01 -6.14599884e-01 1.02610397e+00 -3.80625367e-01
    -4.84567165e-01 -5.88355362e-01 -2.36715883e-01 -1.88242674e-01
    1.91583574e-01 1.50613010e-01 1.18486428e+00 -5.38701534e-01
    8.84635091e-01 2.93448746e-01 1.41325593e-02 1.46417713e+00
    -6.23402596e-01 9.40742493e-02 -1.24290586e-02 -3.44926953e-01
    -2.55492121e-01 9.76626337e-01 1.35573888e+00 1.16189837e-01
    -2.90197790e-01 1.05517149e+00 1.34997869e+00 -7.34688640e-01
    4.90209937e-01 1.69148624e+00 -4.62693691e-01 9.37348604e-01
    1.31833673e+00 1.38707340e-01 -1.93524599e-01 -2.57898808e-01
    -2.94192702e-01 -7.01206684e-01 3.80380452e-01 7.52581537e-01
    2.69231915e-01 1.54707921e+00 1.32447457e+00 1.30540502e+00
    2.70396352e-01 -4.36360657e-01 9.44760978e-01 4.83247817e-01
    1.47538686e+00 -6.25329673e-01 1.51430070e+00 -3.91771764e-01
    -7.84033716e-01 1.32209098e+00 -1.72888815e-01 1.25943315e+00
    -9.46560919e-01 1.38620830e+00 1.32591522e+00 -1.04039311e-01
    1.30494583e+00 1.58499837e+00 -8.33174467e-01 1.67649508e+00
    1.87206769e+00 -6.38063610e-01 6.42732799e-01 4.92106199e-01
    -1.37187541e-01 -7.65969992e-01 5.29174089e-01 1.10187936e+00
    4.86956835e-01 3.59424829e-01 5.58227062e-01 1.45145404e+00
    1.21637213e+00 -2.88971305e-01 1.09280396e+00 -6.50446653e-01
    7.89382160e-01 8.34254563e-01 7.42063224e-01 -3.38114619e-01
    1.09997141e+00 1.10499811e+00 3.62129092e-01 -5.82672238e-01
    1.29951692e+00 1.86052334e+00 -5.64003110e-01 1.63219881e+00
    9.40311313e-01 2.00053871e-01 -5.08804321e-02 6.92110240e-01
    -1.07249677e-01 9.16072071e-01 5.36719441e-01 1.42110038e+00
    1.84138560e+00 -1.02573812e-01 -3.89162660e-01 -3.10699344e-01
    1.45923460e+00 1.45430136e+00 8.42863441e-01 1.80212045e+00
    -7.39633441e-01 7.67717600e-01 -5.29307544e-01 1.53054285e+00
    5.61043203e-01 1.34234059e+00 1.21100509e+00 2.58836508e-01
    1.63758218e+00 1.56443775e+00 1.04983926e+00 -9.05715227e-02
    -1.15968943e-01 1.32787585e+00 -6.27873480e-01 1.40213740e+00
    1.49669707e+00 -3.71719182e-01 9.70919132e-01 -2.48770833e-01
    1.20424032e-01 -2.76302636e-01 -3.42680484e-01 1.94370389e-01
    1.28722048e+00 5.74213266e-01 6.15743816e-01 -5.46421409e-02
    1.58748126e+00 1.38953900e+00 1.58195150e+00 1.58802032e+00
    -7.41342664e-01 1.41552210e+00 6.27680838e-01 -4.48173851e-01
    1.85892439e+00 3.03354681e-01 -3.80101115e-01 1.54799223e-01
    1.41627908e-01 -1.39115572e-01 1.23702407e+00 -4.06569123e-01
    5.38633943e-01 5.41643500e-01 -8.97251308e-01 4.42268908e-01
    7.55647898e-01 -7.38193154e-01 1.05252171e+00 -6.78253829e-01
    4.93987739e-01 -6.36799574e-01 5.48367321e-01 1.47483969e+00
    -4.65393245e-01 -9.64360237e-02 -2.24112451e-01 1.26031590e+00
    5.07049680e-01 4.96468484e-01 4.75280881e-01 1.85699809e+00
    -6.83520854e-01 1.36130047e+00 9.37382460e-01 1.84633970e-01
    1.67545152e+00 8.84565473e-01 -4.49859053e-01 6.15300715e-01
    6.40147865e-01 6.29220426e-01 1.06793046e+00 -6.47788465e-01
    -5.97308517e-01 -6.83110297e-01 1.18858778e+00 9.73134279e-01
    -2.90655673e-01 1.45085275e+00 -4.31854606e-01 -6.25862241e-01
    -6.70577109e-01 6.43374205e-01 -4.65345293e-01 -2.17012987e-01
    1.96168852e+00 5.22738516e-01 1.44176245e-01 1.03429163e+00
    7.33595729e-01 1.06167305e+00 6.01322353e-01 -6.22716784e-01
    8.23986530e-01 -2.60050058e-01 9.69482243e-01 1.13248396e+00
    2.10362136e-01 1.60104156e+00 -5.64126432e-01 1.29912615e+00
    9.04798627e-01 6.58792138e-01 -4.80434448e-01 1.84786320e+00
    5.34297705e-01 1.08846176e+00 1.21815741e-01 1.67164564e+00
    1.59181523e+00 7.86639690e-01 6.61532819e-01 2.43253648e-01
    -5.87501884e-01 -4.76156712e-01 -2.55253911e-01 2.84178853e-02
    1.19291043e+00 3.15542996e-01 6.06482029e-02 -2.86411762e-01
    1.58722937e-01 1.60133934e+00 2.65372217e-01 -5.43706238e-01
    -3.09969127e-01 1.49660492e+00 1.70286083e+00 -8.31202030e-01
    1.04395354e+00 4.26028371e-01 -6.67010009e-01 6.72303140e-01
    1.24636173e+00 -4.53666300e-01 3.65551591e-01 -2.81935483e-01
    8.96014214e-01 3.93147230e-01 5.56739330e-01 5.12819171e-01
    -7.44780302e-01 1.44955969e+00 6.87164068e-01 5.93505621e-01
    1.15938365e-01 1.24252617e-01 1.15422845e+00 -5.16582429e-01
    1.64156151e+00 8.83285999e-01 1.52237201e+00 -4.83482480e-02
    8.74214709e-01 1.46115160e+00 1.26669335e+00 -6.80325031e-02
    -1.14819407e-01 1.67729533e+00 -2.91513145e-01 -5.59253097e-02
    1.71150291e+00 8.13566685e-01 -1.24980092e-01 1.55534005e+00
    8.15107822e-01 -6.44623756e-01 8.24742556e-01 -3.62976283e-01
    1.87625384e+00 -9.27684784e-01 7.00036526e-01 2.31024504e-01
    8.65884304e-01 -5.22179723e-01 -2.13529617e-01 -3.47538680e-01
    -5.77658415e-01 -2.66004354e-01 1.54329789e+00 1.01641321e+00
    1.55896187e+00 7.33952105e-01 6.99447989e-01 -4.42010581e-01
    1.80223203e+00 -9.84496474e-02 8.14257860e-01 -8.03164721e-01
    1.23191297e+00 2.86907315e-01 1.54979670e+00 -3.73126745e-01
    3.63943636e-01 -1.89711392e-01 3.65935266e-01 1.06473136e+00
    1.64612532e+00 5.45629263e-02 8.79118085e-01 -3.58623564e-01
    1.53861535e+00 4.76397276e-02 4.85360920e-01 1.72487354e+00
    -5.11130214e-01 1.64511621e+00 9.46606398e-02 -5.36736369e-01
    -6.15424752e-01 -4.24766153e-01 1.66209316e+00 7.22654819e-01
    2.72380233e-01 5.47057807e-01 1.67412138e+00 -7.19516873e-01
    3.76161397e-01 1.94217145e-01 1.24441886e+00 1.52546203e+00
    -2.59341955e-01 1.24281669e+00 2.88829029e-01 -3.25532794e-01
    1.74440098e+00 5.55821359e-01 7.60636270e-01 1.22653234e+00
    9.17108119e-01 -5.89054585e-01 -3.91560405e-01 5.48212171e-01
    5.30300438e-01 -6.65708244e-01 1.06324577e+00 6.98788404e-01
    -3.64438742e-01 1.08819902e-01 1.22056890e+00 4.87212598e-01
    1.69168591e-01 5.08349836e-01 8.08316946e-01 -4.96786386e-01
    -3.97501647e-01 -5.98804832e-01 -4.41437572e-01 5.60876071e-01
    8.07357609e-01 8.88266921e-01 1.63058710e+00 3.39165032e-01
    -2.26693988e-01 1.28166580e+00 1.03437424e-01 6.57865345e-01
    1.84497118e-01 -4.68684614e-01 -6.68759465e-01 1.66233695e+00
    -3.40927362e-01 9.06536996e-01 1.63839912e+00 8.41806114e-01
    -8.12439740e-01 1.55379343e+00 1.39696860e+00 -6.28808498e-01
    8.48400414e-01 -4.07093316e-01 7.06192195e-01 -2.09968388e-01
    5.17214537e-02 1.84337544e+00 9.58987474e-01 8.14014196e-01
    1.49152398e-01 -1.14948750e-02 5.04370749e-01 9.10004318e-01
    1.32408893e+00 -8.00915420e-01 7.53843367e-01 3.00590992e-02
    1.30612993e+00 1.48366976e+00 -1.36024296e-01 -3.57936174e-01
    1.40677273e-01 3.83212030e-01 1.41066110e+00 1.56692839e+00
    -6.64073229e-01 7.49087930e-02 2.20962465e-01 5.54265022e-01
    1.39265871e+00 7.57454336e-01 2.99794614e-01 8.24203730e-01
    5.09895682e-01 1.65586090e+00 7.38923788e-01 6.75772548e-01
    -5.75655103e-02 1.24021542e+00 5.84561944e-01 4.94313300e-01
    2.55922616e-01 1.22228312e+00 1.56164777e+00 5.39567113e-01
    5.68112731e-01 4.45682585e-01 6.32359505e-01 -6.85186446e-01
    8.23404908e-01 4.52590585e-02 1.06322765e+00 -6.84351742e-01
    -5.52949309e-02 1.03484058e+00 -1.98753595e-01 -5.75704813e-01
    2.27942169e-01 2.83103406e-01 -3.35073113e-01 1.32765484e+00
    1.39858544e-01 6.93415284e-01 1.62286651e+00 9.59969759e-01
    1.72875464e-01 -5.11411905e-01 1.58594584e+00 1.55112433e+00
    5.95018983e-01 8.32508087e-01 2.32369065e-01 2.48191535e-01
    -1.90532386e-01 8.55518103e-01 4.96081710e-01 1.30406952e+00
    1.41503799e+00 1.92068219e-01 7.55525947e-01 8.51293266e-01
    8.02588642e-01 -5.26218176e-01 1.52476037e+00 8.72494340e-01
    -2.39225030e-02 7.21460581e-01 1.63852441e+00 1.46314180e+00
    -8.54457796e-01 9.22801316e-01 -2.77438700e-01 6.58270180e-01
    -2.22645164e-01 -1.29068494e-02 1.24666452e-01 -3.88849765e-01
    1.09319115e+00 2.59775519e-01 7.78837621e-01 -1.02227926e-02
    7.62149692e-02 1.28013086e+00 -4.72467870e-01 9.86303508e-01
    8.03405523e-01 9.01602983e-01 2.75126636e-01 1.03056407e+00
    -1.79815710e-01 -5.10139287e-01 4.10091102e-01 8.86445522e-01
    -1.42213404e-01 -3.04673284e-01 -3.30671489e-01 9.30677116e-01
    1.33511257e+00 2.39781737e-01 2.43478715e-01 5.75251102e-01
    8.34241211e-01 4.63701785e-01 7.29383230e-02 5.42140961e-01
    -1.37127399e-01 3.97817910e-01 -1.40973389e-01 3.53406906e-01
    6.79598689e-01 -5.71339726e-02 6.26709700e-01 2.70309687e-01
    -4.51198161e-01 1.20288873e+00 -4.21704471e-01 -2.62231976e-01
    1.72463477e-01 1.22428370e+00 -5.47464490e-02 1.68314433e+00
    -4.71692592e-01 3.77400517e-02 7.81657100e-02 -2.66212165e-01
    -4.78548259e-01 1.70057344e+00 2.51105547e-01 5.47996938e-01
    1.22577047e+00 -3.40021104e-01 -1.89379990e-01 7.46039808e-01
    1.20816576e+00 -4.25538838e-01 5.65163195e-01 -3.66087258e-01
    1.38445425e+00 7.53392339e-01 1.20968735e+00 1.07311440e+00
    1.03976607e-01 1.84225798e+00 1.30905151e-01 4.13835645e-01
    1.42827559e+00 -5.14319539e-02 -3.27963769e-01 2.45447040e-01
    -4.67342734e-02 1.22120976e+00 5.65990806e-02 5.24174213e-01
    -5.03998399e-01 8.67806792e-01 5.26300371e-01 1.17433786e-01
    7.96271682e-01 7.25172639e-01 9.34902549e-01 1.49836004e+00
    -5.90642691e-01 -1.32317960e-01 1.35972977e+00 1.59335840e+00
    6.26313329e-01 2.30815470e-01 6.00562096e-02 1.44093323e+00
    -2.31014013e-01 -5.29093623e-01 9.11238849e-01 -6.11607611e-01
    -4.06657159e-01 7.23054171e-01 1.45890820e+00 1.21442544e+00
    -2.96599209e-01 -5.80230832e-01 1.65596771e+00 1.74839318e-01
    9.90622759e-01 8.66491795e-01 5.96660614e-01 1.26968908e+00
    3.55102181e-01 1.07612956e+00 -2.31567204e-01 5.41762054e-01
    1.64525485e+00 2.83546090e-01 1.20001364e+00 1.12684512e+00
    -7.35435486e-02 4.78915155e-01 1.88516378e-01 -7.44541883e-01
    5.77880442e-01 7.39646137e-01 1.53737724e-01 6.52298868e-01
    -2.01198816e-01 -3.97047549e-01 1.31133115e+00 -4.53233719e-02
    1.70911288e+00 -4.61016268e-01 1.32933831e+00 3.16510379e-01
    -2.80919850e-01 -1.50635332e-01 -3.12512606e-01 6.51115894e-01
    1.48633981e+00 1.76019955e+00 1.75658536e+00 -7.16167808e-01
    1.54064286e+00 -3.55365336e-01 1.97743058e-01 8.45408380e-01
    6.25541210e-02 1.81839013e+00 -3.01196575e-01 1.61965203e+00
    -6.01523995e-01 -1.69295788e-01 1.91615677e+00 -1.72005475e-01
    3.27675760e-01 -2.19220281e-01 -5.81827641e-01 1.12784564e-01
    1.42808485e+00 -1.81941450e-01 1.24542844e+00 -7.22107291e-02
    1.24502611e+00 2.33974814e-01 1.07786489e+00 5.28492868e-01
    6.16288364e-01 2.55991161e-01 -2.67663598e-01 5.71096182e-01
    3.62312376e-01 -1.61139131e-01 1.36019945e-01 -5.32053888e-01
    -6.17089629e-01 7.49130130e-01 9.02076244e-01 -3.92329693e-01
    -7.14678824e-01 4.28454638e-01 1.63346910e+00 -3.57758582e-01
    -6.68335557e-02 1.10265541e+00 1.33026183e+00 -1.60920203e-01
    7.67855763e-01 1.67896354e+00 -6.84781671e-02 5.88096917e-01
    -2.81028748e-02 -6.09109938e-01 1.40610623e+00 1.61737800e+00
    1.34043741e+00 9.72646117e-01 6.47880435e-01 -2.94355214e-01
    -3.04821730e-01 3.22140813e-01 1.06817091e+00 1.02552795e+00
    4.11667883e-01 -5.98799467e-01 1.12257099e+00 8.12562823e-01
    4.35354710e-02 3.30480695e-01 3.03618312e-01 1.46951222e+00
    8.73682916e-01 -3.10961604e-01 -6.26978278e-01 -3.75866383e-01
    1.32249916e+00 2.75954127e-01 9.94354486e-01 1.57093072e+00
    1.33404434e-01 -1.28370821e-01 5.37602723e-01 4.74440813e-01
    -2.77311802e-01 4.27021623e-01 8.85304630e-01 -8.06488991e-01
    8.39457989e-01 1.12565887e+00 -1.08504295e-02 -8.31043303e-01
    1.77037120e+00 1.27069402e+00 1.58768809e+00 1.38948643e+00
    1.71427321e+00 1.34344900e+00 -7.45521784e-02 -1.70013487e-01
    1.00971806e+00 -6.79495335e-02 1.67800772e+00 -2.71516025e-01
    1.70847595e-01 7.64165759e-01 3.90741289e-01 5.27203381e-01
    -4.25940335e-01 1.67128479e+00 1.44028544e-01 3.20493698e-01
    1.33784544e+00 1.58060884e+00 1.47573233e-01 1.74982572e+00
    -1.89446926e-01 1.65865445e+00 -6.22287869e-01 1.92531264e+00
    2.41648018e-01 7.49002278e-01 -7.77815700e-01 5.19874394e-01
    1.36552942e+00 -6.36243820e-01 5.93849540e-01 1.83822215e-01
    1.28247893e+00 1.22042704e+00 -4.77430165e-01 -7.69973636e-01
    1.76021528e+00 1.33638453e+00 -5.25677383e-01 1.68762124e+00
    7.49916255e-01 5.57303667e-01 1.20449424e+00 8.65969896e-01
    6.44426048e-01 2.86057532e-01 1.23702967e+00 1.40307188e+00
    1.71743035e-01 -5.56084514e-01 9.23870385e-01 4.45509136e-01
    8.04986179e-01 -2.12521911e-01 7.04777241e-01 1.47086442e+00
    -7.72666037e-01 5.59250355e-01 1.52530110e+00 1.32599366e+00
    2.93625414e-01 1.29697108e+00 8.48207593e-01 3.78070474e-01
    -3.56188715e-01 -1.56334817e-01 -4.58692908e-02 -4.06069160e-01
    1.24590647e+00 2.14469731e-01 1.47778606e+00 -1.95065618e-01
    -4.79281068e-01 1.40687132e+00 1.06831551e-01 -2.34605223e-01
    -2.88419724e-02 3.65892112e-01 1.80499971e-01 4.38050270e-01
    1.10783112e+00 1.19363630e+00 1.00377047e+00 1.04700994e+00
    -1.62544250e-01 7.14403570e-01 7.97224164e-01 1.45516133e+00
    9.96403933e-01 1.37144327e-02 8.52186382e-01 -7.52491117e-01
    1.43915248e+00 -1.73702955e-01 1.99521184e-01 1.14205849e+00
    -2.24411488e-02 -4.17788774e-01 1.35076809e+00 1.56599545e+00
    -7.09675908e-01 2.17688560e-01 1.23310435e+00 8.45679879e-01
    1.36704254e+00 1.44208038e+00 1.37479663e+00 1.35214210e+00
    7.89595842e-02 7.00383365e-01 -7.88959444e-01 8.55632544e-01
    8.75122547e-01 -5.18515170e-01 -1.51164114e-01 5.40771961e-01
    5.18351436e-01 1.69003916e+00 1.22804558e+00 1.74600887e+00
    7.09724426e-01 -5.62548280e-01 3.70958149e-01 -6.19013786e-01
    8.08129311e-01 2.21186638e-01 1.33079672e+00 -5.17669797e-01
    1.48975849e+00 1.41395116e+00 6.43689513e-01 4.39438820e-02
    1.28911781e+00 1.63878870e+00 4.19717968e-01 -4.35314059e-01
    -7.41036355e-01 2.62979686e-01 -3.30269992e-01 1.06568611e+00
    6.18268192e-01 -4.87971753e-01 9.11417842e-01 8.91354799e-01
    7.45772839e-01 8.38058829e-01 6.37669384e-01 5.40510297e-01
    1.40073872e+00 -5.80063939e-01 1.28496134e+00 -7.75502324e-02
    -6.25158429e-01 1.72720361e+00 -4.50966835e-01 1.56986713e+00
    -5.54345250e-01 1.55708194e-01 -4.36222583e-01 8.89864564e-01
    7.64750600e-01 1.56207383e+00 -1.57649934e-01 7.00696826e-01
    1.38880408e+00 -5.60524344e-01 -3.01844001e-01 1.69770288e+00
    -3.55401099e-01 8.00395191e-01 -5.69788277e-01 1.37941599e+00
    1.50338411e+00 1.01297140e+00 -1.15024447e-02 8.20240676e-01
    7.18380153e-01 3.38563740e-01 2.64202237e-01 -1.14344418e-01
    -2.42956817e-01 1.24801958e+00 6.17273569e-01 1.21439219e+00
    8.51545155e-01 -8.55056286e-01 7.88019955e-01 1.59887159e+00
    5.06041646e-01 1.39429927e+00 3.59682560e-01 1.12245560e-01
    9.20954227e-01 7.35535502e-01 6.20001674e-01 1.72702622e+00
    1.15337312e+00 1.34732723e+00 -4.23662871e-01 2.70321965e-02
    1.18027711e+00 6.81024730e-01 -7.60511160e-01 1.38374960e+00
    1.38359809e+00 1.50973928e+00 -1.00292897e+00 1.35678363e+00
    9.27875042e-02 1.43139637e+00 -3.84094834e-01 1.53758776e+00
    6.58840060e-01 1.14486504e+00 -6.92916453e-01 5.12930691e-01
    1.59074605e-01 4.60594893e-02 9.21735823e-01 6.60044789e-01
    6.62182987e-01 7.12093890e-01 1.03905869e+00 4.01637077e-01
    1.22581172e+00 -7.39532709e-02 1.68434143e+00 6.65934563e-01
    8.00585389e-01 -6.17414355e-01 8.25036943e-01 2.17506647e-01
    5.54083467e-01 1.49280524e+00 4.76390719e-02 1.87524700e+00
    5.92068434e-02 -7.33898997e-01 -5.17050862e-01 5.46231627e-01
    1.15389490e+00 1.08652067e+00 -4.57863927e-01 9.46614981e-01
    5.79590201e-02 6.33856297e-01 -5.24512649e-01 1.56786418e+00
    1.17869723e+00 1.33592033e+00 5.69132686e-01 8.32995355e-01
    -5.69759965e-01 -3.22901487e-01 -4.06215310e-01 1.31281853e+00
    6.38236344e-01 1.14717853e+00 1.38732398e+00 2.44673014e-01
    -9.64074731e-02 -8.38881314e-01 9.09273088e-01 -7.56506145e-01
    1.82469916e+00 5.40695786e-01 1.45816875e+00 1.25079453e-01
    8.78563404e-01 -6.13256454e-01 -6.93740129e-01 5.00720739e-01
    9.16511297e-01 3.45249653e-01 -4.29105759e-03 6.21222377e-01
    -2.14146972e-02 1.56986094e+00 -1.69465601e-01 -5.37484407e-01
    -2.86851525e-01 1.40354800e+00 1.03771043e+00 1.65319109e+00
    3.10571015e-01 -4.90127802e-01 1.55757225e+00 -1.27201200e-01
    -3.08436990e-01 1.56056309e+00 9.18330848e-01 3.01977456e-01
    1.06820440e+00 1.34196734e+00 -7.26768494e-01 8.22655261e-01
    -4.14265156e-01 9.11564469e-01 -7.99002290e-01 -5.93769193e-01
    -2.98910141e-01 6.65797412e-01 4.66378391e-01 -1.46999776e-01
    1.65885448e+00 7.63695776e-01 -4.67693210e-02 1.06289244e+00
    1.54969120e+00 2.22822309e-01 9.32462811e-01 5.81902325e-01
    -8.94648612e-01 1.19538474e+00 1.32516074e+00 1.32674837e+00
    1.49847329e-01 1.53495848e-01 1.06816840e+00 1.48441994e+00
    -6.37600362e-01 4.01923060e-01 1.56244254e+00 -2.04525888e-01
    1.38478017e+00 -7.70984650e-01 1.03459132e+00 -5.78122675e-01
    8.95068824e-01 9.34105814e-01 3.61585081e-01 3.04479241e-01
    3.49090755e-01 9.72244740e-02 7.82534719e-01 7.50771284e-01
    1.14707828e+00 6.27861619e-01 1.13903248e+00 5.20652413e-01
    6.89001322e-01 -4.49559033e-01 -7.51135111e-01 1.62742388e+00
    -4.80459541e-01 4.91839051e-02 1.04067409e+00 2.06868291e-01
    1.58023119e+00 1.04782581e-02 5.54856360e-01 -3.75466168e-01
    6.08520150e-01 1.36018491e+00 2.26911426e-01 -1.13239348e-01
    9.20266807e-01 8.13152194e-02 8.75581205e-01 1.26069653e+00
    1.21568441e-02 9.44565296e-01 -1.81964576e-01 -8.05832684e-01
    1.72293746e+00 1.37576985e+00 1.45042217e+00 -8.87215137e-03
    1.42678273e+00 1.44250929e+00 8.62547874e-01 1.23460364e+00
    1.29814446e+00 -1.58532262e-01 -2.43203938e-01 -4.23241556e-01
    8.42416108e-01 1.60677278e+00 1.45651138e+00 1.43833339e+00
    1.65331566e+00 1.47501171e-01 -3.49348664e-01 -1.35689974e-02
    4.37602580e-01 -3.45819235e-01 7.09197164e-01 1.49184895e+00
    -9.27094340e-01 1.04710734e+00 7.98471630e-01 -2.55794764e-01
    1.25498974e+00 1.06996560e+00 1.51999700e+00 1.02633917e+00
    -6.18064523e-01 7.33257055e-01 1.44103765e-01 3.38773251e-01
    6.09651566e-01 9.55317736e-01 -1.58935249e-01 1.05436873e+00
    1.50454760e+00 4.20146465e-01 1.30265832e+00 -7.81155825e-01
    1.22440875e-01 -6.25952661e-01 1.05015934e-01 1.05055189e+00
    1.71758628e+00 -5.41531444e-01 8.59412730e-01 4.05814707e-01
    2.91928232e-01 -4.33599442e-01 -1.99944437e-01 3.71113718e-01
    -7.26260185e-01 1.64337087e+00 9.46536839e-01 6.91645324e-01
    7.84844220e-01 -3.92229795e-01 7.57039607e-01 1.24605489e+00
    4.35583353e-01 -2.30691075e-01 -6.47266269e-01 1.47804308e+00
    2.23432839e-01 5.07929862e-01 1.56153107e+00 4.46326315e-01
    1.23837066e+00 7.00726509e-01 8.18037629e-01 1.12069499e+00
    -6.91571236e-02 5.19485593e-01 7.61161804e-01 1.99207783e-01
    4.79984641e-01 2.50809789e-01 -1.71941578e-01 5.50314844e-01
    1.43702030e+00 3.56886804e-01 -2.25031018e-01 1.56641006e+00
    -9.50281620e-02 1.10473657e+00 9.56431031e-01 1.45489717e+00
    -2.13917136e-01 9.41263855e-01 7.19739795e-01 1.25760376e-01
    -8.25033426e-01 1.49623644e+00 1.37439120e+00 1.60994208e+00
    -6.51457429e-01 1.45273459e+00 9.59061384e-01 -5.58670878e-01
    1.10613251e+00 -7.44327664e-01 1.95339561e-01 6.60257339e-01
    2.25170612e-01 -4.52487320e-01 1.22760296e+00 4.40340519e-01
    9.67113018e-01 2.36049831e-01 5.97614527e-01 1.98754668e-01
    1.67438924e-01 -3.51860404e-01 -5.19760370e-01 7.81955481e-01
    1.59359944e+00 1.48963177e+00 1.57804871e+00 3.31228971e-03
    1.12791204e+00 -3.33416283e-01 3.94337356e-01 2.43028700e-01
    1.56817532e+00 9.72371578e-01 7.96599030e-01 1.66132569e+00
    1.62427616e+00 1.87564909e-01 -2.20091969e-01 -1.59164816e-01
    1.46638989e-01 4.82496560e-01 4.51046944e-01 -5.91528893e-01
    9.11280870e-01 -7.60288715e-01 5.22044063e-01 9.96214867e-01
    1.65168869e+00 -1.06940269e-01 1.21254182e+00 6.35724187e-01
    1.14671063e+00 1.35120153e-02 1.10756385e+00 1.30896866e+00
    1.45242107e+00 1.01681411e+00 5.10332108e-01 8.96643162e-01
    1.08376741e-01 -7.13407576e-01 1.21807122e+00 -2.95525461e-01
    2.22767234e-01 6.22623742e-01 1.02489781e+00 3.26994896e-01
    7.17990637e-01 2.46997893e-01 3.67930055e-01 2.54803896e-02
    8.50397825e-01 -5.40616632e-01 4.25853550e-01 5.14541745e-01
    7.67150939e-01 1.29244328e-01 3.01371932e-01 8.13633442e-01
    4.40872610e-01 -1.44344568e-01 2.42597818e-01 1.55783010e+00
    1.32916188e+00 -2.82102287e-01 8.29893649e-01 6.15514398e-01
    -1.71464086e-01 9.44976449e-01 1.17901492e+00 6.28284156e-01
    9.39955354e-01 1.49052894e+00 8.54682446e-01 1.24624038e+00
    1.48115516e+00 6.45684779e-01 -1.18574917e-01 -6.29449069e-01
    -1.50986493e-01 1.28737569e+00 -4.30165917e-01 8.25412154e-01
    1.07213545e+00 1.12801576e+00 1.56703508e+00 3.85291874e-01
    8.76814842e-01 1.48665524e+00 1.19267440e+00 1.84158921e-01
    -5.82083046e-01 -1.28958821e-01 1.77692318e+00 -2.87437975e-01
    1.42792249e+00 1.33029103e+00 -2.13757575e-01 1.11797881e+00
    3.10698092e-01 1.85454786e+00 7.00011253e-02 1.97384536e-01
    1.44841993e+00 -6.28037095e-01 1.33307397e-01 1.29316056e+00
    2.14717150e-01 1.18551743e+00 1.53595340e+00 8.09824228e-01
    1.45932889e+00 1.50545120e-01 3.13324571e-01 7.51451075e-01
    4.22114789e-01 9.13185060e-01 6.83206856e-01 1.28297448e+00
    4.72875535e-01 1.04026103e+00 8.93910170e-01 -5.54346502e-01
    -1.44944131e-01 1.24518776e+00 8.48531306e-01 1.67495513e+00
    7.74230123e-01 -1.47621632e-02 -4.70676452e-01 1.05952024e-01
    8.28035831e-01 9.74941254e-03 -1.76321447e-01 1.61947131e+00
    -4.75886345e-01 -5.96899092e-01 6.79786921e-01 7.55610824e-01
    -3.20520103e-01 8.57578158e-01 -3.68994176e-01 2.72939801e-01
    9.24501300e-01 1.37352955e+00 3.94051552e-01 1.04403651e+00
    1.22569978e+00 7.55404472e-01 -2.10002661e-02 -2.89766788e-01
    5.75111449e-01 1.00136638e+00 -2.06918538e-01 -8.81459236e-01
    1.59195638e+00 -1.80148184e-01 1.54426551e+00 1.52989531e+00
    -4.22552109e-01 1.15501857e+00 -1.59749925e-01 6.93278313e-01
    1.06416917e+00 -4.20463264e-01 -2.56682277e-01 7.99563646e-01
    6.45511866e-01 1.12931085e+00 -4.96676564e-02 1.36766267e+00
    7.63063371e-01 1.38724875e+00 1.76571655e+00 -2.48349309e-01
    4.73513782e-01 1.32538724e+00 9.66008067e-01 1.18788433e+00
    -7.62687683e-01 1.36638808e+00 5.45734048e-01 1.42637897e+00
    1.72416162e+00 -3.68236512e-01 2.53112853e-01 1.35598254e+00
    -6.81321025e-01 1.04574084e+00 7.34007955e-01 1.52344942e-01
    1.34302878e+00 1.53551316e+00 -5.38846016e-01 6.25582933e-02
    1.10642099e+00 1.40967786e-01 2.62387514e-01 1.57150042e+00
    -6.36913419e-01 -6.27996445e-01 -4.18403059e-01 2.86960006e-01
    6.04488850e-01 -2.22146451e-01 1.43571401e+00 5.11497259e-01
    1.22240424e-01 -5.03527880e-01 -3.51302862e-01 -7.49016702e-01
    7.35674381e-01 1.03062439e+00 -7.61780262e-01 1.16548324e+00
    1.53601778e+00 -2.94535697e-01 1.53015637e+00 3.94844413e-02
    -4.84082937e-01 1.64622402e+00 8.42671573e-01 -8.44843984e-02
    2.38844514e-01 -1.04798496e-01 2.98168063e-02 4.33640063e-01
    -2.52427459e-01 1.12865472e+00 -2.34044969e-01 -2.90088296e-01
    1.45636809e+00 -5.98678827e-01 8.09324026e-01 1.84203887e+00
    1.33257341e+00 -9.76984501e-02 -6.70324624e-01 1.45793080e+00
    5.19712925e-01 1.76136374e-01 4.48722482e-01 1.15245700e+00
    9.85275865e-01 9.48453069e-01 5.86748838e-01 1.41562343e-01
    -2.23099887e-01 5.21944165e-02 1.09873474e+00 1.59418249e+00
    1.28986979e+00 -4.41759229e-02 1.32825613e+00 -4.35007274e-01
    7.10155845e-01 3.82339954e-03 1.62973046e+00 -5.49476743e-01
    9.36932802e-01 6.20539963e-01 -9.31445837e-01 1.42652309e+00
    -2.83924878e-01 1.69993258e+00 -7.07937300e-01 1.12212634e+00
    2.62143672e-01 3.19384217e-01 -1.19398355e-01 -3.58299553e-01
    -4.01825070e-01 5.24781227e-01 -3.09356868e-01 8.59360695e-02
    1.72897398e+00 5.75846076e-01 1.67622244e+00 6.88495636e-01
    9.84359741e-01 -7.46276855e-01 1.72703314e+00 1.13354552e+00
    -7.60679603e-01 -7.40731239e-01 1.84540653e+00 2.22618222e-01
    -1.90986991e-02 9.43556130e-01 -1.73289478e-01 -1.82714224e-01
    7.31284261e-01 9.77656841e-02 8.77369046e-01 7.27676511e-01
    1.28290951e+00 -4.50321198e-01 2.85417020e-01 -5.75193644e-01
    1.67728615e+00 3.87703717e-01 -2.63394237e-01 1.35277605e+00
    1.65939498e+00 3.99165273e-01 1.10575485e+00 -3.88309598e-01
    4.98836696e-01 1.13174760e+00 -1.23432219e-01 1.54858351e+00
    1.36261916e+00 -2.97760069e-01 1.15705729e+00 -3.22666198e-01
    1.25934505e+00 3.72740209e-01 7.55122781e-01 -5.16497374e-01
    7.61934996e-01 9.19658124e-01 -3.99137944e-01 1.12743556e-01
    1.19348598e+00 -3.76734495e-01 1.15436554e+00 6.17397726e-01
    -6.73342943e-01 1.59939146e+00 5.63356638e-01 6.97112679e-01
    2.57232010e-01 6.54184937e-01 7.30455875e-01 2.69951403e-01
    1.48825407e+00 -1.27640963e-01 2.09929585e-01 3.95497680e-01
    2.30893135e-01 6.70949996e-01 -4.69989806e-01 -8.60810399e-01
    1.65522814e+00 3.25441241e-01 -5.01972318e-01 -7.73747563e-02
    7.15612948e-01 -3.79249007e-01 -5.72831035e-01 8.88489962e-01
    -2.65104055e-01 5.74951470e-01 -6.75364733e-02 5.01514375e-01
    1.30736923e+00 -6.83265150e-01 7.53235936e-01 -7.23360956e-01
    1.43070340e+00 -2.13799417e-01 1.40340996e+00 1.05016851e+00
    4.20849741e-01 -2.63310134e-01 1.65192449e+00 4.04047728e-01
    6.70794725e-01 4.21248376e-01 -5.76423526e-01 1.05287075e+00
    1.34652281e+00 -9.33623910e-02 1.34391880e+00 -3.56268287e-01
    -7.80913651e-01 9.63746488e-01 1.08457518e+00 1.34091973e+00
    -5.71569860e-01 2.61665285e-01 2.73120821e-01 9.44589138e-01
    2.33859658e-01 -2.30898380e-01 4.26258743e-01 6.39277875e-01
    1.08354270e+00 1.34808314e+00 -2.05983996e-01 1.59156561e-01
    -4.35756087e-01 6.27784073e-01 8.13661098e-01 -4.64868605e-01
    8.73083711e-01 2.36962259e-01 -3.70865494e-01 3.54194820e-01
    1.54948783e+00 -9.13230836e-01 -4.04875755e-01 1.09541416e-02
    -1.82752669e-01 7.89032340e-01 5.95632851e-01 1.22041285e-01
    1.73610032e-01 6.01793945e-01 3.23434591e-01 1.21109474e+00
    1.07993662e+00 1.84110403e-01 -6.71817005e-01 1.71880364e+00
    1.36425900e+00 9.77001667e-01 -5.40915012e-01 1.34777725e+00
    1.27993834e+00 -2.25569785e-01 -6.31416559e-01 1.36922646e+00
    1.10840368e+00 3.90987277e-01 6.63527489e-01 -3.62286031e-01
    -6.13012791e-01 9.20004010e-01 -7.21768737e-01 1.98778450e-01
    3.03698659e-01 -8.93008590e-01 5.65848947e-01 -5.13285875e-01
    1.04224789e+00 5.37267208e-01 1.05370474e+00 9.58214998e-01
    4.86079574e-01 1.07077241e-01 1.76696658e+00 -2.22393870e-02
    1.41602409e+00 1.02291322e+00 5.41266620e-01 1.65369320e+00
    -4.27750289e-01 1.86412072e+00 -5.03618479e-01 1.21659136e+00
    -4.19002771e-02 1.12904632e+00 -4.32328820e-01 5.39091110e-01
    7.38187850e-01 1.47079253e+00 1.44142067e+00 1.60714746e+00
    1.14390814e+00 3.95663917e-01 6.09540582e-01 1.13310361e+00
    -4.21630085e-01 -3.64335895e-01 1.71902645e+00 1.41393042e+00
    5.00831544e-01 1.43320537e+00 7.61041284e-01 1.22117043e+00
    -4.11732793e-01 -2.04770505e-01 4.22858000e-02 1.13371444e+00
    1.53395629e+00 1.59569168e+00 1.24442255e+00 -4.86670732e-01
    1.84445524e+00 -9.55646038e-02 -6.71928763e-01 1.72109461e+00
    -2.52913594e-01 -4.07558024e-01 4.49919105e-01 2.53272653e-02
    -4.46923137e-01 1.15015459e+00 1.39046586e+00 -6.23781145e-01
    -1.86076343e-01 -2.30292261e-01 7.94455588e-01 8.12464833e-01
    1.26793385e+00 1.63489592e+00 -2.46885419e-02 -1.80027664e-01
    -4.84433472e-01 8.46203566e-01 9.00343835e-01 2.75799751e-01
    1.61339116e+00 1.23639119e+00 1.51310503e+00 1.47729158e-01
    -4.87291425e-01 -3.04179907e-01 -1.55222714e-01 9.13803399e-01
    7.88679361e-01 9.38255548e-01 -3.90322149e-01 -3.19012076e-01
    -5.34153819e-01 -7.97961950e-02 1.73075485e+00 6.91298246e-02
    -7.56066978e-01 6.79107249e-01 9.71177936e-01 1.63795257e+00
    -4.01161849e-01 1.13260734e+00 1.61897659e+00 1.25210178e+00
    9.97394443e-01 4.21984076e-01 9.23081815e-01 1.11551571e+00
    -2.47282386e-01 2.86078453e-02 4.95040774e-01 1.23925471e+00
    8.07504654e-01 2.04829454e-01 -3.53120804e-01 1.09438086e+00
    1.80657482e+00 1.55312967e+00 4.45218623e-01 1.39081168e+00
    1.58456659e+00 1.15522575e+00 1.08272493e-01 -9.71326828e-02
    3.41766655e-01 -6.44203961e-01 1.81835723e+00 1.44699228e+00
    1.65117979e+00 9.17004108e-01 -6.88555837e-02 1.65353501e+00
    7.26852179e-01 8.17744017e-01 7.53430367e-01 9.24183071e-01
    1.73107445e-01 1.80076838e-01 1.78048253e-01 -2.15715438e-01
    -2.08175182e-03 6.49777055e-02 -4.64538366e-01 -3.86266232e-01
    1.02237475e+00 -5.84566832e-01 5.69000840e-02 3.25250626e-02
    -4.70981598e-02 -6.39495432e-01 7.92599320e-02 1.02655602e+00
    -9.04343724e-02 1.69770718e+00 3.92523348e-01 5.30583680e-01
    -1.04111612e-01 6.39734864e-02 3.44748676e-01 1.11637855e+00
    -2.95245767e-01 1.35751319e+00 7.61920571e-01 6.85287654e-01
    -7.54000783e-01 -6.54900491e-01 2.72971988e-01 1.60847688e+00
    1.69902325e-01 1.51049149e+00 8.46275210e-01 1.44184351e+00
    1.16760731e+00 9.50832307e-01 -5.58745384e-01 1.12325704e+00
    1.36185062e+00 7.14006543e-01 1.76138878e+00 6.19064093e-01
    -9.95342135e-02 9.05007720e-01 1.49154580e+00 6.03641093e-01
    1.79523730e+00 -3.37276280e-01 1.46641791e-01 1.21260357e+00
    1.57199740e-01 -3.02940220e-01 6.80549741e-01 1.66973102e+00
    1.36462951e+00 9.37868059e-01 7.47136950e-01 -5.02920508e-01
    -5.74094355e-01 1.07414138e+00 -1.12573445e-01 6.14431024e-01
    4.70295966e-01 2.43435919e-01 -6.39193714e-01 6.26178384e-02
    1.41554201e+00 -2.50312984e-01 -3.18567395e-01 1.76959968e+00
    3.81894290e-01 1.06599927e-01 6.46995366e-01 8.51474226e-01
    -5.99716365e-01 4.87839580e-02 1.12773132e+00 5.64049423e-01
    1.46971273e+00 9.42143679e-01 1.18255115e+00 6.54149175e-01
    1.49032426e+00 -4.67045486e-01 1.48281527e+00 -6.88645720e-01
    1.77126503e+00 6.58759117e-01 5.30260801e-01 1.60826731e+00
    5.00876904e-01 1.26249671e+00 1.04841447e+00 6.65369213e-01
    8.79789531e-01 -1.27383530e-01 1.37302399e+00 -1.86642051e-01
    1.55897665e+00 -5.99062920e-01 1.42547667e-01 1.17251921e+00
    7.50878513e-01 -1.80881262e-01 1.43824780e+00 2.38020420e-01
    -8.80174041e-02 9.54960406e-01 -2.32359529e-01 1.58017457e-01
    -2.06184924e-01 1.14410222e+00 1.31701314e+00 6.65460706e-01
    1.01699233e-01 7.80456066e-01 7.00887084e-01 1.19710517e+00
    -2.18854070e-01 1.66583753e+00 -6.43840969e-01 6.00225568e-01
    6.03073776e-01 5.88350892e-01 -2.63122737e-01 9.62860942e-01
    1.27865648e+00 1.07047606e+00 1.54441571e+00 -5.53267956e-01
    6.30353749e-01 1.15241253e+00 1.24391532e+00 8.66296887e-01
    1.10717034e+00 1.21965969e+00 5.60974181e-01 -7.35204816e-01
    -6.62542582e-02 3.53977323e-01 -2.71540880e-02 -5.20116746e-01
    -1.13376856e-01 -9.49149132e-02 1.34297478e+00 9.32098627e-02
    1.47767305e+00 1.67054832e+00 -2.81261504e-01 1.12750959e+00
    8.20182800e-01 8.63179922e-01 1.08956170e+00 -2.25341022e-01
    -1.92874670e-01 1.81211638e+00 1.12428427e+00 -5.31317592e-01
    1.10334325e+00 5.13873458e-01 1.03867328e+00 2.15247035e-01
    -3.61213297e-01 -5.42618990e-01 2.34122872e-01 1.38511312e+00
    3.16600382e-01 -6.98488355e-02 2.49402523e-02 3.46510053e-01
    6.11230373e-01 -5.19383252e-01 3.75061929e-01 -1.50492787e-02
    1.38946140e+00 -2.26604760e-01 7.86431491e-01 1.58412850e+00
    1.73655057e+00 8.72269869e-01 5.02076387e-01 1.12281203e+00
    -3.50240290e-01 -5.05399108e-01 -5.58740377e-01 1.79522038e-02
    2.34725595e-01 -2.24425972e-01 -4.30004776e-01 8.01910102e-01
    -4.13355470e-01 5.96445024e-01 -4.01367038e-01 1.00313854e+00
    9.05202806e-01 -7.20741928e-01 1.31506181e+00 1.53738427e+00
    -1.01969838e-02 4.83559191e-01 -8.36158216e-01 -4.59791094e-01
    1.74714208e+00 1.20766640e+00 1.41654801e+00 4.74205613e-02
    -6.69125915e-02 -4.10849929e-01 -1.10946953e-01 1.47703671e+00
    7.63771534e-01 1.39619422e+00 9.98371482e-01 7.68477678e-01
    -5.34056187e-01 1.56348515e+00 8.41978610e-01 -7.30478168e-01
    1.58788621e-01 1.33109999e+00 -4.81634259e-01 -4.18332815e-02
    8.51409554e-01 8.16727996e-01 1.25790715e-01 1.70795918e+00
    -6.11928642e-01 1.75665724e+00 1.64526761e-01 3.44564557e-01
    9.62307811e-01 2.03068614e-01 3.33172798e-01 1.27625442e+00
    -8.54034543e-01 -7.93047845e-01 3.02137613e-01 -2.51666635e-01
    5.45330942e-01 -5.63643932e-01 5.70379794e-01 1.67805934e+00
    1.79983735e+00 -3.44428122e-01 -5.02769947e-01 -3.32001001e-01
    1.46064699e-01 -5.95761240e-01 1.57236862e+00 1.57198250e+00
    3.65100861e-01 2.33909011e-01 1.30221117e+00 -8.97983551e-01
    -5.51651120e-01 9.99341369e-01 1.20170057e-01 5.35719573e-01
    -3.88154536e-01 1.76171327e+00 1.65580273e+00 -3.89043957e-01
    1.15194917e-01 5.15413880e-01 1.62849331e+00 1.63656175e+00
    9.65578139e-01 7.33318925e-01 1.00537169e+00 -2.48564750e-01
    -4.75410402e-01 1.40270150e+00 1.62878966e+00 1.06428003e+00
    -5.44421613e-01 5.07078886e-01 -6.19541764e-01 5.55795074e-01
    7.54712641e-01 -3.10546279e-01 1.45406866e+00 3.19595098e-01
    1.43175697e+00 1.24609840e+00 2.83939779e-01 -6.25515580e-01
    -4.15623456e-01 -4.45663273e-01 5.94525814e-01 -8.54910016e-02
    -6.37295365e-01 -9.71639156e-03 -5.45001268e-01 1.62530851e+00
    -1.96768045e-01 3.45372975e-01 -6.91221833e-01 -1.54323995e-01
    1.54259074e+00 1.24418449e+00 -2.50256240e-01 -2.98719525e-01
    1.66889238e+00 -5.24020195e-03 2.33700812e-01 -5.77277064e-01
    1.51997399e+00 8.25418591e-01 1.75719082e-01 -4.74597186e-01
    1.35243559e+00 -1.36782229e-01 -2.61355400e-01 1.30720973e+00
    1.33124077e+00 -3.67547214e-01 1.04184568e-01 1.17561221e+00
    -4.64664072e-01 6.97362363e-01 1.86115491e+00 4.51100111e-01
    2.33260572e-01 1.62760818e+00 1.11665320e+00 7.58053660e-02
    1.02417660e+00 -5.13780713e-01 -1.56071007e-01 3.17977607e-01
    1.31120014e+00 2.39702046e-01 -5.82887650e-01 8.12960863e-01
    -6.32413507e-01 -5.70831954e-01 1.25595939e+00 1.47459388e+00
    -7.75973797e-02 -5.73347092e-01 -3.91696721e-01 1.09714234e+00
    -1.58759892e-01 4.96745110e-02 -7.28912950e-02 6.00777388e-01
    1.14708948e+00 8.83060038e-01 7.08249807e-02 9.31943059e-02
    -1.16706371e-01 7.58322954e-01 1.40001798e+00 1.27340734e+00
    8.72421741e-01 4.95221138e-01 1.79091096e-02 1.79991555e+00
    4.77237821e-01 2.49573171e-01 1.20835316e+00 1.32418203e+00
    4.13667083e-01 -3.24457884e-03 1.62313461e+00 -7.20592439e-01
    7.10142732e-01 1.37645459e+00 -1.98881388e-01 1.61921275e+00
    1.55903268e+00 1.31611848e+00 1.54010582e+00 1.15355492e-01
    -5.70605993e-02 -6.97777033e-01 1.56737423e+00 6.76278710e-01
    4.15107310e-01 5.56167960e-02 9.07844961e-01 -3.17800343e-01
    1.13498521e+00 7.97363043e-01 3.29083920e-01 -1.87234879e-01
    1.20163488e+00 -8.49823654e-01 9.38377142e-01 -4.42228734e-01
    1.41406572e+00 -8.81787837e-01 1.33901429e+00 2.99134076e-01
    8.15949738e-01 4.39110875e-01 1.58881617e+00 9.12282228e-01
    -3.90401483e-02 -1.79979742e-01 1.46570015e+00 -4.93040740e-01
    -3.72890830e-01 1.17423773e+00 -5.02010286e-01 -5.56651831e-01
    -1.52571321e-01 -3.65167379e-01 5.29950142e-01 1.38563037e+00
    1.41336322e-02 -7.76300430e-01 -4.56527472e-01 4.72745478e-01
    6.04460120e-01 1.24577880e+00 1.51362121e+00 6.84990764e-01
    1.15110040e+00 4.34474170e-01 1.12446547e-01 1.33392525e+00
    -4.50213373e-01 1.61480618e+00 4.97463882e-01 1.25143766e+00
    3.51983964e-01 -3.61788988e-01 -2.24466324e-01 1.53642118e+00
    -5.01527190e-02 -4.71389890e-02 7.42967367e-01 2.58538127e-01
    -3.83337140e-02 -3.69625866e-01 4.77811813e-01 1.25165439e+00
    3.67018402e-01 3.35278094e-01 1.42860818e+00 7.98629284e-01
    3.06322217e-01 1.30164444e-01 -6.90214038e-02 4.64273334e-01
    -5.68563879e-01 4.96052861e-01 -4.12450522e-01 2.59423316e-01
    1.36110544e+00 1.61036789e-01 8.56211901e-01 -5.81836760e-01
    -4.13632333e-01 1.30627882e+00 1.08117342e+00 -4.53712374e-01
    9.98627782e-01 9.82234597e-01 -3.86286795e-01 4.36493337e-01
    6.46244466e-01 1.31615317e+00 -9.99152064e-02 1.65089440e+00
    2.89016604e-01 1.81925416e-01 6.28490329e-01 1.49608397e+00
    -5.19277096e-01 1.49158883e+00 -3.54221463e-01 5.42311728e-01
    1.36870742e+00 2.78872013e-01 1.26306164e+00 4.19490397e-01
    -9.64087248e-02 5.41692853e-01 8.94562602e-02 1.11301911e+00
    -5.84879756e-01 6.20688140e-01 9.92549717e-01 -8.13218355e-01
    -2.73074538e-01 -4.55215394e-01 3.63382280e-01 3.46186757e-02
    1.03012061e+00 1.73322678e-01 7.78201342e-01 1.47047150e+00
    -1.80896521e-01 8.38365257e-01 1.32649875e+00 7.24144936e-01
    7.42577314e-02 1.72588825e-01 5.72934508e-01 6.51121438e-02
    -3.54436696e-01 -2.75781155e-01 5.74583650e-01 -3.87944043e-01
    1.47678697e+00 1.20237708e+00 -3.23620141e-01 1.53604031e+00
    1.55778372e+00 1.34971249e+00 1.11387658e+00 1.06630063e+00
    1.80520940e+00 -4.65150237e-01 7.70421445e-01 1.10927749e+00
    -3.20521116e-01 -5.08486867e-01 -3.37704927e-01 1.78787470e+00
    -8.09209943e-02 -3.75244826e-01 2.83743024e-01 1.43017244e+00
    4.11485493e-01 -7.11819530e-02 -7.42594540e-01 1.79710579e+00
    -1.61298066e-01 1.60447538e-01 3.77212584e-01 9.84695137e-01
    1.65521717e+00 -6.54809237e-01 1.76426685e+00 -2.92154521e-01
    -4.43421513e-01 5.99159122e-01 8.80105317e-01 6.15360439e-01
    1.16604853e+00 1.59511197e+00 2.62997627e-01 8.24371994e-01
    -1.98909461e-01 1.93357086e+00 9.73779857e-01 -5.26768565e-02
    -6.26028776e-01 1.22837079e+00 4.96674657e-01 1.31157732e+00
    1.24058509e+00 1.34557843e+00 -2.18288958e-01 1.50119877e+00
    -4.74601716e-01 9.51096237e-01 1.18237674e-01 1.02995348e+00
    -2.47430146e-01 -4.12647009e-01 1.94027126e-01 -3.99622858e-01
    5.99909782e-01 6.52388632e-01 1.12212300e+00 -1.17619216e-01
    -9.70461965e-02 2.07930386e-01 -5.31132102e-01 -2.59420186e-01
    -3.35796356e-01 -4.39408511e-01 -4.61805016e-01 9.54551995e-01
    -2.91239858e-01 -7.60098696e-02 1.89244390e+00 -6.46584392e-01
    -4.56296206e-02 1.87842345e+00 1.75520396e+00 5.01894295e-01
    7.87700832e-01 4.57905054e-01 7.21520126e-01 1.09839618e+00
    4.36775446e-01 1.25718725e+00 -7.05525160e-01 -1.84430301e-01
    1.36925876e-01 -4.19667959e-02 3.28123450e-01 5.09520471e-01
    1.34768975e+00 1.44783998e+00 1.26952243e+00 1.18136191e+00
    -4.45033044e-01 -2.79561281e-01 1.20591426e+00 2.37275839e-01
    1.48783958e+00 -6.22273743e-01 2.84664273e-01 1.29198205e+00
    8.72459412e-01 1.41126430e+00 9.12427902e-02 -5.09573221e-01
    8.47922087e-01 -5.63641191e-02 3.06705832e-01 1.41502631e+00
    3.80065918e-01 9.79735076e-01 -1.24666512e-01 8.47043395e-01
    7.67762244e-01 -5.79241633e-01 9.92356896e-01 1.91488326e-01
    -3.24786484e-01 -6.48422718e-01 1.31605172e+00 -9.62621570e-02
    8.84092271e-01 -2.64654636e-01 1.59880042e+00 5.50941288e-01
    5.98680973e-03 1.26251531e+00 1.16890001e+00 1.00960398e+00
    1.41066003e+00 6.60072565e-01 5.76063395e-01 -4.24032271e-01
    1.19870007e+00 -1.86450601e-01 6.47352934e-01 -2.60153472e-01
    3.09141934e-01 1.01633835e+00 1.38796461e+00 2.92235374e-01
    3.63712430e-01 3.02046537e-02 -5.96421421e-01 1.03981948e+00
    3.84238839e-01 6.39174521e-01 2.65290439e-01 -1.93033993e-01
    1.49470580e+00 6.17976010e-01 6.05769277e-01 1.81343436e+00
    1.26507092e+00 5.26741564e-01 1.56959534e-01 1.63693655e+00
    -3.98874342e-01 5.51501751e-01 1.73125923e+00 1.29063046e+00
    3.90727162e-01 1.20133138e+00 3.98373604e-03 3.75601172e-01
    -1.80715263e-01 -2.77889103e-01 1.45732045e+00 1.64452183e+00
    5.61232269e-01 4.07991707e-01 1.47761214e+00 -4.92760926e-01
    1.35746181e+00 1.04021955e+00 5.19400179e-01 -6.24818861e-01
    1.14807534e+00 4.88767266e-01 1.56791520e+00 9.71738696e-02
    6.70282185e-01 1.33046162e+00 1.32336938e+00 1.31754637e-01
    7.71118104e-01 1.04543257e+00 -5.83082199e-01 1.76482260e+00
    4.94663179e-01 -2.53844827e-01 8.89819264e-02 1.92351687e+00
    7.68045604e-01 9.39196408e-01 1.86078286e+00 1.12274957e+00
    -5.99932909e-01 9.26180959e-01 -3.35331023e-01 2.39342570e-01
    1.04616046e+00 4.53354359e-01 7.37753630e-01 8.54815602e-01
    8.71188641e-01 1.42027342e+00 7.37141609e-01 1.36457658e+00
    -3.54487300e-02 1.43258595e+00 -1.38806701e-02 -3.25392097e-01
    -1.00363731e-01 -3.24238926e-01 -5.64858437e-01 9.15273666e-01
    2.85727262e-01 6.54455841e-01 1.20100605e+00 -1.31134212e-01
    -3.21945667e-01 1.22949958e+00 -2.62925744e-01 1.65733266e+00
    5.87826014e-01 -3.25721323e-01 2.89500892e-01 8.80929410e-01
    1.33995116e-01 9.49440837e-01 1.12195456e+00 7.65796781e-01
    1.67373180e+00 -5.64011216e-01 -4.69522238e-01 1.60030639e+00
    1.11858451e+00 1.23711741e+00 6.11929774e-01 1.72325516e+00
    1.75691104e+00 -3.48352194e-01 7.75145888e-01 7.60555983e-01
    1.37304735e+00 2.66740680e-01 -3.08854610e-01 -5.34547806e-01
    1.40889585e+00 -5.57605743e-01 4.94694233e-01 -2.23838866e-01
    5.68600655e-01 5.65936089e-01 1.48246193e+00 -8.07734132e-02
    5.33304811e-02 -7.13762522e-01 2.33309269e-01 -1.92653775e-01
    1.31114745e+00 -5.40354252e-01 1.73069894e-01 -2.30642319e-01
    -1.88068271e-01 9.73123133e-01 -4.78214771e-01 -3.19714993e-01
    -4.33917165e-01 1.64732814e+00 7.09140182e-01 -6.57620907e-01
    4.14151669e-01 8.26727748e-02 8.64000320e-02 -7.04794526e-02
    2.02397048e-01 6.05449080e-01 6.35699451e-01 1.07241082e+00
    1.18528926e+00 -5.70537210e-01 3.11340690e-01 5.92254281e-01
    5.35334349e-02 -2.70091623e-01 8.96736443e-01 -1.19304717e-01
    -4.92778331e-01 9.74332631e-01 8.00383806e-01 1.42185366e+00
    1.24015427e+00 2.38141239e-01 -1.45603657e-01 -2.25538880e-01
    -4.42207038e-01 1.28609014e+00 -4.80285108e-01 8.35114300e-01
    -6.41658485e-01 -5.19175708e-01 1.57435894e-01 -5.47100246e-01
    1.22575283e+00 1.47554088e+00 3.06377947e-01 7.74303913e-01
    1.19540548e+00 9.94400263e-01 1.06342018e+00 9.39132392e-01
    -9.14552212e-02 1.18955970e+00 8.28847528e-01 -3.13638449e-01
    1.04268909e-01 9.32672977e-01 1.15996027e+00 -3.33005160e-01
    1.53361273e+00 1.40323973e+00 1.60198236e+00 6.13516748e-01
    4.48002815e-01 -5.02725661e-01 2.61430144e-02 -7.02622533e-02
    2.30476677e-01 -1.99933648e-02 4.99150097e-01 -7.98244476e-01
    1.19336784e+00 1.68213916e+00 -4.94331241e-01 1.43757355e+00
    1.39939094e+00 1.18361092e+00 -2.00456798e-01 1.35070813e+00
    1.59166896e+00 8.11395049e-02 1.04357815e+00 1.54023063e+00
    -2.26693332e-01 9.69136357e-01 1.22571719e+00 -7.90196180e-01
    -3.80845428e-01 8.76437843e-01 -6.15630329e-01 4.92517054e-01
    1.39198244e+00 9.99288082e-01 8.39851737e-01 1.36186540e-01
    -6.28285110e-01 1.67717123e+00 1.19845402e+00 1.12175679e+00
    -2.90208757e-01 -2.34485745e-01 -6.74436033e-01 1.35426223e+00
    1.41499221e+00 8.38190079e-01 -6.93617702e-01 2.05387414e-01
    1.36932027e+00 -3.72817785e-01 7.00804591e-01 -5.07440567e-01
    5.51338553e-01 -2.48402208e-01 1.13687623e+00 6.99647069e-01
    1.33836806e-01 6.42464161e-01 -8.62140417e-01 1.80731797e+00
    9.07141864e-01 1.03792560e+00 -7.09793746e-01 1.35423434e+00
    -4.19315696e-01 1.21212947e+00 9.42388654e-01 1.34825873e+00
    1.31250989e+00 1.04831064e+00 1.46650898e+00 -3.25722039e-01
    1.16885757e+00 1.68061316e+00 -6.80671155e-01 4.99190986e-01
    1.28158987e-01 9.37595963e-01 1.41286969e+00 -2.79950380e-01
    6.22810185e-01 9.59203303e-01 1.56397665e+00 1.54933679e+00
    -6.37095094e-01 9.43520248e-01 -3.15442264e-01 7.36767352e-01
    -5.00850856e-01 1.12393820e+00 9.85840201e-01 7.71412313e-01
    5.66393554e-01 -2.86707878e-01 1.56950843e+00 8.76932442e-01
    -4.09885228e-01 7.71564007e-01 -4.79103744e-01 1.85644567e+00
    -4.20377553e-01 5.53977489e-03 7.24829674e-01 -9.22897458e-02
    1.13902390e-01 -2.30322093e-01 -4.09229606e-01 1.69395351e+00
    3.47892284e-01 1.32400584e+00 -8.24858546e-02 1.43305182e+00
    1.46134067e+00 1.60611320e+00 1.02552891e-01 5.25828421e-01
    -3.04743171e-01 1.18633497e+00 1.01034808e+00 1.55752385e+00
    1.60951912e-01 -2.65493035e-01 -2.23759770e-01 1.48340464e+00
    -4.58610356e-01 1.69325399e+00 -5.03774285e-01 -6.04977190e-01
    1.94355786e-01 1.66622829e+00 -6.30668938e-01 6.85570836e-01
    -4.16615486e-01 9.98698294e-01 1.75345123e+00 1.14821553e+00
    -2.14331686e-01 1.90138340e-01 2.35893309e-01 1.45924902e+00
    1.08957291e-01 1.36787868e+00 3.75369191e-01 4.47323263e-01
    4.57245767e-01 9.52374935e-01 1.63439715e+00 3.06770921e-01
    5.80140650e-01 1.08336794e+00 1.16372585e+00 9.75458860e-01
    -5.02257466e-01 3.75654221e-01 8.06453109e-01 3.35763812e-01
    1.44302976e+00 -1.10853314e-01 7.48257995e-01 1.60974252e+00
    -7.73852587e-01 1.22587430e+00 3.87827396e-01 7.41943240e-01
    -4.78934050e-02 1.68761408e+00 -3.47981453e-02 8.22550297e-01
    1.27023375e+00 1.36413527e+00 1.24722362e+00 9.27782536e-01
    -5.94682097e-01 1.60018826e+00 1.01280451e-01 -4.66047466e-01
    1.82286072e+00 1.05786347e+00 1.33710980e-01 1.54516470e+00
    -3.34895849e-01 1.68783820e+00 8.88735235e-01 -2.47334599e-01
    1.59279180e+00 6.80186749e-01 1.08346760e+00 1.15828466e+00
    5.85895360e-01 6.78120852e-02 5.73236823e-01 2.49571800e-02
    1.74755669e+00 1.34064376e-01 1.35233521e+00 1.19398880e+00
    3.18740070e-01 -4.24556464e-01 8.70671451e-01 9.58436787e-01
    7.56458998e-01 1.65511692e+00 3.19134593e-01 6.23747826e-01
    8.29954505e-01 3.30022812e-01 1.76915348e+00 5.40821970e-01
    4.32081819e-02 1.46656919e+00 -6.47221029e-01 2.59429693e-01
    1.19320512e+00 -1.07782066e-01 -4.71200764e-01 -1.23526335e-01
    5.41630507e-01 -6.18162870e-01 1.74844170e+00 -2.09977031e-02
    6.27296269e-01 4.28677738e-01 4.49754715e-01 1.47972202e+00
    -3.12522382e-01 -1.91379964e-01 6.63298965e-01 1.19293070e+00
    -6.10837936e-02 -2.46821880e-01 1.36582911e-01 -2.61594266e-01
    1.31760430e+00 1.73445702e+00 8.79560471e-01 2.51185656e-01
    5.12356699e-01 -6.84724331e-01 5.92689216e-01 1.66799963e+00
    5.90476692e-01 -5.62433064e-01 4.73708510e-02 1.31372333e+00
    -5.25750399e-01 -1.29744291e-01 9.82479990e-01 1.06408596e+00
    -2.78260350e-01 -2.71465123e-01 6.85253918e-01 1.01099956e+00
    -5.34761488e-01 5.75082302e-01 1.24975634e+00 3.08708668e-01
    5.23666501e-01 -6.64655566e-01 1.78457320e-01 6.19244695e-01
    1.48295760e+00 7.27808118e-01 -6.10190034e-01 -4.66728866e-01
    1.50042880e+00 5.09833097e-02 -4.13925052e-02 6.02379441e-01
    -2.51187116e-01 -3.20923626e-01 -5.15936553e-01 -3.05952668e-01
    1.68371916e+00 -1.33477151e-01 -2.67632008e-02 3.67540419e-01
    2.51327157e-02 9.48114276e-01 -1.90524697e-01 -1.10253096e-02
    5.22879064e-01 -4.92161125e-01 1.50356746e+00 2.30766535e-01
    1.27983356e+00 1.06333601e+00 1.19824481e+00 -4.74638999e-01
    9.31994677e-01 3.39588761e-01 3.26751471e-01 1.04191542e-01
    -3.27892154e-01 8.90877247e-02 5.53969622e-01 -6.93106830e-01
    1.52193713e+00 1.69526100e+00 -2.19170988e-01 -6.24965489e-01
    4.47601020e-01 3.46400142e-02 1.04581928e+00 9.67365086e-01
    -7.61566520e-01 7.54857242e-01 1.37445867e+00 5.55553079e-01
    6.83901131e-01 6.52154088e-02 -3.79154861e-01 1.22490001e+00
    3.32216203e-01 1.18643332e+00 6.77962363e-01 -1.76765144e-01
    -4.22134072e-01 -1.29684210e-01 -7.94513941e-01 1.49400735e+00
    1.28234816e+00 3.34215641e-01 3.38012338e-01 1.13638592e+00
    -6.94342017e-01 1.15327513e+00 -8.36299658e-02 -6.33065343e-01
    -3.64179462e-01 9.49148536e-01 8.07965219e-01 3.58472586e-01
    1.29124975e+00 -1.90786719e-02 -7.25799203e-02 1.79003727e+00
    2.30627656e-01 -5.01776814e-01 1.09497976e+00 5.71315169e-01
    1.35050917e+00 1.09217644e+00 1.34284830e+00 -5.64551890e-01
    -3.07814866e-01 -1.91088319e-01 1.75011516e+00 -7.49624014e-01
    1.63273358e+00 1.29653800e+00 -8.08038414e-01 4.40246940e-01
    -5.35685658e-01 1.27228296e+00 1.47723436e+00 4.17155325e-01
    -1.56102657e-01 5.02578497e-01 5.86514533e-01 1.11377382e+00
    1.78011978e+00 -1.56938076e-01 -5.00481784e-01 4.52617824e-01
    -4.36266810e-01 -6.55676007e-01 8.43668938e-01 -9.30120945e-02
    1.28667545e+00 7.31650710e-01 4.41788316e-01 2.60833561e-01
    6.66635036e-02 2.66239822e-01 -2.35474110e-03 -4.18865681e-02
    1.11384392e-01 1.39979172e+00 -6.72292292e-01 2.65873909e-01
    1.68290734e+00 1.33570313e-01 1.17466927e+00 -7.09678710e-01
    1.48847115e+00 -2.18086839e-02 -4.24126029e-01 3.56203020e-01
    -1.39890283e-01 -4.57904816e-01 1.01879895e-01 5.77196240e-01
    1.24325502e+00 1.28377736e+00 -6.29138768e-01 -4.08156812e-01
    5.58656454e-02 1.53687847e+00 -4.39196825e-02 -3.25595021e-01
    5.91113865e-01 -2.67930627e-02 1.38255310e+00 5.29706776e-01
    -7.38955796e-01 2.00607479e-01 4.70750451e-01 6.67180717e-01
    1.05774188e+00 1.91945374e-01 1.18294537e-01 8.27741027e-01
    1.10595775e+00 8.79839301e-01 9.23734903e-02 5.81424236e-01
    1.54557610e+00 1.02235878e+00 7.99352288e-01 1.59133673e+00
    -1.40588582e-01 6.92771673e-01 -4.72164750e-01 9.98184681e-01
    9.88120556e-01 8.45375061e-01 3.43604922e-01 2.02229977e-01
    1.54874539e+00 -2.76084304e-01 1.67653978e+00 8.83268118e-01
    1.63375950e+00 2.13832617e-01 -7.77761459e-01 1.71440887e+00
    8.13357592e-01 2.74788201e-01 7.01190710e-01 8.13320637e-01
    1.72625315e+00 -5.84899306e-01 -4.52166975e-01 1.39151847e+00
    -6.99803829e-01 1.33923793e+00 4.55734372e-01 -4.27451879e-01
    1.51929331e+00 -7.78591275e-01 1.61758971e+00 2.12399483e-01
    -2.20422745e-01 4.36673999e-01 1.22634673e+00 8.18298697e-01
    1.10005152e+00 6.88878655e-01 1.37291598e+00 -7.13118315e-02
    8.40803504e-01 -7.55651653e-01 8.35608840e-01 -3.48493516e-01
    9.92040873e-01 8.45236063e-01 -3.55939865e-02 1.97414732e+00
    5.05633533e-01 3.53051782e-01 1.04990506e+00 -5.18188596e-01
    1.08747625e+00 1.20300388e+00 8.01426828e-01 1.77014053e+00
    -5.41925669e-01 1.45778024e+00 1.83217704e-01 8.10889125e-01
    1.16726828e+00 1.06830418e-01 2.95800090e-01 1.48624492e+00
    1.18271494e+00 8.83694768e-01 1.56030774e+00 -6.58600807e-01
    8.67359936e-01 -6.39578581e-01 -2.97187567e-01 1.61285233e+00
    6.80738032e-01 1.59119749e+00 1.24354076e+00 1.11038184e+00
    -4.66252804e-01 -2.27804303e-01 -2.59578258e-01 2.54958868e-02
    2.81166315e-01 1.18917704e-01 8.33875000e-01 -6.40573502e-02
    1.38848066e+00 1.22783351e+00 -3.38513345e-01 -7.37148106e-01
    1.34639382e+00 1.82105136e+00 -4.12094772e-01 8.85904729e-01
    7.40697742e-01 4.62389469e-01 1.53095269e+00 -3.81339610e-01
    1.83211946e+00 -1.52058601e-02 1.54854226e+00 1.67958689e+00
    -4.59980220e-01 3.72448206e-01 9.21117306e-01 1.79279792e+00
    -1.68922365e-01 3.66688013e-01 -4.32106286e-01 4.69994903e-01
    8.09630990e-01 5.74778020e-01 5.91401994e-01 1.31488562e+00
    8.10616016e-02 -3.08499277e-01 5.86788058e-01 6.21406317e-01
    1.04938626e+00 -4.53874886e-01 1.76150739e+00 -3.48406494e-01
    -1.08564079e-01 1.23262763e-01 1.47495723e+00 6.76800191e-01
    8.37078333e-01 2.07625687e-01 1.23745286e+00 1.62241650e+00
    -6.97858453e-01 6.34680331e-01 1.60027122e+00 3.80802035e-01
    -6.26956820e-02 -2.22380251e-01 1.67288589e+00 1.01171374e-01
    2.60113418e-01 -3.27192068e-01 1.15398932e+00 8.80655527e-01
    5.78600764e-01 2.34705389e-01 1.07106006e+00 1.54547298e+00
    7.21234441e-01 -1.21826500e-01 7.25845456e-01 7.77902007e-01
    1.38445973e-01 9.85435963e-01 8.40773106e-01 6.27786517e-01
    -2.15947628e-04 8.40499640e-01 1.12031412e+00 9.08581078e-01
    -3.27803075e-01 1.00389791e+00 -2.05341816e-01 1.34889841e+00
    -7.15537727e-01 1.72631729e+00 1.25073540e+00 4.74814653e-01
    -1.41255021e-01 -2.10804403e-01 1.72565866e+00 1.63671684e+00
    -3.22715759e-01 8.43518496e-01 5.03551364e-01 7.63897955e-01
    -1.00243866e-01 1.29319572e+00 2.63012350e-01 7.63496161e-01
    6.90049827e-01 -6.68745220e-01 -3.04408073e-01 -2.07335860e-01
    6.91183865e-01 -1.26969337e-01 1.44607961e-01 -1.29699707e-03
    -5.01132607e-02 6.10588312e-01 1.69750428e+00 3.92265797e-01
    -4.25856441e-01 1.73553443e+00 3.57949138e-01 1.27313471e+00
    -1.65883124e-01 -3.48141313e-01 -3.59294415e-02 1.28343666e+00
    -4.89561588e-01 9.94429410e-01 -1.26014709e-01 1.04112291e+00
    -6.67434454e-01 1.58307695e+00 3.22372198e-01 5.62430680e-01
    -4.40351844e-01 -3.59821081e-01 -5.59051096e-01 1.19716585e-01
    1.61497927e+00 2.83341408e-01 6.66556060e-01 1.39425588e+00
    1.47041118e+00 1.52377975e+00 9.86503005e-01 -3.62430871e-01
    1.71482301e+00 1.22720766e+00 2.48311520e-01 3.52545321e-01
    1.12380636e+00 6.63251281e-02 2.97908127e-01 1.90920293e-01
    1.07233548e+00 1.06314087e+00 6.60929680e-02 1.61823964e+00
    9.78926301e-01 1.85498059e-01 5.96015394e-01 1.77077889e-01
    1.42269337e+00 2.02030659e-01 1.44292569e+00 6.24660909e-01
    6.33197427e-01 -2.51762867e-02 3.12411904e-01 1.50082326e+00
    1.27405393e+00 -3.32638025e-01 6.78401828e-01 -5.37068009e-01
    -2.00164378e-01 1.54849768e-01 -3.66326034e-01 4.12865281e-01
    1.00231361e+00 5.18170774e-01 7.18901038e-01 2.11191297e-01
    -7.85906851e-01 7.83050478e-01 1.06142330e+00 -1.13577068e-01
    8.83645415e-02 -1.61046505e-01 1.81027067e+00 9.09655690e-01
    7.18249619e-01 8.50324512e-01 7.45118022e-01 1.02395177e+00
    1.93837643e-01 7.31681466e-01 1.07470548e+00 -1.47042632e-01
    1.79466438e+00 1.74065065e+00 8.85432959e-01 8.61276746e-01
    1.11454439e+00 1.69782937e-01 4.45911288e-02 1.61833596e+00
    9.93998587e-01 1.53086376e+00 1.50001049e-02 1.57465529e+00
    3.00104201e-01 1.44965470e+00 -1.05572969e-01 1.33889747e+00
    9.45592046e-01 -3.85277301e-01 1.14141917e+00 5.99325955e-01
    1.20755565e+00 1.77658820e+00 1.05662620e+00 1.02278948e+00
    -3.19332212e-01 1.70984304e+00 1.85782444e+00 -1.33068323e-01
    1.13602972e+00 1.15946674e+00 2.01633692e+00 3.23031843e-01
    8.28095615e-01 1.66068935e+00 -5.02187312e-01 8.02151561e-01
    2.79979467e-01 3.96630645e-01 1.52886653e+00 1.68524885e+00
    2.45101392e-01 2.77494609e-01 1.10657930e+00 -1.63615793e-01
    3.73509526e-02 1.51597643e+00 -4.37435031e-01 1.02710950e+00
    1.61843777e+00 1.16952372e+00 -5.22793710e-01 1.14601922e+00
    4.20290411e-01 1.58381116e+00 -4.59847122e-01 1.61004961e+00
    1.26998782e+00 1.87926674e+00 1.45250618e+00 1.88727641e+00
    4.34386551e-01 3.15372765e-01 1.50515699e+00 1.58198690e+00
    1.77409124e+00 8.71000230e-01 1.60827255e+00 -8.97168517e-02
    -8.99855196e-02 1.91988540e+00 1.73970294e+00 7.54366994e-01
    1.84360576e+00 3.66070926e-01 9.76144075e-01 1.52988887e+00
    1.71148694e+00 -6.11044168e-02 -2.06185699e-01 9.35119689e-01
    3.86846781e-01 2.06413031e+00 -2.21986294e-01 2.59087980e-02
    -1.28752738e-01 1.56946683e+00 1.29382193e-01 4.41161990e-02
    1.83271289e+00 1.50709176e+00 1.43823051e+00 1.32555711e+00
    1.37711549e+00 -1.52474523e-01 1.77868283e+00 8.00872743e-01
    4.62617934e-01 3.27953786e-01 -3.51001412e-01 2.08918858e+00
    6.45181119e-01 4.46639568e-01 5.60010791e-01 4.03588176e-01
    1.38855374e+00 8.54471862e-01 3.80603611e-01 6.97541595e-01
    2.09555054e+00 -4.58451271e-01 1.23101497e+00 8.64550889e-01
    1.45630574e+00 6.13350749e-01 2.27719426e-01 1.92572808e+00
    9.19474244e-01 5.60696602e-01 2.55601287e-01 -1.10890269e-02
    -3.33863914e-01 1.69186652e+00 -5.09998500e-02 6.08812571e-01
    1.87942266e-01 3.54317278e-01 1.29060590e+00 1.32897222e+00
    2.70515263e-01 1.62088323e+00 1.78980649e+00 5.65032363e-02
    1.66592169e+00 -1.83962286e-01 4.10614222e-01 -5.61034381e-02
    5.91930747e-01 7.24512577e-01 2.26574838e-01 4.74378914e-01
    -1.24755502e-03 -8.16491544e-02 1.11158919e+00 7.07127571e-01
    6.04023218e-01 1.10079336e+00 -1.53656870e-01 2.76718020e-01
    6.02291167e-01 1.91528928e+00 1.27667308e-01 1.44701695e+00
    1.77884483e+00 3.00627351e-01 -1.69250518e-01 2.63715029e-01
    1.08865976e+00 1.33686709e+00 1.42819166e-01 3.13174784e-01
    6.68128312e-01 1.75962389e-01 7.34847069e-01 1.45310593e+00
    1.25959516e-02 1.03623080e+00 2.00503993e+00 1.00823987e+00
    1.45997548e+00 1.75385714e+00 3.57351065e-01 9.61036444e-01
    5.08587718e-01 1.98195791e+00 -9.33739543e-02 1.02426958e+00
    1.26064277e+00 -3.84502649e-01 -1.47159219e-01 6.18679881e-01
    5.08455038e-01 7.45675266e-02 9.71538067e-01 1.79513717e+00
    1.87878609e-02 1.12171054e+00 6.64596200e-01 1.99853635e+00
    2.07950449e+00 -3.50153387e-01 8.63368750e-01 -2.64917105e-01
    2.06813037e-01 1.08715701e+00 8.56855869e-01 1.92938316e+00
    1.24317002e+00 4.84780431e-01 -2.04925239e-02 -1.61882401e-01
    1.30623055e+00 1.07597208e+00 1.32364798e+00 2.79358089e-01
    -8.65985155e-02 1.43164706e+00 9.46789742e-01 1.78197575e+00
    7.23498523e-01 8.71268570e-01 -3.94204348e-01 1.45598567e+00
    1.39320683e+00 -2.70318627e-01 9.88203764e-01 -4.47281748e-01
    9.26180422e-01 2.98937529e-01 1.06234968e-01 3.75894904e-01
    1.65472913e+00 1.91872501e+00 1.38203323e-01 -4.03546691e-02
    1.78072023e+00 -3.40984941e-01 1.61350465e+00 7.27536857e-01
    1.85389125e+00 -4.55072820e-01 5.73320925e-01 1.69527125e+00
    9.94567871e-01 -1.26077235e-02 1.60529661e+00 1.99303722e+00
    6.83513165e-01 -1.01184130e-01 1.17648649e+00 4.31025684e-01
    8.54384482e-01 1.28710759e+00 1.24689138e+00 4.37976182e-01
    1.55379164e+00 1.61974990e+00 -3.05202663e-01 -1.53689951e-01
    4.69845355e-01 7.42604613e-01 4.62763965e-01 4.90848899e-01
    1.85407305e+00 1.14787686e+00 1.04887962e+00 2.14554548e+00</data></my_img>
<your_img type_id="opencv-matrix">
  <rows>128</rows>
  <cols>256</cols>
  <dt>f</dt>
  <data>
    2.71456957e-01 3.78789902e-01 4.16431457e-01 4.04956341e-01
    3.67890656e-01 3.51739198e-01 3.82226229e-01 4.02352661e-01
    3.54196697e-01 2.97919214e-01 3.08781207e-01 3.34637552e-01
    3.31605434e-01 3.37108076e-01 3.45404565e-01 3.37400287e-01
    3.13047051e-01 2.82244176e-01 3.06454927e-01 3.74266446e-01
    3.80815357e-01 3.48086536e-01 3.81669939e-01 4.57291126e-01
    4.74635929e-01 4.07827109e-01 3.31464380e-01 3.16178352e-01
    3.36404294e-01 3.41655433e-01 3.37248862e-01 3.49799514e-01
    3.73437226e-01 3.92028570e-01 3.79902452e-01 3.30689937e-01
    3.18363726e-01 3.59192044e-01 3.66511494e-01 3.15594286e-01
    2.61387050e-01 2.48333499e-01 2.83488512e-01 3.48044097e-01
    4.04292703e-01 4.47078317e-01 5.02291560e-01 5.52141070e-01
    5.64841032e-01 5.43247521e-01 5.11283457e-01 4.93327498e-01
    4.93592322e-01 4.88932937e-01 4.43219900e-01 3.74622434e-01
    3.59186709e-01 3.85357499e-01 3.78049076e-01 3.56309116e-01
    3.60799015e-01 3.63677323e-01 3.29259127e-01 2.83686966e-01
    3.04410100e-01 3.88879240e-01 4.45103735e-01 4.41723049e-01
    4.05689031e-01 3.63151997e-01 3.44882041e-01 3.54640275e-01
    3.86329561e-01 4.24518049e-01 4.19697553e-01 3.76280874e-01
    3.57160836e-01 3.64519536e-01 3.54979485e-01 3.17603827e-01
    2.60459751e-01 2.15862781e-01 2.37729937e-01 3.21435273e-01
    3.89382124e-01 3.91471237e-01 3.48731488e-01 2.85239041e-01
    2.49423817e-01 3.15936476e-01 4.27612782e-01 4.65355217e-01
    4.44365114e-01 4.25997823e-01 4.08691674e-01 3.79533529e-01
    3.46232355e-01 3.14647317e-01 2.96002090e-01 3.14108998e-01
    3.48204076e-01 3.57434064e-01 3.44690681e-01 3.16936463e-01
    2.77134567e-01 2.42551729e-01 2.57668167e-01 3.51266980e-01
    4.37544525e-01 4.52963293e-01 4.49240923e-01 4.28606451e-01
    4.05993998e-01 4.33201611e-01 4.52031672e-01 4.51399654e-01
    4.87071514e-01 4.92540896e-01 4.14086550e-01 3.22572201e-01
    2.81477898e-01 2.91830897e-01 3.15280050e-01 3.00655842e-01
    2.55866855e-01 2.46270195e-01 2.79327244e-01 2.99139380e-01
    3.13046575e-01 3.64157021e-01 4.19576317e-01 4.20203507e-01
    3.67527038e-01 3.33353519e-01 3.45068783e-01 3.21495265e-01
    2.63041824e-01 2.59097904e-01 2.66594231e-01 2.26325676e-01
    2.32868657e-01 3.03803593e-01 3.24282467e-01 3.01607192e-01
    3.05798143e-01 3.12810242e-01 2.91441679e-01 2.70483255e-01
    2.78515279e-01 2.86846280e-01 2.79571325e-01 2.93010205e-01
    3.20792258e-01 3.25979710e-01 3.40392560e-01 4.07156408e-01
    4.67432380e-01 4.38638359e-01 3.68622035e-01 3.65286827e-01
    4.07081127e-01 4.09306854e-01 4.00110632e-01 4.39444929e-01
    4.79577035e-01 4.50319171e-01 3.82756859e-01 3.26215267e-01
    2.87140727e-01 3.09056461e-01 3.85347605e-01 4.12324429e-01
    3.87543589e-01 3.84593964e-01 3.92208904e-01 3.94905925e-01
    4.12079632e-01 4.23699915e-01 3.95322740e-01 3.50899786e-01
    3.47922534e-01 3.68688494e-01 3.47597420e-01 3.10755253e-01
    3.33546370e-01 3.81604880e-01 3.91323209e-01 3.75510275e-01
    3.12817901e-01 2.21624881e-01 2.37131536e-01 3.53502750e-01
    4.02108192e-01 3.58319700e-01 3.46234113e-01 3.82241488e-01
    3.61852616e-01 2.83449918e-01 2.57976890e-01 2.93110877e-01
    3.06384742e-01 2.97787905e-01 3.18986863e-01 3.54341149e-01
    3.54441345e-01 3.09766084e-01 2.49337882e-01 2.31948331e-01
    2.83528954e-01 3.47842544e-01 3.52619976e-01 3.13467681e-01
    3.01571786e-01 2.92691171e-01 2.60684073e-01 2.81026423e-01
    3.44035745e-01 3.70314181e-01 3.87607962e-01 4.30298328e-01
    4.19448763e-01 3.06739658e-01 1.78299710e-01 1.23986840e-01
    1.50714278e-01 2.20069319e-01 2.84220308e-01 3.11225802e-01
    2.94785619e-01 2.59049386e-01 2.36416548e-01 2.33025596e-01
    2.22842380e-01 1.99792236e-01 2.02354521e-01 2.13875338e-01
    2.08897352e-01 2.47437969e-01 3.05147827e-01 2.91696042e-01
    2.83455700e-01 3.63227755e-01 4.34962273e-01 4.57502544e-01
    4.93106097e-01 4.87967908e-01 3.78750741e-01 2.76135355e-01
    2.66479254e-01 2.61639684e-01 2.17339322e-01 2.16745898e-01
    2.65467733e-01 2.94300735e-01 2.90388137e-01 2.32699782e-01
    3.66635054e-01 5.01986682e-01 5.77530503e-01 6.11032188e-01
    5.82086027e-01 5.36960244e-01 5.19384921e-01 4.92966920e-01
    4.45897847e-01 4.34275270e-01 4.76964891e-01 4.98670071e-01
    4.60330933e-01 4.28874105e-01 4.35809970e-01 4.34116900e-01
    3.88964415e-01 3.37975532e-01 3.72857898e-01 4.83875126e-01
    5.35132408e-01 5.17497241e-01 5.47336280e-01 6.01661205e-01
    5.84721684e-01 5.12178302e-01 4.53123897e-01 4.46831822e-01
    4.87436205e-01 5.28765380e-01 5.45806706e-01 5.47507584e-01
    5.31513274e-01 5.20135224e-01 5.16769469e-01 4.83977616e-01
    4.56127018e-01 4.53098625e-01 4.25986141e-01 3.80107820e-01
    3.43462378e-01 3.22416008e-01 3.40223521e-01 3.99515182e-01
    4.70366716e-01 5.52783191e-01 6.44759476e-01 7.06867814e-01
    7.26879656e-01 7.14754164e-01 6.73281431e-01 6.35583043e-01
    6.38216197e-01 6.36801600e-01 5.58440447e-01 4.56387281e-01
    4.46279138e-01 4.98100489e-01 5.06409228e-01 4.78353858e-01
    4.90086347e-01 5.41887164e-01 5.47535598e-01 5.03451467e-01
    5.20024717e-01 5.91575921e-01 6.00226402e-01 5.49916625e-01
    5.08006394e-01 4.69620705e-01 4.31631446e-01 4.29892898e-01
    4.84455764e-01 5.45369625e-01 5.51622212e-01 5.32103240e-01
    5.35487056e-01 5.36730647e-01 5.01069129e-01 4.47061747e-01
    3.91338617e-01 3.46122593e-01 3.58200997e-01 4.35185313e-01
    5.09007394e-01 5.11027873e-01 4.32758033e-01 3.33791554e-01
    3.18227887e-01 4.33197379e-01 5.66724002e-01 5.98549247e-01
    5.60725868e-01 5.24659872e-01 5.11710227e-01 5.21935642e-01
    5.40935457e-01 5.40125012e-01 5.17063558e-01 5.08885920e-01
    5.15257597e-01 5.00989616e-01 4.59301680e-01 3.99492085e-01
    3.42879325e-01 3.12505215e-01 3.49594980e-01 4.61681783e-01
    5.18765330e-01 4.80941266e-01 4.83635306e-01 5.27736247e-01
    5.56612194e-01 5.92349291e-01 6.01355016e-01 6.04022443e-01
    6.48314178e-01 6.41093373e-01 5.28090179e-01 4.09381211e-01
    3.80773276e-01 4.28948641e-01 4.72461373e-01 4.53707576e-01
    4.05619860e-01 4.04661566e-01 4.37390119e-01 4.42289352e-01
    4.39535469e-01 4.57192481e-01 4.81733024e-01 4.99316335e-01
    4.77274954e-01 4.36316997e-01 4.34881389e-01 4.37639743e-01
    4.28240538e-01 4.55005527e-01 4.59513098e-01 3.93195450e-01
    3.75697225e-01 4.48703885e-01 4.85371083e-01 4.67706263e-01
    4.84365493e-01 5.16808331e-01 4.89330471e-01 4.25808638e-01
    4.13868159e-01 4.50783879e-01 4.64908391e-01 4.44923371e-01
    4.36305642e-01 4.63677496e-01 5.02763987e-01 5.36726117e-01
    5.61676323e-01 5.44993997e-01 4.99391437e-01 4.95598674e-01
    5.41099370e-01 5.71241260e-01 5.50343990e-01 5.27426779e-01
    5.51878393e-01 5.70907176e-01 5.40091038e-01 4.93898898e-01
    4.60798532e-01 4.74295169e-01 5.30365527e-01 5.41606963e-01
    5.05990028e-01 5.11366844e-01 5.49628437e-01 5.67853987e-01
    5.73320031e-01 5.63767195e-01 5.07969141e-01 4.54888225e-01
    4.86335725e-01 5.38756192e-01 5.10431767e-01 4.70465600e-01
    5.12994230e-01 5.61881959e-01 5.45812249e-01 5.07979095e-01
    4.42064166e-01 3.51663500e-01 3.52328300e-01 4.60318327e-01
    5.27026355e-01 5.05612731e-01 5.01513422e-01 5.28199792e-01
    5.00365913e-01 4.29663718e-01 3.92710954e-01 3.97818863e-01
    4.21429366e-01 4.62200224e-01 5.06173551e-01 5.06214797e-01
    4.39413726e-01 3.45887452e-01 2.81562835e-01 2.97563285e-01
    3.85269463e-01 4.55372185e-01 4.52541471e-01 4.00024086e-01
    3.57713699e-01 3.46831173e-01 3.54845554e-01 4.09035116e-01
    4.81156141e-01 4.88650888e-01 4.78443116e-01 5.24900377e-01
    5.41535437e-01 4.51368213e-01 3.38075161e-01 2.93975294e-01
    3.14846069e-01 3.59697700e-01 4.02512193e-01 4.20636028e-01
    4.00894552e-01 3.72513890e-01 3.57562840e-01 3.44040871e-01
    3.31810117e-01 3.48461837e-01 4.05010551e-01 4.21800613e-01
    3.60097736e-01 3.40862393e-01 3.92023027e-01 3.90087217e-01
    3.66828471e-01 4.39902872e-01 5.40483057e-01 5.89956105e-01
    6.34114683e-01 6.23748660e-01 4.83560354e-01 3.32920283e-01
    2.91996539e-01 2.93446898e-01 2.83373535e-01 3.33077639e-01
    4.36206460e-01 4.81269419e-01 4.25634652e-01 2.86964983e-01
    3.37162435e-01 4.65426594e-01 5.42938471e-01 6.06326044e-01
    6.31887913e-01 6.10604227e-01 5.44655621e-01 4.71980572e-01
    4.77109134e-01 5.54377079e-01 6.19676828e-01 6.18332267e-01
    5.45819879e-01 4.72681612e-01 4.61895108e-01 4.53206688e-01
    3.87381732e-01 3.42481375e-01 4.13247377e-01 5.45269668e-01
    5.98101676e-01 5.75222194e-01 5.83959281e-01 5.88766277e-01
    5.23472905e-01 4.56401497e-01 4.30525899e-01 4.41153020e-01
    5.18292248e-01 6.20949268e-01 6.65162861e-01 6.34257853e-01
    5.50530553e-01 4.95117694e-01 5.21015823e-01 5.43700635e-01
    5.10355055e-01 4.53776330e-01 4.00177330e-01 3.82360518e-01
    3.79201025e-01 3.49937826e-01 3.44878495e-01 3.87873292e-01
    4.50057179e-01 5.37878990e-01 6.21859252e-01 6.61910295e-01
    6.80076122e-01 6.85776889e-01 6.61116064e-01 6.27599180e-01
    6.22877061e-01 6.10551536e-01 5.26610196e-01 4.25830871e-01
    4.10547763e-01 4.55379516e-01 4.79290903e-01 4.80517775e-01
    5.12264609e-01 5.81607997e-01 6.12295806e-01 5.82929015e-01
    5.88053823e-01 6.36227310e-01 6.22588456e-01 5.63798249e-01
    5.42220354e-01 5.23703575e-01 4.75333780e-01 4.59887236e-01
    5.10526419e-01 5.59153914e-01 5.53813577e-01 5.41792929e-01
    5.61134517e-01 5.64935803e-01 5.28140724e-01 4.99654770e-01
    4.92434740e-01 4.64828551e-01 4.28015530e-01 4.39235449e-01
    4.98458117e-01 5.25915444e-01 4.57461029e-01 3.62632215e-01
    3.78910571e-01 4.91933703e-01 5.56781709e-01 5.42916238e-01
    5.23435771e-01 5.19011676e-01 5.29073656e-01 5.72403133e-01
    6.41522825e-01 6.90411627e-01 6.85963571e-01 6.48517489e-01
    6.04929388e-01 5.55085361e-01 4.89336997e-01 4.08879369e-01
    3.45254153e-01 3.23589623e-01 3.68521065e-01 4.67230946e-01
    4.82199103e-01 3.95837247e-01 3.98919165e-01 5.08760571e-01
    5.84183216e-01 5.97152710e-01 5.84445596e-01 5.84041595e-01
    5.96872866e-01 5.62259495e-01 4.63502735e-01 3.84976834e-01
    4.16621923e-01 5.25629938e-01 5.91460168e-01 5.61902583e-01
    5.02875626e-01 4.95469868e-01 5.23637712e-01 5.31131506e-01
    5.16944885e-01 4.91850346e-01 4.73147959e-01 4.72011924e-01
    4.38358754e-01 3.81174177e-01 3.94153923e-01 4.68680799e-01
    5.27794003e-01 5.55484831e-01 5.45054853e-01 5.06751478e-01
    4.96988714e-01 5.21140814e-01 5.24183512e-01 5.09099543e-01
    5.28888762e-01 5.67517817e-01 5.55794597e-01 4.86237526e-01
    4.39048797e-01 4.70650107e-01 5.18797040e-01 4.97817487e-01
    4.55304027e-01 4.88379925e-01 5.39678991e-01 5.10808349e-01
    4.61786956e-01 4.81444806e-01 5.29079735e-01 5.34224033e-01
    5.34160495e-01 5.59689820e-01 5.27711809e-01 4.46217269e-01
    4.44217384e-01 5.06663978e-01 5.26483715e-01 5.16342223e-01
    5.28093636e-01 5.54613173e-01 5.71045816e-01 5.51933944e-01
    5.16746104e-01 5.33765674e-01 5.91967702e-01 6.12189054e-01
    5.92419744e-01 5.63849151e-01 5.07751226e-01 4.69826877e-01
    5.25769472e-01 5.89123905e-01 5.61007023e-01 5.35901606e-01
    5.90011716e-01 6.28520131e-01 5.94473422e-01 5.41695476e-01
    5.01878977e-01 4.74871755e-01 4.78297979e-01 5.12882411e-01
    5.30531526e-01 5.19580722e-01 5.16143918e-01 5.07088900e-01
    4.85945493e-01 4.79689211e-01 4.63039875e-01 4.30933237e-01
    4.43207175e-01 5.07914186e-01 5.68476677e-01 5.56938648e-01
    4.50028032e-01 3.29959124e-01 2.86886632e-01 3.31019253e-01
    4.14275616e-01 4.72745597e-01 4.89926845e-01 4.58074480e-01
    3.97134751e-01 3.88321728e-01 4.32345748e-01 4.82712537e-01
    5.20971119e-01 5.02710521e-01 4.63351458e-01 4.89420444e-01
    5.42236626e-01 5.42613089e-01 4.97642040e-01 4.68179345e-01
    4.72028941e-01 4.76187050e-01 4.82292473e-01 4.75774884e-01
    4.29699540e-01 3.97503197e-01 4.00612056e-01 3.95478338e-01
    4.07930791e-01 4.88716871e-01 5.79178214e-01 5.63008249e-01
    4.45318013e-01 3.63980234e-01 3.78208697e-01 3.97297919e-01
    4.02178735e-01 4.71507281e-01 5.58616042e-01 5.94062924e-01
    6.28774345e-01 6.42575026e-01 5.48360765e-01 3.94957513e-01
    3.08332443e-01 3.16460192e-01 3.59417617e-01 4.22885329e-01
    5.06648004e-01 5.40839195e-01 4.65481609e-01 2.92263418e-01
    2.59962112e-01 3.77859503e-01 4.17395860e-01 4.55897540e-01
    5.35166442e-01 5.90186954e-01 5.45459926e-01 4.77847397e-01
    5.16546488e-01 6.13967657e-01 6.67949438e-01 6.57402694e-01
    5.86886764e-01 5.20765722e-01 5.23352265e-01 5.21310568e-01
    4.51219499e-01 4.13098663e-01 4.90482420e-01 5.87513685e-01
    5.90441048e-01 5.55365443e-01 5.64787507e-01 5.54030001e-01
    4.76084203e-01 4.10315961e-01 3.86700720e-01 4.00959492e-01
    5.05950332e-01 6.50184929e-01 7.00136542e-01 6.25959694e-01
    4.93628025e-01 4.23512459e-01 4.68222469e-01 5.13761699e-01
    4.88612354e-01 4.50201094e-01 4.29036796e-01 4.25640941e-01
    4.19245481e-01 3.85645300e-01 3.78669530e-01 4.18622851e-01
    4.69310850e-01 5.26303589e-01 5.59128523e-01 5.55686653e-01
    5.54850221e-01 5.67501247e-01 5.84301174e-01 5.92382789e-01
    5.77812314e-01 5.31683922e-01 4.52232808e-01 3.83148760e-01
    3.73267740e-01 3.91905636e-01 4.04634386e-01 4.34807569e-01
    4.90824193e-01 5.43069720e-01 5.47429383e-01 5.00419736e-01
    4.85151410e-01 5.41286111e-01 5.81277013e-01 5.72584569e-01
    5.74599802e-01 5.74810863e-01 5.45107603e-01 5.31115234e-01
    5.52930892e-01 5.71553409e-01 5.53910434e-01 5.23330748e-01
    5.27353644e-01 5.42327940e-01 5.38707554e-01 5.58977604e-01
    5.97559810e-01 5.73815167e-01 4.92921382e-01 4.59152222e-01
    5.08288682e-01 5.58213055e-01 5.19230962e-01 4.42501843e-01
    4.63451535e-01 5.38334668e-01 5.23481369e-01 4.64082062e-01
    4.67050225e-01 5.05811393e-01 5.46697855e-01 6.03579283e-01
    6.59553885e-01 6.98259294e-01 7.13041008e-01 6.80036306e-01
    6.04429960e-01 5.24280131e-01 4.55650061e-01 4.00187552e-01
    3.72040153e-01 3.58560532e-01 3.65447521e-01 4.28483993e-01
    4.59727615e-01 3.95437717e-01 3.87724400e-01 4.95776743e-01
    5.66220462e-01 5.40672600e-01 5.03907681e-01 4.94173527e-01
    4.77458477e-01 4.27741349e-01 3.63479525e-01 3.57005745e-01
    4.56952691e-01 5.97437024e-01 6.66866839e-01 6.35162175e-01
    5.71165085e-01 5.44461250e-01 5.49682915e-01 5.50005972e-01
    5.33001542e-01 5.10375679e-01 5.05314589e-01 4.98894870e-01
    4.36994404e-01 3.68263841e-01 4.04728383e-01 5.10670781e-01
    5.62520444e-01 5.38481593e-01 5.05459428e-01 5.19910216e-01
    5.55498302e-01 5.53244829e-01 5.14843106e-01 4.83454436e-01
    4.86956269e-01 5.07685959e-01 5.10478318e-01 4.70696270e-01
    4.11804885e-01 4.15638149e-01 4.72576261e-01 4.77614164e-01
    4.49887395e-01 4.86190349e-01 5.20499647e-01 4.37008560e-01
    3.37794393e-01 3.87281835e-01 5.06442726e-01 5.27424872e-01
    4.94607240e-01 4.90921766e-01 4.50622618e-01 3.76355708e-01
    3.77860099e-01 4.46372807e-01 4.79962766e-01 4.79324192e-01
    5.04508257e-01 5.35684049e-01 5.31419337e-01 4.97872412e-01
    4.65065807e-01 4.72233891e-01 5.10541499e-01 5.28086364e-01
    5.33316612e-01 5.37880003e-01 4.95373189e-01 4.50942785e-01
    4.98398751e-01 5.61283231e-01 5.40477633e-01 5.19064784e-01
    5.56244016e-01 5.76292813e-01 5.44736326e-01 5.00688016e-01
    4.96723950e-01 5.52204192e-01 6.04883134e-01 5.86291969e-01
    5.17486334e-01 4.75617617e-01 4.73439097e-01 4.59663182e-01
    4.56941456e-01 4.95739818e-01 5.02036393e-01 4.59925622e-01
    4.37735438e-01 4.44081247e-01 4.76932287e-01 5.11567414e-01
    4.71327215e-01 3.87996882e-01 3.62172693e-01 3.96033198e-01
    4.40614045e-01 4.80333656e-01 5.14655292e-01 5.02695560e-01
    4.47915226e-01 4.47177768e-01 4.95593399e-01 5.19859314e-01
    5.24209559e-01 4.93424416e-01 4.29482371e-01 4.14761662e-01
    4.86882985e-01 5.71839213e-01 5.69663644e-01 5.21120965e-01
    5.15550137e-01 5.26274264e-01 5.30272961e-01 4.98659074e-01
    4.05892909e-01 3.48958194e-01 3.71705562e-01 4.05326664e-01
    4.59027231e-01 5.61700523e-01 6.18184388e-01 5.59405923e-01
    4.50916708e-01 3.71857464e-01 3.52356702e-01 3.78346354e-01
    4.48692411e-01 5.49641430e-01 5.86719513e-01 5.63680172e-01
    5.89745641e-01 6.45198405e-01 6.24319851e-01 5.03653526e-01
    3.93787235e-01 4.01568830e-01 4.57934082e-01 4.87021595e-01
    5.11161208e-01 5.05141199e-01 4.21675801e-01 2.65240461e-01
    2.41460830e-01 3.54584962e-01 3.40415418e-01 3.21244806e-01
    4.06616032e-01 5.14659405e-01 5.29610217e-01 5.02582550e-01
    5.20052373e-01 5.51740766e-01 5.83157420e-01 6.10665679e-01
    5.90217769e-01 5.69217622e-01 6.16931200e-01 6.50013566e-01
    5.83969116e-01 5.16482592e-01 5.44124663e-01 5.75847030e-01
    5.41317523e-01 5.33476412e-01 5.77215135e-01 5.69512486e-01
    4.92876738e-01 4.30132419e-01 3.98664355e-01 3.99428785e-01
    4.92991149e-01 6.29241347e-01 6.67618096e-01 5.74994504e-01
    4.38379228e-01 3.84815097e-01 4.33591247e-01 4.67229068e-01
    4.51920509e-01 4.66069728e-01 4.98874187e-01 4.95060802e-01
    4.71482337e-01 4.46536660e-01 4.43481416e-01 4.75852638e-01
    5.08239448e-01 5.24556220e-01 5.19192278e-01 4.86561596e-01
    4.55177188e-01 4.64385569e-01 5.11568725e-01 5.45150459e-01
    5.34767151e-01 4.88815367e-01 4.30721879e-01 4.03699279e-01
    4.12366629e-01 4.01605099e-01 3.66191506e-01 3.72412354e-01
    4.44365412e-01 5.17466247e-01 5.10040164e-01 4.27957505e-01
    3.82617801e-01 4.44787145e-01 5.28828025e-01 5.52953720e-01
    5.71959913e-01 6.13726556e-01 6.26422822e-01 6.06872082e-01
    5.83829939e-01 5.68512559e-01 5.55107832e-01 5.36040425e-01
    5.36636949e-01 5.64172208e-01 5.98250031e-01 6.43618643e-01
    6.73679173e-01 6.31631017e-01 5.57296455e-01 5.42357147e-01
    5.87630153e-01 6.23273015e-01 5.77589750e-01 4.87739980e-01
    4.87438083e-01 5.55509984e-01 5.50693214e-01 4.85942572e-01
    4.65797424e-01 4.94760394e-01 5.40372908e-01 5.84979951e-01
    5.95664144e-01 5.99884808e-01 6.38860524e-01 6.50699854e-01
    5.80676496e-01 4.85006928e-01 4.34522241e-01 4.39589918e-01
    4.64025170e-01 4.40468341e-01 3.80026460e-01 3.98666680e-01
    4.74573404e-01 4.77457970e-01 4.59434807e-01 5.17057478e-01
    5.65070093e-01 5.27266622e-01 4.73915100e-01 4.63559747e-01
    4.65308726e-01 4.30551797e-01 3.80967945e-01 4.11624700e-01
    5.28592110e-01 6.27846658e-01 6.61360085e-01 6.48792803e-01
    6.16593480e-01 5.83122432e-01 5.41697800e-01 5.02875447e-01
    4.98823822e-01 5.29613197e-01 5.74621439e-01 5.87349534e-01
    5.25045633e-01 4.56957698e-01 4.78471100e-01 5.38133204e-01
    5.40433109e-01 4.90556657e-01 4.53364432e-01 4.79234606e-01
    5.43399155e-01 5.73302865e-01 5.39716303e-01 4.94713157e-01
    4.95777637e-01 5.06254137e-01 4.95244980e-01 4.79486167e-01
    4.44769800e-01 4.13538963e-01 4.12399322e-01 4.14457768e-01
    4.41580921e-01 5.11932373e-01 5.19827724e-01 3.93970907e-01
    2.83800781e-01 3.39506000e-01 4.54741120e-01 4.89896894e-01
    4.85083371e-01 4.70861077e-01 4.16621149e-01 3.74620944e-01
    4.11379874e-01 4.80088651e-01 4.90091413e-01 4.59556997e-01
    4.60864604e-01 4.80218023e-01 4.79520500e-01 4.60148156e-01
    4.28580791e-01 4.05291706e-01 3.96912664e-01 3.92940819e-01
    4.25505400e-01 4.81876969e-01 4.79490787e-01 4.51631993e-01
    4.93734956e-01 5.38387239e-01 5.02823412e-01 4.74061221e-01
    5.02726138e-01 5.21101654e-01 5.03938138e-01 4.77594405e-01
    4.92597759e-01 5.83544135e-01 6.67916834e-01 6.37978196e-01
    5.29671013e-01 4.61605042e-01 4.67149019e-01 4.78905708e-01
    4.78584856e-01 5.07696569e-01 5.21627545e-01 4.86564517e-01
    4.47689205e-01 4.03820843e-01 3.85640174e-01 4.40075219e-01
    4.81228232e-01 4.51583326e-01 4.28828537e-01 4.52881515e-01
    4.84428495e-01 5.03074527e-01 5.15333831e-01 5.06053865e-01
    4.75253433e-01 4.68872219e-01 4.83972162e-01 4.87221539e-01
    4.93456334e-01 4.84845281e-01 4.26728308e-01 3.85154277e-01
    4.50014204e-01 5.57261288e-01 5.53367496e-01 4.73970413e-01
    4.55285400e-01 4.85907257e-01 5.19932151e-01 5.04350185e-01
    4.12653029e-01 3.56793404e-01 3.85106474e-01 4.36268717e-01
    5.09425700e-01 5.81293941e-01 5.62768757e-01 4.80477363e-01
    4.27958369e-01 3.97572577e-01 3.61460835e-01 3.60824764e-01
    4.57470328e-01 5.79910874e-01 5.72722018e-01 4.99372452e-01
    5.18760383e-01 5.93964458e-01 6.11799955e-01 5.38192213e-01
    4.58206832e-01 4.62011874e-01 4.88484979e-01 4.96870428e-01
    5.13719082e-01 4.90823328e-01 3.99729759e-01 2.60021657e-01
    2.53617376e-01 3.63482922e-01 3.23084086e-01 2.78137982e-01
    3.59136492e-01 4.76822942e-01 5.09147167e-01 4.82626736e-01
    4.52956170e-01 4.30926889e-01 4.74686027e-01 5.76587558e-01
    6.21259212e-01 6.16187990e-01 6.68910861e-01 7.25561738e-01
    6.62699521e-01 5.63697159e-01 5.51562965e-01 5.42760193e-01
    4.95106995e-01 5.21117449e-01 5.93593836e-01 5.76283336e-01
    4.91890877e-01 4.49527204e-01 4.29603100e-01 3.97112668e-01
    4.35808152e-01 5.34233391e-01 5.57866156e-01 4.73555654e-01
    3.76574755e-01 3.73114407e-01 4.50789690e-01 4.98599619e-01
    4.87459660e-01 4.93500322e-01 5.27574003e-01 5.37931204e-01
    5.31603754e-01 5.15491843e-01 4.96212870e-01 5.06522238e-01
    5.23370087e-01 5.28810561e-01 5.29282928e-01 4.83556241e-01
    4.10506070e-01 4.08719689e-01 4.61908698e-01 4.76665020e-01
    4.62824434e-01 4.54114795e-01 4.44229215e-01 4.54175979e-01
    4.79598939e-01 4.71019417e-01 4.19159263e-01 3.82435143e-01
    4.26260769e-01 5.10517776e-01 5.25507927e-01 4.58059371e-01
    4.05569673e-01 4.39593971e-01 4.97228920e-01 5.01077116e-01
    5.22496402e-01 6.09348297e-01 6.52902961e-01 6.05740905e-01
    5.47933400e-01 5.22804856e-01 5.20489156e-01 5.33708930e-01
    5.63247085e-01 6.12434208e-01 6.65572584e-01 6.87498689e-01
    6.58063769e-01 6.01695776e-01 5.79059958e-01 6.07647836e-01
    6.41723633e-01 6.40574634e-01 5.65682709e-01 4.53765392e-01
    4.37898755e-01 5.28364480e-01 5.85877359e-01 5.46148419e-01
    4.84643042e-01 4.73729283e-01 4.96793330e-01 5.05227566e-01
    4.92180496e-01 5.03055871e-01 5.65061569e-01 6.16069734e-01
    5.87007701e-01 5.24312019e-01 5.12787700e-01 5.52509487e-01
    5.73600233e-01 5.14332235e-01 4.13479179e-01 3.97098869e-01
    4.79144961e-01 5.29981732e-01 5.26628792e-01 5.53824902e-01
    5.87560773e-01 5.68478346e-01 5.35926342e-01 5.34366071e-01
    5.44184446e-01 5.17822385e-01 4.79371995e-01 5.19500494e-01
    6.03133142e-01 6.23347819e-01 6.14732862e-01 6.39038801e-01
    6.46112084e-01 5.92024148e-01 5.05475283e-01 4.55322206e-01
    4.92125064e-01 5.79777420e-01 6.46726668e-01 6.43755615e-01
    5.63691318e-01 4.87351656e-01 4.87897277e-01 5.15388608e-01
    5.11602163e-01 4.90657330e-01 4.74196434e-01 4.87075597e-01
    5.35799801e-01 5.65027475e-01 5.29011667e-01 4.96238351e-01
    5.40765762e-01 5.84212899e-01 5.72458148e-01 5.64372420e-01
    5.50702453e-01 4.89594042e-01 4.07350093e-01 3.68814766e-01
    4.26507562e-01 5.27162969e-01 5.25120556e-01 3.88163626e-01
    2.86111504e-01 3.32760394e-01 4.19198513e-01 4.55641806e-01
    4.74986017e-01 4.63615626e-01 4.00802672e-01 3.64165455e-01
    4.23237145e-01 5.08956969e-01 5.06756723e-01 4.49815959e-01
    4.33207929e-01 4.48241979e-01 4.62658048e-01 4.72165465e-01
    4.59802538e-01 4.31881160e-01 3.94599736e-01 3.48641723e-01
    3.48567933e-01 4.12391156e-01 4.73649442e-01 5.16657591e-01
    5.61538398e-01 5.48477352e-01 4.80087012e-01 4.72588480e-01
    5.26933730e-01 5.54589450e-01 5.47282577e-01 5.30891001e-01
    5.33177614e-01 5.80636740e-01 6.20708644e-01 5.89224815e-01
    5.24055898e-01 4.95695978e-01 5.20487487e-01 5.34113765e-01
    4.99578655e-01 4.90197986e-01 4.96337473e-01 4.68428254e-01
    4.61907893e-01 4.53348964e-01 4.09729302e-01 4.15502161e-01
    4.56772059e-01 4.47623938e-01 4.23047215e-01 4.44448292e-01
    4.81152564e-01 4.84579563e-01 4.67851698e-01 4.63135570e-01
    4.64044869e-01 4.57919151e-01 4.53012109e-01 4.53569978e-01
    4.66014504e-01 4.72959936e-01 4.35460567e-01 4.08731163e-01
    4.79091913e-01 5.65528154e-01 5.26850343e-01 4.24364179e-01
    3.92070830e-01 4.29850459e-01 5.04029870e-01 5.44248939e-01
    4.99976218e-01 4.62741554e-01 4.83988255e-01 5.28964996e-01
    5.92998981e-01 6.24791384e-01 5.53342164e-01 4.47676241e-01
    4.08088565e-01 4.03938204e-01 3.69795591e-01 3.44109267e-01
    4.18550223e-01 5.26235104e-01 5.10807812e-01 4.25819546e-01
    4.17365640e-01 4.72538143e-01 5.04500091e-01 4.85056996e-01
    4.59528327e-01 4.56878424e-01 4.51450676e-01 4.68266547e-01
    5.12799799e-01 5.14277279e-01 4.51318771e-01 3.20020765e-01
    2.23346561e-01 3.37403059e-01 3.27829361e-01 3.24490994e-01
    4.31300759e-01 5.40174067e-01 5.34596205e-01 4.57557887e-01
    3.93788815e-01 3.73016208e-01 4.46341902e-01 5.99025190e-01
    6.80592358e-01 6.53849602e-01 6.57642066e-01 7.01884925e-01
    6.58050716e-01 5.72547257e-01 5.56391478e-01 5.34108043e-01
    4.81639206e-01 5.12421131e-01 5.84583998e-01 5.61329186e-01
    4.91499126e-01 4.88975972e-01 4.84105855e-01 4.10599202e-01
    3.83867472e-01 4.36888069e-01 4.40289408e-01 3.63523602e-01
    3.20166230e-01 3.76597673e-01 4.84724164e-01 5.62249959e-01
    5.57239234e-01 5.12978554e-01 5.12409866e-01 5.48943281e-01
    5.76361060e-01 5.67906916e-01 5.26393712e-01 5.06078005e-01
    5.25319815e-01 5.49679518e-01 5.53956807e-01 4.94704664e-01
    3.98097247e-01 3.80495578e-01 4.20925975e-01 4.14436370e-01
    3.85594636e-01 3.85437697e-01 4.05019224e-01 4.45135713e-01
    4.99336451e-01 5.34597218e-01 5.24313927e-01 4.78453308e-01
    4.56708461e-01 4.84846085e-01 5.21559834e-01 5.26749492e-01
    4.97553676e-01 4.79924232e-01 4.82522100e-01 4.58678544e-01
    4.57025170e-01 5.42025208e-01 5.96571207e-01 5.28735757e-01
    4.58360821e-01 4.67189103e-01 5.02223611e-01 5.32814980e-01
    5.70282996e-01 6.26089334e-01 6.78354383e-01 6.67573273e-01
    5.91882288e-01 5.36526442e-01 5.61694026e-01 6.17454052e-01
    6.29213452e-01 5.99137723e-01 5.33256590e-01 4.49267983e-01
    4.34987336e-01 5.15475333e-01 5.90233624e-01 5.69379330e-01
    4.98148263e-01 4.73003715e-01 4.79974210e-01 4.61335629e-01
    4.42226648e-01 4.68120605e-01 5.32534659e-01 5.89411557e-01
    5.98092973e-01 5.78921914e-01 5.75669885e-01 5.83525300e-01
    5.59787750e-01 4.88579750e-01 4.09421206e-01 3.94171804e-01
    4.62154984e-01 5.25122404e-01 5.49878657e-01 5.82645535e-01
    5.95485628e-01 5.91245413e-01 6.14030600e-01 6.22388184e-01
    5.88961065e-01 5.40774167e-01 5.25399745e-01 5.77989995e-01
    6.27120316e-01 6.09867454e-01 6.02671623e-01 6.47224963e-01
    6.50771976e-01 5.69175541e-01 4.77839053e-01 4.58606154e-01
    5.29028893e-01 6.23920023e-01 6.56662703e-01 6.00585520e-01
    4.91943985e-01 4.21674818e-01 4.57424223e-01 5.35178006e-01
    5.65562725e-01 5.51303267e-01 5.31482220e-01 5.43111980e-01
    5.67168176e-01 5.38193703e-01 4.72246736e-01 4.68771100e-01
    5.58826268e-01 6.49632692e-01 6.77532971e-01 6.71100795e-01
    6.48505926e-01 5.88301778e-01 4.90861744e-01 4.26472962e-01
    4.57457423e-01 5.27001500e-01 5.15640736e-01 4.10243988e-01
    3.40071380e-01 3.81507218e-01 4.45367813e-01 4.57110167e-01
    4.55528080e-01 4.52434510e-01 4.05969918e-01 3.51882339e-01
    3.88171017e-01 4.81817126e-01 5.01154304e-01 4.56039459e-01
    4.45468277e-01 4.70435470e-01 4.91194129e-01 5.02397001e-01
    5.01956761e-01 4.95966822e-01 4.78236735e-01 4.39380914e-01
    4.16985184e-01 4.50763404e-01 5.22667527e-01 5.82759500e-01
    5.87744415e-01 5.21746039e-01 4.65650469e-01 5.01777947e-01
    5.59516668e-01 5.68947613e-01 5.73036551e-01 5.89952588e-01
    5.81580698e-01 5.49122572e-01 5.17617941e-01 4.98770654e-01
    5.10340869e-01 5.49071908e-01 5.90012670e-01 5.81805050e-01
    5.10284901e-01 4.62076485e-01 4.44978505e-01 4.26712781e-01
    4.66028273e-01 5.05221307e-01 4.57905084e-01 4.17274773e-01
    4.32521254e-01 4.28068727e-01 3.94398093e-01 3.98215085e-01
    4.43528295e-01 4.58401680e-01 4.26551431e-01 4.09360021e-01
    4.28285271e-01 4.55789804e-01 4.84462708e-01 5.00579059e-01
    4.90300864e-01 4.61323231e-01 4.22411174e-01 4.32394207e-01
    5.25191605e-01 5.83510518e-01 5.07262409e-01 3.93772244e-01
    3.62789273e-01 4.20313746e-01 5.39047778e-01 6.26417041e-01
    5.99381089e-01 5.38613439e-01 5.41584313e-01 5.88518679e-01
    6.42103970e-01 6.67965353e-01 6.11265123e-01 5.01503885e-01
    4.29268986e-01 4.05805677e-01 3.83015215e-01 3.74087632e-01
    4.33476955e-01 5.09172261e-01 4.95160609e-01 4.15040821e-01
    3.67357850e-01 3.79288375e-01 4.14970279e-01 4.42551762e-01
    4.57033157e-01 4.54302251e-01 4.45804536e-01 4.71491635e-01
    5.14961123e-01 5.31992912e-01 5.10387003e-01 3.93002331e-01
    1.90300614e-01 3.12293857e-01 3.43886912e-01 3.79352331e-01
    4.94258612e-01 5.88286638e-01 5.67487717e-01 4.88913596e-01
    4.37512547e-01 4.17135179e-01 4.63207603e-01 5.94315708e-01
    6.78862333e-01 6.48038983e-01 6.16288722e-01 6.36700392e-01
    6.26540422e-01 5.78445375e-01 5.49288869e-01 5.13806581e-01
    4.81620193e-01 5.20976365e-01 5.75708747e-01 5.48559129e-01
    5.04597425e-01 5.24306834e-01 5.31119943e-01 4.74503845e-01
    4.31785285e-01 4.41405863e-01 4.31953579e-01 3.70295495e-01
    3.48271161e-01 4.07514393e-01 4.85514134e-01 5.39993942e-01
    5.33552051e-01 4.86213297e-01 4.86230582e-01 5.32159328e-01
    5.74950874e-01 5.91012180e-01 5.46641529e-01 4.92209345e-01
    5.08422911e-01 5.42699933e-01 5.32387018e-01 4.74000901e-01
    3.86489391e-01 3.43922734e-01 3.61421287e-01 3.74556363e-01
    3.59205157e-01 3.32346618e-01 3.37959200e-01 4.10752088e-01
    5.07918060e-01 5.60063481e-01 5.50855279e-01 5.01910746e-01
    4.42984819e-01 4.15990859e-01 4.65670586e-01 5.46889007e-01
    5.53626180e-01 5.01422405e-01 4.72844839e-01 4.56724048e-01
    4.44151700e-01 4.93101776e-01 5.33781707e-01 4.56276149e-01
    3.76649886e-01 4.19116586e-01 5.12248874e-01 5.68984985e-01
    5.87000072e-01 6.04225457e-01 6.29057586e-01 6.21567667e-01
    5.71166754e-01 5.33401728e-01 5.63884377e-01 6.15423024e-01
    6.06521368e-01 5.68034410e-01 5.42554021e-01 5.07316172e-01
    4.83329058e-01 5.21265149e-01 5.81662118e-01 5.70544302e-01
    5.11637449e-01 4.94602770e-01 4.93911624e-01 4.58360165e-01
    4.30713922e-01 4.58685189e-01 5.26687026e-01 5.85196614e-01
    5.91504276e-01 5.47793508e-01 4.94171947e-01 4.54320490e-01
    4.16439623e-01 3.74449402e-01 3.42174858e-01 3.54670733e-01
    4.27291006e-01 4.96411681e-01 5.43381274e-01 5.82444906e-01
    5.71776390e-01 5.73343813e-01 6.33327067e-01 6.37942433e-01
    5.65411270e-01 5.10373831e-01 5.20643294e-01 5.75989783e-01
    6.10356569e-01 6.17006958e-01 6.47767901e-01 6.68016016e-01
    6.17430687e-01 5.38217664e-01 4.82957333e-01 4.68322068e-01
    5.25112867e-01 6.10168040e-01 6.15077138e-01 5.22041500e-01
    4.01248693e-01 3.47343445e-01 4.29987550e-01 5.79557478e-01
    6.57602847e-01 6.26729310e-01 5.60178876e-01 5.54669321e-01
    5.76318264e-01 5.31333685e-01 4.75176394e-01 4.95152056e-01
    5.64552546e-01 6.39785707e-01 6.99306548e-01 7.09080040e-01
    6.81100428e-01 6.42761767e-01 5.88088512e-01 5.46538532e-01
    5.49757361e-01 5.62469602e-01 5.29158413e-01 4.67259884e-01
    4.50856745e-01 4.82078016e-01 4.92553890e-01 4.71075982e-01
    4.67710435e-01 4.77514744e-01 4.39040005e-01 3.75201702e-01
    3.84546995e-01 4.51440960e-01 4.74729270e-01 4.61223304e-01
    4.82775867e-01 5.21502674e-01 5.25193751e-01 5.09665608e-01
    5.02143562e-01 5.10292709e-01 5.33901691e-01 5.47651529e-01
    5.38125575e-01 5.39941669e-01 5.68834543e-01 5.74567378e-01
    5.17891586e-01 4.36977744e-01 4.14326310e-01 4.57388252e-01
    4.91752177e-01 5.03221571e-01 5.43314517e-01 6.11818731e-01
    6.27805412e-01 5.59157729e-01 4.84571606e-01 4.65127885e-01
    4.89319950e-01 5.28508604e-01 5.64801753e-01 5.59322596e-01
    4.92853671e-01 4.32958722e-01 4.09633160e-01 4.11414146e-01
    4.64281172e-01 5.01747906e-01 4.60376024e-01 4.30871785e-01
    4.47770655e-01 4.28199470e-01 3.70133311e-01 3.71969521e-01
    4.57846940e-01 5.17142057e-01 4.85136598e-01 4.41015422e-01
    4.50052142e-01 4.90070283e-01 5.34212232e-01 5.53049564e-01
    5.18648088e-01 4.51023668e-01 3.99784535e-01 4.10332590e-01
    4.76639092e-01 5.11909962e-01 4.57351446e-01 3.81213576e-01
    3.66270095e-01 4.32839245e-01 5.72645366e-01 6.80985928e-01
    6.38902426e-01 5.30719817e-01 5.00939071e-01 5.25268495e-01
    5.61346412e-01 6.13809407e-01 6.22718096e-01 5.69372892e-01
    5.17839134e-01 4.94929314e-01 4.82615143e-01 4.81145859e-01
    5.01831412e-01 5.16433060e-01 4.83256042e-01 4.22236711e-01
    3.80501747e-01 3.63966793e-01 3.75635356e-01 4.12717074e-01
    4.34851676e-01 4.30602670e-01 4.38421577e-01 4.72800881e-01
    5.05988121e-01 5.33952415e-01 5.41613460e-01 4.31682646e-01
    2.29362473e-01 3.60742569e-01 3.98477346e-01 4.08314049e-01
    4.62763816e-01 5.24071753e-01 5.40717125e-01 5.44155598e-01
    5.55357933e-01 5.21785438e-01 4.87610161e-01 5.41510701e-01
    6.05636895e-01 5.99544823e-01 5.75096428e-01 5.75184584e-01
    5.77796638e-01 5.55435061e-01 5.10777235e-01 4.61524189e-01
    4.48887169e-01 5.04021645e-01 5.54623485e-01 5.24236202e-01
    4.71321225e-01 4.63704765e-01 4.92362261e-01 5.23909509e-01
    5.18420458e-01 5.04763246e-01 5.17881155e-01 5.03382206e-01
    4.67902809e-01 4.59329963e-01 4.57019895e-01 4.49474096e-01
    4.36854184e-01 4.29766119e-01 4.50877905e-01 4.87741411e-01
    5.41543305e-01 5.96698344e-01 5.78906596e-01 5.18660963e-01
    5.14955103e-01 5.35168469e-01 5.29067993e-01 4.91650611e-01
    4.02302772e-01 3.23192477e-01 3.40449661e-01 4.15283918e-01
    4.38411266e-01 3.81876349e-01 3.51168752e-01 4.28134382e-01
    5.34009457e-01 5.51034033e-01 4.82234389e-01 4.16820079e-01
    3.80940378e-01 3.52222323e-01 3.88748735e-01 4.94051248e-01
    5.39103806e-01 4.91681546e-01 4.58424687e-01 4.77138817e-01
    4.98721570e-01 5.24458706e-01 5.17390609e-01 4.15355831e-01
    3.29684913e-01 3.84634644e-01 5.19599020e-01 6.10984087e-01
    6.14993274e-01 5.80545306e-01 5.63422382e-01 5.71605563e-01
    5.78136384e-01 5.69119751e-01 5.79916537e-01 6.01307869e-01
    5.78952312e-01 5.42457938e-01 5.33375323e-01 5.13828456e-01
    4.81754333e-01 5.07100403e-01 5.68395019e-01 5.58801115e-01
    5.01624048e-01 4.86739248e-01 4.80177045e-01 4.36195731e-01
    4.03318375e-01 4.30750340e-01 5.06711602e-01 5.65266073e-01
    5.39663911e-01 4.52969223e-01 3.89134765e-01 3.68314147e-01
    3.56292188e-01 3.40188861e-01 3.22378665e-01 3.32047343e-01
    3.97292376e-01 4.84667003e-01 5.60178697e-01 5.85344613e-01
    5.46218574e-01 5.46361625e-01 6.05202198e-01 5.98597765e-01
    5.29788315e-01 5.03964484e-01 5.32261133e-01 5.60275257e-01
    5.66510081e-01 6.04060829e-01 6.87938094e-01 6.93255544e-01
    5.88988185e-01 5.14432847e-01 4.78501648e-01 4.23536062e-01
    4.39678967e-01 5.41034758e-01 5.84672987e-01 5.10801673e-01
    3.85807365e-01 3.18178356e-01 3.85729969e-01 5.42486310e-01
    6.63434088e-01 6.54426634e-01 5.52117407e-01 5.06450295e-01
    5.30877054e-01 5.27918279e-01 5.23376048e-01 5.45214415e-01
    5.43134511e-01 5.48848808e-01 6.07269049e-01 6.61098957e-01
    6.77063882e-01 6.66494548e-01 6.25484288e-01 5.82920432e-01
    5.74502110e-01 5.78183115e-01 5.49158692e-01 5.17808080e-01
    5.34352481e-01 5.41577578e-01 5.00685692e-01 4.84916508e-01
    5.17617404e-01 5.17835677e-01 4.53066111e-01 4.08231556e-01
    4.30503547e-01 4.47412431e-01 4.23668563e-01 4.23330754e-01
    4.83535141e-01 5.34867942e-01 5.21521628e-01 4.98969287e-01
    5.01908064e-01 5.20453751e-01 5.62838852e-01 5.88502824e-01
    5.61761141e-01 5.31504989e-01 5.30671060e-01 5.22796571e-01
    4.71942693e-01 4.06040549e-01 3.78157347e-01 3.83741379e-01
    4.08725500e-01 4.62040573e-01 5.36708891e-01 6.26141012e-01
    6.73286200e-01 6.11628950e-01 5.04201174e-01 4.37149823e-01
    4.09346819e-01 4.18723375e-01 4.70051646e-01 4.98768121e-01
    4.49995577e-01 3.91253650e-01 3.87933433e-01 4.21915412e-01
    4.73327070e-01 4.92467731e-01 4.65743065e-01 4.73927081e-01
    4.93690789e-01 4.37650502e-01 3.66445065e-01 3.90766859e-01
    5.02216339e-01 5.85229337e-01 5.70549309e-01 5.31361461e-01
    5.33146799e-01 5.47804475e-01 5.62975645e-01 5.71778953e-01
    5.29080987e-01 4.41274524e-01 3.77662063e-01 3.60693783e-01
    3.66740316e-01 3.80896240e-01 3.88636291e-01 3.95987540e-01
    4.10009414e-01 4.46421474e-01 5.54897070e-01 6.59444571e-01
    6.10408127e-01 4.87472296e-01 4.39433753e-01 4.21898574e-01
    4.21590358e-01 4.91190791e-01 5.65883338e-01 5.93155503e-01
    6.08106077e-01 6.26008153e-01 6.25367284e-01 5.88526189e-01
    5.25901318e-01 4.65426385e-01 4.17828172e-01 3.93254459e-01
    3.89540374e-01 3.71810853e-01 3.63590032e-01 3.90721262e-01
    3.88973117e-01 3.54291469e-01 3.56720299e-01 4.00406033e-01
    4.62317646e-01 5.35472512e-01 5.52031755e-01 4.17275131e-01
    3.16385418e-01 4.73406821e-01 5.14185250e-01 4.91284907e-01
    4.61298198e-01 4.45937842e-01 4.65086669e-01 5.41985810e-01
    6.34994984e-01 6.27826273e-01 5.52075326e-01 5.42031407e-01
    5.73610187e-01 5.76760173e-01 5.54340720e-01 5.20784378e-01
    5.00663698e-01 4.92447823e-01 4.73252267e-01 4.40296292e-01
    4.25938398e-01 4.81816739e-01 5.58771312e-01 5.48404217e-01
    4.61007595e-01 3.95580500e-01 4.23842072e-01 5.00980258e-01
    5.15963137e-01 5.03337562e-01 5.51969409e-01 5.95883548e-01
    5.66756546e-01 5.00280678e-01 4.38685536e-01 4.07352626e-01
    4.09003466e-01 4.18268859e-01 4.18355286e-01 4.29610223e-01
    4.88629788e-01 5.74052274e-01 6.10089481e-01 5.95751405e-01
    5.87045729e-01 5.83623350e-01 5.76174855e-01 5.38283706e-01
    4.32310671e-01 3.49540889e-01 4.08250570e-01 5.37457764e-01
    5.73844492e-01 5.00123978e-01 4.41997290e-01 4.68980640e-01
    5.18035173e-01 4.98968750e-01 4.14997935e-01 3.67064774e-01
    3.80997986e-01 3.75495017e-01 3.78673464e-01 4.53951299e-01
    5.09082019e-01 4.72907484e-01 4.36775565e-01 4.66489315e-01
    5.12092531e-01 5.34280896e-01 4.95920777e-01 3.92433524e-01
    3.32234651e-01 3.91278535e-01 5.14200687e-01 5.92364848e-01
    5.82264543e-01 5.32539129e-01 5.04706144e-01 5.23475885e-01
    5.51003635e-01 5.47357023e-01 5.40838420e-01 5.39085865e-01
    5.10665953e-01 4.75975484e-01 4.67003942e-01 4.62614596e-01
    4.68362778e-01 5.28135896e-01 5.87073743e-01 5.53363860e-01
    4.75454628e-01 4.47026998e-01 4.50633794e-01 4.30013448e-01
    3.96268815e-01 4.08075422e-01 4.80237573e-01 5.24019182e-01
    4.62780774e-01 3.78373146e-01 3.81832182e-01 4.34169620e-01
    4.62639928e-01 4.60284442e-01 4.26760405e-01 4.02007937e-01
    4.43582326e-01 5.38083673e-01 6.18048429e-01 6.08825922e-01
    5.31206310e-01 5.04937828e-01 5.45269430e-01 5.47532856e-01
    5.04698515e-01 5.05984366e-01 5.43448687e-01 5.31213701e-01
    4.77430522e-01 5.05132496e-01 6.29858553e-01 6.63303971e-01
    5.59815347e-01 4.85269099e-01 4.43461955e-01 3.77774060e-01
    3.90623122e-01 4.89244193e-01 5.43399811e-01 5.05562007e-01
    4.14357573e-01 3.50996941e-01 3.75765890e-01 4.70632404e-01
    5.84621251e-01 6.13804698e-01 5.26886880e-01 4.63802278e-01
    4.82720554e-01 5.17333329e-01 5.41658759e-01 5.28436601e-01
    4.64652389e-01 4.34541404e-01 5.01764297e-01 6.12375081e-01
    6.93840444e-01 7.06148505e-01 6.31325424e-01 5.25375664e-01
    4.86540020e-01 5.16597211e-01 5.30576587e-01 5.19953668e-01
    5.25793672e-01 5.22896707e-01 5.11176646e-01 5.36570370e-01
    5.68816125e-01 5.27621865e-01 4.34530705e-01 4.11898136e-01
    4.55855161e-01 4.47333902e-01 3.94644737e-01 3.95006001e-01
    4.67795700e-01 5.30151606e-01 5.25586367e-01 5.14000297e-01
    5.32135963e-01 5.60376763e-01 5.97536147e-01 6.00899935e-01
    5.40389776e-01 4.72663581e-01 4.56681728e-01 4.86089587e-01
    4.93230969e-01 4.56499547e-01 4.27308559e-01 4.18829888e-01
    4.28247452e-01 4.68185842e-01 5.34849167e-01 6.20009601e-01
    6.58075929e-01 5.79930604e-01 4.53091681e-01 3.66021752e-01
    3.24220449e-01 3.49915057e-01 4.47404116e-01 5.11769652e-01
    4.62355942e-01 3.81982058e-01 3.80064428e-01 4.40804780e-01
    4.96707588e-01 5.02849340e-01 4.88137037e-01 5.16490698e-01
    5.21928012e-01 4.47094083e-01 4.00781423e-01 4.54064518e-01
    5.49809873e-01 6.00368977e-01 5.77159405e-01 5.52556813e-01
    5.66430271e-01 5.72159708e-01 5.72975218e-01 5.77557325e-01
    5.21657705e-01 4.18726861e-01 3.73396426e-01 3.81877422e-01
    3.64745021e-01 3.37732017e-01 3.56289119e-01 4.15966630e-01
    4.57347244e-01 4.68411207e-01 5.33053398e-01 6.10933542e-01
    5.61508894e-01 4.58193034e-01 4.23455089e-01 3.94451469e-01
    3.69102687e-01 4.31801349e-01 5.29720128e-01 5.80899000e-01
    6.05890036e-01 6.35551453e-01 6.54694915e-01 6.29256666e-01
    5.57010055e-01 4.88755882e-01 4.52519625e-01 4.27719653e-01
    3.93753588e-01 3.54237914e-01 3.61156344e-01 4.07725930e-01
    3.95372361e-01 3.35404754e-01 3.18229020e-01 3.58773738e-01
    4.49624151e-01 5.50709069e-01 5.46707332e-01 3.80407125e-01
    3.65385741e-01 5.44976950e-01 6.06115818e-01 6.03033841e-01
    5.52616119e-01 4.61805373e-01 4.15096939e-01 4.89221990e-01
    6.22022808e-01 6.57085657e-01 6.06511116e-01 5.90345502e-01
    5.93306005e-01 5.76016843e-01 5.41423976e-01 4.79929119e-01
    4.22216386e-01 4.08131957e-01 4.28069443e-01 4.45225447e-01
    4.61414963e-01 5.30424595e-01 6.28175974e-01 6.46204770e-01
    5.65327466e-01 4.78124380e-01 4.53425616e-01 4.62840497e-01
    4.53899473e-01 4.43640143e-01 4.79006976e-01 5.43929935e-01
    5.66552520e-01 5.16308367e-01 4.47308570e-01 4.29133177e-01
    4.59987104e-01 4.69259053e-01 4.29968357e-01 4.03691083e-01
    4.41670090e-01 5.26952624e-01 5.99663496e-01 6.29337013e-01
    6.41422033e-01 6.43817544e-01 6.14336431e-01 5.33848822e-01
    4.20866877e-01 3.77656668e-01 4.76600409e-01 6.06205165e-01
    6.17838025e-01 5.49526572e-01 5.04672766e-01 4.83684480e-01
    4.66895372e-01 4.51596409e-01 4.32331711e-01 4.39727813e-01
    4.71454740e-01 4.68854964e-01 4.54022229e-01 4.84189183e-01
    5.07879138e-01 4.73760337e-01 4.39719945e-01 4.45749730e-01
    4.64307547e-01 4.76113468e-01 4.53137010e-01 4.09443825e-01
    4.08432722e-01 4.44410473e-01 4.79285151e-01 4.99063462e-01
    4.94969547e-01 4.70108420e-01 4.59831476e-01 4.91898179e-01
    5.17183006e-01 4.99658525e-01 4.84245569e-01 4.82649326e-01
    4.54958647e-01 4.12280768e-01 4.05674040e-01 4.42203164e-01
    5.11057973e-01 6.01076245e-01 6.42869592e-01 5.83188176e-01
    4.78402019e-01 4.21259612e-01 4.25206780e-01 4.22733992e-01
    3.93364727e-01 4.12232280e-01 4.97363627e-01 5.28840125e-01
    4.38666612e-01 3.56403708e-01 4.03819293e-01 5.07827878e-01
    5.78719974e-01 6.05529010e-01 5.75237870e-01 5.38644493e-01
    5.61720192e-01 6.10098362e-01 6.25829399e-01 5.82241893e-01
    4.97473985e-01 4.50819910e-01 4.78038222e-01 5.00958800e-01
    4.77361023e-01 4.76731271e-01 5.10672152e-01 4.94472980e-01
    4.22130704e-01 4.14926112e-01 5.04828572e-01 5.37717521e-01
    4.69739765e-01 4.20152515e-01 4.00074512e-01 4.00795102e-01
    4.71118063e-01 5.33088028e-01 5.07088184e-01 4.59877133e-01
    4.32878494e-01 4.15065020e-01 4.08226550e-01 4.24610674e-01
    4.97972190e-01 5.61338782e-01 5.35041988e-01 4.93296385e-01
    4.96058792e-01 5.26683867e-01 5.41521251e-01 4.86422569e-01
    3.94268334e-01 3.71715516e-01 4.66669291e-01 6.13971353e-01
    7.12634385e-01 7.05348909e-01 5.93507707e-01 4.58435029e-01
    4.09836352e-01 4.49533075e-01 4.98316467e-01 5.21241128e-01
    5.17229855e-01 5.15423715e-01 5.55670321e-01 5.97161114e-01
    5.86160839e-01 5.17102838e-01 4.22882289e-01 3.95188868e-01
    4.39339787e-01 4.61746275e-01 4.51336563e-01 4.56357390e-01
    5.04609048e-01 5.63078225e-01 5.69534183e-01 5.54201305e-01
    5.65051913e-01 5.77451885e-01 5.83699107e-01 5.80519855e-01
    5.29760420e-01 4.46778387e-01 4.27057892e-01 4.94332194e-01
    5.27854919e-01 4.84627426e-01 4.68132913e-01 4.96045053e-01
    4.96071815e-01 4.82374936e-01 5.24849296e-01 5.98323107e-01
    5.88399947e-01 4.76168066e-01 3.75226080e-01 3.38186115e-01
    3.26088548e-01 3.60753626e-01 4.75791007e-01 5.77070057e-01
    5.54761648e-01 4.65063453e-01 4.38764244e-01 4.82168913e-01
    5.10690868e-01 4.94091630e-01 4.93111730e-01 5.37115276e-01
    5.29346228e-01 4.49759007e-01 4.31928992e-01 5.23187637e-01
    6.29611790e-01 6.47104859e-01 5.78076422e-01 5.25603235e-01
    5.27271152e-01 5.30129552e-01 5.31503737e-01 5.33594489e-01
    4.75992084e-01 3.96551043e-01 4.13918018e-01 4.83939558e-01
    4.67024118e-01 3.92025471e-01 3.74115348e-01 4.19229805e-01
    4.63511229e-01 4.89374220e-01 5.46822667e-01 6.05522990e-01
    5.75454295e-01 5.14972568e-01 4.98215050e-01 4.67234462e-01
    4.32310104e-01 4.66931343e-01 5.22101462e-01 5.27748108e-01
    5.08646727e-01 5.15516281e-01 5.68420708e-01 6.31579399e-01
    6.51927948e-01 6.39363527e-01 6.13143325e-01 5.42749703e-01
    4.30670589e-01 3.55090499e-01 3.79582822e-01 4.45517749e-01
    4.54950988e-01 4.28000152e-01 4.20282483e-01 4.37163085e-01
    4.94570881e-01 5.70373714e-01 5.58579803e-01 3.95034313e-01
    3.43582302e-01 5.14662504e-01 5.91314912e-01 6.30784631e-01
    6.30646527e-01 5.41969240e-01 4.44987416e-01 4.64422792e-01
    5.60203612e-01 5.95778823e-01 5.76830149e-01 5.69490790e-01
    5.51271737e-01 5.34875929e-01 5.34256399e-01 4.82872874e-01
    3.81513417e-01 3.23627532e-01 3.45014811e-01 4.02291715e-01
    4.76396322e-01 5.72990060e-01 6.55537188e-01 6.86356723e-01
    6.77753448e-01 6.42892480e-01 5.72975039e-01 5.00125647e-01
    4.69283283e-01 4.46423650e-01 4.23469037e-01 4.62602794e-01
    5.28822839e-01 5.24293542e-01 4.58219677e-01 4.34414238e-01
    4.87858593e-01 5.21839797e-01 4.81206179e-01 4.41753298e-01
    4.64071125e-01 5.25480032e-01 5.77096522e-01 5.97504675e-01
    6.31237149e-01 6.83782756e-01 6.61467314e-01 5.43509722e-01
    4.26918924e-01 4.06012505e-01 4.98663902e-01 5.91630697e-01
    5.72170198e-01 5.21148920e-01 5.20142257e-01 5.00694931e-01
    4.61978406e-01 4.71157253e-01 5.17811656e-01 5.63552797e-01
    5.77904761e-01 5.53400695e-01 5.21024287e-01 5.02023995e-01
    4.86067206e-01 4.66540545e-01 4.60717469e-01 4.65498507e-01
    4.65880781e-01 4.70873594e-01 4.75674480e-01 4.92764831e-01
    5.27024388e-01 5.06107032e-01 4.28395122e-01 4.02487546e-01
    4.35341001e-01 4.39493924e-01 4.30728346e-01 4.60168809e-01
    4.79516000e-01 4.64389920e-01 4.68975335e-01 4.88579929e-01
    4.59479123e-01 3.97818267e-01 3.86640012e-01 4.52146292e-01
    5.53531766e-01 6.30662441e-01 6.36338770e-01 5.70347309e-01
    4.77726847e-01 4.16402549e-01 3.94216627e-01 3.70993882e-01
    3.69628668e-01 4.48279887e-01 5.52043438e-01 5.57461917e-01
    4.54255372e-01 3.81418258e-01 4.34668005e-01 5.33828557e-01
    6.01705611e-01 6.50094092e-01 6.64630711e-01 6.57341659e-01
    6.54639184e-01 6.13119781e-01 5.37151337e-01 4.78836864e-01
    4.32983696e-01 4.14645433e-01 4.53535110e-01 4.90114957e-01
    4.72971708e-01 4.44082707e-01 4.46766108e-01 4.68109906e-01
    4.65196997e-01 4.37945515e-01 4.30136979e-01 4.23401684e-01
    3.91342223e-01 3.71040553e-01 3.83412153e-01 4.52648938e-01
    5.68475842e-01 6.05716527e-01 5.25885820e-01 4.61282372e-01
    4.63246554e-01 4.66931999e-01 4.36224818e-01 3.99971306e-01
    4.41895038e-01 5.37404418e-01 5.77191710e-01 5.61528683e-01
    5.31207681e-01 5.26679814e-01 5.49919486e-01 5.17695844e-01
    4.23529804e-01 3.81170571e-01 4.61086601e-01 5.98545134e-01
    6.65732384e-01 5.99871993e-01 4.68369305e-01 3.96906614e-01
    4.13243353e-01 4.43543226e-01 4.71808314e-01 5.21497190e-01
    5.37638724e-01 5.16357601e-01 5.30518651e-01 5.54302573e-01
    5.39317906e-01 4.95628655e-01 4.37412530e-01 4.14511561e-01
    4.53826994e-01 5.10276079e-01 5.39891183e-01 5.39988518e-01
    5.63210428e-01 6.19102597e-01 6.34396255e-01 6.11343086e-01
    5.92808247e-01 5.51279664e-01 5.03059566e-01 4.95338678e-01
    4.72639382e-01 4.04509336e-01 4.06481951e-01 5.10071874e-01
    5.49724221e-01 4.78718817e-01 4.52424735e-01 5.02120316e-01
    5.22768497e-01 5.24932981e-01 5.77948570e-01 6.24741554e-01
    5.70161283e-01 4.60286915e-01 4.07426745e-01 4.16994661e-01
    4.14561808e-01 4.08407837e-01 4.86322999e-01 6.09959662e-01
    6.39240086e-01 5.72754502e-01 5.14589787e-01 4.93455440e-01
    4.70814496e-01 4.37589437e-01 4.51044381e-01 5.24910927e-01
    5.40218174e-01 4.59071606e-01 4.31906492e-01 5.41300893e-01
    6.77376509e-01 6.97699487e-01 6.11210167e-01 5.36873400e-01
    5.11909127e-01 4.89075959e-01 4.72928345e-01 4.79088187e-01
    4.56320852e-01 4.16543096e-01 4.51892108e-01 5.29990315e-01
    5.17962575e-01 4.36664671e-01 3.99493814e-01 4.12883371e-01
    4.47246283e-01 4.90028679e-01 5.40991426e-01 5.99921525e-01
    6.28664434e-01 6.29062355e-01 6.21358752e-01 5.79760551e-01
    5.30548453e-01 5.10199666e-01 4.86706942e-01 4.50435042e-01
    4.22240496e-01 4.29176778e-01 5.01898348e-01 6.08959198e-01
    6.79906130e-01 6.96984470e-01 6.73020363e-01 5.94089806e-01
    4.82624859e-01 4.27918434e-01 4.58082050e-01 4.97154295e-01
    5.08447528e-01 5.28654158e-01 5.51685214e-01 5.43432236e-01
    5.39226055e-01 5.77260196e-01 5.71219563e-01 4.15429622e-01
    3.06922585e-01 4.69468534e-01 5.49815655e-01 5.92982709e-01
    6.22729838e-01 5.87087929e-01 5.11447430e-01 4.90981907e-01
    5.25424719e-01 5.46123862e-01 5.39615631e-01 5.09332240e-01
    4.67272282e-01 4.90797102e-01 5.63689709e-01 5.44343948e-01
    4.17610228e-01 3.17559987e-01 3.18011522e-01 3.77823681e-01
    4.55254674e-01 5.30946553e-01 5.77216983e-01 6.16872013e-01
    6.77013040e-01 6.99297845e-01 6.45196974e-01 5.86866260e-01
    5.66639185e-01 5.20999432e-01 4.55491006e-01 4.54580069e-01
    5.11837184e-01 5.34260809e-01 4.74558324e-01 4.24916446e-01
    4.71605182e-01 5.27978778e-01 5.05084395e-01 4.74506319e-01
    5.02064049e-01 5.33740819e-01 5.35441875e-01 5.44589877e-01
    6.15023196e-01 7.21163452e-01 7.31152356e-01 6.14641190e-01
    4.92118090e-01 4.63023573e-01 5.31771541e-01 5.89019775e-01
    5.45522094e-01 5.04799783e-01 5.41346788e-01 5.46821713e-01
    5.11240721e-01 5.30248702e-01 5.89740515e-01 6.29498124e-01
    6.23581350e-01 5.81849158e-01 5.25180995e-01 4.61670607e-01
    4.20380414e-01 4.22399491e-01 4.53671277e-01 4.88858789e-01
    5.14162838e-01 5.36061823e-01 5.58215976e-01 5.89697957e-01
    6.09837711e-01 5.36266744e-01 3.94202441e-01 3.44439000e-01
    3.93701255e-01 4.07506615e-01 3.93072695e-01 4.12589937e-01
    4.21512812e-01 4.16562468e-01 4.63046581e-01 5.10207772e-01
    4.71636474e-01 4.18748021e-01 4.38403994e-01 5.03266990e-01
    5.72106600e-01 6.00213349e-01 5.57846427e-01 4.93768841e-01
    4.55729932e-01 4.34699237e-01 4.05086786e-01 3.76592934e-01
    4.08664554e-01 5.06865978e-01 5.71260691e-01 5.34212768e-01
    4.61779445e-01 4.60939318e-01 5.31273782e-01 5.79976678e-01
    5.88662744e-01 6.20286822e-01 6.72239780e-01 7.01389253e-01
    6.81594789e-01 5.85347712e-01 4.62081194e-01 4.02923793e-01
    4.04219985e-01 4.30040091e-01 4.70892549e-01 4.94959086e-01
    4.79112178e-01 4.39060956e-01 4.23332989e-01 4.78973895e-01
    5.39270461e-01 5.04962146e-01 4.39214438e-01 4.20338541e-01
    4.09584641e-01 3.96021217e-01 4.17755663e-01 4.90349680e-01
    5.75213075e-01 5.92930377e-01 5.45237660e-01 5.15442371e-01
    5.12843668e-01 5.04106104e-01 4.78058994e-01 4.31330115e-01
    4.42870200e-01 5.38257837e-01 5.98893464e-01 5.69697082e-01
    5.01854837e-01 4.92084116e-01 5.67938983e-01 5.99757552e-01
    5.17832339e-01 4.27279711e-01 4.32041794e-01 5.17847657e-01
    5.65723836e-01 4.80984718e-01 3.61439288e-01 3.79056096e-01
    4.88931179e-01 5.18740654e-01 4.85472322e-01 5.09181976e-01
    5.39065123e-01 4.84261066e-01 4.20157552e-01 4.29068387e-01
    4.67946053e-01 4.80754197e-01 4.70707864e-01 4.64548111e-01
    4.80252892e-01 5.19247830e-01 5.53195536e-01 5.58502316e-01
    5.79120874e-01 6.38037086e-01 6.75224543e-01 6.65750325e-01
    6.21894598e-01 5.41629851e-01 4.63459760e-01 4.26652104e-01
    3.90801311e-01 3.37059557e-01 3.60961020e-01 4.83896822e-01
    5.52880466e-01 5.17605662e-01 4.98672634e-01 5.20880997e-01
    5.40967882e-01 5.96121907e-01 6.75199091e-01 6.74760520e-01
    5.80896974e-01 5.04269421e-01 5.05396783e-01 5.41936755e-01
    5.44482291e-01 5.03329694e-01 5.19764304e-01 6.13159537e-01
    6.48970783e-01 5.84217012e-01 4.90467846e-01 4.21969980e-01
    3.91741872e-01 3.74677092e-01 3.88179541e-01 4.71942633e-01
    5.31149924e-01 4.80316222e-01 4.43306208e-01 5.29625535e-01
    6.42532885e-01 6.55731499e-01 5.98198235e-01 5.66846609e-01
    5.55799842e-01 5.11271179e-01 4.70712870e-01 4.80328619e-01
    4.86747175e-01 4.52921420e-01 4.45441961e-01 4.95757192e-01
    5.06741583e-01 4.47489142e-01 4.07963812e-01 4.15631980e-01
    4.53071326e-01 4.85099524e-01 4.88215387e-01 5.25991380e-01
    6.04308009e-01 6.48575008e-01 6.46933258e-01 6.26259863e-01
    5.91349602e-01 5.23632705e-01 4.45912033e-01 4.23246771e-01
    4.44638610e-01 4.69665468e-01 5.11192620e-01 5.67273915e-01
    6.02483690e-01 5.98743081e-01 5.72838426e-01 5.39093316e-01
    5.04448473e-01 5.03869355e-01 5.39711535e-01 5.55618167e-01
    5.46906173e-01 5.62399447e-01 5.97310781e-01 6.01439536e-01
    5.77272654e-01 5.65263689e-01 5.15997767e-01 3.53979230e-01
    3.30951691e-01 4.91116911e-01 5.53970098e-01 5.64106464e-01
    5.69923997e-01 5.64933121e-01 5.39064884e-01 5.22427738e-01
    5.35726368e-01 5.60592771e-01 5.66348672e-01 5.22571266e-01
    4.72161591e-01 5.16373277e-01 6.16675436e-01 6.25795603e-01
    5.25629222e-01 4.31249142e-01 4.20543164e-01 4.54795480e-01
    4.74442810e-01 4.72954214e-01 4.69749451e-01 5.10261655e-01
    5.82174897e-01 6.06032312e-01 5.96383154e-01 6.13547623e-01
    6.09811902e-01 5.42221606e-01 4.73175049e-01 4.44618315e-01
    4.63588625e-01 5.14423549e-01 5.13778508e-01 4.57566500e-01
    4.45876390e-01 4.72723395e-01 4.51938748e-01 4.28957671e-01
    4.68868077e-01 4.85685080e-01 4.56852108e-01 4.89130735e-01
    6.07101202e-01 7.25264132e-01 7.51896203e-01 6.71060383e-01
    5.57960093e-01 5.14521956e-01 5.63597679e-01 5.98622262e-01
    5.47592640e-01 5.15414715e-01 5.60302734e-01 5.69227815e-01
    5.35953820e-01 5.59720159e-01 6.14307046e-01 6.33699834e-01
    6.06237233e-01 5.49818933e-01 4.86240864e-01 4.21398669e-01
    3.89708787e-01 4.09835756e-01 4.43843305e-01 4.80130583e-01
    5.29992104e-01 5.73445797e-01 5.98044157e-01 6.16987050e-01
    6.08205974e-01 5.12034595e-01 3.67816359e-01 3.13754350e-01
    3.54232788e-01 3.81116927e-01 3.89366180e-01 4.15347844e-01
    4.21699077e-01 4.20386732e-01 4.75626588e-01 5.08381844e-01
    4.54511434e-01 4.52277839e-01 5.39835930e-01 5.88448763e-01
    5.84064782e-01 5.65381587e-01 5.17559290e-01 4.74698126e-01
    4.73380834e-01 4.85252678e-01 4.82998729e-01 4.76756543e-01
    4.89781559e-01 5.18411636e-01 5.23921609e-01 4.90095794e-01
    4.84054238e-01 5.49121559e-01 6.02279961e-01 5.91518164e-01
    5.73992908e-01 5.93569756e-01 6.35799289e-01 6.64737523e-01
    6.47052228e-01 5.61225593e-01 4.49414968e-01 4.16031182e-01
    4.74430144e-01 5.17474651e-01 4.93314326e-01 4.52454954e-01
    4.35599685e-01 4.36236143e-01 4.57119316e-01 5.24624050e-01
    5.85253775e-01 5.52515507e-01 4.89687681e-01 4.66232866e-01
    4.41538334e-01 4.29105431e-01 4.66364801e-01 5.15200615e-01
    5.33970892e-01 5.26855350e-01 5.26801169e-01 5.45123935e-01
    5.38810730e-01 5.17667830e-01 5.19449770e-01 5.06395757e-01
    5.12085438e-01 5.87785006e-01 6.30200207e-01 5.60947001e-01
    4.70118731e-01 4.83181268e-01 5.78177571e-01 6.14098012e-01
    5.48217237e-01 4.54008043e-01 3.98370415e-01 4.26704168e-01
    4.96332139e-01 4.81069237e-01 4.04607445e-01 4.42399234e-01
    5.78385413e-01 6.12647057e-01 5.42836666e-01 5.29491544e-01
    5.53787589e-01 4.86210853e-01 3.84367734e-01 3.84863526e-01
    4.51944649e-01 4.94074911e-01 4.98327225e-01 4.69853252e-01
    4.36288863e-01 4.51359332e-01 5.13243198e-01 5.58587313e-01
    5.72733581e-01 5.96212506e-01 6.31095886e-01 6.46065891e-01
    6.22550964e-01 5.73030353e-01 5.14694810e-01 4.53642875e-01
    3.95109355e-01 3.48668605e-01 3.69631201e-01 4.72948641e-01
    5.56462407e-01 5.78829646e-01 5.93950689e-01 6.00686431e-01
    6.10262632e-01 6.78274930e-01 7.39555359e-01 6.67597353e-01
    5.19986391e-01 4.73528385e-01 5.43572485e-01 6.17048681e-01
    6.31074786e-01 5.89943051e-01 5.69748998e-01 6.05958521e-01
    6.06319726e-01 5.22858739e-01 4.18582231e-01 3.57444167e-01
    3.52193922e-01 3.64197850e-01 3.77041698e-01 4.31665272e-01
    4.98866022e-01 5.08021176e-01 5.08833110e-01 5.64698577e-01
    6.15534484e-01 5.96795321e-01 5.53598940e-01 5.51608145e-01
    5.54436684e-01 5.05712986e-01 4.58829403e-01 4.66102153e-01
    4.77194935e-01 4.59069580e-01 4.62764174e-01 5.10336041e-01
    5.15054524e-01 4.53785986e-01 4.20851201e-01 4.34194595e-01
    4.68536198e-01 4.88505512e-01 4.50258315e-01 4.40641910e-01
    5.17857850e-01 5.77693462e-01 5.81762314e-01 5.93300581e-01
    5.95577180e-01 5.35736263e-01 4.73241866e-01 4.86102939e-01
    5.29375613e-01 5.38021684e-01 5.25828838e-01 5.19954383e-01
    5.17184377e-01 4.95033115e-01 4.61989611e-01 4.62803185e-01
    4.91159528e-01 5.15338004e-01 5.43863893e-01 5.77134192e-01
    5.91750622e-01 5.88282943e-01 5.98426878e-01 6.17067993e-01
    5.93597174e-01 5.20982683e-01 4.11982805e-01 2.57949799e-01
    3.86431247e-01 5.15068352e-01 5.44054031e-01 5.47224402e-01
    5.37040472e-01 5.25252640e-01 5.21400154e-01 5.30081332e-01
    5.61988473e-01 5.92789054e-01 5.93314052e-01 5.60992539e-01
    5.36959648e-01 5.69131851e-01 6.35196090e-01 6.57204151e-01
    5.99383175e-01 5.33871770e-01 5.28032780e-01 5.33551335e-01
    5.00814021e-01 4.47480202e-01 4.15419400e-01 4.49145168e-01
    5.04512489e-01 5.15016019e-01 5.40640593e-01 5.97425699e-01
    5.75231671e-01 4.80426580e-01 4.13088053e-01 3.68144512e-01
    3.58775586e-01 4.46360260e-01 5.35744011e-01 4.96951997e-01
    4.06300277e-01 3.72992277e-01 3.57201785e-01 3.63921851e-01
    4.31456208e-01 4.59597409e-01 4.34255451e-01 4.84957397e-01
    5.99517047e-01 6.75446868e-01 7.01005936e-01 6.83739185e-01
    6.21281028e-01 5.71276009e-01 5.82936466e-01 5.98947585e-01
    5.68458140e-01 5.55297077e-01 5.77219903e-01 5.51705122e-01
    5.05692184e-01 5.26976943e-01 5.79790711e-01 5.97321093e-01
    5.57351768e-01 4.76356566e-01 4.11734611e-01 3.98901433e-01
    4.36861634e-01 4.82488185e-01 4.85057294e-01 4.86748070e-01
    5.39365828e-01 5.95400751e-01 6.09447777e-01 5.92727244e-01
    5.46958387e-01 4.49451417e-01 3.36174995e-01 2.98296124e-01
    3.45790356e-01 4.21107471e-01 4.81562197e-01 5.04941165e-01
    4.95785087e-01 4.95393455e-01 5.19262254e-01 4.96404767e-01
    4.43603158e-01 4.86338615e-01 5.79204261e-01 5.86935341e-01
    5.39663255e-01 5.14444888e-01 5.05770802e-01 5.00857234e-01
    5.03780782e-01 5.23244560e-01 5.55958748e-01 5.60945213e-01
    5.18389106e-01 4.80234176e-01 4.80779916e-01 4.87674505e-01
    5.14248788e-01 5.62973976e-01 5.53748786e-01 5.16444325e-01
    5.30578434e-01 5.58369517e-01 5.64784408e-01 5.59995234e-01
    5.43170154e-01 4.88846123e-01 4.14561242e-01 4.41045076e-01
    5.74572086e-01 6.17409348e-01 5.04086912e-01 3.95276099e-01
    3.89821678e-01 4.41898614e-01 4.96375293e-01 5.55193305e-01
    6.03453219e-01 5.89716792e-01 5.37142575e-01 4.85660821e-01
    4.33129847e-01 4.21081394e-01 4.68232036e-01 5.03967822e-01
    4.99885470e-01 5.02831221e-01 5.21705508e-01 5.30079842e-01
    5.12500763e-01 4.99422789e-01 5.29460311e-01 5.67500710e-01
    5.97142577e-01 6.48563385e-01 6.73541129e-01 6.02118671e-01
    5.08579612e-01 5.06832421e-01 5.49981415e-01 5.39205790e-01
    4.91187334e-01 4.45156693e-01 3.91045451e-01 3.82070780e-01
    4.69234467e-01 5.40303767e-01 5.13817966e-01 5.20206451e-01
    6.04060709e-01 6.08859599e-01 5.33830941e-01 5.19658029e-01
    5.35573363e-01 4.88762975e-01 4.39188421e-01 4.52135950e-01
    4.73040223e-01 4.70179945e-01 4.55120534e-01 4.14879501e-01
    3.82443756e-01 4.19588089e-01 5.15654385e-01 5.90489984e-01
    5.91972530e-01 5.57087362e-01 5.49575031e-01 5.77715337e-01
    6.01238251e-01 5.96127093e-01 5.68543494e-01 5.34730911e-01
    5.01650155e-01 4.70428735e-01 4.80975419e-01 5.39250493e-01
    5.70513964e-01 5.62723219e-01 5.72570562e-01 6.08665764e-01
    6.59387410e-01 7.18666852e-01 7.20241785e-01 5.92348993e-01
    4.29973483e-01 4.11893368e-01 5.23974299e-01 6.05614841e-01
    5.98664105e-01 5.67328572e-01 5.66036701e-01 5.83420515e-01
    5.70749104e-01 4.99765038e-01 4.08277571e-01 3.53057474e-01
    3.52216840e-01 3.85953099e-01 4.19313103e-01 4.58291620e-01
    5.19623518e-01 5.73764861e-01 6.04906380e-01 6.27148747e-01
    6.29034877e-01 5.87813258e-01 5.23576081e-01 4.85196739e-01
    4.61331397e-01 4.08691049e-01 3.78220141e-01 4.12504256e-01
    4.45348054e-01 4.61854339e-01 5.17101526e-01 5.66854000e-01
    5.20017982e-01 4.45335537e-01 4.37081933e-01 4.35997754e-01
    4.37304109e-01 4.71576333e-01 4.64834601e-01 4.43339825e-01
    4.97941673e-01 5.68084896e-01 5.82081020e-01 5.75738966e-01
    5.64056933e-01 5.42474687e-01 5.41218460e-01 5.56180716e-01
    5.51172078e-01 5.17135382e-01 4.71838415e-01 4.35760766e-01
    4.27770138e-01 4.33212996e-01 4.30091769e-01 4.56481546e-01
    5.10039330e-01 5.19938469e-01 5.01041353e-01 5.40522993e-01
    6.18567109e-01 6.34354830e-01 6.06122553e-01 5.97391307e-01
    5.62218428e-01 4.72128510e-01 3.55624169e-01 2.13222861e-01
    3.77841711e-01 4.64127094e-01 4.81632024e-01 5.14630318e-01
    5.22228062e-01 5.05285203e-01 5.08435428e-01 5.43671727e-01
    5.97260714e-01 6.12885356e-01 5.67958713e-01 5.20144105e-01
    5.18979669e-01 5.51537514e-01 6.00121558e-01 6.20668888e-01
    5.64736724e-01 5.14069498e-01 5.30021608e-01 5.33472538e-01
    4.89919305e-01 4.43997175e-01 4.36317414e-01 4.81261581e-01
    5.27019203e-01 5.38714290e-01 5.75338721e-01 6.19762421e-01
    5.59760690e-01 4.28062081e-01 3.40058267e-01 2.91823834e-01
    2.89543271e-01 3.91147196e-01 5.00588655e-01 4.70237583e-01
    3.67004991e-01 3.16758782e-01 3.05953056e-01 3.39936972e-01
    4.26568925e-01 4.67930079e-01 4.67725009e-01 5.27765512e-01
    6.09198987e-01 6.33747756e-01 6.36480153e-01 6.48041964e-01
    6.38069749e-01 6.09745324e-01 6.00764871e-01 6.00702524e-01
    5.91712475e-01 5.97855508e-01 5.95228553e-01 5.40842891e-01
    4.86292511e-01 4.81200635e-01 4.97342110e-01 5.07082343e-01
    4.74977344e-01 3.83155793e-01 3.15183401e-01 3.59391958e-01
    4.78120178e-01 5.51881194e-01 5.37322462e-01 5.23574889e-01
    5.73765159e-01 6.33056521e-01 6.30891979e-01 5.67446172e-01
    4.96400207e-01 4.26549584e-01 3.46011192e-01 3.04611206e-01
    3.53009135e-01 4.79493231e-01 5.82965970e-01 5.83822429e-01
    5.47382116e-01 5.48488915e-01 5.40233672e-01 4.79633093e-01
    4.56445038e-01 5.16522586e-01 5.47376752e-01 4.95899022e-01
    4.46067452e-01 4.43776369e-01 4.57145125e-01 4.67269599e-01
    4.80393857e-01 5.15999913e-01 5.68540752e-01 5.73539257e-01
    5.04994154e-01 4.47616249e-01 4.62605417e-01 4.94706929e-01
    5.11422813e-01 5.11070311e-01 4.70262796e-01 4.52887565e-01
    4.90046203e-01 4.99326617e-01 4.59652066e-01 4.18174118e-01
    4.06137764e-01 3.87276113e-01 3.55915219e-01 4.33793187e-01
    5.99436224e-01 6.24627054e-01 4.79744464e-01 3.79974395e-01
    4.12508070e-01 4.77291018e-01 5.14984310e-01 5.54396689e-01
    5.91677547e-01 5.92857897e-01 5.61237216e-01 4.99284595e-01
    4.19070214e-01 3.76120239e-01 3.99045199e-01 4.42265689e-01
    4.74045277e-01 5.13322771e-01 5.25749326e-01 4.82960373e-01
    4.53955173e-01 4.82100785e-01 5.38858771e-01 5.96335471e-01
    6.30089819e-01 6.42193317e-01 6.49835765e-01 6.12757206e-01
    5.34524143e-01 4.94184077e-01 4.84700084e-01 4.53862548e-01
    4.27994639e-01 4.22458559e-01 3.90817761e-01 3.66616845e-01
    4.29497480e-01 5.14649630e-01 5.34572005e-01 5.54240227e-01
    5.84215343e-01 5.28195918e-01 4.49859411e-01 4.48312938e-01
    4.44391012e-01 4.12838280e-01 4.48341340e-01 5.16497910e-01
    4.96799767e-01 4.14906979e-01 3.67147624e-01 3.61582488e-01
    3.96174788e-01 4.83607113e-01 5.82411647e-01 6.34062648e-01
    6.15029514e-01 5.57085991e-01 5.27607322e-01 5.54373384e-01
    5.88030100e-01 5.83411276e-01 5.73371053e-01 5.86274683e-01
    5.92698276e-01 5.90782523e-01 6.09903991e-01 6.18204832e-01
    5.66572785e-01 4.92682129e-01 4.74224269e-01 5.36254406e-01
    6.21539950e-01 6.49964929e-01 5.98144412e-01 4.90342408e-01
    4.03372496e-01 4.17397439e-01 4.97555554e-01 5.35075843e-01
    4.98756021e-01 4.71499443e-01 5.03650427e-01 5.50129950e-01
    5.75282514e-01 5.55133343e-01 4.71993268e-01 3.77979666e-01
    3.53574306e-01 4.06287134e-01 4.73345697e-01 5.33647716e-01
    6.02064490e-01 6.47606730e-01 6.45907402e-01 6.18047416e-01
    5.81550181e-01 5.30169666e-01 4.63398427e-01 4.11523044e-01
    3.69661093e-01 3.16240519e-01 3.25080633e-01 4.17321742e-01
    4.73867238e-01 4.74879891e-01 5.17466009e-01 5.60912848e-01
    5.00660241e-01 4.32244211e-01 4.32261914e-01 3.99886668e-01
    3.70406002e-01 4.36267316e-01 5.08285463e-01 5.24050474e-01
    5.49786806e-01 6.01920366e-01 6.22763813e-01 5.94171464e-01
    5.52330256e-01 5.45407474e-01 5.57740092e-01 5.39765060e-01
    5.07340968e-01 4.66457397e-01 4.06579167e-01 3.62656474e-01
    3.65511388e-01 4.06878918e-01 4.56981927e-01 5.10996401e-01
    5.57773352e-01 5.39583027e-01 4.79727477e-01 5.07884979e-01
    6.10205114e-01 6.27003372e-01 5.62436402e-01 5.27925014e-01
    5.08727014e-01 4.55801040e-01 3.60768288e-01 2.19041497e-01
    3.25493187e-01 3.94839048e-01 4.17259157e-01 4.59810883e-01
    4.91896182e-01 5.05460560e-01 5.31787753e-01 5.89200377e-01
    6.45536363e-01 6.24496281e-01 5.26408851e-01 4.49489355e-01
    4.48811948e-01 4.97624129e-01 5.66212833e-01 5.85000455e-01
    5.11479437e-01 4.61530626e-01 4.95393127e-01 5.20886719e-01
    4.91199851e-01 4.48824704e-01 4.52230453e-01 5.05150437e-01
    5.54464042e-01 5.74956357e-01 6.04379594e-01 6.40718937e-01
    5.87643087e-01 4.38684523e-01 3.22728038e-01 2.98032969e-01
    3.38053554e-01 4.12690699e-01 4.50723588e-01 4.18328196e-01
    3.86320233e-01 3.67120653e-01 3.23078513e-01 3.22845727e-01
    3.99701715e-01 4.63498652e-01 4.92057174e-01 5.43372273e-01
    6.03359342e-01 6.09114230e-01 5.65221608e-01 5.30000091e-01
    5.21651268e-01 5.23779154e-01 5.35408378e-01 5.48669159e-01
    5.57653546e-01 5.76296031e-01 5.82661510e-01 5.57022512e-01
    5.26679099e-01 4.89929974e-01 4.46426690e-01 4.32925373e-01
    4.17980760e-01 3.46559823e-01 2.86245972e-01 3.35257143e-01
    4.59390193e-01 5.36324918e-01 5.24103343e-01 5.11567593e-01
    5.64096391e-01 6.36236370e-01 6.42432272e-01 5.67370176e-01
    5.04994869e-01 4.89037275e-01 4.45522219e-01 3.75416696e-01
    3.78974497e-01 4.92673516e-01 5.97550869e-01 5.97340822e-01
    5.63135743e-01 5.59217036e-01 5.33438504e-01 4.79552954e-01
    4.87055451e-01 5.40066540e-01 5.16754568e-01 4.18814808e-01
    3.71690214e-01 4.04151648e-01 4.22145784e-01 4.09431010e-01
    4.36785936e-01 5.08200645e-01 5.54234624e-01 5.26409090e-01
    4.51917440e-01 4.06601995e-01 4.26494747e-01 4.63610858e-01
    4.70760584e-01 4.51951265e-01 4.39929336e-01 4.69644696e-01
    5.01392186e-01 4.72701162e-01 3.95629466e-01 3.30860496e-01
    3.27210397e-01 3.44208390e-01 3.62204641e-01 4.59229946e-01
    5.78672945e-01 5.56027830e-01 4.29832697e-01 3.85385513e-01
    4.45996642e-01 4.87244964e-01 4.93490040e-01 5.23113906e-01
    5.42387247e-01 5.42537272e-01 5.52739143e-01 5.12172222e-01
    4.04762119e-01 3.22560996e-01 3.20503831e-01 3.75018090e-01
    4.43446219e-01 5.04421771e-01 5.12715995e-01 4.52859372e-01
    4.35954720e-01 5.06655514e-01 5.73350728e-01 6.08264267e-01
    6.20849907e-01 5.96090317e-01 5.65782189e-01 5.46822667e-01
    5.11997819e-01 4.70805883e-01 4.34276491e-01 4.00144964e-01
    3.94613117e-01 4.00556773e-01 3.75007421e-01 3.61677349e-01
    4.05094713e-01 4.57160503e-01 4.97409046e-01 5.56859791e-01
    5.77256143e-01 5.02275050e-01 4.33331311e-01 4.26173002e-01
    3.92180055e-01 3.52671325e-01 4.20859337e-01 5.38198709e-01
    5.43548942e-01 4.42119330e-01 3.66122752e-01 3.64721775e-01
    4.31226134e-01 5.51440835e-01 6.50147319e-01 6.61616266e-01
    6.12213194e-01 5.68616211e-01 5.53550482e-01 5.50005853e-01
    5.43188810e-01 5.42231381e-01 5.62307060e-01 5.80433846e-01
    5.85155964e-01 6.04384720e-01 6.24526441e-01 5.94405413e-01
    5.21469057e-01 4.69425678e-01 4.79880393e-01 5.47671974e-01
    5.99837422e-01 5.70291281e-01 5.01061261e-01 4.57564652e-01
    4.62212890e-01 4.91267592e-01 4.99662071e-01 4.86870438e-01
    4.60559666e-01 4.32913393e-01 4.45989490e-01 5.01244783e-01
    5.70455194e-01 6.10979974e-01 5.53728580e-01 4.25313830e-01
    3.64352405e-01 4.23628658e-01 5.19391179e-01 5.93290210e-01
    6.30494833e-01 6.15344822e-01 5.78770578e-01 5.35168648e-01
    4.70070153e-01 4.12651300e-01 3.89287531e-01 3.86585593e-01
    3.57729942e-01 3.11979443e-01 3.52090180e-01 4.61999774e-01
    5.04820466e-01 4.66275960e-01 4.61290032e-01 5.10422766e-01
    5.03154159e-01 4.53996092e-01 4.25431937e-01 3.69641632e-01
    3.40580106e-01 4.15970743e-01 5.16739428e-01 5.52996635e-01
    5.37087202e-01 5.32747805e-01 5.56126833e-01 5.72733581e-01
    5.69960892e-01 5.60968816e-01 5.23664296e-01 4.70371693e-01
    4.65276629e-01 4.57032502e-01 4.03051078e-01 3.76287401e-01
    3.87980312e-01 4.23086613e-01 4.83556956e-01 5.29829085e-01
    5.44885278e-01 5.35098493e-01 5.23107350e-01 5.62231958e-01
    6.11998737e-01 5.68165004e-01 4.70128685e-01 4.30154055e-01
    4.43373859e-01 4.33263838e-01 3.56339961e-01 2.22046673e-01
    3.24175388e-01 3.95758390e-01 4.01437253e-01 4.22849149e-01
    4.67727512e-01 5.09994090e-01 5.56688845e-01 6.31678104e-01
    6.81116104e-01 6.23130500e-01 4.98469442e-01 4.21498746e-01
    4.30362165e-01 4.88416702e-01 5.59483051e-01 5.82966387e-01
    5.31103790e-01 4.97109592e-01 5.30216515e-01 5.55007756e-01
    5.14284015e-01 4.43243891e-01 4.16866601e-01 4.56667989e-01
    5.22370160e-01 5.59459507e-01 5.74788511e-01 6.18190110e-01
    6.18099689e-01 4.91369009e-01 3.63122851e-01 3.66180569e-01
    4.33004558e-01 4.58604127e-01 4.34179008e-01 4.13527936e-01
    4.39197361e-01 4.45918679e-01 3.74262214e-01 3.21275800e-01
    3.72298509e-01 4.67538863e-01 5.24648666e-01 5.49308360e-01
    5.75142384e-01 5.60128689e-01 4.74193960e-01 3.99087906e-01
    3.87239039e-01 3.94243360e-01 4.08679903e-01 4.46235418e-01
    4.87557054e-01 5.33458412e-01 5.84005117e-01 6.09801233e-01
    5.96594572e-01 5.41482091e-01 4.74434197e-01 4.50709969e-01
    4.54621911e-01 4.27260786e-01 3.89206022e-01 4.00252879e-01
    4.60784376e-01 5.04732966e-01 4.78415847e-01 4.43812281e-01
    4.85421658e-01 5.81559896e-01 6.39816821e-01 6.04668438e-01
    5.57188809e-01 5.69605410e-01 5.53750753e-01 4.66435373e-01
    4.18839127e-01 4.75846082e-01 5.64684033e-01 6.01319611e-01
    5.86780131e-01 5.60783505e-01 5.30632138e-01 5.05837560e-01
    5.21673143e-01 5.43713570e-01 4.84374076e-01 3.70271921e-01
    3.42197686e-01 4.21857268e-01 4.51209247e-01 3.97995174e-01
    4.20102924e-01 5.30734837e-01 5.63417494e-01 4.71225232e-01
    3.84365290e-01 3.84221286e-01 4.23155218e-01 4.45421040e-01
    4.40459013e-01 4.34809953e-01 4.76815552e-01 5.44491053e-01
    5.56721151e-01 5.06208420e-01 4.30235237e-01 3.66490066e-01
    3.59603822e-01 3.91627133e-01 4.49012786e-01 5.48562586e-01
    6.07385516e-01 5.45895875e-01 4.41030473e-01 4.06998754e-01
    4.29703623e-01 4.26125199e-01 4.18523699e-01 4.47169960e-01
    4.54533577e-01 4.51964498e-01 4.85710770e-01 4.81536180e-01
    4.08594042e-01 3.49976540e-01 3.41944784e-01 3.68484169e-01
    4.22773451e-01 4.92042780e-01 5.29129267e-01 5.04330754e-01
    4.97846365e-01 5.60125530e-01 6.17903888e-01 6.33260131e-01
    6.19495213e-01 5.61289966e-01 4.80084658e-01 4.52045798e-01
    4.78553712e-01 4.85832602e-01 4.47546899e-01 4.13441032e-01
    4.20993149e-01 4.16952729e-01 3.80869210e-01 3.91998827e-01
    4.49586511e-01 4.77712840e-01 4.96907026e-01 5.48934639e-01
    5.77323496e-01 5.36131680e-01 4.73496586e-01 4.32186395e-01
    3.97116482e-01 3.81441832e-01 4.37753588e-01 5.37714541e-01
    5.66372454e-01 5.02146840e-01 4.36183929e-01 4.09492731e-01
    4.35795933e-01 5.34552336e-01 6.31466389e-01 6.38506055e-01
    5.93260229e-01 5.65472960e-01 5.37078917e-01 4.84685659e-01
    4.57454115e-01 4.97657508e-01 5.44476032e-01 5.29320180e-01
    5.12219429e-01 5.30193567e-01 5.20880640e-01 4.85488564e-01
    4.76059437e-01 5.00486732e-01 5.52376926e-01 6.16598427e-01
    6.28042638e-01 5.68616986e-01 5.14497280e-01 5.10984421e-01
    5.49142599e-01 5.76451838e-01 5.50017953e-01 5.25403619e-01
    5.23780644e-01 4.87092346e-01 4.41114932e-01 4.52452213e-01
    5.18028855e-01 5.79147577e-01 5.56084692e-01 4.47148770e-01
    3.69742453e-01 4.12205458e-01 5.22719562e-01 6.00759923e-01
    5.82413793e-01 5.02950013e-01 4.74181205e-01 4.68077093e-01
    3.99192870e-01 3.43745232e-01 3.77337277e-01 4.34532493e-01
    4.23210472e-01 3.80248219e-01 4.06122357e-01 4.63322073e-01
    4.75237280e-01 4.44581330e-01 4.21907574e-01 4.61588740e-01
    5.00308454e-01 4.78556305e-01 4.32631165e-01 3.84381413e-01
    3.76200140e-01 4.17881966e-01 4.62013602e-01 4.75477159e-01
    4.42567885e-01 4.10172969e-01 4.33587015e-01 4.93856877e-01
    5.38250566e-01 5.33118486e-01 4.76623029e-01 4.25047934e-01
    4.34450686e-01 4.38766241e-01 4.03949767e-01 3.94316435e-01
    3.98556232e-01 4.17902470e-01 4.76185948e-01 5.10186732e-01
    5.07874072e-01 5.32625675e-01 5.89856207e-01 6.30082726e-01
    6.08475387e-01 5.20945132e-01 4.24789846e-01 3.82379919e-01
    3.98331940e-01 4.20074672e-01 3.72468710e-01 2.38865674e-01
    3.47131401e-01 4.28105921e-01 4.28054094e-01 4.52204585e-01
    4.93853629e-01 5.14757574e-01 5.54078758e-01 6.35942400e-01
    6.76814735e-01 5.98014534e-01 4.63205040e-01 3.96093041e-01
    4.28087622e-01 4.99096811e-01 5.60552359e-01 5.86687624e-01
    5.70757747e-01 5.73457718e-01 6.17691576e-01 6.16745889e-01
    5.32374978e-01 4.43406016e-01 4.14538860e-01 4.51918423e-01
    5.30147076e-01 5.64695239e-01 5.41773200e-01 5.68201780e-01
    6.06294513e-01 5.29962718e-01 4.33896780e-01 4.38610047e-01
    4.56127286e-01 4.28479999e-01 4.10107225e-01 4.17138278e-01
    4.51475054e-01 4.82389688e-01 4.49526191e-01 3.93898726e-01
    3.94837677e-01 4.56152111e-01 5.31307042e-01 5.76403975e-01
    5.80857217e-01 5.28617799e-01 4.24667716e-01 3.64467055e-01
    3.85567069e-01 3.99977475e-01 3.91058445e-01 4.15448606e-01
    4.74447995e-01 5.55422068e-01 6.36448383e-01 6.66902125e-01
    6.35935605e-01 5.76000154e-01 5.17065942e-01 4.92251664e-01
    5.17874420e-01 5.45166433e-01 5.35506427e-01 5.24330556e-01
    5.41652679e-01 5.45613885e-01 4.88320529e-01 4.26988959e-01
    4.39253926e-01 5.13249278e-01 5.92685878e-01 6.15240037e-01
    5.97002149e-01 5.93380213e-01 5.55839419e-01 4.73063856e-01
    4.35471952e-01 4.68369663e-01 5.37525892e-01 5.86730480e-01
    5.67682445e-01 5.26877224e-01 5.15475452e-01 5.12251735e-01
    5.13648272e-01 5.13874412e-01 4.61594969e-01 3.76964271e-01
    3.79788488e-01 4.84377444e-01 5.19982636e-01 4.44852740e-01
    4.49752569e-01 5.65469265e-01 5.91145217e-01 4.74343240e-01
    3.85031134e-01 4.10754859e-01 4.67854917e-01 4.92733717e-01
    4.98047709e-01 5.17804027e-01 5.77666283e-01 6.31473899e-01
    6.10162675e-01 5.45318961e-01 4.96328086e-01 4.62646306e-01
    4.51241702e-01 4.79269832e-01 5.46707153e-01 6.30145073e-01
    6.62604570e-01 6.11667573e-01 5.20691335e-01 4.43704784e-01
    3.91288549e-01 3.55001926e-01 3.58289421e-01 3.83817613e-01
    3.79302502e-01 3.71303916e-01 4.02739882e-01 4.45667297e-01
    4.64092553e-01 4.65247691e-01 4.59256560e-01 4.48736519e-01
    4.53204244e-01 4.97504175e-01 5.60375392e-01 5.75936317e-01
    5.55436790e-01 5.72083592e-01 6.24018550e-01 6.54420257e-01
    6.30456388e-01 5.46420574e-01 4.39038545e-01 3.95707935e-01
    4.43466544e-01 4.98806596e-01 4.96273816e-01 4.80140716e-01
    4.87556338e-01 4.56228465e-01 3.98315698e-01 4.25007492e-01
    5.02260447e-01 5.19277275e-01 5.15495718e-01 5.50004244e-01
    5.73114455e-01 5.35899580e-01 4.49754506e-01 3.81798089e-01
    3.86631876e-01 4.27117735e-01 4.66849744e-01 5.11751354e-01
    5.21695018e-01 4.84318852e-01 4.57145542e-01 4.32918072e-01
    4.04727578e-01 4.43089962e-01 5.21878004e-01 5.46814799e-01
    5.30649841e-01 5.06951392e-01 4.52194482e-01 3.92942935e-01
    4.01339799e-01 4.68737990e-01 4.92714733e-01 4.46790725e-01
    4.40352589e-01 4.75726783e-01 4.61502820e-01 4.48582441e-01
    4.90813613e-01 5.26439488e-01 5.46939850e-01 5.83023429e-01
    5.80015182e-01 5.23801327e-01 4.92620766e-01 5.20958424e-01
    5.87649405e-01 6.32813156e-01 6.20365918e-01 6.02527976e-01
    5.91619313e-01 5.37910819e-01 4.68502402e-01 4.51418281e-01
    4.86848533e-01 5.16703725e-01 5.03926396e-01 4.56559747e-01
    4.00965869e-01 4.01802897e-01 4.89096135e-01 5.73848248e-01
    5.52101314e-01 4.67540562e-01 4.46111649e-01 4.46494192e-01
    3.76021475e-01 3.33670765e-01 4.03511256e-01 4.81922060e-01
    4.69396979e-01 4.32521045e-01 4.50937748e-01 4.70066488e-01
    4.65936869e-01 4.58808690e-01 4.32372987e-01 4.29619998e-01
    4.60741788e-01 4.67000514e-01 4.48511958e-01 4.44249064e-01
    4.58103895e-01 4.41591889e-01 4.00465369e-01 3.88658136e-01
    3.97533804e-01 4.08509284e-01 4.22202975e-01 4.43641901e-01
    4.63201135e-01 4.56286818e-01 4.41677630e-01 4.44178790e-01
    4.46779460e-01 4.27232504e-01 4.00601625e-01 3.78363669e-01
    3.47060978e-01 3.57515186e-01 4.44251388e-01 5.23599744e-01
    5.46517074e-01 5.60053110e-01 5.80660403e-01 5.78276634e-01
    5.43241620e-01 4.86529499e-01 4.29770678e-01 4.00455296e-01
    4.29288685e-01 4.95198727e-01 4.75333065e-01 3.09680462e-01
    3.09835196e-01 4.22343612e-01 4.82914597e-01 5.33824682e-01
    5.38301170e-01 5.13537228e-01 5.46791375e-01 6.30109727e-01
    6.59555256e-01 5.72601020e-01 4.30066675e-01 3.59160036e-01
    4.05224472e-01 5.01145780e-01 5.78186810e-01 5.94584167e-01
    5.58062732e-01 5.67360938e-01 6.36724710e-01 6.34240091e-01
    5.38362682e-01 4.69662219e-01 4.66034770e-01 5.03533542e-01
    5.66581190e-01 5.70153654e-01 5.07577419e-01 5.06146431e-01
    5.45164227e-01 5.24202764e-01 5.03985703e-01 5.01467526e-01
    4.33839440e-01 3.64297390e-01 3.68893981e-01 3.94635648e-01
    4.34198320e-01 4.87843961e-01 5.04540682e-01 4.89277452e-01
    4.50839549e-01 4.22915876e-01 4.78772283e-01 5.62731922e-01
    5.73457181e-01 5.08571446e-01 4.11462069e-01 3.67186874e-01
    4.16092187e-01 4.72782791e-01 4.74912971e-01 4.63037461e-01
    5.00065148e-01 5.86545110e-01 6.53588176e-01 6.59439862e-01
    6.21451139e-01 5.64880788e-01 5.05882323e-01 4.81171191e-01
    5.36231816e-01 6.10231459e-01 6.16254091e-01 6.10427201e-01
    6.38084412e-01 6.17257357e-01 5.22309303e-01 4.56668347e-01
    4.62502569e-01 4.75697815e-01 4.89433438e-01 5.26578784e-01
    5.55699110e-01 5.42690337e-01 4.76763397e-01 4.20678556e-01
    4.49115098e-01 5.14265597e-01 5.49439549e-01 5.35452127e-01
    4.77249771e-01 4.49484617e-01 4.77694064e-01 4.84183937e-01
    4.65264291e-01 4.77007717e-01 4.89440769e-01 4.61137354e-01
    4.65314627e-01 5.50604880e-01 5.92469454e-01 5.34417272e-01
    5.19861698e-01 5.86624265e-01 6.02683067e-01 5.30108154e-01
    4.55407351e-01 4.36854690e-01 4.71811026e-01 5.30070782e-01
    5.84372997e-01 6.31561756e-01 6.64520085e-01 6.61174119e-01
    5.99660397e-01 5.18393755e-01 4.98955667e-01 5.16130030e-01
    5.14305532e-01 5.27264893e-01 5.70748806e-01 6.14225507e-01
    6.40561521e-01 6.31943643e-01 5.59686601e-01 4.53719437e-01
    3.84025097e-01 3.75221640e-01 4.07825381e-01 4.28899407e-01
    4.12925452e-01 3.90671909e-01 4.06729877e-01 4.77846295e-01
    5.45198321e-01 5.63353121e-01 5.62791467e-01 5.49588859e-01
    5.09931862e-01 4.92646337e-01 5.29472768e-01 5.56399941e-01
    5.47002375e-01 5.59935927e-01 6.05213702e-01 6.35264874e-01
    6.15297675e-01 5.42922795e-01 4.65252787e-01 4.35532600e-01
    4.60195035e-01 5.08201957e-01 5.23388445e-01 5.03872454e-01
    4.88398671e-01 4.39540386e-01 3.76523644e-01 4.15594190e-01
    5.07238150e-01 5.20614564e-01 5.11375070e-01 5.51605999e-01
    5.75943589e-01 5.28641641e-01 4.31909651e-01 3.67707640e-01
    3.91795933e-01 4.43383068e-01 4.68718439e-01 4.84566212e-01
    4.72447067e-01 4.33804035e-01 4.24547672e-01 4.12963390e-01
    3.64803702e-01 3.68585676e-01 4.37660038e-01 4.73156899e-01
    4.57639754e-01 4.31709439e-01 3.93142700e-01 3.55042964e-01
    3.71920794e-01 4.26433712e-01 4.27825034e-01 3.87758970e-01
    4.15838748e-01 4.92597789e-01 5.16858637e-01 5.07831633e-01
    5.13740420e-01 5.11807978e-01 5.05135298e-01 5.12020946e-01
    4.84815300e-01 4.24645007e-01 4.14201975e-01 4.83290046e-01
    5.89718461e-01 6.60519958e-01 6.63478017e-01 6.26657367e-01
    5.63112319e-01 4.94588524e-01 4.66268390e-01 4.79720324e-01
    5.02920985e-01 5.09745002e-01 5.13765097e-01 5.24710000e-01
    4.95565355e-01 4.60059971e-01 5.03111660e-01 5.68116188e-01
    5.62808692e-01 5.14667392e-01 4.79433984e-01 4.30005014e-01
    3.51522595e-01 3.34870189e-01 4.16790575e-01 4.82768267e-01
    4.56384659e-01 4.24897939e-01 4.64030176e-01 5.06942034e-01
    5.08462727e-01 4.95800406e-01 4.62055027e-01 4.32870388e-01
    4.55706149e-01 4.93451267e-01 5.08485794e-01 5.28848946e-01
    5.36256969e-01 4.66983140e-01 3.71180832e-01 3.51495147e-01
    4.12544429e-01 4.85399514e-01 4.98513550e-01 4.72308427e-01
    4.64119047e-01 4.64992106e-01 4.85196441e-01 5.22470593e-01
    5.13758242e-01 4.70106453e-01 4.49297309e-01 4.17036325e-01
    3.41618299e-01 3.13478440e-01 4.10124242e-01 5.54619074e-01
    6.13593996e-01 5.64472914e-01 4.83976841e-01 4.43867832e-01
    4.50735152e-01 4.51119751e-01 4.27842826e-01 4.34984863e-01
    5.17792046e-01 6.16631150e-01 5.81304967e-01 3.72733414e-01
    2.54890680e-01 4.15540159e-01 5.54485917e-01 6.05757475e-01
    5.41619956e-01 4.69110310e-01 4.99636769e-01 5.92980146e-01
    6.30738199e-01 5.51751256e-01 4.07476038e-01 3.30648243e-01
    3.86697322e-01 5.08215487e-01 6.02005899e-01 6.01280332e-01
    5.24836898e-01 5.06077945e-01 5.62798321e-01 5.66508114e-01
    5.17953575e-01 4.99789804e-01 4.93329346e-01 4.96476710e-01
    5.38886368e-01 5.48197448e-01 4.99197215e-01 4.75234568e-01
    4.79537487e-01 4.90919441e-01 5.38951516e-01 5.54682374e-01
    4.71402347e-01 3.96804810e-01 3.88831526e-01 3.88154387e-01
    4.07121122e-01 4.41744596e-01 4.66650099e-01 5.08148968e-01
    5.01188338e-01 4.36950564e-01 4.49301064e-01 5.07143497e-01
    4.98011380e-01 4.47181135e-01 3.85876209e-01 3.41958225e-01
    3.84260505e-01 4.87427443e-01 5.32580674e-01 5.00424266e-01
    4.97753501e-01 5.48421800e-01 5.81988275e-01 5.96786380e-01
    5.96386909e-01 5.51333964e-01 4.91665393e-01 4.80072230e-01
    5.47566772e-01 6.19131148e-01 6.14887297e-01 6.18439794e-01
    6.66664004e-01 6.28645003e-01 4.95112121e-01 4.30725008e-01
    4.65418309e-01 4.59941179e-01 3.97942364e-01 3.91894102e-01
    4.40260649e-01 4.50300723e-01 4.00405675e-01 3.79872680e-01
    4.70885336e-01 5.89222193e-01 6.04265571e-01 5.17737210e-01
    4.22092378e-01 4.09537971e-01 4.56772327e-01 4.65919584e-01
    4.48145300e-01 4.75327104e-01 5.27260244e-01 5.28088450e-01
    5.11312723e-01 5.63961387e-01 6.17823958e-01 5.93660295e-01
    5.63179195e-01 5.73782086e-01 5.88771164e-01 5.79150319e-01
    5.25623202e-01 4.56536949e-01 4.53986168e-01 5.14809310e-01
    5.72999775e-01 6.13900900e-01 6.23507917e-01 5.83510876e-01
    5.00836730e-01 4.30673093e-01 4.51569259e-01 5.13448536e-01
    5.30431449e-01 5.30081332e-01 5.31145334e-01 5.25972962e-01
    5.45109272e-01 5.68895578e-01 5.26111007e-01 4.53926802e-01
    4.46516007e-01 4.87861127e-01 5.16986966e-01 5.24987817e-01
    5.22183180e-01 4.93148655e-01 4.66772258e-01 5.03362000e-01
    5.54471970e-01 5.68517923e-01 5.70937753e-01 5.46480894e-01
    4.92405623e-01 4.61989701e-01 4.63565946e-01 4.75840598e-01
    5.14778614e-01 5.78238964e-01 6.09900355e-01 5.89700758e-01
    5.47882438e-01 5.02739310e-01 4.86932963e-01 5.10524333e-01
    5.29282749e-01 5.37158251e-01 5.25630713e-01 4.71051812e-01
    4.20226663e-01 3.90260130e-01 3.74063998e-01 4.26696450e-01
    5.12477279e-01 5.31127393e-01 5.14284134e-01 5.28087735e-01
    5.52933037e-01 5.45108736e-01 4.93552834e-01 4.47257459e-01
    4.47396189e-01 4.62121964e-01 4.69839871e-01 4.75405008e-01
    4.52781498e-01 4.12679374e-01 4.00028259e-01 3.85153115e-01
    3.55472922e-01 3.83925378e-01 4.69944686e-01 5.12729049e-01
    4.73825157e-01 4.31241572e-01 4.12649781e-01 3.59183282e-01
    3.17683935e-01 3.57874513e-01 3.98844987e-01 3.97931665e-01
    4.40163791e-01 5.30565739e-01 5.78857541e-01 5.49887717e-01
    5.03716052e-01 5.03843904e-01 5.36536515e-01 5.44308901e-01
    4.88289922e-01 4.20874894e-01 4.27708060e-01 5.04593730e-01
    5.90771317e-01 6.38024926e-01 6.42868280e-01 6.02059841e-01
    4.99467254e-01 4.09757227e-01 4.17916626e-01 4.69661146e-01
    4.86721873e-01 4.85616684e-01 5.10635078e-01 5.45994163e-01
    5.36391079e-01 5.16092658e-01 5.56910157e-01 5.99598527e-01
    5.73738277e-01 5.22042155e-01 4.76004362e-01 4.16840404e-01
    3.61977965e-01 3.69869143e-01 4.50425953e-01 5.14932454e-01
    4.90191400e-01 4.33063477e-01 4.35725987e-01 4.77678835e-01
    4.86731589e-01 4.68577445e-01 4.48989809e-01 4.50440168e-01
    5.09389281e-01 5.74575424e-01 5.82204461e-01 5.72991729e-01
    5.57199478e-01 4.81154889e-01 3.80983829e-01 3.52427840e-01
    4.11502570e-01 4.84650046e-01 4.97974783e-01 4.82463777e-01
    5.06535113e-01 5.49441934e-01 5.75471163e-01 5.79400420e-01
    5.43138802e-01 4.98141706e-01 5.05173147e-01 5.08408666e-01
    4.27193910e-01 3.42144489e-01 3.86262923e-01 5.31608820e-01
    6.02328181e-01 5.20236254e-01 4.01229560e-01 3.63239139e-01
    3.92877489e-01 4.09439862e-01 4.05617565e-01 4.57201451e-01
    5.79726398e-01 6.71222866e-01 6.11518562e-01 3.95134479e-01
    2.72292078e-01 4.52761233e-01 5.98429799e-01 6.22914314e-01
    5.07645369e-01 3.81467015e-01 3.77447933e-01 4.76437092e-01
    5.51589906e-01 5.10405838e-01 3.86092246e-01 3.11523318e-01
    3.70202780e-01 4.96220291e-01 5.75564146e-01 5.67873120e-01
    5.18070281e-01 5.07031322e-01 5.19066215e-01 4.96740669e-01
    4.90891337e-01 5.02587795e-01 4.56543595e-01 4.19458061e-01
    4.79177386e-01 5.46089768e-01 5.31420350e-01 4.69333202e-01
    4.20122176e-01 4.40308124e-01 5.33735693e-01 5.99596858e-01
    5.60661316e-01 4.86038268e-01 4.41092938e-01 4.02058691e-01
    3.84318739e-01 3.89657527e-01 4.11813051e-01 4.86968577e-01
    5.38010836e-01 5.10903418e-01 4.99469846e-01 4.97796029e-01
    4.47737515e-01 4.11944777e-01 4.09218073e-01 3.90046686e-01
    4.11294997e-01 5.08571923e-01 5.63458562e-01 5.34709930e-01
    5.13216496e-01 5.02828658e-01 4.87778902e-01 5.31397402e-01
    5.86002648e-01 5.62314928e-01 5.23873985e-01 5.36571026e-01
    5.74941099e-01 5.87538958e-01 5.67358434e-01 5.92101216e-01
    6.55766845e-01 6.12640440e-01 4.55164045e-01 3.69950145e-01
    4.16432649e-01 4.38678443e-01 3.69706184e-01 3.30394387e-01
    3.64255488e-01 3.80520135e-01 3.51662815e-01 3.62767279e-01
    4.73723710e-01 5.92837989e-01 6.01906359e-01 5.22893310e-01
    4.52113986e-01 4.51808214e-01 4.90292966e-01 5.05067289e-01
    5.06102622e-01 5.18626511e-01 5.35899103e-01 5.24977207e-01
    4.95009273e-01 5.23149371e-01 5.84065616e-01 5.89220643e-01
    5.55260718e-01 5.30840576e-01 5.31814456e-01 5.43962657e-01
    5.21657288e-01 4.82824057e-01 4.97639179e-01 5.28038025e-01
    5.10157943e-01 4.90866333e-01 4.87191767e-01 4.46896881e-01
    3.79385740e-01 3.63699019e-01 4.30313677e-01 5.04255533e-01
    5.34829855e-01 5.41146398e-01 5.15288174e-01 4.72107500e-01
    4.71291542e-01 4.91648734e-01 4.74833667e-01 4.70157743e-01
    5.34004688e-01 5.90340078e-01 5.67682862e-01 5.36386132e-01
    5.56998134e-01 5.42159498e-01 4.61323678e-01 4.26259786e-01
    4.58231419e-01 4.92649853e-01 4.86097008e-01 4.30151492e-01
    4.08935428e-01 4.53525275e-01 4.65996116e-01 4.43962753e-01
    4.76865977e-01 5.55225611e-01 5.96138000e-01 5.64085305e-01
    4.96492147e-01 4.48975384e-01 4.63047117e-01 5.20787776e-01
    5.41362584e-01 5.23579776e-01 5.01483738e-01 4.35434252e-01
    3.62961233e-01 3.72870684e-01 4.36217755e-01 4.94192541e-01
    5.40548980e-01 5.61016560e-01 5.36572993e-01 4.94816899e-01
    4.90006000e-01 5.21659911e-01 5.33231974e-01 5.13778925e-01
    5.02502739e-01 5.02758265e-01 4.92245704e-01 4.68481004e-01
    4.34998363e-01 4.11965460e-01 4.04032260e-01 3.75685602e-01
    3.63297671e-01 4.31497455e-01 5.35739124e-01 5.76726437e-01
    5.28141975e-01 4.81164426e-01 4.62388963e-01 3.77187461e-01
    2.82082528e-01 3.15881371e-01 4.03374642e-01 4.32559282e-01
    4.61474031e-01 5.35484433e-01 5.92737913e-01 5.81876218e-01
    5.44913888e-01 5.46169400e-01 5.80278099e-01 5.91930568e-01
    5.39900243e-01 4.84578162e-01 5.01704812e-01 5.53137183e-01
    5.77626228e-01 5.74220121e-01 5.83820045e-01 5.87809622e-01
    5.07716537e-01 3.98435384e-01 3.91917557e-01 4.48936194e-01
    4.48287368e-01 4.07914847e-01 4.11664099e-01 4.54464227e-01
    4.73599643e-01 4.75245118e-01 5.21757245e-01 5.82792759e-01
    5.70786536e-01 5.03633618e-01 4.57724303e-01 4.40686673e-01
    4.32318151e-01 4.56901670e-01 5.27333140e-01 5.82934856e-01
    5.57287574e-01 4.70759749e-01 4.12537843e-01 4.08410072e-01
    3.92833143e-01 3.66572827e-01 3.79397690e-01 4.38066959e-01
    5.31087995e-01 5.97215116e-01 5.91783047e-01 5.61931849e-01
    5.42955339e-01 5.05099535e-01 4.39171165e-01 4.07699138e-01
    4.34180826e-01 4.47074145e-01 4.20162201e-01 4.15686399e-01
    4.68371898e-01 5.40669203e-01 5.74013352e-01 5.49811780e-01
    5.00276446e-01 4.85263020e-01 5.44485927e-01 6.03135288e-01
    5.45934081e-01 4.17885333e-01 3.74993086e-01 4.61682290e-01
    5.40762126e-01 5.00540435e-01 4.22250718e-01 3.98089945e-01
    3.88021797e-01 3.58048558e-01 3.61758769e-01 4.39073414e-01
    5.53692043e-01 6.33353293e-01 5.96615076e-01 4.08335328e-01
    3.47372651e-01 5.10155141e-01 5.96752584e-01 5.93500972e-01
    4.77789968e-01 3.37189674e-01 3.06965649e-01 3.99469554e-01
    5.00208557e-01 5.06142914e-01 4.30035949e-01 3.57041419e-01
    3.65631700e-01 4.42481518e-01 4.95274931e-01 5.00487447e-01
    5.06668508e-01 5.33687115e-01 5.37318230e-01 5.03158689e-01
    4.94798511e-01 4.85360175e-01 4.13217783e-01 3.79878104e-01
    4.63229746e-01 5.44183731e-01 5.17225564e-01 4.24581200e-01
    3.51206928e-01 3.63044947e-01 4.74179953e-01 5.94679177e-01
    5.95145464e-01 4.90922630e-01 4.09180284e-01 3.85234743e-01
    3.96868914e-01 4.18959618e-01 4.37820792e-01 4.92074549e-01
    5.60152531e-01 5.77065349e-01 5.55163622e-01 5.19003868e-01
    4.66707587e-01 4.49195385e-01 4.95716155e-01 5.31107545e-01
    5.43469548e-01 5.71443439e-01 5.76501012e-01 5.64547658e-01
    5.57575345e-01 5.04211485e-01 4.48178619e-01 4.94118363e-01
    5.61584651e-01 5.45838535e-01 5.23967564e-01 5.43561280e-01
    5.53031981e-01 5.39900780e-01 5.42575240e-01 5.99604130e-01
    6.70341849e-01 6.42028272e-01 4.96749967e-01 3.74941438e-01
    3.80017668e-01 4.25376147e-01 4.12121683e-01 3.90748352e-01
    3.95949572e-01 3.80066961e-01 3.59086215e-01 3.94248933e-01
    4.67344284e-01 5.01093388e-01 4.87820238e-01 4.83877271e-01
    4.96638000e-01 5.16768873e-01 5.49703777e-01 5.70155442e-01
    5.65910220e-01 5.49836934e-01 5.39702117e-01 5.29843926e-01
    4.98374581e-01 4.95228261e-01 5.37014604e-01 5.51961184e-01
    5.26665628e-01 4.80723798e-01 4.35746044e-01 4.34156120e-01
    4.60991442e-01 4.94242579e-01 5.46591163e-01 5.55441856e-01
    4.76478457e-01 4.04009432e-01 3.85849297e-01 3.64958346e-01
    3.41449767e-01 3.68083268e-01 4.42041546e-01 5.02396584e-01
    5.26036859e-01 5.33406973e-01 5.06147444e-01 4.57289964e-01
    4.50007766e-01 4.65950757e-01 4.68088895e-01 4.92089629e-01
    5.58955789e-01 6.03808701e-01 5.52170277e-01 4.87280160e-01
    5.14891684e-01 5.16394496e-01 4.13100392e-01 3.48056018e-01
    3.83972555e-01 4.27858770e-01 4.02260631e-01 3.45824718e-01
    3.81900162e-01 4.97216076e-01 5.39922833e-01 4.94355619e-01
    4.69513327e-01 5.07963836e-01 5.76674581e-01 6.03698194e-01
    5.48716962e-01 4.71201539e-01 4.54339147e-01 4.86712188e-01
    4.88285631e-01 4.71774727e-01 4.74363148e-01 4.24940854e-01
    3.45057726e-01 3.74186099e-01 4.84468430e-01 5.34935296e-01
    5.31858861e-01 5.37753403e-01 5.22462368e-01 4.73041952e-01
    4.49274868e-01 4.92223918e-01 5.50976038e-01 5.54413557e-01
    5.35125792e-01 5.34844398e-01 5.16945124e-01 4.73410517e-01
    4.33859676e-01 4.16881442e-01 4.10747677e-01 3.78839761e-01
    3.61054987e-01 4.20669913e-01 5.06540656e-01 5.34583151e-01
    5.18973827e-01 5.23155272e-01 5.16667247e-01 4.29172516e-01
    3.34785283e-01 3.55079889e-01 4.30988520e-01 4.50828850e-01
    4.59039152e-01 5.18344283e-01 5.91161549e-01 6.31981969e-01
    6.19150937e-01 5.61501861e-01 5.29704392e-01 5.46231866e-01
    5.33121288e-01 4.95904177e-01 5.06952405e-01 5.37714243e-01
    5.46269655e-01 5.47921717e-01 5.64563811e-01 5.86520731e-01
    5.49369097e-01 4.63375181e-01 4.45164651e-01 4.93344367e-01
    4.88819182e-01 4.13307160e-01 3.62914473e-01 3.92730325e-01
    4.35000896e-01 4.30040061e-01 4.39365923e-01 5.07275105e-01
    5.59090495e-01 5.34352005e-01 4.84676272e-01 4.57906783e-01
    4.55408961e-01 4.98490363e-01 5.66166818e-01 5.90073049e-01
    5.48830867e-01 4.76037949e-01 4.38808531e-01 4.39660072e-01
    3.92689586e-01 3.19927454e-01 3.15854013e-01 3.81093174e-01
    4.74728882e-01 5.52412450e-01 5.81521988e-01 5.68194449e-01
    5.46373427e-01 5.37175715e-01 5.20834982e-01 5.10936081e-01
    5.17233789e-01 4.78539795e-01 4.06935692e-01 3.88535559e-01
    4.26604539e-01 4.75392342e-01 5.08560896e-01 5.03170073e-01
    4.77923036e-01 5.04801750e-01 6.03635490e-01 6.84292793e-01
    6.47564173e-01 5.12710214e-01 4.06423181e-01 4.25664455e-01
    5.09301543e-01 5.26213348e-01 4.92739260e-01 4.73378688e-01
    4.16035235e-01 3.32661897e-01 3.26780111e-01 3.95198226e-01
    4.86309528e-01 5.75322390e-01 5.71357489e-01 4.00971830e-01
    4.09825236e-01 5.61633110e-01 5.95424891e-01 5.70796430e-01
    4.86333698e-01 3.91808927e-01 3.79411787e-01 4.56482619e-01
    5.31551778e-01 5.34770548e-01 4.99597877e-01 4.45072562e-01
    3.98479074e-01 4.18932229e-01 4.65399563e-01 4.75452423e-01
    4.64590311e-01 4.73795652e-01 5.02309859e-01 5.09280741e-01
    5.03464282e-01 4.95013982e-01 4.57886130e-01 4.43156153e-01
    4.88866836e-01 5.06452322e-01 4.43017662e-01 3.62186849e-01
    3.08544785e-01 2.93100089e-01 3.70759726e-01 5.18047452e-01
    5.62021434e-01 4.49115157e-01 3.44990373e-01 3.54891419e-01
    4.24204469e-01 4.71646935e-01 4.86696094e-01 5.21983862e-01
    5.81925690e-01 5.94167054e-01 5.36133945e-01 4.82648849e-01
    4.67080921e-01 4.79565024e-01 5.46396792e-01 6.32559299e-01
    6.60752594e-01 6.15676820e-01 5.55278003e-01 5.50511658e-01
    5.60599864e-01 5.18619180e-01 4.83318478e-01 5.05696356e-01
    5.16305804e-01 4.81668055e-01 4.56105232e-01 4.50492799e-01
    4.54987645e-01 4.87217367e-01 5.48958778e-01 6.19110763e-01
    6.63811207e-01 6.53163552e-01 5.72615683e-01 4.58323598e-01
    4.07689989e-01 4.49908108e-01 5.04376173e-01 5.20700872e-01
    5.08327723e-01 4.74865377e-01 4.46715027e-01 4.54799533e-01
    4.57204998e-01 4.08774585e-01 3.80232424e-01 4.42746192e-01
    5.20637512e-01 5.45245349e-01 5.59199750e-01 5.54697752e-01
    5.08078873e-01 4.79346454e-01 5.10253012e-01 5.53664029e-01
    5.37488222e-01 4.93113428e-01 4.77785558e-01 4.74880189e-01
    4.79094088e-01 4.56403941e-01 3.88186574e-01 3.70381743e-01
    4.28349376e-01 4.81139332e-01 5.08076668e-01 5.02366483e-01
    4.45408195e-01 3.82779807e-01 3.53369623e-01 3.55489254e-01
    3.75711262e-01 3.93731922e-01 4.30105805e-01 4.74826813e-01
    4.76984829e-01 4.66747820e-01 4.63802010e-01 4.47845936e-01
    4.52061266e-01 4.79562193e-01 4.98626173e-01 5.04796028e-01
    5.18423140e-01 5.44525027e-01 5.21300972e-01 4.76363897e-01
    4.96538162e-01 4.93891507e-01 4.15774375e-01 3.76086533e-01
    4.04493272e-01 4.30021733e-01 4.11779642e-01 3.85657310e-01
    4.27773386e-01 5.21717429e-01 5.71045041e-01 5.53542614e-01
    5.27769268e-01 5.41594625e-01 6.12745106e-01 6.83888078e-01
    6.49960995e-01 5.31069696e-01 4.56850082e-01 4.59036708e-01
    4.68234181e-01 4.79114950e-01 4.94526833e-01 4.45271760e-01
    3.65681320e-01 3.89544696e-01 4.87009108e-01 5.14279902e-01
    4.81683075e-01 4.77961361e-01 4.93771881e-01 4.91464317e-01
    4.88147229e-01 5.38912117e-01 6.21126831e-01 6.24949515e-01
    5.61907828e-01 5.26413500e-01 5.15417576e-01 5.00774622e-01
    4.71030712e-01 4.25146490e-01 3.99197996e-01 3.93549353e-01
    3.89634609e-01 4.13942724e-01 4.53635275e-01 4.66696739e-01
    4.97429639e-01 5.64628243e-01 5.80016792e-01 5.13181329e-01
    4.46714312e-01 4.52028602e-01 4.82483178e-01 4.71212029e-01
    4.73937780e-01 5.26837170e-01 5.82444429e-01 6.28380775e-01
    6.12605572e-01 5.02882183e-01 4.38176930e-01 4.93075520e-01
    5.36495268e-01 5.01749039e-01 4.70552891e-01 4.79507267e-01
    5.20201623e-01 5.71329772e-01 5.82465947e-01 5.74212790e-01
    5.65166354e-01 5.37690818e-01 5.37573576e-01 5.69727719e-01
    5.70656180e-01 5.04696429e-01 4.15591091e-01 4.07260954e-01
    4.67365891e-01 4.85470325e-01 4.58512455e-01 4.67282057e-01
    5.28140187e-01 5.61629057e-01 5.14340043e-01 4.27879095e-01
    3.84990424e-01 4.31665033e-01 5.04017055e-01 5.22113085e-01
    4.94413793e-01 4.58396077e-01 4.70672876e-01 5.26371062e-01
    5.03432751e-01 3.94207925e-01 3.20109844e-01 3.30328912e-01
    4.13142860e-01 5.20615220e-01 5.83935797e-01 5.81426680e-01
    5.55928767e-01 5.61465561e-01 5.86250365e-01 5.95408261e-01
    5.83657980e-01 5.41281164e-01 4.89945531e-01 4.76739287e-01
    4.81282920e-01 4.74302828e-01 4.86480713e-01 5.08119285e-01
    5.11343181e-01 5.50552726e-01 6.44048214e-01 7.13589370e-01
    7.00613201e-01 6.09026730e-01 4.97796357e-01 4.63274509e-01
    5.12520552e-01 5.24180353e-01 4.81382728e-01 4.61693168e-01
    4.23584521e-01 3.68022949e-01 3.77561837e-01 4.25214946e-01
    4.86210674e-01 5.65556526e-01 5.57988048e-01 3.86590898e-01
    4.33479518e-01 6.02436602e-01 6.22224629e-01 5.78435540e-01
    5.13138890e-01 4.69275385e-01 4.83275086e-01 5.32656908e-01
    5.44292688e-01 4.90142614e-01 4.55991983e-01 4.52220291e-01
    4.42851335e-01 4.78446901e-01 5.34327805e-01 5.17436028e-01
    4.32514548e-01 3.79641116e-01 4.13127899e-01 4.62191105e-01
    4.94414359e-01 5.43603063e-01 5.66809416e-01 5.42866826e-01
    5.08890808e-01 4.51908618e-01 3.71434033e-01 3.25498194e-01
    3.15096080e-01 2.94872433e-01 3.27575713e-01 4.58424270e-01
    5.40246725e-01 4.73943859e-01 3.80172819e-01 3.78655732e-01
    4.33473676e-01 4.76366460e-01 5.19907773e-01 5.82534373e-01
    6.23748362e-01 5.88688135e-01 4.90340292e-01 4.27166790e-01
    4.37886715e-01 4.72495824e-01 5.39993763e-01 6.48972034e-01
    7.02453196e-01 6.45482123e-01 5.67419350e-01 5.42895377e-01
    5.31036139e-01 5.15335917e-01 5.29509127e-01 5.27087629e-01
    4.70618397e-01 4.36466575e-01 4.40446705e-01 4.15833652e-01
    3.95980388e-01 4.43982184e-01 5.30979037e-01 5.95911860e-01
    6.08121932e-01 5.97691000e-01 5.96522152e-01 5.62485993e-01
    4.97948766e-01 4.95718271e-01 5.53492367e-01 5.91144443e-01
    6.07630610e-01 5.92370629e-01 5.13368607e-01 4.36554551e-01
    4.00414079e-01 3.64104688e-01 3.62779468e-01 4.45285559e-01
    5.30223489e-01 5.42339623e-01 5.21663070e-01 4.75751847e-01
    3.95677686e-01 3.66212249e-01 4.42022920e-01 5.40267110e-01
    5.51411629e-01 4.92450088e-01 4.35293496e-01 4.10389483e-01
    4.41232741e-01 4.69967842e-01 4.26786363e-01 3.95956010e-01
    4.35040027e-01 4.63376343e-01 4.48870212e-01 4.34362292e-01
    4.32679296e-01 4.12922353e-01 3.62227738e-01 3.41099590e-01
    3.63024354e-01 3.64117205e-01 3.75222683e-01 4.23294157e-01
    4.32434201e-01 4.19793427e-01 4.47427481e-01 4.73007470e-01
    4.73509103e-01 4.76823151e-01 4.73909646e-01 4.48357850e-01
    4.40429091e-01 4.85022753e-01 5.20384490e-01 5.11585236e-01
    4.97651696e-01 4.70785379e-01 4.35350209e-01 4.27596688e-01
    4.40110594e-01 4.69259769e-01 5.01337767e-01 4.99868214e-01
    4.85914469e-01 4.98288959e-01 5.22706747e-01 5.37579238e-01
    5.48161328e-01 5.68138480e-01 6.29800498e-01 7.09045708e-01
    6.80236578e-01 5.34388125e-01 4.35408145e-01 4.49580312e-01
    4.94030952e-01 5.16326368e-01 5.08958876e-01 4.62741315e-01
    4.18384075e-01 4.34788048e-01 4.77871209e-01 4.78167802e-01
    4.54782873e-01 4.62171525e-01 5.03881514e-01 5.45621157e-01
    5.66510975e-01 5.96868217e-01 6.45946562e-01 6.32310808e-01
    5.38815975e-01 4.74798083e-01 4.85913277e-01 5.16522288e-01
    4.98412937e-01 4.27219242e-01 3.94633710e-01 4.39559579e-01
    4.89107668e-01 5.05589068e-01 5.03341556e-01 5.00842869e-01
    5.44622779e-01 6.16026402e-01 6.28774822e-01 5.73411167e-01
    5.15587747e-01 5.10984302e-01 5.18464983e-01 4.90264177e-01
    5.02509296e-01 5.58270574e-01 5.72582483e-01 5.74580908e-01
    5.46929538e-01 4.39263791e-01 3.92819643e-01 4.95731235e-01
    5.99101663e-01 5.81143022e-01 5.05313396e-01 4.81489927e-01
    5.38668871e-01 6.02275193e-01 5.92152536e-01 5.58008730e-01
    5.49948514e-01 5.50511479e-01 5.69434762e-01 5.85373998e-01
    5.70114791e-01 5.16128361e-01 4.33607906e-01 4.19288009e-01
    4.96429056e-01 5.41375697e-01 5.07860839e-01 4.75685775e-01
    5.07814407e-01 5.58834076e-01 5.27311981e-01 4.17383969e-01
    3.52544457e-01 3.90768707e-01 4.55428511e-01 4.80097145e-01
    4.68164176e-01 4.38549221e-01 4.54444379e-01 5.37949562e-01
    5.63238502e-01 4.66163814e-01 3.56239885e-01 3.40819776e-01
    4.22061622e-01 5.17001808e-01 5.53115249e-01 5.41465521e-01
    5.34023404e-01 5.59344888e-01 6.01591051e-01 6.22034550e-01
    6.10100150e-01 5.91582775e-01 5.88330746e-01 5.87587357e-01
    5.45646489e-01 4.72220361e-01 4.49795038e-01 4.84170109e-01
    5.11874676e-01 5.48239768e-01 6.16602659e-01 6.74640357e-01
    6.93823516e-01 6.65483177e-01 5.94887018e-01 5.46740890e-01
    5.42237520e-01 4.84308332e-01 3.88074130e-01 3.71419907e-01
    3.98785412e-01 4.29206192e-01 4.91640538e-01 5.38644373e-01
    5.60099006e-01 5.84003031e-01 5.43648183e-01 3.79207164e-01
    4.40725267e-01 6.18613839e-01 6.34842277e-01 5.79951704e-01
    5.18133879e-01 5.01265943e-01 5.38861215e-01 5.69823802e-01
    5.38600862e-01 4.49131966e-01 3.91128898e-01 4.13532346e-01
    4.79917109e-01 5.64803779e-01 6.23698354e-01 5.89946270e-01
    4.81222332e-01 4.10398543e-01 4.31439996e-01 4.79662359e-01
    5.31069696e-01 5.99636018e-01 6.29093826e-01 5.85220814e-01
    4.97019827e-01 3.96763384e-01 3.21528673e-01 3.09642166e-01
    3.39797288e-01 3.50917011e-01 3.70685369e-01 4.53685284e-01
    5.36549449e-01 5.31079292e-01 4.60164577e-01 4.08807099e-01
    4.08810884e-01 4.57110226e-01 5.47148764e-01 6.23176634e-01
    6.27065659e-01 5.58121145e-01 4.66158241e-01 4.23642725e-01
    4.41615552e-01 4.69612539e-01 5.22380531e-01 6.17852926e-01
    6.71120644e-01 6.52792394e-01 6.24371827e-01 5.88846564e-01
    5.29539049e-01 5.00162661e-01 5.26565433e-01 5.16031742e-01
    4.46650982e-01 4.50758398e-01 5.19534230e-01 5.14042079e-01
    4.59359795e-01 4.49291348e-01 4.93229151e-01 5.60277700e-01
    5.77939749e-01 5.44280529e-01 5.67454100e-01 6.19203329e-01
    5.84046304e-01 5.20264447e-01 5.12019813e-01 5.40684879e-01
    5.95081151e-01 6.01669312e-01 4.85640228e-01 3.52760494e-01
    3.12445760e-01 3.36874098e-01 3.93853396e-01 4.65627104e-01
    5.07691026e-01 5.13940334e-01 5.05434036e-01 4.60925072e-01
    3.81015182e-01 3.53777111e-01 4.35633779e-01 5.38142622e-01
    5.54939806e-01 5.16457140e-01 4.81209755e-01 4.49755430e-01
    4.52274621e-01 4.84159380e-01 4.81114924e-01 4.60297972e-01
    4.64093864e-01 4.71905142e-01 4.69183534e-01 4.68178868e-01
    4.85588551e-01 4.82960224e-01 4.06739444e-01 3.28431040e-01
    3.12011003e-01 3.07316214e-01 3.19731623e-01 3.89374048e-01
    4.48166311e-01 4.48430091e-01 4.57017630e-01 4.84807909e-01
    4.82086867e-01 4.59162235e-01 4.22467887e-01 3.72262210e-01
    3.72026354e-01 4.54445094e-01 5.47604620e-01 5.70831478e-01
    5.26180506e-01 4.72560108e-01 4.49157506e-01 4.52609867e-01
    4.76192981e-01 5.33927798e-01 6.03896737e-01 6.15945876e-01
    5.63904703e-01 5.07803261e-01 4.76973444e-01 4.71549362e-01
    4.83726978e-01 5.09239018e-01 5.75088918e-01 6.50680780e-01
    6.21539414e-01 4.98817921e-01 4.28885132e-01 4.59262490e-01
    5.12659013e-01 5.19806623e-01 4.88753617e-01 4.71167654e-01
    4.75458413e-01 4.67456222e-01 4.41589773e-01 4.30164158e-01
    4.39803690e-01 4.53576148e-01 4.80103433e-01 5.17084062e-01
    5.36326110e-01 5.35466909e-01 5.38630247e-01 5.21959901e-01
    4.54613507e-01 4.10933971e-01 4.50296700e-01 5.01247227e-01
    4.83462274e-01 4.24774826e-01 4.15392876e-01 4.84749556e-01
    5.67833781e-01 5.89990973e-01 5.57723522e-01 5.43824494e-01
    5.83791733e-01 6.24940336e-01 6.17777169e-01 5.69890082e-01
    5.12561858e-01 4.94747639e-01 4.96357024e-01 4.78072345e-01
    5.07803977e-01 5.67476571e-01 5.55226922e-01 5.18078566e-01
    4.79105473e-01 3.99823785e-01 3.94364834e-01 5.23784578e-01
    6.49846435e-01 6.57430291e-01 5.86200356e-01 5.57951331e-01
    6.05641782e-01 6.39788628e-01 6.08971119e-01 5.52238047e-01
    4.96173561e-01 4.63936061e-01 4.87594634e-01 5.21650732e-01
    5.16444981e-01 4.78288382e-01 4.31375146e-01 4.37525243e-01
    4.86285448e-01 4.88559514e-01 4.69482064e-01 4.90529418e-01
    5.27410746e-01 5.49529016e-01 5.16676366e-01 4.28229064e-01
    3.95655572e-01 4.63873595e-01 5.33397555e-01 5.31513929e-01
    4.74996597e-01 4.24106479e-01 4.45770711e-01 5.23909628e-01
    5.47880530e-01 4.72663432e-01 3.97976458e-01 4.21054304e-01
    4.95556563e-01 5.25441229e-01 4.99593854e-01 4.68566418e-01
    4.73805815e-01 5.06847084e-01 5.49417138e-01 6.00048602e-01
    6.30284011e-01 6.22060537e-01 6.08262539e-01 5.98130047e-01
    5.42443275e-01 4.39293534e-01 3.78074348e-01 3.98713678e-01
    4.44933981e-01 4.92080569e-01 5.52483082e-01 6.12844527e-01
    6.58980429e-01 6.72210217e-01 6.43391728e-01 6.13892853e-01
    5.75869381e-01 4.56992060e-01 3.31947625e-01 3.32452089e-01
    4.01222825e-01 4.64533210e-01 5.37582159e-01 5.94986796e-01
    6.14118814e-01 5.96881211e-01 5.19275129e-01 3.58852893e-01
    4.49768245e-01 6.03105843e-01 6.12293124e-01 5.74060857e-01
    5.20794570e-01 5.00002086e-01 5.44587553e-01 5.87008595e-01
    5.78303039e-01 5.18589079e-01 4.45886552e-01 4.47302848e-01
    5.39366424e-01 6.32206798e-01 6.68768585e-01 6.50074542e-01
    5.94317675e-01 5.54170966e-01 5.49345553e-01 5.60239077e-01
    5.97321272e-01 6.31825387e-01 6.18335485e-01 5.65879047e-01
    4.77762610e-01 3.80388230e-01 3.33585531e-01 3.46645921e-01
    3.79486859e-01 4.04045671e-01 4.25751776e-01 4.66144443e-01
    5.31824291e-01 5.56418121e-01 4.81425911e-01 3.83996159e-01
    3.71633440e-01 4.57271844e-01 5.62323093e-01 6.00609064e-01
    5.62565863e-01 4.85431820e-01 4.22950000e-01 4.15469438e-01
    4.35586214e-01 4.49300170e-01 4.93607283e-01 5.61823785e-01
    5.82644999e-01 5.85759759e-01 6.20541215e-01 6.26672685e-01
    5.65645874e-01 5.14458776e-01 5.23097515e-01 5.05288422e-01
    4.43826497e-01 4.61486280e-01 5.41759729e-01 5.58654726e-01
    5.11168778e-01 4.60999429e-01 4.68599498e-01 5.56298018e-01
    5.99842489e-01 5.35174012e-01 5.12009263e-01 5.65033734e-01
    5.57740390e-01 4.89310503e-01 4.50628370e-01 4.64880437e-01
    5.13660491e-01 5.31025887e-01 4.56133127e-01 3.39938641e-01
    2.90053636e-01 3.49303514e-01 4.56136376e-01 4.98971164e-01
    4.61850315e-01 4.55509156e-01 5.05943954e-01 4.98783648e-01
    4.15007889e-01 3.84487927e-01 4.64983374e-01 5.49221098e-01
    5.50966144e-01 5.36690056e-01 5.52703083e-01 5.39568782e-01
    4.99283463e-01 4.88136649e-01 5.04270256e-01 5.20046771e-01
    5.18235803e-01 5.14625371e-01 5.29948771e-01 5.32546103e-01
    5.22058368e-01 5.06850958e-01 4.44173872e-01 3.69717658e-01
    3.39675218e-01 3.19903821e-01 3.15779418e-01 3.90456468e-01
    4.83060718e-01 4.77411330e-01 4.29114640e-01 4.25295234e-01
    4.39426422e-01 4.54664469e-01 4.58728790e-01 4.27045524e-01
    4.03742492e-01 4.54449266e-01 5.63470125e-01 6.29198849e-01
    5.98016918e-01 5.37196696e-01 5.06812751e-01 5.13826072e-01
    5.58451831e-01 6.18727386e-01 6.61213398e-01 6.70137584e-01
    6.43802583e-01 5.77057719e-01 4.96087193e-01 4.54391301e-01
    4.47579175e-01 4.63811606e-01 5.30200243e-01 5.86267829e-01
    5.46101809e-01 4.74723935e-01 4.55592275e-01 4.77616727e-01
    5.19292951e-01 5.35404801e-01 5.05492389e-01 4.90787745e-01
    4.94635820e-01 4.60486501e-01 4.15918589e-01 4.19145286e-01
    4.42457050e-01 4.38341111e-01 4.14792717e-01 3.92573625e-01
    3.83508086e-01 3.92920882e-01 4.13076669e-01 4.22619224e-01
    4.05913383e-01 4.07206327e-01 4.67789054e-01 5.19055724e-01
    4.97158557e-01 4.49477136e-01 4.29554433e-01 4.57654357e-01
    5.26877522e-01 5.60817420e-01 5.22932649e-01 4.92606074e-01
    5.17451525e-01 5.44345856e-01 5.45049131e-01 5.32922387e-01
    4.96260762e-01 4.53004330e-01 4.32088763e-01 4.45310980e-01
    5.12594879e-01 5.59340298e-01 5.08371234e-01 4.43902820e-01
    4.12144601e-01 3.93364340e-01 4.56545949e-01 5.85909843e-01
    6.56767249e-01 6.43089771e-01 6.14996135e-01 6.31742954e-01
    6.67094290e-01 6.64374948e-01 6.23673260e-01 5.50029695e-01
    4.44951475e-01 3.68663847e-01 3.92368406e-01 4.83111799e-01
    5.45718849e-01 5.45337558e-01 5.19829154e-01 5.12955487e-01
    4.81027603e-01 4.04137105e-01 3.97223830e-01 4.68910515e-01
    4.98434395e-01 4.81251955e-01 4.47050542e-01 3.88926148e-01
    3.94339621e-01 5.12650490e-01 6.13378346e-01 5.81850290e-01
    4.74415362e-01 4.27956879e-01 4.86381799e-01 5.49760401e-01
    5.31026185e-01 4.71597403e-01 4.67556149e-01 5.34850001e-01
    5.73508263e-01 5.24484336e-01 4.46707666e-01 4.03319418e-01
    4.13264096e-01 4.47715998e-01 4.87307906e-01 5.60281694e-01
    6.24379694e-01 6.06548786e-01 5.58234930e-01 5.54927230e-01
    5.44782102e-01 4.67048287e-01 3.91640425e-01 3.90964091e-01
    4.23832983e-01 4.57714945e-01 5.13385117e-01 5.75722039e-01
    6.15608811e-01 6.26234472e-01 6.11829281e-01 5.92669964e-01
    5.52911937e-01 4.54007894e-01 3.69787097e-01 3.91595453e-01
    4.54685986e-01 4.80046064e-01 4.93108094e-01 5.35418868e-01
    5.90007126e-01 5.89702368e-01 4.99793679e-01 3.34997684e-01
    4.52618241e-01 5.80529034e-01 5.91947436e-01 5.82809925e-01
    5.38574696e-01 4.78764325e-01 4.81160015e-01 5.30446887e-01
    5.67573965e-01 5.56204915e-01 5.11515141e-01 5.24193764e-01
    6.08734310e-01 6.52754188e-01 6.27970517e-01 6.10158682e-01
    6.16024673e-01 6.07991874e-01 5.67938745e-01 5.43622732e-01
    5.84757626e-01 6.16458654e-01 5.84967911e-01 5.49887776e-01
    5.12728691e-01 4.61610466e-01 4.44230258e-01 4.48331177e-01
    4.40372348e-01 4.49800909e-01 4.75482494e-01 4.97408807e-01
    5.42814851e-01 5.64173758e-01 4.87436980e-01 3.89050215e-01
    3.93183768e-01 4.95528102e-01 5.75844646e-01 5.62516153e-01
    4.94030803e-01 4.19412732e-01 3.75126272e-01 3.74467432e-01
    3.84423584e-01 4.08169657e-01 4.81936187e-01 5.47170877e-01
    5.36631644e-01 5.17399728e-01 5.58516324e-01 6.06658638e-01
    5.86426973e-01 5.42354524e-01 5.34749925e-01 5.03856182e-01
    4.50966001e-01 4.53683555e-01 4.72312391e-01 4.57552999e-01
    4.35849488e-01 4.21873778e-01 4.55372095e-01 5.56980789e-01
    6.11633182e-01 5.46640813e-01 4.77115899e-01 4.67549264e-01
    4.51758385e-01 4.17047054e-01 4.06752288e-01 4.41886842e-01
    4.99725372e-01 5.25383055e-01 4.81595904e-01 3.87610853e-01
    3.34748685e-01 4.00251180e-01 5.18020988e-01 5.38283229e-01
    4.49829847e-01 4.15677428e-01 4.82230544e-01 4.86398995e-01
    3.84663284e-01 3.35940421e-01 4.08499390e-01 4.89539713e-01
    4.93386686e-01 4.85729665e-01 5.24282396e-01 5.57970881e-01
    5.44116557e-01 5.08506596e-01 5.12365699e-01 5.62486470e-01
    5.88413000e-01 5.74965060e-01 5.60759902e-01 5.30562699e-01
    4.84879076e-01 4.55498129e-01 4.33320582e-01 4.23549891e-01
    4.25765246e-01 4.02062953e-01 3.85010809e-01 4.48690951e-01
    5.18130004e-01 4.72560912e-01 3.91369224e-01 3.84162039e-01
    4.25997645e-01 4.91625667e-01 5.56744993e-01 5.59788644e-01
    5.11957109e-01 5.06597519e-01 5.69921732e-01 6.11604095e-01
    5.82343340e-01 5.45281112e-01 5.44675112e-01 5.73877752e-01
    6.25357270e-01 6.57458425e-01 6.37927234e-01 6.25273943e-01
    6.51281416e-01 6.36321187e-01 5.61319172e-01 4.96647537e-01
    4.56057727e-01 4.53334659e-01 5.14917314e-01 5.47679722e-01
    4.91147101e-01 4.56702620e-01 4.77561951e-01 4.86787617e-01
    5.12614846e-01 5.43866694e-01 5.19403040e-01 4.92825031e-01
    4.98633534e-01 4.98859107e-01 5.08142769e-01 5.34155309e-01
    5.38081229e-01 5.03738344e-01 4.32437450e-01 3.45291048e-01
    3.00066561e-01 3.30510944e-01 3.96555930e-01 4.38675076e-01
    4.46988255e-01 4.65618759e-01 5.29915452e-01 5.89924574e-01
    5.81222177e-01 5.16084135e-01 4.41074133e-01 4.17076766e-01
    4.71827775e-01 5.28348863e-01 5.05520105e-01 4.48425770e-01
    4.30461437e-01 4.36343849e-01 4.59647834e-01 4.99337494e-01
    4.92907971e-01 4.36500221e-01 4.01656330e-01 4.41447198e-01
    5.34596860e-01 5.54917872e-01 4.57268506e-01 3.82362783e-01
    4.02043581e-01 4.74577755e-01 5.82700253e-01 6.58050299e-01
    6.35638237e-01 5.87223053e-01 6.05266809e-01 6.67842746e-01
    6.89899206e-01 6.59457266e-01 6.19343162e-01 5.58279634e-01
    4.56525773e-01 3.72565687e-01 4.09670532e-01 5.56515455e-01
    6.64228261e-01 6.63107157e-01 6.28078997e-01 5.99293768e-01
    5.11682689e-01 3.98738652e-01 3.91636133e-01 4.39308792e-01
    4.28408712e-01 4.08119142e-01 3.98586124e-01 3.47946912e-01
    3.41222018e-01 4.58611041e-01 5.70173502e-01 5.47266543e-01
    4.53181595e-01 4.32917058e-01 5.13704717e-01 5.61065614e-01
    5.04394829e-01 4.49705929e-01 4.89180058e-01 5.78498781e-01
    5.99216104e-01 5.10363400e-01 4.09655273e-01 3.83886665e-01
    4.20454592e-01 4.61955696e-01 4.97050405e-01 5.59442699e-01
    6.03440881e-01 5.73746204e-01 5.41593015e-01 5.71125269e-01
    5.92849851e-01 5.43614984e-01 4.93108243e-01 5.00420809e-01
    5.02830625e-01 4.84555274e-01 5.11960506e-01 5.55921733e-01
    5.52064776e-01 5.26424646e-01 5.08415341e-01 4.89443183e-01
    4.69486058e-01 4.49586600e-01 4.44084466e-01 4.70168531e-01
    5.03221810e-01 4.99880254e-01 4.56095517e-01 4.40602094e-01
    4.86446679e-01 5.06473482e-01 4.34526652e-01 2.89118111e-01
    4.64076847e-01 5.94170570e-01 5.96196532e-01 5.83856761e-01
    5.55013180e-01 4.80961412e-01 4.28653955e-01 4.39296454e-01
    4.67579365e-01 4.73152995e-01 4.92015868e-01 5.68435073e-01
    6.40669227e-01 6.16608918e-01 5.31197309e-01 4.90882188e-01
    5.09080291e-01 5.15851617e-01 4.89865869e-01 4.88289684e-01
    5.33746183e-01 5.62971830e-01 5.60734570e-01 5.77578485e-01
    5.90916514e-01 5.78863740e-01 5.78506231e-01 5.64944267e-01
    5.22744715e-01 5.04047334e-01 5.04516721e-01 5.07341504e-01
    5.30529320e-01 5.37980795e-01 4.95899141e-01 4.48814154e-01
    4.57658619e-01 5.17825603e-01 5.50799966e-01 5.12473226e-01
    4.46548283e-01 4.01455432e-01 3.87538254e-01 3.89099181e-01
    3.90671551e-01 4.31802303e-01 5.32471061e-01 5.99467874e-01
    5.77201784e-01 5.31666040e-01 5.28078794e-01 5.53499460e-01
    5.50115705e-01 5.30403972e-01 5.26597083e-01 5.06721854e-01
    4.98248965e-01 5.17462373e-01 4.75145757e-01 3.85608315e-01
    3.57879758e-01 3.94760072e-01 4.52072680e-01 5.18229008e-01
    5.50695240e-01 5.20672381e-01 4.86383080e-01 4.73631859e-01
    4.44109410e-01 4.07947898e-01 4.05134261e-01 4.69505280e-01
    5.72220743e-01 5.99862516e-01 5.16300380e-01 4.14203823e-01
    3.80200386e-01 4.24535573e-01 5.01148522e-01 5.30001998e-01
    4.79351312e-01 4.38516110e-01 4.65165347e-01 4.60340232e-01
    3.65410417e-01 2.93025017e-01 3.36898029e-01 4.18131053e-01
    4.22453791e-01 3.83460879e-01 4.00215000e-01 4.82253581e-01
    5.43370605e-01 5.29908478e-01 5.30640900e-01 5.97914815e-01
    6.33653104e-01 5.99550903e-01 5.56514561e-01 5.19403636e-01
    4.76239204e-01 4.37964737e-01 4.22162235e-01 4.36446786e-01
    4.52575088e-01 4.55038309e-01 4.87644494e-01 5.67298830e-01
    5.93394935e-01 4.94141668e-01 3.97472948e-01 4.18306023e-01
    4.92824167e-01 5.59809744e-01 6.06852472e-01 5.99638045e-01
    5.63436508e-01 5.62148154e-01 5.60999870e-01 5.06292641e-01
    4.53218400e-01 4.62713927e-01 5.07545710e-01 5.46202004e-01
    5.80175757e-01 5.99804580e-01 5.76112330e-01 5.56672990e-01
    5.92312455e-01 6.19627357e-01 5.85037708e-01 5.10539711e-01
    4.39222068e-01 4.34183806e-01 4.94563520e-01 5.07445157e-01
    4.49749798e-01 4.43392932e-01 4.84806091e-01 4.84096766e-01
    4.86524910e-01 4.98800069e-01 4.70103860e-01 4.76508826e-01
    5.49953222e-01 6.21432960e-01 6.69986010e-01 6.79233253e-01
    6.41867816e-01 5.85437417e-01 5.05725682e-01 4.09465224e-01
    3.55001658e-01 3.88241291e-01 4.79183882e-01 5.38571656e-01
    5.25968015e-01 4.97295231e-01 5.21348059e-01 5.95911086e-01
    6.43088698e-01 5.92896581e-01 4.93775368e-01 4.55410033e-01
    4.96238321e-01 5.44242978e-01 5.32319903e-01 4.83391881e-01
    4.45027798e-01 4.06523794e-01 4.10342842e-01 4.76006597e-01
    5.02849281e-01 4.64318395e-01 4.36956704e-01 4.69907075e-01
    5.35561025e-01 5.25800526e-01 4.18915838e-01 3.69977802e-01
    4.63098526e-01 6.05920851e-01 6.93263292e-01 6.83677137e-01
    6.07163370e-01 5.47799051e-01 5.66491842e-01 6.32196426e-01
    6.64534509e-01 6.51199102e-01 6.22051597e-01 5.68912148e-01
    4.84075904e-01 4.15486842e-01 4.62916195e-01 6.23357713e-01
    7.27031291e-01 7.03451693e-01 6.63901985e-01 6.38902366e-01
    5.52789271e-01 4.64505285e-01 4.77508426e-01 5.08930326e-01
    4.85191107e-01 4.75524694e-01 4.65207815e-01 3.88315618e-01
    3.46691072e-01 4.26352620e-01 5.15337825e-01 5.15677333e-01
    4.58126962e-01 4.39116061e-01 4.96947229e-01 5.21801949e-01
    4.65282530e-01 4.28505808e-01 4.66181934e-01 5.49988806e-01
    5.88922083e-01 5.11800051e-01 4.20607924e-01 4.30508345e-01
    4.92342472e-01 5.26685059e-01 5.53234696e-01 5.94695091e-01
    5.88246286e-01 5.34223974e-01 5.21623552e-01 5.61346591e-01
    5.93559146e-01 5.86568117e-01 5.73832393e-01 5.85432768e-01
    5.67304492e-01 5.15087903e-01 5.11987448e-01 5.32157481e-01
    4.96015996e-01 4.36645418e-01 4.04670000e-01 3.92138481e-01
    3.99772316e-01 4.38299745e-01 4.85761046e-01 5.13354659e-01
    5.35039008e-01 5.42740524e-01 4.84847695e-01 4.06093150e-01
    3.86280268e-01 3.84349853e-01 3.29652190e-01 2.15873614e-01
    4.99211669e-01 6.55374169e-01 6.41712129e-01 6.00744903e-01
    5.77787995e-01 5.14555216e-01 4.35197055e-01 4.01654273e-01
    4.04510945e-01 4.10818458e-01 4.59097028e-01 5.67453086e-01
    6.29174352e-01 5.79868317e-01 4.97266412e-01 4.57788140e-01
    4.49133754e-01 4.43454921e-01 4.65659916e-01 5.12393117e-01
    5.26340961e-01 5.24413824e-01 5.67534924e-01 6.22573256e-01
    6.24308884e-01 6.04615450e-01 6.15631282e-01 6.28005743e-01
    6.10578001e-01 5.56499898e-01 4.83670741e-01 4.61578190e-01
    4.81001794e-01 4.68401045e-01 4.43262666e-01 4.50511545e-01
    4.78043675e-01 4.99673069e-01 4.94211763e-01 4.57274824e-01
    4.21632856e-01 4.23687667e-01 4.55874205e-01 4.81232017e-01
    4.88638669e-01 5.25857985e-01 6.03045821e-01 6.38874829e-01
    6.09544694e-01 5.64320028e-01 5.26645005e-01 5.09369731e-01
    5.18624902e-01 5.42462409e-01 5.49854875e-01 5.41129112e-01
    5.78085005e-01 6.32733047e-01 5.86410642e-01 4.67914969e-01
    4.17023063e-01 4.47281539e-01 4.77820188e-01 4.81224954e-01
    4.67618793e-01 4.59028542e-01 4.99559700e-01 5.54428339e-01
    5.42547166e-01 4.93518502e-01 4.79036868e-01 5.29495716e-01
    6.08875513e-01 6.08255446e-01 5.11640131e-01 4.35660899e-01
    4.25432205e-01 4.22212839e-01 4.32417780e-01 4.82433677e-01
    5.07114708e-01 4.85958070e-01 4.90365505e-01 5.09337366e-01
    4.52530175e-01 3.60921800e-01 3.68469894e-01 4.37358052e-01
    4.15605634e-01 3.18990886e-01 2.90878296e-01 3.81073087e-01
    4.90776807e-01 5.28161645e-01 5.53813636e-01 6.04052305e-01
    6.00041866e-01 5.54838657e-01 5.38480043e-01 5.32124996e-01
    5.07352412e-01 4.72395897e-01 4.47150022e-01 4.41641092e-01
    4.35706228e-01 4.51418549e-01 5.32593548e-01 6.30828023e-01
    6.38815343e-01 5.24572670e-01 4.17121738e-01 4.45539862e-01
    5.38513541e-01 5.86120844e-01 5.83486438e-01 5.46364188e-01
    5.28956294e-01 5.62175989e-01 5.47329545e-01 4.55106169e-01
    4.07198042e-01 4.43224818e-01 4.80421573e-01 4.68775183e-01
    4.55075473e-01 4.96479005e-01 5.41608691e-01 5.34349024e-01
    5.21509647e-01 5.28441846e-01 5.13164282e-01 4.58530486e-01
    4.17891592e-01 4.51522499e-01 5.09969950e-01 4.90240246e-01
    4.25329238e-01 4.33810890e-01 4.90892380e-01 5.06360948e-01
    5.01481056e-01 4.71452922e-01 4.15544659e-01 4.56555903e-01
    5.89771271e-01 6.86024547e-01 7.20143199e-01 6.89220726e-01
    6.04177237e-01 5.38886786e-01 5.07367253e-01 4.74011630e-01
    4.56085324e-01 4.98166084e-01 5.86112380e-01 6.33295774e-01
    5.90374172e-01 5.04452229e-01 4.55118209e-01 5.04287422e-01
    6.02984309e-01 6.13352537e-01 5.37402928e-01 4.89636898e-01
    4.96513575e-01 5.17215669e-01 5.30993998e-01 5.51027477e-01
    5.51187098e-01 4.85949337e-01 4.38302338e-01 4.82419699e-01
    5.25948048e-01 5.05562365e-01 4.77964610e-01 4.86382872e-01
    5.02635896e-01 4.66066748e-01 3.85278314e-01 3.70976388e-01
    4.85639274e-01 6.38854384e-01 6.98735714e-01 6.55177116e-01
    5.77611089e-01 4.97419745e-01 4.62854236e-01 5.14667988e-01
    5.94749629e-01 6.37885928e-01 6.20121181e-01 5.43825448e-01
    4.58513707e-01 4.09633964e-01 4.41134930e-01 5.63482344e-01
    6.60849690e-01 6.64514363e-01 6.48907721e-01 6.22810423e-01
    5.42774498e-01 4.85054553e-01 5.27197957e-01 5.94576180e-01
    6.13493681e-01 6.09247208e-01 5.70136547e-01 4.78069544e-01
    4.34872210e-01 4.98473644e-01 5.69983363e-01 5.70749581e-01
    5.10549426e-01 4.61263210e-01 4.63387847e-01 4.54602242e-01
    4.41871822e-01 4.73863244e-01 5.22132695e-01 5.83651602e-01
    6.11341000e-01 5.32194734e-01 4.50145304e-01 4.74006444e-01
    5.31677961e-01 5.49811900e-01 5.68367004e-01 5.94340861e-01
    5.52281559e-01 4.69184965e-01 4.38988984e-01 4.64082181e-01
    5.25293708e-01 5.91146290e-01 6.11009240e-01 6.00822031e-01
    5.73938727e-01 5.24207532e-01 5.04297018e-01 5.17135084e-01
    4.86897856e-01 4.13102031e-01 3.63830864e-01 3.68915915e-01
    4.09609616e-01 4.62591678e-01 5.15416563e-01 5.53673983e-01
    5.84100842e-01 5.94057679e-01 5.38885415e-01 4.54606116e-01
    4.04946089e-01 3.72030348e-01 3.07835013e-01 1.94387823e-01
    5.06414175e-01 6.90249443e-01 6.98052168e-01 6.53447509e-01
    6.03530645e-01 5.07827401e-01 4.10116076e-01 3.88326108e-01
    4.21519428e-01 4.29906875e-01 4.44546610e-01 5.26969850e-01
    5.85480094e-01 5.54480493e-01 5.15549600e-01 5.13738513e-01
    5.03976166e-01 4.83007610e-01 5.07364452e-01 5.50583303e-01
    5.47148168e-01 5.53700805e-01 6.09287977e-01 6.25394285e-01
    5.74468136e-01 5.30520022e-01 5.35231650e-01 5.89397430e-01
    6.40198171e-01 5.79909205e-01 4.53192502e-01 4.27547663e-01
    4.69667107e-01 4.41286623e-01 3.80332530e-01 3.93208504e-01
    4.60122436e-01 4.91580725e-01 4.66160387e-01 4.23267931e-01
    4.08159316e-01 4.50284481e-01 5.20630062e-01 5.55682600e-01
    5.62354088e-01 6.03061438e-01 6.58389330e-01 6.48576736e-01
    5.87449014e-01 5.43727696e-01 5.14076352e-01 5.01620114e-01
    5.56336820e-01 6.30867243e-01 6.26758039e-01 5.86579800e-01
    6.10766888e-01 6.65961921e-01 6.59921169e-01 5.99131763e-01
    5.56673884e-01 5.48618734e-01 5.30324757e-01 4.94125873e-01
    4.58195686e-01 4.45441127e-01 5.07558286e-01 5.95915496e-01
    6.01051509e-01 5.60662985e-01 5.53287506e-01 5.58885992e-01
    5.36866367e-01 4.95115638e-01 4.68355775e-01 4.68977243e-01
    4.66883898e-01 4.26225215e-01 4.06740814e-01 4.71161216e-01
    5.25786877e-01 5.12246728e-01 5.29010475e-01 5.85918725e-01
    5.56883097e-01 4.56943303e-01 4.41819638e-01 4.96711314e-01
    4.64145213e-01 3.52846146e-01 3.00394475e-01 3.56257796e-01
    4.55813318e-01 5.17946839e-01 5.46871662e-01 5.51454604e-01
    5.07521868e-01 4.76497293e-01 4.96440858e-01 5.07530928e-01
    5.00556886e-01 4.96340185e-01 4.94802266e-01 4.97860909e-01
    4.80140954e-01 4.59493548e-01 4.91876811e-01 5.44144332e-01
    5.47601759e-01 4.89591330e-01 4.25959200e-01 4.38956589e-01
    5.09595752e-01 5.61621368e-01 5.64694643e-01 5.18244267e-01
    5.02305567e-01 5.64198315e-01 5.88758290e-01 5.34114301e-01
    4.99613047e-01 5.06522179e-01 4.88357246e-01 4.18218076e-01
    3.71514082e-01 4.28459525e-01 5.12160063e-01 5.09723961e-01
    4.64392245e-01 4.47064787e-01 4.32105541e-01 4.08514351e-01
    4.30198967e-01 5.08053064e-01 5.50726414e-01 4.91975039e-01
    4.04832482e-01 3.98164839e-01 4.67887163e-01 5.37071526e-01
    5.62034786e-01 5.01542747e-01 3.99186760e-01 4.20511961e-01
    5.44117570e-01 6.08802557e-01 6.15635157e-01 5.74637413e-01
    4.72544581e-01 4.23008025e-01 4.62648749e-01 4.98088181e-01
    5.22018373e-01 5.77330291e-01 6.34293199e-01 6.44295752e-01
    6.01506174e-01 5.17703533e-01 4.33182508e-01 4.32314247e-01
    5.05933046e-01 5.32564044e-01 4.80086923e-01 4.21852946e-01
    4.08874124e-01 4.42425609e-01 5.16016483e-01 6.09717607e-01
    6.42067254e-01 5.74873865e-01 5.09933650e-01 5.23962736e-01
    5.49976826e-01 5.27843177e-01 4.98290092e-01 4.96199220e-01
    4.88577306e-01 4.42538053e-01 3.88692170e-01 3.73452514e-01
    4.22181576e-01 5.22646725e-01 5.89233339e-01 5.85372210e-01
    5.40484428e-01 4.40867215e-01 3.57132792e-01 4.06424612e-01
    5.33161581e-01 6.14214659e-01 6.02602363e-01 5.21696508e-01
    4.50217754e-01 4.20354635e-01 4.24815238e-01 4.89121199e-01
    5.73963284e-01 6.11677825e-01 6.00561738e-01 5.39892316e-01
    4.51426148e-01 4.07684118e-01 4.50413644e-01 5.42355716e-01
    6.18537009e-01 6.46194577e-01 6.15287781e-01 5.54276347e-01
    5.46331763e-01 6.16955101e-01 6.75597608e-01 6.47504508e-01
    5.55646658e-01 4.80727762e-01 4.47891921e-01 4.22487319e-01
    4.38527822e-01 5.14354467e-01 5.97843766e-01 6.63960040e-01
    6.61619306e-01 5.58914721e-01 4.59824800e-01 4.52463001e-01
    4.87852305e-01 5.05357087e-01 5.27893603e-01 5.55027783e-01
    5.11132479e-01 4.20332223e-01 3.81477028e-01 3.95681202e-01
    4.55281883e-01 5.56171715e-01 6.14314973e-01 6.11119151e-01
    5.95004261e-01 5.50422490e-01 5.07661283e-01 5.18145144e-01
    5.13473630e-01 4.54527944e-01 4.14058089e-01 4.34899449e-01
    4.77966994e-01 5.07233679e-01 5.37829638e-01 5.73479474e-01
    5.95796287e-01 5.85188329e-01 5.35041213e-01 4.94657218e-01
    4.87594813e-01 4.68531549e-01 4.03815418e-01 2.75598228e-01
    4.40040380e-01 6.07628822e-01 6.42950475e-01 6.33708477e-01
    5.86700320e-01 4.66921121e-01 3.66124213e-01 3.91745955e-01
    4.74393964e-01 4.76643741e-01 4.38041449e-01 4.66471553e-01
    5.07804334e-01 4.97574121e-01 4.96304393e-01 5.34746289e-01
    5.62567890e-01 5.59638798e-01 5.61799824e-01 5.81215501e-01
    6.05284691e-01 6.35619819e-01 6.33185089e-01 5.66610157e-01
    4.95709121e-01 4.57112581e-01 4.49062526e-01 5.21185338e-01
    6.21673822e-01 5.82736194e-01 4.48714048e-01 4.18831199e-01
    4.80468184e-01 4.74367708e-01 3.86518747e-01 3.58678997e-01
    4.30752546e-01 4.80530441e-01 4.51166660e-01 3.98377717e-01
    3.86131942e-01 4.49557155e-01 5.37906826e-01 5.58106065e-01
    5.50986767e-01 6.12526596e-01 6.86871350e-01 6.58798754e-01
    5.50013065e-01 4.84860927e-01 4.89108771e-01 5.22527277e-01
    6.09040916e-01 6.95526123e-01 6.77094400e-01 6.09543979e-01
    5.90669036e-01 6.06164873e-01 6.19842112e-01 6.20726168e-01
    6.19021773e-01 6.08438492e-01 5.56366384e-01 5.09669542e-01
    5.01113057e-01 4.94340956e-01 5.32670796e-01 6.06364310e-01
    6.13641798e-01 5.84008217e-01 5.76419175e-01 5.34655094e-01
    4.39173460e-01 3.89876395e-01 4.36864018e-01 4.90232766e-01
    4.83287305e-01 4.43157017e-01 4.37070936e-01 4.98468995e-01
    5.49096107e-01 5.51401436e-01 5.82695067e-01 6.23357415e-01
    5.79802454e-01 4.95226294e-01 4.79603827e-01 5.08761048e-01
    4.88868505e-01 4.36094761e-01 4.14854407e-01 4.40666735e-01
    4.92630988e-01 5.23803234e-01 5.20292163e-01 4.88205403e-01
    4.28532511e-01 3.93510431e-01 4.10756558e-01 4.43805307e-01
    4.78381038e-01 5.07820845e-01 5.36848247e-01 5.73791265e-01
    5.67019224e-01 5.02534986e-01 4.40132856e-01 3.97938281e-01
    3.82932723e-01 4.13214535e-01 4.49687034e-01 4.60293591e-01
    4.82006520e-01 5.46733558e-01 5.94340980e-01 5.62679648e-01
    5.39408088e-01 5.90979755e-01 6.17639184e-01 5.83143592e-01
    5.56338847e-01 5.39153397e-01 4.91435975e-01 4.17220592e-01
    3.76712263e-01 4.04332280e-01 4.46090102e-01 4.46241856e-01
    4.28646326e-01 4.35596228e-01 4.45360512e-01 4.42151517e-01
    4.83414322e-01 5.63381612e-01 5.67092001e-01 4.76664841e-01
    3.90775949e-01 3.64551246e-01 4.03595775e-01 4.89604771e-01
    5.68227351e-01 5.51324427e-01 4.46571469e-01 4.21011478e-01
    4.91392076e-01 5.09727359e-01 4.85246718e-01 4.50527132e-01
    3.88387471e-01 3.89681667e-01 4.56373632e-01 4.83980358e-01
    4.99962121e-01 5.45247495e-01 5.61512828e-01 5.39726675e-01
    5.15460134e-01 4.72803921e-01 4.28175539e-01 4.36468184e-01
    4.61632669e-01 4.39213783e-01 3.76569271e-01 3.16571623e-01
    3.06202501e-01 3.68808419e-01 4.99708623e-01 6.29652560e-01
    6.42998397e-01 5.60574174e-01 5.19815445e-01 5.47509551e-01
    5.56366861e-01 5.26786923e-01 5.12742519e-01 5.26348710e-01
    5.30051649e-01 4.92717534e-01 4.40439194e-01 3.97847474e-01
    3.70529860e-01 3.98851275e-01 4.67261374e-01 5.22709846e-01
    5.30010760e-01 4.38381612e-01 3.28189820e-01 3.67793143e-01
    5.16598582e-01 6.01996183e-01 5.81712544e-01 5.24790764e-01
    4.87215668e-01 4.71311361e-01 4.71684337e-01 5.08926034e-01
    5.73164046e-01 6.10268354e-01 5.65855801e-01 4.56388354e-01
    3.77364457e-01 3.74263972e-01 4.19421583e-01 4.92118418e-01
    5.75101078e-01 6.25731349e-01 6.24519408e-01 6.15447521e-01
    6.49133861e-01 7.11619258e-01 7.20796466e-01 6.34890258e-01
    5.20709634e-01 4.61053073e-01 4.53517914e-01 4.46459651e-01
    4.37121987e-01 4.73560572e-01 5.70016861e-01 6.55412197e-01
    6.53775334e-01 5.67643285e-01 4.60202605e-01 4.09058124e-01
    4.23821807e-01 4.52559978e-01 4.92603332e-01 5.34826696e-01
    4.98222798e-01 4.08446819e-01 3.79357636e-01 3.87375027e-01
    4.01395202e-01 4.74857628e-01 5.54086387e-01 5.81620932e-01
    5.96691549e-01 5.74944913e-01 5.19540846e-01 5.11676729e-01
    5.26462317e-01 5.07613420e-01 4.93602782e-01 5.12942612e-01
    5.19048333e-01 4.94091868e-01 4.93826926e-01 5.23791671e-01
    5.38049340e-01 5.22298038e-01 4.87948358e-01 4.80603784e-01
    5.08978426e-01 5.24131596e-01 5.02684951e-01 3.93569112e-01
    3.53133053e-01 4.60897058e-01 4.85523373e-01 5.19282818e-01
    5.42621493e-01 4.78715777e-01 4.00905758e-01 4.39705521e-01
    5.35841167e-01 5.41103840e-01 4.67985481e-01 4.19122726e-01
    4.07287091e-01 4.15220976e-01 4.62862611e-01 5.28837740e-01
    5.67967951e-01 5.73159337e-01 5.68512619e-01 5.99459946e-01
    6.65370166e-01 6.81836605e-01 5.96680999e-01 4.90083635e-01
    4.56432134e-01 4.57583845e-01 4.53236103e-01 5.15525341e-01
    6.10844076e-01 5.72975993e-01 4.34596419e-01 3.84489506e-01
    4.47786033e-01 4.84345198e-01 4.11341041e-01 3.44656944e-01
    3.96277279e-01 4.73011494e-01 4.69157398e-01 4.12794083e-01
    3.88604850e-01 4.47888702e-01 5.27692914e-01 5.30150533e-01
    5.04678607e-01 5.49335003e-01 6.25057578e-01 6.23989105e-01
    5.32553852e-01 4.62178558e-01 4.79838431e-01 5.40086210e-01
    6.04594588e-01 6.44320965e-01 6.33592427e-01 6.06199920e-01
    5.87107658e-01 5.68610072e-01 5.54781854e-01 5.41110575e-01
    5.49115002e-01 5.59867501e-01 5.09983957e-01 4.75661069e-01
    5.05996466e-01 5.15941918e-01 5.37795544e-01 6.10112369e-01
    6.42589450e-01 6.23386979e-01 5.86440802e-01 5.08902967e-01
    4.14172202e-01 3.80542278e-01 4.31683570e-01 4.86773282e-01
    4.84959722e-01 4.68647480e-01 4.85766649e-01 5.39104760e-01
    5.98009050e-01 6.40086710e-01 6.62338436e-01 6.31443024e-01
    5.53442359e-01 5.08718371e-01 5.12973607e-01 5.00012934e-01
    4.67893422e-01 4.63849247e-01 4.78121608e-01 5.00347316e-01
    5.28108180e-01 5.32724559e-01 5.13012886e-01 4.69831705e-01
    4.06686366e-01 3.63746464e-01 3.65180165e-01 4.01629567e-01
    4.42134380e-01 4.68840033e-01 5.17742038e-01 5.91605186e-01
    6.11613929e-01 5.43026447e-01 4.31461185e-01 3.31271946e-01
    3.09896886e-01 3.89847904e-01 4.73839611e-01 4.81070071e-01
    4.80033666e-01 5.54358661e-01 6.35501087e-01 6.29852593e-01
    5.84845603e-01 5.56766510e-01 5.13729334e-01 4.72332329e-01
    4.86666620e-01 5.18936217e-01 5.01212835e-01 4.46344346e-01
    4.06450868e-01 3.85236084e-01 3.80673319e-01 3.98900479e-01
    4.16463017e-01 4.50124741e-01 5.02907813e-01 5.30703247e-01
    5.75083971e-01 6.35386944e-01 5.90938568e-01 4.73694950e-01
    4.12144959e-01 3.90789688e-01 3.79484653e-01 4.28455025e-01
    5.43885767e-01 6.05855584e-01 5.34315467e-01 4.65402871e-01
    4.80948001e-01 4.74451721e-01 4.27893549e-01 4.03921604e-01
    4.17787910e-01 4.67557043e-01 5.01322567e-01 4.75387365e-01
    4.43585813e-01 4.39638734e-01 4.26912725e-01 4.11582381e-01
    4.14098650e-01 4.10674930e-01 4.25608188e-01 4.79740769e-01
    5.03421187e-01 4.62795049e-01 3.85655314e-01 3.09722930e-01
    2.82248557e-01 3.31081063e-01 4.65956539e-01 5.96924007e-01
    5.80466390e-01 4.73175228e-01 4.54133332e-01 5.21865368e-01
    5.37219644e-01 4.98210341e-01 5.02933502e-01 5.50725460e-01
    5.77005923e-01 5.43365777e-01 4.80703861e-01 4.32285279e-01
    3.92749488e-01 3.81229699e-01 4.26994413e-01 5.10943413e-01
    5.58945179e-01 4.92490619e-01 3.78137827e-01 3.86821598e-01
    5.16721308e-01 5.87668955e-01 5.44851124e-01 4.94403988e-01
    4.82841343e-01 4.86684322e-01 5.07930160e-01 5.41754901e-01
    5.77688396e-01 6.01523995e-01 5.49282730e-01 4.41983342e-01
    4.09422338e-01 4.64888513e-01 5.20198405e-01 5.57168782e-01
    6.00939393e-01 6.30072176e-01 6.41026914e-01 6.70421004e-01
    7.08003044e-01 7.14164436e-01 6.45403206e-01 5.09169757e-01
    4.05668437e-01 3.95604223e-01 4.40478891e-01 4.62027967e-01
    4.22327876e-01 4.09034640e-01 4.83972400e-01 5.53223670e-01
    5.60281634e-01 5.18188477e-01 4.36454356e-01 3.94949257e-01
    4.29558754e-01 4.72668052e-01 5.11589825e-01 5.45816183e-01
    5.14493585e-01 4.44103420e-01 4.20536250e-01 4.09267992e-01
    3.87498915e-01 4.16808724e-01 4.57578540e-01 4.67178702e-01
    4.98744100e-01 5.28812349e-01 5.08075297e-01 4.92598325e-01
    5.14353037e-01 5.20229280e-01 5.08784592e-01 5.27092874e-01
    5.28470457e-01 4.66437966e-01 4.29915786e-01 4.59515095e-01
    4.85825151e-01 4.82732356e-01 4.76388484e-01 4.97223139e-01
    5.19706845e-01 5.16673148e-01 5.16813755e-01 4.42118555e-01
    3.27692270e-01 3.91123891e-01 4.04988348e-01 4.76359576e-01
    5.66351771e-01 5.64904213e-01 4.96535510e-01 4.90218014e-01
    5.53921461e-01 5.83538055e-01 5.28731525e-01 4.22748208e-01
    3.40398371e-01 3.54102492e-01 4.54471052e-01 5.37036777e-01
    5.46286166e-01 5.22774160e-01 5.10899305e-01 5.50683260e-01
    6.29447281e-01 6.39355183e-01 5.46395898e-01 4.59551573e-01
    4.52527076e-01 4.85239446e-01 5.07491827e-01 5.46841383e-01
    5.91153026e-01 5.25398910e-01 3.85419250e-01 3.49817634e-01
    4.34143364e-01 4.88964856e-01 4.25309926e-01 3.52854997e-01
    4.08375144e-01 5.13072670e-01 5.18783927e-01 4.44935024e-01
    4.23646808e-01 4.93462831e-01 5.46610415e-01 5.23841202e-01
    4.84816909e-01 4.69833344e-01 4.80971366e-01 5.07660568e-01
    5.15474379e-01 4.91031289e-01 4.76310313e-01 5.06092906e-01
    5.32681763e-01 5.20114422e-01 5.27045965e-01 5.79860866e-01
    6.10241652e-01 5.86994886e-01 5.30434132e-01 4.52995360e-01
    4.18981314e-01 4.34366256e-01 4.16807234e-01 4.01439041e-01
    4.31187183e-01 4.50360566e-01 4.88424182e-01 5.87061465e-01
    6.59083903e-01 6.42376065e-01 5.65030217e-01 4.82914865e-01
    4.37462002e-01 4.24402654e-01 4.50608879e-01 4.90499824e-01
    4.83861625e-01 4.79385078e-01 5.36545336e-01 6.15238428e-01
    6.79193437e-01 7.12413788e-01 6.87467515e-01 6.04761958e-01
    5.24621308e-01 5.17581701e-01 5.49037158e-01 5.23458719e-01
    4.57961440e-01 4.22924757e-01 4.22349364e-01 4.58525330e-01
    5.07492840e-01 5.26193202e-01 5.21289051e-01 4.89305347e-01
    4.57042307e-01 4.60334927e-01 4.56445783e-01 4.27841693e-01
    4.03902262e-01 4.11887050e-01 4.79533076e-01 5.74647248e-01
    6.10609651e-01 5.52106857e-01 4.44980979e-01 3.65070105e-01
    3.72163594e-01 4.38486964e-01 4.63540941e-01 4.38543737e-01
    4.63577539e-01 5.69293737e-01 6.60691679e-01 6.57903075e-01
    5.82662821e-01 4.82435793e-01 3.81286204e-01 3.33379269e-01
    3.87845814e-01 4.77950662e-01 4.96723861e-01 4.52853024e-01
    4.08750474e-01 3.70738745e-01 3.64509076e-01 4.05206949e-01
    4.28425372e-01 4.44968641e-01 4.97830510e-01 5.53030193e-01
    6.19827092e-01 6.68501258e-01 6.00897908e-01 4.85910565e-01
    4.46003765e-01 4.51712221e-01 4.60310280e-01 5.00080943e-01
    5.87235928e-01 6.30320132e-01 5.44808149e-01 4.42386270e-01
    4.28393334e-01 4.30979013e-01 4.01203752e-01 4.12000299e-01
    4.92223889e-01 5.52873552e-01 5.51172137e-01 5.17222166e-01
    4.56981778e-01 3.98195267e-01 3.84154648e-01 4.06600744e-01
    4.31922853e-01 4.52049434e-01 4.87149268e-01 5.22771537e-01
    5.33647597e-01 5.35731792e-01 5.01070738e-01 4.17545527e-01
    3.54532182e-01 3.54521811e-01 4.36108530e-01 5.36405563e-01
    5.11583030e-01 3.99582803e-01 3.94877642e-01 5.01868784e-01
    5.32932878e-01 4.70882714e-01 4.70752507e-01 5.49298763e-01
    5.93061924e-01 5.47505260e-01 4.76829022e-01 4.44404393e-01
    4.20382768e-01 3.97215992e-01 4.26933974e-01 5.12805521e-01
    5.82005501e-01 5.72143972e-01 5.03050625e-01 4.60241765e-01
    4.92365062e-01 5.32641590e-01 5.13417959e-01 4.75159138e-01
    4.71702784e-01 4.98568058e-01 5.26523888e-01 5.19384146e-01
    4.89300162e-01 4.84766811e-01 4.78895426e-01 4.59774673e-01
    4.90873277e-01 5.46184361e-01 5.51490188e-01 5.41067243e-01
    5.67776144e-01 6.11962438e-01 6.61791205e-01 6.97753787e-01
    6.70730114e-01 5.93935907e-01 4.87530231e-01 3.65135461e-01
    3.10648173e-01 3.57892215e-01 4.43141848e-01 4.83972043e-01
    4.44019735e-01 4.12402004e-01 4.48296458e-01 4.78150487e-01
    4.77892607e-01 4.47431952e-01 3.87531459e-01 4.05745625e-01
    5.11958838e-01 5.69284618e-01 5.67598164e-01 5.73645353e-01
    5.72307765e-01 5.52886248e-01 5.21072924e-01 4.61407751e-01
    4.15799975e-01 4.14301783e-01 3.92702878e-01 3.49691421e-01
    3.61183941e-01 4.17540908e-01 4.57314372e-01 4.91132170e-01
    5.37352443e-01 5.37758887e-01 4.93304878e-01 5.04221857e-01
    5.48736334e-01 5.14540851e-01 4.49094683e-01 4.41305041e-01
    4.58538502e-01 4.64073271e-01 4.87001687e-01 5.54193318e-01
    5.90617836e-01 5.49811125e-01 5.03979564e-01 4.11959380e-01
    3.58026534e-01 4.22174096e-01 4.46737647e-01 5.44558764e-01
    6.50502980e-01 6.46594465e-01 5.58316290e-01 5.05203962e-01
    5.26649535e-01 5.82814991e-01 5.96600711e-01 4.99392241e-01
    3.65869910e-01 3.49764168e-01 4.46831614e-01 5.18473983e-01
    5.20041347e-01 5.08026361e-01 5.00695169e-01 5.00880122e-01
    5.35654604e-01 5.71577907e-01 5.61210275e-01 5.21615207e-01
    4.84210312e-01 4.94191140e-01 5.41982949e-01 5.64980865e-01
    5.46257973e-01 4.57591563e-01 3.42580229e-01 3.46492499e-01
    4.62038040e-01 5.21839619e-01 4.62262899e-01 4.06729400e-01
    4.57856745e-01 5.31067371e-01 5.05502582e-01 4.34592843e-01
    4.65153873e-01 5.70395231e-01 5.94797015e-01 5.47672749e-01
    5.10088503e-01 4.49432194e-01 3.77114803e-01 3.86202514e-01
    4.67570454e-01 4.90826219e-01 4.30611789e-01 4.04403985e-01
    4.22679484e-01 4.25795555e-01 4.64060992e-01 5.61437547e-01
    6.24921739e-01 6.05846763e-01 5.17955482e-01 3.89801770e-01
    3.20083618e-01 3.42684448e-01 3.66360664e-01 3.56841773e-01
    3.56435537e-01 3.87783051e-01 4.53789085e-01 5.49347460e-01
    6.18124306e-01 5.97542286e-01 5.16380966e-01 4.61364359e-01
    4.61160839e-01 4.81937945e-01 5.17580152e-01 5.29115081e-01
    4.74774033e-01 4.69160765e-01 5.84419370e-01 6.99880362e-01
    7.27018714e-01 6.82977438e-01 6.12650394e-01 5.61300397e-01
    5.37808537e-01 5.40153086e-01 5.62295794e-01 5.50733507e-01
    4.76038247e-01 3.92577529e-01 3.77702355e-01 4.43991423e-01
    5.10061383e-01 5.33875406e-01 5.38157701e-01 5.18693626e-01
    5.25412560e-01 5.86077094e-01 6.01174474e-01 5.37211180e-01
    4.74563777e-01 4.70340520e-01 5.21714330e-01 5.81768095e-01
    5.91972589e-01 5.37997365e-01 4.71043497e-01 4.46772277e-01
    4.69363660e-01 4.82357055e-01 4.37614799e-01 4.08384264e-01
    4.83913541e-01 6.02522373e-01 6.54514313e-01 6.28674984e-01
    5.71239233e-01 4.94687647e-01 3.93082827e-01 3.22882622e-01
    3.51786524e-01 4.30810124e-01 4.61669654e-01 4.42682177e-01
    4.20963973e-01 3.94562453e-01 3.82240176e-01 4.13951963e-01
    4.35329497e-01 4.25714523e-01 4.31160003e-01 4.60371166e-01
    5.11691749e-01 5.47059298e-01 5.13983309e-01 4.63151753e-01
    4.56737190e-01 5.00875115e-01 5.74845791e-01 6.14599049e-01
    6.04142010e-01 5.53980649e-01 4.49860394e-01 3.56014699e-01
    3.42416465e-01 3.62189293e-01 3.58917028e-01 3.94791603e-01
    4.90527064e-01 5.37144244e-01 5.38136721e-01 5.47619581e-01
    5.04465997e-01 4.39396948e-01 4.53604519e-01 5.03387570e-01
    5.23429632e-01 5.43532312e-01 5.67105472e-01 5.43392777e-01
    5.03982782e-01 5.27618706e-01 5.51518261e-01 5.03028452e-01
    4.42172021e-01 4.06818986e-01 4.21844006e-01 4.85961944e-01
    4.75604147e-01 3.79058003e-01 3.85331064e-01 5.21220267e-01
    5.71364462e-01 4.92956042e-01 4.70633179e-01 5.52327454e-01
    6.12308621e-01 5.68748355e-01 4.84551549e-01 4.40080374e-01
    4.05081034e-01 3.73129249e-01 4.00659680e-01 4.78349000e-01
    5.65294087e-01 6.39055490e-01 6.38653636e-01 5.33588827e-01
    4.31879789e-01 4.45126921e-01 5.11493206e-01 5.20278037e-01
    5.11184156e-01 5.49626708e-01 5.61661601e-01 4.79817688e-01
    3.76038194e-01 3.45417410e-01 3.92310590e-01 4.71544266e-01
    5.36084771e-01 5.27524114e-01 4.46875066e-01 3.96662951e-01
    4.38679278e-01 5.46439290e-01 6.61384523e-01 6.81525826e-01
    5.86826265e-01 4.90350425e-01 4.23438728e-01 3.50244880e-01
    3.32899213e-01 4.08767521e-01 5.07831335e-01 5.53284764e-01
    5.21953046e-01 4.77627128e-01 4.77749169e-01 4.88073230e-01
    4.71364200e-01 4.12699938e-01 3.55035692e-01 4.25851256e-01
    5.87441742e-01 6.35741293e-01 5.82199633e-01 5.79878509e-01
    6.25781775e-01 6.48009479e-01 6.02535784e-01 5.01862824e-01
    4.42698538e-01 4.33826447e-01 3.84716272e-01 3.12126607e-01
    3.01692337e-01 3.57970893e-01 4.31434304e-01 5.11120617e-01
    5.80859363e-01 5.67845285e-01 4.78579015e-01 4.50926512e-01
    5.31584561e-01 5.86507201e-01 5.49698472e-01 4.91621345e-01
    4.57289398e-01 4.45161968e-01 4.67419326e-01 5.45075953e-01
    6.12008870e-01 5.89667261e-01 5.04700959e-01 3.61039639e-01
    3.78496140e-01 4.81527984e-01 5.12118936e-01 5.91398835e-01
    6.79464221e-01 6.58262968e-01 5.62876344e-01 5.06884038e-01
    5.19353986e-01 5.90784013e-01 6.56922042e-01 5.97936511e-01
    4.53301281e-01 3.96024764e-01 4.37927067e-01 4.75745112e-01
    5.09940147e-01 5.62999547e-01 5.78721464e-01 5.35878956e-01
    5.15078843e-01 5.57951689e-01 6.12801373e-01 6.22280300e-01
    5.67881048e-01 5.28879642e-01 5.49408674e-01 5.45714676e-01
    4.99216080e-01 4.37488854e-01 3.68166178e-01 3.65483344e-01
    4.52768445e-01 5.15787482e-01 4.98664409e-01 4.77379739e-01
    4.89618301e-01 4.89532202e-01 4.46145177e-01 4.17424828e-01
    4.93690699e-01 6.05899692e-01 6.19159460e-01 5.74604630e-01
    5.37832856e-01 4.71541286e-01 3.91542733e-01 3.81739855e-01
    4.40004140e-01 4.45938259e-01 3.64510506e-01 3.11047703e-01
    3.38007957e-01 3.99421781e-01 4.77912039e-01 5.68727374e-01
    6.29432142e-01 6.18201792e-01 5.17125845e-01 3.77966374e-01
    3.21014673e-01 3.68755341e-01 4.17481899e-01 3.99891347e-01
    3.76281619e-01 4.20639813e-01 4.80623245e-01 5.04440725e-01
    5.19674301e-01 5.22812486e-01 5.02045453e-01 4.87977028e-01
    5.04169226e-01 5.47694862e-01 5.90743959e-01 5.65353572e-01
    4.78266627e-01 4.83760089e-01 6.24770224e-01 7.29139686e-01
    6.89712167e-01 5.81681609e-01 5.29267848e-01 5.66242695e-01
    6.08062923e-01 5.89737296e-01 5.50909102e-01 5.26823640e-01
    4.80457634e-01 4.12643194e-01 4.14378792e-01 4.91241783e-01
    5.36600590e-01 5.44284225e-01 5.51085830e-01 5.30166507e-01
    5.17607808e-01 5.67810357e-01 6.38470829e-01 6.61833346e-01
    6.29956365e-01 5.93355894e-01 5.84290683e-01 5.83372414e-01
    5.68970442e-01 5.43880582e-01 5.35856187e-01 5.51350594e-01
    5.49141049e-01 4.99083579e-01 4.42405522e-01 4.68095630e-01
    5.75074434e-01 6.47859514e-01 6.29455447e-01 5.88206291e-01
    5.81657231e-01 5.62072814e-01 4.80581045e-01 3.92593771e-01
    3.70216578e-01 4.02387977e-01 4.38931108e-01 4.55588996e-01
    4.60096478e-01 4.41144824e-01 3.96061599e-01 3.90324265e-01
    4.28404599e-01 4.34015960e-01 3.99315834e-01 3.64654422e-01
    3.53056699e-01 3.67228836e-01 3.94214451e-01 4.29095685e-01
    4.73610133e-01 5.49212515e-01 6.26153946e-01 5.99816561e-01
    4.91550744e-01 4.08959687e-01 3.63180667e-01 3.42767149e-01
    3.60905170e-01 3.82090956e-01 3.70024562e-01 3.87525707e-01
    4.49668884e-01 4.69741732e-01 4.80047911e-01 5.20238876e-01
    5.05220950e-01 4.64820027e-01 4.93384778e-01 5.37688375e-01
    5.47315955e-01 5.61633646e-01 5.74489057e-01 5.38719177e-01
    4.85560536e-01 4.85866815e-01 5.01564920e-01 4.87809271e-01
    4.78228897e-01 4.49931741e-01 4.20106888e-01 4.53209996e-01
    4.61544693e-01 3.89765680e-01 3.90289754e-01 5.23108125e-01
    6.03049934e-01 5.50156534e-01 5.12416899e-01 5.64499557e-01
    6.32862568e-01 6.32993400e-01 5.65125644e-01 4.84858274e-01
    4.02726918e-01 3.52510899e-01 3.78777832e-01 4.35548097e-01
    5.13047397e-01 6.31211758e-01 6.70719862e-01 5.36103487e-01
    3.73827904e-01 3.83938998e-01 5.12725115e-01 5.62806606e-01
    5.54062366e-01 6.01134479e-01 5.99439442e-01 4.67683494e-01
    3.45073640e-01 3.25967103e-01 3.82717162e-01 4.70890343e-01
    5.15568137e-01 4.65590358e-01 3.82915318e-01 3.63434523e-01
    4.11835074e-01 5.01377523e-01 5.96030653e-01 5.98558486e-01
    5.26029587e-01 5.06012201e-01 5.12469649e-01 4.69191074e-01
    4.45667326e-01 4.97966558e-01 5.64724922e-01 5.84019542e-01
    5.48019111e-01 4.94297534e-01 4.82266396e-01 4.97097790e-01
    4.70149726e-01 4.07636434e-01 3.85231495e-01 4.75554526e-01
    6.08728468e-01 6.10164642e-01 5.25484324e-01 5.23701906e-01
    5.83712161e-01 6.13270640e-01 5.74532568e-01 4.91990268e-01
    4.64337289e-01 4.86484468e-01 4.44317043e-01 3.54377806e-01
    3.37355614e-01 4.08463538e-01 4.83808637e-01 5.39894104e-01
    5.82908452e-01 5.57083368e-01 4.52311099e-01 3.87186736e-01
    4.58375007e-01 5.76788604e-01 6.17699444e-01 5.83852410e-01
    5.22826850e-01 4.64816332e-01 4.30398613e-01 4.46712017e-01
    5.04319370e-01 5.30476332e-01 4.70727444e-01 3.20941329e-01
    3.73881370e-01 5.18038094e-01 5.50106704e-01 5.80982208e-01
    6.33679390e-01 6.23151302e-01 5.64035356e-01 5.32678664e-01
    5.43395758e-01 5.97957253e-01 6.62992954e-01 6.35752857e-01
    5.21151066e-01 4.59926873e-01 4.76098627e-01 4.91340429e-01
    5.21611571e-01 5.84024668e-01 6.15966260e-01 6.00289226e-01
    5.84901869e-01 5.89007258e-01 6.14030302e-01 6.49082184e-01
    6.35671854e-01 5.82867086e-01 5.47753632e-01 5.13750434e-01
    4.86107856e-01 4.78394717e-01 4.51681405e-01 4.32350159e-01
    4.64528531e-01 5.00402749e-01 5.16784787e-01 5.38102031e-01
    5.35283208e-01 4.91899878e-01 4.36427206e-01 4.12013084e-01
    4.75358546e-01 5.76287627e-01 6.06639862e-01 5.73081911e-01
    5.19126534e-01 4.74471092e-01 4.68449980e-01 4.76360768e-01
    4.61351931e-01 4.10078585e-01 3.42638940e-01 3.13864976e-01
    3.45563143e-01 4.13439393e-01 4.83246118e-01 5.43476224e-01
    5.95596254e-01 5.91048241e-01 4.91208106e-01 3.86202991e-01
    3.88304830e-01 4.73138630e-01 5.29493809e-01 4.91552263e-01
    4.37401235e-01 4.67250675e-01 5.01725912e-01 4.58110780e-01
    4.22748268e-01 4.54767317e-01 5.02928972e-01 5.34653425e-01
    5.62744081e-01 5.86056173e-01 5.85324228e-01 5.56108594e-01
    5.27142763e-01 5.62067807e-01 6.58568382e-01 6.91759169e-01
    5.92165053e-01 4.73337024e-01 4.78903890e-01 5.73945045e-01
    6.18354917e-01 5.70494354e-01 4.93065059e-01 4.61866200e-01
    4.68143761e-01 4.55905080e-01 4.60515350e-01 4.98447180e-01
    5.17987788e-01 5.38855851e-01 5.68688631e-01 5.46192408e-01
    4.70493585e-01 4.45390612e-01 5.54167926e-01 6.92382097e-01
    7.04546869e-01 6.24330282e-01 5.60079932e-01 5.43185830e-01
    5.56476831e-01 5.74388206e-01 6.03963673e-01 6.34940207e-01
    6.10224247e-01 5.34674644e-01 5.00992954e-01 5.60099125e-01
    6.39733970e-01 6.55355990e-01 6.13049388e-01 5.78017116e-01
    5.73175490e-01 5.42436242e-01 4.76334184e-01 4.34246808e-01
    4.25153911e-01 4.26642895e-01 4.47136283e-01 4.73890722e-01
    4.83491927e-01 4.59789544e-01 3.90434593e-01 3.59371483e-01
    4.21603620e-01 4.68203664e-01 4.38795447e-01 3.92212927e-01
    3.63588721e-01 3.63641024e-01 4.01326001e-01 4.56497639e-01
    5.17234623e-01 5.91433525e-01 6.12302780e-01 5.05861163e-01
    3.72073412e-01 3.38025928e-01 3.77861381e-01 4.30872262e-01
    4.78194535e-01 4.87123102e-01 4.49629396e-01 4.37309623e-01
    4.61307317e-01 4.61382806e-01 4.70608264e-01 4.98943776e-01
    4.82086539e-01 4.52763617e-01 4.56011117e-01 4.62853938e-01
    4.77027893e-01 5.07916987e-01 5.27647913e-01 5.26818693e-01
    5.15175223e-01 4.94674176e-01 4.53402132e-01 4.32078272e-01
    4.71768111e-01 4.84976470e-01 4.42548573e-01 4.33594406e-01
    4.36277866e-01 3.87306482e-01 3.68246853e-01 4.71099555e-01
    5.89144349e-01 5.94063163e-01 5.58409274e-01 5.74201822e-01
    6.28267825e-01 6.74885511e-01 6.63013041e-01 5.70640922e-01
    4.42856193e-01 3.84062737e-01 4.19036716e-01 4.50839967e-01
    4.84933913e-01 5.83802760e-01 6.30379081e-01 5.18347561e-01
    3.79992902e-01 3.94036680e-01 5.14881313e-01 5.65511823e-01
    5.66803753e-01 6.25855088e-01 6.35531485e-01 5.23090482e-01
    4.27732080e-01 4.14586931e-01 4.32298541e-01 4.59165633e-01
    4.65309530e-01 4.36589539e-01 4.38467294e-01 4.97124881e-01
    5.27893960e-01 4.99589920e-01 4.72567320e-01 4.52570945e-01
    4.52835053e-01 5.12208164e-01 5.61525464e-01 5.45993149e-01
    5.31441748e-01 5.58590651e-01 5.76839209e-01 5.44780135e-01
    4.80691373e-01 4.29384828e-01 4.39742982e-01 4.76119429e-01
    4.69059080e-01 4.59531218e-01 4.90079433e-01 5.52118957e-01
    6.03081644e-01 5.68279624e-01 4.94547755e-01 4.80059743e-01
    5.02609432e-01 5.12446702e-01 4.90145385e-01 4.54918116e-01
    4.85859424e-01 5.58405280e-01 5.34944236e-01 4.34547782e-01
    4.11976844e-01 4.83442634e-01 5.47680438e-01 5.78507721e-01
    5.91554999e-01 5.62916994e-01 4.79633540e-01 3.98752719e-01
    4.05080169e-01 4.83170331e-01 5.57467759e-01 5.98316014e-01
    5.81429005e-01 5.03759563e-01 4.12143618e-01 3.66730154e-01
    4.00108159e-01 4.56867039e-01 4.42029893e-01 3.20488572e-01
    3.75501633e-01 5.19677877e-01 5.52291393e-01 5.53578317e-01
    5.64585447e-01 5.65607667e-01 5.65873146e-01 5.73841453e-01
    5.71360350e-01 5.79855084e-01 6.17130220e-01 6.19101226e-01
    5.54303050e-01 5.18669367e-01 5.56129277e-01 5.71872771e-01
    5.41061580e-01 5.32079279e-01 5.60780168e-01 6.13263130e-01
    6.49252415e-01 6.14837289e-01 5.67084789e-01 5.84274232e-01
    6.02803290e-01 5.70956349e-01 5.45290291e-01 5.42043984e-01
    5.36334157e-01 5.25256693e-01 5.19699097e-01 5.46435356e-01
    5.80944479e-01 5.69092929e-01 5.57156920e-01 5.96569180e-01
    6.18684053e-01 5.68615854e-01 4.75643694e-01 4.04748648e-01
    4.35376704e-01 5.37225604e-01 5.84878743e-01 5.45993626e-01
    4.77363139e-01 4.61949050e-01 5.21328151e-01 5.40949285e-01
    4.70538139e-01 3.98346454e-01 3.80827755e-01 4.09493119e-01
    4.36588824e-01 4.30357844e-01 4.17249739e-01 4.33549136e-01
    4.77412760e-01 4.73306209e-01 3.93740296e-01 3.56665283e-01
    4.34097946e-01 5.56888819e-01 6.16829097e-01 5.56339443e-01
    4.67493474e-01 4.70155567e-01 4.96023655e-01 4.55015510e-01
    4.15330529e-01 4.41970736e-01 5.06530941e-01 5.65851986e-01
    5.91974735e-01 5.68344474e-01 5.17979026e-01 5.15734851e-01
    5.82342565e-01 6.48813546e-01 6.65578127e-01 6.10465229e-01
    4.80908155e-01 3.76808435e-01 4.10929590e-01 5.02399266e-01
    5.19877076e-01 4.85384911e-01 4.49856669e-01 4.49040800e-01
    4.84307408e-01 4.91048157e-01 4.72203135e-01 4.66500372e-01
    4.86472756e-01 5.43048620e-01 5.93188226e-01 5.76155424e-01
    4.79714364e-01 4.04266477e-01 4.90792990e-01 6.44025385e-01
    6.62064850e-01 5.67619920e-01 4.95810211e-01 5.08658350e-01
    5.57896435e-01 5.70871413e-01 5.83786488e-01 6.11654401e-01
    6.02158606e-01 5.77817738e-01 5.89826107e-01 6.25796080e-01
    6.29478633e-01 5.88150024e-01 5.48855960e-01 5.42683542e-01
    5.27769685e-01 4.55138773e-01 4.00692582e-01 4.41771239e-01
    4.94617283e-01 4.88332510e-01 4.83114541e-01 4.98495519e-01
    4.91085202e-01 4.49290514e-01 3.77293855e-01 3.42167884e-01
    3.95448118e-01 4.52158481e-01 4.64976370e-01 4.86554593e-01
    5.13490200e-01 5.16192615e-01 5.10460913e-01 5.12219787e-01
    5.35853207e-01 5.80998540e-01 5.76987565e-01 4.78979915e-01
    3.86747301e-01 3.99990946e-01 4.74886090e-01 5.32408535e-01
    5.58125734e-01 5.46899557e-01 4.99096721e-01 4.68051016e-01
    4.73478526e-01 4.90120500e-01 5.18515050e-01 5.18751800e-01
    4.72263247e-01 4.43541765e-01 4.29162204e-01 4.09918875e-01
    4.35643464e-01 4.77494180e-01 4.82594758e-01 4.99025643e-01
    5.35398483e-01 5.21191657e-01 4.50424165e-01 4.19060647e-01
    4.71794903e-01 5.02655089e-01 4.54371601e-01 4.15025383e-01
    4.19194669e-01 3.92853022e-01 3.48837793e-01 4.12502527e-01
    5.48562109e-01 6.08590484e-01 6.06195271e-01 6.00743055e-01
    6.05920136e-01 6.43865466e-01 6.58797562e-01 5.80524623e-01
    4.76907581e-01 4.62475479e-01 5.09478688e-01 5.21451473e-01
    5.31125546e-01 5.86122334e-01 5.96930802e-01 5.08635938e-01
    4.21660602e-01 4.48206604e-01 5.27295113e-01 5.29155731e-01
    5.19207954e-01 5.90383649e-01 6.40355706e-01 5.97216427e-01
    5.27970850e-01 4.80103016e-01 4.52737123e-01 4.41849351e-01
    4.36042041e-01 4.41726029e-01 5.01552284e-01 6.00299716e-01
    6.18696749e-01 5.12058318e-01 3.91899675e-01 3.47783804e-01
    3.80911618e-01 4.48914975e-01 4.89251167e-01 5.01461983e-01
    5.31756818e-01 5.78225791e-01 5.82202196e-01 5.11120260e-01
    4.17457968e-01 3.82233024e-01 4.37549591e-01 5.11685491e-01
    5.38481593e-01 5.54669738e-01 5.67844570e-01 5.67314088e-01
    5.72773278e-01 5.68229377e-01 5.42969823e-01 5.10353625e-01
    4.82273519e-01 4.73192066e-01 4.70670342e-01 4.71050143e-01
    5.26760519e-01 6.06074274e-01 5.87530315e-01 5.05361974e-01
    4.86653298e-01 5.18918157e-01 5.51091194e-01 5.85248590e-01
    6.01105988e-01 5.92387199e-01 5.63422918e-01 5.03177583e-01
    4.47456032e-01 4.32777584e-01 4.55965430e-01 5.04330218e-01
    5.26979208e-01 4.89694029e-01 4.25902128e-01 3.88427496e-01
    4.16558743e-01 4.71751690e-01 4.66880530e-01 3.55728090e-01
    3.68035913e-01 4.83922511e-01 5.18443882e-01 5.19491673e-01
    4.94902164e-01 4.86078084e-01 5.33051968e-01 5.84685743e-01
    5.84405482e-01 5.74862242e-01 5.98502696e-01 6.13449574e-01
    5.78396380e-01 5.50078273e-01 5.85786402e-01 6.04049385e-01
    5.50672233e-01 5.03203750e-01 5.13226509e-01 5.71793318e-01
    6.18104041e-01 5.75376987e-01 4.95681286e-01 4.77459908e-01
    4.84765559e-01 4.81653184e-01 5.34873426e-01 6.19125426e-01
    6.22256279e-01 5.60293853e-01 5.50834894e-01 6.29346192e-01
    6.93813086e-01 6.59470916e-01 6.00191057e-01 6.15073800e-01
    6.53858364e-01 6.14098310e-01 5.02241433e-01 4.14185196e-01
    4.34148520e-01 5.27262270e-01 5.68896890e-01 5.20788372e-01
    4.54547614e-01 4.62963015e-01 5.38943946e-01 5.36051095e-01
    4.36281890e-01 3.90420347e-01 4.39461648e-01 5.10192215e-01
    5.10926723e-01 4.19492036e-01 3.34491700e-01 3.29096884e-01
    3.72131199e-01 3.74832690e-01 3.29594582e-01 3.52638125e-01
    4.70265925e-01 5.84695280e-01 6.16014957e-01 5.53779602e-01
    4.88808751e-01 4.90499318e-01 4.97920990e-01 4.77449417e-01
    4.73843783e-01 5.01153827e-01 5.48919678e-01 5.82658112e-01
    5.64845204e-01 5.17526031e-01 4.78314430e-01 4.93716300e-01
    5.82025826e-01 6.44335032e-01 6.06842041e-01 5.21052420e-01
    4.23287839e-01 3.52176279e-01 3.75114828e-01 4.33328748e-01
    4.59048152e-01 4.93650198e-01 5.19419611e-01 5.13137877e-01
    5.07078826e-01 4.87780690e-01 4.57922459e-01 4.46743935e-01
    4.65939969e-01 5.12309790e-01 5.48687816e-01 5.51609159e-01
    5.14031827e-01 4.76576447e-01 5.35598278e-01 6.33387446e-01
    6.25016749e-01 5.40304363e-01 4.93364871e-01 5.26816845e-01
    5.66599429e-01 5.34483790e-01 4.98628974e-01 5.07580042e-01
    5.37280142e-01 5.95911860e-01 6.52647674e-01 6.58183098e-01
    5.96420765e-01 4.93165523e-01 4.34179962e-01 4.61441487e-01
    4.86987174e-01 4.26752120e-01 3.77776355e-01 4.41824526e-01
    5.12066603e-01 5.10693729e-01 5.15158594e-01 5.36231279e-01
    5.24822772e-01 4.76375163e-01 3.98575157e-01 3.44476312e-01
    3.60717803e-01 4.01109159e-01 4.44005221e-01 5.26559472e-01
    6.15021050e-01 6.37001038e-01 5.95018685e-01 5.45098364e-01
    5.19711256e-01 5.21922708e-01 5.39491534e-01 5.31654894e-01
    5.00094831e-01 5.10854185e-01 5.57719231e-01 5.67717135e-01
    5.37257314e-01 4.98282611e-01 4.61607069e-01 4.50921893e-01
    4.75330532e-01 5.23728430e-01 5.71929753e-01 5.56530654e-01
    4.82335567e-01 4.38927740e-01 4.35497820e-01 4.51570779e-01
    5.02837539e-01 5.21747530e-01 4.70103443e-01 4.53630537e-01
    5.03360569e-01 5.19271553e-01 4.79351997e-01 4.72021013e-01
    5.12891293e-01 5.06190896e-01 4.31295782e-01 3.92720342e-01
    4.28350776e-01 4.24732953e-01 3.62876356e-01 3.93548816e-01
    5.12817800e-01 5.96103668e-01 6.32574439e-01 6.14932835e-01
    5.66839278e-01 5.67040741e-01 5.70287943e-01 5.20782888e-01
    5.01961946e-01 5.57941854e-01 5.90643048e-01 5.67214370e-01
    5.72428584e-01 5.91416895e-01 5.45482755e-01 4.66047853e-01
    4.41654831e-01 5.02354443e-01 5.42340755e-01 4.69546646e-01
    4.17315871e-01 4.91404653e-01 5.77087760e-01 5.82193315e-01
    5.31836927e-01 4.75367278e-01 4.43102926e-01 4.26478177e-01
    4.13045555e-01 4.21940058e-01 4.87603545e-01 5.93210101e-01
    6.29303217e-01 5.35299242e-01 4.10530329e-01 3.67517203e-01
    4.04871762e-01 4.48670983e-01 4.52671677e-01 4.56656069e-01
    5.07742584e-01 5.72669029e-01 5.67100704e-01 4.77365285e-01
    3.99373412e-01 4.08193886e-01 4.93010789e-01 5.78614533e-01
    6.00837648e-01 5.77068865e-01 5.37238896e-01 5.08106768e-01
    5.31437695e-01 5.86448133e-01 5.95184207e-01 5.36879182e-01
    4.75772262e-01 4.73134100e-01 5.08648872e-01 5.36325455e-01
    5.86406589e-01 6.46199167e-01 6.21160150e-01 5.51132321e-01
    5.30719161e-01 5.19162416e-01 5.02016723e-01 5.16591609e-01
    5.29192746e-01 5.48921883e-01 6.00368619e-01 6.16920888e-01
    5.64090729e-01 4.84823048e-01 4.24552917e-01 4.03971791e-01
    4.13329214e-01 4.41772670e-01 4.68973279e-01 4.75382566e-01
    4.82811093e-01 4.88367915e-01 4.58064556e-01 3.52608293e-01
    3.51443589e-01 4.46144998e-01 4.85311717e-01 5.08150578e-01
    4.71127510e-01 4.35148776e-01 4.90644753e-01 5.65354884e-01
    5.80229044e-01 5.83485484e-01 6.00166202e-01 5.98857999e-01
    5.59054375e-01 5.05322516e-01 4.96670783e-01 5.18952131e-01
    5.21898746e-01 5.07155895e-01 4.87973154e-01 4.82071519e-01
    4.87287164e-01 4.60752010e-01 4.12333608e-01 3.97610396e-01
    4.07023698e-01 4.32870507e-01 5.32368243e-01 6.58939540e-01
    6.72160208e-01 5.90484798e-01 5.65064371e-01 6.39047861e-01
    7.06859648e-01 6.75125837e-01 5.84224105e-01 5.52151144e-01
    5.95484376e-01 5.96232772e-01 5.14667809e-01 4.46456134e-01
    4.62235242e-01 5.32595575e-01 5.66271722e-01 5.22100627e-01
    4.60723788e-01 4.72792357e-01 5.34013271e-01 4.98213261e-01
    3.80272567e-01 3.51627946e-01 4.26861048e-01 4.95738328e-01
    4.78950173e-01 3.87139440e-01 3.27771008e-01 3.50398332e-01
    3.92716736e-01 3.90167892e-01 3.71631891e-01 4.22834992e-01
    5.21229744e-01 5.69099545e-01 5.46043873e-01 5.07564366e-01
    5.03601670e-01 5.03103256e-01 4.59439337e-01 4.22883719e-01
    4.50902581e-01 5.19399822e-01 5.75713515e-01 5.64500749e-01
    4.99094754e-01 4.72806215e-01 4.96913403e-01 5.23894668e-01
    5.60819924e-01 5.72434664e-01 5.16866684e-01 4.63543057e-01
    4.40387577e-01 4.21189904e-01 4.27267879e-01 4.43219095e-01
    4.75427389e-01 5.55832684e-01 6.05893791e-01 5.69106340e-01
    5.03200352e-01 4.53662157e-01 4.36146051e-01 4.47506130e-01
    4.51212525e-01 4.46499467e-01 4.68905091e-01 5.11070549e-01
    5.25936604e-01 5.19619167e-01 5.63293219e-01 6.37937784e-01
    6.46094859e-01 5.96295118e-01 5.64574957e-01 5.74512482e-01
    5.77712297e-01 5.29478014e-01 4.70256865e-01 4.50170010e-01
    4.94482845e-01 5.90556562e-01 6.54908001e-01 6.39413714e-01
    5.56445718e-01 4.48664010e-01 3.96309346e-01 4.31735843e-01
    4.84869868e-01 4.66333836e-01 4.19018358e-01 4.39028054e-01
    4.79628652e-01 4.86979872e-01 5.01380265e-01 5.39776385e-01
    5.85470796e-01 5.78818321e-01 4.72049624e-01 3.58517826e-01
    3.45366240e-01 3.92478228e-01 4.46181059e-01 5.37707567e-01
    6.49387121e-01 6.97156727e-01 6.71055198e-01 6.19687676e-01
    5.46074808e-01 4.81377929e-01 5.01247704e-01 5.61329424e-01
    5.75734675e-01 5.75940430e-01 5.81424415e-01 5.43130040e-01
    4.64142263e-01 3.96509051e-01 3.87439996e-01 4.47333306e-01
    5.26379585e-01 5.82153559e-01 6.10722005e-01 5.90718448e-01
    5.17271817e-01 4.53769803e-01 4.58488107e-01 5.22084892e-01
    5.87339997e-01 5.82396984e-01 5.00774682e-01 4.37328458e-01
    4.55590278e-01 4.96430635e-01 5.02807140e-01 5.20919204e-01
    5.60470462e-01 5.36686480e-01 4.49577481e-01 4.13825542e-01
    4.53033537e-01 4.45706576e-01 3.86756450e-01 4.14189130e-01
    5.16288579e-01 5.92596114e-01 6.19862378e-01 5.79788387e-01
    5.07121623e-01 4.81617451e-01 4.95942086e-01 5.17222285e-01
    5.65433860e-01 6.25883400e-01 6.18807316e-01 5.54491818e-01
    5.30250728e-01 5.31317413e-01 4.93391514e-01 4.54138607e-01
    4.69642997e-01 5.28726637e-01 5.42848766e-01 4.48291272e-01
    3.62466514e-01 4.08364058e-01 5.01816809e-01 5.32021761e-01
    5.12651503e-01 4.91604507e-01 4.77479368e-01 4.46892679e-01
    4.03110832e-01 4.01132703e-01 4.76865619e-01 5.87527454e-01
    6.28349304e-01 5.53173602e-01 4.63110328e-01 4.56610769e-01
    5.07291675e-01 5.43930888e-01 5.31358480e-01 5.02669632e-01
    5.16739547e-01 5.53792953e-01 5.19005299e-01 4.22039002e-01
    3.95993024e-01 4.65738833e-01 5.48851192e-01 5.98843277e-01
    5.92640162e-01 5.38015604e-01 4.80743319e-01 4.65480149e-01
    5.17071128e-01 5.91433048e-01 5.94565868e-01 5.08448601e-01
    4.20633405e-01 4.21249270e-01 4.78782445e-01 5.11596739e-01
    5.67698240e-01 6.63077354e-01 6.69198275e-01 5.85379958e-01
    5.26411712e-01 4.80171770e-01 4.30911750e-01 4.29173917e-01
    4.39844519e-01 4.58447397e-01 5.43864012e-01 6.32945418e-01
    6.24671459e-01 5.35623431e-01 4.38693881e-01 3.70378673e-01
    3.62028658e-01 4.41583395e-01 5.40876567e-01 5.73596358e-01
    5.38549185e-01 4.69057173e-01 4.02881294e-01 3.10348779e-01
    3.61278355e-01 4.51117605e-01 4.73323137e-01 5.06405413e-01
    4.91045654e-01 4.46946889e-01 4.82741773e-01 5.60626984e-01
    5.92205524e-01 5.84096611e-01 5.57864368e-01 5.25031447e-01
    4.76281494e-01 3.99617851e-01 3.58801931e-01 4.08402622e-01
    4.85964507e-01 4.98089075e-01 4.41249281e-01 3.83066833e-01
    3.66796345e-01 3.69343996e-01 3.69538456e-01 3.93070966e-01
    4.41588283e-01 4.91254836e-01 5.62704682e-01 6.45689547e-01
    6.54574275e-01 5.91203153e-01 5.66449106e-01 6.19454801e-01
    6.74562573e-01 6.49523675e-01 5.52672327e-01 4.95924830e-01
    5.43213844e-01 5.92152357e-01 5.61867535e-01 5.13162196e-01
    5.07766306e-01 5.41855693e-01 5.69826543e-01 5.53361058e-01
    5.16279221e-01 5.20811737e-01 5.45224726e-01 4.80655700e-01
    3.51109922e-01 2.94387996e-01 3.26909274e-01 3.78217101e-01
    4.04005378e-01 3.97375017e-01 4.14014935e-01 4.69160795e-01
    4.79218930e-01 4.34098989e-01 4.27807778e-01 4.90341842e-01
    5.52604198e-01 5.58773935e-01 5.22212505e-01 4.92898852e-01
    4.88484859e-01 4.60280836e-01 3.82064968e-01 3.18110883e-01
    3.40786189e-01 4.43940848e-01 5.38894832e-01 5.32230258e-01
    4.63841975e-01 4.58130091e-01 5.23329616e-01 5.71598053e-01
    5.74183881e-01 5.38900137e-01 4.70107675e-01 4.32149887e-01
    4.60181922e-01 5.00043690e-01 5.04409313e-01 4.67836857e-01
    4.47644502e-01 4.96997744e-01 5.70130885e-01 5.91366947e-01
    5.44666708e-01 4.76135492e-01 4.47489649e-01 4.64357615e-01
    4.60530937e-01 4.37014133e-01 4.74767059e-01 5.39710045e-01
    5.32060981e-01 4.71919000e-01 4.60642785e-01 5.28940916e-01
    6.07318044e-01 6.38256371e-01 6.28485620e-01 6.04057431e-01
    5.74014127e-01 5.40195763e-01 4.97952700e-01 4.52268928e-01
    4.66541708e-01 5.54084003e-01 6.08942389e-01 5.69397271e-01
    4.84700114e-01 4.27597851e-01 4.28910851e-01 4.70923424e-01
    5.08273959e-01 4.97076660e-01 4.64260370e-01 4.70205426e-01
    4.99777824e-01 4.98217434e-01 4.65336442e-01 4.91432190e-01
    6.10347092e-01 6.60244286e-01 5.31622529e-01 3.74122202e-01
    3.50201607e-01 4.15587753e-01 4.77821112e-01 5.53215206e-01
    6.48853600e-01 7.09848344e-01 7.32565284e-01 7.17864931e-01
    6.19032443e-01 5.03318846e-01 4.92733449e-01 5.43271601e-01
    5.70355415e-01 5.86121142e-01 5.91961026e-01 5.57102919e-01
    4.80317980e-01 4.01672930e-01 3.92194718e-01 4.70945418e-01
    5.59964955e-01 5.96762776e-01 5.93207896e-01 5.71685433e-01
    5.33112168e-01 4.95867133e-01 5.15157938e-01 5.83055854e-01
    6.17009342e-01 5.92660248e-01 5.29260635e-01 4.55537558e-01
    4.32502210e-01 4.56369936e-01 4.65069801e-01 4.84073907e-01
    5.47276497e-01 5.68018496e-01 5.07959008e-01 4.71992552e-01
    4.83798385e-01 4.51604903e-01 4.04459566e-01 4.43130076e-01
    5.43412030e-01 6.13956511e-01 6.04333341e-01 5.28880358e-01
    4.39396143e-01 3.93298298e-01 4.52944309e-01 5.83530545e-01
    6.56180978e-01 6.41164124e-01 5.94216049e-01 5.32662153e-01
    4.76787627e-01 4.66944635e-01 4.88814682e-01 4.95980442e-01
    4.80038822e-01 4.72511262e-01 4.87812847e-01 4.73121256e-01
    4.19086188e-01 4.15736049e-01 4.77920651e-01 5.28424084e-01
    5.42585850e-01 5.38617313e-01 5.21608233e-01 4.83427286e-01
    4.34198052e-01 4.34849679e-01 5.15385985e-01 6.15576684e-01
    6.41000152e-01 5.69233060e-01 5.06798267e-01 5.16109467e-01
    5.55344224e-01 6.03253424e-01 6.15668952e-01 5.59869766e-01
    5.08334517e-01 5.03596723e-01 4.75245595e-01 4.15608466e-01
    4.26156729e-01 5.10050178e-01 5.76867461e-01 6.02756262e-01
    5.95137835e-01 5.45787990e-01 4.79070961e-01 4.50608134e-01
    4.88187641e-01 5.48533082e-01 5.51313102e-01 4.60771590e-01
    3.48694563e-01 3.29485655e-01 3.72021466e-01 3.86273324e-01
    4.51875329e-01 6.05954766e-01 6.76000476e-01 5.96707582e-01
    4.98820573e-01 4.34858143e-01 4.01557714e-01 4.31077808e-01
    4.51238364e-01 4.25104946e-01 4.65008557e-01 5.65280795e-01
    5.95602393e-01 5.39385557e-01 4.68024313e-01 4.12356108e-01
    4.12280560e-01 5.09100735e-01 6.29549205e-01 6.71188712e-01
    6.06253386e-01 4.88703281e-01 4.06506032e-01 3.17113787e-01
    3.48918945e-01 4.46108460e-01 4.45397586e-01 4.62677091e-01
    4.87127274e-01 4.89214092e-01 5.17262697e-01 5.72153151e-01
    6.05396211e-01 5.89296401e-01 5.37382662e-01 4.89538074e-01
    4.45851922e-01 3.79984289e-01 3.43265474e-01 4.10356462e-01
    5.12563229e-01 5.18612862e-01 4.33911592e-01 3.56661975e-01
    3.36983472e-01 3.53995681e-01 3.80604893e-01 4.28972006e-01
    5.03799319e-01 5.67247033e-01 6.01805568e-01 6.13574028e-01
    5.87416470e-01 5.48627913e-01 5.55530131e-01 6.05205894e-01
    6.40780389e-01 6.13673866e-01 5.43866396e-01 5.13808966e-01
    5.52294016e-01 5.96612871e-01 6.08521581e-01 6.03966773e-01
    5.88667929e-01 5.69912195e-01 5.64924538e-01 5.75165689e-01
    5.93547463e-01 6.16481721e-01 6.12856150e-01 5.34668028e-01
    4.05793548e-01 3.08196187e-01 2.83314586e-01 3.32819998e-01
    4.26467925e-01 4.96635407e-01 5.50798297e-01 6.05281055e-01
    5.68966329e-01 4.70570445e-01 4.54629421e-01 5.12463510e-01
    5.63265264e-01 5.87848723e-01 5.71139991e-01 5.20092010e-01
    4.79862422e-01 4.51909065e-01 4.00004208e-01 3.35466743e-01
    3.21547329e-01 3.94801408e-01 4.95575786e-01 5.29479325e-01
    4.99299079e-01 4.80715156e-01 5.10169804e-01 5.56255996e-01
    5.66758156e-01 5.23532510e-01 4.44786608e-01 3.97884607e-01
    4.51339155e-01 5.42849481e-01 5.46575189e-01 4.57741737e-01
    3.75230432e-01 3.75667483e-01 4.72431570e-01 5.92637956e-01
    6.22390389e-01 5.59179306e-01 5.00875592e-01 4.87800390e-01
    4.75207090e-01 4.69584763e-01 5.20242035e-01 5.66522360e-01
    5.32161415e-01 4.45780575e-01 3.74768734e-01 3.83642673e-01
    4.76034671e-01 5.64069211e-01 5.84252119e-01 5.61515749e-01
    5.40201485e-01 5.38415611e-01 5.23160160e-01 4.66824919e-01
    4.50052589e-01 5.19333422e-01 5.59116960e-01 4.94487405e-01
    4.07500893e-01 3.80473495e-01 4.17504698e-01 4.89106834e-01
    5.29307425e-01 5.07175863e-01 4.93988603e-01 5.34692287e-01
    5.79473913e-01 5.48599064e-01 4.47342962e-01 4.28779066e-01
    5.46713054e-01 6.13723814e-01 5.17097533e-01 3.88460815e-01
    3.67904514e-01 4.27474022e-01 4.79345888e-01 5.22636473e-01
    5.82499325e-01 6.35173142e-01 6.84871912e-01 7.14553952e-01
    6.52714849e-01 5.56850255e-01 5.31760812e-01 5.47156572e-01
    5.61429441e-01 5.72552204e-01 5.77656925e-01 5.91913342e-01
    5.88827372e-01 5.31955838e-01 4.81455803e-01 4.90381718e-01
    5.15251338e-01 5.26775718e-01 5.26617825e-01 5.08696318e-01
    4.89818662e-01 4.95316833e-01 5.50951302e-01 6.23871088e-01
    6.24510169e-01 5.67523003e-01 5.23235798e-01 4.91820186e-01
    4.61724013e-01 4.29129392e-01 3.93663436e-01 4.02629882e-01
    4.79011565e-01 5.30672789e-01 5.12142718e-01 5.06192148e-01
    5.06260157e-01 4.52266604e-01 4.07080352e-01 4.35881108e-01
    5.19899964e-01 5.96275985e-01 5.87825537e-01 5.00815809e-01
    4.01297718e-01 3.49325240e-01 4.39770579e-01 6.28538370e-01
    7.00083733e-01 6.28515840e-01 5.69203556e-01 5.38677752e-01
    4.84031856e-01 4.68408227e-01 5.13130248e-01 5.11818886e-01
    4.35716152e-01 3.81721675e-01 4.20484185e-01 5.00488162e-01
    5.15214384e-01 4.73374367e-01 4.68222439e-01 5.08852124e-01
    5.43292940e-01 5.35998344e-01 4.88084644e-01 4.41131353e-01
    4.23429608e-01 4.46898401e-01 5.13189018e-01 5.95627666e-01
    6.42245471e-01 6.17107809e-01 5.58868647e-01 5.05889416e-01
    4.99076664e-01 5.76603293e-01 6.20922804e-01 5.38276136e-01
    4.41166967e-01 4.26004678e-01 4.57386822e-01 4.85091597e-01
    5.09252548e-01 5.42140424e-01 5.75555861e-01 5.95015228e-01
    5.87897658e-01 5.50807476e-01 4.90729302e-01 4.40629691e-01
    4.50132638e-01 5.06824017e-01 5.28585017e-01 4.52085525e-01
    3.33840013e-01 2.93015271e-01 3.08630705e-01 3.06603640e-01
    3.66042495e-01 5.28967798e-01 6.32783949e-01 5.84540427e-01
    5.01762629e-01 4.68482643e-01 4.83815819e-01 5.34660876e-01
    5.31643987e-01 4.59141076e-01 4.46503133e-01 5.12801409e-01
    5.52375376e-01 5.33969283e-01 5.05640209e-01 4.92176801e-01
    5.04869819e-01 5.67644894e-01 6.57640874e-01 6.97314084e-01
    6.25410914e-01 5.13455093e-01 4.58466828e-01 3.64930689e-01
    2.96657920e-01 3.96037132e-01 4.10482228e-01 4.40287918e-01
    4.99870241e-01 5.47352552e-01 5.56992173e-01 5.36839962e-01
    5.38972735e-01 5.75604439e-01 5.96828103e-01 5.73676288e-01
    5.30213177e-01 4.91763175e-01 4.80618030e-01 5.24008930e-01
    5.75703859e-01 5.48000157e-01 4.46870774e-01 3.57648164e-01
    3.32629859e-01 3.64307821e-01 4.17156488e-01 4.62624818e-01
    5.13731062e-01 5.77531874e-01 6.10517383e-01 5.76669812e-01
    5.12564838e-01 4.99316365e-01 5.47131300e-01 5.93488216e-01
    5.88338137e-01 5.30907631e-01 4.97152388e-01 5.30530930e-01
    5.55381596e-01 5.48595905e-01 5.86130679e-01 6.56642795e-01
    6.72250926e-01 6.24348581e-01 5.73665440e-01 5.66653252e-01
    6.04569972e-01 6.44082546e-01 6.45139992e-01 6.01251125e-01
    5.17321885e-01 4.19825643e-01 3.60309094e-01 3.86217505e-01
    4.91165310e-01 5.94334781e-01 6.65001571e-01 7.07919359e-01
    6.55633092e-01 5.42787552e-01 5.02832890e-01 5.35578132e-01
    5.71627319e-01 5.88909566e-01 5.72691619e-01 5.30939639e-01
    5.06264806e-01 5.11323929e-01 5.11700332e-01 4.69977945e-01
    4.07940358e-01 3.98379654e-01 4.54431832e-01 5.19704342e-01
    5.48665345e-01 5.27973771e-01 4.94662881e-01 4.94884819e-01
    5.01399100e-01 4.75133538e-01 4.24409002e-01 3.94762278e-01
    4.54048991e-01 5.46370387e-01 5.32202780e-01 4.32171673e-01
    3.56326222e-01 3.48027349e-01 4.24362391e-01 5.41885853e-01
    5.87005258e-01 5.51665783e-01 5.24541438e-01 5.16232491e-01
    4.88828748e-01 4.76377547e-01 5.16673326e-01 5.52739322e-01
    5.46782970e-01 5.16135037e-01 4.49063838e-01 3.82291853e-01
    3.86798531e-01 4.23108280e-01 4.29914415e-01 4.44535226e-01
    5.06111860e-01 5.73110819e-01 5.77538908e-01 5.27555346e-01
    5.09234011e-01 5.39125204e-01 5.31096041e-01 4.62251514e-01
    4.00473356e-01 3.75780612e-01 3.92831922e-01 4.66836900e-01
    5.37002504e-01 5.36461473e-01 5.19361258e-01 5.47547698e-01
    5.85342050e-01 5.50918758e-01 4.45769548e-01 3.92703354e-01
    4.42933470e-01 4.96718794e-01 4.71568495e-01 4.05971140e-01
    3.88621092e-01 4.34325099e-01 4.77559417e-01 4.92080748e-01
    5.04065812e-01 5.17167032e-01 5.57867110e-01 6.21362150e-01
    6.19993865e-01 5.69419742e-01 5.50578535e-01 5.60655594e-01
    5.69930911e-01 5.45087934e-01 5.11657417e-01 5.51533043e-01
    6.15266263e-01 5.90972722e-01 5.21318674e-01 4.79961365e-01
    4.56552297e-01 4.71151054e-01 5.12179196e-01 5.01185417e-01
    4.52425063e-01 4.48823273e-01 5.20930231e-01 6.15185440e-01
    6.30888522e-01 5.66565752e-01 5.28861165e-01 5.42165458e-01
    5.26556909e-01 4.53208566e-01 3.84781629e-01 3.84021819e-01
    4.32528585e-01 4.57496613e-01 4.70912218e-01 5.12458444e-01
    5.08268595e-01 4.42440540e-01 4.06004578e-01 4.19930011e-01
    4.69635516e-01 5.40946841e-01 5.65980613e-01 5.14430046e-01
    4.35064644e-01 3.86871994e-01 4.44779187e-01 5.81211507e-01
    6.35430634e-01 5.94997585e-01 5.71662307e-01 5.56726635e-01
    5.17972469e-01 5.18805563e-01 5.55448830e-01 5.21392226e-01
    4.30979580e-01 3.98981482e-01 4.50099647e-01 5.30957878e-01
    5.49480855e-01 4.73485082e-01 4.14563030e-01 4.41944420e-01
    4.95747834e-01 4.95800436e-01 4.24148649e-01 3.56943458e-01
    3.57497036e-01 4.12985474e-01 4.88772660e-01 5.62342763e-01
    6.31552517e-01 6.65593803e-01 6.02452874e-01 4.70507354e-01
    4.29408997e-01 5.23891807e-01 5.66235662e-01 4.75525230e-01
    3.84203136e-01 3.81512582e-01 4.56000686e-01 5.42453349e-01
    5.80152273e-01 5.81524312e-01 5.75544059e-01 5.56899548e-01
    5.26093185e-01 5.03598154e-01 4.77593422e-01 4.50495213e-01
    4.77013111e-01 5.39281905e-01 5.56419015e-01 4.97928262e-01
    4.05597359e-01 3.48948598e-01 3.27101916e-01 3.14639479e-01
    3.67748260e-01 5.03185093e-01 5.98968148e-01 5.86280882e-01
    5.51783323e-01 5.64598978e-01 6.11849129e-01 6.36610150e-01
    5.77602088e-01 4.83757585e-01 4.55602735e-01 4.91823941e-01
    5.28586864e-01 5.32621801e-01 5.34889400e-01 5.53442180e-01
    5.53264678e-01 5.50194979e-01 5.82739711e-01 6.00402176e-01
    5.41844428e-01 4.90827382e-01 4.94027138e-01 3.96536797e-01
    2.74607241e-01 3.60628784e-01 4.11885113e-01 4.86931264e-01
    5.49951196e-01 5.73155761e-01 5.33885419e-01 4.45032954e-01
    4.21080112e-01 5.23344994e-01 6.46393955e-01 6.61217034e-01
    5.99018335e-01 5.70633709e-01 5.97869337e-01 6.30311787e-01
    6.10795677e-01 5.17309129e-01 3.95024955e-01 3.18214983e-01
    3.17273796e-01 3.72911125e-01 4.37972575e-01 4.64316696e-01
    4.80738193e-01 5.38524210e-01 5.83385825e-01 5.44110835e-01
    4.79428679e-01 4.95144129e-01 5.66230893e-01 5.87324321e-01
    5.16238689e-01 4.08162177e-01 3.91901433e-01 4.78053987e-01
    5.11324763e-01 4.85339075e-01 5.38584769e-01 6.45098746e-01
    6.83952212e-01 6.39450967e-01 5.68588257e-01 5.32318652e-01
    5.45533061e-01 5.64325571e-01 5.72032273e-01 5.90522110e-01
    5.94870389e-01 5.47003210e-01 4.71147656e-01 4.26894993e-01
    4.62140471e-01 5.63732147e-01 6.62472606e-01 7.05741823e-01
    6.78040028e-01 6.07501209e-01 5.60562015e-01 5.66693604e-01
    5.75748861e-01 5.52958429e-01 5.35735488e-01 5.32316029e-01
    5.15801907e-01 5.14267504e-01 5.44925749e-01 5.32100916e-01
    4.40636665e-01 3.65259528e-01 3.78212154e-01 4.49720681e-01
    5.18859148e-01 5.32630980e-01 4.93059844e-01 4.56540793e-01
    4.42947865e-01 4.43711758e-01 4.45023268e-01 4.33209568e-01
    4.54592288e-01 4.94547606e-01 4.69797701e-01 4.18498576e-01
    4.00477171e-01 4.02067125e-01 4.28874105e-01 4.63538200e-01
    4.59291637e-01 4.56657350e-01 5.06825984e-01 5.45087337e-01
    5.07353067e-01 4.63235766e-01 5.04572749e-01 5.84482789e-01
    6.19504750e-01 6.14554465e-01 5.69356263e-01 4.78880197e-01
    3.96857560e-01 3.42163891e-01 3.08855116e-01 3.56880546e-01
    5.03996372e-01 6.29314423e-01 6.38682663e-01 6.01465166e-01
    5.89619637e-01 5.65141857e-01 5.11820257e-01 4.77833867e-01
    4.70554650e-01 4.47994888e-01 4.15595621e-01 4.37875807e-01
    5.16523719e-01 5.61576724e-01 5.33191323e-01 4.90074456e-01
    4.82599795e-01 4.89529580e-01 4.70069617e-01 4.33582038e-01
    4.23160136e-01 4.45801973e-01 4.55704212e-01 4.34154898e-01
    4.35446233e-01 4.86934513e-01 5.30872583e-01 5.25701642e-01
    4.88968253e-01 4.52974886e-01 4.73729312e-01 5.40478647e-01
    5.50464332e-01 5.05286694e-01 4.90294278e-01 5.23306072e-01
    5.53289711e-01 5.27894855e-01 4.97428894e-01 5.32296181e-01
    5.63982546e-01 5.22153199e-01 4.69744295e-01 4.49639142e-01
    4.44575518e-01 4.86668766e-01 5.59539437e-01 5.65679789e-01
    5.01229584e-01 4.56038862e-01 4.87068504e-01 5.77184319e-01
    6.32901251e-01 6.07390761e-01 5.85972607e-01 5.96100688e-01
    5.59993148e-01 4.87829536e-01 4.47017968e-01 4.38380152e-01
    4.29155737e-01 4.11801994e-01 4.37191159e-01 4.99227196e-01
    4.94675010e-01 4.43344593e-01 4.40920442e-01 4.70025986e-01
    4.97777760e-01 5.35777330e-01 5.67295432e-01 5.57369888e-01
    4.99003768e-01 4.33667541e-01 4.34561819e-01 4.95836288e-01
    5.36864161e-01 5.56275070e-01 5.70762217e-01 5.43090820e-01
    5.11142075e-01 5.51659286e-01 6.12592638e-01 5.86817801e-01
    5.16296029e-01 5.06615877e-01 5.40001214e-01 5.56638300e-01
    5.20240903e-01 4.20504779e-01 3.48853350e-01 3.80421430e-01
    4.49538738e-01 4.64550108e-01 4.15072978e-01 3.59247267e-01
    3.52782220e-01 4.16890532e-01 5.18632770e-01 5.87833226e-01
    6.29719675e-01 6.64868295e-01 6.15646899e-01 4.89623100e-01
    4.35494959e-01 4.73360866e-01 4.80195403e-01 4.23002660e-01
    3.62815619e-01 3.53912234e-01 4.19531137e-01 5.12709022e-01
    5.74631810e-01 5.99225760e-01 5.79433858e-01 5.29913723e-01
    5.03362954e-01 5.00814676e-01 4.75797892e-01 4.53042626e-01
    4.92638826e-01 5.48154354e-01 5.60078144e-01 5.46374917e-01
    5.09239197e-01 4.44621027e-01 3.83912235e-01 3.67329925e-01
    4.18027848e-01 4.99839306e-01 5.46867609e-01 5.57531655e-01
    5.66582382e-01 5.92021585e-01 6.39422357e-01 6.53057694e-01
    5.80357373e-01 4.87523824e-01 4.62699324e-01 5.06624997e-01
    5.53460717e-01 5.48252404e-01 5.35976171e-01 5.45644462e-01
    5.22958040e-01 4.99129117e-01 5.16082883e-01 5.12616634e-01
    4.81856823e-01 5.03682196e-01 5.29601216e-01 4.02140886e-01
    2.79246420e-01 3.62399280e-01 4.25739497e-01 5.01127660e-01
    5.30606449e-01 5.14240503e-01 4.68116164e-01 3.93194884e-01
    3.74698907e-01 4.88919079e-01 6.39756739e-01 6.59776807e-01
    5.67208707e-01 5.24287283e-01 5.81958175e-01 6.44143164e-01
    6.06698036e-01 4.77204949e-01 3.64485681e-01 3.39672744e-01
    3.67574304e-01 3.90190065e-01 3.98580641e-01 4.07213241e-01
    4.37358320e-01 4.92759615e-01 5.23925245e-01 4.98061329e-01
    4.71324652e-01 5.11008739e-01 5.72710752e-01 5.49877822e-01
    4.28968579e-01 3.04598957e-01 2.88525671e-01 3.78230959e-01
    4.40341979e-01 4.54670042e-01 5.19302607e-01 5.97216666e-01
    5.99994242e-01 5.36399543e-01 4.65164542e-01 4.54661816e-01
    4.96828675e-01 5.14704406e-01 5.10640442e-01 5.47490299e-01
    6.03402436e-01 6.08227015e-01 5.53618610e-01 4.62461412e-01
    4.05325085e-01 4.58344340e-01 5.51752210e-01 5.99537075e-01
    6.23839319e-01 6.16880596e-01 5.73022842e-01 5.58508337e-01
    5.68506002e-01 5.64352572e-01 5.73555589e-01 5.60587168e-01
    4.83751595e-01 4.38262075e-01 4.69052106e-01 4.67916846e-01
    3.87480348e-01 3.17885339e-01 3.14954519e-01 3.52516532e-01
    4.17170078e-01 4.73471880e-01 4.67262685e-01 4.29335922e-01
    4.14301366e-01 4.33393121e-01 4.56425250e-01 4.39646602e-01
    4.20241922e-01 4.23160344e-01 4.15811598e-01 4.24722195e-01
    4.53435361e-01 4.62722301e-01 4.55732107e-01 4.36404377e-01
    4.18335676e-01 4.47587252e-01 5.22124767e-01 5.60609460e-01
    5.11427045e-01 4.62385744e-01 5.31278551e-01 6.61249876e-01
    7.03806877e-01 6.49429739e-01 5.82186580e-01 5.25546014e-01
    4.65906799e-01 3.99160445e-01 3.47033978e-01 3.81021142e-01
    5.17122030e-01 6.30350828e-01 6.34998381e-01 6.09195948e-01
    5.96450508e-01 5.45607090e-01 4.87985402e-01 4.90881741e-01
    5.17719746e-01 4.94239300e-01 4.27573234e-01 4.01062936e-01
    4.57221866e-01 5.18965185e-01 4.98712420e-01 4.26915288e-01
    3.97056609e-01 4.54131275e-01 5.31034350e-01 5.29180706e-01
    4.77899104e-01 4.58983034e-01 4.64751780e-01 4.79148209e-01
    5.25286019e-01 5.77848017e-01 5.85874319e-01 5.51887691e-01
    5.01603425e-01 4.58897620e-01 4.68186796e-01 5.11694610e-01
    4.99960721e-01 4.40945953e-01 4.22339290e-01 4.64902818e-01
    5.15186787e-01 5.34080744e-01 5.57999969e-01 5.83044648e-01
    5.30125856e-01 4.37705398e-01 4.20510352e-01 4.59720999e-01
    4.84837055e-01 5.17882764e-01 5.81085086e-01 6.23330057e-01
    6.00318909e-01 5.27872920e-01 4.84845847e-01 5.35535634e-01
    6.08502150e-01 6.32692277e-01 6.52544320e-01 6.39802039e-01
    5.46041429e-01 4.85360563e-01 5.10430872e-01 5.05143106e-01
    4.43100303e-01 4.05721188e-01 4.29380476e-01 4.78397846e-01
    4.87337708e-01 4.74531233e-01 5.04392266e-01 5.49683809e-01
    5.62298834e-01 5.64557314e-01 5.84143341e-01 5.82124889e-01
    5.11349261e-01 4.32394981e-01 4.39487457e-01 5.00127554e-01
    5.44083178e-01 5.74751258e-01 5.69495857e-01 5.02490103e-01
    4.60849136e-01 5.25963962e-01 6.26770198e-01 6.49510324e-01
    6.09548926e-01 5.86825550e-01 5.73370814e-01 5.33287108e-01
    4.78311807e-01 4.06648725e-01 3.48492086e-01 3.66744488e-01
    4.26376164e-01 4.59101528e-01 4.61193115e-01 4.38401908e-01
    4.16003197e-01 4.53427911e-01 5.43130517e-01 6.00099444e-01
    6.05818927e-01 6.04709864e-01 5.81110239e-01 5.28106034e-01
    4.78366852e-01 4.39714581e-01 4.21904802e-01 3.94591749e-01
    3.23552787e-01 2.83739895e-01 3.48074436e-01 4.59345669e-01
    5.35619378e-01 5.65597534e-01 5.49645960e-01 5.20602226e-01
    5.32359779e-01 5.40999293e-01 4.87257898e-01 4.26239282e-01
    4.31698620e-01 4.77919817e-01 5.21459520e-01 5.60555398e-01
    5.61424732e-01 5.11359572e-01 4.69918936e-01 4.78216618e-01
    5.12568533e-01 5.13172209e-01 4.74014878e-01 4.66072142e-01
    4.98413801e-01 5.26329577e-01 5.62710881e-01 5.97415268e-01
    5.72369218e-01 5.07679641e-01 4.96327817e-01 5.63734770e-01
    6.16641045e-01 5.75462103e-01 5.03694534e-01 4.66358453e-01
    4.43428546e-01 4.72301364e-01 5.41029632e-01 5.52308977e-01
    5.47996640e-01 5.91490746e-01 5.66877782e-01 3.78216028e-01
    2.84302890e-01 3.87898058e-01 4.27028030e-01 4.50164735e-01
    4.54786807e-01 4.50846761e-01 4.49791968e-01 4.16619807e-01
    3.99602354e-01 4.88186121e-01 6.02231681e-01 5.89345336e-01
    4.81777251e-01 4.35741931e-01 4.96607244e-01 5.72275341e-01
    5.63345551e-01 4.81495768e-01 4.35271621e-01 4.66467083e-01
    4.89252597e-01 4.32968736e-01 3.51552039e-01 3.39888811e-01
    3.98154080e-01 4.50675875e-01 4.59364206e-01 4.50003147e-01
    4.57379520e-01 4.90236640e-01 5.10613143e-01 4.55617070e-01
    3.50202560e-01 2.79852480e-01 2.73599118e-01 3.30494851e-01
    4.01096016e-01 4.44123596e-01 5.02280831e-01 5.42177975e-01
    4.91281807e-01 3.88303608e-01 3.25565368e-01 3.72127980e-01
    4.76272225e-01 5.20755410e-01 5.17220080e-01 5.40076196e-01
    5.73094904e-01 5.87513030e-01 5.84497094e-01 5.15960753e-01
    4.23572689e-01 4.30563390e-01 4.86502171e-01 5.25100231e-01
    5.84006190e-01 6.00138426e-01 5.38836837e-01 5.09151340e-01
    5.52113175e-01 6.19959235e-01 6.60519779e-01 6.04083240e-01
    4.77527082e-01 4.15371388e-01 4.21384722e-01 3.94242704e-01
    3.47613752e-01 3.35389823e-01 3.21750760e-01 3.01373512e-01
    3.55134934e-01 4.51321363e-01 4.67477441e-01 4.31658268e-01
    4.20910001e-01 4.25364733e-01 4.27872956e-01 4.15324897e-01
    4.04941708e-01 4.15096790e-01 4.29675996e-01 4.55516100e-01
    4.82412666e-01 4.84632999e-01 4.68735665e-01 4.55143362e-01
    4.64164048e-01 4.94027227e-01 5.30337214e-01 5.47128022e-01
    5.12749553e-01 4.84470010e-01 5.61303318e-01 6.89518511e-01
    7.06197619e-01 5.89529037e-01 4.87955153e-01 4.87350076e-01
    5.19282639e-01 5.02252162e-01 4.53349978e-01 4.52380657e-01
    5.21369517e-01 5.84797859e-01 5.85943222e-01 5.69447935e-01
    5.59639096e-01 5.10375440e-01 4.52284753e-01 4.61195797e-01
    4.98038620e-01 4.74126756e-01 4.03321773e-01 3.65836263e-01
    3.91693711e-01 4.30829972e-01 4.24098849e-01 3.87817144e-01
    3.91542196e-01 4.72069532e-01 5.60332894e-01 5.46119690e-01
    4.67662245e-01 4.47390467e-01 4.84618664e-01 5.39234757e-01
    5.98959863e-01 6.10551298e-01 5.64896107e-01 5.15724123e-01
    4.85345751e-01 4.67352092e-01 4.74697769e-01 5.03273606e-01
    4.94850397e-01 4.49872762e-01 4.28152770e-01 4.40000117e-01
    4.75572735e-01 5.21786869e-01 5.62115192e-01 5.61372221e-01
    4.77535516e-01 3.96362543e-01 4.32836056e-01 5.20852923e-01
    5.49632728e-01 5.47230124e-01 5.85306823e-01 6.44152462e-01
    6.52984560e-01 5.78622162e-01 4.86204803e-01 4.84641075e-01
    5.56759536e-01 6.26353741e-01 6.68606579e-01 6.21211946e-01
    4.93526131e-01 4.53137577e-01 5.28718829e-01 5.49884319e-01
    4.90875304e-01 4.59260464e-01 4.60530490e-01 4.68261361e-01
    4.83079106e-01 4.99925554e-01 5.30979395e-01 5.55502057e-01
    5.47738075e-01 5.54199636e-01 5.83744347e-01 5.59838295e-01
    4.67575282e-01 4.13399428e-01 4.73300040e-01 5.72404146e-01
    6.25155747e-01 6.25027955e-01 5.62392235e-01 4.66110170e-01
    4.20611441e-01 4.62039948e-01 5.47989249e-01 6.08587027e-01
    6.22274697e-01 6.01414502e-01 5.38989961e-01 4.69894171e-01
    4.48622555e-01 4.38696206e-01 4.03420031e-01 3.96060377e-01
    4.44943786e-01 5.12671471e-01 5.50763965e-01 5.27745306e-01
    4.81548935e-01 4.78065193e-01 5.19075274e-01 5.52856863e-01
    5.42585909e-01 5.09681284e-01 4.87522990e-01 4.79984283e-01
    4.60097462e-01 4.31996197e-01 4.31981683e-01 3.93022001e-01
    2.81427354e-01 2.41449431e-01 3.49851221e-01 4.84211206e-01
    5.30176103e-01 5.20386875e-01 5.04455090e-01 4.93458629e-01
    5.08025646e-01 5.19180238e-01 4.85117227e-01 4.34180617e-01
    4.20683205e-01 4.49175388e-01 4.89825666e-01 5.20229459e-01
    5.16714573e-01 5.12578487e-01 5.65884709e-01 6.33870065e-01
    6.38480246e-01 5.66876471e-01 4.71219838e-01 4.26571220e-01
    4.40903187e-01 4.68520582e-01 5.03702402e-01 5.45061409e-01
    5.38958967e-01 4.88782346e-01 4.98779148e-01 5.87428570e-01
    6.42346501e-01 5.94525754e-01 4.93317276e-01 4.17266130e-01
    4.05700713e-01 4.79711950e-01 5.81180096e-01 6.14252627e-01
    6.19167030e-01 6.34886444e-01 5.55133045e-01 3.42003822e-01
    3.07946831e-01 4.20939922e-01 4.25542891e-01 4.13017929e-01
    4.21936870e-01 4.49201316e-01 4.77045268e-01 4.43651080e-01
    4.04713690e-01 4.62723047e-01 5.29042900e-01 4.86522168e-01
    4.08348292e-01 4.02284175e-01 4.46190953e-01 4.78259653e-01
    4.76283938e-01 4.58119720e-01 4.76989925e-01 5.37219882e-01
    5.62281191e-01 4.94383514e-01 3.84675413e-01 3.43183279e-01
    3.79561484e-01 4.20736700e-01 4.48555261e-01 4.73747969e-01
    4.77623045e-01 4.59180087e-01 4.36706483e-01 3.96739870e-01
    3.57353956e-01 3.52011144e-01 3.52401972e-01 3.74882847e-01
    4.28382427e-01 4.61344272e-01 4.98900414e-01 5.22323370e-01
    4.56768543e-01 3.57145876e-01 3.24409813e-01 3.81972224e-01
    4.57177967e-01 4.83443439e-01 5.07676065e-01 5.56863844e-01
    5.75593650e-01 5.76742589e-01 5.96346140e-01 5.57244897e-01
    4.76575583e-01 4.86876667e-01 5.34997106e-01 5.51192224e-01
    5.76675534e-01 5.50852180e-01 4.67978001e-01 4.53446895e-01
    5.41995466e-01 6.66993082e-01 7.24422038e-01 6.48123503e-01
    5.19668341e-01 4.61982012e-01 4.42366183e-01 3.91815931e-01
    3.75386029e-01 4.00772244e-01 3.65684032e-01 3.08613926e-01
    3.64232451e-01 4.83105659e-01 5.13949752e-01 4.87857193e-01
    4.81233090e-01 4.57517147e-01 4.24269378e-01 4.17831779e-01
    4.34743017e-01 4.62122798e-01 4.82245803e-01 4.91663992e-01
    4.83696848e-01 4.60708559e-01 4.50893551e-01 4.63249952e-01
    4.75524724e-01 4.71673548e-01 4.71999109e-01 4.95445460e-01
    5.12052417e-01 5.11137366e-01 5.52501321e-01 6.28522456e-01
    6.12893820e-01 4.80257004e-01 3.81623536e-01 4.13637221e-01
    4.95035470e-01 5.10295212e-01 4.75067526e-01 4.72560823e-01
    5.06397486e-01 5.34540594e-01 5.33727169e-01 5.22275805e-01
    5.23597956e-01 4.90261167e-01 4.25596654e-01 4.30576026e-01
    4.78344798e-01 4.51356620e-01 3.77855599e-01 3.43604445e-01
    3.50021541e-01 3.64022762e-01 3.61356914e-01 3.56234133e-01
    3.93411875e-01 4.62173402e-01 4.94640112e-01 4.60180342e-01
    4.22700733e-01 4.58577335e-01 5.30955017e-01 5.84475279e-01
    6.08857930e-01 5.80122232e-01 5.22796154e-01 4.85920936e-01
    4.74460214e-01 4.68235999e-01 4.64237839e-01 4.77169991e-01
    4.75815058e-01 4.52152848e-01 4.33491766e-01 4.13187832e-01
    4.22072828e-01 4.73730683e-01 5.08565247e-01 4.89214748e-01
    4.30103630e-01 4.02391881e-01 4.55113292e-01 5.32407582e-01
    5.71761608e-01 5.89133859e-01 6.16583824e-01 6.36410832e-01
    6.26096547e-01 5.70761025e-01 4.80964005e-01 4.52108860e-01
    5.30000031e-01 6.20596468e-01 6.24575257e-01 5.26861250e-01
    4.17284846e-01 4.19094324e-01 5.10103047e-01 5.64640343e-01
    5.66190124e-01 5.48963606e-01 5.02133548e-01 4.73724425e-01
    4.97531146e-01 5.16498208e-01 5.17155349e-01 5.12293041e-01
    5.06015778e-01 5.38676739e-01 5.65605581e-01 5.02217948e-01
    4.03286338e-01 3.81181926e-01 4.66646045e-01 5.83562911e-01
    6.42641604e-01 6.09210849e-01 5.02333462e-01 4.17290568e-01
    3.97449404e-01 4.04523909e-01 4.46824968e-01 5.14854431e-01
    5.68002522e-01 5.73838294e-01 5.02148509e-01 4.28738326e-01
    4.39925790e-01 4.73731041e-01 4.56269115e-01 4.31499094e-01
    4.81086582e-01 5.80782115e-01 6.17594898e-01 5.60604513e-01
    4.94795531e-01 4.79428500e-01 5.03527880e-01 5.28234243e-01
    5.05346239e-01 4.42795038e-01 3.92876565e-01 3.77208114e-01
    3.91694456e-01 4.31588203e-01 4.55581635e-01 3.87733907e-01
    2.80809373e-01 2.94193864e-01 4.31805253e-01 5.36899388e-01
    5.27007222e-01 4.80476230e-01 4.59738880e-01 4.29431379e-01
    4.00211722e-01 4.20933992e-01 4.76492018e-01 5.17123222e-01
    5.22270441e-01 5.03486931e-01 4.74817008e-01 4.45048332e-01
    4.25284326e-01 4.66857672e-01 6.03561640e-01 7.31461167e-01
    7.28219628e-01 6.29854321e-01 5.45526206e-01 5.00357568e-01
    4.68736053e-01 4.67172652e-01 5.05038500e-01 5.27083218e-01
    4.73779619e-01 3.95392448e-01 4.16836023e-01 5.29374957e-01
    6.13529086e-01 6.17386281e-01 5.48002243e-01 4.68207061e-01
    4.63293403e-01 5.18284082e-01 5.66010654e-01 5.85485160e-01
    5.86997986e-01 5.60602248e-01 4.68114376e-01 3.01439047e-01
    3.25999200e-01 4.27344292e-01 4.22993213e-01 4.20092463e-01
    4.36408639e-01 4.59994912e-01 4.79680747e-01 4.38624501e-01
    3.90130639e-01 4.18975890e-01 4.44950283e-01 4.05131996e-01
    3.94815475e-01 4.50891972e-01 4.74541783e-01 4.32759315e-01
    3.82568121e-01 3.63019288e-01 3.97164196e-01 4.73852009e-01
    5.39414346e-01 5.39161563e-01 4.74190414e-01 4.15613800e-01
    3.97138089e-01 4.12516713e-01 4.69715774e-01 5.27491093e-01
    5.17661154e-01 4.55561459e-01 4.22719419e-01 4.44035679e-01
    4.80451524e-01 4.86447453e-01 4.48957562e-01 4.39513654e-01
    4.86503512e-01 5.24594426e-01 5.57578683e-01 5.79219460e-01
    5.37143469e-01 4.78618652e-01 4.66094434e-01 4.73614365e-01
    4.53642905e-01 4.32037532e-01 4.77760017e-01 5.72907984e-01
    6.28423810e-01 6.31252587e-01 6.30338669e-01 5.85182130e-01
    5.04107654e-01 5.13802469e-01 5.71775198e-01 5.72425246e-01
    5.36596417e-01 4.62113291e-01 3.88656765e-01 4.10896569e-01
    5.22171080e-01 6.53183401e-01 7.18012631e-01 6.62881136e-01
    5.48585713e-01 4.76586819e-01 4.49915111e-01 4.26177979e-01
    4.31410253e-01 4.42303389e-01 3.83350313e-01 3.15091461e-01
    3.51865500e-01 4.52692926e-01 5.01630366e-01 5.15429914e-01
    5.29526353e-01 4.98565465e-01 4.48381662e-01 4.29251373e-01
    4.40215290e-01 4.69215631e-01 4.91687328e-01 4.93489236e-01
    4.73544270e-01 4.48185325e-01 4.45786804e-01 4.50725108e-01
    4.38063771e-01 4.34694976e-01 4.49210554e-01 4.68917161e-01
    5.02414107e-01 5.13332069e-01 4.92751628e-01 4.88439262e-01
    4.64064002e-01 3.94320458e-01 3.56875241e-01 3.93002927e-01
    4.51832801e-01 4.63881016e-01 4.51118022e-01 4.72209245e-01
    5.00316858e-01 5.15638888e-01 5.21336079e-01 5.08786678e-01
    5.10507047e-01 4.98102874e-01 4.36311483e-01 4.28101718e-01
    4.69692051e-01 4.29359734e-01 3.48821878e-01 3.25736642e-01
    3.33554864e-01 3.35524172e-01 3.30028683e-01 3.26988131e-01
    3.55762899e-01 3.94169956e-01 3.93709838e-01 3.95074755e-01
    4.53548044e-01 5.39207757e-01 5.86969912e-01 5.98746717e-01
    6.10286951e-01 6.04602575e-01 5.70780873e-01 5.38162947e-01
    5.31487942e-01 5.23121476e-01 4.92462128e-01 4.73979592e-01
    4.51466113e-01 4.08324122e-01 3.73618603e-01 3.46270829e-01
    3.54784518e-01 4.24361408e-01 4.85838354e-01 4.73759681e-01
    4.29279149e-01 4.21774656e-01 4.34538752e-01 4.50083941e-01
    5.06568134e-01 5.86139858e-01 6.17180347e-01 5.88922262e-01
    5.64934075e-01 5.48353374e-01 4.91000652e-01 4.53674763e-01
    5.00262797e-01 5.52839577e-01 5.25550783e-01 4.37861443e-01
    3.77012342e-01 4.05337244e-01 4.78835642e-01 5.38549364e-01
    5.87184072e-01 5.79242051e-01 5.07401049e-01 4.94565308e-01
    5.51123857e-01 5.60530603e-01 5.24598002e-01 5.06297410e-01
    5.15227795e-01 5.43755710e-01 5.31670749e-01 4.49050456e-01
    3.69433463e-01 3.52056026e-01 4.13112521e-01 5.14517069e-01
    5.72138250e-01 5.32386243e-01 4.31888580e-01 3.87557149e-01
    4.05356288e-01 4.12283182e-01 4.41636235e-01 4.93253171e-01
    5.31858921e-01 5.56537509e-01 5.11562049e-01 4.36738998e-01
    4.45904344e-01 5.00783861e-01 5.05233645e-01 4.79623556e-01
    5.12168705e-01 5.81209540e-01 5.76838970e-01 4.97010648e-01
    4.45849448e-01 4.70878005e-01 5.25476694e-01 5.45274258e-01
    5.01184165e-01 4.29145664e-01 3.72916639e-01 3.36069494e-01
    3.46735269e-01 4.16175604e-01 4.49743509e-01 3.86773050e-01
    3.35330755e-01 3.94070268e-01 4.93542671e-01 5.29010594e-01
    4.92155552e-01 4.51117158e-01 4.33623821e-01 3.78522813e-01
    3.04930300e-01 3.34565461e-01 4.83402312e-01 6.17927492e-01
    6.35485291e-01 5.78286290e-01 5.07463634e-01 4.33710694e-01
    3.87079626e-01 4.20168191e-01 5.57524502e-01 7.07346261e-01
    7.30426490e-01 6.55712545e-01 6.09874666e-01 5.80028832e-01
    5.08054435e-01 4.69944865e-01 5.04803538e-01 5.05895257e-01
    4.18287545e-01 3.29642415e-01 3.49281490e-01 4.63559300e-01
    5.78013301e-01 6.40227258e-01 6.12544358e-01 5.41249752e-01
    5.36081016e-01 5.50870538e-01 5.24390459e-01 5.24389863e-01
    5.30861259e-01 4.70100194e-01 3.80797654e-01 2.75825232e-01
    3.21773231e-01 4.28932101e-01 4.51115221e-01 4.78265882e-01
    4.92327362e-01 4.70194966e-01 4.48246092e-01 4.25939202e-01
    4.13544834e-01 4.19933289e-01 4.02609289e-01 3.82745355e-01
    4.41245228e-01 5.36437571e-01 5.43343186e-01 4.53338742e-01
    3.49984914e-01 2.95231283e-01 3.24337393e-01 4.23057944e-01
    5.25747359e-01 5.73337615e-01 5.50614774e-01 4.84910458e-01
    4.17964041e-01 3.99895936e-01 4.48611230e-01 5.13928473e-01
    5.24593115e-01 4.71787244e-01 4.51175302e-01 5.29071510e-01
    6.20629251e-01 6.09009802e-01 5.17984092e-01 4.85733092e-01
    5.44357598e-01 5.95240951e-01 6.14214361e-01 6.29710853e-01
    6.22173846e-01 5.87228954e-01 5.50054908e-01 5.14614463e-01
    4.69068766e-01 4.40490544e-01 4.74270374e-01 5.58579028e-01
    6.23107553e-01 6.30556583e-01 6.22215509e-01 5.82724214e-01
    4.98391122e-01 4.75816190e-01 5.20350993e-01 5.35846412e-01
    5.01383424e-01 4.34072316e-01 3.84920955e-01 4.07391489e-01
    4.84995633e-01 5.69219589e-01 6.19423091e-01 6.05576575e-01
    5.27544081e-01 4.45881486e-01 4.25918549e-01 4.49950904e-01
    4.64487433e-01 4.38296080e-01 3.64090502e-01 2.87386507e-01
    2.82910019e-01 3.45075101e-01 4.09067929e-01 4.72168356e-01
    5.16178787e-01 5.00124812e-01 4.65082139e-01 4.38637197e-01
    4.26175237e-01 4.53652054e-01 4.87056553e-01 4.83512819e-01
    4.75485355e-01 4.90713418e-01 4.89667773e-01 4.40715760e-01
    3.97274822e-01 4.38972890e-01 5.14108479e-01 5.25892198e-01
    5.10495901e-01 4.78464842e-01 4.02268440e-01 3.51353705e-01
    3.49107683e-01 3.72378677e-01 4.22081500e-01 4.58458602e-01
    4.60940301e-01 4.54812795e-01 4.67154086e-01 5.00316560e-01
    5.29492319e-01 5.54655552e-01 5.59724212e-01 5.32330215e-01
    5.37348032e-01 5.52316308e-01 4.95821714e-01 4.49338257e-01
    4.50169593e-01 4.05575246e-01 3.53260100e-01 3.63231987e-01
    3.81261766e-01 3.71130228e-01 3.56669635e-01 3.41588497e-01
    3.41307491e-01 3.58746320e-01 3.65892470e-01 4.05148387e-01
    5.02274871e-01 5.76972723e-01 5.82609117e-01 5.84345758e-01
    6.35086894e-01 6.76756978e-01 6.46273971e-01 5.89805424e-01
    5.87166369e-01 6.05712712e-01 5.84274948e-01 5.45798123e-01
    4.84139591e-01 3.94322723e-01 3.35425705e-01 3.21116209e-01
    3.45857292e-01 4.25597608e-01 4.99223232e-01 4.77595687e-01
    4.17526990e-01 4.11718935e-01 4.03540641e-01 3.75201970e-01
    4.22879606e-01 5.24209857e-01 5.58362246e-01 5.22222042e-01
    5.11726379e-01 5.24389803e-01 4.91078526e-01 4.35244143e-01
    4.08980638e-01 4.13793534e-01 4.30821866e-01 4.35131162e-01
    4.26620901e-01 4.34476674e-01 4.56087649e-01 4.84265089e-01
    5.26702762e-01 5.22680759e-01 4.67711568e-01 4.82093573e-01
    5.55079281e-01 5.64694047e-01 5.21703660e-01 5.02827764e-01
    5.16713977e-01 5.23997664e-01 4.90910530e-01 4.46359336e-01
    4.17146325e-01 3.93368155e-01 4.12268221e-01 4.82927501e-01
    5.31051934e-01 4.98161435e-01 4.28456217e-01 4.31638747e-01
    4.92752254e-01 5.22378564e-01 5.33309937e-01 5.28224349e-01
    5.18672347e-01 5.50845623e-01 5.44480085e-01 4.68540102e-01
    4.45157051e-01 5.01474977e-01 5.45383453e-01 5.49796343e-01
    5.53987324e-01 5.47313690e-01 5.04866183e-01 4.49631602e-01
    4.31777418e-01 4.76936787e-01 5.29275239e-01 5.21256924e-01
    4.72879112e-01 4.47598338e-01 4.36465889e-01 3.82600009e-01
    3.35234970e-01 3.72937232e-01 4.27814186e-01 4.28571969e-01
    4.36854273e-01 4.89155620e-01 5.18135726e-01 4.96833146e-01
    4.73875999e-01 4.70981270e-01 4.60707307e-01 4.03494269e-01
    3.33643585e-01 3.71479243e-01 5.42371511e-01 6.81355476e-01
    6.76922262e-01 6.26580000e-01 5.80918670e-01 4.92126405e-01
    4.02899414e-01 3.94693881e-01 4.91797209e-01 6.16229236e-01
    6.44879758e-01 5.99309444e-01 5.83089054e-01 5.63318610e-01
    4.82569724e-01 4.38622773e-01 4.75414127e-01 4.82339889e-01
    4.27759975e-01 3.76908451e-01 3.86884362e-01 4.65212882e-01
    5.57822943e-01 6.20602906e-01 6.19842172e-01 5.79684794e-01
    5.71444333e-01 5.51175058e-01 4.96234059e-01 5.01947284e-01
    5.21178305e-01 4.57658321e-01 3.86530966e-01 3.10403019e-01
    3.23293507e-01 4.57953453e-01 5.26065469e-01 5.85717678e-01
    5.98989189e-01 5.30298114e-01 4.51804310e-01 4.41346645e-01
    4.76435393e-01 4.72074926e-01 4.18823004e-01 4.10785675e-01
    4.91949260e-01 5.71020901e-01 5.60188472e-01 4.76286650e-01
    3.78387153e-01 3.27234477e-01 3.69019538e-01 4.78323847e-01
    5.74695766e-01 6.17899179e-01 6.08153403e-01 5.37133932e-01
    4.42968100e-01 4.04059112e-01 4.33389693e-01 4.96462643e-01
    5.32733262e-01 4.93330806e-01 4.63561445e-01 5.38263261e-01
    6.35912478e-01 6.25244975e-01 5.35776734e-01 5.16996682e-01
    5.85900009e-01 6.13616526e-01 5.71262479e-01 5.40374517e-01
    5.41942120e-01 5.28245330e-01 4.91268486e-01 4.77254957e-01
    4.91150796e-01 4.98328596e-01 5.00288785e-01 5.15216231e-01
    5.33641458e-01 5.42559147e-01 5.56414247e-01 5.46171308e-01
    4.86926943e-01 4.49890196e-01 4.74237710e-01 5.18920720e-01
    5.24061859e-01 4.78079081e-01 4.34437245e-01 4.33026105e-01
    4.76583958e-01 5.18609047e-01 5.22233665e-01 5.10278583e-01
    4.76449281e-01 4.21953559e-01 4.16970104e-01 4.61229712e-01
    4.63501602e-01 4.06204969e-01 3.36790413e-01 2.80694783e-01
    2.65549064e-01 2.91576058e-01 3.38629097e-01 4.19585496e-01
    4.98319328e-01 5.22805333e-01 5.17048240e-01 4.99009788e-01
    4.82156754e-01 5.00216603e-01 5.15663147e-01 4.86675858e-01
    4.87201571e-01 5.47626138e-01 5.55796444e-01 4.71833646e-01
    4.06699806e-01 4.56432998e-01 5.57013571e-01 5.72781920e-01
    5.06537318e-01 4.23649639e-01 3.58867735e-01 3.53951991e-01
    3.84355724e-01 4.28946823e-01 5.02919674e-01 5.40062368e-01
    5.09868145e-01 4.88609433e-01 4.98783946e-01 5.09102643e-01
    5.43392539e-01 5.86884201e-01 5.65512121e-01 5.28634131e-01
    5.74589014e-01 6.32485330e-01 5.94897270e-01 5.20764351e-01
    4.73370492e-01 4.26182985e-01 4.15233523e-01 4.66345757e-01
    5.00792146e-01 4.84609455e-01 4.50626910e-01 4.10590887e-01
    3.98230493e-01 4.17600840e-01 4.18470800e-01 4.33183879e-01
    4.90742415e-01 5.22645533e-01 5.13141334e-01 5.34190774e-01
    6.04860187e-01 6.46435440e-01 5.98004997e-01 5.22505283e-01
    5.33101737e-01 6.17322147e-01 6.72635853e-01 6.54407620e-01
    5.55193186e-01 4.21690226e-01 3.63297790e-01 3.92353415e-01
    4.41863924e-01 4.99070644e-01 5.25823236e-01 4.64629978e-01
    3.98105890e-01 4.07207489e-01 4.07872081e-01 3.73326659e-01
    3.94046009e-01 4.61575508e-01 4.91585225e-01 4.79322672e-01
    4.74797279e-01 4.71263856e-01 4.35869992e-01 3.82460624e-01
    3.43116820e-01 3.47412884e-01 4.03620362e-01 4.80238855e-01
    5.26154995e-01 5.15509903e-01 4.83024418e-01 4.73303705e-01
    4.78645653e-01 4.53220159e-01 4.06783372e-01 4.19737309e-01
    4.82454598e-01 5.05999982e-01 4.90586549e-01 4.90653396e-01
    5.06624222e-01 4.98189270e-01 4.74775195e-01 4.85426575e-01
    4.97066557e-01 4.75975335e-01 4.86929148e-01 5.47093689e-01
    5.79358757e-01 5.29062688e-01 4.61185575e-01 4.97376263e-01
    6.03000820e-01 6.52030170e-01 6.29615426e-01 5.64425170e-01
    5.08520484e-01 5.30745089e-01 5.61983943e-01 5.08430839e-01
    4.51906294e-01 4.89866138e-01 5.60539961e-01 5.82612336e-01
    5.59484243e-01 5.21039963e-01 5.06607652e-01 5.08720160e-01
    4.97261375e-01 5.00734031e-01 5.11095047e-01 4.84283477e-01
    4.58523244e-01 4.91947293e-01 5.25715947e-01 4.55661803e-01
    3.41919422e-01 3.32580477e-01 4.18775290e-01 4.96844977e-01
    5.38492501e-01 5.58119833e-01 5.34803748e-01 4.82925743e-01
    4.76064980e-01 5.01703262e-01 4.94844288e-01 4.68759745e-01
    4.57885176e-01 5.00774503e-01 6.15981758e-01 6.89111352e-01
    6.58164978e-01 6.34427011e-01 6.19358659e-01 5.25204599e-01
    4.11849171e-01 3.91535670e-01 4.77285951e-01 5.67472458e-01
    5.62837541e-01 5.11532664e-01 5.03788769e-01 5.07034004e-01
    4.63406175e-01 4.29245532e-01 4.51186031e-01 4.76916552e-01
    4.75770861e-01 4.54365104e-01 4.52575505e-01 5.05110502e-01
    5.54091990e-01 5.66191018e-01 5.77971518e-01 5.98159254e-01
    5.96358955e-01 5.41098714e-01 4.80234474e-01 4.91988391e-01
    5.15526891e-01 4.85052556e-01 4.52932894e-01 3.72652560e-01
    3.04212362e-01 4.50338662e-01 5.65957010e-01 6.63410366e-01
    6.85190022e-01 6.01869881e-01 4.92168188e-01 4.73577946e-01
    5.27885616e-01 5.31053901e-01 4.76494491e-01 4.63187695e-01
    5.07180691e-01 5.31151772e-01 5.02574086e-01 4.50604767e-01
    4.08686608e-01 4.14864838e-01 4.82631415e-01 5.67447066e-01
    6.16258502e-01 6.37914658e-01 6.46614850e-01 5.98702729e-01
    5.12516975e-01 4.75921959e-01 5.00310302e-01 5.40818155e-01
    5.46333432e-01 4.90151465e-01 4.36489671e-01 4.53636765e-01
    5.07710576e-01 5.20344913e-01 4.97288853e-01 5.22604108e-01
    5.87701678e-01 5.86097598e-01 4.85276312e-01 3.75072628e-01
    3.51428539e-01 3.97758543e-01 4.35045540e-01 4.59177017e-01
    5.07684827e-01 5.51050127e-01 5.40797293e-01 4.95978087e-01
    4.75636899e-01 4.94475186e-01 5.22977531e-01 5.26941955e-01
    5.03347933e-01 4.87967640e-01 5.03574312e-01 5.36707997e-01
    5.30108750e-01 4.78198200e-01 4.46060836e-01 4.61528987e-01
    5.21252275e-01 5.56247354e-01 5.05888224e-01 4.51716900e-01
    4.41791326e-01 4.23456073e-01 4.21774298e-01 4.59201008e-01
    4.53525901e-01 3.89323890e-01 3.44460040e-01 3.48667443e-01
    3.63907874e-01 3.54427099e-01 3.53397667e-01 4.13184732e-01
    5.09969890e-01 5.81869066e-01 6.01494789e-01 5.90096474e-01
    5.77398956e-01 5.61255217e-01 5.33835351e-01 5.05166590e-01
    5.09409010e-01 5.52586436e-01 5.71463585e-01 5.38735271e-01
    5.00106096e-01 4.99184340e-01 5.24373651e-01 5.11377752e-01
    4.44765925e-01 3.84396464e-01 3.91193599e-01 4.61318552e-01
    5.07055104e-01 5.04038513e-01 5.26795387e-01 5.62154412e-01
    5.49179137e-01 5.21476090e-01 4.99682695e-01 4.83250439e-01
    5.28571486e-01 5.69945097e-01 5.17226219e-01 4.92394000e-01
    5.66814423e-01 6.37017965e-01 6.40274763e-01 6.03309929e-01
    5.55105746e-01 4.97997314e-01 4.81984079e-01 5.38938642e-01
    5.87379336e-01 5.77670157e-01 5.25936782e-01 4.65414464e-01
    4.63473797e-01 4.87633854e-01 4.58329290e-01 4.31183219e-01
    4.53102320e-01 4.72994119e-01 4.75520968e-01 4.87276793e-01
    5.08034170e-01 5.16257167e-01 4.83960688e-01 4.26511645e-01
    4.30618167e-01 5.30015230e-01 6.48892522e-01 7.01989889e-01
    6.35950148e-01 4.90352571e-01 4.18566644e-01 4.73265260e-01
    5.54992139e-01 5.94089568e-01 5.53531229e-01 4.54807550e-01
    4.19556350e-01 4.59752947e-01 4.61555570e-01 4.18829203e-01
    4.02663827e-01 4.20847297e-01 4.52203333e-01 4.77615327e-01
    4.73563164e-01 4.38677937e-01 3.97299290e-01 3.83884996e-01
    4.03317064e-01 4.11321402e-01 4.12661314e-01 4.79219705e-01
    5.79234481e-01 6.02448285e-01 5.63796639e-01 5.30809462e-01
    4.86101747e-01 4.16568667e-01 3.68389457e-01 3.85954827e-01
    4.45144355e-01 4.84104246e-01 5.05979002e-01 5.39237738e-01
    5.41777313e-01 4.80241746e-01 4.37274903e-01 4.70640540e-01
    4.93524075e-01 4.76296186e-01 5.05388141e-01 5.76551378e-01
    5.96460998e-01 5.28799772e-01 4.60147589e-01 5.05890846e-01
    6.15980327e-01 6.67886019e-01 6.55337989e-01 6.02838755e-01
    5.34301698e-01 5.19318402e-01 5.53380609e-01 5.40249467e-01
    4.93921876e-01 5.14454067e-01 5.64372241e-01 5.54298341e-01
    5.04575193e-01 4.92039621e-01 5.47981918e-01 5.90906560e-01
    5.62702119e-01 5.36091626e-01 5.41995227e-01 5.26472986e-01
    5.01095653e-01 5.31546235e-01 5.79195499e-01 5.22826612e-01
    3.89023721e-01 3.45784396e-01 4.31550860e-01 5.28897345e-01
    5.71454883e-01 5.72760999e-01 5.27424812e-01 4.60771859e-01
    4.50963944e-01 4.82904106e-01 4.96452123e-01 5.18366814e-01
    5.44245660e-01 5.54560065e-01 5.96644044e-01 6.32336378e-01
    6.19942129e-01 6.20354414e-01 6.08277917e-01 5.16993225e-01
    4.10099119e-01 4.06213373e-01 5.13066471e-01 5.97456694e-01
    5.70660055e-01 5.05603075e-01 4.88472939e-01 5.11199236e-01
    5.16931593e-01 4.80341792e-01 4.50827688e-01 4.64122444e-01
    4.82111514e-01 4.72337067e-01 4.87472922e-01 5.58358312e-01
    5.84968448e-01 5.33052325e-01 5.13247609e-01 5.55463672e-01
    5.68139970e-01 5.12439132e-01 4.58090842e-01 4.60006535e-01
    4.84900832e-01 5.11015236e-01 5.17113566e-01 4.05613452e-01
    2.50234663e-01 3.90957594e-01 5.23196101e-01 6.34445786e-01
    6.63323164e-01 5.89879572e-01 4.84286487e-01 4.57589298e-01
    5.10697544e-01 5.41562378e-01 5.29474258e-01 5.27670324e-01
    5.37640214e-01 5.20884573e-01 4.74030852e-01 4.29136544e-01
    4.26482558e-01 4.81215745e-01 5.56577623e-01 6.02339089e-01
    6.01978123e-01 5.98062992e-01 6.23287737e-01 6.19925916e-01
    5.65448105e-01 5.38216770e-01 5.61313987e-01 5.63454568e-01
    5.11108577e-01 4.48601544e-01 4.04831171e-01 3.74708742e-01
    3.67579490e-01 3.81934226e-01 4.15612906e-01 4.74691510e-01
    5.33033311e-01 5.44290781e-01 4.53920394e-01 2.95897484e-01
    2.32268408e-01 3.24905962e-01 4.41702664e-01 4.85797226e-01
    5.13329685e-01 5.63349128e-01 5.67965388e-01 5.06498516e-01
    4.69534129e-01 4.94881243e-01 5.24336398e-01 5.25297999e-01
    5.19562840e-01 5.28601825e-01 5.42583168e-01 5.34744024e-01
    4.86692250e-01 4.43387777e-01 4.63234931e-01 5.26899397e-01
    5.93550265e-01 5.95845222e-01 4.98498648e-01 4.25756931e-01
    4.44217235e-01 4.44925338e-01 4.18566257e-01 4.40467149e-01
    4.62574989e-01 4.29924220e-01 4.04639751e-01 4.37135458e-01
    4.63447988e-01 4.37397331e-01 4.14321423e-01 4.31975394e-01
    4.95805442e-01 5.83491802e-01 6.16832912e-01 6.00401521e-01
    5.84592581e-01 5.51864684e-01 5.40090740e-01 5.73331535e-01
    5.69592178e-01 5.27183354e-01 5.23986101e-01 5.62250018e-01
    5.78602076e-01 5.33665955e-01 4.58012402e-01 3.97945732e-01
    3.65571231e-01 3.71673703e-01 4.32037890e-01 5.19057691e-01
    5.51596403e-01 5.08151472e-01 4.82193500e-01 5.13957381e-01
    5.27890027e-01 4.97667342e-01 4.64669317e-01 4.70490634e-01
    5.34137309e-01 5.53218544e-01 4.84359115e-01 4.68517929e-01
    5.14702082e-01 5.43623447e-01 5.74796855e-01 6.02461159e-01
    6.01949275e-01 5.68975091e-01 5.36528945e-01 5.47433794e-01
    5.64033151e-01 5.52246392e-01 5.05196571e-01 4.51983005e-01
    4.66293424e-01 5.00748217e-01 4.80627596e-01 4.53992993e-01
    4.61876780e-01 4.94968653e-01 5.21758318e-01 5.03901303e-01
    4.58580047e-01 4.42059457e-01 4.49490666e-01 4.20684516e-01
    3.76527190e-01 3.98358554e-01 4.99924868e-01 6.26194417e-01
    6.72590196e-01 5.85363626e-01 4.85474974e-01 5.03808737e-01
    6.06169105e-01 6.64397061e-01 5.89330673e-01 4.71303672e-01
    4.60049808e-01 5.08719802e-01 5.13647377e-01 4.86118138e-01
    4.51059580e-01 4.23409432e-01 4.41902369e-01 4.92769569e-01
    5.09098530e-01 4.79108542e-01 4.46779311e-01 4.61287349e-01
    5.15478432e-01 5.05486608e-01 4.36485201e-01 4.68410164e-01
    5.92467189e-01 6.56836212e-01 6.46061897e-01 5.97939372e-01
    5.03242373e-01 4.06731814e-01 3.72626573e-01 4.11571652e-01
    4.80563343e-01 5.22454381e-01 5.59270263e-01 6.11663997e-01
    5.82644165e-01 4.42036033e-01 3.52285296e-01 3.97330135e-01
    4.40533489e-01 4.21089798e-01 4.42101151e-01 5.04428685e-01
    5.07940829e-01 4.45255876e-01 4.06862140e-01 4.59198594e-01
    5.44200957e-01 5.86605132e-01 6.05494440e-01 6.04289234e-01
    5.59484661e-01 5.10525227e-01 5.08343577e-01 5.25387764e-01
    5.30363202e-01 5.47337890e-01 5.55854142e-01 5.16749203e-01
    4.60883945e-01 4.68640238e-01 5.51847577e-01 5.96880436e-01
    5.68168879e-01 5.60947895e-01 5.92911363e-01 5.87095261e-01
    5.32552600e-01 5.22431374e-01 5.76644778e-01 5.71306407e-01
    4.67506498e-01 4.05025721e-01 4.50179815e-01 5.10986567e-01
    5.43707311e-01 5.50142467e-01 4.99618471e-01 4.30955291e-01
    4.15808439e-01 4.38332528e-01 4.69182849e-01 5.16020119e-01
    5.30813932e-01 4.98504966e-01 5.04947841e-01 5.49525857e-01
    5.77898026e-01 5.91621697e-01 5.66737115e-01 4.80470479e-01
    3.93587857e-01 4.15286005e-01 5.38398087e-01 6.14154279e-01
    5.86998701e-01 5.36800981e-01 5.13369858e-01 5.31153560e-01
    5.63980103e-01 5.34270763e-01 4.67135161e-01 4.49667752e-01
    4.75534379e-01 5.07904351e-01 5.61100304e-01 6.29842162e-01
    6.25168681e-01 5.25155604e-01 4.48052078e-01 4.53513473e-01
    4.76367354e-01 4.69604611e-01 4.52316612e-01 4.47714180e-01
    4.74388480e-01 5.40063262e-01 5.53604484e-01 4.02538121e-01
    2.38810450e-01 3.68668079e-01 4.51960117e-01 5.29036522e-01
    5.67819834e-01 5.19553661e-01 4.33440179e-01 3.94435912e-01
    4.15353924e-01 4.54855949e-01 4.96537507e-01 5.43764114e-01
    5.81439972e-01 5.81283569e-01 5.30626416e-01 4.60261554e-01
    4.30898398e-01 4.61282641e-01 5.13579488e-01 5.52237093e-01
    5.58147490e-01 5.51180243e-01 5.74317038e-01 5.94045758e-01
    5.61010957e-01 5.25749862e-01 5.29913187e-01 5.15419781e-01
    4.59585756e-01 4.26121920e-01 4.12207454e-01 3.68375599e-01
    3.20139855e-01 3.02185625e-01 3.27278733e-01 3.92464429e-01
    4.64155525e-01 5.14224827e-01 4.76254255e-01 3.30093533e-01
    2.29616612e-01 2.94143856e-01 4.39764351e-01 5.29254079e-01
    5.51146567e-01 5.77182591e-01 5.85849941e-01 5.26173592e-01
    4.79938745e-01 5.05925119e-01 5.30075252e-01 5.16574860e-01
    5.05950093e-01 5.14593065e-01 5.19408822e-01 4.89366859e-01
    4.33785111e-01 4.27333891e-01 5.02945662e-01 5.91662407e-01
    6.28806293e-01 5.75741529e-01 4.57868189e-01 4.18679863e-01
    4.87880170e-01 5.09153008e-01 4.51119155e-01 4.34905589e-01
    4.72052842e-01 4.79972512e-01 4.69376236e-01 4.84551907e-01
    4.87604797e-01 4.66622949e-01 4.45941925e-01 4.15824682e-01
    4.33970243e-01 5.26668847e-01 5.66434205e-01 5.28997064e-01
    5.02111614e-01 4.98136014e-01 5.56805432e-01 6.53434515e-01
    6.31352723e-01 5.14802754e-01 4.75817591e-01 5.21511853e-01
    5.39551020e-01 4.81049120e-01 3.93720806e-01 3.41165215e-01
    3.32879275e-01 3.65216017e-01 4.35756654e-01 5.12239575e-01
    5.37004352e-01 4.91502553e-01 4.55335051e-01 4.84585792e-01
    5.05643189e-01 4.68701065e-01 4.41003472e-01 4.72763330e-01
    5.27816415e-01 5.22586823e-01 4.68619853e-01 4.73596096e-01
    4.97027755e-01 4.72664475e-01 4.67642993e-01 5.03230512e-01
    5.48570812e-01 5.70949614e-01 5.53008020e-01 5.16825736e-01
    4.81864721e-01 4.64878470e-01 4.41087902e-01 4.12312895e-01
    4.43590462e-01 5.10438204e-01 5.51870048e-01 5.54684401e-01
    5.40548384e-01 5.66823840e-01 6.01220310e-01 5.66504240e-01
    4.93539721e-01 4.56530690e-01 4.70789015e-01 4.54617888e-01
    3.67431015e-01 3.13741773e-01 3.70902807e-01 5.03445208e-01
    6.12742186e-01 6.07967615e-01 5.30559063e-01 5.23949027e-01
    6.30181730e-01 7.02479482e-01 6.21695518e-01 5.01836777e-01
    4.64284003e-01 4.61456507e-01 4.75163430e-01 5.17232537e-01
    5.15435040e-01 4.53763902e-01 4.22289073e-01 4.61349547e-01
    5.11151791e-01 5.15721321e-01 4.92748350e-01 5.04516304e-01
    5.52402616e-01 5.34335911e-01 4.64039177e-01 5.00326097e-01
    6.15736902e-01 6.67299330e-01 6.61369443e-01 6.18253171e-01
    5.22416294e-01 4.31875318e-01 4.01821136e-01 4.48542207e-01
    5.30603588e-01 5.63349664e-01 5.76434970e-01 6.14173472e-01
    5.76755583e-01 4.30492759e-01 3.43420744e-01 4.08528388e-01
    4.76378679e-01 4.58529323e-01 4.52222407e-01 4.65963453e-01
    4.27742273e-01 3.64719659e-01 3.46972764e-01 4.00909930e-01
    4.76932079e-01 5.17363489e-01 5.39431155e-01 5.55945575e-01
    5.38191855e-01 4.87795979e-01 4.61071163e-01 4.89793003e-01
    5.34973443e-01 5.51132619e-01 5.30015230e-01 4.90259230e-01
    4.55757678e-01 4.59558576e-01 4.97433066e-01 5.17414570e-01
    5.27849197e-01 5.60903966e-01 5.88518739e-01 5.64214528e-01
    4.98587847e-01 4.80099648e-01 5.28681815e-01 5.39093196e-01
    4.74925578e-01 4.45401400e-01 4.98318583e-01 5.50297976e-01
    5.73407531e-01 5.70341885e-01 5.13038814e-01 4.43159133e-01
    4.13400829e-01 4.12131339e-01 4.30214703e-01 4.73935008e-01
    4.97801960e-01 4.77372110e-01 4.72430646e-01 4.99466389e-01
    5.30113459e-01 5.40247977e-01 4.98696536e-01 4.15157050e-01
    3.53284150e-01 3.97087097e-01 5.15072286e-01 5.70387721e-01
    5.49202025e-01 5.19222260e-01 4.87327397e-01 4.81609821e-01
    5.22536755e-01 5.35013258e-01 4.96484756e-01 4.80535507e-01
    5.26345134e-01 6.04848444e-01 6.62018895e-01 6.73748136e-01
    6.30092144e-01 5.31766236e-01 4.36766565e-01 3.99449825e-01
    4.13388759e-01 4.51153666e-01 4.81627613e-01 4.92391557e-01
    5.14478743e-01 5.60672700e-01 5.48265636e-01 3.88936907e-01
    2.99089700e-01 3.98637742e-01 4.01752293e-01 4.47649240e-01
    5.12546837e-01 4.87664759e-01 4.15369242e-01 3.62533957e-01
    3.31371844e-01 3.32676440e-01 3.74668926e-01 4.43037748e-01
    5.26329696e-01 5.91742158e-01 5.79826713e-01 4.89162594e-01
    3.98694485e-01 3.74376297e-01 4.17105377e-01 4.94116724e-01
    5.60212135e-01 5.90160608e-01 6.10069275e-01 6.22235835e-01
    5.89584589e-01 5.26522279e-01 4.78036255e-01 4.47511792e-01
    4.31437850e-01 4.50878799e-01 4.63882476e-01 4.18891311e-01
    3.62382203e-01 3.22350770e-01 3.09906185e-01 3.68385404e-01
    4.71945971e-01 5.49249291e-01 5.35398006e-01 4.20302093e-01
    3.08380306e-01 3.16073388e-01 4.53740567e-01 6.00210011e-01
    6.39430285e-01 6.19053006e-01 6.01976216e-01 5.61211705e-01
    5.35195112e-01 5.68362296e-01 5.85751057e-01 5.50314069e-01
    5.13175011e-01 4.91216004e-01 4.64619964e-01 4.23018545e-01
    3.91760945e-01 4.28488553e-01 5.21339357e-01 5.82480073e-01
    5.78529358e-01 5.20680308e-01 4.51448768e-01 4.66162533e-01
    5.60241520e-01 5.97267270e-01 5.26491404e-01 4.55067426e-01
    4.56303388e-01 4.87038910e-01 5.13337672e-01 5.25028586e-01
    5.10552943e-01 4.89517719e-01 4.55325782e-01 4.01349902e-01
    4.09326226e-01 5.00472784e-01 5.42527437e-01 4.95801717e-01
    4.57735300e-01 4.70429182e-01 5.52757978e-01 6.56811178e-01
    6.34279788e-01 5.18770635e-01 4.84531194e-01 5.10211885e-01
    4.84367520e-01 4.24053967e-01 3.88149709e-01 3.77974659e-01
    3.66402984e-01 3.68483245e-01 4.21965450e-01 5.15421093e-01
    5.73289812e-01 5.39345264e-01 4.90883499e-01 5.19074082e-01
    5.51177323e-01 5.07222354e-01 4.58380699e-01 4.54377681e-01
    4.52579945e-01 4.33204830e-01 4.32713002e-01 4.90878016e-01
    5.33209622e-01 4.75966930e-01 3.96406114e-01 4.02792513e-01
    4.79745060e-01 5.30009389e-01 5.23219228e-01 4.88824636e-01
    4.52713400e-01 4.43088591e-01 4.31146264e-01 4.12854850e-01
    4.42565113e-01 5.14680803e-01 5.92925966e-01 6.25971496e-01
    6.08158529e-01 6.17747962e-01 6.34329438e-01 5.94910085e-01
    5.35030782e-01 4.89626616e-01 4.78124589e-01 4.64297712e-01
    3.89277756e-01 3.37157041e-01 3.87630075e-01 4.79101181e-01
    5.40300906e-01 5.49226761e-01 5.27426660e-01 5.51680982e-01
    6.42864347e-01 6.86296642e-01 6.15128398e-01 5.11180282e-01
    4.28301811e-01 3.64912242e-01 3.82687688e-01 4.80459660e-01
    5.27068675e-01 4.78791982e-01 4.16549027e-01 4.05173898e-01
    4.43545580e-01 4.75197852e-01 4.78243202e-01 5.02009451e-01
    5.44408083e-01 5.23180962e-01 4.73085582e-01 5.24350643e-01
    6.11565471e-01 6.05880320e-01 5.68824291e-01 5.58007777e-01
    5.34232438e-01 4.84353036e-01 4.34546947e-01 4.54535753e-01
    5.38601875e-01 5.65093637e-01 5.36776721e-01 5.40619075e-01
    5.34050047e-01 4.71708387e-01 4.47011888e-01 5.03122151e-01
    5.31376600e-01 5.12969434e-01 5.19940913e-01 5.10959029e-01
    4.55711395e-01 4.00733709e-01 3.62987936e-01 3.73343378e-01
    4.38240200e-01 4.88773614e-01 4.99856710e-01 4.99930412e-01
    4.88251120e-01 4.63068157e-01 4.59287018e-01 4.98707741e-01
    5.44382632e-01 5.40632367e-01 4.92879450e-01 4.60790515e-01
    4.67965186e-01 4.68008190e-01 4.30092365e-01 4.21744376e-01
    4.90355462e-01 5.50249934e-01 5.35407305e-01 4.79770690e-01
    4.38328058e-01 4.54563081e-01 4.86428827e-01 4.53914255e-01
    4.01529849e-01 4.46130693e-01 5.76270342e-01 6.60150707e-01
    6.52456284e-01 5.98434627e-01 5.28954327e-01 4.60046500e-01
    4.13500488e-01 4.07121450e-01 4.27390516e-01 4.74750131e-01
    5.36379457e-01 5.57105184e-01 5.29232085e-01 4.91067857e-01
    4.79439139e-01 4.72526640e-01 4.24649328e-01 3.60859990e-01
    3.26946348e-01 3.65850002e-01 4.64818627e-01 5.28820515e-01
    5.29499829e-01 5.02134979e-01 4.55256581e-01 4.22683597e-01
    4.47757065e-01 4.99358654e-01 5.26549816e-01 5.41519105e-01
    5.89668155e-01 6.64180219e-01 6.97752297e-01 6.71870172e-01
    6.25289679e-01 5.56032121e-01 4.64481831e-01 4.02204335e-01
    4.02433813e-01 4.49022532e-01 4.97585803e-01 5.25157213e-01
    5.42543471e-01 5.55643618e-01 5.29661894e-01 3.92922461e-01
    3.66935402e-01 4.51334298e-01 4.23296303e-01 4.65192825e-01
    5.41087806e-01 5.24358630e-01 4.60855275e-01 4.12657738e-01
    3.70600849e-01 3.31313372e-01 3.11597079e-01 3.31776470e-01
    4.02792841e-01 4.98482496e-01 5.31467438e-01 4.53767896e-01
    3.49029094e-01 3.23977530e-01 3.95470291e-01 5.20025134e-01
    6.36161804e-01 6.90965712e-01 6.97713315e-01 6.92743778e-01
    6.58047616e-01 5.73327005e-01 4.66155738e-01 3.85786712e-01
    3.74997437e-01 4.38619435e-01 4.97687340e-01 4.88340616e-01
    4.53307718e-01 4.12827462e-01 3.79163027e-01 4.23079342e-01
    5.37047803e-01 6.22350454e-01 6.10907733e-01 5.20183265e-01
    4.18339163e-01 3.92208844e-01 5.05201876e-01 6.63773894e-01
    7.00995266e-01 6.29393339e-01 5.74815333e-01 5.60919642e-01
    5.66764593e-01 6.10632539e-01 6.55458033e-01 6.42006457e-01
    5.83608508e-01 5.13063908e-01 4.42653269e-01 3.91377807e-01
    3.92168880e-01 4.65278625e-01 5.48240483e-01 5.42402327e-01
    4.78150219e-01 4.53268170e-01 4.80668575e-01 5.32750070e-01
    5.92065990e-01 6.05781853e-01 5.30746102e-01 4.37222123e-01
    4.19146001e-01 4.72989619e-01 5.34464419e-01 5.55843771e-01
    5.58179617e-01 5.50084949e-01 4.99210656e-01 4.43994105e-01
    4.47456241e-01 5.03808975e-01 5.48073053e-01 5.38499057e-01
    5.05837560e-01 4.87641394e-01 5.21645963e-01 5.94410002e-01
    6.06750190e-01 5.66496551e-01 5.62658310e-01 5.53046048e-01
    4.97012198e-01 4.62964326e-01 4.69172835e-01 4.75259691e-01
    4.54014897e-01 4.17759538e-01 4.41189051e-01 5.55432558e-01
    6.44527256e-01 5.92515945e-01 5.01104712e-01 5.26044309e-01
    5.82876503e-01 5.44321716e-01 4.78543282e-01 4.35338855e-01
    3.87603909e-01 3.70426565e-01 4.06730831e-01 4.76377279e-01
    5.27929962e-01 4.89742458e-01 4.06434506e-01 4.14727926e-01
    5.06200910e-01 5.48118353e-01 5.34582317e-01 5.26592493e-01
    5.23557723e-01 5.15597403e-01 4.80545878e-01 4.39514816e-01
    4.36125427e-01 4.63316679e-01 5.22753954e-01 5.80663025e-01
    5.92485011e-01 5.90510368e-01 5.82518578e-01 5.59951365e-01
    5.45564294e-01 5.17008066e-01 4.76194233e-01 4.48125988e-01
    4.10206050e-01 4.08636540e-01 4.83922571e-01 5.41026294e-01
    5.26510298e-01 5.00813961e-01 5.08971512e-01 5.60919881e-01
    6.22263074e-01 6.29050493e-01 5.74373662e-01 4.81701523e-01
    3.77360791e-01 3.14183295e-01 3.52646321e-01 4.68726397e-01
    5.49271226e-01 5.54892421e-01 5.10425210e-01 4.38845098e-01
    4.07884121e-01 4.46436673e-01 5.04102886e-01 5.50608158e-01
    5.65816224e-01 5.18809259e-01 4.72568214e-01 5.15784025e-01
    5.63950062e-01 5.13187706e-01 4.43026692e-01 4.48533863e-01
    5.01521289e-01 5.09924889e-01 4.44511771e-01 4.18660700e-01
    4.86905068e-01 5.20215929e-01 4.77896750e-01 4.67751324e-01
    4.96175647e-01 5.11993229e-01 5.41927397e-01 5.52407444e-01
    4.82638597e-01 4.36309993e-01 4.84219551e-01 5.22395968e-01
    5.19302845e-01 5.05886316e-01 4.53289300e-01 4.09891099e-01
    4.46778804e-01 4.99144167e-01 4.95015234e-01 4.62519318e-01
    4.41977262e-01 4.53111321e-01 4.94381785e-01 5.29844463e-01
    5.27118266e-01 4.82221782e-01 4.30679590e-01 4.29051995e-01
    4.73756820e-01 4.70024318e-01 3.92130971e-01 3.77875417e-01
    4.76039588e-01 5.37524700e-01 4.94399488e-01 4.34386641e-01
    4.23483253e-01 4.60740954e-01 4.77890790e-01 4.17455256e-01
    3.70251894e-01 4.55428600e-01 6.10568702e-01 6.81371033e-01
    6.35493815e-01 5.42982280e-01 4.60087985e-01 3.98269266e-01
    3.73596370e-01 4.05710191e-01 4.53551114e-01 5.05984366e-01
    5.81257582e-01 6.17577374e-01 5.69474280e-01 4.91708487e-01
    4.47809100e-01 4.16262001e-01 3.70229721e-01 3.39587986e-01
    3.26153874e-01 3.41467738e-01 4.11525637e-01 4.88619000e-01
    5.26234388e-01 5.25305092e-01 4.90135014e-01 4.41884369e-01
    4.26842421e-01 4.68513787e-01 5.29826701e-01 5.71452677e-01
    6.06276631e-01 6.46318316e-01 6.60347819e-01 6.33412719e-01
    5.93034506e-01 5.27994394e-01 4.30563837e-01 3.74483645e-01
    4.00563985e-01 4.60022092e-01 5.01806974e-01 5.17833889e-01
    5.15986562e-01 5.15122056e-01 5.03216505e-01 3.89376640e-01
    3.77140909e-01 5.07846534e-01 5.18032193e-01 5.41978061e-01
    5.87263286e-01 5.87719619e-01 5.55106938e-01 5.20819306e-01
    4.88409072e-01 4.32161629e-01 3.69459271e-01 3.44548523e-01
    3.54925990e-01 3.96746814e-01 4.25362825e-01 3.87817323e-01
    3.46229315e-01 3.67370158e-01 4.44636405e-01 5.70487738e-01
    6.94684625e-01 7.23550975e-01 6.76963508e-01 6.55447364e-01
    6.52752936e-01 5.99654734e-01 4.83258814e-01 3.60082716e-01
    3.18468094e-01 3.74704599e-01 4.56928432e-01 5.08486331e-01
    5.19961238e-01 4.94940817e-01 4.70126629e-01 4.98480260e-01
    5.70188880e-01 6.25572264e-01 6.28050923e-01 5.82912624e-01
    5.09698272e-01 4.70126510e-01 5.37250757e-01 6.48491502e-01
    6.59694791e-01 5.65292537e-01 4.92368817e-01 4.84753579e-01
    4.95290786e-01 5.42644918e-01 6.39286935e-01 6.96618438e-01
    6.54524624e-01 5.58465302e-01 4.71066624e-01 4.16623592e-01
    4.13653344e-01 4.78087097e-01 5.43639123e-01 5.05059063e-01
    4.13420796e-01 4.17186946e-01 5.08632302e-01 5.72547793e-01
    5.85847974e-01 5.53391218e-01 4.61243957e-01 3.83368939e-01
    3.98592472e-01 4.77428764e-01 5.38137853e-01 5.63748479e-01
    6.10594928e-01 6.40127540e-01 5.79176307e-01 4.92209971e-01
    4.54809964e-01 4.78857011e-01 5.40114403e-01 5.72437704e-01
    5.50688803e-01 5.14063478e-01 5.10299206e-01 5.40044546e-01
    5.71123421e-01 6.05993330e-01 6.17881358e-01 5.54879129e-01
    4.85216141e-01 4.99198198e-01 5.45239985e-01 5.59306920e-01
    5.37912071e-01 4.93781120e-01 4.97358441e-01 5.87025464e-01
    6.53633058e-01 5.79756260e-01 4.64487880e-01 4.79994744e-01
    5.47495484e-01 5.29924989e-01 4.87219512e-01 4.59410310e-01
    4.22394782e-01 4.13056016e-01 4.23573911e-01 4.24790025e-01
    4.46138859e-01 4.74716872e-01 4.78788346e-01 5.05056500e-01
    5.75029373e-01 6.16830766e-01 6.11113727e-01 6.09360576e-01
    6.19644761e-01 6.06381416e-01 5.47908723e-01 4.82697219e-01
    4.46223527e-01 4.28520918e-01 4.49592263e-01 5.07500708e-01
    5.32927155e-01 5.02215266e-01 4.66395378e-01 4.71752614e-01
    5.03577530e-01 5.00951409e-01 4.50799823e-01 3.98554444e-01
    3.76142085e-01 4.19819772e-01 5.19080639e-01 5.63493431e-01
    5.20312309e-01 4.78221953e-01 4.86102134e-01 5.36192536e-01
    5.86241007e-01 5.92043638e-01 5.42536318e-01 4.40770298e-01
    3.51006746e-01 3.43289196e-01 4.21568543e-01 5.43477118e-01
    6.28763020e-01 6.49043143e-01 6.19457126e-01 5.34830511e-01
    4.63343620e-01 4.99431461e-01 5.93268275e-01 6.31773829e-01
    5.83375812e-01 4.90114719e-01 4.40476865e-01 4.79251117e-01
    5.25007308e-01 4.93188113e-01 4.17988837e-01 3.94663960e-01
    4.55726296e-01 4.99070972e-01 4.42739218e-01 3.86117667e-01
    4.11576957e-01 4.37696517e-01 4.25811648e-01 4.37307239e-01
    4.70014274e-01 5.05227208e-01 5.52354097e-01 5.42511284e-01
    4.36803281e-01 3.56118619e-01 3.86921704e-01 4.57510829e-01
    5.13900876e-01 5.45845747e-01 5.21456003e-01 4.85768795e-01
    5.06265581e-01 5.39566457e-01 5.22635758e-01 4.72478896e-01
    4.43715543e-01 4.79818225e-01 5.46307027e-01 5.42347848e-01
    4.53996956e-01 3.70530933e-01 3.52640241e-01 3.90035570e-01
    4.34874982e-01 4.27134365e-01 3.78562093e-01 3.90020400e-01
    4.76185501e-01 5.28363049e-01 5.04967928e-01 4.68760669e-01
    4.56216514e-01 4.57884640e-01 4.46208298e-01 3.99840713e-01
    3.90768021e-01 4.87233877e-01 5.90335786e-01 5.95471501e-01
    5.43236673e-01 4.77654964e-01 3.94607395e-01 3.33660781e-01
    3.56850356e-01 4.42414731e-01 4.92827863e-01 5.01962185e-01
    5.37234724e-01 5.66129804e-01 5.31076610e-01 4.76869226e-01
    4.43800777e-01 4.03182596e-01 3.64818037e-01 3.51521879e-01
    3.38989496e-01 3.42398226e-01 3.82773668e-01 4.38692808e-01
    5.05401731e-01 5.55925846e-01 5.46776891e-01 4.92899001e-01
    4.55674976e-01 4.71862704e-01 5.16627610e-01 5.61204314e-01
    5.92662692e-01 6.06073022e-01 5.99915743e-01 5.54924667e-01
    4.87394094e-01 4.18884963e-01 3.47851783e-01 3.27517360e-01
    3.86698365e-01 4.62749511e-01 5.05023062e-01 5.05698740e-01
    4.69913721e-01 4.51470703e-01 4.57596034e-01 3.66017103e-01
    3.30521405e-01 5.04784703e-01 5.63761055e-01 5.68586946e-01
    5.81348002e-01 6.12939060e-01 6.30387366e-01 5.98215878e-01
    5.34272134e-01 4.67894375e-01 4.31442082e-01 4.18414176e-01
    3.84927660e-01 3.54604512e-01 3.49919528e-01 3.57134312e-01
    3.97235483e-01 4.47636127e-01 4.80378360e-01 5.59112847e-01
    6.60671830e-01 6.44190550e-01 5.34884512e-01 4.99470055e-01
    5.52839398e-01 5.78667939e-01 5.14308691e-01 4.10154879e-01
    3.51404727e-01 3.45657706e-01 3.82363081e-01 4.57115322e-01
    5.17708719e-01 5.41026831e-01 5.54361999e-01 5.64765632e-01
    5.63454092e-01 5.57977021e-01 5.63083053e-01 5.66499591e-01
    5.42575300e-01 5.19775927e-01 5.43977678e-01 5.83928406e-01
    5.65208673e-01 4.85186666e-01 4.25991118e-01 4.21619654e-01
    4.32635605e-01 4.73154038e-01 5.71756423e-01 6.51222765e-01
    6.37571216e-01 5.75296819e-01 5.16050756e-01 4.51388597e-01
    4.01308089e-01 4.19539481e-01 4.81476873e-01 4.93490279e-01
    4.54254508e-01 4.71613020e-01 5.61075985e-01 6.16023064e-01
    6.02450848e-01 5.48594236e-01 4.60455626e-01 3.97611976e-01
    4.24158812e-01 4.97780949e-01 5.46487629e-01 5.87894201e-01
    6.64505839e-01 7.11524904e-01 6.46298230e-01 5.11508882e-01
    4.19511259e-01 4.30262834e-01 4.95515794e-01 5.29527545e-01
    5.23924351e-01 5.20135820e-01 5.22263587e-01 5.03644347e-01
    4.91273165e-01 5.40025055e-01 5.84075689e-01 5.28063774e-01
    4.57018107e-01 4.84167993e-01 5.42698026e-01 5.49587667e-01
    5.29573739e-01 5.24945617e-01 5.47513723e-01 5.76528072e-01
    5.81243038e-01 5.22516310e-01 4.36180800e-01 4.36579466e-01
    4.97920096e-01 5.20633399e-01 5.13022065e-01 4.94399458e-01
    4.71845567e-01 4.73100066e-01 4.66491640e-01 4.20742542e-01
    4.06387419e-01 4.72470075e-01 5.38434625e-01 5.49730718e-01
    5.77259481e-01 6.37678683e-01 6.57139182e-01 6.40752852e-01
    6.42571747e-01 6.43608272e-01 6.04433239e-01 5.41996717e-01
    4.82992619e-01 4.36569810e-01 4.28899318e-01 4.60317999e-01
    4.63555872e-01 4.03308421e-01 3.43901873e-01 3.49490553e-01
    3.96850586e-01 4.24095213e-01 3.99630606e-01 3.44612241e-01
    3.18530232e-01 3.71772647e-01 4.81101125e-01 5.40820062e-01
    5.06985903e-01 4.52959418e-01 4.39150482e-01 4.68819559e-01
    5.16967773e-01 5.49643815e-01 5.24550080e-01 4.40908194e-01
    3.96188021e-01 4.51317847e-01 5.56777179e-01 6.44446909e-01
    6.67871773e-01 6.37088358e-01 6.02684319e-01 5.64261138e-01
    5.30640483e-01 5.70853889e-01 6.53829455e-01 6.65538847e-01
    5.81607401e-01 4.59935606e-01 3.88579577e-01 4.25356686e-01
    5.14140487e-01 5.51591098e-01 5.07753313e-01 4.48562324e-01
    4.55440581e-01 4.84253883e-01 4.50438291e-01 3.99329096e-01
    3.80836457e-01 3.75765532e-01 3.93085569e-01 4.20268893e-01
    4.25851554e-01 4.43745166e-01 4.85721409e-01 5.08117318e-01
    4.76555139e-01 4.04902995e-01 3.72373313e-01 4.12715435e-01
    4.81720567e-01 5.30651629e-01 5.39428473e-01 5.40566742e-01
    5.48066974e-01 5.42671859e-01 5.29506445e-01 5.05692661e-01
    4.87641603e-01 5.35840988e-01 6.07397199e-01 5.58019996e-01
    4.00020510e-01 3.02188993e-01 3.20134640e-01 3.76132697e-01
    4.07001615e-01 3.99185866e-01 4.01247680e-01 4.60538447e-01
    5.34034729e-01 5.62144637e-01 5.43571174e-01 5.08889437e-01
    4.71178949e-01 4.31312263e-01 4.01523799e-01 3.85301381e-01
    4.21002477e-01 5.16139865e-01 5.57364225e-01 5.12037873e-01
    4.82541084e-01 4.74786371e-01 4.16064560e-01 3.58960748e-01
    4.13696170e-01 5.30787766e-01 5.65670848e-01 5.13163924e-01
    4.78470713e-01 4.86244440e-01 4.91353273e-01 4.87857252e-01
    4.70568240e-01 4.24112052e-01 3.89645725e-01 3.82597923e-01
    3.84184778e-01 4.10056293e-01 4.33009923e-01 4.47049707e-01
    5.04826963e-01 5.64238787e-01 5.52397668e-01 4.98256266e-01
    4.78963673e-01 5.04572153e-01 5.28488219e-01 5.48882246e-01
    5.68297446e-01 5.79446793e-01 5.74614048e-01 5.10574579e-01
    4.18460906e-01 3.66954684e-01 3.40830714e-01 3.39656621e-01
    3.84014040e-01 4.39238429e-01 4.68386322e-01 4.58685786e-01
    4.17791873e-01 4.06219959e-01 4.28347439e-01 3.56480211e-01
    3.14646959e-01 4.62156445e-01 5.26440561e-01 5.41567802e-01
    5.35006225e-01 5.55033326e-01 6.04795754e-01 5.97512782e-01
    5.16370177e-01 4.56811070e-01 4.60083544e-01 4.61136281e-01
    4.13681746e-01 3.49116802e-01 3.22202504e-01 3.58739436e-01
    4.34975356e-01 4.87312198e-01 4.96398270e-01 5.30687511e-01
    5.79536378e-01 5.32950699e-01 4.27757800e-01 4.03191239e-01
    4.68952268e-01 5.29655218e-01 5.21044970e-01 4.68466610e-01
    4.12710249e-01 3.63831133e-01 3.67109567e-01 4.35963094e-01
    5.16443789e-01 5.87302208e-01 6.26113117e-01 5.96240461e-01
    5.37336826e-01 5.06061256e-01 4.93058324e-01 4.80155528e-01
    4.78782743e-01 4.99498099e-01 5.24880886e-01 5.32425821e-01
    5.19670844e-01 4.86641020e-01 4.49029922e-01 4.36289608e-01
    4.49235290e-01 4.85850990e-01 5.44176817e-01 5.77651799e-01
    5.68692267e-01 5.51381826e-01 5.13804615e-01 4.41551268e-01
    3.88519913e-01 4.07792509e-01 4.89973485e-01 5.59191227e-01
    5.55535436e-01 5.49466550e-01 6.11446500e-01 6.49828672e-01
    6.08640552e-01 5.69626272e-01 5.39468884e-01 4.81220990e-01
    4.49521929e-01 4.67479408e-01 5.03164113e-01 5.65076709e-01
    6.42059863e-01 6.78417742e-01 6.31177664e-01 5.12640119e-01
    4.21850055e-01 4.19616848e-01 4.54670936e-01 4.90826666e-01
    5.26287377e-01 5.42005897e-01 5.21938860e-01 4.52733845e-01
    3.78405720e-01 4.12866920e-01 5.25038600e-01 5.45436442e-01
    4.89221841e-01 4.92650926e-01 5.20307958e-01 4.95801508e-01
    4.81020093e-01 5.39876759e-01 6.04380786e-01 5.78867078e-01
    5.06087899e-01 4.50910926e-01 4.09122854e-01 4.15930182e-01
    4.87656593e-01 5.59885800e-01 5.65476239e-01 5.08277953e-01
    4.68013495e-01 4.96213883e-01 5.38546681e-01 5.22623003e-01
    4.91743147e-01 5.21323264e-01 5.52746594e-01 5.27233303e-01
    5.27994692e-01 5.84129453e-01 5.96500039e-01 5.54150224e-01
    5.52205145e-01 5.94540417e-01 6.04157031e-01 5.56078553e-01
    4.74437475e-01 4.05547202e-01 3.88643891e-01 4.01025712e-01
    3.86445343e-01 3.31739455e-01 2.78782785e-01 2.71233559e-01
    3.07695001e-01 3.55420411e-01 3.76082748e-01 3.55711520e-01
    3.32383752e-01 3.64378303e-01 4.66567069e-01 5.51734269e-01
    5.34119248e-01 4.65809733e-01 4.19824153e-01 3.99375677e-01
    4.15094137e-01 4.64305669e-01 4.73933369e-01 4.23948944e-01
    4.18399543e-01 5.19403160e-01 6.50216281e-01 7.03538299e-01
    6.55423641e-01 5.64198852e-01 5.12932360e-01 5.23380220e-01
    5.60898185e-01 6.15671158e-01 6.54093266e-01 6.36184514e-01
    5.80125690e-01 4.88943815e-01 3.94999772e-01 4.03279632e-01
    5.09445131e-01 5.98295987e-01 6.08816028e-01 5.45098007e-01
    4.69894856e-01 4.34098929e-01 4.22742546e-01 4.30148065e-01
    4.30745870e-01 4.06856745e-01 4.05704349e-01 4.13907290e-01
    4.00804698e-01 4.01792347e-01 4.24570084e-01 4.71597940e-01
    5.10128975e-01 4.82989490e-01 4.53020275e-01 4.84242201e-01
    5.37884831e-01 5.63278615e-01 5.61593294e-01 5.61818004e-01
    5.38668573e-01 4.91518557e-01 4.82524723e-01 5.06071806e-01
    5.34454405e-01 5.92404366e-01 6.37464523e-01 5.57922244e-01
    3.92101824e-01 3.13777685e-01 3.62762511e-01 4.51238394e-01
    5.02810597e-01 4.83248413e-01 4.76744771e-01 5.58607399e-01
    6.38288915e-01 6.28845572e-01 5.61279297e-01 4.98725682e-01
    4.54236269e-01 4.27074254e-01 4.36693341e-01 4.61944222e-01
    4.93322730e-01 5.23065984e-01 4.96536344e-01 4.47220951e-01
    4.55336690e-01 4.83088106e-01 4.54022348e-01 4.16060239e-01
    4.73571539e-01 5.91570735e-01 6.43892050e-01 5.96175194e-01
    5.12751877e-01 4.69407916e-01 4.89528716e-01 5.29117584e-01
    5.17278194e-01 4.42862362e-01 3.83597642e-01 3.85246396e-01
    4.40007269e-01 5.18748581e-01 5.39609551e-01 5.06363928e-01
    5.07049024e-01 5.25560200e-01 5.04291832e-01 4.63858336e-01
    4.59125966e-01 4.90067661e-01 5.18451512e-01 5.30946374e-01
    5.31807721e-01 5.51994622e-01 5.78199387e-01 5.40446103e-01
    4.70506966e-01 4.36622620e-01 4.24933940e-01 4.27315235e-01
    4.44691807e-01 4.50104088e-01 4.29262936e-01 3.98427188e-01
    3.91643286e-01 4.22093630e-01 4.43216681e-01 3.61854941e-01
    3.68251503e-01 4.83102739e-01 5.34247935e-01 5.56263983e-01
    5.09251893e-01 4.61701483e-01 5.13524234e-01 5.71034193e-01
    5.41344345e-01 5.09328723e-01 5.13912141e-01 4.90653515e-01
    4.23313439e-01 3.51538181e-01 3.37373048e-01 3.92430246e-01
    4.57954496e-01 5.09172142e-01 5.45549810e-01 5.59867442e-01
    5.42858720e-01 4.87359136e-01 4.45850283e-01 4.50986207e-01
    4.66891259e-01 4.79728937e-01 4.77579534e-01 4.46806282e-01
    4.11788046e-01 4.03052866e-01 4.33471233e-01 4.88372624e-01
    5.47115207e-01 6.07251644e-01 6.29660070e-01 5.71047425e-01
    5.03510296e-01 4.93410856e-01 4.69296217e-01 4.05713826e-01
    3.90721351e-01 4.40262526e-01 4.79162306e-01 4.92153555e-01
    5.23086786e-01 5.48860073e-01 5.19749105e-01 4.75907624e-01
    4.81216371e-01 5.33263743e-01 5.83181620e-01 5.81248760e-01
    5.43483317e-01 5.07929087e-01 4.54365909e-01 4.03050959e-01
    4.19675767e-01 4.96631414e-01 5.93494534e-01 6.54348493e-01
    6.15377247e-01 5.59721768e-01 6.01732194e-01 6.36640012e-01
    5.87848246e-01 5.80641866e-01 6.13029301e-01 5.58573902e-01
    4.50440109e-01 3.93945456e-01 4.14507329e-01 4.81663406e-01
    5.40095687e-01 5.59790671e-01 5.44013500e-01 5.06110728e-01
    4.83850807e-01 4.85734463e-01 5.05767405e-01 5.72685063e-01
    6.40747309e-01 6.22013688e-01 5.39282680e-01 4.29012656e-01
    3.13473582e-01 3.20212632e-01 4.57021534e-01 5.24353445e-01
    4.90587622e-01 4.97684896e-01 5.38901210e-01 5.36882162e-01
    5.42556763e-01 6.21619463e-01 6.93625093e-01 6.33924723e-01
    4.86284614e-01 3.85947198e-01 3.61195117e-01 3.89407426e-01
    4.83591616e-01 5.95533371e-01 6.07872307e-01 5.21216094e-01
    4.65984046e-01 5.14268160e-01 5.98517418e-01 6.19253635e-01
    5.91246426e-01 5.70216358e-01 5.39307594e-01 4.90767419e-01
    4.71049905e-01 4.89049613e-01 4.72126424e-01 4.05087113e-01
    3.97557229e-01 4.79169160e-01 5.45518935e-01 5.33121228e-01
    4.65124875e-01 3.97836804e-01 3.65538269e-01 3.53925914e-01
    3.35146397e-01 3.02809298e-01 2.72880852e-01 2.59993941e-01
    2.70839036e-01 3.15150380e-01 3.75258207e-01 4.09817010e-01
    4.16607738e-01 4.43039447e-01 5.28020978e-01 6.10481620e-01
    6.01302862e-01 5.34816802e-01 4.59819674e-01 3.82251084e-01
    3.70274127e-01 4.29046839e-01 4.33835566e-01 3.60792428e-01
    3.38359445e-01 4.41698939e-01 5.98148525e-01 6.80979490e-01
    6.39224827e-01 5.24465919e-01 4.47232604e-01 4.70582247e-01
    5.49125135e-01 6.12629473e-01 6.13658667e-01 5.74991465e-01
    5.61848164e-01 5.29606581e-01 4.41023201e-01 4.15114701e-01
    4.96300876e-01 5.93805134e-01 6.48207188e-01 6.00650668e-01
    4.57173526e-01 3.48658651e-01 3.61375332e-01 4.57418978e-01
    5.22452474e-01 4.96158093e-01 4.45644647e-01 4.23203647e-01
    4.24617797e-01 4.36186552e-01 4.39248502e-01 4.54069793e-01
    4.75117266e-01 4.90451217e-01 5.43853700e-01 6.16782308e-01
    6.46829724e-01 6.24916792e-01 5.94957650e-01 5.85580170e-01
    5.47494888e-01 4.71611410e-01 4.36760545e-01 4.80070442e-01
    5.56768715e-01 6.05372310e-01 5.97162247e-01 5.20366013e-01
    4.11458939e-01 3.67740810e-01 4.30546075e-01 5.58469594e-01
    6.54990494e-01 6.27604067e-01 5.58729410e-01 5.89823782e-01
    6.60179794e-01 6.37285531e-01 5.47618568e-01 4.89283383e-01
    4.60908234e-01 4.55695331e-01 5.15446067e-01 5.85440338e-01
    5.75431943e-01 4.92618322e-01 4.16945934e-01 4.13023382e-01
    4.51431841e-01 4.74269331e-01 4.70869869e-01 4.63253200e-01
    5.01884282e-01 5.97791135e-01 6.78683996e-01 6.77796960e-01
    6.00063503e-01 5.13940811e-01 4.89260733e-01 5.16856313e-01
    5.15857756e-01 4.46060419e-01 3.76843035e-01 3.79144400e-01
    4.56241012e-01 5.63688695e-01 6.02755010e-01 5.45038581e-01
    4.76494968e-01 4.48476881e-01 4.48526740e-01 4.54516768e-01
    4.46108133e-01 4.30687338e-01 4.52120304e-01 4.97813046e-01
    5.06990314e-01 5.04345179e-01 5.25017619e-01 5.29404223e-01
    5.05028963e-01 4.79749978e-01 4.79870081e-01 5.09306133e-01
    5.16670048e-01 4.71074164e-01 4.07143474e-01 3.76410633e-01
    4.17682081e-01 4.91950423e-01 4.97942954e-01 3.75472963e-01
    4.16169077e-01 5.37998378e-01 5.87640166e-01 5.93390167e-01
    5.14181376e-01 4.32703495e-01 4.70658660e-01 5.46250403e-01
    5.54349363e-01 5.49476266e-01 5.55284441e-01 5.11182487e-01
    4.17000502e-01 3.60238254e-01 3.99602443e-01 4.67478424e-01
    4.98804480e-01 5.45991182e-01 6.13416612e-01 6.25292301e-01
    5.85044563e-01 5.49286008e-01 5.46869874e-01 5.47688603e-01
    5.09305954e-01 4.67240274e-01 4.41147923e-01 4.01647240e-01
    3.91584009e-01 4.44042534e-01 4.95967925e-01 5.12899280e-01
    5.20751894e-01 5.38791656e-01 5.53540051e-01 5.33725441e-01
    5.06325483e-01 5.06976426e-01 4.82392579e-01 4.20507640e-01
    4.08666044e-01 4.51148987e-01 4.66006011e-01 4.66667950e-01
    5.09244919e-01 5.48552871e-01 5.29734910e-01 4.92817044e-01
    5.00047266e-01 5.64501345e-01 6.39052212e-01 6.44952834e-01
    5.76922476e-01 4.91381019e-01 4.07767177e-01 3.74781728e-01
    4.50311601e-01 5.70738554e-01 6.57738328e-01 6.90698683e-01
    6.37254834e-01 5.65421939e-01 5.80394089e-01 5.98032057e-01
    5.62622190e-01 5.80869734e-01 6.36406660e-01 5.95764875e-01
    4.61736977e-01 3.82016391e-01 4.26882863e-01 4.97653276e-01
    5.11635363e-01 4.88801718e-01 4.69626009e-01 4.84028935e-01
    5.21234810e-01 5.50014794e-01 6.02796197e-01 7.06785798e-01
    7.68812001e-01 7.05618262e-01 5.92441499e-01 4.83772010e-01
    3.60383093e-01 3.20081860e-01 3.94133419e-01 4.30293411e-01
    4.11801547e-01 4.69085962e-01 5.91071188e-01 6.62906229e-01
    6.82436228e-01 7.21612096e-01 7.56192207e-01 6.78464592e-01
    4.93153185e-01 3.50827366e-01 3.14364910e-01 3.28140080e-01
    4.06032383e-01 5.37631333e-01 5.85573196e-01 5.15687287e-01
    4.56657827e-01 4.89318758e-01 5.57237208e-01 5.84463477e-01
    5.80533087e-01 5.59766114e-01 5.18507242e-01 4.60019141e-01
    3.93826663e-01 3.74222279e-01 3.76825988e-01 3.26226771e-01
    3.04127038e-01 3.94143045e-01 5.06223738e-01 5.48195779e-01
    5.35544157e-01 4.92276877e-01 4.24864680e-01 3.71973723e-01
    3.50000173e-01 3.31871957e-01 3.06962132e-01 2.72204548e-01
    2.44890094e-01 2.74366498e-01 3.56031150e-01 4.31638211e-01
    4.74846333e-01 5.12888432e-01 5.81748903e-01 6.42985821e-01
    6.33068681e-01 5.74428976e-01 4.93463665e-01 4.07676876e-01
    4.04840946e-01 4.78823394e-01 4.82130378e-01 3.84647161e-01
    3.11943054e-01 3.55607927e-01 4.91201043e-01 6.06633246e-01
    6.12606585e-01 5.25568187e-01 4.48776752e-01 4.57175851e-01
    5.10722995e-01 5.50751030e-01 5.51405966e-01 5.25369644e-01
    5.26162207e-01 5.18720865e-01 4.53498811e-01 4.24072862e-01
    4.87771213e-01 5.80968022e-01 6.47609353e-01 6.15436971e-01
    4.55700815e-01 3.09379846e-01 3.32634121e-01 4.88575310e-01
    6.00050867e-01 5.75021148e-01 4.85272378e-01 4.26358849e-01
    4.30244058e-01 4.65293407e-01 4.75385427e-01 4.51494098e-01
    4.25204098e-01 4.50199753e-01 5.46098828e-01 6.34817541e-01
    6.43337190e-01 5.98978043e-01 5.81287563e-01 6.06986821e-01
    5.94085395e-01 5.03726304e-01 4.25810188e-01 4.53821003e-01
    5.39195478e-01 5.72371125e-01 5.47821224e-01 5.08313417e-01
    4.68898714e-01 4.51209098e-01 4.84192371e-01 5.82021177e-01
    6.86941624e-01 6.87226295e-01 5.98902941e-01 5.67017972e-01
    6.06659472e-01 5.99535286e-01 5.45150518e-01 5.18287182e-01
    4.98229235e-01 4.83616620e-01 5.44344366e-01 6.33046329e-01
    5.99562168e-01 4.56298470e-01 3.92319471e-01 4.46002811e-01
    4.76050347e-01 4.67804164e-01 4.86665100e-01 5.03625453e-01
    5.22852004e-01 5.84557474e-01 6.43925846e-01 6.60449386e-01
    6.39315009e-01 5.80221832e-01 5.11345327e-01 4.74405408e-01
    4.57753718e-01 4.31030840e-01 4.13199395e-01 4.20432389e-01
    4.59987730e-01 5.50647616e-01 6.15645289e-01 5.64921260e-01
    4.55539733e-01 3.98308009e-01 4.30209905e-01 4.93290275e-01
    4.99014974e-01 4.52028841e-01 4.50750858e-01 5.09265304e-01
    5.21356344e-01 4.63868827e-01 4.29375321e-01 4.40479070e-01
    4.42288697e-01 4.40268934e-01 4.78761196e-01 5.28867960e-01
    5.16556025e-01 4.44982797e-01 3.81927133e-01 3.75616610e-01
    4.46001440e-01 5.42399764e-01 5.42275608e-01 3.86010200e-01
    4.08100516e-01 5.22371054e-01 5.52219272e-01 5.38258910e-01
    4.83848006e-01 4.51695830e-01 4.75815266e-01 4.86915439e-01
    4.73694324e-01 4.98768091e-01 5.36154091e-01 5.00758827e-01
    4.12270010e-01 3.96615624e-01 4.75211680e-01 5.25250494e-01
    5.20077825e-01 5.57837665e-01 6.30629480e-01 6.47206545e-01
    6.30437434e-01 6.32663965e-01 6.26543820e-01 6.00348949e-01
    5.68550527e-01 5.33648670e-01 4.88972306e-01 4.29965645e-01
    4.10951614e-01 4.66200590e-01 5.12896776e-01 4.85813230e-01
    4.36648846e-01 4.42834228e-01 5.05112410e-01 5.59794903e-01
    5.63406825e-01 5.26963055e-01 4.82538611e-01 4.61196810e-01
    4.89746720e-01 5.30802429e-01 5.18639922e-01 4.90820825e-01
    4.88906235e-01 4.77913648e-01 4.70118225e-01 4.84842926e-01
    4.97754037e-01 5.36165297e-01 6.18370831e-01 6.65215373e-01
    6.23895943e-01 5.28420031e-01 4.18625891e-01 3.67269129e-01
    4.42531407e-01 5.64098597e-01 6.27881646e-01 6.48268402e-01
    6.35322213e-01 6.05524600e-01 5.98016620e-01 5.69290817e-01
    5.23084462e-01 5.34426510e-01 5.80304742e-01 5.66392243e-01
    4.76810992e-01 4.47791874e-01 5.45883358e-01 6.23846829e-01
    5.96807718e-01 5.21219194e-01 4.45108950e-01 4.15593237e-01
    4.42498744e-01 5.00526667e-01 6.09795988e-01 7.45831192e-01
    7.94245005e-01 7.12218583e-01 6.08270228e-01 5.44900298e-01
    4.76258695e-01 4.33375716e-01 4.31184530e-01 3.95817101e-01
    3.70240390e-01 4.65459436e-01 6.33185863e-01 7.32798815e-01
    7.40338147e-01 7.27870405e-01 7.22972214e-01 6.58423960e-01
    5.02246201e-01 3.71252149e-01 3.31551850e-01 3.13301355e-01
    3.35198939e-01 4.47866321e-01 5.28336287e-01 4.86187518e-01
    4.25720096e-01 4.25589681e-01 4.51229572e-01 4.78692651e-01
    5.11492074e-01 5.28917134e-01 5.10496438e-01 4.32579845e-01
    3.16113800e-01 2.82110125e-01 3.33758712e-01 3.34491104e-01
    3.12573671e-01 3.88131112e-01 5.10336876e-01 5.80494761e-01
    6.05943978e-01 5.83408177e-01 4.98959273e-01 4.27920938e-01
    4.19212729e-01 4.27116543e-01 4.02893364e-01 3.28141391e-01
    2.50537753e-01 2.54141390e-01 3.40531409e-01 4.40793484e-01
    4.94096041e-01 5.11178613e-01 5.54575801e-01 6.02098763e-01
    5.91241896e-01 5.47532558e-01 5.04192352e-01 4.65237886e-01
    4.76938576e-01 5.45842528e-01 5.76337934e-01 5.13606369e-01
    4.17236567e-01 3.89703572e-01 4.64618593e-01 5.51018953e-01
    5.76467872e-01 5.53748846e-01 5.16294837e-01 5.00354767e-01
    4.93318766e-01 4.86696929e-01 4.97620314e-01 5.04349113e-01
    5.02349973e-01 4.89643723e-01 4.56808209e-01 4.51419532e-01
    5.09738445e-01 5.93929708e-01 6.51683807e-01 6.35392725e-01
    5.09917140e-01 3.63810003e-01 3.68851930e-01 5.26428998e-01
    6.51515067e-01 6.34342194e-01 5.29692411e-01 4.37642604e-01
    4.19846445e-01 4.63330686e-01 4.97064948e-01 4.78915602e-01
    4.40265119e-01 4.31416631e-01 4.70621556e-01 5.25154769e-01
    5.27447581e-01 4.90004301e-01 5.05622327e-01 5.77103019e-01
    5.99005640e-01 5.18315911e-01 4.22933340e-01 4.23892617e-01
    4.94372904e-01 5.42971849e-01 5.48752487e-01 5.30054033e-01
    5.19531488e-01 5.36541283e-01 5.51172256e-01 5.59992075e-01
    5.96503615e-01 6.26588702e-01 5.99207819e-01 5.68351686e-01
    5.75076222e-01 5.70488095e-01 5.40386558e-01 5.06958783e-01
    4.77394640e-01 4.73625332e-01 5.27190566e-01 5.98758161e-01
    5.71020782e-01 4.59001452e-01 4.40138966e-01 5.16762376e-01
    5.31344533e-01 5.03497124e-01 5.13224781e-01 5.23593485e-01
    5.29814661e-01 5.42917073e-01 5.41073561e-01 5.57009280e-01
    5.93581021e-01 5.86475313e-01 5.36212504e-01 4.87475902e-01
    4.41632748e-01 4.14503187e-01 4.36424077e-01 4.62518662e-01
    4.82679009e-01 5.61847031e-01 6.34517372e-01 5.85781693e-01
    4.73104149e-01 4.22544867e-01 4.62300718e-01 5.23269475e-01
    5.37258387e-01 5.20905256e-01 5.33819199e-01 5.66898286e-01
    5.36341608e-01 4.40202653e-01 3.87826174e-01 3.97025466e-01
    4.05597001e-01 4.39402729e-01 5.18369734e-01 5.65001547e-01
    5.34962058e-01 4.74011302e-01 4.30694580e-01 4.27079439e-01
    4.77265626e-01 5.47940016e-01 5.35908043e-01 3.73869538e-01
    3.55902284e-01 4.54748601e-01 4.60481524e-01 4.38687652e-01
    4.32009369e-01 4.59420055e-01 4.63123798e-01 4.08200681e-01
    3.89979661e-01 4.55411702e-01 5.08193970e-01 4.79971260e-01
    4.35442537e-01 4.60558474e-01 5.20980775e-01 5.32735288e-01
    5.07748067e-01 5.20524859e-01 5.72332680e-01 5.91892064e-01
    5.84478199e-01 5.91733158e-01 5.83031416e-01 5.77859402e-01
    6.14499688e-01 6.27674878e-01 5.78489244e-01 5.09505093e-01
    4.72571999e-01 4.93350714e-01 5.17561436e-01 4.71874207e-01
    4.09867764e-01 4.41806048e-01 5.51286399e-01 6.26795352e-01
    6.03376627e-01 5.12808025e-01 4.38779294e-01 4.36040819e-01
    5.07546425e-01 5.84526658e-01 5.85052490e-01 5.46819091e-01
    5.05463481e-01 4.40796465e-01 4.23071325e-01 4.67165500e-01
    4.82851237e-01 4.87648129e-01 5.46749711e-01 6.17145896e-01
    6.17616951e-01 5.46700001e-01 4.58137542e-01 4.06847239e-01
    4.40050781e-01 5.17911851e-01 5.58492184e-01 5.74611843e-01
    5.90740502e-01 5.97347915e-01 5.89967787e-01 5.51874936e-01
    5.07409990e-01 4.95128214e-01 5.02195477e-01 4.91186798e-01
    4.61884290e-01 4.94320631e-01 6.09012902e-01 6.89954102e-01
    6.80159986e-01 6.12791717e-01 4.94519770e-01 3.75602901e-01
    3.39538276e-01 4.03701693e-01 5.40922463e-01 6.76120222e-01
    7.13315845e-01 6.37733281e-01 5.44658065e-01 5.18864691e-01
    5.40311456e-01 5.57349324e-01 5.26798248e-01 4.58140671e-01
    4.42957401e-01 5.23157954e-01 6.25387847e-01 6.71636581e-01
    6.59747839e-01 6.32044196e-01 6.35960042e-01 6.37788951e-01
    5.64449728e-01 4.79102612e-01 4.54157382e-01 4.32107985e-01
    4.15827036e-01 4.75223392e-01 5.26217043e-01 4.82852608e-01
    4.29606110e-01 4.05216783e-01 3.88013124e-01 4.14163888e-01
    4.83014107e-01 5.34809351e-01 5.19231796e-01 4.22167957e-01
    3.07160199e-01 2.79645205e-01 3.27208012e-01 3.43673199e-01
    3.43609393e-01 4.10686105e-01 5.03378212e-01 5.52296281e-01
    5.77135205e-01 5.72926104e-01 5.05413651e-01 4.32689905e-01
    4.35762018e-01 4.96178985e-01 5.19789636e-01 4.42180246e-01
    3.26028794e-01 2.93170512e-01 3.74157190e-01 4.87025052e-01
    5.30321121e-01 5.14449298e-01 5.30979991e-01 5.70557296e-01
    5.64207852e-01 5.33130765e-01 5.20626307e-01 5.20817637e-01
    5.40377140e-01 5.92297852e-01 6.34916067e-01 6.08164608e-01
    5.18380761e-01 4.55583125e-01 4.68281716e-01 4.96570855e-01
    5.22741020e-01 5.56551993e-01 5.49608052e-01 5.10988235e-01
    4.83742356e-01 4.71799582e-01 4.80176955e-01 4.95762020e-01
    4.89164591e-01 4.70424533e-01 4.72836018e-01 5.00945508e-01
    5.52086353e-01 6.10364616e-01 6.43461704e-01 6.45869434e-01
    5.93190193e-01 4.92080808e-01 4.62046623e-01 5.61688602e-01
    6.68847978e-01 6.62416756e-01 5.67190647e-01 4.81557339e-01
    4.67961729e-01 5.04025161e-01 5.27391613e-01 5.24460495e-01
    5.14930427e-01 4.85706240e-01 4.53733504e-01 4.56998795e-01
    4.46948349e-01 4.19304609e-01 4.58795637e-01 5.47510624e-01
    5.81239641e-01 5.18421471e-01 4.22327161e-01 3.87435496e-01
    4.28155839e-01 4.99092549e-01 5.55528820e-01 5.63070595e-01
    5.55810213e-01 5.93651831e-01 6.28748238e-01 5.84351301e-01
    5.27969658e-01 5.46838880e-01 5.73229074e-01 5.46204746e-01
    5.12938261e-01 5.03312290e-01 4.82237130e-01 4.25579637e-01
    3.89149666e-01 4.23627853e-01 4.94556010e-01 5.37124813e-01
    5.12322545e-01 4.61349130e-01 4.79535580e-01 5.58108151e-01
    5.96219242e-01 5.82297981e-01 5.61250448e-01 5.44209659e-01
    5.25131524e-01 4.78135079e-01 4.32340622e-01 4.53045249e-01
    5.05244255e-01 5.21695256e-01 5.26481628e-01 5.40498734e-01
    5.04599631e-01 4.35993969e-01 4.26706254e-01 4.54911947e-01
    4.88615155e-01 5.71488202e-01 6.29967630e-01 5.64259052e-01
    4.72965628e-01 4.74103242e-01 5.22848606e-01 5.36878228e-01
    5.17114341e-01 5.19976079e-01 5.66969752e-01 5.92061281e-01
    5.19472659e-01 4.12125766e-01 3.94052893e-01 4.38629687e-01
    4.65867966e-01 5.05373359e-01 5.84289491e-01 6.40382826e-01
    6.34035587e-01 6.02316201e-01 5.72396755e-01 5.50129056e-01
    5.48124969e-01 5.57947397e-01 5.17884016e-01 3.58798385e-01
    2.76426941e-01 4.01003450e-01 4.38501984e-01 4.39607173e-01
    4.56568271e-01 4.79155719e-01 4.39279258e-01 3.66472781e-01
    3.92256677e-01 4.91655141e-01 5.20112216e-01 4.71803069e-01
    4.50604975e-01 4.82501417e-01 5.10579824e-01 5.03230989e-01
    4.62704808e-01 4.28844541e-01 4.56695318e-01 4.95599985e-01
    4.80806917e-01 4.51703191e-01 4.45238441e-01 4.95335102e-01
    6.01075292e-01 6.54869974e-01 6.13985538e-01 5.62202215e-01
    5.49525201e-01 5.47550797e-01 5.22243977e-01 4.79885697e-01
    4.67574000e-01 5.24491310e-01 6.20449662e-01 6.62793398e-01
    6.00163996e-01 5.00105798e-01 4.47207540e-01 4.48111385e-01
    4.99919564e-01 5.69433689e-01 5.80854774e-01 5.57728112e-01
    5.30945122e-01 4.68015730e-01 4.29522097e-01 4.52082217e-01
    4.75774914e-01 4.98735994e-01 5.42188823e-01 5.73641419e-01
    5.46237111e-01 4.92505699e-01 4.82103050e-01 4.85079706e-01
    4.73482549e-01 4.76676375e-01 4.94688481e-01 5.21937966e-01
    5.38005948e-01 5.30990601e-01 5.27243853e-01 5.38422763e-01
    5.51907659e-01 5.40882587e-01 4.97014642e-01 4.45447206e-01
    4.28106517e-01 4.74450201e-01 5.65779746e-01 6.45491958e-01
    6.81839108e-01 6.79421306e-01 6.06223524e-01 4.67936248e-01
    3.79432231e-01 4.17584479e-01 5.30746937e-01 6.14975929e-01
    6.17266238e-01 5.49427092e-01 4.64832336e-01 4.47168678e-01
    5.20418704e-01 5.85554600e-01 5.62323093e-01 5.26555002e-01
    5.55482805e-01 5.91309607e-01 5.80072224e-01 5.52731156e-01
    5.29483020e-01 5.20276129e-01 5.76498687e-01 6.58889949e-01
    6.58408046e-01 6.11723244e-01 6.01624489e-01 5.94034851e-01
    5.70481837e-01 5.75598478e-01 5.70502698e-01 5.14168441e-01
    4.63688493e-01 4.23041552e-01 3.81022424e-01 4.06723142e-01
    5.01210034e-01 5.55928588e-01 5.15877604e-01 4.40427780e-01
    3.90043885e-01 3.68228912e-01 3.55035663e-01 3.45278710e-01
    3.76983374e-01 4.54312325e-01 4.99830037e-01 4.89100784e-01
    4.87731487e-01 5.00799119e-01 4.57780778e-01 3.71210039e-01
    3.59337837e-01 4.68990713e-01 5.76469421e-01 5.51281750e-01
    4.38838631e-01 3.85207146e-01 4.49219167e-01 5.43046415e-01
    5.64944148e-01 5.34444690e-01 5.34695685e-01 5.78764379e-01
    6.05247259e-01 5.87744057e-01 5.54425001e-01 5.32387316e-01
    5.41792035e-01 5.79820096e-01 6.07571840e-01 5.88259876e-01
    5.31078875e-01 4.79935646e-01 4.48489130e-01 4.43953753e-01
    4.94096309e-01 5.45076489e-01 5.10372579e-01 4.44252223e-01
    4.48888272e-01 4.88010377e-01 4.95482713e-01 4.87181246e-01
    4.60432827e-01 4.28346813e-01 4.47446436e-01 5.05009115e-01
    5.65912247e-01 6.08270526e-01 6.10591769e-01 6.09265864e-01
    6.18205547e-01 5.82863510e-01 5.24428070e-01 5.41650653e-01
    6.15458906e-01 6.30598724e-01 5.74918985e-01 5.23967087e-01
    5.15747547e-01 5.16129494e-01 4.95027900e-01 5.05798459e-01
    5.65779805e-01 5.79175711e-01 5.25234699e-01 4.74966556e-01
    4.36939985e-01 4.27481532e-01 4.85324949e-01 5.61790943e-01
    5.83850384e-01 5.32684624e-01 4.41869318e-01 3.80614221e-01
    3.81458074e-01 4.43665057e-01 5.50445497e-01 6.16317391e-01
    5.98780692e-01 5.92026532e-01 6.38453066e-01 6.31164789e-01
    5.62654793e-01 5.53788841e-01 5.58392167e-01 4.80694979e-01
    4.11569744e-01 4.19277012e-01 4.22112107e-01 3.78419340e-01
    3.60031933e-01 4.10952419e-01 4.77792561e-01 4.90579605e-01
    4.53107089e-01 4.29158032e-01 4.59612578e-01 5.32375097e-01
    5.95947027e-01 6.10865772e-01 5.84818840e-01 5.46204925e-01
    4.99603242e-01 4.40240532e-01 4.12574500e-01 4.37013566e-01
    4.69681144e-01 4.91315484e-01 5.23361683e-01 5.62326193e-01
    5.47484636e-01 4.75154221e-01 4.36236024e-01 4.48390722e-01
    4.76515681e-01 5.41450739e-01 5.75134218e-01 4.92044926e-01
    4.25089091e-01 4.91173536e-01 5.81934094e-01 5.87549508e-01
    5.37249148e-01 5.11786103e-01 5.44869840e-01 5.73035300e-01
    5.08211434e-01 4.05273318e-01 4.00156766e-01 4.86460328e-01
    5.51301777e-01 5.62221825e-01 5.88979125e-01 6.45107925e-01
    6.68642998e-01 6.60631299e-01 6.42204762e-01 6.07780993e-01
    5.73968828e-01 5.53131282e-01 5.00107348e-01 3.46970558e-01
    1.96009725e-01 3.49314302e-01 4.54521447e-01 5.07208645e-01
    5.21911085e-01 4.92545068e-01 4.17773575e-01 3.73207271e-01
    4.46829200e-01 5.60638428e-01 5.71644843e-01 4.88636345e-01
    4.23799813e-01 4.26224291e-01 4.51631248e-01 4.48291540e-01
    3.90405923e-01 3.20590228e-01 3.39896351e-01 4.11263049e-01
    4.16073203e-01 3.69385511e-01 3.48835319e-01 4.12693530e-01
    5.43658316e-01 6.17431223e-01 5.83404183e-01 5.51220238e-01
    5.89966953e-01 6.06300831e-01 5.45000374e-01 5.00251353e-01
    5.26250899e-01 5.83147764e-01 6.45853519e-01 6.70298219e-01
    6.09947085e-01 5.43486059e-01 5.47471523e-01 5.53814828e-01
    5.30877829e-01 5.22049129e-01 5.23535609e-01 5.40797710e-01
    5.55689216e-01 5.15966594e-01 4.61889863e-01 4.52338874e-01
    4.90673333e-01 5.58523536e-01 6.06168151e-01 5.86330473e-01
    5.03585219e-01 4.50268865e-01 4.94412214e-01 5.40945768e-01
    5.12533426e-01 4.60889965e-01 4.48745072e-01 4.86810058e-01
    5.12715280e-01 4.98015970e-01 4.99796778e-01 5.47217071e-01
    6.02828085e-01 6.08322740e-01 5.47895789e-01 4.61322427e-01
    4.13010299e-01 4.34626013e-01 5.03491402e-01 5.74023426e-01
    6.18384600e-01 6.58170819e-01 6.70138776e-01 5.96248567e-01
    5.06773591e-01 5.16780019e-01 5.95283091e-01 6.33803725e-01
    6.00652158e-01 5.24327576e-01 4.45690989e-01 4.32301253e-01
    5.05744874e-01 5.67509949e-01 5.57187796e-01 5.48925042e-01
    5.70417285e-01 5.63351810e-01 5.24735987e-01 4.96595860e-01
    4.69326854e-01 4.54434097e-01 5.27440608e-01 6.36682689e-01
    6.55758202e-01 6.26749635e-01 6.43373728e-01 6.66081607e-01
    6.37468815e-01 5.97872794e-01 5.76519787e-01 5.43106496e-01
    4.89812881e-01 4.25355643e-01 3.79529446e-01 4.18328315e-01
    5.23269773e-01 5.58272302e-01 4.99272734e-01 4.69617933e-01
    4.79442447e-01 4.55935985e-01 4.13335145e-01 4.03397441e-01
    4.57736582e-01 5.36213040e-01 5.40166378e-01 4.76077884e-01
    4.50469762e-01 4.69669908e-01 4.35582966e-01 3.44671905e-01
    3.31085682e-01 4.61446017e-01 6.00949466e-01 5.99850476e-01
    4.98304278e-01 4.41255271e-01 4.88758087e-01 5.66965103e-01
    5.84772408e-01 5.40464222e-01 5.12915075e-01 5.63116014e-01
    6.39054596e-01 6.52124226e-01 5.97904027e-01 5.37290812e-01
    5.23552597e-01 5.45332313e-01 5.44744432e-01 5.06300151e-01
    4.80026126e-01 4.73098844e-01 4.39775288e-01 4.45477307e-01
    5.45479655e-01 5.93556464e-01 4.95686442e-01 3.97057742e-01
    4.30615932e-01 5.06409824e-01 5.13472974e-01 4.84008104e-01
    4.42940503e-01 3.98858666e-01 3.98510516e-01 4.49479818e-01
    5.31421185e-01 5.97922981e-01 5.89966178e-01 5.51028728e-01
    5.57877362e-01 5.60525835e-01 4.99715269e-01 4.61568356e-01
    5.05411863e-01 5.50406218e-01 5.48002124e-01 5.22872448e-01
    4.86300737e-01 4.29059267e-01 3.71864527e-01 4.03697610e-01
    5.33695817e-01 6.13845289e-01 5.74281216e-01 4.98685598e-01
    4.62057948e-01 4.77100939e-01 5.16754270e-01 5.43134868e-01
    5.40599465e-01 5.00489116e-01 4.33485866e-01 3.94873887e-01
    3.99277627e-01 4.39315319e-01 5.28842807e-01 5.87066531e-01
    5.40057659e-01 4.97332603e-01 5.68141758e-01 6.50953412e-01
    6.47359192e-01 6.30753636e-01 5.92357516e-01 4.69927728e-01
    3.80265206e-01 3.97820294e-01 4.23094839e-01 4.16594118e-01
    4.32769656e-01 4.75745350e-01 5.03179491e-01 4.88583654e-01
    4.51830149e-01 4.43354934e-01 4.72994328e-01 5.11842012e-01
    5.37024081e-01 5.46972156e-01 5.35249710e-01 4.92090315e-01
    4.45759863e-01 4.30290669e-01 4.56184268e-01 4.92255062e-01
    5.04026651e-01 5.09342253e-01 5.16598046e-01 5.19279540e-01
    5.19491017e-01 5.02955079e-01 4.84180868e-01 4.83883739e-01
    4.92321819e-01 5.27014494e-01 5.42124629e-01 4.70039546e-01
    4.24796462e-01 5.12341082e-01 6.25584602e-01 6.42336905e-01
    5.86164713e-01 5.36210954e-01 5.26204348e-01 5.35474002e-01
    5.08611083e-01 4.39797729e-01 4.19544905e-01 4.99453366e-01
    5.80888867e-01 5.65865219e-01 5.34143329e-01 5.64116240e-01
    5.96492350e-01 5.98301113e-01 5.69251657e-01 5.13930142e-01
    4.89687413e-01 5.07000744e-01 4.80860233e-01 3.42260629e-01
    1.68379053e-01 3.14617008e-01 4.50964719e-01 5.32761753e-01
    5.28641462e-01 4.59872425e-01 4.01816636e-01 4.21811640e-01
    5.17953336e-01 6.18465602e-01 6.34535432e-01 5.35390794e-01
    4.11171496e-01 3.75474632e-01 4.06739682e-01 4.17022467e-01
    3.64500880e-01 2.86166281e-01 2.84356505e-01 3.56938750e-01
    3.96649063e-01 3.66639763e-01 3.24005365e-01 3.68138343e-01
    4.98579502e-01 5.72847128e-01 5.29765844e-01 4.99819636e-01
    5.76225638e-01 6.34084105e-01 5.78414202e-01 5.22158265e-01
    5.51207721e-01 6.13947153e-01 6.54748499e-01 6.53219521e-01
    6.11438394e-01 5.86733520e-01 6.04736149e-01 5.93911290e-01
    5.36101758e-01 4.92060602e-01 5.01115203e-01 5.58101118e-01
    5.83543599e-01 5.32536566e-01 4.79782522e-01 4.87918377e-01
    5.44254661e-01 6.03168905e-01 6.28511369e-01 5.95518112e-01
    5.15234411e-01 4.84830081e-01 5.39661825e-01 5.76433241e-01
    5.43952525e-01 4.78588402e-01 4.42328990e-01 4.82681811e-01
    5.32592893e-01 5.28569341e-01 5.23844540e-01 5.56696475e-01
    6.03569746e-01 6.27718449e-01 5.94913244e-01 5.05987883e-01
    4.25029457e-01 4.16972369e-01 4.81314331e-01 5.58864772e-01
    5.93200445e-01 6.12820268e-01 6.37007952e-01 6.07157588e-01
    5.46588957e-01 5.52486420e-01 6.11018717e-01 6.35273457e-01
    6.05609179e-01 5.44898272e-01 4.87877667e-01 4.85659629e-01
    5.29177308e-01 5.53268671e-01 5.54123163e-01 5.51033497e-01
    5.20270705e-01 4.88726944e-01 4.97722894e-01 5.09741783e-01
    4.78570759e-01 4.40993637e-01 4.80512619e-01 5.59106886e-01
    5.63305736e-01 5.36290944e-01 5.84026158e-01 6.47998691e-01
    6.21381700e-01 5.52002490e-01 5.30329585e-01 5.29932380e-01
    4.86582100e-01 4.16324794e-01 3.91209453e-01 4.46462482e-01
    5.33530116e-01 5.49065828e-01 4.93503511e-01 4.74477023e-01
    4.83489096e-01 4.65708941e-01 4.57162559e-01 4.87630785e-01
    5.56453466e-01 6.11766517e-01 5.70865870e-01 4.80236977e-01
    4.55616057e-01 4.73923862e-01 4.43307638e-01 3.87761980e-01
    4.12992179e-01 5.39182067e-01 6.41500473e-01 6.06655598e-01
    4.86525714e-01 4.18790072e-01 4.66622591e-01 5.75480163e-01
    6.30419850e-01 5.76974452e-01 5.08790374e-01 5.38980782e-01
    6.22710288e-01 6.43457592e-01 5.88198245e-01 5.29951334e-01
    5.22612929e-01 5.49608111e-01 5.37323415e-01 4.64786828e-01
    4.21094388e-01 4.29418951e-01 4.20255363e-01 4.63846505e-01
    6.06684625e-01 6.54940963e-01 5.23678541e-01 4.12423700e-01
    4.45052356e-01 5.00053167e-01 4.85631317e-01 4.60929602e-01
    4.55151826e-01 4.30696279e-01 3.90851170e-01 3.98511350e-01
    4.92361844e-01 5.96764505e-01 5.91713488e-01 5.16231418e-01
    5.02130926e-01 5.20207167e-01 4.76204634e-01 4.25517052e-01
    4.45564300e-01 4.89119828e-01 5.08469701e-01 5.08732617e-01
    4.75308210e-01 3.95685285e-01 3.11220497e-01 3.21665317e-01
    4.46933061e-01 5.51394939e-01 5.52475274e-01 5.20217419e-01
    5.29229879e-01 5.57070971e-01 5.50021350e-01 5.12609482e-01
    4.64450806e-01 3.97583067e-01 3.42189163e-01 3.60461622e-01
    4.21026587e-01 4.55352217e-01 4.70343530e-01 4.56024826e-01
    4.04210091e-01 4.04030889e-01 5.14197469e-01 6.31805003e-01
    6.57598317e-01 6.48691773e-01 6.18519902e-01 5.04201293e-01
    3.94184232e-01 3.96162748e-01 4.48582590e-01 4.85990673e-01
    5.18796504e-01 5.40063143e-01 5.39212883e-01 5.20261168e-01
    5.02681434e-01 5.21477222e-01 5.55207789e-01 5.42644620e-01
    4.83722776e-01 4.49789137e-01 4.57193345e-01 4.48399216e-01
    4.20267791e-01 4.14610267e-01 4.61071730e-01 5.20009279e-01
    5.23286760e-01 5.04024088e-01 4.98781890e-01 4.97705787e-01
    5.18882096e-01 5.39270163e-01 5.28441548e-01 5.18763125e-01
    5.26969850e-01 5.43663085e-01 5.45716166e-01 5.11049807e-01
    4.88169521e-01 5.43226898e-01 6.26194239e-01 6.25317991e-01
    5.53370535e-01 5.04197955e-01 4.88436401e-01 4.81242925e-01
    4.80553806e-01 4.67652738e-01 4.59047019e-01 5.08432925e-01
    5.69566667e-01 5.39893746e-01 4.73835886e-01 4.86408710e-01
    5.45176566e-01 5.64996839e-01 5.07368207e-01 4.17989314e-01
    4.12271619e-01 4.84858066e-01 4.93361086e-01 3.61035258e-01
    2.36630976e-01 3.75818521e-01 4.85120922e-01 5.35806596e-01
    5.10372043e-01 4.40734535e-01 4.20564979e-01 4.94587630e-01
    5.84325135e-01 6.37385666e-01 6.48037136e-01 5.76497674e-01
    4.64005977e-01 4.16510344e-01 4.29392815e-01 4.31177795e-01
    3.90749127e-01 3.28113824e-01 3.06977898e-01 3.49548638e-01
    3.91863644e-01 3.65671545e-01 3.12854469e-01 3.64535660e-01
    5.10647535e-01 5.77810705e-01 5.15244424e-01 4.70346779e-01
    5.28740704e-01 5.80846071e-01 5.48402190e-01 5.19785523e-01
    5.78531742e-01 6.67889774e-01 6.72349930e-01 6.01296067e-01
    5.63157320e-01 5.70346832e-01 5.56733131e-01 5.15883446e-01
    4.89301682e-01 4.84914929e-01 5.09199381e-01 5.64298332e-01
    5.70723951e-01 5.09052575e-01 4.86782044e-01 5.39576769e-01
    5.90150714e-01 5.89394987e-01 5.67368627e-01 5.33966660e-01
    4.97105837e-01 5.30424178e-01 6.13001287e-01 6.35013044e-01
    5.86134732e-01 5.13116539e-01 4.75112230e-01 5.25157571e-01
    5.85676849e-01 5.67382991e-01 5.29644489e-01 5.40440738e-01
    5.88637650e-01 6.31363451e-01 6.18590474e-01 5.48403323e-01
    4.79423136e-01 4.61194187e-01 5.14347017e-01 6.02988780e-01
    6.39294803e-01 6.25335455e-01 6.06299579e-01 5.62276185e-01
    5.17963052e-01 5.26609182e-01 5.58210969e-01 5.62804461e-01
    5.49604893e-01 5.38386405e-01 5.32994807e-01 5.41325092e-01
    5.43619812e-01 5.28073370e-01 5.39600611e-01 5.65721273e-01
    5.44863284e-01 5.24343312e-01 5.38735569e-01 5.20209789e-01
    4.74711031e-01 4.65171218e-01 5.02758741e-01 5.44235885e-01
    5.24884760e-01 4.78349179e-01 5.02615333e-01 5.63391268e-01
    5.56201816e-01 5.02563119e-01 4.82184917e-01 4.81814712e-01
    4.48537290e-01 4.18023169e-01 4.53119129e-01 5.14014304e-01
    5.44718146e-01 5.37395060e-01 4.98986334e-01 4.66801018e-01
    4.43795592e-01 4.18114096e-01 4.30098146e-01 5.01321256e-01
    6.00781143e-01 6.38165057e-01 5.51642478e-01 4.44404423e-01
    4.25475061e-01 4.36493874e-01 4.14817274e-01 4.05175745e-01
    4.55718249e-01 5.53622603e-01 6.27415419e-01 5.98989010e-01
    4.83529091e-01 3.98925453e-01 4.42559361e-01 5.81936181e-01
    6.69346273e-01 6.12880290e-01 5.12458801e-01 5.04324377e-01
    5.60036182e-01 5.70578873e-01 5.24224460e-01 4.84291583e-01
    4.86320764e-01 5.21326363e-01 5.24433136e-01 4.53843057e-01
    3.92853677e-01 3.87403607e-01 3.93472344e-01 4.67483491e-01
    6.15261734e-01 6.54327989e-01 5.35768509e-01 4.36530471e-01
    4.35144424e-01 4.30806607e-01 3.88746798e-01 3.84034097e-01
    4.30665940e-01 4.51481700e-01 4.07530218e-01 3.87965471e-01
    4.81097579e-01 6.01674676e-01 6.00095212e-01 5.22664607e-01
    5.12085557e-01 5.30074716e-01 5.01828432e-01 4.78074044e-01
    4.79653537e-01 4.71199781e-01 4.78537351e-01 5.28121233e-01
    5.56926489e-01 4.96756375e-01 3.80773902e-01 3.36276203e-01
    4.05729026e-01 4.81973946e-01 5.13777614e-01 5.45711160e-01
    5.95311821e-01 6.25540674e-01 5.93898833e-01 5.17723799e-01
    4.24605161e-01 3.18825275e-01 2.59550273e-01 3.04126263e-01
    3.93959105e-01 4.36354339e-01 4.24440920e-01 3.99771869e-01
    3.93115371e-01 4.33614045e-01 5.24615288e-01 5.92909396e-01
    5.81915140e-01 5.63215554e-01 5.65833151e-01 4.92421031e-01
    3.77338380e-01 3.65276754e-01 4.43347603e-01 5.19902706e-01
    5.55837810e-01 5.47319114e-01 5.38173497e-01 5.41332960e-01
    5.40040553e-01 5.53891957e-01 5.63410401e-01 5.14784932e-01
    4.17688042e-01 3.63421947e-01 4.00978535e-01 4.50457662e-01
    4.32595134e-01 3.98994207e-01 4.54435885e-01 5.43251336e-01
    5.39829671e-01 5.08481562e-01 5.28838336e-01 5.51829755e-01
    5.60125291e-01 5.59214830e-01 5.43901265e-01 5.41046143e-01
    5.52747369e-01 5.47734678e-01 5.27554154e-01 5.07492721e-01
    4.83487487e-01 4.93034631e-01 5.48568070e-01 5.44279575e-01
    4.60330606e-01 4.18142617e-01 4.35097665e-01 4.47529852e-01
    4.56086099e-01 4.71173972e-01 4.92359191e-01 5.38745224e-01
    5.86793244e-01 5.59382200e-01 4.78822768e-01 4.65308815e-01
    5.29328346e-01 5.66643536e-01 5.04884362e-01 4.04851764e-01
    4.09189045e-01 5.04786372e-01 5.18391430e-01 3.71928513e-01
    3.49715292e-01 5.16832113e-01 5.82470059e-01 5.63984513e-01
    5.14822006e-01 4.59156722e-01 4.53389674e-01 5.36511660e-01
    6.07876062e-01 6.09261215e-01 5.90663373e-01 5.55432022e-01
    5.07415056e-01 4.82795537e-01 4.68136251e-01 4.36192036e-01
    4.06095117e-01 4.03359562e-01 4.18181658e-01 4.27216291e-01
    4.14900899e-01 3.72457415e-01 3.46457332e-01 4.32725132e-01
    5.90415061e-01 6.40668750e-01 5.55923045e-01 4.78415012e-01
    4.62125301e-01 4.53236312e-01 4.43785429e-01 4.75599974e-01
    5.73740065e-01 6.77458405e-01 6.57131970e-01 5.47038615e-01
    5.09448051e-01 5.22477210e-01 4.84535903e-01 4.33643073e-01
    4.36366320e-01 4.75501627e-01 5.11014342e-01 5.30813515e-01
    5.07335246e-01 4.61781353e-01 4.79146928e-01 5.44530869e-01
    5.65885842e-01 5.28466046e-01 4.83875960e-01 4.47291106e-01
    4.37757343e-01 5.13431191e-01 6.36565268e-01 6.84990048e-01
    6.23672485e-01 5.34057736e-01 5.13586938e-01 5.73999941e-01
    6.19683146e-01 5.84090471e-01 5.31462729e-01 5.40546596e-01
    5.97829938e-01 6.35947227e-01 6.19199336e-01 5.84233820e-01
    5.68544924e-01 5.60436487e-01 5.72378874e-01 6.12469435e-01
    6.34674728e-01 6.40465438e-01 6.34763062e-01 5.90612233e-01
    5.53424001e-01 5.55101097e-01 5.59663773e-01 5.49858451e-01
    5.30745983e-01 5.19160926e-01 5.30324757e-01 5.50361156e-01
    5.50078213e-01 5.24934232e-01 5.17379105e-01 5.49759328e-01
    5.91737986e-01 6.24730706e-01 6.11404657e-01 5.24435222e-01
    4.59749967e-01 4.96264577e-01 5.69743097e-01 5.93967497e-01
    5.42398274e-01 4.58219796e-01 4.20605958e-01 4.36884761e-01
    4.45250154e-01 4.43051875e-01 4.64029282e-01 4.67964500e-01
    4.25840020e-01 4.25559938e-01 5.12910724e-01 5.67512393e-01
    5.36629617e-01 5.12607217e-01 5.13564050e-01 4.99139160e-01
    4.52056020e-01 3.85869205e-01 3.77935052e-01 4.73603010e-01
    6.01301968e-01 6.28075600e-01 5.29075980e-01 4.42627013e-01
    4.33555901e-01 4.20763850e-01 3.82471114e-01 3.69815826e-01
    3.95606816e-01 4.56688285e-01 5.37527680e-01 5.66833377e-01
    4.97286856e-01 4.06433374e-01 4.18883413e-01 5.41844964e-01
    6.36229694e-01 6.00478351e-01 5.04425645e-01 4.60579544e-01
    4.78712827e-01 4.96727973e-01 4.85955566e-01 4.58010137e-01
    4.26408529e-01 4.29680675e-01 4.56410557e-01 4.38946813e-01
    4.05373454e-01 3.95381212e-01 3.97600740e-01 4.68436420e-01
    5.91111958e-01 6.26138031e-01 5.56402504e-01 4.78973508e-01
    4.20419693e-01 3.50651443e-01 2.91737795e-01 2.92100877e-01
    3.54693055e-01 4.30057406e-01 4.44575518e-01 4.28357482e-01
    4.91142035e-01 5.91324747e-01 5.94533682e-01 5.43757260e-01
    5.42146504e-01 5.36303759e-01 5.11869609e-01 5.17864704e-01
    4.96428937e-01 4.40342993e-01 4.54060227e-01 5.56456625e-01
    6.39181376e-01 5.95188081e-01 4.59709108e-01 4.00498807e-01
    4.60729241e-01 5.10198474e-01 5.08924961e-01 5.19902825e-01
    5.60977399e-01 5.92785716e-01 5.65771461e-01 4.94801521e-01
    4.21116740e-01 3.49178344e-01 3.04958791e-01 3.18637073e-01
    3.65607947e-01 3.94909650e-01 3.97321671e-01 4.16000009e-01
    4.60581541e-01 5.03620267e-01 5.53248465e-01 5.86010396e-01
    5.43331206e-01 4.86137301e-01 4.83926117e-01 4.52871740e-01
    3.81182581e-01 3.77840847e-01 4.38692272e-01 5.15039921e-01
    5.69390714e-01 5.52609563e-01 5.27987182e-01 5.47485232e-01
    5.55775642e-01 5.32532811e-01 4.95839745e-01 4.46097165e-01
    3.76939833e-01 3.32747042e-01 3.75262797e-01 4.43231076e-01
    4.33101177e-01 4.05207843e-01 4.85131383e-01 6.00333691e-01
    6.05646431e-01 5.66670835e-01 5.78669846e-01 5.88074386e-01
    5.71395338e-01 5.66326976e-01 5.80626488e-01 6.01594090e-01
    5.99553585e-01 5.57894766e-01 5.07730246e-01 4.65248525e-01
    4.10355330e-01 3.83707047e-01 4.32153642e-01 4.57257718e-01
    3.94415975e-01 3.63036066e-01 4.16718662e-01 4.76654410e-01
    5.00420511e-01 4.98436809e-01 5.05779684e-01 5.49721539e-01
    6.05223775e-01 6.11987948e-01 5.56204200e-01 5.13096929e-01
    5.31946480e-01 5.45387864e-01 4.75353479e-01 3.87096554e-01
    4.20306623e-01 5.39559960e-01 5.53537786e-01 3.87510061e-01
    3.78703862e-01 5.89857399e-01 6.50745153e-01 5.82302809e-01
    5.05593657e-01 4.61673558e-01 4.56246227e-01 5.20694971e-01
    5.90264380e-01 5.86818099e-01 5.43017864e-01 5.06369770e-01
    4.93646681e-01 4.93849099e-01 4.68333840e-01 4.24704164e-01
    4.28509265e-01 5.03533065e-01 5.75277090e-01 5.56834757e-01
    4.82948184e-01 4.49882448e-01 4.80054855e-01 5.72405219e-01
    6.79141819e-01 6.79063737e-01 5.74318945e-01 4.75647420e-01
    4.12388474e-01 3.72891873e-01 3.74136090e-01 4.16947722e-01
    4.96854931e-01 5.82776487e-01 5.81311464e-01 5.09039640e-01
    4.92641062e-01 5.16505361e-01 4.94548410e-01 4.38957006e-01
    4.08694088e-01 4.42572653e-01 5.03168225e-01 5.07796288e-01
    4.40227747e-01 3.86712611e-01 4.20337021e-01 4.88099009e-01
    5.12492895e-01 4.90704268e-01 4.54091489e-01 4.28067505e-01
    4.27787095e-01 4.82081771e-01 5.96271574e-01 6.72321022e-01
    6.23214304e-01 5.36633134e-01 5.36536038e-01 5.90678275e-01
    6.05118632e-01 5.76612115e-01 5.56739450e-01 5.66432834e-01
    5.90314865e-01 6.04545295e-01 5.99967182e-01 5.96422613e-01
    6.09580815e-01 6.15794003e-01 5.97716928e-01 5.63358247e-01
    5.47863007e-01 5.87936163e-01 6.31290913e-01 6.27424896e-01
    6.22031987e-01 6.33203626e-01 6.39312446e-01 6.33523881e-01
    5.86470604e-01 5.13573170e-01 4.87890273e-01 5.22764146e-01
    5.67984700e-01 5.67487776e-01 5.16063809e-01 4.93202806e-01
    5.60902476e-01 6.48833096e-01 6.40853226e-01 5.42507648e-01
    4.77352351e-01 5.18321931e-01 5.92191696e-01 5.93040824e-01
    5.18443644e-01 4.37057883e-01 3.90884280e-01 3.72955143e-01
    3.62532288e-01 3.87917101e-01 4.63089883e-01 4.90343034e-01
    4.34967250e-01 4.32941198e-01 5.30078232e-01 5.69995224e-01
    5.06829143e-01 4.76728201e-01 5.12214839e-01 5.35040140e-01
    4.91782367e-01 4.13158268e-01 4.07864779e-01 5.07681012e-01
    6.09148920e-01 5.96857309e-01 5.10471284e-01 4.86115426e-01
    5.06868899e-01 4.73008275e-01 4.10476297e-01 3.85916859e-01
    3.98501217e-01 4.41788763e-01 5.05839944e-01 5.33947825e-01
    4.95279849e-01 4.29899424e-01 4.07628357e-01 4.69337583e-01
    5.54325044e-01 5.75990379e-01 5.36723614e-01 4.85575348e-01
    4.60275412e-01 4.57402289e-01 4.56885785e-01 4.37845349e-01
    3.79879147e-01 3.52247655e-01 4.12645340e-01 4.71471757e-01
    4.66326058e-01 4.27582175e-01 4.01523739e-01 4.47248489e-01
    5.34297764e-01 5.75128853e-01 5.69163799e-01 5.36667764e-01
    4.66325343e-01 3.73224914e-01 3.08458000e-01 2.95987904e-01
    3.38301241e-01 4.39263314e-01 5.15121758e-01 5.16281903e-01
    5.35368681e-01 5.78751147e-01 5.67540407e-01 5.43737054e-01
    5.42262733e-01 5.08248746e-01 4.77729917e-01 4.76751953e-01
    4.38781291e-01 4.02066201e-01 4.44911599e-01 5.46090662e-01
    6.30376935e-01 6.02942944e-01 4.81967658e-01 4.38774616e-01
    5.17267048e-01 5.61553299e-01 5.03803611e-01 4.49967563e-01
    4.72237557e-01 5.06237745e-01 4.84413385e-01 4.46898848e-01
    4.43099827e-01 4.46316659e-01 4.24943417e-01 3.96045417e-01
    3.81007522e-01 3.64648163e-01 3.53515267e-01 3.88363868e-01
    4.54325289e-01 5.07186234e-01 5.59659302e-01 5.98373353e-01
    5.57346761e-01 4.82156187e-01 4.58394319e-01 4.48450983e-01
    4.37035918e-01 4.60979164e-01 4.84016597e-01 5.16359746e-01
    5.76447546e-01 5.79972208e-01 5.48365176e-01 5.57958484e-01
    5.64166546e-01 5.38290262e-01 5.15351832e-01 4.97138768e-01
    4.49594766e-01 3.98440212e-01 4.08386618e-01 4.50843394e-01
    4.57182020e-01 4.52307731e-01 5.15529931e-01 6.20903552e-01
    6.51147068e-01 6.07095420e-01 5.75705528e-01 5.71742237e-01
    5.82284689e-01 6.00360632e-01 6.21538222e-01 6.48638010e-01
    6.42374635e-01 5.77382445e-01 5.04184067e-01 4.49202478e-01
    3.86643350e-01 3.36873055e-01 3.53944242e-01 3.93857419e-01
    3.80703509e-01 3.76264811e-01 4.40651804e-01 5.21395147e-01
    5.65894961e-01 5.51144004e-01 5.10064721e-01 5.06213129e-01
    5.47755837e-01 6.02889717e-01 6.20364249e-01 6.01983726e-01
    6.00805044e-01 5.77653289e-01 4.78829324e-01 3.96009594e-01
    4.46377695e-01 5.71499348e-01 5.92346907e-01 4.27350760e-01
    2.97873497e-01 5.23132265e-01 6.19841874e-01 5.66741645e-01
    4.96939123e-01 4.72583443e-01 4.63325709e-01 4.92552608e-01
    5.54048419e-01 5.69998443e-01 5.35845697e-01 5.09490550e-01
    5.19389868e-01 5.35962641e-01 5.09522498e-01 4.71306264e-01
    4.93540227e-01 5.78845620e-01 6.50970519e-01 6.25718474e-01
    5.60531080e-01 5.71139514e-01 6.30295217e-01 6.80550337e-01
    6.92801416e-01 6.23469830e-01 5.11024237e-01 4.27423358e-01
    3.86101365e-01 3.77622306e-01 3.84861588e-01 4.00300056e-01
    4.33115721e-01 4.75392729e-01 4.91532058e-01 4.79194164e-01
    5.01858652e-01 5.68038404e-01 5.91922402e-01 5.24700046e-01
    4.23542529e-01 4.07598436e-01 4.90987182e-01 5.22913277e-01
    4.32037145e-01 3.41948718e-01 3.57099921e-01 4.37015682e-01
    5.06446242e-01 5.27680874e-01 5.09463072e-01 5.00034392e-01
    4.99648243e-01 5.01820028e-01 5.52383423e-01 6.09663308e-01
    5.82796276e-01 5.15370071e-01 5.07776141e-01 5.38990080e-01
    5.33540010e-01 5.24668515e-01 5.60250819e-01 5.81219912e-01
    5.51411986e-01 5.35663128e-01 5.59530854e-01 5.71517050e-01
    5.72018623e-01 5.92909634e-01 5.95553935e-01 5.37932515e-01
    4.85604525e-01 5.01990318e-01 5.40872097e-01 5.73368371e-01
    6.15532339e-01 6.49565220e-01 6.59474969e-01 6.42700016e-01
    5.74723363e-01 4.79337394e-01 4.43349481e-01 4.90325272e-01
    5.66755354e-01 6.01089895e-01 5.53646028e-01 4.96519119e-01
    5.30859947e-01 6.09710634e-01 6.14493906e-01 5.43070436e-01
    4.95763659e-01 5.26970387e-01 5.65032661e-01 5.27769268e-01
    4.64261740e-01 4.51137662e-01 4.48432088e-01 3.98139745e-01
    3.39312553e-01 3.60248774e-01 4.54068035e-01 4.86941546e-01
    4.35284168e-01 4.47158247e-01 5.47327638e-01 5.85772097e-01
    5.28252065e-01 4.77356851e-01 4.72062826e-01 4.88166630e-01
    4.90176082e-01 4.84855980e-01 5.25979102e-01 5.94187737e-01
    6.02021039e-01 5.20546675e-01 4.41751957e-01 4.53278899e-01
    5.01147151e-01 5.02588689e-01 4.75169450e-01 4.76691514e-01
    5.14242649e-01 5.56350768e-01 5.68776309e-01 5.41910529e-01
    5.18408239e-01 5.04276097e-01 4.64145035e-01 4.46020365e-01
    4.92288649e-01 5.53266644e-01 5.74611962e-01 5.45925379e-01
    4.93410677e-01 4.35160875e-01 4.00094390e-01 4.05016869e-01
    3.85760963e-01 3.57679129e-01 4.26985800e-01 5.35704195e-01
    5.47121942e-01 4.77644652e-01 4.28291678e-01 4.40058082e-01
    4.69054818e-01 4.81889665e-01 4.98046696e-01 5.20986915e-01
    5.22634566e-01 4.88719344e-01 4.59264368e-01 4.52461690e-01
    4.56094593e-01 5.09364724e-01 5.80913424e-01 6.00568712e-01
    5.98126888e-01 5.82122147e-01 5.46966970e-01 5.34696281e-01
    5.16918600e-01 4.67541575e-01 4.42616910e-01 4.22581732e-01
    3.83993626e-01 3.99886221e-01 4.60623085e-01 5.10439634e-01
    5.52608430e-01 5.44709384e-01 4.72928256e-01 4.42982107e-01
    4.95084077e-01 5.14793515e-01 4.41618770e-01 3.95555735e-01
    4.49067801e-01 4.94943559e-01 4.69530046e-01 4.46163863e-01
    4.70649511e-01 4.97711003e-01 4.84475970e-01 4.56390887e-01
    4.36022699e-01 3.94364148e-01 3.58521521e-01 3.86633843e-01
    4.52703238e-01 5.08879185e-01 5.50013423e-01 5.62657714e-01
    5.28478920e-01 4.88226056e-01 4.76317137e-01 4.67502832e-01
    4.69130844e-01 5.01260459e-01 5.14175594e-01 5.05391777e-01
    5.25690973e-01 5.45117378e-01 5.52575052e-01 5.67643166e-01
    5.71523786e-01 5.88591278e-01 6.31810069e-01 6.34803653e-01
    5.67161083e-01 5.04888117e-01 5.00629783e-01 5.20786285e-01
    5.30141234e-01 5.11290133e-01 5.08662999e-01 5.68576813e-01
    6.10471904e-01 5.78068674e-01 5.41910231e-01 5.57253480e-01
    5.93050897e-01 5.91117799e-01 5.65085649e-01 5.69495559e-01
    5.77763915e-01 5.45538247e-01 5.03785372e-01 4.80589598e-01
    4.46937889e-01 3.79067451e-01 3.32491666e-01 3.61963838e-01
    4.15584415e-01 4.50741112e-01 4.84026909e-01 5.24260700e-01
    5.71321189e-01 5.78660905e-01 5.20922780e-01 4.62309539e-01
    4.68759537e-01 5.53122222e-01 6.40237749e-01 6.68524444e-01
    6.71559036e-01 6.43739104e-01 5.62561512e-01 4.87835079e-01
    4.88563180e-01 5.43134928e-01 5.43653607e-01 4.05437827e-01
    2.42987379e-01 4.42194790e-01 5.63139737e-01 5.70718110e-01
    5.39814472e-01 5.15951872e-01 4.89542872e-01 4.92436111e-01
    5.27241588e-01 5.28523803e-01 5.02296805e-01 5.10447085e-01
    5.65302134e-01 6.16811574e-01 6.12594903e-01 5.85680187e-01
    5.79757452e-01 5.83789289e-01 5.82716763e-01 5.57267487e-01
    5.49258530e-01 6.09062552e-01 6.74437523e-01 6.88083649e-01
    6.37251377e-01 5.24413884e-01 4.15231496e-01 3.61127973e-01
    3.61439764e-01 3.99046212e-01 4.26085979e-01 4.31542218e-01
    4.44285721e-01 4.56340939e-01 4.61625725e-01 4.71882761e-01
    5.10532677e-01 5.87284803e-01 6.35367155e-01 5.83843708e-01
    4.68276113e-01 4.27296430e-01 5.09085417e-01 5.57469845e-01
    4.80183661e-01 3.84347916e-01 3.70493889e-01 4.39410955e-01
    5.32164752e-01 5.72471023e-01 5.58318794e-01 5.40958524e-01
    5.11750042e-01 4.78458524e-01 5.00323296e-01 5.44427097e-01
    5.30454040e-01 4.67958778e-01 4.34105486e-01 4.54097658e-01
    4.64482516e-01 4.66618299e-01 5.19735396e-01 5.58106482e-01
    5.07796466e-01 4.66081768e-01 5.05253494e-01 5.31545877e-01
    5.18891394e-01 5.47717214e-01 5.75468957e-01 5.22701740e-01
    4.54201818e-01 4.30829138e-01 4.37104166e-01 4.81399536e-01
    5.45971632e-01 5.76396883e-01 5.61315835e-01 5.32370389e-01
    5.01050711e-01 4.54096049e-01 4.26004291e-01 4.56812173e-01
    5.27156770e-01 5.86677969e-01 5.92030883e-01 5.56930006e-01
    5.42204678e-01 5.63783884e-01 5.68197370e-01 5.27993977e-01
    5.00864208e-01 5.28161347e-01 5.38076878e-01 4.73943025e-01
    4.28903610e-01 4.74973589e-01 5.11935711e-01 4.49965179e-01
    3.68523538e-01 3.86301935e-01 4.59906578e-01 4.58617657e-01
    4.14137512e-01 4.58850712e-01 5.73170781e-01 6.30978227e-01
    6.01566613e-01 5.25340796e-01 4.39761698e-01 4.11537558e-01
    4.67600703e-01 5.54068506e-01 6.17194474e-01 6.13828242e-01
    5.24322152e-01 4.12374467e-01 3.56454164e-01 3.54862362e-01
    3.97229344e-01 4.74080265e-01 5.19036829e-01 5.26427388e-01
    5.58092177e-01 5.97055852e-01 5.89099169e-01 5.52392483e-01
    5.45695603e-01 5.49886227e-01 5.02200902e-01 4.53420520e-01
    4.82658535e-01 5.50731242e-01 5.80752373e-01 5.56638539e-01
    4.96385723e-01 4.10929739e-01 3.70233774e-01 4.35758471e-01
    4.87213314e-01 4.48655427e-01 4.64040816e-01 5.55594504e-01
    5.79228520e-01 5.32006502e-01 4.92132694e-01 4.64618474e-01
    4.38789278e-01 4.21407759e-01 4.16512549e-01 4.48202461e-01
    5.20574749e-01 5.82829773e-01 6.22241199e-01 6.31433845e-01
    5.91446817e-01 5.74179709e-01 6.13350928e-01 6.39726162e-01
    6.22909486e-01 5.79987884e-01 5.49777150e-01 5.47343135e-01
    5.16752541e-01 4.63545859e-01 4.44461972e-01 4.14658904e-01
    3.75197470e-01 4.09583151e-01 4.72883791e-01 4.85469401e-01
    4.68646348e-01 4.48766589e-01 4.29958820e-01 4.34410870e-01
    4.57913429e-01 4.33012277e-01 3.53596628e-01 3.38925302e-01
    4.25244182e-01 5.02514243e-01 5.16274214e-01 5.11291623e-01
    5.13750374e-01 5.06684959e-01 4.87254381e-01 4.88560289e-01
    5.05223930e-01 4.81122196e-01 4.44368660e-01 4.62985635e-01
    5.14984488e-01 5.50985813e-01 5.47427356e-01 5.08844435e-01
    4.80164468e-01 4.82759804e-01 4.84899342e-01 4.67478991e-01
    4.47136760e-01 4.50716406e-01 4.64203268e-01 4.54360157e-01
    4.36394930e-01 4.45302039e-01 4.94716913e-01 5.41267812e-01
    5.62472463e-01 6.25352323e-01 7.15046942e-01 7.09280670e-01
    6.07887626e-01 5.44180393e-01 5.49722135e-01 5.61890543e-01
    5.57326913e-01 5.06848276e-01 4.42091674e-01 4.46036667e-01
    4.76345718e-01 4.78322625e-01 5.00844240e-01 5.54655254e-01
    5.74627697e-01 5.29224753e-01 4.62752700e-01 4.26018238e-01
    4.31741089e-01 4.74186659e-01 5.23856878e-01 5.53558767e-01
    5.44400394e-01 4.66777593e-01 3.77090961e-01 3.81886989e-01
    4.58488077e-01 5.10221064e-01 5.06715119e-01 4.94621873e-01
    5.28677523e-01 5.69021404e-01 5.45289636e-01 4.80753839e-01
    4.53848064e-01 5.16142726e-01 6.14940703e-01 6.53625071e-01
    6.33736491e-01 6.14018440e-01 6.03360832e-01 5.60856044e-01
    4.97938365e-01 4.67239976e-01 4.33578491e-01 3.17493260e-01
    2.82702267e-01 4.33705598e-01 5.31087339e-01 5.82766533e-01
    5.76585114e-01 5.20980597e-01 4.74211961e-01 4.84353393e-01
    5.15493691e-01 5.05833924e-01 4.76727575e-01 4.82558846e-01
    5.34318924e-01 5.99375010e-01 6.43577099e-01 6.67631984e-01
    6.46201432e-01 5.54752827e-01 4.54694211e-01 4.11579788e-01
    4.49862659e-01 5.51724792e-01 6.36327565e-01 6.49315417e-01
    5.89273572e-01 4.71143454e-01 3.66386741e-01 3.44046414e-01
    3.89279574e-01 4.59682465e-01 4.98854637e-01 4.84721452e-01
    4.80691552e-01 4.99140829e-01 4.95896190e-01 4.86914009e-01
    5.01406848e-01 5.34728527e-01 5.73149204e-01 5.77410758e-01
    5.27193546e-01 5.06710410e-01 5.57544053e-01 5.72411597e-01
    5.14242887e-01 4.59696651e-01 4.44432944e-01 4.84714955e-01
    5.56720614e-01 5.80724478e-01 5.53324640e-01 4.98142779e-01
    4.06492889e-01 3.58036578e-01 4.23137248e-01 5.10455549e-01
    5.21642447e-01 4.67455298e-01 4.16704327e-01 4.38375652e-01
    4.87407118e-01 4.84492600e-01 4.80167121e-01 4.91888165e-01
    4.55095381e-01 4.24038261e-01 4.70305443e-01 5.14867365e-01
    5.15479624e-01 5.33126473e-01 5.26006043e-01 4.43275779e-01
    3.76990438e-01 3.71768415e-01 3.87921661e-01 4.28126901e-01
    4.81931657e-01 4.97762471e-01 4.62941885e-01 4.45450693e-01
    4.85149562e-01 5.04493475e-01 4.67057556e-01 4.48044658e-01
    4.86767381e-01 5.46351314e-01 5.79169691e-01 5.56091487e-01
    5.00304878e-01 4.75938469e-01 4.94317204e-01 5.06881952e-01
    5.06674230e-01 5.28102160e-01 5.31818569e-01 4.67246145e-01
    4.17991757e-01 4.66974676e-01 5.38978040e-01 5.23323834e-01
    4.61172283e-01 4.70659107e-01 5.02722859e-01 4.49345976e-01
    3.92986327e-01 4.51665968e-01 5.74874401e-01 6.46347821e-01
    6.34440899e-01 5.66238344e-01 4.76102114e-01 4.37971890e-01
    4.96703118e-01 5.84397018e-01 6.08002603e-01 5.34156322e-01
    4.16860044e-01 3.61388028e-01 3.63908261e-01 3.40233862e-01
    3.43631238e-01 4.46470708e-01 5.27036309e-01 5.08527875e-01
    4.96970147e-01 5.24454653e-01 5.32371402e-01 5.17300725e-01
    4.96258259e-01 4.68428701e-01 4.36599821e-01 4.41104889e-01
    5.14210165e-01 5.89771032e-01 5.92011154e-01 5.45999110e-01
    4.83090669e-01 3.95970434e-01 3.69707316e-01 4.83355612e-01
    5.78201890e-01 5.27413189e-01 4.88129556e-01 5.31794965e-01
    5.40416420e-01 5.03863752e-01 4.64862108e-01 4.18108881e-01
    3.92865211e-01 4.03453052e-01 4.07276154e-01 4.16664958e-01
    4.87344086e-01 5.99009335e-01 6.83385611e-01 6.77416146e-01
    5.92291892e-01 5.51308095e-01 6.02494597e-01 6.41861141e-01
    6.08531415e-01 5.56710780e-01 5.43385625e-01 5.62454164e-01
    5.54625809e-01 5.05422950e-01 4.67417866e-01 4.37126577e-01
    4.10856962e-01 4.28943396e-01 4.63546097e-01 4.55132335e-01
    4.06132549e-01 3.74055415e-01 3.85989696e-01 4.21179235e-01
    4.42166448e-01 3.95327330e-01 3.14214587e-01 3.00542921e-01
    3.65733385e-01 4.60122436e-01 5.39139450e-01 5.69734216e-01
    5.61628640e-01 5.44603467e-01 5.31683624e-01 5.29846072e-01
    5.28810084e-01 5.09885967e-01 5.02144217e-01 5.32543957e-01
    5.71895540e-01 5.90769947e-01 5.70629001e-01 5.22103250e-01
    5.02419055e-01 5.06958544e-01 4.88823324e-01 4.64049309e-01
    4.35036659e-01 3.98420900e-01 3.96195292e-01 4.19288784e-01
    4.16837066e-01 3.99098366e-01 4.14192677e-01 4.54180092e-01
    5.01411319e-01 5.93506992e-01 6.95459068e-01 6.88026309e-01
    5.81159413e-01 5.07810235e-01 5.05727589e-01 5.24473846e-01
    5.27789474e-01 4.66333300e-01 3.62534702e-01 3.14927071e-01
    3.19192380e-01 3.46910805e-01 4.37756568e-01 5.51393747e-01
    5.89655042e-01 5.50193012e-01 4.82180983e-01 4.03084487e-01
    3.67794722e-01 4.33938563e-01 5.36425352e-01 5.96492648e-01
    6.02299511e-01 5.43557763e-01 4.63044614e-01 4.32102889e-01
    4.52477634e-01 4.80001748e-01 4.67517138e-01 4.38935637e-01
    4.76332992e-01 5.58216035e-01 5.91772139e-01 5.55019140e-01
    4.89947677e-01 4.72286671e-01 5.28917253e-01 5.71514726e-01
    5.41966558e-01 5.22699714e-01 5.62177062e-01 5.60156763e-01
    4.87729281e-01 4.41071212e-01 4.04222161e-01 2.84840524e-01
    3.29336613e-01 4.26485062e-01 4.74256277e-01 5.35733700e-01
    5.46258926e-01 4.86597240e-01 4.39295530e-01 4.49770272e-01
    4.83364850e-01 5.04193783e-01 5.11765599e-01 5.06042063e-01
    4.94673073e-01 5.05187511e-01 5.65108955e-01 6.49735808e-01
    6.60355628e-01 5.43154836e-01 3.94538313e-01 3.41347933e-01
    3.95780802e-01 5.00356615e-01 5.95421374e-01 6.31929398e-01
    5.88343382e-01 4.73194927e-01 3.71619701e-01 3.83408070e-01
    4.67925727e-01 5.43365419e-01 5.68299472e-01 5.20978272e-01
    4.86233503e-01 5.14300048e-01 5.16588867e-01 4.82968837e-01
    4.73460466e-01 4.84899938e-01 5.21482587e-01 5.69234192e-01
    5.79857111e-01 5.81562519e-01 5.95044374e-01 5.71682215e-01
    5.27774155e-01 5.06258249e-01 4.94345725e-01 5.11768878e-01
    5.68695426e-01 6.08576357e-01 6.04508519e-01 5.32471180e-01
    3.89416456e-01 3.07787329e-01 3.79611105e-01 5.01849174e-01
    5.63411951e-01 5.41538835e-01 4.72230315e-01 4.69812900e-01
    5.43036938e-01 5.47090054e-01 4.73113298e-01 4.18707281e-01
    3.98581415e-01 4.12107468e-01 4.62870330e-01 5.16544998e-01
    5.51102936e-01 5.59635639e-01 4.90605891e-01 3.56174618e-01
    2.96882331e-01 3.52261156e-01 4.13695216e-01 4.39475536e-01
    4.64741915e-01 4.70544636e-01 4.34669763e-01 4.22916114e-01
    4.81300354e-01 5.43501437e-01 5.39261937e-01 4.97289568e-01
    4.81614858e-01 5.05282998e-01 5.28358817e-01 4.96544480e-01
    4.12772298e-01 3.55347812e-01 3.80938053e-01 4.38317031e-01
    4.64798510e-01 4.93257284e-01 5.18675089e-01 4.80493516e-01
    4.31721896e-01 4.69568372e-01 5.67125022e-01 6.07248962e-01
    5.71808338e-01 5.57429314e-01 5.57372391e-01 4.99117345e-01
    4.34542745e-01 4.54706699e-01 5.45276225e-01 6.16696954e-01
    6.18876994e-01 5.84249496e-01 5.57501972e-01 5.47738910e-01
    5.56095541e-01 5.77149451e-01 5.63279927e-01 4.74126339e-01
    3.89435679e-01 4.08727497e-01 4.56587881e-01 4.31643069e-01
    4.13712054e-01 4.86039132e-01 5.46246052e-01 5.14944494e-01
    4.81555730e-01 4.93165761e-01 5.04448235e-01 4.78987753e-01
    4.05607671e-01 3.45878750e-01 3.60021383e-01 4.34222430e-01
    5.43887198e-01 6.25991225e-01 6.18550718e-01 5.62008321e-01
    4.90334213e-01 3.93366814e-01 3.60912025e-01 4.67342466e-01
    5.71231186e-01 5.48199534e-01 5.06322205e-01 5.20130157e-01
    5.02226770e-01 4.28378701e-01 3.61351132e-01 3.26704919e-01
    3.28494281e-01 3.68370175e-01 4.06773210e-01 4.22336608e-01
    4.68401641e-01 5.71364045e-01 6.53946042e-01 6.22275352e-01
    5.21993101e-01 4.96271789e-01 5.69930434e-01 6.25265956e-01
    5.86653292e-01 5.10149419e-01 4.77351964e-01 5.03525138e-01
    5.32150269e-01 5.07151365e-01 4.64262128e-01 4.51741457e-01
    4.59986001e-01 4.61934924e-01 4.42986220e-01 4.14798319e-01
    3.94515932e-01 4.01410788e-01 4.26743150e-01 4.44043130e-01
    4.40518141e-01 3.97575140e-01 3.57617438e-01 3.67278874e-01
    4.01086390e-01 4.59080398e-01 5.22690535e-01 5.36400497e-01
    5.28559804e-01 5.49758077e-01 5.69338024e-01 5.37852347e-01
    4.67321336e-01 4.23794538e-01 4.51995343e-01 5.21093130e-01
    5.75386763e-01 5.94942212e-01 5.80351651e-01 5.49250960e-01
    5.28318644e-01 5.02597213e-01 4.71015900e-01 4.65675294e-01
    4.47706878e-01 3.96463901e-01 3.92670304e-01 4.50959861e-01
    4.81457263e-01 4.42236453e-01 3.85244429e-01 3.77282470e-01
    4.31501597e-01 5.31470656e-01 6.30872369e-01 6.46295786e-01
    5.76177001e-01 5.07890165e-01 4.94423211e-01 5.27818143e-01
    5.49741566e-01 4.87422079e-01 3.72859031e-01 3.07252198e-01
    2.92238653e-01 3.10124457e-01 4.07838553e-01 5.51972508e-01
    6.38950348e-01 6.47252977e-01 6.04431152e-01 5.12529254e-01
    4.34080601e-01 4.51223850e-01 5.25508225e-01 5.83463728e-01
    5.92773736e-01 5.45311689e-01 4.85756785e-01 4.52514172e-01
    4.41130579e-01 4.47146446e-01 4.31922734e-01 3.96948457e-01
    4.41132486e-01 5.53892076e-01 6.23669028e-01 6.17518187e-01
    5.40542126e-01 4.54750687e-01 4.62556660e-01 5.20691097e-01
    5.14630258e-01 4.86539125e-01 5.20230055e-01 5.45317531e-01
    5.13326108e-01 4.98897731e-01 4.72712368e-01 3.32584411e-01
    3.47494900e-01 4.05186713e-01 4.14019078e-01 4.80793148e-01
    5.32196462e-01 5.20827115e-01 4.90173489e-01 4.70429033e-01
    4.74860519e-01 5.03743172e-01 5.29558003e-01 5.25154889e-01
    4.86865848e-01 4.48218048e-01 4.84057277e-01 5.88747323e-01
    6.35444522e-01 5.54210246e-01 4.43542987e-01 4.19053584e-01
    4.50032353e-01 4.93558288e-01 5.74535608e-01 6.45315468e-01
    6.22715950e-01 5.11097074e-01 4.15103525e-01 4.32574779e-01
    5.13423085e-01 5.73415518e-01 5.87197542e-01 5.33293903e-01
    4.80184555e-01 4.94159997e-01 4.94462490e-01 4.57814902e-01
    4.57029611e-01 4.89929587e-01 5.28514385e-01 5.58401644e-01
    5.75094819e-01 6.00644231e-01 6.15097761e-01 5.91928601e-01
    5.59901655e-01 5.26717603e-01 4.79222387e-01 4.63422537e-01
    5.27236760e-01 6.30938470e-01 6.93904936e-01 6.59070432e-01
    5.32839417e-01 4.17870551e-01 4.07450199e-01 4.84600812e-01
    5.66302001e-01 5.66658556e-01 4.94663924e-01 4.75037336e-01
    5.46356738e-01 5.77691376e-01 4.91888762e-01 3.79258782e-01
    3.48636568e-01 3.91495943e-01 4.40298736e-01 4.87667143e-01
    5.42996168e-01 5.68380833e-01 5.05830050e-01 3.77248704e-01
    3.26398075e-01 4.08893704e-01 4.96143043e-01 5.14776111e-01
    5.08963704e-01 4.73043203e-01 4.09880519e-01 3.86137694e-01
    4.18659508e-01 4.86630619e-01 5.48197925e-01 5.43953598e-01
    4.97504801e-01 4.78248626e-01 4.77603585e-01 4.48991835e-01
    3.76588672e-01 2.96670884e-01 2.89228350e-01 3.49511355e-01
    4.05026883e-01 4.56941992e-01 4.96964961e-01 4.89848763e-01
    4.85563666e-01 5.40829480e-01 6.26685739e-01 6.72842920e-01
    6.54895484e-01 6.16334796e-01 5.94132602e-01 5.74060559e-01
    5.32592773e-01 5.03910601e-01 5.37089884e-01 5.92681885e-01
    5.95756114e-01 5.71276128e-01 5.82471430e-01 5.89929581e-01
    5.63009322e-01 5.53485155e-01 5.40449500e-01 4.74419236e-01
    4.28000778e-01 4.61097062e-01 4.96021360e-01 4.86567438e-01
    4.97396111e-01 5.47993720e-01 5.73207736e-01 5.51441789e-01
    5.28871775e-01 5.24988949e-01 5.22592962e-01 4.73445654e-01
    3.60686183e-01 2.96899587e-01 3.47851843e-01 4.43024009e-01
    5.44972420e-01 6.25468671e-01 6.33221745e-01 5.86780608e-01
    5.09358466e-01 4.12286252e-01 3.82432133e-01 4.61743802e-01
    5.51455498e-01 5.62419713e-01 5.37706375e-01 5.46382785e-01
    5.35773575e-01 4.56532449e-01 3.86753082e-01 3.70208919e-01
    3.64241511e-01 3.68516117e-01 3.92459631e-01 4.12686378e-01
    4.44728851e-01 5.13150573e-01 5.72010934e-01 5.57308376e-01
    5.05983472e-01 5.00809252e-01 5.49482524e-01 5.91755331e-01
    5.53706467e-01 4.52838331e-01 3.89377922e-01 4.01438802e-01
    4.44490075e-01 4.58132088e-01 4.38570499e-01 4.34492350e-01
    4.55617875e-01 4.53913718e-01 4.11739409e-01 3.92874181e-01
    4.28661466e-01 4.74312872e-01 4.98658419e-01 4.99658942e-01
    4.81252760e-01 4.54337537e-01 4.56464112e-01 4.94059503e-01
    5.14647722e-01 5.09328961e-01 4.99639034e-01 4.77752030e-01
    4.58543777e-01 4.74696457e-01 5.07012725e-01 4.92241383e-01
    4.13955480e-01 3.51755619e-01 3.71257007e-01 4.39869404e-01
    5.07591844e-01 5.44533908e-01 5.35836637e-01 5.11118770e-01
    4.84563380e-01 4.41092700e-01 4.19964433e-01 4.36449021e-01
    4.32570338e-01 4.11668479e-01 4.43058550e-01 5.24373174e-01
    5.68042278e-01 5.22869349e-01 4.27729338e-01 3.66894931e-01
    3.88907343e-01 4.80773836e-01 5.86517930e-01 6.28521323e-01
    6.09169602e-01 5.93041956e-01 5.98611951e-01 6.10751390e-01
    5.96998692e-01 5.28214097e-01 4.41245139e-01 3.93820316e-01
    3.70794177e-01 3.59565556e-01 4.06873435e-01 5.15258193e-01
    6.18786275e-01 6.65383995e-01 6.45731330e-01 5.76851666e-01
    5.08104086e-01 4.82563287e-01 5.02293229e-01 5.43622911e-01
    5.52874625e-01 5.02943695e-01 4.51000363e-01 4.52333272e-01
    4.82202470e-01 5.04880190e-01 4.92467284e-01 4.48598564e-01
    4.66715962e-01 5.47605276e-01 5.92078805e-01 5.95021546e-01
    5.57797790e-01 4.93539900e-01 4.90140170e-01 5.33696353e-01
    5.28251946e-01 4.91196513e-01 5.04108191e-01 5.50655425e-01
    5.74324310e-01 5.82113147e-01 5.39806724e-01 3.77162337e-01
    3.87633592e-01 4.34720129e-01 4.14889246e-01 4.90427852e-01
    6.02317095e-01 6.43729746e-01 6.16131604e-01 5.62616646e-01
    5.30710876e-01 5.25767863e-01 5.06133914e-01 4.78755921e-01
    4.58145499e-01 4.35245425e-01 4.70342398e-01 5.70355177e-01
    6.14222765e-01 5.65474510e-01 5.36948740e-01 5.71160436e-01
    5.71344256e-01 5.42550921e-01 5.87467253e-01 6.64999545e-01
    6.65999055e-01 5.79926729e-01 4.91931438e-01 4.90906060e-01
    5.51457524e-01 5.97478509e-01 6.02616847e-01 5.63239396e-01
    5.20232677e-01 5.07473052e-01 4.80011553e-01 4.50060189e-01
    4.74932104e-01 5.25176108e-01 5.50763369e-01 5.42296886e-01
    5.44087529e-01 5.87017000e-01 6.21232688e-01 6.19504154e-01
    5.98517776e-01 5.45092285e-01 4.56271470e-01 3.99852544e-01
    4.50722933e-01 5.78601003e-01 6.71890795e-01 6.73607171e-01
    6.12102330e-01 5.23708344e-01 4.48708415e-01 4.49000567e-01
    4.95066524e-01 4.87156600e-01 4.50160980e-01 4.66338336e-01
    5.31578779e-01 5.79361916e-01 5.23904026e-01 3.92238379e-01
    3.32370162e-01 3.78204346e-01 4.37464237e-01 4.69201058e-01
    4.95788574e-01 5.34957409e-01 5.47692895e-01 4.91298676e-01
    4.38329548e-01 4.76347715e-01 5.52581549e-01 5.90142727e-01
    5.75532675e-01 4.86832678e-01 3.74867916e-01 3.43184710e-01
    3.72901767e-01 4.16977972e-01 4.80578154e-01 5.09502888e-01
    4.75821942e-01 4.39858645e-01 4.22108203e-01 4.18114930e-01
    3.99346232e-01 3.26522529e-01 2.81730026e-01 3.43584895e-01
    4.49910074e-01 5.16413808e-01 5.15918791e-01 5.04598856e-01
    5.53092718e-01 6.27227485e-01 6.72260821e-01 6.96103394e-01
    6.92918003e-01 6.39324129e-01 5.80085456e-01 5.60829103e-01
    5.49828410e-01 5.43365061e-01 5.64376116e-01 5.72549760e-01
    5.37873983e-01 5.15042961e-01 5.33317566e-01 5.31346858e-01
    5.11811137e-01 5.30784965e-01 5.40080786e-01 4.99888003e-01
    4.67554361e-01 4.64937419e-01 4.57829624e-01 4.47724968e-01
    4.68613893e-01 5.11726797e-01 5.36913455e-01 5.45718133e-01
    5.51740468e-01 5.47591507e-01 5.37062347e-01 4.91687983e-01
    3.98707330e-01 3.53990406e-01 3.99126351e-01 4.70056683e-01
    5.47099650e-01 6.15688384e-01 6.32622361e-01 5.98922670e-01
    5.29828012e-01 4.59562868e-01 4.57578599e-01 5.14443815e-01
    5.56251705e-01 5.55539727e-01 5.48091650e-01 5.79793572e-01
    6.02975547e-01 5.61050713e-01 5.14461339e-01 5.01420021e-01
    4.74373132e-01 4.26422149e-01 3.90269965e-01 3.73822033e-01
    3.77966106e-01 4.07546341e-01 4.56321716e-01 4.94621575e-01
    5.08663416e-01 5.16713560e-01 5.34548998e-01 5.49596369e-01
    5.09649217e-01 4.27554369e-01 3.89297247e-01 4.06101465e-01
    4.33091402e-01 4.41104710e-01 4.28763151e-01 4.24361795e-01
    4.31804925e-01 4.16340142e-01 3.78472745e-01 3.79850537e-01
    4.28770989e-01 4.66362953e-01 4.86906946e-01 5.08582950e-01
    5.18593073e-01 5.15158415e-01 5.21024048e-01 5.47036171e-01
    5.56869566e-01 5.24496496e-01 4.98710692e-01 4.97547567e-01
    4.62628752e-01 4.10281211e-01 4.27092880e-01 4.83689576e-01
    4.68501598e-01 4.02943879e-01 3.82958263e-01 4.09654796e-01
    4.59853649e-01 5.07852674e-01 5.09364128e-01 4.93375361e-01
    4.83378291e-01 4.53982890e-01 4.34011102e-01 4.33271825e-01
    4.26806837e-01 4.35310990e-01 4.89438027e-01 5.79684079e-01
    6.35526478e-01 6.01029217e-01 4.91927773e-01 3.75940084e-01
    3.46384525e-01 4.32605118e-01 5.48566639e-01 5.99885285e-01
    6.23584628e-01 6.82690084e-01 7.20972478e-01 6.75328076e-01
    5.74580371e-01 4.83454257e-01 4.36659187e-01 4.17166322e-01
    3.87174278e-01 3.51256520e-01 3.55438411e-01 4.24520403e-01
    5.22849739e-01 5.78802943e-01 5.67420602e-01 5.31222820e-01
    4.94709045e-01 4.50692445e-01 4.35436398e-01 4.75750655e-01
    5.16877651e-01 5.05475223e-01 4.65833575e-01 4.62442607e-01
    5.11633635e-01 5.75911462e-01 5.99110007e-01 5.62450349e-01
    5.44137657e-01 5.65277159e-01 5.52543461e-01 5.26076794e-01
    5.26992440e-01 5.32693267e-01 5.41062832e-01 5.44498086e-01
    5.29181778e-01 5.13616085e-01 5.27816117e-01 5.73615968e-01
    6.04547203e-01 5.95612407e-01 5.35169125e-01 3.77845526e-01
    4.22341824e-01 5.13341308e-01 4.90981758e-01 5.43923080e-01
    6.69123471e-01 7.23839760e-01 6.83984041e-01 6.13545597e-01
    5.67471921e-01 5.49049377e-01 5.04064500e-01 4.40326720e-01
    4.10357207e-01 4.26690012e-01 4.98476237e-01 5.78107536e-01
    5.74226558e-01 5.21787703e-01 5.49974978e-01 6.43582046e-01
    6.62102520e-01 6.11856759e-01 6.09462023e-01 6.61905169e-01
    6.84791625e-01 6.19798243e-01 5.31071484e-01 5.36091387e-01
    6.07229590e-01 6.27541423e-01 5.85607111e-01 5.55808365e-01
    5.67613065e-01 5.65264404e-01 5.09214044e-01 4.70116109e-01
    4.90453392e-01 5.24321556e-01 5.44807851e-01 5.46096265e-01
    5.54755986e-01 5.88852525e-01 6.21089876e-01 6.36510015e-01
    6.22904003e-01 5.61654210e-01 4.66518551e-01 3.96796882e-01
    4.07063067e-01 4.84341204e-01 5.40841222e-01 5.31737983e-01
    5.14992476e-01 5.03084719e-01 4.70425427e-01 4.59220111e-01
    4.56621200e-01 4.11562473e-01 3.94527078e-01 4.47843134e-01
    5.06138325e-01 5.37358820e-01 5.13504446e-01 4.37302411e-01
    4.02578741e-01 4.58139569e-01 5.36243081e-01 5.35652161e-01
    4.76872146e-01 4.88752902e-01 5.68305671e-01 5.79741657e-01
    5.09479940e-01 4.81883317e-01 5.28388143e-01 5.73793769e-01
    5.75934112e-01 5.10240853e-01 4.13257569e-01 3.90213102e-01
    4.21290010e-01 4.24643815e-01 4.31984067e-01 4.46067214e-01
    4.14446294e-01 3.68293375e-01 3.65327686e-01 4.16783839e-01
    4.55863059e-01 4.08173770e-01 3.59511614e-01 4.31207389e-01
    5.64600945e-01 6.14382684e-01 5.51394522e-01 5.05935431e-01
    5.55395186e-01 6.07259035e-01 6.14041328e-01 6.39674425e-01
    6.72023416e-01 6.30392551e-01 5.38111031e-01 4.76602167e-01
    4.73553628e-01 5.19950151e-01 5.48525274e-01 4.94987547e-01
    4.29375917e-01 4.45552617e-01 4.88949955e-01 4.84487146e-01
    4.87049252e-01 5.39974630e-01 5.84176838e-01 5.83040953e-01
    5.54315686e-01 5.10155737e-01 4.59944397e-01 4.05065984e-01
    3.65963578e-01 3.83002937e-01 4.36262906e-01 4.88179505e-01
    5.28273404e-01 5.43099403e-01 5.42430937e-01 5.26902556e-01
    4.92851377e-01 4.79774088e-01 4.96414781e-01 5.21695495e-01
    5.60263038e-01 6.09851182e-01 6.37714326e-01 6.04045987e-01
    5.19203424e-01 4.70983863e-01 5.16516864e-01 5.72759390e-01
    5.54407299e-01 5.10015190e-01 5.15664637e-01 5.67459583e-01
    6.01508558e-01 5.83941400e-01 5.46792805e-01 5.26324928e-01
    5.06720483e-01 4.51222688e-01 3.79617423e-01 3.42855483e-01
    3.30889285e-01 3.21980864e-01 3.60285223e-01 4.40313607e-01
    4.89899665e-01 5.05307138e-01 5.18246055e-01 5.12791395e-01
    4.75150853e-01 4.50646698e-01 4.70538437e-01 5.01061618e-01
    4.92981046e-01 4.40402061e-01 4.14437234e-01 4.51343656e-01
    4.70141888e-01 4.26612169e-01 3.90202045e-01 4.02510881e-01
    4.30514008e-01 4.57164824e-01 4.82916713e-01 5.00520527e-01
    5.14053166e-01 5.16881108e-01 4.99044329e-01 4.89299178e-01
    5.02241850e-01 5.10650754e-01 5.27869701e-01 5.47295511e-01
    4.87118423e-01 3.85453016e-01 3.96430463e-01 5.00704229e-01
    5.37698150e-01 5.00972748e-01 4.87780899e-01 5.06557047e-01
    5.39492369e-01 5.61395347e-01 5.37660003e-01 5.18540382e-01
    5.30429363e-01 5.28625548e-01 5.21358669e-01 5.20629883e-01
    5.20798206e-01 5.29041171e-01 5.51595747e-01 6.00525737e-01
    6.40549541e-01 6.19464040e-01 5.20059526e-01 3.82757604e-01
    3.31923693e-01 4.17182177e-01 5.28384745e-01 5.80579758e-01
    6.25976205e-01 7.07067192e-01 7.50417233e-01 6.84738100e-01
    5.38453877e-01 4.09757704e-01 3.62859637e-01 3.57846260e-01
    3.36734831e-01 3.11186999e-01 3.25929165e-01 3.90890092e-01
    4.61641073e-01 4.98191506e-01 5.05675018e-01 4.89509463e-01
    4.36664522e-01 3.74753863e-01 3.69222969e-01 4.26292062e-01
    4.91431534e-01 5.19182324e-01 4.93078530e-01 4.52395052e-01
    4.79874343e-01 5.81243873e-01 6.42847657e-01 6.10021532e-01
    5.78778386e-01 5.89658856e-01 5.59319139e-01 4.92919147e-01
    4.76075560e-01 5.03641665e-01 5.19332528e-01 5.18447995e-01
    5.39332390e-01 5.70978463e-01 5.72199881e-01 5.62908471e-01
    5.52742958e-01 5.33688724e-01 4.98390585e-01 3.73757064e-01
    3.91919255e-01 5.67959011e-01 5.88317215e-01 5.81291258e-01
    6.36790931e-01 6.74850464e-01 6.51077569e-01 5.96396148e-01
    5.53802192e-01 5.44985116e-01 5.12079060e-01 4.29282218e-01
    3.79194707e-01 4.23208833e-01 5.09422541e-01 5.37782431e-01
    4.78556544e-01 4.05614406e-01 4.33657795e-01 5.62502265e-01
    6.46413803e-01 6.24196947e-01 5.98694444e-01 6.39054835e-01
    6.60164416e-01 5.74577332e-01 4.86991376e-01 5.30523300e-01
    6.15785539e-01 5.88216186e-01 4.85823691e-01 4.62105125e-01
    5.48748791e-01 6.09042346e-01 5.67924917e-01 5.15321910e-01
    4.87198800e-01 4.60249633e-01 4.67851788e-01 5.11615515e-01
    5.60128331e-01 6.01491094e-01 6.42072737e-01 6.72212362e-01
    6.53866947e-01 5.78222930e-01 4.89377499e-01 4.38866735e-01
    4.38340247e-01 4.70570356e-01 4.72161949e-01 4.22883093e-01
    4.13034379e-01 4.60178316e-01 5.08735180e-01 5.39940774e-01
    5.06394029e-01 4.11805898e-01 3.80044818e-01 4.31438088e-01
    4.57371414e-01 4.35556650e-01 4.21843648e-01 4.52175558e-01
    5.12903094e-01 5.88743746e-01 6.54874623e-01 6.00996733e-01
    4.52914685e-01 4.28579509e-01 5.45691729e-01 5.90593219e-01
    5.01348972e-01 4.30281371e-01 4.38210458e-01 4.54160154e-01
    4.78120923e-01 5.06866217e-01 5.00014603e-01 4.96009946e-01
    4.95112002e-01 4.64884728e-01 4.56263244e-01 4.62882429e-01
    4.11881655e-01 3.41980189e-01 3.62225264e-01 4.64187652e-01
    5.27162433e-01 5.00163019e-01 4.64265049e-01 5.11671364e-01
    6.10216379e-01 6.31510198e-01 5.45820355e-01 4.84251022e-01
    5.02742469e-01 5.10451138e-01 5.01991868e-01 5.51690161e-01
    6.21947587e-01 6.11549616e-01 5.20973206e-01 4.46990550e-01
    4.56235677e-01 5.09307623e-01 5.05585968e-01 4.17046487e-01
    3.48567307e-01 3.83681327e-01 4.52222139e-01 4.82973695e-01
    5.09593368e-01 5.63502192e-01 6.28514290e-01 6.69509411e-01
    6.55565560e-01 5.88419199e-01 4.95332092e-01 3.84829760e-01
    2.86520541e-01 2.68850237e-01 3.29496682e-01 4.13336277e-01
    4.80290443e-01 5.12187421e-01 5.31977296e-01 5.42190313e-01
    5.39092422e-01 5.44402242e-01 5.48527300e-01 5.44644594e-01
    5.49807191e-01 5.87870061e-01 6.35740101e-01 5.97843111e-01
    4.76800144e-01 4.27249789e-01 5.16598165e-01 6.02138579e-01
    5.63021064e-01 4.86347586e-01 4.79456842e-01 5.05821347e-01
    5.16991079e-01 5.20006239e-01 5.03606081e-01 4.75351125e-01
    4.61632580e-01 4.27519321e-01 3.70241493e-01 3.62426072e-01
    3.71800184e-01 3.29739332e-01 3.32089037e-01 4.32009757e-01
    5.11997700e-01 5.18953800e-01 5.00280380e-01 4.72956359e-01
    4.58793968e-01 4.89819825e-01 5.27329147e-01 5.37696004e-01
    5.06067514e-01 4.21832383e-01 4.00645316e-01 5.01151085e-01
    5.55676281e-01 4.96243566e-01 4.72180843e-01 5.20686865e-01
    5.54924905e-01 5.73310375e-01 5.75522840e-01 5.45629203e-01
    5.30279756e-01 5.24739325e-01 4.73906666e-01 4.24591213e-01
    4.58231866e-01 5.34702539e-01 5.79012096e-01 5.66312253e-01
    4.78404045e-01 3.79142910e-01 3.80030870e-01 4.48888272e-01
    4.95737374e-01 5.31200707e-01 5.77455461e-01 6.23402119e-01
    6.62409425e-01 6.48889840e-01 5.63947737e-01 4.93394434e-01
    4.84228104e-01 5.07014036e-01 5.52891552e-01 6.08135402e-01
    6.55879498e-01 6.71137750e-01 6.32738531e-01 5.87956309e-01
    5.73382497e-01 5.67679942e-01 5.20490468e-01 4.27571446e-01
    3.95765394e-01 4.66900826e-01 5.51554382e-01 5.94708085e-01
    6.19356692e-01 6.56553864e-01 6.92826092e-01 6.73553050e-01
    5.62546074e-01 4.19100851e-01 3.35481375e-01 3.12319934e-01
    3.11745465e-01 3.34223121e-01 3.92921597e-01 4.58402812e-01
    4.79388237e-01 4.87779081e-01 5.26553750e-01 5.21443844e-01
    4.32070732e-01 3.61142248e-01 3.69209707e-01 4.06274468e-01
    4.41435277e-01 4.72171277e-01 4.69953269e-01 4.33315516e-01
    4.49934483e-01 5.54131508e-01 6.13299608e-01 5.63197315e-01
    5.29369354e-01 5.64026594e-01 5.55114090e-01 4.64979708e-01
    3.93498749e-01 3.97395134e-01 4.28712308e-01 4.62259978e-01
    5.36744714e-01 5.93244433e-01 5.41869402e-01 4.68405068e-01
    4.59516048e-01 4.85468209e-01 4.94190574e-01 3.90466630e-01
    3.37712020e-01 5.58525443e-01 6.16545558e-01 5.62200785e-01
    5.39752185e-01 5.57914376e-01 5.71653128e-01 5.56686938e-01
    5.34343243e-01 5.40238321e-01 5.15874028e-01 4.41144317e-01
    4.17672217e-01 4.72637326e-01 5.06358624e-01 4.71747130e-01
    4.07130420e-01 3.34413528e-01 3.25736642e-01 4.51281458e-01
    5.81001699e-01 5.78410506e-01 5.53499520e-01 6.07410192e-01
    6.10323250e-01 4.98805314e-01 4.43565130e-01 5.26102662e-01
    5.84930301e-01 5.04223883e-01 3.89477313e-01 3.89159679e-01
    5.11377394e-01 6.15060747e-01 6.10473096e-01 5.67787647e-01
    5.07393420e-01 4.13101077e-01 3.73378634e-01 4.29104596e-01
    5.10411203e-01 5.82120001e-01 6.58250451e-01 7.05606818e-01
    6.79335058e-01 5.86482823e-01 4.95542556e-01 4.83023375e-01
    5.31749308e-01 5.70742667e-01 5.40222764e-01 4.64654028e-01
    4.46484119e-01 4.90164429e-01 5.41102588e-01 5.75119853e-01
    5.35661280e-01 4.43460017e-01 4.23439294e-01 4.60910946e-01
    4.39595222e-01 3.65381420e-01 3.43764991e-01 4.40213561e-01
    5.70986986e-01 6.44447923e-01 6.60714746e-01 5.63950181e-01
    4.01724905e-01 3.84826034e-01 5.14742196e-01 5.71801245e-01
    4.81597900e-01 3.78484249e-01 3.36399138e-01 3.23051542e-01
    3.72475773e-01 4.73607332e-01 5.29484332e-01 5.32748461e-01
    5.01218915e-01 4.67383236e-01 4.90817636e-01 5.17399848e-01
    4.70062226e-01 4.02299315e-01 4.24285918e-01 5.19073844e-01
    5.69250941e-01 5.52065253e-01 5.17990053e-01 5.22539973e-01
    5.83793700e-01 6.07165992e-01 5.39845407e-01 4.77377415e-01
    4.53477859e-01 4.19701040e-01 4.26814944e-01 5.12739122e-01
    5.91309428e-01 5.83887041e-01 5.10007679e-01 4.74501550e-01
    5.15834570e-01 5.36522806e-01 4.85884786e-01 4.11530912e-01
    3.66806805e-01 3.77944887e-01 4.27738518e-01 4.78914410e-01
    5.07730365e-01 5.35162628e-01 5.94144046e-01 6.49061501e-01
    6.45455778e-01 5.81307530e-01 4.82088387e-01 3.71977955e-01
    2.86111683e-01 2.54468054e-01 2.79930234e-01 3.57004762e-01
    4.37921256e-01 4.87859696e-01 5.28902531e-01 5.35358787e-01
    5.08076131e-01 5.00861883e-01 5.03940344e-01 5.00845253e-01
    5.13389528e-01 5.67332864e-01 6.31023943e-01 6.03923380e-01
    4.93225873e-01 4.54143107e-01 5.39353251e-01 6.07914567e-01
    5.60710251e-01 4.80710387e-01 4.51969594e-01 4.45545137e-01
    4.46849614e-01 4.68807280e-01 4.73994344e-01 4.44615126e-01
    4.22345549e-01 4.03975040e-01 3.70151788e-01 3.82005841e-01
    4.20261055e-01 3.87160361e-01 3.63789797e-01 4.59593683e-01
    5.67134678e-01 5.64529777e-01 4.99148637e-01 4.64548975e-01
    4.94331896e-01 5.53189099e-01 5.61772943e-01 5.20371020e-01
    4.75132734e-01 4.23094630e-01 4.41466630e-01 5.69608808e-01
    6.38535678e-01 5.87359071e-01 5.84248543e-01 6.68797255e-01
    7.12963402e-01 6.85634375e-01 6.36960149e-01 5.91711760e-01
    5.70907295e-01 5.63219666e-01 5.13305545e-01 4.58502352e-01
    5.03336668e-01 5.99092066e-01 6.24544799e-01 5.76239645e-01
    4.99123037e-01 4.33890104e-01 3.99766654e-01 3.75347674e-01
    3.93751621e-01 4.78883684e-01 5.61007857e-01 6.23557210e-01
    6.80519342e-01 6.70323908e-01 5.74393630e-01 4.63044643e-01
    4.04301763e-01 4.29757208e-01 5.15845478e-01 6.10065818e-01
    6.91872239e-01 7.16136038e-01 6.37740612e-01 5.30516803e-01
    4.85977322e-01 5.05367935e-01 5.27593613e-01 5.15921474e-01
    5.20765841e-01 5.51596999e-01 5.63662469e-01 5.57862282e-01
    5.48912227e-01 5.61482549e-01 6.06554985e-01 6.28761292e-01
    5.70551217e-01 4.65054065e-01 3.86361629e-01 3.56214762e-01
    3.59688848e-01 3.90772879e-01 4.54838783e-01 5.14180958e-01
    5.15293777e-01 5.06765902e-01 5.49411714e-01 5.62277257e-01
    4.91323858e-01 4.26947892e-01 3.97855848e-01 3.72141451e-01
    3.85592490e-01 4.45732862e-01 4.88294840e-01 4.75658387e-01
    4.79309201e-01 5.56392431e-01 5.97587526e-01 5.32704115e-01
    4.78712291e-01 5.01578569e-01 5.01839876e-01 4.13318932e-01
    3.18226665e-01 3.07886332e-01 3.48409146e-01 4.07449931e-01
    5.14165759e-01 5.62145233e-01 4.64181602e-01 3.89598280e-01
    4.33970034e-01 4.93230164e-01 5.02019048e-01 3.98884743e-01
    3.20783585e-01 5.28962851e-01 5.91714621e-01 5.34916461e-01
    4.85912591e-01 4.81217682e-01 4.96809036e-01 5.03345847e-01
    5.22148967e-01 5.68233132e-01 5.56730866e-01 4.96975839e-01
    5.04709899e-01 5.45598805e-01 5.13855278e-01 4.58656907e-01
    4.38857973e-01 3.87211591e-01 3.48942071e-01 4.38440084e-01
    5.37757635e-01 5.10518670e-01 4.83835459e-01 5.46468556e-01
    5.47907293e-01 4.59832877e-01 4.58910793e-01 5.52480161e-01
    5.60258508e-01 4.41627800e-01 3.47567677e-01 3.81375670e-01
    5.06172955e-01 6.07168198e-01 6.17358625e-01 5.94981730e-01
    5.54039001e-01 4.53104377e-01 3.69337171e-01 3.75329256e-01
    4.23176557e-01 4.91847545e-01 5.84447205e-01 6.41713083e-01
    6.20296001e-01 5.25131047e-01 4.41646218e-01 4.80527848e-01
    5.83937287e-01 6.29507482e-01 6.00898385e-01 5.46359599e-01
    5.25768578e-01 5.34593761e-01 5.30753553e-01 5.12619019e-01
    4.74543691e-01 4.40287620e-01 4.61069077e-01 4.87626910e-01
    4.52279240e-01 3.89052391e-01 3.81049752e-01 4.72802848e-01
    5.79559326e-01 6.09676182e-01 5.78734994e-01 4.91596609e-01
    3.97284359e-01 4.10961121e-01 5.13571858e-01 5.70508361e-01
    5.21739721e-01 4.22463387e-01 3.37175131e-01 3.00294161e-01
    3.60639513e-01 4.76820260e-01 5.34504414e-01 5.24381340e-01
    4.81804490e-01 4.54105556e-01 4.88049001e-01 5.28490067e-01
    5.23109496e-01 4.95920867e-01 4.90766168e-01 5.23511946e-01
    5.53226829e-01 5.46828866e-01 5.11628091e-01 4.99148399e-01
    5.47672987e-01 5.80202162e-01 5.36382616e-01 4.73950237e-01
    4.11714405e-01 3.45905960e-01 3.72829258e-01 4.97476280e-01
    5.73464215e-01 5.41202784e-01 4.74799842e-01 4.75334525e-01
    5.19901097e-01 4.91361678e-01 4.16756064e-01 3.99828434e-01
    4.35565323e-01 4.67702061e-01 4.81760770e-01 4.86469477e-01
    4.73236978e-01 4.70778018e-01 5.20014942e-01 5.72901368e-01
    5.72914660e-01 5.32925844e-01 4.73429829e-01 4.12402809e-01
    3.78187239e-01 3.51503670e-01 3.21744442e-01 3.46145630e-01
    4.19780523e-01 5.04753053e-01 5.77664375e-01 5.67428589e-01
    4.99772251e-01 4.66657937e-01 4.55315828e-01 4.52316105e-01
    4.97186184e-01 5.87962449e-01 6.63691163e-01 6.59600139e-01
    6.02266669e-01 5.93058765e-01 6.24596834e-01 5.89752555e-01
    4.90377605e-01 4.20220256e-01 4.01206762e-01 4.06681359e-01
    4.28398192e-01 4.40408558e-01 4.26492453e-01 4.03527290e-01
    3.91846746e-01 3.90524566e-01 3.73726487e-01 3.73833746e-01
    4.14978951e-01 4.20949757e-01 3.98640901e-01 4.53346312e-01
    5.54404259e-01 5.76423168e-01 5.30990899e-01 5.25802135e-01
    5.80316663e-01 6.31600678e-01 6.10902131e-01 5.22327542e-01
    4.51704174e-01 4.39617038e-01 4.94796365e-01 6.00318789e-01
    6.53908610e-01 6.32072151e-01 6.39814854e-01 7.01676905e-01
    7.15855896e-01 6.44801080e-01 5.88326156e-01 5.86098015e-01
    5.78459740e-01 5.69060266e-01 5.59069037e-01 5.38850129e-01
    5.69796622e-01 6.25892520e-01 6.19134843e-01 5.76897860e-01
    5.46930373e-01 5.13120234e-01 4.49602425e-01 3.69336933e-01
    3.52261513e-01 4.12924588e-01 4.74073589e-01 5.40537775e-01
    6.14381909e-01 6.31671429e-01 5.88677227e-01 5.03619432e-01
    4.16244268e-01 4.06814754e-01 4.70218629e-01 5.38019896e-01
    5.91373622e-01 6.11390412e-01 5.63690841e-01 4.87101316e-01
    4.48453575e-01 4.65147436e-01 5.11469960e-01 5.62976599e-01
    6.09477758e-01 5.99494755e-01 5.28092265e-01 4.74437624e-01
    4.64880615e-01 4.88551617e-01 5.29074430e-01 5.32483220e-01
    4.86102223e-01 4.47328895e-01 4.55465168e-01 4.88032669e-01
    4.86743510e-01 4.50387090e-01 4.52830404e-01 4.95419502e-01
    5.02880275e-01 4.81230229e-01 5.01327693e-01 5.39995730e-01
    5.31373203e-01 4.93204862e-01 4.34591055e-01 3.80117804e-01
    4.12645072e-01 5.14438391e-01 5.77429652e-01 5.54975748e-01
    5.31956196e-01 5.83094120e-01 6.10691547e-01 5.37660420e-01
    4.59830225e-01 4.60533023e-01 4.82409030e-01 4.37284321e-01
    3.56751293e-01 3.21725696e-01 3.32035124e-01 4.03523445e-01
    5.32659352e-01 5.58411241e-01 4.52796668e-01 4.25608069e-01
    4.94185746e-01 5.15553355e-01 4.81433928e-01 3.72295409e-01
    3.22494179e-01 5.04597247e-01 5.73782086e-01 5.46779156e-01
    5.08640349e-01 5.01408756e-01 5.02992332e-01 4.95418727e-01
    5.29725969e-01 6.06566548e-01 6.11621559e-01 5.43516457e-01
    5.19562364e-01 5.19509315e-01 4.74723428e-01 4.64093566e-01
    4.97296780e-01 4.58847046e-01 4.13473427e-01 4.59131926e-01
    4.91189688e-01 4.52805996e-01 4.35093850e-01 4.67972070e-01
    4.74215537e-01 4.54527378e-01 4.94632512e-01 5.66505909e-01
    5.53907633e-01 4.41562116e-01 3.51216108e-01 3.79711151e-01
    4.89451081e-01 5.82913339e-01 6.13061488e-01 6.13476038e-01
    5.95748782e-01 5.23465633e-01 4.26347882e-01 3.61932546e-01
    3.45941007e-01 3.87635261e-01 4.60752964e-01 5.14097214e-01
    5.07520735e-01 4.17348683e-01 3.51675272e-01 4.37905669e-01
    5.61800480e-01 5.91985285e-01 5.76835036e-01 5.50234139e-01
    5.30402064e-01 5.36409557e-01 5.11849761e-01 4.41613078e-01
    3.87399524e-01 3.86529207e-01 4.21039581e-01 4.49651480e-01
    4.54804927e-01 4.47289735e-01 4.58976328e-01 5.06093919e-01
    5.43094635e-01 5.36274493e-01 5.05342901e-01 4.69326407e-01
    4.55337524e-01 4.85553950e-01 5.33480108e-01 5.69476962e-01
    5.76176345e-01 5.32221556e-01 4.49925214e-01 3.86265218e-01
    4.10432607e-01 4.99950498e-01 5.50195038e-01 5.35077095e-01
    4.94714916e-01 4.75778937e-01 5.09599626e-01 5.60717762e-01
    5.89455307e-01 5.77430487e-01 5.18488407e-01 4.74807411e-01
    4.86834705e-01 5.04444122e-01 4.98574227e-01 5.00142515e-01
    5.19190073e-01 5.20882249e-01 4.94984567e-01 4.66190189e-01
    4.21711862e-01 3.59665781e-01 3.76549661e-01 4.87296492e-01
    5.44121504e-01 4.89860028e-01 4.24004555e-01 4.25195247e-01
    4.34241891e-01 3.67992580e-01 3.02201182e-01 3.51103932e-01
    4.80173230e-01 5.73415875e-01 5.72158277e-01 5.06202102e-01
    4.40960199e-01 4.31801766e-01 4.83788103e-01 5.38311124e-01
    5.54418087e-01 5.40658414e-01 5.06233931e-01 4.75733340e-01
    4.78850126e-01 4.69906449e-01 4.09855902e-01 3.65305156e-01
    3.95108730e-01 5.05078256e-01 6.18356407e-01 6.07813299e-01
    5.22114635e-01 4.79839027e-01 4.58068788e-01 4.53285664e-01
    5.22896886e-01 6.29633367e-01 6.97012901e-01 7.09116638e-01
    6.97204649e-01 6.99284434e-01 6.71316147e-01 5.46284914e-01
    3.99568796e-01 3.43462259e-01 3.52566183e-01 3.73077929e-01
    4.03367847e-01 4.04617786e-01 3.73472989e-01 3.66061538e-01
    3.85366678e-01 4.10186976e-01 4.18757617e-01 4.19049054e-01
    4.40097988e-01 4.40112174e-01 4.02646154e-01 4.08605218e-01
    4.79313463e-01 5.28709948e-01 5.41894197e-01 5.77817798e-01
    6.17807448e-01 6.36341989e-01 6.17640138e-01 5.27913868e-01
    4.43333358e-01 4.44170386e-01 4.96160328e-01 5.49009085e-01
    5.73517501e-01 5.74361742e-01 5.75579405e-01 5.87852895e-01
    5.82867265e-01 5.35524309e-01 5.16486049e-01 5.49265981e-01
    5.56599081e-01 5.51248968e-01 5.57898521e-01 5.43561995e-01
    5.44407547e-01 5.68646550e-01 5.62581003e-01 5.50124049e-01
    5.48110843e-01 5.11741996e-01 4.53238755e-01 4.13952559e-01
    4.10295486e-01 4.30240273e-01 4.51491445e-01 5.01223207e-01
    5.74176729e-01 6.19141519e-01 6.24572992e-01 5.69697678e-01
    4.64969069e-01 3.98887336e-01 4.04898345e-01 4.29314196e-01
    4.46546614e-01 4.74637240e-01 5.02887011e-01 5.02148271e-01
    4.84439939e-01 4.79656249e-01 4.91260171e-01 5.31749129e-01
    5.78762770e-01 5.53520501e-01 4.85606313e-01 4.64218438e-01
    4.73048687e-01 4.91864949e-01 5.17656982e-01 4.87071484e-01
    4.13152397e-01 4.11999404e-01 5.13719916e-01 6.19807482e-01
    6.20946705e-01 5.28150916e-01 4.56312358e-01 4.46825087e-01
    4.39885646e-01 4.20523047e-01 4.48185474e-01 5.12582123e-01
    5.33869088e-01 5.14441371e-01 4.84461695e-01 4.61288661e-01
    4.98649269e-01 5.86939216e-01 6.32557213e-01 5.93915939e-01
    5.59704542e-01 5.91939092e-01 5.90610564e-01 4.97139812e-01
    4.14763957e-01 4.44106460e-01 5.39097548e-01 5.60708821e-01
    4.81530994e-01 3.87505800e-01 3.51067841e-01 4.30026144e-01
    5.51514983e-01 5.40426850e-01 4.56592470e-01 4.78653252e-01
    5.32159328e-01 5.03014565e-01 4.34774816e-01 3.17374885e-01
    3.05433750e-01 4.50355142e-01 5.33357263e-01 5.43751180e-01
    5.28262556e-01 5.53777874e-01 5.77467263e-01 5.54006696e-01
    5.53082407e-01 6.16030395e-01 6.41568899e-01 5.58130980e-01
    4.59608704e-01 4.11395818e-01 3.93670678e-01 4.43515807e-01
    5.06065667e-01 4.61586446e-01 4.02413756e-01 4.14663076e-01
    4.33431029e-01 4.49396610e-01 4.51134175e-01 4.21043873e-01
    4.19323683e-01 4.66659635e-01 5.17694116e-01 5.54878414e-01
    5.67405641e-01 5.12815297e-01 4.29542005e-01 4.15949047e-01
    4.68179286e-01 5.32488406e-01 5.88471293e-01 6.16011202e-01
    5.94341278e-01 5.27873397e-01 4.41706628e-01 3.67952138e-01
    3.60621542e-01 4.18616056e-01 4.67431843e-01 4.94846642e-01
    4.81582850e-01 3.79161984e-01 3.11736584e-01 4.10371006e-01
    5.44905901e-01 5.82258642e-01 5.60735345e-01 5.09804189e-01
    4.85049248e-01 5.27319908e-01 5.27782321e-01 4.39675450e-01
    3.57431471e-01 3.32960963e-01 3.53741497e-01 4.14279848e-01
    4.84798521e-01 5.02336323e-01 4.70915258e-01 4.42500323e-01
    4.32242692e-01 4.43049967e-01 4.65045840e-01 4.82981354e-01
    5.16805410e-01 5.59080124e-01 5.62360287e-01 5.49043417e-01
    5.58567226e-01 5.53013682e-01 4.98793840e-01 4.24142987e-01
    4.05782968e-01 4.62105095e-01 5.10901809e-01 5.17773807e-01
    5.12099922e-01 5.23847401e-01 5.67690313e-01 6.08259380e-01
    6.16981387e-01 5.87103903e-01 5.05902767e-01 4.32938159e-01
    4.30130810e-01 4.61923361e-01 4.92485613e-01 5.07449150e-01
    4.88625109e-01 4.65178430e-01 4.78369981e-01 5.11010885e-01
    5.13989508e-01 4.78704274e-01 4.74477440e-01 5.32184303e-01
    5.53432345e-01 4.82523531e-01 4.06079024e-01 3.86457473e-01
    3.66928101e-01 3.04234833e-01 2.70140171e-01 3.48857790e-01
    5.03670096e-01 6.13458693e-01 5.97488344e-01 4.88700598e-01
    4.03473735e-01 4.08899039e-01 4.59833592e-01 5.00694871e-01
    5.35334170e-01 5.44859648e-01 5.02246261e-01 4.68588620e-01
    4.96398956e-01 5.25732636e-01 4.84469026e-01 3.99534613e-01
    3.70338023e-01 4.64595824e-01 5.84290683e-01 5.73868096e-01
    4.92707223e-01 4.68610317e-01 4.63333011e-01 4.60355043e-01
    5.28063476e-01 6.14883244e-01 6.40859723e-01 6.45502329e-01
    6.63529992e-01 6.72589540e-01 6.31216705e-01 5.15470505e-01
    3.96743923e-01 3.58120471e-01 3.54159325e-01 3.42464358e-01
    3.67435336e-01 3.95074904e-01 3.86961490e-01 4.02283698e-01
    4.41537142e-01 4.64954615e-01 4.78911281e-01 5.02794981e-01
    5.23011029e-01 4.90945041e-01 4.28075165e-01 4.16035980e-01
    4.51264799e-01 4.65837657e-01 4.80507970e-01 5.37721574e-01
    5.79411447e-01 5.96114993e-01 6.02549076e-01 5.41288674e-01
    4.65719730e-01 4.58847553e-01 4.76391941e-01 4.84777153e-01
    4.91599083e-01 4.89977449e-01 4.74856913e-01 4.67393130e-01
    4.83522236e-01 4.97393072e-01 5.02973497e-01 5.10356605e-01
    5.07143855e-01 5.05686164e-01 5.01759470e-01 4.70316947e-01
    4.63612765e-01 5.05366504e-01 5.29530108e-01 5.30417979e-01
    5.13508499e-01 4.54840839e-01 4.19960052e-01 4.53011543e-01
    5.02664685e-01 5.31171501e-01 5.23474038e-01 5.05610406e-01
    5.34237981e-01 6.00588799e-01 6.30017638e-01 5.72579086e-01
    4.60456043e-01 3.74036252e-01 3.58303308e-01 3.83367002e-01
    4.10217702e-01 4.49118137e-01 4.98914510e-01 5.22849500e-01
    5.32323956e-01 5.48095822e-01 5.34527600e-01 5.03352761e-01
    4.80948716e-01 4.51205701e-01 4.59807754e-01 5.15591264e-01
    5.37535369e-01 5.42025506e-01 5.73584914e-01 5.53004861e-01
    4.64695722e-01 4.47446167e-01 5.44502497e-01 6.32263601e-01
    6.29411161e-01 5.64300358e-01 4.83149648e-01 4.22989607e-01
    4.01111037e-01 4.17409122e-01 4.82463658e-01 5.44175267e-01
    5.25097787e-01 4.84255046e-01 5.00364602e-01 5.30042887e-01
    5.52805007e-01 5.99834383e-01 6.23847842e-01 5.84750652e-01
    5.67043245e-01 6.08883917e-01 5.98474741e-01 4.85716730e-01
    3.85483414e-01 4.23796535e-01 5.57562649e-01 6.13372445e-01
    5.35887837e-01 4.17291701e-01 3.62793326e-01 4.19669926e-01
    4.84452546e-01 4.45638150e-01 4.06982899e-01 4.68024045e-01
    5.20284295e-01 4.85135913e-01 4.00680721e-01 2.67906308e-01
    2.70792484e-01 3.91488642e-01 4.80638891e-01 5.01046240e-01
    4.90667343e-01 5.46286583e-01 6.18594110e-01 6.16699278e-01
    5.84555566e-01 6.19937479e-01 6.68169796e-01 5.86183190e-01
    4.34085637e-01 3.62886846e-01 3.82817626e-01 4.61051911e-01
    5.19240975e-01 4.64355886e-01 3.72483581e-01 3.45053077e-01
    3.89042288e-01 4.79530394e-01 5.05439699e-01 4.30805385e-01
    4.00262952e-01 4.58092511e-01 5.06499529e-01 5.35645306e-01
    5.75588167e-01 5.75755596e-01 5.35182476e-01 5.12413383e-01
    4.96483922e-01 4.81760263e-01 5.01930892e-01 5.33309221e-01
    5.25924444e-01 4.87422675e-01 4.45422620e-01 4.20423150e-01
    4.67972487e-01 5.58417499e-01 5.86750448e-01 5.73630989e-01
    5.37962496e-01 4.38734442e-01 3.64075035e-01 4.11050767e-01
    5.21277964e-01 5.92938125e-01 5.70882082e-01 4.79789287e-01
    4.53835726e-01 5.37767649e-01 5.88455141e-01 5.35271883e-01
    4.38100576e-01 3.60131472e-01 3.58662874e-01 4.44617897e-01
    5.43432713e-01 5.52278876e-01 4.59082752e-01 3.52832109e-01
    3.10961515e-01 3.50644857e-01 4.26038712e-01 4.87641990e-01
    5.51129937e-01 6.06688678e-01 5.90750098e-01 5.27420044e-01
    4.86794651e-01 4.59383130e-01 4.10254955e-01 3.51356000e-01
    3.47187698e-01 3.99052471e-01 4.28986311e-01 4.46989775e-01
    4.94284153e-01 5.54571390e-01 6.05278969e-01 6.11606121e-01
    5.81031084e-01 5.44114828e-01 4.85136151e-01 4.37491417e-01
    4.41970825e-01 4.68747795e-01 4.90415961e-01 4.78345692e-01
    4.34853494e-01 4.34610486e-01 5.05631626e-01 5.77512383e-01
    5.92776656e-01 5.67928076e-01 5.62710106e-01 6.05400145e-01
    6.18877172e-01 5.34329414e-01 4.30574149e-01 3.91686738e-01
    3.83051276e-01 3.61345023e-01 3.53464276e-01 4.13832247e-01
    5.30372918e-01 5.99304974e-01 5.48860908e-01 4.40723211e-01
    3.80483776e-01 3.86205614e-01 4.02755141e-01 4.17079389e-01
    4.74214643e-01 5.24087787e-01 4.90109354e-01 4.49865997e-01
    4.81167883e-01 5.34006238e-01 5.29027998e-01 4.60915744e-01
    4.22789812e-01 4.81105179e-01 5.50852060e-01 5.24591208e-01
    4.57494885e-01 4.51742172e-01 4.70809907e-01 4.70289439e-01
    5.06427765e-01 5.47805250e-01 5.22079349e-01 5.01011908e-01
    5.39858222e-01 5.85109174e-01 5.90211809e-01 5.49581826e-01
    4.95715827e-01 4.49705541e-01 3.83947015e-01 3.28301251e-01
    3.57322514e-01 4.20892686e-01 4.50568616e-01 4.81414199e-01
    5.08304477e-01 5.04321218e-01 5.05932212e-01 5.46581566e-01
    5.91143548e-01 5.76953292e-01 5.31667829e-01 5.16057849e-01
    4.89239037e-01 4.11175042e-01 3.72473598e-01 4.37599897e-01
    5.30070901e-01 5.97468436e-01 6.21267021e-01 5.68782449e-01
    5.10391235e-01 5.02288342e-01 4.96754557e-01 4.96713221e-01
    5.08224845e-01 4.94869739e-01 4.68469828e-01 4.56376106e-01
    4.78261858e-01 5.21230638e-01 5.20994723e-01 4.67087835e-01
    4.14235979e-01 4.00982708e-01 4.16707218e-01 4.28515851e-01
    4.59024578e-01 5.23691475e-01 5.61554730e-01 5.47236383e-01
    5.00810623e-01 4.42707777e-01 4.24868375e-01 4.65665400e-01
    5.32042980e-01 5.92934608e-01 5.89318335e-01 5.10573447e-01
    4.66763169e-01 5.05287230e-01 5.30554831e-01 4.87430096e-01
    4.17303443e-01 3.80243123e-01 4.11663055e-01 4.75801587e-01
    5.18347800e-01 5.41530609e-01 5.50566316e-01 5.38177907e-01
    5.45589864e-01 5.85667491e-01 5.71830928e-01 4.80480909e-01
    4.00641829e-01 3.92209500e-01 4.57372546e-01 5.33598125e-01
    5.44141710e-01 5.30809581e-01 5.63501179e-01 5.84069967e-01
    5.33057570e-01 4.91326898e-01 5.10284960e-01 5.14793873e-01
    4.93467450e-01 4.93609250e-01 4.73778009e-01 4.25818294e-01
    4.24555421e-01 4.79070544e-01 5.39797246e-01 5.45655668e-01
    4.73236531e-01 4.23821330e-01 4.82718259e-01 5.59620619e-01
    5.81867576e-01 5.96565545e-01 5.88297546e-01 5.40663302e-01
    5.53227961e-01 6.44689381e-01 6.74391568e-01 5.69447815e-01
    4.32544440e-01 4.02289152e-01 4.71714020e-01 5.09489000e-01
    4.69207525e-01 4.04609591e-01 3.69168907e-01 3.89096916e-01
    4.14448231e-01 3.96984041e-01 3.96409780e-01 4.59604234e-01
    5.18338382e-01 5.03622353e-01 4.10931826e-01 2.55901992e-01
    2.55734771e-01 4.07944560e-01 4.96561676e-01 4.82036054e-01
    4.46452975e-01 5.05998015e-01 6.13857329e-01 6.47623003e-01
    6.15239501e-01 6.27268314e-01 6.60976291e-01 5.88909388e-01
    4.50014502e-01 3.79864872e-01 4.11993057e-01 5.01409054e-01
    5.61719179e-01 5.21172404e-01 4.14374709e-01 3.34818423e-01
    3.52862656e-01 4.61425275e-01 5.26735246e-01 4.62338150e-01
    3.85076314e-01 3.97892058e-01 4.56390411e-01 5.15893757e-01
    5.61924815e-01 5.77359200e-01 5.84116101e-01 5.89519560e-01
    5.42526305e-01 4.46902931e-01 3.86716038e-01 4.04536545e-01
    4.58909482e-01 4.96347576e-01 5.00014126e-01 4.93577302e-01
    5.30641198e-01 5.88234305e-01 5.94895363e-01 5.81702471e-01
    5.75544715e-01 5.43309510e-01 4.91825074e-01 4.46968168e-01
    4.61805642e-01 5.38680017e-01 5.47480404e-01 4.56817657e-01
    4.27300125e-01 5.27811885e-01 6.40161395e-01 6.61908746e-01
    5.79524696e-01 4.64697063e-01 4.32772249e-01 4.89230335e-01
    5.52909911e-01 5.59798479e-01 4.76121038e-01 3.52553874e-01
    2.98896581e-01 3.41509819e-01 4.11986351e-01 4.77466643e-01
    5.48633516e-01 5.95181584e-01 5.73189795e-01 4.96864408e-01
    4.18160498e-01 3.62533718e-01 3.22638929e-01 3.05541515e-01
    3.42890233e-01 3.89736116e-01 3.72421235e-01 3.61238092e-01
    4.34204966e-01 5.42240739e-01 6.16018295e-01 6.18971705e-01
    5.80502272e-01 5.38327873e-01 4.83738959e-01 4.61065650e-01
    4.91405249e-01 5.21737039e-01 5.22014797e-01 4.68566179e-01
    3.99215758e-01 4.10662174e-01 4.93089974e-01 5.49923301e-01
    5.53128302e-01 5.49742401e-01 5.75793922e-01 6.31120265e-01
    6.48042560e-01 5.53719282e-01 4.24661398e-01 3.83836567e-01
    4.19819206e-01 4.52324599e-01 4.51908827e-01 4.69589889e-01
    5.40347397e-01 5.67743957e-01 4.86187041e-01 4.10717696e-01
    4.09220248e-01 4.05525923e-01 3.72830898e-01 3.77467573e-01
    4.67391282e-01 5.67414761e-01 5.78135908e-01 5.39217651e-01
    5.31806886e-01 5.59614003e-01 5.68884134e-01 5.45481682e-01
    5.44422805e-01 5.75552523e-01 5.92220962e-01 5.62542677e-01
    4.99078691e-01 4.67775941e-01 4.94372368e-01 5.29081285e-01
    5.48355877e-01 5.27301967e-01 4.55149233e-01 4.22649562e-01
    4.80353057e-01 5.62223017e-01 6.10176206e-01 6.19317353e-01
    5.87457359e-01 5.07179439e-01 4.08179641e-01 3.50378007e-01
    3.65581304e-01 4.20298219e-01 4.75958228e-01 5.13662994e-01
    5.11433244e-01 5.02957284e-01 5.31620741e-01 5.90876818e-01
    6.52664661e-01 6.76865160e-01 6.61564767e-01 6.23104215e-01
    5.27604640e-01 3.78403306e-01 2.94865400e-01 3.51505011e-01
    4.73213881e-01 5.73683858e-01 6.04232132e-01 5.63886583e-01
    5.40628493e-01 5.59551120e-01 5.64029396e-01 5.73272347e-01
    5.91134548e-01 5.70798695e-01 5.26075661e-01 4.78583097e-01
    4.64907199e-01 5.00191867e-01 4.93117630e-01 4.14362937e-01
    3.41866791e-01 3.31517816e-01 3.94372076e-01 4.85524207e-01
    5.46241343e-01 5.73853016e-01 5.79953790e-01 5.47902942e-01
    4.96669054e-01 4.76574719e-01 4.75520909e-01 4.75379735e-01
    5.08504510e-01 5.71896315e-01 5.98545134e-01 5.43081284e-01
    4.59106207e-01 4.15491998e-01 4.12364393e-01 4.24633235e-01
    4.19611990e-01 4.20733362e-01 4.92349893e-01 5.93413770e-01
    6.45165265e-01 6.47899985e-01 6.17145717e-01 5.59919417e-01
    5.28127432e-01 5.52082479e-01 5.37175417e-01 4.27548438e-01
    3.52373362e-01 3.97627831e-01 4.81516331e-01 5.15751600e-01
    4.84036028e-01 4.37577784e-01 4.45056766e-01 4.83624607e-01
    4.77142036e-01 4.39490259e-01 4.16486979e-01 3.84136140e-01
    3.57722104e-01 3.89872730e-01 4.24282461e-01 4.17320430e-01
    4.43846911e-01 5.03094673e-01 5.10820746e-01 4.63212490e-01
    4.11535025e-01 4.15303737e-01 4.99408305e-01 5.79615772e-01
    5.93723178e-01 5.80415845e-01 5.47334552e-01 5.07132351e-01
    5.38609266e-01 6.42514527e-01 6.91911042e-01 6.15580440e-01
    4.83599573e-01 3.92854512e-01 3.73736531e-01 3.86663079e-01
    3.99832785e-01 4.06762213e-01 3.98345113e-01 4.07285243e-01
    4.55439180e-01 4.79332328e-01 4.55607116e-01 4.58904684e-01
    5.05051970e-01 5.23017883e-01 4.53222603e-01 2.89372891e-01
    2.92150915e-01 4.89101917e-01 5.68417490e-01 5.13595223e-01
    4.47176427e-01 4.83628482e-01 5.69185317e-01 5.89941263e-01
    5.66403925e-01 5.69808602e-01 5.70854604e-01 5.32393873e-01
    4.67687696e-01 3.96248281e-01 3.90367985e-01 4.81267691e-01
    5.69608212e-01 5.69324434e-01 4.92350906e-01 4.00455326e-01
    3.59230816e-01 4.03932273e-01 4.67467964e-01 4.36063051e-01
    3.57694954e-01 3.59983921e-01 4.27725911e-01 4.83619243e-01
    5.10786831e-01 5.33438087e-01 5.77101469e-01 6.09358132e-01
    5.52742302e-01 4.18303013e-01 3.17005843e-01 3.26520741e-01
    4.18059617e-01 4.91766095e-01 4.97200996e-01 4.73112732e-01
    4.67782378e-01 4.80591625e-01 4.91680533e-01 5.23555458e-01
    5.77187359e-01 6.07068300e-01 5.86798668e-01 5.07811368e-01
    4.52352256e-01 4.94446576e-01 5.12984037e-01 4.33455408e-01
    3.84332031e-01 4.60829973e-01 6.00081027e-01 6.73758864e-01
    6.31083429e-01 5.51371098e-01 5.21758497e-01 5.30660510e-01
    5.44958889e-01 5.47527552e-01 4.91411746e-01 3.97056550e-01
    3.73823434e-01 4.24749434e-01 4.61493105e-01 4.86089915e-01
    5.19237876e-01 5.29716194e-01 5.08362949e-01 4.58435327e-01
    3.95174831e-01 3.54375422e-01 3.42165232e-01 3.52823555e-01
    3.96027535e-01 4.21297491e-01 3.75233859e-01 3.35932404e-01
    3.90523732e-01 5.10398924e-01 6.09053791e-01 6.25161827e-01
    5.88323772e-01 5.40794075e-01 4.89629745e-01 4.86322790e-01
    5.32256901e-01 5.68036199e-01 5.72911024e-01 5.15458941e-01
    4.30804610e-01 4.13841605e-01 4.44797218e-01 4.52136666e-01
    4.49024975e-01 4.89145964e-01 5.55116177e-01 6.02241874e-01
    6.04310036e-01 5.11134565e-01 3.70681554e-01 3.23215634e-01
    3.85887772e-01 4.62332100e-01 4.76043940e-01 4.63311225e-01
    5.13099790e-01 5.43608665e-01 4.59680587e-01 3.95497918e-01
    4.27318931e-01 4.39983457e-01 4.07191932e-01 4.26502824e-01
    5.28752148e-01 6.36525393e-01 6.73842311e-01 6.49756670e-01
    6.27160490e-01 6.36164069e-01 6.40199184e-01 6.31727755e-01
    6.44057035e-01 6.61395311e-01 6.66932225e-01 6.48122549e-01
    5.71726024e-01 4.89501983e-01 5.01686990e-01 5.84636033e-01
    6.19101346e-01 5.48297465e-01 4.46595550e-01 4.31302875e-01
    5.10717571e-01 5.94793499e-01 6.27812326e-01 6.22140408e-01
    5.70121169e-01 4.76342499e-01 4.16526914e-01 4.05350119e-01
    3.98229808e-01 4.12874162e-01 4.69827890e-01 5.06149054e-01
    4.81920302e-01 4.78047729e-01 5.45374513e-01 6.37992799e-01
    7.11469233e-01 7.32271850e-01 6.97203040e-01 6.34665370e-01
    5.36226213e-01 3.92947912e-01 2.88125575e-01 3.00865233e-01
    3.92410308e-01 4.96632487e-01 5.61505914e-01 5.68284750e-01
    5.74574471e-01 6.00941896e-01 6.07292950e-01 6.06538713e-01
    6.23699725e-01 6.25121593e-01 5.67469656e-01 4.61725652e-01
    4.00683999e-01 4.23181117e-01 4.31330442e-01 3.88824105e-01
    3.64757746e-01 3.99511427e-01 4.93140548e-01 5.95225573e-01
    6.16533279e-01 5.63439667e-01 5.31231880e-01 5.16474187e-01
    4.88363892e-01 4.95458931e-01 5.11851609e-01 5.04755735e-01
    5.21088302e-01 5.55917382e-01 5.83731294e-01 5.80126286e-01
    5.01259029e-01 3.93489242e-01 3.75690848e-01 4.48389918e-01
    4.85930115e-01 4.69598264e-01 5.00942469e-01 5.98553658e-01
    6.84127510e-01 6.95274174e-01 6.31918907e-01 5.35357177e-01
    4.77557212e-01 5.03870308e-01 5.17922342e-01 4.28669095e-01
    3.59525651e-01 4.18067336e-01 4.99424309e-01 5.02122402e-01
    4.50105548e-01 4.00526583e-01 3.87731999e-01 3.96955401e-01
    3.84768903e-01 3.55145037e-01 3.38563859e-01 3.24794471e-01
    3.18425298e-01 3.56905341e-01 4.07374620e-01 4.23064709e-01
    4.48091775e-01 4.72233325e-01 4.30482000e-01 3.81668746e-01
    3.96250010e-01 4.57861871e-01 5.34100056e-01 5.69823444e-01
    5.52256584e-01 5.35042584e-01 5.34872472e-01 5.39883971e-01
    5.64630389e-01 6.12258196e-01 6.22264922e-01 5.63666463e-01
    4.82787490e-01 4.06901479e-01 3.68439496e-01 3.94008398e-01
    4.40116733e-01 4.59053248e-01 4.37886685e-01 4.33414847e-01
    5.04021466e-01 5.45582354e-01 4.78046328e-01 4.24398333e-01
    4.63841468e-01 5.19477963e-01 4.91151184e-01 3.37003917e-01
    3.57106239e-01 5.37802875e-01 5.86613536e-01 5.29433370e-01
    4.60606635e-01 4.60433960e-01 4.78258878e-01 4.55615789e-01
    4.50021505e-01 4.70992863e-01 4.80472356e-01 5.10800660e-01
    5.27741253e-01 4.64615703e-01 4.20577854e-01 4.76464212e-01
    5.50444126e-01 5.66695094e-01 5.30446291e-01 4.74622428e-01
    4.18224066e-01 3.90287995e-01 3.98721516e-01 3.85795563e-01
    3.62983227e-01 3.96995902e-01 4.42480654e-01 4.43560630e-01
    4.43435699e-01 4.77645963e-01 5.40817261e-01 5.89022279e-01
    5.35669506e-01 4.00141299e-01 3.06842297e-01 3.08139890e-01
    3.62798065e-01 3.96841437e-01 3.90458018e-01 3.83486271e-01
    3.98419678e-01 4.34425652e-01 4.68319416e-01 5.04359603e-01
    5.48429310e-01 5.65805852e-01 5.64908445e-01 5.45319617e-01
    5.19420087e-01 5.30663669e-01 5.07569373e-01 4.12848145e-01
    3.48212391e-01 3.88329387e-01 5.00079513e-01 5.67313790e-01
    5.66630006e-01 5.78392088e-01 5.98668993e-01 6.02492929e-01
    6.06791258e-01 5.76395154e-01 4.77770627e-01 3.89215797e-01
    4.05050457e-01 4.77383345e-01 5.05109489e-01 4.88134921e-01
    4.65673745e-01 4.47446764e-01 4.36673313e-01 4.33260113e-01
    4.29488927e-01 4.16480571e-01 3.94260705e-01 3.81889880e-01
    4.06789094e-01 4.42600280e-01 4.40981328e-01 4.21891481e-01
    4.39184606e-01 5.23892343e-01 6.19874895e-01 6.29362524e-01
    5.77898860e-01 5.34055471e-01 5.10498643e-01 5.35748899e-01
    5.84547400e-01 6.06929421e-01 6.12735868e-01 5.72915792e-01
    4.99543071e-01 4.62893367e-01 4.48789090e-01 4.26053733e-01
    4.13685679e-01 4.47164983e-01 5.07323265e-01 5.48929870e-01
    5.64214110e-01 4.96076703e-01 3.48263830e-01 2.64666557e-01
    3.07543993e-01 4.04809773e-01 4.49521303e-01 4.39711481e-01
    4.82142121e-01 5.23257494e-01 4.51730579e-01 3.67682844e-01
    3.73348594e-01 4.10136700e-01 4.32693213e-01 4.80708182e-01
    5.63062310e-01 6.25643313e-01 6.38415217e-01 6.37106538e-01
    6.60412431e-01 6.86208427e-01 6.82776451e-01 6.72977567e-01
    6.84892535e-01 7.05919623e-01 7.11322248e-01 6.79986119e-01
    5.99255383e-01 5.08267879e-01 4.99927670e-01 5.81253886e-01
    6.17641687e-01 5.34983695e-01 4.42321002e-01 4.47916150e-01
    5.19928157e-01 5.73871017e-01 5.71573794e-01 5.40875316e-01
    4.89540994e-01 4.22869653e-01 4.13253814e-01 4.51955140e-01
    4.59201008e-01 4.59573805e-01 4.97374058e-01 5.21066487e-01
    4.99484718e-01 4.90385592e-01 5.28076351e-01 6.02400243e-01
    6.82897627e-01 6.96311951e-01 6.34062409e-01 5.73281348e-01
    5.21269143e-01 4.25325096e-01 3.19230020e-01 2.82960773e-01
    3.38744789e-01 4.66883540e-01 5.88662982e-01 6.27241433e-01
    6.03243768e-01 5.71179926e-01 5.50285161e-01 5.38377166e-01
    5.61790705e-01 6.12701297e-01 5.89408040e-01 4.72530931e-01
    3.94603461e-01 4.06320572e-01 4.16925699e-01 4.03935850e-01
    4.29618984e-01 5.09063125e-01 6.02832139e-01 6.48992777e-01
    5.97841620e-01 5.05799711e-01 4.90305692e-01 5.25534093e-01
    5.24963081e-01 5.17020643e-01 5.25936723e-01 5.46319067e-01
    5.82766533e-01 5.96007884e-01 5.93846381e-01 5.98864436e-01
    5.30883789e-01 4.02354419e-01 3.78333777e-01 4.77197796e-01
    5.54013133e-01 5.45484900e-01 5.07954895e-01 5.37855864e-01
    6.34782672e-01 6.69936001e-01 5.90519428e-01 4.80571717e-01
    4.39374298e-01 4.96111304e-01 5.58368683e-01 5.18216252e-01
    4.39547479e-01 4.46673304e-01 5.02098024e-01 5.12021482e-01
    4.91681278e-01 4.85524923e-01 4.85048413e-01 4.66734111e-01
    4.27540034e-01 3.95721436e-01 3.85498285e-01 3.71655285e-01
    3.62792164e-01 3.89017969e-01 4.34242219e-01 4.71036077e-01
    4.94463086e-01 4.80820179e-01 4.20489281e-01 3.77480060e-01
    3.93890768e-01 4.59261119e-01 5.38059533e-01 5.51851034e-01
    5.06063104e-01 5.04067659e-01 5.62955558e-01 6.04001582e-01
    6.01720214e-01 5.95838547e-01 5.74103057e-01 5.23027599e-01
    4.82681870e-01 4.55282778e-01 4.57941085e-01 5.05432606e-01
    5.25393784e-01 4.88719106e-01 4.29809839e-01 4.01341081e-01
    4.44898456e-01 4.71678227e-01 4.23448741e-01 4.08457309e-01
    4.67763066e-01 5.19868076e-01 4.90538567e-01 3.44818801e-01
    3.96042109e-01 5.09219050e-01 5.19909561e-01 4.96718675e-01
    4.56460297e-01 4.31547135e-01 4.10179317e-01 3.90993208e-01
    4.21607554e-01 4.64766502e-01 4.97103423e-01 5.67818344e-01
    6.19167507e-01 5.90378761e-01 5.62648237e-01 5.69501936e-01
    5.65507352e-01 5.39145589e-01 4.95362312e-01 4.56038535e-01
    4.34882313e-01 4.20855194e-01 4.15963799e-01 4.19381380e-01
    4.29928005e-01 4.52448010e-01 4.59527522e-01 4.38543677e-01
    4.35471028e-01 4.62290555e-01 5.01426756e-01 5.40494025e-01
    5.09199202e-01 4.04192597e-01 3.34502727e-01 3.36141139e-01
    3.54312211e-01 3.42485547e-01 3.28191161e-01 3.59042645e-01
    4.20002699e-01 4.79009926e-01 5.02007425e-01 4.87092137e-01
    4.67692703e-01 4.64373022e-01 5.04732370e-01 5.53860605e-01
    5.64005911e-01 5.51921666e-01 4.86673564e-01 3.78722548e-01
    3.22767943e-01 3.58055592e-01 4.42948401e-01 4.89062250e-01
    5.14568985e-01 5.79044223e-01 6.19900167e-01 6.36940658e-01
    6.59256697e-01 5.96622765e-01 4.48406965e-01 3.61921668e-01
    3.96496266e-01 4.67589974e-01 4.87723261e-01 4.43647802e-01
    3.90064478e-01 3.69529456e-01 3.74521106e-01 4.17439729e-01
    4.72125977e-01 4.61387217e-01 4.01827931e-01 3.63843918e-01
    3.83677810e-01 4.49924886e-01 5.07062435e-01 5.29854774e-01
    5.42266846e-01 5.89976311e-01 6.63139582e-01 6.75988793e-01
    6.19557500e-01 5.55196762e-01 5.28654575e-01 5.70072472e-01
    6.22824311e-01 6.36583447e-01 6.39851213e-01 6.11103714e-01
    5.61971068e-01 5.44777632e-01 5.28621197e-01 4.95586425e-01
    4.56193745e-01 4.21464056e-01 4.26482558e-01 4.84664559e-01
    5.54004967e-01 5.31176388e-01 3.99500489e-01 2.94666827e-01
    3.12409014e-01 4.04682457e-01 4.47874457e-01 4.28710520e-01
    4.41674024e-01 4.61475044e-01 4.22686398e-01 3.67291898e-01
    3.47403020e-01 3.70967776e-01 4.18096364e-01 4.70068723e-01
    5.23574948e-01 5.57615757e-01 5.54672658e-01 5.58704138e-01
    5.99091589e-01 6.21959209e-01 6.13333106e-01 6.19625390e-01
    6.51430488e-01 6.88508749e-01 6.88752592e-01 6.40619338e-01
    5.80615044e-01 5.24864554e-01 5.08920789e-01 5.52787483e-01
    5.66878557e-01 4.99169141e-01 4.47971493e-01 4.64539170e-01
    4.90364283e-01 5.01729310e-01 4.88753587e-01 4.60215867e-01
    4.49351251e-01 4.42830145e-01 4.46436018e-01 4.79981571e-01
    5.07862031e-01 5.18864334e-01 5.38456261e-01 5.51518202e-01
    5.51663995e-01 5.52481472e-01 5.29248476e-01 5.17362416e-01
    5.77423632e-01 6.24944866e-01 5.87940216e-01 5.35877943e-01
    4.98277664e-01 4.35236186e-01 3.64777237e-01 3.24367464e-01
    3.49387735e-01 4.77178156e-01 6.21843994e-01 6.52313113e-01
    5.64553142e-01 4.56094474e-01 4.14835721e-01 4.28402245e-01
    4.68156695e-01 5.39372504e-01 5.78284085e-01 5.38520932e-01
    4.95826513e-01 4.88373965e-01 4.61884528e-01 4.23400074e-01
    4.30263072e-01 4.92762327e-01 5.73373795e-01 5.99060774e-01
    5.36311090e-01 4.74165022e-01 4.98973727e-01 5.58034599e-01
    5.81401169e-01 5.78892112e-01 5.78951359e-01 6.04226291e-01
    6.46898210e-01 6.56172395e-01 6.35805070e-01 6.28455579e-01
    5.72705328e-01 4.49073881e-01 4.05886769e-01 4.89956349e-01
    5.93588412e-01 6.25780106e-01 5.57586968e-01 5.01536548e-01
    5.54831326e-01 6.02068245e-01 5.50569534e-01 4.80543375e-01
    4.67428952e-01 5.10600567e-01 5.73292434e-01 5.79123795e-01
    5.14586985e-01 4.73180145e-01 4.88372684e-01 5.09080112e-01
    5.19113421e-01 5.30577421e-01 5.50067902e-01 5.66755652e-01
    5.56249321e-01 5.40218472e-01 5.24564445e-01 4.71413404e-01
    4.18605059e-01 4.07468557e-01 4.28148121e-01 4.84658301e-01
    5.41762114e-01 5.50141692e-01 5.11658490e-01 4.46873158e-01
    3.99304748e-01 4.42168385e-01 5.45141101e-01 5.62619150e-01
    4.99684155e-01 5.10030031e-01 5.97198367e-01 6.27968729e-01
    5.90120375e-01 5.76423824e-01 5.79547346e-01 5.52680731e-01
    5.26113570e-01 5.26960552e-01 5.62151551e-01 5.90911329e-01
    5.37088394e-01 4.42267001e-01 3.89273912e-01 3.85304809e-01
    3.98920804e-01 3.80014330e-01 3.68507504e-01 4.37902242e-01
    5.15836775e-01 5.15316784e-01 4.43899393e-01 3.06062251e-01
    3.84358883e-01 4.69724149e-01 4.80510116e-01 4.91098523e-01
    4.77180272e-01 4.50021029e-01 4.36573565e-01 4.48310703e-01
    4.96167809e-01 5.44682145e-01 5.76836884e-01 6.19665563e-01
    6.51558757e-01 6.60990059e-01 6.75156474e-01 6.58913970e-01
    5.97995341e-01 5.27255833e-01 4.43859875e-01 3.83678049e-01
    3.95842165e-01 4.36923981e-01 4.63646680e-01 4.88922834e-01
    5.01219392e-01 4.90466863e-01 4.80579197e-01 4.67033446e-01
    4.51220453e-01 4.54113960e-01 4.75237787e-01 4.99549568e-01
    4.82871741e-01 4.19049203e-01 3.71192992e-01 3.77891332e-01
    4.07917827e-01 3.97507370e-01 3.65834981e-01 3.84425551e-01
    4.29113537e-01 4.51533645e-01 4.54859763e-01 4.20772851e-01
    3.58726501e-01 3.65057766e-01 4.65181500e-01 5.40291190e-01
    5.36616862e-01 5.04310131e-01 4.32850152e-01 3.38431835e-01
    3.08121532e-01 3.60189229e-01 4.39334631e-01 4.90299493e-01
    5.37856281e-01 5.91370642e-01 5.97261369e-01 5.98910093e-01
    6.09386206e-01 5.39486885e-01 4.33388174e-01 4.10932511e-01
    4.55724567e-01 4.91239011e-01 4.81773823e-01 4.19769496e-01
    3.61786485e-01 3.53359103e-01 3.73769104e-01 4.36814368e-01
    5.04058599e-01 4.93042201e-01 4.48477149e-01 4.21663433e-01
    4.17976201e-01 4.54869628e-01 5.01354277e-01 5.41182101e-01
    5.79238892e-01 6.04121923e-01 6.42534673e-01 6.82694793e-01
    6.49084687e-01 5.47154129e-01 4.89930123e-01 5.26968122e-01
    5.80085158e-01 6.11810923e-01 6.30445421e-01 6.07229650e-01
    5.94658196e-01 6.37227714e-01 6.44708157e-01 5.92619061e-01
    5.22661626e-01 4.26790923e-01 3.62803191e-01 4.15141881e-01
    5.18619895e-01 5.35245240e-01 4.51793492e-01 3.79215449e-01
    4.12350148e-01 4.97897506e-01 4.96531695e-01 4.21813935e-01
    3.79765451e-01 3.79351377e-01 4.05296832e-01 4.33433592e-01
    4.19137836e-01 3.91175836e-01 3.92963827e-01 4.08259690e-01
    4.29291487e-01 4.67050731e-01 4.98692900e-01 5.12847722e-01
    5.28581202e-01 5.32270432e-01 5.20891786e-01 5.26668429e-01
    5.55871487e-01 5.87187290e-01 5.84102094e-01 5.55525780e-01
    5.47665656e-01 5.45032263e-01 5.37248492e-01 5.45552850e-01
    5.30838013e-01 4.76567000e-01 4.66508776e-01 5.02525091e-01
    4.96840179e-01 4.71968442e-01 4.54683155e-01 4.28994447e-01
    4.50494528e-01 5.03418207e-01 5.05593181e-01 4.92849439e-01
    5.08176386e-01 5.23234129e-01 5.43168366e-01 5.65513194e-01
    5.76073289e-01 5.86006522e-01 5.54133832e-01 4.92239535e-01
    5.10507762e-01 5.79388857e-01 5.78856289e-01 5.23953080e-01
    4.70907211e-01 4.26759124e-01 4.13943976e-01 4.06956017e-01
    3.89412642e-01 4.54037994e-01 5.85733056e-01 6.27308547e-01
    5.21673441e-01 3.75322312e-01 3.27951759e-01 3.78199100e-01
    4.21410620e-01 4.55220252e-01 5.33529282e-01 6.03937566e-01
    6.04281604e-01 5.54479718e-01 4.86770481e-01 4.25571948e-01
    3.90862346e-01 4.08249319e-01 4.83218849e-01 5.36130607e-01
    5.10338068e-01 4.80140567e-01 4.99484211e-01 5.33670187e-01
    5.73355377e-01 6.21116996e-01 6.51239872e-01 6.56509459e-01
    6.58210874e-01 6.52237117e-01 6.29937947e-01 6.24920964e-01
    6.05172336e-01 5.28222203e-01 4.86019880e-01 5.28724074e-01
    6.00004315e-01 6.35693550e-01 5.82594097e-01 5.15998542e-01
    5.36010325e-01 5.65862060e-01 5.37533283e-01 5.15408933e-01
    5.11615992e-01 4.95971620e-01 5.10993123e-01 5.37829697e-01
    5.09428620e-01 4.63070422e-01 4.48021352e-01 4.52754259e-01
    4.50739175e-01 4.35936362e-01 4.61467654e-01 5.45149922e-01
    6.12714767e-01 6.33499920e-01 5.99006593e-01 4.94345427e-01
    4.02610242e-01 3.75394434e-01 3.85690778e-01 4.44285154e-01
    5.34497678e-01 5.97748458e-01 5.88229656e-01 5.01719475e-01
    4.29356188e-01 4.75576878e-01 5.73024511e-01 5.68166256e-01
    5.09070992e-01 5.42531788e-01 6.14622593e-01 5.95468879e-01
    5.33381462e-01 5.36819994e-01 5.68911850e-01 5.63745558e-01
    5.49786091e-01 5.57353079e-01 5.81689537e-01 5.69681585e-01
    4.77189958e-01 3.88103813e-01 3.84716392e-01 4.39900160e-01
    4.70883608e-01 4.20232147e-01 3.87770832e-01 4.60842162e-01
    5.14090836e-01 4.60281819e-01 3.67168814e-01 2.56329089e-01
    3.40301931e-01 4.65444297e-01 5.02077997e-01 5.05908191e-01
    5.11146903e-01 5.29082656e-01 5.47718287e-01 5.54039180e-01
    5.64725697e-01 5.89182436e-01 6.06966734e-01 6.13615453e-01
    6.28445148e-01 6.59948051e-01 6.82396352e-01 6.57942653e-01
    6.13419473e-01 5.67977011e-01 4.85659659e-01 4.15454209e-01
    4.17415917e-01 4.46374744e-01 4.80519682e-01 5.23451805e-01
    5.22840619e-01 4.88006324e-01 4.85402048e-01 4.81112033e-01
    4.39145863e-01 4.28455561e-01 4.78855819e-01 5.15367746e-01
    4.91566569e-01 4.49081063e-01 4.16988105e-01 4.14659709e-01
    4.63057369e-01 4.93442148e-01 4.46960628e-01 3.84237885e-01
    3.54755402e-01 3.57108802e-01 3.95044297e-01 3.91251683e-01
    3.05002093e-01 2.89092213e-01 3.98910791e-01 4.78673518e-01
    4.76838946e-01 4.55731243e-01 4.02008444e-01 3.34174722e-01
    3.32602412e-01 3.90674710e-01 4.53605294e-01 5.16663909e-01
    5.85848033e-01 6.09120846e-01 5.71026504e-01 5.36643267e-01
    4.99775141e-01 4.41018105e-01 4.41885263e-01 5.14216661e-01
    5.55318654e-01 5.37204504e-01 4.94950116e-01 4.35094833e-01
    3.96631837e-01 4.01970804e-01 4.22571301e-01 4.68545586e-01
    5.15421271e-01 5.27261078e-01 5.40909111e-01 5.28929472e-01
    4.68924969e-01 4.38229948e-01 4.59574163e-01 5.02463579e-01
    5.26467323e-01 5.07366180e-01 5.21853983e-01 5.99823654e-01
    6.08164787e-01 5.08593500e-01 4.48938787e-01 4.78491634e-01
    5.19599736e-01 5.52567124e-01 5.67318678e-01 5.58670640e-01
    6.12392902e-01 7.26510763e-01 7.55674720e-01 6.83899939e-01
    5.88831484e-01 4.60937738e-01 3.57173175e-01 3.82770211e-01
    4.69662338e-01 4.94857758e-01 4.61093247e-01 4.48599607e-01
    5.13416588e-01 5.82778871e-01 5.45380056e-01 4.47328091e-01
    3.85814548e-01 3.87666941e-01 4.54573065e-01 5.16490996e-01
    4.86875772e-01 4.08887327e-01 3.67231190e-01 3.51890147e-01
    3.39960337e-01 3.72078478e-01 4.45624441e-01 4.97264355e-01
    5.21434844e-01 5.35818577e-01 5.23072720e-01 5.02387464e-01
    5.04345715e-01 4.99342114e-01 4.61361021e-01 4.48126763e-01
    5.09966433e-01 5.78489065e-01 5.88291943e-01 5.62408745e-01
    5.17229795e-01 4.70959634e-01 4.86781120e-01 5.46976686e-01
    5.45702636e-01 4.90298927e-01 4.53553051e-01 4.38065261e-01
    4.64717209e-01 5.21740437e-01 5.18299222e-01 4.74651366e-01
    4.67803627e-01 4.86229718e-01 5.27415037e-01 5.81733048e-01
    6.01750195e-01 5.96667588e-01 5.74703336e-01 5.31126976e-01
    5.30738056e-01 5.78101099e-01 5.71938574e-01 5.05980670e-01
    4.51390117e-01 4.25452113e-01 4.45743293e-01 4.73990470e-01
    4.46538121e-01 4.61220384e-01 5.75809598e-01 6.42598093e-01
    5.60641229e-01 4.15960640e-01 3.59713346e-01 4.08347875e-01
    4.22974914e-01 3.99559051e-01 4.82055873e-01 6.19052351e-01
    6.38709128e-01 5.42747617e-01 4.49883372e-01 4.15158212e-01
    4.09559876e-01 4.33145821e-01 5.05357742e-01 5.58964431e-01
    5.42138159e-01 5.03056884e-01 4.78868365e-01 4.80220526e-01
    5.24432600e-01 5.99427044e-01 6.54470623e-01 6.41725659e-01
    5.91237307e-01 5.55596828e-01 5.38251638e-01 5.49539030e-01
    5.66729784e-01 5.56032479e-01 5.53435743e-01 5.63773215e-01
    5.71357906e-01 5.85102797e-01 5.85896552e-01 5.91549337e-01
    6.18446946e-01 6.06979012e-01 5.49035847e-01 5.15523434e-01
    4.99257326e-01 4.52739120e-01 4.34833586e-01 4.72423196e-01
    4.86980289e-01 4.64243531e-01 4.46405679e-01 4.36647505e-01
    4.14646506e-01 3.87061596e-01 4.14967060e-01 5.18243670e-01
    6.14697039e-01 6.37693882e-01 5.71038723e-01 4.42737877e-01
    3.50403786e-01 3.33686858e-01 3.55732828e-01 4.14647847e-01
    5.11099458e-01 5.90494275e-01 5.77450216e-01 4.95296180e-01
    4.69836295e-01 5.39912581e-01 5.97796798e-01 5.74383616e-01
    5.54719448e-01 5.95956743e-01 6.09475374e-01 5.47862768e-01
    4.87186551e-01 4.75949407e-01 4.80169833e-01 4.87257421e-01
    5.00918567e-01 4.91997331e-01 4.68491703e-01 4.34955478e-01
    3.83546978e-01 3.73776942e-01 4.24981505e-01 4.99869496e-01
    5.49677253e-01 5.07973254e-01 4.41093475e-01 4.48773921e-01
    4.46907550e-01 3.75406504e-01 3.07953924e-01 2.36792535e-01
    3.00001681e-01 4.41240489e-01 4.70102280e-01 4.49495435e-01
    4.90726888e-01 5.82840562e-01 6.29326940e-01 6.12479448e-01
    5.84564030e-01 5.68675280e-01 5.55100918e-01 5.49928606e-01
    5.71786106e-01 6.05059564e-01 6.12102211e-01 5.97064674e-01
    6.05532467e-01 6.16626382e-01 5.75581968e-01 5.34905255e-01
    5.25206685e-01 5.02018213e-01 5.12640476e-01 5.55790842e-01
    5.14657855e-01 4.39014047e-01 4.55836535e-01 4.93104100e-01
    4.61095124e-01 4.47572023e-01 5.22305071e-01 5.82132697e-01
    5.53143024e-01 5.09583056e-01 4.84863818e-01 4.73192453e-01
    5.26056767e-01 5.97695768e-01 5.42854965e-01 3.84282887e-01
    2.99998581e-01 3.43913853e-01 4.26252037e-01 4.36554849e-01
    3.47039670e-01 2.89323181e-01 3.43100429e-01 4.07943726e-01
    4.29482251e-01 4.30959463e-01 3.94758791e-01 3.51997316e-01
    3.71083558e-01 4.26725030e-01 4.74348754e-01 5.40463328e-01
    6.08053744e-01 5.94308555e-01 5.15937090e-01 4.47678626e-01
    3.95216852e-01 3.84824872e-01 4.65487361e-01 5.69154680e-01
    5.84846735e-01 5.26410639e-01 4.66618031e-01 4.33936626e-01
    4.33552593e-01 4.38744694e-01 4.28587228e-01 4.31239575e-01
    4.48437214e-01 4.76113647e-01 5.23373306e-01 5.25248766e-01
    4.60835189e-01 4.28469568e-01 4.69897896e-01 5.12826085e-01
    4.78144497e-01 4.07053709e-01 4.27715480e-01 5.40439963e-01
    5.90116382e-01 5.21113873e-01 4.60205853e-01 4.75533038e-01
    5.00040054e-01 4.89158452e-01 4.69034404e-01 5.05962074e-01
    6.43947124e-01 7.94077933e-01 8.21890235e-01 7.39385068e-01
    6.13359094e-01 4.66556042e-01 3.82738322e-01 4.08361673e-01
    4.49763656e-01 4.53762650e-01 4.66887236e-01 5.18296063e-01
    5.71709812e-01 5.70607841e-01 5.19768715e-01 4.68521148e-01
    4.37012047e-01 4.48296279e-01 5.12924075e-01 5.47666371e-01
    4.89480793e-01 4.10034686e-01 3.77853453e-01 3.60196769e-01
    3.43957633e-01 3.78812075e-01 4.56665009e-01 5.18250704e-01
    5.61284721e-01 5.89761615e-01 5.71605027e-01 5.40832043e-01
    5.41848540e-01 5.14218628e-01 4.31851476e-01 4.11938995e-01
    5.19059718e-01 6.29895329e-01 6.33751929e-01 5.64998746e-01
    5.00356376e-01 4.87230271e-01 5.28825939e-01 5.82911015e-01
    5.71338117e-01 4.81862664e-01 4.25057322e-01 4.49800193e-01
    4.99852151e-01 5.38865566e-01 5.33395708e-01 4.88799423e-01
    4.71193761e-01 5.00892103e-01 5.58935642e-01 6.22437954e-01
    6.53060853e-01 6.35046244e-01 5.87608933e-01 5.49363494e-01
    5.65385878e-01 6.09891772e-01 5.93793213e-01 5.25766730e-01
    4.75141406e-01 4.44616944e-01 4.61211681e-01 5.22567689e-01
    5.42541683e-01 5.58866143e-01 6.35836363e-01 6.76309526e-01
    6.07568443e-01 4.93577719e-01 4.36388820e-01 4.43237573e-01
    4.08741504e-01 3.52565080e-01 4.17056561e-01 5.55913031e-01
    5.99331498e-01 5.20578265e-01 4.30184305e-01 4.20181602e-01
    4.65265095e-01 5.17822862e-01 5.78935862e-01 6.10620737e-01
    5.88510811e-01 5.41384399e-01 4.86345977e-01 4.67786431e-01
    5.07398665e-01 5.58189869e-01 5.87704003e-01 5.74159741e-01
    5.19547045e-01 4.72565770e-01 4.64643955e-01 4.88952279e-01
    5.08810878e-01 5.17437339e-01 5.41871548e-01 5.54419637e-01
    5.49233437e-01 5.74362397e-01 6.28119826e-01 6.77549422e-01
    6.94083273e-01 6.52529240e-01 5.64859509e-01 4.92311507e-01
    4.65238124e-01 4.44729716e-01 4.36652869e-01 4.75328863e-01
    5.06773829e-01 4.93058562e-01 4.91497993e-01 5.16803920e-01
    5.17616808e-01 4.89732385e-01 4.89926487e-01 5.48926651e-01
    6.02937222e-01 5.76799154e-01 4.86310422e-01 3.97545785e-01
    3.49302888e-01 3.36885780e-01 3.54734331e-01 4.10874069e-01
    4.98403460e-01 5.62913179e-01 5.43047488e-01 4.93279785e-01
    5.19555807e-01 5.87248683e-01 5.97704113e-01 5.76111674e-01
    5.95919251e-01 6.14530504e-01 5.67525446e-01 5.03279090e-01
    4.58405077e-01 4.04565841e-01 3.74106765e-01 4.17850167e-01
    4.62036073e-01 4.15706515e-01 3.36043268e-01 3.00401002e-01
    3.20720673e-01 3.94284695e-01 4.69904333e-01 5.13431847e-01
    5.32928407e-01 5.04794121e-01 4.57355350e-01 4.44562465e-01
    4.18814868e-01 3.65023375e-01 3.39497179e-01 2.83583909e-01
    3.21045637e-01 4.30695027e-01 4.26225036e-01 4.08087313e-01
    4.72610861e-01 5.66860557e-01 5.90560615e-01 5.70047915e-01
    5.62303424e-01 5.45235217e-01 5.07304549e-01 4.80002552e-01
    4.77916867e-01 4.86910522e-01 5.00097871e-01 5.29357731e-01
    5.81144214e-01 6.18755996e-01 6.06151938e-01 5.98420620e-01
    6.09018564e-01 5.69563448e-01 5.41529715e-01 5.55277824e-01
    4.90282655e-01 4.07063454e-01 4.51004803e-01 5.24759889e-01
    5.03637493e-01 4.77638692e-01 5.46949148e-01 6.24109328e-01
    6.13782287e-01 5.63044786e-01 5.23084044e-01 5.13136983e-01
    5.76423168e-01 6.62710786e-01 6.06036007e-01 4.14142430e-01
    3.22850674e-01 3.92807156e-01 4.65474427e-01 4.75277781e-01
    4.42698747e-01 4.02523935e-01 3.99191827e-01 4.14001614e-01
    4.15876329e-01 4.06332552e-01 3.86388749e-01 3.78134459e-01
    4.06289309e-01 4.55066860e-01 5.06628275e-01 5.66871226e-01
    6.03889585e-01 5.63992798e-01 4.66914058e-01 3.81593764e-01
    3.54427785e-01 3.90322089e-01 4.60459024e-01 5.25399387e-01
    5.44903755e-01 5.06768584e-01 4.58735466e-01 4.58402693e-01
    4.84919935e-01 4.72496241e-01 4.24483597e-01 3.83083344e-01
    3.58025551e-01 3.66955400e-01 4.13553298e-01 4.49261159e-01
    4.62019861e-01 4.89972979e-01 5.42448819e-01 5.67382157e-01
    5.06933987e-01 4.31829751e-01 4.60681289e-01 5.67223549e-01
    6.24812305e-01 5.56899846e-01 4.44536507e-01 4.17762101e-01
    4.38045472e-01 4.12140965e-01 3.97311926e-01 4.94298309e-01
    6.76870584e-01 8.11727166e-01 8.18687737e-01 7.33235955e-01
    5.94543695e-01 4.58737403e-01 4.22092080e-01 4.52619135e-01
    4.38025653e-01 4.06420171e-01 4.58641529e-01 5.56893110e-01
    5.67904949e-01 4.94788885e-01 4.45727527e-01 4.27288741e-01
    4.05887723e-01 4.22910452e-01 4.86363590e-01 5.13349771e-01
    4.75601703e-01 4.44867104e-01 4.41603214e-01 4.32254285e-01
    4.41101819e-01 4.86973494e-01 5.32937288e-01 5.64773083e-01
    5.95407665e-01 6.07217550e-01 5.86901009e-01 5.79847634e-01
    6.01317644e-01 5.74470401e-01 4.90120143e-01 4.85616803e-01
    6.02668643e-01 6.84378088e-01 6.34554207e-01 5.21078348e-01
    4.59817916e-01 5.01871884e-01 5.71792781e-01 5.96637726e-01
    5.54218471e-01 4.46984708e-01 3.81576329e-01 4.27228212e-01
    5.06888568e-01 5.57965100e-01 5.71991742e-01 5.46853364e-01
    5.20439208e-01 5.38612247e-01 5.82127154e-01 6.11905158e-01
    6.32196665e-01 6.30314946e-01 5.76584399e-01 5.24030566e-01
    5.48549235e-01 6.08535767e-01 6.10670090e-01 5.61590374e-01
    5.05994260e-01 4.53123242e-01 4.61695790e-01 5.51855087e-01
    6.22319698e-01 6.38952017e-01 6.53241217e-01 6.52688503e-01
    6.03572965e-01 5.32557964e-01 4.90210384e-01 4.61265981e-01
    3.89978647e-01 3.29371959e-01 3.68931741e-01 4.60901201e-01
    5.16375601e-01 5.13655365e-01 4.73126382e-01 4.54682022e-01
    4.82858539e-01 5.25318205e-01 5.69284737e-01 5.90819180e-01
    5.81861556e-01 5.57920933e-01 5.12047946e-01 4.94145781e-01
    5.27733505e-01 5.35962939e-01 5.16066730e-01 5.13758481e-01
    5.01714349e-01 4.70149577e-01 4.63399649e-01 4.93304610e-01
    5.08889735e-01 4.95151907e-01 4.99682307e-01 5.28907061e-01
    5.73727190e-01 6.40732706e-01 6.99898064e-01 7.05404460e-01
    6.58599496e-01 5.97252667e-01 5.31820595e-01 4.83121872e-01
    4.87200767e-01 5.16439736e-01 5.33061326e-01 5.37469447e-01
    5.11725307e-01 4.68191743e-01 4.93623853e-01 5.94832778e-01
    6.57485306e-01 6.15716279e-01 5.37320018e-01 5.23120463e-01
    5.37610412e-01 4.83533144e-01 4.01690215e-01 3.78305793e-01
    3.88863593e-01 3.91598403e-01 4.04561400e-01 4.42409039e-01
    4.98542130e-01 5.38852930e-01 5.32226920e-01 5.23036242e-01
    5.61247289e-01 5.95045805e-01 5.62914073e-01 5.26078165e-01
    5.56812525e-01 5.79140007e-01 5.21660745e-01 4.63160932e-01
    4.32098478e-01 3.76847774e-01 3.62565041e-01 4.44941163e-01
    5.04543781e-01 4.46766615e-01 3.45284224e-01 3.04541171e-01
    3.51400763e-01 4.33301389e-01 4.85319853e-01 5.00081897e-01
    4.96253490e-01 4.86752570e-01 4.94509608e-01 5.16369641e-01
    5.00656247e-01 4.59143937e-01 4.41811442e-01 3.66043746e-01
    4.07501489e-01 5.13204157e-01 5.02609193e-01 4.97022092e-01
    5.27767539e-01 5.40430546e-01 5.20296276e-01 5.18715024e-01
    5.56475222e-01 5.80312252e-01 5.55381954e-01 5.05001545e-01
    4.48106617e-01 3.98161113e-01 4.01605636e-01 4.74514037e-01
    5.67899704e-01 6.22637868e-01 6.07660472e-01 5.81391990e-01
    5.89251399e-01 5.57190001e-01 4.99137312e-01 4.81600463e-01
    4.53547359e-01 4.35577065e-01 4.99259263e-01 5.59220970e-01
    5.27913392e-01 4.85343814e-01 5.19527376e-01 5.90994716e-01
    6.27840638e-01 6.01392210e-01 5.40115714e-01 5.25404513e-01
    5.88404775e-01 6.48849726e-01 5.91692686e-01 4.35742289e-01
    3.54511291e-01 3.96603763e-01 4.53872442e-01 5.03555179e-01
    5.55457890e-01 5.67260802e-01 5.26924372e-01 4.58110929e-01
    3.95234853e-01 3.73528987e-01 4.04091477e-01 4.46279317e-01
    4.56632346e-01 4.71827775e-01 5.26684523e-01 5.69712579e-01
    5.66139579e-01 5.30324161e-01 4.57236826e-01 3.80924731e-01
    3.71112376e-01 3.99416447e-01 4.09296155e-01 4.37178403e-01
    4.90306914e-01 5.09264827e-01 5.05978823e-01 5.32999635e-01
    5.58300972e-01 5.24852574e-01 4.63944674e-01 4.14089888e-01
    3.66369873e-01 3.43208700e-01 3.69421244e-01 4.35822159e-01
    5.21110356e-01 5.80581188e-01 6.06298089e-01 6.22657835e-01
    6.06135488e-01 5.70567966e-01 5.74092746e-01 6.23877704e-01
    6.61237657e-01 5.76189101e-01 4.05203849e-01 3.35842639e-01
    3.66960824e-01 3.81176203e-01 4.12751943e-01 5.27187169e-01
    6.82142556e-01 7.74645388e-01 7.56076753e-01 6.72310948e-01
    5.66035092e-01 4.89411682e-01 4.92415637e-01 4.95921254e-01
    4.19673920e-01 3.61880422e-01 4.32628423e-01 5.31660855e-01
    5.16047478e-01 4.52560902e-01 4.30903018e-01 3.95219803e-01
    3.51159483e-01 3.82268697e-01 4.61505979e-01 5.07833064e-01
    5.18407702e-01 5.22999883e-01 5.11867285e-01 4.94128585e-01
    5.06348968e-01 5.31470358e-01 5.47932684e-01 5.69127440e-01
    5.85242569e-01 5.75655758e-01 5.66473663e-01 5.99202156e-01
    6.40434384e-01 6.14945352e-01 5.43266177e-01 5.50765872e-01
    6.47803724e-01 6.74973965e-01 5.77109575e-01 4.54170734e-01
    4.14730996e-01 4.86365259e-01 5.70076644e-01 5.94145775e-01
    5.61414480e-01 4.77828860e-01 4.08322126e-01 4.14674848e-01
    4.68490869e-01 5.13214707e-01 5.32330275e-01 5.21881402e-01
    4.81007785e-01 4.58519816e-01 4.76549447e-01 4.95479822e-01
    5.18333495e-01 5.52061200e-01 5.54541767e-01 5.32953978e-01
    5.37933707e-01 5.59690595e-01 5.51878512e-01 5.11482716e-01
    4.57481712e-01 4.19465393e-01 4.50812608e-01 5.47435224e-01
    6.22468650e-01 6.20514750e-01 5.93470037e-01 5.91328382e-01
    5.70252299e-01 5.24305284e-01 5.10110915e-01 4.95986760e-01
    4.28663254e-01 3.71292412e-01 3.85261804e-01 4.27193999e-01
    4.69178200e-01 5.14775693e-01 5.17857313e-01 4.90173012e-01
    5.01034319e-01 5.34779429e-01 5.46116650e-01 5.33342302e-01
    5.22778392e-01 5.19490361e-01 4.99507189e-01 5.00741959e-01
    5.40477455e-01 5.34722328e-01 4.87013251e-01 4.86459464e-01
    5.13481081e-01 4.99797791e-01 4.78973448e-01 5.16717136e-01
    5.58348298e-01 5.36590219e-01 5.02921343e-01 5.22184014e-01
    6.02878988e-01 6.95165932e-01 7.29417443e-01 6.72874153e-01
    5.61572909e-01 4.89445716e-01 4.81986940e-01 5.01697183e-01
    5.47010660e-01 6.01558268e-01 6.17997587e-01 5.69868565e-01
    4.77755368e-01 4.23707336e-01 4.86346513e-01 6.33295357e-01
    7.30123460e-01 6.73189282e-01 5.23056746e-01 4.42815721e-01
    4.50717300e-01 4.27599728e-01 3.70184153e-01 3.63054395e-01
    3.94987732e-01 4.19861376e-01 4.39978063e-01 4.63071883e-01
    4.91862208e-01 5.17870307e-01 5.28153777e-01 5.32050073e-01
    5.46207011e-01 5.52140534e-01 5.11003733e-01 4.69551027e-01
    5.11333287e-01 5.62259972e-01 5.19635975e-01 4.64714766e-01
    4.49730486e-01 4.16081339e-01 4.13286716e-01 4.94130850e-01
    5.64716995e-01 5.43898165e-01 4.56030458e-01 3.92453581e-01
    4.12877649e-01 4.57215607e-01 4.70578671e-01 4.78639185e-01
    5.03348172e-01 5.45431852e-01 5.91822386e-01 6.15203023e-01
    5.93059003e-01 5.49871147e-01 5.13749778e-01 4.08907115e-01
    4.42617357e-01 5.72620988e-01 5.97995400e-01 6.02501392e-01
    5.73539436e-01 5.14866889e-01 4.86269772e-01 5.09301841e-01
    5.74474454e-01 6.31663680e-01 6.28340602e-01 5.85626900e-01
    5.16386271e-01 4.16625053e-01 3.67218137e-01 4.38465565e-01
    5.69114387e-01 6.44729972e-01 6.10360384e-01 5.34115076e-01
    5.02033532e-01 4.77843761e-01 4.35452133e-01 4.24510270e-01
    4.56602097e-01 5.10198951e-01 5.64125478e-01 5.85629821e-01
    5.55033863e-01 5.01446068e-01 4.82687533e-01 5.40335417e-01
    6.41169786e-01 6.74074054e-01 6.19533837e-01 5.82893670e-01
    5.91838300e-01 5.87063968e-01 5.38064182e-01 4.60792512e-01
    4.09207046e-01 4.12809789e-01 4.63873744e-01 5.50572276e-01
    6.34572983e-01 6.62430167e-01 5.98646998e-01 4.64202821e-01
    3.45845312e-01 3.37521166e-01 4.39880788e-01 5.13797224e-01
    4.69523162e-01 4.24218327e-01 4.66393828e-01 4.95992184e-01
    4.73478764e-01 4.66075391e-01 4.50398952e-01 4.06815708e-01
    3.96982074e-01 4.11797345e-01 4.07846630e-01 4.17520314e-01
    4.54720438e-01 4.94092524e-01 5.37517130e-01 5.75392425e-01
    5.75378537e-01 5.33331394e-01 4.91288573e-01 4.69293535e-01
    4.40276414e-01 4.04606014e-01 4.03597891e-01 4.70120907e-01
    5.64958155e-01 6.07446134e-01 6.13838375e-01 6.49140954e-01
    6.81401134e-01 6.65000856e-01 6.32520974e-01 6.45029187e-01
    6.86621666e-01 6.24383211e-01 4.63727713e-01 3.91125560e-01
    4.19331580e-01 4.48016644e-01 4.91322815e-01 5.62312961e-01
    6.36095405e-01 6.81956589e-01 6.59603596e-01 5.88250577e-01
    5.25839627e-01 5.18254817e-01 5.55620492e-01 5.35921514e-01
    4.28129256e-01 3.71870548e-01 4.40217197e-01 4.98306394e-01
    4.69104379e-01 4.60156828e-01 4.79177117e-01 4.25852597e-01
    3.73748392e-01 4.39236194e-01 5.49250841e-01 6.14636958e-01
    6.49166822e-01 6.43707752e-01 5.80808222e-01 5.21691322e-01
    5.06001055e-01 5.01188457e-01 5.03670037e-01 5.20163894e-01
    5.34256339e-01 5.39021015e-01 5.46804607e-01 5.81158340e-01
    6.19533122e-01 6.11102462e-01 5.59753776e-01 5.45316577e-01
    5.94513655e-01 5.98310471e-01 5.18931091e-01 4.36591893e-01
    4.16451663e-01 4.82259661e-01 5.78246474e-01 6.39727771e-01
    6.43635571e-01 5.81345439e-01 4.92761672e-01 4.46813583e-01
    4.62943077e-01 4.76013243e-01 4.51077700e-01 4.16609824e-01
    3.73899609e-01 3.47867608e-01 3.76112133e-01 4.30400491e-01
    4.79767919e-01 5.30817270e-01 5.83930671e-01 6.06699109e-01
    5.76930165e-01 5.22415340e-01 4.67946053e-01 4.11022753e-01
    3.63440454e-01 3.68579656e-01 4.40164447e-01 5.27529955e-01
    5.79280138e-01 5.74604452e-01 5.50908625e-01 5.45166969e-01
    5.08615434e-01 4.57271963e-01 4.74613816e-01 5.10629773e-01
    4.88789350e-01 4.57367390e-01 4.65363741e-01 4.90985334e-01
    5.29451132e-01 5.73616326e-01 5.63634455e-01 5.34615755e-01
    5.80238640e-01 6.30983651e-01 5.88638544e-01 5.10155320e-01
    4.81283695e-01 4.88237768e-01 4.82403606e-01 4.87431228e-01
    5.26609302e-01 5.36889791e-01 5.00430048e-01 4.94139105e-01
    5.30033112e-01 5.28937221e-01 5.06607234e-01 5.63450038e-01
    6.46959245e-01 6.39541805e-01 5.69717586e-01 5.41591585e-01
    6.03136599e-01 6.85241818e-01 6.92005754e-01 6.06171846e-01
    4.88778502e-01 4.47829127e-01 4.95610505e-01 5.46178460e-01
    5.81818104e-01 6.05990410e-01 5.83605289e-01 5.12907147e-01
    4.39303637e-01 4.28939193e-01 5.03259599e-01 6.09802067e-01
    6.69153869e-01 6.16330326e-01 4.81271535e-01 3.96290183e-01
    4.10543263e-01 4.17493969e-01 3.69068563e-01 3.48934561e-01
    3.76626402e-01 3.89935166e-01 3.80013466e-01 3.84505957e-01
    4.18266028e-01 4.64786112e-01 5.00215888e-01 5.07344782e-01
    5.01404405e-01 4.95914310e-01 4.61869895e-01 4.36668307e-01
    5.01112461e-01 5.72707057e-01 5.39243340e-01 4.88655329e-01
    4.77481514e-01 4.36994851e-01 4.12889391e-01 4.76759672e-01
    5.65662980e-01 5.89645207e-01 5.28552413e-01 4.60397124e-01
    4.64903265e-01 4.83256340e-01 4.46817219e-01 4.18138146e-01
    4.67173755e-01 5.63409388e-01 6.25289500e-01 6.21117055e-01
    5.92372775e-01 5.73958218e-01 5.35144389e-01 4.04328495e-01
    3.66856843e-01 4.97460067e-01 5.65213203e-01 5.91229141e-01
    5.40125906e-01 4.70096201e-01 4.56386685e-01 4.93294924e-01
    5.67548573e-01 6.22244298e-01 6.10486090e-01 5.85844636e-01
    5.64565778e-01 4.93935019e-01 4.15393770e-01 4.41698968e-01
    5.59994459e-01 6.34851813e-01 5.95004857e-01 4.96392727e-01
    4.27662998e-01 4.20788586e-01 4.44347560e-01 4.74404544e-01
    5.28001130e-01 5.81641316e-01 5.89697301e-01 5.66945910e-01
    5.27878404e-01 4.67461169e-01 4.37583148e-01 5.17490506e-01
    6.67240977e-01 7.37903357e-01 6.99590027e-01 6.41777575e-01
    5.87485671e-01 5.39914548e-01 5.24818897e-01 5.28751671e-01
    5.22330344e-01 4.94521260e-01 4.88017321e-01 5.36333799e-01
    5.95378220e-01 6.21577859e-01 5.93687952e-01 4.90959436e-01
    3.57626706e-01 3.33306462e-01 4.48964149e-01 5.10741353e-01
    4.20929164e-01 3.41248333e-01 3.69022071e-01 3.94116163e-01
    3.78267437e-01 4.11175936e-01 4.72947687e-01 4.85471785e-01
    4.77439523e-01 4.88530278e-01 4.93874609e-01 4.81783688e-01
    4.78811532e-01 5.09394228e-01 5.51335454e-01 5.55871606e-01
    5.28430045e-01 5.13835371e-01 5.19436657e-01 5.16273797e-01
    4.92383063e-01 4.57452506e-01 4.48049039e-01 5.01719713e-01
    5.69907546e-01 5.90320110e-01 5.93219042e-01 6.11160755e-01
    6.10758483e-01 5.76212585e-01 5.52280605e-01 5.89043558e-01
    6.62399590e-01 6.61245465e-01 5.75513482e-01 5.29791355e-01
    5.34052312e-01 5.43021023e-01 5.75979531e-01 5.88839233e-01
    5.61531425e-01 5.57949483e-01 5.63156843e-01 5.28146446e-01
    5.00680387e-01 5.35499811e-01 5.83603621e-01 5.63755870e-01
    4.84959394e-01 4.42090690e-01 4.72623408e-01 4.85979319e-01
    4.51031029e-01 4.64769840e-01 5.03121436e-01 4.63254750e-01
    4.32420433e-01 5.18898129e-01 6.33744001e-01 6.97700262e-01
    7.42796957e-01 7.39979565e-01 6.45045221e-01 5.52180529e-01
    5.36050737e-01 5.35422206e-01 5.11675835e-01 4.83927459e-01
    4.85766858e-01 5.31071782e-01 5.63201249e-01 5.50159812e-01
    5.41955829e-01 5.64841568e-01 5.69751441e-01 5.50417423e-01
    5.54704487e-01 5.51897645e-01 5.17178357e-01 4.82406467e-01
    4.72234100e-01 5.29821992e-01 6.39780104e-01 7.21160233e-01
    7.27167189e-01 6.51409864e-01 5.30086100e-01 4.55150247e-01
    4.73867029e-01 4.85120565e-01 4.18628126e-01 3.55804056e-01
    3.53366911e-01 3.94122899e-01 4.57069933e-01 5.17277002e-01
    5.57130158e-01 5.96442103e-01 6.60313547e-01 6.89633310e-01
    6.24188483e-01 5.32251120e-01 4.76465911e-01 4.19451535e-01
    3.57710481e-01 3.61315072e-01 4.30842698e-01 4.87691671e-01
    5.11106491e-01 5.27625799e-01 5.39735317e-01 5.26998043e-01
    4.66960490e-01 4.06047791e-01 4.24308598e-01 4.81617242e-01
    5.08543909e-01 5.35736024e-01 5.76031446e-01 6.03294551e-01
    6.31526947e-01 6.52524233e-01 6.22807324e-01 6.01670146e-01
    6.62012815e-01 6.95877075e-01 6.08486176e-01 5.00084341e-01
    4.78482008e-01 5.09719193e-01 5.19899487e-01 5.12007475e-01
    5.14314234e-01 5.15886426e-01 5.03387451e-01 5.01322329e-01
    5.30854702e-01 5.41778207e-01 5.35932243e-01 6.10940993e-01
    7.27645934e-01 7.47291148e-01 6.61168635e-01 5.88259637e-01
    6.13966763e-01 6.67720675e-01 6.39267743e-01 5.40767193e-01
    4.62909460e-01 4.71466631e-01 5.39135218e-01 5.85414052e-01
    5.90070844e-01 5.63030303e-01 5.08747995e-01 4.53688681e-01
    4.25230861e-01 4.41621274e-01 4.77637082e-01 4.93314445e-01
    4.90468264e-01 4.66557145e-01 4.28420842e-01 4.19206709e-01
    4.40902442e-01 4.34920609e-01 3.99570763e-01 4.04376656e-01
    4.34508324e-01 4.05538440e-01 3.28227341e-01 2.92177588e-01
    3.27333450e-01 3.94766331e-01 4.60493952e-01 5.06958246e-01
    5.32233417e-01 5.22222579e-01 4.56890166e-01 4.11939561e-01
    4.81520891e-01 5.76602101e-01 5.62197506e-01 4.97551352e-01
    4.54283118e-01 3.95464987e-01 3.65075588e-01 4.29827601e-01
    5.25654614e-01 5.61349750e-01 5.39432704e-01 5.22424579e-01
    5.43920040e-01 5.37705243e-01 4.38176334e-01 3.44781905e-01
    3.70561272e-01 4.67972696e-01 5.36948144e-01 5.50992966e-01
    5.55527449e-01 5.70451975e-01 5.37375987e-01 3.93189818e-01
    2.82968730e-01 3.88307154e-01 4.58237976e-01 5.01768649e-01
    4.84112114e-01 4.58559752e-01 4.69149083e-01 5.06669879e-01
    5.61807573e-01 5.81513405e-01 5.49822807e-01 5.31757951e-01
    5.53858757e-01 5.45739412e-01 4.76920575e-01 4.58742023e-01
    5.34194171e-01 5.89563131e-01 5.58487952e-01 4.65607405e-01
    3.85407567e-01 4.08016115e-01 5.01242578e-01 5.68905950e-01
    5.98595023e-01 5.90955436e-01 5.42898655e-01 4.88813102e-01
    4.44378346e-01 4.06320661e-01 4.03564751e-01 4.85822409e-01
    6.20750368e-01 6.90722048e-01 6.71921015e-01 6.27301812e-01
    5.75273633e-01 5.45883179e-01 5.59634507e-01 5.79340100e-01
    5.77918172e-01 5.27758479e-01 4.58210945e-01 4.45684701e-01
    4.74973470e-01 5.14846563e-01 5.73360384e-01 5.76228440e-01
    4.65042830e-01 3.92305076e-01 4.58567590e-01 4.86582637e-01
    3.92444581e-01 3.29021275e-01 3.51116389e-01 3.64113152e-01
    3.60138476e-01 4.24298644e-01 5.38676560e-01 6.02561116e-01
    6.05314016e-01 5.93420744e-01 5.72453439e-01 5.52833259e-01
    5.66348314e-01 5.94050407e-01 5.80479085e-01 5.32244563e-01
    5.11774004e-01 5.46844006e-01 5.91995239e-01 5.87639511e-01
    5.38746178e-01 4.81462061e-01 4.62002814e-01 5.04189432e-01
    5.51224828e-01 5.65201223e-01 5.53689241e-01 5.05838692e-01
    4.39308077e-01 3.99127811e-01 4.08451587e-01 4.71533984e-01
    5.57193995e-01 5.93745053e-01 5.76528072e-01 5.71173906e-01
    5.73538780e-01 5.86317241e-01 6.33742213e-01 6.29008830e-01
    5.47963560e-01 5.08334279e-01 5.29732287e-01 5.34321249e-01
    5.43822229e-01 5.89008093e-01 5.97503722e-01 5.66113114e-01
    5.49613893e-01 5.30064821e-01 5.13728380e-01 5.07542491e-01
    4.79557246e-01 4.73695785e-01 4.98754203e-01 4.86277074e-01
    4.83856440e-01 5.50267935e-01 6.06636405e-01 6.27609611e-01
    6.86573029e-01 7.37914383e-01 6.77776814e-01 5.97185671e-01
    6.10670507e-01 6.25025630e-01 5.63600123e-01 4.89625722e-01
    4.79003549e-01 5.49963176e-01 6.09956145e-01 5.65644085e-01
    5.00956416e-01 5.30540943e-01 5.94856799e-01 6.05784297e-01
    5.91888189e-01 5.79401255e-01 5.57805598e-01 5.31109512e-01
    5.22810757e-01 5.80077529e-01 6.76585376e-01 7.24786639e-01
    7.07051873e-01 6.37592435e-01 5.27314782e-01 4.47763324e-01
    4.51691449e-01 4.57505137e-01 4.02098328e-01 3.72270375e-01
    4.37494248e-01 5.40474534e-01 5.97777843e-01 5.95328271e-01
    5.77911913e-01 6.02111638e-01 6.82780087e-01 7.26955950e-01
    6.60087109e-01 5.82411706e-01 5.72768629e-01 5.40168822e-01
    4.56316739e-01 4.22685176e-01 4.41867769e-01 4.37307358e-01
    4.23250586e-01 4.54783410e-01 5.11860073e-01 5.36128640e-01
    5.10389984e-01 4.60254401e-01 4.49268728e-01 4.87452358e-01
    5.22531629e-01 5.67362368e-01 6.23527288e-01 6.42903566e-01
    6.31811678e-01 6.09228671e-01 5.81937432e-01 5.99654973e-01
    6.54597878e-01 6.38016701e-01 5.33972383e-01 4.52092856e-01
    4.55604553e-01 5.06401181e-01 5.43060780e-01 5.41451037e-01
    5.09761333e-01 4.86871153e-01 4.94748682e-01 5.12219071e-01
    5.27504265e-01 5.12907565e-01 4.86649305e-01 5.48021078e-01
    6.78506196e-01 7.41822779e-01 6.87303126e-01 6.11783981e-01
    6.24415457e-01 6.62225425e-01 6.02706671e-01 5.01415849e-01
    4.76343066e-01 5.17646194e-01 5.59143543e-01 5.71956098e-01
    5.63356936e-01 5.49101889e-01 5.37182689e-01 5.11178017e-01
    4.70952511e-01 4.57846195e-01 4.47010994e-01 4.04404670e-01
    3.71907711e-01 3.71576607e-01 4.12221223e-01 4.79704559e-01
    5.10225713e-01 4.98784840e-01 5.06094396e-01 5.48806369e-01
    5.70095301e-01 5.08618951e-01 3.90781671e-01 3.19446474e-01
    3.33431214e-01 3.85727465e-01 4.48810935e-01 5.29820859e-01
    6.09400451e-01 6.08241498e-01 5.08383691e-01 4.37856495e-01
    4.88061816e-01 5.73843777e-01 5.80741346e-01 5.29074848e-01
    4.72037733e-01 4.03550833e-01 3.65528733e-01 4.19148356e-01
    4.99821573e-01 5.24120510e-01 5.36811769e-01 5.76276362e-01
    6.07462406e-01 5.79165876e-01 4.66777414e-01 3.58728468e-01
    3.43880206e-01 3.95087868e-01 4.60258573e-01 5.13707817e-01
    5.52366972e-01 5.70897698e-01 5.33166587e-01 3.91288996e-01
    2.73085207e-01 3.69809777e-01 4.05434817e-01 4.35152084e-01
    4.58137184e-01 4.73502278e-01 4.86406147e-01 5.11367559e-01
    5.51880538e-01 5.74179590e-01 5.63669026e-01 5.39013624e-01
    5.44790626e-01 5.54799259e-01 5.08596003e-01 4.87260103e-01
    5.34605920e-01 5.50611734e-01 4.98254210e-01 4.10137177e-01
    3.51458579e-01 4.06433761e-01 5.30743599e-01 6.10773504e-01
    6.17657423e-01 5.64081490e-01 4.82261896e-01 4.28351283e-01
    4.27944481e-01 4.57871228e-01 4.76423293e-01 4.83902574e-01
    5.10244548e-01 5.43305278e-01 5.63492358e-01 5.69252789e-01
    5.54794371e-01 5.53496659e-01 5.73556602e-01 5.65655947e-01
    5.35864294e-01 4.94017929e-01 4.36591536e-01 4.10554409e-01
    4.21232045e-01 4.59098607e-01 5.53973377e-01 6.26972377e-01
    5.69126248e-01 4.96433169e-01 5.23635507e-01 5.16163528e-01
    4.25744861e-01 3.82332742e-01 3.92862678e-01 3.96765202e-01
    4.21274126e-01 4.98783499e-01 5.92675149e-01 6.38001323e-01
    6.28765166e-01 5.98335743e-01 5.66251934e-01 5.75085521e-01
    6.34959519e-01 6.59986317e-01 6.03496969e-01 5.46735227e-01
    5.53812623e-01 5.93356788e-01 6.23650551e-01 6.27513826e-01
    5.86956322e-01 5.00346303e-01 4.37657207e-01 4.47210044e-01
    4.84197706e-01 5.18539846e-01 5.14790952e-01 4.45226580e-01
    3.74053985e-01 3.39045197e-01 3.29515100e-01 3.71622145e-01
    4.48845655e-01 4.92432535e-01 5.09837091e-01 5.36604822e-01
    5.45258522e-01 5.63974500e-01 6.32847726e-01 6.63921475e-01
    6.12620950e-01 5.67070901e-01 5.77495277e-01 6.06019020e-01
    6.33897781e-01 6.42891288e-01 5.87227404e-01 5.43765604e-01
    5.85646868e-01 6.07666016e-01 5.81514597e-01 5.71819782e-01
    5.43436646e-01 4.98693973e-01 4.87873584e-01 4.88976926e-01
    5.06142199e-01 5.51723778e-01 5.60824692e-01 5.40324986e-01
    5.94507337e-01 6.90872610e-01 6.91095114e-01 6.37546003e-01
    6.46505356e-01 6.50377870e-01 5.76506317e-01 5.00048876e-01
    4.96519804e-01 5.66892862e-01 6.35563314e-01 6.07650340e-01
    5.29058397e-01 5.32783508e-01 6.05265617e-01 6.32514298e-01
    6.17312431e-01 6.15673304e-01 6.01213515e-01 5.51258743e-01
    5.21435320e-01 5.68479955e-01 6.41872108e-01 6.51242435e-01
    6.09172106e-01 5.68575621e-01 5.29233813e-01 4.81835872e-01
    4.38445270e-01 4.01673198e-01 3.74546409e-01 3.98116738e-01
    4.92848486e-01 5.92148006e-01 6.16508961e-01 5.70750952e-01
    5.16652346e-01 5.16789794e-01 5.97150624e-01 6.78808331e-01
    6.65989041e-01 6.18203223e-01 6.23633564e-01 6.14203751e-01
    5.45221865e-01 4.99046385e-01 4.83629525e-01 4.44383949e-01
    4.10110891e-01 4.36974198e-01 5.09326518e-01 5.74716687e-01
    5.94845533e-01 5.50766587e-01 5.13950944e-01 5.41782498e-01
    5.60264468e-01 5.53759217e-01 5.64027309e-01 5.55613458e-01
    5.05637348e-01 4.42997187e-01 4.27263856e-01 5.06182849e-01
    5.86221457e-01 5.39743066e-01 4.32779312e-01 3.90619725e-01
    4.10409510e-01 4.52329278e-01 5.05170822e-01 5.41421771e-01
    5.35980642e-01 5.19200444e-01 5.34836411e-01 5.61804891e-01
    5.44384837e-01 4.67195541e-01 3.98796260e-01 4.32912439e-01
    5.41501164e-01 6.12851322e-01 6.04733348e-01 5.76315582e-01
    6.10092759e-01 6.51522040e-01 5.82989633e-01 4.89880830e-01
    5.04596293e-01 5.52358627e-01 5.30974686e-01 4.74155724e-01
    4.63658094e-01 5.28258443e-01 6.14777088e-01 6.28050625e-01
    5.56849897e-01 4.91274923e-01 4.49285656e-01 4.05491143e-01
    3.85096043e-01 4.00086462e-01 4.58539873e-01 5.27202129e-01
    5.51653683e-01 5.69453955e-01 6.21622801e-01 6.68534756e-01
    6.65069520e-01 5.93885958e-01 4.77781057e-01 3.98743063e-01
    3.95147860e-01 4.22534585e-01 4.53374475e-01 5.19500554e-01
    6.16273820e-01 6.33472383e-01 5.53121030e-01 5.00440240e-01
    5.04865050e-01 5.14876783e-01 5.37380099e-01 5.75450480e-01
    5.80243587e-01 5.26313603e-01 4.64915246e-01 4.73357618e-01
    5.18714666e-01 5.19532323e-01 5.25564432e-01 5.78847647e-01
    6.14978254e-01 5.93857825e-01 5.29267490e-01 4.61849332e-01
    4.26038325e-01 4.37187165e-01 4.83216286e-01 5.26261032e-01
    5.52435875e-01 5.60995579e-01 5.21225214e-01 3.81273955e-01
    2.99714059e-01 4.43412215e-01 4.63206917e-01 4.49980468e-01
    4.62667018e-01 4.55541849e-01 4.27679896e-01 4.49605495e-01
    5.29663324e-01 6.09911978e-01 6.41452610e-01 6.08015716e-01
    5.79763234e-01 5.87221324e-01 5.64040124e-01 5.42251348e-01
    5.57275534e-01 5.34948409e-01 4.63216990e-01 3.94087672e-01
    3.70040715e-01 4.29060698e-01 5.40769041e-01 6.22685552e-01
    6.36133134e-01 5.86348593e-01 5.03484845e-01 4.54809934e-01
    4.93802369e-01 5.86290479e-01 6.29653215e-01 5.64546406e-01
    4.57690835e-01 4.15436506e-01 4.47099209e-01 4.84913051e-01
    4.97933656e-01 5.26070774e-01 5.61912358e-01 5.42539060e-01
    5.04828393e-01 5.01761079e-01 4.97771472e-01 4.83830988e-01
    4.65671003e-01 4.50211316e-01 4.94547158e-01 5.72019517e-01
    5.87257266e-01 5.81672609e-01 6.01987123e-01 5.60936689e-01
    4.74213839e-01 4.37619269e-01 4.25076187e-01 4.29382890e-01
    4.87103522e-01 5.52530110e-01 5.75262785e-01 5.46959877e-01
    4.99401301e-01 4.77976322e-01 4.88586128e-01 5.39944410e-01
    6.12147808e-01 6.31173849e-01 5.93963146e-01 5.77638090e-01
    5.96135616e-01 6.00541174e-01 5.87005556e-01 5.88359058e-01
    5.85750580e-01 5.28171599e-01 4.49443340e-01 4.12404835e-01
    4.33027536e-01 5.09404421e-01 5.57567298e-01 5.21090209e-01
    4.72975135e-01 4.21683282e-01 3.57718259e-01 3.67915004e-01
    4.42614347e-01 4.94139165e-01 5.32926440e-01 5.60186327e-01
    5.30009747e-01 5.09870887e-01 5.74615538e-01 6.46264374e-01
    6.45584166e-01 6.09855056e-01 6.17204010e-01 6.71386302e-01
    7.01887727e-01 6.64268374e-01 5.76230407e-01 5.39745808e-01
    5.98066390e-01 6.29834592e-01 6.11286163e-01 6.13774359e-01
    5.83233356e-01 4.96598393e-01 4.38321203e-01 4.35882896e-01
    4.69440371e-01 5.25347471e-01 5.53162873e-01 5.36958337e-01
    5.64328313e-01 6.52670324e-01 6.82688177e-01 6.32822514e-01
    6.03194594e-01 6.00361228e-01 5.63457131e-01 5.10633767e-01
    4.98932838e-01 5.41384637e-01 6.04708433e-01 6.20991290e-01
    5.69402516e-01 5.39172947e-01 5.79163551e-01 6.07572794e-01
    5.93990743e-01 5.95034719e-01 5.89740634e-01 5.34482718e-01
    4.85458076e-01 5.13506353e-01 5.78572512e-01 5.81840277e-01
    5.22384763e-01 4.89978880e-01 5.09944916e-01 5.06632149e-01
    4.45003629e-01 3.80167514e-01 3.51216018e-01 3.67993504e-01
    4.28037018e-01 4.86903191e-01 5.12367249e-01 5.10650933e-01
    4.77839202e-01 4.45048690e-01 4.84908938e-01 5.84019840e-01
    6.38147354e-01 6.12039864e-01 5.87440252e-01 5.91108084e-01
    5.67351878e-01 5.31691492e-01 5.17504930e-01 5.00514328e-01
    4.87718195e-01 5.09088933e-01 5.47503650e-01 5.91447294e-01
    6.16283357e-01 5.67286015e-01 5.17130673e-01 5.47052741e-01
    5.65177262e-01 5.30929565e-01 4.97480512e-01 4.49579895e-01
    3.75605315e-01 3.16741556e-01 3.38462412e-01 4.60257381e-01
    5.49096465e-01 4.92669672e-01 3.96369308e-01 3.78482789e-01
    3.98551136e-01 4.11096215e-01 4.52194482e-01 5.34341931e-01
    5.96369267e-01 5.97415328e-01 5.93201220e-01 6.11731052e-01
    5.80156744e-01 4.86524433e-01 4.23055679e-01 4.41188902e-01
    4.80793685e-01 4.84939009e-01 4.87670302e-01 5.21332383e-01
    5.82113445e-01 6.19191527e-01 5.64001083e-01 4.96665329e-01
    5.18084645e-01 5.32898426e-01 4.56202418e-01 3.68454605e-01
    3.66103441e-01 4.60997641e-01 5.90514004e-01 6.52834594e-01
    5.94974220e-01 4.87845749e-01 4.20233190e-01 4.02630538e-01
    4.21925098e-01 4.73372579e-01 5.34141660e-01 5.53132892e-01
    5.43655872e-01 5.77162743e-01 6.46618247e-01 6.86691701e-01
    6.64039254e-01 5.82920849e-01 4.77027655e-01 4.09039110e-01
    4.14027959e-01 4.59791571e-01 4.97660995e-01 5.41345000e-01
    6.02591097e-01 6.08215928e-01 5.59408784e-01 5.21441042e-01
    4.59427834e-01 3.86690140e-01 4.23612744e-01 5.60887098e-01
    6.55118525e-01 6.51639283e-01 6.03839040e-01 5.79451084e-01
    5.75142682e-01 5.27786613e-01 4.84628528e-01 5.20807564e-01
    5.69530547e-01 5.67929685e-01 5.50929606e-01 5.34846187e-01
    5.10152459e-01 5.06101012e-01 5.26213586e-01 5.38086176e-01
    5.41857958e-01 5.38054883e-01 4.83377427e-01 3.35096359e-01
    3.16425085e-01 5.31299829e-01 5.76044858e-01 5.24339378e-01
    4.91942823e-01 4.44950223e-01 3.92049551e-01 4.22977924e-01
    5.26151478e-01 6.18332207e-01 6.64967477e-01 6.63644075e-01
    6.47947490e-01 6.40486181e-01 5.97361445e-01 5.35638809e-01
    5.13357222e-01 5.05228698e-01 4.87825185e-01 4.82140422e-01
    4.91813004e-01 5.12184143e-01 5.57757378e-01 6.18377566e-01
    6.43807590e-01 6.19995236e-01 5.66594422e-01 5.18329501e-01
    5.44042349e-01 6.47433162e-01 7.12025642e-01 6.40508056e-01
    4.93461072e-01 4.04299796e-01 3.94378334e-01 4.00671542e-01
    4.23318535e-01 4.96667534e-01 5.57523191e-01 5.34293413e-01
    5.02861619e-01 5.30861795e-01 5.66854596e-01 5.68810403e-01
    5.10721922e-01 4.17519122e-01 4.06249672e-01 4.87467885e-01
    5.57899535e-01 6.02008402e-01 6.16558969e-01 5.64640343e-01
    5.13053656e-01 4.97284204e-01 4.55452353e-01 4.33558494e-01
    4.80070233e-01 5.14041483e-01 4.90226001e-01 4.23500061e-01
    3.58066946e-01 3.56615186e-01 4.14539695e-01 4.92418647e-01
    5.55026889e-01 5.74922204e-01 5.77002883e-01 5.93763113e-01
    6.10990644e-01 6.06270790e-01 5.75550318e-01 5.49135983e-01
    5.62480509e-01 5.77629149e-01 5.39245427e-01 4.66376156e-01
    4.49060619e-01 5.42073250e-01 6.29997015e-01 6.14812076e-01
    5.72708845e-01 5.22522688e-01 4.56031829e-01 4.60970521e-01
    5.11869013e-01 5.34334302e-01 5.70339262e-01 5.92911363e-01
    5.34610748e-01 4.81060296e-01 5.07578313e-01 5.58588922e-01
    5.80297947e-01 5.72041690e-01 5.92394471e-01 6.69212759e-01
    7.16612697e-01 6.81404114e-01 6.00668252e-01 5.53330481e-01
    5.66043675e-01 5.55514216e-01 5.39473653e-01 5.82403123e-01
    5.81060410e-01 4.90112334e-01 4.13620889e-01 3.98316652e-01
    4.24061358e-01 4.76211190e-01 5.19417524e-01 5.16303420e-01
    5.26750267e-01 6.05758548e-01 6.50474370e-01 5.95474005e-01
    5.39682567e-01 5.44736683e-01 5.53203404e-01 5.26438653e-01
    4.95366037e-01 5.01902938e-01 5.60346365e-01 6.08078718e-01
    5.80218077e-01 5.39125264e-01 5.64566076e-01 6.03447437e-01
    5.81075609e-01 5.34403622e-01 5.02862453e-01 4.67117637e-01
    4.41529334e-01 4.68663663e-01 5.26578844e-01 5.33846080e-01
    4.82959569e-01 4.60628986e-01 4.93041456e-01 5.05781949e-01
    4.64355558e-01 4.04577971e-01 3.48218858e-01 3.19359303e-01
    3.29251260e-01 3.50854754e-01 4.00522560e-01 4.75456119e-01
    4.85123605e-01 4.35321093e-01 4.44382876e-01 5.37164211e-01
    6.16572857e-01 5.97953022e-01 5.41485369e-01 5.36608458e-01
    5.36636055e-01 5.11484504e-01 5.07063687e-01 5.18650711e-01
    5.38392484e-01 5.64511538e-01 5.52184880e-01 5.28283298e-01
    5.33604503e-01 5.09834766e-01 4.74706650e-01 4.93034422e-01
    5.18369019e-01 5.22751927e-01 5.09257436e-01 4.49177057e-01
    3.69313180e-01 3.33250195e-01 3.82063001e-01 4.84560519e-01
    5.32362163e-01 4.95598346e-01 4.49829787e-01 4.34017450e-01
    4.27070051e-01 4.12373453e-01 4.30171549e-01 5.21800101e-01
    6.06998026e-01 6.01898015e-01 5.82950473e-01 6.07894480e-01
    6.05012536e-01 5.59288323e-01 5.28765500e-01 5.14933348e-01
    4.72574502e-01 4.14125711e-01 4.16171908e-01 4.77395654e-01
    5.29327631e-01 5.44130921e-01 5.19414127e-01 4.93630826e-01
    4.97097313e-01 4.76999700e-01 4.18338925e-01 3.80838841e-01
    3.86135727e-01 4.17735308e-01 4.84659374e-01 5.61162591e-01
    5.42527556e-01 4.35665578e-01 3.79509687e-01 4.03675973e-01
    4.49288487e-01 5.13889790e-01 5.76909363e-01 5.75048625e-01
    5.36673367e-01 5.43460608e-01 6.04675710e-01 6.61767125e-01
    6.45143569e-01 5.55055559e-01 4.57750142e-01 4.04053688e-01
    4.24280673e-01 5.15153587e-01 6.05666876e-01 6.45198107e-01
    6.40873790e-01 5.97328305e-01 5.45539856e-01 4.96684790e-01
    4.05644327e-01 3.14352810e-01 3.49329740e-01 5.07018268e-01
    6.41565502e-01 6.85414791e-01 6.75701559e-01 6.53764963e-01
    6.20825231e-01 5.41767299e-01 4.59571570e-01 4.46586221e-01
    4.59647983e-01 4.58021820e-01 4.85476702e-01 5.30813813e-01
    5.40224850e-01 5.29511213e-01 5.28127968e-01 5.42390466e-01
    5.68886220e-01 5.62720001e-01 4.70108509e-01 2.96079129e-01
    3.17917854e-01 5.56824863e-01 6.36706114e-01 5.94833553e-01
    5.50626159e-01 5.07422030e-01 4.70568657e-01 4.81443584e-01
    5.20637989e-01 5.54773152e-01 6.06936157e-01 6.66991651e-01
    6.65051520e-01 5.96896589e-01 5.07993519e-01 4.34570402e-01
    4.12399888e-01 4.41027403e-01 4.99344140e-01 5.74155211e-01
    6.25391185e-01 6.04323268e-01 5.57714999e-01 5.65764010e-01
    5.92921436e-01 5.90041757e-01 5.58680654e-01 5.14272571e-01
    5.30976295e-01 6.25149608e-01 6.84693396e-01 6.43208981e-01
    5.54316044e-01 4.86734062e-01 4.37492192e-01 3.80479068e-01
    3.62773001e-01 4.28560436e-01 4.94836211e-01 4.90612537e-01
    4.81382698e-01 5.12259185e-01 5.58758199e-01 5.81758499e-01
    5.06886303e-01 3.78558218e-01 3.71366858e-01 4.84139472e-01
    5.67422152e-01 5.89496136e-01 5.76579273e-01 5.44861436e-01
    5.52883446e-01 5.62282324e-01 4.90375251e-01 4.18327540e-01
    4.23238873e-01 4.50438827e-01 4.45654988e-01 3.88568431e-01
    3.25697988e-01 3.33535463e-01 3.96056026e-01 4.68370646e-01
    5.29569328e-01 5.64537466e-01 5.87981403e-01 6.09446585e-01
    6.23372436e-01 6.24863982e-01 5.96540809e-01 5.61942160e-01
    5.81197202e-01 6.23350024e-01 5.89807093e-01 4.86534417e-01
    4.40201372e-01 5.20436287e-01 6.13981962e-01 6.15064085e-01
    5.89349449e-01 5.75267255e-01 5.49924970e-01 5.38195789e-01
    5.07947206e-01 4.51782376e-01 4.59491283e-01 5.03541291e-01
    5.05924642e-01 4.94636595e-01 4.72211450e-01 4.47444856e-01
    4.82215524e-01 5.32023072e-01 5.59383810e-01 6.10828400e-01
    6.54125988e-01 6.50226772e-01 6.00248635e-01 5.29281497e-01
    4.88619149e-01 4.54204649e-01 4.45227176e-01 5.07287979e-01
    5.41236818e-01 5.10063767e-01 4.81752425e-01 4.57973540e-01
    4.36425149e-01 4.46106970e-01 4.79637325e-01 4.82689828e-01
    4.83445048e-01 5.61968744e-01 6.28002584e-01 5.78557134e-01
    5.00774622e-01 4.83472854e-01 4.99315411e-01 5.08477151e-01
    4.97122824e-01 4.86897379e-01 5.27580202e-01 5.73161125e-01
    5.55517316e-01 5.41336775e-01 5.90048552e-01 6.27666712e-01
    5.81750453e-01 4.88778085e-01 4.10617858e-01 3.78681719e-01
    4.01197374e-01 4.57346767e-01 5.05797207e-01 5.03938437e-01
    4.69135821e-01 4.62520599e-01 4.90417629e-01 5.14096200e-01
    5.12261868e-01 4.67776537e-01 3.82541895e-01 3.17991376e-01
    3.02835107e-01 3.14866334e-01 3.88763577e-01 5.03760815e-01
    5.26181340e-01 4.64015543e-01 4.57277268e-01 5.22009790e-01
    5.66169024e-01 5.34424484e-01 4.77357179e-01 4.64172184e-01
    4.63943988e-01 4.55884248e-01 4.70943302e-01 4.94752586e-01
    5.23991346e-01 5.53991139e-01 5.22074223e-01 4.51276094e-01
    4.28283364e-01 4.42116141e-01 4.61713314e-01 4.83973980e-01
    5.02861321e-01 5.39547324e-01 5.69052041e-01 5.39051890e-01
    4.73644376e-01 4.31784004e-01 4.41937119e-01 4.68710303e-01
    4.86703932e-01 5.27216375e-01 5.56416750e-01 5.26795864e-01
    4.89990622e-01 4.76642340e-01 4.85524416e-01 5.32935262e-01
    5.57501972e-01 5.26290417e-01 5.18834591e-01 5.44646263e-01
    5.54799676e-01 5.58252513e-01 5.52016258e-01 5.14357448e-01
    4.55245942e-01 4.07118052e-01 4.19419259e-01 4.81839448e-01
    5.23335695e-01 5.25184453e-01 5.09107172e-01 4.84823972e-01
    4.53757942e-01 4.32674259e-01 4.37991291e-01 4.48896736e-01
    4.42921579e-01 4.17068034e-01 4.20207173e-01 4.77041811e-01
    4.74244893e-01 3.99078608e-01 4.02004898e-01 4.71089125e-01
    4.86232489e-01 4.90294755e-01 5.49308658e-01 5.82747459e-01
    5.41187108e-01 5.02869368e-01 5.45766294e-01 6.34980798e-01
    6.55171752e-01 5.85170031e-01 5.15584350e-01 4.85534132e-01
    4.88730848e-01 5.54830074e-01 6.54365301e-01 6.88726485e-01
    6.44034207e-01 5.82318485e-01 5.31668186e-01 4.79603916e-01
    4.17884022e-01 3.67710143e-01 3.85556757e-01 4.86512870e-01
    5.92478454e-01 6.48765206e-01 6.68493807e-01 6.68695509e-01
    6.39934123e-01 5.72888792e-01 4.98977333e-01 4.26527649e-01
    3.48770767e-01 3.28425050e-01 4.08174843e-01 5.13421893e-01
    5.60533166e-01 5.57544172e-01 5.42308152e-01 5.53417325e-01
    6.05599523e-01 6.21468902e-01 5.22480428e-01 3.30322295e-01
    2.93028891e-01 4.94222105e-01 5.97721636e-01 6.21395171e-01
    6.20639145e-01 6.03505433e-01 5.79705238e-01 5.53560317e-01
    5.16330659e-01 4.99973536e-01 5.56660891e-01 6.24922991e-01
    5.78056872e-01 4.52588916e-01 3.72691154e-01 3.55159551e-01
    3.68589967e-01 4.13768619e-01 5.01793206e-01 6.15669429e-01
    6.81858718e-01 6.31105483e-01 5.35080850e-01 5.20975113e-01
    5.59269965e-01 5.53363383e-01 4.92876410e-01 4.47376400e-01
    4.98846203e-01 6.01410985e-01 6.42660618e-01 6.25409186e-01
    5.98147333e-01 5.61190426e-01 4.98898745e-01 4.01284367e-01
    3.16036314e-01 3.20313483e-01 3.82507890e-01 4.28536415e-01
    4.59658891e-01 4.80490267e-01 5.02223074e-01 5.24489284e-01
    4.72691208e-01 3.83772731e-01 4.10815567e-01 5.32294869e-01
    5.96677184e-01 5.71965098e-01 5.29407859e-01 5.35742342e-01
    5.94119668e-01 6.00392461e-01 5.02864659e-01 4.09438938e-01
    3.92134935e-01 4.27067757e-01 4.60740328e-01 4.30689335e-01
    3.84450912e-01 4.03304845e-01 4.47408229e-01 4.75279927e-01
    5.05860209e-01 5.50737679e-01 5.93722105e-01 6.15543962e-01
    6.29799366e-01 6.30925894e-01 5.95019937e-01 5.66581130e-01
    5.94410300e-01 6.12604380e-01 5.36014080e-01 4.23793823e-01
    4.02635574e-01 4.88027543e-01 5.70622087e-01 5.78154325e-01
    5.68920851e-01 5.85697591e-01 5.80373049e-01 5.18068910e-01
    4.09324408e-01 3.16552788e-01 3.08333963e-01 3.65112454e-01
    4.45949614e-01 5.08513331e-01 4.73573804e-01 4.04480487e-01
    4.54987615e-01 5.50471485e-01 5.55266738e-01 5.15337348e-01
    4.94594634e-01 5.12868404e-01 5.24208784e-01 4.77346361e-01
    4.43673223e-01 4.42975998e-01 4.38927084e-01 4.53431040e-01
    4.75630015e-01 5.05431414e-01 5.42874932e-01 5.33660054e-01
    4.77959841e-01 4.46912438e-01 4.85924810e-01 5.19070923e-01
    5.00499487e-01 5.32138228e-01 5.92879534e-01 5.55843890e-01
    4.59899068e-01 4.09564108e-01 4.22317863e-01 4.72885370e-01
    4.96927410e-01 4.67504114e-01 4.64924663e-01 4.90775168e-01
    4.81788367e-01 5.05061626e-01 5.98620176e-01 6.40051186e-01
    5.76505065e-01 4.76298034e-01 3.76895666e-01 3.29010248e-01
    3.77088606e-01 4.62264538e-01 5.00958323e-01 4.74388033e-01
    4.31073189e-01 4.21310037e-01 4.46756959e-01 4.97617483e-01
    5.46475053e-01 5.24785161e-01 4.32258755e-01 3.66746426e-01
    3.66679728e-01 4.02111411e-01 4.77446228e-01 5.52274883e-01
    5.33197820e-01 4.57238466e-01 4.39414501e-01 4.68041033e-01
    4.60835636e-01 4.11649495e-01 3.80395174e-01 3.86836320e-01
    3.91562879e-01 4.00864810e-01 4.37771827e-01 4.66825783e-01
    4.88478929e-01 5.23461699e-01 5.21348238e-01 4.64444846e-01
    4.08799142e-01 4.07977521e-01 4.81342673e-01 5.59482455e-01
    5.78305662e-01 5.85836887e-01 6.00497484e-01 5.82756639e-01
    5.34154296e-01 4.82084602e-01 4.37897563e-01 4.02606517e-01
    4.29975778e-01 5.39385319e-01 6.05156422e-01 5.76575100e-01
    5.55133581e-01 5.59043050e-01 5.53885400e-01 5.39424837e-01
    4.91974503e-01 4.56719458e-01 4.78807539e-01 4.84022528e-01
    4.64148521e-01 4.76792634e-01 4.87876773e-01 4.74409431e-01
    4.69954342e-01 4.66146052e-01 4.68423843e-01 5.17619550e-01
    5.91622114e-01 6.21549964e-01 5.80207944e-01 5.03316522e-01
    4.40591753e-01 4.29336876e-01 4.50880855e-01 4.41069931e-01
    4.04333949e-01 3.79287332e-01 4.04020995e-01 4.67746973e-01
    4.52262461e-01 3.86626035e-01 4.37398940e-01 5.33304393e-01
    5.01259327e-01 4.38285261e-01 4.93473291e-01 5.62221527e-01
    5.35493791e-01 4.89381164e-01 5.12164772e-01 5.89545190e-01
    6.29589975e-01 5.96952498e-01 5.78140378e-01 5.95088482e-01
    5.63154101e-01 5.26823342e-01 5.71249247e-01 6.03420854e-01
    5.69553256e-01 5.43083608e-01 5.24415851e-01 4.85594720e-01
    4.54981536e-01 4.40935671e-01 4.39308524e-01 4.63691562e-01
    5.05392313e-01 5.52387536e-01 6.06474280e-01 6.44564748e-01
    6.29720628e-01 5.83321452e-01 5.37198901e-01 4.36724573e-01
    2.94777632e-01 2.56957710e-01 3.61053318e-01 4.95433182e-01
    5.79021633e-01 6.09100699e-01 5.97428262e-01 5.76549411e-01
    5.97997665e-01 6.21056914e-01 5.49705386e-01 3.68781090e-01
    2.60623693e-01 4.11676466e-01 5.20032585e-01 5.92546463e-01
    6.21073365e-01 6.08602643e-01 5.95810592e-01 5.82265913e-01
    5.35470784e-01 5.06403148e-01 5.50928831e-01 5.68653703e-01
    4.80063856e-01 3.90603662e-01 3.77810687e-01 3.90521407e-01
    4.03742343e-01 4.54520106e-01 5.49929917e-01 6.52009547e-01
    6.92845821e-01 6.24229252e-01 5.31806231e-01 5.34712315e-01
    5.83274603e-01 5.54164171e-01 4.55770582e-01 4.23012197e-01
    5.19090056e-01 6.28432214e-01 6.48172200e-01 6.23872280e-01
    6.07906640e-01 5.81716776e-01 5.22852421e-01 4.25996125e-01
    3.28918278e-01 3.13209742e-01 3.72005165e-01 4.21859026e-01
    4.49393213e-01 4.61087555e-01 4.55203205e-01 4.55425262e-01
    4.45281833e-01 4.30998355e-01 4.76682901e-01 5.66698194e-01
    6.02568865e-01 5.50126612e-01 5.01137376e-01 5.46337962e-01
    6.24878228e-01 6.02472961e-01 4.94977534e-01 4.28045541e-01
    4.11890566e-01 4.17398542e-01 4.49801683e-01 4.60396558e-01
    4.57031816e-01 4.93728280e-01 5.25559425e-01 5.00191867e-01
    4.72940773e-01 5.16922355e-01 5.82692325e-01 6.00707948e-01
    6.04713440e-01 5.98738670e-01 5.49722135e-01 5.15681088e-01
    5.40375769e-01 5.44984579e-01 4.76906836e-01 4.13083881e-01
    4.41911221e-01 5.32850266e-01 5.71422279e-01 5.31125069e-01
    5.11953413e-01 5.53540945e-01 5.60793817e-01 4.73567724e-01
    3.67315501e-01 3.27663302e-01 3.35555106e-01 3.54928285e-01
    4.12965864e-01 4.82908189e-01 4.73266095e-01 4.35732961e-01
    4.97278005e-01 5.80308080e-01 5.42575002e-01 4.20493692e-01
    3.31358850e-01 3.51838231e-01 4.25878137e-01 4.50251192e-01
    4.71400231e-01 5.18860102e-01 5.19778848e-01 4.78104562e-01
    4.52329367e-01 4.77666676e-01 5.36590576e-01 5.58467686e-01
    5.09620309e-01 4.55848843e-01 4.94454056e-01 5.60325921e-01
    5.33857167e-01 4.99721825e-01 5.23482084e-01 5.00809371e-01
    4.17929888e-01 3.71917963e-01 3.95419627e-01 4.63357031e-01
    5.03428042e-01 4.66172755e-01 4.29956466e-01 4.28796351e-01
    4.10885274e-01 4.41198796e-01 5.62512040e-01 6.23752534e-01
    5.59300005e-01 4.78286892e-01 4.15508389e-01 3.68576139e-01
    3.86566997e-01 4.53504473e-01 4.87502873e-01 4.58022684e-01
    4.13442552e-01 3.95751923e-01 4.01107311e-01 4.41517025e-01
    5.04157603e-01 5.06422341e-01 4.53546524e-01 4.48107898e-01
    5.01227438e-01 5.52226782e-01 5.75678945e-01 5.53313494e-01
    4.75331068e-01 3.91220599e-01 3.66746008e-01 4.00431484e-01
    4.23711389e-01 3.96690428e-01 3.71665955e-01 3.84852827e-01
    3.89429837e-01 3.85394543e-01 4.12535191e-01 4.40209478e-01
    4.58107442e-01 5.05177438e-01 5.53462505e-01 5.39865911e-01
    4.59810585e-01 4.13617671e-01 5.04194260e-01 6.36524439e-01
    6.65181220e-01 6.17737949e-01 5.62964737e-01 5.15962362e-01
    4.90803063e-01 4.73985374e-01 4.28205609e-01 3.79334390e-01
    4.07461166e-01 5.02962708e-01 5.52933276e-01 5.49001336e-01
    5.68130910e-01 5.77416003e-01 5.50371945e-01 5.07277191e-01
    4.37062681e-01 4.13206607e-01 4.60134864e-01 4.63913918e-01
    4.21715558e-01 4.15324807e-01 4.36431795e-01 4.56717104e-01
    4.91392285e-01 5.15366793e-01 4.93231177e-01 4.96795028e-01
    5.86832285e-01 6.65493071e-01 6.23686075e-01 5.13158739e-01
    4.46462423e-01 4.44953829e-01 4.44604814e-01 3.96053553e-01
    3.34370881e-01 3.18232447e-01 3.77012610e-01 4.51793134e-01
    4.23610896e-01 3.59649926e-01 4.22939330e-01 5.25663495e-01
    4.99199867e-01 4.40847188e-01 4.83915895e-01 5.40609181e-01
    5.51070452e-01 5.61059594e-01 5.71919918e-01 5.88461936e-01
    6.00937247e-01 5.76472104e-01 5.76523900e-01 6.14603579e-01
    5.58971286e-01 4.50890481e-01 4.60658282e-01 5.13186395e-01
    5.06193995e-01 5.05358040e-01 5.08694232e-01 4.78066146e-01
    4.47109520e-01 4.41177875e-01 4.44940954e-01 4.36844736e-01
    4.26435202e-01 4.43788260e-01 4.98123705e-01 5.44037163e-01
    5.37741125e-01 5.17355025e-01 4.94718075e-01 4.03643847e-01
    2.81733692e-01 2.61572838e-01 3.53116214e-01 4.71107572e-01
    5.68915963e-01 6.28431201e-01 6.40349448e-01 6.15035057e-01
    5.95748067e-01 5.88212013e-01 5.12754738e-01 3.32818359e-01
    2.81716347e-01 4.14345354e-01 4.99072552e-01 5.46811640e-01
    5.48095286e-01 5.24544895e-01 5.46472847e-01 5.90590000e-01
    5.71361423e-01 5.41983485e-01 5.61638892e-01 5.36665618e-01
    4.72247422e-01 4.84294474e-01 5.23501396e-01 4.88236248e-01
    4.38094288e-01 4.67676401e-01 5.46698451e-01 6.11693680e-01
    6.37167633e-01 6.03064656e-01 5.53120315e-01 5.58019996e-01
    5.82606912e-01 5.35519660e-01 4.45440918e-01 4.49879229e-01
    5.68213642e-01 6.68321192e-01 6.70762718e-01 6.21032178e-01
    5.86485922e-01 5.72781384e-01 5.42486966e-01 4.78296787e-01
    4.24426436e-01 4.42989975e-01 4.85964388e-01 4.65500921e-01
    4.36131746e-01 4.49109018e-01 4.48155701e-01 4.31581527e-01
    4.39305097e-01 4.66280222e-01 5.10271013e-01 5.73203743e-01
    5.96258163e-01 5.40277183e-01 4.90887642e-01 5.26827872e-01
    5.84719419e-01 5.58992147e-01 4.82984662e-01 4.56968933e-01
    4.51660752e-01 4.28555191e-01 4.36359733e-01 4.73492533e-01
    5.02724349e-01 5.29215872e-01 5.48444152e-01 5.17932177e-01
    4.74163413e-01 5.13354063e-01 5.87233901e-01 5.97975373e-01
    5.77915490e-01 5.52526355e-01 5.00176013e-01 4.69830990e-01
    4.79471654e-01 4.75912929e-01 4.71425623e-01 4.94849920e-01
    5.42036176e-01 5.91785192e-01 5.72513103e-01 4.87408578e-01
    4.60771859e-01 5.25931537e-01 5.58499157e-01 4.87562776e-01
    4.22488391e-01 4.59577531e-01 5.09237468e-01 4.77697313e-01
    4.33784008e-01 4.38948244e-01 4.47486222e-01 4.66279000e-01
    5.34581900e-01 5.79247773e-01 5.29719830e-01 4.17821378e-01
    3.10307384e-01 2.94189632e-01 3.78765643e-01 4.63255912e-01
    5.19920945e-01 5.75454593e-01 5.97754180e-01 5.64587355e-01
    5.00105917e-01 4.65304047e-01 5.03028572e-01 5.48296690e-01
    5.21483958e-01 4.72193509e-01 5.04951000e-01 5.72892427e-01
    5.54474056e-01 4.99933541e-01 4.89923745e-01 4.58502591e-01
    3.88579935e-01 3.69269699e-01 4.09947157e-01 4.65687066e-01
    5.13010561e-01 5.23143291e-01 5.11095524e-01 4.93158400e-01
    4.51602608e-01 4.49939132e-01 5.29188275e-01 5.66668749e-01
    5.15317678e-01 4.92587894e-01 5.15506089e-01 5.01535892e-01
    4.65936482e-01 4.72630233e-01 4.99990731e-01 4.94364768e-01
    4.69513148e-01 4.51539159e-01 4.24854010e-01 4.09939945e-01
    4.31134760e-01 4.46014225e-01 4.65354234e-01 5.45170724e-01
    6.42177880e-01 6.76388979e-01 6.40083015e-01 5.66704631e-01
    4.78505880e-01 3.85492474e-01 3.36414695e-01 4.00832981e-01
    5.15029907e-01 5.31103313e-01 4.76622611e-01 4.63592499e-01
    4.57699776e-01 4.23907518e-01 4.21242207e-01 4.45834041e-01
    4.64239389e-01 5.08675933e-01 5.70067942e-01 5.68893015e-01
    4.88908589e-01 4.40623492e-01 5.12227058e-01 6.19544506e-01
    6.45659804e-01 5.92704177e-01 5.15691817e-01 4.66003418e-01
    4.78281736e-01 5.06565452e-01 4.84291196e-01 4.50266063e-01
    4.61772352e-01 4.96155411e-01 5.07207036e-01 5.05959392e-01
    5.29477298e-01 5.41205645e-01 5.30062973e-01 5.16049027e-01
    4.59684968e-01 4.08006430e-01 4.20382082e-01 4.36316013e-01
    4.19643372e-01 3.97996485e-01 3.99600506e-01 4.26233798e-01
    4.73247200e-01 5.18133879e-01 5.05904853e-01 4.72350180e-01
    5.13637602e-01 5.83474696e-01 5.58402359e-01 4.62157696e-01
    4.15993750e-01 4.34523791e-01 4.35396820e-01 3.92815977e-01
    3.51072252e-01 3.42114240e-01 3.75679821e-01 4.09475893e-01
    3.88878107e-01 3.74145240e-01 4.38237906e-01 5.06912470e-01
    4.97497410e-01 4.79034692e-01 4.99322981e-01 5.14224112e-01
    5.59096754e-01 6.44185185e-01 6.80332959e-01 6.60412848e-01
    6.24787629e-01 5.71308136e-01 5.39784670e-01 5.39035738e-01
    4.68666822e-01 3.70206863e-01 4.02297705e-01 4.88694191e-01
    5.00216126e-01 4.84426200e-01 4.67312902e-01 4.34924960e-01
    4.08159465e-01 4.16787416e-01 4.58006710e-01 4.79241490e-01
    4.65753138e-01 4.51175272e-01 4.49901313e-01 4.36004072e-01
    4.07318681e-01 4.08278704e-01 4.12424982e-01 3.75077486e-01
    3.50444049e-01 3.79560202e-01 4.24708784e-01 4.75890905e-01
    5.47712266e-01 6.07874155e-01 6.38570607e-01 6.43868744e-01
    6.22117519e-01 5.80434740e-01 4.75512147e-01 2.81965524e-01
    3.31444502e-01 4.71613556e-01 5.15362680e-01 5.18684149e-01
    5.05451798e-01 4.85969067e-01 5.22729635e-01 5.86153388e-01
    5.92722893e-01 5.81078947e-01 5.81327915e-01 5.38949132e-01
    5.06911993e-01 5.65947711e-01 6.09403551e-01 5.36184072e-01
    4.47039545e-01 4.43430245e-01 4.77367103e-01 4.89932775e-01
    4.98246431e-01 5.18916786e-01 5.25521219e-01 5.08062959e-01
    4.87124056e-01 4.51431870e-01 4.17429566e-01 4.56874996e-01
    5.64025462e-01 6.57898068e-01 6.79255128e-01 6.28658831e-01
    5.64715922e-01 5.36961734e-01 5.32562494e-01 5.13425171e-01
    5.04024386e-01 5.53449869e-01 5.83854496e-01 5.10806262e-01
    4.45643574e-01 4.71331239e-01 4.86167938e-01 4.42214251e-01
    4.17984277e-01 4.43094045e-01 4.77223635e-01 5.14022350e-01
    5.41171491e-01 5.27336240e-01 4.88326013e-01 4.66432095e-01
    4.84211951e-01 4.95513976e-01 4.63972121e-01 4.37072963e-01
    4.35256183e-01 4.35826898e-01 4.49349850e-01 4.95497644e-01
    5.33336401e-01 5.37035823e-01 5.54420471e-01 5.62254488e-01
    5.23737788e-01 5.15083551e-01 5.54812372e-01 5.73700190e-01
    5.71332455e-01 5.59086382e-01 5.26609242e-01 5.10241508e-01
    4.93047416e-01 4.55223501e-01 4.83494669e-01 5.63405395e-01
    5.97650766e-01 5.97029507e-01 5.66587865e-01 4.98724908e-01
    4.75783139e-01 5.38492918e-01 5.87789893e-01 5.39570570e-01
    4.81298983e-01 5.30220985e-01 6.04502201e-01 5.61726868e-01
    4.63266104e-01 4.32840109e-01 4.54439908e-01 5.01229882e-01
    5.71262479e-01 6.04822755e-01 5.85534096e-01 5.33355355e-01
    4.31920975e-01 3.51957828e-01 3.90246123e-01 4.84167546e-01
    5.36206901e-01 5.63650370e-01 6.06754899e-01 6.26688540e-01
    5.58490574e-01 4.59465474e-01 4.54107106e-01 5.05987108e-01
    5.10105968e-01 5.02820671e-01 5.51623702e-01 6.01728678e-01
    5.83926260e-01 5.46569109e-01 5.27184069e-01 4.68835622e-01
    3.97320092e-01 4.08546388e-01 4.60688055e-01 4.85116661e-01
    5.24180830e-01 5.84107518e-01 6.11883402e-01 5.91754258e-01
    5.43266416e-01 5.13757527e-01 5.13191521e-01 4.88785833e-01
    4.60897595e-01 4.97560561e-01 5.67181468e-01 5.85561097e-01
    5.49558938e-01 5.26129007e-01 5.25786996e-01 5.13247013e-01
    5.03491521e-01 5.06984353e-01 4.87991095e-01 4.52614009e-01
    4.34427470e-01 4.42641795e-01 5.03747821e-01 6.15641177e-01
    7.04633117e-01 7.20163047e-01 6.88433230e-01 6.50864244e-01
    5.98535001e-01 5.04148066e-01 4.28393841e-01 4.83833313e-01
    6.12803161e-01 6.36310518e-01 5.69737673e-01 5.40165544e-01
    5.25116980e-01 4.77598310e-01 4.51301068e-01 4.66581523e-01
    4.85799670e-01 5.14592946e-01 5.49871087e-01 5.38349986e-01
    4.86222655e-01 4.58460510e-01 4.75261748e-01 5.17153978e-01
    5.58541179e-01 5.67354977e-01 5.42920768e-01 5.31363606e-01
    5.61752260e-01 5.81392348e-01 5.55563211e-01 5.46539307e-01
    5.58223248e-01 5.35566151e-01 4.92973298e-01 4.70334500e-01
    4.80263621e-01 4.96980309e-01 5.23063898e-01 5.65703034e-01
    5.42652667e-01 4.51472968e-01 4.01330650e-01 4.22460616e-01
    4.45854872e-01 4.06738430e-01 3.44769478e-01 3.44643295e-01
    4.10966903e-01 4.86443579e-01 5.22321701e-01 5.18764317e-01
    5.11768162e-01 5.03514886e-01 4.61499304e-01 4.04693574e-01
    3.95162433e-01 4.27813679e-01 4.37468678e-01 4.26034570e-01
    4.34606165e-01 4.46622491e-01 4.38150823e-01 4.12101954e-01
    4.07226205e-01 4.57159162e-01 5.11327922e-01 5.20134687e-01
    5.08418560e-01 5.16901672e-01 5.18983245e-01 4.85020369e-01
    5.03324747e-01 6.13456309e-01 6.97809458e-01 6.79951251e-01
    6.04415238e-01 5.31639338e-01 4.89929795e-01 4.68721271e-01
    4.17100579e-01 3.68016928e-01 4.20540303e-01 5.11143863e-01
    5.20704329e-01 4.69390124e-01 4.18967813e-01 4.05079693e-01
    4.17993575e-01 4.40253705e-01 4.91356581e-01 5.50663412e-01
    5.75483441e-01 5.63193500e-01 5.19417703e-01 4.41920251e-01
    3.75111759e-01 3.68610382e-01 3.86571854e-01 4.20198739e-01
    4.97304082e-01 5.46416998e-01 5.16937256e-01 4.92897242e-01
    5.27709603e-01 5.67904770e-01 5.95892727e-01 6.20999396e-01
    6.08273864e-01 5.56085348e-01 4.59676087e-01 2.88584352e-01
    3.11283380e-01 4.61350530e-01 4.95506436e-01 5.04564762e-01
    5.15849531e-01 4.92328197e-01 4.84722793e-01 5.20933747e-01
    5.67382395e-01 5.95474541e-01 5.83673716e-01 5.36908686e-01
    5.03929675e-01 5.31241775e-01 5.61483443e-01 5.18735230e-01
    4.62510705e-01 4.62054342e-01 4.77047592e-01 4.48800832e-01
    4.08626437e-01 4.17443007e-01 4.24825519e-01 3.81319195e-01
    3.54119599e-01 3.79759610e-01 4.24633324e-01 4.68023002e-01
    5.19704938e-01 5.99605978e-01 6.64953172e-01 6.46892846e-01
    5.62321067e-01 4.93088186e-01 4.89340037e-01 5.12847245e-01
    5.24183869e-01 5.49287200e-01 5.58708668e-01 4.98560518e-01
    4.53340322e-01 4.88059938e-01 4.97664571e-01 4.23275292e-01
    3.70273560e-01 3.97716314e-01 4.26161557e-01 4.33041096e-01
    4.76326764e-01 5.33358335e-01 5.24825037e-01 4.68507707e-01
    4.62588042e-01 4.88445550e-01 4.54051554e-01 3.86783302e-01
    3.66907835e-01 3.95713270e-01 4.41976130e-01 5.07950962e-01
    5.57866752e-01 5.68561018e-01 6.04127944e-01 6.39713645e-01
    5.91237307e-01 5.12513816e-01 4.89091754e-01 5.20166934e-01
    5.78533292e-01 6.14485025e-01 6.04936600e-01 5.90351820e-01
    5.53060472e-01 4.85839069e-01 4.87832934e-01 5.49235642e-01
    5.66454828e-01 5.66419542e-01 5.72107077e-01 5.30174255e-01
    4.90203530e-01 5.28031588e-01 5.88568568e-01 5.80527246e-01
    5.21069050e-01 5.12597322e-01 5.48823833e-01 5.16870141e-01
    4.56430942e-01 4.74747837e-01 5.24055243e-01 5.58858991e-01
    6.08560085e-01 6.53945148e-01 6.74812913e-01 6.57866359e-01
    5.64900279e-01 4.54037607e-01 4.34207737e-01 4.83719468e-01
    5.16057432e-01 5.32544136e-01 5.81376970e-01 6.32288277e-01
    5.92668772e-01 4.85838711e-01 4.41127092e-01 4.64591265e-01
    4.88187671e-01 5.25258899e-01 5.82385361e-01 6.13218844e-01
    6.02554798e-01 5.91620564e-01 5.82466602e-01 5.24502456e-01
    4.77835745e-01 5.20817697e-01 5.57370126e-01 5.35674274e-01
    5.47801077e-01 6.03068769e-01 6.23071790e-01 5.90438068e-01
    5.54454982e-01 5.36771715e-01 4.97741967e-01 4.33241189e-01
    4.11820829e-01 4.46749866e-01 4.81485724e-01 4.97543246e-01
    5.13712287e-01 5.23186803e-01 4.96408224e-01 4.60169524e-01
    4.76137251e-01 5.27140141e-01 5.53137839e-01 5.43276250e-01
    5.11157155e-01 4.93388593e-01 5.39524078e-01 6.15366280e-01
    6.49928033e-01 6.59005165e-01 6.88503206e-01 7.17799783e-01
    6.94509923e-01 6.10300243e-01 5.32965302e-01 5.42386830e-01
    6.08263612e-01 6.33551776e-01 6.07097149e-01 5.73912561e-01
    5.37188053e-01 4.85913128e-01 4.42220569e-01 4.38335508e-01
    4.61915463e-01 4.88892376e-01 5.19145370e-01 5.33318281e-01
    5.17993450e-01 4.83296335e-01 4.48814958e-01 4.59135145e-01
    5.18136919e-01 5.71087778e-01 5.96370816e-01 6.10145628e-01
    6.21709764e-01 6.14791512e-01 5.89717984e-01 5.95458865e-01
    6.07181787e-01 5.46791434e-01 4.55318034e-01 4.27961469e-01
    4.56276625e-01 4.72509027e-01 5.03926754e-01 5.78686655e-01
    5.87386131e-01 5.03923535e-01 4.55598861e-01 4.83356148e-01
    4.98357564e-01 4.33287531e-01 3.33723545e-01 3.00356209e-01
    3.60300630e-01 4.46440041e-01 5.11753798e-01 5.47264695e-01
    5.21296740e-01 4.47370082e-01 3.99909645e-01 4.01916146e-01
    4.24219102e-01 4.46791530e-01 4.57848936e-01 4.72332984e-01
    5.01477182e-01 5.14110804e-01 4.84592736e-01 4.30071354e-01
    4.29902911e-01 5.02169669e-01 5.43029189e-01 5.41865230e-01
    5.68636060e-01 6.05703890e-01 5.84981203e-01 4.87284303e-01
    4.28592354e-01 5.08778453e-01 6.11436427e-01 6.08702302e-01
    5.45110762e-01 4.90251303e-01 4.62976545e-01 4.74731624e-01
    4.92351145e-01 4.93557721e-01 5.26035786e-01 5.71558058e-01
    5.52327931e-01 4.79925156e-01 4.33449775e-01 4.55427051e-01
    4.95251536e-01 5.01330018e-01 5.22706032e-01 5.84122777e-01
    6.29612088e-01 6.30531192e-01 5.88998079e-01 5.13312995e-01
    4.48373765e-01 4.24304575e-01 4.29559052e-01 4.89853054e-01
    5.86471260e-01 6.03490293e-01 5.32694697e-01 4.86327708e-01
    4.93314236e-01 5.08962989e-01 5.33715725e-01 5.57239354e-01
    5.38291514e-01 5.05502820e-01 4.68977660e-01 3.47284943e-01
    2.27315217e-01 3.76955777e-01 4.45110232e-01 4.91773605e-01
    5.12678027e-01 4.59892899e-01 4.05555934e-01 4.36073482e-01
    5.21719456e-01 5.56739509e-01 5.33890605e-01 5.20470619e-01
    5.04505813e-01 4.91349369e-01 5.03021181e-01 4.93016183e-01
    4.62501645e-01 4.69119757e-01 4.99160528e-01 4.77353960e-01
    4.08823729e-01 3.60924631e-01 3.25940192e-01 2.97176301e-01
    3.29241842e-01 4.12724406e-01 4.77630407e-01 4.97298926e-01
    5.04720747e-01 5.47423482e-01 6.09287977e-01 6.24143481e-01
    5.74842870e-01 5.21622598e-01 5.32208085e-01 5.73123991e-01
    5.57267964e-01 5.00453353e-01 4.60413069e-01 4.28539634e-01
    4.24569786e-01 4.58535045e-01 4.43456203e-01 3.67208123e-01
    3.38840216e-01 3.86345685e-01 4.26600665e-01 4.51197088e-01
    5.22872746e-01 5.96123099e-01 5.80136299e-01 5.25642395e-01
    5.27221143e-01 5.36342263e-01 4.75583822e-01 3.89396399e-01
    3.58324945e-01 3.92138481e-01 4.47988421e-01 5.04074574e-01
    5.47075510e-01 5.72681665e-01 6.18601620e-01 6.61320508e-01
    6.25696778e-01 5.36391020e-01 4.89385933e-01 5.35271585e-01
    6.30291402e-01 6.71554983e-01 6.36900246e-01 5.96965611e-01
    5.64355075e-01 5.12099326e-01 4.77789521e-01 4.77592081e-01
    4.76715058e-01 5.07616937e-01 5.62254250e-01 5.39173663e-01
    4.76481557e-01 4.85848725e-01 5.41065872e-01 5.65133095e-01
    5.31161547e-01 4.90952075e-01 4.87906069e-01 4.65957761e-01
    4.47452337e-01 5.09700239e-01 5.82105219e-01 5.93240857e-01
    5.91901422e-01 6.26537263e-01 6.80405498e-01 6.86920643e-01
    6.15018487e-01 5.29061556e-01 4.90349501e-01 4.85378504e-01
    5.00361323e-01 5.44815958e-01 6.00695074e-01 6.27024710e-01
    5.93530297e-01 5.24674237e-01 4.65774924e-01 4.31484818e-01
    4.53939766e-01 5.21756530e-01 5.64061582e-01 5.84348142e-01
    6.07586384e-01 6.16995871e-01 5.99664509e-01 5.57826757e-01
    5.62212169e-01 6.29333198e-01 6.35007083e-01 5.75286210e-01
    5.60738266e-01 5.83198905e-01 5.71701467e-01 5.28426409e-01
    5.12526810e-01 5.20033062e-01 4.86393303e-01 4.16457891e-01
    3.78696978e-01 3.84618551e-01 3.80555093e-01 3.74254674e-01
    4.20420945e-01 4.63524669e-01 4.26775396e-01 3.89804751e-01
    4.44540501e-01 5.44008553e-01 6.13702774e-01 6.28692210e-01
    5.92441142e-01 5.54802477e-01 5.66210628e-01 5.85640907e-01
    5.58160245e-01 5.47582805e-01 6.09615982e-01 6.61731243e-01
    6.43478632e-01 5.91293871e-01 5.39919853e-01 5.09146333e-01
    5.22325158e-01 5.71202695e-01 5.95103264e-01 5.57199776e-01
    4.99163508e-01 4.52758729e-01 4.08436865e-01 3.92037421e-01
    4.16919082e-01 4.58422542e-01 5.23285747e-01 5.86617708e-01
    5.90953350e-01 5.49647748e-01 5.16034007e-01 5.06148338e-01
    5.08714676e-01 5.37631691e-01 5.94822764e-01 6.14543498e-01
    5.85474968e-01 5.84149301e-01 6.05041385e-01 6.01411998e-01
    5.81654370e-01 5.21809340e-01 4.26135093e-01 3.99082869e-01
    4.45178568e-01 4.59595621e-01 4.78105098e-01 5.51194072e-01
    5.71331620e-01 5.22945762e-01 5.16775548e-01 5.47271967e-01
    5.28913438e-01 4.65704262e-01 4.11786765e-01 3.87594730e-01
    4.13408995e-01 4.77556884e-01 5.30871987e-01 5.35326540e-01
    4.60522354e-01 3.69080186e-01 3.71217728e-01 4.33588803e-01
    4.62438554e-01 4.60309684e-01 4.70364064e-01 5.04875124e-01
    5.32559216e-01 5.22027910e-01 4.77550715e-01 4.22693670e-01
    4.22069907e-01 4.80791330e-01 5.09555697e-01 5.35129130e-01
    6.23763621e-01 6.93085611e-01 6.47460878e-01 5.04178584e-01
    4.05938774e-01 4.55809742e-01 5.38448274e-01 5.55149257e-01
    5.49814999e-01 5.22335947e-01 4.89655048e-01 5.23564637e-01
    5.87986469e-01 6.13532901e-01 6.21093273e-01 6.28797114e-01
    6.07705653e-01 5.59832931e-01 5.35583019e-01 5.50362885e-01
    5.51250577e-01 5.21542132e-01 5.24705887e-01 5.77283859e-01
    6.15956783e-01 6.03222072e-01 5.60437739e-01 5.26863039e-01
    5.06196260e-01 4.83256638e-01 4.81567681e-01 5.23035944e-01
    5.58301091e-01 5.38255215e-01 4.98319030e-01 4.72001821e-01
    4.51461554e-01 4.57670867e-01 5.00230014e-01 5.11971593e-01
    4.69683200e-01 4.62317795e-01 4.82522041e-01 3.88601750e-01
    1.77573279e-01 3.12000275e-01 3.93405586e-01 4.53300357e-01
    4.69712049e-01 4.05831128e-01 3.50261182e-01 3.94944549e-01
    4.73470628e-01 4.76207107e-01 4.70634401e-01 5.26450932e-01
    5.47735572e-01 5.18740833e-01 5.06443739e-01 4.78980303e-01
    4.20040131e-01 4.00613666e-01 4.30167377e-01 4.30655420e-01
    3.74319077e-01 3.06808740e-01 2.73807913e-01 3.01468432e-01
    3.85608941e-01 4.56630260e-01 4.68512535e-01 4.84352648e-01
    5.27860105e-01 5.47898889e-01 5.50377488e-01 5.63147962e-01
    5.77987850e-01 6.00597024e-01 6.50813222e-01 6.81990087e-01
    6.16096973e-01 5.01524150e-01 4.40549791e-01 4.20688123e-01
    4.25643027e-01 4.49394673e-01 4.17921394e-01 3.56673241e-01
    3.62767071e-01 4.22106534e-01 4.83249068e-01 5.55833995e-01
    6.37379944e-01 6.47403717e-01 5.66334784e-01 5.21875024e-01
    5.68088114e-01 5.88443339e-01 5.15189230e-01 4.24346685e-01
    4.09584045e-01 4.66085345e-01 5.02068341e-01 4.91836488e-01
    4.94336665e-01 5.19830942e-01 5.56684792e-01 5.96031487e-01
    5.88288486e-01 5.27531743e-01 5.03058314e-01 5.80295682e-01
    6.87614560e-01 7.02746630e-01 6.20484829e-01 5.36617398e-01
    4.99522865e-01 4.79784399e-01 4.59270358e-01 4.37158942e-01
    4.09368038e-01 4.29347634e-01 5.08346677e-01 5.31822383e-01
    4.89550501e-01 4.81997728e-01 4.99233365e-01 4.97265160e-01
    4.79119927e-01 4.68815684e-01 4.89404768e-01 4.91103649e-01
    4.73822892e-01 5.24697721e-01 6.08529866e-01 6.18888855e-01
    5.66649973e-01 5.54030061e-01 6.10722601e-01 6.41300797e-01
    5.95178545e-01 5.40075481e-01 5.13601303e-01 4.88869637e-01
    4.97876972e-01 5.74784935e-01 6.40824556e-01 6.17782950e-01
    5.40335178e-01 4.84146804e-01 4.39782411e-01 3.96834850e-01
    4.36806470e-01 5.29917181e-01 5.62558949e-01 5.70198059e-01
    6.03827953e-01 6.05679870e-01 5.52510202e-01 5.15889049e-01
    5.68219662e-01 6.54073834e-01 6.56006575e-01 5.94735026e-01
    5.47724366e-01 5.07921815e-01 4.65278447e-01 4.51654345e-01
    4.80682373e-01 5.06103337e-01 4.85141605e-01 4.35736150e-01
    3.97620797e-01 3.93205225e-01 3.92141551e-01 3.83978099e-01
    4.12259310e-01 4.26018775e-01 3.66599977e-01 3.31424147e-01
    4.03583735e-01 5.33431947e-01 6.41473949e-01 6.75529838e-01
    6.43293083e-01 6.10192060e-01 6.08999550e-01 6.02219999e-01
    5.46729207e-01 4.96748090e-01 5.08824229e-01 5.14533579e-01
    4.97675240e-01 5.13161302e-01 5.19390643e-01 4.77584362e-01
    4.51088220e-01 4.83793646e-01 5.23077250e-01 5.12819409e-01
    4.72308099e-01 4.41442579e-01 4.25406545e-01 4.23555642e-01
    4.39016908e-01 4.80836958e-01 5.62355220e-01 6.37832165e-01
    6.49879456e-01 6.26682460e-01 6.03536367e-01 5.52486598e-01
    4.81038690e-01 4.85141575e-01 5.76200128e-01 6.01654172e-01
    5.35619497e-01 5.39133787e-01 5.96856654e-01 5.73591888e-01
    5.16075611e-01 4.80728179e-01 4.29770797e-01 4.12563384e-01
    4.44748580e-01 4.47365791e-01 4.61411834e-01 5.21095753e-01
    5.31083345e-01 4.91179019e-01 4.88052934e-01 5.15651226e-01
    5.11955559e-01 4.87748295e-01 4.88190562e-01 4.93038952e-01
    4.99066651e-01 5.42310119e-01 5.91274321e-01 5.57208478e-01
    4.32725608e-01 3.54868680e-01 4.07505423e-01 4.94970262e-01
    5.20741463e-01 4.91172045e-01 4.63344574e-01 4.92098570e-01
    5.40929258e-01 5.28341293e-01 4.67277676e-01 4.24822807e-01
    4.37051415e-01 4.63931233e-01 4.47168767e-01 4.61421609e-01
    5.74145973e-01 6.73568904e-01 6.52682245e-01 5.45876145e-01
    4.70900446e-01 4.89488304e-01 5.23007929e-01 5.35382569e-01
    5.59525847e-01 5.48985779e-01 5.18871367e-01 5.41645586e-01
    5.81281304e-01 6.02675259e-01 6.22069418e-01 6.44509256e-01
    6.68527126e-01 6.72945619e-01 6.52419448e-01 6.14931524e-01
    5.48576236e-01 4.83349472e-01 4.84210074e-01 5.47863185e-01
    5.88290095e-01 5.43314099e-01 4.64495301e-01 4.47346598e-01
    4.76997524e-01 4.91829365e-01 5.06569207e-01 5.18787026e-01
    5.02903640e-01 4.98646677e-01 5.16772151e-01 4.91880417e-01
    4.31189835e-01 4.27836955e-01 4.84076887e-01 4.88605767e-01
    4.24424410e-01 4.07519341e-01 4.30791259e-01 3.48823041e-01
    2.00208381e-01 3.01809907e-01 3.46666425e-01 3.90658647e-01
    4.14087504e-01 3.71386975e-01 3.32432002e-01 3.68078232e-01
    4.14992869e-01 4.14266378e-01 4.48969215e-01 5.32075405e-01
    5.59980392e-01 5.42023301e-01 5.19167840e-01 4.60066080e-01
    3.87554258e-01 3.62928838e-01 3.70169193e-01 3.58648419e-01
    3.16554904e-01 2.71808416e-01 2.76794523e-01 3.38459432e-01
    4.11937833e-01 4.34793562e-01 4.00459290e-01 4.23795998e-01
    5.24978697e-01 5.69627464e-01 5.32530069e-01 5.04698694e-01
    5.26781619e-01 5.86788118e-01 6.65891290e-01 7.08614230e-01
    6.51634276e-01 5.54261863e-01 5.12300193e-01 4.85879242e-01
    4.55093265e-01 4.56868082e-01 4.42339659e-01 4.13752884e-01
    4.34418976e-01 4.86266196e-01 5.48949897e-01 6.40685797e-01
    7.13234127e-01 6.57463491e-01 5.09797633e-01 4.64794248e-01
    5.58017731e-01 6.11913741e-01 5.33013701e-01 4.34445858e-01
    4.47522640e-01 5.23607612e-01 5.25232136e-01 4.61716563e-01
    4.36610669e-01 4.56228197e-01 4.88260120e-01 5.23066044e-01
    5.18531561e-01 4.65439796e-01 4.49663132e-01 5.33176184e-01
    6.43636942e-01 6.72039747e-01 6.06823623e-01 5.12445033e-01
    4.47869748e-01 4.43991423e-01 4.87093925e-01 4.98433053e-01
    4.34360087e-01 3.88981968e-01 4.37245309e-01 4.93099093e-01
    5.04251719e-01 5.17523527e-01 5.12186229e-01 4.70608026e-01
    4.36822653e-01 4.33498561e-01 4.66927648e-01 4.96035397e-01
    5.02919853e-01 5.53597987e-01 6.36325538e-01 6.61236107e-01
    6.13189399e-01 5.70274115e-01 5.84097147e-01 5.97496927e-01
    5.57279587e-01 5.08519948e-01 4.88302827e-01 4.63552982e-01
    4.54725742e-01 5.16076028e-01 5.90123653e-01 5.81261694e-01
    5.01065910e-01 4.44632024e-01 4.36953694e-01 4.44900215e-01
    4.93472010e-01 5.68822145e-01 5.96791387e-01 5.83309054e-01
    5.79409361e-01 5.54811835e-01 4.78511065e-01 4.46427673e-01
    5.26107132e-01 6.20198607e-01 6.34050786e-01 5.91402233e-01
    5.16385257e-01 4.07344520e-01 3.38908166e-01 3.79900724e-01
    4.73149657e-01 5.19725382e-01 5.02960086e-01 4.73593950e-01
    4.61132675e-01 4.71012086e-01 4.95397657e-01 5.07782996e-01
    4.93056655e-01 4.37789798e-01 3.63919079e-01 3.33595604e-01
    3.74087036e-01 4.82979119e-01 6.09280705e-01 6.54680848e-01
    6.17457867e-01 5.95625997e-01 6.25051379e-01 6.53481483e-01
    6.22923136e-01 5.53100109e-01 4.93082136e-01 4.28450555e-01
    3.95018637e-01 4.52470899e-01 5.19548357e-01 5.05417645e-01
    4.51199591e-01 4.33389395e-01 4.68307793e-01 5.03130198e-01
    4.91173923e-01 4.72897321e-01 4.96922612e-01 5.29316425e-01
    5.32977343e-01 5.40529132e-01 5.83766699e-01 6.36509299e-01
    6.70642734e-01 6.75159276e-01 6.27324700e-01 5.40452719e-01
    4.77084339e-01 5.06060362e-01 6.09996796e-01 6.33533061e-01
    5.47444522e-01 5.19767523e-01 5.58106124e-01 5.32852829e-01
    4.68758255e-01 4.48334724e-01 4.66053218e-01 4.99706149e-01
    4.98629481e-01 4.44910526e-01 4.43982691e-01 5.04731476e-01
    5.08826673e-01 4.54805344e-01 4.24658000e-01 4.46379393e-01
    4.81054395e-01 4.88191158e-01 4.83486712e-01 4.81540561e-01
    4.81965452e-01 5.24142563e-01 6.00992858e-01 5.98102868e-01
    5.04832864e-01 4.57478732e-01 4.92949516e-01 5.49151719e-01
    5.78150749e-01 5.35721838e-01 4.52973902e-01 4.47558463e-01
    5.20096481e-01 5.30084014e-01 4.60075140e-01 4.26886261e-01
    4.51874852e-01 4.41533506e-01 3.64420563e-01 3.42245728e-01
    4.56974328e-01 5.96374512e-01 6.40836596e-01 6.06265724e-01
    5.57951927e-01 5.29319704e-01 5.01849055e-01 4.77585018e-01
    4.87886608e-01 5.02778947e-01 5.06851196e-01 5.18333793e-01
    5.27782083e-01 5.56122959e-01 6.04716539e-01 6.33556545e-01
    6.55362308e-01 6.81062281e-01 6.80954218e-01 6.38434291e-01
    5.58501720e-01 4.82330203e-01 4.78825659e-01 5.47805727e-01
    5.82244575e-01 5.10918617e-01 3.97061229e-01 3.55865091e-01
    4.12779659e-01 4.85532194e-01 5.09147763e-01 4.91302490e-01
    4.88252819e-01 5.38981020e-01 5.80435097e-01 5.30246139e-01
    4.37816381e-01 4.14494127e-01 4.58725661e-01 4.66467381e-01
    4.07402575e-01 3.65044236e-01 3.52761000e-01 2.76701301e-01
    2.52892286e-01 3.12871903e-01 3.10430467e-01 3.36475730e-01
    3.76291782e-01 3.71500403e-01 3.47671628e-01 3.57917666e-01
    3.93527091e-01 4.25612241e-01 4.65409130e-01 4.99489009e-01
    5.12353659e-01 5.26932955e-01 5.09517968e-01 4.42647696e-01
    4.04335707e-01 4.18056130e-01 4.10375804e-01 3.66488487e-01
    3.31832677e-01 3.18428397e-01 3.49473208e-01 4.17318642e-01
    4.58016098e-01 4.33797687e-01 3.66798848e-01 3.61725032e-01
    4.59865540e-01 5.32494724e-01 4.97962356e-01 4.40520376e-01
    4.36248779e-01 4.79909688e-01 5.66236556e-01 6.53809905e-01
    6.55424654e-01 5.87557435e-01 5.36039114e-01 4.89844650e-01
    4.39371020e-01 4.34033841e-01 4.60501641e-01 4.91311312e-01
    5.27125955e-01 5.47407687e-01 5.67637503e-01 6.46308959e-01
    7.30772734e-01 6.69727147e-01 4.92239475e-01 4.13850069e-01
    4.94180828e-01 5.60123742e-01 5.04879892e-01 4.48563606e-01
    4.90097463e-01 5.22930920e-01 4.68085557e-01 4.09715712e-01
    3.99954259e-01 4.11861271e-01 4.45332170e-01 4.80429262e-01
    4.71670121e-01 4.38252687e-01 4.36323404e-01 4.82009172e-01
    5.36937237e-01 5.64059317e-01 5.61366737e-01 5.13322532e-01
    4.39337969e-01 4.50548321e-01 5.55471897e-01 5.88325202e-01
    4.90960479e-01 4.02743816e-01 4.05313432e-01 4.35798347e-01
    4.68793273e-01 5.26803076e-01 5.54314792e-01 5.13148487e-01
    4.50767159e-01 4.10654306e-01 4.21221137e-01 4.70958918e-01
    5.18136084e-01 5.58011293e-01 5.97887754e-01 6.37609482e-01
    6.57464385e-01 6.36349916e-01 5.98520279e-01 5.65753281e-01
    5.25202394e-01 4.81359959e-01 4.58254337e-01 4.33983386e-01
    3.93618405e-01 4.00704682e-01 4.83685076e-01 5.63973725e-01
    5.69499075e-01 5.44713199e-01 5.54307163e-01 5.72523117e-01
    5.75634122e-01 5.83296478e-01 5.80163360e-01 5.44026315e-01
    5.16631186e-01 4.99005705e-01 4.39591944e-01 4.09004629e-01
    4.83623654e-01 5.69257259e-01 5.75150967e-01 5.39607584e-01
    4.87291515e-01 3.96553427e-01 3.34787965e-01 3.84034991e-01
    4.91412997e-01 5.47785461e-01 5.26169062e-01 4.94249940e-01
    5.03194213e-01 5.46844959e-01 6.08958304e-01 6.34818852e-01
    5.74229836e-01 4.83597040e-01 4.46614474e-01 4.35085356e-01
    4.11184162e-01 4.48874682e-01 5.50443947e-01 5.85121930e-01
    5.35514593e-01 5.26733339e-01 6.03484035e-01 6.83483064e-01
    6.97614133e-01 6.54885292e-01 5.75855196e-01 4.62231904e-01
    3.73163640e-01 3.92353207e-01 4.76281703e-01 5.09200811e-01
    4.80947286e-01 4.69092458e-01 5.11042058e-01 5.55398941e-01
    5.47940373e-01 5.22357523e-01 5.35719991e-01 5.76239526e-01
    5.94921887e-01 5.90034246e-01 5.95979095e-01 6.21062160e-01
    6.62178338e-01 6.81729913e-01 6.17236555e-01 5.29862225e-01
    5.22192061e-01 5.90746045e-01 6.83225572e-01 6.93935156e-01
    5.92705250e-01 5.10526419e-01 5.01685560e-01 4.90624875e-01
    4.51658070e-01 4.52882230e-01 5.34378707e-01 6.14299595e-01
    5.70417464e-01 4.43291396e-01 4.13103819e-01 4.92851496e-01
    5.32980680e-01 4.96127874e-01 4.51894134e-01 4.45332706e-01
    4.68858093e-01 4.79632616e-01 4.60693389e-01 4.30696994e-01
    4.10214245e-01 4.54386801e-01 5.64339638e-01 6.19130135e-01
    5.93449533e-01 5.59418380e-01 5.27365029e-01 5.28132141e-01
    5.56891203e-01 5.25370359e-01 4.41280544e-01 4.19609338e-01
    4.91623372e-01 5.28588831e-01 4.70548302e-01 4.23892647e-01
    4.26006466e-01 3.94884706e-01 3.07960480e-01 2.76968002e-01
    3.92751426e-01 5.51559806e-01 6.08378470e-01 5.81034482e-01
    5.36930203e-01 4.93188739e-01 4.44244117e-01 3.94214183e-01
    3.93051803e-01 4.50336546e-01 5.01834095e-01 5.19134700e-01
    5.36000848e-01 5.82848966e-01 6.25891864e-01 6.01568580e-01
    5.38449109e-01 5.23324490e-01 5.56322575e-01 5.71925223e-01
    5.43772340e-01 5.09186745e-01 5.26515663e-01 5.79313636e-01
    5.75932741e-01 5.00163794e-01 4.06161308e-01 3.48290950e-01
    3.87392402e-01 4.70035553e-01 4.74846274e-01 4.41859990e-01
    4.72747236e-01 5.38109541e-01 5.59568465e-01 5.14939070e-01
    4.50517714e-01 4.36685920e-01 4.65622038e-01 4.63106304e-01
    4.20141995e-01 3.90912116e-01 3.66469145e-01 2.78032035e-01
    2.90728241e-01 3.44603330e-01 3.23427558e-01 3.43921512e-01
    4.03103948e-01 4.26274657e-01 4.12255257e-01 4.08491582e-01
    4.38755304e-01 4.79737073e-01 4.90077227e-01 4.75932509e-01
    4.90034372e-01 5.31636477e-01 5.25935709e-01 4.64550138e-01
    4.35614049e-01 4.59012747e-01 4.42387998e-01 3.73215944e-01
    3.42373908e-01 3.66947800e-01 4.28635657e-01 5.06966114e-01
    5.29654145e-01 4.69637156e-01 3.88225317e-01 3.69566798e-01
    4.31087971e-01 4.76818532e-01 4.37751293e-01 3.86370093e-01
    3.84922236e-01 4.27636534e-01 5.31683862e-01 6.48576379e-01
    6.62406683e-01 5.72764397e-01 4.79287982e-01 4.28231031e-01
    4.07229871e-01 4.17832792e-01 4.78253752e-01 5.66042602e-01
    6.12031400e-01 5.78595757e-01 5.25809109e-01 5.67346931e-01
    6.70088589e-01 6.56674981e-01 5.08030355e-01 3.92509758e-01
    4.06332672e-01 4.61395144e-01 4.60526288e-01 4.70866174e-01
    5.20860970e-01 4.92011666e-01 4.00242865e-01 3.76565754e-01
    4.01298016e-01 4.05012608e-01 4.13149446e-01 4.30259198e-01
    4.39864546e-01 4.75745380e-01 5.30025423e-01 5.38715720e-01
    4.89615530e-01 4.46715176e-01 4.56475109e-01 4.52018201e-01
    3.99227351e-01 4.28860784e-01 5.54515302e-01 5.88676333e-01
    4.98030573e-01 4.26615894e-01 4.15938407e-01 4.08431321e-01
    4.21228766e-01 5.02191901e-01 5.72748363e-01 5.35867572e-01
    4.51914698e-01 4.22116458e-01 4.60530579e-01 5.20482421e-01
    5.38418174e-01 5.06419420e-01 4.89108980e-01 5.32775700e-01
    5.92625082e-01 5.96070826e-01 5.56552529e-01 5.31654000e-01
    5.15974343e-01 4.77167100e-01 4.44444239e-01 4.35071051e-01
    4.05818105e-01 3.87192726e-01 4.60531116e-01 5.94897211e-01
    6.76790178e-01 6.74288869e-01 6.43922925e-01 6.11487985e-01
    5.75809538e-01 5.44865072e-01 5.05622149e-01 4.49339062e-01
    4.25861984e-01 4.49246854e-01 4.40411985e-01 4.14304376e-01
    4.68295932e-01 5.52881956e-01 5.62822998e-01 5.36016107e-01
    5.34407258e-01 5.19184351e-01 4.75735962e-01 4.68203306e-01
    5.19932866e-01 5.57167292e-01 5.29618084e-01 4.95725721e-01
    4.98899549e-01 5.38851321e-01 6.22433782e-01 6.72230482e-01
    6.11746430e-01 5.35567999e-01 5.37735820e-01 5.43310642e-01
    4.97964084e-01 4.83833373e-01 5.28448403e-01 5.45276225e-01
    5.15919507e-01 5.27930737e-01 6.06235802e-01 6.67421281e-01
    6.78761661e-01 6.70544207e-01 6.17040932e-01 4.93542254e-01
    3.66066605e-01 3.36493492e-01 4.00623947e-01 4.59164500e-01
    4.90076125e-01 5.31848192e-01 5.79927683e-01 6.13203287e-01
    6.13903105e-01 5.64994931e-01 5.11800289e-01 5.30512393e-01
    5.90779006e-01 6.22973204e-01 6.33719862e-01 6.32464886e-01
    6.32441282e-01 6.40216172e-01 6.01300299e-01 5.50572932e-01
    5.66611171e-01 6.19544804e-01 6.80164576e-01 6.96054816e-01
    6.04937732e-01 4.84325469e-01 4.37425017e-01 4.47432041e-01
    4.61246490e-01 4.98720765e-01 5.83926201e-01 6.45468295e-01
    5.94445944e-01 4.78006124e-01 4.38764334e-01 5.07930875e-01
    5.82528889e-01 5.90409279e-01 5.46219885e-01 4.89990681e-01
    4.56920922e-01 4.55188662e-01 4.58747506e-01 4.34691459e-01
    3.97338837e-01 4.33314711e-01 5.42145908e-01 6.01713061e-01
    5.89607656e-01 5.52659452e-01 5.06779492e-01 5.01889348e-01
    5.22930145e-01 5.01199245e-01 4.57154483e-01 4.48442310e-01
    5.01680076e-01 5.53207994e-01 5.21891475e-01 4.53524947e-01
    4.12209719e-01 3.77300382e-01 3.28931570e-01 3.27706933e-01
    4.31940138e-01 5.43680310e-01 5.45044601e-01 4.92908508e-01
    4.61752862e-01 4.45034444e-01 4.19189095e-01 3.74757528e-01
    3.75901282e-01 4.59279299e-01 5.32438397e-01 5.45337319e-01
    5.62737644e-01 6.11015797e-01 6.34769380e-01 5.69069564e-01
    4.34564620e-01 3.48250389e-01 3.61632645e-01 4.03543711e-01
    4.23592001e-01 4.59855169e-01 5.35859168e-01 5.83005786e-01
    5.43432772e-01 4.80601370e-01 4.48312998e-01 4.16653782e-01
    4.09015924e-01 4.30068165e-01 4.12148863e-01 3.92419934e-01
    4.24193799e-01 4.52938676e-01 4.66095924e-01 4.83454883e-01
    4.86737311e-01 4.92408574e-01 4.94645000e-01 4.47433293e-01
    3.97144109e-01 4.11917955e-01 4.31593925e-01 3.44155520e-01
    3.17713618e-01 4.10395414e-01 4.02922601e-01 4.28409755e-01
    4.90047425e-01 5.00536442e-01 4.78579879e-01 4.70791638e-01
    4.84376997e-01 5.08692741e-01 5.16111851e-01 5.21329105e-01
    5.55040240e-01 5.88034272e-01 5.78315437e-01 5.26676834e-01
    4.78645951e-01 4.60729063e-01 4.13715482e-01 3.21966082e-01
    2.82419264e-01 3.27964425e-01 4.13543880e-01 5.03080189e-01
    5.34910083e-01 4.88095522e-01 4.45698023e-01 4.70083028e-01
    5.20260334e-01 5.18307745e-01 4.48676467e-01 3.80844146e-01
    3.69095713e-01 4.36660975e-01 5.86869776e-01 7.07534313e-01
    6.79346561e-01 5.49218357e-01 4.46999907e-01 4.24256146e-01
    4.20461386e-01 4.09800410e-01 4.68780577e-01 5.85201204e-01
    6.29817188e-01 5.58304846e-01 4.61138427e-01 4.64817047e-01
    5.61001182e-01 5.98982751e-01 5.21179974e-01 4.12055761e-01
    3.69536668e-01 4.00840819e-01 4.29975629e-01 4.47822511e-01
    4.72890347e-01 4.52749014e-01 4.02564466e-01 4.04613405e-01
    4.41457003e-01 4.41661477e-01 4.08155143e-01 3.89079958e-01
    4.14518744e-01 4.97894734e-01 5.95441580e-01 6.05580389e-01
    5.15008748e-01 4.25316274e-01 4.00421888e-01 3.92315835e-01
    3.57630312e-01 3.74206007e-01 4.66436535e-01 5.12078702e-01
    4.74554271e-01 4.41772908e-01 4.40951049e-01 4.24400002e-01
    4.20333147e-01 5.00433087e-01 5.71376085e-01 5.11500955e-01
    4.34323549e-01 4.71875757e-01 5.59983075e-01 5.88807285e-01
    5.23448944e-01 4.39884603e-01 4.34884697e-01 4.76950288e-01
    4.90779459e-01 4.81329203e-01 4.88143563e-01 5.11339426e-01
    5.09942353e-01 4.64319527e-01 4.33599800e-01 4.56805617e-01
    4.66053993e-01 4.44173217e-01 4.81180459e-01 5.94798028e-01
    6.78480744e-01 6.63990378e-01 6.03048444e-01 5.56726038e-01
    5.29751480e-01 5.05109608e-01 4.69270438e-01 4.21585798e-01
    4.00155902e-01 4.32563692e-01 4.55326945e-01 4.50564295e-01
    5.01739264e-01 5.93780816e-01 6.34171903e-01 6.33706093e-01
    6.46812081e-01 6.43067896e-01 5.85540831e-01 5.34856260e-01
    5.47902763e-01 5.65408528e-01 5.43957055e-01 5.26161909e-01
    4.97626394e-01 4.63968337e-01 5.16709149e-01 6.07075334e-01
    6.09785020e-01 5.69743574e-01 5.69911659e-01 5.82351029e-01
    5.69707692e-01 5.46837628e-01 5.42744160e-01 5.54047823e-01
    5.57601869e-01 5.71754158e-01 6.08766794e-01 6.10478818e-01
    5.78670263e-01 5.73393762e-01 5.47259688e-01 4.49377656e-01
    3.54753256e-01 3.46327394e-01 3.87881666e-01 4.17435735e-01
    4.63094503e-01 5.25455117e-01 5.60217142e-01 5.87353647e-01
    6.03694558e-01 5.48206329e-01 4.72089380e-01 4.94786888e-01
    5.78998804e-01 6.29477382e-01 6.52048886e-01 6.42810166e-01
    6.03147209e-01 5.82935870e-01 5.70673943e-01 5.61357498e-01
    5.61200023e-01 5.36126316e-01 5.36794066e-01 5.76871455e-01
    5.44849634e-01 4.45228130e-01 4.03900921e-01 4.51969445e-01
    5.24853349e-01 5.73574126e-01 5.90938926e-01 5.94714642e-01
    5.84958792e-01 5.56394041e-01 5.32821059e-01 5.45473397e-01
    5.96977890e-01 6.32359505e-01 6.00869834e-01 5.21491826e-01
    4.42730606e-01 4.04131740e-01 4.20716286e-01 4.43654090e-01
    4.32734579e-01 4.53733295e-01 5.25802076e-01 5.50312877e-01
    5.14353514e-01 4.92797226e-01 4.99287248e-01 5.20236433e-01
    5.34806967e-01 5.25454223e-01 5.14390945e-01 5.08741319e-01
    5.18174469e-01 5.39826512e-01 5.22035897e-01 4.67515171e-01
    4.28744316e-01 4.10793155e-01 3.98443818e-01 4.24715042e-01
    5.04008651e-01 5.46748579e-01 5.12106240e-01 4.83990043e-01
    4.91480201e-01 4.97651935e-01 4.81244773e-01 4.47361141e-01
    4.52256680e-01 5.14857173e-01 5.54733932e-01 5.34152746e-01
    5.22822917e-01 5.63969254e-01 6.08277857e-01 5.66438913e-01
    4.25370008e-01 3.03073466e-01 2.83575416e-01 3.10611904e-01
    3.29015166e-01 3.80466133e-01 4.76945043e-01 5.34769058e-01
    5.15413523e-01 4.84464288e-01 4.89118934e-01 4.87807661e-01
    4.52769965e-01 4.21537459e-01 4.06957805e-01 4.03748244e-01
    4.13327247e-01 4.18606907e-01 4.40818518e-01 4.94038343e-01
    5.31035006e-01 5.40779710e-01 5.07876933e-01 4.04916227e-01
    3.24092627e-01 3.59764874e-01 4.29802656e-01 3.71274948e-01
    3.54580700e-01 4.62830216e-01 4.60424125e-01 4.87127960e-01
    5.41540682e-01 5.43099165e-01 5.16717255e-01 4.88970876e-01
    4.62711900e-01 4.67697531e-01 5.11373043e-01 5.80171585e-01
    6.33871198e-01 6.24466658e-01 5.84853232e-01 5.68436444e-01
    5.60419440e-01 5.23196638e-01 4.29802775e-01 3.14206600e-01
    2.59455740e-01 2.76000977e-01 3.32202852e-01 4.10261631e-01
    4.61463004e-01 4.61239785e-01 4.67863083e-01 5.30327439e-01
    6.01345897e-01 5.98590374e-01 5.11510134e-01 4.04878765e-01
    3.50859821e-01 4.14582998e-01 5.85856915e-01 7.03186691e-01
    6.55339420e-01 5.41417420e-01 4.99873340e-01 5.16602278e-01
    4.73738253e-01 3.92343849e-01 4.20633495e-01 5.39801717e-01
    5.94500482e-01 5.39022207e-01 4.54429060e-01 4.48264092e-01
    5.25189579e-01 5.70199490e-01 5.27865291e-01 4.50208127e-01
    3.99656177e-01 3.99511158e-01 4.10170615e-01 3.94374490e-01
    3.91893774e-01 4.23386574e-01 4.44430083e-01 4.54648793e-01
    4.80617195e-01 4.85268980e-01 4.44056004e-01 4.06390339e-01
    4.03940260e-01 4.53580827e-01 5.59220433e-01 6.19953930e-01
    5.74689925e-01 5.02311945e-01 4.57372010e-01 4.22413290e-01
    3.80759090e-01 3.68729591e-01 4.10663247e-01 4.46992189e-01
    4.44090486e-01 4.45161343e-01 4.63400960e-01 4.56241488e-01
    4.50872689e-01 5.11784852e-01 5.55653095e-01 4.96088475e-01
    4.50036198e-01 5.04435539e-01 5.68705261e-01 5.54257274e-01
    4.59655881e-01 3.91351193e-01 4.44409013e-01 5.16798556e-01
    4.96010214e-01 4.59719747e-01 4.80631381e-01 5.02113760e-01
    4.77592766e-01 4.35541242e-01 4.37716246e-01 4.83327001e-01
    4.87985045e-01 4.53718692e-01 4.78866100e-01 5.63703120e-01
    6.08986557e-01 5.84726155e-01 5.60313880e-01 5.64279795e-01
    5.48405290e-01 5.06171703e-01 4.78772134e-01 4.67089802e-01
    4.58070189e-01 4.54391867e-01 4.48067665e-01 4.65279400e-01
    5.33924401e-01 6.12745523e-01 6.67683840e-01 7.02669799e-01
    7.05699563e-01 6.52152598e-01 5.65047562e-01 5.23974359e-01
    5.46683133e-01 5.69557786e-01 5.82650781e-01 5.95301569e-01
    5.39694071e-01 4.28759038e-01 4.07680035e-01 4.92555946e-01
    5.61411560e-01 5.75691640e-01 5.66566348e-01 5.57523608e-01
    5.51985204e-01 5.41031182e-01 5.40639400e-01 5.52464545e-01
    5.47430813e-01 5.44397712e-01 5.64529896e-01 5.45619011e-01
    4.91570592e-01 4.79912698e-01 4.63203549e-01 3.97769839e-01
    3.76217395e-01 4.25700039e-01 4.38781083e-01 3.98290098e-01
    4.09329683e-01 4.64368999e-01 4.89593267e-01 5.10994673e-01
    5.31088650e-01 4.94963914e-01 4.58093166e-01 5.02611220e-01
    5.65114021e-01 5.90316176e-01 6.18702292e-01 6.31836593e-01
    5.99872351e-01 5.60669065e-01 5.34084797e-01 5.37718296e-01
    5.42966425e-01 4.76992190e-01 4.16600198e-01 4.53711480e-01
    4.90985513e-01 4.62780476e-01 4.54696238e-01 5.11418045e-01
    5.90105772e-01 6.24072492e-01 5.80816925e-01 5.34814775e-01
    5.47215939e-01 5.76847851e-01 5.73794544e-01 5.53167224e-01
    5.71338058e-01 6.03858054e-01 5.85146844e-01 5.24665952e-01
    4.43141669e-01 3.67503196e-01 3.64560902e-01 4.20171797e-01
    4.42788899e-01 4.52688158e-01 5.11125565e-01 5.35446525e-01
    4.90456939e-01 4.78416353e-01 4.92411315e-01 4.79621768e-01
    4.80011731e-01 5.06106079e-01 5.30614734e-01 5.29585779e-01
    4.95690644e-01 4.56589490e-01 4.33451146e-01 4.35906708e-01
    4.65082556e-01 4.78234500e-01 4.46566910e-01 4.34706897e-01
    4.84130174e-01 5.19788623e-01 5.18653750e-01 5.44905543e-01
    5.87677479e-01 5.91211557e-01 5.57876170e-01 5.35124719e-01
    5.41734934e-01 5.46043813e-01 5.22820055e-01 4.77538019e-01
    4.53105688e-01 4.93716329e-01 5.64119279e-01 5.57987154e-01
    4.50293005e-01 3.67529809e-01 3.82477701e-01 4.06407773e-01
    3.77638429e-01 3.58178377e-01 3.91595691e-01 4.45923805e-01
    4.99992162e-01 5.37269413e-01 5.43648303e-01 5.18556535e-01
    4.64589655e-01 4.33840722e-01 4.49210197e-01 4.70553696e-01
    4.91277605e-01 4.98107642e-01 4.78345931e-01 4.65717852e-01
    4.81944591e-01 5.19586623e-01 5.11710703e-01 4.03257906e-01
    2.95225054e-01 3.10476989e-01 3.83385628e-01 3.39579612e-01
    3.77115279e-01 4.60265815e-01 4.51558113e-01 4.78900105e-01
    5.33715189e-01 5.61303914e-01 5.56585252e-01 5.00450432e-01
    4.09581006e-01 3.69501591e-01 4.26898539e-01 5.40691912e-01
    6.14918768e-01 5.84902883e-01 5.28019369e-01 5.54887354e-01
    6.22686982e-01 6.17280841e-01 5.09999692e-01 3.86621147e-01
    3.23783249e-01 2.99220383e-01 3.04251313e-01 3.42723370e-01
    3.74221444e-01 3.80914539e-01 3.87304246e-01 4.42099929e-01
    5.36640048e-01 5.77184439e-01 5.31640589e-01 4.56849188e-01
    3.98942024e-01 4.09334421e-01 5.09867132e-01 5.89494288e-01
    5.62645435e-01 5.29024839e-01 5.81942022e-01 6.27989829e-01
    5.42071700e-01 4.12149519e-01 4.11852747e-01 5.13319135e-01
    5.84504366e-01 5.84440708e-01 5.48067272e-01 5.47013640e-01
    5.96580088e-01 6.08810484e-01 5.51665902e-01 4.97268081e-01
    4.72409248e-01 4.46071476e-01 4.04775560e-01 3.59415203e-01
    3.61564517e-01 4.21430498e-01 4.65010494e-01 4.77946967e-01
    4.99477863e-01 5.11628270e-01 4.92122859e-01 4.56452310e-01
    4.12479103e-01 4.18505102e-01 5.32636940e-01 6.36984944e-01
    6.19486868e-01 5.56992948e-01 5.15506327e-01 4.72489685e-01
    4.37693983e-01 4.50178683e-01 4.79986310e-01 4.60580230e-01
    4.20723379e-01 4.26686943e-01 4.59068716e-01 4.75387335e-01
    4.86079067e-01 5.07732153e-01 5.18146515e-01 5.01471221e-01
    4.80938822e-01 4.73829597e-01 4.83526945e-01 4.88533944e-01
    4.35871154e-01 3.76939744e-01 4.36792284e-01 5.60085714e-01
    5.92056036e-01 5.56029081e-01 5.39910555e-01 5.19441903e-01
    4.76692200e-01 4.59948391e-01 4.98259932e-01 5.35139740e-01
    5.04683256e-01 4.74475026e-01 5.26439190e-01 5.94698310e-01
    5.97826183e-01 5.64749360e-01 5.69972336e-01 6.09790623e-01
    5.94561338e-01 5.15649736e-01 4.62096989e-01 4.60809201e-01
    4.61394340e-01 4.22388345e-01 3.84965688e-01 4.30893421e-01
    5.24909854e-01 5.81567407e-01 6.26813173e-01 6.86051130e-01
    6.93293393e-01 6.12712860e-01 5.12439966e-01 4.72128630e-01
    4.81602222e-01 5.17781734e-01 5.92935205e-01 6.52273417e-01
    6.05173171e-01 4.76391643e-01 3.97578984e-01 4.31193680e-01
    5.14032722e-01 5.59583008e-01 5.30908346e-01 4.68008339e-01
    4.34757173e-01 4.46600288e-01 4.77988124e-01 4.86296147e-01
    4.62930143e-01 4.67271417e-01 5.07732689e-01 5.03074229e-01
    4.70647246e-01 4.71954912e-01 4.49570060e-01 4.09958422e-01
    4.48373824e-01 5.15196443e-01 4.91619110e-01 4.14114356e-01
    4.04624104e-01 4.58904743e-01 4.89232272e-01 5.00020623e-01
    5.17229378e-01 5.05298555e-01 4.94216174e-01 5.18876672e-01
    5.22320926e-01 5.20315170e-01 5.62227726e-01 5.92129827e-01
    5.83554447e-01 5.58447421e-01 5.16345203e-01 5.17859399e-01
    5.69758952e-01 5.50561249e-01 4.77843106e-01 4.89285856e-01
    5.51140726e-01 5.57195008e-01 5.35940826e-01 5.45480490e-01
    5.90949178e-01 6.14701033e-01 5.53036213e-01 4.84627634e-01
    4.92682576e-01 5.30191600e-01 5.46600997e-01 5.43578923e-01
    5.46565413e-01 5.51169455e-01 5.32011449e-01 4.88179862e-01
    4.20252085e-01 3.54457557e-01 3.47608626e-01 3.92968506e-01
    4.19750869e-01 4.47226167e-01 5.32136023e-01 5.74583709e-01
    5.28168082e-01 5.01274347e-01 4.69849586e-01 3.90269011e-01
    3.60208482e-01 4.04951245e-01 4.62381870e-01 4.94300723e-01
    4.74829018e-01 4.22790021e-01 4.04018015e-01 4.55860525e-01
    5.34349620e-01 5.35640776e-01 4.39262211e-01 3.62739503e-01
    3.83834362e-01 4.46018249e-01 5.00097752e-01 5.64975917e-01
    6.18684769e-01 6.12473607e-01 5.72869718e-01 5.56692719e-01
    5.43951571e-01 4.91116405e-01 4.28219706e-01 3.95708501e-01
    4.05003130e-01 4.57428187e-01 5.16105890e-01 5.17525613e-01
    4.66831982e-01 4.73415881e-01 5.53633571e-01 5.65172434e-01
    4.67263043e-01 3.69410366e-01 3.31824154e-01 3.65393460e-01
    4.79301661e-01 5.85001230e-01 5.82058311e-01 4.99992937e-01
    4.23801124e-01 4.12261307e-01 4.59679514e-01 5.27647376e-01
    5.88542461e-01 5.81344545e-01 4.84670281e-01 3.82872224e-01
    3.58405173e-01 4.16483134e-01 4.75522190e-01 4.38602418e-01
    3.47505718e-01 3.29787374e-01 3.60687941e-01 2.94593751e-01
    3.57974708e-01 4.43019181e-01 4.72539485e-01 5.11617959e-01
    5.34606934e-01 5.43882072e-01 5.50799489e-01 5.10137439e-01
    4.16529238e-01 3.40008080e-01 3.44166040e-01 4.32054669e-01
    5.24553001e-01 5.30560732e-01 4.90819842e-01 5.18600404e-01
    6.00410223e-01 6.29565537e-01 5.66652536e-01 4.75842714e-01
    4.20628101e-01 3.99350315e-01 4.03763622e-01 4.05999154e-01
    3.81397486e-01 3.45420003e-01 3.11470062e-01 3.30486625e-01
    4.25943553e-01 5.12637794e-01 5.41890860e-01 5.41386247e-01
    5.13338625e-01 4.69937146e-01 4.56418991e-01 4.64159161e-01
    4.63459700e-01 4.98794287e-01 6.02474809e-01 6.78620458e-01
    6.21732175e-01 5.07035077e-01 4.77554291e-01 5.24402916e-01
    5.77173769e-01 6.18339717e-01 6.31965458e-01 6.31213665e-01
    6.39110923e-01 6.18132889e-01 5.67780674e-01 5.48235476e-01
    5.49966872e-01 5.10898471e-01 4.22533989e-01 3.51870298e-01
    3.68498892e-01 4.27908927e-01 4.52643812e-01 4.68899935e-01
    5.09563327e-01 5.40056944e-01 5.28897703e-01 4.83554095e-01
    4.28108096e-01 4.31660831e-01 5.39250374e-01 6.28599584e-01
    5.93983114e-01 5.25735676e-01 5.00505984e-01 4.83349413e-01
    4.89337265e-01 5.57041407e-01 6.02802396e-01 5.34905314e-01
    4.29779232e-01 3.96220058e-01 4.17083055e-01 4.58173841e-01
    5.07513285e-01 5.17425179e-01 4.98330504e-01 5.07750094e-01
    4.98846352e-01 4.38903660e-01 4.33441252e-01 4.89805341e-01
    4.68663543e-01 3.81976992e-01 3.95168751e-01 5.29740453e-01
    6.38366938e-01 6.51970625e-01 6.18562222e-01 5.65631270e-01
    5.16178489e-01 5.16451955e-01 5.64867973e-01 5.94094455e-01
    5.67158043e-01 5.55904210e-01 6.02880657e-01 6.29858077e-01
    5.91455638e-01 5.39928079e-01 5.43015778e-01 5.92432618e-01
    5.90497136e-01 5.07009268e-01 4.32301193e-01 4.08089370e-01
    3.80481958e-01 3.24269801e-01 3.09540093e-01 4.02442247e-01
    5.29934347e-01 5.86035669e-01 5.95813334e-01 6.23418987e-01
    6.41793251e-01 5.93000233e-01 5.01529574e-01 4.25567865e-01
    3.84664118e-01 4.18658257e-01 5.40380239e-01 6.49534762e-01
    6.48960710e-01 5.62870562e-01 4.88426596e-01 4.80128914e-01
    5.15040815e-01 5.32760382e-01 4.77634668e-01 3.75482708e-01
    3.23873162e-01 3.49549562e-01 3.87939125e-01 3.92091691e-01
    3.82165551e-01 4.08036083e-01 4.51932788e-01 4.70595896e-01
    4.99617398e-01 5.23966074e-01 4.84040111e-01 4.63233709e-01
    5.27660906e-01 5.70967674e-01 5.32141387e-01 4.75696325e-01
    4.61976439e-01 4.97948349e-01 5.26235580e-01 5.26428580e-01
    5.39582908e-01 5.42430699e-01 5.28608501e-01 5.15995979e-01
    4.77227747e-01 4.59633857e-01 4.93438512e-01 5.05703092e-01
    4.98023123e-01 4.97017652e-01 4.74006861e-01 4.86056119e-01
    5.70003092e-01 6.14942372e-01 5.97159982e-01 6.18424356e-01
    6.50108814e-01 6.02591276e-01 5.29657304e-01 5.19678593e-01
    5.65730631e-01 5.78992665e-01 5.13562381e-01 4.63678002e-01
    4.81014162e-01 5.10690510e-01 5.35310805e-01 5.43022037e-01
    5.20328999e-01 5.03855348e-01 4.94547397e-01 4.47418630e-01
    3.85674626e-01 3.66702080e-01 3.79846811e-01 3.93928438e-01
    4.17534411e-01 4.81700748e-01 5.67541361e-01 5.87394118e-01
    5.50215602e-01 5.32888830e-01 4.90971804e-01 3.98827463e-01
    3.42100680e-01 3.52261215e-01 3.90998513e-01 4.31320876e-01
    4.54788536e-01 4.58131194e-01 4.72598225e-01 5.26618242e-01
    5.70794821e-01 5.22839546e-01 4.18553531e-01 3.52484882e-01
    3.48440647e-01 3.85019809e-01 4.37323689e-01 5.01880407e-01
    5.58809698e-01 5.72347224e-01 5.54055691e-01 5.25554299e-01
    4.83097225e-01 4.26780611e-01 3.76669556e-01 3.60391587e-01
    3.98317367e-01 4.64539379e-01 4.95943785e-01 4.78198588e-01
    4.67183799e-01 5.39743185e-01 6.51061177e-01 6.35590136e-01
    4.91532356e-01 3.73535931e-01 3.23732615e-01 3.37198526e-01
    4.50337082e-01 5.67625999e-01 5.51110804e-01 4.61262077e-01
    4.21718359e-01 4.33427334e-01 4.70757872e-01 5.48212826e-01
    6.22065663e-01 5.97007871e-01 4.71271604e-01 3.52167189e-01
    3.09605122e-01 3.34443659e-01 4.04452235e-01 4.55673516e-01
    4.36635494e-01 4.01467443e-01 3.62410933e-01 2.51345277e-01
    3.23931873e-01 4.53686029e-01 5.47795296e-01 5.88143945e-01
    5.42643011e-01 4.78133738e-01 4.65595067e-01 4.85090047e-01
    4.88076150e-01 4.38658327e-01 3.68905514e-01 3.77914816e-01
    4.61524934e-01 5.05526125e-01 4.85716522e-01 4.91813123e-01
    5.45108616e-01 5.75258315e-01 5.59667587e-01 5.26392817e-01
    5.07316589e-01 5.35494328e-01 5.78030288e-01 5.52787066e-01
    4.75377172e-01 4.09195900e-01 3.58562768e-01 3.46790493e-01
    4.06189293e-01 5.04717946e-01 5.77041149e-01 5.86056471e-01
    5.59633851e-01 5.27062416e-01 4.74653900e-01 4.27095324e-01
    4.28293675e-01 4.73709971e-01 5.57209790e-01 6.47229671e-01
    6.65913522e-01 6.14146233e-01 5.63750148e-01 5.37967682e-01
    5.42094171e-01 5.74602246e-01 5.91296732e-01 5.80972254e-01
    5.62926710e-01 5.36881804e-01 5.35129189e-01 5.70799530e-01
    5.86425960e-01 5.47294140e-01 4.60271299e-01 3.80288452e-01
    3.78680885e-01 4.11734998e-01 4.15478081e-01 4.34619308e-01
    5.04226625e-01 5.65877855e-01 5.54637611e-01 4.98679608e-01
    4.47798342e-01 4.36021984e-01 4.97617155e-01 5.51948011e-01
    5.16839445e-01 4.78566289e-01 4.96628881e-01 5.03890514e-01
    5.06353438e-01 5.70588768e-01 6.33309186e-01 5.86366355e-01
    4.63172913e-01 3.76445740e-01 3.57924670e-01 3.92080605e-01
    4.75695133e-01 5.30774355e-01 5.12750983e-01 5.07310808e-01
    5.00084400e-01 4.42383081e-01 4.47990805e-01 5.22918642e-01
    5.04328728e-01 3.97633582e-01 3.63709599e-01 4.58404660e-01
    5.99244356e-01 6.81136072e-01 6.64607644e-01 5.87645769e-01
    5.24968505e-01 5.16076386e-01 5.45530140e-01 5.87414622e-01
    6.07151449e-01 6.06897235e-01 6.11909032e-01 5.87788045e-01
    5.11952102e-01 4.45136935e-01 4.60303217e-01 5.30318379e-01
    5.44335246e-01 4.80197936e-01 4.31892782e-01 4.09115195e-01
    3.47122997e-01 2.90339977e-01 3.17852616e-01 4.36147332e-01
    5.84791660e-01 6.47409439e-01 5.87533832e-01 5.23674965e-01
    5.38773656e-01 5.58882356e-01 5.10741353e-01 4.16417897e-01
    3.35503727e-01 3.34923834e-01 4.34533954e-01 5.65751910e-01
    6.36062980e-01 6.26766682e-01 5.88904560e-01 5.44640660e-01
    5.02994061e-01 4.87804204e-01 4.47317570e-01 3.51599663e-01
    2.99987584e-01 3.33390653e-01 3.75938267e-01 3.85023981e-01
    3.84393066e-01 3.99395734e-01 4.13335562e-01 4.47456628e-01
    5.34179866e-01 5.72414577e-01 5.15666187e-01 4.93268341e-01
    5.40538907e-01 5.61019421e-01 5.40129364e-01 5.14646173e-01
    4.88733262e-01 4.89604324e-01 5.07970810e-01 5.14411926e-01
    5.33663571e-01 5.40749192e-01 5.16608357e-01 4.94035959e-01
    4.59317416e-01 4.24320787e-01 4.18645769e-01 4.12469357e-01
    3.98557454e-01 3.86357546e-01 3.69487286e-01 3.93117070e-01
    4.75737929e-01 5.51727653e-01 6.12619817e-01 6.75996780e-01
    6.62973046e-01 5.52343547e-01 4.69910711e-01 4.91563529e-01
    5.46885908e-01 5.43304384e-01 5.06339550e-01 5.10677278e-01
    5.27205884e-01 5.27823389e-01 5.48565447e-01 5.58957040e-01
    5.32678902e-01 5.23482978e-01 5.17356217e-01 4.62768078e-01
    4.19343799e-01 4.34168011e-01 4.47036654e-01 4.42018181e-01
    4.76588041e-01 5.39541960e-01 5.56225121e-01 5.22457898e-01
    5.14486194e-01 5.51976383e-01 5.61571598e-01 5.14838874e-01
    4.59988594e-01 4.28936124e-01 4.15340722e-01 4.05306041e-01
    4.07556266e-01 4.45310473e-01 5.08626044e-01 5.53700387e-01
    5.38834035e-01 4.80446279e-01 4.47533041e-01 4.34200943e-01
    4.05381143e-01 3.95772725e-01 4.10401970e-01 4.30733204e-01
    4.67822462e-01 5.15862942e-01 5.42194784e-01 5.22794902e-01
    4.89310801e-01 4.75001305e-01 4.55836356e-01 4.29463565e-01
    4.48558420e-01 5.07435203e-01 5.18218219e-01 4.70026970e-01
    4.51170206e-01 5.17164469e-01 6.05310917e-01 5.83133578e-01
    4.61082160e-01 3.75989646e-01 3.45880032e-01 3.42355847e-01
    4.15604591e-01 5.09242654e-01 5.07153273e-01 4.83853132e-01
    5.23859978e-01 5.37798822e-01 5.06118000e-01 5.29561102e-01
    5.98967373e-01 6.04599178e-01 5.16122162e-01 4.26619649e-01
    3.87117833e-01 3.60648423e-01 3.82188827e-01 4.65183377e-01
    5.07261992e-01 4.66734231e-01 3.74188423e-01 2.39101872e-01
    2.95342237e-01 4.65638459e-01 5.89119613e-01 6.05751514e-01
    5.22470236e-01 4.30453300e-01 3.98678035e-01 4.46153432e-01
    5.29029906e-01 5.32770693e-01 4.39651281e-01 3.92898321e-01
    4.47841197e-01 4.93242472e-01 4.75175261e-01 4.76939768e-01
    5.20843387e-01 5.26303351e-01 4.98781979e-01 4.94811028e-01
    5.33084571e-01 6.09870851e-01 6.46824419e-01 5.83724141e-01
    4.93027776e-01 4.52129453e-01 4.53419894e-01 4.52992290e-01
    4.51375335e-01 5.11848092e-01 5.92468619e-01 5.79237342e-01
    5.40632665e-01 5.68646491e-01 5.64986825e-01 4.89435822e-01
    4.47449684e-01 4.71105039e-01 5.23773491e-01 5.83826244e-01
    6.23834431e-01 6.32340074e-01 6.07351661e-01 5.56701005e-01
    5.21321774e-01 5.04299879e-01 4.78436410e-01 4.63569343e-01
    4.65389729e-01 4.64605987e-01 4.96405751e-01 5.58604538e-01
    5.76934457e-01 5.47017336e-01 4.95260477e-01 4.26680028e-01
    3.90715748e-01 4.04421657e-01 4.24296051e-01 4.42565471e-01
    4.88305330e-01 5.42993128e-01 5.51500320e-01 5.23164630e-01
    4.72726494e-01 4.20843691e-01 4.37477112e-01 4.67450649e-01
    4.36840594e-01 4.50869113e-01 5.35330355e-01 5.47992527e-01
    4.92704213e-01 5.08066475e-01 5.81600308e-01 5.80927491e-01
    4.72662807e-01 3.60294968e-01 3.12564462e-01 3.22360605e-01
    4.14253324e-01 5.15703142e-01 5.08580089e-01 4.65656579e-01
    4.53806818e-01 4.45172310e-01 4.86239493e-01 5.66511691e-01
    5.64894795e-01 4.72906381e-01 4.09237951e-01 4.46363568e-01
    5.60696065e-01 6.57723844e-01 6.46283686e-01 5.54514289e-01
    4.91837382e-01 4.86674905e-01 5.04744053e-01 5.49099565e-01
    5.89933157e-01 5.95849216e-01 5.89675844e-01 5.48898518e-01
    4.49586958e-01 3.63867253e-01 3.78293037e-01 4.56732035e-01
    4.75107729e-01 4.25607562e-01 4.19955730e-01 4.31818485e-01
    3.76527697e-01 3.48161280e-01 4.08223003e-01 5.07945120e-01
    6.32953942e-01 6.86450481e-01 5.74595034e-01 4.39473420e-01
    4.47531015e-01 5.30785859e-01 5.49010575e-01 4.83839035e-01
    3.91462356e-01 3.27931851e-01 3.43423218e-01 4.44758952e-01
    5.59542716e-01 6.21538460e-01 6.25420451e-01 5.60595691e-01
    4.66228813e-01 4.36227560e-01 4.28189218e-01 3.72884989e-01
    3.49594325e-01 3.93212408e-01 4.38890964e-01 4.54965889e-01
    4.51725304e-01 4.46868211e-01 4.35688347e-01 4.59033072e-01
    5.51368833e-01 5.95603406e-01 5.43241084e-01 5.04481554e-01
    5.06278753e-01 5.06724358e-01 5.07421076e-01 5.03475428e-01
    4.79716361e-01 4.68246520e-01 4.84970123e-01 5.09688616e-01
    5.45116484e-01 5.58084369e-01 5.25144100e-01 4.92018968e-01
    4.58226860e-01 4.00354296e-01 3.57829601e-01 3.59758139e-01
    3.76665205e-01 3.62536222e-01 3.25255632e-01 3.33403438e-01
    3.95980656e-01 4.71143335e-01 5.66409051e-01 6.43220842e-01
    6.11988366e-01 5.09457827e-01 4.56602156e-01 4.83015209e-01
    5.16607583e-01 5.11210501e-01 5.23574173e-01 5.71800172e-01
    5.71049988e-01 5.35090625e-01 5.56557417e-01 6.09541237e-01
    6.30811334e-01 6.24622285e-01 5.87633014e-01 5.29140294e-01
    4.99005109e-01 4.90759283e-01 4.74712372e-01 4.92545217e-01
    5.60297430e-01 5.83175063e-01 5.13389528e-01 4.40900683e-01
    4.52996850e-01 5.43915570e-01 6.23655319e-01 6.24319136e-01
    5.87484777e-01 5.57329237e-01 5.16862988e-01 4.45535541e-01
    3.69504422e-01 3.69260192e-01 4.58387613e-01 5.23213148e-01
    5.06375074e-01 4.91296560e-01 5.18436372e-01 5.17229319e-01
    4.75658059e-01 4.63905394e-01 4.73735094e-01 4.47975218e-01
    4.17869866e-01 4.45846915e-01 5.07845104e-01 5.40335953e-01
    5.44822395e-01 5.44873714e-01 5.28901875e-01 4.98666555e-01
    4.93824482e-01 5.28868914e-01 5.44619143e-01 5.10632813e-01
    4.74977702e-01 4.76823002e-01 4.96920258e-01 4.77288008e-01
    4.27161783e-01 4.05906886e-01 3.97886455e-01 3.89695942e-01
    4.29283202e-01 4.92257506e-01 5.21677315e-01 5.69251001e-01
    6.42251492e-01 6.23933494e-01 5.23851037e-01 4.87902373e-01
    5.53694010e-01 6.23894930e-01 6.14113927e-01 5.62879801e-01
    5.15641212e-01 4.45833653e-01 4.14267123e-01 4.72054780e-01
    5.11781633e-01 4.58246440e-01 3.60517740e-01 2.48849243e-01
    2.86149144e-01 4.70081002e-01 5.88367343e-01 5.85515380e-01
    5.17206073e-01 4.56736684e-01 4.07392144e-01 4.13667113e-01
    4.93787348e-01 5.31881869e-01 4.67711508e-01 4.17605519e-01
    4.56499517e-01 4.92848098e-01 4.77114379e-01 4.90532309e-01
    5.29285967e-01 5.03196657e-01 4.43151563e-01 4.39729244e-01
    5.11003077e-01 5.80303013e-01 5.57802856e-01 4.84196573e-01
    4.39367384e-01 4.48626786e-01 5.17142177e-01 5.56146681e-01
    5.11598527e-01 5.10827422e-01 5.78353763e-01 5.76227546e-01
    5.42115152e-01 5.97206712e-01 6.41501665e-01 5.64612985e-01
    4.81752008e-01 4.93069798e-01 5.30607581e-01 5.34874022e-01
    5.42417109e-01 5.79348862e-01 5.94266713e-01 5.57649493e-01
    5.03341258e-01 4.45284784e-01 4.01687801e-01 4.07618493e-01
    4.35052752e-01 4.41124886e-01 4.60595191e-01 5.14158607e-01
    5.45843959e-01 5.45201838e-01 5.28917611e-01 4.70515460e-01
    4.15156245e-01 4.44845617e-01 5.15064716e-01 5.23005188e-01
    4.80710328e-01 4.68882591e-01 4.90794837e-01 4.96988863e-01
    4.51869398e-01 3.97372961e-01 4.08756286e-01 4.21101093e-01
    3.89096677e-01 4.33711112e-01 5.41103244e-01 5.48077524e-01
    4.78827536e-01 4.77057636e-01 5.37566543e-01 5.39509356e-01
    4.40816730e-01 3.39660943e-01 3.00843477e-01 3.05738986e-01
    3.84707183e-01 4.84757602e-01 4.70997244e-01 3.97190958e-01
    3.88546199e-01 4.44445938e-01 5.24323046e-01 5.98795712e-01
    6.21522546e-01 5.62159419e-01 4.84324276e-01 4.76466417e-01
    5.30992389e-01 5.78822970e-01 5.57911575e-01 4.80883062e-01
    4.38846767e-01 4.62007105e-01 5.04713774e-01 5.49562395e-01
    5.84477484e-01 6.03403807e-01 6.10411525e-01 5.65502763e-01
    4.58652467e-01 3.67346019e-01 3.63350272e-01 4.15701538e-01
    4.22088116e-01 3.81641060e-01 3.93812448e-01 4.23072904e-01
    3.99406970e-01 4.11272258e-01 4.80311453e-01 5.40403366e-01
    6.17720544e-01 6.67792380e-01 5.79973996e-01 4.55677420e-01
    4.68967706e-01 5.61374485e-01 5.96457839e-01 5.65061092e-01
    4.85817790e-01 3.85905653e-01 3.44766468e-01 3.87332171e-01
    4.65745509e-01 5.50876141e-01 6.06880009e-01 5.67729473e-01
    4.69227076e-01 4.33243573e-01 4.50517625e-01 4.48747694e-01
    4.52403843e-01 4.68861222e-01 4.73987639e-01 4.86798555e-01
    5.10214090e-01 5.19718528e-01 4.99559581e-01 4.96438652e-01
    5.55671513e-01 5.86479425e-01 5.40363908e-01 5.01704335e-01
    4.92305249e-01 4.84429091e-01 4.90149945e-01 5.01738667e-01
    4.88364488e-01 4.75475490e-01 4.94459420e-01 5.23536146e-01
    5.58360279e-01 5.85275292e-01 5.66254616e-01 5.20727634e-01
    4.61568654e-01 3.69175583e-01 3.00633341e-01 3.36182237e-01
    4.39520240e-01 4.88618046e-01 4.48367655e-01 4.07663554e-01
    4.13950294e-01 4.54942405e-01 5.31949580e-01 5.90779781e-01
    5.71722329e-01 5.16115785e-01 4.80983913e-01 4.85004067e-01
    5.15579402e-01 5.33850133e-01 5.43786466e-01 5.60801864e-01
    5.53054035e-01 5.29101431e-01 5.62275648e-01 6.53947949e-01
    7.05431163e-01 6.73622072e-01 6.06943309e-01 5.53077638e-01
    5.17014325e-01 4.71518785e-01 4.42357987e-01 4.97947901e-01
    5.88986874e-01 5.83838582e-01 4.94896621e-01 4.42868948e-01
    4.71403688e-01 5.71429789e-01 6.70105159e-01 6.74322426e-01
    6.38065994e-01 6.18583143e-01 5.64612329e-01 4.67823476e-01
    3.69914532e-01 3.33252907e-01 3.94946069e-01 4.61486369e-01
    4.74011004e-01 5.06999731e-01 5.55022836e-01 5.53895772e-01
    5.25822878e-01 5.17682731e-01 5.27990341e-01 5.01445830e-01
    4.29621130e-01 4.00094211e-01 4.44308072e-01 4.97793168e-01
    5.17309785e-01 5.08995950e-01 4.99307692e-01 4.91378784e-01
    4.77687538e-01 4.94649082e-01 5.49296558e-01 5.79346001e-01
    5.43697476e-01 4.83735740e-01 4.48060125e-01 4.21781689e-01
    4.20130223e-01 4.57734138e-01 4.76698101e-01 4.78478879e-01
    5.02014637e-01 5.16751707e-01 5.25265992e-01 5.81774592e-01
    6.44822776e-01 6.10958278e-01 5.00528574e-01 4.32697475e-01
    4.72405553e-01 5.88180244e-01 6.71218216e-01 6.60241127e-01
    5.90734541e-01 4.97061580e-01 4.37965125e-01 4.51968700e-01
    4.58352149e-01 3.92183155e-01 3.02656144e-01 2.17892915e-01
    3.29130739e-01 5.02180934e-01 5.98913491e-01 6.06632531e-01
    5.72105348e-01 5.27298152e-01 4.46584880e-01 3.94668102e-01
    4.38139796e-01 4.93183017e-01 4.82566029e-01 4.61864024e-01
    4.90234554e-01 5.15899301e-01 5.17861426e-01 5.47047198e-01
    5.57630301e-01 4.99726593e-01 4.46030557e-01 4.58668888e-01
    5.14231801e-01 5.25989175e-01 4.72292006e-01 4.52529103e-01
    4.74403143e-01 4.96511847e-01 5.53278804e-01 5.82088292e-01
    5.20772755e-01 4.79015142e-01 5.19124329e-01 5.53072095e-01
    5.47804892e-01 5.72532296e-01 5.99562287e-01 5.45388341e-01
    4.89034653e-01 5.09385407e-01 5.14828980e-01 4.67781901e-01
    4.66078579e-01 5.26205540e-01 5.52004874e-01 5.22327423e-01
    4.74613070e-01 4.13689882e-01 3.87242883e-01 4.23195094e-01
    4.41852570e-01 4.06110644e-01 3.91442299e-01 4.39858586e-01
    5.01074374e-01 5.41572809e-01 5.51047266e-01 5.00352323e-01
    4.50629056e-01 5.02419889e-01 5.91561198e-01 5.75197220e-01
    4.69943523e-01 4.05422568e-01 4.05974507e-01 4.10721600e-01
    4.01423544e-01 4.00972277e-01 4.18388933e-01 4.15773541e-01
    4.07288522e-01 4.58275914e-01 5.05798280e-01 4.76048738e-01
    4.50521052e-01 4.77974832e-01 5.07214546e-01 4.97991532e-01
    4.31874812e-01 3.53266448e-01 3.29417586e-01 3.52600783e-01
    4.04177040e-01 4.55039591e-01 4.39221442e-01 3.88079315e-01
    3.99643898e-01 4.75161016e-01 5.44216156e-01 5.83004653e-01
    5.97487807e-01 5.47720313e-01 4.61234659e-01 4.31771010e-01
    4.47135925e-01 4.59784865e-01 4.60486263e-01 4.40124035e-01
    4.26901311e-01 4.50161368e-01 4.92496014e-01 5.39290845e-01
    5.87558210e-01 6.24604464e-01 6.25977993e-01 5.74721634e-01
    4.99974966e-01 4.55373973e-01 4.51662809e-01 4.46629047e-01
    4.06653494e-01 3.79584461e-01 4.21289980e-01 4.64890242e-01
    4.57027525e-01 4.61485028e-01 4.93914813e-01 5.17891526e-01
    5.58983326e-01 6.11062467e-01 5.90396404e-01 5.26870549e-01
    5.43474197e-01 5.97322285e-01 5.87178469e-01 5.36684752e-01
    4.65718120e-01 4.07932788e-01 4.16493207e-01 4.36312884e-01
    4.43888009e-01 5.05534828e-01 5.82067668e-01 5.68573236e-01
    4.98570651e-01 4.88241524e-01 5.42305529e-01 5.78103483e-01
    5.67723691e-01 5.28595150e-01 4.84138638e-01 4.87520576e-01
    5.42525470e-01 5.71346521e-01 5.44128180e-01 5.24575114e-01
    5.39847136e-01 5.20562053e-01 4.63623941e-01 4.49486405e-01
    4.70378488e-01 4.81069744e-01 5.00792027e-01 5.19422948e-01
    4.95544612e-01 4.73889261e-01 4.92692351e-01 5.00488937e-01
    5.00659347e-01 5.27987957e-01 5.41229367e-01 5.16478896e-01
    4.53619748e-01 3.45800519e-01 2.76280195e-01 3.53179187e-01
    5.27382851e-01 6.37549818e-01 6.13731802e-01 5.25367916e-01
    4.65830982e-01 4.69373047e-01 5.15179932e-01 5.46941400e-01
    5.28526068e-01 4.97291118e-01 4.88833964e-01 5.06178260e-01
    5.52758813e-01 5.90692759e-01 5.68324327e-01 5.14994621e-01
    5.07274568e-01 5.41288912e-01 5.82865000e-01 6.38343751e-01
    6.55561745e-01 6.00804090e-01 5.34930170e-01 4.93734181e-01
    4.72807109e-01 4.52219427e-01 4.41595763e-01 4.85551178e-01
    5.39335072e-01 5.22754967e-01 4.79886323e-01 4.89676416e-01
    5.39085507e-01 6.08349681e-01 6.64322913e-01 6.48871660e-01
    6.18606627e-01 6.02723181e-01 5.24079919e-01 4.27966774e-01
    3.93633604e-01 4.01425093e-01 4.32560712e-01 4.45786446e-01
    4.35730249e-01 4.68638837e-01 5.20452440e-01 5.41777611e-01
    5.40338039e-01 5.21320522e-01 5.22282243e-01 5.38822055e-01
    5.10943830e-01 4.64692712e-01 4.42090511e-01 4.30376500e-01
    4.30640429e-01 4.52275485e-01 4.85823423e-01 4.91437525e-01
    4.63312745e-01 4.81638640e-01 5.68344951e-01 6.22775853e-01
    5.79625607e-01 5.04314721e-01 4.64058578e-01 4.37106013e-01
    4.34436768e-01 4.71375972e-01 4.86278683e-01 4.90741789e-01
    5.21487474e-01 5.12256145e-01 4.70123410e-01 4.84961867e-01
    5.27830064e-01 5.11248112e-01 4.40433651e-01 3.74833494e-01
    3.84783328e-01 5.13949156e-01 6.53071880e-01 6.59179628e-01
    5.74557841e-01 4.99463081e-01 4.57713902e-01 4.48833793e-01
    4.42864388e-01 3.91149938e-01 2.99053490e-01 1.95474744e-01
    3.91329855e-01 5.47675192e-01 6.18919194e-01 6.51185274e-01
    6.43948615e-01 5.88183880e-01 4.91806448e-01 4.17059511e-01
    4.20889467e-01 4.76040095e-01 5.21851599e-01 5.30442894e-01
    5.37832260e-01 5.64552188e-01 5.94339550e-01 6.15262568e-01
    5.84082723e-01 5.09754062e-01 4.78702217e-01 5.03610909e-01
    5.17682016e-01 4.82746273e-01 4.54599530e-01 5.05171537e-01
    5.64467728e-01 5.58644891e-01 5.36662161e-01 5.04819334e-01
    4.41947073e-01 3.97600859e-01 4.25835311e-01 5.08430302e-01
    5.59367180e-01 5.44857264e-01 5.02440333e-01 4.60118949e-01
    4.56102580e-01 4.83414441e-01 4.63803977e-01 4.06264752e-01
    4.10644740e-01 4.77063119e-01 5.12102365e-01 5.08066177e-01
    4.87859488e-01 4.35972929e-01 4.18427974e-01 4.63759303e-01
    4.58239496e-01 3.80136102e-01 3.43138903e-01 3.84982318e-01
    4.47410107e-01 4.94496912e-01 5.12445390e-01 4.82225269e-01
    4.61394519e-01 5.25895298e-01 5.97760916e-01 5.59268177e-01
    4.59903389e-01 4.01058614e-01 3.67049366e-01 3.47767413e-01
    3.85326087e-01 4.42517668e-01 4.59188789e-01 4.45547134e-01
    4.52275902e-01 4.83276755e-01 4.53233868e-01 3.78679335e-01
    3.99566233e-01 4.74917322e-01 4.85192478e-01 4.74668950e-01
    4.54279989e-01 3.92111331e-01 3.79600406e-01 4.41790909e-01
    4.74843800e-01 4.58252043e-01 4.39018279e-01 4.42369789e-01
    4.81073022e-01 5.38226306e-01 5.79812527e-01 5.89817941e-01
    5.68028033e-01 4.93721515e-01 3.95566434e-01 3.57460737e-01
    3.64261419e-01 3.74045908e-01 4.08138812e-01 4.49621528e-01
    4.68852878e-01 4.75443840e-01 4.78357762e-01 4.92269993e-01
    5.34399509e-01 5.80179632e-01 5.85881114e-01 5.65898895e-01
    5.69637179e-01 5.98846436e-01 5.99781752e-01 5.21048009e-01
    4.09171462e-01 3.92781436e-01 4.95571643e-01 5.81064165e-01
    5.59515417e-01 4.98806953e-01 4.81233716e-01 4.95713621e-01
    5.14024973e-01 5.48084855e-01 5.66847265e-01 5.40189683e-01
    5.40022969e-01 5.72899699e-01 5.44857800e-01 4.47838992e-01
    3.60753506e-01 3.80785584e-01 4.85165566e-01 5.31115055e-01
    5.25865078e-01 5.65989435e-01 6.05189860e-01 5.78122020e-01
    5.39820194e-01 5.53105175e-01 6.01712644e-01 6.28787577e-01
    6.07525647e-01 5.62676251e-01 5.23262024e-01 5.19450545e-01
    5.49958706e-01 5.55702150e-01 5.26163399e-01 5.13088226e-01
    5.05882323e-01 4.53487486e-01 3.98527235e-01 3.98902446e-01
    4.17202175e-01 4.40700501e-01 4.90293741e-01 5.11124611e-01
    4.76305127e-01 4.64020759e-01 4.86039609e-01 4.56236422e-01
    3.94841254e-01 3.89017522e-01 4.27931845e-01 4.68579084e-01
    4.76496369e-01 4.19765562e-01 3.64698112e-01 4.23438430e-01
    5.59728742e-01 6.44979060e-01 6.35436475e-01 5.63046873e-01
    5.02643883e-01 4.99236017e-01 5.21271050e-01 5.21506011e-01
    4.76232439e-01 4.44388390e-01 4.74374771e-01 5.10959983e-01
    5.29233575e-01 5.43852746e-01 5.21704674e-01 4.73164260e-01
    4.92782891e-01 5.74612796e-01 6.14244521e-01 6.02954388e-01
    5.68259954e-01 5.19218981e-01 4.86276567e-01 4.71574664e-01
    4.77066725e-01 4.88420904e-01 4.79969352e-01 4.74280983e-01
    4.65644926e-01 4.39638883e-01 4.39795673e-01 4.84097183e-01
    5.33453703e-01 5.65529168e-01 5.66468418e-01 5.37386537e-01
    5.42192996e-01 5.56758165e-01 4.83546585e-01 4.03063834e-01
    4.34738994e-01 5.19361258e-01 5.54368138e-01 5.15646756e-01
    4.64823633e-01 4.64273185e-01 4.90593195e-01 5.14274001e-01
    5.19400537e-01 5.05149066e-01 5.32543778e-01 6.01393402e-01
    6.29759669e-01 5.94267190e-01 5.10465562e-01 4.16686863e-01
    3.96372318e-01 4.68179762e-01 5.44450939e-01 5.40853143e-01
    4.94372964e-01 5.21224916e-01 6.10912383e-01 6.32423878e-01
    5.61851501e-01 4.97406989e-01 4.84778136e-01 4.80572104e-01
    4.60628808e-01 4.34059769e-01 4.02790397e-01 4.08879191e-01
    4.61391479e-01 4.72019047e-01 4.35052603e-01 4.27991122e-01
    4.34983611e-01 4.13896948e-01 3.82461578e-01 3.50510538e-01
    3.57768416e-01 4.67374593e-01 5.91330051e-01 6.00171387e-01
    5.45894504e-01 5.15047789e-01 4.97103304e-01 4.90786105e-01
    5.04936576e-01 4.93083209e-01 4.13534790e-01 2.72406489e-01
    4.32976007e-01 5.86046934e-01 6.24425352e-01 6.41656041e-01
    6.36322021e-01 5.87302625e-01 5.20798922e-01 4.62429315e-01
    4.45894957e-01 4.93248284e-01 5.53698838e-01 5.53321838e-01
    5.37987113e-01 5.77176213e-01 6.26030147e-01 6.36263788e-01
    6.04009748e-01 5.46358049e-01 5.13577342e-01 5.13070166e-01
    4.93954301e-01 4.48446184e-01 4.39204544e-01 5.05333960e-01
    5.68443775e-01 5.49682736e-01 4.91547763e-01 4.42602605e-01
    3.93942982e-01 3.55419874e-01 3.83491188e-01 4.95607436e-01
    5.91664970e-01 5.65361619e-01 4.65946555e-01 4.25135374e-01
    4.57442224e-01 4.74170774e-01 4.51823741e-01 4.26908731e-01
    4.21284467e-01 4.45429385e-01 4.83527035e-01 5.16126096e-01
    5.20603359e-01 4.88698900e-01 4.85754460e-01 5.16708076e-01
    4.82973933e-01 3.98088336e-01 3.72436613e-01 4.09800828e-01
    4.39920902e-01 4.54394102e-01 4.68412310e-01 4.54593033e-01
    4.49742049e-01 5.31715453e-01 6.15217090e-01 5.78215778e-01
    4.96561438e-01 4.57491606e-01 4.05077785e-01 3.47151130e-01
    3.65998805e-01 4.27665919e-01 4.57467586e-01 4.58828956e-01
    4.61924702e-01 4.60709751e-01 3.98329288e-01 3.15480530e-01
    3.61692935e-01 4.69309747e-01 4.71864343e-01 4.39709485e-01
    4.30760741e-01 3.98482442e-01 4.22553927e-01 5.30356407e-01
    5.82507551e-01 5.44242442e-01 5.07145524e-01 5.09823680e-01
    5.36261022e-01 5.78290403e-01 6.30640805e-01 6.47487342e-01
    5.97248971e-01 5.01432598e-01 4.06409800e-01 3.73807520e-01
    3.78652543e-01 3.66006017e-01 3.81829292e-01 4.34766620e-01
    4.72565949e-01 4.93587434e-01 4.95145112e-01 4.65777695e-01
    4.55454588e-01 5.04168153e-01 5.62470913e-01 6.04608059e-01
    6.63695633e-01 7.21043408e-01 7.09017158e-01 5.92812419e-01
    4.52709466e-01 4.33303922e-01 5.49367726e-01 6.52210176e-01
    6.18278503e-01 5.13425529e-01 4.81450409e-01 5.14735758e-01
    5.29237449e-01 5.39665043e-01 5.52810490e-01 5.22847295e-01
    4.99400109e-01 5.31969965e-01 5.33942878e-01 4.43910152e-01
    3.56276691e-01 3.94333929e-01 5.06610870e-01 5.71754992e-01
    6.12320125e-01 6.56686306e-01 6.53257072e-01 6.15879834e-01
    6.04679585e-01 6.02420926e-01 5.71212590e-01 5.41954100e-01
    5.41282415e-01 5.54621577e-01 5.66859126e-01 5.59110045e-01
    5.22953928e-01 4.83836710e-01 4.70018685e-01 4.86506909e-01
    5.01481295e-01 4.75503027e-01 4.45369512e-01 4.42112327e-01
    4.26886618e-01 4.29102927e-01 4.67215240e-01 4.64189976e-01
    4.31729406e-01 4.48225409e-01 4.83375877e-01 4.41101074e-01
    3.33854675e-01 2.79005319e-01 3.32393825e-01 4.53772753e-01
    5.56711972e-01 5.58124959e-01 4.91356552e-01 4.79859322e-01
    5.21768093e-01 5.39929092e-01 5.46466768e-01 5.41116118e-01
    5.15937746e-01 5.07469177e-01 5.28930783e-01 5.42091012e-01
    4.95058358e-01 4.47487295e-01 4.69756663e-01 4.90829259e-01
    4.63102043e-01 4.30724829e-01 4.15221334e-01 4.26681280e-01
    4.99677896e-01 6.04163408e-01 6.48497760e-01 6.12394214e-01
    5.41127145e-01 4.97354537e-01 5.15033841e-01 5.43366730e-01
    5.46892107e-01 5.27298510e-01 4.88382608e-01 4.63633955e-01
    4.46527958e-01 4.24497068e-01 4.38670337e-01 4.87006873e-01
    5.25105059e-01 5.27319908e-01 4.81306046e-01 4.34805214e-01
    4.59942311e-01 5.03953099e-01 4.77182031e-01 4.47242141e-01
    5.12446940e-01 6.11694813e-01 6.34922802e-01 5.89172900e-01
    5.53931653e-01 5.40971339e-01 5.23508072e-01 5.14107704e-01
    4.96775538e-01 4.77762848e-01 5.25403857e-01 6.11917615e-01
    6.48285389e-01 6.24545217e-01 5.52752852e-01 4.60820973e-01
    4.40751880e-01 5.19613683e-01 5.94141722e-01 5.75708628e-01
    5.12010515e-01 5.26682377e-01 6.13139331e-01 6.30032897e-01
    5.54799914e-01 5.00125170e-01 5.10275900e-01 5.29688478e-01
    5.00475109e-01 4.24274296e-01 3.70728999e-01 3.92657459e-01
    4.34720159e-01 4.38654780e-01 4.51417983e-01 4.88923490e-01
    4.75332677e-01 4.04828101e-01 3.55204761e-01 3.43176603e-01
    3.60963076e-01 4.30756778e-01 5.09750068e-01 5.49206436e-01
    5.68951964e-01 5.65351069e-01 5.32013774e-01 5.16969562e-01
    5.35673499e-01 5.46712875e-01 5.08067667e-01 3.72884214e-01
    4.63041723e-01 6.25212133e-01 6.31924093e-01 5.91093481e-01
    5.52584589e-01 5.21829903e-01 5.02280891e-01 4.80551243e-01
    4.83461142e-01 5.28492332e-01 5.55230856e-01 5.16920149e-01
    4.78646994e-01 4.98805672e-01 5.42683899e-01 5.88041961e-01
    6.13015175e-01 5.80377698e-01 5.27105391e-01 4.99801368e-01
    4.79351789e-01 4.41313386e-01 4.11185443e-01 4.39238340e-01
    4.98968482e-01 5.18261194e-01 5.05938530e-01 4.85800952e-01
    4.30287659e-01 3.76927674e-01 4.06370938e-01 5.08850515e-01
    6.02870822e-01 5.92660367e-01 4.93741423e-01 4.64919776e-01
    5.24942160e-01 5.31870246e-01 4.94002372e-01 4.89562362e-01
    4.84973699e-01 4.66692537e-01 4.67137307e-01 4.86867279e-01
    5.03074944e-01 5.06855190e-01 5.20214200e-01 5.33236682e-01
    4.98533159e-01 4.40414429e-01 4.44557637e-01 5.03998876e-01
    5.28047979e-01 5.15989542e-01 5.11212647e-01 4.79071915e-01
    4.66853708e-01 5.77331424e-01 6.91022754e-01 6.46252096e-01
    5.43428183e-01 5.15583992e-01 4.92787689e-01 4.12633747e-01
    3.60394806e-01 3.84690553e-01 4.28611279e-01 4.56423819e-01
    4.67556030e-01 4.51117188e-01 3.86379004e-01 3.22574377e-01
    3.71819705e-01 4.65326726e-01 4.55229968e-01 4.03413624e-01
    3.95331919e-01 4.16516840e-01 4.91611898e-01 6.14305556e-01
    6.84220076e-01 6.64304674e-01 6.13985419e-01 5.67752481e-01
    5.31482697e-01 5.40853322e-01 6.12190485e-01 6.55871928e-01
    6.03351831e-01 5.15761316e-01 4.51548368e-01 4.36192244e-01
    4.43342328e-01 4.15443152e-01 3.98982435e-01 4.26500738e-01
    4.53822285e-01 4.79653597e-01 4.93730754e-01 4.57233101e-01
    4.19278681e-01 4.70547795e-01 5.78864694e-01 6.53589368e-01
    6.90879345e-01 7.07728863e-01 6.76953435e-01 5.98045111e-01
    5.29391110e-01 5.19729733e-01 5.70622087e-01 6.38600647e-01
    6.38171613e-01 5.68552196e-01 5.46620607e-01 5.88668287e-01
    5.99959075e-01 5.68817079e-01 5.35559177e-01 5.08477867e-01
    5.10834694e-01 5.49858689e-01 5.68819463e-01 5.30934215e-01
    4.76127028e-01 4.63034481e-01 4.90498096e-01 5.35574377e-01
    6.01639330e-01 6.52112782e-01 6.49396420e-01 6.28023207e-01
    6.25026822e-01 5.99493742e-01 5.12379289e-01 4.48863685e-01
    4.82016802e-01 5.56498051e-01 6.04166627e-01 5.82270265e-01
    5.01481652e-01 4.49692518e-01 4.58513349e-01 4.94709402e-01
    5.37137330e-01 5.51442862e-01 5.46852589e-01 5.51630020e-01
    5.34333110e-01 5.10088503e-01 4.89394128e-01 4.30060208e-01
    3.80714625e-01 4.02953327e-01 4.63281870e-01 4.69956189e-01
    3.77724677e-01 2.95358658e-01 3.41080785e-01 4.79327530e-01
    5.87267101e-01 5.74790835e-01 4.87850130e-01 4.52544808e-01
    4.69659716e-01 4.81734127e-01 5.13030469e-01 5.32918513e-01
    4.87557530e-01 4.48629767e-01 4.98581290e-01 5.74193299e-01
    5.53384423e-01 4.77898955e-01 4.66037989e-01 4.81025040e-01
    4.45813686e-01 3.94234300e-01 3.78608525e-01 4.19005275e-01
    5.18327713e-01 6.24171138e-01 6.73760116e-01 6.44544184e-01
    5.53186774e-01 4.99085695e-01 5.42171717e-01 5.91458142e-01
    5.83588481e-01 5.35911083e-01 4.80703652e-01 4.70222086e-01
    4.79539692e-01 4.65016961e-01 4.82181400e-01 5.40322185e-01
    5.75321198e-01 5.56611240e-01 4.89429116e-01 4.35653895e-01
    4.46826011e-01 4.78076309e-01 4.87133861e-01 5.10129690e-01
    5.78694820e-01 6.44882679e-01 6.53737247e-01 6.27049446e-01
    6.14458203e-01 6.03678703e-01 5.67548096e-01 5.33942878e-01
    4.94764775e-01 4.44352657e-01 4.52943921e-01 5.05479753e-01
    5.26274920e-01 5.40829480e-01 5.65187991e-01 5.53762436e-01
    5.35299301e-01 5.58495760e-01 5.80358207e-01 5.41725993e-01
    4.68809396e-01 4.60649669e-01 5.43536603e-01 6.10427380e-01
    5.97940266e-01 5.64921081e-01 5.58969378e-01 5.60200751e-01
    5.29319823e-01 4.62350547e-01 4.32887554e-01 4.73992765e-01
    4.87512022e-01 4.53810453e-01 4.86076504e-01 5.72373211e-01
    5.65944254e-01 4.42639828e-01 3.36114049e-01 3.24098587e-01
    3.67089719e-01 4.18261230e-01 4.67218876e-01 5.27010262e-01
    5.76574326e-01 5.75231850e-01 5.50356746e-01 5.33291638e-01
    5.07209480e-01 4.93761331e-01 4.92596269e-01 3.93205881e-01
    4.49325055e-01 6.20928943e-01 6.40733659e-01 5.84549308e-01
    5.22029877e-01 4.91110802e-01 4.91888195e-01 4.94300991e-01
    5.02123356e-01 5.21974027e-01 5.16563833e-01 4.70385253e-01
    4.30764645e-01 4.24852282e-01 4.59142029e-01 5.42936802e-01
    6.02026522e-01 5.63768148e-01 4.88653779e-01 4.54763204e-01
    4.50811952e-01 4.27653939e-01 3.89473617e-01 3.97611648e-01
    4.56653506e-01 5.12767017e-01 5.49606442e-01 5.43159187e-01
    4.62384492e-01 3.98082554e-01 4.39473450e-01 5.26189983e-01
    5.89098454e-01 5.89145541e-01 5.25257349e-01 5.06290257e-01
    5.63618183e-01 5.79892695e-01 5.42674661e-01 5.33710659e-01
    5.47870040e-01 5.39412379e-01 5.04438102e-01 4.82506633e-01
    4.89876479e-01 4.88437772e-01 4.67670530e-01 4.68172312e-01
    4.85295057e-01 4.76904988e-01 4.93794113e-01 5.78479648e-01
    6.37259305e-01 6.25092804e-01 5.84166467e-01 5.26348233e-01
    5.29073596e-01 6.47233486e-01 7.23388612e-01 6.28163576e-01
    4.95703846e-01 4.89987075e-01 5.36633313e-01 4.98422146e-01
    4.31614339e-01 4.28210348e-01 4.57251906e-01 4.87351388e-01
    5.06068885e-01 4.79135841e-01 4.11879390e-01 3.76917481e-01
    4.20133889e-01 4.67626214e-01 4.57840711e-01 4.32261586e-01
    4.40076768e-01 5.04670262e-01 6.10248029e-01 7.01834023e-01
    7.27854669e-01 6.87744975e-01 6.34418726e-01 5.85769534e-01
    5.24628639e-01 4.97111440e-01 5.50447166e-01 5.95179141e-01
    5.58977783e-01 5.14250875e-01 4.85542923e-01 4.59649920e-01
    4.61113721e-01 4.70021904e-01 4.80252594e-01 4.94675606e-01
    4.83720422e-01 4.54804718e-01 4.37700838e-01 4.33422476e-01
    4.34105337e-01 4.71023649e-01 5.54269373e-01 6.00672245e-01
    5.76711118e-01 5.47349513e-01 5.28841317e-01 5.22998512e-01
    5.51522791e-01 5.67325413e-01 5.57785809e-01 5.97583532e-01
    6.57380164e-01 6.48810029e-01 6.27563834e-01 6.53080404e-01
    6.45071805e-01 5.54114044e-01 4.56595093e-01 4.45329219e-01
    5.20449698e-01 5.89006424e-01 6.01049721e-01 5.98784387e-01
    5.79808891e-01 5.26449919e-01 4.99065846e-01 5.23250818e-01
    5.58560967e-01 5.82330585e-01 5.99263310e-01 6.02712154e-01
    5.75848460e-01 5.18681467e-01 4.55865324e-01 4.53136981e-01
    5.30999422e-01 6.11819327e-01 6.34409785e-01 5.88305354e-01
    5.18235505e-01 4.94263053e-01 4.97327000e-01 5.03550172e-01
    5.42968035e-01 5.84025025e-01 5.98907530e-01 6.11523867e-01
    6.16622567e-01 6.10798001e-01 5.79057515e-01 4.97910142e-01
    4.11375672e-01 3.88972253e-01 4.54250932e-01 5.17640054e-01
    4.78216171e-01 4.13717300e-01 4.35560614e-01 5.15967429e-01
    5.59961975e-01 5.02957523e-01 4.06199485e-01 3.90968204e-01
    4.46022421e-01 4.99553561e-01 5.43248117e-01 5.35229743e-01
    4.43015903e-01 3.82946908e-01 4.60095078e-01 5.70354760e-01
    5.58861971e-01 4.78003055e-01 4.66322452e-01 4.80093718e-01
    4.31743652e-01 3.83971989e-01 3.93281072e-01 4.51515436e-01
    5.49459219e-01 6.31102860e-01 6.63880110e-01 6.45496964e-01
    5.61208367e-01 5.00653386e-01 5.30052543e-01 5.66240430e-01
    5.74120104e-01 5.59633136e-01 5.11106789e-01 4.86295611e-01
    4.83081132e-01 4.54314530e-01 4.67120618e-01 5.31909585e-01
    5.63762665e-01 5.43409467e-01 4.93196398e-01 4.54946309e-01
    4.55836415e-01 4.78149235e-01 5.09134173e-01 5.37739456e-01
    5.58554411e-01 5.85345149e-01 6.22118890e-01 6.41222596e-01
    6.31417990e-01 6.08296454e-01 5.70326030e-01 5.35429358e-01
    5.01983285e-01 4.48033154e-01 4.17348117e-01 4.19833183e-01
    4.28248852e-01 4.92267907e-01 6.05118990e-01 6.50858045e-01
    6.06364071e-01 5.54177225e-01 5.19699693e-01 4.69583601e-01
    4.09403354e-01 3.92527908e-01 4.47832882e-01 5.38623452e-01
    6.03280008e-01 6.11736715e-01 5.80860794e-01 5.45465529e-01
    5.15769124e-01 4.85515654e-01 4.89788979e-01 5.39755285e-01
    5.51856160e-01 5.14222920e-01 5.26131630e-01 5.86094141e-01
    5.71074009e-01 4.43759143e-01 3.30614120e-01 3.37928742e-01
    4.16906953e-01 4.79678303e-01 5.15530586e-01 5.40581703e-01
    5.33665240e-01 5.18656075e-01 5.55069983e-01 5.74323356e-01
    5.08774340e-01 4.66376185e-01 4.75238621e-01 3.78545821e-01
    3.93262178e-01 5.52103043e-01 5.92918515e-01 5.74508488e-01
    5.42127252e-01 5.26780844e-01 5.47325671e-01 5.60828805e-01
    5.24669409e-01 4.74455804e-01 4.51676965e-01 4.51786101e-01
    4.60235417e-01 4.62117344e-01 4.91244465e-01 5.69738507e-01
    6.03912771e-01 5.34911931e-01 4.36053514e-01 3.88309836e-01
    3.90213192e-01 3.87781203e-01 3.85604322e-01 4.24537510e-01
    4.69113320e-01 4.90577608e-01 5.15395343e-01 5.13588011e-01
    4.47944462e-01 3.99000943e-01 4.42630321e-01 5.24436057e-01
    5.72522283e-01 5.63660324e-01 5.14386952e-01 4.89293814e-01
    5.15690684e-01 5.50350904e-01 5.59123158e-01 5.56332469e-01
    5.84954143e-01 6.23160243e-01 6.02425635e-01 5.48192084e-01
    5.09699106e-01 4.63518411e-01 4.09960210e-01 4.14933324e-01
    4.74155903e-01 4.97022420e-01 5.09273708e-01 5.87845683e-01
    6.59495473e-01 6.40008748e-01 5.68270266e-01 5.35778642e-01
    5.94441175e-01 6.73022866e-01 6.47844195e-01 5.11835337e-01
    3.94679487e-01 4.11452174e-01 5.00403166e-01 5.31085074e-01
    5.08161962e-01 4.87384707e-01 4.86415386e-01 5.14516711e-01
    5.29739320e-01 4.86479521e-01 4.31024343e-01 4.39630091e-01
    4.84595597e-01 4.96523231e-01 4.96744633e-01 4.96601880e-01
    5.01099885e-01 5.72731912e-01 6.79630339e-01 7.23763287e-01
    6.78252697e-01 5.85326672e-01 5.37504196e-01 5.55823267e-01
    5.51303744e-01 5.20634770e-01 5.27822316e-01 5.28991640e-01
    5.06053209e-01 5.22631705e-01 5.24470866e-01 4.57342714e-01
    4.19625789e-01 4.70159203e-01 5.49203932e-01 5.79761982e-01
    5.28340518e-01 4.40136403e-01 4.04629350e-01 4.48672354e-01
    4.92478997e-01 4.86874372e-01 4.82404619e-01 4.71278459e-01
    4.27196264e-01 4.13332880e-01 4.38695163e-01 4.72416908e-01
    5.19051433e-01 5.30193448e-01 5.08211255e-01 5.53300798e-01
    6.28709137e-01 6.21161461e-01 5.87038457e-01 6.04566813e-01
    5.99364340e-01 5.05910397e-01 3.97429079e-01 3.90457839e-01
    4.88229036e-01 5.68923891e-01 5.82148612e-01 5.96546352e-01
    5.93334615e-01 5.37949502e-01 5.25367796e-01 5.70612609e-01
    5.84514916e-01 5.67856848e-01 5.79141676e-01 6.00265741e-01
    5.48041701e-01 4.44903314e-01 4.22021925e-01 5.12085855e-01
    6.12464786e-01 6.38274729e-01 5.96673608e-01 5.35432041e-01
    5.08505285e-01 5.17049670e-01 4.98835146e-01 4.72557366e-01
    5.02810836e-01 5.54004788e-01 5.71313381e-01 5.72344244e-01
    6.02738917e-01 6.61804259e-01 6.90631509e-01 6.46841228e-01
    5.47073185e-01 4.73799467e-01 4.93541658e-01 5.38883984e-01
    5.34541011e-01 5.18253684e-01 5.23835540e-01 5.41514993e-01
    5.47706187e-01 4.91598874e-01 4.05468762e-01 4.03745145e-01
    4.74959910e-01 5.23691237e-01 5.39819598e-01 5.22650301e-01
    4.58352596e-01 4.31365013e-01 5.06305993e-01 5.84439635e-01
    5.64750791e-01 5.12863338e-01 5.09869337e-01 4.82347071e-01
    3.94523352e-01 3.63037169e-01 4.18947905e-01 4.92745191e-01
    5.64230323e-01 6.10983729e-01 6.29643798e-01 6.17845893e-01
    5.37530184e-01 4.68901783e-01 4.92548287e-01 5.45263350e-01
    5.96603334e-01 6.20359302e-01 5.63867152e-01 4.96972233e-01
    4.56886262e-01 4.06728923e-01 4.16700929e-01 4.84363914e-01
    5.01269937e-01 4.69880790e-01 4.32396919e-01 4.04871523e-01
    4.09468800e-01 4.51049924e-01 4.98034120e-01 4.96381283e-01
    4.49677616e-01 4.39626724e-01 5.16278028e-01 6.08435452e-01
    6.29475176e-01 5.88329196e-01 5.28502762e-01 4.91209745e-01
    4.86088872e-01 4.83850747e-01 4.75441962e-01 4.64000791e-01
    4.71538842e-01 5.41142285e-01 6.37321055e-01 6.56554461e-01
    5.85267186e-01 5.10070443e-01 4.70470101e-01 4.36568677e-01
    3.99186790e-01 3.74390334e-01 3.76293033e-01 4.25188184e-01
    5.09515285e-01 5.67587316e-01 5.57033181e-01 5.02467573e-01
    4.71281439e-01 4.89754111e-01 5.26645303e-01 5.56520343e-01
    5.65885246e-01 5.61738551e-01 5.63726306e-01 5.64301968e-01
    5.29494405e-01 4.50268537e-01 3.93787831e-01 4.17546570e-01
    4.85059172e-01 5.46933115e-01 5.89051723e-01 5.84123552e-01
    5.13839304e-01 4.68376845e-01 5.35162151e-01 5.94136953e-01
    5.42180896e-01 4.99574155e-01 4.93516028e-01 3.73329014e-01
    3.62140745e-01 4.88041371e-01 5.08467138e-01 5.08850157e-01
    5.10683894e-01 5.25702834e-01 5.89161158e-01 6.33903861e-01
    5.73419631e-01 4.72987771e-01 4.51363325e-01 5.09575963e-01
    5.60313642e-01 5.59671819e-01 5.62885761e-01 5.97824574e-01
    5.91460943e-01 5.10330796e-01 4.03628618e-01 3.38445395e-01
    3.42530370e-01 3.63661408e-01 3.86844695e-01 4.38899308e-01
    4.60525066e-01 4.36896026e-01 4.39027607e-01 4.49228913e-01
    4.16184396e-01 3.83288264e-01 4.08547461e-01 4.76977319e-01
    5.43041408e-01 5.58691621e-01 5.11179149e-01 4.53579098e-01
    4.30103928e-01 4.57614660e-01 5.10874033e-01 5.36698222e-01
    5.76704383e-01 6.53210998e-01 6.63216054e-01 5.78761101e-01
    4.80787933e-01 4.20201153e-01 4.05605525e-01 4.38179910e-01
    4.90651280e-01 5.15701830e-01 5.32097101e-01 5.78580499e-01
    6.02974951e-01 5.44293284e-01 4.71176952e-01 5.07259130e-01
    6.14829004e-01 6.41353965e-01 5.56306481e-01 4.45659131e-01
    3.87184530e-01 4.11683887e-01 4.83932197e-01 5.38321495e-01
    5.33308387e-01 4.78229433e-01 4.54537570e-01 4.92960095e-01
    5.01633883e-01 4.53513891e-01 4.42189634e-01 5.08170664e-01
    5.64187050e-01 5.53136468e-01 5.27723014e-01 4.98123318e-01
    4.74138170e-01 5.24943590e-01 6.10560358e-01 6.28507376e-01
    5.59694886e-01 4.56937224e-01 4.30255830e-01 5.11626482e-01
    5.69662631e-01 5.50428152e-01 5.25484860e-01 4.93027985e-01
    4.64758784e-01 5.02475679e-01 5.31918764e-01 4.57857192e-01
    3.77612650e-01 4.19584692e-01 5.36246717e-01 5.94833732e-01
    5.48460007e-01 4.76720363e-01 4.77578878e-01 5.37509799e-01
    5.53731203e-01 4.89447117e-01 4.20402914e-01 3.91921818e-01
    3.91811848e-01 4.25784320e-01 4.76798773e-01 5.16053975e-01
    5.39141059e-01 5.22943854e-01 4.94741261e-01 5.24967968e-01
    5.58021426e-01 5.24934053e-01 4.99967784e-01 5.26414812e-01
    5.31212628e-01 4.75844175e-01 4.22619998e-01 4.31045592e-01
    4.83553827e-01 5.35015166e-01 5.69235384e-01 5.88110387e-01
    5.63519835e-01 5.02557039e-01 4.97483790e-01 5.63522518e-01
    6.12613440e-01 6.14757478e-01 6.21788859e-01 6.42495871e-01
    5.92030942e-01 4.85594958e-01 4.71734166e-01 5.58376133e-01
    6.13357425e-01 5.83883703e-01 5.10254681e-01 4.53750730e-01
    4.51882929e-01 4.64538127e-01 4.51024920e-01 4.58881706e-01
    5.09327292e-01 5.44247329e-01 5.25809288e-01 5.01518250e-01
    5.54261804e-01 6.64654553e-01 7.38607407e-01 7.32178092e-01
    6.59833848e-01 5.82622230e-01 5.37857652e-01 5.10260105e-01
    5.10818541e-01 5.33438921e-01 5.28980017e-01 5.00910103e-01
    4.92789865e-01 4.88283575e-01 4.63893265e-01 4.79257315e-01
    5.37767708e-01 5.43315709e-01 5.03838420e-01 4.97550696e-01
    5.19322217e-01 5.58556259e-01 6.09594584e-01 6.19571686e-01
    5.85107565e-01 5.62258124e-01 5.47755539e-01 4.87437457e-01
    4.16446596e-01 4.35506105e-01 5.14341354e-01 5.45042098e-01
    5.36833584e-01 5.49770832e-01 5.89336693e-01 5.88893592e-01
    4.95506644e-01 4.16560560e-01 4.55573797e-01 5.46862721e-01
    6.11122608e-01 6.14616215e-01 5.53944647e-01 4.99895900e-01
    4.62491006e-01 4.13667738e-01 4.42026168e-01 5.25471032e-01
    5.20846426e-01 4.55649376e-01 4.11649585e-01 3.74665052e-01
    3.52782607e-01 3.81435931e-01 4.16657448e-01 3.87858510e-01
    3.14492822e-01 2.91556895e-01 3.80170971e-01 5.10112107e-01
    5.65603793e-01 5.26075542e-01 4.57609653e-01 4.30873334e-01
    4.52156365e-01 4.97663349e-01 5.40006399e-01 5.49389243e-01
    5.52489460e-01 5.74826241e-01 5.82290053e-01 5.63120306e-01
    5.38535237e-01 5.13767660e-01 4.85174626e-01 4.51797456e-01
    4.14233387e-01 3.75272036e-01 3.55180353e-01 3.81420463e-01
    4.53560650e-01 5.38001060e-01 5.58962047e-01 4.87042606e-01
    4.45295244e-01 5.04877746e-01 5.53895295e-01 5.41026592e-01
    5.42709947e-01 5.76508939e-01 5.84257364e-01 5.58341563e-01
    5.28048635e-01 5.02055883e-01 4.96719211e-01 5.03645778e-01
    5.11531472e-01 5.47196984e-01 5.90650499e-01 5.80045223e-01
    4.99401361e-01 4.36268866e-01 4.86179113e-01 5.57491124e-01
    5.34459233e-01 4.93332475e-01 4.67507035e-01 3.47163320e-01
    3.45533073e-01 4.62104112e-01 4.95572209e-01 5.10164499e-01
    4.88587052e-01 4.62471873e-01 5.11706948e-01 5.70794702e-01
    5.39289176e-01 4.83637035e-01 5.21037698e-01 6.15661204e-01
    6.53999031e-01 6.23843074e-01 5.83603740e-01 5.55559993e-01
    5.28438807e-01 4.85093802e-01 4.12501723e-01 3.52459490e-01
    3.63367409e-01 4.00964737e-01 4.03738558e-01 3.95690531e-01
    3.86550456e-01 3.88015479e-01 4.34161216e-01 4.66792494e-01
    4.28219467e-01 3.82848561e-01 3.86470675e-01 4.23409075e-01
    4.96417850e-01 5.70074081e-01 5.57503521e-01 4.61900264e-01
    3.67284268e-01 3.53648394e-01 4.23816264e-01 4.93880689e-01
    5.47257960e-01 6.19104505e-01 6.38800740e-01 5.49575388e-01
    4.38655674e-01 3.96857738e-01 4.13783163e-01 4.44665045e-01
    4.77357328e-01 5.15644789e-01 5.47025204e-01 5.53222120e-01
    5.18922985e-01 4.43842679e-01 4.05366838e-01 4.76886660e-01
    5.68994761e-01 5.68536043e-01 5.09779990e-01 4.79290217e-01
    4.95770514e-01 5.14292240e-01 5.24551213e-01 5.51573277e-01
    5.40563524e-01 4.56814021e-01 4.11144525e-01 4.48549509e-01
    4.59539354e-01 4.21839565e-01 4.38257039e-01 5.33229709e-01
    6.00273430e-01 5.73773861e-01 5.10085523e-01 4.51452672e-01
    4.07384694e-01 4.12321031e-01 4.54153240e-01 4.67838228e-01
    4.30037260e-01 3.86392832e-01 4.03665453e-01 4.87767398e-01
    5.52705705e-01 5.53303361e-01 5.30824482e-01 4.92805302e-01
    4.50313687e-01 4.60196435e-01 4.96476889e-01 4.67659861e-01
    3.96861881e-01 3.98013830e-01 4.82686937e-01 5.44838488e-01
    5.31814039e-01 5.18972516e-01 5.63097954e-01 5.91788054e-01
    5.27738333e-01 4.22215521e-01 3.74975324e-01 4.02122349e-01
    4.56259042e-01 5.04610240e-01 5.48637271e-01 5.88186741e-01
    6.00205481e-01 5.68631291e-01 5.24853170e-01 5.11850417e-01
    5.08952320e-01 5.05628407e-01 5.36614299e-01 5.75251400e-01
    5.56022227e-01 4.93427455e-01 4.76947755e-01 5.09305000e-01
    5.19252479e-01 5.39698601e-01 5.99987686e-01 6.15436018e-01
    5.54123521e-01 4.80481952e-01 4.49743003e-01 4.84146923e-01
    5.63527167e-01 6.27868116e-01 6.60732150e-01 6.78306818e-01
    6.53050065e-01 5.99240184e-01 5.75910509e-01 5.62799990e-01
    5.29699206e-01 5.02084494e-01 4.79945838e-01 4.53776121e-01
    4.43033189e-01 4.42190796e-01 4.54739004e-01 5.18562615e-01
    5.98979175e-01 6.05753779e-01 5.28354168e-01 4.69312459e-01
    5.13637662e-01 6.08858168e-01 6.69512630e-01 6.79707170e-01
    6.56723917e-01 6.16139114e-01 5.48377097e-01 4.73992467e-01
    4.60039228e-01 4.92072254e-01 4.89412874e-01 4.37762380e-01
    4.08535957e-01 4.45143938e-01 4.85352010e-01 5.12251735e-01
    5.60085893e-01 5.51920772e-01 4.77180719e-01 4.61076975e-01
    5.19089878e-01 5.89174569e-01 6.30614996e-01 6.01569057e-01
    5.42688310e-01 5.25224805e-01 5.22066295e-01 5.02950788e-01
    5.15760660e-01 5.84632456e-01 6.30496085e-01 5.77586412e-01
    4.86404747e-01 4.75078374e-01 5.50979853e-01 5.81832647e-01
    5.03216565e-01 4.38249677e-01 4.75062996e-01 5.43799400e-01
    5.53521991e-01 5.05205452e-01 4.72718507e-01 4.87977594e-01
    4.88404483e-01 4.67322111e-01 5.16326785e-01 5.92624903e-01
    5.74373543e-01 5.11547685e-01 4.85253721e-01 4.43608731e-01
    3.72814357e-01 3.50920767e-01 3.68423879e-01 3.43172133e-01
    2.68650025e-01 2.29215354e-01 2.92713404e-01 4.00000423e-01
    4.52812314e-01 4.38964218e-01 4.13546592e-01 4.23418850e-01
    4.49307799e-01 4.83008116e-01 5.26140690e-01 5.38005352e-01
    5.36644578e-01 5.35508335e-01 5.01288235e-01 4.99351382e-01
    5.68336189e-01 6.01114213e-01 5.50175488e-01 4.84307349e-01
    4.38235432e-01 4.02291238e-01 4.00211096e-01 4.38871771e-01
    4.84766811e-01 5.41838467e-01 5.70365965e-01 5.09465814e-01
    4.68398511e-01 5.21410584e-01 5.39832592e-01 5.03200054e-01
    5.24354160e-01 5.79260945e-01 5.81216335e-01 5.48772931e-01
    5.24545252e-01 5.18332541e-01 5.33591688e-01 5.27765870e-01
    5.06085038e-01 5.29239893e-01 5.48503876e-01 5.06733358e-01
    4.30412143e-01 3.80994380e-01 4.26442116e-01 5.04135728e-01
    5.00654697e-01 4.63901669e-01 4.40068513e-01 3.37527096e-01
    3.11942905e-01 4.58910495e-01 5.63034832e-01 6.06892228e-01
    5.34275055e-01 4.11638051e-01 3.66218150e-01 3.79339665e-01
    3.78859729e-01 4.09566790e-01 5.22159100e-01 6.38168275e-01
    6.73682392e-01 6.42745316e-01 5.81124783e-01 5.22535205e-01
    5.06297588e-01 5.11636078e-01 4.88478869e-01 4.56008732e-01
    4.58714038e-01 4.73925620e-01 4.42168385e-01 3.65188718e-01
    3.11279297e-01 3.45482439e-01 4.55294371e-01 5.18659830e-01
    4.71086025e-01 4.14734215e-01 4.09221262e-01 4.11347449e-01
    4.41489100e-01 5.15901625e-01 5.46638072e-01 4.69929904e-01
    3.49042445e-01 3.08013231e-01 3.88590097e-01 4.98478562e-01
    5.46937048e-01 5.67359030e-01 5.72162509e-01 5.07630229e-01
    4.32339102e-01 4.19393122e-01 4.23416227e-01 4.18096930e-01
    4.46237683e-01 5.09823978e-01 5.45073986e-01 5.19985855e-01
    4.69621241e-01 4.23953116e-01 4.02450413e-01 4.23147887e-01
    4.60138232e-01 4.77437347e-01 4.87011462e-01 5.33255398e-01
    5.94311833e-01 5.83032429e-01 5.27020395e-01 5.27020872e-01
    5.34731805e-01 4.70547557e-01 4.14528251e-01 4.29801553e-01
    4.41984177e-01 4.12002772e-01 4.08053994e-01 4.75800693e-01
    5.47623456e-01 5.41026950e-01 4.80325192e-01 4.20873821e-01
    3.67825240e-01 3.28512400e-01 3.23017120e-01 3.31532508e-01
    3.37587506e-01 3.74245822e-01 4.39112276e-01 4.84712243e-01
    5.08009613e-01 5.28559327e-01 5.20091534e-01 4.71398234e-01
    4.40926313e-01 4.61778849e-01 4.94544744e-01 4.98318523e-01
    4.69861776e-01 4.46204424e-01 4.72936302e-01 5.16842365e-01
    5.17721415e-01 5.12763023e-01 5.41530252e-01 5.34576714e-01
    4.37030435e-01 3.42646092e-01 3.63265574e-01 4.61777121e-01
    5.44038951e-01 5.84057570e-01 5.99985659e-01 5.95347345e-01
    5.69267750e-01 5.37625432e-01 5.12620389e-01 5.02416968e-01
    5.08587956e-01 5.44107437e-01 6.15535796e-01 6.65633023e-01
    6.37979269e-01 5.62775075e-01 5.25374234e-01 5.29666185e-01
    5.08622348e-01 5.12371004e-01 5.94675720e-01 6.40971899e-01
    5.84678471e-01 5.01097500e-01 4.42839861e-01 4.38212693e-01
    4.98065263e-01 5.67020953e-01 6.08599603e-01 6.24222696e-01
    6.17427766e-01 6.18510306e-01 6.08557403e-01 5.30979335e-01
    4.44137514e-01 4.49331999e-01 5.10331035e-01 5.26914239e-01
    5.05633235e-01 5.04305661e-01 5.37606061e-01 6.10619843e-01
    6.84104025e-01 6.67381644e-01 5.62624454e-01 4.91466939e-01
    5.05519450e-01 5.36636710e-01 5.45884848e-01 5.56845427e-01
    5.85308671e-01 6.01673007e-01 5.60019374e-01 4.81858581e-01
    4.44196463e-01 4.61841494e-01 4.75118130e-01 4.41935658e-01
    4.10814166e-01 4.47776735e-01 4.93040174e-01 5.04876316e-01
    5.37140012e-01 5.38691640e-01 4.77780700e-01 4.54079866e-01
    4.84384537e-01 5.34296095e-01 5.87397814e-01 5.67624032e-01
    4.84745741e-01 4.64894235e-01 5.14291465e-01 5.57106614e-01
    6.04468703e-01 6.60051048e-01 6.53049886e-01 5.55175602e-01
    4.42833602e-01 4.36348230e-01 5.41690588e-01 5.99238992e-01
    5.47411621e-01 5.07503688e-01 5.28575599e-01 5.49251914e-01
    5.18424928e-01 4.51955259e-01 4.35281605e-01 4.88244146e-01
    5.29489100e-01 5.42567432e-01 5.68957567e-01 5.82765222e-01
    5.66714585e-01 5.69416761e-01 5.89077294e-01 5.53239882e-01
    4.59973872e-01 4.04421240e-01 4.21428114e-01 4.24030632e-01
    3.45873356e-01 2.66780525e-01 2.90933728e-01 3.72375816e-01
    4.23131555e-01 4.42387402e-01 4.53830123e-01 4.61963028e-01
    4.61672813e-01 4.66260493e-01 4.75339651e-01 4.67694044e-01
    4.78343666e-01 5.07789314e-01 5.07473826e-01 5.41486263e-01
    6.44939542e-01 6.87131584e-01 6.16247594e-01 5.37817836e-01
    5.08549392e-01 4.92626131e-01 4.77785945e-01 4.72834200e-01
    4.63243634e-01 4.76693660e-01 5.17436326e-01 5.13296485e-01
    4.95954543e-01 5.21127939e-01 5.13091445e-01 4.83039320e-01
    5.19908011e-01 5.76409161e-01 5.84464550e-01 5.53812325e-01
    5.04566014e-01 4.79355156e-01 5.01807153e-01 5.11389554e-01
    5.09644568e-01 5.48175335e-01 5.57193756e-01 4.95226175e-01
    4.15660232e-01 3.69295835e-01 4.16693449e-01 5.13928831e-01
    5.44339716e-01 5.25433719e-01 4.97775257e-01 3.82582396e-01
    3.28007877e-01 4.94637877e-01 6.23725533e-01 6.71706676e-01
    5.83848894e-01 4.21101809e-01 3.02829832e-01 2.68637598e-01
    2.83374310e-01 3.40792954e-01 4.48072195e-01 5.58486640e-01
    6.26087546e-01 6.33345842e-01 5.88747859e-01 5.43702245e-01
    5.35142779e-01 5.44787347e-01 5.53092837e-01 5.55435181e-01
    5.29128432e-01 4.82110441e-01 4.36188817e-01 3.70088190e-01
    3.10092837e-01 3.27778399e-01 4.14369285e-01 4.73911077e-01
    4.65103626e-01 4.55187023e-01 4.56983656e-01 4.26338255e-01
    3.94455194e-01 4.02632564e-01 4.29280043e-01 4.17374879e-01
    3.56859684e-01 3.33946645e-01 4.17599440e-01 5.32297313e-01
    5.50786257e-01 5.12911499e-01 4.97598976e-01 4.52601194e-01
    4.03873473e-01 4.20903116e-01 4.38567758e-01 4.23611790e-01
    4.50887740e-01 5.30637622e-01 5.80739856e-01 5.61630011e-01
    5.10973334e-01 4.56617832e-01 3.87694240e-01 3.37785095e-01
    3.69489461e-01 4.45594400e-01 4.96225178e-01 5.37641823e-01
    5.58692038e-01 5.12613773e-01 4.61123139e-01 4.83678579e-01
    5.24046838e-01 5.02008259e-01 4.59800214e-01 4.54488009e-01
    4.53082591e-01 4.31670845e-01 4.18770581e-01 4.39020276e-01
    4.86050814e-01 5.11562526e-01 4.73161250e-01 3.98213506e-01
    3.45735550e-01 3.24418664e-01 3.09414595e-01 3.05848926e-01
    3.39177668e-01 4.14964288e-01 4.89165187e-01 4.97791409e-01
    4.62581754e-01 4.50118631e-01 4.30040658e-01 3.87226909e-01
    4.06706303e-01 4.78637993e-01 5.07916510e-01 5.06326675e-01
    5.10061085e-01 4.92803037e-01 4.94042367e-01 5.48587918e-01
    5.71064293e-01 5.22276640e-01 4.79140311e-01 4.64838654e-01
    4.16045576e-01 3.67478251e-01 4.16743875e-01 5.22841215e-01
    6.00990057e-01 6.42565310e-01 6.24728799e-01 5.37509859e-01
    4.61343467e-01 4.49358702e-01 4.72031027e-01 5.12991846e-01
    5.53173244e-01 5.75967073e-01 6.04237139e-01 6.27682149e-01
    6.28757775e-01 6.08615220e-01 5.60734272e-01 5.01790404e-01
    4.43976849e-01 4.26263154e-01 5.06281734e-01 6.08357131e-01
    6.08073056e-01 5.20307362e-01 4.44764972e-01 4.37906623e-01
    4.67425913e-01 4.90049094e-01 5.06754398e-01 4.99755830e-01
    4.77336526e-01 5.02274752e-01 5.42122841e-01 5.04251122e-01
    4.32878703e-01 4.42997515e-01 5.21669209e-01 5.62189341e-01
    5.47567606e-01 5.43767452e-01 5.81225276e-01 6.49038613e-01
    7.01037049e-01 6.81269526e-01 6.09749258e-01 5.67173541e-01
    5.64461470e-01 5.42074144e-01 4.87335950e-01 4.66994226e-01
    5.29850304e-01 5.96542776e-01 5.74178338e-01 5.02155781e-01
    4.60074186e-01 4.64641243e-01 4.84690785e-01 4.83136266e-01
    4.79156226e-01 5.19221842e-01 5.58128417e-01 5.52452207e-01
    5.47889888e-01 5.36772192e-01 4.96896654e-01 4.70694482e-01
    4.72958386e-01 5.12823880e-01 5.78247428e-01 5.73321998e-01
    4.95576054e-01 4.90420163e-01 5.68234086e-01 6.02957666e-01
    6.00619555e-01 6.14031672e-01 5.94724238e-01 5.03231049e-01
    4.00597215e-01 4.12604928e-01 5.36570191e-01 5.97359359e-01
    5.40909231e-01 4.90841806e-01 5.03807485e-01 5.33649921e-01
    5.32249331e-01 4.91228104e-01 4.73884612e-01 5.34769714e-01
    6.14899814e-01 6.35725617e-01 5.91641068e-01 5.29599309e-01
    5.28872550e-01 6.03764653e-01 6.57344639e-01 6.18371248e-01
    5.19526720e-01 4.47142065e-01 4.63020295e-01 5.02979755e-01
    4.54747617e-01 3.60760927e-01 3.39179814e-01 3.97699744e-01
    4.70869958e-01 5.10972202e-01 4.99727696e-01 4.52832311e-01
    4.25771683e-01 4.52792317e-01 4.83831257e-01 4.79668498e-01
    4.82115030e-01 5.07844329e-01 5.34274638e-01 5.88270485e-01
    6.77565157e-01 7.11145759e-01 6.46221936e-01 5.75137854e-01
    5.71060598e-01 5.86223066e-01 5.45748234e-01 4.61824924e-01
    4.00132954e-01 4.06907111e-01 4.65161651e-01 4.91681844e-01
    4.80938494e-01 4.94855523e-01 5.05871534e-01 5.04659414e-01
    5.34555137e-01 5.75531125e-01 6.03618264e-01 5.93357801e-01
    5.28052986e-01 4.84947830e-01 5.04864573e-01 5.21033287e-01
    5.33873141e-01 5.79377830e-01 6.05096996e-01 5.90628982e-01
    5.48938751e-01 4.94821429e-01 5.07773340e-01 5.86062312e-01
    6.32696211e-01 6.24458253e-01 5.61366558e-01 3.99713069e-01
    4.18722361e-01 5.56758761e-01 6.34592235e-01 6.72485590e-01
    6.19279921e-01 4.91793126e-01 3.73921633e-01 3.41606766e-01
    3.69821578e-01 3.94530326e-01 4.34794635e-01 5.02254486e-01
    5.63039660e-01 5.87219834e-01 5.68696856e-01 5.42127311e-01
    5.27222574e-01 5.25817752e-01 5.53198040e-01 5.68379104e-01
    5.08486450e-01 4.31368589e-01 4.18075919e-01 4.26647544e-01
    4.21044886e-01 4.16958034e-01 4.10201997e-01 4.09817576e-01
    4.41217452e-01 4.97085869e-01 5.07841229e-01 4.49832082e-01
    3.90967190e-01 3.54757875e-01 3.45458478e-01 3.71074528e-01
    3.80412012e-01 3.71037036e-01 4.17377770e-01 4.98860240e-01
    5.08304596e-01 4.74601418e-01 4.71128285e-01 4.37767506e-01
    3.87278080e-01 4.10397768e-01 4.57183063e-01 4.52158719e-01
    4.51963931e-01 5.22699118e-01 6.17303431e-01 6.43403053e-01
    5.76364040e-01 4.62492973e-01 3.46386701e-01 2.99579620e-01
    3.82939845e-01 4.98126984e-01 5.32154799e-01 5.08900642e-01
    4.58408654e-01 4.14075315e-01 4.35258061e-01 4.96095598e-01
    5.15786290e-01 4.81639236e-01 4.55893725e-01 4.57759738e-01
    4.53700542e-01 4.63665843e-01 4.91566807e-01 4.87971574e-01
    4.76580352e-01 4.88092482e-01 4.58599687e-01 3.81612152e-01
    3.60401422e-01 4.02070552e-01 4.10563290e-01 3.93444359e-01
    4.18279141e-01 4.76621896e-01 5.28532028e-01 5.34431040e-01
    4.77646500e-01 3.98444027e-01 3.37986767e-01 3.25802833e-01
    3.82579505e-01 4.54214871e-01 4.70838547e-01 4.61700618e-01
    4.61287737e-01 4.36120212e-01 4.38457787e-01 5.40202379e-01
    6.15423083e-01 5.48769593e-01 4.62548733e-01 4.60151821e-01
    4.59511399e-01 4.34851140e-01 4.62505877e-01 5.22687554e-01
    5.69294810e-01 6.13931596e-01 5.96607566e-01 4.89640146e-01
    4.22895879e-01 4.45312440e-01 4.83337760e-01 5.35949647e-01
    5.92166364e-01 5.94897985e-01 5.53906858e-01 5.06406426e-01
    5.06782711e-01 5.57050049e-01 5.51716268e-01 4.79158372e-01
    4.16086227e-01 3.81299525e-01 4.07907635e-01 4.98404086e-01
    5.43888688e-01 4.96682614e-01 4.48884457e-01 4.51917082e-01
    4.61604238e-01 4.74018008e-01 4.92027640e-01 4.61613178e-01
    3.98099482e-01 3.96186084e-01 4.61036503e-01 4.95861053e-01
    4.77653921e-01 4.72848564e-01 4.98261988e-01 5.10192156e-01
    4.89078939e-01 4.73812282e-01 5.22097528e-01 6.15772724e-01
    6.67017162e-01 6.56951427e-01 6.35024786e-01 6.23200536e-01
    6.18049979e-01 5.88098347e-01 4.94199514e-01 4.19531733e-01
    4.78208274e-01 5.74558139e-01 5.74012697e-01 5.22179544e-01
    4.91598964e-01 4.88477200e-01 5.03726184e-01 5.11443436e-01
    5.16760111e-01 5.67272246e-01 6.31397545e-01 6.34709060e-01
    5.94274700e-01 5.44781506e-01 4.79485661e-01 4.16712046e-01
    4.09120172e-01 4.79858160e-01 5.58563173e-01 5.65409005e-01
    5.35806060e-01 5.50225735e-01 5.81518471e-01 5.53440332e-01
    5.20906568e-01 5.50733566e-01 5.63053370e-01 4.77508515e-01
    3.63510191e-01 3.71993303e-01 4.97703284e-01 5.65815389e-01
    5.01063406e-01 4.07928467e-01 3.99641752e-01 4.52015758e-01
    4.80979949e-01 4.76297557e-01 4.89527464e-01 5.65399706e-01
    6.53059840e-01 6.47818208e-01 5.52315295e-01 4.71525699e-01
    4.88565147e-01 5.78513205e-01 6.36899948e-01 6.14153445e-01
    5.40221393e-01 4.64206994e-01 4.56568778e-01 5.19692361e-01
    5.43126762e-01 4.75883782e-01 3.95761013e-01 4.01177496e-01
    4.74301308e-01 4.95650947e-01 4.37268168e-01 3.71186525e-01
    3.60968173e-01 4.31527823e-01 5.22962034e-01 5.58649540e-01
    5.38774133e-01 4.99014914e-01 4.84055877e-01 5.35020769e-01
    6.33029759e-01 6.79569125e-01 6.19732022e-01 5.43674409e-01
    5.49668312e-01 6.03561699e-01 5.93551159e-01 4.90465134e-01
    3.99861485e-01 4.05434579e-01 4.59312648e-01 4.68463868e-01
    4.37163293e-01 4.39840227e-01 4.84174997e-01 5.39130509e-01
    5.78575492e-01 5.87308645e-01 5.98644614e-01 6.05155110e-01
    5.76655746e-01 5.63510001e-01 5.76183617e-01 5.60561419e-01
    5.42859554e-01 5.65368772e-01 6.09365225e-01 6.67161942e-01
    6.97065890e-01 6.60650134e-01 6.25877202e-01 6.35504305e-01
    6.54598653e-01 6.48605287e-01 5.63020825e-01 3.67241025e-01
    4.98127460e-01 5.94136059e-01 6.13484144e-01 6.51682734e-01
    6.37764990e-01 5.57600498e-01 4.89385217e-01 4.95929688e-01
    5.20456910e-01 4.89307165e-01 4.73340392e-01 5.01238644e-01
    5.19721389e-01 5.22569835e-01 5.11369288e-01 5.01228154e-01
    4.97408599e-01 5.04748881e-01 5.42559206e-01 5.43827951e-01
    4.74219769e-01 4.40774232e-01 4.89440262e-01 5.46385467e-01
    5.81725538e-01 5.82315922e-01 5.17201722e-01 4.47223872e-01
    4.55731720e-01 5.18583477e-01 5.33404350e-01 4.80804175e-01
    4.40479100e-01 4.07745302e-01 3.78439307e-01 4.04614896e-01
    4.27143872e-01 3.98591638e-01 3.91727537e-01 4.31502521e-01
    4.63777274e-01 4.89848018e-01 5.15978158e-01 4.82384592e-01
    4.24628347e-01 4.36481118e-01 4.86639798e-01 4.94659811e-01
    4.65902328e-01 4.86224979e-01 5.87337315e-01 6.58389390e-01
    6.03971899e-01 4.75848347e-01 3.65947455e-01 3.54270816e-01
    4.57479477e-01 5.54800749e-01 5.70187211e-01 5.36267161e-01
    4.78633225e-01 4.66091841e-01 5.35588741e-01 5.74595690e-01
    5.00690997e-01 3.98506045e-01 3.69672030e-01 3.85819077e-01
    4.04046804e-01 4.66724843e-01 5.47914088e-01 5.56482017e-01
    5.13501287e-01 4.77677375e-01 4.34842408e-01 4.00806487e-01
    4.33371037e-01 4.91484582e-01 4.93807375e-01 4.71804410e-01
    4.79168564e-01 5.00545263e-01 5.22674263e-01 5.44858575e-01
    5.28386712e-01 4.48936969e-01 3.75482589e-01 3.76754761e-01
    4.21848327e-01 4.61440325e-01 4.83110607e-01 4.68902349e-01
    4.06038016e-01 3.28269094e-01 3.30452889e-01 4.57487494e-01
    5.60879469e-01 5.22577882e-01 4.67254698e-01 4.76136446e-01
    4.63059247e-01 4.24046040e-01 4.32901263e-01 4.70588177e-01
    4.96347994e-01 5.32515943e-01 5.40910721e-01 4.82288599e-01
    4.58132237e-01 5.06509304e-01 5.44138789e-01 5.67233741e-01
    5.94594002e-01 5.92866719e-01 5.48127115e-01 4.64979023e-01
    4.18283761e-01 4.65856612e-01 4.92563277e-01 4.44002450e-01
    4.13704604e-01 4.02940899e-01 3.78506392e-01 3.81611973e-01
    4.10727441e-01 4.41942960e-01 4.82935578e-01 4.98820961e-01
    4.89469767e-01 5.29391289e-01 5.87266743e-01 5.56191623e-01
    4.45927411e-01 3.73544902e-01 4.04772818e-01 4.70385790e-01
    5.01028121e-01 5.04246473e-01 4.76728678e-01 4.19694573e-01
    3.71131033e-01 3.76086384e-01 4.60845202e-01 5.68585575e-01
    6.04951739e-01 5.85254788e-01 5.74456096e-01 5.71893871e-01
    5.85322201e-01 5.98013759e-01 5.20459712e-01 4.07666743e-01
    4.17210281e-01 5.15795112e-01 5.71894944e-01 5.62555552e-01
    5.27510166e-01 5.03796697e-01 5.08371830e-01 5.09057641e-01
    4.98392999e-01 5.38935959e-01 6.20077789e-01 6.45056844e-01
    5.95299661e-01 5.17925799e-01 4.26466614e-01 3.43935311e-01
    3.38684231e-01 4.16993767e-01 4.81981099e-01 5.01484334e-01
    5.36186635e-01 5.73430717e-01 5.46652913e-01 4.71043676e-01
    4.53784525e-01 5.26132584e-01 5.61307192e-01 4.68417794e-01
    3.36760312e-01 3.28245014e-01 4.51438427e-01 5.41648686e-01
    4.91282493e-01 3.81543070e-01 3.52374285e-01 3.89713079e-01
    4.04983938e-01 4.12256420e-01 4.42596436e-01 4.91018593e-01
    5.30816376e-01 5.10134101e-01 4.53257203e-01 4.40635562e-01
    4.76594567e-01 5.17730892e-01 5.52211344e-01 5.85590005e-01
    5.97802520e-01 5.52041292e-01 4.94965017e-01 5.26657045e-01
    6.01618588e-01 5.81289232e-01 4.78810340e-01 4.36789900e-01
    4.59479064e-01 4.20480192e-01 3.41995358e-01 3.23499203e-01
    3.53918016e-01 4.15499061e-01 5.11256456e-01 5.87567091e-01
    5.77508271e-01 4.85331833e-01 4.09942687e-01 4.51883316e-01
    5.78963280e-01 6.42772496e-01 5.79563677e-01 4.95602131e-01
    4.89155591e-01 5.50147593e-01 5.99965036e-01 5.53860664e-01
    4.49936539e-01 4.05941516e-01 4.25338477e-01 4.22789603e-01
    3.85366410e-01 3.77551407e-01 4.43695962e-01 5.52529931e-01
    6.11116290e-01 5.88029206e-01 5.54398835e-01 5.49665868e-01
    5.71488500e-01 6.17913902e-01 6.32091343e-01 5.74951291e-01
    5.15243709e-01 5.16914785e-01 5.70161939e-01 6.50782526e-01
    7.08631575e-01 6.98423684e-01 6.56872153e-01 6.36484087e-01
    6.40602767e-01 6.42383695e-01 5.68113983e-01 3.67738515e-01
    4.95901972e-01 5.74682832e-01 5.63464940e-01 5.89136899e-01
    5.77636242e-01 5.15941143e-01 5.05305648e-01 5.63136876e-01
    5.75174093e-01 4.96507406e-01 4.50221658e-01 4.66213614e-01
    4.70161527e-01 4.56682622e-01 4.41558242e-01 4.42151129e-01
    4.44889069e-01 4.51646596e-01 4.90298212e-01 4.97078210e-01
    4.68732148e-01 4.98104423e-01 5.62126279e-01 5.90727806e-01
    6.15893662e-01 6.40900791e-01 5.86127102e-01 4.84520882e-01
    4.52592373e-01 4.92914796e-01 5.08716464e-01 4.79027778e-01
    4.65434670e-01 4.42810118e-01 4.07736719e-01 4.20209140e-01
    4.29990441e-01 4.08687711e-01 4.05453950e-01 4.18709636e-01
    4.41526145e-01 4.86747473e-01 5.10593414e-01 4.64185148e-01
    4.14998293e-01 4.26260293e-01 4.66726124e-01 5.04337251e-01
    4.95760083e-01 4.58424330e-01 4.94407982e-01 5.74708402e-01
    5.77652514e-01 4.98923808e-01 4.19615686e-01 4.20383066e-01
    4.97056961e-01 5.59253275e-01 5.86710155e-01 5.87928414e-01
    5.54253697e-01 5.62024295e-01 6.31464243e-01 6.26883805e-01
    4.93044198e-01 3.54157209e-01 2.98414469e-01 2.92018026e-01
    3.35622966e-01 4.50331002e-01 5.53419352e-01 5.77207029e-01
    5.46771169e-01 4.82126057e-01 4.22285199e-01 4.34014827e-01
    4.87607807e-01 4.86744106e-01 4.44037616e-01 4.41495061e-01
    4.72206861e-01 4.77501035e-01 4.51782107e-01 4.51630503e-01
    4.83206421e-01 4.76823866e-01 4.42648739e-01 4.45208102e-01
    4.77597624e-01 5.20228803e-01 5.61978221e-01 5.34039378e-01
    4.09228653e-01 2.94540763e-01 2.95071661e-01 3.86495620e-01
    4.46494907e-01 4.30305213e-01 4.34764177e-01 4.62066174e-01
    4.19428617e-01 3.55558336e-01 3.64538401e-01 4.17886406e-01
    4.50352967e-01 4.66526240e-01 4.75026488e-01 4.56657469e-01
    4.49756980e-01 4.92573321e-01 5.46145260e-01 5.69134295e-01
    5.60169518e-01 5.45964479e-01 5.41598380e-01 4.94001895e-01
    4.15479243e-01 4.00255054e-01 3.98410439e-01 3.50335240e-01
    3.44296753e-01 3.81283015e-01 3.65075111e-01 3.09371561e-01
    2.98095435e-01 3.75690907e-01 4.89867836e-01 5.26264131e-01
    5.13278902e-01 5.67879319e-01 6.38981938e-01 6.06460690e-01
    4.74832833e-01 3.53778362e-01 3.35272253e-01 3.86341244e-01
    4.37713355e-01 4.61534381e-01 4.22799766e-01 3.32296759e-01
    2.76683837e-01 3.21343124e-01 4.29950655e-01 5.04571974e-01
    5.03098905e-01 4.65102583e-01 4.36963439e-01 4.39559758e-01
    4.96429026e-01 5.64749002e-01 5.36346376e-01 4.38622892e-01
    3.95141363e-01 4.35857832e-01 5.03941774e-01 5.30934393e-01
    5.07003844e-01 4.72646385e-01 4.51777965e-01 4.35001701e-01
    4.22646999e-01 4.54296917e-01 5.24747074e-01 5.53004086e-01
    5.09243548e-01 4.48322803e-01 3.98549736e-01 3.63275141e-01
    3.68943751e-01 3.97648096e-01 4.01325136e-01 4.11750019e-01
    4.79984671e-01 5.40657103e-01 5.08772492e-01 4.30077195e-01
    4.07466888e-01 4.49235171e-01 4.66974556e-01 3.98139000e-01
    2.92149514e-01 2.83175766e-01 4.03076053e-01 4.97393936e-01
    4.64238077e-01 3.94126326e-01 3.93257111e-01 4.24041718e-01
    4.10623610e-01 3.79479587e-01 3.59960765e-01 3.39651883e-01
    3.32000256e-01 3.40914786e-01 3.78464878e-01 4.53018785e-01
    4.91826296e-01 4.59735036e-01 4.48952228e-01 5.25112510e-01
    6.22469604e-01 6.24440670e-01 5.32755375e-01 4.96853650e-01
    5.62917054e-01 5.93175054e-01 5.39530814e-01 4.95593101e-01
    4.58238393e-01 3.66756380e-01 3.04152220e-01 3.42979342e-01
    3.91091496e-01 3.98822844e-01 4.35373902e-01 5.03519714e-01
    5.09726226e-01 4.22665596e-01 3.50361466e-01 4.11738366e-01
    5.54377258e-01 6.07194304e-01 5.33357739e-01 4.53807950e-01
    4.31737214e-01 4.64881569e-01 5.43671310e-01 5.70484817e-01
    4.76686954e-01 3.70856225e-01 3.52891505e-01 3.62193346e-01
    3.37265432e-01 3.34773302e-01 4.18654829e-01 5.31583667e-01
    5.63141644e-01 5.17212510e-01 4.68363434e-01 4.48755980e-01
    4.87953991e-01 5.69221318e-01 5.89867830e-01 5.27440071e-01
    4.73438025e-01 4.69769746e-01 4.91808802e-01 5.30215919e-01
    5.71569324e-01 5.83019793e-01 5.73603988e-01 5.83693206e-01
    6.10874355e-01 6.24135196e-01 5.68838775e-01 3.88316631e-01
    3.76571715e-01 4.44702148e-01 4.24465507e-01 4.21584398e-01
    3.95836592e-01 3.43118608e-01 3.58173162e-01 4.33876216e-01
    4.47987378e-01 3.75735760e-01 3.28146666e-01 3.37548375e-01
    3.44969183e-01 3.32491606e-01 3.18882406e-01 3.19940358e-01
    3.10558707e-01 3.01614791e-01 3.32730889e-01 3.63387138e-01
    3.86813730e-01 4.33535993e-01 4.57171857e-01 4.34546769e-01
    4.38659608e-01 4.82070416e-01 4.61159319e-01 3.77815783e-01
    3.49525869e-01 3.85036498e-01 3.95126969e-01 3.70453298e-01
    3.62889081e-01 3.42898756e-01 3.04308444e-01 2.99289733e-01
    3.06899995e-01 3.22854668e-01 3.56546938e-01 3.59308779e-01
    3.40641797e-01 3.49553406e-01 3.50354552e-01 3.08107555e-01
    2.84942299e-01 3.01424295e-01 3.28158736e-01 3.80976647e-01
    4.06380117e-01 3.55168581e-01 3.30068141e-01 3.82262528e-01
    4.19968367e-01 3.90660733e-01 3.47017884e-01 3.60561997e-01
    4.16327566e-01 4.57546592e-01 4.85258609e-01 4.86152351e-01
    4.50296700e-01 4.54203218e-01 5.10567784e-01 5.10648906e-01
    4.18282390e-01 3.15135360e-01 2.43594348e-01 2.03151181e-01
    2.47701764e-01 3.68734598e-01 4.50899333e-01 4.64087903e-01
    4.44630504e-01 3.89734983e-01 3.47974986e-01 3.75487328e-01
    3.97547007e-01 3.38708282e-01 2.78772622e-01 3.01466078e-01
    3.58911216e-01 3.64272654e-01 3.03853601e-01 2.66572475e-01
    3.06219280e-01 3.47912192e-01 3.48187149e-01 3.60033512e-01
    4.06286597e-01 4.59703863e-01 4.93317515e-01 4.60051894e-01
    3.50723505e-01 2.64098406e-01 2.66252369e-01 2.98105836e-01
    2.93326318e-01 2.75061548e-01 3.09680730e-01 3.54877889e-01
    3.18072915e-01 2.54440427e-01 2.58882523e-01 3.12145442e-01
    3.48192960e-01 3.47018540e-01 3.39517355e-01 3.40625852e-01
    3.37364882e-01 3.49335849e-01 3.96520168e-01 4.34754938e-01
    4.22157288e-01 3.97185951e-01 4.10561383e-01 4.10423368e-01
    3.50490779e-01 2.94456154e-01 2.53704190e-01 2.04938963e-01
    2.09573209e-01 2.62104988e-01 2.67111301e-01 2.19508782e-01
    2.01099396e-01 2.68485725e-01 3.73719454e-01 4.13173437e-01
    4.12790328e-01 4.57004368e-01 4.96135682e-01 4.58054364e-01
    3.57542187e-01 2.55458176e-01 2.15753242e-01 2.38462254e-01
    2.81061441e-01 3.05972666e-01 2.80800700e-01 2.17212364e-01
    1.82513386e-01 2.31568605e-01 3.17941040e-01 3.54099602e-01
    3.37283194e-01 3.00947547e-01 2.65366584e-01 2.74213850e-01
    3.50167960e-01 4.25656825e-01 4.28438038e-01 3.85745108e-01
    3.37590426e-01 3.04625541e-01 3.16444188e-01 3.51332247e-01
    3.67093623e-01 3.49235147e-01 3.08846533e-01 2.79321373e-01
    2.77509838e-01 3.06718439e-01 3.56292218e-01 3.73371184e-01
    3.44595969e-01 3.30400229e-01 3.42530936e-01 3.52645397e-01
    3.60573053e-01 3.45757961e-01 3.04033995e-01 2.95434594e-01
    3.49541992e-01 3.98969769e-01 3.81904811e-01 3.33395958e-01
    2.96874225e-01 2.73658723e-01 2.65056133e-01 2.47171894e-01
    2.03145161e-01 2.08318830e-01 3.00091654e-01 3.63760680e-01
    3.40089828e-01 3.19354653e-01 3.58935773e-01 4.01436061e-01
    3.73619288e-01 2.99378395e-01 2.33997330e-01 1.87687308e-01
    1.81125149e-01 2.25397214e-01 3.06809366e-01 3.92015964e-01
    4.03689355e-01 3.32122624e-01 2.90353656e-01 3.54366064e-01
    4.60733384e-01 4.91081983e-01 4.18608278e-01 3.52714151e-01
    3.79694015e-01 4.33990210e-01 4.42889065e-01 4.21524376e-01
    3.64866406e-01 2.74663270e-01 2.41338074e-01 2.95814335e-01
    3.29897732e-01 3.00677061e-01 2.86557555e-01 3.12804520e-01
    3.18366170e-01 2.72630125e-01 2.45791242e-01 3.20464998e-01
    4.39960271e-01 4.63336140e-01 3.87414038e-01 3.29309314e-01
    3.16164911e-01 3.29957068e-01 3.92870575e-01 4.41281050e-01
    3.79127681e-01 2.75469542e-01 2.55377978e-01 2.79388219e-01
    2.64673531e-01 2.67842531e-01 3.47756624e-01 4.18783873e-01
    3.98432672e-01 3.44837338e-01 3.17494482e-01 3.07466716e-01
    3.39807749e-01 4.06597257e-01 4.22824472e-01 3.89027685e-01
    3.72533470e-01 3.58998716e-01 3.24217409e-01 3.12274337e-01
    3.40940535e-01 3.68198663e-01 3.83518875e-01 4.19549763e-01
    4.65564102e-01 4.83705670e-01 4.48855460e-01 3.23613584e-01</data></your_img>
</opencv_storage>
