<?xml version="1.0"?>
<opencv_storage>
<r>3</r>
<L2_diff>2.6552153776476200e+02</L2_diff>
<test_img type_id="opencv-matrix">
  <rows>128</rows>
  <cols>256</cols>
  <dt>f</dt>
  <data>
    8.87784481e-01 4.24679190e-01 5.57307243e-01 5.86844623e-01
    4.60341275e-02 7.52589345e-01 6.50660217e-01 2.71096468e-01
    9.63297069e-01 9.75944996e-01 2.21943438e-01 5.95111668e-01
    2.17455417e-01 6.21508718e-01 5.35268724e-01 7.76671469e-01
    8.43769968e-01 8.81579399e-01 3.04132193e-01 9.83432889e-01
    3.87919426e-01 2.57308364e-01 1.80876613e-01 5.44885099e-02
    5.31527281e-01 2.41453737e-01 2.34911740e-02 8.75889361e-01
    8.17764461e-01 5.08510768e-02 3.23938608e-01 8.05561423e-01
    9.42523718e-01 7.62518167e-01 1.24627769e-01 6.19370699e-01
    7.94550300e-01 6.44358158e-01 9.74141657e-01 2.20948756e-02
    8.90959859e-01 5.62222362e-01 9.46205080e-01 7.14798927e-01
    5.82039058e-01 4.49382007e-01 5.34289658e-01 8.42255831e-01
    4.96655464e-01 8.58636498e-01 6.29037321e-01 8.93372059e-01
    6.02634311e-01 3.01306903e-01 2.64482498e-01 7.21504152e-01
    6.61581695e-01 4.84961092e-01 7.14878321e-01 1.13639235e-03
    5.71599722e-01 9.05369282e-01 1.40079141e-01 3.58913541e-02
    8.80810201e-01 2.95754254e-01 3.93726736e-01 8.95725310e-01
    7.95577049e-01 6.13072157e-01 1.40188426e-01 9.95447934e-02
    4.89664257e-01 7.48555005e-01 7.87307262e-01 1.58605993e-01
    6.04301095e-01 2.77615547e-01 7.25103080e-01 1.83972955e-01
    5.99487126e-02 6.42406344e-01 9.49305058e-01 2.08030522e-01
    7.99773335e-01 7.69129276e-01 9.72562432e-01 1.20050758e-01
    4.53021169e-01 1.83541656e-01 2.77317196e-01 7.19783366e-01
    9.27649558e-01 2.69735813e-01 1.16374701e-01 3.17909122e-01
    1.06628239e-02 6.61722064e-01 2.08837122e-01 5.68214476e-01
    4.12341923e-01 3.69890630e-02 1.00454032e-01 6.00677550e-01
    2.42077202e-01 5.83583713e-01 9.77169454e-01 2.84756720e-01
    2.70943373e-01 9.67561483e-01 9.03383493e-01 3.16997349e-01
    8.57175589e-01 4.75402325e-01 9.84657049e-01 5.35026550e-01
    4.09333944e-01 8.90730321e-01 2.91882336e-01 9.55797315e-01
    2.55319118e-01 4.66912627e-01 6.11984670e-01 5.41414320e-01
    5.98957896e-01 6.54076040e-01 1.09780669e-01 1.24924481e-01
    1.70245141e-01 3.11216116e-01 7.40842402e-01 8.58944654e-03
    4.93821949e-01 1.29450083e-01 8.99832189e-01 7.12518454e-01
    6.22635663e-01 6.02230668e-01 6.47607625e-01 8.91545475e-01
    1.30515516e-01 3.47416371e-01 9.79998946e-01 1.69652045e-01
    7.42192686e-01 2.02392906e-01 4.19683456e-02 4.46332186e-01
    1.69327974e-01 2.37412512e-01 1.13448620e-01 1.56475604e-02
    8.79420817e-01 8.47292423e-01 9.31493640e-01 4.54347074e-01
    2.75994837e-01 4.98813242e-01 1.61734939e-01 2.26778895e-01
    9.43474114e-01 2.92731106e-01 4.15801704e-01 6.99284613e-01
    6.19682431e-01 8.72203887e-01 5.74478447e-01 5.39756596e-01
    8.96716416e-01 3.85107219e-01 7.40554929e-02 8.19640517e-01
    9.41101193e-01 3.49207044e-01 5.90315580e-01 1.13429844e-01
    9.10899341e-02 8.86305094e-01 9.85203683e-01 7.46909976e-01
    1.95087940e-01 8.24423432e-02 2.11663187e-01 8.26543689e-01
    5.99786818e-01 8.55356455e-01 6.04466319e-01 4.03518677e-02
    7.89547324e-01 2.49244869e-02 9.28735673e-01 4.23329830e-01
    7.96979785e-01 3.84443343e-01 7.58881927e-01 5.54936230e-01
    8.84548306e-01 9.50857639e-01 8.12064648e-01 4.68022287e-01
    6.02213800e-01 3.17946672e-02 1.91352874e-01 1.39607966e-01
    3.29735637e-01 5.44942379e-01 1.88341498e-01 9.23796952e-01
    1.40364170e-02 4.74360228e-01 6.50817096e-01 7.89747894e-01
    5.04786313e-01 9.21344459e-01 5.80275834e-01 1.82596087e-01
    4.57436264e-01 1.17802203e-01 8.17890584e-01 3.99243265e-01
    7.98779488e-01 5.75717330e-01 6.94847226e-01 9.07219410e-01
    1.93628401e-01 6.50566041e-01 3.62469733e-01 4.76919413e-02
    2.05555022e-01 7.30455220e-01 5.26147008e-01 3.13861609e-01
    8.48021746e-01 6.52800202e-01 8.54197383e-01 3.66976619e-01
    3.11568379e-03 4.23397720e-01 3.15790802e-01 1.86964154e-01
    2.89624602e-01 3.37681711e-01 2.90548056e-01 5.07112563e-01
    6.59049809e-01 1.51251346e-01 1.05469435e-01 9.49076414e-02
    3.42065513e-01 2.23656386e-01 8.98214757e-01 3.72218847e-01
    9.03909802e-01 5.20168483e-01 2.32351899e-01 2.91484863e-01
    1.15577877e-02 8.78239036e-01 4.25577044e-01 4.32985127e-02
    4.58112806e-01 3.30707341e-01 3.74532938e-01 5.51826835e-01
    7.16369450e-02 4.62360978e-01 2.97945976e-01 8.54528189e-01
    3.79841059e-01 4.90431696e-01 2.69416660e-01 2.86617666e-01
    8.18345189e-01 8.65662336e-01 5.84344506e-01 7.09498763e-01
    1.20951921e-01 9.81673002e-01 8.23738694e-01 3.33990872e-01
    3.68839264e-01 7.31231630e-01 9.84104514e-01 6.33147061e-01
    6.50002658e-01 7.89931893e-01 7.09113121e-01 6.53300166e-01
    5.99000931e-01 5.32023549e-01 9.62360263e-01 6.82282805e-01
    5.69665372e-01 7.10146725e-01 4.89197254e-01 5.37453055e-01
    8.04679990e-02 2.09872067e-01 2.63777435e-01 9.84902978e-01
    1.24254733e-01 2.01343745e-01 3.14111948e-01 9.57101345e-01
    3.43367696e-01 9.68625247e-01 6.46335006e-01 6.91106319e-01
    1.23919457e-01 9.54809189e-01 6.60707057e-01 6.30476177e-01
    9.74832416e-01 1.34517848e-01 4.22748834e-01 9.52315211e-01
    9.61645961e-01 9.74316001e-02 6.39877677e-01 4.98380810e-01
    8.97638679e-01 9.92203414e-01 4.32805538e-01 7.42900729e-01
    3.94244730e-01 3.22654009e-01 9.06403720e-01 5.39773166e-01
    8.71741772e-01 9.34814095e-01 2.33868688e-01 4.08302873e-01
    9.84108448e-03 2.02742338e-01 2.51022756e-01 1.29720569e-03
    2.50838101e-01 5.74353218e-01 5.07194042e-01 2.27216899e-01
    6.81766570e-01 2.87603199e-01 4.25553441e-01 8.73891950e-01
    8.67040515e-01 8.22138011e-01 9.11926746e-01 5.01986384e-01
    9.45948362e-01 1.02670163e-01 8.60047817e-01 4.88942415e-01
    9.25315022e-01 6.48601532e-01 2.59919077e-01 2.61976510e-01
    5.00639141e-01 7.59192348e-01 6.46515429e-01 2.65468121e-01
    9.66786742e-01 3.20751250e-01 3.82923603e-01 3.27903479e-01
    3.22731107e-01 5.14107168e-01 4.21891809e-02 2.15187073e-01
    5.30894578e-01 2.49595523e-01 2.07953364e-01 5.07111549e-01
    5.19750237e-01 1.88203514e-01 7.53100932e-01 4.18466330e-02
    2.19608366e-01 3.96682680e-01 8.97956848e-01 5.17378151e-01
    8.47693205e-01 7.82374203e-01 2.43074059e-01 7.37518489e-01
    1.22427702e-01 2.80508220e-01 6.85590148e-01 6.77710056e-01
    5.99373341e-01 2.26793647e-01 5.88187456e-01 5.95856428e-01
    7.02827811e-01 1.29079252e-01 1.44354969e-01 1.10904425e-01
    9.31310952e-02 5.33533394e-02 9.62607980e-01 5.37035763e-02
    6.11404717e-01 6.09283447e-01 6.53765976e-01 6.87754571e-01
    2.25281119e-01 8.15000057e-01 9.92817342e-01 1.99964046e-01
    2.32456923e-02 4.09049332e-01 6.56775117e-01 3.75391155e-01
    5.81495285e-01 4.64411914e-01 8.78905356e-02 9.26562488e-01
    1.72051907e-01 2.21106648e-01 4.46512580e-01 7.79369295e-01
    3.68487597e-01 1.71355546e-01 6.25260770e-02 9.51115966e-01
    6.18715823e-01 7.04001427e-01 6.84031844e-02 9.62583780e-01
    1.78623557e-01 4.51046348e-01 1.68642670e-01 5.86917877e-01
    5.21400928e-01 3.46677601e-01 3.00166398e-01 2.50670254e-01
    5.50024986e-01 5.50570130e-01 5.22721529e-01 3.98474872e-01
    6.03308260e-01 1.24016345e-01 3.82493019e-01 3.45998824e-01
    1.04328334e-01 1.90843999e-01 4.34628278e-01 7.29013145e-01
    2.53629714e-01 7.32730329e-02 7.43811548e-01 6.04903817e-01
    6.56132221e-01 7.91784525e-02 1.49252027e-01 8.26950252e-01
    5.16644537e-01 9.52081919e-01 9.31535482e-01 2.52182722e-01
    8.32123816e-01 8.67582083e-01 3.05706441e-01 2.56648183e-01
    6.27880216e-01 1.00831389e-01 6.35436177e-02 4.78566647e-01
    7.37062812e-01 8.34781766e-01 6.62232280e-01 8.12008977e-01
    2.87156820e-01 5.39752424e-01 5.32017350e-01 5.79952121e-01
    2.88657546e-02 1.10000849e-01 9.29129958e-01 7.47127414e-01
    1.88310146e-01 6.37384653e-01 6.57540143e-01 4.85421360e-01
    4.75581199e-01 8.37410212e-01 5.38068473e-01 7.57714987e-01
    3.05861145e-01 7.46896625e-01 5.23708105e-01 1.60906851e-01
    6.06900036e-01 6.91370368e-01 1.57375574e-01 2.01952934e-01
    3.86462748e-01 7.07020521e-01 5.86488187e-01 2.40970820e-01
    4.36929345e-01 5.39061427e-01 7.96534061e-01 9.90235567e-01
    9.29349840e-01 5.28898120e-01 1.72195286e-01 8.42239261e-01
    9.74228024e-01 5.48129678e-02 7.75761485e-01 5.23952603e-01
    7.10383534e-01 4.51944470e-01 1.85530782e-02 5.66338181e-01
    7.51294851e-01 6.35613501e-02 8.92940879e-01 1.51166826e-01
    7.43910909e-01 5.59716344e-01 7.12391317e-01 6.37954772e-01
    6.57998204e-01 6.30963624e-01 2.20733047e-01 8.52960348e-02
    2.94727981e-02 1.80737674e-01 1.48897499e-01 1.72430873e-01
    9.51345921e-01 1.10389978e-01 3.72594237e-01 8.58179569e-01
    3.08496833e-01 7.50218868e-01 7.46518850e-01 7.89086998e-01
    1.82672292e-01 3.72951567e-01 1.40351862e-01 7.38279581e-01
    9.01940882e-01 4.96698558e-01 6.02461755e-01 6.73638344e-01
    6.74739599e-01 1.19300783e-02 7.30608642e-01 7.63749003e-01
    1.13095313e-01 6.66579306e-01 1.26727641e-01 4.08368349e-01
    3.83188933e-01 1.70128763e-01 5.07975101e-01 5.13947010e-01
    8.69726837e-02 1.07059211e-01 9.08635020e-01 1.22458905e-01
    1.57155454e-01 9.10683274e-01 5.00694871e-01 1.71442926e-01
    4.82438058e-01 2.14216471e-01 1.40239209e-01 6.78785443e-02
    5.72354794e-01 9.30626094e-01 3.56682718e-01 6.26319110e-01
    2.67016232e-01 8.98804188e-01 7.36845851e-01 9.31269288e-01
    6.13280535e-02 7.44668245e-02 1.66304350e-01 3.13522607e-01
    3.25158238e-02 1.83360875e-02 9.65711236e-01 9.92929995e-01
    5.32144725e-01 2.40063757e-01 3.61471474e-01 6.68795645e-01
    5.23291469e-01 3.58075976e-01 3.89076650e-01 1.43569410e-01
    4.49056625e-01 3.11788797e-01 5.17204404e-01 3.89000595e-01
    4.44790542e-01 5.69466114e-01 6.68838918e-02 9.28628802e-01
    8.11810017e-01 8.54405284e-01 5.01071632e-01 5.05080283e-01
    1.60210490e-01 7.00888932e-01 7.86637187e-01 1.43677473e-01
    4.68500763e-01 2.62243450e-02 9.30935860e-01 7.48559713e-01
    3.79660577e-01 3.67289543e-01 6.50050461e-01 2.01488674e-01
    6.02915168e-01 2.82407165e-01 3.55881780e-01 7.13145375e-01
    8.61772716e-01 7.65980244e-01 1.39813691e-01 7.38432527e-01
    3.78896892e-01 9.78070021e-01 5.61824739e-02 6.31394148e-01
    2.36555219e-01 1.68445408e-01 9.00003791e-01 7.26829469e-01
    2.68343031e-01 2.90476978e-01 8.05554509e-01 7.62604594e-01
    9.51095581e-01 3.48825157e-01 4.39254940e-01 4.14995998e-01
    3.86331439e-01 6.51183248e-01 2.29555845e-01 7.54094124e-01
    3.78407627e-01 2.56683081e-01 4.29492980e-01 4.78774309e-02
    9.98900056e-01 5.18596709e-01 3.94020975e-02 1.54096395e-01
    3.34173441e-02 7.18833506e-02 3.78219366e-01 8.38341713e-01
    8.31701636e-01 6.21068060e-01 7.10533679e-01 2.32746005e-01
    6.71072125e-01 9.34678018e-01 5.16879320e-01 8.57701659e-01
    6.94212794e-01 1.86208606e-01 3.47810924e-01 3.87521863e-01
    1.47428930e-01 9.69973803e-01 5.50975502e-01 6.82687521e-01
    4.07790959e-01 6.46886349e-01 7.71748304e-01 2.80351490e-01
    6.00046813e-01 2.90389866e-01 1.92657560e-01 5.47919452e-01
    7.54696965e-01 8.10340643e-01 1.52741641e-01 8.78888845e-01
    2.29714364e-01 3.90131116e-01 3.66932929e-01 2.09408551e-01
    6.77486658e-01 2.07050502e-01 4.75898266e-01 5.80955505e-01
    7.66109347e-01 7.24279583e-01 3.85403395e-01 5.29798210e-01
    7.85209417e-01 6.04142487e-01 2.54030138e-01 1.51034802e-01
    4.07470822e-01 1.23929143e-01 9.15570021e-01 9.10840034e-02
    9.03657556e-01 4.41224635e-01 6.64794743e-02 6.53829336e-01
    6.64288163e-01 1.49496049e-01 5.76268733e-01 6.26481652e-01
    1.18647397e-01 2.30880857e-01 5.57316124e-01 1.70255959e-01
    8.84798110e-01 4.42989379e-01 9.20710683e-01 8.84152055e-01
    5.31903923e-01 9.00697172e-01 6.48213923e-01 1.83418572e-01
    1.15977228e-02 9.41985548e-01 9.44734991e-01 4.28725064e-01
    6.04327619e-01 9.96309757e-01 7.58032799e-01 4.38154012e-01
    3.95337045e-01 6.66028559e-01 5.62821209e-01 5.40318549e-01
    6.21030331e-02 4.48801458e-01 8.13305855e-01 5.88838577e-01
    7.28044868e-01 4.83118206e-01 8.33834708e-02 1.68712050e-01
    2.59537041e-01 2.55109996e-01 4.93672341e-01 3.07863653e-02
    4.47073311e-01 5.73802471e-01 4.31251705e-01 3.11327636e-01
    5.07770360e-01 7.90693521e-01 1.05324388e-02 9.99133229e-01
    4.72396791e-01 7.04466105e-01 6.44500673e-01 3.35554361e-01
    8.77966344e-01 6.46217465e-01 5.40182590e-01 9.03807521e-01
    7.02743351e-01 8.22682083e-02 5.66963434e-01 9.14626956e-01
    3.40889931e-01 8.67194653e-01 7.02567697e-01 7.78220057e-01
    1.52427524e-01 9.68901515e-01 1.39810145e-01 3.84410053e-01
    7.13776231e-01 8.71506214e-01 2.05995888e-01 3.93028378e-01
    8.67565870e-01 4.61647511e-02 7.43276954e-01 1.46124750e-01
    6.55726910e-01 3.45149577e-01 9.17021334e-01 5.74708402e-01
    6.90426648e-01 9.79094088e-01 4.92156029e-01 4.53198761e-01
    4.04506385e-01 6.02253795e-01 6.31948948e-01 3.23036730e-01
    6.47675097e-01 3.27627063e-02 3.75713438e-01 4.43988860e-01
    8.44491661e-01 4.98000443e-01 3.40079039e-01 8.62860560e-01
    3.19314122e-01 8.55514109e-01 4.58266526e-01 1.47112072e-01
    4.37889695e-02 5.15364051e-01 1.68361813e-01 6.02244377e-01
    3.64371836e-02 1.65801555e-01 7.85313606e-01 2.83307374e-01
    1.97122991e-02 6.46500111e-01 8.79615545e-01 9.32894826e-01
    9.08019543e-01 4.53894079e-01 3.15296352e-02 8.60730946e-01
    8.90033960e-01 7.81096816e-01 5.57271361e-01 9.94742632e-01
    4.41036701e-01 4.85295057e-01 7.40121245e-01 7.67636895e-01
    4.69751030e-01 9.22343135e-02 2.43847072e-01 8.34460676e-01
    4.29519504e-01 5.79720855e-01 7.34604299e-02 7.44637847e-02
    7.33248472e-01 4.24026757e-01 4.26319301e-01 1.45944566e-01
    5.35059154e-01 7.02825785e-01 7.08112836e-01 6.53294683e-01
    9.70455766e-01 4.19544488e-01 4.29109275e-01 4.29198354e-01
    6.06562257e-01 6.82009995e-01 6.30544722e-01 1.98114485e-01
    5.78020751e-01 9.25417125e-01 3.96429002e-01 6.55860245e-01
    5.40080965e-01 6.55174851e-01 5.27771115e-01 9.46021318e-01
    7.43246377e-01 3.59441400e-01 7.07320571e-01 9.47793961e-01
    2.92704701e-01 3.58221531e-02 7.41144896e-01 9.10108089e-01
    3.13678980e-01 2.24292636e-01 1.94118917e-02 1.44099861e-01
    5.58798671e-01 6.73577964e-01 5.05072296e-01 5.13824344e-01
    4.25628185e-01 5.27320981e-01 1.15552962e-01 2.33705193e-01
    7.68543303e-01 4.61476415e-01 2.11218804e-01 9.62626934e-01
    6.22918904e-02 9.11606848e-02 6.22011542e-01 8.46235275e-01
    1.29916787e-01 7.17249036e-01 5.62989473e-01 6.66984439e-01
    9.87526834e-01 3.35470468e-01 6.17102087e-01 3.00735056e-01
    7.88085222e-01 6.78348660e-01 3.30399454e-01 7.34725058e-01
    3.19497079e-01 3.88637751e-01 9.88789439e-01 2.94866383e-01
    4.77688015e-01 5.01766741e-01 6.45649552e-01 9.95925546e-01
    8.34018230e-01 7.91479349e-01 2.06352055e-01 1.36712193e-03
    8.30510020e-01 6.33061588e-01 1.93943471e-01 5.89290798e-01
    4.64054435e-01 5.07956684e-01 1.24851167e-02 3.26886833e-01
    3.85909379e-01 7.89784372e-01 4.49029326e-01 5.15032113e-02
    7.35380054e-02 9.42572355e-01 5.82171738e-01 9.92997766e-01
    4.40129280e-01 8.53414059e-01 2.58747429e-01 8.95422757e-01
    3.38566005e-02 3.63476664e-01 7.87445307e-01 4.56280529e-01
    6.86679482e-02 1.59665167e-01 9.69471931e-01 5.15710890e-01
    1.54527068e-01 9.91615653e-01 6.53663516e-01 4.51847643e-01
    6.69385374e-01 5.17403483e-02 1.10365987e-01 2.03293681e-01
    1.78297371e-01 9.09164548e-02 8.09093833e-01 8.40509772e-01
    3.27735901e-01 1.74385309e-02 6.93276107e-01 3.47524822e-01
    3.76732022e-01 1.30383641e-01 8.99070621e-01 9.42304254e-01
    6.25284314e-01 3.76397640e-01 3.35871637e-01 4.38440144e-02
    1.19331330e-01 2.03415513e-01 5.35140038e-01 3.98441046e-01
    6.92496300e-02 4.19876426e-01 2.85553932e-01 5.07514715e-01
    3.49375606e-02 1.84917092e-01 8.77306461e-01 2.09002912e-01
    3.39069843e-01 1.36663228e-01 4.90396053e-01 6.01771832e-01
    3.05596948e-01 6.92319155e-01 3.61511528e-01 1.20323896e-02
    1.38630271e-01 8.72614384e-01 3.97017777e-01 4.76795107e-01
    7.77252555e-01 1.72406912e-01 2.65738577e-01 5.58991969e-01
    3.21532130e-01 7.99574137e-01 1.10183895e-01 6.15104854e-01
    6.67507470e-01 4.70149815e-01 6.56060994e-01 8.95177722e-02
    5.50962210e-01 3.97668034e-01 5.32392979e-01 3.89750481e-01
    1.52303696e-01 2.22493619e-01 7.07729042e-01 6.47151649e-01
    4.83415008e-01 8.03790629e-01 9.70948219e-01 9.98489976e-01
    7.42136598e-01 4.04870152e-01 3.47325385e-01 5.79224586e-01
    5.84885418e-01 8.07525218e-01 2.79318690e-01 9.85808372e-01
    7.74904490e-01 7.91185260e-01 4.62786317e-01 3.29369813e-01
    8.51079106e-01 8.63399148e-01 3.53675038e-01 7.43639112e-01
    6.47831380e-01 5.11865020e-02 5.86381435e-01 6.31698906e-01
    2.72369087e-01 2.84661740e-01 6.03010118e-01 6.47694290e-01
    6.68995500e-01 6.23950601e-01 1.27937287e-01 6.28946543e-01
    8.40842485e-01 1.02936119e-01 5.72819471e-01 3.24556708e-01
    7.61907101e-01 2.85230488e-01 2.70736635e-01 8.15749407e-01
    8.31675589e-01 6.37384176e-01 8.47008884e-01 5.52812517e-02
    7.77779102e-01 2.58678377e-01 3.16226780e-02 8.79951179e-01
    5.11048436e-02 8.95496309e-01 4.05309558e-01 3.86945218e-01
    6.57425046e-01 7.19025135e-01 3.02830338e-02 7.35850096e-01
    2.37091154e-01 3.99147511e-01 3.94830108e-03 9.75821614e-01
    7.51369953e-01 5.06138742e-01 9.47959125e-01 7.25116074e-01
    6.93439424e-01 7.15645075e-01 4.83766705e-01 1.34522200e-01
    2.94261634e-01 6.03388965e-01 3.40648770e-01 9.68336105e-01
    3.94215494e-01 8.48096490e-01 4.13719863e-01 7.12548375e-01
    6.32637382e-01 7.55882144e-01 1.81463242e-01 4.03472006e-01
    2.79029727e-01 6.31745458e-01 7.44808435e-01 1.57826394e-01
    4.39229071e-01 1.93852812e-01 9.45588470e-01 7.95364857e-01
    1.85742289e-01 4.30913806e-01 8.69457364e-01 2.76739061e-01
    2.23079562e-01 3.08150053e-02 9.76496458e-01 9.21926737e-01
    1.33545935e-01 1.36846632e-01 2.92708039e-01 2.24587917e-02
    4.21805978e-02 2.64340997e-01 6.84982359e-01 9.25040841e-01
    9.11751270e-01 1.61460936e-02 4.70071703e-01 1.12821758e-01
    3.00963223e-01 3.93701494e-02 4.50948477e-02 7.63461590e-01
    1.61411911e-01 1.09222829e-02 9.41373229e-01 7.81451702e-01
    7.23221958e-01 7.81226456e-02 6.86365366e-01 5.59098005e-01
    1.27807617e-01 5.22001386e-02 7.00746059e-01 9.01584268e-01
    8.27141762e-01 4.98790234e-01 2.43141502e-01 5.38696527e-01
    5.29417276e-01 3.08157027e-01 5.34008026e-01 9.22588587e-01
    9.56584096e-01 1.86570972e-01 5.52567244e-01 3.35428715e-01
    7.78986156e-01 2.01135427e-01 1.14749789e-01 1.06032044e-01
    1.10603034e-01 8.90711188e-01 1.22652590e-01 3.62754464e-02
    7.95042515e-01 1.47142708e-02 8.75720680e-02 8.09693873e-01
    6.25871480e-01 1.91009551e-01 3.59675407e-01 9.05510664e-01
    7.44087338e-01 5.99599719e-01 7.24437356e-01 9.34438229e-01
    3.01099956e-01 4.17939067e-01 7.85193443e-01 6.53683007e-01
    6.74745798e-01 7.38820732e-01 8.82552862e-01 4.79676962e-01
    9.46194828e-01 4.71993864e-01 2.68186510e-01 7.08914876e-01
    8.22545409e-01 5.03562391e-02 2.57903814e-01 2.47454494e-01
    2.11100340e-01 2.45203942e-01 3.39664102e-01 3.71325016e-01
    7.01492310e-01 5.28717279e-01 9.29750144e-01 8.76513124e-01
    4.90209639e-01 4.80443448e-01 2.78401673e-01 8.13988686e-01
    1.37505293e-01 8.29443634e-02 5.47418416e-01 4.13695574e-02
    3.40751499e-01 8.98618102e-01 1.51708663e-01 5.73414028e-01
    6.86967313e-01 9.32383299e-01 8.99188042e-01 3.52389991e-01
    3.56711686e-01 3.07419658e-01 9.47498977e-02 7.64829040e-01
    3.64345878e-01 5.61097920e-01 9.86457467e-02 5.11713862e-01
    4.99085397e-01 4.70734388e-01 8.90887678e-02 5.95893860e-01
    3.19082201e-01 9.21442747e-01 1.85977072e-01 3.22709560e-01
    8.05382192e-01 9.06670451e-01 8.57074142e-01 7.45365083e-01
    1.83069646e-01 5.35486519e-01 4.01581526e-02 4.61426169e-01
    6.83056355e-01 7.09792256e-01 3.57574224e-03 1.67308450e-01
    1.53772473e-01 5.79880178e-01 6.21852040e-01 5.48904359e-01
    7.48772562e-01 8.94080698e-02 4.37397838e-01 8.68614733e-01
    2.23395109e-01 9.70548153e-01 9.40439343e-01 9.02293324e-01
    7.80233502e-01 1.96260452e-01 5.95488548e-02 8.66947889e-01
    2.54338086e-01 5.12835383e-02 6.40803337e-01 8.53610158e-01
    3.60543430e-02 4.37201709e-01 4.37464714e-01 8.38287115e-01
    6.91331029e-01 2.35690922e-01 7.09624231e-01 3.58710796e-01
    6.87126696e-01 6.69115305e-01 7.12232232e-01 8.22481394e-01
    9.11856413e-01 2.06660300e-01 8.18493128e-01 4.31161582e-01
    1.38948917e-01 7.93503523e-01 5.01813769e-01 6.74277425e-01
    4.00258034e-01 9.82650399e-01 2.24630803e-01 1.83023185e-01
    2.17826068e-02 1.33360445e-01 2.34117627e-01 9.06010330e-01
    9.87928271e-01 5.81717074e-01 9.40901279e-01 2.82695949e-01
    3.90259355e-01 4.75508988e-01 9.53410268e-01 7.68316627e-01
    6.96058035e-01 7.88519263e-01 6.97772503e-01 8.87310505e-03
    3.78795564e-01 7.66788125e-01 4.07681525e-01 7.02431023e-01
    9.05779898e-02 4.73583847e-01 8.78329098e-01 8.85587871e-01
    6.82106555e-01 5.95203280e-01 3.24700534e-01 8.61387908e-01
    5.49476862e-01 1.66856855e-01 8.56197834e-01 9.22107100e-01
    8.47562253e-01 5.19179106e-01 8.49098802e-01 1.04589313e-01
    9.09338593e-02 4.61559296e-01 6.36855125e-01 2.61896402e-01
    2.06217170e-01 6.49311244e-02 5.13531446e-01 6.32073343e-01
    5.02705216e-01 8.49691510e-01 4.57433701e-01 9.05703068e-01
    1.91886157e-01 2.77065784e-01 1.16812706e-01 1.81886047e-01
    3.53283077e-01 2.56465793e-01 3.06315422e-01 5.62437356e-01
    9.67019200e-02 9.52966869e-01 8.66656542e-01 2.16627836e-01
    5.29153049e-01 3.65697801e-01 4.14213926e-01 1.26179457e-01
    1.21132582e-01 8.75720143e-01 1.85087025e-02 7.26899624e-01
    9.34767842e-01 7.99877286e-01 2.04735905e-01 2.93037236e-01
    5.19671917e-01 2.99250484e-01 2.94553190e-01 1.03181928e-01
    4.36495453e-01 1.47458553e-01 1.06079668e-01 3.12467813e-01
    8.08872104e-01 3.84162068e-01 5.06946802e-01 6.89018369e-02
    3.24823976e-01 4.45740700e-01 2.73167133e-01 7.43472219e-01
    4.55549479e-01 1.80731386e-01 5.62882125e-01 3.93202394e-01
    3.99171233e-01 2.17583895e-01 5.37682831e-01 3.63171577e-01
    3.93184006e-01 9.40507591e-01 2.15496629e-01 7.91975260e-01
    1.01835161e-01 1.02946937e-01 3.87550592e-02 3.58512521e-01
    6.20915711e-01 6.42586529e-01 6.36364460e-01 4.21230495e-01
    7.11133182e-01 1.78500265e-01 2.78600216e-01 5.63873112e-01
    5.62619030e-01 4.12461787e-01 3.57490659e-01 8.33121717e-01
    1.91683441e-01 7.09184051e-01 5.68992794e-01 6.09713316e-01
    3.20455432e-03 1.40616119e-01 9.86936510e-01 3.03194851e-01
    4.92831737e-01 6.20052576e-01 4.19306189e-01 2.55510867e-01
    8.26290488e-01 4.51681197e-01 4.62485760e-01 9.37965393e-01
    7.14906335e-01 4.21748072e-01 9.55868721e-01 8.55244994e-01
    5.97371042e-01 4.26298589e-01 9.09923732e-01 8.05484533e-01
    1.02360725e-01 4.63684708e-01 5.13186753e-02 2.61179835e-01
    1.73771501e-01 4.63004291e-01 3.14198375e-01 2.10427493e-01
    8.58540416e-01 1.21423304e-01 7.63650298e-01 9.09821630e-01
    6.81817532e-01 4.98365402e-01 5.38748443e-01 9.24694657e-01
    7.53142238e-02 1.43431962e-01 7.73399711e-01 5.40991485e-01
    2.41847873e-01 9.27498996e-01 2.65280604e-01 9.40259218e-01
    3.86145055e-01 8.68192434e-01 7.14151502e-01 6.86132193e-01
    4.24775183e-01 9.78813410e-01 7.46620417e-01 2.93014914e-01
    9.84643936e-01 3.99209410e-01 4.40657884e-01 4.67081189e-01
    7.76292801e-01 1.91815794e-02 4.18319374e-01 6.29179716e-01
    5.99641144e-01 2.17275321e-01 6.99475348e-01 1.87018812e-01
    2.60534346e-01 4.13139284e-01 1.64241761e-01 3.03035647e-01
    6.96406960e-02 7.55227208e-02 1.32947356e-01 9.85463738e-01
    4.64908212e-01 3.13790381e-01 8.07850957e-01 2.67753780e-01
    8.49177361e-01 6.57029510e-01 7.30264723e-01 4.04333770e-02
    3.88192803e-01 3.45768511e-01 1.52286679e-01 9.62850451e-02
    6.84304416e-01 7.12497115e-01 5.61748505e-01 2.85386384e-01
    8.40178013e-01 5.63804686e-01 3.99108529e-01 9.62493181e-01
    5.03159165e-01 3.25207472e-01 9.55196321e-01 1.98897421e-01
    6.69931829e-01 7.28316605e-01 5.75161040e-01 8.22220802e-01
    7.63495922e-01 7.79062867e-01 5.24089932e-01 4.40129936e-02
    8.08354855e-01 7.11436212e-01 3.78217191e-01 4.51228648e-01
    6.31698251e-01 5.71071923e-01 9.43910003e-01 2.68863678e-01
    2.05892771e-01 5.74510932e-01 2.91236043e-01 2.92464912e-01
    1.62568748e-01 9.54915643e-01 2.21479982e-01 9.29296255e-01
    2.18176484e-01 9.82590079e-01 8.08955133e-01 7.36397326e-01
    1.63864523e-01 3.73259723e-01 3.60252023e-01 3.83069545e-01
    3.51751268e-01 3.39708507e-01 6.65129125e-01 8.46442103e-01
    7.26358235e-01 9.83983755e-01 3.14538360e-01 7.50861466e-01
    5.46914697e-01 8.11422944e-01 9.00993824e-01 4.90111619e-01
    8.02340627e-01 6.34640455e-02 2.11858213e-01 4.56114054e-01
    3.11898589e-01 8.84273112e-01 7.57575035e-03 7.37716436e-01
    8.87993455e-01 1.54063702e-01 5.30179620e-01 6.22328043e-01
    5.40190101e-01 4.44264352e-01 6.15837872e-01 4.03409749e-01
    1.76332295e-02 8.41493249e-01 3.79970104e-01 3.00280899e-01
    8.72196794e-01 1.96105927e-01 4.14549261e-01 2.90090859e-01
    2.37578809e-01 4.73704845e-01 6.28676832e-01 7.93950081e-01
    5.79543769e-01 2.47410297e-01 1.98466331e-01 2.12280244e-01
    5.42011440e-01 1.41199946e-01 4.66291845e-01 5.44852614e-01
    3.36834997e-01 9.72385049e-01 4.03173476e-01 7.05883265e-01
    2.12429196e-01 4.94041443e-01 4.95130569e-01 3.43274236e-01
    5.49938083e-01 6.62611902e-01 3.77735466e-01 8.65534365e-01
    2.13433295e-01 3.77490878e-01 5.05365729e-02 7.74122953e-01
    9.22522783e-01 1.03418827e-01 5.78016758e-01 9.74850416e-01
    5.27903974e-01 2.89284825e-01 1.05338901e-01 3.67561519e-01
    4.18811798e-01 3.74408782e-01 6.91082835e-01 1.24177963e-01
    5.77265859e-01 4.22683477e-01 1.27075970e-01 5.98571897e-01
    9.15273726e-01 2.24545270e-01 3.79265666e-01 5.65087795e-01
    3.27292919e-01 9.44592714e-01 7.69309998e-01 6.36602819e-01
    1.43674344e-01 3.25084805e-01 2.17941910e-01 5.83938003e-01
    7.47298896e-01 2.17066169e-01 7.23622382e-01 2.43818939e-01
    9.39910173e-01 8.73172641e-01 7.54949808e-01 5.89145362e-01
    7.92056680e-01 4.26017851e-01 4.24413413e-01 1.00213468e-01
    6.40722752e-01 1.34469241e-01 3.28988850e-01 9.95178103e-01
    1.22417510e-02 1.62723392e-01 6.07734978e-01 1.71777248e-01
    8.26451004e-01 6.59188807e-01 6.32102370e-01 6.86486840e-01
    1.60472393e-02 3.84809434e-01 7.93303847e-01 4.10331458e-01
    7.20782280e-01 9.09858227e-01 4.57049519e-01 5.51854372e-02
    7.31534064e-02 8.18853498e-01 6.58440769e-01 7.88065493e-01
    7.34867573e-01 1.75779343e-01 7.70161450e-02 1.94285542e-01
    6.00742877e-01 5.24409890e-01 5.62980831e-01 7.91915774e-01
    5.43691218e-01 9.47365642e-01 4.47060347e-01 3.67618263e-01
    1.08722746e-01 1.96109742e-01 6.72327101e-01 9.17550206e-01
    4.36600983e-01 4.72094417e-02 5.52514553e-01 9.52768207e-01
    2.51289725e-01 6.60405219e-01 9.25966382e-01 3.41785610e-01
    7.60484159e-01 2.60866702e-01 8.88410568e-01 5.81953645e-01
    9.23622131e-01 1.74370110e-01 8.63294601e-01 4.04358506e-01
    9.32936430e-01 5.23025930e-01 1.07463211e-01 1.43702149e-01
    1.48543119e-02 2.07916796e-02 1.12426966e-01 3.74955237e-02
    8.90715599e-01 6.20795786e-01 9.86122489e-02 7.79006362e-01
    5.79802394e-01 6.19146645e-01 4.57254678e-01 6.35894656e-01
    7.10016131e-01 3.51764470e-01 8.65315557e-01 4.93890643e-02
    2.94465125e-01 7.50668645e-01 7.24774897e-02 8.05708885e-01
    2.74031669e-01 7.80931354e-01 7.02724755e-01 4.99719709e-01
    4.86981928e-01 3.56022954e-01 8.49747777e-01 2.32639104e-01
    2.93915570e-02 5.05607009e-01 6.66769028e-01 6.33292437e-01
    9.79579926e-01 2.95603573e-02 9.02770162e-01 4.60115671e-01
    9.17686582e-01 4.82440323e-01 2.86284953e-01 7.72865593e-01
    1.67300940e-01 5.82412660e-01 6.64129317e-01 4.23651189e-01
    4.72278774e-01 5.86418152e-01 1.96082294e-02 1.97533965e-01
    9.51156795e-01 2.40577221e-01 2.76918828e-01 3.31259519e-01
    9.20384169e-01 3.11630934e-01 3.13637167e-01 1.91985488e-01
    2.45089233e-01 5.63108385e-01 8.78202498e-01 2.43153453e-01
    9.65051353e-02 2.28064060e-02 3.48280668e-02 2.57572711e-01
    2.70666361e-01 1.99123919e-01 1.16982371e-01 7.62426734e-01
    6.43471539e-01 7.57218003e-01 3.90668422e-01 1.57695532e-01
    5.51511049e-02 1.01838619e-01 9.62171316e-01 6.32598817e-01
    4.90697801e-01 3.41235757e-01 5.48648655e-01 2.49345809e-01
    2.15939134e-01 8.55820060e-01 1.91178650e-01 7.95687139e-01
    6.81528389e-01 5.61495602e-01 9.70979810e-01 5.80691397e-02
    5.51708639e-01 3.33146453e-02 7.11631298e-01 8.82280707e-01
    7.65232921e-01 8.39381039e-01 4.21577334e-01 2.36775279e-01
    2.14701563e-01 9.75135207e-01 3.84201080e-01 6.32773459e-01
    6.87997401e-01 6.15781426e-01 4.26397085e-01 3.50853801e-02
    6.21481717e-01 6.19334280e-01 5.66432536e-01 5.63085794e-01
    8.04445624e-01 9.21285272e-01 9.94454443e-01 3.24527025e-01
    1.97279185e-01 4.96020406e-01 7.91633129e-01 9.74618912e-01
    8.28722477e-01 4.72600162e-01 5.49724996e-01 4.44178671e-01
    4.21735644e-01 9.86545980e-02 8.41745734e-01 2.80888319e-01
    7.51667261e-01 1.59034163e-01 6.63306117e-01 9.66402292e-02
    2.34550804e-01 9.78991687e-02 6.37355030e-01 5.70764482e-01
    8.34598422e-01 7.19351411e-01 5.87668955e-01 7.02987790e-01
    7.52766609e-01 3.04166675e-01 2.80358404e-01 9.90599990e-01
    8.90556633e-01 6.35499060e-01 5.95007062e-01 6.20869040e-01
    5.97999394e-02 1.33589208e-01 1.52881235e-01 4.45237190e-01
    1.61987334e-01 4.46074963e-01 7.14862525e-01 5.60091376e-01
    9.17497635e-01 8.51338983e-01 8.28854740e-02 5.74978054e-01
    8.94335866e-01 2.96906978e-01 4.18663532e-01 5.37950993e-01
    8.68686736e-01 7.62148738e-01 8.19402099e-01 9.48901415e-01
    2.65724748e-01 6.24689758e-01 7.20810890e-02 5.01524985e-01
    5.42623639e-01 4.82112467e-01 2.13725924e-01 6.22261465e-01
    4.42585796e-01 6.78656518e-01 1.15939647e-01 9.58602548e-01
    1.22569621e-01 1.02887303e-01 7.23769307e-01 4.79339331e-01
    3.23401541e-01 8.12464893e-01 1.90465242e-01 9.57825363e-01
    3.99135977e-01 3.96283746e-01 8.22394371e-01 3.43151867e-01
    2.30800152e-01 9.12909746e-01 4.27654386e-01 3.29983592e-01
    9.24829900e-01 7.82727122e-01 5.67908406e-01 5.78585088e-01
    3.09011340e-01 1.07987165e-01 8.29966366e-02 2.73337543e-01
    4.75340217e-01 2.92993367e-01 9.69453454e-01 7.05097437e-01
    2.16555536e-01 2.09359258e-01 4.61846590e-03 8.29066098e-01
    9.47660327e-01 4.00892615e-01 1.31096542e-01 7.05193102e-01
    8.09557080e-01 5.19153476e-01 8.88535023e-01 8.59199643e-01
    6.21696711e-01 5.55880845e-01 9.47102964e-01 9.34023380e-01
    6.70982838e-01 6.09627545e-01 4.99070942e-01 8.84872198e-01
    8.98213387e-01 5.29140890e-01 1.49832904e-01 8.68403912e-02
    7.40507245e-01 6.56358540e-01 3.37784827e-01 5.16239583e-01
    6.92285895e-02 3.69813502e-01 6.37556791e-01 3.07694376e-01
    4.24961805e-01 4.08075035e-01 6.64598644e-01 4.68798339e-01
    7.90012479e-01 5.43837547e-02 8.65640402e-01 3.33217561e-01
    4.09271508e-01 3.88060600e-01 2.74027705e-01 2.45314598e-01
    1.94078088e-02 8.30816925e-02 8.53505909e-01 5.27655900e-01
    5.81064820e-03 3.64188731e-01 1.66653275e-01 7.39496469e-01
    6.69044971e-01 3.51568460e-01 1.28087401e-03 9.60155845e-01
    2.30068624e-01 5.63963175e-01 2.83267498e-01 5.79966068e-01
    5.76464653e-01 4.08635557e-01 2.26714104e-01 6.11672699e-01
    9.51756120e-01 7.38075554e-01 2.91727543e-01 8.67848814e-01
    1.46341383e-01 5.73641241e-01 9.45569873e-01 7.27202535e-01
    8.87644410e-01 3.15257668e-01 4.79622573e-01 5.17780662e-01
    9.44046676e-02 5.41708767e-02 6.88931942e-01 8.61292124e-01
    9.72550631e-01 3.15575600e-02 8.82750869e-01 7.62156248e-01
    8.91603827e-02 4.67373699e-01 7.39843488e-01 2.15947330e-01
    7.11593330e-01 3.37690651e-01 5.64599037e-01 5.95147073e-01
    5.99472880e-01 1.65171057e-01 1.65299147e-01 4.54880804e-01
    6.20823979e-01 8.85308743e-01 5.37637770e-02 1.32269651e-01
    5.14201641e-01 3.94894779e-02 3.80977184e-01 8.74375582e-01
    8.60894680e-01 2.08637685e-01 1.84290409e-01 4.83534247e-01
    4.75365698e-01 9.54271436e-01 7.75059462e-01 1.36499912e-01
    9.00202274e-01 5.56838572e-01 7.65177608e-03 3.60795200e-01
    5.13155460e-01 3.57290685e-01 1.21917129e-01 6.83388829e-01
    3.37365508e-01 2.49173671e-01 7.15264559e-01 7.41201639e-01
    7.89268017e-02 5.40082395e-01 8.57202768e-01 8.74144912e-01
    2.63488293e-03 8.50674689e-01 4.58018303e-01 3.84546101e-01
    4.54564214e-01 4.37391400e-01 7.55257368e-01 9.91218626e-01
    8.19726825e-01 9.46107507e-02 9.87569690e-01 1.45518243e-01
    5.39034724e-01 6.50159717e-01 3.19452167e-01 9.19323683e-01
    2.97473669e-02 7.04919934e-01 9.04095232e-01 4.72951412e-01
    5.46233475e-01 8.20191383e-01 5.85052192e-01 6.60864770e-01
    6.46636486e-01 2.03211486e-01 1.91849798e-01 4.36354935e-01
    3.53319615e-01 9.82244968e-01 2.45350420e-01 3.09025943e-02
    8.53590727e-01 3.02112818e-01 9.21012640e-01 5.42266250e-01
    1.89621985e-01 4.60952312e-01 7.32574344e-01 7.79652476e-01
    7.77489781e-01 2.99255252e-01 8.99386823e-01 9.84853864e-01
    6.24611259e-01 1.58885032e-01 7.92213500e-01 5.44962227e-01
    6.04075491e-01 9.82282400e-01 3.16206515e-01 4.97011125e-01
    4.44624782e-01 5.51799238e-02 6.41502440e-01 4.36656594e-01
    7.04106212e-01 9.68740344e-01 6.39485598e-01 4.20146704e-01
    2.39179313e-01 9.55262899e-01 4.80245590e-01 3.18158507e-01
    3.10406804e-01 3.91909808e-01 3.50115180e-01 5.07789791e-01
    3.65828693e-01 1.33335441e-01 7.27076650e-01 8.58161569e-01
    8.72873425e-01 5.48668265e-01 8.04962277e-01 1.93415582e-02
    8.05870235e-01 9.34684277e-02 7.15804577e-01 4.63906825e-01
    7.70051241e-01 5.40585756e-01 6.61447942e-02 6.00378275e-01
    7.39338160e-01 8.76140237e-01 5.57433724e-01 5.61500013e-01
    4.75570649e-01 4.48499471e-01 5.11711895e-01 3.65220606e-01
    4.65618134e-01 6.59197628e-01 2.02280164e-01 4.06717092e-01
    9.32273388e-01 9.83969212e-01 1.91457987e-01 1.36929333e-01
    5.21708727e-02 8.62340212e-01 8.43781948e-01 4.92993206e-01
    9.38408852e-01 4.98807788e-01 6.32759452e-01 5.83019316e-01
    2.07887471e-01 3.15127760e-01 3.78074229e-01 8.53299439e-01
    7.48054624e-01 9.49145794e-01 2.58439243e-01 3.83384407e-01
    3.18439454e-01 6.36265457e-01 7.75152922e-01 7.42939353e-01
    8.43135715e-01 2.37173527e-01 7.51809597e-01 6.68511868e-01
    9.62381124e-01 3.88198972e-01 9.59095120e-01 1.41118348e-01
    3.22169840e-01 6.63137734e-02 2.55803823e-01 6.73708022e-01
    5.48526049e-01 8.86944413e-01 3.64124745e-01 1.86889917e-01
    6.43050075e-02 3.46725702e-01 4.58801657e-01 7.41965771e-01
    4.76533175e-03 2.92766482e-01 2.77370334e-01 9.57868576e-01
    6.62563443e-01 1.04410321e-01 8.97424161e-01 8.12333107e-01
    3.55093777e-01 8.25466275e-01 7.04405248e-01 3.34957451e-01
    3.88307214e-01 5.45044780e-01 2.35459268e-01 2.51734763e-01
    1.07940435e-02 1.24511570e-01 7.61905849e-01 2.28656709e-01
    8.61680269e-01 4.75511521e-01 8.58480632e-02 5.62781870e-01
    1.00004375e-02 9.30743992e-01 3.92952204e-01 9.48187411e-01
    9.51271951e-02 5.94068766e-02 1.26597464e-01 8.98254871e-01
    1.90789968e-01 2.04852611e-01 4.23405826e-01 2.17312425e-01
    2.97939181e-01 2.45372653e-02 3.69541138e-01 5.27387261e-01
    3.70943129e-01 2.36027837e-02 7.33940601e-01 5.14369011e-02
    7.06931949e-01 5.14220893e-02 4.24787909e-01 2.55931497e-01
    8.45405996e-01 2.13093251e-01 3.79299462e-01 7.02400386e-01
    3.41864347e-01 6.92417681e-01 5.24188876e-02 8.08405697e-01
    6.85697019e-01 8.10879230e-01 2.65280068e-01 5.05874515e-01
    8.74724984e-01 6.84583724e-01 3.84180814e-01 8.31553698e-01
    5.63901007e-01 4.92091388e-01 7.35640466e-01 9.17478561e-01
    3.35744381e-01 5.68543255e-01 5.37714660e-01 6.52677536e-01
    3.73271942e-01 5.01096427e-01 7.08404303e-01 1.90068036e-01
    1.80815041e-01 7.28161812e-01 8.31835747e-01 4.13419098e-01
    3.71633530e-01 4.06601459e-01 5.92117786e-01 4.46008235e-01
    5.93389273e-02 5.00687182e-01 4.06842530e-01 5.79508066e-01
    3.13720524e-01 9.69558060e-01 6.66256666e-01 7.35477209e-01
    3.50609273e-01 8.84391963e-02 9.29071307e-01 4.42318499e-01
    8.94532442e-01 6.46308482e-01 6.51701689e-01 6.01226330e-01
    9.59411860e-01 2.67891824e-01 5.42382002e-02 7.69237041e-01
    7.39689708e-01 2.02664226e-01 7.74494410e-02 9.70674753e-01
    1.06205553e-01 2.34807879e-01 5.11918604e-01 6.26667142e-02
    8.26599896e-02 6.65692270e-01 9.98512983e-01 1.42104954e-01
    5.10489225e-01 7.95351863e-01 8.77452612e-01 7.90751576e-02
    1.42664880e-01 9.81336713e-01 2.76191503e-01 7.10552692e-01
    9.44195211e-01 7.60916173e-02 8.82556081e-01 3.29484284e-01
    2.39719987e-01 2.54719794e-01 1.64483070e-01 3.97757947e-01
    3.96495998e-01 9.66301680e-01 5.57056427e-01 1.31137699e-01
    2.82766730e-01 7.86661148e-01 3.99216056e-01 6.92716539e-02
    7.28966236e-01 3.33717525e-01 6.10483587e-01 3.35108578e-01
    6.77665830e-01 4.80061799e-01 9.85017300e-01 6.04375839e-01
    3.97270739e-01 5.08203208e-02 6.97774172e-01 5.87175012e-01
    4.13644582e-01 9.75382686e-01 8.19310546e-01 8.37121367e-01
    3.39780599e-01 7.06191480e-01 8.46675456e-01 9.28975701e-01
    3.27398121e-01 8.04751098e-01 2.39552498e-01 1.87233746e-01
    1.32956952e-01 2.00926363e-02 8.90615225e-01 9.07309353e-02
    1.10803246e-02 1.22851849e-01 5.31672239e-01 8.46734643e-02
    1.87972665e-01 6.31046355e-01 4.08347964e-01 9.18124080e-01
    6.65652514e-01 1.70971960e-01 3.43174160e-01 7.18837261e-01
    2.13461816e-01 2.90921241e-01 6.71630323e-01 7.49030590e-01
    8.17103088e-01 7.15776742e-01 9.00173426e-01 5.16025066e-01
    9.68170106e-01 1.33860618e-01 4.43726897e-01 6.30402327e-01
    3.79553199e-01 6.46605670e-01 1.95203424e-01 6.89514697e-01
    7.99521744e-01 8.53208303e-01 4.99317646e-02 6.06813669e-01
    4.73052740e-01 5.19507647e-01 2.25941837e-01 8.38758469e-01
    4.20480132e-01 8.10242295e-02 5.03723323e-01 1.41617119e-01
    4.16989177e-01 3.87260914e-02 9.93920445e-01 4.99964058e-02
    4.51211572e-01 9.51302886e-01 8.17915440e-01 3.38978559e-01
    6.72212303e-01 4.40805018e-01 2.46835858e-01 5.28137386e-01
    6.91560090e-01 6.93465710e-01 2.11341709e-01 8.07593226e-01
    8.29365253e-01 3.36516261e-01 1.50442481e-01 6.51895702e-02
    4.98538196e-01 3.84864926e-01 7.80739307e-01 9.91375268e-01
    3.68163586e-02 3.77977163e-01 5.39089799e-01 4.46581334e-01
    2.45141745e-01 2.54800975e-01 7.10532486e-01 3.82384360e-01
    8.04781079e-01 2.96420455e-01 4.43048179e-02 4.38587964e-02
    3.63088965e-01 1.27507567e-01 3.88444304e-01 4.41622913e-01
    1.54100597e-01 1.84439331e-01 3.15254658e-01 2.64046788e-01
    5.89309454e-01 3.02930892e-01 1.19445324e-02 1.10767841e-01
    5.16717017e-01 8.02807450e-01 1.18711412e-01 6.33096457e-01
    1.36618763e-01 2.14963555e-01 5.87698340e-01 9.78291154e-01
    3.27995002e-01 2.18625933e-01 6.16827071e-01 2.83205330e-01
    6.50458813e-01 2.52933562e-01 7.00551152e-01 3.34978104e-05
    3.03378582e-01 5.36528587e-01 6.99333072e-01 7.65042245e-01
    6.08827770e-02 2.82920301e-02 9.22322869e-01 9.81028914e-01
    2.23172098e-01 4.83880520e-01 5.80444574e-01 4.24543232e-01
    5.92809916e-01 1.71756029e-01 7.26511240e-01 2.65455782e-01
    6.05764031e-01 3.24974000e-01 3.36787671e-01 9.48842227e-01
    1.38641208e-01 2.16566324e-01 3.23806137e-01 3.00159723e-01
    4.18254733e-02 7.27203071e-01 9.67167497e-01 7.95459867e-01
    7.08622754e-01 4.30907339e-01 9.64938760e-01 7.36809552e-01
    2.66545862e-01 3.04571152e-01 3.90608519e-01 2.69441456e-01
    3.45565140e-01 7.25130081e-01 8.99439216e-01 9.22133923e-01
    9.24032629e-02 7.61737227e-01 8.76488924e-01 5.83014011e-01
    4.40348208e-01 7.88423240e-01 1.11120343e-02 4.04794723e-01
    3.55587006e-01 8.47224653e-01 1.71225101e-01 6.65884614e-02
    4.70797449e-01 6.96976662e-01 2.81581283e-01 6.60962939e-01
    7.65642524e-03 5.93924880e-01 8.25377345e-01 3.25026274e-01
    5.49227536e-01 5.78714430e-01 4.38251793e-01 9.92101073e-01
    1.86720937e-01 5.61103642e-01 3.91645133e-01 5.27327061e-01
    7.33985364e-01 9.73089933e-01 2.41846800e-01 3.43197018e-01
    7.75020957e-01 1.90884471e-02 3.84248108e-01 3.39209795e-01
    8.04193258e-01 7.33095765e-01 6.14317179e-01 4.16193783e-01
    5.94275296e-02 4.45041597e-01 6.15565002e-01 5.92076242e-01
    5.86128950e-01 2.90272236e-02 4.53217089e-01 1.83442235e-01
    3.33657026e-01 6.52669072e-02 6.34436011e-02 8.34092796e-02
    3.99323642e-01 9.81169403e-01 5.01277030e-01 5.41608274e-01
    4.99654979e-01 6.74013615e-01 1.00901157e-01 4.73647445e-01
    6.90497875e-01 1.62036628e-01 7.54707754e-01 6.79940522e-01
    9.00163829e-01 4.95743334e-01 1.17485940e-01 7.88538456e-01
    4.98883724e-02 9.21622097e-01 8.47147226e-01 1.99060053e-01
    9.14378226e-01 6.50537610e-02 6.75744653e-01 7.45355010e-01
    8.29549134e-01 5.89721799e-01 6.32385850e-01 1.03872240e-01
    8.56590748e-01 7.10241139e-01 6.52163625e-02 9.74419832e-01
    4.29215819e-01 7.74462819e-01 7.97469556e-01 4.42356974e-01
    5.05073309e-01 1.32157177e-01 2.97981828e-01 4.36424762e-01
    5.24787724e-01 6.35737240e-01 9.12689626e-01 8.70098472e-01
    1.35691017e-01 3.82641822e-01 3.21421206e-01 1.99783653e-01
    8.72616589e-01 8.86909008e-01 2.30066180e-02 9.90902305e-01
    4.98061329e-01 1.07033193e-01 1.05908066e-01 1.75638884e-01
    1.69511735e-02 5.11482358e-03 7.54537165e-01 9.73205984e-01
    5.88904202e-01 4.39320803e-02 1.41808957e-01 8.27139735e-01
    4.02684152e-01 6.08468711e-01 4.53223228e-01 9.78106499e-01
    1.47689819e-01 6.78282976e-03 8.31078291e-01 2.11876690e-01
    9.86969471e-01 6.00003839e-01 4.20142591e-01 8.13322544e-01
    7.08073497e-01 8.88929248e-01 7.91157544e-01 3.50207388e-01
    6.03379965e-01 9.46652651e-01 7.47188151e-01 2.15941727e-01
    4.74131554e-01 6.05324090e-01 5.29780447e-01 7.00721979e-01
    5.41604042e-01 4.46886122e-01 7.68582821e-01 1.04842782e-01
    7.71945834e-01 2.60353923e-01 3.87936473e-01 3.71146560e-01
    1.77439660e-01 9.70920324e-02 9.40148532e-01 5.06801069e-01
    1.56014889e-01 9.98297632e-01 5.02022088e-01 4.33923304e-01
    2.08481938e-01 8.19680989e-02 6.39595151e-01 5.36357164e-01
    5.20476878e-01 4.69217211e-01 4.52560365e-01 4.65464592e-02
    8.20009887e-01 5.07436454e-01 9.30409312e-01 8.78270864e-01
    5.41662097e-01 8.48196626e-01 7.43020654e-01 1.88892424e-01
    7.89812505e-01 4.28347081e-01 6.01650059e-01 9.94136989e-01
    3.60034227e-01 6.27603531e-01 3.62588286e-01 8.15198243e-01
    9.58237052e-01 5.18618703e-01 6.08465374e-01 9.12416220e-01
    7.15611339e-01 8.28921318e-01 6.01675034e-01 6.12918437e-01
    1.65635318e-01 4.11361098e-01 2.73928791e-01 1.54152930e-01
    5.40782750e-01 3.78683865e-01 6.64559782e-01 6.70084178e-01
    2.58846581e-02 4.49671686e-01 8.08686733e-01 5.61957240e-01
    7.05237687e-01 8.57840478e-01 5.21889687e-01 9.45888162e-02
    8.21051061e-01 9.27549005e-01 4.13425207e-01 3.91718894e-01
    5.83286881e-01 5.91967046e-01 5.48853993e-01 4.30359274e-01
    6.87332392e-01 4.68265921e-01 2.02496588e-01 4.56228375e-01
    8.76034856e-01 9.40608382e-01 2.61256337e-01 4.42093104e-01
    4.42900926e-01 4.49743569e-02 2.88890332e-01 1.05827570e-01
    3.85441184e-01 5.78512430e-01 2.69329697e-01 4.19213384e-01
    6.36738896e-01 7.21588254e-01 3.01656127e-01 2.21801221e-01
    4.37894464e-03 5.98312438e-01 1.79847181e-01 8.47713590e-01
    8.01516652e-01 1.90748662e-01 7.32781887e-01 5.58995843e-01
    9.29988265e-01 8.97181332e-02 9.87270534e-01 4.68675047e-01
    9.32708323e-01 4.21809226e-01 5.13266087e-01 3.33999902e-01
    6.41822219e-01 7.44283080e-01 2.10242569e-02 2.78508157e-01
    6.83803439e-01 1.64473385e-01 1.54081643e-01 2.36533344e-01
    2.90142238e-01 9.23725843e-01 9.93242681e-01 7.27907658e-01
    5.89154899e-01 2.31214136e-01 1.33350134e-01 2.98719883e-01
    8.32037687e-01 7.62811661e-01 7.68763423e-01 5.29778421e-01
    5.00540853e-01 5.36598504e-01 8.75519812e-02 6.30638003e-01
    8.52220893e-01 7.91751266e-01 7.34622240e-01 2.23684281e-01
    1.87622935e-01 5.18413842e-01 5.48984110e-02 4.26215678e-01
    8.74522328e-01 7.23508596e-01 4.46415275e-01 7.48621941e-01
    7.43175864e-01 4.35712874e-01 1.71111375e-01 6.91504836e-01
    3.33590925e-01 7.53392577e-01 8.08118343e-01 6.88845038e-01
    9.91747677e-02 4.64113504e-01 7.43650556e-01 7.49988675e-01
    7.01974034e-02 8.64776134e-01 2.21946478e-01 6.91871285e-01
    3.23104382e-01 8.89501214e-01 8.02502155e-01 7.68387914e-01
    1.11889869e-01 1.39192611e-01 6.35775506e-01 5.62393129e-01
    6.65688694e-01 9.70146239e-01 9.31102037e-03 4.65500176e-01
    9.18584168e-02 9.61935997e-01 8.04633617e-01 1.62604183e-01
    5.91493428e-01 1.85989290e-01 3.36473882e-02 3.68112534e-01
    7.58695722e-01 6.30848467e-01 7.03992069e-01 5.05677581e-01
    4.54270035e-01 2.27999032e-01 6.71860635e-01 7.38434494e-01
    2.79111058e-01 9.33336198e-01 8.10859442e-01 6.63296938e-01
    8.40491831e-01 5.68414390e-01 6.73621655e-01 7.97525287e-01
    8.26933622e-01 3.07098746e-01 8.97832811e-01 3.75216365e-01
    4.73430932e-01 5.61749279e-01 8.18182468e-01 8.05507600e-01
    1.05725527e-01 6.83883846e-01 1.97719216e-01 6.66358590e-01
    6.92328334e-01 7.83950984e-01 3.23701680e-01 2.26822764e-01
    2.16659963e-01 3.67104173e-01 6.25577092e-01 1.43722773e-01
    4.61809516e-01 3.14722359e-01 2.96867073e-01 2.68109858e-01
    8.78178239e-01 3.91843170e-01 3.19935262e-01 3.83945763e-01
    2.92029560e-01 4.40298885e-01 1.58899158e-01 2.34626174e-01
    8.90691102e-01 2.27344602e-01 4.57109749e-01 9.61552083e-01
    8.48708868e-01 2.51642406e-01 6.39417589e-01 9.31613803e-01
    1.80781066e-01 2.21572429e-01 7.89280236e-01 8.04602802e-01
    5.26496232e-01 7.97093511e-01 6.35537624e-01 1.27410829e-01
    6.68651164e-01 2.54630506e-01 2.43558794e-01 7.21729636e-01
    6.23404086e-02 9.53091264e-01 5.20995200e-01 7.43289232e-01
    8.54125738e-01 7.44827092e-02 2.56931603e-01 7.66608357e-01
    6.65679634e-01 3.82811904e-01 7.71143198e-01 6.46160126e-01
    2.74906695e-01 8.63465130e-01 1.08966976e-01 7.55100787e-01
    3.05342078e-01 6.28595531e-01 4.40598786e-01 2.19479680e-01
    8.31063688e-02 6.77106202e-01 4.09426689e-01 1.80035800e-01
    2.09127635e-01 4.12912607e-01 4.42422658e-01 2.34429032e-01
    7.57293403e-01 1.25450194e-01 9.16881084e-01 4.46352303e-01
    2.80926228e-01 8.79361331e-02 1.36149585e-01 9.05415595e-01
    2.89906770e-01 7.11093724e-01 8.93735588e-01 7.96615124e-01
    5.68794012e-01 5.34919143e-01 6.95124269e-03 5.39864540e-01
    1.23698413e-01 5.96081018e-01 1.66683912e-01 3.54450226e-01
    1.40992373e-01 8.48701835e-01 7.52017379e-01 6.55363619e-01
    5.36159456e-01 9.57549930e-01 2.16030926e-01 5.82348347e-01
    8.16166759e-01 2.64178485e-01 3.40589881e-01 1.57105297e-01
    4.92087930e-01 3.14521998e-01 6.69024110e-01 5.48934758e-01
    9.79529142e-01 5.04469216e-01 1.77398056e-01 3.07262540e-01
    1.95247233e-02 8.19626927e-01 4.99529898e-01 4.95337725e-01
    1.12303793e-01 4.26328599e-01 8.05818200e-01 5.71257651e-01
    6.82785749e-01 2.33506024e-01 5.81207275e-01 1.98447943e-01
    9.66804385e-01 3.63798201e-01 6.98623121e-01 4.38695341e-01
    2.38110930e-01 2.00657308e-01 9.32391286e-02 1.65734589e-02
    1.24417096e-01 8.29114199e-01 9.71887171e-01 8.21298599e-01
    1.75224483e-01 9.93552446e-01 5.95773935e-01 3.17792237e-01
    6.78607821e-01 5.82540095e-01 9.04767096e-01 6.60284162e-01
    4.58649695e-01 4.44724679e-01 3.35184336e-02 9.87569690e-01
    7.77437568e-01 5.98925769e-01 8.46498489e-01 4.13268656e-01
    6.42897189e-01 8.32293630e-01 2.20774829e-01 5.50118208e-01
    2.88551092e-01 8.35198343e-01 2.88176358e-01 1.78296506e-01
    7.65989065e-01 8.50692749e-01 2.83126295e-01 3.44416857e-01
    9.02608156e-01 6.27064586e-01 6.81901872e-01 6.15480959e-01
    7.29712069e-01 1.46998972e-01 3.55459899e-01 7.61342108e-01
    8.80303383e-02 3.35342467e-01 8.30815434e-01 6.80762887e-01
    5.12795627e-01 1.50268883e-01 6.92990422e-01 3.16060543e-01
    6.51556551e-01 3.00317526e-01 1.37396574e-01 9.23087537e-01
    6.37216210e-01 7.60898888e-01 2.01008707e-01 7.78564930e-01
    6.39498591e-01 1.22764528e-01 2.18088090e-01 9.10133541e-01
    5.96351385e-01 4.60442066e-01 7.77219176e-01 3.44350576e-01
    2.56995678e-01 4.43901360e-01 5.19159436e-01 8.69822025e-01
    5.12991071e-01 7.77380586e-01 9.59281921e-02 5.77376187e-01
    4.71822709e-01 6.42903447e-02 1.50361657e-02 9.32962418e-01
    2.47997791e-01 8.75831246e-01 9.49734092e-01 3.03928047e-01
    4.57424283e-01 7.98636794e-01 7.68320799e-01 6.68343127e-01
    4.95261312e-01 8.73649418e-02 1.52594775e-01 8.34904432e-01
    7.32392192e-01 3.69987547e-01 9.52024937e-01 2.87612438e-01
    6.70049727e-01 9.10746694e-01 6.93339288e-01 4.33450758e-01
    9.26924050e-01 4.48589563e-01 7.48058081e-01 7.34747291e-01
    7.48049498e-01 5.69771647e-01 2.83859193e-01 7.74080753e-01
    9.06364918e-01 6.04331911e-01 4.61161733e-02 2.44134367e-02
    3.92916113e-01 2.06397295e-01 7.28071749e-01 4.80605781e-01
    7.08436370e-01 6.23932004e-01 9.14102197e-01 2.74706483e-01
    5.09728014e-01 5.18077612e-03 8.43225062e-01 7.39412606e-02
    4.24804032e-01 3.75375390e-01 3.21280748e-01 1.34925783e-01
    1.24831855e-01 5.99543750e-01 9.29706275e-01 7.37554669e-01
    7.53373981e-01 2.20980257e-01 4.78707373e-01 9.37963128e-01
    3.21648002e-01 4.78169084e-01 2.79194295e-01 1.59127474e-01
    9.83465075e-01 4.61716354e-02 5.13937771e-01 8.08813572e-01
    8.25798392e-01 6.10213757e-01 2.94943184e-01 8.78366053e-01
    4.10468400e-01 4.62363183e-01 3.93556297e-01 6.66826785e-01
    4.54514980e-01 4.02069151e-01 7.02017367e-01 6.48108244e-01
    1.09617174e-01 3.02776575e-01 8.33303332e-01 5.30392587e-01
    6.70046806e-01 5.25667608e-01 4.33425456e-01 4.44710106e-01
    7.11238325e-01 6.04411960e-03 6.53794408e-01 7.53438652e-01
    3.32228065e-01 6.87289536e-01 4.65599060e-01 7.17028379e-02
    9.53952670e-01 7.09072530e-01 8.58925581e-01 6.61213398e-01
    4.88777518e-01 6.78094029e-02 1.44155145e-01 1.09258384e-01
    9.92597222e-01 3.54052186e-01 4.97164130e-01 3.54482025e-01
    1.36090726e-01 6.85604095e-01 3.54761153e-01 4.59204435e-01
    9.40984607e-01 2.55738318e-01 9.77403164e-01 4.01284784e-01
    4.58510339e-01 9.87658381e-01 2.98648894e-01 9.74940002e-01
    9.24739063e-01 8.75819445e-01 6.41431928e-01 2.84151405e-01
    9.67844248e-01 7.97081172e-01 6.01319790e-01 7.07033634e-01
    5.14200568e-01 2.61089832e-01 3.44792962e-01 5.11505663e-01
    8.84582400e-01 1.46442264e-01 8.73920679e-01 2.79760838e-01
    7.83832192e-01 3.27134758e-01 7.74877369e-01 2.17649877e-01
    6.06068075e-02 2.67511845e-01 3.96828592e-01 7.18641162e-01
    3.08702886e-01 1.33703500e-01 1.77437156e-01 1.34320080e-01
    5.82751393e-01 7.11939991e-01 3.40578794e-01 9.91693377e-01
    9.55222726e-01 8.12940300e-02 7.44918346e-01 9.35724497e-01
    6.08519077e-01 7.45190680e-02 8.67390633e-02 7.69982219e-01
    8.42275321e-02 7.52535582e-01 9.53005552e-01 8.05912077e-01
    9.38008070e-01 8.20284486e-01 6.33071542e-01 2.00946182e-01
    9.19002533e-01 2.43899345e-01 3.29501987e-01 1.26124352e-01
    8.27370286e-01 6.08676136e-01 8.04211736e-01 5.13018191e-01
    7.67693102e-01 8.93758059e-01 6.79758310e-01 1.69190764e-01
    6.60838008e-01 3.08997512e-01 9.28432941e-01 9.61095393e-01
    7.63499856e-01 4.07073647e-01 3.16294670e-01 9.06707406e-01
    5.96384346e-01 6.21589184e-01 6.55287266e-01 5.02935767e-01
    4.30521846e-01 7.72702575e-01 5.32882214e-01 9.77865994e-01
    8.37405801e-01 1.24330789e-01 3.36028576e-01 7.45289862e-01
    4.44601327e-01 9.22615767e-01 1.15534961e-01 3.24186504e-01
    3.83459985e-01 8.60100269e-01 6.54935002e-01 5.44276834e-02
    5.82907081e-01 2.53500432e-01 6.64440274e-01 8.89422774e-01
    5.24957001e-01 9.47634876e-02 9.75469112e-01 1.84725821e-02
    4.12292778e-01 6.54424727e-01 2.98692644e-01 4.22789872e-01
    4.17793989e-02 6.00230396e-01 1.35912269e-01 9.86982465e-01
    5.97742140e-01 9.89148557e-01 2.85941184e-01 8.06907177e-01
    6.91992998e-01 3.18662822e-01 8.04188609e-01 5.83016038e-01
    8.77651095e-01 2.73904324e-01 4.77955580e-01 1.61161512e-01
    1.82205826e-01 7.96264529e-01 1.28614843e-01 4.13876712e-01
    7.25156069e-02 8.82389545e-01 3.34708720e-01 9.11701560e-01
    7.25830436e-01 5.23853600e-02 4.09595728e-01 2.34823525e-01
    1.94765508e-01 9.56154943e-01 1.52330279e-01 5.97904801e-01
    4.71768975e-01 8.08422565e-01 8.90672684e-01 3.31724554e-01
    2.08366692e-01 4.19691086e-01 4.01299655e-01 2.69014239e-02
    2.63173401e-01 3.37299705e-03 2.03761935e-01 9.85945642e-01
    1.20240986e-01 5.15551865e-01 4.47082698e-01 9.21206713e-01
    4.01426852e-01 5.10554790e-01 9.56705987e-01 5.05903125e-01
    9.41040814e-02 3.10243070e-01 4.28425252e-01 2.32660770e-02
    3.71388316e-01 7.44826078e-01 2.29377717e-01 5.44349074e-01
    7.61628926e-01 4.44136471e-01 1.99771881e-01 2.11433828e-01
    1.86025292e-01 7.33304083e-01 3.66614342e-01 2.17447639e-01
    9.95298862e-01 6.39249027e-01 1.27896667e-03 2.55867958e-01
    9.21483934e-02 3.85091722e-01 7.34196246e-01 5.87651372e-01
    6.14020348e-01 8.35021913e-01 1.76278681e-01 9.38983500e-01
    3.22883725e-01 8.25317025e-01 1.54192179e-01 4.55118716e-01
    3.79517674e-01 7.23709166e-01 7.34488428e-01 1.00853443e-01
    3.87084603e-01 8.39308262e-01 2.78981805e-01 3.13769162e-01
    5.41420400e-01 1.70503259e-02 6.41483068e-03 7.78686464e-01
    4.10175472e-01 8.15927386e-01 3.46271455e-01 5.84559798e-01
    6.73434079e-01 8.72898400e-01 9.62598205e-01 8.19928288e-01
    9.07070160e-01 9.25838947e-03 1.32542640e-01 1.98961109e-01
    4.70383048e-01 3.51813436e-01 1.00984544e-01 1.97826385e-01
    5.08823335e-01 7.19215512e-01 7.32436359e-01 2.51896322e-01
    5.05518734e-01 9.07703519e-01 2.99162984e-01 6.08699381e-01
    8.57268989e-01 8.15818369e-01 4.58772004e-01 1.40501857e-02
    9.49623108e-01 3.32274020e-01 2.04253167e-01 9.12268102e-01
    1.45762265e-01 1.91695571e-01 7.92976022e-01 3.10245931e-01
    3.54565322e-01 9.83440995e-01 5.96961081e-01 9.63569283e-02
    9.37745869e-01 6.11803412e-01 1.53754175e-01 9.35624421e-01
    6.15851581e-02 7.28367448e-01 5.24048030e-01 8.19790363e-02
    6.83276415e-01 4.11193848e-01 5.72400153e-01 2.67632842e-01
    4.10073549e-01 1.56784415e-01 6.06411397e-01 1.26691580e-01
    3.67321223e-01 8.57371092e-01 8.19905281e-01 6.81751072e-01
    5.97573519e-02 5.50756514e-01 9.47975278e-01 6.91638768e-01
    4.83567566e-01 4.09476876e-01 1.11010373e-01 2.26457208e-01
    8.42828393e-01 2.33868986e-01 3.46483707e-01 5.61719000e-01
    4.56847012e-01 8.74060452e-01 8.92731547e-02 8.64124060e-01
    4.41446930e-01 6.82176173e-01 8.83923650e-01 5.05974054e-01
    6.12202108e-01 9.92287755e-01 1.86600477e-01 2.98490524e-02
    1.33909255e-01 5.79473197e-01 4.13462460e-01 2.89141059e-01
    2.57044971e-01 4.94117141e-01 8.16341162e-01 2.14504808e-01
    5.86165369e-01 6.46696091e-01 3.13116908e-01 7.22251534e-01
    7.90139675e-01 6.60212278e-01 9.52558756e-01 1.48740321e-01
    4.71107960e-01 7.04994738e-01 3.20588529e-01 7.73825407e-01
    4.45904940e-01 1.96703225e-01 9.45701241e-01 9.89504933e-01
    8.44815373e-01 2.82372057e-01 3.54783833e-01 6.16319418e-01
    1.37780577e-01 7.26006746e-01 5.04743397e-01 6.11569405e-01
    7.58566022e-01 4.72202778e-01 5.15683472e-01 7.41745889e-01
    8.59794021e-03 4.76245642e-01 3.99972677e-01 7.44565725e-01
    4.73670602e-01 2.05704063e-01 5.83247721e-01 7.39129484e-01
    6.00197792e-01 5.51921427e-01 9.64332819e-01 8.83101940e-01
    8.12998056e-01 5.87917984e-01 5.30945182e-01 6.17011487e-01
    8.58196557e-01 2.34058976e-01 5.10032117e-01 3.35814267e-01
    7.33856201e-01 2.89984107e-01 8.11505437e-01 6.59074783e-02
    4.47880059e-01 7.29765296e-01 3.09691340e-01 9.05767381e-01
    3.98076564e-01 2.32769042e-01 2.47757643e-01 8.99260879e-01
    8.38474035e-01 6.28984451e-01 3.69034708e-02 9.93402600e-01
    9.53141809e-01 8.16832662e-01 6.22827291e-01 6.61835968e-01
    5.81209719e-01 5.54966569e-01 4.80156839e-02 8.34637105e-01
    8.48825991e-01 9.12588179e-01 7.42594659e-01 8.01673293e-01
    3.96980822e-01 6.20378077e-01 4.08233225e-01 5.89107871e-02
    4.61338788e-01 5.60946703e-01 7.88000524e-02 8.03042769e-01
    1.79232270e-01 3.25447083e-01 6.51652753e-01 7.03576386e-01
    2.43625283e-01 2.70907223e-01 1.81226224e-01 7.86277413e-01
    2.19978303e-01 9.38690245e-01 5.12887776e-01 5.33445239e-01
    5.68807602e-01 3.09024096e-01 7.23242760e-01 3.69916707e-01
    1.51846319e-01 1.15036428e-01 3.65890861e-01 7.64864445e-01
    8.28428328e-01 4.03930008e-01 3.21266174e-01 8.04898202e-01
    2.62097180e-01 3.08201015e-02 9.13347661e-01 6.58626139e-01
    9.03531373e-01 6.61120534e-01 3.38200450e-01 6.46327317e-01
    2.09398866e-02 5.46607375e-01 8.19132507e-01 3.67715567e-01
    6.82631254e-01 2.49398053e-01 8.87092590e-01 6.14658415e-01
    2.85655200e-01 8.60424757e-01 9.15871978e-01 8.25223327e-02
    9.82501388e-01 5.15767932e-01 4.54886198e-01 6.42809808e-01
    2.89821625e-03 5.45753360e-01 7.24005699e-01 2.70515680e-04
    4.42078292e-01 7.52168417e-01 8.44787657e-01 5.84138393e-01
    5.31180918e-01 3.14946651e-01 7.05945611e-01 8.18840742e-01
    6.80287302e-01 9.82289791e-01 2.42536694e-01 2.26851940e-01
    6.13128960e-01 7.37915397e-01 7.39659190e-01 6.72429204e-01
    1.34365469e-01 1.28742903e-01 4.18180913e-01 1.54742688e-01
    7.27131903e-01 4.33271527e-02 6.64156377e-01 9.17865515e-01
    1.80220008e-02 2.81860471e-01 4.19501275e-01 7.94191957e-01
    9.13389504e-01 3.58704627e-02 4.52153444e-01 4.06911939e-01
    1.71255082e-01 6.51121140e-02 6.63882971e-01 8.41900229e-01
    5.02612412e-01 7.77165651e-01 5.54130912e-01 9.07928109e-01
    4.75232989e-01 7.07959354e-01 8.20191205e-01 6.05389357e-01
    3.25909138e-01 5.28885067e-01 8.48069072e-01 3.99757564e-01
    5.58704138e-01 1.29168898e-01 4.63698238e-01 4.20478582e-02
    6.09737396e-01 5.26626766e-01 5.93131185e-01 7.69331813e-01
    8.59972239e-01 4.46867198e-01 8.88695776e-01 5.19130528e-01
    7.57828534e-01 3.67965728e-01 5.78964412e-01 8.09223413e-01
    8.14947248e-01 6.66268706e-01 9.03911710e-01 2.40808815e-01
    6.91873312e-01 1.83255643e-01 1.31125748e-02 2.77620167e-01
    6.44698024e-01 4.69800174e-01 7.88198829e-01 1.70368016e-01
    9.99701738e-01 8.91886592e-01 6.03345692e-01 3.39999408e-01
    1.03547394e-01 5.52967191e-03 3.50772262e-01 3.24173868e-02
    1.05241120e-01 8.62627983e-01 3.64308059e-01 8.53412211e-01
    2.02633440e-01 6.34209394e-01 7.15917587e-01 3.59779269e-01
    3.80984098e-01 7.86678791e-01 1.20643318e-01 5.65660477e-01
    3.05943966e-01 7.88787425e-01 4.14010465e-01 4.27753121e-01
    7.62224317e-01 6.56410575e-01 8.17468524e-01 8.42755198e-01
    5.36772668e-01 1.63376600e-01 4.99410242e-01 4.59547997e-01
    5.18540621e-01 9.77690995e-01 8.25702846e-01 9.58739519e-01
    4.40318823e-01 4.17968750e-01 8.64076018e-01 9.18040872e-01
    8.56500566e-02 7.81323254e-01 3.09385180e-01 7.39846826e-01
    8.35101604e-01 7.37139583e-01 7.01372027e-01 3.67378354e-01
    2.29869038e-01 8.83907497e-01 4.21995789e-01 9.53343987e-01
    5.66740930e-01 2.99907148e-01 8.03065300e-02 7.33141661e-01
    2.38404185e-01 5.44843078e-03 8.43894541e-01 6.26086950e-01
    7.74376035e-01 2.97858387e-01 6.62986875e-01 1.47906601e-01
    4.22832429e-01 8.37587237e-01 2.36392260e-01 5.38883746e-01
    2.19120502e-01 3.51815581e-01 2.84581542e-01 8.30396712e-01
    6.62229419e-01 8.58813643e-01 6.79042935e-02 4.75440860e-01
    4.45976049e-01 2.09230810e-01 8.80651712e-01 6.60951674e-01
    9.70940053e-01 2.43595481e-01 5.46662390e-01 5.42810798e-01
    6.70362532e-01 4.04043496e-01 2.74731874e-01 5.55396438e-01
    5.70686698e-01 1.75063372e-01 7.17236400e-01 9.95388389e-01
    8.14582407e-01 1.05384231e-01 8.16467047e-01 2.02523619e-01
    2.34818965e-01 2.03598201e-01 5.85966647e-01 9.02119577e-02
    5.15053391e-01 9.99123275e-01 6.14281416e-01 7.14170098e-01
    6.93327546e-01 9.51176882e-01 6.19807959e-01 2.38748342e-01
    4.15875256e-01 8.59021962e-01 2.95208573e-01 5.21521568e-01
    3.41391802e-01 1.38112009e-01 4.18233037e-01 2.70411849e-01
    2.63410211e-01 4.29617375e-01 4.72854525e-01 3.60653639e-01
    5.99647999e-01 7.30940878e-01 9.09045339e-01 8.66173208e-02
    5.72880387e-01 1.18745148e-01 6.45391464e-01 9.18958545e-01
    6.42263889e-01 9.44531322e-01 2.83222139e-01 7.03994870e-01
    5.32798767e-01 7.77758121e-01 9.26845074e-01 7.38176465e-01
    7.93218017e-01 8.09505582e-01 3.37372094e-01 2.76242495e-01
    7.89670825e-01 5.66377997e-01 8.39280665e-01 5.66144943e-01
    3.84569973e-01 9.35849309e-01 3.78485203e-01 5.99281490e-01
    6.49922431e-01 6.33557022e-01 4.12795573e-01 9.24578249e-01
    6.55893087e-01 7.56453514e-01 4.80482578e-02 6.78579390e-01
    5.12884676e-01 4.92594391e-01 1.34965748e-01 3.41038078e-01
    9.29634809e-01 4.87047434e-03 9.14798498e-01 1.92267418e-01
    6.14368916e-02 3.02702785e-02 3.82589996e-01 7.14027464e-01
    6.13518536e-01 6.92007244e-02 8.31291676e-01 9.18595493e-02
    2.11446881e-02 3.85250062e-01 8.82845044e-01 8.95689726e-01
    6.28076315e-01 7.65486598e-01 1.88298941e-01 7.72343516e-01
    4.82748181e-01 8.75625610e-02 4.08504456e-01 5.39838374e-01
    3.62272918e-01 1.05121166e-01 1.18426859e-01 6.17884457e-01
    7.59373665e-01 9.47493315e-03 3.25513512e-01 7.43595362e-01
    8.21251035e-01 3.92694473e-01 7.74845243e-01 3.96184921e-01
    5.05610406e-01 9.54241157e-01 2.92942762e-01 7.91940928e-01
    9.19201136e-01 4.76022094e-01 5.80676913e-01 9.76092875e-01
    1.90449625e-01 7.87083864e-01 5.15694320e-02 7.64353514e-01
    3.59354734e-01 5.88368773e-01 5.75316787e-01 4.63636726e-01
    2.17569530e-01 2.90124923e-01 2.78921545e-01 9.37120497e-01
    8.55633259e-01 3.24522734e-01 2.67390609e-01 4.19263214e-01
    7.54409254e-01 7.10391819e-01 8.51585865e-01 5.83620250e-01
    4.40245330e-01 1.19343728e-01 9.98797297e-01 1.64259076e-02
    2.38823265e-01 5.24449706e-01 5.79184473e-01 1.19171500e-01
    8.60008121e-01 6.36329770e-01 9.55279410e-01 2.79857516e-02
    7.13778436e-01 8.08390379e-01 5.37131488e-01 4.90663946e-02
    9.01849270e-01 2.89806515e-01 8.43073845e-01 8.12755048e-01
    7.32547820e-01 5.72530389e-01 5.36208570e-01 4.49475318e-01
    4.49200124e-01 8.70136678e-01 8.53926778e-01 5.73651969e-01
    8.66842985e-01 6.94251478e-01 8.61081243e-01 4.93089914e-01
    2.97894180e-01 2.60033429e-01 3.44357789e-01 9.88885641e-01
    9.14622068e-01 4.45760071e-01 6.82115436e-01 7.02448130e-01
    4.50277179e-01 4.89269137e-01 6.23161495e-01 3.34129989e-01
    2.37615407e-02 1.61783397e-01 3.40827882e-01 3.52100253e-01
    5.41966081e-01 4.83341753e-01 8.78475964e-01 2.07669944e-01
    2.58752704e-02 8.82347286e-01 7.96121836e-01 7.72726893e-01
    1.80110902e-01 2.11240530e-01 6.69246912e-01 1.49561912e-01
    9.69914079e-01 3.87627423e-01 8.33125532e-01 1.27523154e-01
    1.38703614e-01 7.54034877e-01 6.85109973e-01 7.61728942e-01
    8.49788427e-01 1.28584743e-01 7.60386050e-01 4.36450124e-01
    2.56063938e-02 4.30074334e-01 4.12873268e-01 1.45884573e-01
    3.57445478e-02 6.50231242e-02 1.02527410e-01 5.36995769e-01
    1.09154314e-01 1.46118969e-01 2.96338528e-01 2.84542382e-01
    3.74685526e-01 4.05388266e-01 2.52928138e-02 9.03643548e-01
    4.01804745e-02 5.92981875e-02 9.29720223e-01 4.25776482e-01
    4.86585647e-01 8.10824037e-01 6.40589178e-01 4.87925172e-01
    9.02449489e-01 6.08185172e-01 9.92853165e-01 5.05165398e-01
    3.66401643e-01 1.14400089e-01 3.25694680e-01 8.67268205e-01
    2.88251638e-01 1.17499858e-01 6.76970661e-01 1.75770402e-01
    9.40693200e-01 8.65502596e-01 1.51293129e-01 5.75259268e-01
    9.19975638e-01 1.59640014e-01 3.97220135e-01 9.20414805e-01
    1.59354180e-01 2.20010340e-01 7.52199888e-01 9.37568426e-01
    1.56748503e-01 7.55579054e-01 7.33595490e-02 3.55955869e-01
    7.14217126e-02 8.68728578e-01 5.52392662e-01 7.87590802e-01
    8.87777090e-01 4.52291340e-01 4.02223855e-01 9.04976666e-01
    4.59501356e-01 4.94050086e-01 7.28289187e-01 2.64058709e-01
    9.34788465e-01 2.96251535e-01 3.96667659e-01 9.10273969e-01
    3.08520138e-01 1.01473451e-01 4.69357669e-01 7.38660038e-01
    7.15100944e-01 3.57200474e-01 1.75290197e-01 7.11683929e-01
    6.89431727e-01 3.61703753e-01 8.40079665e-01 2.73316979e-01
    3.01258683e-01 5.14260352e-01 9.09216881e-01 2.37989575e-01
    7.77484834e-01 8.57386231e-01 5.93834043e-01 4.82438952e-01
    4.89304870e-01 3.36456686e-01 6.63034022e-02 9.75749969e-01
    1.32773161e-01 9.92657125e-01 6.57605827e-02 1.57508850e-01
    2.10377723e-01 7.75803030e-02 9.29304302e-01 4.90595400e-02
    8.97755384e-01 7.00791180e-01 8.21375489e-01 4.41204190e-01
    1.79316908e-01 5.94783425e-02 7.52813578e-01 9.23466086e-02
    4.59000170e-01 9.30982471e-01 7.65030622e-01 6.11108840e-02
    4.90687251e-01 9.30692315e-01 6.37815237e-01 9.52581823e-01
    5.27519941e-01 6.48069143e-01 9.04554725e-01 5.36281466e-01
    7.13449836e-01 2.52443671e-01 8.49167287e-01 1.63676411e-01
    3.13886613e-01 4.87274349e-01 3.51743996e-01 4.44263548e-01
    3.64312172e-01 4.73229736e-01 1.84571117e-01 8.96935284e-01
    1.23646677e-01 4.16240036e-01 1.17410302e-01 3.49326730e-01
    3.17454576e-01 3.13712656e-02 9.62491512e-01 2.99124718e-01
    8.20571065e-01 6.51630104e-01 9.40402031e-01 1.09802961e-01
    5.20308912e-01 5.75327218e-01 8.22026610e-01 1.60864860e-01
    3.67637634e-01 8.81571770e-02 4.63919967e-01 7.28023052e-01
    2.82987297e-01 5.97365618e-01 3.58227491e-02 9.37256396e-01
    7.36595571e-01 9.13246274e-01 4.73816246e-01 8.14634800e-01
    3.06273282e-01 9.56811786e-01 3.86670649e-01 7.82314181e-01
    2.76782691e-01 3.56463432e-01 9.90368485e-01 5.86957932e-02
    6.43522978e-01 3.01638424e-01 1.81462437e-01 2.26640701e-01
    2.22265214e-01 5.33625424e-01 8.30420494e-01 4.84797865e-01
    2.66646266e-01 5.13482273e-01 6.72042727e-01 9.01350379e-01
    1.36854827e-01 2.37141550e-02 9.73120213e-01 3.04788947e-01
    6.52588904e-02 7.33249605e-01 3.92807931e-01 9.44328427e-01
    5.56741238e-01 5.62789202e-01 7.12068439e-01 2.71313220e-01
    9.53112602e-01 7.32282460e-01 1.31069303e-01 5.97865045e-01
    5.09951115e-01 5.59519112e-01 6.16261065e-01 1.43701375e-01
    8.05522919e-01 7.53035188e-01 1.69468522e-01 4.19624150e-01
    6.29435778e-02 3.89437795e-01 4.30310816e-01 1.09442979e-01
    3.73876989e-01 7.47438312e-01 8.86165857e-01 5.17299473e-01
    9.97036099e-01 7.99418688e-02 3.78944218e-01 8.77965689e-01
    9.62635279e-01 9.19301152e-01 8.90586376e-02 7.77721524e-01
    1.31311417e-01 6.87181413e-01 6.89395547e-01 4.95302826e-01
    9.89933491e-01 9.60308135e-01 9.42605317e-01 8.53494644e-01
    7.46844530e-01 9.26572919e-01 7.14621782e-01 7.11324751e-01
    8.71024013e-01 3.21036875e-01 9.95423198e-01 1.58154964e-01
    5.13114333e-01 5.86573243e-01 9.63267803e-01 6.14977956e-01
    8.91546249e-01 7.69976974e-01 1.95221364e-01 6.42408371e-01
    1.11863017e-02 2.93129086e-01 4.97560114e-01 8.04086804e-01
    7.90655017e-01 1.12889707e-02 2.39268541e-01 7.67843306e-01
    1.09623969e-01 6.44516230e-01 6.54163539e-01 3.23938131e-02
    2.89983988e-01 4.24763620e-01 6.79093719e-01 6.75428092e-01
    8.57250810e-01 9.63328362e-01 3.59266341e-01 5.81817627e-01
    2.54837900e-01 2.47260511e-01 2.27686554e-01 5.24551690e-01
    3.12666178e-01 8.48319173e-01 8.41035604e-01 9.77711558e-01
    1.65797442e-01 5.53443134e-01 3.54786754e-01 3.73215079e-01
    3.01920325e-01 2.40240693e-01 3.65540504e-01 8.28347445e-01
    5.58510780e-01 1.92470640e-01 7.42706120e-01 7.01358318e-01
    8.18646073e-01 6.04343116e-01 3.30426276e-01 5.75838983e-02
    1.48240507e-01 5.25106907e-01 3.44778538e-01 5.12011588e-01
    3.41538161e-01 8.82625520e-01 3.46834600e-01 1.73708081e-01
    1.24664009e-01 2.89382875e-01 1.75893486e-01 2.02876359e-01
    9.38497841e-01 9.84542847e-01 2.93759644e-01 4.45601344e-03
    3.32925320e-02 1.66758925e-01 1.78627729e-01 2.53931254e-01
    7.80070186e-01 5.24937272e-01 3.64589304e-01 9.40828919e-01
    9.07012701e-01 8.00707459e-01 7.01997995e-01 5.95346987e-01
    5.61825395e-01 1.89849585e-01 1.70794159e-01 3.45712900e-02
    5.36520183e-01 6.17214143e-01 8.69898200e-01 4.36224669e-01
    8.08947802e-01 9.65149581e-01 5.76000154e-01 7.12796450e-01
    3.22540402e-01 6.77258790e-01 9.63897467e-01 4.04451162e-01
    2.05625653e-01 1.22898698e-01 2.46981204e-01 6.39171124e-01
    4.46623474e-01 2.17206717e-01 1.62095606e-01 7.26157904e-01
    1.53024018e-01 6.12467468e-01 8.97154808e-01 7.13944852e-01
    6.89087629e-01 1.65992975e-03 7.79154539e-01 5.66720963e-02
    5.71861506e-01 9.83989239e-01 2.43865907e-01 3.34720671e-01
    3.02039057e-01 1.58123791e-01 1.32018745e-01 5.03993034e-01
    5.15362203e-01 2.11420834e-01 7.56438375e-01 9.97251749e-01
    3.30306768e-01 3.54698360e-01 1.39700025e-01 2.47115493e-01
    2.06624538e-01 7.61648774e-01 4.19014603e-01 4.43103254e-01
    9.41611528e-01 8.19032609e-01 5.53522825e-01 8.82662416e-01
    5.80282807e-01 2.94559777e-01 3.13429087e-01 3.31584692e-01
    5.52702188e-01 5.05264997e-01 8.11948419e-01 4.78116751e-01
    1.15892291e-01 5.58133245e-01 1.70399308e-01 6.77026391e-01
    8.89125228e-01 6.14302039e-01 4.32906687e-01 8.34615946e-01
    5.36949277e-01 5.09509802e-01 3.54409754e-01 1.72216594e-02
    4.74694252e-01 4.91038561e-02 3.68839979e-01 6.69161558e-01
    5.46373546e-01 6.97094321e-01 4.00952697e-01 5.04207075e-01
    2.56025016e-01 2.91477382e-01 8.08676779e-01 9.63668823e-01
    9.63505089e-01 4.24814880e-01 7.57682145e-01 6.74852490e-01
    2.09414661e-02 6.51275635e-01 1.42110527e-01 9.59434450e-01
    3.33186418e-01 2.47093707e-01 3.19263399e-01 8.79678965e-01
    3.64737093e-01 4.64271784e-01 6.83248043e-04 2.46273398e-01
    5.15179276e-01 4.28597152e-01 4.64129150e-01 3.91843617e-01
    2.00756729e-01 9.14957047e-01 9.50866103e-01 3.99141043e-01
    1.32461607e-01 7.46773779e-01 7.73854017e-01 5.83094060e-01
    6.31360769e-01 6.33819699e-01 7.72246480e-01 5.28156161e-02
    5.03739715e-03 6.64604127e-01 5.57466030e-01 3.18670452e-01
    7.93801546e-01 6.43171668e-02 8.99577677e-01 3.76820266e-01
    8.80809844e-01 2.94146538e-01 6.53457880e-01 7.81964540e-01
    2.55293846e-02 5.87632060e-01 4.27588403e-01 7.95395315e-01
    6.36196852e-01 8.19722295e-01 4.74113733e-01 9.15341020e-01
    7.75668740e-01 8.18559408e-01 5.66598415e-01 8.71849298e-01
    4.93446767e-01 4.77674097e-01 5.89350760e-02 8.51659596e-01
    2.72549987e-02 3.09522092e-01 4.21439081e-01 7.06070840e-01
    6.54949725e-01 4.57833499e-01 6.16681814e-01 7.70091414e-01
    1.75462574e-01 6.39207602e-01 9.06835139e-01 6.77707136e-01
    5.63483000e-01 1.62488997e-01 1.33593529e-01 5.98832607e-01
    8.51528406e-01 8.64120424e-02 5.53622186e-01 6.25542700e-01
    2.43879616e-01 5.80701530e-02 2.96838164e-01 2.32313484e-01
    1.60406172e-01 6.56596899e-01 2.50338495e-01 6.93466067e-01
    8.42480898e-01 2.99861073e-01 5.57384610e-01 8.28105271e-01
    3.94460559e-01 2.85020888e-01 4.53148395e-01 7.66135752e-01
    5.95509887e-01 8.81345272e-02 4.75208998e-01 3.93451154e-02
    5.22806108e-01 3.77312839e-01 6.64326251e-01 6.66369200e-02
    3.91562283e-02 2.22870976e-01 8.51270199e-01 3.41387987e-01
    4.62414414e-01 7.21080661e-01 4.99103904e-01 1.60090983e-01
    3.07034135e-01 3.03646088e-01 2.04448223e-01 2.61271596e-01
    5.10777056e-01 9.30405617e-01 4.95712668e-01 7.55392432e-01
    1.83196157e-01 5.40325046e-01 2.89906889e-01 4.28977787e-01
    7.85438895e-01 3.37677598e-02 7.16428876e-01 6.97962821e-01
    5.69234192e-01 8.54522407e-01 2.60503024e-01 6.40523493e-01
    6.46495223e-02 5.78597248e-01 2.62385607e-02 3.63360018e-01
    3.98835957e-01 6.82587862e-01 3.23985100e-01 7.33741343e-01
    5.34748375e-01 8.98470998e-01 6.68722928e-01 6.33527517e-01
    6.54588938e-01 3.91696602e-01 8.49496603e-01 3.45765382e-01
    9.94704366e-01 5.15809774e-01 5.90237260e-01 4.63812977e-01
    1.89279199e-01 7.12210178e-01 7.13055849e-01 4.22443330e-01
    5.66161156e-01 6.94303393e-01 1.13634855e-01 8.29877675e-01
    8.36938858e-01 4.23880160e-01 6.63586497e-01 3.59771967e-01
    8.75494719e-01 6.88143849e-01 1.25037998e-01 7.20046639e-01
    3.00371200e-01 5.04527569e-01 7.13424861e-01 9.01133120e-01
    2.63205826e-01 1.22937351e-01 8.75973880e-01 7.75778770e-01
    2.52828240e-01 3.37054968e-01 5.00368476e-02 8.74773026e-01
    7.79198766e-01 1.41037226e-01 7.03788161e-01 5.22539318e-01
    1.98051542e-01 5.17249227e-01 2.40681171e-02 4.69147265e-02
    8.10308754e-02 1.72715515e-01 1.10403031e-01 1.45858437e-01
    9.24058318e-01 8.39076340e-01 8.80239487e-01 4.05808181e-01
    9.84039962e-01 6.47928178e-01 8.81968379e-01 5.28652668e-01
    3.05965602e-01 2.41830230e-01 8.91709447e-01 3.22247207e-01
    4.27015483e-01 9.52120781e-01 5.57607174e-01 7.75294065e-01
    2.96047449e-01 1.70053929e-01 9.19498861e-01 2.31807560e-01
    4.25701082e-01 8.31120014e-01 5.77523887e-01 1.97308660e-02
    3.62913907e-01 8.91663790e-01 2.93074548e-01 3.50926220e-02
    2.41753578e-01 6.63294673e-01 8.46677244e-01 7.99383759e-01
    4.57163155e-02 2.44487971e-01 4.94860739e-01 6.49173677e-01
    9.67299581e-01 8.06074739e-01 3.32223475e-02 1.17377460e-01
    1.54563069e-01 7.34117448e-01 6.32926226e-02 7.30990469e-01
    4.54826295e-01 7.65593648e-01 4.77220118e-01 7.62222707e-02
    9.67828631e-01 3.87165546e-01 5.95130146e-01 7.13925838e-01
    2.33202934e-01 2.68941939e-01 4.13388103e-01 2.83850700e-01
    7.90963650e-01 9.72722292e-01 5.82472324e-01 7.24361777e-01
    2.02337414e-01 2.01626033e-01 6.52605653e-01 7.70886064e-01
    9.47932363e-01 5.03720522e-01 4.08076346e-01 7.31368363e-01
    5.75707316e-01 1.23359382e-01 5.58622301e-01 6.55256510e-01
    9.16636348e-01 5.97619295e-01 9.40208197e-01 3.28598976e-01
    1.20722353e-02 9.63077188e-01 6.14875913e-01 4.16954100e-01
    6.30048931e-01 2.39174187e-01 7.13367641e-01 2.77494252e-01
    5.62420011e-01 9.86093462e-01 1.32674187e-01 6.46170974e-02
    1.16480261e-01 9.60507810e-01 1.76559508e-01 8.65450442e-01
    9.37650919e-01 4.37703043e-01 4.93837565e-01 7.80795753e-01
    8.54167342e-01 3.29456985e-01 2.62690425e-01 2.27606297e-01
    4.92468476e-02 6.79306507e-01 1.60785615e-02 4.96259749e-01
    2.08107799e-01 7.75965929e-01 4.98231947e-02 7.61059105e-01
    7.09695756e-01 2.34387636e-01 1.45004272e-01 4.06874299e-01
    8.44649673e-01 3.47967625e-01 4.06777799e-01 7.75350213e-01
    8.49241257e-01 9.18895960e-01 6.67018890e-01 5.10227144e-01
    5.84665835e-01 6.58777237e-01 1.69204682e-01 3.35120678e-01
    4.79936302e-01 4.72003013e-01 3.07934582e-01 2.29223967e-02
    2.61483580e-01 9.41810489e-01 4.27513361e-01 2.85068214e-01
    5.68068147e-01 5.23888588e-01 3.69934350e-01 7.33455956e-01
    5.31920671e-01 4.21072751e-01 2.04813778e-02 7.77050257e-01
    1.46676928e-01 8.93224657e-01 3.53557944e-01 9.56925631e-01
    5.05060554e-02 6.53116465e-01 9.05069470e-01 7.09588945e-01
    9.69433367e-01 7.57719994e-01 4.59743381e-01 9.61861730e-01
    8.24615598e-01 4.12152380e-01 7.80702114e-01 4.21489120e-01
    3.00564289e-01 8.83689225e-02 1.48522556e-02 8.19106936e-01
    2.62800336e-01 2.53699601e-01 7.24686086e-01 6.43225014e-01
    5.96197367e-01 6.31978214e-01 3.46779644e-01 3.07097197e-01
    1.17624760e-01 7.33816683e-01 4.29781258e-01 6.26018345e-01
    2.25401938e-01 5.90502083e-01 8.66437256e-01 3.22148740e-01
    5.10518432e-01 2.65029967e-02 9.19242024e-01 8.04085851e-01
    7.97955394e-02 8.07505429e-01 4.01643187e-01 8.07972729e-01
    4.51486558e-01 4.14519012e-02 4.64063764e-01 3.94442141e-01
    6.00111783e-02 4.26019222e-01 9.24925804e-01 1.49778247e-01
    3.55652452e-01 1.07457936e-01 2.81672925e-01 2.36841738e-01
    2.78366625e-01 2.59256780e-01 8.51015747e-01 5.61715305e-01
    4.74987328e-02 9.07647908e-02 4.69723016e-01 7.27079332e-01
    7.49877095e-01 2.36139059e-01 4.15286094e-01 1.61605656e-01
    7.55495369e-01 1.37869179e-01 2.29246080e-01 2.86885202e-02
    1.22204155e-01 8.90152454e-01 9.65821862e-01 1.81182981e-01
    4.30404514e-01 2.03067094e-01 8.54304016e-01 1.66688770e-01
    6.03629291e-01 5.30547738e-01 1.17140114e-01 8.24598968e-01
    1.75443739e-01 9.02469277e-01 8.76747966e-01 6.63260221e-01
    1.70002282e-02 1.35725617e-01 2.90060639e-01 8.52768660e-01
    2.27678597e-01 5.10702312e-01 5.79559922e-01 6.80009544e-01
    2.44223416e-01 9.92836714e-01 5.38038254e-01 4.33282435e-01
    2.38409251e-01 4.29316819e-01 2.16999352e-02 2.46267676e-01
    6.44351602e-01 9.64989662e-01 7.56482124e-01 3.83204132e-01
    4.06434238e-02 8.23522449e-01 6.27451956e-01 2.44128108e-01
    8.72119308e-01 7.14973509e-02 2.16569692e-01 6.60116076e-02
    2.53136277e-01 2.38960326e-01 7.89168596e-01 2.50762403e-02
    1.18632704e-01 4.01084006e-01 3.86720538e-01 1.24042869e-01
    2.36878604e-01 1.79668933e-01 1.24086440e-01 6.09364748e-01
    7.95251250e-01 7.73888707e-01 8.93618226e-01 7.74900794e-01
    2.25808620e-01 3.55539620e-01 8.86272788e-01 8.87003779e-01
    5.47116518e-01 9.42668617e-02 7.70682693e-01 2.79536068e-01
    8.77883911e-01 7.59883285e-01 3.99850130e-01 1.54447436e-01
    4.72037107e-01 7.73757041e-01 7.99179256e-01 8.64988863e-01
    7.54779458e-01 1.09916359e-01 6.83304250e-01 9.76952553e-01
    6.76089346e-01 7.41805613e-01 9.91777241e-01 2.79824436e-02
    7.76320696e-03 5.33459008e-01 4.61430490e-01 1.41725868e-01
    6.45377517e-01 6.22468889e-02 6.29121661e-01 7.85622239e-01
    1.28596991e-01 3.67668331e-01 1.80415571e-01 5.68886995e-02
    3.64409804e-01 8.54881406e-01 3.23355556e-01 3.32435489e-01
    6.64303362e-01 5.79418063e-01 4.36287820e-01 4.09148335e-01
    1.17178410e-01 4.91574347e-01 3.33371371e-01 2.92640626e-01
    4.16749150e-01 8.06764483e-01 9.63038087e-01 7.10375547e-01
    1.25965983e-01 3.08979213e-01 4.24648702e-01 7.39098072e-01
    7.16322064e-01 2.49207467e-01 5.97227871e-01 9.40070868e-01
    9.68176365e-01 3.03327709e-01 2.04412550e-01 3.97756696e-02
    6.21367991e-01 4.66820061e-01 1.33608192e-01 5.63174784e-01
    6.95549428e-01 4.82907891e-02 9.43098068e-01 3.11691642e-01
    3.67965102e-02 6.92385077e-01 7.41299808e-01 1.02378309e-01
    3.54728103e-01 1.41776890e-01 2.50162899e-01 1.75300658e-01
    6.98498011e-01 9.84652638e-01 3.42545807e-02 5.86564541e-01
    4.67044055e-01 6.28936470e-01 7.76679277e-01 3.07614863e-01
    1.25840604e-02 5.44178486e-03 1.39425963e-01 6.03833377e-01
    8.81559074e-01 1.79919243e-01 5.96582353e-01 6.73822999e-01
    3.85829926e-01 4.63806421e-01 6.93282247e-01 2.23789215e-01
    6.61065757e-01 1.89308792e-01 9.90769267e-01 3.92708808e-01
    5.78404844e-01 3.20466161e-01 2.86455065e-01 6.74714029e-01
    1.70343310e-01 9.84849989e-01 4.30313945e-01 9.89580870e-01
    5.07408381e-03 7.00645268e-01 2.43396789e-01 4.37152773e-01
    9.01276946e-01 6.17497325e-01 6.59375906e-01 8.10875714e-01
    5.50220907e-02 9.64495242e-02 7.93988109e-01 6.43493235e-02
    8.16416383e-01 8.50591898e-01 4.16710109e-01 1.65898770e-01
    8.77307296e-01 8.66338253e-01 4.21939611e-01 1.15052164e-01
    1.48265690e-01 4.18512821e-02 6.17435575e-03 5.08057535e-01
    3.34376931e-01 6.19054675e-01 7.42842972e-01 7.98391104e-01
    9.03254151e-02 3.11646760e-01 9.76623893e-01 8.75831962e-01
    2.18991637e-02 1.16495878e-01 3.65622044e-01 9.13797021e-01
    9.50342178e-01 8.91133666e-01 9.61630106e-01 4.16108489e-01
    9.22102332e-01 7.87421227e-01 6.27797604e-01 9.79303718e-02
    1.53364807e-01 9.27588582e-01 9.67015505e-01 8.13099980e-01
    6.19540691e-01 8.73799443e-01 1.71794593e-02 3.94363403e-02
    1.89461678e-01 9.18661833e-01 2.84833848e-01 7.67115474e-01
    4.68538702e-01 8.98233175e-01 6.02809012e-01 8.82091343e-01
    8.98265243e-01 1.53408676e-01 7.90196061e-01 9.12256241e-01
    2.29261160e-01 8.18025589e-01 5.72834134e-01 9.00533557e-01
    8.33247125e-01 7.98925817e-01 4.51278687e-02 9.91296172e-02
    7.65656233e-01 2.39897072e-02 3.23207378e-01 3.12534750e-01
    6.26227498e-01 4.71004099e-01 5.96573234e-01 5.54386556e-01
    1.95696920e-01 1.00315303e-01 7.86463499e-01 4.63710755e-01
    4.63833213e-01 8.85540128e-01 2.22465634e-01 5.33626378e-01
    7.32396543e-01 5.50010979e-01 6.77791715e-01 1.72563851e-01
    1.13833427e-01 7.33354449e-01 1.27793103e-01 1.11734897e-01
    1.69043899e-01 1.91740364e-01 1.94180459e-01 1.83769733e-01
    3.35971802e-01 1.40227467e-01 5.59182405e-01 1.75221950e-01
    6.70404673e-01 5.02648413e-01 6.48787737e-01 3.06065053e-01
    4.85877633e-01 4.28966731e-01 8.92004251e-01 1.30935699e-01
    1.10279739e-01 2.53196955e-02 3.47877085e-01 9.51886415e-01
    7.73668051e-01 1.07093871e-01 9.51835155e-01 2.07564920e-01
    5.14234602e-01 9.10374522e-03 4.61649716e-01 5.36962450e-01
    2.61543989e-01 4.80101258e-01 3.43902588e-01 2.39823461e-01
    2.93287277e-01 8.02288115e-01 1.00025415e-01 2.67727971e-01
    7.06906199e-01 7.46720672e-01 2.57296860e-01 4.09946650e-01
    8.44374537e-01 5.87452054e-01 6.09391928e-01 5.42786598e-01
    4.16891366e-01 8.34784627e-01 9.94532585e-01 5.47260761e-01
    2.79422849e-01 8.18115711e-01 8.54114294e-01 6.11316562e-02
    2.63083756e-01 5.16898572e-01 3.32927495e-01 6.15662336e-01
    6.09619677e-01 9.40595627e-01 4.68352437e-01 2.83953846e-02
    4.83435631e-01 8.77377093e-02 6.93536222e-01 2.99549520e-01
    9.69812751e-01 5.48071921e-01 2.45214671e-01 2.96558559e-01
    5.16440868e-02 5.34366190e-01 1.98974520e-01 5.56803048e-02
    4.12379086e-01 5.56943119e-01 1.65486902e-01 6.09403372e-01
    7.01008737e-02 8.23721647e-01 4.20352459e-01 6.95937455e-01
    2.71029472e-01 9.70430732e-01 3.51586998e-01 7.83208966e-01
    4.96486098e-01 8.36854339e-01 3.66814375e-01 7.03419864e-01
    5.75074673e-01 4.73391742e-01 5.91228724e-01 6.62398875e-01
    8.39503109e-02 2.79107034e-01 4.62869555e-01 6.75035238e-01
    7.45143712e-01 8.90230715e-01 4.04676020e-01 6.49219334e-01
    2.42422014e-01 9.95101929e-01 4.01640415e-01 2.26833224e-02
    2.39115268e-01 6.97992980e-01 1.81840509e-01 9.27030563e-01
    6.56782985e-02 9.43438768e-01 2.77817011e-01 9.29809213e-01
    3.13228071e-01 3.85041118e-01 9.45947766e-01 5.73114455e-01
    5.98247051e-01 8.69120836e-01 3.74068916e-02 7.40741372e-01
    3.56817901e-01 4.62486356e-01 2.60123253e-01 7.34830201e-01
    2.99054474e-01 5.57092547e-01 3.20726544e-01 2.01295823e-01
    7.02786386e-01 5.96442997e-01 8.25535655e-01 6.91041827e-01
    8.73644710e-01 3.01423967e-02 5.11123538e-01 5.16465187e-01
    7.82837272e-01 3.17921489e-01 2.15334564e-01 4.36867952e-01
    8.74094844e-01 2.94808149e-02 8.85123849e-01 4.56617475e-02
    1.00862652e-01 3.03193927e-03 4.91008878e-01 8.59253347e-01
    4.50750053e-01 5.91365814e-01 4.03074503e-01 6.42597973e-01
    2.99719989e-01 8.55969429e-01 1.47334337e-02 2.64454544e-01
    1.65465802e-01 6.43331409e-01 3.02657276e-01 7.07614183e-01
    8.35051596e-01 1.20737344e-01 5.42513192e-01 1.19157076e-01
    2.68106937e-01 6.34439826e-01 3.81597638e-01 4.52827513e-02
    6.10751331e-01 2.67969310e-01 9.35702860e-01 4.14821148e-01
    2.76314944e-01 5.27118623e-01 6.26449823e-01 7.94710815e-01
    4.85018760e-01 4.31395650e-01 2.51791418e-01 1.56308770e-01
    1.43336922e-01 2.28187531e-01 1.19556695e-01 5.45603037e-01
    9.84398246e-01 9.85527337e-01 6.68106139e-01 8.03917766e-01
    4.76475060e-01 6.57632530e-01 6.60168886e-01 2.12229192e-02
    8.04805756e-03 1.32529765e-01 3.21438432e-01 4.21561211e-01
    9.98300791e-01 1.54467404e-01 2.11340398e-01 9.60074902e-01
    1.54604465e-01 1.78498268e-01 5.35006702e-01 2.83949673e-02
    9.35300052e-01 7.47009277e-01 2.32610017e-01 8.36026669e-03
    9.89500284e-01 8.04369092e-01 4.07338858e-01 4.36948895e-01
    5.66864014e-03 4.78527874e-01 6.74839914e-02 3.00717056e-02
    7.66389966e-01 5.23253798e-01 8.42573762e-01 8.75729084e-01
    4.09948289e-01 1.02852881e-02 1.49241000e-01 6.51732326e-01
    6.63380504e-01 6.45313680e-01 5.97836435e-01 6.13148749e-01
    5.44776559e-01 6.26824021e-01 6.39872968e-01 4.19998825e-01
    3.26645821e-01 5.30503988e-01 1.97347701e-01 8.32475901e-01
    4.18278396e-01 9.17553663e-01 6.13902688e-01 5.36815882e-01
    1.56233907e-01 7.28717029e-01 4.56899226e-01 9.97849405e-01
    9.57866669e-01 3.47017080e-01 4.41356391e-01 3.41998041e-01
    5.72952151e-01 4.50485200e-01 5.03690898e-01 6.20423615e-01
    7.99697995e-01 7.13167667e-01 9.26021218e-01 1.58568531e-01
    7.54364014e-01 4.98478711e-01 6.10970140e-01 9.66096461e-01
    1.09723270e-01 5.57951033e-01 2.70325303e-01 2.97774106e-01
    3.34658772e-01 7.91930497e-01 5.70890546e-01 3.36553425e-01
    7.96298981e-01 3.36064517e-01 5.80904603e-01 8.16814899e-02
    2.95343399e-02 5.57482839e-01 1.33088678e-01 5.84769130e-01
    6.91286922e-01 9.70147729e-01 2.56544471e-01 2.59865999e-01
    6.60779178e-01 5.26300550e-01 1.41192973e-02 3.24376673e-01
    1.78579479e-01 6.98010623e-01 9.31018829e-01 4.05904293e-01
    6.61018789e-01 8.27233016e-01 6.20590210e-01 6.27571702e-01
    5.84200025e-02 8.05230916e-01 6.24660015e-01 1.91117555e-01
    9.25847471e-01 2.43237674e-01 2.21171826e-01 3.02523792e-01
    2.78437436e-02 4.95068908e-01 8.34037364e-01 9.72020030e-01
    1.30550772e-01 6.41525388e-02 4.61676002e-01 9.35548246e-01
    9.22371149e-01 2.64744729e-01 1.75949126e-01 1.96421236e-01
    2.96443939e-01 5.85429728e-01 1.77334279e-01 2.37145782e-01
    9.38910604e-01 8.32243443e-01 7.21614659e-01 4.56792414e-01
    6.77206933e-01 6.17865622e-01 3.29272509e-01 4.53244179e-01
    3.14548135e-01 7.82842994e-01 8.12386870e-02 2.53256440e-01
    4.84568030e-01 9.73829269e-01 8.03451180e-01 9.10266399e-01
    3.50674093e-01 1.35285258e-02 3.81507874e-01 5.83049417e-01
    9.77808714e-01 5.15057862e-01 2.18234062e-01 2.51818001e-01
    5.30827701e-01 5.34246385e-01 9.17099595e-01 1.64223850e-01
    4.17392880e-01 5.73608696e-01 9.57539558e-01 8.97872508e-01
    7.90404201e-01 2.71194875e-02 6.52673960e-01 6.58447504e-01
    5.79335809e-01 7.98992872e-01 5.69811344e-01 2.98065186e-01
    8.62489939e-01 9.15158749e-01 5.82621038e-01 5.31109154e-01
    8.00748348e-01 3.74177903e-01 8.43821347e-01 6.82489514e-01
    8.41903925e-01 8.38541508e-01 7.04761684e-01 8.75923812e-01
    7.45488644e-01 1.52664810e-01 5.91298163e-01 8.03759992e-02
    4.78165448e-01 3.95567685e-01 6.60163105e-01 7.79027343e-01
    8.27054143e-01 7.59363174e-01 2.67771482e-01 6.71272278e-01
    6.03141129e-01 4.40009564e-01 1.91739559e-01 8.70675445e-01
    8.60305130e-01 1.15382165e-01 3.48070860e-01 2.78182983e-01
    6.77245736e-01 5.17038107e-01 9.24199224e-01 2.39002496e-01
    6.81656837e-01 8.23686242e-01 6.31875336e-01 4.97939289e-02
    9.56445217e-01 4.25978422e-01 1.57867849e-01 9.63779390e-02
    4.00359571e-01 9.72377479e-01 1.12463325e-01 3.91634643e-01
    6.66548371e-01 8.63578796e-01 6.69415712e-01 6.91239119e-01
    2.64407724e-01 3.56063426e-01 6.96452320e-01 1.43519670e-01
    8.91613960e-02 5.61948121e-01 3.33917797e-01 3.09025586e-01
    1.08881533e-01 6.69408500e-01 9.72919464e-01 8.47993374e-01
    6.76201940e-01 6.13742292e-01 5.73182106e-01 5.80951273e-01
    1.86306983e-01 3.95836234e-01 2.03580350e-01 7.96400070e-01
    6.57277048e-01 2.23436862e-01 1.21372968e-01 6.51041389e-01
    5.77946246e-01 4.34461296e-01 4.09465164e-01 7.52367973e-02
    5.62185049e-03 8.20440054e-01 5.23640335e-01 4.95400608e-01
    7.22984791e-01 2.52926350e-03 3.43771815e-01 7.15785980e-01
    7.29097307e-01 8.52554739e-02 1.80012524e-01 6.30996525e-01
    4.94393378e-01 2.18323767e-01 8.17355633e-01 4.21842724e-01
    2.51233935e-01 2.36563206e-01 4.02822107e-01 6.94179416e-01
    2.04115093e-01 9.57519352e-01 1.77525550e-01 2.51816660e-01
    1.63838238e-01 7.39846230e-01 3.69326472e-01 2.90052295e-01
    9.32746828e-01 5.03563941e-01 3.27445209e-01 5.16288400e-01
    2.66948044e-02 9.59880710e-01 8.69685411e-03 3.76236528e-01
    2.49753058e-01 2.34974205e-01 9.85117793e-01 8.62305045e-01
    2.40926683e-01 9.58572149e-01 7.83542216e-01 7.20340133e-01
    2.05685228e-01 5.17376900e-01 9.58088934e-02 7.43238509e-01
    6.08857870e-01 9.13099706e-01 7.29593873e-01 5.54752648e-01
    9.01076317e-01 8.96872222e-01 7.01653719e-01 8.86376381e-01
    9.87366080e-01 1.51301205e-01 9.10126746e-01 1.12512708e-03
    5.70588410e-01 7.29996204e-01 8.91249299e-01 7.66509771e-02
    2.38424003e-01 9.41755176e-01 1.70830309e-01 9.35451269e-01
    8.75230193e-01 1.05008483e-01 7.60256350e-01 4.42816824e-01
    7.71583736e-01 6.60468817e-01 3.83408874e-01 5.92395425e-01
    1.92745119e-01 5.73810399e-01 3.88630956e-01 2.49361992e-01
    8.60888600e-01 4.09413755e-01 8.70237470e-01 1.47942603e-01
    9.02657866e-01 3.29419076e-01 6.78868771e-01 6.96533799e-01
    2.01744288e-01 2.29343116e-01 7.37272322e-01 7.45535970e-01
    6.50177121e-01 6.70939624e-01 9.10289288e-01 9.63361204e-01
    2.30704337e-01 3.06989729e-01 9.96601820e-01 3.12745571e-01
    1.19228393e-01 2.15126604e-01 5.01878858e-01 9.25336719e-01
    3.61387849e-01 2.17429847e-01 2.32897818e-01 8.56798887e-02
    5.27070761e-01 5.50895214e-01 8.93617570e-02 4.02879953e-01
    2.80141830e-03 6.57533944e-01 5.41762054e-01 7.12919354e-01
    6.20910823e-02 3.06096971e-02 4.91503179e-01 1.21898592e-01
    6.87929153e-01 3.69760811e-01 4.44243997e-01 6.21596396e-01
    1.17097199e-02 5.25109351e-01 5.86866438e-02 2.44220734e-01
    7.17899203e-03 5.43848872e-02 8.48884583e-02 5.04476786e-01
    8.49867821e-01 9.60815191e-01 7.85880685e-01 5.22960186e-01
    4.95860815e-01 8.11376214e-01 1.84102237e-01 2.58678615e-01
    5.68810701e-01 1.01068854e-01 3.71596217e-01 1.33284032e-01
    5.05829155e-01 7.70917535e-01 4.78453696e-01 4.82814014e-01
    4.01385337e-01 7.49710023e-01 3.37161899e-01 9.79446769e-01
    3.78920019e-01 7.09810793e-01 9.83667850e-01 8.69704485e-01
    7.18725860e-01 3.72989058e-01 9.17167783e-01 9.37491775e-01
    8.94730747e-01 2.80044377e-02 5.52433193e-01 4.68841285e-01
    7.47511148e-01 1.30235165e-01 2.33056307e-01 8.06021988e-01
    4.92311269e-01 1.73169971e-01 9.79616880e-01 9.77319479e-01
    7.41754115e-01 2.30727732e-01 3.37608337e-01 5.81131876e-01
    3.26052666e-01 2.83211052e-01 2.60365665e-01 5.41434109e-01
    6.12913966e-01 3.55817318e-01 6.11598313e-01 2.15362459e-01
    7.21238911e-01 1.08299553e-01 4.54249293e-01 9.48671639e-01
    1.51555032e-01 4.51102108e-01 4.12778378e-01 9.18603897e-01
    6.77946806e-01 1.64849341e-01 9.75956440e-01 8.35078835e-01
    7.46398985e-01 9.99691427e-01 7.06998587e-01 5.79997778e-01
    6.86930180e-01 1.35783523e-01 8.50653529e-01 5.64237177e-01
    7.91310251e-01 1.25390410e-01 7.85119176e-01 1.59037113e-01
    4.38718975e-01 5.26172817e-01 2.99272537e-02 2.92634726e-01
    4.55517262e-01 9.12394524e-01 4.36415970e-01 9.00354028e-01
    8.81180048e-01 8.86247158e-01 8.04791927e-01 3.60597014e-01
    6.66532755e-01 4.40829813e-01 4.57641602e-01 1.84291899e-01
    1.89670384e-01 2.30952173e-01 3.40440094e-01 4.10416186e-01
    9.78878975e-01 8.87515128e-01 6.56222820e-01 4.11955655e-01
    1.83234870e-01 2.99259096e-01 3.83160621e-01 9.68107879e-01
    6.25230551e-01 7.27293968e-01 4.67596501e-01 8.44114900e-01
    9.29384351e-01 3.56133729e-01 7.54074872e-01 4.35903430e-01
    8.94552648e-01 3.94470960e-01 4.23829854e-02 5.81065416e-01
    4.42751527e-01 6.18456125e-01 5.46940327e-01 1.53830409e-01
    4.46697474e-02 7.14910328e-01 2.34549373e-01 5.11329114e-01
    5.54132104e-01 9.34684098e-01 5.21955490e-02 8.13285470e-01
    5.83910167e-01 7.53660202e-01 4.30422574e-01 5.57257831e-02
    4.38276261e-01 3.99333805e-01 1.17309839e-01 8.56104195e-02
    4.67333645e-01 4.67662781e-01 5.12161255e-02 4.80457842e-02
    5.07780731e-01 2.57926464e-01 1.72586858e-01 8.27957869e-01
    6.67958379e-01 5.96814394e-01 2.85863608e-01 6.55118704e-01
    4.93619412e-01 9.12298262e-02 7.76845515e-01 8.12687516e-01
    6.86614513e-02 9.10681963e-01 7.54924059e-01 9.65672612e-01
    6.84488773e-01 2.46303648e-01 7.46949196e-01 3.99058759e-02
    8.59494805e-01 1.82156831e-01 3.66795063e-01 5.73329866e-01
    4.89307612e-01 3.00283968e-01 8.50342393e-01 6.80742443e-01
    5.73612869e-01 6.05827391e-01 4.03251350e-01 6.04051948e-01
    9.23109233e-01 3.70029479e-01 1.46699131e-01 6.71481729e-01
    4.21511501e-01 1.98595524e-01 8.83844376e-01 1.80681467e-01
    7.30179071e-01 2.27087319e-01 1.80175662e-01 6.13403976e-01
    1.72917098e-01 6.94874883e-01 4.94166315e-01 9.69251394e-01
    6.37654662e-02 6.64110184e-01 5.27693033e-01 9.26626801e-01
    8.55142832e-01 5.63772082e-01 9.73035812e-01 2.81093717e-01
    6.57971799e-02 6.19409621e-01 6.67142153e-01 4.19629753e-01
    6.26754165e-02 4.45651084e-01 2.61701494e-01 5.95494092e-01
    1.26070678e-02 7.08706260e-01 5.02414405e-01 7.38242686e-01
    7.15691268e-01 2.72987127e-01 3.60049129e-01 9.21049833e-01
    5.30577421e-01 8.21066380e-01 2.25737602e-01 5.91637373e-01
    9.37319875e-01 7.30601668e-01 3.29944372e-01 2.61581302e-01
    6.11836135e-01 7.94582248e-01 8.08223367e-01 5.55831492e-01
    8.69474590e-01 2.26918548e-01 7.37934351e-01 8.89540553e-01
    7.72122383e-01 6.38050735e-02 5.78299165e-03 5.72774053e-01
    7.99627244e-01 3.64854336e-01 7.57387757e-01 8.51200700e-01
    5.76954544e-01 3.74147683e-01 9.39672828e-01 2.79509574e-01
    3.73689711e-01 7.55854368e-01 6.12504482e-02 1.88919425e-01
    6.55795753e-01 5.65502048e-03 8.71418118e-01 4.12439406e-01
    8.32019806e-01 2.57819027e-01 6.34633124e-01 1.42546982e-01
    7.27164924e-01 1.15807116e-01 3.65819216e-01 7.17812061e-01
    6.99209094e-01 3.78751695e-01 4.72844511e-01 1.69271559e-01
    9.66922760e-01 8.01080406e-01 3.56142104e-01 8.44784498e-01
    7.15651631e-01 1.98245347e-02 3.65132928e-01 7.64392614e-01
    6.02413118e-01 1.02224290e-01 9.24290061e-01 9.73403692e-01
    6.91788793e-01 5.18613994e-01 3.35051656e-01 9.48849916e-02
    9.89615679e-01 1.59304082e-01 6.28715634e-01 8.27978075e-01
    4.09080029e-01 5.56680083e-01 8.18021894e-01 4.84274894e-01
    4.18630242e-02 2.90547699e-01 8.86036277e-01 6.89532161e-01
    3.50132167e-01 6.37027621e-01 8.39072108e-01 8.98145795e-01
    6.27539158e-02 4.00428712e-01 7.37573385e-01 8.32662880e-01
    1.33165270e-01 2.37980485e-01 3.84304613e-01 9.77485299e-01
    7.86166728e-01 3.08829963e-01 5.46546102e-01 6.22300506e-01
    1.89510316e-01 4.07060772e-01 3.37580025e-01 8.65885377e-01
    7.73045838e-01 3.05217206e-02 2.92039067e-01 4.40491289e-01
    7.31234908e-01 1.60391510e-01 9.85322118e-01 7.00936139e-01
    9.01207030e-01 8.86909187e-01 2.18173116e-01 2.83581108e-01
    8.97045732e-01 9.42297578e-02 1.27337635e-01 8.43242645e-01
    5.11080325e-01 3.56078446e-02 4.46989298e-01 3.37015778e-01
    9.83811021e-01 1.32192850e-01 1.36158854e-01 3.59388113e-01
    3.97719771e-01 6.00173831e-01 6.84322000e-01 9.10145402e-01
    7.15530992e-01 8.48398507e-02 4.06116247e-01 4.14572477e-01
    4.82301742e-01 3.30843210e-01 8.45128179e-01 8.38266969e-01
    4.53397244e-01 8.40046525e-01 5.25912642e-02 6.61064684e-01
    5.29339910e-02 5.49169123e-01 9.36543584e-01 4.93338704e-01
    4.51576710e-01 2.67136514e-01 6.07486904e-01 4.08716381e-01
    6.75352454e-01 6.27289295e-01 5.33817112e-02 3.40554297e-01
    6.48670375e-01 3.14544588e-01 9.65974927e-01 1.97342813e-01
    4.36344862e-01 2.38858372e-01 4.48581576e-02 7.49206543e-01
    5.95416844e-01 7.25020170e-02 4.52418059e-01 1.40258998e-01
    3.21350902e-01 4.58437890e-01 9.16693807e-01 7.03604162e-01
    1.57099545e-01 6.45398498e-01 6.27111554e-01 5.45194566e-01
    7.57541895e-01 9.32835460e-01 6.02394521e-01 7.06649780e-01
    8.44405293e-01 5.21540701e-01 7.77107060e-01 1.45853609e-01
    6.06754422e-01 3.23598772e-01 4.13604170e-01 8.44956934e-01
    1.52438432e-01 5.57305753e-01 7.68662572e-01 7.14668095e-01
    9.15636659e-01 3.33796740e-02 9.89577055e-01 3.17196846e-01
    9.98755097e-02 3.14434737e-01 2.79543221e-01 8.41881275e-01
    2.65058517e-01 8.55167747e-01 6.64043903e-01 5.96349180e-01
    5.11991560e-01 2.88318694e-02 6.15121484e-01 9.42949712e-01
    2.42156923e-01 8.15255880e-01 3.01730812e-01 1.45611465e-02
    3.90909970e-01 1.59481764e-01 2.19110101e-01 8.07119131e-01
    4.45559651e-01 7.63906956e-01 8.36421251e-01 7.71383047e-01
    7.17622817e-01 1.90321743e-01 9.98493850e-01 7.12072015e-01
    6.42973304e-01 6.78987205e-01 2.35258520e-01 3.56578827e-01
    2.52082884e-01 2.96001256e-01 4.65342522e-01 7.87842095e-01
    8.56646538e-01 6.47222102e-01 3.27175736e-01 3.54007483e-01
    3.61483991e-01 2.33244926e-01 1.22609347e-01 4.87435400e-01
    3.76574457e-01 5.61078489e-02 7.69787133e-02 7.62012601e-01
    6.98948443e-01 4.94350523e-01 6.20308578e-01 8.55829358e-01
    9.37800109e-01 6.38513327e-01 2.13001668e-01 4.61096436e-01
    4.93001342e-01 5.76033831e-01 7.87690759e-01 8.09116423e-01
    2.63610601e-01 4.88081753e-01 5.70341647e-02 6.40518785e-01
    6.41664147e-01 4.55718547e-01 2.91693926e-01 6.42013490e-01
    7.83737779e-01 5.63667238e-01 3.98276120e-01 6.09910190e-01
    3.47757131e-01 4.57377493e-01 5.62088490e-01 1.97026193e-01
    7.67776847e-01 6.82288647e-01 2.51249194e-01 2.70337582e-01
    2.51916736e-01 8.60778809e-01 7.52177358e-01 2.68245339e-02
    6.75540447e-01 7.46112287e-01 2.26487100e-01 3.29760224e-01
    1.61251098e-01 2.49327958e-01 3.80425572e-01 3.45822871e-01
    9.92770076e-01 1.23715043e-01 8.14896822e-01 9.81292129e-01
    3.92451435e-01 2.89839745e-01 1.44604802e-01 1.95196331e-01
    9.20757234e-01 3.91409755e-01 9.63614643e-01 6.35370314e-01
    9.01027024e-01 9.05584931e-01 6.30080104e-01 3.31536412e-01
    4.50487643e-01 3.62159610e-01 9.56038535e-01 8.63955259e-01
    1.29940420e-01 6.97821975e-01 3.63545328e-01 7.62405515e-01
    1.37555003e-02 5.68965912e-01 7.18410790e-01 6.33179307e-01
    5.30341804e-01 3.96756411e-01 6.08422577e-01 6.79432213e-01
    3.02952647e-01 1.41372234e-01 2.68076360e-02 1.91387862e-01
    5.35923541e-02 6.80590630e-01 9.06876028e-01 2.97535062e-02
    2.56726325e-01 3.16279829e-02 6.11404479e-01 1.72829568e-01
    3.25969815e-01 1.98223650e-01 1.64840996e-01 8.77683759e-01
    2.53086329e-01 2.89493144e-01 7.94909000e-01 7.87137151e-02
    3.72790813e-01 6.68534636e-03 4.83781129e-01 1.56789660e-01
    7.41672575e-01 9.24767315e-01 1.05218321e-01 5.64145803e-01
    9.11991417e-01 5.05511880e-01 8.30307782e-01 8.13921213e-01
    9.87528801e-01 9.86039162e-01 3.73509526e-02 4.75522697e-01
    8.32876205e-01 6.02982283e-01 6.64912343e-01 5.30194998e-01
    3.93464357e-01 5.61017454e-01 1.91953212e-01 3.16708416e-01
    3.26175034e-01 7.84417510e-01 7.00161576e-01 8.65868032e-01
    8.92576814e-01 9.82671022e-01 4.95158046e-01 4.79139268e-01
    5.63405931e-01 3.01905572e-01 2.33959109e-01 7.76023507e-01
    9.87408161e-01 9.45580244e-01 9.05723572e-02 9.78925467e-01
    4.64964837e-01 1.08208865e-01 8.98738980e-01 9.45944786e-01
    4.50081080e-01 2.26184547e-01 5.63278973e-01 5.03947794e-01
    4.86585855e-01 6.61729336e-01 8.80157232e-01 9.95223880e-01
    6.67197704e-02 9.86513853e-01 9.99920368e-02 7.89597273e-01
    6.94847941e-01 5.96682549e-01 1.56847477e-01 3.59747291e-01
    2.42377818e-01 1.15313530e-01 8.14102173e-01 7.52990067e-01
    4.97898430e-01 1.72620863e-01 2.87009776e-01 8.37348580e-01
    1.76919401e-01 2.99613982e-01 6.46619916e-01 3.25554669e-01
    8.50153804e-01 8.58507991e-01 1.38862818e-01 5.73485732e-01
    8.17165554e-01 4.60180640e-03 7.88919210e-01 6.94833875e-01
    9.18322802e-01 7.36307740e-01 9.39295053e-01 2.92417407e-03
    6.35608017e-01 6.58960700e-01 2.89463580e-01 5.25839627e-01
    6.83250308e-01 6.01281881e-01 1.78453535e-01 3.22327137e-01
    5.59635520e-01 4.63063121e-01 9.52012181e-01 8.82465541e-02
    5.27559996e-01 3.80806774e-01 5.95813811e-01 7.34718084e-01
    8.76298904e-01 6.19479179e-01 1.93444282e-01 4.90183920e-01
    3.70824933e-02 1.47312731e-01 8.63699615e-01 1.23071581e-01
    2.75310755e-01 5.06221414e-01 2.46847272e-01 4.00264472e-01
    4.89861429e-01 6.92101359e-01 7.29080498e-01 6.01081133e-01
    3.50603223e-01 4.02917653e-01 5.94395578e-01 5.14803946e-01
    5.66086829e-01 5.65564573e-01 3.14563960e-01 7.51343966e-01
    5.41740119e-01 2.59966254e-01 8.01899791e-01 2.57140875e-01
    7.84086347e-01 3.00748140e-01 1.78171605e-01 3.74211967e-01
    7.75283217e-01 5.41965902e-01 1.52230322e-01 2.96508878e-01
    6.65931404e-02 6.04650199e-01 2.90880382e-01 6.81829453e-01
    4.52114761e-01 3.69304895e-01 1.96339637e-01 3.31716746e-01
    4.93153602e-01 2.60286152e-01 3.18195164e-01 7.69174516e-01
    2.25089729e-01 3.80166173e-01 5.31522870e-01 1.41649604e-01
    5.69682360e-01 3.30009460e-01 9.45067883e-01 1.90870702e-01
    3.26343179e-01 6.71475351e-01 8.59721720e-01 3.35190594e-01
    8.04818749e-01 5.49955070e-01 4.95230287e-01 1.56078368e-01
    7.46931791e-01 2.23796695e-01 7.28283942e-01 2.10842490e-03
    4.67825502e-01 2.27858305e-01 5.75540841e-01 3.77922297e-01
    3.83391201e-01 6.00036919e-01 2.27319270e-01 1.55126333e-01
    6.45758927e-01 8.33866358e-01 1.35846436e-01 7.35861659e-01
    8.31734478e-01 4.35216844e-01 5.35710096e-01 5.34754574e-01
    4.27070379e-01 5.09527326e-02 1.74112201e-01 2.66969919e-01
    4.06346858e-01 9.36859131e-01 6.23763800e-01 3.02209109e-01
    8.25099587e-01 6.55240595e-01 7.91972876e-01 7.47866273e-01
    1.25540435e-01 8.72506618e-01 7.09870696e-01 5.21284699e-01
    8.83160233e-01 4.23231512e-01 2.69162953e-01 1.70332491e-02
    9.54993248e-01 3.42222095e-01 5.77843547e-01 5.14976382e-01
    2.95830101e-01 9.66212511e-01 3.16958249e-01 7.92072177e-01
    9.88263845e-01 9.67706501e-01 6.28187776e-01 8.57277036e-01
    4.44419473e-01 8.91955733e-01 9.54864621e-01 4.31834280e-01
    3.46494675e-01 2.52437532e-01 2.61890382e-01 2.49298275e-01
    8.38301182e-01 6.34303391e-02 3.78203273e-01 2.17730492e-01
    1.68653339e-01 2.88280100e-01 6.70076728e-01 9.52641368e-01
    6.62439764e-02 7.38492906e-02 1.32364601e-01 5.75381517e-01
    8.00639391e-01 3.38986069e-01 6.63324893e-02 5.97446740e-01
    9.65498328e-01 1.33836776e-01 3.37916136e-01 7.54491150e-01
    2.66694248e-01 6.15787506e-03 8.09538662e-02 8.63515258e-01
    1.27716988e-01 1.06977880e-01 7.59394109e-01 5.31388342e-01
    8.75628710e-01 5.35767496e-01 9.22222972e-01 5.79116344e-02
    4.19616908e-01 7.17344105e-01 5.32243133e-01 6.49494767e-01
    1.87284648e-01 8.02761555e-01 9.98695493e-01 2.29450285e-01
    2.19961941e-01 7.05042958e-01 4.21751857e-01 6.15600348e-02
    1.06157631e-01 3.65685225e-02 7.09689260e-02 5.06088734e-01
    4.25129086e-01 5.63028932e-01 9.05189812e-01 4.43136454e-01
    7.85275459e-01 9.32315826e-01 8.90065551e-01 3.81970465e-01
    8.19968462e-01 4.10133719e-01 9.52435017e-01 3.95803839e-01
    1.00663632e-01 1.64961785e-01 9.77833331e-01 1.26216263e-01
    4.72902268e-01 6.09997809e-01 2.46006191e-01 3.96474540e-01
    7.43926644e-01 9.24379826e-01 9.73945022e-01 9.89943624e-01
    7.57558823e-01 2.03765631e-02 7.21632004e-01 6.63326323e-01
    8.54165435e-01 8.15420747e-02 6.59976065e-01 3.96607816e-01
    7.59114027e-01 9.25506473e-01 3.40427160e-02 8.41316283e-01
    2.85685241e-01 1.17387563e-01 8.52279305e-01 1.32613957e-01
    7.92605996e-01 3.32635283e-01 9.39108372e-01 6.91434205e-01
    6.94057465e-01 3.39136153e-01 9.91722643e-02 7.85483956e-01
    7.18936026e-01 4.04323876e-01 4.51942891e-01 4.03160334e-01
    5.44408798e-01 9.09861684e-01 2.54096627e-01 8.33868146e-01
    8.75355363e-01 4.33843732e-01 1.99576616e-01 8.97505283e-01
    1.39910132e-01 5.21092713e-01 1.57589346e-01 4.05153632e-01
    5.12833595e-01 1.20173305e-01 9.32278514e-01 5.10930419e-01
    2.42707878e-01 6.46963656e-01 1.47646129e-01 7.97551453e-01
    1.34628117e-02 4.95263129e-01 4.90795851e-01 1.85785443e-01
    1.29018396e-01 9.60098624e-01 5.31371415e-01 5.67412555e-01
    5.38074732e-01 3.45672369e-01 2.76884198e-01 8.18284750e-01
    3.29878241e-01 2.39110887e-02 1.86540961e-01 4.09390032e-02
    2.35300392e-01 1.34519339e-02 2.78943241e-01 7.66750813e-01
    5.53742230e-01 6.89803421e-01 1.23664737e-03 7.46292114e-01
    2.05781043e-01 5.66858232e-01 6.50911987e-01 1.55395836e-01
    3.61451864e-01 9.57106948e-02 8.75500977e-01 1.58723265e-01
    5.18148601e-01 3.60318124e-02 2.44008720e-01 1.03599429e-01
    1.32146925e-01 7.76813626e-02 3.04269135e-01 2.59321272e-01
    2.09334165e-01 4.71287638e-01 2.00542569e-01 5.89614213e-01
    9.44049478e-01 1.39378458e-01 7.47564614e-01 1.53998584e-01
    9.15860534e-01 5.59849918e-01 8.82994235e-01 5.76634467e-01
    4.02248770e-01 2.51217246e-01 9.94838178e-02 9.01102781e-01
    9.31742191e-02 2.95593888e-01 9.94539201e-01 9.02893603e-01
    6.74956679e-01 9.18009937e-01 8.23914289e-01 6.83531880e-01
    1.81178153e-01 3.72538090e-01 4.63394821e-02 4.49641198e-01
    8.17191958e-01 2.08778471e-01 2.28439212e-01 5.72519302e-01
    3.24617147e-01 9.87804770e-01 6.76944494e-01 8.06332409e-01
    9.64228511e-01 9.11298394e-01 6.58762336e-01 7.25681782e-02
    9.61681426e-01 1.43318087e-01 5.21736085e-01 2.94759184e-01
    5.26885629e-01 5.80150783e-02 8.46186459e-01 4.03527439e-01
    3.48323643e-01 8.29289317e-01 1.70550406e-01 7.09408760e-01
    9.88271534e-01 8.93827379e-01 7.99670577e-01 1.72191620e-01
    8.48827243e-01 5.90371013e-01 5.15676141e-02 6.56917095e-01
    5.76827228e-01 3.60101849e-01 6.17961168e-01 8.43686104e-01
    8.94581676e-01 7.33667910e-02 5.43134093e-01 3.70146573e-01
    1.69239551e-01 7.83004642e-01 1.36934817e-02 9.86924529e-01
    4.68744040e-01 1.96457803e-02 3.16814363e-01 9.12851572e-01
    6.98626041e-04 8.66845965e-01 4.26713049e-01 4.99361932e-01
    2.72679329e-01 7.90770650e-01 5.52123010e-01 6.10363662e-01
    6.38253391e-01 1.79068387e-01 1.33531213e-01 3.48905802e-01
    9.27845180e-01 5.20641267e-01 5.28695703e-01 9.38345551e-01
    9.74638283e-01 9.87696290e-01 3.31796348e-01 9.97543633e-01
    3.18912268e-01 5.39249241e-01 9.75519776e-01 3.96240532e-01
    4.42428410e-01 2.32604414e-01 1.93870276e-01 1.42062098e-01
    3.53533626e-02 9.70693588e-01 9.12314057e-02 4.37610596e-01
    3.03968906e-01 3.31955731e-01 3.68299723e-01 3.48538816e-01
    6.80006921e-01 8.52366805e-01 7.61931419e-01 1.22711122e-01
    1.20037854e-01 2.37662196e-02 9.98823762e-01 1.51008368e-02
    9.69075263e-02 3.82786423e-01 2.17058122e-01 1.54121816e-01
    5.67616999e-01 7.60779023e-01 2.02601463e-01 3.09305131e-01
    1.61323905e-01 4.07081187e-01 9.03636336e-01 2.99460173e-01
    6.18694246e-01 3.78516316e-01 3.29543531e-01 1.70436919e-01
    9.65969920e-01 1.40989929e-01 1.36482000e-01 8.81377518e-01
    7.33305335e-01 2.10330874e-01 8.95969868e-01 2.93973953e-01
    9.72245097e-01 5.28904438e-01 2.48606205e-01 4.57459480e-01
    5.62714219e-01 6.75839484e-01 3.20863545e-01 2.56100386e-01
    9.69906926e-01 8.99474859e-01 6.51227057e-01 1.06479317e-01
    9.92278934e-01 7.14207530e-01 2.20014989e-01 9.35880959e-01
    3.33756924e-01 7.18941689e-01 9.17382121e-01 3.85209858e-01
    1.97969764e-01 1.54589593e-01 8.75347972e-01 4.02559280e-01
    1.65075302e-01 5.00466228e-01 1.53910458e-01 4.78800833e-02
    2.66227096e-01 6.56457067e-01 4.09802973e-01 6.53556883e-01
    4.61719036e-02 9.75985825e-02 9.93480325e-01 8.55252802e-01
    5.82898259e-01 9.94202197e-01 7.66773582e-01 4.95988339e-01
    7.99966931e-01 9.38857675e-01 8.04967523e-01 9.75640178e-01
    1.82676405e-01 1.23122782e-01 1.56162798e-01 2.63432264e-02
    2.35234648e-01 3.16315234e-01 4.67281282e-01 4.79516387e-02
    9.10050631e-01 7.07360029e-01 5.12005329e-01 9.02979970e-02
    5.58940351e-01 4.22007918e-01 8.45467329e-01 4.60475057e-01
    3.71635646e-01 9.70331430e-01 7.30632544e-01 7.97682881e-01
    6.98491216e-01 2.14482069e-01 4.35884446e-01 1.46392822e-01
    7.77278185e-01 8.97518635e-01 1.30007774e-01 4.91694421e-01
    7.81287372e-01 4.30960715e-01 3.71973813e-01 7.87716329e-01
    1.08314991e-01 3.44236225e-01 9.09995258e-01 9.72997844e-01
    1.09287202e-02 3.18304449e-01 4.20225441e-01 7.11056769e-01
    1.41635329e-01 2.89640486e-01 7.04408169e-01 5.83272099e-01
    1.57380551e-01 4.67979252e-01 8.63458991e-01 6.42135143e-01
    9.09232378e-01 1.37634277e-01 9.31217194e-01 6.16608679e-01
    8.99699569e-01 9.03152585e-01 5.47698259e-01 6.10593915e-01
    8.27115476e-01 6.56756997e-01 6.56294346e-01 4.92502511e-01
    1.35399699e-01 5.12762010e-01 3.94843340e-01 4.02483374e-01
    4.66381311e-01 1.20167136e-01 7.75594234e-01 7.80848920e-01
    1.74053848e-01 5.70168793e-01 9.45084095e-02 3.11333537e-02
    2.81663805e-01 6.72352314e-03 8.65263343e-01 6.91715360e-01
    8.48286986e-01 6.22387707e-01 5.78768611e-01 7.98097253e-01
    8.39834213e-02 5.30627847e-01 3.92969429e-01 6.03883445e-01
    9.02948737e-01 8.13246012e-01 5.52306831e-01 1.22739345e-01
    1.87327743e-01 6.43459022e-01 4.45421904e-01 2.37376511e-01
    7.37601519e-01 4.88201618e-01 8.73549581e-01 6.86869383e-01
    1.61298811e-02 8.40879977e-01 4.04282749e-01 2.97472626e-01
    7.75145054e-01 1.19552135e-01 8.32057118e-01 3.97801310e-01
    6.62327290e-01 4.91197616e-01 9.03102279e-01 1.40021265e-01
    4.58524704e-01 8.64016771e-01 3.84458214e-01 9.05491471e-01
    9.71408844e-01 6.55533433e-01 8.40341568e-01 9.55089927e-01
    7.55853474e-01 7.00325847e-01 5.73237777e-01 5.24215102e-02
    9.81797576e-01 5.79430997e-01 9.58969712e-01 8.19284558e-01
    5.89555860e-01 9.29484129e-01 3.87349397e-01 4.77161735e-01
    8.47925067e-01 9.85924006e-01 3.15197110e-01 6.74501777e-01
    1.45155370e-01 2.11425364e-01 1.54854298e-01 8.03543091e-01
    1.68551624e-01 1.43143237e-02 2.31091201e-01 6.78695083e-01
    4.73320663e-01 4.51068372e-01 1.24811620e-01 8.43558788e-01
    1.99715465e-01 2.11045146e-01 5.52650571e-01 2.05405205e-01
    3.79179507e-01 4.82134789e-01 8.44524562e-01 9.39719558e-01
    7.66419411e-01 6.89921975e-01 2.55261064e-02 8.80771399e-01
    9.77077842e-01 6.43389583e-01 8.42319012e-01 6.66032434e-01
    5.11210084e-01 3.54017228e-01 9.62123871e-01 2.95723855e-01
    7.35819042e-02 8.41947198e-01 9.75656748e-01 2.98986137e-01
    7.27164507e-01 1.95820719e-01 1.20752275e-01 9.79302526e-01
    8.42578948e-01 1.02529645e-01 6.97990239e-01 1.75037950e-01
    2.37834603e-01 7.75815964e-01 7.16007948e-02 2.95843303e-01
    1.68784052e-01 3.61050397e-01 4.25341636e-01 2.30945975e-01
    2.42684990e-01 4.78851199e-01 3.54498327e-02 2.27618217e-01
    4.39393669e-01 1.75394803e-01 6.55585825e-02 4.75363225e-01
    3.01626474e-01 1.91902578e-01 8.45884919e-01 6.58242106e-01
    6.06823862e-01 7.95731544e-01 6.53189421e-03 5.56727648e-01
    3.50205660e-01 8.32111716e-01 7.31114745e-01 9.12963271e-01
    7.70417750e-02 6.19539797e-01 2.06618905e-02 9.03716207e-01
    7.76630819e-01 9.70411599e-01 2.11272717e-01 1.71243995e-01
    9.70952034e-01 7.16341138e-01 1.67213887e-01 6.26666069e-01
    3.90457392e-01 3.56099457e-01 8.58612657e-01 5.07977724e-01
    8.01651478e-01 1.88000232e-01 2.99186707e-01 2.77873993e-01
    8.02099347e-01 3.44777942e-01 8.21377158e-01 1.54717088e-01
    9.55485582e-01 4.46487725e-01 2.70521045e-01 5.08763134e-01
    2.57122338e-01 1.91186398e-01 8.75332952e-03 7.52001166e-01
    5.82480848e-01 6.72453940e-02 8.46398115e-01 9.32261705e-01
    3.59612048e-01 1.17408663e-01 7.59157896e-01 9.46572423e-01
    3.54761720e-01 6.99787974e-01 7.97077537e-01 2.36142427e-01
    9.64209557e-01 4.37631518e-01 5.44378698e-01 7.20416486e-01
    8.81177247e-01 7.12267339e-01 6.26519918e-01 8.54197145e-01
    8.64544153e-01 9.10667777e-01 3.22842479e-01 5.76353371e-01
    2.43552238e-01 5.56236923e-01 7.42194891e-01 3.73925447e-01
    5.72349966e-01 5.98701000e-01 5.37644327e-02 5.47712982e-01
    5.55684865e-01 7.53570080e-01 5.73440433e-01 6.87725425e-01
    9.46092725e-01 5.00159144e-01 9.84090865e-02 3.22708786e-02
    3.68644536e-01 9.37851071e-01 5.31878054e-01 4.63267535e-01
    9.34912801e-01 9.31485951e-01 8.68815064e-01 2.67541289e-01
    6.81115568e-01 5.91589749e-01 6.34723783e-01 7.20280409e-02
    9.60470676e-01 6.64247751e-01 7.82663941e-01 8.86239588e-01
    9.62604046e-01 7.60366619e-01 3.44297230e-01 5.81678450e-02
    9.47544932e-01 7.81452954e-02 7.51520038e-01 1.02947891e-01
    5.38261056e-01 6.96417689e-01 6.42743468e-01 8.04202080e-01
    5.84127665e-01 8.00463676e-01 1.63542628e-02 5.45789778e-01
    4.46312010e-01 3.58418703e-01 1.20331645e-02 5.95422387e-01
    5.34324586e-01 5.27723730e-02 6.22110069e-01 4.29790109e-01
    6.21478379e-01 1.63151801e-01 4.04306740e-01 2.40701258e-01
    1.05600357e-02 8.94916058e-01 7.17663944e-01 1.56872630e-01
    6.64868474e-01 7.08925724e-01 9.36288238e-02 7.14112401e-01
    5.12570143e-02 1.12420559e-01 5.39684951e-01 8.89382839e-01
    8.73381495e-01 3.71648282e-01 8.93269539e-01 7.12089002e-01
    8.93700004e-01 2.75568604e-01 1.51669949e-01 5.12532353e-01
    9.05497193e-01 1.44904733e-01 1.95977300e-01 1.23676360e-02
    7.23089457e-01 6.64226532e-01 2.18063980e-01 8.24747801e-01
    6.06816590e-01 1.99308395e-02 8.64386559e-01 8.27143312e-01
    8.68161798e-01 2.33564705e-01 9.84304190e-01 4.75105762e-01
    8.81932974e-02 2.83632457e-01 2.63041556e-01 8.52304459e-01
    7.27527499e-01 6.16344154e-01 8.64292383e-01 1.04811102e-01
    7.76189387e-01 3.12188953e-01 2.81117141e-01 7.35049963e-01
    9.63706434e-01 7.05546737e-01 9.00815487e-01 1.64381415e-01
    2.78440744e-01 3.27360690e-01 9.51878190e-01 2.18890637e-01
    9.26320434e-01 6.82465553e-01 8.05447102e-02 7.45539486e-01
    7.11542785e-01 5.49791038e-01 8.43162537e-01 4.68769908e-01
    7.04186141e-01 7.95878470e-01 1.12073153e-01 5.82072258e-01
    7.51927435e-01 3.36955279e-01 2.94252664e-01 3.81726950e-01
    4.71080214e-01 8.83461475e-01 9.83361542e-01 6.58076763e-01
    9.75477338e-01 7.07268834e-01 5.30544341e-01 7.97991037e-01
    5.61571777e-01 3.69644940e-01 1.59355611e-01 6.27102792e-01
    8.58304977e-01 1.21134996e-01 7.34807134e-01 7.94059515e-01
    9.81682301e-01 1.87007576e-01 9.49504018e-01 3.93598497e-01
    2.63838410e-01 5.24179459e-01 7.20930994e-01 6.65264726e-02
    4.02507871e-01 9.74213481e-01 6.93971694e-01 7.97001719e-01
    2.19758868e-01 2.09042311e-01 5.80964565e-01 5.37633479e-01
    4.89995658e-01 2.51333147e-01 7.70571232e-02 6.76326752e-01
    9.55939293e-01 4.23818678e-01 2.83612370e-01 1.15346879e-01
    7.80739427e-01 6.82142138e-01 4.65108693e-01 9.30474102e-01
    2.53696978e-01 6.00656986e-01 7.50311852e-01 5.65456092e-01
    1.54331833e-01 3.40894967e-01 3.26423883e-01 4.64417815e-01
    7.17496336e-01 9.91725087e-01 6.81838989e-01 1.42874628e-01
    4.04727161e-02 5.68392575e-02 4.46709067e-01 8.79462302e-01
    7.51106203e-01 8.81853342e-01 2.66596794e-01 5.32811880e-02
    1.01513356e-01 8.72241735e-01 8.46244812e-01 9.88028228e-01
    6.65105581e-01 1.88646048e-01 5.72240055e-01 1.06684268e-01
    3.67261291e-01 7.78324366e-01 2.84040749e-01 2.40942568e-01
    6.26805127e-01 9.53923166e-02 7.91150689e-01 4.39908385e-01
    9.44830060e-01 3.56297910e-01 9.48346138e-01 4.00657147e-01
    3.02121311e-01 5.83806098e-01 9.37898457e-02 3.77134502e-01
    5.03755748e-01 3.40512812e-01 9.03095543e-01 6.22865617e-01
    4.72958565e-01 4.71976578e-01 5.48931241e-01 3.64123851e-01
    3.87300551e-01 5.02512753e-01 9.72310901e-02 5.24087250e-01
    3.93355161e-01 4.87886935e-01 7.33268201e-01 5.53870499e-02
    4.10563558e-01 8.76789868e-01 2.49202877e-01 5.66122711e-01
    9.43572819e-01 3.84413123e-01 3.66653502e-01 2.81704038e-01
    6.17517114e-01 8.36783707e-01 5.54816544e-01 5.59342861e-01
    9.18513298e-01 1.57028615e-01 2.66458899e-01 1.83206230e-01
    9.24659669e-02 7.96152472e-01 4.22457159e-01 2.91922688e-02
    7.61906862e-01 7.99750209e-01 3.00746232e-01 6.33395791e-01
    4.23891097e-01 2.96062738e-01 5.82896411e-01 8.67708206e-01
    1.47548735e-01 6.67358875e-01 9.78498697e-01 2.00338393e-01
    9.69215989e-01 5.48735976e-01 2.28756964e-02 1.62723273e-01
    8.81242394e-01 9.86723065e-01 4.39525276e-01 6.52892113e-01
    2.13311911e-02 2.92223632e-01 9.57324386e-01 1.66760474e-01
    4.81455833e-01 9.28774118e-01 2.03838795e-01 2.32495934e-01
    8.06659937e-01 1.53478801e-01 2.81152666e-01 6.08539581e-02
    4.49046344e-01 9.75966930e-01 4.80503201e-01 3.96050930e-01
    9.97894287e-01 7.04119265e-01 9.78728652e-01 6.49362504e-01
    6.64679289e-01 1.38260722e-01 4.75838304e-01 3.92034471e-01
    9.52364564e-01 3.46457005e-01 9.36419725e-01 1.02749348e-01
    9.45419192e-01 5.69481909e-01 7.81554282e-02 4.46799457e-01
    1.50133967e-01 4.47029203e-01 5.84995568e-01 7.40506589e-01
    8.41736197e-01 8.59210372e-01 3.30244839e-01 8.65757704e-01
    6.73983037e-01 3.74004066e-01 4.58544195e-01 9.33935285e-01
    3.04420590e-02 1.90240562e-01 6.25404716e-02 3.42737079e-01
    6.24980271e-01 5.79022229e-01 5.55787385e-02 1.62880003e-01
    5.64918876e-01 3.14805329e-01 5.48159420e-01 8.53874207e-01
    5.33388078e-01 2.07382172e-01 2.84743786e-01 8.82366776e-01
    1.46428645e-02 8.74613166e-01 5.50565302e-01 1.46874964e-01
    8.26290905e-01 2.16755867e-02 8.95796120e-02 4.91493762e-01
    8.16571355e-01 4.33393061e-01 4.57001150e-01 2.37759829e-01
    5.20326614e-01 7.25947976e-01 4.65998769e-01 4.26294684e-01
    5.95355093e-01 9.39799428e-01 1.92315489e-01 9.61450517e-01
    4.63094950e-01 6.84509993e-01 1.82865471e-01 7.28286207e-01
    4.91868764e-01 9.11668241e-02 6.01121068e-01 9.65120196e-01
    2.13702500e-01 1.16337031e-01 4.13172722e-01 5.97018600e-01
    2.99118757e-02 3.87737632e-01 6.81270480e-01 6.24458253e-01
    8.05633664e-01 9.96715367e-01 2.11872429e-01 5.64966679e-01
    1.51473075e-01 1.65942937e-01 3.19826603e-03 6.49193883e-01
    6.98483348e-01 4.73475605e-01 4.24866170e-01 7.39574015e-01
    3.86610180e-01 2.53949940e-01 9.39689755e-01 5.88030517e-02
    2.20081091e-01 5.01890779e-01 3.30003202e-01 1.23070061e-01
    9.90943313e-01 1.83563203e-01 2.78529823e-01 2.09886789e-01
    7.04448581e-01 1.72124535e-01 5.00390649e-01 1.08136415e-01
    3.62931967e-01 6.65914893e-01 5.31759381e-01 9.82832611e-02
    6.41375780e-01 9.84122992e-01 1.51470035e-01 6.41057014e-01
    7.83106685e-01 6.74420834e-01 8.60816121e-01 7.05682456e-01
    6.54775441e-01 3.36733282e-01 2.76324749e-02 9.82620478e-01
    9.28989887e-01 8.10496032e-01 4.96128231e-01 5.16979098e-01
    1.34457439e-01 5.77553332e-01 2.38395005e-01 6.32558584e-01
    9.27364588e-01 2.64010161e-01 5.76057196e-01 3.20613742e-01
    3.52739036e-01 5.59028327e-01 3.21124852e-01 5.51482022e-01
    2.30104983e-01 5.39137423e-01 6.87316656e-01 5.70768058e-01
    8.92094672e-01 3.97980571e-01 9.38240528e-01 3.55283856e-01
    3.47150624e-01 9.48391080e-01 8.45957100e-02 6.23012185e-01
    2.43816972e-02 4.05525535e-01 2.54280627e-01 8.19127262e-01
    7.18963325e-01 2.97603905e-01 6.81763291e-02 3.34070206e-01
    3.22169840e-01 3.13988119e-01 1.29860997e-01 1.07757270e-01
    8.97584796e-01 8.98315191e-01 8.42423558e-01 4.53943312e-01
    3.06589693e-01 3.52452308e-01 9.86829519e-01 4.82328713e-01
    3.49641353e-01 7.73931623e-01 5.85664332e-01 2.12841362e-01
    7.77783632e-01 6.19113922e-01 5.92315018e-01 5.86581051e-01
    3.25574517e-01 5.13592780e-01 6.40101731e-02 9.44799900e-01
    1.87526911e-01 6.30255103e-01 9.70136523e-01 9.16165471e-01
    9.12576079e-01 5.11132658e-01 3.17637324e-01 2.51583815e-01
    8.77489209e-01 1.26981258e-01 6.55879259e-01 2.31822938e-01
    9.61965322e-01 6.28274381e-02 9.11988497e-01 6.75419807e-01
    9.66826975e-01 9.70100462e-01 6.55523479e-01 7.35312700e-01
    1.66481018e-01 1.87251031e-01 5.02141476e-01 5.11339784e-01
    4.68020439e-01 8.84157717e-02 1.90420568e-01 1.89252168e-01
    6.16288185e-03 7.42772877e-01 7.76353359e-01 2.14560211e-01
    7.55434513e-01 4.72726732e-01 6.61478341e-01 5.34648180e-01
    5.93579113e-02 1.44661009e-01 4.61841583e-01 3.76357853e-01
    1.72940791e-01 4.62018609e-01 8.82714748e-01 8.27476501e-01
    2.37954736e-01 3.34507078e-01 3.06070745e-01 7.36540198e-01
    8.79813552e-01 4.07817066e-01 6.23464406e-01 3.70935202e-01
    9.73330379e-01 9.06581938e-01 2.65996069e-01 6.51175022e-01
    8.16905379e-01 5.31198263e-01 1.98030174e-01 6.69085026e-01
    9.11537290e-01 6.23182714e-01 2.22085893e-01 6.96458220e-01
    1.93380266e-01 3.34270239e-01 2.54434764e-01 9.37344551e-01
    4.92782235e-01 5.39844155e-01 7.94123173e-01 3.82802010e-01
    6.70805931e-01 7.86543727e-01 7.48119473e-01 6.44679666e-01
    4.18120384e-01 9.10811126e-02 3.22918534e-01 2.12718934e-01
    7.00131655e-01 2.28439927e-01 5.36395669e-01 5.26151299e-01
    5.87171435e-01 2.95309126e-02 1.13875329e-01 2.56733298e-02
    2.99444020e-01 5.74188471e-01 7.51578093e-01 6.30075395e-01
    4.10089254e-01 7.23212600e-01 1.81144118e-01 2.11613923e-01
    3.97215277e-01 9.25023556e-02 5.62192380e-01 2.62567759e-01
    3.97748739e-01 1.45794779e-01 4.86717701e-01 4.11619306e-01
    5.71391344e-01 1.02422476e-01 5.44113755e-01 7.90616035e-01
    4.97772574e-01 5.42635381e-01 9.49817121e-01 8.61586094e-01
    3.47320348e-01 3.74038845e-01 2.56545842e-01 3.14821899e-01
    3.86133313e-01 3.33438456e-01 7.78933704e-01 6.45728707e-02
    6.25940204e-01 5.94920993e-01 1.60209090e-01 3.01735222e-01
    4.30241227e-01 3.40610266e-01 9.38472033e-01 2.70552397e-01
    8.60664010e-01 5.47301829e-01 7.50097692e-01 8.37241411e-02
    6.14458621e-01 1.98318571e-01 8.76633346e-01 9.55210924e-01
    6.72057748e-01 5.73404133e-01 8.16589236e-01 2.14264959e-01
    2.22686410e-01 9.79855537e-01 1.90019488e-01 3.76124680e-01
    6.75070226e-01 9.72854614e-01 6.36302412e-01 8.64264011e-01
    1.85995698e-02 4.00873095e-01 8.06433201e-01 7.88855791e-01
    3.28202248e-01 2.91840971e-01 2.68961906e-01 7.19406366e-01
    5.72534800e-01 1.81346804e-01 2.56830394e-01 4.96901512e-01
    9.89553332e-03 9.32039917e-01 6.38995886e-01 7.25705802e-01
    4.06008095e-01 9.68131781e-01 4.86074805e-01 2.08110094e-01
    7.51119018e-01 5.54744184e-01 8.23277831e-01 1.94126397e-01
    6.12154484e-01 9.71137583e-02 2.81934083e-01 1.06634378e-01
    6.58693135e-01 8.51185203e-01 6.51051164e-01 1.99039251e-01
    5.83300352e-01 6.39728904e-01 9.21264768e-01 3.86072308e-01
    1.34440094e-01 1.55971110e-01 8.01647902e-01 8.05987358e-01
    9.23471451e-02 1.15535259e-02 8.91863942e-01 4.04488087e-01
    8.29877973e-01 7.77629018e-01 4.14707363e-01 3.83246362e-01
    8.63456249e-01 4.10398573e-01 1.98325902e-01 1.63110822e-01
    2.19796181e-01 5.04207790e-01 9.31150675e-01 3.98669749e-01
    5.74088693e-01 5.65726042e-01 4.48238194e-01 1.00301147e-01
    2.54792571e-01 2.38426626e-02 1.97674334e-01 2.17707932e-01
    9.10382509e-01 1.12468094e-01 8.68036985e-01 1.18969619e-01
    7.14740396e-01 9.34605777e-01 6.69942498e-02 8.74052048e-01
    7.05406308e-01 2.10974306e-01 4.62365299e-01 4.14706677e-01
    7.15932965e-01 8.62313807e-02 2.23288834e-02 6.10891998e-01
    9.84435678e-01 7.56737411e-01 6.80148363e-01 2.98645556e-01
    4.15852129e-01 3.59182417e-01 3.35618883e-01 2.41323531e-01
    6.98872328e-01 4.61437762e-01 4.80988681e-01 9.14101124e-01
    9.82030392e-01 3.82324576e-01 2.35751539e-01 8.91783059e-01
    9.88022506e-01 3.63147229e-01 4.11380172e-01 3.04036677e-01
    3.79124254e-01 3.80418718e-01 9.64831233e-01 3.04640561e-01
    5.84759831e-01 7.80366242e-01 8.52364004e-01 1.65927351e-01
    9.34833467e-01 4.77955520e-01 2.81925768e-01 6.64508760e-01
    3.24245065e-01 6.43266141e-01 1.78444147e-01 9.12351608e-01
    7.65258372e-02 9.57351089e-01 3.67808521e-01 1.67920679e-01
    3.87708902e-01 9.24416006e-01 1.04422271e-01 7.66527891e-01
    6.13142252e-01 2.96126962e-01 1.67759091e-01 8.50490928e-01
    5.52855849e-01 6.35184050e-02 1.49051249e-01 4.22660828e-01
    6.82507336e-01 7.41930842e-01 3.36702168e-02 2.56063819e-01
    8.76612186e-01 5.96637011e-01 2.22811013e-01 1.20244056e-01
    7.22731054e-02 6.71753764e-01 4.80973929e-01 5.32991171e-01
    5.88059306e-01 4.83542114e-01 6.34047389e-03 1.01593971e-01
    3.16759467e-01 8.86243105e-01 5.62645197e-02 3.81409824e-02
    5.16497314e-01 9.07057166e-01 5.85719585e-01 4.19500679e-01
    4.30435151e-01 6.65139854e-02 2.78519273e-01 6.62643790e-01
    3.70545447e-01 5.29441059e-01 4.87241119e-01 7.31646061e-01
    7.00925350e-01 5.65501213e-01 5.55364490e-02 4.44429934e-01
    5.98780572e-01 8.13455224e-01 5.35816848e-01 2.10619301e-01
    4.70548987e-01 2.40434647e-01 2.34954685e-01 9.17073607e-01
    7.69487619e-01 4.16825444e-01 9.90880549e-01 2.27589458e-01
    5.04154444e-01 3.01980436e-01 8.93790781e-01 4.39827263e-01
    5.46708107e-02 6.28851175e-01 8.71722698e-01 6.36191368e-01
    8.84733200e-02 8.71003389e-01 4.74362761e-01 4.57950056e-01
    2.67511606e-02 5.29947698e-01 4.01058316e-01 4.00282234e-01
    8.81260037e-01 5.63381016e-01 2.84489334e-01 8.07640314e-01
    3.85754228e-01 8.60715747e-01 2.45011449e-01 2.38520741e-01
    5.73533177e-01 3.99031460e-01 7.86419570e-01 3.92991185e-01
    8.33397627e-01 9.33251858e-01 3.24451238e-01 4.30014521e-01
    3.84502172e-01 5.16585827e-01 9.66587126e-01 2.69992352e-01
    7.25444138e-01 5.80524206e-01 1.53527200e-01 6.31237090e-01
    1.66414857e-01 4.27847058e-01 2.93979228e-01 5.80748320e-01
    8.24656367e-01 9.15177584e-01 9.66792226e-01 2.43246585e-01
    2.75815636e-01 5.37331760e-01 9.69830573e-01 9.61948812e-01
    8.91086042e-01 5.03917754e-01 9.18043375e-01 7.77756095e-01
    5.50747395e-01 5.13734102e-01 8.98829222e-01 3.63854527e-01
    2.26390958e-01 6.33501291e-01 1.28052950e-01 7.20632911e-01
    9.53046799e-01 7.19928801e-01 2.82120407e-01 8.45512033e-01
    6.69829607e-01 3.17821026e-01 2.52771199e-01 4.17533994e-01
    6.82535231e-01 8.58345747e-01 7.51336515e-01 6.95810437e-01
    6.74597979e-01 9.66293454e-01 7.81721711e-01 7.07840025e-02
    6.71543419e-01 1.31839275e-01 9.18889284e-01 4.26625013e-01
    3.19815457e-01 1.55651450e-01 4.68316674e-01 8.56991470e-01
    8.30964386e-01 1.34457767e-01 6.38201714e-01 6.84682012e-01
    5.15974939e-01 3.73349547e-01 2.66342700e-01 7.77943194e-01
    5.72726369e-01 2.53119588e-01 2.20578760e-01 4.00430769e-01
    7.06870914e-01 5.38866341e-01 1.93672687e-01 2.94808209e-01
    9.84304905e-01 4.14905846e-01 5.03212810e-01 4.06911969e-03
    9.72001910e-01 3.89588594e-01 6.30605757e-01 3.69181931e-01
    1.95651054e-01 1.17488235e-01 4.55619842e-01 1.42576009e-01
    6.54670000e-01 1.10604882e-01 5.22447884e-01 3.57366204e-02
    6.20521545e-01 4.02468622e-01 8.87520909e-01 2.65695632e-01
    5.81862688e-01 2.92889655e-01 4.21137929e-01 3.33407670e-01
    8.34064841e-01 2.06077427e-01 2.91626334e-01 3.13740462e-01
    3.32558632e-01 6.90028548e-01 2.32302815e-01 7.04925418e-01
    3.66701782e-01 8.79987776e-01 2.55407721e-01 7.91291714e-01
    4.58043009e-01 8.38088751e-01 1.03946924e-02 3.46159488e-01
    4.96463031e-01 8.03233266e-01 8.43545496e-01 7.60812879e-01
    5.92316091e-01 2.67931223e-02 4.27047163e-01 2.99271852e-01
    1.21859848e-01 4.07545000e-01 6.33026540e-01 1.31501287e-01
    5.34082472e-01 1.63302660e-01 5.23202121e-01 1.00387096e-01
    4.04798210e-01 8.07921410e-01 8.49734545e-02 8.64298344e-01
    1.63656831e-01 4.15622830e-01 7.83492923e-01 9.08382654e-01
    5.35845757e-02 2.85914540e-03 3.76260281e-03 8.60778391e-02
    5.00664353e-01 1.77446216e-01 3.46070230e-02 5.87803841e-01
    9.77344990e-01 2.12261468e-01 5.43333650e-01 5.07631898e-03
    3.72068942e-01 2.50094771e-01 2.96629786e-01 3.05033207e-01
    5.48647702e-01 9.79347110e-01 4.06801254e-01 8.49778891e-01
    3.53982210e-01 4.30181593e-01 4.49859023e-01 5.25683165e-04
    2.33659297e-01 5.16650736e-01 4.62788165e-01 8.62037659e-01
    4.57050681e-01 6.26465917e-01 6.99233294e-01 2.41747141e-01
    9.01101112e-01 3.88370931e-01 5.72441161e-01 2.04709291e-01
    4.25354928e-01 3.86095136e-01 8.49643409e-01 6.15992129e-01
    2.94001639e-01 1.67494535e-01 3.99545729e-01 3.18207741e-02
    5.97211301e-01 5.02078116e-01 7.08711445e-02 9.39972997e-02
    3.15430462e-02 8.58788908e-01 8.47662926e-01 2.35935748e-01
    5.65509737e-01 9.23293293e-01 3.31134051e-01 4.29579258e-01
    9.52221394e-01 8.20771992e-01 4.43811357e-01 2.43597567e-01
    2.15810120e-01 1.21276170e-01 8.66291285e-01 3.60771179e-01
    6.51839972e-01 5.23591578e-01 6.09177053e-02 7.07630932e-01
    6.00251496e-01 1.61880642e-01 9.28595841e-01 8.26969743e-01
    6.92117810e-01 7.31400788e-01 9.13356245e-02 4.16060567e-01
    5.49528062e-01 7.60791898e-01 8.79712582e-01 8.08160663e-01
    4.54199314e-03 7.32562482e-01 4.30407941e-01 9.15804923e-01
    9.29579616e-01 5.79521894e-01 5.35521448e-01 3.09135318e-01
    2.99208105e-01 4.05899584e-02 1.56558573e-01 1.94699049e-01
    9.81083870e-01 2.03705639e-01 1.63342208e-01 3.58188450e-02
    4.18714494e-01 4.42592949e-01 1.62918866e-01 9.25077081e-01
    9.24376607e-01 8.37503672e-01 4.29839581e-01 3.96432579e-02
    4.82040405e-01 1.89876288e-01 9.31605220e-01 5.81195652e-02
    8.05631042e-01 3.98823261e-01 2.18858242e-01 2.40005732e-01
    5.88942885e-01 6.30207121e-01 6.71333849e-01 8.55001569e-01
    6.46525562e-01 2.96467185e-01 7.99819946e-01 1.19913518e-01
    4.18005407e-01 7.39579260e-01 8.35415661e-01 1.58806384e-01
    3.12164098e-01 7.20024109e-03 1.20231688e-01 1.22435480e-01
    6.30301356e-01 8.64769697e-01 7.85497189e-01 8.86564732e-01
    9.54605460e-01 1.78667009e-01 4.93755907e-01 1.91004872e-01
    2.79763341e-01 8.56787562e-01 4.11170632e-01 9.64743972e-01
    6.96055114e-01 6.90934062e-01 9.54503894e-01 4.61103231e-01
    5.60146093e-01 3.09899509e-01 7.15612054e-01 3.28777134e-02
    1.96710944e-01 1.25500023e-01 7.35755503e-01 4.73195285e-01
    5.19276202e-01 2.60521173e-01 5.88674903e-01 6.32156432e-01
    4.97304857e-01 8.57431769e-01 9.86565650e-02 7.04824626e-02
    7.21437335e-02 2.27870703e-01 4.20461446e-01 6.82114422e-01
    4.95574832e-01 7.45771408e-01 9.97834206e-01 4.01552528e-01
    8.32241774e-02 5.18761754e-01 4.68266904e-02 9.99622822e-01
    5.16480803e-01 8.86782169e-01 4.40509051e-01 1.24530256e-01
    3.78805697e-01 1.23201072e-01 3.04266304e-01 6.02792203e-01
    6.64543390e-01 6.77580357e-01 3.87278199e-03 4.38024104e-02
    6.66292012e-01 6.95780277e-01 4.52090859e-01 9.41159964e-01
    8.87018681e-01 4.67293382e-01 7.44717360e-01 7.17196047e-01
    4.35372651e-01 4.82992858e-01 5.73832095e-02 3.35717261e-01
    8.62922668e-01 1.35758936e-01 6.43341184e-01 6.40968680e-02
    1.22529715e-01 2.50629693e-01 9.41818118e-01 7.73973942e-01
    8.08020353e-01 4.94157016e-01 5.43444097e-01 2.70130873e-01
    7.17437983e-01 5.19190967e-01 8.51482153e-02 3.81043315e-01
    4.53329176e-01 9.05010462e-01 4.77115780e-01 8.39489460e-01
    2.36129880e-01 3.40737164e-01 4.48973477e-01 3.68606597e-01
    5.88624120e-01 3.55581969e-01 9.50785756e-01 6.60584092e-01
    1.79587245e-01 1.31789207e-01 8.46667886e-01 6.49585128e-01
    1.93759292e-01 3.54554564e-01 8.43339086e-01 8.41444254e-01
    2.22758710e-01 3.57492983e-01 4.85450357e-01 3.40272725e-01
    4.13413078e-01 5.24129152e-01 8.56434047e-01 3.44008714e-01
    4.66737747e-01 7.42496550e-01 3.89594525e-01 7.10965991e-01
    7.08744049e-01 3.78495812e-01 7.85848320e-01 6.91143036e-01
    5.70800602e-02 9.47496653e-01 6.61650896e-02 4.55203921e-01
    1.84889853e-01 4.62487191e-01 8.03469181e-01 8.88948917e-01
    4.41889256e-01 2.72215903e-01 6.36041462e-01 2.03254879e-01
    9.20512199e-01 1.03535533e-01 4.76103634e-01 6.63383961e-01
    7.14960337e-01 4.88252372e-01 5.66091597e-01 3.16595912e-01
    1.51577413e-01 8.57094824e-02 5.97393870e-01 8.72823119e-01
    3.19209397e-01 3.32255363e-02 3.48366797e-01 7.38200247e-01
    2.09003717e-01 2.13732421e-01 2.85798907e-01 1.76671654e-01
    8.06036711e-01 7.14520574e-01 2.21771777e-01 3.90047550e-01
    4.90281224e-01 8.08236361e-01 2.53129900e-02 8.36028159e-01
    5.22359490e-01 9.70328927e-01 9.03346062e-01 9.46229100e-01
    6.19749963e-01 1.62236512e-01 4.09185886e-04 3.73566151e-01
    2.58005321e-01 1.81510448e-02 5.55320442e-01 4.11560953e-01
    7.17847228e-01 4.09875721e-01 8.22765172e-01 7.97675133e-01
    5.68237662e-01 2.10831732e-01 8.75906825e-01 2.59661674e-03
    3.46240342e-01 1.24111027e-01 9.07940507e-01 4.96831357e-01
    5.73636532e-01 9.09021735e-01 1.57058626e-01 1.67949796e-01
    9.58005965e-01 5.60452104e-01 2.19267905e-02 2.72740483e-01
    3.08587670e-01 8.35972667e-01 2.17602402e-01 8.72213602e-01
    5.79141617e-01 9.41905379e-01 3.77786756e-02 9.12851810e-01
    3.58474910e-01 1.10013217e-01 5.96505344e-01 5.49003661e-01
    6.89644575e-01 7.36398280e-01 4.33137774e-01 8.27288032e-01
    4.26857710e-01 1.85607463e-01 3.53858352e-01 1.41204417e-01
    6.11946642e-01 9.52108860e-01 3.30397844e-01 7.09205031e-01
    5.89912951e-01 7.20086098e-02 7.72503138e-01 2.72378564e-01
    9.14194107e-01 5.26006043e-01 6.90304875e-01 3.76412988e-01
    7.32575059e-01 6.67597175e-01 7.94584453e-02 1.92514300e-01
    5.58618009e-01 5.91931701e-01 7.23466516e-01 9.41320539e-01
    8.60837460e-01 6.36692524e-01 4.84895736e-01 1.60946876e-01
    9.87411737e-01 3.57509613e-01 9.76290226e-01 8.25701833e-01
    6.87531114e-01 8.82068872e-01 6.66971445e-01 2.88110435e-01
    7.99342215e-01 5.27055383e-01 5.16285479e-01 1.82472259e-01
    3.27841580e-01 2.03907818e-01 7.37702191e-01 5.09120345e-01
    2.09034890e-01 6.41736627e-01 8.78670692e-01 8.62733483e-01
    3.75773966e-01 8.72697890e-01 6.11050427e-01 6.70508087e-01
    8.19383860e-01 6.09727204e-01 9.70924318e-01 5.54333866e-01
    6.95978701e-02 4.43322062e-01 9.23332572e-01 8.04271400e-01
    3.05320054e-01 8.52463543e-01 2.35175341e-01 4.16698456e-01
    4.94790733e-01 3.66862059e-01 9.71830964e-01 3.31128776e-01
    4.94678617e-02 7.77777374e-01 9.81648684e-01 4.00886387e-01
    5.61881781e-01 4.75834638e-01 5.15891731e-01 2.43084401e-01
    4.39235300e-01 4.85694289e-01 7.73100853e-02 3.45390856e-01
    1.77834570e-01 6.07766747e-01 7.95816422e-01 4.73115534e-01
    8.56778860e-01 5.04233301e-01 8.26597095e-01 6.82991624e-01
    2.24141508e-01 4.55353469e-01 7.91589797e-01 7.57835805e-02
    8.10614586e-01 6.71180248e-01 4.06857759e-01 6.43845677e-01
    2.64060080e-01 8.21029305e-01 5.03428161e-01 3.25076163e-01
    2.41457820e-01 5.74451089e-02 8.15294862e-01 1.78059459e-01
    2.47363061e-01 9.14647281e-01 7.69760609e-01 1.72672480e-01
    5.24301529e-01 7.29499996e-01 1.12397403e-01 8.81728351e-01
    9.61366951e-01 6.55689359e-01 8.98973763e-01 5.50545394e-01
    7.74306655e-02 2.53894687e-01 4.13565218e-01 5.42891383e-01
    3.02542329e-01 8.61776173e-01 6.38051033e-01 5.91359913e-01
    6.16902053e-01 4.97096270e-01 5.91322601e-01 9.34416771e-01
    2.15925246e-01 9.19704199e-01 5.80897450e-01 9.34383154e-01
    6.21855259e-01 7.63008595e-02 6.35797262e-01 7.53416061e-01
    2.09231377e-02 1.93253219e-01 2.72600383e-01 3.87736678e-01
    6.83052897e-01 1.56782925e-01 9.84495819e-01 1.78070217e-01
    8.31591427e-01 6.42398059e-01 4.60568070e-03 8.34230304e-01
    9.89677906e-01 7.39238143e-01 7.07944989e-01 4.33503091e-02
    3.86505812e-01 8.09866726e-01 3.61827374e-01 6.56082928e-02
    4.00954187e-01 5.67828715e-01 6.74673200e-01 5.32302082e-01
    2.44494021e-01 8.85968029e-01 4.74304527e-01 6.24310791e-01
    3.96981597e-01 4.55271661e-01 9.16391611e-04 4.11260247e-01
    2.87058622e-01 2.21957743e-01 1.85000300e-02 4.91707176e-01
    9.64782715e-01 7.47663558e-01 9.18085575e-01 7.70007253e-01
    7.31734693e-01 7.06799984e-01 3.02411795e-01 6.12427831e-01
    5.07850885e-01 6.29938960e-01 2.53893465e-01 3.56629223e-01
    4.39791322e-01 1.64744496e-01 9.36000109e-01 8.17192793e-01
    9.34899032e-01 8.38355124e-01 8.26408863e-02 4.54175293e-01
    6.86504245e-02 3.90042961e-01 3.00145149e-03 8.81232917e-01
    2.49333262e-01 8.11282754e-01 3.69346052e-01 2.41979390e-01
    7.96577930e-01 1.83670908e-01 3.60810280e-01 3.56847823e-01
    6.93913698e-01 9.46924508e-01 7.69558191e-01 9.37152624e-01
    6.07456386e-01 4.36781615e-01 6.60449862e-01 4.99391705e-01
    1.16785109e-01 4.23937112e-01 6.72249556e-01 2.17064708e-01
    9.47249770e-01 8.79122615e-01 8.94860268e-01 8.96531045e-01
    3.44901890e-01 4.84030843e-02 5.14116585e-01 5.06080389e-01
    1.01316869e-01 9.58423257e-01 7.07663417e-01 3.85669708e-01
    7.52776265e-01 1.35406047e-01 3.47062349e-01 9.43372011e-01
    1.38930351e-01 5.56267798e-01 5.37388027e-01 9.76870894e-01
    3.52081448e-01 5.53520799e-01 1.30410701e-01 2.89184451e-02
    7.09612548e-01 2.62229621e-01 7.23646283e-01 2.46766716e-01
    5.49702108e-01 2.06110507e-01 1.33397877e-02 1.09348357e-01
    9.26264226e-01 3.27019721e-01 3.54114473e-02 9.25614357e-01
    3.16215664e-01 1.47261381e-01 7.91750848e-01 8.97156179e-01
    8.50583553e-01 8.00026774e-01 3.62625480e-01 2.96500921e-02
    6.78095520e-01 6.79522872e-01 1.58030301e-01 9.47985053e-01
    5.23007870e-01 8.88443112e-01 8.73714924e-01 6.24999523e-01
    3.12586963e-01 2.75072783e-01 8.84907961e-01 1.85416102e-01
    3.16535592e-01 1.18027031e-01 7.07086921e-01 9.16519165e-01
    5.85974991e-01 8.35132897e-02 7.34434962e-01 1.04509026e-01
    2.44541198e-01 9.06038046e-01 6.48485124e-01 6.38444126e-01
    3.11668277e-01 4.66906428e-01 3.81777585e-02 7.46865749e-01
    3.08922052e-01 5.67723513e-02 8.90917778e-01 9.42832351e-01
    9.71416056e-01 1.93027705e-01 7.75932193e-01 6.49862230e-01
    2.08367139e-01 9.79576051e-01 6.71922803e-01 6.28383040e-01
    1.42936170e-01 5.19631863e-01 3.08915764e-01 7.81572163e-02
    4.70858991e-01 9.35695648e-01 1.40565336e-01 6.27594471e-01
    9.66049135e-01 2.83235162e-01 8.87111723e-01 2.83418119e-01
    3.17197442e-01 3.14441979e-01 4.20869976e-01 3.65309626e-01
    5.50807714e-02 5.23649633e-01 7.09364891e-01 3.65300149e-01
    7.83952832e-01 9.27264392e-01 5.52268684e-01 2.23039836e-01
    2.38340259e-01 3.19864690e-01 2.83458829e-01 8.81987929e-01
    4.79829907e-01 4.81019109e-01 2.94401348e-02 2.72635460e-01
    3.70369494e-01 5.23543298e-01 2.27280527e-01 9.84971523e-01
    2.28250444e-01 1.91897601e-01 2.22183108e-01 2.41729021e-01
    9.82887387e-01 9.73451734e-02 9.98004079e-01 1.73035264e-01
    3.23572755e-03 3.36358249e-01 4.01471406e-01 2.99338818e-01
    4.31316376e-01 9.70444560e-01 3.51726741e-01 3.83246124e-01
    8.78472626e-02 3.90144974e-01 5.86204827e-01 7.32172787e-01
    3.07208300e-02 6.17719948e-01 5.55826485e-01 4.33684587e-01
    1.47857815e-01 3.83727461e-01 9.07913208e-01 7.67467022e-01
    8.01071823e-02 1.32298797e-01 4.67161804e-01 6.08283579e-02
    6.74762487e-01 5.55878997e-01 5.94685137e-01 7.42709637e-01
    7.02089190e-01 5.82676351e-01 7.02820122e-02 4.81943488e-01
    3.43370616e-01 7.91913867e-01 1.93389416e-01 9.79955614e-01
    7.27124810e-02 7.25438952e-01 6.04656279e-01 6.70005798e-01
    7.58937478e-01 5.42453051e-01 5.20268977e-02 3.18537354e-01
    6.86683655e-02 6.36193335e-01 1.15972459e-01 1.33152902e-02
    1.02881402e-01 1.64161742e-01 5.03661275e-01 4.64799404e-01
    6.61347926e-01 7.36344337e-01 2.60634542e-01 1.40830666e-01
    5.79491377e-01 8.50176215e-01 2.94402659e-01 9.48356271e-01
    1.28605664e-02 5.42382896e-02 6.21459007e-01 8.77676904e-02
    8.88153195e-01 1.28711075e-01 1.39401585e-01 6.95200920e-01
    1.31372303e-01 8.08845639e-01 6.53087497e-02 9.80870605e-01
    2.35841811e-01 1.36792958e-02 7.68611670e-01 7.67820656e-01
    7.45029569e-01 8.12689185e-01 1.22829825e-01 2.74548650e-01
    2.37216771e-01 9.60978508e-01 8.15761328e-01 7.51466632e-01
    8.14098835e-01 4.73717749e-01 2.80741572e-01 8.84209394e-01
    4.70018029e-01 6.54550552e-01 1.69216752e-01 3.18945855e-01
    5.00931144e-02 4.75169152e-01 7.53084421e-01 6.75652266e-01
    7.78270125e-01 5.05940616e-02 9.47472513e-01 8.38426352e-01
    6.16035521e-01 4.48023379e-01 5.70145130e-01 3.07270288e-02
    1.51617646e-01 2.76296079e-01 9.33193207e-01 1.37594432e-01
    6.72127008e-01 9.25484061e-01 8.23278964e-01 9.25022900e-01
    4.59538639e-01 4.18674886e-01 9.85534906e-01 9.62360620e-01
    5.14838576e-01 5.97026110e-01 6.59835458e-01 6.16005301e-01
    3.74393761e-01 1.53410405e-01 7.64892936e-01 4.97038484e-01
    8.92461121e-01 2.98987746e-01 1.83747470e-01 4.66631055e-02
    6.30262494e-02 8.19252610e-01 5.21960974e-01 3.44123006e-01
    3.19260240e-01 7.87469804e-01 7.21463144e-01 8.79751682e-01
    8.62430811e-01 9.74231422e-01 4.89368409e-01 2.44774938e-01
    1.70601368e-01 6.03914440e-01 7.64999986e-02 2.60935813e-01
    3.52712631e-01 6.60075843e-01 4.22825098e-01 6.65520489e-01
    7.90762246e-01 9.56195056e-01 3.98035765e-01 5.53140104e-01
    5.71686924e-02 2.74802685e-01 6.95622265e-02 4.08649653e-01
    5.97900152e-01 4.98655140e-01 7.03055024e-01 4.46035802e-01
    3.82053435e-01 5.71641207e-01 9.07964110e-01 1.59975886e-02
    7.20978677e-02 9.74121571e-01 7.47738540e-01 7.84069598e-02
    5.12615144e-01 7.28803694e-01 1.54555440e-01 3.60379368e-01
    6.93138123e-01 4.12682533e-01 4.30487335e-01 4.73988861e-01
    1.98497593e-01 9.67023551e-01 1.39749825e-01 8.66261005e-01
    5.03846407e-01 2.67895430e-01 6.22851789e-01 3.21125746e-01
    2.64878154e-01 4.33336586e-01 9.83198583e-01 9.35826838e-01
    3.99266034e-01 3.46159637e-01 6.71032071e-03 6.30399823e-01
    1.57343179e-01 5.47221303e-02 9.66756463e-01 5.39701343e-01
    2.25279629e-02 6.25921845e-01 3.51049691e-01 8.03867280e-02
    2.68328190e-01 5.84679008e-01 1.09943599e-01 2.48529643e-01
    9.43376958e-01 4.45183188e-01 6.59678698e-01 8.15461159e-01
    7.66282916e-01 9.18783128e-01 3.28620672e-01 6.62590504e-01
    9.38490868e-01 5.52070677e-01 5.98044693e-01 7.75612354e-01
    8.16321373e-01 3.76931131e-02 2.16990709e-02 7.00190544e-01
    2.50280857e-01 4.53151196e-01 8.54405880e-01 8.95858407e-01
    2.63990462e-01 1.66973501e-01 2.11443901e-02 6.74930215e-03
    7.62346625e-01 6.10013306e-02 2.39410609e-01 7.40224779e-01
    8.90902042e-01 2.04254895e-01 7.85269499e-01 2.40328312e-01
    4.79106396e-01 3.08099389e-03 9.09898460e-01 9.85282779e-01
    9.14280772e-01 2.31603116e-01 8.95348191e-01 6.75009429e-01
    4.10880446e-02 3.90284836e-01 5.15631974e-01 9.41594005e-01
    7.91344762e-01 4.64258015e-01 7.63383031e-01 6.14873409e-01
    9.73976970e-01 6.14044368e-01 8.77325594e-01 8.61395478e-01
    7.82913864e-02 6.39267743e-01 1.01594985e-01 6.55279636e-01
    4.24380481e-01 5.19453108e-01 7.97889233e-01 6.15926206e-01
    2.70255357e-01 4.28175777e-01 8.14264536e-01 6.51433468e-01
    9.95990336e-01 3.16664606e-01 7.52152205e-01 7.11252689e-02
    2.43201852e-01 1.86736375e-01 6.92692041e-01 8.32254291e-02
    1.81150198e-01 5.42550266e-01 3.99341136e-01 2.18927264e-01
    2.69886672e-01 6.32759213e-01 5.46297014e-01 8.89767408e-01
    7.57474422e-01 7.65504599e-01 4.26928103e-01 8.19705129e-01
    9.34008360e-01 6.08109534e-02 3.14017475e-01 4.30189788e-01
    6.67431295e-01 5.17909169e-01 2.95197636e-01 8.74355078e-01
    2.55634785e-02 3.38883787e-01 5.14786720e-01 4.24695402e-01
    1.49143666e-01 7.15351045e-01 6.43122494e-01 4.03817892e-02
    8.21230173e-01 7.76492834e-01 9.90426004e-01 9.47216868e-01
    8.93228769e-01 9.15109158e-01 6.03093684e-01 5.53294420e-01
    8.18078279e-01 7.46240318e-01 7.06704021e-01 3.38704050e-01
    7.96405733e-01 4.09067571e-02 8.72410059e-01 2.07598209e-01
    8.46387327e-01 9.84478891e-02 8.63010883e-01 9.70687509e-01
    8.23154509e-01 5.92007935e-02 4.66530263e-01 7.93017268e-01
    8.56157541e-01 8.75135541e-01 3.48908544e-01 3.08697462e-01
    5.75558424e-01 3.45025331e-01 5.56650221e-01 6.76871836e-01
    4.96547282e-01 6.59308493e-01 3.23267877e-01 7.63798118e-01
    2.56050408e-01 5.71352303e-01 1.91599607e-01 9.57362294e-01
    8.90289247e-02 5.34968376e-01 7.57917643e-01 8.84523392e-01
    5.00073671e-01 6.09121382e-01 5.20550728e-01 4.44797814e-01
    9.66071844e-01 5.04699647e-01 2.26121992e-01 6.63315296e-01
    4.77897167e-01 1.57122701e-01 4.70184684e-02 8.64339709e-01
    2.72668302e-02 1.07342660e-01 4.26334381e-01 9.40487981e-01
    5.15735447e-01 1.96893394e-01 6.33000255e-01 2.15292096e-01
    2.31014967e-01 2.48068362e-01 9.36129332e-01 5.58820844e-01
    1.55658036e-01 3.65264505e-01 1.18678480e-01 4.98575926e-01
    4.74841207e-01 7.74416625e-02 1.36144429e-01 3.57613862e-01
    6.34510934e-01 7.99885213e-01 5.44875503e-01 1.05362415e-01
    8.40661645e-01 7.26469398e-01 7.01742470e-01 3.72642189e-01
    5.44464886e-02 7.92590976e-01 7.41255760e-01 3.91186178e-02
    4.55962241e-01 7.36803532e-01 9.66560245e-02 3.74044806e-01
    2.59161472e-01 8.41091037e-01 5.90168774e-01 7.11615980e-02
    7.30141103e-01 6.08500123e-01 7.43773580e-01 6.44492924e-01
    7.28112698e-01 3.12874317e-01 1.38503045e-01 2.27586597e-01
    7.31985331e-01 4.51872140e-01 3.89845371e-01 8.97933841e-01
    3.61861378e-01 9.24449205e-01 8.77531648e-01 5.84339023e-01
    3.35695803e-01 9.64923501e-01 9.17820990e-01 7.71394730e-01
    2.37618148e-01 2.37244308e-01 2.87710130e-01 2.56363988e-01
    8.98479819e-02 1.04857743e-01 9.27497268e-01 4.05468971e-01
    9.08668637e-01 1.75485790e-01 9.39235985e-02 7.88420081e-01
    7.33811736e-01 7.98924625e-01 2.69149452e-01 8.15635443e-01
    4.42395300e-01 6.10215485e-01 1.96546525e-01 2.13481158e-01
    7.16928542e-02 4.17334557e-01 2.31367558e-01 2.93707550e-02
    5.99579811e-02 3.57783884e-01 6.12203062e-01 4.19259667e-01
    9.01374638e-01 3.92399341e-01 2.00613856e-01 1.31843418e-01
    3.38323057e-01 8.21222782e-01 2.40596831e-01 3.39072645e-01
    7.86145926e-02 7.70691276e-01 2.81530797e-01 7.70780087e-01
    4.41320211e-01 3.63862008e-01 1.60655618e-01 9.78658915e-01
    2.73799896e-01 5.29073715e-01 5.55432796e-01 1.55176669e-01
    2.18411952e-01 4.24946815e-01 5.01753628e-01 3.92622411e-01
    2.90980101e-01 3.53933871e-01 7.75177956e-01 1.28129154e-01
    3.30787897e-01 7.82166600e-01 2.75162786e-01 5.88495553e-01
    7.24810481e-01 5.65644801e-02 5.90863585e-01 1.87241405e-01
    7.14158773e-01 3.26460004e-01 5.12261987e-01 9.40871119e-01
    1.87475085e-02 1.84103787e-01 7.46085286e-01 8.61434937e-01
    7.44381845e-01 5.16751111e-01 2.28303403e-01 1.58159971e-01
    7.49738932e-01 6.92473352e-02 1.34892970e-01 3.32970142e-01
    7.69971728e-01 5.93114018e-01 9.37339664e-01 8.19758236e-01
    4.05710310e-01 2.96134621e-01 9.64208007e-01 2.38438964e-01
    9.51281011e-01 6.53054357e-01 5.89823663e-01 7.69536972e-01
    9.61644411e-01 8.74799967e-01 4.01619524e-01 2.11999953e-01
    7.40052760e-01 4.26467419e-01 9.35109377e-01 8.34096313e-01
    5.24312258e-01 7.24469304e-01 9.45093036e-01 7.59853005e-01
    4.84337807e-02 3.74497324e-01 4.53261733e-01 8.56110334e-01
    7.44695723e-01 5.18467247e-01 9.66629982e-01 8.58044326e-02
    3.97180647e-01 2.02865750e-01 5.96210778e-01 4.92112577e-01
    6.39123321e-01 9.81346250e-01 1.94717109e-01 2.31162041e-01
    8.58924091e-01 2.16959476e-01 8.01342368e-01 1.27264768e-01
    4.38503921e-02 7.13600993e-01 9.15102005e-01 1.07982427e-01
    5.61511457e-01 4.88367289e-01 8.60229850e-01 1.43381566e-01
    7.59252191e-01 6.28928006e-01 1.11445099e-01 5.25776744e-01
    7.99519598e-01 5.70006073e-01 3.12177420e-01 9.89923358e-01
    9.63764846e-01 1.50659055e-01 8.30612540e-01 8.39403272e-01
    5.11190116e-01 3.92109692e-01 2.52801418e-01 7.22462893e-01
    8.65334511e-01 4.83690828e-01 8.67245018e-01 4.58245575e-01
    5.19018471e-01 8.70688677e-01 3.51944685e-01 4.42758143e-01
    1.22019559e-01 6.39463782e-01 1.83621913e-01 1.02825463e-02
    7.19633281e-01 3.79089922e-01 8.90424252e-01 9.27509308e-01
    6.29861057e-02 7.91016340e-01 9.99387085e-01 1.75811768e-01
    3.94020438e-01 3.37410510e-01 7.25949526e-01 6.04551971e-01
    7.54818559e-01 9.24166203e-01 4.42502439e-01 5.85992336e-02
    9.61251974e-01 5.00052273e-01 7.03830838e-01 6.67974353e-01
    3.49384665e-01 9.13710356e-01 9.74202156e-01 2.09990323e-01
    9.53404963e-01 4.77335721e-01 6.35510683e-02 1.57683671e-01
    3.41416866e-01 8.74233246e-01 5.11590362e-01 3.80843878e-04
    2.48724282e-01 3.89145583e-01 3.01824182e-01 2.92169631e-01
    3.23850840e-01 2.90513366e-01 6.59487545e-01 6.83190107e-01
    7.40047216e-01 3.13707799e-01 7.46767879e-01 7.08597183e-01
    8.28048706e-01 2.59817481e-01 8.48902225e-01 2.24292010e-01
    8.48394394e-01 6.55428410e-01 1.38273984e-01 4.69459772e-01
    6.80058658e-01 7.39990413e-01 3.10184330e-01 6.14095569e-01
    4.87672687e-02 4.90087688e-01 4.11113977e-01 3.19858372e-01
    5.40656090e-01 1.04937375e-01 2.26789653e-01 6.42326355e-01
    3.58662009e-03 2.58841276e-01 4.09206510e-01 2.43491083e-01
    1.38809085e-01 8.81011724e-01 2.78072119e-01 4.95393187e-01
    2.93305516e-01 2.43200719e-01 4.54096049e-01 7.89947510e-01
    6.04287624e-01 9.94352818e-01 7.29530513e-01 7.95530975e-01
    9.32140231e-01 5.39282441e-01 3.97298694e-01 6.29234731e-01
    6.94681704e-01 4.46298718e-01 8.61599565e-01 4.24095929e-01
    7.74547756e-01 7.22433329e-01 9.21275616e-01 3.80297720e-01
    2.79113770e-01 8.53406429e-01 2.53083527e-01 5.31445146e-02
    7.54848838e-01 4.41985697e-01 7.97294796e-01 4.46350992e-01
    6.88037097e-01 4.92661387e-01 3.09968114e-01 3.78311872e-02
    9.85116959e-01 2.91503966e-01 4.03750062e-01 5.24138689e-01
    8.92492175e-01 3.84013325e-01 4.75858510e-01 8.11358690e-01
    6.93568289e-02 1.35817945e-01 1.23186618e-01 3.27260554e-01
    7.34801888e-01 6.57612264e-01 4.52439219e-01 2.74302721e-01
    8.17623138e-01 2.73640573e-01 7.98052907e-01 8.15602124e-01
    6.06007278e-01 3.03376675e-01 4.12104577e-01 5.13032436e-01
    4.82359827e-02 3.95501882e-01 4.02845770e-01 1.48144364e-01
    5.92230558e-01 9.38522518e-01 2.26440728e-02 3.47139686e-01
    5.84657371e-01 7.34399617e-01 8.54919672e-01 5.28072953e-01
    6.82162285e-01 4.56998199e-01 7.38025069e-01 5.16508460e-01
    9.80727375e-01 5.27230263e-01 8.31369996e-01 8.85605097e-01
    8.61961842e-01 6.71284199e-01 1.60583317e-01 1.45262778e-01
    6.23337984e-01 6.44706249e-01 2.15460718e-01 5.05504072e-01
    2.02476293e-01 4.55393016e-01 1.15705639e-01 1.91428870e-01
    2.49084830e-01 4.27696854e-01 8.32922220e-01 7.07638621e-01
    4.69611496e-01 4.50724900e-01 6.63662076e-01 4.42420542e-01
    1.12903595e-01 9.94173408e-01 9.64750111e-01 6.40244126e-01
    2.54712105e-01 4.89370793e-01 6.33607864e-01 7.24692047e-02
    8.79422903e-01 7.54270852e-01 3.69966984e-01 9.16260362e-01
    9.50640440e-02 5.70521712e-01 5.98383605e-01 1.00636959e-01
    5.28569579e-01 7.50365734e-01 5.45759797e-01 7.06317306e-01
    3.77774954e-01 1.58185869e-01 2.47999728e-02 4.93678391e-01
    9.21044648e-02 4.06599939e-02 7.25907981e-02 4.19229954e-01
    5.23736417e-01 5.14083922e-01 1.84642494e-01 5.35015464e-01
    5.19792438e-01 2.47033298e-01 3.91134322e-02 7.98467636e-01
    4.54482317e-01 8.37966502e-02 5.70187211e-01 5.47201753e-01
    3.19059193e-01 4.81072873e-01 4.55479860e-01 6.01210952e-01
    2.18825966e-01 5.39204299e-01 6.39897406e-01 8.84687006e-01
    5.14833629e-01 9.41545367e-01 3.85531723e-01 8.31973195e-01
    5.15129924e-01 7.05099761e-01 9.75670695e-01 1.01170123e-01
    9.32833195e-01 4.04829025e-01 3.22094798e-01 6.47283912e-01
    5.74493766e-01 5.61779976e-01 9.17934895e-01 3.73856634e-01
    8.81499052e-01 7.68784165e-01 6.61989331e-01 2.05336541e-01
    2.14671195e-01 2.13877350e-01 5.24466753e-01 9.50062156e-01
    8.69114757e-01 4.84251559e-01 9.40749168e-01 2.68022031e-01
    8.06031823e-02 6.37126803e-01 8.34631205e-01 9.36152637e-01
    3.32835495e-01 9.65753913e-01 8.26659322e-01 7.14958727e-01
    7.46598363e-01 6.93186820e-01 5.48550785e-02 9.20664251e-01
    4.14194643e-01 5.06615937e-02 2.20361710e-01 7.31648386e-01
    6.41140461e-01 6.58221841e-01 1.26150250e-02 2.49424309e-01
    5.20669043e-01 4.39769417e-01 8.16187680e-01 5.78347206e-01
    7.19074249e-01 5.83744407e-01 6.80550396e-01 7.73481786e-01
    1.38353169e-01 5.87033510e-01 7.86433101e-01 7.48673201e-01
    3.81904036e-01 2.13651240e-01 6.40794158e-01 7.58764863e-01
    3.28345060e-01 2.19328821e-01 7.27674067e-02 5.19883752e-01
    6.76017523e-01 8.73435736e-02 3.17898810e-01 3.89781833e-01
    2.77369112e-01 5.83035767e-01 8.07218015e-01 3.01890552e-01
    8.28334928e-01 4.10232663e-01 9.25562024e-01 6.77537918e-01
    9.93201733e-01 1.72583699e-01 1.15075856e-01 4.19615567e-01
    5.36779702e-01 3.03547561e-01 7.44554520e-01 4.38759059e-01
    3.04803133e-01 4.75725949e-01 3.28231454e-02 5.24005055e-01
    4.32078749e-01 2.69807637e-01 6.66016877e-01 5.92624843e-02
    5.83287656e-01 9.47359562e-01 2.67380059e-01 9.55565333e-01
    9.72982645e-01 8.58626008e-01 2.96479464e-01 2.24099964e-01
    6.50630713e-01 8.61710072e-01 7.46420026e-01 3.65496755e-01
    5.90064228e-02 8.23195815e-01 7.08810866e-01 8.99744451e-01
    9.80853319e-01 7.26096392e-01 6.30641937e-01 4.77574170e-01
    4.75258291e-01 4.91129845e-01 4.08834755e-01 6.41096056e-01
    1.84983373e-01 4.37769830e-01 3.56741428e-01 4.01337475e-01
    6.17635071e-01 9.61018860e-01 2.04226553e-01 3.58696073e-01
    3.11152339e-01 4.12235320e-01 7.64532745e-01 8.91167045e-01
    8.69530201e-01 6.01822436e-01 1.03181362e-01 1.11670911e-01
    9.76482928e-02 4.68689203e-01 2.40934968e-01 2.65843689e-01
    7.02097416e-01 2.91072190e-01 1.74094856e-01 6.58752322e-01
    1.82678342e-01 4.39701289e-01 8.99247229e-01 8.66154671e-01
    1.20743811e-01 1.64600253e-01 9.98637021e-01 9.80016291e-01
    2.18258411e-01 2.44336814e-01 3.94793749e-02 8.16464305e-01
    4.14339721e-01 2.86994040e-01 4.58434969e-01 3.56389880e-01
    3.19831491e-01 2.71323502e-01 9.82450247e-01 6.15848541e-01
    6.10648155e-01 5.50838888e-01 3.63082290e-02 1.80346161e-01
    6.11559570e-01 7.98481345e-01 5.27430177e-01 8.19539249e-01
    5.19547880e-01 4.20071483e-01 4.64377403e-01 6.87207341e-01
    2.97912180e-01 4.19398248e-02 4.82606024e-01 3.25290084e-01
    9.34051871e-01 1.25688702e-01 4.55599874e-01 8.70421588e-01
    4.11871016e-01 5.50968409e-01 1.30736589e-01 8.97444248e-01
    5.84899366e-01 5.40862918e-01 1.31232619e-01 3.04091454e-01
    8.96015286e-01 1.83681905e-01 7.45340705e-01 1.39842927e-01
    5.91277361e-01 6.26865566e-01 1.41156673e-01 9.08502102e-01
    8.08742046e-01 2.05589384e-01 6.36680722e-01 3.97744507e-01
    7.46261358e-01 3.37587327e-01 2.25597888e-01 2.81181157e-01
    1.85806274e-01 3.72838736e-01 3.65288734e-01 6.79876626e-01
    5.44923544e-01 3.72219205e-01 9.55430806e-01 8.99798930e-01
    2.29451716e-01 8.24317098e-01 4.80264753e-01 1.91854477e-01
    3.84270459e-01 8.42463136e-01 4.88965303e-01 7.78593838e-01
    6.75368667e-01 5.73439837e-01 3.17539155e-01 4.19115633e-01
    4.60597813e-01 8.16518366e-02 8.80146265e-01 6.93705618e-01
    7.62611270e-01 5.44107258e-01 6.86136961e-01 4.92904574e-01
    6.86465800e-01 7.20777452e-01 2.13144392e-01 6.75673187e-02
    4.41278458e-01 8.71940017e-01 7.12594092e-02 7.77370870e-01
    5.18607795e-01 3.67636800e-01 8.17851007e-01 8.39473963e-01
    3.70284438e-01 8.62728596e-01 4.88995254e-01 4.01437879e-01
    2.30793506e-01 8.45333815e-01 6.85608387e-02 5.59194207e-01
    6.76599145e-01 6.16113484e-01 1.26106262e-01 8.04445505e-01
    7.58730710e-01 9.05805230e-02 1.71853036e-01 6.38235211e-02
    3.60924244e-01 9.95103598e-01 2.94072211e-01 5.46655774e-01
    5.32234609e-01 4.99088675e-01 4.72968191e-01 2.78916597e-01
    4.69694883e-01 8.26674104e-01 7.96042085e-01 1.76357806e-01
    7.17907846e-01 9.92706656e-01 1.48636788e-01 1.16718084e-01
    4.39372182e-01 3.82303655e-01 5.55917561e-01 6.97867453e-01
    2.14019358e-01 3.07542145e-01 4.21190649e-01 5.64852953e-01
    5.00218034e-01 4.20982927e-01 1.20264262e-01 2.93375731e-01
    9.50422525e-01 1.18221283e-01 1.74178630e-01 5.31534195e-01
    4.10802662e-01 1.48926497e-01 3.63738239e-02 3.09484988e-01
    5.59314787e-02 3.48826021e-01 6.43992066e-01 3.28921735e-01
    7.78263330e-01 3.36651206e-01 4.36936915e-01 9.85491037e-01
    1.13526583e-02 4.80638891e-01 1.04406208e-01 3.32770407e-01
    4.77850139e-02 7.82962620e-01 9.42742944e-01 3.73107195e-01
    5.83948195e-01 7.53022075e-01 3.57708663e-01 3.83520663e-01
    1.35491788e-01 4.41277832e-01 2.46439129e-01 7.62647986e-02
    8.64421606e-01 8.66499901e-01 1.83318347e-01 6.62207544e-01
    1.20049179e-01 6.83384955e-01 5.48066258e-01 2.04062253e-01
    8.89401495e-01 7.44781017e-01 4.18547124e-01 3.99763227e-01
    1.19570851e-01 8.81555915e-01 6.19544566e-01 5.19697726e-01
    6.73399687e-01 9.46846604e-02 7.54700661e-01 6.61773384e-01
    9.97755885e-01 7.85475969e-01 6.80448532e-01 9.96585190e-01
    2.00768828e-01 6.80214167e-02 3.83085430e-01 9.35966015e-01
    5.20680070e-01 5.79996586e-01 6.10045373e-01 7.88542032e-01
    7.16940403e-01 7.43768394e-01 5.08841753e-01 2.43751884e-01
    8.44271719e-01 9.57439840e-02 5.38889229e-01 3.48248661e-01
    7.77668178e-01 7.18981266e-01 7.85159469e-01 8.86658430e-02
    6.27419233e-01 4.15369630e-01 4.69216287e-01 2.10598975e-01
    6.11281753e-01 8.33922565e-01 7.42639065e-01 5.28207362e-01
    5.87366343e-01 2.15907216e-01 1.67185903e-01 3.44429106e-01
    3.50571275e-02 1.16676420e-01 6.76651955e-01 5.69003344e-01
    7.95250416e-01 2.38665044e-01 9.83359337e-01 5.41651189e-01
    6.06775522e-01 3.87180001e-01 8.95538747e-01 8.14631581e-01
    7.33471811e-02 8.83775711e-01 6.65555358e-01 2.08458215e-01
    4.86596197e-01 6.27723038e-02 2.27448940e-02 5.63972235e-01
    3.23164999e-01 3.94690007e-01 6.18913770e-01 1.90644473e-01
    7.46707618e-02 3.52300942e-01 9.67118680e-01 4.05855954e-01
    9.79246199e-01 9.52662587e-01 3.35729122e-01 1.55224860e-01
    9.52382147e-01 9.79254723e-01 1.63361579e-01 4.10242260e-01
    1.76743954e-01 4.53232259e-01 6.16698205e-01 6.83068931e-02
    2.66445637e-01 6.43008411e-01 9.01144862e-01 9.08921361e-02
    8.50618839e-01 8.98471832e-01 4.78211641e-02 6.54023290e-01
    3.21804166e-01 7.18530774e-01 9.16486740e-01 4.93812263e-02
    6.03004754e-01 7.07125723e-01 9.37865376e-02 9.95570719e-01
    1.20132029e-01 4.48097587e-01 8.28932226e-02 1.01384044e-01
    2.66405404e-01 3.27080846e-01 4.12148237e-02 3.74876976e-01
    2.32982665e-01 6.71742141e-01 8.34366083e-01 7.64043033e-02
    9.86253977e-01 4.04323846e-01 8.27622116e-01 1.00949198e-01
    9.20997500e-01 5.80003381e-01 5.60320437e-01 4.87360507e-01
    1.68579489e-01 9.79839206e-01 3.28080118e-01 7.38996267e-02
    7.32931376e-01 2.87526548e-01 7.49015272e-01 2.65732288e-01
    6.00803137e-01 1.97530240e-01 4.65403706e-01 4.65842366e-01
    3.35742354e-01 5.93555093e-01 6.71878457e-01 8.50921154e-01
    9.81809735e-01 1.06757402e-01 2.99633741e-02 7.52833128e-01
    3.38719934e-01 5.84263384e-01 8.73708248e-01 9.35392678e-01
    7.29642510e-02 6.24832511e-01 1.43317699e-01 6.17941916e-01
    6.27447784e-01 1.45855844e-02 6.18475735e-01 2.24081874e-02
    2.93548673e-01 3.72855365e-01 3.38238776e-01 9.69125509e-01
    7.89842367e-01 2.67326832e-01 9.94411290e-01 6.04737937e-01
    8.70674253e-02 7.63194442e-01 2.84573317e-01 5.14074445e-01
    5.86871445e-01 5.05751371e-03 6.28700018e-01 3.52327347e-01
    3.45452189e-01 2.59648681e-01 8.87771606e-01 8.01293373e-01
    5.44633806e-01 9.82050598e-02 4.63701814e-01 8.06418419e-01
    5.64881444e-01 7.95433521e-02 2.29474664e-01 8.40669930e-01
    2.23189592e-02 7.83146441e-01 4.41583186e-01 3.85673285e-01
    9.86322463e-01 5.94674051e-01 8.32381487e-01 5.94634891e-01
    3.82578969e-02 2.90410727e-01 4.61033285e-01 8.98829460e-01
    3.06508631e-01 8.89698148e-01 5.69053590e-01 7.04552114e-01
    7.92605579e-01 7.59674668e-01 8.22907329e-01 2.82384813e-01
    4.91247475e-02 2.10157216e-01 2.29115516e-01 8.73526514e-01
    1.27314717e-01 5.15294015e-01 2.84575820e-01 2.18180001e-01
    9.06188846e-01 4.26212311e-01 9.81562257e-01 2.75696933e-01
    8.43167663e-01 3.75204206e-01 3.91529292e-01 9.76059318e-01
    6.05433941e-01 5.67111969e-01 5.91813028e-02 1.89516217e-01
    2.53422678e-01 2.84287542e-01 3.93872887e-01 2.25298107e-01
    3.39695662e-01 2.75819153e-01 5.42381048e-01 9.94886220e-01
    9.68862057e-01 5.57744563e-01 8.50079060e-01 5.60763121e-01
    8.02189648e-01 1.02682024e-01 5.59319854e-02 9.81050491e-01
    1.68765277e-01 1.20791674e-01 2.24269211e-01 9.96549428e-02
    2.64971852e-01 8.44584346e-01 4.72593784e-01 8.88342738e-01
    7.07986116e-01 8.83284509e-01 8.88912857e-01 5.67536891e-01
    5.40162265e-01 6.95708454e-01 8.77619386e-01 7.86298811e-02
    4.70492393e-01 2.84739852e-01 3.71622443e-01 4.49306667e-02
    9.38645363e-01 4.70639020e-01 1.35412186e-01 4.26702231e-01
    9.07033384e-02 8.60218823e-01 5.24878681e-01 3.16502929e-01
    3.92955601e-01 8.91325116e-01 3.95831138e-01 3.24683279e-01
    8.04718852e-01 8.90960336e-01 7.89182007e-01 5.20531058e-01
    9.99279618e-01 4.18526679e-01 4.77124810e-01 3.53515148e-04
    6.58810496e-01 7.37878799e-01 2.30463445e-02 6.02549970e-01
    9.41556811e-01 6.48687363e-01 7.07692623e-01 1.10254616e-01
    2.20453262e-01 3.22644353e-01 3.55996788e-01 2.33401179e-01
    7.27846742e-01 9.79073524e-01 4.70794410e-01 4.39168394e-01
    4.96721148e-01 2.96809912e-01 2.93594778e-01 3.71364832e-01
    9.04853702e-01 4.97396976e-01 3.39100808e-01 4.72398579e-01
    8.86914432e-01 1.97910875e-01 7.96082854e-01 1.74033612e-01
    6.24445081e-03 2.12017834e-01 3.95210385e-01 9.22793806e-01
    2.66658187e-01 8.54219675e-01 8.67327034e-01 7.84757733e-03
    1.03424996e-01 1.66740537e-01 9.81635511e-01 5.76855421e-01
    4.78330255e-03 8.76401782e-01 5.50365627e-01 9.45962071e-02
    2.50188172e-01 6.58476830e-01 2.52276301e-01 9.45740998e-01
    9.56984401e-01 8.22482705e-01 9.30952430e-01 7.54572511e-01
    6.34773076e-02 4.36586142e-02 7.72122622e-01 7.79716790e-01
    6.46484733e-01 4.36370611e-01 9.42572355e-01 6.03577375e-01
    8.59268785e-01 3.53813857e-01 6.23579562e-01 3.90537500e-01
    9.22201395e-01 7.10044444e-01 9.10652757e-01 7.79241323e-01
    1.16522431e-01 4.39660579e-01 9.33550179e-01 1.73207045e-01
    8.10791314e-01 4.89751190e-01 2.36327589e-01 3.36209834e-01
    4.55868006e-01 1.67102367e-01 1.04521215e-01 2.99321830e-01
    6.18036985e-02 5.90213120e-01 2.00457394e-01 5.42327404e-01
    7.75844812e-01 1.47778600e-01 2.24566966e-01 1.27949327e-01
    6.19918406e-01 9.90352631e-02 4.83506680e-01 4.83054817e-01
    1.56311214e-01 9.41058695e-02 4.90902960e-01 1.36576861e-01
    1.07848942e-02 9.74528074e-01 7.48495698e-01 7.06178606e-01
    9.12422597e-01 7.58338809e-01 9.53711987e-01 6.05959654e-01
    8.16254914e-01 4.92148459e-01 5.78250647e-01 7.07426131e-01
    4.21434969e-01 9.14998531e-01 7.59624243e-02 7.16237545e-01
    3.22618127e-01 7.66779780e-01 5.35092592e-01 8.80806923e-01
    4.66396570e-01 3.94168347e-01 5.36111653e-01 9.09762800e-01
    4.99694675e-01 5.63901663e-02 3.43357563e-01 3.36792290e-01
    7.31427073e-01 6.37732506e-01 3.56202990e-01 9.73773897e-02
    6.80319965e-02 8.08079541e-01 2.29753733e-01 6.22951686e-01
    7.56590545e-01 7.75396943e-01 1.86283857e-01 8.16494584e-01
    3.42024863e-01 2.99067080e-01 6.36816859e-01 2.59060860e-01
    7.45714188e-01 7.69561887e-01 8.24337423e-01 9.84406114e-01
    3.01734209e-01 2.62457192e-01 8.66245091e-01 4.52414125e-01
    2.34259009e-01 3.51349473e-01 9.09298539e-01 3.59381378e-01
    1.35131329e-01 8.87379050e-02 5.93742192e-01 4.80642498e-01
    9.22472715e-01 9.28848743e-01 8.15282702e-01 8.80397558e-01
    3.37940276e-01 3.97065252e-01 4.79163706e-01 4.70176667e-01
    9.27273989e-01 1.14397556e-01 1.34391695e-01 2.28963733e-01
    3.63521785e-01 8.97460341e-01 8.72616410e-01 9.45113540e-01
    5.03581285e-01 9.36237216e-01 8.12824786e-01 9.74274337e-01
    3.23831737e-01 8.07885647e-01 1.68262720e-01 6.05377018e-01
    2.28850991e-01 2.93754101e-01 6.40257001e-02 5.05925179e-01
    7.48774409e-01 1.79729730e-01 3.59910697e-01 1.32811815e-01
    6.01222873e-01 2.16278523e-01 6.67377949e-01 3.43308866e-01
    6.95250273e-01 8.59488487e-01 5.72196960e-01 3.45144898e-01
    2.48952717e-01 3.68009776e-01 6.55687749e-02 6.68815911e-01
    5.74119866e-01 7.18097210e-01 7.48859167e-01 3.25653225e-01
    6.65600777e-01 2.80988038e-01 1.57743424e-01 5.03702641e-01
    5.68309128e-02 1.70650274e-01 3.49223614e-03 5.68238795e-01
    1.45861119e-01 4.19404596e-01 3.19601089e-01 2.78589129e-03
    7.50154853e-02 4.65998173e-01 8.63447011e-01 2.36976147e-02
    9.67998862e-01 1.98529541e-01 6.17245197e-01 6.36514246e-01
    5.25634885e-02 8.66466522e-01 9.49244082e-01 6.09949768e-01
    1.91926360e-02 7.34160841e-01 6.46344721e-02 2.39993364e-01
    3.35907549e-01 3.98393989e-01 2.09565073e-01 3.74881536e-01
    3.98580283e-01 7.74506330e-02 2.04941332e-01 7.80638993e-01
    9.49667335e-01 9.55289841e-01 6.30417407e-01 1.52280509e-01
    9.26228881e-01 5.77213168e-02 1.52619660e-01 9.38969553e-01
    9.34416473e-01 5.59285462e-01 9.62830961e-01 8.33825231e-01
    8.06533933e-01 8.30453932e-02 7.64805615e-01 4.82510924e-02
    1.45011246e-02 1.68295443e-01 4.06415641e-01 1.24397457e-01
    2.55917549e-01 9.76607978e-01 5.57846904e-01 2.76036263e-02
    9.94176626e-01 6.43038630e-01 1.72838718e-01 3.34393322e-01
    4.76869166e-01 8.19936872e-01 8.21291625e-01 9.04677153e-01
    1.66398913e-01 9.74153519e-01 4.93544519e-01 6.49024725e-01
    8.35147858e-01 4.93704051e-01 5.62699080e-01 9.99018312e-01
    1.77236080e-01 8.29491377e-01 4.46044743e-01 1.91164017e-01
    2.46572644e-01 1.94968551e-01 7.90292025e-03 2.32175142e-01
    3.40508223e-01 3.61509383e-01 9.69076037e-01 7.55196095e-01
    9.37946558e-01 9.33273077e-01 7.80506849e-01 8.03242445e-01
    6.64522052e-02 7.55227149e-01 1.85975194e-01 2.11224824e-01
    7.02902377e-01 4.47338939e-01 6.48817301e-01 7.34722137e-01
    9.18252468e-01 4.77993399e-01 9.81528640e-01 8.57737958e-01
    1.19915843e-01 4.34258938e-01 5.25470555e-01 7.41887450e-01
    5.03174543e-01 4.78556067e-01 1.20647103e-01 2.01763391e-01
    2.82875597e-02 8.20339918e-01 2.01792717e-02 2.09406078e-01
    4.59971726e-01 6.11332059e-03 5.16776860e-01 5.69921136e-01
    7.46678293e-01 7.74501204e-01 5.98541975e-01 7.59539783e-01
    2.75734961e-01 2.08164245e-01 4.67313468e-01 6.80708110e-01
    4.58588004e-01 4.94882435e-01 9.84997869e-01 1.72741681e-01
    6.56628370e-01 9.95719075e-01 1.69341087e-01 3.94668967e-01
    6.08949661e-01 7.03033447e-01 7.12019920e-01 9.20772791e-01
    4.22623336e-01 2.00807065e-01 6.23239458e-01 8.63137007e-01
    3.20846975e-01 2.98046172e-01 6.36416316e-01 6.58865273e-01
    2.38090128e-01 9.38793302e-01 9.39594269e-01 2.69059867e-01
    7.70830393e-01 9.85194921e-01 8.70269537e-01 1.32824481e-02
    2.82868743e-01 2.23118961e-02 3.84237558e-01 2.43043631e-01
    8.88537645e-01 2.77429223e-01 1.98942423e-02 6.36655927e-01
    6.36630237e-01 4.89362746e-01 1.91700459e-03 1.72586173e-01
    6.53547347e-02 7.85454392e-01 8.40457439e-01 9.10323262e-01
    7.20157325e-01 9.81422186e-01 9.05056477e-01 9.87500906e-01
    4.66499925e-01 1.48806244e-01 1.85307324e-01 8.83910060e-02
    5.51880658e-01 7.75120974e-01 1.51485085e-01 2.62801647e-01
    3.28153074e-01 6.29419148e-01 2.31534988e-01 2.72190273e-01
    9.30303454e-01 8.08873355e-01 3.96307409e-01 8.23058903e-01
    8.90942574e-01 1.71432883e-01 1.99996769e-01 8.59033585e-01
    9.36194658e-02 2.87854940e-01 5.82505405e-01 5.07934034e-01
    9.47949171e-01 6.51376247e-01 6.40177846e-01 5.49533188e-01
    5.71638167e-01 6.26886904e-01 4.32915032e-01 5.10179341e-01
    1.14918321e-01 9.32718158e-01 9.96153712e-01 5.18241465e-01
    5.27127147e-01 9.31442618e-01 1.36651397e-02 4.55271602e-01
    5.91578960e-01 7.80249000e-01 5.19851565e-01 1.81185901e-02
    6.55890226e-01 1.14204615e-01 4.64799076e-01 5.27513683e-01
    2.94996262e-01 1.08028173e-01 3.60389292e-01 2.07357377e-01
    3.56248081e-01 1.46609575e-01 9.33816135e-01 9.74266768e-01
    9.01140928e-01 1.29648447e-02 3.74369979e-01 2.89725512e-01
    2.30095387e-01 8.15252185e-01 2.47364998e-01 9.13484037e-01
    8.12735200e-01 4.65496242e-01 7.69951582e-01 3.29969257e-01
    8.88128102e-01 4.28722233e-01 6.36785090e-01 2.59928703e-01
    3.30903947e-01 5.14990687e-01 9.04183865e-01 9.91498113e-01
    2.87325531e-01 8.32208037e-01 7.33855963e-01 7.77586639e-01
    9.54367816e-02 8.03420484e-01 8.45412314e-01 8.03097188e-02
    8.23627114e-02 6.93134487e-01 5.55993021e-01 9.81980085e-01
    3.57293993e-01 7.14299858e-01 9.61987138e-01 9.15855825e-01
    3.86230379e-01 9.89544868e-01 1.91603750e-01 5.09534717e-01
    1.20046973e-01 2.51484901e-01 2.90391445e-02 6.81318641e-01
    7.07499623e-01 9.42775369e-01 3.91375184e-01 2.52286643e-01
    3.11743170e-01 6.02427006e-01 9.27273393e-01 1.89884573e-01
    1.74121946e-01 4.90094572e-01 3.12742889e-01 1.52725399e-01
    9.53621507e-01 3.63655508e-01 5.26541948e-01 5.26106358e-01
    7.30722010e-01 8.74557376e-01 9.39617515e-01 8.01653147e-01
    3.52468431e-01 7.99830556e-02 3.06242406e-02 2.27960825e-01
    5.47596395e-01 8.00297320e-01 5.21124542e-01 2.31677443e-01
    3.38056266e-01 1.51008993e-01 8.21092308e-01 6.29728556e-01
    3.94994318e-01 6.06435299e-01 8.59926641e-01 8.30841064e-02
    6.13017678e-02 3.29386413e-01 1.48526192e-01 5.28998554e-01
    6.87279463e-01 3.83205414e-01 5.71591735e-01 1.56700492e-01
    1.65528834e-01 6.51633799e-01 8.19989443e-02 5.21475375e-02
    5.40935993e-02 5.66882432e-01 9.19998884e-02 9.31664228e-01
    9.61306095e-02 3.80137593e-01 9.84051347e-01 9.41191494e-01
    7.48622656e-01 4.34823632e-02 1.16553128e-01 9.13261175e-02
    9.01545405e-01 7.04705715e-03 2.85100579e-01 8.83044302e-01
    6.90717578e-01 4.79086339e-02 7.52950490e-01 7.33325183e-02
    1.25788152e-01 3.56823027e-01 4.03871834e-02 8.30051064e-01
    9.30295944e-01 8.23178947e-01 6.28916979e-01 2.75000960e-01
    1.31170154e-01 8.29488933e-01 9.42735314e-01 9.34764981e-01
    1.55089080e-01 3.36414993e-01 8.76250565e-02 6.14385903e-02
    8.32120895e-01 3.18242610e-02 6.54327035e-01 5.27161896e-01
    9.93143320e-01 7.06337512e-01 4.48201656e-01 8.79437208e-01
    4.16007519e-01 4.89766270e-01 1.63776815e-01 9.66422021e-01
    1.85913593e-01 1.48475170e-04 7.06850588e-01 6.85126007e-01
    2.61143863e-01 1.46140873e-01 5.28730989e-01 6.14239275e-01
    1.44752949e-01 4.46723074e-01 4.84991491e-01 6.34312809e-01
    5.21104455e-01 8.39825392e-01 2.01663554e-01 4.79343534e-02
    6.36392474e-01 4.91465300e-01 1.46404475e-01 1.18151277e-01
    6.76682591e-02 5.47040999e-01 3.72271419e-01 8.29819560e-01
    6.73568964e-01 1.97839290e-01 1.84683084e-01 6.36017859e-01
    4.88093972e-01 1.77181959e-01 3.57316017e-01 9.68998551e-01
    6.21075749e-01 6.89190269e-01 4.39436674e-01 2.39021659e-01
    4.82792318e-01 3.46495569e-01 3.77316952e-01 4.87249166e-01
    3.43909919e-01 2.47923851e-01 7.56980062e-01 4.15992320e-01
    5.04964054e-01 7.02933311e-01 9.65947390e-01 6.06438279e-01
    4.56052482e-01 2.51710296e-01 6.87288046e-02 7.65292525e-01
    2.14967430e-02 4.56456631e-01 1.77614868e-01 9.54718947e-01
    5.64976871e-01 8.82501721e-01 8.06138873e-01 6.74092710e-01
    9.69893932e-01 7.24609852e-01 2.57302940e-01 2.80150592e-01
    4.59129155e-01 4.46389139e-01 5.52741826e-01 7.87367165e-01
    9.96081591e-01 8.06901515e-01 1.31369621e-01 7.71003067e-02
    8.27995002e-01 1.33413941e-01 1.80807203e-01 8.22197199e-02
    4.83446866e-01 2.36759484e-01 7.79844820e-01 6.79973304e-01
    1.96115971e-01 4.32772636e-01 3.83160263e-01 8.22592378e-01
    7.48985231e-01 5.36782146e-01 4.71918702e-01 2.45629847e-01
    6.10939741e-01 5.30548871e-01 6.76641703e-01 1.68305367e-01
    5.78227401e-01 9.52591181e-01 1.35743707e-01 2.24963188e-01
    5.83763301e-01 9.31767702e-01 5.32347500e-01 1.38504356e-01
    6.94195330e-02 7.84070611e-01 8.16240788e-01 7.66762495e-02
    7.57184148e-01 7.49845922e-01 6.77086532e-01 4.41766083e-02
    9.94408250e-01 9.76096988e-02 2.13126630e-01 4.94626313e-01
    9.39844131e-01 8.87206554e-01 1.34192884e-01 1.52570873e-01
    5.92726350e-01 6.42722547e-01 3.12454283e-01 7.60878742e-01
    8.03262234e-01 8.57923150e-01 8.93619895e-01 5.79353392e-01
    9.76988912e-01 3.46445411e-01 4.07456160e-01 4.92781043e-01
    7.69739330e-01 9.09691930e-01 1.71193093e-01 2.54145592e-01
    8.90502334e-03 5.42397916e-01 1.40703291e-01 4.80650634e-01
    8.25653493e-01 1.85958117e-01 3.70978445e-01 3.63976359e-02
    5.06559312e-02 6.04746640e-01 2.01085508e-01 6.06242537e-01
    6.40209436e-01 3.13106954e-01 8.80739450e-01 6.56144500e-01
    5.95546365e-01 1.22037113e-01 4.05127615e-01 3.67171764e-01
    2.28975505e-01 7.37661123e-03 7.00653672e-01 1.59933299e-01
    3.72026235e-01 7.18758881e-01 6.07287765e-01 3.23921800e-01
    9.43170667e-01 6.14730775e-01 2.39802003e-02 1.56353712e-02
    6.65977895e-02 9.79248285e-01 4.37258929e-01 1.43711984e-01
    2.80330688e-01 7.59260595e-01 1.25600725e-01 6.09859943e-01
    8.96775126e-01 8.54779840e-01 4.70502079e-01 5.76020718e-01
    2.33550340e-01 9.95926857e-01 3.32610518e-01 4.67720389e-01
    3.20285290e-01 6.71106458e-01 7.90105224e-01 2.76287794e-01
    1.67953968e-02 2.88629025e-01 7.90977657e-01 2.82982826e-01
    3.30971509e-01 8.63129377e-01 2.87435412e-01 2.27379560e-01
    3.33361655e-01 2.22595006e-01 3.63515079e-01 5.81483901e-01
    1.57675654e-01 3.59100521e-01 6.00820780e-01 8.17396402e-01
    3.60936224e-02 2.09695995e-01 5.84365070e-01 7.67651856e-01
    9.23803449e-01 3.85051668e-01 1.81079835e-01 2.65028685e-01
    8.04234803e-01 1.24030441e-01 5.90151370e-01 3.46374989e-01
    7.89893508e-01 4.41606641e-01 5.52225113e-01 5.98773599e-01
    4.32729721e-01 7.09360361e-01 6.15244865e-01 5.56371510e-02
    3.97966295e-01 5.82793713e-01 9.79775667e-01 4.43067878e-01
    1.37499541e-01 7.07577825e-01 7.56997108e-01 5.29340029e-01
    6.86379790e-01 5.89799881e-03 9.90175426e-01 1.48884505e-01
    8.59010637e-01 1.44776940e-01 4.97162730e-01 6.96221054e-01
    8.43618989e-01 7.42652833e-01 9.41662073e-01 2.06331760e-01
    1.38335407e-01 4.01524544e-01 7.28012323e-01 6.83870316e-01
    4.72367257e-01 7.10489511e-01 2.47871339e-01 1.54180110e-01
    8.47338080e-01 2.26062238e-01 3.18692863e-01 9.62905884e-01
    2.93534994e-01 1.85651600e-01 3.64070892e-01 2.50656962e-01
    7.59480357e-01 5.31811178e-01 9.31768298e-01 1.70665681e-01
    8.29538465e-01 8.36284876e-01 7.65767217e-01 6.93763077e-01
    9.47203517e-01 7.75972426e-01 2.70953625e-01 2.34100223e-03
    8.73423100e-01 3.76695991e-01 4.77961719e-01 1.57828182e-01
    5.46710968e-01 4.70442772e-02 4.55080509e-01 1.98105544e-01
    8.41162562e-01 9.29466367e-01 9.34569478e-01 1.84972286e-01
    5.46701193e-01 5.59003830e-01 2.57044077e-01 4.95975077e-01
    5.17064273e-01 2.37022012e-01 2.07488745e-01 8.38166654e-01
    2.37708241e-01 7.68212259e-01 8.50115418e-02 1.68499738e-01
    6.56287670e-01 1.37864381e-01 8.97347093e-01 9.35818672e-01
    3.35571945e-01 2.65828669e-01 8.20708275e-01 9.70703602e-01
    6.07862353e-01 2.70802528e-01 3.12146515e-01 7.68844068e-01
    1.01612031e-01 2.19149292e-02 9.18468475e-01 6.52259648e-01
    3.60786438e-01 4.66431975e-01 7.54598022e-01 1.65993661e-01
    6.95564926e-01 7.67883420e-01 3.44329953e-01 2.40842342e-01
    3.53578925e-02 6.41529679e-01 9.10022020e-01 1.04811013e-01
    5.61182499e-02 6.58453763e-01 6.02351487e-01 3.65241766e-02
    2.71472752e-01 6.50659800e-01 3.43859851e-01 2.05567002e-01
    2.39158779e-01 3.24803591e-01 9.90508914e-01 8.11314285e-02
    3.12120438e-01 8.35120559e-01 5.20329714e-01 4.49883252e-01
    2.53502250e-01 5.11355400e-01 9.46662188e-01 8.23174357e-01
    8.22803140e-01 4.69915122e-01 3.16341519e-01 6.45047069e-01
    6.29437804e-01 1.60318077e-01 2.02686369e-01 4.10687149e-01
    6.10222638e-01 8.79062414e-01 7.23275363e-01 5.12019634e-01
    4.39407051e-01 6.94492757e-02 5.69505870e-01 1.29302233e-01
    9.10236835e-01 3.09484005e-02 7.83426762e-01 7.87364483e-01
    8.06347847e-01 3.23457778e-01 5.04597425e-01 4.73922938e-01
    9.36081827e-01 4.93236482e-01 7.18431354e-01 2.87620127e-01
    9.92230058e-01 3.06696892e-01 9.97858346e-02 8.72761667e-01
    9.17340279e-01 8.38152289e-01 6.79897010e-01 3.80870104e-01
    3.39957356e-01 4.97557819e-02 7.19660819e-01 2.65104055e-01
    8.98750424e-02 4.21309173e-02 9.52312052e-01 9.57354903e-01
    2.13201791e-01 8.60358477e-01 5.97735167e-01 8.66295218e-01
    9.83032703e-01 2.09152162e-01 9.61240530e-01 2.90928453e-01
    8.71772647e-01 5.30921936e-01 6.88391268e-01 9.94794190e-01
    2.34345496e-01 8.80901217e-01 2.16252804e-01 4.60437477e-01
    9.94505882e-02 1.26787692e-01 1.99286133e-01 9.25224543e-01
    8.64768267e-01 7.31286824e-01 8.09115291e-01 1.70641840e-01
    2.42650717e-01 6.52505696e-01 5.77807963e-01 5.08502960e-01
    6.34288311e-01 5.34664810e-01 7.52718925e-01 2.68947601e-01
    5.89053988e-01 1.42362118e-02 8.18772912e-01 1.70832872e-02
    7.76287675e-01 4.06575799e-01 9.96903598e-01 6.71201766e-01
    4.85702187e-01 1.40192747e-01 9.87957597e-01 5.37424386e-02
    4.66765255e-01 6.18194938e-02 7.91861057e-01 9.36040759e-01
    8.98229122e-01 7.91717887e-01 2.11304516e-01 2.47960657e-01
    3.13145190e-01 5.50266564e-01 9.09147322e-01 8.95286500e-01
    9.10817385e-01 8.73882473e-02 4.37927246e-03 1.31289423e-01
    8.42902899e-01 7.64247477e-02 3.46327037e-01 6.99184537e-01
    4.62851256e-01 5.21241128e-01 6.13440335e-01 5.71630657e-01
    3.83946598e-02 9.72403228e-01 9.68399644e-01 3.99061739e-02
    5.85476875e-01 4.82601196e-01 2.19656318e-01 8.41256261e-01
    1.58427685e-01 6.72479331e-01 6.56433463e-01 2.67661452e-01
    2.22818166e-01 8.17990303e-01 3.81461769e-01 3.23897570e-01
    8.62788498e-01 9.19603646e-01 5.57156026e-01 2.85322845e-01
    4.02302504e-01 6.09899104e-01 8.70507479e-01 4.20151651e-01
    3.77143055e-01 7.96697438e-02 5.78944802e-01 2.48652875e-01
    2.60209620e-01 5.19715548e-01 3.02272677e-01 6.21035695e-03
    3.72554272e-01 8.28873396e-01 3.70300144e-01 4.90033925e-01
    8.67755175e-01 8.94995213e-01 6.77134216e-01 7.85046458e-01
    9.49124575e-01 3.57586801e-01 7.40343332e-01 7.33371735e-01
    4.83544290e-01 6.98305547e-01 1.31855220e-01 8.77009392e-01
    3.60931218e-01 2.69588053e-01 6.34979367e-01 4.92543697e-01
    7.85802722e-01 6.87433898e-01 8.91909897e-02 3.57699722e-01
    8.40641856e-01 6.84765577e-02 9.88315940e-01 6.42481029e-01
    5.82438171e-01 1.58407271e-01 1.63223952e-01 2.57111192e-01
    4.30179924e-01 5.74396431e-01 7.38459945e-01 4.77072597e-03
    6.65997803e-01 2.69173682e-01 7.00210631e-01 6.63260996e-01
    4.57014143e-01 7.11762309e-01 1.97757781e-01 5.62030852e-01
    2.97951043e-01 7.21717656e-01 9.79754686e-01 7.23664641e-01
    1.71270728e-01 3.98859054e-01 7.91786313e-02 3.68703902e-01
    4.75417763e-01 7.90742218e-01 7.89227903e-01 2.00970769e-01
    7.82183826e-01 9.15084720e-01 7.93675065e-01 1.66370034e-01
    9.60468888e-01 9.91801798e-01 5.26482999e-01 2.82198370e-01
    1.34215087e-01 2.23360866e-01 7.67072797e-01 4.54878718e-01
    9.93777990e-01 7.09296107e-01 6.02539539e-01 1.85975432e-01
    1.72708571e-01 9.43136811e-02 7.51235485e-01 4.79148597e-01
    8.95016551e-01 3.35882157e-01 6.13763452e-01 1.10644877e-01
    4.42012131e-01 6.82573676e-01 7.31461346e-02 1.60206884e-01
    5.13914049e-01 5.25368631e-01 2.92839289e-01 8.07047486e-01
    8.36656868e-01 9.85985577e-01 7.18142331e-01 5.82540512e-01
    1.60863787e-01 2.86173761e-01 6.14528537e-01 8.97163987e-01
    2.39448935e-01 6.08309746e-01 5.29498160e-02 3.58929247e-01
    6.43002510e-01 3.29861283e-01 7.13151932e-01 2.23832607e-01
    5.74023426e-01 8.77740502e-01 9.16899085e-01 5.29937506e-01
    6.23644233e-01 9.70453620e-01 8.36399674e-01 3.99242699e-01
    1.30034596e-01 8.25754404e-01 7.08056688e-01 1.38953239e-01
    6.49980068e-01 3.45954657e-01 3.72959852e-01 3.51718515e-01
    6.34369612e-01 7.20122337e-01 1.88681096e-01 9.14482832e-01
    3.91728640e-01 3.71554106e-01 5.43466687e-01 8.23677778e-02
    7.03495324e-01 9.21882212e-01 6.33353651e-01 8.20095778e-01
    3.90037239e-01 5.37982583e-02 8.00620854e-01 1.63835347e-01
    3.25759292e-01 8.93694997e-01 1.65357798e-01 5.32752395e-01
    1.34244144e-01 1.44133449e-01 8.61773372e-01 1.80116504e-01
    4.49990451e-01 3.01688880e-01 4.56363857e-02 9.97485816e-01
    5.62440753e-01 5.46646297e-01 2.72540450e-01 3.08724821e-01
    7.57838249e-01 9.19888794e-01 3.31320643e-01 9.49304223e-01
    9.23752666e-01 4.20075148e-01 1.14329964e-01 5.25409877e-01
    9.45164323e-01 7.66933680e-01 8.22209477e-01 1.19168460e-01
    1.05094761e-01 5.88028431e-01 7.14375794e-01 7.25977421e-01
    3.29743564e-01 8.65989923e-01 5.25477529e-01 7.99218297e-01
    2.26768583e-01 4.53448385e-01 3.88631225e-01 4.00284678e-01
    2.92890191e-01 6.24249458e-01 5.83625615e-01 2.03833580e-02
    5.67284763e-01 1.49234116e-01 1.61141753e-02 3.50165814e-01
    7.25387573e-01 2.84141421e-01 2.43650585e-01 1.23228252e-01
    2.00864166e-01 7.49780238e-01 7.89076924e-01 7.05992579e-01
    8.77186775e-01 8.83581161e-01 8.64759564e-01 2.42426306e-01
    2.43652165e-01 1.91401720e-01 7.71459281e-01 5.27687669e-02
    9.00242448e-01 7.54398704e-01 5.03476322e-01 4.46407199e-01
    7.49604702e-02 6.88576698e-01 3.63826424e-01 8.82419765e-01
    8.48752081e-01 5.34421682e-01 8.55560899e-01 7.92492628e-01
    4.49098080e-01 3.62962127e-01 3.76180410e-01 4.42263931e-01
    7.81321526e-03 4.93396938e-01 7.92797804e-01 8.41338634e-01
    6.63349390e-01 8.84885073e-01 4.52012658e-01 8.73146296e-01
    4.17140841e-01 2.12012529e-02 1.62986308e-01 5.00436604e-01
    4.85892862e-01 1.84016764e-01 8.78866017e-01 5.47135890e-01
    9.19379592e-01 4.41425353e-01 1.03428483e-01 8.59431505e-01
    5.02600431e-01 2.67162353e-01 6.01377666e-01 4.06272680e-01
    5.71001530e-01 8.50271821e-01 5.03765523e-01 8.61446381e-01
    9.52694893e-01 6.02413654e-01 2.38720357e-01 4.80919003e-01
    3.07152748e-01 6.50133491e-01 8.73190641e-01 7.04222143e-01
    6.80886209e-01 7.44608700e-01 4.83908743e-01 9.34701443e-01
    7.36987352e-01 1.10708624e-01 5.86995304e-01 4.61780131e-02
    2.30197132e-01 4.52068985e-01 2.85542727e-01 1.37741446e-01
    7.00504839e-01 9.85799193e-01 8.10576677e-01 4.39605236e-01
    9.97195840e-02 5.77413619e-01 4.83554214e-01 1.67641222e-01
    4.23036695e-01 3.38377684e-01 5.16738415e-01 8.20187747e-01
    4.21596766e-01 6.93116367e-01 8.27695251e-01 4.05604988e-01
    6.35777771e-01 7.46537507e-01 7.22220540e-01 7.91634738e-01
    9.67480242e-01 2.57852167e-01 7.97746181e-01 9.52236295e-01
    7.08291650e-01 8.66139591e-01 9.88018751e-01 8.59630823e-01
    3.14448595e-01 3.11232626e-01 2.88229167e-01 9.27734613e-01
    7.90528476e-01 1.35409772e-01 6.47002220e-01 9.37175512e-01
    2.69429982e-01 8.15944791e-01 5.43392301e-01 2.94330716e-01
    2.31245160e-03 3.24264139e-01 6.88954055e-01 4.66502041e-01
    4.68247592e-01 8.49158645e-01 6.54593110e-01 7.52784371e-01
    2.53493488e-01 4.39440072e-01 8.69436502e-01 1.66355729e-01
    7.31210947e-01 8.37878823e-01 3.68023932e-01 8.96414101e-01
    1.84489965e-01 5.26253760e-01 3.62048298e-01 8.71501684e-01
    1.13517851e-01 9.52493548e-01 4.35272574e-01 4.23244238e-02
    4.07982111e-01 2.14837253e-01 4.17515218e-01 5.89620113e-01
    5.15929282e-01 6.86685145e-02 4.48623568e-01 8.12368214e-01
    7.26922870e-01 9.99982178e-01 9.29764152e-01 7.32653439e-01
    3.53151262e-01 8.79728794e-01 7.95037210e-01 8.56349111e-01
    9.52668548e-01 8.55251312e-01 2.30731428e-01 7.07660198e-01
    4.01530266e-01 7.84524381e-02 9.17783499e-01 8.64081204e-01
    8.26559782e-01 6.95451498e-01 2.98236310e-02 6.01209283e-01
    6.64480329e-01 6.47422135e-01 4.94768083e-01 3.80248308e-01
    2.65890956e-01 9.44999933e-01 5.89826465e-01 2.97066569e-01
    1.75185114e-01 1.54095024e-01 6.82821631e-01 8.88501525e-01
    8.00015688e-01 7.70833969e-01 9.60022271e-01 1.25874609e-01
    5.19746542e-01 6.22424543e-01 7.63235450e-01 9.40337777e-02
    8.13220799e-01 5.79416811e-01 7.75335491e-01 6.43574774e-01
    4.40508306e-01 3.52202952e-02 2.10137695e-01 6.40481055e-01
    5.97938836e-01 3.86134982e-01 9.02978718e-01 5.43069303e-01
    3.02585959e-01 7.75005400e-01 6.54299855e-01 4.60436165e-01
    8.66279185e-01 8.50479245e-01 6.83855712e-02 8.87723565e-02
    6.43352449e-01 4.82761055e-01 1.10036194e-01 2.28639960e-01
    7.13121176e-01 8.42699528e-01 3.56247067e-01 3.40112180e-01
    2.96996832e-02 2.83250213e-02 3.03490758e-01 6.17075264e-01
    7.85587788e-01 5.78621507e-01 5.29513121e-01 5.91181695e-01
    1.12904459e-01 9.40013409e-01 1.43782109e-01 3.79266649e-01
    1.48293197e-01 5.37473738e-01 3.34364355e-01 8.58509779e-01
    6.38875842e-01 4.33578014e-01 6.34515166e-01 1.52009308e-01
    7.52233505e-01 1.57434046e-01 8.28334033e-01 4.66563523e-01
    8.84794712e-01 8.51365924e-03 1.67761803e-01 7.77047694e-01
    6.43819392e-01 8.57215643e-01 6.66721463e-01 8.08113813e-01
    5.50569177e-01 2.09666342e-01 8.67503941e-01 2.13119268e-01
    2.36030102e-01 1.21490657e-01 2.55763203e-01 6.81601644e-01
    7.67048955e-01 3.40445280e-01 8.33968341e-01 5.80052733e-01
    8.85179400e-01 3.72997254e-01 1.55214071e-01 6.56547546e-01
    4.38367695e-01 3.54405016e-01 4.76286471e-01 2.84143984e-01
    6.76717997e-01 5.90506017e-01 5.56501269e-01 6.90523684e-01
    3.04585576e-01 5.68731487e-01 3.82749140e-01 8.88535976e-01
    1.42179519e-01 3.68966997e-01 6.45192564e-01 9.94679272e-01
    5.98100662e-01 1.57451332e-01 9.08268034e-01 2.10635126e-01
    1.78499162e-01 2.43517369e-01 5.02554536e-01 4.40706253e-01
    1.95231050e-01 8.00510406e-01 3.06618273e-01 1.42560512e-01
    4.35717344e-01 2.18954533e-01 1.59806371e-01 5.10343313e-01
    2.21985996e-01 2.35715657e-01 5.56979179e-01 7.64227271e-01
    2.64610946e-02 1.58874422e-01 5.00550866e-01 7.77232111e-01
    7.21849620e-01 5.81351280e-01 8.55986416e-01 9.76382613e-01
    8.57857704e-01 8.27851415e-01 7.70218730e-01 8.14877987e-01
    7.85668612e-01 3.70686471e-01 5.43323696e-01 2.01015085e-01
    4.55654025e-01 6.50316298e-01 2.12317884e-01 6.73821509e-01
    9.62908566e-02 1.50500953e-01 6.10911667e-01 3.66126776e-01
    8.09933901e-01 7.58927166e-01 6.27165914e-01 1.67725086e-02
    7.61889815e-01 5.44052362e-01 7.32836127e-03 5.41689754e-01
    1.60203338e-01 4.16802287e-01 5.99861860e-01 7.37765908e-01
    5.49170673e-01 2.78624892e-01 8.26118708e-01 6.68610215e-01
    8.84794235e-01 6.80515289e-01 9.82491910e-01 4.81528699e-01
    6.58468544e-01 6.03275537e-01 8.35354388e-01 8.52118611e-01
    9.21120822e-01 5.07577121e-01 7.08621383e-01 5.45673132e-01
    2.54539937e-01 7.99046040e-01 6.03005707e-01 6.40033901e-01
    5.41128814e-02 1.77942604e-01 9.90182936e-01 2.11116940e-01
    3.79001141e-01 4.07345474e-01 9.66194510e-01 4.36417311e-01
    6.15152776e-01 5.13831973e-01 9.21647191e-01 7.49375939e-01
    2.58095771e-01 7.28772283e-01 8.13602746e-01 3.32081497e-01
    9.78539586e-01 6.16432428e-01 2.93179333e-01 7.54230738e-01
    4.97780621e-01 1.15051240e-01 1.71953499e-01 1.09675527e-03
    4.79997724e-01 3.95192474e-01 2.01325297e-01 1.84034586e-01
    5.94242811e-02 6.64208770e-01 2.43126243e-01 9.17222381e-01
    3.16886067e-01 4.72328097e-01 4.35893476e-01 6.05754972e-01
    6.42983794e-01 5.14418185e-01 8.38646173e-01 5.19967079e-01
    3.27515900e-01 2.21299589e-01 6.49291873e-02 6.61356866e-01
    8.83004546e-01 5.31456470e-02 1.30086184e-01 7.61285722e-01
    9.07610953e-02 7.20206082e-01 3.66818786e-01 3.68649065e-01
    1.76762640e-02 9.72247124e-01 8.33627939e-01 4.24255818e-01
    7.02117980e-02 5.27871251e-01 7.53466904e-01 7.86851764e-01
    1.18299514e-01 4.82271850e-01 1.11914039e-01 6.28280401e-01
    6.23153210e-01 7.49013424e-01 3.95959020e-01 6.95013404e-01
    1.72006726e-01 9.84501839e-03 9.23189044e-01 7.28539288e-01
    2.37631679e-01 3.10497761e-01 7.64655828e-01 5.78618884e-01
    1.95312202e-01 1.10309362e-01 9.95333076e-01 9.05753076e-02
    4.95597064e-01 8.01343262e-01 8.07375312e-01 3.59446704e-02
    1.61287159e-01 1.90709233e-01 2.00124025e-01 9.08005238e-01
    4.39252943e-01 2.99750447e-01 3.39673042e-01 1.10722750e-01
    9.45323229e-01 9.02935505e-01 7.25808620e-01 9.61550474e-01
    9.41415548e-01 5.60044587e-01 4.98085558e-01 6.19539618e-03
    5.04439235e-01 5.40166736e-01 6.29521012e-01 8.07330608e-01
    2.57117242e-01 8.24627459e-01 8.80338788e-01 3.63258481e-01
    4.33347493e-01 2.38894522e-01 6.98220432e-01 7.17923045e-02
    2.59210765e-01 6.21462166e-01 6.51190758e-01 1.67260230e-01
    4.39743280e-01 2.02199161e-01 2.72796810e-01 3.50298375e-01
    9.20287013e-01 6.09528065e-01 2.16927499e-01 4.75168616e-01
    6.85754061e-01 8.36282670e-02 9.16081905e-01 8.48849952e-01
    7.45210648e-02 7.66640246e-01 5.32155156e-01 4.80000079e-02
    4.79763031e-01 1.61674708e-01 5.78192472e-01 9.72118020e-01
    9.73965108e-01 8.72118235e-01 2.62445688e-01 1.78023726e-01
    6.14346266e-02 1.52559489e-01 7.13479757e-01 6.96181476e-01
    1.30883843e-01 2.01238513e-01 9.31042314e-01 8.68561864e-02
    6.89416409e-01 9.07338202e-01 8.75703454e-01 7.26731718e-01
    5.96593142e-01 1.44377828e-01 4.62203145e-01 9.23181057e-01
    3.85148734e-01 6.47426009e-01 8.36364865e-01 8.56781304e-02
    6.55834794e-01 1.17075771e-01 8.40231240e-01 9.63396311e-01
    1.86461002e-01 9.11710918e-01 2.75022864e-01 1.27680242e-01
    1.61058009e-01 9.37747478e-01 9.96485770e-01 7.76967525e-01
    6.30747318e-01 8.25088620e-02 8.10673833e-02 7.14527369e-01
    8.35903287e-01 4.95910645e-05 5.00620127e-01 1.26872420e-01
    4.39590216e-02 8.22525263e-01 4.08231914e-02 6.62724137e-01
    3.98070037e-01 3.57559919e-02 9.42577064e-01 4.71723229e-01
    2.85538912e-01 9.17742014e-01 9.59014297e-02 6.29037797e-01
    3.15603375e-01 9.67243612e-02 1.79807693e-01 8.97730231e-01
    3.32941532e-01 4.48012650e-01 1.78968549e-01 2.10733175e-01
    8.29465091e-02 5.61822474e-01 8.03252816e-01 5.15030921e-01
    9.50490594e-01 1.57265425e-01 9.69429374e-01 2.34906316e-01
    7.53795683e-01 1.92068219e-02 4.39571261e-01 8.01804125e-01
    3.54440033e-01 3.57868046e-01 8.80708814e-01 5.52396476e-01
    8.01347017e-01 3.37765098e-01 9.12908792e-01 5.15540242e-02
    7.29070365e-01 8.86419296e-01 8.94516110e-01 5.01675308e-02
    6.23019516e-01 5.40662706e-02 1.09733015e-01 5.21013021e-01
    6.83470845e-01 5.82894385e-01 9.74893987e-01 9.26876068e-01
    8.64285946e-01 5.43471694e-01 7.27731645e-01 3.47691178e-02
    3.03437352e-01 4.03209716e-01 4.49598670e-01 9.91579890e-03
    1.31755799e-01 4.45309103e-01 3.62085819e-01 3.89125049e-01
    5.66083908e-01 5.53310573e-01 5.83646297e-01 7.50052691e-01
    5.66887915e-01 3.92454982e-01 3.78217936e-01 3.56764644e-01
    3.91379148e-01 4.21629488e-01 3.04603755e-01 4.03535724e-01
    9.68354523e-01 7.50481725e-01 8.72056603e-01 8.39830399e-01
    4.13162410e-02 5.66293120e-01 5.24116516e-01 8.77160788e-01
    9.97048974e-01 6.40368819e-01 3.03233534e-01 1.25595093e-01
    7.97920465e-01 5.83985627e-01 8.55164826e-02 9.08433557e-01
    9.82132077e-01 9.09360766e-01 7.14912593e-01 3.62916142e-01
    7.58795738e-01 1.61497831e-01 2.92349935e-01 3.76496851e-01
    8.18374872e-01 1.38961703e-01 9.48481083e-01 4.34301794e-02
    4.76867855e-02 4.47396696e-01 6.17833734e-02 2.40612656e-01
    6.74192607e-01 7.73481548e-01 5.65059304e-01 9.33109164e-01
    4.19748992e-01 7.73450732e-01 3.07221293e-01 1.04144543e-01
    2.99934089e-01 5.81449866e-01 6.51683152e-01 9.57146406e-01
    8.62742066e-01 7.68534958e-01 9.82809901e-01 5.36706090e-01
    9.37090218e-01 4.44755375e-01 1.40280128e-02 7.94697225e-01
    2.85796493e-01 4.07210708e-01 7.35484660e-01 3.24577302e-01
    7.48214722e-02 4.89433587e-01 7.36291468e-01 6.52021527e-01
    1.24753267e-01 2.99386144e-01 8.23890209e-01 4.79869306e-01
    6.67604327e-01 8.45822215e-01 6.41117334e-01 8.80575895e-01
    2.17758685e-01 6.51830554e-01 8.43373060e-01 1.13134682e-01
    6.80548549e-01 3.10262233e-01 8.73984516e-01 4.68785524e-01
    8.20558965e-01 3.36358488e-01 5.17574370e-01 1.45437241e-01
    3.14910173e-01 8.30598116e-01 5.62803328e-01 7.48854041e-01
    6.98002577e-01 3.26559484e-01 3.56275052e-01 3.02113444e-01
    7.05498517e-01 4.30028796e-01 1.77198678e-01 2.08444118e-01
    2.12859303e-01 7.91003227e-01 7.32862592e-01 6.24151528e-02
    6.75061047e-02 9.72527146e-01 4.39062417e-02 8.43283415e-01
    8.87898207e-02 6.41704500e-02 3.73565763e-01 3.17394972e-01
    3.57726038e-01 6.52740717e-01 7.21231461e-01 4.26391065e-01
    8.24409127e-01 5.50016701e-01 2.63881654e-01 4.33727145e-01
    1.41895711e-01 1.68864220e-01 1.18645251e-01 5.71182489e-01
    3.00031781e-01 1.93330497e-01 9.57439661e-01 3.89101624e-01
    1.98050529e-01 8.74404371e-01 9.14648294e-01 2.54654944e-01
    1.42574310e-04 5.32495916e-01 6.79940999e-01 1.78992718e-01
    6.58422947e-01 8.29532981e-01 2.25450963e-01 7.16151357e-01
    7.64577210e-01 7.18823314e-01 2.26963967e-01 1.46366090e-01
    1.10530853e-02 8.25660825e-02 7.88566053e-01 3.21343303e-01
    1.53417856e-01 9.06999946e-01 4.73637760e-01 6.28051639e-01
    1.46580517e-01 1.87139750e-01 8.40978265e-01 2.34527886e-02
    3.34106803e-01 9.42668915e-02 5.06229222e-01 2.68613279e-01
    5.33773482e-01 3.77671540e-01 3.96918684e-01 5.00884652e-02
    5.72322905e-02 2.84311682e-01 4.84302819e-01 3.44877064e-01
    3.39493096e-01 4.50054049e-01 3.17627251e-01 5.32151401e-01
    6.83032095e-01 2.47420371e-01 5.97634077e-01 9.73173797e-01
    4.87140715e-01 4.96670634e-01 7.71333635e-01 7.92536557e-01
    2.49296993e-01 4.82945234e-01 4.02632356e-01 4.39092487e-01
    9.54284787e-01 2.97584623e-01 2.24444360e-01 6.47643268e-01
    3.82325500e-01 3.53687763e-01 5.05523205e-01 1.20539516e-01
    6.04445755e-01 3.28700840e-01 5.39869010e-01 7.66485929e-01
    9.38160658e-01 9.19303894e-01 3.03739697e-01 3.29333186e-01
    7.86527276e-01 9.92511094e-01 5.84361076e-01 1.20260805e-01
    9.40639973e-01 7.01774895e-01 2.14191794e-01 5.51218390e-02
    9.44643497e-01 1.88260078e-01 6.87998176e-01 1.94285423e-01
    3.32615733e-01 9.64116573e-01 8.73759866e-01 6.00829720e-02
    6.16863966e-01 6.97761953e-01 1.56691372e-02 7.70338178e-02
    3.61044526e-01 1.28977448e-01 3.26930881e-01 4.17042732e-01
    2.52686441e-02 1.77352786e-01 8.16216648e-01 5.99325240e-01
    4.23434854e-01 1.82122171e-01 3.84275854e-01 2.42610633e-01
    8.00240278e-01 8.63930881e-02 4.91627187e-01 1.66710824e-01
    8.36157799e-01 2.31895298e-01 3.20414007e-02 7.04161227e-01
    5.06766856e-01 3.74625146e-01 3.70422006e-01 4.29308861e-01
    3.07099342e-01 3.24748755e-01 4.09901530e-01 2.30562031e-01
    5.52868068e-01 5.21537423e-01 9.35355186e-01 4.69119936e-01
    8.53750706e-01 6.67525053e-01 1.07091725e-01 1.76722169e-01
    2.36355543e-01 7.66380847e-01 8.71349394e-01 9.31476176e-01
    2.91478336e-01 7.88078547e-01 5.13656974e-01 8.47274840e-01
    7.76939154e-01 2.29743421e-01 8.77558529e-01 5.81846237e-01
    4.55736727e-01 2.08111882e-01 4.83627200e-01 7.59541750e-01
    5.13621628e-01 6.87029302e-01 8.70094538e-01 7.57301092e-01
    2.01721072e-01 2.39144415e-01 9.21490312e-01 2.63267756e-02
    4.25767839e-01 8.30296218e-01 2.75933832e-01 8.03756058e-01
    8.86324584e-01 7.35964060e-01 5.20858824e-01 7.04689920e-02
    5.82735956e-01 7.60595083e-01 9.57590818e-01 3.86867821e-01
    2.83588976e-01 2.59962767e-01 7.65851259e-01 6.81855023e-01
    5.57188272e-01 6.49006248e-01 7.75931358e-01 5.93276620e-01
    4.70699936e-01 9.50399637e-02 9.55301583e-01 6.41082227e-01
    7.87360430e-01 9.52975214e-01 1.69476807e-01 1.19444638e-01
    1.13800675e-01 5.32734394e-01 4.26008373e-01 9.55836236e-01
    2.52455294e-01 2.45282054e-03 7.87028432e-01 2.02303052e-01
    4.57566381e-01 8.68529558e-01 3.87844741e-01 4.13005173e-01
    6.01817727e-01 9.50828195e-03 2.84416080e-01 9.35089827e-01
    6.04384601e-01 4.96132076e-02 7.96517611e-01 2.43882388e-01
    5.26854515e-01 3.06648254e-01 6.93699181e-01 3.98492217e-02
    8.82628322e-01 1.12334996e-01 6.97639346e-01 4.41926539e-01
    7.52962172e-01 9.84656215e-01 8.78126979e-01 5.95781505e-02
    5.30170083e-01 7.65166581e-01 4.61367577e-01 5.95415771e-01
    4.04727459e-03 9.50799108e-01 8.72720003e-01 7.86506653e-01
    2.38461524e-01 4.96104985e-01 9.28348005e-02 3.41675460e-01
    8.03231537e-01 5.72131276e-01 5.79329312e-01 3.93238485e-01
    5.21624148e-01 7.75911570e-01 2.04337686e-01 9.92071152e-01
    5.10783434e-01 7.07511187e-01 3.23568404e-01 8.40343237e-02
    9.78684247e-01 2.49244928e-01 6.22112393e-01 9.72132981e-02
    9.53796804e-02 5.73364019e-01 9.81290221e-01 5.93592703e-01
    2.93680757e-01 1.30241215e-02 5.14972389e-01 6.74057543e-01
    2.10277587e-01 5.42245567e-01 2.14754075e-01 8.94519210e-01
    9.08235610e-01 7.68669546e-02 1.18380070e-01 6.45882189e-01
    5.12192249e-01 8.52298737e-01 5.01216531e-01 9.73129153e-01
    3.32535237e-01 6.30360246e-01 1.26840562e-01 1.27743781e-01
    5.38962245e-01 2.84736753e-02 4.16968912e-01 5.00390291e-01
    6.43949926e-01 8.70755672e-01 4.23691779e-01 8.37388039e-01
    2.54232675e-01 2.53699481e-01 8.58442247e-01 9.93944287e-01
    2.52272725e-01 2.93620378e-01 1.31422520e-01 3.28770220e-01
    8.09494019e-01 5.50133407e-01 9.98040795e-01 9.21452284e-01
    6.99424863e-01 3.88723820e-01 4.95291948e-02 8.02170873e-01
    5.51467597e-01 6.84665561e-01 2.71922141e-01 6.51975870e-02
    5.84760666e-01 1.96340531e-01 7.39247084e-01 4.78395969e-01
    3.43865037e-01 3.38557333e-01 8.43799114e-01 7.47540653e-01
    2.06371337e-01 3.59789997e-01 6.67741776e-01 9.50029254e-01
    9.66716111e-01 2.36247212e-01 1.45696402e-01 3.55950117e-01
    8.84963036e-01 5.06410539e-01 2.47668564e-01 5.90960979e-02
    6.55902207e-01 8.88917446e-01 7.48404741e-01 9.03788149e-01
    1.57161683e-01 9.67697620e-01 2.29270428e-01 9.51068938e-01
    4.83329266e-01 1.00457370e-01 7.47297645e-01 8.52685988e-01
    6.95219576e-01 3.24746549e-01 8.96094084e-01 6.92229867e-01
    8.24530423e-02 2.29690105e-01 5.69379389e-01 5.64124346e-01
    3.19163918e-01 7.19101787e-01 7.27239966e-01 9.20355201e-01
    5.96526146e-01 8.38452101e-01 6.11133933e-01 2.90930271e-01
    5.69412231e-01 2.08922923e-02 1.21513844e-01 6.33120835e-02
    1.91939205e-01 3.74362767e-01 5.04414797e-01 6.18072033e-01
    8.33029509e-01 3.07974815e-01 5.68269432e-01 7.68637836e-01
    6.98697150e-01 9.30680752e-01 8.93675327e-01 8.88904214e-01
    7.67744780e-01 9.61381793e-01 3.50875854e-01 9.03746367e-01
    7.45680094e-01 9.41038013e-01 2.67124951e-01 4.43110138e-01
    3.63080114e-01 6.56486094e-01 5.77265918e-02 9.86449480e-01
    4.38984513e-01 2.88189769e-01 9.89723206e-01 9.66216207e-01
    4.02579665e-01 5.11466801e-01 3.20484459e-01 1.75703108e-01
    8.06733251e-01 4.71485287e-01 2.61209846e-01 1.60134196e-01
    4.97760624e-01 8.00590158e-01 3.81291479e-01 3.85496378e-01
    5.20173848e-01 8.93621087e-01 1.09743893e-01 7.95595169e-01
    5.47429085e-01 2.33421534e-01 5.31143427e-01 8.08703303e-01
    6.52164400e-01 4.01916027e-01 2.21818119e-01 7.51184702e-01
    9.71796632e-01 3.56565475e-01 4.43574190e-01 8.67599845e-02
    4.90110695e-01 1.45939946e-01 3.75915438e-01 1.41211003e-01
    9.62066114e-01 1.00252032e-01 1.80810153e-01 3.96020591e-01
    4.03803825e-01 4.50362265e-01 6.84037089e-01 9.45929766e-01
    2.98335761e-01 2.31298000e-01 9.27361608e-01 4.96656060e-01
    6.89091980e-01 1.09043956e-01 8.52346659e-01 9.71602499e-02
    3.43898237e-01 2.78508961e-01 3.71185362e-01 2.60823250e-01
    7.02716947e-01 5.28160751e-01 3.44193041e-01 6.25168800e-01
    2.42138088e-01 9.29482579e-01 4.90256429e-01 9.62940633e-01
    5.72671711e-01 4.69609231e-01 1.22168243e-01 1.95626497e-01
    4.08463389e-01 1.38575435e-02 8.21280599e-01 6.78147256e-01
    1.28032327e-01 9.10911798e-01 5.18016636e-01 6.87174559e-01
    8.36088419e-01 6.81719482e-02 1.43811077e-01 9.90303874e-01
    8.33028257e-02 5.91789603e-01 6.11508191e-02 2.17351943e-01
    2.61496425e-01 4.28656816e-01 4.36096638e-01 4.34084982e-01
    1.06802195e-01 8.75449657e-01 9.21037436e-01 6.13375127e-01
    5.05398512e-02 4.09825385e-01 8.93578529e-01 6.69036627e-01
    1.35778010e-01 5.05883336e-01 4.56580848e-01 9.27959681e-01
    2.31826305e-03 7.78697014e-01 6.85188234e-01 9.22583282e-01
    5.81151605e-01 9.40737307e-01 1.51836336e-01 2.55972534e-01
    5.72214663e-01 5.76533377e-02 4.48148310e-01 1.90378189e-01
    6.63331151e-02 2.96121418e-01 7.59657502e-01 9.41047311e-01
    4.20525670e-01 3.80692452e-01 9.80039835e-01 3.63090813e-01
    5.00448525e-01 4.10239100e-01 5.01690924e-01 1.90668702e-02
    3.34115684e-01 5.28244019e-01 5.28166115e-01 6.41815186e-01
    5.64437211e-01 6.12963796e-01 9.82867062e-01 1.43172175e-01
    4.37609285e-01 8.87242854e-02 3.61125171e-02 1.76896811e-01
    1.33265704e-01 3.29912633e-01 5.60812533e-01 9.83579993e-01
    6.67988956e-01 6.18325353e-01 6.58935308e-03 9.84364986e-01
    8.41016471e-01 7.52913594e-01 8.50833058e-01 4.65647936e-01
    1.74181998e-01 1.30665541e-01 6.29210711e-01 9.52146053e-01
    6.11043394e-01 4.41319376e-01 6.23365343e-01 7.95792103e-01
    6.18165255e-01 5.16489387e-01 8.31464231e-02 6.29539669e-01
    9.85635757e-01 5.08118868e-01 6.77347064e-01 6.63778543e-01
    8.66039991e-02 5.10806322e-01 2.42213964e-01 2.01401949e-01
    7.58503079e-01 5.71325719e-01 4.32057619e-01 6.59530282e-01
    8.10789764e-01 9.78527844e-01 6.62520111e-01 9.04989660e-01
    5.31912446e-02 4.17790711e-01 2.86314070e-01 5.14453590e-01
    9.96757746e-01 4.32218611e-01 6.10830307e-01 5.66350400e-01
    3.24245363e-01 8.77621293e-01 7.36629963e-01 8.88796151e-02
    4.93103683e-01 2.61299491e-01 1.23389453e-01 3.52137774e-01
    6.82963192e-01 5.36017895e-01 7.11207330e-01 9.64064598e-02
    4.46201444e-01 8.28079104e-01 4.36417162e-02 1.34529859e-01
    7.97150135e-02 2.78519213e-01 3.98892939e-01 2.79045492e-01
    9.35786188e-01 1.82960480e-01 3.81723940e-01 9.81574297e-01
    2.21815318e-01 5.85007489e-01 7.07991838e-01 5.17090857e-02
    7.34576106e-01 6.46493673e-01 7.12367296e-01 7.81881928e-01
    8.72556806e-01 4.35373783e-01 3.08528185e-01 2.80940235e-01
    7.47108638e-01 6.57036901e-01 6.69416964e-01 3.89163971e-01
    5.48815429e-01 1.85366273e-01 2.36467153e-01 1.41849369e-01
    1.31605864e-01 3.29946518e-01 7.90282190e-02 1.67250335e-01
    9.64847624e-01 9.51705694e-01 8.14058781e-01 5.15611112e-01
    3.30074459e-01 5.43123901e-01 9.79810238e-01 2.08223760e-02
    1.70374811e-01 5.65671325e-02 7.23065734e-02 7.60657072e-01
    7.24846363e-01 1.28952473e-01 7.81821012e-01 1.27392352e-01
    2.33502388e-02 4.23802942e-01 7.69291282e-01 5.33702970e-01
    6.43684685e-01 4.86922771e-01 6.26568198e-01 3.73389006e-01
    8.34500372e-01 3.70533288e-01 1.85348094e-01 6.94815397e-01
    1.80478096e-01 5.67315876e-01 4.92371827e-01 9.02682304e-01
    2.13740408e-01 5.02933443e-01 1.00818902e-01 7.95259356e-01
    3.21083277e-01 4.51448262e-02 5.63895047e-01 2.13266373e-01
    5.17867863e-01 1.71024859e-01 1.11735463e-02 9.40073848e-01
    4.18059856e-01 3.89596522e-01 4.49526012e-01 4.10526931e-01
    3.17053199e-01 3.85097414e-01 5.40002465e-01 1.15842074e-01
    7.28621185e-02 1.04748785e-01 3.81999493e-01 7.94801354e-01
    6.05516136e-01 6.84506118e-01 3.14160168e-01 7.37381935e-01
    2.34550714e-01 8.31686854e-01 3.86599779e-01 6.51682079e-01
    4.32438731e-01 1.67204857e-01 4.76482928e-01 9.66318905e-01
    6.15747690e-01 9.15272951e-01 5.66090941e-01 6.44972563e-01
    9.75079179e-01 6.33489788e-01 3.37519825e-01 7.34567761e-01
    9.89080191e-01 4.15059358e-01 1.83483243e-01 7.99617648e-01
    6.41767204e-01 5.05002916e-01 4.81440216e-01 6.25866950e-01
    1.17287964e-01 9.20121312e-01 6.14469707e-01 8.53934884e-01
    7.56404698e-01 2.09363163e-01 9.89174962e-01 5.36422193e-01
    7.50887036e-01 7.67955303e-01 3.11725974e-01 7.60631084e-01
    4.27880675e-01 5.79299569e-01 3.34416747e-01 3.02239776e-01
    9.00194645e-02 9.65077341e-01 7.50673413e-01 3.13189000e-01
    4.82315600e-01 5.86701512e-01 2.64481425e-01 9.62654591e-01
    7.96676755e-01 7.91130960e-02 5.74047685e-01 9.64195371e-01
    4.67921615e-01 3.04022968e-01 8.77958238e-02 3.57022107e-01
    7.00636566e-01 7.39861012e-01 6.61965489e-01 3.79568636e-01
    8.06899250e-01 7.92762578e-01 8.98321509e-01 8.98724973e-01
    2.50414968e-01 2.11757064e-01 1.47612393e-01 9.88183081e-01
    3.57515901e-01 4.02190059e-01 7.24551260e-01 3.78960371e-02
    7.52401352e-01 6.66422486e-01 7.85203695e-01 1.24644965e-01
    7.42291272e-01 2.12170243e-01 8.41199756e-02 5.59868217e-01
    2.74865925e-01 7.82718658e-01 9.59418714e-01 9.19794798e-01
    4.19162065e-01 6.55671120e-01 8.53005886e-01 6.20013177e-01
    1.93874627e-01 7.74263144e-02 4.66797560e-01 5.59890747e-01
    9.12216902e-02 7.69819140e-01 9.42879260e-01 2.06956774e-01
    1.01899594e-01 8.65505695e-01 6.03695989e-01 3.97287339e-01
    6.93774819e-02 8.34237993e-01 3.00363779e-01 4.55999702e-01
    8.21838260e-01 3.07290733e-01 8.23499680e-01 1.18562788e-01
    7.95937061e-01 8.79968047e-01 4.14244175e-01 7.37970591e-01
    6.76914096e-01 6.79207504e-01 1.70524895e-01 8.02261472e-01
    2.38991678e-01 7.12623060e-01 8.92584205e-01 5.37750363e-01
    9.79452372e-01 3.33493441e-01 1.21290386e-02 4.49495852e-01
    8.76172841e-01 2.02145457e-01 5.73652744e-01 9.09241498e-01
    2.86560655e-01 3.00480664e-01 4.75574881e-01 5.92972517e-01
    1.39828414e-01 1.82664692e-01 8.10327649e-01 9.86882210e-01
    6.84658110e-01 4.09751832e-01 1.43658906e-01 7.92384863e-01
    9.97459412e-01 7.51660824e-01 1.83816552e-02 3.52087140e-01
    1.47864670e-01 9.00971115e-01 5.73060393e-01 9.78263736e-01
    7.53969252e-01 5.55070877e-01 4.66340095e-01 1.40816003e-01
    8.38530958e-01 8.23692977e-02 1.81751937e-01 5.09533286e-01
    5.03756344e-01 9.11997736e-01 4.52150911e-01 3.10673118e-01
    7.28649378e-01 4.21607554e-01 4.81414467e-01 1.26745403e-01
    9.85475779e-01 2.96071827e-01 6.73916876e-01 6.49617970e-01
    3.32105756e-01 9.87082601e-01 7.34722555e-01 9.47222650e-01
    6.62282646e-01 2.96651781e-01 4.97601777e-01 3.08668971e-01
    8.79382432e-01 3.72349799e-01 5.71598351e-01 6.31660521e-01
    2.52673864e-01 3.84295464e-01 3.77379924e-01 6.62973583e-01
    9.79497612e-01 7.49151707e-01 8.24979424e-01 7.66958416e-01
    4.30774450e-01 6.53792918e-01 1.89165860e-01 1.04540944e-01
    9.62642133e-02 2.51482844e-01 4.93220240e-01 3.07662010e-01
    4.74777341e-01 8.56800914e-01 9.68936145e-01 8.03805292e-01
    1.09657884e-01 2.63786972e-01 6.56599879e-01 3.98394048e-01
    4.03421760e-01 5.18813729e-01 6.01969004e-01 7.15881407e-01
    7.86031425e-01 6.89047039e-01 9.66053367e-01 5.93007803e-01
    3.49675655e-01 3.15348059e-01 2.69171000e-02 9.66152191e-01
    9.34872627e-01 2.39298344e-02 8.36983323e-03 7.71334589e-01
    4.01833534e-01 3.47274899e-01 4.62532908e-01 6.61966264e-01
    5.36190569e-02 7.61783361e-01 4.48161930e-01 5.40432632e-01
    8.07591200e-01 4.58712071e-01 7.05500185e-01 1.49427265e-01
    2.11208969e-01 4.70761657e-01 4.23648417e-01 4.50166762e-02
    6.46455526e-01 6.08797550e-01 7.88779974e-01 7.26121426e-01
    3.14668387e-01 4.37726438e-01 1.21008158e-02 7.05300689e-01
    3.15629601e-01 5.71104825e-01 4.06202435e-01 8.92610252e-01
    7.79093444e-01 5.51514208e-01 1.68907166e-01 9.69342589e-02
    6.72870576e-02 4.83712882e-01 6.76919341e-01 1.01423085e-01
    2.65957892e-01 7.34995365e-01 9.28874254e-01 1.23215646e-01
    7.09534347e-01 6.18422449e-01 7.59427845e-01 3.52784693e-01
    1.95048273e-01 5.86704373e-01 9.03237998e-01 1.21995687e-01
    7.07562685e-01 5.17190635e-01 8.47251654e-01 6.83576465e-02
    5.05339265e-01 3.77523303e-02 5.02353072e-01 7.55671024e-01
    1.29182458e-01 2.56707549e-01 4.04358894e-01 3.80113393e-01
    5.13067007e-01 9.28918362e-01 1.12078339e-01 8.58371258e-01
    5.19489944e-02 3.67923647e-01 2.98002124e-01 8.54747057e-01
    6.78524673e-02 7.85302997e-01 2.90994644e-01 9.07404542e-01
    7.30065107e-02 6.36141121e-01 7.61983514e-01 5.65375328e-01
    9.32130396e-01 6.75927997e-01 3.70464027e-01 4.00584042e-02
    7.21842766e-01 1.77279264e-01 7.68810630e-01 3.41662884e-01
    3.64835262e-01 4.13481265e-01 3.52451563e-01 7.22209096e-01
    2.60334313e-01 3.94482970e-01 5.00132322e-01 2.04505682e-01
    2.03560710e-01 9.93408680e-01 4.92925525e-01 2.30893314e-01
    7.90829182e-01 6.26057208e-01 4.49049175e-02 9.68950987e-02
    3.63429070e-01 1.94571495e-01 1.26033247e-01 5.34495234e-01
    4.86608863e-01 2.97151387e-01 2.68217385e-01 1.35189444e-01
    6.87721789e-01 5.71963429e-01 2.72298396e-01 9.32642341e-01
    3.91621888e-02 8.54766369e-01 7.09084868e-01 8.36609840e-01
    1.34991437e-01 3.91708344e-01 8.80882144e-01 9.82511461e-01
    2.23367482e-01 6.80155337e-01 6.01130247e-01 9.10367489e-01
    5.42069793e-01 3.83731127e-02 8.88784170e-01 1.05185062e-01
    9.11439300e-01 7.04956412e-01 1.76869929e-01 3.85896206e-01
    2.87006408e-01 1.44665301e-01 2.07325906e-01 4.75733280e-02
    2.01431185e-01 5.96033573e-01 6.29027367e-01 3.49257678e-01
    2.64049619e-01 7.17297196e-01 8.79004240e-01 2.86459386e-01
    2.90164888e-01 3.02953839e-01 6.25811756e-01 7.83806980e-01
    8.94855022e-01 5.29004455e-01 5.01943350e-01 2.89696783e-01
    2.20191360e-01 9.75340903e-01 8.46651316e-01 8.21118355e-01
    9.94203329e-01 7.77330995e-03 1.34992301e-02 2.30019033e-01
    7.59773314e-01 6.41620874e-01 5.65890431e-01 7.09714293e-01
    8.37626338e-01 5.16813934e-01 2.92355001e-01 4.93594319e-01
    2.25883573e-01 5.35509586e-01 9.31073308e-01 4.02506709e-01
    1.65979326e-01 4.39744562e-01 8.55571032e-01 2.51107872e-01
    3.35379273e-01 9.15971756e-01 5.52794337e-03 5.03140390e-01
    3.72042477e-01 9.99668837e-02 3.69991720e-01 5.20352721e-01
    9.39753711e-01 4.80456144e-01 3.62006068e-01 1.26427352e-01
    6.77863240e-01 6.17225230e-01 3.59040499e-03 1.69395208e-01
    1.97996199e-01 9.10862565e-01 1.21386200e-01 7.39728212e-02
    7.42141306e-01 2.51506805e-01 2.96012551e-01 8.41502547e-01
    6.97581828e-01 6.36850893e-01 6.36938095e-01 6.43750668e-01
    1.13027483e-01 5.01882553e-01 6.31411374e-01 7.42068768e-01
    9.54307020e-02 3.61857712e-01 4.03067350e-01 4.35566783e-01
    4.45387065e-01 4.92373854e-01 7.79723406e-01 3.97199094e-02
    3.93397033e-01 8.38877320e-01 9.77395236e-01 1.57103240e-01
    7.48266697e-01 4.05224562e-02 1.79394245e-01 4.21562970e-01
    7.60596991e-02 4.19229925e-01 6.44224405e-01 3.81658435e-01
    3.84669602e-02 8.91413331e-01 2.05267221e-01 3.81723583e-01
    6.36703432e-01 3.60946655e-01 4.09175694e-01 2.37885088e-01
    3.60876143e-01 3.75633538e-01 8.46373320e-01 7.38445520e-01
    8.02351475e-01 6.73880816e-01 6.73340082e-01 2.13269949e-01
    7.52173841e-01 2.73420036e-01 7.18009830e-01 4.97999966e-01
    1.14120901e-01 7.92777538e-01 1.60718054e-01 8.22688937e-01
    8.09413195e-01 9.38975215e-01 9.71313715e-02 5.23195088e-01
    7.29320943e-01 5.46265006e-01 4.11878824e-01 4.89178509e-01
    6.18718028e-01 2.05456972e-01 4.28929418e-01 2.57308871e-01
    5.67549288e-01 8.24529886e-01 9.75175142e-01 5.71400642e-01
    9.40840602e-01 8.21834862e-01 6.64634109e-01 8.01306903e-01
    3.56891036e-01 8.95810723e-02 7.01182842e-01 2.65894115e-01
    1.64628059e-01 2.83047140e-01 5.23283184e-01 2.18284130e-02
    9.29429710e-01 8.65664244e-01 1.59178615e-01 2.09215611e-01
    1.29494399e-01 8.71554315e-01 9.12860811e-01 1.89286560e-01
    4.54995573e-01 4.68680739e-01 8.52182508e-01 5.72780073e-01
    4.13178325e-01 8.89211297e-01 8.09834599e-01 8.18198860e-01
    3.19810510e-01 3.17933708e-01 5.55630445e-01 7.17352629e-02
    1.63654029e-01 8.27262759e-01 2.09976166e-01 3.39182198e-01
    6.01758718e-01 4.16663706e-01 1.66138262e-01 3.30725104e-01
    4.22770441e-01 8.04098845e-02 1.38062239e-01 8.40302467e-01
    7.47879326e-01 7.94241667e-01 6.09894812e-01 9.39831018e-01
    4.65326279e-01 6.97559237e-01 7.92509794e-01 5.21273494e-01
    5.32690883e-01 9.19438183e-01 9.76481736e-02 6.65268898e-01
    5.17234981e-01 7.24176824e-01 8.78759861e-01 4.21607852e-01
    7.43205070e-01 8.38043571e-01 6.98547959e-01 3.01316470e-01
    2.81121075e-01 4.27824527e-01 3.54957014e-01 5.06039262e-01
    7.34153390e-01 1.64829433e-01 8.47213149e-01 4.10465270e-01
    2.83482432e-01 5.36977947e-02 9.33827639e-01 9.11518097e-01
    2.70236731e-01 8.81351233e-01 3.06095183e-02 9.98716474e-01
    6.93520010e-01 9.87140119e-01 5.66403508e-01 4.86881077e-01
    7.45629728e-01 3.14607114e-01 2.52517313e-01 5.59367299e-01
    5.95643044e-01 3.68229270e-01 2.05712587e-01 2.20952481e-01
    1.72043592e-01 8.44557762e-01 5.22698700e-01 7.31062174e-01
    9.20508504e-01 4.13261950e-01 7.07025528e-01 3.79674494e-01
    4.75883424e-01 8.22170258e-01 3.65102679e-01 1.54798031e-01
    1.22630209e-01 5.28679788e-01 2.00934768e-01 6.12732768e-01
    4.86225367e-01 5.86830974e-01 2.48623878e-01 6.86909795e-01
    5.88455796e-01 7.91882932e-01 1.99959606e-01 3.51543367e-01
    5.47640145e-01 2.06605047e-01 9.65785384e-01 8.03734899e-01
    5.05444288e-01 4.23819184e-01 6.18958831e-01 3.49016011e-01
    4.32802558e-01 6.78376973e-01 1.09703004e-01 1.54489428e-01
    4.15059924e-01 2.10938096e-01 1.84085727e-01 5.75040340e-01
    4.08553958e-01 9.80253458e-01 8.97155702e-01 5.98296165e-01
    8.76730621e-01 3.13917518e-01 7.87212253e-02 3.48856717e-01
    9.24687386e-02 7.74090290e-02 4.43894625e-01 5.78297436e-01
    4.55158919e-01 7.09481120e-01 1.93140090e-01 3.20527524e-01
    2.76411772e-01 8.81259739e-01 1.48010433e-01 5.18591702e-02
    5.70676804e-01 8.24609101e-01 6.77807510e-01 9.92928982e-01
    3.45167339e-01 3.65406096e-01 6.69074953e-01 8.04646254e-01
    1.52874619e-01 5.21640956e-01 3.16450000e-02 5.59514582e-01
    6.36622012e-01 2.75354922e-01 1.76672101e-01 7.14179635e-01
    2.45819271e-01 7.65397429e-01 3.51912975e-02 6.71028018e-01
    8.80160034e-01 9.16222990e-01 7.02883244e-01 7.11027086e-01
    8.33243847e-01 6.05879962e-01 8.00337791e-01 7.63316393e-01
    8.79500389e-01 4.88343090e-01 9.43133056e-01 1.44434303e-01
    6.76499367e-01 9.08904016e-01 6.58286095e-01 2.22041965e-01
    2.14687943e-01 1.70465887e-01 4.03253466e-01 2.45063692e-01
    3.39797735e-02 4.67704803e-01 7.36909032e-01 3.23832333e-02
    9.64764655e-01 8.79593372e-01 8.67152214e-03 2.17683852e-01
    2.40454972e-01 1.20880395e-01 4.89718735e-01 2.92163104e-01
    8.48889232e-01 1.51969522e-01 3.48686516e-01 2.19702005e-01
    8.02095771e-01 1.89139456e-01 4.07938808e-01 3.82017821e-01
    7.13197410e-01 6.78852260e-01 2.40520090e-01 7.43398130e-01
    5.64076722e-01 8.31238151e-01 5.57603955e-01 4.34143126e-01
    4.28828001e-01 9.97523069e-01 6.54178023e-01 9.94955778e-01
    5.99312782e-03 8.92227650e-01 8.35032463e-01 4.87458825e-01
    5.88822544e-01 1.08489603e-01 4.79831070e-01 7.10655212e-01
    8.44519973e-01 1.30694985e-01 6.87618494e-01 1.32416666e-01
    5.43014765e-01 9.34245586e-01 5.91372073e-01 5.38006961e-01
    2.31729180e-01 2.44587392e-01 7.40005076e-02 5.58151603e-02
    2.24212617e-01 8.13931704e-01 4.98412043e-01 3.89468580e-01
    6.48373067e-01 7.63316154e-01 1.61669850e-01 6.44406915e-01
    2.06788212e-01 6.77137733e-01 9.39688444e-01 4.75440383e-01
    4.92217183e-01 8.57414007e-01 2.50216573e-01 8.98103952e-01
    5.22298217e-01 6.73249066e-02 8.83086801e-01 3.28044713e-01
    9.61957216e-01 8.14302862e-01 1.97346956e-01 2.26601481e-01
    6.79665804e-01 6.31670773e-01 3.71485531e-01 4.50383723e-01
    6.08788550e-01 9.67365623e-01 7.87450492e-01 6.41408443e-01
    6.16323948e-03 4.54886824e-01 5.04223704e-01 2.37361759e-01
    3.91930163e-01 4.12418991e-01 8.98133218e-01 8.29668045e-01
    7.67007351e-01 9.33649182e-01 9.39511657e-01 4.14695650e-01
    4.92174566e-01 6.09544039e-01 3.41607183e-01 4.90440071e-01
    2.03870773e-01 2.21537679e-01 3.35508615e-01 2.81589806e-01
    7.79184759e-01 3.22091639e-01 5.20507276e-01 2.34473705e-01
    8.67845237e-01 3.87273014e-01 1.94413066e-02 2.83215970e-01
    5.12915850e-01 6.40222907e-01 9.72020626e-01 3.57421815e-01
    1.78684443e-01 5.50420940e-01 2.58653194e-01 3.80415946e-01
    1.83631271e-01 7.54190266e-01 8.41815352e-01 5.45803428e-01
    2.80755997e-01 6.93484962e-01 3.64087224e-01 6.75717354e-01
    9.96319771e-01 9.39702511e-01 7.93766022e-01 6.10125899e-01
    5.41097939e-01 6.43935502e-02 4.76433903e-01 7.86909401e-01
    9.21600282e-01 6.02649510e-01 8.30672383e-01 6.24151647e-01
    6.65577233e-01 2.83964217e-01 9.34288085e-01 4.62555081e-01
    3.67546976e-02 7.79734850e-01 3.21084082e-01 8.26331556e-01
    8.81467164e-02 9.07625854e-01 2.96109825e-01 7.81036794e-01
    6.74082577e-01 9.44891810e-01 7.38064229e-01 3.90873641e-01
    9.14229810e-01 6.83742285e-01 4.37423885e-01 9.22869682e-01
    9.63625014e-01 1.42484069e-01 9.34963822e-02 6.82425737e-01
    6.33900285e-01 9.79359150e-01 7.75549173e-01 8.47959042e-01
    1.67175949e-01 5.46745718e-01 4.97981310e-01 8.11750054e-01
    7.43257701e-02 2.70296037e-02 5.45161068e-02 3.27602118e-01
    7.49498427e-01 4.48344260e-01 4.67586547e-01 1.93968266e-01
    3.81485820e-02 3.08509111e-01 7.79946923e-01 1.11508012e-01
    2.62862206e-01 6.72999859e-01 1.82723314e-01 2.72132158e-01
    8.32857132e-01 7.66386092e-02 8.34052324e-01 5.05799234e-01
    5.80737650e-01 1.93297625e-01 3.82317901e-02 1.46756113e-01
    6.96018100e-01 2.89786220e-01 9.03868377e-02 7.33099103e-01
    3.97667795e-01 3.54533046e-01 5.04933774e-01 5.87467253e-01
    2.66747117e-01 9.56325054e-01 5.25983334e-01 5.14799058e-01
    7.10946560e-01 3.79476279e-01 3.97557914e-02 2.45824724e-01
    7.38304257e-01 3.04035366e-01 4.87762123e-01 9.50542331e-01
    8.44628274e-01 4.69513774e-01 1.48695976e-01 4.20534790e-01
    3.12195301e-01 7.62407064e-01 1.83699638e-01 8.54296803e-01
    6.43284440e-01 9.81717706e-01 7.27143288e-01 8.34979653e-01
    9.81163085e-02 2.42489457e-01 8.19524527e-02 9.79765058e-01
    4.28799748e-01 4.14046943e-02 8.24791133e-01 5.93727887e-01
    5.90188682e-01 3.46979976e-01 9.20438528e-01 4.38754141e-01
    4.41627413e-01 1.08373582e-01 8.30272198e-01 3.63043070e-01
    5.45889437e-02 1.40614510e-02 5.95945120e-01 6.34631813e-02
    4.20105308e-01 4.46406305e-01 6.82669878e-03 8.42528582e-01
    4.19167042e-01 3.78226280e-01 2.90293217e-01 6.39519155e-01
    4.04099643e-01 7.32298672e-01 6.14122033e-01 2.72236943e-01
    6.62521362e-01 4.83028442e-01 9.71502066e-02 7.48184085e-01
    2.85758734e-01 2.00196415e-01 7.46022701e-01 6.47560000e-01
    6.15902960e-01 8.00136149e-01 1.56385958e-01 5.65101981e-01
    7.06030369e-01 1.22728467e-01 5.83092272e-02 1.12231195e-01
    8.15365553e-01 4.60972786e-02 4.34118539e-01 8.27381134e-01
    4.84919071e-01 1.62073940e-01 9.20124590e-01 4.31593508e-01
    2.64627695e-01 6.48145914e-01 2.57985085e-01 8.89418960e-01
    5.30361891e-01 1.79626226e-01 5.76432705e-01 5.14133334e-01
    9.87455964e-01 1.47669077e-01 4.54308987e-01 5.08312821e-01
    3.84145498e-01 3.50358069e-01 7.63710678e-01 2.88097262e-01
    5.66798568e-01 9.05107975e-01 7.55715013e-01 3.15442741e-01
    3.77755731e-01 3.22226286e-01 6.24938488e-01 2.89543569e-01
    2.03339189e-01 4.29391235e-01 5.76066196e-01 2.47574151e-02
    7.13946342e-01 1.26084864e-01 4.92989779e-01 3.05984467e-01
    2.77931690e-02 1.92295790e-01 3.95035028e-01 2.05592722e-01
    6.47138119e-01 9.69182968e-01 6.27157331e-01 2.29763985e-01
    1.86976463e-01 9.10665870e-01 7.73385167e-01 7.16629982e-01
    6.25697911e-01 4.10216659e-01 8.82398844e-01 3.19508553e-01
    8.34405541e-01 2.85931468e-01 1.47162378e-01 8.25649142e-01
    6.98561430e-01 9.46527481e-01 2.31784016e-01 5.27486205e-01
    8.63250375e-01 4.46519792e-01 4.52448577e-01 6.71705127e-01
    6.49231136e-01 4.06016827e-01 1.08202815e-01 3.46946359e-01
    9.83540893e-01 9.99455214e-01 3.11745584e-01 6.90084517e-01
    9.85728443e-01 3.47618997e-01 2.07949698e-01 4.03408289e-01
    7.36136436e-01 2.76874840e-01 1.68191701e-01 5.83269179e-01
    5.96942902e-01 8.87964249e-01 7.81300306e-01 7.89106071e-01
    9.36517835e-01 9.67301250e-01 5.19461334e-02 8.91344488e-01
    6.88844204e-01 9.51666474e-01 1.37821019e-01 1.42016500e-01
    7.13948429e-01 8.16454113e-01 3.07627022e-02 1.89699292e-01
    3.20559174e-01 5.48079312e-02 4.62865859e-01 7.41959333e-01
    7.82177567e-01 9.90934253e-01 7.06238508e-01 4.48759347e-01
    2.00862974e-01 4.75411862e-01 3.28407526e-01 5.87310672e-01
    1.21845186e-01 2.28945762e-01 8.49871874e-01 2.31276870e-01
    9.90398765e-01 1.42578691e-01 1.00826919e-01 9.31717515e-01
    7.34071732e-01 6.61641240e-01 7.97950685e-01 6.21401370e-02
    6.79973602e-01 4.69632030e-01 2.37948239e-01 4.83750373e-01
    1.61309183e-01 1.14989132e-01 4.78570908e-01 7.93533444e-01
    4.26997185e-01 4.57647413e-01 1.32001281e-01 7.92617083e-01
    3.27334940e-01 6.66167378e-01 1.37893975e-01 8.74411821e-01
    7.12078929e-01 9.99891281e-01 4.05763686e-02 9.56796050e-01
    8.77765119e-01 8.18805099e-01 8.70650053e-01 1.05790049e-01
    5.06216526e-01 9.29599047e-01 5.06543934e-01 4.01252121e-01
    1.92589581e-01 2.92243361e-01 4.76320177e-01 7.29665637e-01
    7.64390230e-01 1.76846266e-01 6.28215432e-01 2.52283543e-01
    5.14539063e-01 6.64550066e-01 1.09105110e-01 8.18870962e-02
    7.15635836e-01 3.01988065e-01 9.57993567e-02 6.75983191e-01
    5.97392261e-01 4.00501072e-01 3.32974970e-01 8.35387111e-02
    9.42536235e-01 9.97502029e-01 5.36464870e-01 4.12185997e-01
    9.06880260e-01 3.51433009e-01 9.73587334e-01 1.32318348e-01
    2.16238707e-01 7.81605184e-01 1.50595993e-01 1.72439694e-01
    9.00688052e-01 8.13090920e-01 8.29086423e-01 1.65611237e-01
    2.55465865e-01 7.59659827e-01 4.96983200e-01 6.88022196e-01
    7.92600572e-01 6.39558434e-02 9.48726654e-01 6.29746914e-03
    2.39486843e-01 3.12695801e-01 2.70832896e-01 8.91324878e-02
    4.75866199e-01 9.81255770e-01 7.21162438e-01 5.40324152e-02
    1.88571811e-02 4.02451277e-01 5.86145699e-01 1.78542107e-01
    2.19681919e-01 8.91402245e-01 5.12174487e-01 7.91967630e-01
    3.07091594e-01 7.60324717e-01 2.51339346e-01 8.17571223e-01
    2.86622584e-01 6.56178653e-01 7.75267720e-01 9.83136594e-02
    3.08792293e-01 9.38942671e-01 5.08204103e-01 9.95101929e-02
    2.62598634e-01 2.38733143e-01 1.13249302e-01 9.66023624e-01
    5.06712377e-01 2.58388579e-01 4.61180717e-01 6.80718780e-01
    8.95061076e-01 7.62131751e-01 2.16328979e-01 8.65715444e-02
    1.04588717e-01 9.96579587e-01 5.18226981e-01 2.04112381e-01
    2.48324156e-01 7.78631091e-01 5.55840790e-01 7.73320198e-01
    8.51873040e-01 3.33360136e-02 8.30987513e-01 5.57885766e-01
    8.12329054e-02 4.71003830e-01 1.34221345e-01 9.81011093e-01
    8.46339345e-01 4.04642910e-01 7.88885474e-01 7.27705836e-01
    9.07718897e-01 8.81895423e-01 8.29889655e-01 3.79479617e-01
    3.23803008e-01 3.68030429e-01 5.57399690e-02 9.57759023e-02
    9.44072366e-01 9.54784989e-01 3.23419183e-01 8.38463545e-01
    4.90103334e-01 2.33765244e-01 1.69795543e-01 9.45816278e-01
    7.87109494e-01 8.01290751e-01 2.21962094e-01 8.36588144e-01
    5.96313655e-01 1.37033612e-01 8.65678787e-02 9.20452595e-01
    3.20175618e-01 3.11305821e-02 4.40440327e-01 1.38707101e-01
    4.21903193e-01 3.33465278e-01 8.11228156e-01 2.53776312e-01
    4.70523387e-01 3.91529322e-01 4.34556782e-01 3.46091151e-01
    3.06901038e-02 2.09293574e-01 8.73528242e-01 2.00459987e-01
    5.88546872e-01 7.18446791e-01 2.35849679e-01 6.86655939e-01
    3.30013335e-01 8.19043398e-01 1.51998103e-02 7.36839116e-01
    3.99225354e-01 7.69799948e-01 2.69158602e-01 7.35525131e-01
    9.78027999e-01 8.11562657e-01 7.11102962e-01 3.82684290e-01
    8.74655187e-01 2.86597967e-01 8.66215825e-02 9.44247007e-01
    3.04656267e-01 5.05879641e-01 5.61897159e-02 9.26399171e-01
    3.38974655e-01 9.22011256e-01 7.98197508e-01 8.56098533e-01
    3.21940720e-01 6.89600289e-01 9.67009306e-01 8.63688409e-01
    2.77363449e-01 3.55946124e-02 6.16108894e-01 1.65717781e-01
    7.03380466e-01 1.39815658e-01 8.17741752e-01 3.01735699e-01
    9.88803923e-01 9.23693061e-01 6.36090398e-01 4.78067189e-01
    2.74477690e-01 4.89110351e-02 8.10563147e-01 9.91650701e-01
    3.95024896e-01 1.91392392e-01 1.69406444e-01 5.69790304e-01
    3.42889041e-01 5.97042084e-01 6.10965133e-01 8.38230968e-01
    1.00433826e-02 2.04889238e-01 2.17684239e-01 7.66282141e-01
    1.51194602e-01 6.71891272e-01 6.28077149e-01 7.14935362e-02
    6.77622378e-01 3.56348068e-01 5.03719032e-01 8.22640300e-01
    9.77247000e-01 8.32999587e-01 7.24644780e-01 1.61834419e-01
    2.13267654e-01 5.58097064e-02 8.84436846e-01 1.15119904e-01
    1.82833701e-01 1.73076898e-01 1.35872722e-01 8.33295226e-01
    6.36373341e-01 1.07631177e-01 3.38858128e-01 8.48349452e-01
    6.16135240e-01 5.48672616e-01 6.29825652e-01 4.76642787e-01
    3.70986164e-01 3.50836426e-01 5.68823695e-01 5.05436182e-01
    4.00615185e-01 8.31272840e-01 1.37782276e-01 2.65740991e-01
    8.85192096e-01 9.31196213e-01 8.19851041e-01 3.78934026e-01
    6.20416164e-01 4.54217583e-01 8.09618473e-01 6.06378675e-01
    9.71368730e-01 6.94382250e-01 9.94422197e-01 4.20750260e-01
    1.65033340e-01 3.55624139e-01 3.26859713e-01 9.08319294e-01
    3.73746365e-01 1.67716354e-01 7.26109743e-01 8.49396110e-01
    5.38518012e-01 2.98844546e-01 9.07022476e-01 8.48673880e-02
    4.58687842e-02 4.40587908e-01 6.16571546e-01 7.41407037e-01
    6.55898452e-01 5.87391973e-01 6.55781627e-01 2.84388959e-01
    4.76905674e-01 3.08357388e-01 5.34635246e-01 8.35238814e-01
    2.85851240e-01 9.94820654e-01 2.15271711e-02 8.39774728e-01
    6.16387129e-01 7.30298460e-02 7.75805473e-01 2.49142647e-01
    4.76025522e-01 1.07629627e-01 4.11858410e-01 1.09047055e-01
    9.72438574e-01 4.09744203e-01 6.23995960e-02 9.96614993e-02
    1.63521439e-01 1.49280131e-01 2.62807816e-01 5.27834177e-01
    6.54057324e-01 2.04674304e-01 1.01822317e-01 8.37125480e-02
    9.79398489e-01 2.73651481e-02 8.85571122e-01 7.97395468e-01
    9.58156645e-01 7.21846700e-01 4.70736116e-01 6.16891086e-02
    2.52032191e-01 8.15694213e-01 5.35345912e-01 8.22715878e-01
    8.19599271e-01 9.93346334e-01 5.43745577e-01 5.95699728e-01
    5.09670377e-03 6.50173545e-01 5.79813957e-01 4.41401571e-01
    5.23519039e-01 3.57477963e-02 8.05896878e-01 1.23244107e-01
    3.42998505e-02 6.55131817e-01 8.45233083e-01 2.43170559e-02
    1.23713970e-01 6.59808517e-01 5.12794614e-01 6.17168903e-01
    4.00582075e-01 6.07710660e-01 4.73794252e-01 7.58442879e-01
    6.89213037e-01 1.56405360e-01 9.31155384e-01 7.45994568e-01
    7.57381082e-01 7.87863731e-01 5.95817149e-01 3.00157726e-01
    8.58751059e-01 9.49761868e-02 4.83800411e-01 3.71560514e-01
    5.83394825e-01 9.56065714e-01 6.53244734e-01 1.39893979e-01
    6.06574476e-01 7.66140461e-01 5.79630733e-01 8.70432615e-01
    3.08113992e-01 2.17045546e-01 8.39066267e-01 4.99089658e-02
    3.42787504e-02 8.10728312e-01 5.41725457e-01 2.57320106e-01
    2.88564414e-01 6.50718033e-01 6.06935680e-01 1.14322990e-01
    3.73437166e-01 3.42014492e-01 8.76343131e-01 2.03814983e-01
    9.29022372e-01 6.38591528e-01 2.40563005e-01 4.02555674e-01
    8.42625856e-01 8.64602089e-01 3.87773752e-01 3.90550733e-01
    4.16905284e-01 5.02250612e-01 3.10044229e-01 5.70446849e-01
    2.71929324e-01 3.35926443e-01 7.08832443e-02 4.08664823e-01
    7.04825640e-01 6.21047139e-01 5.22735775e-01 9.47900295e-01
    3.87395173e-01 6.25351489e-01 6.87828958e-02 8.90358984e-01
    7.15815663e-01 4.82588410e-02 1.55640304e-01 9.33137655e-01
    8.62426817e-01 2.26491988e-01 8.98241460e-01 7.54231811e-01
    3.91330838e-01 6.70996785e-01 5.98304451e-01 9.21761155e-01
    7.03556240e-01 8.77644539e-01 9.40264940e-01 8.04596782e-01
    1.46660447e-01 8.21225166e-01 1.11686558e-01 1.24029875e-01
    2.19057500e-02 4.16034162e-01 9.66964960e-02 7.92417109e-01
    5.46819329e-01 5.35031617e-01 3.37344348e-01 8.10534239e-01
    9.06388700e-01 1.00952208e-01 3.48680019e-01 2.09567636e-01
    5.18109024e-01 1.60831481e-01 8.10317099e-02 5.06721914e-01
    8.63573849e-01 8.14474344e-01 4.00197208e-01 8.60357165e-01
    5.47745109e-01 2.78114080e-01 6.14880323e-02 6.47423089e-01
    9.65235233e-01 1.37202144e-02 4.87009108e-01 2.17900217e-01
    8.13162267e-01 5.80402613e-01 3.35769713e-01 2.31523126e-01
    7.43660092e-01 4.11110163e-01 3.57644022e-01 8.90171528e-03
    2.64747858e-01 4.51369882e-02 9.19597626e-01 6.94262505e-01
    9.58080173e-01 9.94183719e-02 5.96511602e-01 8.42750371e-01
    1.74988508e-01 8.97707522e-01 1.14578664e-01 6.35774791e-01
    9.32662010e-01 8.58340144e-01 4.47812408e-01 9.51089025e-01
    7.45118260e-01 5.22788286e-01 1.81245804e-01 8.84905338e-01
    6.52718186e-01 4.58075792e-01 7.65979648e-01 8.49000931e-01
    4.13168073e-01 7.52713501e-01 4.03759509e-01 1.25920266e-01
    3.11286688e-01 2.56483912e-01 1.74106956e-01 1.92515343e-01
    4.69347537e-01 2.81194448e-01 1.80500954e-01 9.99590397e-01
    6.79799438e-01 4.77963626e-01 7.16159344e-02 2.04712152e-02
    1.92582101e-01 5.76025188e-01 4.40899312e-01 3.20195585e-01
    6.35562181e-01 9.85703528e-01 6.75408542e-01 5.45802534e-01
    2.24285007e-01 6.12971663e-01 8.50342989e-01 2.15744913e-01
    2.55777210e-01 6.86955690e-01 7.08797514e-01 1.50032341e-01
    7.47273326e-01 4.49967444e-01 3.05768639e-01 4.68388945e-01
    4.03945267e-01 3.61004591e-01 4.29530621e-01 6.92604840e-01
    7.68438101e-01 8.81710529e-01 5.05093932e-01 4.71786529e-01
    3.93818915e-01 5.95166385e-01 3.81989241e-01 8.63342524e-01
    3.42297614e-01 7.17264414e-01 5.28553247e-01 1.10215098e-01
    1.87474042e-01 8.02330434e-01 3.71647716e-01 3.81274521e-01
    5.25930643e-01 2.26454347e-01 9.96751785e-01 2.77149975e-02
    4.92292970e-01 5.25506675e-01 7.55925179e-01 2.72989184e-01
    2.73878843e-01 7.38989234e-01 2.59749472e-01 3.34118247e-01
    8.02995741e-01 8.57192159e-01 2.24584341e-02 7.43257999e-02
    9.31868374e-01 9.71247733e-01 4.62782323e-01 1.86324120e-01
    7.69833684e-01 1.44546390e-01 1.90152436e-01 8.18037450e-01
    5.45673370e-02 2.13952392e-01 5.60776889e-01 2.91893303e-01
    7.98802018e-01 9.07535315e-01 5.40857971e-01 1.33144945e-01
    6.72464907e-01 1.67092115e-01 1.51799560e-01 7.03876376e-01
    3.22772056e-01 3.17084908e-01 7.51293421e-01 9.68849659e-01
    9.44165707e-01 8.54960263e-01 5.92731059e-01 2.19080359e-01
    6.72370315e-01 3.01343799e-02 7.08244920e-01 2.72291481e-01
    6.76399350e-01 7.29445934e-01 3.44399422e-01 6.17054701e-02
    7.94256628e-01 2.17149198e-01 9.56088901e-01 5.86139083e-01
    6.57893181e-01 1.21741265e-01 4.16435599e-01 7.50386715e-01
    8.65179181e-01 3.28657031e-03 4.85787690e-01 4.38229859e-01
    9.05159950e-01 7.85500407e-01 6.30178571e-01 3.78288031e-01
    9.22143459e-01 5.44180870e-02 2.81787694e-01 6.76893115e-01
    8.68579268e-01 1.61633551e-01 7.72693455e-01 2.35159367e-01
    5.26971161e-01 4.97046798e-01 5.25587201e-02 9.85394359e-01
    4.77601320e-01 2.70886958e-01 4.13993597e-02 2.69421399e-01
    5.12534082e-02 8.24230254e-01 7.30059505e-01 6.40110195e-01
    3.82885337e-01 3.65930796e-02 8.06804478e-01 1.12072527e-02
    6.08827114e-01 4.96968150e-01 7.50293732e-01 7.06469417e-01
    2.80956209e-01 3.68880928e-02 6.82316184e-01 5.67919850e-01
    9.63474095e-01 3.78651917e-01 3.60860288e-01 6.82170630e-01
    4.78358924e-01 6.43625021e-01 7.35436678e-01 5.03044069e-01
    3.15619200e-01 1.36955917e-01 3.02226961e-01 2.67122924e-01
    1.02247268e-01 2.93798029e-01 2.43751377e-01 7.12126851e-01
    2.81025052e-01 8.73360515e-01 5.95818043e-01 9.10768390e-01
    2.91314304e-01 9.66122448e-01 6.64664388e-01 3.90101492e-01
    6.09247684e-01 2.89343894e-02 6.49872005e-01 4.83545601e-01
    8.54667544e-01 6.72225952e-02 6.45708561e-01 4.30244207e-01
    5.37604451e-01 7.27266908e-01 8.70935023e-02 2.81566679e-02
    1.51669234e-01 5.75233936e-01 5.05865157e-01 2.42082983e-01
    5.08656383e-01 4.15962040e-02 1.40821934e-03 2.73236454e-01
    8.82158995e-01 7.94677734e-01 5.21536350e-01 4.12796110e-01
    4.43945825e-02 7.87364542e-02 3.78843844e-01 4.55791831e-01
    6.48167372e-01 2.49372989e-01 2.80874312e-01 6.86570406e-01
    4.25945014e-01 3.24893773e-01 5.25407434e-01 9.69268799e-01
    5.77075243e-01 6.74713790e-01 1.85858548e-01 7.21644819e-01
    3.87968540e-01 5.45415401e-01 2.35818952e-01 7.88323820e-01
    5.95713377e-01 4.93570745e-01 9.86635447e-01 8.42030764e-01
    4.02909845e-01 7.56489754e-01 3.15594852e-01 9.31934237e-01
    7.19853163e-01 2.66931653e-01 1.23919159e-01 6.69516265e-01
    8.65920961e-01 7.97302842e-01 3.77638459e-01 5.06825447e-02
    7.94099033e-01 5.44048548e-02 3.72365415e-02 6.29482508e-01
    8.84301245e-01 8.82926345e-01 2.59541243e-01 3.75566661e-01
    5.84697425e-02 9.74554181e-01 3.90747190e-02 4.74555641e-01
    7.79085994e-01 5.00330091e-01 6.74494207e-01 3.61372530e-01
    5.52354693e-01 7.53600061e-01 6.88878655e-01 6.32271528e-01
    8.98021460e-01 6.93370640e-01 5.70028424e-02 2.37988740e-01
    3.62809718e-01 3.48393500e-01 7.72181153e-01 1.58727676e-01
    2.86483169e-01 6.57959104e-01 7.65964687e-02 4.55657929e-01
    4.75913405e-01 2.27835506e-01 5.70320666e-01 2.25811929e-01
    3.83755058e-01 4.42909181e-01 1.31612480e-01 4.98381287e-01
    9.93264258e-01 2.22990125e-01 9.52127755e-01 2.36021668e-01
    5.59087038e-01 9.47419763e-01 4.99946594e-01 7.16427386e-01
    3.87866378e-01 8.10997605e-01 6.88312888e-01 8.17271829e-01
    4.16580915e-01 9.34348226e-01 5.16750634e-01 1.89415008e-01
    4.76550400e-01 5.79506099e-01 2.39300698e-01 9.93248701e-01
    7.39867568e-01 2.07870811e-01 7.79379010e-02 4.93433356e-01
    7.85375416e-01 4.86495197e-01 5.56036830e-02 3.34443241e-01
    9.43655252e-01 1.80377066e-02 7.64760792e-01 2.70134330e-01
    1.74012959e-01 3.08093846e-01 5.15454829e-01 6.19210303e-01
    7.17831910e-01 3.69769037e-01 7.97479689e-01 8.99832606e-01
    9.09184933e-01 3.53204787e-01 9.76882815e-01 3.27068567e-01
    9.67151999e-01 6.97708488e-01 6.14417017e-01 7.54799485e-01
    3.32742810e-01 6.12088501e-01 7.36487329e-01 5.21344244e-01
    9.30549979e-01 4.80404347e-01 9.71718073e-01 3.00404787e-01
    6.26643896e-02 8.86511326e-01 7.05111623e-01 2.76751041e-01
    4.42884266e-02 5.37071705e-01 2.28192896e-01 4.22421485e-01
    7.55481422e-02 4.73574966e-01 9.40999508e-01 1.68911695e-01
    8.08745384e-01 4.94425595e-02 3.75552446e-01 6.48199379e-01
    4.59175706e-02 6.83143854e-01 6.55053854e-02 7.98607111e-01
    8.14462483e-01 2.16559231e-01 9.07179117e-01 7.75497556e-01
    9.56384420e-01 4.16551471e-01 7.52394795e-01 2.81589597e-01
    1.64747298e-01 2.97555745e-01 4.04029578e-01 3.75573933e-02
    4.90938306e-01 8.49584520e-01 2.05084950e-01 8.01113605e-01
    3.19358051e-01 1.56694591e-01 7.43156016e-01 4.38872010e-01
    3.32493246e-01 6.75918877e-01 1.49023771e-01 2.62967378e-01
    3.35129321e-01 7.79746771e-01 3.72343004e-01 4.60661143e-01
    5.72149754e-01 5.34027815e-03 4.93310273e-01 6.22032821e-01
    8.43826890e-01 1.35136455e-01 8.22257400e-01 3.17993462e-02
    2.68353224e-01 9.24657226e-01 2.59962142e-01 2.85807252e-02
    4.51260626e-01 5.25054812e-01 7.71287978e-02 9.00046349e-01
    2.43855983e-01 5.72851062e-01 9.66389775e-01 2.63584077e-01
    6.69029891e-01 6.37016594e-01 8.87819886e-01 3.57184291e-01
    3.60960543e-01 7.07611442e-01 1.98932916e-01 6.67290211e-01
    4.83242184e-01 1.94212198e-01 8.90793800e-01 6.58761561e-01
    2.55107731e-01 8.35211992e-01 3.82577777e-01 5.24263501e-01
    2.29816139e-02 6.78107083e-01 8.92120004e-01 1.26520336e-01
    6.33304119e-02 8.79075766e-01 2.69458950e-01 1.25900835e-01
    4.01268542e-01 1.30157799e-01 9.89909649e-01 8.34775925e-01
    2.80077696e-01 2.28523791e-01 2.66987145e-01 8.94479096e-01
    8.69174123e-01 3.49061579e-01 2.71597326e-01 6.29808724e-01
    1.01462960e-01 8.07430744e-01 2.32861757e-01 4.92747992e-01
    6.68875396e-01 8.55188966e-01 1.10816002e-01 6.12553537e-01
    8.52038026e-01 9.14205611e-01 2.59485841e-02 9.99796450e-01
    2.58033007e-01 4.25276756e-01 8.55304956e-01 9.84400034e-01
    9.85208988e-01 5.76716244e-01 6.97902977e-01 4.44022298e-01
    6.70969725e-01 8.76023412e-01 4.90233421e-01 8.19440365e-01
    4.00671571e-01 2.17984289e-01 9.15010631e-01 8.06698918e-01
    4.42138016e-01 9.07564998e-01 6.49674952e-01 4.22443420e-01
    2.70451188e-01 1.71963304e-01 4.88463581e-01 8.51694703e-01
    3.71278346e-01 2.01529682e-01 9.25060630e-01 3.48966718e-01
    9.56988573e-01 8.50008845e-01 7.52455831e-01 9.16295290e-01
    7.86233544e-02 3.94585520e-01 4.19784606e-01 7.70575404e-01
    4.18393314e-01 9.05456066e-01 5.21045625e-02 1.18789643e-01
    2.80989200e-01 8.50132227e-01 2.15248466e-01 5.89080513e-01
    4.20921803e-01 4.38956916e-01 3.40950817e-01 5.18102467e-01
    5.05931616e-01 3.55731606e-01 1.19471461e-01 7.45597064e-01
    4.53166813e-01 4.50153828e-01 1.61502182e-01 6.15310907e-01
    5.03654182e-02 6.73970044e-01 3.04597020e-01 3.31991911e-03
    4.15926725e-01 6.17972314e-01 4.85351682e-02 9.88333702e-01
    5.03610969e-01 3.46655101e-01 5.22993207e-02 8.07166576e-01
    9.54730034e-01 2.87882000e-01 7.70295978e-01 6.10587776e-01
    8.43156576e-01 4.35453832e-01 1.47266448e-01 8.02386343e-01
    6.46013737e-01 8.50289106e-01 7.16392756e-01 8.65107179e-01
    8.99148285e-01 8.31810832e-01 7.83482492e-02 2.50343621e-01
    6.68349981e-01 6.79520547e-01 9.80517864e-01 1.13590956e-01
    8.37215543e-01 5.11224329e-01 1.49841815e-01 8.42810869e-01
    3.01144600e-01 6.94357693e-01 1.19268686e-01 6.92926645e-01
    6.15887821e-01 6.22028172e-01 3.13055277e-01 2.48833001e-01
    1.73063517e-01 6.72456264e-01 1.48996472e-01 5.24092197e-01
    4.49674875e-01 6.60471916e-01 7.89949954e-01 7.42234409e-01
    9.17406678e-01 7.88443744e-01 4.98418242e-01 3.57931256e-01
    1.49816006e-01 3.31131279e-01 4.07488614e-01 8.44592810e-01
    6.80519402e-01 3.92311931e-01 9.02710974e-01 3.56738865e-02
    9.61083233e-01 2.29694545e-02 1.66326463e-01 7.31350839e-01
    5.46086133e-01 2.30212629e-01 1.63383514e-01 7.42613077e-01
    2.19026357e-01 5.48179686e-01 7.03753948e-01 5.78786612e-01
    2.86966622e-01 9.63215470e-01 1.12319887e-01 9.67721045e-02
    8.87627661e-01 9.73079801e-02 2.77663350e-01 9.33777153e-01
    3.19785774e-01 6.74618840e-01 5.94501317e-01 5.14011919e-01
    7.25845337e-01 5.18372953e-02 4.10068959e-01 1.26207203e-01
    2.25810945e-01 8.06375206e-01 4.28921282e-01 1.32132292e-01
    5.45566797e-01 2.07172126e-01 4.65443403e-01 8.63956571e-01
    4.93851811e-01 9.17486131e-01 2.40941375e-01 4.73741889e-02
    2.26763427e-01 1.55796528e-01 6.84508860e-01 1.17141634e-01
    7.42066205e-01 7.01842904e-02 2.94488311e-01 2.39912152e-01
    1.96366519e-01 1.48627251e-01 3.95255923e-01 6.66120052e-01
    9.96420026e-01 5.54030716e-01 5.00247121e-01 9.98781681e-01
    1.24959648e-01 8.76992464e-01 4.89343792e-01 8.60014617e-01
    9.51279461e-01 7.57512271e-01 7.83097982e-01 1.75359845e-03
    1.32936209e-01 4.32106555e-01 1.26420826e-01 5.43584406e-01
    2.29862988e-01 9.53156233e-01 9.38254833e-01 4.71588731e-01
    8.03003788e-01 1.74907714e-01 2.06568837e-02 4.30133730e-01
    9.35110688e-01 6.19407237e-01 7.27062941e-01 5.32453299e-01
    1.07038528e-01 6.95582807e-01 7.49273300e-01 2.91903615e-02
    7.30172455e-01 6.57265902e-01 8.91375899e-01 3.72645378e-01
    6.12438619e-02 3.36750448e-02 1.47179067e-02 7.54656136e-01
    8.07018757e-01 3.00284952e-01 1.83348686e-01 8.72189641e-01
    6.12381160e-01 1.83682323e-01 6.27489686e-01 7.80898929e-01
    1.35730088e-01 2.98370898e-01 4.33639884e-02 9.04855013e-01
    3.54093015e-01 5.99525154e-01 8.09721053e-02 8.41972053e-01
    3.27613771e-01 4.95919764e-01 2.92613029e-01 5.98161578e-01
    9.56219256e-01 5.59190571e-01 5.24322212e-01 3.27400088e-01
    9.27808881e-03 9.79908824e-01 8.55385363e-01 9.09403920e-01
    7.67819107e-01 9.57300901e-01 1.91392452e-01 2.21579075e-02
    6.30110800e-02 1.13804191e-01 1.76215500e-01 6.26928151e-01
    2.10406661e-01 7.15380430e-01 4.96562123e-01 4.41803724e-01
    1.85576767e-01 1.55957758e-01 8.42278600e-02 8.50040019e-01
    3.12005818e-01 8.00455928e-01 9.24549699e-01 4.25696045e-01
    3.09054852e-01 3.49963248e-01 4.03516322e-01 5.07104516e-01
    4.30771530e-01 3.59345317e-01 3.55283469e-01 9.05144215e-01
    7.00748324e-01 8.34859610e-01 9.08922791e-01 6.58004582e-01
    8.39616358e-02 1.67039722e-01 9.37020361e-01 9.84779418e-01
    1.01677984e-01 2.95051157e-01 7.10368752e-02 8.69707763e-02
    2.54122019e-02 9.41959977e-01 3.72207165e-01 9.89794374e-01
    7.96917677e-02 2.70737648e-01 9.78469014e-01 9.93647337e-01
    7.71776199e-01 4.33834463e-01 3.85917932e-01 6.66400492e-01
    6.69909596e-01 3.71435940e-01 8.91277492e-02 4.02967572e-01
    9.50924158e-01 1.86349452e-01 2.62656391e-01 4.33183819e-01
    8.23089898e-01 1.64473683e-01 5.57457745e-01 4.98624146e-02
    1.69072121e-01 8.57217669e-01 7.50057817e-01 9.75455761e-01
    1.90410346e-01 6.15461171e-01 8.12096298e-02 7.80231059e-02
    3.52857590e-01 1.72787428e-01 5.03066063e-01 2.84315884e-01
    4.63633955e-01 2.72339553e-01 8.88335228e-01 1.35209322e-01
    6.53337419e-01 6.42830729e-01 4.41800565e-01 3.86717349e-01
    5.83550036e-01 3.70034099e-01 9.17962670e-01 8.73069167e-02
    3.66311371e-01 5.91678739e-01 8.55592370e-01 5.57162106e-01
    9.64816928e-01 9.94281173e-01 6.09386623e-01 3.55363548e-01
    5.31672597e-01 8.89961362e-01 1.79311097e-01 3.23546708e-01
    6.25318706e-01 7.65574455e-01 2.48864651e-01 5.14075279e-01
    3.51824403e-01 3.57781649e-02 3.70621085e-02 4.47724849e-01
    3.62783670e-04 5.58167875e-01 3.42148483e-01 8.21521878e-01
    2.15226084e-01 6.15286767e-01 3.69544864e-01 8.17819953e-01
    3.86898488e-01 7.82400370e-01 1.30752265e-01 6.36318088e-01
    9.54453826e-01 9.32105780e-01 1.55098736e-01 5.68307638e-01
    5.20878315e-01 2.08492160e-01 2.66480207e-01 8.44070733e-01
    6.78362846e-01 3.09328854e-01 3.20200562e-01 6.05614185e-01
    4.15319145e-01 2.40804881e-01 1.48694068e-01 8.82384419e-01
    3.25197101e-01 2.39673436e-01 1.75247431e-01 2.99976468e-02
    3.42182904e-01 1.51803643e-01 2.88179219e-01 9.45725560e-01
    7.70597577e-01 1.30306602e-01 2.51590073e-01 3.32295001e-01
    4.14432794e-01 2.70276815e-01 5.51600933e-01 2.71164119e-01
    5.33477187e-01 4.43674296e-01 8.67924809e-01 5.33773243e-01
    5.74070215e-01 9.10251558e-01 6.85914576e-01 2.75426775e-01
    3.19250196e-01 4.24044043e-01 1.32458329e-01 5.45657992e-01
    7.60406256e-02 3.41005027e-02 8.59277606e-01 8.44800651e-01
    3.32775921e-01 4.24951792e-01 8.64377737e-01 8.46909225e-01
    2.48946697e-01 7.24678695e-01 7.86189795e-01 5.81969559e-01
    7.80269742e-01 6.42771602e-01 5.76033413e-01 9.25809979e-01
    9.96775985e-01 5.97569823e-01 1.99386775e-02 7.18968570e-01
    4.02702421e-01 3.34597647e-01 7.01575518e-01 8.12517166e-01
    8.31212699e-01 4.60869730e-01 9.64276671e-01 7.93859601e-01
    5.20492017e-01 8.80456924e-01 1.83433890e-01 9.01566863e-01
    8.47429037e-02 9.76168633e-01 2.96985984e-01 6.06216788e-01
    7.06626952e-01 2.00445682e-01 9.40942287e-01 5.12124360e-01
    6.35181546e-01 3.00284803e-01 9.44128752e-01 7.47453213e-01
    3.08771849e-01 4.25270170e-01 3.00188065e-02 5.15347898e-01
    9.32931662e-01 7.58352220e-01 6.22148335e-01 7.73563385e-01
    9.89681482e-01 3.80617589e-01 1.15495533e-01 1.31051004e-01
    4.71559733e-01 6.82227314e-01 7.80808926e-01 9.19959843e-02
    2.54097879e-01 3.91220093e-01 4.68424052e-01 4.78215903e-01
    6.42013550e-01 3.91909599e-01 4.71951842e-01 8.03788424e-01
    4.95620459e-01 2.53948390e-01 5.78054845e-01 6.10268712e-01
    6.21697307e-01 7.00357318e-01 8.16508532e-01 1.69094354e-01
    6.55807734e-01 3.59348714e-01 8.09454799e-01 1.10627890e-01
    3.97472799e-01 6.81650221e-01 5.19482195e-01 5.45480907e-01
    1.50100559e-01 6.39675438e-01 3.37627530e-01 5.57084143e-01
    4.45163459e-01 2.35656112e-01 8.70278895e-01 3.70397538e-01
    8.44823003e-01 5.26194751e-01 7.52336860e-01 1.14236534e-01
    3.95050257e-01 5.76666415e-01 6.99698925e-02 2.86386609e-01
    1.46344751e-01 6.38077855e-01 1.11855954e-01 8.21439385e-01
    4.26429808e-01 5.92265368e-01 7.79398203e-01 3.53301525e-01
    4.38002139e-01 7.11064219e-01 1.53069496e-02 4.21664119e-03
    1.99363470e-01 7.71648765e-01 6.20635927e-01 4.24778461e-01
    4.77133393e-02 7.32200623e-01 3.80982220e-01 6.51093721e-01
    4.38216627e-02 2.10419595e-01 2.12652534e-01 3.06200951e-01
    5.11424303e-01 5.35940826e-01 9.95962143e-01 9.01816726e-01
    2.83586383e-01 3.22280049e-01 3.88775617e-01 2.15914547e-01
    3.09556544e-01 5.39027035e-01 1.97293580e-01 8.04119825e-01
    3.36182773e-01 1.84381902e-02 1.05997086e-01 2.22190142e-01
    7.71495581e-01 9.96516049e-01 3.69458079e-01 7.64186621e-01
    4.28934515e-01 6.34228945e-01 5.76105118e-02 7.54862607e-01
    7.94477582e-01 3.41381431e-02 7.34794199e-01 7.67439961e-01
    8.03739667e-01 6.09369576e-02 2.59863019e-01 6.68891251e-01
    1.28883868e-01 9.83056426e-02 3.77779186e-01 6.64682209e-01
    4.94073242e-01 2.13302165e-01 2.56738126e-01 8.33197534e-02
    5.03744364e-01 9.74358797e-01 6.65697336e-01 3.66544008e-01
    8.31094384e-03 1.06473386e-01 3.69412303e-01 5.90404570e-01
    7.14385867e-01 4.22106922e-01 4.78698164e-01 7.88519144e-01
    3.54510665e-01 6.66021943e-01 4.29417133e-01 3.05599630e-01
    7.91209817e-01 9.02479529e-01 3.93696189e-01 4.06170994e-01
    5.61860681e-01 2.21141845e-01 1.57048345e-01 2.74236649e-01
    8.47757339e-01 4.20442075e-01 7.50381708e-01 5.54771841e-01
    2.85304576e-01 8.44414532e-02 8.14959884e-01 4.22066092e-01
    2.70320445e-01 7.14989901e-01 4.31959152e-01 9.06853795e-01
    4.89893198e-01 7.32837558e-01 6.26927376e-01 1.32957011e-01
    6.63125396e-01 3.64046007e-01 9.13303375e-01 2.26589859e-01
    2.12103844e-01 6.61254764e-01 7.90906072e-01 3.91223431e-01
    3.09763998e-01 6.19910777e-01 1.30337805e-01 2.13194460e-01
    6.32589936e-01 3.53783250e-01 6.24012053e-01 4.05818641e-01
    6.45153165e-01 1.21937841e-01 6.72149062e-01 3.07484746e-01
    8.45823526e-01 3.14585507e-01 8.05524111e-01 6.00302160e-01
    4.46482003e-01 9.12418842e-01 3.62303436e-01 7.84583926e-01
    4.15661871e-01 4.15455520e-01 2.13373899e-01 5.97704887e-01
    7.58408308e-01 4.72371727e-01 8.38335276e-01 7.54368186e-01
    3.69544506e-01 5.56572616e-01 3.14975560e-01 2.44939536e-01
    9.75251079e-01 5.17318726e-01 6.64815664e-01 4.78569865e-02
    2.53801942e-02 4.24020708e-01 6.28928840e-02 2.92205662e-01
    3.77016455e-01 4.67277139e-01 2.00429618e-01 4.63159144e-01
    4.05103922e-01 3.67841482e-01 4.69766349e-01 8.21543336e-01
    6.89414501e-01 3.96261454e-01 6.51706934e-01 2.98066735e-01
    2.30891943e-01 7.25260258e-01 9.24885273e-01 2.47605890e-01
    7.93291330e-02 7.28734255e-01 7.59797454e-01 4.05912727e-01
    8.33245277e-01 3.68980885e-01 3.43737841e-01 5.73584080e-01
    6.50871992e-01 7.16825604e-01 4.74829704e-01 7.42918134e-01
    1.91223949e-01 7.74462342e-01 1.31603122e-01 8.25451016e-01
    6.74180746e-01 4.91848052e-01 8.68224502e-02 6.34586573e-01
    5.97250104e-01 4.24830496e-01 2.15121746e-01 1.14302337e-02
    8.09747577e-02 5.93603015e-01 4.97215211e-01 7.84234583e-01
    6.64220870e-01 1.20950520e-01 9.65632200e-01 7.02343643e-01
    8.27119946e-01 5.32087266e-01 4.47985291e-01 2.68497854e-01
    3.85288298e-01 5.07051587e-01 5.72171807e-01 7.59018660e-01
    5.03181100e-01 5.19735217e-01 7.01767027e-01 9.73435044e-01
    3.83773714e-01 7.27476478e-01 8.84382725e-01 5.14507055e-01
    4.98008758e-01 9.54656422e-01 8.03612471e-01 3.25116217e-02
    3.10647488e-01 1.25463247e-01 1.64826035e-01 9.90055323e-01
    2.86141098e-01 5.17105341e-01 1.45500243e-01 6.99793816e-01
    1.64939016e-01 4.00593877e-03 2.41937786e-01 7.67452359e-01
    4.65583444e-01 3.07887614e-01 2.31116116e-02 5.24329782e-01
    4.94980305e-01 1.90808475e-01 8.15595627e-01 8.47181618e-01
    5.12739241e-01 1.08968437e-01 4.81317550e-01 8.22886944e-01
    8.45698357e-01 9.32128012e-01 3.79345477e-01 9.44370985e-01
    5.15329063e-01 6.69277251e-01 8.35423946e-01 3.55641842e-01
    8.48066926e-01 5.27957857e-01 4.58811134e-01 5.27826071e-01
    2.00800329e-01 3.21268260e-01 2.44478732e-01 4.72811192e-01
    3.86294127e-01 2.83247590e-01 7.37901449e-01 6.57895267e-01
    5.71020246e-01 2.96475828e-01 8.48987997e-02 6.08517647e-01
    6.71000898e-01 4.70365584e-01 9.29528356e-01 9.68377590e-01
    9.92819428e-01 9.81916606e-01 6.26693368e-01 2.18166143e-01
    3.25171351e-02 8.28754067e-01 6.75476789e-02 6.64388955e-01
    2.48012364e-01 4.58968729e-01 1.97769433e-01 7.52610564e-01
    9.18892682e-01 9.27429855e-01 8.81758571e-01 9.58332062e-01
    8.35509896e-01 2.29398191e-01 5.04231513e-01 3.03252339e-02
    9.21389699e-01 3.87466252e-01 4.45274591e-01 7.60249138e-01
    7.49340951e-01 8.76597822e-01 7.64905214e-01 4.10250068e-01
    7.39408493e-01 2.88253129e-01 2.44869679e-01 3.01407814e-01
    1.15431011e-01 8.98729444e-01 6.06695294e-01 1.87286615e-01
    7.50525296e-01 1.42819017e-01 1.82493925e-01 6.38314843e-01
    1.38395548e-01 1.08746588e-01 9.87535715e-01 2.90262163e-01
    9.83923793e-01 8.90565276e-01 3.19765568e-01 4.22086865e-01
    6.55157983e-01 5.84742785e-01 7.25200772e-01 3.40628803e-01
    8.07020426e-01 5.01963019e-01 7.51453757e-01 5.99164486e-01
    5.68703711e-01 7.31814206e-02 8.12286258e-01 8.78410220e-01
    2.35343039e-01 9.55964804e-01 9.35815573e-02 5.65063655e-02
    5.94190776e-01 5.02406776e-01 5.48906028e-02 4.90585923e-01
    8.15856814e-01 3.22535992e-01 4.51759338e-01 4.01064634e-01
    8.72748137e-01 5.20646989e-01 4.86938447e-01 5.36514103e-01
    8.91024172e-01 1.66924238e-01 3.16795945e-01 6.96481645e-01
    4.55445051e-02 6.66985035e-01 7.19538867e-01 9.92003798e-01
    5.46542704e-01 4.41176653e-01 3.47877741e-02 5.55529416e-01
    4.08906251e-01 4.62104321e-01 8.32361698e-01 6.55575156e-01
    2.40960985e-01 8.59080791e-01 6.66445911e-01 4.67278183e-01
    2.99373746e-01 7.43054509e-01 7.51219928e-01 6.33425832e-01
    8.15922320e-02 6.23135567e-01 6.53261840e-01 3.34580868e-01
    5.77527881e-01 2.48224378e-01 5.59176743e-01 9.37837720e-01
    6.17857158e-01 7.86166787e-01 9.68106270e-01 5.45349360e-01
    9.06327903e-01 1.05035633e-01 6.06760681e-01 1.00841582e-01
    4.72357750e-01 2.88730860e-01 2.97447443e-01 4.74621117e-01
    9.63792086e-01 6.20727360e-01 7.39949107e-01 6.96697950e-01
    4.71218854e-01 8.15885544e-01 9.81124163e-01 4.56243992e-01
    6.85281277e-01 1.50862187e-01 5.49700916e-01 2.51859307e-01
    3.50982130e-01 5.94261885e-02 9.31156397e-01 7.67049074e-01
    4.74668145e-01 8.29868913e-02 3.28534842e-01 4.24755692e-01
    5.43422163e-01 5.39208651e-02 9.38997686e-01 1.64495975e-01
    9.09383655e-01 4.00027096e-01 9.54708278e-01 6.40393853e-01
    1.13271773e-02 8.69574428e-01 1.32625699e-02 7.98122466e-01
    5.15433311e-01 7.39289522e-01 4.73566622e-01 1.32593006e-01
    8.76740873e-01 8.12429190e-01 1.70746505e-01 8.89438748e-01
    9.49434876e-01 8.51661682e-01 1.65288985e-01 5.39206684e-01
    1.30790293e-01 6.14051878e-01 1.67718202e-01 3.60343516e-01
    4.66683656e-01 2.07576036e-01 6.47395790e-01 5.22795856e-01
    1.48345232e-02 1.54609472e-01 2.42396355e-01 5.58806658e-01
    7.03697383e-01 9.46425200e-01 2.30186164e-01 2.80547917e-01
    9.34583902e-01 6.22178078e-01 7.42934346e-01 4.08780217e-01
    1.12748116e-01 6.90321267e-01 1.59219414e-01 3.89215052e-02
    8.80899549e-01 4.26918477e-01 2.75178611e-01 7.10578680e-01
    9.60211635e-01 1.39207542e-02 8.20923686e-01 3.52781892e-01
    9.51694787e-01 8.50924969e-01 9.51127648e-01 2.77874529e-01
    4.49427158e-01 4.97269988e-01 8.90560746e-01 3.35370839e-01
    1.65511131e-01 6.81898355e-01 5.28928816e-01 9.33319569e-01
    2.94491649e-03 6.75210536e-01 8.13932717e-02 5.23674846e-01
    8.95740330e-01 3.77271354e-01 3.89414787e-01 2.78062820e-01
    7.55701900e-01 5.25969565e-02 1.35690272e-02 1.87950075e-01
    6.59247398e-01 2.88155466e-01 3.12981606e-01 2.48058408e-01
    9.07846808e-01 7.15129197e-01 9.44579840e-01 6.64064467e-01
    4.99775440e-01 2.07013190e-02 6.07210934e-01 3.46348584e-02
    7.28925228e-01 8.47849250e-03 5.08136153e-02 6.16610944e-01
    1.21167243e-01 9.09628630e-01 8.32724690e-01 6.39061928e-01
    1.60068631e-01 4.69760388e-01 6.18639171e-01 9.98932958e-01
    3.56339157e-01 5.56762457e-01 9.25323009e-01 8.01917076e-01
    5.51700234e-01 5.63195646e-02 9.52956200e-01 1.72429562e-01
    2.21845001e-01 1.08306855e-01 4.53000724e-01 6.67609096e-01
    3.29343677e-01 5.94717145e-01 9.12215114e-02 6.67099655e-01
    1.22165620e-01 7.34112382e-01 8.01086068e-01 3.79640728e-01
    2.69267261e-01 1.34710640e-01 7.07661629e-01 5.84715009e-01
    2.41454154e-01 2.09503174e-02 6.35610104e-01 2.24822760e-01
    3.48466367e-01 5.17140687e-01 9.17223215e-01 8.65371943e-01
    7.37834573e-01 3.84679049e-01 3.10276210e-01 1.24971569e-02
    7.28104591e-01 2.06102878e-01 9.77428794e-01 6.09304905e-01
    2.95236319e-01 9.91716802e-01 9.48127747e-01 8.83754015e-01
    4.13248926e-01 5.09801149e-01 6.14371359e-01 9.09181893e-01
    2.64834642e-01 3.93120646e-02 2.03545511e-01 7.55852520e-01
    2.81070292e-01 3.36463034e-01 8.09008956e-01 2.09925234e-01
    1.67664468e-01 2.57909000e-02 5.39752603e-01 4.74955291e-01
    7.60731518e-01 8.89379859e-01 5.21782100e-01 9.22992706e-01
    9.16375041e-01 3.84687483e-01 5.51131070e-01 8.78894508e-01
    2.86586046e-01 5.71742773e-01 4.32757854e-01 1.30736530e-01
    3.52843910e-01 2.16868013e-01 5.42463899e-01 4.41066146e-01
    6.36111021e-01 5.63581884e-01 2.00283647e-01 4.16919053e-01
    1.19480580e-01 7.80007601e-01 4.42965597e-01 9.03580785e-01
    1.43805981e-01 8.64350200e-02 3.47325355e-01 6.02207601e-01
    3.18589389e-01 7.89602816e-01 7.85344720e-01 7.47736692e-02
    8.42257380e-01 6.95420980e-01 7.58499146e-01 7.11824298e-02
    4.59588945e-01 1.47326887e-01 5.35168409e-01 8.07667255e-01
    8.14824939e-01 5.46414971e-01 3.51764143e-01 3.75792056e-01
    7.98522353e-01 4.39707398e-01 7.23201156e-01 5.43905854e-01
    6.89247370e-01 5.41214168e-01 8.22060347e-01 3.63044083e-01
    9.50411022e-01 9.43111658e-01 7.33277321e-01 6.81878388e-01
    3.46488655e-01 1.51026011e-01 9.45114136e-01 9.88633633e-02
    9.48394537e-01 9.92267966e-01 3.62986207e-01 1.79573715e-01
    3.12202573e-02 8.86333406e-01 3.89427632e-01 4.66361284e-01
    2.14398235e-01 4.69206572e-01 9.29317057e-01 7.19784796e-01
    1.07412249e-01 1.47731841e-01 6.03493452e-01 7.97155738e-01
    4.54721451e-01 2.02439189e-01 7.88199961e-01 7.36729026e-01
    8.52059364e-01 3.09798121e-01 6.69220448e-01 3.38144869e-01
    4.28772449e-01 1.54722631e-02 2.50867605e-01 3.03971231e-01
    5.95481932e-01 9.36527848e-01 3.15273672e-01 7.66696751e-01
    6.16256177e-01 4.66960460e-01 9.08574939e-01 2.43038505e-01
    1.35255814e-01 8.27012777e-01 6.02739573e-01 9.27279532e-01
    8.12626839e-01 3.10108781e-01 7.55725145e-01 7.95680642e-01
    5.73816061e-01 2.54853010e-01 3.39803040e-01 7.29554772e-01
    4.19213057e-01 4.79605228e-01 7.76854575e-01 4.02633190e-01
    8.60131562e-01 3.64642560e-01 7.82864094e-02 5.13493776e-01
    7.93942809e-03 9.86449003e-01 3.43957126e-01 5.02696812e-01
    8.70647430e-01 3.60213399e-01 8.68947446e-01 1.30058676e-01
    1.00326329e-01 1.95285290e-01 4.88129407e-01 4.94703025e-01
    6.91745877e-01 2.62023151e-01 7.59787738e-01 9.55115438e-01
    4.12405699e-01 4.59916592e-02 1.34805739e-02 4.63897675e-01
    9.92120564e-01 3.88390213e-01 2.75718331e-01 9.46161866e-01
    6.18539214e-01 6.82289124e-01 4.79043484e-01 5.07907510e-01
    7.83873796e-01 3.13401997e-01 4.51988339e-01 3.27093720e-01
    7.65083909e-01 3.82778764e-01 3.80872816e-01 7.62681067e-02
    7.13062286e-02 9.83351946e-01 8.84985089e-01 9.66237903e-01
    2.75803506e-01 6.99404359e-01 8.61067414e-01 5.30667305e-02
    4.01637167e-01 9.17532802e-01 3.90936941e-01 4.40417469e-01
    4.39596802e-01 7.03999281e-01 8.54110718e-03 8.94064963e-01
    5.91024756e-01 3.46768796e-02 8.49435508e-01 7.81175613e-01
    8.22052598e-01 8.29048812e-01 8.73666644e-01 7.08560288e-01
    3.78131330e-01 7.41867602e-01 2.39618510e-01 9.86028910e-01
    9.34679151e-01 6.17641032e-01 2.69656718e-01 9.18821990e-02
    3.84040117e-01 9.38027799e-01 9.41801429e-01 6.23969257e-01
    3.13456297e-01 9.84178007e-01 8.60060632e-01 4.89310741e-01
    7.89572001e-01 6.33629441e-01 5.68611145e-01 9.99381542e-01
    3.83782566e-01 2.79712379e-01 6.89361989e-02 8.49401712e-01
    9.36521292e-01 9.35956240e-01 9.04383838e-01 7.50983596e-01
    3.69957417e-01 8.38029265e-01 1.78613871e-01 6.10599756e-01
    2.82256305e-01 2.17583269e-01 9.45587397e-01 3.59483778e-01
    1.94263101e-01 4.08456683e-01 4.29521888e-01 9.58269835e-03
    8.55790496e-01 6.31914258e-01 1.33033693e-01 6.06094420e-01
    4.31298435e-01 9.79742706e-01 3.43002498e-01 7.95157790e-01
    2.10440129e-01 3.31995308e-01 5.07607520e-01 8.27582777e-02
    9.12555695e-01 2.97281384e-01 9.17672634e-01 5.95618904e-01
    2.83591032e-01 5.43144345e-03 1.68018937e-02 9.55018520e-01
    5.35811663e-01 6.54849589e-01 4.67801034e-01 1.28813475e-01
    2.09294826e-01 3.79696220e-01 7.61378765e-01 8.71108115e-01
    4.39357907e-01 6.29426837e-01 2.80412853e-01 4.61528480e-01
    5.05332947e-01 7.17980742e-01 8.27761650e-01 3.82779837e-01
    6.56279564e-01 3.37601542e-01 7.37215757e-01 2.94023126e-01
    9.70596552e-01 2.14239359e-01 2.99577802e-01 3.26029658e-01
    4.05051291e-01 9.00503993e-01 4.08465564e-02 3.45914185e-01
    2.97110558e-01 9.77291286e-01 4.43284720e-01 6.19129419e-01
    7.36753106e-01 4.80256200e-01 5.15064001e-01 8.44716191e-01
    3.25781405e-01 4.73961383e-01 1.95338875e-01 6.29011095e-01
    4.25106972e-01 8.82687688e-01 1.33426487e-01 1.11758828e-01
    8.30162942e-01 7.80971408e-01 2.08592981e-01 6.75607979e-01
    4.62142080e-01 6.98641837e-02 4.92585301e-02 6.01337075e-01
    3.63338232e-01 8.80862832e-01 5.85587919e-01 5.26913404e-01
    2.67705560e-01 3.86128694e-01 4.61089760e-01 8.99514437e-01
    7.96520114e-02 6.37002885e-01 4.27045524e-01 4.16312546e-01
    7.99759328e-02 1.69963002e-01 9.86591220e-01 8.04002225e-01
    6.07262850e-01 1.19687408e-01 3.36852252e-01 3.33248913e-01
    9.24061298e-01 7.40161598e-01 7.60444760e-01 8.60500634e-01
    2.43626952e-01 6.27895713e-01 2.24569023e-01 6.49370313e-01
    6.15209758e-01 3.10220480e-01 2.73164988e-01 7.29227781e-01
    3.57142150e-01 5.82759678e-02 3.56336176e-01 5.34884512e-01
    4.26298738e-01 8.00784767e-01 4.09097463e-01 4.41291034e-01
    3.58262777e-01 2.73240566e-01 9.81174588e-01 8.02184343e-01
    6.85499847e-01 8.80367875e-01 9.91655827e-01 6.12007082e-01
    5.13127685e-01 5.21812320e-01 1.56421423e-01 3.46948445e-01
    3.64030212e-01 1.43466920e-01 9.19884443e-02 9.49966788e-01
    3.73971224e-01 2.06989169e-01 9.71436977e-01 6.05465412e-01
    6.00879729e-01 5.87433875e-02 5.84718108e-01 1.26922995e-01
    4.90869224e-01 2.39893496e-02 7.51473069e-01 9.35047269e-01
    9.03290629e-01 1.83819771e-01 4.33735311e-01 6.51692331e-01
    6.11291289e-01 9.40354228e-01 6.40245557e-01 5.03345728e-01
    4.58774269e-02 4.16002899e-01 3.40650201e-01 7.29143858e-01
    8.85639668e-01 2.55251884e-01 2.50556052e-01 2.43430287e-01
    9.41189229e-02 9.51617539e-01 9.76603985e-01 4.94871616e-01
    3.34378183e-01 4.71526027e-01 7.67272592e-01 8.86631310e-02
    9.78651047e-01 7.29440212e-01 1.74924046e-01 6.71282768e-01
    6.33001626e-02 1.71780080e-01 1.80202425e-01 3.72343540e-01
    4.09877509e-01 4.62299198e-01 3.78408223e-01 4.50442016e-01
    4.70393300e-02 2.31620371e-02 8.07083368e-01 3.29172254e-01
    2.85642147e-01 8.73571634e-01 1.00939274e-02 5.72232306e-01
    1.06951475e-01 9.25407290e-01 8.81447792e-02 3.81834716e-01
    6.21238649e-02 2.55676091e-01 5.68345666e-01 5.57424188e-01
    9.82681632e-01 5.15716136e-01 7.71537840e-01 2.57033348e-01
    4.97908264e-01 3.10271978e-02 7.78583407e-01 7.49015093e-01
    8.18074763e-01 5.95211446e-01 7.70772278e-01 7.00256109e-01
    4.96885896e-01 7.19473779e-01 9.25621748e-01 7.62547553e-02
    7.73320556e-01 3.82572711e-01 8.12836111e-01 9.67512488e-01
    5.05243361e-01 6.94984436e-01 7.94561028e-01 3.84102702e-01
    8.76519382e-01 9.87218857e-01 3.74443859e-01 2.92245924e-01
    2.37111866e-01 5.87075710e-01 3.99832338e-01 1.82285011e-02
    9.41366434e-01 1.05992913e-01 5.12276769e-01 4.02985841e-01
    1.92283392e-01 6.49373531e-01 6.47067308e-01 5.18037975e-01
    1.26644969e-02 3.22779566e-01 3.30223083e-01 9.69758868e-01
    5.61230421e-01 3.20205361e-01 5.41160524e-01 6.18388772e-01
    3.24576795e-02 9.57690120e-01 3.72366011e-02 9.95281100e-01
    7.74406374e-01 7.91407228e-02 8.62443805e-01 4.81247097e-01
    5.21749258e-01 3.43152314e-01 5.23751557e-01 9.39630866e-01
    1.37630492e-01 8.44103456e-01 6.99853182e-01 9.98683989e-01
    9.62982774e-02 1.77953541e-02 1.80603921e-01 2.70435095e-01
    8.34386647e-02 4.57983464e-01 8.54875803e-01 2.35419720e-01
    1.76107645e-01 9.78223205e-01 8.42907310e-01 1.83517456e-01
    7.94001698e-01 8.10017645e-01 2.99748957e-01 5.98598540e-01
    5.78437328e-01 7.91433454e-03 3.23210359e-01 5.87681770e-01
    3.71546149e-01 8.31640244e-01 3.45269322e-01 8.92717123e-01
    2.24139273e-01 8.28451455e-01 5.54626584e-01 2.53206849e-01
    5.43280065e-01 7.81695724e-01 5.50062299e-01 1.65089965e-03
    1.03878379e-02 9.99914646e-01 9.69042778e-01 6.05041683e-01
    2.84005135e-01 3.09969068e-01 7.33936191e-01 5.17164230e-01
    8.19765091e-01 1.99237764e-02 6.67796671e-01 3.01235437e-01
    6.33685172e-01 3.35164487e-01 9.83905911e-01 5.90716779e-01
    5.96190870e-01 4.07750696e-01 4.86883342e-01 8.50691795e-01
    8.69096518e-01 2.86324382e-01 5.43485880e-01 8.84606898e-01
    3.05820823e-01 5.17935872e-01 8.39944124e-01 9.14879560e-01
    2.26660103e-01 8.63335252e-01 6.21808529e-01 3.73642623e-01
    4.48245853e-01 3.97494137e-01 2.86892891e-01 5.59967637e-01
    7.21515536e-01 2.70282209e-01 8.04059625e-01 3.60235035e-01
    5.10436893e-02 4.11392421e-01 1.26467437e-01 3.01327199e-01
    9.31865156e-01 4.87596005e-01 5.14601827e-01 3.17938060e-01
    3.23328674e-02 2.71051496e-01 6.35927975e-01 8.82065654e-01
    3.93669784e-01 3.01027685e-01 5.82344592e-01 3.30427349e-01
    3.72677565e-01 4.36611533e-01 2.23784924e-01 9.90495086e-03
    9.09388363e-02 9.54576373e-01 9.95863557e-01 9.52860951e-01
    7.14281321e-01 6.88459516e-01 7.08566546e-01 4.69599336e-01
    8.78978252e-01 9.11471844e-01 8.94565701e-01 3.20716500e-01
    3.20584327e-01 8.22567225e-01 3.87383610e-01 1.35406852e-02
    4.43994135e-01 7.40104556e-01 7.02359736e-01 1.57599270e-01
    1.98056102e-02 3.62820685e-01 6.94795668e-01 9.45097566e-01
    3.10132205e-01 7.96588302e-01 2.58457661e-03 4.94047344e-01
    4.74624634e-02 7.50532627e-01 9.74108338e-01 2.84576237e-01
    4.89854574e-01 6.80718422e-01 6.52555466e-01 4.51264232e-01
    5.05914092e-01 4.33823943e-01 6.38477743e-01 7.82991350e-01
    7.71628857e-01 3.93679380e-01 4.84297335e-01 3.09218049e-01
    2.58338928e-01 6.49333239e-01 2.12373346e-01 2.20703214e-01
    2.68571556e-01 9.93983209e-01 2.78130800e-01 3.74036252e-01
    5.39098859e-01 2.32132077e-01 4.44886863e-01 7.88567781e-01
    9.46755648e-01 6.11127615e-01 6.31681085e-01 2.29526848e-01
    4.28783894e-01 4.48293537e-01 5.05323529e-01 9.48291063e-01
    4.87639487e-01 3.99279833e-01 3.23610514e-01 8.68124008e-01
    5.51752210e-01 6.96937859e-01 2.31820583e-01 2.52335012e-01
    6.35544121e-01 8.04077029e-01 2.22390682e-01 6.05524898e-01
    2.89104223e-01 5.44553339e-01 5.75748861e-01 7.32839108e-01
    9.97833848e-01 5.99886358e-01 2.18925089e-01 8.50736618e-01
    5.06695032e-01 7.29486346e-01 8.89554024e-02 2.56660879e-01
    5.53898454e-01 9.53793764e-01 4.21212673e-01 4.07688409e-01
    8.61574709e-02 5.59864938e-02 7.63829291e-01 5.84440947e-01
    1.71679974e-01 8.34356606e-01 7.37771153e-01 8.39014232e-01
    8.78251314e-01 5.67041755e-01 4.64725703e-01 9.83895361e-01
    3.76803637e-01 4.27882344e-01 6.85792685e-01 3.00088286e-01
    6.40301585e-01 9.03014362e-01 2.21370131e-01 3.90932292e-01
    9.65620995e-01 4.76985037e-01 2.02066004e-01 4.03682232e-01
    8.43986630e-01 5.01368284e-01 3.42019200e-02 7.53271818e-01
    5.67974091e-01 5.30490041e-01 5.53039193e-01 3.53129894e-01
    1.80767924e-01 7.91166425e-01 1.34675503e-01 5.54792285e-01
    2.55357027e-01 7.06891418e-01 9.65299249e-01 9.06937242e-01
    2.05135584e-01 1.67533338e-01 8.05696011e-01 8.84204090e-01
    3.96475315e-01 2.46548474e-01 2.02896029e-01 2.93360770e-01
    9.42271054e-01 1.23954386e-01 8.49020779e-02 5.42682827e-01
    8.55649948e-01 7.53273666e-01 4.29969639e-01 2.32000113e-01
    3.55650306e-01 9.10017610e-01 8.96494150e-01 9.11765099e-01
    2.14826107e-01 6.05249226e-01 7.72350371e-01 9.96246159e-01
    9.41119373e-01 3.69083047e-01 5.37090182e-01 3.33645463e-01
    7.95465410e-01 8.49002302e-01 7.73281634e-01 8.74510288e-01
    7.08049238e-02 7.89992809e-01 9.60139513e-01 8.18024755e-01
    2.11457551e-01 6.04877412e-01 1.79022104e-01 7.14778543e-01
    5.18580139e-01 9.31707501e-01 4.47352380e-01 4.92966056e-01
    5.24988472e-01 3.24603528e-01 6.64803028e-01 2.14639634e-01
    5.82215250e-01 2.50713706e-01 4.17065710e-01 8.57315898e-01
    9.50673819e-01 5.69624603e-01 6.15194738e-02 1.48717046e-01
    1.00344986e-01 1.39027834e-01 2.40446776e-01 1.51005238e-01
    1.87223613e-01 9.54246879e-01 9.00563896e-02 9.58333611e-01
    8.28883350e-02 1.80128515e-02 6.47170961e-01 7.96999931e-01
    1.93790019e-01 2.59664237e-01 5.17012358e-01 8.60752761e-01
    7.40634561e-01 8.41475308e-01 5.49978673e-01 3.67692560e-01
    8.15828443e-01 2.83502519e-01 6.44057512e-01 4.39325005e-01
    7.01695681e-01 3.29950750e-01 3.07777822e-02 9.06407475e-01
    9.26607847e-03 6.18698776e-01 5.82644641e-01 9.63418245e-01
    5.11547804e-01 9.66479838e-01 4.57040101e-01 7.77863860e-01
    5.29217541e-01 6.97380185e-01 8.39839697e-01 4.04116750e-01
    9.89846051e-01 5.42546213e-01 1.94327921e-01 9.17609572e-01
    2.85463154e-01 4.00615662e-01 4.17104185e-01 9.52815294e-01
    5.90104461e-02 5.93259931e-01 8.13697278e-02 1.83998883e-01
    3.86132032e-01 7.01373577e-01 7.67557383e-01 7.96044707e-01
    4.66556042e-01 5.67080319e-01 2.36963719e-01 3.70998681e-02
    1.37170494e-01 1.98708415e-01 2.97371328e-01 1.40862167e-02
    4.09078717e-01 3.51076514e-01 4.44426775e-01 8.84774446e-01
    6.85570240e-01 7.75598288e-01 1.64264262e-01 2.78810561e-01
    4.69125003e-01 5.37391067e-01 4.30039793e-01 6.95962548e-01
    3.42420906e-01 9.39140916e-01 1.33493870e-01 9.33170557e-01
    5.79457998e-01 9.24115419e-01 2.54458964e-01 9.14476991e-01
    4.00871754e-01 6.80777967e-01 1.93502367e-01 1.44161701e-01
    3.45224470e-01 6.29439592e-01 6.30166888e-01 6.35814130e-01
    2.46258527e-01 8.08547318e-01 6.99209392e-01 8.86460841e-01
    2.34909087e-01 3.07433963e-01 9.17303026e-01 9.92417991e-01
    8.91653776e-01 9.71434772e-01 3.47603798e-01 6.00580633e-01
    5.10002732e-01 4.40959394e-01 7.49126494e-01 5.05951226e-01
    3.11667293e-01 8.59267473e-01 5.37260830e-01 1.24627352e-01
    3.64872038e-01 3.65157127e-02 8.20714056e-01 1.55685961e-01
    9.84879196e-01 5.00271559e-01 4.80377167e-01 6.77555680e-01
    1.68752760e-01 2.23788768e-01 5.98878980e-01 3.07117760e-01
    6.34389222e-01 3.52221310e-01 4.97672945e-01 2.14864820e-01
    2.96335459e-01 2.35489309e-01 1.06955767e-01 2.43387043e-01
    7.71706223e-01 4.44694281e-01 4.52238262e-01 1.78176373e-01
    3.30847502e-01 5.27180672e-01 4.03146684e-01 3.07503700e-01
    5.66944599e-01 2.82880872e-01 9.47486043e-01 7.82810092e-01
    8.35371375e-01 7.14762926e-01 1.93707287e-01 1.83642805e-02
    7.84928501e-01 9.67633128e-01 2.63231874e-01 5.44211209e-01
    5.98978639e-01 9.45115387e-01 7.34958529e-01 7.80911028e-01
    2.90437400e-01 7.52675533e-02 5.62844932e-01 4.20704246e-01
    6.25774384e-01 8.26699734e-01 5.48047721e-02 8.00333142e-01
    5.18058717e-01 5.10181785e-01 1.98541075e-01 2.66549796e-01
    7.00571597e-01 9.44412112e-01 9.36844945e-03 7.95282841e-01
    4.27368850e-01 2.17078030e-01 8.98080707e-01 3.16567063e-01
    1.48852468e-01 6.93504751e-01 1.84033811e-02 2.45542288e-01
    4.57865298e-02 5.37482440e-01 8.41532350e-01 3.67489755e-01
    9.26819205e-01 1.82604790e-01 2.75585473e-01 2.32154042e-01
    1.29623353e-01 2.51360357e-01 2.45125264e-01 6.92899227e-01
    5.71778357e-01 7.99013376e-01 3.38236511e-01 5.81048846e-01
    7.46054709e-01 4.63267177e-01 3.23863029e-01 5.93589246e-02
    8.46047640e-01 2.18724698e-01 4.30903375e-01 5.08670688e-01
    8.58530879e-01 6.11475646e-01 5.26844084e-01 4.50032711e-01
    3.84236276e-02 3.90871763e-02 7.19457865e-02 8.08481634e-01
    2.75158465e-01 8.73965383e-01 1.01625472e-01 6.86227560e-01
    4.83936548e-01 4.75317717e-01 7.22844362e-01 1.12950265e-01
    5.04187286e-01 8.91690850e-01 4.43705440e-01 5.28319955e-01
    6.30925655e-01 8.54475260e-01 6.76777601e-01 6.55680358e-01
    3.58455151e-01 2.63440192e-01 9.98391211e-01 4.38175142e-01
    9.48131800e-01 2.46681869e-01 3.91900778e-01 7.76167631e-01
    6.40066862e-01 4.19454604e-01 4.77506280e-01 4.00491625e-01
    5.78991652e-01 8.76438379e-01 8.60082448e-01 6.94847703e-02
    6.36843264e-01 3.93655837e-01 6.41148031e-01 9.61331248e-01
    1.37970358e-01 1.02340072e-01 5.28823733e-02 8.54008675e-01
    2.60243714e-01 2.85209566e-01 6.93225145e-01 6.35734916e-01
    6.04468584e-01 6.00431144e-01 4.34726566e-01 6.13890588e-02
    9.55410242e-01 5.65005422e-01 2.09400058e-03 4.48987484e-01
    3.16230416e-01 2.11563051e-01 4.68581647e-01 6.30460978e-02
    6.51233077e-01 7.28776276e-01 5.12490213e-01 9.81785655e-01
    6.91613615e-01 6.33382022e-01 3.95530879e-01 2.77338386e-01
    9.19303477e-01 4.14886743e-01 1.43353760e-01 5.48469126e-01
    1.22555465e-01 9.89842772e-01 9.24451232e-01 5.08049428e-01
    9.44246709e-01 8.16209316e-02 4.51834321e-01 3.20046216e-01
    8.75575662e-01 9.02507782e-01 6.30952954e-01 5.01946270e-01
    2.46652752e-01 6.47665858e-02 3.40057909e-01 6.96400642e-01
    4.84108120e-01 6.11089766e-01 7.75532603e-01 9.62160587e-01
    8.65072370e-01 6.59308016e-01 1.82982326e-01 3.47366571e-01
    7.34972060e-01 6.80804014e-01 2.67949134e-01 4.61898208e-01
    1.76207870e-01 3.92844260e-01 7.45344937e-01 9.52238798e-01
    5.79039454e-01 1.44077420e-01 1.21807426e-01 2.62218714e-03
    1.71286196e-01 6.20029807e-01 9.16077197e-01 5.06723166e-01
    3.89179260e-01 2.97402054e-01 2.32825458e-01 8.42678666e-01
    7.74515986e-01 7.63220429e-01 8.49074960e-01 3.03928733e-01
    8.14929843e-01 4.49663103e-01 7.37693429e-01 1.03234112e-01
    1.91457778e-01 7.21079350e-01 3.33091617e-02 7.92720318e-01
    3.85592967e-01 7.34784603e-02 6.94532871e-01 1.84865534e-01
    6.54187202e-02 8.72502506e-01 5.99781096e-01 4.05063272e-01
    8.73330235e-01 5.74058473e-01 2.49368012e-01 1.85196400e-02
    7.68341720e-01 1.54303998e-01 1.18764818e-01 7.06867218e-01
    3.67796183e-01 9.15727854e-01 6.83356404e-01 7.69250989e-02
    8.63582253e-01 2.47424126e-01 9.10383463e-03 3.92629683e-01
    7.48509884e-01 5.89362502e-01 5.95384836e-01 6.23192191e-01
    7.71893024e-01 5.97653627e-01 6.00669682e-01 5.85454881e-01
    2.07244456e-01 1.84729576e-01 8.07294607e-01 3.90187830e-01
    9.47774649e-01 3.35203975e-01 2.33922064e-01 9.81056929e-01
    2.63730586e-01 5.39189935e-01 3.72035384e-01 6.69265926e-01
    7.71989346e-01 3.15712035e-01 5.55963397e-01 7.04393685e-01
    7.96958804e-03 3.38549554e-01 2.66193032e-01 7.35581875e-01
    4.23870504e-01 8.48306358e-01 2.56891429e-01 5.38399398e-01
    4.96298373e-02 5.43106735e-01 9.01253223e-02 7.00804234e-01
    7.48882771e-01 4.81581658e-01 2.18302280e-01 7.84268260e-01
    9.56781507e-01 9.43733156e-01 9.11449075e-01 8.85066569e-01
    3.42218399e-01 8.53695154e-01 2.86770642e-01 2.89038330e-01
    7.18805671e-01 4.41133827e-01 5.27322888e-02 1.60659254e-02
    8.50648999e-01 3.61629367e-01 1.70355737e-02 3.08244765e-01
    2.08157122e-01 9.08709645e-01 6.74819171e-01 3.03313136e-01
    6.22787118e-01 3.69636238e-01 1.29625529e-01 5.95347881e-02
    8.53419185e-01 8.78874063e-01 7.15789199e-01 4.96864378e-01
    7.73102760e-01 4.11302716e-01 7.56559551e-01 3.29714477e-01
    1.25655919e-01 9.90327835e-01 8.76106858e-01 7.17414737e-01
    3.87462020e-01 7.88655102e-01 8.70600641e-01 4.19027567e-01
    1.01343602e-01 5.01542747e-01 9.92550731e-01 6.94099665e-01
    6.93187773e-01 2.05216676e-01 5.54268062e-01 8.50731969e-01
    3.88807058e-03 5.54950833e-02 6.99251831e-01 3.89715612e-01
    2.24945545e-01 9.33318377e-01 7.84347057e-01 4.71106201e-01
    4.11351204e-01 7.99499869e-01 6.51212335e-01 7.00359046e-01
    7.20842361e-01 3.80561233e-01 1.09031320e-01 3.01832914e-01
    7.50910878e-01 7.29917288e-02 9.86170888e-01 1.18560582e-01
    1.25409126e-01 6.98337018e-01 6.77491426e-02 5.32219648e-01
    1.59051150e-01 5.93960226e-01 7.13087440e-01 4.17943060e-01
    6.23491347e-01 8.76243591e-01 3.83757055e-02 9.54707146e-01
    2.83039808e-01 7.43177295e-01 9.22742128e-01 5.03283739e-01
    6.92194521e-01 8.11227560e-01 5.78498840e-01 1.65052891e-01
    8.45491350e-01 6.34712696e-01 9.28602934e-01 1.40811235e-01
    9.62922573e-01 2.07500488e-01 7.42886662e-01 3.47314209e-01
    2.40147173e-01 1.89245135e-01 2.32009560e-01 4.59118992e-01
    6.66248262e-01 9.30512130e-01 2.70375609e-02 8.49857211e-01
    4.56436396e-01 3.43631178e-01 2.03907222e-01 1.25550002e-01
    4.81297016e-01 3.25740337e-01 6.13909900e-01 8.92842412e-01
    2.22828686e-01 3.06876689e-01 9.52572227e-01 1.33563191e-01
    6.05939448e-01 4.14634049e-01 6.92930460e-01 7.83316255e-01
    4.91491646e-01 9.71868634e-01 6.07215583e-01 6.33579016e-01
    4.37457919e-01 5.59489131e-01 5.47091067e-01 5.04927278e-01
    2.37491190e-01 6.71784520e-01 8.24635625e-01 9.89678264e-01
    6.54854774e-02 2.74668992e-01 7.29970813e-01 7.94136167e-01
    2.63476372e-03 9.81856287e-02 9.16069150e-01 3.58692765e-01
    7.43887424e-01 9.60335314e-01 8.22518587e-01 1.73420489e-01
    4.97637093e-01 5.91616154e-01 7.21842408e-01 2.92412698e-01
    5.86668611e-01 7.66449332e-01 7.98672855e-01 1.14593714e-01
    6.06609881e-02 9.06712174e-01 9.15962577e-01 1.82793051e-01
    5.67605555e-01 2.17477918e-01 3.67202580e-01 2.51539350e-02
    7.60865211e-03 2.48108745e-01 5.01467943e-01 6.96138144e-01
    6.42601132e-01 5.56225896e-01 4.45375353e-01 6.83793783e-01
    5.16442955e-01 6.28583729e-01 4.61540818e-02 6.84439540e-02
    3.82291138e-01 8.98354769e-01 3.28472853e-01 2.50021756e-01
    7.53234446e-01 3.12957942e-01 4.63118821e-01 8.58051062e-01
    6.48817897e-01 6.99894786e-01 3.05871367e-02 5.72541595e-01
    8.92434895e-01 5.76097667e-01 7.21337080e-01 3.85956764e-01
    5.04098058e-01 1.30405545e-01 1.40539378e-01 5.59818268e-01
    6.54250562e-01 1.80966228e-01 1.35432422e-01 9.64757383e-01
    5.30121565e-01 4.53882039e-01 7.68667817e-01 2.53535032e-01
    6.72110438e-01 5.92734635e-01 1.38324529e-01 8.60864878e-01
    6.66785240e-01 6.89736485e-01 6.23181105e-01 5.98887622e-01
    7.17598855e-01 9.40095544e-01 4.55965996e-02 1.88830823e-01
    9.26447213e-02 1.87203497e-01 3.90875399e-01 1.68921888e-01
    4.63647991e-01 4.70073879e-01 3.71705920e-01 5.66408038e-02
    2.45377749e-01 9.34086084e-01 3.20186079e-01 4.09510046e-01
    1.70034975e-01 7.15773165e-01 3.24886173e-01 3.26338321e-01
    1.35099560e-01 1.43814117e-01 8.96373212e-01 6.84768319e-01
    6.89992070e-01 7.98680663e-01 4.73363250e-01 1.19110882e-01
    5.79747379e-01 4.43189949e-01 3.31084162e-01 6.28477573e-01
    2.12403119e-01 3.35405052e-01 8.47791433e-01 3.25785279e-01
    4.21855837e-01 3.99724096e-01 6.61635280e-01 1.95752621e-01
    2.58046389e-01 5.67342877e-01 7.18942285e-03 6.08410537e-01
    8.91782939e-01 5.80305576e-01 7.70041287e-01 3.92943025e-01
    2.06944555e-01 2.15784609e-02 3.81425619e-01 9.55232263e-01
    4.96638656e-01 8.09144795e-01 8.11721325e-01 4.83378887e-01
    9.64639187e-02 1.27103597e-01 1.37981355e-01 6.80076182e-02
    3.93990338e-01 6.78223372e-01 2.39001960e-01 3.05533528e-01
    5.26125312e-01 2.25838453e-01 7.08661079e-02 1.76716268e-01
    7.77180195e-01 6.82662666e-01 7.07649708e-01 5.62126160e-01
    6.82460070e-01 1.63041085e-01 1.75159276e-01 8.10517073e-02
    7.66066313e-02 6.89576328e-01 1.32010520e-01 9.27965641e-02
    1.18402541e-01 9.85822082e-02 7.39850760e-01 5.56415319e-03
    2.49149501e-02 3.55559587e-02 3.76193374e-01 1.61885083e-01
    6.43085301e-01 9.09332573e-01 7.52840996e-01 8.46367717e-01
    4.08743352e-01 4.03156251e-01 2.97979265e-01 4.76830602e-01
    6.76396489e-01 4.67379570e-01 5.14685392e-01 7.43324280e-01
    8.66357565e-01 5.40295362e-01 6.48446202e-01 2.65959203e-01
    9.56360340e-01 1.34970725e-01 6.16520703e-01 1.18881017e-01
    1.32845581e-01 6.65988386e-01 3.59294653e-01 4.21316147e-01
    7.86003470e-03 4.82927561e-01 1.49314106e-01 9.97127891e-02
    9.48483825e-01 1.46925479e-01 1.79834962e-01 4.06712025e-01
    7.74573028e-01 2.06224680e-01 7.00410485e-01 6.19286895e-02
    3.88466477e-01 5.19363642e-01 7.15667963e-01 4.30227011e-01
    3.53109330e-01 2.14002430e-01 5.30947089e-01 3.56803477e-01
    3.40646863e-01 7.75576234e-01 3.41086775e-01 3.88525665e-01
    9.65295196e-01 4.31303263e-01 9.61444676e-01 1.24727428e-01
    9.59858298e-01 6.68625832e-02 9.69452381e-01 9.39412415e-01
    1.90485150e-01 6.88803196e-01 8.03358018e-01 4.76563513e-01
    1.33810073e-01 5.13471544e-01 8.84822607e-01 4.46597189e-01
    6.25022531e-01 6.28005803e-01 2.49891162e-01 5.11600852e-01
    1.57787681e-01 3.01474124e-01 8.23285997e-01 3.25983971e-01
    4.25185859e-01 8.08149457e-01 8.03402066e-01 7.86348641e-01
    7.39526808e-01 3.02237689e-01 9.66766119e-01 8.97736430e-01
    6.03004098e-02 7.80564189e-01 6.37875795e-01 9.21407223e-01
    7.66468167e-01 6.06034935e-01 5.55900037e-02 4.11040217e-01
    3.31309736e-02 5.81855118e-01 9.82259154e-01 8.84810984e-01
    5.00428200e-01 4.84870166e-01 1.95936859e-02 1.99592531e-01
    3.01494509e-01 6.96137309e-01 8.88026416e-01 1.86029136e-01
    2.39464521e-01 5.77228069e-01 7.38633990e-01 1.33500099e-02
    8.17452073e-01 1.57417595e-01 4.92709219e-01 4.68119830e-01
    4.67105806e-01 3.41592133e-02 1.28056288e-01 4.65083122e-03
    8.34992647e-01 1.94356620e-01 5.82619607e-02 4.09281552e-02
    8.94052565e-01 9.68516231e-01 2.20679909e-01 6.57778978e-03
    5.35118580e-01 7.35997736e-01 9.84910131e-01 5.41040182e-01
    8.31058979e-01 3.49857390e-01 7.39333630e-01 7.55998492e-01
    3.35273743e-01 8.69566321e-01 1.36980593e-01 4.56948578e-02
    7.99470603e-01 5.41561782e-01 4.44297403e-01 2.18285352e-01
    9.73392963e-01 8.05002630e-01 6.08195901e-01 3.73063684e-01
    1.44513309e-01 8.08600664e-01 3.26785535e-01 7.77903259e-01
    3.43003035e-01 8.58158112e-01 3.51989985e-01 4.87914503e-01
    8.76673937e-01 3.72497857e-01 9.50147271e-01 2.39738286e-01
    8.71311963e-01 4.53264117e-02 1.21159285e-01 7.23004699e-01
    9.79625344e-01 5.75553596e-01 2.43129104e-01 5.35261393e-01
    1.66318983e-01 7.27075517e-01 8.80152643e-01 5.49099743e-02
    6.31334543e-01 7.23874807e-01 9.79360819e-01 3.15888137e-01
    8.83304179e-01 6.42286599e-01 7.93206811e-01 4.44005847e-01
    5.75830877e-01 3.09487164e-01 9.49076414e-01 9.80358779e-01
    8.18821490e-01 1.18729055e-01 8.17896545e-01 5.54982781e-01
    8.23311508e-02 5.31796098e-01 8.70659649e-01 6.30638540e-01
    5.64174294e-01 5.04129112e-01 3.35696280e-01 9.29215670e-01
    5.35401285e-01 6.58992231e-01 8.11310112e-02 2.87023187e-01
    4.28128183e-01 7.25618422e-01 8.51255655e-01 5.33094645e-01
    3.04156601e-01 2.84000635e-01 3.25356334e-01 8.03634644e-01
    4.99697477e-01 7.42323220e-01 4.15929496e-01 2.11621016e-01
    6.04021311e-01 3.75477523e-01 2.80987859e-01 6.48398519e-01
    6.25032067e-01 8.32831264e-01 1.41996652e-01 6.31962299e-01
    2.52720654e-01 8.42663646e-01 3.65070939e-01 5.31490147e-02
    9.51964021e-01 9.94001508e-01 1.14436746e-02 9.71502662e-02
    2.36325055e-01 9.66346264e-03 2.94972330e-01 4.10520434e-02
    1.63525343e-01 9.76124406e-01 6.81448400e-01 6.60580218e-01
    3.09943676e-01 3.79133046e-01 5.45821488e-01 1.28934890e-01
    6.86551452e-01 8.70666981e-01 8.09487939e-01 8.77837539e-02
    7.19037056e-02 7.43769526e-01 4.37086731e-01 4.64153588e-01
    3.13124239e-01 4.52218354e-01 2.57680058e-01 8.23272705e-01
    5.70741296e-03 7.10207105e-01 1.32880896e-01 9.15735006e-01
    1.07585311e-01 6.83394313e-01 7.40398943e-01 1.85877472e-01
    6.24129176e-03 3.92064452e-02 8.61668825e-01 3.24346602e-01
    7.20363855e-01 4.28970873e-01 9.94156241e-01 5.91611743e-01
    7.00864792e-01 4.41106230e-01 3.04054856e-01 1.98674291e-01
    8.26490045e-01 8.33570063e-01 9.77618217e-01 7.42959559e-01
    6.72054052e-01 2.00440496e-01 8.19358408e-01 8.47861767e-01
    9.10381138e-01 5.15820920e-01 4.78153348e-01 3.43374074e-01
    1.51329994e-01 9.14826691e-02 6.93004012e-01 8.92012239e-01
    8.01823139e-02 6.00726843e-01 1.70084000e-01 6.45128965e-01
    6.02263808e-02 7.97590971e-01 3.96282166e-01 4.95169669e-01
    3.73837411e-01 9.84999537e-01 4.44546700e-01 2.85012662e-01
    6.06781065e-01 9.57602501e-01 5.51630735e-01 8.33010554e-01
    1.73391223e-01 7.84362435e-01 2.21928924e-01 7.84410834e-01
    7.44849265e-01 9.45553303e-01 2.69689173e-01 6.87013805e-01
    4.69573081e-01 7.27524996e-01 4.27845746e-01 7.24566698e-01
    7.19977021e-02 6.22320950e-01 9.64002967e-01 4.92839456e-01
    3.25692713e-01 9.40816641e-01 1.63495481e-01 9.49967563e-01
    6.30558968e-01 9.04750466e-01 2.92620361e-01 1.47862494e-01
    5.93076527e-01 4.39799786e-01 8.89718771e-01 4.22963500e-03
    5.41254282e-02 1.04861081e-01 9.71381962e-01 9.33424354e-01
    8.12378287e-01 9.77709293e-01 8.21203232e-01 2.26907432e-01
    7.55728841e-01 7.93293834e-01 5.07498205e-01 5.47049701e-01
    2.22987950e-01 7.55057573e-01 1.10950112e-01 5.96345425e-01
    8.64398003e-01 9.24920321e-01 9.87205207e-02 8.16723824e-01
    6.02371693e-01 6.99450970e-01 4.73054618e-01 4.55025434e-02
    3.49075198e-01 7.77390659e-01 9.00675297e-01 9.54678476e-01
    1.72651768e-01 4.78529215e-01 3.75895232e-01 9.49604154e-01
    8.82212996e-01 6.29916310e-01 4.34179872e-01 8.88500810e-02
    9.05895948e-01 8.18267941e-01 7.17558026e-01 2.72888839e-01
    1.19832247e-01 9.03983593e-01 8.95878732e-01 9.57339883e-01
    7.31743157e-01 1.68828189e-01 8.93632889e-01 8.60061646e-01
    9.43234921e-01 9.94894087e-01 9.80866909e-01 6.00732863e-01
    8.72569442e-01 4.20855969e-01 8.40975642e-02 3.28320682e-01
    2.65713990e-01 3.91438961e-01 1.99931622e-01 4.51372564e-02
    6.65467322e-01 9.23607707e-01 5.74543953e-01 6.75175309e-01
    8.44234467e-01 5.79969883e-01 4.85308439e-01 9.94363725e-02
    5.51362991e-01 7.27037847e-01 4.35422748e-01 5.94204068e-02
    7.83378601e-01 4.43326741e-01 1.14389062e-01 2.31313676e-01
    8.40812147e-01 5.96904159e-01 1.66868657e-01 1.99849546e-01
    9.96460319e-01 8.48234296e-01 9.56796408e-02 5.85613787e-01
    5.25551796e-01 6.17825747e-01 2.60606766e-01 7.30831802e-01
    6.42876446e-01 2.76539803e-01 1.10547781e-01 8.88309717e-01
    6.95888817e-01 1.29418075e-02 2.04136729e-01 2.08464891e-01
    5.28644502e-01 6.27523661e-02 2.69941449e-01 5.45085073e-01
    4.72687960e-01 5.53542078e-02 9.09234822e-01 8.07935596e-01
    9.59025979e-01 1.99241787e-01 3.03086042e-02 7.86780596e-01
    5.64731300e-01 6.17471218e-01 1.53256088e-01 5.56340039e-01
    6.17548287e-01 7.50578523e-01 4.31694895e-01 8.81919265e-01
    1.70676410e-01 4.38937873e-01 3.20939779e-01 1.64027303e-01
    2.40111530e-01 7.94328451e-01 6.90899968e-01 9.37239408e-01
    6.79949582e-01 1.96979582e-01 1.04239047e-01 4.32498157e-02
    1.58079863e-01 6.36465192e-01 5.85485637e-01 3.97123486e-01
    5.18880785e-02 5.07328808e-02 8.84770751e-01 8.91057193e-01
    4.11795080e-02 8.21487904e-01 6.98360026e-01 5.90142965e-01
    9.94351149e-01 7.85546482e-01 5.66210449e-01 6.34688854e-01
    1.34762228e-02 9.57601547e-01 1.94306612e-01 7.39419162e-01
    4.32424277e-01 8.74970019e-01 7.91254520e-01 4.24709916e-03
    9.63143349e-01 6.61447585e-01 5.80497444e-01 9.80743527e-01
    9.65443730e-01 1.60965294e-01 7.53365934e-01 4.13538814e-01
    7.91143417e-01 1.79224610e-01 7.33787119e-02 4.33002293e-01
    8.01549792e-01 9.39478397e-01 7.00402021e-01 7.69160986e-01
    2.97210991e-01 9.93093967e-01 8.91065121e-01 9.28272367e-01
    5.38323104e-01 1.90949738e-01 8.94043088e-01 5.94726801e-01
    6.62647724e-01 6.86662197e-01 5.94333351e-01 6.85383260e-01
    6.34038985e-01 5.51323950e-01 6.43578410e-01 8.11708093e-01
    4.19764221e-01 7.36430287e-01 8.61416161e-01 5.24136186e-01
    5.99104762e-01 3.54464948e-02 7.20614374e-01 4.31361496e-02
    9.35177028e-01 2.19461381e-01 6.37495518e-01 7.14170635e-01
    6.10504806e-01 3.24374139e-02 3.10114533e-01 8.00857186e-01
    6.19654536e-01 5.47821760e-01 1.32244200e-01 8.71633470e-01
    4.33430105e-01 9.72923160e-01 8.17251503e-01 5.59435546e-01
    4.39650029e-01 6.58102810e-01 1.68412149e-01 2.05112398e-01
    7.18075633e-02 4.09501284e-01 7.63382912e-02 8.05329323e-01
    4.10223335e-01 6.36932790e-01 2.94960022e-01 2.14736819e-01
    4.27994162e-01 2.16579109e-01 6.56431973e-01 1.80533320e-01
    9.35428143e-01 6.05939925e-01 9.30125833e-01 5.76551855e-01
    7.21711874e-01 1.13777101e-01 2.48229116e-01 8.84245038e-01
    1.83960795e-02 3.63289416e-02 6.45519495e-01 9.67718482e-01
    4.55425948e-01 7.51701951e-01 7.05586076e-01 8.70910764e-01
    5.37600398e-01 8.31590831e-01 1.20646834e-01 9.14409637e-01
    3.23414803e-01 9.64407206e-01 9.39715385e-01 2.18548924e-01
    4.55152750e-01 1.26521319e-01 6.94127083e-01 8.72799754e-01
    4.36036617e-01 1.24374032e-02 1.09267086e-01 4.37816769e-01
    6.65905237e-01 9.11656260e-01 4.15652514e-01 9.99146461e-01
    9.24399614e-01 5.73691785e-01 2.47121990e-01 8.58677506e-01
    6.76708043e-01 2.83472061e-01 6.80184484e-01 4.63694543e-01
    7.21195936e-02 7.22172379e-01 4.67839390e-01 2.55348146e-01
    8.49227250e-01 6.81047976e-01 2.18211532e-01 9.68850374e-01
    1.85171485e-01 5.59597731e-01 6.23061001e-01 5.75626731e-01
    3.16983193e-01 9.75427151e-01 8.89116049e-01 1.08283639e-01
    3.55102718e-01 1.02453411e-01 6.89938366e-01 8.07478905e-01
    9.03954566e-01 6.80262089e-01 9.32913423e-01 2.71616042e-01
    8.82705867e-01 3.54020059e-01 2.96920806e-01 8.84820223e-01
    1.22429490e-01 5.17719686e-01 5.69279194e-01 1.02004707e-01
    4.43586826e-01 1.20181292e-01 3.48357797e-01 3.41320992e-01
    9.97189045e-01 6.88930392e-01 1.26044422e-01 9.53954339e-01
    5.13678610e-01 4.35823947e-01 2.99852788e-01 1.98190540e-01
    9.27399039e-01 5.67461431e-01 1.43217742e-01 6.01992905e-01
    5.51070392e-01 5.70182741e-01 5.48412561e-01 5.86957455e-01
    3.61269057e-01 6.24579668e-01 7.78461814e-01 5.12622297e-01
    8.86364281e-02 7.15174675e-01 5.61298311e-01 5.51632524e-01
    7.88011670e-01 7.72799850e-01 1.51212186e-01 1.16020769e-01
    7.11370468e-01 7.17031121e-01 9.63940024e-02 2.46833414e-01
    4.05078173e-01 7.67426610e-01 1.68570787e-01 7.67988324e-01
    7.09413290e-02 1.20685697e-01 8.88445616e-01 3.40565741e-01
    9.40037668e-01 4.62507308e-02 9.23820019e-01 2.47132033e-01
    3.75885040e-01 5.16543686e-02 9.88700688e-01 4.13629711e-02
    4.99837935e-01 9.99045551e-01 6.01519644e-01 5.48963964e-01
    2.70117342e-01 7.89676309e-01 6.31669164e-03 4.21043664e-01
    3.15509319e-01 5.68068624e-01 1.39903426e-01 9.82680082e-01
    1.87917411e-01 4.26297069e-01 7.72980273e-01 4.51429993e-01
    8.17758799e-01 8.47567737e-01 4.99139905e-01 9.59281921e-01
    2.37321019e-01 4.72078919e-01 9.43348885e-01 8.26708496e-01
    9.40385580e-01 5.75211823e-01 8.65499914e-01 6.52652621e-01
    8.28861594e-01 8.28780413e-01 5.28734922e-03 1.11889660e-01
    7.74178028e-01 1.60011619e-01 1.89925879e-01 2.92213827e-01
    5.42546272e-01 6.71239376e-01 9.54066098e-01 5.67414761e-02
    5.30365586e-01 6.03876889e-01 4.95474279e-01 8.70812476e-01
    3.12586427e-02 8.63491595e-01 2.26174593e-02 9.02463794e-01
    3.70180666e-01 1.75339878e-01 5.55916607e-01 7.13181436e-01
    3.08325022e-01 5.86804450e-01 1.31491959e-01 9.50394630e-01
    2.31526107e-01 6.29072309e-01 2.43794024e-02 7.27864861e-01
    7.73742676e-01 1.59812093e-01 9.39538836e-01 6.34726167e-01
    2.86027431e-01 2.94029653e-01 1.02060676e-01 5.85551858e-01
    8.46888483e-01 3.26175869e-01 5.22749424e-01 3.04265916e-01
    8.35718513e-01 2.75089681e-01 3.16328287e-01 3.66019964e-01
    2.42134541e-01 9.76636589e-01 7.88541377e-01 2.23637462e-01
    8.37056637e-01 2.91786790e-01 5.96640706e-01 6.37622476e-02
    5.37770867e-01 7.45514154e-01 4.99520957e-01 7.06015646e-01
    2.11701393e-02 6.78513348e-01 6.25710487e-01 8.00934553e-01
    2.57041752e-01 8.31723452e-01 3.77961189e-01 8.91896188e-01
    2.02618241e-01 5.61208785e-01 5.76565504e-01 9.24475789e-02
    2.47045189e-01 1.10745430e-01 4.93816942e-01 5.81777096e-01
    7.11109042e-01 5.67645609e-01 1.52618557e-01 1.56255811e-01
    8.96737397e-01 2.30065763e-01 1.62517130e-01 3.77657026e-01
    7.82065094e-02 5.49755752e-01 7.37713814e-01 7.02836514e-01
    2.00979352e-01 2.91622460e-01 9.10978198e-01 8.52938294e-02
    9.01493013e-01 6.91546381e-01 4.07865137e-01 1.25047266e-02
    4.18647259e-01 3.64513189e-01 1.09450519e-02 9.65683460e-01
    4.78713930e-01 4.87427413e-02 3.18616033e-01 5.68924785e-01
    7.72268474e-01 1.16527379e-01 7.71463752e-01 2.47706354e-01
    1.15974545e-01 6.96442842e-01 6.03412986e-01 1.81005806e-01
    5.86680233e-01 6.25157058e-02 9.07873631e-01 6.24997139e-01
    2.88763016e-01 7.53795087e-01 8.38980913e-01 8.45339537e-01
    6.71337545e-01 9.60885286e-01 6.67387247e-02 8.71955454e-01
    2.34095633e-01 8.62997651e-01 3.97374630e-02 6.67024970e-01
    2.16894358e-01 1.46449208e-02 5.59684873e-01 6.36520088e-01
    6.59048378e-01 2.44040310e-01 9.67328548e-01 3.58218521e-01
    9.06378031e-01 9.76315796e-01 7.31225610e-01 8.98861885e-01
    2.94567496e-01 6.85200393e-01 8.43231678e-02 4.67296839e-01
    9.01455164e-01 7.12364435e-01 7.20125079e-01 6.52139008e-01
    8.94198895e-01 5.51873207e-01 5.70948303e-01 5.78736067e-01
    3.57539654e-02 2.42957771e-01 2.84030139e-02 3.50642890e-01
    4.75937217e-01 8.92770648e-01 6.02583110e-01 6.22996390e-02
    6.87067628e-01 5.84538817e-01 6.07370913e-01 3.92718017e-01
    2.19989657e-01 3.02503705e-01 3.13282132e-01 4.45284873e-01
    8.85360658e-01 1.49782747e-01 8.89661431e-01 8.58792663e-01
    6.17361248e-01 1.83958620e-01 8.90999973e-01 6.91772997e-01
    7.91103363e-01 2.09909797e-01 2.02979505e-01 2.41234124e-01
    9.38293338e-03 6.80906475e-02 9.40741777e-01 9.19185519e-01
    1.97382808e-01 4.44391906e-01 4.31252301e-01 8.74533057e-01
    2.33381867e-01 3.71400416e-01 8.18710804e-01 3.02498192e-01
    8.37663352e-01 9.92643237e-02 5.44706285e-01 9.27029967e-01
    3.33846480e-01 3.14196944e-01 7.46314168e-01 7.24082589e-01
    1.80537164e-01 5.77206254e-01 1.17971301e-01 6.29581451e-01
    3.81179065e-01 6.31044269e-01 8.09066355e-01 9.52569246e-02
    6.55010939e-01 8.18699241e-01 9.97734308e-01 3.61878335e-01
    1.12662017e-02 1.78481609e-01 4.34019089e-01 6.16226554e-01
    4.47414726e-01 9.09850001e-02 2.69346774e-01 9.45170164e-01
    4.81751502e-01 7.75296390e-01 7.58619189e-01 3.70798945e-01
    2.02574313e-01 6.31597340e-01 6.78494453e-01 3.60813171e-01
    6.94113553e-01 2.61069715e-01 4.68724757e-01 9.14073110e-01
    5.61514020e-01 8.57704878e-03 3.32898617e-01 7.34836817e-01
    1.24986768e-01 7.36209869e-01 5.07105768e-01 4.39622641e-01
    4.68814433e-01 3.04726958e-01 5.20634115e-01 7.60948539e-01
    8.55697870e-01 9.77421165e-01 1.87073916e-01 3.48002613e-01
    4.93256748e-02 7.69099891e-01 2.36157686e-01 3.86519581e-01
    8.61139655e-01 3.93301904e-01 1.26121104e-01 6.37029886e-01
    5.47644377e-01 3.66894573e-01 7.27531672e-01 3.61525118e-01
    1.69671476e-01 7.29786754e-02 2.27996081e-01 2.27366805e-01
    1.57144070e-02 6.18293226e-01 3.07999194e-01 6.29799247e-01
    8.87368321e-01 5.01640141e-01 7.36966968e-01 7.13045716e-01
    1.09340400e-01 8.22731018e-01 2.05971777e-01 3.87753248e-02
    1.30634159e-01 8.30394030e-01 7.66400278e-01 8.32839131e-01
    4.83757317e-01 9.77840066e-01 1.83713138e-02 8.84500504e-01
    2.77988970e-01 8.47586155e-01 8.21432352e-01 7.40129471e-01
    3.83543700e-01 2.35934019e-01 9.95466948e-01 2.66573668e-01
    9.13034081e-01 3.86256129e-01 4.23344374e-02 4.72891808e-01
    1.54224932e-02 5.73786974e-01 6.64996266e-01 5.84585905e-01
    8.87056231e-01 5.74230552e-02 3.12697768e-01 3.56094778e-01
    5.58197498e-01 4.89361584e-02 9.65991855e-01 1.06170684e-01
    4.42594945e-01 4.58769709e-01 6.64428115e-01 1.51768088e-01
    1.46565944e-01 6.67375028e-02 1.57808185e-01 4.10919994e-01
    5.92573643e-01 3.16009641e-01 3.70748997e-01 5.22001028e-01
    3.32024843e-01 5.27609229e-01 4.67207730e-02 8.63431275e-01
    1.87504798e-01 2.36334056e-01 2.42701530e-01 9.50188398e-01
    9.60631371e-01 9.39676046e-01 3.70315075e-01 5.61291814e-01
    2.58557677e-01 8.17982316e-01 1.19261503e-01 8.23659539e-01
    1.90436661e-01 2.09813446e-01 1.67784095e-03 9.01383162e-01
    5.77337801e-01 7.65005231e-01 8.97173584e-02 7.61168718e-01
    8.47645283e-01 8.81152391e-01 2.49926001e-01 2.41257489e-01
    9.06078398e-01 7.00493336e-01 5.21154702e-01 2.37972826e-01
    2.77752817e-01 6.97625041e-01 9.34880853e-01 5.01439273e-02
    6.69825196e-01 9.83512521e-01 9.64060843e-01 8.11269820e-01
    4.84233826e-01 1.32665753e-01 6.95269942e-01 9.29858088e-02
    7.49139071e-01 3.17639917e-01 7.09444106e-01 4.15561438e-01
    4.31718856e-01 6.46288395e-02 3.06446373e-01 1.84827149e-01
    5.64597070e-01 2.73588300e-03 9.06472087e-01 5.95832765e-01
    5.89835525e-01 6.55661404e-01 9.90676403e-01 2.03543305e-01
    3.04375768e-01 6.80434763e-01 7.85545349e-01 3.76277000e-01
    7.03557134e-01 9.43721235e-02 4.66636926e-01 2.21041858e-01
    1.08732879e-02 6.48276329e-01 4.72092241e-01 7.72417665e-01
    8.35751772e-01 8.00451517e-01 8.42465103e-01 3.67002904e-01
    1.88200057e-01 7.31087208e-01 2.27499545e-01 5.88055134e-01
    3.67758006e-01 2.08197206e-01 3.60964894e-01 2.75572956e-01
    3.75783741e-01 6.39323175e-01 3.61204684e-01 4.14077967e-01
    6.37722492e-01 2.42189378e-01 2.48659641e-01 9.76250172e-01
    2.61151195e-02 5.67413151e-01 4.95889425e-01 3.42141032e-01
    3.59605908e-01 2.22208142e-01 4.59677815e-01 7.45328844e-01
    6.17949486e-01 9.90837574e-01 9.90958571e-01 8.06935549e-01
    6.04360521e-01 8.01417232e-01 3.15078467e-01 8.51212561e-01
    2.50802338e-02 9.49359417e-01 5.49598217e-01 9.93233621e-02
    6.39882505e-01 4.98323262e-01 8.97617638e-01 7.98906326e-01
    2.89467812e-01 3.94249499e-01 9.02661324e-01 3.55985552e-01
    2.73063600e-01 5.65941036e-01 2.35155672e-01 1.56000823e-01
    5.71983695e-01 6.09925032e-01 7.13595510e-01 3.22987378e-01
    9.83150244e-01 6.24176323e-01 2.61328071e-01 2.49619275e-01
    6.76359057e-01 2.30073631e-02 3.37368041e-01 4.63776559e-01
    6.56097591e-01 1.75355822e-01 4.61179942e-01 6.54548883e-01
    8.00408959e-01 9.99270499e-01 9.59118962e-01 1.19232535e-02
    6.85890317e-01 2.03118533e-01 2.70999134e-01 7.96722174e-01
    5.67243934e-01 1.42583042e-01 2.83127755e-01 4.79806542e-01
    7.19351828e-01 8.85339737e-01 6.27338231e-01 9.02745068e-01
    3.16247016e-01 3.65964651e-01 8.88606250e-01 3.24703574e-01
    1.53536201e-02 9.57818627e-01 7.16083944e-02 9.51119304e-01
    2.24863023e-01 6.69981182e-01 9.81051803e-01 7.82226920e-01
    5.96413553e-01 2.82221437e-01 9.61245120e-01 9.40171361e-01
    2.08437890e-01 1.69524282e-01 3.73882860e-01 3.14584851e-01
    6.54503286e-01 6.00930154e-02 3.36995602e-01 4.59903598e-01
    6.30834579e-01 2.64710009e-01 1.45869493e-01 8.83950233e-01
    5.96722662e-02 9.29353356e-01 2.95773506e-01 9.32011425e-01
    3.16776991e-01 7.02024102e-01 6.63887858e-01 3.40508521e-01
    8.09533060e-01 3.16138655e-01 4.93808240e-01 3.87027413e-01
    9.47561860e-01 4.44311321e-01 3.27382386e-02 8.24275613e-02
    1.61670119e-01 8.25146973e-01 4.26806867e-01 8.82975340e-01
    2.32062519e-01 3.40165287e-01 7.67562985e-01 8.72055531e-01
    2.79709518e-01 4.90573645e-02 9.57705736e-01 1.70100570e-01
    9.93589461e-02 6.06849432e-01 3.24221671e-01 8.88264060e-01
    5.46555817e-02 8.30921888e-01 5.90116382e-02 8.19497824e-01
    8.62070799e-01 2.17522979e-02 9.46953893e-02 4.49418485e-01
    5.36045671e-01 9.86441255e-01 2.48808742e-01 2.62815833e-01
    5.63823164e-01 6.91625357e-01 3.58363986e-03 2.58841932e-01
    7.40517616e-01 3.91608059e-01 9.93179023e-01 2.85943180e-01
    3.49179924e-01 8.11548948e-01 1.46145493e-01 8.58176827e-01
    8.81441712e-01 2.57779062e-01 7.54276991e-01 8.14214349e-01
    7.60162175e-01 7.02719927e-01 6.03938282e-01 7.88576245e-01
    5.28766155e-01 1.39781892e-01 9.24624324e-01 3.96777391e-01
    5.71672320e-01 2.64886409e-01 4.23157811e-01 6.85764790e-01
    1.74788147e-01 2.70635992e-01 8.39115381e-02 4.37833190e-01
    4.00908113e-01 1.05515808e-01 5.78655839e-01 3.41753513e-01
    3.30679178e-01 9.34572279e-01 3.60211343e-01 8.44810486e-01
    4.35771823e-01 5.75606704e-01 1.19790316e-01 7.65178204e-01
    5.00468910e-01 2.40789771e-01 8.28135490e-01 1.40649706e-01
    6.74342513e-01 4.65604722e-01 7.33033657e-01 1.01246238e-01
    4.35511619e-01 6.92149639e-01 1.17939323e-01 8.70696902e-01
    8.32340062e-01 2.63375700e-01 7.01433957e-01 4.71681356e-01
    5.04221559e-01 9.69387889e-02 8.76646042e-01 7.80459225e-01
    9.46252108e-01 4.97389227e-01 3.73632342e-01 8.28384995e-01
    9.25554514e-01 8.26907396e-01 9.71593976e-01 2.41335124e-01
    3.83237988e-01 7.25807548e-01 6.07025146e-01 6.86771810e-01
    2.77600765e-01 4.29327548e-01 2.34254390e-01 4.12122309e-01
    3.50075305e-01 9.69180524e-01 7.65331149e-01 8.30562174e-01
    9.03097987e-01 6.09932899e-01 2.65632033e-01 1.16846323e-01
    3.33146751e-02 7.48186707e-01 7.25466371e-01 1.85571164e-01
    7.59815812e-01 2.94945121e-01 9.50803697e-01 4.93604004e-01
    6.46625519e-01 6.37122989e-01 2.08359063e-01 1.43536717e-01
    8.56831849e-01 3.38404089e-01 2.93954134e-01 1.64146125e-01
    6.94647670e-01 3.40981305e-01 3.85707557e-01 2.32675523e-01
    6.83005691e-01 1.78500682e-01 5.00702381e-01 3.00939888e-01
    9.03455257e-01 4.22213018e-01 3.99549574e-01 7.66156912e-01
    8.99542570e-01 7.94122219e-01 1.01703346e-01 7.44077861e-02
    1.97003812e-01 3.19867492e-01 5.76644003e-01 6.21712267e-01
    1.53715044e-01 8.48150492e-01 8.69320512e-01 8.17612588e-01
    1.77977979e-01 1.72199011e-02 3.92935157e-01 8.52962911e-01
    5.67038357e-02 8.87423396e-01 1.82455510e-01 1.10077053e-01
    8.83947968e-01 3.12479258e-01 4.98349875e-01 9.82329011e-01
    3.27962101e-01 3.01670074e-01 9.58014846e-01 8.88762116e-01
    7.18922079e-01 3.25321376e-01 4.89597470e-01 3.43097419e-01
    3.88501763e-01 1.07642710e-02 9.40514207e-01 3.25469732e-01
    9.01055813e-01 1.85743868e-02 4.90341842e-01 9.58767235e-01
    4.07788455e-02 6.39314651e-01 6.55778170e-01 7.33392358e-01
    5.24428904e-01 9.48139191e-01 8.79921973e-01 4.02121544e-01
    9.70618844e-01 1.21664703e-02 3.22987199e-01 3.14545989e-01
    1.52969658e-02 6.29731178e-01 8.97888541e-01 2.57951915e-01
    6.40927315e-01 7.38571048e-01 3.28391731e-01 5.89910269e-01
    8.34384680e-01 7.97561646e-01 6.24174416e-01 6.43861055e-01
    9.03970838e-01 6.29890919e-01 4.02861416e-01 2.80890673e-01
    9.26108658e-01 3.44295204e-02 3.83895338e-02 4.91221488e-01
    7.67343760e-01 3.61093700e-01 6.49856567e-01 7.97758996e-01
    4.79260325e-01 3.15899134e-01 6.27222419e-01 2.87053585e-01
    4.46859092e-01 8.10933113e-01 3.80700409e-01 8.68129492e-01
    4.78954166e-01 5.01999974e-01 7.40428627e-01 4.40384120e-01
    7.30054498e-01 4.69070852e-01 1.76604480e-01 5.98515391e-01
    7.90413320e-02 3.85971278e-01 4.99273837e-02 1.66072667e-01
    8.94816816e-02 3.91931772e-01 8.61499310e-01 9.36783314e-01
    7.52229512e-01 4.50709164e-01 5.39727807e-01 3.65193337e-01
    5.78242779e-01 1.15110874e-01 3.71756166e-01 2.61716783e-01
    7.92248368e-01 3.13891888e-01 3.42293859e-01 3.11459005e-01
    4.74626839e-01 7.18508899e-01 5.85331798e-01 4.42036688e-02
    4.71504211e-01 7.72287190e-01 7.70016313e-01 1.99362725e-01
    4.79761422e-01 9.58233833e-01 4.57942486e-01 9.28339601e-01
    8.72295976e-01 3.17884982e-02 2.83055454e-01 1.79625005e-01
    9.28270698e-01 7.02173114e-01 7.26192415e-01 4.32362527e-01
    4.03964460e-01 9.02786493e-01 3.30073237e-02 3.10691416e-01
    6.10136151e-01 4.19111818e-01 1.80796683e-02 8.42543364e-01
    7.36984015e-02 5.59711754e-01 8.19202542e-01 1.36565089e-01
    9.41969335e-01 6.85748756e-01 3.16418558e-01 6.40833259e-01
    5.24197638e-01 6.08695328e-01 6.33363247e-01 9.87116337e-01
    5.32657981e-01 9.69116926e-01 6.89323783e-01 9.54481423e-01
    8.08973670e-01 2.64049411e-01 7.21101284e-01 9.78732049e-01
    5.68669438e-01 5.50252497e-01 2.05350578e-01 5.07468164e-01
    3.00464481e-01 5.57228386e-01 3.99828702e-01 7.62915254e-01
    2.92062104e-01 2.45705128e-01 1.62937611e-01 6.67146862e-01
    5.97671092e-01 7.46526122e-01 3.67111266e-01 5.13540030e-01
    9.43574011e-02 3.04976344e-01 7.14739501e-01 5.89323044e-03
    6.95139408e-01 1.11524016e-01 5.41425109e-01 6.85885668e-01
    7.34505475e-01 1.53076440e-01 3.28564376e-01 4.52860773e-01
    8.99080157e-01 6.64505720e-01 2.61902928e-01 6.50605559e-01
    7.72975087e-02 2.90275276e-01 3.61027509e-01 2.50199378e-01
    4.36290681e-01 4.31183100e-01 4.25590754e-01 5.27972281e-01
    6.04801416e-01 9.17801261e-02 1.39105231e-01 8.03005695e-02
    9.37175989e-01 2.17540354e-01 3.04430842e-01 4.80996668e-01
    9.29961205e-02 4.07964349e-01 1.46587312e-01 5.03511429e-01
    2.73035824e-01 7.47708619e-01 4.06358272e-01 1.22886449e-01
    1.50599182e-02 2.35068321e-01 1.50400341e-01 4.84140098e-01
    6.47807419e-01 6.28414273e-01 8.97507429e-01 7.08463371e-01
    2.81435490e-01 6.06373847e-02 6.24594271e-01 2.70614147e-01
    1.97503090e-01 3.00586075e-01 1.59469217e-01 1.92372829e-01
    7.94404626e-01 2.71460891e-01 8.98218274e-01 4.47888672e-01
    7.21910000e-02 3.96824539e-01 6.32867575e-01 5.74817061e-02
    1.02501780e-01 1.82681888e-01 7.83537209e-01 3.80440533e-01
    8.31672370e-01 2.98163652e-01 3.73140365e-01 3.58043730e-01
    4.62556779e-02 8.17810833e-01 6.71692967e-01 5.58793545e-03
    3.29243511e-01 1.87044561e-01 8.65523934e-01 1.19603574e-01
    4.21088099e-01 1.67617470e-01 2.37641335e-01 3.04529339e-01
    9.38905001e-01 6.86624348e-01 2.66338646e-01 6.38269782e-01
    5.72097898e-01 9.46285725e-01 2.79652804e-01 7.07278907e-01
    7.93214560e-01 8.76036763e-01 6.89496100e-02 4.40277338e-01
    6.15076184e-01 2.85295844e-01 8.68124247e-01 1.44295454e-01
    7.77042806e-01 4.35756445e-02 4.34572995e-01 2.03140020e-01
    5.31812847e-01 6.60328746e-01 7.01184034e-01 7.41842270e-01
    6.57227576e-01 2.34450221e-01 4.13785815e-01 5.45954168e-01
    3.62811387e-01 8.83467674e-01 3.53403598e-01 7.15842128e-01
    5.86635768e-01 1.79292560e-02 1.13296479e-01 9.59661603e-02
    1.42290533e-01 7.64647841e-01 1.22654945e-01 7.83938646e-01
    9.39674973e-01 7.74369955e-01 7.05630064e-01 5.35176814e-01
    9.87482905e-01 3.25778842e-01 2.07653493e-01 3.64259869e-01
    5.15517354e-01 1.38739854e-01 5.52299917e-01 1.74449116e-01
    7.35218167e-01 5.11970401e-01 4.46764946e-01 9.36994791e-01
    6.06872916e-01 7.21127510e-01 2.59362459e-01 7.71169603e-01
    7.57868052e-01 7.79139698e-01 5.33359051e-01 5.17670393e-01
    3.50539386e-01 3.48425806e-01 5.50259054e-02 4.34823960e-01
    3.02047312e-01 2.77274013e-01 6.86496913e-01 4.86920506e-01
    3.21664274e-01 8.81206870e-01 7.19037175e-01 5.04418015e-01
    9.60919082e-01 4.82593507e-01 2.80630589e-01 6.50167465e-02
    4.20303673e-01 9.62432742e-01 5.09503186e-01 1.31443143e-01
    4.51028347e-01 4.65986729e-01 4.47660774e-01 2.83123851e-02
    9.76283133e-01 1.18677020e-02 6.31210506e-01 3.26020837e-01
    7.43988574e-01 6.61374092e-01 9.78871942e-01 3.98012012e-01
    1.77764237e-01 9.41179633e-01 2.84781456e-02 4.06325668e-01
    5.29942214e-01 3.56213987e-01 3.43524665e-01 2.12686181e-01
    2.97123522e-01 5.48760474e-01 1.63138509e-02 3.94591153e-01
    4.86153990e-01 6.24750376e-01 1.88930601e-01 2.31744051e-02
    5.96589029e-01 8.90855372e-01 7.05087841e-01 1.21852815e-01
    9.46411371e-01 4.12481725e-02 5.11098862e-01 2.03146696e-01
    7.61068821e-01 2.48936296e-01 4.33035553e-01 4.38458920e-02
    2.84986615e-01 4.36132193e-01 3.55189145e-01 6.29271507e-01
    2.42411226e-01 4.02189493e-01 8.34722519e-01 9.77001786e-02
    3.16291511e-01 2.87297070e-02 1.51566952e-01 4.77255583e-02
    1.04481757e-01 4.80384201e-01 3.30108643e-01 7.21723616e-01
    5.58119833e-01 4.12831783e-01 1.80594087e-01 4.35295820e-01
    4.95675713e-01 9.72844362e-01 8.12385082e-01 4.85163987e-01
    1.94947898e-01 3.55303407e-01 7.19664693e-01 1.97829902e-02
    4.86202955e-01 7.30673373e-01 3.03681791e-01 3.87546420e-01
    9.94079769e-01 7.23524034e-01 9.64583516e-01 2.31061935e-01
    8.73824954e-02 9.06907022e-01 9.35878873e-01 4.81748939e-01
    3.63538682e-01 7.33610392e-01 6.15944088e-01 7.33678699e-01
    7.98361778e-01 1.66275620e-01 4.26304311e-01 6.55636132e-01
    1.50419682e-01 6.95361018e-01 4.82876658e-01 7.53695190e-01
    1.00522876e-01 3.64855826e-02 1.58465207e-01 3.46219838e-02
    1.73153907e-01 6.23884737e-01 9.83057976e-01 7.49947846e-01
    5.50109446e-02 6.14774644e-01 6.68608546e-02 1.81729674e-01
    2.57637620e-01 3.57087672e-01 6.83036327e-01 1.07845545e-01
    7.63977170e-02 4.05242652e-01 8.37773442e-01 3.77862930e-01
    9.31620181e-01 8.45505357e-01 5.61226249e-01 6.87005818e-01
    6.31778240e-01 6.58275425e-01 2.67290205e-01 7.73474574e-01
    8.70258570e-01 2.80946136e-01 1.99064046e-01 7.12593734e-01
    1.52017862e-01 9.03014898e-01 3.05421472e-01 7.62874186e-01
    4.18327540e-01 3.92027140e-01 8.03242445e-01 4.44803119e-01
    9.41262782e-01 7.52916694e-01 9.75583673e-01 9.47116375e-01
    6.61128819e-01 1.89228714e-01 9.10267055e-01 4.76703167e-01
    8.30159247e-01 3.28446627e-01 2.38374114e-01 3.01959097e-01
    4.49726522e-01 9.34203207e-01 1.54289156e-01 6.86532557e-01
    5.59232235e-01 3.51780057e-02 3.14428627e-01 6.55599117e-01
    6.70278072e-03 3.64842385e-01 1.03420734e-01 5.64903677e-01
    4.50323194e-01 2.62657940e-01 8.84630442e-01 8.17246139e-02
    6.45948887e-01 2.70051807e-01 8.56047034e-01 4.87425148e-01
    5.91263592e-01 4.34731960e-01 5.83215415e-01 6.96093202e-01
    4.22740519e-01 5.93266010e-01 8.40537667e-01 6.34762645e-02
    7.04420924e-01 3.23140204e-01 7.10252047e-01 8.56957674e-01
    3.42796445e-02 6.10907495e-01 4.36552644e-01 1.55540407e-01
    5.06781995e-01 2.20807672e-01 8.16214323e-01 9.20297980e-01
    1.23213530e-02 6.15129173e-01 1.70807749e-01 9.62137938e-01
    7.03580618e-01 5.52626729e-01 5.82476795e-01 3.38930964e-01
    5.21361828e-01 8.31427932e-01 3.73583853e-01 3.61606777e-01
    8.93831849e-01 4.59527552e-01 2.73339093e-01 4.98488545e-03
    4.35646415e-01 9.51778471e-01 4.15235162e-01 5.25256991e-03
    4.17070210e-01 7.38089919e-01 5.65825760e-01 9.69509125e-01
    4.83380556e-02 4.67983395e-01 2.69091696e-01 5.00285029e-02
    2.35688776e-01 2.96430171e-01 7.31592357e-01 2.38782287e-01
    1.41626447e-01 6.35699868e-01 2.96156943e-01 7.92825878e-01
    5.60241938e-02 5.92388809e-02 5.17577231e-01 5.50436258e-01
    3.72505814e-01 8.12186599e-01 1.38877064e-01 9.91624296e-02
    7.68756151e-01 5.84900796e-01 1.76226437e-01 8.82663488e-01
    3.92077953e-01 7.02147603e-01 2.00360984e-01 3.00439298e-02
    2.38115877e-01 4.78060007e-01 8.17715228e-02 8.46257210e-01
    5.44303179e-01 5.25646031e-01 3.13762784e-01 6.82563305e-01
    8.35233688e-01 4.96662617e-01 3.21492732e-01 9.49782789e-01
    9.04880762e-01 7.42162943e-01 3.92764956e-01 5.21307468e-01
    6.71554923e-01 9.64805245e-01 1.79624528e-01 8.81080568e-01
    2.69769013e-01 6.56742692e-01 9.37571168e-01 1.82801008e-01
    7.96572447e-01 8.29816818e-01 6.00337148e-01 6.31121755e-01
    6.93392873e-01 9.70469892e-01 5.62093139e-01 4.29055899e-01
    1.95476115e-02 7.76444554e-01 5.62149644e-01 7.61105895e-01
    7.56767035e-01 7.68183470e-01 8.19946229e-02 8.20131361e-01
    6.85481429e-02 4.02556479e-01 8.98023844e-01 4.05093491e-01
    7.89107621e-01 9.77146387e-01 7.83401728e-01 8.28615248e-01
    5.46350658e-01 7.10178912e-01 8.17540586e-02 7.94301271e-01
    6.02529764e-01 1.46384478e-01 7.59374261e-01 8.44602704e-01
    9.18870866e-02 6.98088646e-01 9.88796115e-01 1.14055037e-01
    2.86169052e-02 3.31437826e-01 3.89857829e-01 5.00969648e-01
    5.19627690e-01 8.66178274e-01 6.54108524e-01 8.58037889e-01
    7.20985711e-01 5.56950271e-02 1.66521668e-01 3.27430964e-02
    3.88534695e-01 8.62573981e-02 5.70429862e-01 1.53725445e-01
    3.57703865e-02 4.10715044e-01 9.03526425e-01 5.02772033e-01
    3.46984088e-01 5.54346919e-01 1.44949585e-01 6.00153446e-01
    7.30696440e-01 2.99204707e-01 4.79471684e-03 5.98883212e-01
    7.32602358e-01 6.21519089e-01 3.63013327e-01 2.36713797e-01
    1.16781980e-01 2.89748609e-01 4.73658174e-01 8.96762371e-01
    8.86653900e-01 7.48068750e-01 2.41243720e-01 2.81901538e-01
    6.92030311e-01 1.70986861e-01 4.20740843e-01 3.04847002e-01
    4.86868054e-01 5.43726265e-01 3.36127549e-01 2.68182158e-02
    2.39946395e-01 8.51408958e-01 5.98607302e-01 4.21808809e-01
    3.94146562e-01 9.33361232e-01 1.28476709e-01 8.73726606e-01
    5.14811397e-01 4.51797724e-01 1.04345530e-01 2.73229867e-01
    2.88519621e-01 7.12145150e-01 8.55305314e-01 1.76177114e-01
    5.85548460e-01 4.68719006e-02 7.83241034e-01 4.17813033e-01
    2.08176136e-01 6.68501198e-01 9.05281067e-01 9.62396502e-01
    7.40806103e-01 6.06363535e-01 7.45108485e-01 4.57485139e-01
    8.50766420e-01 5.04220665e-01 1.17202193e-01 4.50384021e-02
    8.72509003e-01 8.43507886e-01 9.21700001e-01 2.24414468e-02
    5.26538491e-02 4.27470893e-01 3.95972103e-01 6.56088889e-02
    3.02455246e-01 4.05161381e-01 8.11007500e-01 5.35631239e-01
    6.50905728e-01 7.05305219e-01 8.46586823e-01 4.67654347e-01
    1.81525946e-02 2.27300435e-01 1.05431408e-01 1.36119783e-01
    9.68484044e-01 5.95317483e-01 9.82570291e-01 4.80626971e-01
    9.49846327e-01 7.32209086e-01 1.14209026e-01 3.15816164e-01
    3.03617239e-01 2.53700793e-01 9.31684971e-01 8.09800148e-01
    7.43048012e-01 9.56423461e-01 9.33737934e-01 9.92022157e-01
    8.66506457e-01 9.70899343e-01 8.76495242e-01 7.29140580e-01
    3.25861871e-02 2.04890907e-01 5.06262004e-01 5.84226668e-01
    2.09357411e-01 5.01307249e-02 6.06965184e-01 3.37975860e-01
    8.92848015e-01 1.39936984e-01 6.97884560e-01 2.70276546e-01
    6.52348876e-01 8.21484804e-01 4.76128817e-01 5.50066531e-01
    6.18400753e-01 5.66761971e-01 6.23925745e-01 8.68377209e-01
    3.42663229e-02 3.73787552e-01 2.93364793e-01 3.06515217e-01
    2.83143818e-02 5.57469547e-01 4.88699973e-01 5.89548171e-01
    6.37587070e-01 4.29903656e-01 5.96492410e-01 4.92322803e-01
    6.68899059e-01 2.17852890e-01 2.41122663e-01 6.44204319e-02
    9.14612412e-01 4.38621402e-01 1.97181106e-02 8.77361536e-01
    6.20476663e-01 9.55099702e-01 2.60586739e-02 1.84127897e-01
    3.94576401e-01 2.44858027e-01 5.13215721e-01 3.64176929e-01
    6.63860083e-01 7.46102333e-01 5.01737595e-01 2.50398338e-01
    4.11895275e-01 1.18618727e-01 1.69069886e-01 4.58344579e-01
    8.10339093e-01 2.13651508e-01 3.52841914e-01 3.07337165e-01
    1.93076789e-01 8.20670068e-01 8.79872322e-01 4.78485435e-01
    3.18318337e-01 8.10556412e-02 1.36035979e-02 8.87660742e-01
    1.41229928e-02 8.75555634e-01 3.15056980e-01 3.28404754e-01
    4.93553907e-01 7.19120979e-01 5.60575485e-01 6.38722897e-01
    1.23433560e-01 9.15523946e-01 2.77466178e-02 1.63639277e-01
    9.56619024e-01 4.69595194e-03 1.37324840e-01 1.57313257e-01
    3.39451432e-01 2.53532261e-01 6.49409115e-01 4.07498479e-01
    3.75452220e-01 5.27198434e-01 8.09389293e-01 6.67672992e-01
    4.68853533e-01 2.89175451e-01 1.48541361e-01 8.97141993e-01
    3.57435882e-01 2.68968046e-01 6.79334879e-01 2.92121172e-02
    2.52147615e-01 6.96512461e-01 5.71998000e-01 5.30313194e-01
    1.55268997e-01 3.08850914e-01 6.94686413e-01 3.61962974e-01
    6.77837431e-01 5.46334684e-02 7.01969862e-03 9.04004455e-01
    6.91150784e-01 3.89250815e-01 1.79580659e-01 6.90020680e-01
    3.05914402e-01 7.93822646e-01 6.44207597e-01 9.80872631e-01
    8.20099056e-01 6.17182791e-01 1.48275256e-01 4.51737642e-01
    9.82742190e-01 9.49063897e-03 5.12145519e-01 4.79618013e-01
    3.73250008e-01 3.33839655e-03 6.96953416e-01 7.79152393e-01
    1.20627135e-01 9.69552279e-01 3.53664160e-02 6.64166212e-01
    8.24863076e-01 5.98575771e-01 9.25843716e-01 6.95779920e-03
    8.82951915e-01 8.76898170e-01 6.10870719e-02 4.07770216e-01
    8.16348076e-01 3.34802151e-01 5.45153141e-01 5.12435436e-01
    5.88537812e-01 4.46921110e-01 9.83127058e-02 5.44184804e-01
    3.90667140e-01 7.77685165e-01 4.19046760e-01 7.07754731e-01
    6.14722967e-01 4.79238272e-01 7.06933081e-01 7.65752792e-02
    9.04878080e-01 6.05100274e-01 2.86358029e-01 4.25216824e-01
    9.16646540e-01 7.43274391e-01 8.78599286e-03 2.77051955e-01
    3.74441832e-01 7.01159120e-01 6.32626235e-01 1.67465508e-02
    1.76148683e-01 3.00753355e-01 8.30119431e-01 2.13953048e-01
    5.49969554e-01 7.27538764e-01 1.84408188e-01 8.31511259e-01
    3.76934439e-01 7.39391685e-01 7.32170403e-01 9.11008716e-01
    7.08866835e-01 6.38043106e-01 2.41078973e-01 4.00737166e-01
    9.04140234e-01 8.47184479e-01 5.75824857e-01 9.68906939e-01
    3.25367928e-01 2.95190871e-01 7.06279874e-01 3.18836570e-02
    9.37534928e-01 6.05746746e-01 6.28841519e-01 6.60170794e-01
    1.28642261e-01 8.17463040e-01 1.30024523e-01 9.92394328e-01
    9.16553974e-01 4.90218550e-01 9.61508930e-01 5.85204601e-01
    3.18145454e-01 6.10658884e-01 6.79630995e-01 3.73182654e-01
    7.36793399e-01 5.29862702e-01 8.83117735e-01 3.86193097e-02
    8.62972021e-01 4.76904094e-01 6.40998483e-01 4.38472718e-01
    7.70691156e-01 9.85203147e-01 5.30155003e-01 1.06213897e-01
    5.02606332e-01 9.57461834e-01 3.80110443e-01 9.71381962e-02
    3.02407980e-01 7.20268607e-01 3.05658937e-01 5.59322476e-01
    9.65051770e-01 7.74216056e-02 8.04594159e-02 4.74231243e-02
    3.86436999e-01 7.40567565e-01 2.21616000e-01 9.37668800e-01
    3.06167305e-01 4.70428795e-01 6.74949229e-01 9.71311867e-01
    6.06304169e-01 6.56915545e-01 2.84027219e-01 2.49325931e-01
    5.06320596e-02 2.52429426e-01 5.72589219e-01 8.81358027e-01
    3.75085801e-01 2.28187203e-01 4.16901708e-02 3.82157326e-01
    8.45844626e-01 2.49798715e-01 7.18491077e-01 6.64534450e-01
    6.43687963e-01 8.37721288e-01 7.99321055e-01 4.97377217e-01
    3.07799548e-01 3.40739697e-01 8.89602065e-01 2.49059558e-01
    5.15233755e-01 6.46714807e-01 6.01955473e-01 6.03299141e-01
    7.13659406e-01 5.32495081e-02 2.04875499e-01 6.68417215e-02
    6.07869327e-02 8.37720215e-01 3.82838398e-01 3.61774892e-01
    3.62125933e-01 2.47087151e-01 1.72013700e-01 4.82695222e-01
    2.34519154e-01 9.32792902e-01 3.63158822e-01 1.83878273e-01
    3.26575160e-01 3.72170120e-01 6.90258861e-01 5.02832174e-01
    2.77749360e-01 6.80884898e-01 3.09704006e-01 6.87069893e-01
    8.06141615e-01 6.90707266e-01 5.91249704e-01 4.81652111e-01
    8.25361133e-01 6.54955268e-01 9.65502381e-01 5.73835254e-01
    9.99588490e-01 7.71798730e-01 4.93189603e-01 1.79207385e-01
    6.49235964e-01 1.95747286e-01 8.73398542e-01 8.80103111e-01
    1.32911474e-01 2.53247619e-01 9.81325030e-01 7.66010761e-01
    6.03525758e-01 1.72640473e-01 5.18361568e-01 9.82330561e-01
    8.42323303e-01 2.50900745e-01 8.65660369e-01 5.27337968e-01
    2.30138451e-01 1.21286064e-01 6.80449963e-01 9.30298924e-01
    5.97436309e-01 8.96391392e-01 6.43500388e-01 9.26586390e-02
    5.95277965e-01 1.83154285e-01 6.85500681e-01 1.84305906e-02
    3.28009725e-01 9.01836872e-01 4.17856246e-01 3.21973473e-01
    8.71319771e-01 5.90268970e-01 4.76504833e-01 6.14326715e-01
    7.20263004e-01 3.39275539e-01 1.46794170e-01 1.13999099e-01
    1.98913723e-01 1.50207579e-01 6.34721994e-01 6.55493140e-03
    7.37187624e-01 5.63709855e-01 5.73718846e-01 5.82554698e-01
    6.48635745e-01 7.19010532e-01 5.30439615e-02 1.94928259e-01
    8.04006875e-01 6.38621330e-01 8.94872725e-01 7.15578675e-01
    4.54159260e-01 5.90157032e-01 3.39056671e-01 6.01260066e-02
    3.83278310e-01 2.06259489e-01 4.68691409e-01 5.66870809e-01
    1.78120017e-01 2.80173421e-02 3.42867434e-01 7.70452857e-01
    5.72826445e-01 8.50124002e-01 9.33082938e-01 1.08714700e-01
    1.62878335e-02 3.13598245e-01 3.70957255e-01 7.47057498e-02
    4.76924330e-01 1.20185882e-01 5.35780847e-01 1.38916373e-02
    6.06401622e-01 9.52945471e-01 3.80557656e-01 9.62332487e-01
    2.76870430e-02 9.38510537e-01 5.20894587e-01 4.05902326e-01
    9.69883442e-01 8.27504873e-01 6.10413671e-01 4.93780732e-01
    1.00538969e-01 3.94852757e-01 9.40454900e-02 4.72427487e-01
    2.22881168e-01 1.58963799e-01 7.01456606e-01 5.20216227e-01
    7.00050294e-01 3.04919839e-01 6.33148015e-01 7.41753340e-01
    1.02073252e-01 5.68528652e-01 1.00141466e-01 9.76502538e-01
    1.80955648e-01 2.86064684e-01 1.21244073e-01 5.98476231e-01
    1.06632262e-01 4.17935550e-01 9.27356184e-01 7.79524922e-01
    1.83261722e-01 8.98906708e-01 5.05886674e-01 1.20372266e-01
    3.09787840e-01 3.38682622e-01 2.46109962e-01 6.07965767e-01
    1.95054144e-01 6.17591202e-01 7.38378167e-01 2.36452878e-01
    6.49270236e-01 1.68537229e-01 4.92740840e-01 5.29841483e-01
    5.02426982e-01 2.32733607e-01 9.68102336e-01 9.08342421e-01
    9.14883256e-01 1.35030121e-01 6.17476404e-01 4.59228426e-01
    6.15346432e-03 3.98464143e-01 7.44801164e-01 6.93520844e-01
    5.09543717e-01 3.89458656e-01 2.51244009e-01 5.64538777e-01
    5.12469113e-01 5.05681932e-02 4.09526527e-01 6.62583113e-03
    4.68878061e-01 4.76356834e-01 9.95640934e-01 7.47811556e-01
    2.63944268e-01 3.40872854e-01 6.02225125e-01 2.87885606e-01
    5.90930939e-01 9.94525313e-01 7.11980820e-01 1.41706765e-02
    8.79349232e-01 7.47512341e-01 6.58768773e-01 6.53074861e-01
    4.21044439e-01 6.46071076e-01 9.53024864e-01 3.45964998e-01
    8.09321642e-01 8.05279613e-03 2.79197395e-01 6.98501348e-01
    9.25673246e-01 1.95916504e-01 6.97619319e-01 9.02413607e-01
    4.49843794e-01 3.77752870e-01 5.20436466e-02 7.95050263e-01
    9.43434119e-01 3.67082715e-01 5.56616008e-01 3.57692003e-01
    5.01613975e-01 6.43210411e-01 2.34810412e-01 6.46720886e-01
    6.44292831e-01 8.19139600e-01 1.68360472e-01 9.01749909e-01
    8.57985497e-01 7.12042391e-01 9.90138590e-01 7.52542377e-01
    9.68268752e-01 7.81366229e-01 9.58997965e-01 3.44233185e-01
    7.67810941e-02 9.56401229e-01 5.04364610e-01 6.41208947e-01
    9.70216751e-01 5.43293953e-02 7.40133762e-01 6.50260687e-01
    1.72592729e-01 2.02488393e-01 6.99199200e-01 8.39178205e-01
    7.55172193e-01 7.34370470e-01 2.09980547e-01 8.41076374e-01
    4.23015118e-01 5.09167731e-01 5.10234475e-01 7.66542375e-01
    7.21098065e-01 4.57397819e-01 6.00347281e-01 5.44521630e-01
    8.80515099e-01 5.01782358e-01 6.66516662e-01 6.34886026e-01
    9.84601974e-02 6.98159397e-01 9.36554790e-01 7.60252595e-01
    6.16446793e-01 2.42163271e-01 7.17155278e-01 7.67269373e-01
    2.65692085e-01 1.85663551e-01 2.53744185e-01 6.17473185e-01
    8.41621459e-01 8.60751867e-01 5.57993472e-01 7.73864329e-01
    9.65147972e-01 1.13981366e-02 5.03296614e-01 1.09424531e-01
    7.19399393e-01 5.69846630e-01 8.62251878e-01 2.12188810e-01
    5.55140078e-02 6.36952579e-01 6.23213649e-02 9.12508726e-01
    4.05676723e-01 1.93788648e-01 9.71294165e-01 5.07519841e-01
    3.56664419e-01 1.99297637e-01 2.70344794e-01 9.98380780e-02
    4.99201924e-01 8.96777868e-01 1.68919742e-01 4.36131328e-01
    4.70000535e-01 3.04385960e-01 1.88423753e-01 9.62087274e-01
    1.68509185e-02 2.16456652e-02 1.28757715e-01 8.39376450e-01
    8.64600003e-01 2.96493351e-01 5.57788849e-01 2.00847715e-01
    4.41900194e-02 5.46536624e-01 2.37411648e-01 4.64335412e-01
    7.30481148e-02 1.86169714e-01 4.56429362e-01 3.00291419e-01
    1.02191269e-01 5.49682379e-01 3.52935255e-01 7.73574114e-01
    3.88363183e-01 8.36171269e-01 6.47152245e-01 9.93168950e-01
    9.93340909e-01 4.56559300e-01 4.05600071e-01 2.42815256e-01
    4.55091268e-01 2.92623967e-01 4.78605479e-01 9.99960601e-01
    3.87743801e-01 3.71524215e-01 3.26012373e-02 4.06637400e-01
    5.39531946e-01 8.76237631e-01 8.28393877e-01 9.41350341e-01
    4.60906804e-01 5.24208546e-02 2.99959779e-01 6.42709255e-01
    7.48073518e-01 3.57506156e-01 9.57817018e-01 5.32361805e-01
    7.40370691e-01 9.92916524e-02 7.63921678e-01 4.45750654e-01
    3.54496300e-01 6.92455053e-01 3.70978415e-02 9.78602648e-01
    6.88108683e-01 4.79129553e-02 9.74993587e-01 5.84627748e-01
    4.03367728e-01 5.47666073e-01 8.45892608e-01 6.69724107e-01
    6.61720157e-01 6.20417655e-01 8.30387235e-01 9.79428053e-01
    1.84013546e-02 3.44497025e-01 3.39465082e-01 3.79514992e-01
    5.29232144e-01 6.70815408e-01 4.84100699e-01 5.46145856e-01
    3.34891796e-01 4.39408004e-01 8.29082072e-01 4.23918396e-01
    5.55119038e-01 6.03437424e-01 8.36546421e-01 2.47080714e-01
    7.69599855e-01 4.89126474e-01 3.21946114e-01 7.74276912e-01
    7.50008702e-01 5.65038741e-01 3.35219860e-01 4.55823660e-01
    2.22596169e-01 4.31028783e-01 4.12708104e-01 4.27793056e-01
    1.71096206e-01 7.90827811e-01 8.12591136e-01 9.79538679e-01
    5.26346385e-01 4.91186023e-01 8.85286331e-01 6.75075650e-02
    4.42457050e-01 4.07622457e-02 2.70837218e-01 3.83785397e-01
    6.07679307e-01 3.08142364e-01 5.49000084e-01 9.16441798e-01
    7.03643918e-01 6.12863302e-01 3.53725106e-01 3.06497246e-01
    1.89015865e-01 2.45905906e-01 6.04197264e-01 3.39252114e-01
    3.02868038e-01 8.83338034e-01 9.97404277e-01 4.37865496e-01
    5.20915687e-01 6.34477496e-01 2.36223876e-01 4.32600617e-01
    8.33453417e-01 8.51709127e-01 9.64676082e-01 5.51431358e-01
    2.05578357e-01 7.30321646e-01 3.10997576e-01 8.66312385e-01
    9.88932729e-01 2.43344545e-01 6.60674453e-01 7.15291023e-01
    8.91142368e-01 4.90345657e-01 1.66436732e-01 8.88364017e-01
    6.52655840e-01 1.17253959e-02 3.42223614e-01 5.50436735e-01
    4.83458728e-01 8.73337448e-01 8.48536193e-01 7.01094747e-01
    8.58025670e-01 2.53132522e-01 1.33996397e-01 4.29058552e-01
    2.60777950e-01 5.80398977e-01 8.18677068e-01 2.36286521e-01
    3.28566164e-01 4.46892530e-01 1.80198044e-01 4.69106972e-01
    5.70209682e-01 7.51772881e-01 3.49011540e-01 8.70091021e-01
    1.50598079e-01 5.01128435e-01 2.76643038e-03 2.57278115e-01
    9.66837883e-01 2.08772987e-01 9.87572908e-01 2.87102491e-01
    4.72982824e-01 6.47721767e-01 9.87616122e-01 5.62141120e-01
    4.06958431e-01 6.22433066e-01 6.36746049e-01 5.85480332e-02
    6.38644218e-01 7.35484481e-01 4.13846791e-01 6.36527538e-01
    4.64908332e-01 6.81942582e-01 9.37824130e-01 4.35054839e-01
    6.18006229e-01 1.65621489e-01 8.81094337e-01 4.79880869e-01
    2.74582624e-01 2.62040675e-01 5.45461535e-01 7.00718403e-01
    4.59585607e-01 4.35675293e-01 3.87501508e-01 1.27775013e-01
    8.69842649e-01 9.84470427e-01 8.46066296e-01 7.04352736e-01
    4.59224224e-01 2.41908163e-01 7.55540907e-01 9.60639358e-01
    1.06342673e-01 2.02358842e-01 4.66229260e-01 8.61207366e-01
    3.84442329e-01 7.63293982e-01 3.15498710e-01 5.81336975e-01
    6.45744026e-01 2.26133138e-01 1.27044320e-02 8.74476194e-01
    5.22858381e-01 9.11414385e-01 9.48891044e-01 8.20115924e-01
    1.44903332e-01 1.73333704e-01 2.38866270e-01 9.00297642e-01
    8.84616435e-01 9.96744633e-01 6.19571626e-01 6.78655803e-01
    5.88851333e-01 3.74959081e-01 5.18556535e-02 8.47613394e-01
    4.54120785e-01 6.47593200e-01 4.32507008e-01 4.61617827e-01
    7.81714916e-01 3.82704496e-01 1.22139066e-01 6.95407331e-01
    8.43843341e-01 8.44080567e-01 7.01388359e-01 9.88551378e-02
    2.77566016e-02 2.72300541e-02 3.43468368e-01 5.46917379e-01
    1.68391466e-02 5.37374198e-01 8.28396618e-01 6.99081302e-01
    9.54718590e-01 8.54228020e-01 2.32200384e-01 8.40210676e-01
    9.23866451e-01 7.16949224e-01 2.43977636e-01 9.40066993e-01
    9.27648365e-01 6.53716087e-01 9.03871417e-01 3.35543036e-01
    6.91530585e-01 8.78340721e-01 6.80059552e-01 7.31436074e-01
    2.51760483e-02 8.87140393e-01 5.53785920e-01 2.98983991e-01
    4.35240835e-01 8.94074678e-01 9.42456663e-01 2.92096287e-01
    4.50204730e-01 8.23343933e-01 9.90155935e-01 9.72748518e-01
    2.95187205e-01 4.51170802e-02 3.38569194e-01 9.18310881e-03
    1.89963728e-01 5.88421583e-01 2.93143094e-02 1.51448250e-02
    8.56936216e-01 8.65051329e-01 7.86652327e-01 8.91702056e-01
    4.51050520e-01 5.86818933e-01 4.08954978e-01 9.69403863e-01
    1.17050469e-01 2.76923120e-01 7.07255960e-01 2.50676036e-01
    9.92751300e-01 7.29718089e-01 3.90927494e-02 4.68743354e-01
    4.17481959e-02 4.46883768e-01 5.05471349e-01 3.10068041e-01
    9.45328116e-01 3.44543159e-02 6.36733770e-01 3.26998800e-01
    4.20678735e-01 1.19316846e-01 8.26126635e-01 8.37927580e-01
    3.94603938e-01 9.39242482e-01 1.97814345e-01 5.16805053e-01
    5.66798806e-01 3.32628369e-01 9.38065410e-01 9.19368505e-01
    7.96275616e-01 3.19933474e-01 8.02891612e-01 6.08000457e-01
    8.99627268e-01 1.83916301e-01 3.94139349e-01 4.68591064e-01
    9.96948957e-01 9.75685835e-01 4.63324785e-03 8.55750918e-01
    5.57874024e-01 9.34727430e-01 6.13063991e-01 1.94660425e-02
    1.67381972e-01 2.87079394e-01 4.58160073e-01 7.05196679e-01
    9.49392319e-01 9.23613906e-02 5.71800709e-01 8.54540706e-01
    7.04346776e-01 4.94965881e-01 9.89394665e-01 7.92784035e-01
    3.94107223e-01 4.80148315e-01 8.03822577e-01 6.22141004e-01
    5.47281802e-01 8.08721721e-01 4.22014415e-01 8.32360089e-01
    4.16557670e-01 3.54763448e-01 1.24773026e-01 1.53409570e-01
    4.50038254e-01 4.30346638e-01 6.46350026e-01 5.34436107e-02
    9.81987715e-01 6.52243733e-01 5.25171340e-01 4.32586312e-01
    8.10925722e-01 9.35721338e-01 7.60108232e-01 8.58516276e-01
    9.71770287e-03 6.19366765e-03 6.42995536e-02 1.71720982e-04
    9.42208767e-01 2.75486708e-01 9.57867861e-01 8.69838357e-01
    1.42897099e-01 2.40930319e-02 3.96090090e-01 7.76858509e-01
    7.53755450e-01 9.26870346e-01 4.21518534e-01 1.19213790e-01
    3.54560971e-01 9.95576441e-01 9.63392973e-01 7.10814893e-01
    9.80454087e-02 2.03636855e-01 5.47705293e-02 2.78192461e-01
    2.76156634e-01 6.64321065e-01 2.79504955e-01 6.42742872e-01
    6.55326784e-01 2.58243233e-01 9.17941332e-02 5.65581918e-01
    6.64749146e-01 7.35897958e-01 3.45353156e-01 2.53085196e-02
    3.91495168e-01 4.58957225e-01 2.14702338e-01 9.22257423e-01
    6.77871585e-01 8.38331938e-01 8.75787258e-01 7.95736670e-01
    4.39578444e-01 2.70085752e-01 3.02225113e-01 8.44937563e-01
    2.11428225e-01 8.12092125e-02 7.47896433e-02 5.77473700e-01
    3.80967140e-01 6.76398277e-02 5.57192266e-02 7.59084940e-01
    9.09120977e-01 9.58546281e-01 2.42823720e-01 1.18911654e-01
    3.42913508e-01 6.50909781e-01 7.79520392e-01 6.66572094e-01
    8.66513550e-02 3.86407018e-01 7.80403614e-01 5.15669584e-04
    1.84610188e-02 4.61115181e-01 1.77449435e-01 9.72579539e-01
    1.23721391e-01 1.63910896e-01 6.29783988e-01 4.24009025e-01
    3.90297621e-01 1.81254655e-01 3.13784778e-01 1.76615417e-02
    2.45142341e-01 7.98108757e-01 3.36239159e-01 4.90505159e-01
    4.60821539e-01 4.45939422e-01 7.39642382e-01 8.96469653e-01
    8.87388468e-01 6.92308068e-01 2.68176556e-01 8.75355959e-01
    8.72133017e-01 6.35423362e-01 9.05551016e-02 7.21974671e-01
    5.44105172e-01 4.98703837e-01 1.25843197e-01 6.44478738e-01
    3.80609781e-01 5.57811141e-01 4.04153019e-01 6.56525195e-01
    5.55360615e-01 7.96555042e-01 8.62164855e-01 2.00658560e-01
    4.12906706e-01 4.36793715e-01 3.40587854e-01 3.62169802e-01
    2.81432211e-01 2.90925473e-01 4.08343375e-01 4.94441301e-01
    9.56342638e-01 9.40325618e-01 6.45662248e-02 2.06109434e-01
    1.47239238e-01 1.54643744e-01 8.05548251e-01 5.73133349e-01
    7.44900942e-01 7.17675328e-01 3.94797325e-01 7.53653228e-01
    8.54632139e-01 3.70928407e-01 1.22613341e-01 9.38604832e-01
    5.41324914e-01 4.93211746e-02 1.10978961e-01 8.71912062e-01
    2.94461608e-01 9.99488175e-01 9.64091778e-01 4.25923198e-01
    2.72753537e-01 8.04038525e-01 8.57212663e-01 2.60811418e-01
    2.66034722e-01 9.00276542e-01 1.02715373e-01 8.67056012e-01
    7.53098309e-01 7.16678202e-01 9.48058009e-01 7.71159053e-01
    7.85332799e-01 5.92453837e-01 5.09245276e-01 6.55853510e-01
    5.16034365e-01 2.58485079e-02 8.56665492e-01 4.30028737e-01
    2.56543994e-01 3.91202211e-01 9.46376085e-01 6.84675574e-01
    9.78625178e-01 6.39543653e-01 1.71006650e-01 6.04975224e-01
    5.80008984e-01 6.18915498e-01 1.88169777e-01 6.15339637e-01
    6.97703421e-01 4.09201026e-01 6.45140529e-01 7.25148976e-01
    4.39790219e-01 4.28608567e-01 8.38992536e-01 2.98161536e-01
    7.41676569e-01 9.50879574e-01 1.57544017e-01 9.57251191e-02
    4.46088046e-01 5.75937867e-01 9.15170193e-01 8.18197727e-02
    7.97198892e-01 3.71512473e-02 8.73658717e-01 7.64249444e-01
    8.65221560e-01 3.71363133e-01 3.73481393e-01 2.80533701e-01
    5.66849053e-01 3.77585262e-01 7.17976213e-01 2.49966472e-01
    5.70856094e-01 8.15794468e-01 4.70153272e-01 3.43310118e-01
    7.64267921e-01 9.30115283e-01 3.56912494e-01 2.93046653e-01
    5.78180969e-01 7.33040988e-01 1.51016712e-01 4.21708554e-01
    1.24495834e-01 3.42601538e-02 1.16835177e-01 8.68878603e-01
    8.78028393e-01 2.57278621e-01 1.32216275e-01 4.96113777e-01
    2.39662141e-01 6.62109554e-01 8.97471547e-01 9.83773053e-01
    5.61643660e-01 9.19795632e-01 7.41496801e-01 2.92586207e-01
    8.09079051e-01 4.73952025e-01 3.33775848e-01 4.62286770e-01
    3.14246535e-01 9.68377292e-01 3.08223486e-01 5.23069263e-01
    5.99991381e-01 1.02087259e-02 4.20198739e-02 7.68035233e-01
    2.34618902e-01 3.32804859e-01 9.56614256e-01 9.34378862e-01
    7.33341932e-01 2.93847740e-01 4.20845628e-01 4.66285944e-02
    4.74759281e-01 5.47081232e-01 5.31363487e-02 4.81456637e-01
    7.97864318e-01 4.10643935e-01 6.13878727e-01 2.15322673e-02
    6.32168353e-02 7.23741651e-01 7.07586765e-01 8.32295954e-01
    5.75369954e-01 1.41183466e-01 5.21059513e-01 2.44193614e-01
    7.04441965e-01 5.09261668e-01 7.96586037e-01 1.21141523e-01
    7.56750405e-01 1.23707682e-01 6.43417597e-01 4.22747254e-01
    6.12395167e-01 5.08386910e-01 6.94906116e-02 2.29977518e-01
    2.95976788e-01 6.81604624e-01 9.72310007e-01 4.85357642e-03
    3.67164969e-01 7.61931539e-01 9.28573608e-02 9.54538226e-01
    5.64835370e-01 1.59653068e-01 6.50069118e-02 3.56654048e-01
    6.86921120e-01 7.67105222e-01 5.11989951e-01 2.04251468e-01
    1.80546343e-01 9.91634488e-01 6.85144424e-01 4.59026396e-02
    9.05237794e-01 5.96110880e-01 8.19891036e-01 1.62638545e-01
    4.40732330e-01 1.61830693e-01 2.81613529e-01 9.75846052e-01
    8.14547122e-01 2.29745150e-01 5.19866407e-01 5.33601880e-01
    1.01732641e-01 4.27433610e-01 1.44034892e-01 4.58727568e-01
    4.98559296e-01 2.36278921e-01 2.97095329e-01 8.17883253e-01
    9.08387780e-01 2.91447878e-01 1.17752671e-01 6.22653246e-01
    4.04723078e-01 3.27439725e-01 1.86541885e-01 8.23045671e-02
    1.65988952e-01 6.03301406e-01 1.82405114e-01 8.19006562e-01
    3.72342616e-01 1.29558653e-01 8.46049190e-03 8.65741074e-02
    6.09258533e-01 7.12476373e-02 9.83389020e-01 7.75421739e-01
    1.65614367e-01 2.31634110e-01 7.11956382e-01 9.05756295e-01
    4.00525451e-01 4.78472918e-01 8.54441047e-01 9.49449062e-01
    6.56857371e-01 4.98569012e-02 4.83801305e-01 8.91803741e-01
    7.24192619e-01 6.73601449e-01 2.53432751e-01 1.13760084e-01
    5.59158325e-01 2.66560197e-01 9.54506993e-01 1.68636858e-01
    5.41114509e-02 8.69149923e-01 5.85906386e-01 4.06988144e-01
    4.10332799e-01 3.72186810e-01 6.99200034e-02 3.58885646e-01
    1.12466961e-01 5.99131703e-01 2.85150349e-01 4.17989612e-01
    3.45729619e-01 1.32848918e-02 3.82262319e-01 2.17377633e-01
    8.06099534e-01 6.34067953e-02 3.90265495e-01 6.74655795e-01
    5.12372077e-01 8.94197822e-02 3.47724557e-01 4.26558882e-01
    8.97491097e-01 3.64128590e-01 8.64141703e-01 7.01563656e-01
    8.29197466e-02 9.84290600e-01 2.41823107e-01 8.10621142e-01
    5.49255610e-01 5.24136126e-01 8.09201300e-01 3.26299489e-01
    9.56334233e-01 1.40191793e-01 1.20600283e-01 1.98915929e-01
    6.20820522e-01 7.94153810e-01 2.16806978e-01 1.79994196e-01
    8.30013275e-01 8.06239009e-01 1.73574239e-01 2.94501781e-02
    9.38867927e-01 5.54989934e-01 8.20051074e-01 5.77367842e-01
    2.66391665e-01 2.01566190e-01 9.66584563e-01 4.22823727e-02
    8.75842929e-01 8.92488003e-01 6.42327785e-01 9.57041979e-01
    7.77224123e-01 3.79127741e-01 4.15683419e-01 1.37796611e-01
    5.00576019e-01 2.75703281e-01 2.93101847e-01 2.06924409e-01
    2.29704976e-02 2.22334504e-01 8.12834740e-01 8.17055881e-01
    6.14617825e-01 7.17217326e-01 2.79558897e-01 1.10978037e-01
    7.44496584e-01 1.23748600e-01 7.32139647e-01 7.92776704e-01
    9.59773421e-01 7.88091898e-01 2.02603161e-01 4.24150884e-01
    5.19470453e-01 2.79345691e-01 5.39751291e-01 9.24935639e-02
    3.30093443e-01 5.11144400e-01 1.75004303e-02 3.41998577e-01
    9.97367859e-01 8.72554302e-01 3.39780957e-01 5.59959769e-01
    4.80619282e-01 9.32771564e-01 9.30281341e-01 2.55565047e-01
    5.15837252e-01 4.96533513e-02 4.99729812e-02 2.58406341e-01
    3.47639382e-01 1.23653620e-01 9.09917951e-01 7.99822032e-01
    7.74637461e-01 8.52718830e-01 3.34432364e-01 5.30060828e-01
    6.54983521e-01 7.97629237e-01 6.28581762e-01 6.00767553e-01
    5.76477230e-01 6.41836524e-01 7.41699636e-02 3.51670504e-01
    6.58568740e-01 1.89161777e-01 8.76354694e-01 3.31213385e-01
    4.00513947e-01 4.06115443e-01 4.97147709e-01 3.71497244e-01
    2.48858839e-01 7.79803753e-01 8.77901554e-01 5.95301330e-01
    5.80469847e-01 2.71494061e-01 9.68118131e-01 2.87364304e-01
    6.35639787e-01 7.31212199e-01 1.32601619e-01 2.66329944e-02
    5.19303083e-01 3.41900826e-01 9.27305341e-01 2.58497775e-01
    2.38404781e-01 2.04260170e-01 8.22641015e-01 5.02027452e-01
    3.07774127e-01 5.90984881e-01 2.78002739e-01 6.08960092e-01
    7.98302472e-01 4.24538255e-02 4.63149607e-01 1.81543469e-01
    5.77585459e-01 1.35472536e-01 3.81184399e-01 3.93298268e-02
    9.80184913e-01 9.79105353e-01 8.11404943e-01 6.94810748e-01
    5.04297018e-02 5.20473242e-01 5.92609763e-01 1.99645340e-01
    8.41481805e-01 6.46912932e-01 5.87827384e-01 8.27308595e-01
    5.78026474e-02 2.19170481e-01 3.52656603e-01 3.56099606e-01
    3.79735529e-01 1.75162852e-02 6.22580409e-01 4.60372686e-01
    9.22916174e-01 2.22292840e-02 7.33571053e-01 6.24098301e-01
    5.71557879e-02 7.66084015e-01 4.88038957e-02 4.70820069e-03
    1.86902583e-02 2.39740968e-01 9.58203793e-01 8.51571858e-01
    2.43084371e-01 9.14828420e-01 4.15461332e-01 8.38240623e-01
    6.58583701e-01 1.71901554e-01 4.68564242e-01 7.52882719e-01
    6.48903728e-01 5.71685910e-01 5.71637154e-01 3.15949738e-01
    5.40409625e-01 9.52451944e-01 7.49093175e-01 3.44508916e-01
    4.45888072e-01 1.63759738e-01 8.02017391e-01 1.82176232e-02
    8.39970112e-01 4.12335217e-01 4.12670195e-01 5.37895083e-01
    1.26895428e-01 2.90893018e-01 1.09518766e-02 2.45061308e-01
    3.55683208e-01 3.26743811e-01 8.63811135e-01 4.15214539e-01
    3.98709178e-01 2.57470161e-01 1.93889111e-01 6.50270879e-01
    5.24422407e-01 1.21523708e-01 4.99933004e-01 7.95388103e-01
    5.02551734e-01 8.51903200e-01 6.01966858e-01 1.23769552e-01
    1.72162026e-01 8.00615430e-01 6.87332869e-01 4.43420261e-01
    9.07120109e-01 1.53147280e-02 2.96139657e-01 7.79463828e-01
    6.22652411e-01 9.13036942e-01 7.45067477e-01 2.18286842e-01
    2.94059515e-03 9.38286960e-01 4.29177165e-01 1.97218478e-01
    9.27318692e-01 4.30963099e-01 9.02306259e-01 3.48238349e-01
    3.85269135e-01 1.92028046e-01 3.49431455e-01 5.22586644e-01
    3.00687075e-01 3.15204263e-01 1.18959367e-01 9.55323994e-01
    1.89039350e-01 3.09642047e-01 4.90977883e-01 1.61069363e-01
    9.73596990e-01 5.74531436e-01 1.83521092e-01 3.94725770e-01
    5.29667437e-01 3.97539705e-01 8.41542125e-01 5.83249927e-02
    6.62848592e-01 5.28211594e-02 5.91100097e-01 4.35183525e-01
    8.00338328e-01 3.10758531e-01 7.01176763e-01 6.78241193e-01
    7.50464082e-01 5.11638284e-01 1.06834352e-01 4.96767759e-02
    6.59279585e-01 6.21160150e-01 6.99329495e-01 2.94308722e-01
    2.13257462e-01 9.65622067e-01 3.42295796e-01 7.50355542e-01
    8.45754743e-02 3.09189975e-01 1.26983702e-01 4.99523431e-01
    6.55702889e-01 7.20012546e-01 2.74438143e-01 4.22261506e-01
    5.78946590e-01 8.87887836e-01 8.80130231e-02 4.39300627e-01
    1.34320945e-01 1.66216493e-03 4.66476172e-01 5.51857412e-01
    1.78804368e-01 6.16664648e-01 2.17561096e-01 8.55990052e-01
    6.46296740e-02 5.48400342e-01 9.46690917e-01 3.23818892e-01
    1.78001434e-01 5.76589704e-01 8.25837612e-01 4.05280977e-01
    6.83663130e-01 2.13337272e-01 5.23509741e-01 4.34484541e-01
    7.38245904e-01 6.57093167e-01 9.15385962e-01 4.09279168e-02
    4.91870463e-01 8.63532126e-02 3.00658047e-02 3.31693888e-01
    5.87390006e-01 1.42819524e-01 1.89506650e-01 2.60152519e-01
    7.11044788e-01 7.29947805e-01 8.82039189e-01 8.83351684e-01
    2.57902443e-01 9.35683370e-01 6.77826285e-01 3.67413402e-01
    9.40027833e-03 8.80768299e-01 6.92305863e-01 5.19657433e-01
    9.38373506e-01 6.35021806e-01 5.24657249e-01 9.74466681e-01
    4.00730759e-01 1.49199069e-01 8.18548501e-02 9.51642931e-01
    5.33271849e-01 7.42380023e-01 7.16844320e-01 6.48643672e-01
    5.39099455e-01 5.50514162e-01 5.29210210e-01 8.99037659e-01
    7.10640252e-02 6.37204945e-02 8.21758032e-01 3.47110629e-01
    5.90249717e-01 7.47500300e-01 2.83423066e-03 9.05243635e-01
    2.16648817e-01 8.69132578e-02 3.20674151e-01 5.84446490e-01
    8.00157309e-01 1.44104928e-01 6.01629317e-02 6.47408009e-01
    4.10074383e-01 3.25307012e-01 8.20133567e-01 5.29780865e-01
    5.48073709e-01 5.51488578e-01 9.86216247e-01 3.41053665e-01
    4.43907976e-01 1.76339418e-01 1.11436486e-01 5.14826179e-03
    2.66019046e-01 8.33741724e-01 1.44749582e-01 4.57250386e-01
    7.12367415e-01 4.60312098e-01 8.35011363e-01 4.13125694e-01
    9.95512366e-01 7.25050032e-01 1.49652153e-01 8.38048279e-01
    3.17696929e-01 6.90376639e-01 1.07758909e-01 4.31959808e-01
    2.22694993e-01 9.36253667e-01 6.68771267e-01 9.02420521e-01
    7.53708303e-01 9.50839400e-01 4.03927565e-01 9.27444458e-01
    1.06170386e-01 8.63694310e-01 5.63144088e-01 5.53858221e-01
    5.42938411e-01 7.37003922e-01 9.31722462e-01 8.41630101e-01
    9.79359984e-01 2.67771572e-01 7.56533146e-02 1.62005484e-01
    9.08022285e-01 4.56900090e-01 3.39373350e-01 9.06927288e-02
    3.66736293e-01 8.00380826e-01 2.68578351e-01 5.49499989e-02
    6.99359357e-01 7.35435247e-01 1.29225254e-02 5.00950217e-02
    3.44702154e-01 7.15337396e-01 9.52196240e-01 4.80771422e-01
    7.48765230e-01 2.93378919e-01 1.10252172e-01 5.14800727e-01
    9.35244679e-01 9.25133586e-01 2.77684033e-01 7.48309016e-01
    3.21039051e-01 6.70407653e-01 9.01163459e-01 9.46919799e-01
    7.15906501e-01 6.20703101e-02 7.12892890e-01 6.28034472e-01
    4.04809952e-01 4.24879789e-03 8.26171875e-01 6.63188219e-01
    6.19562089e-01 7.48557150e-02 3.58317047e-01 2.91129053e-02
    3.46807390e-01 2.23526776e-01 1.20417118e-01 2.67867237e-01
    8.31056893e-01 6.63048923e-01 6.67997479e-01 5.30642927e-01
    2.70911455e-01 5.22693813e-01 8.09946895e-01 2.78304875e-01
    4.76622820e-01 3.54991853e-01 3.68680060e-02 3.73137474e-01
    6.39574587e-01 4.85176325e-01 7.35840559e-01 4.24807966e-01
    6.32371306e-01 5.26337206e-01 9.62801456e-01 7.19937742e-01
    7.36488163e-01 2.73425996e-01 8.26689303e-01 4.39483881e-01
    8.18137228e-02 1.11161828e-01 7.68772006e-01 2.23205894e-01
    7.00349927e-01 6.67171001e-01 2.74350047e-01 5.02396345e-01
    3.82915854e-01 4.33862090e-01 8.32965136e-01 2.60402232e-01
    7.99157917e-01 6.33753598e-01 2.21259266e-01 1.61297143e-01
    7.84346104e-01 7.87728190e-01 8.10765624e-02 8.31047773e-01
    3.23138535e-01 9.60002899e-01 4.03155029e-01 3.03737104e-01
    7.26223707e-01 8.52895796e-01 9.40768898e-01 1.01560950e-01
    8.69378448e-01 7.60984182e-01 4.49358135e-01 8.77850056e-02
    6.18888199e-01 3.66339326e-01 5.35383701e-01 9.45893884e-01
    2.13786393e-01 1.46105230e-01 5.06554067e-01 2.20189303e-01
    7.96009481e-01 5.72949469e-01 8.12429130e-01 8.21238756e-02
    1.28184855e-01 2.88492441e-01 5.73447406e-01 2.34124094e-01
    7.74617791e-01 3.49579334e-01 4.84967679e-01 1.66349351e-01
    8.63317847e-01 5.06939888e-01 7.79752910e-01 5.89355946e-01
    4.80651706e-01 1.41568154e-01 6.82305098e-01 1.35056347e-01
    6.71237230e-01 5.49614191e-01 3.39836150e-01 5.28997838e-01
    6.29659057e-01 1.30473912e-01 9.30080056e-01 5.87469816e-01
    6.26856804e-01 9.18559790e-01 2.59356797e-02 9.74920213e-01
    1.81554794e-01 1.20137393e-01 3.69141877e-01 8.26914787e-01
    8.62501681e-01 2.06839561e-01 9.27761197e-01 2.16194987e-02
    1.92371786e-01 1.14995122e-01 7.56385446e-01 2.76137590e-01
    5.35057366e-01 7.97942638e-01 3.02075207e-01 2.05024868e-01
    7.44944096e-01 3.23881745e-01 3.54346037e-01 1.17223293e-01
    5.80139697e-01 6.91386461e-01 8.63635302e-01 7.59459376e-01
    4.82750565e-01 8.25849771e-01 9.69061255e-02 1.84918344e-02
    5.67022026e-01 7.62603283e-01 3.68000448e-01 6.62073374e-01
    1.54342800e-01 5.64692616e-02 1.55627072e-01 5.80456376e-01
    4.62452948e-01 7.85254121e-01 3.98650050e-01 1.13976479e-01
    8.47173929e-02 6.01564527e-01 4.72257227e-01 5.20958006e-01
    4.98972178e-01 9.11803007e-01 6.45221829e-01 6.11926079e-01
    4.71391737e-01 8.51319551e-01 2.35233516e-01 8.05490971e-01
    4.86255825e-01 5.11869192e-01 1.32831544e-01 1.92351609e-01
    1.05062574e-01 8.60797405e-01 8.30233514e-01 7.03225434e-01
    5.95337152e-03 3.33684623e-01 4.44071651e-01 8.49500418e-01
    4.26972449e-01 7.24240184e-01 8.45231473e-01 4.96846914e-01
    9.57361579e-01 2.95313060e-01 4.83353019e-01 4.68249351e-01
    4.13443863e-01 9.58818734e-01 3.80757153e-01 5.82054079e-01
    6.56620264e-02 7.69155383e-01 4.37776446e-01 9.52464581e-01
    4.79606360e-01 5.42874575e-01 5.43318748e-01 6.04797125e-01
    4.00235474e-01 8.31397414e-01 8.72720003e-01 3.70564133e-01
    2.42017806e-02 8.87598753e-01 1.85463846e-01 3.78177702e-01
    8.32552016e-02 6.16074204e-01 5.32475173e-01 6.88736677e-01
    6.81375623e-01 2.06977785e-01 7.96622694e-01 3.45324695e-01
    4.57811028e-01 6.06635153e-01 5.62916100e-01 8.18572521e-01
    4.65980530e-01 3.25035512e-01 8.21746349e-01 5.53795815e-01
    1.25347257e-01 6.81810260e-01 4.86556590e-02 9.47738886e-01
    4.75324422e-01 2.71090358e-01 1.10266149e-01 6.17117226e-01
    6.68638349e-02 9.28310990e-01 4.58976299e-01 9.13178325e-02
    1.80570066e-01 2.78151244e-01 9.67332959e-01 4.42854494e-01
    5.78523636e-01 9.66254234e-01 3.93749416e-01 2.15187848e-01
    6.35095596e-01 6.30864918e-01 8.00638676e-01 7.27696776e-01
    4.92469609e-01 3.13383311e-01 3.62887204e-01 4.00144935e-01
    5.47438681e-01 7.84075260e-02 5.81783235e-01 8.09587419e-01
    2.14422077e-01 8.72304678e-01 6.98455870e-01 6.96022391e-01
    4.98919070e-01 8.28934669e-01 9.08944488e-01 5.65815866e-01
    2.75027663e-01 1.49086565e-01 9.99928951e-01 4.15371954e-02
    4.67270315e-02 9.04739976e-01 2.99408436e-01 4.26108658e-01
    8.20014775e-02 2.42201090e-02 9.87228394e-01 4.09682810e-01
    4.49621081e-02 3.11956346e-01 1.74525321e-01 8.52454722e-01
    7.36019433e-01 5.09689033e-01 6.09724402e-01 2.43150562e-01
    9.17496920e-01 3.93043160e-01 4.48076993e-01 8.31642509e-01
    4.96696234e-01 8.96780789e-02 3.27976465e-01 6.55941665e-01
    3.08408827e-01 8.46245050e-01 5.87110579e-01 7.16289818e-01
    4.22752321e-01 4.85884696e-01 4.57346261e-01 3.16427916e-01
    1.11630321e-01 4.14913505e-01 1.11477762e-01 2.18412042e-01
    9.96908844e-01 8.21727753e-01 7.41929591e-01 3.60643178e-01
    3.44001889e-01 9.38020110e-01 9.62602854e-01 4.93082792e-01
    9.89912570e-01 4.99714971e-01 6.54915452e-01 8.25641155e-01
    2.83082336e-01 2.85498768e-01 9.46679711e-02 9.57639694e-01
    1.68851912e-01 7.48977900e-01 7.81874299e-01 1.52054012e-01
    3.26309681e-01 5.25449514e-02 4.50360179e-02 9.36561704e-01
    3.05996835e-01 7.14831829e-01 2.42811829e-01 5.76902986e-01
    6.96735144e-01 1.51719838e-01 1.96584255e-01 6.54895425e-01
    6.97143674e-01 8.26596022e-01 6.49422646e-01 7.13958025e-01
    4.97594476e-02 8.86749864e-01 2.69886553e-01 2.70340800e-01
    6.71608448e-01 8.30439329e-01 7.41976142e-01 4.19465780e-01
    6.98764861e-01 2.07106143e-01 6.66718662e-01 3.00667048e-01
    9.24588740e-01 9.43269610e-01 7.07979858e-01 8.94405246e-02
    9.15916562e-01 9.31654274e-02 3.32648993e-01 5.73384523e-01
    5.57076335e-02 1.81196719e-01 7.71541953e-01 2.24691540e-01
    4.39849973e-01 9.25022602e-01 9.12932992e-01 4.85761702e-01
    8.80707562e-01 3.56917381e-01 5.77689528e-01 5.02007544e-01
    7.04628110e-01 2.43560642e-01 5.32361805e-01 1.74612105e-02
    1.35009944e-01 4.18810070e-01 8.14938068e-01 1.22891486e-01
    6.34710848e-01 3.71102482e-01 2.81917900e-01 1.49581134e-01
    9.02493536e-01 2.94446915e-01 9.35957313e-01 1.60598248e-01
    8.81874561e-01 8.66279185e-01 4.11237121e-01 8.72456551e-01
    6.34682775e-01 8.72377157e-01 9.23087120e-01 7.37835944e-01
    7.70831525e-01 5.04323900e-01 8.88818085e-01 4.48258281e-01
    5.52986860e-01 1.82395101e-01 2.04996169e-02 4.04904097e-01
    5.98672032e-01 6.75839067e-01 2.88051307e-01 3.68182957e-01
    4.59814787e-01 8.52144718e-01 7.05768704e-01 5.04790068e-01
    9.53160882e-01 7.31358945e-01 1.34782344e-01 9.34353650e-01
    7.12300777e-01 7.34550357e-01 6.22559845e-01 8.22827995e-01
    2.82380819e-01 6.12932503e-01 3.21732908e-01 5.75431108e-01
    7.50678241e-01 1.44762099e-01 5.85724711e-01 9.74984884e-01
    1.70614123e-02 8.90328884e-02 9.96020794e-01 3.90284657e-01
    5.77032804e-01 4.23515022e-01 8.25122952e-01 2.28363872e-01
    5.31968236e-01 3.95215750e-02 6.52551055e-02 3.60091448e-01
    9.43093657e-01 9.56836224e-01 9.42763686e-02 2.38363624e-01
    8.00569773e-01 8.69471312e-01 7.23505497e-01 4.13309306e-01
    9.36641574e-01 2.84776688e-02 9.37896252e-01 5.25854528e-01
    7.59046316e-01 4.63427126e-01 2.07679152e-01 4.26124096e-01
    9.24534798e-02 9.79081094e-02 8.81232381e-01 5.09268761e-01
    9.18874145e-01 6.54026330e-01 7.15524256e-02 1.85078412e-01
    7.82440543e-01 7.26603508e-01 9.09875751e-01 5.93668759e-01
    3.48059058e-01 8.95895720e-01 4.37236220e-01 2.11251795e-01
    2.59679019e-01 9.11697626e-01 5.25795996e-01 2.18163788e-01
    7.91553378e-01 7.70454049e-01 3.25421214e-01 3.37785006e-01
    8.77573252e-01 8.75993311e-01 3.76191676e-01 6.77199960e-01
    2.64425397e-01 1.52333796e-01 1.12524509e-01 6.51994348e-03
    2.81032741e-01 9.81419325e-01 1.40617400e-01 3.18264902e-01
    9.28316653e-01 9.53358769e-01 2.47774065e-01 5.72270632e-01
    1.55754417e-01 8.75332832e-01 8.53969753e-02 4.39505041e-01
    7.45921850e-01 4.73770022e-01 1.51537091e-01 1.27708465e-01
    8.88586879e-01 6.55002534e-01 4.36781555e-01 3.07537258e-01
    2.11132944e-01 4.70170736e-01 7.90406942e-01 9.97248292e-02
    4.02665496e-01 5.56144953e-01 6.34054363e-01 9.13068712e-01
    3.31219971e-01 6.14768147e-01 4.35276896e-01 6.32762909e-04
    5.25697351e-01 3.07542801e-01 4.46416944e-01 6.41585290e-01
    5.03759801e-01 8.86331439e-01 4.00809199e-01 3.97060722e-01
    3.27807218e-01 1.81874603e-01 3.80460262e-01 2.66039163e-01
    9.94785726e-02 9.14259315e-01 8.60930979e-02 7.08558798e-01
    1.52406216e-01 4.72087085e-01 6.92037523e-01 3.45228910e-01
    8.20609331e-01 5.17348945e-02 2.99663782e-01 8.85703802e-01
    6.49387121e-01 5.35165906e-01 8.63496661e-01 1.00106061e-01
    7.01999128e-01 3.16960335e-01 6.57611251e-01 8.38634491e-01
    8.85988116e-01 3.74198705e-01 9.83506739e-02 4.40958291e-01
    4.24615145e-02 8.16072941e-01 6.11405313e-01 4.91505057e-01
    8.49391699e-01 9.30356026e-01 5.16584635e-01 3.00213695e-01
    2.22415566e-01 8.85669649e-01 3.37446034e-01 3.51978838e-01
    2.26600468e-01 1.40068829e-02 4.13511842e-01 3.98991883e-01
    1.32701725e-01 4.35214907e-01 2.36647218e-01 8.83259356e-01
    6.43506646e-02 1.71268046e-01 9.20783281e-01 9.00680065e-01
    1.45724028e-01 8.87630761e-01 7.78641224e-01 4.24720436e-01
    3.70146632e-01 9.66234803e-01 1.08402312e-01 8.35332751e-01
    8.26743007e-01 4.74800169e-01 6.47106647e-01 2.82836348e-01
    3.07240993e-01 5.54012656e-01 3.87013644e-01 9.90892708e-01
    6.20580852e-01 3.93481165e-01 8.05041671e-01 7.45244861e-01
    9.90616083e-01 8.91878009e-01 3.03481340e-01 6.67339146e-01
    2.30549276e-02 9.16716456e-01 2.80444562e-01 5.87759197e-01
    6.35815740e-01 8.59518528e-01 2.77850270e-01 8.92205954e-01
    3.29835922e-01 3.26350540e-01 1.93808377e-02 1.19080782e-01
    4.63734090e-01 9.96267319e-01 1.80889636e-01 4.17177290e-01
    8.20910454e-01 7.47244954e-01 3.29410493e-01 4.79370773e-01
    2.19493926e-01 9.34229791e-01 7.55852044e-01 2.51050055e-01
    3.94305766e-01 2.10150868e-01 2.84762979e-01 6.94282949e-02
    3.83060098e-01 8.84912968e-01 4.16050673e-01 6.41276181e-01
    2.11926162e-01 4.37503815e-01 2.29052484e-01 9.17290330e-01
    2.98351347e-01 6.47393107e-01 9.01421905e-03 2.01588392e-01
    3.74477983e-01 1.65121973e-01 7.67143667e-02 4.98773843e-01
    3.61504376e-01 4.16583657e-01 6.32400513e-02 6.11533165e-01
    7.26047695e-01 6.71745777e-01 4.17070478e-01 1.63507968e-01
    5.57584643e-01 9.30025041e-01 1.01540446e-01 5.92671037e-01
    5.09661794e-01 4.37046409e-01 5.50678968e-01 9.04561639e-01
    3.73992682e-01 9.36017632e-01 2.98485577e-01 6.68952465e-01
    1.23526365e-01 9.97055471e-02 8.10680985e-02 6.10278845e-01
    5.69054782e-01 5.08828402e-01 7.03668594e-01 3.02090526e-01
    8.97492468e-01 3.02405030e-01 3.92689645e-01 3.37508082e-01
    7.21545815e-01 2.62509078e-01 1.76860154e-01 2.27833927e-01
    9.92004991e-01 3.22651714e-01 1.97536737e-01 8.50170374e-01
    6.02837205e-01 7.68932819e-01 9.46831048e-01 9.31497097e-01
    5.45226812e-01 6.13987923e-01 3.74668241e-01 6.75819099e-01
    9.71753359e-01 6.14460826e-01 5.53282440e-01 9.09089029e-01
    7.70169079e-01 8.78977537e-01 3.21860462e-01 9.19358850e-01
    8.19523990e-01 2.69806355e-01 6.89275265e-01 5.13258040e-01
    2.31268406e-01 7.77286291e-01 2.64430046e-01 1.48150921e-02
    1.83513075e-01 2.46263295e-01 7.24098563e-01 9.05685365e-01
    3.99664521e-01 7.72116244e-01 8.41167271e-02 1.82424247e-01
    4.62292016e-01 8.97485375e-01 6.58317804e-01 7.86732793e-01
    2.60761261e-01 9.60576952e-01 2.67022550e-01 6.51430786e-01
    1.82654858e-02 9.76976871e-01 6.32060409e-01 5.55617094e-01
    7.58751631e-01 4.56470281e-01 5.63130260e-01 7.42225409e-01
    9.43040967e-01 4.21003491e-01 3.07837039e-01 4.04852927e-02
    3.40990663e-01 4.43637997e-01 6.79199040e-01 5.42813361e-01
    6.28263712e-01 3.76498967e-01 9.05145407e-01 7.66940415e-01
    4.87547189e-01 6.56384706e-01 3.36155534e-01 1.45002156e-01
    8.07100296e-01 2.82608390e-01 4.36224639e-02 3.86243284e-01
    6.88966870e-01 9.61184204e-02 9.32865500e-01 3.85167599e-01
    4.79366481e-01 3.86775076e-01 6.13267124e-02 7.02136636e-01
    4.44782346e-01 3.94162536e-02 2.20471889e-01 6.31170928e-01
    8.13778937e-01 1.57715768e-01 8.90728176e-01 8.60892117e-01
    8.22415233e-01 5.72552979e-01 1.61473125e-01 9.05451298e-01
    7.48298049e-01 1.59170210e-01 5.78115344e-01 4.80452180e-02
    6.06579006e-01 4.35820669e-01 3.77322584e-01 3.96497667e-01
    2.12534964e-01 4.47238326e-01 3.35912228e-01 1.86431140e-01
    4.32833999e-01 4.66113776e-01 5.93679130e-01 8.49585533e-01
    2.75075704e-01 3.57259184e-01 2.87532806e-03 3.11009854e-01
    4.40063357e-01 2.21858442e-01 9.61829185e-01 5.53036928e-01
    6.29293323e-02 5.23588181e-01 7.69366384e-01 6.12055957e-01
    5.73900819e-01 1.42771512e-01 3.83868814e-03 1.97976381e-01
    5.40795982e-01 2.40856707e-02 9.29513156e-01 1.21129453e-01
    3.81585121e-01 9.15203094e-01 6.05583668e-01 2.78458476e-01
    4.76241648e-01 2.83440053e-01 8.56368303e-01 5.75032473e-01
    3.73283207e-01 1.24973953e-02 1.72631919e-01 5.96283138e-01
    1.13117486e-01 6.81418478e-02 6.14205360e-01 5.04718900e-01
    1.13933682e-02 7.04658687e-01 8.18098426e-01 3.97127926e-01
    6.02227688e-01 8.38704526e-01 7.04880118e-01 2.57486880e-01
    4.58788812e-01 8.10698807e-01 2.72465527e-01 3.87907684e-01
    6.99512243e-01 2.23610401e-01 1.25421554e-01 9.39980745e-01
    3.76214653e-01 6.46541655e-01 4.45261240e-01 5.80252826e-01
    1.44745260e-01 9.56582010e-01 5.58804333e-01 3.76936167e-01
    2.91425735e-01 3.45940441e-01 6.08753443e-01 1.78841949e-01
    9.02646482e-02 5.50141394e-01 5.41558385e-01 1.16647005e-01
    4.61292297e-01 1.21667415e-01 2.31923521e-01 2.16077894e-01
    8.39995265e-01 6.43264532e-01 8.69439483e-01 2.28780806e-01
    8.12607765e-01 3.64215791e-01 8.76480460e-01 3.10838401e-01
    9.60011899e-01 2.00865060e-01 1.85117662e-01 7.74010658e-01
    1.11698002e-01 3.47189188e-01 6.10434711e-01 4.91793334e-01
    5.60907722e-02 4.93483603e-01 1.93016261e-01 7.70983696e-01
    8.11992645e-01 8.51682186e-01 5.97786605e-01 5.71106076e-02
    2.08086550e-01 7.89449811e-02 3.61597270e-01 7.50394225e-01
    2.19535470e-01 2.61564136e-01 9.22663152e-01 4.46871072e-01
    3.15020531e-01 2.29052186e-01 2.27380633e-01 3.11012387e-01
    3.33062887e-01 1.21901095e-01 1.75289959e-01 8.86766553e-01
    4.16842580e-01 8.68412197e-01 3.27647686e-01 8.61691236e-01
    6.12671912e-01 2.64407545e-01 1.74334884e-01 1.61385179e-01
    2.38062501e-01 9.66025054e-01 6.92731917e-01 2.41703779e-01
    3.36888999e-01 8.51571560e-03 9.96454954e-01 1.09041661e-01
    1.31082445e-01 7.74093032e-01 5.17232716e-01 5.41847885e-01
    3.78375947e-02 7.98561454e-01 6.62643909e-01 4.34621781e-01
    5.59642196e-01 9.10037041e-01 2.69772977e-01 4.21094239e-01
    2.37838626e-01 7.28423953e-01 1.24315351e-01 5.53567052e-01
    6.28372312e-01 1.26827747e-01 9.49978232e-01 9.45237696e-01
    7.35424638e-01 2.05282480e-01 3.44117045e-01 3.83598208e-02
    9.66111004e-01 1.82712287e-01 4.76235390e-01 4.96903300e-01
    2.57796854e-01 6.54859364e-01 9.25883055e-01 5.17107904e-01
    7.15710521e-01 5.20813346e-01 7.64178276e-01 8.52448940e-01
    3.49364221e-01 5.60442686e-01 7.69716263e-01 7.30227113e-01
    3.03982496e-01 7.04914093e-01 6.01911128e-01 4.72970009e-02
    7.17059135e-01 6.12781584e-01 4.15132940e-01 6.38324738e-01
    7.07340658e-01 7.18331993e-01 1.90668255e-01 6.33016884e-01
    9.61269498e-01 3.12926471e-02 1.79559708e-01 9.77313995e-01
    1.19691968e-01 6.01005852e-02 4.76857930e-01 3.96557510e-01
    5.78595698e-02 2.31920183e-01 8.94647896e-01 8.40453684e-01
    3.87482285e-01 3.05636138e-01 8.61492872e-01 3.82974118e-01
    9.39073324e-01 7.51513124e-01 6.22110665e-02 4.25896943e-02
    4.05796170e-01 9.44909513e-01 1.08761281e-01 8.32529664e-01
    4.25784796e-01 7.22587109e-01 5.56636453e-01 6.94838881e-01
    8.54617178e-01 4.37593699e-01 3.94655228e-01 1.01633400e-01
    4.54385102e-01 7.77679861e-01 5.03223121e-01 9.77533460e-01
    7.51645803e-01 7.28413582e-01 8.69070530e-01 6.12376630e-02
    6.56428337e-02 2.91713655e-01 9.18166220e-01 5.20416439e-01
    8.25254798e-01 2.65442669e-01 4.72690582e-01 4.37871993e-01
    2.40624130e-01 6.82452023e-02 5.98333895e-01 6.85066462e-01
    4.95056391e-01 3.55186939e-01 6.77109361e-01 7.95663297e-01
    4.12249565e-01 5.92987180e-01 8.38496327e-01 6.29408002e-01
    7.91695356e-01 2.41494030e-01 4.13807601e-01 1.73530966e-01
    6.73714280e-01 9.98656154e-02 8.59891534e-01 2.96284288e-01
    5.95615089e-01 1.99031383e-01 1.78798199e-01 3.45916927e-01
    5.76447308e-01 6.71715736e-01 8.42490971e-01 1.56294972e-01
    3.02017629e-02 9.75133717e-01 4.61148918e-02 3.01967263e-02
    9.76621151e-01 1.76480412e-03 7.20254362e-01 8.08253884e-01
    7.64681995e-02 1.20911151e-01 3.08175683e-01 1.85320795e-01
    9.87673640e-01 3.55363250e-01 1.47007376e-01 9.65313256e-01
    7.04592586e-01 1.20276302e-01 7.07734764e-01 5.61036706e-01
    2.91413903e-01 3.76215786e-01 5.69359958e-01 8.07300568e-01
    2.85411775e-01 8.28551352e-01 9.65363860e-01 7.65146255e-01
    8.11478972e-01 8.97578120e-01 6.36990488e-01 8.10553670e-01
    9.76745248e-01 5.43239355e-01 9.39150453e-02 6.06504083e-03
    7.83479571e-01 8.66686106e-01 6.83307409e-01 1.28937960e-02
    6.84902668e-01 8.71623755e-01 9.40182447e-01 5.49230278e-02
    1.26345813e-01 4.74789053e-01 4.86765236e-01 8.92783284e-01
    5.64920604e-01 8.39755654e-01 5.75289547e-01 2.19498456e-01
    2.07947016e-01 4.08821404e-01 1.45906508e-01 7.86381602e-01
    9.67590570e-01 6.30783916e-01 4.44215536e-01 3.70199382e-02
    3.32172811e-01 9.77569878e-01 5.39966822e-01 2.59209514e-01
    2.70766735e-01 7.11896598e-01 2.05585629e-01 7.00057149e-01
    2.92023659e-01 4.17646110e-01 4.66208220e-01 9.37967181e-01
    6.91755295e-01 2.69694030e-01 7.74123788e-01 2.35448211e-01
    8.45983267e-01 8.56322527e-01 7.23006606e-01 6.81231320e-02
    2.75969148e-01 1.48720145e-02 3.53281856e-01 4.74185109e-01
    9.24395621e-02 9.06130672e-01 9.15713429e-01 1.07296973e-01
    6.20468795e-01 5.56785583e-01 2.50177443e-01 5.70729971e-01
    9.72059071e-02 5.53181350e-01 1.09421045e-01 3.75734806e-01
    4.96017873e-01 1.39981300e-01 3.77081066e-01 6.32597446e-01
    2.62033403e-01 4.74852771e-01 7.91241705e-01 1.13308430e-01
    4.60373491e-01 7.52291381e-02 1.46902025e-01 8.08318257e-02
    2.81612277e-02 5.42286813e-01 7.73797750e-01 4.37071025e-01
    5.22576869e-01 2.34035790e-01 6.23981774e-01 7.76248455e-01
    9.51232433e-01 9.53906596e-01 6.77468359e-01 5.19266486e-01
    2.49744922e-01 5.43976486e-01 4.90599692e-01 1.01864338e-03
    2.11837888e-01 7.49618828e-01 6.50199175e-01 4.24669683e-02
    8.86811376e-01 3.20667028e-02 4.15266454e-01 8.30783010e-01
    3.67332041e-01 1.45327836e-01 2.37395972e-01 3.48846555e-01
    1.20539993e-01 9.17878151e-01 4.34691250e-01 5.11866450e-01
    6.62049413e-01 6.33521080e-01 6.94133759e-01 2.22676098e-01
    6.10201299e-01 5.38023770e-01 9.27181661e-01 1.50898010e-01
    1.40618622e-01 2.56353021e-01 8.50691199e-02 5.53706884e-01
    2.91204035e-01 9.46366191e-01 3.97771984e-01 7.26625621e-02
    4.58615601e-01 2.74472237e-01 8.60722303e-01 8.25884104e-01
    7.80396581e-01 8.61635208e-02 2.14865685e-01 6.69256449e-01
    3.11622977e-01 8.64105105e-01 1.66289121e-01 5.41630983e-01
    2.69373357e-01 9.96348858e-01 4.11176980e-01 9.24249768e-01
    9.22326088e-01 3.05360675e-01 6.80112660e-01 2.75021374e-01
    8.34102452e-01 4.76369947e-01 7.61664510e-01 7.09849119e-01
    4.12065327e-01 8.29042733e-01 9.77458239e-01 2.87303478e-01
    5.38534343e-01 2.01854616e-01 3.61970067e-01 9.40137386e-01
    1.61372602e-01 5.55665433e-01 5.06960571e-01 1.01519346e-01
    8.63370836e-01 1.07974827e-01 8.82483721e-01 7.35018969e-01
    9.76647615e-01 6.79742336e-01 7.97251821e-01 6.34912670e-01
    9.91497636e-01 2.54677117e-01 4.88543481e-01 5.73147893e-01
    7.89202929e-01 6.31238520e-02 3.27552617e-01 6.36060774e-01
    9.02880430e-01 6.38922691e-01 7.31382728e-01 3.22949409e-01
    2.12798446e-01 6.72075748e-01 5.98555326e-01 3.02086055e-01
    4.06886578e-01 1.56347215e-01 6.65160000e-01 7.87521303e-02
    2.23383665e-01 9.68614936e-01 9.95817542e-01 2.41403103e-01
    9.21323061e-01 7.69799948e-01 8.97912621e-01 6.98062658e-01
    6.34286582e-01 2.96345592e-01 4.63844597e-01 4.98980850e-01
    1.84433997e-01 1.86218560e-01 2.94347346e-01 2.54551411e-01
    8.56561422e-01 2.44022220e-01 5.87461829e-01 3.89500767e-01
    3.19608897e-01 9.24845695e-01 1.72663927e-01 9.60345089e-01
    2.39869177e-01 4.70960498e-01 5.84074676e-01 1.76137567e-01
    7.02139735e-03 3.82734179e-01 1.33088291e-01 9.58629608e-01
    4.32058096e-01 2.89826095e-01 4.81474817e-01 2.43405342e-01
    9.69247282e-01 8.89940858e-01 3.37345898e-01 2.58646369e-01
    9.44155931e-01 2.83832997e-01 6.46520078e-01 1.16355717e-01
    5.17605841e-01 5.77338338e-01 4.72570658e-02 5.54973006e-01
    6.02676213e-01 2.48754948e-01 2.44825691e-01 2.27144957e-01
    7.80128837e-01 9.96177495e-01 5.57663023e-01 7.88912296e-01
    6.34108841e-01 8.15791070e-01 6.27983570e-01 5.64090669e-01
    3.23098719e-01 6.06511891e-01 3.22644174e-01 8.64414930e-01
    5.88980675e-01 7.96636045e-01 2.40505308e-01 5.11481225e-01
    8.63912702e-02 9.03259099e-01 4.73969281e-02 5.43634117e-01
    6.57777429e-01 5.62786400e-01 9.59296346e-01 6.12450361e-01
    3.46511841e-01 9.80744481e-01 1.24850303e-01 5.67625403e-01
    4.96619344e-01 4.53532606e-01 9.28360820e-02 8.95776391e-01
    4.26037759e-01 7.40526199e-01 6.62429929e-01 6.84488058e-01
    1.32398307e-01 6.43046498e-01 5.46349287e-02 3.43099803e-01
    1.42787069e-01 5.57004929e-01 6.69741035e-01 3.05711329e-01
    2.17659354e-01 6.56864345e-02 6.58615232e-01 1.20932460e-02
    7.45546997e-01 5.08943558e-01 4.91208702e-01 7.79940009e-01
    3.52515876e-01 3.94075066e-01 7.59893060e-02 6.08383656e-01
    7.93513656e-02 6.76833570e-01 5.58510065e-01 4.69297439e-01
    5.83361685e-01 8.38059247e-01 8.13729405e-01 9.34394121e-01
    9.48033571e-01 3.66051316e-01 3.37184548e-01 6.34724379e-01
    3.33662868e-01 1.32898837e-01 2.31102318e-01 7.29084551e-01
    8.36426973e-01 6.59773648e-01 5.07101297e-01 9.78828907e-01
    7.21223474e-01 1.10632718e-01 5.85773587e-03 4.78204727e-01
    6.46392703e-01 8.08299422e-01 6.64236903e-01 9.33722734e-01
    8.45969558e-01 4.01276767e-01 5.44332087e-01 9.17010605e-02
    8.14844072e-01 5.47307491e-01 1.66235864e-01 9.38823998e-01
    2.66010165e-01 9.69805717e-01 9.61712360e-01 2.77431995e-01
    5.80579638e-02 7.25777388e-01 8.81780624e-01 7.64957309e-01
    3.73350084e-02 2.09171951e-01 5.82140744e-01 8.89282227e-01
    8.03951263e-01 5.98007143e-01 9.38556075e-01 4.85732466e-01
    4.85601544e-01 6.65371597e-01 2.44251609e-01 1.58360064e-01
    7.63096094e-01 3.48599613e-01 3.19088757e-01 6.15355611e-01
    1.52505934e-01 7.17666626e-01 3.47458422e-02 9.05430079e-01
    8.90389383e-02 1.11190289e-01 9.14965749e-01 4.10684645e-01
    5.36054373e-02 7.58011878e-01 8.84528160e-01 9.42497551e-01
    9.28533912e-01 8.36527228e-01 8.01914811e-01 4.52952296e-01
    6.77320838e-01 9.37310457e-01 4.49843436e-01 3.49254459e-01
    9.01988268e-01 2.66357660e-02 3.22776079e-01 5.26437819e-01
    5.26244819e-01 4.66054678e-01 5.77613592e-01 5.23174345e-01
    4.51348007e-01 9.04706240e-01 6.65825367e-01 2.44648606e-01
    1.17694199e-01 4.97106135e-01 5.38092434e-01 5.73907673e-01
    1.78218484e-01 1.09195828e-01 8.29770684e-01 3.81052107e-01
    1.53380275e-01 3.16662490e-02 2.00363338e-01 7.05353022e-01
    7.16993690e-01 7.91647434e-02 1.68279827e-01 3.24074835e-01
    7.29735911e-01 5.71957529e-01 7.73872733e-01 5.57210922e-01
    8.85350943e-01 1.14028573e-01 4.15658474e-01 7.76859224e-02
    7.62569606e-01 7.84697413e-01 3.29168200e-01 9.13324535e-01
    3.06300223e-02 2.35444903e-01 1.69613808e-01 7.87255883e-01
    4.05313909e-01 5.69792509e-01 4.92777467e-01 9.50398386e-01
    1.83655053e-01 7.08285093e-01 4.54317361e-01 7.18650520e-01
    3.61565083e-01 9.97156620e-01 2.28114247e-01 5.46161592e-01
    6.38068676e-01 7.88352609e-01 3.34046841e-01 7.98537731e-02
    4.42781448e-01 3.68214309e-01 1.53567195e-01 2.96411544e-01
    4.26151842e-01 5.90692341e-01 2.04848170e-01 2.71776199e-01
    6.40643001e-01 9.79116023e-01 1.97110504e-01 2.58654058e-01
    5.97793937e-01 5.74726224e-01 7.46526361e-01 7.54565418e-01
    4.79542911e-01 4.11420494e-01 4.34661806e-02 8.38027060e-01
    6.74350142e-01 4.99517202e-01 9.16762590e-01 9.04865146e-01
    2.96558261e-01 2.71596938e-01 9.37844634e-01 2.15915263e-01
    8.51351321e-02 4.03883010e-01 2.57611275e-03 8.01915109e-01
    8.19711328e-01 9.87990558e-01 2.45888948e-01 3.90941471e-01
    7.58504272e-01 3.56607437e-02 7.36022890e-02 8.76313806e-01
    1.48831367e-01 3.70159745e-01 3.54157507e-01 1.09390885e-01
    2.25732297e-01 2.87962675e-01 7.11503565e-01 8.76503944e-01
    7.22112596e-01 5.65637350e-01 2.42431283e-01 4.48241740e-01
    4.27775919e-01 1.41592830e-01 9.58457649e-01 7.92474985e-01
    7.45672703e-01 1.91353858e-01 2.80743241e-01 2.65243351e-02
    3.39670777e-01 5.88195920e-01 9.56736803e-01 1.36715233e-01
    4.90088284e-01 4.28025842e-01 9.36221242e-01 4.13044930e-01
    1.32014960e-01 8.18302989e-01 1.97525918e-02 7.87846208e-01
    3.88161838e-01 2.89021522e-01 2.96689540e-01 8.42384994e-02
    3.06463361e-01 5.87558091e-01 4.83485311e-01 3.69859934e-02
    8.53443444e-02 3.84369045e-01 8.85451794e-01 3.77212614e-01
    9.70399499e-01 4.11399245e-01 9.13173676e-01 5.61366677e-02
    5.27644515e-01 5.47030926e-01 3.56481075e-02 5.87591887e-01
    1.00750744e-01 3.17116231e-01 8.65720391e-01 2.67534673e-01
    5.88307559e-01 4.67854381e-01 7.29293346e-01 6.28125072e-02
    2.97924936e-01 1.52038842e-01 8.31462443e-02 5.33310831e-01
    1.66274607e-01 4.15572941e-01 6.32858753e-01 3.45289409e-01
    1.42161161e-01 8.81334186e-01 3.94220054e-01 1.61086649e-01
    2.30967551e-01 8.30741882e-01 2.16049433e-01 7.94964314e-01
    7.83567011e-01 1.09775126e-01 4.65494603e-01 4.91789937e-01
    3.47147048e-01 3.17317247e-01 3.34768176e-01 8.32883954e-01
    1.72614545e-01 9.43101168e-01 7.35007048e-01 7.53359377e-01
    7.04035699e-01 8.71313691e-01 4.98417795e-01 5.50303817e-01
    5.71371555e-01 9.99772191e-01 6.20045006e-01 1.60900831e-01
    8.13349128e-01 4.67877239e-01 3.29987168e-01 6.36432409e-01
    3.62818778e-01 2.80545533e-01 2.19566971e-01 6.34885609e-01
    1.11503899e-01 8.86704922e-01 1.22144908e-01 1.77554607e-01
    2.39341259e-01 5.51555157e-01 1.10834122e-01 7.11155474e-01
    8.80846083e-02 7.61280119e-01 8.35062385e-01 1.10408157e-01
    2.22769380e-02 6.64244056e-01 9.14039016e-02 9.81090605e-01
    8.02284479e-02 3.01732987e-01 7.64000654e-01 3.82859647e-01
    2.29015291e-01 6.01732254e-01 1.89527750e-01 2.67813385e-01
    3.67348850e-01 2.72592962e-01 1.24753863e-01 2.56751269e-01
    6.25298619e-01 9.53764558e-01 6.83499515e-01 1.59759700e-01
    2.05927581e-01 3.11605692e-01 4.26334560e-01 7.89196253e-01
    6.72857106e-01 6.50945246e-01 8.99808109e-02 5.79988480e-01
    8.55231166e-01 7.55567312e-01 3.30774784e-02 6.27922773e-01
    7.33206809e-01 9.81693268e-02 5.39829969e-01 7.83638358e-01
    7.91937470e-01 7.91686773e-01 8.61110687e-01 4.79133099e-01
    7.73683667e-01 9.14834261e-01 6.24580979e-01 8.55424643e-01
    9.17538106e-01 9.25718725e-01 6.08129263e-01 7.31008887e-01
    3.73302817e-01 7.80227184e-02 4.20349419e-01 7.98541188e-01
    5.76006413e-01 7.30116010e-01 3.98785025e-01 8.83085132e-01
    6.23676360e-01 4.97435063e-01 5.89507461e-01 6.50325656e-01
    3.98462117e-01 9.81847763e-01 2.81249821e-01 6.41261399e-01
    8.28656554e-03 7.37043381e-01 5.72014809e-01 9.70258117e-01
    8.54692101e-01 7.03856111e-01 4.22342956e-01 1.31004453e-02
    5.14865100e-01 9.83188987e-01 8.17376137e-01 8.88751268e-01
    9.14118230e-01 4.38066602e-01 4.64963496e-01 8.89482379e-01
    6.00037217e-01 3.80736321e-01 1.49775863e-01 3.78653646e-01
    8.47900510e-02 3.55569571e-01 9.90658998e-01 9.50779915e-02
    8.24491739e-01 7.81125724e-02 3.35008979e-01 6.82724059e-01
    4.93680567e-01 3.42391282e-01 5.00283957e-01 7.54858315e-01
    6.70736670e-01 7.08250165e-01 5.62936068e-01 8.98395896e-01
    1.14822119e-01 9.93900299e-02 5.56768000e-01 1.56990945e-01
    9.42133665e-01 4.82841730e-02 5.77600420e-01 9.74066257e-01
    1.02473557e-01 1.09193623e-02 4.47412759e-01 9.69650805e-01
    9.88426805e-02 4.78559643e-01 7.98840523e-01 5.00941575e-01
    4.49039310e-01 6.22068048e-02 6.51844263e-01 6.07384205e-01
    2.50601411e-01 5.90990543e-01 2.26218700e-01 5.47951877e-01
    8.20793211e-01 1.68869406e-01 1.07971996e-01 1.44949943e-01
    6.83208585e-01 9.40068662e-01 6.50578618e-01 8.45093250e-01
    1.39318913e-01 8.40001941e-01 3.01254034e-01 9.92859483e-01
    3.16997468e-02 7.14837670e-01 8.80050063e-01 8.52326930e-01
    2.80582786e-01 6.92288935e-01 6.49455190e-01 9.63069081e-01
    1.02523863e-02 5.82375646e-01 7.51156092e-01 1.74902052e-01
    2.26127803e-02 8.86581659e-01 6.56432748e-01 3.18316877e-01
    2.17575312e-01 4.08482015e-01 4.42644209e-01 4.57328498e-01
    8.81225467e-01 2.22470254e-01 9.30138946e-01 6.18557334e-01
    5.18041253e-01 5.88686168e-02 1.16098464e-01 7.07331300e-02
    9.96730685e-01 1.63985819e-01 9.27778184e-01 6.29541576e-02
    4.38408703e-01 3.72598529e-01 9.43924785e-01 5.44333458e-01
    5.53089261e-01 6.26602948e-01 5.51656008e-01 3.16847026e-01
    9.33907986e-01 6.35364890e-01 5.83098233e-01 7.65508413e-01
    4.65272576e-01 7.08318412e-01 1.72204703e-01 7.14519560e-01
    3.95178258e-01 8.89100373e-01 6.01032078e-02 9.66171026e-01
    4.53153282e-01 9.40909922e-01 5.47273695e-01 3.83664250e-01
    6.50269270e-01 6.59723043e-01 7.76783824e-02 7.98346162e-01
    5.06481826e-02 3.66287321e-01 2.51846522e-01 1.23758852e-01
    9.94544387e-01 4.28640425e-01 8.45272839e-02 2.93794632e-01
    8.12260509e-01 3.21419239e-02 4.59050477e-01 3.95614833e-01
    7.09802628e-01 5.62501371e-01 1.76780879e-01 1.42903209e-01
    6.11736774e-01 5.30346632e-01 6.73560023e-01 8.25252414e-01
    1.47024304e-01 4.97185200e-01 9.86242652e-01 3.40788305e-01
    7.12947905e-01 5.00265002e-01 4.13678586e-02 9.96022105e-01
    3.64074081e-01 7.97492504e-01 2.54515916e-01 3.49286675e-01
    8.15605164e-01 7.25649595e-02 9.55085993e-01 1.84207022e-01
    7.77747571e-01 6.11316681e-01 2.38811970e-01 1.49233818e-01
    6.72210991e-01 2.64406741e-01 8.88736069e-01 1.46443874e-01
    5.34335554e-01 9.91668105e-01 7.05032229e-01 6.62428081e-01
    2.19248682e-01 2.81212568e-01 1.21708423e-01 5.01030028e-01
    4.19879198e-01 7.32029438e-01 6.19079351e-01 9.71355796e-01
    5.52461624e-01 6.09654069e-01 2.92464554e-01 9.53428090e-01
    5.99092126e-01 9.62824583e-01 1.66715533e-01 3.98300827e-01
    8.58573437e-01 5.08377016e-01 6.29080892e-01 6.57536685e-02
    2.22010612e-02 9.95192885e-01 9.42418337e-01 5.46223938e-01
    5.29911220e-02 3.41871381e-01 8.85716200e-01 1.05308115e-01
    8.45318913e-01 4.34635460e-01 8.05722952e-01 9.16129351e-02
    9.54761863e-01 8.78286123e-01 3.76775444e-01 1.78707331e-01
    3.15049142e-01 5.46180010e-01 5.00843644e-01 4.77915496e-01
    4.11978990e-01 7.08060563e-02 5.02208054e-01 4.87975776e-01
    1.07341975e-01 2.70568341e-01 4.81046438e-02 2.92295694e-01
    9.44682717e-01 1.30339831e-01 5.93012571e-03 8.79100084e-01
    3.53079468e-01 4.77395296e-01 5.47528267e-02 5.82362354e-01
    6.96861386e-01 4.01967585e-01 2.32145548e-01 5.13560832e-01
    4.07894790e-01 5.16590476e-02 8.21460128e-01 9.24921274e-01
    3.79484594e-01 3.33901614e-01 4.24150199e-01 4.35274392e-01
    5.67792654e-01 3.30240846e-01 4.80828166e-01 5.32461464e-01
    4.27415103e-01 3.45931679e-01 5.55342019e-01 3.13059986e-02
    3.07999432e-01 1.10237449e-01 6.41761303e-01 3.84172976e-01
    7.44782448e-01 7.23062634e-01 4.10475850e-01 1.72870845e-01
    4.77101594e-01 9.56609011e-01 5.56946158e-01 4.76510227e-01
    9.27693367e-01 2.05176502e-01 1.68470144e-01 4.43271697e-01
    6.12653196e-01 3.50290596e-01 4.51543123e-01 9.38803911e-01
    3.71013463e-01 6.56318367e-01 2.43811458e-01 3.76929820e-01
    6.16042852e-01 8.79204392e-01 4.38442945e-01 8.69428873e-01
    8.99251342e-01 2.50487387e-01 3.55129361e-01 1.31750226e-01
    1.45815283e-01 1.12064481e-02 1.68602765e-02 2.76367754e-01
    5.19209146e-01 4.81113076e-01 5.09040058e-01 1.43709481e-02
    4.54211503e-01 3.90178561e-01 8.61884952e-01 5.10580420e-01
    4.50732112e-01 9.95366335e-01 6.21587038e-03 4.63593811e-01
    2.99946368e-01 1.19669437e-01 5.08307219e-02 9.08859015e-01
    1.49596334e-02 8.87076318e-01 9.16301847e-01 6.85304463e-01
    7.96860218e-01 6.32748485e-01 1.59982443e-01 9.37463343e-02
    8.49790931e-01 6.39312387e-01 3.09190154e-01 6.79613829e-01
    1.34674281e-01 9.46756899e-01 5.07179499e-01 2.63579786e-01
    4.57401603e-01 9.11217690e-01 7.00851142e-01 2.29857504e-01
    6.57778680e-01 3.37084889e-01 6.82522953e-01 6.22963727e-01
    7.87224889e-01 3.33950758e-01 9.37551320e-01 6.58257008e-01
    9.95974779e-01 1.84245706e-01 1.81913942e-01 2.32495666e-02
    9.40778375e-01 9.37437832e-01 2.03200281e-01 6.49562657e-01
    5.22862077e-01 8.35511506e-01 4.61498976e-01 6.91142976e-01
    6.73973382e-01 5.80536425e-01 8.63301039e-01 4.43370283e-01
    6.79868162e-02 3.57391834e-02 1.60614938e-01 4.59439248e-01
    1.00965679e-01 3.28229696e-01 4.33553785e-01 9.22784209e-01
    2.56408453e-01 2.86578238e-02 5.11523128e-01 2.15120703e-01
    9.12488937e-01 9.86274362e-01 8.05139542e-01 8.82766366e-01
    1.57473505e-01 7.78553247e-01 4.13936377e-03 6.77395523e-01
    2.37639606e-01 4.95191187e-01 9.19199586e-02 4.30208087e-01
    7.09714293e-01 5.24356008e-01 7.80287087e-02 1.77914441e-01
    4.14372146e-01 1.21952683e-01 3.13972831e-01 3.33602726e-02
    6.59970701e-01 7.64613748e-01 3.52000713e-01 9.07534719e-01
    3.56321007e-01 7.38641262e-01 1.23394847e-01 1.32425338e-01
    4.18079764e-01 1.24100000e-01 7.77009368e-01 1.17605746e-01
    1.42948806e-01 5.15907407e-01 7.04603314e-01 6.77332759e-01
    6.73386872e-01 5.27285814e-01 5.14480293e-01 6.46052063e-02
    3.92361403e-01 4.84459579e-01 6.52719259e-01 3.10659528e-01
    7.72707343e-01 2.25046992e-01 4.56487149e-01 7.83346772e-01
    5.95556796e-02 3.02499503e-01 9.43818748e-01 1.94087029e-02
    1.09778523e-01 6.24644995e-01 7.57548213e-01 4.09423798e-01
    3.09766531e-01 2.21336633e-01 7.84125447e-01 7.00896382e-01
    8.28139365e-01 8.31224084e-01 6.51443124e-01 7.62382984e-01
    6.16512895e-02 5.49291730e-01 4.78388399e-01 4.10335541e-01
    8.31253290e-01 3.87689114e-01 7.87439227e-01 5.22206366e-01
    1.55157089e-01 7.26829171e-01 2.75741279e-01 5.12083352e-01
    4.21921432e-01 6.44351006e-01 8.71253967e-01 5.51676154e-01
    2.30556726e-03 6.11381531e-01 6.36122048e-01 2.61109769e-01
    6.79891944e-01 7.47268438e-01 1.13080442e-01 8.43543708e-01
    5.71894586e-01 5.03570437e-01 1.45487368e-01 7.18135774e-01
    3.20304751e-01 8.49144101e-01 4.23954636e-01 4.21220869e-01
    2.74691373e-01 1.11831784e-01 4.89870399e-01 4.16797698e-02
    7.94246435e-01 5.84735572e-01 6.92571640e-01 6.36912048e-01
    3.68327796e-02 5.54247677e-01 3.34924757e-02 1.69629157e-01
    2.59517372e-01 3.35048795e-01 3.50936830e-01 7.16056347e-01
    9.01786804e-01 4.48597103e-01 3.49206030e-01 4.78814512e-01
    1.02617592e-01 2.93360680e-01 6.86269283e-01 4.74527329e-01
    7.35092819e-01 5.94347715e-02 4.44610566e-01 8.17329049e-01
    8.76351237e-01 1.59317791e-01 7.70851254e-01 6.01079881e-01
    4.94900554e-01 3.02900344e-01 3.26345205e-01 6.82538152e-01
    8.29228759e-02 5.72093487e-01 6.61697507e-01 2.57498860e-01
    1.84844285e-01 1.29522175e-01 9.88237262e-01 7.16383517e-01
    5.60878277e-01 1.02563798e-01 5.15781045e-01 7.71860182e-01
    2.13237107e-01 9.61796582e-01 4.61980700e-02 4.28862602e-01
    6.58836842e-01 8.70022893e-01 7.73678899e-01 9.11454260e-02
    9.55267251e-01 3.49955857e-01 4.77222085e-01 2.64996290e-02
    5.33212066e-01 1.66364342e-01 1.53135329e-01 9.26142216e-01
    9.75021243e-01 6.22451365e-01 9.29117978e-01 8.38854790e-01
    5.65765977e-01 6.31932199e-01 4.38113272e-01 8.52028251e-01
    9.56804514e-01 1.26041502e-01 5.65597832e-01 4.12137747e-01
    9.24873471e-01 1.62448138e-01 5.29958606e-02 7.76778996e-01
    2.99058616e-01 4.99141812e-02 4.49271530e-01 5.97281694e-01
    9.02389765e-01 4.67314839e-01 6.84763432e-01 5.75975418e-01
    5.64376891e-01 2.43433774e-01 2.17105478e-01 8.03035975e-01
    5.75582743e-01 8.19608629e-01 3.23513120e-01 6.29311562e-01
    6.97087049e-01 1.82724923e-01 9.48537707e-01 3.71819377e-01
    5.64791262e-01 5.45263231e-01 8.16230774e-01 3.07364047e-01
    7.05281138e-01 8.45771432e-01 9.22855496e-01 3.68391216e-01
    1.78199977e-01 1.78639352e-01 7.90256560e-01 1.98537052e-01
    6.43778980e-01 5.08233905e-01 1.34512186e-02 9.06130552e-01
    6.48070753e-01 2.28243500e-01 1.39683962e-01 6.05053008e-02
    2.47436583e-01 8.57985258e-01 5.07743597e-01 9.36858773e-01
    6.59751475e-01 8.56834292e-01 2.33720183e-01 4.86812592e-01
    8.36070001e-01 3.03377360e-01 2.77477503e-02 8.80848229e-01
    1.10415190e-01 6.78406417e-01 5.40339649e-02 6.57387376e-01
    4.27335560e-01 8.56550336e-01 7.22447276e-01 6.35525584e-01
    5.87919176e-01 8.87655139e-01 4.19314563e-01 3.63405228e-01
    5.26474118e-01 7.51412153e-01 4.62891877e-01 9.19659615e-01
    4.57117409e-01 1.47312045e-01 5.74971557e-01 5.73828816e-02
    4.27144587e-01 4.02645975e-01 7.52740383e-01 1.52240694e-01
    7.03960121e-01 8.41444612e-01 1.19656205e-01 3.67369533e-01
    2.30878115e-01 4.39486504e-02 3.85207474e-01 5.24435341e-02
    8.34586620e-01 5.21382749e-01 4.17235792e-02 9.63865161e-01
    5.53983808e-01 2.10561246e-01 8.96969616e-01 7.09412515e-01
    4.74838048e-01 2.79293656e-01 4.88748968e-01 3.47786844e-02
    5.45511246e-02 5.60771823e-01 6.95885062e-01 2.14669704e-01
    6.49524808e-01 5.47093034e-01 7.60528922e-01 1.12465471e-01
    7.06971765e-01 9.96580303e-01 1.23943686e-02 3.98193479e-01
    9.24463272e-01 6.51031256e-01 5.99654555e-01 9.46243405e-01
    4.78569627e-01 2.45825410e-01 9.50053334e-01 9.50037301e-01
    7.25710988e-01 5.25814474e-01 1.29795253e-01 9.63296771e-01
    5.24685085e-02 8.06536317e-01 9.88622248e-01 8.04786205e-01
    9.90619659e-01 3.22057307e-01 1.95927173e-01 5.55370510e-01
    3.58142078e-01 4.37066555e-02 7.47262359e-01 2.45796651e-01
    6.20749772e-01 1.41828269e-01 6.47406876e-02 1.40578181e-01
    4.46048200e-01 9.73713756e-01 3.65254402e-01 9.63368714e-02
    6.38918519e-01 3.70646626e-01 5.87944686e-02 1.65236831e-01
    3.89885128e-01 8.93622279e-01 8.19711447e-01 3.54808390e-01
    2.81658471e-02 8.76888156e-01 6.02265716e-01 3.43101621e-02
    3.79265577e-01 3.11366200e-01 1.70575589e-01 2.14612067e-01
    6.76505923e-01 9.10007119e-01 6.89057112e-01 3.26526016e-01
    8.32219481e-01 5.59627771e-01 4.06811059e-01 6.58979297e-01
    2.30164111e-01 6.63185596e-01 6.32844925e-01 1.72490478e-02
    8.24010968e-01 1.56765491e-01 7.88248897e-01 9.48504210e-01
    6.77873850e-01 4.23518717e-01 3.34914327e-02 8.93472433e-01
    5.06025910e-01 5.51921964e-01 2.20585167e-01 3.38001192e-01
    5.11037707e-02 1.25716060e-01 4.02151108e-01 9.32855725e-01
    6.54766202e-01 2.40826458e-01 9.24375057e-01 6.75011516e-01
    7.35409737e-01 4.94904220e-01 2.36240804e-01 9.50175047e-01
    1.00516737e-01 9.04065132e-01 7.52823651e-01 5.74899435e-01
    7.55029321e-02 3.58158886e-01 3.75359803e-01 8.33282471e-02
    5.38955033e-02 7.74865746e-01 9.42929626e-01 4.99948204e-01
    9.73448277e-01 3.10454279e-01 6.68002427e-01 9.21634793e-01
    3.95709038e-01 8.02191198e-01 4.09970343e-01 2.20368892e-01
    2.19970465e-01 1.01743281e-01 3.50401253e-01 3.31896782e-01
    4.70780998e-01 1.61705941e-01 5.57414949e-01 4.18894559e-01
    4.47521150e-01 5.42050481e-01 1.54890120e-01 1.17773056e-01
    2.31694877e-01 8.86179447e-01 8.06220710e-01 9.35194194e-02
    2.09082246e-01 4.46059406e-01 6.51110411e-01 5.58785498e-01
    7.15746760e-01 3.75589907e-01 2.16875196e-01 4.00251687e-01
    4.09429491e-01 3.07404101e-01 3.67557645e-01 5.52721381e-01
    2.99230516e-01 2.86754072e-01 9.47466612e-01 4.65698212e-01
    1.52961016e-01 6.11163139e-01 6.49803221e-01 1.32318646e-01
    1.07998252e-01 2.08440751e-01 5.79365134e-01 4.56134260e-01
    5.75409293e-01 7.18881786e-02 5.03555119e-01 7.87890851e-01
    7.97957838e-01 3.21121544e-01 4.03826177e-01 1.08462512e-01
    9.77583528e-02 3.34369451e-01 7.22798169e-01 2.34503299e-01
    1.51957721e-01 2.72880793e-01 8.10910881e-01 5.24231017e-01
    7.02945292e-01 3.57549310e-01 1.80718720e-01 2.75753468e-01
    4.97262895e-01 9.22709048e-01 6.34084046e-01 3.04595858e-01
    6.20201826e-01 6.30610883e-01 1.60719395e-01 3.87291074e-01
    9.34074879e-01 5.42003393e-01 6.87011302e-01 3.92126560e-01
    6.77200437e-01 5.04315495e-01 5.53279281e-01 3.77055913e-01
    9.66707349e-01 7.67887592e-01 9.63881373e-01 7.60793567e-01
    2.47761607e-03 8.89294624e-01 1.08404070e-01 9.72885072e-01
    3.71339679e-01 7.40498900e-01 5.89067042e-02 6.30259514e-03
    4.57325041e-01 9.76546049e-01 7.37196863e-01 7.29679286e-01
    8.38699639e-01 1.30520731e-01 2.32147038e-01 5.92540085e-01
    8.62185597e-01 5.99319518e-01 3.66827756e-01 2.42757708e-01
    3.54898274e-01 4.61293101e-01 5.74907422e-01 8.52070689e-01
    4.73704785e-01 3.10733795e-01 8.72639477e-01 3.78969878e-01
    3.32780123e-01 8.85623217e-01 1.92799330e-01 9.02125478e-01
    2.85509735e-01 1.02196753e-01 3.15005213e-01 2.91289896e-01
    5.70207953e-01 4.28411603e-01 9.97112513e-01 9.39455509e-01
    4.19398427e-01 5.81176937e-01 4.72253531e-01 8.76466990e-01
    5.45726955e-01 3.48699391e-02 3.72700155e-01 4.45860624e-01
    2.59858727e-01 4.54191834e-01 3.43220353e-01 7.36583114e-01
    8.28688145e-01 7.55541325e-02 1.75129086e-01 3.92084420e-02
    1.70130283e-01 6.39084101e-01 7.75329530e-01 1.54253751e-01
    2.44476229e-01 1.25428826e-01 4.70848501e-01 2.23368466e-01
    2.65387297e-02 6.25723124e-01 8.37978363e-01 8.52197647e-01
    1.84613556e-01 8.61322999e-01 7.08587050e-01 2.70917416e-01
    9.23523903e-02 2.52309084e-01 8.50033402e-01 8.69714677e-01
    3.19924653e-01 7.74997711e-01 3.34393024e-01 5.13282418e-03
    2.92639852e-01 8.46631885e-01 8.03265929e-01 2.34025270e-01
    1.35331452e-02 4.87391353e-01 9.27337885e-01 7.41972327e-01
    5.50458133e-02 3.06510925e-02 6.89250410e-01 2.46271491e-03
    7.99548745e-01 2.62499094e-01 4.45558399e-01 7.02296734e-01
    2.12085664e-01 2.67259181e-01 5.84210813e-01 7.49942124e-01
    5.96672952e-01 6.15079701e-01 2.26677269e-01 3.38422000e-01
    6.64883494e-01 1.59629792e-01 1.07556790e-01 5.31107545e-01
    2.90674925e-01 6.00720167e-01 5.25321901e-01 7.36942589e-02
    5.58359027e-01 9.36627626e-01 4.40884531e-01 9.89965558e-01
    2.81611979e-02 3.59984756e-01 8.45647573e-01 5.50756276e-01
    8.07823777e-01 8.61556411e-01 9.68929827e-01 2.90413111e-01
    6.31781876e-01 3.78263414e-01 8.47215295e-01 6.80625141e-01
    9.50896382e-01 8.59037161e-01 9.26350474e-01 2.15925097e-01
    2.09924579e-02 9.09827590e-01 4.48933065e-01 1.35144681e-01
    4.26442772e-01 5.47145009e-02 2.92008936e-01 5.42571187e-01
    2.35824794e-01 1.39697343e-01 5.08516729e-02 6.89548671e-01
    9.85356867e-02 1.28873318e-01 7.49425769e-01 3.07387739e-01
    9.43009913e-01 9.02291238e-01 3.87761891e-01 3.05756330e-02
    3.62307012e-01 3.61784279e-01 9.90717709e-02 1.33493751e-01
    9.24155593e-01 3.17409784e-01 2.70730436e-01 6.74749911e-01
    7.26756334e-01 9.65404034e-01 5.21230400e-01 7.13577271e-01
    4.36237127e-01 1.03302926e-01 9.69707787e-01 5.05783856e-01
    8.00588846e-01 6.66546106e-01 2.08543003e-01 7.10182786e-02
    7.80615687e-01 5.52016258e-01 8.64805341e-01 2.91492224e-01
    8.08392286e-01 2.60520279e-02 1.92314982e-01 9.18629169e-02
    6.02510273e-01 8.03225398e-01 7.13428617e-01 2.11854011e-01
    2.06286609e-01 2.05648094e-01 6.71483696e-01 4.06041205e-01
    2.17848063e-01 3.84464502e-01 9.70508754e-02 7.78002083e-01
    1.04836851e-01 5.22016883e-02 9.34503317e-01 7.60631561e-01
    1.63384408e-01 2.12638408e-01 6.69061542e-01 7.61019349e-01
    5.19059420e-01 8.44946206e-01 4.98676002e-02 4.45732087e-01
    6.82529330e-01 3.10897052e-01 6.27200425e-01 4.88672197e-01
    1.52789861e-01 9.00229812e-02 5.49309492e-01 7.50429690e-01
    5.48160493e-01 8.53659332e-01 8.31312537e-01 9.65871334e-01
    1.18100196e-01 4.54219490e-01 9.12094414e-01 2.91246593e-01
    8.70531380e-01 5.22539258e-01 6.86845541e-01 7.27282345e-01
    8.16411138e-01 7.06215918e-01 5.57034612e-01 1.64662093e-01
    8.85905564e-01 8.15369368e-01 6.43060446e-01 3.81269366e-01
    2.18545020e-01 8.98368359e-02 3.12481314e-01 3.91121268e-01
    4.20632482e-01 4.35055733e-01 8.93787980e-01 8.41889083e-02
    8.18250418e-01 8.22714448e-01 5.08132696e-01 4.48236227e-01
    5.39709449e-01 8.27252746e-01 3.29000354e-02 4.56989735e-01
    2.80962050e-01 4.23643559e-01 4.98795390e-01 5.42904854e-01
    5.59232533e-01 2.57059246e-01 9.96853352e-01 9.72248435e-01
    3.23981732e-01 7.80683756e-01 4.40391600e-01 6.31534278e-01
    2.47219324e-01 5.28226733e-01 5.15994191e-01 7.74744928e-01
    1.01424158e-01 9.07891035e-01 8.69857728e-01 7.18797326e-01
    6.14885569e-01 6.22515678e-01 4.71390188e-02 6.57326877e-02
    7.26896524e-01 2.25566834e-01 9.60009396e-01 4.15939271e-01
    9.39748883e-01 6.59652233e-01 8.25608075e-02 4.74201500e-01
    7.69200623e-01 8.56294096e-01 8.70751858e-01 8.96672845e-01
    8.85206342e-01 5.08629024e-01 1.65978491e-01 5.01478434e-01
    5.27411997e-01 4.62250710e-01 9.73559380e-01 5.09398639e-01
    9.33970571e-01 2.46221721e-02 8.83286297e-01 9.88170624e-01
    3.19470137e-01 1.41590476e-01 5.27277410e-01 4.75489438e-01
    2.06296444e-01 3.74681413e-01 7.00346708e-01 7.42880046e-01
    7.93990672e-01 7.00275540e-01 2.05666035e-01 5.27526259e-01
    4.41107988e-01 5.91725945e-01 9.98303056e-01 1.22144103e-01
    6.09327614e-01 3.80720705e-01 6.18726671e-01 9.73388672e-01
    2.17685074e-01 4.94121969e-01 7.73609877e-01 9.09228623e-01
    5.13265133e-01 1.20195866e-01 8.33541274e-01 4.26968813e-01
    1.21672362e-01 6.89286053e-01 2.48677939e-01 2.88523436e-02
    1.64077878e-02 9.96058464e-01 8.02858353e-01 2.52161145e-01
    1.07967556e-01 9.89793301e-01 1.23634517e-01 2.37135291e-01
    4.88056242e-01 5.69906950e-01 3.33935678e-01 4.79773343e-01
    9.42835569e-01 2.77836740e-01 2.78808713e-01 1.17487252e-01
    5.11342883e-01 4.24714744e-01 8.28062057e-01 1.45216286e-01
    1.69680625e-01 7.79066384e-01 6.19519055e-01 8.67341876e-01
    9.82320309e-01 5.03168702e-01 9.00663137e-01 7.54056334e-01
    8.08720171e-01 9.11585212e-01 6.76893353e-01 7.40934074e-01
    6.62819982e-01 4.64688420e-01 1.37297690e-01 9.12165642e-01
    3.24762911e-01 7.42258549e-01 8.98399889e-01 9.96706784e-01
    7.06734359e-02 9.03913140e-01 6.33380473e-01 4.03931051e-01
    7.39760399e-01 6.59324527e-01 6.17757976e-01 8.95768225e-01
    5.60276926e-01 1.64404631e-01 6.94512546e-01 5.97482443e-01
    1.61907345e-01 9.38621461e-02 5.23479819e-01 2.02665925e-02
    7.83942342e-01 3.78934562e-01 6.31007135e-01 6.44712150e-02
    1.05267465e-02 2.83899486e-01 6.43011272e-01 6.81309521e-01
    9.93356586e-01 9.66747165e-01 5.24047792e-01 1.41023368e-01
    2.20652193e-01 5.82641959e-01 6.74793243e-01 3.60291898e-02
    1.99131101e-01 3.32840592e-01 9.36083555e-01 9.31982517e-01
    6.96538448e-01 1.29116535e-01 5.90535462e-01 7.06397295e-01
    1.32353991e-01 5.70667803e-01 9.40946817e-01 2.92764962e-01
    9.62123394e-01 7.38675773e-01 9.26052451e-01 3.15304458e-01
    5.83938003e-01 6.90966904e-01 6.71798170e-01 7.26325035e-01
    1.84578896e-02 4.52209115e-02 7.93083072e-01 1.35932207e-01
    4.21815306e-01 3.59050781e-01 4.43264663e-01 8.51285934e-01
    7.74075985e-01 6.88310862e-02 4.01624143e-02 8.93686354e-01
    1.68721914e-01 8.64926577e-02 1.81364119e-02 1.79359019e-01
    3.99098396e-01 8.30623984e-01 9.77855802e-01 6.92829967e-01
    4.78702486e-02 2.37502933e-01 7.04586685e-01 5.66500306e-01
    8.99390101e-01 1.65107012e-01 1.02437764e-01 3.59314322e-01
    3.75162035e-01 1.97392404e-01 7.81242549e-01 8.56455922e-01
    3.10273319e-01 2.80785322e-01 5.89558661e-01 5.58865190e-01
    5.55823922e-01 5.76848984e-01 4.25235391e-01 2.34435707e-01
    7.73875117e-01 6.16630018e-01 8.76228333e-01 4.57811415e-01
    3.67500305e-01 3.78794014e-01 7.39395022e-01 8.15838337e-01
    6.52185678e-01 9.51882720e-01 3.23577106e-01 7.83222020e-02
    5.83745360e-01 1.44016206e-01 2.60697484e-01 4.92193878e-01
    7.15169072e-01 8.57461393e-01 5.49952507e-01 7.96263516e-02
    1.87277794e-01 5.31313419e-01 2.92706966e-01 6.85539842e-02
    7.90993631e-01 3.07907701e-01 3.27966988e-01 7.38631964e-01
    1.46150291e-02 1.32658958e-01 6.77792132e-01 7.74965942e-01
    8.93680036e-01 3.01591158e-02 4.66934174e-01 2.67567575e-01
    1.51416302e-01 2.15516418e-01 1.10497415e-01 6.64171278e-01
    9.13858175e-01 4.97196704e-01 8.19105446e-01 2.08638817e-01
    1.81371748e-01 6.49099350e-01 6.55645251e-01 6.41700506e-01
    5.25030494e-02 1.20395720e-02 5.54246664e-01 7.43607044e-01
    8.37635696e-02 7.33295977e-01 7.12969542e-01 4.26374912e-01
    8.97148371e-01 5.12927890e-01 9.18656111e-01 2.88680255e-01
    3.89144123e-01 8.18003118e-01 4.74322855e-01 2.40685761e-01
    3.08824003e-01 5.89530170e-01 5.61320364e-01 1.04863763e-01
    8.47035646e-01 2.56603599e-01 3.38645905e-01 2.44582385e-01
    4.69042897e-01 3.96740079e-01 2.50309497e-01 8.00633430e-01
    7.80740261e-01 4.53759253e-01 4.31995004e-01 4.97072697e-01
    6.63944185e-01 8.23625267e-01 9.52093005e-01 4.91716266e-01
    8.10890198e-01 7.52943754e-01 5.59299052e-01 3.00683767e-01
    8.49655986e-01 7.48200178e-01 5.35706639e-01 8.72851610e-01
    9.46339130e-01 3.39174926e-01 1.09352410e-01 3.52582812e-01
    6.25146270e-01 7.14158654e-01 1.04479969e-01 7.89335251e-01
    9.89513278e-01 1.76183134e-01 4.50580865e-01 3.97153497e-02
    3.74036431e-01 2.35754073e-01 4.28956151e-02 4.38858926e-01
    3.16034853e-02 2.95593441e-01 8.67151856e-01 8.46658766e-01
    5.64957261e-02 4.89701957e-01 6.79676354e-01 4.99567628e-01
    4.85909462e-01 5.03215015e-01 1.43457919e-01 2.02001989e-01
    5.14579415e-01 6.68980181e-01 9.25630927e-01 3.07865560e-01
    7.36930192e-01 5.36220670e-01 2.66381085e-01 2.10447907e-01
    6.77437663e-01 6.74104929e-01 6.02772534e-01 1.07154846e-02
    7.88462818e-01 3.38633716e-01 6.52220845e-02 9.91134048e-01
    5.56210577e-01 1.81163669e-01 5.97208798e-01 5.49650073e-01
    6.60017729e-01 4.43890333e-01 8.91078591e-01 4.14320290e-01
    9.71237063e-01 5.17819107e-01 9.70167756e-01 7.39843786e-01
    5.14241993e-01 3.17792267e-01 2.68437684e-01 6.35603070e-01
    5.48921824e-01 6.09851062e-01 5.02313912e-01 2.42977232e-01
    5.04884601e-01 4.48790550e-01 3.85879695e-01 3.88076007e-01
    7.11469948e-01 8.08909357e-01 7.38168180e-01 7.49627233e-01
    9.18805659e-01 8.45245302e-01 4.63651091e-01 4.55616474e-01
    9.12534595e-01 2.20673382e-01 4.16924208e-01 9.23147261e-01
    7.35242128e-01 5.62544882e-01 1.94002002e-01 1.52843148e-01
    8.61623704e-01 9.37017083e-01 2.23756552e-01 5.44344604e-01
    6.10432446e-01 6.10439420e-01 4.02712524e-01 5.63126028e-01
    8.97495627e-01 1.31505102e-01 1.22453004e-01 1.63880467e-01
    7.10075676e-01 6.49088681e-01 1.21598214e-01 6.57983422e-02
    7.17667878e-01 2.79014707e-02 3.68604600e-01 9.78388846e-01
    6.07632697e-01 1.67475492e-01 8.64434123e-01 5.32707036e-01
    4.76287454e-01 8.74971390e-01 7.11225271e-02 4.57665771e-01
    1.38077974e-01 4.51378167e-01 6.06737137e-01 8.44045997e-01
    3.11484754e-01 4.74291503e-01 4.79011208e-01 9.57577825e-01
    3.10946941e-01 3.21640909e-01 7.38928258e-01 5.22327900e-01
    7.03431726e-01 2.41529465e-01 7.44594336e-02 6.99266374e-01
    7.93434620e-01 8.13154459e-01 1.61174327e-01 6.82423949e-01
    1.18630171e-01 1.22305840e-01 2.09078103e-01 2.34478325e-01
    4.20117706e-01 2.38950253e-02 9.69804108e-01 4.68225449e-01
    9.59633708e-01 4.56064463e-01 6.06406271e-01 2.40673572e-01
    8.90536904e-01 8.58186841e-01 6.53831422e-01 6.85792863e-02
    4.62805569e-01 1.51476413e-01 3.88331234e-01 4.85699981e-01
    2.79209822e-01 9.09786344e-01 9.33403015e-01 3.84618640e-01
    2.20513999e-01 1.72709018e-01 8.63712430e-01 1.10889196e-01
    5.58586180e-01 1.10697567e-01 9.09237981e-01 6.85845256e-01
    4.36902046e-03 7.91794240e-01 7.42363036e-02 2.62443334e-01
    4.41543132e-01 3.66272032e-02 7.68275261e-01 3.33920419e-01
    3.15545976e-01 5.47322690e-01 5.02449274e-03 2.66451478e-01
    8.91914070e-02 3.49589884e-01 3.41545522e-01 6.38782144e-01
    6.93255126e-01 6.14078879e-01 4.79180783e-01 1.33580923e-01
    5.98049283e-01 7.19844997e-02 7.16368318e-01 8.95163655e-01
    7.75980949e-02 8.06931138e-01 2.98268795e-02 8.99620175e-01
    5.49933255e-01 7.81378686e-01 7.26727903e-01 6.86686277e-01
    2.93199539e-01 9.72420216e-01 4.80743557e-01 4.05395776e-01
    5.38196862e-02 1.03380412e-01 2.14117557e-01 1.13813698e-01
    6.64324164e-01 6.92705035e-01 5.50508976e-01 1.66147053e-01
    5.87237716e-01 3.79208833e-01 9.77543473e-01 7.12210417e-01
    8.93163860e-01 3.75182807e-01 1.85767293e-01 2.25514442e-01
    6.07469380e-01 4.22416389e-01 9.99233723e-01 7.87354708e-01
    7.43519306e-01 1.07847422e-01 3.28949690e-01 5.06373644e-02
    1.53836548e-01 3.50893140e-02 7.89283395e-01 7.44826674e-01
    3.19307834e-01 2.53333688e-01 1.27607048e-01 8.11271966e-02
    2.27839947e-01 8.17759931e-01 6.64346695e-01 4.86821949e-01
    8.55090499e-01 1.67423666e-01 7.22367406e-01 3.00415397e-01
    9.86064911e-01 7.95307279e-01 1.94016665e-01 5.91538668e-01
    1.77566946e-01 9.19133484e-01 6.93863392e-01 6.65672958e-01
    8.21440339e-01 7.74408996e-01 7.15002298e-01 6.65545642e-01
    8.35932374e-01 8.17396522e-01 6.61302507e-02 8.44867587e-01
    2.58627236e-01 4.40974623e-01 5.88738978e-01 8.29734325e-01
    4.71261948e-01 8.09866190e-01 7.59956241e-03 6.44312382e-01
    8.97658408e-01 8.76976490e-01 8.25957060e-01 8.61298084e-01
    7.09166169e-01 9.70461726e-01 6.52169287e-01 3.47575665e-01
    1.81848347e-01 8.13499331e-01 5.73168516e-01 2.29210615e-01
    5.22198498e-01 8.10182214e-01 2.15907305e-01 8.45510066e-01
    7.03863740e-01 5.31501532e-01 2.56142318e-02 2.64664948e-01
    4.93424982e-01 2.08232909e-01 4.03856933e-01 4.91277695e-01
    9.16054845e-01 7.74273515e-01 2.13310897e-01 7.12400138e-01
    7.35594928e-01 3.25650841e-01 8.38720083e-01 3.06508601e-01
    9.99472141e-02 4.76340175e-01 2.51265407e-01 2.34808534e-01
    2.84056187e-01 7.21773148e-01 4.89843220e-01 1.18962198e-01
    7.33160675e-01 5.62697887e-01 6.10899270e-01 5.06938457e-01
    1.98114961e-01 7.71440148e-01 1.57464594e-01 2.59979546e-01
    4.28519845e-02 3.97212327e-01 6.42122388e-01 6.84293091e-01
    8.34803581e-01 2.51699984e-02 6.13211215e-01 6.92771792e-01
    7.90894508e-01 9.32848513e-01 5.56061149e-01 1.15925670e-02
    2.48239577e-01 6.95403993e-01 9.81119394e-01 5.59960842e-01
    5.89708388e-01 8.10590208e-01 7.15410590e-01 4.57531691e-01
    1.09262317e-01 6.06793165e-01 5.65122128e-01 1.07825160e-01
    4.02954876e-01 5.64979553e-01 5.51571369e-01 6.55366540e-01
    1.69595450e-01 2.04008818e-01 2.12764591e-01 4.33259368e-01
    6.73901320e-01 5.80378354e-01 6.09872818e-01 9.40248966e-01
    9.78162527e-01 6.46522999e-01 4.47692275e-02 3.53855133e-01
    7.23475695e-01 8.71901155e-01 9.99324918e-01 8.97767246e-02
    1.48029059e-01 2.66552269e-01 4.42670643e-01 8.57950687e-01
    2.07316220e-01 2.61189103e-01 6.14969850e-01 2.00003177e-01
    4.82045889e-01 8.22876871e-01 1.51911497e-01 1.60231858e-01
    6.35620654e-02 5.61578155e-01 8.20080638e-01 1.56228751e-01
    6.77758157e-01 3.00265610e-01 1.63765043e-01 7.58212328e-01
    5.65721869e-01 4.12230462e-01 8.92153978e-01 3.11028659e-01
    1.48566067e-01 3.99177909e-01 4.32192683e-02 6.20172918e-02
    4.53233391e-01 7.85981059e-01 5.67423701e-02 5.36354840e-01
    4.50762600e-01 4.74682450e-03 3.75235379e-02 1.02068305e-01
    3.64027679e-01 5.32869697e-01 6.73368871e-01 1.87206477e-01
    8.18118811e-01 5.13674915e-01 3.17990929e-01 8.69686425e-01
    7.11117268e-01 7.13493586e-01 9.85672474e-01 8.32389593e-02
    6.69986010e-03 4.96810466e-01 4.89520431e-01 3.60846877e-01
    1.66631341e-02 8.75309706e-01 6.26468658e-03 5.91885507e-01
    1.14297986e-01 7.92055249e-01 2.29667932e-01 3.30142170e-01
    7.26778209e-01 5.01586735e-01 9.08219218e-01 1.79173142e-01
    4.39918578e-01 5.70702910e-01 7.47415304e-01 6.25316858e-01
    4.09336984e-01 1.20279342e-01 6.85880065e-01 8.21970105e-02
    9.37224865e-01 2.82395244e-01 8.25295866e-01 4.23807263e-01
    2.84996569e-01 7.61608124e-01 8.10123146e-01 9.23470616e-01
    8.62674832e-01 6.51460230e-01 7.92937517e-01 3.16083491e-01
    1.38290137e-01 8.76607895e-01 4.09270823e-01 4.30264086e-01
    9.78981256e-02 7.04030752e-01 7.14772224e-01 5.71587563e-01
    8.43718767e-01 8.70912433e-01 4.20121014e-01 3.83131742e-01
    2.12219864e-01 1.37512833e-01 4.26415026e-01 1.59624875e-01
    8.44579935e-01 8.02735865e-01 5.52280784e-01 7.91385293e-01
    2.09838539e-01 3.94340158e-02 8.38820517e-01 1.19524688e-01
    5.99840105e-01 1.97480530e-01 8.39461207e-01 8.10852706e-01
    7.74282813e-02 4.49370891e-01 4.96661067e-02 1.84961736e-01
    1.45979524e-02 1.12510175e-01 4.45759773e-01 9.38146234e-01
    7.83411503e-01 1.28804594e-01 4.40511018e-01 1.53799951e-02
    6.95882261e-01 3.85478109e-01 6.63106322e-01 1.04789227e-01
    3.17732543e-01 4.08482522e-01 9.47238564e-01 7.59275973e-01
    5.63545644e-01 2.63763249e-01 4.57782149e-01 9.24995422e-01
    4.67298925e-02 8.29515338e-01 7.36223698e-01 3.34494829e-01
    8.74811769e-01 6.06597722e-01 8.01809549e-01 4.42136675e-01
    8.46519411e-01 8.67074966e-01 2.40368634e-01 6.69517875e-01
    1.79653436e-01 2.26898521e-01 8.13836515e-01 3.45091701e-01
    3.43092829e-01 3.64486396e-01 2.75852799e-01 2.80194521e-01
    7.19714999e-01 9.56490695e-01 8.45451951e-01 9.49951768e-01
    3.72384310e-01 6.66856170e-01 4.14387554e-01 5.40738225e-01
    3.23882699e-03 3.55736971e-01 8.63260031e-03 4.15989041e-01
    3.73652905e-01 5.66839516e-01 1.52582258e-01 7.88008809e-01
    8.92468333e-01 3.31371546e-01 8.59208643e-01 9.24665272e-01
    9.85714436e-01 2.37182766e-01 8.46216917e-01 7.24565089e-02
    3.16120803e-01 5.92417896e-01 9.61763024e-01 2.52559155e-01
    7.94299960e-01 2.06965506e-02 3.26013684e-01 4.90295291e-02
    6.73916459e-01 3.74661922e-01 1.56031340e-01 9.96483326e-01
    1.36994153e-01 5.89746654e-01 2.11406440e-01 3.13030779e-02
    8.43171477e-01 6.22203410e-01 1.31334424e-01 9.60475802e-01
    5.64882517e-01 3.24434847e-01 2.23697066e-01 4.47548300e-01
    3.50141406e-01 6.88957393e-01 2.63665617e-02 6.27337813e-01
    6.07090890e-01 6.56265318e-02 4.05130982e-02 5.82881033e-01
    7.98381627e-01 1.09104753e-01 1.82281464e-01 8.95252824e-01
    1.59746706e-01 8.58012736e-01 1.17028028e-01 3.71516645e-02
    1.00069672e-01 3.12551618e-01 2.68737227e-01 5.74934423e-01
    7.33258128e-02 9.75137413e-01 2.89362609e-01 7.25410998e-01
    8.36759210e-01 9.20077801e-01 6.25100553e-01 8.02498162e-02
    8.69650543e-02 2.20070481e-02 8.81236017e-01 7.47541785e-01
    3.09226722e-01 3.28154564e-01 9.85693634e-01 3.97352517e-01
    8.64062667e-01 3.14740986e-01 4.57834959e-01 2.01015443e-01
    8.28101158e-01 7.79104650e-01 2.21056819e-01 8.26786458e-01
    3.79139602e-01 3.11838388e-01 6.67380393e-01 9.20221388e-01
    2.72989631e-01 8.95224988e-01 2.19841152e-01 3.36262047e-01
    7.36843169e-01 3.02238464e-02 7.90548682e-01 2.65730739e-01
    8.09005618e-01 1.24042839e-01 1.88794643e-01 2.96460032e-01
    8.85616839e-01 4.53871638e-01 7.25970030e-01 9.18534875e-01
    4.68418539e-01 8.73455346e-01 7.19041348e-01 7.07449853e-01
    7.13065863e-01 2.28776723e-01 5.18332660e-01 1.91956222e-01
    5.99005938e-01 2.76476026e-01 2.22208172e-01 2.91556120e-01
    2.26105660e-01 3.41656148e-01 3.15449059e-01 8.60304236e-01
    9.57750440e-01 8.04574192e-02 1.20466411e-01 1.40699774e-01
    5.23368955e-01 1.26772493e-01 9.85240340e-01 9.83936548e-01
    5.56635141e-01 5.57523251e-01 2.48517126e-01 1.05811149e-01
    5.87367773e-01 3.86763662e-01 5.32021821e-02 8.66244674e-01
    5.44540465e-01 9.87853348e-01 5.66456318e-01 6.25981688e-01
    1.71064496e-01 3.77636105e-01 9.03938890e-01 7.20706522e-01
    2.57311106e-01 6.82770550e-01 7.30570316e-01 6.29576087e-01
    1.73969001e-01 2.89582670e-01 4.08199340e-01 9.51728523e-02
    8.97679448e-01 5.39711297e-01 7.89429069e-01 2.89188355e-01
    4.58892584e-01 7.71608114e-01 7.29834616e-01 7.36934304e-01
    4.52777416e-01 5.04889488e-02 5.55851936e-01 2.75169432e-01
    7.04442859e-01 7.23450184e-02 3.93590331e-03 5.51426768e-01
    8.46959651e-01 3.28425795e-01 2.01254785e-01 1.11098588e-01
    6.91870093e-01 8.38207006e-02 8.30121279e-01 2.25101769e-01
    1.21691912e-01 1.31920099e-01 6.52830482e-01 2.12310165e-01
    2.48022884e-01 9.35504079e-01 8.51550400e-02 8.91919911e-01
    8.26845646e-01 3.85275304e-01 5.26853800e-01 4.99443442e-01
    6.97033644e-01 8.05724382e-01 8.34342241e-01 8.00949275e-01
    4.96650964e-01 8.82811308e-01 1.93084806e-01 1.35827124e-01
    1.09390616e-02 9.98824239e-02 7.20702410e-02 3.82080495e-01
    5.92040002e-01 2.38519073e-01 7.02565074e-01 5.47844768e-01
    9.40910459e-01 1.71705961e-01 3.16825449e-01 6.59253120e-01
    6.36778951e-01 9.49884176e-01 2.66203284e-01 5.53732038e-01
    8.95583153e-01 1.66623354e-01 6.54277802e-01 1.07897520e-01
    7.46725440e-01 7.86317468e-01 4.28095877e-01 9.60780680e-02
    9.91434455e-01 9.74746168e-01 2.93678999e-01 2.90268242e-01
    1.12543672e-01 4.41778213e-01 6.86847985e-01 9.79796052e-01
    3.16385686e-01 7.06951261e-01 1.75490677e-02 6.69044495e-01
    1.20211035e-01 5.43821692e-01 8.47027540e-01 6.72211170e-01
    6.25989914e-01 4.87580001e-02 4.55294937e-01 3.51641595e-01
    1.51723176e-01 6.36970878e-01 6.53530717e-01 4.13127244e-01
    8.33297491e-01 5.21525323e-01 7.32172549e-01 3.08687329e-01
    8.84654641e-01 8.32333922e-01 8.68454576e-01 9.29101706e-01
    6.01715922e-01 2.05013961e-01 1.49096757e-01 4.25234258e-01
    8.74215961e-01 6.38018847e-01 1.92081034e-02 6.81089997e-01
    5.23926079e-01 4.20284271e-02 9.48254585e-01 3.77661169e-01
    3.50854814e-01 5.69755852e-01 7.94845045e-01 7.94163048e-01
    9.14409637e-01 8.22449803e-01 6.92243338e-01 2.44977683e-01
    4.13928390e-01 3.41381550e-01 6.88652992e-01 1.95814013e-01
    3.77258837e-01 9.26288664e-01 1.40048862e-02 1.62642151e-01
    7.60482311e-01 5.62808216e-01 6.84312105e-01 1.98117375e-01
    4.87586766e-01 3.32120180e-01 6.60847247e-01 7.27970719e-01
    9.87945914e-01 9.31474864e-02 6.00857139e-01 8.30512047e-02
    2.22984642e-01 7.44731307e-01 7.89251685e-01 6.20295286e-01
    8.04761529e-01 2.76404649e-01 3.68359983e-01 5.31774580e-01
    5.21039426e-01 2.46619880e-02 6.69661999e-01 8.32704604e-01
    2.40040660e-01 2.81378269e-01 4.50054765e-01 6.26208246e-01
    7.18136072e-01 8.14516842e-01 8.93688619e-01 8.13140154e-01
    5.54644883e-01 3.97686064e-02 2.25461692e-01 2.45984167e-01
    4.72982705e-01 3.23950380e-01 1.47173345e-01 9.05019522e-01
    2.12533683e-01 4.35825050e-01 2.86359102e-01 4.15129185e-01
    9.95219469e-01 8.13824534e-01 5.94092667e-01 4.95984495e-01
    2.97265828e-01 3.75348389e-01 6.21700883e-02 7.82512784e-01
    5.86176336e-01 2.11726695e-01 4.99504656e-01 9.54294801e-01
    1.03879958e-01 8.40586066e-01 9.16020036e-01 9.04044330e-01
    8.58288527e-01 2.96320766e-01 5.22644103e-01 4.86798048e-01
    7.90145516e-01 9.03812647e-01 6.60451531e-01 3.71746957e-01
    1.10948831e-01 6.57537818e-01 8.31137776e-01 4.67488706e-01
    8.17454219e-01 8.40018392e-01 5.98648608e-01 5.45427203e-01
    6.17984176e-01 5.34343719e-01 3.70141357e-01 1.91117257e-01
    2.59982586e-01 4.16326523e-03 7.67615855e-01 1.97518170e-02
    6.10009968e-01 6.82052851e-01 2.52522528e-02 4.63435292e-01
    7.21482575e-01 2.53130317e-01 5.97942054e-01 7.96901882e-02
    5.40531814e-01 1.33709610e-02 4.76130038e-01 3.26851070e-01
    3.03484768e-01 9.00462985e-01 5.59856236e-01 4.50639248e-01
    3.16824913e-02 7.50997663e-01 1.96893513e-02 3.47488493e-01
    8.69549870e-01 8.44812393e-01 6.36390805e-01 5.12301505e-01
    1.90193683e-01 2.43411720e-01 8.90021324e-02 2.80627906e-02
    9.63050961e-01 8.05328310e-01 9.97562528e-01 5.43427229e-01
    3.84594142e-01 1.07657284e-01 7.27375448e-01 4.69297022e-01
    5.60972333e-01 8.89095664e-01 2.94687271e-01 3.28757763e-01
    4.27684993e-01 8.79056513e-01 1.28229141e-01 7.59236455e-01
    7.29044557e-01 7.54732728e-01 4.92401868e-01 6.64679229e-01
    4.06084359e-02 7.23411441e-01 6.79601908e-01 7.25850463e-02
    9.62579131e-01 8.34533811e-01 7.56750822e-01 3.69705796e-01
    3.28312516e-02 6.70843959e-01 5.73224723e-01 8.27291965e-01
    5.98463118e-01 9.27201509e-01 4.82935369e-01 5.24390042e-02
    2.91070849e-01 3.42315733e-02 3.39137197e-01 2.15038121e-01
    1.74503058e-01 7.32258439e-01 4.12211418e-01 3.05918634e-01
    5.29005766e-01 8.04781258e-01 3.00544381e-01 5.47347784e-01
    5.98232746e-01 4.81511712e-01 2.63520747e-01 8.77632022e-01
    9.74093080e-01 9.32778358e-01 2.72383988e-01 8.28532279e-02
    6.05694652e-01 6.32892609e-01 7.13029087e-01 5.35627127e-01
    1.06422544e-01 9.76551652e-01 6.99398994e-01 6.20209336e-01
    4.55282032e-01 2.68361986e-01 7.03630686e-01 1.41244829e-01
    2.82203734e-01 2.24115431e-01 2.23386735e-01 1.19780898e-02
    6.78826451e-01 4.68716502e-01 1.45686686e-01 9.50560629e-01
    1.01006031e-01 4.04093504e-01 7.06781745e-01 6.36857152e-01
    5.50193310e-01 6.46679103e-01 7.43105173e-01 5.20610750e-01
    6.36372983e-01 9.56060112e-01 2.48722821e-01 8.57221901e-01
    1.09014511e-02 1.67021394e-01 7.26309896e-01 1.23833925e-01
    1.09344721e-02 4.18349802e-01 5.31325638e-02 9.35868263e-01
    8.89651418e-01 2.27712691e-02 4.15533334e-01 8.07451487e-01
    1.89141959e-01 8.73106480e-01 3.39905024e-02 2.22999156e-01
    6.54519200e-01 5.41952550e-02 3.20819080e-01 9.68923688e-01
    2.58732319e-01 9.65694666e-01 3.27961057e-01 6.19341791e-01
    9.03317451e-01 6.16541207e-02 4.78812635e-01 9.01750326e-01
    4.97926921e-01 2.16472507e-01 6.38499141e-01 4.94691044e-01
    6.13386273e-01 5.75171769e-01 4.91644353e-01 9.52921689e-01
    5.64406812e-01 9.67223644e-01 1.27073139e-01 9.12479758e-01
    4.95847583e-01 4.96013939e-01 8.23012769e-01 7.95627832e-01
    8.01481485e-01 6.90584421e-01 5.19832611e-01 1.34227961e-01
    4.22331899e-01 7.12365568e-01 3.57688606e-01 8.11041236e-01
    9.36834812e-01 2.40981698e-01 8.43683779e-02 9.96978998e-01
    9.37752604e-01 5.54693878e-01 1.14513099e-01 3.00411463e-01
    7.80809581e-01 9.59536910e-01 7.94788957e-01 9.63887691e-01
    6.11051142e-01 9.72458363e-01 4.67459798e-01 8.66754413e-01
    5.28496385e-01 3.75822484e-01 2.82057285e-01 8.76211524e-01
    6.10930145e-01 2.50023723e-01 8.05093527e-01 1.42247826e-01
    1.94088787e-01 5.91215312e-01 7.10051537e-01 3.29229474e-01
    2.24759132e-01 9.75992560e-01 5.81061661e-01 9.01725531e-01
    2.91921377e-01 3.89974743e-01 9.89044845e-01 7.97582507e-01
    5.92645764e-01 2.02791452e-01 9.63133931e-01 7.02779889e-01
    9.80872214e-01 2.06899673e-01 7.21872747e-01 9.46267366e-01
    7.06317067e-01 8.05349112e-01 7.04487562e-01 8.05669308e-01
    9.57722902e-01 6.35986030e-01 6.24331415e-01 8.59688222e-01
    1.05868340e-01 9.69643354e-01 5.74758053e-01 8.16698670e-01
    6.38972521e-02 6.95540905e-01 9.80604589e-02 4.36534256e-01
    4.84739125e-01 2.20756531e-02 7.74420083e-01 4.47942376e-01
    7.71671176e-01 3.53495121e-01 5.30308068e-01 2.22057641e-01
    9.98711944e-01 1.86331272e-01 3.95806104e-01 2.52608716e-01
    5.21351874e-01 5.20157218e-01 6.47081137e-02 6.44242525e-01
    6.69836640e-01 5.81627011e-01 1.66892081e-01 3.95447910e-02
    3.66683960e-01 2.02875346e-01 6.41681075e-01 1.10211849e-01
    7.09853590e-01 4.73847598e-01 6.47637546e-01 6.39448524e-01
    2.13599503e-01 1.82744056e-01 4.46746051e-01 8.83365989e-01
    9.03599977e-01 5.10980666e-01 4.33748156e-01 5.70746303e-01
    1.74869090e-01 5.27775824e-01 4.10529375e-02 4.07516956e-01
    2.55794823e-02 7.92743206e-01 7.86172509e-01 3.90294224e-01
    7.81693459e-01 8.69585872e-01 9.68678415e-01 7.49038160e-01
    7.61630356e-01 7.04941690e-01 9.92966533e-01 4.53456908e-01
    3.28492820e-01 7.67596006e-01 1.82630479e-01 2.62883484e-01
    8.03162873e-01 1.94238693e-01 5.96548080e-01 1.01538092e-01
    3.19832563e-02 1.29955471e-01 4.40245479e-01 2.69482464e-01
    4.42419916e-01 4.63251561e-01 6.17587566e-03 4.41267133e-01
    6.17385745e-01 5.88576496e-02 3.19342196e-01 8.18261087e-01
    3.74039024e-01 3.35576713e-01 7.73056567e-01 5.55512607e-02
    2.67718077e-01 6.21920049e-01 6.36184514e-02 7.29443491e-01
    9.63768661e-01 1.59945190e-02 4.95687872e-01 6.21408343e-01
    2.04377323e-01 3.77082467e-01 5.13092279e-01 2.16651976e-01
    9.50163901e-01 1.40114635e-01 2.86492288e-01 2.51592278e-01
    6.45134747e-01 8.25173020e-01 7.64554620e-01 4.07556087e-01
    3.41065228e-01 5.24458408e-01 8.89888763e-01 1.64171815e-01
    7.16395319e-01 2.43796468e-01 2.22436249e-01 6.58367991e-01
    4.58750963e-01 5.16044736e-01 2.17467725e-01 6.76023066e-02
    2.72775024e-01 3.54765356e-01 2.12199181e-01 4.94577944e-01
    3.71296406e-02 4.31061029e-01 4.61025506e-01 1.77682191e-01
    6.26955271e-01 2.34146416e-01 3.77541184e-02 5.47726154e-01
    9.25074935e-01 1.97380513e-01 1.57570630e-01 7.98194647e-01
    2.34443694e-01 5.27920783e-01 5.81603885e-01 8.08468699e-01
    2.47745454e-01 3.39122117e-01 8.10983896e-01 9.01878595e-01
    6.39650464e-01 6.50598288e-01 3.83206874e-01 2.37613857e-01
    3.63934040e-03 3.27886909e-01 7.56690681e-01 4.03158963e-02
    3.86433661e-01 4.76792455e-01 3.24608862e-01 2.33620703e-01
    7.17348099e-01 5.16785264e-01 8.94698024e-01 1.06867313e-01
    7.70641804e-01 5.83490849e-01 2.33504772e-02 2.51521319e-01
    2.52855837e-01 7.71265030e-01 8.36669922e-01 1.45823687e-01
    1.22554719e-01 9.26951885e-01 7.50348210e-01 2.55345672e-01
    3.63717943e-01 7.90987015e-01 3.50908697e-01 1.37897313e-01
    4.09018099e-02 7.63072371e-02 9.30229425e-01 6.41315818e-01
    3.67836654e-01 3.37991387e-01 2.50899583e-01 2.44808376e-01
    9.37256277e-01 8.68669510e-01 4.13169116e-01 1.35156214e-01
    2.73040026e-01 6.65629387e-01 1.75207198e-01 3.11037958e-01
    3.24638784e-01 9.75566745e-01 3.06852847e-01 8.22225630e-01
    6.50163531e-01 2.56417006e-01 7.48511732e-01 4.95754361e-01
    7.77345002e-01 5.60540915e-01 3.25897932e-01 8.71756434e-01
    2.18285114e-01 1.55225128e-01 5.58372915e-01 7.67544389e-01
    3.16098273e-01 9.14041758e-01 6.27539158e-01 3.98946255e-01
    2.21269578e-01 9.79903460e-01 9.90493238e-01 8.97111356e-01
    1.79487139e-01 8.12108874e-01 5.29069543e-01 7.14809835e-01
    4.24671829e-01 3.84394795e-01 4.52394009e-01 2.31942862e-01
    6.73288941e-01 5.55640638e-01 8.48294795e-01 9.26684260e-01
    7.97993362e-01 6.02309167e-01 7.35705614e-01 8.12675476e-01
    2.27215141e-01 1.89126015e-01 4.70457017e-01 4.68625218e-01
    3.42277437e-01 6.07952476e-03 3.74024391e-01 3.08064878e-01
    1.29797816e-01 8.54732275e-01 3.80918205e-01 2.04906821e-01
    1.96166009e-01 2.30137885e-01 6.92161560e-01 7.73556650e-01
    8.99187922e-01 9.11135674e-01 6.05854392e-01 5.62491953e-01
    3.18457186e-01 4.77996469e-02 4.32967335e-01 1.02858573e-01
    4.25671339e-02 9.39380407e-01 9.36796725e-01 4.16402698e-01
    8.33871603e-01 1.58101320e-04 8.07913303e-01 8.98516059e-01
    6.37401640e-02 9.71733451e-01 1.40497535e-01 5.56314290e-01
    7.34018207e-01 7.35699296e-01 8.79458785e-02 7.28787780e-01
    6.92785978e-01 4.97170985e-01 7.33569980e-01 6.00156605e-01
    8.14892173e-01 7.99011111e-01 4.78752851e-02 2.00519204e-01
    7.84766436e-01 5.46314478e-01 9.21208620e-01 5.68419576e-01
    1.72394961e-01 9.04294252e-01 3.47476959e-01 9.98170137e-01
    2.14080960e-01 5.87996125e-01 7.40636706e-01 7.63302445e-01
    3.34283590e-01 2.36988574e-01 9.71775353e-01 4.64971244e-01
    8.08989644e-01 9.05231595e-01 7.35919118e-01 8.45716596e-01
    7.93271124e-01 1.67756081e-01 1.30689442e-01 5.20230114e-01
    3.84950638e-01 9.93101597e-02 7.56852150e-01 2.15117455e-01
    4.44606304e-01 8.48488212e-02 4.68508929e-01 5.88229656e-01
    7.69171000e-01 5.66114187e-02 8.04488301e-01 9.54895139e-01
    5.44049561e-01 5.56387722e-01 6.88139737e-01 7.30183959e-01
    2.34533548e-02 2.45136291e-01 1.27398670e-01 3.24417323e-01
    3.07764977e-01 5.31854331e-01 9.73710656e-01 1.75320625e-01
    3.76745462e-01 6.48903608e-01 8.96097302e-01 8.62431288e-01
    9.42642570e-01 1.16005838e-01 3.31991076e-01 1.37572616e-01
    1.63553268e-01 4.97275680e-01 4.83064651e-02 2.36842930e-02
    8.99066567e-01 6.98870420e-01 9.97545958e-01 8.15320849e-01
    3.50288093e-01 3.99411023e-01 1.07047766e-01 4.00248885e-01
    5.16084075e-01 1.89009935e-01 9.63865697e-01 5.32913923e-01
    9.20032740e-01 9.90356088e-01 8.57096434e-01 1.54889524e-01
    3.10622364e-01 1.20236486e-01 4.60409820e-02 5.02137423e-01
    2.62719631e-01 5.08843482e-01 5.37194729e-01 8.57796967e-01
    6.08842969e-02 9.48307633e-01 9.21790361e-01 6.43274605e-01
    6.78775907e-02 2.80841947e-01 7.60250151e-01 1.65904880e-01
    5.88617384e-01 9.04440999e-01 4.42698777e-01 7.09459901e-01
    9.08551216e-01 3.86327565e-01 5.48941255e-01 6.06157660e-01
    3.32168519e-01 4.62323934e-01 9.37314451e-01 3.48368764e-01
    5.44947982e-01 2.09399909e-01 3.89070809e-02 9.93391573e-02
    8.50820959e-01 6.59573615e-01 1.92728102e-01 2.49896467e-01
    3.75016928e-02 2.88410455e-01 3.28170657e-01 6.66766822e-01
    7.55423188e-01 1.41512156e-01 6.57668591e-01 1.39025450e-01
    4.83685970e-01 6.79630101e-01 6.24157369e-01 8.36279511e-01
    5.83650947e-01 8.20828855e-01 4.23338950e-01 3.63921016e-01
    6.34861052e-01 5.65437078e-02 3.63385677e-01 1.12341881e-01
    9.39866900e-02 4.83934283e-01 6.44772470e-01 3.79372030e-01
    6.11004055e-01 9.20186996e-01 2.59406656e-01 8.34492922e-01
    2.74424255e-01 9.03219163e-01 4.24588978e-01 6.50883615e-02
    5.43797612e-01 8.84302437e-01 7.82886147e-01 3.47298384e-01
    7.50460684e-01 6.82890117e-01 1.77561045e-01 3.75031382e-01
    5.74553072e-01 6.63377702e-01 1.76636189e-01 6.35914743e-01
    4.88428473e-01 6.44635916e-01 6.04609489e-01 4.64681357e-01
    6.50816679e-01 1.04353815e-01 5.11124730e-03 8.91478837e-01
    9.57668662e-01 5.83713710e-01 6.07341528e-01 7.76911497e-01
    7.80888796e-02 2.27285534e-01 4.44007874e-01 2.62583673e-01
    5.43079674e-01 2.78987616e-01 3.49024296e-01 1.83767051e-01
    8.27092052e-01 8.76209617e-01 4.63705778e-01 6.94818020e-01
    6.49856269e-01 3.61019671e-02 3.78813982e-01 1.84667110e-01
    6.34410143e-01 1.42821908e-01 9.27321911e-01 4.17106926e-01
    1.54892117e-01 9.27318156e-01 6.74277782e-01 2.59616375e-02
    1.15756601e-01 8.10358644e-01 9.81414080e-01 4.30344641e-02
    4.40895945e-01 5.71402371e-01 2.39223570e-01 8.52328539e-03
    9.83516455e-01 4.59411472e-01 5.43980360e-01 1.81916058e-01
    8.30291688e-01 2.21489131e-01 8.76374125e-01 5.71648061e-01
    7.65374303e-02 1.20577276e-01 7.42701173e-01 1.10712737e-01
    7.37844408e-01 8.07181239e-01 2.88074195e-01 5.90437949e-02
    3.30210209e-01 9.89742517e-01 8.37296903e-01 6.43782496e-01
    8.27191710e-01 5.90343118e-01 1.17173374e-01 3.18699777e-01
    1.57534897e-01 1.43552125e-01 2.37389654e-01 1.62231624e-01
    5.66947281e-01 2.54616499e-01 2.93549746e-01 5.69060802e-01
    5.40899515e-01 8.40895176e-02 7.79563189e-02 3.68527591e-01
    8.45427334e-01 8.66565108e-02 4.60864633e-01 2.84690529e-01
    5.00127375e-01 1.48474753e-01 7.20487237e-02 6.20517254e-01
    3.41585368e-01 3.02290320e-01 3.41323018e-03 7.67387033e-01
    7.70394266e-01 4.05776262e-01 3.14676821e-01 9.49201882e-01
    1.33947283e-01 2.61257112e-01 4.27153945e-01 8.99620771e-01
    8.39911699e-01 2.85744250e-01 2.67967582e-03 9.02318239e-01
    7.97045946e-01 7.81049728e-02 8.90175045e-01 1.60352290e-01
    7.01909542e-01 1.00647688e-01 6.83714688e-01 7.31495738e-01
    4.25714016e-01 6.23330474e-01 3.21423471e-01 9.31017160e-01
    7.40381718e-01 4.14592326e-01 7.14475989e-01 2.53395736e-02
    4.19184417e-01 4.28185284e-01 7.23553002e-01 4.79294330e-01
    4.11725134e-01 1.57195240e-01 4.42133546e-02 2.90136337e-01
    5.58784544e-01 6.18007600e-01 2.52395868e-01 5.71108758e-01
    1.12773955e-01 5.78831077e-01 1.83589906e-01 6.84123337e-01
    6.67458475e-01 8.85332704e-01 2.85231173e-02 7.46157765e-01
    5.84889352e-01 4.95699078e-01 3.90366226e-01 9.71544623e-01
    7.14260221e-01 5.98173976e-01 8.37315798e-01 8.74641538e-01
    8.72507215e-01 6.45134091e-01 3.67410481e-02 7.39104450e-01
    7.43044317e-01 3.83611113e-01 1.89128935e-01 8.77227068e-01
    3.38683128e-02 6.01055622e-02 1.89779103e-01 4.48127687e-02
    3.91358525e-01 8.11867476e-01 5.38064301e-01 6.61517084e-02
    8.33581090e-01 4.69179422e-01 3.80958021e-01 6.24823272e-01
    5.15453219e-01 2.41014183e-01 8.95002604e-01 5.84681332e-01
    6.20503545e-01 3.69401693e-01 7.74257779e-01 8.26969206e-01
    8.30819786e-01 7.79090285e-01 1.56552196e-01 6.29083693e-01
    4.53532696e-01 6.82877004e-01 2.36171186e-01 2.03735858e-01
    1.57066494e-01 6.83352768e-01 8.44326735e-01 7.90874600e-01
    2.59959757e-01 2.49335766e-02 9.31344807e-01 7.20401764e-01
    6.14809275e-01 8.60624313e-02 9.05626357e-01 3.49205494e-01
    1.16850227e-01 3.01531971e-01 6.58913136e-01 2.86560714e-01
    9.53618288e-02 8.58182609e-02 4.81841624e-01 7.16356695e-01
    6.77197874e-01 1.13151342e-01 5.13681948e-01 3.01324993e-01
    1.76252753e-01 2.89329052e-01 6.98533297e-01 4.37109053e-01
    8.44851375e-01 8.14243436e-01 5.26467562e-01 7.25148022e-02
    6.17285371e-01 6.70604408e-01 2.27600455e-01 7.84509420e-01
    1.35545611e-01 4.49026376e-01 1.91581428e-01 8.62312853e-01
    4.81040955e-01 6.32753074e-01 5.22294044e-01 2.65014589e-01
    3.65229905e-01 8.83716822e-01 2.57666022e-01 8.09603572e-01
    2.40656883e-01 4.86980766e-01 8.52549314e-01 3.82438272e-01
    3.54763210e-01 3.15250009e-01 2.97722191e-01 1.38256639e-01
    9.84879136e-02 5.33239663e-01 1.50484920e-01 3.07093561e-01
    8.84604812e-01 7.16580391e-01 3.29202294e-01 4.47028160e-01
    1.21390730e-01 2.30182528e-01 7.51025379e-02 7.67803550e-01
    7.38687038e-01 7.13313401e-01 8.94935250e-01 2.85359502e-01
    1.56985372e-01 1.05924189e-01 3.84921998e-01 2.68454611e-01
    8.10759068e-02 9.37623203e-01 9.94346380e-01 4.90460843e-01
    7.01879144e-01 8.40066791e-01 1.77076846e-01 2.88198948e-01
    5.04853785e-01 7.19798565e-01 6.18669271e-01 7.09205449e-01
    2.98525929e-01 5.00862181e-01 2.14626282e-01 5.04149079e-01
    3.36070061e-01 2.65633672e-01 8.11827362e-01 4.78515714e-01
    3.37816894e-01 5.54586291e-01 1.46096945e-03 4.77127731e-01
    3.95450324e-01 4.28474218e-01 6.93066001e-01 8.17476273e-01
    9.18203533e-01 9.21997130e-02 7.62339592e-01 2.27302521e-01
    5.53821743e-01 5.31613767e-01 3.30911100e-01 3.18044424e-03
    1.08392149e-01 7.15746343e-01 9.00769591e-01 7.86318481e-01
    4.26705182e-01 4.62868899e-01 2.99289823e-03 6.31852567e-01
    3.36413532e-01 4.84296978e-01 9.19470549e-01 2.27671266e-01
    6.35448694e-01 3.93556446e-01 6.97949052e-01 4.20782149e-01
    3.76477897e-01 6.59448266e-01 5.67935050e-01 7.73730159e-01
    2.56623149e-01 7.86152840e-01 4.35319215e-01 9.66353416e-01
    1.21470481e-01 8.78479719e-01 5.19106925e-01 3.01343322e-01
    6.82098389e-01 2.62859672e-01 5.21403372e-01 3.87534499e-03
    5.09085655e-01 9.08151031e-01 3.79269928e-01 7.48714685e-01
    5.92004657e-01 4.93763983e-01 1.40962780e-01 8.96517158e-01
    9.38665867e-03 7.54213333e-01 4.04453069e-01 2.89711595e-01
    3.50656033e-01 1.73478037e-01 2.85691053e-01 9.13417578e-01
    1.68046594e-01 1.32370591e-02 6.58388674e-01 2.66326368e-01
    4.85138386e-01 8.64182711e-01 5.06623089e-02 9.92711663e-01
    8.78458858e-01 1.22178435e-01 8.52938294e-02 6.83674097e-01
    8.54026854e-01 6.62657440e-01 8.44813168e-01 5.94730377e-01
    4.71206576e-01 7.37763047e-02 2.12319404e-01 8.23679328e-01
    9.58559215e-02 9.76624489e-01 8.68076861e-01 2.08999515e-01
    5.20132363e-01 3.90080392e-01 1.50045276e-01 2.88281024e-01
    4.89909112e-01 5.17403662e-01 8.21939826e-01 4.93670166e-01
    6.94951475e-01 7.87037611e-03 9.49332595e-01 1.69236839e-01
    8.94925058e-01 8.99163246e-01 7.95589209e-01 5.80057502e-01
    8.09866786e-02 3.32225323e-01 4.94626731e-01 5.44305086e-01
    6.82060242e-01 4.51237679e-01 3.17361295e-01 5.36239982e-01
    5.65380335e-01 4.51474547e-01 7.30772734e-01 6.97044253e-01
    5.59977770e-01 1.50857180e-01 6.59657598e-01 3.60411346e-01
    3.27172279e-01 3.51400614e-01 6.25488043e-01 9.62409496e-01
    7.77140200e-01 1.50216639e-01 7.10261881e-01 7.27790356e-01
    5.51137924e-02 7.75759518e-01 2.35488385e-01 7.32648909e-01
    8.30972075e-01 8.61401558e-01 8.34806204e-01 5.46443403e-01
    8.10259283e-02 5.30531764e-01 9.19788837e-01 5.42255163e-01
    9.21931982e-01 7.10332096e-01 6.52734041e-02 2.95854211e-01
    4.44074273e-01 4.02602732e-01 4.93812263e-01 9.42613840e-01
    9.87661183e-01 6.12830520e-01 8.40754271e-01 9.67740297e-01
    3.60350132e-01 2.13158250e-01 1.65078193e-01 6.30473077e-01
    4.53847051e-02 3.81052643e-01 1.35332078e-01 5.57418585e-01
    3.78762424e-01 2.99253702e-01 1.34902686e-01 3.98809820e-01
    3.39845270e-01 5.30048609e-02 3.37538123e-03 8.73873711e-01
    8.44612837e-01 5.99927008e-01 1.19963378e-01 7.99961865e-01
    8.89855504e-01 2.06527740e-01 7.59652317e-01 2.21018493e-01
    2.04253644e-01 2.38127708e-01 4.92416352e-01 3.92958611e-01
    8.68790150e-01 8.48762989e-01 1.33070171e-01 8.35140347e-01
    7.88470030e-01 4.63022709e-01 9.96257603e-01 3.33394319e-01
    8.38075340e-01 2.41640240e-01 5.01322091e-01 4.99021053e-01
    4.13358718e-01 3.76480639e-01 2.52721995e-01 3.18780005e-01
    3.51947963e-01 6.48302794e-01 5.25460184e-01 3.83664131e-01
    3.45885932e-01 9.61296976e-01 6.28872395e-01 8.39031696e-01
    3.18234056e-01 9.22917247e-01 9.50279355e-01 1.36990726e-01
    6.99997008e-01 1.49832785e-01 9.39677238e-01 6.22342646e-01
    5.35263300e-01 4.27792788e-01 3.27799559e-01 5.14901221e-01
    2.75066376e-01 2.82532781e-01 9.25325155e-01 9.30956125e-01
    7.82517195e-01 3.23454589e-01 9.00176287e-01 4.76867259e-01
    9.90985572e-01 4.74915057e-01 2.76259422e-01 8.49850535e-01
    1.80337965e-01 5.97712874e-01 8.78028274e-02 8.57200801e-01
    5.35139441e-01 7.34735847e-01 5.44511914e-01 6.48553193e-01
    9.32941854e-01 5.92034280e-01 6.99126303e-01 8.78575087e-01
    9.10765648e-01 3.33772510e-01 4.14338529e-01 6.83119893e-01
    7.35494852e-01 5.65847814e-01 8.52039576e-01 9.97804999e-01
    5.38891375e-01 7.55380988e-02 8.94028187e-01 3.07020009e-01
    3.61927748e-01 7.86346734e-01 3.57779860e-01 2.39198178e-01
    4.12502646e-01 1.93305612e-02 7.42179155e-01 6.98882282e-01
    4.50572848e-01 4.26750153e-01 9.55905378e-01 8.98226619e-01
    2.03599751e-01 6.67681456e-01 1.00544155e-01 5.28410614e-01
    2.35081375e-01 6.61713362e-01 1.54335588e-01 7.91087806e-01
    3.63340139e-01 1.98870242e-01 4.90962088e-01 7.70111084e-01
    3.39897513e-01 8.64777505e-01 3.00860405e-01 9.22533095e-01
    5.13769090e-01 9.94476378e-01 3.50139230e-01 2.42307305e-01
    7.95645118e-01 6.25852942e-01 3.56609851e-01 9.04913723e-01
    5.80363035e-01 7.17559814e-01 1.97792262e-01 4.43064421e-01
    9.27260399e-01 1.46978050e-01 2.43338674e-01 7.88238108e-01
    9.10457551e-01 2.52298594e-01 5.50750375e-01 2.05411762e-01
    1.91259682e-01 9.05057788e-01 2.70892739e-01 5.92052817e-01
    3.34147632e-01 2.26102769e-01 4.34014797e-01 2.26520866e-01
    6.89003587e-01 9.47077513e-01 7.62424588e-01 7.21689701e-01
    4.54847515e-01 8.72991860e-01 7.52955675e-01 3.26217085e-01
    1.25531554e-02 4.57941175e-01 7.76634872e-01 3.75941366e-01
    7.94077754e-01 6.09444022e-01 8.46399784e-01 3.24404001e-01
    9.08880711e-01 1.43257022e-01 3.45672488e-01 2.38355994e-02
    3.47942114e-02 4.97150958e-01 8.26000273e-02 8.16062033e-01
    6.75069332e-01 7.78914630e-01 6.16510987e-01 1.99346930e-01
    5.95125198e-01 4.18161452e-02 1.12980664e-01 1.53933674e-01
    8.72668505e-01 1.71926677e-01 2.83253670e-01 2.09691226e-01
    8.03663552e-01 9.32856798e-01 5.64245999e-01 3.04579675e-01
    8.11587214e-01 9.55668986e-02 9.65024054e-01 2.76749730e-01
    3.35548878e-01 8.65497470e-01 4.23864633e-01 6.90554678e-02
    4.17110920e-01 2.78213918e-01 6.88079596e-02 7.61134744e-01
    3.31148297e-01 4.80868846e-01 5.82292974e-01 4.73265857e-01
    7.77671039e-01 2.10443497e-01 6.68112218e-01 2.19167352e-01
    1.24916852e-01 4.02522504e-01 4.83408451e-01 6.92748904e-01
    1.06780827e-02 5.93778729e-01 4.62675095e-01 5.91599226e-01
    8.82268429e-01 4.92134392e-01 7.21632719e-01 9.66919422e-01
    5.68363070e-01 4.26648080e-01 2.57935733e-01 5.20609319e-02
    1.51190937e-01 2.68404216e-01 2.30543196e-01 5.36547720e-01
    4.73290980e-01 4.61530030e-01 4.93492812e-01 7.79243708e-01
    8.62463236e-01 1.49909645e-01 4.93809581e-02 3.81358027e-01
    2.58058906e-01 4.10591990e-01 4.82385367e-01 6.55517399e-01
    5.18796623e-01 5.56824803e-02 4.25650954e-01 6.39870644e-01
    2.69503176e-01 5.58262289e-01 7.19892204e-01 4.77501214e-01
    5.53892851e-01 8.01563382e-01 7.21284211e-01 8.83466601e-01
    9.20496583e-02 5.95131755e-01 5.98273516e-01 5.54531276e-01
    1.70891881e-01 8.80306065e-01 2.14813381e-01 7.44761229e-02
    8.81618679e-01 8.17316651e-01 1.22756362e-02 8.74134660e-01
    3.82592916e-01 2.10738719e-01 6.17414713e-03 8.63775253e-01
    5.94592392e-01 1.30012542e-01 3.66217196e-02 1.89646482e-02
    9.99018550e-01 9.73498046e-01 3.01627994e-01 7.90596604e-02
    2.59576738e-02 2.82809138e-01 2.19661027e-01 3.59052956e-01
    4.37563062e-01 4.91728067e-01 8.21581841e-01 4.75144297e-01
    3.69734943e-01 8.68195891e-01 6.95932865e-01 7.91142583e-01
    7.14353919e-02 9.64662313e-01 3.30168933e-01 4.92345780e-01
    5.89142144e-01 7.09823668e-01 8.24949622e-01 3.48961711e-01
    6.70087039e-01 3.91566962e-01 7.47015238e-01 8.25828314e-03
    8.36230755e-01 4.18597013e-01 4.00689602e-01 7.89679646e-01
    1.17272824e-01 6.41553760e-01 6.23511612e-01 9.12038565e-01
    9.05804157e-01 8.17016244e-01 5.91891766e-01 1.94824934e-02
    6.25302792e-02 8.06418061e-01 8.73928964e-01 9.08874989e-01
    4.74758863e-01 1.95071906e-01 5.45907557e-01 7.34948933e-01
    1.36384279e-01 2.66077578e-01 8.98436427e-01 1.96994632e-01
    6.83613896e-01 5.47550678e-01 2.43114233e-02 1.37534440e-02
    7.64426112e-01 4.76230949e-01 1.89804256e-01 7.24985063e-01
    3.55795324e-01 5.07460475e-01 6.00835860e-01 6.09327018e-01
    3.10972422e-01 1.99788362e-01 6.97825134e-01 1.92951232e-01
    2.27131128e-01 9.51694608e-01 2.29862362e-01 1.42064095e-01
    8.17928076e-01 3.81612837e-01 9.70140219e-01 8.76482368e-01
    4.88661915e-01 9.55879152e-01 6.17734253e-01 1.53376788e-01
    7.84505904e-02 5.47148943e-01 2.17944384e-01 9.83367324e-01
    6.33379579e-01 6.49780452e-01 2.23393142e-02 3.96728098e-01
    1.08432919e-01 6.69816971e-01 5.66387415e-01 8.72920275e-01
    2.36096978e-03 8.30786824e-01 5.96993983e-01 5.97987533e-01
    8.49201679e-01 1.89131886e-01 3.42901766e-01 3.62780869e-01
    6.08658016e-01 6.24868453e-01 1.19329900e-01 2.18002051e-01
    8.23480606e-01 5.86409330e-01 1.35927528e-01 7.84410357e-01
    7.74132133e-01 3.13099146e-01 5.44741094e-01 6.13222659e-01
    1.59385771e-01 2.73216188e-01 7.91101992e-01 3.78319860e-01
    3.01249087e-01 4.77803081e-01 8.40485990e-02 2.47940898e-01
    4.67953980e-02 8.04961443e-01 7.08720386e-02 2.24249780e-01
    1.81281924e-01 6.73631907e-01 4.62408870e-01 9.25153017e-01
    2.98127115e-01 4.39015746e-01 3.33427668e-01 8.93920302e-01
    4.83627409e-01 1.10838205e-01 6.97073340e-01 1.87723368e-01
    3.73532116e-01 3.29756558e-01 9.25391555e-01 5.42815328e-01
    4.30305421e-01 9.71057534e-01 8.06391954e-01 8.21447074e-01
    1.60101682e-01 6.70363128e-01 4.81362045e-01 5.29743135e-02
    4.26093906e-01 3.79104197e-01 4.83204335e-01 6.55984819e-01
    1.77837700e-01 6.96904004e-01 2.30276316e-01 6.02327645e-01
    6.97118700e-01 1.19319826e-01 2.92078912e-01 2.34220475e-01
    2.10107446e-01 4.77430344e-01 8.40941191e-01 3.88851166e-01
    1.24057233e-02 4.62138832e-01 9.02659893e-01 9.36880827e-01
    4.50576991e-01 8.95033777e-01 1.35884792e-01 9.86896753e-02
    7.34315753e-01 2.12121457e-01 5.61131656e-01 6.70147181e-01
    4.03854847e-02 3.49690527e-01 3.16640854e-01 3.04766834e-01
    7.20634580e-01 6.03774309e-01 8.22376251e-01 3.93580467e-01
    4.81652677e-01 9.54974413e-01 7.18331337e-03 6.64692283e-01
    6.72436595e-01 6.75839603e-01 2.56251693e-01 6.76975310e-01
    7.45306790e-01 2.47115403e-01 9.08344746e-01 9.93454695e-01
    2.62828052e-01 6.51928782e-01 8.74821544e-01 3.06982458e-01
    4.93460894e-02 3.52326095e-01 3.14064622e-01 8.05414319e-02
    4.96808648e-01 9.80895102e-01 4.19915766e-01 2.86709785e-01
    8.20794404e-01 1.83839202e-02 9.18296456e-01 8.75199437e-01
    4.17730302e-01 8.93534064e-01 7.21802831e-01 3.57186913e-01
    3.67802501e-01 3.27393115e-02 5.25690615e-01 9.95922387e-01
    6.82137966e-01 2.54586279e-01 1.11128837e-01 8.26398253e-01
    1.94765478e-01 5.27811646e-01 6.29336953e-01 5.86893976e-01
    3.15826952e-01 4.44945693e-03 4.22465533e-01 6.26670718e-01
    9.50498819e-01 5.60815752e-01 9.26426351e-01 4.64306414e-01
    7.07376301e-02 8.76487136e-01 1.51012242e-01 1.11569434e-01
    4.76112485e-01 7.43339956e-01 5.54046810e-01 2.33977884e-01
    7.53234625e-02 1.85512513e-01 8.81754160e-01 7.94983387e-01
    3.60541463e-01 5.22460103e-01 9.90236998e-02 8.38828802e-01
    8.66277456e-01 1.88950896e-01 2.32432008e-01 8.73170972e-01
    5.30301094e-01 6.99656606e-01 6.40299857e-01 1.90902352e-02
    7.11370647e-01 1.54539078e-01 8.91386330e-01 4.87221062e-01
    4.92350072e-01 8.42208803e-01 9.42918003e-01 1.60484523e-01
    8.22410345e-01 5.05578339e-01 8.84210229e-01 3.05261791e-01
    5.01783013e-01 1.67063475e-02 9.43529606e-03 6.74152911e-01
    7.33910143e-01 1.53477520e-01 8.54812860e-01 6.19369090e-01
    4.55899209e-01 1.24787807e-01 9.31395054e-01 8.51046562e-01
    5.59713244e-01 6.09049320e-01 4.66242522e-01 2.27223724e-01
    6.59045279e-01 7.28082299e-01 7.46960998e-01 4.68973517e-01
    2.80051798e-01 1.97924942e-01 9.13579226e-01 5.24369597e-01
    6.67751074e-01 8.92088413e-01 3.42759103e-01 4.63864625e-01
    7.43716359e-02 7.99744964e-01 2.95697212e-01 2.60565281e-02
    8.13279808e-01 6.10796154e-01 2.38587469e-01 5.15008986e-01
    3.75145674e-01 5.32222927e-01 5.00706732e-01 3.24101031e-01
    2.67487109e-01 8.37720394e-01 1.46400779e-01 7.07944334e-02
    3.86330783e-01 8.66963446e-01 4.36379194e-01 7.22644567e-01
    8.02519917e-01 6.30451620e-01 5.23063779e-01 4.66583222e-01
    7.86271513e-01 3.46527934e-01 6.07630730e-01 7.16228127e-01
    9.56860244e-01 2.34455407e-01 6.69935942e-01 4.51860666e-01
    6.06489062e-01 7.36603796e-01 2.90754437e-03 9.93207932e-01
    1.48168325e-01 6.43349171e-01 7.34992027e-02 1.41294539e-01
    7.47065723e-01 5.17921746e-01 7.07248926e-01 7.18561172e-01
    2.60621339e-01 5.20012677e-01 3.53838801e-02 3.52535903e-01
    2.63682425e-01 6.21291578e-01 1.00962192e-01 4.86818343e-01
    4.17511284e-01 3.30408156e-01 7.24295676e-01 8.75467300e-01
    8.70799184e-01 4.27434951e-01 8.53264332e-01 7.75566518e-01
    6.88547373e-01 1.02610886e-02 1.64332211e-01 2.29602605e-01
    8.93479228e-01 8.02033305e-01 9.24542189e-01 1.71773463e-01
    8.05761039e-01 2.33304203e-02 3.29686195e-01 1.36718482e-01
    1.02616400e-01 6.15848660e-01 4.90923464e-01 2.72870064e-01
    2.37607181e-01 1.94502592e-01 2.56537586e-01 5.74889541e-01
    3.82473469e-02 1.12741411e-01 1.10721350e-01 7.84747958e-01
    9.43958759e-01 2.03302890e-01 3.33797961e-01 5.45800805e-01
    1.06151640e-01 4.58051264e-02 9.29610968e-01 2.83583045e-01
    6.34100735e-01 9.82596457e-01 3.09667766e-01 9.21017885e-01
    7.89732218e-01 8.89628708e-01 2.44079709e-01 9.47989464e-01
    5.61150670e-01 7.91003048e-01 8.88685584e-02 7.37575769e-01
    4.07124817e-01 3.16264451e-01 6.42916501e-01 5.99510372e-01
    3.16407621e-01 5.46989858e-01 5.90372920e-01 2.55599201e-01
    4.56208467e-01 3.49269629e-01 7.57062435e-02 5.36799431e-02
    2.11930394e-01 7.20199347e-01 9.89482284e-01 1.37236238e-01
    5.34023464e-01 6.88945949e-02 4.17823434e-01 6.00729644e-01
    4.10150230e-01 3.29082340e-01 3.58355016e-01 9.39438701e-01
    8.81196320e-01 7.02000737e-01 4.23949063e-01 5.00229001e-03
    3.66870284e-01 4.84663218e-01 1.74019337e-01 7.07029641e-01
    5.67533731e-01 8.45711768e-01 9.71665859e-01 2.06941247e-01
    5.33477068e-02 1.29879922e-01 9.23828483e-01 2.71479547e-01
    6.74823284e-01 5.88425994e-01 4.32589084e-01 3.85895789e-01
    9.82107997e-01 4.03194666e-01 9.49521184e-01 9.58336890e-02
    6.50486887e-01 9.65052485e-01 1.60689443e-01 9.26047921e-01
    8.52005780e-01 4.92689610e-02 9.04645324e-01 9.84723806e-01
    8.09916258e-01 3.39598656e-01 2.00097382e-01 4.63814378e-01
    1.13527447e-01 5.68224490e-02 3.89455259e-01 3.05740863e-01
    7.53917694e-01 3.01326871e-01 3.58848274e-01 9.97704029e-01
    9.20650601e-01 5.63717365e-01 8.56999874e-01 8.96341860e-01
    8.33984494e-01 1.90446079e-01 2.81512648e-01 8.36036205e-02
    8.01985860e-02 5.32750368e-01 5.57183623e-02 4.67088968e-01
    6.55560672e-01 6.31233692e-01 3.29786241e-01 5.72075129e-01
    1.54230893e-01 5.74729323e-01 8.90361547e-01 2.79416740e-01
    4.06588316e-01 4.21273828e-01 1.62679344e-01 4.19990182e-01
    8.69666696e-01 9.44300056e-01 9.81505752e-01 5.94345748e-01
    8.36524546e-01 3.38294625e-01 9.41673517e-02 2.84545422e-01
    1.97494954e-01 6.96378648e-01 1.92945063e-01 6.28897250e-01
    4.05116260e-01 5.46658933e-02 7.62653649e-02 6.29892051e-02
    9.00906444e-01 3.81118000e-01 1.93249911e-01 9.24593210e-02
    3.50020051e-01 9.49033082e-01 1.94554090e-01 5.14384627e-01
    2.75413215e-01 8.83350372e-01 8.33335996e-01 6.61778748e-01
    2.07042992e-01 1.11026347e-01 8.40522945e-01 2.51709789e-01
    1.53881788e-01 1.94528311e-01 6.53497040e-01 4.83624846e-01
    2.60297060e-01 9.24827337e-01 2.21554786e-01 6.76429570e-02
    8.10882330e-01 3.29421103e-01 4.33068275e-01 8.77326488e-01
    5.23776829e-01 2.92723954e-01 2.05369741e-01 2.86694020e-01
    4.83289719e-01 1.70306534e-01 5.11483073e-01 7.84252822e-01
    7.18389273e-01 3.99327546e-01 8.74943495e-01 3.63638341e-01
    4.72459197e-01 9.36939001e-01 8.78215551e-01 9.17324662e-01
    3.35669011e-01 2.30987579e-01 5.58699548e-01 8.68976712e-01
    5.33846796e-01 7.28613555e-01 1.03322536e-01 5.03284574e-01
    5.72699189e-01 5.32487929e-01 2.37122476e-01 2.55784363e-01
    9.35089350e-01 4.08740848e-01 7.27056801e-01 7.02388167e-01
    4.32208776e-01 7.43100762e-01 2.94031233e-01 1.46400928e-02
    3.05270612e-01 6.31542206e-02 8.61591399e-01 8.60132098e-01
    8.26835155e-01 4.16589558e-01 5.74464798e-01 1.20517999e-01
    9.52796102e-01 4.19388115e-02 2.71767288e-01 7.39605367e-01
    7.21289933e-01 3.53870571e-01 7.53461599e-01 7.30688810e-01
    5.68730831e-01 4.65302616e-01 9.17394280e-01 3.20225358e-01
    4.41861778e-01 8.18423510e-01 4.57307845e-01 8.71107876e-02
    5.09911656e-01 5.74371219e-01 2.03144550e-02 7.50261009e-01
    1.31433874e-01 3.64287674e-01 5.24695694e-01 3.54565263e-01
    3.68418574e-01 7.58984208e-01 8.20523620e-01 6.08998716e-01
    9.24494207e-01 4.50607210e-01 6.01772487e-01 7.79355943e-01
    5.09775281e-01 2.36291200e-01 4.35725838e-01 5.04041731e-01
    9.18761492e-01 8.29656839e-01 7.23137677e-01 1.65531129e-01
    6.73143327e-01 1.95292234e-01 6.48651779e-01 7.97797382e-01
    5.72964549e-01 1.52720124e-01 7.46497452e-01 6.81557178e-01
    7.42264986e-01 9.83722329e-01 7.87488103e-01 1.33590937e-01
    6.77019060e-01 4.61925417e-01 6.03221416e-01 3.06649864e-01
    3.02341431e-01 9.89301860e-01 1.74573213e-01 9.43735480e-01
    8.40472460e-01 6.85898662e-02 9.55734015e-01 8.37380826e-01
    2.98493922e-01 6.01391494e-01 9.71188128e-01 8.71125579e-01
    9.19191480e-01 3.46616805e-01 5.53472221e-01 5.69994330e-01
    5.31403720e-02 3.37474406e-01 6.46219254e-01 5.06108463e-01
    7.91460395e-01 1.47989631e-01 6.12547219e-01 3.83071601e-02
    3.78579915e-01 9.00665522e-01 2.94508934e-01 9.31213260e-01
    9.39608932e-01 4.17464703e-01 2.04304695e-01 2.31736839e-01
    7.67175913e-01 7.26740658e-01 7.20941961e-01 4.88488764e-01
    2.40077108e-01 7.81982124e-01 9.07722950e-01 1.38398409e-01
    3.16268086e-01 9.32223499e-02 4.87115175e-01 5.15023589e-01
    7.34273732e-01 5.09256184e-01 7.73312390e-01 4.29678530e-01
    2.52273023e-01 5.61175764e-01 7.22774804e-01 6.98125958e-01
    6.03958964e-01 4.27160382e-01 5.78936875e-01 4.73131120e-01
    7.28944182e-01 9.63434696e-01 5.02520323e-01 9.21387851e-01
    1.48549378e-02 1.93082273e-01 6.81431055e-01 1.24757707e-01
    8.06761384e-01 1.66488558e-01 3.67252499e-01 3.46203506e-01
    6.08601153e-01 8.78847957e-01 3.24227214e-01 9.67307925e-01
    8.92469287e-03 5.48590600e-01 7.88808107e-01 3.87203395e-01
    4.98602629e-01 2.37632334e-01 9.64596272e-01 2.96444416e-01
    6.75911188e-01 5.37087262e-01 6.21673346e-01 3.33790183e-01
    3.65840733e-01 6.18750334e-01 1.39003217e-01 9.68830526e-01
    1.86337829e-02 5.67625880e-01 9.46493030e-01 7.49552071e-01
    6.21753514e-01 7.81815648e-01 9.58097339e-01 9.46788847e-01
    5.15438318e-02 7.22967505e-01 2.26258039e-01 4.88218427e-01
    5.65684974e-01 7.03245401e-01 2.41502196e-01 8.56240153e-01
    1.87026471e-01 5.01667380e-01 9.38086510e-01 5.51746249e-01
    6.28858805e-03 6.56556785e-01 7.33287394e-01 1.31448448e-01
    4.63951021e-01 3.48899424e-01 1.47536099e-01 7.61520982e-01
    5.52558839e-01 6.46888852e-01 5.18845558e-01 5.70583463e-01
    1.08124644e-01 1.35342002e-01 1.56924635e-01 4.08059001e-01
    4.32877660e-01 2.31361121e-01 9.08762693e-01 1.23634636e-01
    4.72071677e-01 5.12619615e-02 6.41569078e-01 9.81996477e-01
    8.04857194e-01 4.61089253e-01 5.64981759e-01 1.09235346e-02
    8.64201248e-01 5.91945529e-01 9.17054296e-01 7.07290649e-01
    7.36585855e-01 1.75882012e-01 1.54277533e-01 6.25512004e-02
    8.45806420e-01 3.75166148e-01 1.17956161e-01 2.91942954e-02
    5.51417351e-01 6.26733840e-01 9.85709071e-01 6.61823094e-01
    6.63744926e-01 2.80051231e-02 8.42120886e-01 6.34028375e-01
    9.01508451e-01 2.92784363e-01 3.38266850e-01 4.23237801e-01
    9.22992110e-01 4.68567759e-01 8.79277229e-01 9.27932382e-01
    3.43586087e-01 7.43647873e-01 6.44305110e-01 9.83659148e-01
    3.51693928e-01 2.42276251e-01 1.57691091e-01 3.42215836e-01
    8.35111618e-01 7.71494508e-01 8.84902477e-03 6.31193876e-01
    6.63263619e-01 5.88201642e-01 1.16599202e-02 1.37886405e-02
    2.41236091e-02 5.06445169e-02 3.27239394e-01 7.64693499e-01
    6.63911343e-01 4.41493720e-01 5.24146378e-01 9.89261150e-01
    3.34031492e-01 2.12903738e-01 1.67175502e-01 1.35117799e-01
    5.14328480e-01 8.54771018e-01 9.68241692e-01 1.07790083e-01
    4.71352756e-01 4.89367902e-01 7.71095753e-02 7.69240558e-01
    9.41927612e-01 5.20211160e-01 2.21263438e-01 9.27295327e-01
    1.19920194e-01 9.10650969e-01 5.08964837e-01 1.35798573e-01
    1.68048650e-01 8.00870001e-01 4.15466279e-01 6.12723947e-01
    7.19621539e-01 6.68298483e-01 3.82922113e-01 1.85564458e-02
    3.07389855e-01 7.52372265e-01 6.15346253e-01 9.16972458e-02
    3.09535027e-01 2.76776552e-01 6.38955653e-01 1.97860152e-01
    1.76917464e-01 8.14026475e-01 4.11647856e-01 7.97066331e-01
    1.33113563e-01 1.32272929e-01 1.49523884e-01 7.81396270e-01
    4.43810284e-01 5.95107436e-01 5.78770161e-01 1.13849014e-01
    3.30868036e-01 9.16793942e-01 5.85187733e-01 8.08902800e-01
    7.13610291e-01 7.38270938e-01 3.15528333e-01 4.07431662e-01
    8.48573089e-01 4.25923586e-01 5.87132931e-01 9.49247420e-01
    9.33076024e-01 1.18598998e-01 1.99745208e-01 6.35850430e-02
    5.07854760e-01 3.44789058e-01 1.58616304e-02 5.88303328e-01
    4.93103921e-01 7.07739830e-01 6.96451068e-01 1.61039531e-01
    2.77512908e-01 5.26504517e-01 3.61663699e-02 9.46441889e-01
    9.42543149e-01 1.01540446e-01 2.74334550e-02 2.74112999e-01
    4.28958714e-01 7.78796494e-01 2.31133997e-01 6.84249163e-01
    1.12987459e-02 7.14352250e-01 8.20332110e-01 6.77183509e-01
    8.77631128e-01 7.21720099e-01 6.93016231e-01 2.60846734e-01
    5.41543543e-01 5.20261943e-01 5.19222319e-01 7.74768829e-01
    4.86997813e-01 6.41084790e-01 4.01539564e-01 9.75381970e-01
    5.03201842e-01 1.08054250e-01 4.05605674e-01 4.20657456e-01
    1.62628233e-01 5.81323028e-01 1.01792514e-02 9.77605224e-01
    7.83588290e-01 5.00829160e-01 7.53442883e-01 6.41380787e-01
    4.51213777e-01 6.55211568e-01 5.77920556e-01 8.41228187e-01
    3.33140492e-02 9.70575571e-01 5.03652751e-01 1.12495601e-01
    8.63779426e-01 2.99247772e-01 5.72858095e-01 6.58110142e-01
    9.32690382e-01 2.87724614e-01 6.13564253e-01 6.60332799e-01
    9.18421924e-01 5.57419419e-01 1.81316406e-01 6.60144269e-01
    3.56374204e-01 4.87510413e-01 2.74007976e-01 4.72018242e-01
    6.58199191e-03 5.98389328e-01 9.88069654e-01 2.70183682e-02
    5.10651171e-01 3.36930752e-01 8.06110144e-01 9.52866852e-01
    3.74273121e-01 4.48750496e-01 3.22928101e-01 5.72239757e-02
    1.60077989e-01 8.99317265e-01 4.74275768e-01 7.72179842e-01
    8.97393346e-01 7.17987061e-01 4.56747115e-01 9.39017534e-03
    5.14498174e-01 9.33395445e-01 6.89420104e-02 5.02306759e-01
    1.28987134e-01 7.31340766e-01 2.07725018e-01 9.75015879e-01
    6.11727953e-01 2.34812349e-01 9.97131705e-01 6.05656266e-01
    9.71037626e-01 7.02336609e-01 5.83357275e-01 9.25641894e-01
    8.19774747e-01 3.15388799e-01 2.22669542e-02 8.70253146e-02
    4.47150499e-01 1.26691222e-01 1.19594038e-01 8.75187397e-01
    5.31488538e-01 6.64769828e-01 1.35899901e-01 5.31554222e-03
    1.04234278e-01 7.92753994e-02 3.42876703e-01 3.21395278e-01
    7.23604083e-01 9.00051892e-02 3.43501627e-01 2.56555140e-01
    9.72149730e-01 6.04564190e-01 8.42093945e-01 1.29611522e-01
    9.98743057e-01 1.63444608e-01 2.21727133e-01 3.74821424e-02
    5.93091190e-01 2.41580278e-01 6.57017708e-01 4.46391344e-01
    9.96869802e-01 1.67049617e-01 3.76945972e-01 4.90469575e-01
    1.35708362e-01 6.13312364e-01 6.22196853e-01 3.35439980e-01
    6.13562942e-01 1.09215647e-01 2.76419342e-01 3.96058470e-01
    4.25514609e-01 4.81394976e-01 4.96820956e-01 4.98699546e-01
    5.24310589e-01 5.00579953e-01 2.37373978e-01 9.64382470e-01
    3.44485015e-01 6.67226493e-01 7.85935044e-01 8.42679620e-01
    6.04330420e-01 2.19530076e-01 5.91210842e-01 7.07436740e-01
    7.82235265e-01 9.71507251e-01 5.40449381e-01 7.24447966e-02
    2.44773567e-01 3.12983692e-01 9.94630873e-01 7.35526919e-01
    5.38981616e-01 7.87305355e-01 3.08572292e-01 5.13439417e-01
    1.72592252e-01 8.78326833e-01 4.87550378e-01 2.53526092e-01
    5.89868307e-01 5.97300470e-01 3.99690241e-01 5.86490333e-01
    5.56569576e-01 8.06650043e-01 6.05573058e-01 9.19147611e-01
    6.68150663e-01 1.23749226e-01 1.98727906e-01 4.94778425e-01
    4.50361550e-01 4.67886448e-01 2.09795535e-02 8.80126595e-01
    6.19064748e-01 2.08821267e-01 7.26497054e-01 8.53269994e-01
    5.57093322e-01 8.64376068e-01 9.82880175e-01 9.82530355e-01
    1.14543319e-01 5.85456073e-01 9.00586009e-01 8.30041111e-01
    2.58995354e-01 8.14561486e-01 8.12387586e-01 4.88820612e-01
    5.36291838e-01 8.18196356e-01 1.10052496e-01 6.38604760e-01
    2.65953660e-01 6.43670797e-01 8.67099583e-01 3.07185143e-01
    7.50668168e-01 7.97137737e-01 4.84957486e-01 7.88762271e-02
    1.99452072e-01 7.56747842e-01 7.05382824e-01 5.42869270e-01
    5.85268438e-02 1.59983426e-01 5.61830044e-01 3.22451919e-01
    4.75431412e-01 3.27632606e-01 4.15266782e-01 9.95368838e-01
    1.90871984e-01 1.54873103e-01 9.33929563e-01 9.65222418e-01
    6.63474321e-01 8.90171051e-01 4.10339564e-01 9.53151882e-02
    3.33831549e-01 5.72137535e-01 3.99217606e-01 8.75682235e-01
    7.27243960e-01 9.66558099e-01 2.85664618e-01 9.28240597e-01
    6.75648689e-01 7.90331781e-01 2.48811275e-01 9.90868092e-01
    9.84785914e-01 2.03695297e-02 8.46391082e-01 3.59913141e-01
    5.28873503e-02 6.58333063e-01 1.68879181e-01 1.33019120e-01
    3.13503504e-01 5.53334177e-01 7.81954169e-01 2.62025297e-02
    5.80528796e-01 5.72661400e-01 4.42811996e-01 6.85081422e-01
    4.02910113e-01 7.17179894e-01 7.31093168e-01 8.93965483e-01
    1.02912068e-01 1.08738422e-01 7.27750599e-01 9.27620888e-01
    9.39214170e-01 5.55237412e-01 2.68547028e-01 3.07812035e-01
    7.18866587e-01 8.15110207e-01 5.57569265e-01 4.38886970e-01
    2.72425979e-01 1.95034385e-01 3.91527295e-01 8.69972706e-01
    5.43218851e-01 9.07787144e-01 6.65591240e-01 4.38674808e-01
    3.89357477e-01 7.52627850e-01 8.11924577e-01 2.22428203e-01
    5.69973826e-01 6.15910649e-01 2.76270807e-01 5.52337945e-01
    3.67292941e-01 2.95043051e-01 3.23893458e-01 6.93576276e-01
    6.77496552e-01 7.48697877e-01 4.79223162e-01 2.21741527e-01
    5.04358709e-01 9.30712700e-01 3.00352693e-01 3.81159186e-02
    3.31141949e-01 8.63390207e-01 1.68322623e-01 9.27486539e-01
    1.41716063e-01 6.38180494e-01 5.69960535e-01 3.22647631e-01
    9.80082452e-01 4.04920161e-01 1.71398818e-02 6.60251021e-01
    5.20079732e-02 7.58293629e-01 1.25950396e-01 3.65820825e-01
    9.88355339e-01 2.37649113e-01 5.33992231e-01 7.85325766e-01
    8.74541402e-01 8.16133499e-01 6.82772994e-01 8.17282081e-01
    4.22554195e-01 9.70205843e-01 9.86164808e-01 6.42717481e-01
    6.75167739e-01 7.67340779e-01 3.07439864e-02 2.10413605e-01
    4.36135113e-01 8.71095300e-01 1.94395095e-01 2.86338329e-01
    1.01991415e-01 7.39323735e-01 5.92239618e-01 9.95004594e-01
    7.60673523e-01 5.97850978e-01 7.75229931e-01 1.22772843e-01
    4.13479507e-02 7.79156625e-01 3.65485251e-02 5.60605288e-01
    2.01259375e-01 1.91185534e-01 3.34027261e-01 1.30920798e-01
    4.55310881e-01 7.88111567e-01 8.44343781e-01 8.00333202e-01
    1.40956074e-01 8.53051424e-01 9.27017927e-01 6.81891263e-01
    8.63617539e-01 2.33177781e-01 6.81874633e-01 2.90032148e-01
    6.94762051e-01 7.08501399e-01 2.70113409e-01 6.65023863e-01
    2.40596235e-02 3.31801414e-01 1.39125675e-01 2.42892385e-01
    2.21396089e-02 6.74267769e-01 1.52209014e-01 1.78573996e-01
    9.02145982e-01 2.92402595e-01 3.54004502e-02 7.54687369e-01
    2.83226371e-02 2.23456323e-01 5.98752320e-01 2.96320617e-01
    7.52462447e-02 8.37127209e-01 4.29961205e-01 3.69395673e-01
    1.85704231e-01 4.67163563e-01 3.57065260e-01 8.19704056e-01
    9.51122880e-01 5.64339876e-01 9.34717298e-01 2.49937683e-01
    3.98478895e-01 8.30709040e-02 1.93954885e-01 5.62486947e-01
    6.92915738e-01 9.80244696e-01 4.81891632e-02 2.30896771e-02
    3.27370465e-02 3.58468831e-01 3.62902075e-01 5.83362103e-01
    4.66117114e-01 6.35809660e-01 9.70378280e-01 1.49400294e-01
    7.90879965e-01 6.58545017e-01 5.79094708e-01 7.82089591e-01
    7.87355900e-01 9.35285151e-01 9.16191578e-01 7.86000669e-01
    3.92341703e-01 3.20285082e-01 1.54016525e-01 1.83364660e-01
    8.16604257e-01 1.74594164e-01 5.06585360e-01 3.57546955e-01
    1.18392736e-01 8.67228448e-01 1.18415177e-01 7.96724677e-01
    4.87581998e-01 4.09034133e-01 4.49637055e-01 6.85809374e-01
    2.61573225e-01 4.23903167e-02 5.74492276e-01 9.08214808e-01
    8.63198698e-01 8.69000196e-01 5.05944908e-01 9.22717452e-02
    1.98154896e-01 3.56842130e-01 1.23765767e-02 6.84713602e-01
    1.39276087e-02 5.73429823e-01 4.48721647e-02 5.94591856e-01
    5.60369611e-01 5.34677565e-01 1.82641178e-01 7.84937859e-01
    6.96751356e-01 6.68383658e-01 4.01663184e-02 2.98863947e-01
    2.02211142e-01 6.93470180e-01 3.33032608e-02 8.88994217e-01
    2.42220849e-01 3.80493909e-01 3.69438678e-01 7.54435241e-01
    6.79074764e-01 1.96171522e-01 9.57467437e-01 7.50162840e-01
    9.90562201e-01 8.78725171e-01 6.91627979e-01 8.13898683e-01
    7.66746998e-02 9.82737422e-01 7.18260646e-01 3.19514394e-01
    9.99754488e-01 1.37296438e-01 4.89595234e-02 4.37286824e-01
    6.97427869e-01 7.72764564e-01 1.19841516e-01 3.44868004e-01
    6.21323287e-01 7.85735726e-01 6.55745685e-01 2.03885853e-01
    4.49852914e-01 6.13553286e-01 5.65072536e-01 8.93733501e-01
    8.09148788e-01 1.49717301e-01 9.15221810e-01 3.08390081e-01
    3.77993405e-01 1.24046654e-01 5.56986988e-01 9.42112207e-01
    6.29486680e-01 9.67648506e-01 5.45679212e-01 1.25490934e-01
    7.14685917e-02 8.09172094e-01 7.72886097e-01 3.95552248e-01
    7.26092041e-01 4.38137800e-01 5.61570764e-01 8.45694423e-01
    2.12994993e-01 9.90812838e-01 6.00611687e-01 3.51239681e-01
    1.76877201e-01 2.50696838e-01 1.65112197e-01 8.33991885e-01
    8.20982337e-01 9.94762778e-02 3.44233036e-01 9.87001419e-01
    9.00191426e-01 5.89357972e-01 7.99165964e-02 8.18077207e-01
    1.25790179e-01 5.57481349e-01 3.35136056e-03 3.34006041e-01
    8.93590808e-01 2.11799145e-01 3.38154852e-01 1.27927721e-01
    9.43651319e-01 1.76359504e-01 7.06476927e-01 8.00161242e-01
    2.73260474e-01 5.31037688e-01 7.73113668e-02 7.12200046e-01
    4.83355135e-01 5.11074185e-01 9.40376997e-01 4.65278029e-01
    7.16110528e-01 9.01211619e-01 8.77693713e-01 8.32662225e-01
    8.50219190e-01 7.93213606e-01 6.84900582e-01 8.15400243e-01
    4.34969813e-01 1.95960104e-02 9.87490237e-01 8.61269951e-01
    4.85463202e-01 1.86996341e-01 3.70816648e-01 1.84933245e-01
    7.58201957e-01 4.60717082e-02 4.28700626e-01 7.61935949e-01
    3.53498101e-01 5.67337453e-01 3.22764993e-01 4.49815899e-01
    8.75300109e-01 1.64885402e-01 4.83145267e-01 4.66743648e-01
    6.30570173e-01 3.23679090e-01 1.73235536e-01 6.10907972e-02
    3.23193669e-01 3.66443992e-02 4.52271640e-01 2.87846982e-01
    5.43258548e-01 4.56169903e-01 9.73562837e-01 6.49271369e-01
    6.18770421e-01 3.70855033e-02 1.63149238e-02 2.35505015e-01
    6.53361022e-01 6.11962557e-01 1.91213548e-01 3.19274664e-01
    6.80056036e-01 2.15210110e-01 6.04498625e-01 3.82559359e-01
    4.28544372e-01 5.37573159e-01 4.92752463e-01 6.84142232e-01
    4.56697345e-01 4.98968661e-01 1.19664162e-01 6.65900767e-01
    1.55900419e-01 6.87807381e-01 7.88049459e-01 9.50398743e-02
    7.70502210e-01 8.96509528e-01 6.54548883e-01 4.39877748e-01
    8.46240282e-01 9.05533075e-01 4.28398252e-02 8.14631581e-01
    6.94033980e-01 9.97101426e-01 2.93924391e-01 7.62825608e-01
    9.42909718e-01 5.17672360e-01 3.69554400e-01 5.53271413e-01
    6.52700782e-01 1.09047472e-01 6.68680668e-01 1.63339347e-01
    5.59166372e-02 9.47813630e-01 9.87885892e-02 2.90899575e-02
    1.01004779e-01 3.62746119e-02 7.62490392e-01 3.46432865e-01
    8.67296159e-01 4.68045056e-01 3.91615897e-01 6.24124944e-01
    4.66877103e-01 6.10377431e-01 2.65807956e-01 5.59941471e-01
    2.13800699e-01 1.66749686e-01 5.79887867e-01 1.84471935e-01
    5.31457901e-01 8.51156712e-01 6.84631348e-01 4.70239341e-01
    8.48538458e-01 4.16364372e-01 2.65747666e-01 4.92750019e-01
    3.60260934e-01 5.75781524e-01 8.48640561e-01 7.58869290e-01
    7.59092748e-01 9.70669627e-01 7.95034170e-02 6.27613366e-02
    4.02444780e-01 1.54586464e-01 4.98329312e-01 5.87868929e-01
    5.96996665e-01 5.35599947e-01 6.34468794e-01 9.42713976e-01
    5.00088096e-01 1.02762580e-01 8.85615349e-01 3.52467835e-01
    5.96508145e-01 3.30033302e-01 6.51009858e-01 2.82453179e-01
    4.30419236e-01 6.66886866e-02 9.32750106e-03 4.74798441e-01
    2.49273747e-01 1.53982580e-01 4.15742993e-02 2.69641340e-01
    1.79117918e-02 5.28855979e-01 5.01520872e-01 4.15630937e-01
    3.60106111e-01 8.93524110e-01 6.81291342e-01 2.22677588e-02
    8.74027133e-01 9.82797265e-01 3.02944183e-02 7.98990488e-01
    1.90424263e-01 8.05189669e-01 9.84067619e-01 5.59190392e-01
    5.66250026e-01 5.81287026e-01 6.37534797e-01 8.73014331e-02
    2.85771608e-01 3.46831262e-01 2.45193601e-01 2.70228595e-01
    7.41958380e-01 6.64645076e-01 3.16117197e-01 4.87397373e-01
    5.61303318e-01 9.17590559e-01 2.30714351e-01 6.47592068e-01
    8.47153664e-01 6.90089166e-02 6.27796292e-01 6.20185792e-01
    1.88209683e-01 8.46005380e-02 9.10902858e-01 6.19421601e-02
    7.65289962e-01 2.47438729e-01 1.52377903e-01 6.87788546e-01
    9.67426896e-01 4.57186341e-01 3.37464452e-01 5.37254095e-01
    3.39108139e-01 7.24197268e-01 6.91757083e-01 4.25974071e-01
    5.83102465e-01 8.41586709e-01 6.82367146e-01 9.02421176e-01
    1.58104181e-01 4.93780255e-01 6.82422638e-01 7.48253107e-01
    5.55585921e-01 6.48577034e-01 1.37748778e-01 1.45898461e-01
    6.41937613e-01 7.46066928e-01 9.17936623e-01 3.67709875e-01
    1.30833417e-01 7.11072624e-01 6.64697945e-01 4.56862003e-01
    8.23278666e-01 7.13752747e-01 5.86642623e-01 8.62085819e-03
    4.38432634e-01 3.10013235e-01 7.84261823e-01 9.13373888e-01
    5.78366876e-01 9.47583139e-01 9.05033886e-01 8.99757028e-01
    1.77526623e-01 7.75159836e-01 8.33229184e-01 3.88512760e-01
    7.43207097e-01 5.26679695e-01 9.56491232e-01 8.86707008e-01
    4.86586303e-01 1.93430513e-01 4.99014616e-01 4.03069556e-01
    1.83123350e-03 1.79704010e-01 1.27822667e-01 1.13700807e-01
    4.66090500e-01 8.05114746e-01 4.99807268e-01 9.84188020e-01
    6.97632670e-01 4.63437170e-01 6.27967596e-01 2.25666106e-01
    6.64471686e-02 9.21606719e-02 4.50960338e-01 6.39418006e-01
    3.78238559e-02 5.77969790e-01 9.17237997e-03 8.81500006e-01
    3.79494369e-01 5.33612788e-01 9.11255419e-01 8.70087981e-01
    3.14899504e-01 8.47954154e-01 2.99744606e-01 9.53900039e-01
    5.05667329e-01 9.28194821e-01 1.53669894e-01 6.91146851e-02
    9.06366527e-01 7.26511598e-01 1.89569175e-01 5.35498917e-01
    3.20357084e-03 3.45892966e-01 5.35195172e-01 2.68369615e-01
    6.57591939e-01 1.46218419e-01 9.26103354e-01 7.16247380e-01
    7.91189909e-01 4.83508795e-01 1.54869348e-01 4.96124834e-01
    8.58571887e-01 4.07104015e-01 7.16635346e-01 3.12025607e-01
    6.33677483e-01 1.29144788e-02 7.67010689e-01 3.06328237e-01
    8.41018677e-01 8.90728712e-01 5.07013679e-01 5.87551117e-01
    7.37128496e-01 8.96661699e-01 1.21725798e-01 6.38750613e-01
    1.45438612e-02 3.14113796e-02 4.28027123e-01 3.28412890e-01
    8.27143431e-01 6.96221888e-01 6.61027193e-01 1.72473162e-01
    5.48317313e-01 1.95445001e-01 7.43454337e-01 7.05682635e-01
    9.52007473e-01 6.12648249e-01 7.49989271e-01 9.34019327e-01
    8.29072118e-01 6.77992463e-01 4.39937204e-01 3.08501720e-01
    1.05830282e-01 7.02770948e-01 2.24103868e-01 5.05674005e-01
    3.77549887e-01 3.95526886e-02 4.68133241e-01 2.85215408e-01
    3.11519861e-01 5.26775301e-01 9.09557581e-01 5.34504175e-01
    2.37740368e-01 6.90559983e-01 2.98370391e-01 8.11864018e-01
    1.52712256e-01 1.74511343e-01 7.25516796e-01 9.83942032e-01
    3.20017695e-01 5.78146994e-01 1.69454813e-01 9.05877888e-01
    3.83595288e-01 4.57834631e-01 2.90919840e-02 3.82554233e-01
    8.77359986e-01 3.84517640e-01 1.14360422e-01 4.72644389e-01
    6.44054115e-02 7.74957776e-01 4.08606470e-01 1.04783803e-01
    3.55855316e-01 3.00800204e-01 1.99264020e-01 8.39516521e-01
    3.18113476e-01 5.03065586e-01 8.37409854e-01 8.03206444e-01
    6.90031469e-01 9.71419752e-01 1.80262595e-01 4.06473547e-01
    5.30809402e-01 7.87953734e-01 5.05874932e-01 7.79691219e-01
    1.65769279e-01 8.52597594e-01 2.68918693e-01 8.71380270e-01
    7.98631549e-01 9.61887538e-01 4.13382053e-03 4.64522600e-01
    7.23443806e-01 2.47000754e-02 3.87670517e-01 9.35593605e-01
    8.56698215e-01 7.95112252e-01 8.10930729e-01 5.10713041e-01
    4.75120246e-01 3.85451317e-02 9.88503098e-01 5.20348012e-01
    9.92058516e-02 9.43519831e-01 4.16476756e-01 3.68430376e-01
    4.53131288e-01 7.83058405e-01 7.25526452e-01 7.79584765e-01
    2.17533022e-01 7.87717283e-01 8.29382181e-01 3.93454581e-01
    5.77040732e-01 6.30594611e-01 5.20706117e-01 6.64932668e-01
    8.23138237e-01 8.36109877e-01 3.37806076e-01 2.29513943e-02
    5.24266362e-02 4.07088220e-01 3.80151987e-01 6.56896830e-01
    1.66075230e-02 4.20174003e-01 3.95738780e-02 4.72466469e-01
    2.84068108e-01 7.75476098e-02 6.43681049e-01 4.87104058e-01
    4.45859760e-01 9.31940079e-01 2.19472945e-02 5.06259263e-01
    7.88959265e-02 6.87485218e-01 1.68618858e-02 3.46291542e-01
    3.46085548e-01 6.67559624e-01 2.29019552e-01 6.67583346e-02
    4.11639214e-01 7.43077040e-01 8.20827723e-01 9.63623405e-01
    4.47710842e-01 1.04706645e-01 5.66318870e-01 1.23634398e-01
    9.98164177e-01 7.49992192e-01 4.39168453e-01 8.03089440e-01
    6.46974206e-01 7.27780700e-01 9.41635907e-01 7.62535810e-01
    4.13501143e-01 2.55802780e-01 1.00585997e-01 8.92442465e-03
    9.29007292e-01 6.79740369e-01 2.77930111e-01 5.65085232e-01
    4.91164148e-01 8.40517700e-01 6.51405692e-01 6.01577163e-02
    2.31649399e-01 2.69777536e-01 3.73254865e-01 9.48706627e-01
    7.18620777e-01 1.01736665e-01 5.32832205e-01 1.30406797e-01
    4.88570988e-01 6.94053411e-01 9.26311314e-02 6.18874013e-01
    7.43884683e-01 5.54270923e-01 8.02548468e-01 5.87434351e-01
    4.23165977e-01 6.20268822e-01 9.64059651e-01 4.75308418e-01
    4.40254271e-01 3.64285707e-03 1.92313731e-01 8.38809609e-01
    5.93340278e-01 2.76605844e-01 1.97502494e-01 9.50810015e-01
    2.81845093e-01 2.32652366e-01 1.17217481e-01 1.10003173e-01
    3.68571937e-01 9.45985615e-02 1.86738759e-01 5.42968094e-01
    3.57167780e-01 8.32984686e-01 1.01638377e-01 6.76922262e-01
    5.60734272e-01 1.26583576e-01 7.83959806e-01 2.99493074e-01
    6.34157181e-01 8.76275241e-01 9.18628454e-01 1.68933094e-01
    8.28648567e-01 7.86960661e-01 4.77300584e-01 1.22052044e-01
    1.04194939e-01 5.30268967e-01 4.61268604e-01 7.96961784e-01
    8.80117536e-01 1.91170752e-01 7.38377869e-01 8.89084339e-01
    2.75037706e-01 5.77678740e-01 3.94796848e-01 2.93970406e-02
    9.58654165e-01 9.48405385e-01 2.53519237e-01 1.09289974e-01
    7.21622229e-01 4.68095541e-02 4.15307283e-02 5.59492052e-01
    5.09112179e-01 4.21843827e-01 6.83763027e-01 5.49100399e-01
    2.70387292e-01 9.82724309e-01 5.27869880e-01 8.81530523e-01
    5.66714227e-01 6.04735851e-01 2.47742921e-01 8.90225172e-01
    4.96724933e-01 4.59126234e-01 1.89315259e-01 4.48772103e-01
    1.41966045e-01 5.09395421e-01 8.79992843e-02 6.35263979e-01
    7.19012260e-01 1.29104972e-01 2.73469478e-01 9.87321198e-01
    2.31546462e-01 8.59918714e-01 8.53327811e-01 1.36504829e-01
    1.92198485e-01 3.45912933e-01 8.17544460e-01 8.12355578e-02
    8.32736492e-01 7.16134667e-01 8.66510272e-02 3.74133676e-01
    3.54554951e-02 4.36564088e-01 3.18697125e-01 4.78447556e-01
    2.37480849e-01 2.92968720e-01 5.66790998e-01 7.68164754e-01
    5.19216120e-01 1.10830575e-01 5.81903279e-01 9.48069990e-02
    9.33730125e-01 3.60192895e-01 2.10256875e-01 8.91664088e-01
    2.28979945e-01 8.70371759e-01 2.54927635e-01 3.87869179e-01
    1.22037917e-01 2.13295758e-01 3.99566382e-01 7.81175196e-01
    9.25784945e-01 7.78996289e-01 5.93913198e-01 5.26642382e-01
    2.65251398e-01 4.98989075e-01 4.94450837e-01 9.65201497e-01
    2.37780511e-01 7.80646563e-01 6.07703924e-01 1.03246987e-01
    2.13631064e-01 5.55626750e-01 5.90803981e-01 4.99111414e-03
    8.61146688e-01 4.87650335e-01 9.86537635e-01 8.20035934e-01
    3.80069971e-01 9.89512384e-01 6.07656002e-01 6.84301198e-01
    2.27500498e-02 1.01320058e-01 6.46414697e-01 4.44999099e-01
    9.14312959e-01 3.86750996e-01 7.54191220e-01 1.13135576e-03
    2.34196246e-01 7.01846600e-01 9.14726377e-01 3.58312130e-01
    1.44930750e-01 7.73731172e-02 7.67685533e-01 5.74572027e-01
    2.99999237e-01 6.40912354e-01 3.86232734e-01 9.58233297e-01
    6.82556033e-01 2.19427824e-01 3.25375021e-01 5.14584601e-01
    5.73847175e-01 1.43216759e-01 2.19207585e-01 7.80887306e-01
    6.05586171e-01 7.30651081e-01 5.43315113e-01 6.52033687e-01
    4.45694715e-01 8.97682965e-01 7.88468003e-01 8.92455220e-01
    7.01967716e-01 5.63207984e-01 4.04258072e-01 9.64620709e-02
    9.82284188e-01 1.30982876e-01 3.88468146e-01 2.75667727e-01
    3.66895437e-01 2.06145078e-01 6.58261180e-01 3.10226828e-01
    2.29264021e-01 1.49548441e-01 9.82743502e-03 6.74913406e-01
    7.13406324e-01 5.75354338e-01 3.35974693e-02 9.24288988e-01
    3.58449459e-01 6.64992929e-01 3.61148655e-01 2.94622391e-01
    6.32571340e-01 3.34081173e-01 9.50086415e-02 6.14894092e-01
    5.48261821e-01 3.78793329e-01 3.99000585e-01 1.56507760e-01
    6.60138428e-02 6.32829070e-01 5.73236823e-01 9.02154565e-01
    2.75673926e-01 8.59540522e-01 4.75876033e-01 8.55698287e-01
    3.16424251e-01 2.69545913e-01 2.60560513e-01 2.20694482e-01
    1.03740990e-01 6.26243055e-01 6.53170526e-01 8.25089335e-01
    2.60112703e-01 8.39085817e-01 1.19729280e-01 6.54889882e-01
    4.73555237e-01 3.32238108e-01 9.85904574e-01 4.96262193e-01
    3.60934019e-01 7.48448312e-01 4.17967439e-01 7.82908499e-02
    3.45552385e-01 2.77756661e-01 9.52828169e-01 7.67838657e-02
    8.79168272e-01 8.32615018e-01 7.14226127e-01 1.35570973e-01
    2.82542706e-01 1.36076421e-01 7.64688849e-01 1.29724532e-01
    9.57403064e-01 6.04139686e-01 8.40134501e-01 7.28271365e-01
    2.96571881e-01 7.04263449e-02 3.86252344e-01 2.90348351e-01
    8.91871929e-01 7.37449288e-01 1.10030174e-02 9.69738126e-01
    2.08283633e-01 3.96543294e-01 7.72581160e-01 4.29441035e-01
    6.08342886e-01 3.59123707e-01 2.95606762e-01 9.17472243e-01
    1.17151618e-01 5.33322930e-01 8.26451838e-01 1.13529682e-01
    6.33766711e-01 2.40798056e-01 3.74486983e-01 4.39412355e-01
    3.96882623e-01 9.63077247e-02 5.88756979e-01 7.58064985e-01
    6.24486685e-01 8.99494410e-01 2.27868110e-01 3.00527632e-01
    8.66487265e-01 6.90005958e-01 2.71173924e-01 5.21842480e-01
    5.45021772e-01 4.26708132e-01 9.69849825e-01 5.30922592e-01
    4.47923124e-01 5.00581264e-01 1.85982049e-01 4.99427050e-01
    1.53319746e-01 7.93126047e-01 8.55454326e-01 7.48306632e-01
    4.63642329e-01 2.05945700e-01 6.64880395e-01 7.64701962e-01
    6.63369000e-01 6.96562171e-01 6.83284283e-01 2.35443681e-01
    9.08298850e-01 3.86878043e-01 7.60606945e-01 4.92622942e-01
    6.12568080e-01 8.52545381e-01 5.27023911e-01 5.86186111e-01
    5.43781817e-02 6.40158951e-02 6.33629680e-01 7.36319065e-01
    2.53257036e-01 9.59253907e-01 3.56679678e-01 6.31214797e-01
    3.66149485e-01 2.90248960e-01 3.25543165e-01 8.02097917e-02
    2.56531358e-01 8.91498983e-01 1.96785092e-01 5.23788035e-01
    8.78361225e-01 9.11495090e-01 2.19645292e-01 5.70706725e-01
    9.22949314e-01 4.68479514e-01 5.71531653e-02 7.51509905e-01
    2.20334828e-02 7.32135415e-01 7.49459982e-01 3.21127713e-01
    3.46636683e-01 1.84378684e-01 4.43443805e-01 2.83256173e-01
    4.80053991e-01 4.07895386e-01 1.93056434e-01 6.95533514e-01
    6.71706557e-01 3.81179154e-02 7.42418528e-01 3.12627852e-01
    3.95353287e-01 3.80718291e-01 7.78242946e-01 6.75698042e-01
    3.52950066e-01 7.29771256e-01 7.06923246e-01 5.54882586e-01
    2.39832699e-02 1.63497210e-01 5.45606077e-01 6.52857959e-01
    6.08611822e-01 3.78377259e-01 9.90491152e-01 9.17501092e-01
    5.65888345e-01 7.57047534e-03 4.54032511e-01 8.25870633e-01
    3.36451769e-01 9.04701710e-01 4.36942279e-01 6.10810280e-01
    9.18081343e-01 2.71328688e-01 5.86736679e-01 1.79100066e-01
    9.29212093e-01 8.33416343e-01 3.84894192e-01 2.23269403e-01
    9.08258259e-01 8.48274529e-01 8.38669300e-01 1.88320965e-01
    9.69951630e-01 8.10017765e-01 5.71236432e-01 7.79749036e-01
    7.08544254e-02 8.50836635e-01 7.17099965e-01 1.25859916e-01
    7.62360454e-01 7.12373316e-01 3.88201922e-01 2.44981378e-01
    7.13532209e-01 1.33084536e-01 5.90116799e-01 7.13991761e-01
    8.93730223e-01 8.48089218e-01 3.52516532e-01 8.80987167e-01
    3.80545616e-01 2.71362036e-01 2.68682569e-01 7.83398330e-01
    6.66064739e-01 6.88251615e-01 6.55633688e-01 7.68774033e-01
    8.64259243e-01 7.02055812e-01 1.34615868e-01 4.17716205e-02
    9.47769403e-01 9.70514178e-01 5.40333152e-01 4.24830258e-01
    4.40050185e-01 3.69940013e-01 2.35193819e-01 4.02162969e-01
    4.63820428e-01 1.67510509e-02 1.93157881e-01 7.38550901e-01
    6.91567242e-01 1.22239470e-01 9.64351177e-01 4.83160019e-01
    5.84126234e-01 4.27496791e-01 9.50617552e-01 7.46844292e-01
    9.64426637e-01 4.32266891e-01 3.83098811e-01 7.54029155e-01
    4.89812940e-01 9.12676692e-01 5.42070150e-01 2.87319005e-01
    5.55523515e-01 8.67685497e-01 3.58885705e-01 6.78769112e-01
    1.24616623e-01 8.43688488e-01 7.68607140e-01 9.60686445e-01
    7.03999758e-01 1.61579758e-01 7.85554528e-01 9.84866917e-02
    9.93517637e-01 2.18880713e-01 2.23661065e-01 5.48860908e-01
    9.17849541e-01 4.84182328e-01 3.96175534e-01 5.59745967e-01
    6.79788232e-01 1.98877335e-01 4.16235656e-01 3.25844109e-01
    6.92966104e-01 7.35369980e-01 8.76613617e-01 3.68676841e-01
    8.95279527e-01 5.08680046e-02 2.03441352e-01 1.68145299e-02
    2.75891423e-01 8.44643295e-01 1.50511205e-01 6.21160328e-01
    9.76394355e-01 5.26781023e-01 2.01907784e-01 3.36001515e-01
    1.15153491e-02 5.36491096e-01 4.60137129e-01 5.48873365e-01
    9.59839225e-01 6.68534160e-01 9.50733006e-01 2.56955415e-01
    5.34507334e-01 7.27963984e-01 5.83242774e-01 3.00685406e-01
    8.64375830e-01 7.62600303e-02 2.31956810e-01 2.48775274e-01
    6.23457611e-01 2.01055199e-01 5.36232650e-01 5.74562013e-01
    2.04708099e-01 2.10703611e-02 9.72215056e-01 5.69556653e-01
    2.07758933e-01 1.90549314e-01 1.01425409e-01 2.69213438e-01
    4.88279879e-01 6.16850197e-01 1.91461146e-01 6.63064182e-01
    2.82560021e-01 4.86657768e-01 3.04904282e-01 5.28776288e-01
    5.83907843e-01 3.07701230e-01 1.53007895e-01 1.07740462e-01
    6.51474893e-02 7.08588779e-01 5.26646733e-01 7.26833344e-01
    4.21235055e-01 3.46298188e-01 3.45499039e-01 9.03591752e-01
    1.83977842e-01 5.66254497e-01 4.25083727e-01 1.29645467e-02
    9.93312001e-02 2.24642962e-01 6.56169713e-01 6.96886897e-01
    5.37978113e-01 2.84604669e-01 2.33730435e-01 3.06650639e-01
    1.04342103e-01 2.89536834e-01 6.91535294e-01 3.04339468e-01
    9.37597632e-01 6.59214616e-01 6.53344810e-01 7.92750120e-01
    5.76020062e-01 5.18221617e-01 3.90710443e-01 3.25280726e-02
    3.59047651e-02 3.36219490e-01 2.82670677e-01 6.66633725e-01
    2.97943294e-01 2.10548162e-01 1.49982184e-01 5.39804161e-01
    8.03296447e-01 6.45659268e-01 4.34618384e-01 2.49327689e-01
    4.39776003e-01 2.15572149e-01 1.13415539e-01 8.46925378e-01
    4.22915518e-02 1.62849486e-01 8.40192676e-01 8.35650086e-01
    6.62077904e-01 3.94189686e-01 3.60021889e-02 8.52823734e-01
    8.56479585e-01 7.71042466e-01 7.08314002e-01 9.32632327e-01
    5.91794550e-01 1.36483610e-01 3.96873087e-01 1.56810760e-01
    2.78603762e-01 3.68187785e-01 2.64393270e-01 7.85275459e-01
    2.75128633e-01 6.82914019e-01 7.55044818e-03 6.15843713e-01
    2.72151113e-01 9.30675030e-01 2.88013905e-01 5.74960589e-01
    2.11218834e-01 8.92981172e-01 7.67493963e-01 2.57620692e-01
    3.01807225e-01 8.11863184e-01 2.92560041e-01 7.83722401e-01
    9.49038625e-01 6.10098302e-01 6.85172081e-01 2.33517468e-01
    3.35654378e-01 9.01999950e-01 8.44845355e-01 7.79291093e-02
    1.33451223e-02 1.45693123e-01 6.72271132e-01 4.59781110e-01
    3.11451852e-01 8.72720778e-02 9.62884068e-01 2.68014878e-01
    9.34562206e-01 4.82484728e-01 8.90148282e-01 1.65209115e-01
    1.49266660e-01 6.14561737e-02 6.64819121e-01 5.11309743e-01
    9.82947111e-01 2.16008157e-01 2.04243958e-01 2.70675063e-01
    5.37994027e-01 1.90466106e-01 5.53147733e-01 5.47317028e-01
    9.24938798e-01 3.94695908e-01 7.75253594e-01 1.64375842e-01
    9.46386933e-01 8.92215490e-01 8.38519931e-01 6.72988296e-01
    6.47690833e-01 7.70110607e-01 2.91869938e-02 4.59873706e-01
    8.56964469e-01 2.95001745e-01 7.21966684e-01 4.51485515e-02
    2.75199354e-01 6.26693547e-01 6.41062140e-01 5.72255909e-01
    8.65234137e-01 6.44482493e-01 7.55952716e-01 3.28282356e-01
    2.23373413e-01 6.21198833e-01 3.34972441e-01 7.02736378e-01
    9.53886449e-01 5.63654244e-01 5.26827455e-01 8.40020537e-01
    1.07466996e-01 9.01467443e-01 6.75553501e-01 9.42890882e-01
    3.34609449e-01 4.32217747e-01 6.51674628e-01 1.94279432e-01
    8.06769371e-01 6.27621293e-01 3.68759811e-01 3.81173640e-01
    8.69957507e-02 1.35207057e-01 8.30669522e-01 9.85669613e-01
    8.88536811e-01 4.06626642e-01 8.26261520e-01 1.43747330e-01
    4.28068191e-01 7.04057992e-01 9.19203877e-01 9.02428031e-01
    7.97767401e-01 3.05376172e-01 3.59908491e-01 4.86945868e-01
    5.42575717e-01 3.92914236e-01 6.95328712e-01 7.29451299e-01
    8.94807518e-01 5.28145313e-01 8.55022252e-01 7.26752996e-01
    6.98966026e-01 8.07119489e-01 6.40112042e-01 7.68636465e-01
    2.58485854e-01 7.12290287e-01 1.09002829e-01 2.38059700e-01
    7.60984600e-01 9.92347896e-01 8.88404012e-01 5.66205621e-01
    6.47478700e-01 1.58600807e-02 5.96179366e-01 3.36424589e-01
    6.54973865e-01 4.82852161e-02 5.71657956e-01 9.53994095e-01
    5.80831409e-01 5.93052864e-01 6.49330497e-01 4.21671361e-01
    5.58465779e-01 6.96756244e-02 7.22555816e-01 1.56134993e-01
    7.96411276e-01 4.68504786e-01 7.08308816e-01 5.84820271e-01
    6.68540716e-01 8.57906699e-01 3.64109755e-01 6.72099531e-01
    3.28354239e-01 4.18534487e-01 4.43128616e-01 9.63948250e-01
    6.24706089e-01 5.94924688e-01 3.57102811e-01 9.34057057e-01
    3.90667379e-01 6.93264604e-01 5.59634924e-01 5.89648068e-01
    5.69830418e-01 9.96206164e-01 4.50386047e-01 4.78176117e-01
    2.27743506e-01 8.50494981e-01 4.19882178e-01 2.78686285e-02
    9.22045469e-01 7.15950727e-01 3.94101441e-01 9.03435349e-01
    6.30130112e-01 7.06863105e-02 2.14142501e-01 4.61857826e-01
    1.87965840e-01 9.78482783e-01 1.73366159e-01 8.97721648e-01
    4.01038289e-01 4.41854835e-01 2.92405158e-01 3.56525123e-01
    4.11272049e-03 4.37981606e-01 8.30276608e-01 2.82657087e-01
    6.29228115e-01 1.61261737e-01 4.35053498e-01 8.40942383e-01
    3.84694844e-01 4.20589566e-01 6.10642433e-02 8.01470637e-01
    3.95347267e-01 2.69947261e-01 6.46366596e-01 9.43393886e-01
    8.17672193e-01 9.14672136e-01 9.35460150e-01 7.33952165e-01
    9.40093458e-01 2.78824508e-01 7.99631953e-01 2.48925894e-01
    9.30253565e-01 2.69747317e-01 3.62235904e-01 7.45410979e-01
    6.35592520e-01 7.91027904e-01 8.02664161e-01 1.49054974e-01
    1.28205448e-01 8.99576843e-01 9.70968604e-01 4.45173681e-01
    6.18069649e-01 2.34655440e-02 5.60320973e-01 8.12727332e-01
    3.25387359e-01 4.66612220e-01 1.45913541e-01 2.71787882e-01
    9.64655995e-01 6.08767211e-01 5.17319381e-01 7.93493509e-01
    6.06206000e-01 2.23525196e-01 7.51198888e-01 6.64510727e-01
    1.31967932e-01 9.35082734e-02 4.65098619e-01 2.09595054e-01
    9.82860684e-01 1.40213370e-02 3.13541472e-01 1.92586213e-01
    6.12520218e-01 4.60926026e-01 6.75662994e-01 7.89304376e-01
    6.60368502e-02 5.17816126e-01 8.05650949e-01 9.71288025e-01
    1.14352703e-01 4.61327285e-01 7.67053485e-01 7.34174967e-01
    5.34794033e-01 3.24036688e-01 8.91185641e-01 2.40881205e-01
    5.16895235e-01 2.05928147e-01 3.74234676e-01 2.33878881e-01
    9.95172560e-01 9.53315735e-01 7.87421346e-01 5.15333593e-01
    9.69660878e-01 8.60535502e-01 9.30015624e-01 4.24478561e-01
    1.28992766e-01 4.77162123e-01 4.18804020e-01 1.05673224e-01
    7.62987792e-01 6.68418705e-02 8.27334106e-01 2.24023789e-01
    3.63537133e-01 1.38144791e-01 3.19611251e-01 4.91780400e-01
    9.24001098e-01 9.61619139e-01 3.73191535e-01 1.16697311e-01
    1.23865932e-01 9.28739786e-01 1.47104502e-01 7.80303478e-01
    5.46515286e-01 8.52410257e-01 9.87759948e-01 5.93472362e-01
    1.70209169e-01 1.85899645e-01 8.32907557e-01 9.23064232e-01
    1.31390750e-01 2.38250911e-01 9.17729259e-01 6.10344291e-01
    2.45289773e-01 8.54009986e-01 8.94133747e-01 9.35709655e-01
    2.81275988e-01 7.52681613e-01 5.38666427e-01 1.93663061e-01
    2.46514529e-01 1.16328448e-01 5.47613621e-01 7.67359495e-01
    7.49199450e-01 1.02925152e-01 4.07826930e-01 5.93681633e-02
    4.28037673e-01 9.69622552e-01 4.43423033e-01 8.47241819e-01
    7.48996019e-01 9.84175563e-01 4.61714655e-01 6.12846196e-01
    4.46166217e-01 9.62058306e-01 1.11803561e-01 2.49249011e-01
    8.95173073e-01 8.68675947e-01 3.55958998e-01 9.64381337e-01
    7.52981126e-01 6.24012947e-01 1.98061764e-02 7.71009564e-01
    7.08235562e-01 7.50686407e-01 8.64317894e-01 6.94535315e-01
    4.05052066e-01 8.72394621e-01 9.45169568e-01 1.96143568e-01
    7.86614895e-01 7.82757342e-01 6.35818243e-01 2.36708462e-01
    6.74255192e-01 2.70385385e-01 5.75955510e-02 6.16584182e-01
    8.97223234e-01 8.42266083e-02 2.50025928e-01 3.04290652e-02
    3.06229025e-01 2.59486079e-01 8.38966131e-01 8.69119644e-01
    1.32377744e-02 9.44093823e-01 4.96391028e-01 5.18523753e-01
    6.96947098e-01 8.47574115e-01 7.88208842e-01 7.08373666e-01
    1.06681377e-01 1.86267942e-01 8.77864659e-02 3.57426405e-02
    4.20439661e-01 5.80906570e-02 8.85754347e-01 5.71180165e-01
    5.39398789e-01 7.06712306e-02 8.75110865e-01 9.83229756e-01
    7.49354362e-02 1.55159205e-01 1.14029795e-01 5.10935664e-01
    9.04028654e-01 2.26237446e-01 9.35919642e-01 6.69349194e-01
    4.64529842e-01 7.55345941e-01 1.96770340e-01 3.21508467e-01
    8.14703584e-01 9.84221458e-01 8.20534110e-01 3.76274288e-01
    1.96911812e-01 1.29495889e-01 3.21624577e-01 4.47334021e-01
    3.65815610e-01 3.94313157e-01 5.40599942e-01 2.08475769e-01
    2.25189567e-01 8.77593160e-01 8.32931101e-01 7.63170004e-01
    3.04778099e-01 1.93242460e-01 1.88941598e-01 5.90677977e-01
    8.80068839e-01 2.74585217e-01 2.69511878e-01 9.88966763e-01
    4.70343739e-01 5.18924534e-01 5.40537357e-01 7.39111066e-01
    9.59333539e-01 7.76130378e-01 4.15325165e-02 6.96879447e-01
    1.75701171e-01 2.14749128e-01 9.58915472e-01 3.52431834e-01
    6.59279168e-01 2.10459352e-01 1.72628611e-01 1.65596604e-02
    9.40082669e-01 4.96783912e-01 4.52022433e-01 7.39283204e-01
    4.68109667e-01 8.24680328e-01 7.66437590e-01 4.94896531e-01
    8.71046543e-01 4.35966104e-01 2.13857859e-01 5.00358999e-01
    8.80344987e-01 5.52121282e-01 1.53955668e-01 9.37288344e-01
    9.00523722e-01 5.59609234e-02 9.68278050e-01 9.47386026e-03
    2.83849657e-01 4.60538328e-01 3.85816127e-01 8.75197530e-01
    1.56373709e-01 2.08643764e-01 9.12572443e-02 4.58681911e-01
    5.10766327e-01 2.80398726e-01 2.41460949e-01 1.33176863e-01
    2.46471137e-01 7.38036931e-02 2.85014659e-01 9.65322852e-01
    8.98727775e-03 3.19900542e-01 2.99602002e-01 2.89885968e-01
    2.24967986e-01 7.88572073e-01 2.87173331e-01 1.35219365e-01
    6.09452546e-01 3.15514803e-01 2.57883698e-01 3.90813470e-01
    1.90552711e-01 8.76944304e-01 7.33071506e-01 3.16363573e-03
    7.62618482e-01 8.38684678e-01 6.48218930e-01 2.24929065e-01
    9.64150488e-01 5.34760952e-01 3.37603420e-01 8.58227313e-02
    5.91283500e-01 7.44682074e-01 2.87577748e-01 8.77702951e-01
    9.52830553e-01 9.52430129e-01 5.28946280e-01 3.21958363e-01
    9.69592214e-01 1.90500647e-01 9.66959894e-02 9.23313081e-01
    5.95505714e-01 2.66643167e-02 8.45988393e-02 6.67225242e-01
    1.50514424e-01 7.60553241e-01 7.44712114e-01 3.38811934e-01
    9.37018156e-01 1.44051403e-01 3.29480052e-01 9.41623211e-01
    2.41427094e-01 6.21284962e-01 8.09212625e-01 7.08380163e-01
    2.34450310e-01 4.74441648e-02 4.86075759e-01 2.48035759e-01
    3.18922788e-01 3.15260291e-02 7.51082182e-01 5.75618088e-01
    8.08281302e-01 6.20513320e-01 2.26398975e-01 6.21210337e-02
    1.62682563e-01 7.14259028e-01 2.55383492e-01 4.95306075e-01
    8.81838441e-01 4.20797229e-01 3.18650603e-01 5.74037433e-02
    1.12869084e-01 3.18106204e-01 8.02596688e-01 5.81326246e-01
    1.85803950e-01 9.14449036e-01 7.82271981e-01 9.33161736e-01
    7.38072693e-01 1.15444839e-01 8.78536701e-03 3.74320745e-02
    3.35857242e-01 2.83273101e-01 4.82888460e-01 8.96680713e-01
    8.30886245e-01 2.90289342e-01 5.56850314e-01 6.78243876e-01
    3.88002545e-01 4.57798362e-01 6.96851075e-01 7.49680161e-01
    1.20685846e-01 8.00913632e-01 3.12877238e-01 6.78619146e-02
    2.02401698e-01 7.89327383e-01 4.57840621e-01 5.77378094e-01
    8.07367742e-01 5.21673739e-01 8.82003725e-01 6.87537074e-01
    4.23281640e-01 1.10767484e-02 1.65074915e-01 1.47345275e-01
    8.76631796e-01 1.95506990e-01 3.89962405e-01 7.92736113e-01
    4.25982177e-02 6.74458683e-01 9.48594570e-01 3.06062132e-01
    8.55941772e-01 9.18196201e-01 7.93217182e-01 5.80173373e-01
    1.51531249e-01 2.36812413e-01 9.98747587e-01 2.36122727e-01
    6.60777569e-01 5.45397103e-01 9.69498813e-01 1.04023963e-01
    8.86563301e-01 5.03331780e-01 5.86768448e-01 7.98144400e-01
    9.86831784e-02 6.89739048e-01 7.81197548e-01 6.97642684e-01
    8.36616635e-01 9.92810965e-01 8.79276454e-01 8.54709864e-01
    6.40832782e-01 4.91310835e-01 6.02236032e-01 1.10873699e-01
    5.94626069e-01 8.45146179e-01 9.01044309e-01 9.74346161e-01
    4.40921098e-01 2.30370462e-02 5.66411257e-01 7.74241269e-01
    7.65883565e-01 1.37152374e-02 8.60274196e-01 3.23153734e-01
    5.52905440e-01 9.21540201e-01 4.87098038e-01 6.45301700e-01
    9.61122036e-01 1.08464777e-01 8.66137505e-01 8.33034277e-01
    7.53940940e-01 8.30159783e-01 7.04602361e-01 8.66971731e-01
    2.86573231e-01 2.92827070e-01 8.79702330e-01 2.23226100e-01
    4.95002866e-02 1.56928688e-01 3.94876301e-02 7.53113627e-01
    7.89573908e-01 1.47248894e-01 4.09152538e-01 5.03018618e-01
    3.89019519e-01 8.94197106e-01 1.74739778e-01 7.53973722e-01
    3.79874259e-01 9.44827139e-01 2.26004004e-01 9.87034619e-01
    9.43771243e-01 3.71671081e-01 7.32328475e-01 6.57703757e-01
    1.90553069e-01 4.70636040e-01 7.88799226e-01 9.03662086e-01
    9.07509208e-01 1.32337540e-01 5.76797128e-01 3.90280187e-01
    6.31750345e-01 4.34184879e-01 3.73970479e-01 9.44875181e-01
    2.45459288e-01 2.16855854e-01 7.74836302e-01 5.66469431e-02
    8.36115956e-01 7.61387944e-01 5.66002131e-01 6.58535600e-01
    8.45098019e-01 4.42628235e-01 6.12104356e-01 7.26987422e-02
    4.17581588e-01 2.80379117e-01 6.60117090e-01 7.86167026e-01
    7.24289894e-01 5.71620107e-01 8.00993919e-01 6.66386008e-01
    2.05233604e-01 3.93178612e-01 4.69951391e-01 7.77993023e-01
    7.98203707e-01 6.23446763e-01 9.44958031e-01 2.10094154e-02
    6.03962243e-02 9.26422834e-01 4.33584929e-01 2.39182919e-01
    6.45566702e-01 7.22472370e-01 6.73957527e-01 4.74115282e-01
    4.07874584e-04 5.92084587e-01 3.21852863e-01 3.76352131e-01
    8.73438239e-01 7.50837922e-01 3.75108421e-01 9.78191495e-01
    7.05051720e-01 9.76237893e-01 9.49259341e-01 8.61006021e-01
    7.48100638e-01 4.70873117e-02 1.47944123e-01 5.09877861e-01
    1.15540594e-01 1.09969288e-01 9.36633229e-01 6.45669281e-01
    7.27068186e-02 4.54844892e-01 1.66011065e-01 3.42145741e-01
    1.13981336e-01 3.30860108e-01 7.63101578e-02 6.76493227e-01
    9.71463025e-01 6.84073925e-01 8.01558614e-01 9.52952147e-01
    6.04388952e-01 1.08475208e-01 3.64548206e-01 7.52788723e-01
    7.74849296e-01 7.23794997e-02 5.24330556e-01 3.55015993e-02
    2.25785106e-01 1.69016242e-01 8.07976604e-01 8.99607062e-01
    2.26437896e-01 6.86363041e-01 4.99234438e-01 5.03767431e-01
    1.97713673e-02 2.98038900e-01 3.47296178e-01 1.51198536e-01
    6.98369503e-01 9.17000771e-01 4.06123102e-02 9.71566439e-01
    9.04327929e-01 1.67995811e-01 5.61134577e-01 6.09922886e-01
    5.74645340e-01 8.22253585e-01 5.82333744e-01 4.08371747e-01
    1.20177805e-01 7.08187401e-01 2.68734038e-01 5.89924574e-01
    4.73602802e-01 3.12912881e-01 1.26513839e-03 1.60615623e-01
    3.18717659e-02 6.17527843e-01 7.70402491e-01 2.17293143e-01
    7.99793601e-02 3.95952761e-01 5.31574965e-01 2.00305045e-01
    7.90203929e-01 7.93669820e-01 6.73982561e-01 8.42073858e-01
    2.39279866e-02 6.69257700e-01 9.32495415e-01 3.82690281e-01
    9.42023873e-01 3.04607004e-01 1.61047280e-01 4.19959158e-01
    1.40445292e-01 5.72205186e-01 3.91399086e-01 5.14304817e-01
    1.96460456e-01 2.75408030e-01 3.13901901e-03 6.65622652e-01
    6.89184725e-01 6.66016638e-01 9.63383675e-01 8.23422432e-01
    7.97517776e-01 1.99934900e-01 8.46548140e-01 3.09576482e-01
    2.48305231e-01 3.87455821e-01 6.73683405e-01 3.55442494e-01
    5.16517222e-01 6.73214078e-01 2.91998208e-01 1.50155723e-01
    8.24142456e-01 3.13827693e-01 9.15320873e-01 5.90636909e-01
    3.47355306e-01 6.62714720e-01 6.91526890e-01 7.82863379e-01
    6.36496902e-01 2.83923566e-01 4.03562814e-01 7.57302880e-01
    6.88934565e-01 9.17599797e-01 7.60193944e-01 9.58786011e-01
    3.30977529e-01 4.65335578e-01 7.34186113e-01 7.85936236e-01
    7.04289913e-01 1.51399940e-01 3.07389021e-01 4.99942303e-02
    5.95807254e-01 2.96504855e-01 3.29160184e-01 2.26560622e-01
    4.37008739e-01 1.22255147e-01 7.17812002e-01 5.19579470e-01
    8.54216993e-01 1.31627917e-03 4.65034902e-01 1.58608735e-01
    3.79456401e-01 9.87785876e-01 2.38680929e-01 7.61108041e-01
    5.37233770e-01 7.37916946e-01 9.19423342e-01 5.56181431e-01
    6.04830086e-01 1.59229457e-01 1.12345815e-02 6.58485532e-01
    8.13712478e-02 2.89966464e-01 7.36295581e-01 3.30690086e-01
    3.57665837e-01 9.78961527e-01 5.25642335e-01 3.85086209e-01
    4.34803665e-01 5.83831012e-01 5.35626352e-01 1.55948669e-01
    3.91374439e-01 9.10368323e-01 3.20610762e-01 1.77550286e-01
    5.78135252e-02 8.35557103e-01 3.46561670e-02 3.47332776e-01
    9.86474395e-01 2.79262096e-01 3.92869473e-01 3.68196011e-01
    4.54503447e-01 2.30535775e-01 3.74717742e-01 9.40571189e-01
    5.71781754e-01 7.88606763e-01 7.59189844e-01 9.55655813e-01
    7.69815326e-01 9.62029576e-01 1.97849989e-01 3.12987268e-02
    2.38719881e-01 6.87261224e-02 6.39419138e-01 4.04613197e-01
    4.91602123e-01 3.58073920e-01 8.46926212e-01 8.09915245e-01
    6.63578868e-01 8.56980920e-01 6.16857886e-01 8.25151682e-01
    4.01391119e-01 6.84118867e-02 4.25786108e-01 6.48569465e-02
    4.89219010e-01 9.84021306e-01 6.53753459e-01 8.08499932e-01
    1.27284944e-01 8.64404440e-01 5.76797605e-01 9.57883120e-01
    5.81182361e-01 5.23144186e-01 1.37080848e-01 7.87640154e-01
    4.77121770e-02 2.57112652e-01 5.27127981e-02 1.73621446e-01
    6.74296916e-02 1.61962211e-02 9.77389514e-02 2.26189464e-01
    7.70815432e-01 1.54162794e-01 2.11220235e-01 6.96651459e-01
    1.92024738e-01 8.77690196e-01 7.50909328e-01 8.30955625e-01
    8.77256095e-01 5.76327085e-01 8.30984592e-01 7.71429062e-01
    9.87854958e-01 7.16073990e-01 3.87863874e-01 5.31709671e-01
    3.55725527e-01 4.95753855e-01 8.98802757e-01 5.04001319e-01
    2.17099488e-01 5.96708477e-01 4.58953321e-01 7.57803917e-02
    9.96919751e-01 2.74104476e-02 5.08298695e-01 9.85637546e-01
    2.74943769e-01 8.24878216e-02 2.99932063e-02 5.94350636e-01
    5.82162857e-01 1.55857503e-01 5.42341411e-01 1.88968569e-01
    7.87420034e-01 8.71914029e-01 2.68121183e-01 9.94894326e-01
    5.29932559e-01 2.65857399e-01 8.15638602e-02 7.71463394e-01
    5.42468131e-01 8.29361022e-01 2.25586444e-01 7.64335036e-01
    6.16477251e-01 5.87223947e-01 2.56428897e-01 7.81173110e-01
    9.40447211e-01 4.92689192e-01 8.78083169e-01 6.19802773e-01
    8.70501876e-01 1.24605805e-01 4.83657777e-01 6.33056164e-02
    1.30883813e-01 4.93340373e-01 8.74463081e-01 4.20323551e-01
    6.87684298e-01 4.30378914e-02 7.88358688e-01 1.34540826e-01
    7.25254953e-01 3.48687768e-02 6.28981948e-01 6.45577669e-01
    6.57109678e-01 2.57346511e-01 7.57011592e-01 3.49594623e-01
    9.18002903e-01 8.05158734e-01 2.75487572e-01 5.25143743e-02
    5.20163417e-01 2.08902985e-01 3.97823751e-01 8.26403975e-01
    4.59509581e-01 1.32432401e-01 2.35950619e-01 8.31742048e-01
    6.08922541e-01 3.77766252e-01 3.70328665e-01 1.07604802e-01
    7.88217664e-01 5.96389472e-02 5.76089799e-01 2.61523485e-01
    3.71039510e-02 4.85320210e-01 9.60851073e-01 6.74262524e-01
    3.96391332e-01 5.60575664e-01 7.36806273e-01 7.07057595e-01
    9.70800996e-01 8.68181467e-01 2.59522498e-02 4.87035125e-01
    7.93186426e-01 8.81763339e-01 8.18915725e-01 3.66775393e-01
    3.26413989e-01 3.58810812e-01 6.14957571e-01 1.68917924e-01
    9.73619580e-01 2.42727757e-01 6.72565341e-01 3.38313937e-01
    2.50698566e-01 4.11355853e-01 4.13761646e-01 8.89061868e-01
    1.54930681e-01 8.68538022e-03 8.69137526e-01 8.87941182e-01
    2.48406082e-01 8.95908773e-01 8.72255683e-01 7.09563196e-01
    3.97562623e-01 7.06627846e-01 3.48791182e-01 5.78827977e-01
    8.73451471e-01 2.76206970e-01 6.15825236e-01 5.34873605e-01
    6.06479824e-01 1.05222344e-01 2.71660089e-01 3.91256839e-01
    7.26826191e-02 8.31934452e-01 5.68015575e-01 3.96072358e-01
    8.86097908e-01 4.89631623e-01 1.29266918e-01 9.44474339e-01
    1.41790509e-02 1.66512936e-01 6.56455576e-01 1.22984290e-01
    6.69517100e-01 7.56110907e-01 7.34394431e-01 5.10499656e-01
    2.15381712e-01 2.96777964e-01 8.17985058e-01 1.47801667e-01
    8.15340042e-01 1.35947853e-01 8.64328861e-01 5.93153954e-01
    7.10183680e-01 4.23401147e-01 7.54875541e-01 5.44354498e-01
    3.22079539e-01 8.50622535e-01 4.49225962e-01 2.00209111e-01
    5.23266315e-01 7.77109504e-01 2.70383477e-01 8.10017109e-01
    7.16960132e-01 9.62763608e-01 9.50183153e-01 6.60342693e-01
    9.57602143e-01 6.93981469e-01 1.45845562e-01 1.59373432e-01
    5.36149621e-01 5.92145324e-01 7.24201024e-01 9.31924224e-01
    4.56550062e-01 9.99559760e-01 9.51749325e-01 1.29512519e-01
    4.07266408e-01 2.44655073e-01 7.63054609e-01 7.04212964e-01
    8.95159006e-01 8.50664079e-02 6.34596944e-01 1.94954455e-01
    9.77684081e-01 5.46141684e-01 1.48737580e-01 7.78686166e-01
    1.85693175e-01 6.58789754e-01 7.18123496e-01 2.20837891e-02
    1.01642728e-01 8.73556137e-01 6.40079021e-01 5.73736429e-01
    3.11835110e-02 3.17270219e-01 5.15304923e-01 8.11438322e-01
    7.86712289e-01 5.11024237e-01 7.73204505e-01 8.41777325e-01
    4.71810102e-01 7.99484730e-01 1.84911609e-01 2.63671100e-01
    3.24287117e-01 8.79305005e-01 6.56459928e-01 5.84522128e-01
    9.68855619e-02 8.62103403e-02 6.52745724e-01 7.13668346e-01
    2.39272296e-01 2.90995747e-01 1.41633481e-01 4.19861317e-01
    6.19505346e-01 2.54499316e-02 1.92311525e-01 3.95076811e-01
    8.09643388e-01 2.89499223e-01 4.36901033e-01 5.78081489e-01
    8.33833575e-01 7.28727043e-01 8.01794112e-01 4.92782593e-01
    2.27806866e-01 4.63082314e-01 8.71540010e-02 7.26951659e-01
    6.44326687e-01 6.26074255e-01 4.42642778e-01 3.00517470e-01
    8.58779073e-01 6.15730464e-01 3.78960401e-01 4.72199112e-01
    1.02232516e-01 2.39381909e-01 1.04174256e-01 2.70880580e-01
    4.26476002e-01 4.08473164e-01 2.70225495e-01 2.07199752e-01
    2.32397914e-02 8.42608690e-01 5.77547669e-01 5.54711461e-01
    8.70582461e-01 4.88285661e-01 1.55788541e-01 6.32095635e-02
    4.05199766e-01 6.71208084e-01 3.40407789e-01 2.70719051e-01
    7.37613678e-01 6.33596420e-01 3.49749804e-01 4.96416628e-01
    3.49744469e-01 3.25881183e-01 3.24537456e-02 3.92010510e-01
    6.81046963e-01 6.87355161e-01 3.24738473e-01 8.85088682e-01
    6.06438160e-01 4.92763102e-01 8.58895540e-01 4.14953500e-01
    9.79045987e-01 7.71878600e-01 2.33641088e-01 1.34131789e-01
    8.84360373e-02 7.47500062e-01 4.64563608e-01 6.14151001e-01
    5.28984308e-01 8.71704161e-01 5.98776877e-01 2.39008218e-01
    6.48969948e-01 2.52670944e-01 3.59285772e-01 7.93596625e-01
    3.21685702e-01 2.82761872e-01 2.94581056e-03 8.48608613e-01
    4.52829063e-01 5.26120067e-01 5.49153686e-01 2.02477157e-01
    9.97812271e-01 6.90842867e-01 6.84737682e-01 3.15920681e-01
    5.77267170e-01 2.10682034e-01 5.41601360e-01 8.61080945e-01
    6.53463542e-01 4.02631819e-01 1.66694134e-01 5.69877505e-01
    1.28743321e-01 9.07517672e-01 6.92204595e-01 8.38483393e-01
    2.76294947e-02 9.38181698e-01 3.33376825e-02 6.65256977e-01
    5.07248402e-01 3.72691453e-01 6.93711340e-01 9.16130006e-01
    5.32214344e-01 7.90145576e-01 8.33400726e-01 1.91834092e-01
    8.64117265e-01 7.36770332e-02 2.36875474e-01 4.32392001e-01
    7.64465272e-01 2.59833813e-01 3.85403574e-01 7.59662926e-01
    5.91296077e-01 3.71084809e-02 8.37066889e-01 5.42204022e-01
    8.77171814e-01 6.97037160e-01 7.53095627e-01 4.39199477e-01
    8.05614948e-01 4.04221594e-01 7.97289014e-01 7.52771020e-01
    7.15708315e-01 3.44358176e-01 3.11403215e-01 1.11388832e-01
    6.00578427e-01 6.03414178e-01 7.66930699e-01 5.05572140e-01
    6.83146536e-01 8.95058274e-01 6.76149845e-01 9.51149225e-01
    2.32592762e-01 3.42316031e-01 7.05730617e-01 3.06970149e-01
    8.76749218e-01 4.96142656e-01 6.83992326e-01 2.19355345e-01
    9.95530963e-01 9.99873102e-01 3.73974383e-01 3.78447354e-01
    9.76682186e-01 3.35186213e-01 8.70018363e-01 4.31207955e-01
    8.88146639e-01 5.89933872e-01 9.13279891e-01 3.14575344e-01
    8.04369330e-01 8.31449389e-01 2.09767997e-01 5.22332132e-01
    2.25158215e-01 6.08622193e-01 4.48901057e-02 2.17043221e-01
    2.30715632e-01 7.91186988e-02 7.22715735e-01 3.95228773e-01
    1.06986314e-01 3.87350500e-01 6.23656869e-01 4.44232851e-01
    2.05848217e-02 5.80496848e-01 9.72750962e-01 1.43257052e-01
    6.52542174e-01 2.28310883e-01 1.51614785e-01 3.99157912e-01
    7.02164412e-01 4.54450428e-01 7.35068023e-01 5.19488990e-01
    9.15763438e-01 3.80078614e-01 6.23003185e-01 3.78812045e-01
    7.04630435e-01 5.07476568e-01 3.94764900e-01 1.23927772e-01
    9.05506670e-01 2.55049825e-01 2.24768102e-01 7.77583122e-02
    9.31633472e-01 4.66900438e-01 1.48078084e-01 8.02147746e-01
    6.39542162e-01 5.00081480e-02 5.53300321e-01 1.06199086e-02
    3.90362442e-02 4.07310545e-01 7.19040036e-01 2.60350347e-01
    4.83006120e-01 9.19200480e-01 7.82559752e-01 3.74545872e-01
    2.64028162e-01 4.51949954e-01 9.48298275e-02 6.40414238e-01
    2.52730787e-01 3.10436487e-01 4.52704191e-01 7.55698085e-01
    2.79040873e-01 4.57130551e-01 2.43451446e-01 4.27868068e-02
    2.90040016e-01 4.56055194e-01 3.63001227e-01 4.79341745e-01
    3.95903796e-01 6.95064068e-01 1.54988885e-01 4.25782919e-01
    6.59016252e-01 9.60833728e-02 5.26084781e-01 5.90120673e-01
    8.84582222e-01 6.29939973e-01 7.68602967e-01 5.16586483e-01
    1.81838602e-01 5.85496247e-01 2.14316308e-01 2.21425056e-01
    4.96054292e-01 1.84794754e-01 2.50857174e-02 2.33525693e-01
    3.50902975e-01 5.21741509e-01 7.22610474e-01 1.95358783e-01
    4.78672922e-01 9.17910457e-01 1.98521405e-01 3.16353798e-01
    5.70191681e-01 2.81187654e-01 3.87107134e-01 2.75747955e-01
    5.22732437e-01 6.26048505e-01 4.82520014e-01 9.60469842e-01
    8.38769555e-01 5.23070335e-01 5.11462688e-01 8.97673965e-01
    2.78190732e-01 8.52424979e-01 6.12774670e-01 5.79957604e-01
    3.15468282e-01 2.14532554e-01 8.14146161e-01 7.89642036e-01
    8.86466622e-01 3.67896378e-01 4.96201128e-01 2.72717565e-01
    5.94672978e-01 3.17432284e-01 7.55210876e-01 8.04919839e-01
    2.61343420e-01 2.76020050e-01 4.72193062e-02 4.36651766e-01
    3.16083252e-01 6.18005812e-01 6.48125172e-01 8.61431956e-01
    8.09555411e-01 3.08420181e-01 2.23182917e-01 7.47694969e-02
    6.02046013e-01 4.08220291e-02 3.78362507e-01 4.30879414e-01
    6.10134661e-01 7.04922557e-01 6.07008040e-02 9.72133517e-01
    4.24140960e-01 9.77569163e-01 5.07812023e-01 6.66715980e-01
    5.42895079e-01 9.62103963e-01 8.11109543e-01 4.30319846e-01
    2.43145078e-01 9.33585644e-01 8.50016356e-01 5.66597283e-01
    1.74982250e-02 5.06933570e-01 8.97788703e-01 3.41324717e-01
    9.74760652e-02 3.59305561e-01 1.83064461e-01 8.00514877e-01
    1.98971152e-01 5.65015376e-01 4.05943990e-01 8.77227783e-01
    4.32699382e-01 3.73081386e-01 7.85551429e-01 5.14298797e-01
    8.12837481e-01 9.45584655e-01 1.86829269e-01 4.47173476e-01
    7.66035676e-01 7.02859759e-02 8.83218050e-01 4.06973302e-01
    4.30010259e-02 7.35202491e-01 8.39102030e-01 8.72424185e-01
    2.67245770e-02 1.96559727e-01 8.23935032e-01 5.48808515e-01
    6.64919913e-02 9.07279909e-01 5.08330166e-01 2.91939974e-02
    6.91277087e-01 8.80741119e-01 1.13226026e-01 3.53760242e-01
    8.47687006e-01 5.35676956e-01 7.19946861e-01 7.49612629e-01
    9.38430548e-01 9.31859016e-02 7.71516263e-01 1.82682335e-01
    8.34419608e-01 8.58562350e-01 9.67613518e-01 8.46326232e-01
    4.32698160e-01 5.41762412e-01 4.34096128e-01 4.20548379e-01
    6.20261610e-01 9.40754771e-01 4.99093831e-01 1.03914410e-01
    9.02133584e-02 1.70479327e-01 9.66722012e-01 9.05686617e-01
    6.83898866e-01 5.81218481e-01 7.00410545e-01 1.00469798e-01
    5.22875011e-01 4.85562801e-01 5.16566813e-01 8.06058049e-01
    3.81869256e-01 3.07275802e-01 9.92650390e-02 9.24883187e-02
    1.43324286e-01 8.55075836e-01 4.36310381e-01 9.41364050e-01
    2.77443886e-01 7.98910141e-01 2.97204912e-01 1.05015337e-02
    5.31090200e-01 9.61816907e-01 5.42117655e-01 1.60653800e-01
    1.75605923e-01 4.46652889e-01 1.72042042e-01 5.95411360e-01
    3.40150267e-01 9.36104536e-01 3.16703320e-03 3.77817571e-01
    9.08891737e-01 2.10612208e-01 9.44711685e-01 1.17937505e-01
    6.86793864e-01 4.15158093e-01 1.08543009e-01 4.70306754e-01
    8.76202703e-01 3.32979798e-01 5.39603651e-01 8.53945971e-01
    4.61109549e-01 6.79812610e-01 2.24916428e-01 8.34977508e-01
    3.93823713e-01 1.81718796e-01 5.30142784e-02 5.46327353e-01
    2.66322494e-01 4.94127363e-01 7.73446321e-01 2.69227147e-01
    5.44002116e-01 3.70632410e-01 3.34313214e-02 6.77669525e-01
    2.34864473e-01 7.42365479e-01 6.80086732e-01 9.92635667e-01
    2.15781987e-01 3.73099208e-01 2.47029901e-01 2.67904133e-01
    3.72055680e-01 5.34657478e-01 2.22709894e-01 1.20783120e-01
    1.09996766e-01 7.54495740e-01 4.80224490e-02 6.75710082e-01
    3.00323665e-01 6.31843925e-01 4.48807210e-01 8.04762959e-01
    7.19518185e-01 8.70904088e-01 4.55960810e-01 5.10032654e-01
    8.72960687e-01 1.27375633e-01 3.55709016e-01 6.37551904e-01
    5.36167860e-01 7.92680025e-01 7.04246163e-01 1.42681420e-01
    7.52863586e-01 8.54366720e-01 4.23190475e-01 8.25787783e-01
    6.47776961e-01 8.54865968e-01 8.34520102e-01 6.76213682e-01
    5.03325701e-01 1.29753560e-01 8.02380800e-01 9.32876587e-01
    1.56852335e-01 6.24638438e-01 6.59502089e-01 5.46611190e-01
    3.44972849e-01 2.10914671e-01 4.13025260e-01 4.18209434e-01
    9.40343142e-01 2.47073054e-01 4.46691483e-01 2.02834874e-01
    9.58219409e-01 3.28897953e-01 1.06896698e-01 3.22842538e-01
    1.36711746e-01 6.93995357e-01 2.84701347e-01 4.54520047e-01
    4.63192165e-02 6.46947801e-01 7.28218853e-01 3.89880151e-01
    6.43409789e-01 2.12990254e-01 5.63633263e-01 2.55739808e-01
    1.95947379e-01 2.76395172e-01 7.12288618e-01 7.35849738e-01
    9.26953554e-01 8.50043893e-01 7.41237700e-02 4.47076648e-01
    5.42271197e-01 3.97706658e-01 1.53012127e-01 9.87620234e-01
    3.19237173e-01 9.84037995e-01 1.52756035e-01 6.01663232e-01
    7.51752734e-01 2.90682912e-01 7.52154589e-01 7.97379375e-01
    7.37851918e-01 7.02230096e-01 5.56719124e-01 3.44780892e-01
    5.65324962e-01 2.13856161e-01 2.06333309e-01 7.80785859e-01
    9.57469821e-01 9.76338387e-01 6.25055850e-01 8.53705525e-01
    3.71761978e-01 7.25752592e-01 6.40567720e-01 5.69134355e-01
    9.67695177e-01 3.59171778e-01 5.81080079e-01 4.20509875e-01
    9.62068141e-01 6.38247848e-01 9.18155193e-01 8.64501953e-01
    5.16958952e-01 4.06185240e-01 4.94916201e-01 8.38333964e-01
    3.32927704e-01 7.32747734e-01 5.76293528e-01 1.98408037e-01
    9.48920131e-01 4.81019616e-02 8.67779374e-01 6.32672429e-01
    8.31243157e-01 6.58523619e-01 1.23732507e-01 2.80621856e-01
    8.65518928e-01 8.10548902e-01 4.81472164e-01 9.11634922e-01
    1.10369891e-01 4.96200264e-01 9.82712805e-02 8.08680296e-01
    6.27268910e-01 7.43368089e-01 2.96289086e-01 3.21968257e-01
    7.83835828e-01 9.55155969e-01 5.95122993e-01 1.55772418e-01
    6.75528526e-01 2.03422874e-01 5.01625597e-01 5.98223805e-01
    5.05069613e-01 7.19148636e-01 7.94893146e-01 9.64879870e-01
    5.16631842e-01 1.66283607e-01 1.82093114e-01 7.61269450e-01
    3.31054330e-01 1.00819677e-01 8.48117590e-01 3.58075649e-01
    1.30927116e-01 9.67687607e-01 2.17194498e-01 8.48464668e-01
    8.46678197e-01 4.56768930e-01 2.73077130e-01 1.73495501e-01
    8.18614364e-01 6.93723738e-01 5.16603470e-01 8.93296599e-01
    4.50345099e-01 3.33001137e-01 1.01662964e-01 6.61570966e-01
    8.63425970e-01 9.26586926e-01 7.74089098e-02 7.25925028e-01
    3.71464163e-01 5.04193842e-01 1.37327969e-01 5.50097287e-01
    5.70165396e-01 2.22546458e-01 6.45689845e-01 3.47044706e-01
    2.05027252e-01 4.80103016e-01 7.46193409e-01 4.52621818e-01
    9.26962376e-01 9.20103490e-01 8.52268219e-01 5.20715654e-01
    8.93703461e-01 8.76851380e-02 1.88324481e-01 5.16623735e-01
    4.36141133e-01 8.11404943e-01 2.22176313e-02 9.47456360e-01
    2.57724941e-01 1.75347835e-01 8.06292892e-01 9.55006838e-01
    9.87475693e-01 4.42922771e-01 2.31548607e-01 2.76067853e-01
    2.64398932e-01 5.21244884e-01 2.62372911e-01 6.61522627e-01
    9.06142354e-01 8.15104008e-01 9.01415944e-01 7.90457129e-01
    4.80474263e-01 5.80656469e-01 9.92009044e-01 7.99719095e-02
    7.67917931e-02 2.07135201e-01 8.60514402e-01 4.49578404e-01
    6.33080482e-01 1.04677886e-01 2.76010990e-01 2.62682319e-01
    2.26954788e-01 5.73982000e-02 9.07175481e-01 7.26561666e-01
    7.24951148e-01 1.13542795e-01 2.80977458e-01 1.88664943e-01
    9.32780981e-01 5.87056041e-01 1.85102552e-01 6.82807922e-01
    2.11690158e-01 6.59951687e-01 1.66209906e-01 3.57331932e-02
    2.50433266e-01 1.79647624e-01 9.53569412e-01 8.03996563e-01
    8.73075962e-01 4.32523847e-01 7.49806464e-01 4.76049572e-01
    1.06723815e-01 8.01473260e-01 6.39741898e-01 4.69432116e-01
    8.22726667e-01 8.11771452e-01 3.41321021e-01 6.62555754e-01
    1.15257978e-01 1.50231749e-01 8.36950064e-01 2.57322997e-01
    3.13147992e-01 5.00274539e-01 5.95748425e-04 4.94267642e-01
    6.78013504e-01 2.74890900e-01 4.91017371e-01 1.35788620e-02
    6.19327247e-01 7.00322688e-01 9.86007690e-01 9.03624535e-01
    6.23760164e-01 5.57083070e-01 5.17587364e-02 2.05899805e-01
    4.29284751e-01 2.63227850e-01 3.56173515e-02 3.36241066e-01
    4.61147815e-01 3.52820933e-01 4.20005471e-01 1.96337998e-02
    7.43215919e-01 6.59753323e-01 6.16686761e-01 7.27752566e-01
    4.08786446e-01 5.49453795e-01 4.47926313e-01 4.30302769e-01
    7.09874868e-01 5.94227016e-02 2.19585031e-01 2.04504907e-01
    5.62566280e-01 7.80831575e-01 2.46206880e-01 6.42400205e-01
    9.88001347e-01 1.59652144e-01 3.05038303e-01 4.96530026e-01
    4.34065044e-01 6.75322831e-01 4.11173224e-01 3.47611010e-01
    4.91047204e-02 8.66159976e-01 5.46503186e-01 1.57719016e-01
    6.71107233e-01 3.10197175e-02 8.41163516e-01 7.31791139e-01
    1.02951318e-01 3.02959681e-02 4.13132787e-01 4.06944036e-01
    9.23600078e-01 2.60936022e-02 3.71891379e-01 4.44637507e-01
    4.32780266e-01 6.80317223e-01 4.82321948e-01 8.59734774e-01
    2.83733189e-01 4.16557491e-02 3.54640543e-01 9.58189428e-01
    3.83714795e-01 7.14924693e-01 5.09337008e-01 5.06215572e-01
    5.13999104e-01 2.82698631e-01 4.80566353e-01 2.12652326e-01
    3.46602201e-02 3.60065699e-02 1.25770301e-01 7.98210859e-01
    1.86092317e-01 1.30443931e-01 2.89094150e-01 2.66231328e-01
    1.68158978e-01 6.24485016e-02 5.40074408e-01 3.26376021e-01
    4.34250832e-02 1.83347762e-01 3.60604316e-01 6.06827736e-01
    5.99426448e-01 6.53619349e-01 9.01086509e-01 1.23218119e-01
    2.91304946e-01 9.66383934e-01 5.39573550e-01 9.74754691e-01
    7.79759288e-02 4.81607378e-01 1.05091661e-01 6.40742183e-01
    9.93453860e-02 3.69047523e-01 9.37603712e-01 8.86153460e-01
    2.05883652e-01 5.62092781e-01 4.17312354e-01 5.35968184e-01
    5.56047380e-01 6.45302415e-01 2.67113388e-01 5.72537363e-01
    9.94084239e-01 3.25210571e-01 6.40491605e-01 2.94679284e-01
    7.59206176e-01 9.55049515e-01 3.18486840e-01 2.49882281e-01
    1.97183877e-01 6.25094175e-01 4.93175089e-01 7.95825720e-02
    4.79687303e-01 3.38314056e-01 1.11097395e-02 4.36192721e-01
    4.11985844e-01 9.58491921e-01 2.80128300e-01 1.08864278e-01
    6.25302255e-01 9.14926767e-01 5.19499183e-03 1.67247355e-02
    3.09029341e-01 6.86317682e-02 1.45285606e-01 1.25278533e-01
    4.33751464e-01 8.76230836e-01 4.07334358e-01 5.41917801e-01
    2.83715487e-01 9.83476520e-01 7.40094423e-01 7.64592528e-01
    9.54561949e-01 1.57349229e-01 1.98143899e-01 6.15701437e-01
    3.97642791e-01 3.41460079e-01 6.21194065e-01 3.96152198e-01
    8.45444918e-01 7.29611337e-01 8.26757789e-01 4.68500555e-02
    8.75581682e-01 6.72630012e-01 5.40822506e-01 3.38803828e-01
    4.59371656e-01 5.20009637e-01 1.78306580e-01 9.56504464e-01
    6.95543766e-01 7.51816571e-01 3.25044721e-01 2.93328166e-01
    7.10316956e-01 8.98490429e-01 4.67254519e-02 8.42435598e-01
    1.63159728e-01 9.75328088e-01 2.19161391e-01 8.45365107e-01
    5.93642831e-01 5.48394561e-01 9.23187852e-01 7.58265257e-01
    6.26259983e-01 8.17660391e-01 3.68711233e-01 8.58258784e-01
    6.75678253e-02 2.32064754e-01 2.59263724e-01 9.56258178e-01
    3.07603389e-01 9.17780757e-01 6.58683777e-02 8.77813458e-01
    1.29217446e-01 5.07954597e-01 1.14465982e-01 8.88091028e-01
    7.22927868e-01 4.38064009e-01 7.51009226e-01 4.15506005e-01
    2.59972334e-01 8.45014453e-01 3.35927635e-01 7.61077642e-01
    2.32312381e-02 8.99955034e-02 8.53157997e-01 8.38210225e-01
    5.33951283e-01 2.63756275e-01 6.73953772e-01 7.93571055e-01
    7.98638344e-01 4.43840176e-01 7.25152254e-01 1.07792586e-01
    9.99094725e-01 9.18734908e-01 8.98828506e-02 2.33349741e-01
    4.84545559e-01 1.53211266e-01 1.99558020e-01 7.97248721e-01
    6.28257811e-01 6.26480818e-01 8.54006529e-01 8.75081718e-01
    8.99776518e-02 4.92577523e-01 6.51992321e-01 8.33195686e-01
    6.65517032e-01 1.31113410e-01 8.23365450e-01 1.30025119e-01
    8.36225510e-01 1.86488628e-02 8.71113420e-01 9.05372441e-01
    9.79548454e-01 8.31191838e-01 4.16014403e-01 8.89941573e-01
    4.96909589e-01 7.79963136e-01 9.16532874e-02 4.66160119e-01
    2.60883987e-01 9.54197824e-01 8.35505247e-01 8.18014324e-01
    4.56232727e-01 1.64955854e-03 9.54611659e-01 1.28692448e-01
    3.75057191e-01 3.16155583e-01 6.95127845e-01 8.91166985e-01
    3.09020668e-01 6.78091347e-01 5.88470697e-01 1.38147146e-01
    3.49747807e-01 8.73954177e-01 7.19077766e-01 7.20019281e-01
    1.94123864e-01 8.67012858e-01 2.09678382e-01 2.81416327e-01
    9.37593579e-02 5.85375667e-01 9.51512694e-01 2.17340946e-01
    5.02345026e-01 4.12302405e-01 2.94878602e-01 1.62201375e-01
    3.58186901e-01 4.69705522e-01 4.05861795e-01 2.46707469e-01
    9.71458495e-01 5.56495786e-02 5.19106507e-01 5.60887694e-01
    3.08729857e-01 4.14982915e-01 6.39259458e-01 4.69249129e-01
    9.96396840e-02 9.95866179e-01 2.96320438e-01 9.00551915e-01
    6.74686968e-01 6.56016886e-01 2.74169087e-01 9.72211003e-01
    1.25260144e-01 9.41019356e-01 2.26372123e-01 2.50843108e-01
    4.09732640e-01 5.10325074e-01 9.69769239e-01 3.24577391e-02
    3.02436829e-01 2.25805283e-01 6.98394299e-01 6.90854073e-01
    2.77899206e-01 7.99678922e-01 2.56277323e-02 8.81126761e-01
    9.26107407e-01 6.57043397e-01 7.21953213e-02 2.17894822e-01
    7.90681183e-01 2.04665512e-01 7.72474051e-01 3.28200281e-01
    4.06483710e-01 8.59963179e-01 8.56735587e-01 1.49111360e-01
    4.75502968e-01 4.39061522e-02 2.32165337e-01 9.76847172e-01
    2.30101824e-01 5.25062323e-01 9.10814762e-01 2.54376948e-01
    8.33084345e-01 1.45538598e-01 8.24524522e-01 2.51882195e-01
    8.52543473e-01 4.65881199e-01 1.18645787e-01 8.76337945e-01
    2.03316122e-01 5.08404672e-01 9.43503976e-02 7.53506780e-01
    7.99530625e-01 6.26037836e-01 9.42451000e-01 7.25691020e-01
    2.06732929e-01 4.05182183e-01 7.06354558e-01 2.35484928e-01
    2.73307025e-01 3.64943385e-01 5.33554673e-01 4.82970923e-01
    3.05841744e-01 4.61764783e-01 8.46618414e-03 8.71961951e-01
    2.56709635e-01 3.30811143e-02 8.54398489e-01 2.45077908e-01
    6.16763473e-01 9.05049086e-01 6.90610468e-01 1.83020651e-01
    7.68743277e-01 2.77734339e-01 6.35811687e-01 5.35194874e-02
    3.24304342e-01 2.05073297e-01 9.44867253e-01 1.18597835e-01
    6.26480579e-01 4.30594057e-01 8.36975455e-01 5.23050368e-01
    3.54086637e-01 9.47530866e-01 2.92388678e-01 6.57327652e-01
    1.36340529e-01 6.29790664e-01 4.60804820e-01 4.30641919e-01
    5.93953013e-01 5.03448784e-01 8.38095963e-01 7.15805411e-01
    7.74253488e-01 7.31005073e-01 3.22949290e-01 1.12234235e-01
    7.88689733e-01 8.88823271e-01 7.48833835e-01 5.02028763e-01
    1.67368174e-01 4.36482579e-01 2.41168022e-01 9.17123795e-01
    2.62901306e-01 9.75261211e-01 7.78326988e-01 9.79559004e-01
    5.30733526e-01 9.60865915e-01 3.74907553e-02 4.82440680e-01
    7.17911422e-02 1.30152404e-01 2.93110907e-01 3.89617682e-03
    2.21322000e-01 7.30113506e-01 6.58771992e-01 6.75763845e-01
    1.74363226e-01 6.91457868e-01 5.84085345e-01 7.73815632e-01
    3.05519611e-01 6.23327851e-01 7.38884270e-01 7.49303222e-01
    8.79674077e-01 1.45036131e-01 5.90121448e-01 8.26121390e-01
    7.48168051e-01 4.81106222e-01 4.51826155e-02 3.43991816e-02
    3.03958744e-01 2.99013168e-01 8.82138252e-01 3.18031400e-01
    3.50763679e-01 8.60033870e-01 9.72325444e-01 5.49828053e-01
    9.50248122e-01 6.03567064e-01 4.85962659e-01 5.00648975e-01
    3.50029409e-01 2.16837853e-01 6.74913049e-01 8.51809382e-01
    9.74987090e-01 7.05010176e-01 6.13618791e-02 6.11804426e-01
    6.32989466e-01 1.67204440e-01 9.05439377e-01 8.74143839e-01
    1.65223092e-01 7.73158967e-02 1.47161484e-01 9.98121500e-01
    3.64516348e-01 1.80459052e-01 8.94970179e-01 3.48340690e-01
    7.27193832e-01 5.56527019e-01 1.24199688e-01 8.48873198e-01
    1.44433379e-01 5.35237491e-01 7.17783689e-01 3.68930012e-01
    8.68647933e-01 7.68803239e-01 8.82448733e-01 6.36708558e-01
    1.71486199e-01 7.07981229e-01 3.98000956e-01 5.61064363e-01
    2.41821885e-01 6.27805233e-01 2.96578735e-01 9.63716865e-01
    5.78268647e-01 7.94006824e-01 7.97015786e-01 4.48040932e-01
    8.16053510e-01 3.19105595e-01 4.10732985e-01 1.29331857e-01
    2.85875499e-02 6.13453567e-01 3.35411459e-01 9.58253443e-02
    9.36036944e-01 1.67245239e-01 6.54626310e-01 4.59725738e-01
    9.35549200e-01 1.24421746e-01 8.82034183e-01 3.43928009e-01
    6.89348221e-01 7.12843657e-01 3.48549753e-01 2.70048976e-02
    5.07816255e-01 2.04426736e-01 1.97668642e-01 7.16266334e-01
    2.76767552e-01 8.56999636e-01 6.28329694e-01 2.27985382e-02
    8.36409211e-01 3.33331764e-01 7.28803694e-01 9.51754093e-01
    6.63580000e-02 3.17330062e-01 1.46803766e-01 7.74753213e-01
    4.60660726e-01 1.97520584e-01 9.73234832e-01 3.74083966e-01
    8.15940619e-01 5.51452696e-01 4.30711895e-01 7.64430225e-01
    9.69980240e-01 3.41531396e-01 1.22502148e-02 5.36694348e-01
    8.54349971e-01 4.53539550e-01 5.56921661e-01 4.92907852e-01
    6.94911957e-01 1.13576770e-01 4.46576357e-01 9.15237427e-01
    2.27833867e-01 8.56096983e-01 8.78213942e-01 4.29480880e-01
    5.38860261e-01 8.49337339e-01 9.80854750e-01 1.35210305e-01
    9.49000478e-01 8.94196630e-02 2.75920689e-01 9.42662179e-01
    9.50728178e-01 4.96394783e-01 9.43041086e-01 8.58188391e-01
    5.96048832e-01 9.00372386e-01 9.39589620e-01 1.35269493e-01
    6.89867973e-01 9.94544983e-01 1.77771598e-01 4.00353521e-01
    4.66495991e-01 8.74118030e-01 3.15977871e-01 2.18749881e-01
    6.51114941e-01 2.20241696e-01 1.85945928e-01 8.74512196e-02
    5.03097177e-01 9.08269465e-01 3.34915608e-01 6.16565466e-01
    3.83896112e-01 2.33223945e-01 9.55108404e-01 5.27645111e-01
    6.82849407e-01 2.10694581e-01 1.88790739e-01 7.98968911e-01
    5.29426336e-01 1.10328913e-01 9.57717359e-01 7.21125424e-01
    1.15773141e-01 8.93356800e-01 7.80610979e-01 8.47221851e-01
    8.53760719e-01 6.87702060e-01 3.89853716e-02 4.59169328e-01
    2.18737572e-01 8.41715932e-02 2.94297457e-01 6.16520047e-02
    6.14402294e-01 1.90889657e-01 8.36254358e-01 4.65567648e-01
    3.94560874e-01 2.89226472e-01 6.90567493e-01 6.97937071e-01
    2.43696392e-01 3.24384779e-01 7.12086201e-01 8.58694553e-01
    4.56751853e-01 4.97320712e-01 4.50181961e-03 6.96134627e-01
    8.86437893e-01 9.95531678e-01 4.37653035e-01 6.56649292e-01
    6.18196666e-01 6.00171387e-01 4.91465330e-02 2.31250644e-01
    1.15654737e-01 5.18765211e-01 7.40855455e-01 1.91075176e-01
    4.16020155e-01 7.40465164e-01 1.10572934e-01 6.47120714e-01
    4.59934115e-01 1.61556333e-01 5.77636361e-02 1.81014508e-01
    5.71941137e-01 7.52051353e-01 5.50761819e-01 4.71517146e-02
    6.75444007e-01 5.94562709e-01 6.60738647e-02 3.34585994e-01
    1.80349648e-01 8.72223377e-01 5.37229478e-01 6.23765647e-01
    2.27709621e-01 8.94473851e-01 1.15662217e-02 3.77939343e-01
    8.95781398e-01 5.36282063e-01 5.12766957e-01 8.81224036e-01
    7.55666316e-01 4.20312524e-01 6.72714472e-01 4.08483446e-01
    7.01176822e-02 4.53486592e-01 6.48679554e-01 3.09620261e-01
    2.27107704e-01 2.92918682e-02 6.23867393e-01 1.80844545e-01
    5.59865296e-01 2.68304348e-01 1.87344402e-01 1.12002939e-01
    3.41595471e-01 5.20977378e-02 9.25615430e-03 1.69021070e-01
    2.90613532e-01 1.25635207e-01 3.01485658e-02 9.88920689e-01
    7.21130311e-01 4.48971003e-01 8.84497762e-01 2.70762861e-01
    3.43722045e-01 8.92639279e-01 1.47370547e-01 2.63173342e-01
    1.16187006e-01 5.11322916e-01 2.35531360e-01 2.90157497e-02
    5.69398999e-02 4.25068200e-01 3.82708907e-01 6.14535391e-01
    4.06784803e-01 4.90822613e-01 3.16861272e-02 6.19986355e-01
    6.27012253e-02 8.52890611e-01 8.80177975e-01 9.28507984e-01
    1.89065754e-01 2.76801676e-01 9.77140427e-01 1.64055347e-01
    5.27994692e-01 2.08390951e-01 2.34492689e-01 6.39688969e-02
    3.28843832e-01 8.67991388e-01 9.07654643e-01 2.19574690e-01
    7.33809829e-01 7.81527638e-01 2.73498982e-01 6.99252367e-01
    7.38282800e-02 7.68281102e-01 8.18314075e-01 9.89427686e-01
    6.36874676e-01 2.25795865e-01 5.25337756e-02 6.13151133e-01
    9.78747964e-01 4.20428991e-01 6.18296027e-01 2.81332672e-01
    6.04793429e-03 4.47018832e-01 6.94451630e-01 5.77668309e-01
    8.37373316e-01 4.91389066e-01 1.66052282e-02 2.71977365e-01
    3.67123783e-01 2.29430228e-01 8.64485741e-01 7.73752689e-01
    1.64478689e-01 1.85297102e-01 9.40829396e-01 2.89362788e-01
    6.46936357e-01 9.70842659e-01 4.31510329e-01 4.19021726e-01
    3.16743791e-01 9.25209463e-01 5.78878403e-01 3.57118368e-01
    2.99126983e-01 9.48686123e-01 4.13402885e-01 9.56033468e-01
    1.38434142e-01 6.20596051e-01 7.06103802e-01 3.16040903e-01
    5.93911707e-01 8.30356002e-01 3.60136479e-01 2.51256526e-02
    2.63397694e-02 9.57721531e-01 9.73363042e-01 9.80755627e-01
    6.67446852e-01 2.52739429e-01 1.16235942e-01 4.20820832e-01
    7.81884551e-01 8.54387581e-02 7.38271117e-01 7.24410951e-01
    9.57954645e-01 2.17685401e-01 7.19851494e-01 7.27546811e-01
    2.59005070e-01 6.50153518e-01 2.98321724e-01 5.43328583e-01
    1.11576915e-02 4.98747766e-01 6.68600142e-01 9.66363549e-01
    1.59043372e-02 4.17648464e-01 2.81674623e-01 5.96383870e-01
    7.60763645e-01 3.76027405e-01 7.10595429e-01 6.09645247e-02
    2.93827832e-01 4.60443795e-01 9.65893149e-01 7.57129490e-02
    1.72742635e-01 7.66841412e-01 3.54060858e-01 3.36385846e-01
    7.76448190e-01 1.84607804e-01 7.42574215e-01 6.86049223e-01
    5.11007845e-01 4.63092893e-01 3.77795696e-02 4.06211674e-01
    1.75493151e-01 5.19006491e-01 2.26251662e-01 9.88626480e-02
    3.71557832e-01 6.65715337e-03 5.47801077e-01 7.68965125e-01
    4.26460475e-01 4.19995576e-01 4.42193031e-01 3.41829717e-01
    7.60630250e-01 8.36517930e-01 4.13075596e-01 3.69524002e-01
    2.32539326e-01 3.45542103e-01 7.16813028e-01 1.81035340e-01
    8.10201764e-01 2.22639084e-01 2.00997084e-01 2.46849686e-01
    5.56243420e-01 9.97307599e-02 6.91156030e-01 4.90086019e-01
    5.25737286e-01 1.34414583e-01 1.03833765e-01 6.35542214e-01
    2.80468494e-01 6.67927980e-01 7.88039565e-01 3.65750194e-02
    7.20475078e-01 9.04228568e-01 8.34586740e-01 8.55134726e-02
    4.64362562e-01 9.81689215e-01 4.14452314e-01 9.89296317e-01
    8.02453160e-01 8.69415998e-02 5.64334512e-01 4.77144659e-01
    5.63916802e-01 4.27948833e-01 5.85386693e-01 8.40906143e-01
    3.56060088e-01 8.14241648e-01 4.11014080e-01 8.01690221e-01
    7.61316657e-01 7.65147686e-01 4.07387495e-01 2.02305257e-01
    4.01618481e-02 8.51900339e-01 5.68697691e-01 7.91347682e-01
    6.27638042e-01 9.63086903e-01 9.63750839e-01 7.25488663e-01
    9.98196959e-01 8.79077673e-01 1.55264825e-01 9.21029866e-01
    9.56364810e-01 2.50395894e-01 3.07275206e-01 1.63280487e-01
    7.10358977e-01 6.62318051e-01 5.69605649e-01 4.96422917e-01
    1.38840467e-01 7.03613997e-01 3.80088001e-01 8.68634462e-01
    9.15088534e-01 9.65152323e-01 4.62431401e-01 9.21650290e-01
    8.49538803e-01 6.47175670e-01 9.51489806e-01 3.21432769e-01
    1.80445105e-01 4.57383871e-01 3.78099233e-01 4.36236173e-01
    3.01497161e-01 1.25732452e-01 7.96893179e-01 2.92220294e-01
    7.52673745e-01 8.58745456e-01 8.62574279e-01 1.83948576e-01
    2.25653708e-01 7.10082293e-01 3.10934544e-01 2.46028721e-01
    7.61710525e-01 3.40031803e-01 7.10620165e-01 8.22765827e-02
    9.70090985e-01 6.38409555e-02 2.25663364e-01 1.30243301e-01
    1.90643013e-01 8.36637020e-01 3.60420704e-01 2.20690161e-01
    9.44385707e-01 6.42371774e-01 6.47649050e-01 2.56849170e-01
    9.73967612e-02 7.78415084e-01 9.43683028e-01 5.63940942e-01
    5.57385862e-01 3.44457924e-01 2.83191562e-01 8.56170058e-03
    2.73775131e-01 3.47100258e-01 8.56469452e-01 3.83789539e-02
    6.72264814e-01 5.92779338e-01 2.58991122e-02 3.28731596e-01
    9.25369561e-01 6.56106591e-01 3.75381708e-01 3.67746174e-01
    2.45386839e-01 4.20154572e-01 4.80304897e-01 7.42904782e-01
    5.80939114e-01 4.49139744e-01 2.33686447e-01 9.45717692e-01
    6.08604729e-01 3.47455710e-01 3.48080426e-01 6.14611804e-02
    7.45274305e-01 3.74426961e-01 3.77763391e-01 3.47408593e-01
    8.78364205e-01 8.46824467e-01 6.82387412e-01 4.26967412e-01
    5.18437028e-01 7.90362597e-01 8.35582733e-01 6.12172544e-01
    3.78052801e-01 3.58473361e-02 2.54642010e-01 2.66930342e-01
    7.99524009e-01 3.54420543e-02 7.11324573e-01 1.68772340e-01
    2.00422287e-01 2.34426200e-01 5.19791067e-01 4.14049983e-01
    3.90228689e-01 4.53060329e-01 2.42463976e-01 6.94820285e-01
    7.83069611e-01 3.22590709e-01 5.40962815e-01 7.71274507e-01
    7.24165082e-01 9.49912548e-01 3.34041655e-01 8.16020370e-01
    2.99938500e-01 5.62917173e-01 4.63245362e-01 6.86118901e-02
    7.47522473e-01 8.45631480e-01 8.97531092e-01 3.70356023e-01
    2.03079253e-01 4.65914607e-03 2.66939759e-01 2.54069030e-01
    3.87619555e-01 4.24820006e-01 9.77787852e-01 3.31813574e-01
    3.33123088e-01 7.16741979e-02 7.92072296e-01 1.85051978e-01
    9.72502112e-01 5.22525430e-01 4.95461464e-01 1.00611478e-01
    8.50854099e-01 9.03873801e-01 8.54201078e-01 5.31985343e-01
    7.10897744e-02 9.70880389e-02 2.17871517e-01 5.16085804e-01
    1.32133871e-01 5.55684686e-01 2.41028309e-01 9.49503422e-01
    4.82069880e-01 9.98699427e-01 8.66053641e-01 7.09131300e-01
    7.29152620e-01 3.99965495e-01 2.44931728e-01 8.03781271e-01
    5.35267770e-01 1.70770317e-01 8.12735319e-01 8.46807599e-01
    1.45021081e-03 3.41016352e-01 3.06735635e-02 3.74198794e-01
    7.00910449e-01 9.25963998e-01 6.25608206e-01 6.05011702e-01
    6.75546587e-01 9.33236480e-01 1.34148300e-02 6.69570684e-01
    7.60863721e-01 1.76403910e-01 3.58985722e-01 9.78818834e-02
    9.81528640e-01 7.25242794e-02 4.88988996e-01 8.76900554e-01
    3.69937867e-01 2.90794432e-01 5.87556958e-01 1.58140659e-01
    6.31174088e-01 7.55267322e-01 9.21503067e-01 1.50221437e-01
    7.83788443e-01 7.30014682e-01 3.85650098e-02 3.86640072e-01
    8.70526791e-01 1.86735868e-01 7.73086369e-01 1.78644061e-02
    7.18200922e-01 1.61217541e-01 8.90631080e-01 2.73535609e-01
    8.97070169e-01 3.00364465e-01 2.12304473e-01 7.76099443e-01
    2.65057862e-01 5.24636567e-01 6.36217475e-01 8.06525528e-01
    6.79632723e-01 4.68445450e-01 7.69876420e-01 7.72527456e-01
    6.06542230e-01 8.19673479e-01 1.11799568e-01 1.89200372e-01
    1.24600679e-01 9.82534945e-01 2.58324564e-01 9.04011965e-01
    7.75020301e-01 8.66877198e-01 7.13947952e-01 7.80786633e-01
    5.49449325e-01 6.64919257e-01 7.77168036e-01 1.87755227e-01
    9.95514095e-02 1.70687973e-01 4.75366861e-01 5.99659204e-01
    7.90265024e-01 4.61881071e-01 4.64660347e-01 1.40143663e-01
    7.91650355e-01 5.78359365e-01 9.93377864e-01 3.56075078e-01
    1.72843814e-01 8.61615300e-01 4.05501902e-01 9.19070601e-01
    5.74532330e-01 6.63691521e-01 9.05607879e-01 5.96187711e-02
    9.66492474e-01 7.82926917e-01 7.28898525e-01 9.63841915e-01
    1.99502677e-01 2.86440283e-01 4.53542173e-01 7.19799459e-01
    3.93880308e-02 1.56696469e-01 5.44433713e-01 1.40122324e-01
    4.70695883e-01 3.17859650e-02 4.34103608e-03 9.06342268e-01
    3.71667266e-01 3.34507585e-01 8.14924955e-01 7.51749635e-01
    1.66450709e-01 1.14368111e-01 6.25513017e-01 1.49932027e-01
    4.92443144e-01 2.12189734e-01 7.46760666e-01 7.71083653e-01
    1.53862506e-01 5.06451309e-01 6.27291679e-01 4.88294750e-01
    9.23220634e-01 6.97013080e-01 7.97629893e-01 1.23119384e-01
    4.88264591e-01 8.41371775e-01 3.69510174e-01 2.94361770e-01
    5.01436949e-01 2.86564708e-01 7.42831051e-01 2.87419558e-01
    8.54126811e-01 8.78663540e-01 2.16496587e-02 9.90952551e-02
    1.50039911e-01 8.75078201e-01 7.38525391e-02 4.11843598e-01
    5.45123041e-01 7.90233910e-01 4.31749225e-01 2.48239070e-01
    3.60920608e-01 5.86842537e-01 1.91424280e-01 5.21244287e-01
    9.57153022e-01 5.52847385e-01 4.57948059e-01 2.92617381e-01
    1.50641948e-01 7.22819865e-01 4.89378691e-01 8.34632516e-01
    2.09237427e-01 4.38861907e-01 7.25238085e-01 7.72576213e-01
    6.22264624e-01 4.09735858e-01 9.10887420e-02 2.81436563e-01
    1.01880401e-01 8.13918948e-01 5.09445846e-01 2.14740574e-01
    1.44917101e-01 8.41600060e-01 7.27641940e-01 4.66415703e-01
    8.80253196e-01 5.44007897e-01 8.90656054e-01 8.75739515e-01
    8.69323611e-02 3.77762973e-01 9.69988346e-01 6.76474333e-01
    4.67767239e-01 3.03525627e-01 3.14738631e-01 7.37528741e-01
    8.73495936e-01 9.01812077e-01 7.33181596e-01 2.34523118e-01
    5.20960748e-01 2.23271251e-02 6.68212295e-01 3.69138241e-01
    6.46830201e-01 8.50442290e-01 8.54642749e-01 2.06695348e-01
    5.19041717e-02 6.89797342e-01 6.52565420e-01 4.43364918e-01
    1.83506161e-01 2.72770077e-01 4.01139647e-01 1.29000187e-01
    1.91835552e-01 3.47222686e-02 4.31315899e-02 3.90176952e-01
    7.77251780e-01 1.73042983e-01 7.65166640e-01 1.52684152e-01
    8.06586146e-02 7.38002419e-01 9.06255245e-02 5.78694463e-01
    3.19086850e-01 7.91988969e-01 5.47778189e-01 8.46555471e-01
    5.58542311e-01 7.38912523e-01 5.05656600e-02 6.52327478e-01
    6.57011151e-01 9.43267882e-01 8.15722823e-01 7.24925518e-01
    4.57991183e-01 7.83374310e-01 3.38719964e-01 7.99583435e-01
    7.25614429e-01 8.96478057e-01 7.27523506e-01 4.04761583e-01
    5.95257521e-01 8.93084526e-01 5.50151110e-01 1.05638683e-01
    4.34230089e-01 8.22236061e-01 5.59462190e-01 8.20407748e-01
    7.08738863e-01 3.05049181e-01 9.41678762e-01 1.36978477e-01
    1.43282652e-01 9.82316434e-02 8.69713068e-01 5.15218258e-01
    5.76536059e-02 2.19077766e-02 4.65405405e-01 1.99530125e-01
    2.49811679e-01 6.14053786e-01 4.17805940e-01 8.20715904e-01
    7.80489743e-02 1.65127844e-01 1.77683383e-01 9.59006786e-01
    3.17525119e-01 2.07488388e-01 6.72864437e-01 8.73371184e-01
    8.71042907e-02 1.66696489e-01 9.25173461e-01 6.66660130e-01
    7.29784787e-01 3.37256134e-01 7.85634279e-01 8.36165130e-01
    6.77824020e-01 4.41968024e-01 4.90762472e-01 3.23909253e-01
    7.47257173e-02 2.26215124e-01 4.92515326e-01 2.56907940e-01
    9.03760791e-01 3.06421399e-01 3.72530401e-01 4.69011724e-01
    6.90305412e-01 6.42441154e-01 4.94315952e-01 7.72267580e-01
    4.18948323e-01 2.97707021e-01 3.12863499e-01 5.38567543e-01
    7.78545380e-01 4.85203832e-01 9.56594586e-01 9.50568318e-01
    5.54517210e-01 7.73582578e-01 7.95279145e-02 6.07000947e-01
    6.53578281e-01 9.45216417e-01 9.62847054e-01 4.84701276e-01
    5.46226859e-01 5.28463125e-01 7.18397856e-01 1.99407458e-01
    3.79700035e-01 3.54910612e-01 5.79110444e-01 1.25234991e-01
    2.82506824e-01 1.27761543e-01 3.86681676e-01 8.44518542e-01
    3.86817038e-01 7.60935545e-01 8.45577121e-01 2.44887203e-01
    5.76481164e-01 5.16194165e-01 5.65814495e-01 8.14646780e-02
    2.30037838e-01 4.94515896e-03 7.29675651e-01 1.18907124e-01
    2.70257771e-01 6.72048867e-01 9.25204933e-01 4.08942103e-01
    8.78106833e-01 1.72877610e-01 2.45714635e-01 9.93928552e-01
    1.68590158e-01 1.84696585e-01 8.09306979e-01 2.71953583e-01
    7.37786412e-01 8.93161058e-01 3.41930896e-01 5.44655621e-02
    7.84419358e-01 1.44052565e-01 4.94323879e-01 6.75341785e-01
    9.34105694e-01 5.34277678e-01 5.76656699e-01 1.75143242e-01
    7.85557568e-01 4.63608414e-01 3.24560016e-01 4.59980100e-01
    1.78155124e-01 1.28417850e-01 5.70920646e-01 9.43639278e-02
    6.84674799e-01 9.37556744e-01 8.05628598e-01 7.08152175e-01
    8.10871959e-01 5.35494685e-01 1.77820772e-01 7.76395440e-01
    7.49035537e-01 4.97519314e-01 8.52104008e-01 2.04801559e-02
    1.21130347e-01 7.91531205e-01 8.12913179e-01 4.54738796e-01
    1.77244902e-01 3.41573268e-01 6.09301150e-01 2.64559329e-01
    8.16908002e-01 1.99582577e-02 6.03006780e-01 7.64051914e-01
    3.43403608e-01 4.18991566e-01 9.44527984e-01 8.65718842e-01
    8.56166184e-01 8.46352100e-01 3.03327680e-01 2.37083733e-02
    9.37176824e-01 5.96177340e-01 9.94304895e-01 7.95347869e-01
    3.09650600e-02 6.66293323e-01 7.67915249e-01 7.42965817e-01
    1.02493763e-01 7.84798503e-01 1.76201135e-01 5.75858951e-01
    3.39288473e-01 4.25399244e-02 1.67934150e-01 5.78106463e-01
    1.96357906e-01 8.18125844e-01 1.38160586e-02 4.91804540e-01
    1.49072051e-01 8.51246715e-03 3.19854975e-01 7.93833256e-01
    9.38714802e-01 2.34024823e-01 6.20285869e-01 3.25792670e-01
    8.14074993e-01 9.30770874e-01 6.60152316e-01 9.06151175e-01
    7.64809489e-01 2.11295396e-01 3.06688875e-01 6.76906407e-01
    2.62719095e-01 2.36560136e-01 8.75984430e-02 2.28629112e-01
    5.68696976e-01 9.43813980e-01 5.29713213e-01 4.27063882e-01
    2.40155160e-01 8.69604349e-01 6.23702407e-01 5.95548689e-01
    7.44499803e-01 5.71972609e-01 7.32402623e-01 3.85989308e-01
    4.31923538e-01 9.47344661e-01 8.24346185e-01 6.73862875e-01
    8.29791844e-01 1.01595402e-01 2.10543215e-01 9.52790499e-01
    6.17451251e-01 3.38969946e-01 5.15868723e-01 2.57627457e-01
    1.91916138e-01 6.79774046e-01 6.13383532e-01 9.38191175e-01
    6.63040340e-01 8.42223644e-01 1.84699327e-01 9.59674120e-02
    1.97252363e-01 6.39500022e-01 5.00907123e-01 5.69190800e-01
    4.06350881e-01 4.27787781e-01 6.17289007e-01 5.44316411e-01
    8.48622799e-01 6.98479176e-01 9.42844868e-01 2.68376052e-01
    7.02717006e-01 6.62626445e-01 1.84429705e-01 1.82904571e-01
    2.79199034e-01 3.75702441e-01 9.39948440e-01 6.86230719e-01
    6.58191323e-01 3.09540808e-01 2.38809288e-01 9.26352620e-01
    7.72523999e-01 7.96878576e-01 1.96978569e-01 4.61248934e-01
    3.39498550e-01 4.63022083e-01 5.05428016e-02 8.52246344e-01
    8.96645665e-01 2.36616641e-01 8.54459345e-01 2.16169655e-01
    7.21704960e-01 7.98534155e-01 5.63340843e-01 9.84075069e-01
    4.28703666e-01 7.22678542e-01 8.08108449e-01 3.21052670e-01
    9.42069650e-01 1.01954222e-01 9.00649428e-01 1.44640088e-01
    3.68313342e-01 5.01700222e-01 9.07613397e-01 3.99940252e-01
    5.26334405e-01 8.56377661e-01 8.07685614e-01 8.48888993e-01
    9.67627764e-01 4.61511314e-02 2.93524593e-01 4.53653514e-01
    4.65393394e-01 3.01173806e-01 8.95729601e-01 9.87626314e-01
    1.75374150e-01 6.18368208e-01 1.24405026e-02 6.15777314e-01
    8.68919849e-01 2.21308738e-01 6.28250837e-01 1.59434259e-01
    2.91137993e-01 7.32538223e-01 2.32843459e-02 8.91660392e-01
    3.32100213e-01 4.36795831e-01 8.24874938e-02 6.42752051e-01
    7.59580731e-02 6.81236446e-01 3.38720977e-02 8.34560037e-01
    7.99013674e-01 1.66867256e-01 4.27711397e-01 4.71634120e-01
    8.91389012e-01 5.12310147e-01 1.56489700e-01 6.97345436e-01
    4.55143243e-01 5.53403974e-01 5.93510568e-01 4.36178565e-01
    5.33963978e-01 5.24912119e-01 1.52783334e-01 1.63835645e-01
    7.23585367e-01 7.95581222e-01 2.03119665e-01 3.84690583e-01
    3.10974240e-01 8.95963907e-01 5.70507348e-01 6.89657927e-02
    4.59596932e-01 3.53857815e-01 6.62976742e-01 8.98054242e-01
    6.04385138e-01 7.55615711e-01 4.17094201e-01 6.11253500e-01
    9.06983614e-02 3.10559571e-02 9.42613840e-01 4.52744812e-01
    8.70589077e-01 9.36794996e-01 4.12080705e-01 5.05902588e-01
    4.56654549e-01 9.21868384e-02 2.56053984e-01 4.72213656e-01
    3.66019011e-02 5.39630532e-01 9.95456278e-01 5.15000939e-01
    2.57129192e-01 5.48671722e-01 5.38001835e-01 1.72846943e-01
    2.18990296e-01 2.55228758e-01 5.94601154e-01 2.11705297e-01
    4.06847596e-01 7.70326436e-01 2.81035602e-01 2.12122023e-01
    2.63849229e-01 8.33590209e-01 6.39305294e-01 8.86383355e-01
    5.01006961e-01 4.87018347e-01 4.03646648e-01 5.15463710e-01
    3.00178081e-01 5.80857038e-01 4.01560187e-01 5.25727391e-01
    3.07535231e-01 5.98452985e-02 4.58115339e-02 1.57126486e-02
    8.03443074e-01 3.06221038e-01 9.81439590e-01 8.60196233e-01
    3.93974781e-03 1.93088144e-01 6.34640813e-01 4.16496724e-01
    5.32044053e-01 7.81797886e-01 4.19271052e-01 9.34423089e-01
    5.36136985e-01 1.84582174e-01 7.66859770e-01 3.54658455e-01
    6.42097592e-01 3.38537514e-01 4.38952148e-01 4.82279032e-01
    1.67070806e-01 2.66900897e-01 6.09063148e-01 8.38629007e-01
    1.51437372e-01 7.82832623e-01 5.91530442e-01 7.33151853e-01
    2.24006504e-01 1.32320434e-01 2.75326610e-01 7.72455335e-01
    7.67889857e-01 7.93495536e-01 6.59430146e-01 3.48608792e-02
    1.22221678e-01 2.98321664e-01 9.02906775e-01 6.85562491e-01
    6.61762238e-01 5.70688486e-01 1.00033432e-01 8.00919533e-01
    5.90423167e-01 5.68607688e-01 4.12695408e-01 5.17184258e-01
    5.85729003e-01 5.86310148e-01 7.44121969e-02 9.88367200e-01
    7.74211526e-01 3.80592287e-01 7.39680409e-01 4.86678481e-02
    6.06785893e-01 2.67606109e-01 3.93926322e-01 2.77822375e-01
    4.08839375e-01 1.06822044e-01 1.21725529e-01 9.03822184e-02
    9.86398757e-01 8.47669959e-01 7.60767460e-01 2.56445616e-01
    7.66715646e-01 5.35176396e-01 4.36099768e-02 3.35298955e-01
    3.74506116e-02 6.59631073e-01 5.19135356e-01 8.64915729e-01
    7.02873230e-01 8.79938960e-01 9.16734159e-01 7.99465179e-01
    9.79309797e-01 6.47311032e-01 2.65074521e-01 2.09656477e-01
    8.85913730e-01 1.44275099e-01 1.47017032e-01 4.17712212e-01
    7.06852913e-01 5.33323228e-01 4.24340606e-01 7.83750296e-01</data></test_img>
<test_filter type_id="opencv-matrix">
  <rows>7</rows>
  <cols>7</cols>
  <dt>f</dt>
  <data>
    7.39966154e-01 9.38342571e-01 4.33197737e-01 2.21966803e-02
    7.28585660e-01 5.14727235e-01 5.62332869e-02 7.21561670e-01
    9.82745588e-02 6.45490289e-01 3.67576182e-01 9.83612239e-02
    8.96553993e-01 6.26554251e-01 2.26065367e-01 3.44782412e-01
    3.45295757e-01 3.83483559e-01 1.71060085e-01 4.26037669e-01
    2.72004724e-01 8.09848905e-01 9.43695843e-01 4.08022702e-02
    4.16640371e-01 8.95468771e-01 3.36666346e-01 7.12796092e-01
    8.47086787e-01 5.38124204e-01 1.24324471e-01 6.47601843e-01
    9.27240849e-01 4.96957451e-01 4.01994050e-01 8.52433443e-01
    2.85074711e-01 1.23146981e-01 2.37986207e-01 5.69961190e-01
    3.84346217e-01 3.40326488e-01 2.29755372e-01 4.63024795e-01
    2.39763886e-01 8.05171609e-01 4.05624509e-02 8.93651366e-01
    7.04531372e-01</data></test_filter>
<my_img type_id="opencv-matrix">
  <rows>122</rows>
  <cols>250</cols>
  <dt>f</dt>
  <data>
    1.22376566e+01 1.30842781e+01 1.22234631e+01 1.26588955e+01
    1.22597961e+01 1.35362730e+01 1.20051479e+01 1.25715742e+01
    1.30057926e+01 1.17708464e+01 1.21560478e+01 1.20932074e+01
    1.24203558e+01 1.12783003e+01 1.20674057e+01 1.28848829e+01
    1.26161594e+01 1.23449507e+01 1.12180719e+01 1.20598917e+01
    1.24871483e+01 1.17756290e+01 1.23007250e+01 1.30133171e+01
    1.20311918e+01 1.18279018e+01 1.27689562e+01 1.30144386e+01
    1.31810884e+01 1.23624992e+01 1.32846613e+01 1.42863674e+01
    1.31963501e+01 1.20405531e+01 1.13529043e+01 1.18187666e+01
    1.18457804e+01 1.12512093e+01 1.11832113e+01 9.84733295e+00
    9.88860035e+00 1.20819387e+01 1.08047142e+01 1.01413136e+01
    1.11783581e+01 1.07882938e+01 1.08714561e+01 1.28766508e+01
    1.16664896e+01 1.29473314e+01 1.35819864e+01 1.33498516e+01
    1.07890577e+01 1.21458368e+01 1.30825768e+01 1.19521122e+01
    1.23845520e+01 1.27856808e+01 1.16767139e+01 1.34011564e+01
    1.39521446e+01 1.23138008e+01 1.31177044e+01 1.23119898e+01
    1.18779755e+01 1.20143280e+01 1.05892000e+01 1.24159956e+01
    1.06963873e+01 1.02804670e+01 1.04530210e+01 9.82661438e+00
    1.10787983e+01 1.11175900e+01 9.02232361e+00 9.64119816e+00
    1.07606277e+01 1.03598528e+01 1.13306437e+01 9.71375656e+00
    1.10649357e+01 1.18528090e+01 1.24842844e+01 1.14195366e+01
    1.21623802e+01 1.10656834e+01 1.19065037e+01 1.23218966e+01
    1.11495419e+01 1.22487602e+01 1.27233791e+01 1.29329967e+01
    1.27050095e+01 1.05539761e+01 1.10653896e+01 1.14084415e+01
    1.02814579e+01 1.06385641e+01 1.02490301e+01 1.01612062e+01
    9.69324398e+00 9.55691814e+00 1.14638557e+01 1.19247208e+01
    9.60834980e+00 1.05618811e+01 1.14496202e+01 1.07027950e+01
    1.10737858e+01 1.09071646e+01 1.17987471e+01 1.21637917e+01
    1.21761169e+01 1.12697096e+01 1.07590494e+01 1.14273472e+01
    1.21233482e+01 1.17065964e+01 1.13689985e+01 1.22567377e+01
    1.15570040e+01 1.10765314e+01 1.22722483e+01 1.19063177e+01
    9.95677185e+00 1.09514103e+01 1.12560883e+01 1.04303818e+01
    1.15205202e+01 1.11523447e+01 1.19799433e+01 1.03774786e+01
    1.14486437e+01 1.17491579e+01 1.09931030e+01 1.11948824e+01
    1.17983303e+01 1.11196127e+01 1.18073807e+01 1.17525749e+01
    1.16961098e+01 1.15172434e+01 1.30712738e+01 1.26177073e+01
    1.19896755e+01 1.18333721e+01 1.13722391e+01 1.26275997e+01
    1.24729710e+01 1.31048603e+01 1.21207504e+01 1.32353430e+01
    1.27230415e+01 1.20634699e+01 1.12015867e+01 1.02458248e+01
    1.04745502e+01 8.50991631e+00 8.49709988e+00 1.10634756e+01
    9.33626556e+00 1.13137751e+01 1.19768209e+01 1.22237682e+01
    1.24676924e+01 1.35500526e+01 1.31199646e+01 1.43466272e+01
    1.27645226e+01 1.22752542e+01 1.18612061e+01 1.22014990e+01
    1.00511160e+01 1.06396494e+01 1.10037556e+01 1.00622272e+01
    1.03118525e+01 1.14979105e+01 1.26342640e+01 1.07082882e+01
    1.18035336e+01 1.17288761e+01 1.01941757e+01 1.04764643e+01
    1.06946192e+01 9.90070534e+00 1.04517298e+01 8.81082344e+00
    9.13969707e+00 1.07610073e+01 1.12554150e+01 1.21934795e+01
    1.00912228e+01 1.13891468e+01 1.26593895e+01 1.26301746e+01
    1.31480122e+01 1.11573372e+01 1.13180141e+01 1.15254478e+01
    1.09882212e+01 9.98758030e+00 1.03572302e+01 9.66485786e+00
    8.68582916e+00 1.08464947e+01 1.09328451e+01 1.08376856e+01
    1.12897606e+01 1.17395573e+01 1.05605974e+01 1.04384184e+01
    1.18883104e+01 1.17372856e+01 1.03362494e+01 1.04252415e+01
    1.03267479e+01 1.15821180e+01 1.14792318e+01 1.11909704e+01
    1.17373629e+01 1.22950706e+01 1.26777048e+01 1.16812449e+01
    1.24837542e+01 1.24382277e+01 1.04633350e+01 1.12136421e+01
    1.21446028e+01 1.14211864e+01 1.04375143e+01 1.17349720e+01
    1.06691418e+01 1.00465670e+01 1.02654324e+01 9.96493340e+00
    9.88257027e+00 1.02754154e+01 1.00943556e+01 1.07687569e+01
    1.18596010e+01 1.24902020e+01 1.27042618e+01 1.28318844e+01
    1.15605917e+01 1.35067587e+01 1.41796503e+01 1.37785130e+01
    1.25313931e+01 1.33110218e+01 1.25344095e+01 1.23730907e+01
    1.11142340e+01 1.28365993e+01 1.28813219e+01 1.22966833e+01
    1.28899145e+01 1.30827427e+01 1.35548983e+01 1.18529854e+01
    1.18846531e+01 1.24962740e+01 1.16721334e+01 1.17141256e+01
    1.19832220e+01 1.24018688e+01 1.14662561e+01 1.32806091e+01
    1.23681602e+01 1.08507910e+01 1.32966957e+01 1.29703169e+01
    1.26165552e+01 1.28408566e+01 1.14413586e+01 1.32696466e+01
    1.22534199e+01 1.27790480e+01 1.23315811e+01 1.21151390e+01
    1.35143261e+01 1.36239042e+01 1.26423960e+01 1.37250776e+01
    1.26756325e+01 1.22368765e+01 1.12878780e+01 1.00146399e+01
    1.15287418e+01 1.02051382e+01 8.86143684e+00 1.11735945e+01
    1.00601282e+01 9.86944485e+00 9.73004723e+00 1.08710470e+01
    9.98288822e+00 1.11867695e+01 1.18151903e+01 1.13015194e+01
    1.23491964e+01 1.31479340e+01 1.08261251e+01 1.14548302e+01
    1.24592819e+01 1.27320967e+01 1.14767838e+01 1.15248957e+01
    1.26752338e+01 1.39168024e+01 1.36441517e+01 1.39364424e+01
    1.29813690e+01 1.28088255e+01 1.16827850e+01 1.15746937e+01
    1.09357767e+01 1.01897144e+01 1.11861134e+01 1.14486275e+01
    1.08857555e+01 1.02981930e+01 1.13902187e+01 1.05985775e+01
    9.80496407e+00 9.04373741e+00 1.01392355e+01 9.57096100e+00
    9.85956955e+00 9.88827133e+00 1.03098106e+01 1.10414171e+01
    1.16886511e+01 1.06566372e+01 1.07483740e+01 1.03919325e+01
    1.21769447e+01 1.24907923e+01 1.22898006e+01 1.16544132e+01
    1.29937391e+01 1.26475315e+01 1.32515049e+01 1.17736444e+01
    1.18145561e+01 1.15448828e+01 1.05237999e+01 1.10103569e+01
    9.76151466e+00 8.77584267e+00 1.08403854e+01 9.56417751e+00
    1.07254152e+01 1.14226809e+01 9.42275143e+00 9.81707668e+00
    1.18960314e+01 1.06505032e+01 1.03158455e+01 1.00925417e+01
    1.21042871e+01 1.24665966e+01 1.12810240e+01 1.12442484e+01
    1.16590395e+01 1.19128866e+01 1.18911829e+01 1.37256708e+01
    1.23804054e+01 1.13788338e+01 1.20879259e+01 1.24538717e+01
    1.41314497e+01 1.34935780e+01 1.11673889e+01 1.05091686e+01
    1.15784035e+01 1.18059072e+01 1.10396614e+01 1.11750460e+01
    1.13031197e+01 1.03165045e+01 1.15861702e+01 1.10654039e+01
    1.04313536e+01 1.21578951e+01 1.01929369e+01 9.57641697e+00
    1.17319345e+01 1.14913502e+01 1.07096367e+01 1.17551260e+01
    1.21709728e+01 1.24034739e+01 1.13107157e+01 1.21537819e+01
    1.26346731e+01 1.13602476e+01 1.22921629e+01 1.26602688e+01
    1.32152700e+01 1.18176365e+01 1.22123375e+01 1.17280426e+01
    1.20345507e+01 1.13016558e+01 1.08518381e+01 8.53662300e+00
    1.00042543e+01 1.08314934e+01 9.26872730e+00 9.69029140e+00
    1.13471527e+01 1.17710724e+01 1.18477201e+01 1.21467056e+01
    1.33925533e+01 1.45288486e+01 1.26884165e+01 1.32029638e+01
    1.30055189e+01 1.16049929e+01 1.18066854e+01 1.11232901e+01
    1.08671112e+01 1.13851242e+01 1.02353735e+01 1.16248226e+01
    1.06942320e+01 1.11476860e+01 1.24186268e+01 1.12385225e+01
    1.17440510e+01 1.07748203e+01 9.52062702e+00 1.13041544e+01
    1.02114286e+01 8.91530132e+00 8.80784130e+00 9.47785378e+00
    1.05948391e+01 1.13731260e+01 9.95677853e+00 9.69153595e+00
    1.23232613e+01 1.22647715e+01 1.12411947e+01 1.16056852e+01
    1.12239838e+01 1.12055330e+01 1.22325783e+01 1.10877981e+01
    9.86658192e+00 1.02091179e+01 1.07570210e+01 1.10934877e+01
    1.06744003e+01 1.05771809e+01 1.24100742e+01 1.07918901e+01
    9.67108536e+00 1.19918528e+01 1.37786465e+01 1.16847305e+01
    1.17511854e+01 1.16850042e+01 1.03563728e+01 1.21687698e+01
    1.23028088e+01 1.14306612e+01 1.09043884e+01 1.17736769e+01
    1.27063293e+01 1.11374168e+01 1.22126236e+01 1.35606546e+01
    1.10164032e+01 1.16781282e+01 1.22158756e+01 1.14304476e+01
    1.15388269e+01 1.09794559e+01 1.03899889e+01 1.01221571e+01
    1.07908916e+01 1.00595789e+01 1.05537672e+01 1.11834354e+01
    1.13533983e+01 1.13935337e+01 1.25759983e+01 1.40600195e+01
    1.32211838e+01 1.35640106e+01 1.30085335e+01 1.38246536e+01
    1.39728937e+01 1.44521952e+01 1.29911747e+01 1.22549925e+01
    1.30142021e+01 1.25509548e+01 1.18757286e+01 1.30082521e+01
    1.30462198e+01 1.10545263e+01 1.26925306e+01 1.33693657e+01
    1.29177904e+01 1.35381021e+01 1.20031548e+01 1.17981014e+01
    1.22021141e+01 1.26374426e+01 1.17321634e+01 1.16566563e+01
    1.21488562e+01 1.23007488e+01 1.25044651e+01 1.23626299e+01
    1.26591101e+01 1.24401045e+01 1.37448168e+01 1.28200331e+01
    1.15281324e+01 1.24442234e+01 1.24884796e+01 1.11273422e+01
    1.12411280e+01 1.06794691e+01 1.29390860e+01 1.38632116e+01
    1.22618599e+01 1.13534336e+01 1.34087105e+01 1.22253323e+01
    1.22639189e+01 1.06023359e+01 1.02529488e+01 1.05315409e+01
    9.99184608e+00 1.03532724e+01 1.02923050e+01 9.50455761e+00
    9.02449226e+00 1.13792315e+01 1.04725256e+01 1.04551268e+01
    1.06266031e+01 1.20363998e+01 1.20283670e+01 1.19917402e+01
    1.02732811e+01 1.15108604e+01 1.08094778e+01 1.23389750e+01
    1.18355942e+01 1.14513407e+01 1.17873926e+01 1.30236073e+01
    1.42921638e+01 1.35033569e+01 1.24958296e+01 1.24455357e+01
    1.07662535e+01 1.16376810e+01 1.12212162e+01 1.04777126e+01
    9.42606068e+00 9.34165478e+00 1.01518040e+01 1.17383862e+01
    1.10060015e+01 1.03334341e+01 9.83681011e+00 1.10802832e+01
    1.16812811e+01 1.03466825e+01 1.13718653e+01 1.17460690e+01
    1.05749254e+01 1.14330778e+01 1.10050030e+01 1.06225376e+01
    1.11721678e+01 1.07067642e+01 1.05079155e+01 1.23930197e+01
    1.23625240e+01 1.14743195e+01 1.34360266e+01 1.25920343e+01
    1.32287569e+01 1.37291355e+01 1.22885656e+01 1.11870289e+01
    1.07340450e+01 1.28166561e+01 1.11858635e+01 1.00280514e+01
    1.03754072e+01 1.07883139e+01 1.11510935e+01 1.09731112e+01
    8.96437454e+00 9.98087788e+00 1.12698584e+01 1.15094137e+01
    1.13469477e+01 1.01512575e+01 1.11396770e+01 1.26519184e+01
    1.20991144e+01 1.14626236e+01 1.07847691e+01 1.16924744e+01
    1.10408897e+01 1.23393955e+01 1.34745340e+01 1.04468050e+01
    1.11453924e+01 1.32610874e+01 1.30383654e+01 1.29287643e+01
    1.16089888e+01 1.13213224e+01 1.24710665e+01 1.29472361e+01
    1.23490553e+01 1.16196404e+01 1.03970947e+01 1.06650047e+01
    1.14783621e+01 1.08121901e+01 1.16956348e+01 1.18381977e+01
    1.07486515e+01 1.15729008e+01 1.16449280e+01 1.24091682e+01
    1.15003891e+01 1.05443392e+01 1.34017010e+01 1.07602272e+01
    1.08156090e+01 1.06440201e+01 1.23404675e+01 1.10257406e+01
    1.22698898e+01 1.13773861e+01 1.19792280e+01 1.23081503e+01
    1.10582676e+01 1.10119896e+01 1.13673077e+01 1.05532999e+01
    9.31176949e+00 8.64729691e+00 8.07574177e+00 1.05295048e+01
    8.88696003e+00 1.16351748e+01 1.06087484e+01 1.20968904e+01
    1.20278492e+01 1.32981758e+01 1.22375507e+01 1.35401030e+01
    1.33590813e+01 1.28402824e+01 1.24162188e+01 1.21373711e+01
    1.24271526e+01 1.24003611e+01 1.15633812e+01 1.17619267e+01
    1.20532665e+01 1.10669842e+01 1.25114985e+01 1.25251284e+01
    1.19306650e+01 1.14335947e+01 1.20624676e+01 1.13804359e+01
    1.08219700e+01 1.08693151e+01 1.12291737e+01 9.54092026e+00
    1.05248842e+01 9.90768147e+00 1.05708408e+01 1.09177799e+01
    1.11198339e+01 1.04078455e+01 1.25666122e+01 1.20380287e+01
    1.22582140e+01 1.01433687e+01 1.09506769e+01 1.10162544e+01
    1.01040297e+01 9.86466885e+00 9.26229000e+00 8.66074944e+00
    1.12957363e+01 1.04011898e+01 1.04357014e+01 1.04128027e+01
    1.26669760e+01 1.21692095e+01 1.00929585e+01 1.20472383e+01
    1.25742159e+01 1.17610292e+01 1.24998360e+01 1.09745607e+01
    1.09051294e+01 1.29757366e+01 1.14555769e+01 1.05388231e+01
    1.16497345e+01 1.10942898e+01 1.11744242e+01 1.08510332e+01
    1.12873564e+01 1.16895723e+01 1.00557280e+01 1.01743202e+01
    1.15527401e+01 1.07615166e+01 1.12593212e+01 1.19898882e+01
    1.01335831e+01 1.14052868e+01 1.01206636e+01 1.05318394e+01
    9.97573662e+00 1.17755547e+01 1.14971914e+01 1.04946260e+01
    1.31884041e+01 1.35278339e+01 1.22352972e+01 1.31386108e+01
    1.19595575e+01 1.27729092e+01 1.31686602e+01 1.24839897e+01
    1.29060783e+01 1.23512697e+01 1.27246828e+01 1.32934942e+01
    1.24582243e+01 1.33671684e+01 1.30230513e+01 1.37267799e+01
    1.18506107e+01 1.22877026e+01 1.27125683e+01 1.40105839e+01
    1.12539206e+01 1.18575544e+01 1.40950651e+01 1.26559448e+01
    1.38041763e+01 1.36991234e+01 1.31477757e+01 1.25411339e+01
    1.40904255e+01 1.31202488e+01 1.26095657e+01 1.20531340e+01
    1.29606161e+01 1.11730165e+01 1.19569130e+01 1.12705069e+01
    1.06425610e+01 1.00648232e+01 1.05870600e+01 1.04190445e+01
    1.04691515e+01 1.16911964e+01 1.10502386e+01 1.09445333e+01
    1.32876043e+01 1.15082684e+01 1.26041040e+01 1.17873192e+01
    1.02200727e+01 1.18994656e+01 1.07929878e+01 1.20020247e+01
    1.09549875e+01 1.06714029e+01 1.03067036e+01 1.14051075e+01
    1.20506992e+01 1.12942104e+01 9.83665752e+00 1.27815552e+01
    1.20420971e+01 1.27238417e+01 1.22143631e+01 1.16909304e+01
    1.32930126e+01 1.29103966e+01 1.33658915e+01 1.08706026e+01
    1.25143585e+01 1.43277121e+01 1.36477098e+01 1.27649946e+01
    1.29747715e+01 1.32009401e+01 1.16319542e+01 1.04964762e+01
    1.10879641e+01 1.10757351e+01 9.83867359e+00 1.06615076e+01
    8.85284138e+00 1.17676115e+01 1.19976902e+01 1.09816628e+01
    9.30951691e+00 1.11313992e+01 1.22186956e+01 1.15175648e+01
    1.10214767e+01 1.14723148e+01 1.08498535e+01 1.29481277e+01
    1.33428497e+01 1.10360165e+01 1.17590733e+01 9.75536156e+00
    1.06774788e+01 1.18527908e+01 1.12532787e+01 1.27757711e+01
    1.21180811e+01 1.15532112e+01 1.34612417e+01 1.34295130e+01
    1.18513460e+01 1.11095304e+01 1.10873823e+01 1.05402308e+01
    1.11634455e+01 1.05519390e+01 9.59693146e+00 9.48443031e+00
    1.18424358e+01 1.06112118e+01 8.54855061e+00 1.00380783e+01
    1.08138866e+01 1.00527773e+01 1.04535656e+01 9.50660801e+00
    1.05954742e+01 1.15496140e+01 1.08918266e+01 1.12821617e+01
    1.09199820e+01 1.16857166e+01 1.14862251e+01 1.19637270e+01
    1.28527184e+01 1.17131414e+01 1.13392229e+01 1.20877733e+01
    1.30211306e+01 1.29692869e+01 1.14105740e+01 1.05092039e+01
    1.14187965e+01 1.23157415e+01 1.18052130e+01 1.12215672e+01
    9.96861076e+00 1.05993299e+01 1.04084892e+01 1.15649939e+01
    1.12801142e+01 9.63865376e+00 1.03104420e+01 1.22907372e+01
    1.27760038e+01 1.20685511e+01 1.23114119e+01 1.22618370e+01
    1.34738989e+01 1.18384075e+01 1.12964211e+01 1.23672628e+01
    1.16314621e+01 1.21970005e+01 1.10803146e+01 1.07460575e+01
    1.15844364e+01 1.19230690e+01 1.03779707e+01 9.84461021e+00
    1.07393675e+01 9.45721436e+00 9.74363804e+00 8.62140369e+00
    8.65528774e+00 9.47867107e+00 1.05720549e+01 1.06006508e+01
    1.02276449e+01 1.14152870e+01 1.26978655e+01 1.22809849e+01
    1.22929831e+01 1.31869402e+01 1.37276468e+01 1.28510761e+01
    1.25373278e+01 1.23267136e+01 1.17660303e+01 1.31505747e+01
    1.16118212e+01 1.23699551e+01 1.17815657e+01 1.20168295e+01
    1.27271986e+01 1.18400927e+01 1.26207829e+01 1.13382788e+01
    1.10972252e+01 1.16528664e+01 9.76512146e+00 1.03137293e+01
    1.21403990e+01 9.91392326e+00 1.03967886e+01 1.00776157e+01
    1.26327848e+01 1.18000317e+01 9.64992428e+00 1.21078939e+01
    1.24106684e+01 1.16529322e+01 1.18664417e+01 1.06799202e+01
    1.21033077e+01 1.24373016e+01 1.04534750e+01 1.06085567e+01
    1.03267355e+01 8.89506340e+00 1.00186205e+01 1.03591557e+01
    9.71712685e+00 1.16644392e+01 1.04018383e+01 1.01084881e+01
    1.00173903e+01 1.10214453e+01 1.17914124e+01 1.10036364e+01
    1.18273411e+01 1.01737766e+01 9.86936855e+00 1.19481030e+01
    1.01289129e+01 9.10604095e+00 1.04899359e+01 9.38199043e+00
    8.34078026e+00 1.17450705e+01 1.07798357e+01 9.89709568e+00
    1.08678446e+01 1.11209307e+01 1.07041540e+01 1.09980011e+01
    1.13763981e+01 1.06603699e+01 1.04060059e+01 1.21431389e+01
    1.26351681e+01 1.16943130e+01 1.02305288e+01 1.31571350e+01
    1.22973003e+01 1.12961760e+01 1.43536234e+01 1.20656853e+01
    1.39184113e+01 1.26010447e+01 1.15580997e+01 1.37331638e+01
    1.30712757e+01 1.27204380e+01 1.30642691e+01 1.23365688e+01
    1.33445721e+01 1.27289238e+01 1.19904709e+01 1.25686312e+01
    1.28011246e+01 1.24451380e+01 1.11309977e+01 1.19436665e+01
    1.41384802e+01 1.33904572e+01 1.34988346e+01 1.25310974e+01
    1.26675835e+01 1.26693935e+01 1.43389139e+01 1.35251522e+01
    1.22679625e+01 1.33781204e+01 1.46165733e+01 1.31199522e+01
    1.26891279e+01 1.09939642e+01 1.19618158e+01 1.16171293e+01
    1.02494783e+01 1.09567070e+01 1.15679255e+01 9.94533348e+00
    9.93922615e+00 1.10852442e+01 1.20694246e+01 1.15114136e+01
    1.21342793e+01 1.20955534e+01 1.27040558e+01 1.12259426e+01
    1.21349983e+01 1.17738533e+01 1.09171591e+01 1.21012230e+01
    1.09871731e+01 1.17998581e+01 1.17974663e+01 1.25962172e+01
    1.21577673e+01 1.10646172e+01 1.23044615e+01 1.32244091e+01
    1.17853403e+01 1.14075413e+01 1.29032555e+01 1.30643826e+01
    1.18226871e+01 1.22075033e+01 1.21181726e+01 1.17492828e+01
    1.35447321e+01 1.17024355e+01 1.05837603e+01 1.35551338e+01
    1.25101109e+01 1.29523087e+01 1.10067835e+01 1.22639036e+01
    1.19169550e+01 1.11645508e+01 1.07249241e+01 1.20489759e+01
    1.06902676e+01 1.04270744e+01 1.04399452e+01 1.03941774e+01
    1.12403975e+01 1.19079227e+01 1.03092566e+01 9.75359249e+00
    1.07291479e+01 1.10201168e+01 1.22662115e+01 1.12218714e+01
    1.01857901e+01 1.31953239e+01 1.21433277e+01 1.16808844e+01
    1.21083641e+01 1.08453970e+01 1.21485806e+01 1.20250168e+01
    1.03003693e+01 1.25390787e+01 1.17550068e+01 1.12874222e+01
    1.25733452e+01 1.24846287e+01 1.31576166e+01 1.24244623e+01
    1.10667219e+01 1.06537209e+01 1.19805288e+01 1.09317989e+01
    1.04345398e+01 1.00155020e+01 1.12091370e+01 1.09317226e+01
    9.22523117e+00 9.74493694e+00 1.14265985e+01 1.03334694e+01
    9.51672268e+00 9.82338524e+00 1.08764687e+01 1.10592089e+01
    1.13255997e+01 1.07766314e+01 1.14953823e+01 1.25921106e+01
    1.22446785e+01 1.16726084e+01 1.23278141e+01 1.33533783e+01
    1.19210882e+01 1.28586445e+01 1.31526928e+01 1.45699577e+01
    1.20567017e+01 1.00185671e+01 1.26378136e+01 1.25044641e+01
    1.11890602e+01 1.08500452e+01 9.68850422e+00 9.52754021e+00
    1.13868942e+01 1.04890060e+01 1.11248913e+01 9.97616196e+00
    9.94957638e+00 1.10582142e+01 1.17168427e+01 1.14862127e+01
    1.09737377e+01 1.01788635e+01 1.25817986e+01 1.25051107e+01
    9.71441174e+00 1.06539717e+01 1.06672802e+01 1.03211670e+01
    9.58118343e+00 1.03573627e+01 1.22087746e+01 1.06239681e+01
    1.03462095e+01 1.10906391e+01 1.16669874e+01 1.09890404e+01
    9.61018658e+00 1.00217848e+01 9.82611942e+00 1.22857199e+01
    9.63744736e+00 9.81658649e+00 1.18939857e+01 1.19090042e+01
    1.12640448e+01 1.11034184e+01 1.21216764e+01 1.32113895e+01
    1.24277229e+01 1.23688545e+01 1.15413637e+01 1.37875881e+01
    1.24880333e+01 1.26440125e+01 1.39244013e+01 1.21358538e+01
    1.15998631e+01 1.27172565e+01 1.15878048e+01 1.20169420e+01
    1.28524227e+01 1.23817701e+01 1.13757248e+01 1.21516771e+01
    1.18882828e+01 1.12689438e+01 1.19232807e+01 1.13831129e+01
    1.02066212e+01 1.09837151e+01 1.17944317e+01 1.11081991e+01
    9.87562561e+00 1.15489626e+01 1.17762442e+01 1.18369751e+01
    1.15144835e+01 1.12108784e+01 1.15042124e+01 1.25150356e+01
    1.11103354e+01 1.04846201e+01 1.07557421e+01 1.05650549e+01
    1.22314491e+01 1.18602419e+01 1.10164833e+01 1.17421198e+01
    1.20495167e+01 1.08702812e+01 1.13926392e+01 1.21837378e+01
    1.28500748e+01 1.16314259e+01 1.21208296e+01 1.16576452e+01
    1.26887560e+01 1.19161978e+01 1.18703279e+01 1.08553305e+01
    1.12653847e+01 9.71685791e+00 9.86138916e+00 1.25796661e+01
    1.15491562e+01 9.74972725e+00 1.12956066e+01 1.12868013e+01
    1.08370953e+01 1.11992397e+01 1.16115980e+01 1.10967579e+01
    9.66148186e+00 1.19504356e+01 1.24360371e+01 1.08859787e+01
    1.08668766e+01 1.23909950e+01 1.30899496e+01 1.23016024e+01
    1.39987545e+01 1.37691221e+01 1.26645164e+01 1.39405441e+01
    1.18880892e+01 1.29143887e+01 1.30407686e+01 1.22019520e+01
    1.26375189e+01 1.28162136e+01 1.31968451e+01 1.32426462e+01
    1.06678677e+01 1.24825983e+01 1.11708660e+01 1.10859747e+01
    1.32374563e+01 1.15908689e+01 1.36807585e+01 1.19466543e+01
    1.24210806e+01 1.23519077e+01 1.16479750e+01 1.36996040e+01
    1.38365564e+01 1.25812817e+01 1.27300367e+01 1.36281967e+01
    1.28865347e+01 1.28414059e+01 1.20357866e+01 1.16549816e+01
    1.17547178e+01 1.19045782e+01 9.03959560e+00 1.05580807e+01
    1.09484253e+01 9.69399738e+00 9.25692844e+00 9.82737923e+00
    1.21505890e+01 1.19453573e+01 1.04718332e+01 1.25226555e+01
    1.30676718e+01 1.21344481e+01 1.18878613e+01 1.24213667e+01
    1.15349827e+01 1.10366278e+01 1.14577847e+01 1.09758263e+01
    1.22298517e+01 1.16683025e+01 1.14468517e+01 1.24561777e+01
    1.24419641e+01 1.31741304e+01 1.30519314e+01 1.21753016e+01
    1.37310553e+01 1.14776764e+01 1.11807451e+01 1.16185102e+01
    1.20093098e+01 1.17308474e+01 1.10347223e+01 1.30941095e+01
    1.18131123e+01 1.26738176e+01 1.34190445e+01 1.18604927e+01
    1.15068502e+01 1.05956573e+01 1.21329288e+01 9.77864456e+00
    9.26040268e+00 1.06244478e+01 9.95824528e+00 9.28543282e+00
    1.11549816e+01 1.07903061e+01 1.08184366e+01 1.12179184e+01
    1.03149805e+01 1.01798573e+01 1.18997984e+01 1.15090675e+01
    1.00746737e+01 1.03830166e+01 1.12075281e+01 1.20625572e+01
    1.18103542e+01 1.14916067e+01 1.28859797e+01 1.18508444e+01
    1.18527298e+01 1.30226145e+01 1.22421227e+01 1.18358641e+01
    1.27830124e+01 1.20639334e+01 1.23498459e+01 1.10229168e+01
    1.23042402e+01 1.13275614e+01 1.12568703e+01 1.15981445e+01
    1.26961231e+01 1.20596218e+01 1.25407639e+01 1.09550085e+01
    1.13100786e+01 1.12945471e+01 9.68187332e+00 9.66213417e+00
    9.57863522e+00 9.60719585e+00 9.98234463e+00 1.00159950e+01
    1.04315739e+01 1.15864906e+01 1.03907499e+01 1.02107038e+01
    1.00433607e+01 1.08261786e+01 1.09867125e+01 1.16320477e+01
    1.19702196e+01 1.06815338e+01 1.13277121e+01 1.24434910e+01
    1.26651306e+01 1.25182467e+01 1.11987438e+01 1.19253426e+01
    1.28070784e+01 1.24948521e+01 1.17827139e+01 1.16384211e+01
    1.01083536e+01 1.03699646e+01 1.07260237e+01 1.05930328e+01
    1.08290148e+01 9.63038921e+00 1.02219076e+01 1.22987871e+01
    1.20594120e+01 1.24149809e+01 1.19243631e+01 1.14652939e+01
    1.20337639e+01 1.14405603e+01 1.03607168e+01 1.16310654e+01
    1.04590130e+01 1.03174915e+01 9.78596783e+00 9.93995953e+00
    1.19848480e+01 1.08943052e+01 1.07930498e+01 9.64928150e+00
    1.14869585e+01 1.12583637e+01 9.46672821e+00 9.15867233e+00
    1.23831129e+01 1.07479763e+01 1.05671253e+01 1.03396368e+01
    1.32754269e+01 1.22977047e+01 1.20092411e+01 1.15116243e+01
    1.18711281e+01 1.29114475e+01 1.21080437e+01 1.33772812e+01
    1.16893082e+01 1.28979340e+01 1.34966860e+01 1.28093290e+01
    1.34504833e+01 1.26014929e+01 1.26607103e+01 1.31026230e+01
    1.18007050e+01 1.24493465e+01 1.21298771e+01 1.19332409e+01
    1.07333231e+01 1.11894341e+01 1.08836813e+01 1.23104210e+01
    1.20071106e+01 1.08486853e+01 1.10955372e+01 1.12259846e+01
    1.21405210e+01 1.13504400e+01 1.02293625e+01 1.20879698e+01
    1.31626854e+01 1.08191128e+01 1.23749189e+01 1.24308014e+01
    1.10777798e+01 1.22965403e+01 1.12392330e+01 1.10938606e+01
    1.08434982e+01 1.09063835e+01 1.09781628e+01 1.09818192e+01
    1.08572378e+01 1.08324547e+01 1.19125643e+01 1.15069609e+01
    1.22973194e+01 1.17825899e+01 1.25017281e+01 1.20529823e+01
    1.28919945e+01 1.24796181e+01 1.16762600e+01 1.22306919e+01
    1.14341459e+01 1.07771969e+01 9.45054913e+00 9.51807308e+00
    1.01177778e+01 1.11553230e+01 1.11325521e+01 9.96307373e+00
    9.57195377e+00 1.15850744e+01 1.22288837e+01 1.32872553e+01
    1.16375237e+01 1.04691992e+01 1.20459671e+01 1.33515120e+01
    1.17894268e+01 1.14898252e+01 1.19741449e+01 1.26140928e+01
    1.25402613e+01 1.18758564e+01 1.36150055e+01 1.32064514e+01
    1.21546402e+01 1.24981499e+01 1.06661520e+01 1.25555525e+01
    1.27264271e+01 1.19771519e+01 1.27850933e+01 1.21088619e+01
    1.29938087e+01 1.25350771e+01 1.13215179e+01 1.20682955e+01
    1.22678986e+01 1.17146845e+01 1.26234989e+01 1.22731047e+01
    1.22030029e+01 1.29739256e+01 1.17197905e+01 1.28027468e+01
    1.24816036e+01 1.20217581e+01 1.35900269e+01 1.24809380e+01
    1.12227745e+01 1.41112337e+01 1.33865070e+01 1.26435633e+01
    1.24055643e+01 1.21530313e+01 1.06346540e+01 9.86511326e+00
    1.07518635e+01 8.81719303e+00 9.94050884e+00 8.75410843e+00
    9.05821037e+00 9.49979115e+00 1.05372543e+01 1.06247835e+01
    1.11195135e+01 1.14872627e+01 1.27224264e+01 1.28821650e+01
    1.15570660e+01 1.07621880e+01 1.27917128e+01 1.28994627e+01
    1.08672791e+01 1.22127028e+01 1.24451914e+01 1.24826059e+01
    1.29529781e+01 1.24733696e+01 1.27902184e+01 1.25488157e+01
    1.29148464e+01 1.38937035e+01 1.27411718e+01 1.35512943e+01
    1.10730581e+01 1.18131237e+01 1.26698971e+01 1.31603384e+01
    1.12130423e+01 1.12784042e+01 1.17243958e+01 1.37862606e+01
    1.27273235e+01 1.14847946e+01 1.21465492e+01 1.15860844e+01
    1.14182510e+01 1.04873848e+01 1.00474930e+01 1.16898899e+01
    9.78487682e+00 1.04117079e+01 1.20779524e+01 1.09901342e+01
    1.11390753e+01 1.16565189e+01 1.22636786e+01 1.15812893e+01
    1.17614927e+01 1.28781672e+01 1.15017557e+01 1.17527876e+01
    1.20192556e+01 1.22916574e+01 1.30365620e+01 1.24084549e+01
    1.21653585e+01 1.21920891e+01 1.17487841e+01 1.38283472e+01
    1.28909645e+01 1.28063059e+01 1.16303959e+01 1.32016563e+01
    1.22490082e+01 1.21242695e+01 1.22154398e+01 1.10378275e+01
    1.06470776e+01 1.08191853e+01 1.14745436e+01 1.20907173e+01
    1.06706457e+01 1.23001080e+01 1.24243431e+01 1.08996735e+01
    1.09104271e+01 1.08263121e+01 1.04921732e+01 1.01125278e+01
    9.11827183e+00 1.02385511e+01 1.10827045e+01 1.00492830e+01
    1.13325186e+01 1.12970715e+01 1.17095604e+01 1.22529993e+01
    1.32316208e+01 1.35410080e+01 1.18159399e+01 1.16353855e+01
    1.20656614e+01 1.35788889e+01 1.26785059e+01 1.28799305e+01
    1.16303034e+01 1.11290674e+01 1.26398392e+01 1.33199873e+01
    1.28835850e+01 1.13625870e+01 1.10509205e+01 1.03547783e+01
    1.16649590e+01 1.21433697e+01 9.92875290e+00 9.94068718e+00
    9.99586678e+00 1.14728508e+01 1.26143074e+01 1.13211336e+01
    1.00382156e+01 1.19970303e+01 1.34220438e+01 1.14087667e+01
    1.21956644e+01 1.21791763e+01 1.24613104e+01 9.91840649e+00
    1.02607527e+01 1.18531485e+01 1.10974340e+01 1.11457682e+01
    1.11254072e+01 9.18196583e+00 1.12552147e+01 1.19104347e+01
    1.05649652e+01 1.01103373e+01 1.09807663e+01 1.07459269e+01
    1.12884169e+01 1.20268660e+01 1.14486904e+01 1.27160025e+01
    1.15710020e+01 1.17318163e+01 1.09528313e+01 1.21495352e+01
    1.17234297e+01 1.18521748e+01 1.07381773e+01 1.07685375e+01
    1.29352818e+01 1.30807076e+01 1.36527224e+01 1.29772558e+01
    1.19564810e+01 1.30229034e+01 1.33651485e+01 1.17716351e+01
    1.23917723e+01 1.26824427e+01 1.23318806e+01 1.15561943e+01
    1.13066044e+01 1.28986778e+01 1.08075800e+01 1.11490221e+01
    1.29189873e+01 1.08761034e+01 1.18374691e+01 1.21226816e+01
    1.14533062e+01 1.20025082e+01 1.24951859e+01 1.14649620e+01
    1.16453915e+01 1.13729515e+01 1.12917833e+01 1.26259613e+01
    1.16370020e+01 1.04818468e+01 1.10359125e+01 1.12489424e+01
    1.24811506e+01 1.11204691e+01 1.07947435e+01 1.21352377e+01
    1.13026705e+01 1.04897556e+01 1.00589399e+01 1.15264559e+01
    1.08058119e+01 1.13504543e+01 1.14542780e+01 1.09196663e+01
    1.07602100e+01 1.19312563e+01 1.26480827e+01 9.52310753e+00
    8.80792713e+00 9.12782097e+00 9.77148724e+00 1.04166431e+01
    9.89569664e+00 1.00594053e+01 9.15635204e+00 1.08591175e+01
    1.19416838e+01 1.22713432e+01 1.18349457e+01 1.02889967e+01
    1.18530054e+01 1.20815859e+01 1.14628401e+01 1.19560261e+01
    1.18817081e+01 1.17149458e+01 1.21470890e+01 1.33710985e+01
    1.28153391e+01 1.23819542e+01 1.17517185e+01 1.12362232e+01
    1.24764929e+01 1.16057940e+01 1.28491726e+01 1.21259165e+01
    1.33916779e+01 1.33025208e+01 1.28364077e+01 1.14991026e+01
    1.16830721e+01 1.16678019e+01 1.17725153e+01 1.08774385e+01
    1.14414587e+01 1.15190077e+01 1.12592497e+01 1.33704786e+01
    1.18217373e+01 1.13839102e+01 1.28887272e+01 1.18658142e+01
    1.37084932e+01 1.20859289e+01 1.19936762e+01 1.42540503e+01
    1.37130289e+01 1.29907961e+01 1.33010778e+01 1.10377150e+01
    1.05007448e+01 1.09504347e+01 9.94946003e+00 8.37078953e+00
    9.71375275e+00 9.44074631e+00 9.09644890e+00 1.03436108e+01
    1.02487316e+01 1.24312859e+01 1.20365734e+01 1.10476971e+01
    1.36012917e+01 1.41187954e+01 1.31788940e+01 1.10424509e+01
    1.38667068e+01 1.36820517e+01 1.05873270e+01 1.24355307e+01
    1.27179537e+01 1.21658478e+01 1.27621851e+01 1.20340385e+01
    1.20208092e+01 1.27464876e+01 1.25232363e+01 1.26282787e+01
    1.31347561e+01 1.25383673e+01 1.24827280e+01 1.30286112e+01
    1.25281792e+01 1.23948593e+01 1.38577480e+01 9.34527683e+00
    1.23243914e+01 1.28942308e+01 1.22719765e+01 1.20001268e+01
    1.14256248e+01 1.14021339e+01 1.17291641e+01 1.15572834e+01
    1.00266132e+01 1.16051407e+01 1.01022882e+01 1.11153135e+01
    1.14820709e+01 1.08947649e+01 1.21198950e+01 1.20059290e+01
    1.12563429e+01 1.19477777e+01 1.16269073e+01 1.15761671e+01
    1.22244129e+01 1.13116827e+01 1.07668438e+01 1.21281157e+01
    1.21718397e+01 1.27051430e+01 1.25912266e+01 1.17966785e+01
    1.44736013e+01 1.29487591e+01 1.33234215e+01 1.32067785e+01
    1.18716412e+01 1.26104250e+01 1.26995535e+01 1.18130178e+01
    1.17141428e+01 1.12662773e+01 1.09895153e+01 1.13931742e+01
    1.16224337e+01 1.26300793e+01 1.20492315e+01 1.20688620e+01
    1.19586630e+01 1.17478886e+01 1.13290148e+01 1.08678303e+01
    1.15192356e+01 1.09357853e+01 1.11135788e+01 9.21004772e+00
    9.88051796e+00 1.29295015e+01 1.12033625e+01 1.11084976e+01
    1.21333542e+01 1.15422440e+01 1.17244205e+01 1.35281096e+01
    1.42020473e+01 1.25942297e+01 1.23864117e+01 1.44412022e+01
    1.27203350e+01 1.24767361e+01 1.42517710e+01 1.16824026e+01
    1.26590290e+01 1.28486538e+01 1.29173374e+01 1.17835236e+01
    1.04692984e+01 1.02770576e+01 1.16074810e+01 1.08354521e+01
    1.00741167e+01 9.14231873e+00 1.03461132e+01 1.08040028e+01
    1.17019072e+01 1.13377647e+01 1.20291195e+01 1.27205124e+01
    1.30340519e+01 1.23129845e+01 1.15219669e+01 1.36165085e+01
    1.19704847e+01 1.10278578e+01 9.66421890e+00 1.12637644e+01
    1.03840313e+01 1.05425701e+01 1.04394112e+01 1.02407818e+01
    1.07174263e+01 1.20589361e+01 1.12386541e+01 1.13389225e+01
    1.20231018e+01 1.17130594e+01 1.14871597e+01 1.16797667e+01
    1.28081589e+01 1.17528934e+01 1.14603462e+01 1.11507359e+01
    1.21416750e+01 1.15580721e+01 1.34402924e+01 1.13856153e+01
    1.17126026e+01 1.30499544e+01 1.25544891e+01 1.28951969e+01
    1.31706867e+01 1.35438528e+01 1.26958389e+01 1.33900776e+01
    1.41688347e+01 1.36703043e+01 1.26273260e+01 1.17298126e+01
    1.20720234e+01 1.26006794e+01 1.10086689e+01 1.13289671e+01
    1.26138048e+01 1.17605658e+01 1.27620897e+01 1.14282827e+01
    1.06463957e+01 1.11726942e+01 1.11148005e+01 1.19673166e+01
    1.10153790e+01 1.11626339e+01 1.22245655e+01 1.08864479e+01
    1.15234795e+01 1.24901152e+01 1.18464632e+01 1.10220203e+01
    1.02672052e+01 1.19499760e+01 1.15953484e+01 1.17341003e+01
    1.10853548e+01 1.16501780e+01 1.05674295e+01 1.21340170e+01
    1.15382442e+01 1.16777544e+01 1.08962107e+01 1.15927906e+01
    1.26052322e+01 1.27638350e+01 1.21410837e+01 1.35155783e+01
    1.27997246e+01 1.14225063e+01 1.09952097e+01 1.04098368e+01
    1.10075502e+01 1.13877249e+01 9.82790184e+00 1.07650890e+01
    1.01102600e+01 1.23404255e+01 1.24006300e+01 1.21542587e+01
    1.28628454e+01 1.13799829e+01 1.19481506e+01 1.41588182e+01
    1.12754173e+01 1.16674776e+01 1.31868992e+01 1.10865889e+01
    1.21768093e+01 1.26388569e+01 1.25374680e+01 1.33405733e+01
    1.14295855e+01 1.13946638e+01 1.20716877e+01 1.17871904e+01
    1.23599310e+01 1.23725424e+01 1.29640265e+01 1.32961311e+01
    1.14456272e+01 1.15721226e+01 1.08861141e+01 1.03699360e+01
    1.01207027e+01 1.25826454e+01 1.13712921e+01 1.00815392e+01
    1.18570328e+01 1.20846224e+01 1.17985649e+01 1.17477045e+01
    1.22133770e+01 1.11240416e+01 1.14765263e+01 1.12319431e+01
    1.11437969e+01 1.33212786e+01 1.33358221e+01 1.33813353e+01
    1.32943621e+01 1.18520269e+01 1.23943853e+01 1.21115627e+01
    1.15469027e+01 1.03900318e+01 9.42743492e+00 9.84418488e+00
    1.13708754e+01 1.06215115e+01 1.04542484e+01 1.10199699e+01
    1.11048708e+01 1.14491520e+01 1.28216658e+01 1.25727329e+01
    1.17023249e+01 1.33414984e+01 1.27123880e+01 1.21175718e+01
    1.23651848e+01 1.29444284e+01 1.24432716e+01 1.25968227e+01
    1.24195690e+01 1.23202105e+01 1.28368082e+01 1.40840864e+01
    1.29132967e+01 1.38539581e+01 1.44693832e+01 1.24399157e+01
    1.25731640e+01 1.16156368e+01 1.14754496e+01 1.19669256e+01
    1.20812721e+01 1.03563738e+01 1.08409328e+01 1.39892931e+01
    1.14292803e+01 1.25148001e+01 1.11753645e+01 1.02180595e+01
    1.13988514e+01 1.07666473e+01 8.79727268e+00 1.03700094e+01
    1.06422634e+01 1.10001955e+01 1.11713419e+01 1.01887379e+01
    1.38395233e+01 1.24291391e+01 1.21257067e+01 1.21233644e+01
    1.24974298e+01 1.23854628e+01 1.20570021e+01 1.11853104e+01
    1.20570431e+01 1.17015314e+01 1.24691572e+01 1.29692841e+01
    1.26215849e+01 1.20391722e+01 1.27987041e+01 1.34075193e+01
    1.23718596e+01 1.33688488e+01 1.18197470e+01 1.21856813e+01
    1.22626677e+01 1.18885508e+01 1.13951445e+01 1.08499651e+01
    1.12388668e+01 1.25924091e+01 1.19353876e+01 1.21691227e+01
    1.17332458e+01 1.21652956e+01 1.37096968e+01 1.15280609e+01
    1.28722801e+01 1.11888514e+01 1.06218977e+01 1.12132835e+01
    1.13533745e+01 9.96287727e+00 1.10918026e+01 1.12236671e+01
    1.09397097e+01 1.06417246e+01 1.11857376e+01 1.08488340e+01
    1.10581961e+01 1.19627447e+01 1.21679840e+01 1.18703518e+01
    1.10743170e+01 1.23640881e+01 1.23107843e+01 1.22146454e+01
    1.18315449e+01 1.18502369e+01 1.27988806e+01 1.20036058e+01
    1.25559359e+01 1.22425022e+01 1.13747492e+01 1.09069176e+01
    1.13872519e+01 1.05098171e+01 1.13784752e+01 9.42743301e+00
    1.05754290e+01 1.20615768e+01 1.14975920e+01 1.27412453e+01
    1.20818663e+01 1.28605776e+01 1.35102234e+01 1.32656851e+01
    1.19075384e+01 1.32701292e+01 1.32596951e+01 1.21670628e+01
    1.07424278e+01 1.15908794e+01 1.25272589e+01 1.17728958e+01
    1.17881460e+01 1.03981075e+01 1.03123894e+01 1.16663074e+01
    1.08444691e+01 1.19719696e+01 1.10275211e+01 1.12932291e+01
    1.15800247e+01 1.27221155e+01 1.26415157e+01 1.26237659e+01
    1.30908985e+01 1.06048622e+01 1.16090364e+01 1.31890993e+01
    1.28570404e+01 1.18744726e+01 1.11751451e+01 1.14168196e+01
    1.26487932e+01 1.23183794e+01 1.08899307e+01 1.37459898e+01
    1.24803391e+01 1.16809158e+01 1.24544916e+01 1.38335247e+01
    1.29628124e+01 1.22549667e+01 1.24569378e+01 1.34002581e+01
    1.06754398e+01 1.24978142e+01 1.14064703e+01 1.16477575e+01
    1.19317884e+01 1.18685789e+01 1.13544836e+01 1.18290033e+01
    1.14778728e+01 1.24607296e+01 1.24176321e+01 1.24221058e+01
    1.22946386e+01 1.18411150e+01 1.21392317e+01 1.33739052e+01
    1.09566088e+01 1.24214869e+01 1.17047729e+01 1.15656071e+01
    1.12575359e+01 1.26932039e+01 1.27593012e+01 1.19378977e+01
    1.18266039e+01 1.18434410e+01 1.15001822e+01 1.11668997e+01
    1.13061314e+01 1.05158272e+01 1.27366781e+01 1.22982893e+01
    1.16371613e+01 1.15834770e+01 1.27433233e+01 1.19248676e+01
    1.08211269e+01 1.04860144e+01 1.04266396e+01 1.18475714e+01
    9.41924095e+00 9.17730999e+00 1.16995583e+01 1.07017031e+01
    1.06204815e+01 1.21506081e+01 1.14825058e+01 1.03240852e+01
    1.23630295e+01 1.43225050e+01 1.18171406e+01 1.15431442e+01
    1.28435860e+01 1.23207951e+01 1.26934128e+01 1.14513502e+01
    1.26804981e+01 1.21878691e+01 1.03473272e+01 1.06089010e+01
    1.07114563e+01 1.09956083e+01 1.21120586e+01 1.11965704e+01
    1.18352098e+01 1.25336561e+01 1.19375572e+01 1.20393772e+01
    1.12177057e+01 1.08222942e+01 1.11280689e+01 1.25220022e+01
    1.25980625e+01 1.03277159e+01 1.17253094e+01 1.16917925e+01
    1.26555996e+01 1.17979383e+01 1.11847801e+01 1.00971937e+01
    1.17756271e+01 1.21238003e+01 1.16318874e+01 1.24278603e+01
    1.40602493e+01 1.30626984e+01 1.17795200e+01 1.24003344e+01
    1.13672466e+01 1.21850290e+01 1.08835468e+01 1.04699173e+01
    1.00973969e+01 9.53209019e+00 9.87785816e+00 1.14755116e+01
    1.10111380e+01 1.02916813e+01 1.01691256e+01 1.16311169e+01
    1.23581657e+01 1.12754679e+01 1.18505297e+01 1.29217005e+01
    1.22371798e+01 1.33707943e+01 1.25510330e+01 1.17900085e+01
    1.28942080e+01 1.33289242e+01 1.27993774e+01 1.25274105e+01
    1.37413235e+01 1.44676924e+01 1.46644535e+01 1.35864077e+01
    1.38678818e+01 1.30236425e+01 1.30961475e+01 1.26327162e+01
    1.25414877e+01 1.19823370e+01 1.32496939e+01 1.14178181e+01
    1.03657188e+01 1.28828812e+01 1.19070091e+01 1.16134243e+01
    1.19841757e+01 9.24163914e+00 1.18810406e+01 1.10224934e+01
    1.02541294e+01 1.10472021e+01 1.06282759e+01 1.12771301e+01
    1.15112123e+01 9.77450657e+00 1.12732735e+01 1.30008268e+01
    1.23303032e+01 1.21102943e+01 1.22066946e+01 1.26874237e+01
    1.09455824e+01 1.19200315e+01 1.24468403e+01 1.17836885e+01
    1.15198593e+01 1.18674421e+01 1.39791527e+01 1.18239880e+01
    1.24695969e+01 1.39159594e+01 1.26876001e+01 1.26107330e+01
    1.20170860e+01 1.20781460e+01 1.16775255e+01 1.26045504e+01
    1.29933558e+01 1.07541695e+01 1.01263599e+01 1.25436287e+01
    1.13998957e+01 1.15841827e+01 1.11913853e+01 1.12653694e+01
    1.14869452e+01 1.10331011e+01 1.08687000e+01 1.04619436e+01
    1.00235682e+01 1.06851311e+01 1.00939207e+01 1.03856544e+01
    1.05440254e+01 1.08614311e+01 1.01540451e+01 1.08983583e+01
    1.14338017e+01 1.10164633e+01 1.23705301e+01 1.10718317e+01
    1.19453850e+01 1.39512844e+01 1.27787685e+01 1.13527975e+01
    1.27647085e+01 1.27486887e+01 1.24160461e+01 1.25196505e+01
    1.24981470e+01 1.23498964e+01 1.16619806e+01 1.27225132e+01
    1.21020527e+01 1.11687794e+01 1.19223404e+01 1.11734562e+01
    1.11630926e+01 1.17011395e+01 1.00701599e+01 1.20401459e+01
    1.29690199e+01 1.28812246e+01 1.17917013e+01 1.20039787e+01
    1.41410408e+01 1.35512056e+01 1.29899826e+01 1.31032972e+01
    1.29356232e+01 1.21370430e+01 1.26233540e+01 1.07863894e+01
    1.24203196e+01 1.26607828e+01 1.13133125e+01 1.09209614e+01
    1.25102339e+01 1.22701893e+01 1.18230991e+01 1.23536406e+01
    1.27884541e+01 1.06505880e+01 1.31105938e+01 1.28120794e+01
    1.37105665e+01 1.35960026e+01 1.24713116e+01 1.19795361e+01
    1.30526857e+01 1.24207735e+01 1.14786825e+01 1.26953316e+01
    1.11865044e+01 1.12454271e+01 1.17157173e+01 1.33569231e+01
    1.22492990e+01 1.20327787e+01 1.22508583e+01 1.29572964e+01
    1.21988068e+01 1.34573765e+01 1.37096176e+01 1.24217777e+01
    1.15454121e+01 1.21769094e+01 1.18376989e+01 1.18341665e+01
    1.15250435e+01 1.14962177e+01 1.11037588e+01 1.16695919e+01
    1.08163118e+01 1.12500734e+01 1.13326073e+01 1.11148806e+01
    1.21126461e+01 1.14044085e+01 1.13358994e+01 1.18343849e+01
    1.18562069e+01 1.37486744e+01 1.17846527e+01 1.32113905e+01
    1.10906467e+01 1.15218277e+01 1.29136477e+01 1.16697321e+01
    1.08564777e+01 1.18674679e+01 1.15095577e+01 1.19562464e+01
    1.08911533e+01 1.13627357e+01 1.16619616e+01 1.16852140e+01
    1.15646658e+01 1.30004549e+01 1.19916306e+01 1.28595877e+01
    1.24624300e+01 1.23017349e+01 1.15031242e+01 1.13640194e+01
    1.06551485e+01 1.08485603e+01 9.62855244e+00 9.73725033e+00
    1.13325796e+01 1.08215256e+01 1.13829165e+01 1.17314301e+01
    1.13531132e+01 1.11221552e+01 1.11883106e+01 1.09372778e+01
    1.16409197e+01 1.08919430e+01 1.13283854e+01 1.09732389e+01
    1.19351721e+01 1.23072300e+01 1.16742144e+01 1.30601826e+01
    1.04918375e+01 1.14316721e+01 1.24979277e+01 1.14727688e+01
    1.19319086e+01 1.31606855e+01 1.16005592e+01 1.33552160e+01
    1.34549332e+01 1.19533958e+01 1.25701981e+01 1.14107761e+01
    1.22605925e+01 1.24181404e+01 1.19529619e+01 1.13518019e+01
    1.13789282e+01 1.10418682e+01 1.09679899e+01 1.28050470e+01
    1.00175409e+01 1.06280613e+01 9.80277824e+00 1.09611921e+01
    1.06658764e+01 1.05456371e+01 1.19317245e+01 1.30140858e+01
    1.20360861e+01 1.14269066e+01 1.22261324e+01 1.18106337e+01
    1.12409811e+01 9.69941235e+00 9.99993896e+00 1.10141602e+01
    1.03146400e+01 1.15143147e+01 1.37280750e+01 1.13799953e+01
    1.15168619e+01 1.21453476e+01 1.29059782e+01 1.19759130e+01
    1.20948601e+01 1.26605310e+01 1.32122984e+01 1.19389534e+01
    1.39189568e+01 1.25736036e+01 1.21092148e+01 1.35153217e+01
    1.30861416e+01 1.18810024e+01 1.29916258e+01 1.22854118e+01
    1.39492455e+01 1.27053795e+01 1.30994196e+01 1.25667858e+01
    1.25973082e+01 1.39474030e+01 1.16318064e+01 1.18837996e+01
    1.22636995e+01 1.25197878e+01 1.26612854e+01 1.24944410e+01
    1.31676407e+01 1.21784744e+01 1.24852171e+01 1.04393740e+01
    1.15465546e+01 1.03222647e+01 1.01459141e+01 1.14099026e+01
    1.10654840e+01 1.29258347e+01 1.23404827e+01 1.16442270e+01
    1.23605318e+01 1.33490801e+01 1.36853952e+01 1.20296669e+01
    1.05278215e+01 1.27279320e+01 1.15087147e+01 1.07975912e+01
    1.19527464e+01 1.18395329e+01 1.20723143e+01 1.24056129e+01
    1.24461193e+01 1.45572491e+01 1.33835068e+01 1.32689209e+01
    1.34798927e+01 1.19712324e+01 1.29094009e+01 1.21259069e+01
    1.13174143e+01 1.26592016e+01 1.19622059e+01 1.13450241e+01
    1.23474684e+01 1.19469481e+01 1.13814716e+01 1.27813740e+01
    1.14620447e+01 1.18156996e+01 1.38305931e+01 1.27761889e+01
    1.11953058e+01 1.33552294e+01 1.14915676e+01 1.07237339e+01
    1.11751366e+01 1.04586945e+01 1.13541441e+01 1.11058245e+01
    1.10448933e+01 1.23742666e+01 1.17732391e+01 1.09795589e+01
    1.28521032e+01 1.13507156e+01 1.21588125e+01 1.29739857e+01
    1.14806852e+01 1.21212187e+01 1.23724203e+01 1.25401239e+01
    1.24209080e+01 1.27870007e+01 1.28091202e+01 1.23473310e+01
    1.26513414e+01 1.20365429e+01 1.13388624e+01 1.18898678e+01
    1.12711515e+01 9.73900890e+00 1.03351717e+01 1.15024939e+01
    1.20202513e+01 1.08130884e+01 1.13525524e+01 1.15507488e+01
    1.23998260e+01 1.12952108e+01 1.21837635e+01 1.41164560e+01
    1.30503283e+01 1.24179792e+01 1.25569239e+01 1.21176109e+01
    1.13811121e+01 1.03686399e+01 1.16492586e+01 1.23900108e+01
    1.13746796e+01 1.15971918e+01 1.27319269e+01 1.41441584e+01
    1.25648756e+01 1.23493624e+01 1.30948877e+01 1.22680283e+01
    1.21062689e+01 1.16048374e+01 1.21914740e+01 1.35619164e+01
    1.26420603e+01 1.26143446e+01 1.21793699e+01 1.44193058e+01
    1.40437021e+01 1.24328432e+01 1.20053558e+01 1.22190180e+01
    1.22645168e+01 1.17685432e+01 1.11539822e+01 1.14131737e+01
    1.23431358e+01 1.19444790e+01 1.18297024e+01 1.22468548e+01
    1.19611168e+01 1.19191456e+01 1.25897522e+01 1.11138811e+01
    1.19396105e+01 1.25493059e+01 1.23061161e+01 1.16654310e+01
    1.23107109e+01 1.17676411e+01 1.14019680e+01 1.32350302e+01
    1.10677023e+01 1.19944067e+01 1.12691231e+01 1.17235603e+01
    1.11165428e+01 1.16624947e+01 1.09537134e+01 1.15278740e+01
    1.28859777e+01 1.25250006e+01 1.25154266e+01 1.16094732e+01
    1.17107296e+01 1.15336933e+01 1.24486284e+01 1.11649628e+01
    1.02910433e+01 1.18698874e+01 1.20413208e+01 1.16163950e+01
    1.23820486e+01 1.32116432e+01 1.27573786e+01 1.31654110e+01
    1.26178761e+01 1.34893951e+01 1.27274818e+01 1.24415951e+01
    1.21777840e+01 1.24959908e+01 1.23824196e+01 1.04132147e+01
    1.04885101e+01 1.05587177e+01 1.16109762e+01 1.17879257e+01
    1.19183064e+01 1.15120287e+01 1.28745041e+01 1.14960852e+01
    1.17176847e+01 1.22457857e+01 1.10677586e+01 1.12972755e+01
    1.05475159e+01 1.02997503e+01 1.21472588e+01 1.20777311e+01
    1.17421265e+01 1.13974323e+01 1.17097559e+01 1.02296581e+01
    1.12807894e+01 1.21431255e+01 1.25703354e+01 1.23684015e+01
    1.27771654e+01 1.31376038e+01 1.20841579e+01 1.14643574e+01
    1.23112030e+01 1.08804092e+01 1.20346003e+01 1.23660870e+01
    1.13917599e+01 1.24047718e+01 1.04385681e+01 1.15516520e+01
    1.21730280e+01 1.13834476e+01 1.15519152e+01 1.01439867e+01
    1.03103771e+01 1.09498358e+01 1.03619280e+01 1.10634480e+01
    1.21764832e+01 1.20102034e+01 1.21160316e+01 1.19004707e+01
    1.22437897e+01 1.28226557e+01 1.22029495e+01 1.11745491e+01
    1.15154352e+01 1.17229805e+01 1.10901289e+01 1.20000572e+01
    1.23724356e+01 1.20641394e+01 1.09352121e+01 1.21156397e+01
    1.30020914e+01 1.23048744e+01 1.19825144e+01 1.21807957e+01
    1.37894602e+01 1.22437649e+01 1.33780766e+01 1.39120417e+01
    1.40252943e+01 1.22843685e+01 1.43651848e+01 1.29080935e+01
    1.26855745e+01 1.32833328e+01 1.33443012e+01 1.23891516e+01
    1.31429119e+01 1.15628147e+01 1.19874458e+01 1.18060188e+01
    1.28090248e+01 1.20095015e+01 1.22223692e+01 1.15677862e+01
    1.28571701e+01 1.26424227e+01 1.40093317e+01 1.25736294e+01
    1.21519012e+01 1.23934870e+01 1.18397274e+01 1.20989618e+01
    1.07317381e+01 1.17311316e+01 1.13118639e+01 1.25358324e+01
    1.20078278e+01 1.11219568e+01 1.19088202e+01 1.24446764e+01
    1.15743713e+01 1.19839897e+01 1.12833109e+01 1.19534473e+01
    1.26675625e+01 1.09128637e+01 1.13475466e+01 1.24646263e+01
    1.33908529e+01 1.13187551e+01 1.14246483e+01 1.28291292e+01
    1.35907812e+01 1.24160614e+01 1.27423630e+01 1.20304213e+01
    1.16233120e+01 1.18780966e+01 1.06386604e+01 1.08808060e+01
    1.07031517e+01 1.02181892e+01 1.10195751e+01 1.12849455e+01
    1.02766943e+01 1.20541744e+01 1.02354946e+01 1.16844931e+01
    1.28037653e+01 1.11769886e+01 1.07528906e+01 1.16966228e+01
    1.08066959e+01 1.14090157e+01 1.09344130e+01 1.08329821e+01
    1.07561255e+01 1.07223740e+01 1.15229645e+01 1.12267838e+01
    1.12796640e+01 1.20992737e+01 1.11693134e+01 1.14403429e+01
    1.21838226e+01 1.30454998e+01 1.03981581e+01 1.18363066e+01
    1.32881851e+01 1.14994345e+01 1.21538906e+01 1.16714277e+01
    1.25137720e+01 1.21344481e+01 1.27312508e+01 1.12713852e+01
    1.22003088e+01 1.20622463e+01 1.18971615e+01 1.11706104e+01
    1.18272467e+01 1.08204241e+01 1.17828417e+01 1.23953981e+01
    1.25056953e+01 1.22262230e+01 1.29566994e+01 1.43696699e+01
    1.21886816e+01 1.35663948e+01 1.35398579e+01 1.23310356e+01
    1.29481497e+01 1.26360111e+01 1.13284235e+01 1.21002007e+01
    1.27449598e+01 1.21348505e+01 1.16887875e+01 1.09020920e+01
    1.24266500e+01 1.44195833e+01 1.29025192e+01 1.27075281e+01
    1.19325180e+01 1.22380495e+01 1.26187420e+01 1.27552643e+01
    1.22740879e+01 1.12476149e+01 1.36029854e+01 1.34513893e+01
    1.15590267e+01 1.28592186e+01 1.35758505e+01 1.19929571e+01
    1.29165697e+01 1.15764627e+01 1.21972275e+01 1.16809340e+01
    1.15984974e+01 1.21090364e+01 1.01360264e+01 1.03678961e+01
    1.17961903e+01 1.10872841e+01 1.01555414e+01 1.09413443e+01
    1.19255686e+01 1.15031586e+01 1.15263548e+01 1.23279762e+01
    1.25960302e+01 1.31391287e+01 1.23878689e+01 1.19994955e+01
    1.19096880e+01 1.32306557e+01 1.26369171e+01 1.16282921e+01
    1.16770544e+01 1.20888824e+01 1.07433805e+01 1.22985687e+01
    1.16596241e+01 1.11730728e+01 1.27839804e+01 1.19209166e+01
    1.14406576e+01 1.23327923e+01 1.16334686e+01 1.19547482e+01
    1.13524218e+01 1.20961847e+01 1.09500475e+01 1.06249466e+01
    1.06542768e+01 1.08115721e+01 1.07761536e+01 1.34237108e+01
    1.23757448e+01 1.14981155e+01 1.34972601e+01 1.34295969e+01
    1.32532873e+01 1.30060453e+01 1.28947229e+01 1.15280952e+01
    1.09064808e+01 1.11504660e+01 9.50276566e+00 9.57917976e+00
    1.15612326e+01 1.02680349e+01 1.13938694e+01 1.03651667e+01
    1.17534075e+01 1.27948389e+01 1.13117800e+01 1.21703396e+01
    1.10959768e+01 1.09687214e+01 1.09767418e+01 1.03408356e+01
    1.14177408e+01 1.31926680e+01 1.19937792e+01 1.09653273e+01
    1.16438990e+01 1.08727646e+01 1.15361347e+01 1.14505501e+01
    1.14576550e+01 1.13326483e+01 1.11918697e+01 1.17414789e+01
    1.17374506e+01 1.30240660e+01 1.04989109e+01 1.27727518e+01
    1.26113853e+01 1.18669271e+01 1.16999321e+01 1.19644957e+01
    1.05405359e+01 1.21697998e+01 1.19216223e+01 1.20912743e+01
    1.07093258e+01 1.04559841e+01 1.05679455e+01 1.08556366e+01
    1.07786655e+01 1.16888838e+01 1.32933788e+01 1.22622795e+01
    1.17970476e+01 1.26115065e+01 1.40831470e+01 1.34666252e+01
    1.20159855e+01 1.06558008e+01 1.14159012e+01 1.11192722e+01
    1.06172161e+01 1.05692358e+01 1.23091421e+01 1.08993921e+01
    1.10593548e+01 1.10910244e+01 1.37621527e+01 1.13632965e+01
    1.19575529e+01 1.21954775e+01 1.25745668e+01 1.31199198e+01
    1.24439201e+01 1.29708681e+01 1.32671547e+01 1.20808296e+01
    1.40060005e+01 1.41309471e+01 1.20477448e+01 1.36015625e+01
    1.37132082e+01 1.16912365e+01 1.20360041e+01 1.28739681e+01
    1.12466879e+01 1.15706196e+01 1.20010548e+01 1.13070536e+01
    1.24745932e+01 1.13846750e+01 1.13620768e+01 1.38022394e+01
    1.26695986e+01 1.27588043e+01 1.23825960e+01 1.17037659e+01
    1.17616615e+01 1.09340076e+01 1.18122768e+01 1.24162855e+01
    1.34882555e+01 1.23929720e+01 1.31537714e+01 1.22993097e+01
    1.46052952e+01 1.36374550e+01 1.36476068e+01 1.37507219e+01
    1.30127506e+01 1.25151243e+01 1.32782326e+01 1.28545208e+01
    1.23507338e+01 1.34307470e+01 1.29120445e+01 1.20334158e+01
    1.18215485e+01 1.16544981e+01 1.34187002e+01 1.13241224e+01
    1.19660931e+01 1.15641165e+01 1.11810522e+01 1.25542574e+01
    1.15587654e+01 1.08561401e+01 1.12308388e+01 9.95914650e+00
    1.10205393e+01 1.01844101e+01 1.06132622e+01 9.91119289e+00
    9.97029781e+00 1.04874506e+01 1.10360994e+01 1.06842623e+01
    1.06391726e+01 1.22727022e+01 1.18122864e+01 1.16710339e+01
    1.12418356e+01 1.03488951e+01 1.12343006e+01 1.09315987e+01
    9.86267757e+00 1.14517345e+01 1.12494688e+01 1.06993217e+01
    1.14184980e+01 1.23642540e+01 1.25451851e+01 1.28067532e+01
    1.07337265e+01 1.13630238e+01 1.15300894e+01 1.11740389e+01
    1.25482321e+01 1.14965467e+01 1.11366034e+01 1.24034920e+01
    1.17145977e+01 1.29504223e+01 1.16396074e+01 1.09037390e+01
    1.14659519e+01 1.09714746e+01 1.20224686e+01 1.19464750e+01
    1.01725512e+01 1.25578566e+01 1.18095675e+01 1.21976261e+01
    1.30668364e+01 1.20330181e+01 1.17033691e+01 1.28055182e+01
    1.28583326e+01 1.27269468e+01 1.23625803e+01 1.25513229e+01
    9.83175850e+00 1.16038485e+01 1.18745365e+01 1.12001963e+01
    1.23066206e+01 1.17749205e+01 1.11688013e+01 1.23551092e+01
    1.37934065e+01 1.27225389e+01 1.20194235e+01 1.16556435e+01
    1.27663164e+01 1.19048729e+01 1.24514980e+01 1.24222765e+01
    1.19946175e+01 1.23896847e+01 1.36939077e+01 1.31208582e+01
    1.20946569e+01 1.18393831e+01 1.27295732e+01 1.24389782e+01
    1.17875738e+01 1.15348711e+01 1.15580425e+01 1.27723436e+01
    1.19719543e+01 1.07394257e+01 1.16065874e+01 1.22288733e+01
    1.06044312e+01 1.05383453e+01 9.98248196e+00 1.11974745e+01
    1.07686977e+01 1.14361744e+01 1.14829359e+01 1.09064398e+01
    1.20582972e+01 1.22903605e+01 1.02503967e+01 1.09148312e+01
    1.01572914e+01 1.07596340e+01 1.12239351e+01 1.05159054e+01
    1.19717627e+01 1.16178560e+01 1.15658150e+01 1.13177862e+01
    1.15254936e+01 1.30004559e+01 1.13293333e+01 1.14599724e+01
    1.19418564e+01 1.13416748e+01 1.22511864e+01 1.14527845e+01
    1.02653093e+01 1.21445494e+01 1.12828550e+01 9.74169922e+00
    1.22809458e+01 1.45793409e+01 1.24708138e+01 1.22015219e+01
    1.22900009e+01 1.28302393e+01 1.43652163e+01 1.33372641e+01
    1.28295851e+01 1.25664816e+01 1.11922445e+01 1.16531792e+01
    1.00204611e+01 1.13859234e+01 1.03491774e+01 8.80992222e+00
    1.06232481e+01 1.19414635e+01 9.59186268e+00 1.22900143e+01
    1.15651331e+01 1.01733131e+01 1.03257093e+01 9.23139286e+00
    1.09808092e+01 8.91995811e+00 9.66370106e+00 1.13772945e+01
    1.19028358e+01 1.15834169e+01 1.12851381e+01 1.06658325e+01
    1.18806677e+01 1.18257427e+01 1.21258678e+01 1.15151138e+01
    1.21515045e+01 1.24983473e+01 1.21451855e+01 1.23652563e+01
    1.20914001e+01 1.35469780e+01 1.19884510e+01 1.27210779e+01
    1.14995527e+01 1.01493740e+01 1.10425882e+01 1.02064905e+01
    1.12703753e+01 1.06292944e+01 9.79590416e+00 1.13951015e+01
    9.73486233e+00 1.02223730e+01 1.15306988e+01 1.23903570e+01
    1.19781761e+01 1.14330502e+01 1.17362442e+01 1.33575554e+01
    1.27991800e+01 1.28573322e+01 1.14658298e+01 1.04600582e+01
    1.14095287e+01 1.07733860e+01 1.11223164e+01 1.19738216e+01
    1.04210520e+01 1.03511658e+01 1.09469948e+01 1.12027178e+01
    1.15873995e+01 1.19460049e+01 1.18009739e+01 1.23899689e+01
    1.16316977e+01 1.34268541e+01 1.43654289e+01 1.20774498e+01
    1.23480930e+01 1.39395943e+01 1.34892483e+01 1.40580196e+01
    1.27280178e+01 1.32891054e+01 1.29844761e+01 1.27569227e+01
    1.10133982e+01 1.12969589e+01 1.21311884e+01 1.07670355e+01
    1.17599888e+01 1.10307865e+01 1.26736565e+01 1.21780090e+01
    1.23446684e+01 1.35951929e+01 1.30077772e+01 1.32115145e+01
    1.24770718e+01 1.15537949e+01 1.20980654e+01 1.09011164e+01
    1.04870720e+01 1.17893448e+01 1.17067156e+01 1.19885292e+01
    1.18432074e+01 1.31286974e+01 1.27220201e+01 1.36340151e+01
    1.23562622e+01 1.20965271e+01 1.07863455e+01 1.12937946e+01
    1.19902124e+01 1.17099771e+01 1.28111019e+01 1.22154436e+01
    1.19904022e+01 1.29123917e+01 1.28893623e+01 1.31349535e+01
    1.20289001e+01 1.18666000e+01 1.13160629e+01 1.10535898e+01
    1.20047684e+01 1.26044893e+01 1.26219053e+01 1.22779331e+01
    1.21746140e+01 1.27274885e+01 1.21292162e+01 1.22592525e+01
    1.03860540e+01 9.85155964e+00 1.10145760e+01 1.23821239e+01
    1.23203506e+01 1.13428011e+01 1.10801296e+01 1.20663004e+01
    1.07945566e+01 1.09868851e+01 1.18764105e+01 1.11330023e+01
    1.20938253e+01 1.15365982e+01 1.13690987e+01 1.27845020e+01
    1.22795229e+01 1.10481520e+01 1.08720465e+01 1.27072086e+01
    1.22016315e+01 1.24212503e+01 1.12771950e+01 1.14728012e+01
    1.36535444e+01 1.23252611e+01 1.17713776e+01 1.02065344e+01
    1.18228178e+01 1.10413866e+01 9.51997566e+00 1.11938086e+01
    1.10658073e+01 1.16643496e+01 1.05255985e+01 1.10909405e+01
    1.10044498e+01 1.13455744e+01 1.08955145e+01 1.18213425e+01
    1.13906860e+01 1.17191734e+01 1.16360464e+01 1.17390165e+01
    1.31933212e+01 1.13842707e+01 1.25695982e+01 1.24117374e+01
    1.20039597e+01 1.12642679e+01 1.12082586e+01 1.07164164e+01
    1.09315300e+01 9.69603252e+00 1.12608156e+01 1.08704967e+01
    1.04333010e+01 1.19086742e+01 1.21832495e+01 1.17680426e+01
    1.15433683e+01 1.23702345e+01 1.18874502e+01 1.10561495e+01
    1.20401039e+01 1.34926767e+01 1.19524927e+01 1.20228596e+01
    1.20195389e+01 1.36600075e+01 1.13865709e+01 1.25168152e+01
    1.26242208e+01 1.23178864e+01 1.27277031e+01 1.25473843e+01
    1.07500725e+01 1.19800806e+01 1.02363100e+01 1.11980915e+01
    1.07117729e+01 1.01434898e+01 9.78547382e+00 9.67625237e+00
    8.78054810e+00 1.00429487e+01 1.11082039e+01 1.02579393e+01
    1.20388260e+01 1.09349566e+01 1.23283987e+01 1.17026196e+01
    1.34106522e+01 1.21001081e+01 1.09347343e+01 1.21186180e+01
    1.16592970e+01 1.16713667e+01 1.20676308e+01 1.23510599e+01
    1.17923174e+01 1.25052261e+01 1.31845980e+01 1.30775585e+01
    1.25869598e+01 1.25529032e+01 1.07235441e+01 1.06251888e+01
    1.25053291e+01 1.17524052e+01 1.08842649e+01 1.10795851e+01
    1.17921619e+01 1.12868204e+01 1.22124815e+01 1.37379885e+01
    1.27953196e+01 1.30499582e+01 1.18939724e+01 1.24658880e+01
    1.32965622e+01 1.35380964e+01 1.19127378e+01 1.09763288e+01
    9.78556728e+00 9.61414909e+00 9.83634186e+00 1.06491404e+01
    1.12042961e+01 8.61056042e+00 1.08801193e+01 1.18052607e+01
    1.11251450e+01 1.12921000e+01 1.33263969e+01 1.11003027e+01
    1.20027609e+01 1.07174988e+01 1.11116095e+01 1.06943159e+01
    1.11781683e+01 1.07169905e+01 1.13085527e+01 1.32746010e+01
    1.10069036e+01 1.04900312e+01 1.17312927e+01 1.17269239e+01
    1.29806709e+01 1.24172087e+01 1.15344248e+01 1.30319366e+01
    1.20631008e+01 1.16619577e+01 1.34031620e+01 1.30447979e+01
    1.17938976e+01 1.12140369e+01 1.31702929e+01 1.08235712e+01
    1.20234842e+01 1.12262144e+01 1.08152437e+01 1.24079676e+01
    1.09569387e+01 1.13938007e+01 1.11014748e+01 9.92951012e+00
    1.02826633e+01 1.15581503e+01 1.25595827e+01 1.00049715e+01
    1.09696512e+01 1.22415514e+01 1.26126900e+01 1.30313234e+01
    1.28111267e+01 1.30553617e+01 1.18381147e+01 1.06293325e+01
    1.20567036e+01 1.28399410e+01 1.09490309e+01 1.05096931e+01
    1.03477697e+01 1.06766205e+01 1.15396957e+01 1.15093660e+01
    1.07189760e+01 1.07564993e+01 1.03907776e+01 1.25153294e+01
    1.25261688e+01 1.16381292e+01 1.30717001e+01 1.39123049e+01
    1.42256470e+01 1.39231796e+01 1.46306849e+01 1.35516987e+01
    1.37193584e+01 1.17371397e+01 1.18659296e+01 1.16220179e+01
    1.20489798e+01 1.05616407e+01 1.11536980e+01 1.17267370e+01
    1.09982462e+01 1.25245867e+01 1.12185526e+01 1.23889122e+01
    1.25575285e+01 1.29097471e+01 1.30488396e+01 1.16962404e+01
    1.17310762e+01 1.21754150e+01 1.09189739e+01 1.15435743e+01
    1.14045238e+01 1.12436304e+01 1.12961245e+01 1.16805906e+01
    1.19556980e+01 1.17549419e+01 1.15640240e+01 1.08219948e+01
    1.00354872e+01 1.16924429e+01 1.08118515e+01 1.16749220e+01
    1.38559723e+01 1.29679699e+01 1.24616613e+01 1.33849936e+01
    1.25774889e+01 1.23336411e+01 1.21398764e+01 1.17445850e+01
    9.63570690e+00 9.16289043e+00 1.20383205e+01 1.18613529e+01
    1.08099060e+01 1.16013479e+01 1.22369547e+01 1.10554619e+01
    1.21428890e+01 1.25817890e+01 1.19912243e+01 1.08164654e+01
    1.06776953e+01 1.19627266e+01 1.21113033e+01 1.11968536e+01
    1.02593203e+01 1.18601599e+01 1.07483416e+01 1.02986908e+01
    1.03411741e+01 1.05271893e+01 9.88069916e+00 1.06026440e+01
    1.03410969e+01 1.22731895e+01 1.19304533e+01 1.08480568e+01
    1.03304853e+01 1.10405664e+01 1.13474855e+01 1.24245176e+01
    1.04385023e+01 1.11037769e+01 1.31655340e+01 1.23633757e+01
    1.18747206e+01 1.21584911e+01 1.08681831e+01 1.07016211e+01
    1.04032726e+01 1.05154009e+01 1.08827095e+01 1.05799456e+01
    1.17617445e+01 1.04901285e+01 1.11873274e+01 1.26534567e+01
    1.26077547e+01 1.04618397e+01 1.30580854e+01 1.15414562e+01
    1.13998566e+01 1.22099886e+01 1.23638401e+01 1.15379066e+01
    1.20874844e+01 1.22817097e+01 1.17525826e+01 1.15665598e+01
    1.10277128e+01 1.11256342e+01 1.08911734e+01 1.17526627e+01
    1.12838888e+01 1.22561474e+01 1.26714869e+01 1.24779663e+01
    1.08840017e+01 1.17253942e+01 1.15351620e+01 1.08410406e+01
    1.18709230e+01 1.09772129e+01 1.15443687e+01 1.26245832e+01
    1.21874733e+01 1.31701965e+01 1.27038851e+01 1.09589167e+01
    1.02594538e+01 1.14868183e+01 1.18117266e+01 1.09974689e+01
    1.16304436e+01 1.03196363e+01 1.16595173e+01 1.19851942e+01
    9.98429680e+00 1.00795898e+01 9.94623566e+00 8.20685005e+00
    1.00901690e+01 9.24509048e+00 9.20651627e+00 1.02488461e+01
    1.18763399e+01 1.12187614e+01 1.17782125e+01 1.09814558e+01
    1.26410294e+01 1.26475077e+01 1.21437626e+01 1.15281744e+01
    1.15218039e+01 1.12647877e+01 1.01709108e+01 1.13489752e+01
    1.19349089e+01 1.37857428e+01 1.19469423e+01 1.18470440e+01
    1.33968983e+01 1.30444269e+01 1.44437809e+01 1.17048769e+01
    1.12182913e+01 1.21289759e+01 1.17017517e+01 1.14130135e+01
    1.17516832e+01 1.05460310e+01 1.06926107e+01 1.15764875e+01
    1.35618687e+01 1.42570257e+01 1.32275772e+01 1.28713923e+01
    1.31721745e+01 1.29075708e+01 1.29371586e+01 1.35532751e+01
    1.22631407e+01 1.03101540e+01 1.06594677e+01 1.06184044e+01
    1.05274792e+01 1.04674177e+01 1.02856760e+01 8.36010456e+00
    9.50750732e+00 1.09711170e+01 1.17509813e+01 1.10476732e+01
    1.02146645e+01 1.10166397e+01 1.00565014e+01 1.06728992e+01
    9.92072678e+00 1.16798344e+01 1.08046322e+01 1.24606256e+01
    1.25699081e+01 1.30058908e+01 1.18832283e+01 1.16832161e+01
    1.16996078e+01 1.15139847e+01 1.21113338e+01 1.19720612e+01
    1.08684473e+01 1.18595333e+01 1.24760866e+01 1.38805599e+01
    1.27307568e+01 1.51274252e+01 1.39256535e+01 1.38443871e+01
    1.35123692e+01 1.25573368e+01 1.19356403e+01 1.25902719e+01
    1.01482201e+01 1.24913235e+01 1.07380505e+01 1.09769964e+01
    1.08947506e+01 1.10758238e+01 1.14796438e+01 1.21996708e+01
    1.13875027e+01 1.07627783e+01 1.11867981e+01 1.16516027e+01
    1.21535854e+01 1.20306063e+01 1.18997593e+01 1.15826006e+01
    1.01328707e+01 1.16877136e+01 1.21229343e+01 1.18662024e+01
    1.15082741e+01 1.11720400e+01 1.02536077e+01 1.11650610e+01
    1.09251661e+01 1.15375376e+01 1.15419073e+01 1.00630283e+01
    1.07680740e+01 1.17670488e+01 1.28162184e+01 1.05559845e+01
    1.19726038e+01 1.30628815e+01 1.36232624e+01 1.23597231e+01
    1.34646006e+01 1.28859673e+01 1.28770618e+01 1.19775286e+01
    1.01513214e+01 1.09054632e+01 1.09461470e+01 1.09913025e+01
    1.03514280e+01 1.11330585e+01 1.17517138e+01 1.34645901e+01
    1.32820911e+01 1.24303436e+01 1.35660810e+01 1.32445230e+01
    1.23342924e+01 1.17030611e+01 1.16089773e+01 1.14486589e+01
    1.22330666e+01 1.31214676e+01 1.11867838e+01 1.28061886e+01
    1.34861727e+01 1.21043673e+01 1.27679472e+01 1.24210281e+01
    1.16348848e+01 1.06647434e+01 1.03573627e+01 1.12951002e+01
    1.10721273e+01 1.09958048e+01 1.27626019e+01 1.31175766e+01
    1.31470890e+01 1.25142078e+01 1.14108105e+01 1.27839746e+01
    1.26065788e+01 1.01499958e+01 9.19904232e+00 1.00155897e+01
    1.14203672e+01 1.13849258e+01 9.95262718e+00 1.17443895e+01
    1.15394735e+01 1.16908674e+01 1.30476627e+01 1.09049606e+01
    1.06166859e+01 1.08883018e+01 1.10366859e+01 1.13426046e+01
    1.25318651e+01 1.04125681e+01 1.14005775e+01 1.21367235e+01
    1.01300449e+01 9.82879257e+00 9.28081894e+00 9.87040520e+00
    1.01877155e+01 8.92707348e+00 1.09294453e+01 1.21187944e+01
    1.10389633e+01 1.20561056e+01 1.16985722e+01 1.17518873e+01
    1.28461542e+01 1.19282761e+01 1.02051134e+01 1.14627972e+01
    1.29500160e+01 1.17524490e+01 1.28544092e+01 1.26632233e+01
    1.26144476e+01 1.24793158e+01 1.18219481e+01 1.16712275e+01
    1.22997723e+01 1.14343777e+01 1.10328426e+01 1.07243690e+01
    1.10238113e+01 1.23120785e+01 1.15169706e+01 1.08603334e+01
    9.93565083e+00 1.27080755e+01 1.12420931e+01 1.07855110e+01
    1.23716192e+01 1.14093752e+01 1.23308773e+01 1.18674183e+01
    1.17027102e+01 1.15343990e+01 1.01609440e+01 1.16858463e+01
    1.06577549e+01 9.93914986e+00 1.06946716e+01 1.10345173e+01
    1.13780222e+01 1.11583643e+01 1.12951660e+01 1.23331947e+01
    1.20099268e+01 1.29783955e+01 1.04019308e+01 1.17548523e+01
    1.15311775e+01 1.14750156e+01 1.21559734e+01 1.24345360e+01
    1.21357851e+01 1.12964993e+01 1.09852104e+01 1.16879330e+01
    1.27858725e+01 1.12462759e+01 1.24205208e+01 1.20460262e+01
    1.05603142e+01 1.23502684e+01 1.07722044e+01 1.10435991e+01
    1.10593472e+01 8.12327576e+00 9.22316074e+00 9.15920544e+00
    8.91585350e+00 9.31558037e+00 1.03362589e+01 1.09926310e+01
    1.04047604e+01 1.03019371e+01 1.16507206e+01 1.21584282e+01
    1.07696619e+01 9.75498199e+00 1.08074064e+01 1.00610409e+01
    9.42551327e+00 1.02769871e+01 1.08188896e+01 1.18977337e+01
    1.10861654e+01 1.04671898e+01 1.13782978e+01 1.27485723e+01
    1.33583899e+01 1.04701834e+01 9.80670929e+00 9.82620621e+00
    1.13827906e+01 1.12503824e+01 1.13583002e+01 1.10598907e+01
    1.06824322e+01 1.15801458e+01 1.36622181e+01 1.38402681e+01
    1.24703617e+01 1.12526226e+01 1.31911478e+01 1.33950729e+01
    1.23257923e+01 1.32104588e+01 1.21945114e+01 1.10545588e+01
    1.10457220e+01 1.02089853e+01 1.06307974e+01 1.15173206e+01
    1.09740095e+01 9.04380703e+00 1.12370815e+01 1.24062834e+01
    1.22754068e+01 1.31854658e+01 1.10584145e+01 1.16722317e+01
    1.15866718e+01 1.16241417e+01 1.02386074e+01 1.14393272e+01
    1.07036085e+01 1.04840736e+01 1.18537369e+01 1.29090490e+01
    1.23427820e+01 1.10539436e+01 1.21049614e+01 1.30382204e+01
    1.29983959e+01 1.24745092e+01 1.22643871e+01 1.34282570e+01
    1.09783373e+01 1.32254496e+01 1.23210201e+01 1.38393297e+01
    1.24108820e+01 1.24261475e+01 1.23651457e+01 1.26604061e+01
    1.16779470e+01 1.18612766e+01 1.13808556e+01 1.13280830e+01
    1.28503227e+01 1.17979307e+01 1.13409567e+01 1.23986216e+01
    1.24011383e+01 1.21302481e+01 1.26280231e+01 1.12904510e+01
    1.15146027e+01 1.29110403e+01 1.14013081e+01 1.17782402e+01
    1.09178057e+01 1.17482910e+01 1.08705606e+01 1.13478518e+01
    1.12921257e+01 1.08001823e+01 1.12027187e+01 1.07829657e+01
    1.14547024e+01 1.11518698e+01 1.32875032e+01 1.10956459e+01
    1.36808176e+01 1.11879740e+01 1.11744118e+01 1.29804039e+01
    1.15782566e+01 1.08435125e+01 1.15560551e+01 1.15472231e+01
    1.25172520e+01 1.27084475e+01 1.23406687e+01 1.31866407e+01
    1.19247074e+01 1.22619629e+01 1.03389225e+01 9.80022430e+00
    9.35314751e+00 1.14139147e+01 1.01852713e+01 1.09140568e+01
    1.15576439e+01 1.24562082e+01 1.34877510e+01 1.30197554e+01
    1.31525908e+01 1.30852337e+01 1.24135332e+01 1.30874090e+01
    1.10843210e+01 1.13866396e+01 1.25602083e+01 1.11002045e+01
    1.07654982e+01 1.18867989e+01 1.20784559e+01 1.22711143e+01
    1.36398954e+01 1.16350031e+01 1.06022348e+01 1.10817308e+01
    1.09579010e+01 1.06117296e+01 1.17067862e+01 1.07196159e+01
    1.18164988e+01 1.29316320e+01 1.24375114e+01 1.24976072e+01
    1.26800852e+01 1.17224884e+01 1.18622198e+01 1.05289402e+01
    8.22290993e+00 8.91806221e+00 1.05053501e+01 1.05475712e+01
    9.42864799e+00 9.58948803e+00 1.18062010e+01 1.20139627e+01
    1.19418163e+01 1.03529453e+01 1.06642056e+01 1.04931297e+01
    1.14077444e+01 1.28236084e+01 1.08648119e+01 1.06558065e+01
    1.28999815e+01 1.35992966e+01 1.16323557e+01 1.14805336e+01
    1.24835205e+01 1.14352245e+01 9.53722668e+00 9.95820332e+00
    9.94676590e+00 1.33274794e+01 1.17040520e+01 1.20271196e+01
    1.19806099e+01 1.34631872e+01 1.31223364e+01 1.36562128e+01
    1.12536545e+01 1.15728292e+01 1.32582550e+01 1.28760338e+01
    1.10908384e+01 1.19923677e+01 1.19240665e+01 1.19606905e+01
    1.18685732e+01 1.17306871e+01 1.09013796e+01 1.22533598e+01
    1.19552469e+01 1.19872255e+01 1.08280220e+01 1.14130669e+01
    1.19106016e+01 1.20210781e+01 1.22764864e+01 1.12687817e+01
    1.19951439e+01 1.22316227e+01 1.24360561e+01 1.13774042e+01
    1.41364861e+01 1.23717432e+01 1.01789465e+01 1.30017948e+01
    1.23791370e+01 1.12229080e+01 1.07919846e+01 9.14523697e+00
    1.07294359e+01 1.10281496e+01 1.01589909e+01 1.10571861e+01
    1.17717571e+01 1.02794371e+01 1.24964428e+01 1.09969702e+01
    1.18449574e+01 1.26052227e+01 1.17734995e+01 1.07254038e+01
    1.25926170e+01 1.17923508e+01 1.20264616e+01 1.09597855e+01
    1.08539915e+01 1.16292276e+01 1.28067179e+01 1.18975229e+01
    1.23528042e+01 1.28441801e+01 1.28221989e+01 1.21766329e+01
    1.12072735e+01 1.13504696e+01 1.05431843e+01 9.45615864e+00
    7.48972082e+00 8.06084538e+00 9.73506927e+00 1.06597271e+01
    9.45964146e+00 1.15186691e+01 1.10817041e+01 1.13558102e+01
    1.28176155e+01 1.30812225e+01 1.17204895e+01 1.07740889e+01
    1.13568726e+01 1.08765678e+01 9.75238800e+00 1.04242620e+01
    1.17358189e+01 1.14961948e+01 1.16071730e+01 1.14307852e+01
    1.06735382e+01 1.22578354e+01 1.20145063e+01 1.17721424e+01
    9.40037060e+00 1.06677294e+01 1.04457569e+01 1.13994112e+01
    1.08461142e+01 9.68289185e+00 9.82738209e+00 1.13888121e+01
    1.33372574e+01 1.38543291e+01 1.25854006e+01 1.16959448e+01
    1.27150030e+01 1.30830536e+01 1.14798794e+01 1.20172758e+01
    1.12719412e+01 1.06743727e+01 1.02913618e+01 1.03371124e+01
    1.10428114e+01 1.20026627e+01 1.03555546e+01 1.13415718e+01
    1.06217918e+01 1.27382603e+01 1.18070087e+01 1.42859840e+01
    1.24505424e+01 1.28775501e+01 1.23562489e+01 1.14315271e+01
    1.25546398e+01 1.10475349e+01 1.12308807e+01 1.22525988e+01
    1.25298300e+01 1.24585876e+01 1.29395781e+01 1.16680307e+01
    1.23594217e+01 1.23548574e+01 1.33383341e+01 1.34005766e+01
    1.17956133e+01 1.26456070e+01 1.17235260e+01 1.26823568e+01
    1.20769300e+01 1.26623373e+01 1.23637114e+01 1.21509905e+01
    1.27211571e+01 1.24948530e+01 1.15230179e+01 1.15455618e+01
    1.18334713e+01 1.34570379e+01 1.15153894e+01 1.20166016e+01
    1.25879927e+01 1.25646238e+01 1.25041952e+01 1.31626139e+01
    1.27065659e+01 1.19724121e+01 1.14771986e+01 1.26155519e+01
    1.22949409e+01 1.21011114e+01 1.14849691e+01 1.07921028e+01
    1.04841318e+01 1.07270212e+01 1.21893911e+01 1.03176622e+01
    1.18775272e+01 1.13640785e+01 1.10329351e+01 1.14311752e+01
    1.20837374e+01 1.13333950e+01 1.15771208e+01 1.22417011e+01
    1.10374403e+01 1.18530970e+01 1.13862247e+01 1.15647869e+01
    1.19908667e+01 1.11466160e+01 1.31325598e+01 1.29393206e+01
    1.26859512e+01 1.39346657e+01 1.24110985e+01 1.21660557e+01
    1.12217827e+01 1.10658684e+01 9.38464355e+00 1.00876894e+01
    1.01753216e+01 9.86356068e+00 1.09683237e+01 1.09031115e+01
    1.17662172e+01 1.35025597e+01 1.09592609e+01 1.29206314e+01
    1.31780787e+01 1.06173401e+01 1.12284307e+01 1.07763090e+01
    1.03927402e+01 1.13665218e+01 1.07234831e+01 1.07443333e+01
    1.06309528e+01 1.21845541e+01 1.14417610e+01 1.11541595e+01
    1.07583456e+01 1.12901411e+01 9.48818779e+00 1.11838913e+01
    1.18145161e+01 1.15896235e+01 1.27602377e+01 1.32707062e+01
    1.14974566e+01 1.35530548e+01 1.19877186e+01 1.11182880e+01
    1.10171566e+01 9.23049545e+00 9.88949394e+00 9.83824158e+00
    1.06861534e+01 1.01539936e+01 1.00835791e+01 1.09351282e+01
    9.65385532e+00 1.15581751e+01 1.08182669e+01 9.77472496e+00
    1.07618008e+01 9.98184299e+00 1.13194666e+01 1.21918697e+01
    1.11136694e+01 1.11553335e+01 1.25595741e+01 1.34221973e+01
    1.02840881e+01 1.07697582e+01 1.19758272e+01 9.89540863e+00
    1.08968801e+01 9.68453121e+00 1.00873737e+01 1.21467133e+01
    1.05555534e+01 1.11742868e+01 1.23756170e+01 1.19943304e+01
    1.36802359e+01 1.32099695e+01 1.15489693e+01 1.22838030e+01
    1.31249533e+01 1.32189322e+01 1.26740427e+01 1.22361813e+01
    1.11986446e+01 1.10267897e+01 1.13411493e+01 1.19573145e+01
    1.18532095e+01 1.26790791e+01 1.24460840e+01 1.19470482e+01
    1.23206701e+01 1.23026724e+01 1.15195026e+01 1.16919489e+01
    1.15310402e+01 1.03327684e+01 1.16016932e+01 1.19033155e+01
    1.26804934e+01 1.25650539e+01 1.29002581e+01 1.31127434e+01
    1.25425138e+01 1.34696989e+01 1.32030983e+01 1.17267075e+01
    1.30191917e+01 1.12478428e+01 1.22721272e+01 1.27241545e+01
    1.05846386e+01 1.14328537e+01 1.06861935e+01 1.11377668e+01
    1.17443705e+01 1.11216917e+01 1.08332520e+01 1.19717598e+01
    1.20745344e+01 1.24444599e+01 1.24981928e+01 1.19321299e+01
    1.22408781e+01 1.22928295e+01 1.01383934e+01 1.12868004e+01
    1.16218767e+01 1.26024733e+01 1.16871462e+01 1.17224007e+01
    1.18497391e+01 1.20272055e+01 1.19719334e+01 1.11021805e+01
    1.04268150e+01 1.09017067e+01 9.24399948e+00 8.13591576e+00
    8.90830898e+00 8.98251629e+00 1.04304771e+01 9.72875404e+00
    9.06822014e+00 1.08972187e+01 1.23435326e+01 1.23863401e+01
    1.24987926e+01 1.06304007e+01 1.01229134e+01 1.03384342e+01
    1.09018040e+01 1.00014057e+01 1.08645372e+01 1.27621260e+01
    1.15292635e+01 1.22173672e+01 1.27066698e+01 1.27452545e+01
    1.34051962e+01 1.07078362e+01 9.96836948e+00 1.06094427e+01
    1.02807074e+01 1.15304089e+01 1.26125746e+01 1.03015118e+01
    1.08793564e+01 1.09750261e+01 1.40015564e+01 1.32262154e+01
    1.19424181e+01 1.10686293e+01 1.23635855e+01 1.35363512e+01
    1.18063278e+01 1.16523209e+01 1.15652580e+01 9.77965260e+00
    9.42669582e+00 1.10785513e+01 1.22746105e+01 1.04832668e+01
    9.78586388e+00 1.04685869e+01 1.10859938e+01 1.23131533e+01
    1.17745237e+01 1.17843180e+01 1.20141792e+01 1.08741245e+01
    1.21721134e+01 1.25398483e+01 1.25140581e+01 1.04972143e+01
    1.16923628e+01 1.16379776e+01 1.07300377e+01 1.22158260e+01
    1.18241653e+01 1.19025068e+01 1.18589849e+01 1.16445122e+01
    1.38628435e+01 1.42542248e+01 1.18558865e+01 1.27804260e+01
    1.26183567e+01 1.24579992e+01 1.34008398e+01 1.32352028e+01
    1.26388235e+01 1.22898617e+01 1.23100891e+01 1.21887093e+01
    1.28753109e+01 1.09265099e+01 1.33833666e+01 1.31494904e+01
    1.30634432e+01 1.27926302e+01 1.27239866e+01 1.29326725e+01
    1.37947874e+01 1.24347000e+01 1.20716944e+01 1.27713432e+01
    1.24824047e+01 1.12173662e+01 1.29392977e+01 1.31959896e+01
    1.26894321e+01 9.84309483e+00 1.18934793e+01 1.22652426e+01
    1.20111828e+01 1.09086437e+01 9.78467369e+00 1.03547344e+01
    1.10435667e+01 1.19979086e+01 1.20440130e+01 1.20539751e+01
    1.28824015e+01 1.18819304e+01 1.20353107e+01 1.24184875e+01
    1.22712059e+01 1.05139799e+01 1.02653475e+01 1.05881701e+01
    1.19243708e+01 1.24780388e+01 1.13419895e+01 1.19860773e+01
    1.24971886e+01 1.21410341e+01 1.21037321e+01 1.02502003e+01
    1.08650770e+01 1.03482180e+01 9.96740723e+00 1.07294493e+01
    1.12893734e+01 1.22777243e+01 1.18518763e+01 1.25041790e+01
    1.23487473e+01 1.35118618e+01 1.26109676e+01 1.26073132e+01
    1.22951279e+01 1.12714796e+01 1.01441298e+01 1.27467127e+01
    1.10365019e+01 9.87044334e+00 1.14344263e+01 1.20474806e+01
    1.09876862e+01 1.09668074e+01 1.12610292e+01 1.07425985e+01
    1.05564251e+01 1.22012205e+01 1.13347530e+01 1.18093977e+01
    1.30108833e+01 1.34938660e+01 1.25498991e+01 1.27369280e+01
    1.19467030e+01 1.12989578e+01 1.01221867e+01 8.91478825e+00
    9.26992989e+00 8.57034779e+00 1.00008049e+01 1.08777466e+01
    9.45431232e+00 1.11763697e+01 1.14682741e+01 1.23173456e+01
    1.19968290e+01 1.08893480e+01 1.09079294e+01 1.11278496e+01
    1.19651642e+01 1.23226328e+01 1.18996859e+01 1.23574009e+01
    1.15905371e+01 1.26365929e+01 1.29595613e+01 1.26421356e+01
    1.12542925e+01 1.12163782e+01 1.11970158e+01 1.10458727e+01
    9.95516777e+00 1.19879990e+01 1.13131008e+01 1.18466454e+01
    1.06786146e+01 1.27076416e+01 1.30075235e+01 1.16978350e+01
    1.18852167e+01 1.23810539e+01 1.37117958e+01 1.28454990e+01
    1.17565193e+01 1.09458761e+01 1.19463444e+01 1.17246647e+01
    1.08803854e+01 1.18284111e+01 1.19690819e+01 1.11657791e+01
    1.21969881e+01 1.02728872e+01 1.15323792e+01 1.16262093e+01
    1.16398706e+01 1.08838816e+01 9.70407295e+00 1.08821383e+01
    1.07902737e+01 1.20302429e+01 1.22391386e+01 1.22473164e+01
    1.30553179e+01 1.29474030e+01 1.22831049e+01 1.34648724e+01
    1.22980490e+01 1.13837070e+01 1.06282740e+01 1.11389780e+01
    9.80743790e+00 1.12505970e+01 1.01250277e+01 9.59624481e+00
    9.78823090e+00 1.03098640e+01 1.13747368e+01 1.12024755e+01
    1.03614407e+01 1.12263803e+01 1.20282764e+01 1.26943665e+01
    1.29535065e+01 1.24898243e+01 1.17864447e+01 1.16643295e+01
    1.13958549e+01 1.15126934e+01 1.11093302e+01 1.12456198e+01
    1.24013443e+01 1.20877542e+01 1.22299175e+01 1.18831577e+01
    1.24129076e+01 1.35927496e+01 1.19713974e+01 1.05698423e+01
    1.17674522e+01 9.65585423e+00 1.08475561e+01 1.10886040e+01
    1.02988796e+01 9.25339890e+00 9.11976337e+00 1.07341614e+01
    1.06380377e+01 1.12626734e+01 1.07898035e+01 1.09651947e+01
    1.04225912e+01 9.78019524e+00 1.17415438e+01 1.04303522e+01
    1.21224594e+01 1.21828260e+01 1.18092651e+01 1.32363520e+01
    1.43986053e+01 1.29359112e+01 1.29963684e+01 1.08474264e+01
    9.84474373e+00 1.05155516e+01 1.16055880e+01 1.10474768e+01
    1.07738438e+01 1.02124901e+01 1.05199499e+01 1.24211550e+01
    1.21918716e+01 1.34603586e+01 1.18264227e+01 1.11516781e+01
    1.22227898e+01 1.06700811e+01 1.20103159e+01 1.17002220e+01
    1.03853712e+01 9.54320145e+00 1.11211195e+01 1.17687082e+01
    1.07348928e+01 1.19019203e+01 1.06408968e+01 9.36544800e+00
    1.09024200e+01 1.15716457e+01 1.18109941e+01 1.08351536e+01
    1.11822948e+01 1.16787624e+01 1.33256483e+01 1.27421379e+01
    1.13261480e+01 1.16525564e+01 1.15187874e+01 1.29148035e+01
    1.11933079e+01 1.21928949e+01 1.19795513e+01 1.13267670e+01
    1.24052668e+01 1.16867857e+01 1.25701036e+01 1.28879223e+01
    1.15946388e+01 1.20863714e+01 1.14983702e+01 1.13010960e+01
    1.23795376e+01 1.33614101e+01 1.30022612e+01 1.25256147e+01
    1.21660833e+01 1.37724800e+01 1.21854515e+01 1.25096626e+01
    1.13651371e+01 1.35846052e+01 1.29526701e+01 1.21317549e+01
    1.37401476e+01 1.36220856e+01 1.20240469e+01 1.33016043e+01
    1.23362961e+01 1.19782028e+01 1.31359606e+01 1.17214651e+01
    1.20499439e+01 1.27150040e+01 1.23552465e+01 1.17481203e+01
    1.14266891e+01 1.27199221e+01 1.13171768e+01 1.16317062e+01
    1.18905592e+01 1.26749840e+01 1.15969343e+01 1.12705231e+01
    1.25412340e+01 1.17345495e+01 1.20941334e+01 1.14624300e+01
    1.19490795e+01 1.31773300e+01 1.17005911e+01 1.22525311e+01
    1.13505678e+01 1.07157526e+01 1.08292789e+01 1.13392239e+01
    1.21745815e+01 1.14804354e+01 1.11439657e+01 1.09984131e+01
    1.14099607e+01 1.19971371e+01 1.06727734e+01 1.10496521e+01
    1.17593918e+01 1.16620808e+01 1.11895008e+01 1.28701391e+01
    1.21481142e+01 1.21049604e+01 1.32551613e+01 1.06059113e+01
    1.22079592e+01 1.19353065e+01 1.16638002e+01 1.12055941e+01
    1.04140263e+01 1.08559837e+01 1.16867723e+01 1.07450209e+01
    1.15979204e+01 1.02329493e+01 1.18247852e+01 1.10007792e+01
    9.75298691e+00 1.05107985e+01 1.11387568e+01 1.10556040e+01
    1.08766823e+01 1.13154306e+01 1.22100954e+01 1.23806944e+01
    1.28355503e+01 1.13614159e+01 1.14975853e+01 1.13609676e+01
    9.72452450e+00 8.75713158e+00 8.17700768e+00 9.14234734e+00
    1.04425535e+01 9.93387794e+00 8.93044376e+00 1.05869560e+01
    1.21240730e+01 1.09806671e+01 1.26597872e+01 1.07870131e+01
    1.06835480e+01 1.17384024e+01 1.16084185e+01 1.12682648e+01
    1.15360098e+01 1.26341848e+01 1.08910828e+01 1.27858210e+01
    1.18331099e+01 1.08858919e+01 1.12869377e+01 9.12313366e+00
    9.67252731e+00 9.97282600e+00 9.43834972e+00 1.11402464e+01
    1.09467516e+01 1.10407896e+01 1.27412596e+01 1.21265059e+01
    1.33465681e+01 1.41722164e+01 1.22307196e+01 1.36677523e+01
    1.38661804e+01 1.39158621e+01 1.26648207e+01 1.25946646e+01
    1.15652571e+01 1.18998938e+01 1.24789982e+01 1.02106771e+01
    1.15724897e+01 1.24696016e+01 1.24252167e+01 1.23054657e+01
    1.11403923e+01 1.22451344e+01 1.11235600e+01 1.09087372e+01
    1.14240742e+01 1.04542780e+01 9.62374878e+00 1.15632429e+01
    1.23892212e+01 1.25373716e+01 1.36438217e+01 1.24556580e+01
    1.39276304e+01 1.44453754e+01 1.45642738e+01 1.32111292e+01
    1.17007313e+01 1.09541368e+01 1.09059238e+01 1.13881111e+01
    1.00585918e+01 9.18076038e+00 9.46214867e+00 1.02189121e+01
    1.00265169e+01 1.12946033e+01 1.07926817e+01 1.14651718e+01
    1.18376694e+01 1.32389231e+01 1.34254532e+01 1.27583418e+01
    1.18716345e+01 1.25010252e+01 1.20591955e+01 1.06768742e+01
    1.15622540e+01 1.15573463e+01 1.18388147e+01 1.20064812e+01
    1.24097261e+01 1.18876839e+01 1.22103367e+01 1.29731798e+01
    1.17037687e+01 1.08026886e+01 1.08984938e+01 1.11756706e+01
    1.16213598e+01 1.04849081e+01 1.09217730e+01 1.05325766e+01
    1.00866785e+01 1.07532434e+01 1.34917107e+01 1.07451048e+01
    1.13970385e+01 1.27819386e+01 1.17678957e+01 1.08850050e+01
    1.16651917e+01 1.01210756e+01 1.24062490e+01 1.24997740e+01
    1.17829762e+01 1.23698063e+01 1.32753134e+01 1.44527769e+01
    1.43738947e+01 1.20623941e+01 1.15565901e+01 1.21353321e+01
    1.19363585e+01 1.11735058e+01 1.21533804e+01 1.02460327e+01
    1.15277205e+01 1.25534792e+01 1.17292490e+01 1.16120081e+01
    1.08202715e+01 1.10281363e+01 1.12792997e+01 9.76128101e+00
    1.14297581e+01 1.13364573e+01 1.02136564e+01 8.20510578e+00
    9.30517673e+00 1.15377131e+01 1.11451340e+01 1.06078844e+01
    1.07287560e+01 9.84613895e+00 1.08324041e+01 1.14499054e+01
    9.62978935e+00 1.12995491e+01 9.63835716e+00 1.00347147e+01
    1.15771456e+01 1.20464096e+01 1.15997705e+01 1.13078585e+01
    1.17257481e+01 1.13000746e+01 1.14262543e+01 1.23072519e+01
    1.29074669e+01 1.11527052e+01 1.07128658e+01 1.31339808e+01
    1.33906193e+01 1.20712233e+01 1.12460461e+01 1.29809532e+01
    1.21270466e+01 1.27531910e+01 1.17191687e+01 1.24535007e+01
    1.26120672e+01 1.21056356e+01 1.34439754e+01 1.29392033e+01
    1.28647842e+01 1.30624104e+01 1.36979713e+01 1.41838160e+01
    1.32103939e+01 1.41702671e+01 1.49096298e+01 1.30404119e+01
    1.40242434e+01 1.22633553e+01 1.20557995e+01 1.27741213e+01
    1.24697123e+01 1.22233162e+01 1.19578781e+01 1.24747334e+01
    1.18130550e+01 1.08869200e+01 1.10609617e+01 1.31126986e+01
    1.19910021e+01 9.84619904e+00 1.23829136e+01 1.21876516e+01
    1.28607855e+01 1.12911053e+01 1.31224813e+01 1.42426043e+01
    1.30743198e+01 1.19803991e+01 1.34094982e+01 1.35595579e+01
    1.22164202e+01 1.21985302e+01 1.19203701e+01 1.07111826e+01
    1.11234674e+01 1.05146523e+01 1.12849045e+01 1.11065035e+01
    1.05289764e+01 1.07088013e+01 1.02379789e+01 1.20061979e+01
    1.04702177e+01 9.84134102e+00 1.00158739e+01 1.13092966e+01
    1.23809528e+01 1.25686007e+01 1.16029501e+01 1.27982922e+01
    1.27960587e+01 1.25198946e+01 1.18120012e+01 1.18679790e+01
    1.18503447e+01 1.04715414e+01 1.15104313e+01 1.16702719e+01
    1.02294407e+01 1.14183931e+01 1.21378517e+01 1.09172192e+01
    1.07981691e+01 1.14615278e+01 1.03463221e+01 1.06578636e+01
    1.15737534e+01 1.17449064e+01 1.14146309e+01 1.09162092e+01
    1.18551025e+01 1.28144054e+01 1.30405550e+01 1.18734589e+01
    1.20361643e+01 1.13855181e+01 9.88982391e+00 9.63419914e+00
    9.89327717e+00 9.30181408e+00 1.01871347e+01 9.54892540e+00
    9.40850925e+00 1.03222036e+01 1.15531769e+01 1.26972189e+01
    1.08195562e+01 1.11576891e+01 1.15485039e+01 1.20182018e+01
    1.10895319e+01 1.17515373e+01 1.14078197e+01 1.14013815e+01
    1.19847155e+01 1.12183437e+01 1.11885471e+01 1.08300047e+01
    1.12103958e+01 9.89722633e+00 9.53544140e+00 9.42301559e+00
    8.82568359e+00 1.00206642e+01 9.11346149e+00 9.94650364e+00
    1.18388615e+01 1.15107689e+01 1.19720535e+01 1.29094601e+01
    1.23942881e+01 1.25568714e+01 1.36497736e+01 1.30810556e+01
    1.22356806e+01 1.22569437e+01 1.25155716e+01 1.25766325e+01
    1.20342960e+01 1.18531742e+01 1.18724499e+01 1.31532173e+01
    1.17703838e+01 1.18303089e+01 1.20779963e+01 1.23009024e+01
    1.22121935e+01 1.18854904e+01 1.07296143e+01 1.09418030e+01
    1.14480515e+01 1.03711786e+01 1.31160879e+01 1.23365030e+01
    1.19811573e+01 1.33208342e+01 1.24206944e+01 1.43630257e+01
    1.42430105e+01 1.30044260e+01 1.22304726e+01 1.23998432e+01
    1.33759651e+01 1.20006399e+01 1.20264359e+01 1.13138924e+01
    1.16396227e+01 1.22555046e+01 1.27843733e+01 1.20256758e+01
    1.20616426e+01 1.19607487e+01 1.23081112e+01 1.24747829e+01
    1.42416468e+01 1.39229383e+01 1.22078457e+01 1.37823973e+01
    1.35189657e+01 1.16888714e+01 1.20188255e+01 1.16740541e+01
    1.28771181e+01 1.25980730e+01 1.09394436e+01 1.19426613e+01
    1.32552967e+01 1.21820173e+01 1.16102467e+01 1.00406065e+01
    1.06008625e+01 1.12748146e+01 1.08146505e+01 1.03041344e+01
    1.03043709e+01 1.10047607e+01 1.08160496e+01 1.00014334e+01
    1.21161842e+01 1.16781549e+01 9.89392281e+00 1.17152815e+01
    1.07437868e+01 1.16805716e+01 1.21622038e+01 1.19042397e+01
    1.15942459e+01 1.21014299e+01 1.29887476e+01 1.29943619e+01
    1.38454752e+01 1.36041203e+01 1.36181641e+01 1.29616375e+01
    1.16232567e+01 1.20862627e+01 1.12041807e+01 1.25699081e+01
    1.18472815e+01 1.13413925e+01 1.07341967e+01 1.21352167e+01
    1.09549513e+01 1.14003944e+01 1.24953089e+01 1.10553160e+01
    1.04822206e+01 1.11378155e+01 1.00800352e+01 1.09973068e+01
    9.62944794e+00 9.03189182e+00 9.03892136e+00 1.02972546e+01
    1.15433168e+01 1.03153152e+01 1.00026751e+01 9.93276787e+00
    1.04855032e+01 1.10827389e+01 1.08735523e+01 9.68846798e+00
    8.34878254e+00 9.44831085e+00 1.12616968e+01 1.07947216e+01
    1.11636267e+01 1.08333073e+01 1.15345488e+01 1.06374807e+01
    1.10539131e+01 1.19505911e+01 1.28256102e+01 1.02193108e+01
    1.19626846e+01 1.34174538e+01 1.38775148e+01 1.19501114e+01
    1.27769394e+01 1.22219696e+01 1.31442585e+01 1.16528215e+01
    1.22925253e+01 1.26548872e+01 1.32978830e+01 1.34286489e+01
    1.34997787e+01 1.24733734e+01 1.32457266e+01 1.37028637e+01
    1.32145767e+01 1.29984703e+01 1.28716078e+01 1.38114691e+01
    1.34972267e+01 1.36564837e+01 1.30462379e+01 1.30367632e+01
    1.29890070e+01 1.28494883e+01 1.21381006e+01 1.30086861e+01
    1.30478706e+01 1.26282444e+01 1.25679102e+01 1.13350649e+01
    1.25564852e+01 1.25722542e+01 1.10483370e+01 1.01839437e+01
    1.22525711e+01 1.20308619e+01 1.28157969e+01 1.33505850e+01
    1.32394838e+01 1.41510391e+01 1.30942698e+01 1.40228062e+01
    1.35424099e+01 1.41030598e+01 1.37447777e+01 1.33622179e+01
    1.23168678e+01 1.21055202e+01 1.30390663e+01 1.13244648e+01
    1.16310453e+01 1.19293184e+01 1.14513588e+01 1.10037975e+01
    1.10249014e+01 1.12474794e+01 1.06235647e+01 1.07564125e+01
    1.19950562e+01 1.06205883e+01 1.21806908e+01 1.33440990e+01
    1.26435471e+01 1.31467266e+01 1.32989511e+01 1.26144714e+01
    1.30495119e+01 1.31544180e+01 1.17956915e+01 1.06376266e+01
    1.26671534e+01 1.27528267e+01 1.20574694e+01 1.17792683e+01
    1.07572002e+01 1.19606304e+01 1.20181866e+01 1.06015978e+01
    1.00088825e+01 1.18787193e+01 1.14297857e+01 1.27207260e+01
    1.27218266e+01 1.25094366e+01 1.19651384e+01 1.29182959e+01
    1.23354931e+01 1.28887367e+01 9.54510117e+00 9.08103657e+00
    8.96418381e+00 1.06522245e+01 8.86834240e+00 8.28662682e+00
    1.08259773e+01 1.04077568e+01 9.14700985e+00 1.08676510e+01
    1.21069279e+01 1.06827383e+01 1.12895365e+01 1.08803825e+01
    1.13724957e+01 1.05009651e+01 1.14178486e+01 1.26946983e+01
    1.07711935e+01 1.06726389e+01 1.10679884e+01 1.12740259e+01
    1.06019163e+01 1.05044699e+01 1.08362827e+01 9.56996346e+00
    1.00039892e+01 1.06380653e+01 8.55152035e+00 9.32688999e+00
    1.07641478e+01 8.59357738e+00 1.11564264e+01 1.17533932e+01
    1.17906513e+01 1.24401083e+01 1.29412622e+01 1.35991898e+01
    1.38296537e+01 1.32426281e+01 1.12141476e+01 1.17777109e+01
    1.23301630e+01 1.18498154e+01 1.13420696e+01 1.13058128e+01
    1.08332539e+01 1.38979330e+01 1.19219971e+01 1.18325472e+01
    1.40645933e+01 1.06357603e+01 1.19096212e+01 1.22773199e+01
    1.10899811e+01 1.03418694e+01 1.15587645e+01 1.31279688e+01
    1.16369524e+01 1.21525869e+01 1.19160538e+01 1.32241211e+01
    1.35548019e+01 1.33321886e+01 1.51536474e+01 1.25215101e+01
    1.27303867e+01 1.18628941e+01 1.15044241e+01 1.21439552e+01
    1.11141949e+01 1.06035566e+01 1.20962257e+01 1.18120165e+01
    1.17144156e+01 1.28146610e+01 1.20243559e+01 1.28395052e+01
    1.29216471e+01 1.34747810e+01 1.39277458e+01 1.34756355e+01
    1.40041075e+01 1.38181267e+01 1.33873081e+01 1.29124804e+01
    1.27838297e+01 1.39035206e+01 1.30227299e+01 1.30165405e+01
    1.32706642e+01 1.19362106e+01 1.25968847e+01 1.31709232e+01
    1.19315901e+01 1.23513565e+01 1.06061897e+01 1.09692335e+01
    1.30812569e+01 1.20334387e+01 1.09821243e+01 1.09980068e+01
    1.05261908e+01 1.17288399e+01 1.16257477e+01 1.09466314e+01
    1.06337843e+01 1.18260994e+01 1.04302492e+01 1.20296936e+01
    1.32226877e+01 1.18695412e+01 1.14265661e+01 1.34043436e+01
    1.18499422e+01 1.41380911e+01 1.45574408e+01 1.26015940e+01
    1.22824163e+01 1.29154911e+01 1.26235275e+01 1.23839321e+01
    1.24419231e+01 1.06486063e+01 1.23645334e+01 1.11860800e+01
    1.18989868e+01 1.21598387e+01 1.09011288e+01 1.16554022e+01
    1.21112881e+01 1.02953672e+01 9.71971989e+00 9.91235542e+00
    1.03735256e+01 1.04121838e+01 9.65123558e+00 1.02449379e+01
    1.01306849e+01 1.04695177e+01 1.26536570e+01 1.09246054e+01
    1.02994356e+01 1.10758476e+01 9.56495762e+00 1.04188480e+01
    1.08217363e+01 9.71382713e+00 9.85786057e+00 9.88981438e+00
    1.14582062e+01 1.02231712e+01 1.06197014e+01 1.12382212e+01
    1.17216902e+01 1.17116146e+01 1.14259214e+01 1.12586880e+01
    1.14146185e+01 1.14206810e+01 1.19029989e+01 1.26561165e+01
    1.34081917e+01 1.18738594e+01 1.11582069e+01 1.31258345e+01
    1.15249805e+01 1.14338694e+01 1.15842600e+01 1.24076262e+01
    1.26316805e+01 1.28740883e+01 1.22391901e+01 1.23671274e+01
    1.27545691e+01 1.24308147e+01 1.32101002e+01 1.25301208e+01
    1.37024422e+01 1.25704536e+01 1.41133556e+01 1.29675770e+01
    1.21898775e+01 1.31060600e+01 1.32204552e+01 1.15453739e+01
    1.21001921e+01 1.20489798e+01 1.27941132e+01 1.17773247e+01
    1.11590538e+01 1.05651989e+01 1.22566471e+01 1.15382109e+01
    1.09910421e+01 1.03533983e+01 1.23259439e+01 1.19631805e+01
    1.09364090e+01 1.21762819e+01 1.21991968e+01 1.38188353e+01
    1.41283255e+01 1.32421627e+01 1.53647881e+01 1.40620165e+01
    1.43046446e+01 1.40856276e+01 1.29888182e+01 1.24627829e+01
    1.20153418e+01 1.11286249e+01 1.01410103e+01 1.14310675e+01
    1.05513210e+01 1.04978361e+01 1.12090645e+01 1.15123549e+01
    1.15684910e+01 1.18523703e+01 1.16480236e+01 1.12189474e+01
    1.31927681e+01 1.28921986e+01 1.19794807e+01 1.43939152e+01
    1.19720888e+01 1.16360559e+01 1.34426050e+01 1.23807631e+01
    1.25958490e+01 1.13419352e+01 1.06467419e+01 1.20113459e+01
    1.23534174e+01 1.21655655e+01 1.05974474e+01 1.10323658e+01
    1.25704374e+01 1.14729691e+01 1.10838232e+01 1.13188801e+01
    1.14128389e+01 1.24825640e+01 1.19711485e+01 1.31991119e+01
    1.28498764e+01 1.26166143e+01 1.25090733e+01 1.28016367e+01
    1.19577904e+01 1.06641788e+01 1.04880991e+01 9.34253120e+00
    1.00837593e+01 9.92678738e+00 1.04414835e+01 1.14322119e+01
    1.04042044e+01 1.16476526e+01 1.09173288e+01 1.33011007e+01
    1.21146612e+01 1.07593956e+01 1.17459488e+01 1.12481203e+01
    1.23506784e+01 1.15878534e+01 1.18960190e+01 1.16243448e+01
    1.01407909e+01 1.19114828e+01 1.25484962e+01 1.01647396e+01
    1.08243895e+01 1.04747648e+01 1.05803289e+01 1.03392010e+01
    8.28747272e+00 9.07057667e+00 1.02988310e+01 8.55887794e+00
    9.98314953e+00 9.41710854e+00 1.12856636e+01 1.25666056e+01
    1.20432205e+01 1.33111038e+01 1.39017019e+01 1.35405045e+01
    1.26907291e+01 1.12144833e+01 1.21117344e+01 1.19259005e+01
    1.15505753e+01 9.70884132e+00 1.17211380e+01 1.19500189e+01
    1.08173409e+01 1.16738834e+01 1.17082949e+01 1.07880564e+01
    1.06958113e+01 1.14318161e+01 1.10787220e+01 1.13816786e+01
    1.04510050e+01 1.07901783e+01 1.22679739e+01 1.28591700e+01
    1.18664846e+01 1.28393707e+01 1.46344995e+01 1.37555208e+01
    1.40737305e+01 1.29913454e+01 1.37043200e+01 1.12450552e+01
    1.23353481e+01 1.32485771e+01 1.15094433e+01 1.02033081e+01
    1.23937645e+01 1.15539179e+01 1.19553289e+01 1.27411566e+01
    1.15559616e+01 1.23044434e+01 1.40988255e+01 1.38248119e+01
    1.38562441e+01 1.34645262e+01 1.37954493e+01 1.33700113e+01
    1.42061043e+01 1.25445843e+01 1.13207884e+01 1.29336262e+01
    1.33870058e+01 1.22662201e+01 1.21807528e+01 1.22521172e+01
    1.39275980e+01 1.19167652e+01 1.04009104e+01 1.33745623e+01
    1.03929644e+01 9.77091599e+00 1.15652599e+01 1.14460773e+01
    1.00171852e+01 1.03186979e+01 1.08165340e+01 1.31242657e+01
    1.00847940e+01 1.09576826e+01 1.16079969e+01 1.14023104e+01
    1.14746809e+01 1.11760120e+01 1.22319927e+01 1.31733131e+01
    1.25732327e+01 1.20284204e+01 1.38266363e+01 1.40849934e+01
    1.57964401e+01 1.32226820e+01 1.40320272e+01 1.46043625e+01
    1.38991680e+01 1.39813318e+01 1.36542673e+01 1.25540466e+01
    1.29798508e+01 1.21898537e+01 1.34046631e+01 1.16266212e+01
    1.05136242e+01 1.12190800e+01 1.12179518e+01 1.18878403e+01
    1.11167746e+01 1.03691874e+01 1.00669165e+01 1.11356163e+01
    9.82683277e+00 9.28875732e+00 1.03821802e+01 9.96767330e+00
    1.12121277e+01 1.09773226e+01 1.03331194e+01 1.05108318e+01
    1.00693626e+01 1.01994247e+01 9.70788670e+00 8.94805145e+00
    8.35433769e+00 9.40725899e+00 1.03511276e+01 7.77780199e+00
    9.75876331e+00 1.08576021e+01 1.03892965e+01 1.05337753e+01
    1.01984444e+01 1.06604357e+01 1.16770277e+01 1.06229753e+01
    1.10821161e+01 1.17598648e+01 1.28628912e+01 1.18493118e+01
    1.10279884e+01 1.31212568e+01 1.24356747e+01 1.27956715e+01
    1.13364849e+01 1.26677980e+01 1.32561893e+01 1.13409281e+01
    1.25271835e+01 1.30356226e+01 1.25964565e+01 1.16114779e+01
    1.28334169e+01 1.20840387e+01 1.46093512e+01 1.38922997e+01
    1.27264318e+01 1.41565504e+01 1.36932268e+01 1.17881918e+01
    1.27621479e+01 1.21791048e+01 1.06810284e+01 1.07079659e+01
    1.17021484e+01 1.16191502e+01 1.01437006e+01 1.20868130e+01
    1.09771519e+01 1.26601810e+01 1.14058361e+01 1.18501673e+01
    1.24119339e+01 1.21035938e+01 1.24878492e+01 1.22797575e+01
    1.36632824e+01 1.27759304e+01 1.17897959e+01 1.23241081e+01
    1.32541561e+01 1.33176088e+01 1.34643621e+01 1.40895863e+01
    1.25875807e+01 1.34592018e+01 1.26036797e+01 1.27844057e+01
    1.11345673e+01 9.72694874e+00 9.88677311e+00 1.07755556e+01
    1.07512712e+01 9.55770493e+00 1.11890764e+01 1.16605310e+01
    1.05962915e+01 1.21324987e+01 1.27258511e+01 1.17081718e+01
    1.32631235e+01 1.24240370e+01 1.20542259e+01 1.33034639e+01
    1.24715767e+01 1.24334049e+01 1.32310047e+01 1.16263256e+01
    1.19251385e+01 1.25546598e+01 1.28099184e+01 1.26309433e+01
    1.30089750e+01 1.15173025e+01 1.24474907e+01 1.27271204e+01
    1.17636032e+01 1.08789139e+01 1.26825790e+01 1.27847271e+01
    1.20548592e+01 1.26642933e+01 1.37532644e+01 1.30318394e+01
    1.39122944e+01 1.23124657e+01 1.26686792e+01 1.21606321e+01
    1.15194473e+01 1.01924496e+01 1.04966831e+01 1.12541952e+01
    1.20787868e+01 1.13392420e+01 1.13647718e+01 1.14308529e+01
    1.35318012e+01 1.23042631e+01 1.15017595e+01 1.11165218e+01
    1.04407024e+01 1.04135218e+01 1.17366571e+01 1.16390066e+01
    1.08316574e+01 1.24485531e+01 1.09877739e+01 1.07726526e+01
    1.17509975e+01 9.75325584e+00 9.81297493e+00 1.08619633e+01
    9.73649883e+00 1.06295805e+01 8.48601341e+00 9.23884583e+00
    9.96459961e+00 8.92253876e+00 8.92983150e+00 9.58133793e+00
    1.02567797e+01 1.19465132e+01 1.24010162e+01 1.34342709e+01
    1.38562298e+01 1.38379812e+01 1.20044212e+01 1.14995279e+01
    1.21913652e+01 1.15514812e+01 1.09272785e+01 9.89593697e+00
    9.55868435e+00 1.14731359e+01 1.10338764e+01 1.13311338e+01
    1.05843725e+01 1.05799160e+01 1.26225958e+01 1.07479296e+01
    1.00124989e+01 1.25927248e+01 1.16717892e+01 1.09214621e+01
    1.23410320e+01 1.17996912e+01 1.12455387e+01 1.19721804e+01
    1.31420231e+01 1.39740601e+01 1.41514654e+01 1.29368515e+01
    1.25827837e+01 1.36560078e+01 1.21875210e+01 1.19810257e+01
    1.21530008e+01 1.18241434e+01 1.36709709e+01 1.22698851e+01
    1.28177910e+01 1.36443319e+01 1.24554939e+01 1.13766155e+01
    1.39446859e+01 1.30299244e+01 1.28468504e+01 1.38682547e+01
    1.28375158e+01 1.30724516e+01 1.27410469e+01 1.20507450e+01
    1.13450117e+01 1.23588715e+01 1.30411577e+01 1.18832684e+01
    1.13105631e+01 1.27007980e+01 1.37925043e+01 1.24003286e+01
    1.06078053e+01 1.10118322e+01 1.20641184e+01 1.13406582e+01
    1.19270687e+01 1.18747482e+01 1.01230602e+01 1.12191591e+01
    1.04384041e+01 1.15117922e+01 1.16097956e+01 9.10704231e+00
    1.11485767e+01 1.16747351e+01 1.25310717e+01 1.15796871e+01
    1.27244806e+01 1.34577770e+01 1.26617670e+01 1.36990023e+01
    1.33748102e+01 1.37326117e+01 1.55344276e+01 1.42956886e+01
    1.35300236e+01 1.47166748e+01 1.35628376e+01 1.38885288e+01
    1.46164999e+01 1.26777124e+01 1.14658890e+01 1.24632454e+01
    1.18998785e+01 1.02849293e+01 1.02937145e+01 1.17938404e+01
    1.08713055e+01 1.07461958e+01 1.09687815e+01 9.51901245e+00
    1.04342823e+01 1.16467657e+01 9.04481411e+00 9.40640450e+00
    9.57409477e+00 9.29407978e+00 9.63927269e+00 1.09230452e+01
    9.64692402e+00 1.02073059e+01 9.12108994e+00 1.05741253e+01
    1.05839138e+01 8.12564850e+00 9.46538067e+00 9.88051414e+00
    9.24350452e+00 9.71965694e+00 8.62440205e+00 9.84603024e+00
    1.09588432e+01 1.18378334e+01 1.07411518e+01 1.08539677e+01
    1.06143160e+01 1.10482073e+01 1.21215467e+01 1.15615997e+01
    1.00063248e+01 1.23937521e+01 1.18968229e+01 1.25939627e+01
    1.30310297e+01 1.23267164e+01 1.10110092e+01 1.29089451e+01
    1.42927685e+01 1.25283442e+01 1.27690344e+01 1.30183496e+01
    1.26913605e+01 1.25459070e+01 1.21437454e+01 1.21592159e+01
    1.30085907e+01 1.27753334e+01 1.25432482e+01 1.34794998e+01
    1.29642773e+01 1.15615025e+01 1.26100969e+01 1.20207205e+01
    1.27613773e+01 1.07035303e+01 1.12450924e+01 1.18322449e+01
    1.22314119e+01 1.09272747e+01 1.32447376e+01 1.22377663e+01
    1.12040787e+01 1.19545212e+01 1.42643976e+01 1.21703367e+01
    1.19261131e+01 1.15466995e+01 1.34796753e+01 1.21188631e+01
    1.19448977e+01 1.29493351e+01 1.22157927e+01 1.35526323e+01
    1.32438269e+01 1.22625790e+01 1.18754978e+01 1.22758360e+01
    1.21286697e+01 1.10782108e+01 1.18383722e+01 1.02171097e+01
    1.02946329e+01 1.05383921e+01 1.07041750e+01 1.10443811e+01
    1.00181150e+01 1.01192999e+01 1.16253328e+01 1.22237244e+01
    1.16459999e+01 1.21570835e+01 1.30240183e+01 1.31348438e+01
    1.24228716e+01 1.15968208e+01 1.11448898e+01 1.25320892e+01
    1.30941563e+01 1.30541468e+01 1.18308592e+01 1.20932608e+01
    1.45483217e+01 1.24542084e+01 1.25113411e+01 1.22989168e+01
    1.27858429e+01 1.20256796e+01 1.04154806e+01 1.10869474e+01
    1.21851912e+01 1.21358223e+01 1.08755608e+01 1.16713457e+01
    1.27277222e+01 1.30082016e+01 1.27779379e+01 1.18689337e+01
    1.31811066e+01 1.28032150e+01 1.07664242e+01 1.13755960e+01
    1.12808189e+01 1.12521839e+01 1.15941048e+01 1.06282759e+01
    1.14571762e+01 1.11876726e+01 1.16928244e+01 1.11117172e+01
    1.19800224e+01 1.05845346e+01 9.74019718e+00 1.06424236e+01
    1.12032528e+01 1.08532257e+01 1.11907225e+01 1.11467457e+01
    1.11563635e+01 1.00246983e+01 1.11797199e+01 1.05651703e+01
    1.04846039e+01 1.04647503e+01 1.00890398e+01 1.05798492e+01
    1.00033836e+01 9.64218616e+00 1.02297583e+01 9.87490177e+00
    1.01162415e+01 9.50493526e+00 9.78951550e+00 1.19183025e+01
    1.20660048e+01 1.17566757e+01 1.29021368e+01 1.20048141e+01
    1.16531191e+01 1.06046391e+01 1.22739410e+01 1.19751711e+01
    1.15847950e+01 1.02251625e+01 1.05320368e+01 1.23208408e+01
    1.15393744e+01 1.20239344e+01 1.11137123e+01 1.09358711e+01
    1.30879107e+01 1.20675087e+01 1.23209133e+01 1.24620695e+01
    1.25340233e+01 1.25095778e+01 1.25396843e+01 1.15821600e+01
    1.24661264e+01 1.30604000e+01 1.36805096e+01 1.34534721e+01
    1.39573851e+01 1.25888281e+01 1.35873737e+01 1.31779575e+01
    1.20861082e+01 1.18681135e+01 1.18175974e+01 1.14055109e+01
    1.29116688e+01 1.21825476e+01 1.20701027e+01 1.29223957e+01
    1.35843840e+01 1.17346516e+01 1.35991030e+01 1.39150162e+01
    1.18838730e+01 1.43439093e+01 1.22539959e+01 1.36983423e+01
    1.25882158e+01 1.06692486e+01 1.17727613e+01 1.18548746e+01
    1.12095680e+01 1.26936331e+01 1.16788216e+01 1.25475435e+01
    1.27502680e+01 1.23534832e+01 1.17008429e+01 1.14033642e+01
    1.13601093e+01 1.15453548e+01 1.28416195e+01 1.05112371e+01
    1.10477638e+01 1.25126953e+01 1.12045908e+01 1.14909878e+01
    1.24961824e+01 9.51916504e+00 9.58846664e+00 1.15983706e+01
    1.18390951e+01 1.23499832e+01 1.17467480e+01 1.20187006e+01
    1.23416805e+01 1.26731186e+01 1.33233776e+01 1.31835146e+01
    1.24191351e+01 1.32051764e+01 1.38287592e+01 1.37972679e+01
    1.29625740e+01 1.41407547e+01 1.28136330e+01 1.24771147e+01
    1.33567648e+01 1.22996244e+01 1.07656059e+01 1.16042070e+01
    9.53132248e+00 1.00110178e+01 1.06088467e+01 1.01113186e+01
    1.01252861e+01 9.14672661e+00 1.06050301e+01 1.10729008e+01
    1.01602535e+01 9.57613468e+00 9.85239887e+00 1.12566061e+01
    1.19517260e+01 9.36232758e+00 1.12811136e+01 1.13900146e+01
    1.13345623e+01 1.09920855e+01 1.15227709e+01 1.05728092e+01
    9.80512905e+00 9.76318359e+00 9.90977955e+00 9.39237213e+00
    9.49429703e+00 9.79855824e+00 1.02052422e+01 1.10098858e+01
    1.12060947e+01 1.08830271e+01 9.32518673e+00 1.13466597e+01
    1.13956308e+01 1.13375082e+01 1.14820166e+01 9.39561272e+00
    1.21658535e+01 1.28767557e+01 1.03796959e+01 9.78975487e+00
    1.23758554e+01 1.15785189e+01 1.32037640e+01 1.27004251e+01
    1.20859947e+01 1.32160721e+01 1.21168880e+01 1.22545137e+01
    1.22753143e+01 1.15312080e+01 1.23081608e+01 1.24544888e+01
    1.37691631e+01 1.18738146e+01 1.30577726e+01 1.26331377e+01
    1.10083265e+01 1.15464115e+01 1.10487013e+01 1.14772615e+01
    1.04778681e+01 1.09829531e+01 1.22577982e+01 1.12499685e+01
    1.25697594e+01 1.29203119e+01 1.14558134e+01 1.29457054e+01
    1.21620474e+01 1.15043612e+01 1.26929331e+01 1.20321608e+01
    1.09056330e+01 1.32470226e+01 1.17869263e+01 1.04326553e+01
    1.10816221e+01 1.20370827e+01 1.19137087e+01 1.15969954e+01
    1.10058317e+01 1.10181875e+01 1.21305723e+01 1.12136488e+01
    1.08520937e+01 1.08910418e+01 1.03245392e+01 1.00333948e+01
    1.00555019e+01 1.15686970e+01 1.15627089e+01 1.08016262e+01
    1.06205082e+01 1.16208725e+01 1.20696621e+01 1.20722685e+01
    1.27409601e+01 1.27611599e+01 1.17981930e+01 1.20767984e+01
    1.22716932e+01 1.22950830e+01 1.23668299e+01 1.23693981e+01
    1.13947477e+01 1.34549971e+01 1.35964317e+01 1.16919298e+01
    1.29391603e+01 1.28244390e+01 1.21017418e+01 1.31633310e+01
    1.06581192e+01 1.00758648e+01 1.25766582e+01 1.23049831e+01
    1.11783113e+01 1.20334969e+01 1.27714319e+01 1.22398262e+01
    1.24123335e+01 1.24358282e+01 1.17734871e+01 1.20877686e+01
    1.16241455e+01 1.07964945e+01 1.01694956e+01 1.01759233e+01
    1.14264183e+01 1.11053848e+01 1.01640997e+01 1.08356533e+01
    1.30943680e+01 1.28245840e+01 1.21683998e+01 1.08141785e+01
    1.06545973e+01 1.07041159e+01 1.07872238e+01 1.12708578e+01
    1.03176470e+01 1.13422890e+01 1.07567816e+01 1.13818092e+01
    1.05963535e+01 1.02833300e+01 1.04199638e+01 1.08610344e+01
    9.73541832e+00 1.00982475e+01 1.00721550e+01 8.98753166e+00
    9.85943508e+00 1.01526260e+01 9.62464523e+00 1.01254101e+01
    1.01369829e+01 1.11115694e+01 1.18856516e+01 1.17330532e+01
    1.26146288e+01 1.24222498e+01 1.20658646e+01 1.18629141e+01
    1.27158070e+01 1.35511189e+01 1.02984371e+01 1.08326883e+01
    1.15563068e+01 1.13379593e+01 1.14014568e+01 1.25286388e+01
    1.31449099e+01 1.16400347e+01 1.33387852e+01 1.29322815e+01
    1.26315451e+01 1.31141701e+01 1.32543287e+01 1.17982626e+01
    1.15950575e+01 1.17196932e+01 1.06904535e+01 1.30274467e+01
    1.20153399e+01 1.27484026e+01 1.41203909e+01 1.37556419e+01
    1.30305567e+01 1.43811445e+01 1.36474628e+01 1.11969690e+01
    1.20612783e+01 1.16105452e+01 1.17646046e+01 1.27698021e+01
    1.25344067e+01 1.27172709e+01 1.32459669e+01 1.29717398e+01
    1.33091021e+01 1.39045801e+01 1.21482401e+01 1.35634298e+01
    1.37803841e+01 1.21961832e+01 1.41236143e+01 1.07180319e+01
    1.16613235e+01 1.29314480e+01 1.09769173e+01 1.06814404e+01
    1.20829439e+01 1.29635067e+01 1.16857471e+01 1.07393837e+01
    1.22432337e+01 1.11649065e+01 9.76805305e+00 1.12041483e+01
    1.15157280e+01 1.11460276e+01 1.13583822e+01 1.09199162e+01
    1.11048012e+01 1.11794395e+01 1.10738106e+01 9.80091572e+00
    9.93668365e+00 1.03761702e+01 1.15281181e+01 1.24148989e+01
    1.11216278e+01 1.05991631e+01 1.14848757e+01 1.25133238e+01
    1.27936993e+01 1.24327536e+01 1.23379622e+01 1.15535927e+01
    1.26417618e+01 1.40104389e+01 1.32641668e+01 1.29864607e+01
    1.32316599e+01 1.34214344e+01 1.46642199e+01 1.22597733e+01
    1.21389675e+01 1.14260597e+01 1.10223169e+01 1.09569216e+01
    1.20655489e+01 9.64367962e+00 1.07862320e+01 1.11219139e+01
    9.16522217e+00 1.06708727e+01 1.05723228e+01 9.98795509e+00
    9.09663868e+00 9.57780647e+00 1.08167353e+01 1.15138254e+01
    1.02739878e+01 1.08618364e+01 1.18686333e+01 1.18257322e+01
    1.12674875e+01 1.00812883e+01 1.02965183e+01 1.13836670e+01
    9.49901772e+00 9.59807682e+00 9.96132755e+00 9.72668266e+00
    9.88408375e+00 1.06758728e+01 1.15773392e+01 1.06925316e+01
    1.07236614e+01 1.13113422e+01 1.15814533e+01 1.02772608e+01
    1.03430367e+01 9.73688507e+00 1.20667114e+01 1.19764681e+01
    1.08931580e+01 1.13367844e+01 1.15164843e+01 1.16165009e+01
    1.31812220e+01 1.20707035e+01 1.03193932e+01 1.17242584e+01
    1.18015518e+01 1.16156521e+01 1.15661345e+01 1.07143774e+01
    1.27637749e+01 1.24358759e+01 1.21839170e+01 1.25231590e+01
    1.25390892e+01 1.16989689e+01 1.22799959e+01 1.13628397e+01
    1.05213346e+01 1.04818678e+01 1.11195860e+01 9.62336063e+00
    1.02433577e+01 1.20078201e+01 1.17528067e+01 1.16584492e+01
    1.33850842e+01 1.31753340e+01 1.26314640e+01 1.21451159e+01
    1.23909483e+01 1.10839520e+01 1.17816830e+01 1.11286583e+01
    9.47014809e+00 1.03409433e+01 1.17799091e+01 1.19552336e+01
    1.25464535e+01 1.25816603e+01 1.15092278e+01 1.10982876e+01
    1.27106829e+01 1.25112305e+01 1.03423042e+01 1.01587219e+01
    9.58751011e+00 1.11090002e+01 9.25371838e+00 1.03495855e+01
    1.08359470e+01 1.07192364e+01 1.07101107e+01 1.04121704e+01
    1.16842766e+01 1.24965315e+01 1.18899717e+01 1.15485306e+01
    1.14158878e+01 1.11526012e+01 1.26288242e+01 1.30531263e+01
    1.33663101e+01 1.19677019e+01 1.31069555e+01 1.34442911e+01
    1.41050520e+01 1.22043047e+01 1.13471603e+01 1.41313000e+01
    1.42755423e+01 1.24434996e+01 1.15807343e+01 1.22904921e+01
    1.15123463e+01 1.19516745e+01 1.27152567e+01 1.30044489e+01
    1.20163736e+01 1.17047710e+01 1.41224222e+01 1.32545872e+01
    1.17597303e+01 1.27284527e+01 1.21962986e+01 1.12676497e+01
    1.12617512e+01 1.13960257e+01 1.28304405e+01 1.16576338e+01
    1.09749584e+01 1.10990353e+01 1.25153408e+01 1.20746756e+01
    1.09977789e+01 1.11959734e+01 1.13749771e+01 1.18321934e+01
    1.21763191e+01 1.20281467e+01 1.12824440e+01 1.20868235e+01
    1.19689388e+01 1.23755636e+01 1.16594791e+01 1.07080936e+01
    1.27925320e+01 1.11622992e+01 1.13039846e+01 1.18056793e+01
    1.07752161e+01 1.12762175e+01 1.11803465e+01 9.18792629e+00
    9.97027874e+00 1.07537050e+01 1.05004454e+01 1.07398338e+01
    1.11054401e+01 1.29247026e+01 1.39039583e+01 1.27994442e+01
    1.23014393e+01 1.18765469e+01 1.35713263e+01 1.23538170e+01
    1.27972765e+01 1.20015764e+01 1.15786858e+01 1.21095705e+01
    1.22354412e+01 1.24823999e+01 1.19825983e+01 1.06640253e+01
    1.31525450e+01 1.33649158e+01 1.40569992e+01 1.33078442e+01
    1.38567200e+01 1.36583443e+01 1.25291414e+01 1.10562630e+01
    1.22215948e+01 1.17866821e+01 1.32111216e+01 1.19738750e+01
    1.25056286e+01 1.26472960e+01 1.29345779e+01 1.34515324e+01
    1.19220037e+01 1.16417656e+01 1.14057264e+01 1.09382687e+01
    1.34414015e+01 1.35108747e+01 1.20180912e+01 1.37274837e+01
    1.45944309e+01 1.48588600e+01 1.40860472e+01 1.30126352e+01
    1.23493385e+01 1.25599623e+01 1.38605690e+01 1.24178572e+01
    1.15806208e+01 1.20588617e+01 1.13925304e+01 1.32963400e+01
    1.25931654e+01 1.13009062e+01 1.23288774e+01 1.22503157e+01
    1.15021095e+01 1.12707090e+01 1.01095104e+01 1.14918890e+01
    1.18353672e+01 1.06610975e+01 1.10053415e+01 1.22594872e+01
    1.13888226e+01 1.13209581e+01 1.25972128e+01 1.23888416e+01
    1.22882700e+01 1.11339588e+01 1.08432302e+01 1.08402462e+01
    1.18879738e+01 1.18701944e+01 1.07519474e+01 1.03755922e+01
    1.24456520e+01 1.17367077e+01 1.32462778e+01 1.18514004e+01
    1.20971632e+01 1.10739126e+01 1.33381338e+01 1.32131681e+01
    1.31648626e+01 1.27378597e+01 1.41943350e+01 1.08748903e+01
    1.27174444e+01 1.36474037e+01 1.08669004e+01 1.02279320e+01
    1.09065266e+01 9.93214417e+00 1.12682934e+01 1.10441551e+01
    1.00662260e+01 1.07726841e+01 1.09698524e+01 1.19179373e+01
    1.05406275e+01 1.07515869e+01 1.16556177e+01 1.01032543e+01
    1.19486322e+01 1.10453291e+01 1.03496084e+01 1.20587931e+01
    1.07718916e+01 1.18325453e+01 1.09228716e+01 1.16142740e+01
    1.20702171e+01 1.01424522e+01 9.85372448e+00 1.03825264e+01
    9.69260788e+00 9.61431694e+00 1.17170095e+01 1.07303429e+01
    1.10907049e+01 1.01454096e+01 1.04420242e+01 1.13193626e+01
    1.08453512e+01 1.05961905e+01 1.08055334e+01 1.05885229e+01
    1.12974348e+01 1.39061260e+01 1.18256435e+01 9.69042778e+00
    1.01991987e+01 1.16388512e+01 1.32969999e+01 1.11570196e+01
    1.15906897e+01 1.21072702e+01 1.18518543e+01 1.06253786e+01
    1.23441887e+01 9.84922791e+00 1.07543707e+01 1.15508995e+01
    1.12517729e+01 1.19122734e+01 1.27929792e+01 1.04231501e+01
    1.12087097e+01 1.18430338e+01 9.38729000e+00 9.65923119e+00
    1.00153723e+01 1.10237074e+01 1.09726791e+01 1.25547600e+01
    1.19429998e+01 1.32386923e+01 1.33751888e+01 1.33407450e+01
    1.35649242e+01 1.27316227e+01 1.12116871e+01 1.12076855e+01
    1.18862219e+01 1.26341124e+01 1.12706919e+01 1.04705772e+01
    1.13386450e+01 1.13450346e+01 1.16782446e+01 1.05844069e+01
    9.35769272e+00 1.09715528e+01 1.30739660e+01 1.07908211e+01
    1.14882689e+01 1.13373117e+01 1.05675049e+01 1.24388494e+01
    1.14248095e+01 9.81771278e+00 1.19333448e+01 1.21146488e+01
    1.06611109e+01 1.02436771e+01 1.29371223e+01 1.13842239e+01
    1.02689581e+01 1.16884670e+01 1.12020721e+01 1.12709141e+01
    1.08669224e+01 1.23660440e+01 1.15701475e+01 1.08802128e+01
    1.10498953e+01 1.28832626e+01 1.23895311e+01 1.30672150e+01
    1.14661322e+01 1.31424723e+01 1.38578062e+01 1.22239656e+01
    1.25601807e+01 1.24418488e+01 1.21015301e+01 1.21392889e+01
    1.20544415e+01 1.33113785e+01 1.36517010e+01 1.19079876e+01
    1.33401041e+01 1.36608286e+01 1.43395567e+01 1.28037348e+01
    1.21277084e+01 1.12185450e+01 1.22229576e+01 1.13565016e+01
    1.12306662e+01 1.07239685e+01 1.10929756e+01 1.21315346e+01
    1.13953123e+01 1.14808521e+01 1.20604115e+01 1.07443829e+01
    1.02619848e+01 1.06400013e+01 1.12473240e+01 1.10534525e+01
    1.11851053e+01 1.25450821e+01 1.20881681e+01 1.12712822e+01
    1.25446625e+01 1.00615797e+01 1.24191198e+01 1.28337202e+01
    1.19001331e+01 1.16622143e+01 1.25934610e+01 1.31861153e+01
    1.10123186e+01 1.17615786e+01 1.16815958e+01 1.05944452e+01
    1.18192139e+01 1.00863285e+01 1.00661039e+01 1.16914539e+01
    1.20426264e+01 1.16764669e+01 1.13655577e+01 1.16143570e+01
    1.35989361e+01 1.30894470e+01 1.38281536e+01 1.20543880e+01
    1.06947060e+01 1.30908337e+01 1.10992460e+01 1.17759142e+01
    1.23438034e+01 1.13045321e+01 1.25509539e+01 1.25427847e+01
    1.41001825e+01 1.50117092e+01 1.34630718e+01 1.28724051e+01
    1.33747034e+01 1.17267084e+01 1.02730789e+01 1.20891533e+01
    1.33334646e+01 1.08126564e+01 1.10643282e+01 1.21631241e+01
    1.25449562e+01 1.28095264e+01 1.18437529e+01 1.11379585e+01
    1.06794319e+01 1.00062008e+01 1.13881054e+01 1.09527979e+01
    1.11234941e+01 1.18312244e+01 1.28526516e+01 1.40432796e+01
    1.24694204e+01 1.18422766e+01 1.20957289e+01 1.18639040e+01
    1.21502428e+01 1.14269476e+01 1.07808638e+01 1.11959925e+01
    1.16193752e+01 1.08480196e+01 1.15574217e+01 1.14432669e+01
    1.09763908e+01 1.18204794e+01 1.20249681e+01 1.06451817e+01
    1.00073280e+01 1.08857489e+01 1.15800400e+01 1.08493271e+01
    1.15755520e+01 1.15920057e+01 1.20806866e+01 1.20554352e+01
    1.22216015e+01 1.27082787e+01 1.27174635e+01 1.08830748e+01
    1.10451660e+01 1.22003479e+01 1.27184343e+01 1.00361452e+01
    1.03722706e+01 1.13580370e+01 1.09720812e+01 1.02849512e+01
    1.34531336e+01 1.07165003e+01 1.21102667e+01 1.26378021e+01
    1.28732519e+01 1.20657902e+01 1.21097841e+01 1.22497120e+01
    1.25689354e+01 1.15857201e+01 1.18097801e+01 1.17298498e+01
    1.09099073e+01 1.03530188e+01 9.84075546e+00 9.01219273e+00
    1.01003618e+01 1.19114180e+01 9.90290260e+00 1.01493025e+01
    1.05801153e+01 1.19859133e+01 1.17352161e+01 1.05250740e+01
    1.17946005e+01 1.09472685e+01 1.19287128e+01 1.18484297e+01
    1.16140575e+01 1.29218826e+01 1.09390783e+01 1.25371418e+01
    1.17771692e+01 1.06161442e+01 1.21253281e+01 1.11449375e+01
    1.19513655e+01 9.71152592e+00 1.01053352e+01 1.16039705e+01
    1.16703367e+01 1.08201551e+01 1.00353613e+01 1.10633478e+01
    1.07128410e+01 1.16706629e+01 1.06352167e+01 1.04970694e+01
    9.81240749e+00 1.10888357e+01 1.19929790e+01 1.33421926e+01
    1.07935772e+01 9.74040699e+00 1.05479641e+01 1.15324898e+01
    1.23869534e+01 1.17373381e+01 1.21045370e+01 1.22931929e+01
    1.18211899e+01 1.08769283e+01 1.06883364e+01 1.05312080e+01
    1.02975054e+01 1.15981483e+01 1.02469749e+01 1.30539494e+01
    1.13666096e+01 1.14222937e+01 1.23909283e+01 1.16674662e+01
    1.12943811e+01 1.20784283e+01 1.05687084e+01 1.12559032e+01
    1.28940516e+01 1.24089432e+01 1.32042055e+01 1.21665125e+01
    1.45770750e+01 1.40490398e+01 1.30690832e+01 1.29697685e+01
    1.20661011e+01 1.14416800e+01 1.03627911e+01 1.06385756e+01
    9.82855129e+00 8.65167809e+00 1.01814308e+01 1.04672327e+01
    1.16732302e+01 1.05119305e+01 1.06882277e+01 1.22633820e+01
    1.20543413e+01 1.08908463e+01 1.10471849e+01 9.42259884e+00
    1.07266426e+01 1.13914337e+01 1.04872732e+01 1.04575748e+01
    1.18996325e+01 1.11497164e+01 1.16058512e+01 1.17954226e+01
    1.19941072e+01 1.20182877e+01 1.15293589e+01 1.07436533e+01
    1.06939430e+01 1.11568842e+01 1.03466673e+01 1.13528128e+01
    1.31736937e+01 1.09306641e+01 1.20044842e+01 1.33206100e+01
    1.24321280e+01 1.19649229e+01 1.10769892e+01 1.24965239e+01
    1.28616343e+01 1.19993105e+01 1.13445549e+01 1.29842472e+01
    1.18513517e+01 1.13784971e+01 1.18980618e+01 1.16109829e+01
    1.20952206e+01 1.25314121e+01 1.06540489e+01 1.27149591e+01
    1.41440306e+01 1.24101315e+01 1.29186029e+01 1.16003084e+01
    1.23284130e+01 1.13037891e+01 1.11001635e+01 1.10505695e+01
    1.10389538e+01 1.10884724e+01 1.15542841e+01 1.07285681e+01
    1.22340746e+01 1.00976810e+01 1.09617748e+01 1.08338375e+01
    1.25016556e+01 1.10299482e+01 1.10511169e+01 1.09988413e+01
    1.19363079e+01 1.16739845e+01 1.16356421e+01 1.23487320e+01
    1.19004564e+01 1.14226866e+01 1.22658100e+01 1.26469173e+01
    1.19470873e+01 1.16922970e+01 1.27030907e+01 1.22078705e+01
    1.17121305e+01 1.11499014e+01 1.20475721e+01 1.08502483e+01
    1.13694153e+01 1.23120375e+01 1.22934809e+01 1.17104998e+01
    1.05764666e+01 1.19533863e+01 1.28547926e+01 1.20052414e+01
    1.32542830e+01 1.33289776e+01 1.18024416e+01 1.27640638e+01
    1.16192408e+01 1.05142097e+01 1.20720844e+01 1.08709116e+01
    1.08535643e+01 1.20244322e+01 1.28302851e+01 1.28213749e+01
    1.32370434e+01 1.27719669e+01 1.14506960e+01 1.06183014e+01
    1.13419905e+01 1.31289072e+01 1.32852755e+01 1.14792185e+01
    1.20249491e+01 1.31709328e+01 1.21735001e+01 1.32044106e+01
    1.11750450e+01 1.02732201e+01 1.09760351e+01 1.06672058e+01
    1.04239883e+01 1.17326660e+01 1.19217091e+01 1.24141693e+01
    1.24069843e+01 1.40683050e+01 1.28544827e+01 1.22337780e+01
    1.15820637e+01 1.20708380e+01 1.29680634e+01 1.09867868e+01
    1.05904942e+01 1.12916584e+01 1.03437014e+01 1.02947216e+01
    1.15298281e+01 1.17902927e+01 1.12735205e+01 1.22902250e+01
    1.03955517e+01 1.13380299e+01 1.08698082e+01 1.10637045e+01
    1.01240225e+01 1.17934780e+01 1.02654142e+01 1.00927534e+01
    1.08111649e+01 1.02563353e+01 1.13373127e+01 1.20606384e+01
    1.21636400e+01 1.06499519e+01 1.18523378e+01 1.20088425e+01
    1.29211931e+01 1.13012667e+01 1.08344555e+01 1.03133545e+01
    1.12788019e+01 1.20745201e+01 1.09751806e+01 1.10062437e+01
    1.14230804e+01 1.30720291e+01 1.28046026e+01 1.35887928e+01
    1.24716883e+01 1.15179567e+01 1.22299480e+01 1.30437307e+01
    1.20860796e+01 1.08050632e+01 1.01579676e+01 1.16781292e+01
    1.09311275e+01 1.11815777e+01 1.10384073e+01 1.16640320e+01
    1.17036343e+01 1.08799467e+01 1.23366280e+01 1.22139025e+01
    1.18318415e+01 1.17762012e+01 1.19730291e+01 1.09456987e+01
    1.12916603e+01 1.20280809e+01 1.13645763e+01 1.26662407e+01
    1.11382055e+01 1.20851517e+01 1.35824223e+01 1.08860331e+01
    1.15553980e+01 1.30788107e+01 1.11736708e+01 1.15924940e+01
    1.02520323e+01 1.15864992e+01 1.23025665e+01 1.22302399e+01
    1.12875080e+01 1.10235071e+01 1.03617792e+01 1.23104458e+01
    1.04283667e+01 1.00194197e+01 9.86849976e+00 9.87528610e+00
    1.19390974e+01 1.26765165e+01 1.12957773e+01 1.18402643e+01
    1.14993172e+01 1.17302952e+01 1.20792637e+01 1.18302174e+01
    1.21073942e+01 1.25734510e+01 1.21597080e+01 1.08200731e+01
    1.16606750e+01 1.02788086e+01 9.57645988e+00 1.02540998e+01
    1.20391960e+01 1.08567572e+01 1.09083481e+01 1.10635443e+01
    1.19030151e+01 1.16739035e+01 1.13973999e+01 1.14493895e+01
    9.74199390e+00 1.26643515e+01 1.20479708e+01 1.19684315e+01
    1.32605867e+01 1.28428192e+01 1.26828976e+01 1.34573174e+01
    1.35817204e+01 1.32195959e+01 1.13266850e+01 1.07552023e+01
    1.13725834e+01 1.13751297e+01 1.03116274e+01 9.67832375e+00
    1.03287582e+01 1.06688919e+01 1.06976500e+01 1.06666059e+01
    1.03426447e+01 1.12271452e+01 1.18978767e+01 1.12489414e+01
    1.21221657e+01 1.08550644e+01 1.08052244e+01 1.09225874e+01
    1.05817900e+01 1.08806658e+01 9.82640266e+00 1.09902220e+01
    1.17250195e+01 1.22055883e+01 1.14289923e+01 1.17615728e+01
    1.00387268e+01 1.10936823e+01 1.00430555e+01 1.12073679e+01
    1.05041466e+01 1.13059015e+01 1.26449080e+01 1.18352127e+01
    1.14952803e+01 1.32201042e+01 1.38913469e+01 1.15232134e+01
    1.17946291e+01 1.28958178e+01 1.24767456e+01 1.13534269e+01
    1.14230881e+01 1.21153364e+01 1.14094639e+01 1.14368248e+01
    1.23255949e+01 1.18127089e+01 1.07675400e+01 1.32533436e+01
    1.12650528e+01 1.22766199e+01 1.41285553e+01 1.25142603e+01
    1.31235428e+01 1.21051035e+01 1.23264189e+01 1.15158014e+01
    1.11545601e+01 1.06937380e+01 9.94022083e+00 9.36542606e+00
    1.04789124e+01 1.02956886e+01 1.05824280e+01 9.95408058e+00
    1.11101618e+01 1.22733803e+01 1.00171356e+01 1.07311649e+01
    1.15189085e+01 1.13693581e+01 1.18424206e+01 1.11812286e+01
    1.08237696e+01 1.14849825e+01 1.09280472e+01 1.10505199e+01
    1.22354603e+01 1.18248672e+01 1.26544924e+01 1.18460646e+01
    1.23539829e+01 1.18750706e+01 1.31060123e+01 1.15452213e+01
    1.17749062e+01 1.20429411e+01 1.08057699e+01 1.18948126e+01
    1.24945402e+01 1.10879993e+01 1.10595541e+01 1.24902849e+01
    1.22332363e+01 1.29519682e+01 1.34133654e+01 1.26808271e+01
    1.16872339e+01 1.20681829e+01 1.18899984e+01 1.20101843e+01
    1.22367830e+01 1.13798294e+01 1.04106274e+01 1.26929760e+01
    1.26126976e+01 1.12758846e+01 1.41450071e+01 1.29142637e+01
    1.19689684e+01 1.14683695e+01 1.16598053e+01 1.14573765e+01
    1.35578403e+01 1.12677307e+01 1.03835554e+01 1.20234098e+01
    1.27927008e+01 1.21857920e+01 1.13322344e+01 1.18263092e+01
    1.02852659e+01 1.12935190e+01 1.22048616e+01 1.14301577e+01
    1.19731798e+01 1.37941809e+01 1.40313454e+01 1.47329674e+01
    1.38317814e+01 1.37063169e+01 1.20370893e+01 1.17915211e+01
    1.34157505e+01 1.07309217e+01 1.05306759e+01 1.24272718e+01
    1.16048098e+01 1.16514492e+01 1.16120825e+01 1.29411011e+01
    1.21770124e+01 1.08480864e+01 1.15478430e+01 1.16031170e+01
    1.25079670e+01 1.10345373e+01 1.10153923e+01 1.18058920e+01
    1.16979361e+01 1.08104792e+01 1.01860590e+01 1.13015871e+01
    1.13831816e+01 1.12472401e+01 1.17360649e+01 1.09995880e+01
    1.19617901e+01 1.25270844e+01 1.27854204e+01 1.27722836e+01
    1.06286755e+01 1.06938076e+01 1.14586515e+01 1.12174978e+01
    1.10246811e+01 1.11510706e+01 1.08224325e+01 1.21133614e+01
    1.21926994e+01 1.30384674e+01 1.12093420e+01 1.18930483e+01
    1.22117577e+01 1.18247404e+01 1.18392477e+01 1.07684851e+01
    1.14057407e+01 1.02702179e+01 9.68548107e+00 1.10557365e+01
    1.12564917e+01 1.03288574e+01 1.18947916e+01 1.16072063e+01
    1.29270096e+01 1.21479616e+01 1.23968916e+01 1.34821558e+01
    1.11721468e+01 1.22073517e+01 1.27682810e+01 1.02718067e+01
    1.13925314e+01 1.18248978e+01 1.19809713e+01 1.09120989e+01
    1.07749357e+01 1.06514196e+01 1.18116331e+01 1.18015165e+01
    1.08883591e+01 1.22646952e+01 1.26023741e+01 1.04422293e+01
    1.14035788e+01 1.27375774e+01 1.12592077e+01 1.16208649e+01
    1.07581053e+01 1.18866501e+01 1.21938505e+01 1.04530535e+01
    1.15590649e+01 1.14071331e+01 1.20038977e+01 1.38000450e+01
    9.84543610e+00 1.02367277e+01 1.15591516e+01 1.16735001e+01
    1.17413435e+01 1.08092861e+01 1.12892647e+01 1.19230232e+01
    1.14524937e+01 1.06864691e+01 1.05401220e+01 1.01145821e+01
    1.06231337e+01 1.04001856e+01 1.05486889e+01 1.12219591e+01
    1.04312735e+01 1.15664368e+01 1.19027433e+01 1.21311255e+01
    1.16788568e+01 1.23179569e+01 1.21308002e+01 1.30721712e+01
    1.19195337e+01 1.25384159e+01 1.28635960e+01 1.33791790e+01
    1.25617275e+01 1.16622372e+01 1.22549572e+01 1.23325167e+01
    1.15359430e+01 9.42854404e+00 1.07790527e+01 9.66246319e+00
    1.02831049e+01 1.08363533e+01 9.46288109e+00 9.98017120e+00
    1.15753241e+01 1.05322123e+01 1.04876289e+01 1.11323471e+01
    1.15782013e+01 1.17483883e+01 1.08463974e+01 9.81048965e+00
    1.12096462e+01 1.20685463e+01 1.02342596e+01 1.15625429e+01
    1.18331184e+01 1.19764748e+01 1.19009666e+01 1.22631092e+01
    1.27587099e+01 1.24868164e+01 1.11704302e+01 1.10544348e+01
    1.17595758e+01 1.00879440e+01 1.06236906e+01 1.10540018e+01
    1.11667690e+01 1.21281738e+01 1.17689018e+01 1.28675451e+01
    1.25163441e+01 1.13464918e+01 1.16784773e+01 1.23602057e+01
    1.18052120e+01 1.25349817e+01 1.20695877e+01 1.19825859e+01
    1.14192953e+01 1.16612034e+01 1.23371439e+01 1.21971350e+01
    1.06299896e+01 1.22356195e+01 1.13976355e+01 1.27354078e+01
    1.28211784e+01 1.22846956e+01 1.20470457e+01 1.12913208e+01
    1.10117416e+01 1.08862581e+01 1.09694529e+01 9.99349785e+00
    9.53045273e+00 1.11163435e+01 1.19932613e+01 1.06851625e+01
    1.01805296e+01 1.14878616e+01 1.14147768e+01 1.18653030e+01
    1.09001560e+01 1.12271280e+01 1.07623701e+01 1.12455816e+01
    1.07249374e+01 1.01714849e+01 1.05870142e+01 1.02691765e+01
    1.07707758e+01 1.09875965e+01 1.18713970e+01 1.15491314e+01
    1.30084724e+01 1.33970699e+01 1.21351242e+01 1.49330673e+01
    1.40370283e+01 1.30537138e+01 1.24809284e+01 1.21907520e+01
    1.21668549e+01 1.31545801e+01 1.24193468e+01 1.21303406e+01
    1.18024607e+01 1.13386974e+01 1.16786976e+01 1.20426626e+01
    1.28134556e+01 1.21468039e+01 1.19957161e+01 1.19928236e+01
    1.20533094e+01 1.07702856e+01 1.12793074e+01 1.01314039e+01
    1.10619860e+01 1.21061258e+01 1.25671873e+01 1.25586481e+01
    1.33068018e+01 1.27240162e+01 1.19942055e+01 1.16309423e+01
    1.21430511e+01 1.17500172e+01 1.20602665e+01 1.16359921e+01
    1.20246353e+01 1.05979719e+01 1.17802029e+01 1.35229111e+01
    1.16656065e+01 1.04175730e+01 1.09123592e+01 1.12756786e+01
    1.17865267e+01 1.04901991e+01 1.25380449e+01 1.33114033e+01
    1.41764936e+01 1.40539579e+01 1.31350641e+01 1.29353380e+01
    1.27155828e+01 1.16730452e+01 1.20254908e+01 9.82803917e+00
    1.00157061e+01 1.12377644e+01 1.05747499e+01 1.12095261e+01
    1.07428503e+01 1.14771214e+01 1.31014872e+01 1.18155670e+01
    1.00682583e+01 1.04917555e+01 1.19813786e+01 1.10693502e+01
    1.02393970e+01 1.06527557e+01 1.13475752e+01 1.07617168e+01
    1.01092625e+01 1.07365494e+01 1.19890738e+01 1.05300894e+01
    1.15516682e+01 1.14344988e+01 1.21472082e+01 1.28343592e+01
    1.34067106e+01 1.25167150e+01 1.13508148e+01 1.14227114e+01
    1.34277182e+01 1.14171295e+01 1.12647305e+01 1.18802185e+01
    1.10629444e+01 1.18968134e+01 1.26505709e+01 1.17221508e+01
    1.20909567e+01 1.10633059e+01 1.15547924e+01 1.20531645e+01
    1.17446918e+01 1.15905094e+01 1.03211088e+01 9.66813374e+00
    1.08988247e+01 1.17143164e+01 1.15172977e+01 1.24251223e+01
    1.26399202e+01 1.27385178e+01 1.22557640e+01 1.31038904e+01
    1.39221840e+01 1.40516338e+01 1.20950871e+01 1.24994211e+01
    1.44226503e+01 1.25050526e+01 1.31966352e+01 1.20597811e+01
    1.12690840e+01 1.15031376e+01 1.10846786e+01 1.14789591e+01
    1.13581209e+01 1.13792973e+01 1.16152115e+01 1.21002073e+01
    1.20758419e+01 1.04252672e+01 1.31078548e+01 1.18196545e+01
    1.07447357e+01 1.25426331e+01 1.13344193e+01 1.16229706e+01
    1.25749369e+01 1.16056080e+01 1.16015835e+01 1.17100716e+01
    1.25443487e+01 1.45152922e+01 9.56350803e+00 9.87179947e+00
    1.16926432e+01 1.02031975e+01 1.16351614e+01 1.08813934e+01
    1.05677328e+01 1.14231920e+01 1.13652468e+01 1.02191200e+01
    1.01743317e+01 9.12886524e+00 9.48713493e+00 1.02152052e+01
    1.10311108e+01 1.14125814e+01 1.04986019e+01 1.16815214e+01
    1.20003386e+01 1.20397472e+01 1.13709536e+01 1.11769066e+01
    1.23009014e+01 1.23823338e+01 1.10338898e+01 1.15888262e+01
    1.35250549e+01 1.15821934e+01 1.26051493e+01 1.20530958e+01
    1.07644386e+01 1.23213511e+01 1.09766436e+01 1.09230289e+01
    1.14633694e+01 1.09567633e+01 1.10580692e+01 1.16167479e+01
    1.05906267e+01 1.03236475e+01 1.16222324e+01 1.16877127e+01
    1.09679451e+01 1.06619539e+01 1.19405594e+01 1.27697248e+01
    1.12448959e+01 1.05851145e+01 1.22870455e+01 1.32997770e+01
    1.09860802e+01 1.10955715e+01 1.27959719e+01 1.23262329e+01
    1.26302557e+01 1.30852327e+01 1.27438059e+01 1.18739214e+01
    1.11034040e+01 1.12328348e+01 1.16198864e+01 1.03702078e+01
    1.07237930e+01 1.18139830e+01 1.21878586e+01 1.19407520e+01
    1.33124714e+01 1.33518171e+01 1.20845661e+01 1.34601650e+01
    1.26100340e+01 1.16022615e+01 1.12373285e+01 1.16970472e+01
    1.17979088e+01 9.81789589e+00 1.03103619e+01 1.20310631e+01
    1.13814907e+01 1.11207466e+01 1.19747581e+01 1.11915216e+01
    1.15675812e+01 1.20952139e+01 1.31156769e+01 1.29657440e+01
    1.11480722e+01 1.18818111e+01 1.20373354e+01 9.52050781e+00
    1.04949818e+01 1.04357805e+01 9.96478271e+00 8.93577576e+00
    9.52513409e+00 9.72624779e+00 1.04387493e+01 1.21904697e+01
    1.17738447e+01 1.22422628e+01 1.20575132e+01 1.01711950e+01
    1.10321760e+01 1.13720369e+01 1.05083485e+01 1.10026007e+01
    1.12930737e+01 9.63107014e+00 1.13539867e+01 1.16211424e+01
    1.12325230e+01 1.10570202e+01 1.23618832e+01 1.29573774e+01
    1.17289457e+01 1.27940054e+01 1.24181690e+01 1.30884733e+01
    1.25370941e+01 1.15361757e+01 1.30460978e+01 1.22639303e+01
    1.25401344e+01 1.15131044e+01 1.20890007e+01 1.06664057e+01
    1.22397404e+01 1.33986530e+01 1.23728361e+01 1.29489536e+01
    1.13938770e+01 1.15992146e+01 1.11162357e+01 1.08255596e+01
    1.09993057e+01 1.01066618e+01 1.08720055e+01 1.10939827e+01
    1.13262215e+01 1.25886135e+01 1.18465471e+01 1.14428320e+01
    1.16496363e+01 1.13363657e+01 1.13783293e+01 1.11596994e+01
    1.24325752e+01 1.06644516e+01 1.10062428e+01 1.19119692e+01
    1.23209114e+01 1.22381258e+01 1.16530237e+01 1.10788794e+01
    1.19548168e+01 1.11222601e+01 1.21906958e+01 1.14766998e+01
    1.27134705e+01 1.31298351e+01 1.23580694e+01 1.44097309e+01
    1.37992191e+01 1.24326878e+01 1.32042208e+01 1.30498447e+01
    1.15028067e+01 1.21191444e+01 1.13914566e+01 1.14985867e+01
    1.17397614e+01 1.25533609e+01 1.24302130e+01 1.15536661e+01
    1.18031807e+01 1.14144316e+01 1.06440439e+01 1.06541929e+01
    1.08643961e+01 1.10258913e+01 1.25091085e+01 1.04775476e+01
    1.05845671e+01 1.19120455e+01 1.11521320e+01 1.11471910e+01
    1.28279152e+01 1.15936213e+01 1.13605881e+01 1.25682325e+01
    1.23953657e+01 1.22188444e+01 1.27123251e+01 1.22235422e+01
    1.22810898e+01 1.17758894e+01 1.18500710e+01 1.09829206e+01
    1.17541904e+01 1.19027128e+01 1.14164076e+01 1.27334156e+01
    1.31758890e+01 1.20502892e+01 1.33583775e+01 1.16218166e+01
    1.15332403e+01 1.21368294e+01 1.19343300e+01 1.20219774e+01
    1.12973156e+01 1.13625116e+01 1.26134081e+01 1.22245579e+01
    1.22953939e+01 1.29432678e+01 1.21965790e+01 1.24571075e+01
    1.32841539e+01 1.33883600e+01 1.34518461e+01 1.25010166e+01
    1.48734007e+01 1.20411730e+01 1.22546310e+01 1.26893339e+01
    1.31425200e+01 1.20882502e+01 1.03374195e+01 1.16532793e+01
    1.14047298e+01 1.02223015e+01 1.01762066e+01 1.06535473e+01
    1.08437567e+01 1.18706560e+01 1.21154099e+01 1.11794052e+01
    1.23683157e+01 1.24907799e+01 1.13588133e+01 1.29143906e+01
    1.19423437e+01 1.14808655e+01 1.14956379e+01 1.14458380e+01
    1.18519421e+01 1.17523375e+01 1.25920610e+01 1.35831366e+01
    1.09181833e+01 1.04287043e+01 1.15539894e+01 1.16596413e+01
    1.12211876e+01 1.17523327e+01 1.08302469e+01 1.11532259e+01
    1.18505402e+01 9.81810951e+00 1.05416355e+01 9.99941349e+00
    8.74879169e+00 1.00091419e+01 1.14299822e+01 1.14904766e+01
    1.09275379e+01 1.00723314e+01 1.24733887e+01 1.26091251e+01
    1.17360487e+01 1.16661463e+01 1.18264132e+01 1.28890400e+01
    1.25233536e+01 1.28529739e+01 1.28149748e+01 1.12385092e+01
    1.22508345e+01 1.20863218e+01 1.08459435e+01 1.21714582e+01
    1.19944448e+01 1.12376566e+01 1.21662750e+01 1.23387299e+01
    1.20925226e+01 1.14630098e+01 1.06521692e+01 1.11425180e+01
    1.16058731e+01 1.18808727e+01 1.11773291e+01 1.14119997e+01
    1.16103315e+01 1.29952888e+01 1.20429955e+01 1.14364367e+01
    1.04650316e+01 1.19569349e+01 1.13307695e+01 1.07126522e+01
    1.29641428e+01 1.36221189e+01 1.30377321e+01 1.34894991e+01
    1.30428228e+01 1.16827946e+01 1.04166241e+01 1.16169357e+01
    1.12504654e+01 1.03586578e+01 9.41298294e+00 1.16927910e+01
    1.26282015e+01 1.30078611e+01 1.30966444e+01 1.39565439e+01
    1.21817255e+01 1.34662991e+01 1.25204859e+01 1.06100435e+01
    1.22630930e+01 1.20970831e+01 1.11755209e+01 1.12380238e+01
    1.03370295e+01 9.76846027e+00 1.08216410e+01 1.00892553e+01
    1.05743647e+01 1.05744324e+01 1.03150272e+01 1.20543575e+01
    1.31010962e+01 1.25221338e+01 1.24465733e+01 1.41403656e+01
    1.18127546e+01 1.08373871e+01 1.13372841e+01 1.20424118e+01
    1.06806326e+01 1.00974340e+01 9.76794243e+00 9.18909454e+00
    1.13056622e+01 1.05077419e+01 1.04175262e+01 1.12266722e+01
    1.21153297e+01 1.08115273e+01 1.14450579e+01 1.27405834e+01
    1.12164001e+01 1.07464285e+01 1.04413528e+01 1.00570803e+01
    1.16369972e+01 1.29774113e+01 1.13111095e+01 1.20991220e+01
    1.21083651e+01 1.30903206e+01 1.22681227e+01 1.21813726e+01
    1.33191690e+01 1.03457394e+01 1.22416019e+01 1.12886772e+01
    1.08128929e+01 1.15417805e+01 1.17783947e+01 1.22402992e+01
    1.20663404e+01 1.13919659e+01 1.23525801e+01 1.26433125e+01
    1.17292633e+01 1.37185993e+01 1.08684826e+01 1.11337824e+01
    1.21466513e+01 1.08947544e+01 1.07587929e+01 9.57729053e+00
    1.04773293e+01 1.05879917e+01 1.08592148e+01 1.23133593e+01
    1.15287256e+01 1.14187021e+01 1.20517693e+01 1.13471670e+01
    1.01812363e+01 1.25595474e+01 1.26210403e+01 1.04702740e+01
    1.12310266e+01 1.22564907e+01 1.21936836e+01 1.20195732e+01
    1.11804380e+01 1.20639563e+01 1.15592384e+01 1.09052343e+01
    1.20941887e+01 1.24707279e+01 1.28754435e+01 1.25596933e+01
    1.20659657e+01 1.40241442e+01 1.34087820e+01 1.16170006e+01
    1.30537491e+01 1.11547804e+01 1.07320747e+01 1.07459650e+01
    1.09814234e+01 1.03819056e+01 1.11007223e+01 1.16172161e+01
    1.25916777e+01 1.34546804e+01 1.13361559e+01 1.15937214e+01
    1.13730202e+01 1.18270874e+01 1.10171423e+01 9.68008232e+00
    1.06896400e+01 1.15656509e+01 1.01200352e+01 1.07250872e+01
    1.09247561e+01 1.15655737e+01 1.11013899e+01 1.18213196e+01
    1.06539669e+01 1.24548731e+01 1.33511896e+01 1.24030533e+01
    1.27743187e+01 1.29551430e+01 1.18096981e+01 1.19970474e+01
    1.20691013e+01 1.13831758e+01 1.22486572e+01 1.17178164e+01
    1.24374075e+01 1.40747614e+01 1.21244526e+01 1.18945169e+01
    1.20822525e+01 1.29119892e+01 1.20034552e+01 1.21924572e+01
    1.31290760e+01 1.20657892e+01 1.23748121e+01 1.20075436e+01
    1.19797363e+01 1.23342810e+01 1.20121117e+01 1.23373299e+01
    1.16131248e+01 1.15099640e+01 1.26074524e+01 1.22413359e+01
    1.26810617e+01 1.13233852e+01 1.32199125e+01 1.31308346e+01
    1.22662315e+01 1.35660572e+01 1.20195904e+01 1.36603909e+01
    1.12951927e+01 1.23742619e+01 1.11542673e+01 9.48885059e+00
    1.21359215e+01 9.97657394e+00 9.35757542e+00 1.10067940e+01
    1.03449211e+01 1.12965946e+01 1.11129227e+01 1.09214954e+01
    1.08346491e+01 1.19627562e+01 1.20925665e+01 1.25138493e+01
    1.25567741e+01 1.23620529e+01 1.25133238e+01 1.31581078e+01
    1.19007845e+01 1.34361925e+01 1.11727409e+01 1.14324007e+01
    1.08403082e+01 1.16362505e+01 1.18889284e+01 1.17903585e+01
    1.10478506e+01 1.11952591e+01 1.28728704e+01 1.15250320e+01
    1.06956854e+01 1.05758314e+01 1.05200529e+01 1.08199215e+01
    1.05719748e+01 1.14042177e+01 1.14862595e+01 1.19491310e+01
    1.23801165e+01 1.18225555e+01 1.31825428e+01 1.17118855e+01
    1.23889780e+01 1.29962835e+01 1.27086124e+01 1.19438219e+01
    1.27538528e+01 1.24793062e+01 1.28980484e+01 1.25176744e+01
    1.19650249e+01 1.31238632e+01 1.07610064e+01 1.10089979e+01
    1.15720749e+01 1.19767246e+01 1.25592918e+01 1.18557472e+01
    1.12584753e+01 1.25407505e+01 1.31327438e+01 1.22219706e+01
    1.14819317e+01 1.15659437e+01 1.07617235e+01 1.19009161e+01
    1.16502266e+01 1.13010693e+01 1.26437349e+01 1.21867342e+01
    1.19658766e+01 1.22875385e+01 1.15894566e+01 1.24056559e+01
    1.33457346e+01 1.33117733e+01 1.21692324e+01 1.25941963e+01
    1.20216331e+01 1.19295607e+01 1.11725073e+01 1.05672789e+01
    9.74774551e+00 1.07908554e+01 1.14458208e+01 1.19351273e+01
    1.19520702e+01 1.25171299e+01 1.39616117e+01 1.14691982e+01
    1.10966120e+01 1.10783329e+01 1.19713278e+01 1.07669382e+01
    1.01635113e+01 1.06017923e+01 1.02720919e+01 1.04546576e+01
    1.08551826e+01 1.05126839e+01 1.13353548e+01 1.04084635e+01
    1.06574421e+01 1.21198311e+01 1.30885077e+01 1.28915501e+01
    1.40188923e+01 1.32975454e+01 1.09581642e+01 1.20438719e+01
    1.19122581e+01 1.08521461e+01 1.10378103e+01 1.11693239e+01
    1.08100615e+01 1.06129084e+01 1.12370682e+01 1.16917133e+01
    1.21583395e+01 1.18137817e+01 1.08671255e+01 1.25717621e+01
    1.09049330e+01 1.05865278e+01 1.18657570e+01 1.06692667e+01
    1.05136051e+01 1.11426258e+01 9.86979580e+00 1.08450165e+01
    1.07682371e+01 1.12374449e+01 1.05926924e+01 1.15107260e+01
    1.23745508e+01 1.15413198e+01 1.23004913e+01 1.14586668e+01
    1.27104177e+01 1.25900755e+01 1.13935385e+01 1.21928167e+01
    1.12643414e+01 1.16973143e+01 1.08839855e+01 1.08174706e+01
    9.78617096e+00 1.07473211e+01 1.21889639e+01 1.10504885e+01
    9.46578789e+00 1.05030622e+01 1.14902344e+01 1.02366600e+01
    1.10048380e+01 1.01820469e+01 1.09314213e+01 1.16472616e+01
    1.18086061e+01 1.14146090e+01 1.22529545e+01 1.31097975e+01
    1.15599031e+01 1.13636160e+01 1.21118536e+01 1.15091915e+01
    1.27931967e+01 1.03639393e+01 1.17259359e+01 1.20996857e+01
    1.35174379e+01 1.23126812e+01 1.21450338e+01 1.25544043e+01
    1.23870716e+01 1.25418854e+01 1.19034367e+01 1.22219973e+01
    1.26039190e+01 1.34204493e+01 1.16642952e+01 1.27765207e+01
    1.22391224e+01 1.14170103e+01 1.16965199e+01 1.03235331e+01
    1.09226904e+01 1.07178926e+01 9.97039795e+00 1.07622519e+01
    1.13152876e+01 1.10768003e+01 1.22931395e+01 1.19541197e+01
    1.14788074e+01 1.20856781e+01 1.11650610e+01 1.27251568e+01
    1.16321411e+01 1.01747456e+01 1.18841276e+01 1.12853737e+01
    1.06207438e+01 1.13120794e+01 1.01994648e+01 1.07205553e+01
    1.14104509e+01 1.01261272e+01 9.76830292e+00 1.13722706e+01
    1.25241489e+01 1.32592316e+01 1.25255413e+01 1.37246542e+01
    1.30772371e+01 1.40026531e+01 1.32427473e+01 1.10184612e+01
    1.14999237e+01 1.22863827e+01 1.09894352e+01 1.26624670e+01
    1.09068279e+01 1.12000628e+01 1.29956455e+01 1.22276516e+01
    1.20461721e+01 1.30283318e+01 1.30057373e+01 1.28103733e+01
    1.22375326e+01 1.23959179e+01 1.28344679e+01 1.37976274e+01
    1.27651606e+01 1.05728550e+01 1.24812050e+01 1.18349514e+01
    1.25139208e+01 1.23823433e+01 1.14705009e+01 1.18348789e+01
    1.15327024e+01 1.25002489e+01 1.10288029e+01 1.25317144e+01
    1.25658932e+01 1.17996120e+01 1.20666418e+01 1.15913773e+01
    1.18049288e+01 1.10451126e+01 1.11134720e+01 9.06550980e+00
    1.02735758e+01 1.18460760e+01 1.06956215e+01 9.34510612e+00
    1.08284216e+01 1.14858055e+01 1.05831041e+01 1.18173113e+01
    1.13252487e+01 1.15888767e+01 1.21895599e+01 1.12738380e+01
    1.17018299e+01 1.19589891e+01 1.16730738e+01 1.19985647e+01
    9.29948235e+00 1.12796850e+01 1.06334324e+01 1.11922617e+01
    1.16062059e+01 1.16826086e+01 1.18069010e+01 1.20132103e+01
    1.19184446e+01 1.07728662e+01 1.18335352e+01 8.94284916e+00
    1.01346197e+01 1.17413712e+01 1.09989948e+01 9.44702625e+00
    1.10073814e+01 1.21555195e+01 1.18249302e+01 1.19642096e+01
    1.33272352e+01 1.24560785e+01 1.28826027e+01 1.30807772e+01
    1.08548717e+01 1.31344852e+01 1.36174021e+01 1.19548788e+01
    1.16791925e+01 1.17046528e+01 1.24583063e+01 1.29263582e+01
    1.19891777e+01 1.18390093e+01 1.12138090e+01 1.27065401e+01
    1.25685539e+01 1.11545849e+01 9.83300114e+00 1.05129337e+01
    1.37654057e+01 1.16271181e+01 9.85383987e+00 1.22731981e+01
    1.23267889e+01 1.26035061e+01 1.27383604e+01 1.13742075e+01
    1.33347101e+01 1.30459232e+01 1.09601593e+01 1.19411087e+01
    1.34626532e+01 1.31215420e+01 1.31911068e+01 1.24783955e+01
    1.27214050e+01 1.24964895e+01 1.20353050e+01 1.19008665e+01
    1.19524002e+01 1.02466984e+01 1.02497320e+01 1.01577311e+01
    1.14722023e+01 1.11697760e+01 1.16682177e+01 1.25405025e+01
    1.27764750e+01 1.32724895e+01 1.29048100e+01 1.24539471e+01
    1.18579855e+01 1.32727985e+01 1.14766207e+01 8.84252071e+00
    1.03411121e+01 1.04600134e+01 9.47789860e+00 1.00346575e+01
    9.78447819e+00 1.04092512e+01 1.19060192e+01 1.17107821e+01
    1.20997963e+01 1.37699203e+01 1.35485544e+01 1.32250395e+01
    1.13241272e+01 1.23260546e+01 1.26620722e+01 1.15398970e+01
    1.03952217e+01 9.94392395e+00 1.01646643e+01 1.01419764e+01
    1.07682076e+01 1.00739574e+01 1.17273207e+01 1.05430336e+01
    9.31348133e+00 1.08329325e+01 1.17461472e+01 1.07555761e+01
    1.15661564e+01 1.21980181e+01 1.10929508e+01 1.02545338e+01
    1.17210102e+01 1.15153580e+01 1.07037907e+01 1.04735718e+01
    1.08404846e+01 1.12624149e+01 1.10082207e+01 1.20970421e+01
    1.16823263e+01 1.08484440e+01 1.04528513e+01 1.27766867e+01
    1.11767607e+01 1.12328215e+01 1.09894686e+01 1.17388945e+01
    1.20083570e+01 1.03386755e+01 1.10264244e+01 1.10223465e+01
    1.12612867e+01 9.64998817e+00 1.13599949e+01 1.10671415e+01
    1.10845642e+01 1.20785246e+01 1.15975351e+01 1.16375418e+01
    1.24859114e+01 1.11375504e+01 1.19101133e+01 1.12709990e+01
    1.17410107e+01 1.18077812e+01 1.11921864e+01 1.17760057e+01
    1.03125477e+01 1.03888302e+01 1.17746611e+01 1.13733339e+01
    1.07152596e+01 1.12372513e+01 1.28660965e+01 1.31267118e+01
    1.19773684e+01 1.29003315e+01 1.36620483e+01 1.31458864e+01
    1.37376451e+01 1.36808052e+01 1.39821787e+01 1.46843538e+01
    1.30314140e+01 1.20976791e+01 1.34920673e+01 1.23374014e+01
    1.20189095e+01 1.07123814e+01 1.08619947e+01 1.10047894e+01
    9.97094440e+00 1.11259289e+01 1.21282110e+01 1.23722553e+01
    1.30315361e+01 1.30979891e+01 1.32536173e+01 1.31075850e+01
    1.17421980e+01 1.30411501e+01 1.26748142e+01 1.04431963e+01
    1.20714054e+01 1.14619303e+01 1.10935106e+01 1.18435640e+01
    1.04833450e+01 1.14977264e+01 1.27059708e+01 1.10677738e+01
    1.08355846e+01 1.11398907e+01 1.23568087e+01 1.23345633e+01
    1.27964592e+01 1.26800337e+01 1.22017517e+01 1.39332113e+01
    1.40119686e+01 1.01996222e+01 1.22225485e+01 1.33161268e+01
    1.16735620e+01 1.10036163e+01 1.08080311e+01 1.14900503e+01
    1.17136879e+01 1.13160057e+01 1.18612795e+01 1.16456947e+01
    1.11955853e+01 1.31023226e+01 1.31543131e+01 1.24794950e+01
    1.29187603e+01 1.57416153e+01 1.30575047e+01 1.23362637e+01
    1.28408642e+01 1.31937819e+01 1.16090727e+01 1.24633026e+01
    1.13512239e+01 1.10031900e+01 1.21360016e+01 1.22635727e+01
    1.33351479e+01 1.17927628e+01 1.27639847e+01 1.23625650e+01
    1.24297543e+01 1.14315090e+01 1.13332863e+01 1.21423273e+01
    1.11332293e+01 1.09727621e+01 1.09441214e+01 1.11995468e+01
    1.23106422e+01 1.03243799e+01 1.06760006e+01 1.12856483e+01
    1.17081194e+01 1.17669611e+01 1.11517448e+01 1.23271561e+01
    1.20929155e+01 1.11396818e+01 1.25147896e+01 1.28334951e+01
    1.21154413e+01 1.21524954e+01 9.43337822e+00 1.03777199e+01
    1.20158625e+01 1.09146109e+01 1.29107485e+01 1.17301970e+01
    1.07498560e+01 1.26467342e+01 1.21667156e+01 1.11951466e+01
    1.10404367e+01 1.01578426e+01 9.10353661e+00 1.07672882e+01
    1.04019041e+01 1.06489344e+01 1.00621061e+01 1.17402077e+01
    1.17668467e+01 1.14398508e+01 1.27698421e+01 1.23856306e+01
    1.27836218e+01 1.23453112e+01 1.17652273e+01 1.19851084e+01
    1.24855194e+01 1.15823488e+01 1.21752977e+01 1.11510172e+01
    1.15699730e+01 1.26007576e+01 1.23175678e+01 1.17049913e+01
    1.16137962e+01 1.26269722e+01 1.25092020e+01 1.15292196e+01
    1.09527702e+01 9.71342850e+00 1.20652990e+01 1.10875473e+01
    9.50733280e+00 1.00499487e+01 1.16767769e+01 1.10788126e+01
    9.95746708e+00 1.00828810e+01 1.19125881e+01 1.24358120e+01
    1.03252792e+01 1.08316860e+01 1.27728519e+01 1.29497261e+01
    1.26948013e+01 1.19061165e+01 1.31535397e+01 1.32024775e+01
    1.21994095e+01 1.23716402e+01 1.20276155e+01 1.01574116e+01
    1.08692579e+01 1.13632298e+01 1.00969791e+01 1.17279634e+01
    1.23349304e+01 1.17591982e+01 1.26976299e+01 1.27387438e+01
    1.24034348e+01 1.24138870e+01 1.01490183e+01 1.23821135e+01
    1.32410164e+01 1.01753054e+01 9.97860909e+00 1.07106514e+01
    1.09586792e+01 1.01740341e+01 1.00733757e+01 1.10602093e+01
    1.18665695e+01 1.13792944e+01 1.32554579e+01 1.24671421e+01
    1.36090288e+01 1.24543943e+01 1.12547636e+01 1.21038256e+01
    1.25657701e+01 1.31731396e+01 1.09529991e+01 1.14430046e+01
    1.05949850e+01 1.10041265e+01 1.15908442e+01 1.12767801e+01
    1.08499250e+01 9.12109756e+00 1.15771904e+01 1.18214245e+01
    1.14092751e+01 1.07753344e+01 1.16152077e+01 1.15683184e+01
    1.04504652e+01 1.12600584e+01 1.18606319e+01 1.10108061e+01
    1.14370680e+01 1.09977140e+01 1.09062662e+01 1.14275560e+01
    1.01387606e+01 1.14770021e+01 9.83062077e+00 9.94923496e+00
    1.05946980e+01 9.84627438e+00 1.03778753e+01 1.09503584e+01
    1.03839855e+01 1.00453920e+01 1.09663067e+01 1.00796967e+01
    1.14732904e+01 1.03587914e+01 1.03637495e+01 1.04016285e+01
    1.07964067e+01 1.10050421e+01 1.12474985e+01 1.11751690e+01
    1.18276463e+01 1.19770250e+01 1.20216961e+01 1.34082518e+01
    1.28095179e+01 1.07453337e+01 1.22625656e+01 1.24789295e+01
    1.18901882e+01 1.14300766e+01 1.19086609e+01 1.16517715e+01
    1.14784336e+01 1.20583954e+01 1.17734165e+01 1.12803230e+01
    1.07682161e+01 1.17518930e+01 1.17679462e+01 1.14981070e+01
    1.29683485e+01 1.30815058e+01 1.36944828e+01 1.31264706e+01
    1.38247805e+01 1.49632168e+01 1.22195921e+01 1.24992943e+01
    1.28064060e+01 1.12143764e+01 1.13454370e+01 1.06901855e+01
    1.04009848e+01 1.09875555e+01 1.08353939e+01 1.14266739e+01
    1.09511118e+01 1.16611261e+01 1.16971769e+01 1.13796501e+01
    1.18294210e+01 1.26437654e+01 1.06358452e+01 1.28958979e+01
    1.24648495e+01 1.08000870e+01 1.14080639e+01 1.14818392e+01
    1.23637848e+01 1.23785448e+01 1.13932915e+01 1.13748684e+01
    1.26756964e+01 1.11739502e+01 1.10679512e+01 1.16156969e+01
    1.21141787e+01 1.32824497e+01 1.23802280e+01 1.21264400e+01
    1.29303379e+01 1.35347509e+01 1.23237820e+01 1.24490786e+01
    1.19175816e+01 1.17062120e+01 1.25958748e+01 1.19266462e+01
    1.08188696e+01 1.12083092e+01 1.30284176e+01 1.26296282e+01
    1.18561029e+01 1.32492704e+01 1.22594309e+01 1.25245457e+01
    1.35713272e+01 1.44050188e+01 1.31760473e+01 1.24811506e+01
    1.39758720e+01 1.26884489e+01 1.10167627e+01 1.13107510e+01
    1.11758385e+01 1.19959688e+01 1.19387531e+01 1.05727367e+01
    1.25995913e+01 1.25069284e+01 1.31813231e+01 1.29889297e+01
    1.27092400e+01 1.38533211e+01 1.27399597e+01 1.26535234e+01
    1.18543777e+01 1.03099499e+01 1.05704832e+01 9.90868187e+00
    1.04131813e+01 1.03197088e+01 1.01839552e+01 1.06062136e+01
    1.04068069e+01 1.07263775e+01 1.00388851e+01 1.21103916e+01
    1.15588121e+01 1.05054922e+01 1.17448616e+01 1.23186636e+01
    1.23766785e+01 1.18427563e+01 1.20569944e+01 1.21626081e+01
    9.90093994e+00 1.10594215e+01 1.05055170e+01 1.18578663e+01
    1.15268822e+01 1.13044891e+01 1.05778913e+01 1.13078060e+01
    1.27318811e+01 1.13912516e+01 1.04581556e+01 9.42766094e+00
    9.71284580e+00 1.08437653e+01 1.17336321e+01 9.96587944e+00
    1.10166702e+01 1.07151499e+01 1.12211857e+01 1.26387129e+01
    1.39674644e+01 1.19654417e+01 1.27184906e+01 1.21258593e+01
    1.30965567e+01 1.21772041e+01 1.14222231e+01 1.15712891e+01
    1.33286018e+01 1.18855381e+01 1.08184671e+01 1.30456085e+01
    1.34357014e+01 1.16892796e+01 1.28518076e+01 1.14606266e+01
    1.03621798e+01 1.03059540e+01 1.02014036e+01 1.02077932e+01
    1.07154055e+01 1.05845928e+01 1.01538124e+01 9.18609715e+00
    1.13319750e+01 1.19939508e+01 1.08525658e+01 1.12954760e+01
    1.16863356e+01 1.25212822e+01 1.14715624e+01 1.15635633e+01
    1.16227598e+01 1.29484434e+01 1.22351913e+01 1.25611134e+01
    1.22567101e+01 1.31367626e+01 1.21298256e+01 1.40028086e+01
    1.27985611e+01 1.00683680e+01 1.13064289e+01 1.13890305e+01
    1.06124563e+01 1.20828571e+01 1.03918009e+01 1.08950157e+01
    1.23216467e+01 1.11760044e+01 1.18943939e+01 1.12173748e+01
    1.20596466e+01 1.23727741e+01 1.13751354e+01 1.18994923e+01
    9.80008888e+00 1.19822760e+01 1.13517599e+01 1.02669325e+01
    1.20762415e+01 1.31445246e+01 1.07571726e+01 1.18971434e+01
    1.34878283e+01 1.37029018e+01 1.34437838e+01 1.35721817e+01
    1.15488806e+01 1.08772240e+01 1.35124712e+01 1.20762453e+01
    1.00579958e+01 1.09379635e+01 1.13758402e+01 1.15975456e+01
    1.21550884e+01 1.10268459e+01 1.10686817e+01 1.14693508e+01
    1.14098225e+01 1.11376019e+01 1.14316683e+01 1.37970591e+01
    1.17808676e+01 1.21290874e+01 1.37614555e+01 1.21069717e+01
    1.17394743e+01 1.18777943e+01 1.09788589e+01 1.18358021e+01
    1.08336201e+01 1.04883442e+01 9.82426643e+00 1.09845610e+01
    9.88259125e+00 1.11081409e+01 1.05678482e+01 9.82766819e+00
    1.20175943e+01 1.14066677e+01 1.15652113e+01 1.26846342e+01
    1.16208019e+01 1.08855047e+01 1.09797497e+01 1.23582497e+01
    1.03368578e+01 9.52769756e+00 9.83506489e+00 1.16988764e+01
    1.10942392e+01 1.01969595e+01 1.29318495e+01 1.10621119e+01
    1.22596302e+01 1.45274000e+01 1.25177870e+01 1.15303240e+01
    1.22379837e+01 1.26493502e+01 1.24293337e+01 1.11166439e+01
    1.07747469e+01 1.21474714e+01 1.14877386e+01 1.03440447e+01
    1.20900154e+01 1.31001234e+01 1.10461149e+01 1.14672832e+01
    1.21245785e+01 1.19342079e+01 1.20286589e+01 1.41053371e+01
    1.22212868e+01 1.33302307e+01 1.37368345e+01 1.35652494e+01
    1.27930937e+01 1.17328720e+01 1.02295027e+01 1.08138380e+01
    1.07134647e+01 1.09939985e+01 9.27887154e+00 9.92189884e+00
    1.03328009e+01 9.99326324e+00 9.99553108e+00 1.08747644e+01
    1.21881437e+01 1.04280205e+01 9.72959805e+00 1.21630030e+01
    1.23879032e+01 1.10532236e+01 1.10388632e+01 1.13086233e+01
    1.14057407e+01 1.16394148e+01 1.28983660e+01 1.31083603e+01
    1.14166498e+01 1.22718573e+01 1.29214621e+01 1.18636532e+01
    1.09431286e+01 1.15664005e+01 1.22844114e+01 1.19562521e+01
    1.16319466e+01 1.37249346e+01 1.37258101e+01 1.30087051e+01
    1.25849056e+01 1.34851732e+01 1.16564369e+01 1.15666361e+01
    1.20892563e+01 1.21991796e+01 1.07613058e+01 1.16543255e+01
    1.18604088e+01 1.27402687e+01 1.18866053e+01 1.21025944e+01
    1.36165428e+01 1.32659616e+01 1.31348791e+01 1.37173014e+01
    1.23910780e+01 1.21345682e+01 1.26391392e+01 1.21617451e+01
    1.19390965e+01 1.17158394e+01 1.13559961e+01 1.06965561e+01
    1.13110905e+01 1.09795399e+01 1.07745028e+01 1.09841928e+01
    1.16725979e+01 1.28194408e+01 1.27919226e+01 1.38239040e+01
    1.34393330e+01 1.30241690e+01 1.31033754e+01 1.14799194e+01
    1.15223074e+01 1.13550558e+01 1.03800077e+01 1.16176405e+01
    1.02908144e+01 1.08698807e+01 1.08672228e+01 1.20024385e+01
    1.14465981e+01 1.12329769e+01 1.13935223e+01 9.10956478e+00
    9.89624596e+00 1.13874025e+01 1.15520897e+01 1.17293644e+01
    1.12187357e+01 1.17195940e+01 9.63042641e+00 1.03791695e+01
    1.02244196e+01 1.22050934e+01 1.10468264e+01 1.11429148e+01
    1.07665901e+01 1.15020380e+01 1.16729841e+01 1.31544008e+01
    1.03133230e+01 1.03135443e+01 1.02314520e+01 1.18252859e+01
    1.03591824e+01 1.01377888e+01 1.11751347e+01 1.18772430e+01
    1.11284838e+01 1.35430632e+01 1.30975800e+01 1.23891792e+01
    1.32758045e+01 1.26591444e+01 1.32464771e+01 1.30091677e+01
    1.20400496e+01 1.17192554e+01 1.14237356e+01 1.14329557e+01
    1.22404547e+01 1.17796555e+01 1.13039351e+01 1.19441195e+01
    1.17625351e+01 1.22852049e+01 1.16078472e+01 1.11030807e+01
    1.11379509e+01 1.12585030e+01 1.11733408e+01 1.09620380e+01
    1.09914351e+01 1.03313112e+01 1.16100111e+01 1.20899572e+01
    1.06654968e+01 1.16229076e+01 1.27667198e+01 1.14463644e+01
    1.14365902e+01 1.19515133e+01 1.23061028e+01 1.16922178e+01
    1.19845238e+01 1.13945036e+01 1.18685112e+01 1.21199808e+01
    1.20660601e+01 1.27987738e+01 1.20239105e+01 1.12003059e+01
    1.06722088e+01 1.02783098e+01 1.01994390e+01 1.08296251e+01
    9.34866238e+00 9.78332615e+00 1.19562864e+01 1.04998274e+01
    1.19222965e+01 1.18311949e+01 1.15711670e+01 1.12193022e+01
    1.13333988e+01 1.20183239e+01 1.17650137e+01 1.14776287e+01
    1.25753250e+01 1.11924686e+01 1.24466829e+01 1.28085375e+01
    1.21598339e+01 1.22636051e+01 1.24548988e+01 1.35793972e+01
    1.47584610e+01 1.22134514e+01 1.09784737e+01 1.14210196e+01
    1.35287647e+01 1.34209967e+01 1.11455584e+01 1.11117220e+01
    1.18063583e+01 1.16520367e+01 1.12041254e+01 1.12866030e+01
    9.62289715e+00 1.06996698e+01 1.08203831e+01 1.02582321e+01
    1.07013102e+01 1.23563089e+01 1.19149647e+01 1.09003439e+01
    1.24238205e+01 1.24745979e+01 1.23540363e+01 1.27807188e+01
    1.16615019e+01 1.28200302e+01 1.11245308e+01 1.02191238e+01
    1.18357267e+01 9.51278210e+00 1.08234777e+01 1.05188351e+01
    9.25219154e+00 1.00774593e+01 1.06265469e+01 1.00327635e+01
    1.04049654e+01 1.07019825e+01 1.15486393e+01 1.10576620e+01
    1.09633408e+01 1.30653296e+01 1.13196993e+01 1.02887945e+01
    1.12905064e+01 1.36639471e+01 1.28506985e+01 1.12352533e+01
    1.25020428e+01 1.21959515e+01 1.35400429e+01 1.28590984e+01
    1.19418077e+01 1.23418760e+01 1.17200165e+01 1.17774372e+01
    1.18025789e+01 1.07416716e+01 1.02812004e+01 1.03280687e+01
    1.13405199e+01 1.15503197e+01 1.09447136e+01 1.07769156e+01
    1.13334017e+01 1.24133511e+01 9.91159534e+00 1.10539703e+01
    1.25351591e+01 1.17544279e+01 1.26558208e+01 1.42617874e+01
    1.34964066e+01 1.38422899e+01 1.42507906e+01 1.32750874e+01
    1.23714094e+01 1.14640360e+01 1.00175037e+01 1.08860693e+01
    9.84229183e+00 1.00774508e+01 1.12678833e+01 1.07979593e+01
    1.24949369e+01 1.03417196e+01 1.23940763e+01 1.24970865e+01
    9.34225559e+00 1.14586382e+01 1.33845224e+01 1.15704031e+01
    1.13250799e+01 1.23961992e+01 1.17432957e+01 1.23648939e+01
    1.30206900e+01 1.26133375e+01 1.27196112e+01 1.27736750e+01
    1.30360699e+01 1.24502935e+01 1.20557528e+01 1.20413828e+01
    1.07759352e+01 1.18747101e+01 1.19111805e+01 1.23891420e+01
    1.25164928e+01 1.15795755e+01 1.29718580e+01 1.21090689e+01
    1.09695110e+01 1.22597580e+01 1.16314211e+01 1.18458881e+01
    1.12386341e+01 9.76631260e+00 1.31886663e+01 1.24816132e+01
    1.11942377e+01 1.16568031e+01 1.24535713e+01 1.14333839e+01
    1.18466406e+01 1.14479895e+01 1.38556633e+01 1.23882103e+01
    1.06927633e+01 1.12694912e+01 1.18514814e+01 1.10143890e+01
    1.08878374e+01 1.08762617e+01 1.09860420e+01 1.10148497e+01
    1.19292545e+01 1.25563774e+01 1.17851067e+01 1.18585911e+01
    1.34711828e+01 1.35873480e+01 1.32004910e+01 1.15087919e+01
    1.32307472e+01 1.24576883e+01 1.20108557e+01 1.08567753e+01
    1.01218052e+01 1.12437248e+01 1.07386885e+01 1.10471659e+01
    1.06214600e+01 1.09363480e+01 1.12250319e+01 1.15795422e+01
    1.26128626e+01 1.02782812e+01 1.02496748e+01 1.23437395e+01
    1.14073811e+01 1.14056664e+01 1.07921076e+01 1.10013227e+01
    9.30216789e+00 1.02635813e+01 1.01105909e+01 1.08007669e+01
    1.26000700e+01 1.19770460e+01 1.09944668e+01 1.24587049e+01
    1.45577955e+01 1.27379837e+01 1.08873024e+01 9.61501503e+00
    1.06359043e+01 1.10403376e+01 1.09207287e+01 1.02833700e+01
    1.10510683e+01 1.16281605e+01 1.12039394e+01 1.19677858e+01
    1.40880594e+01 1.26169291e+01 1.33079062e+01 1.33015270e+01
    1.30381699e+01 1.37113152e+01 1.34138260e+01 1.31349373e+01
    1.15868559e+01 1.18310785e+01 1.25646687e+01 1.14968843e+01
    1.14263554e+01 1.14126663e+01 1.17517986e+01 1.17237949e+01
    1.18672657e+01 1.08679228e+01 1.20908518e+01 1.07946129e+01
    1.05395622e+01 1.09554358e+01 1.04689178e+01 1.00326519e+01
    1.02257833e+01 1.05160189e+01 1.13472958e+01 1.23389254e+01
    1.13845482e+01 1.12874050e+01 1.07259655e+01 1.01591511e+01
    1.13279066e+01 1.15353880e+01 1.03045492e+01 1.16748486e+01
    1.24129667e+01 1.25570793e+01 1.38341961e+01 1.25296278e+01
    1.21199808e+01 1.15192833e+01 1.15393467e+01 9.52894592e+00
    1.04889088e+01 1.04214945e+01 1.15277128e+01 1.09145412e+01
    1.18260107e+01 1.13153162e+01 1.30538511e+01 1.16253901e+01
    1.08509169e+01 1.32074823e+01 1.15229979e+01 1.07923222e+01
    1.21425285e+01 1.03953409e+01 1.08914824e+01 1.27338705e+01
    1.27800350e+01 1.30280027e+01 1.29938297e+01 1.23494596e+01
    1.21980715e+01 1.33771152e+01 1.29369545e+01 1.05320988e+01
    1.16422901e+01 1.23888531e+01 1.18725557e+01 1.27858257e+01
    1.37369032e+01 1.26200666e+01 1.16092854e+01 1.33975220e+01
    1.34613476e+01 1.14902792e+01 1.17312164e+01 1.16058025e+01
    1.18687515e+01 1.19493475e+01 1.24734840e+01 1.19589319e+01
    1.39135590e+01 1.36640368e+01 1.32329950e+01 1.29621925e+01
    1.24740725e+01 1.23975220e+01 1.30028973e+01 1.04543896e+01
    1.16937809e+01 1.18113565e+01 1.02020035e+01 1.05458908e+01
    1.16503420e+01 9.80349827e+00 8.92857075e+00 9.64391518e+00
    9.44012833e+00 1.03512678e+01 9.81084919e+00 9.97096252e+00
    1.08193712e+01 1.16655493e+01 1.08500404e+01 9.89548302e+00
    1.22356062e+01 1.12567368e+01 1.04985781e+01 1.27265682e+01
    1.33151579e+01 1.18886738e+01 1.26169720e+01 1.17533026e+01
    1.35485191e+01 1.37868233e+01 1.17396727e+01 1.17395267e+01
    1.29992723e+01 1.09009800e+01 1.26795340e+01 1.16097946e+01
    1.12033300e+01 1.12034521e+01 1.23637533e+01 1.09175863e+01
    1.00293627e+01 1.12333193e+01 1.15483074e+01 1.25679522e+01
    1.12758236e+01 1.15695944e+01 1.32025023e+01 1.32183971e+01
    1.27062035e+01 1.33882246e+01 1.41691799e+01 1.40695848e+01
    1.36142654e+01 1.33769722e+01 1.21307802e+01 1.09954805e+01
    1.10019760e+01 1.13505964e+01 1.15552540e+01 1.15046473e+01
    9.72692204e+00 1.08137598e+01 1.17769928e+01 1.07571917e+01
    1.15553226e+01 1.09338408e+01 1.03292665e+01 1.18763580e+01
    1.23166685e+01 1.23874207e+01 1.25339212e+01 1.00378933e+01
    1.16131439e+01 1.35606527e+01 1.33024769e+01 1.26924200e+01
    1.25661411e+01 1.29360733e+01 1.32861500e+01 1.24383030e+01
    1.17944088e+01 1.12337523e+01 1.17358007e+01 1.26114941e+01
    1.21390104e+01 1.26545229e+01 1.25845709e+01 1.20679712e+01
    1.23914042e+01 1.19983950e+01 1.09546556e+01 1.14229879e+01
    1.15245380e+01 1.19616251e+01 1.19120035e+01 1.15418253e+01
    1.35474110e+01 1.26327829e+01 1.32758808e+01 1.24036245e+01
    1.25789833e+01 1.25817852e+01 1.25269489e+01 1.27095804e+01
    1.23388443e+01 1.19002810e+01 1.12230635e+01 1.22674904e+01
    1.19459381e+01 1.15485811e+01 1.06568613e+01 1.05912504e+01
    1.02499027e+01 1.00793943e+01 1.10165596e+01 1.17319517e+01
    1.17015877e+01 1.20574713e+01 1.25240440e+01 1.38302221e+01
    1.38447170e+01 1.16872072e+01 1.27708378e+01 1.26663313e+01
    1.28204670e+01 1.15801811e+01 1.16463451e+01 1.13478861e+01
    1.25759544e+01 1.16508312e+01 1.08008604e+01 1.17693443e+01
    1.04032192e+01 1.17389660e+01 1.11625242e+01 1.01248474e+01
    9.45784664e+00 1.12506495e+01 1.16177597e+01 1.25086727e+01
    1.20337639e+01 1.12020321e+01 8.67187786e+00 1.00468884e+01
    1.08185883e+01 9.83862782e+00 1.32314320e+01 1.27961264e+01
    1.16835594e+01 1.29666481e+01 1.27490911e+01 1.29988222e+01
    1.17424040e+01 1.00446949e+01 1.09318829e+01 1.11332750e+01
    1.06111212e+01 9.76622868e+00 1.02934246e+01 1.10348120e+01
    1.15076637e+01 1.28449001e+01 1.37883492e+01 1.29509659e+01
    1.23100824e+01 1.17378931e+01 1.27001657e+01 1.35984926e+01
    1.28830557e+01 1.15307560e+01 1.30082741e+01 1.27625694e+01
    1.16897802e+01 1.19681644e+01 1.14287176e+01 1.14617863e+01
    9.84190655e+00 1.00834856e+01 1.18147869e+01 9.51689053e+00
    9.46679306e+00 1.06945953e+01 1.04336109e+01 9.93405819e+00
    1.05603209e+01 1.05766573e+01 9.54697704e+00 1.09256983e+01
    1.12080269e+01 9.99401951e+00 1.14390039e+01 1.08073187e+01
    1.13895588e+01 1.18575344e+01 1.29020481e+01 1.18512449e+01
    1.20382290e+01 1.32896528e+01 1.32050962e+01 1.42121048e+01
    1.37287827e+01 1.38730116e+01 1.44586630e+01 1.26406956e+01
    1.15140228e+01 1.13447933e+01 9.82621479e+00 1.05332060e+01
    1.03400650e+01 8.65785313e+00 9.66048527e+00 1.20432892e+01
    1.22991648e+01 1.11203480e+01 1.20627575e+01 1.23043194e+01
    1.26493444e+01 1.12166710e+01 1.15405636e+01 1.24412003e+01
    1.20127573e+01 1.17134180e+01 1.33449059e+01 1.33221970e+01
    1.25876846e+01 1.26562452e+01 1.37185030e+01 1.46988487e+01
    1.39383440e+01 1.25670185e+01 1.19015932e+01 1.29968309e+01
    1.33544855e+01 1.28414202e+01 1.16480494e+01 1.28500872e+01
    1.28195238e+01 1.33305130e+01 1.30957098e+01 1.16654282e+01
    1.26106815e+01 1.24168110e+01 1.20020332e+01 1.17061157e+01
    1.25115299e+01 1.19833975e+01 1.37281961e+01 1.35121880e+01
    1.32037601e+01 1.18399420e+01 1.24459171e+01 1.34433002e+01
    1.24857388e+01 1.23324099e+01 1.27415257e+01 1.13403368e+01
    1.01986790e+01 1.20953836e+01 1.21730337e+01 9.84125614e+00
    1.13599348e+01 1.19794626e+01 1.06264324e+01 1.20392475e+01
    1.18179436e+01 1.06278219e+01 1.09939661e+01 1.16687441e+01
    1.09063139e+01 1.01635838e+01 1.01560383e+01 1.11933575e+01
    1.06127691e+01 1.10478201e+01 1.16223812e+01 1.21292858e+01
    1.20428782e+01 1.09023657e+01 1.36148844e+01 1.32436466e+01
    1.23789997e+01 1.28222666e+01 1.24199276e+01 1.30246115e+01
    1.32982635e+01 1.18379164e+01 1.01372995e+01 1.11424789e+01
    1.23383341e+01 1.07625952e+01 1.00763168e+01 9.86765385e+00
    1.07032318e+01 1.13676367e+01 1.12412462e+01 1.08129501e+01
    1.25124817e+01 1.22512674e+01 1.30492373e+01 1.40539856e+01
    1.32697830e+01 1.33796654e+01 1.37673140e+01 1.32330370e+01
    1.16191978e+01 1.12427111e+01 1.12802896e+01 1.09448757e+01
    1.10169992e+01 1.08892546e+01 1.06894150e+01 1.08402920e+01
    1.12957897e+01 1.13711309e+01 1.16997147e+01 1.12273273e+01
    1.02739773e+01 1.09054575e+01 1.12942705e+01 1.37566290e+01
    1.24415264e+01 1.02741470e+01 1.26586294e+01 1.43542824e+01
    1.35862923e+01 1.32796640e+01 1.18197622e+01 1.34506092e+01
    1.37375164e+01 1.16180897e+01 1.11424198e+01 1.14755850e+01
    1.12451372e+01 1.04162779e+01 1.25683613e+01 1.20557146e+01
    1.23628569e+01 1.33966589e+01 1.34483185e+01 1.23449755e+01
    1.34949408e+01 1.28056946e+01 1.23059187e+01 1.13138590e+01
    1.10475798e+01 1.27360363e+01 1.19960289e+01 1.17190819e+01
    1.27850609e+01 1.20960016e+01 1.28026409e+01 1.25534039e+01
    1.26017323e+01 1.13073311e+01 1.20351238e+01 1.23989334e+01
    1.06254749e+01 1.18699017e+01 1.11713152e+01 1.02685642e+01
    1.02202311e+01 1.09455738e+01 1.13369093e+01 9.57487679e+00
    1.09278183e+01 1.18921299e+01 1.05013962e+01 1.19551821e+01
    1.21191359e+01 1.31631184e+01 1.28350563e+01 1.33711014e+01
    1.25637445e+01 1.23010092e+01 1.41127825e+01 1.20357704e+01
    1.17467690e+01 1.17523069e+01 1.16728106e+01 1.34672327e+01
    1.25026007e+01 1.36173048e+01 1.29763927e+01 1.23689899e+01
    1.17781181e+01 1.04848585e+01 1.00252085e+01 1.03038082e+01
    1.04276323e+01 1.05087938e+01 1.10487928e+01 1.11088228e+01
    1.03855162e+01 1.07902899e+01 1.10606956e+01 1.06818943e+01
    1.19112520e+01 1.09643869e+01 1.20042238e+01 1.19981947e+01
    1.26354141e+01 1.41282597e+01 1.13796549e+01 1.10406351e+01
    1.21831036e+01 9.32872677e+00 1.12030678e+01 1.03444872e+01
    1.05192499e+01 1.17323647e+01 1.25759916e+01 1.24066505e+01
    1.29811029e+01 1.29722290e+01 1.33894310e+01 1.28701859e+01
    1.29094410e+01 1.23251009e+01 1.14522839e+01 1.32037163e+01
    1.11747398e+01 9.65777874e+00 1.21288948e+01 1.11776419e+01
    1.10031233e+01 1.07773285e+01 1.08567667e+01 1.13277760e+01
    1.08425980e+01 1.05085211e+01 1.09453497e+01 9.36099720e+00
    9.64029026e+00 1.02847328e+01 1.02069063e+01 8.57586765e+00
    1.03415956e+01 1.06634865e+01 9.26135159e+00 1.10243378e+01
    1.13310881e+01 9.83774376e+00 1.14249725e+01 1.18019419e+01
    1.08955612e+01 1.28410168e+01 1.19869013e+01 1.28336830e+01
    1.25601568e+01 1.50617809e+01 1.35972719e+01 1.40176449e+01
    1.41502581e+01 1.34078026e+01 1.25547647e+01 1.19146729e+01
    1.11463652e+01 1.12741623e+01 1.05623474e+01 1.05030603e+01
    1.05707560e+01 1.12031069e+01 1.09275723e+01 1.15633078e+01
    1.11855726e+01 1.15693216e+01 1.23560925e+01 1.19852419e+01
    1.26411285e+01 1.35009413e+01 1.18855038e+01 1.23512974e+01
    1.48867931e+01 1.41627550e+01 1.21136732e+01 1.31793118e+01
    1.17866058e+01 1.22029934e+01 1.22217321e+01 1.16335268e+01
    1.03505821e+01 1.11697445e+01 1.29155245e+01 1.24149027e+01
    1.20368366e+01 1.25896120e+01 1.40143270e+01 1.22164783e+01
    1.33155785e+01 1.22957153e+01 1.16227503e+01 1.16108732e+01
    1.11390200e+01 1.15421371e+01 1.15842905e+01 1.27796812e+01
    1.24513531e+01 1.27428493e+01 1.36586876e+01 1.25930414e+01
    1.26699572e+01 1.26806583e+01 1.40031385e+01 1.29874945e+01
    1.13750830e+01 1.15218439e+01 1.25677395e+01 1.35568686e+01
    1.20027313e+01 1.18255644e+01 1.21602373e+01 1.16567087e+01
    1.19276266e+01 1.26246319e+01 1.26105795e+01 1.21318350e+01
    1.09118986e+01 1.19294920e+01 1.23239269e+01 1.14467907e+01
    1.08109503e+01 1.19259014e+01 1.13757353e+01 1.13849268e+01
    1.14101057e+01 1.24346695e+01 1.11496124e+01 1.09764280e+01
    1.23090925e+01 1.32990189e+01 1.21243353e+01 1.17549562e+01
    1.25829439e+01 1.21028957e+01 1.13385315e+01 1.03233652e+01
    1.09798088e+01 1.09907742e+01 1.19668980e+01 1.10364876e+01
    1.13137131e+01 1.03304653e+01 1.11463938e+01 1.26591072e+01
    1.11766205e+01 1.14454708e+01 1.11387968e+01 1.18791008e+01
    1.30216446e+01 1.48803568e+01 1.35151949e+01 1.46950788e+01
    1.39501810e+01 1.45373669e+01 1.28532982e+01 1.17458048e+01
    1.19185925e+01 1.16789236e+01 1.12623692e+01 1.32508669e+01
    1.11887007e+01 1.13987694e+01 1.15190201e+01 1.16514044e+01
    1.29009657e+01 1.06183310e+01 9.80190849e+00 1.21800890e+01
    1.20888376e+01 1.24743805e+01 1.25946207e+01 1.15781097e+01
    1.13238401e+01 1.25270166e+01 1.29145994e+01 1.30284443e+01
    1.24196539e+01 1.31013279e+01 1.43976564e+01 1.18214464e+01
    1.23345633e+01 1.25313807e+01 1.15913801e+01 1.10947151e+01
    1.12542305e+01 1.14284506e+01 1.11958599e+01 1.20398455e+01
    1.32556696e+01 1.14207067e+01 1.04787693e+01 1.21848850e+01
    1.29271374e+01 1.20684223e+01 1.12205601e+01 1.14166098e+01
    1.30794315e+01 1.13017540e+01 1.23069439e+01 1.15779839e+01
    1.03062620e+01 1.17003021e+01 1.19447603e+01 1.06313314e+01
    1.10481071e+01 1.00173445e+01 1.07039385e+01 1.00630999e+01
    9.97545433e+00 1.10201321e+01 1.14003162e+01 1.00307522e+01
    1.08135462e+01 1.04123583e+01 1.02799482e+01 1.25266294e+01
    1.23493519e+01 1.25377522e+01 1.21768646e+01 1.32413073e+01
    1.44192896e+01 1.17855797e+01 1.18090076e+01 1.25299835e+01
    1.21091146e+01 1.16541672e+01 1.21857653e+01 1.20970354e+01
    1.12684736e+01 1.32062788e+01 1.20724106e+01 1.09941072e+01
    1.19142504e+01 1.20203209e+01 1.13242273e+01 1.05150604e+01
    1.09375114e+01 1.21145649e+01 1.11739502e+01 1.02894135e+01
    1.14598389e+01 1.14887133e+01 1.01306982e+01 8.95368576e+00
    9.51026630e+00 1.09387360e+01 1.03804226e+01 9.67776012e+00
    1.06498451e+01 1.19502583e+01 1.28939581e+01 1.25006409e+01
    1.16291876e+01 1.08491068e+01 1.18122168e+01 1.16417780e+01
    1.16221962e+01 1.11190958e+01 1.14923029e+01 1.35054722e+01
    1.17489853e+01 1.24976149e+01 1.33539438e+01 1.30931425e+01
    1.35414610e+01 1.30002127e+01 1.20327120e+01 1.23026686e+01
    1.15608168e+01 1.23722277e+01 1.11411610e+01 1.00178881e+01
    1.01485996e+01 1.03966227e+01 9.09555626e+00 1.02674999e+01
    1.13838406e+01 1.12842264e+01 1.01738043e+01 1.23869286e+01
    1.27402906e+01 1.05437059e+01 1.10921707e+01 1.10032291e+01
    9.38669109e+00 1.04325781e+01 9.34413815e+00 9.07992077e+00
    1.07131472e+01 1.15587177e+01 9.43348789e+00 1.06479940e+01
    1.02232761e+01 1.15588903e+01 1.16417732e+01 1.03971272e+01
    1.19061317e+01 1.34126177e+01 1.23995543e+01 1.25511141e+01
    1.43336563e+01 1.29871168e+01 1.33029194e+01 1.16450472e+01
    1.11774254e+01 1.21621304e+01 1.17106943e+01 1.04068298e+01
    1.07533722e+01 1.08545322e+01 1.15917244e+01 1.12327700e+01
    1.27262774e+01 1.10689993e+01 1.05383768e+01 1.07449732e+01
    1.08751974e+01 1.11787529e+01 1.05544500e+01 1.08665113e+01
    1.20613804e+01 1.14853601e+01 1.40550270e+01 1.30784645e+01
    1.17542334e+01 1.16259556e+01 1.21022129e+01 1.21084576e+01
    1.20727167e+01 1.01187220e+01 1.06436081e+01 1.10265141e+01
    1.18737583e+01 1.32292204e+01 1.20093355e+01 1.26744328e+01
    1.42741489e+01 1.29054279e+01 1.37548227e+01 1.35564785e+01
    1.32016869e+01 1.37441473e+01 1.28726883e+01 1.23559065e+01
    1.39424896e+01 1.32459745e+01 1.27651701e+01 1.33337307e+01
    1.43684320e+01 1.31169558e+01 1.12957335e+01 1.30371714e+01
    1.42882900e+01 1.29559126e+01 1.22715540e+01 1.24891672e+01
    1.25427322e+01 1.29853630e+01 1.30071077e+01 1.13873692e+01
    1.10361948e+01 1.17479849e+01 1.23427200e+01 1.20239677e+01
    1.18318443e+01 1.19040995e+01 1.25060425e+01 1.12753658e+01
    1.16351337e+01 1.18758516e+01 1.14141169e+01 1.02711935e+01
    1.07616758e+01 1.09469051e+01 1.07651367e+01 1.15874805e+01
    1.08808670e+01 1.15160818e+01 1.14252586e+01 1.28644066e+01
    1.12755175e+01 1.19107380e+01 1.21677952e+01 1.30677509e+01
    1.28425636e+01 1.20188904e+01 1.09051323e+01 1.20433903e+01
    1.15846367e+01 1.00160198e+01 1.11850767e+01 1.14846811e+01
    1.12838020e+01 1.23697138e+01 1.16639824e+01 1.03975554e+01
    1.12388124e+01 1.32804718e+01 1.18967791e+01 1.27112703e+01
    1.34065847e+01 1.25238857e+01 1.27405853e+01 1.46201048e+01
    1.24621191e+01 1.16800356e+01 1.18891468e+01 1.11217928e+01
    1.15611668e+01 1.27285967e+01 1.08491383e+01 1.16844835e+01
    1.17182474e+01 1.24982109e+01 1.21502476e+01 1.11748266e+01
    9.36659813e+00 1.25516119e+01 1.19656677e+01 1.11551228e+01
    1.25887318e+01 1.10670490e+01 1.19081841e+01 1.28424673e+01
    1.30744886e+01 1.23913355e+01 1.29652538e+01 1.26481953e+01
    1.43547258e+01 1.17003841e+01 1.15946398e+01 1.16151314e+01
    1.13911505e+01 1.06912489e+01 1.22805300e+01 1.12306061e+01
    1.03871737e+01 1.15651932e+01 1.27044153e+01 1.24013491e+01
    1.15129814e+01 1.14940796e+01 1.29811087e+01 1.24464455e+01
    1.25548592e+01 1.11402750e+01 1.18742275e+01 1.30063858e+01
    1.11643229e+01 1.21554527e+01 1.26883192e+01 1.18114195e+01
    1.20910139e+01 1.14404526e+01 1.17779436e+01 1.10364847e+01
    1.02686977e+01 1.05459909e+01 1.16913185e+01 1.05268936e+01
    1.02002220e+01 9.68424129e+00 1.04238787e+01 1.09525356e+01
    1.06710806e+01 1.12408514e+01 1.20990362e+01 1.20543547e+01
    1.29638405e+01 1.25188017e+01 1.33794537e+01 1.19171362e+01
    1.23795252e+01 1.18959389e+01 1.04720907e+01 1.22119570e+01
    1.08824654e+01 1.15446243e+01 1.20535965e+01 1.15484476e+01
    1.22787352e+01 1.10982857e+01 1.34301624e+01 1.18439255e+01
    1.08252125e+01 1.00680532e+01 9.50776196e+00 1.06595926e+01
    1.15709190e+01 1.16739063e+01 1.08752728e+01 1.17346525e+01
    1.01136637e+01 1.02665834e+01 1.06857309e+01 1.03296976e+01
    1.13265829e+01 1.04120274e+01 1.09467964e+01 1.13673038e+01
    1.20282011e+01 1.25744162e+01 1.13231764e+01 1.07820807e+01
    1.26683254e+01 1.15048418e+01 1.15012064e+01 1.17385931e+01
    1.17380381e+01 1.29166050e+01 1.34615860e+01 1.33516493e+01
    1.24266529e+01 1.20235662e+01 1.20637903e+01 1.27134590e+01
    1.22966871e+01 1.26663599e+01 1.19108181e+01 1.20259962e+01
    1.16629086e+01 1.05805035e+01 1.23990021e+01 8.95444107e+00
    9.52319431e+00 1.11053791e+01 1.09808187e+01 1.10939426e+01
    1.15396185e+01 1.21421156e+01 1.14509230e+01 1.03083515e+01
    1.15332842e+01 1.11698008e+01 9.16073513e+00 1.06294880e+01
    9.83735085e+00 1.07335234e+01 1.16830139e+01 1.06180487e+01
    1.13360586e+01 1.11012850e+01 1.18271332e+01 1.21475172e+01
    1.16015663e+01 1.07396326e+01 1.21083975e+01 1.28072605e+01
    1.22818775e+01 1.23722658e+01 1.33755159e+01 1.25779543e+01
    1.34895983e+01 1.26946363e+01 1.20545053e+01 1.19606285e+01
    1.22248316e+01 1.26043148e+01 1.22263765e+01 1.14341497e+01
    1.23834019e+01 1.19964828e+01 1.39524984e+01 1.15672331e+01
    1.17608290e+01 1.09682236e+01 1.19706421e+01 1.10574341e+01
    1.20423908e+01 1.11817026e+01 1.20787735e+01 1.22001762e+01
    1.42126675e+01 1.32789736e+01 1.29584885e+01 1.26406193e+01
    1.25510998e+01 1.12964382e+01 1.22385883e+01 1.03305674e+01
    1.00898876e+01 1.18762999e+01 1.16359243e+01 1.24368086e+01
    1.27000904e+01 1.18032513e+01 1.32009182e+01 1.31636028e+01
    1.29980402e+01 1.30921707e+01 1.31256752e+01 1.22731256e+01
    1.19398851e+01 1.23680258e+01 1.29528637e+01 1.21877489e+01
    1.35759020e+01 1.34245777e+01 1.37988501e+01 1.32753830e+01
    1.28909922e+01 1.29901285e+01 1.39559660e+01 1.25527954e+01
    1.25677099e+01 1.19743948e+01 1.19014616e+01 1.26149359e+01
    1.18759127e+01 1.23367519e+01 1.16842546e+01 1.13595734e+01
    1.25173054e+01 1.30219030e+01 1.23187962e+01 1.22270250e+01
    1.40960302e+01 1.22533731e+01 1.07220240e+01 1.19974508e+01
    1.23059034e+01 1.07889624e+01 9.56130409e+00 1.11150799e+01
    9.94685364e+00 1.06145229e+01 1.06717577e+01 9.70952511e+00
    1.08996105e+01 1.18725758e+01 1.21584091e+01 1.27795591e+01
    1.31529045e+01 1.24354563e+01 1.43946581e+01 1.21034613e+01
    1.09430971e+01 1.14508505e+01 1.22650824e+01 1.06632805e+01
    1.03864603e+01 1.14593725e+01 1.12435455e+01 1.27461872e+01
    1.16320095e+01 1.07892160e+01 1.26604404e+01 1.19239082e+01
    1.15003967e+01 1.23681269e+01 1.17818518e+01 1.06383171e+01
    1.18470964e+01 1.27671652e+01 1.18233252e+01 9.66654491e+00
    9.97661877e+00 1.17315903e+01 1.13925514e+01 1.09232845e+01
    1.15324631e+01 1.16354914e+01 1.18098812e+01 1.09309359e+01
    1.21838017e+01 1.19874077e+01 1.15264254e+01 1.08543272e+01
    1.23722515e+01 1.26956892e+01 1.33287706e+01 1.10174618e+01
    1.35484667e+01 1.31607943e+01 1.35663824e+01 1.20337191e+01
    1.31474171e+01 1.34657450e+01 1.36152716e+01 1.18242903e+01
    1.03401861e+01 1.14811583e+01 1.00592680e+01 1.06449614e+01
    1.04919147e+01 1.00512648e+01 1.09758015e+01 1.11491289e+01
    1.27885466e+01 1.30797834e+01 1.11965647e+01 1.25297632e+01
    1.21745682e+01 1.19960337e+01 1.20024452e+01 1.13727179e+01
    1.17399569e+01 1.17899590e+01 1.03062391e+01 1.19964666e+01
    1.27385426e+01 1.11236591e+01 1.29577417e+01 1.10408716e+01
    1.06049118e+01 1.11753864e+01 9.62921810e+00 1.00656433e+01
    9.29371452e+00 9.19338799e+00 1.14739094e+01 1.01567011e+01
    1.01121311e+01 1.02674303e+01 1.12051945e+01 1.19606161e+01
    1.13931046e+01 1.18831081e+01 1.31185865e+01 1.17276678e+01
    1.15696516e+01 1.30723200e+01 1.29105492e+01 1.29791088e+01
    1.14572420e+01 1.26381865e+01 1.28715754e+01 1.17681150e+01
    1.32799215e+01 1.25892839e+01 1.26512127e+01 1.24100180e+01
    1.24027023e+01 1.30668383e+01 1.17817898e+01 1.17829399e+01
    9.94787216e+00 1.01626778e+01 1.07339659e+01 1.05917435e+01
    9.86745548e+00 1.07405424e+01 1.13710508e+01 1.04031410e+01
    1.04845762e+01 1.06581659e+01 1.09022703e+01 1.08641090e+01
    1.17152443e+01 1.09441071e+01 1.22868290e+01 1.23181877e+01
    1.24918852e+01 1.19279995e+01 1.08016405e+01 1.15055141e+01
    1.27260790e+01 1.21419382e+01 1.16465683e+01 1.16437254e+01
    1.28671074e+01 1.24948473e+01 1.22902794e+01 1.13812218e+01
    1.23176622e+01 1.15742674e+01 1.19164944e+01 1.11432123e+01
    1.06182318e+01 1.21953526e+01 1.10067005e+01 1.21274347e+01
    1.10811548e+01 1.03166990e+01 1.11644583e+01 9.68192768e+00
    1.07753963e+01 1.36284409e+01 1.15722857e+01 1.28249550e+01
    1.37781210e+01 1.23045197e+01 1.17296143e+01 1.25960226e+01
    1.10349340e+01 1.09007158e+01 1.09189997e+01 1.16143627e+01
    1.08474445e+01 1.10005169e+01 1.10781355e+01 1.11708384e+01
    1.13991089e+01 9.75678062e+00 1.12303267e+01 1.14372034e+01
    1.16106548e+01 1.16898088e+01 1.27109079e+01 1.29430161e+01
    1.22892284e+01 1.20613327e+01 1.30779324e+01 1.19848623e+01
    1.11276970e+01 1.11682472e+01 1.11221085e+01 1.13719816e+01
    1.27616301e+01 1.15398407e+01 1.14946928e+01 1.23821459e+01
    1.20224791e+01 1.09365482e+01 1.16327934e+01 1.17107086e+01
    9.27026272e+00 1.13399858e+01 1.22497768e+01 1.08772974e+01
    1.13383675e+01 1.32736759e+01 1.34135046e+01 1.24319391e+01
    1.24351072e+01 1.26150618e+01 1.20414066e+01 1.09079161e+01
    1.12189932e+01 1.05003815e+01 1.01047277e+01 1.11073875e+01
    1.17798986e+01 1.04192696e+01 1.26070757e+01 1.23352251e+01
    1.11155224e+01 1.25376635e+01 1.21936312e+01 1.27820921e+01
    1.30739670e+01 1.21785326e+01 1.21631413e+01 1.28257389e+01
    1.33610163e+01 1.27710590e+01 1.34540510e+01 1.24341917e+01
    1.14117107e+01 1.25728312e+01 1.19039316e+01 1.22187376e+01
    1.32797298e+01 1.21821384e+01 1.20847654e+01 1.25722036e+01
    1.31783924e+01 1.26104517e+01 1.35561743e+01 1.15564547e+01
    1.16720476e+01 1.17508154e+01 1.21408167e+01 1.29007940e+01
    1.27321243e+01 1.23310184e+01 1.34163647e+01 1.23917475e+01
    1.27319479e+01 1.25367088e+01 1.34201717e+01 1.24017143e+01
    1.19417038e+01 1.18450565e+01 1.16377363e+01 1.17369022e+01
    1.26870975e+01 1.00436201e+01 1.21007833e+01 1.27816267e+01
    1.15011063e+01 1.24302177e+01 1.34016685e+01 1.26808367e+01
    1.31489735e+01 1.30939379e+01 1.16508942e+01 1.31013279e+01
    1.15423412e+01 1.08533697e+01 1.10884485e+01 1.23228941e+01
    1.31216202e+01 1.22445946e+01 1.29112635e+01 1.15008965e+01
    1.12052231e+01 1.25178814e+01 1.27750893e+01 1.13273268e+01
    1.16617298e+01 1.26297693e+01 1.18778877e+01 1.25862293e+01
    1.25249968e+01 1.14104691e+01 1.12233524e+01 1.26095638e+01
    1.24231215e+01 1.19900732e+01 1.04723959e+01 1.15130301e+01
    1.31826792e+01 1.20761414e+01 1.18339100e+01 1.21304913e+01
    1.21877670e+01 1.22068825e+01 1.34171133e+01 1.41189480e+01
    1.33927288e+01 1.16377144e+01 1.25442801e+01 1.45703554e+01
    1.30045729e+01 1.18853855e+01 1.29902077e+01 1.38887901e+01
    1.23457050e+01 1.23532543e+01 1.21005173e+01 1.19055195e+01
    1.07823925e+01 1.08507528e+01 1.06262379e+01 1.04341183e+01
    1.03158360e+01 1.10697346e+01 1.20691595e+01 1.20431595e+01
    1.27395363e+01 1.24097376e+01 1.30054474e+01 1.37343807e+01
    1.13943186e+01 1.06611290e+01 1.20645132e+01 1.12246332e+01
    1.06561813e+01 1.05050659e+01 1.13843307e+01 1.10334320e+01
    1.19038019e+01 1.10042706e+01 1.05712309e+01 1.08780298e+01
    9.90406227e+00 9.26479626e+00 9.38939667e+00 8.51268291e+00
    1.01372652e+01 9.98232555e+00 9.73079491e+00 9.81784821e+00
    1.03024349e+01 1.41876745e+01 1.22143803e+01 1.24981766e+01
    1.25885229e+01 1.33666773e+01 1.32882881e+01 1.23711329e+01
    1.22966413e+01 1.14976301e+01 1.13779020e+01 1.17912588e+01
    1.17130070e+01 1.29131346e+01 1.21592808e+01 1.25564289e+01
    1.15875349e+01 1.16962223e+01 1.21899796e+01 1.27083731e+01
    1.19853020e+01 1.16438866e+01 1.00385036e+01 1.09276867e+01
    1.17856627e+01 9.58374310e+00 1.12754736e+01 1.20049801e+01
    1.09189901e+01 9.24440861e+00 1.02146406e+01 9.90225887e+00
    1.07676191e+01 1.08764143e+01 1.10350094e+01 1.13013144e+01
    1.24080935e+01 1.26611309e+01 1.35077591e+01 1.14792585e+01
    1.09064503e+01 1.17340851e+01 1.14413691e+01 1.20509224e+01
    1.24525480e+01 1.11551666e+01 1.24483223e+01 1.26749887e+01
    1.24766331e+01 1.18558588e+01 1.13195066e+01 1.04760141e+01
    1.08861809e+01 1.32203388e+01 1.11496859e+01 1.28890133e+01
    1.25658245e+01 1.20946560e+01 1.28115425e+01 1.10787477e+01
    1.13980846e+01 1.11882515e+01 1.17201529e+01 1.30361719e+01
    1.20132513e+01 1.26812143e+01 1.34606619e+01 1.32371960e+01
    1.19372768e+01 1.10629568e+01 1.19711533e+01 1.12063141e+01
    1.14084511e+01 1.19533863e+01 1.17376213e+01 1.13491287e+01
    1.29554443e+01 1.10992813e+01 1.11414623e+01 1.15320854e+01
    1.06732283e+01 1.04069958e+01 1.07181950e+01 1.09631701e+01
    1.20988340e+01 1.31635237e+01 1.19274788e+01 1.13806057e+01
    1.37180071e+01 1.23991261e+01 1.10770493e+01 1.19401932e+01
    1.14390984e+01 1.15186987e+01 1.32698050e+01 1.19960661e+01
    1.25780201e+01 1.36021080e+01 1.31589804e+01 1.38292427e+01
    1.23177299e+01 1.09414396e+01 1.25632143e+01 1.09601603e+01
    1.00046816e+01 1.06413641e+01 1.05250072e+01 1.02338486e+01
    1.23075962e+01 1.13470831e+01 1.07284155e+01 1.21855907e+01
    1.18868408e+01 1.12301188e+01 1.17437325e+01 1.10282211e+01
    1.11834497e+01 1.15325975e+01 1.08648481e+01 1.17588139e+01
    1.18372202e+01 1.20835457e+01 1.18165531e+01 1.21460276e+01
    1.26814070e+01 1.37099581e+01 1.21160851e+01 1.24281311e+01
    1.31271420e+01 1.24692335e+01 1.33589439e+01 1.30122471e+01
    1.28434420e+01 1.28869343e+01 1.35423326e+01 1.32764654e+01
    1.24312496e+01 1.16705790e+01 1.24170237e+01 1.19450445e+01
    1.13219662e+01 1.06605549e+01 1.20852432e+01 1.25077066e+01
    1.25164156e+01 1.16591387e+01 1.20836229e+01 1.26382341e+01
    1.09300785e+01 1.32884321e+01 1.25526514e+01 1.19148378e+01
    1.27405624e+01 1.18392124e+01 1.23276720e+01 1.34610577e+01
    1.22580843e+01 1.23351994e+01 1.08522978e+01 1.03054886e+01
    1.08714390e+01 1.13653564e+01 1.09185505e+01 1.04127636e+01
    1.11890392e+01 1.18989725e+01 1.17483339e+01 1.29070654e+01
    1.23878422e+01 1.32317924e+01 1.33285141e+01 1.20525780e+01
    1.15239763e+01 1.17863445e+01 1.17231379e+01 1.08040342e+01
    1.09043961e+01 1.10409107e+01 1.17005510e+01 1.11636992e+01
    1.24240379e+01 1.12356310e+01 1.30973120e+01 1.35570116e+01
    1.21011410e+01 1.36267023e+01 1.14422369e+01 1.16340256e+01
    1.17669344e+01 1.28282738e+01 1.08280134e+01 1.14986782e+01
    1.05141516e+01 1.01232052e+01 1.16289368e+01 1.22178822e+01
    1.09187994e+01 1.09888144e+01 1.23848810e+01 1.19133062e+01
    1.23502216e+01 1.20841398e+01 1.16409302e+01 1.24481678e+01
    1.24177971e+01 1.29605265e+01 1.24449196e+01 1.08656273e+01
    1.11286097e+01 1.27013798e+01 1.13226748e+01 1.20615063e+01
    1.15965004e+01 1.17514191e+01 1.25338907e+01 1.17549362e+01
    1.12098093e+01 1.23311043e+01 1.13174620e+01 8.80600071e+00
    1.15559931e+01 1.04892645e+01 1.10435362e+01 1.19433641e+01
    1.28215084e+01 1.29472523e+01 1.35346556e+01 1.35094738e+01
    1.28056545e+01 1.22982254e+01 1.37071714e+01 1.10756874e+01
    1.17429838e+01 1.18207607e+01 1.05203848e+01 1.14323978e+01
    1.22040501e+01 1.23464098e+01 1.17669230e+01 1.08474627e+01
    1.02843752e+01 1.04718742e+01 8.67513561e+00 8.46438789e+00
    8.81719685e+00 9.02512836e+00 9.76870060e+00 1.01179419e+01
    1.06513948e+01 1.05772495e+01 1.06123295e+01 1.28722782e+01
    1.24041262e+01 1.19520826e+01 1.29092245e+01 1.31379118e+01
    1.28289061e+01 1.32860727e+01 1.11675558e+01 1.13387394e+01
    1.25275002e+01 1.10958605e+01 1.21078186e+01 1.35484505e+01
    1.06633902e+01 1.22732372e+01 1.25084743e+01 1.25596399e+01
    1.33018284e+01 1.15373249e+01 1.14819098e+01 1.26406221e+01
    1.10927658e+01 1.03904524e+01 1.17124462e+01 1.04385338e+01
    1.12513695e+01 1.13804674e+01 1.15733128e+01 1.04505367e+01
    1.11473703e+01 1.00400152e+01 1.14098549e+01 1.08148956e+01
    1.03742056e+01 1.26311302e+01 1.17765884e+01 1.23586111e+01
    1.30121908e+01 1.18255835e+01 1.08655624e+01 1.01688299e+01
    1.08381529e+01 1.12751760e+01 1.20771990e+01 1.05011549e+01
    1.16469660e+01 1.20621519e+01 1.11206970e+01 1.16910429e+01
    1.14043779e+01 1.03074598e+01 1.10852842e+01 1.16536112e+01
    1.02935057e+01 1.12387762e+01 1.20307169e+01 1.19805603e+01
    1.29172058e+01 1.10989037e+01 1.10962086e+01 1.17284355e+01
    1.18846941e+01 1.21141596e+01 1.19307566e+01 1.15453444e+01
    1.24079475e+01 1.23358746e+01 1.17331667e+01 1.15886793e+01
    1.14023895e+01 1.18494587e+01 1.01976128e+01 1.12951136e+01
    1.07659464e+01 1.13530407e+01 1.11625071e+01 1.10969048e+01
    1.07399492e+01 1.02728968e+01 9.80163288e+00 9.58435249e+00
    1.05222454e+01 1.03966417e+01 1.13900270e+01 1.18939323e+01
    1.24294376e+01 1.10330448e+01 1.28820543e+01 1.30148659e+01
    1.29086752e+01 1.27700701e+01 1.15136414e+01 1.19977217e+01
    1.26734123e+01 1.29036150e+01 1.29430857e+01 1.26945934e+01
    1.21613836e+01 1.25671101e+01 1.12349854e+01 1.11471205e+01
    1.31537085e+01 1.17350664e+01 1.22871323e+01 1.17258911e+01
    1.16251278e+01 1.26004066e+01 1.29636536e+01 1.09646902e+01
    1.11273289e+01 1.24950933e+01 1.04611177e+01 1.03201160e+01
    1.17321901e+01 1.16976433e+01 1.11372471e+01 1.16509352e+01
    1.17832680e+01 1.29309769e+01 1.27898998e+01 1.25594139e+01
    1.22210226e+01 1.13556261e+01 1.17896910e+01 1.24934692e+01
    1.10659122e+01 1.12956324e+01 1.19699469e+01 1.07428026e+01
    1.16261921e+01 1.31098623e+01 1.05158815e+01 1.21113348e+01
    1.18075790e+01 1.09848843e+01 1.18272991e+01 1.09248581e+01
    1.14777851e+01 1.19201536e+01 1.15181274e+01 1.19561176e+01
    1.18435965e+01 1.18563223e+01 1.22119102e+01 1.26858177e+01
    1.27206755e+01 1.17789326e+01 1.29889374e+01 1.26987209e+01
    1.19584122e+01 1.33623285e+01 1.25491619e+01 1.11108809e+01
    1.36710072e+01 1.17944899e+01 1.15951757e+01 1.09788628e+01
    1.03691711e+01 9.42753220e+00 1.05860815e+01 9.45453930e+00
    1.04839516e+01 1.04650974e+01 1.12404480e+01 1.16947050e+01
    1.21475620e+01 1.35409727e+01 1.30529423e+01 1.34966259e+01
    1.30349150e+01 1.35747261e+01 1.23895426e+01 1.27139263e+01
    1.28763294e+01 1.28189964e+01 1.21792488e+01 1.14960117e+01
    1.21078835e+01 1.41891823e+01 1.14494381e+01 1.24432592e+01
    1.25672560e+01 1.12120066e+01 1.12294016e+01 1.26615829e+01
    1.04876938e+01 1.07076988e+01 1.08155003e+01 1.23102694e+01
    1.08776321e+01 9.33628464e+00 1.04054546e+01 1.17833090e+01
    1.06616573e+01 1.25826941e+01 1.13270254e+01 1.08873806e+01
    1.27851572e+01 1.20708561e+01 1.26507578e+01 1.30941925e+01
    1.30299797e+01 1.23403902e+01 1.11600275e+01 1.41694021e+01
    1.34929352e+01 1.16529131e+01 1.08867760e+01 1.12451935e+01
    1.15094519e+01 1.09761887e+01 1.16124249e+01 1.09976044e+01
    1.24043074e+01 1.11839018e+01 1.20566826e+01 1.19941111e+01
    1.01648645e+01 1.05799265e+01 1.00721798e+01 9.95258522e+00
    1.00625010e+01 1.08373919e+01 1.16039190e+01 1.13975000e+01
    1.28309078e+01 1.35898838e+01 1.27888403e+01 1.29118185e+01
    1.42370577e+01 1.18352242e+01 1.03135223e+01 1.10301056e+01
    1.01384411e+01 1.07607508e+01 1.15406809e+01 1.20711632e+01
    1.26858501e+01 1.11003799e+01 1.09067383e+01 1.22131166e+01
    1.01863594e+01 8.05708790e+00 8.39629745e+00 9.42295551e+00
    9.77445889e+00 8.53328037e+00 9.45672798e+00 1.16522827e+01
    1.06445961e+01 1.21924953e+01 1.39741058e+01 1.21371212e+01
    1.32886496e+01 1.34802647e+01 1.31611176e+01 1.23461323e+01
    1.17887630e+01 1.15549803e+01 1.06964502e+01 1.17469950e+01
    1.35393467e+01 1.27543840e+01 1.12988739e+01 1.15352736e+01
    1.15285225e+01 1.18472309e+01 1.32964344e+01 1.04908152e+01
    9.97633553e+00 1.26647701e+01 1.23673792e+01 1.07646475e+01
    1.17053375e+01 9.88805294e+00 1.03563948e+01 1.23451653e+01
    1.18064585e+01 1.11809196e+01 1.13539352e+01 1.03801184e+01
    1.06693068e+01 1.05725651e+01 1.11176357e+01 1.23045540e+01
    1.27897434e+01 1.21959705e+01 1.33598480e+01 1.17595177e+01
    1.19946508e+01 1.30892220e+01 1.13914156e+01 1.11257410e+01
    1.30996475e+01 1.24414978e+01 1.09087868e+01 1.22567587e+01
    1.20218315e+01 1.24214468e+01 1.06708517e+01 1.08818035e+01
    1.06857853e+01 9.72593307e+00 9.97788525e+00 1.00623827e+01
    1.16942816e+01 1.10853891e+01 1.09581432e+01 1.28742914e+01
    1.05305672e+01 1.09870396e+01 1.31745758e+01 1.15618935e+01
    1.15614557e+01 1.21543474e+01 1.19183264e+01 1.25022430e+01
    1.20409698e+01 1.13313837e+01 1.20311089e+01 1.24834642e+01
    1.12912674e+01 1.14869280e+01 1.19222965e+01 1.20299044e+01
    1.17396441e+01 1.09411554e+01 1.01499329e+01 9.72515297e+00
    1.05977459e+01 9.45884228e+00 1.02638788e+01 1.06047630e+01
    1.14083366e+01 1.15501547e+01 1.18262033e+01 1.09350615e+01
    1.25963659e+01 1.19861431e+01 1.28821096e+01 1.03413343e+01
    1.02621555e+01 1.28606415e+01 1.31070175e+01 1.17251616e+01
    1.30135860e+01 1.22178402e+01 1.24041901e+01 1.28077106e+01
    1.16347857e+01 1.12179146e+01 1.22143793e+01 1.08087521e+01
    1.04542732e+01 9.68447590e+00 1.11151056e+01 1.20271444e+01
    1.25223913e+01 1.15758801e+01 1.07346544e+01 1.24192753e+01
    1.14358139e+01 1.05643044e+01 1.06619186e+01 1.03177948e+01
    1.13492508e+01 1.15929022e+01 1.11379223e+01 1.17014055e+01
    1.18015242e+01 1.07039633e+01 1.25655441e+01 1.04810781e+01
    1.15424004e+01 1.23656635e+01 1.12804451e+01 1.24201813e+01
    1.09422550e+01 1.03705225e+01 1.19900742e+01 1.21845636e+01
    1.10540133e+01 1.16478662e+01 1.15319757e+01 1.18105946e+01
    1.26587667e+01 1.27277832e+01 1.16318626e+01 1.08953285e+01
    1.12286291e+01 1.15365696e+01 1.11960659e+01 1.15149918e+01
    1.18820944e+01 1.26354475e+01 1.19332781e+01 1.26487427e+01
    1.32828951e+01 1.32659035e+01 1.39792433e+01 1.40376120e+01
    1.29230528e+01 1.26710920e+01 1.28067322e+01 1.19174309e+01
    1.22998524e+01 1.21487494e+01 1.13053341e+01 1.02858839e+01
    1.09886532e+01 1.08495188e+01 1.01056051e+01 1.13374462e+01
    1.09545498e+01 1.00519581e+01 1.11460505e+01 1.32909718e+01
    1.29073515e+01 1.41243639e+01 1.29019451e+01 1.28714542e+01
    1.29865885e+01 1.15743361e+01 1.18295383e+01 1.23252821e+01
    1.17564592e+01 1.35328426e+01 1.24910965e+01 1.29528437e+01
    1.32149715e+01 1.30665216e+01 1.29892473e+01 1.37730932e+01
    1.25412760e+01 1.24049339e+01 1.27772923e+01 1.01699047e+01
    1.05668993e+01 1.28685179e+01 1.17299623e+01 9.90299129e+00
    1.10306692e+01 1.17584476e+01 1.24675274e+01 1.26065750e+01
    1.13045673e+01 1.11171398e+01 1.21849394e+01 1.29109411e+01
    1.20998335e+01 1.28056841e+01 1.26482058e+01 1.16515598e+01
    1.45797939e+01 1.35640593e+01 1.25381193e+01 1.18683777e+01
    1.32225523e+01 1.17500114e+01 1.15599146e+01 1.18227654e+01
    1.22188034e+01 1.13802757e+01 1.21842194e+01 1.20061092e+01
    1.13487511e+01 1.23743010e+01 1.14666481e+01 1.20151186e+01
    1.23022738e+01 1.16544304e+01 1.08349886e+01 1.14001751e+01
    1.22866230e+01 1.26919603e+01 1.25387650e+01 1.12203722e+01
    1.12968168e+01 1.26208029e+01 1.20607443e+01 1.21603413e+01
    9.80016518e+00 1.05556574e+01 9.79772377e+00 1.02033949e+01
    1.10004492e+01 1.09453764e+01 1.04552107e+01 1.00648603e+01
    1.05428562e+01 1.09134054e+01 1.04025698e+01 8.81745911e+00
    8.74799347e+00 1.02582588e+01 1.02953215e+01 9.52139950e+00
    8.97120953e+00 1.07119770e+01 1.15385771e+01 1.10909367e+01
    1.11259394e+01 1.33754911e+01 1.30108643e+01 1.19293480e+01
    1.28387833e+01 1.32399712e+01 1.09053001e+01 1.14538803e+01
    1.18082695e+01 1.17162676e+01 1.31147041e+01 1.25536299e+01
    1.21680984e+01 1.14840059e+01 1.14302244e+01 1.16696568e+01
    1.17496548e+01 1.19126711e+01 1.02774677e+01 1.12676315e+01
    1.15334606e+01 1.17651491e+01 1.15116968e+01 1.13573542e+01
    1.08513403e+01 1.22468119e+01 1.07596149e+01 1.03670111e+01
    9.63844490e+00 1.00305786e+01 1.04658117e+01 1.10593243e+01
    9.68355846e+00 1.10181341e+01 1.24797096e+01 1.25229692e+01
    1.18074646e+01 1.19305773e+01 1.22929926e+01 1.19898357e+01
    1.06950455e+01 1.16672058e+01 1.09618998e+01 1.06804829e+01
    1.15316935e+01 1.15195341e+01 1.11750326e+01 1.09580793e+01
    1.09092236e+01 1.01197319e+01 1.25026264e+01 1.08898544e+01
    1.07799683e+01 1.20898495e+01 1.20050344e+01 1.19035511e+01
    1.31234980e+01 1.19175901e+01 1.05558414e+01 1.22977619e+01
    1.21371965e+01 1.10765181e+01 1.24249830e+01 1.21511736e+01
    1.13941984e+01 1.24723778e+01 1.27563152e+01 1.18486423e+01
    1.28431129e+01 1.14639854e+01 1.28529043e+01 1.16471739e+01
    1.09130955e+01 1.22389984e+01 1.20018740e+01 1.07314129e+01
    1.00472565e+01 1.00090542e+01 9.98795986e+00 1.04645834e+01
    9.08170414e+00 9.47740555e+00 1.14057865e+01 1.26378202e+01
    1.12000122e+01 1.05278072e+01 1.18365135e+01 1.24531813e+01
    1.26064968e+01 1.18015652e+01 1.03240547e+01 1.27366390e+01
    1.34789486e+01 1.23105497e+01 1.27551641e+01 1.25131292e+01
    1.29566031e+01 1.35735197e+01 1.20689640e+01 1.18448381e+01
    1.21756220e+01 1.17249146e+01 1.14334726e+01 1.07280979e+01
    9.88644505e+00 1.19599438e+01 1.10003672e+01 1.05922699e+01
    9.66999149e+00 1.15537481e+01 1.02893276e+01 1.08123064e+01
    1.02960968e+01 1.04971685e+01 1.09959373e+01 1.08825874e+01
    1.13664408e+01 1.21222544e+01 1.27109079e+01 1.27196941e+01
    1.20453157e+01 1.14805584e+01 1.25272789e+01 1.20237284e+01
    1.19344120e+01 1.16443920e+01 1.10660353e+01 1.28442659e+01
    1.25489464e+01 1.23097448e+01 1.09945545e+01 1.21011715e+01
    1.21351585e+01 1.21226816e+01 1.23449869e+01 1.15997686e+01
    1.18847828e+01 1.11622820e+01 1.09172449e+01 1.17424860e+01
    1.22257376e+01 1.08037310e+01 1.04189444e+01 1.22309361e+01
    1.38354692e+01 1.10223713e+01 1.25536175e+01 1.34871655e+01
    1.32706919e+01 1.21872005e+01 1.27064772e+01 1.32876568e+01
    1.28783245e+01 1.13231649e+01 1.16862230e+01 1.20508709e+01
    1.08749437e+01 9.87387085e+00 1.14642582e+01 1.08232794e+01
    1.18143873e+01 1.19280272e+01 1.15488615e+01 1.12621546e+01
    1.34804440e+01 1.31257296e+01 1.36698570e+01 1.29060173e+01
    1.31950312e+01 1.32155895e+01 1.17860546e+01 1.25743771e+01
    1.13367910e+01 1.10722990e+01 1.05169210e+01 1.23358202e+01
    1.07744989e+01 1.18692827e+01 1.24764700e+01 1.31003075e+01
    1.45050659e+01 1.25655174e+01 1.14040022e+01 1.29644041e+01
    1.18700352e+01 1.00574112e+01 1.26745129e+01 1.04740839e+01
    1.05355864e+01 1.20238228e+01 9.04489517e+00 1.10915337e+01
    1.24588423e+01 1.22039356e+01 1.21436167e+01 1.12514658e+01
    1.21289549e+01 1.25289145e+01 1.15339375e+01 1.26937294e+01
    1.19742546e+01 1.11368914e+01 1.22151203e+01 1.34343290e+01
    1.12151661e+01 1.12877836e+01 1.25487032e+01 1.22000618e+01
    1.04043703e+01 1.11343870e+01 1.14489508e+01 1.16273012e+01
    1.27367611e+01 1.23397951e+01 1.21094303e+01 1.27937918e+01
    1.13079567e+01 1.27843781e+01 1.35691261e+01 1.19287367e+01
    1.15148802e+01 1.19698334e+01 1.24374638e+01 1.36417379e+01
    1.23498001e+01 1.23950233e+01 1.10708218e+01 1.19728346e+01
    1.23288002e+01 1.20156965e+01 1.16848097e+01 1.03407669e+01
    1.05484133e+01 1.07757320e+01 1.12765036e+01 1.12926445e+01
    1.03897505e+01 1.00491095e+01 9.60440445e+00 9.53869820e+00
    1.06934595e+01 8.42836285e+00 8.86409950e+00 9.36788750e+00
    1.01409378e+01 1.08761921e+01 1.05998678e+01 1.05179043e+01
    1.21305790e+01 1.26472816e+01 1.23400383e+01 1.30257730e+01
    1.17966919e+01 1.33830385e+01 1.27860193e+01 1.20844927e+01
    1.16970921e+01 1.20965796e+01 1.16266727e+01 1.13385487e+01
    1.16120100e+01 1.22415762e+01 1.14273472e+01 1.14525757e+01
    1.24856672e+01 1.24735985e+01 1.18074045e+01 1.21515684e+01
    1.04161615e+01 1.15801821e+01 1.16267691e+01 1.12966070e+01
    1.06974163e+01 1.23831263e+01 1.16396837e+01 1.12428064e+01
    1.06481876e+01 1.17358284e+01 1.07056417e+01 1.15806971e+01
    1.10515833e+01 1.01322155e+01 1.13132076e+01 1.20402412e+01
    1.36643143e+01 1.17780075e+01 1.25150537e+01 1.32853880e+01
    1.18418922e+01 1.15255098e+01 1.18408489e+01 1.11710482e+01
    1.09749975e+01 1.01193686e+01 1.14112682e+01 1.08905001e+01
    1.16025467e+01 1.01414871e+01 1.03211861e+01 1.08439770e+01
    1.13696547e+01 1.05783768e+01 9.58940411e+00 1.15879908e+01
    1.12501717e+01 1.17232018e+01 1.25148907e+01 1.12749958e+01
    1.15727758e+01 1.23935165e+01 1.20805817e+01 1.14322233e+01
    1.11762028e+01 1.17251863e+01 1.20167389e+01 1.17247953e+01
    1.08832140e+01 1.13222284e+01 1.33228025e+01 1.05730181e+01
    1.19235439e+01 1.22523384e+01 1.13337250e+01 1.26324720e+01
    1.26942120e+01 1.12493029e+01 1.07585135e+01 1.08728170e+01
    1.04725933e+01 9.08890057e+00 9.92670822e+00 1.08194904e+01
    1.07336073e+01 1.17891979e+01 1.18554697e+01 1.13388433e+01
    1.29329395e+01 1.29451256e+01 1.33149290e+01 1.29150047e+01
    1.17104883e+01 1.21090755e+01 1.48704967e+01 1.24346828e+01
    1.34874268e+01 1.25702181e+01 1.17200098e+01 1.24673176e+01
    1.23957233e+01 1.19647837e+01 1.22399092e+01 1.12349882e+01
    1.12536268e+01 1.16697197e+01 1.03897657e+01 1.12576885e+01
    1.03427773e+01 1.04780169e+01 1.10115099e+01 9.84224033e+00
    1.12633238e+01 1.14271975e+01 1.05133619e+01 1.12400656e+01
    1.12117758e+01 1.11075850e+01 1.16341915e+01 1.16573963e+01
    1.19523325e+01 1.27460003e+01 1.14121370e+01 1.10617838e+01
    1.27235088e+01 1.16117258e+01 1.29779367e+01 1.22646637e+01
    1.15790176e+01 1.17644005e+01 1.25755444e+01 1.21178131e+01
    1.10551090e+01 1.14782810e+01 1.04353409e+01 1.14040680e+01
    1.28577909e+01 1.12282095e+01 1.17960148e+01 1.10648737e+01
    1.25370874e+01 1.21025782e+01 1.13927860e+01 1.14197741e+01
    1.25475187e+01 1.25081682e+01 1.25764027e+01 1.27953453e+01
    1.26680155e+01 1.31401091e+01 1.28514442e+01 1.26958961e+01
    1.17580309e+01 1.32304926e+01 1.23075314e+01 1.27398987e+01
    1.16685696e+01 1.17362957e+01 1.14524889e+01 1.06935005e+01
    1.09012470e+01 1.12265053e+01 1.08702364e+01 1.13557167e+01
    1.18567963e+01 1.14666796e+01 1.10485497e+01 1.27832747e+01
    1.41095963e+01 1.30674715e+01 1.25152788e+01 1.27763062e+01
    1.17384844e+01 1.36334391e+01 1.10441160e+01 1.04627666e+01
    1.22170610e+01 1.05325069e+01 1.21477404e+01 1.18499327e+01
    1.17462873e+01 1.39094763e+01 1.31530924e+01 1.36130228e+01
    1.40922365e+01 1.37375679e+01 1.23373680e+01 1.20568542e+01
    1.09012499e+01 1.09034891e+01 1.08425980e+01 1.09302349e+01
    9.54127216e+00 1.13864927e+01 1.23498621e+01 1.14099894e+01
    1.12826824e+01 1.20338097e+01 1.27152653e+01 1.30360813e+01
    1.23555059e+01 1.28683081e+01 1.30033989e+01 1.17816677e+01
    1.19354753e+01 1.31281767e+01 1.21723557e+01 1.18131847e+01
    1.07131033e+01 1.11730804e+01 1.21474771e+01 1.26866627e+01
    1.20436525e+01 1.32087679e+01 1.17320566e+01 1.41350784e+01
    1.37525244e+01 1.23173409e+01 1.16622334e+01 1.38978462e+01
    1.34146681e+01 1.29351912e+01 1.19017153e+01 1.15407610e+01
    1.22967196e+01 1.41042728e+01 1.27877913e+01 1.05042458e+01
    1.11662664e+01 1.26338644e+01 1.18738461e+01 1.11612911e+01
    1.09657593e+01 1.08789644e+01 9.32178879e+00 1.04289074e+01
    1.16919584e+01 1.08102226e+01 1.08527546e+01 1.06178885e+01
    1.08628244e+01 1.07928553e+01 1.02325363e+01 9.27012157e+00
    9.58692837e+00 9.70037842e+00 9.56917381e+00 1.09795065e+01
    1.12537975e+01 1.06286440e+01 1.13229809e+01 1.18637829e+01
    1.32606163e+01 1.18241072e+01 1.23262281e+01 1.23308525e+01
    1.20561419e+01 1.19583530e+01 1.14259768e+01 1.15698576e+01
    1.06420927e+01 1.14836569e+01 1.15536480e+01 1.21594553e+01
    1.02400303e+01 1.10774584e+01 1.16164274e+01 1.09879732e+01
    1.05927296e+01 1.03422279e+01 1.07578239e+01 1.14352570e+01
    1.21920338e+01 1.23684101e+01 1.06788530e+01 1.15477304e+01
    1.20892868e+01 1.22049217e+01 1.18329048e+01 1.20266075e+01
    1.12633543e+01 1.18691807e+01 1.11443129e+01 1.07666407e+01
    1.18063068e+01 1.33431911e+01 1.24115562e+01 1.31553879e+01
    1.17131786e+01 1.30244131e+01 1.22152929e+01 1.14840240e+01
    1.11215715e+01 1.01811581e+01 1.11162176e+01 9.57343102e+00
    1.11053095e+01 1.10128880e+01 1.07901974e+01 1.14374132e+01
    1.07929125e+01 1.05710278e+01 1.17258844e+01 1.13303709e+01
    9.75989723e+00 1.11324310e+01 1.23542261e+01 1.12228851e+01
    1.26619415e+01 1.16067610e+01 1.03977308e+01 1.35555582e+01
    1.07437544e+01 1.10150595e+01 1.23513355e+01 1.07584257e+01
    1.12118397e+01 1.20826454e+01 1.20881586e+01 1.14076195e+01
    1.29088249e+01 1.24983501e+01 1.26540585e+01 1.11472654e+01
    9.77824116e+00 1.22834959e+01 1.25981340e+01 1.01705189e+01
    9.75589371e+00 1.07453661e+01 1.12374449e+01 9.28460693e+00
    9.42541790e+00 1.10355778e+01 1.17016001e+01 1.29440928e+01
    1.13289194e+01 1.25210066e+01 1.32695799e+01 1.39552927e+01
    1.33099442e+01 1.26758814e+01 1.19329634e+01 1.18963089e+01
    1.22935400e+01 1.25222330e+01 1.18859882e+01 1.04724874e+01
    1.15298910e+01 1.18889971e+01 1.07239370e+01 1.07390366e+01
    1.22198191e+01 1.01334457e+01 9.99343586e+00 1.15365582e+01
    1.16191578e+01 1.03876371e+01 1.06485682e+01 9.98224449e+00
    1.10256004e+01 9.46821404e+00 1.01766472e+01 1.10200968e+01
    1.06560135e+01 1.10430422e+01 1.06191092e+01 1.16648397e+01
    1.18019295e+01 1.23132601e+01 1.16504984e+01 1.29207029e+01
    1.24439096e+01 1.18514576e+01 1.29238644e+01 1.28778563e+01
    1.29036198e+01 1.29014578e+01 1.20018692e+01 1.13624144e+01
    1.20956736e+01 1.16001654e+01 1.12096415e+01 1.10487118e+01
    1.06177721e+01 1.13308992e+01 1.22507410e+01 1.12559128e+01
    1.08474741e+01 1.20823498e+01 1.18279419e+01 1.22599621e+01
    1.06341915e+01 1.20080900e+01 1.15035276e+01 1.23221111e+01
    1.25285158e+01 1.34210396e+01 1.30507746e+01 1.34739437e+01
    1.41092520e+01 1.27310925e+01 1.32018089e+01 1.20700960e+01
    1.22120543e+01 1.21940098e+01 1.23878775e+01 1.08431854e+01
    1.09770117e+01 1.16708269e+01 1.17831926e+01 1.08783846e+01
    1.24242964e+01 1.24912186e+01 1.18141975e+01 1.10021029e+01
    1.10044241e+01 1.29753103e+01 1.27968340e+01 1.21505222e+01
    1.12356453e+01 1.20686712e+01 1.09771280e+01 1.39641171e+01
    1.10726433e+01 1.10305939e+01 1.13370600e+01 1.10481443e+01
    1.20438070e+01 1.30235500e+01 1.26975584e+01 1.45193949e+01
    1.40774527e+01 1.40046701e+01 1.37536869e+01 1.34176292e+01
    1.27215128e+01 1.12924776e+01 1.26596346e+01 1.27345152e+01
    1.22317972e+01 1.14650230e+01 1.12147694e+01 1.04547968e+01
    1.31250792e+01 1.22614126e+01 1.18845072e+01 1.01477070e+01
    1.11052036e+01 1.28860846e+01 1.09185963e+01 1.12911463e+01
    1.15730858e+01 1.19231853e+01 1.13718452e+01 1.12409096e+01
    1.15619345e+01 1.15178814e+01 1.05364132e+01 1.04410629e+01
    1.14927187e+01 1.20737371e+01 1.16444483e+01 1.22949142e+01
    1.18463020e+01 1.30807161e+01 1.40958376e+01 1.32017708e+01
    1.22553101e+01 1.38467197e+01 1.56243610e+01 1.32516708e+01
    1.18895950e+01 1.31358824e+01 1.20386915e+01 1.40676403e+01
    1.25267458e+01 1.05313740e+01 1.04406910e+01 1.21989565e+01
    1.34531021e+01 1.25736227e+01 1.10304346e+01 1.08674345e+01
    1.13041182e+01 1.16483078e+01 1.04840860e+01 1.01479282e+01
    1.17594757e+01 8.49952126e+00 1.04241247e+01 1.14131021e+01
    9.36635208e+00 9.06119728e+00 1.14765892e+01 9.89612961e+00
    9.67350674e+00 1.06217079e+01 1.14301777e+01 1.14332428e+01
    1.03428211e+01 1.14463720e+01 1.25788956e+01 1.23922815e+01
    1.07977524e+01 1.26516914e+01 1.21066523e+01 1.02638302e+01
    1.16703176e+01 1.17340860e+01 1.19740448e+01 1.14553308e+01
    1.18462934e+01 1.16124010e+01 1.16694422e+01 1.15781593e+01
    1.15450287e+01 1.13192425e+01 1.11185732e+01 9.36814499e+00
    1.03706217e+01 1.14973230e+01 1.12242365e+01 9.87831688e+00
    1.14617586e+01 1.18375921e+01 1.19782095e+01 1.18313255e+01
    1.11953278e+01 1.21060543e+01 1.25119867e+01 1.24242268e+01
    1.16463547e+01 1.19875908e+01 1.22359533e+01 1.29363222e+01
    1.14047689e+01 1.22185621e+01 1.24317703e+01 1.30248451e+01
    1.16099939e+01 1.03109684e+01 1.12971134e+01 9.40309143e+00
    9.53297710e+00 1.07462225e+01 1.01506357e+01 1.06147156e+01
    9.41200447e+00 1.18032494e+01 1.13732424e+01 1.18620625e+01
    1.21512508e+01 1.12471972e+01 1.08971920e+01 1.28671265e+01
    1.27077065e+01 1.23360691e+01 1.27263756e+01 1.17962275e+01
    1.12116213e+01 1.34592485e+01 1.17402754e+01 1.14492588e+01
    1.20934963e+01 1.05502071e+01 1.06886387e+01 1.28327827e+01
    1.07307863e+01 1.16906700e+01 1.29083147e+01 1.10834789e+01
    1.14208851e+01 1.02983913e+01 1.12531815e+01 1.17690582e+01
    1.26549892e+01 1.10890455e+01 1.09385605e+01 1.06016903e+01
    1.12121439e+01 1.01193504e+01 1.00088806e+01 1.06637707e+01
    9.75334549e+00 1.33424683e+01 1.18144464e+01 1.06103373e+01
    1.30128450e+01 1.28119488e+01 1.33941240e+01 1.30407028e+01
    1.23630533e+01 1.25185947e+01 1.23868618e+01 1.32642689e+01
    1.32524347e+01 1.21374941e+01 1.16964836e+01 1.17854147e+01
    1.14303617e+01 1.00927439e+01 1.08390207e+01 1.11077518e+01
    9.64674473e+00 9.60624409e+00 1.04972630e+01 1.13744974e+01
    1.03441381e+01 1.02397709e+01 1.15650806e+01 1.04851418e+01
    1.08718090e+01 1.05515804e+01 1.05641308e+01 1.11212025e+01
    1.11973448e+01 1.13252172e+01 1.18799706e+01 1.27203445e+01
    1.23968458e+01 1.32491159e+01 1.21944599e+01 1.19049559e+01
    1.28287935e+01 1.34309683e+01 1.15907536e+01 1.20659399e+01
    1.29157743e+01 1.19567413e+01 1.24233751e+01 1.20878658e+01
    9.69550514e+00 1.03913460e+01 1.01015167e+01 1.23865719e+01
    1.24491863e+01 1.12486849e+01 1.06108561e+01 1.27538166e+01
    1.27221651e+01 1.17038021e+01 1.05407639e+01 1.12283630e+01
    1.17254725e+01 1.24467936e+01 1.27357969e+01 1.21710577e+01
    1.31518917e+01 1.32869425e+01 1.23253546e+01 1.26932240e+01
    1.31396427e+01 1.12197905e+01 1.18921204e+01 1.13986444e+01
    1.17064657e+01 1.08526821e+01 1.08977051e+01 1.07888498e+01
    1.22142124e+01 1.15861025e+01 1.26175804e+01 1.27845135e+01
    1.19150257e+01 1.21482372e+01 1.28645115e+01 1.24608994e+01
    1.26433868e+01 1.17983999e+01 1.17124624e+01 1.31309748e+01
    1.18148880e+01 1.05239887e+01 1.10228386e+01 1.11343155e+01
    9.92426491e+00 1.08378630e+01 1.09588413e+01 1.32972002e+01
    1.21437664e+01 1.34593325e+01 1.30354013e+01 1.36981897e+01
    1.45463505e+01 1.30709238e+01 1.29179697e+01 1.19468918e+01
    1.22128029e+01 1.14144287e+01 1.13601875e+01 1.06096163e+01
    1.05435162e+01 1.18908968e+01 1.26220951e+01 1.24006510e+01
    1.18525372e+01 1.00786257e+01 1.19345503e+01 1.20351114e+01
    1.15672140e+01 1.18843069e+01 9.67507935e+00 1.15736990e+01
    1.12728891e+01 1.03053207e+01 1.03489332e+01 1.06582050e+01
    1.00266304e+01 9.48684406e+00 8.99644470e+00 1.11221342e+01
    1.10570574e+01 1.15950098e+01 1.21284380e+01 1.27659340e+01
    1.28012457e+01 1.41318874e+01 1.24638443e+01 1.47165995e+01
    1.49597063e+01 1.34258671e+01 1.39910164e+01 1.28641443e+01
    1.27792149e+01 1.40228624e+01 1.28945732e+01 1.04258003e+01
    1.10916586e+01 1.16708860e+01 1.27329340e+01 1.28818521e+01
    1.10113544e+01 1.10132198e+01 1.27173815e+01 1.18684359e+01
    1.05189295e+01 1.14993448e+01 1.10747633e+01 1.04362774e+01
    1.11627703e+01 1.01118011e+01 1.00161333e+01 1.05653591e+01
    9.85828400e+00 9.87770844e+00 9.27361107e+00 1.02171631e+01
    1.02805748e+01 1.17367983e+01 1.11494722e+01 1.03432245e+01
    1.31988125e+01 1.27373314e+01 1.25255766e+01 1.25966873e+01
    1.10265532e+01 1.18487682e+01 1.22736702e+01 1.11094723e+01
    1.21908798e+01 1.21821280e+01 9.84936905e+00 1.09916019e+01
    1.29079571e+01 1.15790739e+01 1.09967890e+01 1.09766273e+01
    1.18284760e+01 9.92080879e+00 9.44325542e+00 1.19387493e+01
    1.18158102e+01 1.06507988e+01 1.10488319e+01 1.16352530e+01
    1.22131243e+01 1.17127895e+01 1.00208902e+01 1.34268503e+01
    1.09806490e+01 1.14176979e+01 1.14445963e+01 1.12404623e+01
    1.25901432e+01 1.23309526e+01 1.20338955e+01 1.25164919e+01
    1.23653402e+01 1.31359625e+01 1.25771084e+01 1.24865475e+01
    1.10937452e+01 9.19561577e+00 1.08456917e+01 1.14674721e+01
    9.01343155e+00 1.01534805e+01 1.11795855e+01 9.83569145e+00
    1.24736414e+01 1.16790695e+01 1.20391617e+01 1.07215872e+01
    1.10286980e+01 1.29547596e+01 1.25279465e+01 1.09384575e+01
    1.16639462e+01 1.12051764e+01 1.13749657e+01 1.14859304e+01
    1.18396425e+01 9.57487011e+00 1.15935612e+01 1.11130991e+01
    1.09555645e+01 1.15149403e+01 1.06846275e+01 1.23918800e+01
    1.19192867e+01 1.11919746e+01 1.17888241e+01 9.56488037e+00
    1.07892170e+01 1.18334913e+01 9.89491558e+00 1.05832853e+01
    1.17687340e+01 9.58059311e+00 1.15328074e+01 1.23496647e+01
    1.09168787e+01 1.14117708e+01 1.19109192e+01 1.27354832e+01
    1.14773064e+01 1.13255110e+01 1.28004055e+01 1.26429605e+01
    1.28604336e+01 1.29452257e+01 1.22136889e+01 1.32609863e+01
    1.28344517e+01 1.30296326e+01 1.34493952e+01 1.14871540e+01
    1.07444525e+01 1.12581816e+01 1.17026567e+01 9.02558136e+00
    1.00289335e+01 1.04646311e+01 1.01059818e+01 9.48501110e+00
    9.36901188e+00 1.07770033e+01 1.10431890e+01 1.13342733e+01
    1.01171207e+01 1.17548523e+01 1.07316446e+01 1.08872728e+01
    1.16950274e+01 1.11934767e+01 1.11004810e+01 1.22970104e+01
    1.12690058e+01 1.32827215e+01 1.34281807e+01 1.21925745e+01
    1.42908907e+01 1.37339077e+01 1.33812647e+01 1.33519411e+01
    1.34412861e+01 1.37349758e+01 1.28154936e+01 1.19119854e+01
    1.25889359e+01 1.02006578e+01 1.13688059e+01 1.15511160e+01
    1.02941971e+01 1.22502565e+01 1.31191492e+01 1.22957335e+01
    1.12058086e+01 1.29406824e+01 1.33074875e+01 1.29084101e+01
    1.21043634e+01 1.16474791e+01 1.17787066e+01 1.29699392e+01
    1.30021496e+01 1.31033859e+01 1.37392187e+01 1.30310068e+01
    1.39628334e+01 1.27660608e+01 1.18484697e+01 1.13151035e+01
    1.11400928e+01 1.11585951e+01 1.15916910e+01 1.09271555e+01
    1.00039415e+01 1.27162142e+01 1.22093248e+01 1.18809481e+01
    1.23036289e+01 1.27375202e+01 1.17809467e+01 1.09551058e+01
    1.30980606e+01 1.25698032e+01 1.21934109e+01 1.11348467e+01
    1.13875675e+01 1.25014772e+01 1.19273806e+01 1.05887957e+01
    1.11771650e+01 1.15710955e+01 1.11770687e+01 1.05764799e+01
    1.12507601e+01 1.16644001e+01 1.30026999e+01 1.36833000e+01
    1.28405371e+01 1.39648561e+01 1.44031715e+01 1.32455225e+01
    1.17707052e+01 1.14496593e+01 1.24372396e+01 1.11988888e+01
    1.14774275e+01 1.15152664e+01 1.00615025e+01 1.19108791e+01
    1.36213894e+01 1.06054363e+01 1.11816425e+01 1.14119663e+01
    1.17928686e+01 1.21710072e+01 1.21401224e+01 1.12795267e+01
    1.13589306e+01 1.26972113e+01 1.15790758e+01 1.13331785e+01
    1.12147961e+01 1.19708328e+01 1.10298195e+01 1.13104448e+01
    1.14411707e+01 1.25921392e+01 1.29028616e+01 1.27252645e+01
    1.32070408e+01 1.24824619e+01 1.40951319e+01 1.38704119e+01
    1.39047976e+01 1.43602724e+01 1.42290840e+01 1.41913033e+01
    1.33683052e+01 1.19388714e+01 1.28604155e+01 1.34202185e+01
    1.16187487e+01 1.02747993e+01 1.03733788e+01 1.04717884e+01
    1.11626148e+01 1.24663811e+01 1.10168715e+01 1.08661852e+01
    1.11643944e+01 1.11038837e+01 1.15747213e+01 1.14785862e+01
    1.13045931e+01 1.22202272e+01 1.16401186e+01 1.09265251e+01
    1.21448345e+01 1.09572210e+01 1.07368126e+01 1.16179409e+01
    1.01603289e+01 1.01879692e+01 1.10470581e+01 1.00348883e+01
    1.14243927e+01 1.12812328e+01 1.02326527e+01 1.13505983e+01
    1.20024796e+01 1.12319784e+01 1.14598150e+01 1.08742790e+01
    1.18238373e+01 1.12081156e+01 1.19832211e+01 1.04086962e+01
    9.90459919e+00 1.11022177e+01 1.18124886e+01 1.04831343e+01
    1.09190493e+01 1.02685261e+01 1.04871874e+01 1.14234877e+01
    9.75362587e+00 1.01134777e+01 1.23630619e+01 9.77719593e+00
    1.12883072e+01 1.22493687e+01 1.12378674e+01 1.21947250e+01
    1.06505938e+01 1.18758965e+01 1.20706625e+01 1.28557882e+01
    1.22480440e+01 1.17116680e+01 1.19740286e+01 1.14365635e+01
    1.21961126e+01 1.14866619e+01 1.08379602e+01 1.26808281e+01
    1.19294481e+01 1.15517378e+01 1.14211807e+01 9.19066143e+00
    1.06601477e+01 1.12622166e+01 1.12838106e+01 1.02451744e+01
    1.09076691e+01 1.21780567e+01 1.29551802e+01 1.11328268e+01
    1.29356422e+01 1.14009199e+01 1.22823668e+01 1.33140173e+01
    1.23147211e+01 1.14654751e+01 1.16350021e+01 1.15008192e+01
    1.20828447e+01 1.13191080e+01 1.01824713e+01 1.05366516e+01
    1.26800175e+01 1.11193314e+01 1.09613123e+01 1.20069838e+01
    1.13184595e+01 1.08797760e+01 1.19909458e+01 1.16259956e+01
    1.14983377e+01 9.80764484e+00 1.01164141e+01 1.10133371e+01
    1.04264107e+01 1.11114712e+01 1.08969593e+01 1.03503408e+01
    1.20339937e+01 1.23711538e+01 1.05970583e+01 1.09376316e+01
    1.11798220e+01 1.19326353e+01 1.36522760e+01 1.05456800e+01
    1.10113449e+01 1.35874043e+01 1.35644712e+01 1.25157576e+01
    1.21900883e+01 1.25556803e+01 1.22276440e+01 1.22284584e+01
    1.21994257e+01 1.08908281e+01 1.17478142e+01 1.08732281e+01
    1.08023796e+01 1.02335796e+01 1.05113888e+01 9.47494793e+00
    9.73916054e+00 1.03566999e+01 9.87439442e+00 9.89260578e+00
    1.01757212e+01 1.13475475e+01 1.03793278e+01 1.12353010e+01
    1.17666540e+01 1.14656439e+01 1.26014099e+01 1.24997110e+01
    1.22797346e+01 1.04846802e+01 1.13328400e+01 1.24986219e+01
    1.15100298e+01 1.10985060e+01 1.17684841e+01 1.26793385e+01
    1.30375290e+01 1.26205072e+01 1.26336555e+01 1.25277147e+01
    1.20214996e+01 1.30889292e+01 1.11103458e+01 1.09028845e+01
    1.15632524e+01 1.09782839e+01 1.05873394e+01 1.16675377e+01
    1.23404684e+01 1.17797728e+01 1.24255114e+01 1.28485909e+01
    1.25175753e+01 1.24601345e+01 1.23028698e+01 1.13714132e+01
    1.14767923e+01 1.15242271e+01 1.20259981e+01 1.30058107e+01
    1.29638329e+01 1.32963972e+01 1.36875925e+01 1.35634909e+01
    1.23858595e+01 1.21151543e+01 1.16641788e+01 1.15944548e+01
    1.09321222e+01 9.31436062e+00 1.14001198e+01 1.17983904e+01
    1.31183395e+01 1.25929604e+01 1.33231220e+01 1.40389481e+01
    1.34484110e+01 1.25459423e+01 1.31801319e+01 1.26561680e+01
    1.14343395e+01 1.04639788e+01 1.07737560e+01 1.21110487e+01
    1.10797968e+01 1.16352806e+01 1.02783203e+01 1.05221882e+01
    9.58838558e+00 1.11507759e+01 9.64420986e+00 1.16459398e+01
    1.29677467e+01 1.29938984e+01 1.19105635e+01 1.35178185e+01
    1.39376593e+01 1.24243755e+01 1.14666510e+01 1.17468433e+01
    1.18134785e+01 1.14637327e+01 1.00111303e+01 1.22394714e+01
    1.01353006e+01 1.17168903e+01 1.32677507e+01 1.20592937e+01
    1.21691656e+01 1.20264597e+01 1.07937031e+01 1.14365273e+01
    1.13733587e+01 1.10088701e+01 1.00904245e+01 1.09351997e+01
    1.06310797e+01 1.11168489e+01 1.10025501e+01 1.20989542e+01
    1.21385002e+01 1.17040348e+01 1.14679422e+01 1.33575640e+01
    1.31083765e+01 1.27466507e+01 1.24733095e+01 1.38269157e+01
    1.42836828e+01 1.27066555e+01 1.30149250e+01 1.34283772e+01
    1.27623196e+01 1.35150509e+01 1.23072939e+01 1.18491144e+01
    1.32203074e+01 1.29955168e+01 1.21105652e+01 1.11522303e+01
    1.10229626e+01 1.19094276e+01 1.17902584e+01 1.14921446e+01
    1.07538948e+01 1.13314381e+01 1.13409214e+01 1.19597406e+01
    1.20714970e+01 1.09717960e+01 1.11115723e+01 1.12709866e+01
    1.09675732e+01 1.11000586e+01 1.09049902e+01 1.03601074e+01
    1.11922607e+01 1.07902679e+01 1.01772079e+01 1.08444786e+01
    1.12831879e+01 9.72683907e+00 1.25320959e+01 1.07659855e+01
    1.11924858e+01 1.04553719e+01 1.04761477e+01 1.09215708e+01
    1.09912844e+01 9.50878525e+00 1.19932203e+01 1.22537603e+01
    1.14760771e+01 1.20554562e+01 1.07686911e+01 1.19091482e+01
    1.29796696e+01 1.13898926e+01 1.10559034e+01 1.10204029e+01
    1.17658606e+01 1.23163891e+01 9.62380123e+00 1.21922703e+01
    1.20455208e+01 9.51267242e+00 1.23485451e+01 1.19774771e+01
    1.06530657e+01 1.06229191e+01 1.15013866e+01 1.25885296e+01
    1.28139677e+01 1.28322725e+01 1.18686638e+01 1.14759150e+01
    1.33697023e+01 1.25844126e+01 1.23376808e+01 1.29349318e+01
    1.20271597e+01 1.30499325e+01 1.20433302e+01 1.08053551e+01
    1.19706488e+01 9.00716114e+00 1.03073235e+01 1.00654354e+01
    1.10709162e+01 9.25275326e+00 1.01417875e+01 1.23220015e+01
    1.23150511e+01 1.33203068e+01 1.25888453e+01 1.08824558e+01
    1.25814524e+01 1.41504154e+01 1.30456123e+01 1.13407278e+01
    1.21517401e+01 1.14069109e+01 1.24261770e+01 1.28060837e+01
    1.09877319e+01 1.13138266e+01 1.14144135e+01 1.20418034e+01
    1.17660627e+01 1.23705826e+01 1.13568096e+01 1.10708513e+01
    1.27399578e+01 1.24622393e+01 1.19504805e+01 1.10602684e+01
    1.06860638e+01 1.22832308e+01 1.17452774e+01 1.05786266e+01
    1.04180651e+01 1.05386190e+01 1.14989910e+01 1.05234041e+01
    1.19377632e+01 1.10804462e+01 1.01090498e+01 1.20125999e+01
    1.24763660e+01 1.09305735e+01 1.05640287e+01 1.19538755e+01
    1.32308283e+01 1.28079405e+01 1.18983459e+01 1.13497534e+01
    1.24671402e+01 1.42084303e+01 1.16501083e+01 1.13847656e+01
    1.20604696e+01 1.09813833e+01 9.99344635e+00 1.11477251e+01
    9.12988186e+00 1.05805178e+01 9.18858624e+00 1.08324928e+01
    1.00489407e+01 9.48920918e+00 1.05903864e+01 1.12098722e+01
    1.11537457e+01 1.03108206e+01 1.13553238e+01 1.19486418e+01
    1.25012703e+01 1.21633902e+01 1.12664852e+01 1.16759176e+01
    1.13637733e+01 1.14611177e+01 1.07847805e+01 1.02938547e+01
    1.03286505e+01 1.12426968e+01 1.12295914e+01 1.23029556e+01
    1.13234367e+01 1.18944216e+01 1.30138664e+01 1.31833096e+01
    1.11871109e+01 1.16690569e+01 1.10322695e+01 1.01083059e+01
    1.13445797e+01 1.19678049e+01 1.18523521e+01 1.12975645e+01
    1.14879303e+01 1.30505791e+01 1.30605927e+01 1.23796082e+01
    1.17859392e+01 1.17306538e+01 1.17202501e+01 1.14867697e+01
    1.15737200e+01 1.28473654e+01 1.21292772e+01 1.27981224e+01
    1.32635794e+01 1.36540346e+01 1.15385189e+01 1.08349266e+01
    1.18063784e+01 1.25743361e+01 1.07993412e+01 9.82099152e+00
    1.15811882e+01 1.13915482e+01 1.18682775e+01 1.31070442e+01
    1.35225010e+01 1.43907804e+01 1.24942780e+01 1.30295343e+01
    1.42435799e+01 1.40318174e+01 1.24313745e+01 1.11162739e+01
    1.11174879e+01 1.19218035e+01 1.19726200e+01 1.15846767e+01
    9.62106800e+00 1.06811686e+01 1.13628664e+01 9.90175819e+00
    8.85023022e+00 1.11890841e+01 1.07933998e+01 1.11022282e+01
    1.21365442e+01 1.25956993e+01 1.22375593e+01 1.18336210e+01
    1.02509108e+01 1.06099548e+01 1.07777615e+01 1.06060419e+01
    9.29402065e+00 9.15442657e+00 1.01130285e+01 1.03799887e+01
    1.19799776e+01 1.08866215e+01 1.07784367e+01 1.12935371e+01
    1.13582535e+01 1.18887024e+01 1.34022284e+01 1.06058388e+01
    1.08441973e+01 1.19836407e+01 1.11211405e+01 1.11949501e+01
    1.17300920e+01 1.08762226e+01 1.14435616e+01 1.01625614e+01
    1.18007154e+01 1.36172724e+01 1.22692413e+01 1.30569811e+01
    1.14803638e+01 1.21063156e+01 1.43496075e+01 1.29722109e+01
    1.14102268e+01 1.38923092e+01 1.36316433e+01 1.39294920e+01
    1.23373051e+01 1.21296835e+01 1.38718290e+01 1.25922308e+01
    1.17584190e+01 1.17935743e+01 1.12719660e+01 1.31499186e+01
    1.09314079e+01 1.20593176e+01 1.13194084e+01 1.23358879e+01
    1.08750105e+01 1.18102350e+01 1.20776558e+01 1.08745995e+01
    1.13588467e+01 1.23022976e+01 1.24624920e+01 1.11863785e+01
    1.01814337e+01 1.17101326e+01 1.16124172e+01 9.90100002e+00
    1.00024042e+01 1.18481970e+01 1.15752268e+01 1.12237968e+01
    1.16647348e+01 1.27909365e+01 1.21077156e+01 1.22859154e+01
    1.15435867e+01 1.13681545e+01 1.20121737e+01 9.59189701e+00
    1.16291285e+01 1.19662094e+01 1.19541626e+01 1.10489941e+01
    1.10951700e+01 1.22764845e+01 1.25537376e+01 1.11138954e+01
    1.19492731e+01 1.07536211e+01 1.11473217e+01 1.15454502e+01
    1.04406071e+01 1.12808723e+01 1.08834705e+01 1.06399517e+01
    1.14261589e+01 9.49432945e+00 1.07892017e+01 1.07840357e+01
    1.05384388e+01 1.28993301e+01 1.14791765e+01 1.30124702e+01
    1.25281296e+01 1.25738211e+01 1.22251482e+01 1.18487577e+01
    1.15112028e+01 1.23055887e+01 1.16804028e+01 1.18938799e+01
    1.24511318e+01 1.14030361e+01 1.04703522e+01 1.06838322e+01
    1.10796595e+01 1.01012297e+01 1.06043596e+01 1.08895903e+01
    1.08259401e+01 1.20376997e+01 1.33596897e+01 1.32983580e+01
    1.29988937e+01 1.26336260e+01 1.35375376e+01 1.40564642e+01
    1.27732401e+01 1.22111378e+01 1.08017931e+01 1.11248264e+01
    1.07035151e+01 1.21370687e+01 1.08258848e+01 9.92989826e+00
    1.26827564e+01 1.23081188e+01 1.36207819e+01 1.35826540e+01
    1.15717230e+01 1.12286797e+01 1.24893131e+01 1.19530296e+01
    1.15986767e+01 1.18054905e+01 1.07281017e+01 1.19845905e+01
    1.34043474e+01 1.24556370e+01 1.16509228e+01 1.16632738e+01
    1.35997353e+01 1.23629284e+01 1.11937494e+01 1.07595148e+01
    1.17065687e+01 1.16803522e+01 1.13060656e+01 1.14169378e+01
    1.08427916e+01 1.13301430e+01 1.20414333e+01 1.20594339e+01
    1.25173197e+01 1.05131893e+01 1.22267809e+01 1.33965139e+01
    1.08795366e+01 1.06548166e+01 1.15228691e+01 1.09593039e+01
    9.32872581e+00 9.23127365e+00 1.02655735e+01 9.57102776e+00
    8.93124008e+00 1.11533546e+01 1.08211355e+01 9.33850193e+00
    1.16189289e+01 1.26795912e+01 1.19992256e+01 1.18922825e+01
    1.03637533e+01 1.30733337e+01 1.46279459e+01 1.25251923e+01
    1.29777555e+01 1.32167540e+01 1.22906933e+01 1.28521290e+01
    1.17445040e+01 1.13933544e+01 1.05123577e+01 1.09389343e+01
    1.09902554e+01 1.16406155e+01 1.04317827e+01 1.20033216e+01
    1.20269213e+01 1.19163189e+01 9.91929340e+00 1.25877542e+01
    1.12667437e+01 1.07102270e+01 1.20722799e+01 1.19820480e+01
    1.09004555e+01 1.25914106e+01 1.30668488e+01 1.38004704e+01
    1.19182558e+01 1.32074232e+01 1.19370108e+01 1.21813145e+01
    1.18351727e+01 1.18887415e+01 1.33741970e+01 1.22005224e+01
    1.09419689e+01 1.26329947e+01 1.45783272e+01 1.22702961e+01
    1.09612923e+01 1.18303385e+01 1.32144089e+01 1.17837915e+01
    1.02922392e+01 1.10771103e+01 1.20620089e+01 1.23514118e+01
    1.14781170e+01 1.26743279e+01 1.33314981e+01 1.41874952e+01
    1.24005995e+01 1.22190533e+01 1.35048103e+01 1.27790365e+01
    1.06200876e+01 1.11693258e+01 1.06326303e+01 1.12296972e+01
    1.13131723e+01 1.07776051e+01 1.08429470e+01 1.11224737e+01
    1.07771006e+01 9.61057949e+00 1.01766577e+01 1.09641809e+01
    1.05788403e+01 1.11909657e+01 1.16828661e+01 1.35427294e+01
    1.14643126e+01 1.13122816e+01 1.18939342e+01 1.21779022e+01
    1.13656702e+01 1.13246708e+01 9.93556023e+00 9.51126957e+00
    1.02343435e+01 1.16338816e+01 1.08182602e+01 1.09732590e+01
    9.76720905e+00 1.05536633e+01 1.14135561e+01 1.20724649e+01
    1.17716274e+01 9.71120834e+00 1.23277102e+01 1.24358978e+01
    1.08122358e+01 1.12981577e+01 1.16220694e+01 1.17275047e+01
    1.23096733e+01 1.20554123e+01 1.15346804e+01 1.35028763e+01
    1.36998987e+01 1.31147194e+01 1.19537477e+01 1.22333593e+01
    1.42265520e+01 1.33715611e+01 1.11893997e+01 1.15633802e+01
    1.26923895e+01 1.25264521e+01 1.22450113e+01 1.21708097e+01
    1.14071445e+01 1.13615379e+01 1.20336714e+01 1.11586018e+01
    1.12022018e+01 1.16680698e+01 1.18285074e+01 1.27414274e+01
    1.18076839e+01 1.21422787e+01 1.26011467e+01 1.14956036e+01
    1.23167610e+01 1.31846781e+01 1.20945101e+01 1.15585423e+01
    1.27764139e+01 1.21994858e+01 1.10083141e+01 1.20905399e+01
    1.14693680e+01 1.11521893e+01 1.13048897e+01 1.13035240e+01
    1.20649843e+01 1.13670750e+01 1.24850054e+01 1.27636995e+01
    1.18489141e+01 1.11514816e+01 1.07162275e+01 1.11682262e+01
    9.68116760e+00 9.35633469e+00 1.05726929e+01 1.26398144e+01
    1.15085144e+01 1.02493658e+01 1.11555643e+01 1.35031128e+01
    1.23986454e+01 1.06556940e+01 1.14209194e+01 1.07213631e+01
    1.10091915e+01 1.15994558e+01 9.52383423e+00 1.04922924e+01
    1.15571404e+01 1.05763865e+01 1.13734665e+01 1.13204870e+01
    1.08263979e+01 1.05767040e+01 1.13731756e+01 1.37369480e+01
    1.24993382e+01 1.42898836e+01 1.29042597e+01 1.20194378e+01
    1.38478556e+01 1.11080065e+01 1.17537050e+01 1.24726496e+01
    1.28996878e+01 1.15589275e+01 1.15542011e+01 1.16000748e+01
    1.18025026e+01 1.08975735e+01 1.19300919e+01 1.12630310e+01
    1.11219101e+01 1.10235949e+01 1.19897728e+01 1.19895639e+01
    1.33973246e+01 1.36532621e+01 1.18597879e+01 1.29569111e+01
    1.29961042e+01 1.34331493e+01 1.30105886e+01 1.15422945e+01
    1.21498356e+01 1.23838787e+01 1.15645037e+01 1.14995518e+01
    1.16853600e+01 1.10635576e+01 1.20498877e+01 1.24758520e+01
    1.26438971e+01 1.26687107e+01 1.25903883e+01 1.08982487e+01
    1.26311626e+01 1.16683607e+01 1.14972448e+01 1.15034676e+01
    1.09090986e+01 1.18842049e+01 1.22742395e+01 1.24171648e+01
    1.11192284e+01 1.12816849e+01 1.26102228e+01 1.36967239e+01
    1.09983616e+01 1.12055426e+01 1.15481100e+01 1.27000532e+01
    1.16820040e+01 9.36766052e+00 1.09674692e+01 1.16890411e+01
    1.17824669e+01 1.20063314e+01 1.24324703e+01 1.00254278e+01
    1.20535126e+01 1.29934254e+01 1.14375420e+01 1.12740498e+01
    1.10427837e+01 1.14058800e+01 9.03148270e+00 9.30910587e+00
    8.93646812e+00 1.00093117e+01 9.24913597e+00 9.18778038e+00
    1.05845766e+01 1.16790743e+01 1.18218336e+01 1.25693445e+01
    1.21700621e+01 1.38546371e+01 1.24345531e+01 1.25000963e+01
    1.28998747e+01 1.40856657e+01 1.09335117e+01 1.29248056e+01
    1.27267332e+01 1.16196623e+01 1.19406137e+01 1.11706991e+01
    1.09252930e+01 1.02648220e+01 1.12023468e+01 1.08579855e+01
    1.15466738e+01 1.11099443e+01 1.16414471e+01 1.24972010e+01
    1.11515274e+01 1.10723686e+01 9.90496349e+00 1.03783216e+01
    1.01420221e+01 1.05151834e+01 1.02718563e+01 1.17563763e+01
    1.11615906e+01 1.16738186e+01 1.14020567e+01 1.15361967e+01
    1.21003437e+01 1.14245958e+01 1.11696186e+01 1.05360775e+01
    1.06960783e+01 1.05662689e+01 1.09628706e+01 1.26954823e+01
    1.22600250e+01 1.29738226e+01 1.08969040e+01 1.12805233e+01
    1.17256584e+01 1.21492081e+01 9.88706303e+00 1.12807703e+01
    1.12026834e+01 1.19795055e+01 1.22441359e+01 1.17278910e+01
    1.21446800e+01 1.30909834e+01 1.30146217e+01 1.29932222e+01
    1.26932516e+01 1.33173046e+01 1.25567636e+01 1.20187654e+01
    1.21668873e+01 1.19839621e+01 1.25011492e+01 1.06725330e+01
    1.19477119e+01 1.22024622e+01 1.07046919e+01 9.79672813e+00
    1.04978743e+01 1.06774244e+01 1.11599731e+01 9.78297997e+00
    1.03739357e+01 1.22981358e+01 1.08150368e+01 1.03053904e+01
    1.12900295e+01 1.18497534e+01 1.12825270e+01 1.17558813e+01
    1.14917631e+01 1.13877029e+01 1.22500725e+01 1.24261274e+01
    1.30473299e+01 1.15286846e+01 1.15540924e+01 1.07937756e+01
    1.12003508e+01 1.08880005e+01 1.11054010e+01 1.00099583e+01
    1.03258829e+01 1.18998051e+01 1.08296614e+01 1.13434410e+01
    1.14681511e+01 1.07086973e+01 1.21460114e+01 1.16042814e+01
    1.02744408e+01 1.10448666e+01 1.30083160e+01 1.17240562e+01
    1.16271782e+01 1.15514040e+01 1.31046829e+01 1.23153429e+01
    1.09137583e+01 1.20764465e+01 1.21855116e+01 1.17462492e+01
    1.15275984e+01 1.14911871e+01 1.09294891e+01 1.22718258e+01
    1.16238632e+01 1.25236406e+01 1.18255339e+01 1.18770103e+01
    1.15604162e+01 1.28517733e+01 1.11771116e+01 1.26658859e+01
    1.35083055e+01 1.26346407e+01 1.21456270e+01 1.35261755e+01
    1.21299686e+01 1.31650810e+01 1.24329510e+01 1.25762520e+01
    1.19816151e+01 1.13922758e+01 1.12893505e+01 1.13619576e+01
    1.03681717e+01 1.17360411e+01 1.19509573e+01 1.12546158e+01
    1.21351871e+01 1.21602182e+01 1.17193813e+01 1.11595068e+01
    1.23835354e+01 1.00071163e+01 1.15264139e+01 1.14538383e+01
    1.07700977e+01 1.13645773e+01 1.29055462e+01 1.13840923e+01
    1.18682833e+01 1.28715515e+01 1.40838013e+01 1.19437847e+01
    1.22575788e+01 1.27508440e+01 1.27650108e+01 1.26938868e+01
    1.11198616e+01 1.07812176e+01 1.10484324e+01 1.00659485e+01
    1.07319088e+01 9.71269703e+00 9.47339249e+00 1.03411436e+01
    1.04807396e+01 1.13871288e+01 1.41356869e+01 1.22786207e+01
    1.27550564e+01 1.32147284e+01 1.47157955e+01 1.30058622e+01
    1.13260727e+01 1.41133995e+01 1.29294910e+01 1.25777769e+01
    1.29563150e+01 1.27990808e+01 1.16830940e+01 1.25259094e+01
    1.30213556e+01 1.07921515e+01 1.05338917e+01 1.22647924e+01
    1.23548841e+01 1.14304295e+01 1.37384825e+01 1.29513645e+01
    1.17395487e+01 1.30171375e+01 1.07292366e+01 1.30017834e+01
    1.14840088e+01 1.00245543e+01 1.06934357e+01 1.12097969e+01
    1.13102026e+01 1.12056503e+01 1.11951313e+01 1.13697367e+01
    1.15261478e+01 1.20437193e+01 1.33176432e+01 1.30269051e+01
    1.11836071e+01 1.13661137e+01 1.23199234e+01 1.19462490e+01
    1.23560543e+01 1.02934446e+01 1.16215963e+01 1.23733320e+01
    1.21632824e+01 1.14713926e+01 1.14584675e+01 1.25876150e+01
    1.30312576e+01 1.23805599e+01 1.13572369e+01 1.17102499e+01
    1.26326733e+01 1.31758337e+01 1.30437374e+01 9.87506390e+00
    1.14649611e+01 1.20836754e+01 1.24890451e+01 1.16576338e+01
    1.04068365e+01 1.12121363e+01 1.18679972e+01 1.28775091e+01
    1.13130932e+01 1.02497063e+01 1.18230515e+01 1.06348639e+01
    1.13730984e+01 1.07332077e+01 9.60488415e+00 1.07793236e+01
    1.07536640e+01 1.00660028e+01 1.05132389e+01 1.11990805e+01
    1.11635647e+01 1.27682171e+01 1.33336191e+01 1.21137104e+01
    1.34360332e+01 1.27171555e+01 1.42236729e+01 1.37679949e+01
    1.31569834e+01 1.23692636e+01 1.23322659e+01 1.22164192e+01
    1.25459681e+01 1.11422167e+01 1.09814291e+01 1.15766754e+01
    1.04559526e+01 1.18945808e+01 1.11937542e+01 1.11317396e+01
    1.08185062e+01 1.10990419e+01 1.21646461e+01 1.18442097e+01
    1.16882591e+01 1.25767345e+01 1.16565599e+01 1.25066471e+01
    1.23501453e+01 1.10876694e+01 1.19207163e+01 1.20729856e+01
    1.27542868e+01 1.28164597e+01 1.16113234e+01 1.07366228e+01
    1.02450514e+01 1.15874023e+01 1.07446918e+01 1.10704212e+01
    1.03268709e+01 1.15716944e+01 1.20685692e+01 1.23147984e+01
    1.16695871e+01 1.20716228e+01 1.34502087e+01 1.16775255e+01
    1.13892365e+01 1.10086689e+01 1.14738846e+01 1.23208923e+01
    1.16382294e+01 1.20905161e+01 1.28755970e+01 1.25867481e+01
    1.28565588e+01 1.34504023e+01 1.31962109e+01 1.32205296e+01
    1.29054556e+01 1.14080906e+01 1.17428999e+01 1.24551878e+01
    1.14279127e+01 1.12534523e+01 1.17093344e+01 1.21270170e+01
    1.08310184e+01 1.03274040e+01 9.82009125e+00 1.12586079e+01
    1.02623882e+01 8.50557518e+00 1.10122480e+01 1.18621607e+01
    1.04681768e+01 1.08040791e+01 1.04943638e+01 1.11564903e+01
    1.10949030e+01 1.11040697e+01 9.57598305e+00 1.14941931e+01
    1.18043776e+01 1.19406300e+01 1.23962574e+01 1.16344776e+01
    1.21653414e+01 1.15475998e+01 1.25184002e+01 1.36278648e+01
    1.15749531e+01 1.17877274e+01 1.17434425e+01 1.10095558e+01
    1.15365000e+01 1.14502125e+01 1.08922901e+01 1.09951792e+01
    1.28919239e+01 1.11030197e+01 1.12949533e+01 1.28282166e+01
    1.19712276e+01 1.09547596e+01 1.13187180e+01 1.22021027e+01
    1.19576511e+01 1.05392008e+01 1.09528646e+01 1.19782476e+01
    1.16913662e+01 1.19831572e+01 1.31305819e+01 1.09145842e+01
    1.22237778e+01 1.24058628e+01 1.25402431e+01 1.18553085e+01
    1.26136637e+01 1.18689537e+01 1.10724449e+01 1.15627804e+01
    1.22057657e+01 1.24254465e+01 1.22464457e+01 1.18229513e+01
    1.13584518e+01 1.28602324e+01 1.31641922e+01 1.33719578e+01
    1.26808281e+01 1.22750998e+01 1.22013254e+01 1.16621532e+01
    1.23016682e+01 1.10418530e+01 1.28671293e+01 1.16426840e+01
    1.17069502e+01 1.18222494e+01 1.28027525e+01 1.19465675e+01
    1.12413816e+01 1.18980103e+01 1.23269634e+01 1.05154314e+01
    1.06047525e+01 1.09123955e+01 1.21624336e+01 1.12942801e+01
    1.27490025e+01 1.29929352e+01 1.28037405e+01 1.45789251e+01
    1.35506058e+01 1.28948708e+01 1.46940641e+01 1.36020250e+01
    1.19780674e+01 1.23220310e+01 1.19344759e+01 1.00606441e+01
    1.10955715e+01 1.07988405e+01 1.06808195e+01 9.11202717e+00
    9.65266514e+00 1.03440218e+01 1.05658579e+01 1.27645502e+01
    1.35643768e+01 1.22265368e+01 1.18841391e+01 1.22531776e+01
    1.24642067e+01 1.27907820e+01 1.17958784e+01 1.25904694e+01
    1.29210587e+01 1.22567892e+01 1.20814905e+01 1.22814703e+01
    1.31539888e+01 1.18643265e+01 1.23045702e+01 1.14689579e+01
    1.01954165e+01 1.16376648e+01 1.20831528e+01 1.21466942e+01
    1.13827705e+01 1.17929850e+01 1.26975965e+01 1.25716810e+01
    1.17079144e+01 1.30731783e+01 1.05965996e+01 1.03195171e+01
    1.02057991e+01 9.79623318e+00 1.02454796e+01 1.00138025e+01
    9.99451351e+00 9.98267841e+00 1.21896248e+01 1.17988062e+01
    1.19861145e+01 1.26660862e+01 1.06322193e+01 1.03126297e+01
    1.16877813e+01 1.14726133e+01 1.18914948e+01 1.15754519e+01
    1.06925592e+01 1.12280502e+01 1.40366926e+01 1.08801165e+01
    1.10214453e+01 1.26314058e+01 1.27023487e+01 1.19729128e+01
    1.27985516e+01 1.16625814e+01 1.28214674e+01 1.38908463e+01
    1.31113539e+01 1.01609764e+01 1.01859283e+01 1.38618555e+01
    1.21601276e+01 1.18367453e+01 1.04707050e+01 1.23784122e+01
    1.23264265e+01 1.15239143e+01 1.13344622e+01 1.16428356e+01
    1.11182413e+01 1.17863274e+01 9.92266083e+00 1.13660746e+01
    9.95513725e+00 1.11745720e+01 1.20532751e+01 1.13065710e+01
    1.13971462e+01 1.28455591e+01 1.23383322e+01 1.27952137e+01
    1.31542339e+01 1.29154234e+01 1.29208050e+01 1.19917793e+01
    1.27864494e+01 1.40313749e+01 1.19734917e+01 1.16879950e+01
    1.10235386e+01 1.18531542e+01 1.14994116e+01 1.17743921e+01
    1.06929255e+01 1.02337179e+01 1.07236605e+01 1.18682270e+01
    1.15692196e+01 1.13914652e+01 1.14567947e+01 1.17197542e+01
    1.23193960e+01 1.38493204e+01 1.22292099e+01 1.16595993e+01
    1.30490160e+01 1.27795696e+01 1.20834026e+01 1.24678478e+01
    1.30704279e+01 1.33535566e+01 1.22141857e+01 1.30106525e+01
    1.23645563e+01 1.24267235e+01 1.24775171e+01 1.29022455e+01
    1.22793751e+01 9.83977318e+00 1.04677153e+01 1.25496655e+01
    1.14585896e+01 1.05274048e+01 1.15191603e+01 1.09066858e+01
    1.07321482e+01 1.19685955e+01 1.10355597e+01 1.11111908e+01
    1.32034130e+01 1.22253828e+01 1.19151926e+01 1.33830328e+01
    1.27834311e+01 1.24883823e+01 1.24485064e+01 1.21800308e+01
    1.34401655e+01 1.30074053e+01 1.20865545e+01 1.16775103e+01
    1.23642645e+01 1.22837324e+01 1.18353596e+01 1.17623367e+01
    1.18287640e+01 1.09731693e+01 1.08349047e+01 1.06463776e+01
    9.19952869e+00 1.08821945e+01 1.15344658e+01 9.27375412e+00
    1.16137352e+01 1.09723597e+01 1.01107340e+01 1.11662273e+01
    1.14879913e+01 1.14488459e+01 1.09050236e+01 1.13483133e+01
    1.04810200e+01 1.10088501e+01 1.28819265e+01 1.22981491e+01
    1.06006298e+01 1.24547606e+01 1.21998348e+01 1.17929134e+01
    1.28537741e+01 1.30230188e+01 1.09727879e+01 1.20622406e+01
    1.20647221e+01 1.22050972e+01 1.28424854e+01 1.16715221e+01
    1.17096100e+01 1.29138117e+01 1.33422718e+01 1.13870239e+01
    1.21517096e+01 1.34035158e+01 1.27746696e+01 1.21164980e+01
    1.15108442e+01 1.23847313e+01 1.22959099e+01 1.14938107e+01
    9.61750126e+00 1.15067682e+01 1.11854858e+01 1.12146130e+01
    1.13990755e+01 1.05658779e+01 1.05399647e+01 1.16823120e+01
    1.07271652e+01 1.18763199e+01 1.12471027e+01 1.12433414e+01
    1.08571234e+01 1.21658316e+01 1.15624313e+01 1.22689877e+01
    1.18359575e+01 1.23998299e+01 1.13097811e+01 1.17190809e+01
    1.22614841e+01 1.25977468e+01 1.32412148e+01 1.42023420e+01
    1.40703344e+01 1.23925447e+01 1.31566896e+01 1.32086573e+01
    1.30223837e+01 1.36359396e+01 1.20414400e+01 1.31223354e+01
    1.33670807e+01 1.23864613e+01 1.26550932e+01 1.04644279e+01
    1.02402105e+01 1.07040386e+01 9.43310547e+00 9.56203461e+00
    1.07005558e+01 1.03589773e+01 1.02740040e+01 1.18765249e+01
    1.23916273e+01 1.29081516e+01 1.27580690e+01 1.20195189e+01
    1.36438541e+01 1.22766123e+01 1.32679453e+01 1.15342121e+01
    1.14613380e+01 1.16955996e+01 1.12494154e+01 9.94824409e+00
    1.06988554e+01 1.08543749e+01 1.00096760e+01 1.04419928e+01
    1.13718271e+01 1.16826935e+01 1.25763655e+01 1.23985987e+01
    1.25500650e+01 1.24164925e+01 1.32526884e+01 1.35101194e+01
    1.27109728e+01 1.20041142e+01 1.26407585e+01 1.26027517e+01
    1.20110188e+01 1.25282545e+01 1.23885326e+01 1.26294794e+01
    1.17859173e+01 1.16949310e+01 1.04352522e+01 1.22594223e+01
    1.25397596e+01 1.19197798e+01 1.29180126e+01 1.21358738e+01
    1.27391796e+01 1.24962311e+01 1.26755619e+01 1.22734022e+01
    1.08000488e+01 1.11970558e+01 1.14855337e+01 1.06729670e+01
    1.07646761e+01 1.15290709e+01 1.10831957e+01 1.16283627e+01
    1.22003021e+01 1.23118410e+01 1.19072113e+01 1.21242628e+01
    1.20612411e+01 1.02791634e+01 1.17792864e+01 1.21945276e+01
    1.17943144e+01 1.09693022e+01 1.16469660e+01 1.20702915e+01
    1.31551418e+01 1.22225418e+01 1.08208351e+01 1.19715710e+01
    1.32206888e+01 1.25135574e+01 1.17999544e+01 1.16299906e+01
    1.30710688e+01 1.34203625e+01 1.30808210e+01 1.09459562e+01
    1.11354074e+01 1.21616659e+01 1.30050144e+01 1.25739651e+01
    1.07104368e+01 1.16827374e+01 1.38114614e+01 1.21143732e+01
    1.15482264e+01 1.13281498e+01 1.16095324e+01 1.18001318e+01
    1.07275772e+01 1.02257843e+01 1.12924690e+01 1.20742979e+01
    1.24032450e+01 1.05716848e+01 1.23039074e+01 1.32580767e+01
    1.32018156e+01 1.26333847e+01 1.28589840e+01 1.21775665e+01
    1.38330088e+01 1.35142841e+01 1.23587561e+01 1.15669365e+01
    1.28760853e+01 1.32244692e+01 1.12597294e+01 1.16882982e+01
    1.20423441e+01 1.06632071e+01 1.15704908e+01 9.83558559e+00
    8.90245914e+00 1.24766941e+01 1.21057014e+01 1.18655739e+01
    1.08593264e+01 1.16165266e+01 1.18377419e+01 1.37501354e+01
    1.22452869e+01 1.19396744e+01 1.31389036e+01 1.25883369e+01
    1.21286478e+01 1.35350895e+01 1.24134035e+01 1.20296125e+01
    1.13479347e+01 1.17657480e+01 1.18513174e+01 1.26741991e+01
    1.08707943e+01 1.17815666e+01 1.22525139e+01 1.10920200e+01
    1.12641811e+01 1.31934586e+01 1.22772083e+01 1.06116657e+01
    1.06236115e+01 1.10783768e+01 1.21619749e+01 1.09684792e+01
    1.04216309e+01 1.11892252e+01 1.22380524e+01 1.05424585e+01
    1.03439560e+01 1.25715437e+01 1.24444036e+01 1.20389376e+01
    1.14346275e+01 1.13178215e+01 1.26734457e+01 1.39321909e+01
    1.20552902e+01 1.14618511e+01 1.19710236e+01 1.18410034e+01
    1.05415068e+01 1.15971575e+01 1.09539309e+01 1.20025177e+01
    1.02352533e+01 1.02083778e+01 1.13723774e+01 8.75399303e+00
    1.07617369e+01 1.10030622e+01 1.09807301e+01 9.77183533e+00
    9.84695721e+00 1.21445208e+01 1.28259706e+01 1.19676132e+01
    1.16803522e+01 1.08368702e+01 1.15137453e+01 1.14866676e+01
    1.24545546e+01 1.21782703e+01 1.17788029e+01 1.18543873e+01
    1.12120361e+01 1.22786465e+01 1.25254259e+01 1.08781586e+01
    1.29289265e+01 1.17463512e+01 1.20942879e+01 1.29185276e+01
    1.22877541e+01 1.17193918e+01 1.24887609e+01 1.26014385e+01
    1.24904833e+01 1.28352566e+01 1.23228674e+01 1.27460651e+01
    1.19856205e+01 1.32207508e+01 1.12396088e+01 1.07656517e+01
    1.22173910e+01 1.07442923e+01 1.02548828e+01 1.06675081e+01
    1.17791576e+01 9.80289745e+00 1.14049225e+01 1.01182041e+01
    1.06060076e+01 1.17616787e+01 1.06899977e+01 1.15609779e+01
    1.10345469e+01 1.10016375e+01 1.13864079e+01 1.08525143e+01
    1.10758724e+01 1.04592171e+01 1.11258497e+01 1.22426519e+01
    1.12888603e+01 1.07312956e+01 1.21299458e+01 1.28737736e+01
    1.31168127e+01 1.29314032e+01 1.24532871e+01 1.23575020e+01
    1.26318798e+01 1.22835360e+01 1.39432526e+01 1.33984184e+01
    1.26457090e+01 1.24090548e+01 1.28614006e+01 1.25435104e+01
    1.30246830e+01 1.13375912e+01 1.14333572e+01 1.02311983e+01
    1.03620195e+01 1.03737717e+01 1.03553915e+01 1.01631021e+01
    1.02396603e+01 1.23504086e+01 1.31199970e+01 1.28813143e+01
    1.24330149e+01 1.21479139e+01 1.43558931e+01 1.33669329e+01
    1.24086962e+01 1.30634613e+01 1.21456022e+01 1.12620335e+01
    1.12730579e+01 1.10805807e+01 1.14320278e+01 1.04430447e+01
    1.08116970e+01 1.11920834e+01 9.93705559e+00 1.23936405e+01
    1.23839283e+01 1.23055973e+01 1.25154018e+01 1.33025017e+01
    1.28736382e+01 1.27504587e+01 1.30748720e+01 1.26352577e+01
    1.28607111e+01 1.38106699e+01 1.19218082e+01 1.15950155e+01
    1.31423883e+01 1.30112944e+01 1.17186718e+01 1.09356394e+01
    1.05753498e+01 1.21551428e+01 1.11881218e+01 1.12358484e+01
    1.25718384e+01 1.23602905e+01 1.16799717e+01 1.23580904e+01
    1.17948093e+01 1.17670755e+01 1.08061657e+01 1.22677126e+01
    9.96292210e+00 1.06689606e+01 1.12756376e+01 1.08021612e+01
    1.17964125e+01 1.26353617e+01 1.05938816e+01 1.19301949e+01
    1.29964828e+01 1.27359056e+01 1.24984913e+01 1.05051003e+01
    1.12204580e+01 1.25852575e+01 1.15485306e+01 1.13962278e+01
    1.15527363e+01 1.22597551e+01 1.24362869e+01 1.25027256e+01
    1.19361382e+01 1.17449007e+01 1.19985504e+01 1.09945755e+01
    1.10740709e+01 1.29089489e+01 1.29347162e+01 1.34192495e+01
    1.24475393e+01 1.11652403e+01 1.24488974e+01 1.22920256e+01
    1.28290854e+01 1.20583763e+01 1.09689665e+01 1.14939194e+01
    1.21504335e+01 1.09965096e+01 1.15292540e+01 1.25209045e+01
    1.15380850e+01 1.15092392e+01 1.14694958e+01 1.13358793e+01
    1.10579290e+01 1.16484690e+01 1.16823330e+01 1.19823799e+01
    1.24741840e+01 1.28384104e+01 1.25808105e+01 1.40363445e+01
    1.37204533e+01 1.26471138e+01 1.26496496e+01 1.21519089e+01
    1.19169636e+01 1.21704826e+01 1.15016336e+01 1.29980936e+01
    1.14978886e+01 1.25519657e+01 1.23872271e+01 1.22550697e+01
    1.24594822e+01 1.00275173e+01 1.03490887e+01 1.11943731e+01
    1.03839054e+01 1.09865007e+01 1.14152508e+01 1.11287327e+01
    1.24308863e+01 1.30065451e+01 1.28543730e+01 1.26120481e+01
    1.20025539e+01 1.27482347e+01 1.23734503e+01 1.37308502e+01
    1.26107788e+01 1.31113567e+01 1.34842911e+01 1.25838013e+01
    1.26794415e+01 1.22574081e+01 1.19071865e+01 1.18925142e+01
    1.22502317e+01 1.10440493e+01 9.32391834e+00 1.25254278e+01
    1.13214855e+01 1.22730532e+01 1.08747511e+01 1.27018862e+01
    1.24143963e+01 1.23590298e+01 1.17628422e+01 1.21052151e+01
    1.24436932e+01 1.20916643e+01 1.14871626e+01 1.28309050e+01
    1.18686533e+01 1.04620914e+01 1.13213167e+01 1.06484175e+01
    1.10885038e+01 1.23931990e+01 1.22356720e+01 1.06797056e+01
    1.13224106e+01 1.24008694e+01 1.23038025e+01 1.09675350e+01
    1.11799936e+01 1.22131071e+01 9.00204659e+00 1.12380953e+01
    1.13793526e+01 8.94107151e+00 1.00325546e+01 1.07411432e+01
    1.04704590e+01 1.16063242e+01 9.90868950e+00 1.11044750e+01
    1.40357494e+01 1.24165030e+01 1.25963078e+01 1.17741547e+01
    1.21741276e+01 1.32039852e+01 1.23353806e+01 1.24096003e+01
    1.17804861e+01 1.09810791e+01 1.26141243e+01 1.19982615e+01
    1.30030575e+01 1.26105566e+01 1.27700739e+01 1.20742245e+01
    1.15385361e+01 1.48146667e+01 1.15797253e+01 1.21971760e+01
    1.24369831e+01 1.31428900e+01 1.16989994e+01 1.18559532e+01
    1.18355989e+01 1.17371817e+01 1.20601273e+01 1.23973904e+01
    1.20467291e+01 1.19927864e+01 1.23999310e+01 1.12138529e+01
    1.13400497e+01 1.19208603e+01 1.04100952e+01 1.04929924e+01
    1.10315447e+01 1.10084467e+01 1.09362421e+01 1.30400085e+01
    1.13458529e+01 1.14088173e+01 1.08944225e+01 1.13389320e+01
    1.06478338e+01 1.00693045e+01 1.08128481e+01 1.11676903e+01
    1.12303648e+01 1.04252968e+01 1.00613966e+01 1.15455055e+01
    1.16352282e+01 1.13400230e+01 1.27141876e+01 1.27123232e+01
    1.23720798e+01 1.38965464e+01 1.28733997e+01 1.41040497e+01
    1.29887056e+01 1.30826845e+01 1.30298719e+01 1.28319445e+01
    1.31703081e+01 1.25893669e+01 1.25302401e+01 1.21521988e+01
    1.05727177e+01 1.15285540e+01 1.11524162e+01 1.09441786e+01
    1.10736494e+01 1.08963175e+01 1.12647552e+01 1.24140825e+01
    1.26203375e+01 1.26225929e+01 1.21280975e+01 1.40310841e+01
    1.37338600e+01 1.30985727e+01 1.26174469e+01 1.26774769e+01
    1.25584631e+01 1.14686918e+01 1.01095285e+01 1.14426451e+01
    1.04734945e+01 9.93774891e+00 1.09063711e+01 1.05508366e+01
    1.12616310e+01 1.12481565e+01 1.23076830e+01 1.10411615e+01
    1.15898247e+01 1.24728374e+01 1.30776958e+01 1.15738592e+01
    1.22048597e+01 1.25889044e+01 1.19199915e+01 1.25454712e+01
    1.20092440e+01 1.24445572e+01 1.29750843e+01 1.18329973e+01
    1.16613903e+01 1.06711750e+01 1.08415470e+01 1.17785892e+01
    1.18822975e+01 1.04718485e+01 1.07435913e+01 1.11637964e+01
    1.12721615e+01 1.13001699e+01 1.13932638e+01 1.04901266e+01
    1.07575560e+01 1.13328180e+01 1.05007877e+01 1.15298052e+01
    1.21196957e+01 1.11417894e+01 1.19725847e+01 1.29992514e+01
    1.23705359e+01 1.22330503e+01 1.18526516e+01 1.18284988e+01
    1.22459183e+01 1.04407349e+01 1.12389898e+01 1.19973621e+01
    9.28647137e+00 1.15127726e+01 1.07641630e+01 1.05415010e+01
    1.10836201e+01 1.13813677e+01 1.13195724e+01 1.19921417e+01
    1.16231365e+01 1.16275387e+01 1.27050295e+01 1.30576515e+01
    1.37535343e+01 1.42869968e+01 1.28223276e+01 1.25665789e+01
    1.43645420e+01 1.29573231e+01 1.15784941e+01 1.23808393e+01
    1.11497469e+01 1.15252295e+01 1.28583403e+01 1.27951412e+01
    1.19140463e+01 1.20826654e+01 1.16896181e+01 1.08983030e+01
    1.11341839e+01 1.14163227e+01 1.11697245e+01 1.18833818e+01
    1.17825985e+01 1.10269537e+01 1.23863010e+01 1.25231447e+01
    1.20451536e+01 1.26443033e+01 1.23088207e+01 1.21881170e+01
    1.30684872e+01 1.23498831e+01 1.23142681e+01 1.21939783e+01
    1.22965317e+01 1.17087774e+01 1.23144569e+01 1.21736927e+01
    1.30154486e+01 1.13964109e+01 1.16199379e+01 1.11545086e+01
    1.04474306e+01 1.19284735e+01 1.00620890e+01 1.13300867e+01
    1.05410118e+01 1.05959234e+01 1.13369532e+01 1.23641672e+01
    1.17940350e+01 1.33006573e+01 1.24447117e+01 1.26608667e+01
    1.27066288e+01 1.20700626e+01 1.46417789e+01 1.31159582e+01
    1.38736572e+01 1.36835432e+01 1.33178034e+01 1.41783161e+01
    1.37628641e+01 1.38221006e+01 1.21704350e+01 1.23790102e+01
    1.11193895e+01 1.23128853e+01 1.25111389e+01 1.21742449e+01
    1.06352625e+01 1.13829355e+01 1.13968372e+01 1.25840244e+01
    1.23549404e+01 1.27428083e+01 1.32516813e+01 1.18480444e+01
    1.23230047e+01 1.28163261e+01 1.24386654e+01 1.08815022e+01
    1.17846441e+01 1.06149158e+01 1.11127996e+01 1.22757196e+01
    1.22917337e+01 1.15117588e+01 1.11600828e+01 1.18508177e+01
    1.17699261e+01 1.13657827e+01 1.04494638e+01 1.04912720e+01
    1.04232006e+01 1.20937576e+01 1.00732689e+01 9.94110870e+00
    1.14782114e+01 1.13223944e+01 1.06544809e+01 1.06112309e+01
    1.09646568e+01 1.20701609e+01 1.32956057e+01 1.27132769e+01
    1.35036745e+01 1.26892471e+01 1.37242813e+01 1.31325636e+01
    1.38220015e+01 1.32087240e+01 1.23571949e+01 1.15496969e+01
    1.29051008e+01 1.20173979e+01 1.23549776e+01 1.29844790e+01
    1.17385187e+01 1.24778214e+01 1.25567808e+01 1.38754826e+01
    1.30515041e+01 1.18418188e+01 1.18229055e+01 1.30546627e+01
    1.28757687e+01 1.23519897e+01 1.21866875e+01 1.24481573e+01
    1.19700880e+01 1.24396162e+01 1.17273617e+01 1.26870756e+01
    1.24799128e+01 1.03338041e+01 1.01065006e+01 1.24500475e+01
    9.90421677e+00 1.00419302e+01 1.07807426e+01 9.90195847e+00
    1.09930439e+01 1.22919664e+01 1.19543266e+01 1.18613119e+01
    1.10583467e+01 1.00069637e+01 1.10119143e+01 1.04987659e+01
    9.96579838e+00 1.03711700e+01 1.10133820e+01 9.74658394e+00
    1.00508232e+01 1.20670481e+01 1.19283943e+01 1.24290371e+01
    1.29444666e+01 1.32917938e+01 1.39180517e+01 1.24059753e+01
    1.40128384e+01 1.41816912e+01 1.31459179e+01 1.35306625e+01
    1.26043425e+01 1.25275631e+01 1.31871014e+01 1.20771265e+01
    1.23892746e+01 1.26735954e+01 1.10553579e+01 1.09147387e+01
    1.17270756e+01 1.15131092e+01 1.00804205e+01 1.01212301e+01
    1.06869431e+01 1.28780422e+01 1.22950268e+01 1.17822886e+01
    1.26077442e+01 1.41243410e+01 1.38484631e+01 1.36757927e+01
    1.33778601e+01 1.20829315e+01 1.29972057e+01 1.11700974e+01
    1.03626080e+01 1.11104736e+01 1.15027237e+01 1.03604612e+01
    1.15742340e+01 1.11726685e+01 1.13723068e+01 1.06695890e+01
    1.20834713e+01 1.03318071e+01 1.09904327e+01 1.35113869e+01
    1.22300119e+01 1.18618603e+01 1.27722673e+01 1.14860792e+01
    1.19031410e+01 1.28393822e+01 1.21195145e+01 1.13746910e+01
    1.10179386e+01 1.21386747e+01 1.17448721e+01 1.06695900e+01
    1.04175854e+01 1.13277454e+01 1.12889051e+01 1.04960403e+01
    9.46926022e+00 1.19536123e+01 1.00299759e+01 1.08742104e+01
    1.05632801e+01 1.03934441e+01 1.08120832e+01 1.14147234e+01
    1.08268194e+01 1.15887804e+01 1.19081564e+01 1.22960806e+01
    1.23187075e+01 1.25613518e+01 1.36955070e+01 1.29794731e+01
    1.19044485e+01 1.24647284e+01 1.18607616e+01 1.13487043e+01
    9.88658333e+00 1.06401243e+01 1.15883360e+01 9.96403408e+00
    9.32224464e+00 1.09103918e+01 1.10165291e+01 1.00189810e+01
    1.07388611e+01 1.13808336e+01 1.10610046e+01 1.16433430e+01
    1.18708735e+01 1.20662394e+01 1.37669163e+01 1.39467411e+01
    1.14700708e+01 1.15133629e+01 1.32581301e+01 1.18980103e+01
    1.13189001e+01 1.17348862e+01 1.05374985e+01 1.17015953e+01
    1.10506687e+01 1.01444187e+01 1.06546679e+01 1.13706865e+01
    1.09627409e+01 1.19069300e+01 1.13889685e+01 1.27156506e+01
    1.13750458e+01 1.21516504e+01 1.26205978e+01 1.01692591e+01
    1.16536713e+01 1.27656803e+01 1.19486256e+01 1.20709410e+01
    1.30437183e+01 1.33303566e+01 1.27221155e+01 1.26447401e+01
    1.19979849e+01 1.19898615e+01 1.13241825e+01 1.20860138e+01
    1.09103079e+01 1.17121544e+01 1.15476999e+01 1.10789919e+01
    1.18177147e+01 1.08322058e+01 1.07189474e+01 1.03478241e+01
    1.10279846e+01 1.08301716e+01 9.68925095e+00 1.08519430e+01
    1.20527048e+01 1.26018400e+01 1.22194328e+01 1.35591383e+01
    1.19684315e+01 1.26283474e+01 1.18810110e+01 1.37823572e+01
    1.34632578e+01 1.15716887e+01 1.19240942e+01 1.34795094e+01
    1.17023630e+01 1.31018553e+01 1.26611061e+01 1.23621063e+01
    1.32850876e+01 1.28009310e+01 1.24304314e+01 1.34232149e+01
    1.33376169e+01 1.16478262e+01 1.12772074e+01 1.29456291e+01
    1.18514528e+01 1.14546719e+01 1.21674528e+01 1.19206743e+01
    1.20973225e+01 1.20347700e+01 1.25912542e+01 1.32178326e+01
    1.24194012e+01 1.10812168e+01 1.07654400e+01 1.02539473e+01
    1.08931227e+01 1.06567144e+01 1.09052858e+01 1.05874939e+01
    1.06594467e+01 1.23957253e+01 1.20771675e+01 1.19875565e+01
    1.24298191e+01 1.15904160e+01 1.06595383e+01 1.26265497e+01
    1.08650351e+01 1.08420820e+01 1.21455889e+01 1.10918236e+01
    1.20181417e+01 1.17650185e+01 1.04569502e+01 1.22826042e+01
    1.28973913e+01 1.17464333e+01 1.22402458e+01 1.24634142e+01
    1.36697588e+01 1.34282160e+01 1.34461861e+01 1.17143393e+01
    1.18616610e+01 1.25171404e+01 1.15553770e+01 1.17514334e+01
    1.18068762e+01 1.27668629e+01 1.13464975e+01 1.24248171e+01
    1.25139723e+01 1.22491779e+01 1.21840935e+01 1.34279375e+01
    1.24635019e+01 1.20961599e+01 1.21814413e+01 1.11959896e+01
    1.14251528e+01 1.19735241e+01 9.90872669e+00 1.20688181e+01
    1.21847248e+01 1.21151476e+01 1.06792479e+01 1.13268576e+01
    1.07434692e+01 1.14408007e+01 1.17582684e+01 1.09925642e+01
    1.02377062e+01 1.06567135e+01 1.12835264e+01 1.29643030e+01
    1.16599283e+01 1.21460962e+01 1.16453915e+01 1.00137033e+01
    1.04417229e+01 1.06168756e+01 9.91989613e+00 1.03931742e+01
    9.61841297e+00 9.93937016e+00 1.03060865e+01 1.17694654e+01
    1.16569653e+01 1.29375563e+01 1.38186216e+01 1.25010643e+01
    1.36555214e+01 1.37783508e+01 1.52174587e+01 1.36484337e+01
    1.27984505e+01 1.24718971e+01 1.18032312e+01 1.32394533e+01
    1.16046791e+01 1.16130428e+01 1.13519535e+01 1.15555077e+01
    9.71902466e+00 1.19876328e+01 1.11853542e+01 1.08192034e+01
    1.13450670e+01 1.09075069e+01 1.16328144e+01 1.28239193e+01
    1.14940643e+01 1.17384834e+01 1.26912260e+01 1.33866644e+01
    1.29579659e+01 1.39573946e+01 1.34060249e+01 1.30952263e+01
    1.36351023e+01 1.27438936e+01 1.10671215e+01 1.27770624e+01
    1.13416214e+01 1.05386810e+01 1.22749643e+01 1.22654877e+01
    1.11153860e+01 1.18928814e+01 1.24922953e+01 1.04900656e+01
    1.10000420e+01 1.19377518e+01 1.29492121e+01 1.31367941e+01
    1.30241814e+01 1.09067993e+01 1.26308346e+01 1.21374254e+01
    1.11079473e+01 1.18842430e+01 1.16076574e+01 1.12574244e+01
    1.03531065e+01 9.59243584e+00 1.05170288e+01 1.07166109e+01
    1.07895317e+01 1.04694700e+01 9.98352432e+00 1.11452398e+01
    1.12049484e+01 1.11955004e+01 1.13740635e+01 1.10245142e+01
    1.19140425e+01 1.06895704e+01 1.18102589e+01 1.20685186e+01
    1.19924402e+01 1.17005339e+01 1.26337862e+01 1.29206476e+01
    1.14170361e+01 1.11255856e+01 1.03151884e+01 1.12998123e+01
    1.14259052e+01 1.06116838e+01 9.89312935e+00 1.10170317e+01
    1.15709372e+01 9.52429199e+00 1.00212040e+01 1.12290163e+01
    1.07958384e+01 1.09061384e+01 9.02123833e+00 1.08433495e+01
    1.13917513e+01 1.07143192e+01 1.02458277e+01 1.10373116e+01
    1.21013966e+01 1.27993231e+01 1.10505133e+01 1.05475025e+01
    1.37471437e+01 1.23244114e+01 1.21522741e+01 1.04719944e+01
    1.15352268e+01 1.21399441e+01 1.12009258e+01 9.60616398e+00
    1.15057707e+01 1.16540127e+01 1.14141932e+01 1.14959354e+01
    1.08461714e+01 1.30363064e+01 1.37870340e+01 1.26049614e+01
    1.23234987e+01 1.24532671e+01 1.31493025e+01 1.42832050e+01
    1.24983320e+01 1.19115276e+01 1.29566460e+01 1.33642550e+01
    1.31271658e+01 1.26825590e+01 1.28146563e+01 1.29134369e+01
    1.26731892e+01 1.29368172e+01 1.14649105e+01 1.04022694e+01
    1.30069675e+01 1.23615875e+01 1.07566700e+01 9.88197517e+00
    1.04182825e+01 1.06894655e+01 1.08091326e+01 1.06893206e+01
    9.32616711e+00 9.95617390e+00 1.07404690e+01 1.14768476e+01
    1.29158859e+01 1.05135832e+01 1.25277433e+01 1.34773407e+01
    1.29029503e+01 1.53964281e+01 1.28716354e+01 1.20660381e+01
    1.37119961e+01 1.30803385e+01 1.38365841e+01 1.25279093e+01
    1.32415304e+01 1.35537815e+01 1.41446991e+01 1.16734495e+01
    1.30285244e+01 1.31854296e+01 1.16878195e+01 1.16369123e+01
    1.39722757e+01 1.17581205e+01 1.15407381e+01 1.25804920e+01
    1.30336180e+01 1.12326603e+01 1.33069344e+01 1.21232395e+01
    1.23192463e+01 1.27124691e+01 1.26268950e+01 1.12748871e+01
    1.05298796e+01 1.09443846e+01 9.96468163e+00 1.04658308e+01
    9.56121731e+00 1.00058117e+01 1.12195444e+01 1.24346542e+01
    1.18141441e+01 1.16577959e+01 1.27159348e+01 1.27974367e+01
    1.16015968e+01 1.28264818e+01 1.14474621e+01 1.18567705e+01
    1.32896271e+01 1.15238333e+01 1.28024540e+01 1.22190456e+01
    1.17888269e+01 1.38629475e+01 1.31912994e+01 1.27109098e+01
    1.31657743e+01 1.21749401e+01 1.29804697e+01 1.28124962e+01
    1.22667265e+01 1.20839138e+01 1.11111841e+01 1.19571209e+01
    1.21089392e+01 1.16331892e+01 1.35619087e+01 1.17081566e+01
    1.26059370e+01 1.36393280e+01 1.42463274e+01 1.33260031e+01
    1.35302448e+01 1.36288195e+01 1.23324966e+01 1.20623131e+01
    1.36180248e+01 1.22608843e+01 1.18823452e+01 1.20249939e+01
    1.17993660e+01 1.25524788e+01 1.27761822e+01 1.28078680e+01
    1.31556187e+01 1.25919619e+01 1.13498402e+01 1.11563797e+01
    1.12440557e+01 1.00363083e+01 9.90974998e+00 1.02340183e+01
    1.07154856e+01 1.13375645e+01 1.16921062e+01 1.17213116e+01
    1.12701807e+01 1.09097271e+01 1.12252674e+01 1.04420662e+01
    1.00140009e+01 1.07168741e+01 9.47543049e+00 9.60212231e+00
    1.04028025e+01 1.11356745e+01 1.11674471e+01 1.22643194e+01
    1.27042761e+01 1.16157646e+01 1.29249048e+01 1.37775335e+01
    1.36648283e+01 1.36369743e+01 1.25988913e+01 1.39979801e+01
    1.21720505e+01 1.21654015e+01 1.18013897e+01 1.13653440e+01
    1.21056585e+01 9.15225506e+00 1.12636747e+01 1.20923986e+01
    1.10447750e+01 1.03527279e+01 1.10696840e+01 1.06757994e+01
    1.15041933e+01 1.19876299e+01 1.11935740e+01 1.06624641e+01
    1.17564125e+01 1.26006899e+01 1.20831642e+01 1.26481533e+01
    1.36055450e+01 1.38640862e+01 1.24015522e+01 1.18648129e+01
    1.15285988e+01 1.18036203e+01 1.15094509e+01 1.10727892e+01
    1.10065222e+01 1.04308405e+01 1.08089399e+01 9.83910942e+00
    1.10168324e+01 1.07452993e+01 1.01548433e+01 1.12786694e+01
    1.23218765e+01 1.32664423e+01 1.15792198e+01 1.18737650e+01
    1.20130701e+01 1.14409504e+01 1.14925594e+01 1.16887102e+01
    1.02940216e+01 1.06659870e+01 1.02515268e+01 1.03274279e+01
    1.10010328e+01 1.10025377e+01 1.05222464e+01 1.15796900e+01
    1.18149109e+01 1.17002716e+01 1.12975988e+01 1.23547497e+01
    1.09559832e+01 1.16368208e+01 1.26860065e+01 1.16268034e+01
    1.16121988e+01 1.29813833e+01 1.36600275e+01 1.22864733e+01
    1.17360535e+01 1.36601448e+01 1.16623058e+01 1.25767336e+01
    1.28664465e+01 1.16153889e+01 1.11544418e+01 1.10003510e+01
    1.01822758e+01 1.01087761e+01 9.21721649e+00 1.02221518e+01
    8.50826454e+00 1.00553417e+01 1.11368389e+01 1.12953806e+01
    9.59017086e+00 9.86067486e+00 1.26707268e+01 1.24268551e+01
    1.23426533e+01 1.17509174e+01 1.23389063e+01 1.32805862e+01
    1.21703587e+01 1.21572218e+01 1.26202097e+01 1.20549774e+01
    1.07915659e+01 1.18465776e+01 1.08798141e+01 1.18286114e+01
    1.23188725e+01 1.11403399e+01 1.08928995e+01 1.23695841e+01
    1.27518721e+01 1.07686882e+01 1.12875404e+01 1.29897985e+01
    1.37335615e+01 1.19412165e+01 1.16248531e+01 1.32517147e+01
    1.24576321e+01 1.25462656e+01 1.21800623e+01 1.16047468e+01
    1.23902559e+01 1.25116720e+01 1.26453648e+01 1.34663944e+01
    1.29539843e+01 1.21754608e+01 1.36496639e+01 1.29697571e+01
    1.25486822e+01 1.16547527e+01 1.13298626e+01 1.04182215e+01
    1.09022303e+01 9.16864967e+00 8.23555088e+00 8.29657078e+00
    1.00593367e+01 9.71494102e+00 8.95345688e+00 9.79603958e+00
    9.91226959e+00 1.06479397e+01 1.16938562e+01 1.14907789e+01
    1.05464287e+01 1.24392090e+01 1.20082169e+01 1.49125671e+01
    1.34665318e+01 1.34499636e+01 1.24269943e+01 1.32865362e+01
    1.34905853e+01 1.27514782e+01 1.23821020e+01 1.38258133e+01
    1.36141243e+01 1.27043915e+01 1.46454906e+01 1.49769526e+01
    1.35086975e+01 1.23710804e+01 1.24107943e+01 1.27053528e+01
    1.28930969e+01 1.20669308e+01 1.25204220e+01 1.26979742e+01
    1.29739571e+01 1.24797239e+01 1.16522865e+01 1.42284803e+01
    1.13384762e+01 1.16178627e+01 1.13860874e+01 1.05918999e+01
    1.10908451e+01 9.85993385e+00 1.00974712e+01 1.03507843e+01
    1.20726023e+01 1.19532175e+01 1.16287355e+01 1.21692705e+01
    1.38238869e+01 1.22954683e+01 1.25601664e+01 1.35012941e+01
    1.18737993e+01 1.13245478e+01 1.18218460e+01 1.33271456e+01
    1.23816442e+01 1.22450380e+01 1.16902246e+01 1.41456470e+01
    1.27522554e+01 1.25547638e+01 1.32849712e+01 1.26588678e+01
    1.28216085e+01 1.33829298e+01 1.21512756e+01 1.27553320e+01
    1.28290777e+01 1.08937578e+01 1.06217937e+01 1.19097052e+01
    1.39099731e+01 1.27358017e+01 1.20984659e+01 1.34721823e+01
    1.37649069e+01 1.40788050e+01 1.29603319e+01 1.41945925e+01
    1.29515896e+01 1.15082407e+01 1.30781288e+01 1.26820498e+01
    1.18542871e+01 1.12445717e+01 1.06259089e+01 1.20214729e+01
    1.24792500e+01 1.14663248e+01 1.24732876e+01 1.26591187e+01
    1.20640736e+01 1.07150021e+01 1.16746674e+01 1.08445024e+01
    1.03791304e+01 1.09183807e+01 1.05975943e+01 1.15525274e+01
    1.15090294e+01 1.23262577e+01 1.19492607e+01 1.09709682e+01
    1.05417109e+01 1.00724649e+01 1.07066250e+01 1.09401150e+01
    9.40465736e+00 9.77258587e+00 1.21283770e+01 1.17923164e+01
    1.12782116e+01 1.11707888e+01 1.20089054e+01 1.17970381e+01
    1.18677483e+01 1.27217369e+01 1.32423725e+01 1.26867466e+01
    1.17211399e+01 1.26425390e+01 1.34824247e+01 1.24100351e+01
    1.19941044e+01 1.10784960e+01 1.26072845e+01 1.22380877e+01
    1.02143574e+01 1.24100704e+01 1.21223211e+01 1.12213545e+01
    9.73223305e+00 1.20608482e+01 1.12572451e+01 1.17089682e+01
    9.95324516e+00 1.16336212e+01 1.17337656e+01 1.23716707e+01
    1.25709114e+01 1.22681198e+01 1.28319807e+01 1.31250925e+01
    1.25927229e+01 1.18482733e+01 1.24310894e+01 1.17068481e+01
    1.28240385e+01 1.15200777e+01 1.24966564e+01 1.14493704e+01
    1.17394772e+01 1.24428034e+01 1.10044937e+01 1.13903561e+01
    1.16013403e+01 1.24345036e+01 1.22623062e+01 1.18397207e+01
    1.19982042e+01 1.15555296e+01 1.18250141e+01 1.16673994e+01
    1.04590492e+01 1.08310966e+01 9.91355419e+00 1.01824503e+01
    1.09887991e+01 9.91399479e+00 1.10756721e+01 1.13062305e+01
    9.79729557e+00 1.13710966e+01 1.19338198e+01 1.17077026e+01
    1.13733673e+01 1.10862484e+01 1.15494947e+01 1.07794180e+01
    1.26975174e+01 1.23014774e+01 1.12158556e+01 1.25352383e+01
    1.24613447e+01 1.28091707e+01 1.21741142e+01 1.23141489e+01
    1.27398586e+01 1.11551886e+01 1.26029596e+01 1.17529745e+01
    1.22322550e+01 1.22528448e+01 1.10447369e+01 1.11605320e+01
    1.01945467e+01 1.01201582e+01 9.92670059e+00 1.02985668e+01
    1.12425432e+01 1.05837841e+01 1.09719810e+01 1.08640614e+01
    1.08189936e+01 1.28304272e+01 1.16219997e+01 1.22942905e+01
    1.22705555e+01 1.20704460e+01 1.28169403e+01 1.31609297e+01
    1.09100180e+01 1.19352226e+01 9.75897312e+00 1.09646778e+01
    1.14955196e+01 1.04983387e+01 1.01129227e+01 9.78316879e+00
    1.08214235e+01 1.09824276e+01 1.11478186e+01 1.12216301e+01
    1.13593225e+01 1.16793127e+01 1.29923744e+01 1.15818424e+01
    1.27861214e+01 1.08733463e+01 1.18948326e+01 1.06774826e+01
    1.13607597e+01 1.14705362e+01 1.16371689e+01 1.28760519e+01
    1.24746494e+01 1.18476839e+01 1.34354143e+01 1.38327341e+01
    1.24109774e+01 1.24482965e+01 1.22329206e+01 1.17699461e+01
    1.08238859e+01 1.09436550e+01 1.05980682e+01 9.29092216e+00
    8.78549385e+00 8.87775326e+00 9.29205704e+00 1.06109838e+01
    9.41208553e+00 9.23460197e+00 9.00885773e+00 1.12918100e+01
    1.11748552e+01 1.13363543e+01 1.04409990e+01 1.09442406e+01
    1.24273834e+01 1.34001064e+01 1.38521624e+01 1.20013542e+01
    1.27765837e+01 1.34908066e+01 1.25619287e+01 1.32642288e+01
    1.25519648e+01 1.24729328e+01 1.25618744e+01 1.31283360e+01
    1.32176781e+01 1.42669373e+01 1.39345922e+01 1.31976328e+01
    1.35809860e+01 1.44752674e+01 1.36149483e+01 1.46264791e+01
    1.28532772e+01 1.32696390e+01 1.35664797e+01 1.27730875e+01
    1.27622852e+01 1.30487356e+01 1.34936037e+01 9.42567921e+00
    1.05205622e+01 1.08284216e+01 1.04356861e+01 1.02809629e+01
    1.02476177e+01 1.09329586e+01 1.17200422e+01 1.38392200e+01
    1.27578173e+01 1.33714914e+01 1.34906836e+01 1.31411648e+01
    1.31884489e+01 1.24939404e+01 1.24225903e+01 1.23034868e+01
    1.15805387e+01 1.25781116e+01 1.33821640e+01 1.30862494e+01
    1.14477844e+01 1.34924164e+01 1.24012709e+01 1.24906511e+01
    1.31460991e+01 1.20421476e+01 1.18115959e+01 1.30885124e+01
    1.18054495e+01 1.25288820e+01 1.23124266e+01 1.12915258e+01
    1.22088184e+01 1.20403233e+01 1.19368114e+01 1.24431276e+01
    1.13017311e+01 1.20204334e+01 1.36141968e+01 1.23327112e+01
    1.34781275e+01 1.41396122e+01 1.23293352e+01 1.18484774e+01
    1.27207174e+01 1.27982349e+01 1.26088438e+01 1.17887840e+01
    1.13713474e+01 1.13848047e+01 1.17977200e+01 1.31125984e+01
    1.28041182e+01 1.19240627e+01 1.19605598e+01 1.26210499e+01
    1.30462227e+01 1.21144829e+01 1.07778864e+01 1.01849184e+01
    1.20080595e+01 1.19598351e+01 1.09620123e+01 1.19741373e+01
    1.11610212e+01 1.24188480e+01 1.11369905e+01 1.07102375e+01
    1.24243460e+01 1.11158810e+01 9.43380260e+00 1.01055088e+01
    1.11813650e+01 1.13837500e+01 1.18408995e+01 1.13246307e+01
    1.25765972e+01 1.25371876e+01 1.11634521e+01 1.31538267e+01
    1.34443216e+01 1.23955259e+01 1.00340252e+01 1.07791986e+01
    1.30545940e+01 1.16630459e+01 1.08273544e+01 1.01360674e+01
    1.06384315e+01 1.22362690e+01 1.06190338e+01 1.27319536e+01
    1.28970404e+01 1.03962536e+01 1.12122068e+01 1.30182323e+01
    1.22684212e+01 9.58324528e+00 1.11529322e+01 1.04633808e+01
    1.07200537e+01 1.23193188e+01 1.26948452e+01 1.06628494e+01
    1.26118736e+01 1.29103069e+01 1.26684084e+01 1.29138184e+01
    1.16934986e+01 1.17409039e+01 1.27047520e+01 1.25953007e+01
    1.24206114e+01 1.15192375e+01 1.21155605e+01 1.18303213e+01
    1.18632774e+01 1.18632622e+01 1.03152132e+01 1.17518482e+01
    1.34826555e+01 1.23664141e+01 1.32161503e+01 1.17804642e+01
    1.07797585e+01 1.07847691e+01 9.56872940e+00 1.05354013e+01
    8.82230568e+00 8.44336319e+00 9.95213032e+00 9.13396740e+00
    1.07254848e+01 1.08406057e+01 1.06823301e+01 1.18513641e+01
    1.14791603e+01 1.21139412e+01 1.17230005e+01 1.14668951e+01
    1.05520029e+01 1.18036423e+01 1.10553713e+01 1.21285524e+01
    1.23963842e+01 1.33915863e+01 1.32357750e+01 1.36812391e+01
    1.24433212e+01 1.21698313e+01 1.45870543e+01 1.22964964e+01
    1.07026844e+01 1.24554157e+01 1.25652494e+01 1.21578865e+01
    1.11296463e+01 1.24355917e+01 1.01433010e+01 9.88861275e+00
    1.09846430e+01 1.00688105e+01 1.19274235e+01 1.03660450e+01
    1.04660654e+01 1.24620028e+01 1.19162607e+01 1.25899191e+01
    1.16812258e+01 1.15568657e+01 1.20443840e+01 1.19662228e+01
    1.05259142e+01 1.27208157e+01 1.12243500e+01 1.18819866e+01
    1.08910303e+01 1.03850613e+01 1.15451107e+01 1.09909315e+01
    1.03602123e+01 9.54671192e+00 1.02804174e+01 1.19814386e+01
    1.12759085e+01 1.06057749e+01 1.09174881e+01 1.25335789e+01
    1.34173527e+01 1.14028845e+01 1.10070047e+01 1.13189697e+01
    1.23259792e+01 1.09616232e+01 1.17993164e+01 1.14840984e+01
    1.19132986e+01 1.32320318e+01 1.36066628e+01 1.14792318e+01
    1.29244738e+01 1.31389799e+01 1.29466953e+01 1.15261755e+01
    1.17034225e+01 1.19314337e+01 1.17461901e+01 1.07592087e+01
    1.15133162e+01 1.06292057e+01 9.11098385e+00 9.75611782e+00
    1.01199398e+01 1.06251087e+01 9.54450512e+00 9.21884727e+00
    1.01352282e+01 1.04149036e+01 1.11934929e+01 1.14922256e+01
    9.80585766e+00 1.19729385e+01 1.27999983e+01 1.37309818e+01
    1.26074896e+01 1.26541319e+01 1.37512350e+01 1.35650158e+01
    1.14589376e+01 1.33830662e+01 1.17779522e+01 1.17617121e+01
    1.26130466e+01 1.29857178e+01 1.20453243e+01 1.26523800e+01
    1.28861799e+01 1.32841053e+01 1.23853626e+01 1.32332163e+01
    1.34421978e+01 1.30910702e+01 1.31032038e+01 1.42107983e+01
    1.28931446e+01 1.31772661e+01 1.29798698e+01 1.30771523e+01
    1.22617722e+01 1.16935501e+01 1.03629560e+01 1.04619665e+01
    8.99653530e+00 1.01922350e+01 9.13599586e+00 1.03708057e+01
    1.28306589e+01 1.27304392e+01 1.42958937e+01 1.46257563e+01
    1.42975101e+01 1.48442802e+01 1.48105412e+01 1.32149124e+01
    1.20385742e+01 1.21990948e+01 1.24252825e+01 1.16126060e+01
    1.16154060e+01 1.20418568e+01 1.23891363e+01 1.31077814e+01
    1.13733521e+01 1.25880451e+01 1.33340187e+01 1.22747421e+01
    1.15084257e+01 1.19710741e+01 1.26173801e+01 1.24906073e+01
    1.11240082e+01 1.01273108e+01 1.06859379e+01 1.32092476e+01
    1.23777971e+01 1.28773127e+01 1.41480150e+01 1.27145634e+01
    1.45694885e+01 1.43831711e+01 1.44610720e+01 1.32752199e+01
    1.19822989e+01 1.21398735e+01 1.41568012e+01 1.12354860e+01
    1.24731722e+01 1.11540737e+01 1.10501852e+01 1.15876122e+01
    1.25226955e+01 1.32187338e+01 1.29106989e+01 1.24597321e+01
    1.25648308e+01 1.27400036e+01 1.26141729e+01 1.06575785e+01
    1.07852373e+01 1.18354006e+01 1.10259218e+01 1.09814386e+01
    1.12666521e+01 1.23918676e+01 1.16118479e+01 1.12043629e+01
    1.14363842e+01 1.18258657e+01 1.14308949e+01 1.05914526e+01
    1.07782469e+01 1.16348629e+01 1.03658457e+01 1.23724394e+01
    1.26833115e+01 1.22529783e+01 1.27579269e+01 1.20269527e+01
    1.18088522e+01 1.31737270e+01 1.29962883e+01 1.30332289e+01
    1.07925310e+01 1.00777245e+01 1.17679882e+01 1.16796713e+01
    1.02147083e+01 1.06292591e+01 1.01727591e+01 1.06568909e+01
    1.19998960e+01 1.15230436e+01 1.17809305e+01 1.16763868e+01
    1.08116426e+01 1.25542965e+01 1.18922119e+01 9.78615856e+00
    1.23606367e+01 1.07030411e+01 1.20208759e+01 1.15137892e+01
    1.17089100e+01 1.23464260e+01 1.25744076e+01 1.21100464e+01
    1.18959551e+01 1.17705336e+01 1.08877211e+01 1.08660812e+01
    9.87098694e+00 1.16149359e+01 1.00914164e+01 9.81896591e+00
    1.26941490e+01 1.19586544e+01 1.25054703e+01 1.14095688e+01
    1.16187115e+01 1.29186115e+01 1.31235027e+01 1.36013460e+01
    1.28919344e+01 1.14243145e+01 1.15651255e+01 1.22376118e+01
    1.01249876e+01 9.45204353e+00 8.70293045e+00 8.40226364e+00
    1.01089458e+01 1.03033953e+01 1.08007126e+01 1.05866966e+01
    1.05053616e+01 1.27560062e+01 1.29164925e+01 1.17375088e+01
    1.19907827e+01 1.19717798e+01 1.08139668e+01 1.22005701e+01
    1.04732332e+01 1.21407080e+01 1.09169598e+01 1.23039827e+01
    1.22835932e+01 1.19659424e+01 1.40632305e+01 1.26044483e+01
    1.27832737e+01 1.38271885e+01 1.09043198e+01 1.25824146e+01
    1.26426744e+01 1.04078102e+01 1.15400982e+01 1.25695934e+01
    1.04314394e+01 7.94309998e+00 9.76338768e+00 1.05444613e+01
    1.13807983e+01 1.05572386e+01 9.35709858e+00 1.26993561e+01
    1.28262310e+01 1.24147806e+01 1.24656267e+01 1.10559206e+01
    1.29966421e+01 1.18605146e+01 1.23153543e+01 1.22452955e+01
    1.27401905e+01 1.19863720e+01 1.23342752e+01 9.94305038e+00
    1.15282602e+01 1.25957060e+01 1.02135296e+01 1.00839739e+01
    1.05911007e+01 1.19879923e+01 1.19784098e+01 1.06665421e+01
    1.10105963e+01 1.21176186e+01 1.30400467e+01 1.08366861e+01
    1.07445545e+01 1.17760944e+01 1.16826057e+01 1.25872307e+01
    1.01292238e+01 1.10506878e+01 1.28981915e+01 1.25026855e+01
    1.17650118e+01 1.23798008e+01 1.24601202e+01 1.23863840e+01
    1.26800318e+01 1.24360905e+01 1.04779739e+01 1.19799843e+01
    1.16435347e+01 1.08334198e+01 9.71252728e+00 1.10385742e+01
    9.71179485e+00 9.83841515e+00 1.07008362e+01 1.06138163e+01
    1.03743744e+01 1.11154766e+01 1.02282982e+01 9.16616726e+00
    1.12856503e+01 1.12535048e+01 1.03023148e+01 1.09696569e+01
    1.27830572e+01 1.28950396e+01 1.34412766e+01 1.28640299e+01
    1.36592169e+01 1.28139372e+01 1.20850887e+01 1.28830252e+01
    1.19471712e+01 1.11149073e+01 1.31043062e+01 1.16410408e+01
    1.18702879e+01 1.22652140e+01 1.25708780e+01 1.24533777e+01
    1.34807882e+01 1.35024862e+01 1.48095684e+01 1.34695778e+01
    1.47158756e+01 1.27988100e+01 1.30502558e+01 1.19281721e+01
    1.27085857e+01 1.24434633e+01 1.16026459e+01 1.18239336e+01
    1.04870787e+01 1.06335602e+01 1.03271751e+01 1.13774424e+01
    1.02581053e+01 1.03310223e+01 1.16273003e+01 1.31780195e+01
    1.32579823e+01 1.44587402e+01 1.46676302e+01 1.41896181e+01
    1.34182653e+01 1.34365311e+01 1.24495726e+01 1.21029472e+01
    1.20645962e+01 1.26550226e+01 1.29097481e+01 1.35129557e+01
    1.22264252e+01 1.38069115e+01 1.21582832e+01 1.25797329e+01
    1.23205681e+01 1.14507399e+01 1.08620968e+01 1.14256573e+01
    1.04903069e+01 1.16089849e+01 1.18136511e+01 1.03592949e+01
    1.10642576e+01 1.32768526e+01 1.22314253e+01 1.07520857e+01
    1.21755295e+01 1.25408716e+01 1.34779224e+01 1.27311220e+01
    1.32729950e+01 1.29145889e+01 1.24725409e+01 1.19857302e+01
    1.22628527e+01 1.15891495e+01 1.24350891e+01 1.09902411e+01
    1.11380253e+01 1.22898531e+01 1.17481632e+01 1.09068699e+01
    1.19916258e+01 1.14818640e+01 1.16101351e+01 1.18973351e+01
    1.10571146e+01 1.07939959e+01 1.15587015e+01 1.12787600e+01
    1.02122564e+01 1.21498756e+01 1.16271744e+01 1.21392155e+01
    1.33558788e+01 1.10047522e+01 1.18513851e+01 1.29907837e+01
    1.31728573e+01 1.14917784e+01 1.14843092e+01 1.26455393e+01
    1.13924866e+01 1.13596697e+01 1.12280369e+01 1.17673597e+01
    1.27580061e+01 1.11599092e+01 1.16446161e+01 1.31013575e+01
    1.26499910e+01 1.27310734e+01 1.18773899e+01 1.22000399e+01
    1.21037302e+01 1.18679676e+01 1.13220787e+01 1.18425236e+01
    1.09113483e+01 9.45259190e+00 1.30731916e+01 1.24868259e+01
    1.08731718e+01 1.10504856e+01 1.23624878e+01 1.21079340e+01
    1.14412107e+01 1.15137968e+01 1.16587706e+01 1.17548742e+01
    1.11565590e+01 1.31403875e+01 1.23937092e+01 1.32699156e+01
    1.29276190e+01 1.30387192e+01 1.28170776e+01 1.20700645e+01
    1.18308668e+01 1.14348698e+01 1.15709734e+01 1.10725737e+01
    1.01556139e+01 1.06269827e+01 1.21140146e+01 1.24763746e+01
    1.23666153e+01 1.20547085e+01 1.14885578e+01 1.30905504e+01
    1.25971346e+01 1.33449516e+01 1.21342516e+01 1.22905331e+01
    1.12023735e+01 1.09098911e+01 1.08313379e+01 9.09984684e+00
    8.16136932e+00 9.36400890e+00 1.03362684e+01 9.61761570e+00
    1.00062485e+01 1.06892405e+01 1.13287554e+01 1.36227407e+01
    1.20545835e+01 1.29315443e+01 1.16628428e+01 1.20682392e+01
    1.24597940e+01 1.11181002e+01 1.09125109e+01 1.11724119e+01
    1.13986654e+01 1.35996351e+01 1.05587206e+01 1.22757339e+01
    1.18486242e+01 1.26745052e+01 1.05932341e+01 1.13501577e+01
    1.13018103e+01 1.20355673e+01 1.22465076e+01 1.10107651e+01
    1.13418455e+01 1.08962679e+01 1.02635813e+01 1.03216162e+01
    9.85114098e+00 1.12168226e+01 1.16820860e+01 1.02758322e+01
    1.05269384e+01 1.17120609e+01 1.30342026e+01 1.16894264e+01
    1.18831902e+01 1.23946953e+01 1.33141451e+01 1.23776407e+01
    1.29700975e+01 1.16443872e+01 1.23173933e+01 1.23751955e+01
    1.15002670e+01 1.07210064e+01 1.07347078e+01 1.13079329e+01
    9.35707188e+00 9.12401581e+00 9.66578484e+00 1.04723520e+01
    1.07849169e+01 9.68719101e+00 9.95527935e+00 1.12106514e+01
    1.17317123e+01 1.17427835e+01 1.13063002e+01 1.04817429e+01
    1.16708784e+01 1.18108711e+01 1.15893984e+01 1.14241619e+01
    1.17890797e+01 1.24756727e+01 1.14839935e+01 1.32411222e+01
    1.27719746e+01 1.25966787e+01 1.22040768e+01 1.06189051e+01
    1.00217781e+01 1.19256449e+01 1.12083025e+01 1.07096529e+01
    1.03086176e+01 9.22476673e+00 1.09237823e+01 1.01504641e+01
    1.06117315e+01 1.03773022e+01 1.10165834e+01 1.09306135e+01
    9.44099236e+00 1.10977001e+01 1.11263418e+01 1.02882643e+01
    1.04935913e+01 1.14658604e+01 1.11726294e+01 1.24354610e+01
    1.29340687e+01 1.20907936e+01 1.28635111e+01 1.12739191e+01
    1.19359484e+01 1.17283669e+01 1.08383188e+01 1.12821913e+01
    1.14665613e+01 9.78124619e+00 1.11997175e+01 1.13044024e+01
    1.09565964e+01 1.14403133e+01 1.23334913e+01 1.32531548e+01
    1.37163200e+01 1.37246857e+01 1.31596127e+01 1.43304281e+01
    1.38631392e+01 1.28592463e+01 1.13262339e+01 1.25813284e+01
    1.13749495e+01 9.97890854e+00 1.06587887e+01 1.19021320e+01
    9.94199562e+00 9.92980289e+00 1.07142363e+01 1.01784191e+01
    1.26484385e+01 1.16948223e+01 1.31578159e+01 1.43802891e+01
    1.35354662e+01 1.42298450e+01 1.32798300e+01 1.34831972e+01
    1.27728891e+01 1.10781450e+01 1.23106661e+01 1.08539886e+01
    1.16197863e+01 1.26353025e+01 1.19487658e+01 1.24207344e+01
    1.16269541e+01 1.22791262e+01 1.11278782e+01 1.07450466e+01
    9.38764858e+00 1.15446730e+01 1.13060646e+01 1.14898148e+01
    1.14085493e+01 1.08661728e+01 1.15844078e+01 1.26576681e+01
    1.23914013e+01 1.20961761e+01 1.20591612e+01 1.31758785e+01
    1.37364111e+01 1.31343365e+01 1.28958921e+01 1.23178339e+01
    1.17901945e+01 1.24972343e+01 1.20522900e+01 1.19219561e+01
    1.19745646e+01 1.16070633e+01 1.08246593e+01 1.19503965e+01
    1.21307993e+01 1.28628712e+01 1.29501934e+01 1.14052896e+01
    1.26518126e+01 1.29094219e+01 1.16666012e+01 1.13679094e+01
    1.28026695e+01 1.03908567e+01 1.07394953e+01 1.02216854e+01
    1.17087660e+01 1.15572805e+01 1.16664896e+01 1.14775076e+01
    1.25641317e+01 1.28308811e+01 1.33469229e+01 1.22181711e+01
    1.20313148e+01 1.32512083e+01 1.20734158e+01 1.10871410e+01
    1.12228737e+01 1.17591410e+01 1.23836355e+01 1.06983347e+01
    1.17727156e+01 1.17181129e+01 1.13426733e+01 1.30334768e+01
    1.21281118e+01 1.19337759e+01 1.27255898e+01 1.16659231e+01
    1.27446051e+01 1.21024237e+01 1.26024933e+01 1.20084829e+01
    1.23217859e+01 1.32042351e+01 1.16950378e+01 1.06069860e+01
    1.17474852e+01 1.15167027e+01 1.05779734e+01 1.13000240e+01
    1.04321375e+01 1.03176651e+01 1.19667368e+01 1.25849791e+01
    1.30549135e+01 1.25583162e+01 1.25637064e+01 1.29199944e+01
    1.30489416e+01 1.34126434e+01 1.12958832e+01 1.05552359e+01
    1.34086170e+01 1.17009048e+01 1.08026743e+01 1.08140373e+01
    1.17050619e+01 1.25254679e+01 1.13790979e+01 1.28843899e+01
    1.21270666e+01 1.23008900e+01 1.29443474e+01 1.27760315e+01
    1.19392185e+01 1.04549780e+01 1.00980644e+01 1.04516249e+01
    1.00469494e+01 8.49748707e+00 8.33601284e+00 8.36720085e+00
    9.33639526e+00 9.97121716e+00 9.72715282e+00 1.04767590e+01
    1.27678318e+01 1.23432684e+01 1.23007116e+01 1.39337654e+01
    1.15383978e+01 1.25341520e+01 1.21555748e+01 1.14531021e+01
    1.07761164e+01 1.17480984e+01 1.00584488e+01 1.18002367e+01
    1.16287556e+01 1.24615183e+01 1.05487471e+01 1.24521456e+01
    1.30680733e+01 1.13292484e+01 1.06910124e+01 1.03996391e+01
    1.06838818e+01 1.16026325e+01 1.02695417e+01 1.03740730e+01
    1.03553219e+01 1.07566071e+01 1.04899664e+01 1.05173159e+01
    1.17965584e+01 1.14792738e+01 1.15518761e+01 1.14861784e+01
    1.38750782e+01 1.38160839e+01 1.23532362e+01 1.18676596e+01
    1.31640501e+01 1.24779739e+01 1.22248831e+01 1.39847975e+01
    1.21428528e+01 1.25134821e+01 1.35159712e+01 1.28696070e+01
    1.20078382e+01 1.24288836e+01 1.15174627e+01 1.16448078e+01
    1.16210938e+01 1.16343002e+01 1.10917997e+01 1.09898701e+01
    1.02441282e+01 1.13103199e+01 1.18630810e+01 1.14090919e+01
    1.06737623e+01 1.06009378e+01 1.11315231e+01 1.14706230e+01
    1.14951639e+01 1.14478703e+01 1.22385445e+01 1.17745438e+01
    1.16649179e+01 1.16989183e+01 1.16806412e+01 1.15382080e+01
    1.15974274e+01 1.09646826e+01 1.10355968e+01 1.30462713e+01
    1.12874184e+01 9.85042572e+00 1.07473822e+01 1.00366650e+01
    1.02306204e+01 1.06113186e+01 9.97252941e+00 1.08000460e+01
    1.12687368e+01 1.11633806e+01 9.66316414e+00 1.20146980e+01
    1.16453390e+01 1.16035662e+01 1.19998875e+01 1.20660858e+01
    1.35114841e+01 1.35983477e+01 1.37238636e+01 1.25054941e+01
    1.38373575e+01 1.30019960e+01 1.26810274e+01 1.13079653e+01
    1.17639246e+01 1.18207226e+01 1.15100393e+01 1.09438238e+01
    1.14639673e+01 1.17535477e+01 1.13696785e+01 1.20234890e+01
    1.19021111e+01 1.37316818e+01 1.41989985e+01 1.38007622e+01
    1.43506899e+01 1.49556332e+01 1.30742435e+01 1.31598063e+01
    1.12215481e+01 1.22110167e+01 1.19687195e+01 9.45854855e+00
    1.09354486e+01 1.09233122e+01 1.09105253e+01 1.00646410e+01
    1.04036903e+01 1.11557961e+01 1.23984261e+01 1.05578356e+01
    1.16405563e+01 1.29106722e+01 1.34564590e+01 1.21326847e+01
    1.31003246e+01 1.25761395e+01 1.03410120e+01 1.06027126e+01
    1.18461914e+01 1.07528143e+01 1.02749338e+01 1.19678879e+01
    1.10656805e+01 1.22328939e+01 1.20278406e+01 1.14844809e+01
    1.31737671e+01 1.14783955e+01 9.60089874e+00 1.17756090e+01
    1.15338125e+01 1.14210739e+01 1.02149754e+01 1.08442888e+01
    1.16319504e+01 1.29253635e+01 1.32771244e+01 1.26951532e+01
    1.20780783e+01 1.34292212e+01 1.28502607e+01 1.41249542e+01
    1.32537861e+01 1.29650869e+01 1.31366644e+01 1.12289467e+01
    1.32265501e+01 1.27919312e+01 1.17158670e+01 1.17890272e+01
    1.22307024e+01 1.24348125e+01 1.41490192e+01 1.34173384e+01
    1.21260223e+01 1.22439566e+01 1.39332113e+01 1.30765924e+01
    1.21466799e+01 1.10749073e+01 1.13909245e+01 1.14878960e+01
    1.05981512e+01 1.03002806e+01 1.03156633e+01 1.05287371e+01
    1.19809151e+01 1.06359167e+01 1.07628307e+01 1.16116838e+01
    1.31684780e+01 1.29780521e+01 1.12853041e+01 1.23085232e+01
    1.26725893e+01 1.11151218e+01 1.07074118e+01 1.08941927e+01
    1.22500420e+01 9.65592575e+00 1.09118280e+01 1.16867552e+01
    1.19271460e+01 1.12331982e+01 1.08847094e+01 1.16600513e+01
    1.27537823e+01 1.12636051e+01 1.12916641e+01 1.28276768e+01
    1.33475142e+01 1.23686190e+01 1.09181805e+01 1.25114975e+01
    1.18750963e+01 1.06917763e+01 1.11136589e+01 1.10185204e+01
    1.08184252e+01 1.02097473e+01 1.08985434e+01 1.19539919e+01
    1.20360279e+01 1.09517078e+01 1.37990704e+01 1.26649799e+01
    1.18478994e+01 1.26108971e+01 1.34450951e+01 1.30152063e+01
    1.16526775e+01 1.14157248e+01 1.31486101e+01 1.13127146e+01
    1.15453758e+01 1.10362015e+01 1.24883995e+01 1.23073597e+01
    1.22392492e+01 1.26885490e+01 1.25879402e+01 1.30772963e+01
    1.43684387e+01 1.29673910e+01 1.24332743e+01 1.13396072e+01
    1.14134102e+01 1.04326477e+01 1.02239904e+01 8.62494469e+00
    7.66632366e+00 9.60989475e+00 1.10807409e+01 1.11851559e+01
    1.03269453e+01 1.06227322e+01 1.20417395e+01 1.37427053e+01
    1.39706278e+01 1.08114586e+01 1.28872013e+01 1.32425127e+01
    1.29638567e+01 1.16725140e+01 1.16454535e+01 1.21717510e+01
    9.80658340e+00 1.11015272e+01 1.10634289e+01 1.17170353e+01
    1.18115149e+01 1.11689692e+01 1.27396584e+01 1.22425194e+01
    1.20725069e+01 1.28032370e+01 1.10834589e+01 1.15663719e+01
    9.91673470e+00 1.04536562e+01 1.01973391e+01 8.83615875e+00
    9.45809460e+00 1.01396427e+01 1.10720930e+01 1.09797306e+01
    1.05905066e+01 1.27223530e+01 1.26758614e+01 1.37375908e+01
    1.32961788e+01 1.21086912e+01 1.34362383e+01 1.32518787e+01
    1.41451359e+01 1.44829216e+01 1.25719481e+01 1.29967690e+01
    1.32518272e+01 1.27313824e+01 1.34091969e+01 1.16714449e+01
    1.27173576e+01 1.18253403e+01 1.19968719e+01 1.29607878e+01
    1.26290789e+01 1.17031164e+01 9.98898029e+00 1.14285049e+01
    1.14294682e+01 1.07830238e+01 1.02011471e+01 9.56191254e+00
    9.52915382e+00 1.17343292e+01 1.03291187e+01 1.05506830e+01
    1.18667126e+01 1.14771986e+01 1.00846767e+01 1.00518818e+01
    1.18436184e+01 1.14587698e+01 1.07937574e+01 9.36298943e+00
    1.08979158e+01 1.08793917e+01 1.21100235e+01 1.15584383e+01
    1.06621284e+01 1.04687099e+01 1.01396799e+01 1.12461681e+01
    8.80672455e+00 1.06079588e+01 1.09240160e+01 1.04184523e+01
    1.20763721e+01 1.16529083e+01 1.19541407e+01 1.12437811e+01
    1.24430151e+01 1.16987877e+01 1.16954241e+01 1.21942034e+01
    1.22730436e+01 1.38069773e+01 1.37174330e+01 1.15000477e+01
    1.05288696e+01 1.21293058e+01 1.10632744e+01 1.03638458e+01
    1.02482004e+01 9.63399410e+00 8.65937901e+00 1.17641754e+01
    1.12348347e+01 1.17126408e+01 1.30186005e+01 1.40025396e+01
    1.41600628e+01 1.41222496e+01 1.36933136e+01 1.28758116e+01
    1.31695871e+01 1.26974688e+01 1.12084932e+01 1.13232212e+01
    1.13496189e+01 1.05404472e+01 1.04898405e+01 1.18123112e+01
    1.07739992e+01 1.07000675e+01 1.06811647e+01 1.09364367e+01
    1.15766296e+01 1.28053904e+01 1.32511005e+01 1.23065395e+01
    1.36639128e+01 1.37125731e+01 1.33519754e+01 1.17544365e+01
    1.18056555e+01 1.13477325e+01 1.12809076e+01 1.10342617e+01
    1.12438755e+01 9.67018223e+00 1.12491112e+01 1.15564537e+01
    1.17076120e+01 1.16114206e+01 1.07373838e+01 1.06222582e+01
    1.04933882e+01 1.13140240e+01 1.15856371e+01 1.17156143e+01
    1.06112413e+01 1.14890842e+01 1.24446669e+01 1.33172102e+01
    1.25886269e+01 1.08752327e+01 1.18880262e+01 1.26374655e+01
    1.23886204e+01 1.23242178e+01 1.15233250e+01 1.16053276e+01
    1.31411381e+01 1.14471531e+01 1.21708841e+01 1.22456541e+01
    1.12321339e+01 1.20994396e+01 1.14618959e+01 1.08079224e+01
    1.21986351e+01 1.13631153e+01 1.12735004e+01 1.16108932e+01
    1.14529552e+01 1.20611105e+01 1.25076590e+01 9.94460487e+00
    1.17090502e+01 1.02236242e+01 1.07984838e+01 1.11684151e+01
    9.26804256e+00 1.24400644e+01 1.04550104e+01 1.06416454e+01
    1.21513510e+01 1.11660509e+01 1.15092878e+01 1.27979374e+01
    1.24641418e+01 1.11915798e+01 1.13867569e+01 1.19212770e+01
    1.04456635e+01 1.10712986e+01 1.16059904e+01 1.04754953e+01
    1.03871269e+01 1.20868979e+01 1.12886057e+01 1.19208164e+01
    1.06728134e+01 1.04411774e+01 1.32363939e+01 1.14331675e+01
    1.14491138e+01 1.23362913e+01 1.24208870e+01 1.25486603e+01
    1.21016121e+01 1.18221092e+01 1.20346851e+01 1.04690008e+01
    1.02914362e+01 1.05745163e+01 1.02485476e+01 9.83634853e+00
    1.00883436e+01 1.10265045e+01 1.11621914e+01 1.23842268e+01
    1.31228886e+01 1.24199133e+01 1.29965105e+01 1.41654053e+01
    1.15060492e+01 1.19514561e+01 1.27660723e+01 1.17558098e+01
    1.12070084e+01 1.08416109e+01 1.05328779e+01 1.20490818e+01
    1.26974068e+01 1.23111649e+01 1.25770798e+01 1.25394096e+01
    1.06701260e+01 1.37234201e+01 1.44110775e+01 1.20628691e+01
    1.19673233e+01 1.17942867e+01 1.00728359e+01 1.10285044e+01
    1.11009483e+01 8.92719841e+00 9.09043980e+00 1.05412655e+01
    1.09719496e+01 1.01516066e+01 1.13565464e+01 1.08715200e+01
    1.24139709e+01 1.44600153e+01 1.15952253e+01 1.07004957e+01
    1.23971462e+01 1.31480179e+01 1.03811922e+01 1.16700830e+01
    1.16381178e+01 9.99576759e+00 1.22720013e+01 1.14660110e+01
    1.10412560e+01 1.12017441e+01 1.18828640e+01 1.28268290e+01
    1.09466228e+01 1.25144768e+01 1.16770506e+01 1.16622400e+01
    1.05327797e+01 1.08895702e+01 9.62590408e+00 1.10609674e+01
    9.41939545e+00 7.83748770e+00 1.07866058e+01 9.22446728e+00
    1.06068230e+01 1.08201523e+01 1.10218449e+01 1.23683023e+01
    1.21754885e+01 1.20098953e+01 1.25977306e+01 1.26755600e+01
    1.18886442e+01 1.28722696e+01 1.23009577e+01 1.27609558e+01
    1.33632069e+01 1.20833607e+01 1.20350523e+01 1.13487520e+01
    1.23600168e+01 1.12800980e+01 1.07326479e+01 1.09554834e+01
    1.07490873e+01 1.20469379e+01 1.13446989e+01 1.10077934e+01
    1.03263206e+01 1.19382563e+01 1.22613630e+01 1.09344110e+01
    1.10277109e+01 1.15988359e+01 1.11315651e+01 1.21845417e+01
    1.14660645e+01 1.08840981e+01 1.20574436e+01 1.09288416e+01
    1.05477209e+01 1.16925001e+01 1.10867262e+01 1.05291042e+01
    1.03625412e+01 9.95469952e+00 1.00067253e+01 1.25653944e+01
    1.01122894e+01 1.13102150e+01 1.04661560e+01 1.11075850e+01
    1.05981617e+01 1.07717686e+01 1.21318970e+01 1.03130102e+01
    1.12555161e+01 1.22521257e+01 1.21085434e+01 1.17097254e+01
    1.30439310e+01 1.19990463e+01 1.22282429e+01 1.32229567e+01
    1.29297895e+01 1.18276739e+01 1.20754948e+01 1.32992649e+01
    1.24781570e+01 1.17559538e+01 1.05882359e+01 1.21588488e+01
    1.18002377e+01 1.09578381e+01 1.08160238e+01 9.07965565e+00
    1.01658497e+01 1.03202972e+01 1.06010780e+01 1.00367012e+01
    1.14816685e+01 1.29937992e+01 1.45124454e+01 1.30199347e+01
    1.36256056e+01 1.25828037e+01 1.26241665e+01 1.25411606e+01
    1.07901125e+01 1.00352240e+01 1.10314350e+01 1.02984486e+01
    1.19537115e+01 1.15483685e+01 1.10304317e+01 1.07267942e+01
    1.16193571e+01 1.04470367e+01 1.14108047e+01 1.07744293e+01
    1.06698971e+01 1.16973000e+01 1.25969296e+01 1.19425821e+01
    1.22041235e+01 1.18113127e+01 1.18762007e+01 1.17051268e+01
    1.03351116e+01 1.14331350e+01 1.12050648e+01 1.14064026e+01
    1.19484835e+01 1.15632191e+01 1.27281046e+01 1.14122343e+01
    1.06825924e+01 1.07613134e+01 1.11540318e+01 1.02262974e+01
    1.10934906e+01 1.13103485e+01 1.02900305e+01 1.18184681e+01
    1.22187700e+01 1.24599009e+01 1.12016554e+01 1.13742046e+01
    1.18548527e+01 1.18344288e+01 1.11339321e+01 1.15274477e+01
    1.11011791e+01 1.04056854e+01 1.23532524e+01 1.19297295e+01
    1.17394361e+01 1.12026844e+01 1.18561792e+01 1.27827711e+01
    1.17629299e+01 1.23275204e+01 1.21623039e+01 1.09930534e+01
    1.22664223e+01 1.14216518e+01 1.11778526e+01 1.14341087e+01
    1.13166304e+01 1.13449602e+01 1.15693569e+01 1.12456274e+01
    1.11700649e+01 1.27346449e+01 1.12680120e+01 1.24496508e+01
    1.11506643e+01 1.07760830e+01 1.20381241e+01 1.08952618e+01
    1.09126844e+01 1.20817299e+01 1.19985819e+01 1.10053329e+01
    1.11846638e+01 1.15762978e+01 1.11366901e+01 1.09905720e+01
    1.15718765e+01 1.05136709e+01 1.12659817e+01 1.18015079e+01
    1.09811859e+01 1.29744892e+01 1.22841368e+01 1.08308048e+01
    1.14175978e+01 1.25568199e+01 1.16776133e+01 1.32487803e+01
    1.28685770e+01 1.20139256e+01 1.20734978e+01 1.21948280e+01
    1.04904156e+01 1.17753067e+01 9.06549263e+00 1.07157240e+01
    1.07538424e+01 1.01804008e+01 1.07509527e+01 1.14604988e+01
    1.20087967e+01 1.31503000e+01 1.27688828e+01 1.34042635e+01
    1.28454590e+01 1.26033363e+01 1.26365147e+01 1.20479231e+01
    1.15149584e+01 1.12624626e+01 1.05235739e+01 1.12961407e+01
    1.07737312e+01 1.12387533e+01 1.31024275e+01 1.30558071e+01
    1.14285355e+01 1.26210833e+01 1.16037312e+01 1.27276297e+01
    1.17314224e+01 1.18306208e+01 1.07354202e+01 1.05828152e+01
    9.76893425e+00 1.08086500e+01 9.75857925e+00 9.44554996e+00
    9.95896530e+00 1.06524153e+01 1.11547737e+01 1.11545458e+01
    1.06992931e+01 1.17175074e+01 1.26607838e+01 1.25263414e+01
    1.09685373e+01 1.06445026e+01 1.22020426e+01 1.14459524e+01
    9.87921906e+00 1.17684040e+01 1.08837776e+01 1.03204994e+01
    1.16974678e+01 1.05206852e+01 1.13188972e+01 1.20577402e+01
    1.20222921e+01 1.27344265e+01 1.15126247e+01 1.27958689e+01
    1.24565763e+01 1.12960958e+01 1.14124537e+01 1.01445856e+01
    9.52824974e+00 8.97997952e+00 9.20338058e+00 8.45658970e+00
    8.96234703e+00 1.00184383e+01 9.77339458e+00 1.13367348e+01
    1.04791298e+01 1.16752367e+01 1.19517241e+01 1.14935350e+01
    1.34950342e+01 1.13464775e+01 1.17348919e+01 1.17301493e+01
    1.19879770e+01 1.10042772e+01 1.28507786e+01 1.25633707e+01
    1.14005260e+01 1.08527451e+01 1.32071714e+01 1.17081041e+01
    1.02608709e+01 1.06371584e+01 1.06660595e+01 1.11828260e+01
    1.16237192e+01 9.43247414e+00 1.09295750e+01 1.09979773e+01
    1.10029583e+01 1.05811596e+01 9.94378948e+00 1.10004492e+01
    1.00901499e+01 1.21546392e+01 1.13529015e+01 1.20599709e+01
    1.25840435e+01 1.26753778e+01 1.15228577e+01 1.31561213e+01
    1.07319155e+01 1.08349323e+01 1.06039419e+01 1.09568663e+01
    9.99523258e+00 1.19236383e+01 1.02318583e+01 1.07655392e+01
    1.16570501e+01 1.02684155e+01 1.11483479e+01 1.00574026e+01
    1.01863670e+01 1.09057961e+01 1.10884609e+01 1.29024458e+01
    1.22190742e+01 1.24086924e+01 1.33376360e+01 1.39179783e+01
    1.38195543e+01 1.32687588e+01 1.37165318e+01 1.33341293e+01
    1.37127533e+01 1.33299561e+01 1.46916847e+01 1.36993351e+01
    1.17856627e+01 1.23970785e+01 1.31765251e+01 1.17699871e+01
    1.16403351e+01 9.80567360e+00 1.02464743e+01 1.13895645e+01
    1.11800938e+01 1.07682467e+01 1.16360550e+01 1.38945408e+01
    1.38407516e+01 1.29404497e+01 1.23407927e+01 1.20514212e+01
    1.29300957e+01 1.10208950e+01 1.17023439e+01 1.13277044e+01
    1.05213737e+01 1.19579782e+01 1.18961582e+01 1.28897285e+01
    1.18871870e+01 1.11203785e+01 1.21761131e+01 1.03552599e+01
    1.14216509e+01 1.21306124e+01 1.12266541e+01 1.25678492e+01
    1.35867462e+01 1.35331478e+01 1.34064064e+01 1.28441963e+01
    1.23802605e+01 1.19930153e+01 1.15818729e+01 1.05639362e+01
    1.17843819e+01 1.07805119e+01 1.06695023e+01 1.14870358e+01
    1.18483629e+01 1.16586123e+01 1.17358179e+01 1.06188412e+01
    1.22485199e+01 1.17026930e+01 1.11262455e+01 1.25257540e+01
    1.23471403e+01 1.11666842e+01 1.23696413e+01 1.20778732e+01
    1.25489397e+01 1.13536949e+01 1.10784492e+01 1.22913151e+01
    1.18179340e+01 1.18541365e+01 1.04920864e+01 1.22545595e+01
    1.18606071e+01 1.25791245e+01 1.12854052e+01 1.25485563e+01
    1.19276056e+01 1.14012842e+01 1.24656286e+01 1.36623487e+01
    1.20640097e+01 1.12226610e+01 1.17578335e+01 1.18770361e+01
    1.17991896e+01 1.18502674e+01 1.25121069e+01 1.20240993e+01
    1.12078686e+01 1.06898851e+01 1.19781342e+01 1.26123323e+01
    1.03385286e+01 1.10465164e+01 1.28406534e+01 1.15730362e+01
    1.12725935e+01 1.15481472e+01 1.18972425e+01 1.08628960e+01
    1.11052437e+01 1.03840990e+01 1.03078146e+01 1.08465490e+01
    1.08730602e+01 1.04382048e+01 1.07783995e+01 1.01221457e+01
    1.14835119e+01 1.24412003e+01 1.05464659e+01 1.05650721e+01
    1.22700396e+01 1.14676523e+01 1.11929121e+01 1.10774746e+01
    1.18108749e+01 1.25221167e+01 1.19803610e+01 1.13916416e+01
    1.25358524e+01 1.20847712e+01 1.06180658e+01 1.16244640e+01
    1.03188934e+01 8.80225849e+00 1.00550079e+01 1.01579256e+01
    9.55190372e+00 9.54701519e+00 1.15123301e+01 1.14666786e+01
    1.11511269e+01 1.27601910e+01 1.25357876e+01 1.21084595e+01
    1.37202444e+01 1.28002090e+01 1.22985878e+01 1.26320839e+01
    1.23626099e+01 1.25494328e+01 1.18369989e+01 1.00339203e+01
    1.16610603e+01 1.24018068e+01 1.17611656e+01 1.22916574e+01
    1.22098007e+01 1.30906239e+01 1.30215311e+01 1.17218390e+01
    1.13090210e+01 1.12175522e+01 1.03117809e+01 1.14423256e+01
    1.13819208e+01 9.79665756e+00 1.16725159e+01 1.27970486e+01
    1.22822428e+01 1.24051428e+01 1.09787941e+01 1.27439375e+01
    1.23165045e+01 1.23360567e+01 1.24302826e+01 1.07376032e+01
    1.13964958e+01 1.12453651e+01 1.20924025e+01 1.20888033e+01
    1.01662655e+01 1.17613001e+01 1.25899076e+01 1.13433228e+01
    1.16884203e+01 1.34096928e+01 1.19169168e+01 1.22830286e+01
    1.24719229e+01 1.19662294e+01 1.18579369e+01 1.13937597e+01
    1.12597227e+01 1.03641214e+01 9.07527447e+00 9.47115898e+00
    1.07390156e+01 9.19100094e+00 7.94120979e+00 1.12651815e+01
    1.08312035e+01 1.09203501e+01 1.21992464e+01 1.17029600e+01
    1.17977095e+01 1.34160242e+01 1.30338306e+01 1.28824720e+01
    1.23900976e+01 1.21634083e+01 1.18057404e+01 1.35283880e+01
    1.25019846e+01 1.20237694e+01 1.13570175e+01 1.23616705e+01
    1.27310886e+01 1.24126816e+01 1.25514030e+01 1.14248734e+01
    1.13994961e+01 1.20822287e+01 1.14593277e+01 1.05419149e+01
    9.70780182e+00 1.06451836e+01 1.03212843e+01 1.07453308e+01
    9.93224049e+00 1.08654251e+01 1.11337414e+01 1.13302317e+01
    1.19475718e+01 1.18433905e+01 1.12598276e+01 1.15383749e+01
    1.15159950e+01 1.24088345e+01 1.14693575e+01 1.15824251e+01
    1.20656319e+01 1.05546379e+01 1.18951654e+01 1.25069847e+01
    1.14342947e+01 1.11977262e+01 1.18703146e+01 9.92425728e+00
    1.20219917e+01 1.14430361e+01 9.82328510e+00 1.16182985e+01
    1.17038479e+01 1.19875135e+01 1.40321369e+01 1.29396334e+01
    1.22116232e+01 1.30907698e+01 1.53160896e+01 1.40051022e+01
    1.20170126e+01 1.21993170e+01 1.36970825e+01 1.18338976e+01
    1.37264376e+01 1.25775204e+01 1.13856907e+01 1.16896992e+01
    1.39240227e+01 1.31829185e+01 1.20076323e+01 1.01816502e+01
    1.05927010e+01 1.19885788e+01 1.09940996e+01 1.02061043e+01
    1.20899134e+01 1.29370518e+01 1.21422930e+01 1.23167000e+01
    1.23808088e+01 1.16437225e+01 1.10419121e+01 1.07810030e+01
    1.09402752e+01 9.76101303e+00 1.01141024e+01 1.09858274e+01
    1.23592854e+01 1.18181849e+01 1.20862837e+01 1.15185938e+01
    1.28880901e+01 1.20149250e+01 1.03014736e+01 1.21182804e+01
    1.20319309e+01 1.24578600e+01 1.24425640e+01 1.35203485e+01
    1.34307499e+01 1.22003641e+01 1.21822462e+01 1.23898859e+01
    1.24663467e+01 1.13702211e+01 1.12516909e+01 1.12448158e+01
    1.18453846e+01 1.18041849e+01 1.26297007e+01 1.18354931e+01
    1.20799751e+01 1.09097652e+01 1.21733494e+01 1.25955944e+01
    1.09977694e+01 1.18141298e+01 1.21982937e+01 1.13981638e+01
    1.27796898e+01 1.23128662e+01 1.15945787e+01 1.31145515e+01
    1.08228750e+01 1.20089560e+01 1.22025795e+01 1.08176012e+01
    1.01628122e+01 1.21442146e+01 1.04538803e+01 1.03731403e+01
    1.14310236e+01 1.11216574e+01 1.22040920e+01 1.13942842e+01
    1.15994463e+01 1.14164991e+01 1.36966972e+01 1.18888769e+01
    1.02532616e+01 1.14166698e+01 1.20439577e+01 1.30851393e+01
    1.32151537e+01 1.13923874e+01 1.21951160e+01 1.20560741e+01
    1.24048052e+01 1.17446880e+01 1.20263300e+01 1.23669519e+01
    1.28940077e+01 1.15053873e+01 1.30284014e+01 1.13338776e+01
    1.16448727e+01 1.31375437e+01 1.21594620e+01 1.16331892e+01
    1.18659105e+01 1.04513741e+01 1.22509136e+01 1.17780952e+01
    9.77910805e+00 1.01608944e+01 1.17204256e+01 1.09916048e+01
    1.17302694e+01 1.16483307e+01 1.14051304e+01 1.18210535e+01
    1.07736111e+01 1.08428526e+01 1.13916769e+01 1.24576263e+01
    1.26023674e+01 1.22408619e+01 1.21330004e+01 1.36301174e+01
    1.12182236e+01 1.04174862e+01 1.10533266e+01 1.01818943e+01
    1.07521925e+01 9.99037457e+00 1.05977087e+01 1.11045036e+01
    1.22476664e+01 1.17671499e+01 1.20467968e+01 1.31014462e+01
    1.19146910e+01 1.22227859e+01 1.18098431e+01 1.17885752e+01
    1.23355665e+01 1.11462126e+01 1.17357445e+01 1.22547169e+01
    1.24122410e+01 1.12095165e+01 1.21492262e+01 1.11942663e+01
    1.09024782e+01 1.14339800e+01 1.11062775e+01 1.06338701e+01
    1.20444403e+01 1.19842281e+01 1.03383894e+01 1.08759670e+01
    1.04444571e+01 1.16827860e+01 1.11383209e+01 9.65224934e+00
    1.17128258e+01 1.21275873e+01 1.25435715e+01 1.14918880e+01
    1.24077787e+01 1.29003954e+01 1.21530924e+01 1.11103649e+01
    1.07250061e+01 9.46118259e+00 1.08630066e+01 1.05096159e+01
    1.07531176e+01 1.18118849e+01 1.07007751e+01 1.15289106e+01
    1.19781990e+01 1.15297318e+01 1.25960569e+01 1.18074446e+01
    1.22807684e+01 1.26014500e+01 1.32997408e+01 1.37255545e+01
    1.17808743e+01 1.12638369e+01 1.18104353e+01 1.04493017e+01
    9.33363438e+00 9.92742062e+00 9.51443768e+00 1.02285252e+01
    1.05226545e+01 1.13093004e+01 1.06657124e+01 1.18190813e+01
    1.20824642e+01 1.33267412e+01 1.28959990e+01 1.20339804e+01
    1.34767008e+01 1.26903734e+01 1.29930096e+01 1.19224300e+01
    1.08970356e+01 1.27613955e+01 1.15704546e+01 1.08324032e+01
    1.19408503e+01 1.27246437e+01 1.17232151e+01 1.28201818e+01
    1.21349621e+01 1.15223665e+01 1.25705814e+01 1.28810463e+01
    1.18735886e+01 1.12655754e+01 1.06756620e+01 1.21313143e+01
    1.22084188e+01 1.16931934e+01 1.11872511e+01 1.18518972e+01
    1.23796549e+01 1.20788116e+01 1.24105339e+01 1.10421295e+01
    1.18066998e+01 1.16728029e+01 1.12357035e+01 1.08861084e+01
    1.03105650e+01 1.20963259e+01 1.12932367e+01 1.06903906e+01
    1.28291559e+01 1.23352728e+01 1.19135647e+01 1.21321135e+01
    1.15063553e+01 1.16282663e+01 1.08827419e+01 1.05163441e+01
    9.15319633e+00 9.61024666e+00 1.10391254e+01 1.23613462e+01
    1.25299921e+01 1.31203566e+01 1.24131565e+01 1.25653706e+01
    1.43296127e+01 1.35467539e+01 1.31177645e+01 1.11453590e+01
    1.29195566e+01 1.25855627e+01 1.30796995e+01 1.29175558e+01
    1.10399675e+01 1.17958641e+01 1.30157776e+01 1.13494368e+01
    1.12211590e+01 1.08187456e+01 1.08575907e+01 1.18917875e+01
    1.03400087e+01 1.09359808e+01 1.22513113e+01 1.21448574e+01
    1.27464943e+01 1.20701618e+01 1.22163706e+01 1.08842583e+01
    1.13201771e+01 1.14184265e+01 9.95647335e+00 1.00171824e+01
    1.01441469e+01 1.18568726e+01 1.28203812e+01 1.15777626e+01
    1.26479263e+01 1.23375759e+01 1.11758299e+01 1.28340263e+01
    1.09705381e+01 9.88869667e+00 1.16791201e+01 1.15960026e+01
    1.24880438e+01 1.14502792e+01 1.12451315e+01 1.24365292e+01
    1.32294970e+01 1.23808947e+01 1.22724314e+01 1.16887703e+01
    1.19725161e+01 1.06554632e+01 1.29055300e+01 1.31880713e+01
    1.21814976e+01 1.08780556e+01 1.22209654e+01 1.11473103e+01
    1.16114721e+01 1.16356554e+01 1.05680685e+01 1.15563774e+01
    1.28917007e+01 1.07930727e+01 1.31544485e+01 1.08437881e+01
    1.04720650e+01 1.26710577e+01 1.11473570e+01 1.15011253e+01
    1.00950708e+01 1.03099833e+01 1.20185022e+01 1.13283329e+01
    1.15173006e+01 1.18621883e+01 1.09868994e+01 1.19102125e+01
    1.27363863e+01 1.28012819e+01 1.18338757e+01 1.19803314e+01
    1.31083422e+01 1.30751667e+01 1.05158615e+01 1.11221247e+01
    1.23447876e+01 1.27464142e+01 1.30636988e+01 1.11828070e+01
    1.20496187e+01 1.32545300e+01 1.32837267e+01 1.22730627e+01
    1.24305086e+01 1.25121040e+01 1.29059267e+01 1.15081272e+01
    1.06043100e+01 1.19175930e+01 1.16214476e+01 1.18941708e+01
    1.02214851e+01 1.09521008e+01 1.14300871e+01 1.05236979e+01
    1.23777218e+01 1.23473864e+01 9.85989571e+00 1.04195929e+01
    1.10819321e+01 1.11204367e+01 1.14904909e+01 9.88659954e+00
    1.06686020e+01 1.19161329e+01 1.08583469e+01 1.17834139e+01
    1.24167242e+01 1.21329079e+01 1.08230801e+01 1.06460848e+01
    1.21379557e+01 1.24218149e+01 1.11061716e+01 1.05018158e+01
    1.06584549e+01 1.09654455e+01 1.06605682e+01 1.08670406e+01
    1.07251225e+01 1.11338091e+01 1.21786432e+01 1.25368614e+01
    1.15900078e+01 1.29431143e+01 1.28087273e+01 1.21558046e+01
    1.24587898e+01 1.21276608e+01 1.31599913e+01 1.24598713e+01
    1.24624233e+01 1.22833128e+01 1.32181330e+01 1.42118034e+01
    1.32121773e+01 1.21526051e+01 1.18463821e+01 1.28513536e+01
    1.19502163e+01 1.25755320e+01 1.20968962e+01 1.11652794e+01
    1.11357651e+01 1.13756542e+01 1.08223562e+01 1.05884724e+01
    1.14879179e+01 1.17441435e+01 1.14120321e+01 1.35923376e+01
    1.27138920e+01 1.17121067e+01 1.28900976e+01 1.34418106e+01
    1.15153389e+01 1.14850130e+01 1.10843220e+01 9.42665577e+00
    1.16523495e+01 1.10443640e+01 9.65031815e+00 1.15418139e+01
    1.14048510e+01 1.20477543e+01 1.13300896e+01 1.21488380e+01
    1.22169924e+01 1.19693727e+01 1.30196266e+01 1.24584370e+01
    1.17382278e+01 1.23997898e+01 1.23477821e+01 1.22221289e+01
    1.05853233e+01 1.15465689e+01 1.02961874e+01 9.91895771e+00
    1.00576134e+01 9.10719013e+00 1.07564726e+01 1.07393341e+01
    1.12588882e+01 1.07879333e+01 1.19728298e+01 1.16905565e+01
    1.11051340e+01 1.15730734e+01 1.21778831e+01 1.19767208e+01
    1.13293037e+01 1.16115589e+01 1.03703461e+01 1.08805656e+01
    1.09251661e+01 1.08566399e+01 1.05729284e+01 1.13656597e+01
    1.21771164e+01 1.26295452e+01 1.35649729e+01 1.28195467e+01
    1.27389555e+01 1.32696943e+01 1.19740028e+01 1.16637163e+01
    1.12666245e+01 1.14089813e+01 1.26992378e+01 1.03839817e+01
    1.09538431e+01 1.11164179e+01 1.16507187e+01 1.18155298e+01
    1.23360949e+01 1.15932198e+01 1.25168457e+01 1.25955410e+01
    1.11208286e+01 1.10592051e+01 1.13046322e+01 1.09778290e+01
    9.46207714e+00 1.08098946e+01 1.18064156e+01 1.08402090e+01
    1.16890287e+01 1.32170229e+01 1.09870281e+01 1.08507872e+01
    1.12837362e+01 1.07708235e+01 1.09308405e+01 9.75647449e+00
    1.15572586e+01 1.26244698e+01 1.26011171e+01 1.19979324e+01
    1.30514355e+01 1.33063526e+01 1.43118963e+01 1.53407650e+01
    1.29346704e+01 1.21937208e+01 1.23806868e+01 1.37407255e+01
    1.38549309e+01 1.23261662e+01 1.05194359e+01 1.20112896e+01
    1.30820293e+01 1.14074678e+01 1.19349375e+01 1.19009895e+01
    1.08353539e+01 1.19791527e+01 1.17068596e+01 1.11523170e+01
    1.23526640e+01 1.11024504e+01 1.21632986e+01 1.30345364e+01
    1.12938261e+01 1.07288990e+01 1.16003227e+01 1.19701977e+01
    1.17708359e+01 1.05904245e+01 1.15376720e+01 1.32817831e+01
    1.30200748e+01 1.20121298e+01 1.12878580e+01 1.23074217e+01
    1.17908106e+01 1.27359200e+01 1.18680372e+01 1.25031261e+01
    1.25738640e+01 1.21991911e+01 1.35791502e+01 1.36893101e+01
    1.24875631e+01 1.23023186e+01 1.28304567e+01 1.18495913e+01
    1.13937407e+01 1.29928045e+01 1.22590246e+01 1.05399294e+01
    1.26619596e+01 1.31921558e+01 1.25504532e+01 1.19598665e+01
    1.09751997e+01 1.11706219e+01 1.21842871e+01 1.11581192e+01
    1.03560677e+01 1.10006638e+01 1.30194759e+01 1.09464226e+01
    1.06921320e+01 1.08789721e+01 1.09744158e+01 1.06207981e+01
    1.03231468e+01 1.13080854e+01 1.07886343e+01 1.08913498e+01
    1.13648872e+01 1.23623123e+01 1.19341373e+01 1.20581417e+01
    1.13510370e+01 1.27704000e+01 1.40985136e+01 1.31852646e+01
    1.18790779e+01 1.28138189e+01 1.29958496e+01 1.34458981e+01
    1.16846027e+01 1.03968325e+01 1.14884119e+01 1.27041330e+01
    1.31458035e+01 1.18074780e+01 1.01097116e+01 1.30404978e+01
    1.29259501e+01 1.19744940e+01 1.15707474e+01 1.30146608e+01
    1.25710716e+01 1.19121637e+01 1.15042562e+01 1.09570284e+01
    1.01368961e+01 1.12085276e+01 1.00556993e+01 8.18589497e+00
    9.89308548e+00 9.87323952e+00 1.05704002e+01 1.11171808e+01
    9.79536533e+00 1.10853949e+01 1.07547274e+01 1.04864931e+01
    1.03163729e+01 1.14118185e+01 1.01820974e+01 1.00459175e+01
    1.09728041e+01 1.11332750e+01 9.27678585e+00 1.20299902e+01
    1.08619366e+01 1.06541262e+01 1.25384684e+01 1.23850384e+01
    1.20097275e+01 1.03195734e+01 1.04555302e+01 1.36072540e+01
    1.00837641e+01 1.09064465e+01 1.01261663e+01 1.17687283e+01
    1.20547028e+01 1.09543715e+01 1.17204409e+01 1.28550234e+01
    1.17423792e+01 1.25048761e+01 1.25937510e+01 1.26364546e+01
    1.24807787e+01 1.37213831e+01 1.28546200e+01 1.31099825e+01
    1.32873602e+01 1.37917595e+01 1.24231911e+01 1.18887348e+01
    1.22328434e+01 1.20800686e+01 9.88894272e+00 1.07271872e+01
    1.07232304e+01 9.62804222e+00 1.14744749e+01 1.23826618e+01
    1.14844770e+01 1.29158163e+01 1.27221899e+01 1.21477098e+01
    1.31597033e+01 1.31781864e+01 1.22308111e+01 1.30684185e+01
    1.41102962e+01 1.47813778e+01 1.17166071e+01 1.28624697e+01
    1.15755615e+01 9.94064140e+00 1.19632912e+01 1.00420589e+01
    1.01969147e+01 1.11518059e+01 1.03759947e+01 1.10429077e+01
    1.38639269e+01 1.21402369e+01 1.23631535e+01 1.28720512e+01
    1.27394571e+01 1.37743349e+01 1.31472998e+01 1.17501717e+01
    1.37747183e+01 1.22018080e+01 1.12463751e+01 1.19299793e+01
    1.09009886e+01 1.06261091e+01 1.12092276e+01 1.08105354e+01
    1.17324839e+01 1.18402166e+01 1.19447956e+01 1.23919954e+01
    1.26877346e+01 1.16559401e+01 1.23068552e+01 1.30536890e+01
    1.18300419e+01 1.32636042e+01 1.25984497e+01 9.92052841e+00
    1.08679857e+01 1.18189335e+01 1.11116266e+01 1.04957962e+01
    9.90324974e+00 1.15119038e+01 1.16473160e+01 1.20372667e+01
    1.13730412e+01 1.24190817e+01 1.30768623e+01 1.24682732e+01
    1.31144638e+01 1.26019869e+01 1.23519983e+01 1.15786200e+01
    1.18179274e+01 1.16834106e+01 1.08291769e+01 1.17597504e+01
    1.11344252e+01 1.20717230e+01 1.18209629e+01 1.14014769e+01
    1.06937408e+01 1.21569014e+01 1.16764870e+01 1.19790125e+01
    1.10578632e+01 1.12161150e+01 1.18370829e+01 1.18985777e+01
    1.17968473e+01 1.16648998e+01 1.22274952e+01 1.29764776e+01
    1.13469458e+01 1.06438313e+01 1.18521976e+01 1.09734993e+01
    1.14191275e+01 1.15313940e+01 1.06822977e+01 1.43614073e+01
    1.30664654e+01 1.26948805e+01 1.43322287e+01 1.20451641e+01
    1.41312809e+01 1.46079636e+01 1.31211185e+01 1.26265345e+01
    1.22986193e+01 1.25497398e+01 1.37802296e+01 1.11648827e+01
    1.14253569e+01 1.11929455e+01 1.23867922e+01 1.17920904e+01
    1.10727215e+01 1.04450464e+01 1.01255760e+01 1.20760126e+01
    1.03296747e+01 1.07289257e+01 1.11804953e+01 1.00860682e+01
    1.07153435e+01 1.06563206e+01 1.00896482e+01 1.07575693e+01
    9.15313339e+00 9.90703487e+00 1.13636723e+01 1.13246603e+01
    1.17585955e+01 1.16895056e+01 1.33676701e+01 1.40342636e+01
    1.32139721e+01 1.27177629e+01 1.29411783e+01 1.13540459e+01
    1.18965654e+01 1.26376905e+01 1.23677721e+01 1.25696478e+01
    1.31985044e+01 1.31858988e+01 1.21917324e+01 1.21644363e+01
    1.24453564e+01 1.31459818e+01 1.10792656e+01 1.27347937e+01
    1.10682812e+01 1.10516500e+01 1.22146721e+01 1.13827066e+01
    1.15259247e+01 1.05520115e+01 1.13729944e+01 1.10643806e+01
    1.08082361e+01 1.07545490e+01 9.46411037e+00 1.10347719e+01
    1.20613089e+01 9.93581772e+00 9.83041573e+00 1.01846704e+01
    1.08588028e+01 1.16928415e+01 1.13275270e+01 1.02474279e+01
    1.02540798e+01 1.02087803e+01 1.04607773e+01 1.15952969e+01
    1.17673368e+01 1.09729519e+01 1.04382420e+01 1.22266665e+01
    1.31358032e+01 1.40649185e+01 1.21063061e+01 1.25660639e+01
    1.27419786e+01 1.32675257e+01 1.28917866e+01 9.84974098e+00
    1.10520678e+01 1.38349857e+01 1.32452440e+01 1.25078745e+01
    1.12127724e+01 1.32473097e+01 1.21725492e+01 1.24079018e+01
    1.20774460e+01 1.21288738e+01 1.17934704e+01 1.21164551e+01
    1.23662615e+01 1.14250879e+01 1.19018450e+01 1.14058275e+01
    1.01886606e+01 9.77607441e+00 9.86972618e+00 9.89095783e+00
    1.09628258e+01 1.14318485e+01 1.11408873e+01 1.12566137e+01
    1.09382420e+01 1.10811558e+01 1.15989599e+01 1.08815250e+01
    1.05835390e+01 1.10000467e+01 1.04067249e+01 1.17031755e+01
    1.15121527e+01 1.15638256e+01 1.15661449e+01 1.11925898e+01
    1.22936897e+01 1.28438501e+01 1.14690781e+01 1.24852419e+01
    1.03110323e+01 1.32716560e+01 1.33385286e+01 9.96595192e+00
    1.15184593e+01 1.18119001e+01 1.23941221e+01 1.08073893e+01
    1.17626829e+01 1.12770662e+01 1.15030060e+01 1.26344299e+01
    1.15616999e+01 1.12857704e+01 1.30273228e+01 1.26539278e+01
    1.24561548e+01 1.18901749e+01 1.23477526e+01 1.22855759e+01
    1.22763643e+01 1.20614290e+01 1.24747324e+01 1.16389551e+01
    1.07573833e+01 1.01392851e+01 1.06526165e+01 1.06195993e+01
    1.09151764e+01 1.11484947e+01 1.05815344e+01 1.18753462e+01
    1.19705353e+01 1.26370649e+01 1.24006824e+01 1.34794006e+01
    1.21543531e+01 1.16445894e+01 1.23301306e+01 1.27072277e+01
    1.10222950e+01 1.01814613e+01 1.02344885e+01 1.03711920e+01
    1.12329197e+01 1.06171989e+01 1.06304502e+01 1.01599674e+01
    1.19426527e+01 1.13083782e+01 1.22972698e+01 1.20723553e+01
    1.38816738e+01 1.25494795e+01 1.25689621e+01 1.45659056e+01
    1.37589102e+01 1.40512867e+01 1.26021500e+01 1.13367500e+01
    1.25667658e+01 1.16381283e+01 1.17958107e+01 1.08982658e+01
    1.22962837e+01 1.21062460e+01 1.26678324e+01 1.29795599e+01
    1.27216835e+01 1.26261253e+01 1.23975754e+01 1.18813725e+01
    1.24204216e+01 1.20839138e+01 1.10181112e+01 1.29705915e+01
    1.21688471e+01 1.10520725e+01 1.02055950e+01 1.04929924e+01
    1.19431238e+01 1.12129078e+01 1.02862597e+01 1.14312010e+01
    1.20802107e+01 1.17126694e+01 1.23217392e+01 1.21136951e+01
    1.22554665e+01 1.28423300e+01 1.19337816e+01 1.12079992e+01
    1.22241163e+01 1.29141531e+01 1.23705397e+01 1.21525631e+01
    1.03771858e+01 1.16936083e+01 1.11539106e+01 1.10239248e+01
    1.18173103e+01 1.09849758e+01 1.23818808e+01 1.20331230e+01
    1.21529655e+01 1.11045675e+01 1.20198517e+01 1.20760088e+01
    1.19652357e+01 1.22612572e+01 1.22729578e+01 1.16013680e+01
    1.31204901e+01 1.16336517e+01 1.11166658e+01 1.10396061e+01
    1.16127310e+01 1.06293306e+01 1.19943333e+01 1.14433813e+01
    1.29645252e+01 1.25859871e+01 1.30433521e+01 1.22676935e+01
    1.36501074e+01 1.27165098e+01 1.41030664e+01 1.31273241e+01
    1.27195559e+01 1.27953405e+01 1.34054241e+01 1.32124643e+01
    1.33815355e+01 1.26968546e+01 1.17158194e+01 1.08147612e+01
    1.17976093e+01 1.17405539e+01 1.10386028e+01 1.13924007e+01
    1.05928068e+01 1.10615435e+01 1.12041159e+01 1.00458441e+01
    1.12602186e+01 9.73257637e+00 9.16134262e+00 1.09733076e+01
    1.13069296e+01 9.87182999e+00 1.02986908e+01 1.13389978e+01
    1.04136543e+01 1.17988224e+01 1.14553766e+01 1.22717123e+01
    1.27159119e+01 1.29665461e+01 1.37523746e+01 1.32544804e+01
    1.28201475e+01 1.31608686e+01 1.34489050e+01 1.32294893e+01
    1.22797041e+01 1.26589327e+01 1.17646189e+01 1.20913305e+01
    1.07834625e+01 1.09655886e+01 1.13284712e+01 1.19175110e+01
    1.08997259e+01 9.52777290e+00 1.08545246e+01 1.18044767e+01
    1.15779848e+01 1.18353834e+01 1.05476065e+01 1.08453150e+01
    1.16952381e+01 1.13570385e+01 1.08314352e+01 9.79231930e+00
    9.45658970e+00 1.14820042e+01 1.11254082e+01 1.00799561e+01
    9.78136826e+00 9.31723595e+00 1.02880106e+01 1.09633703e+01
    9.86578274e+00 9.99767208e+00 1.02497540e+01 1.15950260e+01
    1.14460049e+01 1.28333893e+01 1.22346544e+01 1.08279829e+01
    1.22723331e+01 1.34417038e+01 1.27290850e+01 1.30615101e+01
    1.25049810e+01 1.28493147e+01 1.27982521e+01 1.34082708e+01
    1.17601156e+01 1.17395411e+01 1.20393963e+01 1.22026663e+01
    1.28465881e+01 1.24321671e+01 1.18845844e+01 1.31388712e+01
    1.20361891e+01 1.21749544e+01 1.27992926e+01 1.23211107e+01
    1.25435066e+01 1.19209309e+01 1.18668098e+01 1.13852472e+01
    1.21780806e+01 1.02419682e+01 1.12980928e+01 1.01268215e+01
    9.97932816e+00 1.14666548e+01 1.13745441e+01 1.20858183e+01
    1.09471436e+01 1.04581699e+01 1.10631990e+01 1.16270676e+01
    1.15178213e+01 9.83820248e+00 1.18843575e+01 1.08164883e+01
    1.06979580e+01 1.13771496e+01 1.22446585e+01 1.15404034e+01
    1.12605343e+01 1.20994005e+01 1.19526749e+01 1.28274107e+01
    1.18783092e+01 1.13340645e+01 1.03527164e+01 1.19729443e+01
    1.16921329e+01 1.10212231e+01 1.09791088e+01 1.11093931e+01
    1.18227501e+01 1.29751797e+01 1.06288462e+01 1.18075209e+01
    1.17142572e+01 1.23690319e+01 1.03811483e+01 1.14667873e+01
    1.29973640e+01 1.28207188e+01 1.17199574e+01 1.20614204e+01
    1.26872177e+01 1.32411385e+01 1.23887424e+01 1.16117258e+01
    1.23155050e+01 1.22832813e+01 1.11607962e+01 1.23364229e+01
    1.08977404e+01 1.05685072e+01 1.01368027e+01 1.08777494e+01
    1.09438839e+01 1.17802382e+01 1.17553120e+01 1.12427282e+01
    1.26103430e+01 1.15465517e+01 1.14453201e+01 1.13910971e+01
    1.20669708e+01 1.19882584e+01 1.20672512e+01 1.15255117e+01
    1.13435535e+01 1.02490301e+01 1.22164316e+01 1.07689142e+01
    9.66850185e+00 9.91552734e+00 1.18398676e+01 1.19490938e+01
    1.19857874e+01 1.13474188e+01 1.22408371e+01 1.35298414e+01
    1.24740238e+01 1.21441383e+01 1.38501511e+01 1.27950106e+01
    1.22007151e+01 1.22234783e+01 1.14923258e+01 1.15273457e+01
    1.07113171e+01 1.09119930e+01 1.17047653e+01 1.17947159e+01
    1.19335394e+01 1.35402737e+01 1.30796423e+01 1.31092825e+01
    1.33964481e+01 1.22400007e+01 1.17670975e+01 1.11317539e+01
    1.23768444e+01 1.21236649e+01 1.09808502e+01 1.03981457e+01
    1.04073906e+01 1.09580212e+01 1.07719126e+01 1.06241817e+01
    1.07070875e+01 1.16217842e+01 1.17881289e+01 1.32387037e+01
    1.40659676e+01 1.26671848e+01 1.27497778e+01 1.35693979e+01
    1.13591213e+01 1.24786444e+01 1.17530203e+01 1.18651323e+01
    1.28977385e+01 1.04404907e+01 1.14823103e+01 1.12482405e+01
    1.17008924e+01 1.01543341e+01 1.14347286e+01 1.04090347e+01
    1.16382551e+01 1.13918324e+01 1.14404964e+01 1.15206518e+01
    1.22483902e+01 1.22235851e+01 1.12683458e+01 1.09218044e+01
    1.16993761e+01 1.08178453e+01 1.25185738e+01 1.08867865e+01
    1.10731592e+01 1.19580212e+01 1.11666355e+01 1.15109119e+01
    1.02365408e+01 1.08333530e+01 1.19587374e+01 1.32653341e+01
    1.37479858e+01 1.24794483e+01 1.26074018e+01 1.39016705e+01
    1.32839518e+01 1.21317396e+01 1.21097507e+01 1.31544771e+01
    1.36713171e+01 1.16680822e+01 1.23925037e+01 1.14419584e+01
    1.06499634e+01 1.11071272e+01 1.27452688e+01 9.74176407e+00
    1.05922203e+01 1.02976494e+01 1.07938204e+01 1.18999329e+01
    1.09129505e+01 1.13371124e+01 1.13480511e+01 9.27072239e+00
    1.02302542e+01 1.09972496e+01 1.07349844e+01 1.07414446e+01
    1.08601799e+01 1.19875135e+01 1.11181955e+01 1.18395319e+01
    1.31608868e+01 1.16163740e+01 1.27962275e+01 1.27866917e+01
    1.10498886e+01 1.29641409e+01 1.30818233e+01 1.31596451e+01
    1.25447426e+01 1.33475819e+01 1.43764324e+01 1.29812956e+01
    1.37994719e+01 1.31078157e+01 1.25495596e+01 1.17338963e+01
    1.18431778e+01 1.16672096e+01 1.09519091e+01 1.05239496e+01
    1.14100161e+01 9.95839310e+00 1.15207520e+01 1.02943010e+01
    9.46604061e+00 1.06152630e+01 1.00588112e+01 9.85731888e+00
    1.06074657e+01 9.69197369e+00 1.01849298e+01 1.08528271e+01
    1.16183777e+01 1.09228640e+01 9.85076046e+00 9.90552902e+00
    1.08136616e+01 1.18232365e+01 1.15395241e+01 1.07717905e+01
    1.12085886e+01 1.17677555e+01 1.24173365e+01 1.32807302e+01
    1.44144373e+01 1.15409241e+01 1.22376738e+01 1.33320789e+01
    1.36665554e+01 1.27849493e+01 1.19839735e+01 1.14779844e+01
    1.43900585e+01 1.38560591e+01 1.03071356e+01 1.15840940e+01
    1.26944437e+01 1.16622000e+01 1.38202734e+01 1.28806458e+01
    1.18969908e+01 1.32990170e+01 1.21239452e+01 1.31016569e+01
    1.30449905e+01 1.11750412e+01 1.13391809e+01 1.14022818e+01
    1.05138655e+01 1.09101400e+01 1.16887293e+01 1.04616947e+01
    1.00894890e+01 1.01771116e+01 9.32589817e+00 1.08734179e+01
    1.08494482e+01 1.06002884e+01 1.11937122e+01 1.04192667e+01
    1.19012394e+01 1.01545067e+01 1.09386168e+01 1.01255379e+01
    9.93268967e+00 1.08409252e+01 1.20116119e+01 1.07915506e+01
    1.15677080e+01 1.25629835e+01 1.12815342e+01 1.06462288e+01
    1.24226856e+01 1.18578424e+01 1.17335949e+01 1.14538832e+01
    1.33502769e+01 1.21001835e+01 1.17392998e+01 1.23681889e+01
    1.16573639e+01 1.22541971e+01 1.21804361e+01 1.16406851e+01
    1.07398233e+01 1.18829298e+01 1.17751341e+01 1.16445284e+01
    1.06882858e+01 1.04454708e+01 1.34866047e+01 1.25470276e+01
    1.07790661e+01 1.28095884e+01 1.36317053e+01 1.26546946e+01
    1.17672129e+01 1.15106153e+01 1.07522306e+01 1.21557293e+01
    9.78271103e+00 9.10764408e+00 1.03509169e+01 1.09823303e+01
    1.03151035e+01 1.11195698e+01 1.26603804e+01 1.16283150e+01
    1.13450632e+01 1.22829428e+01 1.32138844e+01 1.22506495e+01
    1.22703743e+01 1.23769646e+01 1.17396936e+01 1.25487909e+01
    1.25336514e+01 1.09414291e+01 1.21946573e+01 1.22554617e+01
    1.32655821e+01 1.19410181e+01 1.14247913e+01 1.25000935e+01
    1.01543713e+01 1.25172815e+01 1.19272032e+01 1.03111115e+01
    1.16508589e+01 1.24442606e+01 1.25374565e+01 1.29831638e+01
    1.35241308e+01 1.28171282e+01 1.30947094e+01 1.26228809e+01
    1.12993193e+01 1.28834534e+01 1.18092308e+01 1.18709726e+01
    1.28615036e+01 1.26344891e+01 1.37507076e+01 1.39333916e+01
    1.28422718e+01 1.35872402e+01 1.42227507e+01 1.28921499e+01
    1.25543871e+01 1.19360447e+01 1.19861612e+01 1.23845491e+01
    1.20887413e+01 1.22885103e+01 1.03843355e+01 1.11852379e+01
    1.10269794e+01 1.09106150e+01 1.08813524e+01 1.13515911e+01
    9.43391228e+00 1.16426525e+01 1.23594971e+01 1.28289690e+01
    1.27520180e+01 1.27852564e+01 1.37205439e+01 1.28882408e+01
    1.39099493e+01 1.27852392e+01 1.35601044e+01 1.23168802e+01
    1.06306658e+01 1.22136698e+01 1.13347845e+01 1.09848804e+01
    1.05856266e+01 1.10175800e+01 1.01534672e+01 1.03622341e+01
    1.11665306e+01 1.15128412e+01 1.10393248e+01 1.19638023e+01
    1.03639450e+01 1.23109283e+01 1.29821739e+01 1.14607983e+01
    1.33183680e+01 1.28402224e+01 1.08284454e+01 1.16162252e+01
    1.18167896e+01 1.08524342e+01 1.14879913e+01 1.25518026e+01
    1.30841475e+01 1.39934454e+01 1.28394051e+01 1.26593542e+01
    1.32786312e+01 1.27712593e+01 1.41921234e+01 1.41250935e+01
    1.23049955e+01 1.30827761e+01 1.30769348e+01 1.37170858e+01
    1.21731195e+01 1.02829790e+01 1.00534744e+01 1.07355900e+01
    9.84326553e+00 8.64339161e+00 9.85356808e+00 1.08321619e+01
    1.10737000e+01 1.11240768e+01 1.12927055e+01 1.11855164e+01
    9.98385334e+00 9.84370041e+00 1.03558388e+01 8.74977875e+00
    1.09643221e+01 1.10323067e+01 9.88885021e+00 1.13173962e+01
    1.06810942e+01 1.19698858e+01 1.25299683e+01 1.21692314e+01
    1.31269855e+01 1.25770550e+01 1.09552717e+01 1.33573208e+01
    1.22928915e+01 1.23684807e+01 1.34221668e+01 1.27289371e+01
    1.26742687e+01 1.30738649e+01 1.28315516e+01 1.10094633e+01
    1.04113407e+01 1.10469732e+01 1.21801796e+01 1.10325451e+01
    1.06318645e+01 1.00701666e+01 1.04394789e+01 9.88189220e+00
    9.93006039e+00 1.02182083e+01 8.96038246e+00 8.79843330e+00
    1.00758286e+01 9.71142387e+00 1.06009798e+01 9.44422913e+00
    9.97497272e+00 1.02954645e+01 1.18850937e+01 9.80097198e+00
    8.96671677e+00 1.08896923e+01 1.02993984e+01 1.11230621e+01
    1.14548426e+01 1.02651739e+01 1.05760117e+01 1.24777002e+01
    1.24409342e+01 1.33866558e+01 1.39384184e+01 1.17949648e+01
    1.15028505e+01 1.36511984e+01 1.32777672e+01 1.29777489e+01
    1.13087778e+01 1.06430740e+01 1.34188366e+01 1.35309906e+01
    1.19554167e+01 1.24060459e+01 1.19762774e+01 1.14702225e+01
    1.32079687e+01 1.23003445e+01 1.19326563e+01 1.14865160e+01
    1.14690781e+01 1.25882435e+01 1.13940468e+01 1.08719902e+01
    1.07378216e+01 1.12591333e+01 1.04089651e+01 1.17497654e+01
    1.21475439e+01 1.05264072e+01 1.12371387e+01 1.13018284e+01
    1.07553759e+01 1.15242023e+01 1.12302170e+01 1.24257116e+01
    1.24521723e+01 1.05195370e+01 1.19435387e+01 1.07692175e+01
    1.18943930e+01 1.19962559e+01 1.03950253e+01 1.17641096e+01
    1.18805637e+01 1.10034418e+01 1.27954130e+01 1.20045805e+01
    1.12612524e+01 1.23602552e+01 1.31905279e+01 1.21689310e+01
    1.21328239e+01 1.29427977e+01 1.18538961e+01 1.24123621e+01
    1.35439425e+01 1.22229691e+01 1.19075642e+01 1.31623316e+01
    1.37642374e+01 1.24538975e+01 1.29733820e+01 1.23450527e+01
    1.29625435e+01 1.10239458e+01 1.18326302e+01 1.18397055e+01
    1.19640427e+01 1.24515963e+01 1.13948498e+01 1.14660416e+01
    1.29304829e+01 1.26137152e+01 1.24066620e+01 1.10631027e+01
    1.15603676e+01 1.13955507e+01 9.92657852e+00 9.75659370e+00
    1.11101961e+01 8.99083424e+00 1.04577723e+01 1.04563799e+01
    1.16762552e+01 1.10672941e+01 1.25983047e+01 1.16099224e+01
    1.27172365e+01 1.05651379e+01 1.09773226e+01 1.13430748e+01
    1.05397034e+01 1.07211800e+01 1.18816814e+01 1.01578217e+01
    1.18785048e+01 1.27349730e+01 1.30298576e+01 1.20307045e+01
    1.07764645e+01 1.20302525e+01 1.14632463e+01 1.17180510e+01
    1.25141478e+01 1.04642153e+01 1.13786402e+01 1.10059023e+01
    1.20553617e+01 1.17610550e+01 1.29668703e+01 1.29845543e+01
    1.22115965e+01 1.19750023e+01 1.17154293e+01 1.13718166e+01
    1.18847637e+01 1.23734055e+01 1.24018526e+01 1.26356306e+01
    1.38545132e+01 1.51162863e+01 1.29201117e+01 1.36152887e+01
    1.28428545e+01 1.24134121e+01 1.10823441e+01 1.05356007e+01
    1.12404261e+01 1.25157948e+01 9.86152172e+00 1.18024549e+01
    1.13593931e+01 1.12789516e+01 1.18902178e+01 1.19435987e+01
    1.25922203e+01 1.23365021e+01 1.15456924e+01 1.12902231e+01
    1.36711664e+01 1.44414711e+01 1.28754263e+01 1.20905819e+01
    1.34639511e+01 1.38161106e+01 1.46706228e+01 1.40655613e+01
    1.44128942e+01 1.21176081e+01 1.16117811e+01 1.31961079e+01
    1.18225870e+01 1.12986498e+01 1.11999769e+01 1.05157299e+01
    1.01326962e+01 1.04184732e+01 1.14545536e+01 1.12465057e+01
    1.11533785e+01 1.19712276e+01 1.15900955e+01 1.10446177e+01
    1.18879051e+01 1.15579481e+01 1.27747421e+01 1.23970032e+01
    1.05043211e+01 1.19165478e+01 1.28866262e+01 1.20572710e+01
    1.22135286e+01 1.14357815e+01 1.19010868e+01 1.28434954e+01
    1.31468334e+01 1.32628565e+01 1.31892080e+01 1.31849461e+01
    1.37018404e+01 1.29030151e+01 1.19118681e+01 1.30535803e+01
    1.27784758e+01 1.17955732e+01 1.23761244e+01 1.07966976e+01
    9.91672707e+00 1.09127941e+01 1.10161247e+01 1.07129288e+01
    8.79090691e+00 1.02707748e+01 1.03530712e+01 1.09448671e+01
    1.08216009e+01 1.03432894e+01 1.00942335e+01 1.08863239e+01
    9.37780476e+00 1.03296213e+01 1.14938488e+01 1.14151306e+01
    9.19610119e+00 1.14490623e+01 1.25869360e+01 1.15612574e+01
    1.12648458e+01 1.14152756e+01 1.16198282e+01 1.18523121e+01
    1.17128534e+01 1.23838034e+01 1.26978092e+01 1.37317047e+01
    1.51435890e+01 1.33064508e+01 1.18975039e+01 1.30319242e+01
    1.38077698e+01 1.19208279e+01 1.02683516e+01 9.39000320e+00
    1.07167225e+01 1.11974421e+01 8.41805553e+00 9.87656593e+00
    1.06978979e+01 9.59301281e+00 9.44127941e+00 9.10138226e+00
    8.73813725e+00 8.66674137e+00 8.63096523e+00 1.01519852e+01
    9.70942020e+00 9.53796959e+00 1.00593042e+01 1.02555428e+01
    1.09146833e+01 9.28842354e+00 8.46975040e+00 1.09470139e+01
    1.01023703e+01 1.06837406e+01 1.13146286e+01 1.00324945e+01
    1.06531935e+01 1.07227917e+01 1.16195822e+01 1.16306543e+01
    1.24602108e+01 1.11511488e+01 1.20647011e+01 1.28370752e+01
    1.18523026e+01 1.28255959e+01 1.12829351e+01 1.12449694e+01
    1.28503952e+01 1.25833759e+01 1.23582335e+01 1.25501213e+01
    1.11191292e+01 1.25067282e+01 1.28266878e+01 1.24611473e+01
    1.10811758e+01 1.02541475e+01 1.13993864e+01 1.15560589e+01
    1.05954390e+01 1.07826338e+01 1.06174393e+01 1.08294144e+01
    1.01189508e+01 1.14341803e+01 1.17038870e+01 1.10009012e+01
    1.08944168e+01 1.16023226e+01 9.81984520e+00 1.09078703e+01
    1.14468088e+01 1.11161175e+01 1.07839661e+01 1.17880192e+01
    1.13728657e+01 1.07280655e+01 1.21767244e+01 1.12233067e+01
    9.79110146e+00 1.15715656e+01 1.22893152e+01 1.15112906e+01
    1.32243958e+01 1.28668327e+01 1.31674805e+01 1.14111519e+01
    1.19190149e+01 1.28048706e+01 1.13489590e+01 1.16855106e+01
    1.13229113e+01 1.15522547e+01 1.05398693e+01 1.09790869e+01
    1.15919046e+01 1.18031254e+01 1.29687548e+01 1.30918245e+01
    1.19663601e+01 1.21693449e+01 1.25948887e+01 1.20380211e+01
    1.07500925e+01 1.22417564e+01 1.07396059e+01 1.15353556e+01
    1.10424595e+01 1.04606686e+01 1.32178917e+01 1.26132841e+01
    1.22533970e+01 1.14267406e+01 1.12772017e+01 1.07632589e+01
    1.04277515e+01 9.81001663e+00 1.05135851e+01 9.25664425e+00
    1.04728804e+01 1.11048756e+01 1.04562254e+01 1.09475775e+01
    1.05391960e+01 1.03656054e+01 1.09800911e+01 1.11120186e+01
    1.04063740e+01 1.15273485e+01 1.09875507e+01 1.08877506e+01
    1.32264919e+01 1.18313141e+01 1.27997122e+01 1.31480455e+01
    1.31245928e+01 1.24817543e+01 1.06588106e+01 1.14593306e+01
    1.24390726e+01 1.07484398e+01 1.04618378e+01 1.04057713e+01
    1.14043140e+01 1.12564812e+01 1.00577154e+01 1.28130007e+01
    1.24732409e+01 1.20980635e+01 1.13382120e+01 1.14493160e+01
    1.17596140e+01 1.22166634e+01 1.10756903e+01 1.12286644e+01
    1.29586182e+01 1.27810469e+01 1.21565790e+01 1.36984062e+01
    1.39234409e+01 1.25705299e+01 1.27839622e+01 1.16256113e+01
    1.20799809e+01 1.14691648e+01 1.03358822e+01 1.22836723e+01
    1.06917934e+01 9.58623314e+00 1.16019993e+01 1.18254328e+01
    1.00811968e+01 1.23308840e+01 1.18601303e+01 1.19534283e+01
    1.18993998e+01 1.22861824e+01 1.38426638e+01 1.30624218e+01
    1.39818735e+01 1.36766644e+01 1.20286989e+01 1.36256914e+01
    1.48651609e+01 1.45708818e+01 1.22977486e+01 1.31485834e+01
    1.37154093e+01 1.15045061e+01 1.15807104e+01 1.23639812e+01
    1.05186720e+01 1.05929279e+01 1.14286880e+01 1.10516863e+01
    1.14576235e+01 1.18874121e+01 1.29299221e+01 1.20151100e+01
    1.04166479e+01 1.15502262e+01 1.12112827e+01 1.00599766e+01
    1.13438244e+01 1.15075464e+01 9.74365616e+00 1.00296001e+01
    1.17511272e+01 1.20437622e+01 1.19575615e+01 1.20549183e+01
    1.23443270e+01 1.41924210e+01 1.35158291e+01 1.25671730e+01
    1.29549856e+01 1.29607458e+01 1.22529306e+01 1.31844559e+01
    1.24084110e+01 1.27839737e+01 1.26509037e+01 1.07237730e+01
    1.24301701e+01 1.02397633e+01 9.84735107e+00 1.09108429e+01
    9.29659748e+00 9.93362617e+00 9.86731911e+00 9.77820301e+00
    1.19340668e+01 1.26280546e+01 1.16913738e+01 1.14480371e+01
    1.25479689e+01 1.05538006e+01 9.71281147e+00 1.02576237e+01
    1.15678854e+01 1.16628294e+01 9.37001991e+00 1.11821012e+01
    1.25497885e+01 1.25195189e+01 1.16283112e+01 1.03938761e+01
    1.10851736e+01 1.17735205e+01 1.08476324e+01 1.16981554e+01
    1.18660288e+01 1.23828716e+01 1.35106821e+01 1.38371849e+01
    1.38721256e+01 1.31927967e+01 1.43095179e+01 1.26841917e+01
    1.14651690e+01 1.13559256e+01 1.04134521e+01 1.07700491e+01
    9.28594780e+00 1.04022446e+01 1.01694536e+01 8.62308025e+00
    9.22272301e+00 8.32076359e+00 8.74347210e+00 9.62402534e+00
    8.01313400e+00 1.00722103e+01 9.39177513e+00 9.94982529e+00
    1.02685452e+01 8.83276844e+00 1.11428280e+01 1.03855324e+01
    9.33911896e+00 1.14747639e+01 9.62791538e+00 1.09953184e+01
    1.13373775e+01 8.96222401e+00 1.15935726e+01 1.25193501e+01
    1.00303822e+01 1.23498592e+01 1.38502779e+01 1.18742046e+01
    1.14788990e+01 1.24053488e+01 1.21089010e+01 1.16388960e+01
    1.13191185e+01 1.07384701e+01 1.19701996e+01 1.17679148e+01
    1.32093515e+01 1.29743586e+01 1.26287851e+01 1.34648972e+01
    1.34380798e+01 1.38052588e+01 1.31602659e+01 1.05087442e+01
    1.15737724e+01 1.16361046e+01 1.07364759e+01 1.07155733e+01
    9.40660095e+00 1.00293884e+01 1.05853233e+01 1.12429714e+01
    1.06078577e+01 1.05833588e+01 1.06759501e+01 1.21913214e+01
    9.91423607e+00 1.16672554e+01 1.19777908e+01 1.13228264e+01
    1.12281446e+01 1.10265265e+01 1.11223660e+01 1.16500368e+01
    1.12649193e+01 1.03176699e+01 1.13640928e+01 1.23915987e+01
    1.18335352e+01 1.15110788e+01 1.22523489e+01 1.31663427e+01
    1.23709755e+01 1.21038847e+01 1.22562389e+01 1.24506359e+01
    1.23378754e+01 1.23432093e+01 1.14791288e+01 1.07188864e+01
    1.25759983e+01 1.13781395e+01 1.20267906e+01 1.13998613e+01
    1.20748377e+01 1.21187096e+01 1.11271963e+01 1.27424955e+01
    1.35775881e+01 1.16077938e+01 9.35336876e+00 1.12325850e+01
    1.11666307e+01 9.57742405e+00 9.68765831e+00 9.76092529e+00
    1.17104502e+01 1.24280682e+01 1.21191730e+01 1.11160526e+01
    9.86482620e+00 1.00323400e+01 1.00089064e+01 1.03407764e+01
    9.73739910e+00 8.27356720e+00 9.26441669e+00 1.01697397e+01
    1.06492119e+01 1.04325094e+01 1.03686018e+01 9.67721272e+00
    9.95077133e+00 1.02759686e+01 9.87252998e+00 9.47245789e+00
    9.49720478e+00 1.06161757e+01 1.14408445e+01 1.13862343e+01
    1.24284182e+01 1.46051006e+01 1.44668875e+01 1.30022535e+01
    1.19862595e+01 1.22846251e+01 1.26427689e+01 1.11318588e+01
    9.07402802e+00 1.01048365e+01 1.16324635e+01 1.06498041e+01
    1.02014160e+01 1.27087336e+01 1.18455286e+01 1.37054310e+01
    1.29691353e+01 1.08217440e+01 1.11376314e+01 1.20988455e+01
    1.04039698e+01 1.15715504e+01 1.15752859e+01 1.10782032e+01
    1.22369747e+01 1.36108189e+01 1.31212940e+01 1.36566362e+01
    1.28926630e+01 1.18813763e+01 1.27718544e+01 1.22374353e+01
    9.82501316e+00 1.23841972e+01 1.13036766e+01 9.39917469e+00
    1.20056639e+01 1.10285959e+01 1.17043962e+01 1.07846270e+01
    1.17961607e+01 1.13670464e+01 1.10540791e+01 1.20246420e+01
    1.29463329e+01 1.21081324e+01 1.19324760e+01 1.32390823e+01
    1.21445961e+01 1.36008444e+01 1.52227211e+01 1.35410337e+01
    1.39105101e+01 1.27776356e+01 1.43100786e+01 1.20623178e+01
    1.28495560e+01 1.23598213e+01 1.18318071e+01 1.10716705e+01
    1.07955122e+01 1.02808094e+01 1.10434465e+01 1.25103769e+01
    1.20910025e+01 1.24554338e+01 1.21023674e+01 1.18159275e+01
    1.23203831e+01 1.18697405e+01 1.21951122e+01 1.13633127e+01
    1.00477209e+01 1.19261560e+01 1.16948452e+01 1.17828827e+01
    1.19722519e+01 1.21336269e+01 1.17077055e+01 1.40612202e+01
    1.36735697e+01 1.35528584e+01 1.42281094e+01 1.53026819e+01
    1.30949087e+01 1.36289654e+01 1.38661509e+01 1.41358576e+01
    1.19471588e+01 1.20182724e+01 1.11895885e+01 1.12151051e+01
    1.11664934e+01 1.14616203e+01 9.95131016e+00 1.00519047e+01
    1.03424997e+01 1.15036640e+01 1.26212196e+01 1.10134077e+01
    1.10298529e+01 1.18575001e+01 1.14882812e+01 1.10345993e+01
    8.95952702e+00 9.73156357e+00 1.17505846e+01 1.09452982e+01
    1.08365564e+01 1.15874720e+01 1.15937204e+01 1.27294264e+01
    1.28858929e+01 1.20221224e+01 1.18028879e+01 1.05464382e+01
    1.11576109e+01 1.11404610e+01 1.13462715e+01 1.21338081e+01
    1.29063501e+01 1.37749624e+01 1.27810535e+01 1.36998415e+01
    1.33677416e+01 1.23929825e+01 1.27261667e+01 1.17374592e+01
    1.12257280e+01 1.02503586e+01 1.15499668e+01 9.42779541e+00
    9.80552673e+00 8.53628254e+00 9.23615837e+00 7.90521145e+00
    8.75170040e+00 8.16703415e+00 8.72618198e+00 9.90214825e+00
    9.91823769e+00 1.05115156e+01 1.12494078e+01 1.09662638e+01
    1.17550583e+01 1.05329313e+01 9.48938465e+00 1.06066694e+01
    1.04232092e+01 1.18303366e+01 1.06482563e+01 9.85848713e+00
    1.29043999e+01 1.13342161e+01 1.13081560e+01 1.19427948e+01
    1.15747643e+01 1.16853294e+01 1.28458118e+01 1.11820173e+01
    1.14032965e+01 1.25934591e+01 1.20988445e+01 1.08235121e+01
    1.23573065e+01 1.15225735e+01 1.24669771e+01 1.34594631e+01
    1.28488998e+01 1.22715626e+01 1.32706356e+01 1.30633984e+01
    1.20563612e+01 1.15736685e+01 1.17382660e+01 9.55373287e+00
    1.11084938e+01 1.06386919e+01 9.97064781e+00 1.05612020e+01
    1.11289482e+01 1.11645794e+01 1.20195389e+01 1.21008329e+01
    1.25599375e+01 1.21780252e+01 1.11596107e+01 1.26899576e+01
    1.27574081e+01 1.17009354e+01 1.25648336e+01 1.24587231e+01
    1.17658453e+01 1.15635624e+01 1.23317766e+01 1.08333578e+01
    1.12788420e+01 1.06897316e+01 1.13786964e+01 1.14495325e+01
    1.11877155e+01 1.19633179e+01 1.22426796e+01 1.12681589e+01
    1.09392176e+01 1.15293541e+01 1.10097227e+01 1.20077658e+01
    1.07714520e+01 1.05570612e+01 1.08110094e+01 1.13521204e+01
    1.08062820e+01 1.08366461e+01 1.22327089e+01 1.19540462e+01
    1.21276264e+01 1.26186180e+01 1.31703529e+01 1.19986906e+01
    1.21808023e+01 1.17639999e+01 1.18563948e+01 1.10689859e+01
    1.01756430e+01 9.89518738e+00 1.13617229e+01 1.08604240e+01
    1.03382006e+01 1.20609398e+01 1.02515812e+01 1.01635704e+01
    9.60508251e+00 1.16794348e+01 1.00110788e+01 9.94145966e+00
    1.12241020e+01 1.05850716e+01 1.14374971e+01 1.17943916e+01
    9.27172756e+00 9.50946617e+00 1.08724585e+01 9.66192627e+00
    1.07800579e+01 9.21682835e+00 8.75629044e+00 1.02095413e+01
    1.10296965e+01 1.07018538e+01 1.17913465e+01 1.26352377e+01
    1.34001780e+01 1.15507402e+01 1.19077387e+01 1.34027691e+01
    1.27502298e+01 1.36975613e+01 1.13128529e+01 9.85850525e+00
    1.09975557e+01 1.19257822e+01 1.07096109e+01 1.08896608e+01
    1.04601116e+01 1.20496998e+01 1.16479378e+01 1.14053192e+01
    1.10733194e+01 1.02944832e+01 1.17550621e+01 1.12087011e+01
    1.10960188e+01 1.16643295e+01 1.19006166e+01 1.27802677e+01
    1.30169458e+01 1.35942230e+01 1.32814875e+01 1.23824682e+01
    1.21758862e+01 1.24536819e+01 1.20564966e+01 1.21228447e+01
    1.19543610e+01 1.09156179e+01 1.11425524e+01 1.18470001e+01
    1.11342278e+01 1.15332241e+01 1.09581079e+01 1.21324291e+01
    1.13324108e+01 1.20039349e+01 1.33882437e+01 1.38110809e+01
    1.24932261e+01 1.22092953e+01 1.34769592e+01 1.42749481e+01
    1.40062494e+01 1.28190899e+01 1.31195412e+01 1.27679968e+01
    1.29986048e+01 1.33631811e+01 1.15409832e+01 1.18497496e+01
    1.00620794e+01 1.16801434e+01 1.03489847e+01 1.02982674e+01
    1.20399265e+01 1.18056889e+01 1.09044046e+01 1.26610622e+01
    1.28792791e+01 1.19316196e+01 1.21908245e+01 1.28896084e+01
    1.14880943e+01 1.14977083e+01 1.01265450e+01 1.22934027e+01
    1.05666380e+01 1.23287239e+01 1.18319187e+01 1.18956547e+01
    1.24875593e+01 1.25677137e+01 1.44424448e+01 1.27680931e+01
    1.36444178e+01 1.42082825e+01 1.34269285e+01 1.29199352e+01
    1.40545053e+01 1.25021219e+01 1.29601336e+01 1.23832703e+01
    1.26340590e+01 1.12941446e+01 1.15015049e+01 1.25272331e+01
    1.29972792e+01 9.78779507e+00 9.92636681e+00 1.20616474e+01
    1.15067177e+01 1.16851797e+01 1.08100815e+01 1.05745039e+01
    1.25287170e+01 1.02913694e+01 9.99338531e+00 1.09449968e+01
    1.19266539e+01 1.07442608e+01 1.19032450e+01 1.10271235e+01
    1.17910299e+01 1.31647549e+01 1.26205330e+01 1.13170071e+01
    1.12860718e+01 9.93811798e+00 1.13079433e+01 1.15994883e+01
    1.25784235e+01 1.18889523e+01 1.34437323e+01 1.43555241e+01
    1.32796974e+01 1.36551104e+01 1.36513720e+01 1.30572538e+01
    1.15039797e+01 1.04611454e+01 1.17324982e+01 1.12720022e+01
    1.12490187e+01 9.56334591e+00 1.08555670e+01 9.51563168e+00
    8.21981812e+00 9.40973663e+00 7.92574644e+00 7.71911097e+00
    9.65144062e+00 8.74889088e+00 1.01730156e+01 1.08979168e+01
    1.03532143e+01 1.17099438e+01 1.15022535e+01 1.02500229e+01
    1.16129341e+01 1.14965992e+01 1.06359177e+01 1.00983191e+01
    1.08224745e+01 1.05403662e+01 1.19280663e+01 1.11483383e+01
    1.06540661e+01 1.11247549e+01 1.07934847e+01 1.19077225e+01
    1.27390137e+01 1.07600670e+01 1.08042297e+01 1.20348215e+01
    1.08756742e+01 1.16838331e+01 1.16075354e+01 1.15475302e+01
    1.20011044e+01 1.27808323e+01 1.33499889e+01 1.24028072e+01
    1.31221781e+01 1.26330938e+01 1.19717875e+01 1.24446831e+01
    1.14937286e+01 1.10004358e+01 9.73548508e+00 1.01497889e+01
    1.13560352e+01 1.13818951e+01 1.09158230e+01 1.15987921e+01
    1.31163063e+01 1.44717026e+01 1.12523651e+01 1.21478300e+01
    1.10286217e+01 1.32342329e+01 1.15671806e+01 1.00688667e+01
    1.30678339e+01 1.22738419e+01 1.07105141e+01 1.29777975e+01
    1.08590717e+01 1.14512491e+01 1.05141964e+01 1.17495880e+01
    1.05214844e+01 1.13474026e+01 1.04639378e+01 9.87780285e+00
    1.14236040e+01 1.11903524e+01 1.05379705e+01 1.06314335e+01
    1.07496204e+01 1.15896511e+01 1.09788513e+01 9.04504681e+00
    1.06385069e+01 1.04633589e+01 1.13971567e+01 1.18026733e+01
    1.27388630e+01 1.10976229e+01 1.22763710e+01 1.28710299e+01
    1.26556072e+01 1.29803295e+01 1.29779139e+01 9.78882504e+00
    1.22602301e+01 1.10687323e+01 1.05627050e+01 1.23306732e+01
    1.23404388e+01 1.05414343e+01 1.15093517e+01 1.03642788e+01
    9.78988647e+00 1.03385983e+01 1.02158041e+01 9.63897705e+00
    9.60784245e+00 1.02290058e+01 1.06533480e+01 8.85361099e+00
    1.18240900e+01 9.58195400e+00 9.21826839e+00 9.71234608e+00
    9.47044468e+00 8.86366463e+00 1.13102608e+01 9.26626873e+00
    9.93071938e+00 1.09619884e+01 1.10125160e+01 1.27549915e+01
    1.34169397e+01 1.22509842e+01 1.36036472e+01 1.33322020e+01
    1.24805584e+01 1.32008705e+01 1.17009506e+01 1.01644669e+01
    1.06277781e+01 9.36175823e+00 1.03018379e+01 9.99859238e+00
    1.03918610e+01 1.00618916e+01 1.03943710e+01 1.16129646e+01
    1.03409328e+01 1.08072290e+01 1.08953791e+01 1.09718723e+01
    1.11867790e+01 1.07672367e+01 1.07915974e+01 1.28547754e+01
    1.20140734e+01 1.28637962e+01 1.22875147e+01 1.31501722e+01
    1.31985378e+01 1.19837351e+01 1.20147085e+01 1.33082113e+01
    1.26237068e+01 1.21357241e+01 1.20311308e+01 1.20372190e+01
    1.22739601e+01 1.18802748e+01 1.22995558e+01 1.24626160e+01
    1.22815228e+01 1.21333179e+01 1.24082575e+01 1.23664093e+01
    1.42383966e+01 1.29770880e+01 1.29586039e+01 1.27741270e+01
    1.33579931e+01 1.40024977e+01 1.33280125e+01 1.31893921e+01
    1.35357676e+01 1.24760017e+01 1.23523731e+01 1.41029882e+01
    1.33874979e+01 1.23362446e+01 1.23622761e+01 1.16038570e+01
    1.23812943e+01 1.11509171e+01 1.21634083e+01 1.19547787e+01
    1.23308086e+01 1.27262335e+01 1.37247534e+01 1.18395195e+01
    1.20910692e+01 1.25782986e+01 1.19334612e+01 1.15445967e+01
    1.18267832e+01 1.20714912e+01 1.24563093e+01 1.17902117e+01
    1.28881731e+01 1.16154404e+01 1.14212275e+01 1.15780144e+01
    1.27616758e+01 1.31431665e+01 1.21093702e+01 1.25211811e+01
    1.32181807e+01 1.39996996e+01 1.21424685e+01 1.33050089e+01
    1.13327742e+01 1.18579264e+01 1.13062239e+01 1.08662500e+01
    1.09497757e+01 1.30302763e+01 1.24072084e+01 1.15690441e+01
    1.11182079e+01 1.17032738e+01 1.18643904e+01 1.22070093e+01
    1.08932867e+01 1.01965389e+01 1.10643616e+01 1.20403805e+01
    1.05924644e+01 1.06554518e+01 1.09470510e+01 1.22237453e+01
    1.17830820e+01 1.05461359e+01 1.25397091e+01 1.34844637e+01
    1.27022924e+01 1.10033417e+01 1.12486801e+01 1.08523779e+01
    1.07787380e+01 1.11113119e+01 1.01233320e+01 1.09919147e+01
    1.31915512e+01 1.24030218e+01 1.19839134e+01 1.23775778e+01
    1.30004072e+01 1.27979307e+01 1.09337130e+01 1.20792952e+01
    1.25757322e+01 1.05147924e+01 1.21749535e+01 1.09700785e+01
    1.04931946e+01 9.64639378e+00 9.87459278e+00 1.06679058e+01
    9.59855175e+00 9.34121037e+00 1.03253937e+01 9.33625603e+00
    1.04812641e+01 1.09231348e+01 1.05465250e+01 1.16639080e+01
    1.08156128e+01 1.02326775e+01 1.22345600e+01 1.13132191e+01
    1.05852737e+01 1.11925859e+01 1.14855070e+01 1.00316057e+01
    1.19403267e+01 1.11753902e+01 1.02164278e+01 1.10290041e+01
    1.12003355e+01 1.17749596e+01 1.18849669e+01 1.05871792e+01
    1.10905561e+01 1.14666891e+01 1.16183834e+01 1.22013073e+01
    1.08437929e+01 1.25949764e+01 1.18636217e+01 1.33330173e+01
    1.29702234e+01 1.34129267e+01 1.36096811e+01 1.40489912e+01
    1.22933493e+01 1.24314346e+01 1.17441864e+01 1.24625206e+01
    1.07395725e+01 1.06825933e+01 1.19871264e+01 1.12182465e+01
    1.17485323e+01 1.12955465e+01 1.23821344e+01 1.35627880e+01
    1.27751207e+01 1.10565643e+01 1.31082983e+01 1.23188581e+01
    1.14231186e+01 1.19448481e+01 1.09334764e+01 1.12927914e+01
    1.23684921e+01 1.19753895e+01 1.06384706e+01 1.08620090e+01
    1.06501656e+01 1.09019661e+01 1.03995876e+01 9.99919796e+00
    1.10265188e+01 1.07474031e+01 1.05660391e+01 1.20071802e+01
    9.97917747e+00 1.11167707e+01 1.08403502e+01 1.18208733e+01
    1.08287029e+01 1.06612396e+01 1.16277437e+01 1.20450964e+01
    1.08918390e+01 1.18420525e+01 1.21852665e+01 1.19527245e+01
    1.24910679e+01 1.38054018e+01 1.25141134e+01 1.27025242e+01
    1.21864176e+01 1.19914904e+01 1.18629217e+01 1.07242975e+01
    1.15500517e+01 1.14894505e+01 1.06071835e+01 1.20799284e+01
    1.16472120e+01 1.08959227e+01 9.50306416e+00 1.06773233e+01
    1.10114727e+01 1.02176447e+01 9.90267849e+00 1.02650204e+01
    1.11163311e+01 1.07495146e+01 1.07800379e+01 1.02193642e+01
    9.89239502e+00 1.03968277e+01 9.06899548e+00 1.00027332e+01
    1.08428383e+01 1.10086193e+01 1.13919125e+01 1.09180403e+01
    1.11672735e+01 1.30264254e+01 1.44911184e+01 1.31230764e+01
    1.19975529e+01 1.29651737e+01 1.21105089e+01 1.40333633e+01
    1.26404743e+01 1.10835867e+01 1.17642174e+01 1.06229544e+01
    1.08421860e+01 1.12812366e+01 9.74853325e+00 1.00874434e+01
    1.19593706e+01 1.23523035e+01 9.71916771e+00 1.18363247e+01
    1.12014837e+01 1.11272402e+01 1.07057047e+01 1.20705709e+01
    1.07787352e+01 1.06878853e+01 1.13314562e+01 1.25809040e+01
    1.15086737e+01 1.22682743e+01 1.24324732e+01 1.17224827e+01
    1.21169872e+01 1.15467033e+01 1.28778791e+01 1.25766449e+01
    1.03094282e+01 1.22051172e+01 1.30599957e+01 1.10040884e+01
    1.18783741e+01 1.21250353e+01 1.23846540e+01 1.16894970e+01
    1.31377859e+01 1.23785439e+01 1.25612707e+01 1.25452528e+01
    1.22144642e+01 1.30019999e+01 1.24923716e+01 1.38901958e+01
    1.30428114e+01 1.24436808e+01 1.24401951e+01 1.28462563e+01
    1.23423290e+01 1.33547192e+01 1.23616781e+01 1.24609079e+01
    1.20301762e+01 1.00985422e+01 1.10338202e+01 1.12595844e+01
    9.91307831e+00 1.11521578e+01 1.08291693e+01 1.24531841e+01
    1.21673622e+01 1.16784344e+01 1.26181593e+01 1.31794071e+01
    1.33684092e+01 1.28432207e+01 1.16533918e+01 1.20032578e+01
    1.24711647e+01 1.29632044e+01 1.23474903e+01 1.13671856e+01
    1.22481136e+01 1.23681765e+01 1.09908791e+01 1.30781546e+01
    1.25118551e+01 1.23388968e+01 1.34770317e+01 1.37259760e+01
    1.33569221e+01 1.20489750e+01 1.31842051e+01 1.28106527e+01
    1.26463957e+01 1.10304976e+01 1.09779863e+01 1.16846590e+01
    1.12554550e+01 1.09061480e+01 9.86995029e+00 1.12641430e+01
    1.21267509e+01 1.06350441e+01 1.02126741e+01 1.08167868e+01
    1.07493734e+01 1.06945686e+01 9.66519928e+00 1.06312971e+01
    1.13905792e+01 1.08556633e+01 1.09345455e+01 1.03425369e+01
    1.21162052e+01 1.21245203e+01 1.19933491e+01 1.08344517e+01
    1.17587919e+01 1.16948566e+01 1.20596676e+01 1.13788815e+01
    1.08474522e+01 1.13183222e+01 1.28825226e+01 1.25476284e+01
    1.17724085e+01 1.15264244e+01 1.23604574e+01 1.23021202e+01
    1.12761545e+01 1.10808678e+01 1.03153133e+01 1.14355621e+01
    1.24812136e+01 1.15748053e+01 1.11420202e+01 1.13291082e+01
    1.02146311e+01 1.16492939e+01 9.35504246e+00 1.04912214e+01
    9.91302395e+00 1.06523027e+01 1.13572359e+01 1.18852377e+01
    9.81174564e+00 1.08345718e+01 1.09443521e+01 1.17615061e+01
    1.09134531e+01 1.16043873e+01 1.10541973e+01 1.09430532e+01
    1.17148924e+01 1.13458815e+01 1.24327631e+01 1.16764812e+01
    1.13361549e+01 1.04994717e+01 1.13531027e+01 1.10284014e+01
    1.08623333e+01 1.00739660e+01 1.02010803e+01 1.05177622e+01
    1.23928757e+01 1.12105494e+01 1.16966000e+01 1.03902092e+01
    1.22543440e+01 1.33891125e+01 1.28787374e+01 1.22506199e+01
    1.25172710e+01 1.28257360e+01 1.16806002e+01 1.13893442e+01
    1.11079950e+01 1.07170982e+01 9.80556011e+00 8.57786560e+00
    1.08368387e+01 1.01220045e+01 1.12054901e+01 1.26873693e+01
    1.10552053e+01 1.27144852e+01 1.23391943e+01 1.16757402e+01
    1.10293312e+01 1.20407019e+01 1.06474495e+01 1.15880136e+01
    1.11624374e+01 1.25086565e+01 1.17746525e+01 1.19589338e+01
    1.15452042e+01 1.07628222e+01 1.05611639e+01 1.04652395e+01
    1.01498508e+01 9.97269917e+00 8.27653027e+00 9.36043549e+00
    1.01457882e+01 9.91959667e+00 1.05959654e+01 1.09910650e+01
    1.12740011e+01 1.08635082e+01 1.05603275e+01 1.06708364e+01
    1.05121536e+01 1.14804478e+01 1.02920275e+01 1.09621420e+01
    1.14868736e+01 1.20315676e+01 1.16268206e+01 1.27116613e+01
    1.24711084e+01 1.21415310e+01 1.18953924e+01 1.23041134e+01
    1.19802790e+01 1.14808207e+01 1.11249504e+01 1.15414581e+01
    1.26876497e+01 1.23617601e+01 1.30214176e+01 1.14879932e+01
    1.02293835e+01 1.06808405e+01 1.09450216e+01 1.11820965e+01
    1.03328171e+01 1.05108566e+01 1.17575445e+01 1.11754684e+01
    1.10461464e+01 1.08673677e+01 9.84019375e+00 1.08442984e+01
    8.64314938e+00 1.03856964e+01 1.07794685e+01 9.92978001e+00
    1.06535320e+01 1.14904432e+01 1.00156984e+01 1.25771017e+01
    1.21557302e+01 1.15634813e+01 1.11273155e+01 1.18812084e+01
    1.14283381e+01 1.23873024e+01 1.26978760e+01 1.10033617e+01
    1.09911337e+01 1.02004976e+01 1.02893248e+01 1.11394472e+01
    9.91204453e+00 1.03246059e+01 1.12024527e+01 1.16874151e+01
    1.07607698e+01 1.06006041e+01 1.11423063e+01 1.06040230e+01
    9.81351471e+00 9.75672817e+00 1.00803089e+01 9.80313396e+00
    1.12116566e+01 1.19548292e+01 1.12798643e+01 1.22597923e+01
    1.18697472e+01 1.15927744e+01 1.20974159e+01 1.19375629e+01
    1.18506260e+01 1.30699549e+01 1.21831141e+01 1.13221111e+01
    1.23337717e+01 1.27892036e+01 1.30157080e+01 1.22800217e+01
    1.21893873e+01 1.34390135e+01 1.37575865e+01 1.32460651e+01
    1.25240402e+01 1.33089771e+01 1.32304611e+01 1.24292965e+01
    1.26407909e+01 1.25313759e+01 1.26157703e+01 1.28605537e+01
    1.27690725e+01 1.31305990e+01 1.24173412e+01 1.20781498e+01
    1.24375429e+01 1.28925428e+01 1.08448601e+01 1.08718014e+01
    1.21878862e+01 1.04027309e+01 1.07767239e+01 1.05112896e+01
    1.21011028e+01 1.28043070e+01 1.15608273e+01 1.24870329e+01
    1.17992735e+01 1.13199959e+01 1.20736322e+01 1.24871645e+01
    1.14233456e+01 1.14803915e+01 1.32943134e+01 1.45059605e+01
    1.22279501e+01 1.29626245e+01 1.28039246e+01 1.24445753e+01
    1.23149281e+01 1.30842333e+01 1.16698751e+01 1.14989100e+01
    1.28527632e+01 1.39890623e+01 1.11403837e+01 1.23065414e+01
    1.23268137e+01 1.16808338e+01 1.15698071e+01 1.16654100e+01
    1.14525328e+01 1.28874903e+01 1.20992956e+01 1.21690750e+01
    1.17907553e+01 1.19030581e+01 1.14473715e+01 1.05879040e+01
    1.08800879e+01 1.06118164e+01 1.14274063e+01 1.06210928e+01
    9.93014145e+00 1.11059990e+01 1.18604259e+01 1.07721453e+01
    1.10277042e+01 1.19200764e+01 1.17069921e+01 1.22321701e+01
    1.18585768e+01 1.23115559e+01 1.09545069e+01 1.15502129e+01
    1.16983137e+01 1.21699162e+01 1.07444162e+01 1.07829924e+01
    1.24183245e+01 1.30574198e+01 1.19515734e+01 1.18359728e+01
    1.23989773e+01 1.23214493e+01 1.09619551e+01 1.10106897e+01
    1.10731049e+01 1.15125246e+01 1.17194338e+01 1.18977413e+01
    1.16315975e+01 1.09263668e+01 1.19456825e+01 1.11883507e+01
    1.16472998e+01 1.13112030e+01 1.06400967e+01 1.06119089e+01
    1.15873108e+01 1.15404902e+01 1.11890755e+01 9.31965446e+00
    1.21579924e+01 1.15261145e+01 1.01246204e+01 1.19017715e+01
    1.15579996e+01 1.00048828e+01 1.21368523e+01 1.16804619e+01
    1.24520254e+01 1.19053583e+01 1.06423912e+01 1.13343039e+01
    1.27621698e+01 1.11016064e+01 1.08088722e+01 9.33829880e+00
    9.87642765e+00 9.49255085e+00 1.10381699e+01 1.13831892e+01
    1.07180386e+01 1.13419981e+01 1.12122040e+01 1.25068321e+01
    1.28744783e+01 1.16858788e+01 1.16585064e+01 1.12223940e+01
    1.26182709e+01 1.23153276e+01 1.00948544e+01 1.08772573e+01
    1.11753988e+01 1.04694319e+01 1.12796459e+01 1.20869827e+01
    1.12078056e+01 1.19311066e+01 1.29867249e+01 1.26670456e+01
    1.07289257e+01 1.11307020e+01 1.22857714e+01 1.17795286e+01
    1.00662003e+01 1.07588501e+01 1.20804853e+01 1.13135176e+01
    1.05353556e+01 1.22506504e+01 1.06763449e+01 1.00400057e+01
    1.14437752e+01 1.06705914e+01 1.00509939e+01 1.15083017e+01
    8.82783318e+00 9.48903275e+00 1.17456570e+01 1.04568157e+01
    1.02812939e+01 1.07087317e+01 1.00571318e+01 1.13744335e+01
    1.08810873e+01 8.88006687e+00 1.15061474e+01 1.22733736e+01
    1.14225178e+01 1.06733999e+01 1.18028612e+01 1.18044653e+01
    1.20954800e+01 1.27035093e+01 1.23217258e+01 1.15547810e+01
    1.16112423e+01 1.20713787e+01 1.08532324e+01 1.10570078e+01
    1.19213753e+01 1.08865128e+01 1.14635468e+01 1.10330839e+01
    1.25725765e+01 1.18321533e+01 1.01957598e+01 1.14706516e+01
    1.12333946e+01 1.12972307e+01 1.08568602e+01 1.03942299e+01
    9.73134518e+00 1.01679401e+01 1.02756643e+01 1.03753271e+01
    9.35585880e+00 1.08303642e+01 1.00668325e+01 1.06937895e+01
    1.12112885e+01 1.10235453e+01 1.13112059e+01 1.16955919e+01
    1.08891420e+01 1.28621283e+01 1.21095200e+01 1.23736467e+01
    1.26651392e+01 1.28159037e+01 1.13299351e+01 1.24904461e+01
    1.12044125e+01 1.22307444e+01 1.10720673e+01 9.72231293e+00
    1.04410810e+01 1.02498770e+01 1.03722315e+01 8.86256504e+00
    9.21241665e+00 1.12439613e+01 1.14093304e+01 8.61108589e+00
    1.18604126e+01 1.27123175e+01 1.08435631e+01 1.03535604e+01
    1.07832527e+01 1.18653164e+01 1.08140631e+01 1.15917892e+01
    1.26657495e+01 1.16936169e+01 1.05084677e+01 1.17126961e+01
    1.22619314e+01 1.01583881e+01 1.08778906e+01 1.17684164e+01
    1.13681602e+01 1.05248671e+01 1.28259859e+01 1.32881756e+01
    1.28413925e+01 1.16366844e+01 1.15127687e+01 1.34430809e+01
    1.32189226e+01 1.25148230e+01 1.22521009e+01 1.13575459e+01
    1.16758518e+01 1.14893684e+01 1.19735737e+01 1.19196663e+01
    1.03439808e+01 1.11478329e+01 1.24699211e+01 1.23024826e+01
    1.11448536e+01 1.16562662e+01 1.19585161e+01 1.25966091e+01
    1.14309425e+01 1.15087633e+01 1.03983049e+01 1.14197178e+01
    1.15668087e+01 1.21396036e+01 1.20694408e+01 1.24079399e+01
    1.32119226e+01 1.18139820e+01 1.22191715e+01 1.22256155e+01
    1.14577665e+01 1.19540539e+01 1.21296282e+01 1.01445036e+01
    1.22889967e+01 1.24925394e+01 1.17197971e+01 1.32158031e+01
    1.17778854e+01 1.17861891e+01 1.25747385e+01 1.20898237e+01
    1.25382099e+01 1.09169989e+01 1.25333748e+01 1.18414335e+01
    1.19576807e+01 1.23748407e+01 1.16034346e+01 1.20433121e+01
    1.23989773e+01 1.07486277e+01 1.13319674e+01 1.28501501e+01
    1.17036858e+01 1.02244110e+01 9.84276009e+00 1.08015289e+01
    1.14673414e+01 9.60136318e+00 1.05123663e+01 1.04379511e+01
    1.04190969e+01 1.14035692e+01 1.05841637e+01 1.19911261e+01
    1.23921051e+01 1.12736483e+01 1.21234560e+01 1.20051050e+01
    1.12398119e+01 1.16431952e+01 1.34364719e+01 1.18681421e+01
    1.17030916e+01 1.21685123e+01 1.31078968e+01 1.19142656e+01
    1.03502035e+01 1.17885914e+01 1.31154947e+01 1.20097198e+01
    1.15163403e+01 1.23269892e+01 1.11076927e+01 1.22297096e+01
    1.31816416e+01 1.09856901e+01 1.17301464e+01 1.15683508e+01
    1.19688835e+01 1.22216244e+01 1.09856653e+01 1.13964767e+01
    1.13091879e+01 1.22997274e+01 1.29436741e+01 1.17247753e+01
    1.11632376e+01 1.26780024e+01 1.19660358e+01 1.33236685e+01
    1.19729652e+01 1.07649984e+01 1.08403082e+01 1.15559225e+01
    1.14339743e+01 1.23778830e+01 1.09071703e+01 1.05754185e+01
    1.21584949e+01 1.22940779e+01 1.22195387e+01 1.15237217e+01
    1.16865206e+01 1.16937218e+01 1.20008020e+01 1.20617847e+01
    1.09396992e+01 9.21541595e+00 1.13131609e+01 1.08397989e+01
    1.07181578e+01 1.08570929e+01 1.12117472e+01 1.15385904e+01
    1.17219944e+01 1.22847958e+01 1.36859655e+01 1.16904831e+01
    1.20344601e+01 1.32629766e+01 1.23752260e+01 1.27959394e+01
    1.25614243e+01 1.16944065e+01 1.12533979e+01 1.20976839e+01
    1.16905766e+01 1.17093515e+01 9.13487625e+00 1.23675890e+01
    1.27804670e+01 1.14620161e+01 1.01942663e+01 1.07019882e+01
    1.06685314e+01 1.07987175e+01 9.50490952e+00 9.34751892e+00
    1.11398602e+01 1.30675640e+01 1.07504244e+01 1.18734446e+01
    1.28071966e+01 1.06509609e+01 1.02135706e+01 9.61535835e+00
    1.03618851e+01 1.09784317e+01 8.37099934e+00 9.88004398e+00
    1.18163004e+01 1.00172853e+01 1.03567181e+01 1.15040522e+01
    1.16202993e+01 1.07112732e+01 1.08075581e+01 1.04986639e+01
    1.18659534e+01 1.18844538e+01 1.09787531e+01 1.12518215e+01
    1.12361965e+01 1.19054623e+01 1.22861729e+01 1.25019665e+01
    1.09029093e+01 1.23160467e+01 1.17767963e+01 1.15180864e+01
    1.10688086e+01 1.10517550e+01 1.22583447e+01 9.84874916e+00
    1.11223841e+01 1.09739981e+01 1.21609583e+01 1.04491673e+01
    1.02414646e+01 1.14356880e+01 1.11512899e+01 1.27153358e+01
    1.21288223e+01 1.05966024e+01 1.13350134e+01 1.16356964e+01
    1.13997803e+01 1.12997599e+01 1.12535334e+01 1.17173872e+01
    1.15447598e+01 1.11987667e+01 1.24724178e+01 1.34823580e+01
    1.16693583e+01 1.31585274e+01 1.27999334e+01 1.35861635e+01
    1.23907595e+01 1.17900934e+01 1.33676453e+01 1.23482466e+01
    1.15714140e+01 1.24964046e+01 1.21545515e+01 1.25283804e+01
    1.09190311e+01 9.84355164e+00 1.02148123e+01 9.83573818e+00
    9.87831306e+00 8.62720490e+00 9.91909218e+00 1.05482635e+01
    1.09997082e+01 1.16225719e+01 1.11417017e+01 1.04227695e+01
    1.07520542e+01 1.01233206e+01 9.59921169e+00 1.06474943e+01
    9.25126171e+00 1.08212996e+01 1.15865192e+01 1.19683390e+01
    1.19079418e+01 1.28657341e+01 1.13878069e+01 1.18807640e+01
    1.26433163e+01 1.09376993e+01 1.14952240e+01 1.17466574e+01
    1.15030222e+01 1.29814339e+01 1.12325439e+01 1.12651272e+01
    1.24134846e+01 1.29111385e+01 1.30260744e+01 1.14333477e+01
    1.13057985e+01 1.20695066e+01 1.09533634e+01 1.04795389e+01
    1.07207747e+01 1.11627979e+01 9.49110222e+00 1.01789713e+01
    1.15516987e+01 1.07241936e+01 1.05463076e+01 1.12336369e+01
    1.01510458e+01 1.13174915e+01 1.05907364e+01 1.02043419e+01
    1.15572128e+01 9.10682011e+00 1.06430054e+01 1.16695290e+01
    1.16530752e+01 1.11799698e+01 1.22738037e+01 1.29132929e+01
    1.23870659e+01 1.17884054e+01 1.23515711e+01 1.13768692e+01
    1.21833000e+01 1.13903732e+01 1.27998466e+01 1.22378721e+01
    1.22253466e+01 1.20651836e+01 1.16428738e+01 1.16747761e+01
    1.20721807e+01 1.23901968e+01 1.19524364e+01 1.24367876e+01
    1.32792530e+01 1.31385221e+01 1.31722946e+01 1.23218098e+01
    1.23769407e+01 1.35574684e+01 1.24798155e+01 1.02470522e+01
    1.17241602e+01 1.36519051e+01 1.15481606e+01 1.02895603e+01
    1.08832836e+01 1.13861952e+01 1.07562876e+01 1.02733431e+01
    1.02104492e+01 9.59769630e+00 1.00475178e+01 1.02559280e+01
    1.02879925e+01 1.06486578e+01 1.14455624e+01 1.19505863e+01
    1.08747187e+01 1.16211405e+01 1.26507082e+01 1.37789927e+01
    1.21725903e+01 1.26508007e+01 1.29258776e+01 1.26272030e+01
    1.39108839e+01 1.14770250e+01 1.16658878e+01 1.21204443e+01
    1.21649647e+01 1.10143986e+01 1.19764547e+01 1.24904890e+01
    1.03123531e+01 1.22291956e+01 1.27522211e+01 1.09462099e+01
    1.20084629e+01 1.19694052e+01 1.15090771e+01 1.26480761e+01
    1.13913479e+01 1.13749561e+01 1.25016861e+01 1.37415752e+01
    1.24838524e+01 1.13100548e+01 1.21377068e+01 1.14523525e+01
    1.14768152e+01 1.25157423e+01 1.19023752e+01 1.06445141e+01
    1.05443354e+01 1.32977648e+01 1.27770023e+01 1.20411882e+01
    1.14113712e+01 1.24584274e+01 1.37931137e+01 1.37328129e+01
    1.28484545e+01 1.31516495e+01 1.28494835e+01 1.24410648e+01
    1.21175880e+01 1.15115242e+01 1.16098871e+01 1.04974976e+01
    9.87943172e+00 1.12703247e+01 1.05161600e+01 1.24719620e+01
    1.16145687e+01 1.11943932e+01 1.17220221e+01 1.13453197e+01
    1.26895294e+01 1.12724695e+01 1.05419264e+01 1.15089455e+01
    1.02420397e+01 1.26992865e+01 1.11460934e+01 1.12661791e+01
    1.03382435e+01 1.07812433e+01 1.21783590e+01 1.07198305e+01
    1.07019167e+01 1.27805195e+01 1.17185879e+01 1.15603685e+01
    1.08313179e+01 9.93464851e+00 1.12522707e+01 9.54090977e+00
    1.07542200e+01 9.34918880e+00 1.04065189e+01 1.24210987e+01
    1.05082283e+01 1.19485378e+01 1.15484953e+01 1.11317368e+01
    1.04441442e+01 9.20286942e+00 1.07031136e+01 1.03317308e+01
    9.43482876e+00 9.55050659e+00 1.02134895e+01 1.05030823e+01
    1.14469252e+01 1.11819353e+01 1.10904303e+01 1.07393284e+01
    1.12879372e+01 1.14324217e+01 1.10496092e+01 1.18126326e+01
    1.23541708e+01 1.11333971e+01 1.01505680e+01 1.22771091e+01
    1.04420156e+01 1.14181004e+01 1.11366520e+01 1.02479887e+01
    1.27063179e+01 1.14113350e+01 1.20689459e+01 1.26443319e+01
    1.29443607e+01 1.33144779e+01 1.19736547e+01 1.22952261e+01
    1.28760481e+01 1.17777014e+01 1.20816841e+01 1.13985901e+01
    1.24558334e+01 1.23446302e+01 1.22090521e+01 1.19806623e+01
    1.15744209e+01 1.24233885e+01 1.15431423e+01 1.15003042e+01
    1.17012615e+01 1.23178501e+01 1.15255451e+01 1.14902945e+01
    1.27759142e+01 1.35091362e+01 1.21202936e+01 1.19687157e+01
    1.18007812e+01 1.32578039e+01 1.18117085e+01 1.01717215e+01
    1.09599600e+01 1.30062971e+01 1.12224474e+01 1.26108217e+01
    1.14440145e+01 1.12309942e+01 1.18165321e+01 1.13864212e+01
    1.11390305e+01 9.44929218e+00 8.63056850e+00 9.79273605e+00
    9.94180489e+00 1.01358624e+01 9.69315815e+00 1.17939463e+01
    1.10643768e+01 1.15919590e+01 1.17398987e+01 1.09477558e+01
    1.06689253e+01 1.06649437e+01 1.14364681e+01 1.19138269e+01
    1.12405910e+01 1.24432087e+01 1.19669237e+01 1.27375793e+01
    1.20458813e+01 1.29326611e+01 1.24398336e+01 1.09875164e+01
    1.20973825e+01 1.25597773e+01 1.25876617e+01 1.33055954e+01
    1.28441324e+01 1.20767860e+01 1.42560396e+01 1.38383017e+01
    1.25711508e+01 1.21723518e+01 1.21697779e+01 1.03776636e+01
    1.02427902e+01 1.00780621e+01 1.01286926e+01 9.12549973e+00
    1.09299345e+01 1.11726589e+01 1.13694239e+01 9.95441818e+00
    1.02343836e+01 1.18848066e+01 1.17580366e+01 1.09886942e+01
    8.84766960e+00 1.02416286e+01 1.05129623e+01 9.35124016e+00
    9.76912975e+00 1.12566061e+01 1.13358889e+01 1.19123335e+01
    1.14334755e+01 1.12966375e+01 1.16267366e+01 1.26374197e+01
    1.21083345e+01 1.09100857e+01 1.18311596e+01 1.25969381e+01
    1.29683838e+01 1.27019548e+01 1.24955282e+01 1.33747568e+01
    1.17449217e+01 1.22407894e+01 1.30416336e+01 1.16741276e+01
    1.11055279e+01 1.06714411e+01 1.22394571e+01 1.23394814e+01
    9.87722492e+00 1.12862597e+01 1.26009808e+01 1.23338013e+01
    1.20045395e+01 1.06137228e+01 1.16309891e+01 1.22456722e+01
    1.17921543e+01 1.02901440e+01 1.06434231e+01 1.04310741e+01
    1.04401608e+01 1.10907087e+01 9.84036541e+00 1.00794477e+01
    1.00102777e+01 1.03851719e+01 1.10096807e+01 1.00400467e+01
    1.22336330e+01 1.12654352e+01 1.05209227e+01 1.09717493e+01
    1.13980408e+01 1.17535496e+01 1.18179007e+01 1.11777840e+01
    1.30636835e+01 1.34971371e+01 1.17575321e+01 1.22476778e+01
    1.26085606e+01 1.17003679e+01 1.26364651e+01 1.13668165e+01
    1.04066582e+01 1.30112104e+01 1.22093935e+01 1.19237452e+01
    1.24663877e+01 1.07490788e+01 1.21274796e+01 1.27073107e+01
    1.18836269e+01 1.30010834e+01 1.06124229e+01 1.34142942e+01
    1.30377817e+01 1.38067503e+01 1.23996658e+01 1.30523214e+01
    1.20445986e+01 1.23993101e+01 1.10689869e+01 1.24141159e+01
    1.09224253e+01 1.05396910e+01 9.36665630e+00 1.15787067e+01
    1.14906778e+01 1.12811460e+01 1.25278349e+01 1.26966171e+01
    1.29568577e+01 1.30042076e+01 1.34105568e+01 1.37237511e+01
    1.30769863e+01 1.44033346e+01 1.34188166e+01 1.23784580e+01
    1.23326797e+01 9.93752766e+00 1.08540068e+01 1.06862507e+01
    1.06268873e+01 1.17813406e+01 1.29637737e+01 1.12635345e+01
    1.23451576e+01 1.20571547e+01 1.24113560e+01 1.16350756e+01
    1.09844532e+01 9.59858513e+00 1.19274788e+01 1.17888002e+01
    1.03511391e+01 1.08705950e+01 1.02126637e+01 1.06676083e+01
    1.15118351e+01 9.86278439e+00 9.87744713e+00 1.02485285e+01
    1.04858379e+01 1.10096664e+01 1.15728302e+01 1.00668592e+01
    1.08554783e+01 1.08733311e+01 1.03637571e+01 1.05324240e+01
    9.41193581e+00 1.07682247e+01 1.20220861e+01 1.09023714e+01
    1.10283813e+01 1.19542952e+01 1.11262865e+01 1.09891787e+01
    1.02593813e+01 1.12597723e+01 1.01886120e+01 1.04014826e+01
    1.03025723e+01 1.11703339e+01 1.19508410e+01 1.13707657e+01
    1.00627594e+01 1.24000731e+01 1.09497414e+01 1.03944569e+01
    1.17197542e+01 1.22147093e+01 1.20201187e+01 1.12512436e+01
    1.20351753e+01 1.22363691e+01 1.21337471e+01 1.24044628e+01
    1.07034674e+01 1.09823713e+01 1.25649509e+01 1.09163485e+01
    1.06808662e+01 1.13879375e+01 1.19372740e+01 1.32883463e+01
    1.23266649e+01 1.26914558e+01 1.32077503e+01 1.18369703e+01
    1.09232321e+01 1.29485321e+01 1.29987774e+01 1.36249504e+01
    1.35355558e+01 1.10276308e+01 1.05808144e+01 1.25880985e+01
    1.13953619e+01 1.16404533e+01 1.20286732e+01 1.21484365e+01
    1.23061485e+01 1.26614170e+01 1.24938765e+01 1.31153002e+01
    1.29497700e+01 1.26780577e+01 1.28864956e+01 1.21138887e+01
    1.28182354e+01 1.10307007e+01 1.05879564e+01 1.21562634e+01
    1.11577024e+01 1.06502714e+01 1.06912756e+01 1.07655716e+01
    1.03280048e+01 1.02386236e+01 9.79238701e+00 9.68200493e+00
    8.36256886e+00 9.21275616e+00 9.57422066e+00 1.02929029e+01
    1.12674532e+01 1.20992556e+01 1.22007256e+01 1.07577324e+01
    1.27215271e+01 1.08382702e+01 1.11554680e+01 1.09858465e+01
    1.09332323e+01 1.16324587e+01 1.19546070e+01 1.19668245e+01
    1.15959063e+01 1.13624401e+01 1.25606689e+01 1.11147003e+01
    1.18155766e+01 1.13270588e+01 9.49134254e+00 1.16748104e+01
    1.36374998e+01 1.18930206e+01 1.23011255e+01 1.28565254e+01
    1.34595232e+01 1.29653912e+01 1.25498667e+01 1.16151457e+01
    1.14443617e+01 1.06014862e+01 1.05123501e+01 1.01991310e+01
    9.30872250e+00 1.02526646e+01 1.00487032e+01 1.06093502e+01
    1.12811775e+01 1.20839624e+01 1.08350744e+01 1.17665462e+01
    1.18107719e+01 1.09889145e+01 1.00094929e+01 1.00859919e+01
    9.44689465e+00 9.40395546e+00 1.11809397e+01 1.12093506e+01
    1.13501186e+01 1.16001577e+01 1.09119864e+01 1.10852795e+01
    1.20075331e+01 1.27821045e+01 1.13235550e+01 1.15089827e+01
    1.09069195e+01 1.18250465e+01 1.27874346e+01 1.21203690e+01
    1.28999500e+01 1.16805277e+01 1.10777168e+01 1.14756622e+01
    1.21397896e+01 1.13215141e+01 1.02528410e+01 1.09250813e+01
    1.16148167e+01 1.06057940e+01 1.03056440e+01 1.10568571e+01
    1.27944517e+01 1.19976997e+01 1.11405926e+01 1.06681662e+01
    1.13439608e+01 1.15827780e+01 1.10435696e+01 1.10679388e+01
    1.07744112e+01 1.00740061e+01 1.06060343e+01 1.10555334e+01
    1.16852579e+01 9.61354637e+00 1.10104952e+01 1.04261465e+01
    1.18513842e+01 1.22062569e+01 1.15522327e+01 9.82375431e+00
    1.22517319e+01 1.06216993e+01 9.41184330e+00 1.12094183e+01
    1.10086889e+01 1.06729174e+01 1.24664927e+01 1.20987616e+01
    1.11070566e+01 1.25334749e+01 1.20474548e+01 1.23523836e+01
    1.21786652e+01 1.22963352e+01 1.13065872e+01 1.18295383e+01
    1.19554882e+01 1.30088034e+01 1.21088276e+01 1.25287676e+01
    1.24301167e+01 1.33389330e+01 1.17873020e+01 1.26829844e+01
    1.13827105e+01 1.17993584e+01 1.16105070e+01 1.38741875e+01
    1.34555244e+01 1.15897961e+01 1.19020700e+01 1.33256702e+01
    1.27968445e+01 1.15347519e+01 1.13851910e+01 1.03754740e+01
    1.15804367e+01 1.13972092e+01 1.21769133e+01 1.22279301e+01
    1.16999588e+01 1.22689934e+01 1.35285959e+01 1.34066925e+01
    1.30344496e+01 1.41383753e+01 1.39192495e+01 1.40906343e+01
    1.35279684e+01 1.26064730e+01 1.31401072e+01 1.17494860e+01
    1.23711433e+01 1.17437925e+01 1.13514795e+01 1.14865313e+01
    1.25232172e+01 1.18706102e+01 1.23626757e+01 1.18022451e+01
    1.28794651e+01 1.26158314e+01 1.16276436e+01 1.06364279e+01
    1.28143148e+01 1.27858515e+01 1.27415257e+01 1.22424660e+01
    1.25884676e+01 1.30414743e+01 1.29274321e+01 1.10520706e+01
    1.04892740e+01 1.17379313e+01 1.06809673e+01 1.01926527e+01
    1.00046816e+01 1.03827295e+01 9.99812984e+00 1.08041134e+01
    1.16513109e+01 1.17633448e+01 1.07829161e+01 1.09155560e+01
    1.17777500e+01 1.15599575e+01 1.04710798e+01 1.06987028e+01
    1.07415323e+01 1.04321232e+01 1.01484346e+01 1.19128275e+01
    1.09272795e+01 1.06019030e+01 1.18107166e+01 1.15896015e+01
    1.13038692e+01 1.05919275e+01 1.12547312e+01 1.11428328e+01
    9.76836872e+00 9.82744503e+00 1.23429718e+01 1.08316364e+01
    1.08111086e+01 1.13435793e+01 1.10104752e+01 1.19678116e+01
    1.29477615e+01 9.87116051e+00 1.13679342e+01 1.14727612e+01
    1.10855808e+01 1.11490259e+01 1.19576912e+01 1.11481581e+01
    1.26778259e+01 1.29487801e+01 1.18372641e+01 1.26075211e+01
    1.30833454e+01 1.13931732e+01 1.16139574e+01 1.34196529e+01
    1.35268030e+01 1.50980186e+01 1.28312922e+01 1.19952784e+01
    1.35052738e+01 1.23087149e+01 1.23588343e+01 1.23874273e+01
    1.20479698e+01 1.23114042e+01 1.22232046e+01 1.26855812e+01
    1.29175310e+01 1.20193319e+01 1.24722862e+01 1.28178864e+01
    1.25242805e+01 1.26766081e+01 1.28945093e+01 1.29578848e+01
    1.20330658e+01 1.20259209e+01 1.15205984e+01 1.08458099e+01
    1.27661591e+01 1.21565590e+01 9.69695091e+00 9.57714176e+00
    9.86452961e+00 1.12605963e+01 9.30887890e+00 8.14782810e+00
    9.73444080e+00 9.49246883e+00 1.19503336e+01 1.18035021e+01
    1.19737892e+01 1.09867268e+01 1.09529171e+01 1.08930387e+01
    1.12642174e+01 1.07710457e+01 1.04507294e+01 1.05644188e+01
    1.03798237e+01 1.22018623e+01 1.19476051e+01 1.17287989e+01
    1.22801056e+01 1.19497576e+01 1.08972616e+01 1.11004086e+01
    1.01218481e+01 8.96784210e+00 1.19471188e+01 1.19673376e+01
    9.93137169e+00 1.04866428e+01 1.18202810e+01 1.13042822e+01
    1.17774296e+01 9.30267048e+00 9.15363789e+00 9.98702717e+00
    9.54857731e+00 7.68868876e+00 8.73380756e+00 1.04867039e+01
    9.63522816e+00 1.12614403e+01 1.22857981e+01 1.08904362e+01
    1.23807364e+01 1.17601213e+01 1.16742764e+01 1.05334721e+01
    1.01100674e+01 9.62298965e+00 9.21551037e+00 9.67290592e+00
    1.03953161e+01 9.43326473e+00 1.07130022e+01 1.06689482e+01
    1.02132521e+01 1.04373951e+01 1.29978924e+01 1.11538210e+01
    1.05983400e+01 1.11408882e+01 1.17478313e+01 1.14014177e+01
    1.31997108e+01 1.26945143e+01 1.16079493e+01 1.18113852e+01
    1.16555233e+01 1.13218451e+01 1.23360500e+01 1.27717152e+01
    1.04962912e+01 1.25956450e+01 1.19616537e+01 1.19143658e+01
    1.15634432e+01 1.17439861e+01 1.27395678e+01 1.18181620e+01
    1.27239943e+01 1.27216043e+01 1.17203865e+01 1.24551477e+01
    1.17936287e+01 1.01910143e+01 1.03726482e+01 9.36050892e+00
    1.10904970e+01 1.08533134e+01 1.07094364e+01 1.13816252e+01
    1.17196255e+01 1.13378773e+01 1.14093781e+01 1.15475531e+01
    1.11778030e+01 1.13001566e+01 1.09581423e+01 1.18621998e+01
    1.08751612e+01 1.07538843e+01 1.08270407e+01 1.09667673e+01
    1.20162354e+01 1.18948736e+01 1.06542330e+01 1.13861694e+01
    1.24661446e+01 1.33555775e+01 1.17198639e+01 1.11080742e+01
    1.14817047e+01 1.01743803e+01 1.20466890e+01 1.13625736e+01
    1.06540794e+01 1.16014891e+01 1.22146540e+01 1.15579395e+01
    1.21165514e+01 1.23278990e+01 1.15110865e+01 1.22576933e+01
    1.18032732e+01 1.24374447e+01 1.25671797e+01 1.18245220e+01
    1.06317711e+01 1.23663197e+01 1.25302534e+01 1.08894901e+01
    1.18425293e+01 1.09775600e+01 1.06081209e+01 1.15546846e+01
    1.26048403e+01 1.14919500e+01 1.16696243e+01 1.40530691e+01
    1.52590790e+01 1.36555939e+01 1.28490772e+01 1.52793608e+01
    1.48456984e+01 1.47593365e+01 1.42696114e+01 1.25210199e+01
    1.32735624e+01 1.30052233e+01 1.18075285e+01 1.13366833e+01
    1.13679695e+01 1.19983339e+01 1.23636398e+01 1.33292217e+01
    1.25107298e+01 1.17451792e+01 1.29785318e+01 1.22392225e+01
    1.10731850e+01 1.12165995e+01 1.13802223e+01 1.21362200e+01
    1.20118189e+01 1.14853964e+01 1.16308556e+01 1.14673452e+01
    1.17614737e+01 1.10333672e+01 1.04880953e+01 1.03827667e+01
    1.11386824e+01 1.17535954e+01 1.05832262e+01 1.15195799e+01
    1.08476200e+01 1.11203470e+01 1.09596548e+01 1.12475882e+01
    1.09116306e+01 1.08901167e+01 1.07926731e+01 1.23036690e+01
    1.11295176e+01 1.07844210e+01 1.05877542e+01 1.09780560e+01
    1.04612999e+01 1.22885437e+01 1.06295710e+01 9.27032757e+00
    1.24874125e+01 1.25341129e+01 1.14247427e+01 1.06646709e+01
    1.09646044e+01 1.18949461e+01 1.15944519e+01 1.01888666e+01
    1.26375628e+01 1.10920019e+01 1.01906538e+01 1.19050045e+01
    1.14727716e+01 1.08835373e+01 1.21902914e+01 1.03449259e+01
    1.04586248e+01 1.23241386e+01 1.21531000e+01 1.00003719e+01
    1.04159451e+01 1.17617111e+01 1.22680931e+01 1.18121710e+01
    1.22850285e+01 1.07191381e+01 1.32867117e+01 1.25620871e+01
    1.27972927e+01 1.34706459e+01 1.42003241e+01 1.41852083e+01
    1.38304462e+01 1.18899765e+01 1.21684790e+01 1.33847752e+01
    1.12904520e+01 1.17476082e+01 1.29176292e+01 1.24648027e+01
    1.25441599e+01 1.28350868e+01 1.12979002e+01 1.23804111e+01
    1.20227089e+01 1.12182188e+01 1.23473368e+01 1.20116339e+01
    1.10621948e+01 1.22610655e+01 1.24542618e+01 1.17353125e+01
    1.17311335e+01 1.19642324e+01 1.27558689e+01 1.09727287e+01
    1.12182970e+01 1.00744486e+01 1.08828964e+01 1.11151638e+01
    8.71304035e+00 8.57945156e+00 8.93209553e+00 1.01998110e+01
    1.14515753e+01 1.19774952e+01 1.08201437e+01 1.27665339e+01
    1.19589338e+01 1.16832304e+01 1.14931955e+01 1.08895617e+01
    1.23785343e+01 1.12245569e+01 1.16519680e+01 1.27746754e+01
    1.22117500e+01 1.30015659e+01 1.17335730e+01 1.16669493e+01
    1.07157726e+01 1.06196461e+01 1.00845098e+01 1.00175838e+01
    1.22985229e+01 1.15142584e+01 9.78313351e+00 1.15122604e+01
    1.19211817e+01 1.11068993e+01 1.11812792e+01 1.02896700e+01
    9.32366276e+00 1.10732422e+01 8.57399178e+00 7.76941586e+00
    9.41878605e+00 9.54788589e+00 9.21750069e+00 1.07707071e+01
    1.16971512e+01 1.09303236e+01 1.30339413e+01 1.19439354e+01
    1.29228592e+01 1.05594664e+01 1.09591160e+01 1.11166067e+01
    9.47926426e+00 9.89062405e+00 1.12146692e+01 1.16852579e+01
    1.11400127e+01 1.06598539e+01 1.07280502e+01 1.13490391e+01
    1.16741066e+01 1.08928919e+01 1.01426191e+01 1.06812677e+01
    1.08827505e+01 1.15267086e+01 1.22775087e+01 1.23312044e+01
    1.26194363e+01 1.11370459e+01 1.21069984e+01 1.20222645e+01
    1.18714533e+01 1.19586906e+01 9.86120510e+00 1.06576843e+01
    1.21713724e+01 1.01258821e+01 1.07357635e+01 1.00396557e+01
    1.11303930e+01 1.19006147e+01 1.09400616e+01 1.08094931e+01
    1.03834438e+01 1.12779455e+01 1.13187923e+01 1.08227482e+01
    9.93360138e+00 1.02848072e+01 1.05967646e+01 1.12724895e+01
    1.21083364e+01 1.17655287e+01 1.14975214e+01 1.15226679e+01
    1.24823923e+01 1.31087437e+01 1.25397320e+01 1.19997416e+01
    1.21720657e+01 1.25049801e+01 1.08196945e+01 1.03879023e+01
    1.12673140e+01 9.89594746e+00 1.13288937e+01 1.06441145e+01
    1.08462839e+01 1.05833197e+01 1.16745749e+01 1.25587921e+01
    1.27392893e+01 1.09847870e+01 1.11071863e+01 1.20910120e+01
    1.20004129e+01 1.21342955e+01 1.14880409e+01 1.06712322e+01
    1.34531708e+01 1.21910849e+01 1.13637905e+01 1.10060863e+01
    1.00460520e+01 1.29065294e+01 1.19446650e+01 1.15374279e+01
    1.19411583e+01 1.21406088e+01 1.15700788e+01 1.09429178e+01
    1.17006111e+01 1.02986393e+01 1.05306511e+01 1.05056715e+01
    1.05838728e+01 1.15626335e+01 1.18045044e+01 1.17093353e+01
    1.25527496e+01 1.22309427e+01 1.38229370e+01 1.37953701e+01
    1.29377794e+01 1.39084282e+01 1.46435843e+01 1.35628386e+01
    1.32385635e+01 1.24908485e+01 1.27862282e+01 1.37353992e+01
    1.28392344e+01 1.31564751e+01 1.25144539e+01 1.38650255e+01
    1.27452955e+01 1.27623215e+01 1.44681120e+01 1.37974701e+01
    1.30006142e+01 1.33386497e+01 1.14645262e+01 1.17326765e+01
    1.10378971e+01 1.16608334e+01 1.15935736e+01 1.03149347e+01
    1.14187632e+01 1.24679489e+01 1.11908598e+01 1.13132696e+01
    9.82089043e+00 1.14425278e+01 1.15252380e+01 1.18063717e+01
    1.18301821e+01 1.14026737e+01 1.14158316e+01 1.24549894e+01
    1.22201357e+01 1.05731945e+01 1.18909321e+01 1.18589230e+01
    1.04925051e+01 1.05631609e+01 1.22168016e+01 1.00888186e+01
    1.00655222e+01 1.08922997e+01 1.25097237e+01 1.19962273e+01
    1.06307526e+01 1.21340780e+01 1.33764257e+01 1.13459339e+01
    1.17829380e+01 1.24737806e+01 1.08081484e+01 1.19812078e+01
    9.82184219e+00 1.09997244e+01 1.15738792e+01 1.12214422e+01
    1.15828209e+01 1.18515005e+01 1.15056744e+01 1.22244768e+01
    1.18300781e+01 1.18641357e+01 1.09059048e+01 1.13510065e+01
    1.14678316e+01 1.00833731e+01 1.08473654e+01 1.10213585e+01
    1.16206074e+01 1.26825085e+01 1.22062492e+01 1.10232906e+01
    1.09535656e+01 1.18639994e+01 1.13780489e+01 1.23347816e+01
    1.40335169e+01 1.47176590e+01 1.35978622e+01 1.14902544e+01
    1.29864426e+01 1.37853050e+01 1.14376469e+01 1.19470539e+01
    1.15341511e+01 1.13651609e+01 1.28481874e+01 1.19495440e+01
    1.24929752e+01 1.21665144e+01 1.17589245e+01 1.20939817e+01
    1.42101831e+01 1.27921915e+01 1.26142626e+01 1.27028770e+01
    1.40020027e+01 1.18506212e+01 1.15128832e+01 1.35227938e+01
    1.20858326e+01 1.14528675e+01 1.12808809e+01 1.06295233e+01
    1.11201324e+01 1.04324741e+01 9.65302563e+00 1.02319975e+01
    1.02901754e+01 9.53812313e+00 1.17117882e+01 1.30606079e+01
    1.07901716e+01 1.11383848e+01 1.16856146e+01 1.05509329e+01
    1.15623455e+01 1.10213890e+01 1.10790329e+01 1.21006336e+01
    9.64958000e+00 1.22448978e+01 1.28631849e+01 1.18792810e+01
    1.25810242e+01 1.14536715e+01 1.14486618e+01 1.02381620e+01
    8.97539139e+00 1.11619320e+01 9.54558086e+00 1.08189220e+01
    1.10100288e+01 1.01647282e+01 1.09658718e+01 1.14556618e+01
    1.16684914e+01 9.29281330e+00 1.00745935e+01 9.52901077e+00
    9.64600849e+00 8.38707256e+00 1.03465033e+01 9.80071545e+00
    1.02953148e+01 9.74123287e+00 1.07650537e+01 1.17405386e+01
    1.35587969e+01 1.28126278e+01 1.09052916e+01 1.06881781e+01
    1.09149189e+01 1.19640064e+01 9.95729065e+00 9.15059948e+00
    9.64080524e+00 1.21278534e+01 1.11709185e+01 9.78546238e+00
    1.06561193e+01 1.14008274e+01 1.25182447e+01 1.09383154e+01
    1.13457251e+01 1.10812778e+01 1.14010201e+01 1.15999908e+01
    1.12672539e+01 1.22052145e+01 1.24950628e+01 9.96366501e+00
    1.11501503e+01 1.18585033e+01 1.13050203e+01 1.07271862e+01
    1.06467113e+01 1.09560471e+01 1.13782635e+01 1.02714405e+01
    1.15928106e+01 1.05412874e+01 1.14096470e+01 1.22874279e+01
    1.16317682e+01 1.10553350e+01 1.16705427e+01 1.10143223e+01
    1.16218128e+01 1.00758076e+01 1.03860149e+01 1.04414015e+01
    9.45151234e+00 1.18025103e+01 1.27095003e+01 1.08122988e+01
    1.18604765e+01 1.27330227e+01 1.22444048e+01 1.29848127e+01
    1.27252684e+01 1.17991066e+01 1.11646004e+01 1.17992926e+01
    1.20943947e+01 1.15734482e+01 1.08611765e+01 1.07682619e+01
    1.20010033e+01 1.02994213e+01 1.06626577e+01 1.04798908e+01
    1.16065483e+01 1.18441792e+01 1.11769142e+01 1.13264761e+01
    1.11218405e+01 1.11497965e+01 1.16204958e+01 1.11123114e+01
    1.16922874e+01 1.14710217e+01 1.19833908e+01 1.18272247e+01
    1.22224350e+01 1.16304989e+01 1.08051443e+01 1.18641272e+01
    1.25999985e+01 1.11835794e+01 1.07869844e+01 1.17721090e+01
    1.18431597e+01 1.16141405e+01 1.22066669e+01 1.07576942e+01
    1.12239256e+01 1.10832253e+01 1.03389540e+01 1.11771297e+01
    1.10688305e+01 1.04188700e+01 1.37075109e+01 1.24808846e+01
    1.19910135e+01 1.44762964e+01 1.30919914e+01 1.39388075e+01
    1.36730623e+01 1.27174206e+01 1.35405893e+01 1.21268644e+01
    1.23324661e+01 1.28368502e+01 1.24020405e+01 1.28180666e+01
    1.19461803e+01 1.28385267e+01 1.43170328e+01 1.22238750e+01
    1.37554436e+01 1.42874565e+01 1.40249367e+01 1.35176277e+01
    1.19299936e+01 1.23419857e+01 1.33496656e+01 1.33974009e+01
    1.13431129e+01 1.11718121e+01 1.15141296e+01 1.29029856e+01
    1.27612371e+01 1.15189657e+01 1.13036003e+01 1.16952248e+01
    1.25640554e+01 1.24985676e+01 1.31972895e+01 1.18892899e+01
    1.36125450e+01 1.39213152e+01 1.25747757e+01 1.18112411e+01
    1.14264469e+01 1.18121386e+01 1.19903431e+01 1.01904020e+01
    1.08705959e+01 1.08159580e+01 1.11301031e+01 1.07978315e+01
    1.13919926e+01 1.14921522e+01 1.02592478e+01 1.16352673e+01
    1.29786243e+01 1.14331799e+01 1.21541243e+01 1.23696384e+01
    1.13076582e+01 1.21433134e+01 1.12185040e+01 1.00768623e+01
    1.15744352e+01 1.14292231e+01 1.15604687e+01 9.95285225e+00
    1.11424484e+01 1.19218721e+01 1.01414986e+01 1.07937851e+01
    1.13024311e+01 1.05388317e+01 1.07851295e+01 1.13196030e+01
    1.13216181e+01 1.14948196e+01 1.27675009e+01 1.25896587e+01
    1.32466879e+01 1.24499464e+01 1.14833403e+01 1.31912575e+01
    1.19532547e+01 1.31043272e+01 1.46494484e+01 1.49118519e+01
    1.37203455e+01 1.43130903e+01 1.25721874e+01 1.44307423e+01
    1.34406672e+01 1.13233051e+01 1.24236116e+01 1.32574329e+01
    1.32391043e+01 1.15697670e+01 1.17336855e+01 1.05674458e+01
    1.18397779e+01 1.15695620e+01 1.18774614e+01 1.23209419e+01
    1.25598879e+01 1.28370047e+01 1.29832010e+01 1.28688450e+01
    1.23164606e+01 1.36766653e+01 1.25113783e+01 1.10113459e+01
    1.06282549e+01 1.06328535e+01 1.04514971e+01 1.10026703e+01
    1.02393446e+01 9.59995079e+00 9.48263264e+00 9.89647388e+00
    1.18569775e+01 1.07816133e+01 1.11601200e+01 1.16516256e+01
    1.02528839e+01 1.08928022e+01 1.28474951e+01 1.14306469e+01
    1.07378464e+01 1.07250128e+01 1.11968756e+01 1.15572824e+01
    1.20591564e+01 1.18741312e+01 1.33307066e+01 1.13521214e+01
    1.11485853e+01 1.06373434e+01 1.01808138e+01 9.79685402e+00
    1.01040659e+01 9.46837044e+00 1.04523153e+01 9.60675335e+00
    1.05754347e+01 1.05655375e+01 1.12628832e+01 1.07577991e+01
    1.04202147e+01 1.11542959e+01 1.13965235e+01 1.05117102e+01
    1.00354519e+01 1.12628384e+01 1.13577414e+01 1.11098862e+01
    1.02699099e+01 1.12920666e+01 1.34523458e+01 1.26491928e+01
    1.10835953e+01 1.07174540e+01 9.79009056e+00 1.09408188e+01
    1.07380285e+01 9.53709984e+00 8.37562370e+00 1.07506914e+01
    1.15626316e+01 9.65897083e+00 9.38738441e+00 1.16055803e+01
    1.13959846e+01 1.05590544e+01 1.16955223e+01 1.18104448e+01
    1.05311689e+01 1.26051435e+01 1.23989143e+01 1.23846626e+01
    1.28184690e+01 1.02682610e+01 1.11056414e+01 1.20571785e+01
    1.21366634e+01 1.06398048e+01 1.09764519e+01 1.03785410e+01
    1.17210770e+01 1.20801296e+01 1.03127298e+01 1.19982071e+01
    1.16586666e+01 1.14935741e+01 1.27693987e+01 1.17371845e+01
    1.10807447e+01 1.17522097e+01 1.15458927e+01 1.09203329e+01
    1.05831785e+01 1.05109615e+01 1.00455179e+01 1.24529505e+01
    1.20126095e+01 1.02080460e+01 1.26237431e+01 1.25356245e+01
    1.10305281e+01 1.20882206e+01 1.13518534e+01 1.08496685e+01
    1.08285236e+01 1.03851862e+01 1.21134558e+01 1.12098694e+01
    1.02160006e+01 1.00073729e+01 1.06454544e+01 1.05827684e+01
    1.02332096e+01 9.92958164e+00 1.01407118e+01 1.12487297e+01
    1.08896208e+01 1.05216284e+01 1.01243649e+01 1.06788225e+01
    1.15783625e+01 9.96319199e+00 1.09756536e+01 1.17213039e+01
    1.22154951e+01 1.25887823e+01 1.23499756e+01 1.16851263e+01
    1.14308767e+01 1.16998959e+01 1.16427135e+01 1.06837997e+01
    1.07290688e+01 1.08316679e+01 1.20682964e+01 1.27555552e+01
    1.08446302e+01 1.04968195e+01 1.09410734e+01 1.13225002e+01
    1.07240248e+01 1.23611803e+01 1.01654282e+01 1.07415447e+01
    1.27672615e+01 1.18619671e+01 1.24890051e+01 1.21914225e+01
    1.19604044e+01 1.47914400e+01 1.45575838e+01 1.29001179e+01
    1.22822695e+01 1.34297009e+01 1.28225422e+01 1.13473816e+01
    1.20295610e+01 1.18633347e+01 1.18379545e+01 1.26841240e+01
    1.39328957e+01 1.29585123e+01 1.23253231e+01 1.34416084e+01
    1.37698441e+01 1.39648409e+01 1.24790182e+01 1.14074030e+01
    1.29410162e+01 1.28966837e+01 1.09049349e+01 1.10339069e+01
    1.06241932e+01 1.19830303e+01 1.22090731e+01 1.06454687e+01
    1.13676968e+01 1.11295519e+01 1.29119349e+01 1.33686314e+01
    1.33256207e+01 1.43169613e+01 1.35841217e+01 1.36025009e+01
    1.46300230e+01 1.29825850e+01 1.18313084e+01 1.19053917e+01
    1.26074305e+01 1.02709608e+01 1.09273481e+01 1.11311188e+01
    1.05620584e+01 1.09104757e+01 1.25126038e+01 1.18215952e+01
    1.01288824e+01 1.16105232e+01 1.36248713e+01 1.23304243e+01
    1.18649359e+01 1.14411592e+01 1.21225662e+01 1.18576078e+01
    1.08899803e+01 1.15883465e+01 1.20053196e+01 1.16786747e+01
    1.17352104e+01 1.33289366e+01 1.24207993e+01 1.21229143e+01
    1.14620142e+01 1.11337976e+01 1.21669664e+01 1.10873556e+01
    1.14087639e+01 1.04933338e+01 1.05528202e+01 1.08054171e+01
    1.18954563e+01 1.34402523e+01 1.21351566e+01 1.21399708e+01
    1.15508509e+01 1.22302055e+01 1.36864481e+01 1.37802057e+01
    1.41290722e+01 1.34407616e+01 1.28062077e+01 1.32226543e+01
    1.36241741e+01 1.38068199e+01 1.29689341e+01 1.24569521e+01
    1.21096945e+01 1.29569597e+01 1.31821747e+01 1.27739878e+01
    1.06498690e+01 1.03961077e+01 1.21971388e+01 1.18313665e+01
    1.10774164e+01 1.19024649e+01 1.27651339e+01 1.26400995e+01
    1.25857325e+01 1.19374323e+01 1.29643459e+01 1.38784142e+01
    1.26188211e+01 1.10623741e+01 1.23817110e+01 1.12951937e+01
    1.26016397e+01 1.21612968e+01 1.08710136e+01 9.81434345e+00
    1.16899080e+01 1.22263956e+01 1.19414797e+01 1.14395819e+01
    1.30775614e+01 1.11793375e+01 1.19120121e+01 1.10456705e+01
    1.13959503e+01 1.22447796e+01 1.20731258e+01 1.16657839e+01
    1.19506302e+01 1.33831682e+01 1.38279409e+01 1.19336271e+01
    1.24652700e+01 1.20181847e+01 1.03851309e+01 1.05905933e+01
    9.39170074e+00 9.33704090e+00 9.84858894e+00 9.28978634e+00
    8.74068832e+00 9.60959339e+00 1.05613861e+01 1.04085884e+01
    9.97450542e+00 1.14048071e+01 1.09908981e+01 1.18250608e+01
    1.08811722e+01 1.17141218e+01 1.19263096e+01 1.12961369e+01
    1.07241278e+01 1.00636778e+01 1.07073679e+01 1.09496164e+01
    1.30404024e+01 1.25992117e+01 1.12437439e+01 1.14198513e+01
    1.20290565e+01 1.16019411e+01 1.21985312e+01 1.09446640e+01
    1.03140135e+01 1.07610693e+01 1.08819695e+01 1.01436357e+01
    9.75172043e+00 1.01827078e+01 1.09189157e+01 1.07526035e+01
    1.17301588e+01 1.23257923e+01 1.11048450e+01 1.21360188e+01
    1.28977251e+01 1.16322069e+01 1.24749537e+01 1.01948032e+01
    1.11455040e+01 1.31402493e+01 1.13876333e+01 1.19888144e+01
    1.15877485e+01 1.08215427e+01 1.15423069e+01 1.13753395e+01
    1.06297655e+01 9.66755295e+00 9.60576820e+00 1.00058699e+01
    1.18482294e+01 1.02207994e+01 9.38827229e+00 9.89270592e+00
    1.16280107e+01 1.12052069e+01 1.06436996e+01 8.63088417e+00
    1.05358524e+01 1.13306379e+01 1.13161087e+01 1.19367580e+01
    1.20864401e+01 1.22813606e+01 1.22491636e+01 1.39000196e+01
    1.30713816e+01 1.24294472e+01 1.14040174e+01 1.17648945e+01
    1.11294956e+01 1.11809292e+01 9.72120285e+00 1.00871134e+01
    9.14271164e+00 9.59922791e+00 1.01978569e+01 9.96432114e+00
    1.05742693e+01 1.10711203e+01 1.08484535e+01 1.01361170e+01
    1.01212397e+01 9.40837193e+00 1.10312958e+01 1.01294565e+01
    9.31378937e+00 1.14887276e+01 1.13658905e+01 1.20052490e+01
    1.26528463e+01 1.16386538e+01 1.23312016e+01 1.23517084e+01
    1.20937424e+01 1.17261362e+01 1.15783749e+01 1.01664362e+01
    1.13006077e+01 1.18038006e+01 9.07059383e+00 9.54317951e+00
    1.18314924e+01 1.06973639e+01 1.02304392e+01 1.10367289e+01
    9.70044613e+00 1.11324301e+01 1.20173101e+01 1.16968594e+01
    1.30961714e+01 1.04683733e+01 1.18283319e+01 1.31693897e+01
    1.30484638e+01 1.26242466e+01 1.25107441e+01 1.27011213e+01
    1.20061235e+01 1.31415968e+01 1.19981346e+01 1.19925585e+01
    1.26660643e+01 1.20635462e+01 1.33000889e+01 1.27532244e+01
    1.34678478e+01 1.34904222e+01 1.30801735e+01 1.43144913e+01
    1.26712561e+01 1.09235411e+01 1.25098515e+01 1.35824413e+01
    1.22764568e+01 1.22250090e+01 1.12424278e+01 1.24200258e+01
    1.33341427e+01 1.08841228e+01 1.07566309e+01 1.17690105e+01
    1.10202103e+01 1.23109646e+01 1.29227400e+01 1.42867165e+01
    1.26820374e+01 1.39079380e+01 1.46798449e+01 1.23248625e+01
    1.18399506e+01 1.17703705e+01 1.05007591e+01 1.13178339e+01
    9.96879292e+00 1.14663324e+01 9.96060371e+00 1.21422615e+01
    1.36143570e+01 1.16894836e+01 1.12492323e+01 1.19804287e+01
    1.36838551e+01 1.34189739e+01 1.15130997e+01 1.25865507e+01
    1.27769251e+01 1.10281296e+01 1.17525787e+01 1.27862511e+01
    1.10903435e+01 1.11917753e+01 1.19501457e+01 1.27355547e+01
    1.21319017e+01 1.26370239e+01 1.22025957e+01 1.18075066e+01
    1.18137503e+01 1.05317745e+01 1.13915148e+01 1.15149498e+01
    9.20092678e+00 1.09781046e+01 1.21153765e+01 1.18474350e+01
    1.14451666e+01 1.21666336e+01 1.15307369e+01 1.10444641e+01
    1.17021961e+01 1.34328995e+01 1.34337091e+01 1.25415554e+01
    1.32407894e+01 1.32563009e+01 1.29953671e+01 1.20847311e+01
    1.15969286e+01 1.23702326e+01 1.14578171e+01 1.26466951e+01
    1.20566387e+01 1.17487078e+01 1.04318523e+01 1.03125982e+01
    1.04390488e+01 1.22024059e+01 1.07035036e+01 1.16792774e+01
    1.32061310e+01 1.32529879e+01 1.29084263e+01 1.22208738e+01
    1.31834946e+01 1.37614765e+01 1.37848606e+01 1.10551310e+01
    1.03707380e+01 1.12596178e+01 1.22238913e+01 1.14917164e+01
    1.16475630e+01 1.03788891e+01 1.14084339e+01 1.21438065e+01
    1.15863495e+01 1.25692329e+01 1.10435658e+01 1.16488447e+01
    1.03925514e+01 1.06267757e+01 1.14007864e+01 1.12881556e+01
    1.21042652e+01 1.13205690e+01 1.03452835e+01 1.19309549e+01
    1.30749111e+01 1.19057961e+01 1.19246712e+01 1.13373747e+01
    1.05044155e+01 1.10387716e+01 9.76736164e+00 7.75139141e+00
    9.00046730e+00 1.00716257e+01 8.74668789e+00 9.02516079e+00
    1.05658855e+01 1.02684441e+01 9.92514420e+00 1.11999292e+01
    1.15149603e+01 1.14344873e+01 1.23453999e+01 1.14464397e+01
    1.28010731e+01 1.23895531e+01 1.12168808e+01 1.13070202e+01
    1.32126331e+01 1.12120180e+01 1.38072891e+01 1.29546719e+01
    1.08176146e+01 1.18358850e+01 1.27549448e+01 1.16392908e+01
    1.23824100e+01 9.97497272e+00 9.71646690e+00 1.08662710e+01
    1.08979483e+01 9.62915230e+00 1.03608208e+01 9.91407967e+00
    8.64447021e+00 1.03603487e+01 1.10069170e+01 1.11947842e+01
    1.08967896e+01 1.20000772e+01 1.15866203e+01 1.22437277e+01
    1.27598438e+01 9.87999439e+00 1.16703796e+01 1.20688820e+01
    1.02091351e+01 1.20047331e+01 1.14656944e+01 1.16832123e+01
    1.26903543e+01 1.10219326e+01 1.16860676e+01 1.11144171e+01
    1.14943247e+01 1.06688175e+01 1.16622000e+01 1.08019657e+01
    9.45207596e+00 1.07299433e+01 1.15535069e+01 1.11803179e+01
    1.13318758e+01 9.91981792e+00 1.03281269e+01 1.30843725e+01
    1.21581488e+01 1.23559542e+01 1.18229628e+01 1.26394281e+01
    1.17304211e+01 1.24000607e+01 1.23130913e+01 1.21502199e+01
    1.01434059e+01 1.10165062e+01 1.15834866e+01 1.08687391e+01
    1.02787466e+01 8.99794102e+00 9.29370689e+00 1.05989208e+01
    9.27233410e+00 9.28401089e+00 1.11850214e+01 1.05908928e+01
    1.03996725e+01 1.06680489e+01 1.12106752e+01 9.87875462e+00
    1.06215582e+01 1.08103590e+01 9.30541611e+00 1.05619802e+01
    1.10962524e+01 1.17459602e+01 1.17125750e+01 1.09688511e+01
    1.27215462e+01 1.16794128e+01 1.09411392e+01 1.00714016e+01
    1.12517500e+01 1.08730717e+01 1.06655416e+01 1.18611221e+01
    1.11412992e+01 9.11753559e+00 1.18271675e+01 1.06850977e+01
    1.06855412e+01 1.01825409e+01 1.04059706e+01 1.18086548e+01
    1.07746515e+01 1.07559710e+01 1.17957783e+01 1.08567696e+01
    1.11440439e+01 1.34493551e+01 1.18364096e+01 1.26919098e+01
    1.22118483e+01 9.54322147e+00 1.16201916e+01 1.27810335e+01
    1.04947844e+01 1.15208397e+01 1.19935865e+01 1.15741186e+01
    1.20252075e+01 1.25799837e+01 1.20657606e+01 1.21245394e+01
    1.18537130e+01 1.28228140e+01 1.28577414e+01 1.19659939e+01
    1.22807264e+01 1.33205385e+01 1.20030613e+01 1.14829645e+01
    1.12138367e+01 1.28864431e+01 1.23540297e+01 1.33902693e+01
    1.25704422e+01 1.26279345e+01 1.29881678e+01 1.33081551e+01
    1.30425882e+01 1.30384378e+01 1.38863096e+01 1.34409990e+01
    1.21377630e+01 1.27522917e+01 1.30468874e+01 1.08979073e+01
    1.09767046e+01 1.12876883e+01 1.09885473e+01 9.97812843e+00
    1.17644129e+01 1.23381557e+01 1.20946255e+01 1.16038933e+01
    1.23391857e+01 1.31414118e+01 1.27611980e+01 1.28497229e+01
    1.18454866e+01 1.26918144e+01 1.14953051e+01 1.31681614e+01
    1.26581907e+01 1.06069908e+01 1.16388760e+01 1.20450935e+01
    1.12899227e+01 1.15771446e+01 1.36772709e+01 1.15079870e+01
    1.22024307e+01 1.19706879e+01 1.02442665e+01 1.12584515e+01
    1.08816166e+01 1.00034962e+01 8.98949146e+00 1.09414997e+01
    1.06872616e+01 1.00626163e+01 1.22754679e+01 1.19921284e+01
    1.19106541e+01 1.20587950e+01 1.16965160e+01 1.31860275e+01
    1.22519417e+01 1.25135660e+01 1.25248728e+01 1.18557854e+01
    1.21857233e+01 1.30100975e+01 1.20056677e+01 1.07144203e+01
    1.24422884e+01 1.17516804e+01 1.18556633e+01 1.14038553e+01
    9.86028385e+00 1.05288563e+01 1.17521906e+01 9.75558090e+00
    1.08623390e+01 1.01914339e+01 1.12795515e+01 1.30560713e+01
    1.26353178e+01 1.27324820e+01 1.33980722e+01 1.39484549e+01
    1.34986534e+01 1.14699802e+01 1.16296511e+01 1.26415071e+01
    1.21055822e+01 1.26991835e+01 1.10412760e+01 1.18290339e+01
    1.12287207e+01 1.06707487e+01 1.18562260e+01 1.10281315e+01
    1.24977198e+01 1.06969042e+01 1.15035200e+01 1.08981476e+01
    1.16521454e+01 1.17291784e+01 1.15717125e+01 1.18629484e+01
    1.15432844e+01 1.24640121e+01 1.30678272e+01 1.26247244e+01
    1.17360649e+01 1.10768070e+01 1.08941116e+01 1.16072836e+01
    1.00454178e+01 9.80662537e+00 9.44522190e+00 9.24561405e+00
    9.16295052e+00 8.98280334e+00 9.54751778e+00 1.01478624e+01
    1.12546463e+01 1.16564045e+01 1.18766575e+01 1.26694231e+01
    1.30020084e+01 1.23069410e+01 1.26521769e+01 1.30535011e+01
    1.11662731e+01 1.14339819e+01 1.08839283e+01 1.10754051e+01
    1.21335611e+01 1.21939917e+01 1.18474503e+01 1.21839705e+01
    1.20553484e+01 1.38810396e+01 1.19003649e+01 1.06039181e+01
    1.12163992e+01 1.09983482e+01 1.06388063e+01 1.06408339e+01
    1.06664219e+01 9.31857586e+00 8.67797375e+00 1.11002464e+01
    1.16794996e+01 1.12354364e+01 1.17721682e+01 1.20065126e+01
    1.25194435e+01 1.28282557e+01 1.23572969e+01 9.92242336e+00
    1.17588587e+01 1.15527000e+01 1.20103750e+01 1.31312227e+01
    1.21798267e+01 1.17746191e+01 1.47350121e+01 1.15896912e+01
    1.17635374e+01 1.11008310e+01 1.07134895e+01 1.06940584e+01
    1.12382936e+01 1.05127134e+01 9.77393818e+00 9.78522968e+00
    1.15513048e+01 1.15474501e+01 1.13589163e+01 9.22830105e+00
    9.26635551e+00 1.14612446e+01 1.28978872e+01 1.17067204e+01
    1.07279491e+01 1.20915995e+01 1.32487183e+01 1.25311918e+01
    1.29361382e+01 1.18563967e+01 1.02664499e+01 1.08402958e+01
    1.05898609e+01 9.79748631e+00 1.11542969e+01 1.07429457e+01
    9.15523243e+00 1.00904799e+01 1.09732113e+01 9.53809547e+00
    1.07265568e+01 1.04187298e+01 1.01865940e+01 1.14656773e+01
    1.00994730e+01 1.05253401e+01 1.10299473e+01 1.03123760e+01
    1.01366711e+01 9.89199257e+00 1.11751900e+01 1.14791403e+01
    1.03963633e+01 1.14051714e+01 1.16849403e+01 1.28206453e+01
    1.27409868e+01 1.07962065e+01 1.18949051e+01 1.16216002e+01
    1.24285002e+01 1.18350182e+01 1.10381613e+01 9.59306335e+00
    1.13869295e+01 1.25530510e+01 1.14259167e+01 1.13303509e+01
    9.94576073e+00 1.20208807e+01 1.11853237e+01 1.02604513e+01
    1.18442898e+01 1.26594906e+01 1.10328264e+01 1.17246876e+01
    1.24462204e+01 1.40732641e+01 1.21369734e+01 1.14163170e+01
    1.15864716e+01 1.25769873e+01 1.07630386e+01 9.88551712e+00
    1.13090572e+01 1.10524759e+01 1.16783447e+01 1.13190737e+01
    1.21448259e+01 1.24593067e+01 1.40293303e+01 1.26847887e+01
    1.26466961e+01 1.33663759e+01 1.29605799e+01 1.31905117e+01
    1.19392233e+01 1.22017889e+01 1.14073057e+01 1.14617710e+01
    1.17205076e+01 1.27381134e+01 1.10379648e+01 1.15964718e+01
    1.27234468e+01 1.20862942e+01 1.31180716e+01 1.45192080e+01
    1.30596561e+01 1.30023775e+01 1.29222231e+01 1.20271664e+01
    1.19866095e+01 1.12582884e+01 1.06730852e+01 1.10642214e+01
    1.11820745e+01 1.10668192e+01 1.21739054e+01 1.23456326e+01
    1.19228458e+01 1.16097746e+01 1.22217598e+01 1.13022366e+01
    1.16195803e+01 1.24558439e+01 1.33137856e+01 1.02535486e+01
    1.15397482e+01 1.21119242e+01 1.15377264e+01 1.11312551e+01
    1.27162027e+01 1.18486719e+01 1.29793758e+01 1.26622868e+01
    1.32992935e+01 1.22047272e+01 1.23943539e+01 1.23181334e+01
    1.09388494e+01 1.06048937e+01 1.20002899e+01 1.06200256e+01
    1.03344975e+01 9.41452312e+00 1.17007341e+01 1.17277842e+01
    1.07976704e+01 1.30157032e+01 1.00059137e+01 1.06933289e+01
    1.10864363e+01 1.01390095e+01 1.17700758e+01 1.10311384e+01
    1.05992641e+01 1.24352684e+01 1.15617771e+01 1.22230482e+01
    1.19821463e+01 1.07831516e+01 1.24883022e+01 1.22878046e+01
    1.17802019e+01 1.17709541e+01 9.88571930e+00 1.11580667e+01
    1.12158098e+01 1.08894939e+01 1.17269020e+01 1.12518501e+01
    1.09509735e+01 1.40594683e+01 1.18272161e+01 1.19943848e+01
    1.20456076e+01 1.35692797e+01 1.15975513e+01 1.10019655e+01
    1.16481371e+01 1.29366245e+01 1.38497438e+01 1.12359352e+01
    1.11623430e+01 1.33400612e+01 1.18363476e+01 1.11152029e+01
    1.16744728e+01 1.20693731e+01 1.08166904e+01 1.02780952e+01
    1.13158779e+01 1.23319273e+01 1.14657259e+01 1.23022184e+01
    1.33473015e+01 1.28216228e+01 1.25615025e+01 1.26197319e+01
    1.27754469e+01 1.23645706e+01 1.18995733e+01 1.09421005e+01
    1.09491520e+01 1.02095432e+01 9.73427296e+00 8.06032181e+00
    9.74825954e+00 8.70206738e+00 1.04891968e+01 9.37534904e+00
    1.07513142e+01 1.12607384e+01 1.05255241e+01 1.05252638e+01
    1.13920908e+01 1.35032320e+01 1.20936928e+01 1.32684603e+01
    1.24270592e+01 1.21131105e+01 1.18226500e+01 9.85547638e+00
    1.09482098e+01 1.21305313e+01 1.16786652e+01 1.22717810e+01
    1.30993443e+01 1.29604731e+01 1.30369196e+01 1.33910961e+01
    1.28888960e+01 1.16284990e+01 1.11919308e+01 1.04325190e+01
    1.14114208e+01 1.16580143e+01 9.66566467e+00 9.86179256e+00
    1.03749599e+01 1.02963963e+01 1.08535957e+01 1.20221567e+01
    1.07771730e+01 1.11904163e+01 1.22658310e+01 1.23776941e+01
    1.17651949e+01 1.12334509e+01 1.18681135e+01 1.17510357e+01
    1.20214472e+01 1.22170897e+01 1.29074459e+01 1.20076513e+01
    1.36258249e+01 1.39660215e+01 1.26193390e+01 1.17705345e+01
    1.06776190e+01 1.15364819e+01 1.07393713e+01 9.33527184e+00
    8.71325207e+00 9.86518288e+00 1.03120146e+01 1.01606331e+01
    1.11862421e+01 1.03448219e+01 9.38262463e+00 1.11433487e+01
    1.24804592e+01 1.15475359e+01 1.05149050e+01 1.11987467e+01
    1.28399763e+01 1.27977266e+01 1.22922888e+01 1.04151793e+01
    1.10772476e+01 1.25620890e+01 1.13480158e+01 1.05911865e+01
    1.10660439e+01 9.84715176e+00 9.93216324e+00 9.20559692e+00
    9.43174362e+00 9.71733284e+00 1.00078955e+01 1.01207466e+01
    9.57979012e+00 1.14076223e+01 1.18595610e+01 1.05222797e+01
    1.19083004e+01 1.08109970e+01 1.19514179e+01 1.02838221e+01
    1.16063919e+01 1.13952141e+01 1.25054522e+01 1.22926302e+01
    1.10603428e+01 1.29114943e+01 1.26031818e+01 1.25550060e+01
    1.15397806e+01 1.28935394e+01 1.27193871e+01 1.27834415e+01
    1.07194290e+01 1.02208509e+01 1.18848133e+01 1.21632433e+01
    1.13778257e+01 1.13820858e+01 1.04974871e+01 1.13771162e+01
    1.16604586e+01 1.09398832e+01 1.02017612e+01 1.14015684e+01
    1.11902313e+01 1.10729856e+01 1.26005421e+01 1.23215332e+01
    1.19803267e+01 1.13264761e+01 1.08541546e+01 1.16060934e+01
    1.03441048e+01 1.09899874e+01 1.19315147e+01 1.11092815e+01
    1.09321184e+01 1.28092518e+01 1.10316391e+01 1.24625454e+01
    1.21770706e+01 1.16014967e+01 1.23464108e+01 1.25150576e+01
    1.30158014e+01 1.34394073e+01 1.29404135e+01 1.14328461e+01
    1.14496393e+01 1.36279030e+01 1.29080200e+01 1.10410452e+01
    1.29931736e+01 1.18675289e+01 1.13124256e+01 1.34066629e+01
    1.26628351e+01 1.37731991e+01 1.33951387e+01 1.25785599e+01
    1.26018581e+01 1.18294640e+01 1.19743290e+01 1.11089745e+01
    1.17922907e+01 9.92019558e+00 1.09311666e+01 1.08585548e+01
    1.19336882e+01 1.25571556e+01 1.24969654e+01 1.15752983e+01
    1.18326187e+01 1.21463299e+01 1.32748489e+01 1.26795874e+01
    1.24867048e+01 1.07933359e+01 1.14558077e+01 1.30700741e+01
    1.25326004e+01 1.19128542e+01 1.10701809e+01 1.17324581e+01
    1.18846340e+01 1.22166166e+01 1.28519163e+01 1.28872557e+01
    1.18701649e+01 1.23759708e+01 1.18128662e+01 1.12765274e+01
    1.19931812e+01 1.06401920e+01 1.06720486e+01 1.14869957e+01
    1.13376312e+01 1.15007534e+01 1.17457905e+01 1.31164637e+01
    1.10596066e+01 1.02785816e+01 1.12472210e+01 9.94717407e+00
    1.09172249e+01 1.11517248e+01 1.14320316e+01 1.15944691e+01
    1.21856289e+01 1.19277287e+01 1.12585363e+01 1.24827795e+01
    1.31900473e+01 1.21642475e+01 1.06974611e+01 1.18345499e+01
    1.02262383e+01 1.10037336e+01 1.13575344e+01 1.11280813e+01
    9.70535851e+00 1.04191608e+01 1.19132853e+01 1.22153111e+01
    1.12511826e+01 1.15597248e+01 1.22823792e+01 1.26145754e+01
    1.22362957e+01 1.01188784e+01 1.20103607e+01 1.19456005e+01
    1.18449821e+01 1.14565783e+01 1.12738504e+01 1.22822704e+01
    1.25859041e+01 1.05362558e+01 1.07131557e+01 1.12832737e+01
    1.19926109e+01 1.11260386e+01 1.11580801e+01 1.15802269e+01
    1.16102419e+01 1.12697906e+01 1.19805555e+01 9.83174896e+00
    1.21070585e+01 1.19154377e+01 1.17981424e+01 1.17308102e+01
    1.19835138e+01 1.06544971e+01 1.16284466e+01 1.03042192e+01
    1.04166737e+01 1.05553017e+01 9.91093254e+00 1.01327238e+01
    1.02888088e+01 1.03110981e+01 1.05541153e+01 1.15616703e+01
    1.14482365e+01 1.25200930e+01 1.22484684e+01 1.21907787e+01
    1.33909893e+01 1.38268890e+01 1.22566023e+01 1.29916973e+01
    1.33598452e+01 1.12669191e+01 1.13099995e+01 1.16417751e+01
    1.06082249e+01 1.11038580e+01 1.16749430e+01 1.28442230e+01
    1.30550671e+01 1.18309307e+01 1.27816944e+01 1.22040596e+01
    1.06247072e+01 1.10977678e+01 1.04578285e+01 1.14791985e+01
    1.11209898e+01 1.04846554e+01 1.05962934e+01 1.12141275e+01
    1.10819788e+01 1.16832333e+01 1.14042873e+01 1.18905811e+01
    1.17896776e+01 1.19099627e+01 1.14397278e+01 9.81096935e+00
    1.16514740e+01 1.18503208e+01 1.15063877e+01 1.19464626e+01
    1.31721954e+01 1.29145489e+01 1.38450451e+01 1.43294115e+01
    1.19590464e+01 1.31049690e+01 1.19849834e+01 1.22809620e+01
    1.18257236e+01 9.40126896e+00 9.37529469e+00 9.77770901e+00
    1.04310284e+01 1.08570442e+01 9.40347385e+00 9.39052773e+00
    1.03900156e+01 1.15496111e+01 1.09376097e+01 1.10116920e+01
    1.14134626e+01 1.02912560e+01 1.17490549e+01 1.29848337e+01
    1.12245235e+01 1.03265114e+01 1.02218161e+01 1.08956432e+01
    1.13555326e+01 9.71119213e+00 9.65766048e+00 9.85159016e+00
    9.77212143e+00 1.14880028e+01 1.07499228e+01 1.10719929e+01
    1.14927158e+01 1.15271730e+01 1.20863028e+01 1.17450113e+01
    1.18367119e+01 1.23268652e+01 1.10824318e+01 1.06679897e+01
    1.04614429e+01 1.17264328e+01 1.01971874e+01 1.11054354e+01
    1.06918049e+01 1.19830666e+01 1.13581343e+01 1.18084259e+01
    1.19570427e+01 1.31277914e+01 1.24318666e+01 1.25507727e+01
    1.24677639e+01 1.27411442e+01 1.21370392e+01 1.13727627e+01
    1.21174002e+01 1.23866005e+01 1.20844965e+01 1.15700655e+01
    1.06348372e+01 1.09485292e+01 1.10876999e+01 1.08976650e+01
    1.09448338e+01 1.06958227e+01 1.12504807e+01 1.18896828e+01
    1.22825623e+01 1.11968212e+01 1.16949148e+01 1.30357265e+01
    1.12932262e+01 1.04488239e+01 1.06250753e+01 1.09718904e+01
    1.08119450e+01 1.03789787e+01 1.07344179e+01 1.14501877e+01
    1.15286884e+01 1.01166391e+01 1.10411673e+01 1.24115324e+01
    1.14744091e+01 1.15007792e+01 1.34173841e+01 1.30988369e+01
    1.30199041e+01 1.28929901e+01 1.27704525e+01 1.32611904e+01
    1.30379972e+01 1.29404726e+01 1.28000879e+01 1.31600389e+01
    1.21412497e+01 1.37876272e+01 1.26260738e+01 1.38497810e+01
    1.22765236e+01 1.19335756e+01 1.36446981e+01 1.03892031e+01
    1.08757448e+01 1.12361984e+01 1.04061699e+01 1.10583105e+01
    1.12707300e+01 1.13213148e+01 1.18241863e+01 1.43199453e+01
    1.29786482e+01 1.13853607e+01 1.18344469e+01 1.26044359e+01
    1.15872459e+01 1.14510336e+01 1.10473022e+01 1.15337667e+01
    1.17241278e+01 1.30814848e+01 1.21222353e+01 1.33041964e+01
    1.20806828e+01 1.32296200e+01 1.33613853e+01 1.35228949e+01
    1.26749783e+01 1.23537712e+01 1.23347692e+01 1.18874636e+01
    1.25067816e+01 1.29837179e+01 1.08782043e+01 1.13956604e+01
    1.08690891e+01 1.17887459e+01 1.02359829e+01 1.10282984e+01
    1.10840445e+01 1.10610962e+01 1.04995041e+01 1.09438057e+01
    1.19817257e+01 1.08984613e+01 1.01871414e+01 1.20169277e+01
    1.06665649e+01 1.15388546e+01 1.24660816e+01 1.20084114e+01
    1.16412449e+01 1.38126564e+01 1.18358822e+01 1.35195103e+01
    1.40056677e+01 1.10793209e+01 1.18500261e+01 1.23534288e+01
    1.28232908e+01 1.18392391e+01 1.00982180e+01 1.06971045e+01
    1.30807371e+01 1.14588032e+01 1.04977369e+01 1.23732605e+01
    1.12286949e+01 1.12700148e+01 1.17491779e+01 9.36286068e+00
    1.10664444e+01 1.24511862e+01 1.14599886e+01 1.05331516e+01
    1.00420303e+01 1.13649311e+01 1.22278090e+01 1.04494829e+01
    9.76788139e+00 1.07980261e+01 9.85990810e+00 1.10899544e+01
    1.05908527e+01 1.03613482e+01 1.11898746e+01 1.27018681e+01
    1.26916542e+01 1.20654202e+01 1.34048510e+01 1.22773628e+01
    1.24402161e+01 1.18682623e+01 1.10346222e+01 1.06585350e+01
    1.27981815e+01 1.10886879e+01 1.13432112e+01 1.15583925e+01
    9.30378151e+00 9.76306057e+00 1.05771914e+01 1.09295168e+01
    1.11911764e+01 1.08119888e+01 1.11932354e+01 1.29645300e+01
    1.25329695e+01 1.28742571e+01 1.38679571e+01 1.35589285e+01
    1.30278168e+01 1.32613134e+01 1.19613056e+01 1.18475876e+01
    1.31683064e+01 1.15458441e+01 1.12514620e+01 1.30448732e+01
    1.23702755e+01 1.28368549e+01 1.22818336e+01 1.17532587e+01
    1.23360529e+01 1.03531094e+01 9.02678585e+00 1.00508327e+01
    1.02180338e+01 1.02454643e+01 1.05402498e+01 9.43220329e+00
    1.15078650e+01 1.26418362e+01 1.16709137e+01 1.28016653e+01
    1.33425407e+01 1.19251099e+01 1.11865454e+01 1.07856960e+01
    1.02024288e+01 1.10561361e+01 1.04093523e+01 9.73117542e+00
    1.09222298e+01 1.28386192e+01 1.21926498e+01 1.16264248e+01
    1.34043665e+01 1.32293043e+01 1.25510540e+01 1.15921688e+01
    1.19560194e+01 1.16503735e+01 1.04379959e+01 1.02632637e+01
    1.07177954e+01 1.09087143e+01 1.15625458e+01 1.28522911e+01
    1.08910522e+01 1.03975220e+01 1.05882301e+01 1.21780319e+01
    1.00945749e+01 1.11909180e+01 1.04809198e+01 9.40364361e+00
    1.16660223e+01 1.18659916e+01 1.10729895e+01 8.86172199e+00
    8.66903591e+00 1.08653574e+01 1.01623707e+01 9.68888283e+00
    9.02974510e+00 9.62463856e+00 9.74594402e+00 9.61251831e+00
    1.01075792e+01 1.04239769e+01 1.26103830e+01 9.76692581e+00
    1.20006075e+01 1.17333412e+01 1.22030745e+01 1.27752600e+01
    1.20938129e+01 1.11446199e+01 9.93528461e+00 1.13348713e+01
    1.13912935e+01 1.12320232e+01 1.17329607e+01 1.08693771e+01
    1.23895302e+01 1.19839363e+01 1.19902849e+01 1.30137911e+01
    1.24199343e+01 1.13665085e+01 1.14382830e+01 1.15290632e+01
    1.14867373e+01 9.67171955e+00 1.20566111e+01 1.20621328e+01
    1.19334097e+01 1.23019533e+01 1.28522530e+01 1.28076658e+01
    1.20800934e+01 1.19989300e+01 1.23692722e+01 1.24113150e+01
    1.20668612e+01 1.17477350e+01 1.25674925e+01 1.39060192e+01
    1.33316669e+01 1.23486042e+01 1.17302513e+01 1.17896061e+01
    1.16484270e+01 1.10698175e+01 1.06311102e+01 1.05289822e+01
    1.06558676e+01 1.04867420e+01 1.05994530e+01 1.18655834e+01
    1.04135466e+01 1.16783600e+01 1.23951292e+01 1.18710175e+01
    1.21541405e+01 1.24284630e+01 1.29755297e+01 1.29875736e+01
    1.15419931e+01 1.24026546e+01 1.25678768e+01 1.22101145e+01
    1.19326181e+01 1.22801523e+01 1.17609062e+01 1.20956993e+01
    1.29556265e+01 1.35790854e+01 1.24553518e+01 1.23912821e+01
    1.31786995e+01 1.13518047e+01 1.11244307e+01 1.17321157e+01
    1.05429583e+01 1.15296364e+01 1.07078991e+01 1.17517729e+01
    1.13644695e+01 1.20121784e+01 1.18581991e+01 1.22599792e+01
    1.13181152e+01 1.08521118e+01 1.09925404e+01 1.20717478e+01
    1.06352310e+01 1.10671654e+01 1.10289831e+01 1.13686380e+01
    1.19114017e+01 1.31303139e+01 1.15767536e+01 1.23570232e+01
    1.30615950e+01 1.27766047e+01 1.33436832e+01 1.26974325e+01
    1.29334345e+01 1.27748013e+01 1.39729271e+01 1.23770952e+01
    1.12876930e+01 1.25814915e+01 1.12844381e+01 1.03550463e+01
    1.15699711e+01 1.02506609e+01 1.10767279e+01 1.10073519e+01
    9.35754776e+00 1.10849867e+01 9.71922112e+00 1.10628319e+01
    1.04163132e+01 9.96205807e+00 1.17106295e+01 1.03427324e+01
    1.07383432e+01 1.14822321e+01 1.11348076e+01 1.17971115e+01
    1.22177372e+01 1.28892365e+01 1.40444050e+01 1.20618181e+01
    1.17296381e+01 1.35764027e+01 1.29989328e+01 1.12618170e+01
    1.16124210e+01 1.18907642e+01 1.17828712e+01 1.21237793e+01
    1.07780333e+01 1.17378511e+01 1.01941156e+01 1.16702080e+01
    1.05247793e+01 1.11541376e+01 1.21069984e+01 1.19620600e+01
    1.13155603e+01 1.07558069e+01 1.12863846e+01 1.12741842e+01
    1.16089296e+01 1.17447195e+01 1.02189636e+01 9.99838734e+00
    1.11100378e+01 1.11483717e+01 1.24903393e+01 1.16620131e+01
    1.11673584e+01 1.17683468e+01 1.30378103e+01 1.18207378e+01
    1.31387215e+01 1.30037394e+01 1.09193478e+01 1.30138102e+01
    1.23146162e+01 1.14172201e+01 1.18262634e+01 1.03124161e+01
    1.05845747e+01 1.12000141e+01 1.06506653e+01 1.13112793e+01
    1.10186558e+01 1.11584816e+01 1.22959232e+01 9.97222805e+00
    1.13989391e+01 1.06693535e+01 1.18424950e+01 1.25746279e+01
    1.10561609e+01 1.23053074e+01 1.24713850e+01 1.31322117e+01
    1.14644060e+01 1.27714548e+01 1.36537848e+01 1.08285418e+01
    1.18584194e+01 1.28675804e+01 1.26907206e+01 1.30755920e+01
    1.24077215e+01 1.27872076e+01 1.30177546e+01 1.19777966e+01
    1.11322393e+01 1.13881073e+01 1.06974487e+01 1.09270992e+01
    1.03401670e+01 1.00594006e+01 1.07966347e+01 1.08889790e+01
    1.25735598e+01 1.09637432e+01 1.19630289e+01 1.41407213e+01
    1.28804560e+01 1.20283318e+01 1.22915621e+01 1.13083611e+01
    1.11679449e+01 9.84262371e+00 1.13298635e+01 1.16960411e+01
    1.14659271e+01 1.25275879e+01 1.37272596e+01 1.28855906e+01
    1.40962486e+01 1.31671076e+01 1.20720739e+01 1.17764482e+01
    1.06960583e+01 1.05481176e+01 1.07956915e+01 1.02724037e+01
    9.86919403e+00 1.27862158e+01 1.14844456e+01 9.49388123e+00
    1.11198168e+01 1.34847460e+01 1.12365894e+01 1.01377726e+01
    1.04618912e+01 1.04208546e+01 1.09144726e+01 1.09906502e+01
    1.11762114e+01 9.21096230e+00 9.40443039e+00 1.18695841e+01
    1.04709730e+01 1.01847458e+01 9.95505047e+00 9.92231846e+00
    1.12700691e+01 1.10070496e+01 9.92696953e+00 1.03958979e+01
    1.19077797e+01 1.20331192e+01 1.18655100e+01 1.26518364e+01
    1.20155430e+01 1.27701359e+01 1.20653801e+01 1.13676863e+01
    9.31499195e+00 9.95157337e+00 1.11774178e+01 9.91253567e+00
    1.12834454e+01 1.13195152e+01 1.16141291e+01 1.22616730e+01
    1.27095900e+01 1.36636982e+01 1.28850021e+01 1.35583906e+01
    1.25872297e+01 1.17685127e+01 1.16079226e+01 1.17741117e+01
    1.14971905e+01 1.31479864e+01 1.16419888e+01 1.20744734e+01
    1.30733719e+01 1.24528913e+01 1.29473534e+01 1.22592287e+01
    1.22903376e+01 1.26859331e+01 1.24821882e+01 1.15649014e+01
    1.15355272e+01 1.31064806e+01 1.26244488e+01 1.17843542e+01
    1.13842821e+01 1.08048000e+01 1.09202070e+01 1.04966106e+01
    1.04946089e+01 1.04039936e+01 9.25875187e+00 1.04078617e+01
    1.14939432e+01 1.15145664e+01 1.00521221e+01 1.07412367e+01
    1.25271797e+01 1.11532316e+01 1.15336924e+01 1.27540703e+01
    1.23186445e+01 1.17837543e+01 1.27994747e+01 1.35002050e+01
    1.14803267e+01 1.23112564e+01 1.31765842e+01 1.11314116e+01
    1.27162228e+01 1.20515213e+01 1.14841728e+01 1.26069326e+01
    1.34761162e+01 1.13286104e+01 1.14223824e+01 1.20795565e+01
    1.18431082e+01 1.08532715e+01 1.13036079e+01 1.10325127e+01
    1.07801514e+01 1.15005274e+01 1.10420609e+01 1.15210915e+01
    1.15415745e+01 1.18953152e+01 9.87510967e+00 9.58025455e+00
    1.03620100e+01 1.07062140e+01 9.41534233e+00 9.10907936e+00
    1.12409210e+01 1.21315355e+01 1.14953690e+01 1.12907114e+01
    1.20431404e+01 1.14183064e+01 1.26428890e+01 1.23030729e+01
    1.31530056e+01 1.08328838e+01 1.06763077e+01 1.30241728e+01
    1.30801973e+01 1.17768545e+01 1.28277578e+01 1.16702642e+01
    1.32096777e+01 1.17139540e+01 1.20436401e+01 1.06618719e+01
    1.08883934e+01 1.18157864e+01 8.70654488e+00 9.29510593e+00
    8.84567642e+00 9.51064301e+00 1.07534523e+01 9.76620388e+00
    1.07902365e+01 1.15780525e+01 1.05941086e+01 1.00520744e+01
    1.21072273e+01 1.21304617e+01 1.10451193e+01 1.08479023e+01
    1.21256657e+01 1.28679218e+01 1.14759674e+01 1.25501051e+01
    1.22219124e+01 1.14555082e+01 1.22306442e+01 1.13761644e+01
    1.17272320e+01 1.26268921e+01 1.11018133e+01 1.07070093e+01
    1.15200481e+01 1.22370148e+01 9.63778400e+00 1.12416401e+01
    1.26031733e+01 1.16177769e+01 1.15589066e+01 1.09968090e+01
    1.10383234e+01 1.18879919e+01 1.10944643e+01 1.00320911e+01
    1.03273716e+01 9.53129864e+00 1.04673004e+01 1.12892618e+01
    1.24986095e+01 1.14111042e+01 1.03494768e+01 1.16202593e+01
    1.34174623e+01 1.25353966e+01 1.31284409e+01 1.22871304e+01
    1.08888245e+01 1.16299181e+01 1.21254749e+01 1.07026682e+01
    1.18857803e+01 1.08634520e+01 1.17806387e+01 1.18881731e+01
    1.22792959e+01 1.17043667e+01 1.15132236e+01 1.26781054e+01
    1.21030931e+01 1.20275517e+01 1.10742235e+01 1.18541746e+01
    1.18020830e+01 1.15430727e+01 1.24840879e+01 1.13617697e+01
    1.12190208e+01 1.24372501e+01 1.32057667e+01 1.20904016e+01
    1.24018860e+01 1.21182480e+01 1.20282822e+01 1.37574158e+01
    1.38560438e+01 1.37354698e+01 1.23907785e+01 1.21813288e+01
    1.20494337e+01 1.13594446e+01 1.21616821e+01 9.36341572e+00
    1.16582193e+01 1.28817968e+01 1.10229368e+01 1.18395948e+01
    1.20028458e+01 1.20497227e+01 1.22328386e+01 1.22960815e+01
    1.21135044e+01 1.31831350e+01 1.21108637e+01 1.10824585e+01
    1.26508503e+01 1.19207897e+01 1.10545034e+01 1.13161812e+01
    1.22069683e+01 1.22367973e+01 1.12538662e+01 1.37641068e+01
    1.37351866e+01 1.33222456e+01 1.31242542e+01 1.23422861e+01
    1.22597723e+01 1.24512148e+01 9.65424538e+00 1.08700352e+01
    1.05792332e+01 9.44826412e+00 1.03684464e+01 1.08640938e+01
    9.96514320e+00 9.46661854e+00 9.87892914e+00 1.11493073e+01
    1.13196898e+01 1.02901487e+01 8.06735706e+00 1.04173784e+01
    1.21616840e+01 1.11412249e+01 9.77356339e+00 1.00480413e+01
    9.51843643e+00 1.12172613e+01 9.62588406e+00 8.65815544e+00
    1.03348513e+01 1.00500622e+01 1.04237900e+01 9.98816681e+00
    1.14592552e+01 1.16284895e+01 1.18918505e+01 1.35697937e+01
    1.25905313e+01 1.16367426e+01 1.33003731e+01 1.24378815e+01
    1.28401041e+01 1.06269464e+01 1.07410240e+01 9.67575836e+00
    9.45626545e+00 9.81071091e+00 1.09377966e+01 1.00469055e+01
    1.10538759e+01 1.15568285e+01 1.18042336e+01 1.28211670e+01
    1.33538580e+01 1.30841084e+01 1.34452591e+01 1.20880127e+01
    1.27237005e+01 1.26550512e+01 1.26687756e+01 1.32623701e+01
    1.27948408e+01 1.25178223e+01 1.38108425e+01 1.23734760e+01
    1.33479671e+01 1.21159029e+01 1.12343645e+01 1.32963572e+01
    1.19829149e+01 1.25746374e+01 1.26438189e+01 1.25029507e+01
    1.24040060e+01 1.23372192e+01 1.24494486e+01 1.07423906e+01
    9.98430252e+00 1.07405663e+01 1.09317665e+01 1.03322477e+01
    1.02672195e+01 1.15236855e+01 1.12066212e+01 1.21591272e+01
    1.16585789e+01 1.16449041e+01 1.16380424e+01 1.25078278e+01
    1.18047304e+01 1.11022892e+01 1.21976976e+01 1.27342958e+01
    1.26288404e+01 1.18703451e+01 1.33900261e+01 1.30250092e+01
    1.34762888e+01 1.28635387e+01 1.40052929e+01 1.35435028e+01
    1.21128597e+01 1.38365259e+01 1.39226465e+01 1.18408022e+01
    1.18002977e+01 1.23358622e+01 1.15818996e+01 1.20333719e+01
    1.20805826e+01 1.12948809e+01 1.18522711e+01 1.21497974e+01
    1.15205269e+01 1.11902504e+01 1.20722189e+01 1.14368792e+01
    1.09867640e+01 1.07957630e+01 1.03680944e+01 1.03327217e+01
    9.30170155e+00 9.51653862e+00 1.03224087e+01 1.22136612e+01
    1.15603285e+01 1.10360603e+01 1.19658165e+01 1.26974726e+01
    1.31681576e+01 1.36434145e+01 1.09368782e+01 1.06811085e+01
    1.17246647e+01 1.27448492e+01 1.28537197e+01 1.33052359e+01
    1.35031071e+01 1.20871544e+01 1.36766338e+01 1.28495703e+01
    1.17710762e+01 1.20369549e+01 1.06799526e+01 1.13759909e+01
    1.16176872e+01 1.02651520e+01 1.13975306e+01 9.91960335e+00
    1.11350689e+01 1.17294846e+01 9.77946854e+00 1.21177530e+01
    1.22670479e+01 1.06492300e+01 1.20148640e+01 1.25782356e+01
    1.14685764e+01 1.23948326e+01 1.18129797e+01 1.35669174e+01
    1.30418081e+01 1.32014999e+01 1.18791380e+01 1.29943399e+01
    1.22142353e+01 1.22281399e+01 1.28783073e+01 1.17188416e+01
    1.13338280e+01 1.13465719e+01 1.14916353e+01 1.18500109e+01
    1.14256773e+01 1.05400066e+01 1.28107185e+01 1.24638910e+01
    1.17897587e+01 1.14576178e+01 1.04264441e+01 1.19357128e+01
    1.13424511e+01 1.05078392e+01 1.07392521e+01 1.00336323e+01
    1.05760841e+01 1.15081272e+01 1.20038853e+01 1.13772068e+01
    1.20726032e+01 1.16236734e+01 1.18638458e+01 1.27428455e+01
    1.19485397e+01 1.18140001e+01 1.15159607e+01 1.13862104e+01
    1.20299835e+01 1.10776196e+01 1.19621964e+01 1.13893738e+01
    1.17078800e+01 1.22672148e+01 1.26645737e+01 1.20740595e+01
    1.32689743e+01 1.24697294e+01 1.26251106e+01 1.18445883e+01
    1.11014376e+01 1.11454697e+01 1.21579514e+01 1.09477758e+01
    1.28238239e+01 1.06080675e+01 1.13556395e+01 1.20531197e+01
    1.14731512e+01 1.30913372e+01 1.20840502e+01 1.11255760e+01
    1.20379219e+01 1.17201281e+01 1.40471411e+01 1.28398504e+01
    1.09981508e+01 1.15242863e+01 1.29680452e+01 1.27485657e+01
    1.06574955e+01 1.11829586e+01 1.18822708e+01 1.12817183e+01
    1.24630756e+01 1.34261093e+01 1.31852322e+01 1.39144001e+01
    1.30877180e+01 1.29129601e+01 1.32885532e+01 1.25393219e+01
    1.22777624e+01 1.23074179e+01 1.18979778e+01 1.20238371e+01
    1.07024126e+01 1.10110159e+01 1.16492615e+01 1.18326254e+01
    1.25753565e+01 1.26961737e+01 1.22563372e+01 1.41316404e+01
    1.32631283e+01 1.18945246e+01 1.25538425e+01 1.06419239e+01
    9.68028164e+00 9.98495483e+00 9.79916954e+00 1.04552069e+01
    1.03026657e+01 1.03023176e+01 1.01790771e+01 1.18789577e+01
    1.16357412e+01 1.10315294e+01 1.10064726e+01 1.08073225e+01
    9.39593029e+00 9.84943771e+00 1.02316093e+01 1.15492868e+01
    1.00070066e+01 8.79879856e+00 1.06350193e+01 1.07723818e+01
    1.05705070e+01 8.04234505e+00 8.98272991e+00 9.33628941e+00
    1.10679750e+01 9.06466866e+00 9.86739731e+00 1.12675190e+01
    1.24648657e+01 1.28287764e+01 1.20664597e+01 1.16813850e+01
    1.37354755e+01 1.15056343e+01 1.16285915e+01 1.05762672e+01
    9.98937893e+00 9.36689472e+00 9.61601734e+00 9.68663502e+00
    1.01221886e+01 1.12315912e+01 1.16322660e+01 1.10176029e+01
    1.31114922e+01 1.37137632e+01 1.22038212e+01 1.33188200e+01
    1.21769037e+01 1.20223951e+01 1.28999577e+01 1.20791855e+01
    1.28788872e+01 1.19519100e+01 1.27191362e+01 1.33546810e+01
    1.30395708e+01 1.20304098e+01 1.28677015e+01 1.30956583e+01
    1.30396385e+01 1.34657612e+01 1.32989397e+01 1.26996565e+01
    1.18377285e+01 1.39008904e+01 1.40125332e+01 1.36941795e+01
    1.32636204e+01 1.25027075e+01 1.12754078e+01 1.19633303e+01
    1.05727930e+01 9.09002304e+00 1.00834122e+01 1.07379141e+01
    1.06163025e+01 1.12201214e+01 1.08591623e+01 1.31544342e+01
    1.25298109e+01 1.10082045e+01 1.20553560e+01 1.15930405e+01
    1.21207743e+01 1.15979805e+01 1.15686483e+01 1.18548403e+01
    1.16594515e+01 1.14055099e+01 1.38018389e+01 1.39680738e+01
    1.32336330e+01 1.37364235e+01 1.30485020e+01 1.36326752e+01
    1.32522612e+01 1.16045952e+01 1.21212177e+01 1.14994316e+01
    1.08036633e+01 1.11489143e+01 1.30838013e+01 1.13809252e+01
    1.03663673e+01 1.25588808e+01 1.23669710e+01 1.12607145e+01
    1.14964170e+01 1.22565985e+01 9.67665577e+00 9.62375259e+00
    1.02514210e+01 1.00878992e+01 1.04402533e+01 9.95886707e+00
    9.76911545e+00 1.20099602e+01 1.27745934e+01 1.07535553e+01
    1.12411146e+01 1.26172981e+01 1.29818058e+01 1.42287588e+01
    1.17635889e+01 1.20698957e+01 1.28688660e+01 1.30550394e+01
    1.36047926e+01 1.27145548e+01 1.32836075e+01 1.35778008e+01
    1.29710350e+01 1.30419121e+01 1.15037985e+01 1.23458662e+01
    1.16586246e+01 9.93315792e+00 1.15366373e+01 1.20040503e+01
    1.03601208e+01 1.09464483e+01 1.16297197e+01 1.30806246e+01
    1.09702206e+01 1.11726799e+01 1.11452150e+01 1.17393827e+01
    1.12013426e+01 1.25820894e+01 1.30601301e+01 1.25860767e+01
    1.28563623e+01 1.24287710e+01 1.35995197e+01 1.32633619e+01
    1.26407995e+01 1.19131775e+01 1.25048714e+01 1.33223248e+01
    1.31378651e+01 1.25959339e+01 1.24579687e+01 1.19924440e+01
    1.24871674e+01 1.13838644e+01 1.06094866e+01 1.08764009e+01
    1.14987392e+01 1.12707129e+01 1.13396120e+01 1.19494925e+01
    1.13567038e+01 1.23374062e+01 1.25517969e+01 1.06509809e+01
    9.67422676e+00 1.07916603e+01 1.10701647e+01 9.80504704e+00
    1.15158701e+01 1.08828173e+01 1.15405493e+01 1.16645527e+01
    1.17849646e+01 1.30588255e+01 1.17357693e+01 1.32490921e+01
    1.18944874e+01 1.10202885e+01 1.16045399e+01 1.12734795e+01
    1.20127630e+01 1.08176832e+01 1.20029812e+01 1.24009953e+01
    1.15436010e+01 1.35777912e+01 1.35949173e+01 1.30746517e+01
    1.30459146e+01 1.36006308e+01 1.32842169e+01 1.32746677e+01
    1.30228081e+01 1.12707787e+01 1.14025726e+01 1.29183369e+01
    1.07228947e+01 1.16570301e+01 1.13015566e+01 1.19733181e+01
    1.10975218e+01 1.12229319e+01 1.06776037e+01 1.20574102e+01
    1.24230824e+01 1.24308138e+01 1.16516685e+01 1.10507298e+01
    1.26774559e+01 1.13811255e+01 1.03516626e+01 1.20399418e+01
    1.11215878e+01 1.13020411e+01 1.23573608e+01 1.24946928e+01
    1.17220612e+01 1.23896532e+01 1.12169809e+01 1.23295736e+01
    1.22148247e+01 1.15979033e+01 1.12045097e+01 1.27698917e+01
    1.12606611e+01 1.16511860e+01 1.04375772e+01 1.16837692e+01
    1.19073133e+01 1.22306318e+01 1.02363214e+01 1.21250200e+01
    1.24827528e+01 1.27788563e+01 1.29759417e+01 1.23928776e+01
    1.10692987e+01 1.11901741e+01 1.05812883e+01 1.06224232e+01
    1.06949921e+01 1.03435078e+01 1.00633383e+01 1.15304146e+01
    9.76311016e+00 9.98693371e+00 1.20199995e+01 1.11802225e+01
    1.03648491e+01 1.15366755e+01 1.03354015e+01 9.93219757e+00
    1.18766165e+01 1.21370783e+01 1.04032145e+01 9.62253284e+00
    1.16417494e+01 1.12374420e+01 1.21185942e+01 1.02109985e+01
    1.00478020e+01 1.13044348e+01 1.12003450e+01 9.96214581e+00
    1.06980629e+01 1.01536465e+01 1.24037962e+01 1.17288399e+01
    1.02601185e+01 1.17950621e+01 1.24728327e+01 1.05885220e+01
    1.12157869e+01 9.20545578e+00 9.18166924e+00 9.90310001e+00
    9.34998322e+00 9.62301159e+00 1.05756731e+01 1.19364233e+01
    1.13577375e+01 1.14368753e+01 1.29045839e+01 1.29903946e+01
    1.33117914e+01 1.19278641e+01 1.25217743e+01 1.06190414e+01
    1.23185663e+01 1.32409954e+01 1.23783274e+01 1.19642649e+01
    1.23635197e+01 1.36243153e+01 1.32789936e+01 1.44323864e+01
    1.28689785e+01 1.22409763e+01 1.28843460e+01 1.28367987e+01
    1.33783379e+01 1.29178286e+01 1.23621120e+01 1.26673098e+01
    1.28209000e+01 1.24740295e+01 1.12453089e+01 1.14895658e+01
    1.09949560e+01 1.02304926e+01 1.08952856e+01 1.13471689e+01
    1.01074286e+01 1.06765528e+01 1.16552486e+01 1.07014685e+01
    1.03793726e+01 1.29321375e+01 1.14784737e+01 1.06218138e+01
    1.10656347e+01 1.14491282e+01 9.54637814e+00 1.08271160e+01
    1.03244495e+01 1.00942707e+01 1.04327536e+01 1.14893169e+01
    1.11945038e+01 1.21293678e+01 1.24884348e+01 1.18285761e+01
    1.24412403e+01 1.42479248e+01 1.36058235e+01 1.26405106e+01
    1.35612211e+01 1.24448223e+01 1.08402071e+01 1.27296505e+01
    1.13512020e+01 1.21341524e+01 1.19789171e+01 1.25415974e+01
    1.11754446e+01 1.22485619e+01 1.23302584e+01 1.09772968e+01
    9.45273781e+00 9.89020061e+00 9.78659821e+00 1.12947721e+01
    9.62173176e+00 9.94325638e+00 9.86932087e+00 1.26977367e+01
    1.16396103e+01 1.17659302e+01 1.14222193e+01 1.17452784e+01
    1.30371723e+01 1.24528465e+01 1.13635759e+01 1.07414799e+01
    1.15536861e+01 1.29441547e+01 1.28738880e+01 1.21888857e+01
    1.29617949e+01 1.40202141e+01 1.09640732e+01 1.25811777e+01
    1.27538862e+01 1.06462231e+01 1.20179043e+01 1.11897469e+01
    1.15013847e+01 1.21263447e+01 1.10357113e+01 1.17806692e+01
    1.25963907e+01 1.17170076e+01 1.22572470e+01 1.22217207e+01
    1.06044645e+01 1.08916178e+01 1.15753078e+01 1.09609232e+01
    1.15069942e+01 1.07432384e+01 1.20406151e+01 1.27062254e+01
    1.24842472e+01 1.41211157e+01 1.27629337e+01 1.23877544e+01
    1.28949766e+01 1.40595760e+01 1.30124693e+01 1.22407188e+01
    1.15344315e+01 1.33811226e+01 1.21875515e+01 1.28682652e+01
    1.24337111e+01 1.29945488e+01 1.26745987e+01 1.28852806e+01
    1.25949860e+01 1.13956556e+01 1.15835199e+01 1.23898535e+01
    1.20425177e+01 1.13378067e+01 1.06245584e+01 1.19306107e+01
    1.05935354e+01 1.20117092e+01 1.16029701e+01 1.03867416e+01
    1.08309259e+01 1.11564693e+01 1.15444469e+01 1.23734245e+01
    1.22227459e+01 1.21177645e+01 1.16525221e+01 1.19472246e+01
    1.17321434e+01 1.09397240e+01 1.17510843e+01 1.06604185e+01
    1.16123438e+01 1.23792095e+01 1.05479889e+01 1.20425539e+01
    1.34637661e+01 1.29145517e+01 1.31180115e+01 1.20519209e+01
    1.36077900e+01 1.31438513e+01 1.24367371e+01 1.34135618e+01
    1.29908485e+01 1.21292725e+01 1.30523748e+01 1.33153200e+01
    1.24367342e+01 1.07467670e+01 1.39974308e+01 1.08741713e+01
    1.08343754e+01 1.28888798e+01 1.09212179e+01 1.01285219e+01
    1.14935865e+01 1.03464108e+01 1.07043715e+01 1.16721649e+01
    1.17444029e+01 1.25120382e+01 1.19752026e+01 1.30240297e+01
    1.27638988e+01 1.28596163e+01 1.44493465e+01 1.27221813e+01
    1.27586946e+01 1.34036303e+01 1.12743015e+01 1.14791861e+01
    1.14054127e+01 1.21060295e+01 1.11160402e+01 1.18303986e+01
    1.13991108e+01 1.06443243e+01 1.31484880e+01 1.33765450e+01
    1.17586174e+01 1.23463516e+01 1.24503574e+01 1.13667536e+01
    1.20597906e+01 1.08798399e+01 1.02217836e+01 1.06503344e+01
    1.04444923e+01 1.00258446e+01 9.42595577e+00 1.07279835e+01
    1.06102295e+01 1.16087065e+01 1.07894726e+01 1.16439457e+01
    1.17851839e+01 1.26112366e+01 1.28890877e+01 1.11184416e+01
    1.09934053e+01 1.12600632e+01 1.19125280e+01 1.16758709e+01
    1.12567110e+01 1.01687031e+01 1.10802851e+01 1.13617401e+01
    1.09376163e+01 9.98783588e+00 8.91941357e+00 1.04728136e+01
    1.14241323e+01 1.01692390e+01 1.02248430e+01 1.07895088e+01
    1.23267660e+01 1.25852995e+01 1.05440092e+01 1.07974586e+01
    1.20795155e+01 1.11069918e+01 1.05073166e+01 8.87333298e+00
    8.98821831e+00 9.79306507e+00 1.03694572e+01 9.28457355e+00
    9.45806980e+00 8.63667774e+00 1.19248037e+01 1.22699556e+01
    1.09941568e+01 1.27279758e+01 1.24750490e+01 1.18068085e+01
    1.15209398e+01 1.04644079e+01 1.18438234e+01 1.16507025e+01
    1.08711710e+01 1.18226604e+01 1.20329504e+01 1.12475834e+01
    1.29446592e+01 1.30812759e+01 1.23113575e+01 1.21025066e+01
    1.39000692e+01 1.31758251e+01 1.38948565e+01 1.28593073e+01
    1.24284334e+01 1.42243729e+01 1.27832737e+01 1.23646574e+01
    1.36076784e+01 1.20387678e+01 1.21825151e+01 1.20138693e+01
    1.16634426e+01 1.10745115e+01 1.14265137e+01 1.10961714e+01
    1.12476969e+01 1.24351282e+01 1.15404987e+01 1.19512510e+01
    1.29398737e+01 1.09843473e+01 1.11853085e+01 1.12084723e+01
    1.07501497e+01 1.18412838e+01 1.02001600e+01 1.18191872e+01
    1.18011675e+01 9.45354080e+00 1.20932140e+01 1.38475437e+01
    1.21446533e+01 1.23414993e+01 1.37700949e+01 1.26367970e+01
    1.34380636e+01 1.28751707e+01 1.24582586e+01 1.24633179e+01
    1.16715136e+01 1.26551189e+01 1.20267315e+01 1.26507921e+01
    1.27277164e+01 1.21601763e+01 1.05158539e+01 1.22100267e+01
    1.17543621e+01 1.08703070e+01 1.03887043e+01 9.13648987e+00
    9.84260750e+00 1.00285940e+01 8.10246658e+00 8.96710396e+00
    1.05100584e+01 1.10824938e+01 1.05637197e+01 1.17887316e+01
    1.16446867e+01 1.22907457e+01 1.40356960e+01 1.23312073e+01
    1.21120453e+01 1.15110626e+01 1.21350317e+01 1.27921257e+01
    1.26071138e+01 1.03545227e+01 1.33081989e+01 1.32106562e+01
    1.22642136e+01 1.27698584e+01 1.29501362e+01 1.06333818e+01
    1.23968000e+01 1.14370270e+01 1.25044861e+01 1.32224569e+01
    1.28919649e+01 1.24459791e+01 1.30631790e+01 1.05293303e+01
    1.28829031e+01 1.39021368e+01 8.99876881e+00 1.13004923e+01
    1.17174997e+01 1.07764530e+01 1.31183529e+01 1.20578403e+01
    1.19670458e+01 1.19656715e+01 1.19770403e+01 1.38343430e+01
    1.29692793e+01 1.15239420e+01 1.29581947e+01 1.32930164e+01
    1.19927244e+01 1.31466637e+01 1.16331444e+01 1.21492672e+01
    1.36098690e+01 1.22970924e+01 1.17167568e+01 1.23254023e+01
    1.37395515e+01 1.33681164e+01 1.29067287e+01 1.28251333e+01
    1.17565413e+01 1.26315098e+01 1.18912725e+01 1.23422670e+01
    1.12139664e+01 1.12724123e+01 1.19391022e+01 1.10789366e+01
    1.17403030e+01 1.06110973e+01 1.01177349e+01 9.67959309e+00
    1.06953087e+01 1.03924026e+01 1.06089649e+01 1.15907621e+01
    1.06931705e+01 1.15079613e+01 1.27900686e+01 1.06776485e+01
    1.15699100e+01 1.14457140e+01 1.14331398e+01 1.19086132e+01
    1.19622135e+01 1.35461454e+01 1.27936802e+01 1.37995338e+01
    1.33316269e+01 1.23897753e+01 1.28309088e+01 1.45150690e+01
    1.12970753e+01 1.28964071e+01 1.20242500e+01 1.14027967e+01
    1.37058849e+01 1.25228271e+01 1.24334641e+01 1.24741516e+01
    1.09957218e+01 1.25133209e+01 1.22606506e+01 1.12354050e+01
    1.09586763e+01 1.23539429e+01 1.18389692e+01 1.09868479e+01
    1.18333464e+01 1.25149889e+01 1.09413881e+01 1.04762344e+01
    1.15151587e+01 1.21017570e+01 1.25354261e+01 1.11142511e+01
    1.25670605e+01 1.25173988e+01 1.27562399e+01 1.22880106e+01
    1.21015558e+01 1.29584112e+01 1.32548475e+01 1.24751139e+01
    1.28975153e+01 1.14079866e+01 1.21116514e+01 1.09760761e+01
    1.10323286e+01 1.16404800e+01 1.16810665e+01 1.13843794e+01
    1.15085831e+01 1.11917791e+01 1.10313139e+01 1.25025597e+01
    9.35732841e+00 9.60781384e+00 1.10516224e+01 9.58225822e+00
    1.00528479e+01 1.05494871e+01 1.08132696e+01 1.13558397e+01
    1.13735409e+01 1.23880262e+01 1.24793768e+01 1.25322075e+01
    1.27962961e+01 1.13089724e+01 1.15905371e+01 1.13206825e+01
    1.10586405e+01 1.10801392e+01 1.11028051e+01 1.18830843e+01
    9.86202145e+00 1.06478376e+01 1.08287983e+01 9.97308826e+00
    9.80379581e+00 1.09345636e+01 1.03604488e+01 1.05207281e+01
    1.01760912e+01 1.10402155e+01 1.24420166e+01 1.16425905e+01
    1.06738634e+01 1.01969271e+01 1.01285391e+01 9.86691666e+00
    1.11043787e+01 9.69582653e+00 7.86672306e+00 9.87136078e+00
    1.04521456e+01 9.59494686e+00 1.03152084e+01 1.17840586e+01
    1.12574186e+01 1.14715214e+01 1.33919477e+01 1.14754524e+01
    1.14052572e+01 1.17786322e+01 1.14074049e+01 9.87697411e+00
    1.10155439e+01 1.17102852e+01 1.02380152e+01 1.22695303e+01
    1.14467077e+01 1.19229450e+01 1.38681374e+01 1.29916611e+01
    1.25268669e+01 1.17915125e+01 1.23183079e+01 1.25993462e+01
    1.33485956e+01 1.38596401e+01 1.27025900e+01 1.43287449e+01
    1.27249832e+01 1.28074608e+01 1.26866703e+01 1.24055367e+01
    1.07095118e+01 1.19887209e+01 1.10618734e+01 1.17512245e+01
    1.07366943e+01 1.14042568e+01 1.19749680e+01 1.13121729e+01
    1.22241974e+01 1.28665791e+01 1.17804813e+01 1.15457058e+01
    1.14107523e+01 1.08862724e+01 1.04109125e+01 1.00707655e+01
    1.02506533e+01 1.04248247e+01 1.01188469e+01 9.97223091e+00
    1.29425068e+01 1.25700970e+01 1.17665110e+01 1.22697067e+01
    1.27862062e+01 1.27350903e+01 1.30476503e+01 1.25914173e+01
    1.15729017e+01 1.25524597e+01 1.05305347e+01 1.30496387e+01
    1.18104362e+01 1.16047716e+01 1.23522635e+01 1.24496508e+01
    1.04025688e+01 1.15905256e+01 1.14940863e+01 1.08103647e+01
    9.47512341e+00 9.80587292e+00 8.96567440e+00 9.99103451e+00
    9.07658100e+00 9.07801056e+00 1.05966473e+01 1.01759033e+01
    1.09051523e+01 1.10283079e+01 1.11096010e+01 1.20497732e+01
    1.25364485e+01 1.25388727e+01 1.18506212e+01 1.19767256e+01
    1.02026291e+01 1.28057003e+01 1.21515446e+01 1.16059828e+01
    1.30397701e+01 1.16881685e+01 1.27259712e+01 1.30329046e+01
    1.27281561e+01 1.22288599e+01 1.20189714e+01 1.09010592e+01
    1.41587543e+01 1.35967789e+01 1.37014532e+01 1.15748653e+01
    1.34746485e+01 1.27211180e+01 1.18185740e+01 1.34858713e+01
    1.12048798e+01 1.06852684e+01 1.22902536e+01 1.15020952e+01
    1.12634611e+01 1.22532911e+01 1.13253222e+01 1.27641230e+01
    1.21247206e+01 1.31596279e+01 1.28195143e+01 1.06410513e+01
    1.19241076e+01 1.31299524e+01 1.14725523e+01 1.32177181e+01
    1.18206730e+01 1.31589804e+01 1.29771280e+01 1.17230597e+01
    1.25320406e+01 1.31609631e+01 1.29415426e+01 1.33731365e+01
    1.26533957e+01 1.29404001e+01 1.44285650e+01 1.33790760e+01
    1.24550829e+01 1.23952713e+01 1.19193935e+01 1.29687223e+01
    1.15070505e+01 1.10287037e+01 1.20205984e+01 1.07039099e+01
    1.07599859e+01 9.64179230e+00 9.31600952e+00 1.06584721e+01
    1.02083130e+01 1.09252968e+01 1.05150833e+01 1.13456917e+01
    1.17632847e+01 1.18304157e+01 1.15574427e+01 1.25582561e+01
    1.09385290e+01 1.12806005e+01 1.29412270e+01 1.29519005e+01
    1.23595066e+01 1.28101959e+01 1.40467710e+01 1.34315128e+01
    1.40969152e+01 1.42931070e+01 1.34014616e+01 1.23784657e+01
    1.21848431e+01 1.20293159e+01 1.23111506e+01 1.19264669e+01
    1.18768864e+01 1.14788895e+01 1.17834301e+01 1.20823822e+01
    1.17582893e+01 1.22293100e+01 1.15149336e+01 1.12942648e+01
    1.14065895e+01 1.10852222e+01 1.17517595e+01 1.12848911e+01
    1.19818382e+01 1.22201462e+01 1.20957565e+01 1.33456573e+01
    1.31710777e+01 1.14594173e+01 1.13492613e+01 1.18049040e+01
    1.18572569e+01 1.08035545e+01 1.09888229e+01 1.09853134e+01
    1.16195593e+01 1.24723339e+01 1.35235996e+01 1.22486248e+01
    1.17186041e+01 1.29013309e+01 1.17348948e+01 1.30451994e+01
    1.21678038e+01 1.13087273e+01 1.18311701e+01 1.18395605e+01
    1.15779562e+01 1.02484550e+01 1.06916428e+01 1.12259045e+01
    9.85651493e+00 1.11128120e+01 1.09833841e+01 9.68286991e+00
    1.11820402e+01 1.08308229e+01 1.05065279e+01 1.10284748e+01
    1.10628204e+01 1.10104227e+01 1.19348326e+01 1.16115332e+01
    1.12920256e+01 1.20619526e+01 1.14998827e+01 1.09977255e+01
    1.07690992e+01 1.16710310e+01 1.07237511e+01 1.11633329e+01
    1.10191717e+01 1.03134604e+01 1.10775347e+01 1.10911875e+01
    1.18143921e+01 1.06283522e+01 1.19731455e+01 1.15400019e+01
    1.19709940e+01 1.09079885e+01 1.09882479e+01 1.06228752e+01
    1.07005749e+01 1.13397942e+01 1.05986528e+01 1.05744066e+01
    9.77404499e+00 9.88923073e+00 1.02581615e+01 1.06848087e+01
    1.13432407e+01 1.06865644e+01 1.17760925e+01 1.24450130e+01
    1.19822598e+01 1.24351454e+01 1.16904526e+01 1.24938545e+01
    1.12419243e+01 1.07800331e+01 1.15261641e+01 1.17283592e+01
    1.12863302e+01 1.25730352e+01 1.28582745e+01 1.33913116e+01
    1.39300985e+01 1.35500860e+01 1.31314306e+01 1.34389791e+01
    1.32245388e+01 1.29893866e+01 1.31872454e+01 1.36717825e+01
    1.24457722e+01 1.21121016e+01 1.18525276e+01 1.23584146e+01
    1.33096571e+01 1.23245564e+01 1.09161921e+01 1.22947950e+01
    1.12136145e+01 1.21108131e+01 1.21602974e+01 1.10642939e+01
    1.13747225e+01 1.12353859e+01 1.33282509e+01 1.36208782e+01
    1.19068565e+01 1.18551569e+01 1.31633339e+01 1.24409103e+01
    1.07893677e+01 9.99115372e+00 1.07757883e+01 1.11978369e+01
    1.04594870e+01 1.10071230e+01 1.07692299e+01 1.19965754e+01
    1.22590113e+01 1.25387945e+01 1.24183073e+01 1.26621122e+01
    1.20282784e+01 1.32827845e+01 1.27577448e+01 1.13178701e+01
    1.21866961e+01 1.39395990e+01 1.06801310e+01 1.24675751e+01
    1.37653971e+01 1.26999130e+01 1.24894609e+01 1.17132339e+01
    1.15081911e+01 1.23720322e+01 1.03903894e+01 1.04727278e+01
    1.04520292e+01 9.66531467e+00 9.64510632e+00 9.76967525e+00
    1.08171654e+01 1.07508564e+01 9.76784229e+00 1.09115019e+01
    1.12783689e+01 1.22533092e+01 1.17941170e+01 1.11479568e+01
    1.16284008e+01 1.14070873e+01 1.04089193e+01 1.11111040e+01
    1.06676159e+01 1.17869473e+01 1.16065369e+01 1.15804272e+01
    1.12178850e+01 1.31260395e+01 1.26919956e+01 1.32698603e+01
    1.20086527e+01 1.08309345e+01 1.26289721e+01 1.35130424e+01
    1.21263561e+01 1.31610355e+01 1.16139784e+01 1.24818916e+01
    1.20447416e+01 1.18541574e+01 1.14214573e+01 1.03420258e+01
    1.02293777e+01 1.05763779e+01 1.22117662e+01 1.05740604e+01
    1.03992519e+01 1.15819349e+01 1.18748856e+01 1.21799154e+01
    1.21548367e+01 1.10725708e+01 1.28684626e+01 1.29055758e+01
    1.22795773e+01 1.13744936e+01 1.19297132e+01 1.33794317e+01
    1.24939070e+01 1.21937542e+01 1.25870733e+01 1.27319479e+01
    1.30046673e+01 1.32521095e+01 1.27974577e+01 1.33590441e+01
    1.35103102e+01 1.21335354e+01 1.12519960e+01 1.22288246e+01
    1.24107285e+01 1.19759407e+01 1.03868599e+01 9.83735561e+00
    1.10264893e+01 1.19586430e+01 1.02432671e+01 8.92014217e+00
    1.03550844e+01 1.10248480e+01 9.04002285e+00 1.02650423e+01
    1.01641588e+01 9.88942242e+00 1.11957254e+01 1.11113501e+01
    1.15111008e+01 1.11940060e+01 1.15248613e+01 1.11887169e+01
    1.09029150e+01 1.26197557e+01 1.21122475e+01 1.13288460e+01
    1.20138359e+01 1.23534327e+01 1.32247915e+01 1.31036425e+01
    1.25623732e+01 1.21396379e+01 1.13348494e+01 1.27651396e+01
    1.16916761e+01 1.19142551e+01 1.05331402e+01 1.15991421e+01
    1.18860111e+01 1.16432047e+01 1.15844326e+01 1.22895594e+01
    1.16577187e+01 1.24245520e+01 1.14752283e+01 1.16952200e+01
    1.17459126e+01 1.00281181e+01 1.16890125e+01 1.14743929e+01
    1.08233347e+01 1.14429579e+01 1.30840168e+01 1.20721378e+01
    1.24469442e+01 1.30622644e+01 1.25430927e+01 1.11867142e+01
    1.10101814e+01 1.15984192e+01 1.09978399e+01 1.12647276e+01
    1.08583555e+01 1.14321556e+01 1.12222700e+01 1.23150330e+01
    1.20224314e+01 1.29618702e+01 1.14959249e+01 1.24426842e+01
    1.17554827e+01 1.24004374e+01 1.27105780e+01 1.09346695e+01
    1.11533966e+01 1.18486710e+01 1.08442602e+01 9.86042500e+00
    9.11102962e+00 1.08041086e+01 1.06511364e+01 1.09801140e+01
    1.11346369e+01 1.05468779e+01 1.15075331e+01 1.16706018e+01
    1.17513447e+01 1.15532522e+01 1.15923834e+01 1.06244087e+01
    1.13652258e+01 1.18324051e+01 1.22216396e+01 1.04319735e+01
    1.11712217e+01 1.09268255e+01 1.18436623e+01 9.71130466e+00
    1.10895119e+01 1.12571859e+01 1.08763437e+01 1.02388792e+01
    1.06698961e+01 1.20585432e+01 1.07450962e+01 1.13928232e+01
    1.08043365e+01 9.37912560e+00 9.71102715e+00 1.02191811e+01
    9.62976456e+00 1.07512693e+01 1.00674639e+01 1.09139299e+01
    1.14899263e+01 1.28437767e+01 1.04657583e+01 1.13820610e+01
    1.17314329e+01 1.23939085e+01 1.15043821e+01 1.16970224e+01
    1.05774393e+01 1.21408434e+01 1.05074129e+01 1.04092884e+01
    1.12212734e+01 1.00334215e+01 1.12817831e+01 1.22180939e+01
    1.16417656e+01 1.26746435e+01 1.30977898e+01 1.35842018e+01
    1.31315842e+01 1.34675207e+01 1.29509382e+01 1.39507084e+01
    1.31566868e+01 1.37934046e+01 1.31865864e+01 1.33288307e+01
    1.35552244e+01 1.19843884e+01 1.29669762e+01 1.35266619e+01
    1.16264496e+01 1.19284716e+01 1.21036320e+01 1.24149466e+01
    1.25602312e+01 1.25181656e+01 1.21893530e+01 1.23358450e+01
    1.16053543e+01 1.37483826e+01 1.29500418e+01 1.10878506e+01
    1.33701916e+01 1.33286572e+01 1.15293798e+01 1.13919992e+01
    1.07183046e+01 1.21490469e+01 1.14334602e+01 1.16480417e+01
    1.26724815e+01 1.20429459e+01 1.34119043e+01 1.36176853e+01
    1.30967274e+01 1.35485821e+01 1.21950788e+01 1.30511503e+01
    1.28798027e+01 1.06951590e+01 1.11972857e+01 1.25431623e+01
    1.20787239e+01 1.24180851e+01 1.27887716e+01 1.24343414e+01
    1.19926386e+01 1.25227842e+01 1.14398680e+01 1.17639580e+01
    1.07759161e+01 1.12478886e+01 1.08706732e+01 1.10960226e+01
    1.01321363e+01 1.05282383e+01 1.10406990e+01 1.17789650e+01
    1.06611013e+01 1.18388052e+01 1.08489122e+01 1.39019060e+01
    1.23155031e+01 1.27521658e+01 1.24111223e+01 1.20155325e+01
    1.18331242e+01 1.14831419e+01 1.15080547e+01 1.03111238e+01
    1.18581114e+01 1.22090044e+01 1.14895315e+01 1.32605257e+01
    1.33904314e+01 1.24629841e+01 1.24793034e+01 1.08370304e+01
    1.46421909e+01 1.38802748e+01 1.40989313e+01 1.32364740e+01
    1.24824667e+01 1.22951508e+01 1.20471172e+01 1.22862024e+01
    1.10678387e+01 1.16982899e+01 1.06232958e+01 1.10853491e+01
    1.27103510e+01 1.13511181e+01 1.05392075e+01 1.05565681e+01
    1.26538439e+01 1.34699812e+01 1.23758383e+01 1.11416712e+01
    1.25999613e+01 1.24883833e+01 1.36862860e+01 1.18067179e+01
    1.22663088e+01 1.24864016e+01 1.24868240e+01 1.22678556e+01
    1.28149252e+01 1.15922127e+01 1.29381418e+01 1.28421516e+01
    1.27655697e+01 1.19636517e+01 1.28140221e+01 1.24670696e+01
    1.14453917e+01 1.19530067e+01 1.28064251e+01 1.17674055e+01
    9.97058964e+00 1.05883799e+01 1.02562189e+01 1.20019283e+01
    1.00795555e+01 9.30162811e+00 1.07934484e+01 9.74820614e+00
    9.76979256e+00 9.98753548e+00 9.22350502e+00 9.19410515e+00
    1.06831665e+01 9.69752312e+00 1.04800873e+01 1.11933374e+01
    1.06879768e+01 1.18784723e+01 1.12812653e+01 1.28103342e+01
    1.29451303e+01 1.23479252e+01 1.23055573e+01 1.11360073e+01
    1.36391239e+01 1.41071796e+01 1.23139458e+01 1.21038084e+01
    1.26497498e+01 1.40352259e+01 1.33353443e+01 1.19331493e+01
    1.24702406e+01 1.17312298e+01 1.24212008e+01 1.37554331e+01
    1.02265806e+01 1.13933802e+01 1.26643991e+01 1.21024284e+01
    1.32715864e+01 1.10565634e+01 1.11449966e+01 1.22009764e+01
    1.25459652e+01 1.23256474e+01 1.14478836e+01 1.19161644e+01
    1.20016565e+01 1.19812031e+01 1.18913631e+01 1.18730030e+01
    1.11922922e+01 1.13991709e+01 1.13260250e+01 1.17211218e+01
    1.15056705e+01 1.24551859e+01 1.14225054e+01 1.14564562e+01
    1.13063183e+01 1.10955257e+01 1.06401129e+01 1.16524296e+01
    9.68300819e+00 1.01832409e+01 1.15497007e+01 1.09573822e+01
    1.09012060e+01 1.18994818e+01 9.20799351e+00 1.22445469e+01
    1.19691010e+01 1.09949102e+01 1.06045761e+01 1.06278706e+01
    1.12401838e+01 1.13183737e+01 1.16214199e+01 1.02399483e+01
    1.13009033e+01 1.34663010e+01 1.15001926e+01 1.26000166e+01
    1.21303301e+01 1.22810850e+01 1.13412247e+01 1.17607584e+01
    1.12185354e+01 1.10265350e+01 1.15110254e+01 1.21907406e+01
    1.10213871e+01 1.17402401e+01 1.28423357e+01 1.28070469e+01
    1.17200050e+01 1.31959591e+01 1.06610022e+01 1.22072792e+01
    1.19487495e+01 1.04301090e+01 1.01061125e+01 9.51478577e+00
    9.49991703e+00 1.01169748e+01 1.04235239e+01 9.94661808e+00
    8.84053612e+00 1.10117407e+01 1.17473230e+01 1.23385420e+01
    1.15959787e+01 1.13042898e+01 1.26839314e+01 1.20621767e+01
    1.21030550e+01 1.10876474e+01 1.27762594e+01 1.12573290e+01
    1.23025494e+01 1.11105442e+01 1.05387831e+01 1.01555519e+01
    1.29876680e+01 1.23539333e+01 1.13683825e+01 1.20608940e+01
    1.36759443e+01 1.38244810e+01 1.23693581e+01 1.18234844e+01
    1.39002371e+01 1.37571230e+01 1.45723515e+01 1.29848566e+01
    1.39246588e+01 1.27598190e+01 1.23841658e+01 1.15440950e+01
    1.24819059e+01 1.29052515e+01 1.16604261e+01 1.12976265e+01
    1.25645161e+01 1.28428898e+01 1.29466362e+01 1.20492983e+01
    1.10746069e+01 1.18873072e+01 1.24196978e+01 1.28586340e+01
    1.32956219e+01 1.20670729e+01 1.33391037e+01 1.32086153e+01
    1.20948477e+01 1.08571234e+01 1.13968658e+01 1.22425823e+01
    1.16362190e+01 1.15543795e+01 1.19821968e+01 1.24621000e+01
    1.23570290e+01 1.28549099e+01 1.28500566e+01 1.27596035e+01
    1.31827002e+01 1.16930990e+01 1.12613993e+01 1.19626141e+01
    1.23354378e+01 1.07135553e+01 1.16776676e+01 1.28420124e+01
    1.26360073e+01 1.18967018e+01 1.22337828e+01 1.33520517e+01
    1.13187170e+01 1.14552240e+01 1.17592010e+01 1.13142662e+01
    1.06452789e+01 9.68245888e+00 9.56990433e+00 1.14703674e+01
    1.05413475e+01 1.10019426e+01 1.09435940e+01 1.21269321e+01
    1.25388498e+01 1.20628967e+01 1.40914021e+01 1.38792820e+01
    1.34387875e+01 1.32169905e+01 1.27787952e+01 1.20410147e+01
    1.18118353e+01 1.11975012e+01 1.00225945e+01 1.07494125e+01
    1.12532434e+01 1.20845509e+01 1.22297792e+01 1.19425430e+01
    1.23013515e+01 1.15237608e+01 1.29294310e+01 1.38487368e+01
    1.25267496e+01 1.24273605e+01 1.26952333e+01 1.15707293e+01
    1.27975674e+01 1.27061644e+01 1.17826023e+01 1.14862728e+01
    1.17374849e+01 1.12443686e+01 1.22487507e+01 1.15140924e+01
    1.09637375e+01 1.07885027e+01 1.26746521e+01 1.32703476e+01
    1.15338793e+01 1.17109966e+01 1.30511656e+01 1.29370832e+01
    1.29434843e+01 1.15852518e+01 1.19887056e+01 1.27129116e+01
    1.22090216e+01 1.16410789e+01 1.23422871e+01 1.25596237e+01
    1.23796139e+01 1.21899147e+01 1.20020609e+01 1.20533838e+01
    1.25731583e+01 1.42936506e+01 1.17794991e+01 1.16572905e+01
    1.32407246e+01 1.10286493e+01 1.11476641e+01 1.09928684e+01
    9.44261932e+00 1.11793232e+01 9.47777653e+00 7.89041281e+00
    9.43005657e+00 1.05741234e+01 8.94058418e+00 1.01036692e+01
    9.63210487e+00 1.04745760e+01 1.10810919e+01 1.09452486e+01
    1.16044378e+01 1.16958504e+01 9.81722164e+00 1.15462914e+01
    1.21572409e+01 1.20424957e+01 1.19045639e+01 1.17118378e+01
    1.23798265e+01 1.24285946e+01 1.28826084e+01 1.37027760e+01
    1.17323380e+01 1.38687725e+01 1.16242638e+01 1.25394497e+01
    1.35550814e+01 1.20195808e+01 1.11104555e+01 1.12071447e+01
    1.26896257e+01 1.21399527e+01 1.09264793e+01 1.08455973e+01
    1.19814949e+01 1.15617075e+01 1.17547607e+01 1.08187361e+01
    1.09765301e+01 1.05938196e+01 1.08191566e+01 1.09460831e+01
    1.11718216e+01 1.05030508e+01 1.06594763e+01 9.95529842e+00
    1.15444889e+01 1.11479321e+01 1.05973444e+01 9.76535034e+00
    9.92330265e+00 1.08004913e+01 1.07630882e+01 1.10724859e+01
    1.16587954e+01 1.18983049e+01 1.24530830e+01 1.05752592e+01
    1.23363190e+01 1.30505905e+01 9.90644360e+00 9.60523987e+00
    1.05880718e+01 1.13627262e+01 1.15000496e+01 1.13873501e+01
    1.14324465e+01 1.31910868e+01 1.40936499e+01 1.13662920e+01
    1.12724724e+01 1.23701067e+01 1.09329929e+01 1.13040028e+01
    1.19523411e+01 1.08187199e+01 9.95668316e+00 1.15417976e+01
    1.19872580e+01 1.13513451e+01 1.18653555e+01 1.15527897e+01
    1.12979574e+01 1.15729523e+01 1.21604996e+01 1.16722565e+01
    1.14597673e+01 1.15199375e+01 1.18861122e+01 1.26406555e+01
    1.20081120e+01 1.25980139e+01 1.38820076e+01 1.34215288e+01
    1.19711628e+01 1.18256979e+01 1.18608103e+01 1.17618885e+01
    1.21228113e+01 9.30423355e+00 9.24799156e+00 1.15126619e+01
    1.05265465e+01 9.49137115e+00 9.80480289e+00 9.76309967e+00
    1.26462908e+01 1.20863008e+01 1.06224632e+01 1.10445452e+01
    1.17722769e+01 1.15250177e+01 1.16519442e+01 1.11033802e+01
    1.05779772e+01 1.12451143e+01 1.21201944e+01 1.13340940e+01
    1.07996998e+01 1.12054729e+01 1.16352768e+01 1.19178658e+01
    1.16850595e+01 1.13453522e+01 1.31522188e+01 1.35840836e+01
    1.30562696e+01 1.40990105e+01 1.35978689e+01 1.36549788e+01
    1.46613131e+01 1.34138088e+01 1.34406013e+01 1.47445536e+01
    1.20278425e+01 1.15097132e+01 1.30798531e+01 1.08177567e+01
    1.02739878e+01 1.17239742e+01 1.09268723e+01 1.13006382e+01
    1.28747330e+01 1.29813328e+01 1.24450245e+01 1.38071556e+01
    1.37228298e+01 1.29096031e+01 1.24404173e+01 1.27503557e+01
    1.31235056e+01 1.30243464e+01 1.18226471e+01 1.26991472e+01
    1.08543901e+01 1.19057970e+01 1.35437231e+01 1.12840252e+01
    1.13594503e+01 1.31411724e+01 1.27321453e+01 1.34945030e+01
    1.17216311e+01 1.17862988e+01 1.29623556e+01 1.29118414e+01
    1.06766701e+01 1.24281864e+01 1.28656216e+01 1.22307949e+01
    1.29473200e+01 1.42470751e+01 1.29953184e+01 1.36954908e+01
    1.33407412e+01 1.20495262e+01 1.29188299e+01 1.32612438e+01
    1.31864071e+01 1.22273159e+01 1.25463848e+01 1.15173979e+01
    1.14755325e+01 1.15819445e+01 1.19215918e+01 1.15680962e+01
    1.02308359e+01 1.28089113e+01 1.31218634e+01 1.30487757e+01
    1.39195175e+01 1.34447279e+01 1.31388311e+01 1.32435884e+01
    1.30807037e+01 1.23409147e+01 1.00810537e+01 1.08415565e+01
    1.01001902e+01 1.12645750e+01 1.17434540e+01 1.19507914e+01
    1.27650919e+01 1.18243093e+01 1.27909918e+01 1.19940662e+01
    1.42851362e+01 1.31482506e+01 1.20264864e+01 1.23766193e+01
    1.07641306e+01 1.08032961e+01 1.20381584e+01 1.13642530e+01
    1.15765266e+01 1.17342911e+01 1.07061663e+01 1.19632730e+01
    1.29397917e+01 1.15270414e+01 1.10990944e+01 1.08876915e+01
    1.24800901e+01 1.26140738e+01 1.34990730e+01 1.20565758e+01
    1.28844166e+01 1.38968992e+01 1.21946383e+01 1.20811729e+01
    1.25604458e+01 1.17587032e+01 1.29497404e+01 1.23636494e+01
    1.20669155e+01 1.32577362e+01 1.20700970e+01 1.30311203e+01
    1.28113928e+01 1.32306061e+01 1.32959042e+01 1.14192867e+01
    1.11433029e+01 1.25348368e+01 1.24199114e+01 1.19783382e+01
    1.10655947e+01 1.16167049e+01 1.13189602e+01 1.13583727e+01
    9.82068253e+00 9.33055878e+00 9.33407497e+00 9.74605846e+00
    8.96130848e+00 9.52170181e+00 8.68475914e+00 1.04975548e+01
    1.13824339e+01 1.16107607e+01 1.20026665e+01 1.11583443e+01
    1.04154539e+01 1.23950644e+01 1.18030605e+01 1.21803598e+01
    1.18164692e+01 1.02131157e+01 1.08354111e+01 1.24254189e+01
    1.17908297e+01 1.07161903e+01 1.15837460e+01 1.23221531e+01
    1.22056932e+01 1.27377682e+01 1.34049835e+01 1.20928717e+01
    1.18445787e+01 1.17851877e+01 1.23921165e+01 1.24578781e+01
    1.26547842e+01 1.17981119e+01 1.15328741e+01 1.36959944e+01
    1.38873892e+01 1.16421890e+01 1.21511173e+01 1.10626774e+01
    9.42838287e+00 1.12993650e+01 1.09679499e+01 9.23219776e+00
    9.91926003e+00 1.09595680e+01 1.07437344e+01 1.17037067e+01
    1.13619032e+01 9.67309093e+00 1.05336266e+01 1.07322826e+01
    1.10208397e+01 1.13602552e+01 1.13708992e+01 1.13613024e+01
    1.22281151e+01 1.23503981e+01 1.26727953e+01 1.24729757e+01
    1.13211250e+01 1.11552038e+01 1.21716690e+01 1.19848852e+01
    1.08396635e+01 1.10437689e+01 1.04353924e+01 1.16311455e+01
    1.27259979e+01 1.17085323e+01 1.06158686e+01 1.20806799e+01
    1.21516228e+01 1.14783239e+01 1.12876139e+01 1.13153772e+01
    1.03823204e+01 9.68341732e+00 1.17579126e+01 1.27871199e+01
    1.11316376e+01 1.12496929e+01 1.21759930e+01 1.13547716e+01
    1.10966883e+01 1.22828255e+01 1.10146923e+01 1.11122513e+01
    1.17140598e+01 1.24387999e+01 1.21749992e+01 1.23361053e+01
    1.28870487e+01 1.23029890e+01 1.31688776e+01 1.09507828e+01
    1.16743279e+01 1.09488602e+01 1.04208031e+01 8.65238762e+00
    9.31560993e+00 1.08294582e+01 1.07158670e+01 9.78955269e+00
    9.72785854e+00 1.04646749e+01 1.23521786e+01 1.20305109e+01
    1.19757624e+01 1.24775810e+01 1.13599348e+01 1.12476625e+01
    1.28341169e+01 1.13033695e+01 1.08082504e+01 1.15439692e+01
    1.06897306e+01 1.18260689e+01 1.13223438e+01 1.16127224e+01
    1.13797855e+01 1.11176128e+01 1.16465902e+01 1.12959146e+01
    1.17597513e+01 1.07819099e+01 1.35083866e+01 1.29254923e+01
    1.33318939e+01 1.46994705e+01 1.44146261e+01 1.50759478e+01
    1.38335466e+01 1.37306042e+01 1.20359812e+01 1.18069916e+01
    1.22741375e+01 1.11390285e+01 1.04942503e+01 1.14100075e+01
    1.11094751e+01 1.17662935e+01 1.16829424e+01 1.17987089e+01
    1.25179625e+01 1.27490034e+01 1.26968479e+01 1.34441023e+01
    1.28491535e+01 1.37889557e+01 1.42893734e+01 1.34987698e+01
    1.27139940e+01 1.26618128e+01 1.23545475e+01 1.29343462e+01
    1.35898380e+01 1.42345428e+01 1.36681547e+01 1.37174635e+01
    1.47499037e+01 1.48841152e+01 1.42076387e+01 1.30306997e+01
    1.27486601e+01 1.34302797e+01 1.21150999e+01 1.21028271e+01
    1.12955732e+01 1.22113190e+01 1.30888586e+01 1.12129450e+01
    1.27973442e+01 1.30836840e+01 1.28750906e+01 1.15711861e+01
    1.15784101e+01 1.21387444e+01 1.15699635e+01 1.14378691e+01
    1.10795584e+01 1.12317581e+01 1.21684532e+01 1.20778093e+01
    1.22752228e+01 1.13398533e+01 1.17199469e+01 1.26745386e+01
    1.14074564e+01 1.27530174e+01 1.36188126e+01 1.19349031e+01
    1.26994419e+01 1.31998072e+01 1.11950073e+01 1.26451988e+01
    1.11354589e+01 1.01076117e+01 1.06973391e+01 1.05640259e+01
    1.18743105e+01 1.17674446e+01 1.17745447e+01 1.18742981e+01
    1.22728720e+01 1.21817169e+01 1.23485479e+01 1.22379837e+01
    1.27973633e+01 1.27703466e+01 1.07396469e+01 1.13870325e+01
    1.19648371e+01 1.14632530e+01 1.27172394e+01 1.14349794e+01
    1.16191759e+01 1.31819353e+01 1.31912289e+01 1.18842497e+01
    1.08005037e+01 1.10233507e+01 1.16051378e+01 1.16425085e+01
    1.08457031e+01 1.17840137e+01 1.15908546e+01 1.29889708e+01
    1.30204706e+01 1.38649063e+01 1.26770468e+01 1.22339306e+01
    1.35759983e+01 1.21091108e+01 1.19159040e+01 1.14553204e+01
    1.12019320e+01 1.34243698e+01 1.25247240e+01 1.19015284e+01
    1.32840424e+01 1.15793381e+01 1.32071838e+01 1.32246647e+01
    1.17061691e+01 1.22881565e+01 1.12449570e+01 1.01426525e+01
    1.21164522e+01 1.12848377e+01 1.02534189e+01 9.31484795e+00
    9.22833729e+00 9.43021297e+00 8.90052414e+00 8.24981022e+00
    8.83025074e+00 8.97620773e+00 9.86772823e+00 1.04591656e+01
    1.16089315e+01 1.15577030e+01 1.21304874e+01 1.20772886e+01
    1.33579273e+01 1.35871344e+01 1.26008282e+01 1.28083706e+01
    1.24947720e+01 1.30975580e+01 1.41434584e+01 1.29146767e+01
    1.19297771e+01 1.20602751e+01 1.24113512e+01 1.26030235e+01
    1.23029032e+01 1.11307983e+01 1.21096649e+01 1.12907915e+01
    1.26885996e+01 1.25166426e+01 1.01893301e+01 1.30279732e+01
    1.15596561e+01 1.21725645e+01 1.31169043e+01 1.10523033e+01
    1.10404797e+01 1.20905123e+01 1.14244852e+01 1.05337467e+01
    1.06323948e+01 1.05621510e+01 1.03788252e+01 1.06116266e+01
    1.17211561e+01 1.03269958e+01 9.72263336e+00 1.09961176e+01
    1.12003708e+01 1.09730482e+01 1.12481833e+01 1.10047293e+01
    1.19345064e+01 1.21540356e+01 1.21369305e+01 1.26165781e+01
    1.22262735e+01 1.25194683e+01 1.18778830e+01 1.10725241e+01
    1.25599079e+01 1.21799994e+01 1.08721666e+01 1.04026241e+01
    1.08460379e+01 1.27472000e+01 1.22758474e+01 1.20294552e+01
    1.15105677e+01 1.12024431e+01 1.17897749e+01 1.27982101e+01
    1.05209246e+01 1.10332804e+01 9.60275555e+00 1.07014265e+01
    1.06716595e+01 1.10747900e+01 1.03076839e+01 1.02756596e+01
    1.18614464e+01 1.13857746e+01 1.07442064e+01 1.17675228e+01
    1.08039360e+01 1.21971025e+01 1.22620373e+01 1.15351286e+01
    1.29313612e+01 1.24044533e+01 1.30970201e+01 1.26290646e+01
    1.20975761e+01 1.13546648e+01 1.04991150e+01 1.04514618e+01
    1.04264240e+01 9.75189781e+00 9.77112389e+00 1.07167959e+01
    9.02426910e+00 8.99388695e+00 9.70511532e+00 1.12740173e+01
    1.19743509e+01 1.17470751e+01 1.28409786e+01 1.26712561e+01
    1.19303055e+01 1.27695694e+01 1.16149378e+01 1.30307055e+01
    1.23167286e+01 1.21022596e+01 1.26775742e+01 1.28324280e+01
    1.29809504e+01 1.20818567e+01 1.28540068e+01 1.21990662e+01
    1.15952902e+01 1.19632883e+01 1.08850737e+01 1.25044670e+01
    1.26233625e+01 1.25489645e+01 1.24973078e+01 1.35369673e+01
    1.32599916e+01 1.34574347e+01 1.25832548e+01 1.27653294e+01
    1.35734854e+01 1.16368484e+01 1.18330441e+01 1.21722536e+01
    1.22620382e+01 1.03202333e+01 1.10312405e+01 1.13757696e+01
    1.30493727e+01 1.11539078e+01 1.16219397e+01 1.39662848e+01
    1.26502953e+01 1.32205687e+01 1.25932436e+01 1.23118086e+01
    1.28688946e+01 1.34409122e+01 1.18571472e+01 1.05747757e+01
    1.19880276e+01 1.38006563e+01 1.32862654e+01 1.29855423e+01
    1.31458540e+01 1.31868515e+01 1.41349297e+01 1.41978588e+01
    1.32699327e+01 1.36538754e+01 1.24130735e+01 1.23986616e+01
    1.25806923e+01 1.20948820e+01 1.24583817e+01 1.16696138e+01
    1.21643515e+01 1.12786007e+01 1.25977993e+01 1.36294422e+01
    1.30027046e+01 1.17592754e+01 1.21156311e+01 1.19760237e+01
    1.28688059e+01 1.29058180e+01 1.32490406e+01 1.08791494e+01
    1.19947138e+01 1.38963614e+01 1.28647184e+01 1.26312943e+01
    1.22449331e+01 1.30324821e+01 1.32363663e+01 1.44332991e+01
    1.46289330e+01 1.40499296e+01 1.29954567e+01 1.29600201e+01
    1.23727913e+01 1.29000444e+01 1.09532337e+01 1.04307938e+01
    1.23200617e+01 1.09500179e+01 1.24111223e+01 1.23905249e+01
    1.29312134e+01 1.20559359e+01 1.21458464e+01 1.32057514e+01
    1.12263317e+01 1.18699007e+01 1.15568342e+01 1.17265911e+01
    1.09696474e+01 9.48290348e+00 1.13489676e+01 1.17341461e+01
    1.19119797e+01 1.22328310e+01 1.09753819e+01 1.17236013e+01
    1.25985222e+01 1.20278502e+01 1.13438377e+01 1.09666147e+01
    1.19416103e+01 1.31960859e+01 1.19266100e+01 1.25036583e+01
    1.37672892e+01 1.27246084e+01 1.31073399e+01 1.19851990e+01
    1.21234913e+01 1.23790894e+01 1.40402012e+01 1.20074568e+01
    1.18960266e+01 1.14147091e+01 1.12455473e+01 1.16469250e+01
    1.14554005e+01 1.02432852e+01 1.15745564e+01 1.20122643e+01
    1.08306246e+01 1.11597729e+01 1.18801880e+01 1.23841476e+01
    1.06071415e+01 1.12764149e+01 1.21469555e+01 1.18935671e+01
    1.10040541e+01 1.11587725e+01 1.08093319e+01 1.04534073e+01
    9.53590870e+00 9.42223740e+00 9.22512341e+00 1.00160694e+01
    1.13362513e+01 1.01938152e+01 1.20393915e+01 1.23906116e+01
    1.14547224e+01 1.28569632e+01 1.25803900e+01 1.27013302e+01
    1.27795000e+01 1.14224644e+01 1.07961512e+01 1.22905664e+01
    1.21956940e+01 1.08577976e+01 1.15884686e+01 1.09535074e+01
    1.17056093e+01 1.27402439e+01 1.20636158e+01 1.08912516e+01
    1.02626734e+01 1.08379898e+01 1.13439159e+01 1.12075701e+01
    1.02641258e+01 1.13665791e+01 1.22627487e+01 1.20672064e+01
    1.27566814e+01 1.17113857e+01 1.14092493e+01 1.24540825e+01
    1.08233051e+01 9.27137852e+00 1.04318151e+01 1.05029440e+01
    9.81478119e+00 1.05905533e+01 1.16335249e+01 1.08561602e+01
    1.08498850e+01 1.08200312e+01 1.04995689e+01 1.17946053e+01
    9.39640999e+00 1.03921633e+01 1.08046989e+01 1.06504412e+01
    1.24479494e+01 1.33708868e+01 1.17905674e+01 1.26182671e+01
    1.32085056e+01 1.16722908e+01 1.21284475e+01 1.30451298e+01
    1.25410385e+01 1.19638987e+01 1.09276066e+01 1.21897449e+01
    1.25316105e+01 1.07790861e+01 1.18707056e+01 1.11586380e+01
    1.16063042e+01 1.11210680e+01 1.18279190e+01 1.12233038e+01
    1.03796492e+01 1.00253124e+01 1.05794039e+01 1.13856678e+01
    1.02398596e+01 1.08037500e+01 1.17527933e+01 1.21121473e+01
    1.25797586e+01 1.19297199e+01 1.06648703e+01 1.29787531e+01
    1.28669958e+01 1.18049068e+01 1.35259342e+01 1.22389412e+01
    1.21427040e+01 1.24077187e+01 1.27939215e+01 1.10210981e+01
    1.11641865e+01 1.02702007e+01 1.00405769e+01 1.01186810e+01
    1.01833057e+01 1.05265017e+01 1.08120728e+01 9.87222958e+00
    9.20158768e+00 1.08914328e+01 1.18812466e+01 1.07573452e+01
    1.08788099e+01 1.21030684e+01 1.23367481e+01 1.19102001e+01
    1.28396988e+01 1.20192022e+01 1.25854254e+01 1.30261307e+01
    1.26678143e+01 1.36128035e+01 1.28448191e+01 1.21891823e+01
    1.32688742e+01 1.25076723e+01 1.15938997e+01 1.11706839e+01
    1.16958990e+01 1.10086346e+01 1.09828005e+01 1.21434689e+01
    1.36407986e+01 1.31894102e+01 1.39408970e+01 1.42279549e+01
    1.42906332e+01 1.35311384e+01 1.35914993e+01 1.30479441e+01
    1.14016294e+01 1.12555771e+01 1.18542604e+01 1.17007408e+01
    1.12956085e+01 1.23158150e+01 1.26877594e+01 1.31641665e+01
    1.34782495e+01 1.32435198e+01 1.31377296e+01 1.35427475e+01
    1.30184937e+01 1.20609379e+01 1.38381071e+01 1.38986425e+01
    1.25416718e+01 1.24823780e+01 1.16167202e+01 1.45566931e+01
    1.42877941e+01 1.32488794e+01 1.33917990e+01 1.34036074e+01
    1.37126036e+01 1.30157948e+01 1.21447973e+01 1.22051830e+01
    1.10980854e+01 1.03007698e+01 1.10946932e+01 9.90947533e+00
    1.08509007e+01 1.11974773e+01 1.21828156e+01 1.07462111e+01
    1.23851824e+01 1.26053314e+01 1.27825747e+01 1.29707670e+01
    1.27626553e+01 1.18735447e+01 1.41882515e+01 1.31318836e+01
    1.25641994e+01 1.34709682e+01 1.33927078e+01 1.31385002e+01
    1.37867765e+01 1.43362703e+01 1.28959169e+01 1.34321184e+01
    1.36100454e+01 1.45475349e+01 1.35449467e+01 1.36363926e+01
    1.30877581e+01 1.29307117e+01 1.35870867e+01 1.30315084e+01
    1.14308605e+01 1.06438017e+01 1.19450045e+01 1.23919153e+01
    1.18811607e+01 1.23424444e+01 1.15330114e+01 1.15095644e+01
    1.23250771e+01 1.26922512e+01 1.32269773e+01 1.15249424e+01
    1.11186008e+01 1.02801523e+01 1.03151550e+01 9.89027309e+00
    9.80326939e+00 1.08550224e+01 1.17892513e+01 1.06227560e+01
    1.19728966e+01 1.30743160e+01 1.16873598e+01 1.18223686e+01
    1.10338421e+01 1.09064798e+01 1.11091404e+01 1.22003689e+01
    1.22266684e+01 1.23040009e+01 1.31072178e+01 1.32172251e+01
    1.30656919e+01 1.41980724e+01 1.34710083e+01 1.38586712e+01
    1.32306042e+01 1.28144398e+01 1.16540203e+01 1.04479532e+01
    1.17796907e+01 1.16048431e+01 9.44869804e+00 1.02245588e+01
    1.11562700e+01 1.15090656e+01 1.03497324e+01 1.07437487e+01
    1.27850914e+01 1.16822977e+01 1.07895088e+01 1.10251627e+01
    1.06135244e+01 1.17073526e+01 1.20207920e+01 9.67767429e+00
    9.88376045e+00 1.05742664e+01 8.94996834e+00 1.01144648e+01
    9.78273773e+00 1.02807617e+01 1.11596651e+01 1.13338213e+01
    1.06109047e+01 1.24538717e+01 1.22751684e+01 1.25434217e+01
    1.39287577e+01 1.19804716e+01 1.20915041e+01 1.23906555e+01
    1.29734058e+01 1.27304478e+01 1.11417284e+01 1.28729820e+01
    1.09544792e+01 1.09640942e+01 1.21516657e+01 1.32681656e+01
    1.21759109e+01 1.16923218e+01 1.04170618e+01 1.11905680e+01
    1.15977869e+01 9.64645958e+00 1.10528765e+01 1.16637602e+01
    1.20029364e+01 1.26634312e+01 1.37429457e+01 1.16957293e+01
    1.13464403e+01 1.14181290e+01 1.08617859e+01 9.88837910e+00
    9.06099701e+00 1.04421787e+01 9.25533867e+00 1.02811050e+01
    1.15886087e+01 1.11758900e+01 1.15482712e+01 1.02428217e+01
    1.15212479e+01 1.30569792e+01 1.18333511e+01 1.09432440e+01
    1.11241341e+01 1.18934593e+01 1.30553055e+01 1.31003180e+01
    1.22912865e+01 1.26950121e+01 1.31989326e+01 1.24708290e+01
    1.28823814e+01 1.33903179e+01 1.10411854e+01 9.73649216e+00
    1.14919033e+01 1.09889126e+01 1.16462965e+01 1.06120815e+01
    1.21661167e+01 1.08975172e+01 1.09537983e+01 1.15501804e+01
    1.19345493e+01 1.18262596e+01 1.06893778e+01 1.10418110e+01
    1.20178595e+01 1.10184975e+01 1.13857031e+01 1.22783461e+01
    1.08694010e+01 1.25637369e+01 1.33020248e+01 1.19422607e+01
    1.19030457e+01 1.19547062e+01 1.33122988e+01 1.28476830e+01
    1.14471493e+01 1.27415667e+01 1.27911196e+01 1.24927397e+01
    1.18925896e+01 1.20032768e+01 1.12611141e+01 1.06443815e+01
    9.94905376e+00 1.06267910e+01 1.07047358e+01 1.11271791e+01
    1.03377123e+01 8.73886490e+00 9.43713093e+00 1.03984604e+01
    1.22930374e+01 1.14521055e+01 1.19624052e+01 1.28432684e+01
    1.27214403e+01 1.31183462e+01 1.36510048e+01 1.21756172e+01
    1.32528772e+01 1.23972387e+01 1.33767424e+01 1.33020658e+01
    1.19198227e+01 1.21843958e+01 1.24391613e+01 1.20887623e+01
    1.14728336e+01 1.03176250e+01 1.10332346e+01 1.11742067e+01
    1.12952080e+01 1.22539186e+01 1.31649342e+01 1.28457842e+01
    1.34498205e+01 1.28289423e+01 1.40511551e+01 1.28117971e+01
    1.24297819e+01 1.30616884e+01 1.11629972e+01 1.13778439e+01
    1.31246634e+01 1.13863382e+01 1.13282309e+01 1.10740700e+01
    1.19257364e+01 1.17168283e+01 1.42441883e+01 1.25342941e+01
    1.24234133e+01 1.28203764e+01 1.32957983e+01 1.26310787e+01
    1.20005522e+01 1.20666256e+01 1.21959267e+01 1.08151817e+01
    1.36442356e+01 1.38024969e+01 1.31945705e+01 1.45322790e+01
    1.29356241e+01 1.38860235e+01 1.25296459e+01 1.29069939e+01
    1.30736504e+01 1.22501621e+01 1.12798548e+01 1.24820070e+01
    1.11956568e+01 1.14459505e+01 1.19744654e+01 1.09653645e+01
    1.20446110e+01 1.08700762e+01 1.07891979e+01 1.14098921e+01
    1.33558064e+01 1.10053463e+01 1.17311563e+01 1.10541754e+01
    1.28553057e+01 1.23674364e+01 1.12816706e+01 1.20857401e+01
    1.20817976e+01 1.15538101e+01 1.36144714e+01 1.28576708e+01
    1.29022598e+01 1.22239885e+01 1.42090988e+01 1.30974283e+01
    1.35533094e+01 1.39695997e+01 1.30244226e+01 1.21586142e+01
    1.16506834e+01 1.10487604e+01 1.14570770e+01 1.13873568e+01
    1.05741806e+01 1.05638809e+01 1.27231369e+01 1.21876698e+01
    1.21155624e+01 1.17648525e+01 1.25728369e+01 1.33110008e+01
    1.20041494e+01 1.20915833e+01 1.11751671e+01 1.23011160e+01
    1.19906311e+01 1.05422497e+01 1.16754599e+01 1.23589249e+01
    1.18471832e+01 1.27636929e+01 1.29790821e+01 1.23751144e+01
    1.21009731e+01 1.30902691e+01 1.18354158e+01 1.10166540e+01
    1.20377684e+01 1.12411871e+01 1.14187374e+01 1.19581566e+01
    1.18505096e+01 1.23373137e+01 1.30174637e+01 1.32219248e+01
    1.19958792e+01 1.35448236e+01 1.34758091e+01 1.28799400e+01
    1.09867077e+01 1.18818626e+01 1.16755733e+01 1.11014280e+01
    1.02457495e+01 1.06738739e+01 9.87623119e+00 1.07490501e+01
    1.20462351e+01 1.11814976e+01 1.12031336e+01 1.18687925e+01
    1.16683197e+01 1.21834707e+01 1.04818420e+01 1.17973261e+01
    1.08146448e+01 9.94301987e+00 1.04338989e+01 1.11858196e+01
    9.72961330e+00 9.89239788e+00 1.11772032e+01 1.02202291e+01
    1.12890329e+01 1.15302496e+01 1.10200167e+01 1.30939407e+01
    1.27095785e+01 1.19980564e+01 1.40262213e+01 1.23033705e+01
    1.20004807e+01 1.28271275e+01 1.35962324e+01 1.37270575e+01
    1.20542183e+01 1.16368933e+01 1.11654081e+01 1.22967634e+01
    1.23385582e+01 1.19571714e+01 1.34913645e+01 1.21027403e+01
    1.21416874e+01 1.23950424e+01 1.27428770e+01 1.13150845e+01
    1.16247864e+01 1.09389133e+01 1.08550797e+01 1.20460758e+01
    1.14666405e+01 1.17520704e+01 1.19923801e+01 1.13668308e+01
    1.14896078e+01 1.09021006e+01 9.92880726e+00 1.09512777e+01
    1.10847359e+01 1.17932501e+01 1.12324104e+01 1.22290850e+01
    1.22373123e+01 1.12290888e+01 1.16280937e+01 1.33181143e+01
    1.20748272e+01 1.23217049e+01 1.09814272e+01 1.38940277e+01
    1.30342855e+01 1.32453299e+01 1.39592113e+01 1.32226648e+01
    1.26287174e+01 1.31926765e+01 1.35925112e+01 1.15774021e+01
    1.11837072e+01 1.01989641e+01 1.16873703e+01 1.11422338e+01
    1.07695398e+01 9.92605686e+00 1.15492716e+01 1.22994461e+01
    1.15451241e+01 1.19386711e+01 1.35931044e+01 1.16775541e+01
    1.06459618e+01 1.23679132e+01 1.18650560e+01 1.13807640e+01
    1.25989666e+01 1.22102966e+01 1.34321957e+01 1.31112194e+01
    1.15777779e+01 1.21226225e+01 1.24369030e+01 1.02568207e+01
    1.24833746e+01 1.23109522e+01 1.07582684e+01 1.27739935e+01
    1.15827122e+01 1.20800543e+01 1.31818523e+01 1.13018236e+01
    1.09060230e+01 1.11824903e+01 1.09421177e+01 1.12122869e+01
    1.19040709e+01 1.07061329e+01 1.10017385e+01 1.07904978e+01
    1.13316650e+01 1.01157942e+01 1.17637081e+01 1.15090399e+01
    1.17901545e+01 1.18676214e+01 1.29763021e+01 1.21993322e+01
    1.38386011e+01 1.21429310e+01 1.16929379e+01 1.28583460e+01
    1.40212250e+01 1.35357924e+01 1.26290503e+01 1.21298361e+01
    1.23113918e+01 1.31066675e+01 1.32456675e+01 1.13149967e+01
    1.09803696e+01 1.16254501e+01 1.32204103e+01 1.17414055e+01
    1.10027380e+01 1.35016613e+01 1.28577919e+01 1.18133240e+01
    1.26419687e+01 1.32890396e+01 1.33041306e+01 1.18585491e+01
    1.15498953e+01 1.19737539e+01 1.26214304e+01 1.27489347e+01
    1.07223139e+01 1.22703838e+01 1.26102209e+01 1.22036152e+01
    1.26236515e+01 1.30230112e+01 1.18843985e+01 1.17812462e+01
    1.40366373e+01 1.34273920e+01 1.23707895e+01 1.33100424e+01
    1.27402735e+01 1.23550444e+01 1.16319466e+01 1.14136791e+01
    1.39480143e+01 1.38405161e+01 1.06976395e+01 1.34536886e+01
    1.30073757e+01 1.09975643e+01 1.16107683e+01 1.03769283e+01
    1.11080065e+01 1.18641214e+01 1.03902178e+01 1.17406406e+01
    1.15183039e+01 1.15752974e+01 1.27338591e+01 1.13223124e+01
    1.09652195e+01 1.21755266e+01 1.23140297e+01 1.08986740e+01
    1.22063046e+01 1.06525908e+01 1.08751659e+01 1.20083742e+01
    1.14001389e+01 1.14912024e+01 1.24494934e+01 1.26438122e+01
    1.31727982e+01 1.35225391e+01 1.17838087e+01 1.31781683e+01
    1.35121069e+01 1.33795662e+01 1.40293999e+01 1.25448980e+01
    1.26254539e+01 1.32153444e+01 1.12820702e+01 1.05595865e+01
    1.22046585e+01 1.16716480e+01 9.35412216e+00 1.11410961e+01
    1.15684004e+01 1.00227480e+01 1.19483633e+01 1.09566422e+01
    1.05750160e+01 1.24319334e+01 1.18163767e+01 1.15079288e+01
    1.05143976e+01 1.11176405e+01 1.05336304e+01 9.81649017e+00
    1.10850792e+01 1.06168604e+01 1.08312836e+01 1.21748438e+01
    1.08276358e+01 1.15783520e+01 1.16913633e+01 1.23343964e+01
    1.20650654e+01 1.11263218e+01 1.06379471e+01 1.13277102e+01
    1.23781166e+01 1.22831955e+01 1.04032249e+01 1.27277050e+01
    1.13127403e+01 1.22650366e+01 1.29485493e+01 1.25882397e+01
    1.33490124e+01 1.20596409e+01 1.12393208e+01 1.10250902e+01
    1.10356874e+01 1.10921612e+01 9.74882507e+00 9.22708321e+00
    1.02192554e+01 9.91005707e+00 1.13412485e+01 1.00759392e+01
    1.04771595e+01 1.21774549e+01 1.08268118e+01 1.17704449e+01
    1.17736931e+01 1.03174267e+01 1.14809999e+01 1.05797806e+01
    1.04456072e+01 1.05436192e+01 9.78688526e+00 1.04928045e+01
    1.08492155e+01 1.17917776e+01 1.27434769e+01 1.25761681e+01
    1.23703175e+01 1.30743074e+01 1.35504284e+01 1.29421263e+01
    1.24597244e+01 1.32130909e+01 1.27156277e+01 1.21086788e+01
    1.20315037e+01 1.36926517e+01 1.27031288e+01 1.02897139e+01
    1.11537504e+01 1.10886469e+01 1.04209213e+01 1.12223148e+01
    1.07960796e+01 9.48965549e+00 1.08299761e+01 9.84237003e+00
    1.00678663e+01 1.11962585e+01 9.51548195e+00 1.05408316e+01
    1.05197382e+01 1.09378157e+01 1.16546726e+01 1.14839249e+01
    1.11294374e+01 1.12178288e+01 1.06085377e+01 1.02860012e+01
    1.01735067e+01 1.09009161e+01 1.11552296e+01 1.16704607e+01
    1.08111248e+01 1.15801783e+01 1.32291727e+01 1.07988319e+01
    1.19851322e+01 1.15979567e+01 1.16245308e+01 1.27954559e+01
    1.17540245e+01 1.21367197e+01 1.35566750e+01 1.38059416e+01
    1.31620398e+01 1.22275333e+01 1.36238089e+01 1.37997293e+01
    1.34175587e+01 1.18623962e+01 1.14050713e+01 1.18869925e+01
    9.84255123e+00 1.21273575e+01 1.09965878e+01 1.07374773e+01
    1.10570765e+01 1.27439928e+01 1.31734533e+01 1.06633158e+01
    1.14657993e+01 1.24634314e+01 1.08524170e+01 1.08187389e+01
    1.08426247e+01 1.13798637e+01 1.19365292e+01 1.08519945e+01
    1.24921913e+01 1.30058250e+01 1.13194685e+01 1.16578932e+01
    1.22257881e+01 1.23032217e+01 1.04223318e+01 1.00766678e+01
    1.07516861e+01 1.18590212e+01 9.38308430e+00 1.16203833e+01
    1.27839928e+01 1.03198833e+01 1.03449287e+01 1.15201187e+01
    1.10708447e+01 1.17768450e+01 1.23724785e+01 1.22910700e+01
    1.13039885e+01 1.09469442e+01 1.23608742e+01 1.08933592e+01
    1.05508270e+01 1.28931417e+01 1.29513931e+01 1.24172983e+01
    1.23725710e+01 1.34982243e+01 1.38463459e+01 1.25440521e+01
    1.23022375e+01 1.32049656e+01 1.14546185e+01 1.28310261e+01
    1.32873049e+01 1.14390745e+01 1.30564613e+01 1.19465752e+01
    1.25665598e+01 1.25476713e+01 1.06799936e+01 1.06836319e+01
    1.26099710e+01 1.17587156e+01 1.26292219e+01 1.21537018e+01
    1.33415318e+01 1.25052843e+01 1.33430634e+01 1.34720345e+01
    1.21642847e+01 1.23507557e+01 1.24430008e+01 1.27586403e+01
    1.30808783e+01 1.17811584e+01 1.18095217e+01 1.12795610e+01
    1.19556961e+01 1.20977888e+01 1.27628632e+01 1.32584572e+01
    1.24704456e+01 1.07906675e+01 1.38170681e+01 1.22207651e+01
    1.26019754e+01 1.18875723e+01 1.23593197e+01 1.17323246e+01
    1.25510750e+01 1.28721390e+01 1.28662386e+01 1.35203476e+01
    1.26686764e+01 1.04867716e+01 1.23148766e+01 1.24188585e+01
    1.13567486e+01 1.01909170e+01 1.12559834e+01 1.13124294e+01
    1.13061190e+01 1.11382647e+01 1.06625576e+01 1.06006985e+01
    1.18435373e+01 1.16455660e+01 1.11373186e+01 1.08504372e+01
    1.13986864e+01 1.00913792e+01 1.02621670e+01 1.10517406e+01
    1.08569231e+01 1.08867474e+01 1.22863235e+01 1.20845032e+01
    1.29340315e+01 1.28495693e+01 1.42303591e+01 1.40921249e+01
    1.40803289e+01 1.35776272e+01 1.28036871e+01 1.25664921e+01
    1.28564119e+01 1.17611628e+01 1.10643892e+01 1.24611168e+01
    1.07192411e+01 1.20080528e+01 1.13308897e+01 1.12812548e+01
    1.17724981e+01 1.18961868e+01 1.24157915e+01 1.07190208e+01
    1.12769423e+01 1.22919798e+01 1.25837221e+01 1.13893595e+01
    1.11226645e+01 1.31403074e+01 1.19874897e+01 1.02855206e+01
    1.10451012e+01 1.06984320e+01 1.02349405e+01 1.11059713e+01
    1.16181211e+01 1.12254934e+01 1.20310116e+01 1.26419897e+01
    1.24698229e+01 1.12772522e+01 1.09598637e+01 1.11709642e+01
    1.15256882e+01 1.19368105e+01 1.15571232e+01 1.19560299e+01
    1.13741198e+01 1.09029751e+01 1.18131523e+01 1.24791403e+01
    1.23908138e+01 1.12599335e+01 1.25761385e+01 1.22508183e+01
    1.13421164e+01 1.19502716e+01 1.00042267e+01 1.06441536e+01
    1.09195185e+01 8.96230888e+00 9.04159069e+00 9.97417736e+00
    1.05384445e+01 1.10365429e+01 1.22766714e+01 1.09465771e+01
    1.06028929e+01 1.30624228e+01 1.19250088e+01 1.04424009e+01
    1.20725946e+01 9.50673580e+00 1.08024187e+01 1.08146572e+01
    1.00545559e+01 9.98983669e+00 1.00019989e+01 1.10127592e+01
    1.12456493e+01 1.18809881e+01 1.16653757e+01 1.32198334e+01
    1.26804314e+01 1.23333836e+01 1.38808918e+01 1.33863125e+01
    1.23034887e+01 1.29232702e+01 1.38288536e+01 1.37245817e+01
    1.26882372e+01 1.24578991e+01 1.13575706e+01 1.12172632e+01
    1.23937912e+01 1.16410809e+01 1.03585920e+01 1.12244539e+01
    1.05996819e+01 1.10913248e+01 1.07867441e+01 1.12193518e+01
    1.08485985e+01 1.10652637e+01 1.23091984e+01 1.18796959e+01
    1.18351231e+01 1.20861702e+01 1.25439663e+01 1.31712294e+01
    1.14474878e+01 1.11823416e+01 1.14337206e+01 1.21395922e+01
    1.10932703e+01 1.11035528e+01 1.35918159e+01 1.21034937e+01
    1.18872461e+01 1.34762697e+01 1.27403345e+01 1.30848608e+01
    1.19438429e+01 1.22311363e+01 1.13174801e+01 1.29430943e+01
    1.17664804e+01 1.25722551e+01 1.30807381e+01 1.31600990e+01
    1.27634020e+01 1.36903458e+01 1.33486042e+01 1.16490831e+01
    1.09968014e+01 1.10439911e+01 1.05069904e+01 1.14806576e+01
    1.11610527e+01 1.02997875e+01 1.13187761e+01 1.10947285e+01
    1.15581665e+01 1.27012548e+01 1.18379068e+01 1.11936750e+01
    1.05903540e+01 1.18973179e+01 1.06329527e+01 1.03048115e+01
    1.26890020e+01 1.17721367e+01 1.11212034e+01 1.41181765e+01
    1.27204046e+01 1.16405067e+01 1.22402306e+01 1.07276392e+01
    1.11514349e+01 1.04917898e+01 1.10088129e+01 1.06029215e+01
    9.96585083e+00 1.20401974e+01 1.25857887e+01 1.13259544e+01
    1.17714157e+01 1.24528952e+01 1.08170433e+01 1.22853947e+01
    1.26897154e+01 1.24755392e+01 1.07440701e+01 1.07785625e+01
    1.29454832e+01 1.10740814e+01 1.17113609e+01 1.20498581e+01
    1.35415630e+01 1.35695858e+01 1.42166805e+01 1.43002110e+01
    1.45471458e+01 1.35751257e+01 1.37610331e+01 1.19460325e+01
    1.26072559e+01 1.16156406e+01 9.96542931e+00 1.10196953e+01
    1.17149506e+01 1.14442739e+01 1.16329813e+01 1.19769592e+01
    1.20567951e+01 1.27819834e+01 1.30323505e+01 1.16750154e+01
    1.29236269e+01 1.28044901e+01 1.21968346e+01 1.25165815e+01
    1.21319923e+01 1.38790922e+01 1.26158228e+01 1.28954868e+01
    1.21455956e+01 1.20824871e+01 1.19914227e+01 1.26369162e+01
    1.15372562e+01 1.19623604e+01 1.14111204e+01 1.31607914e+01
    1.20087996e+01 1.23098688e+01 1.15384293e+01 1.22851009e+01
    1.24671593e+01 1.39278393e+01 1.19670782e+01 1.27370100e+01
    1.25794048e+01 1.24632645e+01 1.29874382e+01 1.35928602e+01
    1.21389866e+01 1.23462505e+01 1.36860485e+01 1.08533182e+01
    1.10479498e+01 1.23473988e+01 1.07356358e+01 1.10139446e+01
    1.00927649e+01 9.96109295e+00 1.19141016e+01 1.14152403e+01
    1.15009136e+01 1.02597237e+01 1.10073223e+01 1.20246229e+01
    1.08969593e+01 1.06369171e+01 1.07242508e+01 1.00032072e+01
    1.21053171e+01 9.69176102e+00 1.07877693e+01 1.08224993e+01
    1.12983656e+01 1.18068428e+01 1.09211454e+01 1.32805176e+01
    1.29874420e+01 1.31961880e+01 1.40731812e+01 1.35400362e+01
    1.24767570e+01 1.26238546e+01 1.39872246e+01 1.29781847e+01
    1.15192661e+01 1.10883694e+01 1.18270721e+01 1.14646664e+01
    1.12960377e+01 1.19357843e+01 1.05820513e+01 1.12320242e+01
    1.20181799e+01 1.13084393e+01 1.03010721e+01 1.14370918e+01
    1.13743649e+01 1.26503839e+01 1.22746487e+01 1.00988140e+01
    1.22055492e+01 1.05765104e+01 1.09598017e+01 1.08283224e+01
    9.00130463e+00 1.12858934e+01 1.25211391e+01 1.14266567e+01
    1.21371698e+01 1.19143867e+01 1.20586977e+01 1.45297947e+01
    1.20074577e+01 1.20574284e+01 1.13685637e+01 1.18304749e+01
    1.24553747e+01 1.00453234e+01 1.03260679e+01 1.07072811e+01
    1.14679203e+01 1.19172153e+01 1.15490627e+01 1.20465174e+01
    1.25703659e+01 1.19769020e+01 1.20248966e+01 1.14076786e+01
    9.88557148e+00 1.05535593e+01 1.03670654e+01 9.09551620e+00
    9.46592999e+00 9.99952221e+00 9.50203896e+00 1.22073011e+01
    1.18538637e+01 1.06635666e+01 1.16615582e+01 1.24765043e+01
    1.20891151e+01 1.28433514e+01 1.15324669e+01 1.04887590e+01
    1.12451830e+01 1.14999838e+01 8.94077015e+00 1.07748966e+01
    1.07163353e+01 1.10060339e+01 1.14595747e+01 1.16023226e+01
    1.16943474e+01 1.37709036e+01 1.23579493e+01 1.19119272e+01
    1.29359226e+01 1.37371616e+01 1.28449926e+01 1.23380117e+01
    1.24710684e+01 1.39167061e+01 1.29788799e+01 1.13151398e+01
    1.12806292e+01 1.10811501e+01 1.08261137e+01 1.02549877e+01
    1.04110918e+01 1.09435349e+01 9.99988556e+00 1.06454506e+01
    1.09093857e+01 1.08249140e+01 1.14602985e+01 1.01062822e+01
    1.16850281e+01 1.19739285e+01 9.86723328e+00 1.06048279e+01
    1.24990559e+01 1.10706625e+01 1.10347481e+01 1.06939116e+01
    1.11704016e+01 1.25874081e+01 1.25693607e+01 1.29369993e+01
    1.39149418e+01 1.41610813e+01 1.30605249e+01 1.28131199e+01
    1.30613117e+01 1.29221420e+01 1.20490932e+01 1.06770191e+01
    1.16271811e+01 1.28479538e+01 1.12674131e+01 1.17951927e+01
    1.18892145e+01 1.27198410e+01 1.24116859e+01 1.28851156e+01
    1.13410578e+01 1.26940641e+01 1.21429281e+01 1.20719099e+01
    1.20265913e+01 1.15416384e+01 1.09520369e+01 1.06865044e+01
    1.23906794e+01 1.11146603e+01 1.27704964e+01 1.25618143e+01
    1.19543839e+01 1.13917885e+01 1.19120102e+01 1.06001081e+01
    1.09609385e+01 9.98177910e+00 1.15959711e+01 1.13976860e+01
    1.22309790e+01 1.17205133e+01 1.20842962e+01 1.21863718e+01
    1.12355127e+01 9.82386303e+00 1.10304003e+01 9.44262314e+00
    8.35058594e+00 1.06253796e+01 9.33441353e+00 1.08973608e+01
    1.19967546e+01 1.25913639e+01 1.12681370e+01 1.22660828e+01
    1.22236176e+01 1.30736084e+01 1.40756245e+01 1.24762735e+01
    1.12857265e+01 1.21796646e+01 1.16966944e+01 1.08085594e+01
    1.29525967e+01 1.20944014e+01 1.17648134e+01 1.37124891e+01
    1.39360352e+01 1.40136824e+01 1.43645983e+01 1.41870089e+01
    1.18858604e+01 1.27335749e+01 1.31878223e+01 1.09281378e+01
    1.02516737e+01 1.11904507e+01 1.16039867e+01 1.21699038e+01
    1.17388525e+01 1.13906059e+01 1.19141197e+01 1.26999559e+01
    1.20175571e+01 1.16904907e+01 1.15270634e+01 1.14923353e+01
    1.10006094e+01 1.16593246e+01 1.03923616e+01 1.20163841e+01
    1.31014013e+01 1.23695221e+01 1.27060566e+01 1.28188353e+01
    1.33039904e+01 1.40580778e+01 1.20820131e+01 1.13216581e+01
    1.16948662e+01 1.26032305e+01 1.17594824e+01 1.01793737e+01
    1.18349771e+01 1.18674164e+01 1.20007629e+01 1.21879349e+01
    1.19507980e+01 1.23107109e+01 1.30841599e+01 1.15680113e+01
    1.25746603e+01 1.22571907e+01 1.28772135e+01 1.22284641e+01
    1.29029360e+01 1.08613243e+01 1.10115232e+01 1.06084709e+01
    1.01709690e+01 1.04627790e+01 8.41143513e+00 9.92616558e+00
    1.10147018e+01 1.12905607e+01 1.13452053e+01 1.04932241e+01
    1.24121885e+01 1.25622826e+01 1.16791449e+01 1.17293186e+01
    1.06412792e+01 1.06846266e+01 1.20522337e+01 1.05224314e+01
    1.16128778e+01 1.09178858e+01 1.17200556e+01 1.24463081e+01
    1.29026346e+01 1.24218884e+01 1.28074999e+01 1.31583595e+01
    1.30413160e+01 1.32279501e+01 1.23562403e+01 1.22329388e+01
    1.34220667e+01 1.32016621e+01 1.21132803e+01 1.23235741e+01
    1.19198065e+01 1.23710842e+01 1.28605280e+01 1.10493650e+01
    1.18734379e+01 1.08931065e+01 1.14599314e+01 1.23383579e+01
    1.05166636e+01 1.09753494e+01 1.22221050e+01 1.14417553e+01
    1.24485531e+01 1.11743622e+01 1.27233448e+01 1.08139305e+01
    1.15897408e+01 1.07991695e+01 1.00142279e+01 1.05538759e+01
    1.11845160e+01 1.09135418e+01 1.00184612e+01 1.04096985e+01
    1.14946709e+01 1.32856073e+01 1.18337173e+01 1.07044153e+01
    1.12954521e+01 1.17150269e+01 1.32674608e+01 1.15932798e+01
    9.80794048e+00 1.16268892e+01 1.11598616e+01 1.18407316e+01
    1.13137579e+01 1.19143982e+01 1.15466976e+01 1.12111645e+01
    1.26268091e+01 1.05719404e+01 1.02866859e+01 1.08992386e+01
    1.01095076e+01 8.91994572e+00 9.51274395e+00 9.81120396e+00
    1.02831860e+01 9.84693241e+00 1.10358486e+01 1.08225756e+01
    1.18895302e+01 1.12585135e+01 1.08174162e+01 1.26454840e+01
    1.10480480e+01 1.14736471e+01 1.17973757e+01 1.12069654e+01
    1.12465887e+01 1.13402081e+01 1.22952995e+01 1.16266069e+01
    1.14388142e+01 1.25145445e+01 1.22705622e+01 1.32862883e+01
    1.31274977e+01 1.19085369e+01 1.27224426e+01 1.28660145e+01
    1.15009251e+01 1.15470924e+01 1.10381908e+01 1.06685772e+01
    1.11607256e+01 1.09392109e+01 9.45983219e+00 9.85306549e+00
    1.01547527e+01 1.07384920e+01 1.03489017e+01 9.67922306e+00
    1.03701782e+01 1.01614561e+01 1.03044863e+01 1.03100910e+01
    1.10449495e+01 9.99436188e+00 1.05477076e+01 1.13706512e+01
    9.45475769e+00 1.07302713e+01 1.14301758e+01 1.11097784e+01
    1.08915300e+01 1.04403114e+01 1.06837263e+01 1.18931751e+01
    1.11005421e+01 1.17210426e+01 1.24494038e+01 1.27561722e+01
    1.30287485e+01 1.31962490e+01 1.24307480e+01 1.45305433e+01
    1.30983171e+01 1.26411152e+01 1.12921772e+01 1.26401377e+01
    1.16203499e+01 1.21603899e+01 1.25187025e+01 1.06119642e+01
    1.15765696e+01 1.28142748e+01 1.15607519e+01 1.14139147e+01
    1.17328510e+01 1.06768332e+01 1.20435762e+01 1.26826906e+01
    1.11246767e+01 1.15225916e+01 1.28955574e+01 1.28919640e+01
    1.27654438e+01 1.22483978e+01 1.06052513e+01 1.18236465e+01
    1.22461710e+01 1.10314865e+01 1.11079903e+01 1.12612829e+01
    1.26511497e+01 1.28769159e+01 1.22333975e+01 1.24094601e+01
    1.28270397e+01 1.29964390e+01 1.26365204e+01 9.88650227e+00
    1.07143211e+01 1.09060268e+01 8.52854347e+00 1.09196568e+01
    1.08432808e+01 1.13084850e+01 1.07822533e+01 1.26272087e+01
    1.25237007e+01 1.25755510e+01 1.35677223e+01 1.26880360e+01
    1.37955275e+01 1.50544825e+01 1.38728895e+01 1.34191780e+01
    1.34583015e+01 1.25034962e+01 1.20779428e+01 1.31178150e+01
    1.28760853e+01 1.19886694e+01 1.35248137e+01 1.32286854e+01
    1.37256670e+01 1.30911884e+01 1.21291800e+01 1.28370285e+01
    1.18807621e+01 1.14188032e+01 1.00991850e+01 1.09440727e+01
    1.10137882e+01 1.13333597e+01 1.22783136e+01 1.19075623e+01
    1.20618067e+01 1.25127392e+01 1.17036877e+01 1.28066101e+01
    1.09298096e+01 1.13290253e+01 1.06695757e+01 1.07229652e+01
    1.17788687e+01 1.08706665e+01 1.22272511e+01 1.37742767e+01
    1.25945787e+01 1.26437874e+01 1.15806913e+01 1.23585529e+01
    1.20939417e+01 1.15816860e+01 1.09212742e+01 1.22825813e+01
    1.10614386e+01 1.16084442e+01 1.05508041e+01 1.13113251e+01
    1.18808851e+01 1.23194590e+01 1.13018990e+01 1.23111429e+01
    1.18370352e+01 1.10558271e+01 1.22555389e+01 1.37882757e+01
    1.21816912e+01 1.35084743e+01 1.08956833e+01 1.13200188e+01
    1.20215235e+01 1.08631887e+01 1.20276461e+01 1.08000526e+01
    8.70366478e+00 1.02246666e+01 1.25536699e+01 1.07999344e+01
    1.10914097e+01 1.01249294e+01 1.26719494e+01 1.21193504e+01
    9.72988796e+00 1.25045347e+01 1.07065468e+01 1.03700371e+01
    1.24046545e+01 1.13751907e+01 1.03150196e+01 1.25361814e+01
    1.15729008e+01 1.22001877e+01 1.30468683e+01 1.31440668e+01
    1.29295769e+01 1.30569229e+01 1.27424374e+01 1.17342463e+01
    1.11743507e+01 1.13218842e+01 1.12843676e+01 1.19051228e+01
    1.10606689e+01 1.06244707e+01 1.07969437e+01 1.20072794e+01
    1.19758415e+01 1.07506733e+01 1.09135466e+01 1.18265858e+01
    1.07493944e+01 1.08502407e+01 1.17038412e+01 1.19901762e+01
    1.14590788e+01 1.21752625e+01 1.27420340e+01 1.30374441e+01
    1.14918337e+01 1.11493664e+01 9.99157047e+00 1.05002489e+01
    1.07731342e+01 1.08935499e+01 1.10672617e+01 1.23543282e+01
    1.06682587e+01 1.07760000e+01 1.11757860e+01 1.38841028e+01
    1.12052364e+01 1.08403883e+01 1.14077139e+01 1.14192543e+01
    1.16350231e+01 1.20444021e+01 1.04864635e+01 1.07727089e+01
    1.10663671e+01 1.16180429e+01 1.09720526e+01 1.02713909e+01
    1.25170031e+01 1.14264412e+01 1.21677589e+01 1.03903198e+01
    1.05657768e+01 1.10014458e+01 1.22048998e+01 1.00483465e+01
    1.01019983e+01 1.14474859e+01 1.01885252e+01 1.16900158e+01
    1.13138905e+01 1.15484991e+01 1.17832069e+01 1.30552578e+01
    1.10128222e+01 1.16962147e+01 1.18883581e+01 1.09825554e+01
    1.22623863e+01 1.05053129e+01 1.12785025e+01 1.15203753e+01
    1.25672483e+01 1.20573521e+01 1.26646099e+01 1.28930387e+01
    1.39214029e+01 1.35193844e+01 1.23781824e+01 1.25414019e+01
    1.33619223e+01 1.33323812e+01 1.09649105e+01 1.35196695e+01
    1.15484104e+01 1.13193493e+01 1.28181648e+01 1.11414604e+01
    1.07017679e+01 1.16237898e+01 1.09041119e+01 1.04766693e+01
    1.13522406e+01 1.10121555e+01 1.08729992e+01 1.18611841e+01
    1.10400066e+01 1.05823536e+01 1.13584690e+01 1.10304632e+01
    1.17522411e+01 1.22504864e+01 1.04365234e+01 1.16497440e+01
    1.22123795e+01 1.21478481e+01 1.17043066e+01 1.10542288e+01
    1.10414333e+01 1.19930916e+01 1.21074219e+01 1.12550859e+01
    1.36937885e+01 1.34815445e+01 1.36630993e+01 1.31396255e+01
    1.23644896e+01 1.38277855e+01 1.24901094e+01 1.25642014e+01
    1.20357237e+01 1.02611074e+01 1.20779028e+01 1.20737257e+01
    1.32486258e+01 1.13239384e+01 1.20220613e+01 1.36104078e+01
    1.29852972e+01 1.15028505e+01 1.18801050e+01 1.09725895e+01
    1.22183943e+01 1.27311192e+01 9.87950134e+00 1.13578739e+01
    1.25044098e+01 1.34047012e+01 1.31129026e+01 1.25335894e+01
    1.12807035e+01 1.25188732e+01 1.24666443e+01 1.24232473e+01
    1.05933304e+01 1.09617920e+01 1.25590143e+01 1.25639877e+01
    1.32329865e+01 1.23841410e+01 1.21508141e+01 1.39944363e+01
    1.29847021e+01 1.16602163e+01 1.11845417e+01 1.21411209e+01
    9.88600063e+00 1.04499569e+01 1.16755352e+01 1.11777210e+01
    1.17022839e+01 1.08100176e+01 1.20559807e+01 1.24237957e+01
    1.07167473e+01 1.21471119e+01 1.23345022e+01 1.30585051e+01
    1.17877178e+01 1.19396687e+01 1.29869452e+01 1.34185038e+01
    1.25779161e+01 1.29105568e+01 1.24912996e+01 1.28705473e+01
    1.29286442e+01 1.35182629e+01 1.26986055e+01 1.38873959e+01
    1.18383799e+01 1.17294626e+01 1.14008389e+01 1.05934544e+01
    1.04453745e+01 9.81863499e+00 1.06511412e+01 1.14479551e+01
    1.11672087e+01 1.13790398e+01 1.12219572e+01 1.22597551e+01
    1.29179955e+01 1.09215336e+01 1.14605846e+01 1.06964283e+01
    1.09725780e+01 1.05044441e+01 1.07912645e+01 9.72553825e+00
    1.08681307e+01 1.15387678e+01 1.14371157e+01 1.10574703e+01
    1.08755856e+01 1.18380671e+01 1.21866751e+01 1.14675541e+01
    1.09527941e+01 1.00224085e+01 1.06548290e+01 1.12136068e+01
    1.12615414e+01 9.98294449e+00 1.14270439e+01 1.25096951e+01
    1.06866674e+01 1.06289568e+01 1.19377356e+01 1.15864115e+01
    1.08326225e+01 1.14782372e+01 1.26742287e+01 1.21733551e+01
    1.19470968e+01 1.15293159e+01 1.21466093e+01 1.09616232e+01
    1.12688227e+01 1.06144905e+01 9.61307240e+00 9.88784122e+00
    1.12645578e+01 1.14142084e+01 1.13816462e+01 9.96535301e+00
    1.31291971e+01 1.37025862e+01 1.14582033e+01 1.26943617e+01
    1.13917990e+01 1.10324898e+01 1.26014566e+01 1.10822792e+01
    1.15742683e+01 1.18421173e+01 1.18122330e+01 1.38541250e+01
    1.30738888e+01 1.30151377e+01 1.31577234e+01 1.26884298e+01
    1.24532375e+01 1.17731037e+01 1.12911386e+01 1.17017508e+01
    1.14938946e+01 1.23465309e+01 1.13281984e+01 1.14408855e+01
    1.15161190e+01 1.06026506e+01 1.20263309e+01 1.14473486e+01
    9.51774883e+00 1.05722513e+01 1.00017719e+01 9.16746902e+00
    1.12267780e+01 1.05414190e+01 1.05284691e+01 1.14658918e+01
    1.17024517e+01 1.19971218e+01 1.20318966e+01 1.01052122e+01
    1.19685669e+01 1.14752111e+01 1.06981373e+01 1.15139704e+01
    1.15170183e+01 1.10230255e+01 1.21510963e+01 1.12151060e+01
    1.31391506e+01 1.38858528e+01 1.39326687e+01 1.21343813e+01
    1.19310417e+01 1.22887535e+01 1.36423588e+01 1.20050869e+01
    1.20461941e+01 1.08670721e+01 1.20438156e+01 1.24144258e+01
    1.21070547e+01 1.07609720e+01 1.25729895e+01 1.30492935e+01
    1.13216982e+01 1.07756653e+01 1.12274218e+01 1.19337234e+01
    1.24462671e+01 1.10804167e+01 9.84294319e+00 1.16177750e+01
    1.09448614e+01 1.18867025e+01 1.08461981e+01 1.16207809e+01
    1.06917601e+01 1.17384424e+01 1.15445004e+01 1.04135590e+01
    1.08131342e+01 1.06556587e+01 1.25360670e+01 9.78937244e+00
    1.00639296e+01 1.20521870e+01 1.17384329e+01 1.12246504e+01
    1.34059038e+01 1.21093693e+01 1.20852213e+01 1.29285812e+01
    1.25700703e+01 1.25011587e+01 1.26556416e+01 1.29092445e+01
    1.21380138e+01 1.24124680e+01 1.13102646e+01 1.18893404e+01
    1.18461590e+01 1.11246367e+01 1.01156673e+01 1.02562723e+01
    1.07253752e+01 9.20698357e+00 1.01623125e+01 1.05126677e+01
    1.01727762e+01 1.15589800e+01 1.03415499e+01 1.07235622e+01
    1.27952099e+01 1.19319582e+01 1.14997692e+01 1.05919256e+01
    1.07411289e+01 1.08208284e+01 1.19661913e+01 1.13093729e+01
    1.26406507e+01 1.13563871e+01 1.23185043e+01 1.38492479e+01
    1.28614779e+01 1.21920376e+01 1.47023954e+01 1.28652506e+01
    1.25830956e+01 1.34534407e+01 1.25902071e+01 1.32061777e+01
    1.27270823e+01 1.23042717e+01 1.07677984e+01 1.05788622e+01
    1.14168749e+01 1.20226774e+01 1.10806904e+01 1.15933886e+01
    1.16640797e+01 1.23230667e+01 1.20840607e+01 1.29790735e+01
    1.24913511e+01 1.24455566e+01 1.26808052e+01 1.36127701e+01
    1.15051336e+01 1.13505106e+01 1.22466898e+01 1.28217392e+01
    1.27559366e+01 1.17996492e+01 9.23062706e+00 1.19205189e+01
    1.23445234e+01 1.15495739e+01 1.06893454e+01 1.09588776e+01
    1.17578278e+01 1.29685822e+01 1.30475340e+01 1.29822254e+01
    1.26009083e+01 1.33493404e+01 1.24910526e+01 1.25641432e+01
    1.12823334e+01 9.97723770e+00 1.00756588e+01 1.06560297e+01
    1.09182529e+01 1.11371574e+01 1.08847561e+01 1.20833712e+01
    1.22496357e+01 1.24641514e+01 1.16305885e+01 1.34179668e+01
    1.14630337e+01 1.24193058e+01 1.15343618e+01 1.19627485e+01
    1.28313046e+01 1.17878380e+01 1.14185982e+01 1.32330561e+01
    1.24978895e+01 1.20240602e+01 1.28207092e+01 1.39413567e+01
    1.31102257e+01 1.14693031e+01 1.26132183e+01 1.17315559e+01
    1.13730707e+01 1.08119612e+01 1.15209312e+01 1.06293640e+01
    1.05979595e+01 1.13564730e+01 1.12410898e+01 1.04841757e+01
    1.17096434e+01 1.18232727e+01 1.15535669e+01 1.04217577e+01
    1.14373169e+01 1.12902679e+01 9.59722519e+00 1.05417795e+01
    1.05048046e+01 1.12868013e+01 1.09931145e+01 1.27918959e+01
    1.30376062e+01 1.18573008e+01 1.23000717e+01 1.25963955e+01
    1.12487040e+01 1.36158543e+01 1.11361179e+01 1.13003187e+01
    1.17751942e+01 1.12612133e+01 1.00344553e+01 1.00738001e+01
    1.06331692e+01 1.13591661e+01 1.10886650e+01 1.06563663e+01
    1.05866394e+01 1.25730143e+01 1.06204119e+01 1.08389215e+01
    1.18789024e+01 1.16696787e+01 1.18655901e+01 9.45625401e+00
    1.01650219e+01 1.18180676e+01 1.20490360e+01 1.05908022e+01
    9.25475693e+00 1.08173237e+01 1.13383341e+01 1.17376556e+01
    1.14801130e+01 1.18112917e+01 1.30486469e+01 1.30052576e+01
    1.25129433e+01 1.23498526e+01 1.15094719e+01 1.11294270e+01
    1.23583994e+01 1.17111454e+01 1.19842691e+01 1.17842293e+01
    1.16970272e+01 1.30761318e+01 1.33498240e+01 1.29720631e+01
    1.37210865e+01 1.20695848e+01 1.28691645e+01 1.23288174e+01
    1.18745117e+01 1.21486244e+01 1.17103062e+01 1.13193913e+01
    1.22716599e+01 1.22204370e+01 1.34057884e+01 1.19255209e+01
    1.21898737e+01 1.23297396e+01 1.24272852e+01 1.05343275e+01
    1.05429182e+01 1.03044567e+01 1.10087194e+01 1.19598045e+01
    1.07170258e+01 1.19406271e+01 1.23790760e+01 1.29087496e+01
    1.20874672e+01 1.02986050e+01 1.12873669e+01 1.06910324e+01
    1.02513361e+01 1.16219978e+01 1.10781155e+01 1.14377422e+01
    1.06615620e+01 1.20791626e+01 1.22922716e+01 1.26843958e+01
    1.15421896e+01 1.11478462e+01 1.22467060e+01 1.33809948e+01
    1.23265619e+01 1.22555370e+01 1.22713070e+01 1.18673801e+01
    1.23177261e+01 1.22928066e+01 1.22726603e+01 1.08907433e+01
    1.17607613e+01 1.21439199e+01 1.03318243e+01 1.09954920e+01
    1.21894722e+01 1.11974001e+01 1.24141121e+01 1.24318895e+01
    1.16796379e+01 1.30472536e+01 1.14502048e+01 1.28980141e+01
    1.33355160e+01 1.13379469e+01 1.20520897e+01 1.15064125e+01
    1.25161791e+01 1.24527664e+01 1.04789438e+01 1.08404112e+01
    1.04726143e+01 1.11407356e+01 9.31026840e+00 1.18856163e+01
    1.08827705e+01 1.15431824e+01 1.25855007e+01 1.30057611e+01
    1.32559013e+01 1.31224194e+01 1.18599796e+01 1.14630289e+01
    1.25574074e+01 1.29287195e+01 1.01673546e+01 1.08906517e+01
    1.13774071e+01 1.17773457e+01 1.17830496e+01 9.96866798e+00
    1.10630407e+01 1.05049515e+01 1.04269123e+01 9.55973339e+00
    1.05478096e+01 1.07034330e+01 9.14380169e+00 1.04601870e+01
    1.12441645e+01 8.72745800e+00 1.20503016e+01 1.01846619e+01
    1.01232204e+01 9.86830807e+00 9.69588184e+00 9.90277672e+00
    1.20081720e+01 9.99380589e+00 1.11218262e+01 1.07842646e+01
    1.21917953e+01 1.17792435e+01 1.18758612e+01 1.20615406e+01
    1.26529207e+01 1.35062437e+01 1.28547926e+01 1.32181273e+01
    1.28987951e+01 1.29298019e+01 1.21570692e+01 1.20677185e+01
    1.13118353e+01 1.05482607e+01 1.04129219e+01 1.27577639e+01
    1.16608362e+01 1.03547125e+01 1.24256229e+01 1.17084532e+01
    1.21742458e+01 1.25747147e+01 1.20208359e+01 1.27659311e+01
    1.19430494e+01 1.34948559e+01 1.26597195e+01 1.19885826e+01
    1.30071068e+01 1.11752119e+01 1.23980560e+01 1.16188221e+01
    1.02893648e+01 1.10670671e+01 1.20997467e+01 1.17084303e+01
    1.13808031e+01 1.02205515e+01 1.18255510e+01 1.25712595e+01
    1.23268147e+01 1.20614986e+01 1.43229437e+01 1.28795815e+01
    1.20237942e+01 1.28960524e+01 1.28304968e+01 1.11599283e+01
    9.95069599e+00 1.06068373e+01 1.12841511e+01 1.09462404e+01
    9.91924667e+00 1.18658113e+01 1.17770891e+01 1.07944231e+01
    1.18300486e+01 1.24284525e+01 1.25892076e+01 1.22503347e+01
    1.21765528e+01 1.22831898e+01 1.34298096e+01 1.09459839e+01
    1.20427189e+01 1.23810568e+01 1.15796680e+01 1.23577299e+01
    1.27021971e+01 1.14259872e+01 1.18606892e+01 1.13455830e+01
    1.15169611e+01 1.14352503e+01 1.11493330e+01 1.16373234e+01
    1.00068130e+01 1.12567835e+01 1.18475418e+01 1.21096077e+01
    1.14830036e+01 1.04919395e+01 1.20623646e+01 1.22399006e+01
    1.18720446e+01 1.01430531e+01 1.15478373e+01 1.14332819e+01
    1.01929884e+01 1.19250107e+01 1.04770441e+01 1.15829821e+01
    1.23405151e+01 1.12385397e+01 1.27535076e+01 1.22091761e+01
    1.09310703e+01 1.17201490e+01 1.29720631e+01 1.27058020e+01
    1.11653109e+01 9.81392002e+00 1.12653151e+01 1.17407398e+01
    1.21052866e+01 1.18302755e+01 1.12018499e+01 1.11145954e+01
    1.06050291e+01 1.04535780e+01 9.98991966e+00 1.18659925e+01
    1.11629896e+01 1.17995892e+01 1.16494627e+01 1.15921259e+01
    1.21032743e+01 1.17289991e+01 1.11461859e+01 1.24045906e+01
    1.11123400e+01 1.08062372e+01 9.50621223e+00 1.06552248e+01
    1.27806158e+01 1.17473783e+01 1.20793543e+01 1.18549461e+01
    1.24523439e+01 1.34298639e+01 1.27944241e+01 1.24188404e+01
    1.15486517e+01 1.15973492e+01 1.23749170e+01 1.03852320e+01
    1.09660950e+01 1.36610012e+01 1.20725231e+01 1.31751966e+01
    1.35422192e+01 1.32512341e+01 1.29629860e+01 1.31728582e+01
    1.25760641e+01 1.09503965e+01 1.10785351e+01 1.10414877e+01
    1.21252890e+01 1.21725225e+01 1.26836157e+01 1.30000277e+01
    1.41659403e+01 1.30441456e+01 1.17333965e+01 1.28335152e+01
    1.30877285e+01 1.18803310e+01 1.14505806e+01 9.96201324e+00
    1.02181625e+01 1.21957655e+01 9.95107651e+00 1.16200199e+01</data></my_img>
<your_img type_id="opencv-matrix">
  <rows>122</rows>
  <cols>250</cols>
  <dt>f</dt>
  <data>
    4.75356436e+00 4.10729551e+00 5.60660934e+00 7.43207932e+00
    7.04525900e+00 7.25656080e+00 6.85505581e+00 7.55379295e+00
    7.10901165e+00 7.65371895e+00 7.51707554e+00 7.85328722e+00
    6.85254622e+00 7.39239311e+00 7.32810259e+00 7.06455803e+00
    8.18346500e+00 6.26716757e+00 7.64131641e+00 7.46780872e+00
    7.29950857e+00 7.13966179e+00 7.62864351e+00 7.26505327e+00
    7.78694820e+00 7.81471491e+00 7.72187281e+00 7.66965580e+00
    7.53377295e+00 8.44165039e+00 9.06131649e+00 7.41094637e+00
    7.79161882e+00 7.97155190e+00 9.21898651e+00 8.91498947e+00
    7.83822632e+00 8.41244221e+00 7.77326441e+00 8.03592300e+00
    7.04087162e+00 7.01333523e+00 6.74547815e+00 5.96977901e+00
    6.34061384e+00 6.57037354e+00 6.92862415e+00 6.81924915e+00
    7.00896263e+00 7.33565235e+00 7.73064613e+00 7.19050598e+00
    8.37894726e+00 9.23188305e+00 7.79408598e+00 7.23060560e+00
    7.48377752e+00 8.03280735e+00 8.18271637e+00 8.26149845e+00
    7.40054560e+00 7.43709898e+00 7.44111347e+00 9.44395924e+00
    9.17469311e+00 7.68130159e+00 8.00336933e+00 7.43114758e+00
    7.17849922e+00 7.35943317e+00 7.62119007e+00 6.84951973e+00
    6.12357378e+00 6.87516880e+00 6.01017952e+00 6.15885258e+00
    5.83907652e+00 5.52950907e+00 6.14932346e+00 5.70285177e+00
    6.12938452e+00 7.22904587e+00 6.25789928e+00 7.16925287e+00
    8.09805489e+00 7.51449919e+00 7.27688980e+00 8.12568665e+00
    7.91557693e+00 8.10915375e+00 8.57710075e+00 8.37288380e+00
    7.39380360e+00 7.17434502e+00 8.61624718e+00 7.99867249e+00
    7.33447790e+00 7.30469418e+00 5.97273922e+00 6.99463272e+00
    7.71409321e+00 7.06918192e+00 6.50878954e+00 7.14205647e+00
    6.75031424e+00 7.29044533e+00 6.70863581e+00 6.29160023e+00
    6.38477755e+00 7.12826538e+00 5.78483486e+00 7.24367332e+00
    7.27453899e+00 6.46495247e+00 7.69821596e+00 7.39879274e+00
    7.18400908e+00 6.49812460e+00 6.71538353e+00 6.24333858e+00
    7.29466009e+00 7.65975332e+00 6.74773550e+00 6.66187477e+00
    7.44303513e+00 7.46552372e+00 6.74463177e+00 7.46737957e+00
    6.00628281e+00 7.47838736e+00 6.73742151e+00 6.69648218e+00
    7.34420252e+00 7.50131893e+00 8.03297997e+00 6.76667643e+00
    6.95015097e+00 6.89955616e+00 6.63599539e+00 7.12218094e+00
    5.55955124e+00 6.53776550e+00 5.70874596e+00 5.56822252e+00
    7.42129755e+00 7.03596020e+00 6.96140671e+00 7.11254454e+00
    5.70159006e+00 7.37959146e+00 7.36687899e+00 6.77150249e+00
    7.68791056e+00 7.38100481e+00 6.53854513e+00 6.81768751e+00
    6.93035030e+00 6.65288639e+00 6.26365137e+00 6.90754700e+00
    5.58584976e+00 5.61189747e+00 7.80999947e+00 7.11876392e+00
    7.25553226e+00 8.19938183e+00 8.10470200e+00 8.10602856e+00
    7.71966648e+00 7.57471752e+00 7.60004473e+00 8.50984859e+00
    5.97304964e+00 5.56912041e+00 7.27087402e+00 6.88556099e+00
    7.17589617e+00 5.77120543e+00 6.37346888e+00 6.55658817e+00
    7.06569672e+00 7.63905382e+00 7.05628729e+00 6.55068302e+00
    5.90944767e+00 6.23284769e+00 5.66711950e+00 6.75320482e+00
    6.38490582e+00 5.93830156e+00 5.81002426e+00 6.52042770e+00
    6.45497465e+00 7.41018105e+00 7.44023991e+00 6.92666245e+00
    7.59637070e+00 8.10258102e+00 7.63995504e+00 8.41898155e+00
    6.70622396e+00 6.36914635e+00 6.85104418e+00 5.92378426e+00
    6.41346121e+00 5.41040850e+00 5.48843241e+00 6.25780201e+00
    6.09488344e+00 6.49993134e+00 6.66256571e+00 7.80533600e+00
    7.49515247e+00 7.34033918e+00 7.13540697e+00 7.31791210e+00
    8.16903591e+00 7.32447624e+00 6.54635525e+00 6.62730455e+00
    7.59651661e+00 7.64251328e+00 7.84134483e+00 6.90793610e+00
    7.05947113e+00 8.19449043e+00 6.60791063e+00 6.07973146e+00
    7.96308756e+00 7.31054020e+00 6.89304304e+00 7.50005293e+00
    7.24146938e+00 7.44602823e+00 6.61763096e+00 6.75886917e+00
    6.54961777e+00 5.22253180e+00 4.88779783e+00 5.39240789e+00
    6.23099661e+00 5.35362101e+00 4.92442179e+00 6.14722681e+00
    6.82009125e+00 6.53208017e+00 7.36566353e+00 8.24388218e+00
    7.86407375e+00 8.48620605e+00 5.08268785e+00 6.02301979e+00
    6.29053593e+00 9.34358215e+00 7.92994785e+00 7.89304876e+00
    9.58252239e+00 8.02595997e+00 9.08603191e+00 9.51162529e+00
    8.56679726e+00 8.40273666e+00 8.63234806e+00 7.59554338e+00
    7.66122675e+00 8.09997272e+00 8.01922989e+00 7.19032812e+00
    7.94046259e+00 8.59909248e+00 7.94930887e+00 8.89108849e+00
    8.05485153e+00 8.71506214e+00 9.26144791e+00 9.56562519e+00
    9.10723686e+00 7.95251751e+00 9.87129211e+00 9.94377995e+00
    9.33417702e+00 9.70369148e+00 9.16423035e+00 9.69396305e+00
    1.03786707e+01 8.82890320e+00 8.93563938e+00 8.40932083e+00
    8.80763817e+00 8.63084126e+00 7.42709351e+00 8.06118202e+00
    7.76255369e+00 6.31203604e+00 7.52666616e+00 7.48073006e+00
    7.26179314e+00 6.67649126e+00 7.09855032e+00 8.84240532e+00
    8.34714127e+00 7.78260517e+00 9.91076374e+00 1.08628063e+01
    8.42379761e+00 8.50035954e+00 9.03053284e+00 8.25113392e+00
    9.38297749e+00 9.10345650e+00 7.71366215e+00 8.56990337e+00
    9.91057301e+00 1.01143761e+01 1.01374779e+01 1.01177673e+01
    9.83771896e+00 9.03894138e+00 7.79014730e+00 8.71353436e+00
    8.42266560e+00 7.09782791e+00 6.85176325e+00 7.08088684e+00
    8.11281681e+00 7.50636625e+00 7.52223206e+00 6.42381668e+00
    6.71674347e+00 7.67480087e+00 7.06129789e+00 7.04921103e+00
    6.69494295e+00 7.95696163e+00 9.14778614e+00 7.76952362e+00
    8.36015606e+00 8.85404491e+00 7.76196337e+00 8.43546104e+00
    8.20614338e+00 9.29263401e+00 9.30542183e+00 9.11606789e+00
    9.06617451e+00 8.61369705e+00 8.82891464e+00 7.90014982e+00
    7.68734026e+00 7.04497147e+00 7.86327171e+00 7.92284346e+00
    6.76342773e+00 8.11370564e+00 7.87662411e+00 8.40569687e+00
    8.72809982e+00 7.02883196e+00 7.33782911e+00 7.26152563e+00
    7.38625717e+00 7.87549829e+00 8.04650974e+00 7.15024519e+00
    8.48499966e+00 8.81586266e+00 7.80570889e+00 7.88025093e+00
    7.31073999e+00 7.67738342e+00 8.47477627e+00 8.47817707e+00
    8.37902451e+00 7.69342756e+00 8.85742474e+00 8.92171383e+00
    9.43696594e+00 7.35351086e+00 7.10745525e+00 7.68028641e+00
    8.19361305e+00 7.30361080e+00 6.95437670e+00 8.38801098e+00
    7.97706509e+00 7.38338661e+00 7.23922729e+00 7.27756548e+00
    6.91055155e+00 7.68485403e+00 6.84840393e+00 7.12283325e+00
    6.72656107e+00 7.01595068e+00 8.48386765e+00 8.59204769e+00
    8.26796341e+00 9.20382595e+00 8.32383537e+00 9.02506924e+00
    9.21289349e+00 9.23614502e+00 1.02943392e+01 9.27615738e+00
    8.44608498e+00 8.44607735e+00 8.83031654e+00 7.36313438e+00
    8.05739307e+00 7.07181597e+00 7.11530972e+00 6.87173080e+00
    7.39667273e+00 6.81461382e+00 8.29016209e+00 8.61207771e+00
    8.94530869e+00 7.63648129e+00 9.47616005e+00 8.54215908e+00
    9.69707680e+00 8.62466908e+00 8.39638615e+00 7.73242521e+00
    7.62480545e+00 7.36993074e+00 6.45465469e+00 6.77628851e+00
    7.65152311e+00 6.69974041e+00 7.22881556e+00 8.52946949e+00
    7.76514482e+00 8.97538662e+00 8.23565578e+00 7.62963486e+00
    7.94766665e+00 7.35009146e+00 7.16197872e+00 6.83725739e+00
    6.21078634e+00 6.82733250e+00 6.24964523e+00 8.84715557e+00
    7.87383747e+00 6.81704807e+00 7.48761177e+00 8.79874134e+00
    8.87175369e+00 9.02652740e+00 6.38114262e+00 8.48777962e+00
    8.72955322e+00 8.16247654e+00 8.15248585e+00 7.77469921e+00
    6.66987276e+00 7.67495918e+00 7.34234524e+00 7.86148548e+00
    8.43902016e+00 8.48598003e+00 7.80197001e+00 8.15085030e+00
    7.99269199e+00 7.85113382e+00 8.59096146e+00 8.86907578e+00
    7.49534130e+00 7.56112957e+00 9.64336872e+00 9.10072136e+00
    8.38801765e+00 8.66534042e+00 9.59232807e+00 9.86243629e+00
    7.99373865e+00 7.52683544e+00 9.32539749e+00 8.64515305e+00
    8.10689926e+00 8.28842831e+00 8.31633568e+00 7.65225840e+00
    7.16042089e+00 7.68073940e+00 7.17944288e+00 6.29666042e+00
    6.14018583e+00 7.33039093e+00 7.47728014e+00 6.90709782e+00
    6.80958462e+00 7.74737501e+00 9.16046715e+00 9.02794838e+00
    8.80976486e+00 9.11221600e+00 9.93424225e+00 9.64161205e+00
    5.60874462e+00 6.25480604e+00 7.70758629e+00 1.09700279e+01
    8.90542412e+00 1.03018036e+01 1.20454054e+01 1.07743931e+01
    1.16467552e+01 1.11334620e+01 1.05719013e+01 1.13421021e+01
    1.16587219e+01 9.68099976e+00 1.07620401e+01 1.05255070e+01
    9.42033100e+00 9.73095417e+00 9.60856533e+00 9.67138767e+00
    9.35229588e+00 8.98762703e+00 1.05703020e+01 1.07848206e+01
    1.05055828e+01 1.15994387e+01 1.06523781e+01 1.02151012e+01
    1.13875847e+01 1.20801783e+01 1.07760038e+01 1.13440447e+01
    1.04322395e+01 1.13759594e+01 1.22821102e+01 1.22857628e+01
    1.11048241e+01 9.54166603e+00 1.14759750e+01 1.02423601e+01
    9.45387745e+00 9.61156940e+00 7.99895191e+00 8.15287399e+00
    9.81820488e+00 8.42579460e+00 8.51329899e+00 9.22181129e+00
    9.22318554e+00 1.02128210e+01 1.00066328e+01 8.51745987e+00
    1.02486238e+01 1.12984800e+01 9.88503075e+00 9.57043743e+00
    1.00737934e+01 9.17591476e+00 1.07241192e+01 1.14143658e+01
    9.61779881e+00 9.83274555e+00 1.14962282e+01 1.09526033e+01
    1.19949875e+01 1.10196791e+01 1.10531406e+01 9.68246746e+00
    9.00946045e+00 9.87891388e+00 1.02668343e+01 9.46891785e+00
    8.41489124e+00 9.00411797e+00 8.82359695e+00 8.33605576e+00
    8.72833061e+00 8.29771805e+00 7.88144302e+00 8.64342690e+00
    7.76960897e+00 9.50243378e+00 9.53481007e+00 9.48595333e+00
    9.89768505e+00 9.71437168e+00 9.67131805e+00 9.11379814e+00
    9.35307026e+00 1.09018116e+01 9.68285370e+00 9.59727287e+00
    1.01806097e+01 9.59681702e+00 1.00143414e+01 1.03179970e+01
    9.52832603e+00 9.66642952e+00 9.42770386e+00 9.06713200e+00
    9.39202404e+00 9.75578213e+00 8.74827290e+00 8.85532856e+00
    8.02103519e+00 9.79840279e+00 1.04036837e+01 8.84770298e+00
    8.14621544e+00 1.01001110e+01 1.02706795e+01 8.95676041e+00
    9.86048317e+00 9.82073879e+00 1.06134510e+01 1.03234806e+01
    9.65261173e+00 9.66260910e+00 9.17361736e+00 1.06277647e+01
    1.01677628e+01 8.99843311e+00 1.00678425e+01 9.73239994e+00
    9.01474762e+00 1.05051374e+01 1.07730894e+01 9.07587337e+00
    8.68274021e+00 9.47816753e+00 1.00865479e+01 9.36830044e+00
    1.03762159e+01 1.00704689e+01 9.35240841e+00 1.07550125e+01
    1.04035206e+01 1.02355633e+01 9.38747406e+00 1.06700163e+01
    9.83221436e+00 8.10579014e+00 1.00873079e+01 8.87670898e+00
    8.42935085e+00 1.01779547e+01 9.13677979e+00 9.92947102e+00
    8.41717815e+00 9.99328995e+00 1.13537397e+01 1.05312119e+01
    1.21667671e+01 1.02510519e+01 1.02551289e+01 1.16162643e+01
    1.03070393e+01 9.96604633e+00 9.60392284e+00 9.20546722e+00
    9.16897678e+00 8.42136860e+00 8.89879608e+00 1.01121550e+01
    1.01150818e+01 1.14718952e+01 1.01582603e+01 1.05175085e+01
    1.15527782e+01 1.19497614e+01 1.14397163e+01 1.11427002e+01
    1.02997971e+01 9.74545479e+00 1.08598051e+01 9.60431862e+00
    8.96366024e+00 9.61737823e+00 9.01846886e+00 7.41198874e+00
    9.79964828e+00 1.04888668e+01 9.69898605e+00 9.90385723e+00
    1.00568914e+01 8.27080727e+00 9.51277351e+00 8.62088394e+00
    8.58692646e+00 8.37123013e+00 7.22668695e+00 8.53719044e+00
    7.61359930e+00 9.95955944e+00 9.21225739e+00 9.25904179e+00
    9.84174538e+00 1.03246775e+01 1.12263737e+01 1.05288620e+01
    9.06501770e+00 8.67153454e+00 9.92314053e+00 8.35666084e+00
    7.99708796e+00 8.72828674e+00 7.73693895e+00 8.34940624e+00
    9.74511147e+00 9.35283661e+00 1.10909548e+01 9.71580029e+00
    1.02691183e+01 1.00155334e+01 9.72047520e+00 9.97109032e+00
    1.09711761e+01 9.80704880e+00 9.51321316e+00 9.97687149e+00
    1.16205406e+01 1.14143724e+01 1.02460594e+01 1.15395002e+01
    1.10613613e+01 1.02319269e+01 1.06602612e+01 9.53179550e+00
    1.04867783e+01 1.03130722e+01 1.06212082e+01 1.02645035e+01
    9.88003063e+00 8.61035728e+00 9.61828041e+00 9.40111160e+00
    7.48856974e+00 7.80356503e+00 8.22413635e+00 7.89871168e+00
    8.34366894e+00 9.03531837e+00 8.48243046e+00 9.80278683e+00
    9.98067379e+00 1.02204933e+01 1.00983791e+01 1.12720242e+01
    1.06082640e+01 1.20326843e+01 6.77070189e+00 7.97220802e+00
    1.07429180e+01 1.22376556e+01 1.30842762e+01 1.22234640e+01
    1.26588945e+01 1.22597923e+01 1.35362720e+01 1.20051498e+01
    1.25715752e+01 1.30057917e+01 1.17708492e+01 1.21560488e+01
    1.20932083e+01 1.24203558e+01 1.12783012e+01 1.20674038e+01
    1.28848829e+01 1.26161594e+01 1.23449497e+01 1.12180719e+01
    1.20598927e+01 1.24871473e+01 1.17756281e+01 1.23007240e+01
    1.30133181e+01 1.20311909e+01 1.18279028e+01 1.27689552e+01
    1.30144367e+01 1.31810894e+01 1.23624964e+01 1.32846622e+01
    1.42863674e+01 1.31963520e+01 1.20405540e+01 1.13529034e+01
    1.18187666e+01 1.18457794e+01 1.12512102e+01 1.11832113e+01
    9.84733295e+00 9.88860130e+00 1.20819387e+01 1.08047142e+01
    1.01413126e+01 1.11783571e+01 1.07882910e+01 1.08714571e+01
    1.28766508e+01 1.16664886e+01 1.29473314e+01 1.35819845e+01
    1.33498526e+01 1.07890587e+01 1.21458378e+01 1.30825758e+01
    1.19521084e+01 1.23845510e+01 1.27856817e+01 1.16767159e+01
    1.34011555e+01 1.39521456e+01 1.23137989e+01 1.31177015e+01
    1.23119898e+01 1.18779755e+01 1.20143270e+01 1.05892000e+01
    1.24159966e+01 1.06963863e+01 1.02804680e+01 1.04530230e+01
    9.82661438e+00 1.10787973e+01 1.11175900e+01 9.02232456e+00
    9.64119911e+00 1.07606249e+01 1.03598528e+01 1.13306446e+01
    9.71375847e+00 1.10649366e+01 1.18528118e+01 1.24842844e+01
    1.14195366e+01 1.21623793e+01 1.10656824e+01 1.19065046e+01
    1.23218937e+01 1.11495419e+01 1.22487602e+01 1.27233801e+01
    1.29329977e+01 1.27050104e+01 1.05539761e+01 1.10653877e+01
    1.14084425e+01 1.02814589e+01 1.06385670e+01 1.02490301e+01
    1.01612062e+01 9.69324398e+00 9.55692005e+00 1.14638567e+01
    1.19247179e+01 9.60834980e+00 1.05618811e+01 1.14496212e+01
    1.07027941e+01 1.10737877e+01 1.09071636e+01 1.17987461e+01
    1.21637926e+01 1.21761141e+01 1.12697105e+01 1.07590466e+01
    1.14273453e+01 1.21233492e+01 1.17065945e+01 1.13690004e+01
    1.22567387e+01 1.15570059e+01 1.10765324e+01 1.22722483e+01
    1.19063196e+01 9.95677185e+00 1.09514084e+01 1.12560883e+01
    1.04303808e+01 1.15205202e+01 1.11523457e+01 1.19799433e+01
    1.03774805e+01 1.14486446e+01 1.17491570e+01 1.09931049e+01
    1.11948814e+01 1.17983303e+01 1.11196117e+01 1.18073788e+01
    1.17525749e+01 1.16961098e+01 1.15172443e+01 1.30712738e+01
    1.26177063e+01 1.19896755e+01 1.18333721e+01 1.13722410e+01
    1.26275997e+01 1.24729719e+01 1.31048574e+01 1.21207495e+01
    1.32353439e+01 1.27230406e+01 1.20634689e+01 1.12015848e+01
    1.02458239e+01 1.04745502e+01 8.50991535e+00 8.49710083e+00
    1.10634756e+01 9.33626556e+00 1.13137751e+01 1.19768219e+01
    1.22237682e+01 1.24676943e+01 1.35500546e+01 1.31199636e+01
    1.43466272e+01 1.27645226e+01 1.22752533e+01 1.18612061e+01
    1.22014990e+01 1.00511169e+01 1.06396494e+01 1.10037556e+01
    1.00622301e+01 1.03118525e+01 1.14979095e+01 1.26342640e+01
    1.07082872e+01 1.18035355e+01 1.17288780e+01 1.01941757e+01
    1.04764643e+01 1.06946211e+01 9.90070724e+00 1.04517298e+01
    8.81082344e+00 9.13969707e+00 1.07610073e+01 1.12554159e+01
    1.21934814e+01 1.00912218e+01 1.13891478e+01 1.26593895e+01
    1.26301727e+01 1.31480131e+01 1.11573372e+01 1.13180122e+01
    1.15254478e+01 1.09882212e+01 9.98758125e+00 1.03572302e+01
    9.66485786e+00 8.68583012e+00 1.08464928e+01 1.09328442e+01
    1.08376827e+01 1.12897568e+01 1.17395573e+01 1.05605974e+01
    1.04384203e+01 1.18883114e+01 1.17372875e+01 1.03362494e+01
    1.04252415e+01 1.03267469e+01 1.15821190e+01 1.14792309e+01
    1.11909714e+01 1.17373629e+01 1.22950706e+01 1.26777058e+01
    1.16812439e+01 1.24837523e+01 1.24382277e+01 1.04633350e+01
    1.12136440e+01 1.21446028e+01 1.14211855e+01 1.04375143e+01
    1.17349739e+01 1.06691418e+01 1.00465670e+01 1.02654314e+01
    9.96493244e+00 9.88257027e+00 1.02754154e+01 1.00943565e+01
    1.07687569e+01 1.18596020e+01 1.24902010e+01 1.27042618e+01
    1.28318844e+01 1.15605917e+01 1.35067596e+01 1.41796503e+01
    7.54335022e+00 8.20999241e+00 9.01019859e+00 1.25344095e+01
    1.23730927e+01 1.11142340e+01 1.28365974e+01 1.28813229e+01
    1.22966824e+01 1.28899145e+01 1.30827436e+01 1.35548954e+01
    1.18529873e+01 1.18846550e+01 1.24962749e+01 1.16721334e+01
    1.17141266e+01 1.19832211e+01 1.24018669e+01 1.14662571e+01
    1.32806110e+01 1.23681622e+01 1.08507919e+01 1.32966938e+01
    1.29703150e+01 1.26165552e+01 1.28408556e+01 1.14413567e+01
    1.32696447e+01 1.22534199e+01 1.27790442e+01 1.23315811e+01
    1.21151419e+01 1.35143280e+01 1.36239033e+01 1.26423941e+01
    1.37250786e+01 1.26756325e+01 1.22368746e+01 1.12878790e+01
    1.00146389e+01 1.15287409e+01 1.02051401e+01 8.86143684e+00
    1.11735954e+01 1.00601263e+01 9.86944294e+00 9.73004723e+00
    1.08710480e+01 9.98288822e+00 1.11867685e+01 1.18151903e+01
    1.13015203e+01 1.23491955e+01 1.31479359e+01 1.08261261e+01
    1.14548330e+01 1.24592848e+01 1.27320967e+01 1.14767847e+01
    1.15248957e+01 1.26752329e+01 1.39168015e+01 1.36441517e+01
    1.39364405e+01 1.29813690e+01 1.28088245e+01 1.16827841e+01
    1.15746946e+01 1.09357758e+01 1.01897154e+01 1.11861124e+01
    1.14486275e+01 1.08857555e+01 1.02981930e+01 1.13902187e+01
    1.05985785e+01 9.80496311e+00 9.04373741e+00 1.01392355e+01
    9.57096100e+00 9.85956860e+00 9.88827324e+00 1.03098097e+01
    1.10414171e+01 1.16886520e+01 1.06566391e+01 1.07483730e+01
    1.03919315e+01 1.21769457e+01 1.24907932e+01 1.22898016e+01
    1.16544132e+01 1.29937391e+01 1.26475296e+01 1.32515039e+01
    1.17736435e+01 1.18145580e+01 1.15448818e+01 1.05237989e+01
    1.10103550e+01 9.76151466e+00 8.77584267e+00 1.08403845e+01
    9.56417751e+00 1.07254152e+01 1.14226809e+01 9.42275143e+00
    9.81707573e+00 1.18960304e+01 1.06505022e+01 1.03158436e+01
    1.00925398e+01 1.21042852e+01 1.24665956e+01 1.12810259e+01
    1.12442474e+01 1.16590405e+01 1.19128866e+01 1.18911819e+01
    1.37256708e+01 1.23804054e+01 1.13788338e+01 1.20879278e+01
    1.24538708e+01 1.41314507e+01 1.34935751e+01 1.11673889e+01
    1.05091677e+01 1.15784035e+01 1.18059082e+01 1.10396624e+01
    1.11750450e+01 1.13031197e+01 1.03165035e+01 1.15861702e+01
    1.10654030e+01 1.04313555e+01 1.21578960e+01 1.01929359e+01
    9.57641792e+00 1.17319345e+01 1.14913502e+01 1.07096376e+01
    1.17551279e+01 1.21709700e+01 1.24034739e+01 1.13107147e+01
    1.21537790e+01 1.26346731e+01 1.13602457e+01 1.22921619e+01
    1.26602697e+01 1.32152710e+01 1.18176365e+01 1.22123365e+01
    1.17280407e+01 1.20345516e+01 1.13016567e+01 1.08518353e+01
    8.53662395e+00 1.00042543e+01 1.08314924e+01 9.26872540e+00
    9.69029140e+00 1.13471508e+01 1.17710714e+01 1.18477201e+01
    1.21467056e+01 1.33925543e+01 1.45288496e+01 1.26884146e+01
    1.32029638e+01 1.30055199e+01 1.16049938e+01 1.18066835e+01
    1.11232910e+01 1.08671112e+01 1.13851242e+01 1.02353716e+01
    1.16248207e+01 1.06942310e+01 1.11476870e+01 1.24186268e+01
    1.12385235e+01 1.17440519e+01 1.07748213e+01 9.52062607e+00
    1.13041553e+01 1.02114296e+01 8.91530228e+00 8.80784130e+00
    9.47785378e+00 1.05948410e+01 1.13731270e+01 9.95678043e+00
    9.69153786e+00 1.23232613e+01 1.22647696e+01 1.12411938e+01
    1.16056833e+01 1.12239847e+01 1.12055302e+01 1.22325764e+01
    1.10877972e+01 9.86658287e+00 1.02091188e+01 1.07570229e+01
    1.10934868e+01 1.06744013e+01 1.05771790e+01 1.24100714e+01
    1.07918911e+01 9.67108440e+00 1.19918537e+01 1.37786465e+01
    1.16847305e+01 1.17511883e+01 1.16850052e+01 1.03563747e+01
    1.21687698e+01 1.23028088e+01 1.14306622e+01 1.09043856e+01
    1.17736778e+01 1.27063274e+01 1.11374168e+01 1.22126236e+01
    1.35606537e+01 1.10164022e+01 1.16781263e+01 1.22158756e+01
    1.14304495e+01 1.15388279e+01 1.09794550e+01 1.03899899e+01
    1.01221552e+01 1.07908907e+01 1.00595779e+01 1.05537682e+01
    1.11834345e+01 1.13533974e+01 1.13935328e+01 1.25759993e+01
    1.40600185e+01 1.32211838e+01 1.35640106e+01 1.30085344e+01
    1.38246527e+01 1.39728956e+01 8.00892925e+00 8.56075764e+00
    9.80143261e+00 1.30142002e+01 1.25509529e+01 1.18757277e+01
    1.30082521e+01 1.30462208e+01 1.10545273e+01 1.26925306e+01
    1.33693647e+01 1.29177914e+01 1.35381021e+01 1.20031557e+01
    1.17981024e+01 1.22021151e+01 1.26374435e+01 1.17321606e+01
    1.16566572e+01 1.21488571e+01 1.23007507e+01 1.25044632e+01
    1.23626308e+01 1.26591043e+01 1.24401054e+01 1.37448196e+01
    1.28200340e+01 1.15281315e+01 1.24442234e+01 1.24884815e+01
    1.11273432e+01 1.12411261e+01 1.06794672e+01 1.29390860e+01
    1.38632126e+01 1.22618589e+01 1.13534317e+01 1.34087086e+01
    1.22253323e+01 1.22639198e+01 1.06023350e+01 1.02529459e+01
    1.05315390e+01 9.99184608e+00 1.03532715e+01 1.02923059e+01
    9.50455666e+00 9.02449131e+00 1.13792315e+01 1.04725256e+01
    1.04551268e+01 1.06266041e+01 1.20364008e+01 1.20283680e+01
    1.19917402e+01 1.02732801e+01 1.15108604e+01 1.08094778e+01
    1.23389750e+01 1.18355932e+01 1.14513407e+01 1.17873917e+01
    1.30236073e+01 1.42921658e+01 1.35033560e+01 1.24958296e+01
    1.24455366e+01 1.07662544e+01 1.16376810e+01 1.12212191e+01
    1.04777136e+01 9.42606163e+00 9.34165573e+00 1.01518040e+01
    1.17383842e+01 1.10060005e+01 1.03334332e+01 9.83680916e+00
    1.10802813e+01 1.16812811e+01 1.03466825e+01 1.13718653e+01
    1.17460690e+01 1.05749264e+01 1.14330788e+01 1.10050020e+01
    1.06225367e+01 1.11721687e+01 1.07067642e+01 1.05079174e+01
    1.23930197e+01 1.23625231e+01 1.14743176e+01 1.34360285e+01
    1.25920324e+01 1.32287569e+01 1.37291355e+01 1.22885656e+01
    1.11870279e+01 1.07340469e+01 1.28166580e+01 1.11858625e+01
    1.00280523e+01 1.03754082e+01 1.07883148e+01 1.11510954e+01
    1.09731112e+01 8.96437359e+00 9.98087788e+00 1.12698574e+01
    1.15094137e+01 1.13469458e+01 1.01512575e+01 1.11396751e+01
    1.26519194e+01 1.20991144e+01 1.14626236e+01 1.07847672e+01
    1.16924763e+01 1.10408916e+01 1.23393946e+01 1.34745331e+01
    1.04468069e+01 1.11453924e+01 1.32610865e+01 1.30383673e+01
    1.29287653e+01 1.16089907e+01 1.13213224e+01 1.24710646e+01
    1.29472351e+01 1.23490534e+01 1.16196413e+01 1.03970947e+01
    1.06650057e+01 1.14783592e+01 1.08121881e+01 1.16956348e+01
    1.18381996e+01 1.07486486e+01 1.15729027e+01 1.16449289e+01
    1.24091682e+01 1.15003901e+01 1.05443373e+01 1.34017010e+01
    1.07602272e+01 1.08156080e+01 1.06440201e+01 1.23404665e+01
    1.10257406e+01 1.22698908e+01 1.13773870e+01 1.19792299e+01
    1.23081532e+01 1.10582685e+01 1.10119905e+01 1.13673067e+01
    1.05532999e+01 9.31176949e+00 8.64729691e+00 8.07574272e+00
    1.05295057e+01 8.88695908e+00 1.16351757e+01 1.06087494e+01
    1.20968904e+01 1.20278502e+01 1.32981739e+01 1.22375507e+01
    1.35401039e+01 1.33590794e+01 1.28402824e+01 1.24162178e+01
    1.21373711e+01 1.24271545e+01 1.24003592e+01 1.15633802e+01
    1.17619267e+01 1.20532656e+01 1.10669842e+01 1.25114975e+01
    1.25251293e+01 1.19306650e+01 1.14335938e+01 1.20624676e+01
    1.13804379e+01 1.08219700e+01 1.08693151e+01 1.12291746e+01
    9.54092026e+00 1.05248842e+01 9.90768051e+00 1.05708399e+01
    1.09177799e+01 1.11198339e+01 1.04078465e+01 1.25666151e+01
    1.20380297e+01 1.22582150e+01 1.01433687e+01 1.09506779e+01
    1.10162535e+01 1.01040306e+01 9.86466980e+00 9.26229000e+00
    8.66074944e+00 1.12957344e+01 1.04011889e+01 1.04357023e+01
    1.04128046e+01 1.26669750e+01 1.21692114e+01 1.00929594e+01
    1.20472383e+01 1.25742140e+01 1.17610273e+01 1.24998360e+01
    1.09745607e+01 1.09051323e+01 1.29757366e+01 1.14555769e+01
    1.05388231e+01 1.16497345e+01 1.10942879e+01 1.11744251e+01
    1.08510351e+01 1.12873564e+01 1.16895723e+01 1.00557270e+01
    1.01743193e+01 1.15527401e+01 1.07615194e+01 1.12593241e+01
    1.19898872e+01 1.01335831e+01 1.14052877e+01 1.01206636e+01
    1.05318394e+01 9.97573757e+00 1.17755547e+01 1.14971895e+01
    1.04946251e+01 1.31884022e+01 1.35278330e+01 1.22352982e+01
    1.31386127e+01 1.19595575e+01 1.27729092e+01 1.31686611e+01
    7.07416344e+00 9.25006199e+00 1.07813463e+01 1.27246847e+01
    1.32934961e+01 1.24582253e+01 1.33671665e+01 1.30230503e+01
    1.37267809e+01 1.18506107e+01 1.22877016e+01 1.27125692e+01
    1.40105858e+01 1.12539196e+01 1.18575554e+01 1.40950642e+01
    1.26559429e+01 1.38041782e+01 1.36991215e+01 1.31477766e+01
    1.25411320e+01 1.40904226e+01 1.31202469e+01 1.26095648e+01
    1.20531340e+01 1.29606171e+01 1.11730175e+01 1.19569111e+01
    1.12705059e+01 1.06425600e+01 1.00648251e+01 1.05870571e+01
    1.04190464e+01 1.04691515e+01 1.16911936e+01 1.10502386e+01
    1.09445324e+01 1.32876043e+01 1.15082674e+01 1.26041050e+01
    1.17873182e+01 1.02200747e+01 1.18994627e+01 1.07929878e+01
    1.20020237e+01 1.09549885e+01 1.06714010e+01 1.03067036e+01
    1.14051085e+01 1.20506983e+01 1.12942095e+01 9.83665848e+00
    1.27815542e+01 1.20420961e+01 1.27238426e+01 1.22143621e+01
    1.16909285e+01 1.32930145e+01 1.29103975e+01 1.33658905e+01
    1.08706036e+01 1.25143595e+01 1.43277140e+01 1.36477118e+01
    1.27649927e+01 1.29747734e+01 1.32009430e+01 1.16319571e+01
    1.04964752e+01 1.10879631e+01 1.10757332e+01 9.83867359e+00
    1.06615067e+01 8.85284138e+00 1.17676105e+01 1.19976902e+01
    1.09816656e+01 9.30951691e+00 1.11314001e+01 1.22186956e+01
    1.15175676e+01 1.10214748e+01 1.14723129e+01 1.08498545e+01
    1.29481268e+01 1.33428507e+01 1.10360184e+01 1.17590752e+01
    9.75536156e+00 1.06774788e+01 1.18527908e+01 1.12532768e+01
    1.27757702e+01 1.21180820e+01 1.15532103e+01 1.34612427e+01
    1.34295120e+01 1.18513470e+01 1.11095295e+01 1.10873814e+01
    1.05402298e+01 1.11634445e+01 1.05519390e+01 9.59693146e+00
    9.48443127e+00 1.18424377e+01 1.06112127e+01 8.54854965e+00
    1.00380774e+01 1.08138876e+01 1.00527754e+01 1.04535666e+01
    9.50660896e+00 1.05954752e+01 1.15496130e+01 1.08918257e+01
    1.12821617e+01 1.09199820e+01 1.16857176e+01 1.14862242e+01
    1.19637270e+01 1.28527184e+01 1.17131414e+01 1.13392220e+01
    1.20877743e+01 1.30211296e+01 1.29692841e+01 1.14105759e+01
    1.05092030e+01 1.14187946e+01 1.23157444e+01 1.18052130e+01
    1.12215681e+01 9.96860981e+00 1.05993309e+01 1.04084892e+01
    1.15649929e+01 1.12801132e+01 9.63865185e+00 1.03104439e+01
    1.22907352e+01 1.27760029e+01 1.20685530e+01 1.23114119e+01
    1.22618361e+01 1.34738998e+01 1.18384104e+01 1.12964239e+01
    1.23672647e+01 1.16314631e+01 1.21970005e+01 1.10803137e+01
    1.07460566e+01 1.15844345e+01 1.19230671e+01 1.03779707e+01
    9.84460926e+00 1.07393694e+01 9.45721531e+00 9.74363708e+00
    8.62140465e+00 8.65528870e+00 9.47867107e+00 1.05720549e+01
    1.06006527e+01 1.02276440e+01 1.14152880e+01 1.26978655e+01
    1.22809839e+01 1.22929821e+01 1.31869392e+01 1.37276449e+01
    1.28510771e+01 1.25373278e+01 1.23267145e+01 1.17660303e+01
    1.31505737e+01 1.16118202e+01 1.23699532e+01 1.17815628e+01
    1.20168304e+01 1.27271996e+01 1.18400917e+01 1.26207819e+01
    1.13382788e+01 1.10972271e+01 1.16528664e+01 9.76512337e+00
    1.03137302e+01 1.21403980e+01 9.91392231e+00 1.03967896e+01
    1.00776138e+01 1.26327848e+01 1.18000317e+01 9.64992428e+00
    1.21078920e+01 1.24106703e+01 1.16529331e+01 1.18664427e+01
    1.06799212e+01 1.21033106e+01 1.24373035e+01 1.04534750e+01
    1.06085567e+01 1.03267374e+01 8.89506245e+00 1.00186214e+01
    1.03591566e+01 9.71712780e+00 1.16644373e+01 1.04018402e+01
    1.01084900e+01 1.00173912e+01 1.10214462e+01 1.17914133e+01
    1.10036364e+01 1.18273411e+01 1.01737766e+01 9.86936760e+00
    1.19481039e+01 1.01289129e+01 9.10604095e+00 1.04899349e+01
    9.38198853e+00 8.34078026e+00 1.17450695e+01 1.07798347e+01
    9.89709568e+00 1.08678446e+01 1.11209326e+01 1.07041540e+01
    1.09980011e+01 1.13764000e+01 1.06603689e+01 1.04060059e+01
    1.21431379e+01 1.26351690e+01 1.16943130e+01 1.02305288e+01
    1.31571369e+01 1.22972984e+01 1.12961779e+01 1.43536243e+01
    1.20656843e+01 1.39184103e+01 1.26010466e+01 1.15580997e+01
    1.37331657e+01 1.30712729e+01 7.51518202e+00 8.86560631e+00
    9.96085072e+00 1.33445749e+01 1.27289238e+01 1.19904728e+01
    1.25686302e+01 1.28011236e+01 1.24451370e+01 1.11309958e+01
    1.19436693e+01 1.41384802e+01 1.33904581e+01 1.34988356e+01
    1.25310974e+01 1.26675835e+01 1.26693926e+01 1.43389130e+01
    1.35251503e+01 1.22679644e+01 1.33781223e+01 1.46165733e+01
    1.31199512e+01 1.26891308e+01 1.09939642e+01 1.19618177e+01
    1.16171293e+01 1.02494793e+01 1.09567070e+01 1.15679245e+01
    9.94533348e+00 9.93922615e+00 1.10852413e+01 1.20694275e+01
    1.15114155e+01 1.21342783e+01 1.20955544e+01 1.27040567e+01
    1.12259445e+01 1.21349993e+01 1.17738514e+01 1.09171581e+01
    1.21012230e+01 1.09871721e+01 1.17998571e+01 1.17974663e+01
    1.25962162e+01 1.21577654e+01 1.10646152e+01 1.23044615e+01
    1.32244053e+01 1.17853394e+01 1.14075403e+01 1.29032545e+01
    1.30643826e+01 1.18226881e+01 1.22075033e+01 1.21181726e+01
    1.17492819e+01 1.35447302e+01 1.17024326e+01 1.05837603e+01
    1.35551338e+01 1.25101118e+01 1.29523087e+01 1.10067835e+01
    1.22639027e+01 1.19169540e+01 1.11645498e+01 1.07249250e+01
    1.20489759e+01 1.06902685e+01 1.04270735e+01 1.04399462e+01
    1.03941765e+01 1.12403965e+01 1.19079208e+01 1.03092566e+01
    9.75359344e+00 1.07291498e+01 1.10201149e+01 1.22662106e+01
    1.12218714e+01 1.01857891e+01 1.31953239e+01 1.21433277e+01
    1.16808844e+01 1.21083641e+01 1.08453970e+01 1.21485815e+01
    1.20250149e+01 1.03003712e+01 1.25390797e+01 1.17550068e+01
    1.12874212e+01 1.25733442e+01 1.24846287e+01 1.31576166e+01
    1.24244623e+01 1.10667229e+01 1.06537209e+01 1.19805288e+01
    1.09317970e+01 1.04345388e+01 1.00155010e+01 1.12091370e+01
    1.09317217e+01 9.22523308e+00 9.74493504e+00 1.14265957e+01
    1.03334723e+01 9.51672363e+00 9.82338333e+00 1.08764706e+01
    1.10592079e+01 1.13255987e+01 1.07766304e+01 1.14953833e+01
    1.25921087e+01 1.22446775e+01 1.16726084e+01 1.23278151e+01
    1.33533792e+01 1.19210892e+01 1.28586435e+01 1.31526937e+01
    1.45699568e+01 1.20566998e+01 1.00185661e+01 1.26378136e+01
    1.25044632e+01 1.11890583e+01 1.08500462e+01 9.68850517e+00
    9.52754116e+00 1.13868942e+01 1.04890070e+01 1.11248922e+01
    9.97616005e+00 9.94957638e+00 1.10582142e+01 1.17168436e+01
    1.14862108e+01 1.09737368e+01 1.01788654e+01 1.25817976e+01
    1.25051117e+01 9.71441078e+00 1.06539726e+01 1.06672821e+01
    1.03211651e+01 9.58118343e+00 1.03573627e+01 1.22087736e+01
    1.06239662e+01 1.03462105e+01 1.10906363e+01 1.16669846e+01
    1.09890413e+01 9.61018658e+00 1.00217857e+01 9.82611942e+00
    1.22857199e+01 9.63744831e+00 9.81658649e+00 1.18939857e+01
    1.19090033e+01 1.12640457e+01 1.11034193e+01 1.21216764e+01
    1.32113905e+01 1.24277229e+01 1.23688555e+01 1.15413618e+01
    1.37875862e+01 1.24880333e+01 1.26440105e+01 1.39244013e+01
    1.21358538e+01 1.15998621e+01 1.27172556e+01 1.15878038e+01
    1.20169430e+01 1.28524218e+01 1.23817711e+01 1.13757229e+01
    1.21516771e+01 1.18882828e+01 1.12689428e+01 1.19232807e+01
    1.13831148e+01 1.02066212e+01 1.09837151e+01 1.17944317e+01
    1.11081991e+01 9.87562561e+00 1.15489635e+01 1.17762432e+01
    1.18369741e+01 1.15144835e+01 1.12108784e+01 1.15042133e+01
    1.25150347e+01 1.11103354e+01 1.04846191e+01 1.07557411e+01
    1.05650568e+01 1.22314472e+01 1.18602409e+01 1.10164824e+01
    1.17421217e+01 1.20495186e+01 1.08702812e+01 1.13926411e+01
    1.21837378e+01 1.28500748e+01 1.16314249e+01 1.21208296e+01
    1.16576452e+01 1.26887569e+01 1.19161997e+01 1.18703270e+01
    1.08553305e+01 1.12653847e+01 9.71685791e+00 9.86138916e+00
    1.25796652e+01 1.15491571e+01 9.74972820e+00 1.12956066e+01
    1.12868004e+01 1.08370934e+01 1.11992416e+01 1.16115990e+01
    1.10967588e+01 9.66148186e+00 1.19504347e+01 1.24360371e+01
    1.08859797e+01 1.08668756e+01 1.23909941e+01 1.30899477e+01
    1.23016005e+01 1.39987535e+01 1.37691221e+01 1.26645164e+01
    1.39405460e+01 1.18880892e+01 1.29143877e+01 1.30407667e+01
    8.03110981e+00 8.09880924e+00 1.01407528e+01 1.31968460e+01
    1.32426472e+01 1.06678686e+01 1.24825993e+01 1.11708660e+01
    1.10859737e+01 1.32374563e+01 1.15908689e+01 1.36807575e+01
    1.19466572e+01 1.24210825e+01 1.23519068e+01 1.16479750e+01
    1.36996031e+01 1.38365574e+01 1.25812836e+01 1.27300358e+01
    1.36281967e+01 1.28865366e+01 1.28414068e+01 1.20357857e+01
    1.16549826e+01 1.17547178e+01 1.19045782e+01 9.03959465e+00
    1.05580807e+01 1.09484253e+01 9.69399738e+00 9.25692844e+00
    9.82737923e+00 1.21505880e+01 1.19453564e+01 1.04718342e+01
    1.25226536e+01 1.30676727e+01 1.21344481e+01 1.18878593e+01
    1.24213676e+01 1.15349827e+01 1.10366297e+01 1.14577837e+01
    1.09758272e+01 1.22298508e+01 1.16683025e+01 1.14468508e+01
    1.24561777e+01 1.24419613e+01 1.31741314e+01 1.30519304e+01
    1.21753035e+01 1.37310534e+01 1.14776754e+01 1.11807461e+01
    1.16185093e+01 1.20093098e+01 1.17308474e+01 1.10347214e+01
    1.30941105e+01 1.18131161e+01 1.26738186e+01 1.34190454e+01
    1.18604956e+01 1.15068512e+01 1.05956554e+01 1.21329279e+01
    9.77864456e+00 9.26040363e+00 1.06244469e+01 9.95824623e+00
    9.28543186e+00 1.11549807e+01 1.07903051e+01 1.08184366e+01
    1.12179184e+01 1.03149796e+01 1.01798592e+01 1.18997993e+01
    1.15090675e+01 1.00746765e+01 1.03830185e+01 1.12075300e+01
    1.20625582e+01 1.18103533e+01 1.14916048e+01 1.28859806e+01
    1.18508444e+01 1.18527298e+01 1.30226135e+01 1.22421198e+01
    1.18358660e+01 1.27830124e+01 1.20639343e+01 1.23498468e+01
    1.10229197e+01 1.23042412e+01 1.13275604e+01 1.12568703e+01
    1.15981445e+01 1.26961241e+01 1.20596199e+01 1.25407639e+01
    1.09550085e+01 1.13100786e+01 1.12945471e+01 9.68186951e+00
    9.66213417e+00 9.57863426e+00 9.60719585e+00 9.98234749e+00
    1.00159960e+01 1.04315748e+01 1.15864906e+01 1.03907509e+01
    1.02107029e+01 1.00433588e+01 1.08261786e+01 1.09867134e+01
    1.16320496e+01 1.19702206e+01 1.06815348e+01 1.13277130e+01
    1.24434900e+01 1.26651316e+01 1.25182457e+01 1.11987429e+01
    1.19253416e+01 1.28070774e+01 1.24948559e+01 1.17827148e+01
    1.16384211e+01 1.01083527e+01 1.03699646e+01 1.07260227e+01
    1.05930347e+01 1.08290167e+01 9.63038826e+00 1.02219086e+01
    1.22987871e+01 1.20594139e+01 1.24149799e+01 1.19243641e+01
    1.14652939e+01 1.20337629e+01 1.14405603e+01 1.03607159e+01
    1.16310644e+01 1.04590120e+01 1.03174896e+01 9.78596783e+00
    9.93995953e+00 1.19848471e+01 1.08943043e+01 1.07930498e+01
    9.64928150e+00 1.14869585e+01 1.12583637e+01 9.46672726e+00
    9.15867329e+00 1.23831139e+01 1.07479763e+01 1.05671263e+01
    1.03396368e+01 1.32754278e+01 1.22977028e+01 1.20092430e+01
    1.15116262e+01 1.18711271e+01 1.29114485e+01 1.21080437e+01
    1.33772802e+01 1.16893082e+01 1.28979340e+01 1.34966850e+01
    1.28093290e+01 1.34504843e+01 1.26014910e+01 1.26607094e+01
    1.31026239e+01 1.18007059e+01 1.24493475e+01 1.21298771e+01
    1.19332399e+01 1.07333221e+01 1.11894350e+01 1.08836842e+01
    1.23104200e+01 1.20071077e+01 1.08486853e+01 1.10955372e+01
    1.12259846e+01 1.21405210e+01 1.13504391e+01 1.02293644e+01
    1.20879717e+01 1.31626873e+01 1.08191137e+01 1.23749180e+01
    1.24308023e+01 1.10777769e+01 1.22965393e+01 1.12392321e+01
    1.10938625e+01 1.08435001e+01 1.09063845e+01 1.09781618e+01
    1.09818192e+01 1.08572378e+01 1.08324556e+01 1.19125643e+01
    1.15069599e+01 1.22973223e+01 1.17825918e+01 1.25017262e+01
    1.20529814e+01 1.28919935e+01 1.24796209e+01 1.16762609e+01
    1.22306938e+01 1.14341459e+01 1.07771969e+01 9.45055008e+00
    9.51807499e+00 1.01177778e+01 1.11553230e+01 1.11325521e+01
    9.96307468e+00 9.57195282e+00 1.15850754e+01 1.22288847e+01
    1.32872562e+01 1.16375256e+01 1.04691992e+01 1.20459671e+01
    1.33515091e+01 1.17894258e+01 1.14898233e+01 1.19741459e+01
    1.26140938e+01 1.25402622e+01 1.18758564e+01 1.36150064e+01
    1.32064514e+01 1.21546383e+01 1.24981508e+01 1.06661530e+01
    1.25555515e+01 1.27264261e+01 7.33602476e+00 7.61811876e+00
    1.06531343e+01 1.29938087e+01 1.25350780e+01 1.13215179e+01
    1.20682974e+01 1.22678995e+01 1.17146845e+01 1.26234989e+01
    1.22731056e+01 1.22030020e+01 1.29739265e+01 1.17197914e+01
    1.28027496e+01 1.24816065e+01 1.20217571e+01 1.35900278e+01
    1.24809389e+01 1.12227755e+01 1.41112328e+01 1.33865070e+01
    1.26435623e+01 1.24055653e+01 1.21530313e+01 1.06346540e+01
    9.86511135e+00 1.07518635e+01 8.81719208e+00 9.94050884e+00
    8.75410843e+00 9.05821037e+00 9.49979019e+00 1.05372543e+01
    1.06247835e+01 1.11195116e+01 1.14872618e+01 1.27224255e+01
    1.28821640e+01 1.15570660e+01 1.07621880e+01 1.27917128e+01
    1.28994617e+01 1.08672791e+01 1.22127037e+01 1.24451923e+01
    1.24826069e+01 1.29529800e+01 1.24733686e+01 1.27902193e+01
    1.25488138e+01 1.29148474e+01 1.38937035e+01 1.27411757e+01
    1.35512962e+01 1.10730572e+01 1.18131218e+01 1.26698971e+01
    1.31603394e+01 1.12130423e+01 1.12784052e+01 1.17243967e+01
    1.37862597e+01 1.27273207e+01 1.14847946e+01 1.21465502e+01
    1.15860815e+01 1.14182520e+01 1.04873838e+01 1.00474939e+01
    1.16898909e+01 9.78487778e+00 1.04117088e+01 1.20779505e+01
    1.09901333e+01 1.11390772e+01 1.16565170e+01 1.22636776e+01
    1.15812893e+01 1.17614918e+01 1.28781672e+01 1.15017557e+01
    1.17527876e+01 1.20192537e+01 1.22916574e+01 1.30365639e+01
    1.24084558e+01 1.21653566e+01 1.21920881e+01 1.17487831e+01
    1.38283472e+01 1.28909645e+01 1.28063068e+01 1.16303968e+01
    1.32016554e+01 1.22490072e+01 1.21242695e+01 1.22154398e+01
    1.10378256e+01 1.06470795e+01 1.08191872e+01 1.14745417e+01
    1.20907173e+01 1.06706438e+01 1.23001070e+01 1.24243441e+01
    1.08996725e+01 1.09104261e+01 1.08263111e+01 1.04921732e+01
    1.01125278e+01 9.11827183e+00 1.02385540e+01 1.10827055e+01
    1.00492811e+01 1.13325157e+01 1.12970695e+01 1.17095613e+01
    1.22530003e+01 1.32316227e+01 1.35410061e+01 1.18159418e+01
    1.16353865e+01 1.20656624e+01 1.35788918e+01 1.26785059e+01
    1.28799286e+01 1.16303034e+01 1.11290674e+01 1.26398382e+01
    1.33199883e+01 1.28835840e+01 1.13625841e+01 1.10509186e+01
    1.03547783e+01 1.16649561e+01 1.21433697e+01 9.92875385e+00
    9.94068623e+00 9.99586678e+00 1.14728508e+01 1.26143074e+01
    1.13211346e+01 1.00382166e+01 1.19970303e+01 1.34220476e+01
    1.14087658e+01 1.21956654e+01 1.21791763e+01 1.24613075e+01
    9.91840839e+00 1.02607527e+01 1.18531456e+01 1.10974340e+01
    1.11457691e+01 1.11254082e+01 9.18196392e+00 1.12552166e+01
    1.19104347e+01 1.05649652e+01 1.01103363e+01 1.09807673e+01
    1.07459259e+01 1.12884159e+01 1.20268669e+01 1.14486914e+01
    1.27160006e+01 1.15710020e+01 1.17318153e+01 1.09528313e+01
    1.21495342e+01 1.17234316e+01 1.18521748e+01 1.07381783e+01
    1.07685366e+01 1.29352818e+01 1.30807066e+01 1.36527233e+01
    1.29772549e+01 1.19564800e+01 1.30229034e+01 1.33651485e+01
    1.17716341e+01 1.23917704e+01 1.26824417e+01 1.23318806e+01
    1.15561934e+01 1.13066044e+01 1.28986769e+01 1.08075800e+01
    1.11490221e+01 1.29189892e+01 1.08761034e+01 1.18374662e+01
    1.21226788e+01 1.14533062e+01 1.20025101e+01 1.24951868e+01
    1.14649639e+01 1.16453924e+01 1.13729515e+01 1.12917814e+01
    1.26259594e+01 1.16370010e+01 1.04818478e+01 1.10359116e+01
    1.12489452e+01 1.24811497e+01 1.11204681e+01 1.07947445e+01
    1.21352386e+01 1.13026714e+01 1.04897566e+01 1.00589409e+01
    1.15264587e+01 1.08058138e+01 1.13504524e+01 1.14542789e+01
    1.09196653e+01 1.07602129e+01 1.19312563e+01 1.26480837e+01
    9.52310753e+00 8.80792618e+00 9.12782001e+00 9.77148628e+00
    1.04166431e+01 9.89569759e+00 1.00594063e+01 9.15635109e+00
    1.08591166e+01 1.19416857e+01 1.22713461e+01 1.18349447e+01
    1.02889967e+01 1.18530045e+01 1.20815887e+01 1.14628391e+01
    1.19560261e+01 1.18817091e+01 1.17149458e+01 1.21470900e+01
    1.33710985e+01 1.28153400e+01 1.23819523e+01 1.17517176e+01
    1.12362261e+01 1.24764910e+01 1.16057930e+01 1.28491707e+01
    6.95267344e+00 7.83776760e+00 1.03138924e+01 1.28364086e+01
    1.14991035e+01 1.16830740e+01 1.16678019e+01 1.17725134e+01
    1.08774385e+01 1.14414587e+01 1.15190077e+01 1.12592497e+01
    1.33704777e+01 1.18217373e+01 1.13839111e+01 1.28887291e+01
    1.18658142e+01 1.37084932e+01 1.20859280e+01 1.19936762e+01
    1.42540503e+01 1.37130289e+01 1.29907961e+01 1.33010788e+01
    1.10377159e+01 1.05007439e+01 1.09504347e+01 9.94946194e+00
    8.37079048e+00 9.71375275e+00 9.44074726e+00 9.09644985e+00
    1.03436117e+01 1.02487326e+01 1.24312840e+01 1.20365725e+01
    1.10476980e+01 1.36012917e+01 1.41187983e+01 1.31788960e+01
    1.10424500e+01 1.38667068e+01 1.36820507e+01 1.05873270e+01
    1.24355307e+01 1.27179537e+01 1.21658459e+01 1.27621861e+01
    1.20340385e+01 1.20208073e+01 1.27464867e+01 1.25232372e+01
    1.26282797e+01 1.31347570e+01 1.25383682e+01 1.24827271e+01
    1.30286121e+01 1.25281792e+01 1.23948593e+01 1.38577499e+01
    9.34527779e+00 1.23243904e+01 1.28942289e+01 1.22719765e+01
    1.20001268e+01 1.14256248e+01 1.14021330e+01 1.17291641e+01
    1.15572824e+01 1.00266132e+01 1.16051416e+01 1.01022882e+01
    1.11153135e+01 1.14820709e+01 1.08947659e+01 1.21198950e+01
    1.20059280e+01 1.12563438e+01 1.19477777e+01 1.16269054e+01
    1.15761671e+01 1.22244120e+01 1.13116808e+01 1.07668438e+01
    1.21281157e+01 1.21718407e+01 1.27051420e+01 1.25912275e+01
    1.17966795e+01 1.44736023e+01 1.29487600e+01 1.33234205e+01
    1.32067785e+01 1.18716412e+01 1.26104259e+01 1.26995564e+01
    1.18130178e+01 1.17141418e+01 1.12662783e+01 1.09895144e+01
    1.13931751e+01 1.16224327e+01 1.26300802e+01 1.20492306e+01
    1.20688620e+01 1.19586620e+01 1.17478886e+01 1.13290157e+01
    1.08678303e+01 1.15192366e+01 1.09357843e+01 1.11135788e+01
    9.21004868e+00 9.88051796e+00 1.29294996e+01 1.12033596e+01
    1.11084976e+01 1.21333561e+01 1.15422430e+01 1.17244205e+01
    1.35281086e+01 1.42020454e+01 1.25942268e+01 1.23864107e+01
    1.44412031e+01 1.27203350e+01 1.24767370e+01 1.42517700e+01
    1.16824026e+01 1.26590300e+01 1.28486538e+01 1.29173374e+01
    1.17835236e+01 1.04692965e+01 1.02770576e+01 1.16074810e+01
    1.08354521e+01 1.00741167e+01 9.14231873e+00 1.03461123e+01
    1.08040018e+01 1.17019100e+01 1.13377647e+01 1.20291214e+01
    1.27205124e+01 1.30340528e+01 1.23129835e+01 1.15219669e+01
    1.36165094e+01 1.19704857e+01 1.10278559e+01 9.66421890e+00
    1.12637625e+01 1.03840313e+01 1.05425711e+01 1.04394121e+01
    1.02407818e+01 1.07174263e+01 1.20589342e+01 1.12386551e+01
    1.13389225e+01 1.20231028e+01 1.17130585e+01 1.14871588e+01
    1.16797667e+01 1.28081608e+01 1.17528934e+01 1.14603453e+01
    1.11507349e+01 1.21416759e+01 1.15580702e+01 1.34402933e+01
    1.13856144e+01 1.17126026e+01 1.30499535e+01 1.25544882e+01
    1.28951979e+01 1.31706858e+01 1.35438547e+01 1.26958370e+01
    1.33900776e+01 1.41688337e+01 1.36703043e+01 1.26273260e+01
    1.17298126e+01 1.20720224e+01 1.26006813e+01 1.10086689e+01
    1.13289661e+01 1.26138058e+01 1.17605686e+01 1.27620907e+01
    1.14282846e+01 1.06463966e+01 1.11726942e+01 1.11147995e+01
    1.19673157e+01 1.10153809e+01 1.11626339e+01 1.22245626e+01
    1.08864470e+01 1.15234795e+01 1.24901161e+01 1.18464613e+01
    1.10220222e+01 1.02672062e+01 1.19499769e+01 1.15953474e+01
    1.17340994e+01 1.10853539e+01 1.16501770e+01 1.05674295e+01
    1.21340141e+01 1.15382452e+01 1.16777544e+01 1.08962107e+01
    1.15927887e+01 1.26052332e+01 1.27638369e+01 1.21410856e+01
    1.35155792e+01 1.27997227e+01 1.14225082e+01 1.09952116e+01
    1.04098387e+01 1.10075512e+01 1.13877258e+01 9.82790279e+00
    1.07650890e+01 1.01102610e+01 1.23404245e+01 1.24006319e+01
    1.21542578e+01 1.28628445e+01 1.13799829e+01 1.19481497e+01
    1.41588163e+01 1.12754154e+01 1.16674805e+01 1.31868982e+01
    1.10865908e+01 1.21768093e+01 1.26388569e+01 1.25374680e+01
    1.33405743e+01 1.14295845e+01 1.13946648e+01 1.20716867e+01
    1.17871895e+01 1.23599310e+01 6.66613245e+00 7.77904797e+00
    9.87490654e+00 1.14456272e+01 1.15721235e+01 1.08861151e+01
    1.03699350e+01 1.01207056e+01 1.25826464e+01 1.13712912e+01
    1.00815392e+01 1.18570347e+01 1.20846214e+01 1.17985649e+01
    1.17477036e+01 1.22133780e+01 1.11240425e+01 1.14765244e+01
    1.12319441e+01 1.11437979e+01 1.33212805e+01 1.33358221e+01
    1.33813343e+01 1.32943611e+01 1.18520269e+01 1.23943853e+01
    1.21115646e+01 1.15469017e+01 1.03900299e+01 9.42743587e+00
    9.84418583e+00 1.13708773e+01 1.06215124e+01 1.04542475e+01
    1.10199709e+01 1.11048708e+01 1.14491529e+01 1.28216619e+01
    1.25727310e+01 1.17023268e+01 1.33414993e+01 1.27123871e+01
    1.21175747e+01 1.23651838e+01 1.29444275e+01 1.24432716e+01
    1.25968227e+01 1.24195671e+01 1.23202095e+01 1.28368063e+01
    1.40840874e+01 1.29132957e+01 1.38539591e+01 1.44693813e+01
    1.24399166e+01 1.25731630e+01 1.16156349e+01 1.14754515e+01
    1.19669285e+01 1.20812731e+01 1.03563738e+01 1.08409309e+01
    1.39892921e+01 1.14292812e+01 1.25147991e+01 1.11753654e+01
    1.02180614e+01 1.13988523e+01 1.07666464e+01 8.79727268e+00
    1.03700066e+01 1.06422606e+01 1.10001945e+01 1.11713419e+01
    1.01887369e+01 1.38395252e+01 1.24291401e+01 1.21257076e+01
    1.21233635e+01 1.24974289e+01 1.23854628e+01 1.20570021e+01
    1.11853085e+01 1.20570440e+01 1.17015314e+01 1.24691582e+01
    1.29692860e+01 1.26215868e+01 1.20391731e+01 1.27987032e+01
    1.34075212e+01 1.23718586e+01 1.33688498e+01 1.18197460e+01
    1.21856804e+01 1.22626657e+01 1.18885498e+01 1.13951445e+01
    1.08499651e+01 1.12388668e+01 1.25924082e+01 1.19353905e+01
    1.21691198e+01 1.17332468e+01 1.21652956e+01 1.37096968e+01
    1.15280609e+01 1.28722782e+01 1.11888523e+01 1.06218996e+01
    1.12132835e+01 1.13533735e+01 9.96287823e+00 1.10918055e+01
    1.12236671e+01 1.09397097e+01 1.06417227e+01 1.11857395e+01
    1.08488331e+01 1.10581980e+01 1.19627447e+01 1.21679840e+01
    1.18703527e+01 1.10743179e+01 1.23640890e+01 1.23107853e+01
    1.22146435e+01 1.18315458e+01 1.18502369e+01 1.27988796e+01
    1.20036030e+01 1.25559378e+01 1.22425013e+01 1.13747501e+01
    1.09069185e+01 1.13872538e+01 1.05098162e+01 1.13784752e+01
    9.42743206e+00 1.05754299e+01 1.20615778e+01 1.14975910e+01
    1.27412453e+01 1.20818663e+01 1.28605766e+01 1.35102215e+01
    1.32656851e+01 1.19075394e+01 1.32701302e+01 1.32596941e+01
    1.21670628e+01 1.07424278e+01 1.15908794e+01 1.25272598e+01
    1.17728958e+01 1.17881432e+01 1.03981075e+01 1.03123913e+01
    1.16663055e+01 1.08444710e+01 1.19719715e+01 1.10275202e+01
    1.12932301e+01 1.15800228e+01 1.27221165e+01 1.26415148e+01
    1.26237650e+01 1.30908995e+01 1.06048622e+01 1.16090345e+01
    1.31891003e+01 1.28570395e+01 1.18744717e+01 1.11751442e+01
    1.14168186e+01 1.26487942e+01 1.23183784e+01 1.08899307e+01
    1.37459908e+01 1.24803410e+01 1.16809158e+01 1.24544926e+01
    1.38335247e+01 1.29628124e+01 1.22549667e+01 1.24569368e+01
    1.34002581e+01 1.06754398e+01 1.24978151e+01 1.14064713e+01
    1.16477556e+01 1.19317913e+01 1.18685799e+01 1.13544846e+01
    1.18290052e+01 1.14778709e+01 1.24607296e+01 1.24176311e+01
    1.24221067e+01 1.22946386e+01 1.18411121e+01 1.21392317e+01
    1.33739033e+01 1.09566078e+01 1.24214878e+01 1.17047729e+01
    1.15656071e+01 1.12575350e+01 1.26932049e+01 1.27593012e+01
    1.19378967e+01 1.18266020e+01 1.18434410e+01 1.15001812e+01
    1.11669006e+01 1.13061323e+01 1.05158272e+01 1.27366781e+01
    1.22982893e+01 1.16371632e+01 1.15834751e+01 1.27433243e+01
    1.19248676e+01 1.08211288e+01 1.04860134e+01 1.04266396e+01
    1.18475714e+01 9.41924000e+00 9.17730904e+00 1.16995573e+01
    1.07017021e+01 1.06204815e+01 1.21506081e+01 1.14825058e+01
    1.03240852e+01 1.23630314e+01 1.43225088e+01 1.18171415e+01
    1.15431442e+01 1.28435860e+01 1.23207960e+01 1.26934118e+01
    1.14513512e+01 1.26804972e+01 1.21878681e+01 1.03473272e+01
    1.06089010e+01 1.07114553e+01 1.09956093e+01 1.21120596e+01
    7.21267366e+00 7.74966002e+00 9.49208736e+00 1.19375563e+01
    1.20393753e+01 1.12177057e+01 1.08222942e+01 1.11280708e+01
    1.25220022e+01 1.25980635e+01 1.03277168e+01 1.17253065e+01
    1.16917925e+01 1.26555986e+01 1.17979355e+01 1.11847792e+01
    1.00971947e+01 1.17756281e+01 1.21238012e+01 1.16318855e+01
    1.24278593e+01 1.40602465e+01 1.30626993e+01 1.17795181e+01
    1.24003353e+01 1.13672466e+01 1.21850290e+01 1.08835468e+01
    1.04699173e+01 1.00973969e+01 9.53208923e+00 9.87785721e+00
    1.14755116e+01 1.10111370e+01 1.02916803e+01 1.01691256e+01
    1.16311169e+01 1.23581667e+01 1.12754669e+01 1.18505306e+01
    1.29216995e+01 1.22371798e+01 1.33707933e+01 1.25510311e+01
    1.17900066e+01 1.28942089e+01 1.33289204e+01 1.27993765e+01
    1.25274096e+01 1.37413254e+01 1.44676895e+01 1.46644545e+01
    1.35864067e+01 1.38678799e+01 1.30236406e+01 1.30961456e+01
    1.26327162e+01 1.25414886e+01 1.19823370e+01 1.32496920e+01
    1.14178181e+01 1.03657198e+01 1.28828831e+01 1.19070101e+01
    1.16134233e+01 1.19841757e+01 9.24163914e+00 1.18810406e+01
    1.10224924e+01 1.02541285e+01 1.10472021e+01 1.06282749e+01
    1.12771320e+01 1.15112123e+01 9.77450562e+00 1.12732735e+01
    1.30008249e+01 1.23303041e+01 1.21102943e+01 1.22066946e+01
    1.26874237e+01 1.09455805e+01 1.19200335e+01 1.24468403e+01
    1.17836885e+01 1.15198574e+01 1.18674450e+01 1.39791527e+01
    1.18239880e+01 1.24695959e+01 1.39159603e+01 1.26876011e+01
    1.26107340e+01 1.20170822e+01 1.20781450e+01 1.16775265e+01
    1.26045513e+01 1.29933558e+01 1.07541695e+01 1.01263609e+01
    1.25436277e+01 1.13998957e+01 1.15841818e+01 1.11913862e+01
    1.12653694e+01 1.14869461e+01 1.10331011e+01 1.08686991e+01
    1.04619446e+01 1.00235682e+01 1.06851320e+01 1.00939198e+01
    1.03856535e+01 1.05440264e+01 1.08614302e+01 1.01540432e+01
    1.08983583e+01 1.14338026e+01 1.10164633e+01 1.23705301e+01
    1.10718298e+01 1.19453859e+01 1.39512844e+01 1.27787666e+01
    1.13527975e+01 1.27647085e+01 1.27486877e+01 1.24160480e+01
    1.25196505e+01 1.24981470e+01 1.23498974e+01 1.16619806e+01
    1.27225132e+01 1.21020498e+01 1.11687784e+01 1.19223413e+01
    1.11734552e+01 1.11630917e+01 1.17011404e+01 1.00701599e+01
    1.20401468e+01 1.29690180e+01 1.28812265e+01 1.17917023e+01
    1.20039778e+01 1.41410398e+01 1.35512056e+01 1.29899836e+01
    1.31032963e+01 1.29356213e+01 1.21370420e+01 1.26233559e+01
    1.07863903e+01 1.24203196e+01 1.26607828e+01 1.13133116e+01
    1.09209585e+01 1.25102329e+01 1.22701912e+01 1.18231001e+01
    1.23536415e+01 1.27884550e+01 1.06505899e+01 1.31105919e+01
    1.28120804e+01 1.37105665e+01 1.35960016e+01 1.24713125e+01
    1.19795380e+01 1.30526886e+01 1.24207716e+01 1.14786816e+01
    1.26953335e+01 1.11865044e+01 1.12454262e+01 1.17157173e+01
    1.33569221e+01 1.22492990e+01 1.20327778e+01 1.22508574e+01
    1.29572945e+01 1.21988058e+01 1.34573774e+01 1.37096157e+01
    1.24217787e+01 1.15454140e+01 1.21769104e+01 1.18376999e+01
    1.18341665e+01 1.15250425e+01 1.14962177e+01 1.11037588e+01
    1.16695890e+01 1.08163128e+01 1.12500734e+01 1.13326073e+01
    1.11148796e+01 1.21126480e+01 1.14044113e+01 1.13359013e+01
    1.18343849e+01 1.18562069e+01 1.37486744e+01 1.17846518e+01
    1.32113905e+01 1.10906458e+01 1.15218287e+01 1.29136496e+01
    1.16697321e+01 1.08564768e+01 1.18674679e+01 1.15095568e+01
    1.19562483e+01 1.08911533e+01 1.13627367e+01 1.16619606e+01
    1.16852140e+01 1.15646658e+01 1.30004549e+01 1.19916306e+01
    1.28595858e+01 1.24624300e+01 1.23017368e+01 1.15031233e+01
    1.13640184e+01 1.06551495e+01 1.08485613e+01 9.62855244e+00
    9.73725128e+00 1.13325796e+01 1.08215275e+01 1.13829145e+01
    1.17314310e+01 1.13531141e+01 1.11221561e+01 1.11883087e+01
    1.09372787e+01 1.16409206e+01 1.08919458e+01 1.13283825e+01
    1.09732380e+01 1.19351721e+01 1.23072262e+01 1.16742134e+01
    1.30601845e+01 1.04918394e+01 1.14316721e+01 1.24979296e+01
    1.14727688e+01 1.19319096e+01 7.34018326e+00 8.21170521e+00
    1.02578764e+01 1.34549341e+01 1.19533968e+01 1.25702000e+01
    1.14107752e+01 1.22605906e+01 1.24181414e+01 1.19529600e+01
    1.13518028e+01 1.13789282e+01 1.10418663e+01 1.09679909e+01
    1.28050470e+01 1.00175400e+01 1.06280613e+01 9.80277729e+00
    1.09611912e+01 1.06658764e+01 1.05456400e+01 1.19317255e+01
    1.30140858e+01 1.20360861e+01 1.14269066e+01 1.22261324e+01
    1.18106327e+01 1.12409792e+01 9.69941139e+00 9.99993801e+00
    1.10141602e+01 1.03146400e+01 1.15143127e+01 1.37280760e+01
    1.13799963e+01 1.15168648e+01 1.21453485e+01 1.29059763e+01
    1.19759140e+01 1.20948610e+01 1.26605310e+01 1.32122993e+01
    1.19389563e+01 1.39189568e+01 1.25736055e+01 1.21092148e+01
    1.35153208e+01 1.30861425e+01 1.18810024e+01 1.29916258e+01
    1.22854109e+01 1.39492435e+01 1.27053795e+01 1.30994225e+01
    1.25667858e+01 1.25973072e+01 1.39474020e+01 1.16318054e+01
    1.18838005e+01 1.22637014e+01 1.25197878e+01 1.26612864e+01
    1.24944401e+01 1.31676416e+01 1.21784744e+01 1.24852180e+01
    1.04393768e+01 1.15465546e+01 1.03222637e+01 1.01459131e+01
    1.14099035e+01 1.10654831e+01 1.29258347e+01 1.23404827e+01
    1.16442280e+01 1.23605328e+01 1.33490810e+01 1.36853952e+01
    1.20296669e+01 1.05278225e+01 1.27279339e+01 1.15087147e+01
    1.07975912e+01 1.19527473e+01 1.18395338e+01 1.20723124e+01
    1.24056139e+01 1.24461174e+01 1.45572462e+01 1.33835068e+01
    1.32689171e+01 1.34798946e+01 1.19712324e+01 1.29094009e+01
    1.21259079e+01 1.13174133e+01 1.26592007e+01 1.19622068e+01
    1.13450260e+01 1.23474693e+01 1.19469481e+01 1.13814707e+01
    1.27813749e+01 1.14620457e+01 1.18156986e+01 1.38305950e+01
    1.27761889e+01 1.11953058e+01 1.33552284e+01 1.14915695e+01
    1.07237339e+01 1.11751356e+01 1.04586935e+01 1.13541431e+01
    1.11058245e+01 1.10448952e+01 1.23742657e+01 1.17732391e+01
    1.09795589e+01 1.28521013e+01 1.13507137e+01 1.21588106e+01
    1.29739857e+01 1.14806862e+01 1.21212187e+01 1.23724194e+01
    1.25401249e+01 1.24209089e+01 1.27869997e+01 1.28091202e+01
    1.23473310e+01 1.26513395e+01 1.20365410e+01 1.13388624e+01
    1.18898678e+01 1.12711535e+01 9.73900890e+00 1.03351717e+01
    1.15024939e+01 1.20202513e+01 1.08130903e+01 1.13525505e+01
    1.15507479e+01 1.23998260e+01 1.12952108e+01 1.21837645e+01
    1.41164541e+01 1.30503283e+01 1.24179783e+01 1.25569258e+01
    1.21176119e+01 1.13811111e+01 1.03686371e+01 1.16492577e+01
    1.23900118e+01 1.13746805e+01 1.15971928e+01 1.27319279e+01
    1.41441603e+01 1.25648766e+01 1.23493605e+01 1.30948877e+01
    1.22680292e+01 1.21062708e+01 1.16048412e+01 1.21914740e+01
    1.35619144e+01 1.26420603e+01 1.26143456e+01 1.21793671e+01
    1.44193096e+01 1.40437002e+01 1.24328442e+01 1.20053549e+01
    1.22190161e+01 1.22645187e+01 1.17685423e+01 1.11539822e+01
    1.14131737e+01 1.23431349e+01 1.19444771e+01 1.18297024e+01
    1.22468529e+01 1.19611177e+01 1.19191437e+01 1.25897512e+01
    1.11138830e+01 1.19396114e+01 1.25493069e+01 1.23061161e+01
    1.16654291e+01 1.23107109e+01 1.17676401e+01 1.14019661e+01
    1.32350302e+01 1.10677013e+01 1.19944086e+01 1.12691250e+01
    1.17235603e+01 1.11165447e+01 1.16624956e+01 1.09537106e+01
    1.15278740e+01 1.28859768e+01 1.25249987e+01 1.25154238e+01
    1.16094723e+01 1.17107286e+01 1.15336952e+01 1.24486294e+01
    1.11649647e+01 1.02910423e+01 1.18698864e+01 1.20413227e+01
    1.16163950e+01 1.23820477e+01 1.32116423e+01 1.27573795e+01
    1.31654110e+01 1.26178770e+01 1.34893942e+01 1.27274799e+01
    1.24415941e+01 1.21777830e+01 1.24959879e+01 1.23824205e+01
    1.04132156e+01 1.04885092e+01 1.05587177e+01 1.16109772e+01
    1.17879257e+01 1.19183054e+01 1.15120287e+01 1.28745022e+01
    1.14960842e+01 1.17176838e+01 1.22457829e+01 1.10677576e+01
    1.12972755e+01 1.05475168e+01 1.02997513e+01 1.21472607e+01
    1.20777321e+01 1.17421274e+01 1.13974323e+01 1.17097530e+01
    1.02296572e+01 1.12807884e+01 1.21431255e+01 1.25703354e+01
    6.84167004e+00 7.96440411e+00 9.08880520e+00 1.20841589e+01
    1.14643574e+01 1.23112030e+01 1.08804102e+01 1.20346012e+01
    1.23660879e+01 1.13917608e+01 1.24047728e+01 1.04385710e+01
    1.15516510e+01 1.21730299e+01 1.13834476e+01 1.15519152e+01
    1.01439867e+01 1.03103762e+01 1.09498358e+01 1.03619289e+01
    1.10634480e+01 1.21764851e+01 1.20102024e+01 1.21160336e+01
    1.19004688e+01 1.22437906e+01 1.28226538e+01 1.22029476e+01
    1.11745481e+01 1.15154362e+01 1.17229795e+01 1.10901289e+01
    1.20000591e+01 1.23724365e+01 1.20641403e+01 1.09352093e+01
    1.21156416e+01 1.30020924e+01 1.23048744e+01 1.19825125e+01
    1.21807966e+01 1.37894573e+01 1.22437668e+01 1.33780727e+01
    1.39120426e+01 1.40252934e+01 1.22843695e+01 1.43651810e+01
    1.29080935e+01 1.26855736e+01 1.32833328e+01 1.33443003e+01
    1.23891525e+01 1.31429129e+01 1.15628128e+01 1.19874468e+01
    1.18060188e+01 1.28090258e+01 1.20095024e+01 1.22223692e+01
    1.15677862e+01 1.28571672e+01 1.26424236e+01 1.40093307e+01
    1.25736256e+01 1.21519003e+01 1.23934851e+01 1.18397274e+01
    1.20989599e+01 1.07317381e+01 1.17311287e+01 1.13118629e+01
    1.25358334e+01 1.20078278e+01 1.11219559e+01 1.19088211e+01
    1.24446783e+01 1.15743704e+01 1.19839897e+01 1.12833099e+01
    1.19534492e+01 1.26675615e+01 1.09128628e+01 1.13475475e+01
    1.24646282e+01 1.33908539e+01 1.13187561e+01 1.14246483e+01
    1.28291283e+01 1.35907812e+01 1.24160614e+01 1.27423611e+01
    1.20304213e+01 1.16233139e+01 1.18780966e+01 1.06386595e+01
    1.08808060e+01 1.07031498e+01 1.02181902e+01 1.10195770e+01
    1.12849455e+01 1.02766943e+01 1.20541754e+01 1.02354937e+01
    1.16844931e+01 1.28037634e+01 1.11769905e+01 1.07528896e+01
    1.16966248e+01 1.08066969e+01 1.14090157e+01 1.09344120e+01
    1.08329830e+01 1.07561255e+01 1.07223759e+01 1.15229635e+01
    1.12267866e+01 1.12796659e+01 1.20992756e+01 1.11693134e+01
    1.14403439e+01 1.21838226e+01 1.30455017e+01 1.03981590e+01
    1.18363047e+01 1.32881861e+01 1.14994345e+01 1.21538916e+01
    1.16714277e+01 1.25137739e+01 1.21344490e+01 1.27312527e+01
    1.12713852e+01 1.22003078e+01 1.20622463e+01 1.18971624e+01
    1.11706095e+01 1.18272476e+01 1.08204241e+01 1.17828407e+01
    1.23953981e+01 1.25056934e+01 1.22262230e+01 1.29566994e+01
    1.43696699e+01 1.21886797e+01 1.35663958e+01 1.35398588e+01
    1.23310366e+01 1.29481497e+01 1.26360083e+01 1.13284235e+01
    1.21002007e+01 1.27449589e+01 1.21348505e+01 1.16887865e+01
    1.09020939e+01 1.24266491e+01 1.44195843e+01 1.29025202e+01
    1.27075291e+01 1.19325190e+01 1.22380514e+01 1.26187410e+01
    1.27552624e+01 1.22740898e+01 1.12476149e+01 1.36029844e+01
    1.34513884e+01 1.15590286e+01 1.28592176e+01 1.35758476e+01
    1.19929562e+01 1.29165716e+01 1.15764618e+01 1.21972294e+01
    1.16809340e+01 1.15984974e+01 1.21090345e+01 1.01360254e+01
    1.03678951e+01 1.17961922e+01 1.10872812e+01 1.01555405e+01
    1.09413443e+01 1.19255676e+01 1.15031605e+01 1.15263538e+01
    1.23279772e+01 1.25960302e+01 1.31391287e+01 1.23878708e+01
    1.19994974e+01 1.19096899e+01 1.32306547e+01 1.26369190e+01
    1.16282921e+01 1.16770544e+01 1.20888824e+01 1.07433815e+01
    1.22985678e+01 1.16596231e+01 1.11730700e+01 1.27839804e+01
    1.19209175e+01 1.14406567e+01 1.23327923e+01 1.16334686e+01
    1.19547472e+01 1.13524218e+01 1.20961857e+01 1.09500504e+01
    1.06249466e+01 1.06542778e+01 1.08115740e+01 1.07761536e+01
    1.34237137e+01 1.23757448e+01 1.14981146e+01 1.34972582e+01
    1.34295969e+01 1.32532883e+01 1.30060444e+01 1.28947248e+01
    1.15280943e+01 1.09064817e+01 1.11504650e+01 9.50276470e+00
    9.57918072e+00 1.15612335e+01 1.02680349e+01 1.13938704e+01
    1.03651676e+01 1.17534103e+01 1.27948370e+01 1.13117790e+01
    1.21703377e+01 1.10959778e+01 1.09687185e+01 1.09767418e+01
    1.03408365e+01 1.14177418e+01 1.31926699e+01 1.19937763e+01
    1.09653263e+01 1.16438990e+01 1.08727636e+01 1.15361366e+01
    1.14505501e+01 1.14576569e+01 6.49146986e+00 7.82825470e+00
    1.02723560e+01 1.17374506e+01 1.30240660e+01 1.04989090e+01
    1.27727518e+01 1.26113834e+01 1.18669262e+01 1.16999311e+01
    1.19644957e+01 1.05405369e+01 1.21698008e+01 1.19216232e+01
    1.20912743e+01 1.07093267e+01 1.04559841e+01 1.05679455e+01
    1.08556356e+01 1.07786636e+01 1.16888847e+01 1.32933779e+01
    1.22622795e+01 1.17970476e+01 1.26115055e+01 1.40831470e+01
    1.34666214e+01 1.20159836e+01 1.06558008e+01 1.14159012e+01
    1.11192751e+01 1.06172190e+01 1.05692358e+01 1.23091421e+01
    1.08993940e+01 1.10593548e+01 1.10910234e+01 1.37621536e+01
    1.13632956e+01 1.19575548e+01 1.21954756e+01 1.25745678e+01
    1.31199207e+01 1.24439201e+01 1.29708710e+01 1.32671537e+01
    1.20808306e+01 1.40060024e+01 1.41309471e+01 1.20477438e+01
    1.36015615e+01 1.37132072e+01 1.16912384e+01 1.20360041e+01
    1.28739681e+01 1.12466888e+01 1.15706196e+01 1.20010538e+01
    1.13070536e+01 1.24745922e+01 1.13846731e+01 1.13620758e+01
    1.38022404e+01 1.26695995e+01 1.27588015e+01 1.23825951e+01
    1.17037668e+01 1.17616634e+01 1.09340057e+01 1.18122778e+01
    1.24162846e+01 1.34882565e+01 1.23929701e+01 1.31537733e+01
    1.22993097e+01 1.46052942e+01 1.36374559e+01 1.36476059e+01
    1.37507238e+01 1.30127497e+01 1.25151262e+01 1.32782335e+01
    1.28545208e+01 1.23507338e+01 1.34307451e+01 1.29120436e+01
    1.20334177e+01 1.18215475e+01 1.16544981e+01 1.34186983e+01
    1.13241234e+01 1.19660950e+01 1.15641136e+01 1.11810541e+01
    1.25542574e+01 1.15587635e+01 1.08561382e+01 1.12308378e+01
    9.95914650e+00 1.10205402e+01 1.01844101e+01 1.06132631e+01
    9.91119385e+00 9.97029877e+00 1.04874506e+01 1.10360975e+01
    1.06842632e+01 1.06391726e+01 1.22727013e+01 1.18122873e+01
    1.16710329e+01 1.12418365e+01 1.03488932e+01 1.12342997e+01
    1.09315987e+01 9.86267757e+00 1.14517345e+01 1.12494659e+01
    1.06993217e+01 1.14184971e+01 1.23642511e+01 1.25451841e+01
    1.28067513e+01 1.07337265e+01 1.13630238e+01 1.15300903e+01
    1.11740398e+01 1.25482311e+01 1.14965448e+01 1.11366034e+01
    1.24034929e+01 1.17145967e+01 1.29504194e+01 1.16396065e+01
    1.09037380e+01 1.14659529e+01 1.09714746e+01 1.20224667e+01
    1.19464741e+01 1.01725512e+01 1.25578556e+01 1.18095684e+01
    1.21976252e+01 1.30668383e+01 1.20330172e+01 1.17033672e+01
    1.28055191e+01 1.28583317e+01 1.27269459e+01 1.23625803e+01
    1.25513258e+01 9.83175945e+00 1.16038475e+01 1.18745365e+01
    1.12001963e+01 1.23066216e+01 1.17749195e+01 1.11688032e+01
    1.23551102e+01 1.37934065e+01 1.27225409e+01 1.20194254e+01
    1.16556435e+01 1.27663155e+01 1.19048748e+01 1.24514980e+01
    1.24222755e+01 1.19946175e+01 1.23896837e+01 1.36939087e+01
    1.31208591e+01 1.20946569e+01 1.18393831e+01 1.27295752e+01
    1.24389791e+01 1.17875738e+01 1.15348701e+01 1.15580425e+01
    1.27723436e+01 1.19719563e+01 1.07394266e+01 1.16065884e+01
    1.22288704e+01 1.06044292e+01 1.05383453e+01 9.98248100e+00
    1.11974745e+01 1.07686958e+01 1.14361744e+01 1.14829350e+01
    1.09064398e+01 1.20582972e+01 1.22903605e+01 1.02503967e+01
    1.09148293e+01 1.01572914e+01 1.07596350e+01 1.12239370e+01
    1.05159044e+01 1.19717655e+01 1.16178560e+01 1.15658159e+01
    1.13177891e+01 1.15254917e+01 1.30004559e+01 1.13293324e+01
    1.14599724e+01 1.19418535e+01 1.13416739e+01 1.22511854e+01
    1.14527845e+01 1.02653093e+01 1.21445503e+01 1.12828579e+01
    9.74170113e+00 1.22809429e+01 1.45793419e+01 1.24708128e+01
    1.22015219e+01 1.22900000e+01 1.28302393e+01 1.43652172e+01
    1.33372631e+01 1.28295841e+01 1.25664806e+01 1.11922445e+01
    1.16531801e+01 1.00204601e+01 1.13859262e+01 1.03491812e+01
    8.80992317e+00 1.06232491e+01 1.19414616e+01 9.59186363e+00
    1.22900162e+01 1.15651321e+01 1.01733122e+01 1.03257093e+01
    9.23139286e+00 1.09808073e+01 8.91995716e+00 9.66369915e+00
    1.13772945e+01 1.19028349e+01 1.15834160e+01 1.12851381e+01
    1.06658316e+01 1.18806677e+01 1.18257427e+01 1.21258669e+01
    6.98174953e+00 7.56978464e+00 9.51073933e+00 1.21451845e+01
    1.23652554e+01 1.20914001e+01 1.35469770e+01 1.19884501e+01
    1.27210760e+01 1.14995546e+01 1.01493740e+01 1.10425873e+01
    1.02064915e+01 1.12703753e+01 1.06292925e+01 9.79590416e+00
    1.13951025e+01 9.73486137e+00 1.02223730e+01 1.15306988e+01
    1.23903580e+01 1.19781761e+01 1.14330482e+01 1.17362442e+01
    1.33575544e+01 1.27991791e+01 1.28573332e+01 1.14658308e+01
    1.04600554e+01 1.14095259e+01 1.07733850e+01 1.11223164e+01
    1.19738216e+01 1.04210529e+01 1.03511658e+01 1.09469929e+01
    1.12027197e+01 1.15874004e+01 1.19460030e+01 1.18009758e+01
    1.23899660e+01 1.16316986e+01 1.34268532e+01 1.43654289e+01
    1.20774488e+01 1.23480921e+01 1.39395952e+01 1.34892483e+01
    1.40580177e+01 1.27280178e+01 1.32891045e+01 1.29844761e+01
    1.27569237e+01 1.10133972e+01 1.12969589e+01 1.21311884e+01
    1.07670345e+01 1.17599888e+01 1.10307884e+01 1.26736574e+01
    1.21780109e+01 1.23446684e+01 1.35951958e+01 1.30077782e+01
    1.32115135e+01 1.24770718e+01 1.15537949e+01 1.20980654e+01
    1.09011154e+01 1.04870710e+01 1.17893438e+01 1.17067165e+01
    1.19885292e+01 1.18432064e+01 1.31286983e+01 1.27220211e+01
    1.36340151e+01 1.23562641e+01 1.20965271e+01 1.07863464e+01
    1.12937956e+01 1.19902143e+01 1.17099771e+01 1.28111019e+01
    1.22154446e+01 1.19904022e+01 1.29123898e+01 1.28893642e+01
    1.31349535e+01 1.20289001e+01 1.18666000e+01 1.13160639e+01
    1.10535898e+01 1.20047703e+01 1.26044903e+01 1.26219063e+01
    1.22779322e+01 1.21746120e+01 1.27274904e+01 1.21292171e+01
    1.22592525e+01 1.03860540e+01 9.85155773e+00 1.10145760e+01
    1.23821220e+01 1.23203526e+01 1.13428011e+01 1.10801296e+01
    1.20663004e+01 1.07945595e+01 1.09868841e+01 1.18764076e+01
    1.11330032e+01 1.20938244e+01 1.15365992e+01 1.13691006e+01
    1.27845030e+01 1.22795229e+01 1.10481501e+01 1.08720465e+01
    1.27072086e+01 1.22016306e+01 1.24212523e+01 1.12771959e+01
    1.14728012e+01 1.36535425e+01 1.23252621e+01 1.17713795e+01
    1.02065353e+01 1.18228159e+01 1.10413866e+01 9.51997948e+00
    1.11938076e+01 1.10658054e+01 1.16643505e+01 1.05255976e+01
    1.10909405e+01 1.10044508e+01 1.13455744e+01 1.08955135e+01
    1.18213425e+01 1.13906879e+01 1.17191744e+01 1.16360464e+01
    1.17390184e+01 1.31933212e+01 1.13842726e+01 1.25695982e+01
    1.24117365e+01 1.20039587e+01 1.12642689e+01 1.12082586e+01
    1.07164173e+01 1.09315300e+01 9.69603252e+00 1.12608175e+01
    1.08704977e+01 1.04333010e+01 1.19086761e+01 1.21832504e+01
    1.17680416e+01 1.15433702e+01 1.23702345e+01 1.18874502e+01
    1.10561504e+01 1.20401049e+01 1.34926767e+01 1.19524918e+01
    1.20228586e+01 1.20195398e+01 1.36600094e+01 1.13865728e+01
    1.25168133e+01 1.26242218e+01 1.23178864e+01 1.27277021e+01
    1.25473852e+01 1.07500706e+01 1.19800816e+01 1.02363100e+01
    1.11980915e+01 1.07117701e+01 1.01434898e+01 9.78547478e+00
    9.67625237e+00 8.78054905e+00 1.00429487e+01 1.11082020e+01
    1.02579403e+01 1.20388260e+01 1.09349566e+01 1.23283987e+01
    1.17026196e+01 1.34106512e+01 1.21001101e+01 1.09347324e+01
    1.21186180e+01 1.16592970e+01 1.16713676e+01 1.20676317e+01
    1.23510628e+01 1.17923183e+01 1.25052261e+01 1.31845989e+01
    1.30775595e+01 1.25869598e+01 1.25529032e+01 1.07235422e+01
    1.06251879e+01 1.25053301e+01 1.17524052e+01 1.08842659e+01
    1.10795832e+01 1.17921600e+01 1.12868214e+01 1.22124825e+01
    1.37379904e+01 1.27953205e+01 1.30499573e+01 1.18939695e+01
    1.24658890e+01 1.32965612e+01 1.35380964e+01 1.19127388e+01
    1.09763269e+01 9.78556728e+00 9.61415100e+00 9.83634281e+00
    1.06491385e+01 1.12042942e+01 8.61055851e+00 1.08801174e+01
    1.18052607e+01 1.11251431e+01 1.12920980e+01 1.33263969e+01
    1.11003036e+01 1.20027609e+01 1.07174969e+01 1.11116095e+01
    1.06943150e+01 1.11781683e+01 1.07169886e+01 1.13085537e+01
    1.32746010e+01 1.10069036e+01 1.04900322e+01 1.17312927e+01
    1.17269220e+01 1.29806690e+01 6.31728077e+00 7.77664089e+00
    9.80725574e+00 1.20631018e+01 1.16619568e+01 1.34031639e+01
    1.30447989e+01 1.17938986e+01 1.12140388e+01 1.31702909e+01
    1.08235712e+01 1.20234833e+01 1.12262135e+01 1.08152447e+01
    1.24079657e+01 1.09569387e+01 1.13938007e+01 1.11014748e+01
    9.92951012e+00 1.02826605e+01 1.15581484e+01 1.25595827e+01
    1.00049696e+01 1.09696503e+01 1.22415495e+01 1.26126919e+01
    1.30313244e+01 1.28111258e+01 1.30553598e+01 1.18381128e+01
    1.06293306e+01 1.20567017e+01 1.28399382e+01 1.09490328e+01
    1.05096941e+01 1.03477697e+01 1.06766205e+01 1.15396976e+01
    1.15093679e+01 1.07189741e+01 1.07564983e+01 1.03907795e+01
    1.25153322e+01 1.25261679e+01 1.16381292e+01 1.30717020e+01
    1.39123011e+01 1.42256479e+01 1.39231787e+01 1.46306829e+01
    1.35516977e+01 1.37193565e+01 1.17371397e+01 1.18659315e+01
    1.16220169e+01 1.20489798e+01 1.05616407e+01 1.11536980e+01
    1.17267361e+01 1.09982443e+01 1.25245876e+01 1.12185526e+01
    1.23889141e+01 1.25575285e+01 1.29097490e+01 1.30488386e+01
    1.16962414e+01 1.17310762e+01 1.21754160e+01 1.09189730e+01
    1.15435724e+01 1.14045229e+01 1.12436275e+01 1.12961245e+01
    1.16805897e+01 1.19556971e+01 1.17549419e+01 1.15640249e+01
    1.08219938e+01 1.00354872e+01 1.16924419e+01 1.08118525e+01
    1.16749210e+01 1.38559742e+01 1.29679708e+01 1.24616604e+01
    1.33849936e+01 1.25774899e+01 1.23336401e+01 1.21398783e+01
    1.17445898e+01 9.63570690e+00 9.16289043e+00 1.20383186e+01
    1.18613529e+01 1.08099031e+01 1.16013517e+01 1.22369547e+01
    1.10554638e+01 1.21428881e+01 1.25817881e+01 1.19912233e+01
    1.08164663e+01 1.06776962e+01 1.19627266e+01 1.21113033e+01
    1.11968527e+01 1.02593193e+01 1.18601608e+01 1.07483416e+01
    1.02986917e+01 1.03411732e+01 1.05271893e+01 9.88069725e+00
    1.06026430e+01 1.03410969e+01 1.22731905e+01 1.19304533e+01
    1.08480568e+01 1.03304844e+01 1.10405664e+01 1.13474846e+01
    1.24245205e+01 1.04385014e+01 1.11037750e+01 1.31655359e+01
    1.23633757e+01 1.18747196e+01 1.21584921e+01 1.08681841e+01
    1.07016211e+01 1.04032745e+01 1.05154037e+01 1.08827105e+01
    1.05799465e+01 1.17617455e+01 1.04901285e+01 1.11873283e+01
    1.26534557e+01 1.26077566e+01 1.04618406e+01 1.30580864e+01
    1.15414581e+01 1.13998556e+01 1.22099905e+01 1.23638420e+01
    1.15379076e+01 1.20874853e+01 1.22817097e+01 1.17525816e+01
    1.15665607e+01 1.10277119e+01 1.11256361e+01 1.08911734e+01
    1.17526627e+01 1.12838898e+01 1.22561455e+01 1.26714859e+01
    1.24779654e+01 1.08840008e+01 1.17253942e+01 1.15351610e+01
    1.08410397e+01 1.18709221e+01 1.09772110e+01 1.15443678e+01
    1.26245832e+01 1.21874743e+01 1.31701965e+01 1.27038841e+01
    1.09589157e+01 1.02594538e+01 1.14868174e+01 1.18117266e+01
    1.09974699e+01 1.16304436e+01 1.03196354e+01 1.16595163e+01
    1.19851942e+01 9.98429775e+00 1.00795918e+01 9.94623852e+00
    8.20685005e+00 1.00901680e+01 9.24509048e+00 9.20651627e+00
    1.02488461e+01 1.18763409e+01 1.12187624e+01 1.17782106e+01
    1.09814548e+01 1.26410294e+01 1.26475096e+01 1.21437626e+01
    1.15281754e+01 1.15218048e+01 1.12647877e+01 1.01709137e+01
    1.13489742e+01 1.19349098e+01 1.37857418e+01 1.19469423e+01
    1.18470440e+01 1.33968992e+01 1.30444279e+01 1.44437809e+01
    1.17048750e+01 1.12182903e+01 1.21289749e+01 1.17017536e+01
    1.14130135e+01 1.17516832e+01 1.05460320e+01 1.06926117e+01
    1.15764847e+01 1.35618677e+01 1.42570257e+01 1.32275782e+01
    1.28713913e+01 1.31721764e+01 1.29075708e+01 1.29371586e+01
    1.35532751e+01 1.22631416e+01 1.03101540e+01 1.06594687e+01
    1.06184034e+01 1.05274782e+01 1.04674187e+01 1.02856750e+01
    8.36010456e+00 9.50750637e+00 1.09711170e+01 1.17509823e+01
    1.10476723e+01 1.02146626e+01 1.10166397e+01 1.00565014e+01
    1.06728983e+01 9.92072868e+00 1.16798334e+01 1.08046350e+01
    1.24606256e+01 1.25699110e+01 1.30058899e+01 1.18832264e+01
    1.16832161e+01 1.16996088e+01 1.15139856e+01 1.21113338e+01
    6.24359035e+00 8.95525646e+00 1.03150864e+01 1.24760885e+01
    1.38805580e+01 1.27307587e+01 1.51274261e+01 1.39256535e+01
    1.38443871e+01 1.35123692e+01 1.25573368e+01 1.19356403e+01
    1.25902719e+01 1.01482191e+01 1.24913235e+01 1.07380505e+01
    1.09769974e+01 1.08947515e+01 1.10758238e+01 1.14796448e+01
    1.21996717e+01 1.13875027e+01 1.07627783e+01 1.11867981e+01
    1.16516027e+01 1.21535845e+01 1.20306082e+01 1.18997574e+01
    1.15826006e+01 1.01328688e+01 1.16877155e+01 1.21229343e+01
    1.18662014e+01 1.15082741e+01 1.11720390e+01 1.02536097e+01
    1.11650639e+01 1.09251661e+01 1.15375385e+01 1.15419044e+01
    1.00630302e+01 1.07680779e+01 1.17670498e+01 1.28162174e+01
    1.05559845e+01 1.19726038e+01 1.30628824e+01 1.36232615e+01
    1.23597240e+01 1.34645996e+01 1.28859644e+01 1.28770618e+01
    1.19775267e+01 1.01513214e+01 1.09054632e+01 1.09461479e+01
    1.09913025e+01 1.03514261e+01 1.11330576e+01 1.17517138e+01
    1.34645872e+01 1.32820892e+01 1.24303436e+01 1.35660810e+01
    1.32445221e+01 1.23342943e+01 1.17030611e+01 1.16089764e+01
    1.14486551e+01 1.22330685e+01 1.31214676e+01 1.11867828e+01
    1.28061867e+01 1.34861736e+01 1.21043644e+01 1.27679491e+01
    1.24210310e+01 1.16348848e+01 1.06647444e+01 1.03573627e+01
    1.12950983e+01 1.10721283e+01 1.09958067e+01 1.27626019e+01
    1.31175766e+01 1.31470881e+01 1.25142097e+01 1.14108114e+01
    1.27839756e+01 1.26065779e+01 1.01499949e+01 9.19904232e+00
    1.00155897e+01 1.14203663e+01 1.13849258e+01 9.95262718e+00
    1.17443924e+01 1.15394745e+01 1.16908684e+01 1.30476627e+01
    1.09049597e+01 1.06166868e+01 1.08882999e+01 1.10366888e+01
    1.13426056e+01 1.25318632e+01 1.04125681e+01 1.14005775e+01
    1.21367207e+01 1.01300440e+01 9.82879353e+00 9.28081703e+00
    9.87040520e+00 1.01877165e+01 8.92707253e+00 1.09294434e+01
    1.21187935e+01 1.10389633e+01 1.20561028e+01 1.16985722e+01
    1.17518873e+01 1.28461561e+01 1.19282770e+01 1.02051125e+01
    1.14627962e+01 1.29500160e+01 1.17524490e+01 1.28544064e+01
    1.26632223e+01 1.26144466e+01 1.24793158e+01 1.18219471e+01
    1.16712265e+01 1.22997694e+01 1.14343786e+01 1.10328417e+01
    1.07243700e+01 1.10238113e+01 1.23120794e+01 1.15169706e+01
    1.08603344e+01 9.93565178e+00 1.27080746e+01 1.12420940e+01
    1.07855091e+01 1.23716192e+01 1.14093733e+01 1.23308773e+01
    1.18674164e+01 1.17027121e+01 1.15343981e+01 1.01609459e+01
    1.16858473e+01 1.06577530e+01 9.93914986e+00 1.06946735e+01
    1.10345192e+01 1.13780231e+01 1.11583643e+01 1.12951651e+01
    1.23331947e+01 1.20099258e+01 1.29783945e+01 1.04019337e+01
    1.17548523e+01 1.15311775e+01 1.14750156e+01 1.21559744e+01
    1.24345360e+01 1.21357841e+01 1.12965002e+01 1.09852104e+01
    1.16879320e+01 1.27858706e+01 1.12462740e+01 1.24205208e+01
    1.20460272e+01 1.05603132e+01 1.23502674e+01 1.07722044e+01
    1.10435991e+01 1.10593472e+01 8.12327576e+00 9.22316074e+00
    9.15920734e+00 8.91585350e+00 9.31558132e+00 1.03362608e+01
    1.09926300e+01 1.04047623e+01 1.03019371e+01 1.16507206e+01
    1.21584282e+01 1.07696609e+01 9.75498104e+00 1.08074083e+01
    1.00610409e+01 9.42551136e+00 1.02769890e+01 1.08188915e+01
    1.18977327e+01 1.10861664e+01 1.04671879e+01 1.13782978e+01
    1.27485723e+01 1.33583908e+01 1.04701843e+01 9.80670929e+00
    9.82620621e+00 1.13827915e+01 1.12503853e+01 1.13583002e+01
    1.10598898e+01 1.06824341e+01 1.15801458e+01 1.36622181e+01
    1.38402681e+01 1.24703646e+01 1.12526245e+01 1.31911469e+01
    1.33950758e+01 1.23257923e+01 1.32104597e+01 1.21945114e+01
    1.10545568e+01 1.10457201e+01 1.02089863e+01 1.06307964e+01
    1.15173187e+01 1.09740086e+01 9.04380703e+00 1.12370825e+01
    1.24062834e+01 1.22754078e+01 1.31854677e+01 1.10584154e+01
    1.16722336e+01 1.15866728e+01 1.16241407e+01 1.02386074e+01
    1.14393253e+01 1.07036076e+01 1.04840755e+01 1.18537388e+01
    1.29090500e+01 1.23427801e+01 1.10539446e+01 1.21049595e+01
    1.30382204e+01 1.29983950e+01 6.27812338e+00 7.68488216e+00
    8.58925819e+00 1.09783392e+01 1.32254496e+01 1.23210192e+01
    1.38393297e+01 1.24108829e+01 1.24261456e+01 1.23651447e+01
    1.26604061e+01 1.16779461e+01 1.18612776e+01 1.13808556e+01
    1.13280830e+01 1.28503227e+01 1.17979307e+01 1.13409586e+01
    1.23986187e+01 1.24011374e+01 1.21302490e+01 1.26280260e+01
    1.12904510e+01 1.15146027e+01 1.29110413e+01 1.14013090e+01
    1.17782402e+01 1.09178047e+01 1.17482882e+01 1.08705606e+01
    1.13478508e+01 1.12921247e+01 1.08001804e+01 1.12027206e+01
    1.07829666e+01 1.14547024e+01 1.11518679e+01 1.32875051e+01
    1.10956469e+01 1.36808157e+01 1.11879730e+01 1.11744127e+01
    1.29804029e+01 1.15782557e+01 1.08435116e+01 1.15560551e+01
    1.15472221e+01 1.25172520e+01 1.27084484e+01 1.23406658e+01
    1.31866398e+01 1.19247065e+01 1.22619629e+01 1.03389235e+01
    9.80022430e+00 9.35314655e+00 1.14139137e+01 1.01852722e+01
    1.09140568e+01 1.15576439e+01 1.24562082e+01 1.34877501e+01
    1.30197544e+01 1.31525917e+01 1.30852346e+01 1.24135323e+01
    1.30874090e+01 1.10843191e+01 1.13866386e+01 1.25602093e+01
    1.11002026e+01 1.07654982e+01 1.18868008e+01 1.20784569e+01
    1.22711124e+01 1.36398926e+01 1.16350031e+01 1.06022358e+01
    1.10817327e+01 1.09579020e+01 1.06117296e+01 1.17067871e+01
    1.07196178e+01 1.18165007e+01 1.29316330e+01 1.24375086e+01
    1.24976082e+01 1.26800852e+01 1.17224884e+01 1.18622208e+01
    1.05289421e+01 8.22290993e+00 8.91806221e+00 1.05053501e+01
    1.05475702e+01 9.42864704e+00 9.58948708e+00 1.18062019e+01
    1.20139618e+01 1.19418144e+01 1.03529453e+01 1.06642056e+01
    1.04931297e+01 1.14077444e+01 1.28236094e+01 1.08648109e+01
    1.06558065e+01 1.28999825e+01 1.35992966e+01 1.16323557e+01
    1.14805355e+01 1.24835224e+01 1.14352245e+01 9.53722572e+00
    9.95820141e+00 9.94676590e+00 1.33274784e+01 1.17040520e+01
    1.20271187e+01 1.19806099e+01 1.34631844e+01 1.31223335e+01
    1.36562119e+01 1.12536516e+01 1.15728292e+01 1.32582541e+01
    1.28760347e+01 1.10908384e+01 1.19923649e+01 1.19240665e+01
    1.19606905e+01 1.18685741e+01 1.17306881e+01 1.09013796e+01
    1.22533607e+01 1.19552469e+01 1.19872255e+01 1.08280220e+01
    1.14130640e+01 1.19106035e+01 1.20210762e+01 1.22764864e+01
    1.12687817e+01 1.19951429e+01 1.22316217e+01 1.24360561e+01
    1.13774033e+01 1.41364861e+01 1.23717442e+01 1.01789474e+01
    1.30017948e+01 1.23791380e+01 1.12229071e+01 1.07919846e+01
    9.14523888e+00 1.07294359e+01 1.10281496e+01 1.01589909e+01
    1.10571880e+01 1.17717571e+01 1.02794352e+01 1.24964437e+01
    1.09969721e+01 1.18449574e+01 1.26052246e+01 1.17734985e+01
    1.07254057e+01 1.25926189e+01 1.17923517e+01 1.20264635e+01
    1.09597864e+01 1.08539925e+01 1.16292257e+01 1.28067169e+01
    1.18975248e+01 1.23528051e+01 1.28441820e+01 1.28222008e+01
    1.21766338e+01 1.12072744e+01 1.13504686e+01 1.05431824e+01
    9.45615864e+00 7.48972034e+00 8.06084538e+00 9.73507023e+00
    1.06597271e+01 9.45964146e+00 1.15186691e+01 1.10817051e+01
    1.13558083e+01 1.28176146e+01 1.30812225e+01 1.17204914e+01
    1.07740898e+01 1.13568735e+01 1.08765688e+01 9.75238800e+00
    1.04242620e+01 1.17358198e+01 1.14961958e+01 1.16071739e+01
    1.14307871e+01 1.06735392e+01 1.22578335e+01 1.20145054e+01
    1.17721405e+01 9.40036964e+00 1.06677294e+01 1.04457569e+01
    1.13994122e+01 1.08461142e+01 9.68289185e+00 9.82738209e+00
    1.13888121e+01 1.33372555e+01 1.38543282e+01 1.25854034e+01
    1.16959448e+01 1.27150021e+01 1.30830526e+01 1.14798794e+01
    1.20172777e+01 1.12719412e+01 1.06743727e+01 1.02913618e+01
    1.03371153e+01 1.10428114e+01 1.20026627e+01 1.03555536e+01
    1.13415747e+01 1.06217918e+01 1.27382612e+01 1.18070078e+01
    1.42859840e+01 1.24505405e+01 1.28775501e+01 1.23562479e+01
    1.14315271e+01 1.25546379e+01 1.10475349e+01 1.12308817e+01
    1.22525978e+01 1.25298290e+01 1.24585886e+01 1.29395781e+01
    1.16680307e+01 1.23594217e+01 1.23548603e+01 1.33383322e+01
    7.36969328e+00 7.62747812e+00 8.84961796e+00 1.17235260e+01
    1.26823559e+01 1.20769310e+01 1.26623373e+01 1.23637123e+01
    1.21509933e+01 1.27211561e+01 1.24948521e+01 1.15230179e+01
    1.15455618e+01 1.18334713e+01 1.34570370e+01 1.15153875e+01
    1.20166025e+01 1.25879936e+01 1.25646248e+01 1.25041933e+01
    1.31626158e+01 1.27065668e+01 1.19724102e+01 1.14771976e+01
    1.26155529e+01 1.22949409e+01 1.21011133e+01 1.14849682e+01
    1.07921028e+01 1.04841328e+01 1.07270231e+01 1.21893921e+01
    1.03176603e+01 1.18775282e+01 1.13640776e+01 1.10329342e+01
    1.14311733e+01 1.20837364e+01 1.13333941e+01 1.15771208e+01
    1.22417021e+01 1.10374403e+01 1.18530979e+01 1.13862247e+01
    1.15647860e+01 1.19908657e+01 1.11466169e+01 1.31325588e+01
    1.29393215e+01 1.26859503e+01 1.39346647e+01 1.24111004e+01
    1.21660585e+01 1.12217827e+01 1.10658674e+01 9.38464546e+00
    1.00876884e+01 1.01753216e+01 9.86355972e+00 1.09683228e+01
    1.09031115e+01 1.17662182e+01 1.35025587e+01 1.09592600e+01
    1.29206324e+01 1.31780787e+01 1.06173401e+01 1.12284307e+01
    1.07763109e+01 1.03927383e+01 1.13665237e+01 1.07234821e+01
    1.07443333e+01 1.06309547e+01 1.21845541e+01 1.14417629e+01
    1.11541615e+01 1.07583456e+01 1.12901421e+01 9.48818779e+00
    1.11838923e+01 1.18145189e+01 1.15896254e+01 1.27602367e+01
    1.32707043e+01 1.14974546e+01 1.35530548e+01 1.19877195e+01
    1.11182880e+01 1.10171556e+01 9.23049355e+00 9.88949394e+00
    9.83824158e+00 1.06861544e+01 1.01539946e+01 1.00835810e+01
    1.09351301e+01 9.65385437e+00 1.15581751e+01 1.08182669e+01
    9.77472591e+00 1.07617989e+01 9.98184395e+00 1.13194685e+01
    1.21918697e+01 1.11136684e+01 1.11553335e+01 1.25595722e+01
    1.34221973e+01 1.02840881e+01 1.07697563e+01 1.19758263e+01
    9.89540863e+00 1.08968801e+01 9.68453121e+00 1.00873728e+01
    1.21467123e+01 1.05555534e+01 1.11742868e+01 1.23756180e+01
    1.19943314e+01 1.36802349e+01 1.32099686e+01 1.15489693e+01
    1.22838020e+01 1.31249542e+01 1.32189322e+01 1.26740417e+01
    1.22361822e+01 1.11986456e+01 1.10267897e+01 1.13411493e+01
    1.19573174e+01 1.18532104e+01 1.26790771e+01 1.24460850e+01
    1.19470501e+01 1.23206701e+01 1.23026724e+01 1.15195026e+01
    1.16919479e+01 1.15310431e+01 1.03327684e+01 1.16016932e+01
    1.19033127e+01 1.26804924e+01 1.25650539e+01 1.29002571e+01
    1.31127424e+01 1.25425138e+01 1.34696980e+01 1.32030964e+01
    1.17267065e+01 1.30191917e+01 1.12478428e+01 1.22721272e+01
    1.27241545e+01 1.05846415e+01 1.14328527e+01 1.06861944e+01
    1.11377668e+01 1.17443705e+01 1.11216927e+01 1.08332520e+01
    1.19717607e+01 1.20745354e+01 1.24444590e+01 1.24981918e+01
    1.19321289e+01 1.22408762e+01 1.22928286e+01 1.01383934e+01
    1.12867994e+01 1.16218777e+01 1.26024742e+01 1.16871443e+01
    1.17224016e+01 1.18497391e+01 1.20272055e+01 1.19719362e+01
    1.11021795e+01 1.04268141e+01 1.09017076e+01 9.24399948e+00
    8.13591671e+00 8.90830898e+00 8.98251629e+00 1.04304771e+01
    9.72875309e+00 9.06822205e+00 1.08972197e+01 1.23435345e+01
    1.23863392e+01 1.24987936e+01 1.06303988e+01 1.01229153e+01
    1.03384352e+01 1.09018059e+01 1.00014057e+01 1.08645372e+01
    1.27621269e+01 1.15292625e+01 1.22173662e+01 1.27066689e+01
    1.27452545e+01 1.34051981e+01 1.07078371e+01 9.96837139e+00
    1.06094427e+01 1.02807055e+01 1.15304089e+01 1.26125746e+01
    1.03015118e+01 1.08793564e+01 1.09750261e+01 1.40015545e+01
    1.32262144e+01 1.19424171e+01 1.10686312e+01 1.23635836e+01
    1.35363483e+01 1.18063297e+01 1.16523190e+01 1.15652571e+01
    9.77965164e+00 9.42669392e+00 1.10785503e+01 1.22746115e+01
    1.04832659e+01 9.78586292e+00 1.04685869e+01 1.10859909e+01
    1.23131552e+01 1.17745247e+01 1.17843189e+01 1.20141802e+01
    1.08741255e+01 1.21721144e+01 1.25398483e+01 1.25140562e+01
    1.04972134e+01 1.16923656e+01 1.16379795e+01 1.07300386e+01
    1.22158260e+01 1.18241663e+01 1.19025059e+01 1.18589849e+01
    1.16445150e+01 1.38628445e+01 6.35087061e+00 8.50284863e+00
    1.00099554e+01 1.26183548e+01 1.24579992e+01 1.34008408e+01
    1.32352028e+01 1.26388264e+01 1.22898617e+01 1.23100901e+01
    1.21887093e+01 1.28753119e+01 1.09265089e+01 1.33833666e+01
    1.31494913e+01 1.30634441e+01 1.27926302e+01 1.27239866e+01
    1.29326744e+01 1.37947845e+01 1.24346991e+01 1.20716934e+01
    1.27713432e+01 1.24824057e+01 1.12173672e+01 1.29392967e+01
    1.31959906e+01 1.26894321e+01 9.84309483e+00 1.18934784e+01
    1.22652435e+01 1.20111818e+01 1.09086437e+01 9.78467464e+00
    1.03547363e+01 1.10435658e+01 1.19979067e+01 1.20440130e+01
    1.20539751e+01 1.28824015e+01 1.18819294e+01 1.20353107e+01
    1.24184875e+01 1.22712069e+01 1.05139799e+01 1.02653484e+01
    1.05881720e+01 1.19243708e+01 1.24780407e+01 1.13419886e+01
    1.19860783e+01 1.24971895e+01 1.21410341e+01 1.21037302e+01
    1.02501993e+01 1.08650780e+01 1.03482180e+01 9.96740723e+00
    1.07294502e+01 1.12893744e+01 1.22777243e+01 1.18518763e+01
    1.25041790e+01 1.23487463e+01 1.35118637e+01 1.26109648e+01
    1.26073132e+01 1.22951250e+01 1.12714787e+01 1.01441278e+01
    1.27467117e+01 1.10365019e+01 9.87044334e+00 1.14344282e+01
    1.20474815e+01 1.09876862e+01 1.09668074e+01 1.12610273e+01
    1.07425995e+01 1.05564241e+01 1.22012196e+01 1.13347521e+01
    1.18093987e+01 1.30108824e+01 1.34938669e+01 1.25498991e+01
    1.27369308e+01 1.19467020e+01 1.12989597e+01 1.01221876e+01
    8.91478825e+00 9.26992798e+00 8.57034874e+00 1.00008059e+01
    1.08777447e+01 9.45431423e+00 1.11763697e+01 1.14682703e+01
    1.23173447e+01 1.19968300e+01 1.08893452e+01 1.09079275e+01
    1.11278515e+01 1.19651680e+01 1.23226309e+01 1.18996840e+01
    1.23573999e+01 1.15905380e+01 1.26365929e+01 1.29595613e+01
    1.26421366e+01 1.12542906e+01 1.12163773e+01 1.11970129e+01
    1.10458717e+01 9.95516682e+00 1.19879999e+01 1.13131037e+01
    1.18466454e+01 1.06786137e+01 1.27076378e+01 1.30075235e+01
    1.16978350e+01 1.18852167e+01 1.23810511e+01 1.37117958e+01
    1.28455000e+01 1.17565174e+01 1.09458761e+01 1.19463453e+01
    1.17246628e+01 1.08803854e+01 1.18284092e+01 1.19690809e+01
    1.11657791e+01 1.21969881e+01 1.02728863e+01 1.15323792e+01
    1.16262112e+01 1.16398697e+01 1.08838806e+01 9.70407295e+00
    1.08821421e+01 1.07902718e+01 1.20302448e+01 1.22391386e+01
    1.22473192e+01 1.30553169e+01 1.29474039e+01 1.22831059e+01
    1.34648714e+01 1.22980480e+01 1.13837070e+01 1.06282740e+01
    1.11389799e+01 9.80743599e+00 1.12505951e+01 1.01250248e+01
    9.59624481e+00 9.78823090e+00 1.03098640e+01 1.13747368e+01
    1.12024765e+01 1.03614407e+01 1.12263803e+01 1.20282764e+01
    1.26943655e+01 1.29535074e+01 1.24898233e+01 1.17864437e+01
    1.16643305e+01 1.13958569e+01 1.15126934e+01 1.11093302e+01
    1.12456198e+01 1.24013424e+01 1.20877533e+01 1.22299166e+01
    1.18831568e+01 1.24129086e+01 1.35927496e+01 1.19713993e+01
    1.05698414e+01 1.17674513e+01 9.65585518e+00 1.08475561e+01
    1.10886030e+01 1.02988806e+01 9.25339890e+00 9.11976337e+00
    1.07341604e+01 1.06380396e+01 1.12626734e+01 1.07898035e+01
    1.09651957e+01 1.04225893e+01 9.78019619e+00 1.17415438e+01
    1.04303513e+01 1.21224604e+01 1.21828260e+01 1.18092651e+01
    1.32363529e+01 1.43986053e+01 1.29359131e+01 1.29963694e+01
    1.08474264e+01 9.84474373e+00 1.05155516e+01 1.16055908e+01
    1.10474768e+01 1.07738438e+01 1.02124901e+01 1.05199499e+01
    1.24211559e+01 1.21918697e+01 1.34603577e+01 1.18264217e+01
    1.11516790e+01 1.22227917e+01 1.06700811e+01 1.20103149e+01
    1.17002239e+01 1.03853712e+01 9.54320240e+00 1.11211176e+01
    1.17687101e+01 1.07348928e+01 1.19019184e+01 1.06408978e+01
    9.36544800e+00 1.09024200e+01 1.15716457e+01 1.18109941e+01
    1.08351545e+01 1.11822948e+01 1.16787634e+01 1.33256483e+01
    1.27421389e+01 1.13261471e+01 1.16525574e+01 1.15187874e+01
    1.29148045e+01 1.11933079e+01 1.21928968e+01 1.19795494e+01
    1.13267679e+01 1.24052668e+01 1.16867867e+01 1.25701036e+01
    5.58976889e+00 6.54286766e+00 9.16413879e+00 1.14983683e+01
    1.13010950e+01 1.23795376e+01 1.33614120e+01 1.30022602e+01
    1.25256138e+01 1.21660843e+01 1.37724791e+01 1.21854515e+01
    1.25096617e+01 1.13651390e+01 1.35846052e+01 1.29526691e+01
    1.21317577e+01 1.37401466e+01 1.36220856e+01 1.20240469e+01
    1.33016043e+01 1.23362980e+01 1.19782038e+01 1.31359606e+01
    1.17214642e+01 1.20499439e+01 1.27150049e+01 1.23552465e+01
    1.17481203e+01 1.14266882e+01 1.27199202e+01 1.13171759e+01
    1.16317072e+01 1.18905611e+01 1.26749859e+01 1.15969334e+01
    1.12705240e+01 1.25412321e+01 1.17345495e+01 1.20941353e+01
    1.14624290e+01 1.19490776e+01 1.31773291e+01 1.17005911e+01
    1.22525311e+01 1.13505688e+01 1.07157526e+01 1.08292799e+01
    1.13392239e+01 1.21745806e+01 1.14804344e+01 1.11439648e+01
    1.09984150e+01 1.14099607e+01 1.19971371e+01 1.06727734e+01
    1.10496531e+01 1.17593899e+01 1.16620827e+01 1.11894999e+01
    1.28701372e+01 1.21481152e+01 1.21049585e+01 1.32551622e+01
    1.06059122e+01 1.22079601e+01 1.19353056e+01 1.16637993e+01
    1.12055950e+01 1.04140244e+01 1.08559837e+01 1.16867723e+01
    1.07450209e+01 1.15979195e+01 1.02329493e+01 1.18247881e+01
    1.10007792e+01 9.75298691e+00 1.05107965e+01 1.11387577e+01
    1.10556068e+01 1.08766842e+01 1.13154316e+01 1.22100945e+01
    1.23806944e+01 1.28355513e+01 1.13614159e+01 1.14975863e+01
    1.13609657e+01 9.72452450e+00 8.75713253e+00 8.17700768e+00
    9.14234829e+00 1.04425535e+01 9.93387604e+00 8.93044472e+00
    1.05869551e+01 1.21240749e+01 1.09806662e+01 1.26597862e+01
    1.07870150e+01 1.06835470e+01 1.17384024e+01 1.16084185e+01
    1.12682648e+01 1.15360098e+01 1.26341839e+01 1.08910837e+01
    1.27858191e+01 1.18331070e+01 1.08858919e+01 1.12869377e+01
    9.12313366e+00 9.67252827e+00 9.97282696e+00 9.43834877e+00
    1.11402464e+01 1.09467525e+01 1.10407887e+01 1.27412596e+01
    1.21265059e+01 1.33465662e+01 1.41722183e+01 1.22307196e+01
    1.36677513e+01 1.38661804e+01 1.39158649e+01 1.26648188e+01
    1.25946646e+01 1.15652561e+01 1.18998909e+01 1.24790001e+01
    1.02106762e+01 1.15724897e+01 1.24696026e+01 1.24252176e+01
    1.23054667e+01 1.11403904e+01 1.22451334e+01 1.11235580e+01
    1.09087353e+01 1.14240732e+01 1.04542799e+01 9.62374687e+00
    1.15632448e+01 1.23892212e+01 1.25373697e+01 1.36438236e+01
    1.24556570e+01 1.39276304e+01 1.44453764e+01 1.45642738e+01
    1.32111292e+01 1.17007322e+01 1.09541368e+01 1.09059238e+01
    1.13881102e+01 1.00585899e+01 9.18076038e+00 9.46214771e+00
    1.02189150e+01 1.00265169e+01 1.12946033e+01 1.07926826e+01
    1.14651718e+01 1.18376684e+01 1.32389240e+01 1.34254532e+01
    1.27583427e+01 1.18716345e+01 1.25010233e+01 1.20591955e+01
    1.06768732e+01 1.15622530e+01 1.15573473e+01 1.18388138e+01
    1.20064821e+01 1.24097261e+01 1.18876839e+01 1.22103367e+01
    1.29731808e+01 1.17037697e+01 1.08026867e+01 1.08984928e+01
    1.11756716e+01 1.16213598e+01 1.04849100e+01 1.09217730e+01
    1.05325747e+01 1.00866795e+01 1.07532444e+01 1.34917116e+01
    1.07451057e+01 1.13970404e+01 1.27819405e+01 1.17678957e+01
    1.08850031e+01 1.16651917e+01 1.01210747e+01 1.24062510e+01
    1.24997749e+01 1.17829752e+01 1.23698072e+01 1.32753124e+01
    1.44527750e+01 1.43738937e+01 1.20623922e+01 1.15565920e+01
    1.21353340e+01 1.19363556e+01 1.11735048e+01 1.21533804e+01
    1.02460327e+01 1.15277214e+01 1.25534801e+01 1.17292490e+01
    1.16120081e+01 1.08202705e+01 1.10281334e+01 1.12792978e+01
    9.76128197e+00 1.14297590e+01 1.13364582e+01 1.02136545e+01
    8.20510674e+00 9.30517673e+00 1.15377121e+01 1.11451330e+01
    1.06078844e+01 1.07287569e+01 9.84613895e+00 1.08324060e+01
    1.14499073e+01 9.62978840e+00 1.12995472e+01 9.63835716e+00
    1.00347137e+01 1.15771465e+01 1.20464115e+01 1.15997715e+01
    1.13078594e+01 1.17257500e+01 1.13000746e+01 1.14262543e+01
    1.23072529e+01 1.29074697e+01 1.11527071e+01 1.07128668e+01
    1.31339788e+01 1.33906174e+01 7.47985506e+00 7.12875080e+00
    1.02298756e+01 1.21270447e+01 1.27531900e+01 1.17191677e+01
    1.24535017e+01 1.26120663e+01 1.21056328e+01 1.34439735e+01
    1.29392052e+01 1.28647833e+01 1.30624113e+01 1.36979723e+01
    1.41838169e+01 1.32103939e+01 1.41702671e+01 1.49096317e+01
    1.30404148e+01 1.40242443e+01 1.22633533e+01 1.20558004e+01
    1.27741213e+01 1.24697123e+01 1.22233171e+01 1.19578772e+01
    1.24747314e+01 1.18130560e+01 1.08869190e+01 1.10609617e+01
    1.31127005e+01 1.19910021e+01 9.84619904e+00 1.23829117e+01
    1.21876516e+01 1.28607845e+01 1.12911062e+01 1.31224833e+01
    1.42426033e+01 1.30743217e+01 1.19803963e+01 1.34094992e+01
    1.35595570e+01 1.22164211e+01 1.21985312e+01 1.19203711e+01
    1.07111845e+01 1.11234674e+01 1.05146523e+01 1.12849064e+01
    1.11065016e+01 1.05289755e+01 1.07087994e+01 1.02379789e+01
    1.20061998e+01 1.04702158e+01 9.84134102e+00 1.00158730e+01
    1.13092957e+01 1.23809538e+01 1.25685997e+01 1.16029501e+01
    1.27982903e+01 1.27960577e+01 1.25198946e+01 1.18120022e+01
    1.18679790e+01 1.18503437e+01 1.04715395e+01 1.15104313e+01
    1.16702709e+01 1.02294426e+01 1.14183931e+01 1.21378527e+01
    1.09172211e+01 1.07981691e+01 1.14615297e+01 1.03463211e+01
    1.06578617e+01 1.15737524e+01 1.17449074e+01 1.14146290e+01
    1.09162102e+01 1.18551025e+01 1.28144054e+01 1.30405550e+01
    1.18734589e+01 1.20361643e+01 1.13855162e+01 9.88982582e+00
    9.63419914e+00 9.89327717e+00 9.30181313e+00 1.01871338e+01
    9.54892731e+00 9.40850925e+00 1.03222046e+01 1.15531759e+01
    1.26972179e+01 1.08195572e+01 1.11576881e+01 1.15485020e+01
    1.20182028e+01 1.10895348e+01 1.17515392e+01 1.14078197e+01
    1.14013824e+01 1.19847136e+01 1.12183437e+01 1.11885481e+01
    1.08300047e+01 1.12103977e+01 9.89722633e+00 9.53543949e+00
    9.42301369e+00 8.82568359e+00 1.00206661e+01 9.11346149e+00
    9.94650555e+00 1.18388577e+01 1.15107689e+01 1.19720526e+01
    1.29094601e+01 1.23942871e+01 1.25568724e+01 1.36497736e+01
    1.30810537e+01 1.22356806e+01 1.22569447e+01 1.25155716e+01
    1.25766296e+01 1.20342941e+01 1.18531733e+01 1.18724489e+01
    1.31532173e+01 1.17703876e+01 1.18303080e+01 1.20779934e+01
    1.23009014e+01 1.22121925e+01 1.18854933e+01 1.07296162e+01
    1.09418011e+01 1.14480505e+01 1.03711796e+01 1.31160870e+01
    1.23365021e+01 1.19811563e+01 1.33208351e+01 1.24206944e+01
    1.43630247e+01 1.42430124e+01 1.30044260e+01 1.22304716e+01
    1.23998423e+01 1.33759670e+01 1.20006399e+01 1.20264368e+01
    1.13138885e+01 1.16396236e+01 1.22555065e+01 1.27843714e+01
    1.20256758e+01 1.20616426e+01 1.19607487e+01 1.23081121e+01
    1.24747810e+01 1.42416468e+01 1.39229374e+01 1.22078457e+01
    1.37823954e+01 1.35189657e+01 1.16888733e+01 1.20188255e+01
    1.16740551e+01 1.28771172e+01 1.25980740e+01 1.09394436e+01
    1.19426613e+01 1.32552986e+01 1.21820164e+01 1.16102457e+01
    1.00406075e+01 1.06008644e+01 1.12748146e+01 1.08146515e+01
    1.03041353e+01 1.03043728e+01 1.10047607e+01 1.08160505e+01
    1.00014353e+01 1.21161842e+01 1.16781559e+01 9.89392376e+00
    1.17152815e+01 1.07437878e+01 1.16805716e+01 1.21622038e+01
    1.19042377e+01 1.15942450e+01 1.21014299e+01 1.29887486e+01
    1.29943609e+01 1.38454752e+01 1.36041193e+01 1.36181650e+01
    1.29616394e+01 1.16232567e+01 1.20862617e+01 1.12041798e+01
    1.25699072e+01 1.18472824e+01 1.13413916e+01 1.07341948e+01
    1.21352186e+01 1.09549513e+01 1.14003944e+01 1.24953089e+01
    1.10553150e+01 1.04822206e+01 1.11378155e+01 1.00800343e+01
    1.09973087e+01 9.62944794e+00 9.03189087e+00 9.03892040e+00
    1.02972517e+01 1.15433178e+01 1.03153124e+01 1.00026760e+01
    9.93276691e+00 1.04855032e+01 1.10827379e+01 1.08735523e+01
    9.68846798e+00 8.34878445e+00 9.44830990e+00 1.12616959e+01
    1.07947226e+01 1.11636248e+01 1.08333054e+01 1.15345488e+01
    1.06374817e+01 1.10539122e+01 1.19505901e+01 1.28256092e+01
    1.02193108e+01 1.19626837e+01 1.34174509e+01 1.38775129e+01
    6.19272470e+00 7.81805277e+00 1.05096722e+01 1.31442595e+01
    1.16528206e+01 1.22925253e+01 1.26548891e+01 1.32978830e+01
    1.34286509e+01 1.34997768e+01 1.24733744e+01 1.32457266e+01
    1.37028637e+01 1.32145758e+01 1.29984703e+01 1.28716068e+01
    1.38114681e+01 1.34972248e+01 1.36564837e+01 1.30462370e+01
    1.30367632e+01 1.29890051e+01 1.28494892e+01 1.21381006e+01
    1.30086842e+01 1.30478706e+01 1.26282434e+01 1.25679102e+01
    1.13350639e+01 1.25564833e+01 1.25722551e+01 1.10483360e+01
    1.01839457e+01 1.22525721e+01 1.20308647e+01 1.28157978e+01
    1.33505859e+01 1.32394829e+01 1.41510391e+01 1.30942698e+01
    1.40228062e+01 1.35424089e+01 1.41030598e+01 1.37447748e+01
    1.33622179e+01 1.23168678e+01 1.21055202e+01 1.30390673e+01
    1.13244648e+01 1.16310453e+01 1.19293184e+01 1.14513559e+01
    1.10037975e+01 1.10249023e+01 1.12474794e+01 1.06235666e+01
    1.07564125e+01 1.19950571e+01 1.06205893e+01 1.21806917e+01
    1.33441000e+01 1.26435471e+01 1.31467276e+01 1.32989502e+01
    1.26144705e+01 1.30495119e+01 1.31544209e+01 1.17956924e+01
    1.06376247e+01 1.26671534e+01 1.27528286e+01 1.20574675e+01
    1.17792683e+01 1.07571993e+01 1.19606304e+01 1.20181866e+01
    1.06015968e+01 1.00088835e+01 1.18787212e+01 1.14297867e+01
    1.27207251e+01 1.27218285e+01 1.25094366e+01 1.19651375e+01
    1.29182968e+01 1.23354921e+01 1.28887348e+01 9.54510307e+00
    9.08103561e+00 8.96418381e+00 1.06522264e+01 8.86834240e+00
    8.28662682e+00 1.08259773e+01 1.04077568e+01 9.14701080e+00
    1.08676510e+01 1.21069288e+01 1.06827412e+01 1.12895355e+01
    1.08803816e+01 1.13724976e+01 1.05009623e+01 1.14178505e+01
    1.26946955e+01 1.07711926e+01 1.06726370e+01 1.10679874e+01
    1.12740240e+01 1.06019135e+01 1.05044680e+01 1.08362818e+01
    9.56996250e+00 1.00039902e+01 1.06380672e+01 8.55151939e+00
    9.32689095e+00 1.07641459e+01 8.59357738e+00 1.11564264e+01
    1.17533913e+01 1.17906523e+01 1.24401083e+01 1.29412622e+01
    1.35991898e+01 1.38296528e+01 1.32426291e+01 1.12141485e+01
    1.17777109e+01 1.23301620e+01 1.18498125e+01 1.13420696e+01
    1.13058138e+01 1.08332548e+01 1.38979330e+01 1.19219990e+01
    1.18325472e+01 1.40645943e+01 1.06357613e+01 1.19096212e+01
    1.22773199e+01 1.10899801e+01 1.03418703e+01 1.15587645e+01
    1.31279697e+01 1.16369534e+01 1.21525879e+01 1.19160557e+01
    1.32241201e+01 1.35548019e+01 1.33321896e+01 1.51536474e+01
    1.25215130e+01 1.27303867e+01 1.18628941e+01 1.15044241e+01
    1.21439552e+01 1.11141968e+01 1.06035595e+01 1.20962248e+01
    1.18120165e+01 1.17144156e+01 1.28146601e+01 1.20243549e+01
    1.28395042e+01 1.29216471e+01 1.34747820e+01 1.39277458e+01
    1.34756327e+01 1.40041103e+01 1.38181276e+01 1.33873081e+01
    1.29124804e+01 1.27838306e+01 1.39035196e+01 1.30227289e+01
    1.30165405e+01 1.32706633e+01 1.19362097e+01 1.25968857e+01
    1.31709261e+01 1.19315910e+01 1.23513565e+01 1.06061869e+01
    1.09692316e+01 1.30812559e+01 1.20334377e+01 1.09821253e+01
    1.09980068e+01 1.05261908e+01 1.17288408e+01 1.16257486e+01
    1.09466314e+01 1.06337843e+01 1.18260984e+01 1.04302492e+01
    1.20296936e+01 1.32226868e+01 1.18695402e+01 1.14265680e+01
    1.34043407e+01 1.18499413e+01 1.41380930e+01 1.45574408e+01
    1.26015940e+01 1.22824183e+01 1.29154911e+01 1.26235294e+01
    1.23839312e+01 1.24419250e+01 1.06486073e+01 1.23645325e+01
    1.11860809e+01 1.18989887e+01 1.21598396e+01 1.09011297e+01
    1.16554022e+01 1.21112871e+01 1.02953672e+01 9.71971989e+00
    9.91235542e+00 1.03735237e+01 1.04121838e+01 9.65123367e+00
    1.02449360e+01 1.01306858e+01 1.04695196e+01 1.26536541e+01
    1.09246054e+01 1.02994347e+01 1.10758476e+01 9.56495571e+00
    1.04188490e+01 1.08217392e+01 9.71382904e+00 9.85785961e+00
    9.88981342e+00 1.14582062e+01 1.02231712e+01 1.06197004e+01
    1.12382202e+01 1.17216892e+01 1.17116146e+01 1.14259214e+01
    1.12586880e+01 1.14146194e+01 1.14206820e+01 1.19029980e+01
    1.26561165e+01 1.34081907e+01 5.59316921e+00 7.53449917e+00
    8.85001183e+00 1.15249796e+01 1.14338703e+01 1.15842609e+01
    1.24076290e+01 1.26316786e+01 1.28740892e+01 1.22391891e+01
    1.23671284e+01 1.27545681e+01 1.24308157e+01 1.32101011e+01
    1.25301218e+01 1.37024412e+01 1.25704536e+01 1.41133556e+01
    1.29675789e+01 1.21898794e+01 1.31060572e+01 1.32204542e+01
    1.15453749e+01 1.21001940e+01 1.20489807e+01 1.27941132e+01
    1.17773247e+01 1.11590538e+01 1.05651960e+01 1.22566471e+01
    1.15382099e+01 1.09910431e+01 1.03533983e+01 1.23259439e+01
    1.19631805e+01 1.09364090e+01 1.21762800e+01 1.21991968e+01
    1.38188343e+01 1.41283255e+01 1.32421608e+01 1.53647881e+01
    1.40620174e+01 1.43046446e+01 1.40856285e+01 1.29888191e+01
    1.24627838e+01 1.20153437e+01 1.11286249e+01 1.01410112e+01
    1.14310675e+01 1.05513191e+01 1.04978371e+01 1.12090654e+01
    1.15123529e+01 1.15684919e+01 1.18523712e+01 1.16480236e+01
    1.12189465e+01 1.31927681e+01 1.28921976e+01 1.19794807e+01
    1.43939142e+01 1.19720888e+01 1.16360540e+01 1.34426079e+01
    1.23807640e+01 1.25958490e+01 1.13419333e+01 1.06467428e+01
    1.20113468e+01 1.23534174e+01 1.21655655e+01 1.05974493e+01
    1.10323668e+01 1.25704374e+01 1.14729671e+01 1.10838232e+01
    1.13188791e+01 1.14128380e+01 1.24825630e+01 1.19711494e+01
    1.31991110e+01 1.28498783e+01 1.26166134e+01 1.25090714e+01
    1.28016348e+01 1.19577904e+01 1.06641779e+01 1.04880991e+01
    9.34253216e+00 1.00837612e+01 9.92678833e+00 1.04414825e+01
    1.14322100e+01 1.04042044e+01 1.16476526e+01 1.09173288e+01
    1.33011007e+01 1.21146622e+01 1.07593946e+01 1.17459469e+01
    1.12481203e+01 1.23506794e+01 1.15878515e+01 1.18960199e+01
    1.16243439e+01 1.01407919e+01 1.19114819e+01 1.25484953e+01
    1.01647387e+01 1.08243895e+01 1.04747648e+01 1.05803289e+01
    1.03392019e+01 8.28747177e+00 9.07057667e+00 1.02988300e+01
    8.55887890e+00 9.98314857e+00 9.41710854e+00 1.12856627e+01
    1.25666065e+01 1.20432215e+01 1.33111057e+01 1.39017038e+01
    1.35405054e+01 1.26907291e+01 1.12144852e+01 1.21117325e+01
    1.19259014e+01 1.15505762e+01 9.70884323e+00 1.17211351e+01
    1.19500189e+01 1.08173380e+01 1.16738825e+01 1.17082939e+01
    1.07880564e+01 1.06958122e+01 1.14318161e+01 1.10787258e+01
    1.13816795e+01 1.04510059e+01 1.07901773e+01 1.22679729e+01
    1.28591700e+01 1.18664856e+01 1.28393698e+01 1.46345015e+01
    1.37555189e+01 1.40737324e+01 1.29913454e+01 1.37043209e+01
    1.12450533e+01 1.23353472e+01 1.32485771e+01 1.15094442e+01
    1.02033072e+01 1.23937616e+01 1.15539169e+01 1.19553270e+01
    1.27411547e+01 1.15559626e+01 1.23044415e+01 1.40988264e+01
    1.38248100e+01 1.38562450e+01 1.34645252e+01 1.37954483e+01
    1.33700123e+01 1.42061052e+01 1.25445862e+01 1.13207893e+01
    1.29336252e+01 1.33870049e+01 1.22662210e+01 1.21807528e+01
    1.22521152e+01 1.39275980e+01 1.19167671e+01 1.04009123e+01
    1.33745613e+01 1.03929653e+01 9.77091599e+00 1.15652609e+01
    1.14460773e+01 1.00171852e+01 1.03186989e+01 1.08165350e+01
    1.31242666e+01 1.00847931e+01 1.09576807e+01 1.16079950e+01
    1.14023123e+01 1.14746809e+01 1.11760130e+01 1.22319927e+01
    1.31733150e+01 1.25732336e+01 1.20284224e+01 1.38266373e+01
    1.40849953e+01 1.57964382e+01 1.32226830e+01 1.40320253e+01
    1.46043634e+01 1.38991690e+01 1.39813328e+01 1.36542673e+01
    1.25540457e+01 1.29798498e+01 1.21898537e+01 1.34046631e+01
    1.16266203e+01 1.05136232e+01 1.12190809e+01 1.12179527e+01
    1.18878403e+01 1.11167736e+01 1.03691883e+01 1.00669155e+01
    1.11356173e+01 9.82683372e+00 9.28875828e+00 1.03821783e+01
    9.96767330e+00 1.12121277e+01 1.09773216e+01 1.03331223e+01
    1.05108309e+01 1.00693626e+01 1.01994238e+01 9.70788670e+00
    8.94805050e+00 8.35433769e+00 9.40725803e+00 1.03511267e+01
    7.77780151e+00 9.75876236e+00 1.08576040e+01 1.03892956e+01
    1.05337763e+01 1.01984453e+01 1.06604357e+01 1.16770258e+01
    1.06229773e+01 1.10821152e+01 1.17598639e+01 1.28628912e+01
    6.35172176e+00 8.30352592e+00 1.00965614e+01 1.24356737e+01
    1.27956696e+01 1.13364849e+01 1.26677990e+01 1.32561893e+01
    1.13409309e+01 1.25271835e+01 1.30356236e+01 1.25964556e+01
    1.16114779e+01 1.28334160e+01 1.20840406e+01 1.46093531e+01
    1.38923025e+01 1.27264328e+01 1.41565485e+01 1.36932268e+01
    1.17881927e+01 1.27621460e+01 1.21791058e+01 1.06810284e+01
    1.07079668e+01 1.17021465e+01 1.16191511e+01 1.01436987e+01
    1.20868139e+01 1.09771509e+01 1.26601810e+01 1.14058380e+01
    1.18501673e+01 1.24119377e+01 1.21035957e+01 1.24878502e+01
    1.22797565e+01 1.36632833e+01 1.27759314e+01 1.17897959e+01
    1.23241072e+01 1.32541552e+01 1.33176098e+01 1.34643641e+01
    1.40895834e+01 1.25875797e+01 1.34592028e+01 1.26036806e+01
    1.27844048e+01 1.11345673e+01 9.72694778e+00 9.88677406e+00
    1.07755556e+01 1.07512722e+01 9.55770302e+00 1.11890764e+01
    1.16605320e+01 1.05962906e+01 1.21325006e+01 1.27258520e+01
    1.17081699e+01 1.32631245e+01 1.24240379e+01 1.20542269e+01
    1.33034620e+01 1.24715767e+01 1.24334049e+01 1.32310047e+01
    1.16263256e+01 1.19251394e+01 1.25546579e+01 1.28099184e+01
    1.26309423e+01 1.30089741e+01 1.15173025e+01 1.24474936e+01
    1.27271214e+01 1.17636032e+01 1.08789139e+01 1.26825790e+01
    1.27847261e+01 1.20548582e+01 1.26642942e+01 1.37532644e+01
    1.30318384e+01 1.39122934e+01 1.23124676e+01 1.26686773e+01
    1.21606312e+01 1.15194502e+01 1.01924486e+01 1.04966841e+01
    1.12541952e+01 1.20787868e+01 1.13392401e+01 1.13647718e+01
    1.14308529e+01 1.35318031e+01 1.23042622e+01 1.15017586e+01
    1.11165209e+01 1.04407005e+01 1.04135218e+01 1.17366571e+01
    1.16390057e+01 1.08316574e+01 1.24485521e+01 1.09877748e+01
    1.07726536e+01 1.17509985e+01 9.75325584e+00 9.81297493e+00
    1.08619623e+01 9.73649788e+00 1.06295834e+01 8.48601341e+00
    9.23884487e+00 9.96459961e+00 8.92253876e+00 8.92983150e+00
    9.58133602e+00 1.02567806e+01 1.19465122e+01 1.24010162e+01
    1.34342718e+01 1.38562279e+01 1.38379803e+01 1.20044193e+01
    1.14995270e+01 1.21913633e+01 1.15514784e+01 1.09272785e+01
    9.89593697e+00 9.55868530e+00 1.14731350e+01 1.10338774e+01
    1.13311338e+01 1.05843716e+01 1.05799150e+01 1.26225958e+01
    1.07479296e+01 1.00124998e+01 1.25927248e+01 1.16717882e+01
    1.09214630e+01 1.23410320e+01 1.17996912e+01 1.12455387e+01
    1.19721813e+01 1.31420221e+01 1.39740591e+01 1.41514664e+01
    1.29368505e+01 1.25827818e+01 1.36560078e+01 1.21875191e+01
    1.19810266e+01 1.21529999e+01 1.18241444e+01 1.36709738e+01
    1.22698870e+01 1.28177919e+01 1.36443319e+01 1.24554958e+01
    1.13766136e+01 1.39446859e+01 1.30299253e+01 1.28468485e+01
    1.38682566e+01 1.28375187e+01 1.30724506e+01 1.27410507e+01
    1.20507421e+01 1.13450098e+01 1.23588734e+01 1.30411577e+01
    1.18832674e+01 1.13105631e+01 1.27007980e+01 1.37925053e+01
    1.24003277e+01 1.06078062e+01 1.10118322e+01 1.20641174e+01
    1.13406572e+01 1.19270668e+01 1.18747501e+01 1.01230631e+01
    1.12191610e+01 1.04384031e+01 1.15117893e+01 1.16097937e+01
    9.10704231e+00 1.11485748e+01 1.16747341e+01 1.25310726e+01
    1.15796862e+01 1.27244816e+01 1.34577789e+01 1.26617651e+01
    1.36990004e+01 1.33748083e+01 1.37326136e+01 1.55344305e+01
    1.42956877e+01 1.35300236e+01 1.47166758e+01 1.35628357e+01
    1.38885279e+01 1.46164989e+01 1.26777153e+01 1.14658880e+01
    1.24632435e+01 1.18998775e+01 1.02849293e+01 1.02937136e+01
    1.17938385e+01 1.08713045e+01 1.07461958e+01 1.09687815e+01
    9.51901245e+00 1.04342823e+01 1.16467667e+01 9.04481316e+00
    9.40640545e+00 9.57409477e+00 9.29407787e+00 9.63927174e+00
    1.09230452e+01 9.64692402e+00 1.02073059e+01 9.12108994e+00
    1.05741243e+01 1.05839128e+01 8.12564850e+00 9.46538162e+00
    9.88051414e+00 9.24350452e+00 9.71965694e+00 8.62440395e+00
    9.84603214e+00 1.09588432e+01 1.18378325e+01 1.07411509e+01
    1.08539677e+01 1.06143169e+01 1.10482073e+01 1.21215467e+01
    1.15615988e+01 1.00063238e+01 7.03425407e+00 8.04844666e+00
    1.01373787e+01 1.30310297e+01 1.23267164e+01 1.10110092e+01
    1.29089479e+01 1.42927675e+01 1.25283442e+01 1.27690363e+01
    1.30183506e+01 1.26913605e+01 1.25459070e+01 1.21437454e+01
    1.21592150e+01 1.30085907e+01 1.27753344e+01 1.25432510e+01
    1.34794979e+01 1.29642744e+01 1.15615044e+01 1.26100950e+01
    1.20207186e+01 1.27613773e+01 1.07035294e+01 1.12450933e+01
    1.18322449e+01 1.22314119e+01 1.09272728e+01 1.32447357e+01
    1.22377672e+01 1.12040796e+01 1.19545212e+01 1.42643957e+01
    1.21703358e+01 1.19261141e+01 1.15467005e+01 1.34796791e+01
    1.21188669e+01 1.19448986e+01 1.29493332e+01 1.22157927e+01
    1.35526314e+01 1.32438269e+01 1.22625790e+01 1.18754969e+01
    1.22758341e+01 1.21286716e+01 1.10782099e+01 1.18383713e+01
    1.02171097e+01 1.02946358e+01 1.05383930e+01 1.07041759e+01
    1.10443811e+01 1.00181160e+01 1.01192980e+01 1.16253338e+01
    1.22237234e+01 1.16460009e+01 1.21570807e+01 1.30240192e+01
    1.31348448e+01 1.24228735e+01 1.15968189e+01 1.11448889e+01
    1.25320883e+01 1.30941582e+01 1.30541487e+01 1.18308592e+01
    1.20932589e+01 1.45483227e+01 1.24542065e+01 1.25113401e+01
    1.22989168e+01 1.27858400e+01 1.20256815e+01 1.04154816e+01
    1.10869455e+01 1.21851902e+01 1.21358194e+01 1.08755608e+01
    1.16713467e+01 1.27277203e+01 1.30082026e+01 1.27779360e+01
    1.18689356e+01 1.31811075e+01 1.28032131e+01 1.07664223e+01
    1.13755970e+01 1.12808208e+01 1.12521839e+01 1.15941019e+01
    1.06282749e+01 1.14571762e+01 1.11876717e+01 1.16928234e+01
    1.11117172e+01 1.19800243e+01 1.05845346e+01 9.74019718e+00
    1.06424227e+01 1.12032528e+01 1.08532238e+01 1.11907225e+01
    1.11467447e+01 1.11563635e+01 1.00246964e+01 1.11797209e+01
    1.05651693e+01 1.04846039e+01 1.04647512e+01 1.00890398e+01
    1.05798483e+01 1.00033827e+01 9.64218521e+00 1.02297583e+01
    9.87490177e+00 1.01162415e+01 9.50493622e+00 9.78951359e+00
    1.19183035e+01 1.20660057e+01 1.17566738e+01 1.29021368e+01
    1.20048132e+01 1.16531200e+01 1.06046419e+01 1.22739391e+01
    1.19751711e+01 1.15847960e+01 1.02251635e+01 1.05320339e+01
    1.23208399e+01 1.15393753e+01 1.20239344e+01 1.11137123e+01
    1.09358721e+01 1.30879107e+01 1.20675077e+01 1.23209143e+01
    1.24620695e+01 1.25340223e+01 1.25095787e+01 1.25396843e+01
    1.15821619e+01 1.24661264e+01 1.30604010e+01 1.36805086e+01
    1.34534760e+01 1.39573860e+01 1.25888281e+01 1.35873737e+01
    1.31779575e+01 1.20861063e+01 1.18681135e+01 1.18175964e+01
    1.14055119e+01 1.29116669e+01 1.21825457e+01 1.20701017e+01
    1.29223957e+01 1.35843840e+01 1.17346516e+01 1.35991058e+01
    1.39150171e+01 1.18838739e+01 1.43439083e+01 1.22539949e+01
    1.36983423e+01 1.25882177e+01 1.06692467e+01 1.17727623e+01
    1.18548746e+01 1.12095680e+01 1.26936331e+01 1.16788206e+01
    1.25475416e+01 1.27502670e+01 1.23534832e+01 1.17008419e+01
    1.14033651e+01 1.13601103e+01 1.15453568e+01 1.28416204e+01
    1.05112371e+01 1.10477638e+01 1.25126963e+01 1.12045898e+01
    1.14909878e+01 1.24961805e+01 9.51916504e+00 9.58846760e+00
    1.15983677e+01 1.18390951e+01 1.23499823e+01 1.17467480e+01
    1.20187016e+01 1.23416815e+01 1.26731195e+01 1.33233767e+01
    1.31835146e+01 1.24191332e+01 1.32051754e+01 1.38287573e+01
    1.37972698e+01 1.29625759e+01 1.41407547e+01 1.28136349e+01
    1.24771137e+01 1.33567667e+01 1.22996235e+01 1.07656059e+01
    1.16042070e+01 9.53132248e+00 1.00110178e+01 1.06088457e+01
    1.01113186e+01 1.01252880e+01 9.14672947e+00 1.06050272e+01
    1.10728998e+01 1.01602545e+01 9.57613468e+00 9.85239983e+00
    1.12566071e+01 1.19517241e+01 9.36232662e+00 1.12811136e+01
    1.13900137e+01 1.13345613e+01 1.09920855e+01 1.15227709e+01
    1.05728092e+01 9.80512905e+00 9.76318264e+00 9.90978146e+00
    9.39237118e+00 9.49429607e+00 9.79855824e+00 1.02052422e+01
    1.10098848e+01 1.12060947e+01 1.08830271e+01 9.32518673e+00
    1.13466616e+01 1.13956299e+01 1.13375053e+01 1.14820175e+01
    5.25212002e+00 7.06134176e+00 8.59770393e+00 1.03796921e+01
    9.78975487e+00 1.23758526e+01 1.15785208e+01 1.32037621e+01
    1.27004251e+01 1.20859966e+01 1.32160721e+01 1.21168900e+01
    1.22545156e+01 1.22753143e+01 1.15312080e+01 1.23081598e+01
    1.24544897e+01 1.37691622e+01 1.18738146e+01 1.30577736e+01
    1.26331367e+01 1.10083275e+01 1.15464106e+01 1.10486984e+01
    1.14772635e+01 1.04778690e+01 1.09829512e+01 1.22578001e+01
    1.12499657e+01 1.25697594e+01 1.29203110e+01 1.14558134e+01
    1.29457073e+01 1.21620464e+01 1.15043631e+01 1.26929350e+01
    1.20321608e+01 1.09056330e+01 1.32470226e+01 1.17869253e+01
    1.04326553e+01 1.10816231e+01 1.20370836e+01 1.19137077e+01
    1.15969954e+01 1.10058308e+01 1.10181875e+01 1.21305714e+01
    1.12136497e+01 1.08520937e+01 1.08910398e+01 1.03245382e+01
    1.00333948e+01 1.00555010e+01 1.15686932e+01 1.15627108e+01
    1.08016253e+01 1.06205063e+01 1.16208744e+01 1.20696611e+01
    1.20722694e+01 1.27409592e+01 1.27611599e+01 1.17981949e+01
    1.20767994e+01 1.22716913e+01 1.22950859e+01 1.23668289e+01
    1.23694000e+01 1.13947487e+01 1.34549961e+01 1.35964346e+01
    1.16919308e+01 1.29391603e+01 1.28244390e+01 1.21017418e+01
    1.31633320e+01 1.06581182e+01 1.00758657e+01 1.25766563e+01
    1.23049831e+01 1.11783104e+01 1.20334988e+01 1.27714310e+01
    1.22398252e+01 1.24123316e+01 1.24358273e+01 1.17734871e+01
    1.20877686e+01 1.16241455e+01 1.07964954e+01 1.01694946e+01
    1.01759214e+01 1.14264164e+01 1.11053848e+01 1.01641016e+01
    1.08356533e+01 1.30943670e+01 1.28245859e+01 1.21683979e+01
    1.08141804e+01 1.06545982e+01 1.07041159e+01 1.07872248e+01
    1.12708578e+01 1.03176460e+01 1.13422909e+01 1.07567806e+01
    1.13818102e+01 1.05963535e+01 1.02833281e+01 1.04199638e+01
    1.08610334e+01 9.73542023e+00 1.00982485e+01 1.00721560e+01
    8.98753166e+00 9.85943604e+00 1.01526279e+01 9.62464523e+00
    1.01254120e+01 1.01369839e+01 1.11115685e+01 1.18856516e+01
    1.17330532e+01 1.26146297e+01 1.24222507e+01 1.20658636e+01
    1.18629131e+01 1.27158060e+01 1.35511189e+01 1.02984371e+01
    1.08326902e+01 1.15563059e+01 1.13379602e+01 1.14014568e+01
    1.25286398e+01 1.31449108e+01 1.16400347e+01 1.33387852e+01
    1.29322815e+01 1.26315451e+01 1.31141682e+01 1.32543287e+01
    1.17982626e+01 1.15950556e+01 1.17196941e+01 1.06904535e+01
    1.30274487e+01 1.20153418e+01 1.27484007e+01 1.41203899e+01
    1.37556448e+01 1.30305548e+01 1.43811436e+01 1.36474609e+01
    1.11969681e+01 1.20612783e+01 1.16105452e+01 1.17646036e+01
    1.27698030e+01 1.25344048e+01 1.27172699e+01 1.32459679e+01
    1.29717417e+01 1.33091030e+01 1.39045792e+01 1.21482401e+01
    1.35634270e+01 1.37803841e+01 1.21961823e+01 1.41236124e+01
    1.07180319e+01 1.16613207e+01 1.29314480e+01 1.09769182e+01
    1.06814394e+01 1.20829458e+01 1.29635048e+01 1.16857462e+01
    1.07393808e+01 1.22432346e+01 1.11649065e+01 9.76805305e+00
    1.12041464e+01 1.15157290e+01 1.11460285e+01 1.13583803e+01
    1.09199162e+01 1.11048012e+01 1.11794386e+01 1.10738115e+01
    9.80091763e+00 9.93668461e+00 1.03761721e+01 1.15281181e+01
    1.24148998e+01 1.11216278e+01 1.05991621e+01 1.14848776e+01
    1.25133228e+01 1.27936983e+01 1.24327526e+01 1.23379631e+01
    1.15535908e+01 1.26417618e+01 1.40104361e+01 1.32641678e+01
    1.29864597e+01 1.32316599e+01 1.34214334e+01 1.46642218e+01
    1.22597723e+01 1.21389694e+01 1.14260588e+01 1.10223169e+01
    1.09569235e+01 1.20655499e+01 9.64367962e+00 1.07862310e+01
    1.11219158e+01 9.16522217e+00 1.06708717e+01 1.05723219e+01
    9.98795319e+00 9.09663963e+00 9.57780647e+00 1.08167334e+01
    1.15138254e+01 1.02739878e+01 1.08618364e+01 1.18686352e+01
    1.18257322e+01 1.12674875e+01 1.00812883e+01 1.02965174e+01
    1.13836670e+01 9.49901772e+00 9.59807682e+00 9.96132755e+00
    9.72668076e+00 9.88408375e+00 1.06758738e+01 1.15773392e+01
    1.06925287e+01 1.07236643e+01 1.13113413e+01 1.15814552e+01
    1.02772617e+01 1.03430347e+01 5.49445724e+00 7.84607935e+00
    1.05114117e+01 1.08931589e+01 1.13367834e+01 1.15164852e+01
    1.16165018e+01 1.31812220e+01 1.20707035e+01 1.03193941e+01
    1.17242584e+01 1.18015528e+01 1.16156521e+01 1.15661325e+01
    1.07143764e+01 1.27637758e+01 1.24358788e+01 1.21839170e+01
    1.25231562e+01 1.25390892e+01 1.16989679e+01 1.22799940e+01
    1.13628378e+01 1.05213366e+01 1.04818678e+01 1.11195869e+01
    9.62336063e+00 1.02433586e+01 1.20078192e+01 1.17528067e+01
    1.16584501e+01 1.33850842e+01 1.31753359e+01 1.26314650e+01
    1.21451159e+01 1.23909492e+01 1.10839539e+01 1.17816849e+01
    1.11286583e+01 9.47014999e+00 1.03409452e+01 1.17799101e+01
    1.19552345e+01 1.25464563e+01 1.25816584e+01 1.15092268e+01
    1.10982885e+01 1.27106810e+01 1.25112286e+01 1.03423071e+01
    1.01587229e+01 9.58751106e+00 1.11089993e+01 9.25371838e+00
    1.03495855e+01 1.08359470e+01 1.07192345e+01 1.07101107e+01
    1.04121704e+01 1.16842756e+01 1.24965315e+01 1.18899746e+01
    1.15485315e+01 1.14158897e+01 1.11526022e+01 1.26288252e+01
    1.30531254e+01 1.33663111e+01 1.19677038e+01 1.31069546e+01
    1.34442930e+01 1.41050529e+01 1.22043076e+01 1.13471594e+01
    1.41313028e+01 1.42755432e+01 1.24434996e+01 1.15807352e+01
    1.22904892e+01 1.15123482e+01 1.19516716e+01 1.27152538e+01
    1.30044527e+01 1.20163736e+01 1.17047720e+01 1.41224232e+01
    1.32545853e+01 1.17597303e+01 1.27284517e+01 1.21962976e+01
    1.12676506e+01 1.12617502e+01 1.13960257e+01 1.28304405e+01
    1.16576347e+01 1.09749565e+01 1.10990353e+01 1.25153408e+01
    1.20746756e+01 1.09977808e+01 1.11959734e+01 1.13749781e+01
    1.18321943e+01 1.21763201e+01 1.20281467e+01 1.12824450e+01
    1.20868244e+01 1.19689379e+01 1.23755646e+01 1.16594791e+01
    1.07080936e+01 1.27925329e+01 1.11622982e+01 1.13039837e+01
    1.18056803e+01 1.07752151e+01 1.12762165e+01 1.11803455e+01
    9.18792629e+00 9.97027683e+00 1.07537050e+01 1.05004463e+01
    1.07398338e+01 1.11054411e+01 1.29247036e+01 1.39039564e+01
    1.27994432e+01 1.23014374e+01 1.18765478e+01 1.35713272e+01
    1.23538189e+01 1.27972784e+01 1.20015755e+01 1.15786867e+01
    1.21095715e+01 1.22354412e+01 1.24823980e+01 1.19825993e+01
    1.06640244e+01 1.31525469e+01 1.33649149e+01 1.40570011e+01
    1.33078451e+01 1.38567219e+01 1.36583452e+01 1.25291414e+01
    1.10562630e+01 1.22215977e+01 1.17866821e+01 1.32111235e+01
    1.19738750e+01 1.25056267e+01 1.26472969e+01 1.29345770e+01
    1.34515333e+01 1.19220057e+01 1.16417627e+01 1.14057255e+01
    1.09382706e+01 1.34414034e+01 1.35108747e+01 1.20180902e+01
    1.37274818e+01 1.45944328e+01 1.48588562e+01 1.40860453e+01
    1.30126362e+01 1.23493376e+01 1.25599623e+01 1.38605690e+01
    1.24178562e+01 1.15806217e+01 1.20588627e+01 1.13925323e+01
    1.32963400e+01 1.25931654e+01 1.13009052e+01 1.23288784e+01
    1.22503166e+01 1.15021095e+01 1.12707100e+01 1.01095123e+01
    1.14918861e+01 1.18353682e+01 1.06610975e+01 1.10053444e+01
    1.22594872e+01 1.13888245e+01 1.13209581e+01 1.25972128e+01
    1.23888435e+01 1.22882710e+01 1.11339588e+01 1.08432293e+01
    1.08402481e+01 1.18879747e+01 1.18701944e+01 1.07519464e+01
    1.03755913e+01 1.24456530e+01 1.17367086e+01 1.32462769e+01
    1.18514004e+01 1.20971632e+01 1.10739117e+01 1.33381348e+01
    1.32131672e+01 1.31648626e+01 1.27378588e+01 1.41943340e+01
    1.08748903e+01 1.27174454e+01 1.36474028e+01 1.08669014e+01
    1.02279329e+01 1.09065247e+01 9.93214512e+00 1.12682934e+01
    1.10441570e+01 1.00662270e+01 1.07726831e+01 1.09698524e+01
    1.19179373e+01 1.05406275e+01 1.07515898e+01 1.16556187e+01
    1.01032543e+01 1.19486332e+01 1.10453281e+01 1.03496103e+01
    1.20587912e+01 1.07718925e+01 1.18325443e+01 1.09228725e+01
    1.16142769e+01 1.20702171e+01 1.01424541e+01 9.85372448e+00
    1.03825274e+01 9.69260788e+00 9.61431599e+00 1.17170105e+01
    1.07303438e+01 1.10907030e+01 1.01454105e+01 1.04420233e+01
    1.13193617e+01 1.08453512e+01 1.05961914e+01 1.08055353e+01
    5.62318754e+00 6.73093319e+00 9.50698948e+00 1.18256435e+01
    9.69042778e+00 1.01991987e+01 1.16388502e+01 1.32969999e+01
    1.11570206e+01 1.15906878e+01 1.21072731e+01 1.18518553e+01
    1.06253805e+01 1.23441877e+01 9.84922791e+00 1.07543688e+01
    1.15509005e+01 1.12517738e+01 1.19122725e+01 1.27929811e+01
    1.04231501e+01 1.12087107e+01 1.18430319e+01 9.38729000e+00
    9.65923119e+00 1.00153704e+01 1.10237083e+01 1.09726791e+01
    1.25547590e+01 1.19429998e+01 1.32386913e+01 1.33751888e+01
    1.33407440e+01 1.35649271e+01 1.27316236e+01 1.12116871e+01
    1.12076845e+01 1.18862219e+01 1.26341105e+01 1.12706919e+01
    1.04705772e+01 1.13386469e+01 1.13450346e+01 1.16782465e+01
    1.05844088e+01 9.35769176e+00 1.09715548e+01 1.30739660e+01
    1.07908201e+01 1.14882679e+01 1.13373127e+01 1.05675058e+01
    1.24388485e+01 1.14248095e+01 9.81771278e+00 1.19333467e+01
    1.21146507e+01 1.06611118e+01 1.02436781e+01 1.29371223e+01
    1.13842268e+01 1.02689581e+01 1.16884699e+01 1.12020721e+01
    1.12709141e+01 1.08669224e+01 1.23660450e+01 1.15701475e+01
    1.08802109e+01 1.10498934e+01 1.28832626e+01 1.23895330e+01
    1.30672140e+01 1.14661293e+01 1.31424713e+01 1.38578072e+01
    1.22239628e+01 1.25601826e+01 1.24418507e+01 1.21015310e+01
    1.21392899e+01 1.20544405e+01 1.33113775e+01 1.36517000e+01
    1.19079895e+01 1.33401012e+01 1.36608276e+01 1.43395576e+01
    1.28037348e+01 1.21277113e+01 1.12185459e+01 1.22229567e+01
    1.13564997e+01 1.12306662e+01 1.07239685e+01 1.10929747e+01
    1.21315355e+01 1.13953104e+01 1.14808521e+01 1.20604105e+01
    1.07443867e+01 1.02619839e+01 1.06399994e+01 1.12473221e+01
    1.10534515e+01 1.11851044e+01 1.25450830e+01 1.20881672e+01
    1.12712822e+01 1.25446615e+01 1.00615797e+01 1.24191170e+01
    1.28337212e+01 1.19001331e+01 1.16622143e+01 1.25934601e+01
    1.31861153e+01 1.10123186e+01 1.17615757e+01 1.16815968e+01
    1.05944452e+01 1.18192148e+01 1.00863276e+01 1.00661039e+01
    1.16914539e+01 1.20426264e+01 1.16764698e+01 1.13655577e+01
    1.16143579e+01 1.35989389e+01 1.30894480e+01 1.38281527e+01
    1.20543871e+01 1.06947060e+01 1.30908337e+01 1.10992451e+01
    1.17759142e+01 1.23438034e+01 1.13045330e+01 1.25509548e+01
    1.25427847e+01 1.41001816e+01 1.50117111e+01 1.34630737e+01
    1.28724060e+01 1.33747015e+01 1.17267075e+01 1.02730799e+01
    1.20891533e+01 1.33334665e+01 1.08126554e+01 1.10643282e+01
    1.21631241e+01 1.25449562e+01 1.28095264e+01 1.18437567e+01
    1.11379585e+01 1.06794319e+01 1.00061998e+01 1.13881044e+01
    1.09527979e+01 1.11234961e+01 1.18312235e+01 1.28526506e+01
    1.40432796e+01 1.24694204e+01 1.18422775e+01 1.20957289e+01
    1.18639050e+01 1.21502447e+01 1.14269485e+01 1.07808647e+01
    1.11959934e+01 1.16193771e+01 1.08480186e+01 1.15574226e+01
    1.14432659e+01 1.09763908e+01 1.18204784e+01 1.20249681e+01
    1.06451817e+01 1.00073290e+01 1.08857460e+01 1.15800409e+01
    1.08493280e+01 1.15755520e+01 1.15920038e+01 1.20806856e+01
    1.20554333e+01 1.22216053e+01 1.27082787e+01 1.27174616e+01
    1.08830757e+01 1.10451679e+01 1.22003469e+01 1.27184362e+01
    1.00361443e+01 1.03722715e+01 1.13580370e+01 1.09720840e+01
    1.02849522e+01 1.34531355e+01 1.07165003e+01 1.21102667e+01
    1.26378021e+01 1.28732548e+01 1.20657902e+01 1.21097870e+01
    1.22497129e+01 1.25689363e+01 1.15857191e+01 1.18097792e+01
    1.17298508e+01 1.09099073e+01 1.03530188e+01 9.84075546e+00
    9.01219463e+00 1.01003628e+01 1.19114189e+01 9.90290356e+00
    1.01493025e+01 1.05801163e+01 1.19859123e+01 1.17352152e+01
    1.05250731e+01 1.17946024e+01 1.09472675e+01 1.19287148e+01
    1.18484316e+01 1.16140566e+01 1.29218836e+01 1.09390783e+01
    1.25371418e+01 1.17771692e+01 1.06161442e+01 1.21253252e+01
    1.11449356e+01 1.19513655e+01 9.71152401e+00 1.01053352e+01
    1.16039705e+01 1.16703358e+01 1.08201551e+01 1.00353622e+01
    1.10633478e+01 1.07128420e+01 1.16706629e+01 1.06352158e+01
    1.04970703e+01 9.81240654e+00 5.56074619e+00 6.28376389e+00
    7.71608543e+00 1.07935791e+01 9.74040699e+00 1.05479641e+01
    1.15324907e+01 1.23869524e+01 1.17373362e+01 1.21045351e+01
    1.22931929e+01 1.18211899e+01 1.08769293e+01 1.06883335e+01
    1.05312080e+01 1.02975054e+01 1.15981455e+01 1.02469740e+01
    1.30539494e+01 1.13666096e+01 1.14222946e+01 1.23909273e+01
    1.16674662e+01 1.12943821e+01 1.20784283e+01 1.05687094e+01
    1.12559032e+01 1.28940516e+01 1.24089441e+01 1.32042055e+01
    1.21665115e+01 1.45770750e+01 1.40490417e+01 1.30690832e+01
    1.29697685e+01 1.20661011e+01 1.14416790e+01 1.03627892e+01
    1.06385775e+01 9.82855225e+00 8.65167618e+00 1.01814318e+01
    1.04672318e+01 1.16732302e+01 1.05119295e+01 1.06882286e+01
    1.22633810e+01 1.20543432e+01 1.08908463e+01 1.10471840e+01
    9.42259979e+00 1.07266436e+01 1.13914356e+01 1.04872713e+01
    1.04575758e+01 1.18996325e+01 1.11497173e+01 1.16058521e+01
    1.17954216e+01 1.19941063e+01 1.20182896e+01 1.15293598e+01
    1.07436552e+01 1.06939421e+01 1.11568842e+01 1.03466682e+01
    1.13528099e+01 1.31736908e+01 1.09306641e+01 1.20044842e+01
    1.33206110e+01 1.24321318e+01 1.19649248e+01 1.10769920e+01
    1.24965239e+01 1.28616352e+01 1.19993114e+01 1.13445559e+01
    1.29842472e+01 1.18513527e+01 1.13784971e+01 1.18980618e+01
    1.16109819e+01 1.20952196e+01 1.25314121e+01 1.06540489e+01
    1.27149582e+01 1.41440306e+01 1.24101305e+01 1.29186010e+01
    1.16003075e+01 1.23284149e+01 1.13037882e+01 1.11001625e+01
    1.10505676e+01 1.10389547e+01 1.10884705e+01 1.15542850e+01
    1.07285671e+01 1.22340755e+01 1.00976820e+01 1.09617758e+01
    1.08338366e+01 1.25016546e+01 1.10299473e+01 1.10511169e+01
    1.09988413e+01 1.19363070e+01 1.16739855e+01 1.16356421e+01
    1.23487329e+01 1.19004564e+01 1.14226847e+01 1.22658119e+01
    1.26469164e+01 1.19470873e+01 1.16922970e+01 1.27030907e+01
    1.22078695e+01 1.17121296e+01 1.11499023e+01 1.20475731e+01
    1.08502483e+01 1.13694143e+01 1.23120394e+01 1.22934809e+01
    1.17104998e+01 1.05764666e+01 1.19533844e+01 1.28547974e+01
    1.20052414e+01 1.32542810e+01 1.33289776e+01 1.18024397e+01
    1.27640629e+01 1.16192408e+01 1.05142107e+01 1.20720835e+01
    1.08709126e+01 1.08535643e+01 1.20244331e+01 1.28302860e+01
    1.28213739e+01 1.32370434e+01 1.27719679e+01 1.14506960e+01
    1.06183014e+01 1.13419895e+01 1.31289072e+01 1.32852745e+01
    1.14792185e+01 1.20249481e+01 1.31709328e+01 1.21735010e+01
    1.32044106e+01 1.11750450e+01 1.02732210e+01 1.09760361e+01
    1.06672077e+01 1.04239883e+01 1.17326660e+01 1.19217091e+01
    1.24141674e+01 1.24069853e+01 1.40683060e+01 1.28544817e+01
    1.22337790e+01 1.15820637e+01 1.20708361e+01 1.29680624e+01
    1.09867868e+01 1.05904942e+01 1.12916594e+01 1.03437004e+01
    1.02947206e+01 1.15298290e+01 1.17902937e+01 1.12735195e+01
    1.22902222e+01 1.03955507e+01 1.13380299e+01 1.08698092e+01
    1.10637045e+01 1.01240215e+01 1.17934771e+01 1.02654152e+01
    1.00927544e+01 1.08111677e+01 1.02563353e+01 1.13373117e+01
    1.20606394e+01 1.21636391e+01 1.06499529e+01 1.18523388e+01
    1.20088425e+01 1.29211941e+01 1.13012667e+01 1.08344555e+01
    1.03133535e+01 1.12788029e+01 1.20745220e+01 1.09751806e+01
    1.10062447e+01 1.14230824e+01 1.30720272e+01 1.28045998e+01
    1.35887938e+01 1.24716883e+01 1.15179558e+01 1.22299490e+01
    1.30437279e+01 1.20860796e+01 1.08050632e+01 1.01579695e+01
    1.16781301e+01 1.09311285e+01 1.11815767e+01 1.10384064e+01
    1.16640320e+01 1.17036343e+01 1.08799467e+01 1.23366270e+01
    1.22139015e+01 1.18318415e+01 1.17762003e+01 1.19730263e+01
    1.09456987e+01 1.12916594e+01 1.20280809e+01 1.13645763e+01
    1.26662407e+01 1.11382055e+01 1.20851507e+01 1.35824194e+01
    1.08860321e+01 1.15553970e+01 1.30788126e+01 1.11736708e+01
    1.15924950e+01 1.02520342e+01 1.15865002e+01 1.23025656e+01
    1.22302389e+01 1.12875071e+01 1.10235062e+01 1.03617802e+01
    1.23104458e+01 1.04283676e+01 1.00194178e+01 9.86849976e+00
    6.37840319e+00 8.37536621e+00 8.28446102e+00 1.12957773e+01
    1.18402653e+01 1.14993162e+01 1.17302952e+01 1.20792637e+01
    1.18302174e+01 1.21073961e+01 1.25734529e+01 1.21597071e+01
    1.08200760e+01 1.16606741e+01 1.02788095e+01 9.57646179e+00
    1.02540989e+01 1.20391941e+01 1.08567581e+01 1.09083490e+01
    1.10635433e+01 1.19030142e+01 1.16739073e+01 1.13974009e+01
    1.14493914e+01 9.74199390e+00 1.26643515e+01 1.20479708e+01
    1.19684334e+01 1.32605867e+01 1.28428202e+01 1.26828985e+01
    1.34573164e+01 1.35817213e+01 1.32195959e+01 1.13266869e+01
    1.07552013e+01 1.13725815e+01 1.13751307e+01 1.03116264e+01
    9.67832375e+00 1.03287601e+01 1.06688910e+01 1.06976500e+01
    1.06666050e+01 1.03426456e+01 1.12271461e+01 1.18978758e+01
    1.12489414e+01 1.21221657e+01 1.08550634e+01 1.08052263e+01
    1.09225874e+01 1.05817900e+01 1.08806658e+01 9.82640457e+00
    1.09902210e+01 1.17250195e+01 1.22055893e+01 1.14289932e+01
    1.17615757e+01 1.00387278e+01 1.10936842e+01 1.00430555e+01
    1.12073689e+01 1.05041456e+01 1.13058987e+01 1.26449089e+01
    1.18352137e+01 1.14952822e+01 1.32201061e+01 1.38913479e+01
    1.15232143e+01 1.17946310e+01 1.28958158e+01 1.24767418e+01
    1.13534260e+01 1.14230881e+01 1.21153355e+01 1.14094620e+01
    1.14368238e+01 1.23255959e+01 1.18127079e+01 1.07675400e+01
    1.32533417e+01 1.12650528e+01 1.22766199e+01 1.41285534e+01
    1.25142612e+01 1.31235428e+01 1.21051044e+01 1.23264198e+01
    1.15157995e+01 1.11545601e+01 1.06937399e+01 9.94022083e+00
    9.36542511e+00 1.04789114e+01 1.02956886e+01 1.05824270e+01
    9.95408058e+00 1.11101608e+01 1.22733822e+01 1.00171337e+01
    1.07311668e+01 1.15189104e+01 1.13693562e+01 1.18424215e+01
    1.11812286e+01 1.08237686e+01 1.14849825e+01 1.09280453e+01
    1.10505199e+01 1.22354612e+01 1.18248644e+01 1.26544943e+01
    1.18460646e+01 1.23539829e+01 1.18750696e+01 1.31060152e+01
    1.15452204e+01 1.17749052e+01 1.20429420e+01 1.08057699e+01
    1.18948126e+01 1.24945421e+01 1.10880003e+01 1.10595541e+01
    1.24902840e+01 1.22332363e+01 1.29519682e+01 1.34133673e+01
    1.26808281e+01 1.16872330e+01 1.20681820e+01 1.18899975e+01
    1.20101824e+01 1.22367849e+01 1.13798294e+01 1.04106274e+01
    1.26929760e+01 1.26126986e+01 1.12758865e+01 1.41450081e+01
    1.29142618e+01 1.19689693e+01 1.14683685e+01 1.16598053e+01
    1.14573755e+01 1.35578413e+01 1.12677307e+01 1.03835564e+01
    1.20234098e+01 1.27926998e+01 1.21857939e+01 1.13322344e+01
    1.18263092e+01 1.02852659e+01 1.12935171e+01 1.22048616e+01
    1.14301586e+01 1.19731798e+01 1.37941818e+01 1.40313444e+01
    1.47329664e+01 1.38317814e+01 1.37063179e+01 1.20370903e+01
    1.17915211e+01 1.34157515e+01 1.07309227e+01 1.05306759e+01
    1.24272718e+01 1.16048107e+01 1.16514482e+01 1.16120806e+01
    1.29411001e+01 1.21770115e+01 1.08480844e+01 1.15478430e+01
    1.16031151e+01 1.25079660e+01 1.10345383e+01 1.10153923e+01
    1.18058910e+01 1.16979351e+01 1.08104820e+01 1.01860600e+01
    1.13015862e+01 1.13831825e+01 1.12472410e+01 1.17360649e+01
    1.09995871e+01 1.19617920e+01 1.25270853e+01 1.27854195e+01
    1.27722826e+01 1.06286764e+01 1.06938086e+01 1.14586525e+01
    1.12174997e+01 1.10246811e+01 1.11510715e+01 1.08224325e+01
    1.21133604e+01 1.21926994e+01 1.30384674e+01 1.12093420e+01
    1.18930473e+01 1.22117558e+01 1.18247395e+01 1.18392487e+01
    1.07684841e+01 1.14057407e+01 1.02702179e+01 9.68548107e+00
    1.10557365e+01 1.12564926e+01 1.03288565e+01 1.18947897e+01
    1.16072054e+01 1.29270096e+01 1.21479607e+01 1.23968945e+01
    1.34821548e+01 1.11721458e+01 1.22073507e+01 1.27682810e+01
    1.02718077e+01 1.13925295e+01 1.18249006e+01 1.19809713e+01
    1.09120979e+01 1.07749329e+01 1.06514187e+01 1.18116322e+01
    1.18015175e+01 1.08883572e+01 1.22646942e+01 1.26023741e+01
    1.04422302e+01 1.14035778e+01 1.27375774e+01 1.12592087e+01
    1.16208658e+01 1.07581062e+01 1.18866520e+01 1.21938505e+01
    1.04530544e+01 1.15590630e+01 5.94652081e+00 7.02981663e+00
    1.03001089e+01 9.84543705e+00 1.02367258e+01 1.15591516e+01
    1.16734991e+01 1.17413416e+01 1.08092861e+01 1.12892637e+01
    1.19230251e+01 1.14524946e+01 1.06864710e+01 1.05401201e+01
    1.01145811e+01 1.06231327e+01 1.04001856e+01 1.05486889e+01
    1.12219601e+01 1.04312716e+01 1.15664368e+01 1.19027414e+01
    1.21311245e+01 1.16788559e+01 1.23179560e+01 1.21308002e+01
    1.30721712e+01 1.19195347e+01 1.25384140e+01 1.28635969e+01
    1.33791800e+01 1.25617285e+01 1.16622353e+01 1.22549553e+01
    1.23325167e+01 1.15359430e+01 9.42854309e+00 1.07790546e+01
    9.66246319e+00 1.02831059e+01 1.08363543e+01 9.46288300e+00
    9.98017216e+00 1.15753250e+01 1.05322132e+01 1.04876289e+01
    1.11323452e+01 1.15782013e+01 1.17483902e+01 1.08463974e+01
    9.81048965e+00 1.12096443e+01 1.20685472e+01 1.02342587e+01
    1.15625448e+01 1.18331203e+01 1.19764748e+01 1.19009657e+01
    1.22631111e+01 1.27587118e+01 1.24868145e+01 1.11704302e+01
    1.10544338e+01 1.17595758e+01 1.00879440e+01 1.06236897e+01
    1.10540047e+01 1.11667681e+01 1.21281748e+01 1.17689037e+01
    1.28675461e+01 1.25163450e+01 1.13464937e+01 1.16784773e+01
    1.23602047e+01 1.18052120e+01 1.25349798e+01 1.20695877e+01
    1.19825840e+01 1.14192934e+01 1.16612005e+01 1.23371439e+01
    1.21971369e+01 1.06299887e+01 1.22356186e+01 1.13976364e+01
    1.27354078e+01 1.28211803e+01 1.22846937e+01 1.20470476e+01
    1.12913198e+01 1.10117426e+01 1.08862572e+01 1.09694529e+01
    9.99349689e+00 9.53045177e+00 1.11163425e+01 1.19932585e+01
    1.06851635e+01 1.01805305e+01 1.14878626e+01 1.14147758e+01
    1.18653049e+01 1.09001560e+01 1.12271280e+01 1.07623701e+01
    1.12455816e+01 1.07249374e+01 1.01714849e+01 1.05870123e+01
    1.02691736e+01 1.07707758e+01 1.09875975e+01 1.18713951e+01
    1.15491333e+01 1.30084705e+01 1.33970699e+01 1.21351261e+01
    1.49330692e+01 1.40370274e+01 1.30537138e+01 1.24809294e+01
    1.21907530e+01 1.21668549e+01 1.31545820e+01 1.24193468e+01
    1.21303377e+01 1.18024635e+01 1.13386955e+01 1.16786966e+01
    1.20426626e+01 1.28134556e+01 1.21468029e+01 1.19957170e+01
    1.19928226e+01 1.20533075e+01 1.07702847e+01 1.12793064e+01
    1.01314049e+01 1.10619850e+01 1.21061258e+01 1.25671883e+01
    1.25586491e+01 1.33068027e+01 1.27240162e+01 1.19942055e+01
    1.16309414e+01 1.21430492e+01 1.17500181e+01 1.20602655e+01
    1.16359921e+01 1.20246363e+01 1.05979691e+01 1.17802010e+01
    1.35229130e+01 1.16656094e+01 1.04175720e+01 1.09123583e+01
    1.12756815e+01 1.17865276e+01 1.04902000e+01 1.25380440e+01
    1.33114023e+01 1.41764936e+01 1.40539560e+01 1.31350641e+01
    1.29353380e+01 1.27155828e+01 1.16730452e+01 1.20254917e+01
    9.82804012e+00 1.00157061e+01 1.12377625e+01 1.05747499e+01
    1.12095242e+01 1.07428493e+01 1.14771204e+01 1.31014853e+01
    1.18155661e+01 1.00682564e+01 1.04917564e+01 1.19813776e+01
    1.10693493e+01 1.02393970e+01 1.06527548e+01 1.13475780e+01
    1.07617159e+01 1.01092606e+01 1.07365475e+01 1.19890738e+01
    1.05300894e+01 1.15516663e+01 1.14344969e+01 1.21472092e+01
    1.28343592e+01 1.34067106e+01 1.25167170e+01 1.13508158e+01
    1.14227095e+01 1.34277182e+01 1.14171295e+01 1.12647314e+01
    1.18802185e+01 1.10629444e+01 1.18968153e+01 1.26505699e+01
    1.17221498e+01 1.20909567e+01 1.10633039e+01 1.15547934e+01
    1.20531635e+01 1.17446947e+01 1.15905104e+01 1.03211069e+01
    9.66813564e+00 1.08988247e+01 1.17143164e+01 1.15172977e+01
    1.24251213e+01 1.26399193e+01 1.27385178e+01 1.22557640e+01
    1.31038904e+01 1.39221840e+01 1.40516348e+01 1.20950832e+01
    1.24994183e+01 1.44226494e+01 1.25050535e+01 1.31966343e+01
    1.20597811e+01 1.12690830e+01 1.15031376e+01 1.10846767e+01
    1.14789581e+01 1.13581200e+01 1.13792982e+01 1.16152134e+01
    1.21002064e+01 1.20758410e+01 1.04252663e+01 1.31078548e+01
    1.18196564e+01 1.07447376e+01 1.25426331e+01 1.13344193e+01
    1.16229715e+01 1.25749359e+01 1.16056089e+01 1.16015844e+01
    6.41919088e+00 6.98709631e+00 8.26587296e+00 9.56350803e+00
    9.87180138e+00 1.16926432e+01 1.02031975e+01 1.16351614e+01
    1.08813925e+01 1.05677319e+01 1.14231930e+01 1.13652439e+01
    1.02191181e+01 1.01743317e+01 9.12886429e+00 9.48713303e+00
    1.02152042e+01 1.10311108e+01 1.14125805e+01 1.04986010e+01
    1.16815214e+01 1.20003405e+01 1.20397463e+01 1.13709526e+01
    1.11769056e+01 1.23009005e+01 1.23823338e+01 1.10338888e+01
    1.15888271e+01 1.35250568e+01 1.15821943e+01 1.26051493e+01
    1.20530968e+01 1.07644386e+01 1.23213501e+01 1.09766417e+01
    1.09230299e+01 1.14633675e+01 1.09567642e+01 1.10580702e+01
    1.16167479e+01 1.05906258e+01 1.03236485e+01 1.16222315e+01
    1.16877117e+01 1.09679461e+01 1.06619539e+01 1.19405584e+01
    1.27697248e+01 1.12448950e+01 1.05851154e+01 1.22870455e+01
    1.32997742e+01 1.09860792e+01 1.10955725e+01 1.27959719e+01
    1.23262348e+01 1.26302576e+01 1.30852337e+01 1.27438049e+01
    1.18739233e+01 1.11034050e+01 1.12328358e+01 1.16198883e+01
    1.03702087e+01 1.07237921e+01 1.18139820e+01 1.21878586e+01
    1.19407520e+01 1.33124733e+01 1.33518162e+01 1.20845680e+01
    1.34601631e+01 1.26100349e+01 1.16022606e+01 1.12373276e+01
    1.16970463e+01 1.17979107e+01 9.81789398e+00 1.03103609e+01
    1.20310621e+01 1.13814907e+01 1.11207495e+01 1.19747581e+01
    1.11915226e+01 1.15675802e+01 1.20952148e+01 1.31156769e+01
    1.29657450e+01 1.11480722e+01 1.18818111e+01 1.20373354e+01
    9.52050972e+00 1.04949818e+01 1.04357824e+01 9.96478367e+00
    8.93577576e+00 9.52513313e+00 9.72624779e+00 1.04387484e+01
    1.21904688e+01 1.17738438e+01 1.22422638e+01 1.20575132e+01
    1.01711950e+01 1.10321770e+01 1.13720379e+01 1.05083485e+01
    1.10025988e+01 1.12930746e+01 9.63107204e+00 1.13539877e+01
    1.16211443e+01 1.12325211e+01 1.10570183e+01 1.23618822e+01
    1.29573765e+01 1.17289448e+01 1.27940044e+01 1.24181709e+01
    1.30884733e+01 1.25370941e+01 1.15361748e+01 1.30460968e+01
    1.22639284e+01 1.25401344e+01 1.15131054e+01 1.20890007e+01
    1.06664038e+01 1.22397385e+01 1.33986540e+01 1.23728352e+01
    1.29489546e+01 1.13938770e+01 1.15992136e+01 1.11162376e+01
    1.08255577e+01 1.09993057e+01 1.01066618e+01 1.08720055e+01
    1.10939837e+01 1.13262196e+01 1.25886135e+01 1.18465462e+01
    1.14428329e+01 1.16496363e+01 1.13363686e+01 1.13783302e+01
    1.11597004e+01 1.24325752e+01 1.06644506e+01 1.10062408e+01
    1.19119701e+01 1.23209114e+01 1.22381258e+01 1.16530237e+01
    1.10788813e+01 1.19548178e+01 1.11222591e+01 1.21906967e+01
    1.14766979e+01 1.27134724e+01 1.31298342e+01 1.23580704e+01
    1.44097309e+01 1.37992210e+01 1.24326878e+01 1.32042189e+01
    1.30498447e+01 1.15028076e+01 1.21191463e+01 1.13914557e+01
    1.14985847e+01 1.17397633e+01 1.25533600e+01 1.24302120e+01
    1.15536680e+01 1.18031826e+01 1.14144325e+01 1.06440430e+01
    1.06541910e+01 1.08643951e+01 1.10258923e+01 1.25091066e+01
    1.04775476e+01 1.05845690e+01 1.19120445e+01 1.11521330e+01
    1.11471930e+01 1.28279152e+01 1.15936184e+01 1.13605881e+01
    1.25682335e+01 1.23953667e+01 1.22188444e+01 1.27123260e+01
    1.22235422e+01 1.22810907e+01 1.17758904e+01 1.18500710e+01
    1.09829216e+01 1.17541885e+01 1.19027138e+01 1.14164076e+01
    1.27334156e+01 1.31758909e+01 1.20502930e+01 1.33583794e+01
    1.16218147e+01 1.15332403e+01 1.21368294e+01 1.19343309e+01
    1.20219774e+01 1.12973146e+01 1.13625126e+01 1.26134071e+01
    1.22245560e+01 1.22953949e+01 1.29432669e+01 1.21965790e+01
    1.24571095e+01 1.32841558e+01 1.33883600e+01 1.34518471e+01
    1.25010166e+01 1.48733997e+01 1.20411701e+01 1.22546320e+01
    1.26893339e+01 1.31425219e+01 1.20882492e+01 1.03374224e+01
    1.16532784e+01 1.14047279e+01 1.02223015e+01 1.01762056e+01
    1.06535454e+01 1.08437548e+01 1.18706579e+01 1.21154089e+01
    1.11794033e+01 1.23683147e+01 1.24907827e+01 1.13588133e+01
    1.29143906e+01 1.19423466e+01 1.14808683e+01 1.14956379e+01
    1.14458389e+01 1.18519392e+01 6.84295750e+00 8.68921852e+00
    9.09866142e+00 1.09181833e+01 1.04287024e+01 1.15539894e+01
    1.16596422e+01 1.12211866e+01 1.17523336e+01 1.08302450e+01
    1.11532259e+01 1.18505402e+01 9.81810951e+00 1.05416374e+01
    9.99941254e+00 8.74879265e+00 1.00091400e+01 1.14299831e+01
    1.14904766e+01 1.09275398e+01 1.00723305e+01 1.24733896e+01
    1.26091242e+01 1.17360497e+01 1.16661463e+01 1.18264141e+01
    1.28890400e+01 1.25233536e+01 1.28529739e+01 1.28149729e+01
    1.12385111e+01 1.22508345e+01 1.20863199e+01 1.08459444e+01
    1.21714573e+01 1.19944468e+01 1.12376556e+01 1.21662731e+01
    1.23387299e+01 1.20925226e+01 1.14630117e+01 1.06521683e+01
    1.11425152e+01 1.16058722e+01 1.18808727e+01 1.11773281e+01
    1.14120007e+01 1.16103315e+01 1.29952879e+01 1.20429964e+01
    1.14364347e+01 1.04650326e+01 1.19569359e+01 1.13307705e+01
    1.07126541e+01 1.29641428e+01 1.36221180e+01 1.30377350e+01
    1.34894972e+01 1.30428228e+01 1.16827955e+01 1.04166241e+01
    1.16169367e+01 1.12504654e+01 1.03586588e+01 9.41298294e+00
    1.16927900e+01 1.26282005e+01 1.30078592e+01 1.30966425e+01
    1.39565420e+01 1.21817245e+01 1.34663000e+01 1.25204878e+01
    1.06100464e+01 1.22630930e+01 1.20970821e+01 1.11755190e+01
    1.12380228e+01 1.03370314e+01 9.76846123e+00 1.08216429e+01
    1.00892563e+01 1.05743656e+01 1.05744324e+01 1.03150244e+01
    1.20543585e+01 1.31010952e+01 1.25221329e+01 1.24465723e+01
    1.41403646e+01 1.18127546e+01 1.08373880e+01 1.13372822e+01
    1.20424109e+01 1.06806316e+01 1.00974350e+01 9.76794243e+00
    9.18909264e+00 1.13056622e+01 1.05077419e+01 1.04175272e+01
    1.12266703e+01 1.21153297e+01 1.08115282e+01 1.14450579e+01
    1.27405825e+01 1.12163973e+01 1.07464294e+01 1.04413528e+01
    1.00570803e+01 1.16369991e+01 1.29774122e+01 1.13111105e+01
    1.20991211e+01 1.21083660e+01 1.30903215e+01 1.22681227e+01
    1.21813726e+01 1.33191690e+01 1.03457394e+01 1.22416010e+01
    1.12886782e+01 1.08128929e+01 1.15417805e+01 1.17783937e+01
    1.22402992e+01 1.20663385e+01 1.13919640e+01 1.23525791e+01
    1.26433144e+01 1.17292624e+01 1.37185993e+01 1.08684835e+01
    1.11337833e+01 1.21466503e+01 1.08947544e+01 1.07587919e+01
    9.57728958e+00 1.04773302e+01 1.05879917e+01 1.08592148e+01
    1.23133602e+01 1.15287256e+01 1.14187012e+01 1.20517693e+01
    1.13471632e+01 1.01812344e+01 1.25595484e+01 1.26210413e+01
    1.04702749e+01 1.12310238e+01 1.22564936e+01 1.21936827e+01
    1.20195742e+01 1.11804380e+01 1.20639572e+01 1.15592375e+01
    1.09052324e+01 1.20941887e+01 1.24707289e+01 1.28754425e+01
    1.25596943e+01 1.20659666e+01 1.40241432e+01 1.34087811e+01
    1.16170015e+01 1.30537491e+01 1.11547804e+01 1.07320776e+01
    1.07459650e+01 1.09814243e+01 1.03819046e+01 1.11007223e+01
    1.16172171e+01 1.25916786e+01 1.34546804e+01 1.13361578e+01
    1.15937195e+01 1.13730202e+01 1.18270893e+01 1.10171423e+01
    9.68008137e+00 1.06896410e+01 1.15656500e+01 1.01200342e+01
    1.07250900e+01 1.09247570e+01 1.15655718e+01 1.11013889e+01
    1.18213167e+01 1.06539640e+01 1.24548721e+01 1.33511896e+01
    1.24030523e+01 1.27743196e+01 1.29551411e+01 1.18096981e+01
    1.19970474e+01 1.20691023e+01 1.13831768e+01 1.22486582e+01
    1.17178173e+01 1.24374094e+01 1.40747604e+01 1.21244526e+01
    1.18945169e+01 1.20822544e+01 1.29119911e+01 1.20034542e+01
    1.21924562e+01 1.31290779e+01 1.20657892e+01 1.23748121e+01
    1.20075474e+01 1.19797363e+01 1.23342800e+01 1.20121117e+01
    1.23373299e+01 1.16131258e+01 1.15099669e+01 1.26074553e+01
    1.22413349e+01 1.26810598e+01 1.13233852e+01 1.32199106e+01
    1.31308346e+01 1.22662315e+01 1.35660543e+01 1.20195913e+01
    1.36603918e+01 1.12951908e+01 1.23742609e+01 1.11542673e+01
    9.48885155e+00 1.21359224e+01 9.97657490e+00 9.35757446e+00
    1.10067940e+01 1.03449211e+01 1.12965956e+01 1.11129198e+01
    1.09214954e+01 1.08346481e+01 1.19627552e+01 1.20925636e+01
    1.25138474e+01 1.25567722e+01 1.23620510e+01 1.25133219e+01
    5.75705957e+00 7.03091908e+00 8.79638481e+00 1.11727400e+01
    1.14324007e+01 1.08403091e+01 1.16362495e+01 1.18889303e+01
    1.17903595e+01 1.10478506e+01 1.11952591e+01 1.28728704e+01
    1.15250311e+01 1.06956854e+01 1.05758324e+01 1.05200539e+01
    1.08199196e+01 1.05719757e+01 1.14042187e+01 1.14862604e+01
    1.19491320e+01 1.23801146e+01 1.18225574e+01 1.31825457e+01
    1.17118864e+01 1.23889771e+01 1.29962854e+01 1.27086134e+01
    1.19438210e+01 1.27538519e+01 1.24793081e+01 1.28980465e+01
    1.25176744e+01 1.19650230e+01 1.31238651e+01 1.07610073e+01
    1.10089970e+01 1.15720739e+01 1.19767246e+01 1.25592918e+01
    1.18557482e+01 1.12584743e+01 1.25407515e+01 1.31327410e+01
    1.22219687e+01 1.14819298e+01 1.15659437e+01 1.07617226e+01
    1.19009142e+01 1.16502247e+01 1.13010702e+01 1.26437368e+01
    1.21867323e+01 1.19658756e+01 1.22875395e+01 1.15894575e+01
    1.24056568e+01 1.33457346e+01 1.33117704e+01 1.21692314e+01
    1.25941963e+01 1.20216303e+01 1.19295616e+01 1.11725082e+01
    1.05672798e+01 9.74774551e+00 1.07908554e+01 1.14458237e+01
    1.19351273e+01 1.19520683e+01 1.25171289e+01 1.39616098e+01
    1.14691992e+01 1.10966139e+01 1.10783358e+01 1.19713287e+01
    1.07669382e+01 1.01635122e+01 1.06017923e+01 1.02720900e+01
    1.04546556e+01 1.08551855e+01 1.05126858e+01 1.13353539e+01
    1.04084635e+01 1.06574430e+01 1.21198330e+01 1.30885086e+01
    1.28915491e+01 1.40188932e+01 1.32975445e+01 1.09581642e+01
    1.20438728e+01 1.19122581e+01 1.08521471e+01 1.10378113e+01
    1.11693230e+01 1.08100624e+01 1.06129084e+01 1.12370682e+01
    1.16917133e+01 1.21583414e+01 1.18137808e+01 1.08671274e+01
    1.25717640e+01 1.09049320e+01 1.05865278e+01 1.18657570e+01
    1.06692686e+01 1.05136061e+01 1.11426258e+01 9.86979580e+00
    1.08450146e+01 1.07682381e+01 1.12374468e+01 1.05926924e+01
    1.15107250e+01 1.23745499e+01 1.15413179e+01 1.23004923e+01
    1.14586678e+01 1.27104187e+01 1.25900764e+01 1.13935375e+01
    1.21928177e+01 1.12643394e+01 1.16973152e+01 1.08839855e+01
    1.08174686e+01 9.78617191e+00 1.07473211e+01 1.21889648e+01
    1.10504904e+01 9.46578598e+00 1.05030613e+01 1.14902353e+01
    1.02366610e+01 1.10048370e+01 1.01820478e+01 1.09314213e+01
    1.16472626e+01 1.18086081e+01 1.14146080e+01 1.22529535e+01
    1.31097994e+01 1.15599051e+01 1.13636150e+01 1.21118546e+01
    1.15091896e+01 1.27931957e+01 1.03639412e+01 1.17259359e+01
    1.20996866e+01 1.35174398e+01 1.23126793e+01 1.21450357e+01
    1.25544052e+01 1.23870716e+01 1.25418835e+01 1.19034348e+01
    1.22219973e+01 1.26039181e+01 1.34204502e+01 1.16642962e+01
    1.27765207e+01 1.22391233e+01 1.14170113e+01 1.16965189e+01
    1.03235331e+01 1.09226913e+01 1.07178926e+01 9.97039795e+00
    1.07622499e+01 1.13152866e+01 1.10767984e+01 1.22931376e+01
    1.19541187e+01 1.14788084e+01 1.20856791e+01 1.11650620e+01
    1.27251577e+01 1.16321392e+01 1.01747456e+01 1.18841295e+01
    1.12853746e+01 1.06207428e+01 1.13120804e+01 1.01994658e+01
    1.07205553e+01 1.14104500e+01 1.01261272e+01 9.76830387e+00
    1.13722706e+01 1.25241518e+01 1.32592316e+01 1.25255413e+01
    1.37246552e+01 1.30772390e+01 1.40026550e+01 1.32427483e+01
    1.10184593e+01 1.14999247e+01 1.22863827e+01 1.09894342e+01
    1.26624660e+01 1.09068289e+01 1.12000637e+01 1.29956446e+01
    1.22276516e+01 1.20461702e+01 1.30283318e+01 1.30057383e+01
    1.28103752e+01 1.22375326e+01 1.23959179e+01 1.28344679e+01
    1.37976294e+01 1.27651615e+01 1.05728540e+01 1.24812078e+01
    1.18349504e+01 1.25139208e+01 1.23823433e+01 1.14705000e+01
    1.18348789e+01 1.15327034e+01 1.25002480e+01 1.10288048e+01
    1.25317144e+01 1.25658894e+01 1.17996111e+01 1.20666389e+01
    1.15913763e+01 1.18049288e+01 1.10451164e+01 1.11134701e+01
    9.06550884e+00 1.02735767e+01 1.18460779e+01 1.06956215e+01
    9.34510708e+00 1.08284225e+01 1.14858055e+01 1.05831041e+01
    1.18173122e+01 1.13252487e+01 1.15888758e+01 1.21895590e+01
    1.12738390e+01 1.17018318e+01 6.28596544e+00 6.67201281e+00
    9.17666054e+00 9.29948425e+00 1.12796841e+01 1.06334333e+01
    1.11922607e+01 1.16062050e+01 1.16826067e+01 1.18069010e+01
    1.20132103e+01 1.19184456e+01 1.07728682e+01 1.18335361e+01
    8.94284916e+00 1.01346197e+01 1.17413712e+01 1.09989939e+01
    9.44702530e+00 1.10073795e+01 1.21555185e+01 1.18249283e+01
    1.19642105e+01 1.33272362e+01 1.24560823e+01 1.28826017e+01
    1.30807753e+01 1.08548698e+01 1.31344852e+01 1.36174030e+01
    1.19548788e+01 1.16791935e+01 1.17046509e+01 1.24583073e+01
    1.29263592e+01 1.19891787e+01 1.18390102e+01 1.12138062e+01
    1.27065382e+01 1.25685539e+01 1.11545839e+01 9.83300209e+00
    1.05129328e+01 1.37654066e+01 1.16271181e+01 9.85383987e+00
    1.22731972e+01 1.23267870e+01 1.26035042e+01 1.27383614e+01
    1.13742075e+01 1.33347101e+01 1.30459251e+01 1.09601603e+01
    1.19411106e+01 1.34626513e+01 1.31215401e+01 1.31911058e+01
    1.24783964e+01 1.27214050e+01 1.24964895e+01 1.20353050e+01
    1.19008636e+01 1.19524002e+01 1.02466984e+01 1.02497311e+01
    1.01577311e+01 1.14722023e+01 1.11697769e+01 1.16682186e+01
    1.25405025e+01 1.27764759e+01 1.32724905e+01 1.29048080e+01
    1.24539471e+01 1.18579855e+01 1.32727995e+01 1.14766216e+01
    8.84252071e+00 1.03411102e+01 1.04600134e+01 9.47789764e+00
    1.00346594e+01 9.78447628e+00 1.04092493e+01 1.19060192e+01
    1.17107821e+01 1.20997972e+01 1.37699213e+01 1.35485525e+01
    1.32250395e+01 1.13241272e+01 1.23260546e+01 1.26620731e+01
    1.15398979e+01 1.03952208e+01 9.94392395e+00 1.01646643e+01
    1.01419773e+01 1.07682095e+01 1.00739574e+01 1.17273216e+01
    1.05430336e+01 9.31348133e+00 1.08329325e+01 1.17461462e+01
    1.07555733e+01 1.15661564e+01 1.21980190e+01 1.10929508e+01
    1.02545338e+01 1.17210093e+01 1.15153580e+01 1.07037907e+01
    1.04735727e+01 1.08404846e+01 1.12624121e+01 1.10082226e+01
    1.20970421e+01 1.16823273e+01 1.08484468e+01 1.04528522e+01
    1.27766857e+01 1.11767635e+01 1.12328215e+01 1.09894695e+01
    1.17388935e+01 1.20083542e+01 1.03386765e+01 1.10264235e+01
    1.10223475e+01 1.12612886e+01 9.64999008e+00 1.13599930e+01
    1.10671406e+01 1.10845642e+01 1.20785265e+01 1.15975361e+01
    1.16375408e+01 1.24859114e+01 1.11375494e+01 1.19101133e+01
    1.12710009e+01 1.17410107e+01 1.18077803e+01 1.11921864e+01
    1.17760057e+01 1.03125486e+01 1.03888311e+01 1.17746620e+01
    1.13733349e+01 1.07152596e+01 1.12372484e+01 1.28660975e+01
    1.31267118e+01 1.19773684e+01 1.29003305e+01 1.36620483e+01
    1.31458874e+01 1.37376442e+01 1.36808043e+01 1.39821815e+01
    1.46843529e+01 1.30314169e+01 1.20976782e+01 1.34920683e+01
    1.23373995e+01 1.20189085e+01 1.07123804e+01 1.08619976e+01
    1.10047884e+01 9.97094536e+00 1.11259289e+01 1.21282120e+01
    1.23722563e+01 1.30315361e+01 1.30979900e+01 1.32536173e+01
    1.31075840e+01 1.17421999e+01 1.30411501e+01 1.26748142e+01
    1.04431973e+01 1.20714054e+01 1.14619312e+01 1.10935106e+01
    1.18435659e+01 1.04833431e+01 1.14977264e+01 1.27059727e+01
    1.10677729e+01 1.08355846e+01 1.11398916e+01 1.23568087e+01
    1.23345623e+01 1.27964602e+01 1.26800327e+01 1.22017517e+01
    1.39332123e+01 1.40119686e+01 1.01996231e+01 1.22225475e+01
    1.33161278e+01 1.16735620e+01 1.10036154e+01 1.08080311e+01
    1.14900484e+01 1.17136879e+01 1.13160057e+01 1.18612785e+01
    1.16456947e+01 1.11955833e+01 1.31023264e+01 1.31543140e+01
    1.24794931e+01 1.29187584e+01 1.57416172e+01 1.30575056e+01
    1.23362646e+01 1.28408632e+01 1.31937819e+01 1.16090717e+01
    1.24632998e+01 1.13512249e+01 1.10031900e+01 1.21359997e+01
    1.22635746e+01 1.33351479e+01 1.17927628e+01 1.27639837e+01
    1.23625689e+01 1.24297552e+01 1.14315090e+01 1.13332872e+01
    1.21423264e+01 1.11332302e+01 1.09727612e+01 1.09441223e+01
    1.11995487e+01 1.23106432e+01 1.03243780e+01 1.06760006e+01
    1.12856493e+01 1.17081184e+01 1.17669611e+01 1.11517448e+01
    1.23271551e+01 1.20929155e+01 1.11396818e+01 1.25147886e+01
    5.90621567e+00 6.99952936e+00 8.06743050e+00 9.43337917e+00
    1.03777199e+01 1.20158625e+01 1.09146109e+01 1.29107475e+01
    1.17301970e+01 1.07498569e+01 1.26467342e+01 1.21667137e+01
    1.11951456e+01 1.10404348e+01 1.01578407e+01 9.10353565e+00
    1.07672901e+01 1.04019032e+01 1.06489344e+01 1.00621071e+01
    1.17402086e+01 1.17668486e+01 1.14398499e+01 1.27698431e+01
    1.23856316e+01 1.27836199e+01 1.23453112e+01 1.17652292e+01
    1.19851084e+01 1.24855194e+01 1.15823498e+01 1.21752996e+01
    1.11510181e+01 1.15699739e+01 1.26007566e+01 1.23175659e+01
    1.17049913e+01 1.16137953e+01 1.26269741e+01 1.25092030e+01
    1.15292177e+01 1.09527712e+01 9.71342945e+00 1.20652971e+01
    1.10875454e+01 9.50733280e+00 1.00499487e+01 1.16767759e+01
    1.10788116e+01 9.95746803e+00 1.00828838e+01 1.19125900e+01
    1.24358091e+01 1.03252811e+01 1.08316879e+01 1.27728519e+01
    1.29497252e+01 1.26948004e+01 1.19061127e+01 1.31535387e+01
    1.32024765e+01 1.21994095e+01 1.23716402e+01 1.20276165e+01
    1.01574106e+01 1.08692579e+01 1.13632298e+01 1.00969763e+01
    1.17279634e+01 1.23349314e+01 1.17591963e+01 1.26976299e+01
    1.27387457e+01 1.24034338e+01 1.24138889e+01 1.01490183e+01
    1.23821144e+01 1.32410164e+01 1.01753025e+01 9.97860909e+00
    1.07106514e+01 1.09586792e+01 1.01740341e+01 1.00733747e+01
    1.10602083e+01 1.18665705e+01 1.13792915e+01 1.32554598e+01
    1.24671440e+01 1.36090279e+01 1.24543924e+01 1.12547617e+01
    1.21038265e+01 1.25657701e+01 1.31731405e+01 1.09530001e+01
    1.14430056e+01 1.05949841e+01 1.10041256e+01 1.15908432e+01
    1.12767801e+01 1.08499260e+01 9.12109756e+00 1.15771923e+01
    1.18214226e+01 1.14092731e+01 1.07753305e+01 1.16152096e+01
    1.15683174e+01 1.04504652e+01 1.12600594e+01 1.18606339e+01
    1.10108080e+01 1.14370670e+01 1.09977140e+01 1.09062653e+01
    1.14275579e+01 1.01387577e+01 1.14770021e+01 9.83061981e+00
    9.94923306e+00 1.05946980e+01 9.84627438e+00 1.03778744e+01
    1.09503574e+01 1.03839855e+01 1.00453939e+01 1.09663086e+01
    1.00796967e+01 1.14732904e+01 1.03587923e+01 1.03637476e+01
    1.04016285e+01 1.07964077e+01 1.10050421e+01 1.12475023e+01
    1.11751690e+01 1.18276453e+01 1.19770250e+01 1.20216970e+01
    1.34082527e+01 1.28095179e+01 1.07453365e+01 1.22625637e+01
    1.24789295e+01 1.18901920e+01 1.14300747e+01 1.19086609e+01
    1.16517715e+01 1.14784346e+01 1.20583954e+01 1.17734165e+01
    1.12803240e+01 1.07682142e+01 1.17518930e+01 1.17679453e+01
    1.14981060e+01 1.29683466e+01 1.30815067e+01 1.36944818e+01
    1.31264725e+01 1.38247795e+01 1.49632187e+01 1.22195902e+01
    1.24992971e+01 1.28064051e+01 1.12143774e+01 1.13454390e+01
    1.06901855e+01 1.04009848e+01 1.09875565e+01 1.08353930e+01
    1.14266701e+01 1.09511118e+01 1.16611252e+01 1.16971788e+01
    1.13796482e+01 1.18294220e+01 1.26437645e+01 1.06358452e+01
    1.28958969e+01 1.24648495e+01 1.08000879e+01 1.14080629e+01
    1.14818420e+01 1.23637829e+01 1.23785458e+01 1.13932896e+01
    1.13748693e+01 1.26756983e+01 1.11739502e+01 1.10679522e+01
    1.16156969e+01 1.21141787e+01 1.32824488e+01 1.23802290e+01
    1.21264400e+01 1.29303389e+01 1.35347509e+01 1.23237801e+01
    1.24490786e+01 1.19175797e+01 1.17062120e+01 1.25958748e+01
    1.19266481e+01 1.08188686e+01 1.12083101e+01 1.30284176e+01
    1.26296282e+01 1.18561020e+01 1.32492714e+01 1.22594309e+01
    1.25245457e+01 1.35713272e+01 1.44050207e+01 1.31760464e+01
    1.24811506e+01 1.39758739e+01 1.26884489e+01 1.10167627e+01
    1.13107500e+01 1.11758375e+01 1.19959688e+01 1.19387522e+01
    1.05727358e+01 1.25995903e+01 1.25069294e+01 1.31813259e+01
    1.29889288e+01 1.27092390e+01 1.38533201e+01 1.27399597e+01
    1.26535225e+01 1.18543768e+01 1.03099518e+01 1.05704842e+01
    9.90868187e+00 1.04131823e+01 1.03197088e+01 1.01839533e+01
    1.06062145e+01 1.04068069e+01 1.07263775e+01 1.00388851e+01
    1.21103907e+01 1.15588131e+01 1.05054922e+01 1.17448597e+01
    1.23186617e+01 1.23766775e+01 6.07826376e+00 6.18539333e+00
    7.67054510e+00 9.90094090e+00 1.10594215e+01 1.05055161e+01
    1.18578663e+01 1.15268831e+01 1.13044891e+01 1.05778875e+01
    1.13078060e+01 1.27318821e+01 1.13912516e+01 1.04581556e+01
    9.42765999e+00 9.71284580e+00 1.08437672e+01 1.17336311e+01
    9.96587944e+00 1.10166702e+01 1.07151499e+01 1.12211847e+01
    1.26387119e+01 1.39674644e+01 1.19654436e+01 1.27184896e+01
    1.21258612e+01 1.30965586e+01 1.21772051e+01 1.14222240e+01
    1.15712891e+01 1.33286009e+01 1.18855381e+01 1.08184681e+01
    1.30456066e+01 1.34356995e+01 1.16892805e+01 1.28518105e+01
    1.14606285e+01 1.03621798e+01 1.03059549e+01 1.02014027e+01
    1.02077932e+01 1.07154045e+01 1.05845928e+01 1.01538134e+01
    9.18609715e+00 1.13319750e+01 1.19939499e+01 1.08525658e+01
    1.12954779e+01 1.16863384e+01 1.25212831e+01 1.14715624e+01
    1.15635633e+01 1.16227598e+01 1.29484425e+01 1.22351933e+01
    1.25611143e+01 1.22567129e+01 1.31367636e+01 1.21298256e+01
    1.40028086e+01 1.27985611e+01 1.00683670e+01 1.13064299e+01
    1.13890295e+01 1.06124573e+01 1.20828590e+01 1.03917990e+01
    1.08950157e+01 1.23216476e+01 1.11760025e+01 1.18943949e+01
    1.12173719e+01 1.20596466e+01 1.23727751e+01 1.13751354e+01
    1.18994913e+01 9.80008888e+00 1.19822779e+01 1.13517609e+01
    1.02669325e+01 1.20762415e+01 1.31445236e+01 1.07571735e+01
    1.18971415e+01 1.34878273e+01 1.37028999e+01 1.34437838e+01
    1.35721846e+01 1.15488806e+01 1.08772240e+01 1.35124712e+01
    1.20762453e+01 1.00579958e+01 1.09379635e+01 1.13758411e+01
    1.15975466e+01 1.21550875e+01 1.10268469e+01 1.10686836e+01
    1.14693508e+01 1.14098215e+01 1.11376019e+01 1.14316673e+01
    1.37970591e+01 1.17808657e+01 1.21290894e+01 1.37614555e+01
    1.21069736e+01 1.17394733e+01 1.18777943e+01 1.09788589e+01
    1.18358049e+01 1.08336191e+01 1.04883451e+01 9.82426739e+00
    1.09845591e+01 9.88259315e+00 1.11081400e+01 1.05678501e+01
    9.82766628e+00 1.20175943e+01 1.14066677e+01 1.15652113e+01
    1.26846342e+01 1.16208038e+01 1.08855047e+01 1.09797516e+01
    1.23582516e+01 1.03368587e+01 9.52769661e+00 9.83506393e+00
    1.16988745e+01 1.10942392e+01 1.01969585e+01 1.29318495e+01
    1.10621119e+01 1.22596312e+01 1.45274019e+01 1.25177870e+01
    1.15303230e+01 1.22379847e+01 1.26493511e+01 1.24293346e+01
    1.11166449e+01 1.07747478e+01 1.21474705e+01 1.14877357e+01
    1.03440456e+01 1.20900173e+01 1.31001225e+01 1.10461159e+01
    1.14672832e+01 1.21245775e+01 1.19342089e+01 1.20286598e+01
    1.41053352e+01 1.22212858e+01 1.33302298e+01 1.37368336e+01
    1.35652504e+01 1.27930965e+01 1.17328720e+01 1.02295027e+01
    1.08138371e+01 1.07134638e+01 1.09939985e+01 9.27887249e+00
    9.92189789e+00 1.03328018e+01 9.99326420e+00 9.99553013e+00
    1.08747625e+01 1.21881437e+01 1.04280214e+01 9.72959709e+00
    1.21630011e+01 1.23879032e+01 1.10532236e+01 1.10388632e+01
    1.13086233e+01 1.14057388e+01 1.16394148e+01 1.28983641e+01
    1.31083574e+01 1.14166498e+01 1.22718582e+01 1.29214611e+01
    1.18636551e+01 1.09431305e+01 1.15664005e+01 1.22844114e+01
    1.19562550e+01 1.16319466e+01 1.37249346e+01 1.37258091e+01
    1.30087061e+01 1.25849047e+01 1.34851732e+01 1.16564369e+01
    1.15666361e+01 1.20892553e+01 1.21991787e+01 1.07613049e+01
    1.16543255e+01 1.18604088e+01 1.27402706e+01 1.18866053e+01
    1.21025934e+01 1.36165428e+01 1.32659588e+01 1.31348801e+01
    1.37172995e+01 1.23910780e+01 1.21345682e+01 1.26391382e+01
    1.21617451e+01 1.19390955e+01 1.17158394e+01 1.13559952e+01
    1.06965542e+01 1.13110905e+01 1.09795389e+01 1.07745037e+01
    1.09841928e+01 1.16725969e+01 1.28194389e+01 1.27919235e+01
    1.38239021e+01 1.34393339e+01 1.30241680e+01 1.31033764e+01
    1.14799204e+01 1.15223055e+01 1.13550549e+01 1.03800077e+01
    1.16176405e+01 1.02908125e+01 1.08698807e+01 1.08672237e+01
    1.20024366e+01 1.14465981e+01 1.12329760e+01 1.13935223e+01
    9.10956573e+00 9.89624786e+00 1.13874035e+01 1.15520926e+01
    5.29711628e+00 7.38324690e+00 7.29169655e+00 9.63042736e+00
    1.03791685e+01 1.02244205e+01 1.22050934e+01 1.10468264e+01
    1.11429138e+01 1.07665901e+01 1.15020399e+01 1.16729832e+01
    1.31543999e+01 1.03133221e+01 1.03135443e+01 1.02314520e+01
    1.18252850e+01 1.03591833e+01 1.01377878e+01 1.11751347e+01
    1.18772430e+01 1.11284838e+01 1.35430632e+01 1.30975800e+01
    1.23891792e+01 1.32758036e+01 1.26591415e+01 1.32464781e+01
    1.30091658e+01 1.20400496e+01 1.17192554e+01 1.14237366e+01
    1.14329576e+01 1.22404547e+01 1.17796555e+01 1.13039341e+01
    1.19441195e+01 1.17625360e+01 1.22852039e+01 1.16078453e+01
    1.11030807e+01 1.11379528e+01 1.12585020e+01 1.11733379e+01
    1.09620380e+01 1.09914351e+01 1.03313122e+01 1.16100092e+01
    1.20899572e+01 1.06654978e+01 1.16229067e+01 1.27667208e+01
    1.14463625e+01 1.14365892e+01 1.19515123e+01 1.23061018e+01
    1.16922169e+01 1.19845247e+01 1.13945045e+01 1.18685122e+01
    1.21199799e+01 1.20660582e+01 1.27987747e+01 1.20239105e+01
    1.12003069e+01 1.06722097e+01 1.02783089e+01 1.01994381e+01
    1.08296242e+01 9.34866333e+00 9.78332520e+00 1.19562855e+01
    1.04998283e+01 1.19222965e+01 1.18311958e+01 1.15711679e+01
    1.12193012e+01 1.13333998e+01 1.20183229e+01 1.17650137e+01
    1.14776306e+01 1.25753241e+01 1.11924686e+01 1.24466839e+01
    1.28085375e+01 1.21598339e+01 1.22636032e+01 1.24548979e+01
    1.35793962e+01 1.47584620e+01 1.22134514e+01 1.09784746e+01
    1.14210186e+01 1.35287657e+01 1.34209957e+01 1.11455593e+01
    1.11117210e+01 1.18063602e+01 1.16520329e+01 1.12041264e+01
    1.12866030e+01 9.62289810e+00 1.06996708e+01 1.08203840e+01
    1.02582331e+01 1.07013102e+01 1.23563070e+01 1.19149656e+01
    1.09003439e+01 1.24238205e+01 1.24745970e+01 1.23540363e+01
    1.27807188e+01 1.16614990e+01 1.28200293e+01 1.11245298e+01
    1.02191219e+01 1.18357267e+01 9.51278114e+00 1.08234758e+01
    1.05188360e+01 9.25219154e+00 1.00774603e+01 1.06265469e+01
    1.00327635e+01 1.04049654e+01 1.07019806e+01 1.15486403e+01
    1.10576611e+01 1.09633417e+01 1.30653296e+01 1.13196993e+01
    1.02887936e+01 1.12905064e+01 1.36639433e+01 1.28506985e+01
    1.12352533e+01 1.25020428e+01 1.21959505e+01 1.35400438e+01
    1.28590975e+01 1.19418087e+01 1.23418770e+01 1.17200174e+01
    1.17774372e+01 1.18025780e+01 1.07416725e+01 1.02812023e+01
    1.03280678e+01 1.13405228e+01 1.15503197e+01 1.09447136e+01
    1.07769156e+01 1.13334036e+01 1.24133492e+01 9.91159534e+00
    1.10539694e+01 1.25351591e+01 1.17544270e+01 1.26558218e+01
    1.42617893e+01 1.34964056e+01 1.38422871e+01 1.42507915e+01
    1.32750883e+01 1.23714104e+01 1.14640369e+01 1.00175037e+01
    1.08860693e+01 9.84229279e+00 1.00774498e+01 1.12678833e+01
    1.07979584e+01 1.24949389e+01 1.03417206e+01 1.23940783e+01
    1.24970837e+01 9.34225464e+00 1.14586391e+01 1.33845215e+01
    1.15704050e+01 1.13250809e+01 1.23962011e+01 1.17432966e+01
    1.23648939e+01 1.30206909e+01 1.26133366e+01 1.27196121e+01
    1.27736778e+01 1.30360699e+01 1.24502954e+01 1.20557508e+01
    1.20413818e+01 1.07759361e+01 1.18747120e+01 1.19111834e+01
    1.23891449e+01 1.25164919e+01 1.15795746e+01 1.29718571e+01
    1.21090708e+01 1.09695101e+01 1.22597570e+01 1.16314220e+01
    1.18458881e+01 1.12386341e+01 9.76631546e+00 1.31886644e+01
    1.24816122e+01 1.11942396e+01 1.16568012e+01 1.24535704e+01
    1.14333849e+01 1.18466396e+01 1.14479895e+01 1.38556643e+01
    1.23882093e+01 1.06927652e+01 1.12694941e+01 1.18514805e+01
    1.10143900e+01 1.08878384e+01 1.08762627e+01 1.09860430e+01
    1.10148506e+01 1.19292564e+01 1.25563774e+01 1.17851067e+01
    1.18585911e+01 1.34711857e+01 1.35873489e+01 1.32004910e+01
    1.15087919e+01 1.32307482e+01 1.24576893e+01 1.20108566e+01
    1.08567762e+01 1.01218042e+01 1.12437258e+01 1.07386875e+01
    1.10471649e+01 1.06214581e+01 1.09363470e+01 1.12250338e+01
    1.15795412e+01 1.26128635e+01 1.02782793e+01 1.02496767e+01
    1.23437386e+01 1.14073811e+01 5.17854595e+00 5.56709003e+00
    7.73525190e+00 9.30216789e+00 1.02635803e+01 1.01105900e+01
    1.08007660e+01 1.26000690e+01 1.19770441e+01 1.09944668e+01
    1.24587059e+01 1.45577946e+01 1.27379847e+01 1.08873014e+01
    9.61501503e+00 1.06359034e+01 1.10403376e+01 1.09207287e+01
    1.02833691e+01 1.10510712e+01 1.16281614e+01 1.12039394e+01
    1.19677868e+01 1.40880575e+01 1.26169291e+01 1.33079052e+01
    1.33015299e+01 1.30381708e+01 1.37113142e+01 1.34138260e+01
    1.31349354e+01 1.15868568e+01 1.18310795e+01 1.25646667e+01
    1.14968853e+01 1.14263535e+01 1.14126673e+01 1.17517986e+01
    1.17237949e+01 1.18672647e+01 1.08679247e+01 1.20908508e+01
    1.07946148e+01 1.05395622e+01 1.09554367e+01 1.04689178e+01
    1.00326509e+01 1.02257805e+01 1.05160179e+01 1.13472967e+01
    1.23389254e+01 1.13845491e+01 1.12874060e+01 1.07259655e+01
    1.01591492e+01 1.13279066e+01 1.15353889e+01 1.03045492e+01
    1.16748486e+01 1.24129667e+01 1.25570803e+01 1.38341961e+01
    1.25296268e+01 1.21199799e+01 1.15192842e+01 1.15393476e+01
    9.52894592e+00 1.04889088e+01 1.04214935e+01 1.15277119e+01
    1.09145422e+01 1.18260098e+01 1.13153172e+01 1.30538549e+01
    1.16253901e+01 1.08509178e+01 1.32074823e+01 1.15229979e+01
    1.07923231e+01 1.21425285e+01 1.03953419e+01 1.08914814e+01
    1.27338724e+01 1.27800341e+01 1.30280037e+01 1.29938307e+01
    1.23494596e+01 1.21980734e+01 1.33771152e+01 1.29369555e+01
    1.05320988e+01 1.16422892e+01 1.23888521e+01 1.18725576e+01
    1.27858248e+01 1.37369051e+01 1.26200647e+01 1.16092873e+01
    1.33975201e+01 1.34613485e+01 1.14902792e+01 1.17312155e+01
    1.16058025e+01 1.18687515e+01 1.19493456e+01 1.24734831e+01
    1.19589319e+01 1.39135590e+01 1.36640348e+01 1.32329960e+01
    1.29621944e+01 1.24740734e+01 1.23975220e+01 1.30028973e+01
    1.04543886e+01 1.16937799e+01 1.18113565e+01 1.02020044e+01
    1.05458899e+01 1.16503429e+01 9.80349636e+00 8.92856979e+00
    9.64391613e+00 9.44012737e+00 1.03512688e+01 9.81084824e+00
    9.97096348e+00 1.08193712e+01 1.16655493e+01 1.08500404e+01
    9.89548397e+00 1.22356071e+01 1.12567358e+01 1.04985771e+01
    1.27265711e+01 1.33151560e+01 1.18886728e+01 1.26169720e+01
    1.17533016e+01 1.35485182e+01 1.37868242e+01 1.17396708e+01
    1.17395258e+01 1.29992733e+01 1.09009790e+01 1.26795330e+01
    1.16097946e+01 1.12033310e+01 1.12034521e+01 1.23637543e+01
    1.09175863e+01 1.00293655e+01 1.12333202e+01 1.15483065e+01
    1.25679531e+01 1.12758255e+01 1.15695934e+01 1.32025013e+01
    1.32183952e+01 1.27062025e+01 1.33882265e+01 1.41691780e+01
    1.40695839e+01 1.36142673e+01 1.33769712e+01 1.21307812e+01
    1.09954805e+01 1.10019760e+01 1.13505955e+01 1.15552549e+01
    1.15046492e+01 9.72692204e+00 1.08137598e+01 1.17769938e+01
    1.07571917e+01 1.15553207e+01 1.09338398e+01 1.03292665e+01
    1.18763599e+01 1.23166676e+01 1.23874187e+01 1.25339241e+01
    1.00378933e+01 1.16131439e+01 1.35606546e+01 1.33024750e+01
    1.26924181e+01 1.25661421e+01 1.29360733e+01 1.32861490e+01
    1.24383030e+01 1.17944098e+01 1.12337523e+01 1.17357998e+01
    1.26114960e+01 1.21390095e+01 1.26545238e+01 1.25845699e+01
    1.20679712e+01 1.23914070e+01 1.19983950e+01 1.09546576e+01
    1.14229870e+01 1.15245371e+01 1.19616251e+01 1.19120045e+01
    1.15418234e+01 1.35474119e+01 1.26327791e+01 1.32758780e+01
    1.24036255e+01 1.25789833e+01 1.25817862e+01 1.25269499e+01
    1.27095785e+01 1.23388462e+01 1.19002790e+01 1.12230644e+01
    1.22674904e+01 1.19459391e+01 1.15485811e+01 1.06568613e+01
    1.05912495e+01 1.02498999e+01 1.00793934e+01 1.10165586e+01
    1.17319508e+01 1.17015877e+01 1.20574703e+01 1.25240459e+01
    1.38302183e+01 1.38447161e+01 1.16872063e+01 1.27708359e+01
    1.26663313e+01 1.28204651e+01 1.15801830e+01 1.16463442e+01
    1.13478870e+01 1.25759535e+01 1.16508303e+01 1.08008614e+01
    1.17693462e+01 1.04032183e+01 1.17389679e+01 1.11625242e+01
    1.01248484e+01 9.45784760e+00 1.12506485e+01 1.16177597e+01
    5.04104471e+00 5.67692995e+00 7.79183102e+00 8.67187691e+00
    1.00468874e+01 1.08185902e+01 9.83862782e+00 1.32314301e+01
    1.27961264e+01 1.16835556e+01 1.29666481e+01 1.27490940e+01
    1.29988232e+01 1.17424030e+01 1.00446949e+01 1.09318819e+01
    1.11332769e+01 1.06111231e+01 9.76622868e+00 1.02934256e+01
    1.10348129e+01 1.15076637e+01 1.28448992e+01 1.37883492e+01
    1.29509649e+01 1.23100824e+01 1.17378912e+01 1.27001677e+01
    1.35984917e+01 1.28830547e+01 1.15307560e+01 1.30082741e+01
    1.27625694e+01 1.16897821e+01 1.19681673e+01 1.14287186e+01
    1.14617863e+01 9.84190750e+00 1.00834866e+01 1.18147860e+01
    9.51688766e+00 9.46679306e+00 1.06945953e+01 1.04336109e+01
    9.93405914e+00 1.05603209e+01 1.05766582e+01 9.54697704e+00
    1.09256992e+01 1.12080297e+01 9.99401951e+00 1.14390039e+01
    1.08073196e+01 1.13895588e+01 1.18575344e+01 1.29020481e+01
    1.18512459e+01 1.20382290e+01 1.32896528e+01 1.32050962e+01
    1.42121067e+01 1.37287817e+01 1.38730097e+01 1.44586630e+01
    1.26406956e+01 1.15140238e+01 1.13447924e+01 9.82621193e+00
    1.05332060e+01 1.03400631e+01 8.65785217e+00 9.66048527e+00
    1.20432901e+01 1.22991657e+01 1.11203480e+01 1.20627594e+01
    1.23043203e+01 1.26493444e+01 1.12166700e+01 1.15405626e+01
    1.24412012e+01 1.20127563e+01 1.17134190e+01 1.33449078e+01
    1.33221998e+01 1.25876837e+01 1.26562471e+01 1.37185040e+01
    1.46988487e+01 1.39383459e+01 1.25670166e+01 1.19015942e+01
    1.29968309e+01 1.33544836e+01 1.28414202e+01 1.16480503e+01
    1.28500862e+01 1.28195200e+01 1.33305120e+01 1.30957098e+01
    1.16654291e+01 1.26106806e+01 1.24168119e+01 1.20020332e+01
    1.17061148e+01 1.25115328e+01 1.19833975e+01 1.37281961e+01
    1.35121889e+01 1.32037621e+01 1.18399401e+01 1.24459200e+01
    1.34432993e+01 1.24857388e+01 1.23324080e+01 1.27415247e+01
    1.13403358e+01 1.01986771e+01 1.20953856e+01 1.21730337e+01
    9.84125614e+00 1.13599367e+01 1.19794636e+01 1.06264324e+01
    1.20392513e+01 1.18179455e+01 1.06278229e+01 1.09939651e+01
    1.16687441e+01 1.09063158e+01 1.01635838e+01 1.01560392e+01
    1.11933565e+01 1.06127701e+01 1.10478220e+01 1.16223822e+01
    1.21292868e+01 1.20428791e+01 1.09023638e+01 1.36148844e+01
    1.32436438e+01 1.23790007e+01 1.28222666e+01 1.24199276e+01
    1.30246124e+01 1.32982626e+01 1.18379154e+01 1.01373005e+01
    1.11424789e+01 1.23383369e+01 1.07625942e+01 1.00763206e+01
    9.86765194e+00 1.07032328e+01 1.13676376e+01 1.12412462e+01
    1.08129492e+01 1.25124807e+01 1.22512655e+01 1.30492373e+01
    1.40539865e+01 1.32697840e+01 1.33796635e+01 1.37673130e+01
    1.32330360e+01 1.16191959e+01 1.12427092e+01 1.12802896e+01
    1.09448767e+01 1.10169992e+01 1.08892546e+01 1.06894131e+01
    1.08402901e+01 1.12957897e+01 1.13711319e+01 1.16997147e+01
    1.12273293e+01 1.02739782e+01 1.09054575e+01 1.12942696e+01
    1.37566309e+01 1.24415255e+01 1.02741470e+01 1.26586285e+01
    1.43542833e+01 1.35862932e+01 1.32796631e+01 1.18197613e+01
    1.34506083e+01 1.37375174e+01 1.16180897e+01 1.11424208e+01
    1.14755850e+01 1.12451391e+01 1.04162788e+01 1.25683622e+01
    1.20557146e+01 1.23628559e+01 1.33966589e+01 1.34483185e+01
    1.23449745e+01 1.34949398e+01 1.28056946e+01 1.23059177e+01
    1.13138599e+01 1.10475798e+01 1.27360363e+01 1.19960279e+01
    1.17190819e+01 1.27850609e+01 1.20960016e+01 1.28026409e+01
    1.25534048e+01 1.26017303e+01 1.13073311e+01 1.20351238e+01
    1.23989334e+01 1.06254740e+01 1.18699007e+01 1.11713152e+01
    1.02685661e+01 1.02202311e+01 1.09455748e+01 1.13369083e+01
    9.57487679e+00 1.09278173e+01 1.18921328e+01 1.05013943e+01
    1.19551811e+01 1.21191359e+01 1.31631165e+01 1.28350582e+01
    1.33711004e+01 1.25637465e+01 1.23010111e+01 1.41127834e+01
    1.20357695e+01 1.17467680e+01 1.17523069e+01 1.16728115e+01
    1.34672327e+01 1.25026007e+01 1.36173019e+01 1.29763927e+01
    1.23689899e+01 1.17781191e+01 1.04848595e+01 1.00252094e+01
    1.03038082e+01 1.04276323e+01 6.38824129e+00 7.11931515e+00
    7.84106207e+00 1.03855171e+01 1.07902899e+01 1.10606947e+01
    1.06818943e+01 1.19112501e+01 1.09643869e+01 1.20042248e+01
    1.19981928e+01 1.26354122e+01 1.41282597e+01 1.13796549e+01
    1.10406342e+01 1.21831026e+01 9.32872486e+00 1.12030668e+01
    1.03444862e+01 1.05192490e+01 1.17323647e+01 1.25759907e+01
    1.24066505e+01 1.29811029e+01 1.29722290e+01 1.33894310e+01
    1.28701878e+01 1.29094410e+01 1.23251019e+01 1.14522829e+01
    1.32037153e+01 1.11747389e+01 9.65777779e+00 1.21288939e+01
    1.11776419e+01 1.10031223e+01 1.07773285e+01 1.08567677e+01
    1.13277760e+01 1.08425980e+01 1.05085211e+01 1.09453506e+01
    9.36099911e+00 9.64028931e+00 1.02847347e+01 1.02069063e+01
    8.57586670e+00 1.03415947e+01 1.06634874e+01 9.26135159e+00
    1.10243387e+01 1.13310881e+01 9.83774185e+00 1.14249725e+01
    1.18019428e+01 1.08955612e+01 1.28410168e+01 1.19869013e+01
    1.28336840e+01 1.25601578e+01 1.50617809e+01 1.35972710e+01
    1.40176439e+01 1.41502590e+01 1.34078026e+01 1.25547647e+01
    1.19146729e+01 1.11463680e+01 1.12741642e+01 1.05623465e+01
    1.05030603e+01 1.05707560e+01 1.12031078e+01 1.09275713e+01
    1.15633068e+01 1.11855726e+01 1.15693226e+01 1.23560925e+01
    1.19852409e+01 1.26411285e+01 1.35009403e+01 1.18855057e+01
    1.23512983e+01 1.48867922e+01 1.41627541e+01 1.21136732e+01
    1.31793108e+01 1.17866058e+01 1.22029934e+01 1.22217302e+01
    1.16335239e+01 1.03505831e+01 1.11697435e+01 1.29155254e+01
    1.24149017e+01 1.20368357e+01 1.25896120e+01 1.40143280e+01
    1.22164764e+01 1.33155775e+01 1.22957134e+01 1.16227512e+01
    1.16108742e+01 1.11390209e+01 1.15421362e+01 1.15842905e+01
    1.27796803e+01 1.24513531e+01 1.27428503e+01 1.36586895e+01
    1.25930424e+01 1.26699581e+01 1.26806574e+01 1.40031404e+01
    1.29874954e+01 1.13750830e+01 1.15218430e+01 1.25677395e+01
    1.35568695e+01 1.20027294e+01 1.18255625e+01 1.21602383e+01
    1.16567097e+01 1.19276285e+01 1.26246319e+01 1.26105795e+01
    1.21318350e+01 1.09118996e+01 1.19294930e+01 1.23239279e+01
    1.14467897e+01 1.08109522e+01 1.19259005e+01 1.13757372e+01
    1.13849249e+01 1.14101057e+01 1.24346695e+01 1.11496124e+01
    1.09764271e+01 1.23090935e+01 1.32990217e+01 1.21243353e+01
    1.17549562e+01 1.25829439e+01 1.21028967e+01 1.13385324e+01
    1.03233652e+01 1.09798079e+01 1.09907732e+01 1.19669018e+01
    1.10364847e+01 1.13137121e+01 1.03304663e+01 1.11463957e+01
    1.26591082e+01 1.11766205e+01 1.14454708e+01 1.11387959e+01
    1.18790998e+01 1.30216436e+01 1.48803568e+01 1.35151958e+01
    1.46950779e+01 1.39501820e+01 1.45373688e+01 1.28532982e+01
    1.17458048e+01 1.19185915e+01 1.16789227e+01 1.12623672e+01
    1.32508669e+01 1.11886997e+01 1.13987675e+01 1.15190220e+01
    1.16514025e+01 1.29009657e+01 1.06183300e+01 9.80190754e+00
    1.21800900e+01 1.20888386e+01 1.24743805e+01 1.25946207e+01
    1.15781088e+01 1.13238392e+01 1.25270166e+01 1.29145994e+01
    1.30284443e+01 1.24196539e+01 1.31013241e+01 1.43976574e+01
    1.18214445e+01 1.23345633e+01 1.25313797e+01 1.15913811e+01
    1.10947151e+01 1.12542286e+01 1.14284496e+01 1.11958599e+01
    1.20398464e+01 1.32556725e+01 1.14207067e+01 1.04787693e+01
    1.21848860e+01 1.29271383e+01 1.20684223e+01 1.12205601e+01
    1.14166098e+01 1.30794287e+01 1.13017530e+01 1.23069439e+01
    1.15779819e+01 1.03062620e+01 1.17003031e+01 1.19447594e+01
    1.06313343e+01 1.10481062e+01 1.00173445e+01 1.07039385e+01
    1.00630999e+01 9.97545338e+00 1.10201321e+01 1.14003172e+01
    1.00307522e+01 1.08135462e+01 1.04123592e+01 1.02799501e+01
    1.25266285e+01 1.23493528e+01 1.25377541e+01 1.21768637e+01
    1.32413092e+01 1.44192915e+01 1.17855806e+01 1.18090086e+01
    1.25299826e+01 1.21091137e+01 1.16541653e+01 1.21857653e+01
    1.20970354e+01 1.12684765e+01 1.32062788e+01 1.20724087e+01
    1.09941072e+01 1.19142494e+01 1.20203199e+01 1.13242254e+01
    1.05150585e+01 1.09375105e+01 1.21145639e+01 1.11739492e+01
    6.13159418e+00 6.03489208e+00 8.46467972e+00 1.01306963e+01
    8.95368385e+00 9.51026630e+00 1.09387360e+01 1.03804235e+01
    9.67776108e+00 1.06498461e+01 1.19502563e+01 1.28939581e+01
    1.25006409e+01 1.16291866e+01 1.08491077e+01 1.18122168e+01
    1.16417789e+01 1.16221962e+01 1.11190958e+01 1.14923029e+01
    1.35054741e+01 1.17489824e+01 1.24976158e+01 1.33539438e+01
    1.30931425e+01 1.35414639e+01 1.30002136e+01 1.20327120e+01
    1.23026695e+01 1.15608149e+01 1.23722248e+01 1.11411619e+01
    1.00178871e+01 1.01485996e+01 1.03966246e+01 9.09555721e+00
    1.02674990e+01 1.13838415e+01 1.12842283e+01 1.01738052e+01
    1.23869267e+01 1.27402906e+01 1.05437050e+01 1.10921707e+01
    1.10032263e+01 9.38669205e+00 1.04325790e+01 9.34413815e+00
    9.07991982e+00 1.07131491e+01 1.15587168e+01 9.43348694e+00
    1.06479940e+01 1.02232742e+01 1.15588913e+01 1.16417704e+01
    1.03971281e+01 1.19061298e+01 1.34126167e+01 1.23995552e+01
    1.25511112e+01 1.43336573e+01 1.29871168e+01 1.33029194e+01
    1.16450462e+01 1.11774244e+01 1.21621275e+01 1.17106953e+01
    1.04068279e+01 1.07533722e+01 1.08545303e+01 1.15917263e+01
    1.12327700e+01 1.27262774e+01 1.10690002e+01 1.05383759e+01
    1.07449722e+01 1.08751965e+01 1.11787558e+01 1.05544510e+01
    1.08665104e+01 1.20613794e+01 1.14853601e+01 1.40550280e+01
    1.30784674e+01 1.17542334e+01 1.16259575e+01 1.21022139e+01
    1.21084585e+01 1.20727196e+01 1.01187201e+01 1.06436081e+01
    1.10265121e+01 1.18737574e+01 1.32292194e+01 1.20093355e+01
    1.26744337e+01 1.42741489e+01 1.29054260e+01 1.37548227e+01
    1.35564766e+01 1.32016869e+01 1.37441454e+01 1.28726902e+01
    1.23559055e+01 1.39424887e+01 1.32459774e+01 1.27651691e+01
    1.33337307e+01 1.43684330e+01 1.31169548e+01 1.12957335e+01
    1.30371685e+01 1.42882891e+01 1.29559155e+01 1.22715559e+01
    1.24891672e+01 1.25427322e+01 1.29853621e+01 1.30071096e+01
    1.13873692e+01 1.10361967e+01 1.17479839e+01 1.23427172e+01
    1.20239687e+01 1.18318453e+01 1.19041004e+01 1.25060396e+01
    1.12753668e+01 1.16351337e+01 1.18758497e+01 1.14141169e+01
    1.02711906e+01 1.07616758e+01 1.09469042e+01 1.07651358e+01
    1.15874844e+01 1.08808661e+01 1.15160828e+01 1.14252586e+01
    1.28644066e+01 1.12755194e+01 1.19107389e+01 1.21677952e+01
    1.30677490e+01 1.28425646e+01 1.20188894e+01 1.09051304e+01
    1.20433912e+01 1.15846357e+01 1.00160198e+01 1.11850758e+01
    1.14846802e+01 1.12838011e+01 1.23697128e+01 1.16639795e+01
    1.03975544e+01 1.12388115e+01 1.32804718e+01 1.18967800e+01
    1.27112694e+01 1.34065866e+01 1.25238848e+01 1.27405844e+01
    1.46201048e+01 1.24621191e+01 1.16800365e+01 1.18891487e+01
    1.11217937e+01 1.15611668e+01 1.27285967e+01 1.08491392e+01
    1.16844864e+01 1.17182474e+01 1.24982109e+01 1.21502476e+01
    1.11748266e+01 9.36659813e+00 1.25516100e+01 1.19656687e+01
    1.11551218e+01 1.25887318e+01 1.10670490e+01 1.19081850e+01
    1.28424683e+01 1.30744896e+01 1.23913364e+01 1.29652519e+01
    1.26481953e+01 1.43547258e+01 1.17003822e+01 1.15946407e+01
    1.16151333e+01 1.13911514e+01 1.06912460e+01 1.22805300e+01
    1.12306070e+01 1.03871737e+01 1.15651932e+01 1.27044163e+01
    1.24013481e+01 1.15129824e+01 1.14940777e+01 1.29811087e+01
    1.24464455e+01 1.25548573e+01 1.11402740e+01 1.18742294e+01
    1.30063848e+01 1.11643219e+01 1.21554508e+01 1.26883230e+01
    1.18114176e+01 1.20910139e+01 1.14404526e+01 1.17779427e+01
    1.10364876e+01 1.02686958e+01 1.05459909e+01 1.16913195e+01
    1.05268946e+01 1.02002211e+01 9.68424034e+00 1.04238787e+01
    1.09525375e+01 1.06710806e+01 1.12408533e+01 1.20990362e+01
    1.20543556e+01 1.29638414e+01 1.25188007e+01 1.33794546e+01
    1.19171343e+01 1.23795252e+01 1.18959389e+01 1.04720907e+01
    1.22119541e+01 1.08824654e+01 1.15446253e+01 1.20535946e+01
    1.15484457e+01 1.22787342e+01 1.10982838e+01 1.34301615e+01
    1.18439245e+01 1.08252134e+01 1.00680542e+01 9.50776100e+00
    1.06595936e+01 1.15709209e+01 6.19908762e+00 8.06006527e+00
    8.39719486e+00 1.01136646e+01 1.02665815e+01 1.06857319e+01
    1.03296976e+01 1.13265829e+01 1.04120274e+01 1.09467955e+01
    1.13673038e+01 1.20282040e+01 1.25744200e+01 1.13231754e+01
    1.07820826e+01 1.26683264e+01 1.15048428e+01 1.15012064e+01
    1.17385941e+01 1.17380362e+01 1.29166031e+01 1.34615889e+01
    1.33516512e+01 1.24266548e+01 1.20235653e+01 1.20637894e+01
    1.27134590e+01 1.22966862e+01 1.26663580e+01 1.19108181e+01
    1.20259933e+01 1.16629095e+01 1.05805044e+01 1.23990030e+01
    8.95444202e+00 9.52319527e+00 1.11053801e+01 1.09808187e+01
    1.10939407e+01 1.15396204e+01 1.21421137e+01 1.14509249e+01
    1.03083534e+01 1.15332861e+01 1.11697998e+01 9.16073513e+00
    1.06294889e+01 9.83735085e+00 1.07335234e+01 1.16830158e+01
    1.06180487e+01 1.13360605e+01 1.11012840e+01 1.18271313e+01
    1.21475172e+01 1.16015654e+01 1.07396326e+01 1.21083946e+01
    1.28072577e+01 1.22818785e+01 1.23722649e+01 1.33755150e+01
    1.25779552e+01 1.34895973e+01 1.26946335e+01 1.20545053e+01
    1.19606285e+01 1.22248325e+01 1.26043148e+01 1.22263775e+01
    1.14341488e+01 1.23834019e+01 1.19964838e+01 1.39525003e+01
    1.15672331e+01 1.17608290e+01 1.09682226e+01 1.19706430e+01
    1.10574331e+01 1.20423918e+01 1.11817017e+01 1.20787725e+01
    1.22001743e+01 1.42126665e+01 1.32789736e+01 1.29584875e+01
    1.26406174e+01 1.25510998e+01 1.12964373e+01 1.22385883e+01
    1.03305683e+01 1.00898886e+01 1.18762999e+01 1.16359243e+01
    1.24368067e+01 1.27000885e+01 1.18032522e+01 1.32009182e+01
    1.31636028e+01 1.29980402e+01 1.30921707e+01 1.31256752e+01
    1.22731237e+01 1.19398851e+01 1.23680229e+01 1.29528656e+01
    1.21877480e+01 1.35759001e+01 1.34245806e+01 1.37988501e+01
    1.32753820e+01 1.28909893e+01 1.29901285e+01 1.39559660e+01
    1.25527945e+01 1.25677080e+01 1.19743929e+01 1.19014616e+01
    1.26149368e+01 1.18759108e+01 1.23367519e+01 1.16842556e+01
    1.13595734e+01 1.25173082e+01 1.30219030e+01 1.23187990e+01
    1.22270250e+01 1.40960312e+01 1.22533722e+01 1.07220221e+01
    1.19974527e+01 1.23059044e+01 1.07889643e+01 9.56130505e+00
    1.11150799e+01 9.94685459e+00 1.06145220e+01 1.06717587e+01
    9.70952415e+00 1.08996134e+01 1.18725739e+01 1.21584082e+01
    1.27795601e+01 1.31529045e+01 1.24354544e+01 1.43946590e+01
    1.21034603e+01 1.09430952e+01 1.14508514e+01 1.22650824e+01
    1.06632824e+01 1.03864603e+01 1.14593716e+01 1.12435436e+01
    1.27461891e+01 1.16320095e+01 1.07892141e+01 1.26604414e+01
    1.19239092e+01 1.15003948e+01 1.23681259e+01 1.17818508e+01
    1.06383152e+01 1.18470964e+01 1.27671661e+01 1.18233252e+01
    9.66654491e+00 9.97662067e+00 1.17315903e+01 1.13925514e+01
    1.09232845e+01 1.15324631e+01 1.16354904e+01 1.18098812e+01
    1.09309349e+01 1.21838026e+01 1.19874096e+01 1.15264263e+01
    1.08543272e+01 1.23722506e+01 1.26956892e+01 1.33287725e+01
    1.10174599e+01 1.35484705e+01 1.31607952e+01 1.35663824e+01
    1.20337181e+01 1.31474199e+01 1.34657431e+01 1.36152735e+01
    1.18242903e+01 1.03401852e+01 1.14811573e+01 1.00592690e+01
    1.06449633e+01 1.04919138e+01 1.00512638e+01 1.09758005e+01
    1.11491280e+01 1.27885466e+01 1.30797834e+01 1.11965647e+01
    1.25297632e+01 1.21745672e+01 1.19960327e+01 1.20024462e+01
    1.13727169e+01 1.17399569e+01 1.17899609e+01 1.03062382e+01
    1.19964666e+01 1.27385416e+01 1.11236582e+01 1.29577408e+01
    1.10408726e+01 1.06049109e+01 1.11753864e+01 9.62921619e+00
    1.00656452e+01 9.29371452e+00 9.19338799e+00 1.14739103e+01
    1.01567030e+01 1.01121311e+01 1.02674303e+01 1.12051954e+01
    1.19606152e+01 1.13931036e+01 1.18831072e+01 1.31185875e+01
    1.17276669e+01 1.15696497e+01 1.30723181e+01 1.29105511e+01
    1.29791079e+01 1.14572411e+01 1.26381845e+01 1.28715744e+01
    1.17681150e+01 1.32799215e+01 1.25892830e+01 1.26512127e+01
    1.24100170e+01 1.24027004e+01 1.30668411e+01 1.17817888e+01
    1.17829390e+01 9.94787216e+00 1.01626768e+01 1.07339659e+01
    7.11651754e+00 7.94147730e+00 8.91178322e+00 1.13710518e+01
    1.04031410e+01 1.04845781e+01 1.06581631e+01 1.09022694e+01
    1.08641071e+01 1.17152462e+01 1.09441080e+01 1.22868290e+01
    1.23181877e+01 1.24918871e+01 1.19280005e+01 1.08016415e+01
    1.15055132e+01 1.27260809e+01 1.21419373e+01 1.16465693e+01
    1.16437254e+01 1.28671074e+01 1.24948483e+01 1.22902822e+01
    1.13812227e+01 1.23176613e+01 1.15742664e+01 1.19164934e+01
    1.11432095e+01 1.06182289e+01 1.21953535e+01 1.10067005e+01
    1.21274357e+01 1.10811567e+01 1.03167009e+01 1.11644573e+01
    9.68192673e+00 1.07753983e+01 1.36284409e+01 1.15722876e+01
    1.28249550e+01 1.37781200e+01 1.23045216e+01 1.17296152e+01
    1.25960236e+01 1.10349340e+01 1.09007149e+01 1.09190006e+01
    1.16143599e+01 1.08474436e+01 1.10005178e+01 1.10781374e+01
    1.11708393e+01 1.13991108e+01 9.75677967e+00 1.12303238e+01
    1.14372034e+01 1.16106539e+01 1.16898079e+01 1.27109108e+01
    1.29430151e+01 1.22892284e+01 1.20613317e+01 1.30779324e+01
    1.19848623e+01 1.11276970e+01 1.11682472e+01 1.11221104e+01
    1.13719845e+01 1.27616301e+01 1.15398407e+01 1.14946918e+01
    1.23821468e+01 1.20224791e+01 1.09365473e+01 1.16327944e+01
    1.17107105e+01 9.27026176e+00 1.13399858e+01 1.22497778e+01
    1.08772974e+01 1.13383684e+01 1.32736759e+01 1.34135056e+01
    1.24319382e+01 1.24351082e+01 1.26150608e+01 1.20414038e+01
    1.09079189e+01 1.12189932e+01 1.05003815e+01 1.01047287e+01
    1.11073875e+01 1.17798986e+01 1.04192705e+01 1.26070747e+01
    1.23352261e+01 1.11155224e+01 1.25376654e+01 1.21936302e+01
    1.27820911e+01 1.30739660e+01 1.21785336e+01 1.21631403e+01
    1.28257380e+01 1.33610191e+01 1.27710590e+01 1.34540510e+01
    1.24341917e+01 1.14117126e+01 1.25728321e+01 1.19039307e+01
    1.22187386e+01 1.32797289e+01 1.21821384e+01 1.20847635e+01
    1.25722027e+01 1.31783924e+01 1.26104479e+01 1.35561771e+01
    1.15564537e+01 1.16720495e+01 1.17508154e+01 1.21408138e+01
    1.29007950e+01 1.27321262e+01 1.23310204e+01 1.34163637e+01
    1.23917484e+01 1.27319469e+01 1.25367079e+01 1.34201698e+01
    1.24017143e+01 1.19417048e+01 1.18450565e+01 1.16377382e+01
    1.17369022e+01 1.26870975e+01 1.00436192e+01 1.21007833e+01
    1.27816257e+01 1.15011072e+01 1.24302187e+01 1.34016657e+01
    1.26808348e+01 1.31489716e+01 1.30939379e+01 1.16508932e+01
    1.31013288e+01 1.15423412e+01 1.08533707e+01 1.10884476e+01
    1.23228941e+01 1.31216173e+01 1.22445936e+01 1.29112616e+01
    1.15008955e+01 1.12052231e+01 1.25178814e+01 1.27750912e+01
    1.13273268e+01 1.16617289e+01 1.26297703e+01 1.18778849e+01
    1.25862303e+01 1.25249949e+01 1.14104662e+01 1.12233515e+01
    1.26095638e+01 1.24231205e+01 1.19900742e+01 1.04723959e+01
    1.15130310e+01 1.31826811e+01 1.20761442e+01 1.18339109e+01
    1.21304893e+01 1.21877670e+01 1.22068825e+01 1.34171143e+01
    1.41189461e+01 1.33927269e+01 1.16377134e+01 1.25442810e+01
    1.45703545e+01 1.30045748e+01 1.18853855e+01 1.29902086e+01
    1.38887901e+01 1.23457050e+01 1.23532534e+01 1.21005173e+01
    1.19055185e+01 1.07823935e+01 1.08507538e+01 1.06262388e+01
    1.04341164e+01 1.03158350e+01 1.10697336e+01 1.20691605e+01
    1.20431604e+01 1.27395372e+01 1.24097385e+01 1.30054493e+01
    1.37343826e+01 1.13943176e+01 1.06611280e+01 1.20645142e+01
    1.12246332e+01 1.06561832e+01 1.05050659e+01 1.13843307e+01
    1.10334301e+01 1.19038029e+01 1.10042706e+01 1.05712299e+01
    1.08780289e+01 9.90406322e+00 9.26479626e+00 9.38939571e+00
    8.51268387e+00 1.01372662e+01 9.98232460e+00 9.73079300e+00
    9.81784821e+00 1.03024359e+01 1.41876736e+01 1.22143803e+01
    1.24981785e+01 1.25885229e+01 1.33666773e+01 1.32882862e+01
    1.23711309e+01 1.22966413e+01 1.14976282e+01 1.13779039e+01
    1.17912588e+01 1.17130051e+01 1.29131336e+01 1.21592798e+01
    1.25564289e+01 1.15875349e+01 1.16962223e+01 1.21899815e+01
    1.27083731e+01 1.19853010e+01 1.16438904e+01 1.00385027e+01
    1.09276848e+01 1.17856636e+01 6.58776855e+00 7.51536560e+00
    9.50452042e+00 1.09189911e+01 9.24440765e+00 1.02146416e+01
    9.90225887e+00 1.07676172e+01 1.08764162e+01 1.10350075e+01
    1.13013134e+01 1.24080915e+01 1.26611300e+01 1.35077591e+01
    1.14792585e+01 1.09064503e+01 1.17340841e+01 1.14413681e+01
    1.20509214e+01 1.24525471e+01 1.11551666e+01 1.24483232e+01
    1.26749887e+01 1.24766340e+01 1.18558607e+01 1.13195066e+01
    1.04760132e+01 1.08861799e+01 1.32203388e+01 1.11496878e+01
    1.28890133e+01 1.25658255e+01 1.20946550e+01 1.28115416e+01
    1.10787477e+01 1.13980865e+01 1.11882505e+01 1.17201548e+01
    1.30361719e+01 1.20132513e+01 1.26812153e+01 1.34606609e+01
    1.32371950e+01 1.19372749e+01 1.10629587e+01 1.19711514e+01
    1.12063112e+01 1.14084520e+01 1.19533882e+01 1.17376184e+01
    1.13491306e+01 1.29554434e+01 1.10992823e+01 1.11414642e+01
    1.15320845e+01 1.06732283e+01 1.04069977e+01 1.07181959e+01
    1.09631729e+01 1.20988369e+01 1.31635246e+01 1.19274797e+01
    1.13806047e+01 1.37180080e+01 1.23991241e+01 1.10770512e+01
    1.19401913e+01 1.14390965e+01 1.15186987e+01 1.32698030e+01
    1.19960670e+01 1.25780201e+01 1.36021070e+01 1.31589823e+01
    1.38292446e+01 1.23177309e+01 1.09414377e+01 1.25632143e+01
    1.09601593e+01 1.00046825e+01 1.06413641e+01 1.05250072e+01
    1.02338476e+01 1.23075953e+01 1.13470831e+01 1.07284136e+01
    1.21855917e+01 1.18868418e+01 1.12301197e+01 1.17437334e+01
    1.10282211e+01 1.11834497e+01 1.15325975e+01 1.08648472e+01
    1.17588139e+01 1.18372202e+01 1.20835457e+01 1.18165522e+01
    1.21460266e+01 1.26814089e+01 1.37099581e+01 1.21160870e+01
    1.24281311e+01 1.31271420e+01 1.24692345e+01 1.33589420e+01
    1.30122471e+01 1.28434401e+01 1.28869343e+01 1.35423336e+01
    1.32764664e+01 1.24312487e+01 1.16705761e+01 1.24170227e+01
    1.19450455e+01 1.13219652e+01 1.06605558e+01 1.20852451e+01
    1.25077066e+01 1.25164165e+01 1.16591377e+01 1.20836229e+01
    1.26382322e+01 1.09300776e+01 1.32884321e+01 1.25526514e+01
    1.19148388e+01 1.27405615e+01 1.18392134e+01 1.23276691e+01
    1.34610567e+01 1.22580862e+01 1.23352022e+01 1.08522978e+01
    1.03054876e+01 1.08714390e+01 1.13653584e+01 1.09185495e+01
    1.04127636e+01 1.11890402e+01 1.18989735e+01 1.17483377e+01
    1.29070673e+01 1.23878422e+01 1.32317934e+01 1.33285160e+01
    1.20525761e+01 1.15239773e+01 1.17863464e+01 1.17231379e+01
    1.08040333e+01 1.09043961e+01 1.10409117e+01 1.17005520e+01
    1.11636992e+01 1.24240379e+01 1.12356319e+01 1.30973120e+01
    1.35570116e+01 1.21011391e+01 1.36267023e+01 1.14422359e+01
    1.16340275e+01 1.17669344e+01 1.28282738e+01 1.08280134e+01
    1.14986773e+01 1.05141497e+01 1.01232042e+01 1.16289349e+01
    1.22178831e+01 1.09187994e+01 1.09888144e+01 1.23848810e+01
    1.19133043e+01 1.23502235e+01 1.20841398e+01 1.16409311e+01
    1.24481688e+01 1.24177971e+01 1.29605255e+01 1.24449224e+01
    1.08656263e+01 1.11286116e+01 1.27013779e+01 1.13226767e+01
    1.20615072e+01 1.15965023e+01 1.17514200e+01 1.25338936e+01
    1.17549372e+01 1.12098103e+01 1.23311052e+01 1.13174639e+01
    8.80600071e+00 1.15559959e+01 1.04892635e+01 1.10435333e+01
    1.19433632e+01 1.28215075e+01 1.29472532e+01 1.35346556e+01
    1.35094767e+01 1.28056536e+01 1.22982244e+01 1.37071733e+01
    1.10756884e+01 1.17429848e+01 1.18207617e+01 1.05203857e+01
    1.14323978e+01 1.22040482e+01 1.23464117e+01 1.17669239e+01
    1.08474607e+01 1.02843752e+01 1.04718723e+01 8.67513561e+00
    8.46438789e+00 8.81719685e+00 9.02512836e+00 9.76869965e+00
    1.01179419e+01 1.06513939e+01 1.05772505e+01 1.06123314e+01
    1.28722801e+01 1.24041252e+01 1.19520817e+01 1.29092245e+01
    1.31379099e+01 1.28289070e+01 1.32860737e+01 1.11675549e+01
    1.13387413e+01 1.25275002e+01 1.10958605e+01 1.21078176e+01
    1.35484495e+01 1.06633892e+01 1.22732382e+01 1.25084743e+01
    1.25596380e+01 1.33018265e+01 1.15373240e+01 1.14819078e+01
    1.26406221e+01 1.10927677e+01 1.03904514e+01 1.17124472e+01
    7.80733395e+00 7.90084648e+00 1.06065178e+01 1.15733137e+01
    1.04505348e+01 1.11473694e+01 1.00400152e+01 1.14098549e+01
    1.08148956e+01 1.03742046e+01 1.26311302e+01 1.17765884e+01
    1.23586111e+01 1.30121899e+01 1.18255816e+01 1.08655624e+01
    1.01688318e+01 1.08381548e+01 1.12751760e+01 1.20771999e+01
    1.05011549e+01 1.16469641e+01 1.20621510e+01 1.11206961e+01
    1.16910439e+01 1.14043770e+01 1.03074617e+01 1.10852861e+01
    1.16536131e+01 1.02935085e+01 1.12387762e+01 1.20307169e+01
    1.19805603e+01 1.29172068e+01 1.10989046e+01 1.10962067e+01
    1.17284365e+01 1.18846941e+01 1.21141586e+01 1.19307585e+01
    1.15453444e+01 1.24079475e+01 1.23358746e+01 1.17331667e+01
    1.15886812e+01 1.14023895e+01 1.18494606e+01 1.01976137e+01
    1.12951126e+01 1.07659454e+01 1.13530407e+01 1.11625061e+01
    1.10969057e+01 1.07399502e+01 1.02728987e+01 9.80163288e+00
    9.58435154e+00 1.05222473e+01 1.03966427e+01 1.13900261e+01
    1.18939323e+01 1.24294376e+01 1.10330458e+01 1.28820553e+01
    1.30148678e+01 1.29086733e+01 1.27700691e+01 1.15136414e+01
    1.19977207e+01 1.26734123e+01 1.29036140e+01 1.29430857e+01
    1.26945934e+01 1.21613855e+01 1.25671091e+01 1.12349854e+01
    1.11471186e+01 1.31537066e+01 1.17350683e+01 1.22871323e+01
    1.17258892e+01 1.16251287e+01 1.26004066e+01 1.29636536e+01
    1.09646893e+01 1.11273260e+01 1.24950953e+01 1.04611158e+01
    1.03201160e+01 1.17321911e+01 1.16976423e+01 1.11372471e+01
    1.16509380e+01 1.17832680e+01 1.29309759e+01 1.27899017e+01
    1.25594110e+01 1.22210226e+01 1.13556271e+01 1.17896929e+01
    1.24934673e+01 1.10659103e+01 1.12956314e+01 1.19699469e+01
    1.07428026e+01 1.16261930e+01 1.31098614e+01 1.05158825e+01
    1.21113348e+01 1.18075771e+01 1.09848833e+01 1.18272972e+01
    1.09248571e+01 1.14777880e+01 1.19201546e+01 1.15181284e+01
    1.19561148e+01 1.18435955e+01 1.18563223e+01 1.22119112e+01
    1.26858187e+01 1.27206774e+01 1.17789316e+01 1.29889393e+01
    1.26987219e+01 1.19584131e+01 1.33623285e+01 1.25491600e+01
    1.11108809e+01 1.36710062e+01 1.17944889e+01 1.15951729e+01
    1.09788637e+01 1.03691702e+01 9.42753315e+00 1.05860825e+01
    9.45453835e+00 1.04839525e+01 1.04650984e+01 1.12404461e+01
    1.16947060e+01 1.21475611e+01 1.35409698e+01 1.30529413e+01
    1.34966269e+01 1.30349140e+01 1.35747261e+01 1.23895445e+01
    1.27139292e+01 1.28763285e+01 1.28189983e+01 1.21792498e+01
    1.14960117e+01 1.21078835e+01 1.41891832e+01 1.14494390e+01
    1.24432611e+01 1.25672569e+01 1.12120037e+01 1.12294016e+01
    1.26615839e+01 1.04876928e+01 1.07076998e+01 1.08155003e+01
    1.23102703e+01 1.08776321e+01 9.33628368e+00 1.04054537e+01
    1.17833090e+01 1.06616583e+01 1.25826912e+01 1.13270245e+01
    1.08873806e+01 1.27851562e+01 1.20708523e+01 1.26507616e+01
    1.30941935e+01 1.30299788e+01 1.23403912e+01 1.11600285e+01
    1.41694040e+01 1.34929333e+01 1.16529140e+01 1.08867769e+01
    1.12451935e+01 1.15094509e+01 1.09761906e+01 1.16124239e+01
    1.09976044e+01 1.24043074e+01 1.11839027e+01 1.20566826e+01
    1.19941111e+01 1.01648645e+01 1.05799255e+01 1.00721798e+01
    9.95258617e+00 1.00625019e+01 1.08373919e+01 1.16039162e+01
    1.13975000e+01 1.28309078e+01 1.35898829e+01 1.27888412e+01
    1.29118195e+01 1.42370567e+01 1.18352251e+01 1.03135223e+01
    1.10301046e+01 1.01384411e+01 1.07607508e+01 1.15406818e+01
    1.20711641e+01 1.26858501e+01 1.11003790e+01 1.09067383e+01
    1.22131147e+01 1.01863604e+01 8.05708790e+00 8.39629841e+00
    9.42295551e+00 9.77445889e+00 8.53328133e+00 9.45672798e+00
    1.16522827e+01 1.06445971e+01 1.21924992e+01 1.39741049e+01
    1.21371222e+01 1.32886505e+01 1.34802637e+01 1.31611156e+01
    1.23461342e+01 1.17887621e+01 1.15549803e+01 1.06964474e+01
    1.17469921e+01 1.35393476e+01 1.27543831e+01 1.12988720e+01
    1.15352716e+01 1.15285225e+01 1.18472319e+01 1.32964354e+01
    1.04908133e+01 9.97633457e+00 1.26647711e+01 1.23673782e+01
    1.07646475e+01 1.17053375e+01 7.06282234e+00 8.01555061e+00
    1.00261993e+01 1.18064575e+01 1.11809206e+01 1.13539362e+01
    1.03801165e+01 1.06693048e+01 1.05725641e+01 1.11176329e+01
    1.23045549e+01 1.27897415e+01 1.21959734e+01 1.33598480e+01
    1.17595177e+01 1.19946499e+01 1.30892229e+01 1.13914156e+01
    1.11257448e+01 1.30996485e+01 1.24414997e+01 1.09087868e+01
    1.22567587e+01 1.20218306e+01 1.24214468e+01 1.06708517e+01
    1.08818035e+01 1.06857843e+01 9.72593403e+00 9.97788811e+00
    1.00623817e+01 1.16942816e+01 1.10853910e+01 1.09581432e+01
    1.28742933e+01 1.05305700e+01 1.09870405e+01 1.31745758e+01
    1.15618916e+01 1.15614567e+01 1.21543455e+01 1.19183264e+01
    1.25022449e+01 1.20409708e+01 1.13313847e+01 1.20311079e+01
    1.24834652e+01 1.12912655e+01 1.14869261e+01 1.19222975e+01
    1.20299063e+01 1.17396421e+01 1.09411554e+01 1.01499319e+01
    9.72515392e+00 1.05977459e+01 9.45884228e+00 1.02638788e+01
    1.06047640e+01 1.14083347e+01 1.15501537e+01 1.18262053e+01
    1.09350595e+01 1.25963650e+01 1.19861412e+01 1.28821106e+01
    1.03413353e+01 1.02621555e+01 1.28606405e+01 1.31070175e+01
    1.17251616e+01 1.30135899e+01 1.22178373e+01 1.24041901e+01
    1.28077106e+01 1.16347847e+01 1.12179136e+01 1.22143803e+01
    1.08087521e+01 1.04542713e+01 9.68447590e+00 1.11151037e+01
    1.20271444e+01 1.25223913e+01 1.15758820e+01 1.07346563e+01
    1.24192724e+01 1.14358120e+01 1.05643063e+01 1.06619186e+01
    1.03177938e+01 1.13492498e+01 1.15929022e+01 1.11379232e+01
    1.17014065e+01 1.18015261e+01 1.07039623e+01 1.25655460e+01
    1.04810801e+01 1.15424023e+01 1.23656645e+01 1.12804432e+01
    1.24201832e+01 1.09422560e+01 1.03705225e+01 1.19900761e+01
    1.21845646e+01 1.10540123e+01 1.16478672e+01 1.15319738e+01
    1.18105936e+01 1.26587677e+01 1.27277813e+01 1.16318607e+01
    1.08953304e+01 1.12286282e+01 1.15365696e+01 1.11960669e+01
    1.15149908e+01 1.18820944e+01 1.26354465e+01 1.19332781e+01
    1.26487417e+01 1.32828932e+01 1.32659025e+01 1.39792423e+01
    1.40376110e+01 1.29230537e+01 1.26710930e+01 1.28067303e+01
    1.19174328e+01 1.22998543e+01 1.21487513e+01 1.13053331e+01
    1.02858839e+01 1.09886541e+01 1.08495188e+01 1.01056061e+01
    1.13374462e+01 1.09545498e+01 1.00519571e+01 1.11460505e+01
    1.32909727e+01 1.29073524e+01 1.41243649e+01 1.29019480e+01
    1.28714533e+01 1.29865875e+01 1.15743361e+01 1.18295374e+01
    1.23252840e+01 1.17564602e+01 1.35328417e+01 1.24910965e+01
    1.29528456e+01 1.32149725e+01 1.30665226e+01 1.29892492e+01
    1.37730942e+01 1.25412750e+01 1.24049330e+01 1.27772903e+01
    1.01699038e+01 1.05668974e+01 1.28685179e+01 1.17299614e+01
    9.90299129e+00 1.10306692e+01 1.17584457e+01 1.24675274e+01
    1.26065760e+01 1.13045654e+01 1.11171408e+01 1.21849394e+01
    1.29109421e+01 1.20998344e+01 1.28056812e+01 1.26482058e+01
    1.16515608e+01 1.45797949e+01 1.35640593e+01 1.25381165e+01
    1.18683777e+01 1.32225542e+01 1.17500134e+01 1.15599146e+01
    1.18227654e+01 1.22188005e+01 1.13802767e+01 1.21842194e+01
    1.20061102e+01 1.13487530e+01 1.23743010e+01 1.14666491e+01
    1.20151196e+01 1.23022747e+01 1.16544313e+01 1.08349895e+01
    1.14001741e+01 1.22866220e+01 1.26919613e+01 1.25387630e+01
    1.12203732e+01 1.12968121e+01 1.26208038e+01 1.20607452e+01
    1.21603413e+01 9.80016518e+00 1.05556564e+01 9.79772472e+00
    1.02033968e+01 1.10004482e+01 1.09453764e+01 1.04552097e+01
    1.00648575e+01 1.05428572e+01 1.09134054e+01 1.04025698e+01
    8.81745911e+00 8.74799252e+00 1.02582588e+01 1.02953243e+01
    9.52140045e+00 8.97121143e+00 1.07119780e+01 1.15385771e+01
    1.10909367e+01 1.11259384e+01 1.33754883e+01 1.30108643e+01
    1.19293480e+01 1.28387833e+01 1.32399673e+01 1.09053001e+01
    1.14538803e+01 1.18082714e+01 1.17162676e+01 1.31147041e+01
    1.25536299e+01 1.21681013e+01 1.14840069e+01 1.14302282e+01
    1.16696558e+01 1.17496567e+01 1.19126701e+01 1.02774687e+01
    1.12676334e+01 1.15334597e+01 1.17651491e+01 1.15116978e+01
    6.83968973e+00 8.56204796e+00 9.31339645e+00 1.07596159e+01
    1.03670120e+01 9.63844585e+00 1.00305786e+01 1.04658117e+01
    1.10593243e+01 9.68356037e+00 1.10181341e+01 1.24797125e+01
    1.25229721e+01 1.18074636e+01 1.19305773e+01 1.22929935e+01
    1.19898338e+01 1.06950455e+01 1.16672039e+01 1.09618979e+01
    1.06804848e+01 1.15316916e+01 1.15195341e+01 1.11750326e+01
    1.09580784e+01 1.09092245e+01 1.01197309e+01 1.25026264e+01
    1.08898573e+01 1.07799683e+01 1.20898495e+01 1.20050373e+01
    1.19035521e+01 1.31234980e+01 1.19175892e+01 1.05558395e+01
    1.22977619e+01 1.21371975e+01 1.10765142e+01 1.24249830e+01
    1.21511717e+01 1.13941965e+01 1.24723816e+01 1.27563171e+01
    1.18486414e+01 1.28431110e+01 1.14639864e+01 1.28529034e+01
    1.16471739e+01 1.09130955e+01 1.22389994e+01 1.20018730e+01
    1.07314148e+01 1.00472555e+01 1.00090532e+01 9.98795986e+00
    1.04645824e+01 9.08170319e+00 9.47740555e+00 1.14057865e+01
    1.26378193e+01 1.12000132e+01 1.05278082e+01 1.18365126e+01
    1.24531832e+01 1.26064949e+01 1.18015671e+01 1.03240547e+01
    1.27366419e+01 1.34789467e+01 1.23105488e+01 1.27551641e+01
    1.25131292e+01 1.29566040e+01 1.35735226e+01 1.20689650e+01
    1.18448400e+01 1.21756220e+01 1.17249146e+01 1.14334726e+01
    1.07280970e+01 9.88644409e+00 1.19599428e+01 1.10003662e+01
    1.05922661e+01 9.66999149e+00 1.15537491e+01 1.02893276e+01
    1.08123064e+01 1.02960958e+01 1.04971666e+01 1.09959383e+01
    1.08825884e+01 1.13664398e+01 1.21222544e+01 1.27109098e+01
    1.27196941e+01 1.20453148e+01 1.14805593e+01 1.25272799e+01
    1.20237284e+01 1.19344091e+01 1.16443892e+01 1.10660353e+01
    1.28442650e+01 1.25489473e+01 1.23097458e+01 1.09945545e+01
    1.21011715e+01 1.21351585e+01 1.21226835e+01 1.23449860e+01
    1.15997677e+01 1.18847837e+01 1.11622810e+01 1.09172440e+01
    1.17424850e+01 1.22257357e+01 1.08037310e+01 1.04189444e+01
    1.22309361e+01 1.38354702e+01 1.10223703e+01 1.25536175e+01
    1.34871635e+01 1.32706928e+01 1.21872015e+01 1.27064772e+01
    1.32876596e+01 1.28783255e+01 1.13231668e+01 1.16862211e+01
    1.20508690e+01 1.08749437e+01 9.87387276e+00 1.14642572e+01
    1.08232794e+01 1.18143883e+01 1.19280281e+01 1.15488615e+01
    1.12621555e+01 1.34804449e+01 1.31257277e+01 1.36698580e+01
    1.29060183e+01 1.31950321e+01 1.32155867e+01 1.17860556e+01
    1.25743780e+01 1.13367901e+01 1.10723000e+01 1.05169220e+01
    1.23358202e+01 1.07744980e+01 1.18692827e+01 1.24764681e+01
    1.31003075e+01 1.45050659e+01 1.25655184e+01 1.14040022e+01
    1.29644051e+01 1.18700342e+01 1.00574102e+01 1.26745110e+01
    1.04740858e+01 1.05355873e+01 1.20238228e+01 9.04489422e+00
    1.10915346e+01 1.24588423e+01 1.22039356e+01 1.21436157e+01
    1.12514677e+01 1.21289530e+01 1.25289164e+01 1.15339375e+01
    1.26937313e+01 1.19742575e+01 1.11368933e+01 1.22151203e+01
    1.34343281e+01 1.12151661e+01 1.12877836e+01 1.25487022e+01
    1.22000618e+01 1.04043684e+01 1.11343842e+01 1.14489489e+01
    1.16273031e+01 1.27367601e+01 1.23397970e+01 1.21094303e+01
    1.27937918e+01 1.13079576e+01 1.27843771e+01 1.35691280e+01
    1.19287386e+01 1.15148783e+01 1.19698362e+01 1.24374628e+01
    1.36417379e+01 1.23497992e+01 1.23950253e+01 1.10708227e+01
    1.19728327e+01 1.23288012e+01 1.20156965e+01 1.16848097e+01
    1.03407669e+01 1.05484133e+01 1.07757311e+01 1.12765026e+01
    1.12926445e+01 1.03897495e+01 1.00491104e+01 9.60440350e+00
    9.53869820e+00 1.06934605e+01 8.42836285e+00 8.86410046e+00
    9.36788654e+00 1.01409378e+01 1.08761921e+01 1.05998669e+01
    1.05179043e+01 1.21305790e+01 1.26472836e+01 1.23400383e+01
    1.30257702e+01 1.17966909e+01 1.33830395e+01 1.27860212e+01
    1.20844946e+01 1.16970940e+01 1.20965776e+01 1.16266727e+01
    1.13385477e+01 1.16120100e+01 1.22415743e+01 1.14273481e+01
    1.14525747e+01 1.24856663e+01 1.24736023e+01 1.18074074e+01
    1.21515684e+01 1.04161596e+01 1.15801821e+01 1.16267691e+01
    1.12966070e+01 1.06974163e+01 6.24469662e+00 7.55967236e+00
    9.40092182e+00 1.06481867e+01 1.17358274e+01 1.07056408e+01
    1.15806961e+01 1.10515814e+01 1.01322145e+01 1.13132076e+01
    1.20402431e+01 1.36643152e+01 1.17780085e+01 1.25150537e+01
    1.32853870e+01 1.18418922e+01 1.15255098e+01 1.18408480e+01
    1.11710472e+01 1.09749975e+01 1.01193695e+01 1.14112673e+01
    1.08905020e+01 1.16025486e+01 1.01414871e+01 1.03211861e+01
    1.08439760e+01 1.13696547e+01 1.05783777e+01 9.58940315e+00
    1.15879917e+01 1.12501707e+01 1.17232008e+01 1.25148954e+01
    1.12749958e+01 1.15727768e+01 1.23935165e+01 1.20805826e+01
    1.14322233e+01 1.11762028e+01 1.17251863e+01 1.20167389e+01
    1.17247953e+01 1.08832140e+01 1.13222265e+01 1.33228016e+01
    1.05730200e+01 1.19235430e+01 1.22523403e+01 1.13337240e+01
    1.26324720e+01 1.26942120e+01 1.12493038e+01 1.07585135e+01
    1.08728151e+01 1.04725914e+01 9.08890057e+00 9.92671013e+00
    1.08194904e+01 1.07336073e+01 1.17891989e+01 1.18554707e+01
    1.13388433e+01 1.29329386e+01 1.29451265e+01 1.33149290e+01
    1.29150038e+01 1.17104874e+01 1.21090765e+01 1.48704967e+01
    1.24346828e+01 1.34874287e+01 1.25702171e+01 1.17200098e+01
    1.24673166e+01 1.23957214e+01 1.19647846e+01 1.22399101e+01
    1.12349901e+01 1.12536249e+01 1.16697197e+01 1.03897648e+01
    1.12576895e+01 1.03427792e+01 1.04780169e+01 1.10115128e+01
    9.84224033e+00 1.12633228e+01 1.14271984e+01 1.05133638e+01
    1.12400675e+01 1.12117777e+01 1.11075859e+01 1.16341944e+01
    1.16573954e+01 1.19523315e+01 1.27460003e+01 1.14121361e+01
    1.10617847e+01 1.27235069e+01 1.16117249e+01 1.29779367e+01
    1.22646637e+01 1.15790195e+01 1.17644005e+01 1.25755472e+01
    1.21178150e+01 1.10551090e+01 1.14782810e+01 1.04353409e+01
    1.14040689e+01 1.28577890e+01 1.12282085e+01 1.17960157e+01
    1.10648746e+01 1.25370893e+01 1.21025782e+01 1.13927889e+01
    1.14197721e+01 1.25475197e+01 1.25081682e+01 1.25764036e+01
    1.27953482e+01 1.26680145e+01 1.31401091e+01 1.28514452e+01
    1.26958961e+01 1.17580299e+01 1.32304935e+01 1.23075323e+01
    1.27398996e+01 1.16685705e+01 1.17362938e+01 1.14524899e+01
    1.06935015e+01 1.09012470e+01 1.12265034e+01 1.08702374e+01
    1.13557177e+01 1.18567934e+01 1.14666786e+01 1.10485487e+01
    1.27832747e+01 1.41095963e+01 1.30674706e+01 1.25152807e+01
    1.27763062e+01 1.17384853e+01 1.36334381e+01 1.10441151e+01
    1.04627647e+01 1.22170601e+01 1.05325041e+01 1.21477413e+01
    1.18499327e+01 1.17462864e+01 1.39094763e+01 1.31530933e+01
    1.36130219e+01 1.40922365e+01 1.37375717e+01 1.23373661e+01
    1.20568542e+01 1.09012489e+01 1.09034901e+01 1.08425951e+01
    1.09302340e+01 9.54127312e+00 1.13864927e+01 1.23498631e+01
    1.14099894e+01 1.12826815e+01 1.20338097e+01 1.27152643e+01
    1.30360813e+01 1.23555098e+01 1.28683062e+01 1.30033970e+01
    1.17816677e+01 1.19354763e+01 1.31281767e+01 1.21723547e+01
    1.18131847e+01 1.07131023e+01 1.11730795e+01 1.21474762e+01
    1.26866617e+01 1.20436554e+01 1.32087679e+01 1.17320566e+01
    1.41350794e+01 1.37525234e+01 1.23173409e+01 1.16622305e+01
    1.38978453e+01 1.34146700e+01 1.29351902e+01 1.19017153e+01
    1.15407591e+01 1.22967176e+01 1.41042747e+01 1.27877913e+01
    1.05042439e+01 1.11662655e+01 1.26338634e+01 1.18738461e+01
    1.11612921e+01 1.09657593e+01 1.08789654e+01 9.32178783e+00
    1.04289055e+01 1.16919575e+01 1.08102217e+01 1.08527536e+01
    1.06178894e+01 1.08628273e+01 1.07928553e+01 1.02325335e+01
    9.27012157e+00 9.58692837e+00 9.70037746e+00 9.56917381e+00
    1.09795074e+01 1.12537985e+01 1.06286449e+01 1.13229809e+01
    1.18637829e+01 1.32606163e+01 1.18241034e+01 1.23262272e+01
    1.23308516e+01 1.20561419e+01 1.19583530e+01 1.14259777e+01
    1.15698547e+01 1.06420937e+01 1.14836588e+01 1.15536461e+01
    1.21594572e+01 1.02400322e+01 1.10774574e+01 1.16164274e+01
    1.09879732e+01 1.05927315e+01 1.03422279e+01 1.07578239e+01
    1.14352570e+01 1.21920357e+01 1.23684101e+01 1.06788549e+01
    7.38991356e+00 9.20260715e+00 1.05524530e+01 1.18329077e+01
    1.20266094e+01 1.12633533e+01 1.18691807e+01 1.11443138e+01
    1.07666407e+01 1.18063040e+01 1.33431911e+01 1.24115543e+01
    1.31553879e+01 1.17131748e+01 1.30244141e+01 1.22152939e+01
    1.14840231e+01 1.11215687e+01 1.01811581e+01 1.11162148e+01
    9.57343006e+00 1.11053085e+01 1.10128870e+01 1.07901993e+01
    1.14374132e+01 1.07929125e+01 1.05710278e+01 1.17258844e+01
    1.13303699e+01 9.75989628e+00 1.11324310e+01 1.23542261e+01
    1.12228842e+01 1.26619415e+01 1.16067600e+01 1.03977308e+01
    1.35555601e+01 1.07437563e+01 1.10150614e+01 1.23513346e+01
    1.07584229e+01 1.12118406e+01 1.20826473e+01 1.20881596e+01
    1.14076185e+01 1.29088259e+01 1.24983501e+01 1.26540594e+01
    1.11472664e+01 9.77824211e+00 1.22834978e+01 1.25981331e+01
    1.01705198e+01 9.75589466e+00 1.07453671e+01 1.12374449e+01
    9.28460598e+00 9.42541695e+00 1.10355778e+01 1.17016029e+01
    1.29440899e+01 1.13289194e+01 1.25210037e+01 1.32695827e+01
    1.39552898e+01 1.33099432e+01 1.26758814e+01 1.19329634e+01
    1.18963089e+01 1.22935390e+01 1.25222330e+01 1.18859892e+01
    1.04724874e+01 1.15298910e+01 1.18889952e+01 1.07239361e+01
    1.07390375e+01 1.22198172e+01 1.01334457e+01 9.99343491e+00
    1.15365601e+01 1.16191587e+01 1.03876362e+01 1.06485691e+01
    9.98224449e+00 1.10255995e+01 9.46821308e+00 1.01766481e+01
    1.10200968e+01 1.06560135e+01 1.10430441e+01 1.06191092e+01
    1.16648388e+01 1.18019295e+01 1.23132591e+01 1.16504974e+01
    1.29207020e+01 1.24439106e+01 1.18514566e+01 1.29238644e+01
    1.28778572e+01 1.29036207e+01 1.29014568e+01 1.20018692e+01
    1.13624153e+01 1.20956745e+01 1.16001654e+01 1.12096424e+01
    1.10487137e+01 1.06177721e+01 1.13308992e+01 1.22507420e+01
    1.12559128e+01 1.08474741e+01 1.20823507e+01 1.18279409e+01
    1.22599621e+01 1.06341915e+01 1.20080910e+01 1.15035286e+01
    1.23221102e+01 1.25285158e+01 1.34210396e+01 1.30507755e+01
    1.34739428e+01 1.41092539e+01 1.27310925e+01 1.32018108e+01
    1.20700960e+01 1.22120552e+01 1.21940107e+01 1.23878775e+01
    1.08431854e+01 1.09770117e+01 1.16708279e+01 1.17831926e+01
    1.08783846e+01 1.24242945e+01 1.24912176e+01 1.18141956e+01
    1.10021029e+01 1.10044250e+01 1.29753094e+01 1.27968340e+01
    1.21505213e+01 1.12356424e+01 1.20686703e+01 1.09771271e+01
    1.39641151e+01 1.10726442e+01 1.10305948e+01 1.13370600e+01
    1.10481434e+01 1.20438061e+01 1.30235529e+01 1.26975574e+01
    1.45193958e+01 1.40774517e+01 1.40046711e+01 1.37536869e+01
    1.34176302e+01 1.27215137e+01 1.12924786e+01 1.26596346e+01
    1.27345152e+01 1.22317972e+01 1.14650240e+01 1.12147684e+01
    1.04547958e+01 1.31250801e+01 1.22614145e+01 1.18845062e+01
    1.01477079e+01 1.11052036e+01 1.28860846e+01 1.09185963e+01
    1.12911434e+01 1.15730858e+01 1.19231853e+01 1.13718481e+01
    1.12409096e+01 1.15619364e+01 1.15178814e+01 1.05364151e+01
    1.04410620e+01 1.14927197e+01 1.20737371e+01 1.16444483e+01
    1.22949152e+01 1.18463011e+01 1.30807142e+01 1.40958376e+01
    1.32017708e+01 1.22553101e+01 1.38467216e+01 1.56243629e+01
    1.32516737e+01 1.18895931e+01 1.31358795e+01 1.20386915e+01
    1.40676413e+01 1.25267467e+01 1.05313740e+01 1.04406900e+01
    1.21989584e+01 1.34531021e+01 1.25736208e+01 1.10304356e+01
    1.08674355e+01 1.13041201e+01 1.16483078e+01 1.04840851e+01
    1.01479282e+01 1.17594748e+01 8.49952030e+00 1.04241228e+01
    1.14131021e+01 9.36635303e+00 9.06119728e+00 1.14765892e+01
    9.89612865e+00 9.67350674e+00 1.06217079e+01 1.14301767e+01
    1.14332438e+01 1.03428249e+01 1.14463711e+01 1.25788956e+01
    1.23922806e+01 1.07977533e+01 1.26516924e+01 1.21066504e+01
    1.02638292e+01 1.16703186e+01 1.17340860e+01 1.19740477e+01
    1.14553328e+01 1.18462944e+01 1.16124020e+01 1.16694431e+01
    1.15781584e+01 1.15450287e+01 1.13192434e+01 1.11185722e+01
    9.36814404e+00 1.03706226e+01 1.14973211e+01 1.12242374e+01
    9.87831783e+00 1.14617615e+01 6.70039654e+00 7.03702259e+00
    9.56910992e+00 1.11953287e+01 1.21060534e+01 1.25119877e+01
    1.24242287e+01 1.16463547e+01 1.19875917e+01 1.22359543e+01
    1.29363222e+01 1.14047709e+01 1.22185631e+01 1.24317703e+01
    1.30248461e+01 1.16099939e+01 1.03109694e+01 1.12971144e+01
    9.40309143e+00 9.53297710e+00 1.07462225e+01 1.01506357e+01
    1.06147175e+01 9.41200638e+00 1.18032503e+01 1.13732414e+01
    1.18620634e+01 1.21512499e+01 1.12471972e+01 1.08971920e+01
    1.28671265e+01 1.27077045e+01 1.23360720e+01 1.27263765e+01
    1.17962294e+01 1.12116203e+01 1.34592485e+01 1.17402744e+01
    1.14492579e+01 1.20934973e+01 1.05502052e+01 1.06886396e+01
    1.28327808e+01 1.07307873e+01 1.16906729e+01 1.29083128e+01
    1.10834808e+01 1.14208860e+01 1.02983913e+01 1.12531815e+01
    1.17690592e+01 1.26549902e+01 1.10890455e+01 1.09385614e+01
    1.06016912e+01 1.12121468e+01 1.01193504e+01 1.00088797e+01
    1.06637716e+01 9.75334454e+00 1.33424692e+01 1.18144464e+01
    1.06103392e+01 1.30128450e+01 1.28119488e+01 1.33941259e+01
    1.30407019e+01 1.23630533e+01 1.25185957e+01 1.23868637e+01
    1.32642717e+01 1.32524347e+01 1.21374922e+01 1.16964836e+01
    1.17854137e+01 1.14303608e+01 1.00927429e+01 1.08390188e+01
    1.11077509e+01 9.64674473e+00 9.60624504e+00 1.04972620e+01
    1.13744974e+01 1.03441401e+01 1.02397699e+01 1.15650816e+01
    1.04851398e+01 1.08718100e+01 1.05515795e+01 1.05641308e+01
    1.11212034e+01 1.11973448e+01 1.13252192e+01 1.18799734e+01
    1.27203465e+01 1.23968468e+01 1.32491188e+01 1.21944599e+01
    1.19049549e+01 1.28287945e+01 1.34309702e+01 1.15907526e+01
    1.20659409e+01 1.29157715e+01 1.19567404e+01 1.24233751e+01
    1.20878630e+01 9.69550610e+00 1.03913479e+01 1.01015158e+01
    1.23865728e+01 1.24491844e+01 1.12486858e+01 1.06108541e+01
    1.27538157e+01 1.27221632e+01 1.17038040e+01 1.05407629e+01
    1.12283630e+01 1.17254734e+01 1.24467926e+01 1.27357979e+01
    1.21710567e+01 1.31518927e+01 1.32869434e+01 1.23253517e+01
    1.26932220e+01 1.31396437e+01 1.12197914e+01 1.18921204e+01
    1.13986435e+01 1.17064667e+01 1.08526831e+01 1.08977041e+01
    1.07888508e+01 1.22142115e+01 1.15861034e+01 1.26175823e+01
    1.27845135e+01 1.19150257e+01 1.21482363e+01 1.28645096e+01
    1.24609022e+01 1.26433849e+01 1.17983980e+01 1.17124624e+01
    1.31309738e+01 1.18148890e+01 1.05239887e+01 1.10228395e+01
    1.11343145e+01 9.92426491e+00 1.08378630e+01 1.09588442e+01
    1.32972012e+01 1.21437654e+01 1.34593325e+01 1.30354004e+01
    1.36981907e+01 1.45463495e+01 1.30709248e+01 1.29179707e+01
    1.19468918e+01 1.22128019e+01 1.14144287e+01 1.13601866e+01
    1.06096153e+01 1.05435162e+01 1.18908987e+01 1.26220932e+01
    1.24006491e+01 1.18525362e+01 1.00786266e+01 1.19345503e+01
    1.20351124e+01 1.15672140e+01 1.18843069e+01 9.67507935e+00
    1.15736961e+01 1.12728901e+01 1.03053207e+01 1.03489332e+01
    1.06582050e+01 1.00266323e+01 9.48684311e+00 8.99644756e+00
    1.11221333e+01 1.10570583e+01 1.15950089e+01 1.21284380e+01
    1.27659349e+01 1.28012457e+01 1.41318874e+01 1.24638453e+01
    1.47165985e+01 1.49597054e+01 1.34258661e+01 1.39910145e+01
    1.28641443e+01 1.27792149e+01 1.40228624e+01 1.28945713e+01
    1.04258013e+01 1.10916586e+01 1.16708860e+01 1.27329330e+01
    1.28818502e+01 1.10113564e+01 1.10132198e+01 1.27173805e+01
    1.18684330e+01 1.05189314e+01 1.14993439e+01 1.10747633e+01
    1.04362764e+01 1.11627712e+01 1.01118021e+01 1.00161333e+01
    1.05653591e+01 9.85828304e+00 9.87770844e+00 9.27361107e+00
    1.02171650e+01 1.02805748e+01 1.17368011e+01 1.11494741e+01
    1.03432255e+01 1.31988125e+01 1.27373323e+01 1.25255775e+01
    1.25966864e+01 1.10265551e+01 1.18487692e+01 1.22736721e+01
    1.11094704e+01 1.21908808e+01 1.21821299e+01 9.84937000e+00
    1.09916010e+01 1.29079580e+01 1.15790749e+01 1.09967899e+01
    1.09766254e+01 1.18284760e+01 9.92080784e+00 9.44325733e+00
    1.19387484e+01 1.18158083e+01 1.06507998e+01 1.10488300e+01
    6.01885700e+00 7.60470676e+00 8.87726784e+00 1.00208912e+01
    1.34268503e+01 1.09806480e+01 1.14177008e+01 1.14445953e+01
    1.12404633e+01 1.25901413e+01 1.23309526e+01 1.20338964e+01
    1.25164909e+01 1.23653412e+01 1.31359615e+01 1.25771093e+01
    1.24865494e+01 1.10937452e+01 9.19561672e+00 1.08456917e+01
    1.14674740e+01 9.01343155e+00 1.01534824e+01 1.11795835e+01
    9.83569145e+00 1.24736414e+01 1.16790695e+01 1.20391607e+01
    1.07215881e+01 1.10286989e+01 1.29547586e+01 1.25279465e+01
    1.09384575e+01 1.16639452e+01 1.12051783e+01 1.13749666e+01
    1.14859324e+01 1.18396416e+01 9.57486916e+00 1.15935612e+01
    1.11131001e+01 1.09555655e+01 1.15149422e+01 1.06846256e+01
    1.23918800e+01 1.19192867e+01 1.11919756e+01 1.17888250e+01
    9.56488037e+00 1.07892160e+01 1.18334923e+01 9.89491463e+00
    1.05832853e+01 1.17687330e+01 9.58059502e+00 1.15328064e+01
    1.23496647e+01 1.09168806e+01 1.14117699e+01 1.19109201e+01
    1.27354841e+01 1.14773064e+01 1.13255119e+01 1.28004065e+01
    1.26429625e+01 1.28604355e+01 1.29452257e+01 1.22136889e+01
    1.32609854e+01 1.28344498e+01 1.30296345e+01 1.34493961e+01
    1.14871521e+01 1.07444525e+01 1.12581806e+01 1.17026558e+01
    9.02558136e+00 1.00289345e+01 1.04646301e+01 1.01059809e+01
    9.48501205e+00 9.36901188e+00 1.07770052e+01 1.10431881e+01
    1.13342733e+01 1.01171198e+01 1.17548504e+01 1.07316446e+01
    1.08872747e+01 1.16950283e+01 1.11934748e+01 1.11004810e+01
    1.22970104e+01 1.12690058e+01 1.32827215e+01 1.34281797e+01
    1.21925735e+01 1.42908916e+01 1.37339048e+01 1.33812647e+01
    1.33519411e+01 1.34412851e+01 1.37349758e+01 1.28154926e+01
    1.19119844e+01 1.25889368e+01 1.02006578e+01 1.13688078e+01
    1.15511150e+01 1.02941961e+01 1.22502537e+01 1.31191492e+01
    1.22957335e+01 1.12058096e+01 1.29406843e+01 1.33074865e+01
    1.29084101e+01 1.21043625e+01 1.16474791e+01 1.17787056e+01
    1.29699392e+01 1.30021486e+01 1.31033850e+01 1.37392168e+01
    1.30310078e+01 1.39628325e+01 1.27660627e+01 1.18484707e+01
    1.13151026e+01 1.11400928e+01 1.11585951e+01 1.15916939e+01
    1.09271555e+01 1.00039415e+01 1.27162161e+01 1.22093239e+01
    1.18809481e+01 1.23036318e+01 1.27375231e+01 1.17809467e+01
    1.09551048e+01 1.30980606e+01 1.25698042e+01 1.21934109e+01
    1.11348457e+01 1.13875675e+01 1.25014753e+01 1.19273815e+01
    1.05887957e+01 1.11771650e+01 1.15710945e+01 1.11770687e+01
    1.05764809e+01 1.12507610e+01 1.16644001e+01 1.30026979e+01
    1.36832981e+01 1.28405323e+01 1.39648542e+01 1.44031687e+01
    1.32455215e+01 1.17707052e+01 1.14496593e+01 1.24372387e+01
    1.11988888e+01 1.14774265e+01 1.15152655e+01 1.00615025e+01
    1.19108782e+01 1.36213884e+01 1.06054363e+01 1.11816397e+01
    1.14119682e+01 1.17928696e+01 1.21710052e+01 1.21401215e+01
    1.12795267e+01 1.13589296e+01 1.26972103e+01 1.15790787e+01
    1.13331785e+01 1.12147970e+01 1.19708319e+01 1.10298195e+01
    1.13104448e+01 1.14411697e+01 1.25921402e+01 1.29028625e+01
    1.27252636e+01 1.32070379e+01 1.24824619e+01 1.40951328e+01
    1.38704138e+01 1.39047976e+01 1.43602705e+01 1.42290859e+01
    1.41913033e+01 1.33683033e+01 1.19388695e+01 1.28604164e+01
    1.34202194e+01 1.16187506e+01 1.02748013e+01 1.03733797e+01
    1.04717894e+01 1.11626139e+01 1.24663811e+01 1.10168705e+01
    1.08661861e+01 1.11643934e+01 1.11038837e+01 1.15747204e+01
    1.14785833e+01 1.13045921e+01 1.22202263e+01 1.16401186e+01
    1.09265251e+01 1.21448336e+01 1.09572210e+01 1.07368107e+01
    1.16179399e+01 1.01603308e+01 1.01879663e+01 1.10470572e+01
    1.00348892e+01 1.14243946e+01 1.12812338e+01 1.02326527e+01
    1.13505983e+01 1.20024805e+01 1.12319775e+01 1.14598141e+01
    1.08742800e+01 1.18238382e+01 1.12081165e+01 1.19832220e+01
    1.04086962e+01 9.90460014e+00 1.11022167e+01 1.18124895e+01
    1.04831324e+01 1.09190483e+01 1.02685289e+01 1.04871874e+01
    1.14234896e+01 9.75362682e+00 1.01134787e+01 1.23630629e+01
    9.77719498e+00 1.12883081e+01 6.26255608e+00 7.20386314e+00
    8.79022026e+00 1.06505928e+01 1.18758965e+01 1.20706596e+01
    1.28557882e+01 1.22480459e+01 1.17116690e+01 1.19740276e+01
    1.14365644e+01 1.21961126e+01 1.14866619e+01 1.08379602e+01
    1.26808271e+01 1.19294500e+01 1.15517368e+01 1.14211807e+01
    9.19066238e+00 1.06601486e+01 1.12622156e+01 1.12838097e+01
    1.02451735e+01 1.09076672e+01 1.21780577e+01 1.29551802e+01
    1.11328249e+01 1.29356432e+01 1.14009199e+01 1.22823658e+01
    1.33140163e+01 1.23147211e+01 1.14654732e+01 1.16350012e+01
    1.15008202e+01 1.20828438e+01 1.13191109e+01 1.01824713e+01
    1.05366526e+01 1.26800175e+01 1.11193304e+01 1.09613142e+01
    1.20069838e+01 1.13184595e+01 1.08797741e+01 1.19909477e+01
    1.16259975e+01 1.14983377e+01 9.80764484e+00 1.01164141e+01
    1.10133381e+01 1.04264116e+01 1.11114731e+01 1.08969593e+01
    1.03503408e+01 1.20339928e+01 1.23711567e+01 1.05970592e+01
    1.09376326e+01 1.11798229e+01 1.19326344e+01 1.36522751e+01
    1.05456781e+01 1.10113449e+01 1.35874043e+01 1.35644693e+01
    1.25157576e+01 1.21900873e+01 1.25556793e+01 1.22276440e+01
    1.22284594e+01 1.21994257e+01 1.08908291e+01 1.17478142e+01
    1.08732281e+01 1.08023806e+01 1.02335796e+01 1.05113888e+01
    9.47494602e+00 9.73915958e+00 1.03567009e+01 9.87439442e+00
    9.89260578e+00 1.01757202e+01 1.13475466e+01 1.03793259e+01
    1.12353010e+01 1.17666550e+01 1.14656429e+01 1.26014099e+01
    1.24997120e+01 1.22797356e+01 1.04846792e+01 1.13328409e+01
    1.24986229e+01 1.15100317e+01 1.10985069e+01 1.17684841e+01
    1.26793404e+01 1.30375290e+01 1.26205082e+01 1.26336536e+01
    1.25277147e+01 1.20215006e+01 1.30889292e+01 1.11103468e+01
    1.09028845e+01 1.15632524e+01 1.09782858e+01 1.05873404e+01
    1.16675358e+01 1.23404703e+01 1.17797737e+01 1.24255123e+01
    1.28485889e+01 1.25175714e+01 1.24601345e+01 1.23028708e+01
    1.13714123e+01 1.14767933e+01 1.15242252e+01 1.20259991e+01
    1.30058117e+01 1.29638300e+01 1.32963953e+01 1.36875935e+01
    1.35634899e+01 1.23858595e+01 1.21151533e+01 1.16641779e+01
    1.15944538e+01 1.09321232e+01 9.31436157e+00 1.14001188e+01
    1.17983904e+01 1.31183405e+01 1.25929585e+01 1.33231220e+01
    1.40389490e+01 1.34484110e+01 1.25459423e+01 1.31801310e+01
    1.26561661e+01 1.14343395e+01 1.04639816e+01 1.07737551e+01
    1.21110477e+01 1.10797977e+01 1.16352797e+01 1.02783203e+01
    1.05221891e+01 9.58838654e+00 1.11507759e+01 9.64420986e+00
    1.16459408e+01 1.29677486e+01 1.29938984e+01 1.19105635e+01
    1.35178175e+01 1.39376583e+01 1.24243736e+01 1.14666510e+01
    1.17468433e+01 1.18134804e+01 1.14637337e+01 1.00111313e+01
    1.22394695e+01 1.01353006e+01 1.17168913e+01 1.32677498e+01
    1.20592937e+01 1.21691647e+01 1.20264587e+01 1.07937031e+01
    1.14365263e+01 1.13733568e+01 1.10088701e+01 1.00904255e+01
    1.09351997e+01 1.06310816e+01 1.11168509e+01 1.10025520e+01
    1.20989561e+01 1.21384993e+01 1.17040329e+01 1.14679413e+01
    1.33575649e+01 1.31083775e+01 1.27466507e+01 1.24733114e+01
    1.38269167e+01 1.42836838e+01 1.27066574e+01 1.30149240e+01
    1.34283791e+01 1.27623186e+01 1.35150518e+01 1.23072939e+01
    1.18491163e+01 1.32203093e+01 1.29955139e+01 1.21105652e+01
    1.11522303e+01 1.10229626e+01 1.19094276e+01 1.17902594e+01
    1.14921455e+01 1.07538939e+01 1.13314381e+01 1.13409204e+01
    1.19597416e+01 1.20714951e+01 1.09717941e+01 1.11115723e+01
    1.12709866e+01 1.09675713e+01 1.11000595e+01 1.09049911e+01
    1.03601074e+01 1.11922617e+01 1.07902689e+01 1.01772079e+01
    1.08444777e+01 1.12831879e+01 9.72683907e+00 1.25320950e+01
    1.07659864e+01 1.11924877e+01 1.04553757e+01 1.04761467e+01
    1.09215698e+01 1.09912844e+01 9.50878525e+00 1.19932194e+01
    1.22537603e+01 1.14760761e+01 1.20554543e+01 1.07686911e+01
    1.19091444e+01 1.29796686e+01 1.13898954e+01 1.10559025e+01
    1.10204010e+01 1.17658615e+01 1.23163891e+01 9.62380314e+00
    1.21922693e+01 1.20455227e+01 9.51267242e+00 1.23485470e+01
    6.67778254e+00 6.91415882e+00 9.24613857e+00 1.15013857e+01
    1.25885286e+01 1.28139668e+01 1.28322725e+01 1.18686619e+01
    1.14759169e+01 1.33697042e+01 1.25844116e+01 1.23376808e+01
    1.29349308e+01 1.20271587e+01 1.30499344e+01 1.20433283e+01
    1.08053560e+01 1.19706469e+01 9.00716209e+00 1.03073235e+01
    1.00654335e+01 1.10709162e+01 9.25275421e+00 1.01417875e+01
    1.23220005e+01 1.23150511e+01 1.33203068e+01 1.25888443e+01
    1.08824549e+01 1.25814514e+01 1.41504116e+01 1.30456123e+01
    1.13407288e+01 1.21517410e+01 1.14069109e+01 1.24261761e+01
    1.28060856e+01 1.09877300e+01 1.13138266e+01 1.14144135e+01
    1.20418062e+01 1.17660627e+01 1.23705807e+01 1.13568096e+01
    1.10708504e+01 1.27399616e+01 1.24622393e+01 1.19504795e+01
    1.10602684e+01 1.06860628e+01 1.22832298e+01 1.17452774e+01
    1.05786257e+01 1.04180641e+01 1.05386200e+01 1.14989901e+01
    1.05234041e+01 1.19377623e+01 1.10804462e+01 1.01090479e+01
    1.20126009e+01 1.24763660e+01 1.09305725e+01 1.05640287e+01
    1.19538755e+01 1.32308273e+01 1.28079395e+01 1.18983479e+01
    1.13497524e+01 1.24671392e+01 1.42084284e+01 1.16501102e+01
    1.13847637e+01 1.20604687e+01 1.09813814e+01 9.99344635e+00
    1.11477261e+01 9.12988091e+00 1.05805178e+01 9.18858719e+00
    1.08324938e+01 1.00489388e+01 9.48920822e+00 1.05903873e+01
    1.12098722e+01 1.11537485e+01 1.03108196e+01 1.13553238e+01
    1.19486427e+01 1.25012703e+01 1.21633902e+01 1.12664862e+01
    1.16759176e+01 1.13637743e+01 1.14611187e+01 1.07847786e+01
    1.02938538e+01 1.03286495e+01 1.12426949e+01 1.12295904e+01
    1.23029537e+01 1.13234386e+01 1.18944216e+01 1.30138664e+01
    1.31833115e+01 1.11871109e+01 1.16690569e+01 1.10322695e+01
    1.01083078e+01 1.13445787e+01 1.19678020e+01 1.18523512e+01
    1.12975645e+01 1.14879284e+01 1.30505791e+01 1.30605907e+01
    1.23796110e+01 1.17859392e+01 1.17306528e+01 1.17202501e+01
    1.14867687e+01 1.15737219e+01 1.28473663e+01 1.21292753e+01
    1.27981195e+01 1.32635813e+01 1.36540346e+01 1.15385180e+01
    1.08349266e+01 1.18063793e+01 1.25743361e+01 1.07993393e+01
    9.82099056e+00 1.15811892e+01 1.13915453e+01 1.18682804e+01
    1.31070452e+01 1.35225010e+01 1.43907795e+01 1.24942780e+01
    1.30295343e+01 1.42435789e+01 1.40318193e+01 1.24313736e+01
    1.11162748e+01 1.11174889e+01 1.19218035e+01 1.19726219e+01
    1.15846758e+01 9.62106705e+00 1.06811676e+01 1.13628664e+01
    9.90176010e+00 8.85023117e+00 1.11890841e+01 1.07934008e+01
    1.11022272e+01 1.21365433e+01 1.25956984e+01 1.22375584e+01
    1.18336191e+01 1.02509117e+01 1.06099558e+01 1.07777624e+01
    1.06060410e+01 9.29402161e+00 9.15442657e+00 1.01130276e+01
    1.03799896e+01 1.19799767e+01 1.08866224e+01 1.07784348e+01
    1.12935352e+01 1.13582516e+01 1.18887024e+01 1.34022293e+01
    1.06058388e+01 1.08441963e+01 1.19836407e+01 1.11211414e+01
    1.11949492e+01 1.17300911e+01 1.08762236e+01 1.14435616e+01
    1.01625624e+01 1.18007164e+01 1.36172714e+01 1.22692432e+01
    1.30569801e+01 1.14803629e+01 1.21063166e+01 1.43496075e+01
    1.29722109e+01 1.14102287e+01 1.38923092e+01 1.36316433e+01
    1.39294930e+01 1.23373041e+01 1.21296825e+01 1.38718319e+01
    1.25922308e+01 1.17584190e+01 1.17935762e+01 1.12719641e+01
    1.31499176e+01 1.09314089e+01 1.20593157e+01 1.13194075e+01
    1.23358879e+01 1.08750095e+01 1.18102350e+01 1.20776558e+01
    1.08746004e+01 1.13588486e+01 1.23022976e+01 1.24624929e+01
    1.11863775e+01 1.01814318e+01 1.17101345e+01 1.16124182e+01
    9.90099907e+00 1.00024033e+01 1.18481960e+01 1.15752268e+01
    1.12237949e+01 1.16647348e+01 1.27909365e+01 1.21077118e+01
    1.22859144e+01 1.15435886e+01 1.13681545e+01 1.20121746e+01
    9.59189510e+00 1.16291304e+01 1.19662075e+01 1.19541616e+01
    1.10489950e+01 1.10951719e+01 1.22764845e+01 1.25537405e+01
    1.11138954e+01 1.19492722e+01 1.07536221e+01 1.11473207e+01
    1.15454512e+01 1.04406071e+01 1.12808723e+01 1.08834696e+01
    1.06399508e+01 1.14261589e+01 6.36426401e+00 8.51140499e+00
    7.86137772e+00 1.05384378e+01 1.28993273e+01 1.14791756e+01
    1.30124731e+01 1.25281277e+01 1.25738211e+01 1.22251492e+01
    1.18487577e+01 1.15112038e+01 1.23055897e+01 1.16804008e+01
    1.18938799e+01 1.24511318e+01 1.14030361e+01 1.04703531e+01
    1.06838331e+01 1.10796585e+01 1.01012297e+01 1.06043615e+01
    1.08895903e+01 1.08259401e+01 1.20377007e+01 1.33596888e+01
    1.32983570e+01 1.29988928e+01 1.26336269e+01 1.35375357e+01
    1.40564651e+01 1.27732391e+01 1.22111378e+01 1.08017941e+01
    1.11248283e+01 1.07035151e+01 1.21370707e+01 1.08258848e+01
    9.92989922e+00 1.26827545e+01 1.23081179e+01 1.36207819e+01
    1.35826530e+01 1.15717201e+01 1.12286806e+01 1.24893160e+01
    1.19530296e+01 1.15986738e+01 1.18054886e+01 1.07281017e+01
    1.19845886e+01 1.34043522e+01 1.24556389e+01 1.16509247e+01
    1.16632738e+01 1.35997362e+01 1.23629303e+01 1.11937504e+01
    1.07595148e+01 1.17065697e+01 1.16803522e+01 1.13060665e+01
    1.14169416e+01 1.08427916e+01 1.13301439e+01 1.20414362e+01
    1.20594339e+01 1.25173187e+01 1.05131874e+01 1.22267818e+01
    1.33965120e+01 1.08795357e+01 1.06548176e+01 1.15228682e+01
    1.09593019e+01 9.32872677e+00 9.23127270e+00 1.02655745e+01
    9.57102966e+00 8.93124008e+00 1.11533546e+01 1.08211365e+01
    9.33850098e+00 1.16189308e+01 1.26795893e+01 1.19992266e+01
    1.18922825e+01 1.03637524e+01 1.30733337e+01 1.46279449e+01
    1.25251942e+01 1.29777527e+01 1.32167530e+01 1.22906914e+01
    1.28521299e+01 1.17445059e+01 1.13933535e+01 1.05123568e+01
    1.09389324e+01 1.09902563e+01 1.16406155e+01 1.04317818e+01
    1.20033197e+01 1.20269232e+01 1.19163198e+01 9.91929245e+00
    1.25877523e+01 1.12667418e+01 1.07102270e+01 1.20722790e+01
    1.19820480e+01 1.09004536e+01 1.25914097e+01 1.30668478e+01
    1.38004723e+01 1.19182568e+01 1.32074232e+01 1.19370098e+01
    1.21813154e+01 1.18351717e+01 1.18887386e+01 1.33741970e+01
    1.22005215e+01 1.09419699e+01 1.26329966e+01 1.45783253e+01
    1.22702951e+01 1.09612923e+01 1.18303394e+01 1.32144098e+01
    1.17837934e+01 1.02922382e+01 1.10771103e+01 1.20620089e+01
    1.23514118e+01 1.14781179e+01 1.26743288e+01 1.33314953e+01
    1.41874924e+01 1.24006004e+01 1.22190523e+01 1.35048122e+01
    1.27790356e+01 1.06200886e+01 1.11693249e+01 1.06326323e+01
    1.12296963e+01 1.13131723e+01 1.07776060e+01 1.08429470e+01
    1.11224737e+01 1.07771015e+01 9.61057949e+00 1.01766586e+01
    1.09641800e+01 1.05788412e+01 1.11909657e+01 1.16828680e+01
    1.35427303e+01 1.14643126e+01 1.13122826e+01 1.18939352e+01
    1.21779032e+01 1.13656712e+01 1.13246708e+01 9.93556118e+00
    9.51127052e+00 1.02343416e+01 1.16338825e+01 1.08182602e+01
    1.09732580e+01 9.76720905e+00 1.05536613e+01 1.14135561e+01
    1.20724659e+01 1.17716274e+01 9.71120739e+00 1.23277111e+01
    1.24358969e+01 1.08122358e+01 1.12981586e+01 1.16220713e+01
    1.17275057e+01 1.23096743e+01 1.20554104e+01 1.15346804e+01
    1.35028772e+01 1.36998968e+01 1.31147203e+01 1.19537487e+01
    1.22333593e+01 1.42265520e+01 1.33715620e+01 1.11893988e+01
    1.15633812e+01 1.26923885e+01 1.25264530e+01 1.22450104e+01
    1.21708107e+01 1.14071465e+01 1.13615370e+01 1.20336714e+01
    1.11586037e+01 1.12022009e+01 1.16680708e+01 1.18285074e+01
    1.27414265e+01 1.18076839e+01 1.21422787e+01 1.26011477e+01
    1.14956045e+01 1.23167591e+01 1.31846790e+01 1.20945110e+01
    1.15585413e+01 1.27764120e+01 1.21994877e+01 1.10083132e+01
    1.20905390e+01 1.14693689e+01 1.11521893e+01 1.13048906e+01
    1.13035250e+01 1.20649843e+01 1.13670721e+01 1.24850082e+01
    1.27636976e+01 1.18489141e+01 1.11514816e+01 1.07162266e+01
    1.11682262e+01 9.68116856e+00 9.35633373e+00 1.05726929e+01
    1.26398153e+01 1.15085154e+01 1.02493658e+01 1.11555653e+01
    1.35031128e+01 1.23986464e+01 1.06556940e+01 1.14209194e+01
    1.07213621e+01 1.10091887e+01 1.15994587e+01 9.52383327e+00
    1.04922943e+01 1.15571404e+01 1.05763874e+01 1.13734684e+01
    6.38249636e+00 7.49079561e+00 9.26120949e+00 1.13731737e+01
    1.37369480e+01 1.24993382e+01 1.42898827e+01 1.29042597e+01
    1.20194378e+01 1.38478546e+01 1.11080065e+01 1.17537060e+01
    1.24726496e+01 1.28996859e+01 1.15589266e+01 1.15542011e+01
    1.16000776e+01 1.18025036e+01 1.08975725e+01 1.19300919e+01
    1.12630291e+01 1.11219101e+01 1.10235949e+01 1.19897718e+01
    1.19895620e+01 1.33973236e+01 1.36532621e+01 1.18597860e+01
    1.29569120e+01 1.29961033e+01 1.34331503e+01 1.30105896e+01
    1.15422935e+01 1.21498356e+01 1.23838778e+01 1.15645018e+01
    1.14995518e+01 1.16853619e+01 1.10635576e+01 1.20498857e+01
    1.24758511e+01 1.26438971e+01 1.26687098e+01 1.25903854e+01
    1.08982496e+01 1.26311646e+01 1.16683626e+01 1.14972467e+01
    1.15034666e+01 1.09090996e+01 1.18842058e+01 1.22742405e+01
    1.24171638e+01 1.11192274e+01 1.12816849e+01 1.26102219e+01
    1.36967249e+01 1.09983606e+01 1.12055445e+01 1.15481091e+01
    1.27000542e+01 1.16820049e+01 9.36766052e+00 1.09674692e+01
    1.16890411e+01 1.17824669e+01 1.20063324e+01 1.24324703e+01
    1.00254269e+01 1.20535116e+01 1.29934254e+01 1.14375391e+01
    1.12740498e+01 1.10427837e+01 1.14058809e+01 9.03148365e+00
    9.30910587e+00 8.93647003e+00 1.00093107e+01 9.24913692e+00
    9.18778133e+00 1.05845776e+01 1.16790743e+01 1.18218327e+01
    1.25693445e+01 1.21700611e+01 1.38546352e+01 1.24345531e+01
    1.25000954e+01 1.28998728e+01 1.40856667e+01 1.09335108e+01
    1.29248056e+01 1.27267332e+01 1.16196613e+01 1.19406157e+01
    1.11707001e+01 1.09252911e+01 1.02648220e+01 1.12023458e+01
    1.08579855e+01 1.15466719e+01 1.11099453e+01 1.16414461e+01
    1.24972000e+01 1.11515265e+01 1.10723686e+01 9.90496159e+00
    1.03783216e+01 1.01420221e+01 1.05151844e+01 1.02718554e+01
    1.17563734e+01 1.11615887e+01 1.16738167e+01 1.14020548e+01
    1.15361967e+01 1.21003428e+01 1.14245968e+01 1.11696167e+01
    1.05360794e+01 1.06960793e+01 1.05662670e+01 1.09628696e+01
    1.26954842e+01 1.22600260e+01 1.29738245e+01 1.08969040e+01
    1.12805262e+01 1.17256584e+01 1.21492071e+01 9.88706207e+00
    1.12807674e+01 1.12026844e+01 1.19795046e+01 1.22441339e+01
    1.17278900e+01 1.21446810e+01 1.30909834e+01 1.30146208e+01
    1.29932222e+01 1.26932526e+01 1.33173037e+01 1.25567627e+01
    1.20187635e+01 1.21668882e+01 1.19839621e+01 1.25011492e+01
    1.06725321e+01 1.19477110e+01 1.22024612e+01 1.07046900e+01
    9.79673004e+00 1.04978743e+01 1.06774254e+01 1.11599741e+01
    9.78297997e+00 1.03739347e+01 1.22981339e+01 1.08150368e+01
    1.03053875e+01 1.12900276e+01 1.18497524e+01 1.12825270e+01
    1.17558804e+01 1.14917641e+01 1.13877039e+01 1.22500734e+01
    1.24261274e+01 1.30473289e+01 1.15286856e+01 1.15540895e+01
    1.07937746e+01 1.12003498e+01 1.08879995e+01 1.11054001e+01
    1.00099592e+01 1.03258848e+01 1.18998070e+01 1.08296614e+01
    1.13434420e+01 1.14681520e+01 1.07086973e+01 1.21460114e+01
    1.16042833e+01 1.02744417e+01 1.10448666e+01 1.30083141e+01
    1.17240534e+01 1.16271791e+01 1.15514050e+01 1.31046810e+01
    1.23153429e+01 1.09137592e+01 1.20764465e+01 1.21855116e+01
    1.17462473e+01 1.15275974e+01 1.14911852e+01 1.09294863e+01
    1.22718248e+01 1.16238642e+01 1.25236425e+01 1.18255329e+01
    1.18770103e+01 1.15604172e+01 1.28517723e+01 1.11771116e+01
    1.26658850e+01 1.35083065e+01 1.26346397e+01 1.21456270e+01
    1.35261755e+01 1.21299706e+01 1.31650782e+01 1.24329529e+01
    1.25762529e+01 1.19816132e+01 1.13922729e+01 1.12893486e+01
    1.13619604e+01 1.03681707e+01 1.17360411e+01 1.19509592e+01
    1.12546158e+01 1.21351881e+01 1.21602182e+01 1.17193832e+01
    1.11595068e+01 1.23835344e+01 1.00071182e+01 1.15264120e+01
    1.14538374e+01 1.07700968e+01 1.13645782e+01 1.29055471e+01
    1.13840904e+01 1.18682842e+01 1.28715515e+01 1.40838013e+01
    1.19437828e+01 1.22575779e+01 1.27508411e+01 1.27650137e+01
    1.26938858e+01 1.11198616e+01 1.07812176e+01 1.10484333e+01
    1.00659475e+01 1.07319069e+01 5.91749907e+00 7.00359249e+00
    9.90830231e+00 1.04807386e+01 1.13871288e+01 1.41356869e+01
    1.22786198e+01 1.27550564e+01 1.32147303e+01 1.47157974e+01
    1.30058613e+01 1.13260736e+01 1.41133995e+01 1.29294910e+01
    1.25777769e+01 1.29563141e+01 1.27990808e+01 1.16830940e+01
    1.25259094e+01 1.30213547e+01 1.07921515e+01 1.05338926e+01
    1.22647905e+01 1.23548851e+01 1.14304285e+01 1.37384815e+01
    1.29513636e+01 1.17395496e+01 1.30171366e+01 1.07292385e+01
    1.30017834e+01 1.14840078e+01 1.00245543e+01 1.06934357e+01
    1.12097969e+01 1.13102026e+01 1.12056513e+01 1.11951313e+01
    1.13697348e+01 1.15261497e+01 1.20437212e+01 1.33176422e+01
    1.30269041e+01 1.11836061e+01 1.13661118e+01 1.23199234e+01
    1.19462481e+01 1.23560562e+01 1.02934446e+01 1.16215954e+01
    1.23733320e+01 1.21632843e+01 1.14713945e+01 1.14584675e+01
    1.25876179e+01 1.30312595e+01 1.23805609e+01 1.13572350e+01
    1.17102480e+01 1.26326733e+01 1.31758347e+01 1.30437355e+01
    9.87506294e+00 1.14649630e+01 1.20836735e+01 1.24890451e+01
    1.16576338e+01 1.04068394e+01 1.12121382e+01 1.18679953e+01
    1.28775082e+01 1.13130922e+01 1.02497053e+01 1.18230505e+01
    1.06348648e+01 1.13730965e+01 1.07332087e+01 9.60488415e+00
    1.07793255e+01 1.07536640e+01 1.00660019e+01 1.05132389e+01
    1.11990795e+01 1.11635656e+01 1.27682171e+01 1.33336201e+01
    1.21137114e+01 1.34360342e+01 1.27171564e+01 1.42236700e+01
    1.37679949e+01 1.31569834e+01 1.23692656e+01 1.23322649e+01
    1.22164183e+01 1.25459661e+01 1.11422186e+01 1.09814281e+01
    1.15766764e+01 1.04559526e+01 1.18945827e+01 1.11937551e+01
    1.11317387e+01 1.08185043e+01 1.10990410e+01 1.21646481e+01
    1.18442106e+01 1.16882572e+01 1.25767355e+01 1.16565590e+01
    1.25066452e+01 1.23501415e+01 1.10876694e+01 1.19207163e+01
    1.20729876e+01 1.27542868e+01 1.28164587e+01 1.16113234e+01
    1.07366219e+01 1.02450504e+01 1.15874023e+01 1.07446918e+01
    1.10704203e+01 1.03268719e+01 1.15716944e+01 1.20685720e+01
    1.23148003e+01 1.16695890e+01 1.20716228e+01 1.34502087e+01
    1.16775246e+01 1.13892384e+01 1.10086689e+01 1.14738836e+01
    1.23208923e+01 1.16382303e+01 1.20905170e+01 1.28755989e+01
    1.25867491e+01 1.28565588e+01 1.34503994e+01 1.31962128e+01
    1.32205286e+01 1.29054565e+01 1.14080906e+01 1.17429008e+01
    1.24551888e+01 1.14279118e+01 1.12534523e+01 1.17093344e+01
    1.21270180e+01 1.08310184e+01 1.03274050e+01 9.82009029e+00
    1.12586088e+01 1.02623863e+01 8.50557518e+00 1.10122461e+01
    1.18621616e+01 1.04681759e+01 1.08040781e+01 1.04943638e+01
    1.11564903e+01 1.10949020e+01 1.11040707e+01 9.57598400e+00
    1.14941940e+01 1.18043785e+01 1.19406309e+01 1.23962584e+01
    1.16344776e+01 1.21653423e+01 1.15476007e+01 1.25183992e+01
    1.36278639e+01 1.15749540e+01 1.17877293e+01 1.17434425e+01
    1.10095549e+01 1.15365009e+01 1.14502115e+01 1.08922911e+01
    1.09951792e+01 1.28919230e+01 1.11030178e+01 1.12949505e+01
    1.28282175e+01 1.19712296e+01 1.09547586e+01 1.13187189e+01
    1.22021046e+01 1.19576530e+01 1.05391998e+01 1.09528627e+01
    1.19782486e+01 1.16913671e+01 1.19831581e+01 1.31305828e+01
    1.09145842e+01 1.22237749e+01 1.24058628e+01 1.25402422e+01
    1.18553076e+01 1.26136637e+01 1.18689556e+01 1.10724459e+01
    1.15627794e+01 1.22057667e+01 1.24254456e+01 1.22464476e+01
    1.18229523e+01 1.13584518e+01 1.28602333e+01 1.31641932e+01
    1.33719587e+01 1.26808262e+01 1.22751007e+01 1.22013254e+01
    1.16621542e+01 1.23016682e+01 1.10418510e+01 1.28671274e+01
    1.16426849e+01 1.17069521e+01 1.18222504e+01 1.28027506e+01
    1.19465685e+01 1.12413816e+01 1.18980112e+01 1.23269625e+01
    1.05154305e+01 1.06047525e+01 1.09123964e+01 1.21624336e+01
    1.12942781e+01 1.27490015e+01 1.29929361e+01 1.28037415e+01
    1.45789232e+01 1.35506048e+01 1.28948717e+01 1.46940651e+01
    1.36020260e+01 1.19780684e+01 1.23220329e+01 1.19344759e+01
    1.00606451e+01 1.10955734e+01 1.07988415e+01 1.06808195e+01
    6.22058582e+00 6.74023199e+00 8.60167122e+00 1.05658560e+01
    1.27645502e+01 1.35643778e+01 1.22265368e+01 1.18841372e+01
    1.22531776e+01 1.24642086e+01 1.27907820e+01 1.17958775e+01
    1.25904675e+01 1.29210587e+01 1.22567892e+01 1.20814905e+01
    1.22814703e+01 1.31539898e+01 1.18643274e+01 1.23045712e+01
    1.14689589e+01 1.01954165e+01 1.16376648e+01 1.20831528e+01
    1.21466942e+01 1.13827696e+01 1.17929850e+01 1.26975965e+01
    1.25716839e+01 1.17079124e+01 1.30731764e+01 1.05965996e+01
    1.03195171e+01 1.02057972e+01 9.79623127e+00 1.02454786e+01
    1.00138035e+01 9.99451351e+00 9.98267746e+00 1.21896267e+01
    1.17988071e+01 1.19861155e+01 1.26660862e+01 1.06322203e+01
    1.03126307e+01 1.16877804e+01 1.14726114e+01 1.18914948e+01
    1.15754490e+01 1.06925583e+01 1.12280502e+01 1.40366936e+01
    1.08801155e+01 1.10214453e+01 1.26314077e+01 1.27023506e+01
    1.19729128e+01 1.27985525e+01 1.16625814e+01 1.28214664e+01
    1.38908443e+01 1.31113567e+01 1.01609755e+01 1.01859274e+01
    1.38618555e+01 1.21601276e+01 1.18367443e+01 1.04707050e+01
    1.23784113e+01 1.23264284e+01 1.15239143e+01 1.13344612e+01
    1.16428366e+01 1.11182413e+01 1.17863264e+01 9.92265892e+00
    1.13660746e+01 9.95513725e+00 1.11745720e+01 1.20532751e+01
    1.13065739e+01 1.13971462e+01 1.28455591e+01 1.23383341e+01
    1.27952147e+01 1.31542339e+01 1.29154224e+01 1.29208031e+01
    1.19917793e+01 1.27864504e+01 1.40313749e+01 1.19734917e+01
    1.16879959e+01 1.10235386e+01 1.18531542e+01 1.14994116e+01
    1.17743931e+01 1.06929245e+01 1.02337179e+01 1.07236624e+01
    1.18682270e+01 1.15692205e+01 1.13914642e+01 1.14567957e+01
    1.17197552e+01 1.23193951e+01 1.38493204e+01 1.22292099e+01
    1.16596003e+01 1.30490131e+01 1.27795715e+01 1.20834036e+01
    1.24678497e+01 1.30704288e+01 1.33535547e+01 1.22141867e+01
    1.30106535e+01 1.23645525e+01 1.24267235e+01 1.24775181e+01
    1.29022465e+01 1.22793751e+01 9.83977318e+00 1.04677162e+01
    1.25496664e+01 1.14585896e+01 1.05274019e+01 1.15191612e+01
    1.09066849e+01 1.07321472e+01 1.19685946e+01 1.10355606e+01
    1.11111917e+01 1.32034130e+01 1.22253819e+01 1.19151926e+01
    1.33830318e+01 1.27834320e+01 1.24883833e+01 1.24485064e+01
    1.21800299e+01 1.34401646e+01 1.30074062e+01 1.20865555e+01
    1.16775093e+01 1.23642654e+01 1.22837324e+01 1.18353577e+01
    1.17623377e+01 1.18287630e+01 1.09731693e+01 1.08349047e+01
    1.06463766e+01 9.19952679e+00 1.08821945e+01 1.15344658e+01
    9.27375317e+00 1.16137362e+01 1.09723568e+01 1.01107349e+01
    1.11662254e+01 1.14879913e+01 1.14488449e+01 1.09050226e+01
    1.13483133e+01 1.04810190e+01 1.10088501e+01 1.28819246e+01
    1.22981491e+01 1.06006308e+01 1.24547615e+01 1.21998348e+01
    1.17929153e+01 1.28537750e+01 1.30230169e+01 1.09727898e+01
    1.20622406e+01 1.20647230e+01 1.22050972e+01 1.28424845e+01
    1.16715231e+01 1.17096109e+01 1.29138107e+01 1.33422709e+01
    1.13870230e+01 1.21517105e+01 1.34035168e+01 1.27746677e+01
    1.21164970e+01 1.15108442e+01 1.23847294e+01 1.22959099e+01
    1.14938107e+01 9.61750221e+00 1.15067663e+01 1.11854877e+01
    1.12146120e+01 1.13990755e+01 1.05658770e+01 1.05399647e+01
    1.16823120e+01 1.07271633e+01 1.18763208e+01 1.12471046e+01
    1.12433424e+01 1.08571234e+01 1.21658335e+01 1.15624323e+01
    1.22689896e+01 1.18359585e+01 1.23998308e+01 1.13097801e+01
    1.17190800e+01 1.22614822e+01 1.25977449e+01 1.32412157e+01
    1.42023411e+01 1.40703344e+01 1.23925447e+01 1.31566887e+01
    1.32086563e+01 1.30223808e+01 1.36359396e+01 1.20414391e+01
    1.31223364e+01 1.33670778e+01 1.23864594e+01 1.26550913e+01
    1.04644270e+01 1.02402096e+01 1.07040396e+01 9.43310452e+00
    9.56203461e+00 1.07005558e+01 1.03589783e+01 1.02740021e+01
    1.18765230e+01 1.23916273e+01 1.29081526e+01 1.27580671e+01
    1.20195189e+01 1.36438551e+01 1.22766113e+01 1.32679453e+01
    1.15342112e+01 1.14613390e+01 1.16955996e+01 1.12494135e+01
    9.94824600e+00 1.06988564e+01 6.61531162e+00 7.14056015e+00
    8.31866932e+00 1.13718281e+01 1.16826925e+01 1.25763645e+01
    1.23986006e+01 1.25500631e+01 1.24164925e+01 1.32526903e+01
    1.35101185e+01 1.27109718e+01 1.20041132e+01 1.26407557e+01
    1.26027498e+01 1.20110188e+01 1.25282545e+01 1.23885317e+01
    1.26294804e+01 1.17859173e+01 1.16949301e+01 1.04352522e+01
    1.22594223e+01 1.25397615e+01 1.19197798e+01 1.29180107e+01
    1.21358719e+01 1.27391796e+01 1.24962311e+01 1.26755619e+01
    1.22734032e+01 1.08000469e+01 1.11970539e+01 1.14855347e+01
    1.06729679e+01 1.07646770e+01 1.15290709e+01 1.10831938e+01
    1.16283636e+01 1.22003012e+01 1.23118429e+01 1.19072084e+01
    1.21242647e+01 1.20612392e+01 1.02791643e+01 1.17792873e+01
    1.21945286e+01 1.17943144e+01 1.09693003e+01 1.16469641e+01
    1.20702925e+01 1.31551437e+01 1.22225399e+01 1.08208351e+01
    1.19715719e+01 1.32206888e+01 1.25135584e+01 1.17999525e+01
    1.16299906e+01 1.30710688e+01 1.34203615e+01 1.30808201e+01
    1.09459562e+01 1.11354084e+01 1.21616650e+01 1.30050144e+01
    1.25739660e+01 1.07104368e+01 1.16827383e+01 1.38114614e+01
    1.21143723e+01 1.15482292e+01 1.13281507e+01 1.16095324e+01
    1.18001308e+01 1.07275782e+01 1.02257824e+01 1.12924681e+01
    1.20742998e+01 1.24032469e+01 1.05716858e+01 1.23039064e+01
    1.32580795e+01 1.32018147e+01 1.26333857e+01 1.28589811e+01
    1.21775675e+01 1.38330078e+01 1.35142841e+01 1.23587561e+01
    1.15669346e+01 1.28760862e+01 1.32244711e+01 1.12597313e+01
    1.16882992e+01 1.20423441e+01 1.06632071e+01 1.15704908e+01
    9.83558655e+00 8.90245914e+00 1.24766932e+01 1.21057024e+01
    1.18655739e+01 1.08593254e+01 1.16165247e+01 1.18377428e+01
    1.37501364e+01 1.22452888e+01 1.19396763e+01 1.31389036e+01
    1.25883350e+01 1.21286478e+01 1.35350895e+01 1.24134016e+01
    1.20296135e+01 1.13479328e+01 1.17657480e+01 1.18513165e+01
    1.26741972e+01 1.08707933e+01 1.17815657e+01 1.22525158e+01
    1.10920210e+01 1.12641821e+01 1.31934586e+01 1.22772083e+01
    1.06116657e+01 1.06236115e+01 1.10783768e+01 1.21619720e+01
    1.09684782e+01 1.04216309e+01 1.11892262e+01 1.22380533e+01
    1.05424576e+01 1.03439550e+01 1.25715418e+01 1.24444017e+01
    1.20389357e+01 1.14346256e+01 1.13178205e+01 1.26734447e+01
    1.39321899e+01 1.20552921e+01 1.14618502e+01 1.19710236e+01
    1.18410034e+01 1.05415068e+01 1.15971603e+01 1.09539309e+01
    1.20025158e+01 1.02352533e+01 1.02083769e+01 1.13723764e+01
    8.75399303e+00 1.07617350e+01 1.10030622e+01 1.09807301e+01
    9.77183628e+00 9.84695721e+00 1.21445189e+01 1.28259697e+01
    1.19676123e+01 1.16803522e+01 1.08368702e+01 1.15137453e+01
    1.14866676e+01 1.24545536e+01 1.21782684e+01 1.17788038e+01
    1.18543873e+01 1.12120352e+01 1.22786474e+01 1.25254278e+01
    1.08781586e+01 1.29289246e+01 1.17463493e+01 1.20942888e+01
    1.29185276e+01 1.22877569e+01 1.17193918e+01 1.24887600e+01
    1.26014404e+01 1.24904823e+01 1.28352537e+01 1.23228655e+01
    1.27460661e+01 1.19856195e+01 1.32207499e+01 1.12396078e+01
    1.07656507e+01 1.22173910e+01 1.07442923e+01 1.02548828e+01
    1.06675062e+01 1.17791567e+01 9.80289841e+00 1.14049244e+01
    1.01182032e+01 1.06060066e+01 1.17616806e+01 1.06899967e+01
    1.15609779e+01 1.10345469e+01 1.10016384e+01 1.13864069e+01
    1.08525133e+01 1.10758696e+01 1.04592152e+01 1.11258488e+01
    1.22426510e+01 1.12888594e+01 1.07312946e+01 1.21299467e+01
    1.28737764e+01 1.31168137e+01 1.29314022e+01 1.24532881e+01
    1.23575001e+01 1.26318779e+01 1.22835360e+01 1.39432535e+01
    1.33984194e+01 1.26457090e+01 1.24090538e+01 1.28613987e+01
    1.25435095e+01 1.30246840e+01 1.13375902e+01 1.14333572e+01
    1.02311993e+01 1.03620205e+01 1.03737688e+01 1.03553905e+01
    1.01631021e+01 1.02396612e+01 1.23504095e+01 1.31199989e+01
    1.28813143e+01 1.24330130e+01 1.21479130e+01 1.43558922e+01
    1.33669329e+01 1.24086971e+01 1.30634604e+01 1.21456032e+01
    1.12620335e+01 1.12730570e+01 1.10805826e+01 1.14320288e+01
    5.79209232e+00 7.36629391e+00 8.33585930e+00 9.93705654e+00
    1.23936405e+01 1.23839283e+01 1.23055973e+01 1.25154018e+01
    1.33024998e+01 1.28736372e+01 1.27504597e+01 1.30748720e+01
    1.26352577e+01 1.28607130e+01 1.38106718e+01 1.19218073e+01
    1.15950165e+01 1.31423893e+01 1.30112963e+01 1.17186718e+01
    1.09356403e+01 1.05753498e+01 1.21551456e+01 1.11881227e+01
    1.12358494e+01 1.25718374e+01 1.23602896e+01 1.16799698e+01
    1.23580875e+01 1.17948084e+01 1.17670755e+01 1.08061647e+01
    1.22677145e+01 9.96292114e+00 1.06689606e+01 1.12756376e+01
    1.08021631e+01 1.17964125e+01 1.26353607e+01 1.05938826e+01
    1.19301949e+01 1.29964838e+01 1.27359047e+01 1.24984903e+01
    1.05050974e+01 1.12204580e+01 1.25852566e+01 1.15485306e+01
    1.13962278e+01 1.15527353e+01 1.22597532e+01 1.24362860e+01
    1.25027237e+01 1.19361353e+01 1.17449007e+01 1.19985514e+01
    1.09945745e+01 1.10740719e+01 1.29089489e+01 1.29347162e+01
    1.34192505e+01 1.24475384e+01 1.11652403e+01 1.24488974e+01
    1.22920265e+01 1.28290834e+01 1.20583763e+01 1.09689674e+01
    1.14939203e+01 1.21504345e+01 1.09965105e+01 1.15292540e+01
    1.25209045e+01 1.15380859e+01 1.15092392e+01 1.14694986e+01
    1.13358793e+01 1.10579290e+01 1.16484690e+01 1.16823330e+01
    1.19823780e+01 1.24741859e+01 1.28384094e+01 1.25808105e+01
    1.40363436e+01 1.37204523e+01 1.26471138e+01 1.26496515e+01
    1.21519079e+01 1.19169645e+01 1.21704826e+01 1.15016346e+01
    1.29980927e+01 1.14978905e+01 1.25519657e+01 1.23872280e+01
    1.22550688e+01 1.24594803e+01 1.00275173e+01 1.03490887e+01
    1.11943712e+01 1.03839054e+01 1.09864998e+01 1.14152489e+01
    1.11287336e+01 1.24308853e+01 1.30065432e+01 1.28543739e+01
    1.26120501e+01 1.20025549e+01 1.27482328e+01 1.23734512e+01
    1.37308502e+01 1.26107769e+01 1.31113548e+01 1.34842920e+01
    1.25838003e+01 1.26794395e+01 1.22574072e+01 1.19071856e+01
    1.18925152e+01 1.22502317e+01 1.10440502e+01 9.32391930e+00
    1.25254269e+01 1.13214836e+01 1.22730532e+01 1.08747511e+01
    1.27018881e+01 1.24143963e+01 1.23590279e+01 1.17628412e+01
    1.21052151e+01 1.24436922e+01 1.20916643e+01 1.14871607e+01
    1.28309040e+01 1.18686533e+01 1.04620895e+01 1.13213167e+01
    1.06484175e+01 1.10885038e+01 1.23931980e+01 1.22356720e+01
    1.06797047e+01 1.13224125e+01 1.24008703e+01 1.23038034e+01
    1.09675360e+01 1.11799936e+01 1.22131081e+01 9.00204659e+00
    1.12380943e+01 1.13793526e+01 8.94107151e+00 1.00325546e+01
    1.07411432e+01 1.04704590e+01 1.16063242e+01 9.90868950e+00
    1.11044760e+01 1.40357494e+01 1.24165030e+01 1.25963058e+01
    1.17741556e+01 1.21741257e+01 1.32039862e+01 1.23353796e+01
    1.24096012e+01 1.17804861e+01 1.09810791e+01 1.26141233e+01
    1.19982634e+01 1.30030584e+01 1.26105566e+01 1.27700758e+01
    1.20742264e+01 1.15385370e+01 1.48146648e+01 1.15797224e+01
    1.21971750e+01 1.24369850e+01 1.31428890e+01 1.16989994e+01
    1.18559542e+01 1.18355970e+01 1.17371807e+01 1.20601263e+01
    1.23973913e+01 1.20467300e+01 1.19927864e+01 1.23999271e+01
    1.12138529e+01 1.13400478e+01 1.19208584e+01 1.04100943e+01
    1.04929934e+01 1.10315437e+01 1.10084467e+01 1.09362421e+01
    1.30400095e+01 1.13458529e+01 1.14088173e+01 1.08944225e+01
    1.13389292e+01 1.06478338e+01 1.00693064e+01 1.08128490e+01
    1.11676912e+01 1.12303629e+01 1.04252958e+01 1.00613966e+01
    1.15455065e+01 1.16352301e+01 1.13400230e+01 1.27141848e+01
    1.27123232e+01 1.23720808e+01 1.38965454e+01 1.28733978e+01
    1.41040497e+01 1.29887047e+01 1.30826855e+01 1.30298700e+01
    1.28319464e+01 1.31703091e+01 1.25893669e+01 1.25302401e+01
    1.21521997e+01 1.05727177e+01 1.15285530e+01 1.11524162e+01
    1.09441776e+01 1.10736494e+01 1.08963165e+01 1.12647552e+01
    1.24140787e+01 1.26203365e+01 1.26225920e+01 1.21280975e+01
    1.40310831e+01 1.37338591e+01 1.30985727e+01 1.26174469e+01
    1.26774769e+01 1.25584631e+01 1.14686918e+01 1.01095314e+01
    1.14426451e+01 1.04734936e+01 6.71221352e+00 6.95907831e+00
    8.52007294e+00 1.12616310e+01 1.12481575e+01 1.23076830e+01
    1.10411606e+01 1.15898247e+01 1.24728355e+01 1.30776958e+01
    1.15738602e+01 1.22048588e+01 1.25889025e+01 1.19199924e+01
    1.25454702e+01 1.20092459e+01 1.24445572e+01 1.29750853e+01
    1.18329964e+01 1.16613894e+01 1.06711769e+01 1.08415470e+01
    1.17785883e+01 1.18822956e+01 1.04718475e+01 1.07435904e+01
    1.11637964e+01 1.12721605e+01 1.13001709e+01 1.13932629e+01
    1.04901276e+01 1.07575560e+01 1.13328190e+01 1.05007887e+01
    1.15298042e+01 1.21196966e+01 1.11417894e+01 1.19725847e+01
    1.29992514e+01 1.23705359e+01 1.22330503e+01 1.18526535e+01
    1.18285007e+01 1.22459173e+01 1.04407339e+01 1.12389889e+01
    1.19973612e+01 9.28646946e+00 1.15127716e+01 1.07641640e+01
    1.05415020e+01 1.10836239e+01 1.13813686e+01 1.13195744e+01
    1.19921417e+01 1.16231356e+01 1.16275377e+01 1.27050314e+01
    1.30576515e+01 1.37535334e+01 1.42869968e+01 1.28223276e+01
    1.25665789e+01 1.43645391e+01 1.29573231e+01 1.15784941e+01
    1.23808403e+01 1.11497450e+01 1.15252285e+01 1.28583412e+01
    1.27951441e+01 1.19140453e+01 1.20826674e+01 1.16896172e+01
    1.08983030e+01 1.11341839e+01 1.14163227e+01 1.11697235e+01
    1.18833799e+01 1.17825975e+01 1.10269547e+01 1.23862991e+01
    1.25231428e+01 1.20451517e+01 1.26443005e+01 1.23088226e+01
    1.21881170e+01 1.30684881e+01 1.23498821e+01 1.23142681e+01
    1.21939793e+01 1.22965298e+01 1.17087774e+01 1.23144579e+01
    1.21736927e+01 1.30154486e+01 1.13964109e+01 1.16199360e+01
    1.11545086e+01 1.04474306e+01 1.19284735e+01 1.00620918e+01
    1.13300867e+01 1.05410118e+01 1.05959225e+01 1.13369522e+01
    1.23641663e+01 1.17940350e+01 1.33006573e+01 1.24447136e+01
    1.26608639e+01 1.27066269e+01 1.20700607e+01 1.46417780e+01
    1.31159563e+01 1.38736544e+01 1.36835423e+01 1.33178024e+01
    1.41783190e+01 1.37628651e+01 1.38221006e+01 1.21704369e+01
    1.23790083e+01 1.11193914e+01 1.23128862e+01 1.25111418e+01
    1.21742458e+01 1.06352634e+01 1.13829365e+01 1.13968372e+01
    1.25840263e+01 1.23549395e+01 1.27428064e+01 1.32516832e+01
    1.18480434e+01 1.23230057e+01 1.28163271e+01 1.24386673e+01
    1.08815012e+01 1.17846460e+01 1.06149158e+01 1.11127996e+01
    1.22757187e+01 1.22917366e+01 1.15117588e+01 1.11600828e+01
    1.18508177e+01 1.17699242e+01 1.13657818e+01 1.04494638e+01
    1.04912710e+01 1.04231997e+01 1.20937576e+01 1.00732679e+01
    9.94110870e+00 1.14782095e+01 1.13223915e+01 1.06544819e+01
    1.06112289e+01 1.09646549e+01 1.20701637e+01 1.32956076e+01
    1.27132778e+01 1.35036745e+01 1.26892471e+01 1.37242813e+01
    1.31325636e+01 1.38220005e+01 1.32087231e+01 1.23571959e+01
    1.15496969e+01 1.29050980e+01 1.20173960e+01 1.23549776e+01
    1.29844799e+01 1.17385197e+01 1.24778204e+01 1.25567799e+01
    1.38754854e+01 1.30515013e+01 1.18418198e+01 1.18229055e+01
    1.30546627e+01 1.28757668e+01 1.23519926e+01 1.21866865e+01
    1.24481554e+01 1.19700871e+01 1.24396172e+01 1.17273598e+01
    1.26870747e+01 1.24799128e+01 1.03338051e+01 1.01065006e+01
    1.24500504e+01 9.90421677e+00 1.00419312e+01 1.07807426e+01
    9.90195847e+00 1.09930439e+01 1.22919655e+01 1.19543285e+01
    1.18613110e+01 1.10583506e+01 1.00069628e+01 1.10119143e+01
    1.04987669e+01 9.96580029e+00 1.03711700e+01 1.10133820e+01
    9.74658489e+00 1.00508232e+01 1.20670481e+01 1.19283915e+01
    1.24290352e+01 1.29444656e+01 1.32917938e+01 1.39180517e+01
    1.24059763e+01 1.40128384e+01 1.41816902e+01 1.31459179e+01
    1.35306635e+01 1.26043434e+01 1.25275621e+01 1.31871033e+01
    1.20771236e+01 1.23892746e+01 1.26735945e+01 1.10553579e+01
    1.09147387e+01 1.17270756e+01 1.15131102e+01 1.00804205e+01
    1.01212311e+01 1.06869440e+01 1.28780422e+01 1.22950258e+01
    1.17822895e+01 1.26077461e+01 1.41243382e+01 1.38484631e+01
    1.36757917e+01 1.33778572e+01 1.20829315e+01 1.29972067e+01
    1.11700964e+01 1.03626080e+01 1.11104727e+01 1.15027227e+01
    6.44506598e+00 6.93990898e+00 8.10069561e+00 1.13723059e+01
    1.06695890e+01 1.20834723e+01 1.03318081e+01 1.09904337e+01
    1.35113859e+01 1.22300110e+01 1.18618603e+01 1.27722664e+01
    1.14860783e+01 1.19031391e+01 1.28393822e+01 1.21195145e+01
    1.13746910e+01 1.10179405e+01 1.21386757e+01 1.17448702e+01
    1.06695900e+01 1.04175854e+01 1.13277464e+01 1.12889051e+01
    1.04960384e+01 9.46926117e+00 1.19536123e+01 1.00299749e+01
    1.08742104e+01 1.05632782e+01 1.03934441e+01 1.08120823e+01
    1.14147243e+01 1.08268194e+01 1.15887814e+01 1.19081564e+01
    1.22960796e+01 1.23187037e+01 1.25613518e+01 1.36955023e+01
    1.29794769e+01 1.19044495e+01 1.24647284e+01 1.18607597e+01
    1.13487053e+01 9.88658333e+00 1.06401234e+01 1.15883360e+01
    9.96403503e+00 9.32224560e+00 1.09103928e+01 1.10165310e+01
    1.00189800e+01 1.07388611e+01 1.13808327e+01 1.10610046e+01
    1.16433411e+01 1.18708735e+01 1.20662413e+01 1.37669182e+01
    1.39467421e+01 1.14700699e+01 1.15133638e+01 1.32581291e+01
    1.18980131e+01 1.13189001e+01 1.17348862e+01 1.05375004e+01
    1.17015963e+01 1.10506687e+01 1.01444187e+01 1.06546688e+01
    1.13706865e+01 1.09627399e+01 1.19069290e+01 1.13889694e+01
    1.27156496e+01 1.13750467e+01 1.21516514e+01 1.26205969e+01
    1.01692600e+01 1.16536703e+01 1.27656803e+01 1.19486256e+01
    1.20709410e+01 1.30437183e+01 1.33303556e+01 1.27221165e+01
    1.26447420e+01 1.19979849e+01 1.19898605e+01 1.13241816e+01
    1.20860128e+01 1.09103079e+01 1.17121534e+01 1.15477009e+01
    1.10789919e+01 1.18177156e+01 1.08322058e+01 1.07189455e+01
    1.03478212e+01 1.10279865e+01 1.08301716e+01 9.68925095e+00
    1.08519411e+01 1.20527067e+01 1.26018419e+01 1.22194338e+01
    1.35591393e+01 1.19684305e+01 1.26283464e+01 1.18810110e+01
    1.37823572e+01 1.34632568e+01 1.15716915e+01 1.19240942e+01
    1.34795094e+01 1.17023630e+01 1.31018562e+01 1.26611071e+01
    1.23621054e+01 1.32850866e+01 1.28009319e+01 1.24304333e+01
    1.34232159e+01 1.33376160e+01 1.16478252e+01 1.12772045e+01
    1.29456282e+01 1.18514519e+01 1.14546719e+01 1.21674538e+01
    1.19206724e+01 1.20973215e+01 1.20347691e+01 1.25912533e+01
    1.32178354e+01 1.24194002e+01 1.10812168e+01 1.07654400e+01
    1.02539473e+01 1.08931217e+01 1.06567135e+01 1.09052868e+01
    1.05874939e+01 1.06594486e+01 1.23957262e+01 1.20771685e+01
    1.19875555e+01 1.24298191e+01 1.15904169e+01 1.06595383e+01
    1.26265478e+01 1.08650341e+01 1.08420830e+01 1.21455898e+01
    1.10918255e+01 1.20181417e+01 1.17650185e+01 1.04569502e+01
    1.22826014e+01 1.28973904e+01 1.17464352e+01 1.22402458e+01
    1.24634123e+01 1.36697588e+01 1.34282169e+01 1.34461870e+01
    1.17143383e+01 1.18616600e+01 1.25171404e+01 1.15553780e+01
    1.17514334e+01 1.18068762e+01 1.27668648e+01 1.13464994e+01
    1.24248180e+01 1.25139704e+01 1.22491770e+01 1.21840935e+01
    1.34279366e+01 1.24635010e+01 1.20961599e+01 1.21814413e+01
    1.11959906e+01 1.14251537e+01 1.19735250e+01 9.90872765e+00
    1.20688181e+01 1.21847267e+01 1.21151476e+01 1.06792469e+01
    1.13268604e+01 1.07434664e+01 1.14407988e+01 1.17582674e+01
    1.09925661e+01 1.02377062e+01 1.06567135e+01 1.12835274e+01
    1.29643021e+01 1.16599274e+01 1.21460962e+01 1.16453886e+01
    1.00137043e+01 1.04417229e+01 1.06168737e+01 9.91989708e+00
    1.03931713e+01 9.61841488e+00 9.93937016e+00 1.03060865e+01
    1.17694683e+01 1.16569662e+01 1.29375572e+01 1.38186197e+01
    1.25010643e+01 1.36555223e+01 1.37783527e+01 1.52174597e+01
    1.36484337e+01 1.27984505e+01 1.24718962e+01 1.18032322e+01
    1.32394533e+01 1.16046791e+01 1.16130438e+01 1.13519526e+01
    1.15555077e+01 9.71902466e+00 1.19876347e+01 1.11853552e+01
    1.08192034e+01 1.13450680e+01 1.09075031e+01 1.16328135e+01
    1.28239174e+01 1.14940624e+01 1.17384834e+01 1.26912260e+01
    1.33866634e+01 1.29579659e+01 1.39573965e+01 1.34060259e+01
    1.30952244e+01 1.36351023e+01 1.27438936e+01 1.10671215e+01
    1.27770643e+01 1.13416204e+01 7.23969269e+00 7.32523823e+00
    7.76809025e+00 1.11153860e+01 1.18928814e+01 1.24922962e+01
    1.04900646e+01 1.10000429e+01 1.19377546e+01 1.29492121e+01
    1.31367922e+01 1.30241833e+01 1.09068012e+01 1.26308336e+01
    1.21374235e+01 1.11079493e+01 1.18842430e+01 1.16076593e+01
    1.12574253e+01 1.03531065e+01 9.59243393e+00 1.05170307e+01
    1.07166109e+01 1.07895298e+01 1.04694700e+01 9.98352432e+00
    1.11452389e+01 1.12049475e+01 1.11955004e+01 1.13740635e+01
    1.10245171e+01 1.19140415e+01 1.06895695e+01 1.18102570e+01
    1.20685186e+01 1.19924402e+01 1.17005329e+01 1.26337881e+01
    1.29206457e+01 1.14170351e+01 1.11255856e+01 1.03151875e+01
    1.12998104e+01 1.14259062e+01 1.06116829e+01 9.89312935e+00
    1.10170307e+01 1.15709362e+01 9.52429008e+00 1.00212030e+01
    1.12290154e+01 1.07958374e+01 1.09061384e+01 9.02123928e+00
    1.08433475e+01 1.13917532e+01 1.07143202e+01 1.02458267e+01
    1.10373135e+01 1.21013956e+01 1.27993240e+01 1.10505123e+01
    1.05475035e+01 1.37471457e+01 1.23244114e+01 1.21522741e+01
    1.04719944e+01 1.15352249e+01 1.21399460e+01 1.12009239e+01
    9.60616207e+00 1.15057707e+01 1.16540136e+01 1.14141912e+01
    1.14959345e+01 1.08461704e+01 1.30363045e+01 1.37870321e+01
    1.26049623e+01 1.23234987e+01 1.24532681e+01 1.31492996e+01
    1.42832069e+01 1.24983320e+01 1.19115267e+01 1.29566460e+01
    1.33642569e+01 1.31271667e+01 1.26825571e+01 1.28146553e+01
    1.29134378e+01 1.26731863e+01 1.29368153e+01 1.14649105e+01
    1.04022684e+01 1.30069666e+01 1.23615856e+01 1.07566700e+01
    9.88197803e+00 1.04182825e+01 1.06894646e+01 1.08091335e+01
    1.06893215e+01 9.32616711e+00 9.95617676e+00 1.07404699e+01
    1.14768476e+01 1.29158888e+01 1.05135851e+01 1.25277405e+01
    1.34773407e+01 1.29029493e+01 1.53964262e+01 1.28716335e+01
    1.20660362e+01 1.37119942e+01 1.30803375e+01 1.38365860e+01
    1.25279102e+01 1.32415314e+01 1.35537796e+01 1.41446981e+01
    1.16734486e+01 1.30285234e+01 1.31854324e+01 1.16878185e+01
    1.16369114e+01 1.39722767e+01 1.17581196e+01 1.15407362e+01
    1.25804949e+01 1.30336180e+01 1.12326603e+01 1.33069363e+01
    1.21232386e+01 1.23192463e+01 1.27124710e+01 1.26268969e+01
    1.12748880e+01 1.05298786e+01 1.09443855e+01 9.96468067e+00
    1.04658308e+01 9.56121731e+00 1.00058098e+01 1.12195444e+01
    1.24346542e+01 1.18141451e+01 1.16577978e+01 1.27159328e+01
    1.27974377e+01 1.16015968e+01 1.28264809e+01 1.14474592e+01
    1.18567696e+01 1.32896252e+01 1.15238342e+01 1.28024540e+01
    1.22190456e+01 1.17888260e+01 1.38629475e+01 1.31912994e+01
    1.27109118e+01 1.31657763e+01 1.21749382e+01 1.29804697e+01
    1.28124962e+01 1.22667274e+01 1.20839138e+01 1.11111822e+01
    1.19571209e+01 1.21089382e+01 1.16331902e+01 1.35619087e+01
    1.17081547e+01 1.26059361e+01 1.36393251e+01 1.42463274e+01
    1.33260040e+01 1.35302429e+01 1.36288176e+01 1.23324995e+01
    1.20623121e+01 1.36180286e+01 1.22608843e+01 1.18823452e+01
    1.20249939e+01 1.17993660e+01 1.25524807e+01 1.27761822e+01
    1.28078690e+01 1.31556187e+01 1.25919609e+01 1.13498392e+01
    1.11563797e+01 1.12440538e+01 1.00363092e+01 9.90974998e+00
    1.02340164e+01 1.07154846e+01 1.13375635e+01 1.16921053e+01
    1.17213116e+01 1.12701807e+01 1.09097261e+01 1.12252693e+01
    1.04420652e+01 1.00139999e+01 1.07168751e+01 9.47543240e+00
    9.60212231e+00 1.04028044e+01 1.11356735e+01 1.11674500e+01
    1.22643185e+01 1.27042761e+01 1.16157637e+01 1.29249039e+01
    1.37775335e+01 1.36648293e+01 1.36369753e+01 1.25988884e+01
    1.39979773e+01 1.21720514e+01 1.21654024e+01 1.18013887e+01
    1.13653440e+01 1.21056585e+01 9.15225410e+00 1.12636747e+01
    1.20923977e+01 1.10447750e+01 1.03527269e+01 1.10696831e+01
    1.06757994e+01 1.15041943e+01 1.19876337e+01 1.11935759e+01
    1.06624660e+01 1.17564154e+01 1.26006889e+01 1.20831642e+01
    1.26481552e+01 1.36055431e+01 1.38640842e+01 1.24015522e+01
    1.18648138e+01 1.15285988e+01 1.18036203e+01 1.15094500e+01
    7.07568121e+00 7.70445681e+00 8.21377754e+00 1.08089399e+01
    9.83911037e+00 1.10168324e+01 1.07452993e+01 1.01548443e+01
    1.12786694e+01 1.23218775e+01 1.32664433e+01 1.15792208e+01
    1.18737640e+01 1.20130720e+01 1.14409513e+01 1.14925594e+01
    1.16887112e+01 1.02940207e+01 1.06659861e+01 1.02515259e+01
    1.03274298e+01 1.10010309e+01 1.10025368e+01 1.05222473e+01
    1.15796890e+01 1.18149109e+01 1.17002735e+01 1.12975998e+01
    1.23547487e+01 1.09559822e+01 1.16368227e+01 1.26860037e+01
    1.16268053e+01 1.16121988e+01 1.29813824e+01 1.36600285e+01
    1.22864733e+01 1.17360516e+01 1.36601448e+01 1.16623068e+01
    1.25767336e+01 1.28664474e+01 1.16153889e+01 1.11544428e+01
    1.10003490e+01 1.01822767e+01 1.01087742e+01 9.21721554e+00
    1.02221498e+01 8.50826454e+00 1.00553398e+01 1.11368380e+01
    1.12953796e+01 9.59017086e+00 9.86067677e+00 1.26707249e+01
    1.24268541e+01 1.23426533e+01 1.17509174e+01 1.23389053e+01
    1.32805843e+01 1.21703587e+01 1.21572218e+01 1.26202087e+01
    1.20549774e+01 1.07915659e+01 1.18465757e+01 1.08798141e+01
    1.18286123e+01 1.23188705e+01 1.11403389e+01 1.08928995e+01
    1.23695822e+01 1.27518730e+01 1.07686882e+01 1.12875433e+01
    1.29897976e+01 1.37335606e+01 1.19412155e+01 1.16248531e+01
    1.32517138e+01 1.24576340e+01 1.25462656e+01 1.21800623e+01
    1.16047468e+01 1.23902569e+01 1.25116720e+01 1.26453657e+01
    1.34663954e+01 1.29539871e+01 1.21754627e+01 1.36496649e+01
    1.29697609e+01 1.25486822e+01 1.16547527e+01 1.13298616e+01
    1.04182224e+01 1.09022293e+01 9.16865063e+00 8.23554993e+00
    8.29656982e+00 1.00593348e+01 9.71493912e+00 8.95345592e+00
    9.79603958e+00 9.91226959e+00 1.06479397e+01 1.16938562e+01
    1.14907799e+01 1.05464277e+01 1.24392090e+01 1.20082169e+01
    1.49125681e+01 1.34665318e+01 1.34499626e+01 1.24269943e+01
    1.32865343e+01 1.34905863e+01 1.27514791e+01 1.23821011e+01
    1.38258152e+01 1.36141262e+01 1.27043924e+01 1.46454897e+01
    1.49769535e+01 1.35086966e+01 1.23710804e+01 1.24107943e+01
    1.27053518e+01 1.28930960e+01 1.20669298e+01 1.25204248e+01
    1.26979752e+01 1.29739571e+01 1.24797230e+01 1.16522856e+01
    1.42284813e+01 1.13384752e+01 1.16178617e+01 1.13860884e+01
    1.05918970e+01 1.10908451e+01 9.85993385e+00 1.00974703e+01
    1.03507833e+01 1.20726023e+01 1.19532185e+01 1.16287346e+01
    1.21692696e+01 1.38238859e+01 1.22954674e+01 1.25601654e+01
    1.35012960e+01 1.18737993e+01 1.13245459e+01 1.18218451e+01
    1.33271484e+01 1.23816442e+01 1.22450380e+01 1.16902256e+01
    1.41456470e+01 1.27522554e+01 1.25547619e+01 1.32849712e+01
    1.26588678e+01 1.28216076e+01 1.33829279e+01 1.21512756e+01
    1.27553349e+01 1.28290777e+01 1.08937578e+01 1.06217937e+01
    1.19097061e+01 1.39099760e+01 1.27358007e+01 1.20984669e+01
    1.34721823e+01 1.37649059e+01 1.40788050e+01 1.29603310e+01
    1.41945915e+01 1.29515896e+01 1.15082417e+01 1.30781269e+01
    1.26820507e+01 1.18542891e+01 1.12445707e+01 1.06259098e+01
    1.20214739e+01 1.24792490e+01 1.14663258e+01 1.24732866e+01
    1.26591177e+01 1.20640745e+01 1.07150011e+01 1.16746664e+01
    1.08445024e+01 1.03791313e+01 1.09183836e+01 1.05975924e+01
    1.15525303e+01 1.15090275e+01 1.23262568e+01 1.19492607e+01
    1.09709711e+01 1.05417109e+01 1.00724669e+01 1.07066250e+01
    1.09401150e+01 9.40465832e+00 9.77258587e+00 1.21283779e+01
    1.17923145e+01 1.12782116e+01 1.11707878e+01 1.20089054e+01
    1.17970371e+01 1.18677492e+01 1.27217360e+01 1.32423706e+01
    1.26867456e+01 1.17211399e+01 1.26425400e+01 1.34824247e+01
    1.24100361e+01 1.19941063e+01 1.10784960e+01 1.26072817e+01
    1.22380905e+01 1.02143564e+01 1.24100704e+01 1.21223221e+01
    1.12213554e+01 9.73223400e+00 1.20608473e+01 1.12572451e+01
    1.17089710e+01 9.95324707e+00 1.16336212e+01 1.17337656e+01
    1.23716707e+01 1.25709133e+01 1.22681227e+01 1.28319798e+01
    1.31250916e+01 1.25927229e+01 1.18482723e+01 1.24310894e+01
    1.17068501e+01 1.28240385e+01 7.56940556e+00 8.15213680e+00
    9.12215424e+00 1.17394762e+01 1.24428043e+01 1.10044937e+01
    1.13903561e+01 1.16013384e+01 1.24345016e+01 1.22623062e+01
    1.18397198e+01 1.19982052e+01 1.15555325e+01 1.18250151e+01
    1.16673985e+01 1.04590502e+01 1.08310947e+01 9.91355419e+00
    1.01824493e+01 1.09887972e+01 9.91399574e+00 1.10756712e+01
    1.13062315e+01 9.79729652e+00 1.13710947e+01 1.19338198e+01
    1.17077026e+01 1.13733692e+01 1.10862484e+01 1.15494957e+01
    1.07794189e+01 1.26975174e+01 1.23014784e+01 1.12158575e+01
    1.25352383e+01 1.24613438e+01 1.28091698e+01 1.21741133e+01
    1.23141499e+01 1.27398577e+01 1.11551905e+01 1.26029596e+01
    1.17529726e+01 1.22322531e+01 1.22528458e+01 1.10447359e+01
    1.11605301e+01 1.01945457e+01 1.01201572e+01 9.92669964e+00
    1.02985668e+01 1.12425442e+01 1.05837812e+01 1.09719820e+01
    1.08640633e+01 1.08189936e+01 1.28304291e+01 1.16220007e+01
    1.22942905e+01 1.22705564e+01 1.20704441e+01 1.28169403e+01
    1.31609306e+01 1.09100170e+01 1.19352236e+01 9.75897312e+00
    1.09646769e+01 1.14955187e+01 1.04983406e+01 1.01129236e+01
    9.78316975e+00 1.08214245e+01 1.09824276e+01 1.11478167e+01
    1.12216291e+01 1.13593245e+01 1.16793137e+01 1.29923744e+01
    1.15818424e+01 1.27861214e+01 1.08733435e+01 1.18948326e+01
    1.06774826e+01 1.13607607e+01 1.14705372e+01 1.16371698e+01
    1.28760548e+01 1.24746485e+01 1.18476849e+01 1.34354105e+01
    1.38327332e+01 1.24109783e+01 1.24482985e+01 1.22329197e+01
    1.17699490e+01 1.08238878e+01 1.09436560e+01 1.05980682e+01
    9.29092312e+00 8.78549194e+00 8.87775326e+00 9.29205513e+00
    1.06109838e+01 9.41208553e+00 9.23460293e+00 9.00885677e+00
    1.12918100e+01 1.11748562e+01 1.13363552e+01 1.04409990e+01
    1.09442396e+01 1.24273825e+01 1.34001074e+01 1.38521614e+01
    1.20013542e+01 1.27765818e+01 1.34908066e+01 1.25619316e+01
    1.32642260e+01 1.25519657e+01 1.24729338e+01 1.25618725e+01
    1.31283369e+01 1.32176781e+01 1.42669373e+01 1.39345932e+01
    1.31976347e+01 1.35809889e+01 1.44752703e+01 1.36149483e+01
    1.46264782e+01 1.28532772e+01 1.32696390e+01 1.35664806e+01
    1.27730904e+01 1.27622843e+01 1.30487356e+01 1.34936018e+01
    9.42567730e+00 1.05205603e+01 1.08284206e+01 1.04356852e+01
    1.02809639e+01 1.02476158e+01 1.09329596e+01 1.17200422e+01
    1.38392200e+01 1.27578192e+01 1.33714905e+01 1.34906826e+01
    1.31411648e+01 1.31884489e+01 1.24939404e+01 1.24225893e+01
    1.23034868e+01 1.15805387e+01 1.25781107e+01 1.33821650e+01
    1.30862484e+01 1.14477854e+01 1.34924192e+01 1.24012699e+01
    1.24906502e+01 1.31460962e+01 1.20421457e+01 1.18115959e+01
    1.30885124e+01 1.18054476e+01 1.25288801e+01 1.23124285e+01
    1.12915249e+01 1.22088184e+01 1.20403233e+01 1.19368134e+01
    1.24431248e+01 1.13017321e+01 1.20204334e+01 1.36141987e+01
    1.23327112e+01 1.34781294e+01 1.41396093e+01 1.23293343e+01
    1.18484783e+01 1.27207184e+01 1.27982359e+01 1.26088448e+01
    1.17887869e+01 1.13713465e+01 1.13848057e+01 1.17977190e+01
    1.31125965e+01 1.28041172e+01 1.19240646e+01 1.19605608e+01
    1.26210527e+01 1.30462208e+01 1.21144819e+01 1.07778854e+01
    1.01849174e+01 1.20080585e+01 1.19598331e+01 1.09620142e+01
    1.19741383e+01 1.11610231e+01 1.24188480e+01 1.11369915e+01
    1.07102385e+01 1.24243431e+01 1.11158791e+01 9.43380451e+00
    1.01055069e+01 1.11813650e+01 1.13837490e+01 1.18409004e+01
    1.13246307e+01 1.25765963e+01 1.25371895e+01 1.11634502e+01
    1.31538248e+01 1.34443197e+01 1.23955259e+01 1.00340252e+01
    1.07791967e+01 1.30545940e+01 1.16630449e+01 1.08273535e+01
    1.01360674e+01 1.06384325e+01 1.22362719e+01 1.06190348e+01
    1.27319536e+01 1.28970394e+01 1.03962536e+01 1.12122068e+01
    1.30182323e+01 1.22684202e+01 9.58324623e+00 1.11529312e+01
    1.04633799e+01 1.07200546e+01 1.23193197e+01 1.26948452e+01
    1.06628513e+01 1.26118727e+01 1.29103069e+01 1.26684074e+01
    1.29138184e+01 1.16934996e+01 1.17409019e+01 1.27047529e+01
    7.92116547e+00 8.25128746e+00 8.86246014e+00 1.21155605e+01
    1.18303213e+01 1.18632765e+01 1.18632631e+01 1.03152142e+01
    1.17518473e+01 1.34826565e+01 1.23664150e+01 1.32161512e+01
    1.17804642e+01 1.07797594e+01 1.07847672e+01 9.56872845e+00
    1.05354013e+01 8.82230663e+00 8.44336414e+00 9.95213032e+00
    9.13396740e+00 1.07254848e+01 1.08406067e+01 1.06823292e+01
    1.18513660e+01 1.14791622e+01 1.21139412e+01 1.17230005e+01
    1.14668941e+01 1.05520020e+01 1.18036404e+01 1.10553694e+01
    1.21285524e+01 1.23963833e+01 1.33915844e+01 1.32357769e+01
    1.36812363e+01 1.24433193e+01 1.21698303e+01 1.45870533e+01
    1.22964954e+01 1.07026844e+01 1.24554138e+01 1.25652504e+01
    1.21578875e+01 1.11296463e+01 1.24355927e+01 1.01433029e+01
    9.88861179e+00 1.09846430e+01 1.00688105e+01 1.19274216e+01
    1.03660460e+01 1.04660654e+01 1.24620028e+01 1.19162607e+01
    1.25899181e+01 1.16812258e+01 1.15568657e+01 1.20443830e+01
    1.19662237e+01 1.05259151e+01 1.27208147e+01 1.12243500e+01
    1.18819895e+01 1.08910294e+01 1.03850613e+01 1.15451117e+01
    1.09909315e+01 1.03602133e+01 9.54671288e+00 1.02804193e+01
    1.19814377e+01 1.12759094e+01 1.06057749e+01 1.09174881e+01
    1.25335789e+01 1.34173527e+01 1.14028864e+01 1.10070057e+01
    1.13189697e+01 1.23259802e+01 1.09616213e+01 1.17993164e+01
    1.14840965e+01 1.19133015e+01 1.32320309e+01 1.36066628e+01
    1.14792290e+01 1.29244766e+01 1.31389790e+01 1.29466972e+01
    1.15261755e+01 1.17034225e+01 1.19314327e+01 1.17461910e+01
    1.07592077e+01 1.15133171e+01 1.06292048e+01 9.11098480e+00
    9.75611687e+00 1.01199408e+01 1.06251078e+01 9.54450417e+00
    9.21884727e+00 1.01352291e+01 1.04149036e+01 1.11934967e+01
    1.14922256e+01 9.80585861e+00 1.19729366e+01 1.28000002e+01
    1.37309809e+01 1.26074905e+01 1.26541319e+01 1.37512360e+01
    1.35650167e+01 1.14589376e+01 1.33830633e+01 1.17779512e+01
    1.17617111e+01 1.26130476e+01 1.29857168e+01 1.20453243e+01
    1.26523790e+01 1.28861809e+01 1.32841034e+01 1.23853626e+01
    1.32332163e+01 1.34422007e+01 1.30910702e+01 1.31032019e+01
    1.42107983e+01 1.28931456e+01 1.31772652e+01 1.29798708e+01
    1.30771523e+01 1.22617741e+01 1.16935520e+01 1.03629532e+01
    1.04619656e+01 8.99653530e+00 1.01922350e+01 9.13599491e+00
    1.03708038e+01 1.28306589e+01 1.27304392e+01 1.42958946e+01
    1.46257582e+01 1.42975111e+01 1.48442812e+01 1.48105421e+01
    1.32149105e+01 1.20385742e+01 1.21990948e+01 1.24252834e+01
    1.16126060e+01 1.16154060e+01 1.20418568e+01 1.23891363e+01
    1.31077824e+01 1.13733511e+01 1.25880442e+01 1.33340178e+01
    1.22747421e+01 1.15084248e+01 1.19710732e+01 1.26173830e+01
    1.24906082e+01 1.11240091e+01 1.01273079e+01 1.06859379e+01
    1.32092476e+01 1.23777971e+01 1.28773127e+01 1.41480141e+01
    1.27145634e+01 1.45694876e+01 1.43831711e+01 1.44610710e+01
    1.32752218e+01 1.19822989e+01 1.21398735e+01 1.41568012e+01
    1.12354870e+01 1.24731703e+01 1.11540747e+01 1.10501842e+01
    1.15876122e+01 1.25226946e+01 1.32187357e+01 1.29106989e+01
    1.24597311e+01 1.25648289e+01 1.27400017e+01 1.26141739e+01
    1.06575785e+01 1.07852373e+01 1.18354006e+01 1.10259228e+01
    1.09814396e+01 1.12666531e+01 1.23918686e+01 1.16118479e+01
    1.12043619e+01 1.14363842e+01 1.18258667e+01 1.14308920e+01
    1.05914536e+01 1.07782450e+01 1.16348619e+01 1.03658447e+01
    1.23724365e+01 1.26833115e+01 1.22529783e+01 1.27579298e+01
    1.20269518e+01 1.18088531e+01 1.31737251e+01 1.29962883e+01
    1.30332289e+01 1.07925320e+01 1.00777254e+01 1.17679873e+01
    1.16796694e+01 1.02147093e+01 1.06292582e+01 1.01727581e+01
    1.06568899e+01 1.19998970e+01 1.15230436e+01 1.17809296e+01
    1.16763878e+01 1.08116446e+01 1.25542955e+01 1.18922100e+01
    9.78615856e+00 1.23606358e+01 1.07030401e+01 1.20208750e+01
    1.15137892e+01 1.17089081e+01 1.23464270e+01 1.25744076e+01
    1.21100473e+01 1.18959541e+01 1.17705326e+01 1.08877220e+01
    1.08660831e+01 9.87098694e+00 8.06081390e+00 7.53464079e+00
    1.00813837e+01 1.26941481e+01 1.19586544e+01 1.25054712e+01
    1.14095678e+01 1.16187115e+01 1.29186115e+01 1.31234989e+01
    1.36013460e+01 1.28919344e+01 1.14243135e+01 1.15651264e+01
    1.22376118e+01 1.01249886e+01 9.45204544e+00 8.70293236e+00
    8.40226269e+00 1.01089468e+01 1.03033943e+01 1.08007126e+01
    1.05866966e+01 1.05053635e+01 1.27560053e+01 1.29164944e+01
    1.17375088e+01 1.19907846e+01 1.19717817e+01 1.08139677e+01
    1.22005720e+01 1.04732304e+01 1.21407080e+01 1.09169617e+01
    1.23039808e+01 1.22835932e+01 1.19659433e+01 1.40632305e+01
    1.26044483e+01 1.27832727e+01 1.38271885e+01 1.09043188e+01
    1.25824146e+01 1.26426764e+01 1.04078093e+01 1.15401011e+01
    1.25695915e+01 1.04314384e+01 7.94309950e+00 9.76338768e+00
    1.05444632e+01 1.13808002e+01 1.05572376e+01 9.35709858e+00
    1.26993561e+01 1.28262320e+01 1.24147787e+01 1.24656267e+01
    1.10559196e+01 1.29966412e+01 1.18605156e+01 1.23153553e+01
    1.22452955e+01 1.27401924e+01 1.19863720e+01 1.23342733e+01
    9.94304943e+00 1.15282621e+01 1.25957060e+01 1.02135305e+01
    1.00839758e+01 1.05911026e+01 1.19879942e+01 1.19784098e+01
    1.06665421e+01 1.10105982e+01 1.21176176e+01 1.30400496e+01
    1.08366871e+01 1.07445555e+01 1.17760954e+01 1.16826057e+01
    1.25872316e+01 1.01292238e+01 1.10506878e+01 1.28981924e+01
    1.25026855e+01 1.17650108e+01 1.23798008e+01 1.24601212e+01
    1.23863831e+01 1.26800308e+01 1.24360895e+01 1.04779739e+01
    1.19799843e+01 1.16435337e+01 1.08334217e+01 9.71252823e+00
    1.10385761e+01 9.71179581e+00 9.83841324e+00 1.07008352e+01
    1.06138153e+01 1.03743744e+01 1.11154766e+01 1.02282963e+01
    9.16616726e+00 1.12856503e+01 1.12535038e+01 1.03023157e+01
    1.09696550e+01 1.27830563e+01 1.28950396e+01 1.34412775e+01
    1.28640308e+01 1.36592150e+01 1.28139372e+01 1.20850887e+01
    1.28830252e+01 1.19471684e+01 1.11149073e+01 1.31043043e+01
    1.16410398e+01 1.18702879e+01 1.22652178e+01 1.25708780e+01
    1.24533796e+01 1.34807873e+01 1.35024891e+01 1.48095684e+01
    1.34695768e+01 1.47158766e+01 1.27988091e+01 1.30502539e+01
    1.19281721e+01 1.27085848e+01 1.24434624e+01 1.16026459e+01
    1.18239326e+01 1.04870787e+01 1.06335611e+01 1.03271732e+01
    1.13774424e+01 1.02581043e+01 1.03310213e+01 1.16273022e+01
    1.31780205e+01 1.32579823e+01 1.44587412e+01 1.46676321e+01
    1.41896191e+01 1.34182634e+01 1.34365339e+01 1.24495726e+01
    1.21029463e+01 1.20645952e+01 1.26550255e+01 1.29097462e+01
    1.35129566e+01 1.22264261e+01 1.38069115e+01 1.21582823e+01
    1.25797310e+01 1.23205671e+01 1.14507380e+01 1.08620968e+01
    1.14256592e+01 1.04903059e+01 1.16089859e+01 1.18136511e+01
    1.03592949e+01 1.10642586e+01 1.32768517e+01 1.22314272e+01
    1.07520828e+01 1.21755304e+01 1.25408726e+01 1.34779243e+01
    1.27311211e+01 1.32729950e+01 1.29145899e+01 1.24725418e+01
    1.19857292e+01 1.22628517e+01 1.15891485e+01 1.24350882e+01
    1.09902401e+01 1.11380215e+01 1.22898531e+01 1.17481613e+01
    1.09068680e+01 1.19916239e+01 1.14818621e+01 1.16101360e+01
    1.18973351e+01 1.10571136e+01 1.07939968e+01 1.15587015e+01
    1.12787619e+01 1.02122555e+01 1.21498747e+01 1.16271763e+01
    1.21392164e+01 1.33558750e+01 1.10047531e+01 1.18513861e+01
    1.29907846e+01 1.31728573e+01 1.14917784e+01 1.14843082e+01
    1.26455383e+01 1.13924847e+01 1.13596697e+01 1.12280350e+01
    1.17673626e+01 1.27580061e+01 1.11599112e+01 1.16446171e+01
    1.31013575e+01 1.26499891e+01 1.27310724e+01 1.18773890e+01
    1.22000408e+01 1.21037302e+01 1.18679695e+01 1.13220787e+01
    1.18425255e+01 1.09113474e+01 9.45259285e+00 1.30731926e+01
    1.24868250e+01 1.08731709e+01 1.10504847e+01 1.23624887e+01
    1.21079340e+01 1.14412107e+01 1.15137959e+01 1.16587706e+01
    1.17548733e+01 1.11565590e+01 1.31403885e+01 1.23937092e+01
    1.32699146e+01 1.29276171e+01 1.30387201e+01 1.28170786e+01
    1.20700617e+01 1.18308668e+01 1.14348688e+01 1.15709734e+01
    7.46479368e+00 6.38913584e+00 8.87536526e+00 1.21140127e+01
    1.24763765e+01 1.23666134e+01 1.20547066e+01 1.14885578e+01
    1.30905504e+01 1.25971346e+01 1.33449526e+01 1.21342516e+01
    1.22905350e+01 1.12023726e+01 1.09098911e+01 1.08313379e+01
    9.09984589e+00 8.16136837e+00 9.36400795e+00 1.03362703e+01
    9.61761570e+00 1.00062494e+01 1.06892395e+01 1.13287554e+01
    1.36227398e+01 1.20545835e+01 1.29315434e+01 1.16628428e+01
    1.20682402e+01 1.24597940e+01 1.11180983e+01 1.09125118e+01
    1.11724129e+01 1.13986664e+01 1.35996361e+01 1.05587196e+01
    1.22757359e+01 1.18486261e+01 1.26745052e+01 1.05932360e+01
    1.13501596e+01 1.13018084e+01 1.20355673e+01 1.22465076e+01
    1.10107660e+01 1.13418455e+01 1.08962679e+01 1.02635822e+01
    1.03216162e+01 9.85114193e+00 1.12168217e+01 1.16820860e+01
    1.02758322e+01 1.05269375e+01 1.17120619e+01 1.30342016e+01
    1.16894264e+01 1.18831902e+01 1.23946943e+01 1.33141460e+01
    1.23776407e+01 1.29700975e+01 1.16443863e+01 1.23173914e+01
    1.23751965e+01 1.15002680e+01 1.07210064e+01 1.07347097e+01
    1.13079338e+01 9.35707283e+00 9.12401581e+00 9.66578484e+00
    1.04723511e+01 1.07849150e+01 9.68719101e+00 9.95528030e+00
    1.12106514e+01 1.17317123e+01 1.17427826e+01 1.13063002e+01
    1.04817429e+01 1.16708784e+01 1.18108702e+01 1.15893993e+01
    1.14241629e+01 1.17890797e+01 1.24756727e+01 1.14839954e+01
    1.32411213e+01 1.27719746e+01 1.25966787e+01 1.22040749e+01
    1.06189041e+01 1.00217772e+01 1.19256449e+01 1.12083015e+01
    1.07096529e+01 1.03086157e+01 9.22476578e+00 1.09237843e+01
    1.01504631e+01 1.06117315e+01 1.03773041e+01 1.10165806e+01
    1.09306135e+01 9.44099140e+00 1.10976982e+01 1.11263409e+01
    1.02882633e+01 1.04935923e+01 1.14658604e+01 1.11726313e+01
    1.24354620e+01 1.29340696e+01 1.20907936e+01 1.28635101e+01
    1.12739201e+01 1.19359493e+01 1.17283659e+01 1.08383188e+01
    1.12821922e+01 1.14665613e+01 9.78124619e+00 1.11997204e+01
    1.13044014e+01 1.09565954e+01 1.14403114e+01 1.23334923e+01
    1.32531548e+01 1.37163219e+01 1.37246866e+01 1.31596136e+01
    1.43304300e+01 1.38631392e+01 1.28592482e+01 1.13262339e+01
    1.25813303e+01 1.13749475e+01 9.97890949e+00 1.06587887e+01
    1.19021320e+01 9.94199657e+00 9.92980385e+00 1.07142372e+01
    1.01784191e+01 1.26484365e+01 1.16948214e+01 1.31578169e+01
    1.43802881e+01 1.35354662e+01 1.42298441e+01 1.32798319e+01
    1.34831963e+01 1.27728891e+01 1.10781460e+01 1.23106642e+01
    1.08539896e+01 1.16197834e+01 1.26353016e+01 1.19487686e+01
    1.24207363e+01 1.16269550e+01 1.22791252e+01 1.11278772e+01
    1.07450466e+01 9.38764954e+00 1.15446749e+01 1.13060637e+01
    1.14898148e+01 1.14085503e+01 1.08661737e+01 1.15844069e+01
    1.26576681e+01 1.23914022e+01 1.20961752e+01 1.20591612e+01
    1.31758766e+01 1.37364120e+01 1.31343384e+01 1.28958912e+01
    1.23178329e+01 1.17901964e+01 1.24972334e+01 1.20522900e+01
    1.19219532e+01 1.19745665e+01 1.16070623e+01 1.08246593e+01
    1.19503965e+01 1.21308002e+01 1.28628721e+01 1.29501934e+01
    1.14052916e+01 1.26518126e+01 1.29094219e+01 1.16666002e+01
    1.13679104e+01 1.28026714e+01 1.03908558e+01 1.07394943e+01
    1.02216845e+01 1.17087650e+01 1.15572796e+01 1.16664896e+01
    1.14775076e+01 1.25641336e+01 1.28308802e+01 1.33469238e+01
    1.22181702e+01 1.20313148e+01 1.32512102e+01 1.20734158e+01
    1.10871410e+01 1.12228746e+01 1.17591400e+01 1.23836355e+01
    1.06983337e+01 1.17727165e+01 1.17181149e+01 1.13426752e+01
    1.30334759e+01 1.21281118e+01 1.19337759e+01 1.27255888e+01
    1.16659241e+01 1.27446032e+01 1.21024237e+01 1.26024895e+01
    1.20084848e+01 1.23217869e+01 1.32042351e+01 1.16950388e+01
    1.06069860e+01 1.17474852e+01 1.15167027e+01 1.05779753e+01
    1.13000250e+01 1.04321365e+01 1.03176651e+01 1.19667368e+01
    1.25849791e+01 1.30549145e+01 1.25583153e+01 1.25637064e+01
    1.29199944e+01 1.30489426e+01 1.34126406e+01 1.12958851e+01
    1.05552359e+01 1.34086151e+01 7.56495476e+00 6.73822784e+00
    9.42651176e+00 1.17050610e+01 1.25254679e+01 1.13790989e+01
    1.28843918e+01 1.21270666e+01 1.23008909e+01 1.29443493e+01
    1.27760315e+01 1.19392176e+01 1.04549809e+01 1.00980644e+01
    1.04516239e+01 1.00469484e+01 8.49748611e+00 8.33601284e+00
    8.36720085e+00 9.33639240e+00 9.97121525e+00 9.72715282e+00
    1.04767599e+01 1.27678299e+01 1.23432684e+01 1.23007126e+01
    1.39337673e+01 1.15383987e+01 1.25341520e+01 1.21555729e+01
    1.14531012e+01 1.07761183e+01 1.17480984e+01 1.00584497e+01
    1.18002367e+01 1.16287565e+01 1.24615211e+01 1.05487471e+01
    1.24521437e+01 1.30680714e+01 1.13292456e+01 1.06910124e+01
    1.03996391e+01 1.06838808e+01 1.16026325e+01 1.02695408e+01
    1.03740730e+01 1.03553238e+01 1.07566042e+01 1.04899645e+01
    1.05173168e+01 1.17965574e+01 1.14792728e+01 1.15518761e+01
    1.14861784e+01 1.38750763e+01 1.38160849e+01 1.23532343e+01
    1.18676577e+01 1.31640501e+01 1.24779730e+01 1.22248840e+01
    1.39847937e+01 1.21428537e+01 1.25134821e+01 1.35159712e+01
    1.28696070e+01 1.20078363e+01 1.24288845e+01 1.15174627e+01
    1.16448097e+01 1.16210947e+01 1.16342993e+01 1.10918016e+01
    1.09898701e+01 1.02441282e+01 1.13103199e+01 1.18630791e+01
    1.14090919e+01 1.06737623e+01 1.06009369e+01 1.11315222e+01
    1.14706211e+01 1.14951639e+01 1.14478712e+01 1.22385454e+01
    1.17745419e+01 1.16649189e+01 1.16989202e+01 1.16806412e+01
    1.15382099e+01 1.15974264e+01 1.09646835e+01 1.10355978e+01
    1.30462694e+01 1.12874193e+01 9.85042667e+00 1.07473812e+01
    1.00366640e+01 1.02306194e+01 1.06113186e+01 9.97252941e+00
    1.08000441e+01 1.12687359e+01 1.11633816e+01 9.66316509e+00
    1.20146971e+01 1.16453390e+01 1.16035671e+01 1.19998875e+01
    1.20660839e+01 1.35114822e+01 1.35983496e+01 1.37238626e+01
    1.25054932e+01 1.38373585e+01 1.30019951e+01 1.26810265e+01
    1.13079643e+01 1.17639265e+01 1.18207207e+01 1.15100384e+01
    1.09438248e+01 1.14639692e+01 1.17535458e+01 1.13696775e+01
    1.20234890e+01 1.19021111e+01 1.37316837e+01 1.41989985e+01
    1.38007612e+01 1.43506908e+01 1.49556322e+01 1.30742426e+01
    1.31598063e+01 1.12215490e+01 1.22110195e+01 1.19687176e+01
    9.45854855e+00 1.09354496e+01 1.09233131e+01 1.09105244e+01
    1.00646410e+01 1.04036903e+01 1.11557961e+01 1.23984280e+01
    1.05578375e+01 1.16405592e+01 1.29106722e+01 1.34564590e+01
    1.21326809e+01 1.31003265e+01 1.25761404e+01 1.03410120e+01
    1.06027136e+01 1.18461924e+01 1.07528143e+01 1.02749319e+01
    1.19678879e+01 1.10656796e+01 1.22328930e+01 1.20278397e+01
    1.14844818e+01 1.31737671e+01 1.14783936e+01 9.60089779e+00
    1.17756109e+01 1.15338116e+01 1.14210758e+01 1.02149763e+01
    1.08442879e+01 1.16319494e+01 1.29253654e+01 1.32771244e+01
    1.26951551e+01 1.20780783e+01 1.34292231e+01 1.28502607e+01
    1.41249542e+01 1.32537870e+01 1.29650869e+01 1.31366634e+01
    1.12289457e+01 1.32265482e+01 1.27919321e+01 1.17158680e+01
    1.17890272e+01 1.22307034e+01 1.24348145e+01 1.41490192e+01
    1.34173384e+01 1.21260223e+01 1.22439566e+01 1.39332085e+01
    1.30765905e+01 1.21466780e+01 1.10749063e+01 1.13909245e+01
    1.14878950e+01 1.05981522e+01 1.03002815e+01 1.03156633e+01
    1.05287380e+01 1.19809141e+01 1.06359186e+01 1.07628298e+01
    1.16116848e+01 1.31684771e+01 1.29780521e+01 1.12853041e+01
    1.23085251e+01 1.26725903e+01 1.11151218e+01 1.07074127e+01
    1.08941908e+01 1.22500429e+01 9.65592575e+00 1.09118280e+01
    1.16867552e+01 1.19271441e+01 1.12331991e+01 1.08847094e+01
    1.16600523e+01 1.27537823e+01 1.12636032e+01 1.12916632e+01
    1.28276768e+01 1.33475142e+01 1.23686171e+01 1.09181824e+01
    1.25114956e+01 1.18750954e+01 1.06917744e+01 1.11136580e+01
    1.10185213e+01 1.08184242e+01 1.02097454e+01 1.08985434e+01
    1.19539919e+01 1.20360260e+01 1.09517078e+01 1.37990713e+01
    1.26649790e+01 1.18478994e+01 1.26108961e+01 1.34450941e+01
    1.30152063e+01 1.16526766e+01 1.14157257e+01 1.31486092e+01
    6.86311436e+00 7.65215111e+00 1.02039728e+01 1.24884024e+01
    1.23073597e+01 1.22392492e+01 1.26885490e+01 1.25879412e+01
    1.30772991e+01 1.43684387e+01 1.29673920e+01 1.24332724e+01
    1.13396082e+01 1.14134092e+01 1.04326496e+01 1.02239904e+01
    8.62494469e+00 7.66632462e+00 9.60989571e+00 1.10807428e+01
    1.11851549e+01 1.03269453e+01 1.06227312e+01 1.20417395e+01
    1.37427101e+01 1.39706268e+01 1.08114576e+01 1.28872013e+01
    1.32425127e+01 1.29638557e+01 1.16725130e+01 1.16454544e+01
    1.21717529e+01 9.80658340e+00 1.11015272e+01 1.10634308e+01
    1.17170372e+01 1.18115168e+01 1.11689711e+01 1.27396593e+01
    1.22425213e+01 1.20725060e+01 1.28032379e+01 1.10834608e+01
    1.15663710e+01 9.91673279e+00 1.04536572e+01 1.01973381e+01
    8.83615875e+00 9.45809555e+00 1.01396418e+01 1.10720911e+01
    1.09797297e+01 1.05905056e+01 1.27223530e+01 1.26758614e+01
    1.37375927e+01 1.32961798e+01 1.21086912e+01 1.34362392e+01
    1.32518787e+01 1.41451340e+01 1.44829226e+01 1.25719490e+01
    1.29967699e+01 1.32518263e+01 1.27313814e+01 1.34091978e+01
    1.16714430e+01 1.27173567e+01 1.18253422e+01 1.19968729e+01
    1.29607878e+01 1.26290808e+01 1.17031164e+01 9.98898125e+00
    1.14285040e+01 1.14294662e+01 1.07830229e+01 1.02011471e+01
    9.56191254e+00 9.52915287e+00 1.17343292e+01 1.03291187e+01
    1.05506840e+01 1.18667097e+01 1.14771976e+01 1.00846767e+01
    1.00518827e+01 1.18436165e+01 1.14587708e+01 1.07937555e+01
    9.36298943e+00 1.08979130e+01 1.08793936e+01 1.21100245e+01
    1.15584383e+01 1.06621313e+01 1.04687090e+01 1.01396809e+01
    1.12461700e+01 8.80672359e+00 1.06079588e+01 1.09240179e+01
    1.04184542e+01 1.20763712e+01 1.16529093e+01 1.19541397e+01
    1.12437811e+01 1.24430180e+01 1.16987877e+01 1.16954260e+01
    1.21942034e+01 1.22730446e+01 1.38069754e+01 1.37174311e+01
    1.15000505e+01 1.05288687e+01 1.21293039e+01 1.10632744e+01
    1.03638477e+01 1.02482023e+01 9.63399506e+00 8.65937996e+00
    1.17641754e+01 1.12348328e+01 1.17126427e+01 1.30186005e+01
    1.40025396e+01 1.41600647e+01 1.41222496e+01 1.36933146e+01
    1.28758097e+01 1.31695833e+01 1.26974678e+01 1.12084942e+01
    1.13232203e+01 1.13496180e+01 1.05404463e+01 1.04898396e+01
    1.18123102e+01 1.07739992e+01 1.07000694e+01 1.06811638e+01
    1.09364386e+01 1.15766306e+01 1.28053865e+01 1.32511015e+01
    1.23065405e+01 1.36639156e+01 1.37125750e+01 1.33519773e+01
    1.17544355e+01 1.18056536e+01 1.13477316e+01 1.12809048e+01
    1.10342636e+01 1.12438765e+01 9.67018318e+00 1.12491121e+01
    1.15564547e+01 1.17076120e+01 1.16114187e+01 1.07373848e+01
    1.06222591e+01 1.04933901e+01 1.13140249e+01 1.15856371e+01
    1.17156143e+01 1.06112413e+01 1.14890852e+01 1.24446678e+01
    1.33172092e+01 1.25886278e+01 1.08752327e+01 1.18880301e+01
    1.26374626e+01 1.23886213e+01 1.23242178e+01 1.15233240e+01
    1.16053276e+01 1.31411362e+01 1.14471493e+01 1.21708822e+01
    1.22456532e+01 1.12321348e+01 1.20994396e+01 1.14618969e+01
    1.08079224e+01 1.21986351e+01 1.13631163e+01 1.12734985e+01
    1.16108952e+01 1.14529562e+01 1.20611105e+01 1.25076590e+01
    9.94460392e+00 1.17090502e+01 1.02236261e+01 1.07984838e+01
    1.11684160e+01 9.26804352e+00 1.24400644e+01 1.04550123e+01
    1.06416454e+01 1.21513510e+01 1.11660490e+01 1.15092878e+01
    1.27979355e+01 1.24641409e+01 1.11915798e+01 1.13867569e+01
    1.19212751e+01 1.04456635e+01 1.10712976e+01 1.16059904e+01
    1.04754953e+01 1.03871269e+01 1.20868969e+01 1.12886047e+01
    1.19208164e+01 1.06728144e+01 1.04411774e+01 1.32363939e+01
    1.14331684e+01 1.14491119e+01 1.23362923e+01 1.24208870e+01
    1.25486584e+01 1.21016121e+01 1.18221121e+01 1.20346842e+01
    1.04689999e+01 1.02914371e+01 1.05745173e+01 1.02485476e+01
    9.83634853e+00 1.00883446e+01 1.10265026e+01 1.11621895e+01
    1.23842249e+01 1.31228876e+01 1.24199142e+01 1.29965096e+01
    1.41654062e+01 1.15060482e+01 1.19514561e+01 1.27660704e+01
    1.17558117e+01 1.12070084e+01 6.15861750e+00 7.10184669e+00
    9.12523842e+00 1.26974068e+01 1.23111658e+01 1.25770798e+01
    1.25394106e+01 1.06701260e+01 1.37234192e+01 1.44110775e+01
    1.20628700e+01 1.19673233e+01 1.17942858e+01 1.00728359e+01
    1.10285072e+01 1.11009474e+01 8.92719746e+00 9.09043884e+00
    1.05412645e+01 1.09719496e+01 1.01516066e+01 1.13565474e+01
    1.08715191e+01 1.24139729e+01 1.44600163e+01 1.15952263e+01
    1.07004957e+01 1.23971443e+01 1.31480141e+01 1.03811941e+01
    1.16700840e+01 1.16381197e+01 9.99576950e+00 1.22720003e+01
    1.14660110e+01 1.10412550e+01 1.12017422e+01 1.18828659e+01
    1.28268290e+01 1.09466219e+01 1.25144758e+01 1.16770515e+01
    1.16622400e+01 1.05327787e+01 1.08895712e+01 9.62590313e+00
    1.10609674e+01 9.41939449e+00 7.83748674e+00 1.07866049e+01
    9.22446823e+00 1.06068239e+01 1.08201494e+01 1.10218449e+01
    1.23683004e+01 1.21754885e+01 1.20098953e+01 1.25977325e+01
    1.26755600e+01 1.18886442e+01 1.28722706e+01 1.23009586e+01
    1.27609549e+01 1.33632078e+01 1.20833607e+01 1.20350552e+01
    1.13487520e+01 1.23600178e+01 1.12800999e+01 1.07326498e+01
    1.09554844e+01 1.07490873e+01 1.20469360e+01 1.13446999e+01
    1.10077934e+01 1.03263206e+01 1.19382563e+01 1.22613630e+01
    1.09344101e+01 1.10277100e+01 1.15988379e+01 1.11315660e+01
    1.21845407e+01 1.14660654e+01 1.08840981e+01 1.20574455e+01
    1.09288406e+01 1.05477219e+01 1.16925020e+01 1.10867271e+01
    1.05291042e+01 1.03625422e+01 9.95469856e+00 1.00067263e+01
    1.25653963e+01 1.01122904e+01 1.13102140e+01 1.04661551e+01
    1.11075878e+01 1.05981607e+01 1.07717695e+01 1.21318951e+01
    1.03130093e+01 1.12555170e+01 1.22521248e+01 1.21085434e+01
    1.17097254e+01 1.30439320e+01 1.19990454e+01 1.22282438e+01
    1.32229567e+01 1.29297895e+01 1.18276730e+01 1.20754967e+01
    1.32992659e+01 1.24781551e+01 1.17559519e+01 1.05882349e+01
    1.21588449e+01 1.18002377e+01 1.09578371e+01 1.08160238e+01
    9.07965469e+00 1.01658497e+01 1.03202972e+01 1.06010790e+01
    1.00367031e+01 1.14816694e+01 1.29937992e+01 1.45124454e+01
    1.30199366e+01 1.36256056e+01 1.25828056e+01 1.26241636e+01
    1.25411615e+01 1.07901115e+01 1.00352240e+01 1.10314341e+01
    1.02984495e+01 1.19537106e+01 1.15483685e+01 1.10304317e+01
    1.07267933e+01 1.16193571e+01 1.04470358e+01 1.14108057e+01
    1.07744303e+01 1.06698971e+01 1.16973000e+01 1.25969286e+01
    1.19425821e+01 1.22041254e+01 1.18113136e+01 1.18762016e+01
    1.17051239e+01 1.03351135e+01 1.14331341e+01 1.12050648e+01
    1.14064026e+01 1.19484844e+01 1.15632181e+01 1.27281036e+01
    1.14122334e+01 1.06825943e+01 1.07613125e+01 1.11540308e+01
    1.02262983e+01 1.10934887e+01 1.13103476e+01 1.02900305e+01
    1.18184671e+01 1.22187672e+01 1.24599037e+01 1.12016582e+01
    1.13742046e+01 1.18548527e+01 1.18344269e+01 1.11339312e+01
    1.15274487e+01 1.11011801e+01 1.04056835e+01 1.23532505e+01
    1.19297276e+01 1.17394352e+01 1.12026844e+01 1.18561792e+01
    1.27827721e+01 1.17629290e+01 1.23275204e+01 1.21623020e+01
    1.09930544e+01 1.22664232e+01 1.14216528e+01 1.11778517e+01
    1.14341087e+01 1.13166294e+01 1.13449612e+01 1.15693607e+01
    1.12456255e+01 1.11700640e+01 1.27346458e+01 1.12680140e+01
    1.24496498e+01 1.11506634e+01 1.07760811e+01 1.20381250e+01
    1.08952608e+01 1.09126835e+01 1.20817318e+01 1.19985819e+01
    1.10053329e+01 1.11846657e+01 1.15762987e+01 1.11366901e+01
    1.09905739e+01 1.15718765e+01 1.05136709e+01 1.12659817e+01
    1.18015079e+01 1.09811878e+01 1.29744902e+01 1.22841368e+01
    1.08308058e+01 1.14175959e+01 1.25568180e+01 1.16776133e+01
    1.32487803e+01 1.28685751e+01 1.20139275e+01 1.20734987e+01
    1.21948280e+01 1.04904175e+01 1.17753057e+01 9.06549263e+00
    1.07157230e+01 1.07538424e+01 1.01804018e+01 1.07509537e+01
    1.14604979e+01 1.20087996e+01 1.31502981e+01 1.27688828e+01
    1.34042616e+01 1.28454599e+01 1.26033354e+01 1.26365156e+01
    1.20479231e+01 1.15149593e+01 1.12624636e+01 1.05235739e+01
    6.24542093e+00 7.63054514e+00 9.80646515e+00 1.31024294e+01
    1.30558062e+01 1.14285364e+01 1.26210823e+01 1.16037312e+01
    1.27276287e+01 1.17314196e+01 1.18306198e+01 1.07354193e+01
    1.05828142e+01 9.76893520e+00 1.08086519e+01 9.75857830e+00
    9.44554996e+00 9.95896339e+00 1.06524162e+01 1.11547718e+01
    1.11545448e+01 1.06992950e+01 1.17175074e+01 1.26607847e+01
    1.25263424e+01 1.09685392e+01 1.06445026e+01 1.22020426e+01
    1.14459543e+01 9.87922096e+00 1.17684040e+01 1.08837786e+01
    1.03205004e+01 1.16974697e+01 1.05206852e+01 1.13188982e+01
    1.20577402e+01 1.20222921e+01 1.27344246e+01 1.15126247e+01
    1.27958679e+01 1.24565792e+01 1.12960949e+01 1.14124537e+01
    1.01445856e+01 9.52825165e+00 8.97997761e+00 9.20338058e+00
    8.45659065e+00 8.96234798e+00 1.00184364e+01 9.77339649e+00
    1.13367367e+01 1.04791307e+01 1.16752367e+01 1.19517241e+01
    1.14935369e+01 1.34950342e+01 1.13464785e+01 1.17348928e+01
    1.17301493e+01 1.19879770e+01 1.10042772e+01 1.28507767e+01
    1.25633717e+01 1.14005280e+01 1.08527431e+01 1.32071714e+01
    1.17081032e+01 1.02608700e+01 1.06371593e+01 1.06660576e+01
    1.11828279e+01 1.16237192e+01 9.43247414e+00 1.09295759e+01
    1.09979782e+01 1.10029593e+01 1.05811615e+01 9.94379044e+00
    1.10004501e+01 1.00901480e+01 1.21546412e+01 1.13529015e+01
    1.20599709e+01 1.25840435e+01 1.26753778e+01 1.15228586e+01
    1.31561203e+01 1.07319145e+01 1.08349323e+01 1.06039400e+01
    1.09568653e+01 9.99523258e+00 1.19236383e+01 1.02318573e+01
    1.07655382e+01 1.16570501e+01 1.02684145e+01 1.11483479e+01
    1.00574026e+01 1.01863661e+01 1.09057970e+01 1.10884609e+01
    1.29024458e+01 1.22190733e+01 1.24086914e+01 1.33376379e+01
    1.39179792e+01 1.38195524e+01 1.32687616e+01 1.37165308e+01
    1.33341303e+01 1.37127504e+01 1.33299551e+01 1.46916866e+01
    1.36993380e+01 1.17856627e+01 1.23970785e+01 1.31765232e+01
    1.17699871e+01 1.16403360e+01 9.80567360e+00 1.02464743e+01
    1.13895645e+01 1.11800928e+01 1.07682457e+01 1.16360540e+01
    1.38945417e+01 1.38407516e+01 1.29404497e+01 1.23407917e+01
    1.20514202e+01 1.29300976e+01 1.10208960e+01 1.17023439e+01
    1.13277054e+01 1.05213718e+01 1.19579811e+01 1.18961563e+01
    1.28897276e+01 1.18871861e+01 1.11203775e+01 1.21761131e+01
    1.03552608e+01 1.14216499e+01 1.21306143e+01 1.12266541e+01
    1.25678501e+01 1.35867462e+01 1.35331488e+01 1.34064026e+01
    1.28441963e+01 1.23802624e+01 1.19930162e+01 1.15818720e+01
    1.05639381e+01 1.17843800e+01 1.07805109e+01 1.06695023e+01
    1.14870348e+01 1.18483620e+01 1.16586094e+01 1.17358189e+01
    1.06188412e+01 1.22485189e+01 1.17026920e+01 1.11262445e+01
    1.25257559e+01 1.23471394e+01 1.11666851e+01 1.23696394e+01
    1.20778723e+01 1.25489397e+01 1.13536949e+01 1.10784473e+01
    1.22913151e+01 1.18179331e+01 1.18541355e+01 1.04920874e+01
    1.22545586e+01 1.18606081e+01 1.25791235e+01 1.12854071e+01
    1.25485563e+01 1.19276056e+01 1.14012861e+01 1.24656305e+01
    1.36623497e+01 1.20640097e+01 1.12226591e+01 1.17578335e+01
    1.18770370e+01 1.17991877e+01 1.18502693e+01 1.25121078e+01
    1.20240993e+01 1.12078695e+01 1.06898861e+01 1.19781332e+01
    1.26123323e+01 1.03385277e+01 1.10465155e+01 1.28406534e+01
    1.15730352e+01 1.12725916e+01 1.15481472e+01 1.18972425e+01
    1.08628969e+01 1.11052446e+01 1.03841000e+01 1.03078146e+01
    1.08465471e+01 1.08730602e+01 1.04382048e+01 1.07783995e+01
    1.01221466e+01 1.14835129e+01 1.24412012e+01 1.05464640e+01
    1.05650702e+01 1.22700415e+01 1.14676542e+01 1.11929121e+01
    1.10774727e+01 1.18108759e+01 1.25221186e+01 1.19803600e+01
    1.13916407e+01 1.25358505e+01 1.20847702e+01 1.06180677e+01
    1.16244669e+01 1.03188934e+01 8.80225754e+00 1.00550060e+01
    1.01579275e+01 9.55190659e+00 9.54701519e+00 1.15123301e+01
    1.14666796e+01 1.11511250e+01 1.27601891e+01 1.25357885e+01
    1.21084576e+01 1.37202435e+01 1.28002100e+01 1.22985888e+01
    1.26320829e+01 1.23626118e+01 6.47641659e+00 7.15944052e+00
    9.24003220e+00 1.16610613e+01 1.24018068e+01 1.17611666e+01
    1.22916565e+01 1.22097998e+01 1.30906239e+01 1.30215321e+01
    1.17218361e+01 1.13090219e+01 1.12175531e+01 1.03117809e+01
    1.14423237e+01 1.13819218e+01 9.79665756e+00 1.16725168e+01
    1.27970476e+01 1.22822428e+01 1.24051437e+01 1.09787960e+01
    1.27439384e+01 1.23165045e+01 1.23360558e+01 1.24302826e+01
    1.07376022e+01 1.13964958e+01 1.12453651e+01 1.20924034e+01
    1.20888014e+01 1.01662655e+01 1.17613010e+01 1.25899067e+01
    1.13433218e+01 1.16884212e+01 1.34096918e+01 1.19169149e+01
    1.22830286e+01 1.24719257e+01 1.19662294e+01 1.18579378e+01
    1.13937597e+01 1.12597237e+01 1.03641224e+01 9.07527351e+00
    9.47115803e+00 1.07390156e+01 9.19100094e+00 7.94120979e+00
    1.12651815e+01 1.08312035e+01 1.09203510e+01 1.21992474e+01
    1.17029610e+01 1.17977076e+01 1.34160252e+01 1.30338297e+01
    1.28824749e+01 1.23900967e+01 1.21634073e+01 1.18057404e+01
    1.35283880e+01 1.25019865e+01 1.20237713e+01 1.13570147e+01
    1.23616705e+01 1.27310867e+01 1.24126816e+01 1.25514040e+01
    1.14248734e+01 1.13994951e+01 1.20822315e+01 1.14593267e+01
    1.05419140e+01 9.70780277e+00 1.06451817e+01 1.03212843e+01
    1.07453299e+01 9.93224049e+00 1.08654270e+01 1.11337423e+01
    1.13302326e+01 1.19475708e+01 1.18433895e+01 1.12598295e+01
    1.15383739e+01 1.15159941e+01 1.24088354e+01 1.14693584e+01
    1.15824232e+01 1.20656338e+01 1.05546398e+01 1.18951654e+01
    1.25069847e+01 1.14342937e+01 1.11977262e+01 1.18703136e+01
    9.92425728e+00 1.20219917e+01 1.14430370e+01 9.82328415e+00
    1.16183004e+01 1.17038488e+01 1.19875145e+01 1.40321388e+01
    1.29396353e+01 1.22116222e+01 1.30907679e+01 1.53160934e+01
    1.40051022e+01 1.20170126e+01 1.21993179e+01 1.36970816e+01
    1.18338985e+01 1.37264357e+01 1.25775223e+01 1.13856907e+01
    1.16897011e+01 1.39240236e+01 1.31829176e+01 1.20076351e+01
    1.01816502e+01 1.05926991e+01 1.19885788e+01 1.09941006e+01
    1.02061033e+01 1.20899124e+01 1.29370537e+01 1.21422930e+01
    1.23166990e+01 1.23808088e+01 1.16437216e+01 1.10419111e+01
    1.07810011e+01 1.09402752e+01 9.76101303e+00 1.01141024e+01
    1.09858294e+01 1.23592834e+01 1.18181820e+01 1.20862827e+01
    1.15185947e+01 1.28880920e+01 1.20149221e+01 1.03014736e+01
    1.21182804e+01 1.20319319e+01 1.24578590e+01 1.24425650e+01
    1.35203476e+01 1.34307499e+01 1.22003641e+01 1.21822472e+01
    1.23898840e+01 1.24663477e+01 1.13702211e+01 1.12516918e+01
    1.12448149e+01 1.18453856e+01 1.18041849e+01 1.26297007e+01
    1.18354959e+01 1.20799761e+01 1.09097652e+01 1.21733484e+01
    1.25955963e+01 1.09977694e+01 1.18141298e+01 1.21982946e+01
    1.13981628e+01 1.27796888e+01 1.23128672e+01 1.15945807e+01
    1.31145496e+01 1.08228760e+01 1.20089560e+01 1.22025824e+01
    1.08176003e+01 1.01628113e+01 1.21442165e+01 1.04538813e+01
    1.03731413e+01 1.14310236e+01 1.11216564e+01 1.22040911e+01
    1.13942852e+01 1.15994453e+01 1.14164953e+01 1.36966982e+01
    1.18888769e+01 1.02532597e+01 1.14166698e+01 1.20439606e+01
    1.30851383e+01 1.32151546e+01 1.13923874e+01 1.21951170e+01
    1.20560741e+01 1.24048042e+01 1.17446871e+01 1.20263309e+01
    1.23669519e+01 1.28940077e+01 1.15053883e+01 1.30284023e+01
    1.13338766e+01 1.16448736e+01 1.31375437e+01 1.21594639e+01
    1.16331882e+01 1.18659086e+01 1.04513721e+01 1.22509146e+01
    1.17780981e+01 9.77910805e+00 1.01608934e+01 1.17204237e+01
    1.09916058e+01 1.17302675e+01 1.16483307e+01 1.14051285e+01
    1.18210535e+01 1.07736111e+01 1.08428535e+01 1.13916759e+01
    1.24576273e+01 1.26023703e+01 1.22408619e+01 1.21330023e+01
    1.36301155e+01 1.12182245e+01 1.04174862e+01 1.10533276e+01
    1.01818962e+01 1.07521935e+01 9.99037457e+00 1.05977106e+01
    1.11045027e+01 1.22476654e+01 1.17671490e+01 1.20467949e+01
    1.31014462e+01 1.19146910e+01 1.22227850e+01 1.18098421e+01
    1.17885771e+01 1.23355675e+01 1.11462116e+01 1.17357435e+01
    7.57931042e+00 7.69873428e+00 8.56444359e+00 1.21492281e+01
    1.11942663e+01 1.09024792e+01 1.14339809e+01 1.11062765e+01
    1.06338692e+01 1.20444422e+01 1.19842272e+01 1.03383904e+01
    1.08759680e+01 1.04444580e+01 1.16827860e+01 1.11383209e+01
    9.65224934e+00 1.17128248e+01 1.21275864e+01 1.25435724e+01
    1.14918861e+01 1.24077816e+01 1.29003944e+01 1.21530933e+01
    1.11103640e+01 1.07250080e+01 9.46118164e+00 1.08630066e+01
    1.05096130e+01 1.07531195e+01 1.18118820e+01 1.07007751e+01
    1.15289106e+01 1.19781971e+01 1.15297318e+01 1.25960560e+01
    1.18074455e+01 1.22807674e+01 1.26014509e+01 1.32997427e+01
    1.37255554e+01 1.17808752e+01 1.12638369e+01 1.18104372e+01
    1.04493027e+01 9.33363342e+00 9.92742062e+00 9.51443672e+00
    1.02285242e+01 1.05226555e+01 1.13093014e+01 1.06657143e+01
    1.18190813e+01 1.20824661e+01 1.33267384e+01 1.28959990e+01
    1.20339804e+01 1.34767027e+01 1.26903734e+01 1.29930105e+01
    1.19224300e+01 1.08970346e+01 1.27613955e+01 1.15704565e+01
    1.08324013e+01 1.19408512e+01 1.27246418e+01 1.17232132e+01
    1.28201780e+01 1.21349602e+01 1.15223675e+01 1.25705824e+01
    1.28810472e+01 1.18735895e+01 1.12655754e+01 1.06756601e+01
    1.21313143e+01 1.22084179e+01 1.16931934e+01 1.11872511e+01
    1.18518953e+01 1.23796558e+01 1.20788116e+01 1.24105358e+01
    1.10421286e+01 1.18066988e+01 1.16728039e+01 1.12357025e+01
    1.08861094e+01 1.03105659e+01 1.20963268e+01 1.12932377e+01
    1.06903906e+01 1.28291540e+01 1.23352699e+01 1.19135666e+01
    1.21321115e+01 1.15063553e+01 1.16282654e+01 1.08827419e+01
    1.05163450e+01 9.15319633e+00 9.61024570e+00 1.10391254e+01
    1.23613453e+01 1.25299911e+01 1.31203556e+01 1.24131556e+01
    1.25653715e+01 1.43296118e+01 1.35467548e+01 1.31177635e+01
    1.11453590e+01 1.29195566e+01 1.25855627e+01 1.30796986e+01
    1.29175568e+01 1.10399656e+01 1.17958670e+01 1.30157757e+01
    1.13494349e+01 1.12211609e+01 1.08187447e+01 1.08575926e+01
    1.18917875e+01 1.03400097e+01 1.09359798e+01 1.22513132e+01
    1.21448574e+01 1.27464952e+01 1.20701618e+01 1.22163725e+01
    1.08842611e+01 1.13201771e+01 1.14184275e+01 9.95647335e+00
    1.00171833e+01 1.01441488e+01 1.18568745e+01 1.28203793e+01
    1.15777607e+01 1.26479254e+01 1.23375759e+01 1.11758289e+01
    1.28340273e+01 1.09705391e+01 9.88869762e+00 1.16791201e+01
    1.15960007e+01 1.24880409e+01 1.14502811e+01 1.12451324e+01
    1.24365311e+01 1.32294960e+01 1.23808966e+01 1.22724276e+01
    1.16887732e+01 1.19725170e+01 1.06554642e+01 1.29055271e+01
    1.31880693e+01 1.21814957e+01 1.08780565e+01 1.22209644e+01
    1.11473093e+01 1.16114721e+01 1.16356554e+01 1.05680695e+01
    1.15563793e+01 1.28917007e+01 1.07930717e+01 1.31544476e+01
    1.08437891e+01 1.04720621e+01 1.26710596e+01 1.11473570e+01
    1.15011244e+01 1.00950708e+01 1.03099833e+01 1.20185022e+01
    1.13283329e+01 1.15172987e+01 1.18621883e+01 1.09868994e+01
    1.19102116e+01 1.27363844e+01 1.28012810e+01 1.18338757e+01
    1.19803314e+01 1.31083393e+01 1.30751667e+01 1.05158615e+01
    1.11221247e+01 1.23447905e+01 1.27464132e+01 1.30637007e+01
    1.11828079e+01 1.20496168e+01 1.32545300e+01 1.32837229e+01
    1.22730637e+01 1.24305096e+01 1.25121050e+01 1.29059277e+01
    1.15081263e+01 1.06043091e+01 1.19175930e+01 1.16214495e+01
    1.18941717e+01 1.02214842e+01 1.09521008e+01 1.14300880e+01
    1.05236979e+01 1.23777227e+01 1.23473873e+01 9.85989571e+00
    1.04195938e+01 1.10819311e+01 1.11204376e+01 1.14904919e+01
    9.88659954e+00 1.06686020e+01 1.19161320e+01 1.08583479e+01
    1.17834148e+01 1.24167233e+01 1.21329079e+01 1.08230810e+01
    1.06460838e+01 1.21379538e+01 1.24218168e+01 1.11061726e+01
    1.05018158e+01 1.06584549e+01 1.09654465e+01 1.06605673e+01
    1.08670406e+01 1.07251225e+01 1.11338091e+01 1.21786432e+01
    1.25368624e+01 1.15900087e+01 1.29431171e+01 1.28087273e+01
    1.21558056e+01 1.24587908e+01 1.21276588e+01 1.31599894e+01
    1.24598722e+01 1.24624233e+01 7.33530426e+00 8.08076191e+00
    1.05372581e+01 1.32121773e+01 1.21526041e+01 1.18463812e+01
    1.28513517e+01 1.19502172e+01 1.25755329e+01 1.20968962e+01
    1.11652784e+01 1.11357632e+01 1.13756561e+01 1.08223562e+01
    1.05884724e+01 1.14879169e+01 1.17441435e+01 1.14120321e+01
    1.35923367e+01 1.27138910e+01 1.17121067e+01 1.28900995e+01
    1.34418116e+01 1.15153408e+01 1.14850140e+01 1.10843220e+01
    9.42665386e+00 1.16523485e+01 1.10443630e+01 9.65031719e+00
    1.15418129e+01 1.14048519e+01 1.20477543e+01 1.13300896e+01
    1.21488380e+01 1.22169914e+01 1.19693718e+01 1.30196276e+01
    1.24584370e+01 1.17382288e+01 1.23997898e+01 1.23477850e+01
    1.22221279e+01 1.05853252e+01 1.15465670e+01 1.02961864e+01
    9.91895866e+00 1.00576134e+01 9.10719109e+00 1.07564716e+01
    1.07393341e+01 1.12588863e+01 1.07879333e+01 1.19728298e+01
    1.16905546e+01 1.11051350e+01 1.15730724e+01 1.21778851e+01
    1.19767208e+01 1.13293037e+01 1.16115570e+01 1.03703461e+01
    1.08805685e+01 1.09251661e+01 1.08566399e+01 1.05729294e+01
    1.13656588e+01 1.21771154e+01 1.26295443e+01 1.35649700e+01
    1.28195477e+01 1.27389536e+01 1.32696943e+01 1.19740009e+01
    1.16637173e+01 1.12666254e+01 1.14089813e+01 1.26992378e+01
    1.03839808e+01 1.09538412e+01 1.11164179e+01 1.16507206e+01
    1.18155289e+01 1.23360958e+01 1.15932198e+01 1.25168457e+01
    1.25955410e+01 1.11208277e+01 1.10592070e+01 1.13046341e+01
    1.09778290e+01 9.46208000e+00 1.08098974e+01 1.18064146e+01
    1.08402100e+01 1.16890306e+01 1.32170229e+01 1.09870291e+01
    1.08507862e+01 1.12837353e+01 1.07708225e+01 1.09308395e+01
    9.75647449e+00 1.15572586e+01 1.26244698e+01 1.26011152e+01
    1.19979315e+01 1.30514345e+01 1.33063507e+01 1.43118944e+01
    1.53407631e+01 1.29346714e+01 1.21937199e+01 1.23806868e+01
    1.37407265e+01 1.38549309e+01 1.23261642e+01 1.05194378e+01
    1.20112886e+01 1.30820274e+01 1.14074688e+01 1.19349384e+01
    1.19009895e+01 1.08353548e+01 1.19791517e+01 1.17068567e+01
    1.11523180e+01 1.23526630e+01 1.11024513e+01 1.21633005e+01
    1.30345383e+01 1.12938261e+01 1.07288990e+01 1.16003208e+01
    1.19701986e+01 1.17708340e+01 1.05904245e+01 1.15376720e+01
    1.32817822e+01 1.30200729e+01 1.20121269e+01 1.12878571e+01
    1.23074207e+01 1.17908115e+01 1.27359200e+01 1.18680382e+01
    1.25031252e+01 1.25738640e+01 1.21991911e+01 1.35791502e+01
    1.36893101e+01 1.24875622e+01 1.23023195e+01 1.28304567e+01
    1.18495903e+01 1.13937416e+01 1.29928083e+01 1.22590227e+01
    1.05399294e+01 1.26619596e+01 1.31921568e+01 1.25504513e+01
    1.19598684e+01 1.09751997e+01 1.11706219e+01 1.21842871e+01
    1.11581211e+01 1.03560677e+01 1.10006638e+01 1.30194750e+01
    1.09464197e+01 1.06921329e+01 1.08789721e+01 1.09744158e+01
    1.06207981e+01 1.03231459e+01 1.13080854e+01 1.07886333e+01
    1.08913488e+01 1.13648882e+01 1.23623133e+01 1.19341373e+01
    1.20581417e+01 1.13510342e+01 1.27703981e+01 1.40985136e+01
    1.31852665e+01 1.18790779e+01 1.28138199e+01 1.29958496e+01
    1.34459000e+01 1.16846008e+01 1.03968334e+01 1.14884129e+01
    1.27041359e+01 1.31458035e+01 1.18074789e+01 1.01097116e+01
    1.30404987e+01 1.29259510e+01 1.19744921e+01 1.15707474e+01
    1.30146627e+01 1.25710735e+01 1.19121599e+01 1.15042572e+01
    1.09570255e+01 1.01368990e+01 1.12085276e+01 1.00556974e+01
    8.18589401e+00 9.89308643e+00 9.87323761e+00 1.05703993e+01
    1.11171808e+01 9.79536438e+00 1.10853958e+01 1.07547274e+01
    1.04864931e+01 1.03163710e+01 1.14118176e+01 1.01820984e+01
    1.00459166e+01 1.09728069e+01 1.11332750e+01 9.27678585e+00
    1.20299911e+01 1.08619375e+01 1.06541262e+01 1.25384693e+01
    1.23850393e+01 1.20097265e+01 1.03195744e+01 1.04555321e+01
    1.36072550e+01 1.00837631e+01 1.09064474e+01 1.01261654e+01
    1.17687273e+01 1.20547018e+01 1.09543734e+01 1.17204399e+01
    1.28550243e+01 1.17423801e+01 1.25048733e+01 1.25937500e+01
    1.26364546e+01 1.24807796e+01 1.37213812e+01 1.28546209e+01
    8.28689575e+00 9.48254395e+00 1.10553856e+01 1.24231920e+01
    1.18887367e+01 1.22328415e+01 1.20800714e+01 9.88894272e+00
    1.07271852e+01 1.07232313e+01 9.62804222e+00 1.14744759e+01
    1.23826609e+01 1.14844761e+01 1.29158173e+01 1.27221909e+01
    1.21477098e+01 1.31597033e+01 1.31781874e+01 1.22308083e+01
    1.30684204e+01 1.41102953e+01 1.47813807e+01 1.17166080e+01
    1.28624697e+01 1.15755596e+01 9.94064331e+00 1.19632912e+01
    1.00420580e+01 1.01969118e+01 1.11518059e+01 1.03759956e+01
    1.10429058e+01 1.38639259e+01 1.21402378e+01 1.23631563e+01
    1.28720503e+01 1.27394562e+01 1.37743340e+01 1.31473007e+01
    1.17501717e+01 1.37747202e+01 1.22018099e+01 1.12463770e+01
    1.19299803e+01 1.09009895e+01 1.06261082e+01 1.12092266e+01
    1.08105326e+01 1.17324829e+01 1.18402185e+01 1.19447956e+01
    1.23919954e+01 1.26877356e+01 1.16559391e+01 1.23068571e+01
    1.30536880e+01 1.18300419e+01 1.32636061e+01 1.25984497e+01
    9.92052746e+00 1.08679876e+01 1.18189306e+01 1.11116276e+01
    1.04957972e+01 9.90325165e+00 1.15119038e+01 1.16473160e+01
    1.20372677e+01 1.13730412e+01 1.24190826e+01 1.30768633e+01
    1.24682713e+01 1.31144648e+01 1.26019878e+01 1.23519993e+01
    1.15786190e+01 1.18179264e+01 1.16834106e+01 1.08291779e+01
    1.17597523e+01 1.11344271e+01 1.20717220e+01 1.18209620e+01
    1.14014778e+01 1.06937408e+01 1.21569014e+01 1.16764851e+01
    1.19790115e+01 1.10578651e+01 1.12161140e+01 1.18370829e+01
    1.18985796e+01 1.17968464e+01 1.16648979e+01 1.22274952e+01
    1.29764795e+01 1.13469448e+01 1.06438322e+01 1.18521976e+01
    1.09734993e+01 1.14191256e+01 1.15313950e+01 1.06822987e+01
    1.43614054e+01 1.30664635e+01 1.26948814e+01 1.43322268e+01
    1.20451641e+01 1.41312819e+01 1.46079645e+01 1.31211166e+01
    1.26265345e+01 1.22986193e+01 1.25497389e+01 1.37802305e+01
    1.11648836e+01 1.14253569e+01 1.11929436e+01 1.23867931e+01
    1.17920904e+01 1.10727224e+01 1.04450455e+01 1.01255741e+01
    1.20760136e+01 1.03296757e+01 1.07289238e+01 1.11804962e+01
    1.00860691e+01 1.07153444e+01 1.06563215e+01 1.00896502e+01
    1.07575703e+01 9.15313244e+00 9.90703487e+00 1.13636713e+01
    1.13246584e+01 1.17585974e+01 1.16895065e+01 1.33676672e+01
    1.40342617e+01 1.32139721e+01 1.27177649e+01 1.29411793e+01
    1.13540449e+01 1.18965626e+01 1.26376905e+01 1.23677711e+01
    1.25696478e+01 1.31985054e+01 1.31858997e+01 1.21917324e+01
    1.21644344e+01 1.24453592e+01 1.31459818e+01 1.10792656e+01
    1.27347927e+01 1.10682812e+01 1.10516510e+01 1.22146721e+01
    1.13827047e+01 1.15259247e+01 1.05520134e+01 1.13729935e+01
    1.10643797e+01 1.08082333e+01 1.07545471e+01 9.46411037e+00
    1.10347729e+01 1.20613136e+01 9.93581867e+00 9.83041477e+00
    1.01846714e+01 1.08588009e+01 1.16928425e+01 1.13275261e+01
    1.02474279e+01 1.02540798e+01 1.02087793e+01 1.04607773e+01
    1.15952969e+01 1.17673349e+01 1.09729509e+01 1.04382429e+01
    1.22266684e+01 1.31358023e+01 1.40649185e+01 1.21063070e+01
    1.25660648e+01 1.27419786e+01 1.32675247e+01 1.28917894e+01
    9.84974003e+00 1.10520678e+01 1.38349819e+01 1.32452431e+01
    1.25078764e+01 1.12127724e+01 1.32473097e+01 1.21725502e+01
    1.24079018e+01 1.20774469e+01 1.21288729e+01 1.17934694e+01
    1.21164579e+01 1.23662634e+01 1.14250889e+01 1.19018431e+01
    1.14058304e+01 1.01886616e+01 9.77607632e+00 9.86972523e+00
    9.89095879e+00 1.09628248e+01 1.14318466e+01 1.11408863e+01
    1.12566147e+01 1.09382420e+01 1.10811567e+01 1.15989599e+01
    1.08815289e+01 1.05835381e+01 1.10000458e+01 1.04067278e+01
    1.17031765e+01 1.15121536e+01 1.15638275e+01 1.15661440e+01
    1.11925898e+01 1.22936888e+01 1.28438492e+01 1.14690781e+01
    1.24852448e+01 1.03110313e+01 1.32716551e+01 1.33385277e+01
    9.96595097e+00 1.15184574e+01 1.18119001e+01 1.23941221e+01
    1.08073912e+01 1.17626839e+01 1.12770662e+01 1.15030031e+01
    1.26344290e+01 1.15617008e+01 1.12857714e+01 1.30273209e+01
    1.26539268e+01 1.24561539e+01 7.18112612e+00 8.72800732e+00
    9.36408901e+00 1.22763653e+01 1.20614290e+01 1.24747305e+01
    1.16389551e+01 1.07573833e+01 1.01392851e+01 1.06526165e+01
    1.06195984e+01 1.09151745e+01 1.11484966e+01 1.05815344e+01
    1.18753471e+01 1.19705372e+01 1.26370659e+01 1.24006824e+01
    1.34794025e+01 1.21543531e+01 1.16445875e+01 1.23301315e+01
    1.27072287e+01 1.10222950e+01 1.01814604e+01 1.02344894e+01
    1.03711920e+01 1.12329206e+01 1.06172009e+01 1.06304502e+01
    1.01599655e+01 1.19426517e+01 1.13083782e+01 1.22972698e+01
    1.20723562e+01 1.38816767e+01 1.25494785e+01 1.25689602e+01
    1.45659056e+01 1.37589102e+01 1.40512848e+01 1.26021500e+01
    1.13367529e+01 1.25667648e+01 1.16381283e+01 1.17958107e+01
    1.08982658e+01 1.22962856e+01 1.21062450e+01 1.26678305e+01
    1.29795580e+01 1.27216845e+01 1.26261253e+01 1.23975744e+01
    1.18813744e+01 1.24204245e+01 1.20839148e+01 1.10181103e+01
    1.29705915e+01 1.21688471e+01 1.10520697e+01 1.02055950e+01
    1.04929934e+01 1.19431229e+01 1.12129087e+01 1.02862587e+01
    1.14312000e+01 1.20802107e+01 1.17126694e+01 1.23217382e+01
    1.21136951e+01 1.22554684e+01 1.28423309e+01 1.19337816e+01
    1.12080011e+01 1.22241154e+01 1.29141541e+01 1.23705387e+01
    1.21525640e+01 1.03771868e+01 1.16936073e+01 1.11539097e+01
    1.10239258e+01 1.18173122e+01 1.09849758e+01 1.23818817e+01
    1.20331240e+01 1.21529655e+01 1.11045694e+01 1.20198498e+01
    1.20760069e+01 1.19652357e+01 1.22612562e+01 1.22729578e+01
    1.16013689e+01 1.31204910e+01 1.16336517e+01 1.11166649e+01
    1.10396051e+01 1.16127310e+01 1.06293325e+01 1.19943342e+01
    1.14433794e+01 1.29645252e+01 1.25859890e+01 1.30433502e+01
    1.22676935e+01 1.36501074e+01 1.27165089e+01 1.41030664e+01
    1.31273222e+01 1.27195549e+01 1.27953396e+01 1.34054251e+01
    1.32124634e+01 1.33815346e+01 1.26968546e+01 1.17158194e+01
    1.08147631e+01 1.17976074e+01 1.17405548e+01 1.10386019e+01
    1.13924007e+01 1.05928068e+01 1.10615425e+01 1.12041149e+01
    1.00458431e+01 1.12602196e+01 9.73257637e+00 9.16134167e+00
    1.09733076e+01 1.13069286e+01 9.87182808e+00 1.02986917e+01
    1.13389997e+01 1.04136534e+01 1.17988214e+01 1.14553766e+01
    1.22717133e+01 1.27159128e+01 1.29665451e+01 1.37523718e+01
    1.32544804e+01 1.28201466e+01 1.31608667e+01 1.34489050e+01
    1.32294912e+01 1.22797070e+01 1.26589327e+01 1.17646208e+01
    1.20913324e+01 1.07834606e+01 1.09655886e+01 1.13284693e+01
    1.19175110e+01 1.08997250e+01 9.52777195e+00 1.08545246e+01
    1.18044767e+01 1.15779877e+01 1.18353834e+01 1.05476055e+01
    1.08453140e+01 1.16952362e+01 1.13570423e+01 1.08314352e+01
    9.79231834e+00 9.45658875e+00 1.14820032e+01 1.11254082e+01
    1.00799570e+01 9.78136826e+00 9.31723690e+00 1.02880106e+01
    1.09633722e+01 9.86578369e+00 9.99767208e+00 1.02497520e+01
    1.15950270e+01 1.14460020e+01 1.28333883e+01 1.22346544e+01
    1.08279848e+01 1.22723351e+01 1.34417038e+01 1.27290840e+01
    1.30615101e+01 1.25049820e+01 1.28493128e+01 1.27982531e+01
    1.34082718e+01 1.17601118e+01 1.17395411e+01 1.20393944e+01
    1.22026672e+01 1.28465881e+01 1.24321671e+01 1.18845835e+01
    1.31388721e+01 1.20361881e+01 1.21749554e+01 1.27992945e+01
    1.23211098e+01 1.25435076e+01 1.19209309e+01 1.18668070e+01
    1.13852472e+01 1.21780815e+01 1.02419691e+01 1.12980938e+01
    1.01268225e+01 9.97932720e+00 1.14666548e+01 1.13745432e+01
    1.20858192e+01 1.09471397e+01 1.04581709e+01 1.10632010e+01
    1.16270704e+01 1.15178204e+01 9.83820152e+00 1.18843584e+01
    1.08164883e+01 1.06979580e+01 1.13771496e+01 1.22446575e+01
    1.15404015e+01 1.12605352e+01 1.20994005e+01 1.19526768e+01
    1.28274117e+01 1.18783092e+01 1.13340626e+01 1.03527164e+01
    1.19729424e+01 1.16921329e+01 1.10212221e+01 1.09791088e+01
    1.11093922e+01 1.18227510e+01 1.29751797e+01 1.06288452e+01
    1.18075190e+01 1.17142563e+01 1.23690310e+01 1.03811483e+01
    1.14667873e+01 1.29973660e+01 1.28207188e+01 1.17199564e+01
    7.78088760e+00 8.93524170e+00 9.44043922e+00 1.23887415e+01
    1.16117249e+01 1.23155050e+01 1.22832804e+01 1.11607962e+01
    1.23364220e+01 1.08977413e+01 1.05685072e+01 1.01368017e+01
    1.08777514e+01 1.09438848e+01 1.17802391e+01 1.17553072e+01
    1.12427282e+01 1.26103420e+01 1.15465498e+01 1.14453192e+01
    1.13910980e+01 1.20669699e+01 1.19882593e+01 1.20672531e+01
    1.15255108e+01 1.13435545e+01 1.02490292e+01 1.22164326e+01
    1.07689133e+01 9.66850090e+00 9.91552734e+00 1.18398685e+01
    1.19490929e+01 1.19857874e+01 1.13474197e+01 1.22408381e+01
    1.35298395e+01 1.24740219e+01 1.21441393e+01 1.38501501e+01
    1.27950087e+01 1.22007151e+01 1.22234802e+01 1.14923258e+01
    1.15273447e+01 1.07113171e+01 1.09119930e+01 1.17047663e+01
    1.17947159e+01 1.19335365e+01 1.35402727e+01 1.30796423e+01
    1.31092825e+01 1.33964481e+01 1.22400026e+01 1.17670975e+01
    1.11317520e+01 1.23768435e+01 1.21236658e+01 1.09808474e+01
    1.03981466e+01 1.04073887e+01 1.09580240e+01 1.07719135e+01
    1.06241808e+01 1.07070894e+01 1.16217813e+01 1.17881289e+01
    1.32387037e+01 1.40659657e+01 1.26671848e+01 1.27497759e+01
    1.35693979e+01 1.13591204e+01 1.24786444e+01 1.17530193e+01
    1.18651323e+01 1.28977375e+01 1.04404907e+01 1.14823103e+01
    1.12482395e+01 1.17008915e+01 1.01543360e+01 1.14347296e+01
    1.04090357e+01 1.16382551e+01 1.13918333e+01 1.14404955e+01
    1.15206499e+01 1.22483864e+01 1.22235851e+01 1.12683449e+01
    1.09218035e+01 1.16993761e+01 1.08178463e+01 1.25185757e+01
    1.08867855e+01 1.10731592e+01 1.19580221e+01 1.11666374e+01
    1.15109129e+01 1.02365408e+01 1.08333530e+01 1.19587364e+01
    1.32653332e+01 1.37479839e+01 1.24794502e+01 1.26074009e+01
    1.39016714e+01 1.32839527e+01 1.21317396e+01 1.21097517e+01
    1.31544771e+01 1.36713181e+01 1.16680822e+01 1.23925037e+01
    1.14419603e+01 1.06499634e+01 1.11071281e+01 1.27452679e+01
    9.74176311e+00 1.05922194e+01 1.02976465e+01 1.07938213e+01
    1.18999319e+01 1.09129496e+01 1.13371124e+01 1.13480511e+01
    9.27072239e+00 1.02302542e+01 1.09972515e+01 1.07349854e+01
    1.07414455e+01 1.08601799e+01 1.19875126e+01 1.11181927e+01
    1.18395329e+01 1.31608858e+01 1.16163740e+01 1.27962294e+01
    1.27866917e+01 1.10498877e+01 1.29641409e+01 1.30818233e+01
    1.31596460e+01 1.25447426e+01 1.33475809e+01 1.43764324e+01
    1.29812946e+01 1.37994728e+01 1.31078167e+01 1.25495586e+01
    1.17338963e+01 1.18431807e+01 1.16672125e+01 1.09519072e+01
    1.05239487e+01 1.14100161e+01 9.95839214e+00 1.15207520e+01
    1.02943020e+01 9.46604061e+00 1.06152601e+01 1.00588083e+01
    9.85731888e+00 1.06074677e+01 9.69197464e+00 1.01849298e+01
    1.08528261e+01 1.16183758e+01 1.09228640e+01 9.85076141e+00
    9.90552902e+00 1.08136625e+01 1.18232365e+01 1.15395250e+01
    1.07717896e+01 1.12085867e+01 1.17677536e+01 1.24173355e+01
    1.32807302e+01 1.44144402e+01 1.15409260e+01 1.22376747e+01
    1.33320799e+01 1.36665545e+01 1.27849493e+01 1.19839745e+01
    1.14779854e+01 1.43900595e+01 1.38560572e+01 1.03071356e+01
    1.15840921e+01 1.26944418e+01 1.16621990e+01 1.38202715e+01
    1.28806448e+01 1.18969908e+01 1.32990189e+01 1.21239462e+01
    1.31016560e+01 1.30449877e+01 1.11750422e+01 1.13391800e+01
    1.14022808e+01 1.05138664e+01 1.09101410e+01 1.16887274e+01
    1.04616938e+01 1.00894899e+01 1.01771116e+01 9.32589912e+00
    1.08734188e+01 1.08494501e+01 1.06002903e+01 1.11937132e+01
    1.04192677e+01 1.19012394e+01 1.01545067e+01 1.09386158e+01
    1.01255369e+01 9.93268871e+00 1.08409262e+01 1.20116119e+01
    1.07915497e+01 1.15677090e+01 1.25629845e+01 1.12815332e+01
    1.06462288e+01 1.24226847e+01 1.18578415e+01 1.17335930e+01
    1.14538832e+01 1.33502789e+01 1.21001835e+01 1.17392979e+01
    1.23681870e+01 1.16573639e+01 1.22541981e+01 1.21804342e+01
    1.16406841e+01 1.07398214e+01 1.18829298e+01 1.17751341e+01
    1.16445293e+01 1.06882858e+01 1.04454718e+01 1.34866009e+01
    1.25470276e+01 1.07790632e+01 8.76417828e+00 8.57195663e+00
    1.02703533e+01 1.17672129e+01 1.15106153e+01 1.07522306e+01
    1.21557293e+01 9.78271103e+00 9.10764408e+00 1.03509178e+01
    1.09823313e+01 1.03151026e+01 1.11195717e+01 1.26603823e+01
    1.16283140e+01 1.13450642e+01 1.22829437e+01 1.32138834e+01
    1.22506514e+01 1.22703733e+01 1.23769636e+01 1.17396927e+01
    1.25487928e+01 1.25336514e+01 1.09414291e+01 1.21946573e+01
    1.22554607e+01 1.32655830e+01 1.19410191e+01 1.14247904e+01
    1.25000925e+01 1.01543713e+01 1.25172825e+01 1.19272041e+01
    1.03111115e+01 1.16508608e+01 1.24442606e+01 1.25374556e+01
    1.29831629e+01 1.35241318e+01 1.28171282e+01 1.30947084e+01
    1.26228809e+01 1.12993193e+01 1.28834534e+01 1.18092299e+01
    1.18709736e+01 1.28615055e+01 1.26344891e+01 1.37507057e+01
    1.39333897e+01 1.28422699e+01 1.35872393e+01 1.42227516e+01
    1.28921528e+01 1.25543880e+01 1.19360456e+01 1.19861603e+01
    1.23845520e+01 1.20887413e+01 1.22885141e+01 1.03843346e+01
    1.11852388e+01 1.10269794e+01 1.09106150e+01 1.08813524e+01
    1.13515921e+01 9.43391323e+00 1.16426525e+01 1.23594952e+01
    1.28289709e+01 1.27520180e+01 1.27852564e+01 1.37205448e+01
    1.28882418e+01 1.39099474e+01 1.27852392e+01 1.35601053e+01
    1.23168812e+01 1.06306648e+01 1.22136707e+01 1.13347845e+01
    1.09848814e+01 1.05856276e+01 1.10175791e+01 1.01534653e+01
    1.03622351e+01 1.11665316e+01 1.15128412e+01 1.10393248e+01
    1.19638033e+01 1.03639441e+01 1.23109283e+01 1.29821730e+01
    1.14607992e+01 1.33183680e+01 1.28402214e+01 1.08284454e+01
    1.16162243e+01 1.18167877e+01 1.08524342e+01 1.14879904e+01
    1.25518017e+01 1.30841475e+01 1.39934464e+01 1.28394051e+01
    1.26593561e+01 1.32786322e+01 1.27712603e+01 1.41921263e+01
    1.41250935e+01 1.23049936e+01 1.30827751e+01 1.30769310e+01
    1.37170839e+01 1.21731186e+01 1.02829790e+01 1.00534744e+01
    1.07355900e+01 9.84326458e+00 8.64339161e+00 9.85356903e+00
    1.08321629e+01 1.10737000e+01 1.11240768e+01 1.12927074e+01
    1.11855154e+01 9.98385429e+00 9.84369946e+00 1.03558378e+01
    8.74978065e+00 1.09643211e+01 1.10323086e+01 9.88885021e+00
    1.13173952e+01 1.06810942e+01 1.19698849e+01 1.25299692e+01
    1.21692333e+01 1.31269865e+01 1.25770540e+01 1.09552698e+01
    1.33573227e+01 1.22928925e+01 1.23684816e+01 1.34221649e+01
    1.27289371e+01 1.26742716e+01 1.30738649e+01 1.28315525e+01
    1.10094633e+01 1.04113379e+01 1.10469723e+01 1.21801796e+01
    1.10325451e+01 1.06318655e+01 1.00701647e+01 1.04394798e+01
    9.88189125e+00 9.93006325e+00 1.02182093e+01 8.96038055e+00
    8.79843330e+00 1.00758286e+01 9.71142483e+00 1.06009808e+01
    9.44423103e+00 9.97497368e+00 1.02954626e+01 1.18850937e+01
    9.80097198e+00 8.96671772e+00 1.08896914e+01 1.02993984e+01
    1.11230621e+01 1.14548426e+01 1.02651739e+01 1.05760136e+01
    1.24776974e+01 1.24409323e+01 1.33866558e+01 1.39384184e+01
    1.17949629e+01 1.15028524e+01 1.36512003e+01 1.32777681e+01
    1.29777470e+01 1.13087778e+01 1.06430740e+01 1.34188366e+01
    1.35309887e+01 1.19554176e+01 1.24060440e+01 1.19762764e+01
    1.14702234e+01 1.32079687e+01 1.23003454e+01 1.19326553e+01
    1.14865189e+01 1.14690781e+01 1.25882435e+01 1.13940487e+01
    1.08719902e+01 1.07378216e+01 1.12591333e+01 1.04089622e+01
    1.17497673e+01 1.21475439e+01 1.05264063e+01 1.12371368e+01
    1.13018284e+01 1.07553759e+01 1.15242014e+01 1.12302160e+01
    1.24257107e+01 1.24521723e+01 1.05195389e+01 1.19435396e+01
    1.07692175e+01 1.18943949e+01 1.19962568e+01 1.03950243e+01
    1.17641115e+01 1.18805637e+01 1.10034437e+01 1.27954130e+01
    1.20045795e+01 1.12612505e+01 1.23602571e+01 1.31905289e+01
    1.21689301e+01 1.21328230e+01 1.29427986e+01 1.18538961e+01
    1.24123650e+01 1.35439425e+01 1.22229700e+01 1.19075651e+01
    1.31623316e+01 1.37642355e+01 1.24538994e+01 1.29733829e+01
    1.23450518e+01 1.29625454e+01 1.10239449e+01 1.18326321e+01
    1.18397045e+01 1.19640446e+01 1.24515953e+01 1.13948498e+01
    8.27189827e+00 8.13953304e+00 9.51014614e+00 1.24066610e+01
    1.10631008e+01 1.15603676e+01 1.13955526e+01 9.92657757e+00
    9.75659275e+00 1.11101971e+01 8.99083614e+00 1.04577723e+01
    1.04563789e+01 1.16762543e+01 1.10672960e+01 1.25983019e+01
    1.16099224e+01 1.27172375e+01 1.05651407e+01 1.09773216e+01
    1.13430748e+01 1.05397053e+01 1.07211800e+01 1.18816824e+01
    1.01578217e+01 1.18785067e+01 1.27349730e+01 1.30298567e+01
    1.20307055e+01 1.07764645e+01 1.20302534e+01 1.14632463e+01
    1.17180519e+01 1.25141487e+01 1.04642143e+01 1.13786373e+01
    1.10059042e+01 1.20553617e+01 1.17610540e+01 1.29668722e+01
    1.29845524e+01 1.22115955e+01 1.19750013e+01 1.17154274e+01
    1.13718185e+01 1.18847628e+01 1.23734026e+01 1.24018507e+01
    1.26356344e+01 1.38545141e+01 1.51162882e+01 1.29201117e+01
    1.36152906e+01 1.28428535e+01 1.24134130e+01 1.10823441e+01
    1.05355978e+01 1.12404251e+01 1.25157948e+01 9.86152172e+00
    1.18024559e+01 1.13593931e+01 1.12789536e+01 1.18902168e+01
    1.19436007e+01 1.25922213e+01 1.23365030e+01 1.15456934e+01
    1.12902231e+01 1.36711674e+01 1.44414721e+01 1.28754272e+01
    1.20905819e+01 1.34639502e+01 1.38161116e+01 1.46706238e+01
    1.40655622e+01 1.44128942e+01 1.21176062e+01 1.16117830e+01
    1.31961079e+01 1.18225870e+01 1.12986498e+01 1.11999760e+01
    1.05157309e+01 1.01326981e+01 1.04184723e+01 1.14545527e+01
    1.12465057e+01 1.11533775e+01 1.19712276e+01 1.15900965e+01
    1.10446177e+01 1.18879061e+01 1.15579472e+01 1.27747440e+01
    1.23970051e+01 1.05043211e+01 1.19165478e+01 1.28866272e+01
    1.20572710e+01 1.22135296e+01 1.14357824e+01 1.19010868e+01
    1.28434982e+01 1.31468344e+01 1.32628574e+01 1.31892061e+01
    1.31849442e+01 1.37018404e+01 1.29030142e+01 1.19118690e+01
    1.30535784e+01 1.27784758e+01 1.17955723e+01 1.23761253e+01
    1.07966967e+01 9.91672707e+00 1.09127951e+01 1.10161238e+01
    1.07129278e+01 8.79090786e+00 1.02707739e+01 1.03530731e+01
    1.09448662e+01 1.08216019e+01 1.03432884e+01 1.00942326e+01
    1.08863239e+01 9.37780571e+00 1.03296242e+01 1.14938478e+01
    1.14151297e+01 9.19610119e+00 1.14490633e+01 1.25869370e+01
    1.15612583e+01 1.12648449e+01 1.14152756e+01 1.16198282e+01
    1.18523121e+01 1.17128525e+01 1.23838034e+01 1.26978064e+01
    1.37317047e+01 1.51435900e+01 1.33064489e+01 1.18975039e+01
    1.30319233e+01 1.38077688e+01 1.19208269e+01 1.02683525e+01
    9.39000416e+00 1.07167206e+01 1.11974440e+01 8.41805553e+00
    9.87656593e+00 1.06978989e+01 9.59301186e+00 9.44128132e+00
    9.10138226e+00 8.73813629e+00 8.66674137e+00 8.63096428e+00
    1.01519852e+01 9.70942020e+00 9.53796959e+00 1.00593052e+01
    1.02555408e+01 1.09146843e+01 9.28842354e+00 8.46975040e+00
    1.09470119e+01 1.01023693e+01 1.06837425e+01 1.13146286e+01
    1.00324945e+01 1.06531935e+01 1.07227907e+01 1.16195822e+01
    1.16306553e+01 1.24602098e+01 1.11511478e+01 1.20647030e+01
    1.28370743e+01 1.18523045e+01 1.28255959e+01 1.12829380e+01
    1.12449684e+01 1.28503962e+01 1.25833778e+01 1.23582325e+01
    1.25501232e+01 1.11191292e+01 1.25067282e+01 1.28266878e+01
    1.24611483e+01 1.10811768e+01 1.02541475e+01 1.13993864e+01
    1.15560579e+01 1.05954370e+01 1.07826338e+01 1.06174402e+01
    1.08294134e+01 1.01189489e+01 1.14341812e+01 1.17038898e+01
    1.10009003e+01 1.08944168e+01 1.16023226e+01 9.81984520e+00
    1.09078703e+01 1.14468088e+01 1.11161165e+01 1.07839661e+01
    1.17880201e+01 1.13728666e+01 1.07280645e+01 1.21767225e+01
    1.12233047e+01 9.79110050e+00 1.15715637e+01 1.22893124e+01
    1.15112915e+01 1.32243958e+01 1.28668346e+01 1.31674795e+01
    1.14111509e+01 1.19190140e+01 1.28048735e+01 1.13489571e+01
    1.16855135e+01 1.13229094e+01 1.15522547e+01 1.05398693e+01
    1.09790878e+01 1.15919027e+01 1.18031244e+01 1.29687557e+01
    1.30918255e+01 1.19663610e+01 1.21693478e+01 1.25948887e+01
    1.20380220e+01 1.07500916e+01 1.22417574e+01 1.07396078e+01
    1.15353546e+01 1.10424585e+01 7.49930477e+00 8.99204922e+00
    9.43560696e+00 1.22533970e+01 1.14267416e+01 1.12772017e+01
    1.07632570e+01 1.04277534e+01 9.81001663e+00 1.05135860e+01
    9.25664520e+00 1.04728785e+01 1.11048746e+01 1.04562273e+01
    1.09475765e+01 1.05391989e+01 1.03656063e+01 1.09800920e+01
    1.11120176e+01 1.04063749e+01 1.15273514e+01 1.09875507e+01
    1.08877506e+01 1.32264910e+01 1.18313150e+01 1.27997131e+01
    1.31480436e+01 1.31245937e+01 1.24817533e+01 1.06588106e+01
    1.14593306e+01 1.24390717e+01 1.07484379e+01 1.04618359e+01
    1.04057693e+01 1.14043140e+01 1.12564812e+01 1.00577135e+01
    1.28129997e+01 1.24732418e+01 1.20980635e+01 1.13382130e+01
    1.14493160e+01 1.17596130e+01 1.22166643e+01 1.10756893e+01
    1.12286654e+01 1.29586182e+01 1.27810478e+01 1.21565781e+01
    1.36984062e+01 1.39234409e+01 1.25705280e+01 1.27839603e+01
    1.16256123e+01 1.20799799e+01 1.14691648e+01 1.03358822e+01
    1.22836733e+01 1.06917944e+01 9.58623219e+00 1.16020002e+01
    1.18254318e+01 1.00811977e+01 1.23308849e+01 1.18601303e+01
    1.19534273e+01 1.18993988e+01 1.22861824e+01 1.38426666e+01
    1.30624228e+01 1.39818735e+01 1.36766644e+01 1.20287008e+01
    1.36256943e+01 1.48651600e+01 1.45708838e+01 1.22977505e+01
    1.31485844e+01 1.37154093e+01 1.15045052e+01 1.15807085e+01
    1.23639812e+01 1.05186720e+01 1.05929270e+01 1.14286852e+01
    1.10516863e+01 1.14576225e+01 1.18874140e+01 1.29299231e+01
    1.20151100e+01 1.04166489e+01 1.15502253e+01 1.12112827e+01
    1.00599775e+01 1.13438234e+01 1.15075455e+01 9.74365807e+00
    1.00296001e+01 1.17511272e+01 1.20437613e+01 1.19575624e+01
    1.20549183e+01 1.23443251e+01 1.41924238e+01 1.35158300e+01
    1.25671730e+01 1.29549837e+01 1.29607458e+01 1.22529297e+01
    1.31844549e+01 1.24084120e+01 1.27839785e+01 1.26509037e+01
    1.07237730e+01 1.24301701e+01 1.02397642e+01 9.84735107e+00
    1.09108429e+01 9.29659653e+00 9.93362617e+00 9.86731911e+00
    9.77820301e+00 1.19340668e+01 1.26280537e+01 1.16913738e+01
    1.14480362e+01 1.25479698e+01 1.05538006e+01 9.71281052e+00
    1.02576227e+01 1.15678854e+01 1.16628284e+01 9.37001991e+00
    1.11821012e+01 1.25497885e+01 1.25195179e+01 1.16283102e+01
    1.03938770e+01 1.10851746e+01 1.17735224e+01 1.08476305e+01
    1.16981564e+01 1.18660278e+01 1.23828697e+01 1.35106783e+01
    1.38371849e+01 1.38721256e+01 1.31927986e+01 1.43095198e+01
    1.26841917e+01 1.14651690e+01 1.13559246e+01 1.04134521e+01
    1.07700472e+01 9.28594685e+00 1.04022427e+01 1.01694546e+01
    8.62307930e+00 9.22272301e+00 8.32076359e+00 8.74347210e+00
    9.62402630e+00 8.01313496e+00 1.00722122e+01 9.39177608e+00
    9.94982815e+00 1.02685432e+01 8.83276653e+00 1.11428270e+01
    1.03855333e+01 9.33911991e+00 1.14747639e+01 9.62791538e+00
    1.09953194e+01 1.13373785e+01 8.96222401e+00 1.15935736e+01
    1.25193481e+01 1.00303793e+01 1.23498592e+01 1.38502760e+01
    1.18742056e+01 1.14788971e+01 1.24053478e+01 1.21088991e+01
    1.16388969e+01 1.13191175e+01 1.07384710e+01 1.19702005e+01
    1.17679129e+01 1.32093496e+01 1.29743557e+01 1.26287861e+01
    1.34648991e+01 1.34380808e+01 1.38052588e+01 1.31602659e+01
    1.05087452e+01 1.15737734e+01 1.16361065e+01 1.07364750e+01
    1.07155733e+01 9.40660191e+00 1.00293894e+01 1.05853243e+01
    1.12429705e+01 1.06078596e+01 1.05833607e+01 1.06759520e+01
    1.21913204e+01 9.91423702e+00 1.16672554e+01 1.19777937e+01
    1.13228283e+01 1.12281446e+01 1.10265265e+01 1.11223660e+01
    1.16500387e+01 1.12649193e+01 1.03176689e+01 1.13640909e+01
    1.23915997e+01 1.18335352e+01 1.15110807e+01 1.22523499e+01
    1.31663437e+01 1.23709755e+01 1.21038837e+01 1.22562380e+01
    1.24506340e+01 1.23378744e+01 1.23432083e+01 1.14791317e+01
    1.07188854e+01 1.25760002e+01 1.13781395e+01 1.20267906e+01
    1.13998604e+01 1.20748377e+01 1.21187096e+01 1.11271973e+01
    1.27424927e+01 1.35775871e+01 1.16077948e+01 9.35336876e+00
    1.12325850e+01 1.11666317e+01 9.57742405e+00 9.68765831e+00
    7.08848190e+00 8.59523582e+00 9.61252022e+00 1.21191730e+01
    1.11160526e+01 9.86482811e+00 1.00323400e+01 1.00089064e+01
    1.03407764e+01 9.73739910e+00 8.27356815e+00 9.26441765e+00
    1.01697407e+01 1.06492109e+01 1.04325085e+01 1.03686008e+01
    9.67721367e+00 9.95077038e+00 1.02759695e+01 9.87252903e+00
    9.47245693e+00 9.49720478e+00 1.06161776e+01 1.14408445e+01
    1.13862343e+01 1.24284172e+01 1.46050997e+01 1.44668884e+01
    1.30022535e+01 1.19862623e+01 1.22846231e+01 1.26427679e+01
    1.11318607e+01 9.07402992e+00 1.01048355e+01 1.16324635e+01
    1.06498041e+01 1.02014170e+01 1.27087326e+01 1.18455286e+01
    1.37054310e+01 1.29691353e+01 1.08217449e+01 1.11376324e+01
    1.20988445e+01 1.04039717e+01 1.15715504e+01 1.15752859e+01
    1.10782051e+01 1.22369738e+01 1.36108198e+01 1.31212969e+01
    1.36566372e+01 1.28926649e+01 1.18813763e+01 1.27718554e+01
    1.22374353e+01 9.82501316e+00 1.23841982e+01 1.13036785e+01
    9.39917564e+00 1.20056658e+01 1.10285959e+01 1.17043962e+01
    1.07846279e+01 1.17961607e+01 1.13670464e+01 1.10540800e+01
    1.20246429e+01 1.29463358e+01 1.21081314e+01 1.19324751e+01
    1.32390814e+01 1.21445942e+01 1.36008444e+01 1.52227221e+01
    1.35410318e+01 1.39105101e+01 1.27776337e+01 1.43100786e+01
    1.20623188e+01 1.28495560e+01 1.23598213e+01 1.18318071e+01
    1.10716696e+01 1.07955132e+01 1.02808094e+01 1.10434465e+01
    1.25103750e+01 1.20910006e+01 1.24554319e+01 1.21023674e+01
    1.18159285e+01 1.23203840e+01 1.18697433e+01 1.21951122e+01
    1.13633146e+01 1.00477200e+01 1.19261570e+01 1.16948490e+01
    1.17828827e+01 1.19722490e+01 1.21336288e+01 1.17077045e+01
    1.40612192e+01 1.36735697e+01 1.35528612e+01 1.42281132e+01
    1.53026848e+01 1.30949078e+01 1.36289654e+01 1.38661509e+01
    1.41358566e+01 1.19471617e+01 1.20182734e+01 1.11895876e+01
    1.12151060e+01 1.11664925e+01 1.14616203e+01 9.95131111e+00
    1.00519028e+01 1.03425007e+01 1.15036650e+01 1.26212196e+01
    1.10134077e+01 1.10298519e+01 1.18575001e+01 1.14882832e+01
    1.10346022e+01 8.95952702e+00 9.73156357e+00 1.17505836e+01
    1.09452991e+01 1.08365555e+01 1.15874720e+01 1.15937223e+01
    1.27294283e+01 1.28858919e+01 1.20221233e+01 1.18028889e+01
    1.05464382e+01 1.11576109e+01 1.11404600e+01 1.13462696e+01
    1.21338062e+01 1.29063501e+01 1.37749624e+01 1.27810516e+01
    1.36998415e+01 1.33677425e+01 1.23929834e+01 1.27261658e+01
    1.17374592e+01 1.12257271e+01 1.02503576e+01 1.15499659e+01
    9.42779636e+00 9.80552578e+00 8.53628254e+00 9.23615837e+00
    7.90521145e+00 8.75170040e+00 8.16703320e+00 8.72618389e+00
    9.90215015e+00 9.91823769e+00 1.05115156e+01 1.12494078e+01
    1.09662657e+01 1.17550583e+01 1.05329323e+01 9.48938656e+00
    1.06066694e+01 1.04232063e+01 1.18303366e+01 1.06482544e+01
    9.85848618e+00 1.29043999e+01 1.13342171e+01 1.13081570e+01
    1.19427929e+01 1.15747643e+01 1.16853294e+01 1.28458118e+01
    1.11820183e+01 1.14032955e+01 1.25934639e+01 1.20988436e+01
    1.08235121e+01 1.23573046e+01 1.15225716e+01 1.24669781e+01
    1.34594650e+01 1.28488960e+01 1.22715626e+01 1.32706347e+01
    1.30633965e+01 1.20563602e+01 1.15736675e+01 1.17382641e+01
    9.55373192e+00 1.11084938e+01 1.06386909e+01 9.97064686e+00
    1.05612030e+01 1.11289482e+01 1.11645794e+01 1.20195389e+01
    1.21008320e+01 1.25599384e+01 1.21780262e+01 1.11596117e+01
    1.26899576e+01 1.27574072e+01 1.17009373e+01 1.25648317e+01
    1.24587221e+01 1.17658453e+01 1.15635605e+01 1.23317766e+01
    1.08333588e+01 1.12788439e+01 1.06897306e+01 1.13786983e+01
    1.14495335e+01 1.11877155e+01 1.19633179e+01 1.22426805e+01
    1.12681589e+01 1.09392157e+01 1.15293531e+01 1.10097227e+01
    1.20077639e+01 1.07714520e+01 1.05570583e+01 1.08110085e+01
    1.13521194e+01 1.08062811e+01 1.08366461e+01 1.22327099e+01
    1.19540462e+01 1.21276255e+01 1.26186190e+01 1.31703520e+01
    1.19986906e+01 1.21808033e+01 1.17639980e+01 1.18563957e+01
    1.10689859e+01 1.01756420e+01 7.20931053e+00 8.76672363e+00
    8.54295826e+00 1.03382015e+01 1.20609407e+01 1.02515812e+01
    1.01635704e+01 9.60508251e+00 1.16794338e+01 1.00110798e+01
    9.94145870e+00 1.12241020e+01 1.05850706e+01 1.14374981e+01
    1.17943907e+01 9.27173042e+00 9.50946712e+00 1.08724585e+01
    9.66192627e+00 1.07800579e+01 9.21682930e+00 8.75629234e+00
    1.02095413e+01 1.10296974e+01 1.07018538e+01 1.17913456e+01
    1.26352377e+01 1.34001770e+01 1.15507402e+01 1.19077377e+01
    1.34027700e+01 1.27502279e+01 1.36975632e+01 1.13128519e+01
    9.85850525e+00 1.09975557e+01 1.19257812e+01 1.07096100e+01
    1.08896608e+01 1.04601097e+01 1.20497007e+01 1.16479359e+01
    1.14053192e+01 1.10733213e+01 1.02944813e+01 1.17550631e+01
    1.12086992e+01 1.10960169e+01 1.16643305e+01 1.19006138e+01
    1.27802706e+01 1.30169449e+01 1.35942211e+01 1.32814865e+01
    1.23824673e+01 1.21758833e+01 1.24536829e+01 1.20564957e+01
    1.21228447e+01 1.19543600e+01 1.09156170e+01 1.11425533e+01
    1.18470001e+01 1.11342258e+01 1.15332222e+01 1.09581060e+01
    1.21324291e+01 1.13324118e+01 1.20039349e+01 1.33882446e+01
    1.38110819e+01 1.24932261e+01 1.22092953e+01 1.34769592e+01
    1.42749481e+01 1.40062504e+01 1.28190870e+01 1.31195440e+01
    1.27679958e+01 1.29986019e+01 1.33631830e+01 1.15409842e+01
    1.18497515e+01 1.00620785e+01 1.16801434e+01 1.03489828e+01
    1.02982683e+01 1.20399265e+01 1.18056889e+01 1.09044065e+01
    1.26610632e+01 1.28792791e+01 1.19316216e+01 1.21908245e+01
    1.28896065e+01 1.14880953e+01 1.14977083e+01 1.01265430e+01
    1.22934027e+01 1.05666380e+01 1.23287230e+01 1.18319187e+01
    1.18956528e+01 1.24875603e+01 1.25677156e+01 1.44424438e+01
    1.27680931e+01 1.36444178e+01 1.42082815e+01 1.34269285e+01
    1.29199352e+01 1.40545053e+01 1.25021219e+01 1.29601355e+01
    1.23832693e+01 1.26340570e+01 1.12941427e+01 1.15015049e+01
    1.25272322e+01 1.29972792e+01 9.78779507e+00 9.92636776e+00
    1.20616426e+01 1.15067139e+01 1.16851778e+01 1.08100815e+01
    1.05745020e+01 1.25287180e+01 1.02913704e+01 9.99338436e+00
    1.09449959e+01 1.19266539e+01 1.07442608e+01 1.19032459e+01
    1.10271225e+01 1.17910318e+01 1.31647530e+01 1.26205349e+01
    1.13170071e+01 1.12860718e+01 9.93811703e+00 1.13079443e+01
    1.15994921e+01 1.25784254e+01 1.18889561e+01 1.34437313e+01
    1.43555231e+01 1.32796974e+01 1.36551123e+01 1.36513720e+01
    1.30572519e+01 1.15039816e+01 1.04611454e+01 1.17325001e+01
    1.12720013e+01 1.12490215e+01 9.56334591e+00 1.08555670e+01
    9.51563168e+00 8.21981716e+00 9.40973663e+00 7.92574692e+00
    7.71911049e+00 9.65144062e+00 8.74889088e+00 1.01730156e+01
    1.08979168e+01 1.03532152e+01 1.17099447e+01 1.15022535e+01
    1.02500219e+01 1.16129341e+01 1.14966002e+01 1.06359158e+01
    1.00983200e+01 1.08224726e+01 1.05403662e+01 1.19280663e+01
    1.11483383e+01 1.06540670e+01 1.11247559e+01 1.07934856e+01
    1.19077225e+01 1.27390118e+01 1.07600679e+01 1.08042297e+01
    1.20348234e+01 1.08756733e+01 1.16838350e+01 1.16075344e+01
    1.15475292e+01 1.20011024e+01 1.27808323e+01 1.33499880e+01
    1.24028053e+01 1.31221781e+01 1.26330938e+01 1.19717865e+01
    1.24446840e+01 1.14937277e+01 1.10004358e+01 9.73548412e+00
    1.01497889e+01 1.13560352e+01 1.13818960e+01 1.09158201e+01
    1.15987921e+01 1.31163073e+01 1.44717035e+01 1.12523642e+01
    1.21478319e+01 1.10286226e+01 1.32342329e+01 1.15671787e+01
    1.00688677e+01 1.30678329e+01 1.22738419e+01 1.07105141e+01
    1.29777975e+01 1.08590708e+01 1.14512482e+01 1.05141954e+01
    1.17495899e+01 1.05214844e+01 1.13474054e+01 1.04639368e+01
    9.87780380e+00 1.14236040e+01 1.11903534e+01 1.05379696e+01
    1.06314316e+01 1.07496204e+01 1.15896521e+01 1.09788513e+01
    9.04504681e+00 1.06385059e+01 1.04633589e+01 1.13971567e+01
    1.18026743e+01 1.27388639e+01 1.10976248e+01 1.22763710e+01
    1.28710289e+01 1.26556101e+01 1.29803286e+01 1.29779158e+01
    9.78882408e+00 1.22602320e+01 1.10687351e+01 1.05627050e+01
    7.19977474e+00 8.31463242e+00 1.05854206e+01 1.15093498e+01
    1.03642759e+01 9.78988552e+00 1.03385973e+01 1.02158041e+01
    9.63897705e+00 9.60784340e+00 1.02290058e+01 1.06533480e+01
    8.85361004e+00 1.18240891e+01 9.58195305e+00 9.21826744e+00
    9.71234512e+00 9.47044563e+00 8.86366272e+00 1.13102598e+01
    9.26626778e+00 9.93071747e+00 1.09619904e+01 1.10125170e+01
    1.27549915e+01 1.34169397e+01 1.22509851e+01 1.36036501e+01
    1.33322039e+01 1.24805584e+01 1.32008686e+01 1.17009516e+01
    1.01644659e+01 1.06277790e+01 9.36175728e+00 1.03018379e+01
    9.99859428e+00 1.03918610e+01 1.00618935e+01 1.03943691e+01
    1.16129646e+01 1.03409328e+01 1.08072309e+01 1.08953800e+01
    1.09718714e+01 1.11867790e+01 1.07672367e+01 1.07915983e+01
    1.28547773e+01 1.20140724e+01 1.28637981e+01 1.22875137e+01
    1.31501694e+01 1.31985378e+01 1.19837322e+01 1.20147104e+01
    1.33082104e+01 1.26237087e+01 1.21357241e+01 1.20311298e+01
    1.20372190e+01 1.22739601e+01 1.18802738e+01 1.22995539e+01
    1.24626160e+01 1.22815237e+01 1.21333170e+01 1.24082565e+01
    1.23664074e+01 1.42383938e+01 1.29770918e+01 1.29586039e+01
    1.27741261e+01 1.33579922e+01 1.40025005e+01 1.33280125e+01
    1.31893930e+01 1.35357666e+01 1.24760017e+01 1.23523731e+01
    1.41029902e+01 1.33874960e+01 1.23362427e+01 1.23622751e+01
    1.16038570e+01 1.23812943e+01 1.11509190e+01 1.21634083e+01
    1.19547806e+01 1.23308077e+01 1.27262344e+01 1.37247524e+01
    1.18395185e+01 1.20910673e+01 1.25782967e+01 1.19334602e+01
    1.15445967e+01 1.18267813e+01 1.20714912e+01 1.24563093e+01
    1.17902126e+01 1.28881741e+01 1.16154413e+01 1.14212275e+01
    1.15780163e+01 1.27616758e+01 1.31431675e+01 1.21093731e+01
    1.25211811e+01 1.32181816e+01 1.39996996e+01 1.21424685e+01
    1.33050079e+01 1.13327732e+01 1.18579245e+01 1.13062248e+01
    1.08662491e+01 1.09497766e+01 1.30302763e+01 1.24072094e+01
    1.15690432e+01 1.11182060e+01 1.17032728e+01 1.18643894e+01
    1.22070103e+01 1.08932858e+01 1.01965380e+01 1.10643635e+01
    1.20403824e+01 1.05924654e+01 1.06554518e+01 1.09470510e+01
    1.22237444e+01 1.17830830e+01 1.05461378e+01 1.25397091e+01
    1.34844627e+01 1.27022934e+01 1.10033417e+01 1.12486811e+01
    1.08523779e+01 1.07787371e+01 1.11113110e+01 1.01233311e+01
    1.09919157e+01 1.31915531e+01 1.24030218e+01 1.19839144e+01
    1.23775759e+01 1.30004091e+01 1.27979307e+01 1.09337120e+01
    1.20792952e+01 1.25757351e+01 1.05147924e+01 1.21749516e+01
    1.09700785e+01 1.04931936e+01 9.64639378e+00 9.87459183e+00
    1.06679077e+01 9.59855080e+00 9.34121037e+00 1.03253946e+01
    9.33625698e+00 1.04812641e+01 1.09231358e+01 1.05465250e+01
    1.16639080e+01 1.08156118e+01 1.02326784e+01 1.22345629e+01
    1.13132210e+01 1.05852718e+01 1.11925859e+01 1.14855070e+01
    1.00316048e+01 1.19403257e+01 1.11753893e+01 1.02164288e+01
    1.10290022e+01 1.12003345e+01 1.17749596e+01 1.18849678e+01
    1.05871792e+01 1.10905533e+01 1.14666891e+01 1.16183815e+01
    1.22013073e+01 1.08437939e+01 1.25949783e+01 1.18636198e+01
    1.33330193e+01 1.29702225e+01 1.34129276e+01 1.36096792e+01
    1.40489902e+01 1.22933512e+01 1.24314337e+01 1.17441864e+01
    1.24625206e+01 1.07395716e+01 1.06825943e+01 1.19871264e+01
    1.12182465e+01 1.17485313e+01 1.12955494e+01 1.23821363e+01
    1.35627861e+01 1.27751207e+01 1.10565643e+01 1.31082964e+01
    1.23188620e+01 1.14231205e+01 1.19448490e+01 1.09334755e+01
    1.12927895e+01 1.23684921e+01 1.19753895e+01 1.06384726e+01
    1.08620081e+01 1.06501646e+01 1.09019661e+01 1.03995886e+01
    9.99919891e+00 1.10265188e+01 1.07474022e+01 1.05660410e+01
    1.20071783e+01 9.97917747e+00 1.11167717e+01 1.08403482e+01
    1.18208752e+01 1.08287039e+01 1.06612387e+01 1.16277456e+01
    1.20450964e+01 1.08918381e+01 1.18420525e+01 1.21852655e+01
    1.19527254e+01 1.24910679e+01 1.38054028e+01 1.25141144e+01
    1.27025223e+01 1.21864166e+01 1.19914894e+01 1.18629179e+01
    1.07242975e+01 1.15500507e+01 7.02609682e+00 7.74714375e+00
    1.04323072e+01 1.16472111e+01 1.08959227e+01 9.50306606e+00
    1.06773243e+01 1.10114737e+01 1.02176456e+01 9.90267754e+00
    1.02650204e+01 1.11163282e+01 1.07495146e+01 1.07800388e+01
    1.02193623e+01 9.89239502e+00 1.03968287e+01 9.06899548e+00
    1.00027332e+01 1.08428383e+01 1.10086193e+01 1.13919115e+01
    1.09180384e+01 1.11672754e+01 1.30264282e+01 1.44911165e+01
    1.31230755e+01 1.19975519e+01 1.29651737e+01 1.21105099e+01
    1.40333614e+01 1.26404743e+01 1.10835857e+01 1.17642164e+01
    1.06229534e+01 1.08421860e+01 1.12812386e+01 9.74853325e+00
    1.00874443e+01 1.19593697e+01 1.23523026e+01 9.71916771e+00
    1.18363256e+01 1.12014828e+01 1.11272402e+01 1.07057056e+01
    1.20705700e+01 1.07787342e+01 1.06878872e+01 1.13314552e+01
    1.25809021e+01 1.15086737e+01 1.22682753e+01 1.24324722e+01
    1.17224827e+01 1.21169872e+01 1.15467024e+01 1.28778782e+01
    1.25766459e+01 1.03094273e+01 1.22051182e+01 1.30599947e+01
    1.10040903e+01 1.18783722e+01 1.21250343e+01 1.23846550e+01
    1.16894970e+01 1.31377840e+01 1.23785448e+01 1.25612698e+01
    1.25452538e+01 1.22144642e+01 1.30020008e+01 1.24923716e+01
    1.38901968e+01 1.30428095e+01 1.24436808e+01 1.24401970e+01
    1.28462553e+01 1.23423300e+01 1.33547211e+01 1.23616762e+01
    1.24609079e+01 1.20301743e+01 1.00985422e+01 1.10338202e+01
    1.12595835e+01 9.91307545e+00 1.11521587e+01 1.08291702e+01
    1.24531851e+01 1.21673641e+01 1.16784353e+01 1.26181602e+01
    1.31794043e+01 1.33684082e+01 1.28432217e+01 1.16533918e+01
    1.20032587e+01 1.24711647e+01 1.29632044e+01 1.23474903e+01
    1.13671875e+01 1.22481146e+01 1.23681765e+01 1.09908791e+01
    1.30781527e+01 1.25118561e+01 1.23388958e+01 1.34770308e+01
    1.37259760e+01 1.33569241e+01 1.20489759e+01 1.31842051e+01
    1.28106518e+01 1.26463947e+01 1.10304956e+01 1.09779882e+01
    1.16846581e+01 1.12554541e+01 1.09061460e+01 9.86995029e+00
    1.12641430e+01 1.21267509e+01 1.06350451e+01 1.02126741e+01
    1.08167877e+01 1.07493734e+01 1.06945677e+01 9.66519833e+00
    1.06312962e+01 1.13905802e+01 1.08556643e+01 1.09345465e+01
    1.03425369e+01 1.21162062e+01 1.21245213e+01 1.19933491e+01
    1.08344517e+01 1.17587910e+01 1.16948538e+01 1.20596666e+01
    1.13788834e+01 1.08474541e+01 1.13183241e+01 1.28825245e+01
    1.25476284e+01 1.17724075e+01 1.15264254e+01 1.23604574e+01
    1.23021212e+01 1.12761564e+01 1.10808659e+01 1.03153133e+01
    1.14355621e+01 1.24812136e+01 1.15748062e+01 1.11420193e+01
    1.13291101e+01 1.02146292e+01 1.16492949e+01 9.35504246e+00
    1.04912214e+01 9.91302299e+00 1.06523027e+01 1.13572350e+01
    1.18852386e+01 9.81174564e+00 1.08345709e+01 1.09443531e+01
    1.17615061e+01 1.09134512e+01 1.16043844e+01 1.10541964e+01
    1.09430532e+01 1.17148933e+01 1.13458815e+01 1.24327631e+01
    1.16764793e+01 1.13361559e+01 1.04994726e+01 1.13531017e+01
    1.10284004e+01 1.08623333e+01 1.00739651e+01 1.02010813e+01
    1.05177631e+01 1.23928757e+01 1.12105513e+01 1.16966000e+01
    1.03902073e+01 1.22543440e+01 1.33891125e+01 1.28787346e+01
    1.22506199e+01 1.25172720e+01 1.28257351e+01 1.16805992e+01
    1.13893452e+01 1.11079941e+01 1.07170982e+01 9.80556107e+00
    8.57786560e+00 1.08368416e+01 1.01220036e+01 1.12054901e+01
    1.26873693e+01 1.10552063e+01 1.27144833e+01 1.23391962e+01
    1.16757402e+01 1.10293303e+01 1.20407028e+01 1.06474504e+01
    1.15880117e+01 1.11624365e+01 1.25086536e+01 1.17746544e+01
    1.19589357e+01 1.15452051e+01 1.07628231e+01 1.05611629e+01
    1.04652376e+01 1.01498508e+01 9.97269821e+00 8.27653217e+00
    9.36043644e+00 1.01457891e+01 9.91959667e+00 1.05959644e+01
    1.09910650e+01 1.12740011e+01 1.08635101e+01 1.05603266e+01
    1.06708374e+01 1.05121536e+01 1.14804478e+01 1.02920284e+01
    1.09621410e+01 1.14868765e+01 1.20315676e+01 1.16268206e+01
    1.27116642e+01 1.24711094e+01 1.21415310e+01 1.18953886e+01
    1.23041143e+01 1.19802780e+01 1.14808216e+01 1.11249495e+01
    8.38247776e+00 8.58422184e+00 9.71723461e+00 1.30214195e+01
    1.14879923e+01 1.02293835e+01 1.06808405e+01 1.09450226e+01
    1.11820974e+01 1.03328171e+01 1.05108557e+01 1.17575455e+01
    1.11754684e+01 1.10461473e+01 1.08673677e+01 9.84019470e+00
    1.08442965e+01 8.64314842e+00 1.03856955e+01 1.07794685e+01
    9.92978001e+00 1.06535320e+01 1.14904442e+01 1.00156984e+01
    1.25771017e+01 1.21557312e+01 1.15634813e+01 1.11273146e+01
    1.18812075e+01 1.14283390e+01 1.23873024e+01 1.26978760e+01
    1.10033617e+01 1.09911337e+01 1.02004967e+01 1.02893267e+01
    1.11394472e+01 9.91204453e+00 1.03246059e+01 1.12024555e+01
    1.16874132e+01 1.07607698e+01 1.06006041e+01 1.11423054e+01
    1.06040230e+01 9.81351471e+00 9.75672626e+00 1.00803070e+01
    9.80313396e+00 1.12116556e+01 1.19548302e+01 1.12798643e+01
    1.22597933e+01 1.18697453e+01 1.15927763e+01 1.20974178e+01
    1.19375582e+01 1.18506250e+01 1.30699558e+01 1.21831121e+01
    1.13221111e+01 1.23337736e+01 1.27892036e+01 1.30157089e+01
    1.22800226e+01 1.21893883e+01 1.34390106e+01 1.37575846e+01
    1.32460651e+01 1.25240374e+01 1.33089762e+01 1.32304611e+01
    1.24292965e+01 1.26407919e+01 1.25313730e+01 1.26157684e+01
    1.28605518e+01 1.27690716e+01 1.31305971e+01 1.24173431e+01
    1.20781507e+01 1.24375429e+01 1.28925428e+01 1.08448591e+01
    1.08718004e+01 1.21878872e+01 1.04027328e+01 1.07767239e+01
    1.05112886e+01 1.21011057e+01 1.28043051e+01 1.15608273e+01
    1.24870319e+01 1.17992764e+01 1.13199968e+01 1.20736303e+01
    1.24871635e+01 1.14233437e+01 1.14803896e+01 1.32943115e+01
    1.45059605e+01 1.22279491e+01 1.29626217e+01 1.28039255e+01
    1.24445753e+01 1.23149290e+01 1.30842352e+01 1.16698751e+01
    1.14989080e+01 1.28527632e+01 1.39890614e+01 1.11403818e+01
    1.23065414e+01 1.23268127e+01 1.16808338e+01 1.15698061e+01
    1.16654081e+01 1.14525328e+01 1.28874893e+01 1.20992956e+01
    1.21690750e+01 1.17907562e+01 1.19030600e+01 1.14473734e+01
    1.05879030e+01 1.08800869e+01 1.06118164e+01 1.14274073e+01
    1.06210928e+01 9.93014145e+00 1.11059971e+01 1.18604259e+01
    1.07721443e+01 1.10277033e+01 1.19200773e+01 1.17069893e+01
    1.22321701e+01 1.18585777e+01 1.23115549e+01 1.09545078e+01
    1.15502129e+01 1.16983156e+01 1.21699181e+01 1.07444162e+01
    1.07829943e+01 1.24183226e+01 1.30574179e+01 1.19515724e+01
    1.18359728e+01 1.23989754e+01 1.23214483e+01 1.09619522e+01
    1.10106916e+01 1.10731058e+01 1.15125246e+01 1.17194328e+01
    1.18977413e+01 1.16315975e+01 1.09263668e+01 1.19456816e+01
    1.11883497e+01 1.16473007e+01 1.13112011e+01 1.06400967e+01
    1.06119080e+01 1.15873117e+01 1.15404911e+01 1.11890755e+01
    9.31965351e+00 1.21579924e+01 1.15261135e+01 1.01246204e+01
    1.19017696e+01 1.15580006e+01 1.00048819e+01 1.21368523e+01
    1.16804600e+01 1.24520264e+01 1.19053593e+01 1.06423912e+01
    1.13343039e+01 1.27621689e+01 1.11016064e+01 1.08088713e+01
    9.33830070e+00 9.87642574e+00 9.49255276e+00 1.10381699e+01
    1.13831911e+01 1.07180376e+01 1.13419991e+01 1.12122021e+01
    1.25068331e+01 1.28744774e+01 1.16858797e+01 1.16585064e+01
    1.12223940e+01 1.26182709e+01 1.23153267e+01 1.00948534e+01
    1.08772583e+01 1.11753979e+01 1.04694338e+01 1.12796459e+01
    1.20869808e+01 1.12078056e+01 1.19311066e+01 1.29867258e+01
    1.26670465e+01 1.07289248e+01 1.11307049e+01 1.22857733e+01
    1.17795296e+01 1.00662003e+01 1.07588520e+01 1.20804825e+01
    1.13135157e+01 1.05353556e+01 1.22506504e+01 1.06763430e+01
    1.00400047e+01 1.14437771e+01 1.06705914e+01 1.00509949e+01
    1.15083008e+01 8.82783318e+00 9.48903275e+00 1.17456570e+01
    1.04568157e+01 1.02812929e+01 1.07087326e+01 1.00571308e+01
    1.13744316e+01 1.08810863e+01 8.88006783e+00 1.15061483e+01
    1.22733736e+01 1.14225187e+01 1.06733999e+01 1.18028622e+01
    1.18044672e+01 1.20954790e+01 1.27035093e+01 1.23217258e+01
    1.15547819e+01 1.16112432e+01 1.20713797e+01 1.08532305e+01
    1.10570097e+01 1.19213743e+01 6.86918688e+00 7.61140347e+00
    8.88899517e+00 1.25725765e+01 1.18321533e+01 1.01957617e+01
    1.14706507e+01 1.12333965e+01 1.12972336e+01 1.08568611e+01
    1.03942289e+01 9.73134613e+00 1.01679401e+01 1.02756624e+01
    1.03753262e+01 9.35585785e+00 1.08303633e+01 1.00668344e+01
    1.06937904e+01 1.12112894e+01 1.10235443e+01 1.13112059e+01
    1.16955910e+01 1.08891439e+01 1.28621283e+01 1.21095200e+01
    1.23736496e+01 1.26651392e+01 1.28159056e+01 1.13299332e+01
    1.24904461e+01 1.12044134e+01 1.22307434e+01 1.10720682e+01
    9.72231197e+00 1.04410801e+01 1.02498770e+01 1.03722324e+01
    8.86256218e+00 9.21241760e+00 1.12439613e+01 1.14093304e+01
    8.61108589e+00 1.18604126e+01 1.27123156e+01 1.08435621e+01
    1.03535595e+01 1.07832546e+01 1.18653164e+01 1.08140621e+01
    1.15917912e+01 1.26657486e+01 1.16936159e+01 1.05084677e+01
    1.17126970e+01 1.22619324e+01 1.01583891e+01 1.08778887e+01
    1.17684155e+01 1.13681593e+01 1.05248652e+01 1.28259850e+01
    1.32881765e+01 1.28413916e+01 1.16366835e+01 1.15127668e+01
    1.34430809e+01 1.32189217e+01 1.25148239e+01 1.22520990e+01
    1.13575439e+01 1.16758537e+01 1.14893665e+01 1.19735746e+01
    1.19196672e+01 1.03439817e+01 1.11478329e+01 1.24699192e+01
    1.23024836e+01 1.11448536e+01 1.16562672e+01 1.19585161e+01
    1.25966072e+01 1.14309435e+01 1.15087643e+01 1.03983059e+01
    1.14197178e+01 1.15668097e+01 1.21396027e+01 1.20694408e+01
    1.24079399e+01 1.32119207e+01 1.18139820e+01 1.22191715e+01
    1.22256155e+01 1.14577684e+01 1.19540539e+01 1.21296282e+01
    1.01445045e+01 1.22889967e+01 1.24925385e+01 1.17197971e+01
    1.32158031e+01 1.17778826e+01 1.17861891e+01 1.25747375e+01
    1.20898237e+01 1.25382109e+01 1.09169989e+01 1.25333729e+01
    1.18414335e+01 1.19576817e+01 1.23748417e+01 1.16034355e+01
    1.20433121e+01 1.23989754e+01 1.07486277e+01 1.13319674e+01
    1.28501472e+01 1.17036858e+01 1.02244120e+01 9.84276009e+00
    1.08015270e+01 1.14673414e+01 9.60136318e+00 1.05123663e+01
    1.04379511e+01 1.04190998e+01 1.14035702e+01 1.05841637e+01
    1.19911289e+01 1.23921051e+01 1.12736473e+01 1.21234541e+01
    1.20051041e+01 1.12398119e+01 1.16431932e+01 1.34364700e+01
    1.18681412e+01 1.17030945e+01 1.21685123e+01 1.31078968e+01
    1.19142618e+01 1.03502054e+01 1.17885904e+01 1.31154966e+01
    1.20097189e+01 1.15163393e+01 1.23269882e+01 1.11076927e+01
    1.22297106e+01 1.31816416e+01 1.09856892e+01 1.17301483e+01
    1.15683527e+01 1.19688826e+01 1.22216234e+01 1.09856634e+01
    1.13964758e+01 1.13091888e+01 1.22997284e+01 1.29436722e+01
    1.17247744e+01 1.11632366e+01 1.26780014e+01 1.19660358e+01
    1.33236675e+01 1.19729643e+01 1.07649984e+01 1.08403091e+01
    1.15559235e+01 1.14339733e+01 1.23778830e+01 1.09071703e+01
    1.05754175e+01 1.21584949e+01 1.22940788e+01 1.22195368e+01
    1.15237226e+01 1.16865206e+01 1.16937227e+01 1.20008011e+01
    1.20617847e+01 1.09397001e+01 9.21541500e+00 1.13131599e+01
    1.08397989e+01 1.07181597e+01 1.08570919e+01 1.12117472e+01
    1.15385876e+01 1.17219944e+01 1.22847958e+01 1.36859636e+01
    1.16904840e+01 1.20344601e+01 1.32629757e+01 1.23752241e+01
    1.27959433e+01 1.25614252e+01 1.16944065e+01 1.12533970e+01
    1.20976858e+01 1.16905766e+01 1.17093506e+01 9.13487720e+00
    1.23675890e+01 1.27804661e+01 1.14620152e+01 1.01942644e+01
    1.07019892e+01 1.06685314e+01 1.07987156e+01 9.50491047e+00
    9.34751892e+00 1.11398592e+01 1.30675659e+01 1.07504234e+01
    1.18734465e+01 1.28071976e+01 1.06509619e+01 1.02135706e+01
    9.61536026e+00 1.03618851e+01 1.09784336e+01 8.37099934e+00
    9.88004303e+00 1.18162994e+01 1.00172853e+01 1.03567181e+01
    1.15040522e+01 1.16202984e+01 1.07112722e+01 1.08075571e+01
    1.04986639e+01 1.18659544e+01 1.18844547e+01 1.09787521e+01
    1.12518215e+01 1.12361975e+01 1.19054613e+01 1.22861700e+01
    1.25019655e+01 1.09029102e+01 1.23160477e+01 1.17767973e+01
    1.15180864e+01 1.10688105e+01 1.10517540e+01 1.22583456e+01
    7.16839790e+00 7.94790697e+00 9.37714195e+00 1.21609592e+01
    1.04491663e+01 1.02414646e+01 1.14356871e+01 1.11512890e+01
    1.27153358e+01 1.21288185e+01 1.05966024e+01 1.13350153e+01
    1.16356974e+01 1.13997803e+01 1.12997608e+01 1.12535334e+01
    1.17173872e+01 1.15447578e+01 1.11987667e+01 1.24724169e+01
    1.34823608e+01 1.16693583e+01 1.31585245e+01 1.27999344e+01
    1.35861616e+01 1.23907604e+01 1.17900925e+01 1.33676443e+01
    1.23482494e+01 1.15714159e+01 1.24964046e+01 1.21545525e+01
    1.25283794e+01 1.09190302e+01 9.84355354e+00 1.02148132e+01
    9.83573818e+00 9.87831402e+00 8.62720490e+00 9.91909313e+00
    1.05482626e+01 1.09997082e+01 1.16225719e+01 1.11417027e+01
    1.04227705e+01 1.07520571e+01 1.01233225e+01 9.59920979e+00
    1.06474943e+01 9.25126076e+00 1.08212986e+01 1.15865202e+01
    1.19683399e+01 1.19079418e+01 1.28657360e+01 1.13878059e+01
    1.18807650e+01 1.26433153e+01 1.09377003e+01 1.14952240e+01
    1.17466574e+01 1.15030222e+01 1.29814329e+01 1.12325420e+01
    1.12651272e+01 1.24134846e+01 1.29111395e+01 1.30260744e+01
    1.14333477e+01 1.13057995e+01 1.20695057e+01 1.09533634e+01
    1.04795380e+01 1.07207737e+01 1.11627960e+01 9.49110126e+00
    1.01789694e+01 1.15516977e+01 1.07241917e+01 1.05463076e+01
    1.12336340e+01 1.01510458e+01 1.13174915e+01 1.05907373e+01
    1.02043419e+01 1.15572138e+01 9.10682201e+00 1.06430054e+01
    1.16695299e+01 1.16530752e+01 1.11799707e+01 1.22738028e+01
    1.29132929e+01 1.23870678e+01 1.17884073e+01 1.23515701e+01
    1.13768692e+01 1.21833019e+01 1.13903751e+01 1.27998466e+01
    1.22378712e+01 1.22253456e+01 1.20651836e+01 1.16428738e+01
    1.16747761e+01 1.20721827e+01 1.23901968e+01 1.19524364e+01
    1.24367886e+01 1.32792540e+01 1.31385202e+01 1.31722956e+01
    1.23218079e+01 1.23769426e+01 1.35574694e+01 1.24798155e+01
    1.02470503e+01 1.17241602e+01 1.36519012e+01 1.15481606e+01
    1.02895603e+01 1.08832827e+01 1.13861961e+01 1.07562885e+01
    1.02733440e+01 1.02104492e+01 9.59769630e+00 1.00475178e+01
    1.02559299e+01 1.02879944e+01 1.06486540e+01 1.14455633e+01
    1.19505863e+01 1.08747177e+01 1.16211405e+01 1.26507072e+01
    1.37789946e+01 1.21725912e+01 1.26507988e+01 1.29258795e+01
    1.26272030e+01 1.39108820e+01 1.14770269e+01 1.16658869e+01
    1.21204453e+01 1.21649637e+01 1.10143995e+01 1.19764538e+01
    1.24904890e+01 1.03123522e+01 1.22291946e+01 1.27522211e+01
    1.09462099e+01 1.20084620e+01 1.19694071e+01 1.15090771e+01
    1.26480732e+01 1.13913469e+01 1.13749561e+01 1.25016880e+01
    1.37415752e+01 1.24838533e+01 1.13100548e+01 1.21377077e+01
    1.14523497e+01 1.14768162e+01 1.25157413e+01 1.19023743e+01
    1.06445150e+01 1.05443363e+01 1.32977648e+01 1.27769995e+01
    1.20411911e+01 1.14113731e+01 1.24584284e+01 1.37931166e+01
    1.37328110e+01 1.28484554e+01 1.31516504e+01 1.28494835e+01
    1.24410648e+01 1.21175880e+01 1.15115223e+01 1.16098881e+01
    1.04974985e+01 9.87943172e+00 1.12703247e+01 1.05161572e+01
    1.24719620e+01 1.16145687e+01 1.11943922e+01 1.17220211e+01
    1.13453178e+01 1.26895275e+01 1.12724686e+01 1.05419235e+01
    1.15089464e+01 1.02420387e+01 1.26992855e+01 1.11460924e+01
    1.12661800e+01 1.03382444e+01 1.07812424e+01 1.21783590e+01
    1.07198296e+01 1.07019167e+01 1.27805147e+01 1.17185879e+01
    1.15603666e+01 1.08313160e+01 9.93464756e+00 1.12522717e+01
    9.54090881e+00 1.07542191e+01 9.34918976e+00 1.04065189e+01
    1.24210978e+01 1.05082283e+01 1.19485369e+01 1.15484943e+01
    1.11317368e+01 1.04441433e+01 9.20286846e+00 1.07031136e+01
    1.03317318e+01 9.43482876e+00 9.55050659e+00 1.02134905e+01
    1.05030804e+01 1.14469252e+01 1.11819372e+01 1.10904303e+01
    1.07393284e+01 1.12879353e+01 1.14324207e+01 1.10496082e+01
    1.18126307e+01 1.23541718e+01 1.11333961e+01 1.01505680e+01
    1.22771072e+01 1.04420166e+01 1.14180994e+01 1.11366529e+01
    1.02479887e+01 1.27063189e+01 1.14113350e+01 1.20689468e+01
    1.26443329e+01 1.29443617e+01 6.81995106e+00 7.47598553e+00
    1.06434927e+01 1.28760452e+01 1.17777004e+01 1.20816832e+01
    1.13985882e+01 1.24558325e+01 1.23446293e+01 1.22090511e+01
    1.19806614e+01 1.15744209e+01 1.24233894e+01 1.15431423e+01
    1.15003042e+01 1.17012625e+01 1.23178520e+01 1.15255461e+01
    1.14902964e+01 1.27759161e+01 1.35091362e+01 1.21202927e+01
    1.19687166e+01 1.18007822e+01 1.32578030e+01 1.18117075e+01
    1.01717215e+01 1.09599590e+01 1.30063000e+01 1.12224503e+01
    1.26108217e+01 1.14440155e+01 1.12309933e+01 1.18165312e+01
    1.13864202e+01 1.11390285e+01 9.44929314e+00 8.63057041e+00
    9.79273415e+00 9.94180679e+00 1.01358614e+01 9.69315910e+00
    1.17939453e+01 1.10643797e+01 1.15919590e+01 1.17398977e+01
    1.09477558e+01 1.06689253e+01 1.06649427e+01 1.14364681e+01
    1.19138279e+01 1.12405891e+01 1.24432106e+01 1.19669228e+01
    1.27375813e+01 1.20458803e+01 1.29326611e+01 1.24398327e+01
    1.09875154e+01 1.20973825e+01 1.25597792e+01 1.25876617e+01
    1.33055935e+01 1.28441353e+01 1.20767841e+01 1.42560377e+01
    1.38383007e+01 1.25711508e+01 1.21723509e+01 1.21697798e+01
    1.03776636e+01 1.02427893e+01 1.00780630e+01 1.01286917e+01
    9.12549973e+00 1.09299364e+01 1.11726589e+01 1.13694239e+01
    9.95441818e+00 1.02343826e+01 1.18848076e+01 1.17580395e+01
    1.09886951e+01 8.84766960e+00 1.02416277e+01 1.05129623e+01
    9.35124302e+00 9.76912880e+00 1.12566071e+01 1.13358889e+01
    1.19123325e+01 1.14334764e+01 1.12966394e+01 1.16267395e+01
    1.26374187e+01 1.21083345e+01 1.09100866e+01 1.18311586e+01
    1.25969372e+01 1.29683847e+01 1.27019567e+01 1.24955263e+01
    1.33747549e+01 1.17449226e+01 1.22407894e+01 1.30416346e+01
    1.16741285e+01 1.11055298e+01 1.06714430e+01 1.22394562e+01
    1.23394794e+01 9.87722397e+00 1.12862625e+01 1.26009808e+01
    1.23338022e+01 1.20045395e+01 1.06137238e+01 1.16309900e+01
    1.22456732e+01 1.17921562e+01 1.02901440e+01 1.06434221e+01
    1.04310741e+01 1.04401579e+01 1.10907087e+01 9.84036732e+00
    1.00794487e+01 1.00102777e+01 1.03851709e+01 1.10096779e+01
    1.00400476e+01 1.22336340e+01 1.12654362e+01 1.05209236e+01
    1.09717493e+01 1.13980398e+01 1.17535505e+01 1.18179016e+01
    1.11777811e+01 1.30636864e+01 1.34971371e+01 1.17575321e+01
    1.22476759e+01 1.26085587e+01 1.17003698e+01 1.26364660e+01
    1.13668165e+01 1.04066572e+01 1.30112104e+01 1.22093945e+01
    1.19237452e+01 1.24663877e+01 1.07490788e+01 1.21274805e+01
    1.27073097e+01 1.18836250e+01 1.30010834e+01 1.06124249e+01
    1.34142933e+01 1.30377827e+01 1.38067522e+01 1.23996658e+01
    1.30523195e+01 1.20445986e+01 1.23993111e+01 1.10689898e+01
    1.24141150e+01 1.09224234e+01 1.05396891e+01 9.36665726e+00
    1.15787086e+01 1.14906769e+01 1.12811451e+01 1.25278339e+01
    1.26966171e+01 1.29568567e+01 1.30042067e+01 1.34105568e+01
    1.37237473e+01 1.30769854e+01 1.44033346e+01 1.34188166e+01
    1.23784590e+01 1.23326807e+01 9.93752766e+00 1.08540049e+01
    1.06862516e+01 1.06268845e+01 1.17813406e+01 1.29637737e+01
    1.12635345e+01 1.23451586e+01 1.20571537e+01 1.24113569e+01
    1.16350737e+01 1.09844542e+01 9.59858418e+00 1.19274788e+01
    1.17888012e+01 1.03511391e+01 1.08705959e+01 1.02126627e+01
    1.06676073e+01 1.15118351e+01 9.86278343e+00 9.87744808e+00
    1.02485285e+01 1.04858360e+01 1.10096674e+01 1.15728292e+01
    1.00668583e+01 1.08554783e+01 1.08733320e+01 1.03637590e+01
    1.05324240e+01 9.41193581e+00 1.07682266e+01 1.20220852e+01
    1.09023705e+01 1.10283794e+01 1.19542933e+01 1.11262875e+01
    1.09891815e+01 1.02593813e+01 1.12597733e+01 1.01886101e+01
    1.04014854e+01 1.03025723e+01 1.11703329e+01 1.19508438e+01
    1.13707647e+01 1.00627594e+01 1.24000731e+01 1.09497433e+01
    1.03944559e+01 1.17197523e+01 1.22147074e+01 1.20201178e+01
    1.12512436e+01 1.20351772e+01 1.22363691e+01 1.21337471e+01
    1.24044619e+01 1.07034664e+01 1.09823732e+01 1.25649519e+01
    1.09163504e+01 1.06808672e+01 1.13879395e+01 1.19372749e+01
    6.07760668e+00 6.52387810e+00 9.94964600e+00 1.32077503e+01
    1.18369684e+01 1.09232321e+01 1.29485321e+01 1.29987764e+01
    1.36249514e+01 1.35355568e+01 1.10276299e+01 1.05808153e+01
    1.25880985e+01 1.13953619e+01 1.16404533e+01 1.20286732e+01
    1.21484385e+01 1.23061485e+01 1.26614161e+01 1.24938745e+01
    1.31152983e+01 1.29497681e+01 1.26780577e+01 1.28864937e+01
    1.21138878e+01 1.28182354e+01 1.10307007e+01 1.05879564e+01
    1.21562614e+01 1.11577015e+01 1.06502714e+01 1.06912746e+01
    1.07655725e+01 1.03280067e+01 1.02386227e+01 9.79238510e+00
    9.68200302e+00 8.36256981e+00 9.21275616e+00 9.57422066e+00
    1.02929029e+01 1.12674532e+01 1.20992537e+01 1.22007256e+01
    1.07577324e+01 1.27215281e+01 1.08382711e+01 1.11554680e+01
    1.09858456e+01 1.09332342e+01 1.16324577e+01 1.19546051e+01
    1.19668226e+01 1.15959072e+01 1.13624363e+01 1.25606699e+01
    1.11146994e+01 1.18155746e+01 1.13270588e+01 9.49134159e+00
    1.16748114e+01 1.36374989e+01 1.18930197e+01 1.23011246e+01
    1.28565245e+01 1.34595222e+01 1.29653921e+01 1.25498648e+01
    1.16151476e+01 1.14443636e+01 1.06014862e+01 1.05123501e+01
    1.01991291e+01 9.30872250e+00 1.02526655e+01 1.00487003e+01
    1.06093512e+01 1.12811756e+01 1.20839634e+01 1.08350763e+01
    1.17665453e+01 1.18107719e+01 1.09889135e+01 1.00094929e+01
    1.00859928e+01 9.44689655e+00 9.40395641e+00 1.11809416e+01
    1.12093487e+01 1.13501177e+01 1.16001568e+01 1.09119854e+01
    1.10852814e+01 1.20075331e+01 1.27821035e+01 1.13235550e+01
    1.15089827e+01 1.09069214e+01 1.18250465e+01 1.27874336e+01
    1.21203671e+01 1.28999491e+01 1.16805296e+01 1.10777178e+01
    1.14756613e+01 1.21397905e+01 1.13215141e+01 1.02528419e+01
    1.09250784e+01 1.16148157e+01 1.06057949e+01 1.03056440e+01
    1.10568562e+01 1.27944527e+01 1.19977007e+01 1.11405935e+01
    1.06681681e+01 1.13439636e+01 1.15827770e+01 1.10435696e+01
    1.10679379e+01 1.07744102e+01 1.00740070e+01 1.06060343e+01
    1.10555334e+01 1.16852589e+01 9.61354446e+00 1.10104971e+01
    1.04261475e+01 1.18513851e+01 1.22062597e+01 1.15522337e+01
    9.82375622e+00 1.22517309e+01 1.06216984e+01 9.41184425e+00
    1.12094164e+01 1.10086889e+01 1.06729174e+01 1.24664907e+01
    1.20987625e+01 1.11070557e+01 1.25334759e+01 1.20474558e+01
    1.23523846e+01 1.21786652e+01 1.22963343e+01 1.13065872e+01
    1.18295355e+01 1.19554882e+01 1.30088034e+01 1.21088266e+01
    1.25287676e+01 1.24301167e+01 1.33389339e+01 1.17873020e+01
    1.26829844e+01 1.13827105e+01 1.17993574e+01 1.16105080e+01
    1.38741894e+01 1.34555225e+01 1.15897961e+01 1.19020691e+01
    1.33256712e+01 1.27968426e+01 1.15347519e+01 1.13851891e+01
    1.03754730e+01 1.15804367e+01 1.13972082e+01 1.21769133e+01
    1.22279301e+01 1.16999578e+01 1.22689943e+01 1.35285959e+01
    1.34066935e+01 1.30344486e+01 1.41383762e+01 1.39192495e+01
    1.40906334e+01 1.35279665e+01 1.26064730e+01 1.31401081e+01
    1.17494860e+01 1.23711443e+01 1.17437935e+01 1.13514786e+01
    1.14865313e+01 1.25232182e+01 1.18706112e+01 1.23626757e+01
    1.18022461e+01 1.28794651e+01 1.26158304e+01 1.16276445e+01
    1.06364288e+01 1.28143148e+01 1.27858524e+01 1.27415276e+01
    1.22424641e+01 1.25884686e+01 1.30414743e+01 1.29274330e+01
    1.10520716e+01 1.04892750e+01 1.17379303e+01 1.06809654e+01
    1.01926517e+01 1.00046806e+01 1.03827286e+01 9.99813080e+00
    1.08041115e+01 1.16513100e+01 1.17633429e+01 1.07829151e+01
    1.09155569e+01 1.17777491e+01 1.15599585e+01 1.04710798e+01
    1.06987038e+01 1.07415323e+01 1.04321232e+01 1.01484346e+01
    1.19128265e+01 1.09272795e+01 1.06019049e+01 1.18107176e+01
    1.15896025e+01 1.13038702e+01 1.05919285e+01 1.12547302e+01
    1.11428337e+01 9.76836967e+00 9.82744503e+00 1.23429747e+01
    1.08316355e+01 1.08111067e+01 1.13435812e+01 1.10104752e+01
    1.19678125e+01 1.29477625e+01 9.87116051e+00 1.13679342e+01
    1.14727602e+01 1.10855789e+01 1.11490269e+01 1.19576921e+01
    1.11481590e+01 1.26778259e+01 6.38612938e+00 6.41387081e+00
    9.90974140e+00 1.30833445e+01 1.13931732e+01 1.16139565e+01
    1.34196539e+01 1.35268049e+01 1.50980206e+01 1.28312893e+01
    1.19952784e+01 1.35052719e+01 1.23087130e+01 1.23588352e+01
    1.23874264e+01 1.20479698e+01 1.23114052e+01 1.22232037e+01
    1.26855822e+01 1.29175301e+01 1.20193338e+01 1.24722853e+01
    1.28178883e+01 1.25242786e+01 1.26766071e+01 1.28945103e+01
    1.29578857e+01 1.20330658e+01 1.20259218e+01 1.15205984e+01
    1.08458118e+01 1.27661591e+01 1.21565590e+01 9.69695187e+00
    9.57714081e+00 9.86453056e+00 1.12605963e+01 9.30887604e+00
    8.14782810e+00 9.73444271e+00 9.49247074e+00 1.19503345e+01
    1.18035030e+01 1.19737873e+01 1.09867268e+01 1.09529171e+01
    1.08930378e+01 1.12642174e+01 1.07710457e+01 1.04507284e+01
    1.05644188e+01 1.03798227e+01 1.22018623e+01 1.19476051e+01
    1.17287979e+01 1.22801037e+01 1.19497566e+01 1.08972626e+01
    1.11004086e+01 1.01218472e+01 8.96784306e+00 1.19471197e+01
    1.19673376e+01 9.93137264e+00 1.04866467e+01 1.18202782e+01
    1.13042812e+01 1.17774315e+01 9.30267143e+00 9.15363789e+00
    9.98702621e+00 9.54857922e+00 7.68868971e+00 8.73380661e+00
    1.04867039e+01 9.63522720e+00 1.12614384e+01 1.22857981e+01
    1.08904371e+01 1.23807364e+01 1.17601213e+01 1.16742764e+01
    1.05334711e+01 1.01100693e+01 9.62298965e+00 9.21551037e+00
    9.67290497e+00 1.03953171e+01 9.43326473e+00 1.07130022e+01
    1.06689491e+01 1.02132502e+01 1.04373951e+01 1.29978914e+01
    1.11538229e+01 1.05983410e+01 1.11408873e+01 1.17478323e+01
    1.14014187e+01 1.31997099e+01 1.26945162e+01 1.16079483e+01
    1.18113871e+01 1.16555214e+01 1.13218451e+01 1.23360491e+01
    1.27717152e+01 1.04962931e+01 1.25956450e+01 1.19616518e+01
    1.19143677e+01 1.15634441e+01 1.17439871e+01 1.27395678e+01
    1.18181620e+01 1.27239933e+01 1.27216034e+01 1.17203856e+01
    1.24551477e+01 1.17936287e+01 1.01910143e+01 1.03726482e+01
    9.36051178e+00 1.10904961e+01 1.08533144e+01 1.07094364e+01
    1.13816242e+01 1.17196245e+01 1.13378763e+01 1.14093781e+01
    1.15475540e+01 1.11778040e+01 1.13001575e+01 1.09581423e+01
    1.18622007e+01 1.08751602e+01 1.07538843e+01 1.08270416e+01
    1.09667654e+01 1.20162354e+01 1.18948765e+01 1.06542320e+01
    1.13861675e+01 1.24661427e+01 1.33555765e+01 1.17198658e+01
    1.11080761e+01 1.14817047e+01 1.01743774e+01 1.20466881e+01
    1.13625746e+01 1.06540813e+01 1.16014881e+01 1.22146540e+01
    1.15579395e+01 1.21165533e+01 1.23278980e+01 1.15110874e+01
    1.22576923e+01 1.18032732e+01 1.24374437e+01 1.25671787e+01
    1.18245211e+01 1.06317720e+01 1.23663197e+01 1.25302534e+01
    1.08894882e+01 1.18425274e+01 1.09775600e+01 1.06081200e+01
    1.15546846e+01 1.26048412e+01 1.14919510e+01 1.16696205e+01
    1.40530682e+01 1.52590771e+01 1.36555939e+01 1.28490782e+01
    1.52793627e+01 1.48456955e+01 1.47593346e+01 1.42696123e+01
    1.25210199e+01 1.32735615e+01 1.30052233e+01 1.18075285e+01
    1.13366842e+01 1.13679695e+01 1.19983339e+01 1.23636408e+01
    1.33292198e+01 1.25107288e+01 1.17451792e+01 1.29785290e+01
    1.22392225e+01 1.10731850e+01 1.12166004e+01 1.13802214e+01
    1.21362209e+01 1.20118170e+01 1.14853954e+01 1.16308556e+01
    1.14673443e+01 1.17614727e+01 1.10333662e+01 1.04880962e+01
    1.03827677e+01 1.11386805e+01 1.17535954e+01 1.05832272e+01
    1.15195799e+01 1.08476200e+01 1.11203480e+01 1.09596548e+01
    1.12475891e+01 1.09116306e+01 1.08901176e+01 1.07926712e+01
    1.23036690e+01 1.11295176e+01 1.07844200e+01 1.05877542e+01
    1.09780550e+01 1.04613008e+01 1.22885437e+01 1.06295700e+01
    9.27032757e+00 1.24874153e+01 1.25341129e+01 1.14247427e+01
    1.06646709e+01 1.09646034e+01 1.18949442e+01 1.15944529e+01
    1.01888676e+01 1.26375628e+01 1.10920038e+01 1.01906538e+01
    1.19050045e+01 1.14727716e+01 1.08835373e+01 1.21902876e+01
    1.03449259e+01 1.04586258e+01 1.23241367e+01 1.21530972e+01
    1.00003738e+01 1.04159431e+01 1.17617121e+01 1.22680902e+01
    6.05789948e+00 6.45864964e+00 9.42049980e+00 1.32867136e+01
    1.25620890e+01 1.27972927e+01 1.34706440e+01 1.42003260e+01
    1.41852074e+01 1.38304472e+01 1.18899775e+01 1.21684780e+01
    1.33847752e+01 1.12904520e+01 1.17476082e+01 1.29176302e+01
    1.24648046e+01 1.25441608e+01 1.28350887e+01 1.12979021e+01
    1.23804121e+01 1.20227118e+01 1.12182207e+01 1.23473377e+01
    1.20116358e+01 1.10621948e+01 1.22610674e+01 1.24542618e+01
    1.17353125e+01 1.17311354e+01 1.19642315e+01 1.27558708e+01
    1.09727297e+01 1.12182961e+01 1.00744476e+01 1.08828974e+01
    1.11151648e+01 8.71304035e+00 8.57945156e+00 8.93209457e+00
    1.01998110e+01 1.14515753e+01 1.19774942e+01 1.08201447e+01
    1.27665329e+01 1.19589348e+01 1.16832314e+01 1.14931936e+01
    1.08895626e+01 1.23785343e+01 1.12245560e+01 1.16519680e+01
    1.27746744e+01 1.22117500e+01 1.30015650e+01 1.17335711e+01
    1.16669502e+01 1.07157736e+01 1.06196480e+01 1.00845098e+01
    1.00175829e+01 1.22985229e+01 1.15142574e+01 9.78313255e+00
    1.15122614e+01 1.19211836e+01 1.11069031e+01 1.11812811e+01
    1.02896681e+01 9.32366180e+00 1.10732431e+01 8.57399273e+00
    7.76941586e+00 9.41878700e+00 9.54788589e+00 9.21749973e+00
    1.07707071e+01 1.16971512e+01 1.09303236e+01 1.30339422e+01
    1.19439383e+01 1.29228582e+01 1.05594664e+01 1.09591150e+01
    1.11166067e+01 9.47926426e+00 9.89062405e+00 1.12146711e+01
    1.16852589e+01 1.11400118e+01 1.06598558e+01 1.07280493e+01
    1.13490410e+01 1.16741085e+01 1.08928909e+01 1.01426191e+01
    1.06812658e+01 1.08827515e+01 1.15267057e+01 1.22775078e+01
    1.23312044e+01 1.26194372e+01 1.11370449e+01 1.21069994e+01
    1.20222654e+01 1.18714523e+01 1.19586906e+01 9.86120510e+00
    1.06576853e+01 1.21713724e+01 1.01258812e+01 1.07357664e+01
    1.00396566e+01 1.11303959e+01 1.19006166e+01 1.09400616e+01
    1.08094950e+01 1.03834419e+01 1.12779436e+01 1.13187943e+01
    1.08227491e+01 9.93360138e+00 1.02848063e+01 1.05967674e+01
    1.12724895e+01 1.21083364e+01 1.17655287e+01 1.14975243e+01
    1.15226688e+01 1.24823933e+01 1.31087437e+01 1.25397329e+01
    1.19997396e+01 1.21720667e+01 1.25049782e+01 1.08196955e+01
    1.03879004e+01 1.12673111e+01 9.89594555e+00 1.13288946e+01
    1.06441135e+01 1.08462820e+01 1.05833216e+01 1.16745739e+01
    1.25587931e+01 1.27392902e+01 1.09847860e+01 1.11071873e+01
    1.20910110e+01 1.20004120e+01 1.21342964e+01 1.14880400e+01
    1.06712313e+01 1.34531698e+01 1.21910839e+01 1.13637905e+01
    1.10060863e+01 1.00460520e+01 1.29065313e+01 1.19446650e+01
    1.15374298e+01 1.19411583e+01 1.21406078e+01 1.15700779e+01
    1.09429169e+01 1.17006121e+01 1.02986383e+01 1.05306520e+01
    1.05056715e+01 1.05838728e+01 1.15626316e+01 1.18045044e+01
    1.17093344e+01 1.25527496e+01 1.22309418e+01 1.38229370e+01
    1.37953701e+01 1.29377785e+01 1.39084282e+01 1.46435833e+01
    1.35628386e+01 1.32385654e+01 1.24908476e+01 1.27862282e+01
    1.37353983e+01 1.28392334e+01 1.31564722e+01 1.25144539e+01
    1.38650246e+01 1.27452955e+01 1.27623224e+01 1.44681129e+01
    1.37974682e+01 1.30006132e+01 1.33386507e+01 1.14645262e+01
    1.17326775e+01 1.10379000e+01 1.16608324e+01 1.15935736e+01
    1.03149328e+01 1.14187622e+01 1.24679480e+01 1.11908607e+01
    1.13132687e+01 9.82089329e+00 1.14425278e+01 1.15252399e+01
    1.18063707e+01 1.18301830e+01 1.14026756e+01 1.14158325e+01
    1.24549904e+01 1.22201347e+01 1.05731955e+01 1.18909321e+01
    1.18589249e+01 1.04925051e+01 1.05631609e+01 1.22168016e+01
    1.00888195e+01 1.00655231e+01 1.08923006e+01 1.25097246e+01
    1.19962282e+01 1.06307526e+01 1.21340790e+01 1.33764219e+01
    1.13459339e+01 1.17829399e+01 1.24737835e+01 1.08081484e+01
    1.19812098e+01 9.82184315e+00 1.09997215e+01 1.15738792e+01
    1.12214422e+01 1.15828209e+01 1.18515005e+01 1.15056744e+01
    1.22244768e+01 1.18300781e+01 1.18641348e+01 1.09059057e+01
    1.13510056e+01 1.14678326e+01 1.00833731e+01 1.08473654e+01
    1.10213566e+01 1.16206064e+01 5.65417671e+00 6.22656822e+00
    8.02979279e+00 1.09535627e+01 1.18639994e+01 1.13780470e+01
    1.23347816e+01 1.40335178e+01 1.47176600e+01 1.35978622e+01
    1.14902544e+01 1.29864435e+01 1.37853069e+01 1.14376478e+01
    1.19470568e+01 1.15341511e+01 1.13651609e+01 1.28481874e+01
    1.19495440e+01 1.24929781e+01 1.21665144e+01 1.17589254e+01
    1.20939817e+01 1.42101851e+01 1.27921915e+01 1.26142635e+01
    1.27028751e+01 1.40020037e+01 1.18506222e+01 1.15128860e+01
    1.35227938e+01 1.20858345e+01 1.14528685e+01 1.12808819e+01
    1.06295233e+01 1.11201344e+01 1.04324722e+01 9.65302658e+00
    1.02319984e+01 1.02901745e+01 9.53812313e+00 1.17117891e+01
    1.30606089e+01 1.07901707e+01 1.11383867e+01 1.16856146e+01
    1.05509329e+01 1.15623446e+01 1.10213871e+01 1.10790310e+01
    1.21006346e+01 9.64957809e+00 1.22448978e+01 1.28631840e+01
    1.18792801e+01 1.25810242e+01 1.14536686e+01 1.14486637e+01
    1.02381611e+01 8.97539043e+00 1.11619329e+01 9.54558086e+00
    1.08189230e+01 1.10100298e+01 1.01647282e+01 1.09658689e+01
    1.14556599e+01 1.16684923e+01 9.29281521e+00 1.00745926e+01
    9.52901173e+00 9.64600754e+00 8.38707256e+00 1.03465023e+01
    9.80071735e+00 1.02953157e+01 9.74123096e+00 1.07650566e+01
    1.17405386e+01 1.35587959e+01 1.28126268e+01 1.09052916e+01
    1.06881771e+01 1.09149179e+01 1.19640055e+01 9.95729065e+00
    9.15060043e+00 9.64080524e+00 1.21278534e+01 1.11709166e+01
    9.78546238e+00 1.06561213e+01 1.14008255e+01 1.25182428e+01
    1.09383144e+01 1.13457251e+01 1.10812788e+01 1.14010201e+01
    1.15999918e+01 1.12672548e+01 1.22052126e+01 1.24950600e+01
    9.96366596e+00 1.11501474e+01 1.18585024e+01 1.13050194e+01
    1.07271852e+01 1.06467133e+01 1.09560471e+01 1.13782606e+01
    1.02714386e+01 1.15928125e+01 1.05412874e+01 1.14096470e+01
    1.22874269e+01 1.16317682e+01 1.10553341e+01 1.16705399e+01
    1.10143232e+01 1.16218119e+01 1.00758066e+01 1.03860168e+01
    1.04414015e+01 9.45151329e+00 1.18025122e+01 1.27095003e+01
    1.08123007e+01 1.18604774e+01 1.27330227e+01 1.22444038e+01
    1.29848118e+01 1.27252684e+01 1.17991047e+01 1.11646023e+01
    1.17992897e+01 1.20943947e+01 1.15734482e+01 1.08611774e+01
    1.07682638e+01 1.20010033e+01 1.02994213e+01 1.06626596e+01
    1.04798908e+01 1.16065464e+01 1.18441782e+01 1.11769123e+01
    1.13264771e+01 1.11218405e+01 1.11497955e+01 1.16204967e+01
    1.11123104e+01 1.16922865e+01 1.14710217e+01 1.19833918e+01
    1.18272266e+01 1.22224360e+01 1.16304989e+01 1.08051434e+01
    1.18641262e+01 1.25999975e+01 1.11835814e+01 1.07869844e+01
    1.17721081e+01 1.18431597e+01 1.16141396e+01 1.22066689e+01
    1.07576962e+01 1.12239237e+01 1.10832253e+01 1.03389540e+01
    1.11771307e+01 1.10688305e+01 1.04188700e+01 1.37075109e+01
    1.24808846e+01 1.19910135e+01 1.44762964e+01 1.30919905e+01
    1.39388103e+01 1.36730623e+01 1.27174196e+01 1.35405893e+01
    1.21268663e+01 1.23324680e+01 1.28368483e+01 1.24020405e+01
    1.28180656e+01 1.19461803e+01 1.28385286e+01 1.43170338e+01
    1.22238731e+01 1.37554464e+01 1.42874565e+01 1.40249367e+01
    1.35176258e+01 1.19299927e+01 1.23419847e+01 1.33496637e+01
    1.33973989e+01 1.13431129e+01 1.11718130e+01 1.15141296e+01
    1.29029865e+01 1.27612371e+01 1.15189667e+01 1.13036013e+01
    1.16952238e+01 1.25640574e+01 1.24985695e+01 1.31972904e+01
    1.18892889e+01 1.36125450e+01 1.39213152e+01 1.25747776e+01
    1.18112411e+01 1.14264450e+01 1.18121376e+01 1.19903431e+01
    1.01904020e+01 1.08705978e+01 1.08159571e+01 1.11301012e+01
    1.07978334e+01 1.13919907e+01 1.14921513e+01 1.02592487e+01
    1.16352654e+01 1.29786263e+01 1.14331818e+01 1.21541243e+01
    1.23696365e+01 1.13076582e+01 1.21433144e+01 1.12185030e+01
    1.00768642e+01 1.15744343e+01 1.14292221e+01 1.15604687e+01
    9.95285130e+00 1.11424494e+01 1.19218740e+01 1.01414986e+01
    1.07937832e+01 1.13024330e+01 1.05388327e+01 1.07851267e+01
    1.13196030e+01 1.13216200e+01 1.14948187e+01 1.27675009e+01
    5.98648405e+00 7.06867027e+00 9.22612286e+00 1.14833422e+01
    1.31912584e+01 1.19532557e+01 1.31043272e+01 1.46494484e+01
    1.49118500e+01 1.37203474e+01 1.43130894e+01 1.25721855e+01
    1.44307413e+01 1.34406672e+01 1.13233070e+01 1.24236116e+01
    1.32574348e+01 1.32391043e+01 1.15697651e+01 1.17336836e+01
    1.05674458e+01 1.18397770e+01 1.15695620e+01 1.18774624e+01
    1.23209410e+01 1.25598888e+01 1.28370047e+01 1.29832001e+01
    1.28688421e+01 1.23164616e+01 1.36766634e+01 1.25113811e+01
    1.10113468e+01 1.06282549e+01 1.06328526e+01 1.04514961e+01
    1.10026693e+01 1.02393436e+01 9.59994888e+00 9.48263073e+00
    9.89647388e+00 1.18569794e+01 1.07816143e+01 1.11601191e+01
    1.16516266e+01 1.02528830e+01 1.08928022e+01 1.28474932e+01
    1.14306488e+01 1.07378483e+01 1.07250147e+01 1.11968727e+01
    1.15572844e+01 1.20591564e+01 1.18741322e+01 1.33307056e+01
    1.13521214e+01 1.11485844e+01 1.06373425e+01 1.01808147e+01
    9.79685211e+00 1.01040659e+01 9.46837044e+00 1.04523153e+01
    9.60675335e+00 1.05754366e+01 1.05655375e+01 1.12628841e+01
    1.07577982e+01 1.04202156e+01 1.11542950e+01 1.13965225e+01
    1.05117092e+01 1.00354528e+01 1.12628374e+01 1.13577404e+01
    1.11098871e+01 1.02699099e+01 1.12920666e+01 1.34523468e+01
    1.26491928e+01 1.10835972e+01 1.07174540e+01 9.79009056e+00
    1.09408169e+01 1.07380304e+01 9.53709888e+00 8.37562370e+00
    1.07506924e+01 1.15626335e+01 9.65896988e+00 9.38738441e+00
    1.16055784e+01 1.13959875e+01 1.05590553e+01 1.16955233e+01
    1.18104458e+01 1.05311670e+01 1.26051435e+01 1.23989143e+01
    1.23846636e+01 1.28184690e+01 1.02682590e+01 1.11056414e+01
    1.20571795e+01 1.21366634e+01 1.06398058e+01 1.09764519e+01
    1.03785410e+01 1.17210741e+01 1.20801268e+01 1.03127289e+01
    1.19982071e+01 1.16586657e+01 1.14935741e+01 1.27693987e+01
    1.17371836e+01 1.10807467e+01 1.17522106e+01 1.15458927e+01
    1.09203348e+01 1.05831766e+01 1.05109625e+01 1.00455189e+01
    1.24529505e+01 1.20126076e+01 1.02080450e+01 1.26237421e+01
    1.25356245e+01 1.10305309e+01 1.20882206e+01 1.13518515e+01
    1.08496675e+01 1.08285246e+01 1.03851871e+01 1.21134567e+01
    1.12098703e+01 1.02159996e+01 1.00073729e+01 1.06454535e+01
    1.05827684e+01 1.02332087e+01 9.92957973e+00 1.01407108e+01
    1.12487297e+01 1.08896208e+01 1.05216284e+01 1.01243639e+01
    1.06788225e+01 1.15783625e+01 9.96319199e+00 1.09756508e+01
    1.17213030e+01 1.22154951e+01 1.25887823e+01 1.23499737e+01
    1.16851273e+01 1.14308767e+01 1.16998949e+01 1.16427126e+01
    1.06838007e+01 1.07290697e+01 1.08316689e+01 1.20682964e+01
    1.27555542e+01 1.08446312e+01 1.04968204e+01 1.09410725e+01
    1.13225002e+01 1.07240238e+01 1.23611803e+01 1.01654291e+01
    1.07415476e+01 1.27672644e+01 1.18619671e+01 1.24890070e+01
    1.21914215e+01 1.19604053e+01 1.47914410e+01 1.45575876e+01
    1.29001169e+01 1.22822704e+01 1.34297009e+01 1.28225431e+01
    1.13473835e+01 1.20295601e+01 1.18633318e+01 1.18379545e+01
    1.26841230e+01 1.39328966e+01 1.29585133e+01 1.23253222e+01
    1.34416084e+01 1.37698431e+01 1.39648418e+01 1.24790192e+01
    1.14074030e+01 1.29410172e+01 1.28966875e+01 1.09049358e+01
    1.10339079e+01 1.06241913e+01 1.19830284e+01 1.22090750e+01
    1.06454697e+01 1.13676968e+01 1.11295547e+01 1.29119349e+01
    1.33686314e+01 1.33256187e+01 1.43169613e+01 1.35841236e+01
    1.36025009e+01 1.46300230e+01 1.29825850e+01 1.18313084e+01
    1.19053936e+01 1.26074295e+01 1.02709589e+01 1.09273491e+01
    1.11311188e+01 1.05620594e+01 1.09104748e+01 1.25126057e+01
    1.18215942e+01 1.01288824e+01 1.16105213e+01 1.36248722e+01
    1.23304243e+01 1.18649368e+01 1.14411602e+01 1.21225662e+01
    1.18576078e+01 1.08899794e+01 1.15883474e+01 1.20053215e+01
    1.16786728e+01 1.17352076e+01 1.33289347e+01 1.24207993e+01
    1.21229153e+01 1.14620152e+01 1.11337967e+01 1.21669674e+01
    1.10873547e+01 1.14087639e+01 1.04933357e+01 1.05528231e+01
    1.08054161e+01 1.18954573e+01 5.62266350e+00 7.10243988e+00
    1.04165602e+01 1.15508509e+01 1.22302046e+01 1.36864510e+01
    1.37802048e+01 1.41290741e+01 1.34407606e+01 1.28062096e+01
    1.32226534e+01 1.36241770e+01 1.38068199e+01 1.29689341e+01
    1.24569511e+01 1.21096945e+01 1.29569607e+01 1.31821737e+01
    1.27739868e+01 1.06498690e+01 1.03961077e+01 1.21971397e+01
    1.18313684e+01 1.10774155e+01 1.19024639e+01 1.27651329e+01
    1.26400986e+01 1.25857325e+01 1.19374332e+01 1.29643469e+01
    1.38784122e+01 1.26188211e+01 1.10623722e+01 1.23817101e+01
    1.12951918e+01 1.26016407e+01 1.21612968e+01 1.08710136e+01
    9.81434250e+00 1.16899080e+01 1.22263937e+01 1.19414797e+01
    1.14395828e+01 1.30775614e+01 1.11793365e+01 1.19120140e+01
    1.10456667e+01 1.13959513e+01 1.22447805e+01 1.20731268e+01
    1.16657839e+01 1.19506302e+01 1.33831673e+01 1.38279419e+01
    1.19336290e+01 1.24652700e+01 1.20181808e+01 1.03851309e+01
    1.05905924e+01 9.39170170e+00 9.33704090e+00 9.84858799e+00
    9.28978634e+00 8.74068832e+00 9.60959244e+00 1.05613861e+01
    1.04085884e+01 9.97450638e+00 1.14048061e+01 1.09908962e+01
    1.18250608e+01 1.08811731e+01 1.17141247e+01 1.19263086e+01
    1.12961359e+01 1.07241297e+01 1.00636768e+01 1.07073689e+01
    1.09496193e+01 1.30404005e+01 1.25992136e+01 1.12437449e+01
    1.14198523e+01 1.20290565e+01 1.16019430e+01 1.21985331e+01
    1.09446650e+01 1.03140135e+01 1.07610683e+01 1.08819704e+01
    1.01436348e+01 9.75172138e+00 1.01827049e+01 1.09189157e+01
    1.07526016e+01 1.17301598e+01 1.23257914e+01 1.11048441e+01
    1.21360197e+01 1.28977270e+01 1.16322041e+01 1.24749556e+01
    1.01948032e+01 1.11455050e+01 1.31402473e+01 1.13876343e+01
    1.19888124e+01 1.15877476e+01 1.08215446e+01 1.15423079e+01
    1.13753366e+01 1.06297655e+01 9.66755295e+00 9.60576725e+00
    1.00058689e+01 1.18482294e+01 1.02208004e+01 9.38827133e+00
    9.89270592e+00 1.16280088e+01 1.12052069e+01 1.06437006e+01
    8.63088322e+00 1.05358515e+01 1.13306379e+01 1.13161077e+01
    1.19367599e+01 1.20864410e+01 1.22813578e+01 1.22491646e+01
    1.39000158e+01 1.30713806e+01 1.24294472e+01 1.14040184e+01
    1.17648964e+01 1.11294956e+01 1.11809292e+01 9.72120571e+00
    1.00871124e+01 9.14271355e+00 9.59922981e+00 1.01978579e+01
    9.96432114e+00 1.05742693e+01 1.10711212e+01 1.08484516e+01
    1.01361179e+01 1.01212397e+01 9.40837193e+00 1.10312929e+01
    1.01294556e+01 9.31378937e+00 1.14887276e+01 1.13658895e+01
    1.20052500e+01 1.26528482e+01 1.16386547e+01 1.23312016e+01
    1.23517075e+01 1.20937424e+01 1.17261372e+01 1.15783739e+01
    1.01664362e+01 1.13006096e+01 1.18038015e+01 9.07059574e+00
    9.54317951e+00 1.18314896e+01 1.06973629e+01 1.02304392e+01
    1.10367279e+01 9.70044899e+00 1.11324320e+01 1.20173092e+01
    1.16968584e+01 1.30961714e+01 1.04683714e+01 1.18283310e+01
    1.31693897e+01 1.30484638e+01 1.26242466e+01 1.25107422e+01
    1.27011213e+01 1.20061255e+01 1.31415987e+01 1.19981365e+01
    1.19925566e+01 1.26660652e+01 1.20635490e+01 1.33000908e+01
    1.27532234e+01 1.34678488e+01 1.34904242e+01 1.30801744e+01
    1.43144913e+01 1.26712561e+01 1.09235420e+01 1.25098524e+01
    1.35824394e+01 1.22764578e+01 1.22250090e+01 1.12424288e+01
    1.24200249e+01 1.33341455e+01 1.08841238e+01 1.07566280e+01
    1.17690096e+01 1.10202122e+01 1.23109636e+01 1.29227428e+01
    1.42867165e+01 1.26820383e+01 1.39079390e+01 1.46798439e+01
    1.23248596e+01 1.18399515e+01 1.17703705e+01 1.05007591e+01
    1.13178310e+01 9.96879196e+00 1.14663334e+01 9.96060085e+00
    1.21422615e+01 1.36143579e+01 1.16894846e+01 1.12492323e+01
    1.19804306e+01 1.36838512e+01 1.34189739e+01 1.15131006e+01
    1.25865507e+01 1.27769241e+01 1.10281267e+01 1.17525778e+01
    1.27862501e+01 1.10903425e+01 1.11917772e+01 1.19501467e+01
    1.27355528e+01 1.21319008e+01 1.26370258e+01 1.22025957e+01
    1.18075066e+01 1.18137503e+01 1.05317755e+01 1.13915176e+01
    1.15149488e+01 9.20092678e+00 1.09781036e+01 1.21153774e+01
    5.38691902e+00 6.94252634e+00 9.19399834e+00 1.15307360e+01
    1.10444660e+01 1.17021952e+01 1.34328995e+01 1.34337082e+01
    1.25415573e+01 1.32407904e+01 1.32563000e+01 1.29953709e+01
    1.20847321e+01 1.15969296e+01 1.23702316e+01 1.14578161e+01
    1.26466961e+01 1.20566378e+01 1.17487059e+01 1.04318523e+01
    1.03125954e+01 1.04390497e+01 1.22024040e+01 1.07035074e+01
    1.16792774e+01 1.32061300e+01 1.32529907e+01 1.29084234e+01
    1.22208738e+01 1.31834927e+01 1.37614765e+01 1.37848606e+01
    1.10551319e+01 1.03707390e+01 1.12596188e+01 1.22238922e+01
    1.14917164e+01 1.16475639e+01 1.03788881e+01 1.14084349e+01
    1.21438055e+01 1.15863523e+01 1.25692320e+01 1.10435638e+01
    1.16488466e+01 1.03925514e+01 1.06267748e+01 1.14007854e+01
    1.12881556e+01 1.21042652e+01 1.13205690e+01 1.03452816e+01
    1.19309559e+01 1.30749092e+01 1.19057961e+01 1.19246712e+01
    1.13373756e+01 1.05044155e+01 1.10387726e+01 9.76736259e+00
    7.75139141e+00 9.00046921e+00 1.00716267e+01 8.74668884e+00
    9.02515984e+00 1.05658846e+01 1.02684431e+01 9.92514324e+00
    1.11999283e+01 1.15149612e+01 1.14344893e+01 1.23453989e+01
    1.14464426e+01 1.28010750e+01 1.23895531e+01 1.12168818e+01
    1.13070173e+01 1.32126322e+01 1.12120190e+01 1.38072891e+01
    1.29546719e+01 1.08176165e+01 1.18358860e+01 1.27549448e+01
    1.16392927e+01 1.23824100e+01 9.97497368e+00 9.71646690e+00
    1.08662720e+01 1.08979492e+01 9.62915134e+00 1.03608217e+01
    9.91407776e+00 8.64446926e+00 1.03603497e+01 1.10069170e+01
    1.11947842e+01 1.08967886e+01 1.20000782e+01 1.15866222e+01
    1.22437267e+01 1.27598457e+01 9.87999344e+00 1.16703787e+01
    1.20688801e+01 1.02091351e+01 1.20047321e+01 1.14656944e+01
    1.16832142e+01 1.26903543e+01 1.10219336e+01 1.16860676e+01
    1.11144180e+01 1.14943256e+01 1.06688185e+01 1.16621990e+01
    1.08019676e+01 9.45207691e+00 1.07299423e+01 1.15535049e+01
    1.11803169e+01 1.13318758e+01 9.91981888e+00 1.03281250e+01
    1.30843735e+01 1.21581488e+01 1.23559542e+01 1.18229647e+01
    1.26394262e+01 1.17304220e+01 1.24000616e+01 1.23130903e+01
    1.21502218e+01 1.01434050e+01 1.10165052e+01 1.15834885e+01
    1.08687401e+01 1.02787466e+01 8.99794197e+00 9.29370785e+00
    1.05989218e+01 9.27233410e+00 9.28401089e+00 1.11850233e+01
    1.05908937e+01 1.03996725e+01 1.06680489e+01 1.12106752e+01
    9.87875557e+00 1.06215582e+01 1.08103580e+01 9.30541515e+00
    1.05619802e+01 1.10962515e+01 1.17459583e+01 1.17125740e+01
    1.09688511e+01 1.27215443e+01 1.16794119e+01 1.09411402e+01
    1.00714016e+01 1.12517500e+01 1.08730717e+01 1.06655378e+01
    1.18611202e+01 1.11413002e+01 9.11753559e+00 1.18271685e+01
    1.06850977e+01 1.06855421e+01 1.01825399e+01 1.04059706e+01
    1.18086548e+01 1.07746515e+01 1.07559681e+01 1.17957773e+01
    1.08567686e+01 1.11440430e+01 1.34493570e+01 1.18364105e+01
    1.26919098e+01 1.22118473e+01 9.54322052e+00 1.16201906e+01
    1.27810345e+01 1.04947853e+01 1.15208406e+01 1.19935856e+01
    1.15741167e+01 1.20252066e+01 1.25799856e+01 1.20657606e+01
    1.21245375e+01 1.18537111e+01 1.28228140e+01 1.28577423e+01
    1.19659948e+01 1.22807255e+01 1.33205385e+01 1.20030603e+01
    1.14829636e+01 1.12138395e+01 1.28864450e+01 1.23540306e+01
    1.33902693e+01 1.25704412e+01 1.26279364e+01 1.29881668e+01
    1.33081551e+01 1.30425873e+01 1.30384359e+01 1.38863096e+01
    1.34410009e+01 1.21377640e+01 1.27522917e+01 1.30468874e+01
    1.08979044e+01 1.09767036e+01 1.12876892e+01 1.09885483e+01
    9.97812843e+00 1.17644148e+01 1.23381548e+01 1.20946264e+01
    1.16038942e+01 1.23391857e+01 1.31414118e+01 1.27611990e+01
    1.28497238e+01 1.18454876e+01 1.26918154e+01 1.14953032e+01
    1.31681614e+01 1.26581907e+01 1.06069908e+01 1.16388760e+01
    1.20450935e+01 1.12899227e+01 1.15771418e+01 1.36772718e+01
    1.15079851e+01 1.22024317e+01 1.19706869e+01 1.02442656e+01
    1.12584524e+01 1.08816166e+01 1.00034962e+01 8.98949146e+00
    1.09414997e+01 1.06872635e+01 5.78079462e+00 7.49511051e+00
    9.30860043e+00 1.19106531e+01 1.20587940e+01 1.16965151e+01
    1.31860285e+01 1.22519417e+01 1.25135651e+01 1.25248737e+01
    1.18557854e+01 1.21857224e+01 1.30101004e+01 1.20056677e+01
    1.07144213e+01 1.24422874e+01 1.17516832e+01 1.18556662e+01
    1.14038534e+01 9.86028481e+00 1.05288582e+01 1.17521896e+01
    9.75557899e+00 1.08623381e+01 1.01914349e+01 1.12795515e+01
    1.30560713e+01 1.26353168e+01 1.27324820e+01 1.33980713e+01
    1.39484549e+01 1.34986534e+01 1.14699793e+01 1.16296520e+01
    1.26415071e+01 1.21055832e+01 1.26991854e+01 1.10412769e+01
    1.18290329e+01 1.12287197e+01 1.06707478e+01 1.18562269e+01
    1.10281315e+01 1.24977198e+01 1.06969032e+01 1.15035191e+01
    1.08981495e+01 1.16521454e+01 1.17291784e+01 1.15717125e+01
    1.18629456e+01 1.15432844e+01 1.24640131e+01 1.30678253e+01
    1.26247225e+01 1.17360649e+01 1.10768080e+01 1.08941107e+01
    1.16072845e+01 1.00454178e+01 9.80662537e+00 9.44522190e+00
    9.24561501e+00 9.16295147e+00 8.98280525e+00 9.54751873e+00
    1.01478624e+01 1.12546463e+01 1.16564054e+01 1.18766556e+01
    1.26694241e+01 1.30020094e+01 1.23069391e+01 1.26521778e+01
    1.30535021e+01 1.11662731e+01 1.14339809e+01 1.08839264e+01
    1.10754042e+01 1.21335630e+01 1.21939907e+01 1.18474512e+01
    1.21839705e+01 1.20553503e+01 1.38810406e+01 1.19003630e+01
    1.06039200e+01 1.12163982e+01 1.09983482e+01 1.06388054e+01
    1.06408329e+01 1.06664209e+01 9.31857777e+00 8.67797470e+00
    1.11002474e+01 1.16794996e+01 1.12354374e+01 1.17721672e+01
    1.20065126e+01 1.25194435e+01 1.28282557e+01 1.23572979e+01
    9.92242336e+00 1.17588587e+01 1.15527020e+01 1.20103722e+01
    1.31312227e+01 1.21798267e+01 1.17746172e+01 1.47350111e+01
    1.15896902e+01 1.17635355e+01 1.11008310e+01 1.07134895e+01
    1.06940575e+01 1.12382936e+01 1.05127144e+01 9.77393723e+00
    9.78523064e+00 1.15513039e+01 1.15474510e+01 1.13589163e+01
    9.22830105e+00 9.26635647e+00 1.14612436e+01 1.28978891e+01
    1.17067213e+01 1.07279501e+01 1.20916004e+01 1.32487164e+01
    1.25311909e+01 1.29361382e+01 1.18563967e+01 1.02664499e+01
    1.08402958e+01 1.05898628e+01 9.79748631e+00 1.11542959e+01
    1.07429466e+01 9.15523052e+00 1.00904789e+01 1.09732132e+01
    9.53809452e+00 1.07265568e+01 1.04187307e+01 1.01865950e+01
    1.14656782e+01 1.00994720e+01 1.05253410e+01 1.10299482e+01
    1.03123751e+01 1.01366701e+01 9.89199257e+00 1.11751881e+01
    1.14791412e+01 1.03963642e+01 1.14051723e+01 1.16849403e+01
    1.28206434e+01 1.27409859e+01 1.07962084e+01 1.18949022e+01
    1.16216011e+01 1.24284973e+01 1.18350191e+01 1.10381603e+01
    9.59306145e+00 1.13869305e+01 1.25530510e+01 1.14259167e+01
    1.13303528e+01 9.94576073e+00 1.20208817e+01 1.11853237e+01
    1.02604523e+01 1.18442888e+01 1.26594887e+01 1.10328264e+01
    1.17246885e+01 1.24462214e+01 1.40732632e+01 1.21369724e+01
    1.14163160e+01 1.15864716e+01 1.25769882e+01 1.07630396e+01
    9.88551807e+00 1.13090591e+01 1.10524769e+01 1.16783476e+01
    1.13190746e+01 1.21448259e+01 1.24593058e+01 1.40293293e+01
    1.26847887e+01 1.26466970e+01 1.33663731e+01 1.29605818e+01
    1.31905127e+01 1.19392252e+01 1.22017908e+01 1.14073057e+01
    1.14617701e+01 1.17205086e+01 1.27381134e+01 1.10379648e+01
    1.15964727e+01 1.27234459e+01 1.20862942e+01 1.31180716e+01
    1.45192080e+01 1.30596561e+01 1.30023794e+01 1.29222212e+01
    1.20271683e+01 1.19866066e+01 1.12582865e+01 1.06730852e+01
    1.10642214e+01 1.11820745e+01 1.10668173e+01 1.21739025e+01
    1.23456326e+01 1.19228468e+01 1.16097755e+01 1.22217598e+01
    1.13022375e+01 1.16195803e+01 1.24558439e+01 1.33137846e+01
    1.02535496e+01 1.15397482e+01 1.21119251e+01 1.15377254e+01
    1.11312551e+01 1.27162027e+01 1.18486700e+01 1.29793768e+01
    1.26622858e+01 1.32992954e+01 1.22047291e+01 1.23943539e+01
    1.23181334e+01 1.09388494e+01 1.06048937e+01 1.20002899e+01
    1.06200285e+01 1.03344984e+01 9.41452217e+00 1.17007332e+01
    6.38163662e+00 6.54172993e+00 8.48489571e+00 1.00059147e+01
    1.06933289e+01 1.10864382e+01 1.01390114e+01 1.17700768e+01
    1.10311365e+01 1.05992651e+01 1.24352713e+01 1.15617800e+01
    1.22230492e+01 1.19821482e+01 1.07831488e+01 1.24883022e+01
    1.22878046e+01 1.17801991e+01 1.17709541e+01 9.88572121e+00
    1.11580687e+01 1.12158098e+01 1.08894949e+01 1.17269001e+01
    1.12518501e+01 1.09509735e+01 1.40594683e+01 1.18272171e+01
    1.19943838e+01 1.20456066e+01 1.35692787e+01 1.15975533e+01
    1.10019655e+01 1.16481380e+01 1.29366245e+01 1.38497448e+01
    1.12359352e+01 1.11623449e+01 1.33400612e+01 1.18363466e+01
    1.11152039e+01 1.16744719e+01 1.20693722e+01 1.08166904e+01
    1.02780943e+01 1.13158770e+01 1.23319273e+01 1.14657278e+01
    1.23022203e+01 1.33473034e+01 1.28216228e+01 1.25615025e+01
    1.26197319e+01 1.27754459e+01 1.23645706e+01 1.18995724e+01
    1.09421005e+01 1.09491510e+01 1.02095432e+01 9.73427200e+00
    8.06032276e+00 9.74825954e+00 8.70206738e+00 1.04891987e+01
    9.37534618e+00 1.07513142e+01 1.12607365e+01 1.05255260e+01
    1.05252647e+01 1.13920918e+01 1.35032330e+01 1.20936928e+01
    1.32684593e+01 1.24270582e+01 1.21131086e+01 1.18226490e+01
    9.85547638e+00 1.09482117e+01 1.21305313e+01 1.16786652e+01
    1.22717810e+01 1.30993452e+01 1.29604750e+01 1.30369196e+01
    1.33910980e+01 1.28888960e+01 1.16284981e+01 1.11919327e+01
    1.04325180e+01 1.14114199e+01 1.16580133e+01 9.66566372e+00
    9.86179352e+00 1.03749609e+01 1.02963972e+01 1.08535957e+01
    1.20221577e+01 1.07771721e+01 1.11904154e+01 1.22658281e+01
    1.23776941e+01 1.17651949e+01 1.12334509e+01 1.18681154e+01
    1.17510338e+01 1.20214472e+01 1.22170897e+01 1.29074459e+01
    1.20076523e+01 1.36258278e+01 1.39660215e+01 1.26193399e+01
    1.17705345e+01 1.06776199e+01 1.15364828e+01 1.07393694e+01
    9.33527374e+00 8.71325207e+00 9.86518288e+00 1.03120136e+01
    1.01606331e+01 1.11862440e+01 1.03448219e+01 9.38262653e+00
    1.11433477e+01 1.24804573e+01 1.15475349e+01 1.05149059e+01
    1.11987476e+01 1.28399763e+01 1.27977247e+01 1.22922888e+01
    1.04151793e+01 1.10772467e+01 1.25620899e+01 1.13480167e+01
    1.05911875e+01 1.10660429e+01 9.84715366e+00 9.93216228e+00
    9.20559788e+00 9.43174458e+00 9.71733093e+00 1.00078955e+01
    1.01207466e+01 9.57978916e+00 1.14076223e+01 1.18595610e+01
    1.05222797e+01 1.19082994e+01 1.08109980e+01 1.19514189e+01
    1.02838221e+01 1.16063938e+01 1.13952150e+01 1.25054541e+01
    1.22926321e+01 1.10603447e+01 1.29114962e+01 1.26031818e+01
    1.25550060e+01 1.15397806e+01 1.28935375e+01 1.27193880e+01
    1.27834406e+01 1.07194281e+01 1.02208500e+01 1.18848162e+01
    1.21632442e+01 1.13778276e+01 1.13820877e+01 1.04974861e+01
    1.13771172e+01 1.16604595e+01 1.09398832e+01 1.02017632e+01
    1.14015675e+01 1.11902313e+01 1.10729847e+01 1.26005411e+01
    1.23215342e+01 1.19803276e+01 1.13264732e+01 1.08541546e+01
    1.16060925e+01 1.03441048e+01 1.09899874e+01 1.19315147e+01
    1.11092796e+01 1.09321194e+01 1.28092518e+01 1.10316401e+01
    1.24625425e+01 1.21770716e+01 1.16014957e+01 1.23464098e+01
    1.25150576e+01 1.30158005e+01 1.34394073e+01 1.29404154e+01
    1.14328461e+01 1.14496384e+01 1.36279030e+01 1.29080191e+01
    1.10410461e+01 1.29931726e+01 1.18675270e+01 1.13124275e+01
    1.34066648e+01 1.26628342e+01 1.37732000e+01 1.33951387e+01
    1.25785608e+01 1.26018562e+01 1.18294640e+01 1.19743299e+01
    1.11089745e+01 1.17922916e+01 9.92019463e+00 1.09311676e+01
    1.08585558e+01 1.19336882e+01 1.25571566e+01 1.24969635e+01
    1.15752983e+01 1.18326206e+01 1.21463299e+01 1.32748451e+01
    1.26795893e+01 1.24867048e+01 1.07933359e+01 1.14558086e+01
    1.30700741e+01 1.25326004e+01 1.19128571e+01 1.10701809e+01
    1.17324572e+01 1.18846350e+01 1.22166185e+01 1.28519144e+01
    1.28872566e+01 1.18701649e+01 1.23759699e+01 1.18128662e+01
    1.12765274e+01 1.19931803e+01 1.06401920e+01 1.06720486e+01
    1.14869967e+01 1.13376312e+01 5.67863083e+00 6.91762400e+00
    8.14748955e+00 1.10596066e+01 1.02785807e+01 1.12472181e+01
    9.94717312e+00 1.09172268e+01 1.11517258e+01 1.14320326e+01
    1.15944691e+01 1.21856289e+01 1.19277287e+01 1.12585363e+01
    1.24827795e+01 1.31900473e+01 1.21642475e+01 1.06974602e+01
    1.18345509e+01 1.02262383e+01 1.10037346e+01 1.13575354e+01
    1.11280794e+01 9.70535755e+00 1.04191589e+01 1.19132862e+01
    1.22153111e+01 1.12511816e+01 1.15597239e+01 1.22823772e+01
    1.26145754e+01 1.22362967e+01 1.01188774e+01 1.20103617e+01
    1.19456015e+01 1.18449841e+01 1.14565783e+01 1.12738495e+01
    1.22822685e+01 1.25859041e+01 1.05362530e+01 1.07131548e+01
    1.12832737e+01 1.19926090e+01 1.11260386e+01 1.11580811e+01
    1.15802250e+01 1.16102409e+01 1.12697897e+01 1.19805536e+01
    9.83174992e+00 1.21070614e+01 1.19154377e+01 1.17981415e+01
    1.17308130e+01 1.19835148e+01 1.06544962e+01 1.16284466e+01
    1.03042192e+01 1.04166756e+01 1.05553007e+01 9.91093159e+00
    1.01327238e+01 1.02888098e+01 1.03110991e+01 1.05541162e+01
    1.15616703e+01 1.14482365e+01 1.25200939e+01 1.22484674e+01
    1.21907778e+01 1.33909864e+01 1.38268900e+01 1.22566023e+01
    1.29916964e+01 1.33598461e+01 1.12669191e+01 1.13099995e+01
    1.16417770e+01 1.06082258e+01 1.11038580e+01 1.16749401e+01
    1.28442249e+01 1.30550690e+01 1.18309298e+01 1.27816963e+01
    1.22040606e+01 1.06247072e+01 1.10977669e+01 1.04578266e+01
    1.14791965e+01 1.11209888e+01 1.04846554e+01 1.05962934e+01
    1.12141266e+01 1.10819788e+01 1.16832342e+01 1.14042845e+01
    1.18905811e+01 1.17896757e+01 1.19099627e+01 1.14397287e+01
    9.81096840e+00 1.16514740e+01 1.18503199e+01 1.15063868e+01
    1.19464607e+01 1.31721954e+01 1.29145489e+01 1.38450441e+01
    1.43294115e+01 1.19590473e+01 1.31049690e+01 1.19849873e+01
    1.22809629e+01 1.18257227e+01 9.40126801e+00 9.37529469e+00
    9.77770901e+00 1.04310293e+01 1.08570423e+01 9.40347576e+00
    9.39052963e+00 1.03900156e+01 1.15496111e+01 1.09376106e+01
    1.10116940e+01 1.14134607e+01 1.02912540e+01 1.17490568e+01
    1.29848337e+01 1.12245235e+01 1.03265123e+01 1.02218142e+01
    1.08956432e+01 1.13555336e+01 9.71119118e+00 9.65766048e+00
    9.85159016e+00 9.77212238e+00 1.14880028e+01 1.07499237e+01
    1.10719938e+01 1.14927158e+01 1.15271740e+01 1.20863018e+01
    1.17450104e+01 1.18367109e+01 1.23268661e+01 1.10824299e+01
    1.06679897e+01 1.04614429e+01 1.17264318e+01 1.01971874e+01
    1.11054354e+01 1.06918039e+01 1.19830647e+01 1.13581324e+01
    1.18084278e+01 1.19570427e+01 1.31277924e+01 1.24318666e+01
    1.25507746e+01 1.24677639e+01 1.27411461e+01 1.21370411e+01
    1.13727617e+01 1.21174021e+01 1.23865995e+01 1.20844965e+01
    1.15700665e+01 1.06348381e+01 1.09485283e+01 1.10876999e+01
    1.08976650e+01 1.09448347e+01 1.06958218e+01 1.12504816e+01
    1.18896828e+01 1.22825623e+01 1.11968222e+01 1.16949148e+01
    1.30357246e+01 1.12932243e+01 1.04488220e+01 1.06250744e+01
    1.09718895e+01 1.08119459e+01 1.03789787e+01 1.07344179e+01
    1.14501886e+01 1.15286865e+01 1.01166391e+01 1.10411682e+01
    1.24115314e+01 1.14744101e+01 1.15007801e+01 1.34173822e+01
    1.30988379e+01 1.30199041e+01 1.28929901e+01 1.27704535e+01
    1.32611914e+01 1.30379963e+01 1.29404736e+01 1.28000879e+01
    1.31600380e+01 1.21412497e+01 1.37876253e+01 1.26260738e+01
    1.38497829e+01 1.22765245e+01 1.19335766e+01 1.36446962e+01
    1.03892031e+01 1.08757448e+01 1.12361994e+01 1.04061699e+01
    1.10583086e+01 1.12707291e+01 1.13213139e+01 1.18241873e+01
    1.43199444e+01 1.29786501e+01 1.13853617e+01 1.18344498e+01
    1.26044331e+01 1.15872450e+01 1.14510317e+01 1.10473042e+01
    1.15337677e+01 1.17241268e+01 1.30814857e+01 1.21222353e+01
    1.33041954e+01 1.20806866e+01 1.32296219e+01 1.33613844e+01
    1.35228949e+01 1.26749783e+01 1.23537703e+01 1.23347692e+01
    1.18874626e+01 1.25067825e+01 1.29837198e+01 1.08782043e+01
    1.13956604e+01 1.08690910e+01 1.17887468e+01 1.02359819e+01
    6.26459169e+00 7.16674376e+00 7.90106392e+00 1.04995050e+01
    1.09438066e+01 1.19817257e+01 1.08984604e+01 1.01871405e+01
    1.20169277e+01 1.06665630e+01 1.15388565e+01 1.24660816e+01
    1.20084105e+01 1.16412458e+01 1.38126545e+01 1.18358841e+01
    1.35195122e+01 1.40056677e+01 1.10793190e+01 1.18500280e+01
    1.23534279e+01 1.28232918e+01 1.18392401e+01 1.00982180e+01
    1.06971064e+01 1.30807381e+01 1.14588022e+01 1.04977379e+01
    1.23732595e+01 1.12286968e+01 1.12700138e+01 1.17491798e+01
    9.36286068e+00 1.10664444e+01 1.24511852e+01 1.14599895e+01
    1.05331516e+01 1.00420303e+01 1.13649302e+01 1.22278080e+01
    1.04494848e+01 9.76788139e+00 1.07980270e+01 9.85990620e+00
    1.10899553e+01 1.05908518e+01 1.03613462e+01 1.11898737e+01
    1.27018690e+01 1.26916561e+01 1.20654211e+01 1.34048510e+01
    1.22773638e+01 1.24402151e+01 1.18682642e+01 1.10346212e+01
    1.06585350e+01 1.27981825e+01 1.10886898e+01 1.13432121e+01
    1.15583916e+01 9.30378246e+00 9.76306152e+00 1.05771914e+01
    1.09295177e+01 1.11911764e+01 1.08119879e+01 1.11932344e+01
    1.29645300e+01 1.25329685e+01 1.28742561e+01 1.38679609e+01
    1.35589275e+01 1.30278168e+01 1.32613115e+01 1.19613066e+01
    1.18475876e+01 1.31683083e+01 1.15458431e+01 1.12514629e+01
    1.30448713e+01 1.23702755e+01 1.28368549e+01 1.22818327e+01
    1.17532606e+01 1.23360548e+01 1.03531094e+01 9.02678871e+00
    1.00508308e+01 1.02180347e+01 1.02454643e+01 1.05402498e+01
    9.43220329e+00 1.15078640e+01 1.26418362e+01 1.16709127e+01
    1.28016653e+01 1.33425407e+01 1.19251099e+01 1.11865463e+01
    1.07856989e+01 1.02024317e+01 1.10561352e+01 1.04093533e+01
    9.73117542e+00 1.09222307e+01 1.28386183e+01 1.21926479e+01
    1.16264248e+01 1.34043646e+01 1.32293043e+01 1.25510559e+01
    1.15921679e+01 1.19560213e+01 1.16503725e+01 1.04379950e+01
    1.02632618e+01 1.07177954e+01 1.09087143e+01 1.15625429e+01
    1.28522921e+01 1.08910503e+01 1.03975220e+01 1.05882292e+01
    1.21780319e+01 1.00945749e+01 1.11909199e+01 1.04809198e+01
    9.40364361e+00 1.16660175e+01 1.18659945e+01 1.10729895e+01
    8.86172199e+00 8.66903591e+00 1.08653584e+01 1.01623697e+01
    9.68888378e+00 9.02974415e+00 9.62463856e+00 9.74594402e+00
    9.61251831e+00 1.01075792e+01 1.04239769e+01 1.26103830e+01
    9.76692581e+00 1.20006065e+01 1.17333422e+01 1.22030735e+01
    1.27752581e+01 1.20938129e+01 1.11446218e+01 9.93528366e+00
    1.13348732e+01 1.13912945e+01 1.12320232e+01 1.17329617e+01
    1.08693762e+01 1.23895302e+01 1.19839354e+01 1.19902859e+01
    1.30137911e+01 1.24199343e+01 1.13665085e+01 1.14382830e+01
    1.15290642e+01 1.14867382e+01 9.67171764e+00 1.20566111e+01
    1.20621328e+01 1.19334097e+01 1.23019543e+01 1.28522511e+01
    1.28076677e+01 1.20800934e+01 1.19989309e+01 1.23692713e+01
    1.24113150e+01 1.20668612e+01 1.17477331e+01 1.25674934e+01
    1.39060202e+01 1.33316689e+01 1.23486042e+01 1.17302504e+01
    1.17896070e+01 1.16484261e+01 1.10698175e+01 1.06311111e+01
    1.05289812e+01 1.06558685e+01 1.04867401e+01 1.05994520e+01
    1.18655872e+01 1.04135466e+01 1.16783609e+01 1.23951283e+01
    1.18710165e+01 1.21541414e+01 1.24284639e+01 1.29755287e+01
    1.29875746e+01 1.15419941e+01 1.24026546e+01 1.25678759e+01
    1.22101145e+01 1.19326181e+01 1.22801504e+01 1.17609053e+01
    1.20957003e+01 1.29556255e+01 1.35790825e+01 1.24553499e+01
    1.23912840e+01 1.31787004e+01 1.13518047e+01 1.11244287e+01
    1.17321167e+01 1.05429592e+01 1.15296373e+01 1.07079000e+01
    1.17517748e+01 1.13644724e+01 1.20121784e+01 1.18581972e+01
    1.22599773e+01 1.13181152e+01 1.08521128e+01 1.09925385e+01
    1.20717440e+01 1.06352320e+01 1.10671673e+01 1.10289841e+01
    1.13686409e+01 1.19114017e+01 1.31303139e+01 1.15767536e+01
    1.23570223e+01 1.30615940e+01 1.27766047e+01 1.33436813e+01
    1.26974363e+01 1.29334345e+01 1.27747993e+01 1.39729252e+01
    1.23770943e+01 1.12876911e+01 1.25814934e+01 1.12844391e+01
    1.03550463e+01 1.15699711e+01 5.47486877e+00 6.64371967e+00
    8.51803398e+00 9.35754776e+00 1.10849886e+01 9.71922112e+00
    1.10628309e+01 1.04163132e+01 9.96205616e+00 1.17106304e+01
    1.03427315e+01 1.07383442e+01 1.14822330e+01 1.11348066e+01
    1.17971115e+01 1.22177382e+01 1.28892384e+01 1.40444059e+01
    1.20618191e+01 1.17296381e+01 1.35764017e+01 1.29989338e+01
    1.12618189e+01 1.16124210e+01 1.18907652e+01 1.17828732e+01
    1.21237803e+01 1.07780333e+01 1.17378511e+01 1.01941166e+01
    1.16702089e+01 1.05247793e+01 1.11541376e+01 1.21069965e+01
    1.19620590e+01 1.13155584e+01 1.07558069e+01 1.12863874e+01
    1.12741833e+01 1.16089315e+01 1.17447195e+01 1.02189627e+01
    9.99838924e+00 1.11100397e+01 1.11483717e+01 1.24903393e+01
    1.16620131e+01 1.11673584e+01 1.17683487e+01 1.30378084e+01
    1.18207359e+01 1.31387196e+01 1.30037384e+01 1.09193478e+01
    1.30138092e+01 1.23146162e+01 1.14172201e+01 1.18262625e+01
    1.03124161e+01 1.05845757e+01 1.12000122e+01 1.06506691e+01
    1.13112812e+01 1.10186558e+01 1.11584835e+01 1.22959223e+01
    9.97222996e+00 1.13989410e+01 1.06693535e+01 1.18424959e+01
    1.25746260e+01 1.10561619e+01 1.23053045e+01 1.24713860e+01
    1.31322136e+01 1.14644070e+01 1.27714539e+01 1.36537867e+01
    1.08285418e+01 1.18584204e+01 1.28675804e+01 1.26907206e+01
    1.30755930e+01 1.24077215e+01 1.27872066e+01 1.30177565e+01
    1.19777985e+01 1.11322384e+01 1.13881073e+01 1.06974516e+01
    1.09270973e+01 1.03401690e+01 1.00593996e+01 1.07966366e+01
    1.08889771e+01 1.25735598e+01 1.09637432e+01 1.19630280e+01
    1.41407213e+01 1.28804569e+01 1.20283346e+01 1.22915630e+01
    1.13083639e+01 1.11679449e+01 9.84262562e+00 1.13298645e+01
    1.16960421e+01 1.14659271e+01 1.25275860e+01 1.37272596e+01
    1.28855906e+01 1.40962486e+01 1.31671066e+01 1.20720739e+01
    1.17764492e+01 1.06960583e+01 1.05481167e+01 1.07956905e+01
    1.02724028e+01 9.86919212e+00 1.27862177e+01 1.14844456e+01
    9.49388218e+00 1.11198168e+01 1.34847441e+01 1.12365904e+01
    1.01377754e+01 1.04618893e+01 1.04208527e+01 1.09144716e+01
    1.09906511e+01 1.11762123e+01 9.21096230e+00 9.40443039e+00
    1.18695841e+01 1.04709759e+01 1.01847458e+01 9.95505047e+00
    9.92231941e+00 1.12700710e+01 1.10070496e+01 9.92696953e+00
    1.03959007e+01 1.19077806e+01 1.20331192e+01 1.18655090e+01
    1.26518373e+01 1.20155411e+01 1.27701359e+01 1.20653801e+01
    1.13676891e+01 9.31499195e+00 9.95157242e+00 1.11774206e+01
    9.91253567e+00 1.12834435e+01 1.13195162e+01 1.16141300e+01
    1.22616749e+01 1.27095919e+01 1.36636992e+01 1.28850021e+01
    1.35583935e+01 1.25872297e+01 1.17685127e+01 1.16079235e+01
    1.17741108e+01 1.14971895e+01 1.31479864e+01 1.16419897e+01
    1.20744743e+01 1.30733709e+01 1.24528904e+01 1.29473553e+01
    1.22592297e+01 1.22903385e+01 1.26859322e+01 1.24821882e+01
    1.15649033e+01 1.15355282e+01 1.31064796e+01 1.26244469e+01
    1.17843561e+01 1.13842812e+01 1.08048000e+01 1.09202061e+01
    1.04966116e+01 1.04946098e+01 1.04039927e+01 9.25875092e+00
    1.04078627e+01 1.14939423e+01 1.15145645e+01 1.00521193e+01
    1.07412367e+01 1.25271816e+01 1.11532297e+01 1.15336924e+01
    1.27540731e+01 1.23186455e+01 1.17837524e+01 1.27994719e+01
    1.35002060e+01 1.14803247e+01 1.23112555e+01 1.31765852e+01
    1.11314106e+01 1.27162199e+01 1.20515203e+01 1.14841747e+01
    1.26069336e+01 1.34761162e+01 1.13286085e+01 1.14223824e+01
    1.20795555e+01 1.18431101e+01 1.08532715e+01 1.13036070e+01
    1.10325127e+01 1.07801533e+01 1.15005274e+01 1.10420618e+01
    1.15210905e+01 1.15415735e+01 1.18953152e+01 9.87510681e+00
    9.58025551e+00 1.03620090e+01 1.07062159e+01 9.41534328e+00
    9.10908031e+00 1.12409229e+01 1.21315365e+01 1.14953699e+01
    1.12907114e+01 1.20431395e+01 1.14183064e+01 1.26428890e+01
    1.23030691e+01 1.31530066e+01 1.08328829e+01 1.06763096e+01
    1.30241737e+01 1.30801992e+01 1.17768555e+01 1.28277597e+01
    1.16702652e+01 1.32096777e+01 1.17139549e+01 1.20436382e+01
    5.67649841e+00 5.52246618e+00 8.00504684e+00 8.70654488e+00
    9.29510593e+00 8.84567738e+00 9.51064396e+00 1.07534523e+01
    9.76620483e+00 1.07902365e+01 1.15780525e+01 1.05941067e+01
    1.00520744e+01 1.21072264e+01 1.21304617e+01 1.10451202e+01
    1.08479004e+01 1.21256647e+01 1.28679237e+01 1.14759665e+01
    1.25501041e+01 1.22219105e+01 1.14555082e+01 1.22306452e+01
    1.13761654e+01 1.17272320e+01 1.26268930e+01 1.11018114e+01
    1.07070103e+01 1.15200462e+01 1.22370148e+01 9.63778496e+00
    1.12416401e+01 1.26031742e+01 1.16177759e+01 1.15589056e+01
    1.09968081e+01 1.10383234e+01 1.18879919e+01 1.10944643e+01
    1.00320921e+01 1.03273716e+01 9.53129864e+00 1.04672995e+01
    1.12892618e+01 1.24986095e+01 1.14111023e+01 1.03494768e+01
    1.16202583e+01 1.34174595e+01 1.25353985e+01 1.31284409e+01
    1.22871304e+01 1.08888226e+01 1.16299162e+01 1.21254740e+01
    1.07026691e+01 1.18857832e+01 1.08634529e+01 1.17806416e+01
    1.18881741e+01 1.22792969e+01 1.17043667e+01 1.15132246e+01
    1.26781054e+01 1.21030922e+01 1.20275507e+01 1.10742216e+01
    1.18541775e+01 1.18020830e+01 1.15430727e+01 1.24840870e+01
    1.13617697e+01 1.12190199e+01 1.24372492e+01 1.32057676e+01
    1.20903997e+01 1.24018879e+01 1.21182489e+01 1.20282812e+01
    1.37574167e+01 1.38560438e+01 1.37354708e+01 1.23907795e+01
    1.21813297e+01 1.20494337e+01 1.13594456e+01 1.21616831e+01
    9.36341667e+00 1.16582203e+01 1.28817968e+01 1.10229359e+01
    1.18395948e+01 1.20028467e+01 1.20497208e+01 1.22328367e+01
    1.22960796e+01 1.21135044e+01 1.31831350e+01 1.21108646e+01
    1.10824585e+01 1.26508503e+01 1.19207907e+01 1.10545034e+01
    1.13161831e+01 1.22069683e+01 1.22367973e+01 1.12538643e+01
    1.37641068e+01 1.37351856e+01 1.33222456e+01 1.31242542e+01
    1.23422842e+01 1.22597742e+01 1.24512157e+01 9.65424633e+00
    1.08700361e+01 1.05792322e+01 9.44826508e+00 1.03684473e+01
    1.08640938e+01 9.96514320e+00 9.46661949e+00 9.87892914e+00
    1.11493073e+01 1.13196878e+01 1.02901487e+01 8.06735897e+00
    1.04173784e+01 1.21616850e+01 1.11412268e+01 9.77356434e+00
    1.00480413e+01 9.51843739e+00 1.12172604e+01 9.62588215e+00
    8.65815544e+00 1.03348532e+01 1.00500612e+01 1.04237900e+01
    9.98816586e+00 1.14592543e+01 1.16284895e+01 1.18918514e+01
    1.35697947e+01 1.25905313e+01 1.16367435e+01 1.33003712e+01
    1.24378834e+01 1.28401051e+01 1.06269484e+01 1.07410240e+01
    9.67575741e+00 9.45626736e+00 9.81070995e+00 1.09377975e+01
    1.00469074e+01 1.10538759e+01 1.15568285e+01 1.18042355e+01
    1.28211689e+01 1.33538589e+01 1.30841103e+01 1.34452591e+01
    1.20880108e+01 1.27236996e+01 1.26550512e+01 1.26687756e+01
    1.32623720e+01 1.27948399e+01 1.25178232e+01 1.38108425e+01
    1.23734751e+01 1.33479671e+01 1.21159019e+01 1.12343645e+01
    1.32963572e+01 1.19829149e+01 1.25746365e+01 1.26438179e+01
    1.25029497e+01 1.24040051e+01 1.23372221e+01 1.24494486e+01
    1.07423906e+01 9.98430443e+00 1.07405663e+01 1.09317656e+01
    1.03322477e+01 1.02672176e+01 1.15236874e+01 1.12066202e+01
    1.21591291e+01 1.16585779e+01 1.16449051e+01 1.16380415e+01
    1.25078278e+01 1.18047295e+01 1.11022873e+01 1.21976957e+01
    1.27342987e+01 1.26288404e+01 1.18703451e+01 1.33900261e+01
    1.30250082e+01 1.34762859e+01 1.28635406e+01 1.40052919e+01
    1.35435009e+01 1.21128607e+01 1.38365231e+01 1.39226465e+01
    1.18408031e+01 1.18002977e+01 1.23358612e+01 1.15819016e+01
    1.20333738e+01 1.20805836e+01 1.12948809e+01 1.18522701e+01
    1.21497965e+01 1.15205278e+01 1.11902514e+01 1.20722179e+01
    1.14368801e+01 1.09867649e+01 1.07957630e+01 1.03680935e+01
    1.03327217e+01 9.30170250e+00 9.51653862e+00 1.03224087e+01
    1.22136602e+01 1.15603294e+01 1.10360632e+01 1.19658165e+01
    1.26974707e+01 1.31681557e+01 1.36434164e+01 1.09368792e+01
    1.06811085e+01 1.17246675e+01 1.27448502e+01 1.28537188e+01
    1.33052359e+01 1.35031080e+01 1.20871563e+01 1.36766319e+01
    1.28495684e+01 1.17710781e+01 6.68497229e+00 7.22755241e+00
    8.22355938e+00 1.16176853e+01 1.02651520e+01 1.13975296e+01
    9.91960430e+00 1.11350679e+01 1.17294836e+01 9.77947044e+00
    1.21177530e+01 1.22670479e+01 1.06492310e+01 1.20148611e+01
    1.25782366e+01 1.14685755e+01 1.23948307e+01 1.18129797e+01
    1.35669165e+01 1.30418081e+01 1.32014999e+01 1.18791370e+01
    1.29943409e+01 1.22142372e+01 1.22281380e+01 1.28783064e+01
    1.17188425e+01 1.13338280e+01 1.13465710e+01 1.14916353e+01
    1.18500118e+01 1.14256754e+01 1.05400076e+01 1.28107166e+01
    1.24638920e+01 1.17897596e+01 1.14576187e+01 1.04264450e+01
    1.19357157e+01 1.13424511e+01 1.05078373e+01 1.07392530e+01
    1.00336313e+01 1.05760841e+01 1.15081253e+01 1.20038853e+01
    1.13772068e+01 1.20726023e+01 1.16236734e+01 1.18638458e+01
    1.27428465e+01 1.19485378e+01 1.18140011e+01 1.15159607e+01
    1.13862104e+01 1.20299826e+01 1.10776186e+01 1.19621964e+01
    1.13893738e+01 1.17078791e+01 1.22672148e+01 1.26645718e+01
    1.20740595e+01 1.32689772e+01 1.24697285e+01 1.26251135e+01
    1.18445902e+01 1.11014376e+01 1.11454687e+01 1.21579494e+01
    1.09477758e+01 1.28238239e+01 1.06080685e+01 1.13556404e+01
    1.20531187e+01 1.14731522e+01 1.30913372e+01 1.20840502e+01
    1.11255751e+01 1.20379200e+01 1.17201252e+01 1.40471392e+01
    1.28398504e+01 1.09981518e+01 1.15242872e+01 1.29680443e+01
    1.27485676e+01 1.06574955e+01 1.11829576e+01 1.18822727e+01
    1.12817183e+01 1.24630737e+01 1.34261112e+01 1.31852303e+01
    1.39144020e+01 1.30877151e+01 1.29129581e+01 1.32885542e+01
    1.25393200e+01 1.22777615e+01 1.23074179e+01 1.18979778e+01
    1.20238371e+01 1.07024126e+01 1.10110178e+01 1.16492615e+01
    1.18326244e+01 1.25753565e+01 1.26961727e+01 1.22563372e+01
    1.41316433e+01 1.32631264e+01 1.18945236e+01 1.25538416e+01
    1.06419239e+01 9.68028259e+00 9.98495388e+00 9.79916859e+00
    1.04552078e+01 1.03026667e+01 1.03023205e+01 1.01790762e+01
    1.18789577e+01 1.16357412e+01 1.10315285e+01 1.10064716e+01
    1.08073225e+01 9.39593029e+00 9.84943867e+00 1.02316103e+01
    1.15492878e+01 1.00070066e+01 8.79879951e+00 1.06350183e+01
    1.07723818e+01 1.05705070e+01 8.04234600e+00 8.98273087e+00
    9.33628845e+00 1.10679770e+01 9.06466866e+00 9.86739826e+00
    1.12675209e+01 1.24648647e+01 1.28287754e+01 1.20664606e+01
    1.16813860e+01 1.37354765e+01 1.15056362e+01 1.16285925e+01
    1.05762653e+01 9.98937988e+00 9.36689281e+00 9.61601543e+00
    9.68663311e+00 1.01221914e+01 1.12315931e+01 1.16322670e+01
    1.10176039e+01 1.31114931e+01 1.37137632e+01 1.22038212e+01
    1.33188200e+01 1.21769037e+01 1.20223951e+01 1.28999577e+01
    1.20791836e+01 1.28788881e+01 1.19519110e+01 1.27191372e+01
    1.33546820e+01 1.30395679e+01 1.20304108e+01 1.28676987e+01
    1.30956593e+01 1.30396385e+01 1.34657602e+01 1.32989388e+01
    1.26996555e+01 1.18377285e+01 1.39008923e+01 1.40125332e+01
    1.36941776e+01 1.32636204e+01 1.25027075e+01 1.12754068e+01
    1.19633293e+01 1.05727921e+01 9.09002304e+00 1.00834112e+01
    1.07379150e+01 1.06163025e+01 1.12201214e+01 1.08591614e+01
    1.31544333e+01 1.25298119e+01 1.10082064e+01 1.20553570e+01
    1.15930395e+01 1.21207752e+01 1.15979786e+01 1.15686455e+01
    1.18548403e+01 1.16594505e+01 1.14055099e+01 1.38018379e+01
    1.39680729e+01 1.32336340e+01 1.37364235e+01 1.30485020e+01
    1.36326761e+01 1.32522602e+01 1.16045942e+01 1.21212168e+01
    1.14994326e+01 1.08036661e+01 1.11489143e+01 1.30838032e+01
    1.13809252e+01 1.03663673e+01 1.25588799e+01 1.23669710e+01
    1.12607155e+01 1.14964190e+01 1.22565975e+01 9.67665577e+00
    9.62375259e+00 1.02514210e+01 1.00879002e+01 1.04402523e+01
    9.95886803e+00 9.76911545e+00 1.20099621e+01 1.27745934e+01
    1.07535553e+01 1.12411156e+01 1.26172991e+01 1.29818058e+01
    1.42287588e+01 1.17635889e+01 1.20698957e+01 1.28688669e+01
    1.30550385e+01 1.36047907e+01 1.27145567e+01 1.32836065e+01
    1.35778017e+01 1.29710340e+01 1.30419140e+01 1.15037985e+01
    5.99056816e+00 6.68441820e+00 8.96484566e+00 1.15366383e+01
    1.20040493e+01 1.03601217e+01 1.09464483e+01 1.16297197e+01
    1.30806255e+01 1.09702215e+01 1.11726818e+01 1.11452150e+01
    1.17393808e+01 1.12013426e+01 1.25820904e+01 1.30601311e+01
    1.25860777e+01 1.28563614e+01 1.24287682e+01 1.35995207e+01
    1.32633648e+01 1.26408024e+01 1.19131775e+01 1.25048723e+01
    1.33223228e+01 1.31378660e+01 1.25959339e+01 1.24579678e+01
    1.19924421e+01 1.24871645e+01 1.13838644e+01 1.06094847e+01
    1.08764009e+01 1.14987411e+01 1.12707138e+01 1.13396120e+01
    1.19494915e+01 1.13567047e+01 1.23374052e+01 1.25517979e+01
    1.06509809e+01 9.67422676e+00 1.07916584e+01 1.10701637e+01
    9.80504704e+00 1.15158682e+01 1.08828163e+01 1.15405502e+01
    1.16645536e+01 1.17849646e+01 1.30588264e+01 1.17357693e+01
    1.32490940e+01 1.18944864e+01 1.10202875e+01 1.16045418e+01
    1.12734785e+01 1.20127611e+01 1.08176861e+01 1.20029821e+01
    1.24009953e+01 1.15436029e+01 1.35777893e+01 1.35949183e+01
    1.30746536e+01 1.30459146e+01 1.36006317e+01 1.32842178e+01
    1.32746687e+01 1.30228090e+01 1.12707787e+01 1.14025707e+01
    1.29183359e+01 1.07228928e+01 1.16570311e+01 1.13015556e+01
    1.19733181e+01 1.10975208e+01 1.12229309e+01 1.06776028e+01
    1.20574102e+01 1.24230852e+01 1.24308128e+01 1.16516676e+01
    1.10507298e+01 1.26774549e+01 1.13811264e+01 1.03516626e+01
    1.20399427e+01 1.11215887e+01 1.13020430e+01 1.23573647e+01
    1.24946909e+01 1.17220621e+01 1.23896532e+01 1.12169790e+01
    1.23295727e+01 1.22148247e+01 1.15979052e+01 1.12045088e+01
    1.27698898e+01 1.12606602e+01 1.16511841e+01 1.04375772e+01
    1.16837692e+01 1.19073153e+01 1.22306309e+01 1.02363224e+01
    1.21250191e+01 1.24827538e+01 1.27788553e+01 1.29759426e+01
    1.23928776e+01 1.10692978e+01 1.11901731e+01 1.05812864e+01
    1.06224222e+01 1.06949911e+01 1.03435087e+01 1.00633364e+01
    1.15304146e+01 9.76311111e+00 9.98693275e+00 1.20199995e+01
    1.11802216e+01 1.03648491e+01 1.15366755e+01 1.03354025e+01
    9.93219948e+00 1.18766174e+01 1.21370792e+01 1.04032154e+01
    9.62253284e+00 1.16417484e+01 1.12374430e+01 1.21185932e+01
    1.02109966e+01 1.00478010e+01 1.13044348e+01 1.12003460e+01
    9.96214581e+00 1.06980629e+01 1.01536455e+01 1.24037962e+01
    1.17288408e+01 1.02601204e+01 1.17950611e+01 1.24728346e+01
    1.05885201e+01 1.12157869e+01 9.20545578e+00 9.18166924e+00
    9.90310097e+00 9.34998417e+00 9.62301159e+00 1.05756741e+01
    1.19364233e+01 1.13577394e+01 1.14368734e+01 1.29045811e+01
    1.29903936e+01 1.33117943e+01 1.19278641e+01 1.25217743e+01
    1.06190414e+01 1.23185673e+01 1.32409983e+01 1.23783293e+01
    1.19642649e+01 1.23635206e+01 1.36243162e+01 1.32789946e+01
    1.44323854e+01 1.28689775e+01 1.22409754e+01 1.28843460e+01
    1.28367996e+01 1.33783369e+01 1.29178286e+01 1.23621140e+01
    1.26673107e+01 1.28209009e+01 1.24740257e+01 1.12453079e+01
    1.14895658e+01 1.09949560e+01 1.02304945e+01 1.08952866e+01
    1.13471689e+01 1.01074276e+01 1.06765518e+01 1.16552486e+01
    1.07014704e+01 1.03793707e+01 1.29321375e+01 1.14784737e+01
    1.06218128e+01 1.10656366e+01 1.14491272e+01 9.54637814e+00
    1.08271170e+01 1.03244505e+01 1.00942698e+01 1.04327536e+01
    1.14893188e+01 1.11945047e+01 1.21293697e+01 1.24884367e+01
    1.18285780e+01 1.24412394e+01 1.42479248e+01 1.36058216e+01
    1.26405096e+01 1.35612211e+01 1.24448204e+01 1.08402071e+01
    1.27296486e+01 1.13512001e+01 1.21341515e+01 1.19789171e+01
    1.25415983e+01 1.11754446e+01 1.22485619e+01 1.23302574e+01
    1.09772968e+01 9.45273781e+00 9.89020157e+00 9.78660011e+00
    1.12947741e+01 9.62173080e+00 9.94325638e+00 9.86931992e+00
    1.26977348e+01 1.16396093e+01 1.17659283e+01 1.14222183e+01
    1.17452774e+01 1.30371733e+01 1.24528465e+01 1.13635769e+01
    1.07414789e+01 1.15536861e+01 1.29441528e+01 1.28738880e+01
    1.21888857e+01 1.29617968e+01 1.40202150e+01 1.09640741e+01
    1.25811768e+01 1.27538853e+01 6.78572035e+00 6.73076773e+00
    9.02771568e+00 1.15013866e+01 1.21263447e+01 1.10357113e+01
    1.17806692e+01 1.25963898e+01 1.17170086e+01 1.22572479e+01
    1.22217207e+01 1.06044664e+01 1.08916197e+01 1.15753069e+01
    1.09609213e+01 1.15069942e+01 1.07432375e+01 1.20406141e+01
    1.27062235e+01 1.24842472e+01 1.41211176e+01 1.27629337e+01
    1.23877563e+01 1.28949776e+01 1.40595770e+01 1.30124693e+01
    1.22407179e+01 1.15344305e+01 1.33811226e+01 1.21875515e+01
    1.28682652e+01 1.24337120e+01 1.29945469e+01 1.26745987e+01
    1.28852787e+01 1.25949860e+01 1.13956585e+01 1.15835218e+01
    1.23898525e+01 1.20425177e+01 1.13378067e+01 1.06245565e+01
    1.19306097e+01 1.05935335e+01 1.20117111e+01 1.16029701e+01
    1.03867426e+01 1.08309259e+01 1.11564693e+01 1.15444489e+01
    1.23734217e+01 1.22227478e+01 1.21177654e+01 1.16525221e+01
    1.19472218e+01 1.17321453e+01 1.09397221e+01 1.17510834e+01
    1.06604195e+01 1.16123428e+01 1.23792086e+01 1.05479908e+01
    1.20425520e+01 1.34637661e+01 1.29145527e+01 1.31180115e+01
    1.20519209e+01 1.36077890e+01 1.31438494e+01 1.24367371e+01
    1.34135647e+01 1.29908485e+01 1.21292734e+01 1.30523739e+01
    1.33153191e+01 1.24367352e+01 1.07467699e+01 1.39974289e+01
    1.08741732e+01 1.08343754e+01 1.28888779e+01 1.09212198e+01
    1.01285200e+01 1.14935875e+01 1.03464108e+01 1.07043715e+01
    1.16721659e+01 1.17444000e+01 1.25120363e+01 1.19752035e+01
    1.30240288e+01 1.27638969e+01 1.28596172e+01 1.44493494e+01
    1.27221832e+01 1.27586946e+01 1.34036312e+01 1.12742996e+01
    1.14791842e+01 1.14054136e+01 1.21060295e+01 1.11160393e+01
    1.18303995e+01 1.13991117e+01 1.06443214e+01 1.31484890e+01
    1.33765459e+01 1.17586193e+01 1.23463545e+01 1.24503593e+01
    1.13667507e+01 1.20597906e+01 1.08798409e+01 1.02217836e+01
    1.06503325e+01 1.04444942e+01 1.00258446e+01 9.42595673e+00
    1.07279844e+01 1.06102266e+01 1.16087065e+01 1.07894735e+01
    1.16439457e+01 1.17851839e+01 1.26112356e+01 1.28890886e+01
    1.11184416e+01 1.09934063e+01 1.12600622e+01 1.19125299e+01
    1.16758690e+01 1.12567120e+01 1.01687031e+01 1.10802870e+01
    1.13617401e+01 1.09376173e+01 9.98783684e+00 8.91941261e+00
    1.04728155e+01 1.14241333e+01 1.01692352e+01 1.02248421e+01
    1.07895079e+01 1.23267660e+01 1.25852976e+01 1.05440083e+01
    1.07974596e+01 1.20795155e+01 1.11069918e+01 1.05073166e+01
    8.87333298e+00 8.98821926e+00 9.79306602e+00 1.03694563e+01
    9.28457355e+00 9.45806980e+00 8.63667774e+00 1.19248028e+01
    1.22699528e+01 1.09941559e+01 1.27279787e+01 1.24750509e+01
    1.18068066e+01 1.15209398e+01 1.04644070e+01 1.18438234e+01
    1.16507044e+01 1.08711700e+01 1.18226652e+01 1.20329514e+01
    1.12475824e+01 1.29446583e+01 1.30812759e+01 1.23113556e+01
    1.21025047e+01 1.39000711e+01 1.31758251e+01 1.38948555e+01
    1.28593063e+01 1.24284325e+01 1.42243738e+01 1.27832727e+01
    1.23646584e+01 1.36076775e+01 1.20387659e+01 1.21825132e+01
    1.20138693e+01 1.16634417e+01 1.10745115e+01 1.14265156e+01
    1.10961723e+01 1.12476959e+01 1.24351273e+01 1.15404978e+01
    1.19512520e+01 1.29398746e+01 1.09843483e+01 1.11853085e+01
    1.12084713e+01 1.07501488e+01 1.18412828e+01 1.02001610e+01
    1.18191862e+01 1.18011656e+01 9.45354080e+00 1.20932140e+01
    1.38475456e+01 1.21446552e+01 1.23414993e+01 1.37700968e+01
    1.26367989e+01 1.34380636e+01 1.28751688e+01 1.24582596e+01
    1.24633198e+01 1.16715136e+01 1.26551189e+01 1.20267296e+01
    1.26507912e+01 1.27277145e+01 1.21601782e+01 1.05158548e+01
    1.22100267e+01 1.17543621e+01 1.08703070e+01 1.03887062e+01
    9.13648987e+00 9.84260654e+00 1.00285912e+01 8.10246658e+00
    8.96710300e+00 1.05100584e+01 1.10824947e+01 1.05637188e+01
    1.17887306e+01 1.16446877e+01 1.22907457e+01 1.40356979e+01
    1.23312073e+01 1.21120453e+01 1.15110626e+01 1.21350298e+01
    1.27921257e+01 1.26071110e+01 1.03545218e+01 1.33081989e+01
    1.32106552e+01 1.22642136e+01 1.27698593e+01 1.29501343e+01
    8.11299801e+00 8.58505249e+00 1.06306343e+01 1.25044861e+01
    1.32224588e+01 1.28919630e+01 1.24459820e+01 1.30631771e+01
    1.05293293e+01 1.28829021e+01 1.39021358e+01 8.99876881e+00
    1.13004932e+01 1.17174988e+01 1.07764540e+01 1.31183529e+01
    1.20578384e+01 1.19670439e+01 1.19656706e+01 1.19770403e+01
    1.38343420e+01 1.29692802e+01 1.15239429e+01 1.29581947e+01
    1.32930164e+01 1.19927235e+01 1.31466646e+01 1.16331444e+01
    1.21492662e+01 1.36098700e+01 1.22970924e+01 1.17167559e+01
    1.23254023e+01 1.37395515e+01 1.33681164e+01 1.29067287e+01
    1.28251333e+01 1.17565422e+01 1.26315117e+01 1.18912725e+01
    1.23422661e+01 1.12139673e+01 1.12724104e+01 1.19391022e+01
    1.10789375e+01 1.17403011e+01 1.06110983e+01 1.01177368e+01
    9.67959309e+00 1.06953106e+01 1.03924036e+01 1.06089659e+01
    1.15907621e+01 1.06931715e+01 1.15079603e+01 1.27900677e+01
    1.06776466e+01 1.15699100e+01 1.14457130e+01 1.14331398e+01
    1.19086132e+01 1.19622116e+01 1.35461473e+01 1.27936802e+01
    1.37995329e+01 1.33316278e+01 1.23897743e+01 1.28309088e+01
    1.45150719e+01 1.12970753e+01 1.28964062e+01 1.20242510e+01
    1.14027967e+01 1.37058849e+01 1.25228271e+01 1.24334650e+01
    1.24741497e+01 1.09957199e+01 1.25133200e+01 1.22606487e+01
    1.12354040e+01 1.09586763e+01 1.23539438e+01 1.18389692e+01
    1.09868450e+01 1.18333473e+01 1.25149870e+01 1.09413881e+01
    1.04762344e+01 1.15151606e+01 1.21017580e+01 1.25354261e+01
    1.11142521e+01 1.25670576e+01 1.25173969e+01 1.27562389e+01
    1.22880125e+01 1.21015539e+01 1.29584122e+01 1.32548504e+01
    1.24751129e+01 1.28975143e+01 1.14079847e+01 1.21116514e+01
    1.09760761e+01 1.10323286e+01 1.16404810e+01 1.16810656e+01
    1.13843803e+01 1.15085821e+01 1.11917772e+01 1.10313129e+01
    1.25025597e+01 9.35732746e+00 9.60781193e+00 1.10516224e+01
    9.58225822e+00 1.00528469e+01 1.05494881e+01 1.08132715e+01
    1.13558407e+01 1.13735418e+01 1.23880272e+01 1.24793777e+01
    1.25322056e+01 1.27962961e+01 1.13089695e+01 1.15905371e+01
    1.13206816e+01 1.10586395e+01 1.10801382e+01 1.11028061e+01
    1.18830853e+01 9.86201954e+00 1.06478367e+01 1.08287964e+01
    9.97308826e+00 9.80379486e+00 1.09345608e+01 1.03604479e+01
    1.05207272e+01 1.01760921e+01 1.10402145e+01 1.24420166e+01
    1.16425886e+01 1.06738625e+01 1.01969280e+01 1.01285410e+01
    9.86691666e+00 1.11043787e+01 9.69582844e+00 7.86672306e+00
    9.87136173e+00 1.04521465e+01 9.59494781e+00 1.03152075e+01
    1.17840614e+01 1.12574177e+01 1.14715223e+01 1.33919468e+01
    1.14754505e+01 1.14052572e+01 1.17786303e+01 1.14074039e+01
    9.87697315e+00 1.10155458e+01 1.17102833e+01 1.02380123e+01
    1.22695293e+01 1.14467058e+01 1.19229441e+01 1.38681374e+01
    1.29916630e+01 1.25268660e+01 1.17915125e+01 1.23183079e+01
    1.25993462e+01 1.33485966e+01 1.38596392e+01 1.27025909e+01
    1.43287458e+01 1.27249832e+01 1.28074608e+01 1.26866693e+01
    1.24055367e+01 1.07095108e+01 1.19887209e+01 1.10618715e+01
    1.17512245e+01 1.07366953e+01 1.14042578e+01 1.19749670e+01
    1.13121729e+01 1.22241974e+01 1.28665781e+01 1.17804804e+01
    1.15457048e+01 1.14107533e+01 1.08862705e+01 1.04109144e+01
    1.00707645e+01 1.02506542e+01 1.04248238e+01 1.01188469e+01
    9.97223091e+00 1.29425068e+01 1.25700970e+01 1.17665091e+01
    1.22697086e+01 1.27862034e+01 1.27350903e+01 1.30476503e+01
    1.25914154e+01 1.15729027e+01 1.25524607e+01 1.05305338e+01
    1.30496397e+01 1.18104391e+01 1.16047688e+01 1.23522644e+01
    1.24496508e+01 1.04025679e+01 1.15905275e+01 1.14940844e+01
    1.08103638e+01 9.47512245e+00 9.80587387e+00 8.96567440e+00
    9.99103451e+00 9.07658005e+00 9.07801056e+00 1.05966473e+01
    1.01759024e+01 1.09051523e+01 1.10283070e+01 1.11096020e+01
    1.20497742e+01 1.25364485e+01 1.25388727e+01 1.18506222e+01
    1.19767256e+01 1.02026272e+01 1.28056993e+01 1.21515427e+01
    1.16059809e+01 1.30397711e+01 1.16881666e+01 1.27259722e+01
    1.30329037e+01 1.27281561e+01 7.65378714e+00 8.79924297e+00
    1.03100615e+01 1.41587534e+01 1.35967798e+01 1.37014513e+01
    1.15748653e+01 1.34746475e+01 1.27211161e+01 1.18185759e+01
    1.34858713e+01 1.12048798e+01 1.06852674e+01 1.22902536e+01
    1.15020952e+01 1.12634602e+01 1.22532902e+01 1.13253241e+01
    1.27641220e+01 1.21247206e+01 1.31596270e+01 1.28195152e+01
    1.06410503e+01 1.19241085e+01 1.31299534e+01 1.14725533e+01
    1.32177162e+01 1.18206720e+01 1.31589804e+01 1.29771280e+01
    1.17230597e+01 1.25320415e+01 1.31609650e+01 1.29415417e+01
    1.33731365e+01 1.26533957e+01 1.29404011e+01 1.44285641e+01
    1.33790789e+01 1.24550838e+01 1.23952713e+01 1.19193926e+01
    1.29687223e+01 1.15070496e+01 1.10287046e+01 1.20205994e+01
    1.07039108e+01 1.07599878e+01 9.64179325e+00 9.31600761e+00
    1.06584721e+01 1.02083120e+01 1.09252977e+01 1.05150843e+01
    1.13456879e+01 1.17632837e+01 1.18304148e+01 1.15574446e+01
    1.25582552e+01 1.09385281e+01 1.12805986e+01 1.29412270e+01
    1.29518995e+01 1.23595076e+01 1.28101978e+01 1.40467730e+01
    1.34315147e+01 1.40969162e+01 1.42931070e+01 1.34014616e+01
    1.23784637e+01 1.21848421e+01 1.20293159e+01 1.23111525e+01
    1.19264669e+01 1.18768854e+01 1.14788885e+01 1.17834282e+01
    1.20823803e+01 1.17582874e+01 1.22293100e+01 1.15149355e+01
    1.12942638e+01 1.14065886e+01 1.10852232e+01 1.17517586e+01
    1.12848921e+01 1.19818411e+01 1.22201462e+01 1.20957575e+01
    1.33456564e+01 1.31710777e+01 1.14594173e+01 1.13492594e+01
    1.18049049e+01 1.18572550e+01 1.08035545e+01 1.09888220e+01
    1.09853134e+01 1.16195574e+01 1.24723330e+01 1.35236006e+01
    1.22486248e+01 1.17186041e+01 1.29013319e+01 1.17348938e+01
    1.30452013e+01 1.21678019e+01 1.13087282e+01 1.18311710e+01
    1.18395596e+01 1.15779591e+01 1.02484541e+01 1.06916409e+01
    1.12259045e+01 9.85651398e+00 1.11128111e+01 1.09833851e+01
    9.68287086e+00 1.11820393e+01 1.08308239e+01 1.05065260e+01
    1.10284758e+01 1.10628195e+01 1.10104227e+01 1.19348326e+01
    1.16115341e+01 1.12920256e+01 1.20619526e+01 1.14998837e+01
    1.09977245e+01 1.07691011e+01 1.16710310e+01 1.07237501e+01
    1.11633329e+01 1.10191717e+01 1.03134604e+01 1.10775347e+01
    1.10911875e+01 1.18143940e+01 1.06283531e+01 1.19731455e+01
    1.15400019e+01 1.19709921e+01 1.09079876e+01 1.09882479e+01
    1.06228733e+01 1.07005768e+01 1.13397932e+01 1.05986538e+01
    1.05744057e+01 9.77404404e+00 9.88922977e+00 1.02581606e+01
    1.06848087e+01 1.13432426e+01 1.06865683e+01 1.17760925e+01
    1.24450121e+01 1.19822588e+01 1.24351454e+01 1.16904516e+01
    1.24938536e+01 1.12419243e+01 1.07800322e+01 1.15261660e+01
    1.17283592e+01 1.12863312e+01 1.25730362e+01 1.28582745e+01
    1.33913097e+01 1.39300985e+01 1.35500851e+01 1.31314297e+01
    1.34389820e+01 1.32245398e+01 1.29893866e+01 1.31872435e+01
    1.36717834e+01 1.24457722e+01 1.21121016e+01 1.18525267e+01
    1.23584166e+01 1.33096600e+01 1.23245583e+01 1.09161911e+01
    1.22947950e+01 1.12136154e+01 1.21108122e+01 1.21602983e+01
    1.10642948e+01 1.13747215e+01 1.12353849e+01 1.33282537e+01
    1.36208773e+01 1.19068584e+01 1.18551579e+01 1.31633358e+01
    1.24409094e+01 1.07893667e+01 9.99115372e+00 1.07757893e+01
    1.11978359e+01 1.04594870e+01 1.10071211e+01 1.07692308e+01
    1.19965715e+01 1.22590132e+01 1.25387955e+01 1.24183064e+01
    1.26621122e+01 1.20282793e+01 1.32827854e+01 1.27577448e+01
    1.13178682e+01 1.21866970e+01 1.39396009e+01 1.06801338e+01
    1.24675751e+01 1.37653971e+01 1.26999149e+01 1.24894629e+01
    1.17132320e+01 1.15081911e+01 1.23720341e+01 1.03903885e+01
    1.04727268e+01 1.04520283e+01 9.66531467e+00 9.64510727e+00
    9.76967430e+00 1.08171654e+01 1.07508535e+01 9.76784134e+00
    1.09115028e+01 1.12783689e+01 1.22533083e+01 1.17941170e+01
    1.11479559e+01 1.16283998e+01 1.14070883e+01 1.04089203e+01
    1.11111040e+01 1.06676168e+01 1.17869492e+01 1.16065378e+01
    1.15804262e+01 1.12178860e+01 1.31260395e+01 1.26919947e+01
    7.87472343e+00 9.42328167e+00 1.16422672e+01 1.26289730e+01
    1.35130424e+01 1.21263561e+01 1.31610336e+01 1.16139765e+01
    1.24818916e+01 1.20447416e+01 1.18541584e+01 1.14214563e+01
    1.03420267e+01 1.02293777e+01 1.05763760e+01 1.22117672e+01
    1.05740604e+01 1.03992510e+01 1.15819349e+01 1.18748837e+01
    1.21799154e+01 1.21548357e+01 1.10725708e+01 1.28684607e+01
    1.29055748e+01 1.22795773e+01 1.13744936e+01 1.19297123e+01
    1.33794336e+01 1.24939079e+01 1.21937523e+01 1.25870714e+01
    1.27319469e+01 1.30046673e+01 1.32521105e+01 1.27974577e+01
    1.33590431e+01 1.35103102e+01 1.21335354e+01 1.12519932e+01
    1.22288256e+01 1.24107294e+01 1.19759388e+01 1.03868628e+01
    9.83735561e+00 1.10264912e+01 1.19586439e+01 1.02432652e+01
    8.92014122e+00 1.03550854e+01 1.10248489e+01 9.04002094e+00
    1.02650414e+01 1.01641588e+01 9.88942242e+00 1.11957273e+01
    1.11113510e+01 1.15110989e+01 1.11940050e+01 1.15248642e+01
    1.11887197e+01 1.09029179e+01 1.26197567e+01 1.21122475e+01
    1.13288469e+01 1.20138340e+01 1.23534327e+01 1.32247906e+01
    1.31036415e+01 1.25623722e+01 1.21396379e+01 1.13348494e+01
    1.27651405e+01 1.16916742e+01 1.19142561e+01 1.05331411e+01
    1.15991421e+01 1.18860111e+01 1.16432056e+01 1.15844336e+01
    1.22895584e+01 1.16577187e+01 1.24245510e+01 1.14752283e+01
    1.16952190e+01 1.17459116e+01 1.00281153e+01 1.16890116e+01
    1.14743948e+01 1.08233356e+01 1.14429560e+01 1.30840178e+01
    1.20721397e+01 1.24469452e+01 1.30622625e+01 1.25430908e+01
    1.11867142e+01 1.10101824e+01 1.15984182e+01 1.09978380e+01
    1.12647276e+01 1.08583555e+01 1.14321547e+01 1.12222710e+01
    1.23150330e+01 1.20224333e+01 1.29618692e+01 1.14959259e+01
    1.24426842e+01 1.17554827e+01 1.24004364e+01 1.27105751e+01
    1.09346714e+01 1.11533966e+01 1.18486719e+01 1.08442621e+01
    9.86042404e+00 9.11102867e+00 1.08041067e+01 1.06511374e+01
    1.09801159e+01 1.11346369e+01 1.05468760e+01 1.15075321e+01
    1.16705990e+01 1.17513428e+01 1.15532532e+01 1.15923843e+01
    1.06244106e+01 1.13652248e+01 1.18324060e+01 1.22216396e+01
    1.04319744e+01 1.11712227e+01 1.09268255e+01 1.18436642e+01
    9.71130657e+00 1.10895119e+01 1.12571869e+01 1.08763428e+01
    1.02388783e+01 1.06698942e+01 1.20585442e+01 1.07450962e+01
    1.13928232e+01 1.08043365e+01 9.37912464e+00 9.71102810e+00
    1.02191801e+01 9.62976551e+00 1.07512693e+01 1.00674629e+01
    1.09139299e+01 1.14899254e+01 1.28437777e+01 1.04657583e+01
    1.13820620e+01 1.17314329e+01 1.23939095e+01 1.15043812e+01
    1.16970186e+01 1.05774403e+01 1.21408434e+01 1.05074139e+01
    1.04092884e+01 1.12212706e+01 1.00334225e+01 1.12817822e+01
    1.22180958e+01 1.16417646e+01 1.26746435e+01 1.30977869e+01
    1.35842018e+01 1.31315832e+01 1.34675198e+01 1.29509392e+01
    1.39507084e+01 1.31566877e+01 1.37934055e+01 1.31865873e+01
    1.33288298e+01 1.35552254e+01 1.19843884e+01 1.29669781e+01
    1.35266619e+01 1.16264496e+01 1.19284744e+01 1.21036320e+01
    1.24149485e+01 1.25602303e+01 1.25181637e+01 1.21893530e+01
    1.23358440e+01 1.16053543e+01 1.37483864e+01 1.29500399e+01
    1.10878506e+01 1.33701906e+01 1.33286562e+01 1.15293798e+01
    1.13920002e+01 1.07183046e+01 1.21490469e+01 1.14334602e+01
    1.16480398e+01 1.26724806e+01 1.20429459e+01 1.34119043e+01
    1.36176844e+01 1.30967255e+01 1.35485821e+01 1.21950769e+01
    1.30511503e+01 1.28798018e+01 1.06951599e+01 1.11972857e+01
    1.25431604e+01 1.20787220e+01 1.24180861e+01 1.27887726e+01
    1.24343414e+01 1.19926395e+01 1.25227833e+01 1.14398699e+01
    1.17639580e+01 1.07759161e+01 1.12478895e+01 1.08706741e+01
    1.10960236e+01 1.01321354e+01 1.05282393e+01 1.10406981e+01
    1.17789650e+01 1.06610994e+01 1.18388081e+01 1.08489122e+01
    1.39019070e+01 1.23155041e+01 1.27521658e+01 1.24111214e+01
    1.20155334e+01 1.18331280e+01 1.14831419e+01 1.15080538e+01
    1.03111258e+01 1.18581104e+01 1.22090034e+01 1.14895315e+01
    1.32605257e+01 1.33904305e+01 8.47608280e+00 8.83659077e+00
    1.21940603e+01 1.46421919e+01 1.38802757e+01 1.40989323e+01
    1.32364731e+01 1.24824657e+01 1.22951508e+01 1.20471172e+01
    1.22862024e+01 1.10678377e+01 1.16982908e+01 1.06232948e+01
    1.10853500e+01 1.27103510e+01 1.13511209e+01 1.05392084e+01
    1.05565681e+01 1.26538439e+01 1.34699802e+01 1.23758402e+01
    1.11416693e+01 1.25999613e+01 1.24883823e+01 1.36862869e+01
    1.18067150e+01 1.22663107e+01 1.24863987e+01 1.24868231e+01
    1.22678556e+01 1.28149252e+01 1.15922098e+01 1.29381418e+01
    1.28421545e+01 1.27655706e+01 1.19636517e+01 1.28140221e+01
    1.24670677e+01 1.14453917e+01 1.19530058e+01 1.28064251e+01
    1.17674065e+01 9.97058868e+00 1.05883808e+01 1.02562199e+01
    1.20019274e+01 1.00795546e+01 9.30162811e+00 1.07934475e+01
    9.74820709e+00 9.76979351e+00 9.98753548e+00 9.22350311e+00
    9.19410515e+00 1.06831675e+01 9.69752216e+00 1.04800863e+01
    1.11933355e+01 1.06879759e+01 1.18784733e+01 1.12812681e+01
    1.28103352e+01 1.29451275e+01 1.23479290e+01 1.23055563e+01
    1.11360102e+01 1.36391220e+01 1.41071787e+01 1.23139458e+01
    1.21038094e+01 1.26497507e+01 1.40352259e+01 1.33353434e+01
    1.19331503e+01 1.24702415e+01 1.17312260e+01 1.24212017e+01
    1.37554331e+01 1.02265797e+01 1.13933792e+01 1.26643991e+01
    1.21024294e+01 1.32715874e+01 1.10565634e+01 1.11449976e+01
    1.22009754e+01 1.25459633e+01 1.23256493e+01 1.14478827e+01
    1.19161663e+01 1.20016575e+01 1.19812012e+01 1.18913641e+01
    1.18730049e+01 1.11922913e+01 1.13991709e+01 1.13260250e+01
    1.17211218e+01 1.15056696e+01 1.24551830e+01 1.14225073e+01
    1.14564562e+01 1.13063183e+01 1.10955257e+01 1.06401138e+01
    1.16524315e+01 9.68300819e+00 1.01832409e+01 1.15497007e+01
    1.09573812e+01 1.09012070e+01 1.18994827e+01 9.20799446e+00
    1.22445450e+01 1.19691000e+01 1.09949102e+01 1.06045752e+01
    1.06278706e+01 1.12401848e+01 1.13183746e+01 1.16214209e+01
    1.02399483e+01 1.13009033e+01 1.34663000e+01 1.15001945e+01
    1.26000195e+01 1.21303272e+01 1.22810831e+01 1.13412247e+01
    1.17607584e+01 1.12185335e+01 1.10265360e+01 1.15110254e+01
    1.21907415e+01 1.10213861e+01 1.17402372e+01 1.28423367e+01
    1.28070478e+01 1.17200060e+01 1.31959591e+01 1.06610012e+01
    1.22072783e+01 1.19487486e+01 1.04301071e+01 1.01061115e+01
    9.51478577e+00 9.49991608e+00 1.01169758e+01 1.04235229e+01
    9.94661713e+00 8.84053707e+00 1.10117397e+01 1.17473211e+01
    1.23385429e+01 1.15959778e+01 1.13042898e+01 1.26839314e+01
    1.20621777e+01 1.21030531e+01 1.10876474e+01 1.27762623e+01
    1.12573280e+01 1.23025494e+01 1.11105461e+01 1.05387831e+01
    1.01555510e+01 1.29876671e+01 1.23539352e+01 1.13683834e+01
    1.20608950e+01 1.36759443e+01 1.38244791e+01 1.23693581e+01
    1.18234854e+01 1.39002361e+01 1.37571211e+01 1.45723486e+01
    1.29848576e+01 1.39246588e+01 1.27598190e+01 1.23841667e+01
    1.15440950e+01 1.24819059e+01 1.29052544e+01 1.16604271e+01
    1.12976265e+01 1.25645151e+01 1.28428907e+01 1.29466352e+01
    1.20492983e+01 1.10746098e+01 1.18873072e+01 1.24196978e+01
    1.28586321e+01 1.32956219e+01 1.20670729e+01 1.33391027e+01
    1.32086153e+01 1.20948477e+01 1.08571243e+01 1.13968649e+01
    1.22425804e+01 1.16362190e+01 1.15543785e+01 1.19821949e+01
    1.24621010e+01 1.23570290e+01 1.28549109e+01 1.28500547e+01
    1.27596054e+01 1.31827021e+01 1.16931000e+01 1.12613983e+01
    1.19626169e+01 1.23354378e+01 1.07135553e+01 1.16776686e+01
    1.28420134e+01 1.26360092e+01 1.18967018e+01 1.22337837e+01
    1.33520527e+01 1.13187151e+01 1.14552250e+01 1.17592010e+01
    1.13142662e+01 1.06452789e+01 9.68245888e+00 9.56990337e+00
    1.14703684e+01 1.05413485e+01 1.10019455e+01 1.09435921e+01
    1.21269331e+01 1.25388508e+01 1.20628958e+01 1.40914011e+01
    1.38792839e+01 1.34387875e+01 1.32169895e+01 1.27787962e+01
    1.20410156e+01 1.18118372e+01 1.11975021e+01 1.00225954e+01
    1.07494135e+01 1.12532415e+01 1.20845499e+01 1.22297802e+01
    7.31764078e+00 8.87541485e+00 1.06906710e+01 1.29294329e+01
    1.38487368e+01 1.25267477e+01 1.24273586e+01 1.26952333e+01
    1.15707273e+01 1.27975645e+01 1.27061644e+01 1.17826014e+01
    1.14862738e+01 1.17374849e+01 1.12443676e+01 1.22487516e+01
    1.15140905e+01 1.09637365e+01 1.07885017e+01 1.26746521e+01
    1.32703466e+01 1.15338802e+01 1.17109966e+01 1.30511656e+01
    1.29370832e+01 1.29434843e+01 1.15852518e+01 1.19887037e+01
    1.27129116e+01 1.22090197e+01 1.16410780e+01 1.23422861e+01
    1.25596228e+01 1.23796167e+01 1.21899147e+01 1.20020599e+01
    1.20533848e+01 1.25731592e+01 1.42936516e+01 1.17794991e+01
    1.16572905e+01 1.32407227e+01 1.10286493e+01 1.11476650e+01
    1.09928713e+01 9.44261837e+00 1.11793242e+01 9.47777462e+00
    7.89041233e+00 9.43005562e+00 1.05741234e+01 8.94058418e+00
    1.01036692e+01 9.63210678e+00 1.04745750e+01 1.10810919e+01
    1.09452477e+01 1.16044369e+01 1.16958494e+01 9.81722069e+00
    1.15462914e+01 1.21572409e+01 1.20424948e+01 1.19045620e+01
    1.17118359e+01 1.23798275e+01 1.24285917e+01 1.28826084e+01
    1.37027731e+01 1.17323370e+01 1.38687716e+01 1.16242657e+01
    1.25394497e+01 1.35550823e+01 1.20195818e+01 1.11104555e+01
    1.12071428e+01 1.26896257e+01 1.21399517e+01 1.09264803e+01
    1.08455992e+01 1.19814968e+01 1.15617085e+01 1.17547607e+01
    1.08187342e+01 1.09765282e+01 1.05938196e+01 1.08191557e+01
    1.09460812e+01 1.11718216e+01 1.05030499e+01 1.06594763e+01
    9.95529747e+00 1.15444880e+01 1.11479311e+01 1.05973434e+01
    9.76535130e+00 9.92330360e+00 1.08004932e+01 1.07630892e+01
    1.10724878e+01 1.16587992e+01 1.18983040e+01 1.24530821e+01
    1.05752573e+01 1.23363190e+01 1.30505886e+01 9.90644264e+00
    9.60523987e+00 1.05880718e+01 1.13627272e+01 1.15000486e+01
    1.13873501e+01 1.14324465e+01 1.31910887e+01 1.40936508e+01
    1.13662920e+01 1.12724724e+01 1.23701067e+01 1.09329920e+01
    1.13040037e+01 1.19523420e+01 1.08187199e+01 9.95668316e+00
    1.15417957e+01 1.19872570e+01 1.13513451e+01 1.18653564e+01
    1.15527897e+01 1.12979574e+01 1.15729513e+01 1.21605005e+01
    1.16722555e+01 1.14597664e+01 1.15199394e+01 1.18861151e+01
    1.26406565e+01 1.20081129e+01 1.25980148e+01 1.38820114e+01
    1.34215288e+01 1.19711609e+01 1.18256969e+01 1.18608093e+01
    1.17618895e+01 1.21228104e+01 9.30423355e+00 9.24799061e+00
    1.15126629e+01 1.05265465e+01 9.49137211e+00 9.80480385e+00
    9.76309967e+00 1.26462898e+01 1.20862999e+01 1.06224632e+01
    1.10445452e+01 1.17722778e+01 1.15250177e+01 1.16519442e+01
    1.11033802e+01 1.05779772e+01 1.12451134e+01 1.21201925e+01
    1.13340940e+01 1.07997007e+01 1.12054720e+01 1.16352768e+01
    1.19178638e+01 1.16850605e+01 1.13453522e+01 1.31522169e+01
    1.35840836e+01 1.30562725e+01 1.40990105e+01 1.35978680e+01
    1.36549788e+01 1.46613131e+01 1.34138107e+01 1.34406023e+01
    1.47445517e+01 1.20278444e+01 1.15097132e+01 1.30798531e+01
    1.08177576e+01 1.02739887e+01 1.17239761e+01 1.09268723e+01
    1.13006372e+01 1.28747339e+01 1.29813337e+01 1.24450245e+01
    1.38071556e+01 1.37228308e+01 1.29096031e+01 1.24404173e+01
    1.27503538e+01 1.31235094e+01 1.30243464e+01 1.18226490e+01
    1.26991501e+01 1.08543901e+01 1.19057980e+01 1.35437231e+01
    1.12840242e+01 1.13594494e+01 1.31411705e+01 1.27321482e+01
    1.34945040e+01 1.17216291e+01 1.17862978e+01 1.29623556e+01
    1.29118423e+01 1.06766720e+01 1.24281864e+01 1.28656206e+01
    1.22307978e+01 1.29473200e+01 1.42470741e+01 1.29953184e+01
    1.36954908e+01 1.33407402e+01 1.20495243e+01 1.29188309e+01
    1.32612429e+01 1.31864061e+01 1.22273169e+01 1.25463829e+01
    1.15173998e+01 1.14755316e+01 1.15819435e+01 1.19215908e+01
    1.15680933e+01 1.02308359e+01 1.28089123e+01 1.31218643e+01
    1.30487747e+01 1.39195147e+01 1.34447269e+01 1.31388321e+01
    1.32435875e+01 1.30807037e+01 1.23409157e+01 1.00810547e+01
    1.08415556e+01 1.01001911e+01 1.12645760e+01 1.17434540e+01
    1.19507904e+01 1.27650900e+01 7.74923134e+00 9.51945591e+00
    1.04000492e+01 1.42851353e+01 1.31482506e+01 1.20264864e+01
    1.23766184e+01 1.07641296e+01 1.08032942e+01 1.20381575e+01
    1.13642511e+01 1.15765257e+01 1.17342939e+01 1.07061653e+01
    1.19632750e+01 1.29397907e+01 1.15270424e+01 1.10990944e+01
    1.08876915e+01 1.24800911e+01 1.26140728e+01 1.34990721e+01
    1.20565758e+01 1.28844147e+01 1.38968983e+01 1.21946402e+01
    1.20811739e+01 1.25604467e+01 1.17587032e+01 1.29497433e+01
    1.23636475e+01 1.20669165e+01 1.32577362e+01 1.20700941e+01
    1.30311213e+01 1.28113928e+01 1.32306051e+01 1.32959051e+01
    1.14192839e+01 1.11433039e+01 1.25348349e+01 1.24199114e+01
    1.19783392e+01 1.10655937e+01 1.16167049e+01 1.13189583e+01
    1.13583717e+01 9.82068348e+00 9.33055687e+00 9.33407593e+00
    9.74605846e+00 8.96130848e+00 9.52170181e+00 8.68475914e+00
    1.04975538e+01 1.13824348e+01 1.16107607e+01 1.20026674e+01
    1.11583443e+01 1.04154539e+01 1.23950624e+01 1.18030605e+01
    1.21803589e+01 1.18164692e+01 1.02131166e+01 1.08354101e+01
    1.24254198e+01 1.17908306e+01 1.07161922e+01 1.15837460e+01
    1.23221550e+01 1.22056923e+01 1.27377691e+01 1.34049835e+01
    1.20928688e+01 1.18445797e+01 1.17851868e+01 1.23921156e+01
    1.24578781e+01 1.26547842e+01 1.17981138e+01 1.15328732e+01
    1.36959963e+01 1.38873882e+01 1.16421881e+01 1.21511164e+01
    1.10626764e+01 9.42838287e+00 1.12993641e+01 1.09679499e+01
    9.23219681e+00 9.91926193e+00 1.09595680e+01 1.07437344e+01
    1.17037086e+01 1.13619061e+01 9.67309093e+00 1.05336266e+01
    1.07322836e+01 1.10208387e+01 1.13602552e+01 1.13709002e+01
    1.13613024e+01 1.22281122e+01 1.23504009e+01 1.26727953e+01
    1.24729757e+01 1.13211250e+01 1.11552048e+01 1.21716671e+01
    1.19848852e+01 1.08396626e+01 1.10437689e+01 1.04353924e+01
    1.16311455e+01 1.27259979e+01 1.17085314e+01 1.06158714e+01
    1.20806799e+01 1.21516218e+01 1.14783239e+01 1.12876129e+01
    1.13153763e+01 1.03823223e+01 9.68341827e+00 1.17579126e+01
    1.27871199e+01 1.11316385e+01 1.12496929e+01 1.21759930e+01
    1.13547707e+01 1.10966864e+01 1.22828245e+01 1.10146933e+01
    1.11122532e+01 1.17140579e+01 1.24387999e+01 1.21749983e+01
    1.23361044e+01 1.28870487e+01 1.23029900e+01 1.31688786e+01
    1.09507818e+01 1.16743279e+01 1.09488611e+01 1.04208012e+01
    8.65238857e+00 9.31560898e+00 1.08294554e+01 1.07158689e+01
    9.78955173e+00 9.72785759e+00 1.04646749e+01 1.23521757e+01
    1.20305099e+01 1.19757614e+01 1.24775801e+01 1.13599348e+01
    1.12476597e+01 1.28341179e+01 1.13033676e+01 1.08082523e+01
    1.15439692e+01 1.06897278e+01 1.18260670e+01 1.13223467e+01
    1.16127224e+01 1.13797846e+01 1.11176128e+01 1.16465893e+01
    1.12959146e+01 1.17597504e+01 1.07819090e+01 1.35083885e+01
    1.29254904e+01 1.33318911e+01 1.46994705e+01 1.44146252e+01
    1.50759478e+01 1.38335466e+01 1.37306061e+01 1.20359783e+01
    1.18069925e+01 1.22741375e+01 1.11390295e+01 1.04942503e+01
    1.14100075e+01 1.11094761e+01 1.17662945e+01 1.16829424e+01
    1.17987099e+01 1.25179644e+01 1.27490034e+01 1.26968489e+01
    1.34441023e+01 1.28491545e+01 1.37889576e+01 1.42893744e+01
    1.34987717e+01 1.27139959e+01 1.26618137e+01 1.23545504e+01
    1.29343452e+01 1.35898380e+01 1.42345409e+01 1.36681547e+01
    1.37174625e+01 1.47499037e+01 1.48841133e+01 1.42076368e+01
    1.30306988e+01 1.27486582e+01 1.34302759e+01 1.21150990e+01
    1.21028271e+01 1.12955742e+01 1.22113190e+01 1.30888577e+01
    1.12129431e+01 1.27973442e+01 1.30836849e+01 1.28750906e+01
    1.15711861e+01 1.15784092e+01 1.21387434e+01 1.15699615e+01
    1.14378681e+01 1.10795612e+01 1.12317572e+01 1.21684532e+01
    1.20778084e+01 1.22752218e+01 1.13398561e+01 1.17199469e+01
    1.26745367e+01 1.14074574e+01 1.27530146e+01 1.36188097e+01
    1.19349041e+01 1.26994400e+01 1.31998072e+01 1.11950083e+01
    1.26451969e+01 1.11354589e+01 1.01076107e+01 1.06973400e+01
    1.05640278e+01 1.18743095e+01 1.17674446e+01 1.17745447e+01
    6.12500143e+00 8.49769211e+00 1.10266886e+01 1.23485489e+01
    1.22379847e+01 1.27973633e+01 1.27703438e+01 1.07396469e+01
    1.13870344e+01 1.19648371e+01 1.14632540e+01 1.27172394e+01
    1.14349813e+01 1.16191759e+01 1.31819363e+01 1.31912289e+01
    1.18842506e+01 1.08005037e+01 1.10233498e+01 1.16051388e+01
    1.16425066e+01 1.08457031e+01 1.17840128e+01 1.15908537e+01
    1.29889698e+01 1.30204668e+01 1.38649063e+01 1.26770487e+01
    1.22339306e+01 1.35759983e+01 1.21091127e+01 1.19159050e+01
    1.14553223e+01 1.12019320e+01 1.34243689e+01 1.25247231e+01
    1.19015293e+01 1.32840414e+01 1.15793371e+01 1.32071829e+01
    1.32246656e+01 1.17061701e+01 1.22881536e+01 1.12449570e+01
    1.01426525e+01 1.21164513e+01 1.12848368e+01 1.02534170e+01
    9.31484890e+00 9.22833633e+00 9.43021393e+00 8.90052414e+00
    8.24981213e+00 8.83024979e+00 8.97620678e+00 9.86772919e+00
    1.04591665e+01 1.16089306e+01 1.15577040e+01 1.21304874e+01
    1.20772886e+01 1.33579254e+01 1.35871353e+01 1.26008291e+01
    1.28083696e+01 1.24947739e+01 1.30975580e+01 1.41434565e+01
    1.29146748e+01 1.19297781e+01 1.20602760e+01 1.24113512e+01
    1.26030216e+01 1.23029032e+01 1.11307983e+01 1.21096649e+01
    1.12907915e+01 1.26886015e+01 1.25166426e+01 1.01893301e+01
    1.30279770e+01 1.15596542e+01 1.21725636e+01 1.31169043e+01
    1.10523024e+01 1.10404816e+01 1.20905104e+01 1.14244843e+01
    1.05337477e+01 1.06323938e+01 1.05621510e+01 1.03788233e+01
    1.06116276e+01 1.17211571e+01 1.03269958e+01 9.72263622e+00
    1.09961176e+01 1.12003717e+01 1.09730482e+01 1.12481823e+01
    1.10047293e+01 1.19345083e+01 1.21540337e+01 1.21369333e+01
    1.26165771e+01 1.22262726e+01 1.25194693e+01 1.18778830e+01
    1.10725222e+01 1.25599070e+01 1.21799984e+01 1.08721666e+01
    1.04026241e+01 1.08460350e+01 1.27471981e+01 1.22758474e+01
    1.20294552e+01 1.15105667e+01 1.12024431e+01 1.17897739e+01
    1.27982111e+01 1.05209255e+01 1.10332775e+01 9.60275459e+00
    1.07014265e+01 1.06716585e+01 1.10747871e+01 1.03076830e+01
    1.02756577e+01 1.18614473e+01 1.13857756e+01 1.07442055e+01
    1.17675228e+01 1.08039351e+01 1.21971016e+01 1.22620382e+01
    1.15351295e+01 1.29313593e+01 1.24044542e+01 1.30970201e+01
    1.26290646e+01 1.20975771e+01 1.13546677e+01 1.04991140e+01
    1.04514618e+01 1.04264259e+01 9.75189495e+00 9.77112389e+00
    1.07167950e+01 9.02427006e+00 8.99388695e+00 9.70511627e+00
    1.12740173e+01 1.19743528e+01 1.17470760e+01 1.28409786e+01
    1.26712570e+01 1.19303045e+01 1.27695713e+01 1.16149387e+01
    1.30307045e+01 1.23167295e+01 1.21022606e+01 1.26775742e+01
    1.28324289e+01 1.29809513e+01 1.20818586e+01 1.28540068e+01
    1.21990652e+01 1.15952940e+01 1.19632883e+01 1.08850737e+01
    1.25044680e+01 1.26233625e+01 1.25489626e+01 1.24973068e+01
    1.35369673e+01 1.32599936e+01 1.34574327e+01 1.25832558e+01
    1.27653275e+01 1.35734854e+01 1.16368504e+01 1.18330431e+01
    1.21722527e+01 1.22620363e+01 1.03202333e+01 1.10312405e+01
    1.13757706e+01 1.30493708e+01 1.11539078e+01 1.16219406e+01
    1.39662838e+01 1.26502962e+01 1.32205677e+01 1.25932417e+01
    1.23118076e+01 1.28688936e+01 1.34409122e+01 1.18571472e+01
    1.05747766e+01 1.19880266e+01 1.38006563e+01 1.32862635e+01
    1.29855423e+01 1.31458540e+01 1.31868525e+01 1.41349287e+01
    1.41978588e+01 1.32699356e+01 1.36538754e+01 1.24130726e+01
    1.23986645e+01 1.25806923e+01 1.20948811e+01 1.24583817e+01
    1.16696148e+01 1.21643496e+01 1.12786007e+01 1.25977974e+01
    1.36294413e+01 1.30027046e+01 1.17592773e+01 1.21156292e+01
    1.19760237e+01 1.28688068e+01 1.29058180e+01 1.32490387e+01
    1.08791485e+01 1.19947138e+01 1.38963604e+01 1.28647156e+01
    1.26312971e+01 1.22449350e+01 1.30324831e+01 1.32363653e+01
    1.44333000e+01 1.46289349e+01 1.40499296e+01 1.29954557e+01
    1.29600201e+01 1.23727894e+01 1.29000435e+01 1.09532328e+01
    1.04307928e+01 1.23200626e+01 1.09500170e+01 1.24111204e+01
    1.23905258e+01 1.29312143e+01 7.52724218e+00 8.26003742e+00
    1.00237789e+01 1.12263317e+01 1.18699007e+01 1.15568333e+01
    1.17265902e+01 1.09696484e+01 9.48290443e+00 1.13489666e+01
    1.17341471e+01 1.19119778e+01 1.22328300e+01 1.09753819e+01
    1.17235994e+01 1.25985222e+01 1.20278502e+01 1.13438368e+01
    1.09666166e+01 1.19416084e+01 1.31960859e+01 1.19266100e+01
    1.25036592e+01 1.37672920e+01 1.27246084e+01 1.31073389e+01
    1.19852018e+01 1.21234913e+01 1.23790884e+01 1.40402031e+01
    1.20074577e+01 1.18960247e+01 1.14147091e+01 1.12455454e+01
    1.16469259e+01 1.14554024e+01 1.02432852e+01 1.15745564e+01
    1.20122671e+01 1.08306236e+01 1.11597738e+01 1.18801889e+01
    1.23841476e+01 1.06071405e+01 1.12764139e+01 1.21469545e+01
    1.18935661e+01 1.10040550e+01 1.11587715e+01 1.08093328e+01
    1.04534073e+01 9.53590870e+00 9.42223740e+00 9.22512245e+00
    1.00160675e+01 1.13362503e+01 1.01938143e+01 1.20393915e+01
    1.23906107e+01 1.14547224e+01 1.28569632e+01 1.25803900e+01
    1.27013302e+01 1.27795010e+01 1.14224634e+01 1.07961493e+01
    1.22905655e+01 1.21956930e+01 1.08577976e+01 1.15884705e+01
    1.09535065e+01 1.17056074e+01 1.27402458e+01 1.20636177e+01
    1.08912497e+01 1.02626743e+01 1.08379869e+01 1.13439159e+01
    1.12075691e+01 1.02641258e+01 1.13665810e+01 1.22627468e+01
    1.20672054e+01 1.27566824e+01 1.17113876e+01 1.14092503e+01
    1.24540844e+01 1.08233051e+01 9.27137852e+00 1.04318151e+01
    1.05029449e+01 9.81478119e+00 1.05905542e+01 1.16335258e+01
    1.08561592e+01 1.08498840e+01 1.08200331e+01 1.04995699e+01
    1.17946043e+01 9.39640999e+00 1.03921642e+01 1.08046989e+01
    1.06504412e+01 1.24479475e+01 1.33708878e+01 1.17905664e+01
    1.26182661e+01 1.32085056e+01 1.16722918e+01 1.21284494e+01
    1.30451326e+01 1.25410376e+01 1.19638996e+01 1.09276047e+01
    1.21897449e+01 1.25316095e+01 1.07790880e+01 1.18707027e+01
    1.11586380e+01 1.16063051e+01 1.11210670e+01 1.18279209e+01
    1.12233019e+01 1.03796482e+01 1.00253105e+01 1.05794029e+01
    1.13856678e+01 1.02398615e+01 1.08037510e+01 1.17527924e+01
    1.21121454e+01 1.25797596e+01 1.19297218e+01 1.06648703e+01
    1.29787502e+01 1.28669939e+01 1.18049040e+01 1.35259342e+01
    1.22389431e+01 1.21427040e+01 1.24077196e+01 1.27939215e+01
    1.10210991e+01 1.11641865e+01 1.02702007e+01 1.00405769e+01
    1.01186829e+01 1.01833076e+01 1.05265026e+01 1.08120728e+01
    9.87222862e+00 9.20158863e+00 1.08914337e+01 1.18812466e+01
    1.07573433e+01 1.08788090e+01 1.21030684e+01 1.23367491e+01
    1.19102011e+01 1.28397007e+01 1.20192022e+01 1.25854254e+01
    1.30261269e+01 1.26678162e+01 1.36128044e+01 1.28448172e+01
    1.21891842e+01 1.32688751e+01 1.25076704e+01 1.15939026e+01
    1.11706829e+01 1.16958981e+01 1.10086355e+01 1.09828014e+01
    1.21434708e+01 1.36407995e+01 1.31894102e+01 1.39408970e+01
    1.42279530e+01 1.42906351e+01 1.35311365e+01 1.35915003e+01
    1.30479431e+01 1.14016294e+01 1.12555780e+01 1.18542604e+01
    1.17007408e+01 1.12956076e+01 1.23158159e+01 1.26877584e+01
    1.31641665e+01 1.34782505e+01 1.32435207e+01 1.31377306e+01
    1.35427446e+01 1.30184917e+01 1.20609369e+01 1.38381042e+01
    1.38986425e+01 1.25416708e+01 1.24823780e+01 1.16167202e+01
    1.45566902e+01 1.42877960e+01 1.32488794e+01 1.33917990e+01
    1.34036102e+01 1.37126045e+01 1.30157948e+01 1.21447983e+01
    1.22051811e+01 1.10980844e+01 1.03007698e+01 1.10946941e+01
    9.90947628e+00 1.08508987e+01 1.11974773e+01 1.21828156e+01
    1.07462072e+01 1.23851833e+01 1.26053305e+01 1.27825766e+01
    1.29707661e+01 1.27626572e+01 1.18735447e+01 1.41882534e+01
    1.31318827e+01 1.25642014e+01 1.34709702e+01 1.33927097e+01
    1.31385031e+01 1.37867785e+01 1.43362713e+01 1.28959179e+01
    1.34321184e+01 1.36100464e+01 1.45475349e+01 1.35449448e+01
    1.36363935e+01 1.30877571e+01 1.29307098e+01 1.35870857e+01
    1.30315075e+01 1.14308605e+01 1.06438007e+01 1.19450054e+01
    1.23919163e+01 1.18811598e+01 1.23424454e+01 1.15330114e+01
    7.46462059e+00 8.44132805e+00 9.60520840e+00 1.32269783e+01
    1.15249434e+01 1.11185999e+01 1.02801523e+01 1.03151531e+01
    9.89027405e+00 9.80326939e+00 1.08550234e+01 1.17892513e+01
    1.06227579e+01 1.19728975e+01 1.30743141e+01 1.16873608e+01
    1.18223667e+01 1.10338449e+01 1.09064798e+01 1.11091394e+01
    1.22003660e+01 1.22266674e+01 1.23040009e+01 1.31072187e+01
    1.32172270e+01 1.30656948e+01 1.41980705e+01 1.34710064e+01
    1.38586731e+01 1.32306042e+01 1.28144398e+01 1.16540194e+01
    1.04479532e+01 1.17796907e+01 1.16048431e+01 9.44869804e+00
    1.02245588e+01 1.11562700e+01 1.15090656e+01 1.03497314e+01
    1.07437477e+01 1.27850943e+01 1.16822968e+01 1.07895088e+01
    1.10251617e+01 1.06135244e+01 1.17073517e+01 1.20207930e+01
    9.67767239e+00 9.88375950e+00 1.05742655e+01 8.94996929e+00
    1.01144657e+01 9.78273869e+00 1.02807636e+01 1.11596651e+01
    1.13338213e+01 1.06109047e+01 1.24538727e+01 1.22751675e+01
    1.25434227e+01 1.39287567e+01 1.19804707e+01 1.20915060e+01
    1.23906574e+01 1.29734030e+01 1.27304468e+01 1.11417284e+01
    1.28729820e+01 1.09544792e+01 1.09640932e+01 1.21516676e+01
    1.32681637e+01 1.21759100e+01 1.16923237e+01 1.04170609e+01
    1.11905680e+01 1.15977879e+01 9.64645958e+00 1.10528774e+01
    1.16637611e+01 1.20029373e+01 1.26634302e+01 1.37429466e+01
    1.16957273e+01 1.13464413e+01 1.14181290e+01 1.08617868e+01
    9.88837910e+00 9.06099606e+00 1.04421778e+01 9.25533867e+00
    1.02811050e+01 1.15886087e+01 1.11758909e+01 1.15482712e+01
    1.02428226e+01 1.15212488e+01 1.30569773e+01 1.18333502e+01
    1.09432430e+01 1.11241350e+01 1.18934612e+01 1.30553083e+01
    1.31003189e+01 1.22912846e+01 1.26950140e+01 1.31989336e+01
    1.24708281e+01 1.28823814e+01 1.33903198e+01 1.10411854e+01
    9.73649120e+00 1.14919033e+01 1.09889126e+01 1.16462975e+01
    1.06120815e+01 1.21661158e+01 1.08975163e+01 1.09537973e+01
    1.15501823e+01 1.19345474e+01 1.18262596e+01 1.06893768e+01
    1.10418091e+01 1.20178585e+01 1.10184975e+01 1.13857021e+01
    1.22783461e+01 1.08694019e+01 1.25637369e+01 1.33020229e+01
    1.19422588e+01 1.19030428e+01 1.19547062e+01 1.33122988e+01
    1.28476849e+01 1.14471464e+01 1.27415648e+01 1.27911177e+01
    1.24927378e+01 1.18925915e+01 1.20032787e+01 1.12611160e+01
    1.06443815e+01 9.94905281e+00 1.06267920e+01 1.07047358e+01
    1.11271801e+01 1.03377123e+01 8.73886681e+00 9.43712902e+00
    1.03984594e+01 1.22930393e+01 1.14521074e+01 1.19624052e+01
    1.28432693e+01 1.27214422e+01 1.31183472e+01 1.36510048e+01
    1.21756163e+01 1.32528763e+01 1.23972359e+01 1.33767414e+01
    1.33020658e+01 1.19198217e+01 1.21843958e+01 1.24391613e+01
    1.20887613e+01 1.14728336e+01 1.03176250e+01 1.10332327e+01
    1.11742105e+01 1.12952061e+01 1.22539186e+01 1.31649361e+01
    1.28457851e+01 1.34498205e+01 1.28289423e+01 1.40511541e+01
    1.28117971e+01 1.24297819e+01 1.30616894e+01 1.11629982e+01
    1.13778448e+01 1.31246653e+01 1.13863392e+01 1.13282299e+01
    1.10740700e+01 1.19257345e+01 1.17168303e+01 1.42441883e+01
    1.25342960e+01 1.24234123e+01 1.28203764e+01 1.32957993e+01
    1.26310778e+01 1.20005503e+01 1.20666246e+01 1.21959267e+01
    1.08151817e+01 1.36442356e+01 1.38024969e+01 1.31945724e+01
    1.45322800e+01 1.29356222e+01 1.38860235e+01 1.25296488e+01
    1.29069929e+01 1.30736485e+01 1.22501612e+01 1.12798548e+01
    1.24820080e+01 1.11956577e+01 1.14459515e+01 1.19744644e+01
    1.09653645e+01 1.20446110e+01 1.08700752e+01 1.07891970e+01
    1.14098930e+01 1.33558054e+01 1.10053473e+01 1.17311544e+01
    1.10541754e+01 1.28553047e+01 1.23674374e+01 1.12816706e+01
    1.20857401e+01 1.20818005e+01 1.15538111e+01 1.36144733e+01
    1.28576670e+01 1.29022589e+01 1.22239895e+01 1.42090988e+01
    1.30974283e+01 1.35533094e+01 1.39696007e+01 1.30244217e+01
    1.21586161e+01 1.16506844e+01 1.10487595e+01 1.14570761e+01
    1.13873558e+01 1.05741816e+01 1.05638809e+01 1.27231359e+01
    1.21876688e+01 1.21155605e+01 6.45599413e+00 8.19085121e+00
    9.41961098e+00 1.20041513e+01 1.20915852e+01 1.11751671e+01
    1.23011160e+01 1.19906292e+01 1.05422506e+01 1.16754589e+01
    1.23589258e+01 1.18471832e+01 1.27636938e+01 1.29790821e+01
    1.23751144e+01 1.21009750e+01 1.30902672e+01 1.18354168e+01
    1.10166540e+01 1.20377674e+01 1.12411871e+01 1.14187346e+01
    1.19581566e+01 1.18505106e+01 1.23373137e+01 1.30174627e+01
    1.32219248e+01 1.19958773e+01 1.35448236e+01 1.34758081e+01
    1.28799400e+01 1.09867058e+01 1.18818598e+01 1.16755733e+01
    1.11014280e+01 1.02457476e+01 1.06738739e+01 9.87623310e+00
    1.07490511e+01 1.20462341e+01 1.11815004e+01 1.12031345e+01
    1.18687925e+01 1.16683197e+01 1.21834688e+01 1.04818430e+01
    1.17973251e+01 1.08146439e+01 9.94302082e+00 1.04338980e+01
    1.11858215e+01 9.72961330e+00 9.89239883e+00 1.11772032e+01
    1.02202272e+01 1.12890339e+01 1.15302505e+01 1.10200167e+01
    1.30939436e+01 1.27095823e+01 1.19980583e+01 1.40262203e+01
    1.23033695e+01 1.20004787e+01 1.28271284e+01 1.35962324e+01
    1.37270575e+01 1.20542173e+01 1.16368942e+01 1.11654072e+01
    1.22967634e+01 1.23385572e+01 1.19571724e+01 1.34913654e+01
    1.21027403e+01 1.21416893e+01 1.23950443e+01 1.27428789e+01
    1.13150826e+01 1.16247873e+01 1.09389153e+01 1.08550787e+01
    1.20460739e+01 1.14666414e+01 1.17520704e+01 1.19923801e+01
    1.13668318e+01 1.14896059e+01 1.09020996e+01 9.92880726e+00
    1.09512777e+01 1.10847378e+01 1.17932501e+01 1.12324114e+01
    1.22290869e+01 1.22373133e+01 1.12290897e+01 1.16280956e+01
    1.33181152e+01 1.20748262e+01 1.23217049e+01 1.09814272e+01
    1.38940258e+01 1.30342855e+01 1.32453289e+01 1.39592104e+01
    1.32226658e+01 1.26287165e+01 1.31926765e+01 1.35925121e+01
    1.15774021e+01 1.11837063e+01 1.01989641e+01 1.16873703e+01
    1.11422329e+01 1.07695417e+01 9.92605686e+00 1.15492706e+01
    1.22994461e+01 1.15451250e+01 1.19386711e+01 1.35931034e+01
    1.16775551e+01 1.06459608e+01 1.23679123e+01 1.18650560e+01
    1.13807631e+01 1.25989685e+01 1.22102985e+01 1.34321976e+01
    1.31112204e+01 1.15777779e+01 1.21226234e+01 1.24369020e+01
    1.02568188e+01 1.24833755e+01 1.23109503e+01 1.07582693e+01
    1.27739944e+01 1.15827141e+01 1.20800543e+01 1.31818523e+01
    1.13018246e+01 1.09060221e+01 1.11824913e+01 1.09421196e+01
    1.12122889e+01 1.19040680e+01 1.07061329e+01 1.10017414e+01
    1.07904978e+01 1.13316650e+01 1.01157942e+01 1.17637072e+01
    1.15090370e+01 1.17901545e+01 1.18676205e+01 1.29763021e+01
    1.21993341e+01 1.38386030e+01 1.21429291e+01 1.16929398e+01
    1.28583450e+01 1.40212250e+01 1.35357933e+01 1.26290483e+01
    1.21298351e+01 1.23113899e+01 1.31066666e+01 1.32456675e+01
    1.13149986e+01 1.09803677e+01 1.16254492e+01 1.32204084e+01
    1.17414074e+01 1.10027380e+01 1.35016594e+01 1.28577919e+01
    1.18133240e+01 1.26419697e+01 1.32890368e+01 1.33041315e+01
    1.18585491e+01 1.15498962e+01 1.19737549e+01 1.26214304e+01
    1.27489347e+01 1.07223148e+01 1.22703848e+01 1.26102219e+01
    1.22036133e+01 1.26236515e+01 1.30230122e+01 1.18843985e+01
    1.17812471e+01 1.40366373e+01 1.34273930e+01 1.23707914e+01
    1.33100433e+01 1.27402744e+01 1.23550434e+01 1.16319456e+01
    1.14136782e+01 1.39480133e+01 1.38405170e+01 1.06976404e+01
    1.34536886e+01 1.30073757e+01 1.09975634e+01 1.16107683e+01
    1.03769293e+01 1.11080055e+01 1.18641214e+01 1.03902178e+01
    1.17406406e+01 1.15183029e+01 1.15752964e+01 1.27338581e+01
    1.13223114e+01 1.09652205e+01 1.21755266e+01 1.23140306e+01
    1.08986731e+01 1.22063046e+01 1.06525917e+01 1.08751640e+01
    1.20083733e+01 1.14001408e+01 1.14912033e+01 1.24494934e+01
    1.26438112e+01 1.31727982e+01 1.35225401e+01 1.17838106e+01
    1.31781673e+01 1.35121098e+01 1.33795662e+01 1.40293999e+01
    1.25448961e+01 1.26254559e+01 1.32153444e+01 1.12820692e+01
    1.05595875e+01 1.22046595e+01 1.16716490e+01 9.35412407e+00
    1.11410990e+01 1.15684013e+01 1.00227489e+01 1.19483662e+01
    7.19540024e+00 8.85677719e+00 1.02327652e+01 1.18163757e+01
    1.15079269e+01 1.05143986e+01 1.11176405e+01 1.05336313e+01
    9.81649017e+00 1.10850801e+01 1.06168604e+01 1.08312836e+01
    1.21748457e+01 1.08276358e+01 1.15783520e+01 1.16913643e+01
    1.23343964e+01 1.20650644e+01 1.11263218e+01 1.06379480e+01
    1.13277111e+01 1.23781157e+01 1.22831984e+01 1.04032240e+01
    1.27277060e+01 1.13127413e+01 1.22650375e+01 1.29485493e+01
    1.25882397e+01 1.33490124e+01 1.20596399e+01 1.12393217e+01
    1.10250902e+01 1.10356865e+01 1.10921602e+01 9.74882698e+00
    9.22708321e+00 1.02192545e+01 9.91005707e+00 1.13412485e+01
    1.00759392e+01 1.04771576e+01 1.21774578e+01 1.08268108e+01
    1.17704449e+01 1.17736912e+01 1.03174276e+01 1.14809980e+01
    1.05797815e+01 1.04456072e+01 1.05436192e+01 9.78688431e+00
    1.04928045e+01 1.08492155e+01 1.17917776e+01 1.27434759e+01
    1.25761662e+01 1.23703175e+01 1.30743074e+01 1.35504265e+01
    1.29421253e+01 1.24597254e+01 1.32130928e+01 1.27156267e+01
    1.21086779e+01 1.20315046e+01 1.36926546e+01 1.27031298e+01
    1.02897148e+01 1.11537485e+01 1.10886459e+01 1.04209213e+01
    1.12223158e+01 1.07960815e+01 9.48965549e+00 1.08299751e+01
    9.84237289e+00 1.00678663e+01 1.11962595e+01 9.51548386e+00
    1.05408316e+01 1.05197382e+01 1.09378157e+01 1.16546726e+01
    1.14839258e+01 1.11294374e+01 1.12178307e+01 1.06085386e+01
    1.02860003e+01 1.01735058e+01 1.09009199e+01 1.11552296e+01
    1.16704597e+01 1.08111238e+01 1.15801764e+01 1.32291727e+01
    1.07988329e+01 1.19851332e+01 1.15979576e+01 1.16245289e+01
    1.27954540e+01 1.17540255e+01 1.21367178e+01 1.35566750e+01
    1.38059406e+01 1.31620388e+01 1.22275324e+01 1.36238070e+01
    1.37997303e+01 1.34175587e+01 1.18623953e+01 1.14050694e+01
    1.18869925e+01 9.84255028e+00 1.21273575e+01 1.09965878e+01
    1.07374763e+01 1.10570784e+01 1.27439928e+01 1.31734552e+01
    1.06633158e+01 1.14657993e+01 1.24634304e+01 1.08524160e+01
    1.08187399e+01 1.08426237e+01 1.13798637e+01 1.19365292e+01
    1.08519926e+01 1.24921932e+01 1.30058270e+01 1.13194695e+01
    1.16578913e+01 1.22257881e+01 1.23032207e+01 1.04223309e+01
    1.00766659e+01 1.07516851e+01 1.18590212e+01 9.38308525e+00
    1.16203823e+01 1.27839928e+01 1.03198862e+01 1.03449268e+01
    1.15201178e+01 1.10708437e+01 1.17768440e+01 1.23724804e+01
    1.22910709e+01 1.13039885e+01 1.09469471e+01 1.23608751e+01
    1.08933573e+01 1.05508280e+01 1.28931408e+01 1.29513950e+01
    1.24172974e+01 1.23725719e+01 1.34982233e+01 1.38463478e+01
    1.25440512e+01 1.23022385e+01 1.32049656e+01 1.14546204e+01
    1.28310232e+01 1.32873058e+01 1.14390745e+01 1.30564585e+01
    1.19465761e+01 1.25665588e+01 1.25476704e+01 1.06799965e+01
    1.06836329e+01 1.26099710e+01 1.17587166e+01 1.26292248e+01
    1.21536999e+01 1.33415346e+01 1.25052834e+01 1.33430643e+01
    1.34720364e+01 1.21642838e+01 1.23507528e+01 1.24430008e+01
    1.27586374e+01 1.30808783e+01 1.17811613e+01 1.18095207e+01
    1.12795582e+01 1.19556942e+01 1.20977888e+01 1.27628651e+01
    1.32584591e+01 1.24704456e+01 1.07906694e+01 1.38170710e+01
    1.22207670e+01 1.26019754e+01 1.18875723e+01 1.23593197e+01
    1.17323256e+01 1.25510750e+01 1.28721409e+01 1.28662395e+01
    1.35203505e+01 1.26686764e+01 1.04867725e+01 1.23148785e+01
    1.24188566e+01 1.13567486e+01 1.01909151e+01 1.12559814e+01
    1.13124275e+01 1.13061180e+01 1.11382656e+01 1.06625576e+01
    1.06006994e+01 1.18435373e+01 1.16455660e+01 1.11373167e+01
    1.08504372e+01 1.13986855e+01 1.00913801e+01 1.02621651e+01
    1.10517416e+01 1.08569231e+01 1.08867483e+01 1.22863226e+01
    1.20845051e+01 1.29340315e+01 1.28495722e+01 1.42303591e+01
    1.40921249e+01 1.40803318e+01 1.35776253e+01 1.28036880e+01
    1.25664940e+01 1.28564110e+01 1.17611618e+01 1.10643892e+01
    1.24611149e+01 1.07192430e+01 1.20080538e+01 1.13308907e+01
    1.12812557e+01 1.17724962e+01 1.18961859e+01 1.24157887e+01
    1.07190199e+01 1.12769432e+01 7.28186846e+00 7.76151562e+00
    1.11527176e+01 1.11226645e+01 1.31403065e+01 1.19874887e+01
    1.02855215e+01 1.10451031e+01 1.06984329e+01 1.02349386e+01
    1.11059704e+01 1.16181211e+01 1.12254925e+01 1.20310106e+01
    1.26419878e+01 1.24698219e+01 1.12772522e+01 1.09598627e+01
    1.11709633e+01 1.15256872e+01 1.19368095e+01 1.15571241e+01
    1.19560280e+01 1.13741188e+01 1.09029722e+01 1.18131523e+01
    1.24791412e+01 1.23908138e+01 1.12599316e+01 1.25761375e+01
    1.22508163e+01 1.13421154e+01 1.19502735e+01 1.00042286e+01
    1.06441536e+01 1.09195194e+01 8.96230793e+00 9.04159069e+00
    9.97417927e+00 1.05384445e+01 1.10365410e+01 1.22766695e+01
    1.09465771e+01 1.06028929e+01 1.30624228e+01 1.19250078e+01
    1.04424009e+01 1.20725965e+01 9.50673485e+00 1.08024187e+01
    1.08146563e+01 1.00545559e+01 9.98983860e+00 1.00019999e+01
    1.10127592e+01 1.12456493e+01 1.18809881e+01 1.16653767e+01
    1.32198334e+01 1.26804323e+01 1.23333855e+01 1.38808918e+01
    1.33863125e+01 1.23034887e+01 1.29232712e+01 1.38288536e+01
    1.37245817e+01 1.26882372e+01 1.24578972e+01 1.13575706e+01
    1.12172623e+01 1.23937922e+01 1.16410818e+01 1.03585930e+01
    1.12244539e+01 1.05996809e+01 1.10913239e+01 1.07867460e+01
    1.12193508e+01 1.08485994e+01 1.10652647e+01 1.23092003e+01
    1.18796968e+01 1.18351231e+01 1.20861692e+01 1.25439644e+01
    1.31712284e+01 1.14474859e+01 1.11823425e+01 1.14337196e+01
    1.21395931e+01 1.10932713e+01 1.11035528e+01 1.35918169e+01
    1.21034946e+01 1.18872471e+01 1.34762707e+01 1.27403345e+01
    1.30848608e+01 1.19438438e+01 1.22311373e+01 1.13174791e+01
    1.29430962e+01 1.17664804e+01 1.25722551e+01 1.30807390e+01
    1.31600981e+01 1.27634001e+01 1.36903467e+01 1.33486052e+01
    1.16490822e+01 1.09967995e+01 1.10439911e+01 1.05069904e+01
    1.14806585e+01 1.11610527e+01 1.02997875e+01 1.13187780e+01
    1.10947294e+01 1.15581665e+01 1.27012558e+01 1.18379068e+01
    1.11936750e+01 1.05903578e+01 1.18973169e+01 1.06329536e+01
    1.03048124e+01 1.26890020e+01 1.17721338e+01 1.11212025e+01
    1.41181765e+01 1.27204056e+01 1.16405077e+01 1.22402306e+01
    1.07276382e+01 1.11514378e+01 1.04917898e+01 1.10088139e+01
    1.06029196e+01 9.96584988e+00 1.20401964e+01 1.25857887e+01
    1.13259554e+01 1.17714167e+01 1.24528952e+01 1.08170433e+01
    1.22853928e+01 1.26897163e+01 1.24755392e+01 1.07440720e+01
    1.07785616e+01 1.29454842e+01 1.10740795e+01 1.17113600e+01
    1.20498562e+01 1.35415640e+01 1.35695868e+01 1.42166805e+01
    1.43002110e+01 1.45471458e+01 1.35751266e+01 1.37610331e+01
    1.19460335e+01 1.26072559e+01 1.16156387e+01 9.96542931e+00
    1.10196962e+01 1.17149487e+01 1.14442768e+01 1.16329794e+01
    1.19769592e+01 1.20567951e+01 1.27819843e+01 1.30323496e+01
    1.16750164e+01 1.29236288e+01 1.28044891e+01 1.21968336e+01
    1.25165825e+01 1.21319904e+01 1.38790941e+01 1.26158218e+01
    1.28954849e+01 1.21455946e+01 1.20824900e+01 1.19914207e+01
    1.26369152e+01 1.15372572e+01 1.19623585e+01 1.14111195e+01
    1.31607904e+01 1.20088005e+01 1.23098679e+01 1.15384302e+01
    1.22851028e+01 1.24671602e+01 1.39278421e+01 1.19670792e+01
    1.27370110e+01 1.25794067e+01 1.24632645e+01 1.29874344e+01
    1.35928574e+01 1.21389875e+01 1.23462534e+01 1.36860476e+01
    1.08533201e+01 1.10479507e+01 1.23473997e+01 1.07356348e+01
    1.10139437e+01 1.00927639e+01 9.96109009e+00 1.19141006e+01
    1.14152403e+01 1.15009136e+01 1.02597208e+01 1.10073242e+01
    1.20246229e+01 1.08969584e+01 1.06369181e+01 1.07242508e+01
    1.00032072e+01 1.21053171e+01 9.69176102e+00 1.07877674e+01
    1.08224983e+01 1.12983656e+01 1.18068419e+01 1.09211435e+01
    1.32805157e+01 1.29874430e+01 1.31961861e+01 1.40731812e+01
    1.35400333e+01 1.24767580e+01 1.26238556e+01 1.39872255e+01
    1.29781847e+01 1.15192652e+01 1.10883694e+01 1.18270731e+01
    1.14646673e+01 1.12960405e+01 1.19357834e+01 1.05820522e+01
    1.12320242e+01 1.20181818e+01 1.13084383e+01 1.03010712e+01
    7.71842861e+00 7.72619009e+00 1.16033688e+01 1.22746496e+01
    1.00988140e+01 1.22055511e+01 1.05765114e+01 1.09597998e+01
    1.08283215e+01 9.00130367e+00 1.12858944e+01 1.25211411e+01
    1.14266558e+01 1.21371698e+01 1.19143858e+01 1.20586977e+01
    1.45297976e+01 1.20074568e+01 1.20574303e+01 1.13685637e+01
    1.18304749e+01 1.24553738e+01 1.00453215e+01 1.03260679e+01
    1.07072830e+01 1.14679213e+01 1.19172134e+01 1.15490637e+01
    1.20465155e+01 1.25703630e+01 1.19769020e+01 1.20248985e+01
    1.14076767e+01 9.88557053e+00 1.05535583e+01 1.03670654e+01
    9.09551525e+00 9.46592903e+00 9.99952221e+00 9.50203800e+00
    1.22073030e+01 1.18538628e+01 1.06635656e+01 1.16615572e+01
    1.24765024e+01 1.20891142e+01 1.28433504e+01 1.15324659e+01
    1.04887590e+01 1.12451849e+01 1.14999847e+01 8.94077015e+00
    1.07748957e+01 1.07163372e+01 1.10060349e+01 1.14595747e+01
    1.16023226e+01 1.16943474e+01 1.37709026e+01 1.23579512e+01
    1.19119244e+01 1.29359226e+01 1.37371607e+01 1.28449936e+01
    1.23380117e+01 1.24710674e+01 1.39167042e+01 1.29788818e+01
    1.13151417e+01 1.12806292e+01 1.10811520e+01 1.08261137e+01
    1.02549887e+01 1.04110909e+01 1.09435320e+01 9.99988556e+00
    1.06454515e+01 1.09093857e+01 1.08249130e+01 1.14602985e+01
    1.01062822e+01 1.16850309e+01 1.19739285e+01 9.86723328e+00
    1.06048288e+01 1.24990568e+01 1.10706625e+01 1.10347481e+01
    1.06939135e+01 1.11704006e+01 1.25874081e+01 1.25693607e+01
    1.29369993e+01 1.39149408e+01 1.41610832e+01 1.30605259e+01
    1.28131199e+01 1.30613117e+01 1.29221420e+01 1.20490942e+01
    1.06770191e+01 1.16271811e+01 1.28479557e+01 1.12674112e+01
    1.17951927e+01 1.18892145e+01 1.27198420e+01 1.24116859e+01
    1.28851156e+01 1.13410587e+01 1.26940641e+01 1.21429253e+01
    1.20719118e+01 1.20265923e+01 1.15416384e+01 1.09520369e+01
    1.06865034e+01 1.23906794e+01 1.11146622e+01 1.27704964e+01
    1.25618143e+01 1.19543839e+01 1.13917875e+01 1.19120102e+01
    1.06001091e+01 1.09609375e+01 9.98178005e+00 1.15959721e+01
    1.13976870e+01 1.22309790e+01 1.17205124e+01 1.20842943e+01
    1.21863728e+01 1.12355127e+01 9.82386208e+00 1.10303984e+01
    9.44262314e+00 8.35058594e+00 1.06253796e+01 9.33441162e+00
    1.08973618e+01 1.19967546e+01 1.25913639e+01 1.12681360e+01
    1.22660809e+01 1.22236185e+01 1.30736084e+01 1.40756235e+01
    1.24762726e+01 1.12857275e+01 1.21796665e+01 1.16966944e+01
    1.08085575e+01 1.29525967e+01 1.20944023e+01 1.17648125e+01
    1.37124910e+01 1.39360332e+01 1.40136833e+01 1.43646011e+01
    1.41870089e+01 1.18858595e+01 1.27335768e+01 1.31878233e+01
    1.09281359e+01 1.02516747e+01 1.11904497e+01 1.16039858e+01
    1.21699047e+01 1.17388525e+01 1.13906059e+01 1.19141216e+01
    1.26999578e+01 1.20175571e+01 1.16904907e+01 1.15270605e+01
    1.14923344e+01 1.10006084e+01 1.16593246e+01 1.03923607e+01
    1.20163851e+01 1.31013994e+01 1.23695211e+01 1.27060595e+01
    1.28188343e+01 1.33039894e+01 1.40580759e+01 1.20820112e+01
    1.13216600e+01 1.16948690e+01 1.26032286e+01 1.17594824e+01
    1.01793766e+01 1.18349829e+01 1.18674173e+01 1.20007639e+01
    1.21879339e+01 1.19507980e+01 1.23107109e+01 1.30841589e+01
    1.15680122e+01 1.25746593e+01 1.22571926e+01 1.28772154e+01
    1.22284660e+01 1.29029360e+01 1.08613243e+01 1.10115232e+01
    1.06084719e+01 1.01709700e+01 1.04627800e+01 8.41143608e+00
    9.92616272e+00 1.10147028e+01 1.12905617e+01 1.13452044e+01
    1.04932232e+01 1.24121885e+01 1.25622807e+01 1.16791458e+01
    1.17293186e+01 1.06412792e+01 1.06846285e+01 1.20522318e+01
    1.05224304e+01 1.16128778e+01 1.09178867e+01 1.17200556e+01
    1.24463081e+01 1.29026337e+01 1.24218884e+01 1.28075008e+01
    1.31583605e+01 1.30413160e+01 1.32279491e+01 1.23562412e+01
    1.22329388e+01 1.34220686e+01 1.32016592e+01 1.21132822e+01
    1.23235731e+01 1.19198074e+01 1.23710852e+01 1.28605299e+01
    1.10493641e+01 1.18734398e+01 1.08931055e+01 1.14599323e+01
    1.23383560e+01 1.05166616e+01 6.80063581e+00 8.55888462e+00
    1.08036528e+01 1.24485521e+01 1.11743612e+01 1.27233467e+01
    1.08139296e+01 1.15897408e+01 1.07991724e+01 1.00142279e+01
    1.05538759e+01 1.11845169e+01 1.09135418e+01 1.00184612e+01
    1.04096966e+01 1.14946709e+01 1.32856083e+01 1.18337173e+01
    1.07044153e+01 1.12954521e+01 1.17150259e+01 1.32674627e+01
    1.15932808e+01 9.80794048e+00 1.16268873e+01 1.11598644e+01
    1.18407297e+01 1.13137589e+01 1.19143991e+01 1.15466976e+01
    1.12111654e+01 1.26268101e+01 1.05719404e+01 1.02866859e+01
    1.08992376e+01 1.01095066e+01 8.91994667e+00 9.51274300e+00
    9.81120396e+00 1.02831821e+01 9.84693241e+00 1.10358486e+01
    1.08225765e+01 1.18895292e+01 1.12585144e+01 1.08174181e+01
    1.26454840e+01 1.10480499e+01 1.14736462e+01 1.17973747e+01
    1.12069626e+01 1.12465897e+01 1.13402090e+01 1.22952976e+01
    1.16266088e+01 1.14388132e+01 1.25145454e+01 1.22705612e+01
    1.32862883e+01 1.31274986e+01 1.19085379e+01 1.27224426e+01
    1.28660116e+01 1.15009251e+01 1.15470915e+01 1.10381899e+01
    1.06685753e+01 1.11607237e+01 1.09392109e+01 9.45983315e+00
    9.85306740e+00 1.01547527e+01 1.07384949e+01 1.03489008e+01
    9.67922306e+00 1.03701782e+01 1.01614561e+01 1.03044872e+01
    1.03100929e+01 1.10449495e+01 9.99436188e+00 1.05477085e+01
    1.13706522e+01 9.45475578e+00 1.07302713e+01 1.14301758e+01
    1.11097775e+01 1.08915300e+01 1.04403133e+01 1.06837282e+01
    1.18931742e+01 1.11005421e+01 1.17210445e+01 1.24494047e+01
    1.27561703e+01 1.30287495e+01 1.31962500e+01 1.24307489e+01
    1.45305433e+01 1.30983181e+01 1.26411142e+01 1.12921753e+01
    1.26401386e+01 1.16203508e+01 1.21603928e+01 1.25187016e+01
    1.06119652e+01 1.15765715e+01 1.28142786e+01 1.15607519e+01
    1.14139147e+01 1.17328510e+01 1.06768322e+01 1.20435781e+01
    1.26826887e+01 1.11246758e+01 1.15225916e+01 1.28955593e+01
    1.28919640e+01 1.27654428e+01 1.22483978e+01 1.06052513e+01
    1.18236465e+01 1.22461710e+01 1.10314865e+01 1.11079903e+01
    1.12612829e+01 1.26511507e+01 1.28769159e+01 1.22333956e+01
    1.24094601e+01 1.28270369e+01 1.29964380e+01 1.26365194e+01
    9.88650036e+00 1.07143211e+01 1.09060287e+01 8.52854538e+00
    1.09196596e+01 1.08432817e+01 1.13084841e+01 1.07822533e+01
    1.26272087e+01 1.25237007e+01 1.25755529e+01 1.35677233e+01
    1.26880341e+01 1.37955265e+01 1.50544834e+01 1.38728895e+01
    1.34191780e+01 1.34583015e+01 1.25034952e+01 1.20779448e+01
    1.31178112e+01 1.28760853e+01 1.19886703e+01 1.35248156e+01
    1.32286825e+01 1.37256689e+01 1.30911894e+01 1.21291780e+01
    1.28370266e+01 1.18807602e+01 1.14188032e+01 1.00991859e+01
    1.09440727e+01 1.10137863e+01 1.13333616e+01 1.22783165e+01
    1.19075603e+01 1.20618057e+01 1.25127382e+01 1.17036858e+01
    1.28066101e+01 1.09298096e+01 1.13290234e+01 1.06695738e+01
    1.07229652e+01 1.17788696e+01 1.08706684e+01 1.22272511e+01
    1.37742767e+01 1.25945778e+01 1.26437864e+01 1.15806904e+01
    1.23585548e+01 1.20939426e+01 1.15816879e+01 1.09212723e+01
    1.22825823e+01 1.10614376e+01 1.16084461e+01 1.05508041e+01
    1.13113241e+01 1.18808861e+01 1.23194590e+01 1.13018970e+01
    1.23111439e+01 1.18370352e+01 1.10558271e+01 1.22555399e+01
    1.37882748e+01 1.21816902e+01 1.35084743e+01 1.08956852e+01
    1.13200197e+01 1.20215244e+01 1.08631868e+01 1.20276470e+01
    1.08000526e+01 8.70366573e+00 1.02246647e+01 1.25536690e+01
    1.07999363e+01 1.10914106e+01 1.01249304e+01 1.26719513e+01
    1.21193533e+01 9.72988796e+00 1.25045357e+01 1.07065458e+01
    1.03700380e+01 1.24046545e+01 1.13751898e+01 1.03150206e+01
    1.25361814e+01 1.15729017e+01 1.22001858e+01 1.30468683e+01
    1.31440668e+01 1.29295750e+01 1.30569229e+01 1.27424374e+01
    1.17342472e+01 1.11743507e+01 1.13218822e+01 1.12843695e+01
    1.19051228e+01 1.10606699e+01 1.06244698e+01 1.07969427e+01
    1.20072803e+01 1.19758434e+01 1.07506762e+01 1.09135475e+01
    1.18265877e+01 1.07493925e+01 1.08502378e+01 1.17038412e+01</data></your_img>
</opencv_storage>
