<?xml version="1.0"?>
<opencv_storage>
<g>1.6100000000000001e+00</g>
<r>8</r>
<filter-type>0</filter-type>
<circular>0</circular>
<L2_diff>1.3989585723950506e+02</L2_diff>
<test_img type_id="opencv-matrix">
  <rows>128</rows>
  <cols>256</cols>
  <dt>f</dt>
  <data>
    3.12034607e-01 1.47027105e-01 4.54577893e-01 7.29576945e-01
    9.41719711e-01 6.55265570e-01 1.09791130e-01 7.30827868e-01
    9.61380601e-02 9.54307079e-01 1.74929023e-01 2.90473938e-01
    6.32874131e-01 6.49146795e-01 5.22142112e-01 8.03410232e-01
    2.18235403e-01 1.03217840e-01 2.11370200e-01 4.53032553e-02
    5.30938864e-01 2.67993510e-01 7.80267715e-01 5.57009101e-01
    8.96816671e-01 2.05165446e-01 4.80352402e-01 6.92551732e-01
    4.75576788e-01 2.29640275e-01 8.61998141e-01 2.23623693e-01
    4.68611598e-01 8.60298395e-01 6.53280854e-01 8.56045187e-01
    4.87458616e-01 3.46901715e-01 2.00023502e-01 5.94823480e-01
    2.88591981e-02 7.09080398e-02 2.37697035e-01 3.53323579e-01
    5.59496820e-01 9.50299859e-01 8.03259611e-01 1.16038918e-01
    3.14089477e-01 4.08847630e-01 7.08491683e-01 1.45383954e-01
    5.97451568e-01 2.53579050e-01 3.60343128e-01 3.66474718e-01
    4.16520804e-01 2.12888896e-01 3.22320759e-01 7.35235393e-01
    8.17519486e-01 4.41077948e-01 7.77874351e-01 8.18332016e-01
    1.96050107e-01 2.67617464e-01 4.04633701e-01 6.38275206e-01
    7.26120770e-01 4.73346025e-01 5.51478684e-01 7.22482264e-01
    1.97947145e-01 7.57158279e-01 7.41335452e-01 9.61750269e-01
    8.67085338e-01 7.33162165e-02 2.72910446e-01 7.02033341e-02
    5.85265219e-01 5.27629554e-02 6.10488951e-01 1.03511095e-01
    7.77895927e-01 1.25321031e-01 1.33967876e-01 6.45112336e-01
    1.26450807e-01 1.43355936e-01 4.56427425e-01 8.17268610e-01
    2.12722242e-01 6.78656876e-01 7.45031834e-02 8.34250927e-01
    8.49240363e-01 2.91553378e-01 6.25350058e-01 2.46639490e-01
    1.83176756e-01 7.86008418e-01 4.15260494e-01 3.47822607e-01
    4.75325018e-01 5.57731509e-01 8.45175683e-01 7.00266898e-01
    5.36949039e-01 3.24904621e-01 6.35252535e-01 1.04426354e-01
    9.31585968e-01 6.07544780e-02 5.52545607e-01 4.18993175e-01
    3.16527486e-01 9.71079826e-01 7.82838106e-01 6.23589754e-01
    4.47175562e-01 2.18469292e-01 1.77961379e-01 9.63429809e-01
    6.02714360e-01 3.86569500e-01 7.05550671e-01 3.13679695e-01
    7.54259229e-01 3.23736757e-01 3.07229042e-01 4.93301243e-01
    4.32909995e-01 4.29072261e-01 4.67495590e-01 2.38585293e-01
    7.32810855e-01 6.36566043e-01 8.97470713e-02 4.91653681e-01
    4.74636555e-01 8.87459278e-01 8.89519691e-01 7.23487437e-02
    8.08796763e-01 5.95095754e-02 2.58979440e-01 4.70183492e-02
    5.29135406e-01 2.73548067e-01 4.80327606e-01 9.08615112e-01
    5.07145047e-01 9.62179899e-01 3.17353070e-01 2.25617617e-01
    4.61733639e-01 7.69056201e-01 7.75571764e-01 9.40548718e-01
    2.83652961e-01 8.11451733e-01 4.23938930e-01 7.77367890e-01
    1.75527483e-01 5.00051439e-01 4.43144441e-01 4.80622917e-01
    7.39696443e-01 8.69865000e-01 4.60674107e-01 7.56603718e-01
    3.38996649e-02 9.10134315e-01 3.60721022e-01 7.57399678e-01
    7.89473593e-01 6.45562351e-01 2.39498287e-01 6.85402811e-01
    6.27512872e-01 7.22859800e-02 4.33018595e-01 6.42247379e-01
    7.03031063e-01 4.16151583e-01 5.36307454e-01 9.83622551e-01
    3.13040674e-01 2.70707011e-01 5.62621653e-02 8.73496294e-01
    3.62744570e-01 1.21784180e-01 9.52894330e-01 4.90495026e-01
    9.65290546e-01 7.62087584e-01 4.77376729e-01 4.11273003e-01
    4.94290799e-01 9.99574184e-01 3.30036819e-01 5.87325990e-01
    7.90855527e-01 2.89956540e-01 4.73216772e-02 7.09692121e-01
    5.63499331e-01 8.87187839e-01 1.69360340e-01 4.49528635e-01
    5.45152664e-01 4.01921213e-01 2.66670585e-01 2.73576975e-01
    1.61469907e-01 6.99770629e-01 8.61425400e-01 6.27097607e-01
    6.91315055e-01 6.24351799e-02 6.16829515e-01 3.72392952e-01
    5.82323909e-01 2.10166574e-01 6.52433872e-01 3.96306336e-01
    1.83516860e-01 3.10837984e-01 4.32999432e-01 4.79890436e-01
    7.32068360e-01 8.49176586e-01 1.93917990e-01 7.05475807e-01
    5.33375800e-01 1.17420286e-01 2.71193564e-01 3.70068073e-01
    2.04137862e-01 5.33151507e-01 3.18403512e-01 5.17435074e-02
    7.10711479e-01 8.60313654e-01 2.76924074e-01 6.00334406e-01
    2.54240930e-01 8.33923340e-01 1.58361822e-01 7.30105758e-01
    4.30079997e-02 9.59100723e-01 7.59049058e-02 4.87768918e-01
    3.19012195e-01 6.10215247e-01 5.61971664e-02 1.57889217e-01
    1.96503401e-02 4.86692190e-02 1.20285511e-01 3.25973988e-01
    3.30875754e-01 7.03481436e-01 9.24481630e-01 3.27863693e-01
    9.34967816e-01 7.37249553e-01 8.43359709e-01 5.44747293e-01
    8.80345345e-01 5.45193553e-02 4.67851013e-01 4.09602225e-02
    2.59779751e-01 1.52555406e-02 7.05822766e-01 7.87091672e-01
    1.08049572e-01 4.55220401e-01 5.67147911e-01 7.05839396e-01
    7.29494989e-02 3.64267468e-01 8.33394647e-01 4.61912811e-01
    2.34997153e-01 3.69354248e-01 1.84405714e-01 6.33194387e-01
    9.88339424e-01 8.41309667e-01 4.81998295e-01 7.63147950e-01
    3.81585687e-01 8.59743834e-01 3.73770893e-01 5.26198685e-01
    6.07194602e-01 8.90371859e-01 2.34735072e-01 2.16548294e-01
    3.44604254e-04 7.53911734e-01 6.03400946e-01 1.33021891e-01
    3.71859670e-02 6.58112764e-02 4.56270069e-01 6.70617402e-01
    2.94277459e-01 9.20930386e-01 7.80702829e-02 2.05042034e-01
    4.75227207e-01 8.26980114e-01 4.63533401e-03 4.98185635e-01
    7.72384524e-01 1.65082335e-01 2.27892131e-01 9.79480624e-01
    8.23067307e-01 4.69458103e-03 6.44678295e-01 3.66355598e-01
    5.79839826e-01 2.31721759e-01 7.91445911e-01 4.90195453e-02
    8.02836239e-01 3.82178247e-01 6.93250895e-02 3.26902986e-01
    1.18682653e-01 9.74752665e-01 5.60100317e-01 1.90467030e-01
    3.52563798e-01 3.51755500e-01 6.76763952e-01 7.29708076e-02
    8.83127213e-01 8.58841836e-02 4.00339603e-01 5.61631620e-01
    1.85745209e-01 9.42557931e-01 7.14036524e-02 8.66835952e-01
    6.56715930e-01 7.03985333e-01 5.20449877e-01 7.08313942e-01
    1.87321603e-02 1.66100562e-02 5.67475975e-01 6.42667651e-01
    3.92537385e-01 8.86031866e-01 8.35737586e-01 8.27893674e-01
    2.12512434e-01 3.32126677e-01 4.40938532e-01 4.02094871e-01
    6.52193964e-01 3.02873105e-01 5.96618772e-01 8.06474805e-01
    1.74340606e-01 3.07035595e-01 8.38027716e-01 9.88706768e-01
    1.19527102e-01 7.10619450e-01 6.56930923e-01 2.37649828e-01
    9.10650849e-01 9.44886923e-01 1.20106727e-01 2.32078433e-01
    7.70154357e-01 6.99312866e-01 1.78647757e-01 4.21204180e-01
    6.94804192e-02 1.97326332e-01 1.40450001e-02 4.56622779e-01
    5.18642485e-01 1.28402382e-01 5.27144969e-01 8.03280354e-01
    9.94693398e-01 6.16810501e-01 2.01590717e-01 8.62056732e-01
    7.12568641e-01 7.48437643e-03 1.44212484e-01 7.00311661e-01
    4.77435291e-01 5.02115905e-01 8.75037372e-01 8.34144175e-01
    4.42257673e-01 6.10464811e-02 4.89108890e-01 3.18839550e-01
    4.24397975e-01 7.79063106e-02 6.53800368e-01 1.89277112e-01
    7.76028454e-01 1.95802659e-01 1.43831789e-01 3.10212791e-01
    2.35743254e-01 2.82297850e-01 4.37348783e-02 3.57976258e-02
    5.79320312e-01 9.40374196e-01 7.10991681e-01 2.00176060e-01
    9.04110432e-01 7.27747023e-01 8.10322583e-01 2.24102110e-01
    1.22589767e-01 4.43833828e-01 9.41909790e-01 4.75605190e-01
    3.36085737e-01 1.44745111e-01 1.62029982e-01 5.28683305e-01
    8.44495296e-01 5.01668453e-01 7.30374634e-01 1.39556110e-01
    9.51588988e-01 1.16394192e-01 9.14319396e-01 7.50871420e-01
    8.11004877e-01 5.54298103e-01 5.92468262e-01 8.24741423e-02
    5.71124554e-01 9.83933926e-01 1.35971069e-01 7.62752295e-02
    4.53564852e-01 9.42335784e-01 1.17066890e-01 5.87641895e-01
    4.64693010e-01 4.94707823e-01 4.49805021e-01 1.56289816e-01
    2.31577873e-01 1.77141339e-01 7.27841377e-01 9.10612106e-01
    9.60862935e-01 2.09317505e-01 8.26201141e-01 4.01127696e-01
    3.25707495e-01 1.06499821e-01 4.59716916e-01 9.38847661e-01
    5.15329003e-01 3.83362114e-01 3.85915935e-01 1.42996937e-01
    9.00135040e-01 8.94665241e-01 6.00040376e-01 6.28620982e-01
    1.52201086e-01 9.59251046e-01 7.03417182e-01 7.99374700e-01
    8.71820807e-01 2.40197599e-01 9.30075049e-01 4.43482995e-01
    7.47406125e-01 7.61789680e-01 3.73076022e-01 8.20896864e-01
    7.94301510e-01 7.31664717e-01 6.48451984e-01 8.29937279e-01
    4.76669461e-01 2.45793372e-01 7.09127367e-01 1.82763249e-01
    8.98329377e-01 8.11360359e-01 2.29608595e-01 2.82077998e-01
    4.42036867e-01 3.33666831e-01 1.60968900e-02 2.50654817e-02
    6.76275373e-01 7.45257735e-01 5.60401380e-01 4.59007025e-02
    1.03239119e-02 1.81666821e-01 2.24507123e-01 7.16839254e-01
    9.76896644e-01 6.71137035e-01 6.31212592e-01 5.27872741e-02
    7.06150413e-01 6.97341919e-01 3.80133510e-01 6.66681647e-01
    4.35229003e-01 8.28506589e-01 9.13045287e-01 9.11543131e-01
    6.37178063e-01 3.38416517e-01 7.05919683e-01 3.44083548e-01
    1.88148588e-01 5.20519018e-02 4.52237070e-01 8.44657183e-01
    9.52240348e-01 1.97243482e-01 2.44927615e-01 2.47239172e-01
    6.65679038e-01 6.44047678e-01 5.31149626e-01 5.33184111e-01
    9.50958610e-01 7.97697067e-01 5.41302800e-01 7.49077916e-01
    9.25671816e-01 1.57038748e-01 7.28302836e-01 6.36118948e-01
    1.98207647e-01 2.24591255e-01 2.87854493e-01 3.06047827e-01
    1.23129517e-01 3.76958370e-01 7.15114772e-02 4.48395550e-01
    1.46749467e-01 4.86475080e-01 9.90104377e-01 5.90252042e-01
    3.62730324e-01 3.29239666e-02 2.69198120e-02 1.09052837e-01
    2.54112989e-01 1.44668728e-01 8.37341070e-01 6.30686998e-01
    7.45857239e-01 8.36762667e-01 8.83044362e-01 7.74103224e-01
    7.42961049e-01 6.36546969e-01 8.96951377e-01 2.63194501e-01
    9.83090281e-01 2.46953964e-02 4.14443880e-01 8.73766243e-01
    8.26885104e-02 5.98762870e-01 9.81887698e-01 9.73796725e-01
    3.68615508e-01 8.41951609e-01 8.28121424e-01 5.62047601e-01
    8.79229486e-01 4.14458394e-01 8.73100758e-01 1.79579049e-01
    5.36453247e-01 3.19000483e-02 1.96659714e-01 8.53841662e-01
    7.90245175e-01 4.38944817e-01 5.24794638e-01 4.84827340e-01
    1.70004696e-01 2.47749180e-01 8.62192273e-01 5.72916865e-02
    2.93360561e-01 9.95024204e-01 2.98276246e-01 1.67145997e-01
    5.32983422e-01 2.76118308e-01 7.31685817e-01 7.67836034e-01
    8.33565474e-01 7.11445808e-02 8.48318815e-01 6.07726276e-01
    2.05100358e-01 6.02746069e-01 1.62395537e-01 7.45383859e-01
    6.30130351e-01 8.45939755e-01 6.34834290e-01 8.64143252e-01
    6.46830499e-02 4.07017171e-01 1.83680683e-01 1.04400605e-01
    1.65617913e-01 4.64842886e-01 2.64860034e-01 8.45214307e-01
    7.43151307e-01 6.34593964e-01 3.02116275e-01 3.71228099e-01
    8.96893442e-02 7.31101334e-01 3.88386399e-01 6.61078095e-01
    9.69882131e-01 6.28979683e-01 5.63907504e-01 5.24184167e-01
    9.09155309e-01 9.88493860e-01 6.21762574e-01 5.59963703e-01
    9.66573060e-02 3.45038027e-01 1.35605186e-01 5.93539834e-01
    1.82446808e-01 1.01398498e-01 1.96504623e-01 5.91880143e-01
    3.15154403e-01 6.41837955e-01 1.54284924e-01 4.59674835e-01
    1.77415192e-01 1.78375125e-01 8.22902024e-01 4.97478575e-01
    2.01882392e-01 4.03243899e-01 8.08144748e-01 5.86061478e-01
    2.80170262e-01 3.13253999e-02 4.85163122e-01 7.86035538e-01
    4.57206368e-01 3.86449695e-01 1.60169601e-03 4.84113157e-01
    6.15685105e-01 4.32840258e-01 4.86546040e-01 8.90497625e-01
    3.82521927e-01 3.61377716e-01 5.37863672e-02 7.08749175e-01
    9.14113283e-01 8.34102333e-01 1.74935848e-01 7.68275857e-01
    8.27633977e-01 6.68038130e-01 4.05416846e-01 9.16547656e-01
    2.17976809e-01 8.87267172e-01 3.99182469e-01 7.92846560e-01
    1.38757825e-01 8.07238936e-01 8.67918968e-01 4.39344645e-01
    3.51864696e-01 5.24628818e-01 4.69180852e-01 8.51143003e-02
    4.74936873e-01 2.64168262e-01 9.99015689e-01 8.70660245e-01
    4.40631449e-01 6.25592351e-01 9.35673296e-01 4.95977074e-01
    7.72737026e-01 5.88891089e-01 8.60298157e-01 9.98155951e-01
    2.63243943e-01 8.64561498e-01 7.54716754e-01 6.28409684e-01
    3.91842246e-01 4.21550184e-01 4.72969025e-01 4.88498926e-01
    5.19755960e-01 9.75188851e-01 2.25666165e-01 6.82377100e-01
    7.13076115e-01 6.69382691e-01 2.26071507e-01 3.13584536e-01
    2.92135119e-01 5.80306828e-01 7.81265259e-01 9.00380909e-01
    4.93085444e-01 9.18380916e-01 1.35204136e-01 4.45004731e-01
    4.86145377e-01 8.03871274e-01 5.59155941e-01 5.29843569e-03
    6.02126002e-01 8.01070452e-01 9.55858827e-01 6.11859083e-01
    2.17702717e-01 6.76204920e-01 5.98773420e-01 3.85513276e-01
    2.00290710e-01 8.05479288e-03 2.55921096e-01 9.91295934e-01
    1.48713559e-01 4.56509143e-01 2.88204789e-01 7.98180580e-01
    9.24346387e-01 8.77239823e-01 6.45439148e-01 7.55745173e-02
    4.97966766e-01 9.70186114e-01 5.56959629e-01 4.17447954e-01
    7.38829970e-02 4.95545000e-01 7.44480848e-01 6.75384641e-01
    9.61059928e-01 6.75680935e-01 7.59327114e-02 9.02345359e-01
    5.24333298e-01 1.41756833e-02 7.38463700e-01 2.71271795e-01
    3.78449619e-01 8.31168652e-01 1.52728766e-01 6.28393054e-01
    6.63729489e-01 4.12327111e-01 6.30728126e-01 9.08595443e-01
    6.43863440e-01 8.41047287e-01 6.76753283e-01 7.12684691e-01
    9.16665077e-01 5.72271705e-01 1.38144255e-01 4.75944608e-01
    4.20673460e-01 4.72168922e-02 8.51751506e-01 1.85475200e-01
    8.46608400e-01 2.59446263e-01 1.76846921e-01 5.00159383e-01
    4.94959801e-01 6.58818781e-01 2.38917500e-01 2.48114884e-01
    1.69853717e-01 5.91227770e-01 7.07197785e-01 1.35278016e-01
    4.48732495e-01 6.16630793e-01 6.26379013e-01 6.06349111e-01
    9.56007123e-01 5.52367330e-01 1.87209457e-01 5.04988909e-01
    6.09882712e-01 6.95686102e-01 7.91206062e-01 9.54185367e-01
    2.03314245e-01 6.33592010e-01 3.57448995e-01 3.35077703e-01
    8.69425654e-01 4.55291808e-01 5.12925565e-01 8.63201559e-01
    8.55912387e-01 3.29985619e-01 7.88970709e-01 8.53545666e-01
    6.31887913e-02 2.80785561e-03 8.87769163e-01 1.25210315e-01
    7.09968984e-01 3.98700148e-01 2.19911337e-03 8.48227859e-01
    3.85516316e-01 4.33437735e-01 9.21081901e-01 5.64942598e-01
    1.12966418e-01 4.21062440e-01 1.70895755e-01 9.66332972e-01
    6.64673805e-01 3.31529200e-01 8.87894213e-01 1.29839957e-01
    3.22299898e-01 1.45712852e-01 8.70551586e-01 7.85695314e-02
    5.50963044e-01 4.31565225e-01 4.18756783e-01 9.54984784e-01
    7.82519042e-01 1.46979809e-01 5.28458118e-01 4.13296282e-01
    7.36664116e-01 7.55184472e-01 4.59219247e-01 6.97599649e-02
    8.95157814e-01 1.85952008e-01 7.86323845e-01 4.62605655e-02
    3.86650354e-01 7.99822092e-01 3.60735506e-01 1.82496160e-01
    2.55281806e-01 8.06500912e-01 2.60025680e-01 8.03002119e-01
    5.24676204e-01 8.15173805e-01 4.75581378e-01 8.23563039e-02
    6.52260482e-02 4.20327216e-01 1.60941452e-01 2.13053375e-01
    4.60180700e-01 3.24641079e-01 8.05733860e-01 2.64372021e-01
    5.46728194e-01 4.63931084e-01 1.99619442e-01 1.94243252e-01
    9.53061521e-01 4.90373194e-01 4.37610596e-01 1.45933300e-01
    6.57153726e-01 6.91669345e-01 7.21543431e-02 8.42696905e-01
    8.66347849e-01 5.22650659e-01 5.79605103e-01 6.20426297e-01
    7.67702460e-02 3.42491150e-01 8.38992000e-01 5.28626263e-01
    6.97757423e-01 3.84671241e-01 7.87601173e-02 4.94515717e-01
    8.62388730e-01 7.02710509e-01 6.13770783e-01 7.72364974e-01
    7.00012624e-01 8.81397486e-01 4.57375944e-02 7.50609398e-01
    3.47884446e-01 8.36795270e-02 7.70977139e-01 9.18987751e-01
    9.38398123e-01 5.85938275e-01 9.44131851e-01 2.62640208e-01
    4.57409769e-01 7.31136501e-02 5.77205718e-02 8.08665454e-02
    4.15839076e-01 8.93563628e-01 2.93108940e-01 6.91685200e-01
    4.67830896e-03 2.85180390e-01 6.65391445e-01 7.17672229e-01
    7.12779045e-01 4.92382824e-01 8.17705095e-01 4.89038795e-01
    3.54336739e-01 1.36864543e-01 3.68350387e-01 3.81314427e-01
    9.61147308e-01 7.65684545e-02 8.30908179e-01 5.80685794e-01
    6.68281674e-01 1.52383834e-01 6.40397310e-01 7.15518594e-01
    6.20248497e-01 3.29072982e-01 8.70475769e-01 5.14171779e-01
    1.87106013e-01 8.10764670e-01 3.65560532e-01 8.78355205e-01
    3.53609979e-01 4.67038929e-01 3.52607369e-01 7.09362805e-01
    3.25958937e-01 1.08647257e-01 9.87981439e-01 4.58814979e-01
    9.78565812e-02 3.19279134e-02 7.40649700e-01 8.95789087e-01
    4.32033718e-01 3.20515215e-01 3.17079902e-01 4.06533122e-01
    2.28481591e-02 1.17192715e-01 6.31677032e-01 2.48526216e-01
    9.98710096e-01 6.84319139e-01 4.47867751e-01 4.62746322e-02
    6.14346862e-01 8.11175346e-01 2.69283146e-01 7.49876738e-01
    8.52334499e-01 7.23984718e-01 8.08844388e-01 8.89837980e-01
    4.23955977e-01 3.06342840e-01 7.77893007e-01 8.56924236e-01
    9.23612475e-01 5.34310579e-01 2.91038156e-02 5.14783800e-01
    6.91496491e-01 3.60211670e-01 3.04033756e-01 9.53263938e-01
    9.16878104e-01 6.54198349e-01 1.73024505e-01 3.83784473e-02
    7.23177493e-01 3.99267972e-02 2.29642957e-01 3.66740525e-02
    8.16901863e-01 2.93659002e-01 5.20647526e-01 2.44678766e-01
    1.45897895e-01 4.24332947e-01 8.02798688e-01 4.53505158e-01
    6.38866007e-01 2.76867032e-01 7.90365934e-01 9.20112491e-01
    5.67074835e-01 8.97796214e-01 2.33141303e-01 3.02577972e-01
    2.97400892e-01 5.93762875e-01 9.93582726e-01 4.76790041e-01
    2.50099748e-01 4.65534955e-01 1.97197288e-01 7.26362646e-01
    3.44056666e-01 4.47284371e-01 4.95357275e-01 2.18850374e-03
    3.51462960e-01 5.76349735e-01 5.92697859e-01 2.41581172e-01
    2.81198025e-01 8.46212745e-01 6.30709410e-01 2.15985447e-01
    6.14693582e-01 9.95014071e-01 5.47316968e-01 4.09982800e-01
    2.08511263e-01 4.25486237e-01 3.17096531e-01 4.97259021e-01
    6.86780572e-01 9.90376472e-01 6.17305398e-01 3.33983690e-01
    3.63877356e-01 5.11352599e-01 3.55028033e-01 6.67584956e-01
    4.98748988e-01 2.91538030e-01 2.25033671e-01 8.91773582e-01
    5.14252067e-01 4.88718063e-01 5.78105450e-04 9.98070836e-02
    8.18136334e-01 8.63392234e-01 7.58313894e-01 9.78656709e-01
    4.18762684e-01 9.68117654e-01 6.30362391e-01 8.35849643e-02
    7.34429538e-01 2.11804420e-01 8.53922784e-01 2.80482709e-01
    5.10856390e-01 5.99421978e-01 7.49255121e-01 8.67997408e-01
    5.69705606e-01 4.75160122e-01 1.97715461e-01 8.66178393e-01
    2.29495257e-01 7.88941443e-01 9.99027610e-01 9.90715623e-01
    8.81866932e-01 5.58538318e-01 6.06245399e-01 9.93007064e-01
    8.23981762e-01 4.05801833e-01 3.75856757e-01 8.68376732e-01
    5.95547616e-01 3.75464797e-01 9.55536425e-01 6.59614146e-01
    9.69145238e-01 2.11479038e-01 4.66585934e-01 2.03722477e-01
    9.14987683e-01 2.26033777e-01 1.50859356e-03 5.09032309e-01
    6.66143894e-01 8.15626681e-01 5.82855046e-01 7.61107504e-02
    6.51294589e-01 7.24012315e-01 8.29029202e-01 5.93113542e-01
    5.56187987e-01 7.27096796e-02 8.58099699e-01 5.63488781e-01
    9.62759852e-01 6.88106835e-01 2.66615450e-01 1.02707744e-03
    1.82153165e-01 9.12942410e-01 1.59518212e-01 4.39266503e-01
    5.61413169e-02 8.96751285e-01 6.12292767e-01 2.81880468e-01
    9.88604724e-02 4.18871403e-01 1.96353495e-02 3.92492652e-01
    3.33876312e-01 8.74214292e-01 8.58082950e-01 5.16789019e-01
    8.73214066e-01 3.50814164e-02 6.48935318e-01 1.06921583e-01
    6.73147440e-01 5.56978762e-01 2.78155655e-01 4.13515955e-01
    4.96953994e-01 3.91324162e-01 9.59627628e-01 9.42752957e-01
    2.94138432e-01 4.04646784e-01 1.96315557e-01 7.26590514e-01
    5.94541132e-02 4.49730873e-01 8.36105704e-01 4.30711508e-01
    3.70465308e-01 6.72868311e-01 8.23575377e-01 4.77134794e-01
    1.09898239e-01 4.99736965e-02 7.40324855e-01 2.21956939e-01
    4.20204461e-01 9.75486338e-01 4.38319445e-01 1.37284786e-01
    2.18886614e-01 6.63986683e-01 8.53941917e-01 5.34266233e-02
    4.63128179e-01 4.19125319e-01 1.09462291e-01 1.32129550e-01
    4.51609313e-01 5.39814651e-01 7.65779734e-01 1.56376570e-01
    8.06548834e-01 6.08186126e-02 1.87349260e-01 3.93433124e-01
    4.22318399e-01 3.65721136e-01 7.04204142e-01 5.00929415e-01
    1.18400782e-01 9.78697419e-01 3.62223089e-02 2.19115138e-01
    3.68617475e-01 8.55125129e-01 2.73341924e-01 8.99408162e-02
    2.21633911e-01 7.47628510e-02 4.77782726e-01 8.53083134e-01
    7.56775439e-02 7.43736625e-01 6.44345105e-01 5.18350303e-01
    9.93252695e-02 5.61219156e-01 6.49177313e-01 1.36219174e-01
    4.38278288e-01 9.57191885e-01 7.60085583e-01 1.55514300e-01
    4.91341293e-01 5.67571521e-01 5.61545014e-01 1.85556412e-01
    8.04489732e-01 5.98495364e-01 4.63028878e-01 1.35654122e-01
    9.31737065e-01 2.56153941e-01 3.66792083e-02 9.26661074e-01
    8.42967331e-02 6.44377112e-01 5.07632673e-01 8.76979470e-01
    7.02184677e-01 1.98346078e-01 4.11755860e-01 5.55397749e-01
    7.23572195e-01 6.06002152e-01 4.97483134e-01 6.29835010e-01
    1.19954228e-01 7.32089162e-01 3.69850993e-01 7.20372081e-01
    5.76674342e-01 6.51346922e-01 8.77787232e-01 2.31966496e-01
    5.35049975e-01 8.98008108e-01 1.65863603e-01 6.21161580e-01
    1.60035521e-01 1.81056321e-01 3.98285985e-01 9.73909736e-01
    6.55379057e-01 7.59219527e-01 7.18344748e-02 5.29159009e-01
    8.95605206e-01 8.51487279e-01 8.31602335e-01 6.99315012e-01
    1.50678068e-01 7.56305456e-02 2.79660583e-01 5.11219740e-01
    1.81530923e-01 9.57596362e-01 6.38618112e-01 5.52011788e-01
    2.77866542e-01 1.90167069e-01 4.31511581e-01 4.36396718e-01
    9.42359865e-02 3.74328375e-01 8.60272646e-02 9.48891342e-01
    1.02995574e-01 7.83345580e-01 4.12215889e-02 4.96529281e-01
    6.30269110e-01 4.25330013e-01 3.61125410e-01 1.01936191e-01
    6.18492246e-01 1.18316114e-01 2.48714536e-01 7.18605220e-01
    9.51463580e-01 4.95021641e-02 8.45701933e-01 6.15837991e-01
    4.09031808e-01 9.19418931e-01 6.96498394e-01 2.66143799e-01
    3.18058729e-01 8.87291729e-01 3.56062233e-01 4.10275578e-01
    6.22703433e-01 6.52954638e-01 9.98472929e-01 7.66827345e-01
    5.04531264e-02 1.10372424e-01 7.60349393e-01 5.34075737e-01
    7.96417594e-01 1.69971794e-01 5.37515938e-01 2.05460608e-01
    6.95683837e-01 1.69067740e-01 6.78860962e-01 4.38566327e-01
    2.46379495e-01 7.68825889e-01 9.10662651e-01 3.29672009e-01
    7.03804314e-01 7.44506299e-01 8.79206419e-01 1.35002494e-01
    7.58748233e-01 6.31614268e-01 5.07353425e-01 5.02225935e-01
    6.77317858e-01 2.10499465e-01 9.51397896e-01 8.44853222e-01
    2.34313607e-01 7.20418036e-01 1.07743651e-01 8.32625628e-01
    3.71621460e-01 1.58967912e-01 4.46578443e-01 5.63526571e-01
    1.81855589e-01 6.83622777e-01 3.70119214e-01 7.45642781e-01
    3.97253782e-01 6.84298635e-01 3.54738295e-01 5.01434028e-01
    5.17300963e-01 3.28218848e-01 8.94308567e-01 9.26423192e-01
    1.75437510e-01 7.32814670e-01 1.81121647e-01 2.97812045e-01
    8.48717451e-01 7.44970798e-01 3.61634523e-01 1.49354726e-01
    5.74799001e-01 1.39215589e-03 3.03016335e-01 7.48279214e-01
    5.43121099e-01 9.90847349e-01 3.43913853e-01 5.96346080e-01
    8.31675529e-02 5.69759905e-02 5.53801119e-01 8.76823664e-01
    9.92766023e-01 2.80012190e-01 8.97806883e-01 1.51202083e-03
    6.40010118e-01 6.15887046e-01 1.96428657e-01 5.78824699e-01
    8.03933978e-01 4.95517939e-01 4.05166239e-01 3.89340192e-01
    8.23845387e-01 1.54181719e-01 1.49766207e-01 5.31479895e-01
    8.49955916e-01 6.18036747e-01 7.07097888e-01 8.11958373e-01
    7.48650491e-01 4.91119862e-01 3.51530015e-01 6.38348103e-01
    5.27117252e-01 1.31859303e-01 8.51638615e-01 1.83285147e-01
    4.58617210e-01 2.77722836e-01 9.71277714e-01 2.22330153e-01
    5.36798716e-01 9.50145841e-01 5.51399827e-01 7.57558346e-01
    3.06770682e-01 4.07168746e-01 3.20128500e-01 2.56574392e-01
    4.39360321e-01 9.10757899e-01 6.83587372e-01 3.92606914e-01
    1.19631201e-01 7.26726353e-01 9.31096077e-02 1.16391003e-01
    5.94044805e-01 3.23322773e-01 1.40364379e-01 8.39946151e-01
    4.22220528e-01 3.53157103e-01 2.06041217e-01 2.25571573e-01
    6.53661489e-01 8.09914947e-01 9.05031204e-01 1.67788982e-01
    4.63432372e-01 6.35543346e-01 2.44826883e-01 8.58483255e-01
    2.15758085e-01 9.23802972e-01 1.05950773e-01 4.08251286e-01
    6.11977994e-01 4.78224605e-01 2.23937035e-02 5.32624722e-01
    7.47570872e-01 9.55145478e-01 1.30892664e-01 6.12702847e-01
    1.21279150e-01 8.73675585e-01 2.86103427e-01 1.02279395e-01
    9.22026634e-01 5.42935312e-01 7.07096577e-01 2.91154146e-01
    3.01324725e-01 9.38425422e-01 3.59771550e-01 5.90472698e-01
    6.28668427e-01 3.29995930e-01 2.19231635e-01 9.90409613e-01
    8.61223459e-01 3.57088387e-01 3.31119686e-01 4.20371115e-01
    2.35418230e-01 4.12555039e-01 6.30815387e-01 3.99147809e-01
    4.40074027e-01 6.28616273e-01 8.00347984e-01 6.70235872e-01
    4.04383719e-01 5.44525981e-01 1.30377561e-01 7.46846855e-01
    4.84932065e-01 7.89315939e-01 9.21119988e-01 8.61079097e-01
    3.73346806e-01 3.94200057e-01 7.18147635e-01 1.37034148e-01
    6.43133163e-01 1.28464401e-02 2.57577926e-01 7.62703180e-01
    4.75806117e-01 6.85897291e-01 3.50857466e-01 3.64891887e-02
    5.94634652e-01 2.97783017e-02 8.65422368e-01 4.74200010e-01
    9.44554448e-01 3.72671336e-01 7.93360829e-01 7.99614489e-02
    4.88717556e-01 2.01583862e-01 4.75919068e-01 7.99681544e-02
    6.13824069e-01 8.01201582e-01 9.99620557e-01 8.26203525e-02
    7.06326127e-01 6.03142798e-01 4.94450182e-01 8.56686175e-01
    7.74415970e-01 9.58552837e-01 1.49656534e-02 9.74317551e-01
    5.46255708e-01 5.41228116e-01 5.01161993e-01 7.78488278e-01
    2.60512531e-02 3.46325040e-02 3.24402869e-01 3.84915471e-01
    8.22483063e-01 1.62661642e-01 6.32432580e-01 9.05557811e-01
    5.28330922e-01 3.93171996e-01 2.97777474e-01 2.32154191e-01
    5.29229045e-01 5.29992044e-01 4.85202968e-02 5.17919302e-01
    3.93529087e-01 5.69237947e-01 3.38781744e-01 8.23973417e-02
    9.85297024e-01 9.56982732e-01 8.06102872e-01 4.62792397e-01
    4.19181138e-01 2.03167051e-01 6.83272481e-01 8.48998666e-01
    4.72406209e-01 8.61491680e-01 7.08383143e-01 6.98348582e-01
    2.43137747e-01 2.84512788e-01 6.59107447e-01 8.83534431e-01
    7.16694593e-01 8.59742820e-01 6.38189971e-01 9.36819613e-02
    8.11824799e-02 5.46388209e-01 1.60877228e-01 8.73388767e-01
    4.78665590e-01 1.50947571e-01 5.57595789e-01 7.04498410e-01
    5.64949930e-01 5.10434330e-01 8.46844912e-03 1.47117406e-01
    7.07023084e-01 3.05567980e-01 7.92815924e-01 2.92497456e-01
    2.34947264e-01 5.93647778e-01 7.79551327e-01 8.79766226e-01
    7.28715777e-01 7.46837080e-01 5.50120473e-01 8.45613539e-01
    8.10279548e-01 8.40158880e-01 3.76957566e-01 9.10494030e-02
    4.30205762e-02 7.35458612e-01 2.52570361e-01 5.78824282e-01
    4.57583725e-01 5.92193127e-01 1.03394687e-01 4.91150975e-01
    9.13037658e-01 3.08916569e-01 6.21955454e-01 2.10534215e-01
    6.74030781e-01 4.93491679e-01 6.15261316e-01 8.23218346e-01
    5.48776388e-02 8.85701060e-01 6.65470123e-01 6.77642643e-01
    1.76587939e-01 6.67769492e-01 9.39634979e-01 5.14111638e-01
    8.15104127e-01 4.67497408e-02 5.67746341e-01 9.00205135e-01
    5.53229153e-01 1.03728771e-02 4.76791441e-01 5.97902179e-01
    5.88958085e-01 6.66296959e-01 5.30037820e-01 9.76654410e-01
    7.06599057e-01 7.22140968e-02 1.41050786e-01 8.03252578e-01
    2.32370049e-01 5.06798804e-01 7.55849838e-01 7.02790618e-01
    8.35287333e-01 1.77714497e-01 1.31209433e-01 9.37104046e-01
    6.17021620e-01 4.66031194e-01 4.43063259e-01 1.17484957e-01
    4.76515889e-02 9.45750654e-01 9.02179241e-01 1.70971006e-01
    2.17850238e-01 5.87770462e-01 3.86770368e-02 9.56015825e-01
    9.11952138e-01 7.73072243e-01 5.84500194e-01 8.47741008e-01
    8.49269927e-01 8.43485236e-01 6.86810672e-01 6.70789480e-01
    5.35738528e-01 1.43307447e-01 8.81590545e-01 3.46962422e-01
    9.79857564e-01 7.33775735e-01 8.58463585e-01 5.25351644e-01
    9.70694602e-01 6.27600789e-01 6.84723258e-01 9.99745548e-01
    4.11266446e-01 3.09384853e-01 6.24157071e-01 9.35725689e-01
    2.93435812e-01 6.89721107e-01 2.30313838e-01 9.78219509e-03
    1.25895083e-01 1.04830176e-01 7.19036698e-01 2.55237132e-01
    3.53862882e-01 1.47166282e-01 9.87849712e-01 1.98343962e-01
    1.12776846e-01 9.23367500e-01 4.35510516e-01 9.99531329e-01
    3.36582065e-01 3.08612376e-01 6.82889104e-01 7.80735373e-01
    9.52032506e-02 1.44458354e-01 3.38892043e-01 6.19205356e-01
    3.87076557e-01 4.92669165e-01 2.68000543e-01 1.97728574e-02
    3.18097889e-01 3.24176520e-01 1.37675375e-01 6.02310121e-01
    8.33392441e-02 7.68848956e-02 9.98304844e-01 5.35567522e-01
    8.41330051e-01 8.77921343e-01 1.33026183e-01 6.15475357e-01
    1.33902788e-01 7.67764449e-03 8.66132140e-01 9.64324176e-01
    5.85233986e-01 9.64161158e-01 5.99120080e-01 1.00629568e-01
    2.81845480e-01 4.40941334e-01 4.74626601e-01 7.02236295e-01
    7.48885751e-01 5.00493050e-01 4.72715706e-01 8.79883647e-01
    4.55885500e-01 7.91664481e-01 1.76579446e-01 9.79823291e-01
    1.61407143e-01 6.85547590e-01 7.73605466e-01 9.83401597e-01
    3.37096691e-01 7.18569160e-01 6.01561785e-01 9.65623975e-01
    6.96755230e-01 9.99154329e-01 8.51230264e-01 1.67217523e-01
    1.35254055e-01 4.49141353e-01 8.81176174e-01 3.56379151e-01
    7.45958090e-03 3.09283137e-01 7.24986672e-01 1.85937285e-01
    4.00310189e-01 5.57120204e-01 8.81657660e-01 6.44287527e-01
    1.33254498e-01 3.84829819e-01 6.76705003e-01 9.84808803e-01
    7.34793782e-01 6.53258979e-01 3.15557063e-01 5.48788786e-01
    5.85982502e-01 1.97689623e-01 6.67174757e-01 6.30290389e-01
    8.63981724e-01 4.49837387e-01 4.78685200e-01 5.97936153e-01
    9.99506056e-01 9.03927565e-01 8.18548560e-01 9.91598487e-01
    5.62051535e-01 7.88592696e-02 6.77848995e-01 6.66723728e-01
    7.42343187e-01 2.24069089e-01 8.24287832e-01 9.03010249e-01
    1.61624670e-01 3.96798670e-01 3.78165305e-01 2.40599155e-01
    1.10448331e-01 7.54186332e-01 3.09125334e-01 3.60836685e-02
    3.98405910e-01 5.60277283e-01 6.81873262e-01 4.90356326e-01
    6.17904603e-01 7.16998935e-01 3.32698733e-01 7.72160590e-02
    9.33972836e-01 7.30780959e-02 2.46780962e-01 4.29532528e-01
    2.33989656e-01 5.86018980e-01 1.21831387e-01 8.18298578e-01
    5.04745305e-01 8.08125615e-01 4.13271040e-01 3.28856021e-01
    9.33447480e-01 7.63364136e-02 5.44135332e-01 9.88289416e-02
    4.77509975e-01 5.02984524e-01 8.59556019e-01 2.86241621e-01
    8.86820674e-01 9.85014439e-01 2.35979855e-02 7.58606434e-01
    1.35586858e-01 4.32098031e-01 9.01174307e-01 4.47487831e-01
    3.56954813e-01 7.77310133e-01 7.86347628e-01 8.56562555e-02
    7.97543108e-01 1.98474318e-01 9.86052394e-01 3.60957026e-01
    6.18562102e-01 5.90124965e-01 3.77857536e-01 6.78233624e-01
    3.28222871e-01 6.41236186e-01 7.12616205e-01 2.04424143e-01
    1.10643208e-01 3.24109256e-01 5.15634298e-01 4.16891873e-01
    6.39883757e-01 8.55900884e-01 7.50966847e-01 8.35459948e-01
    5.60958982e-01 8.99785399e-01 6.05503917e-02 1.17315799e-01
    2.46373445e-01 4.45862979e-01 9.78319287e-01 6.06667101e-02
    7.86903620e-01 1.97914004e-01 5.46279609e-01 4.39317733e-01
    5.80101788e-01 1.14932060e-02 3.94278109e-01 3.32742155e-01
    1.46489412e-01 4.68868613e-01 1.83565408e-01 9.63931561e-01
    7.69064069e-01 9.77367878e-01 5.90806425e-01 8.19074810e-02
    5.30537605e-01 3.56578827e-03 6.42117143e-01 9.04335260e-01
    8.18073630e-01 7.70792007e-01 2.67957389e-01 3.57256413e-01
    5.42907238e-01 4.44638252e-01 9.97175097e-01 3.04466605e-01
    9.81698394e-01 2.93704450e-01 7.20166862e-01 5.18417537e-01
    8.33310604e-01 8.86743546e-01 1.81934297e-01 8.67893457e-01
    9.22623038e-01 5.48110783e-01 1.54035062e-01 1.50915086e-02
    3.45827401e-01 6.07222974e-01 6.34656549e-01 7.90789485e-01
    8.40140820e-01 3.62700105e-01 7.33060837e-02 9.95118737e-01
    3.63070726e-01 7.07468033e-01 3.39628100e-01 8.71178925e-01
    4.87906784e-01 7.71542668e-01 2.85400599e-01 6.10875309e-01
    4.55908448e-01 4.33419734e-01 4.86523330e-01 2.81022310e-01
    9.63268161e-01 9.60398555e-01 2.57596850e-01 2.97473133e-01
    7.13219643e-02 3.53589773e-01 4.13918495e-01 7.38624334e-01
    6.48126006e-01 6.87129676e-01 7.53305793e-01 4.22133625e-01
    7.77242899e-01 3.69454086e-01 8.11274767e-01 2.42859095e-01
    8.17290843e-02 8.38250399e-01 9.22505856e-02 9.84695613e-01
    6.94998026e-01 4.98775631e-01 8.63857269e-02 6.20746195e-01
    2.23798662e-01 9.26961839e-01 1.41874850e-02 7.60338724e-01
    3.33497673e-01 7.73947477e-01 6.42238736e-01 4.95644778e-01
    3.02481651e-01 3.31481338e-01 8.61296415e-01 5.11376441e-01
    6.37107968e-01 8.28829050e-01 7.72141099e-01 2.41009295e-02
    4.49207664e-01 7.48053551e-01 9.52994704e-01 2.47594655e-01
    1.58502609e-01 5.19938111e-01 6.08507514e-01 9.08701420e-02
    1.70995891e-01 1.68241113e-01 1.83264613e-02 1.71025604e-01
    3.48608792e-01 6.61461771e-01 9.13218975e-01 6.31818354e-01
    5.46731114e-01 8.90992165e-01 3.07820320e-01 4.43840921e-02
    3.44042182e-02 5.91201007e-01 3.43326032e-01 6.29450321e-01
    6.82412326e-01 1.08060271e-01 4.97978002e-01 7.97023237e-01
    8.67331624e-01 6.82851374e-01 3.79951060e-01 4.31000590e-01
    5.44725358e-02 5.39080560e-01 8.15337002e-01 3.41098487e-01
    4.77138013e-01 3.45143139e-01 1.86204463e-01 6.50020778e-01
    1.12290561e-01 2.14348614e-01 3.56781662e-01 1.32028162e-02
    9.54413056e-01 7.89709210e-01 3.12205970e-01 1.36191517e-01
    1.31290853e-01 3.42327356e-03 2.94055611e-01 8.10055614e-01
    8.15190434e-01 9.82179165e-01 7.57971764e-01 8.13729048e-01
    6.89420104e-02 5.24857044e-02 3.13400090e-01 3.35532963e-01
    6.23893440e-02 7.49142468e-02 4.51286316e-01 5.62274218e-01
    1.81768119e-01 1.41091585e-01 5.76117218e-01 2.88178623e-02
    3.52284908e-02 9.15159345e-01 8.28494966e-01 5.82001805e-01
    1.69256806e-01 3.05352777e-01 1.41522616e-01 9.47776437e-01
    8.88950706e-01 2.20619380e-01 4.86578584e-01 5.80438375e-02
    9.72332597e-01 3.65592808e-01 6.88492715e-01 4.07534599e-01
    7.32503414e-01 1.39843911e-01 4.23384100e-01 7.48844743e-01
    2.70876974e-01 8.59544098e-01 5.36414981e-02 1.16082132e-01
    7.38046706e-01 9.12433743e-01 9.09006000e-01 2.34341413e-01
    5.62222064e-01 7.71957278e-01 9.35865402e-01 6.70719028e-01
    8.96201670e-01 1.25835836e-02 1.10172302e-01 3.31390619e-01
    2.75629759e-01 8.91346574e-01 6.30489945e-01 9.44331884e-01
    5.11707187e-01 6.49306774e-01 9.48094368e-01 1.07240975e-02
    2.27082670e-02 3.60248506e-01 8.55728507e-01 6.80118322e-01
    9.36182380e-01 5.23228943e-01 9.17355120e-02 5.17041922e-01
    8.43083382e-01 1.61372095e-01 2.17940211e-02 2.55503058e-01
    1.25696659e-01 8.84480834e-01 8.81065786e-01 8.22752714e-04
    5.33262491e-01 5.56036472e-01 6.32462144e-01 9.12044048e-01
    9.62010860e-01 1.06626689e-01 5.28548658e-01 2.69454420e-01
    9.65297222e-04 1.46678984e-01 3.50570142e-01 1.45840079e-01
    6.22077763e-01 8.33623111e-01 2.68947184e-01 4.48413014e-01
    3.85431349e-02 9.40383434e-01 4.42225814e-01 4.54484910e-01
    7.20470548e-01 6.43587351e-01 8.72879386e-01 2.49831259e-01
    3.30027103e-01 8.64739299e-01 2.94117928e-02 8.77623498e-01
    6.50148094e-02 8.30257535e-01 8.37473869e-01 2.63542503e-01
    2.19185948e-02 3.72737646e-04 1.29888564e-01 6.54714465e-01
    8.10938597e-01 5.84224164e-02 1.92742854e-01 3.11904669e-01
    4.29006517e-01 2.42544770e-01 3.30309302e-01 2.05286980e-01
    3.73567343e-01 7.76709318e-02 3.89874190e-01 1.11390054e-02
    7.25783467e-01 8.24786484e-01 4.29386973e-01 5.66455483e-01
    4.12489772e-02 3.64184946e-01 3.26021314e-01 2.24962294e-01
    7.52711952e-01 8.15810263e-01 8.95753264e-01 5.10633290e-01
    1.96670592e-02 3.87678862e-01 9.27851200e-01 8.98116827e-01
    7.50929773e-01 4.12534356e-01 1.14861131e-03 9.99987423e-02
    6.88294709e-01 3.02790105e-01 8.41043055e-01 8.88522863e-01
    9.91035640e-01 9.83407319e-01 9.82905030e-01 3.45888734e-01
    1.20594621e-01 2.38637686e-01 2.53827631e-01 1.96000248e-01
    7.81018257e-01 9.94483590e-01 6.88623965e-01 2.42848456e-01
    7.35023260e-01 3.03735375e-01 6.53514981e-01 6.01140857e-01
    6.80997849e-01 4.40369040e-01 3.31862777e-01 2.10546225e-01
    5.29389381e-01 4.18990433e-01 5.56580722e-02 6.00854993e-01
    4.96979654e-01 8.02198768e-01 3.79967481e-01 9.43448842e-02
    6.32647753e-01 5.68767428e-01 4.00347590e-01 9.96977687e-01
    1.35307163e-01 3.22705150e-01 2.84736544e-01 2.74923265e-01
    1.65470272e-01 7.97225118e-01 8.80753398e-01 9.77655053e-01
    8.37996006e-02 1.82548702e-01 9.77964818e-01 2.39362597e-01
    3.05418789e-01 9.79099154e-01 6.82708204e-01 7.38533974e-01
    1.17023855e-01 1.64984316e-01 9.82051611e-01 8.35547328e-01
    8.00933540e-02 6.00547850e-01 1.28427446e-01 5.89047074e-02
    1.76562101e-01 1.85257703e-01 5.59545100e-01 4.68477219e-01
    6.56487346e-01 7.79588401e-01 9.18705463e-01 9.83461738e-01
    5.56147158e-01 2.94741511e-01 8.42554212e-01 4.68655080e-01
    8.74993563e-01 8.09375167e-01 1.12582833e-01 6.82193518e-01
    3.74465585e-01 4.01885211e-01 3.94335359e-01 8.98607731e-01
    3.27042669e-01 7.90746331e-01 5.16773522e-01 7.32785463e-01
    2.46921033e-01 9.71215427e-01 2.91854024e-01 1.47605389e-01
    3.21687162e-02 8.08791637e-01 4.25694764e-01 4.80287075e-01
    2.00252682e-01 7.64596701e-01 9.08151507e-01 9.12714481e-01
    9.90522265e-01 6.86117232e-01 3.60897720e-01 5.34805894e-01
    4.48098958e-01 8.97433162e-02 5.58367133e-01 9.28626180e-01
    3.93791229e-01 5.99702299e-01 1.19887412e-01 9.85620022e-01
    4.35545325e-01 4.20272201e-01 2.22925037e-01 7.99217105e-01
    4.95418549e-01 3.36946458e-01 7.33755112e-01 1.71362638e-01
    4.26145703e-01 1.78098261e-01 4.56511229e-01 4.41068709e-02
    2.65734613e-01 7.27252483e-01 4.79095757e-01 6.64615631e-02
    4.05056775e-01 6.70715570e-01 3.21203768e-01 9.50859785e-02
    2.02960998e-01 7.92967916e-01 1.30083859e-01 5.14286757e-03
    8.15286696e-01 5.67180514e-02 6.01176798e-01 5.60150027e-01
    9.97635126e-01 8.54900479e-01 2.35566765e-01 5.01439989e-01
    6.14473283e-01 4.26697224e-01 2.96529531e-02 2.32256889e-01
    4.98236626e-01 6.36797071e-01 7.93108284e-01 9.63973224e-01
    9.81109917e-01 7.85653830e-01 9.12537694e-01 5.93196511e-01
    6.66673958e-01 7.29746342e-01 7.52529681e-01 4.92715031e-01
    3.38108420e-01 4.23216194e-01 7.42079139e-01 5.81124604e-01
    5.07797837e-01 3.19340825e-01 3.45376670e-01 7.84046292e-01
    4.50684339e-01 3.19977969e-01 2.45643109e-01 2.24597901e-01
    3.97384763e-01 1.84004903e-02 8.56696904e-01 3.04967523e-01
    2.94318616e-01 2.93984503e-01 6.28107190e-02 5.99063456e-01
    6.37127519e-01 2.50088543e-01 2.22697288e-01 8.13694298e-02
    2.54858017e-01 6.91369057e-01 7.30075121e-01 8.68966043e-01
    9.52781141e-01 1.65585279e-02 8.70984554e-01 7.92720258e-01
    8.89062762e-01 8.84130597e-02 3.91248733e-01 3.72791231e-01
    2.52966762e-01 5.60573459e-01 5.52797616e-01 9.32226300e-01
    9.36319232e-01 9.10148919e-02 1.29315972e-01 2.47971058e-01
    3.20242733e-01 7.58914351e-01 5.50503612e-01 3.67192209e-01
    9.62002635e-01 8.92646074e-01 6.11168265e-01 4.20188934e-01
    5.80608130e-01 8.19086909e-01 8.58417273e-01 5.49460053e-01
    4.26217079e-01 4.74984080e-01 3.95246744e-01 3.99858475e-01
    1.34441197e-01 2.05733180e-02 4.31762457e-01 8.05970490e-01
    3.59297335e-01 8.21081698e-01 3.02447855e-01 9.49548066e-01
    5.13892233e-01 1.20962769e-01 7.93524861e-01 2.44742185e-01
    9.51708436e-01 4.20082778e-01 3.79965127e-01 9.13121462e-01
    3.97584915e-01 4.75992888e-01 8.07653189e-01 8.40148211e-01
    4.45462465e-01 2.25448966e-01 9.56761122e-01 5.07622838e-01
    2.15884447e-02 8.13719630e-01 9.88340139e-01 4.08915460e-01
    8.65566134e-01 3.65858704e-01 8.47885489e-01 9.53486443e-01
    7.87888885e-01 5.51831782e-01 6.87905490e-01 4.87502843e-01
    2.10234404e-01 5.46915293e-01 4.34781283e-01 5.23500144e-01
    9.03950691e-01 9.18219447e-01 8.65293622e-01 6.63095117e-01
    3.19161922e-01 4.61746961e-01 2.29760438e-01 6.26522601e-01
    4.13293839e-02 8.34540904e-01 8.42529774e-01 1.42964453e-01
    8.82071614e-01 9.18393493e-01 1.52070552e-01 2.28970557e-01
    4.89171565e-01 5.04521787e-01 4.84481961e-01 9.48459625e-01
    5.69135249e-01 4.02961195e-01 4.51310873e-02 3.58369231e-01
    7.78436303e-01 7.35125482e-01 4.35338318e-01 2.72927284e-01
    3.41386020e-01 7.89183617e-01 3.66766393e-01 4.56326067e-01
    2.23930955e-01 8.43554139e-01 1.33391976e-01 7.40817785e-01
    6.64144218e-01 3.25083435e-01 9.37555730e-01 8.21679592e-01
    4.10252929e-01 6.80837691e-01 3.93623918e-01 6.36441052e-01
    5.37892461e-01 1.41100854e-01 1.81099176e-01 5.57973623e-01
    5.76166034e-01 8.89548659e-03 2.68822730e-01 9.53654706e-01
    9.07109678e-02 8.20383549e-01 2.08419859e-01 3.95124078e-01
    8.40220034e-01 7.14909315e-01 3.76103789e-01 2.84448266e-03
    1.63430989e-01 1.20309293e-02 1.35767460e-03 5.79718828e-01
    8.42680216e-01 3.67604643e-01 8.52058291e-01 4.68018800e-01
    9.74408984e-01 3.60704482e-01 8.06522012e-01 9.51177001e-01
    1.28049254e-02 5.83291292e-01 1.25339538e-01 7.06135035e-01
    7.05254734e-01 5.40795207e-01 9.33744192e-01 2.51051843e-01
    4.82155770e-01 8.48277926e-01 8.10830832e-01 6.15379512e-02
    8.66945386e-01 5.53362608e-01 7.01421618e-01 1.96498573e-01
    3.44656765e-01 3.04790080e-01 2.80116916e-01 7.89401293e-01
    1.68348461e-01 3.13622177e-01 9.62757587e-01 4.00879502e-01
    6.43029094e-01 7.10172057e-01 6.71986580e-01 5.46045661e-01
    8.97460103e-01 4.83152211e-01 5.36584318e-01 7.47699499e-01
    8.36928070e-01 1.98587924e-01 4.73449826e-01 5.15846908e-01
    9.48317528e-01 4.34449166e-01 4.52279449e-02 2.61781156e-01
    6.45373821e-01 3.73584569e-01 7.59438038e-01 2.98478305e-02
    5.84550738e-01 6.64198399e-02 3.35923761e-01 2.74463952e-01
    8.37459564e-01 3.90904218e-01 6.38286531e-01 9.38111722e-01
    3.59895468e-01 2.12818354e-01 9.53719735e-01 8.43649030e-01
    8.80846381e-02 5.90940475e-01 2.30530113e-01 7.12006092e-01
    4.91766036e-02 1.64220124e-01 9.59429145e-03 3.15694809e-02
    8.63625169e-01 6.58710957e-01 4.05154020e-01 2.44150728e-01
    3.48757029e-01 8.61037493e-01 4.79917526e-01 5.32187402e-01
    5.12267172e-01 2.88324237e-01 7.20827281e-01 4.88361537e-01
    8.78579557e-01 2.16858178e-01 5.91135740e-01 8.43051732e-01
    8.19557607e-01 2.40022898e-01 4.51398820e-01 9.25342560e-01
    7.04196990e-01 5.71934700e-01 5.83294451e-01 1.82941198e-01
    7.27720499e-01 8.69555950e-01 9.22142744e-01 5.89164436e-01
    9.45513368e-01 4.70996588e-01 7.66526580e-01 7.04036653e-02
    9.91011620e-01 2.83462703e-01 3.54588330e-01 6.83731914e-01
    8.08794498e-01 1.20922804e-01 3.33579779e-01 7.13592589e-01
    2.55478024e-01 7.10275829e-01 6.79913521e-01 2.03496099e-01
    1.73103362e-01 5.16473472e-01 6.03605390e-01 7.32230365e-01
    5.36819696e-01 3.25000882e-01 8.19307566e-01 1.24339700e-01
    1.84006900e-01 4.27172989e-01 1.45140499e-01 7.39237547e-01
    2.95808673e-01 2.61213303e-01 1.09271079e-01 8.75583291e-01
    2.08518773e-01 1.97011799e-01 2.33302861e-01 7.85891056e-01
    9.90255833e-01 8.32840323e-01 4.99515772e-01 7.94155538e-01
    7.65579998e-01 7.57891536e-02 5.71059763e-01 9.86941934e-01
    9.99057591e-02 3.21258247e-01 8.82783771e-01 7.47301102e-01
    1.23823345e-01 7.77912736e-01 7.91928828e-01 7.66290307e-01
    2.02631593e-01 8.43021214e-01 3.18014920e-02 4.95174229e-02
    1.58396542e-01 6.53588533e-01 7.95423269e-01 2.55295157e-01
    3.18621188e-01 5.20830333e-01 1.90127224e-01 8.09419274e-01
    3.73303235e-01 3.11252505e-01 8.89939308e-01 1.06794804e-01
    6.44766390e-01 8.21183681e-01 4.76970702e-01 2.78158486e-02
    4.80945349e-01 3.32050502e-01 2.01530218e-01 3.89346212e-01
    9.97203350e-01 1.29742593e-01 5.44314981e-02 1.34319782e-01
    4.06474799e-01 9.29560184e-01 9.39766288e-01 5.48549891e-01
    1.85596555e-01 6.44013405e-01 9.93574262e-01 5.84939361e-01
    2.92489499e-01 4.62627441e-01 9.83366966e-02 3.70492727e-01
    8.84781837e-01 4.92577225e-01 2.15653360e-01 3.74302387e-01
    3.73586416e-02 4.90240961e-01 2.07069695e-01 3.27285588e-01
    6.26530290e-01 1.67122364e-01 1.61120415e-01 5.83123922e-01
    9.04905915e-01 6.67262852e-01 8.83889556e-01 1.34684682e-01
    1.88024342e-02 4.77455407e-01 7.41699278e-01 1.31796628e-01
    8.84797335e-01 6.08785748e-01 6.28723741e-01 3.06859732e-01
    5.37833691e-01 4.71023947e-01 3.86601210e-01 6.14278316e-02
    4.59629565e-01 4.56025213e-01 6.18095815e-01 3.40608656e-02
    3.94504666e-01 1.67324275e-01 9.69153523e-01 9.71494079e-01
    5.78386247e-01 7.78385282e-01 5.71998298e-01 1.52562916e-01
    5.66331029e-01 9.27723885e-01 6.09106779e-01 7.87509084e-01
    1.74872875e-01 1.29114717e-01 6.84797704e-01 1.38809979e-02
    9.85096097e-02 2.68960863e-01 5.01670599e-01 3.92882645e-01
    7.00246692e-01 9.80575919e-01 6.28694654e-01 7.40644336e-01
    1.01192176e-01 4.10277814e-01 6.90352678e-01 9.97457504e-01
    7.24016964e-01 9.34142113e-01 2.90068805e-01 8.52383018e-01
    6.44175410e-01 4.79052693e-01 7.25915253e-01 6.38255298e-01
    5.77873170e-01 2.83668637e-01 5.21970809e-01 8.32327008e-01
    5.50979793e-01 9.80419040e-01 3.32784653e-02 2.24153161e-01
    4.90539372e-02 8.91697109e-02 4.21864688e-02 8.70202661e-01
    9.53616023e-01 4.91728246e-01 1.55670494e-01 7.99243748e-02
    5.27606428e-01 4.72323924e-01 4.29016173e-01 7.83323586e-01
    5.96792758e-01 8.77854705e-01 6.52254164e-01 5.72209954e-02
    3.70392293e-01 3.27715278e-01 2.87254691e-01 9.11359787e-01
    3.94790888e-01 5.62193871e-01 3.54153484e-01 6.42840028e-01
    7.16818094e-01 5.81713617e-02 5.22465825e-01 6.68071032e-01
    9.38177466e-01 6.81423783e-01 6.95374250e-01 6.96229100e-01
    3.72985899e-01 6.49822235e-01 8.46940279e-03 9.12188649e-01
    2.94835120e-01 4.14138854e-01 3.20138991e-01 2.95381546e-01
    3.63533407e-01 2.75785834e-01 7.00078964e-01 8.29430342e-01
    1.01405531e-01 4.04007375e-01 4.33468312e-01 7.49716699e-01
    3.43627512e-01 1.71088040e-01 1.19773597e-01 2.52827227e-01
    2.78983593e-01 9.91500616e-01 8.98102045e-01 2.61884391e-01
    5.38204968e-01 8.22649598e-01 2.37376601e-01 6.26894951e-01
    5.94008386e-01 5.63351333e-01 9.41593528e-01 3.11021298e-01
    2.23618746e-01 7.16218412e-01 8.93760443e-01 3.87301922e-01
    9.82902050e-01 8.47588778e-02 1.70909345e-01 7.61703014e-01
    5.52150548e-01 9.76338446e-01 7.50825286e-01 2.51177847e-01
    3.46662670e-01 8.90615582e-01 7.43630826e-01 3.90031517e-01
    6.34866893e-01 1.95068419e-01 9.43731427e-01 1.71952009e-01
    4.62476254e-01 9.90014791e-01 6.31366670e-01 6.05881929e-01
    9.60573792e-01 8.11739564e-01 3.98009658e-01 2.97865987e-01
    3.51507932e-01 2.28781849e-01 7.34295964e-01 2.23605841e-01
    4.60302174e-01 4.99553144e-01 7.43113875e-01 5.34275651e-01
    2.14474320e-01 8.74013126e-01 2.86179841e-01 5.01890481e-01
    5.19468963e-01 3.14685285e-01 4.32004243e-01 4.07869279e-01
    4.53224242e-01 8.71067166e-01 4.93504465e-01 4.02120888e-01
    9.65768218e-01 9.19351637e-01 9.36637759e-01 6.06569588e-01
    2.08205730e-01 7.86739588e-01 5.98339677e-01 4.31770802e-01
    2.11964667e-01 5.80827296e-01 2.43661225e-01 9.41526771e-01
    9.62005734e-01 2.96767116e-01 8.74910831e-01 6.95789993e-01
    8.02689850e-01 8.33003640e-01 3.60892951e-01 4.45555627e-01
    3.14362794e-01 2.40753531e-01 6.18653297e-01 4.89520848e-01
    2.72132486e-01 9.76048112e-01 8.19455802e-01 8.85004282e-01
    9.63402390e-01 6.63274586e-01 4.68995899e-01 9.01351452e-01
    3.38951945e-01 4.67581451e-02 4.12657738e-01 8.28962803e-01
    9.08822417e-01 4.73543763e-01 6.72745109e-02 1.22416377e-01
    7.65978694e-01 2.58330971e-01 7.94736564e-01 7.27995932e-01
    2.77972609e-01 9.36547518e-02 9.43136573e-01 3.13164800e-01
    7.46990085e-01 5.66737115e-01 3.43932748e-01 2.48555124e-01
    8.37703049e-01 7.39882708e-01 9.21753287e-01 2.17557192e-01
    6.61169350e-01 1.26352549e-01 6.79312050e-01 8.84961784e-02
    7.17240930e-01 9.44070935e-01 3.12083244e-01 1.43472254e-02
    8.65853071e-01 7.11951673e-01 9.61980462e-01 8.13086390e-01
    4.06995118e-01 7.81443119e-01 4.17819619e-02 6.25319004e-01
    8.51498365e-01 9.54464257e-01 2.33383477e-01 1.63860142e-01
    8.38595271e-01 5.45690536e-01 3.75060976e-01 4.71720457e-01
    1.30729467e-01 8.10565650e-02 8.79548490e-01 1.29812002e-01
    3.47281694e-02 4.66262966e-01 8.41728210e-01 6.25517905e-01
    9.15274858e-01 2.25711256e-01 8.47253740e-01 4.51878905e-01
    9.99130845e-01 6.34232759e-02 4.64183569e-01 3.44660342e-01
    6.03699207e-01 5.08484304e-01 1.02482468e-01 3.04501653e-01
    3.75947058e-02 6.99296772e-01 1.27067387e-01 2.43311882e-01
    5.62014282e-01 2.05784917e-01 3.92303109e-01 4.34092104e-01
    7.75595129e-01 6.47927880e-01 7.97531605e-02 9.72339034e-01
    1.52921230e-01 7.96531558e-01 4.93600130e-01 2.49952763e-01
    8.58374476e-01 1.88915879e-01 8.18084121e-01 5.03429770e-01
    6.77114844e-01 3.29404473e-01 4.96114731e-01 1.20013267e-01
    5.82592130e-01 8.25051725e-01 4.34123576e-01 4.13182259e-01
    7.03005195e-01 1.83702797e-01 6.16261244e-01 4.33903664e-01
    1.58052236e-01 6.93581700e-02 2.25488961e-01 3.70249450e-01
    8.63323867e-01 1.66340977e-01 2.30406910e-01 9.85324383e-01
    1.73145205e-01 9.72180843e-01 1.96095914e-01 6.09039783e-01
    6.17305279e-01 4.40705687e-01 6.51431680e-01 8.73819828e-01
    6.69773221e-01 7.17297256e-01 5.53668261e-01 5.76731861e-01
    6.17510676e-02 7.09897637e-01 6.79469526e-01 7.04223633e-01
    1.08450413e-01 3.67513180e-01 3.88284624e-02 9.35594738e-01
    7.96284020e-01 5.85086286e-01 9.62890625e-01 1.95940554e-01
    4.92235184e-01 2.72229671e-01 7.90761590e-01 5.50335109e-01
    9.36314523e-01 4.47520614e-03 3.84520322e-01 1.06636733e-01
    3.86487156e-01 6.44095182e-01 5.11389971e-01 4.52450454e-01
    7.72540867e-02 6.87620163e-01 5.31011939e-01 5.44060528e-01
    8.23114514e-01 5.67801356e-01 3.42521548e-01 4.09985781e-01
    8.60023201e-02 9.97397065e-01 7.36760736e-01 5.97730994e-01
    9.30903673e-01 7.53502250e-01 1.26551867e-01 9.40884590e-01
    6.65341318e-01 2.37538844e-01 3.01650882e-01 3.25898856e-01
    7.63414741e-01 6.62791550e-01 6.23185277e-01 2.64492869e-01
    7.21219420e-01 4.92613971e-01 4.62575585e-01 1.47957593e-01
    5.98293364e-01 6.92480206e-01 7.33860612e-01 2.58105457e-01
    2.24082410e-01 2.68461525e-01 3.72066617e-01 8.79193068e-01
    5.17633617e-01 3.99496794e-01 6.35441065e-01 1.67567432e-01
    6.70646667e-01 2.24294573e-01 1.40185893e-01 4.10641134e-01
    6.54702187e-02 5.98840475e-01 8.36056232e-01 3.28600407e-03
    3.47561896e-01 6.25741661e-01 2.78894782e-01 8.15398872e-01
    7.08402634e-01 9.23303485e-01 2.04493105e-01 6.13534987e-01
    8.87123525e-01 2.65437484e-01 8.10024798e-01 4.48774099e-02
    5.21742880e-01 2.42565483e-01 4.03065324e-01 6.29440904e-01
    3.16597819e-01 1.97600663e-01 4.31576669e-01 1.30388349e-01
    1.19370431e-01 3.82418305e-01 3.63012642e-01 2.77859867e-01
    6.97758615e-01 6.67635500e-01 3.74817312e-01 9.56911802e-01
    5.05638301e-01 9.84771132e-01 5.62930107e-02 3.37445259e-01
    6.61964178e-01 4.80128616e-01 2.01847434e-01 5.29500246e-01
    9.81400132e-01 5.88856757e-01 8.04239750e-01 2.90088713e-01
    1.24980867e-01 5.51111639e-01 9.96010661e-01 4.06404942e-01
    3.89103830e-01 6.12439096e-01 4.15532082e-01 9.68246460e-01
    8.26031864e-01 4.24830616e-01 9.93418694e-01 8.79834354e-01
    9.21639323e-01 1.78844690e-01 2.99647033e-01 4.01686043e-01
    1.31484836e-01 4.86252248e-01 6.97812319e-01 2.16894150e-02
    6.83892488e-01 3.23111653e-01 2.68595397e-01 5.88850975e-01
    7.32613325e-01 2.92235613e-01 8.12680542e-01 2.37273067e-01
    1.02106810e-01 7.84417152e-01 6.93753183e-01 1.65024370e-01
    6.88923061e-01 1.44152939e-02 5.87215424e-02 6.61134064e-01
    1.77539527e-01 8.47410202e-01 3.38587165e-01 7.73188591e-01
    6.85835183e-01 8.16556394e-01 8.02774370e-01 1.13184869e-01
    9.43531871e-01 6.56879544e-01 2.38672078e-01 2.76540816e-01
    5.02573490e-01 4.51367766e-01 7.21509695e-01 1.72897309e-01
    5.32289028e-01 9.24766302e-01 9.06874061e-01 5.20865798e-01
    2.35599339e-01 4.33737010e-01 3.94584060e-01 2.13298053e-01
    8.02973986e-01 4.20776725e-01 5.50037622e-03 3.84513199e-01
    3.38476300e-01 3.55113268e-01 9.68721747e-01 3.22192490e-01
    1.73043013e-02 5.37762165e-01 9.43146527e-01 3.02493155e-01
    1.25891685e-01 2.14628369e-01 4.42646176e-01 6.82571530e-01
    3.06721389e-01 5.16738892e-02 9.21409547e-01 5.25507927e-01
    5.87737739e-01 7.65285134e-01 8.18433642e-01 9.90254998e-01
    4.01267111e-01 6.01190805e-01 2.34849691e-01 7.15077400e-01
    6.37387037e-01 7.05505610e-02 1.50123090e-01 8.63317251e-01
    1.65901452e-01 3.62432867e-01 7.96758473e-01 9.64812040e-01
    8.28827143e-01 4.74732995e-01 2.63884366e-01 5.67519248e-01
    6.46330535e-01 5.52749038e-01 9.45461631e-01 2.11745381e-01
    9.28312063e-01 9.99133348e-01 6.51624322e-01 8.26001406e-01
    9.86670971e-01 2.49090523e-01 5.43638766e-01 2.87013888e-01
    3.70718569e-01 5.15507281e-01 7.52002120e-01 3.35724920e-01
    5.05826473e-01 6.13692701e-01 3.85763645e-02 7.76365280e-01
    6.57002151e-01 1.01162165e-01 3.57240140e-01 6.95494533e-01
    9.57836032e-01 2.69390464e-01 4.63243157e-01 1.98631138e-01
    6.25349402e-01 1.62334919e-01 3.76343429e-01 2.98552066e-01
    5.09927690e-01 4.72654611e-01 9.72811103e-01 9.90551293e-01
    7.25695729e-01 1.76894605e-01 6.41250491e-01 5.64432085e-01
    2.26205081e-01 6.70582175e-01 8.86054993e-01 5.63755155e-01
    5.03508210e-01 8.20374310e-01 5.32774627e-01 3.37388992e-01
    6.29194379e-01 3.10852081e-01 5.46889722e-01 3.46050262e-02
    7.72558153e-02 8.87599230e-01 3.05928051e-01 4.15077984e-01
    1.08882517e-01 4.93002117e-01 2.72989392e-01 9.77051437e-01
    3.90620887e-01 9.95424032e-01 7.20380604e-01 3.80837411e-01
    4.46759850e-01 5.77706993e-01 3.82318079e-01 8.54730844e-01
    1.98747575e-01 4.27402377e-01 8.58497620e-03 8.00530195e-01
    3.09843421e-02 3.46230567e-01 6.33269548e-01 8.56311619e-01
    1.12173676e-01 4.47539985e-02 4.52155173e-01 7.80438542e-01
    4.32660282e-01 3.37561369e-01 6.03002608e-01 5.61331809e-01
    2.34790474e-01 9.85055149e-01 2.02677071e-01 3.76482010e-02
    9.78094637e-01 8.66323233e-01 6.39366508e-01 6.92950070e-01
    4.33662117e-01 8.14628959e-01 9.71765637e-01 6.38565958e-01
    9.19282436e-04 8.10492098e-01 9.51406538e-01 2.68830895e-01
    3.65545154e-01 2.26485640e-01 1.66273355e-01 1.59261703e-01
    3.28265697e-01 4.68110949e-01 5.96198857e-01 7.69181848e-02
    9.35088992e-01 2.95526981e-02 4.04446244e-01 5.31946421e-02
    5.02133548e-01 8.84924829e-02 3.14383388e-01 3.51170659e-01
    9.60786343e-01 8.84105325e-01 2.98394203e-01 7.64982700e-01
    3.75289857e-01 5.49343169e-01 7.38160074e-01 6.39277935e-01
    2.62959123e-01 6.39048398e-01 9.75935102e-01 4.14752394e-01
    7.02332556e-01 4.51046050e-01 3.17336321e-01 1.22684032e-01
    3.94711584e-01 8.77844989e-02 8.85881186e-01 8.68071973e-01
    9.08913195e-01 6.40775740e-01 4.28333282e-02 3.56970906e-01
    6.91824615e-01 8.20945919e-01 1.27218306e-01 5.98543763e-01
    3.48027825e-01 8.21842253e-01 1.86465412e-01 1.25490308e-01
    7.90169835e-01 2.47836590e-01 3.62944812e-01 7.66578436e-01
    9.58653271e-01 4.64663684e-01 6.39832139e-01 7.73064196e-02
    3.27721119e-01 4.78307039e-01 6.99888408e-01 8.29757273e-01
    8.18780422e-01 8.55387688e-01 9.23888326e-01 9.93694186e-01
    9.67606902e-02 7.81538010e-01 6.54835463e-01 6.60315633e-01
    8.32581162e-01 3.79191160e-01 5.56986749e-01 3.82142723e-01
    3.49877000e-01 7.64024258e-03 1.88642323e-01 8.22099864e-01
    4.84066069e-01 4.10404563e-01 7.67816901e-02 1.14258826e-02
    2.04772204e-01 7.74796486e-01 7.03373909e-01 5.24186254e-01
    5.26871920e-01 9.96237993e-01 2.09828198e-01 2.18056053e-01
    1.80104345e-01 4.96718168e-01 6.36395574e-01 9.88488495e-01
    3.15078199e-01 3.41019809e-01 1.52805239e-01 7.39410460e-01
    9.08743918e-01 8.64332497e-01 2.66089439e-01 3.31302702e-01
    1.18651807e-01 9.64580357e-01 1.27099603e-01 2.68825591e-02
    7.21153498e-01 2.87304133e-01 8.31281304e-01 6.40046239e-01
    8.29192400e-01 2.94605792e-02 5.08485734e-01 4.26919162e-01
    6.11421347e-01 9.95756149e-01 7.09829450e-01 4.15957391e-01
    2.10649341e-01 8.46397698e-01 1.82667285e-01 3.56496632e-01
    2.69979060e-01 6.45376325e-01 5.98578215e-01 1.17578983e-01
    6.11590981e-01 5.00648499e-01 8.23456526e-01 9.47885633e-01
    4.02122796e-01 6.92474008e-01 5.20836830e-01 3.00673366e-01
    6.35574698e-01 9.64483202e-01 3.66720200e-01 9.73395050e-01
    8.27763677e-01 1.34534121e-01 3.62817675e-01 7.58244514e-01
    4.62089211e-01 5.85626662e-01 2.73357630e-01 1.91639751e-01
    4.60619211e-01 3.27288330e-01 1.11483902e-01 3.95157397e-01
    7.63719320e-01 7.21455991e-01 1.12506002e-01 1.08440816e-02
    5.28210402e-03 8.04034352e-01 9.92948294e-01 7.19860017e-01
    3.44423711e-01 4.37293947e-01 4.20656264e-01 1.21462047e-01
    8.28680396e-01 2.37195581e-01 2.91731775e-01 5.98028123e-01
    8.08772147e-01 5.80296218e-01 2.66467392e-01 7.85179734e-01
    8.90766799e-01 9.47655559e-01 2.57983446e-01 8.84193897e-01
    9.22583044e-01 1.78055137e-01 5.52791834e-01 7.87207961e-01
    2.80539870e-01 7.14956403e-01 8.60579848e-01 4.50216323e-01
    8.68224502e-01 8.66623163e-01 3.87493610e-01 4.21781540e-02
    4.36235130e-01 3.70116651e-01 2.22126693e-01 9.67605710e-01
    7.61962414e-01 8.40967894e-01 3.46190155e-01 4.83327508e-01
    9.98237789e-01 9.22544479e-01 6.60934091e-01 3.32160443e-01
    4.78440464e-01 6.95364952e-01 4.14769113e-01 3.08746636e-01
    2.36651301e-03 7.46399164e-03 8.95750046e-01 5.97692370e-01
    8.99665356e-02 5.28451145e-01 2.03860402e-01 4.79297131e-01
    2.12092966e-01 5.65653443e-01 5.41299582e-01 5.18790007e-01
    5.22005677e-01 9.99414027e-01 6.81646109e-01 2.62718111e-01
    8.52846384e-01 8.36445451e-01 7.76250422e-01 8.71980667e-01
    9.30899382e-01 9.50304270e-02 6.62971258e-01 8.40623379e-02
    2.29236901e-01 7.55833626e-01 9.33001459e-01 7.84888923e-01
    8.14814568e-02 8.27104449e-02 4.02672261e-01 3.70264351e-01
    8.46202612e-01 2.58169532e-01 9.59931612e-01 7.81401396e-02
    4.68168825e-01 8.09688449e-01 3.98986071e-01 8.89536381e-01
    2.36228943e-01 4.22861964e-01 6.11495614e-01 2.65347302e-01
    6.72164083e-01 8.52651894e-02 8.18191409e-01 2.41935343e-01
    8.89703155e-01 5.76479733e-02 3.78723502e-01 1.88472360e-01
    7.13761210e-01 1.31732821e-02 9.15149570e-01 7.11361527e-01
    1.40571207e-01 2.53384829e-01 7.92352557e-01 1.74516022e-01
    2.67969310e-01 4.83730823e-01 3.99951369e-01 5.65491676e-01
    7.57880688e-01 7.35493302e-01 7.16090798e-01 2.96848595e-01
    5.94952822e-01 4.82755184e-01 2.80336738e-01 4.31252420e-01
    5.74049354e-01 8.17322135e-01 4.97016430e-01 5.62521517e-02
    8.90330076e-01 8.27235341e-01 5.29165983e-01 5.41568696e-02
    4.98733550e-01 5.05098760e-01 6.44941092e-01 1.75837159e-01
    1.65962249e-01 2.21886456e-01 9.86419916e-02 3.79036665e-02
    1.92431509e-02 7.21818745e-01 2.22882509e-01 7.89549947e-01
    9.11510229e-01 6.86731458e-01 4.60446239e-01 1.35308653e-01
    6.28484130e-01 4.75756854e-01 3.13694775e-02 8.69547665e-01
    7.07989812e-01 2.58347392e-03 1.90833479e-01 3.90757859e-01
    8.34883094e-01 6.20253921e-01 3.71886671e-01 7.63508439e-01
    8.50877345e-01 9.29600775e-01 3.26142907e-01 5.85226655e-01
    8.27325940e-01 4.38765228e-01 3.45960498e-01 9.49571013e-01
    6.45743787e-01 3.49866033e-01 8.23072672e-01 1.17041171e-02
    2.34305799e-01 1.44473374e-01 5.65402210e-01 8.85367870e-01
    1.65897936e-01 2.89262384e-01 3.48661095e-01 1.11377060e-01
    6.43211007e-01 4.82518971e-01 9.46853638e-01 6.46784961e-01
    9.62350428e-01 1.82347506e-01 2.21711993e-01 2.53663957e-01
    3.74809861e-01 3.34981859e-01 1.60766453e-01 7.06534266e-01
    9.56077695e-01 5.99815488e-01 8.99931073e-01 7.97203898e-01
    9.92698550e-01 1.89866155e-01 8.46758962e-01 3.81405890e-01
    7.36278892e-01 2.12436765e-01 3.95309865e-01 5.39949954e-01
    2.56979585e-01 5.37974238e-01 6.31849766e-02 3.64214599e-01
    8.04644465e-01 1.89506263e-01 3.85355115e-01 6.32225633e-01
    1.01950794e-01 2.97920704e-02 4.93557155e-01 9.53636706e-01
    4.11476672e-01 2.65227854e-01 8.55894446e-01 1.28173590e-01
    9.36661005e-01 9.57723796e-01 5.67933857e-01 8.40999961e-01
    6.71669245e-01 3.62170607e-01 9.76105213e-01 9.30628181e-01
    8.06720972e-01 7.99910665e-01 8.28860402e-01 5.40965438e-01
    5.51175594e-01 7.18804538e-01 4.15465415e-01 7.62510538e-01
    4.32898581e-01 1.53982610e-01 1.93362653e-01 3.39632928e-02
    7.65952468e-02 3.51365358e-01 1.96706831e-01 1.58217549e-02
    8.87831450e-01 1.87179863e-01 5.61985612e-01 1.13929600e-01
    4.09616798e-01 1.86920911e-01 7.56492317e-02 5.45286477e-01
    4.87218201e-01 9.99147594e-01 2.45386183e-01 3.68010700e-01
    3.53561282e-01 6.78223848e-01 2.43206024e-01 6.21937633e-01
    9.93133128e-01 3.99899721e-01 8.44878912e-01 6.00957036e-01
    4.95113492e-01 7.51059473e-01 4.77698624e-01 7.43280411e-01
    9.53957915e-01 2.99628198e-01 9.08153892e-01 6.97800279e-01
    5.96976101e-01 3.40955794e-01 5.89281261e-01 8.07455659e-01
    1.44217819e-01 1.83127999e-01 5.07883906e-01 9.92446601e-01
    6.77459717e-01 4.10321295e-01 6.65012479e-01 8.67473125e-01
    3.36073875e-01 9.16243672e-01 2.45610744e-01 1.11048043e-01
    9.76466537e-02 9.32161570e-01 2.99808621e-01 6.00565374e-01
    5.33696830e-01 1.28838599e-01 3.23646367e-02 4.25854623e-01
    6.51809931e-01 3.47278416e-02 7.31757164e-01 9.16900039e-01
    6.51546717e-01 3.61253262e-01 1.00844085e-01 3.92099023e-01
    2.90662706e-01 4.62637365e-01 1.99641287e-02 4.22298908e-02
    3.05610597e-02 9.41481292e-02 4.20130789e-02 9.54909444e-01
    8.31169188e-02 2.47294724e-01 8.23022842e-01 4.66781855e-03
    3.19259226e-01 6.72968984e-01 9.78355110e-02 8.31704497e-01
    9.71057296e-01 2.34830707e-01 4.55159515e-01 8.84083629e-01
    9.84035134e-01 9.00296926e-01 3.92361879e-01 2.15786248e-01
    6.75119638e-01 1.70065641e-01 2.44963259e-01 5.61867118e-01
    2.60394156e-01 7.43534207e-01 4.11912620e-01 3.47706169e-01
    1.68785632e-01 3.27720642e-02 5.85187078e-02 2.31316864e-01
    4.55455005e-01 6.23222649e-01 5.57350338e-01 2.80955195e-01
    8.64697099e-01 4.67533827e-01 2.86956608e-01 4.40729827e-01
    1.56856298e-01 3.39244753e-01 9.56749737e-01 7.50050962e-01
    3.88762176e-01 3.74060273e-02 2.58694708e-01 6.74241841e-01
    1.60636306e-01 6.62622035e-01 7.31676996e-01 4.28584814e-02
    2.97808647e-01 6.01826012e-01 4.97922957e-01 5.20466089e-01
    4.64034051e-01 4.56821978e-01 2.70440400e-01 1.74151033e-01
    3.69819432e-01 4.28853035e-02 5.79787791e-01 5.48267722e-01
    7.02220857e-01 9.30869401e-01 2.98272014e-01 7.98862219e-01
    8.74273419e-01 7.18463302e-01 9.79703724e-01 7.80007362e-01
    5.89546859e-01 6.53124750e-01 7.22410083e-01 3.29109043e-01
    4.06486869e-01 3.47301185e-01 5.69319189e-01 6.59059286e-01
    1.85751826e-01 6.69445395e-02 6.15050912e-01 2.39587396e-01
    7.63338566e-01 6.83701694e-01 3.05387408e-01 2.56611645e-01
    2.71021366e-01 2.94092596e-01 5.88636100e-01 9.57735181e-01
    5.80890894e-01 5.55690706e-01 5.35554647e-01 9.88676786e-01
    3.42817008e-01 9.22052383e-01 6.23742104e-01 7.01304078e-02
    2.83624560e-01 7.42031217e-01 7.95326471e-01 1.39746130e-01
    9.83526289e-01 1.96546257e-01 5.83063722e-01 9.80042160e-01
    4.57521945e-01 5.18406808e-01 4.96253550e-01 1.26672268e-01
    4.90064293e-01 5.94482422e-02 5.88347971e-01 8.69691253e-01
    4.86202598e-01 3.71374369e-01 9.80968535e-01 8.63741398e-01
    6.56648517e-01 8.11181664e-01 4.35299039e-01 3.59375685e-01
    2.64495611e-04 9.88872528e-01 5.64769506e-01 1.30543321e-01
    6.57380462e-01 8.71535957e-01 7.22508729e-02 7.39248991e-02
    6.80666745e-01 2.39265829e-01 6.34781361e-01 3.42065543e-01
    7.80135334e-01 3.26545835e-02 4.69884932e-01 6.24065816e-01
    7.65899897e-01 6.23671174e-01 8.57644677e-02 1.35658383e-01
    6.63328648e-01 8.22067022e-01 8.74108076e-02 6.69082463e-01
    9.43939090e-01 8.61351132e-01 6.15954399e-01 1.46116436e-01
    3.25145781e-01 8.25021863e-01 4.42048013e-02 1.04934394e-01
    2.13710070e-01 3.63301605e-01 9.58046257e-01 4.03390348e-01
    9.66041684e-01 7.49135017e-01 6.91848636e-01 1.70403630e-01
    3.63708436e-01 1.26112401e-01 3.66491318e-01 9.95284557e-01
    5.57594299e-02 7.58368134e-01 9.75584984e-01 6.71589315e-01
    9.09997940e-01 9.46133077e-01 5.21952510e-01 8.83964658e-01
    1.00502461e-01 2.34974593e-01 7.53314972e-01 8.12007904e-01
    2.53038228e-01 1.55900121e-02 5.26225865e-01 8.34614277e-01
    3.55382264e-01 2.86727369e-01 3.46770465e-01 8.68080378e-01
    1.46346629e-01 4.84901816e-01 7.31180429e-01 6.20640755e-01
    9.57681060e-01 1.82296932e-01 5.16043067e-01 9.56548691e-01
    1.91504359e-02 5.84918737e-01 3.44480574e-01 9.42785442e-02
    7.44737089e-02 2.52208143e-01 2.72759259e-01 2.55582482e-01
    1.19646996e-01 2.99347997e-01 4.89323437e-02 7.14845777e-01
    8.25045109e-02 3.90952289e-01 8.43196809e-01 6.29034638e-01
    5.86765945e-01 3.81108820e-02 9.58807349e-01 1.17250293e-01
    7.85587788e-01 6.41694188e-01 4.48527306e-01 6.13937676e-02
    1.97142452e-01 5.47020733e-02 5.05918264e-01 2.61155099e-01
    6.16281211e-01 9.32806432e-02 6.63822651e-01 2.95661330e-01
    7.74159491e-01 3.15814018e-02 8.23870301e-01 3.02125752e-01
    7.13318288e-01 7.13968158e-01 1.41995341e-01 6.45430386e-01
    8.69142115e-01 6.28212571e-01 6.81913197e-02 2.92713135e-01
    7.02148080e-01 2.67209530e-01 8.63725901e-01 7.97856808e-01
    3.66853476e-02 3.50950956e-01 1.75889730e-02 6.41775608e-01
    2.16821432e-02 5.42210221e-01 6.24748349e-01 7.03589261e-01
    4.28998798e-01 3.76496017e-01 1.82256013e-01 3.05427194e-01
    4.71293002e-01 9.70513225e-01 2.67352402e-01 4.22424227e-01
    7.93911219e-02 8.62333179e-01 7.40797520e-02 9.35169101e-01
    1.65925622e-01 5.92324615e-01 8.87045860e-01 7.27131963e-03
    2.17836022e-01 3.44960809e-01 9.96355891e-01 9.45459485e-01
    4.49584216e-01 3.41462076e-01 8.15582752e-01 8.73326004e-01
    9.04329896e-01 1.21895283e-01 2.85613120e-01 5.42527080e-01
    8.20250869e-01 9.36815739e-01 8.05011570e-01 8.35270286e-01
    4.11996245e-02 1.53037578e-01 6.42442763e-01 4.44669127e-01
    5.93327761e-01 9.53916788e-01 8.79491568e-01 4.25987631e-01
    5.79806387e-01 8.37403893e-01 5.11470854e-01 5.20716548e-01
    3.97764206e-01 8.61594319e-01 5.32571197e-01 6.65004790e-01
    7.11201727e-01 9.16337609e-01 8.09197366e-01 3.09177339e-02
    8.00446570e-02 4.96744514e-01 7.69449353e-01 8.28179002e-01
    8.57163668e-01 7.22655892e-01 8.88772726e-01 6.26943469e-01
    2.30362743e-01 6.54538453e-01 3.77399325e-02 3.28901350e-01
    7.53069758e-01 8.02685499e-01 6.59968853e-01 4.10928547e-01
    2.77729392e-01 9.49599981e-01 9.70147610e-01 7.39280045e-01
    3.93239498e-01 6.83801174e-02 8.06492209e-01 9.33133662e-01
    7.47947693e-01 7.92302489e-01 6.71273172e-01 9.81283367e-01
    3.22690606e-02 7.63012052e-01 7.37927735e-01 2.27408469e-01
    1.91731125e-01 6.59360468e-01 6.33045793e-01 9.89369452e-01
    9.55943167e-02 2.77969360e-01 9.84597743e-01 9.37552452e-02
    3.01647812e-01 7.06690967e-01 4.38489467e-01 1.07226223e-01
    9.47773695e-01 8.30593586e-01 9.64180410e-01 1.76847130e-01
    8.37522209e-01 5.88960707e-01 6.09578848e-01 8.82677317e-01
    7.75473833e-01 2.07490385e-01 7.13871658e-01 5.39454043e-01
    1.13903880e-02 4.77889180e-01 9.54201579e-01 4.32404369e-01
    2.01492757e-01 1.83538198e-02 3.39810133e-01 4.17446852e-01
    4.63646442e-01 5.15606046e-01 6.67967200e-01 5.47115743e-01
    4.19400752e-01 4.05741394e-01 2.45870501e-01 4.11734283e-02
    9.40132737e-01 1.13811940e-01 3.68170708e-01 7.41142035e-01
    5.91619611e-01 4.43531722e-01 7.45411515e-01 7.59170949e-01
    5.11171401e-01 4.45216477e-01 6.47730708e-01 9.80304360e-01
    9.77406859e-01 6.70735538e-01 7.64655292e-01 4.00682032e-01
    2.86419153e-01 6.59353554e-01 3.67419511e-01 5.83643377e-01
    1.34319603e-01 3.89493167e-01 1.89424753e-01 5.93628407e-01
    2.05231279e-01 9.98473525e-01 4.17039067e-01 4.78384703e-01
    8.09448838e-01 2.18625337e-01 3.04823518e-01 6.62916005e-02
    5.24947345e-01 8.18489671e-01 5.32807231e-01 2.90953249e-01
    7.32524514e-01 3.76123071e-01 6.06660962e-01 1.19943500e-01
    9.88641143e-01 7.82509208e-01 4.77547199e-01 2.48836517e-01
    2.75045723e-01 4.70399261e-02 6.61569774e-01 8.87972713e-01
    8.77401471e-01 9.06862617e-01 3.58740926e-01 2.82961398e-01
    2.30281681e-01 3.33285511e-01 9.40347791e-01 5.39491177e-02
    9.30919588e-01 1.82628244e-01 1.56116188e-02 6.40043080e-01
    2.50274539e-01 2.75675952e-02 6.84937835e-01 9.45822001e-02
    7.69559026e-01 6.06706083e-01 2.72870839e-01 8.72243881e-01
    1.41510546e-01 5.39191663e-01 6.16425097e-01 1.70798510e-01
    6.43854797e-01 3.13721180e-01 5.11344969e-01 6.15626335e-01
    1.99263394e-02 4.51967537e-01 1.42511815e-01 2.20838577e-01
    4.82756644e-01 2.57086366e-01 7.35702515e-01 9.03941035e-01
    2.49578834e-01 2.38976747e-01 6.96723461e-01 2.32220143e-01
    7.68522024e-01 1.55911773e-01 9.25784230e-01 9.57809985e-01
    3.82187992e-01 4.60087627e-01 4.89437819e-01 8.35196078e-02
    6.14402473e-01 1.97172284e-01 8.18741918e-01 9.00817275e-01
    9.44560051e-01 6.68227792e-01 4.89988446e-01 1.43223166e-01
    2.66316533e-02 7.45176017e-01 7.02277422e-01 1.93115205e-01
    4.51272607e-01 3.12492549e-02 9.73681927e-01 7.37957835e-01
    4.45930749e-01 7.33798742e-02 3.37564081e-01 3.09984267e-01
    1.86592638e-02 4.77026433e-01 7.59569585e-01 2.64545918e-01
    7.37368882e-01 7.17353344e-01 6.90641701e-02 7.59853005e-01
    8.67158473e-01 8.10625434e-01 3.52615654e-01 6.11048877e-01
    3.06063294e-02 1.56623214e-01 5.01291811e-01 9.36083674e-01
    3.50283623e-01 2.51643628e-01 2.00369388e-01 5.05482674e-01
    5.43260574e-01 9.04586315e-02 1.88796550e-01 4.88716364e-03
    7.09485650e-01 2.07748622e-01 8.83590162e-01 2.74172187e-01
    7.99144983e-01 3.67731690e-01 6.41060174e-01 3.30533385e-01
    7.65432477e-01 5.60317516e-01 8.95253181e-01 7.64359593e-01
    8.55151534e-01 3.72375727e-01 9.81712818e-01 8.61342430e-01
    3.20562482e-01 6.59499168e-01 8.45219374e-01 7.73910642e-01
    8.78336072e-01 5.42948604e-01 9.41202164e-01 5.19699872e-01
    8.41868937e-01 4.57697630e-01 5.63449144e-01 7.34148145e-01
    3.66691232e-01 6.28672481e-01 3.56346071e-02 3.98137867e-02
    3.16552341e-01 8.53318214e-01 6.26065791e-01 4.88071620e-01
    6.17829084e-01 1.23761624e-01 5.91197610e-01 8.60248983e-01
    8.44087541e-01 1.10369503e-01 6.48640990e-02 7.76467919e-02
    5.21025360e-02 6.85500383e-01 9.52811420e-01 2.57910132e-01
    3.31020355e-03 4.98240143e-01 8.74066055e-01 8.58521521e-01
    3.95321906e-01 3.04471612e-01 9.52622294e-01 5.73644400e-01
    7.59649158e-01 7.91740179e-01 5.31100273e-01 4.44173336e-01
    3.94444466e-01 7.55878866e-01 6.65988803e-01 4.88055110e-01
    9.17885721e-01 2.99476743e-01 3.75844300e-01 8.63751709e-01
    9.04172599e-01 6.54825926e-01 4.92881298e-01 8.45900297e-01
    5.86586118e-01 7.08750963e-01 4.62579757e-01 9.93392706e-01
    2.12406814e-02 1.47743642e-01 8.77489805e-01 6.17456079e-01
    8.03805113e-01 5.12534857e-01 8.87064934e-02 2.88867295e-01
    9.94674027e-01 4.33046103e-01 3.50149453e-01 2.82593727e-01
    2.21305788e-02 4.12593991e-01 8.09205115e-01 9.38001275e-02
    6.68954492e-01 3.71887475e-01 7.58389235e-01 3.27974081e-01
    6.12851143e-01 5.98481894e-01 4.38934654e-01 5.46150863e-01
    9.37828898e-01 8.39227438e-01 5.99125922e-01 6.67389274e-01
    2.43362963e-01 1.63634241e-01 6.06479764e-01 2.56693512e-01
    9.81527567e-01 4.91749495e-01 6.66554630e-01 7.13581800e-01
    4.88657624e-01 4.25931692e-01 3.41911018e-02 5.88404357e-01
    4.13943380e-01 9.17442322e-01 6.88610196e-01 8.79209042e-01
    7.26476908e-01 3.01409602e-01 4.64176893e-01 7.20548928e-01
    8.29557180e-01 5.11151791e-01 3.84548098e-01 2.85379708e-01
    8.76021981e-01 4.14059818e-01 9.52549219e-01 2.64968097e-01
    2.25955188e-01 2.66083360e-01 6.28743768e-02 1.65525049e-01
    7.79171586e-01 2.72857606e-01 7.37405598e-01 9.75523829e-01
    9.77302432e-01 3.09762716e-01 8.36455584e-01 2.79220164e-01
    4.21361238e-01 1.77285075e-03 9.09304142e-01 7.49499619e-01
    4.18104082e-01 7.15698719e-01 7.32135057e-01 8.47644448e-01
    7.22310543e-01 6.78991318e-01 2.41514891e-01 8.74738455e-01
    5.37030339e-01 8.92820120e-01 8.71066749e-02 5.74279785e-01
    5.42700529e-01 5.06825030e-01 1.84664488e-01 7.59056807e-02
    9.84596491e-01 2.14249462e-01 4.32941675e-01 3.66834134e-01
    6.35715246e-01 1.79303795e-01 4.41895723e-01 4.20920372e-01
    5.35406888e-01 8.91859055e-01 3.41667950e-01 4.08780545e-01
    8.74148726e-01 3.55947822e-01 6.33937716e-01 9.87888575e-02
    3.53081107e-01 2.27022737e-01 7.47163773e-01 3.99754882e-01
    7.12307394e-01 7.94479489e-01 7.01579690e-01 5.31590223e-01
    9.41919684e-02 6.11707330e-01 6.16492152e-01 6.79146051e-02
    9.56321120e-01 2.30835259e-01 4.37016159e-01 3.46894920e-01
    7.68920779e-02 5.14236867e-01 1.41568482e-02 3.32754105e-01
    9.05196190e-01 3.52176338e-01 5.80942154e-01 3.32699925e-01
    4.73419636e-01 2.05035120e-01 1.66043192e-01 4.21667099e-02
    4.10127848e-01 3.25909108e-01 6.68640435e-01 8.16990376e-01
    4.16162193e-01 8.13351572e-01 3.18782806e-01 3.50668967e-01
    2.05827355e-01 2.69446433e-01 6.28746986e-01 3.25743377e-01
    2.01047689e-01 2.30337232e-01 8.70266914e-01 7.75666952e-01
    5.86292267e-01 6.13714933e-01 3.52126658e-01 7.35848188e-01
    5.67935228e-01 1.09445870e-01 5.47793090e-01 9.04894352e-01
    4.85412776e-02 6.86993599e-02 1.30959362e-01 6.42696798e-01
    9.59891081e-01 1.46221936e-01 1.90666735e-01 5.52325785e-01
    3.78523946e-01 1.41652972e-01 1.37116492e-01 4.24237907e-01
    3.52226019e-01 1.88456506e-01 3.98514748e-01 1.98097557e-01
    7.60661721e-01 3.72662812e-01 9.64596510e-01 3.24285954e-01
    5.19395888e-01 6.07717752e-01 7.16883302e-01 3.30576032e-01
    9.10132170e-01 4.34727967e-02 9.57201600e-01 2.21370101e-01
    6.23171806e-01 7.91543007e-01 3.50474894e-01 9.47025895e-01
    9.64239240e-02 9.80203688e-01 8.44998956e-01 8.96648228e-01
    1.16861105e-01 8.67553353e-01 8.99109721e-01 3.59221131e-01
    3.18836212e-01 7.03774929e-01 1.20995700e-01 2.65261531e-01
    9.52869296e-01 9.17870402e-02 8.95980775e-01 7.96895862e-01
    7.85686970e-01 1.66011393e-01 1.15644753e-01 7.39407420e-01
    8.50511312e-01 8.51328433e-01 7.06656158e-01 4.90019470e-01
    9.69359994e-01 1.34091318e-01 4.97074336e-01 5.79210401e-01
    6.80322051e-01 1.97131008e-01 8.44512284e-02 3.65618050e-01
    8.69230926e-01 7.43850887e-01 5.86727262e-01 5.15060544e-01
    7.98854530e-01 1.47463262e-01 5.35068810e-01 6.35274053e-01
    9.98450398e-01 3.94595951e-01 2.49617279e-01 8.13652754e-01
    3.05843174e-01 8.14464569e-01 3.75276357e-01 4.54236150e-01
    7.62082577e-01 5.43035686e-01 2.44878292e-01 5.48473299e-02
    6.00114048e-01 3.76735330e-02 4.12574351e-01 2.68723845e-01
    7.18548477e-01 3.71402502e-01 2.28572011e-01 1.81435823e-01
    4.79706168e-01 1.08218282e-01 3.06495875e-01 3.77828449e-01
    6.62818551e-01 5.07844985e-01 7.23923445e-02 1.69372320e-01
    6.09702408e-01 4.87677127e-01 6.17180943e-01 5.14227390e-01
    5.06012321e-01 3.30571830e-02 6.22192144e-01 2.72529781e-01
    1.46403909e-03 7.42621064e-01 8.80353451e-01 6.79081857e-01
    9.62293029e-01 3.45457017e-01 1.21128201e-01 2.81732976e-01
    4.41559762e-01 8.63237500e-01 4.84175146e-01 4.75868255e-01
    1.20689839e-01 9.43229437e-01 9.56504464e-01 3.22181880e-01
    1.14805430e-01 8.49177003e-01 7.49870062e-01 2.59620041e-01
    1.26063138e-01 7.10898876e-01 1.60133958e-01 3.98321629e-01
    2.96607167e-01 4.84690160e-01 5.08521199e-01 5.25760889e-01
    2.01186806e-01 3.07929218e-02 3.69708538e-01 5.24643362e-02
    3.83768499e-01 6.23870552e-01 4.69292194e-01 8.28558683e-01
    5.53320944e-02 7.25997090e-01 2.81836540e-01 3.91818583e-01
    3.61673743e-01 2.15489358e-01 9.93249297e-01 7.04295278e-01
    9.11238194e-02 7.96070337e-01 3.41307789e-01 3.45916867e-01
    1.84938371e-01 1.19599521e-01 9.83204842e-01 6.01832747e-01
    5.61876774e-01 5.67714989e-01 5.84815264e-01 3.34368408e-01
    5.59190750e-01 5.75272739e-01 3.36144626e-01 6.92736447e-01
    1.74994498e-01 3.05428267e-01 1.95021600e-01 5.84810078e-01
    1.32508159e-01 8.52056980e-01 6.06360912e-01 1.97295040e-01
    5.41392207e-01 9.37032700e-01 9.02180076e-01 6.58601522e-01
    3.87585104e-01 4.59837139e-01 9.95366812e-01 9.03033018e-01
    3.99815947e-01 5.15553057e-02 2.49522984e-01 7.69943833e-01
    9.97798920e-01 1.42341822e-01 4.30031002e-01 4.88983929e-01
    7.83482552e-01 5.01246095e-01 7.20463634e-01 3.32821250e-01
    3.34076047e-01 9.63882804e-01 2.80634820e-01 7.75233984e-01
    1.36825234e-01 7.23288834e-01 8.42498064e-01 5.80448866e-01
    9.96206045e-01 4.48662043e-01 3.89408976e-01 6.31769955e-01
    7.72907078e-01 3.50855470e-01 2.51392484e-01 5.84288239e-01
    8.00037384e-01 5.38800478e-01 4.38267827e-01 7.72446990e-01
    1.73024446e-01 5.42047679e-01 8.29316974e-01 9.98171687e-01
    8.72121453e-01 6.84866667e-01 1.25156164e-01 8.36644292e-01
    1.74951285e-01 9.30709958e-01 9.88107622e-01 1.03253812e-01
    9.95184958e-01 3.87709260e-01 5.46036720e-01 6.66750252e-01
    4.36674654e-01 9.97160077e-01 3.23583990e-01 2.33406007e-01
    6.91852152e-01 9.46172774e-02 6.72147632e-01 5.22840440e-01
    4.42132354e-03 7.24718869e-01 3.43300283e-01 2.49157012e-01
    3.04787695e-01 8.30404282e-01 2.79736161e-01 4.46492791e-01
    2.37698257e-01 9.16571021e-01 9.69744802e-01 5.09346366e-01
    9.61745083e-01 2.51235604e-01 5.77840209e-02 5.86818635e-01
    1.82581335e-01 4.52761263e-01 4.42260325e-01 1.63875788e-01
    4.02179599e-01 4.43493575e-01 2.14993238e-01 9.80573654e-01
    7.55825520e-01 2.04632431e-01 4.60403860e-02 6.55021727e-01
    8.00787210e-01 9.05832291e-01 6.65417612e-02 3.65696669e-01
    4.74432647e-01 7.39010155e-01 4.53753591e-01 8.39441776e-01
    3.09195518e-01 9.47485805e-01 3.12232673e-02 8.30878198e-01
    9.01235223e-01 4.05281663e-01 2.95293629e-02 7.58054852e-02
    6.64565563e-02 1.85547113e-01 5.78223705e-01 3.72869313e-01
    4.62338895e-01 6.41104519e-01 8.80629301e-01 1.29690230e-01
    9.37235832e-01 2.53828883e-01 8.58496308e-01 2.93550789e-02
    9.73284245e-01 5.93987823e-01 7.17800021e-01 8.43699336e-01
    3.83658737e-01 8.50558698e-01 8.67108345e-01 3.90930474e-01
    3.73631537e-01 9.88138914e-01 8.90766740e-01 3.50437701e-01
    2.96819299e-01 2.70654559e-01 7.54485488e-01 2.83985794e-01
    5.61317682e-01 5.72828948e-01 5.64877152e-01 3.61252129e-01
    5.53899348e-01 8.60140502e-01 9.85851407e-01 2.61672616e-01
    5.80024302e-01 1.20016336e-02 3.11814725e-01 4.96713519e-01
    2.69233286e-01 5.36698699e-01 6.03340328e-01 2.28599459e-01
    9.75530624e-01 3.73084962e-01 3.20991784e-01 4.71283615e-01
    5.33582449e-01 3.65017056e-01 2.81931758e-01 1.97027147e-01
    7.30996430e-01 6.78118348e-01 7.05804348e-01 4.04098928e-02
    7.48886526e-01 3.80401045e-01 7.07626343e-04 5.24886370e-01
    6.98609352e-01 4.89006519e-01 8.88213277e-01 4.97949302e-01
    6.93149805e-01 4.15113181e-01 7.87294686e-01 8.05264711e-01
    4.20650214e-01 5.28082371e-01 7.11732090e-01 8.23140025e-01
    9.63259041e-02 9.75862682e-01 2.90693462e-01 3.40647161e-01
    9.51496601e-01 3.24951112e-02 8.68145466e-01 4.36187565e-01
    3.99275959e-01 5.71734548e-01 4.07747924e-02 9.17504430e-02
    3.16504210e-01 9.03442025e-01 3.20260882e-01 1.81920797e-01
    2.06425637e-01 4.11041319e-01 1.25487775e-01 1.51623219e-01
    6.43418133e-02 8.61267447e-02 4.16455865e-01 6.00714803e-01
    1.45524710e-01 7.25537896e-01 8.81871939e-01 8.87560725e-01
    7.65969515e-01 1.45691901e-01 2.97255039e-01 9.80336070e-02
    4.12088275e-01 6.26235723e-01 9.22731936e-01 9.30974483e-01
    4.62952048e-01 9.31202114e-01 2.87350625e-01 5.31571805e-01
    1.24010295e-01 9.38762546e-01 5.52670360e-01 2.99634308e-01
    1.72408253e-01 7.98990488e-01 5.67825556e-01 9.05974150e-01
    3.82048756e-01 5.95623255e-03 3.33902866e-01 5.34182787e-01
    4.09840256e-01 6.53486252e-01 2.68926144e-01 3.56374145e-01
    7.38067687e-01 2.41831541e-01 3.35412055e-01 1.50941163e-01
    4.68035817e-01 1.97053194e-01 1.44449890e-01 3.67933035e-01
    8.08775306e-01 9.95707512e-01 2.52570003e-01 7.99804211e-01
    8.94002676e-01 1.87177449e-01 9.33645129e-01 2.43285358e-01
    2.82423526e-01 9.45013165e-02 6.49836540e-01 5.55950642e-01
    6.80882812e-01 4.28782105e-01 1.26057118e-01 2.01283008e-01
    9.45165813e-01 4.28763449e-01 9.41212416e-01 4.51268643e-01
    5.61503410e-01 2.43841261e-01 8.14924061e-01 9.19471622e-01
    1.57257199e-01 8.62716258e-01 1.46650970e-01 3.87263834e-01
    9.19048190e-01 8.99788439e-02 9.11270976e-01 3.37997735e-01
    5.56220710e-02 5.45624137e-01 4.19136852e-01 1.02356613e-01
    2.48559862e-01 1.06340587e-01 6.34357572e-01 8.95273685e-01
    5.91645956e-01 5.16244233e-01 9.63703632e-01 5.22822976e-01
    7.71847248e-01 7.29379177e-01 8.50188792e-01 7.16017723e-01
    3.31578285e-01 1.13585919e-01 4.34718490e-01 3.44313145e-01
    3.99333179e-01 3.96057278e-01 5.92606962e-01 8.62851381e-01
    8.89275372e-01 5.78354597e-02 5.83791137e-01 3.12375367e-01
    9.93884444e-01 7.94245481e-01 9.44108605e-01 3.28672051e-01
    8.83038878e-01 5.94594002e-01 5.60146034e-01 9.48812664e-01
    4.22041267e-01 5.75479329e-01 8.87153625e-01 6.93669081e-01
    1.40311748e-01 9.27285790e-01 4.82519656e-01 9.88519192e-03
    5.32669365e-01 6.46470547e-01 3.82611066e-01 7.50410199e-01
    4.52640325e-01 7.82778561e-01 1.55829519e-01 6.68714821e-01
    5.43263555e-01 4.41956580e-01 2.48792768e-03 2.04460323e-01
    5.06254435e-01 6.57460690e-01 5.85799217e-02 2.17568994e-01
    5.16807854e-01 5.90121269e-01 1.14716202e-01 6.55011952e-01
    3.53688598e-01 1.42901778e-01 3.55575562e-01 6.57429278e-01
    1.50098175e-01 4.80641544e-01 4.47237492e-02 1.78223789e-01
    9.04756367e-01 6.40087783e-01 3.94262493e-01 4.64812011e-01
    7.70962834e-01 7.39584148e-01 7.22886264e-01 6.47484720e-01
    3.85873646e-01 3.88951302e-01 8.82576227e-01 8.65099430e-01
    6.59006298e-01 5.34792542e-01 2.99943388e-01 5.00582457e-02
    3.24638784e-02 9.75122154e-01 3.46723616e-01 7.99665332e-01
    8.53754342e-01 1.81476295e-01 3.00576687e-01 9.92728114e-01
    7.03373790e-01 9.64424133e-01 8.41961563e-01 6.38124645e-01
    1.52966827e-01 2.24015802e-01 6.51657343e-01 5.77279389e-01
    3.24884683e-01 7.58984208e-01 2.32417583e-02 5.16361177e-01
    3.62866402e-01 4.85002995e-01 3.40086222e-01 6.85319424e-01
    8.41125548e-02 9.77887809e-01 3.88369381e-01 5.13336957e-01
    1.62126333e-01 1.77419484e-02 8.15683603e-01 5.67577362e-01
    7.94507861e-02 8.54326129e-01 2.69648403e-01 2.67035186e-01
    1.10952586e-01 4.36374545e-03 4.12119806e-01 8.80487442e-01
    9.36807096e-02 6.93146944e-01 1.34709477e-01 4.72104967e-01
    3.48707199e-01 2.33747423e-01 1.48874700e-01 6.96632564e-01
    7.27634311e-01 5.73840439e-01 7.00225174e-01 1.30715311e-01
    2.54867524e-01 2.15688050e-02 4.67306793e-01 1.62351221e-01
    8.52196693e-01 8.99541914e-01 9.13327038e-02 2.62766361e-01
    2.90666878e-01 3.66740942e-01 6.38885200e-02 1.99064672e-01
    2.52039671e-01 9.93717909e-01 2.29846835e-02 6.44074202e-01
    8.46526384e-01 6.04712188e-01 7.11673498e-02 6.07467890e-02
    3.23568135e-01 7.05359101e-01 8.18293214e-01 2.41064966e-01
    9.64402676e-01 2.26917803e-01 7.96159089e-01 4.02385682e-01
    2.12033480e-01 1.79213285e-02 1.20069981e-01 3.20660919e-01
    4.67267692e-01 9.01729226e-01 4.07943159e-01 1.79809332e-01
    4.94521320e-01 4.18277115e-01 6.59335017e-01 5.21090627e-01
    9.93107319e-01 9.94300961e-01 8.69280517e-01 8.62787664e-02
    3.48755807e-01 1.46852016e-01 4.25147593e-01 3.40278745e-01
    6.96148753e-01 9.24706340e-01 3.50735188e-02 9.20157433e-01
    3.95998061e-02 8.48501682e-01 9.82235849e-01 6.90563202e-01
    7.24767208e-01 6.95160270e-01 8.30420971e-01 9.29783344e-01
    7.84222126e-01 3.66538018e-01 4.19976324e-01 5.89377880e-01
    9.89837348e-02 7.02225685e-01 2.18750387e-01 4.62083399e-01
    7.68903971e-01 8.79959464e-02 5.35175383e-01 9.95798230e-01
    2.06743151e-01 7.97582984e-01 8.08195829e-01 9.52599585e-01
    5.40922105e-01 9.30227518e-01 3.50866497e-01 6.64441645e-01
    9.19013381e-01 3.65789831e-01 5.81532001e-01 1.57450318e-01
    2.59625435e-01 6.85284317e-01 2.25325376e-01 2.03714460e-01
    7.41558790e-01 7.44629085e-01 7.68732667e-01 1.14716560e-01
    9.51786399e-01 4.33835566e-01 8.08725953e-01 8.92624080e-01
    8.86992514e-01 2.71412224e-01 3.05269659e-02 4.73702163e-01
    4.68704045e-01 4.70549196e-01 9.93259907e-01 6.04695201e-01
    8.09991360e-03 3.87198567e-01 9.27796543e-01 7.53048658e-01
    2.79715836e-01 5.93174398e-02 9.25758481e-01 5.63681185e-01
    4.78897244e-01 6.82795167e-01 9.93649840e-01 6.13255262e-01
    1.24797404e-01 1.58361554e-01 5.63502610e-01 8.17408741e-01
    7.68941045e-01 3.25057954e-01 5.81064463e-01 5.43875098e-01
    9.07482505e-02 2.70304590e-01 5.00501513e-01 8.05138946e-01
    8.80431414e-01 8.42586398e-01 4.34469581e-02 6.74743891e-01
    3.18560779e-01 7.96911359e-01 1.22526377e-01 1.55940026e-01
    8.67285430e-02 2.48619914e-02 1.79151297e-01 3.20616484e-01
    6.32229626e-01 1.14565700e-01 1.31247729e-01 2.64886290e-01
    6.51606679e-01 6.10939860e-01 2.68027604e-01 4.25985426e-01
    2.79049516e-01 6.46446288e-01 7.29518652e-01 2.11715430e-01
    4.47491229e-01 4.37128603e-01 1.18000507e-01 3.06039512e-01
    4.17526424e-01 5.60237050e-01 8.98837686e-01 5.33790886e-02
    3.16252440e-01 4.68048096e-01 9.27719474e-02 3.65109712e-01
    5.12792110e-01 2.07202256e-01 6.88820004e-01 9.90790725e-02
    1.76578432e-01 2.18054533e-01 1.67045534e-01 2.98717320e-01
    6.40322626e-01 6.10401511e-01 7.42959499e-01 8.26090455e-01
    9.95056152e-01 1.08512014e-01 7.60582685e-01 6.62784040e-01
    3.33368361e-01 7.74253726e-01 5.33601582e-01 1.82075500e-02
    7.65393972e-01 8.83353829e-01 8.18309546e-01 8.88026237e-01
    2.91145086e-01 6.30844414e-01 9.88167644e-01 1.25950575e-03
    7.49195457e-01 8.56665611e-01 9.34183359e-01 6.99435830e-01
    9.03824508e-01 6.95130944e-01 2.77935803e-01 9.51735377e-01
    9.44994390e-02 7.42921352e-01 7.05883324e-01 2.73350358e-01
    5.86977065e-01 4.03820753e-01 5.32722950e-01 7.76755214e-01
    8.70009661e-02 4.86403942e-01 8.18595588e-02 8.69043589e-01
    5.77383995e-01 2.94383049e-01 2.80353278e-01 7.16700494e-01
    7.58772194e-01 4.29397464e-01 8.68266940e-01 9.25851941e-01
    5.94723880e-01 8.01108837e-01 7.10442722e-01 1.57303512e-02
    5.31712592e-01 8.51620317e-01 6.48489177e-01 9.97517288e-01
    6.69812202e-01 9.81540561e-01 7.20829964e-01 2.40907550e-01
    7.34531283e-01 3.88765782e-01 4.27751511e-01 6.59401536e-01
    7.97522545e-01 3.09750736e-02 3.25266421e-01 7.77983367e-02
    2.26102471e-02 7.24785030e-01 9.59520698e-01 7.84918666e-01
    9.66239333e-01 5.71521521e-01 3.77874672e-01 6.97210908e-01
    7.64182031e-01 2.90174663e-01 7.69103885e-01 9.09167528e-01
    4.09641713e-01 3.66772115e-01 8.89972985e-01 5.45302868e-01
    5.16322494e-01 3.86810184e-01 7.86410332e-01 7.62111425e-01
    3.73511463e-01 9.72502112e-01 9.82863307e-02 4.28754449e-01
    7.63915181e-01 2.93106079e-01 9.86423731e-01 6.08371019e-01
    5.27856767e-01 5.27274489e-01 1.75664008e-01 5.79071164e-01
    4.78251487e-01 6.00425363e-01 5.05293846e-01 5.18001139e-01
    4.93257433e-01 3.74436229e-01 1.81040764e-01 1.01761192e-01
    9.00307417e-01 3.52199465e-01 3.12481880e-01 1.78147107e-01
    8.63547206e-01 8.80334556e-01 2.10716426e-01 5.20524085e-01
    1.03153527e-01 9.76020515e-01 9.24981952e-01 7.97517002e-02
    5.08459985e-01 4.16154444e-01 3.24850917e-01 7.27533698e-01
    6.47139490e-01 3.52596879e-01 7.62448549e-01 9.25338149e-01
    7.47326016e-02 9.54230547e-01 6.54022157e-01 1.65831238e-01
    8.12600732e-01 2.99101710e-01 2.83402771e-01 5.06164730e-02
    7.79038012e-01 9.16641712e-01 7.29554176e-01 1.38472438e-01
    2.14620799e-01 9.68307257e-03 7.06344247e-01 8.64889503e-01
    5.45887113e-01 3.26879323e-02 7.79712439e-01 1.28160477e-01
    5.11492550e-01 7.76122808e-01 2.24659592e-01 7.87928104e-01
    7.63800919e-01 8.29265356e-01 8.80160689e-01 7.96662152e-01
    7.01297641e-01 5.94461799e-01 6.51671052e-01 8.58037949e-01
    9.08332765e-01 4.86171395e-01 6.05281293e-01 6.13682985e-01
    7.45127201e-01 2.75064111e-02 4.82831836e-01 5.45740485e-01
    3.42003703e-01 2.28933215e-01 8.22722554e-01 8.84150028e-01
    7.47104824e-01 5.46008170e-01 7.74541378e-01 2.26459026e-01
    1.29065663e-01 4.39791352e-01 2.81857729e-01 2.87255883e-01
    5.15494406e-01 6.99343383e-02 3.18725169e-01 5.91441989e-01
    4.41649318e-01 3.79474759e-02 1.61820114e-01 3.32817495e-01
    4.96732682e-01 3.48170727e-01 5.70003688e-01 8.82120967e-01
    7.61998296e-02 5.02595127e-01 8.66486907e-01 6.74205303e-01
    5.74502289e-01 8.42646658e-01 8.06864858e-01 1.03583336e-02
    8.20606470e-01 6.25312388e-01 9.71840441e-01 2.58444846e-01
    7.72442639e-01 8.30632627e-01 3.39737833e-02 3.93504322e-01
    9.15252805e-01 2.97373474e-01 4.66695130e-02 5.48482895e-01
    9.48326349e-01 6.54718578e-01 8.44755411e-01 1.99570864e-01
    2.80963004e-01 3.49682570e-01 4.93334413e-01 9.02180195e-01
    5.77478290e-01 1.84979707e-01 3.30069900e-01 4.32806849e-01
    7.28488803e-01 7.39868820e-01 4.57667798e-01 8.72030854e-01
    5.33311844e-01 7.50884712e-01 6.56107128e-01 5.24806023e-01
    9.55007792e-01 9.97099280e-03 1.76603556e-01 2.56879270e-01
    3.16394627e-01 9.02405560e-01 5.18443584e-02 7.40774155e-01
    4.02135581e-01 9.35342669e-01 2.04877049e-01 5.12033522e-01
    8.71594608e-01 2.40813583e-01 1.60259306e-02 2.21877486e-01
    7.19649374e-01 8.01679373e-01 5.42927682e-01 6.24413013e-01
    3.45634699e-01 9.01212931e-01 4.78550196e-01 3.29522133e-01
    3.19364339e-01 9.55890119e-02 3.16863269e-01 9.34390187e-01
    9.46596265e-01 1.71662033e-01 8.69097471e-01 6.81721032e-01
    6.77282631e-01 3.54855359e-01 8.52017403e-01 5.66362560e-01
    4.64553714e-01 7.30418563e-01 3.17883730e-01 9.13748741e-01
    3.15079838e-01 9.27601695e-01 1.40012711e-01 7.98219919e-01
    5.96935093e-01 5.08073390e-01 5.00294924e-01 2.19306648e-02
    5.20707428e-01 7.87037611e-03 5.36767125e-01 7.23528028e-01
    8.98004949e-01 1.96623683e-01 3.80577803e-01 5.24380803e-01
    1.12861395e-04 1.22051358e-01 7.33435094e-01 9.32633996e-01
    1.91043079e-01 2.36434102e-01 7.89167106e-01 4.08543259e-01
    9.56119657e-01 4.42380071e-01 8.76385033e-01 9.48872864e-02
    3.49507272e-01 1.99539930e-01 9.29673672e-01 7.85945117e-01
    3.34091246e-01 3.31239462e-01 5.34955204e-01 9.98882830e-01
    5.52884638e-01 5.58352947e-01 2.04830199e-01 4.36104834e-01
    9.60559189e-01 9.82551396e-01 5.58016896e-01 7.18205869e-01
    4.79155064e-01 9.38102067e-01 9.73115087e-01 4.88735139e-02
    8.62312198e-01 2.53603011e-01 9.12784874e-01 4.74432409e-01
    3.70627344e-01 8.87927830e-01 9.08471227e-01 8.21287990e-01
    9.18245912e-01 8.44648480e-02 6.72913134e-01 7.76788831e-01
    9.66334224e-01 9.97013330e-01 8.09818149e-01 2.50654936e-01
    8.92955840e-01 7.57325470e-01 8.83990526e-01 1.23749316e-01
    9.61135805e-01 2.22077072e-01 8.03269148e-01 2.66922235e-01
    8.08675766e-01 9.39881086e-01 6.50266111e-01 2.88012415e-01
    6.28394365e-01 3.03459048e-01 4.11229581e-01 7.34110236e-01
    9.29362178e-01 1.14137053e-01 1.30993813e-01 8.61658931e-01
    7.32217789e-01 6.95160329e-01 6.96249425e-01 5.63809514e-01
    4.76704240e-02 6.51343584e-01 2.56662548e-01 5.91385961e-02
    5.71693838e-01 9.29856598e-01 9.56957579e-01 9.93171751e-01
    3.84104133e-01 5.27110100e-01 5.01822352e-01 1.32299662e-01
    6.18460059e-01 7.09616542e-01 3.04323256e-01 5.76965630e-01
    5.02675116e-01 5.46436489e-01 3.41608047e-01 2.63113588e-01
    6.84884071e-01 4.72515225e-01 2.68334270e-01 4.61565942e-01
    1.74574763e-01 8.23573768e-02 2.30891973e-01 4.27238315e-01
    8.38861644e-01 1.05689764e-02 8.57301891e-01 1.25721902e-01
    1.45058423e-01 2.81561643e-01 8.13134968e-01 7.55204797e-01
    8.46204460e-01 6.82836175e-02 4.34533358e-01 4.19718951e-01
    8.61799359e-01 4.96641457e-01 2.04560816e-01 3.55900377e-01
    3.15032810e-01 4.50955153e-01 7.97097921e-01 6.94196820e-02
    4.03122604e-01 3.76956791e-01 2.44241357e-02 3.72812390e-01
    7.08168745e-01 1.26959085e-02 9.33736444e-01 3.70606005e-01
    8.77603889e-02 7.98480868e-01 2.83587068e-01 1.29428416e-01
    3.57780039e-01 3.77942204e-01 5.08222163e-01 1.57847494e-01
    7.39448667e-02 8.02851081e-01 7.01266646e-01 6.31230056e-01
    6.93496406e-01 5.46929359e-01 7.60136366e-01 6.26258492e-01
    5.99067926e-01 9.96147275e-01 6.10180795e-02 7.40772784e-02
    7.31767893e-01 2.17116892e-01 2.98588842e-01 8.25626969e-01
    9.76613700e-01 5.77552795e-01 7.63366818e-01 8.64050269e-01
    3.24594975e-01 1.29173756e-01 5.35610974e-01 2.89891660e-01
    3.12083781e-01 3.05595040e-01 8.83724570e-01 1.11930579e-01
    3.65228444e-01 4.27352488e-01 3.16340506e-01 1.19940281e-01
    6.68219328e-01 9.52390850e-01 3.53826344e-01 1.94781452e-01
    9.10202742e-01 5.55252433e-01 7.61335850e-01 1.95741922e-01
    8.78685713e-01 3.42171550e-01 4.43319321e-01 4.06150669e-01
    9.95658636e-01 5.23237765e-01 5.83634019e-01 4.07432616e-01
    1.03414655e-02 7.24458218e-01 9.95815396e-01 6.95181608e-01
    9.47818518e-01 4.46261138e-01 8.41393352e-01 9.00543094e-01
    4.62195426e-01 3.18391383e-01 2.33935475e-01 1.62399083e-01
    8.92868042e-02 2.36941040e-01 9.96024251e-01 6.81486547e-01
    6.03968978e-01 9.79712069e-01 8.77430141e-01 7.27079928e-01
    1.56315267e-02 8.38450968e-01 7.96242356e-01 7.46788025e-01
    2.29055673e-01 4.33791459e-01 6.05657935e-01 4.17593658e-01
    5.44863820e-01 2.91583598e-01 3.20818424e-01 1.43025696e-01
    5.77614486e-01 8.04874361e-01 2.27769375e-01 7.48318553e-01
    1.33696347e-01 9.82660294e-01 7.37458467e-01 5.65321028e-01
    5.22588432e-01 3.03719044e-02 7.55317211e-01 5.23685932e-01
    8.46709847e-01 8.29370677e-01 5.70718169e-01 7.52203941e-01
    5.07134199e-01 4.09951597e-01 3.35698128e-01 3.91845047e-01
    1.40533179e-01 6.37797236e-01 9.54741418e-01 8.41484904e-01
    7.43132472e-01 9.01280046e-01 1.82009995e-01 8.55772078e-01
    2.31291205e-01 1.81053311e-01 8.24607015e-02 3.39251995e-01
    4.52467322e-01 1.48206055e-02 8.76306951e-01 7.48396814e-02
    5.17026365e-01 3.80828440e-01 1.06147528e-01 7.22954273e-02
    2.64344990e-01 9.68603730e-01 9.15774345e-01 5.50276041e-03
    2.84862697e-01 7.52695918e-01 5.97264588e-01 1.35369599e-02
    4.14471298e-01 3.37938905e-01 7.94756770e-01 2.91038215e-01
    7.65056193e-01 1.49604619e-01 9.26689863e-01 4.86176640e-01
    2.91856200e-01 1.70413762e-01 2.80652672e-01 8.01422894e-01
    8.53416741e-01 7.18369484e-01 1.96307838e-01 5.61502278e-02
    6.48477554e-01 4.89593774e-01 2.16114730e-01 6.85104728e-01
    7.57696390e-01 2.28649408e-01 1.25181377e-02 1.08725697e-01
    1.09544516e-01 8.88040900e-01 6.01506591e-01 3.34293067e-01
    9.65425134e-01 2.16101319e-01 1.31913424e-01 2.25939870e-01
    1.70138747e-01 7.38471448e-01 6.71055198e-01 1.05946124e-01
    7.16239214e-04 6.45987511e-01 1.86608464e-01 5.70941031e-01
    9.25878286e-01 9.28825855e-01 1.03007317e-01 6.63197219e-01
    3.14303935e-02 4.36894894e-02 5.13890505e-01 5.15566170e-01
    7.68142939e-01 4.51112956e-01 4.38475013e-02 4.90840673e-02
    9.89121914e-01 7.39363909e-01 2.79022574e-01 8.49189878e-01
    1.53531581e-01 3.01662683e-02 7.95573950e-01 7.77803063e-01
    8.77142906e-01 9.86503482e-01 1.10111892e-01 2.65615284e-01
    1.14395708e-01 1.51462227e-01 8.78227890e-01 8.08213353e-01
    7.10206032e-01 3.33064169e-01 2.88090378e-01 8.24700415e-01
    2.81680524e-01 7.80381858e-02 1.30080700e-01 2.18414962e-01
    9.03993785e-01 3.03645968e-01 3.50689381e-01 4.81042355e-01
    3.18733215e-01 3.54201853e-01 9.65875685e-02 8.11090350e-01
    6.16613150e-01 4.12812889e-01 8.97955716e-01 6.14542544e-01
    1.00294352e-02 8.35765243e-01 1.51981413e-02 6.07468128e-01
    2.02464998e-01 9.96521771e-01 4.96219844e-01 3.26770008e-01
    5.50597250e-01 9.37539756e-01 1.67425841e-01 5.66020370e-01
    8.74620140e-01 6.00784659e-01 1.79850280e-01 8.76270831e-02
    6.00729048e-01 2.51177788e-01 1.67489886e-01 2.26528108e-01
    1.51159644e-01 7.78091550e-01 8.40640545e-01 8.80753636e-01
    4.36138213e-01 3.04409832e-01 9.25696015e-01 6.16846204e-01
    4.20442522e-01 4.45401728e-01 4.19479907e-01 8.84240270e-01
    8.65263104e-01 6.45090461e-01 6.03187799e-01 1.04273260e-01
    5.01841903e-01 7.24049032e-01 3.32563996e-01 5.56726873e-01
    4.45496559e-01 2.79158801e-01 1.94162339e-01 3.89639676e-01
    5.88584781e-01 2.88475513e-01 5.77627897e-01 9.89479840e-01
    9.21123028e-02 5.65357089e-01 8.20256472e-01 1.71252161e-01
    2.71394849e-01 4.03211594e-01 6.40706420e-01 8.57076168e-01
    4.78057921e-01 1.67895913e-01 6.16091847e-01 2.87573934e-02
    9.99217749e-01 3.22702378e-01 1.86306238e-03 5.94031990e-01
    7.07321525e-01 9.49920535e-01 4.97441471e-01 1.90295219e-01
    3.88122886e-01 2.08518505e-02 5.52068651e-01 9.24228489e-01
    4.21048015e-01 2.20221132e-01 5.59436977e-02 4.76193130e-01
    2.13725418e-01 3.62468660e-01 1.05957270e-01 8.52857113e-01
    2.47983068e-01 1.85483158e-01 3.76952320e-01 8.48658860e-01
    9.41508055e-01 3.73424768e-01 8.81908178e-01 3.58468115e-01
    9.10934687e-01 3.70210588e-01 2.69935608e-01 6.39179349e-01
    5.73795557e-01 9.86212552e-01 7.06345797e-01 8.60574543e-01
    4.66257989e-01 2.07809806e-01 1.17721647e-01 5.43367624e-01
    4.98465061e-01 7.95674384e-01 4.14670020e-01 1.55770630e-01
    3.14653575e-01 8.99903655e-01 5.26202083e-01 8.37869167e-01
    7.18765438e-01 1.45491570e-01 7.18746245e-01 3.81888539e-01
    3.21478993e-01 7.80203938e-03 2.22215861e-01 1.22137249e-01
    4.75023270e-01 3.84497464e-01 5.93370199e-02 3.94545555e-01
    3.81284654e-01 8.82573843e-01 6.17684245e-01 8.26917231e-01
    7.67457247e-01 6.59136474e-02 6.08320713e-01 1.12208396e-01
    4.87739801e-01 5.82222760e-01 9.53360438e-01 7.24636555e-01
    7.47007132e-01 7.53157258e-01 6.28983319e-01 9.13893878e-01
    3.81433606e-01 7.27046132e-01 4.16520119e-01 5.34055173e-01
    4.61910605e-01 5.09458065e-01 1.43878430e-01 6.37800932e-01
    2.80546129e-01 5.40315926e-01 3.20387930e-01 5.53541183e-02
    3.88803750e-01 6.45586967e-01 4.15976465e-01 4.72122043e-01
    4.70098853e-01 7.34731317e-01 1.50659531e-01 8.61899734e-01
    9.85170722e-01 4.65254486e-01 6.21807575e-01 4.79511470e-01
    4.59751576e-01 6.77863240e-01 9.37784195e-01 7.78033972e-01
    1.48508430e-01 8.12382877e-01 9.83992100e-01 4.83273178e-01
    6.21302843e-01 4.75970924e-01 1.47563279e-01 3.70653331e-01
    3.46361369e-01 3.93651873e-01 5.89568913e-01 3.15597951e-01
    1.30719006e-01 3.53191316e-01 6.54941440e-01 5.47803700e-01
    3.23854506e-01 9.16857719e-01 3.00381720e-01 3.97655129e-01
    3.18864226e-01 3.89927775e-01 1.44720793e-01 7.07558513e-01
    2.04208612e-01 2.52041310e-01 5.64244688e-01 1.66789085e-01
    6.46499872e-01 9.12023067e-01 3.37489873e-01 2.79007256e-01
    5.82747042e-01 4.13021743e-01 9.27826405e-01 4.31162477e-01
    9.89996374e-01 5.73587894e-01 2.75691777e-01 9.71156240e-01
    8.70645523e-01 1.36061281e-01 9.27845597e-01 1.34986222e-01
    4.82971609e-01 3.13226134e-01 9.34856415e-01 9.87839699e-02
    9.48939204e-01 2.46317387e-01 6.22762024e-01 2.85323083e-01
    4.87960100e-01 4.41804618e-01 1.03289276e-01 4.55933988e-01
    3.15149277e-01 9.48503911e-02 3.56096506e-01 6.47954464e-01
    4.67498720e-01 1.16321325e-01 8.99899364e-01 9.63231564e-01
    1.09349489e-02 6.05508447e-01 7.15466321e-01 6.21896803e-01
    2.62978077e-01 1.16974860e-01 8.69719446e-01 7.81523824e-01
    6.21811926e-01 5.28255105e-01 4.96944636e-01 5.68043351e-01
    6.69124246e-01 1.34515464e-01 2.21431941e-01 2.89588749e-01
    7.38878667e-01 4.22681093e-01 5.31010032e-01 2.41318792e-01
    1.73468828e-01 2.27525532e-01 4.87612933e-01 8.77521157e-01
    5.25698662e-01 3.35979879e-01 7.17443347e-01 3.52685332e-01
    8.20815682e-01 8.14452171e-01 5.42065501e-03 1.40382916e-01
    7.17844427e-01 7.18116701e-01 7.02973485e-01 3.02658230e-01
    9.08826351e-01 1.53690994e-01 7.01155126e-01 9.16536868e-01
    5.43252528e-02 2.46245861e-02 3.30157489e-01 5.87047398e-01
    3.61558199e-01 1.21086925e-01 7.71677613e-01 9.90521491e-01
    6.06371045e-01 7.91143417e-01 3.90489727e-01 6.27974868e-01
    6.98515594e-01 3.49291623e-01 6.15006924e-01 4.49144125e-01
    4.34736967e-01 9.14672017e-02 4.43130404e-01 9.54471171e-01
    2.85009503e-01 4.93675739e-01 2.94394672e-01 1.51708901e-01
    3.10350925e-01 1.90357715e-01 6.99373841e-01 6.08786643e-01
    5.28386891e-01 7.59868562e-01 2.63127089e-02 7.72367239e-01
    5.06379068e-01 5.82753539e-01 6.54735684e-01 7.33907402e-01
    2.28008896e-01 8.31471145e-01 6.91559851e-01 3.26965392e-01
    8.62729549e-02 1.44900382e-02 1.82928443e-01 4.92841959e-01
    2.95811296e-02 9.00795937e-01 1.65692270e-02 2.96615601e-01
    6.94355607e-01 9.62174833e-01 3.90570968e-01 4.61092651e-01
    1.25310391e-01 1.76365584e-01 7.74947882e-01 5.30540347e-01
    8.82414937e-01 3.50094974e-01 8.62992942e-01 8.06750417e-01
    9.88607764e-01 3.05879772e-01 4.97427553e-01 7.50666022e-01
    4.58845258e-01 7.56774545e-02 4.75222468e-01 5.92311323e-01
    2.14666843e-01 7.85848260e-01 4.31409508e-01 7.46936381e-01
    5.90662181e-01 7.13665903e-01 2.70863175e-01 7.48478889e-01
    6.89089537e-01 1.69151038e-01 2.76447475e-01 8.99763763e-01
    2.98579633e-02 7.83856332e-01 2.73294747e-01 7.31179714e-02
    1.92598999e-01 3.99794281e-01 8.71701837e-01 1.17729843e-01
    5.34998059e-01 3.97186100e-01 2.04130411e-01 4.85692918e-01
    1.53074920e-01 7.14129984e-01 3.93962443e-01 9.71413314e-01
    5.13880908e-01 9.43137050e-01 7.27113068e-01 4.11927760e-01
    4.66373831e-01 5.70377588e-01 7.12833107e-02 7.73600042e-02
    3.73254120e-01 6.08491838e-01 7.97571421e-01 5.31151116e-01
    8.99794340e-01 2.67245471e-01 6.35730088e-01 1.64333612e-01
    4.91915047e-02 8.38537812e-01 2.22489059e-01 9.17930305e-01
    6.74426556e-01 7.96591282e-01 5.53730845e-01 4.85421658e-01
    2.16592729e-01 9.84355927e-01 5.93073547e-01 9.30611312e-01
    3.35471690e-01 3.63931149e-01 8.25531363e-01 6.36010051e-01
    4.93591696e-01 3.61017525e-01 6.43753707e-02 8.37844312e-02
    2.20228344e-01 2.34184563e-01 6.86563253e-01 3.35630357e-01
    4.34058070e-01 6.41698658e-01 4.96318609e-01 9.29674506e-01
    6.02775097e-01 5.39494455e-01 9.89801228e-01 2.06478536e-02
    7.68763185e-01 5.48460066e-01 9.37649965e-01 5.32693863e-01
    7.01865554e-02 1.37719363e-01 2.72432864e-02 8.39572549e-02
    4.48598683e-01 1.18342042e-01 2.75315136e-01 7.30882883e-01
    1.59426838e-01 8.64668250e-01 8.70939910e-01 7.38407254e-01
    1.05250180e-02 2.73693800e-01 2.49097645e-01 3.79812598e-01
    1.58492088e-01 1.58523023e-01 4.49546486e-01 8.75363350e-01
    5.38543463e-02 7.82330513e-01 8.60374808e-01 5.99045694e-01
    7.46726036e-01 7.99875379e-01 1.31315887e-01 1.27622902e-01
    4.61664081e-01 2.31970847e-02 4.98712122e-01 8.25152576e-01
    6.94730520e-01 4.13092971e-03 9.84635472e-01 2.29042262e-01
    4.39179182e-01 7.14059651e-01 7.15799928e-02 9.72570121e-01
    5.22229373e-02 1.07695192e-01 7.30413854e-01 2.89908409e-01
    9.86466765e-01 8.61916065e-01 6.73050046e-01 2.79971778e-01
    6.22093022e-01 1.72206640e-01 1.05096400e-02 9.32070792e-01
    4.13103521e-01 1.29995674e-01 7.58808434e-01 7.07774878e-01
    2.45004922e-01 3.93688083e-02 5.40850580e-01 9.49643135e-01
    6.48720682e-01 3.35350573e-01 7.77592421e-01 6.04595542e-02
    1.62994415e-01 3.33912611e-01 5.02988100e-01 6.32495940e-01
    1.43624842e-02 2.32326835e-01 7.14726269e-01 9.65137780e-01
    4.89799231e-01 1.98532909e-01 5.67166448e-01 9.46594298e-01
    8.84185970e-01 9.59704757e-01 7.61618018e-01 9.30885077e-01
    5.94436467e-01 6.74900711e-02 6.10156357e-01 8.97403657e-02
    7.30280638e-01 6.62082672e-01 6.46166503e-01 2.97483206e-01
    8.06835771e-01 4.05546784e-01 9.19481039e-01 3.32756341e-02
    5.57242095e-01 9.97689247e-01 1.05355948e-01 5.36423087e-01
    2.16902018e-01 4.02408272e-01 9.77792621e-01 6.06341660e-01
    9.18859899e-01 1.49284869e-01 6.17966056e-01 5.50519824e-01
    7.64766812e-01 3.08064818e-01 6.57450080e-01 6.45853579e-02
    6.83535993e-01 1.41111612e-02 9.51985657e-01 8.93974960e-01
    6.82965815e-01 8.04651260e-01 9.40889597e-01 2.44857848e-01
    9.05158222e-01 7.52554417e-01 8.15223515e-01 2.30051249e-01
    1.24773204e-01 7.14723349e-01 6.95243716e-01 8.35034370e-01
    1.57897770e-01 5.79427838e-01 8.55260015e-01 9.26934481e-01
    7.33584583e-01 1.03413641e-01 9.72295880e-01 6.97890162e-01
    4.54611778e-02 8.20103943e-01 2.85582781e-01 2.49229878e-01
    3.07947010e-01 7.96592236e-01 8.86815786e-01 3.31056058e-01
    8.89636338e-01 6.11856878e-01 6.32715285e-01 1.83075309e-01
    5.22757292e-01 3.35882545e-01 4.25705910e-02 3.75021845e-01
    8.87421489e-01 9.92401958e-01 2.26658463e-01 2.50504702e-01
    2.99704194e-01 8.02539527e-01 9.87852156e-01 1.59570873e-02
    1.44254476e-01 9.03296292e-01 3.66076589e-01 4.27718222e-01
    8.33214879e-01 7.18584836e-01 1.68472439e-01 9.88731265e-01
    5.38048983e-01 8.46781254e-01 3.87206823e-01 5.50511241e-01
    7.95032024e-01 2.41738439e-01 9.64805007e-01 3.45106006e-01
    2.48459965e-01 8.46060514e-02 8.54353607e-02 7.85505772e-03
    6.94183052e-01 1.40330374e-01 8.80376935e-01 4.57310081e-02
    2.97754884e-01 6.55937076e-01 9.23888385e-02 1.58572912e-01
    4.48437124e-01 6.93376005e-01 8.11960459e-01 1.88870549e-01
    5.30064464e-01 2.56342590e-01 5.27532160e-01 4.91005391e-01
    7.31565773e-01 7.84338593e-01 1.11551106e-01 1.93327338e-01
    9.53763545e-01 5.26537895e-02 9.32238817e-01 5.14940083e-01
    1.21281892e-01 1.37751251e-01 7.27812767e-01 8.73288512e-01
    9.80838776e-01 6.44216418e-01 7.76341259e-02 4.53432709e-01
    5.19586682e-01 1.65704101e-01 2.69634038e-01 5.02510667e-01
    2.25437820e-01 4.36072290e-01 4.54452664e-01 5.48904955e-01
    3.02058756e-02 8.33605528e-01 7.48250782e-02 9.64483142e-01
    5.65322042e-02 6.83287799e-01 3.15004826e-01 6.08077288e-01
    7.12451100e-01 9.72734571e-01 4.21444207e-01 6.42558694e-01
    3.87455195e-01 6.07559621e-01 7.85814762e-01 2.10181952e-01
    5.48811376e-01 4.77494597e-01 7.82710373e-01 5.86071312e-01
    7.47599840e-01 1.61958158e-01 6.27498627e-01 2.96925217e-01
    1.08723253e-01 8.68806124e-01 2.41439998e-01 5.80439508e-01
    5.36698699e-01 3.87643576e-01 9.67549026e-01 2.68447399e-01
    1.38096869e-01 2.92995572e-03 1.48899227e-01 1.80551708e-01
    4.35052842e-01 3.17690313e-01 8.14098120e-01 1.11432761e-01
    3.90545815e-01 2.97563821e-01 8.70635271e-01 7.70342648e-01
    3.83492887e-01 3.32744747e-01 2.68904686e-01 7.24525392e-01
    8.46980810e-02 3.33676606e-01 7.62654066e-01 5.27115166e-01
    7.35637605e-01 3.67884338e-02 7.33380973e-01 3.88705164e-01
    4.60303634e-01 2.41449773e-01 2.76714563e-01 2.73743451e-01
    7.62163043e-01 3.62168014e-01 4.13505912e-01 5.83772480e-01
    7.30290294e-01 7.69301772e-01 4.73287791e-01 3.79804373e-01
    2.64969915e-01 9.19010401e-01 7.44238257e-01 9.72423971e-01
    6.98265374e-01 8.62479210e-02 6.23390436e-01 2.95480669e-01
    1.85069233e-01 2.02869177e-01 9.30636168e-01 8.17349672e-01
    5.36455810e-01 2.34801650e-01 3.56580794e-01 3.02140415e-01
    8.06272149e-01 1.78634077e-01 9.72129822e-01 3.68023902e-01
    1.16112292e-01 7.84595668e-01 4.36957777e-01 2.35026062e-01
    1.59682721e-01 8.08860302e-01 8.75774086e-01 5.89546800e-01
    2.87742555e-01 7.18390644e-01 9.13591623e-01 9.85816836e-01
    5.82829237e-01 8.80945027e-02 3.45587999e-01 5.35394311e-01
    6.33390069e-01 4.57397491e-01 5.18197179e-01 1.23708785e-01
    9.01931942e-01 7.29043186e-01 7.10996747e-01 8.02075863e-01
    4.16400492e-01 5.72797298e-01 3.36448669e-01 8.66618156e-02
    1.27943724e-01 9.39445257e-01 4.72353160e-01 1.27873123e-01
    2.60422230e-02 6.18354499e-01 5.84042132e-01 9.45727587e-01
    2.95040905e-01 4.53553915e-01 4.16805208e-01 8.35275531e-01
    2.93593407e-02 1.37710690e-01 1.44830078e-01 1.12906158e-01
    3.53276223e-01 1.99528366e-01 2.92309165e-01 8.06645215e-01
    9.61537838e-01 2.56341875e-01 5.19102216e-01 8.02806735e-01
    3.69090408e-01 3.16625774e-01 1.64047480e-01 6.57868624e-01
    6.34613156e-01 5.80146968e-01 1.55312717e-01 9.14852619e-01
    2.86597788e-01 7.76463151e-01 2.23272741e-01 7.90454030e-01
    4.33937073e-01 4.13049221e-01 8.69514406e-01 4.89913195e-01
    5.57451189e-01 3.73834074e-01 6.93656564e-01 1.57630235e-01
    6.41478121e-01 4.82227594e-01 9.54258680e-01 9.17385459e-01
    7.53159702e-01 2.51504898e-01 4.72851068e-01 7.38002002e-01
    2.19559908e-01 1.05135143e-02 7.69484937e-01 2.41409749e-01
    4.62547839e-01 4.00650799e-01 5.80233097e-01 4.79356110e-01
    6.44083321e-01 4.16235387e-01 2.20054388e-01 4.26054001e-02
    1.68165147e-01 6.85355961e-01 6.68959200e-01 4.77374583e-01
    1.35096908e-02 8.66190255e-01 3.23588192e-01 7.44917035e-01
    2.38179564e-01 2.80945718e-01 2.16952711e-01 7.72306144e-01
    9.27774072e-01 1.73098207e-01 2.24947840e-01 5.58879852e-01
    7.77294159e-01 5.04899204e-01 4.78061795e-01 2.53817439e-01
    4.48446929e-01 6.25112653e-02 5.69518805e-01 1.53676420e-01
    2.27052599e-01 8.47483695e-01 3.80028367e-01 1.88530385e-01
    8.17023277e-01 8.07557940e-01 4.78803217e-02 7.39086270e-01
    1.09193444e-01 5.91254115e-01 3.18752825e-02 8.24179530e-01
    4.24068928e-01 5.77359498e-02 5.44201851e-01 9.53692079e-01
    3.33519489e-01 8.27793360e-01 4.90201712e-01 6.83435261e-01
    5.22207439e-01 2.40650415e-01 9.19189930e-01 8.28542411e-02
    2.89448291e-01 4.26890492e-01 8.14500093e-01 8.82185459e-01
    9.18369830e-01 1.83448792e-01 5.08849025e-02 2.54932880e-01
    3.21202278e-01 5.29381692e-01 8.23510230e-01 5.20061612e-01
    6.50921106e-01 8.42830002e-01 8.16673398e-01 2.12871760e-01
    1.59866452e-01 4.21357870e-01 1.09000266e-01 4.31390822e-01
    7.20842779e-02 3.47630143e-01 4.44408625e-01 9.69577193e-01
    8.46215248e-01 1.84179246e-01 9.57152247e-01 9.18947935e-01
    8.11002016e-01 6.91661537e-02 8.97106946e-01 9.03395176e-01
    8.41150999e-01 4.29291725e-01 2.44034886e-01 3.63891602e-01
    1.47472680e-01 9.01751637e-01 5.07473767e-01 6.46323204e-01
    7.07294941e-02 1.05503559e-01 4.06606019e-01 5.49707651e-01
    6.33972764e-01 5.43286979e-01 3.27348948e-01 7.05074430e-01
    4.40334469e-01 7.73277044e-01 8.62870574e-01 7.04428434e-01
    2.37990260e-01 8.50314200e-01 8.05627406e-02 2.62381554e-01
    4.72687691e-01 3.64161462e-01 9.16160822e-01 3.48214149e-01
    4.76743788e-01 5.11768162e-01 7.37353504e-01 6.79995775e-01
    3.82188112e-01 3.83736223e-01 8.96470845e-01 3.72560501e-01
    8.38770509e-01 6.76388562e-01 3.12861025e-01 8.42822850e-01
    4.81320620e-02 6.84271753e-01 1.30362719e-01 8.02761555e-01
    7.86740780e-01 2.75732696e-01 1.86942816e-01 3.63935828e-01
    9.36793447e-01 9.94509578e-01 6.72980249e-01 7.63291180e-01
    9.28250492e-01 6.96145535e-01 6.36389256e-02 4.28432345e-01
    4.29481834e-01 3.06641102e-01 3.42924654e-01 3.15444052e-01
    4.85340655e-01 5.20655692e-01 1.74078494e-01 7.93356836e-01
    9.06844854e-01 7.59499609e-01 4.75639135e-01 3.80871564e-01
    4.49801147e-01 1.21436119e-02 5.56605399e-01 7.56785035e-01
    5.84163070e-01 6.83757603e-01 9.63140547e-01 4.68964189e-01
    4.95909631e-01 6.49614036e-02 8.79934192e-01 9.99875486e-01
    6.81552172e-01 4.89309490e-01 2.94965953e-01 3.76502991e-01
    6.89620197e-01 4.47432905e-01 7.46792257e-02 3.48061323e-03
    2.52771229e-01 9.03404474e-01 6.90620482e-01 6.90215230e-01
    8.04394782e-01 1.98918700e-01 7.07358241e-01 5.76624095e-01
    9.34684336e-01 7.33319044e-01 2.72399068e-01 5.04543424e-01
    5.47885120e-01 5.90762794e-01 9.91965055e-01 8.20906758e-02
    1.75006032e-01 1.71762109e-02 7.13916242e-01 6.83213353e-01
    7.21490145e-01 7.02775359e-01 1.10933244e-01 2.30510890e-01
    9.11053717e-02 9.46494401e-01 5.59084892e-01 4.21106309e-01
    7.51246929e-01 9.98413026e-01 1.70565963e-01 7.36801028e-02
    9.84207511e-01 1.00487590e-01 4.65230018e-01 5.76986194e-01
    2.97073364e-01 4.81216043e-01 6.14930093e-02 9.74966824e-01
    9.34635103e-01 4.44479346e-01 7.77675867e-01 8.12568426e-01
    4.45592642e-01 2.12884128e-01 4.81549323e-01 8.27750742e-01
    5.97533643e-01 1.97759688e-01 3.12051207e-01 5.08852005e-02
    1.34476662e-01 3.71184170e-01 7.82049298e-02 4.97422606e-01
    7.06128478e-01 4.31840539e-01 5.60057819e-01 9.08339739e-01
    4.36201930e-01 1.70947611e-01 4.59903628e-01 2.31559634e-01
    2.79146463e-01 8.53607178e-01 1.57026291e-01 2.12478280e-01
    3.79970312e-01 1.02021903e-01 5.71576655e-01 8.18019867e-01
    4.44212854e-01 9.55231309e-01 5.96512914e-01 5.68855405e-01
    5.57024121e-01 8.41988683e-01 8.71035099e-01 5.99794269e-01
    2.77755290e-01 4.43891138e-01 3.47583860e-01 7.51679480e-01
    2.53269702e-01 5.61257362e-01 4.52009797e-01 9.17210698e-01
    9.86199379e-01 8.05859923e-01 5.56778014e-01 1.37541145e-01
    8.56754780e-01 6.95511937e-01 6.50022209e-01 4.90131855e-01
    6.22858644e-01 9.19019341e-01 6.26378179e-01 2.79025674e-01
    5.87472439e-01 8.30906749e-01 4.98995990e-01 1.60832435e-01
    2.66439259e-01 2.08049983e-01 2.54488856e-01 4.55887824e-01
    3.57945263e-01 3.27359021e-01 9.73716676e-02 7.56512940e-01
    3.99542302e-01 1.23454124e-01 2.58713663e-01 2.22850472e-01
    9.18353260e-01 9.54165578e-01 6.36569858e-01 1.51116371e-01
    3.83560002e-01 5.09375930e-02 5.85612655e-02 1.61344945e-01
    7.49512553e-01 5.90115190e-02 6.69970751e-01 9.63451564e-02
    3.50829661e-01 3.19799304e-01 3.78221005e-01 7.35137045e-01
    9.59471405e-01 9.07858133e-01 4.20995057e-01 4.79211420e-01
    2.75862455e-01 7.12758124e-01 6.35794759e-01 4.26100791e-01
    6.32161498e-01 9.59445655e-01 8.12372804e-01 5.00505626e-01
    2.06894130e-01 1.97172701e-01 4.89251763e-01 5.35988271e-01
    9.77165699e-01 8.48797977e-01 8.28548312e-01 3.05750668e-02
    9.22022700e-01 9.46438789e-01 4.66530472e-01 6.42471373e-01
    4.48306173e-01 9.32915449e-01 1.36826932e-02 7.69370794e-01
    6.29402161e-01 6.10790491e-01 4.50297147e-01 8.93141150e-01
    4.78209645e-01 2.38379955e-01 1.97666109e-01 2.54259586e-01
    8.52954984e-01 8.36014152e-01 1.73077583e-02 2.14079499e-01
    5.40232539e-01 3.62796783e-02 9.01060700e-01 8.79493356e-03
    2.38362104e-01 8.73830914e-03 2.49214977e-01 8.67035151e-01
    8.20093751e-02 3.51636171e-01 4.97948706e-01 5.15075386e-01
    6.69896722e-01 5.60323894e-01 6.63742363e-01 7.68426418e-01
    7.49111295e-01 5.32821298e-01 9.61275816e-01 1.23220682e-03
    7.15723217e-01 8.78877461e-01 5.42328656e-01 9.34916973e-01
    3.74122441e-01 7.29587734e-01 5.62407494e-01 4.91358131e-01
    5.15533864e-01 6.95815206e-01 9.20554876e-01 1.37425363e-02
    7.17499733e-01 5.75996518e-01 6.71571136e-01 1.55745089e-01
    4.64379191e-01 8.00472379e-01 5.12250066e-02 8.09675038e-01
    4.97534126e-01 5.31589687e-01 6.06647372e-01 9.99134421e-01
    3.68487835e-02 5.08565545e-01 6.70966268e-01 2.90946364e-02
    2.73206234e-01 1.61977440e-01 8.43050659e-01 3.53509486e-02
    2.59059548e-01 2.91861862e-01 4.72646177e-01 8.99753571e-02
    8.43451619e-02 4.97923911e-01 8.30257177e-01 3.13394636e-01
    6.75491452e-01 3.70923072e-01 9.39666986e-01 7.39218593e-01
    6.32059097e-01 5.74428141e-02 3.90066892e-01 3.16014469e-01
    9.28884745e-01 5.08044124e-01 9.43990231e-01 2.73385078e-01
    7.80489743e-02 1.20232105e-01 2.26533562e-01 7.92137980e-01
    1.55333877e-02 3.75975072e-02 3.88955563e-01 5.21147072e-01
    8.39084387e-04 3.31499636e-01 2.80685067e-01 6.23781621e-01
    7.89303482e-01 6.38101935e-01 1.91041678e-01 2.24288583e-01
    3.37231487e-01 5.17783940e-01 6.33828640e-01 5.30308843e-01
    5.64023793e-01 8.51704478e-02 9.31917012e-01 5.42891681e-01
    5.28414309e-01 4.43507373e-01 3.53791326e-01 3.22235644e-01
    5.94807148e-01 1.48856580e-01 3.49553883e-01 5.75462699e-01
    7.90966630e-01 2.54210830e-02 3.96645665e-01 1.59613520e-01
    1.30822867e-01 6.83199048e-01 3.66801262e-01 3.24923068e-01
    8.00498605e-01 7.09427476e-01 1.08179301e-01 8.70161295e-01
    8.17705989e-01 6.33356333e-01 7.69781590e-01 1.77311271e-01
    8.38394582e-01 1.42687052e-01 6.77298725e-01 6.56538606e-01
    8.03229451e-01 2.98127055e-01 3.76007289e-01 3.04068923e-02
    2.90400803e-01 4.38504905e-01 6.52199745e-01 5.09279728e-01
    9.79538918e-01 4.00329769e-01 9.36130226e-01 3.85588229e-01
    7.30409324e-02 3.04786265e-02 2.61731029e-01 6.06606364e-01
    4.12842602e-01 8.95368457e-01 1.32639974e-01 6.09794438e-01
    7.56128371e-01 5.61853170e-01 6.97390020e-01 2.68725395e-01
    5.86553514e-01 8.00654292e-01 1.00982994e-01 4.97506052e-01
    1.93472594e-01 4.69455957e-01 9.77048397e-01 1.37652665e-01
    9.27534103e-01 8.79095435e-01 8.96760821e-02 6.76574349e-01
    4.01413560e-01 1.76550776e-01 6.23864830e-01 5.27220011e-01
    3.79781246e-01 6.42221808e-01 4.92112339e-01 9.96816874e-01
    2.17044920e-01 6.33848250e-01 6.07859075e-01 4.76621032e-01
    8.22458148e-01 4.49218512e-01 7.37752140e-01 1.46444261e-01
    2.40286261e-01 8.12265098e-01 6.83778465e-01 8.76355946e-01
    6.77445292e-01 6.80172324e-01 3.04041266e-01 8.54769468e-01
    9.03970003e-01 9.73598838e-01 7.84985185e-01 9.42304134e-01
    9.32602406e-01 3.99874687e-01 6.99243546e-01 8.24054956e-01
    6.05795264e-01 5.84047973e-01 1.99503213e-01 8.75382781e-01
    8.69055390e-01 3.74663949e-01 8.84293079e-01 7.76513040e-01
    9.58712101e-01 7.09652901e-01 7.61478007e-01 3.95447135e-01
    7.00278044e-01 9.48058486e-01 5.78003049e-01 9.95515883e-01
    8.84632468e-01 4.80164379e-01 1.62449151e-01 7.09907055e-01
    5.99214017e-01 4.85510826e-02 1.40567183e-01 9.57208633e-01
    7.17278242e-01 8.86774957e-02 3.00139606e-01 1.25342101e-01
    1.38469279e-01 8.39421272e-01 4.04727101e-01 6.44654930e-01
    1.19757682e-01 2.68416524e-01 7.86732733e-01 3.02619398e-01
    3.42970788e-01 9.57120121e-01 6.12518430e-01 7.56509900e-02
    4.45374638e-01 2.91442871e-03 7.93028474e-01 1.66958839e-01
    6.54290557e-01 3.97845685e-01 3.77599359e-01 3.25980425e-01
    7.76643515e-01 1.80311829e-01 3.46289217e-01 1.50152177e-01
    2.35810071e-01 6.91583574e-01 9.36064720e-01 5.23888469e-01
    2.61859864e-01 9.51433659e-01 6.37331247e-01 9.66127872e-01
    9.87164617e-01 1.90205574e-02 3.54595721e-01 2.53448248e-01
    4.84533906e-01 8.85725737e-01 9.23681855e-01 5.29761016e-02
    6.76176548e-01 2.42621452e-01 5.97640157e-01 8.58829737e-01
    6.43293142e-01 4.37930673e-01 1.44870281e-01 1.09420717e-01
    3.15133274e-01 5.17823756e-01 9.84237671e-01 9.31750238e-02
    6.57644868e-01 3.59004021e-01 5.61892986e-04 4.43773568e-01
    3.75160962e-01 5.18908858e-01 8.18615854e-02 1.38104051e-01
    6.58392906e-01 2.43916750e-01 8.34347725e-01 8.82394195e-01
    1.70003414e-01 8.54192257e-01 2.98606098e-01 6.24785423e-02
    3.67290109e-01 9.08035994e-01 8.77655506e-01 7.57096112e-01
    6.61952436e-01 8.06065023e-01 6.77669168e-01 6.16930723e-01
    2.83768594e-01 4.89210308e-01 1.36159241e-01 1.03046805e-01
    7.82746553e-01 9.13521409e-01 1.60265505e-01 7.85755634e-01
    2.08865315e-01 1.96239650e-02 1.80966258e-02 5.34036815e-01
    4.17543083e-01 4.72110510e-01 9.24118459e-01 5.97186625e-01
    7.95661688e-01 9.51573133e-01 1.90534502e-01 3.83061290e-01
    8.33987653e-01 1.79165781e-01 5.47127128e-01 9.66740668e-01
    7.06042528e-01 5.98990619e-01 9.89104092e-01 2.70351321e-01
    2.20733106e-01 7.41614521e-01 1.49976730e-01 8.84794235e-01
    4.21185493e-01 7.37077475e-01 9.31554437e-01 5.38470387e-01
    8.14024270e-01 2.08527565e-01 2.64037460e-01 9.47616696e-01
    2.40074575e-01 5.51913500e-01 3.19593340e-01 3.28169763e-02
    7.46154428e-01 1.43795073e-01 5.89780807e-01 9.83183086e-02
    5.63241005e-01 7.50445604e-01 5.82683384e-01 7.59187043e-01
    8.73601258e-01 5.61253011e-01 9.52117622e-01 6.52893543e-01
    2.18657672e-01 5.68216026e-01 5.89720368e-01 4.69401568e-01
    5.75182557e-01 4.07442003e-01 9.99260306e-01 8.48532319e-02
    1.16486520e-01 5.23742855e-01 2.06110567e-01 8.36898386e-02
    5.31056941e-01 2.34614730e-01 8.31220925e-01 9.48154092e-01
    7.13268042e-01 1.53868884e-01 1.86380237e-01 8.62227917e-01
    9.43751931e-01 5.35785258e-02 3.00265193e-01 6.95183575e-02
    2.87602216e-01 7.88067877e-02 1.19391084e-03 1.07565612e-01
    8.40639949e-01 8.62585306e-02 7.87354708e-02 2.43109703e-01
    5.49588025e-01 2.59715378e-01 6.70490324e-01 5.41662157e-01
    8.63362610e-01 9.70959425e-01 3.67068410e-01 5.19505918e-01
    1.85292959e-03 8.44781160e-01 5.35160303e-01 8.43347132e-01
    9.56055164e-01 2.33999074e-01 7.31653571e-01 7.38415837e-01
    1.69181734e-01 3.55645120e-01 4.87162769e-01 4.19495881e-01
    3.42097521e-01 8.36060584e-01 7.04071522e-02 5.43330431e-01
    4.62559819e-01 3.10612679e-01 9.08234000e-01 5.84381998e-01
    9.72894728e-02 3.46524626e-01 7.56383836e-02 9.71067309e-01
    8.29420865e-01 6.59883797e-01 7.29491413e-02 2.57364988e-01
    5.56407750e-01 3.93425852e-01 7.83706605e-01 9.57518518e-02
    3.15427721e-01 6.88022375e-03 8.21845889e-01 7.73437023e-02
    8.34703386e-01 4.23964322e-01 7.02922225e-01 6.82798564e-01
    4.45504993e-01 7.41218925e-02 3.15129608e-01 2.26941317e-01
    5.12260616e-01 9.02514815e-01 4.91351277e-01 7.65782595e-01
    7.52824664e-01 6.19806111e-01 6.78208768e-02 8.73938441e-01
    7.41527438e-01 4.28893209e-01 3.87411475e-01 3.86442065e-01
    7.84239292e-01 3.31577599e-01 9.38608170e-01 8.16476166e-01
    9.23689961e-01 8.70742857e-01 3.19267511e-02 9.62658405e-01
    6.58141196e-01 4.64287817e-01 2.53663838e-01 3.27477276e-01
    2.44501024e-01 2.36506999e-01 8.73859406e-01 5.80920100e-01
    3.48549962e-01 3.39063376e-01 7.50704706e-02 7.83714414e-01
    5.57734132e-01 6.43832743e-01 1.38338685e-01 8.70012522e-01
    7.02489734e-01 1.88205481e-01 7.16554821e-02 8.73301029e-01
    1.92184150e-01 9.05078769e-01 7.38243461e-01 1.45333171e-01
    2.72527158e-01 4.31111991e-01 4.20487732e-01 8.61011505e-01
    1.07850432e-01 3.10328245e-01 5.46011329e-02 5.07310152e-01
    7.56186128e-01 3.32454681e-01 2.65064150e-01 6.99939549e-01
    5.52557647e-01 5.71168244e-01 6.34733379e-01 9.96569395e-02
    6.55612290e-01 3.35432261e-01 1.26213640e-01 5.61660051e-01
    9.99210119e-01 8.72150779e-01 7.54454136e-01 5.38877785e-01
    4.46857750e-01 9.37593699e-01 8.16879332e-01 3.29688907e-01
    4.45475459e-01 3.75219733e-01 2.04813927e-01 8.74341249e-01
    6.73925817e-01 5.90711713e-01 3.42027575e-01 4.36995894e-01
    9.96486425e-01 1.95395827e-01 6.62360013e-01 6.25059903e-01
    9.93364453e-01 3.57133299e-01 9.09805536e-01 2.23626226e-01
    1.59981340e-01 7.21977413e-01 9.08405602e-01 2.90893257e-01
    4.59726840e-01 1.32572263e-01 2.42550045e-01 1.08641058e-01
    7.01940000e-01 7.31393218e-01 2.93639660e-01 6.04056418e-01
    5.67550421e-01 1.41155630e-01 6.98925197e-01 8.12218428e-01
    5.84947288e-01 6.55077577e-01 8.76989365e-01 2.24808872e-01
    3.15205812e-01 7.24702597e-01 9.57669258e-01 1.32953852e-01
    5.87575316e-01 7.83552647e-01 3.87951434e-01 2.69610226e-01
    1.24911070e-02 8.58926117e-01 3.93864393e-01 1.35433823e-01
    3.54654312e-01 8.19244385e-01 8.77534747e-01 6.31659150e-01
    7.84885883e-03 2.30686843e-01 6.47789836e-01 5.49815178e-01
    7.26905107e-01 4.52736616e-02 8.81681025e-01 3.28883410e-01
    3.41847897e-01 3.24351907e-01 6.76417887e-01 5.11861265e-01
    7.21556485e-01 2.74199247e-02 7.61209965e-01 5.86116314e-01
    5.80990732e-01 7.20328689e-01 7.38987863e-01 7.56838679e-01
    7.23951936e-01 6.86258614e-01 2.98245013e-01 2.43191749e-01
    9.83694673e-01 2.01508671e-01 1.17049515e-01 4.50139105e-01
    5.86288452e-01 7.52819419e-01 2.94452667e-01 6.85362756e-01
    1.99417472e-01 6.10185444e-01 6.52548492e-01 2.59000838e-01
    6.00428581e-02 7.74919987e-01 2.68074363e-01 8.02148581e-01
    4.64636505e-01 3.37763429e-02 1.20354116e-01 9.71069574e-01
    5.56987643e-01 5.77987909e-01 9.05655265e-01 3.41273069e-01
    7.38433659e-01 4.92732882e-01 1.18065298e-01 8.69951725e-01
    8.16926360e-01 8.06589723e-02 7.75575280e-01 9.70098078e-02
    9.18837309e-01 7.54532695e-01 3.21840048e-01 1.77681953e-01
    6.84597254e-01 9.46191967e-01 5.73022902e-01 3.49934697e-02
    1.08223408e-01 4.73441005e-01 4.19290364e-01 1.63576692e-01
    1.93161964e-02 3.12519222e-01 1.02322608e-01 7.33788073e-01
    5.34943759e-01 4.56079185e-01 6.24213159e-01 3.17848891e-01
    4.79333133e-01 5.74536860e-01 5.37101269e-01 6.19019687e-01
    7.17112124e-01 5.64557970e-01 5.73900878e-01 9.17686462e-01
    6.40656590e-01 9.99500871e-01 3.12873840e-01 8.77223611e-02
    9.50889647e-01 2.48837173e-01 7.90819407e-01 2.47554958e-01
    1.58232242e-01 2.91589081e-01 2.72645801e-01 4.31291848e-01
    2.96043038e-01 8.78430724e-01 3.97369623e-01 9.41133142e-01
    4.07712758e-01 9.79892135e-01 9.15035129e-01 9.16163206e-01
    9.02392983e-01 8.53066146e-02 7.63506293e-01 9.35749054e-01
    3.94188732e-01 6.41866446e-01 9.79108214e-01 7.29092181e-01
    2.28273183e-01 7.12831020e-02 5.14268935e-01 1.89906716e-01
    3.64525139e-01 8.28271270e-01 9.99919534e-01 5.81908762e-01
    6.14161909e-01 8.64304185e-01 9.43442345e-01 6.94573224e-01
    7.76842117e-01 7.07568169e-01 4.74950135e-01 8.08463454e-01
    6.62587166e-01 5.67390621e-02 4.31691915e-01 5.86580515e-01
    2.44866550e-01 5.60489655e-01 6.90248013e-01 8.63607407e-01
    2.42624760e-01 2.80544043e-01 8.83941472e-01 6.96815312e-01
    5.66984713e-01 7.53454924e-01 3.32734615e-01 5.34151196e-01
    3.63111198e-01 7.48961031e-01 8.36144209e-01 1.30601496e-01
    6.14602685e-01 9.93237197e-02 5.51587343e-03 9.33942795e-01
    5.12138486e-01 5.53033352e-01 5.53236425e-01 3.37765664e-01
    2.95768350e-01 1.23541504e-01 9.32979643e-01 2.46166676e-01
    7.50776172e-01 1.26956254e-01 8.76703143e-01 7.08290398e-01
    7.12317228e-01 2.78262675e-01 7.14907944e-01 4.97639865e-01
    8.13369155e-01 8.98839116e-01 2.74986804e-01 1.64115429e-01
    3.11778963e-01 7.77745485e-01 6.68480992e-02 1.41658604e-01
    2.63831139e-01 5.27640641e-01 4.11182910e-01 6.81134701e-01
    9.71148908e-01 7.81456053e-01 8.01650465e-01 6.65868104e-01
    8.26884866e-01 2.45557666e-01 3.18857729e-01 6.47171259e-01
    5.97300828e-01 5.45875728e-01 8.69777501e-02 3.34521472e-01
    1.69580311e-01 3.34329188e-01 5.97191751e-01 9.12104130e-01
    4.86003011e-01 4.58019763e-01 8.25362086e-01 7.11510062e-01
    6.62454963e-01 7.13673353e-01 1.96247339e-01 2.17080355e-01
    1.19240105e-01 6.25320315e-01 1.58601403e-01 5.94284534e-01
    3.84846300e-01 8.59759927e-01 1.34082645e-01 6.96713567e-01
    1.81495607e-01 9.47005808e-01 7.03003407e-01 1.53416187e-01
    8.58970761e-01 6.54198647e-01 4.13457721e-01 8.30426216e-01
    8.38189244e-01 7.19021201e-01 9.20204163e-01 8.52740645e-01
    3.66878837e-01 4.12747532e-01 9.73906279e-01 9.73200440e-01
    5.90000272e-01 2.21366674e-01 2.98048556e-02 9.03654456e-01
    6.88707590e-01 3.02275062e-01 8.64975214e-01 7.82029569e-01
    9.41029072e-01 5.53301632e-01 4.67510223e-02 2.73985207e-01
    5.20074785e-01 3.23927253e-01 9.81301069e-04 9.54648614e-01
    5.50939441e-01 5.00089228e-01 3.35162342e-01 6.97646618e-01
    1.11413419e-01 2.33305037e-01 8.01031709e-01 7.12873101e-01
    9.28457558e-01 1.89632416e-01 8.02256346e-01 2.09762782e-01
    9.79334712e-01 2.97617912e-03 5.57018578e-01 2.06754059e-01
    3.81639421e-01 4.44559962e-01 3.49591374e-02 7.54863024e-01
    5.67648172e-01 4.15430695e-01 3.84035349e-01 7.75823951e-01
    6.98606730e-01 7.79853761e-02 2.45893896e-01 1.20939374e-01
    1.97946876e-01 5.75752616e-01 2.69722521e-01 3.80201280e-01
    5.37263811e-01 5.26177227e-01 8.43267322e-01 4.04962301e-01
    2.12388486e-01 6.95032775e-01 1.65452629e-01 5.80431879e-01
    5.86544335e-01 3.02196026e-01 3.18585932e-01 5.02985418e-01
    8.69086266e-01 6.95539713e-01 2.53867060e-01 3.47391367e-02
    8.46416652e-02 6.40457094e-01 9.69997406e-01 8.36374164e-01
    5.91455996e-02 1.06302559e-01 1.76550835e-01 5.85295618e-01
    9.19615269e-01 1.44404382e-01 5.37029684e-01 7.96730042e-01
    6.32208526e-01 8.63537610e-01 6.64218783e-01 9.84584451e-01
    5.55228412e-01 3.50156039e-01 9.52033401e-02 9.17296648e-01
    5.68099380e-01 1.56522274e-01 8.24629068e-01 3.14706802e-01
    2.65397787e-01 7.13428497e-01 9.54844594e-01 2.14858681e-01
    2.06068337e-01 6.59536779e-01 5.80585420e-01 6.52461052e-01
    2.99978882e-01 1.27728313e-01 2.11106390e-01 1.40544116e-01
    6.87399209e-01 5.10131896e-01 8.73798847e-01 4.01412308e-01
    2.59614646e-01 2.28494227e-01 1.00634187e-01 1.70390189e-01
    5.61133564e-01 6.85139000e-02 8.27099085e-02 7.38361418e-01
    9.62416172e-01 1.35830492e-01 4.12874937e-01 4.01149690e-01
    1.07430279e-01 1.92822218e-01 6.83382988e-01 2.23768950e-02
    2.40748465e-01 3.79267931e-01 5.65829873e-01 3.46241534e-01
    1.97092593e-01 9.65103865e-01 6.12083554e-01 6.48408175e-01
    1.50957644e-01 7.20187008e-01 9.19058084e-01 4.56682444e-01
    5.24036825e-01 7.53312469e-01 2.42005229e-01 8.99345934e-01
    8.28732729e-01 1.86114311e-02 5.81243932e-01 2.39503682e-01
    7.58068681e-01 6.94544077e-01 7.65190721e-01 2.33885884e-01
    1.64377093e-01 8.94330621e-01 8.92181039e-01 3.96485358e-01
    7.33458281e-01 3.36728126e-01 2.60140419e-01 6.22953951e-01
    1.02193892e-01 2.97374427e-02 9.87800479e-01 7.48472869e-01
    5.55239856e-01 9.03610468e-01 3.84676456e-02 3.42175364e-03
    3.12072337e-01 2.46052235e-01 9.26829934e-01 4.18419927e-01
    3.65552604e-02 9.18276548e-01 7.41859078e-01 6.01497948e-01
    4.43903267e-01 5.32990158e-01 9.20203388e-01 2.75120944e-01
    5.69887340e-01 8.81401300e-01 4.67449754e-01 6.32391095e-01
    6.26465142e-01 7.30228126e-02 4.16110486e-01 9.00928974e-01
    5.33541739e-01 6.65456176e-01 9.77969050e-01 5.90426862e-01
    5.73656976e-01 7.41914749e-01 1.66959286e-01 1.88549012e-01
    7.15748906e-01 9.31679666e-01 7.06874549e-01 2.15824753e-01
    2.68030286e-01 7.91382670e-01 9.24456716e-01 9.32526588e-02
    2.56556571e-01 4.28400189e-01 7.31518030e-01 6.96214914e-01
    1.15995318e-01 6.02729023e-01 2.30685741e-01 9.75738525e-01
    3.55676413e-01 8.68893504e-01 5.27689397e-01 2.65571654e-01
    6.66168928e-01 1.79280311e-01 2.48181254e-01 6.67402744e-01
    4.02851552e-01 3.58166695e-02 7.96422005e-01 9.15381312e-01
    8.93800676e-01 1.37077093e-01 7.89553761e-01 4.68384117e-01
    1.21241391e-01 2.87308395e-02 7.57766247e-01 5.68518341e-01
    7.20625758e-01 8.84232044e-01 4.97053564e-02 4.75327969e-02
    6.76539004e-01 2.88539231e-01 2.30160624e-01 5.75474977e-01
    8.04278731e-01 5.47209918e-01 9.78742659e-01 1.40617192e-01
    1.17276847e-01 5.43785214e-01 9.15598750e-01 7.86592841e-01
    2.59596407e-01 1.97616488e-01 8.72489750e-01 8.62311840e-01
    3.52665007e-01 8.32835078e-01 1.81508690e-01 9.51845050e-02
    2.99275398e-01 5.92440188e-01 5.77964365e-01 9.82655168e-01
    4.79901582e-01 4.75023597e-01 6.43078387e-02 6.88862085e-01
    6.42476380e-01 7.34599411e-01 3.96306157e-01 4.90397215e-03
    2.49451369e-01 8.04047167e-01 1.00729764e-01 8.86211634e-01
    3.58959675e-01 5.49202502e-01 7.41336882e-01 3.99783224e-01
    8.99063706e-01 1.22650862e-01 7.72982717e-01 7.33409584e-01
    9.85943317e-01 9.43633795e-01 7.60293484e-01 1.22267365e-01
    4.87496942e-01 3.91096085e-01 9.16684389e-01 3.61963898e-01
    8.52788687e-01 6.33713305e-02 4.75315064e-01 9.93098259e-01
    1.64714456e-02 8.26114416e-01 2.56398499e-01 6.80751801e-02
    1.89723074e-02 9.06655490e-01 8.54784131e-01 1.51552051e-01
    9.19243813e-01 7.45837688e-01 8.98145318e-01 8.44096184e-01
    8.08911681e-01 3.09388816e-01 2.94461787e-01 8.66375208e-01
    3.35530102e-01 6.81961954e-01 7.98117459e-01 9.25203264e-02
    8.44778061e-01 9.62942481e-01 6.23829901e-01 9.19406652e-01
    1.40431076e-01 7.59813368e-01 4.89705592e-01 1.32487774e-01
    3.21864218e-01 5.52993298e-01 1.04731917e-02 9.22507763e-01
    3.43547463e-02 8.08143973e-01 4.34105635e-01 8.09797406e-01
    7.18626559e-01 6.22657895e-01 4.51334327e-01 6.30079269e-01
    3.37063015e-01 8.73484731e-01 4.77211744e-01 2.39598721e-01
    1.92095876e-01 4.06582981e-01 1.45002216e-01 7.89889216e-01
    7.22938001e-01 1.37246847e-02 3.06946516e-01 1.81076229e-01
    9.97876585e-01 7.18724251e-01 9.35080290e-01 9.51833010e-01
    5.46933711e-01 6.01955473e-01 3.84072870e-01 7.03563094e-01
    7.39293873e-01 1.86739385e-01 3.74983907e-01 9.71085906e-01
    4.04069245e-01 3.50665003e-01 8.53083611e-01 3.87490928e-01
    6.62067533e-03 3.00889671e-01 9.67897773e-01 7.37272799e-02
    6.75491214e-01 6.05843961e-02 3.73159647e-02 7.79068470e-01
    3.06747019e-01 8.58982086e-01 4.81097132e-01 6.02859616e-01
    1.79396123e-01 2.53623426e-01 2.56353915e-02 7.73833632e-01
    8.07883382e-01 8.92820597e-01 6.32757366e-01 9.00575399e-01
    1.31997555e-01 5.94739795e-01 8.70611072e-01 4.38051194e-01
    2.03574866e-01 8.66268873e-02 6.58317685e-01 7.76428938e-01
    2.14219540e-01 8.47989619e-02 9.39844489e-01 9.44469094e-01
    2.24288225e-01 7.34295011e-01 8.36281061e-01 6.76611841e-01
    1.40810281e-01 3.03976774e-01 6.37150526e-01 7.19815969e-01
    5.63085139e-01 7.67799914e-02 5.26700437e-01 3.56978118e-01
    8.46023321e-01 9.98644590e-01 3.91466081e-01 9.34320211e-01
    2.03568041e-01 7.93139696e-01 5.78774512e-01 9.59759116e-01
    1.24427855e-01 5.56229472e-01 8.50000978e-03 4.50437129e-01
    6.55935228e-01 6.55541897e-01 9.68207359e-01 8.37220430e-01
    3.69686931e-01 8.05125594e-01 9.84566569e-01 2.30685085e-01
    3.19530427e-01 3.14376712e-01 6.31476402e-01 2.43017346e-01
    5.72441518e-01 3.96637589e-01 4.94151413e-02 1.68488383e-01
    8.17084551e-01 2.97080994e-01 1.95499629e-01 2.48080879e-01
    8.36831212e-01 4.91942465e-02 9.39728618e-01 5.44200242e-02
    7.10063100e-01 4.48373467e-01 3.92385334e-01 4.82647568e-01
    1.85886800e-01 6.25600219e-01 6.18100047e-01 6.25035882e-01
    4.96750683e-01 3.18059146e-01 9.04047728e-01 5.13049841e-01
    9.78013635e-01 4.06216800e-01 8.38194549e-01 2.20697522e-01
    7.13691592e-01 1.12363726e-01 9.37974334e-01 1.48731381e-01
    4.68969882e-01 6.55933082e-01 6.09656334e-01 3.19270134e-01
    6.33246779e-01 7.63217211e-01 2.15609640e-01 1.98395848e-02
    3.11642706e-01 8.86766791e-01 4.84930903e-01 8.25492442e-01
    2.22723633e-01 6.56116605e-01 3.21263164e-01 5.75012088e-01
    9.31889653e-01 8.20794106e-01 8.63582134e-01 4.82620597e-02
    1.83739811e-01 4.40533817e-01 3.52256387e-01 2.99759239e-01
    6.24293923e-01 1.82460248e-01 2.68969029e-01 9.29586291e-01
    9.28963840e-01 3.45721632e-01 2.38871574e-01 4.96647865e-01
    2.78596431e-01 7.56462455e-01 4.31917071e-01 5.34311950e-01
    7.94974208e-01 7.10091352e-01 4.10124362e-01 2.85625458e-03
    7.02722371e-01 5.98078072e-01 9.11590159e-01 5.67963421e-02
    7.57687688e-02 8.17104876e-02 2.09487557e-01 5.55261075e-02
    8.97473454e-01 6.50692642e-01 7.17689633e-01 5.78555524e-01
    4.88776088e-01 8.94389272e-01 9.69801247e-02 6.36599600e-01
    3.33015919e-01 2.63681859e-01 8.57774854e-01 8.12412739e-01
    1.14876449e-01 4.65674937e-01 8.18072557e-02 8.18514705e-01
    6.10644281e-01 4.53855991e-02 1.33297443e-02 3.20898712e-01
    3.06239188e-01 9.38167334e-01 3.27885509e-01 6.32222295e-01
    2.10626215e-01 8.02354217e-01 5.82156599e-01 1.73336983e-01
    9.46037173e-01 7.76606202e-01 1.72555536e-01 6.08197153e-01
    7.47493625e-01 6.77483499e-01 8.76987100e-01 1.98269755e-01
    6.95315003e-02 7.85590529e-01 6.79749668e-01 7.05333412e-01
    1.93177760e-02 7.64798641e-01 4.68910694e-01 2.91432142e-01
    5.26635945e-02 5.67407548e-01 1.86201513e-01 4.27411795e-01
    3.90548646e-01 1.53230488e-01 4.76484478e-01 2.39750683e-01
    3.99686307e-01 6.55578017e-01 6.20253026e-01 9.38178897e-01
    3.04360062e-01 5.41255653e-01 1.72222108e-01 2.78460801e-01
    5.00617623e-01 3.62173140e-01 4.84858543e-01 5.72274208e-01
    8.77228141e-01 1.64460361e-01 6.92870021e-01 3.75763178e-01
    3.47057015e-01 6.20126188e-01 3.11673671e-01 7.96827078e-01
    1.18214220e-01 1.10008568e-01 4.96652126e-02 9.90387797e-01
    9.81858194e-01 2.76299953e-01 3.17807078e-01 7.18281388e-01
    7.21452713e-01 2.67806351e-01 8.48144174e-01 5.56140602e-01
    8.67745519e-01 8.49099040e-01 2.80938238e-01 5.22301197e-01
    2.70384818e-01 7.10077763e-01 7.18030393e-01 2.23348767e-01
    6.15826368e-01 9.74127412e-01 4.21160400e-01 5.82014561e-01
    9.81701016e-02 4.31051880e-01 3.91056180e-01 6.96079612e-01
    1.16914511e-01 9.53738570e-01 5.07958412e-01 8.22637439e-01
    7.26247907e-01 5.49920022e-01 1.90712214e-01 7.73536086e-01
    7.93910325e-02 7.38553047e-01 8.55746508e-01 7.04538822e-01
    4.61700737e-01 9.20262218e-01 7.40834594e-01 4.96719897e-01
    3.60689402e-01 4.88598287e-01 4.09281790e-01 8.56916308e-01
    2.70439386e-02 3.64405453e-01 2.53264904e-02 4.56544131e-01
    7.85882354e-01 7.81195223e-01 1.01994514e-01 1.86169446e-01
    3.58304381e-02 3.59757483e-01 4.35191959e-01 9.45882678e-01
    8.15835714e-01 4.75280583e-01 3.62839639e-01 4.83851850e-01
    3.14398110e-01 7.12623000e-01 8.37897658e-01 2.89004594e-01
    4.73561317e-01 9.61929917e-01 3.73980701e-01 1.01251453e-01
    8.72561812e-01 4.88666058e-01 6.45147204e-01 4.71394747e-01
    6.88409865e-01 9.76503849e-01 3.83754790e-01 8.62607062e-02
    5.82418919e-01 6.46633744e-01 6.48467898e-01 5.85462093e-01
    8.19451928e-01 6.24570906e-01 3.10032129e-01 2.42222428e-01
    1.96895748e-01 4.81944680e-01 9.01438475e-01 8.20469439e-01
    7.93352485e-01 4.91452813e-01 5.14215827e-01 5.31092703e-01
    9.14258480e-01 5.20020604e-01 2.08346874e-01 9.10240293e-01
    9.53212082e-01 5.42648315e-01 3.33054006e-01 3.14268172e-02
    4.73569661e-01 8.91655087e-01 6.39055789e-01 9.52158332e-01
    2.96106160e-01 5.00893295e-02 5.79359651e-01 2.16754198e-01
    6.57609284e-01 7.20577300e-01 1.22029483e-01 1.04813904e-01
    6.02321446e-01 1.27367079e-01 8.33830118e-01 2.09129035e-01
    6.84596002e-01 1.38372481e-01 3.61454964e-01 8.92091990e-01
    2.07535654e-01 7.02569008e-01 9.82862055e-01 3.89060676e-02
    2.78036445e-01 8.51945758e-01 9.90496099e-01 1.13644511e-01
    6.82011604e-01 9.86630678e-01 1.84749365e-01 1.59600407e-01
    8.76877725e-01 9.47280407e-01 2.73767650e-01 3.94280434e-01
    4.85262424e-01 4.64172632e-01 6.80939436e-01 2.87949145e-01
    4.30455267e-01 7.78167367e-01 6.44375324e-01 6.31878674e-01
    2.57934332e-01 4.90921974e-01 3.11711133e-01 2.60306120e-01
    9.70115423e-01 4.83305901e-01 2.09862143e-01 4.88754988e-01
    3.39612693e-01 5.31406403e-01 3.71065229e-01 6.10334694e-01
    9.15353239e-01 5.72595179e-01 1.91851467e-01 5.44459283e-01
    9.41833496e-01 3.63610297e-01 7.06744075e-01 3.56194913e-01
    5.22977829e-01 7.59926438e-01 4.45489556e-01 6.24215901e-01
    4.85428840e-01 8.19849491e-01 8.36704731e-01 1.89249009e-01
    6.62562132e-01 4.63526011e-01 9.53324795e-01 6.02997959e-01
    5.41097283e-01 3.64109635e-01 6.27411664e-01 1.14174664e-01
    2.29002595e-01 1.17469132e-01 3.43217134e-01 2.49365211e-01
    3.40935647e-01 1.36423647e-01 5.79158068e-01 8.41787457e-02
    4.48583364e-01 1.51637644e-01 8.40719640e-02 1.13930553e-01
    4.52945411e-01 6.52723730e-01 4.89082098e-01 2.61056125e-01
    5.95679283e-02 9.83677268e-01 9.10502553e-01 4.45470035e-01
    4.68961895e-01 2.17526466e-01 2.78901756e-01 8.13953519e-01
    5.96818328e-01 1.31423235e-01 2.60935366e-01 5.17316937e-01
    3.94571960e-01 4.86784220e-01 7.66689897e-01 3.96178871e-01
    9.41838861e-01 6.25398397e-01 9.54733849e-01 2.96121567e-01
    9.68290091e-01 4.39593852e-01 7.17846096e-01 2.46705025e-01
    3.63118112e-01 5.86739779e-01 1.68508291e-01 3.71974707e-01
    1.55769974e-01 1.85535192e-01 5.98081112e-01 4.03982967e-01
    9.45496440e-01 6.99067414e-01 8.89787018e-01 1.86623394e-01
    1.36565238e-01 8.27095509e-01 6.74046516e-01 9.56993401e-02
    3.42326164e-01 9.41711187e-01 4.50276107e-01 7.78536916e-01
    1.77111834e-01 9.07761753e-01 8.59802485e-01 4.92342025e-01
    3.82492840e-01 8.39224458e-01 5.95520735e-01 8.59052420e-01
    8.46808970e-01 9.53258514e-01 3.68077815e-01 8.81228447e-02
    7.83320785e-01 6.55732870e-01 2.37027109e-02 8.75566065e-01
    6.87501907e-01 2.86166370e-02 2.28206545e-01 9.92959023e-01
    2.45171279e-01 6.24307513e-01 5.53174853e-01 2.66311765e-02
    5.26602685e-01 7.20060289e-01 9.96300697e-01 6.58932924e-01
    5.54808021e-01 2.51245022e-01 1.78431123e-01 7.32009172e-01
    5.94934344e-01 9.04936016e-01 7.18555689e-01 6.75336361e-01
    4.06180024e-01 6.49952292e-01 1.90224200e-01 4.54132438e-01
    5.39349258e-01 6.81298018e-01 5.59984982e-01 5.50030589e-01
    2.25007534e-03 3.33828092e-01 2.13654548e-01 9.10954952e-01
    9.30946171e-01 1.72951370e-01 8.58845592e-01 4.20555472e-03
    3.88128459e-01 8.70330691e-01 6.56017542e-01 9.76898849e-01
    5.30610800e-01 3.54311854e-01 9.83133197e-01 3.28063488e-01
    8.61566663e-02 4.24126267e-01 5.97937703e-01 3.19755852e-01
    6.27297401e-01 8.07455897e-01 9.90473688e-01 5.46407700e-01
    2.53054500e-01 9.60512340e-01 8.25483084e-01 4.12907988e-01
    4.26769137e-01 8.41460586e-01 1.78707480e-01 8.11305165e-01
    3.67372215e-01 1.33985996e-01 8.17964673e-01 6.74438059e-01
    9.23994184e-02 6.10251963e-01 9.39818203e-01 2.94509649e-01
    2.41264313e-01 3.60646129e-01 8.12116086e-01 5.74095070e-01
    8.85010362e-01 1.32592320e-01 9.13460374e-01 4.31881517e-01
    1.09988689e-01 8.07860374e-01 9.79061067e-01 8.56841326e-01
    5.81052959e-01 3.61308873e-01 1.96391940e-02 8.83234501e-01
    6.03311181e-01 1.23754889e-01 2.03414053e-01 7.74600267e-01
    1.18030310e-02 8.84104669e-02 6.79558277e-01 6.95838749e-01
    2.47635156e-01 4.62681055e-03 4.69644725e-01 1.42549485e-01
    2.84826756e-02 6.01939440e-01 7.31831431e-01 8.31976652e-01
    4.78565484e-01 1.37117684e-01 6.72096491e-01 6.92362428e-01
    6.28196120e-01 2.85917044e-01 8.45099032e-01 1.66972578e-02
    5.52982450e-01 2.85046697e-01 6.38123393e-01 3.22364211e-01
    8.05698156e-01 7.36145496e-01 1.79802477e-01 3.67160797e-01
    8.64309072e-02 4.18608099e-01 6.98504508e-01 2.85044611e-02
    4.06724215e-03 7.72010386e-01 8.93513680e-01 4.18745697e-01
    5.61067820e-01 2.07097232e-02 2.76787370e-01 5.55801392e-02
    5.07485390e-01 5.66325545e-01 5.71325421e-03 3.31983626e-01
    7.45552897e-01 8.46178055e-01 8.55784297e-01 3.94105613e-01
    6.13644361e-01 2.39735395e-01 5.65773368e-01 3.27341199e-01
    2.05123514e-01 7.98594117e-01 9.10068750e-01 9.48775172e-01
    3.81237090e-01 5.29096723e-01 4.17497993e-01 8.82953644e-01
    4.25267309e-01 9.73651767e-01 8.61546040e-01 4.36809123e-01
    8.12475502e-01 9.49495554e-01 9.33740020e-01 8.64793122e-01
    2.94978917e-01 4.96058166e-02 7.32232392e-01 5.99862337e-01
    7.54609823e-01 8.62250030e-01 7.16938555e-01 3.77745688e-01
    1.84061825e-02 1.82434529e-01 2.62509853e-01 9.33504820e-01
    3.00160885e-01 6.63456619e-02 1.57360137e-01 1.62005872e-01
    8.99514914e-01 6.84959233e-01 5.28147280e-01 3.11692119e-01
    3.10419977e-01 8.61403108e-01 9.81864035e-02 5.14122009e-01
    5.09699345e-01 5.94267130e-01 8.20341706e-01 6.95676148e-01
    3.39763165e-01 8.72699678e-01 5.50037265e-01 7.31084049e-01
    3.33517075e-01 8.25519919e-01 4.00809884e-01 7.89868057e-01
    7.98023164e-01 7.57311761e-01 8.42790484e-01 6.35282815e-01
    6.02599382e-01 7.08921671e-01 2.53334165e-01 3.35515857e-01
    1.85782909e-01 8.78520966e-01 3.13109875e-01 7.59285033e-01
    1.28997475e-01 2.11875916e-01 7.24559307e-01 6.47416055e-01
    2.61116922e-02 3.43694389e-01 5.84995747e-01 5.00052273e-02
    9.41799819e-01 5.35085380e-01 2.12125003e-01 5.56007624e-01
    8.42971563e-01 4.86272156e-01 6.93467855e-01 9.83275652e-01
    3.41301799e-01 6.91166222e-02 9.22830462e-01 6.48113608e-01
    1.50609314e-01 4.44601774e-01 2.04316765e-01 9.38941836e-02
    5.01528144e-01 5.29042184e-02 9.28430557e-01 8.44429433e-02
    6.88632131e-01 9.20188904e-01 9.24264312e-01 6.17552400e-01
    3.73800486e-01 8.01244497e-01 3.49276066e-01 8.47466409e-01
    2.08585680e-01 2.57066995e-01 7.55290031e-01 1.41150713e-01
    4.53569829e-01 1.27042234e-02 2.27072418e-01 2.20460713e-01
    6.28807724e-01 5.28471649e-01 7.50410557e-01 8.62391472e-01
    1.56316489e-01 1.93965703e-01 3.30885619e-01 6.14658237e-01
    4.24096823e-01 5.23039758e-01 6.68047667e-01 8.76251698e-01
    1.15244627e-01 5.90448141e-01 9.24058557e-01 2.34346688e-01
    4.60911214e-01 1.72115982e-01 9.69769955e-02 1.48249745e-01
    4.25933659e-01 8.97064805e-02 9.39627409e-01 9.03403044e-01
    1.14000946e-01 4.27335411e-01 8.00787330e-01 7.83903360e-01
    6.80017471e-01 6.48387790e-01 6.89353347e-01 8.84161949e-01
    6.54242992e-01 3.24205816e-01 9.19219613e-01 1.39377415e-01
    8.75592232e-01 1.67146593e-01 4.48403001e-01 9.18231964e-01
    5.25157750e-02 7.19230235e-01 2.68012643e-01 9.27240252e-01
    7.41658449e-01 8.09816241e-01 9.87489998e-01 9.70918834e-01
    2.31848449e-01 7.58533239e-01 1.03614002e-01 9.26906466e-01
    2.27071047e-02 9.96430337e-01 9.81079936e-01 1.52034521e-01
    7.33019948e-01 7.88799644e-01 3.17297637e-01 2.70729631e-01
    1.78556681e-01 2.72691846e-02 6.15731657e-01 2.81132281e-01
    6.49184644e-01 7.72931218e-01 1.62561566e-01 8.25360358e-01
    2.46458650e-01 2.04228431e-01 9.51191545e-01 9.31871533e-01
    6.30825758e-02 6.65683150e-01 5.78489840e-01 5.79007447e-01
    3.58863086e-01 2.82002240e-01 6.19202852e-01 5.09877563e-01
    7.58462548e-01 6.19546175e-01 2.38415658e-01 6.19814515e-01
    4.79954183e-01 3.93626720e-01 6.85397983e-01 3.57578099e-01
    3.03327411e-01 7.08058596e-01 1.29743129e-01 4.58065122e-01
    9.07937765e-01 4.65133727e-01 6.56989694e-01 8.35266829e-01
    7.45880485e-01 1.97005272e-02 5.85424960e-01 6.79954171e-01
    8.01605999e-01 3.98557663e-01 3.93076837e-02 7.70860493e-01
    5.55971026e-01 5.08755207e-01 1.79176331e-01 8.15560341e-01
    4.62402165e-01 1.45991355e-01 7.58251011e-01 4.54753339e-01
    5.11570513e-01 6.88911796e-01 7.04542458e-01 7.33592749e-01
    8.38583708e-01 3.34016085e-01 3.34118485e-01 1.36642724e-01
    5.82699239e-01 4.50851917e-01 4.77402389e-01 7.33683109e-01
    5.02258301e-01 5.28654814e-01 7.31069624e-01 5.74744940e-01
    3.84134412e-01 3.27968478e-01 3.68071437e-01 1.69840753e-02
    5.35882771e-01 5.59901714e-01 5.05549014e-01 5.04511952e-01
    9.60537791e-03 8.41374815e-01 4.08061266e-01 7.18236804e-01
    9.03954804e-01 6.74990714e-01 3.91655236e-01 5.77192128e-01
    6.98213398e-01 7.30888724e-01 1.96195304e-01 5.89446425e-01
    4.18382257e-01 8.59656572e-01 5.17431617e-01 6.99560046e-01
    5.35386324e-01 7.42354393e-01 8.50048661e-03 2.49039739e-01
    6.94888830e-01 4.14693952e-01 4.71431077e-01 3.19596678e-01
    6.69235945e-01 9.33578312e-01 4.45735335e-01 6.42322302e-02
    4.84048396e-01 9.57786858e-01 5.49323678e-01 2.79634863e-01
    1.27689600e-01 8.56477618e-01 5.64460635e-01 4.88596082e-01
    5.07399738e-01 4.15479749e-01 4.38277096e-01 3.67412567e-01
    8.84673238e-01 4.15911049e-01 9.58853364e-01 3.37961316e-03
    2.71009833e-01 1.68586642e-01 8.46697569e-01 9.94544923e-01
    7.81422496e-01 5.43205380e-01 4.97131348e-01 3.55175734e-01
    5.54682553e-01 9.32600796e-01 3.10377955e-01 7.51261652e-01
    4.77430522e-01 5.33149600e-01 4.77696598e-01 6.59826517e-01
    6.34093106e-01 2.61002094e-01 4.71102297e-02 2.12816507e-01
    7.32390225e-01 3.86466026e-01 6.85582519e-01 9.05326724e-01
    5.08683920e-03 3.34527940e-01 9.84923065e-01 2.15116352e-01
    5.61316311e-02 7.16794968e-01 4.52793002e-01 7.79658198e-01
    4.25668269e-01 2.75670588e-02 4.74493653e-01 7.14339554e-01
    9.51598048e-01 3.18386853e-02 6.29354477e-01 3.24423969e-01
    3.40572655e-01 3.24580431e-01 2.97452897e-01 3.16653430e-01
    2.23542541e-01 4.31275874e-01 4.66336727e-01 5.45896709e-01
    7.24587023e-01 4.99303877e-01 8.78152668e-01 7.27284074e-01
    4.22727823e-01 8.53371739e-01 2.23021328e-01 5.89085281e-01
    2.96086490e-01 9.29142356e-01 1.89151943e-01 4.34661299e-01
    3.84380430e-01 3.08786631e-02 9.70028520e-01 4.67436343e-01
    5.54310858e-01 7.30623543e-01 5.82619369e-01 6.00919843e-01
    7.65579820e-01 1.73201710e-01 3.06901962e-01 8.58003139e-01
    2.31897831e-03 8.01914036e-01 6.67404056e-01 5.70157468e-01
    7.03939497e-02 4.12032425e-01 4.09879565e-01 2.26189941e-01
    5.37532330e-01 4.13243234e-01 4.07994241e-01 5.69125772e-01
    5.38620114e-01 1.45421475e-01 2.68374979e-02 3.36250901e-01
    6.11616850e-01 6.56442821e-01 1.93848610e-02 7.91122079e-01
    5.79055846e-01 5.59723198e-01 5.12959957e-01 8.94437194e-01
    6.96863234e-02 7.64653981e-01 7.93816268e-01 2.29259104e-01
    4.64296699e-01 8.21089983e-01 8.84594738e-01 5.17179310e-01
    2.76139200e-01 8.34343791e-01 2.44612753e-01 7.55128264e-02
    9.87549007e-01 5.97744703e-01 8.51362348e-01 6.80544853e-01
    3.07893723e-01 3.10247958e-01 8.45160484e-01 4.70421940e-01
    1.77290976e-01 9.36449289e-01 5.07839203e-01 9.26378727e-01
    2.12504834e-01 6.46684408e-01 8.75776052e-01 5.42012572e-01
    3.66630763e-01 5.19662261e-01 8.93881738e-01 8.89948010e-03
    1.37001872e-02 6.97475970e-01 9.66565609e-01 4.28748012e-01
    7.10478961e-01 9.88488972e-01 3.69093478e-01 5.22221565e-01
    5.86586297e-01 4.10234183e-01 9.43827510e-01 9.72045779e-01
    2.35315591e-01 1.47812635e-01 4.15285110e-01 8.08107495e-01
    1.75073564e-01 8.94240260e-01 8.11312556e-01 1.32988632e-01
    7.71734595e-01 6.20226383e-01 9.34016705e-03 8.18706751e-02
    7.67117381e-01 1.33847296e-01 9.07494426e-02 7.35280156e-01
    5.76576710e-01 8.42599630e-01 6.03311241e-01 5.13652325e-01
    2.64067054e-01 6.05997503e-01 2.84463823e-01 2.71724015e-01
    5.46691358e-01 6.34891570e-01 4.31481034e-01 8.48977387e-01
    4.36919183e-01 3.97201627e-01 4.57365692e-01 4.04559106e-01
    2.79776424e-01 3.51263642e-01 4.60848361e-01 4.30321366e-01
    1.56184018e-01 7.43484259e-01 8.46175909e-01 1.80926263e-01
    4.24214929e-01 3.97904336e-01 4.34384286e-01 6.29415751e-01
    3.77154887e-01 3.39998543e-01 5.10041118e-02 3.14514101e-01
    7.95697391e-01 2.06150651e-01 8.63084257e-01 6.64194703e-01
    6.19963408e-01 3.19864392e-01 9.31643665e-01 4.65415359e-01
    1.88148022e-01 8.77360046e-01 2.89518297e-01 8.87570143e-01
    3.19816917e-01 6.70963049e-01 2.31552720e-02 3.69514883e-01
    1.82178766e-01 3.73674154e-01 9.45726454e-01 7.20327616e-01
    2.45451838e-01 5.92242062e-01 7.91694582e-01 5.29675782e-01
    1.47025853e-01 9.51784372e-01 8.60893846e-01 2.76817322e-01
    6.23591721e-01 2.80191958e-01 9.25385177e-01 6.63234770e-01
    7.91753709e-01 4.02804911e-02 7.36093521e-01 2.21201867e-01
    5.12124062e-01 7.04288483e-04 9.70442593e-01 1.53528064e-01
    9.63681042e-01 9.63411689e-01 5.79926491e-01 2.23997921e-01
    1.16640508e-01 6.79214656e-01 7.65776515e-01 2.86951780e-01
    3.86678278e-02 4.59460318e-02 2.62876391e-01 5.35448790e-02
    6.23407125e-01 6.83339059e-01 1.97324723e-01 2.87373722e-01
    6.96706176e-02 6.29237592e-01 4.73325223e-01 1.02626145e-01
    3.94055486e-01 2.23558247e-01 8.72041583e-01 2.66858578e-01
    7.65704632e-01 6.21785820e-02 6.58738613e-01 6.73438430e-01
    7.77063251e-01 3.05504799e-01 1.27593666e-01 2.11292803e-01
    8.57388139e-01 9.98429596e-01 4.40784276e-01 6.38240695e-01
    9.11373019e-01 7.96302378e-01 7.92976975e-01 8.57555211e-01
    8.10530663e-01 2.53723681e-01 9.88079309e-01 3.78164291e-01
    4.23660785e-01 2.12122738e-01 4.01694238e-01 3.35224032e-01
    2.21139491e-02 6.55725718e-01 3.32024753e-01 1.64077848e-01
    5.54318547e-01 9.85151529e-01 3.16389620e-01 7.50576615e-01
    3.36092770e-01 6.28775656e-01 8.23474407e-01 8.05193186e-01
    8.28377604e-02 8.97827268e-01 3.44467819e-01 1.92435682e-02
    9.95264232e-01 8.94728899e-01 9.20409679e-01 7.05820739e-01
    5.82716167e-01 7.80852914e-01 2.10484594e-01 6.97649837e-01
    8.14085662e-01 8.81194234e-01 3.11953187e-01 1.64530933e-01
    9.17320311e-01 5.36268055e-02 4.09361869e-01 6.21062219e-02
    5.07442832e-01 5.67389488e-01 9.64961886e-01 7.23231196e-01
    6.63792551e-01 4.07778412e-01 5.08386016e-01 5.19721448e-01
    6.00915551e-01 2.40422577e-01 8.28359246e-01 8.29029918e-01
    5.68701327e-01 5.11682749e-01 7.96630263e-01 2.66326308e-01
    4.30150777e-01 4.43270624e-01 2.27155417e-01 4.27235901e-01
    8.68470550e-01 8.01550210e-01 4.90006149e-01 4.18842494e-01
    5.23842692e-01 5.39284348e-02 1.53862268e-01 6.69179738e-01
    7.06006646e-01 9.81041551e-01 8.05148125e-01 2.60929763e-01
    2.90784717e-01 9.70158637e-01 9.66564178e-01 3.56309742e-01
    6.04200423e-01 1.44081056e-01 4.62756723e-01 2.21573651e-01
    3.49262595e-01 6.90688550e-01 6.76131129e-01 2.50610530e-01
    6.30060315e-01 7.99050391e-01 9.79747772e-01 2.31232554e-01
    2.64311671e-01 2.87592649e-01 1.63042784e-01 5.96349537e-02
    7.73322701e-01 2.87581086e-01 9.84669685e-01 4.77077544e-01
    1.69171691e-02 1.28972441e-01 4.66952622e-01 9.36560035e-01
    4.73359197e-01 7.79070735e-01 4.41402316e-01 1.46250159e-01
    8.67597342e-01 6.30458832e-01 4.58194286e-01 1.33498907e-02
    5.94717383e-01 8.99019241e-01 1.72414541e-01 6.53294444e-01
    8.51565123e-01 2.72772908e-02 6.41810477e-01 7.60186791e-01
    3.66467834e-02 2.11566985e-02 1.93159312e-01 5.96497416e-01
    8.20638180e-01 8.95271242e-01 2.26137727e-01 3.48536968e-01
    9.26961601e-01 3.86323005e-01 5.36169350e-01 7.98413157e-01
    1.98248684e-01 1.32538557e-01 1.19795799e-01 4.18012261e-01
    2.14704037e-01 6.17607236e-02 5.61685920e-01 3.66313696e-01
    3.42888951e-01 9.96701479e-01 6.43217742e-01 1.36694193e-01
    2.95650065e-01 6.17069244e-01 9.54918861e-01 4.24557954e-01
    7.20694423e-01 8.60414088e-01 4.41074938e-01 1.94287986e-01
    8.92933190e-01 9.74836171e-01 1.13277942e-01 9.25898910e-01
    9.64425504e-02 3.41083407e-02 8.32791090e-01 5.33810079e-01
    4.69689012e-01 9.88923132e-01 9.64049637e-01 1.46319658e-01
    2.25780308e-02 8.69898736e-01 5.76572180e-01 7.62155712e-01
    8.07406902e-01 3.18088591e-01 5.52432477e-01 6.25463843e-01
    9.03618038e-01 9.19796228e-01 3.36895883e-02 5.66378415e-01
    2.90997982e-01 4.69471514e-01 4.23971474e-01 5.16256273e-01
    9.67388272e-01 9.97583568e-01 2.55210936e-01 2.57169485e-01
    8.29787850e-01 5.00996411e-01 6.98909581e-01 6.50718927e-01
    1.11937433e-01 6.80918694e-02 4.81489420e-01 7.52168179e-01
    7.69450784e-01 1.97225511e-02 4.02480096e-01 1.81519151e-01
    2.85283089e-01 7.01828301e-01 8.60028863e-01 1.18261933e-01
    9.84059870e-01 8.85448098e-01 6.35514498e-01 9.35058177e-01
    8.89905095e-01 1.62500232e-01 7.58937597e-01 5.56587875e-02
    5.39041460e-01 8.74729156e-02 3.36054564e-02 6.30247414e-01
    8.46881509e-01 4.05710936e-03 5.03043234e-01 1.66194171e-01
    9.99722123e-01 7.19483674e-01 2.12827116e-01 2.76389539e-01
    5.11016786e-01 9.03755844e-01 6.63837433e-01 2.10404754e-01
    6.13829970e-01 3.49063605e-01 3.51038367e-01 9.89913940e-03
    8.00977170e-01 5.47351360e-01 3.61764669e-01 3.00335467e-01
    2.61672765e-01 4.11813259e-01 4.85683888e-01 8.73934627e-01
    2.44127780e-01 5.08027673e-02 7.81688094e-01 1.36658847e-02
    9.79819298e-01 7.18725741e-01 9.21322465e-01 2.06185341e-01
    4.84671623e-01 8.41655731e-01 7.39430487e-01 3.76322895e-01
    1.02683187e-01 4.08689439e-01 9.36615825e-01 1.18550092e-01
    4.08700109e-01 2.73291230e-01 9.15593624e-01 3.21111500e-01
    3.87251675e-02 7.59573460e-01 4.75591570e-01 8.22462916e-01
    5.31833947e-01 3.15147340e-02 3.97794724e-01 3.72929156e-01
    6.44566119e-02 7.02035367e-01 7.64976501e-01 8.30755293e-01
    9.30864811e-01 3.24377596e-01 8.71370733e-02 5.76132655e-01
    9.52766061e-01 9.36454713e-01 1.86226755e-01 1.91744447e-01
    5.66127300e-01 5.29477715e-01 2.25163877e-01 1.68919563e-02
    4.51282501e-01 1.73430830e-01 5.54017901e-01 1.34001911e-01
    6.55242264e-01 2.71311402e-02 1.41691238e-01 6.07339144e-01
    9.00321364e-01 1.91926956e-05 7.98694372e-01 7.60105133e-01
    8.52851987e-01 7.10093439e-01 4.04300570e-01 3.86896133e-01
    6.31957948e-01 1.08874291e-01 1.83537304e-02 9.68769491e-01
    2.33021379e-01 3.70571196e-01 7.75346279e-01 8.33593369e-01
    8.02798390e-01 4.02371109e-01 1.35302901e-01 8.92271519e-01
    4.49318886e-02 2.14598149e-01 9.50219214e-01 9.78961885e-02
    7.98353076e-01 5.19884646e-01 7.02699900e-01 4.21937764e-01
    3.63494456e-02 9.11456883e-01 6.25779629e-01 5.46069980e-01
    6.04269087e-01 3.56368482e-01 6.91529870e-01 1.08304799e-01
    5.48455477e-01 7.77367830e-01 2.90930688e-01 7.04773486e-01
    5.22093475e-01 6.89233184e-01 4.66277927e-01 5.62690377e-01
    4.58704174e-01 9.02619958e-01 7.61670768e-01 7.92608738e-01
    5.12832046e-01 6.36210442e-01 9.40418124e-01 6.48702323e-01
    4.84544039e-03 5.87722003e-01 5.92522025e-01 9.68705058e-01
    3.38142037e-01 2.00214237e-01 4.06745493e-01 7.33007491e-01
    3.15306485e-01 7.86360741e-01 2.27192342e-01 3.93475175e-01
    6.30783200e-01 6.45684719e-01 7.20769107e-01 3.26538384e-01
    2.42337286e-01 1.07413083e-01 6.06789887e-01 9.73335028e-01
    7.25701571e-01 6.36130333e-01 1.21501058e-01 8.81096601e-01
    1.55591458e-01 1.01030201e-01 4.31356132e-01 4.73740578e-01
    2.86046028e-01 2.86107361e-02 3.85913968e-01 4.13373679e-01
    5.35873771e-02 6.44130707e-01 7.27509201e-01 3.43191266e-01
    6.86543345e-01 1.61897302e-01 8.84751797e-01 6.54152274e-01
    5.62871158e-01 5.66186011e-01 6.87405467e-01 3.13746274e-01
    1.59996748e-01 3.30727428e-01 1.03691369e-01 6.30756676e-01
    1.20568633e-01 1.35822505e-01 6.90668404e-01 4.15282547e-01
    2.34604269e-01 2.64948785e-01 8.19214404e-01 9.10133600e-01
    2.11560249e-01 6.49328649e-01 2.54178464e-01 1.16212904e-01
    4.19401109e-01 2.91152686e-01 3.81982416e-01 9.75504279e-01
    4.11535263e-01 7.70959854e-01 9.75229502e-01 6.09730542e-01
    8.38518143e-01 4.83712852e-01 8.15800428e-01 9.88053322e-01
    3.64469945e-01 8.63135934e-01 8.83565903e-01 1.68113232e-01
    8.07309389e-01 8.11724722e-01 5.19953370e-02 5.03775775e-01
    6.90744221e-02 1.72415823e-01 3.23403358e-01 4.02569413e-01
    2.61851251e-02 7.92187214e-01 6.44446373e-01 9.13060427e-01
    8.33358645e-01 1.99760526e-01 2.68709242e-01 8.50966036e-01
    7.04278409e-01 9.40173805e-01 7.79281378e-01 9.93267775e-01
    7.12403953e-01 5.47958612e-01 8.16706896e-01 2.62617648e-01
    1.01224244e-01 9.74498630e-01 3.72603774e-01 6.48029447e-01
    5.12972534e-01 2.50992954e-01 3.48235667e-01 5.83176613e-01
    7.88783789e-01 6.40846074e-01 8.86218846e-01 3.86007428e-01
    8.83942127e-01 7.93209672e-03 6.18390918e-01 5.86441159e-03
    5.50261021e-01 1.27664626e-01 2.21013635e-01 2.90468395e-01
    4.46454883e-02 8.58874083e-01 5.66734076e-01 6.09256566e-01
    9.11661208e-01 1.52190447e-01 3.08778703e-01 8.99313450e-01
    4.36328650e-02 4.12611067e-02 9.70256865e-01 5.03700316e-01
    2.18428284e-01 8.50274920e-01 1.92748398e-01 8.64109337e-01
    2.95184910e-01 3.47746670e-01 2.34282017e-03 9.24469113e-01
    7.40427315e-01 2.21053660e-01 8.95084739e-02 4.58401740e-02
    7.77069211e-01 4.27793652e-01 1.52554929e-01 4.29792434e-01
    6.49987161e-02 1.79253668e-01 5.01271605e-01 1.99638605e-01
    8.34113955e-01 9.80384529e-01 1.26927733e-01 4.07066762e-01
    1.02629602e-01 8.73256207e-01 4.16294217e-01 2.51680136e-01
    5.59697092e-01 7.13572383e-01 6.23505771e-01 5.94790578e-01
    3.05998355e-01 9.08648849e-01 2.75961161e-02 2.55257249e-01
    3.40217650e-01 4.63099867e-01 2.56426632e-02 1.84772372e-01
    1.98242694e-01 8.34878206e-01 2.51092613e-01 5.04482627e-01
    4.84965891e-01 4.05223697e-01 3.12557429e-01 4.33589399e-01
    6.42012060e-02 4.67916429e-02 6.64279521e-01 4.74420846e-01
    2.77316391e-01 9.62014854e-01 1.09600276e-01 6.23148859e-01
    4.77431417e-02 6.37534142e-01 4.51915979e-01 6.86255634e-01
    4.11936402e-01 5.71068287e-01 6.58518612e-01 4.37348515e-01
    3.76635373e-01 5.16058505e-01 4.14660573e-03 5.19435704e-02
    4.31474477e-01 9.54952359e-01 7.33020842e-01 9.17416036e-01
    5.62640488e-01 9.82599020e-01 3.69238466e-01 7.54356742e-01
    9.52763557e-02 2.61947036e-01 4.46084559e-01 3.74702424e-01
    8.48226964e-01 5.19860685e-01 9.69601274e-01 8.62943888e-01
    3.23109865e-01 8.04099500e-01 8.74817252e-01 2.95212418e-01
    5.04456460e-02 8.21546257e-01 8.67005944e-01 4.62657243e-01
    7.00200617e-01 4.34279978e-01 5.53301334e-01 7.39946306e-01
    3.56606007e-01 3.49195302e-01 4.56653923e-01 6.12918079e-01
    5.39376080e-01 5.30055046e-01 8.38042736e-01 4.46003139e-01
    7.63530612e-01 8.84389758e-01 4.91638958e-01 2.07251906e-01
    6.50031269e-01 9.26493347e-01 8.58134389e-01 8.90516281e-01
    9.44693387e-02 3.40220273e-01 8.20040703e-02 9.55346704e-01
    9.50154662e-02 9.92073655e-01 7.73897529e-01 4.57470179e-01
    3.35492998e-01 3.94946307e-01 1.50526226e-01 3.08319926e-01
    5.99753857e-01 7.04499662e-01 3.23014438e-01 5.32058775e-02
    5.79225123e-01 7.32076168e-02 8.27904105e-01 8.94791484e-01
    7.43332148e-01 2.17629403e-01 9.17813182e-01 2.49090225e-01
    6.93083286e-01 3.91070485e-01 6.76860154e-01 6.56665683e-01
    5.78799963e-01 1.90009266e-01 6.13143086e-01 4.81155515e-02
    1.47516817e-01 7.94266045e-01 8.75002146e-02 4.82369661e-02
    6.83378875e-02 2.27519035e-01 2.76261002e-01 1.71477973e-01
    8.87471437e-01 8.92971635e-01 4.15468156e-01 6.82621896e-01
    2.06406176e-01 4.16951865e-01 8.57914150e-01 4.32150483e-01
    2.51067579e-01 5.72771072e-01 9.28445101e-01 5.14311194e-01
    6.96167111e-01 5.96057057e-01 3.63645703e-01 9.94546711e-01
    2.57958770e-01 2.39512354e-01 6.23845637e-01 3.74283314e-01
    6.52506769e-01 4.65839505e-01 4.20161515e-01 7.52039731e-01
    1.81843519e-01 2.12281913e-01 3.42041552e-02 9.12368000e-02
    3.30738634e-01 9.21193659e-01 2.73762345e-01 1.49777085e-01
    7.89436400e-02 1.86180264e-01 9.84061778e-01 2.60825455e-02
    8.32911611e-01 8.79773140e-01 9.29266632e-01 2.81391203e-01
    1.00672245e-04 6.74495876e-01 9.59976673e-01 1.26790971e-01
    6.50690556e-01 6.32607698e-01 2.05591947e-01 1.41840905e-01
    3.36104572e-01 7.31814563e-01 9.52889323e-01 5.88066220e-01
    1.54651761e-01 5.13690114e-02 2.66578794e-03 4.67608124e-01
    5.77816367e-01 8.47160697e-01 8.56006503e-01 6.46733403e-01
    9.11277354e-01 6.73115849e-01 1.97860569e-01 1.24306917e-01
    7.91656137e-01 5.83355248e-01 1.36399269e-02 2.28074908e-01
    2.65334874e-01 3.87802720e-02 1.02805257e-01 6.32584631e-01
    5.16729891e-01 7.59208560e-01 1.26732290e-02 7.69541025e-01
    4.17467028e-01 4.84668821e-01 3.48540187e-01 2.17892438e-01
    9.32255387e-02 1.84342414e-01 3.76667291e-01 3.15411925e-01
    8.47005129e-01 3.85540843e-01 4.42158997e-01 9.56933260e-01
    1.48955882e-02 5.79998553e-01 5.37478447e-01 9.24119473e-01
    3.55719835e-01 2.89236039e-01 4.25118148e-01 6.15739584e-01
    8.10373366e-01 7.42474854e-01 1.98936403e-01 6.71180844e-01
    1.08055770e-01 6.41497731e-01 8.68576765e-01 6.70007229e-01
    8.98155034e-01 6.13360643e-01 7.04922736e-01 2.60885894e-01
    2.58499444e-01 4.92819130e-01 7.85636902e-01 7.55829811e-01
    5.67272127e-01 9.82790291e-02 8.54265928e-01 7.88274169e-01
    4.25687790e-01 4.91277695e-01 4.83650565e-01 1.86795413e-01
    8.46135378e-01 8.17480087e-01 2.46466160e-01 4.56045985e-01
    7.32001066e-01 7.38964081e-01 3.39105725e-03 5.15069366e-02
    6.92746162e-01 4.14674699e-01 2.80969709e-01 6.54757857e-01
    9.40646946e-01 5.52592576e-01 7.49014735e-01 3.22605968e-01
    9.25761223e-01 8.45431566e-01 9.02136743e-01 1.98906064e-01
    2.80940294e-01 4.05222088e-01 9.76011455e-02 7.15458035e-01
    4.47228849e-02 7.86710262e-01 3.42947781e-01 2.46046364e-01
    4.46550012e-01 5.73353291e-01 3.91542196e-01 6.83834672e-01
    4.46384966e-01 7.41790771e-01 5.66962957e-01 3.02128077e-01
    3.64382505e-01 8.73319983e-01 1.52524590e-01 7.40050793e-01
    1.99832737e-01 3.94573718e-01 7.54470289e-01 8.40926886e-01
    4.52702940e-02 3.36347878e-01 5.41333497e-01 6.99129581e-01
    6.87941670e-01 4.96891439e-02 2.95988441e-01 3.09226543e-01
    6.01034760e-01 3.62582803e-02 6.91710114e-02 9.61568058e-01
    6.49620056e-01 4.58248794e-01 5.26570141e-01 4.61771101e-01
    3.17890555e-01 8.52591336e-01 3.85625601e-01 2.40345657e-01
    2.35458374e-01 5.14733434e-01 8.14148307e-01 6.62755728e-01
    2.85756886e-01 4.13321823e-01 2.39996314e-02 8.13425422e-01
    1.12054080e-01 3.17200720e-02 3.86183023e-01 5.00885963e-01
    2.42753029e-01 8.64874482e-01 8.52632880e-01 5.57272375e-01
    1.51597798e-01 6.05616271e-02 7.30875194e-01 2.82013327e-01
    5.19665599e-01 8.60069394e-01 5.92216015e-01 8.81501675e-01
    4.86148059e-01 5.97986579e-03 9.41993892e-01 5.75565994e-02
    3.67160797e-01 1.17965281e-01 5.09979188e-01 6.54857695e-01
    6.60780907e-01 4.51932669e-01 9.80866551e-02 4.47312713e-01
    5.38087606e-01 3.78103644e-01 4.99108732e-02 6.93666637e-01
    6.29525661e-01 4.83352542e-01 6.30472422e-01 5.43253124e-02
    3.28606486e-01 8.37102473e-01 9.76863503e-03 7.75851488e-01
    4.86238033e-01 1.78700745e-01 3.19009721e-02 1.12912685e-01
    8.10084820e-01 2.11893618e-02 5.40516376e-01 7.31658936e-03
    7.85690427e-01 2.16340572e-01 7.22824693e-01 2.90421546e-02
    6.73386335e-01 6.40567660e-01 3.92547935e-01 4.98094976e-01
    4.19597536e-01 8.84562969e-01 3.99331808e-01 1.94749802e-01
    5.98559916e-01 2.09628701e-01 9.72633064e-02 1.19946301e-02
    9.33121979e-01 9.32796597e-01 5.47534823e-01 9.81739461e-01
    1.62187666e-01 8.31507504e-01 6.36478424e-01 6.62400067e-01
    1.80277824e-02 7.49652803e-01 9.60482359e-01 5.50433278e-01
    8.14090848e-01 5.87570608e-01 6.40340447e-01 4.72154021e-01
    1.93954319e-01 7.68569231e-01 5.57052135e-01 6.26643062e-01
    2.25259632e-01 3.85713577e-02 1.78254396e-01 9.84710515e-01
    3.45860422e-01 9.91172075e-01 7.72039533e-01 7.89652169e-02
    2.40899831e-01 7.55402148e-02 6.37967110e-01 7.47566938e-01
    4.75111157e-01 2.06976801e-01 9.04798865e-01 8.16634655e-01
    8.49218309e-01 4.19038624e-01 2.82539487e-01 3.44455272e-01
    9.37013865e-01 1.67213202e-01 8.10834467e-01 6.59753799e-01
    8.78416061e-01 8.40580165e-01 7.28246808e-01 8.56459737e-01
    4.39378828e-01 9.75766778e-03 7.41345525e-01 1.73070699e-01
    7.66330957e-02 6.23229682e-01 7.16041625e-02 8.04447651e-01
    3.76059860e-01 1.51905030e-01 6.20212376e-01 2.51396537e-01
    9.26223993e-01 3.92647564e-01 4.05207247e-01 5.52289009e-01
    1.19802684e-01 9.09285426e-01 2.84865797e-02 1.68569833e-01
    4.51136082e-01 6.85907602e-01 8.28815103e-01 1.56452984e-01
    3.26856971e-01 7.48642445e-01 7.72395849e-01 9.40094113e-01
    7.99499810e-01 3.10682654e-01 7.72454679e-01 9.28442299e-01
    1.62698448e-01 2.07290590e-01 7.23179281e-01 1.77630872e-01
    8.16429079e-01 1.54542685e-01 8.21949840e-01 1.03493273e-01
    2.22949058e-01 9.58035290e-02 5.05722702e-01 7.59039581e-01
    1.63051486e-01 8.19879830e-01 6.17586732e-01 8.32471967e-01
    7.57744431e-01 3.03882360e-01 4.23479915e-01 1.15263373e-01
    9.61248219e-01 8.03805828e-01 6.01189137e-01 5.68456829e-01
    3.13678145e-01 1.84923530e-01 9.17889535e-01 1.84685558e-01
    8.81078482e-01 1.56264544e-01 3.99768353e-04 3.92803550e-03
    9.77497935e-01 6.38352334e-01 9.55008447e-01 6.58697546e-01
    1.79668069e-01 8.52011085e-01 3.65004838e-01 7.71133900e-01
    9.98510659e-01 3.93304229e-02 9.64018106e-01 8.19164872e-01
    1.00030303e-02 6.17068350e-01 3.53516817e-01 1.77487463e-01
    2.65502721e-01 4.57289040e-01 7.33727276e-01 6.85488820e-01
    7.33852148e-01 6.24734759e-02 6.83703661e-01 2.81235099e-01
    6.18346155e-01 7.45524049e-01 1.00700587e-01 6.24826312e-01
    1.17137522e-01 5.70501268e-01 9.96116698e-01 6.74183369e-01
    1.54948533e-01 9.59336996e-01 9.64422226e-01 3.80797625e-01
    3.77481341e-01 1.41796201e-01 9.48474526e-01 9.01148796e-01
    6.06568873e-01 1.70245588e-01 3.93717706e-01 9.57701445e-01
    8.87409925e-01 2.82481939e-01 6.45199776e-01 1.76513404e-01
    8.84499907e-01 1.38545036e-02 5.00600636e-02 8.83698761e-01
    8.32212508e-01 5.22487402e-01 2.03083754e-01 8.45690668e-01
    9.95041609e-01 1.31859064e-01 2.55743086e-01 8.80714178e-01
    7.99044490e-01 1.95779771e-01 7.52065301e-01 6.10746264e-01
    9.68159795e-01 1.46456301e-01 3.87067854e-01 7.91059375e-01
    4.49837297e-01 3.72314751e-02 1.77161962e-01 5.14194369e-01
    8.42262387e-01 8.90736938e-01 1.48227811e-02 3.07267368e-01
    4.16774154e-02 7.44592905e-01 1.90178841e-01 9.68449593e-01
    7.75667071e-01 8.10646832e-01 8.79529059e-01 9.35724735e-01
    1.79708183e-01 4.87581849e-01 2.52255797e-01 7.83606112e-01
    7.69428968e-01 9.46273088e-01 8.90578270e-01 5.93580604e-01
    4.84994471e-01 6.11213267e-01 7.23033667e-01 4.85353440e-01
    9.07372057e-01 9.85665798e-01 1.14863127e-01 5.66516638e-01
    5.08223772e-02 5.26732981e-01 5.24118125e-01 4.92514312e-01
    6.68280244e-01 8.83436561e-01 6.33798242e-02 1.80415332e-01
    1.04505748e-01 7.54579306e-01 8.86039257e-01 4.12456691e-02
    2.04560369e-01 2.10007638e-01 7.70827830e-02 2.00575620e-01
    7.47230887e-01 2.95092583e-01 5.12618303e-01 1.80450559e-01
    3.91485989e-01 5.08519113e-01 5.89512110e-01 2.17859447e-01
    5.50096512e-01 3.68827999e-01 5.19381762e-02 6.19125187e-01
    4.76480603e-01 2.62767613e-01 8.96809816e-01 9.91021395e-01
    7.55294323e-01 9.81260955e-01 7.41733372e-01 9.17275429e-01
    3.19560051e-01 6.13880813e-01 9.03544009e-01 1.40933663e-01
    8.53001595e-01 3.55874896e-01 8.50451589e-01 7.74246216e-01
    1.06674165e-01 5.03259957e-01 6.50212526e-01 4.21834081e-01
    3.98411900e-01 6.15753531e-02 3.86225700e-01 3.00853252e-01
    1.84223950e-02 1.53593481e-01 4.22211885e-01 2.38443047e-01
    9.00110006e-01 7.25932658e-01 2.56363571e-01 1.78580582e-01
    2.43031859e-01 4.54017043e-01 7.40815103e-01 3.18028897e-01
    3.28451216e-01 1.72064066e-01 6.06095016e-01 1.85455382e-01
    1.86887950e-01 2.35557675e-01 9.72768188e-01 3.41559350e-02
    7.57870317e-01 4.09528852e-01 9.25811291e-01 2.51004457e-01
    4.16535497e-01 1.96105152e-01 7.53154278e-01 1.86794102e-02
    6.59155786e-01 1.91116452e-01 7.44003713e-01 8.19231868e-01
    9.83502030e-01 8.70925844e-01 9.33010101e-01 4.35154617e-01
    6.49809480e-01 2.60318190e-01 8.61272097e-01 6.64475739e-01
    5.00916362e-01 5.51559985e-01 4.51440930e-01 2.49198943e-01
    3.27202082e-01 1.67838097e-01 1.71855986e-01 2.45109081e-01
    9.04525995e-01 1.65995270e-01 5.87520182e-01 4.46553409e-01
    7.85349905e-02 8.04808617e-01 4.84111756e-01 6.17123246e-02
    7.36084223e-01 4.42438424e-02 7.74648190e-01 2.01719582e-01
    9.47891176e-02 2.23004013e-01 4.69990134e-01 4.13922966e-02
    8.48093688e-01 6.13840997e-01 7.45413184e-01 5.81377566e-01
    7.52977729e-02 8.94832134e-01 1.84935153e-01 6.79087043e-02
    8.41711462e-02 1.70535505e-01 9.03916478e-01 5.40873587e-01
    2.43063539e-01 9.82751369e-01 9.37214792e-02 3.34471971e-01
    9.33203876e-01 3.65219235e-01 2.42001027e-01 5.52715421e-01
    9.95691657e-01 4.12552834e-01 3.28480840e-01 1.41696990e-01
    3.38532656e-01 5.32973588e-01 4.44086790e-02 1.79143876e-01
    2.88960934e-02 7.22643018e-01 3.64659339e-01 1.30284101e-01
    2.96889484e-01 6.12015486e-01 4.76484567e-01 6.00472271e-01
    9.74344671e-01 4.43183899e-01 3.09282720e-01 8.31740201e-02
    4.02150035e-01 5.25560975e-01 4.19668615e-01 6.06081963e-01
    8.68966937e-01 2.44457245e-01 9.85263944e-01 6.30809665e-01
    8.82944405e-01 4.96947527e-01 7.69418597e-01 9.98387337e-02
    3.75041962e-01 7.82844424e-01 7.97484815e-02 9.68340158e-01
    9.48100686e-02 1.22689426e-01 9.51234818e-01 5.29169202e-01
    8.17614675e-01 2.08134174e-01 1.41768456e-02 4.74894643e-02
    3.89678001e-01 1.97403431e-02 9.73237455e-01 1.87154293e-01
    3.61041427e-01 6.61797166e-01 8.37697506e-01 8.42139363e-01
    2.99875200e-01 8.73365641e-01 2.69514441e-01 3.62668335e-02
    5.83166301e-01 5.86698353e-01 1.79984927e-01 6.26901150e-01
    2.88603306e-01 5.42400420e-01 2.97868311e-01 2.10021079e-01
    6.68038607e-01 7.86678910e-01 9.18487251e-01 9.95752454e-01
    5.62568903e-01 5.96821666e-01 3.91471505e-01 1.07668102e-01
    3.70715857e-02 5.54184496e-01 6.64643943e-01 7.90257454e-01
    1.70583338e-01 8.99265230e-01 7.14996874e-01 2.54568934e-01
    7.25218356e-01 2.41608381e-01 4.70987439e-01 8.65931630e-01
    6.19907975e-01 5.44365883e-01 8.80679488e-02 2.12924391e-01
    6.34268463e-01 9.47665334e-01 7.95492470e-01 7.66234159e-01
    5.71204185e-01 4.49893892e-01 8.64383936e-01 9.26176071e-01
    4.86320257e-03 6.44408703e-01 1.44425750e-01 5.21062195e-01
    4.79073912e-01 9.36262786e-01 4.70506728e-01 6.97014034e-01
    4.40100431e-01 2.12118179e-01 2.03310996e-01 4.48473215e-01
    1.77709430e-01 5.28658092e-01 4.00019139e-01 2.88654625e-01
    7.81474411e-01 2.80354619e-01 2.44009972e-01 2.36731976e-01
    1.87118500e-01 8.08643222e-01 6.13623917e-01 6.84936941e-01
    7.38840520e-01 7.77146220e-03 7.59008348e-01 9.95075107e-01
    1.41227126e-01 5.69902003e-01 3.58220279e-01 4.31656867e-01
    4.99859333e-01 6.91662192e-01 9.64097142e-01 6.55464053e-01
    3.18242729e-01 1.65775239e-01 1.05721951e-01 8.60952437e-02
    6.26305461e-01 5.61484694e-02 9.73086655e-01 6.31149352e-01
    5.48546851e-01 1.05054647e-01 7.90888667e-01 3.43911707e-01
    5.17611086e-01 8.89400482e-01 4.72817630e-01 6.91788793e-01
    6.36171639e-01 4.69548553e-01 4.55000371e-01 3.99442434e-01
    5.91319501e-02 7.98032641e-01 6.61491990e-01 7.32001245e-01
    4.97971088e-01 8.90537381e-01 2.72900462e-01 5.11311769e-01
    6.87687159e-01 6.52247727e-01 3.15176129e-01 1.22853816e-02
    4.15702611e-01 5.41145146e-01 1.06095672e-02 7.34676838e-01
    8.43712926e-01 8.78896892e-01 2.94813037e-01 9.18096066e-01
    5.47286510e-01 1.70646429e-01 1.45181626e-01 6.99963868e-01
    1.23349637e-01 7.70409226e-01 7.50395298e-01 2.27609962e-01
    1.12613767e-01 7.85972774e-02 2.26835579e-01 3.33841234e-01
    9.67100561e-01 2.36508936e-01 7.43536949e-01 6.57447994e-01
    4.25016582e-01 1.43451422e-01 9.25918579e-01 8.61616969e-01
    1.03000253e-01 4.99097496e-01 4.88952041e-01 3.21235001e-01
    5.72312832e-01 1.95524752e-01 3.96614283e-01 6.87338293e-01
    9.18151677e-01 2.75801331e-01 1.59615487e-01 3.35348040e-01
    5.26327789e-02 3.54628056e-01 2.46339738e-01 8.98978353e-01
    2.21177965e-01 9.25575197e-01 7.59328246e-01 7.84945488e-01
    1.95011884e-01 4.49937850e-01 1.69479728e-01 2.21197218e-01
    1.34674102e-01 1.53751642e-01 6.46237075e-01 8.46358895e-01
    4.79471594e-01 7.87518144e-01 9.59666848e-01 8.27057779e-01
    4.06503648e-01 7.14668870e-01 1.75650150e-01 1.30734831e-01
    8.05186033e-01 4.62896287e-01 4.15703773e-01 1.39517844e-01
    9.56604123e-01 7.18673468e-01 6.87353730e-01 3.57472897e-01
    2.21893042e-01 1.61512911e-01 3.86147678e-01 8.56233239e-01
    6.37401879e-01 6.19473934e-01 3.54909301e-01 6.03237271e-01
    5.46981037e-01 2.23649353e-01 6.12356067e-02 7.46649384e-01
    7.06283391e-01 2.31113344e-01 3.64569277e-01 4.92252618e-01
    6.17274284e-01 7.82848835e-01 9.03190672e-02 1.54911280e-02
    4.11434293e-01 4.90057766e-01 1.21991932e-02 5.17556667e-01
    5.64964592e-01 5.62751293e-02 4.38217849e-01 5.35020113e-01
    8.08796287e-02 4.69569236e-01 5.94520688e-01 1.85136914e-01
    3.75747383e-01 1.79485708e-01 9.71673369e-01 3.37160498e-01
    2.83787727e-01 2.44864523e-01 3.06620300e-02 2.78549403e-01
    7.32290149e-01 7.82703519e-01 1.80890054e-01 5.18688619e-01
    6.63352191e-01 2.64068246e-02 7.99097002e-01 7.48912930e-01
    1.09276593e-01 7.36498117e-01 1.53085709e-01 9.85150695e-01
    3.38370919e-01 6.54502749e-01 6.46741450e-01 8.39050412e-01
    4.48250532e-01 4.55390513e-02 9.51445580e-01 3.46905559e-01
    9.53590751e-01 7.85789311e-01 9.98774767e-01 7.70527124e-01
    2.71752656e-01 8.73093843e-01 9.58296597e-01 5.95004559e-01
    1.76718235e-02 1.70472741e-01 1.71299338e-01 5.62056959e-01
    2.08461523e-01 2.19823867e-01 5.91642559e-01 2.94191808e-01
    8.84596705e-01 3.00335586e-01 3.54730308e-01 2.83143640e-01
    9.16518688e-01 4.34289068e-01 2.81899333e-01 3.53784621e-01
    2.18446642e-01 5.72216690e-01 1.65284067e-01 1.14027321e-01
    1.54967248e-01 4.35312927e-01 4.72884625e-01 7.10848212e-01
    5.79325259e-01 5.35196066e-01 5.11635363e-01 3.93227041e-02
    9.39329267e-02 2.84758598e-01 8.48613143e-01 6.96166992e-01
    3.04562092e-01 2.05185413e-02 5.00006199e-01 1.17062300e-01
    9.17892158e-02 8.80803287e-01 8.70045662e-01 5.58739901e-02
    7.16031432e-01 6.90153062e-01 3.26340497e-02 1.44617975e-01
    1.22054636e-01 6.12300634e-01 2.17170656e-01 6.73165083e-01
    3.17017049e-01 2.54722774e-01 3.48478198e-01 3.01376909e-01
    3.46866667e-01 6.08217895e-01 1.43619895e-01 4.73148525e-01
    7.60209560e-01 2.79831827e-01 7.85730124e-01 5.01967132e-01
    8.78787637e-01 1.35799617e-01 1.93537652e-01 1.61300302e-02
    5.88491619e-01 3.15394461e-01 5.64057529e-01 8.99376094e-01
    3.69915307e-01 8.98273230e-01 5.96885026e-01 8.30240428e-01
    7.43518531e-01 8.43060613e-01 4.03552622e-01 9.58390594e-01
    3.93443704e-02 3.50535452e-01 8.46152842e-01 5.81743181e-01
    1.62210315e-01 2.92584658e-01 4.15929556e-01 8.11794996e-01
    5.72446883e-01 3.84719849e-01 7.57295251e-01 9.44272399e-01
    2.55042374e-01 9.45006490e-01 6.63770854e-01 9.50875461e-01
    6.64811969e-01 7.22432375e-01 5.49019873e-01 8.56813252e-01
    9.33100581e-01 8.89460444e-01 9.65653062e-01 8.07826817e-01
    8.30508828e-01 1.27885908e-01 9.98756826e-01 5.39547324e-01
    7.59137690e-01 2.68433601e-01 5.25934398e-01 5.37117958e-01
    5.38553953e-01 6.61872089e-01 9.73392665e-01 1.78160429e-01
    1.46981686e-01 6.20158613e-01 7.56864488e-01 7.34830141e-01
    9.24820900e-01 3.30718488e-01 3.41883868e-01 3.90999317e-01
    6.07121527e-01 4.70126837e-01 5.69748342e-01 1.70528293e-01
    5.36387146e-01 5.92461228e-03 9.45432663e-01 7.68758059e-01
    4.20418710e-01 5.53398073e-01 6.53269649e-01 2.79246718e-01
    8.84845853e-01 5.77429533e-01 2.37638593e-01 8.26910198e-01
    3.92846167e-01 7.53942966e-01 9.75955904e-01 8.77731740e-01
    1.19373798e-01 4.00306404e-01 3.75312984e-01 9.01708007e-01
    7.78396666e-01 9.97716427e-01 3.74417096e-01 1.58078551e-01
    1.78519428e-01 2.57777512e-01 6.94141924e-01 4.75360036e-01
    3.63484442e-01 8.90084743e-01 8.94945979e-01 9.59763408e-01
    9.30146337e-01 3.52033973e-02 8.20715308e-01 9.30158615e-01
    4.17121738e-01 8.24888945e-02 6.55037820e-01 4.78828967e-01
    8.66683483e-01 3.76807541e-01 3.49980712e-01 4.40763623e-01
    6.39602661e-01 1.07453257e-01 6.65792525e-01 3.44030261e-01
    8.83248687e-01 7.88630843e-01 3.02271485e-01 4.99250829e-01
    6.76914871e-01 4.25654709e-01 4.14105058e-01 7.50817537e-01
    5.24003088e-01 2.00296581e-01 1.99664861e-01 2.50183046e-01
    6.80987477e-01 7.75180638e-01 9.79842842e-01 3.49986196e-01
    1.08689964e-01 4.21575010e-01 4.44987506e-01 4.16652769e-01
    6.24600649e-02 7.55840957e-01 5.93418598e-01 9.10465300e-01
    2.80971497e-01 2.61523366e-01 8.92987013e-01 5.32825291e-02
    7.94853985e-01 2.20091879e-01 2.12512016e-01 5.24303496e-01
    7.89018631e-01 1.47990316e-01 7.89411664e-01 2.44618297e-01
    3.62698913e-01 4.81817126e-01 9.15715754e-01 6.54586613e-01
    8.27048957e-01 2.22196907e-01 3.61228287e-01 2.95315981e-02
    8.02129269e-01 2.47563809e-01 9.98434782e-01 7.58459687e-01
    4.47193444e-01 7.81490922e-01 5.38814664e-01 7.12322891e-01
    7.58189917e-01 8.76401544e-01 1.73241198e-02 3.97781134e-02
    1.36839032e-01 6.03867292e-01 9.13683236e-01 1.08480334e-01
    5.97113252e-01 5.96686363e-01 9.04115498e-01 1.90290421e-01
    4.57273424e-01 8.50192726e-01 2.80608058e-01 5.83228469e-03
    3.55076790e-02 2.51240045e-01 9.99174118e-01 5.07598937e-01
    6.50658846e-01 5.80205321e-01 3.68829608e-01 6.74953103e-01
    8.77599478e-01 7.54124165e-01 8.00397456e-01 2.13884383e-01
    1.60431117e-01 2.31121451e-01 3.59444022e-01 4.60928380e-02
    6.67232633e-01 1.49301052e-01 7.49453187e-01 1.35017335e-02
    8.63454878e-01 7.22333670e-01 8.26951027e-01 6.55297518e-01
    4.12599713e-01 3.76307189e-01 5.41173339e-01 8.17010999e-01
    6.63048983e-01 5.40637076e-02 7.43131280e-01 1.24371409e-01
    8.95209372e-01 7.48312652e-01 5.10295093e-01 7.21847534e-01
    8.68303537e-01 4.23930943e-01 4.72403675e-01 1.69015259e-01
    9.92595553e-01 6.93043411e-01 1.30559504e-01 3.71247411e-01
    5.71295977e-01 4.27342951e-02 7.49728084e-02 6.11921728e-01
    7.48393536e-01 8.74135256e-01 6.89593017e-01 9.29946780e-01
    6.56685531e-02 5.21416903e-01 4.72557098e-01 5.37498534e-01
    8.66457582e-01 9.77924585e-01 1.61549300e-01 9.20058429e-01
    4.31464016e-02 1.10979646e-01 4.42839742e-01 7.99652576e-01
    3.46495092e-01 6.56995177e-03 5.50644755e-01 8.86576176e-02
    8.36176753e-01 2.28363544e-01 9.97827649e-01 9.94374156e-01
    1.50078535e-01 2.20210820e-01 2.29398072e-01 3.81404817e-01
    8.03858697e-01 9.39726472e-01 2.02223957e-01 8.52153420e-01
    8.12272549e-01 7.76590109e-02 1.10600710e-01 2.97452033e-01
    7.90758908e-01 5.81980646e-01 5.08116961e-01 3.94175261e-01
    4.19875860e-01 3.70859563e-01 4.44073826e-01 9.83696461e-01
    9.83372629e-02 6.82271361e-01 2.80498803e-01 9.85096574e-01
    2.09318042e-01 4.78627682e-02 2.59849429e-02 4.42316264e-01
    6.60507679e-02 9.68816102e-01 1.79570526e-01 8.86645675e-01
    6.77808881e-01 4.47844565e-01 5.70883512e-01 7.55218565e-01
    1.72765434e-01 1.64284229e-01 3.37733239e-01 4.95373905e-01
    9.78408277e-01 8.44126225e-01 4.32042003e-01 6.57224298e-01
    1.96630716e-01 9.70798373e-01 1.43479049e-01 9.15910721e-01
    4.26706731e-01 7.55056381e-01 8.75214875e-01 4.45678473e-01
    6.70471191e-02 9.34687436e-01 1.73193842e-01 1.80041492e-01
    5.09497523e-02 6.16884828e-01 1.82006061e-02 7.26295829e-01
    8.47575784e-01 8.36449265e-01 1.64283127e-01 6.75162971e-02
    9.27234828e-01 1.05362356e-01 2.68000662e-01 8.67527425e-01
    5.21880150e-01 8.18962872e-01 2.65659273e-01 2.94654727e-01
    3.48856837e-01 3.12548399e-01 7.74593115e-01 2.82569706e-01
    8.61566901e-01 5.79807103e-01 8.08428705e-01 9.24045324e-01
    2.06882030e-01 1.32098764e-01 5.67265511e-01 8.86150420e-01
    6.69809818e-01 7.85647273e-01 6.21723294e-01 3.70612681e-01
    1.50887251e-01 2.41318434e-01 6.22723222e-01 6.65683448e-01
    3.32264185e-01 8.93731475e-01 6.49346352e-01 3.10753584e-02
    5.34670651e-01 6.74654186e-01 9.03833270e-01 6.14787877e-01
    3.11187208e-01 4.48243737e-01 5.18674433e-01 8.98440242e-01
    3.74833554e-01 7.45264411e-01 9.68225837e-01 5.32354951e-01
    5.50441802e-01 8.68339777e-01 7.68581152e-01 3.69282901e-01
    9.84240472e-01 3.81363630e-02 2.25651026e-01 5.78543961e-01
    6.71227276e-02 4.23641920e-01 6.02758527e-01 7.60363460e-01
    3.87093127e-01 6.44094348e-01 4.64124531e-01 9.87470984e-01
    6.15421653e-01 8.50489140e-02 9.34871316e-01 9.89402056e-01
    2.52823114e-01 4.89105195e-01 3.65948111e-01 7.09245205e-01
    8.55069458e-02 8.37064445e-01 2.58975595e-01 8.02227080e-01
    6.10783637e-01 8.07535291e-01 9.97590125e-01 3.97310615e-01
    4.44578499e-01 9.94066834e-01 3.82329911e-01 9.82773185e-01
    7.29721248e-01 9.69447613e-01 9.81773198e-01 1.69976443e-01
    4.86023337e-01 1.42712116e-01 1.80273563e-01 5.57187200e-01
    8.26188028e-01 6.60382390e-01 9.19291377e-01 6.70597792e-01
    7.00527549e-01 9.03916001e-01 1.29199266e-01 9.51182842e-01
    4.40919012e-01 6.18562102e-02 3.53357881e-01 1.87799066e-01
    6.82232559e-01 3.56779605e-01 1.73984468e-02 6.31727457e-01
    8.09255600e-01 9.38859105e-01 9.39526439e-01 9.22638237e-01
    1.20902240e-01 6.87819779e-01 6.81906641e-01 2.11584121e-01
    6.24752641e-01 6.70117557e-01 7.96810210e-01 3.65318686e-01
    5.62591851e-02 9.17437434e-01 1.61952913e-01 3.65013957e-01
    5.30622661e-01 7.90078998e-01 6.50118530e-01 2.24264473e-01
    1.40337020e-01 3.36138308e-01 2.68443346e-01 3.57562125e-01
    2.65651941e-01 1.48217618e-01 4.93149608e-01 1.30753279e-01
    3.52463663e-01 3.49125326e-01 7.94689536e-01 9.71865594e-01
    4.56410944e-01 4.61411297e-01 7.94457316e-01 5.61881363e-01
    4.29083765e-01 9.57696378e-01 5.70451498e-01 6.68733656e-01
    2.47728825e-01 7.01963902e-04 9.34993505e-01 1.32652819e-02
    8.25426340e-01 7.74418473e-01 8.40502083e-02 8.87797236e-01
    6.15287602e-01 8.19993317e-01 9.81175900e-01 4.75525528e-01
    6.31822228e-01 6.43913269e-01 3.59095514e-01 3.36085677e-01
    9.63851988e-01 4.22897846e-01 8.90081346e-01 1.07615262e-01
    9.27931190e-01 8.85455251e-01 6.87357843e-01 6.36900842e-01
    7.56591916e-01 6.02965593e-01 7.47407913e-01 2.26131827e-01
    7.54160941e-01 3.35934162e-01 2.70911753e-01 4.21827883e-01
    7.94488430e-01 7.61169195e-02 9.37207222e-01 3.15868735e-01
    2.76625514e-01 1.82494819e-01 5.75168729e-02 2.08943039e-01
    8.25585008e-01 6.70641780e-01 4.67262149e-01 9.71587420e-01
    6.90992236e-01 7.32725382e-01 2.22398698e-01 6.86452329e-01
    1.96245134e-01 6.97524905e-01 5.75334668e-01 3.98070872e-01
    4.18150306e-01 6.02539599e-01 3.32948029e-01 5.14763892e-01
    4.05208439e-01 2.27794677e-01 3.47264767e-01 6.55162096e-01
    6.89113200e-01 2.55364835e-01 6.67739391e-01 1.88165754e-01
    4.64157254e-01 9.35385346e-01 5.21897018e-01 1.40003711e-01
    6.82672739e-01 6.30844355e-01 9.70823288e-01 3.40639293e-01
    8.05375636e-01 2.93834627e-01 2.30252713e-01 6.76040888e-01
    3.48815680e-01 5.57738483e-01 6.03433549e-01 7.15148747e-01
    3.51009995e-01 3.53520364e-01 9.23858941e-01 7.43275762e-01
    1.64936095e-01 1.26175135e-01 6.25883460e-01 5.38382411e-01
    8.97926688e-01 3.65338266e-01 6.74909532e-01 2.08762139e-01
    7.01614499e-01 3.84549201e-01 6.55754626e-01 5.59913456e-01
    5.51383138e-01 5.61888874e-01 3.00080091e-01 1.88895464e-02
    3.92036885e-01 4.14787799e-01 3.96498710e-01 4.92439806e-01
    6.44641519e-01 8.55754673e-01 3.20032895e-01 5.33877969e-01
    1.48600310e-01 5.62171698e-01 3.39481562e-01 6.29411936e-01
    1.90803289e-01 4.64221984e-01 2.60895342e-01 8.47183645e-01
    2.72274494e-01 8.80321741e-01 5.22076845e-01 3.24773520e-01
    7.36054182e-02 3.38964522e-01 9.14021134e-01 1.33147806e-01
    3.12374532e-01 4.84094620e-01 2.75075436e-03 7.26309836e-01
    9.30248141e-01 2.58517146e-01 4.67270941e-01 6.33927882e-02
    3.59723061e-01 1.44741237e-02 8.51043582e-01 1.84336007e-02
    1.75622761e-01 8.62798333e-01 8.42617989e-01 7.12557495e-01
    7.18124032e-01 4.58088934e-01 3.05168688e-01 3.00661623e-01
    4.19355929e-02 1.48249775e-01 8.30140114e-01 5.91314673e-01
    3.23911130e-01 5.76777339e-01 2.17118353e-01 6.38572633e-01
    6.09208167e-01 6.23263896e-01 8.04818213e-01 4.81064498e-01
    6.84456885e-01 4.31516349e-01 4.52238023e-01 2.34875411e-01
    2.62099892e-01 9.58068252e-01 3.63983095e-01 6.10010386e-01
    4.15983886e-01 5.38321912e-01 8.92821610e-01 3.55531275e-02
    3.95348102e-01 1.45107388e-01 7.68137932e-01 5.64265013e-01
    8.87235105e-01 8.55287373e-01 8.87473524e-02 4.76243615e-01
    5.12700140e-01 1.68323874e-01 4.53342080e-01 7.89732695e-01
    8.97472918e-01 8.66350353e-01 7.33582020e-01 7.59708464e-01
    5.53366780e-01 4.14304435e-01 8.13117385e-01 7.19331622e-01
    2.08572209e-01 5.69102049e-01 7.72852659e-01 7.69838035e-01
    7.90479183e-01 7.90364265e-01 9.38806117e-01 6.21366799e-01
    9.31616306e-01 5.32402694e-01 3.92944753e-01 4.59206462e-01
    4.25527871e-01 6.34067833e-01 7.89079368e-02 6.14979208e-01
    7.76758373e-01 5.03812492e-01 2.20001340e-02 4.71767873e-01
    1.04105473e-03 2.33145863e-01 2.22677231e-01 6.55020356e-01
    4.28574771e-01 6.84636235e-01 6.62214756e-01 1.79572403e-02
    3.45602125e-01 9.68061209e-01 5.62706947e-01 2.92944491e-01
    1.99798971e-01 1.76650554e-01 3.74646604e-01 6.44335747e-01
    6.20236218e-01 7.09000349e-01 1.06988758e-01 7.53243208e-01
    7.86169529e-01 4.23312724e-01 8.19659829e-02 1.80410832e-01
    7.61464834e-01 4.37424481e-02 8.25821459e-01 7.25722790e-01
    7.91197896e-01 6.09861434e-01 3.09049010e-01 2.03347802e-02
    8.35418582e-01 9.57379460e-01 2.71186471e-01 4.78005499e-01
    1.03058219e-01 4.68022704e-01 7.25396872e-02 8.84333551e-02
    3.34905803e-01 1.49769276e-01 2.77357996e-01 8.68469477e-01
    9.29447770e-01 8.96007299e-01 3.68772924e-01 7.81414032e-01
    2.58331686e-01 2.65488744e-01 9.56845164e-01 9.47471559e-02
    5.42747974e-03 7.93241262e-01 9.67043221e-01 6.06482923e-01
    5.49841225e-01 1.64767891e-01 1.96716011e-01 2.72731781e-02
    8.91098738e-01 9.51421559e-02 4.86672074e-01 4.87788260e-01
    3.48688960e-02 4.70625073e-01 9.25766230e-01 3.93441230e-01
    3.28124732e-01 5.02462387e-01 7.21466780e-01 7.38896370e-01
    1.41232461e-01 2.72158980e-02 3.90012264e-02 8.33019495e-01
    8.43974113e-01 1.55164599e-02 1.92012638e-01 1.96303904e-01
    4.77686018e-01 3.21398735e-01 4.27398592e-01 7.96947241e-01
    3.79851162e-02 5.34448326e-01 9.64084744e-01 5.15317738e-01
    3.37951243e-01 1.16494507e-01 4.31430846e-01 6.79864883e-01
    6.17569089e-01 4.35692370e-02 9.94837642e-01 3.51994008e-01
    3.04843068e-01 9.53804970e-01 1.59402549e-01 6.99294686e-01
    7.04150915e-01 4.42739129e-02 4.18792725e-01 2.50613332e-01
    7.85138309e-02 9.27686512e-01 2.85431534e-01 5.42481065e-01
    6.07807577e-01 4.55994338e-01 1.39020562e-01 9.25281763e-01
    8.44212890e-01 4.95003939e-01 7.68557787e-01 7.59066582e-01
    1.00455612e-01 5.58924437e-01 5.62926531e-01 8.89860451e-01
    6.81967974e-01 7.34767735e-01 2.48402804e-01 4.32596505e-01
    7.30238080e-01 6.58852220e-01 3.46513242e-01 2.67749161e-01
    1.81474715e-01 8.66622210e-01 1.79813176e-01 9.08494949e-01
    1.32964134e-01 4.65729833e-01 3.25217813e-01 4.55070794e-01
    9.26548958e-01 9.86671448e-01 7.21109271e-01 6.14270687e-01
    1.49562001e-01 4.77511883e-02 2.40897924e-01 9.41551447e-01
    8.57451439e-01 2.41760224e-01 6.15797639e-01 4.34030592e-02
    3.45354974e-02 9.09237087e-01 4.99563992e-01 2.71504760e-01
    8.21281910e-01 5.62340856e-01 4.84042585e-01 9.06318665e-01
    9.27782655e-02 6.61969185e-03 3.23963940e-01 3.58173609e-01
    5.62743783e-01 8.14914823e-01 9.02059972e-02 6.44796669e-01
    3.43486428e-01 4.41964388e-01 3.66142392e-01 3.36239368e-01
    5.43225348e-01 9.21577096e-01 3.18554699e-01 6.61435485e-01
    3.27559292e-01 7.95928240e-01 9.82858658e-01 7.13794947e-01
    3.53208959e-01 6.62176371e-01 9.09196734e-01 9.04930830e-01
    8.12776566e-01 3.25999171e-01 9.47269499e-01 7.00407565e-01
    3.75344098e-01 8.98758888e-01 6.65458083e-01 1.25552118e-02
    8.83536637e-02 2.88795829e-01 1.15309626e-01 8.83251548e-01
    9.37735200e-01 8.45304132e-02 4.22004163e-01 4.52532411e-01
    3.26272428e-01 6.83672011e-01 2.91934609e-02 2.10240901e-01
    9.09061551e-01 7.78154612e-01 6.31825864e-01 2.78868347e-01
    6.83940649e-02 7.56945610e-01 9.51210260e-01 2.80382812e-01
    1.34081930e-01 7.27736950e-02 2.85661519e-01 8.52953553e-01
    8.64048183e-01 2.26480484e-01 3.22031319e-01 4.39933091e-01
    6.35647237e-01 1.28602505e-01 1.25694364e-01 9.56086814e-01
    1.64390683e-01 8.96511793e-01 8.01010430e-02 2.66928196e-01
    5.65075874e-01 3.04355621e-01 6.40697181e-01 3.84447515e-01
    2.14228213e-01 8.53009462e-01 9.27105188e-01 9.91820812e-01
    7.20372677e-01 1.77344620e-01 2.95845509e-01 8.88286948e-01
    1.92686915e-02 3.75187099e-02 3.61640394e-01 2.17144608e-01
    8.63331795e-01 1.29026324e-01 7.90849805e-01 6.19881153e-01
    8.98576856e-01 9.53275084e-01 2.83409238e-01 4.58602309e-01
    5.64421773e-01 4.52352047e-01 3.04601461e-01 9.00536716e-01
    7.85713196e-01 8.45298409e-01 8.50817561e-03 6.21681988e-01
    5.43576896e-01 1.79457605e-01 1.45748854e-01 4.11687195e-02
    9.79422808e-01 1.91300422e-01 9.84472275e-01 5.93952358e-01
    4.35312897e-01 5.63461840e-01 2.76721120e-02 5.28010428e-01
    2.12253928e-02 7.32206523e-01 7.18777597e-01 4.01024401e-01
    2.86110044e-02 5.81349969e-01 9.82701063e-01 9.86258984e-01
    2.34074324e-01 7.86839366e-01 2.08993644e-01 3.24143171e-01
    7.99724460e-01 8.85836482e-02 5.87303281e-01 3.48540545e-02
    6.35682344e-02 7.95233846e-01 5.49626172e-01 2.91912913e-01
    6.46370411e-01 3.27555358e-01 1.54325366e-02 4.56448555e-01
    6.81826949e-01 1.22412115e-01 3.85620534e-01 3.64724994e-01
    6.59465492e-01 2.34168768e-01 3.45769107e-01 1.45198047e-01
    1.16569966e-01 6.82119131e-01 5.80649436e-01 9.66154575e-01
    6.75523877e-01 3.06005239e-01 4.33229059e-01 2.21922219e-01
    4.38273698e-01 2.48598009e-01 8.39365721e-01 1.68319285e-01
    1.57439172e-01 1.32170349e-01 2.87896276e-01 9.08638120e-01
    1.71274453e-01 6.28914475e-01 1.26973003e-01 5.77789605e-01
    9.10040736e-03 7.77197480e-01 6.58005774e-01 3.34287167e-01
    4.79710221e-01 6.09053850e-01 3.60057116e-01 2.14693308e-01
    8.30343008e-01 5.02383053e-01 7.35647976e-02 7.68411160e-01
    2.72455841e-01 6.85798824e-01 9.29232180e-01 9.74160433e-02
    4.54505086e-02 2.18685031e-01 3.88253033e-01 5.78868985e-02
    9.03493762e-01 1.44003302e-01 5.38005531e-02 5.20123482e-01
    5.24131119e-01 9.22236443e-01 4.01434302e-03 4.33692634e-01
    6.76032960e-01 6.79206908e-01 8.75985384e-01 6.49387360e-01
    4.53592598e-01 6.08125925e-01 3.99014950e-02 9.48533893e-01
    5.03727436e-01 7.33152449e-01 2.21903563e-01 8.63363147e-01
    3.17294776e-01 3.65144908e-01 8.19449306e-01 1.80524975e-01
    4.59764212e-01 4.56224620e-01 9.80640709e-01 4.49815512e-01
    8.73538435e-01 4.66644734e-01 6.24842942e-01 3.69417369e-01
    8.96568418e-01 2.31759459e-01 7.09391952e-01 9.23537791e-01
    7.50550508e-01 8.08326006e-01 7.67085910e-01 1.64782614e-01
    8.12838972e-02 1.26497388e-01 7.97722697e-01 9.42070127e-01
    6.95775270e-01 4.97409225e-01 3.52952957e-01 1.10812724e-01
    8.09413612e-01 8.02198112e-01 7.15687394e-01 5.44846594e-01
    2.66413033e-01 9.04791713e-01 9.14737940e-01 7.68164754e-01
    5.78070641e-01 3.62171292e-01 3.98351789e-01 5.65988243e-01
    9.77250934e-02 3.12976658e-01 6.33313775e-01 2.18513697e-01
    7.02363610e-01 8.69928956e-01 4.94937718e-01 1.27001047e-01
    6.64699078e-02 4.88060862e-01 3.82482946e-01 2.17841119e-01
    4.84022617e-01 8.66850019e-01 3.99427652e-01 3.25023174e-01
    3.21284086e-01 8.30845296e-01 7.47501075e-01 3.32541645e-01
    4.84008402e-01 8.03161502e-01 8.03933680e-01 6.54061794e-01
    5.58928370e-01 8.35372090e-01 7.98692107e-01 3.93734872e-02
    6.64170921e-01 6.91701174e-01 4.81707722e-01 5.74810624e-01
    5.46083391e-01 9.63133037e-01 8.64020467e-01 1.32441610e-01
    5.81018925e-01 9.73582387e-01 8.93920124e-01 8.90364051e-02
    1.53526515e-01 8.83216739e-01 9.44860637e-01 4.43467915e-01
    3.90232623e-01 4.29171026e-01 1.63117081e-01 3.23044419e-01
    5.58040559e-01 4.27279770e-02 6.95529044e-01 5.88825345e-01
    6.44196510e-01 8.76138210e-02 5.96850753e-01 6.11376762e-01
    9.77635026e-01 6.88545167e-01 1.72151923e-02 7.22260594e-01
    8.37661266e-01 2.68107414e-01 4.61435974e-01 8.76714110e-01
    4.68646288e-02 3.10689777e-01 3.29912573e-01 3.03561985e-01
    8.56694400e-01 3.34834605e-01 4.34128910e-01 8.87810826e-01
    1.43530965e-02 2.06911474e-01 6.88606799e-01 3.20977777e-01
    9.83091950e-01 5.00863850e-01 2.47160196e-02 4.36442167e-01
    8.93557966e-01 4.25219297e-01 8.41630459e-01 6.38042927e-01
    2.35334367e-01 1.18541718e-03 1.56006515e-01 2.65253752e-01
    3.72879505e-01 6.53381050e-01 2.41937876e-01 6.15152597e-01
    4.91578639e-01 2.48811096e-01 7.75982559e-01 2.02697873e-01
    1.29244626e-01 7.89427280e-01 9.77810264e-01 7.25616813e-01
    8.83325815e-01 4.92912084e-01 1.66089445e-01 4.01562452e-02
    6.03147805e-01 7.41458476e-01 4.45094734e-01 7.66672194e-02
    9.45022762e-01 6.93276882e-01 5.28452873e-01 5.89575768e-02
    3.73778820e-01 4.08577800e-01 1.00286126e-01 8.51500154e-01
    9.99953628e-01 9.62597609e-01 4.31460857e-01 3.51810664e-01
    3.97528291e-01 9.21613157e-01 3.44339132e-01 3.11773241e-01
    9.09889579e-01 2.72359282e-01 3.38886410e-01 3.45899403e-01
    4.51970637e-01 7.60034323e-01 3.89539659e-01 3.82974386e-01
    4.13269877e-01 3.91110688e-01 7.79799104e-01 5.23632765e-01
    1.60237998e-01 9.57620859e-01 3.53328317e-01 1.83808684e-01
    4.80506718e-01 4.18939024e-01 1.76427215e-01 1.74067974e-01
    9.07354355e-01 3.55108023e-01 7.64089704e-01 9.02863741e-01
    5.52143931e-01 6.56016827e-01 1.49994314e-01 4.50909615e-01
    7.38545954e-02 5.74509740e-01 4.25747901e-01 8.40177596e-01
    2.59107947e-02 6.43633723e-01 6.89277351e-01 2.39110827e-01
    1.89618468e-02 3.44627142e-01 9.83448744e-01 5.33039272e-01
    4.26037908e-02 1.80014163e-01 3.07924628e-01 8.15041184e-01
    8.30872118e-01 2.25249350e-01 6.78176582e-01 6.42235637e-01
    8.57755244e-01 5.06157219e-01 1.12825841e-01 2.98231810e-01
    5.10181248e-01 6.02173388e-01 7.72550762e-01 6.53139234e-01
    5.82018554e-01 9.30178165e-02 6.34134710e-01 9.31964934e-01
    7.27001131e-01 4.62341309e-03 3.43262851e-02 9.30282354e-01
    2.60500908e-01 2.59127140e-01 3.85073662e-01 3.89292449e-01
    2.60136038e-01 9.88433301e-01 6.07448578e-01 7.75710225e-01
    4.53360468e-01 4.61361945e-01 2.57776231e-01 1.91338331e-01
    2.45294541e-01 1.66577309e-01 2.07227468e-02 7.22047448e-01
    4.64265734e-01 2.14601338e-01 9.36830878e-01 2.27156192e-01
    9.43017602e-01 2.79001772e-01 2.09251881e-01 3.07655036e-01
    2.58574426e-01 8.15243363e-01 5.65541923e-01 8.59296679e-01
    5.93069851e-01 1.85286194e-01 2.26429611e-01 6.98382497e-01
    6.32722080e-01 9.42212343e-03 3.60089540e-02 2.79375911e-01
    1.81353450e-01 4.46197391e-03 4.72139537e-01 5.31792045e-01
    5.05045533e-01 4.82848585e-02 9.41307902e-01 9.87062335e-01
    1.37116522e-01 6.36848211e-02 5.76315224e-02 6.94326222e-01
    1.78658366e-01 5.18999636e-01 2.59593725e-02 4.13844883e-02
    7.08713770e-01 5.76464295e-01 9.56338406e-01 7.45151043e-02
    4.73770529e-01 4.53022867e-01 1.29049450e-01 7.96135902e-01
    2.34750688e-01 8.14634800e-01 4.06222343e-01 3.13348889e-01
    7.40290046e-01 8.19497526e-01 6.77034020e-01 3.49806547e-02
    1.55046046e-01 7.54326522e-01 6.87634468e-01 2.80329704e-01
    6.25188768e-01 3.70134711e-01 2.16347843e-01 3.77580643e-01
    5.22482812e-01 9.40235019e-01 3.15914780e-01 2.52237916e-01
    8.21508050e-01 7.73624182e-02 5.84338665e-01 4.38453853e-02
    8.61389637e-02 1.54262543e-01 9.16192055e-01 3.08958113e-01
    3.27474743e-01 9.86221552e-01 4.61490065e-01 5.49137115e-01
    1.27933979e-01 2.36946464e-01 6.86684191e-01 2.96094120e-02
    6.99123502e-01 1.80941135e-01 8.16792369e-01 1.89558119e-01
    9.33919072e-01 1.14215970e-01 8.72203827e-01 5.35889506e-01
    1.26321882e-01 6.19980633e-01 3.27167958e-01 4.60934937e-02
    6.32801533e-01 3.73072743e-01 1.37439400e-01 5.93644142e-01
    6.09372675e-01 1.48427963e-01 8.07419538e-01 4.86408561e-01
    6.67686582e-01 8.55187356e-01 8.48956108e-01 8.67567360e-02
    6.92241609e-01 7.10406005e-01 4.78352606e-01 5.46010137e-01
    4.40625787e-01 1.53030902e-01 5.10664344e-01 7.24915028e-01
    1.59737527e-01 9.25729871e-01 3.52427661e-01 2.03902513e-01
    6.34521246e-01 3.32402557e-01 8.30523729e-01 5.32474935e-01
    1.49870127e-01 5.31534553e-02 3.70211184e-01 8.56285691e-01
    5.44601023e-01 4.53325421e-01 1.01108849e-01 9.97125208e-02
    1.81192279e-01 5.50008833e-01 3.77575487e-01 7.30370104e-01
    2.95431137e-01 4.36230570e-01 6.12019300e-01 7.31536806e-01
    2.91793466e-01 6.23755753e-01 3.07901740e-01 2.22932309e-01
    3.52297246e-01 7.91668832e-01 1.78234339e-01 1.21382356e-01
    4.22625303e-01 3.24043185e-01 9.83334541e-01 9.83503580e-01
    4.24934030e-02 9.91206467e-01 6.47417068e-01 6.93415105e-02
    5.84626973e-01 2.73990452e-01 4.42145467e-02 8.42022181e-01
    6.19262099e-01 9.30012524e-01 5.87598503e-01 6.64162099e-01
    2.47350037e-01 1.17991567e-02 4.21570629e-01 6.39261782e-01
    1.61845982e-01 3.77813280e-01 5.68986416e-01 4.31252480e-01
    4.94571418e-01 1.96035534e-01 2.32550234e-01 4.27782744e-01
    5.25464058e-01 6.86100483e-01 4.23775673e-01 8.29203844e-01
    2.32751220e-01 5.10813117e-01 7.91262627e-01 9.97625113e-01
    7.89550602e-01 9.96108890e-01 9.09933209e-01 8.79310846e-01
    6.70342445e-02 7.83670604e-01 6.82090163e-01 3.73388231e-01
    9.40685868e-01 4.22031909e-01 6.02102757e-01 8.54565978e-01
    4.42352623e-01 1.21884614e-01 2.43791759e-01 7.20407486e-01
    4.85934317e-02 1.80751175e-01 8.87238264e-01 1.81823671e-01
    4.05072182e-01 7.28570223e-01 7.54986286e-01 6.50718272e-01
    3.52480829e-01 7.06661403e-01 8.55413139e-01 8.45980883e-01
    6.34472668e-02 4.30912137e-01 5.14430940e-01 1.99171633e-01
    4.83364761e-02 3.12859774e-01 1.23598367e-01 4.42278683e-02
    6.40882373e-01 4.09208596e-01 8.85792613e-01 1.41923934e-01
    2.71482587e-01 3.33138525e-01 7.82134235e-01 6.97109103e-03
    8.39706302e-01 1.43130302e-01 5.36656260e-01 4.58197474e-01
    7.90730417e-02 9.44793940e-01 6.87906325e-01 2.74468988e-01
    7.68292069e-01 9.94148195e-01 5.26941001e-01 2.47766376e-01
    4.60655570e-01 3.29228431e-01 8.02578270e-01 8.68861914e-01
    5.79011798e-01 5.00507951e-02 6.84903443e-01 7.64462233e-01
    8.61534178e-02 8.68314266e-01 7.04817295e-01 9.17557120e-01
    8.57172608e-01 5.55060327e-01 8.29184055e-01 5.21276236e-01
    5.05844533e-01 1.20757729e-01 2.06333965e-01 3.83878529e-01
    3.28770578e-02 8.18925679e-01 1.34551764e-01 9.46141779e-01
    4.66740012e-01 8.25564623e-01 4.79992390e-01 7.00937986e-01
    9.34184432e-01 2.49579251e-01 1.23338044e-01 6.30075216e-01
    1.16621286e-01 7.66819119e-01 3.62270951e-01 4.88042951e-01
    5.07187545e-02 2.01381564e-01 9.54477549e-01 6.36496902e-01
    4.22061533e-01 9.72449541e-01 9.73104715e-01 6.02569103e-01
    5.29742658e-01 1.68740332e-01 9.69623923e-01 1.90387934e-01
    3.89207512e-01 8.10310006e-01 3.20727259e-01 5.68850875e-01
    4.89891469e-02 7.02125549e-01 1.64979488e-01 9.18059528e-01
    2.74811208e-01 2.53330946e-01 4.81314272e-01 7.08665967e-01
    6.66819096e-01 9.40172791e-01 7.13365316e-01 1.45917863e-01
    5.82892001e-01 6.98831439e-01 9.37659264e-01 6.36661410e-01
    6.09755397e-01 2.75613368e-01 6.67905807e-03 8.68614316e-02
    6.40844524e-01 6.17077351e-01 9.33652461e-01 7.48177052e-01
    6.42623603e-01 4.39417362e-02 9.11561966e-01 3.82304788e-02
    4.87476349e-01 1.86715186e-01 2.40450144e-01 4.90424842e-01
    6.90626383e-01 8.96153092e-01 8.12552869e-01 6.05146527e-01
    8.80701423e-01 8.15290093e-01 5.63667774e-01 8.67961526e-01
    4.17722285e-01 1.28069788e-01 7.61951327e-01 6.96447492e-01
    6.29188657e-01 2.24742532e-01 9.75774407e-01 1.62501335e-01
    8.18578184e-01 3.89519364e-01 9.78172600e-01 9.55039024e-01
    3.70964795e-01 9.28569555e-01 5.62719166e-01 7.12842345e-01
    9.65485573e-01 7.15856194e-01 2.51560688e-01 7.17909038e-02
    1.90392822e-01 3.38313758e-01 1.59440368e-01 2.06457645e-01
    2.00358868e-01 5.78359604e-01 3.21567327e-01 4.82661813e-01
    8.09607744e-01 4.60747391e-01 8.55931997e-01 3.08233082e-01
    7.34006166e-01 2.66947985e-01 4.64593291e-01 3.05346191e-01
    7.95021594e-01 6.69789433e-01 7.16890872e-01 9.59065557e-01
    7.37306058e-01 5.95567763e-01 7.26862371e-01 9.22276974e-01
    5.47710955e-01 6.12594962e-01 3.62489730e-01 9.59870100e-01
    9.53804135e-01 7.98512101e-02 6.29786253e-02 3.17895681e-01
    9.23453867e-02 6.29575968e-01 9.65005994e-01 7.10384965e-01
    2.46787667e-01 4.19241786e-01 3.58387023e-01 8.22509229e-02
    7.00140119e-01 6.87790632e-01 2.24672914e-01 6.46968782e-01
    7.27680147e-01 1.14260703e-01 5.32023787e-01 1.81226909e-01
    4.03612256e-02 3.91214788e-02 3.28888208e-01 7.92117417e-01
    5.09378374e-01 9.92954612e-01 4.12383139e-01 2.41070598e-01
    9.99736726e-01 7.30525792e-01 6.69866920e-01 4.15666074e-01
    2.44887203e-01 7.95527637e-01 7.76656210e-01 8.91640782e-01
    7.19083846e-01 1.76577061e-01 3.23843956e-03 8.17798257e-01
    1.14788890e-01 8.91283870e-01 9.69823062e-01 2.29423374e-01
    3.37088168e-01 9.45978165e-01 9.27613199e-01 7.23932207e-01
    7.73486674e-01 6.34774625e-01 9.41313148e-01 3.43692899e-01
    8.27448428e-01 2.79020607e-01 4.00917381e-01 6.95679307e-01
    7.51271963e-01 6.58443689e-01 3.41702044e-01 6.02498174e-01
    3.27448666e-01 8.52183461e-01 7.31950700e-01 6.21024728e-01
    7.86689818e-01 1.27379507e-01 1.52390450e-01 9.32469249e-01
    3.98881584e-01 8.35294485e-01 4.74473447e-01 2.86310196e-01
    2.63117462e-01 3.62857938e-01 1.09137982e-01 9.20178652e-01
    4.38482642e-01 4.18389946e-01 8.05718958e-01 5.44888735e-01
    1.09604776e-01 7.60747671e-01 3.32543194e-01 4.20443296e-01
    2.97056556e-01 3.85685533e-01 2.13517755e-01 4.67585832e-01
    3.88669699e-01 4.53643560e-01 2.37910688e-01 9.91924882e-01
    7.95614600e-01 8.81187439e-01 6.57397211e-02 3.27778876e-01
    6.10285878e-01 6.27329409e-01 7.49558926e-01 8.75671029e-01
    1.21562511e-01 5.45517504e-01 9.44426417e-01 8.85850608e-01
    7.19630718e-03 6.05159283e-01 3.57737660e-01 6.40129447e-02
    7.31922388e-01 6.65651083e-01 7.45061874e-01 3.59685719e-02
    4.81968343e-01 1.05121762e-01 8.33014011e-01 3.15474868e-01
    8.21610093e-01 5.24246812e-01 5.11668980e-01 4.34975743e-01
    1.50444955e-01 8.89847636e-01 5.28095305e-01 2.01829970e-01
    7.84161210e-01 3.66091311e-01 1.07224017e-01 6.56286478e-01
    6.10201836e-01 6.39854193e-01 2.87184417e-01 6.82135224e-01
    9.02266026e-01 2.45804727e-01 7.75106430e-01 2.60040760e-01
    8.10291171e-01 9.79246378e-01 4.51058775e-01 2.48977542e-02
    2.15223789e-01 4.62745041e-01 9.24314857e-02 6.17109239e-01
    1.92464292e-02 6.89777970e-01 9.63578939e-01 3.03829074e-01
    2.33958572e-01 3.98697913e-01 8.30122650e-01 1.02223188e-01
    8.06006551e-01 3.23930979e-01 4.79683816e-01 3.95203769e-01
    7.59436309e-01 1.75099730e-01 2.43463099e-01 8.52191746e-02
    8.27479720e-01 8.02113414e-02 5.77344596e-01 4.96491402e-01
    2.81057656e-01 4.70904261e-01 4.61636543e-01 2.11506486e-02
    9.90186095e-01 6.03373051e-02 9.25708711e-01 9.36322451e-01
    4.21073139e-01 5.96106410e-01 6.32608771e-01 2.74435997e-01
    5.74471891e-01 4.81949985e-01 9.41029072e-01 3.53157640e-01
    2.42414892e-01 3.62142563e-01 7.59553194e-01 4.24501061e-01
    2.52202541e-01 1.85906023e-01 5.58231115e-01 4.40918088e-01
    1.76705688e-01 9.59639251e-02 2.50368357e-01 2.31517076e-01
    7.53667653e-02 9.47670817e-01 7.64634609e-01 4.76426870e-01
    4.00640965e-01 9.83806133e-01 6.19074583e-01 8.62020433e-01
    6.61099792e-01 3.40058774e-01 9.25512791e-01 4.21565592e-01
    9.64743853e-01 5.72983146e-01 5.11469662e-01 3.39147598e-01
    4.62267220e-01 8.64099979e-01 8.07032585e-01 1.25983179e-01
    5.02963364e-01 5.28063059e-01 2.67386973e-01 8.67742300e-02
    7.10161030e-01 8.70748222e-01 8.35430205e-01 4.59352583e-01
    8.28573227e-01 3.67117703e-01 5.45750558e-01 9.23619032e-01
    8.37174654e-01 3.17916691e-01 8.80917072e-01 8.55382800e-01
    5.60072660e-01 9.45748806e-01 5.73918343e-01 6.54559970e-01
    2.71091998e-01 7.58096337e-01 3.42670649e-01 5.54381847e-01
    1.44425094e-01 1.94631696e-01 4.48919058e-01 7.14074373e-02
    9.30700183e-01 7.01772690e-01 7.81267881e-02 5.71282923e-01
    2.61793137e-01 8.01629782e-01 6.93253636e-01 4.01509762e-01
    3.41947854e-01 8.39618921e-01 5.65256238e-01 2.01176137e-01
    4.76593792e-01 7.26863086e-01 3.84489179e-01 8.87795806e-01
    7.16504276e-01 7.18131363e-01 9.63524878e-02 2.76901752e-01
    7.06821382e-01 1.74158752e-01 1.59988821e-01 9.90693569e-01
    1.48232043e-01 3.29284132e-01 2.78797328e-01 7.83979774e-01
    5.96468151e-02 2.24885166e-01 9.42456424e-02 9.48115826e-01
    6.71492934e-01 6.60215616e-01 8.19839418e-01 9.81265903e-01
    1.43556505e-01 9.32312846e-01 7.32778192e-01 1.10963583e-01
    8.35623264e-01 8.67811382e-01 2.09466130e-01 1.07332110e-01
    8.08555603e-01 9.52633202e-01 4.33402091e-01 4.34873581e-01
    5.55833697e-01 3.08760226e-01 4.44348931e-01 7.59740770e-02
    7.56791949e-01 9.31111097e-01 5.70357263e-01 3.00633132e-01
    6.10808969e-01 6.44089997e-01 9.42353010e-01 9.77449656e-01
    2.59546041e-01 1.26882225e-01 1.46858156e-01 1.05645150e-01
    1.50551081e-01 8.87377679e-01 6.04717612e-01 7.00727761e-01
    6.04342103e-01 1.56204909e-01 3.35717946e-01 9.57622826e-01
    9.04434204e-01 6.64411902e-01 4.49368834e-01 8.62519860e-01
    6.95355594e-01 3.99098217e-01 9.79852676e-01 3.52916032e-01
    6.62387013e-02 4.27831858e-01 2.66196728e-02 9.18789208e-01
    7.14313388e-01 7.95387030e-02 2.44226456e-01 5.24263382e-01
    9.67647433e-01 1.05212897e-01 4.33926582e-02 2.71112680e-01
    2.06826925e-01 7.40897119e-01 2.36845315e-02 7.11181760e-01
    9.85384643e-01 8.50189626e-01 4.61022943e-01 3.91346723e-01
    6.44600034e-01 3.95051569e-01 1.13651365e-01 5.18604279e-01
    2.31395364e-02 5.19612491e-01 9.60723877e-01 4.42988843e-01
    2.49749362e-01 2.81307876e-01 9.80110168e-01 6.50552034e-01
    5.97665906e-02 9.90788221e-01 3.75540525e-01 5.25905609e-01
    4.64470983e-02 7.71597624e-01 2.96495348e-01 2.48229533e-01
    3.70705694e-01 8.43810737e-01 5.77159166e-01 2.71695673e-01
    3.38627458e-01 5.96533298e-01 1.65516734e-02 6.57945216e-01
    8.49669158e-01 9.05520797e-01 7.04427600e-01 1.76940739e-01
    1.16124094e-01 8.13277364e-02 2.23715633e-01 2.78848886e-01
    5.24789691e-01 1.11478090e-01 8.99435580e-01 8.27482283e-01
    7.28096247e-01 4.25232381e-01 1.50932789e-01 5.25711656e-01
    2.14933097e-01 2.26223320e-01 2.81151205e-01 9.14327741e-01
    3.02441120e-02 3.00428867e-01 3.04574043e-01 6.73900843e-01
    5.97217083e-01 9.59363580e-01 9.14625287e-01 9.42553282e-01
    2.57719100e-01 4.78676111e-01 9.54706371e-01 2.77826905e-01
    8.31180453e-01 6.83253229e-01 3.63797963e-01 2.52209902e-01
    4.62656498e-01 1.30091369e-01 6.40797615e-01 7.90550709e-01
    5.15306652e-01 9.02501225e-01 1.00938380e-01 9.92074251e-01
    8.60678792e-01 7.83003867e-02 2.62548029e-02 7.93573558e-02
    1.77661210e-01 6.17375791e-01 9.06111360e-01 8.97248328e-01
    9.41791058e-01 7.73037910e-01 4.42542076e-01 9.03796434e-01
    3.27180326e-02 4.98398423e-01 1.12739533e-01 8.48897517e-01
    4.88589376e-01 5.02369642e-01 4.81945783e-01 6.57890260e-01
    1.59937173e-01 7.88274169e-01 6.59533381e-01 5.74096262e-01
    3.88323188e-01 4.42243814e-02 2.30335444e-01 2.31481522e-01
    6.01172745e-01 4.97471511e-01 1.28868222e-01 7.54744411e-01
    6.81232750e-01 3.39927137e-01 1.09468341e-01 6.73094094e-01
    3.18400711e-01 7.02096581e-01 5.75411499e-01 5.62634230e-01
    4.74417806e-02 1.11434430e-01 5.20815074e-01 9.98023152e-01
    2.99791694e-01 7.07412660e-02 3.66615355e-01 1.79245442e-01
    1.39076620e-01 5.59667110e-01 5.75223923e-01 5.49474895e-01
    5.34694612e-01 7.13883698e-01 1.45497948e-01 5.09235978e-01
    8.40991616e-01 7.05787778e-01 6.41390264e-01 2.86995471e-01
    2.30123937e-01 8.09727788e-01 2.86603063e-01 8.91057014e-01
    7.51265168e-01 9.82328773e-01 7.02594042e-01 6.70383811e-01
    3.46969485e-01 7.82456756e-01 8.07289183e-02 8.23388219e-01
    4.22665477e-01 7.99021363e-01 9.83035326e-01 8.25130939e-03
    1.25605255e-01 7.91086912e-01 4.87036109e-02 3.71029317e-01
    7.49613523e-01 4.62896407e-01 4.04785603e-01 1.23445481e-01
    8.44934940e-01 6.58919334e-01 3.48437965e-01 7.41010010e-01
    6.72574639e-01 2.95799762e-01 3.00090075e-01 8.12727213e-02
    7.42931306e-01 8.62725377e-01 1.16295666e-01 8.09015095e-01
    4.72125202e-01 1.55327320e-01 3.54191124e-01 9.72888589e-01
    4.39354777e-03 3.83547753e-01 3.90566558e-01 4.87039953e-01
    6.89289629e-01 5.19176900e-01 2.91972995e-01 2.01981276e-01
    4.05227393e-01 1.79006398e-01 6.39991641e-01 2.71277130e-02
    7.07920074e-01 4.28633988e-01 9.44783092e-01 7.17176259e-01
    3.94248307e-01 9.11076307e-01 2.60064960e-01 2.86727369e-01
    1.93106204e-01 1.45149171e-01 6.29629910e-01 7.30971098e-02
    9.99539852e-01 1.81342006e-01 6.18909240e-01 6.18018210e-01
    5.32765388e-02 6.85398281e-02 2.65151858e-02 7.91417003e-01
    7.61618614e-01 2.70686805e-01 5.84123015e-01 3.31975222e-01
    3.96149993e-01 6.46530867e-01 4.03828174e-01 6.89168930e-01
    2.80023038e-01 1.54035568e-01 5.86551487e-01 2.98480213e-01
    8.30971360e-01 7.42334127e-01 4.99783039e-01 2.69886285e-01
    5.47508895e-02 7.56599307e-01 1.69426590e-01 4.44298416e-01
    6.40741289e-01 1.71118706e-01 6.80181623e-01 8.68724108e-01
    7.25762606e-01 8.40578079e-01 9.84103382e-02 7.76068330e-01
    9.97672319e-01 5.40164113e-01 1.53969139e-01 7.02051044e-01
    4.84688401e-01 7.81040788e-01 8.13883662e-01 8.01218152e-01
    1.79216325e-01 6.06160283e-01 5.60755730e-01 1.01564765e-01
    8.01164985e-01 2.92395711e-01 1.86354250e-01 7.38634408e-01
    1.24617517e-01 8.82384181e-03 8.74664783e-01 3.96117926e-01
    2.32157111e-02 2.34994084e-01 7.04873800e-02 5.09295464e-01
    5.75180829e-01 3.29488516e-01 4.28753644e-01 3.77895236e-02
    1.17285788e-01 7.66513109e-01 1.89969659e-01 8.97610366e-01
    5.33679128e-01 6.12456799e-02 7.71398664e-01 4.76364970e-01
    8.44815910e-01 4.10899341e-01 7.05250621e-01 7.62376785e-02
    1.94837421e-01 7.49742746e-01 3.43872577e-01 1.96928173e-01
    3.53558362e-02 5.59062064e-02 9.48414326e-01 4.87235487e-01
    3.76536667e-01 6.18787885e-01 6.23025119e-01 9.23135579e-02
    8.56495082e-01 4.11521673e-01 5.05785882e-01 2.22297430e-01
    5.45288861e-01 2.27457106e-01 2.02954710e-02 4.02260214e-01
    1.60363048e-01 7.68716872e-01 5.26232123e-02 6.52268231e-02
    5.20178556e-01 2.61634529e-01 2.70937800e-01 3.68780375e-01
    4.30057704e-01 1.49729788e-01 3.90568286e-01 3.18379849e-01
    3.82655859e-02 6.61401987e-01 2.61821508e-01 4.76438493e-01
    1.36582553e-02 6.28319979e-01 9.99471664e-01 6.73652947e-01
    1.48238450e-01 8.22410703e-01 3.38051647e-01 3.83722156e-01
    2.05583721e-01 4.28846866e-01 5.95763087e-01 1.01763427e-01
    8.00972223e-01 8.32180679e-02 5.56191862e-01 9.43787575e-01
    2.81493068e-01 8.68241072e-01 5.98423302e-01 4.99822497e-02
    4.95322347e-02 9.78405952e-01 2.71335304e-01 8.87791276e-01
    6.20125532e-02 9.51028109e-01 8.61145079e-01 7.17033267e-01
    3.42806280e-02 7.74017572e-01 9.90432739e-01 5.02889931e-01
    6.49459302e-01 4.66464996e-01 9.06188071e-01 9.94539857e-01
    9.17827487e-01 1.22166336e-01 4.63982344e-01 3.16811800e-02
    5.87836921e-01 3.04415584e-01 4.53876138e-01 4.02970046e-01
    9.75244999e-01 5.95885992e-01 7.96707749e-01 1.13304466e-01
    9.39378142e-01 1.07203752e-01 9.96241331e-01 5.71220219e-01
    2.49724537e-01 1.56388670e-01 4.18515444e-01 5.92546523e-01
    1.50311470e-01 9.55951929e-01 3.11797947e-01 6.21767640e-01
    9.83136296e-01 7.64370561e-01 4.67400789e-01 8.39547336e-01
    1.93550199e-01 9.39875007e-01 1.00412965e-02 3.02167177e-01
    7.66655624e-01 4.22341377e-01 3.01822692e-01 7.41227508e-01
    2.28740960e-01 4.68522131e-01 7.24346101e-01 4.84535813e-01
    6.60066605e-01 1.10653132e-01 5.98504126e-01 2.50702679e-01
    9.28102672e-01 2.29611933e-01 5.05192280e-02 7.88988769e-01
    1.52605116e-01 2.64766723e-01 7.64775634e-01 1.05801821e-01
    9.48852301e-02 3.02150488e-01 1.56814009e-01 8.94535482e-01
    8.74836326e-01 1.64928317e-01 9.27175581e-02 7.24076927e-02
    7.05456018e-01 4.23343778e-01 7.64289618e-01 3.78195345e-01
    1.50273383e-01 4.33259904e-02 6.58259988e-02 8.32630396e-01
    4.85221148e-02 9.99950826e-01 6.13099933e-02 7.82985151e-01
    1.27912134e-01 6.86210036e-01 5.88428974e-01 2.44499296e-01
    8.52766871e-01 3.92622322e-01 1.69107914e-01 8.46765101e-01
    3.80730927e-01 7.97082424e-01 3.83771956e-01 7.07695425e-01
    5.20409942e-01 7.87637234e-01 4.69154269e-01 9.67573166e-01
    6.54444695e-01 3.87137949e-01 2.57128537e-01 4.60767329e-01
    7.18749821e-01 3.60214561e-01 3.71425450e-02 1.19889110e-01
    2.54575402e-01 9.53373194e-01 2.42960095e-01 1.50868744e-01
    6.89763665e-01 3.32244873e-01 1.18368179e-01 6.16799176e-01
    1.84392631e-01 6.75269842e-01 7.76369393e-01 6.61985397e-01
    1.15030110e-01 9.96476412e-02 2.52727211e-01 8.96793783e-01
    3.14315736e-01 7.98526347e-01 4.86436427e-01 8.12736750e-02
    5.82486093e-01 2.98250467e-01 1.61809713e-01 9.84494805e-01
    4.93142635e-01 2.03967094e-04 8.27827275e-01 5.41401625e-01
    2.19820380e-01 2.16962427e-01 3.16239327e-01 2.45101333e-01
    5.83346248e-01 7.96465397e-01 7.99604416e-01 2.34929979e-01
    6.46022737e-01 1.75562799e-01 7.86262453e-02 8.01372826e-02
    6.54236436e-01 1.86851770e-01 3.05347741e-02 7.37104654e-01
    2.80237168e-01 1.15036905e-01 2.00691760e-01 2.12029427e-01
    8.02832961e-01 7.73903728e-01 8.42512131e-01 2.43996352e-01
    3.85159940e-01 6.61009371e-01 2.64244407e-01 7.08112895e-01
    9.02898014e-01 2.34111309e-01 7.70179033e-01 1.53849423e-01
    5.79575300e-01 5.40056825e-03 1.04348242e-01 1.66942418e-01
    2.85436988e-01 6.40989959e-01 6.29974902e-01 3.57688040e-01
    8.35143805e-01 4.30610806e-01 6.15647435e-01 6.84643447e-01
    2.60068595e-01 8.08328748e-01 7.11568415e-01 1.09093606e-01
    9.47382450e-01 6.13304317e-01 1.09000504e-02 7.19432950e-01
    6.94204926e-01 7.02717900e-01 3.61758471e-03 5.22889197e-01
    2.91342676e-01 3.89387667e-01 2.02033788e-01 6.98229373e-01
    2.08411187e-01 4.60790396e-01 6.45375788e-01 9.78457808e-01
    9.33012724e-01 3.72147501e-01 2.51681566e-01 7.30615914e-01
    9.01218116e-01 6.36435330e-01 5.93149245e-01 1.39710844e-01
    3.88363987e-01 6.84633613e-01 7.28603125e-01 3.12350273e-01
    1.66501135e-01 1.33129239e-01 9.64866877e-02 1.61245823e-01
    7.17738450e-01 3.75586838e-01 4.37535822e-01 8.69102657e-01
    8.46572459e-01 6.79813862e-01 7.99746394e-01 3.09181035e-01
    9.22014654e-01 7.62325823e-01 7.47731924e-01 9.34631824e-01
    9.13355350e-01 1.12715095e-01 9.45231795e-01 8.36587071e-01
    6.02535963e-01 8.77072811e-01 9.40606475e-01 1.30263567e-01
    6.16050124e-01 5.42982340e-01 9.22785997e-01 5.16123593e-01
    7.08405197e-01 1.28690720e-01 8.93861294e-01 9.15915132e-01
    6.22536361e-01 4.79997098e-02 6.64496601e-01 1.00129515e-01
    5.45899808e-01 8.95068944e-02 9.20448661e-01 4.93901849e-01
    3.82394642e-01 9.72788751e-01 2.34194756e-01 2.99962163e-02
    6.08239949e-01 6.31879449e-01 4.97648567e-01 2.45237917e-01
    5.41721702e-01 3.80383164e-01 9.11334932e-01 6.90741479e-01
    9.10531878e-02 3.71709853e-01 9.40845132e-01 7.16042519e-01
    4.53438044e-01 1.15606517e-01 7.25970149e-01 3.89219046e-01
    3.92648220e-01 6.16930127e-02 1.22556984e-01 5.89471877e-01
    4.99589235e-01 5.21301687e-01 5.19207180e-01 4.87768114e-01
    3.75272363e-01 5.78183055e-01 5.06561935e-01 8.37845564e-01
    4.70463693e-01 3.75214040e-01 5.23541272e-01 5.40196538e-01
    4.84149545e-01 2.11288929e-01 1.69389278e-01 5.82349777e-01
    3.54738057e-01 5.03000975e-01 1.07751966e-01 7.67005563e-01
    4.36041772e-01 1.45311952e-01 1.24700963e-02 9.72448826e-01
    2.72214353e-01 7.72702932e-01 8.59655917e-01 5.63330412e-01
    2.55563617e-01 7.61234045e-01 9.62224364e-01 4.25127089e-01
    4.09092844e-01 8.28394532e-01 4.83883947e-01 8.29251647e-01
    3.91040027e-01 1.93254560e-01 7.77326107e-01 5.61776519e-01
    9.64848578e-01 7.19255209e-01 2.34312505e-01 9.86981034e-01
    1.40312672e-01 5.09279966e-02 5.34321547e-01 3.78766924e-01
    2.43576169e-01 9.89339590e-01 9.10093188e-01 5.95889688e-01
    6.58406377e-01 6.45893872e-01 8.97545636e-01 9.26057279e-01
    5.29372513e-01 7.05514193e-01 2.21414715e-01 2.25563049e-01
    2.90674239e-01 6.99233651e-01 2.23396361e-01 7.33455598e-01
    2.09689677e-01 2.26462126e-01 5.16675234e-01 7.97490954e-01
    4.44616675e-01 7.31514871e-01 3.14328492e-01 3.25558662e-01
    2.38588989e-01 5.82618713e-01 4.33752775e-01 5.86001813e-01
    6.58804476e-02 5.75623989e-01 1.73531979e-01 4.12504673e-02
    6.26858473e-01 5.68757713e-01 5.52602947e-01 4.14425015e-01
    7.16555417e-01 4.61226404e-01 4.29692894e-01 3.78836721e-01
    8.75313580e-02 6.85204268e-01 3.74894917e-01 4.77413505e-01
    8.69303107e-01 8.23673904e-01 4.68071401e-02 3.54753196e-01
    4.52713996e-01 2.28197396e-01 3.98854673e-01 2.09297180e-01
    6.04988396e-01 5.22873402e-01 8.65509987e-01 4.18191254e-01
    4.94881481e-01 6.79981351e-01 8.05369258e-01 6.11690342e-01
    2.55528569e-01 6.39700651e-01 6.02058291e-01 9.89612699e-01
    9.94318366e-01 5.02323866e-01 8.14417243e-01 4.18366700e-01
    6.64897978e-01 3.45262527e-01 9.28017259e-01 3.83596241e-01
    8.64274323e-01 1.24012679e-01 8.62760603e-01 4.24692035e-01
    1.03223056e-01 6.55053616e-01 2.68336535e-01 5.03810704e-01
    6.45248234e-01 9.63183165e-01 5.02125859e-01 8.97811353e-02
    8.01703036e-02 4.46531951e-01 2.36781746e-01 9.51289713e-01
    9.83469129e-01 8.02896619e-01 2.36631125e-01 3.56850833e-01
    4.42275017e-01 3.17473501e-01 7.95885921e-03 5.46534300e-01
    9.08409715e-01 6.86691284e-01 1.15447015e-01 7.55614519e-01
    8.10502052e-01 2.16977030e-01 4.62069690e-01 5.77115417e-01
    7.94072628e-01 4.54608053e-01 7.64936566e-01 2.42587179e-01
    7.35483646e-01 2.59150386e-01 8.64515662e-01 6.93151951e-02
    6.30976081e-01 3.39179337e-02 5.28486967e-01 5.36134839e-02
    9.34855938e-01 8.96476150e-01 1.59819245e-01 1.63492262e-01
    8.21284950e-01 2.64477968e-01 8.01434696e-01 5.90970039e-01
    4.03901756e-01 8.48043799e-01 6.91068828e-01 2.43553370e-01
    6.43850148e-01 1.18555129e-02 9.75880623e-02 4.52792048e-02
    7.83208013e-01 3.60909343e-01 3.35884005e-01 2.26494104e-01
    5.71964264e-01 1.42097026e-01 6.80204511e-01 7.09666312e-02
    3.55180085e-01 1.23733997e-01 7.82244444e-01 1.98859930e-01
    3.12388539e-02 5.20510733e-01 1.91717803e-01 6.65778041e-01
    8.33109379e-01 5.00354767e-02 1.45415932e-01 6.45582199e-01
    8.56754303e-01 5.52465916e-02 4.72498685e-01 8.26922476e-01
    5.18440008e-02 1.82614952e-01 3.11978638e-01 9.99776244e-01
    3.86673838e-01 9.47708607e-01 3.49555254e-01 3.45861882e-01
    8.68203163e-01 9.38482881e-01 1.49767905e-01 8.95197749e-01
    7.94135273e-01 1.43952250e-01 2.55141854e-02 4.35997814e-01
    9.69026446e-01 1.22924924e-01 2.36297548e-02 8.05889785e-01
    5.24035215e-01 1.96634680e-01 5.19352376e-01 7.65260875e-01
    6.78744912e-01 4.12357181e-01 9.83949900e-01 3.69089693e-01
    6.73773408e-01 3.39591324e-01 7.61409163e-01 4.13578331e-01
    4.48899478e-01 2.48320341e-01 1.78735256e-02 1.52116001e-01
    4.27720487e-01 5.50197661e-01 7.57293582e-01 6.01769567e-01
    9.15832400e-01 7.23494709e-01 9.73451138e-02 8.31304431e-01
    1.05278760e-01 8.16826224e-01 5.42492568e-01 3.19997668e-02
    5.37140727e-01 3.11563343e-01 8.85422587e-01 1.31323636e-02
    6.46561384e-01 2.00496197e-01 5.77158391e-01 2.45965540e-01
    6.48788810e-01 6.06228650e-01 7.49130547e-01 9.57595229e-01
    6.07669592e-01 3.19930315e-01 1.63155347e-01 6.02123559e-01
    7.41777778e-01 3.20818424e-01 2.43804723e-01 9.20814574e-01
    6.95089221e-01 8.45796883e-01 4.63270754e-01 1.25468731e-01
    6.28693402e-02 7.73438334e-01 7.27854133e-01 5.72505295e-01
    9.58191276e-01 6.63744450e-01 5.16255498e-01 8.56565416e-01
    1.47231638e-01 5.48879623e-01 5.62746823e-01 6.54642582e-01
    1.70200199e-01 9.79334474e-01 9.38566387e-01 9.05822098e-01
    6.45048499e-01 8.71041298e-01 7.02821255e-01 7.34757543e-01
    5.02212822e-01 7.30910003e-01 9.48196888e-01 6.97184980e-01
    2.75294393e-01 7.32660115e-01 9.67067838e-01 9.01439250e-01
    1.17425650e-01 1.83767438e-01 6.99135184e-01 5.87123394e-01
    1.14869624e-01 3.21066320e-01 6.22096658e-02 2.60703236e-01
    1.24466419e-03 7.54185438e-01 6.37228966e-01 1.90230191e-01
    6.90822721e-01 1.24291539e-01 3.88276637e-01 6.53189361e-01
    9.88244653e-01 7.86223412e-02 6.79698527e-01 7.57077813e-01
    8.79892528e-01 1.11972302e-01 3.19591761e-01 2.87597001e-01
    3.82659763e-01 8.45740080e-01 4.06880081e-02 6.02365255e-01
    7.23058164e-01 3.65549088e-01 9.21376169e-01 6.84568942e-01
    8.39019537e-01 5.63345551e-01 3.77008617e-02 6.32586777e-01
    2.44908988e-01 5.25882542e-02 7.91878343e-01 7.68154681e-01
    1.31838977e-01 6.54086709e-01 3.15881878e-01 6.00309432e-01
    3.63841414e-01 9.49679017e-01 5.30586720e-01 1.40756845e-01
    6.08480632e-01 8.72302890e-01 1.07341975e-01 3.69376123e-01
    4.78064805e-01 1.40588820e-01 8.00076365e-01 2.21878648e-01
    7.01929688e-01 4.28165972e-01 7.44111955e-01 3.94890010e-01
    7.62211680e-02 4.88996565e-01 1.44619405e-01 5.97964764e-01
    1.90826237e-01 5.81278026e-01 7.63998866e-01 7.41265655e-01
    3.52739871e-01 8.58038187e-01 6.94379687e-01 5.58132529e-02
    1.45376235e-01 2.01187283e-01 7.94848919e-01 3.77661109e-01
    1.38857841e-01 9.90748405e-02 9.71801817e-01 9.05113220e-01
    8.97724926e-02 9.61242437e-01 4.28962260e-01 3.88924956e-01
    3.28879654e-01 9.64076519e-01 3.89419079e-01 8.58355701e-01
    8.44737530e-01 3.33541423e-01 3.55573297e-01 8.59269679e-01
    9.20914292e-01 8.02894890e-01 2.30380297e-02 3.38019639e-01
    3.41861963e-01 4.04589951e-01 6.06836200e-01 6.22959793e-01
    2.82389641e-01 6.70307755e-01 3.91232997e-01 2.29275227e-02
    6.67237163e-01 3.43833596e-01 6.69133604e-01 8.49637151e-01
    3.48183334e-01 6.73012257e-01 9.79941010e-01 2.69606233e-01
    6.64577961e-01 9.92976069e-01 9.99491632e-01 9.43311393e-01
    2.02285320e-01 9.80531573e-02 4.44910675e-01 1.36011839e-03
    6.05535269e-01 3.65335971e-01 1.30458623e-01 6.79898500e-01
    7.33985424e-01 6.39187753e-01 2.69412100e-02 2.54029363e-01
    5.83759904e-01 9.34077203e-02 1.02782816e-01 5.51800787e-01
    2.68963903e-01 9.02198911e-01 4.94859725e-01 1.64494216e-02
    1.87375337e-01 6.76244617e-01 7.74428487e-01 4.82465327e-01
    7.82140195e-02 9.09513652e-01 8.54925394e-01 7.06216216e-01
    9.79814351e-01 6.85006201e-01 2.65822113e-01 9.82912183e-01
    3.37689817e-01 4.22465533e-01 3.73778731e-01 7.20777512e-01
    5.17585695e-01 2.30047822e-01 8.71408224e-01 2.55735248e-01
    4.63777274e-01 3.37552607e-01 7.50054717e-01 7.53493726e-01
    9.14309323e-02 2.97259808e-01 6.39162242e-01 5.39670467e-01
    4.44813937e-01 8.38621259e-01 7.20546246e-02 1.53032243e-02
    4.55005795e-01 4.61389869e-01 2.33351260e-01 2.18626708e-01
    4.10135418e-01 6.38692498e-01 6.69401526e-01 8.78963113e-01
    7.01425910e-01 7.61752129e-01 3.38695198e-01 1.92159712e-02
    4.38747615e-01 8.19681823e-01 7.95478284e-01 7.74045706e-01
    4.72985119e-01 9.56205845e-01 9.09719825e-01 6.86714649e-01
    9.02647793e-01 3.42418313e-01 8.83558571e-01 2.93927193e-01
    1.56059563e-02 7.34179914e-02 1.10896945e-01 7.68222272e-01
    8.32219958e-01 1.47145599e-01 9.57424402e-01 2.97900826e-01
    1.96461350e-01 6.57832861e-01 1.05069190e-01 1.30780250e-01
    1.67147517e-02 5.63971221e-01 3.48291934e-01 5.92143178e-01
    9.60028410e-01 9.41099048e-01 3.58917475e-01 9.36053872e-01
    5.30201018e-01 4.54520524e-01 8.10982347e-01 3.33123147e-01
    8.14220130e-01 6.52801692e-02 9.26390290e-01 6.23092055e-02
    1.05727464e-01 5.26496112e-01 1.85162425e-02 4.98299778e-01
    5.25396228e-01 2.21625090e-01 2.15557784e-01 2.60024607e-01
    3.78053099e-01 6.90793753e-01 9.36791182e-01 1.77029192e-01
    5.43622792e-01 4.65995342e-01 4.24880385e-02 2.06258476e-01
    3.23280931e-01 6.42139316e-01 4.49221909e-01 4.96015847e-01
    5.18793404e-01 2.84073591e-01 2.68861175e-01 7.12387621e-01
    3.06559741e-01 6.64763749e-01 5.71895480e-01 1.04176670e-01
    3.48780692e-01 2.51416564e-02 7.26343691e-02 8.56985927e-01
    8.11007619e-01 2.52996683e-01 6.92293644e-02 3.63689661e-01
    9.10638630e-01 2.15240002e-01 8.52578580e-01 1.16924077e-01
    2.71243155e-02 4.51270789e-01 4.37461287e-01 5.23128390e-01
    1.40133709e-01 4.47444022e-02 4.31836545e-01 5.08862853e-01
    6.84272647e-01 7.79005587e-02 1.63340002e-01 7.20821261e-01
    1.80035114e-01 5.13556898e-01 3.77492487e-01 2.40220904e-01
    4.45287108e-01 4.03861731e-01 1.07594907e-01 5.65561235e-01
    4.55648959e-01 6.22954428e-01 5.47838032e-01 2.48410881e-01
    3.76505673e-01 3.32456499e-01 8.67750645e-02 4.21426356e-01
    4.45380062e-01 5.36492109e-01 7.28089809e-01 8.51952791e-01
    5.85744500e-01 1.65097505e-01 9.71519589e-01 1.02708519e-01
    4.01004910e-01 2.54398227e-01 8.25202107e-01 9.16049719e-01
    7.75111556e-01 6.60261393e-01 8.99905205e-01 2.43182242e-01
    1.64323360e-01 8.38214576e-01 5.13172984e-01 2.22436160e-01
    7.31879830e-01 9.99048173e-01 3.27476859e-01 1.10943645e-01
    9.51845109e-01 7.71303535e-01 9.47817683e-01 1.74739540e-01
    1.48661405e-01 8.27970386e-01 6.95687652e-01 7.73529291e-01
    3.52733731e-02 9.94345546e-01 7.59965658e-01 1.60429299e-01
    2.36993700e-01 7.93717146e-01 6.51030302e-01 2.99876571e-01
    7.79973567e-01 8.70733857e-01 4.14032042e-01 1.39547914e-01
    8.41405630e-01 3.07580888e-01 4.26380008e-01 3.89897525e-02
    8.60971212e-01 5.47880530e-02 6.22636080e-01 5.46906769e-01
    2.55715847e-03 8.70453358e-01 8.58485460e-01 5.88810682e-01
    4.06871766e-01 8.42653692e-01 8.61696720e-01 5.85571945e-01
    3.61508369e-01 7.28228152e-01 1.02852881e-01 7.73460746e-01
    2.00540543e-01 7.97178507e-01 8.30764890e-01 2.84740090e-01
    3.48011255e-01 1.09323412e-01 2.65396863e-01 5.23638070e-01
    4.27045792e-01 9.64357734e-01 1.39084727e-01 8.72144759e-01
    5.15926600e-01 4.12393630e-01 9.94236648e-01 2.92475760e-01
    9.99900579e-01 2.93676615e-01 8.35757017e-01 8.21281552e-01
    9.56319094e-01 6.32999897e-01 8.30151796e-01 4.62004244e-02
    8.68285358e-01 3.07791770e-01 4.77480352e-01 4.63586628e-01
    9.19873416e-01 1.94849133e-01 4.33518410e-01 9.62362170e-01
    3.00143570e-01 1.36139333e-01 8.86536121e-01 7.47741163e-01
    4.06239003e-01 2.10471004e-01 2.24700570e-03 6.76854670e-01
    1.66181475e-01 4.88977849e-01 9.71092105e-01 8.99462819e-01
    3.91907364e-01 5.27934790e-01 7.07483172e-01 8.76652896e-02
    8.87732625e-01 8.20665717e-01 9.93804812e-01 3.09886694e-01
    6.26522064e-01 3.45494211e-01 4.52438176e-01 8.49193513e-01
    5.75676918e-01 8.36616874e-01 3.16529125e-01 7.30951369e-01
    8.77192140e-01 4.65443969e-01 9.26499248e-01 1.63749248e-01
    6.61320984e-01 3.44601512e-01 3.18584561e-01 9.10425901e-01
    8.04490805e-01 7.27352560e-01 9.56721008e-02 2.68163443e-01
    4.30686712e-01 4.20376211e-01 9.55100894e-01 8.79640341e-01
    5.64252198e-01 5.79932034e-01 7.73339629e-01 9.53172445e-01
    7.85544991e-01 4.55950081e-01 3.75175506e-01 9.46328402e-01
    7.04956770e-01 8.13456535e-01 2.64444590e-01 6.80820346e-01
    4.13836777e-01 7.12671518e-01 4.52481240e-01 6.76548362e-01
    5.56540012e-01 7.20527649e-01 5.52429736e-01 8.01293254e-02
    4.22490180e-01 8.13502789e-01 1.06377661e-01 3.74846041e-01
    2.14489490e-01 2.81301320e-01 1.01044595e-01 6.51350737e-01
    4.46978897e-01 9.24426615e-02 9.66518283e-01 3.00920069e-01
    4.82091188e-01 9.19483066e-01 9.82316315e-01 5.09956241e-01
    4.39906120e-02 9.69062686e-01 6.83623672e-01 2.98464775e-01
    4.02409196e-01 4.55085337e-02 7.10626304e-01 1.50573343e-01
    2.55985439e-01 5.76695800e-02 5.53283095e-01 3.68697912e-01
    7.48037994e-01 7.02265263e-01 1.03761733e-01 9.55595136e-01
    1.04666054e-01 2.28529304e-01 6.67236090e-01 2.36398101e-01
    1.70370936e-03 3.57435286e-01 7.46747851e-02 8.92929673e-01
    4.02901828e-01 4.40410256e-01 4.92334098e-01 7.41512537e-01
    8.86393905e-01 1.24705821e-01 7.10501671e-02 4.55074012e-02
    8.65836322e-01 1.70979202e-02 8.22260320e-01 3.83089423e-01
    7.71036804e-01 6.70229018e-01 8.09205055e-01 9.13663685e-01
    7.00162530e-01 3.80177975e-01 5.64418375e-01 1.14744723e-01
    2.92763948e-01 8.61476004e-01 1.44201040e-01 1.70653135e-01
    2.47803539e-01 7.08833039e-01 4.79103357e-01 6.17565274e-01
    8.19804907e-01 9.71643686e-01 9.21357512e-01 1.75563693e-02
    2.07898438e-01 7.18443036e-01 5.42164087e-01 3.54008913e-01
    5.73714554e-01 6.39155805e-01 5.19991100e-01 9.22207117e-01
    7.26785779e-01 9.42547619e-02 7.72619128e-01 4.37378824e-01
    3.33172500e-01 1.96965069e-01 4.44535613e-01 5.28887451e-01
    8.35015535e-01 6.01995945e-01 5.77894568e-01 6.23882771e-01
    4.98249829e-02 8.00135911e-01 2.22686440e-01 9.57462788e-02
    4.99201298e-01 8.97945881e-01 5.99229574e-01 8.26844573e-01
    1.27748132e-01 1.11901760e-01 6.52222633e-02 2.41537899e-01
    5.83863497e-01 5.37853420e-01 5.79091072e-01 8.30355942e-01
    8.88851404e-01 1.45978302e-01 5.82237244e-01 8.81471395e-01
    3.25748146e-01 5.29732645e-01 1.83540255e-01 2.30161011e-01
    8.71776223e-01 5.40940046e-01 6.87113643e-01 1.33142531e-01
    6.34876430e-01 2.57921904e-01 9.60377514e-01 9.89364147e-01
    7.67844319e-01 1.07522398e-01 4.94432688e-01 1.58926696e-01
    7.41848469e-01 3.33878338e-01 8.51335526e-02 7.44762659e-01
    2.29565889e-01 4.76763755e-01 4.15486395e-02 5.35135806e-01
    1.76998675e-01 8.64912748e-01 7.14964807e-01 7.95801878e-01
    3.74102950e-01 2.05238074e-01 3.46340656e-01 2.80032814e-01
    4.60421979e-01 2.40253359e-01 3.77559960e-01 4.44376558e-01
    5.75149238e-01 1.57034606e-01 8.17791998e-01 4.75382298e-01
    2.35722184e-01 9.15445685e-01 3.07866365e-01 9.17638659e-01
    8.34446192e-01 7.90429711e-01 9.14931357e-01 2.29568660e-01
    4.89188701e-01 2.98521101e-01 6.84412181e-01 9.42449093e-01
    7.64083385e-01 8.03668618e-01 1.20534956e-01 3.14508259e-01
    2.03491807e-01 4.46783602e-01 1.06593728e-01 3.75254899e-01
    3.27853680e-01 5.63812196e-01 1.04531527e-01 9.41632986e-01
    5.39656699e-01 5.42045653e-01 3.38979453e-01 4.82832432e-01
    6.25990987e-01 8.09867382e-01 4.09231126e-01 1.59812778e-01
    3.85108888e-02 8.88600707e-01 5.84892154e-01 1.21851325e-01
    9.74177837e-01 6.90494299e-01 1.55840755e-01 7.97851622e-01
    4.45879221e-01 8.32700849e-01 8.74824524e-01 9.86998856e-01
    2.51558483e-01 4.47887480e-01 4.63399589e-01 2.72189856e-01
    1.21087343e-01 4.77480263e-01 2.44907230e-01 8.99992406e-01
    2.66164958e-01 2.32788831e-01 3.26025099e-01 6.69046640e-01
    1.35898590e-05 7.54466176e-01 1.01027310e-01 9.12406027e-01
    6.38824940e-01 6.03902817e-01 9.42744613e-01 2.81151503e-01
    6.05581105e-01 5.91967225e-01 3.11952353e-01 5.05770028e-01
    8.70481730e-01 3.80774200e-01 1.57327145e-01 3.28718960e-01
    4.09818619e-01 5.88342845e-02 9.34447229e-01 7.11560190e-01
    7.00517535e-01 8.88594985e-03 4.44912016e-02 2.98305959e-01
    8.27219605e-01 1.90343499e-01 2.38989830e-01 4.13866788e-01
    4.37178135e-01 5.84364235e-02 2.28111863e-01 3.69611919e-01
    7.85977244e-01 7.33255565e-01 9.12763119e-01 5.91358542e-01
    2.21334994e-01 1.24918908e-01 3.71763706e-02 1.94889784e-01
    3.53290439e-01 5.46796739e-01 3.59772623e-01 7.90727735e-01
    9.93602753e-01 8.05164695e-01 6.50377989e-01 2.15392798e-01
    7.59489179e-01 7.21194267e-01 6.93968654e-01 8.30939531e-01
    8.48235488e-01 8.25369358e-01 7.58635044e-01 9.16211784e-01
    4.59931672e-01 8.44732285e-01 6.44473910e-01 9.34217453e-01
    7.01087117e-01 9.42177355e-01 8.90650511e-01 2.03638822e-01
    4.19631958e-01 1.06367081e-01 5.27545869e-01 5.67926764e-01
    9.54183280e-01 6.86019659e-01 1.76022857e-01 2.26728290e-01
    5.89299083e-01 7.03628480e-01 7.43985593e-01 4.35986727e-01
    2.77438283e-01 9.32001770e-02 9.46069717e-01 9.16815639e-01
    2.81019926e-01 4.46048617e-01 9.64268446e-01 4.27637339e-01
    2.34327316e-01 5.67806780e-01 3.33899140e-01 8.45302999e-01
    7.61096835e-01 5.17857730e-01 9.42531943e-01 3.52187842e-01
    3.74622941e-01 1.52660042e-01 6.64860547e-01 9.26129818e-01
    2.15686321e-01 3.26595783e-01 9.22919273e-01 6.19886935e-01
    8.63299668e-01 3.28842700e-02 2.42026061e-01 6.48489356e-01
    6.98963165e-01 6.08384013e-02 5.92701793e-01 2.35690534e-01
    2.16529012e-01 1.75613195e-01 3.76199007e-01 4.85726416e-01
    1.83462799e-02 3.21687460e-01 9.27518785e-01 1.54542714e-01
    9.92244482e-01 3.88213098e-02 1.00020975e-01 4.45540249e-01
    8.46198797e-01 1.19718820e-01 8.14107418e-01 2.99561828e-01
    5.19318283e-01 6.57653928e-01 7.64222741e-02 5.26352584e-01
    9.37968493e-04 2.02699125e-01 4.84522939e-01 6.72879457e-01
    7.53118694e-01 8.45886767e-01 8.47266316e-01 9.08252299e-01
    9.34473038e-01 7.16587365e-01 4.65169251e-02 2.97600150e-01
    2.62888372e-02 4.00570989e-01 6.45086169e-01 7.80587792e-01
    7.14100301e-01 4.52269137e-01 9.24727917e-02 2.58425534e-01
    5.90891540e-02 9.73104477e-01 9.25128162e-02 4.53514606e-01
    3.77841294e-01 7.71914721e-01 5.75449526e-01 7.57059574e-01
    4.04021502e-01 5.31365573e-02 1.49448752e-01 3.56334180e-01
    2.39685059e-01 1.54631436e-01 4.00707722e-01 6.54203415e-01
    8.40706348e-01 1.43443555e-01 4.92414922e-01 8.42479467e-01
    8.28600585e-01 5.68789840e-02 2.99577951e-01 1.54504895e-01
    9.13907051e-01 6.41353428e-01 6.50639951e-01 6.45097673e-01
    5.98195076e-01 8.14078569e-01 1.97961301e-01 3.79615128e-01
    3.69024456e-01 2.66468704e-01 9.09155250e-01 6.44395232e-01
    8.50631416e-01 8.93844128e-01 5.78308284e-01 9.88540649e-01
    8.22246909e-01 4.96204734e-01 3.88578147e-01 8.56672049e-01
    9.25468326e-01 6.60132349e-01 5.86612880e-01 6.70284271e-01
    8.90295744e-01 4.58103418e-02 2.34312415e-01 5.39898992e-01
    8.56192529e-01 4.87937242e-01 1.91631615e-01 5.06561577e-01
    3.64607573e-03 2.64555514e-01 9.30637598e-01 3.03544044e-01
    4.84838247e-01 2.36212343e-01 4.34889793e-02 9.20778871e-01
    7.62173533e-01 9.94713902e-01 8.68845463e-01 9.67441618e-01
    1.26968980e-01 5.55455625e-01 7.84322381e-01 6.54792309e-01
    1.56093478e-01 2.73840964e-01 6.95968688e-01 4.52001393e-01
    2.56005734e-01 7.18022645e-01 9.57107425e-01 9.03244138e-01
    2.87989140e-01 2.74820626e-01 2.78065145e-01 2.41941780e-01
    7.56512880e-02 4.14225459e-01 8.47993493e-01 8.74570251e-01
    9.94927049e-01 5.38335621e-01 7.36485720e-01 6.12408936e-01
    6.78932250e-01 9.13840890e-01 9.46997166e-01 4.81504023e-01
    4.78986204e-01 1.85136974e-01 7.21292615e-01 2.31629461e-01
    9.36951935e-01 1.30690604e-01 9.41679835e-01 9.10108089e-02
    5.44463396e-02 6.87828422e-01 9.44810212e-01 3.56903881e-01
    7.40358531e-01 7.52180338e-01 4.93724942e-02 2.29444206e-01
    1.34528905e-01 2.66592979e-01 9.66394663e-01 2.06970632e-01
    5.73062003e-01 7.17400670e-01 6.00260139e-01 4.03846234e-01
    3.05210590e-01 1.21926367e-02 4.36875105e-01 7.24814773e-01
    3.70360434e-01 7.82987714e-01 1.31175846e-01 7.86002040e-01
    8.73774230e-01 6.21392488e-01 5.86961985e-01 2.82302678e-01
    2.58623242e-01 9.25978720e-02 3.17231417e-02 6.93009138e-01
    7.67367303e-01 2.96159804e-01 3.51302505e-01 9.46792006e-01
    3.43257457e-01 6.50517523e-01 2.89568067e-01 3.57846081e-01
    5.13470054e-01 9.11282182e-01 9.29661930e-01 3.05614769e-01
    1.97582155e-01 5.39584219e-01 9.15252507e-01 2.06437707e-02
    6.13732815e-01 6.29519820e-01 2.93302268e-01 3.62651855e-01
    7.11127460e-01 3.21335971e-01 1.92611217e-02 7.21887052e-02
    9.03295577e-01 7.17942059e-01 4.58819926e-01 3.86539102e-01
    7.74676979e-01 4.33014929e-01 6.40085042e-01 9.69601691e-01
    2.90806621e-01 3.51370633e-01 8.32278252e-01 2.50446200e-02
    2.28625804e-01 9.15372252e-01 4.02412683e-01 2.82042325e-01
    9.34846699e-01 5.89807332e-01 9.28493500e-01 3.13518941e-01
    6.96667910e-01 9.92254078e-01 3.70366871e-01 9.65361297e-01
    2.79479176e-01 2.10248053e-01 8.34748864e-01 7.81600237e-01
    2.29446560e-01 5.33462703e-01 4.78811294e-01 2.12786376e-01
    8.05678844e-01 5.55955231e-01 2.00416148e-01 3.48167151e-01
    9.25839245e-02 6.95136428e-01 1.51123196e-01 4.58010972e-01
    3.41616511e-01 7.92848587e-01 8.61558378e-01 9.10822749e-02
    4.28475201e-01 8.97206664e-02 1.45954698e-01 9.01861787e-02
    4.85078722e-01 2.33146071e-01 1.65665776e-01 6.89022541e-01
    4.18471962e-01 5.09507298e-01 9.57235813e-01 1.05377227e-01
    1.03479356e-01 6.82033896e-01 9.49099004e-01 6.69766307e-01
    6.43493772e-01 2.33481526e-02 6.22162879e-01 2.65785098e-01
    2.21189201e-01 9.26530778e-01 3.33209574e-01 4.71617043e-01
    8.90541196e-01 8.78743649e-01 9.89449739e-01 1.00003511e-01
    8.79691482e-01 9.11572337e-01 5.37591398e-01 5.13621747e-01
    9.67678010e-01 4.49351907e-01 3.81882131e-01 7.14586079e-01
    1.38295650e-01 1.06604278e-01 5.69077134e-01 6.27335131e-01
    3.59211504e-01 4.91048783e-01 8.26093316e-01 1.24344081e-01
    9.93204594e-01 1.58454806e-01 8.70773494e-02 3.43337685e-01
    8.21244597e-01 2.91500658e-01 6.22560084e-01 2.94102252e-01
    7.97267914e-01 6.35109663e-01 6.87984288e-01 2.97703862e-01
    6.94954932e-01 8.76098633e-01 2.30550587e-01 7.38006830e-01
    5.28463066e-01 5.94196200e-01 7.31046379e-01 8.91335785e-01
    4.41987991e-01 1.60279661e-01 8.02238107e-01 7.57259130e-02
    8.07710588e-02 8.91274571e-01 4.26249206e-01 8.42900813e-01
    8.44353318e-01 1.97712749e-01 4.42022324e-01 8.97478104e-01
    3.99237663e-01 2.66643703e-01 4.49053138e-01 4.92671460e-01
    4.05981749e-01 6.03587270e-01 2.64330029e-01 6.30828142e-02
    8.77654552e-03 4.31301296e-01 2.84215957e-01 3.14599454e-01
    7.75190890e-01 9.28087234e-02 4.04264867e-01 2.59614587e-01
    9.52704787e-01 3.36550117e-01 1.82880700e-01 9.58095968e-01
    3.65577877e-01 2.85581797e-01 8.75735760e-01 5.41682005e-01
    9.09190536e-01 4.91410762e-01 7.31266260e-01 5.08543313e-01
    8.67906928e-01 6.21355057e-01 2.14489102e-02 6.88023865e-02
    3.60413134e-01 9.68375742e-01 5.82819998e-01 5.74619770e-01
    7.22851515e-01 5.87394714e-01 8.70276690e-01 6.15341127e-01
    7.61258006e-01 8.15349102e-01 9.71769869e-01 5.50324082e-01
    9.42786932e-02 5.90936065e-01 3.39731693e-01 8.82959664e-01
    8.74100685e-01 7.58300900e-01 3.79894346e-01 9.08040047e-01
    1.21359855e-01 8.12205315e-01 9.78410125e-01 1.56888604e-01
    9.11120236e-01 8.14909816e-01 3.62680793e-01 2.16503024e-01
    8.86747241e-01 1.41282350e-01 2.29375362e-02 9.31641698e-01
    8.86053085e-01 2.56943643e-01 2.07079530e-01 9.86823201e-01
    3.53340507e-02 5.66531718e-01 6.19093776e-01 1.54562950e-01
    6.62861407e-01 5.30622959e-01 7.46692717e-02 5.51089704e-01
    1.91320717e-01 8.78601313e-01 7.25245237e-01 4.84964579e-01
    9.59344387e-01 7.11575985e-01 2.18845546e-01 5.61835110e-01
    8.81531239e-01 3.84538949e-01 9.08390164e-01 4.12699342e-01
    4.94104266e-01 3.02244663e-01 3.33827555e-01 2.14218497e-01
    8.67604136e-01 5.34333527e-01 7.60284662e-01 8.62504661e-01
    3.10495853e-01 8.41591120e-01 9.55434203e-01 1.34661466e-01
    1.30570889e-01 2.73069501e-01 6.77879632e-01 8.78403842e-01
    3.99295628e-01 1.35492891e-01 1.28783166e-01 4.65117097e-01
    5.17484367e-01 5.98109484e-01 1.93503022e-01 5.14438331e-01
    3.53612602e-02 9.26803827e-01 2.79277235e-01 9.23839331e-01
    7.57676482e-01 6.65240407e-01 3.79478514e-01 3.41853440e-01
    5.80370009e-01 7.67590702e-02 3.62241417e-01 4.63729829e-01
    4.67743725e-01 3.86113882e-01 7.90789723e-01 7.40290642e-01
    6.97964191e-01 7.75151491e-01 9.85059440e-02 3.54177773e-01
    1.82398140e-01 9.28385854e-02 6.68199837e-01 4.47817594e-01
    6.84645772e-03 1.06640220e-01 4.13624644e-01 4.72891331e-01
    5.15092611e-01 6.88625932e-01 4.96032417e-01 7.37877786e-01
    9.01514709e-01 8.85146260e-02 9.59460199e-01 3.45793962e-02
    7.93881893e-01 1.01406842e-01 4.23836172e-01 2.46810615e-01
    3.46147835e-01 1.66199088e-01 6.09434009e-01 1.88330114e-01
    3.91626954e-01 1.03888512e-02 5.86029887e-01 6.79679811e-02
    1.72503889e-01 8.54504347e-01 2.47161835e-01 1.09815836e-01
    7.57365048e-01 7.77861774e-01 2.44454533e-01 1.16752028e-01
    6.63779914e-01 5.69006860e-01 9.06936407e-01 3.83989513e-01
    1.76669449e-01 7.69484997e-01 1.94561452e-01 3.43446165e-01
    2.92631388e-01 5.59885263e-01 5.04730701e-01 1.06968373e-01
    2.98887968e-01 3.85570168e-01 6.83233142e-03 9.06878710e-02
    7.74280310e-01 5.91887832e-02 8.58510494e-01 1.58257067e-01
    9.19995368e-01 4.22811806e-02 4.53938395e-01 8.00440252e-01
    8.84851575e-01 2.12971032e-01 7.32514501e-01 7.93048620e-01
    8.99389505e-01 9.41699266e-01 5.87268829e-01 3.52120340e-01
    7.39960790e-01 1.78778052e-01 9.05438304e-01 2.15162367e-01
    7.04125166e-01 2.19119877e-01 3.98729056e-01 4.32258308e-01
    9.04868424e-01 9.58471060e-01 2.82716751e-03 5.25039136e-01
    7.64431417e-01 4.06558752e-01 7.75374115e-01 8.95022273e-01
    1.48280233e-01 4.24457371e-01 6.79807901e-01 8.40561390e-01
    2.95822859e-01 8.03590357e-01 5.33522606e-01 1.52440220e-01
    6.21550262e-01 1.14117175e-01 8.32955778e-01 9.25614297e-01
    8.11052561e-01 7.72096753e-01 1.83779895e-01 9.61619973e-01
    5.74762106e-01 9.76495385e-01 7.76525736e-01 5.65182269e-02
    1.65112585e-01 8.91064465e-01 2.79910952e-01 1.22341514e-03
    6.24775708e-01 6.78250551e-01 6.45211697e-01 6.53992057e-01
    4.62268859e-01 1.89190567e-01 4.30611908e-01 8.72107446e-01
    7.98584521e-01 5.38369656e-01 7.79781997e-01 8.74348760e-01
    8.82614195e-01 1.59901381e-03 2.46988028e-01 5.39870501e-01
    5.40254116e-01 5.02013505e-01 2.18179107e-01 1.60037249e-01
    7.28559017e-01 4.52162772e-01 2.83710837e-01 2.79088557e-01
    4.48138505e-01 6.74090803e-01 3.97883654e-01 1.49442762e-01
    1.40120804e-01 1.97698832e-01 8.84126425e-01 9.02402639e-01
    8.60745311e-01 9.80033159e-01 7.59732366e-01 8.12072277e-01
    9.71445799e-01 5.88151455e-01 6.43427730e-01 5.96566677e-01
    3.34296256e-01 3.29967320e-01 5.98865390e-01 8.01395535e-01
    3.90182465e-01 7.48455644e-01 2.05904573e-01 6.09117448e-01
    8.91358674e-01 4.62620497e-01 7.46863782e-02 6.69570804e-01
    3.49111676e-01 6.68779910e-02 2.62621254e-01 8.98625135e-01
    3.24281037e-01 4.53307390e-01 7.71390498e-02 1.15030050e-01
    2.25677162e-01 6.22898698e-01 2.09199071e-01 8.38510871e-01
    8.87504697e-01 6.74374104e-02 8.93099666e-01 8.41131389e-01
    9.55270708e-01 6.20014906e-01 7.99103379e-02 7.56432414e-01
    3.52825105e-01 1.30211860e-01 2.48760223e-01 1.55953765e-01
    4.04551238e-01 6.05128825e-01 6.73835099e-01 8.08671832e-01
    9.98554170e-01 8.28692615e-01 1.44898117e-01 6.95909381e-01
    3.22079808e-01 5.95667124e-01 8.99324358e-01 2.66809702e-01
    3.63080442e-01 9.07249570e-01 7.05085397e-02 2.44656444e-01
    1.62359536e-01 4.80009496e-01 1.81007445e-01 8.52191210e-01
    5.07380247e-01 3.78616840e-01 2.32670635e-01 9.99773443e-02
    8.11978817e-01 1.18033618e-01 8.50035548e-01 8.96882236e-01
    5.21670282e-01 2.44993746e-01 6.44280553e-01 4.54573274e-01
    1.73801273e-01 6.92615390e-01 1.61496043e-01 3.16835701e-01
    8.14783096e-01 6.79727077e-01 1.30950838e-01 5.83444893e-01
    8.32712948e-01 8.19794059e-01 8.32181573e-02 6.69823289e-02
    3.16141844e-01 7.47396708e-01 7.62989461e-01 8.95284235e-01
    6.01691425e-01 3.76296699e-01 4.48224872e-01 6.07181072e-01
    3.44398618e-03 1.59650326e-01 1.92688793e-01 7.40846574e-01
    2.56281912e-01 5.77223778e-01 1.98594034e-01 5.10270774e-01
    1.65281892e-01 6.23367548e-01 7.17109084e-01 6.33418143e-01
    8.61872196e-01 5.16728938e-01 6.84758961e-01 2.97786474e-01
    1.15240574e-01 9.33042169e-03 9.27068472e-01 3.19927812e-01
    7.12083340e-01 7.89640903e-01 2.32410729e-01 1.81160837e-01
    2.48097807e-01 4.46900576e-01 5.90070367e-01 7.14668334e-02
    1.39036477e-01 4.19326842e-01 2.20120728e-01 3.25766981e-01
    7.97800303e-01 6.03812635e-01 8.09226036e-02 6.05885088e-01
    6.99272394e-01 4.69618440e-01 9.54144239e-01 3.20590675e-01
    3.51164401e-01 9.37333524e-01 9.58689332e-01 3.40403974e-01
    9.57852602e-02 1.24377012e-03 5.77359200e-01 8.40201735e-01
    5.71402013e-01 2.61938632e-01 2.66033232e-01 6.20397091e-01
    9.59732592e-01 6.18522167e-01 8.79760742e-01 3.43338996e-01
    1.28080964e-01 9.34054971e-01 7.14386702e-01 7.96525359e-01
    7.65024722e-02 2.98025310e-01 7.68015862e-01 3.18092644e-01
    8.67515206e-01 5.36888540e-01 1.73013508e-02 5.79023480e-01
    1.50530994e-01 2.06375152e-01 2.64183819e-01 9.38856006e-01
    3.57145101e-01 7.60932088e-01 9.05950665e-01 1.58354372e-01
    9.99409437e-01 8.65741491e-01 9.71661329e-01 1.94403946e-01
    5.15922070e-01 4.53342378e-01 8.81640434e-01 8.30396295e-01
    6.86330497e-01 1.97423160e-01 3.90905142e-01 3.78737450e-02
    4.30925310e-01 3.32128406e-01 8.34616959e-01 4.63471413e-01
    4.02865171e-01 9.29935396e-01 3.40321988e-01 5.19557357e-01
    3.25891554e-01 7.93860197e-01 6.20418787e-01 1.75156206e-01
    7.70865083e-02 8.85020137e-01 4.39545810e-01 6.11249685e-01
    1.18345231e-01 4.68594611e-01 2.49354780e-01 8.57766509e-01
    1.31152958e-01 1.42270684e-01 1.25368237e-02 2.24492729e-01
    4.82350856e-01 1.41393274e-01 2.99531519e-02 3.82734001e-01
    1.88344121e-02 8.61553192e-01 7.38977551e-01 8.78434062e-01
    1.14724576e-01 7.23091543e-01 3.09194267e-01 9.66061950e-01
    2.08876908e-01 9.59291935e-01 6.42327189e-01 8.48601103e-01
    9.65470850e-01 7.49642730e-01 4.26335573e-01 7.27416277e-01
    7.84074306e-01 6.82684839e-01 5.81787944e-01 1.36718959e-01
    8.43398809e-01 5.78299642e-01 2.46878922e-01 1.01814449e-01
    4.71072495e-02 1.33778751e-01 3.73619199e-01 1.79715067e-01
    8.14085007e-01 4.15030539e-01 4.17917460e-01 5.33217788e-01
    8.27473998e-01 9.90835845e-01 1.95290834e-01 5.30347645e-01
    8.11452508e-01 8.49073470e-01 8.53741109e-01 2.30802894e-01
    5.54267406e-01 5.83690703e-02 4.57863003e-01 3.61698866e-01
    4.92277414e-01 7.69570649e-01 1.58869982e-01 2.30832398e-01
    2.94818848e-01 3.38956952e-01 1.65893942e-01 8.36754858e-01
    8.81054163e-01 8.02353024e-03 1.38112783e-01 6.48271084e-01
    8.93082976e-01 6.16736352e-01 2.32494771e-02 2.91850150e-01
    3.47338915e-01 8.87934029e-01 6.66419506e-01 5.92942417e-01
    9.49939430e-01 5.09232044e-01 4.00275737e-01 8.73971879e-02
    3.47883046e-01 7.43633509e-01 2.45548934e-01 8.13253760e-01
    5.88653028e-01 9.66688752e-01 2.64749974e-01 3.10321808e-01
    7.10688233e-02 8.78606439e-01 8.43432069e-01 6.36978090e-01
    4.08963889e-01 3.99047911e-01 7.53825009e-01 9.28729475e-02
    3.29978824e-01 3.36879581e-01 6.27134740e-02 4.29559261e-01
    7.10643768e-01 2.83896387e-01 5.35313487e-01 8.81798148e-01
    4.97252405e-01 3.57889533e-01 6.61358535e-02 2.50851214e-01
    1.09653115e-01 9.79746163e-01 6.97016954e-01 5.32859564e-03
    1.76674664e-01 7.33946979e-01 1.16895974e-01 2.25573599e-01
    7.44857967e-01 1.08774900e-02 5.51814377e-01 3.90843838e-01
    8.38866532e-02 1.49712473e-01 3.47892046e-02 5.18906474e-01
    8.50937724e-01 3.50512564e-02 9.74491596e-01 2.51404941e-02
    3.97526026e-01 4.37441260e-01 4.28492188e-01 8.38547051e-02
    9.22865093e-01 1.89783484e-01 3.81234974e-01 4.56687182e-01
    9.87919688e-01 9.47798729e-01 9.82198834e-01 8.69416177e-01
    5.64884007e-01 1.19421989e-01 7.70072401e-01 3.76169682e-01
    5.73651075e-01 4.47884679e-01 4.73419130e-01 1.81138933e-01
    3.12587619e-03 5.83636940e-01 4.32729959e-01 3.82274032e-01
    2.48881608e-01 5.86663008e-01 2.03768194e-01 9.43769693e-01
    4.80562121e-01 3.14894319e-02 3.30615789e-01 4.27621335e-01
    6.52069628e-01 2.18679100e-01 9.76414382e-01 1.19777143e-01
    8.86724949e-01 3.21429253e-01 6.59694552e-01 7.69019723e-01
    8.61264646e-01 9.93836403e-01 2.76392460e-01 7.96030283e-01
    7.40091562e-01 4.58193272e-01 8.19529772e-01 6.32983088e-01
    6.31977737e-01 9.94515717e-02 3.16046119e-01 8.54097605e-01
    6.95778370e-01 1.67763412e-01 4.31662142e-01 5.00086844e-01
    3.15966308e-01 7.27162302e-01 1.74705446e-01 9.20000672e-02
    5.04822254e-01 3.42720747e-03 2.39797741e-01 6.05436444e-01
    7.62137771e-03 3.40032548e-01 2.85072863e-01 4.63313103e-01
    1.10041499e-01 3.97369057e-01 4.51425016e-01 3.53212744e-01
    9.50305939e-01 7.41804719e-01 6.04262948e-02 2.97830105e-01
    8.77780795e-01 9.08895612e-01 4.59318548e-01 6.08894467e-01
    5.43424428e-01 5.18337429e-01 4.58222419e-01 6.53036714e-01
    5.75024784e-01 2.37739742e-01 9.80590880e-01 8.16236138e-01
    2.25935280e-01 8.87951374e-01 3.93097043e-01 4.64959472e-01
    8.31047058e-01 4.55598652e-01 5.32231927e-02 9.09582078e-01
    8.38262320e-01 2.33662516e-01 1.84664130e-03 4.45269942e-01
    1.65971607e-01 2.46968567e-02 9.93222952e-01 5.65081477e-01
    4.33601260e-01 1.26221001e-01 6.60028636e-01 2.23193705e-01
    8.01473856e-02 1.57144070e-01 1.22862607e-01 9.73668456e-01
    4.78405207e-01 7.38645494e-01 9.45537090e-01 2.81855166e-01
    1.91238284e-01 4.81343985e-01 1.96315050e-02 2.39622921e-01
    8.50693941e-01 7.26802826e-01 3.88356954e-01 5.83654523e-01
    2.73719281e-01 5.64478040e-01 5.57913959e-01 2.44774461e-01
    3.77362639e-01 7.22237468e-01 5.69456816e-02 9.32614386e-01
    8.86634231e-01 1.68051600e-01 1.49475455e-01 3.02610070e-01
    6.10772848e-01 3.27523768e-01 2.96039015e-01 1.24367565e-01
    7.95299590e-01 4.46320385e-01 6.60747707e-01 6.52061403e-02
    8.59948993e-03 4.38951433e-01 9.79761124e-01 4.08119887e-01
    3.73252332e-01 9.53324795e-01 3.66047531e-01 8.90609741e-01
    3.82252932e-02 9.25526500e-01 8.06805193e-01 3.29673439e-01
    2.94680595e-02 9.45099354e-01 3.58879566e-03 7.71723509e-01
    8.01670551e-02 8.85229886e-01 6.52334392e-02 7.20206559e-01
    1.11592174e-01 3.99184048e-01 9.05688524e-01 8.16647530e-01
    3.32753718e-01 6.21714532e-01 2.65633643e-01 2.35813558e-02
    5.55265784e-01 5.46105266e-01 6.92735851e-01 6.91235542e-01
    4.31391537e-01 2.14938968e-01 2.51303494e-01 2.92412847e-01
    4.76846188e-01 9.33169127e-01 3.28612149e-01 1.47899479e-01
    2.66192049e-01 5.56739450e-01 3.53905082e-01 7.43854284e-01
    3.53907466e-01 8.59116435e-01 8.72021079e-01 3.16056907e-01
    6.30414367e-01 1.15195960e-01 3.04399610e-01 2.90899575e-02
    9.97561336e-01 4.45587754e-01 5.63814938e-02 8.13341439e-02
    6.02287114e-01 2.28446722e-03 8.58891368e-01 3.59375358e-01
    2.29562998e-01 8.81558776e-01 2.15564430e-01 6.29058540e-01
    2.67063648e-01 8.40928435e-01 1.65773749e-01 1.47906512e-01
    8.71428967e-01 8.54745805e-01 2.92223692e-03 6.27588928e-01
    1.73380703e-01 1.54762357e-01 7.89204240e-02 8.70011389e-01
    4.84131038e-01 2.87048340e-01 7.64465392e-01 3.40220690e-01
    7.05872238e-01 4.32641119e-01 8.40617597e-01 9.12353277e-01
    6.77861691e-01 3.94528240e-01 3.55331779e-01 6.82316661e-01
    4.36939955e-01 8.59029293e-01 1.53120458e-02 1.36896640e-01
    1.31268591e-01 6.77069664e-01 1.57475233e-01 7.28011131e-01
    5.89299619e-01 4.78073537e-01 8.11012387e-01 9.98787522e-01
    5.99416733e-01 3.81613970e-02 4.21939671e-01 3.47580194e-01
    1.39293820e-01 6.61622345e-01 3.95295829e-01 2.39936471e-01
    7.70521641e-01 9.62206304e-01 7.73890018e-01 4.39099669e-02
    4.88029718e-01 2.91174948e-01 5.62922776e-01 4.88687307e-01
    7.68804908e-01 8.42613220e-01 6.35991216e-01 8.14080775e-01
    2.76201129e-01 2.62682974e-01 8.00715446e-01 9.54085708e-01
    1.03953481e-02 3.33044559e-01 7.23478913e-01 4.63315666e-01
    4.85012859e-01 1.44238174e-01 9.71300244e-01 5.35483181e-01
    9.36637342e-01 3.83966774e-01 5.33532441e-01 2.06667095e-01
    7.08874762e-01 9.73332882e-01 8.73287320e-01 6.65843368e-01
    4.76073474e-01 6.48005545e-01 8.27907324e-02 3.54798675e-01
    6.50455952e-01 6.16345942e-01 5.19196093e-01 4.05614913e-01
    7.12926030e-01 2.64807612e-01 3.46832037e-01 4.71340477e-01
    4.76586819e-02 8.44061971e-01 4.33634758e-01 6.13313258e-01
    7.43635535e-01 2.56624222e-01 4.26506311e-01 1.79307014e-01
    6.68920398e-01 9.66416597e-02 1.50227964e-01 6.56993389e-02
    9.87053633e-01 7.77644396e-01 1.79998636e-01 3.66862833e-01
    6.78007603e-02 9.09260213e-02 6.85470641e-01 1.65707260e-01
    6.44406140e-01 9.59552526e-01 2.63807863e-01 8.11388254e-01
    2.52499610e-01 3.81298423e-01 3.34585071e-01 4.37507451e-01
    3.32772195e-01 8.57510090e-01 8.33914876e-02 4.12678659e-01
    1.38559073e-01 7.10311115e-01 9.05744970e-01 8.09563994e-01
    2.21157283e-01 4.36088413e-01 5.47908425e-01 2.47741997e-01
    5.42999804e-01 1.70444995e-01 3.90324354e-01 8.04499805e-01
    9.75412369e-01 3.21234703e-01 4.42623436e-01 8.03891122e-02
    1.68475598e-01 8.87937069e-01 2.11006492e-01 2.24251211e-01
    2.90642500e-01 9.69448328e-01 4.96299952e-01 3.22517604e-01
    2.72558451e-01 2.02529520e-01 6.88591003e-02 8.61593723e-01
    4.17401791e-02 7.98850417e-01 1.79106802e-01 9.91128922e-01
    1.95597500e-01 8.83477569e-01 6.85350657e-01 8.37236285e-01
    2.30194241e-01 6.95523441e-01 4.97083396e-01 2.15173215e-01
    9.78563905e-01 3.44861686e-01 4.50844973e-01 7.97136307e-01
    7.67837763e-01 2.87554026e-01 1.12454236e-01 3.93086970e-01
    8.69710743e-01 7.99783468e-02 3.96037608e-01 7.56316662e-01
    8.39482069e-01 9.80881929e-01 7.89252162e-01 3.13323379e-01
    7.13503897e-01 2.81498790e-01 3.24159443e-01 5.56370258e-01
    4.10510242e-01 6.97595060e-01 7.61918008e-01 2.63512433e-01
    1.23461545e-01 9.52953637e-01 9.83533263e-01 2.84012377e-01
    2.16579765e-01 4.20158297e-01 2.00225681e-01 5.41906893e-01
    9.19244647e-01 3.18295836e-01 6.44584239e-01 3.75786126e-01
    8.23873580e-02 1.82619780e-01 7.91275620e-01 9.26459074e-01
    1.68671846e-01 9.47736740e-01 2.84251094e-01 4.44744825e-01
    9.49223757e-01 3.47085595e-01 6.91490352e-01 8.18750620e-01
    3.45455229e-01 1.57436043e-01 3.14684212e-02 2.84285903e-01
    5.50532401e-01 8.04299116e-01 1.08397901e-01 3.56201291e-01
    7.09695578e-01 5.84835470e-01 7.47250617e-01 1.12155795e-01
    9.28047478e-01 7.22213626e-01 8.78739357e-01 5.98954558e-02
    9.88244176e-01 4.91504699e-01 3.34844887e-01 9.60184038e-02
    9.89206374e-01 5.82551897e-01 2.92308688e-01 3.51983130e-01
    4.03396070e-01 5.88957965e-02 8.21941257e-01 6.92745388e-01
    6.68364942e-01 1.96138293e-01 6.35435998e-01 6.52735591e-01
    6.34603202e-01 1.58317685e-02 2.12261528e-01 9.50058937e-01
    4.35286820e-01 5.81611812e-01 5.57248533e-01 6.04535162e-01
    8.89760494e-01 5.48686087e-01 4.63327765e-03 9.59828556e-01
    3.02675247e-01 5.14674604e-01 4.64280903e-01 2.09333330e-01
    9.92259264e-01 7.41582334e-01 3.12588394e-01 5.70903182e-01
    9.37349558e-01 1.38899744e-01 8.58851671e-01 4.68486190e-01
    7.26752758e-01 6.04778528e-04 1.04908645e-01 3.88449579e-01
    3.32747877e-01 9.39861298e-01 2.23492950e-01 6.33935273e-01
    7.55972385e-01 6.62296414e-01 5.51538289e-01 6.93041444e-01
    6.22743130e-01 5.63526869e-01 6.48604631e-01 1.80892736e-01
    4.70308542e-01 1.60527408e-01 3.63136351e-01 9.68131363e-01
    8.00111473e-01 7.96724856e-02 2.28854656e-01 9.82727647e-01
    8.97227705e-01 7.68728018e-01 1.56811476e-01 3.36576641e-01
    9.29745555e-01 3.20445120e-01 4.02964234e-01 3.10694098e-01
    4.13941145e-01 2.43827969e-01 3.34791780e-01 3.90563339e-01
    2.79736161e-01 2.64237285e-01 9.29953337e-01 8.89072239e-01
    2.52894461e-01 7.44675338e-01 6.18684828e-01 8.71029079e-01
    6.76484108e-02 8.52945149e-01 5.60643613e-01 5.08425713e-01
    2.64390111e-02 9.62535381e-01 9.58895206e-01 5.57438135e-01
    9.07289982e-01 9.34165716e-03 6.73499942e-01 8.00795078e-01
    8.77480388e-01 4.35313672e-01 2.70583630e-01 5.71793616e-02
    3.52374524e-01 4.51181233e-02 4.24283713e-01 3.96016121e-01
    1.62383735e-01 4.27614808e-01 4.06471133e-01 3.17375183e-01
    9.74810123e-01 1.66743338e-01 9.15631652e-03 6.32724941e-01
    8.31761837e-01 2.92049885e-01 8.54941070e-01 7.88143873e-02
    7.27309048e-01 5.78444660e-01 8.90298069e-01 7.62088180e-01
    4.25127327e-01 7.79474676e-01 5.37289202e-01 3.94410759e-01
    3.71324658e-01 2.70286947e-01 6.32925272e-01 7.08567262e-01
    1.77698165e-01 5.89860857e-01 3.01938593e-01 1.89833999e-01
    5.34807980e-01 7.03455687e-01 4.29437965e-01 1.53048456e-01
    5.41276872e-01 3.84840190e-01 3.45042646e-02 1.31938726e-01
    1.87765211e-01 4.63168621e-01 7.62680531e-01 2.20554650e-01
    6.46835685e-01 2.77374744e-01 5.02184093e-01 8.79215240e-01
    6.35066152e-01 6.88056648e-01 3.11378449e-01 2.17289031e-02
    6.48943305e-01 3.61883759e-01 9.92442131e-01 2.06435084e-01
    9.56544578e-01 2.74121225e-01 6.81115866e-01 8.95892978e-01
    5.56750298e-01 8.13989878e-01 9.05949950e-01 1.62610412e-03
    7.47512162e-01 5.79618096e-01 7.24176884e-01 3.67805362e-02
    4.90650207e-01 8.18456709e-02 4.24134314e-01 9.01299953e-01
    3.95040929e-01 5.28484762e-01 7.26273775e-01 8.79315734e-01
    8.30485880e-01 2.92589307e-01 1.04225874e-02 4.52705473e-01
    7.27710605e-01 8.43690753e-01 7.65765548e-01 5.84973216e-01
    6.21687472e-01 7.94064760e-01 2.98499525e-01 6.51889443e-01
    8.83143544e-01 2.79720545e-01 1.39941305e-01 6.61008000e-01
    1.49172872e-01 8.75261068e-01 9.65306759e-01 7.28686333e-01
    3.00954461e-01 9.95724440e-01 1.38499886e-01 9.47723866e-01
    5.26718616e-01 6.31549299e-01 6.06252432e-01 5.87360203e-01
    8.19895804e-01 7.51238465e-01 5.01105130e-01 5.27410150e-01
    7.57855415e-01 7.76628375e-01 8.57525349e-01 1.70551628e-01
    2.07035631e-01 2.06875592e-01 6.65182948e-01 3.03580523e-01
    7.03767300e-01 1.97447658e-01 5.38184166e-01 7.06753135e-01
    3.76087904e-01 2.80756950e-01 6.72285140e-01 9.86562371e-01
    7.50465631e-01 9.74470913e-01 7.51833320e-02 1.77982211e-01
    3.92701358e-01 2.95188099e-01 1.05861515e-01 1.30699158e-01
    1.52930111e-01 1.15113407e-01 9.69062388e-01 5.63189685e-02
    6.39367461e-01 4.14244711e-01 1.28780514e-01 6.55105293e-01
    7.53978312e-01 9.67833996e-01 4.51978862e-01 9.24960971e-01
    4.13295746e-01 9.83563423e-01 8.98731411e-01 9.24333513e-01
    7.35003173e-01 9.45668697e-01 6.54306412e-01 8.92092526e-01
    9.90505099e-01 6.00155354e-01 4.73337263e-01 6.23484552e-02
    6.25419497e-01 1.78661883e-01 6.15403950e-02 5.88088512e-01
    8.36658478e-01 1.85778409e-01 4.87280190e-01 2.79486716e-01
    6.15098715e-01 5.73305488e-01 1.56165034e-01 8.99493337e-01
    6.51285529e-01 5.83009958e-01 1.70176059e-01 5.68626285e-01
    5.64758837e-01 7.08569288e-01 5.26157916e-01 5.41778147e-01
    6.21895075e-01 3.09017599e-01 8.77297521e-01 7.31019318e-01
    9.05291200e-01 7.52472162e-01 8.42059255e-02 6.96038604e-02
    9.63914037e-01 6.79661095e-01 2.41440654e-01 5.45303881e-01
    8.54451656e-01 9.03572083e-01 3.29269111e-01 7.03896582e-02
    6.83324218e-01 8.52664530e-01 7.96887875e-01 6.84412539e-01
    5.79578638e-01 4.43001300e-01 4.78170186e-01 1.89544111e-01
    5.09900451e-01 5.76207399e-01 6.44703686e-01 3.08760762e-01
    1.82263613e-01 4.45982814e-01 1.20279491e-01 3.49293053e-02
    1.83009863e-01 9.52357769e-01 1.90009058e-01 8.05275381e-01
    1.60737514e-01 1.62354469e-01 5.35242140e-01 8.99606824e-01
    2.11801559e-01 4.02940392e-01 6.79497242e-01 6.68009400e-01
    6.11341000e-01 2.75018632e-01 8.64113092e-01 4.62608337e-01
    7.79783010e-01 6.75719678e-01 6.02446675e-01 9.32640076e-01
    5.30371845e-01 5.99847138e-01 2.66178310e-01 1.22367144e-02
    5.93077838e-01 6.33791387e-01 4.87493128e-01 1.31260306e-01
    2.95127392e-01 1.20253623e-01 5.51889360e-01 1.66987628e-01
    8.91853452e-01 1.03882760e-01 4.47751850e-01 1.08410627e-01
    2.05886662e-01 7.34576404e-01 2.46006697e-01 1.05779648e-01
    6.63807511e-01 2.02805221e-01 5.91613591e-01 9.50924158e-02
    3.57932389e-01 8.25924039e-01 7.04970837e-01 2.24322259e-01
    6.41784072e-02 8.31466377e-01 5.10978103e-01 4.69848245e-01
    8.67408752e-01 3.76073211e-01 8.26550245e-01 4.54013139e-01
    5.74397981e-01 2.92820275e-01 1.41820908e-01 2.57709056e-01
    8.90574813e-01 7.77427554e-01 5.08214951e-01 2.49252349e-01
    6.60265565e-01 9.08021867e-01 1.18659645e-01 7.21830010e-01
    5.80649078e-02 7.89381146e-01 6.56218529e-01 3.07539105e-01
    3.41941059e-01 6.72941804e-01 2.96013355e-02 8.02881420e-01
    2.00662047e-01 2.34653234e-01 1.00913763e-01 8.40001583e-01
    9.59411025e-01 6.09675527e-01 5.83283663e-01 8.92907500e-01
    8.48962426e-01 7.08582222e-01 3.22724462e-01 9.72476244e-01
    6.20768249e-01 7.57458925e-01 5.24375796e-01 4.77251112e-01
    1.42649680e-01 9.25360441e-01 2.00427115e-01 9.93154407e-01
    1.70140117e-01 1.76698953e-01 6.42045140e-01 6.03368461e-01
    4.42562103e-01 7.50165641e-01 9.16035652e-01 3.51745486e-01
    9.90267158e-01 6.64758086e-01 9.83636022e-01 6.04296386e-01
    9.11880970e-01 2.78870225e-01 4.93442118e-02 7.68438935e-01
    8.18586707e-01 4.95034456e-02 9.40507650e-03 6.25816524e-01
    5.17521083e-01 1.26519859e-01 9.62165833e-01 5.65690398e-02
    6.10729218e-01 5.69553137e-01 6.74979687e-02 2.72553444e-01
    7.92354107e-01 2.38492638e-01 1.46579653e-01 1.28925145e-01
    6.04676068e-01 8.57609212e-02 6.59291625e-01 2.15441555e-01
    7.01335907e-01 2.67111242e-01 1.98287785e-01 1.06081486e-01
    8.84762168e-01 4.35018063e-01 3.92206609e-02 2.40397096e-01
    1.00108117e-01 3.07029426e-01 4.80808616e-02 6.22116029e-01
    5.50466418e-01 6.71811223e-01 3.57985854e-01 6.69865251e-01
    8.50926995e-01 1.54963583e-01 9.54478025e-01 2.10934311e-01
    5.30679345e-01 4.48770165e-01 3.33647251e-01 5.94214320e-01
    3.61133635e-01 3.45678806e-01 8.68965685e-02 3.88951331e-01
    2.31262982e-01 3.95901531e-01 4.37849790e-01 5.70584893e-01
    1.51126295e-01 6.37316346e-01 4.99458462e-01 7.75975585e-01
    3.23892117e-01 7.40247071e-01 9.12221968e-02 8.09744000e-02
    5.48742414e-01 1.45131260e-01 2.04474956e-01 3.41416776e-01
    7.92465925e-01 5.73263943e-01 2.32692152e-01 4.03581142e-01
    8.14531565e-01 9.87344742e-01 5.61520934e-01 4.70030844e-01
    6.04981065e-01 9.23952818e-01 1.49311304e-01 3.13908279e-01
    9.02376413e-01 4.84076679e-01 4.71753508e-01 2.00286895e-01
    8.22342157e-01 2.79419303e-01 6.56535029e-01 3.17502916e-01
    2.88317919e-01 7.07122386e-01 7.70001590e-01 3.37131172e-01
    2.67247558e-01 2.71755069e-01 1.68790311e-01 2.15081900e-01
    1.16756916e-01 7.59210706e-01 2.94325531e-01 9.12225485e-01
    6.82752192e-01 4.96331006e-01 8.34711313e-01 2.44245231e-01
    9.93819535e-02 5.25475204e-01 4.58461523e-01 8.66714478e-01
    1.98480725e-01 5.17245471e-01 5.86387515e-02 7.41582215e-01
    6.67836666e-02 9.60429549e-01 7.51837850e-01 4.89018142e-01
    5.25626123e-01 9.55105186e-01 2.62834609e-01 3.34475935e-01
    4.70074207e-01 8.20920229e-01 1.32541448e-01 6.42270148e-02
    6.05752707e-01 6.03709877e-01 3.25889230e-01 5.52649200e-01
    6.81755006e-01 2.35374182e-01 1.69810355e-01 7.80706406e-01
    3.16203564e-01 4.10490572e-01 8.45910847e-01 2.72871673e-01
    2.55841017e-02 8.50892365e-01 6.73875511e-02 2.81800032e-01
    2.76808530e-01 7.54284978e-01 8.62990379e-01 3.70657921e-01
    7.71259308e-01 5.15274227e-01 3.70392680e-01 8.04620981e-01
    8.80067229e-01 9.22521234e-01 9.57468629e-01 9.49034989e-01
    9.78175759e-01 4.66367304e-02 9.94318724e-01 6.19959593e-01
    5.81293941e-01 4.75030869e-01 6.72595739e-01 5.08336484e-01
    4.70366597e-01 8.57939661e-01 6.10954940e-01 5.56100309e-02
    7.63829470e-01 5.71824431e-01 1.44635469e-01 2.54405320e-01
    7.38759279e-01 7.39979506e-01 9.65217948e-01 6.65434062e-01
    1.98012829e-01 8.04772735e-01 4.80548412e-01 6.45399332e-01
    4.07235026e-01 3.80904675e-01 6.27202749e-01 3.97521555e-01
    1.48071021e-01 1.21804088e-01 8.99690032e-01 5.93890131e-01
    9.14078951e-01 4.37375188e-01 2.46650100e-01 5.59770823e-01
    4.19996887e-01 5.03968120e-01 5.94564676e-01 8.26488793e-01
    9.60541010e-01 1.78048611e-01 5.67037106e-01 3.84362698e-01
    1.64993286e-01 2.19852924e-02 1.24843299e-01 1.51975930e-01
    9.61940527e-01 3.78747940e-01 3.10871422e-01 6.53174698e-01
    9.38780606e-02 5.94920874e-01 7.85655797e-01 9.55276728e-01
    1.80644572e-01 8.35469961e-01 7.59627223e-01 8.65108132e-01
    1.71959013e-01 9.05112147e-01 1.02195412e-01 1.93986475e-01
    8.41279328e-01 2.28534371e-01 8.82206678e-01 8.93864393e-01
    5.79297185e-01 5.47644138e-01 8.07686329e-01 2.45547950e-01
    1.51942790e-01 7.75179863e-02 6.98818862e-01 5.28632402e-02
    6.77349508e-01 3.76116425e-01 3.98777127e-01 1.88393027e-01
    1.82479918e-02 4.61559474e-01 1.89389825e-01 8.39547336e-01
    7.43597090e-01 8.89931858e-01 6.07044458e-01 4.09879088e-02
    6.19244337e-01 7.00734437e-01 1.67152733e-01 7.51869082e-01
    4.98388171e-01 7.08586693e-01 8.25016320e-01 4.19722795e-01
    8.47584248e-01 9.72946167e-01 5.46775877e-01 7.79442966e-01
    3.53370994e-01 9.62403715e-01 5.58151007e-01 5.65576375e-01
    8.14505100e-01 4.86384928e-01 6.49934709e-01 6.20215058e-01
    7.53433287e-01 8.65808129e-01 1.62477732e-01 9.63203371e-01
    3.93346369e-01 7.84981370e-01 7.14602351e-01 3.11561823e-02
    8.36144924e-01 8.88314605e-01 7.02452242e-01 4.94715810e-01
    6.48118019e-01 2.68870622e-01 2.21282154e-01 7.94919014e-01
    3.36321831e-01 8.23983788e-01 8.92089844e-01 9.19968903e-01
    3.32761794e-01 7.85851836e-01 1.90246612e-01 8.68416250e-01
    6.68503642e-02 8.18933487e-01 5.53173721e-02 9.82863605e-01
    3.02558213e-01 7.90623605e-01 9.48285937e-01 9.25182521e-01
    3.93646479e-01 1.36956424e-01 7.86029339e-01 7.93254793e-01
    4.77427304e-01 3.54616880e-01 6.85245395e-01 2.70007253e-01
    7.48875797e-01 8.80066395e-01 6.38914406e-01 2.30268002e-01
    3.09364915e-01 5.04315257e-01 8.42769504e-01 1.09865010e-01
    2.73918927e-01 4.86817479e-01 4.49200273e-01 5.55643201e-01
    3.57433558e-02 2.98294246e-01 1.04463011e-01 8.50267470e-01
    7.37269402e-01 1.20158345e-01 5.15210867e-01 8.70043993e-01
    4.67589259e-01 7.18845367e-01 9.78769720e-01 5.38012981e-01
    7.09016621e-01 2.62689054e-01 4.14229423e-01 8.88105989e-01
    8.90582800e-01 6.00753844e-01 1.22328609e-01 7.17276335e-01
    7.49397337e-01 7.07834363e-01 2.22500414e-01 2.01525509e-01
    3.57592106e-01 7.18447030e-01 9.14131701e-01 1.69072956e-01
    8.59623909e-01 6.81670308e-01 3.52617383e-01 3.35435629e-01
    4.58013535e-01 4.99803901e-01 8.08663487e-01 6.79905355e-01
    4.11981553e-01 1.24336571e-01 9.99731183e-01 8.94228518e-01
    6.76730216e-01 1.82060242e-01 6.55129552e-02 8.48041177e-01
    9.19211626e-01 1.99745923e-01 2.64786601e-01 9.92401004e-01
    1.12769842e-01 5.37225723e-01 3.78378212e-01 3.38523746e-01
    2.30737537e-01 3.14880162e-01 7.87969470e-01 5.11446059e-01
    9.53637958e-01 9.91253853e-01 1.95220947e-01 6.38518333e-02
    6.00931466e-01 4.58648980e-01 2.32877403e-01 1.49496317e-01
    1.79292709e-01 3.09553504e-01 7.24914789e-01 5.75945914e-01
    8.55153859e-01 5.15821993e-01 1.84983671e-01 8.55618715e-03
    5.17344236e-01 2.18463659e-01 2.83648074e-02 7.32570529e-01
    2.14626133e-01 9.90032673e-01 7.03462660e-01 3.54797900e-01
    1.56602293e-01 7.54241109e-01 8.68555784e-01 8.31028700e-01
    7.32718170e-01 3.39322090e-02 5.03242671e-01 1.71633661e-02
    3.71850491e-01 8.49512577e-01 5.04290104e-01 9.66776967e-01
    1.68517232e-03 6.06977701e-01 8.00844312e-01 6.67785347e-01
    8.03587914e-01 7.70028889e-01 1.68864161e-01 5.68605661e-02
    1.20270640e-01 3.14883709e-01 7.47789681e-01 4.93188649e-01
    2.86429971e-01 4.17482853e-01 1.18031979e-01 9.91460204e-01
    7.15111315e-01 1.73843503e-02 3.28449368e-01 8.16352367e-02
    9.81801450e-02 9.70757961e-01 4.80681151e-01 4.09209728e-02
    8.60957623e-01 5.69774389e-01 4.48730230e-01 6.00033522e-01
    7.82852471e-01 2.38068938e-01 3.54602933e-02 8.60733688e-02
    6.89152420e-01 9.31073189e-01 6.97568178e-01 9.89885628e-01
    5.08018136e-01 2.58022487e-01 3.38966161e-01 3.85847002e-01
    2.88556695e-01 7.71075249e-01 6.18876398e-01 3.21015120e-02
    6.96847796e-01 5.63848376e-01 8.28236341e-04 1.56054378e-01
    5.76219916e-01 3.90799999e-01 6.58986330e-01 3.36728096e-02
    3.79633009e-02 3.22952211e-01 8.14417601e-01 9.11753476e-01
    1.57765836e-01 6.09178185e-01 5.78097343e-01 7.70294964e-01
    2.57435381e-01 1.07675105e-01 1.82374716e-01 4.85151261e-01
    3.54290962e-01 7.60501146e-01 8.11461568e-01 8.03735316e-01
    6.63733780e-01 8.64826858e-01 6.92367554e-01 2.32919693e-01
    8.40548992e-01 4.54822212e-01 1.84107244e-01 1.35030538e-01
    1.58208191e-01 3.22738588e-02 9.88577843e-01 6.78451300e-01
    2.63965845e-01 4.51033264e-01 3.55684549e-01 3.63566577e-02
    5.34865797e-01 2.15967953e-01 6.68665886e-01 9.52506542e-01
    9.57502246e-01 3.24485242e-01 4.68565702e-01 9.67167377e-01
    3.25329095e-01 9.16967273e-01 8.59991789e-01 2.92324603e-01
    5.78797698e-01 8.83290291e-01 8.10265422e-01 9.56730127e-01
    6.81537092e-01 6.54671609e-01 1.97447628e-01 6.99883461e-01
    3.31345499e-02 9.88790989e-01 5.99169612e-01 7.32826471e-01
    5.55904031e-01 7.30426311e-02 5.55874109e-01 1.24112368e-02
    3.46534312e-01 1.36953473e-01 9.98705506e-01 5.99387646e-01
    5.12357533e-01 2.47783363e-02 2.27731526e-01 6.41561329e-01
    7.22214103e-01 3.73128116e-01 3.70956898e-01 6.46803081e-01
    1.22530162e-02 7.12417305e-01 7.58004069e-01 2.95111358e-01
    3.41048539e-02 8.43381047e-01 3.58734488e-01 8.15847933e-01
    5.99429011e-02 5.35617828e-01 3.01648617e-01 2.35978961e-02
    5.73113441e-01 4.33310658e-01 9.38000679e-01 5.38628519e-01
    9.59180713e-01 4.17754322e-01 7.59773493e-01 6.22376680e-01
    2.62057662e-01 6.04224086e-01 1.68822378e-01 2.03864306e-01
    7.12745547e-01 4.74746495e-01 8.71117234e-01 3.45122159e-01
    8.94493818e-01 4.35144663e-01 9.31322932e-01 2.49171436e-01
    7.65790224e-01 3.36552501e-01 3.30452025e-01 2.15486526e-01
    8.08060765e-01 8.05144668e-01 5.98013401e-03 6.20569885e-02
    1.92014873e-02 6.38418674e-01 3.06563437e-01 4.01455909e-01
    4.38245356e-01 8.37279618e-01 6.96554482e-01 4.56645876e-01
    8.55530739e-01 9.73381639e-01 1.06797367e-01 2.82514900e-01
    7.82822013e-01 3.13847363e-01 6.47459626e-01 7.49534369e-01
    2.14388520e-01 4.73707616e-01 5.99219799e-02 9.31769669e-01
    9.53738928e-01 6.90915406e-01 9.97097492e-02 8.60894918e-02
    8.78010035e-01 5.64300895e-01 5.37829936e-01 2.74973691e-01
    4.28455263e-01 7.78628528e-01 6.01650119e-01 3.96647453e-02
    2.15069771e-01 7.56012797e-01 8.03178668e-01 1.05308294e-02
    7.20250309e-01 2.51494050e-01 3.76166582e-01 6.19277596e-01
    7.64707208e-01 4.96561289e-01 5.96536815e-01 4.16337937e-01
    4.50837165e-01 3.67628396e-01 6.29188538e-01 9.22139406e-01
    4.96208340e-01 6.47910655e-01 9.46828127e-01 9.56712961e-01
    6.53144538e-01 4.92614359e-01 3.38437319e-01 6.48759723e-01
    7.15266228e-01 9.04869616e-01 9.41596329e-02 4.95906830e-01
    3.95848632e-01 3.10469031e-01 2.36705780e-01 2.47485578e-01
    1.37061477e-02 3.85837883e-01 6.35344744e-01 3.90761614e-01
    9.58565831e-01 7.72893906e-01 3.38062525e-01 1.01393461e-02
    3.63862813e-01 9.01498914e-01 5.97037971e-01 1.88379407e-01
    3.91175658e-01 1.79254770e-01 6.41193032e-01 7.88691998e-01
    2.34043747e-01 7.25321591e-01 4.08620358e-01 7.77554989e-01
    7.56055117e-01 9.61116791e-01 7.61073589e-01 7.31784642e-01
    4.63643670e-01 7.62371421e-01 4.78110641e-01 4.45377409e-01
    5.42088211e-01 6.97872937e-02 9.27689075e-01 9.80541468e-01
    2.18103617e-01 2.12745458e-01 5.70721209e-01 3.57478172e-01
    9.59930778e-01 6.18459225e-01 1.61001682e-02 4.26413715e-02
    6.10628188e-01 1.37506902e-01 7.22490251e-01 9.93795395e-02
    8.71055961e-01 4.16941285e-01 9.77181911e-01 5.38820088e-01
    5.55938661e-01 7.71752000e-02 1.45370841e-01 2.69230425e-01
    8.27100396e-01 7.86899626e-02 5.51731646e-01 6.91397011e-01
    5.99597454e-01 5.63812852e-02 7.26788342e-01 8.74050617e-01
    8.89228940e-01 7.93421865e-01 1.02085799e-01 3.75416547e-01
    9.78896618e-01 2.48498321e-02 3.80807161e-01 5.15379608e-02
    7.85704017e-01 2.23955601e-01 1.22984201e-01 2.73051113e-01
    6.78066969e-01 7.94279575e-03 6.82144880e-01 4.40657169e-01
    3.15947086e-01 8.78831983e-01 1.99783415e-01 3.03868353e-02
    1.03938103e-01 6.64997876e-01 8.81802440e-02 1.21823162e-01
    2.25280434e-01 9.34224844e-01 7.26394296e-01 4.42814469e-01
    4.13260669e-01 6.18798316e-01 9.60559011e-01 2.64147878e-01
    9.71397996e-01 8.66318941e-02 4.74251300e-01 1.92187905e-01
    5.59928715e-02 4.82847035e-01 5.88828206e-01 1.41964525e-01
    6.03828728e-01 2.35051364e-01 9.43948150e-01 8.96725297e-01
    9.38069046e-01 8.40159655e-01 5.61916530e-02 9.03373539e-01
    6.59905732e-01 8.70281339e-01 4.83368397e-01 1.48813993e-01
    5.10773897e-01 6.37724757e-01 6.18472040e-01 4.53526676e-01
    8.75796854e-01 9.50534105e-01 7.77546048e-01 3.58135462e-01
    6.84822381e-01 7.82008767e-02 1.77740484e-01 7.48494744e-01
    5.51220596e-01 8.57791722e-01 1.33710802e-02 6.73336506e-01
    8.67878318e-01 4.72525209e-01 5.27278066e-01 9.15069163e-01
    7.08945036e-01 3.46946597e-01 4.10355031e-02 5.13091385e-02
    1.72633827e-01 8.29155803e-01 5.62183857e-02 4.27387029e-01
    8.04747343e-02 4.74840999e-01 2.88573384e-01 5.50158322e-01
    7.19893575e-01 7.09647119e-01 9.09220278e-02 5.21259308e-02
    3.37564707e-01 9.49123859e-01 2.24941611e-01 5.28870344e-01
    1.06539935e-01 8.15544426e-02 2.23508507e-01 4.27184373e-01
    9.31571960e-01 4.30837244e-01 3.61757636e-01 4.53152746e-01
    9.60723162e-02 5.77430904e-01 4.45308983e-02 5.40558219e-01
    4.52957720e-01 3.17988575e-01 7.28251576e-01 4.32639599e-01
    3.35077405e-01 8.24777722e-01 4.71553594e-01 9.43818569e-01
    1.65312022e-01 9.03265238e-01 8.41890097e-01 5.78664422e-01
    7.10275650e-01 6.11888051e-01 1.34541035e-01 7.24241495e-01
    9.46395874e-01 3.06665748e-01 9.26010668e-01 1.48273647e-01
    1.25777036e-01 7.35693216e-01 5.74192464e-01 1.26207054e-01
    4.95410264e-01 7.20800877e-01 1.51590347e-01 2.07951635e-01
    8.68136644e-01 7.23208189e-01 4.53967065e-01 1.96009964e-01
    2.41854489e-01 1.98246896e-01 8.61857176e-01 3.92117321e-01
    1.65153742e-01 2.49631077e-01 4.58802134e-01 7.20167398e-01
    4.83669043e-01 9.83928680e-01 5.62751412e-01 8.15339386e-02
    5.50361812e-01 2.61785984e-02 7.31244087e-01 7.63316333e-01
    9.89520967e-01 1.78834170e-01 5.71012497e-01 7.31453478e-01
    5.86146116e-01 6.25827909e-01 6.85208738e-02 9.94094968e-01
    1.34141535e-01 9.45879757e-01 7.50645161e-01 3.86064172e-01
    3.53274077e-01 7.62615204e-01 8.30461264e-01 1.07557178e-02
    8.20430815e-02 1.47551477e-01 5.38244486e-01 4.48576778e-01
    4.42248106e-01 8.55709672e-01 8.48908365e-01 6.97791100e-01
    4.37307060e-01 4.49730426e-01 3.44811141e-01 6.98473096e-01
    7.10051835e-01 3.65096897e-01 2.70655453e-01 9.91015315e-01
    4.36817557e-01 4.59319323e-01 6.11571312e-01 5.42353332e-01
    4.23752606e-01 9.87151146e-01 8.38511109e-01 2.39309579e-01
    1.36214644e-01 1.32664472e-01 6.40606642e-01 1.98196143e-01
    3.50336194e-01 5.60288012e-01 6.85338736e-01 5.19651532e-01
    5.73478818e-01 4.63579029e-01 2.01069266e-01 5.42086840e-01
    8.06188226e-01 4.80693996e-01 3.62671852e-01 5.39683700e-01
    9.31015849e-01 6.59476280e-01 8.99966300e-01 6.40495777e-01
    6.96513653e-01 6.25468731e-01 7.11672425e-01 5.48195183e-01
    8.61600459e-01 4.82582659e-01 3.32195342e-01 7.62722373e-01
    9.76806402e-01 8.09425712e-01 2.98115849e-01 4.49296534e-02
    3.24301779e-01 3.66029799e-01 2.54764318e-01 2.77492553e-01
    5.15204787e-01 4.63411391e-01 1.49936736e-01 1.69255674e-01
    3.17991972e-02 2.26757705e-01 2.79100239e-01 8.29295933e-01
    1.00378513e-01 3.80286098e-01 9.26226556e-01 5.90610087e-01
    9.98265028e-01 3.34797382e-01 7.90029228e-01 1.66989833e-01
    1.92649364e-01 5.34655273e-01 6.13471985e-01 3.04470122e-01
    1.86689407e-01 2.75330275e-01 5.68358541e-01 6.08253121e-01
    4.52012718e-01 5.81287026e-01 6.14934027e-01 3.66044402e-01
    8.67369175e-01 8.03814054e-01 8.34391475e-01 1.59673989e-02
    9.54234779e-01 5.97609103e-01 8.48866165e-01 9.01595950e-01
    4.57721949e-02 6.55625224e-01 6.51399076e-01 1.26171410e-01
    5.01173437e-01 9.16154146e-01 1.71911120e-02 8.19722176e-01
    1.37048781e-01 2.27158666e-01 2.60696650e-01 5.88202417e-01
    4.87887561e-02 7.28572369e-01 9.92831469e-01 8.00534129e-01
    4.13526475e-01 6.76174939e-01 9.07587051e-01 1.62693948e-01
    6.14691019e-01 1.10619128e-01 5.40135264e-01 6.85453415e-05
    1.33884817e-01 4.26902562e-01 1.08484596e-01 4.62763935e-01
    3.57899904e-01 9.97496009e-01 6.60606980e-01 8.21333110e-01
    6.59937382e-01 4.80941951e-01 2.87791938e-01 4.22681868e-01
    1.59698397e-01 2.30734944e-01 4.00269061e-01 2.07376540e-01
    8.18220019e-01 4.57669705e-01 9.63552356e-01 8.33306432e-01
    2.84871817e-01 4.38991129e-01 9.00055766e-02 3.45164776e-01
    8.37388635e-02 1.81569159e-02 2.92899251e-01 4.10624146e-02
    1.53930753e-01 7.59797454e-01 9.09081459e-01 8.89328718e-01
    4.68851417e-01 6.21958554e-01 3.01649570e-01 1.00621879e-01
    8.08076739e-01 6.86492324e-01 8.79508018e-01 4.14116055e-01
    1.17641240e-01 8.45458150e-01 1.24341220e-01 4.30440336e-01
    2.00793654e-01 3.12043011e-01 6.46086574e-01 1.63382083e-01
    4.14685726e-01 3.02009821e-01 6.34017408e-01 1.52886093e-01
    6.26458943e-01 2.50798345e-01 7.26578593e-01 7.11757123e-01
    5.84416270e-01 9.51182067e-01 3.27704221e-01 9.48014617e-01
    2.55340993e-01 4.50183690e-01 1.90872848e-02 8.15656185e-01
    3.39910388e-02 2.12033063e-01 9.57730711e-01 1.33183837e-01
    6.29131198e-02 5.84866166e-01 2.82849371e-02 5.62960207e-02
    3.37933987e-01 2.33333528e-01 9.82857943e-01 3.75335217e-01
    4.30262089e-01 1.31540000e-02 1.46352679e-01 8.18719685e-01
    4.60594535e-01 1.53041720e-01 5.30227482e-01 1.76915407e-01
    5.31388342e-01 6.16288364e-01 4.28648651e-01 3.71068120e-01
    3.66779983e-01 2.93492854e-01 9.72929299e-02 9.39672112e-01
    9.49636102e-03 2.42460042e-01 9.52375889e-01 8.20393085e-01
    2.36158818e-01 2.91499972e-01 5.43178320e-02 2.28303730e-01
    8.29963207e-01 2.16706097e-02 4.18126076e-01 3.45192343e-01
    4.35362965e-01 5.82951665e-01 1.77861750e-02 5.87999821e-03
    5.66464603e-01 8.15619111e-01 5.83450377e-01 6.69961870e-02
    9.15806234e-01 7.51269221e-01 4.51793343e-01 6.81771517e-01
    3.00189078e-01 4.23909247e-01 7.01101542e-01 2.78879642e-01
    8.13782811e-01 2.43526399e-01 9.63195324e-01 8.03007841e-01
    3.97916436e-01 3.05773258e-01 6.69868112e-01 7.48570800e-01
    8.52586508e-01 1.40937716e-01 3.50690484e-02 9.84763026e-01
    3.13364357e-01 9.20196593e-01 9.87261653e-01 6.84360087e-01
    5.48495948e-02 1.31780088e-01 6.61786675e-01 9.43385124e-01
    2.54334182e-01 6.03784978e-01 2.40582943e-01 6.17959142e-01
    4.59963858e-01 6.58540964e-01 2.93891728e-02 7.70814717e-01
    9.93398190e-01 3.70339990e-01 2.02443480e-01 6.55062497e-01
    4.30413783e-02 5.14828205e-01 1.10814005e-01 2.59610832e-01
    5.53552270e-01 9.00632799e-01 6.80470228e-01 9.28959727e-01
    3.54521006e-01 1.24396920e-01 6.74989581e-01 7.81131864e-01
    3.05188358e-01 7.48855472e-01 1.51117057e-01 7.34246612e-01
    7.07421899e-01 9.93422151e-01 9.67862248e-01 1.86428428e-02
    5.37088156e-01 2.40134507e-01 9.40917134e-01 7.23530114e-01
    1.98352307e-01 2.78226674e-01 7.83571124e-01 1.47670358e-01
    9.43498611e-01 1.06129587e-01 8.47237110e-01 4.02875602e-01
    6.31613016e-01 4.75357324e-01 6.72093868e-01 7.67022014e-01
    6.25092447e-01 5.30766487e-01 1.21392101e-01 2.18946636e-01
    5.94435573e-01 6.90648139e-01 5.50516546e-01 9.31721926e-02
    1.73661977e-01 1.74545109e-01 8.31680834e-01 6.83703244e-01
    5.69130361e-01 5.11507928e-01 9.96975303e-01 5.18595874e-01
    4.82889026e-01 7.79284537e-01 5.82045674e-01 5.74778199e-01
    4.34812903e-01 1.17601216e-01 2.34064281e-01 4.94927496e-01
    7.13029742e-01 1.85392350e-01 8.42676818e-01 5.95852137e-01
    6.01517558e-02 2.94146895e-01 7.69911766e-01 6.16952300e-01
    2.48477966e-01 8.21424127e-01 8.67211819e-01 5.03052533e-01
    1.18116468e-01 2.98743993e-01 3.20362747e-02 9.59483147e-01
    7.30346799e-01 4.68130857e-01 8.05066824e-02 4.12309587e-01
    4.20053005e-01 5.43617129e-01 9.96823370e-01 1.01846039e-01
    7.64046669e-01 7.61684775e-03 7.96993375e-01 7.33404696e-01
    5.54205656e-01 4.20682073e-01 6.29480422e-01 3.47030967e-01
    5.71340919e-02 7.64211357e-01 6.59984350e-03 2.20450312e-01
    1.18432343e-01 5.69275796e-01 1.77366704e-01 7.67168641e-01
    1.98340803e-01 3.50420713e-01 2.36972064e-01 9.44602787e-01
    7.07324684e-01 6.87486887e-01 5.60534775e-01 3.96130383e-02
    2.87042975e-01 7.44130254e-01 9.40322280e-01 8.46830785e-01
    2.31525838e-01 6.58688188e-01 5.73832035e-01 5.43376863e-01
    8.38347375e-01 2.43120015e-01 3.03397477e-02 8.17937255e-02
    9.76052284e-01 6.34785771e-01 5.90619266e-01 8.90770257e-02
    3.59264731e-01 9.30914938e-01 3.16256851e-01 5.20646036e-01
    2.29217768e-01 4.85354781e-01 5.44044495e-01 8.11714053e-01
    8.73097181e-01 1.63416505e-01 2.62628406e-01 7.96352386e-01
    6.01616859e-01 7.41866827e-01 1.15672737e-01 1.56015277e-01
    7.73536325e-01 8.51128817e-01 7.35423326e-01 8.80697250e-01
    4.90146458e-01 7.19740927e-01 5.97035468e-01 6.69589043e-02
    5.07379174e-02 5.18509090e-01 2.95405805e-01 5.43764949e-01
    5.10304332e-01 6.88280821e-01 4.63623077e-01 1.99195743e-02
    6.54977739e-01 9.25200343e-01 4.79555219e-01 6.17133141e-01
    4.70923185e-01 4.64012682e-01 9.45226908e-01 7.84126461e-01
    2.77035475e-01 8.15611482e-01 1.86726898e-01 2.72922039e-01
    2.50500649e-01 3.25732350e-01 2.93404758e-02 4.59658533e-01
    7.00357556e-01 4.64092880e-01 5.01892090e-01 5.88640094e-01
    1.75405025e-01 7.64717698e-01 9.47432399e-01 3.14737648e-01
    9.44679260e-01 6.69215143e-01 3.99479210e-01 1.31307870e-01
    1.61935300e-01 7.07968175e-01 8.92042220e-01 3.65442693e-01
    8.06882501e-01 5.38518786e-01 2.15732753e-02 9.19064462e-01
    9.99075294e-01 6.52441680e-01 3.53309393e-01 5.16892433e-01
    5.23433030e-01 9.39456701e-01 2.13654876e-01 4.98680741e-01
    1.31688416e-01 3.97538453e-01 4.37607557e-01 7.91450083e-01
    9.15464520e-01 6.66643322e-01 1.34692669e-01 7.13987529e-01
    1.13739550e-01 3.11511189e-01 1.83223486e-01 7.89512336e-01
    2.99983323e-02 1.17746174e-01 1.37917489e-01 3.24249744e-01
    7.80255258e-01 2.56467938e-01 8.46783817e-01 7.29547977e-01
    1.67063922e-01 9.99824405e-01 8.55382681e-01 3.91481012e-01
    6.27029836e-02 5.71590245e-01 4.15520728e-01 9.10634756e-01
    4.15444493e-01 9.78622913e-01 6.06751323e-01 9.49524164e-01
    1.00104779e-01 7.95693338e-01 4.64592338e-01 4.61388260e-01
    1.08874738e-02 4.16982174e-01 2.72613645e-01 6.15246296e-02
    4.30611789e-01 3.76232326e-01 7.79449821e-01 4.22972083e-01
    7.09572434e-01 8.57465267e-01 2.49846667e-01 1.99832380e-01
    5.25768578e-01 8.73169422e-01 3.12452972e-01 4.91739213e-02
    7.55674243e-01 8.16797018e-01 3.32619190e-01 7.45832443e-01
    1.77322626e-01 2.87412465e-01 9.94170070e-01 6.26814961e-01
    1.67157561e-01 4.00408357e-01 8.88710916e-01 4.24969912e-01
    3.42944264e-01 4.97211456e-01 1.83648139e-01 3.32662761e-01
    6.46562636e-01 4.07894522e-01 9.17000353e-01 2.50311196e-02
    1.38076872e-01 3.30689698e-01 4.70290691e-01 9.67739642e-01
    4.90765810e-01 8.79330397e-01 1.46866590e-01 2.48272419e-02
    9.74621296e-01 5.64041436e-01 8.03108215e-02 9.05679703e-01
    3.46420348e-01 8.28077435e-01 3.19442451e-01 9.75174308e-01
    9.56568420e-02 9.41247940e-01 3.71037692e-01 1.90311670e-01
    9.99529600e-01 6.15436614e-01 6.68212354e-01 3.43305618e-01
    9.30379212e-01 6.45648360e-01 9.67334509e-02 7.44140029e-01
    5.72966456e-01 4.48005646e-01 3.80710363e-01 6.84525132e-01
    2.03277528e-01 6.63738489e-01 6.60312474e-01 5.97688019e-01
    6.05467260e-01 8.21350932e-01 8.24052572e-01 6.69260144e-01
    2.85488307e-01 1.97512090e-01 4.60429549e-01 9.37837362e-01
    2.19502926e-01 1.29888296e-01 7.24039257e-01 1.82963014e-01
    6.10755503e-01 3.39844823e-02 5.96429944e-01 1.34005845e-02
    8.32933784e-01 3.69531125e-01 8.95365715e-01 8.51557791e-01
    7.15758801e-01 7.97498405e-01 8.31890225e-01 7.58640885e-01
    3.72857690e-01 2.04913676e-01 1.79731667e-01 9.70529318e-01
    1.09170705e-01 8.09303641e-01 2.11037755e-01 9.27291036e-01
    3.14065099e-01 4.06955034e-01 4.19132501e-01 3.76581132e-01
    9.65895355e-01 3.93172801e-02 5.48142850e-01 9.34244812e-01
    7.15265870e-01 1.22710019e-01 4.03913081e-01 8.02968979e-01
    8.68035674e-01 9.29781199e-02 1.28381908e-01 1.49947405e-03
    3.81367326e-01 8.99235547e-01 6.14128053e-01 2.28904903e-01
    2.00366437e-01 6.21330857e-01 6.67481720e-01 7.82719254e-01
    1.17686927e-01 2.04085082e-01 2.15912402e-01 6.40639305e-01
    8.41306388e-01 4.97607201e-01 3.99164617e-01 4.39663827e-01
    6.71153188e-01 9.69599962e-01 5.95299661e-01 2.24316150e-01
    7.31068969e-01 7.06714034e-01 9.78852868e-01 7.84430623e-01
    9.28633869e-01 6.13279462e-01 8.94197941e-01 6.44695044e-01
    4.61766720e-02 8.65116119e-01 8.09257507e-01 5.08491099e-01
    3.74028891e-01 6.69798017e-01 6.01036489e-01 6.86250210e-01
    2.44891942e-02 1.73818976e-01 6.64152026e-01 1.84561878e-01
    9.44900692e-01 1.26892567e-01 1.04698539e-01 5.19039214e-01
    9.07238424e-02 8.51319313e-01 5.12279928e-01 5.50964952e-01
    7.96641409e-02 5.95770717e-01 6.09108508e-02 3.93901557e-01
    3.17986310e-01 8.67650986e-01 6.43467426e-01 2.28087157e-01
    5.46930432e-01 6.42575741e-01 8.12025487e-01 6.70970917e-01
    4.25908446e-01 4.33067083e-01 2.60387182e-01 5.25718987e-01
    5.90112150e-01 2.98359692e-01 9.67206538e-01 7.47227490e-01
    6.82094574e-01 9.64311957e-01 5.85850239e-01 3.77857059e-01
    5.11551917e-01 6.01024330e-02 8.05150390e-01 5.95839083e-01
    9.84307528e-02 9.98435915e-02 9.02842581e-01 9.47016597e-01
    2.80906081e-01 6.12418711e-01 3.28220189e-01 6.49173856e-01
    3.66823465e-01 4.02311355e-01 1.53437704e-01 4.36256826e-02
    4.80906278e-01 9.51477885e-01 3.92935932e-01 6.15067840e-01
    9.05132174e-01 3.33213508e-02 2.14074492e-01 3.63267720e-01
    1.64025784e-01 8.15817118e-01 4.93298143e-01 7.49146104e-01
    1.35195255e-01 6.89914942e-01 9.83383834e-01 3.46525967e-01
    8.69404554e-01 7.27393925e-01 3.30245167e-01 6.15903497e-01
    6.31362498e-01 5.76973557e-01 2.68750012e-01 2.44106501e-01
    3.41517031e-01 2.69496322e-01 3.68409932e-01 2.90582210e-01
    5.65301955e-01 1.92105532e-01 5.59878945e-01 3.09865296e-01
    5.90102375e-01 7.24758446e-01 7.66769946e-02 9.59770679e-02
    7.50931680e-01 7.70691991e-01 3.56986284e-01 1.57256097e-01
    1.60531759e-01 5.29738545e-01 2.31387317e-01 3.70831072e-01
    1.81335866e-01 8.68653715e-01 4.23542768e-01 7.63036489e-01
    8.80322337e-01 7.19628334e-01 4.60258573e-01 9.18087542e-01
    4.80572820e-01 4.82627004e-01 6.03424549e-01 7.68769383e-01
    8.67176414e-01 1.36387110e-01 6.46883845e-02 2.84567446e-01
    8.11693311e-01 9.64414477e-01 5.00549972e-01 9.65434790e-01
    1.90507054e-01 8.00378859e-01 2.33556807e-01 9.59501922e-01
    6.49451733e-01 8.29483628e-01 6.81025028e-01 9.04107928e-01
    6.43212020e-01 8.53536606e-01 7.72417426e-01 6.08233571e-01
    3.15667659e-01 3.90383512e-01 2.37008274e-01 1.62445664e-01
    3.22334647e-01 3.77608985e-01 8.82084668e-02 9.32006896e-01
    7.21479297e-01 3.01886499e-01 4.54480857e-01 7.77526140e-01
    4.79205459e-01 6.49788499e-01 5.69378257e-01 4.17084932e-01
    1.40063167e-01 3.85291636e-01 5.52547932e-01 6.35229766e-01
    9.85012531e-01 2.55286008e-01 6.17573738e-01 7.00101495e-01
    1.82843387e-01 9.46535647e-01 3.84357750e-01 1.60812795e-01
    7.51800776e-01 2.24144995e-01 3.99977952e-01 4.73036647e-01
    6.46623552e-01 6.87141299e-01 3.98878574e-01 9.10980284e-01
    4.30180967e-01 8.59738886e-02 6.07251763e-01 1.87850356e-01
    8.71379972e-01 6.13734126e-02 4.43770349e-01 8.21200430e-01
    9.86479223e-02 9.21316504e-01 5.42896330e-01 6.80576086e-01
    8.48784745e-02 9.09750640e-01 1.25418276e-01 1.08200788e-01
    4.79490459e-02 7.61413097e-01 7.45240748e-01 1.16407871e-02
    2.29968280e-01 1.18551850e-02 8.50555480e-01 5.90805650e-01
    4.33235884e-01 6.96117043e-01 6.84686244e-01 9.08556283e-02
    4.32390273e-02 4.18115586e-01 4.53187168e-01 8.41099262e-01
    4.96901423e-01 4.78944480e-01 8.45641136e-01 7.48423100e-01
    2.12996840e-01 9.05351877e-01 2.50091136e-01 7.98037529e-01
    8.46779823e-01 3.01791042e-01 3.71079981e-01 2.17663467e-01
    9.72223699e-01 2.94848204e-01 4.56916749e-01 3.42028767e-01
    7.14261651e-01 1.42220348e-01 1.43150538e-01 7.41149187e-01
    8.11461031e-01 7.42745399e-03 6.23950005e-01 2.51280427e-01
    2.00362384e-01 3.79928529e-01 7.92404592e-01 8.82993519e-01
    6.18907630e-01 6.43370509e-01 8.65726113e-01 8.14406574e-02
    4.02955204e-01 9.61786985e-01 1.53124064e-01 5.98646343e-01
    4.38058972e-01 6.45302534e-01 1.59761906e-02 4.13067877e-01
    5.40776849e-02 2.01359123e-01 2.48604655e-01 1.26730949e-01
    1.69085860e-01 9.45473194e-01 9.35629606e-01 8.27206194e-01
    8.56990993e-01 7.41900623e-01 9.68644440e-01 8.21496069e-01
    9.23208594e-02 5.29974580e-01 8.65276098e-01 6.71108425e-01
    9.41794455e-01 6.08667076e-01 4.28626448e-01 9.49798763e-01
    7.31630206e-01 2.25988895e-01 1.10993385e-02 5.43493748e-01
    6.03732109e-01 7.39960074e-01 6.27864838e-01 4.70771611e-01
    2.38949507e-01 3.33124936e-01 3.85498971e-01 3.66748780e-01
    9.58832085e-01 7.98988581e-01 4.70980048e-01 3.68970573e-01
    5.20845234e-01 7.18237817e-01 1.30423784e-01 2.66060174e-01
    7.74370909e-01 7.15272665e-01 7.12122500e-01 2.40481377e-01
    6.22456789e-01 1.13603145e-01 6.46475554e-02 7.76985586e-02
    7.63027132e-01 3.99094254e-01 7.33162105e-01 4.12804604e-01
    5.33319354e-01 7.75668144e-01 2.99824864e-01 1.63426608e-01
    8.87069881e-01 1.95801795e-01 2.06328839e-01 1.00721717e-01
    2.73599803e-01 1.04457974e-01 5.42311132e-01 3.28191280e-01
    8.24555874e-01 7.84336567e-01 6.64696455e-01 3.29517424e-02
    5.81589341e-03 5.22288680e-01 6.11539066e-01 9.25013304e-01
    3.01634192e-01 5.10414541e-01 3.09354663e-01 4.89157438e-03
    3.61139953e-01 3.52103889e-01 3.00836772e-01 3.72482419e-01
    6.57741606e-01 4.33483362e-01 2.11857527e-01 5.41508436e-01
    2.98316956e-01 9.03457046e-01 2.48173118e-01 3.58924121e-01
    1.14327729e-01 2.71772802e-01 5.00614166e-01 2.04575717e-01
    2.00428724e-01 9.80866730e-01 9.09821510e-01 9.38997269e-01
    5.00833809e-01 4.87874597e-01 5.53649127e-01 6.28796756e-01
    8.40685844e-01 2.13907391e-01 4.70852792e-01 1.05106771e-01
    5.48918307e-01 3.67598951e-01 7.29998350e-02 3.19024920e-01
    1.92797959e-01 2.95045495e-01 7.29109764e-01 6.05719566e-01
    4.53623116e-01 4.00088727e-01 1.73558742e-01 4.38669205e-01
    5.16894996e-01 9.49725688e-01 1.01455450e-01 2.52544701e-01
    5.80726445e-01 7.00806618e-01 4.32321548e-01 9.69236374e-01
    1.55771494e-01 3.51181924e-01 7.24779606e-01 8.64550233e-01
    1.02109253e-01 5.43834388e-01 3.88970613e-01 2.57091165e-01
    8.20554376e-01 7.62664497e-01 1.75364882e-01 9.88494992e-01
    9.98802483e-02 9.21876192e-01 7.98321605e-01 7.05956936e-01
    2.71287978e-01 8.43552828e-01 5.50308883e-01 4.34330463e-01
    4.94084209e-01 9.13969040e-01 2.98785210e-01 2.35269666e-01
    4.73051459e-01 9.87790108e-01 5.12378812e-01 3.10531378e-01
    2.86607444e-01 3.01779121e-01 7.61787653e-01 6.67974651e-02
    9.06896472e-01 3.93333912e-01 1.64641917e-01 3.60157788e-02
    2.64520705e-01 4.19956774e-01 8.83012533e-01 9.69841957e-01
    8.35311413e-01 5.62604845e-01 1.36703193e-01 3.11229825e-02
    4.81579065e-01 7.49458730e-01 9.98250127e-01 7.97570169e-01
    6.76448047e-01 9.58037615e-01 2.86854953e-01 4.13462609e-01
    1.72158122e-01 9.54258919e-01 1.79159522e-01 7.85030305e-01
    3.65284115e-01 3.12156618e-01 5.57628930e-01 5.88416696e-01
    5.99717140e-01 2.65751421e-01 9.38555956e-01 8.23749363e-01
    3.09304833e-01 7.67231405e-01 5.67116857e-01 8.22514236e-01
    5.33246994e-01 6.39103770e-01 5.04041016e-02 5.12461007e-01
    7.85543561e-01 5.51147759e-02 1.58840239e-01 5.88122189e-01
    5.51933408e-01 2.47168839e-02 3.19835186e-01 9.36473250e-01
    1.22029722e-01 7.00271547e-01 5.53696156e-02 3.16839218e-01
    5.31875193e-01 7.95662165e-01 7.21672297e-01 2.75941193e-01
    8.51672292e-01 3.71891499e-01 6.47573471e-01 5.46270192e-01
    9.97373581e-01 1.84065402e-02 6.93555117e-01 7.50035822e-01
    8.47532213e-01 6.81214631e-01 8.55835259e-01 3.89957905e-01
    7.06606567e-01 1.88706130e-01 8.34228754e-01 5.85738480e-01
    5.67106903e-01 2.32751071e-02 6.54629111e-01 9.27266061e-01
    1.76767856e-01 9.11747694e-01 1.85962200e-01 2.63323843e-01
    6.87256813e-01 3.71470988e-01 3.07804346e-02 5.10181665e-01
    5.92866898e-01 4.46334332e-01 3.73056710e-01 9.86821711e-01
    1.86521918e-01 4.09325778e-01 8.41542959e-01 6.83630705e-01
    1.18979692e-01 8.06452453e-01 1.00230157e-01 6.93736076e-02
    2.39206374e-01 7.53886044e-01 1.21963710e-01 7.52951980e-01
    9.11977887e-01 5.73121548e-01 1.25152200e-01 6.24610782e-01
    4.96459603e-01 7.88969398e-02 5.24541080e-01 8.84722233e-01
    9.50152993e-01 9.93723869e-01 1.84569538e-01 9.61934805e-01
    2.12979555e-01 9.41560626e-01 7.81850040e-01 4.10833925e-01
    6.56814456e-01 7.33830273e-01 1.05082750e-01 7.77536213e-01
    4.41895127e-02 5.17262340e-01 2.54438311e-01 3.62098098e-01
    5.43768108e-01 3.04363906e-01 3.70903522e-01 5.16763330e-01
    2.90038884e-01 4.23831403e-01 1.70128345e-02 8.46035123e-01
    8.15221071e-01 8.96352291e-01 3.41594219e-02 4.72154796e-01
    9.77076471e-01 3.36246252e-01 7.64315009e-01 7.62788951e-02
    1.08221620e-01 9.95146632e-01 2.75385261e-01 5.54599524e-01
    6.33077025e-02 1.70014679e-01 4.32621688e-01 2.38374829e-01
    7.08017588e-01 1.09552711e-01 3.94404054e-01 1.00982547e-01
    3.45414281e-02 8.43361497e-01 3.87659132e-01 4.65194523e-01
    3.15855652e-01 8.64628613e-01 4.27898198e-01 2.24337578e-02
    9.65875864e-01 2.85592973e-02 6.12463653e-02 9.15717185e-01
    6.43512964e-01 2.06636578e-01 6.46770120e-01 8.35846305e-01
    4.36643958e-01 7.93988287e-01 5.90630710e-01 9.31018949e-01
    7.93646932e-01 6.41381443e-01 6.37146235e-01 4.35432017e-01
    5.96622229e-01 8.70812774e-01 2.77187824e-01 2.00589657e-01
    7.35434711e-01 3.60042214e-01 4.64952588e-01 5.63345313e-01
    8.07676435e-01 3.98893952e-02 7.28155077e-01 1.05485886e-01
    5.69352686e-01 7.58251071e-01 5.40197313e-01 6.25117064e-01
    2.65494674e-01 1.92147553e-01 7.72089660e-01 7.22946346e-01
    7.80287087e-01 5.90929866e-01 4.98315185e-01 5.09650588e-01
    5.20597875e-01 8.66081953e-01 4.96476829e-01 7.48424113e-01
    9.31608796e-01 1.24943733e-01 4.15566564e-03 9.45234179e-01
    5.72276950e-01 8.93851817e-01 4.59399849e-01 7.81721950e-01
    3.82621020e-01 7.88455904e-02 9.20774698e-01 5.86578667e-01
    7.38553226e-01 3.93217951e-01 7.32875168e-02 6.21884704e-01
    9.21528339e-01 4.95918810e-01 1.78740084e-01 7.02828586e-01
    9.42123234e-01 7.02968657e-01 1.28764749e-01 2.02810764e-02
    8.10781658e-01 2.59734511e-01 4.68205303e-01 5.80588460e-01
    8.60333443e-03 3.64156604e-01 7.72185922e-01 7.08529949e-01
    2.48795867e-01 1.78872675e-01 4.71748203e-01 2.01929718e-01
    4.29542094e-01 9.60708678e-01 4.24352229e-01 8.46558690e-01
    3.55948150e-01 9.07777071e-01 8.52067471e-01 1.21662468e-01
    6.04743004e-01 8.96165013e-01 1.25125349e-01 9.08645272e-01
    3.00733894e-01 2.72785604e-01 5.01771450e-01 1.58490628e-01
    5.11291385e-01 5.32450020e-01 2.76188821e-01 1.93601638e-01
    1.67510748e-01 7.71868110e-01 4.09958482e-01 9.47858572e-01
    6.81343853e-01 2.72158444e-01 2.06672281e-01 4.52625483e-01
    1.48295879e-01 3.55154723e-01 3.28000903e-01 9.74501848e-01
    3.25906873e-01 9.91970778e-01 3.88695180e-01 7.22423375e-01
    3.76103818e-01 4.67044175e-01 6.48849547e-01 5.23749232e-01
    2.79320419e-01 7.40423799e-01 5.00888526e-01 8.40939283e-01
    4.84233081e-01 7.92493880e-01 1.75099075e-02 4.70545769e-01
    7.81847835e-02 6.30751610e-01 6.22114122e-01 4.94961292e-01
    6.02475345e-01 8.52672994e-01 9.38958108e-01 9.22370553e-01
    2.81201154e-01 9.30941463e-01 2.71349728e-01 5.81136942e-01
    7.62464583e-01 6.59841418e-01 6.28446639e-01 9.36717987e-01
    4.45246696e-04 2.90327877e-01 3.44311118e-01 6.87996626e-01
    8.62393081e-02 1.98576361e-01 3.15118611e-01 4.21580523e-01
    3.07697594e-01 2.83366174e-01 6.35158658e-01 5.43237329e-01
    6.95551634e-02 6.92496002e-01 5.96191287e-01 2.98244655e-01
    6.40607119e-01 4.91015762e-01 2.89209783e-01 7.29927361e-01
    2.40979433e-01 2.02192813e-01 6.79172575e-01 2.50943661e-01
    8.30276251e-01 4.32620943e-01 9.03375268e-01 3.59564960e-01
    2.72318721e-02 3.07360679e-01 7.69465804e-01 4.80734408e-02
    2.74680853e-01 2.01125205e-01 3.73444140e-01 5.45379639e-01
    8.09500813e-01 5.32239676e-01 9.80757296e-01 9.30358648e-01
    3.54890376e-01 8.37224483e-01 5.83133459e-01 8.75838041e-01
    8.95363450e-01 3.23880732e-01 2.59975225e-01 8.56520891e-01
    7.88392067e-01 5.23608267e-01 1.28381014e-01 5.52932620e-01
    6.12918794e-01 7.27133512e-01 2.61139572e-01 8.45179081e-01
    5.22132695e-01 7.80405223e-01 8.93426239e-02 6.28102481e-01
    2.87126124e-01 5.11079013e-01 3.82133514e-01 4.13117915e-01
    4.84827548e-01 7.97411799e-02 2.88509756e-01 1.35838985e-04
    8.90127897e-01 4.73481864e-01 9.42339420e-01 7.82034874e-01
    7.16442585e-01 3.10811281e-01 2.04458535e-01 8.32669497e-01
    8.85695100e-01 2.88471997e-01 4.44004536e-02 5.90196550e-01
    5.29093862e-01 2.79513657e-01 9.04865980e-01 6.24926388e-01
    7.92627633e-02 9.01973963e-01 6.38449252e-01 6.09245479e-01
    5.31001210e-01 6.86517954e-01 9.85435367e-01 7.22466946e-01
    7.43359447e-01 2.42286146e-01 5.50407529e-01 3.34662855e-01
    6.33792281e-01 1.62289858e-01 9.54249501e-01 6.27385497e-01
    5.63236415e-01 4.44913507e-02 7.55706012e-01 7.56088257e-01
    5.18777966e-01 4.07919735e-01 8.01195502e-01 5.16633511e-01
    1.51806831e-01 4.31667507e-01 5.28133750e-01 7.95170903e-01
    8.95343900e-01 9.71997619e-01 3.03180873e-01 9.60070968e-01
    2.66465157e-01 3.84410739e-01 1.64957643e-02 8.97295833e-01
    1.15442127e-01 7.45746851e-01 3.73704582e-01 9.84076023e-01
    3.88854146e-01 5.63740611e-01 5.14903903e-01 1.14829540e-02
    1.55455470e-02 7.31430411e-01 4.96255696e-01 3.43762934e-02
    1.77876025e-01 7.89305329e-01 6.38523400e-01 4.59333271e-01
    5.35419285e-01 7.03486860e-01 6.23932302e-01 4.46816206e-01
    3.78177673e-01 3.36025238e-01 6.71329558e-01 5.89421213e-01
    3.21252882e-01 7.68864751e-01 6.96255207e-01 1.96050465e-01
    5.13736069e-01 2.39977092e-01 9.00704741e-01 4.76511776e-01
    7.31057346e-01 6.67636216e-01 7.14149237e-01 6.29754424e-01
    2.94931889e-01 9.76173937e-01 8.38476300e-01 6.85926676e-01
    6.17708027e-01 6.10299885e-01 5.51891088e-01 3.69831681e-01
    2.61724114e-01 5.77568114e-01 3.12261730e-01 6.56436682e-01
    5.93851864e-01 5.02488554e-01 6.17829382e-01 6.75923407e-01
    1.83798760e-01 9.31167245e-01 2.85537720e-01 1.97858214e-01
    2.70897508e-01 2.89371789e-01 9.28728521e-01 4.53033298e-01
    2.22302973e-02 2.15992540e-01 4.43938375e-03 8.76094878e-01
    5.08926690e-01 5.72541475e-01 3.13317448e-01 9.28562880e-01
    8.06011975e-01 2.04392493e-01 8.43436956e-01 8.35885704e-01
    5.68786383e-01 4.89895463e-01 2.07672864e-01 4.48594660e-01
    4.64410365e-01 1.27609044e-01 1.26336366e-01 1.18190080e-01
    2.08758056e-01 5.32588959e-01 3.01976800e-02 4.68604982e-01
    3.40660363e-01 2.41065562e-01 7.96254635e-01 8.98899674e-01
    9.73778784e-01 3.02132607e-01 6.35418355e-01 4.94732857e-01
    4.27749336e-01 7.54861176e-01 8.78445506e-01 2.15370953e-01
    3.83508444e-01 2.07495749e-01 9.52001572e-01 4.93521541e-01
    5.40558338e-01 8.98369074e-01 5.17469764e-01 2.32496560e-02
    4.53879833e-01 1.17765129e-01 7.42919445e-01 9.30891514e-01
    8.95684838e-01 2.55272031e-01 4.97869343e-01 9.47596550e-01
    2.01641560e-01 4.81377959e-01 7.30342567e-02 9.66316581e-01
    3.59282434e-01 8.64018798e-01 7.41747737e-01 8.36434960e-01
    7.56931305e-01 1.45662725e-01 8.74547839e-01 5.15889823e-01
    7.33308196e-01 8.31797957e-01 2.80772269e-01 3.85277748e-01
    3.61100227e-01 1.78789139e-01 1.08049691e-01 5.13298512e-01
    1.83088839e-01 8.27267170e-01 3.34433317e-02 1.63622946e-01
    2.75340974e-02 4.15968657e-01 1.39115155e-02 6.71417117e-02
    6.48109317e-01 4.91940022e-01 6.01863623e-01 5.92466235e-01
    6.81751132e-01 8.43212783e-01 8.14916313e-01 9.19706225e-01
    7.62682796e-01 1.36828303e-01 8.55114222e-01 4.59643245e-01
    5.96106529e-01 8.90672207e-01 2.07567394e-01 7.31865585e-01
    7.49816298e-01 9.25309420e-01 1.39512628e-01 9.66371894e-01
    8.64038587e-01 6.82708561e-01 2.34386504e-01 6.87552929e-01
    1.42053932e-01 7.43619502e-01 6.49477601e-01 1.72210246e-01
    1.39632225e-01 4.79402393e-01 1.78585500e-01 1.00041330e-01
    6.23360455e-01 2.82372862e-01 3.02341193e-01 7.93643475e-01
    3.04588974e-01 4.17482376e-01 1.54133499e-01 4.74241972e-01
    5.97648740e-01 9.99413133e-02 6.08497798e-01 4.78067786e-01
    4.20274615e-01 5.66041708e-01 4.31950450e-01 5.21910548e-01
    7.95572519e-01 6.41240478e-01 2.37636596e-01 1.86493397e-02
    7.27068722e-01 3.88189733e-01 7.14196742e-01 3.33863556e-01
    9.54447746e-01 5.64800620e-01 4.10190195e-01 6.14863396e-01
    5.49988627e-01 1.94476694e-01 7.34174728e-01 8.19884837e-02
    2.24611133e-01 9.92337704e-01 7.22992778e-01 5.75306058e-01
    6.04002237e-01 4.62941587e-01 9.77095366e-01 5.83451688e-02
    4.88782406e-01 5.74157536e-01 7.60648251e-01 6.88431740e-01
    4.31516349e-01 4.53421205e-01 9.52527046e-01 5.58151484e-01
    4.15039510e-01 6.77879691e-01 8.70671093e-01 4.34918672e-01
    5.36615908e-01 9.61841464e-01 4.42930073e-01 2.95368850e-01
    2.28608608e-01 7.13862658e-01 1.99194372e-01 8.22818935e-01
    9.92283225e-01 8.40732098e-01 6.23002231e-01 5.30057669e-01
    9.32882667e-01 2.07712442e-01 8.94188166e-01 4.03268516e-01
    5.88922620e-01 5.44943094e-01 4.68778312e-02 8.96034837e-01
    6.32543206e-01 4.73031878e-01 1.56600654e-01 3.33638817e-01
    2.13556409e-01 1.39681935e-01 7.48825312e-01 5.47088802e-01
    5.50082743e-01 6.11803532e-01 2.10471421e-01 5.52845895e-02
    3.29891622e-01 4.47372496e-01 2.01502323e-01 6.22051775e-01
    5.99391580e-01 9.12329018e-01 5.16930223e-03 2.52557397e-02
    5.65153182e-01 3.94003868e-01 2.77128577e-01 7.41350293e-01
    6.37089789e-01 2.28828222e-01 5.28097689e-01 4.07132447e-01
    7.97786117e-02 4.04922664e-01 9.05566216e-01 3.70089114e-01
    7.09045529e-01 3.39005113e-01 3.91462654e-01 5.72178364e-01
    6.37207091e-01 3.51352632e-01 4.54725862e-01 6.66941166e-01
    5.19687414e-01 7.03340769e-01 5.47208011e-01 4.74313408e-01
    4.31211680e-01 6.75571501e-01 6.26301169e-01 1.68705285e-02
    9.77700830e-01 7.55842924e-02 9.22668874e-02 4.80558723e-01
    6.99948728e-01 1.94851339e-01 9.26727653e-01 8.46048117e-01
    4.30336207e-01 4.86851126e-01 4.66736078e-01 3.72033358e-01
    3.03571999e-01 1.02165490e-01 2.21453398e-01 7.01505482e-01
    1.02746099e-01 1.01349175e-01 2.86005676e-01 7.67056942e-01
    4.74347889e-01 7.00843513e-01 3.86662424e-01 8.16182613e-01
    9.92562413e-01 1.56450272e-02 5.72876036e-02 3.00865024e-01
    6.02761924e-01 3.92729819e-01 2.79883444e-02 2.72858977e-01
    4.93240625e-01 7.38079786e-01 3.09064984e-03 6.66710258e-01
    4.32791829e-01 5.97917676e-01 3.79159689e-01 6.84188008e-01
    1.70708627e-01 3.51559430e-01 3.38326037e-01 5.34996808e-01
    1.69135392e-01 7.98942447e-01 9.66101885e-01 7.95775831e-01
    9.58687186e-01 8.95010114e-01 7.22444952e-01 8.64145160e-01
    1.98137671e-01 5.15219569e-01 3.99482697e-01 5.28099656e-01
    7.53580034e-02 1.69784933e-01 4.74924088e-01 8.71616066e-01
    5.54595292e-01 9.18131769e-02 4.78889465e-01 7.61354566e-01
    7.14229822e-01 9.06508088e-01 8.66791725e-01 3.50637674e-01
    1.08027339e-01 4.04789388e-01 4.12057638e-01 5.62565506e-01
    9.13980603e-01 4.00556117e-01 7.59407759e-01 5.15609980e-01
    5.51052988e-02 1.63830042e-01 5.05412459e-01 7.36325741e-01
    7.40215421e-01 6.52207017e-01 3.69713843e-01 6.62955105e-01
    3.41630578e-02 1.38416708e-01 6.35968387e-01 5.10486782e-01
    9.42762852e-01 4.85324264e-02 8.23279619e-01 1.34064466e-01
    4.74266291e-01 8.72890949e-01 4.23829079e-01 2.27780908e-01
    1.08676583e-01 8.66501689e-01 2.70281225e-01 6.46525860e-01
    6.99608266e-01 8.84144068e-01 1.04141891e-01 5.49480617e-02
    9.15364563e-01 8.05757761e-01 5.50089478e-01 5.99070311e-01
    7.63246655e-01 2.27444082e-01 7.37627149e-01 1.29734337e-01
    2.69169331e-01 9.86564338e-01 2.00081795e-01 8.57964754e-01
    1.36971831e-01 6.66797400e-01 9.27144051e-01 2.22074270e-01
    2.22386062e-01 9.53599513e-02 8.00071478e-01 7.25001752e-01
    2.46689677e-01 4.60364282e-01 7.69242883e-01 7.56186962e-01
    4.12979215e-01 7.91928530e-01 9.30785060e-01 7.51690865e-01
    2.91719586e-01 4.01829690e-01 1.24978870e-01 3.62698913e-01
    2.44669527e-01 7.64041007e-01 2.30634958e-01 6.27644062e-01
    7.93520510e-01 9.05183077e-01 8.70987177e-01 6.13625884e-01
    5.83246112e-01 2.64996111e-01 9.40009594e-01 9.88304853e-01
    3.42249513e-01 5.98611355e-01 8.53382945e-01 5.20688772e-01
    7.09469318e-01 5.32394528e-01 3.13538909e-01 8.33597183e-01
    7.49455273e-01 4.92659807e-01 3.51749420e-01 2.23800182e-01
    9.50422645e-01 5.19686759e-01 7.70726204e-01 9.22212601e-01
    8.74055028e-01 9.16212797e-03 6.12183213e-01 2.24177241e-02
    8.43675733e-01 5.93195438e-01 1.73958570e-01 7.68520832e-02
    2.19084322e-02 7.23152399e-01 2.68125117e-01 6.78425789e-01
    8.91229391e-01 3.21240932e-01 5.33440709e-02 4.69926059e-01
    5.21838248e-01 2.15696841e-01 9.08701122e-01 1.81768537e-01
    8.14582646e-01 6.45605922e-02 4.88985777e-02 4.00651813e-01
    2.36980766e-01 1.45641297e-01 9.90960538e-01 7.01210201e-02
    7.94022202e-01 4.54875737e-01 9.72773671e-01 3.28649402e-01
    6.38788640e-02 2.01536119e-01 1.26044095e-01 6.95533276e-01
    6.76201403e-01 9.95859921e-01 5.50733745e-01 2.06728309e-01
    1.96884304e-01 9.99555945e-01 8.52561355e-01 9.83871460e-01
    2.24379897e-01 6.77787066e-01 9.97180462e-01 6.35308683e-01
    6.67779088e-01 8.83466899e-01 3.10475916e-01 3.40217471e-01
    3.19589585e-01 7.13611364e-01 5.08685350e-01 9.52651024e-01
    6.26732528e-01 2.00028092e-01 1.74024969e-01 2.24027514e-01
    3.85015726e-01 2.86881000e-01 9.69647408e-01 4.56756949e-02
    4.56167221e-01 2.58644164e-01 8.99330974e-01 5.43271661e-01
    9.78474379e-01 3.61346275e-01 6.55342817e-01 1.71151847e-01
    6.96480811e-01 8.61800551e-01 2.87151933e-01 5.57641864e-01
    8.41540635e-01 8.08803797e-01 9.02330875e-01 5.20578265e-01
    7.27610469e-01 9.05553579e-01 1.88080937e-01 4.14804131e-01
    2.54459441e-01 7.04256773e-01 1.80303931e-01 8.62780690e-01
    8.60250950e-01 7.06376314e-01 9.90684390e-01 6.11481130e-01
    5.23497403e-01 1.39045238e-01 3.45111370e-01 2.79915094e-01
    9.52225804e-01 6.89569175e-01 6.93812251e-01 2.10646927e-01
    1.16784364e-01 7.91570544e-02 9.46030319e-01 7.55797446e-01
    1.43450499e-03 3.84685993e-02 9.37496066e-01 7.51070917e-01
    2.93420672e-01 8.60591292e-01 6.40829325e-01 3.49241346e-01
    5.83147407e-01 3.40858757e-01 2.01105624e-01 5.22010028e-01
    3.77219915e-02 7.01574206e-01 7.48218775e-01 1.01771891e-01
    8.05220485e-01 7.63128281e-01 1.43281519e-02 9.99327600e-02
    7.22840905e-01 3.27279389e-01 9.81421828e-01 9.49601293e-01
    2.23642051e-01 6.04579747e-01 5.91738820e-01 1.87258691e-01
    9.74689603e-01 8.42910051e-01 9.37319815e-01 3.32983911e-01
    1.67233348e-02 1.71568692e-01 3.99703383e-01 4.67718005e-01
    3.90967220e-01 7.56596446e-01 5.20242453e-01 3.04693520e-01
    9.40003037e-01 4.86090213e-01 9.44454551e-01 2.74475694e-01
    2.36023456e-01 2.66093910e-02 1.72346592e-01 2.21668184e-02
    9.70636010e-01 7.90862441e-02 2.57267326e-01 5.87073326e-01
    6.66592717e-01 4.21939969e-01 9.83026147e-01 6.11892641e-02
    5.15259206e-01 3.14988971e-01 7.96199083e-01 9.65836287e-01
    6.46415293e-01 9.72032428e-01 4.49107707e-01 9.80176747e-01
    8.13312411e-01 7.61288524e-01 8.99062753e-02 1.16210043e-01
    1.64421290e-01 4.37862813e-01 8.57417583e-02 9.51763272e-01
    4.20517087e-01 6.90794885e-02 3.49412262e-01 5.82378149e-01
    6.30867839e-01 6.45256042e-02 9.50591087e-01 3.99029970e-01
    2.95713544e-01 6.93216562e-01 1.71834648e-01 6.86037123e-01
    5.43665409e-01 2.54192352e-02 5.39641559e-01 7.93534458e-01
    9.70719337e-01 2.19764113e-01 9.85039473e-01 5.87481916e-01
    9.15680766e-01 3.18748921e-01 8.69508445e-01 6.38639808e-01
    6.21742725e-01 6.78069949e-01 3.93212646e-01 9.77793813e-01
    5.50859451e-01 3.92089903e-01 6.61125958e-01 7.01351762e-02
    1.59892023e-01 1.13801420e-01 3.34576070e-01 6.07396543e-01
    8.35111141e-01 1.81900859e-02 6.01034164e-01 2.16084331e-01
    7.26617217e-01 4.56551820e-01 8.91501307e-01 4.10067737e-01
    4.39915091e-01 6.42825603e-01 5.14851630e-01 5.42270124e-01
    9.76257026e-01 1.18516088e-01 9.44241822e-01 9.76985276e-01
    9.28156137e-01 9.67887342e-02 3.98485839e-01 9.60231602e-01
    8.66915226e-01 2.83467591e-01 2.67315477e-01 2.73391485e-01
    7.67522395e-01 1.56703442e-01 8.85852814e-01 4.01372433e-01
    6.84146762e-01 6.76021278e-02 4.37416583e-01 5.07919252e-01
    4.03225929e-01 5.76725006e-02 3.13900590e-01 7.20390260e-01
    1.36788338e-01 1.89316690e-01 7.14653373e-01 9.98851955e-02
    9.04043674e-01 1.01619393e-01 3.07606697e-01 7.53643513e-02
    2.04099029e-01 5.06774187e-01 7.40796864e-01 1.76773995e-01
    7.49712110e-01 8.12469900e-01 8.56925011e-01 9.00122523e-01
    5.92601955e-01 7.35867381e-01 1.33579791e-01 5.35476863e-01
    9.37388897e-01 6.48294210e-01 8.62016320e-01 1.49114281e-01
    9.97953117e-02 5.74333251e-01 5.04577756e-01 1.00414246e-01
    8.36353600e-01 6.07814431e-01 4.32193011e-01 6.76020622e-01
    8.44812512e-01 1.85526520e-01 2.70875394e-02 4.12420899e-01
    7.39575267e-01 4.23499942e-01 9.46346104e-01 8.98819923e-01
    2.78790087e-01 3.42445612e-01 8.31745863e-01 9.19632614e-01
    7.50465393e-02 2.94698507e-01 6.14824593e-02 8.91497135e-02
    4.36346561e-01 8.57572436e-01 1.78623945e-01 1.71962559e-01
    8.19830358e-01 2.64852136e-01 1.09248608e-01 5.01089096e-01
    7.82314658e-01 7.31301606e-01 5.30202210e-01 7.51822650e-01
    8.14760864e-01 1.98463082e-01 7.21553266e-01 5.35208702e-01
    9.90395188e-01 2.47897923e-01 7.00717866e-02 2.48931587e-01
    5.68236351e-01 7.79789984e-02 8.08772564e-01 1.85386240e-02
    1.71651959e-01 4.57683235e-01 8.45051587e-01 4.53102320e-01
    5.47174811e-01 3.45969528e-01 2.34407157e-01 4.71812487e-03
    1.50351197e-01 8.68208587e-01 6.14723265e-01 1.17123842e-01
    8.24877143e-01 8.39989066e-01 9.95515108e-01 1.40077472e-02
    8.10647011e-01 1.59634084e-01 4.72811431e-01 5.65648198e-01
    8.55475247e-01 7.76740313e-02 7.01696217e-01 8.12016487e-01
    8.84373546e-01 2.86964536e-01 5.63759685e-01 7.16445744e-02
    8.94822955e-01 7.46064186e-01 6.24592721e-01 1.65780157e-01
    4.95090306e-01 7.38183975e-01 3.65458906e-01 7.03406453e-01
    3.18888307e-01 2.01347649e-01 2.95014143e-01 3.45106542e-01
    7.35880733e-01 1.78066194e-01 2.79160440e-02 2.65630126e-01
    2.94649273e-01 7.24592566e-01 5.58143198e-01 7.47970104e-01
    1.73345804e-02 2.17157871e-01 5.02429783e-01 8.71115923e-01
    1.41312182e-01 5.39053202e-01 8.28247428e-01 7.04552531e-01
    2.59038478e-01 8.05451035e-01 6.50973618e-01 9.89678442e-01
    1.95524096e-03 2.24459410e-01 2.13663250e-01 6.22780442e-01
    1.90222770e-01 9.09891248e-01 8.72110069e-01 5.21361947e-01
    1.17551625e-01 7.05004692e-01 5.25517762e-02 2.19277084e-01
    2.78559446e-01 6.12571537e-02 6.41534805e-01 1.62588060e-01
    8.19583774e-01 3.73601019e-01 2.98293710e-01 2.95160949e-01
    4.72182930e-02 7.60068297e-01 7.97428668e-01 2.63012946e-02
    4.54340130e-01 2.49407738e-01 7.20492780e-01 6.19008303e-01
    8.71607482e-01 5.54008603e-01 6.09287977e-01 4.18088913e-01
    1.98872268e-01 7.81592846e-01 6.58631325e-04 6.55859709e-01
    5.05227447e-01 7.39824474e-01 4.16748881e-01 4.59294707e-01
    4.22775507e-01 6.17573023e-01 2.86939174e-01 2.51953363e-01
    7.58919954e-01 4.25370485e-01 9.35091674e-02 7.05952942e-01
    2.92371213e-02 9.03977156e-01 6.73682213e-01 2.37333477e-01
    9.15618777e-01 8.99340868e-01 1.95266396e-01 9.24255073e-01
    1.44139975e-01 2.27132529e-01 5.81924319e-02 4.84448671e-01
    2.57887721e-01 9.63135362e-01 1.50297403e-01 3.26280296e-02
    2.20000595e-01 6.61374688e-01 8.25670302e-01 3.98457199e-01
    1.48431897e-01 4.29343611e-01 8.14656615e-02 9.10636425e-01
    7.21616685e-01 4.04954344e-01 2.22859025e-01 1.98469549e-01
    9.52149093e-01 1.88600063e-01 2.47986585e-01 6.05612278e-01
    3.29749078e-01 4.09131199e-01 8.86000276e-01 4.69782859e-01
    6.40044868e-01 1.49123996e-01 6.06213093e-01 7.31217027e-01
    2.79863834e-01 7.79376626e-01 9.07229900e-01 6.71707451e-01
    3.84108424e-01 7.99340189e-01 9.57979441e-01 1.94628537e-02
    3.46502960e-01 1.76124483e-01 4.87251699e-01 5.20607173e-01
    5.04358053e-01 9.19496655e-01 9.70645189e-01 2.25810736e-01
    1.83250785e-01 4.41924512e-01 5.03139019e-01 6.66876137e-02
    5.61054468e-01 2.11793572e-01 5.60460687e-01 7.78972208e-02
    7.52772450e-01 8.96716237e-01 1.18063420e-01 9.78955805e-01
    7.64145732e-01 5.88262916e-01 9.77831602e-01 5.66658080e-02
    8.56181264e-01 2.48942763e-01 3.30508739e-01 6.11015260e-02
    2.26294875e-01 4.40969914e-01 3.28368425e-01 8.21558118e-01
    4.78428602e-02 7.23756254e-02 8.13861966e-01 3.80149722e-01
    5.83801508e-01 7.40479469e-01 6.64175510e-01 7.74943650e-01
    6.15676045e-02 3.48726392e-01 8.69272828e-01 8.81271243e-01
    2.54839063e-02 5.80981135e-01 7.36901164e-01 6.72356725e-01
    8.05128872e-01 3.79532874e-01 5.34829319e-01 4.54631448e-02
    1.05490059e-01 3.60813379e-01 4.90939111e-01 5.97902477e-01
    2.04763532e-01 5.29637754e-01 5.13716280e-01 4.77741331e-01
    4.07275379e-01 7.84984708e-01 2.00311303e-01 3.37956905e-01
    1.20851755e-01 7.32548594e-01 3.35763097e-01 7.75115013e-01
    9.69435990e-01 8.06060791e-01 4.53782916e-01 6.33253396e-01
    1.36881113e-01 3.80149424e-01 5.06264269e-01 3.77149642e-01
    8.55298460e-01 8.61947596e-01 4.38032627e-01 3.08489144e-01
    6.46020293e-01 9.75295246e-01 2.90017366e-01 9.37994599e-01
    7.25351512e-01 7.83290803e-01 6.41525090e-01 2.62220353e-01
    9.43736792e-01 5.49796641e-01 4.04425234e-01 4.90248829e-01
    6.40552342e-01 2.17754334e-01 4.93323535e-01 2.23615140e-01
    2.46678144e-01 6.07690394e-01 7.74801075e-01 9.50364828e-01
    7.48707414e-01 6.60111547e-01 9.43845153e-01 5.96274555e-01
    8.75421643e-01 8.39221776e-02 4.94335860e-01 2.03265905e-01
    2.58909345e-01 4.90177155e-01 8.17040324e-01 1.62695348e-01
    2.23803967e-01 3.50993276e-02 6.97696507e-01 1.83585852e-01
    3.86878431e-01 7.58788824e-01 9.46415246e-01 8.36581588e-02
    4.65206861e-01 1.85108155e-01 3.55658591e-01 4.62664902e-01
    4.14584905e-01 2.23338962e-01 9.84229445e-01 6.94681287e-01
    5.76790690e-01 3.95051837e-02 7.85879195e-02 6.46022558e-01
    4.63504881e-01 5.54334044e-01 3.80257159e-01 1.53556138e-01
    7.45405257e-02 4.81181413e-01 8.06184828e-01 4.61567342e-01
    7.86731720e-01 7.06605613e-02 2.49242425e-01 9.19554174e-01
    9.66878891e-01 5.68607211e-01 1.32025480e-01 4.26497340e-01
    3.68639290e-01 7.40210414e-01 4.96170074e-01 6.91467285e-01
    2.89608955e-01 1.43036842e-02 4.24209118e-01 7.61064827e-01
    8.72435927e-01 3.65835369e-01 6.72813356e-02 1.56090915e-01
    4.51452017e-01 7.43147731e-02 4.81054336e-01 6.67912245e-01
    5.50935328e-01 1.68243974e-01 6.67478442e-01 6.35567188e-01
    9.10642982e-01 8.84486318e-01 1.19070649e-01 6.33756638e-01
    9.43350911e-01 7.97070980e-01 6.27456129e-01 5.06713986e-03
    1.40782386e-01 9.84955907e-01 9.21773314e-02 6.97988212e-01
    6.87868178e-01 7.49655604e-01 1.58626646e-01 4.23476040e-01
    4.85071599e-01 9.99167979e-01 1.57192051e-02 9.34860528e-01
    9.86545265e-01 5.83077669e-01 8.36426020e-01 3.38518858e-01
    8.84111166e-01 3.19643974e-01 5.42623878e-01 5.08138716e-01
    6.09356165e-01 6.59965217e-01 9.36518431e-01 6.21616542e-01
    5.97597361e-02 3.05793315e-01 9.32900190e-01 7.27537394e-01
    9.51008916e-01 1.74064487e-01 9.92560089e-01 8.23887587e-01
    1.36302322e-01 1.59578323e-02 1.42344534e-01 4.41120863e-01
    3.08540642e-01 7.31119812e-01 9.94088411e-01 7.50772715e-01
    6.73505425e-01 9.91927683e-01 4.01877671e-01 4.84928489e-03
    6.54006422e-01 5.45713723e-01 7.57323980e-01 4.47320282e-01
    2.00568616e-01 8.90874028e-01 3.11118364e-03 9.64042187e-01
    2.04782486e-01 7.43532240e-01 7.30775774e-01 2.71661043e-01
    9.29931283e-01 4.58120018e-01 9.68326688e-01 8.07832479e-01
    2.99682498e-01 7.61208177e-01 9.66407537e-01 3.21361959e-01
    7.07100511e-01 5.67628860e-01 1.79395258e-01 7.49650955e-01
    9.54681039e-01 2.21643806e-01 1.70764029e-02 4.19174492e-01
    1.32044226e-01 8.51859450e-01 8.90971363e-01 2.45466143e-01
    4.25172448e-01 2.00649261e-01 9.69764471e-01 2.25254744e-01
    9.78850007e-01 2.15190768e-01 3.64735961e-01 2.52312720e-02
    1.19910717e-01 9.39927280e-01 2.76215672e-02 7.41031766e-01
    3.41606349e-01 3.03558230e-01 5.62738180e-02 6.85255826e-02
    2.74458230e-01 7.99595118e-02 9.08752441e-01 4.18378681e-01
    7.36954212e-01 6.71118677e-01 4.68649566e-01 6.24261260e-01
    2.37426877e-01 9.54189181e-01 6.03203416e-01 3.82573009e-02
    6.10690534e-01 6.43525541e-01 1.83106333e-01 6.55890942e-01
    1.80215299e-01 7.46422470e-01 1.62610173e-01 4.50294793e-01
    2.52174199e-01 4.43138778e-01 7.46727467e-01 3.78561556e-01
    4.46434438e-01 5.93822718e-01 3.70763421e-01 5.28102756e-01
    1.03327751e-01 5.50321221e-01 9.70081568e-01 7.03629971e-01
    4.21820939e-01 1.56144559e-01 6.71343148e-01 1.13853753e-01
    8.01068902e-01 9.85413790e-01 5.02711356e-01 3.63868326e-01
    7.98756957e-01 7.02470601e-01 7.59044766e-01 4.62194681e-02
    1.82331294e-01 4.37679470e-01 5.30131221e-01 7.22994924e-01
    8.92800510e-01 3.49160552e-01 1.07440352e-01 4.12941515e-01
    2.79473722e-01 4.96532917e-02 6.33727849e-01 8.29262972e-01
    4.28540170e-01 5.96894920e-02 7.58523643e-02 4.76531386e-02
    9.19148803e-01 3.26162577e-01 6.76402867e-01 6.63591564e-01
    9.84848261e-01 9.37389493e-01 7.22431839e-02 6.51653290e-01
    1.70341730e-01 8.55197847e-01 6.14039004e-01 5.36258638e-01
    7.80058622e-01 5.22424877e-01 7.48678267e-01 3.21055532e-01
    8.90608728e-01 4.23921317e-01 6.26962483e-01 7.37961054e-01
    8.73387635e-01 6.52411878e-02 4.72741634e-01 2.87103891e-01
    6.99606955e-01 6.34055138e-01 6.10747337e-02 3.44015747e-01
    7.01538444e-01 2.66938686e-01 3.84778440e-01 4.92659092e-01
    8.44491839e-01 8.62049103e-01 9.48064446e-01 4.69763875e-01
    9.87458289e-01 9.45604980e-01 8.16399157e-01 4.79100525e-01
    9.92256522e-01 4.32322830e-01 7.87346721e-01 6.78260744e-01
    4.44133282e-01 1.45943433e-01 8.46503615e-01 9.06640947e-01
    7.26168394e-01 6.95091009e-01 3.28124315e-01 9.10996437e-01
    1.88634396e-01 9.78618979e-01 3.12752187e-01 7.97253072e-01
    9.36989188e-01 3.68384659e-01 1.97621673e-01 6.60416186e-02
    5.40469050e-01 8.73755217e-01 5.81010938e-01 7.87262321e-01
    8.15462947e-01 8.94192755e-01 6.63185120e-01 2.01737672e-01
    5.90386271e-01 4.15265262e-01 9.07291830e-01 2.80568004e-03
    3.65233362e-01 7.19994724e-01 3.84174764e-01 9.15017247e-01
    8.74631345e-01 4.27045345e-01 5.39200902e-01 6.37479901e-01
    3.63705993e-01 7.29400754e-01 3.91568542e-01 1.55420482e-01
    9.79140282e-01 7.98474848e-02 4.60823208e-01 5.25079131e-01
    9.88764644e-01 7.27673531e-01 9.02324855e-01 9.81564879e-01
    6.36016965e-01 4.55253273e-01 5.72700202e-01 8.47277403e-01
    9.93344069e-01 5.01385808e-01 4.89036173e-01 3.03056270e-01
    5.40442407e-01 3.38353813e-02 4.76866186e-01 6.65043354e-01
    4.00683522e-01 9.55988765e-01 9.98416245e-01 1.32784307e-01
    1.26020312e-02 6.71835303e-01 9.94621813e-01 7.18766153e-01
    5.12354910e-01 1.24792039e-01 7.16172040e-01 9.19668317e-01
    6.47005439e-03 7.88094521e-01 7.46156633e-01 1.89666212e-01
    7.45614529e-01 2.79467046e-01 2.77102351e-01 8.94072950e-01
    3.93912137e-01 1.66647822e-01 6.27940655e-01 1.45557791e-01
    5.97322464e-01 3.04784417e-01 9.43429530e-01 5.22585392e-01
    8.27739060e-01 6.51843905e-01 3.50632370e-01 8.95033002e-01
    9.46508646e-02 9.40999985e-01 8.44871283e-01 8.54858994e-01
    1.19101763e-01 3.40679199e-01 6.90405846e-01 4.89432752e-01
    8.64761233e-01 1.84825718e-01 7.69141316e-01 2.37019360e-01
    6.15207911e-01 4.46582288e-01 1.89118087e-01 7.82003403e-01
    8.27985287e-01 6.50204718e-02 9.39504504e-02 1.33541822e-02
    7.96516299e-01 6.37609661e-01 1.97669923e-01 7.91613102e-01
    7.63247669e-01 3.20612699e-01 2.93358028e-01 6.04693234e-01
    7.37141311e-01 1.15398377e-01 5.75184107e-01 3.53813291e-01
    3.28293562e-01 1.37544006e-01 4.91948545e-01 2.70004034e-01
    6.76624656e-01 4.62020278e-01 7.26708174e-01 1.48545682e-01
    4.24866825e-01 5.79579473e-02 6.27873063e-01 6.20189071e-01
    5.03061533e-01 5.09186506e-01 3.72109503e-01 6.28462732e-01
    1.46311104e-01 7.49925971e-02 1.91759318e-01 6.89274788e-01
    2.44087398e-01 9.98239160e-01 9.89783585e-01 9.92733717e-01
    3.13465685e-01 3.71175915e-01 2.03870833e-02 6.55550122e-01
    9.74964738e-01 2.88967192e-02 9.42802429e-01 2.65104592e-01
    7.76298523e-01 6.21009648e-01 6.66823745e-01 5.12340963e-02
    5.60294390e-01 7.07996726e-01 6.96748614e-01 6.59521639e-01
    3.45106184e-01 5.14875293e-01 6.44254208e-01 7.60079503e-01
    5.65396130e-01 3.74700010e-01 9.06309307e-01 2.02279925e-01
    6.54590011e-01 3.07930946e-01 8.54482651e-01 5.55779338e-01
    3.53507340e-01 1.73491806e-01 6.37284994e-01 5.58154404e-01
    3.26790214e-02 8.33227932e-01 1.68655455e-01 6.43496394e-01
    4.94599909e-01 4.23915207e-01 8.64104748e-01 8.15826893e-01
    6.87207162e-01 1.77028775e-02 9.57239151e-01 2.78357625e-01
    7.18899131e-01 7.06981957e-01 9.81657267e-01 6.89196825e-01
    9.93358850e-01 8.38961899e-01 6.68373168e-01 4.17231739e-01
    3.28686416e-01 7.10467696e-01 6.11597717e-01 7.20497727e-01
    6.14294171e-01 7.13905096e-02 8.00871849e-01 8.75022352e-01
    3.93622905e-01 8.27440381e-01 2.96447933e-01 4.55765367e-01
    5.56207895e-02 5.77245355e-01 5.42819738e-01 8.23587775e-02
    8.29325557e-01 2.45147407e-01 7.23131716e-01 3.79976809e-01
    6.48053885e-01 7.95228243e-01 8.38074684e-02 7.50735164e-01
    2.56574810e-01 2.59722412e-01 5.74789226e-01 1.09530300e-01
    7.40448177e-01 6.35618448e-01 2.20494807e-01 7.46538639e-01
    4.21023279e-01 5.34781456e-01 6.54589057e-01 7.62871504e-01
    6.42977238e-01 7.92956173e-01 5.05383849e-01 2.54421920e-01
    6.53557777e-01 4.00262475e-01 7.11956084e-01 7.44411826e-01
    7.97969222e-01 9.61844921e-01 1.80591553e-01 8.07865739e-01
    6.36804223e-01 4.76185352e-01 7.22071826e-02 9.52508450e-01
    9.33728695e-01 9.76856411e-01 8.98852468e-01 8.06187212e-01
    1.43868029e-02 6.65846825e-01 9.09415543e-01 5.63492954e-01
    4.31710720e-01 3.49437088e-01 9.40365136e-01 6.10520542e-01
    1.36304140e-01 2.41208076e-01 2.87782371e-01 4.20663595e-01
    9.15745854e-01 3.00010860e-01 1.61203176e-01 6.61561966e-01
    7.46128440e-01 4.64623958e-01 5.24828672e-01 2.23939598e-01
    9.93731380e-01 3.42123777e-01 5.82689703e-01 4.58610594e-01
    9.38618720e-01 7.69748211e-01 1.14705026e-01 6.15247667e-01
    6.30562663e-01 9.96247292e-01 3.56037974e-01 6.78809166e-01
    5.13728082e-01 7.08744347e-01 6.63510978e-01 9.19849694e-01
    1.43434942e-01 9.44075584e-02 2.45092511e-01 9.06397462e-01
    4.62699890e-01 1.10396385e-01 2.43066639e-01 6.85034275e-01
    5.69671869e-01 2.76461422e-01 1.65148735e-01 4.59123731e-01
    7.53630698e-02 9.06389713e-01 3.87352467e-01 2.66320258e-01
    5.27769625e-02 1.24308258e-01 8.27065885e-01 2.98996747e-01
    5.96191704e-01 2.27272928e-01 7.30052531e-01 6.67490244e-01
    5.41927993e-01 2.66779542e-01 8.51528764e-01 2.24436313e-01
    5.74441791e-01 9.09099638e-01 9.26940799e-01 5.81960678e-02
    8.66065621e-02 5.70576131e-01 1.82455480e-02 8.31779361e-01
    8.53428721e-01 6.99437261e-01 6.95268810e-02 6.56901598e-01
    8.29285562e-01 3.52524310e-01 9.64557171e-01 1.56689137e-01
    3.17950368e-01 2.08692759e-01 9.60252047e-01 8.82582426e-01
    2.35256433e-01 4.02642310e-01 4.58085388e-01 5.68237364e-01
    9.49000120e-01 6.62313640e-01 5.38818181e-01 4.79328364e-01
    2.53630251e-01 3.92704844e-01 6.47475421e-02 3.11334848e-01
    2.23852694e-02 3.36689651e-01 1.96504772e-01 3.18595082e-01
    2.85390258e-01 2.71412551e-01 8.68200123e-01 9.96172428e-01
    3.87336850e-01 4.49932367e-01 7.26401985e-01 1.57826364e-01
    9.01897728e-01 2.12917894e-01 5.85258067e-01 8.72236133e-01
    2.81400204e-01 4.84561026e-01 8.77254426e-01 4.27946568e-01
    9.04873848e-01 6.07473016e-01 4.86598104e-01 3.11829329e-01
    2.87711710e-01 3.14848870e-01 9.42127287e-01 5.86499214e-01
    9.11815286e-01 2.51528800e-01 1.27605319e-01 5.64386547e-01
    9.81879473e-01 8.63828003e-01 3.12000811e-02 3.84134352e-02
    2.64209449e-01 6.40460253e-01 9.95313287e-01 4.24763173e-01
    6.89058840e-01 8.53488207e-01 9.47540402e-02 8.37352633e-01
    2.83200949e-01 8.79324257e-01 8.97185624e-01 1.61509931e-01
    1.46602511e-01 5.57204127e-01 9.92215872e-01 3.05024445e-01
    8.58193517e-01 6.70399189e-01 3.79938245e-01 6.68382406e-01
    2.60697782e-01 5.71148515e-01 7.29582310e-01 1.87793285e-01
    8.15399051e-01 9.71202016e-01 2.22180128e-01 9.50964093e-01
    3.06050837e-01 6.35606170e-01 2.46203303e-01 3.82831395e-02
    7.51332521e-01 4.63130653e-01 8.56695294e-01 3.54391724e-01
    7.26604044e-01 4.19070601e-01 7.30489731e-01 6.70509577e-01
    4.89391744e-01 9.78443265e-01 8.79612386e-01 1.58666283e-01
    2.44352520e-02 9.43110943e-01 2.85370857e-01 7.07562387e-01
    1.02479309e-01 9.19578135e-01 5.11834860e-01 7.54881382e-01
    3.18688184e-01 6.47048175e-01 8.68922234e-01 1.21541530e-01
    8.07987511e-01 8.90730202e-01 5.76929927e-01 9.09366727e-01
    4.78157550e-01 1.18583262e-01 1.50633037e-01 9.30122077e-01
    8.36076677e-01 7.98129082e-01 9.50899005e-01 5.38497567e-01
    4.65431154e-01 3.93944204e-01 8.09708714e-01 7.24677205e-01
    4.72289056e-01 4.37435329e-01 7.71445155e-01 6.10310435e-01
    1.94608778e-01 3.64143729e-01 7.10144758e-01 1.47882611e-01
    7.94406831e-02 6.89610839e-01 6.19165301e-01 7.02702224e-01
    1.93846524e-02 8.16613674e-01 1.64776057e-01 1.35027826e-01
    9.34002042e-01 3.33773583e-01 4.08568084e-01 8.85583103e-01
    1.76579416e-01 2.47919738e-01 2.67043918e-01 2.95630991e-02
    5.69353819e-01 2.40379155e-01 2.04220265e-01 3.57862115e-01
    3.11659187e-01 1.11047924e-02 2.83091962e-01 8.16941619e-01
    6.52840853e-01 5.27032912e-02 2.15119928e-01 6.70021474e-02
    1.95991784e-01 2.25962102e-01 7.99572885e-01 3.04999679e-01
    6.37435675e-01 8.38339090e-01 5.80790281e-01 9.67252076e-01
    5.84975719e-01 4.58743364e-01 6.94212854e-01 1.66540742e-02
    1.69617116e-01 4.39633101e-01 1.72926188e-01 1.15750134e-02
    3.51388633e-01 7.01595843e-01 6.28157973e-01 8.05363059e-03
    5.09423792e-01 8.18773806e-01 8.82245898e-01 5.14099956e-01
    4.10576403e-01 2.25572109e-01 3.53660464e-01 7.97024786e-01
    4.06708032e-01 6.31458104e-01 5.32478869e-01 4.17220473e-01
    4.28515911e-01 5.20174384e-01 5.25172591e-01 7.74762332e-01
    9.55397129e-01 8.91824663e-02 3.31837118e-01 6.07163846e-01
    3.12532485e-02 1.68626964e-01 6.32432938e-01 2.71834165e-01
    8.21493983e-01 3.23139876e-01 3.71771872e-01 8.60104322e-01
    7.23668694e-01 1.38650775e-01 7.98706532e-01 4.01276886e-01
    6.27645373e-01 3.75353545e-01 9.52456176e-01 8.99782062e-01
    3.94620597e-01 6.30774438e-01 2.79148221e-01 4.52895135e-01
    8.37018013e-01 4.56420958e-01 9.28281605e-01 2.52680779e-01
    2.80452669e-02 8.72338831e-01 6.10019565e-01 7.35946417e-01
    1.69823647e-01 6.33441269e-01 3.72272015e-01 5.42402685e-01
    2.71181047e-01 8.79658759e-02 4.39315289e-01 1.35277450e-01
    5.02268672e-01 4.84540910e-01 1.59361303e-01 3.24228108e-01
    1.63377136e-01 6.75049424e-02 3.63933921e-01 7.93102980e-02
    2.33641058e-01 9.77343857e-01 7.09419608e-01 9.30260062e-01
    6.86308742e-02 6.06998801e-01 7.33907223e-01 5.92320204e-01
    3.87605011e-01 3.97781789e-01 2.00605750e-01 5.53635836e-01
    5.31335235e-01 3.61568838e-01 6.57556772e-01 9.67968524e-01
    3.24017078e-01 2.72499800e-01 1.67688400e-01 5.00532269e-01
    5.02079129e-01 3.34479034e-01 2.46424705e-01 1.43146753e-01
    5.73813319e-02 9.05113935e-01 3.56667399e-01 9.65767562e-01
    4.27504271e-01 9.09932494e-01 1.40679032e-01 2.71810055e-01
    5.51816463e-01 6.64504468e-02 5.71129858e-01 9.47343230e-01
    2.23454654e-01 4.66154963e-01 1.21610641e-01 1.80929095e-01
    5.95361292e-02 6.86928272e-01 8.30858588e-01 6.84712648e-01
    7.28820086e-01 5.62217534e-01 3.10349643e-01 2.63592571e-01
    7.72141695e-01 4.36555773e-01 1.28788114e-01 2.46373922e-01
    6.79422140e-01 2.26424068e-01 2.39805490e-01 1.31457090e-01
    8.86129737e-01 4.18456137e-01 6.29751921e-01 2.12436974e-01
    2.79757380e-01 9.93271589e-01 3.11644495e-01 4.55543399e-02
    6.02195263e-01 2.27306396e-01 9.76706743e-01 2.04539597e-01
    8.26809645e-01 9.82278824e-01 7.08851755e-01 6.06853127e-01
    2.99719334e-01 1.01431906e-02 8.12008560e-01 3.73150617e-01
    2.92300344e-01 4.82892156e-01 8.61930490e-01 6.51552856e-01
    7.20411479e-01 6.40530586e-01 7.24008679e-03 8.23697448e-02
    4.15704489e-01 1.63229406e-02 2.08354264e-01 5.49438655e-01
    3.64573658e-01 4.85095710e-01 2.49004304e-01 7.43919492e-01
    5.80915630e-01 4.36853826e-01 8.49056005e-01 7.92820811e-01
    2.76112258e-02 7.89664507e-01 8.05936575e-01 4.28798199e-01
    9.78865802e-01 1.83307290e-01 9.62916315e-01 2.52191663e-01
    3.70031953e-01 9.82348800e-01 1.36501431e-01 2.28003860e-02
    4.88802880e-01 8.94822955e-01 9.39945877e-01 8.19837153e-01
    6.32892549e-01 3.70253891e-01 7.12025166e-03 2.23140657e-01
    9.89078283e-01 1.77457511e-01 7.31531560e-01 8.69842708e-01
    1.81609869e-01 4.41169322e-01 5.88888824e-01 2.49578118e-01
    2.64365733e-01 8.22521329e-01 7.07994103e-01 4.23148781e-01
    5.88791370e-02 8.76434445e-01 2.27775633e-01 6.35204077e-01
    9.83285487e-01 1.98263824e-02 6.94760203e-01 4.07330751e-01
    3.25944453e-01 1.11483037e-02 3.20447266e-01 8.49922538e-01
    9.36978340e-01 2.02605724e-01 2.13538647e-01 2.55951941e-01
    4.15639907e-01 8.11815858e-01 7.15757489e-01 5.55916548e-01
    6.58521533e-01 5.83578229e-01 6.33632064e-01 8.12571228e-01
    6.42519891e-01 6.17651641e-02 8.18128228e-01 2.16799527e-01
    5.86400390e-01 6.22860014e-01 8.89651418e-01 6.87623262e-01
    8.92105699e-01 8.63973916e-01 9.91589308e-01 3.60483587e-01
    1.39947504e-01 7.02221394e-01 4.28244770e-01 5.04122674e-01
    9.45735812e-01 2.43012309e-02 5.13005316e-01 7.18145370e-02
    4.67875302e-01 1.39787793e-01 4.08751875e-01 2.47950494e-01
    3.78147125e-01 3.04198682e-01 2.45679408e-01 5.45143306e-01
    4.80343759e-01 9.38485146e-01 4.50513035e-01 9.53295827e-02
    7.75043607e-01 6.85581863e-01 2.84601659e-01 8.54609013e-02
    2.79771090e-02 4.22490090e-01 7.22629726e-01 6.48218751e-01
    6.87492490e-02 7.75469065e-01 5.18296838e-01 8.50942969e-01
    5.49148440e-01 4.88635480e-01 4.31311190e-01 6.59508407e-02
    3.63893867e-01 2.60635614e-01 5.66987813e-01 8.74823630e-02
    6.71489656e-01 2.23355293e-02 6.63913906e-01 2.46163100e-01
    5.61839640e-02 9.61697221e-01 1.99659258e-01 1.37618661e-01
    6.43175900e-01 5.79128087e-01 5.78048766e-01 8.52259099e-01
    3.65357280e-01 2.20261484e-01 2.04538912e-01 5.78257442e-01
    8.98422480e-01 1.34196132e-01 5.07171690e-01 6.44363105e-01
    8.81280899e-01 6.46176636e-01 9.06383455e-01 3.18714976e-02
    6.50448501e-01 5.04658937e-01 8.33476186e-01 8.10845971e-01
    6.71643376e-01 5.98493695e-01 3.11085880e-01 9.87857342e-01
    4.49086368e-01 4.43792969e-01 4.14580107e-02 5.03669322e-01
    8.02096844e-01 2.26228237e-01 4.06295061e-03 2.86935091e-01
    9.09397125e-01 6.25555634e-01 2.26974338e-01 2.88597375e-01
    4.25706357e-01 2.86425620e-01 6.40942931e-01 1.81770414e-01
    4.46673423e-01 7.20193028e-01 2.45538801e-01 9.69556212e-01
    1.96263075e-01 2.56884575e-01 5.22379041e-01 5.02021134e-01
    8.93613219e-01 6.53886855e-01 9.21309471e-01 7.99215734e-02
    8.45273733e-01 3.03497732e-01 8.33307385e-01 6.13163233e-01
    9.70738590e-01 4.43882555e-01 5.15212715e-01 1.28257066e-01
    7.10829794e-01 3.73595059e-02 6.20164573e-01 9.52809751e-01
    7.76421309e-01 3.85070086e-01 3.04497361e-01 2.12857723e-01
    3.51563215e-01 5.26741028e-01 7.86844492e-01 7.56541848e-01
    8.24101686e-01 2.39897281e-01 1.45150065e-01 3.89078557e-01
    6.78085804e-01 6.68084323e-02 7.18153834e-01 4.82964098e-01
    5.57373405e-01 3.04515779e-01 1.02525175e-01 3.93869102e-01
    8.38623047e-02 4.00361598e-01 7.59817958e-02 4.76151854e-01
    6.15303695e-01 5.77650309e-01 8.59452128e-01 5.17284274e-02
    3.79339576e-01 9.43137646e-01 4.64198589e-02 1.11573517e-01
    4.88377243e-01 1.62090063e-02 1.28840506e-02 4.95363981e-01
    1.94239408e-01 2.37043500e-01 4.26571846e-01 7.36425877e-01
    9.71880555e-01 7.02175677e-01 9.88864839e-01 9.99552727e-01
    8.28602552e-01 3.45869809e-01 3.85335207e-01 7.21737504e-01
    3.34581733e-01 8.41193438e-01 2.29665935e-01 8.71714234e-01
    9.09496188e-01 4.66478258e-01 9.90412831e-02 6.46310508e-01
    9.02521431e-01 8.66569817e-01 9.65721130e-01 9.78466868e-01
    6.62957668e-01 3.60339761e-01 2.87915260e-01 6.90587401e-01
    6.38986588e-01 9.57374394e-01 5.45749247e-01 8.95942211e-01
    9.78135586e-01 6.21540725e-01 3.59914839e-01 3.47165227e-01
    3.15274119e-01 1.41731709e-01 4.64770257e-01 8.06923211e-01
    3.52014869e-01 5.69025278e-02 7.32234597e-01 3.88635099e-02
    7.89475262e-01 4.86044705e-01 5.08495510e-01 1.10158414e-01
    9.00450349e-02 5.75380623e-01 5.91284931e-01 1.31651163e-01
    9.15263414e-01 3.91014755e-01 9.88660216e-01 7.89761364e-01
    3.65826190e-01 5.24170518e-01 8.03555667e-01 7.69996166e-01
    1.83877945e-02 3.28756273e-01 7.59652436e-01 1.64523125e-02
    1.80445075e-01 8.27192664e-01 4.04876411e-01 6.49336278e-02
    1.47349536e-02 8.73201430e-01 7.53818035e-01 8.85714650e-01
    6.73374414e-01 2.24185258e-01 9.72243249e-02 6.67167783e-01
    4.72238034e-01 6.74746573e-01 3.58443737e-01 4.69230384e-01
    9.24615324e-01 9.03940260e-01 9.43364620e-01 9.77264285e-01
    1.78131670e-01 8.92651618e-01 6.98603690e-01 1.11851305e-01
    2.25225389e-02 4.06431228e-01 9.44632888e-02 3.75497073e-01
    8.80158424e-01 6.69758797e-01 2.27001160e-01 1.78991497e-01
    9.31985855e-01 9.20435429e-01 2.25441486e-01 5.86525321e-01
    8.24564576e-01 3.37586701e-02 6.62169397e-01 4.47942525e-01
    3.43065560e-01 3.07417452e-01 6.45584643e-01 8.34546328e-01
    8.71025741e-01 5.01943290e-01 3.13857973e-01 2.28081048e-02
    4.55090016e-01 6.06038868e-02 2.44654924e-01 4.45151865e-01
    5.00309229e-01 3.55155826e-01 7.64853656e-01 5.48613250e-01
    9.48182464e-01 1.78719074e-01 8.29695225e-01 5.29012263e-01
    2.06114620e-01 1.38584733e-01 4.68001664e-01 1.58014894e-01
    4.01203573e-01 3.62734586e-01 6.13253236e-01 6.42180741e-01
    2.58406103e-02 3.81977648e-01 1.23144448e-01 2.94603914e-01
    8.26599658e-01 8.19889069e-01 3.34311306e-01 9.57279503e-02
    1.66758657e-01 6.98319674e-01 2.35830247e-01 8.57070982e-01
    8.50645423e-01 7.40820646e-01 8.80654216e-01 3.93487453e-01
    3.94214153e-01 6.28027916e-01 6.47255838e-01 9.16780412e-01
    2.01142460e-01 7.07452893e-02 2.58169532e-01 5.12120903e-01
    9.31825638e-02 8.24681163e-01 2.74260938e-02 4.86990094e-01
    3.96620780e-01 5.11026084e-02 7.48607814e-01 7.99256444e-01
    6.06824398e-01 6.47448480e-01 3.04880142e-01 4.63916451e-01
    3.59104991e-01 2.25230008e-01 4.48257387e-01 1.66472465e-01
    6.52124524e-01 9.77326155e-01 6.34449542e-01 3.68383557e-01
    6.85609818e-01 3.79711211e-01 1.13938749e-02 8.69107723e-01
    2.98728466e-01 6.23920918e-01 9.75081682e-01 1.61894679e-01
    4.80577826e-01 1.55142426e-01 7.46024609e-01 9.52524066e-01
    4.58306611e-01 2.08430260e-01 6.73701882e-01 6.62825704e-01
    5.97535014e-01 3.68014097e-01 5.05033374e-01 1.04840487e-01
    4.07545269e-01 3.68687093e-01 6.34793699e-01 5.09815991e-01
    1.84022784e-01 8.48265052e-01 8.88975143e-01 5.20358562e-01
    3.76532465e-01 1.65810645e-01 1.48748010e-01 1.04802996e-01
    1.96726531e-01 2.48109460e-01 3.22339863e-01 9.78338718e-02
    5.00192285e-01 6.72989547e-01 3.64559889e-01 7.08982348e-01
    8.63622129e-02 9.92346346e-01 9.19616580e-01 6.27051234e-01
    1.11080319e-01 1.53284550e-01 6.91667378e-01 2.88777411e-01
    4.01730508e-01 8.34249139e-01 7.69359946e-01 9.64668095e-01
    8.99501920e-01 9.71292257e-01 7.58370638e-01 7.71598577e-01
    2.52035022e-01 2.65341520e-01 6.68632865e-01 8.89802754e-01
    1.02865994e-01 9.47657406e-01 5.35093427e-01 1.55943990e-01
    5.28573036e-01 2.57269979e-01 5.89130998e-01 1.81073666e-01
    7.14014888e-01 6.32373512e-01 6.66009843e-01 2.86314696e-01
    5.96602619e-01 3.87979746e-01 4.84409928e-03 1.28512293e-01
    5.52565694e-01 7.50550747e-01 3.44152510e-01 8.93406332e-01
    3.98407727e-01 5.50580800e-01 3.97495747e-01 1.63646996e-01
    6.52559400e-01 7.44567513e-02 9.24007177e-01 1.79372400e-01
    3.50044310e-01 7.78252602e-01 9.14714038e-01 8.13447237e-01
    9.64609742e-01 2.67786264e-01 7.33248234e-01 7.11923420e-01
    9.53161955e-01 6.34042740e-01 7.45220721e-01 5.40777206e-01
    1.47711337e-02 7.51312912e-01 3.12075347e-01 9.88817811e-01
    9.25833285e-01 1.47364974e-01 9.02703285e-01 8.28824639e-01
    2.27743924e-01 1.66022032e-01 1.34142071e-01 3.68814468e-02
    6.58781290e-01 3.83630216e-01 1.00747943e-01 4.80562001e-01
    4.76524383e-01 9.04067636e-01 9.40144598e-01 6.45251334e-01
    8.68753433e-01 3.00218225e-01 1.08684182e-01 2.65451849e-01
    6.04820967e-01 2.05055892e-01 2.49349624e-01 3.97694081e-01
    4.72899258e-01 6.11466050e-01 1.38412565e-01 3.80920231e-01
    3.84425640e-01 7.88467526e-01 9.88606215e-01 7.29290247e-01
    3.91511887e-01 1.08953089e-01 4.22450066e-01 1.73028678e-01
    7.23372340e-01 2.86302418e-01 9.49100733e-01 1.95353210e-01
    8.21120858e-01 6.07951641e-01 6.43644691e-01 8.41953278e-01
    8.48067760e-01 5.31920195e-01 4.91476327e-01 5.18903911e-01
    3.74236435e-01 5.67174792e-01 5.38074315e-01 9.71593618e-01
    5.07237315e-01 8.89108479e-01 4.18417275e-01 6.48444414e-01
    5.06307721e-01 8.70130777e-01 4.24024880e-01 3.20450962e-02
    8.92308652e-02 4.31113690e-01 4.20614868e-01 3.33566070e-02
    6.86424017e-01 8.86429191e-01 8.35790098e-01 6.94373369e-01
    3.91764909e-01 6.66587055e-02 7.30041504e-01 4.90170300e-01
    5.25453389e-01 6.99190617e-01 4.16702032e-02 2.24344522e-01
    3.85943890e-01 5.68430245e-01 8.52161646e-01 5.56200087e-01
    3.74406070e-01 5.59620321e-01 8.89773905e-01 1.54347539e-01
    6.57037735e-01 7.42772579e-01 6.87639713e-01 9.97797132e-01
    2.71655411e-01 5.78885436e-01 5.16782641e-01 4.95100915e-02
    3.25362056e-01 3.46321821e-01 6.10930860e-01 4.34227228e-01
    4.90425110e-01 3.85766208e-01 3.23708355e-01 3.60472798e-01
    8.58157516e-01 8.65269542e-01 5.74449122e-01 3.78278196e-01
    8.62536132e-01 2.79799998e-01 1.78045660e-01 8.61776710e-01
    8.69571626e-01 8.66746187e-01 7.48278022e-01 3.48992079e-01
    2.94222116e-01 2.54259557e-01 6.69367075e-01 8.73022676e-01
    6.07349515e-01 7.20381618e-01 8.84695530e-01 4.82911944e-01
    1.58046037e-01 7.59642184e-01 2.33910322e-01 4.04487610e-01
    2.10341454e-01 4.98711795e-01 6.74417377e-01 2.83843279e-01
    9.13774133e-01 5.51809728e-01 8.93313169e-01 9.86222863e-01
    3.68657708e-01 8.54153872e-01 3.97707701e-01 3.33627343e-01
    8.72918785e-01 5.87193191e-01 4.38782036e-01 9.97597873e-01
    9.25541878e-01 4.97407585e-01 6.44826055e-01 6.27243996e-01
    2.39685237e-01 1.59484446e-01 3.66102308e-01 2.76096642e-01
    2.02059627e-01 4.41265106e-01 6.29027605e-01 4.93091673e-01
    6.20812297e-01 6.36054993e-01 4.42122877e-01 6.36444211e-01
    4.62384433e-01 5.81031442e-01 3.80757034e-01 3.86718720e-01
    7.94642329e-01 2.70584345e-01 8.03516567e-01 5.79756141e-01
    4.73181516e-01 2.01536566e-01 4.40554738e-01 1.28111184e-01
    3.23785722e-01 1.97702795e-01 6.18140221e-01 4.59237039e-01
    9.08849418e-01 3.39293957e-01 1.75386220e-01 4.93068337e-01
    5.76007068e-01 9.15953815e-01 7.10441887e-01 9.34508741e-01
    2.97722995e-01 9.28679943e-01 7.20310628e-01 6.60170496e-01
    1.59009874e-01 3.13498527e-01 1.45117700e-01 4.65196192e-01
    8.63519788e-01 9.86525774e-01 3.09303105e-02 7.08630443e-01
    1.76328599e-01 2.17197150e-01 3.95934284e-02 5.22351503e-01
    6.81829333e-01 4.22293007e-01 1.68339640e-01 6.84980154e-02
    4.41874415e-01 6.67423010e-03 1.90749735e-01 8.42190146e-01
    8.95309746e-02 9.39348340e-01 4.68038678e-01 7.85390198e-01
    4.74224806e-01 7.19197869e-01 2.56401658e-01 5.78445792e-02
    9.59047675e-02 6.92009211e-01 5.19493520e-01 6.30752563e-01
    7.43072927e-02 2.16440558e-01 4.50212657e-01 1.35681659e-01
    8.88844252e-01 8.77536774e-01 3.61985981e-01 9.45474982e-01
    3.69808197e-01 3.00347745e-01 3.45012248e-02 9.67909813e-01
    8.26934218e-01 5.82308292e-01 9.62142169e-01 4.79694009e-02
    5.40934801e-01 7.50073791e-03 3.68630707e-01 1.34364635e-01
    3.37391973e-01 2.87983477e-01 7.17771888e-01 1.34330869e-01
    6.48673534e-01 8.14338088e-01 5.64535320e-01 4.26213622e-01
    3.83342505e-02 2.79436409e-01 7.44911313e-01 8.82201254e-01
    7.70368040e-01 8.73088539e-01 9.16438818e-01 9.45829451e-02
    5.71632802e-01 7.49852896e-01 5.59119284e-01 7.02805400e-01
    2.00624228e-01 1.54055744e-01 8.99211168e-01 7.30928302e-01
    6.48722053e-01 7.88558245e-01 1.00325346e-01 7.48361707e-01
    5.49987972e-01 7.22744465e-01 5.36553681e-01 1.06095612e-01
    1.97989315e-01 7.95528650e-01 5.21178663e-01 3.22236359e-01
    8.80466878e-01 8.85633826e-01 6.14552140e-01 8.96102130e-01
    6.70471430e-01 3.40679288e-02 8.16765487e-01 4.06907886e-01
    9.00335371e-01 5.95141292e-01 3.62270176e-01 9.50617671e-01
    1.16901577e-01 7.73118794e-01 5.54394603e-01 1.58963621e-01
    1.91271126e-01 5.79862952e-01 6.17858708e-01 5.75269401e-01
    7.97031641e-01 8.24967623e-01 5.17063498e-01 2.73282498e-01
    9.90145922e-01 6.27727091e-01 3.80512297e-01 3.11099529e-01
    9.94825304e-01 2.60874927e-02 8.50138903e-01 4.27944809e-01
    5.80898523e-02 7.93295383e-01 1.76530808e-01 3.89994264e-01
    2.68599510e-01 4.12787795e-02 6.95467353e-01 4.98644620e-01
    7.30661869e-01 6.50455058e-01 5.09014785e-01 7.72123516e-01
    6.09273136e-01 3.08405042e-01 5.00030041e-01 2.30244666e-01
    5.69117188e-01 5.62395513e-01 5.66480994e-01 3.60473871e-01
    2.77254760e-01 5.56774020e-01 4.58702207e-01 6.04119837e-01
    4.81458545e-01 2.25238621e-01 1.02225363e-01 8.34397912e-01
    8.05751681e-01 6.37155950e-01 3.44771266e-01 2.02217638e-01
    7.27596462e-01 9.21135068e-01 1.70736402e-01 3.59589458e-01
    9.00055885e-01 1.33889705e-01 7.22370625e-01 2.15273827e-01
    5.49223721e-01 2.02276468e-01 3.11291277e-01 1.84130669e-01
    5.48863649e-01 7.82816470e-01 9.08929825e-01 6.45145178e-02
    7.40414143e-01 6.94722652e-01 8.14811826e-01 4.18040097e-01
    4.87905949e-01 8.63653183e-01 6.57259107e-01 3.65882218e-01
    9.61316586e-01 4.44075525e-01 6.43297136e-01 9.25425768e-01
    3.61113071e-01 3.64945889e-01 6.86335206e-01 3.35807383e-01
    1.85983419e-01 3.67667913e-01 2.30284274e-01 6.12205505e-01
    5.65216780e-01 3.08424175e-01 6.08730376e-01 6.80729926e-01
    1.59910083e-01 8.19723129e-01 5.70903838e-01 8.80904198e-01
    9.21531916e-01 3.55119646e-01 2.78521776e-02 9.15953279e-01
    8.88540745e-01 8.29024076e-01 2.11695343e-01 8.88462365e-01
    2.15790927e-01 8.36784601e-01 3.35575640e-01 6.10814273e-01
    1.69058204e-01 3.45163941e-01 8.76043439e-02 7.55987346e-01
    4.94003803e-01 2.68019319e-01 6.22955143e-01 3.22461128e-05
    7.56550789e-01 3.22992384e-01 5.78688145e-01 8.96501541e-02
    1.08824968e-02 7.46215820e-01 5.83606005e-01 8.30039859e-01
    2.64587104e-02 2.26979166e-01 2.50173211e-01 6.10392869e-01
    5.21134734e-01 9.03448403e-01 1.17581785e-02 2.84295976e-01
    5.59690714e-01 8.28845680e-01 9.32939112e-01 3.14469457e-01
    5.29919446e-01 6.82710230e-01 7.20857680e-01 9.09746051e-01
    4.38300490e-01 9.15580988e-02 3.77270162e-01 9.58978415e-01
    1.61904484e-01 4.98807043e-01 2.69900292e-01 8.45959544e-01
    6.41107917e-01 3.99069995e-01 6.58016980e-01 8.78734171e-01
    8.78634274e-01 6.51834488e-01 3.71253550e-01 3.99067879e-01
    1.20497882e-01 6.32849634e-02 1.67300880e-01 7.05945075e-01
    5.97299755e-01 5.44641316e-02 6.95191622e-01 8.17644238e-01
    3.34609598e-01 6.27616286e-01 8.38200390e-01 7.59908974e-01
    8.40185523e-01 8.27838957e-01 5.83023846e-01 6.39663756e-01
    5.89592993e-01 8.61782670e-01 4.22161281e-01 9.82450843e-01
    5.98890424e-01 5.78951955e-01 5.27982950e-01 1.95270687e-01
    5.12163818e-01 3.58867943e-02 5.42109549e-01 1.01292074e-01
    6.86867476e-01 7.71197796e-01 5.91736197e-01 4.81156200e-01
    8.43362808e-01 9.91506338e-01 9.40918446e-01 7.17092931e-01
    8.12127590e-01 3.92811894e-02 2.91859984e-01 5.19196808e-01
    2.43911624e-01 1.62409574e-01 3.43656331e-01 8.01756382e-01
    9.58798885e-01 9.75753009e-01 5.31907201e-01 3.35252166e-01
    7.16435432e-01 8.06243777e-01 7.19751418e-01 6.30777180e-01
    9.82925892e-01 7.61866391e-01 4.79698986e-01 5.91743231e-01
    3.84252369e-01 2.29049623e-02 7.88570821e-01 2.23300099e-01
    6.97140336e-01 6.02758050e-01 4.42423135e-01 7.02860951e-01
    7.05879986e-01 7.30015039e-01 5.07875562e-01 6.44761920e-01
    9.26524103e-02 3.88671577e-01 1.27552450e-02 2.06174552e-01
    4.54676628e-01 3.07953209e-01 1.92791224e-02 1.69689506e-01
    1.58410043e-01 3.68789464e-01 8.68047595e-01 1.35045767e-01
    9.92989540e-01 6.61371827e-01 7.52113879e-01 5.87741196e-01
    4.66279984e-02 4.94329691e-01 6.02556169e-01 5.76783180e-01
    5.68243861e-01 2.65024275e-01 9.91693139e-02 9.37770307e-02
    1.56630814e-01 3.73109430e-01 9.25131202e-01 9.18553710e-01
    6.30169213e-01 5.46490908e-01 4.10115540e-01 9.55077112e-01
    8.91608596e-01 9.77447391e-01 4.05002028e-01 3.42267990e-01
    5.15963495e-01 6.20946765e-01 4.66349572e-01 1.17641211e-01
    6.49840534e-01 5.63602328e-01 5.08165658e-01 8.78919125e-01
    3.21404696e-01 7.28391767e-01 2.57074535e-01 7.94030547e-01
    9.71091509e-01 8.67302835e-01 8.04875612e-01 1.02065742e-01
    7.64624357e-01 4.07634079e-02 2.00233549e-01 2.80480146e-01
    5.61056376e-01 4.03106809e-02 4.38437313e-01 5.66421509e-01
    6.72763586e-02 7.36317039e-03 3.14587206e-01 8.06266010e-01
    3.25334609e-01 1.17304087e-01 6.00751042e-02 2.90308595e-01
    1.10423565e-03 2.43897229e-01 7.09989488e-01 3.85737658e-01
    1.43821001e-01 1.31471187e-01 2.31163055e-01 8.26516747e-01
    4.60992575e-01 4.26307857e-01 9.45133209e-01 2.66962945e-02
    2.02469587e-01 7.10899234e-01 5.69740832e-02 8.75770926e-01
    6.91417158e-02 2.89796591e-01 5.96040905e-01 6.59327149e-01
    5.24423182e-01 6.53333902e-01 2.29868382e-01 7.39041090e-01
    3.95136923e-01 4.73383963e-01 1.32571220e-01 1.63633376e-01
    4.55197036e-01 1.64889783e-01 3.97863746e-01 8.66090357e-01
    1.52110755e-02 7.29878306e-01 5.01222432e-01 7.90598989e-01
    8.16178322e-01 6.17274702e-01 1.33027822e-01 2.02809006e-01
    7.70207763e-01 1.35111511e-02 8.24136674e-01 4.99421418e-01
    7.07926333e-01 9.43041086e-01 6.03729606e-01 6.39822245e-01
    1.14411443e-01 8.81380439e-01 2.09943473e-01 7.62033820e-01
    4.18306589e-02 8.39189231e-01 1.70898646e-01 9.87630129e-01
    7.41166532e-01 7.45313764e-01 9.78319347e-01 7.50736058e-01
    8.04450929e-01 8.03645015e-01 5.02191782e-02 9.93087232e-01
    9.88221765e-02 2.16822624e-02 2.37695873e-01 8.13073695e-01
    9.92397606e-01 2.00530767e-01 1.60008579e-01 7.94485331e-01
    9.76382971e-01 6.43903196e-01 3.10150981e-02 7.17582464e-01
    9.36663985e-01 3.31487685e-01 2.41214782e-01 5.14978528e-01
    9.10785675e-01 3.83092225e-01 3.41565162e-01 6.48779094e-01
    5.81586123e-01 3.20416033e-01 1.14996880e-01 2.73743570e-01
    1.62453771e-01 3.36396456e-01 3.10601592e-02 5.15890479e-01
    6.69968903e-01 9.23532367e-01 4.83097315e-01 3.51719856e-02
    7.79591441e-01 6.45905435e-01 2.94690192e-01 5.27735472e-01
    5.30019045e-01 6.07133567e-01 5.60574234e-01 4.22606558e-01
    6.66861534e-01 7.17920959e-01 4.26641643e-01 2.06718534e-01
    9.24245358e-01 3.58946919e-02 4.76824969e-01 5.68001688e-01
    5.11841238e-01 3.01359296e-01 4.90764767e-01 5.66932321e-01
    4.25022066e-01 5.64124227e-01 1.97440028e-01 8.60080361e-01
    3.49862635e-01 6.14607513e-01 9.74270940e-01 1.38597310e-01
    5.78675151e-01 1.40261233e-01 8.79049063e-01 9.31174874e-01
    4.76147622e-01 2.29375720e-01 7.78396666e-01 4.97158229e-01
    1.31285518e-01 6.18109226e-01 8.50892544e-01 5.97431600e-01
    3.81732047e-01 8.13503623e-01 9.58618045e-01 5.08743584e-01
    1.31240755e-01 7.98477471e-01 5.76328993e-01 7.06229866e-01
    4.42142516e-01 1.98814124e-01 5.36261499e-02 5.95283091e-01
    4.76580858e-02 3.46275568e-02 8.22422504e-01 4.68315333e-01
    6.90196753e-01 5.00174940e-01 5.84706068e-01 4.45263892e-01
    1.73313767e-01 2.80975103e-01 4.29384410e-02 3.25645328e-01
    4.45276588e-01 2.60172486e-02 2.42234319e-01 1.38311297e-01
    6.73807383e-01 7.68778801e-01 2.99274892e-01 2.05306411e-02
    3.04445297e-01 5.45468986e-01 8.74156475e-01 4.28201944e-01
    7.35064387e-01 8.18098485e-01 3.72725546e-01 6.55471444e-01
    3.01056147e-01 2.17000008e-01 5.57043254e-02 6.66898489e-01
    3.59729767e-01 7.87037730e-01 2.30535567e-02 3.39211673e-01
    1.33697599e-01 8.14593732e-01 9.20387268e-01 6.85401678e-01
    9.13727760e-01 9.65422988e-01 4.38915551e-01 5.74871063e-01
    7.30108023e-01 4.63552237e-01 2.38223255e-01 2.60279298e-01
    4.77286011e-01 7.68410087e-01 7.23872840e-01 2.44149387e-01
    3.00027609e-01 1.78456247e-01 4.79254067e-01 6.58267081e-01
    3.31555009e-01 1.23578966e-01 1.04214758e-01 1.65900141e-01
    5.58742285e-02 8.21913779e-02 7.46599138e-01 6.64510846e-01
    3.78451556e-01 7.92996287e-02 1.98975265e-01 9.20768261e-01
    1.89605653e-02 7.13753760e-01 3.22133094e-01 6.38032317e-01
    6.88835502e-01 4.66187567e-01 1.62893236e-01 5.38387299e-01
    9.09320951e-01 9.74001050e-01 3.26325655e-01 6.04079604e-01
    4.95622873e-01 8.15075517e-01 4.49646592e-01 2.72390217e-01
    9.15701389e-01 2.29707360e-02 6.57137454e-01 4.01569426e-01
    5.25561273e-01 9.92912471e-01 9.54806507e-02 2.79095709e-01
    3.67664993e-02 2.12907493e-02 1.48360521e-01 3.15057337e-01
    9.25828576e-01 1.74142241e-01 2.40697920e-01 2.25651026e-01
    5.03094077e-01 2.87289292e-01 5.77049553e-02 2.33022809e-01
    2.47918665e-01 6.83859706e-01 1.49782568e-01 5.88721931e-01
    5.55297732e-03 6.34796143e-01 6.39253855e-01 7.66925454e-01
    1.14482969e-01 9.19282317e-01 7.17922270e-01 6.93432868e-01
    4.70787138e-01 2.56531894e-01 9.25323665e-01 6.90010548e-01
    2.70783603e-02 8.60643506e-01 6.98521435e-02 9.32292998e-01
    1.18671536e-01 2.92635232e-01 7.98965931e-01 6.13939166e-01
    2.00324476e-01 8.30219567e-01 7.57794380e-01 6.70189500e-01
    4.82857078e-01 6.03701890e-01 2.70579875e-01 7.82686770e-02
    3.64790201e-01 1.82691991e-01 4.61166471e-01 5.81141531e-01
    5.23583889e-01 5.66794872e-01 1.16401851e-01 7.83710837e-01
    8.30360770e-01 5.44320941e-02 7.71236122e-02 4.16182995e-01
    1.46629721e-01 7.14033067e-01 8.41935158e-01 1.32946521e-01
    9.29086804e-01 8.00914168e-02 1.28618002e-01 4.79061037e-01
    7.99817204e-01 1.34110451e-06 4.21747416e-01 8.12171340e-01
    2.25050926e-01 3.81106257e-01 8.78810525e-01 9.48159575e-01
    6.33260965e-01 5.12352288e-01 9.96511459e-01 2.36328244e-02
    3.45447540e-01 1.43195897e-01 8.50793839e-01 3.43334913e-01
    4.40543324e-01 3.63404125e-01 1.19117767e-01 4.05270278e-01
    8.26466262e-01 8.77470374e-01 7.65561759e-02 3.48798096e-01
    5.99164307e-01 1.36605740e-01 5.65566421e-01 6.33740485e-01
    6.60714805e-02 9.52903390e-01 5.30673146e-01 1.73755854e-01
    5.16721249e-01 8.98082495e-01 6.11326158e-01 9.34000611e-01
    7.34669209e-01 8.67347836e-01 1.81580305e-01 5.66121221e-01
    8.35948706e-01 1.72403038e-01 9.86739993e-01 1.59471184e-01
    9.06912923e-01 7.32659161e-01 8.88475776e-03 6.09420538e-01
    7.40607500e-01 4.85256106e-01 3.72856617e-01 4.82250512e-01
    2.91557610e-01 2.14823276e-01 1.22124165e-01 5.59954345e-02
    2.71894634e-01 6.27388060e-02 5.42303920e-02 4.31977212e-02
    1.56419247e-01 9.05811906e-01 9.11534727e-01 2.64957249e-01
    4.23571169e-01 7.67711699e-01 4.23162669e-01 9.29876566e-01
    3.97862315e-01 7.86523223e-01 4.58079189e-01 2.80425191e-01
    8.53761315e-01 2.81676382e-01 7.75874853e-01 5.59920371e-02
    8.54933918e-01 6.23169422e-01 3.79923046e-01 9.39561963e-01
    3.13242584e-01 5.65176606e-01 1.65053815e-01 5.17699957e-01
    7.71828771e-01 2.87730098e-02 2.95284748e-01 9.11295831e-01
    9.68050539e-01 6.08951986e-01 8.25464606e-01 8.61548066e-01
    4.94638681e-02 9.69455242e-02 5.38155556e-01 7.92532682e-01
    8.38009000e-01 2.86915362e-01 3.34214777e-01 9.87946391e-02
    9.28702354e-01 2.18856335e-02 8.40974569e-01 5.09691656e-01
    4.84320670e-01 2.98495829e-01 4.23308581e-01 7.64576674e-01
    1.12884283e-01 4.45290416e-01 9.30940628e-01 8.75823319e-01
    1.98681682e-01 9.33213353e-01 3.32189023e-01 6.20469630e-01
    8.75939786e-01 9.59978819e-01 6.32928789e-01 6.26011968e-01
    5.66608429e-01 2.20198005e-01 7.30689406e-01 5.62623203e-01
    3.61483753e-01 4.75406140e-01 4.58626151e-02 3.44267815e-01
    3.83561969e-01 7.72597253e-01 7.56054044e-01 5.88932574e-01
    9.63193774e-01 7.64129758e-01 9.75924134e-01 1.54421955e-01
    7.54248142e-01 2.10969090e-01 7.52777338e-01 6.96766019e-01
    4.58506018e-01 8.09359789e-01 9.75369096e-01 2.92864740e-01
    3.67088914e-01 1.89468175e-01 9.53456163e-01 8.45269561e-01
    1.23062998e-01 2.09983051e-01 7.70156503e-01 4.45716381e-02
    2.80109346e-02 3.53567094e-01 2.18127191e-01 1.07894838e-01
    6.07521772e-01 1.01866543e-01 4.40843523e-01 1.02815300e-01
    5.30593872e-01 4.29817766e-01 5.80443442e-02 7.50055552e-01
    7.36271918e-01 3.26260924e-01 6.84532464e-01 2.72777081e-01
    1.01040334e-01 5.46321094e-01 6.48151338e-01 2.15949565e-01
    2.76595950e-02 6.77167952e-01 8.73736143e-01 4.16076332e-01
    3.75121891e-01 3.10129702e-01 5.64440787e-02 3.58483881e-01
    4.21620429e-01 6.38085485e-01 3.09818745e-01 8.59831631e-01
    5.37760794e-01 1.86376691e-01 4.90927696e-02 9.14266467e-01
    7.78776169e-01 1.80942535e-01 8.04933727e-01 6.68967783e-01
    6.74173534e-02 2.72596896e-01 2.95628428e-01 7.17507601e-01
    1.68472499e-01 9.62746501e-01 8.99434566e-01 5.06924331e-01
    8.59440327e-01 8.24990869e-02 5.96818030e-02 3.74622792e-01
    9.45835888e-01 8.99338484e-01 1.37337357e-01 7.80979753e-01
    7.36339092e-02 2.87275493e-01 8.66458476e-01 1.14239275e-01
    5.30815184e-01 4.92635936e-01 6.41219318e-02 2.45022625e-01
    5.89153230e-01 6.79934800e-01 3.94840777e-01 9.47862983e-01
    3.52844954e-01 7.66963482e-01 6.22344196e-01 5.36970794e-01
    5.94203711e-01 3.91096294e-01 2.18552172e-01 1.45072848e-01
    8.00030231e-02 2.32082576e-01 3.94719958e-01 2.83860147e-01
    2.32231021e-01 9.49743986e-01 2.45046020e-02 4.65500027e-01
    8.80587935e-01 1.53175473e-01 8.05976570e-01 2.85623342e-01
    9.44025040e-01 8.69643927e-01 6.89010978e-01 8.53788733e-01
    3.24188769e-02 7.21247792e-01 3.65787089e-01 9.07751620e-02
    6.79940104e-01 4.59865302e-01 3.03165555e-01 1.03519738e-01
    7.78279066e-01 9.21097696e-02 5.06233752e-01 1.41725361e-01
    7.96829164e-01 1.68683499e-01 6.83045208e-01 8.20290208e-01
    2.48758256e-01 8.95097494e-01 5.36366820e-01 6.69602454e-01
    5.47593355e-01 8.39005709e-02 9.04159546e-01 3.68271828e-01
    9.32106495e-01 8.31808388e-01 9.29557621e-01 1.93737715e-01
    5.99374592e-01 5.20370007e-02 5.23805916e-01 2.61080921e-01
    5.48476696e-01 8.04347217e-01 4.70705956e-01 1.26791388e-01
    6.15528524e-02 5.00541925e-01 7.55428016e-01 6.41311347e-01
    6.87186182e-01 2.34610856e-01 4.95958656e-01 8.55515301e-01
    7.04127908e-01 1.37725562e-01 5.62936068e-04 7.44647563e-01
    2.92240500e-01 3.37700844e-02 6.51161551e-01 5.41473329e-01
    3.99800032e-01 9.23529387e-01 9.32377815e-01 4.61015701e-02
    9.49850142e-01 9.77199078e-01 2.11068124e-01 8.19537640e-01
    6.80181623e-01 4.06658769e-01 6.89616382e-01 4.78543639e-01
    9.80638921e-01 7.49281347e-02 8.51321280e-01 1.51115477e-01
    3.91873330e-01 5.44168353e-02 2.03142166e-01 7.69476891e-02
    8.75463247e-01 8.93780828e-01 1.61389410e-01 8.79735589e-01
    1.50740147e-02 4.30477560e-02 8.71140838e-01 8.87882471e-01
    2.76819170e-02 1.48328900e-01 1.16898715e-01 3.20731074e-01
    5.61459064e-01 3.85022283e-01 7.59792089e-01 8.47392261e-01
    8.59973013e-01 4.55919206e-02 8.55841637e-01 6.57652140e-01
    5.21699488e-01 3.06487530e-01 4.77486521e-01 9.99255300e-01
    1.17039740e-01 6.77078903e-01 9.20130253e-01 6.37174726e-01
    9.37778711e-01 4.77735221e-01 4.70605463e-01 7.72724152e-01
    7.45165229e-01 5.22435844e-01 6.69835150e-01 8.79040718e-01
    5.94980657e-01 4.08962250e-01 9.62794721e-02 7.80807137e-01
    2.45053798e-01 6.29450738e-01 8.35826159e-01 9.20961499e-02
    6.18906379e-01 4.34457034e-01 9.56741571e-01 6.14332557e-01
    1.18132800e-01 8.85685682e-01 5.95787823e-01 5.65630198e-02
    7.91767061e-01 9.45107818e-01 3.84561837e-01 6.57340050e-01
    2.11412251e-01 1.46817565e-01 6.00919664e-01 1.48589820e-01
    9.27577972e-01 2.19808370e-01 1.25006139e-01 1.63969457e-01
    8.42343569e-01 6.08052850e-01 7.64346540e-01 2.91263103e-01
    8.87202978e-01 2.19653010e-01 9.44436193e-01 4.83235717e-01
    5.27363420e-02 4.99686420e-01 6.29201114e-01 7.82042265e-01
    8.12974870e-01 1.12356901e-01 2.91809559e-01 2.07774460e-01
    2.38606602e-01 5.44820487e-01 3.81751478e-01 3.32294226e-01
    1.38755590e-01 9.25368786e-01 1.20923519e-02 5.33078194e-01
    9.67066765e-01 7.06506968e-02 2.02564389e-01 1.14311546e-01
    7.13702977e-01 9.70640719e-01 3.67699564e-01 4.47900593e-02
    2.86964536e-01 3.23638469e-01 8.55656266e-01 3.61694217e-01
    6.88639462e-01 5.23991764e-01 8.78403544e-01 3.72097433e-01
    1.21041775e-01 8.87357235e-01 3.15823436e-01 8.35863531e-01
    4.32627767e-01 4.41926569e-01 7.39573896e-01 7.24911571e-01
    2.01655954e-01 8.49388480e-01 8.57996225e-01 4.10521656e-01
    9.50860441e-01 3.84838253e-01 9.61899638e-01 7.48887420e-01
    9.57109392e-01 1.04805976e-01 1.48209423e-01 8.06299150e-01
    4.99245644e-01 4.41682518e-01 4.10267353e-01 1.11618578e-01
    7.56680012e-01 6.95011556e-01 6.97307527e-01 3.78799677e-01
    8.53563905e-01 9.44694698e-01 6.88810945e-01 8.10214996e-01
    1.09970689e-01 8.23331833e-01 6.69629931e-01 6.70933187e-01
    6.73009157e-01 5.08975089e-01 6.12535059e-01 1.77104473e-01
    1.37290746e-01 4.22582805e-01 9.18927968e-01 9.16991055e-01
    8.94214272e-01 2.41218954e-01 8.88482332e-02 6.80298805e-01
    2.14243680e-01 3.03877503e-01 5.03317952e-01 8.79535913e-01
    6.90318048e-01 4.10319567e-01 2.54675090e-01 3.54982316e-01
    1.43613487e-01 7.61461735e-01 3.12962294e-01 4.54743326e-01
    2.65545249e-02 5.86538494e-01 4.70189989e-01 2.50643790e-01
    8.97422552e-01 2.04899430e-01 2.37611324e-01 1.56106502e-01
    2.15244293e-01 8.56269360e-01 7.28255987e-01 6.41448498e-01
    4.34821755e-01 9.50922191e-01 5.35474598e-01 8.08187246e-01
    1.33494049e-01 6.08227372e-01 8.53659987e-01 1.29358202e-01
    2.62222260e-01 6.37727976e-03 1.77387029e-01 1.66676342e-02
    6.35178506e-01 2.20257938e-01 4.30197954e-01 6.21526062e-01
    3.38368595e-01 2.24008232e-01 8.07825029e-02 3.61236930e-01
    4.90956098e-01 1.96011335e-01 7.02095985e-01 5.52712679e-01
    9.28222716e-01 7.84147382e-02 3.35196078e-01 6.14849210e-01
    6.38799787e-01 8.59683037e-01 2.78777778e-01 2.03015536e-01
    6.21157229e-01 6.39046490e-01 4.28874224e-01 2.42819786e-01
    7.18929291e-01 2.32022405e-02 3.16762328e-01 2.13410258e-01
    1.48021281e-01 5.59854090e-01 2.93065101e-01 9.23521459e-01
    8.06566238e-01 5.58288574e-01 3.40961903e-01 4.75696743e-01
    4.05671477e-01 6.49860263e-01 9.22620893e-01 6.05266035e-01
    7.09942043e-01 8.22971225e-01 4.56038058e-01 9.35628414e-01
    5.51907122e-01 4.61106002e-02 7.00045049e-01 9.32132006e-01
    5.49747884e-01 4.58633244e-01 8.14197063e-01 5.44896483e-01
    9.44921970e-02 5.10840714e-02 9.35008705e-01 9.61796999e-01
    8.15797091e-01 5.56166708e-01 2.28123188e-01 1.69758290e-01
    1.26007855e-01 7.26554275e-01 8.97023201e-01 6.52559102e-01
    9.44614887e-01 4.64315265e-01 8.27430010e-01 6.72740459e-01
    1.52713865e-01 6.33418679e-01 8.76791716e-01 2.93812901e-01
    3.78603220e-01 4.45832431e-01 1.79384619e-01 9.19248879e-01
    6.96114898e-01 5.99585712e-01 6.46171451e-01 5.74775815e-01
    4.68327790e-01 6.53061509e-01 4.40676212e-02 5.58540881e-01
    8.97075891e-01 9.47129011e-01 2.84556031e-01 4.63039666e-01
    7.68183947e-01 2.37586319e-01 5.29889822e-01 9.99389887e-01
    5.29743552e-01 5.38828194e-01 3.44086945e-01 8.08492899e-01
    7.63695300e-01 6.08014882e-01 3.88343453e-01 6.28201306e-01
    1.67339683e-01 8.39599133e-01 7.06235468e-02 9.02554035e-01
    6.87667191e-01 5.70506632e-01 2.88725793e-01 7.08927631e-01
    4.71206814e-01 3.85579109e-01 5.27325153e-01 4.10399973e-01
    9.34688509e-01 8.55052471e-02 4.53181058e-01 1.79211199e-02
    1.55522496e-01 5.44121504e-01 4.58719760e-01 1.78402305e-01
    7.32342958e-01 1.24154806e-01 1.48866326e-01 2.56770670e-01
    1.24301851e-01 2.87552714e-01 1.91843301e-01 5.28532922e-01
    8.96202326e-01 2.32293040e-01 2.57638693e-02 9.21899080e-01
    8.97605062e-01 4.51535344e-01 7.93702602e-01 6.19817495e-01
    5.78367054e-01 6.79612160e-01 4.88368720e-01 8.27092767e-01
    9.89429235e-01 9.69331563e-01 5.44430673e-01 6.04458869e-01
    6.69761181e-01 4.67501611e-01 5.41320443e-01 7.23290801e-01
    7.10539341e-01 7.94447184e-01 5.91493189e-01 6.25913858e-01
    1.18063748e-01 7.12784410e-01 8.89879942e-01 8.19719672e-01
    7.03697085e-01 5.03163397e-01 1.97287768e-01 1.44001156e-01
    8.20598722e-01 8.04022253e-02 8.57351124e-01 6.24294043e-01
    4.35698807e-01 7.12573826e-01 1.65952653e-01 7.85785675e-01
    5.27971983e-03 9.22519326e-01 1.21908426e-01 9.30429578e-01
    5.65635920e-01 4.42022890e-01 7.87535548e-01 4.96547490e-01
    1.78328723e-01 1.00694448e-01 1.78487301e-01 2.58529693e-01
    1.63952351e-01 3.03295255e-02 2.37276018e-01 3.26680422e-01
    5.77146113e-02 8.98033023e-01 7.81239212e-01 4.86968666e-01
    9.01641488e-01 7.10274994e-01 6.58342957e-01 6.69860482e-01
    4.24639553e-01 7.49245644e-01 2.68084884e-01 6.30274415e-01
    9.37817574e-01 9.09481823e-01 6.49142563e-01 6.96281135e-01
    5.76134562e-01 6.48519158e-01 6.42404675e-01 4.00073528e-01
    5.19517124e-01 9.78604198e-01 1.49359107e-02 8.01609218e-01
    1.54628962e-01 8.51705909e-01 6.59855843e-01 6.07107997e-01
    5.83076417e-01 2.70110488e-01 9.26229119e-01 8.23949575e-01
    4.27059531e-01 1.17875785e-01 6.17524981e-02 2.98304558e-01
    2.08273858e-01 7.56590664e-02 3.00348878e-01 3.02340150e-01
    4.76652503e-01 2.30662704e-01 2.76627362e-01 5.95261931e-01
    3.01574171e-01 9.40425396e-02 3.38843018e-01 7.41562247e-03
    3.18886340e-01 1.14542782e-01 8.33259940e-01 2.69133419e-01
    3.05476785e-02 2.10054547e-01 8.32677960e-01 3.26911062e-01
    3.17875773e-01 4.36246991e-01 4.24325466e-01 3.14763337e-01
    9.43842173e-01 5.18410444e-01 1.63933605e-01 5.00759065e-01
    2.41657972e-01 3.81788433e-01 9.16784883e-01 8.46529484e-01
    7.18346834e-01 5.27708054e-01 8.02970767e-01 1.16074145e-01
    4.26885486e-02 8.08704376e-01 4.26082432e-01 2.65628070e-01
    3.51701915e-01 9.98267651e-01 4.76924568e-01 6.81008101e-02
    9.74833012e-01 6.72259331e-02 9.59888220e-01 6.39902651e-01
    7.77704895e-01 6.47593498e-01 8.32235098e-01 5.32829702e-01
    1.95109338e-01 4.31249321e-01 7.95637965e-01 7.56688356e-01
    5.93710423e-01 9.44942474e-01 6.41158223e-01 4.09742206e-01
    6.29417419e-01 7.06150234e-01 9.67937112e-01 7.91805565e-01
    2.67551422e-01 3.96454453e-01 1.40249074e-01 4.35199320e-01
    4.94599551e-01 1.29972488e-01 4.88554060e-01 7.97780931e-01
    2.89388269e-01 9.03765261e-01 2.38062173e-01 1.41064078e-01
    2.79039443e-02 3.87896031e-01 2.66229630e-01 8.47605169e-02
    1.03379607e-01 5.05774558e-01 5.13146222e-01 8.14946294e-01
    6.57736957e-01 1.27405196e-01 7.15468109e-01 9.78093624e-01
    1.61582828e-01 7.55489767e-02 1.41346663e-01 3.80018055e-02
    5.62538087e-01 7.77438104e-01 4.13874388e-01 9.23298001e-01
    2.60358274e-01 4.91407931e-01 3.10563803e-01 5.22181094e-02
    7.42844701e-01 8.86177182e-01 4.69611526e-01 2.92081773e-01
    6.10356688e-01 1.72707886e-01 4.76021796e-01 4.67350751e-01
    2.41319627e-01 3.64891678e-01 5.23531020e-01 9.48822200e-02
    7.48937011e-01 6.05532885e-01 9.76767182e-01 5.25623798e-01
    5.31231344e-01 1.23678237e-01 2.90239185e-01 5.13482988e-01
    9.08077359e-02 4.71052378e-01 3.95127684e-01 6.22761369e-01
    3.90830934e-02 9.21913743e-01 4.90903229e-01 3.87317330e-01
    7.49542117e-01 9.13849950e-01 9.81195271e-01 5.79905033e-01
    1.02119476e-01 8.84142518e-01 9.71229076e-01 7.95016170e-01
    7.84123421e-01 4.44290310e-01 7.93589652e-02 9.66211438e-01
    9.20026898e-01 9.00979578e-01 2.68348455e-02 2.32204378e-01
    1.42213434e-01 5.29556155e-01 5.10141015e-01 6.31239116e-01
    8.71568322e-01 8.59123468e-01 7.44809210e-01 1.14662170e-01
    5.64428866e-01 4.20672297e-02 3.00830603e-01 1.42560452e-01
    9.98799741e-01 7.98402548e-01 9.03624773e-01 7.92978287e-01
    7.67655551e-01 9.93082523e-01 2.59348243e-01 5.25527000e-01
    7.84302711e-01 6.40914738e-01 8.81199956e-01 1.52358532e-01
    7.37223983e-01 5.30812263e-01 8.45749378e-02 4.12272811e-01
    9.22943473e-01 4.40561742e-01 7.69173622e-01 7.79086709e-01
    9.36979055e-01 3.84397984e-01 9.82069850e-01 6.60683036e-01
    8.13547850e-01 6.43168211e-01 9.86712694e-01 5.80974042e-01
    1.13849729e-01 9.40203428e-01 2.06502944e-01 5.94165742e-01
    9.26988244e-01 9.97766316e-01 2.50393718e-01 4.31640685e-01
    4.43094879e-01 6.20935023e-01 4.95710284e-01 6.72893882e-01
    1.66890293e-01 1.84423566e-01 9.25656199e-01 6.73745632e-01
    6.48806632e-01 9.34475899e-01 2.94813871e-01 7.40621626e-01
    9.85688269e-01 5.41161299e-01 8.82394016e-02 8.70128989e-01
    4.98951644e-01 6.45657837e-01 5.32085001e-01 4.41741824e-01
    9.61803198e-01 9.67252970e-01 8.81840229e-01 1.10200047e-03
    9.87239122e-01 5.29528260e-01 3.11684310e-02 5.69778800e-01
    5.71824908e-01 6.07529283e-01 3.90586734e-01 2.43971139e-01
    3.32486272e-01 5.75701237e-01 5.40747762e-01 3.83453578e-01
    5.44085801e-01 8.77845526e-01 8.04424882e-01 5.45177460e-01
    8.37245464e-01 4.10625935e-02 6.08307779e-01 6.59992337e-01
    7.18228221e-01 5.81318676e-01 5.35692871e-01 4.49036241e-01
    7.17048049e-02 9.87724125e-01 9.08032119e-01 2.07288444e-01
    3.80749434e-01 6.96922898e-01 9.44761276e-01 6.85030222e-01
    6.85524642e-01 1.33153111e-01 7.17616081e-03 5.19891202e-01
    6.84164524e-01 2.07734942e-01 7.90098131e-01 1.51313603e-01
    6.74239635e-01 8.64840388e-01 4.89598274e-01 2.39895999e-01
    7.08581328e-01 8.64610314e-01 8.83519173e-01 7.15218484e-02
    2.28803754e-02 1.96848154e-01 5.57347238e-01 9.34139967e-01
    4.89216149e-01 2.75720239e-01 8.46162200e-01 4.16795164e-01
    3.43143791e-01 4.54162061e-02 6.56817675e-01 8.71945620e-01
    2.82593191e-01 5.41942894e-01 7.67836094e-01 8.97841334e-01
    8.66117954e-01 3.25515330e-01 4.00129169e-01 6.54955804e-01
    4.46478099e-01 4.74747032e-01 9.30870473e-01 5.63523293e-01
    3.01746964e-01 2.03172654e-01 7.83695757e-01 8.46488357e-01
    2.58004516e-01 5.27761161e-01 3.32648098e-01 2.21515059e-01
    7.10102916e-02 3.71867120e-01 1.03977770e-01 2.61766821e-01
    8.81472826e-01 5.37549496e-01 2.10169971e-01 8.13346863e-01
    1.93507105e-01 9.55975175e-01 7.39929020e-01 4.85400259e-01
    3.86506110e-01 4.76554990e-01 8.96108866e-01 6.67428374e-01
    9.88489568e-01 6.82265043e-01 5.65125525e-01 4.46576416e-01
    9.34495568e-01 6.83208466e-01 6.91680312e-01 8.04140866e-01
    3.40614468e-01 2.12776631e-01 3.07382733e-01 8.06159377e-01
    6.88178062e-01 9.02010798e-02 7.60041714e-01 4.42920327e-01
    7.65678704e-01 8.90145421e-01 6.46972835e-01 3.90499115e-01
    1.83792263e-01 9.39993680e-01 1.31476969e-01 5.67333043e-01
    7.56420493e-01 6.07989848e-01 5.40924668e-02 3.73366177e-02
    4.17147726e-01 5.95760584e-01 8.42423975e-01 3.80313873e-01
    5.14907539e-01 4.24042016e-01 6.00793839e-01 6.63437784e-01
    1.51949584e-01 7.70952523e-01 6.04543924e-01 1.57805294e-01
    9.21595812e-01 4.80786085e-01 9.30737615e-01 1.40431076e-01
    8.31366777e-01 2.32702941e-01 1.66203171e-01 1.57536834e-01
    9.51318741e-01 4.90910321e-01 4.56195891e-01 7.55430460e-01
    4.49287355e-01 8.11170936e-02 1.47445828e-01 2.02696919e-02
    5.98249733e-01 8.37966919e-01 7.15372324e-01 1.28014803e-01
    8.79940033e-01 8.41781437e-01 8.39749336e-01 1.71677291e-01
    9.38374400e-01 4.96178657e-01 9.94322956e-01 7.24685669e-01
    9.31013405e-01 3.19671750e-01 5.19113839e-01 9.95105505e-01
    8.21732998e-01 7.42733002e-01 9.53793168e-01 3.42262208e-01
    1.81867927e-01 2.39430040e-01 5.15416741e-01 2.73154706e-01
    1.84067160e-01 1.13417417e-01 2.53872991e-01 9.55525339e-01
    5.76693475e-01 2.67053545e-01 2.80413032e-03 2.76371390e-01
    3.34407091e-02 1.58750415e-01 7.29916215e-01 2.94863284e-01
    2.59679735e-01 9.63368893e-01 7.85103559e-01 1.91322178e-01
    7.16272712e-01 3.38382065e-01 8.80263925e-01 1.67102993e-01
    6.31392717e-01 2.19900817e-01 6.90060318e-01 1.86016291e-01
    8.22995007e-02 9.66975331e-01 2.90025949e-01 8.58922601e-01
    3.57129663e-01 3.11470687e-01 7.49045134e-01 5.77962637e-01
    7.11043477e-01 9.86504316e-01 6.21481061e-01 6.04303896e-01
    1.52595133e-01 5.50609350e-01 2.16147751e-01 6.44878745e-01
    5.38783908e-01 7.24168897e-01 3.00638616e-01 3.88873488e-01
    3.08041036e-01 5.87403297e-01 1.52090132e-01 2.77185619e-01
    4.65382844e-01 5.17286062e-01 8.45591903e-01 2.93516457e-01
    5.53941786e-01 5.75052381e-01 5.37811399e-01 4.01386231e-01
    5.16448617e-01 5.11135280e-01 5.23292840e-01 2.60158598e-01
    5.63642502e-01 7.25901425e-02 1.42822683e-01 7.23178983e-01
    6.35495901e-01 8.27113748e-01 5.90541422e-01 1.42418146e-01
    1.24216199e-01 7.02105284e-01 6.84839487e-01 4.15149689e-01
    4.97843385e-01 2.84075141e-02 1.41906470e-01 8.93142104e-01
    2.65975505e-01 3.27320993e-02 1.63918376e-01 5.85690618e-01
    1.49537444e-01 8.54040921e-01 5.20238042e-01 5.34000635e-01
    6.09599471e-01 5.92216074e-01 6.74242139e-01 2.94784307e-01
    4.94508445e-01 7.73216844e-01 4.13768232e-01 3.90337408e-01
    3.55454862e-01 7.73199677e-01 8.44225049e-01 6.44289494e-01
    8.13009620e-01 6.63578272e-01 4.43829626e-01 6.18024886e-01
    5.20399690e-01 3.25275362e-01 1.14434570e-01 9.19630885e-01
    2.90429652e-01 3.84534478e-01 4.63991940e-01 3.31532598e-01
    5.32891810e-01 3.23607028e-01 2.09303558e-01 2.08115429e-01
    7.03939259e-01 5.05098641e-01 5.58698654e-01 3.32535386e-01
    4.23533201e-01 1.07544303e-01 1.55373305e-01 8.75800371e-01
    4.49128151e-01 5.72432041e-01 6.53947592e-01 3.73557031e-01
    8.19292665e-03 9.75904346e-01 6.45162106e-01 9.37303662e-01
    1.94363773e-01 3.53927493e-01 9.48165059e-01 3.54164600e-01
    6.51694477e-01 6.92174852e-01 9.47590470e-02 8.73417735e-01
    5.10972142e-01 1.77998662e-01 2.74059474e-01 7.40512252e-01
    3.06285858e-01 6.76675558e-01 7.98426986e-01 4.48412687e-01
    6.76947236e-02 1.65964007e-01 2.76890695e-02 8.87655139e-01
    3.86850268e-01 2.65157938e-01 8.13344061e-01 5.50166488e-01
    7.89263070e-01 1.15175992e-01 9.34065580e-01 4.11495149e-01
    2.76334047e-01 6.67969823e-01 1.45803362e-01 8.60116243e-01
    1.16384774e-01 6.74417078e-01 5.86224437e-01 3.79689634e-01
    2.52405465e-01 8.71964455e-01 8.59716237e-01 7.80902028e-01
    8.10419798e-01 2.14870423e-01 8.73810530e-01 7.72339106e-03
    2.85998523e-01 6.59506917e-01 1.82044446e-01 2.22183466e-01
    2.03664362e-01 9.60984349e-01 2.57152051e-01 9.99555290e-01
    2.16964364e-01 3.60449791e-01 2.67973959e-01 5.83545029e-01
    2.75708377e-01 2.69902170e-01 5.79919457e-01 5.45415521e-01
    4.63592947e-01 7.47353077e-01 8.96059811e-01 2.41987139e-01
    2.53724575e-01 1.18541092e-01 1.44155771e-01 2.12547809e-01
    4.10662115e-01 2.32023329e-01 8.69910240e-01 2.60598481e-01
    4.05442536e-01 8.73789787e-01 6.96892440e-01 1.12051934e-01
    7.32392192e-01 3.96479875e-01 4.04507279e-01 3.52175415e-01
    4.35554683e-02 1.16774499e-01 3.31512153e-01 7.85832286e-01
    7.09406912e-01 5.77391982e-01 1.97514921e-01 2.30180830e-01
    1.82360470e-01 1.23532325e-01 3.88345540e-01 2.48523146e-01
    9.51193810e-01 3.28590602e-01 2.09122598e-02 6.55955374e-01
    8.08371663e-01 3.79315317e-02 5.54985940e-01 2.64012992e-01
    6.10794067e-01 3.13660949e-01 7.61663139e-01 7.68308282e-01
    6.34778440e-01 2.36583441e-01 3.81728083e-01 1.20987386e-01
    7.75467873e-01 6.76083684e-01 7.48734236e-01 3.37189138e-01
    2.84716249e-01 8.42478871e-03 4.27894890e-02 8.73246849e-01
    9.32815373e-02 5.23759127e-02 8.85929227e-01 3.69716465e-01
    6.93369687e-01 2.20291287e-01 2.03302294e-01 9.43348050e-01
    7.69830108e-01 6.28671288e-01 8.69477928e-01 1.20166838e-02
    7.20416188e-01 7.92465448e-01 7.77581811e-01 9.42778587e-03
    7.58851528e-01 8.81125927e-01 5.65001726e-01 1.51253164e-01
    6.88687682e-01 9.95066762e-01 9.52763200e-01 2.12062418e-01
    8.54691267e-01 6.84515774e-01 7.89593101e-01 1.74924493e-01
    8.88811409e-01 5.47156096e-01 9.31679845e-01 6.19312823e-01
    5.76031685e-01 1.78095132e-01 8.12573552e-01 2.85337627e-01
    5.39873779e-01 4.11702037e-01 5.11278152e-01 6.60948277e-01
    6.84304953e-01 7.94004798e-01 4.75261748e-01 3.69709998e-01
    2.16684341e-01 6.54296517e-01 5.84871471e-02 7.89091468e-01
    4.53249067e-01 5.18959463e-01 8.02167296e-01 7.58043587e-01
    7.60890424e-01 8.25161159e-01 6.03416681e-01 3.53838265e-01
    7.08475590e-01 4.85636711e-01 7.56987810e-01 6.52787566e-01
    7.89810538e-01 7.07898140e-01 5.63732743e-01 7.17139542e-01
    7.10054159e-01 9.18660641e-01 8.05943608e-01 7.03362226e-01
    8.30467045e-02 6.56489968e-01 3.34738046e-01 4.23437804e-01
    9.70681548e-01 9.06270146e-01 2.23546177e-01 9.26579177e-01
    7.84404039e-01 3.53276372e-01 4.71039474e-01 8.91091108e-01
    4.06071723e-01 5.36322892e-01 1.33816987e-01 8.99921000e-01
    9.52316284e-01 1.89428002e-01 2.82225013e-02 7.60872662e-01
    3.62779617e-01 5.71337104e-01 6.13411427e-01 1.05838448e-01
    5.85213244e-01 2.39693165e-01 8.11375976e-02 5.11586666e-04
    4.09045517e-01 1.19786710e-01 8.96105647e-01 9.53467131e-01
    4.89508659e-01 3.54600191e-01 7.61914492e-01 7.18559027e-01
    9.77897108e-01 5.09514451e-01 9.70053673e-01 5.67612588e-01
    8.05275559e-01 9.13634300e-02 5.46449125e-02 4.02418375e-01
    3.96482408e-01 8.49331617e-01 6.76364124e-01 4.79963124e-02
    9.95551944e-01 1.99959636e-01 3.37732971e-01 6.86956108e-01
    6.08347595e-01 6.85775936e-01 5.07088065e-01 3.66848528e-01
    4.44985628e-01 4.43563819e-01 2.41320223e-01 9.08055305e-01
    8.60381603e-01 8.33476424e-01 5.97119093e-01 9.27739859e-01
    1.80793643e-01 2.79431224e-01 3.74378681e-01 3.96287531e-01
    5.81867754e-01 7.65437722e-01 5.96616924e-01 5.77942133e-01
    4.49691921e-01 8.00924420e-01 8.69706750e-01 4.32358503e-01
    9.49593067e-01 6.73802316e-01 9.01411295e-01 4.31095421e-01
    6.20773852e-01 6.85697079e-01 1.79362297e-01 7.85847783e-01
    2.68259525e-01 5.61349690e-02 7.55338073e-01 1.82795465e-01
    8.05243373e-01 9.18666065e-01 1.91378921e-01 4.44587171e-01
    6.39864981e-01 6.42151237e-02 4.26641554e-01 4.43663627e-01
    7.77481914e-01 8.61619473e-01 3.57799411e-01 3.14640820e-01
    7.14675307e-01 3.45384300e-01 1.66343838e-01 7.96222806e-01
    2.44666606e-01 5.97551346e-01 4.73168015e-01 5.89842081e-01
    4.69761789e-01 7.63266206e-01 1.02497280e-01 6.87725782e-01
    7.04499245e-01 3.70923936e-01 3.78375113e-01 4.22931015e-01
    3.58763844e-01 7.77535200e-01 2.04038650e-01 4.56034690e-01
    3.47093880e-01 2.05699772e-01 2.98500180e-01 6.81861699e-01
    7.86762834e-02 2.21490085e-01 8.35986257e-01 7.97050714e-01
    2.21197903e-01 3.18820298e-01 5.22642374e-01 4.49203372e-01
    1.63681388e-01 2.08708763e-01 3.83436561e-01 4.68314946e-01
    3.51576507e-01 7.46103942e-01 6.70929670e-01 6.57956541e-01
    1.23634040e-02 4.08093661e-01 7.92460740e-01 4.57679629e-01
    2.55648375e-01 8.43225121e-01 1.70084804e-01 2.84184158e-01
    4.18953598e-01 1.94356859e-01 9.48069572e-01 5.04651964e-01
    5.47315359e-01 9.75255370e-01 6.00509346e-02 3.53067935e-01
    9.84235644e-01 6.37974262e-01 4.92754489e-01 5.94415903e-01
    3.45458984e-02 6.21015310e-01 9.56533432e-01 6.48566782e-01
    3.28837514e-01 1.59144610e-01 5.81426263e-01 5.56442440e-01
    7.21579909e-01 3.16833675e-01 1.81599557e-01 7.96034813e-01
    3.48354638e-01 2.63941884e-02 3.05549204e-01 8.04791212e-01
    6.11573815e-01 2.49160409e-01 7.37650156e-01 9.67904449e-01
    7.15545833e-01 3.07290435e-01 1.78905517e-01 3.23536903e-01
    3.47482532e-01 3.43133897e-01 2.99737275e-01 9.98046696e-02
    2.00030506e-01 9.94550824e-01 1.25478864e-01 3.22950780e-02
    9.83076453e-01 6.56592727e-01 7.13744879e-01 9.53128457e-01
    2.98785657e-01 3.72542858e-01 2.72946358e-01 7.26060927e-01
    5.24362147e-01 5.35958409e-01 7.20198095e-01 4.06153619e-01
    7.62860894e-01 8.18248391e-01 3.69100392e-01 9.87796187e-01
    2.49333560e-01 6.31311238e-02 5.56260288e-01 6.30387604e-01
    7.52875566e-01 4.88242686e-01 9.38386023e-02 9.46458459e-01
    3.47456992e-01 6.04865670e-01 7.91506767e-02 3.21279585e-01
    7.92724788e-02 2.39677012e-01 2.15691507e-01 5.97574711e-01
    1.12540781e-01 7.92171121e-01 7.86669016e-01 2.73554027e-01
    7.92719126e-01 1.48316622e-01 1.55641168e-01 7.60149956e-02
    3.56807113e-02 9.04534698e-01 7.47169256e-01 6.50703013e-01
    9.57361341e-01 9.35275674e-01 4.16307449e-02 1.14833504e-01
    1.98392898e-01 7.62522578e-01 3.01839709e-01 6.39858127e-01
    4.83505607e-01 1.56266540e-01 6.03789687e-02 5.87925911e-01
    6.39058352e-01 3.97492319e-01 4.24424112e-02 5.66609859e-01
    4.50748384e-01 1.60662323e-01 6.77546144e-01 7.52057910e-01
    8.58096600e-01 9.22179282e-01 8.77375185e-01 7.11953521e-01
    4.06645268e-01 5.78003526e-01 1.14888042e-01 7.93209970e-01
    2.66285509e-01 6.68689609e-01 6.42200410e-02 5.79175115e-01
    7.66612887e-01 1.31924152e-01 8.57442021e-02 6.85761690e-01
    2.77633369e-01 7.48468995e-01 9.24337566e-01 6.96970463e-01
    5.78129768e-01 2.21423000e-01 8.84523511e-01 1.39253527e-01
    8.00012708e-01 2.09117293e-01 8.62717330e-02 1.89705908e-01
    1.92317039e-01 7.61313796e-01 2.26620555e-01 3.39012146e-01
    3.21393967e-01 7.29460537e-01 5.83733022e-02 6.93563759e-01
    9.35778201e-01 7.71257520e-01 8.40314031e-02 2.20274925e-01
    4.12008762e-02 8.45883012e-01 1.02884799e-01 3.87828022e-01
    3.43208313e-02 8.75371695e-03 3.29781562e-01 7.74385929e-01
    1.41229600e-01 8.13866615e-01 4.24991786e-01 1.89222097e-02
    6.86547697e-01 1.41267478e-02 5.21240234e-01 3.40427488e-01
    1.99673772e-02 6.61121666e-01 2.15502560e-01 2.80210853e-01
    5.00433445e-02 9.29054976e-01 4.40861315e-01 6.32004142e-01
    2.64362276e-01 8.32278371e-01 2.86470532e-01 5.77265501e-01
    4.61832076e-01 9.09861326e-01 8.99034739e-01 5.47135651e-01
    1.33553505e-01 9.17075872e-01 5.03437161e-01 6.57153606e-01
    9.07866240e-01 4.09767002e-01 4.07190025e-01 2.11994201e-01
    4.86178309e-01 4.72512603e-01 6.67555511e-01 2.35256940e-01
    9.36711311e-01 1.87562823e-01 2.29698360e-01 8.73745561e-01
    2.59830773e-01 1.69688344e-01 9.56388831e-01 5.45531690e-01
    2.88273931e-01 1.68169260e-01 7.35782504e-01 1.94429517e-01
    1.47658974e-01 7.46538639e-01 6.52553201e-01 6.21577799e-01
    4.78440106e-01 5.50953746e-01 5.55009723e-01 4.99322325e-01
    7.41124034e-01 9.38092828e-01 2.14445978e-01 2.25944430e-01
    2.22234666e-01 3.93810600e-01 4.77832496e-01 2.12869048e-03
    4.10646915e-01 2.19817191e-01 8.43301654e-01 6.32149160e-01
    3.24435353e-01 3.63953948e-01 6.43524289e-01 6.23673975e-01
    5.11008441e-01 2.11766899e-01 7.71276951e-01 4.66561139e-01
    7.45573521e-01 7.11903274e-01 3.95098835e-01 7.71916986e-01
    5.75878441e-01 4.88776326e-01 1.54090434e-01 3.47296596e-01
    7.15896845e-01 8.54461193e-01 9.89957213e-01 2.19428033e-01
    1.27358943e-01 2.85153091e-02 5.94117045e-02 4.50447917e-01
    5.23807526e-01 2.12297589e-01 3.63451809e-01 9.50806260e-01
    3.58463615e-01 4.96886671e-01 1.82269305e-01 2.15456098e-01
    4.42391366e-01 9.59496439e-01 1.62485868e-01 2.45808721e-01
    1.61401302e-01 2.83847451e-01 5.14692366e-02 9.00326610e-01
    3.28974128e-02 1.79658145e-01 5.64025402e-01 3.06670010e-01
    7.59420693e-02 2.98025459e-01 8.10443997e-01 9.68733728e-01
    1.94547236e-01 6.04675651e-01 2.32460797e-01 2.02512145e-02
    1.66080862e-01 4.71571088e-02 8.62075686e-01 2.38621891e-01
    7.19596386e-01 9.09749150e-01 7.96392441e-01 7.44816422e-01
    7.10536003e-01 6.92383349e-02 7.71096349e-01 8.75993013e-01
    5.53061008e-01 4.63669479e-01 2.56252289e-01 1.28308862e-01
    4.46730256e-01 2.14595437e-01 7.40045488e-01 5.26009858e-01
    7.31541276e-01 5.46453893e-02 8.23020697e-01 8.73790860e-01
    4.66530532e-01 1.53406978e-01 2.22609907e-01 8.47321272e-01
    3.21080148e-01 6.18889928e-03 9.50844288e-01 6.21262372e-01
    3.48029613e-01 7.90168464e-01 9.16797400e-01 7.25445867e-01
    9.62991476e-01 2.76313305e-01 5.28639555e-03 6.15141153e-01
    5.10628402e-01 2.91863680e-01 3.88343811e-01 8.68487239e-01
    8.24020386e-01 1.03810459e-01 2.80079186e-01 1.13104582e-02
    9.85965431e-02 9.74352241e-01 7.02493727e-01 4.93526459e-05
    4.71011281e-01 4.61026728e-01 5.65537393e-01 9.08378065e-02
    7.41731644e-01 7.50138164e-01 8.45605195e-01 5.51524341e-01
    2.34210789e-02 4.47371870e-01 2.76181102e-01 8.94175053e-01
    5.98220110e-01 7.17256010e-01 2.91723698e-01 6.96110487e-01
    4.88602996e-01 2.65722722e-01 3.36470306e-01 3.68664622e-01
    4.32781875e-01 6.28428996e-01 9.97498393e-01 4.65084434e-01
    3.39928150e-01 4.41592932e-01 5.30137241e-01 8.53351355e-01
    8.01032782e-01 2.24606156e-01 5.60350657e-01 2.25537300e-01
    2.30041802e-01 9.75114286e-01 8.54462802e-01 3.84239942e-01
    1.06275141e-01 1.98504001e-01 6.52606010e-01 2.56159663e-01
    4.43225920e-01 2.33577430e-01 2.54200041e-01 4.39569205e-01
    6.46863282e-02 1.88278794e-01 4.02286887e-01 3.76368165e-02
    2.72119671e-01 3.09033394e-02 5.82270741e-01 8.92921567e-01
    1.31338209e-01 8.85345697e-01 6.33259892e-01 2.98046947e-01
    1.26614600e-01 4.68845665e-01 8.67331147e-01 5.93748271e-01
    6.44113898e-01 9.73137975e-01 9.67897654e-01 4.38380718e-01
    4.86134350e-01 5.96852779e-01 4.17733431e-01 5.62979460e-01
    5.68928599e-01 5.25510371e-01 3.02211344e-01 4.38966841e-01
    7.52886534e-01 5.01878023e-01 8.59878898e-01 4.37915325e-02
    4.90166306e-01 5.43665230e-01 1.53230608e-01 8.85557532e-02
    7.18537211e-01 5.50765812e-01 2.69738853e-01 4.08372283e-01
    1.67292863e-01 7.98947632e-01 8.39916170e-02 9.40528870e-01
    9.66573060e-02 3.81635696e-01 3.77962172e-01 7.83850431e-01
    6.45059526e-01 2.87136912e-01 1.31374031e-01 1.63064599e-02
    4.69193131e-01 9.00968552e-01 2.02686965e-01 8.17605615e-01
    5.02825677e-02 2.06372142e-03 1.51150823e-02 8.20723057e-01
    5.85184515e-01 4.22451198e-02 6.01475000e-01 3.15764606e-01
    6.57061696e-01 6.75421119e-01 1.97879940e-01 5.23982644e-02
    7.47038364e-01 2.39682198e-02 6.78833842e-01 8.50248575e-01
    3.81516784e-01 7.62595236e-02 1.74553216e-01 8.34794700e-01
    4.52190638e-04 6.42457664e-01 2.88794339e-01 8.27238798e-01
    3.77284884e-02 9.25267756e-01 5.87768316e-01 2.07240820e-01
    5.36644101e-01 9.18772936e-01 6.56433702e-02 3.82007837e-01
    9.96948481e-01 6.40343189e-01 2.29348302e-01 9.78976190e-02
    4.05224860e-01 9.76819217e-01 3.04813385e-01 2.25491941e-01
    7.99129486e-01 3.40249836e-01 2.44277626e-01 6.19823694e-01
    7.10990965e-01 5.85630238e-01 5.86338580e-01 1.52420998e-03
    5.49898326e-01 3.56388390e-01 7.01589942e-01 1.51065320e-01
    9.90768075e-02 6.41799450e-01 1.76978528e-01 1.87687188e-01
    2.10914850e-01 9.14472640e-01 7.06775069e-01 7.35138535e-01
    5.33440471e-01 5.53975046e-01 8.21203589e-01 3.29246342e-01
    9.81459320e-01 2.38787025e-01 9.17107582e-01 6.97390795e-01
    4.13945317e-02 3.84077013e-01 4.90321666e-01 7.29578137e-02
    4.52570975e-01 4.62757885e-01 9.56009984e-01 3.57392728e-01
    1.20623410e-01 7.83762038e-01 8.91849637e-01 9.35170650e-02
    7.23033667e-01 5.90993881e-01 3.37575108e-01 1.03366911e-01
    9.20227051e-01 6.11921310e-01 2.01549053e-01 3.57485145e-01
    7.84366608e-01 5.76706827e-01 6.25823796e-01 2.74781406e-01
    7.40163565e-01 8.48884463e-01 3.58721673e-01 5.25551379e-01
    8.85289013e-02 6.54676974e-01 9.12124217e-02 5.70474446e-01
    5.49409688e-01 8.33956182e-01 9.37497497e-01 7.36865401e-01
    5.17666161e-01 9.95541930e-01 7.55612135e-01 6.09668255e-01
    3.93169224e-01 9.84151959e-01 3.70595872e-01 5.59280276e-01
    6.03242874e-01 3.57815444e-01 1.85967654e-01 9.56725895e-01
    5.57425559e-01 5.99305093e-01 2.10124820e-01 9.16790605e-01
    2.88532972e-02 9.28795576e-01 9.06069279e-01 6.94962740e-01
    4.48049694e-01 4.46796000e-01 9.68045473e-01 5.37391186e-01
    1.35180712e-01 3.40838134e-01 4.58111972e-01 3.96365106e-01
    1.32908374e-01 5.15024006e-01 9.42331314e-01 9.05781269e-01
    9.43774343e-01 9.28077698e-01 4.55371290e-01 9.92618382e-01
    1.92431331e-01 9.60376561e-01 5.63613772e-02 6.79411292e-01
    1.90709144e-01 8.76908541e-01 9.58931804e-01 4.16344345e-01
    3.88173223e-01 6.76228046e-01 1.34965092e-01 6.44710004e-01
    5.53637385e-01 8.81573260e-01 5.16802788e-01 7.90580094e-01
    8.90277624e-01 1.02533102e-01 1.06000334e-01 3.43299389e-01
    5.08470118e-01 6.74384832e-01 5.28292775e-01 3.69354188e-02
    7.93718815e-01 4.15577412e-01 4.17998374e-01 8.07567954e-01
    2.56569862e-01 5.81257343e-01 8.47594857e-01 5.10107815e-01
    5.41159451e-01 2.52799183e-01 2.79652655e-01 6.60714328e-01
    3.36320758e-01 5.08831203e-01 8.73153448e-01 4.55376387e-01
    4.72307682e-01 7.35206187e-01 3.64653677e-01 2.55933642e-01
    9.14186835e-01 9.95418310e-01 8.53026688e-01 1.24014050e-01
    9.39776301e-01 8.76500607e-01 5.62786996e-01 4.36801732e-01
    6.20102882e-02 5.28666198e-01 2.00354457e-01 8.70871186e-01
    4.86557066e-01 4.86243844e-01 1.62118018e-01 8.13302219e-01
    5.68991601e-01 6.98681355e-01 8.82841110e-01 1.58526152e-01
    5.74512184e-01 4.46343750e-01 2.26005912e-02 4.24407214e-01
    1.79940760e-02 5.89107037e-01 2.94055223e-01 6.18492723e-01
    5.23712397e-01 4.69604790e-01 2.66063690e-01 8.32436919e-01
    5.22318482e-01 8.85171413e-01 5.03342927e-01 7.37469077e-01
    6.85003221e-01 6.80182338e-01 3.37638557e-01 9.46369946e-01
    2.82172054e-01 9.78860497e-01 3.65669429e-01 8.40928555e-01
    5.87635040e-02 2.32091904e-01 2.47435480e-01 4.93397415e-02
    7.11338282e-01 2.51186877e-01 2.88847089e-03 7.42475688e-01
    7.61242747e-01 3.12839121e-01 3.53573620e-01 8.22246075e-05
    8.11404288e-02 1.32494867e-02 1.08901322e-01 5.86770296e-01
    3.35180759e-02 6.10068977e-01 4.91875857e-01 7.67913461e-02
    4.75647479e-01 1.41270518e-01 5.66885293e-01 4.25636590e-01
    4.61460352e-01 7.56149411e-01 6.08581066e-01 3.80599678e-01
    6.73754334e-01 4.21994954e-01 4.65449959e-01 4.89849180e-01
    2.97119200e-01 8.06272388e-01 6.21098042e-01 5.30661285e-01
    8.48484039e-01 1.68024421e-01 1.45386040e-01 1.31865710e-01
    2.80697882e-01 2.99863875e-01 7.40065277e-02 1.16183639e-01
    1.88125700e-01 9.62725997e-01 2.61866570e-01 2.30537176e-01
    6.42569780e-01 8.64512444e-01 3.43000591e-01 8.49570811e-01
    5.06829143e-01 1.10071331e-01 7.00299263e-01 1.19517028e-01
    1.92697942e-01 1.35921359e-01 7.45224893e-01 2.93657184e-02
    8.46946359e-01 6.98450804e-01 2.58945078e-01 7.12371588e-01
    7.50437975e-01 6.97412312e-01 4.79147941e-01 5.73410571e-01
    1.26591802e-01 7.83372939e-01 8.36581707e-01 8.26685309e-01
    8.80577683e-01 3.05706054e-01 6.28199458e-01 5.32581985e-01
    4.45327461e-02 5.98116159e-01 4.33675826e-01 1.54998153e-01
    5.83366215e-01 5.35623312e-01 8.33143950e-01 5.48526645e-02
    1.50848776e-01 9.24418092e-01 8.78694296e-01 3.07548940e-01
    2.30802268e-01 6.07019365e-02 6.47834539e-02 1.10812455e-01
    7.49526858e-01 4.69490945e-01 1.64542556e-01 9.56708193e-01
    5.10778308e-01 8.36105108e-01 5.91237187e-01 6.86169624e-01
    8.31116796e-01 3.93528342e-01 7.77888834e-01 6.38069034e-01
    3.47946107e-01 3.64147007e-01 1.13050371e-01 5.23700416e-01
    9.38325346e-01 6.34695292e-01 9.93859768e-01 9.02512312e-01
    6.23530269e-01 9.08379197e-01 7.76969016e-01 6.74867451e-01
    4.03141677e-01 5.61720431e-01 3.02894413e-01 5.43803573e-01
    2.69747794e-01 9.09766316e-01 4.85360950e-01 1.27948821e-02
    7.45258808e-01 5.85881889e-01 5.21207690e-01 2.79933304e-01
    8.88773382e-01 6.48737252e-01 9.91376996e-01 7.26630032e-01
    9.91863608e-01 6.11833453e-01 1.20267212e-01 7.96126008e-01
    1.23142183e-01 8.31644475e-01 7.15290904e-01 5.02565801e-02
    9.78032708e-01 6.81562543e-01 1.29436702e-01 2.53645897e-01
    8.67347896e-01 8.44936609e-01 8.88606429e-01 5.01703024e-01
    2.34619826e-01 6.10922694e-01 9.91961062e-02 2.43776083e-01
    1.86627120e-01 8.01727533e-01 3.58729839e-01 3.10854435e-01
    2.44705051e-01 3.17276955e-01 6.72106683e-01 8.63839984e-02
    9.11112189e-01 1.40176624e-01 3.33161116e-01 5.85931659e-01
    2.05514729e-01 3.26348156e-01 8.61420035e-02 5.41256130e-01
    6.11012638e-01 3.37271959e-01 8.65154982e-01 5.60926139e-01
    8.35362494e-01 8.79003406e-01 4.54629958e-01 5.47678173e-02
    5.89337349e-01 9.83788431e-01 5.36594748e-01 7.78027177e-01
    4.26346958e-02 9.51504230e-01 2.00023234e-01 7.64066696e-01
    1.17728472e-01 4.94113684e-01 9.25811410e-01 2.21914083e-01
    3.58120263e-01 6.86513186e-02 4.12540138e-02 2.27366596e-01
    2.70837963e-01 6.61136568e-01 8.13591719e-01 3.42805088e-02
    9.15528834e-01 7.91326523e-01 1.53048128e-01 1.94597065e-01
    2.04451472e-01 1.47247314e-02 5.13291955e-01 5.22933006e-01
    6.25822365e-01 6.12559676e-01 6.94109499e-02 4.04954880e-01
    1.21676505e-01 1.19414091e-01 6.83374584e-01 6.91742897e-02
    6.02373004e-01 5.73262572e-01 5.97707331e-01 6.85832560e-01
    6.60922289e-01 8.35906863e-01 4.14696455e-01 4.32214200e-01
    3.31287295e-01 4.24608260e-01 2.15002954e-01 4.43668753e-01
    9.26844954e-01 7.36629725e-01 1.73804283e-01 2.27918804e-01
    2.46070534e-01 4.37993765e-01 9.71332312e-01 7.92891622e-01
    6.99903429e-01 1.31202340e-02 9.58586216e-01 3.91082704e-01
    5.12979865e-01 5.82376242e-01 1.40004069e-01 6.21962249e-01
    7.91181803e-01 2.57551134e-01 5.82429528e-01 1.29351169e-01
    9.63516176e-01 2.46327251e-01 7.67601252e-01 6.49259925e-01
    2.45625049e-01 2.76005566e-01 9.27207053e-01 2.56066680e-01
    2.33784467e-01 9.76476669e-01 7.01921463e-01 9.26522613e-01
    7.87990808e-01 7.45808542e-01 2.69415140e-01 7.94371784e-01
    9.73060250e-01 4.76865470e-02 9.34495926e-01 8.44596922e-01
    6.39035821e-01 9.91147876e-01 4.95766401e-01 3.63282979e-01
    3.40869576e-01 6.85938299e-01 4.51092720e-01 6.30368948e-01
    9.95117426e-01 2.86566317e-02 9.11033392e-01 1.09150857e-01
    4.18283314e-01 3.69661808e-01 8.83971334e-01 3.20518404e-01
    9.11348939e-01 8.80422235e-01 3.00943345e-01 8.70059729e-02
    7.03354836e-01 7.12479711e-01 9.12839293e-01 3.42801511e-01
    9.57748413e-01 7.07818806e-01 7.41083741e-01 1.28722340e-01
    4.62349415e-01 1.06627524e-01 1.16143703e-01 7.78673410e-01
    8.37519765e-01 7.21269608e-01 8.02211225e-01 9.22276258e-01
    7.40366817e-01 5.65440238e-01 8.56472194e-01 4.87853616e-01
    8.02135289e-01 1.57021344e-01 1.57778859e-01 7.36056387e-01
    8.97554874e-01 2.67121077e-01 5.46212018e-01 3.88618827e-01
    5.62443614e-01 9.94005442e-01 7.10447729e-01 3.60617042e-03
    1.75935149e-01 6.97461545e-01 4.13461924e-01 3.89094710e-01
    2.82148480e-01 6.91725910e-01 4.41352367e-01 2.34984756e-02
    1.29465580e-01 2.14718938e-01 4.71881837e-01 3.63108516e-03
    8.00760388e-02 9.85712886e-01 5.84093332e-01 7.79976368e-01
    6.94264412e-01 2.93139815e-01 4.85248625e-01 1.37061357e-01
    4.50957507e-01 8.61157477e-01 3.09980094e-01 5.25156379e-01
    4.69319642e-01 3.30961704e-01 2.52240896e-01 3.69765103e-01
    2.05680728e-03 4.20382112e-01 9.61494446e-01 1.35493189e-01
    6.40772343e-01 7.24441886e-01 8.84525537e-01 3.16817880e-01
    5.13650775e-01 7.03273535e-01 3.31797272e-01 2.86397994e-01
    5.72996318e-01 4.48557526e-01 8.33322048e-01 6.29026473e-01
    9.25183654e-01 6.08856142e-01 5.90693653e-02 5.60980558e-01
    7.79903829e-01 9.71878529e-01 8.10960650e-01 4.95962530e-01
    4.79119450e-01 6.87773228e-01 8.60441327e-01 8.08886051e-01
    8.89393330e-01 1.93422198e-01 1.05132699e-01 7.76069820e-01
    8.89483809e-01 3.03826094e-01 9.01654482e-01 3.27147245e-02
    1.78872705e-01 5.07812083e-01 8.95545423e-01 3.61206710e-01
    8.98745358e-01 1.07636005e-01 6.78234160e-01 2.31392175e-01
    6.65019631e-01 3.74939919e-01 3.75316739e-02 8.65452528e-01
    1.62839979e-01 9.63069320e-01 1.94346696e-01 2.28778332e-01
    4.89344090e-01 5.01073539e-01 7.08368242e-01 2.03337580e-01
    3.61510336e-01 7.10229516e-01 3.09504569e-02 9.50818717e-01
    3.29891741e-01 3.23801279e-01 1.38732344e-01 8.06105971e-01
    2.72901893e-01 9.17046607e-01 7.01801658e-01 9.27297175e-02
    8.90453041e-01 3.37207049e-01 5.85173368e-01 7.52428174e-01
    7.76103437e-02 6.73137665e-01 6.79746211e-01 5.68976462e-01
    4.02959824e-01 2.59882361e-01 5.59012115e-01 9.14815664e-01
    8.24539661e-01 1.61402106e-01 2.18670487e-01 1.75929934e-01
    9.38418508e-01 8.76720190e-01 6.03598356e-03 4.42149699e-01
    8.71029973e-01 2.49811530e-01 6.94976449e-02 9.83303308e-01
    9.58710074e-01 6.68634057e-01 9.67847586e-01 3.67573798e-01
    4.75807369e-01 3.51023912e-01 2.38010943e-01 1.82936966e-01
    3.29751551e-01 6.35500550e-02 4.41890836e-01 1.84758008e-01
    9.90990102e-01 5.56055069e-01 2.37561673e-01 3.61486882e-01
    4.90556300e-01 9.61984098e-01 7.79771805e-03 8.61681819e-01
    1.82926744e-01 8.63292754e-01 6.42714560e-01 7.56483912e-01
    9.20793056e-01 9.24642265e-01 1.98707461e-01 3.11964184e-01
    3.46341729e-03 3.21382940e-01 4.73351926e-01 3.07827771e-01
    6.47906184e-01 3.72805268e-01 7.21973062e-01 3.71397167e-01
    1.06827915e-02 1.76729292e-01 1.55618697e-01 3.33203733e-01
    7.91874409e-01 5.71202934e-01 5.49601972e-01 5.47050059e-01
    5.96696854e-01 4.97947156e-01 2.84703046e-01 2.60584652e-01
    3.65325630e-01 4.72431153e-01 8.94012690e-01 1.06630236e-01
    7.08576977e-01 3.28442574e-01 5.26933968e-01 4.76350397e-01
    6.83400929e-02 2.26675212e-01 8.10958147e-01 7.68929422e-01
    1.87916100e-01 3.47083211e-01 4.72997636e-01 7.20244884e-01
    3.48933071e-01 7.14162290e-01 7.25883365e-01 1.25043094e-01
    1.07896864e-01 9.04206872e-01 9.03043151e-01 4.01995480e-02
    5.65518141e-01 6.74731910e-01 5.07794559e-01 2.47417867e-01
    3.60069692e-01 7.16315866e-01 2.81486809e-01 8.30833197e-01
    7.76208043e-01 8.22746515e-01 3.80014360e-01 9.77375269e-01
    4.90591466e-01 7.66615033e-01 8.36667180e-01 6.65312469e-01
    3.23285311e-01 1.23760998e-02 1.26242936e-01 6.44735515e-01
    1.26428545e-01 7.23769069e-01 6.66500926e-01 7.53648877e-01
    7.36110330e-01 1.33247674e-01 6.32055402e-02 3.78480554e-03
    3.78782332e-01 8.55452657e-01 5.40713012e-01 1.16670042e-01
    1.28173500e-01 7.89185047e-01 7.69217312e-02 2.49738514e-01
    9.22120214e-01 9.74155307e-01 8.06611300e-01 4.58957940e-01
    4.37760979e-01 3.68557125e-01 5.19871175e-01 7.18869865e-01
    4.58659619e-01 2.85875797e-02 9.05864716e-01 6.16476953e-01
    1.84950590e-01 2.62115508e-01 5.47015369e-02 5.80737948e-01
    6.86382532e-01 2.61867613e-01 7.82845020e-01 2.07562745e-02
    8.19709897e-02 1.32616669e-01 1.59568906e-01 9.07201409e-01
    1.76554918e-02 4.17475104e-01 1.82890803e-01 1.26743227e-01
    2.33116210e-01 7.02537298e-02 9.57240522e-01 4.49526072e-01
    2.07918227e-01 2.81614661e-01 2.72126049e-01 6.09810293e-01
    5.10713458e-01 9.19137597e-01 6.14467978e-01 1.56293839e-01
    6.79962635e-01 3.34063590e-01 3.76020372e-02 9.10829186e-01
    5.54005325e-01 5.74139118e-01 2.83010840e-01 6.16164744e-01
    4.74063933e-01 6.32019043e-01 3.80833358e-01 4.94321436e-01
    3.91090721e-01 4.26207870e-01 3.39656353e-01 6.28743708e-01
    7.47274637e-01 1.43694878e-03 2.99257338e-02 8.62871170e-01
    5.77429652e-01 6.78585172e-01 5.59391916e-01 5.44875860e-01
    2.64262050e-01 7.02956319e-03 5.49561381e-02 7.98296332e-01
    6.10242367e-01 3.02358031e-01 9.09240961e-01 9.72726583e-01
    4.08685505e-02 3.87170225e-01 2.83977032e-01 1.91752613e-02
    3.30724537e-01 8.96392226e-01 1.85113460e-01 4.78185534e-01
    3.65969598e-01 5.94181716e-01 5.87831497e-01 5.27138352e-01
    1.58321738e-01 5.54210007e-01 3.64139318e-01 4.02523279e-02
    6.60524845e-01 6.02585673e-01 2.78550684e-02 7.10524321e-01
    5.60626090e-02 5.29879689e-01 2.49333411e-01 6.35340035e-01
    3.63820016e-01 3.15646529e-02 6.65929139e-01 4.14957404e-01
    7.96065390e-01 5.61035812e-01 2.07417607e-01 6.35173440e-01
    9.64465141e-01 2.84132004e-01 8.68711114e-01 2.39353538e-01
    3.19252908e-01 7.15654731e-01 3.55382919e-01 3.80217433e-01
    1.43899441e-01 7.01040626e-01 8.64893317e-01 3.87461960e-01
    8.64423752e-01 7.54283786e-01 4.21481729e-01 7.53626943e-01
    2.35147804e-01 4.71560657e-02 3.24086815e-01 3.81546140e-01
    2.39599913e-01 7.47930884e-01 4.49255735e-01 6.90462947e-01
    5.54009557e-01 3.96644115e-01 1.14670187e-01 6.81756973e-01
    2.19209850e-01 1.36066794e-01 6.84789062e-01 6.33377731e-01
    9.85982299e-01 2.68810749e-01 8.29726458e-01 4.21275735e-01
    1.62584066e-01 8.05150390e-01 5.72750449e-01 7.64147639e-01
    9.97922003e-01 1.69766754e-01 7.29572237e-01 1.67978019e-01
    6.32334769e-01 5.27059019e-01 7.89345682e-01 5.44460833e-01
    3.84257793e-01 6.88799620e-01 1.32961214e-01 2.78601646e-02
    7.19070435e-04 8.44973922e-01 7.43431091e-01 5.29346347e-01
    5.27010322e-01 3.41608226e-02 9.33382034e-01 9.84217286e-01
    2.07591265e-01 3.81375313e-01 5.50696909e-01 5.61367929e-01
    2.62293160e-01 5.28788388e-01 9.86088514e-01 3.53769958e-02
    3.27923089e-01 8.72369945e-01 8.78731251e-01 7.13593841e-01
    8.91641080e-01 2.61353016e-01 7.39322126e-01 6.68432713e-01
    3.47531110e-01 6.27046704e-01 3.17721784e-01 9.20735955e-01
    4.44355667e-01 1.21721029e-02 6.04338527e-01 1.77292943e-01
    5.39434493e-01 3.33190471e-01 2.82606065e-01 5.61405420e-01
    7.15561748e-01 5.12158930e-01 7.20671654e-01 7.86895573e-01
    9.26737070e-01 7.79335797e-01 5.89330137e-01 5.93242645e-02
    5.16867697e-01 3.01928520e-01 9.11086321e-01 2.46021628e-01
    9.08979833e-01 4.98524964e-01 2.03849763e-01 4.01433408e-02
    5.79047561e-01 5.36736548e-02 2.74209440e-01 3.22169721e-01
    9.40423429e-01 2.86826104e-01 7.37275004e-01 3.66125166e-01
    6.10530019e-01 7.95893788e-01 1.96812809e-01 8.10985267e-01
    1.87583566e-01 6.37033582e-01 4.72225279e-01 7.19295561e-01
    5.94477534e-01 8.56473923e-01 4.82572585e-01 7.84812689e-01
    1.78388655e-02 7.21692502e-01 1.57595932e-01 2.63523221e-01
    7.15996802e-01 9.41512525e-01 4.82041806e-01 6.48479164e-02
    9.42106009e-01 9.80714500e-01 5.47447383e-01 9.43134844e-01
    3.27069819e-01 8.91200066e-01 9.83195364e-01 6.45095468e-01
    9.67268586e-01 7.50052333e-01 3.32799911e-01 9.03223217e-01
    3.16998899e-01 8.99069548e-01 7.85506546e-01 4.59359139e-01
    8.65293741e-01 4.31118309e-02 9.94086742e-01 2.40173250e-01
    2.96353936e-01 8.04923475e-01 1.62547231e-01 6.39832318e-01
    6.49620593e-01 4.35935557e-02 2.00158656e-01 7.75911748e-01
    3.95163119e-01 3.30852836e-01 9.59474325e-01 5.56276083e-01
    1.77472144e-01 9.95228887e-02 5.90223789e-01 7.09069431e-01
    5.40444851e-02 4.49963927e-01 8.44478607e-01 3.98770332e-01
    6.57200277e-01 1.64914399e-01 8.53932977e-01 6.66310251e-01
    1.58316880e-01 1.45969123e-01 3.79934847e-01 1.37866735e-01
    6.21738732e-01 9.97273088e-01 9.62727487e-01 4.15660292e-01
    4.51299667e-01 8.71689260e-01 5.30686975e-01 4.20225561e-01
    8.07897508e-01 9.02526200e-01 8.63279283e-01 2.60668993e-01
    9.85247970e-01 4.12869871e-01 9.65774894e-01 1.21115834e-01
    2.34693795e-01 9.13300037e-01 2.63556004e-01 3.01108032e-01
    2.57948220e-01 2.26854265e-01 7.39577174e-01 6.81719184e-01
    4.23692226e-01 6.31576657e-01 3.34715188e-01 5.05343437e-01
    4.49366033e-01 3.74330819e-01 6.60634637e-02 2.47067451e-01
    4.44483995e-01 2.77694166e-02 7.17255533e-01 5.16781449e-01
    1.99304402e-01 3.16797107e-01 3.45534176e-01 7.16312647e-01
    3.22685838e-01 1.84826553e-02 5.02050042e-01 9.78577256e-01
    8.14018369e-01 3.06783199e-01 6.12379372e-01 8.44523311e-01
    7.43181050e-01 1.59187019e-01 7.30864465e-01 8.08090329e-01
    1.45925879e-01 2.49493748e-01 5.33687532e-01 8.61867070e-01
    4.88049209e-01 8.69489193e-01 8.23069990e-01 7.06478894e-01
    8.72132182e-01 2.17170388e-01 2.48888731e-02 7.62167513e-01
    5.41811407e-01 5.29804051e-01 2.05506742e-01 6.70760870e-04
    8.79173875e-01 2.48992324e-01 5.99727988e-01 5.78086138e-01
    2.43683606e-01 7.63119459e-01 1.33039951e-02 5.97978175e-01
    1.82028115e-02 7.18599379e-01 6.73957467e-01 4.02447879e-01
    4.40367490e-01 4.12039399e-01 7.28767216e-02 8.42545748e-01
    7.93447137e-01 1.90732419e-01 9.79390502e-01 5.26116073e-01
    4.11674500e-01 7.41599202e-02 2.85242617e-01 5.35849452e-01
    3.77909958e-01 5.14632821e-01 4.53352004e-01 8.36305976e-01
    1.14364147e-01 9.60766912e-01 6.07482910e-01 4.62194026e-01
    6.60787523e-02 3.28804106e-01 1.44155324e-01 4.38275039e-01
    1.08359188e-01 7.86823988e-01 2.62898505e-01 5.74199498e-01
    3.58620286e-02 5.68495393e-02 1.23811871e-01 1.11303300e-01
    1.95721984e-01 7.89205909e-01 1.07658595e-01 9.89667177e-01
    4.31485385e-01 8.42877150e-01 8.50416005e-01 9.05537903e-02
    5.74663699e-01 6.40172005e-01 6.02865458e-01 6.89121008e-01
    4.90156323e-01 4.82973099e-01 3.92855108e-01 8.32375646e-01
    6.82738185e-01 8.37388039e-01 8.41884255e-01 1.59982711e-01
    6.22750759e-01 2.86472261e-01 5.52976131e-03 5.66454351e-01
    6.84138477e-01 6.57177150e-01 3.43970299e-01 4.48516250e-01
    5.37800968e-01 7.06218362e-01 8.63959908e-01 2.29152203e-01
    5.98008931e-02 3.21069956e-01 3.86592269e-01 8.68121803e-01
    1.78897828e-01 7.70902336e-02 3.33676040e-01 8.58607054e-01
    2.11366564e-01 3.73077393e-02 9.99397159e-01 1.07134461e-01
    3.05185795e-01 7.20800221e-01 8.81413937e-01 7.39980519e-01
    2.84557760e-01 6.56023502e-01 2.24584371e-01 4.96158481e-01
    9.09823060e-01 7.58621573e-01 3.44884813e-01 9.16617155e-01
    8.37721229e-01 6.99256063e-01 4.55661267e-01 4.60402697e-01
    3.70254487e-01 1.64489567e-01 3.15702826e-01 7.72901177e-02
    4.74478036e-01 2.85067677e-01 8.71026218e-01 1.18453801e-02
    1.30608082e-02 5.19393802e-01 2.15784401e-01 9.42857385e-01
    3.46438766e-01 7.96687305e-01 1.87173635e-01 1.15025759e-01
    2.61891872e-01 5.18819273e-01 7.01295137e-01 1.67218685e-01
    3.93529296e-01 3.52093279e-02 7.85628676e-01 3.26960415e-01
    8.95486951e-01 1.01435184e-02 8.41074646e-01 1.69149041e-01
    4.91789401e-01 1.96060151e-01 9.44277525e-01 2.49095976e-01
    3.08461905e-01 5.79212964e-01 3.26799482e-01 7.98519909e-01
    9.16521847e-02 3.28090042e-01 1.64955437e-01 8.59394372e-01
    3.00363302e-01 5.58116615e-01 6.03280485e-01 7.74446130e-01
    3.04429621e-01 9.44468141e-01 8.89366269e-01 4.60673243e-01
    3.66939157e-01 7.00295031e-01 7.29423642e-01 3.42694163e-01
    3.60154063e-01 5.34463227e-01 2.36968994e-01 2.52288520e-01
    2.41383314e-02 2.58651853e-01 3.28573883e-01 4.10289019e-01
    5.82381248e-01 7.17441142e-01 3.66336554e-01 6.92694306e-01
    1.49564564e-01 8.29375625e-01 8.07286620e-01 6.25602782e-01
    2.58700699e-01 1.27589822e-01 5.26492953e-01 5.84878266e-01
    5.29654860e-01 1.29313409e-01 4.79220539e-01 2.39967078e-01
    7.54124761e-01 3.56631756e-01 4.46081787e-01 7.40200579e-02
    1.61473066e-01 6.29320085e-01 5.20165920e-01 6.23895347e-01
    6.34172201e-01 1.12642944e-02 5.03110886e-03 6.83016121e-01
    8.60652983e-01 1.85572505e-02 3.86533737e-01 4.24689770e-01
    1.97815597e-02 9.85764205e-01 7.76069641e-01 7.32094288e-01
    5.72001815e-01 2.60789216e-01 7.86225915e-01 3.04761529e-03
    7.91866660e-01 2.78385788e-01 3.10286582e-01 6.30629003e-01
    9.51070070e-01 3.95331204e-01 6.55195236e-01 6.16064787e-01
    2.97285676e-01 4.29438561e-01 5.38723826e-01 6.29958153e-01
    5.30109406e-01 4.24352884e-02 4.71875668e-02 4.50008899e-01
    8.97370815e-01 2.36857712e-01 8.70156884e-01 4.35352117e-01
    2.85828412e-02 2.28283197e-01 9.27720189e-01 9.02176559e-01
    6.49873018e-01 9.36643481e-01 2.98360735e-01 7.56126344e-01
    4.45601881e-01 8.99646759e-01 8.08891475e-01 4.25841421e-01
    5.30038536e-01 3.50010991e-01 2.19927520e-01 3.14609498e-01
    1.61073118e-01 9.78391111e-01 9.97739196e-01 1.22501612e-01
    8.95449638e-01 6.62424803e-01 4.51848030e-01 7.46662915e-02
    2.76148736e-01 7.18530178e-01 2.13131785e-01 3.63827050e-01
    8.08577418e-01 5.22618294e-01 7.06019282e-01 4.50298876e-01
    5.29423594e-01 6.53598607e-01 3.34232450e-01 2.01689065e-01
    6.22758269e-01 7.94347346e-01 7.06818640e-01 9.50324178e-01
    3.93573225e-01 4.92107600e-01 7.37992525e-01 7.20968843e-01
    5.93866587e-01 3.92385870e-01 5.48015893e-01 3.90847564e-01
    7.98443794e-01 7.76515186e-01 9.70938087e-01 6.99503064e-01
    2.18815506e-02 2.62763888e-01 7.07453966e-01 6.54837251e-01
    9.52051401e-01 4.74833041e-01 2.01628000e-01 6.61850691e-01
    5.73113561e-02 9.92424905e-01 2.08078623e-02 2.23908901e-01
    4.42658007e-01 2.04550296e-01 9.35721576e-01 4.64675546e-01
    9.19930220e-01 8.00712109e-01 1.50178522e-01 3.60796988e-01
    2.30261207e-01 5.40158391e-01 5.17921627e-01 6.48671687e-01
    6.91587687e-01 7.51605868e-01 5.83411157e-01 2.92833269e-01
    5.84689140e-01 5.02435148e-01 2.08468527e-01 4.36619997e-01
    7.30397999e-02 4.36704069e-01 9.76686478e-02 8.57118547e-01
    6.67488575e-01 6.40022993e-01 1.96607083e-01 4.74585235e-01
    5.06323516e-01 1.01533860e-01 5.48238575e-01 5.87587416e-01
    5.38914442e-01 3.79065931e-01 5.70990145e-01 1.96226209e-01
    6.06253266e-01 2.36009657e-01 3.60233009e-01 3.55507761e-01
    8.85755062e-01 9.47974443e-01 4.28224057e-01 3.21508348e-02
    4.64976192e-01 5.10265231e-01 7.91347384e-01 2.87866890e-02
    8.38059783e-01 2.28508949e-01 3.33041847e-02 6.11104548e-01
    8.02306175e-01 4.02240217e-01 6.05413318e-02 3.92559171e-01
    7.31636405e-01 2.52172470e-01 3.54387641e-01 4.53328490e-01
    2.74635077e-01 5.24342358e-01 5.29960752e-01 9.89941001e-01
    5.50193191e-01 1.86357915e-01 1.87383354e-01 2.65006930e-01
    8.59161735e-01 4.49443907e-01 3.95019531e-01 1.99461460e-01
    4.56779420e-01 1.06187761e-02 7.84698486e-01 9.11676884e-02
    3.23941171e-01 3.40924561e-01 6.27013445e-02 1.06436700e-01
    2.93844044e-01 4.61416900e-01 1.83557510e-01 8.75834584e-01
    2.37648070e-01 5.16418874e-01 1.14604831e-02 9.72102523e-01
    4.77719307e-02 3.86086762e-01 2.81076431e-02 9.38605309e-01
    6.97055519e-01 6.20088577e-01 4.41954553e-01 6.57081962e-01
    1.98796868e-01 6.11369550e-01 1.20633900e-01 9.10681844e-01
    5.87332666e-01 2.11006999e-02 2.83999920e-01 9.58481371e-01
    6.60378575e-01 1.41630709e-01 5.36304593e-01 1.33201033e-01
    1.19900107e-01 5.76599360e-01 6.37902319e-01 2.98166096e-01
    6.44966960e-02 2.65007287e-01 1.04495019e-01 4.50748116e-01
    8.72200012e-01 4.71758068e-01 1.25428230e-01 6.71443343e-01
    3.66577804e-01 1.62968576e-01 3.22287232e-01 9.25844252e-01
    3.96114647e-01 7.26449490e-01 5.39648294e-01 1.77480280e-01
    6.45088851e-02 1.18973792e-01 5.72491288e-02 6.62239611e-01
    5.65198958e-02 1.07689798e-01 2.14998424e-02 9.05537963e-01
    8.72446656e-01 1.07113570e-01 3.05690736e-01 5.47177494e-01
    7.33681321e-02 5.36435306e-01 5.48553348e-01 2.44412422e-01
    5.29952943e-02 2.00518250e-01 6.16072416e-01 3.71455669e-01
    8.30096006e-02 8.67432356e-01 5.00747144e-01 2.82396197e-01
    1.80682957e-01 1.54703975e-01 9.82231975e-01 7.07466304e-01
    3.76120210e-03 1.02712601e-01 6.96706116e-01 5.03282666e-01
    6.22437835e-01 2.68676847e-01 3.84048641e-01 6.20690584e-02
    7.97703981e-01 7.64900804e-01 2.90869117e-01 3.40713143e-01
    8.96279097e-01 2.74195731e-01 2.81632751e-01 9.06459332e-01
    6.99795663e-01 4.83752787e-01 3.94241512e-01 4.90041703e-01
    3.25218618e-01 2.44604737e-01 4.90916938e-01 4.36063319e-01
    5.07910490e-01 8.53905320e-01 8.99571300e-01 1.63573593e-01
    6.08258963e-01 8.25101137e-02 7.65997171e-02 2.72310257e-01
    6.03201091e-01 5.04447401e-01 7.97375798e-01 5.75439811e-01
    6.94017410e-01 5.06345570e-01 5.65432787e-01 2.88579822e-01
    1.97646379e-01 6.18908465e-01 4.45914894e-01 1.25297427e-01
    1.24534905e-01 7.80003190e-01 8.82837057e-01 2.47497976e-01
    7.80045867e-01 5.86053193e-01 4.74441946e-01 3.97371590e-01
    2.38488734e-01 6.04663014e-01 2.35725015e-01 2.56289214e-01
    5.69491982e-02 5.45714736e-01 3.25062633e-01 1.06419295e-01
    3.08175802e-01 1.50334567e-01 5.24118841e-02 1.56868577e-01
    8.78460765e-01 9.96082723e-01 2.64616728e-01 7.25739777e-01
    6.62321568e-01 5.56607187e-01 3.93467158e-01 9.80465233e-01
    1.38445854e-01 7.23290741e-01 1.91387624e-01 3.15272868e-01
    9.73999619e-01 7.16899455e-01 3.02187026e-01 1.76439196e-01
    7.68884182e-01 9.99829412e-01 4.46435660e-01 1.51715279e-01
    6.78306103e-01 7.06700325e-01 1.03683740e-01 1.49826646e-01
    2.21503943e-01 5.94267845e-01 2.05298334e-01 8.58176291e-01
    8.90051842e-01 5.70909858e-01 3.51548821e-01 4.71695155e-01
    9.70674038e-01 9.72830415e-01 4.54568207e-01 7.79090285e-01
    4.57915992e-01 4.53954667e-01 9.51726079e-01 7.55269647e-01
    7.06382096e-02 3.37600708e-02 9.90049601e-01 8.47884059e-01
    1.04119807e-01 3.72326732e-01 8.76227617e-01 6.74941540e-01
    6.03474617e-01 9.11145449e-01 3.75877678e-01 2.67092377e-01
    6.07897580e-01 9.21030104e-01 8.35503340e-02 1.58477485e-01
    3.28479022e-01 5.84958792e-01 5.80069363e-01 6.04364932e-01
    3.86042058e-01 5.89572191e-01 8.67261767e-01 5.62542975e-01
    6.42262816e-01 9.27368760e-01 7.56514311e-01 5.33921957e-01
    2.72042572e-01 6.59762800e-01 9.23315644e-01 9.26983953e-02
    4.76045281e-01 7.02522874e-01 2.61882424e-01 3.28998506e-01
    3.53872061e-01 7.66457915e-02 6.60880506e-01 1.85555041e-01
    7.22045958e-01 4.07038659e-01 9.31980968e-01 3.23161960e-01
    7.01077700e-01 8.05418253e-01 1.06203526e-01 4.13056761e-01
    9.63914335e-01 6.43746614e-01 2.57849991e-01 4.16619837e-01
    6.55286729e-01 2.85037041e-01 4.73911136e-01 6.65768564e-01
    4.65690136e-01 7.22996950e-01 1.24409378e-01 1.46474153e-01
    6.97608769e-01 6.99285746e-01 7.76475430e-01 7.20266879e-01
    6.50066674e-01 4.07803029e-01 2.70066500e-01 2.11271048e-02
    4.84312564e-01 2.70246506e-01 8.32034707e-01 1.42972678e-01
    5.25904417e-01 1.39364392e-01 4.51732576e-01 2.60789692e-01
    7.44626045e-01 1.26239985e-01 6.67466223e-02 2.94202685e-01
    9.59182203e-01 4.03140813e-01 6.72448099e-01 3.91663909e-01
    6.32199705e-01 3.08392048e-01 6.68850005e-01 9.86056328e-01
    6.15929425e-01 9.59375203e-02 2.60504127e-01 8.79946709e-01
    1.88542992e-01 7.01871455e-01 6.66816831e-01 5.84493101e-01
    1.26962662e-01 1.51292652e-01 4.83900517e-01 6.74392045e-01
    6.14746451e-01 8.22213650e-01 4.82962966e-01 4.39647973e-01
    9.20443535e-01 8.15296888e-01 2.22848833e-01 4.98198867e-01
    7.11365700e-01 7.05980957e-02 3.83326232e-01 6.56872094e-01
    6.26350403e-01 6.10620022e-01 1.11430854e-01 5.42415798e-01
    8.85007739e-01 3.85611504e-01 1.37832791e-01 5.56317508e-01
    7.06422567e-01 3.24604630e-01 2.68685013e-01 9.57217216e-01
    2.22750664e-01 9.52909052e-01 5.36854506e-01 2.65435159e-01
    9.33564782e-01 7.85266399e-01 9.80578184e-01 5.77041566e-01
    8.50776076e-01 3.38484824e-01 4.55025345e-01 7.46951163e-01
    2.60521173e-01 5.08630753e-01 9.82349038e-01 6.86617732e-01
    7.33467460e-01 5.06309092e-01 2.22866356e-01 8.12063575e-01
    5.14495492e-01 7.22287774e-01 2.00135648e-01 8.26250017e-01
    1.57086670e-01 8.26747894e-01 2.37156868e-01 1.35985821e-01
    3.63132298e-01 8.64265084e-01 5.16090453e-01 4.05250967e-01
    3.79749119e-01 2.14947909e-01 3.72252643e-01 4.52321082e-01
    5.46701789e-01 6.85979009e-01 7.03650236e-01 3.64964366e-01
    4.41592515e-01 7.00717211e-01 8.87948275e-01 8.52236986e-01
    5.03605247e-01 3.84037465e-01 4.08374459e-01 7.39670575e-01
    9.75855589e-01 5.70028245e-01 3.22347045e-01 8.23779047e-01
    5.94402671e-01 1.18705481e-01 1.57034338e-01 1.39149249e-01
    6.68738961e-01 9.89464283e-01 6.90399408e-02 6.45517886e-01
    8.28912258e-01 9.86594200e-01 3.37384641e-01 8.41358840e-01
    7.03565538e-01 1.42484903e-03 5.42703152e-01 3.63415033e-01
    4.38376546e-01 2.11836100e-02 3.15800250e-01 8.89567733e-01
    5.99923730e-02 1.19894922e-01 6.00582063e-01 6.55000031e-01
    9.37783003e-01 3.19906980e-01 4.25464422e-01 7.41135657e-01
    7.88717747e-01 3.27923626e-01 3.45481813e-01 9.63877082e-01
    8.25782001e-01 9.46435690e-01 2.91776896e-01 5.73339403e-01
    9.32535529e-02 7.82896161e-01 9.30010378e-02 9.46434498e-01
    4.10429448e-01 8.25862288e-02 1.64050460e-02 8.70984077e-01
    8.75636458e-01 5.35578310e-01 5.69158137e-01 2.03353465e-01
    7.29382515e-01 2.56304920e-01 8.40799391e-01 8.75938177e-01
    3.40227485e-01 7.67722487e-01 2.53029227e-01 1.61672324e-01
    2.42814481e-01 6.96857810e-01 4.91620690e-01 6.79567158e-01
    2.52523750e-01 2.60935366e-01 1.48889840e-01 7.02361166e-02
    6.77346647e-01 6.00108862e-01 9.76555109e-01 6.91972733e-01
    7.22111821e-01 6.20735943e-01 9.15101290e-01 8.05075407e-01
    4.56713170e-01 2.95460463e-01 9.91168380e-01 3.72993559e-01
    9.66383338e-01 5.98984122e-01 4.34316486e-01 9.01879966e-01
    4.81440008e-01 7.49763966e-01 9.49525058e-01 8.29058647e-01
    6.39450908e-01 2.69452989e-01 1.33703709e-01 9.75042582e-01
    6.52008951e-01 9.88491774e-01 4.08076346e-01 3.25261891e-01
    8.97379875e-01 2.63979435e-01 6.33407414e-01 7.64057994e-01
    4.46225613e-01 8.79326046e-01 6.64451361e-01 3.37505162e-01
    4.87705290e-01 3.44569623e-01 4.37303722e-01 9.06880975e-01
    9.23090577e-01 7.40710139e-01 9.53199565e-01 8.96684408e-01
    7.02367663e-01 8.75500917e-01 9.58320618e-01 3.24245840e-01
    1.77995771e-01 9.92630720e-01 6.00306988e-01 1.56997740e-02
    4.01708782e-02 7.29524076e-01 7.33228207e-01 4.48266715e-01
    5.90960979e-01 2.46448368e-01 7.21316099e-01 8.13818932e-01
    5.70427954e-01 1.19595736e-01 1.50916368e-01 4.67736453e-01
    7.84786820e-01 7.87830353e-01 1.17697239e-01 8.62336040e-01
    9.96932030e-01 7.03918159e-01 9.52316046e-01 3.09097409e-01
    4.37934190e-01 4.89385664e-01 3.46458226e-01 1.99969381e-01
    6.18338048e-01 1.09568089e-01 2.48751402e-01 9.44642067e-01
    5.56641459e-01 5.56236863e-01 7.69250751e-01 8.34446549e-02
    1.89386219e-01 4.92782444e-01 2.85473645e-01 3.86098593e-01
    6.20176435e-01 2.92499006e-01 6.54675364e-01 1.46758407e-01
    1.91314399e-01 5.86911142e-02 4.02061611e-01 7.55225241e-01
    4.37984198e-01 7.84369111e-01 7.54687905e-01 1.36472583e-01
    5.04984677e-01 4.39665616e-02 2.66907215e-02 9.64881063e-01
    4.77522790e-01 6.67390645e-01 9.09869313e-01 8.81086230e-01
    5.28650999e-01 5.55871308e-01 8.19460392e-01 3.93723547e-01
    3.40406775e-01 5.00053167e-03 7.16919601e-02 5.02428472e-01
    9.18016672e-01 2.73913980e-01 2.97996104e-01 9.95073676e-01
    5.43683827e-01 4.83470559e-02 6.86333358e-01 5.15498221e-02
    7.18091965e-01 9.08191502e-02 5.71008801e-01 5.10582447e-01
    9.78906155e-01 3.79708618e-01 6.75070703e-01 4.93537486e-02
    7.38485336e-01 2.15602249e-01 6.25951648e-01 4.29605126e-01
    6.09153688e-01 9.56935763e-01 9.71253753e-01 1.03519380e-01
    7.58809090e-01 6.82307124e-01 5.73462188e-01 5.29952049e-02
    2.38376558e-01 5.82332492e-01 1.01388544e-01 8.99137139e-01
    5.76291978e-02 3.62692505e-01 3.49178135e-01 8.21218610e-01
    4.64533657e-01 3.56325626e-01 8.94120157e-01 3.32942843e-01
    9.22771811e-01 8.09704661e-02 1.65932178e-01 8.50461483e-01
    4.47546214e-01 4.12215173e-01 7.50072241e-01 5.60521960e-01
    1.65392041e-01 4.27103370e-01 8.34976196e-01 7.15280414e-01
    2.59026825e-01 7.42861748e-01 5.35678625e-01 7.65885949e-01
    3.25853407e-01 1.42259598e-01 9.96071339e-01 7.78000951e-02
    9.77447867e-01 2.92514056e-01 2.20557094e-01 4.03276443e-01
    4.40521061e-01 5.46731472e-01 2.83301741e-01 6.31280303e-01
    2.88381159e-01 9.93479729e-01 8.38089108e-01 3.20078135e-01
    2.34933645e-01 7.41166174e-01 2.25617707e-01 7.57591724e-01
    2.03747749e-02 7.17474103e-01 2.32088000e-01 1.80877179e-01
    7.75955319e-01 2.26953149e-01 8.66454720e-01 3.85403633e-04
    1.72564387e-01 2.00193048e-01 4.15875912e-02 5.31695545e-01
    6.11439288e-01 6.25786602e-01 3.50056946e-01 2.76770592e-01
    4.92459059e-01 8.09840560e-02 4.75795776e-01 2.76672661e-01
    9.50176895e-01 7.21958458e-01 9.06009793e-01 7.78309345e-01
    1.08530730e-01 4.20157939e-01 4.29457784e-01 5.40759563e-01
    5.10352254e-01 6.72250032e-01 3.08646351e-01 9.91808772e-01
    5.32405436e-01 5.24545908e-02 3.93240750e-01 7.81751275e-01
    8.97178531e-01 6.65805459e-01 4.94263768e-02 1.31988347e-01
    1.20054543e-01 7.24878728e-01 1.51400864e-02 6.01574183e-02
    9.82282758e-01 3.64570141e-01 5.39069176e-01 4.02875483e-01
    2.19354630e-02 3.57770056e-01 7.37971365e-01 5.05900502e-01
    8.96526456e-01 8.24996233e-02 8.40232730e-01 4.51098621e-01
    4.15349305e-01 1.37486845e-01 3.10214162e-02 2.30365902e-01
    1.06873959e-01 7.04766273e-01 4.74258006e-01 5.24695337e-01
    6.74083352e-01 8.51940751e-01 1.21490508e-01 3.26193988e-01
    7.85061181e-01 7.07341731e-02 3.13636482e-01 6.55349076e-01
    9.09425259e-01 5.17242789e-01 3.06341618e-01 1.85461521e-01
    7.93867588e-01 2.80108988e-01 5.15240073e-01 4.10814255e-01
    2.64012396e-01 1.49023950e-01 4.55603331e-01 6.49150193e-01
    4.62386996e-01 3.03901136e-02 1.88174188e-01 6.45760000e-02
    3.86777669e-01 6.10942185e-01 3.69658858e-01 7.82731712e-01
    7.31738389e-01 5.83451033e-01 8.90339136e-01 6.43316746e-01
    6.73469961e-01 4.14028287e-01 8.04722428e-01 6.49529636e-01
    9.04070079e-01 8.37758780e-01 5.51743805e-01 2.73338556e-01
    9.57480073e-01 7.74159074e-01 6.25905395e-02 8.66861701e-01
    8.86060238e-01 8.49494934e-01 6.17002785e-01 5.92815518e-01
    3.58037770e-01 9.23408747e-01 7.38750994e-02 5.60590327e-02
    6.33588612e-01 3.40093255e-01 3.79234374e-01 4.79229093e-02
    3.59280795e-01 8.60804319e-01 7.98261523e-01 3.26493084e-02
    8.18020761e-01 8.42984974e-01 2.35021114e-02 8.03199649e-01
    6.61456585e-02 6.25672579e-01 4.55803961e-01 1.84951514e-01
    5.18890381e-01 4.42032814e-01 2.83302665e-02 6.13705516e-01
    2.91793346e-01 5.58037400e-01 7.66893268e-01 5.96914589e-01
    8.17062259e-01 5.67192614e-01 8.80243838e-01 3.43126357e-01
    2.50738859e-01 9.16775107e-01 1.45855933e-01 4.89635020e-01
    1.91813827e-01 6.79519653e-01 7.72719622e-01 9.54089165e-01
    7.99245119e-01 7.30856895e-01 5.30696571e-01 4.46210712e-01
    6.29990935e-01 2.56396562e-01 5.57516456e-01 2.12925673e-01
    8.98200035e-01 2.33669251e-01 8.56298089e-01 8.48118663e-01
    7.29262173e-01 4.51642871e-01 9.58334804e-02 3.91916692e-01
    4.38921064e-01 1.34171128e-01 1.90634072e-01 5.20007730e-01
    4.43915308e-01 2.29244143e-01 5.82468927e-01 9.46473837e-01
    5.16999900e-01 1.08433127e-01 5.63551307e-01 9.70733464e-01
    6.16553426e-01 2.56133765e-01 1.87300771e-01 4.88636523e-01
    9.28315639e-01 1.54888064e-01 4.04211611e-01 2.48789787e-02
    8.40503871e-02 8.75491500e-01 7.82901227e-01 2.88977802e-01
    7.57068872e-01 1.15993142e-01 5.94543874e-01 3.69240344e-01
    5.64782321e-02 8.34740400e-02 3.25852215e-01 2.26253629e-01
    9.62058187e-01 5.81698239e-01 4.90280658e-01 2.77106941e-01
    4.70251977e-01 3.64562273e-02 2.39776999e-01 4.63100970e-02
    4.33348954e-01 6.93034410e-01 2.63135403e-01 1.31472647e-02
    4.61171240e-01 2.87697434e-01 9.17352200e-01 5.52875459e-01
    3.48126501e-01 1.73438758e-01 9.60151434e-01 6.54293478e-01
    7.52567828e-01 6.52092695e-03 4.41417605e-01 5.43039978e-01
    8.83948326e-01 7.02485323e-01 7.92110324e-01 2.88878918e-01
    7.18818605e-01 8.07863355e-01 4.98799443e-01 3.28000247e-01
    6.63354993e-01 5.07205725e-01 2.08158135e-01 8.76984000e-03
    8.18216205e-02 9.56058741e-01 4.40677524e-01 4.71104920e-01
    8.90285075e-02 4.20382023e-01 5.23678780e-01 9.62738931e-01
    1.64786190e-01 2.79391706e-01 5.91107547e-01 1.23660296e-01
    9.04168785e-02 9.38944340e-01 7.11901903e-01 6.48776412e-01
    9.17612314e-01 6.88012004e-01 6.15108967e-01 3.11244339e-01
    2.63775527e-01 7.33883858e-01 8.97519469e-01 6.12291396e-01
    8.28637838e-01 4.94581461e-01 8.80868137e-01 6.55511260e-01
    9.46990967e-01 4.49798018e-01 5.92809260e-01 6.21334076e-01
    4.77270544e-01 3.48231435e-01 6.43937111e-01 4.28239167e-01
    3.84048283e-01 9.74767566e-01 4.76409137e-01 3.96175027e-01
    9.62373435e-01 3.33814770e-01 1.98001236e-01 6.88091218e-01
    2.29223430e-01 1.69533253e-01 9.60078597e-01 9.24487948e-01
    8.21481109e-01 9.33609128e-01 4.84674305e-01 7.17553854e-01
    7.36845255e-01 9.76630211e-01 4.37421799e-01 6.90792561e-01
    9.24470663e-01 2.09151566e-01 8.20742965e-01 4.67733443e-02
    8.98661792e-01 5.42382896e-02 2.68456161e-01 6.20090961e-01
    4.48679626e-01 3.40693891e-01 2.27659762e-01 7.09731817e-01
    6.11665308e-01 9.58057642e-01 2.39609361e-01 5.53038955e-01
    8.71329784e-01 8.08319092e-01 8.92825603e-01 9.75083828e-01
    3.99003983e-01 6.38247967e-01 7.99994767e-02 1.29909277e-01
    7.45040655e-01 4.02036667e-01 6.15747273e-01 9.10060406e-01
    5.35404086e-01 6.67519808e-01 3.12644213e-01 4.73986149e-01
    7.88582206e-01 2.22475857e-01 6.89873278e-01 7.49219775e-01
    8.24472427e-01 2.11883992e-01 9.50114071e-01 8.35579276e-01
    7.02147901e-01 3.52313519e-01 6.39212966e-01 7.60460734e-01
    9.44435596e-04 1.13159895e-01 1.16674811e-01 3.87761891e-02
    5.69368005e-02 8.62570584e-01 6.60568893e-01 6.82899773e-01
    8.12647641e-02 4.82844591e-01 3.82398963e-02 7.37748861e-01
    3.09999228e-01 6.47455454e-03 7.69931674e-01 3.47110629e-02
    6.59643531e-01 4.52288240e-01 5.47135115e-01 2.00013757e-01
    8.81622195e-01 7.92679310e-01 9.75795507e-01 8.68219137e-03
    5.40745497e-01 2.42252171e-01 7.63521075e-01 6.69659734e-01
    3.52179766e-01 8.03139150e-01 3.55466008e-02 5.29416203e-01
    4.27927047e-01 5.07225513e-01 9.74732280e-01 8.03072333e-01
    5.30992627e-01 3.74781013e-01 5.17507195e-01 9.18584108e-01
    6.70846403e-01 3.11413050e-01 2.82809496e-01 1.92745715e-01
    4.44817811e-01 9.92204905e-01 2.77341187e-01 1.34006351e-01
    6.51149511e-01 5.65244555e-01 1.55397892e-01 7.58180976e-01
    1.03412837e-01 8.66795540e-01 1.41360313e-01 6.89856887e-01
    4.27113175e-01 7.45756626e-02 6.47680700e-01 7.01295495e-01
    3.26237053e-01 9.10121083e-01 7.67419338e-01 4.23570037e-01
    5.80078423e-01 8.15280139e-01 8.32606435e-01 7.25280285e-01
    4.58713084e-01 2.89875984e-01 4.80802000e-01 1.56796694e-01
    5.60489893e-01 4.70126897e-01 6.20719850e-01 3.63832265e-01
    6.27662599e-01 7.44128466e-01 5.08699536e-01 3.66467774e-01
    1.08750105e-01 6.65980279e-01 4.51677412e-01 9.69189107e-02
    2.49436915e-01 9.68866825e-01 2.81208962e-01 1.99632823e-01
    2.40308046e-01 9.37495470e-01 5.35320997e-01 5.63084006e-01
    9.82733727e-01 2.41359770e-02 3.38313580e-02 3.84658754e-01
    6.50544047e-01 6.68010831e-01 9.82029200e-01 3.48306298e-02
    8.96662354e-01 5.86305737e-01 1.42006993e-01 7.98187852e-02
    6.08278334e-01 8.37634802e-01 3.69046718e-01 4.93233234e-01
    9.67204571e-02 7.98818946e-01 6.90338910e-02 5.10438502e-01
    3.76060903e-01 6.82407379e-01 4.03983891e-01 4.39183503e-01
    7.15268016e-01 6.50606871e-01 2.03833729e-01 1.26974165e-01
    4.16501731e-01 9.29416537e-01 5.54631889e-01 7.80297041e-01
    5.02869189e-02 1.62846446e-01 7.34232306e-01 5.96432090e-01
    4.25860614e-01 7.48648524e-01 4.32946324e-01 8.65794599e-01
    6.15085900e-01 6.93475366e-01 8.26564431e-01 4.16569024e-01
    6.37017012e-01 3.79578114e-01 1.51228070e-01 6.31917596e-01
    9.51624215e-01 5.91262937e-01 1.28265023e-01 5.37679911e-01
    5.98156095e-01 2.29172021e-01 2.82111555e-01 8.12926710e-01
    9.25478578e-01 1.75483137e-01 5.76996028e-01 1.11846924e-01
    8.57046425e-01 9.89047885e-01 9.70547318e-01 1.21581137e-01
    2.87285507e-01 8.75317216e-01 6.14324629e-01 3.21028918e-01
    2.34989077e-01 1.05555087e-01 1.64807051e-01 1.10571772e-01
    9.56434727e-01 9.95286584e-01 2.93343693e-01 9.23924804e-01
    7.45322227e-01 1.31080329e-01 1.44883543e-01 4.50393558e-01
    2.75486588e-01 4.41313773e-01 6.87989116e-01 1.65111125e-01
    7.99816728e-01 8.00224721e-01 6.08820736e-01 7.39413440e-01
    1.24874592e-01 5.22651672e-02 8.34919930e-01 3.16555619e-01
    3.19756269e-02 5.84460437e-01 6.41460240e-01 9.91670191e-02
    5.93579352e-01 6.41647577e-01 6.35249853e-01 9.69865203e-01
    6.11891270e-01 1.22334689e-01 5.87435424e-01 5.54218948e-01
    4.01308835e-02 6.82840466e-01 1.73907429e-01 5.35689056e-01
    2.62157619e-02 1.59945399e-01 8.91639769e-01 7.32738912e-01
    9.86690879e-01 4.69709456e-01 4.77056235e-01 3.31886709e-01
    8.40545297e-01 3.46691340e-01 1.05214328e-01 5.65456808e-01
    9.23320532e-01 1.23158753e-01 7.58217156e-01 2.16950476e-01
    9.21658933e-01 5.41823268e-01 2.92968094e-01 7.97003508e-02
    3.41644526e-01 8.91176760e-01 5.13558507e-01 4.21325624e-01
    7.09006608e-01 7.93495536e-01 6.90507114e-01 9.72767532e-01
    8.72136950e-01 3.95265520e-02 8.29210520e-01 7.17700422e-01
    4.45031583e-01 2.16661990e-02 1.77661300e-01 9.61786270e-01
    7.21798599e-01 1.72523439e-01 4.90984470e-01 1.15906715e-01
    9.74869967e-01 9.31491077e-01 8.99429202e-01 5.86512625e-01
    7.96178520e-01 4.70977753e-01 7.72888839e-01 8.51771951e-01
    8.48625779e-01 1.34610057e-01 5.26943564e-01 6.34640574e-01
    9.59798276e-01 5.23957670e-01 5.12645900e-01 5.27341127e-01
    1.36015564e-01 5.31850040e-01 4.61458087e-01 2.98075885e-01
    1.74230039e-01 4.75201696e-01 8.23511362e-01 1.39062583e-01
    8.12887669e-01 7.29978979e-01 3.57731998e-01 7.53429413e-01
    7.56542087e-01 6.87262952e-01 7.48076677e-01 5.55392325e-01
    9.73901749e-01 4.77248341e-01 8.83235097e-01 3.67691398e-01
    9.17019725e-01 4.30047959e-01 3.20421815e-01 3.16836655e-01
    5.67849934e-01 4.32989001e-02 2.06845164e-01 3.78618002e-01
    5.58221698e-01 6.32015526e-01 8.26805949e-01 9.88075256e-01
    4.93101954e-01 6.18942440e-01 5.02524793e-01 7.32405484e-01
    2.26540267e-02 1.93798035e-01 5.18945158e-02 1.09708518e-01
    6.94036007e-01 9.14808214e-02 8.18069994e-01 3.32892060e-01
    7.67126679e-01 4.84827340e-01 5.54408669e-01 6.78235829e-01
    7.46984899e-01 4.39018458e-01 8.83972645e-01 7.46749938e-02
    1.50343865e-01 2.08758861e-01 6.02940321e-01 3.54125977e-01
    7.45771408e-01 5.30229390e-01 7.07342923e-02 5.90678811e-01
    4.72169548e-01 4.66529131e-01 1.86157882e-01 8.69437814e-01
    5.20802498e-01 3.66625190e-01 1.29159689e-02 5.47423422e-01
    1.36340320e-01 5.96031666e-01 3.75346214e-01 4.04487759e-01
    1.19256318e-01 2.14165360e-01 7.09059477e-01 7.06077456e-01
    9.01200473e-01 1.39873236e-01 1.34735107e-01 7.19428360e-02
    4.32807714e-01 2.81097949e-01 3.95094246e-01 7.12534368e-01
    6.05766416e-01 7.52892971e-01 3.95658016e-02 2.15021878e-01
    8.67227793e-01 6.58400655e-02 3.07280838e-01 1.99950397e-01
    3.84386748e-01 9.28938508e-01 7.38339067e-01 2.63599217e-01
    5.82476735e-01 4.20713872e-01 7.23862112e-01 3.69039118e-01
    7.81654239e-01 6.55700684e-01 6.82137609e-01 7.29728341e-02
    4.59656596e-01 5.44761062e-01 4.60743248e-01 7.54621744e-01
    1.60827845e-01 9.33934093e-01 3.30725372e-01 4.95520622e-01
    9.05478716e-01 7.34262168e-01 2.79154241e-01 1.69009894e-01
    6.71497464e-01 3.27668667e-01 2.52314687e-01 6.55918360e-01
    7.26995766e-01 4.82772171e-01 1.88443780e-01 8.44479740e-01
    7.59483576e-01 8.69324505e-01 1.56642497e-02 2.36278772e-03
    4.59258318e-01 9.49622512e-01 2.00799704e-02 7.05104589e-01
    9.43287313e-01 6.20576739e-03 8.38394284e-01 6.75501406e-01
    7.76479483e-01 7.50327051e-01 2.70900428e-01 9.28806543e-01
    3.05088371e-01 6.53855085e-01 8.04458141e-01 5.15145719e-01
    1.69931412e-01 4.21548754e-01 8.60349417e-01 2.53998488e-01
    8.30397606e-01 8.29836011e-01 6.39157057e-01 9.05491710e-01
    1.55595094e-01 8.34913194e-01 6.46035671e-01 3.94134790e-01
    7.03726768e-01 3.08894664e-01 6.65752530e-01 1.25229686e-01
    9.64954019e-01 9.14769292e-01 2.79364765e-01 3.06746840e-01
    3.25428843e-01 4.30809617e-01 2.21047938e-01 7.45977163e-01
    4.63296115e-01 5.67617297e-01 1.80155665e-01 2.06602037e-01
    1.04710817e-01 1.19101018e-01 7.59112239e-01 1.91293269e-01
    3.91348124e-01 1.87228322e-02 9.59733486e-01 2.63282418e-01
    9.29521203e-01 5.96720695e-01 4.84192014e-01 4.73327994e-01
    5.29804528e-02 6.78016663e-01 6.98820829e-01 8.07476640e-01
    1.69132978e-01 5.18358767e-01 8.56971145e-01 9.01775122e-01
    1.74466759e-01 3.63844633e-01 3.89921397e-01 6.02423608e-01
    2.57001579e-01 5.73783517e-01 3.00584078e-01 3.50719631e-01
    4.10806477e-01 1.84366673e-01 4.00622278e-01 7.41319180e-01
    9.31678295e-01 9.14478302e-03 9.47459280e-01 5.25766134e-01
    7.82134414e-01 5.46243131e-01 2.90578127e-01 1.97398663e-02
    3.83494884e-01 5.67195773e-01 1.01015896e-01 2.22939461e-01
    3.50800633e-01 7.98375905e-01 5.97164631e-01 3.40448558e-01
    1.05805010e-01 7.49244690e-01 2.61732340e-02 8.81251693e-01
    9.65875387e-01 9.38453376e-02 6.31250620e-01 6.19699061e-01
    7.06986785e-01 9.73749816e-01 9.03152466e-01 9.71546471e-01
    3.68457347e-01 1.22819662e-01 9.89848375e-01 7.74947286e-01
    3.92436206e-01 1.59117579e-01 5.97844839e-01 4.46316898e-01
    5.00525057e-01 9.33200240e-01 3.30156803e-01 8.62246275e-01
    7.64788389e-01 3.37536544e-01 7.21531808e-02 9.12585855e-01
    4.25699830e-01 1.11884922e-01 1.34538740e-01 6.79787099e-02
    7.28205919e-01 1.31788135e-01 1.66049302e-01 2.30183542e-01
    9.04401898e-01 5.92699945e-02 1.95711881e-01 6.17624819e-01
    8.27176273e-02 1.83605045e-01 1.85543418e-01 9.74919677e-01
    6.26031101e-01 9.81753707e-01 9.61651802e-01 9.08076286e-01
    1.12195343e-01 4.60746348e-01 7.83983171e-01 2.30441272e-01
    3.88423353e-01 8.56704414e-02 3.42986643e-01 8.54595661e-01
    1.34962916e-01 9.90738750e-01 2.69448519e-01 3.88505787e-01
    1.97103292e-01 9.67990637e-01 9.48925912e-01 3.25532973e-01
    4.06770229e-01 8.23239565e-01 7.22848237e-01 7.87589014e-01
    7.15770185e-01 2.10379899e-01 5.35386026e-01 4.21636015e-01
    8.60489249e-01 6.55483842e-01 5.76706409e-01 1.90900505e-01
    3.46992910e-01 5.36064684e-01 4.80093151e-01 7.54805684e-01
    3.15461010e-01 4.49492782e-01 5.40462315e-01 3.29470158e-01
    8.29261184e-01 3.06996167e-01 1.68767273e-02 3.87363344e-01
    8.04297864e-01 2.69280255e-01 4.30870891e-01 4.93193150e-01
    6.76274300e-02 6.34434462e-01 5.48240244e-02 4.07929629e-01
    1.81838483e-01 4.61533368e-02 3.59804213e-01 7.47188985e-01
    2.33129770e-01 8.19008052e-01 9.41765308e-02 4.26288694e-01
    2.89260179e-01 8.64409685e-01 5.85673869e-01 5.56651831e-01
    5.62612832e-01 4.82189953e-02 4.22591418e-01 4.29774404e-01
    9.72113609e-01 2.03110427e-01 1.17209554e-01 3.90822053e-01
    5.86119056e-01 6.67538404e-01 6.79145396e-01 4.90836978e-01
    9.38980758e-01 6.30428553e-01 1.64713204e-01 9.14941847e-01
    5.04102588e-01 7.62173355e-01 5.91524839e-02 8.73649001e-01
    5.19494593e-01 1.76272005e-01 6.88607693e-01 4.89197493e-01
    3.85854959e-01 8.83177876e-01 5.22407353e-01 4.75438207e-01
    8.68294477e-01 4.56176877e-01 6.50877476e-01 5.06433189e-01
    9.87424254e-01 5.02987504e-02 9.04959857e-01 7.78157711e-01
    2.34566927e-02 2.79334396e-01 8.03838611e-01 1.82554692e-01
    1.47399902e-02 2.06425786e-03 7.23901033e-01 8.59754205e-01
    8.13924253e-01 5.85374653e-01 3.50403994e-01 3.92969251e-02
    9.70903039e-01 6.38491154e-01 7.73996890e-01 3.54594946e-01
    1.87985063e-01 5.15090168e-01 3.50724339e-01 7.85932720e-01
    6.04619741e-01 2.50986934e-01 2.76924193e-01 8.99681687e-01
    5.64810038e-01 1.13938153e-01 3.38012457e-01 8.34537625e-01
    8.48405182e-01 6.08115435e-01 7.52767801e-01 8.85711014e-01
    9.29843068e-01 2.67785490e-01 5.10284722e-01 5.41481078e-02
    1.42391801e-01 2.82466859e-01 6.42079949e-01 7.93094039e-01
    4.85342175e-01 2.37202138e-01 7.41095126e-01 2.94677377e-01
    7.79986739e-01 9.51786637e-01 2.16118574e-01 9.82690215e-01
    4.81142581e-01 4.31427717e-01 4.58168775e-01 7.24289298e-01
    6.85988665e-01 4.13827002e-01 6.83838427e-01 5.79911768e-01
    3.47231328e-02 9.51165676e-01 7.34910071e-01 8.78284752e-01
    6.19413316e-01 6.21497333e-01 7.54972458e-01 7.42564499e-02
    4.32022691e-01 9.91490722e-01 9.16470885e-01 4.47147220e-01
    2.51512289e-01 9.67966199e-01 5.18608689e-01 2.02630132e-01
    9.31530416e-01 2.34267414e-02 1.56645298e-01 8.08010519e-01
    5.58849990e-01 5.03923774e-01 5.71683645e-01 7.19230890e-01
    1.01437002e-01 5.16424060e-01 1.47125512e-01 2.06314683e-01
    4.29704607e-01 2.71212816e-01 3.16188902e-01 5.60423732e-03
    4.62201029e-01 3.62694979e-01 3.50215256e-01 8.42132986e-01
    9.42418814e-01 8.04601431e-01 1.00546479e-01 7.61834383e-02
    1.66795075e-01 9.35718536e-01 8.93730044e-01 9.25942421e-01
    6.35836363e-01 3.09013903e-01 9.32985008e-01 4.37924296e-01
    3.54681522e-01 8.73032212e-01 3.11996579e-01 5.34162581e-01
    8.84559453e-02 4.13519889e-01 1.40119225e-01 4.97903228e-01
    7.52771616e-01 3.53009045e-01 7.81345606e-01 1.43290192e-01
    8.62749100e-01 4.14700598e-01 5.46325386e-01 1.16320521e-01
    6.92901850e-01 9.77431297e-01 3.32695991e-01 8.18802178e-01
    1.45539075e-01 4.89354521e-01 6.89990640e-01 6.66665316e-01
    3.45516145e-01 9.58536565e-02 1.34235501e-01 8.77642870e-01
    4.57917035e-01 1.55154884e-01 5.92615724e-01 1.47637546e-01
    9.98217940e-01 2.27673650e-02 6.10923767e-02 5.57116926e-01
    3.58398288e-01 4.06297892e-01 5.56805611e-01 3.01665604e-01
    3.97576392e-01 1.11482084e-01 3.35992396e-01 1.31784379e-01
    7.30354786e-01 1.50061816e-01 2.99681962e-01 5.28179228e-01
    2.88279146e-01 3.30248654e-01 3.12251151e-01 8.01171660e-01
    4.12826210e-01 3.25119078e-01 3.65270495e-01 9.23708856e-01
    5.57910383e-01 4.03050244e-01 7.15138912e-01 6.65268958e-01
    4.25532639e-01 3.52959633e-02 4.99169439e-01 1.31746054e-01
    2.84920871e-01 9.28568125e-01 3.86015564e-01 7.84988046e-01
    2.60224283e-01 2.55462140e-01 6.17024004e-01 5.88766634e-01
    1.32086873e-01 1.48054153e-01 4.90709811e-01 6.13019049e-01
    1.66627318e-01 8.46668601e-01 2.66294181e-01 8.14983547e-02
    9.26574230e-01 4.59506959e-01 6.97676420e-01 4.24144924e-01
    8.76409113e-02 7.98121095e-01 2.25755781e-01 9.36151981e-01
    1.87439024e-02 1.07910931e-01 9.32402968e-01 1.96944773e-02
    2.87391841e-02 6.26817584e-01 8.22085381e-01 6.78396344e-01
    8.39015722e-01 9.49565291e-01 2.56264538e-01 2.40716368e-01
    9.39023495e-01 6.46762192e-01 8.87806892e-01 2.13065863e-01
    3.12155843e-01 9.19278383e-01 3.90659332e-01 7.34784245e-01
    9.77118373e-01 1.12123519e-01 9.51733828e-01 3.14282537e-01
    8.77274394e-01 6.66733623e-01 3.73268038e-01 8.43027592e-01
    9.90490794e-01 1.56331450e-01 9.51557040e-01 8.96249533e-01
    5.38335204e-01 7.58151174e-01 8.72054696e-03 7.54336119e-01
    3.81192535e-01 1.95268035e-01 9.88004088e-01 2.72645414e-01
    4.37287450e-01 5.79467118e-02 3.91008377e-01 3.60746145e-01
    7.09000349e-01 8.77422094e-03 6.13712311e-01 3.50385189e-01
    3.10803115e-01 2.93003052e-01 8.03443670e-01 2.92758495e-01
    7.51665771e-01 3.42478573e-01 6.41810417e-01 1.19062334e-01
    3.13114375e-01 7.16999888e-01 6.33420885e-01 8.27635646e-01
    6.22955561e-01 3.63456309e-02 1.66817635e-01 7.11443722e-02
    7.01209426e-01 7.68007696e-01 2.69040227e-01 2.62869477e-01
    2.61682272e-03 9.91343260e-01 2.27542400e-01 3.21974635e-01
    9.10077929e-01 8.02789748e-01 8.44361067e-01 8.89880896e-01
    2.17829645e-01 4.02218699e-02 6.60733044e-01 5.18321395e-01
    5.73234260e-01 2.06002265e-01 7.80552745e-01 2.73969531e-01
    2.93245614e-01 7.60196567e-01 4.02710706e-01 5.19790173e-01
    1.35041177e-01 2.56585240e-01 5.37297010e-01 4.74352568e-01
    4.61457103e-01 3.99100006e-01 5.77533841e-01 5.59817970e-01
    5.68109512e-01 5.66931248e-01 4.37479347e-01 2.95529723e-01
    4.50564504e-01 9.75905061e-01 4.36402023e-01 8.12403083e-01
    3.25053453e-01 8.08572114e-01 1.40674144e-01 1.43792719e-01
    6.48202598e-01 8.29118669e-01 8.18019211e-02 4.33599114e-01
    5.64772248e-01 6.52809799e-01 5.96006870e-01 4.47214901e-01
    5.19483209e-01 4.97814417e-01 3.09711099e-01 6.11808538e-01
    1.72543705e-01 1.16439700e-01 9.32712317e-01 9.40982819e-01
    3.74935091e-01 8.84406447e-01 4.48876500e-01 4.94770527e-01
    3.60230505e-02 4.43750620e-03 4.17494237e-01 5.00521123e-01
    8.94429862e-01 9.67610240e-01 3.24735641e-01 9.72997546e-01
    5.52892983e-02 9.93512154e-01 7.35787928e-01 5.23491561e-01
    6.60522401e-01 9.51005936e-01 6.65593743e-01 2.44054675e-01
    1.32332832e-01 7.37370729e-01 1.41095519e-01 9.40966904e-02
    1.93569303e-01 8.15984845e-01 3.79180610e-01 8.98514271e-01
    4.35160398e-01 9.39539194e-01 4.82889146e-01 6.84026122e-01
    5.37285566e-01 6.22576654e-01 8.50481570e-01 6.06906712e-02
    9.88154054e-01 2.63645291e-01 5.26861250e-01 4.54584301e-01
    8.01716745e-02 3.12169671e-01 7.80518889e-01 6.50709867e-03
    4.17178541e-01 9.12078619e-01 7.57803380e-01 6.84345424e-01
    3.13191086e-01 5.98977506e-01 2.58859217e-01 2.74067640e-01
    8.30317259e-01 6.82123244e-01 2.35058278e-01 1.66006863e-01
    6.70861304e-01 3.30117792e-01 2.47573346e-01 4.01109785e-01
    2.96740800e-01 9.81121540e-01 6.92804933e-01 5.56156337e-02
    9.67321515e-01 5.61766267e-01 4.99134958e-01 5.54214358e-01
    4.99252647e-01 9.27421570e-01 1.19637400e-01 8.14565063e-01
    4.46038485e-01 4.19094950e-01 2.10704982e-01 5.33098578e-01
    4.80508924e-01 1.12192333e-02 5.75818360e-01 2.88443446e-01
    6.85551345e-01 9.48145986e-01 9.62974727e-01 6.15117371e-01
    6.71877384e-01 7.82341480e-01 3.50771219e-01 5.12516022e-01
    8.32184970e-01 3.15476716e-01 9.19183552e-01 3.62862229e-01
    3.30631793e-01 6.23901129e-01 5.00345647e-01 6.04482532e-01
    3.18523407e-01 4.79796082e-01 1.77872837e-01 7.61723518e-01
    7.31672406e-01 5.86180449e-01 3.98582518e-01 3.23939085e-01
    2.13782877e-01 4.50435132e-01 3.19308519e-01 8.74544203e-01
    8.52251470e-01 9.29823399e-01 7.65959263e-01 4.72814590e-01
    6.72355115e-01 8.93320441e-01 7.37554073e-01 5.15921235e-01
    8.14399362e-01 8.51241469e-01 6.89205110e-01 2.83314824e-01
    3.91274631e-01 4.18025941e-01 2.42735863e-01 1.42518431e-01
    5.63995540e-01 2.52185404e-01 8.61535490e-01 3.95636499e-01
    6.48926914e-01 6.93668246e-01 4.73112464e-01 4.60977972e-01
    8.14065218e-01 1.79431468e-01 5.00157654e-01 1.33889645e-01
    7.25587487e-01 3.91392946e-01 9.91652012e-02 6.16100907e-01
    1.73435926e-01 5.20092249e-03 3.28726590e-01 8.01649570e-01
    3.31077278e-01 7.35448599e-02 5.03883183e-01 7.84920931e-01
    8.08250308e-01 1.95369273e-01 2.61992395e-01 9.68522191e-01
    9.40290809e-01 1.74920052e-01 5.58092773e-01 7.72760272e-01
    8.81951809e-01 5.73929369e-01 6.72826648e-01 8.83773267e-01
    5.17700732e-01 3.55872869e-01 4.08895850e-01 4.56439316e-01
    7.12884665e-01 8.59092176e-02 4.70932811e-01 3.60369027e-01
    9.18673992e-01 6.94776237e-01 4.91018385e-01 9.03246284e-01
    8.11026812e-01 3.29483211e-01 6.81181073e-01 7.99796462e-01
    8.87023509e-02 3.89167488e-01 1.09854788e-01 9.45174575e-01
    2.56848395e-01 1.04478836e-01 8.21740389e-01 4.86569703e-01
    3.83759886e-01 4.78559762e-01 3.88642848e-01 4.32387590e-01
    1.32623821e-01 9.15065110e-02 1.11862749e-01 2.76791364e-01
    7.94071078e-01 7.55264521e-01 7.45529413e-01 8.55037332e-01
    8.21201622e-01 5.39740384e-01 8.82272661e-01 4.76040512e-01
    4.78760391e-01 8.84158790e-01 8.38432491e-01 3.03552091e-01
    7.32583046e-01 8.99810672e-01 9.42944705e-01 1.72981858e-01
    5.21088779e-01 2.72358716e-01 6.51899576e-02 9.82596755e-01
    7.23464906e-01 7.83563733e-01 1.47619188e-01 4.66812044e-01
    3.41722906e-01 1.98871195e-01 4.32346761e-01 3.10917854e-01
    2.26025522e-01 6.05426133e-02 2.11408973e-01 9.20204759e-01
    2.00611293e-01 3.92331630e-01 4.22191143e-01 6.68152452e-01
    1.64846361e-01 2.52431780e-01 6.17158413e-01 3.25363904e-01
    4.81685728e-01 2.76625812e-01 6.10262394e-01 3.86765718e-01
    2.53045619e-01 4.89273518e-01 3.28707576e-01 3.75927269e-01
    2.87668586e-01 9.32652652e-01 5.27668238e-01 5.77047467e-01
    7.71055698e-01 6.78191483e-01 1.95221722e-01 6.15740895e-01
    7.32587993e-01 6.33294404e-01 6.09521866e-02 8.73123467e-01
    1.13704532e-01 6.34516954e-01 7.20206380e-01 7.39124537e-01
    8.46014738e-01 3.48038614e-01 5.76825678e-01 2.31175154e-01
    7.34172344e-01 5.76102674e-01 3.97634983e-01 4.12567973e-01
    7.01429844e-01 3.78195554e-01 1.67246252e-01 3.23630154e-01
    8.65559876e-01 3.48539352e-01 4.50551093e-01 7.09868312e-01
    4.14545476e-01 2.49079943e-01 4.62916493e-01 6.33492708e-01
    6.10116661e-01 1.55651003e-01 7.71658301e-01 7.13856220e-01
    8.97621274e-01 8.68885100e-01 2.60050118e-01 6.53410614e-01
    7.33276725e-01 5.95796883e-01 8.19272995e-01 3.80375117e-01
    5.42499006e-01 3.79049093e-01 1.90716982e-02 9.67694283e-01
    4.47474092e-01 1.06921226e-01 7.49227047e-01 2.53664434e-01
    9.88989055e-01 8.88485014e-02 4.28130507e-01 3.99346948e-01
    9.87104774e-02 2.84137189e-01 9.32195961e-01 3.76328647e-01
    7.59531319e-01 4.75050926e-01 4.33755219e-02 6.54634953e-01
    9.36828017e-01 4.94945168e-01 1.42495006e-01 5.00483334e-01
    4.37569439e-01 1.23274744e-01 5.20784259e-01 7.21853077e-01
    3.31031680e-01 6.70549750e-01 2.28036463e-01 5.59874117e-01
    6.85721338e-01 1.69408828e-01 9.52012539e-01 9.30396020e-01
    5.14764309e-01 2.39658356e-02 3.68366182e-01 8.54864359e-01
    2.44301468e-01 3.40534031e-01 3.13673675e-01 9.00346041e-02
    7.98059404e-02 6.53919339e-01 2.92171836e-01 4.93556619e-01
    8.58494997e-01 1.46289021e-01 7.12500691e-01 8.93652439e-01
    7.18823314e-01 7.43803263e-01 9.34945881e-01 8.38265538e-01
    2.32578784e-01 1.67365074e-02 7.33668208e-01 9.43657219e-01
    4.28062111e-01 8.00078750e-01 1.34303451e-01 9.51334655e-01
    4.86722440e-01 2.87739336e-02 1.31237835e-01 8.08058679e-01
    5.99024594e-01 1.02398276e-01 2.85556197e-01 5.79024434e-01
    9.19435620e-01 9.17520761e-01 7.50378013e-01 7.47190893e-01
    1.70505673e-01 8.62167120e-01 2.15203822e-01 3.55942994e-01
    5.44601083e-01 5.78465104e-01 7.97047377e-01 1.90435052e-01
    8.64070058e-01 5.14945269e-01 7.93306828e-02 8.49666059e-01
    8.63982081e-01 2.94270873e-01 3.55749965e-01 5.68890631e-01
    2.34128028e-01 1.10791087e-01 4.19907987e-01 6.76932812e-01
    2.72153556e-01 6.85472429e-01 9.51292455e-01 3.83773714e-01
    9.19319689e-01 1.69477642e-01 6.87531233e-02 4.97064561e-01
    2.10796475e-01 1.07624888e-01 1.65902853e-01 5.68137169e-01
    4.11434799e-01 2.20123112e-01 8.88534069e-01 6.03538275e-01
    8.97491336e-01 5.56451201e-01 9.13867474e-01 1.07290506e-01
    7.54207730e-01 8.62467408e-01 9.47846770e-01 1.84546828e-01
    7.90598750e-01 5.22679627e-01 2.33836323e-01 1.97094530e-01
    8.43366206e-01 1.64644092e-01 9.33292389e-01 7.69438624e-01
    9.92119253e-01 9.02255058e-01 2.93922693e-01 2.50048637e-01
    4.81086522e-01 1.20379150e-01 7.02415526e-01 4.06405389e-01
    2.96551049e-01 2.82272935e-01 2.68043339e-01 1.14260316e-01
    3.86025429e-01 7.61314273e-01 5.80338538e-01 5.09172142e-01
    9.25663471e-01 7.46668279e-02 1.76707774e-01 8.63222957e-01
    9.95432138e-01 3.36135387e-01 2.55660415e-02 4.31690156e-01
    4.65988040e-01 5.65785766e-02 8.68838549e-01 8.51682782e-01
    8.27468395e-01 8.70036960e-01 9.13726926e-01 3.49561512e-01
    6.14926517e-01 3.99355859e-01 5.08103967e-01 6.63157344e-01
    7.13968158e-01 4.89701003e-01 1.75198108e-01 9.87671375e-01
    2.98616290e-01 8.37196112e-01 6.99550271e-01 4.21953321e-01
    6.58191323e-01 9.98043537e-01 9.03262377e-01 6.11832738e-02
    1.30320460e-01 1.63431883e-01 9.19834077e-02 9.57194805e-01
    5.27973711e-01 2.26059556e-03 8.62633944e-01 4.13944185e-01
    7.69632459e-01 3.02877724e-02 9.83659327e-01 7.13068664e-01
    1.32051706e-01 8.16932797e-01 6.17241502e-01 9.16968822e-01
    8.54006410e-01 4.14625943e-01 5.62037766e-01 6.55722618e-01
    3.75151902e-01 3.01799834e-01 8.59425902e-01 2.04111189e-01
    4.46730196e-01 7.99570560e-01 7.74311543e-01 8.90625775e-01
    4.35541660e-01 3.40708047e-01 5.34570932e-01 3.96687716e-01
    3.70266914e-01 9.72605348e-01 3.41285586e-01 8.91247511e-01
    9.05337036e-02 9.58737731e-01 9.40544963e-01 2.22213686e-01
    6.87560558e-01 7.03222096e-01 9.39153790e-01 9.95656610e-01
    6.82096779e-01 2.48809695e-01 4.14559722e-01 9.93659496e-02
    5.11526585e-01 4.37945426e-02 6.86028838e-01 8.83284688e-01
    8.86319697e-01 4.77858722e-01 7.29404092e-01 6.41355515e-01
    8.02783906e-01 1.66407824e-01 4.66993511e-01 6.77786708e-01
    2.36016780e-01 8.36696982e-01 7.06328154e-01 6.91051483e-01
    4.72368360e-01 8.14288199e-01 7.51196980e-01 8.31503630e-01
    5.99188447e-01 7.62905955e-01 3.71146172e-01 8.40105534e-01
    7.98251748e-01 9.76728976e-01 9.93048549e-01 5.39239168e-01
    5.72690248e-01 3.66043210e-01 3.27211618e-01 2.01434314e-01
    4.13558066e-01 6.28677547e-01 7.37834990e-01 7.02683508e-01
    1.15959644e-01 5.08277833e-01 6.20410979e-01 4.64642823e-01
    7.71225750e-01 8.67699385e-01 8.66336703e-01 4.25796300e-01
    5.72685599e-02 5.57190597e-01 2.14735150e-01 7.49344647e-01
    6.38406277e-02 1.25002265e-02 8.45775545e-01 6.72583878e-02
    8.09378326e-02 2.56464005e-01 1.90109432e-01 3.73204648e-02
    9.02341783e-01 2.38251686e-01 9.45431709e-01 5.78128219e-01
    4.79540795e-01 9.96108174e-01 8.13738108e-01 1.10840261e-01
    9.23619986e-01 7.43178964e-01 6.61230922e-01 5.62065423e-01
    4.76729125e-01 8.01990330e-02 9.54708338e-01 3.09317857e-01
    3.58635426e-01 4.43389654e-01 9.60037351e-01 1.80525362e-01
    9.32314217e-01 6.74185693e-01 6.59491301e-01 2.02118218e-01
    9.34850454e-01 5.64322650e-01 3.92053008e-01 8.29998612e-01
    7.72618473e-01 6.98397160e-01 3.16122651e-01 6.30223632e-01
    6.31293178e-01 1.69371217e-01 3.28056097e-01 3.49756062e-01
    5.31761050e-01 2.99342841e-01 6.66007698e-01 2.91852713e-01
    7.98007250e-01 8.93310070e-01 6.50998890e-01 6.93985462e-01
    7.72506237e-01 8.12879741e-01 1.69181705e-01 9.40658092e-01
    2.88326532e-01 4.55053389e-01 4.50344384e-02 7.95632303e-01
    4.54010665e-02 3.86974573e-01 8.59517217e-01 4.54808474e-02
    8.67504299e-01 5.99433303e-01 2.92795956e-01 2.08050609e-02
    6.36823773e-01 9.54331636e-01 4.04984593e-01 9.54629540e-01
    7.44076788e-01 5.75550616e-01 1.80891275e-01 9.07850325e-01
    4.11438674e-01 6.44539416e-01 7.20080018e-01 3.99016976e-01
    1.86484367e-01 7.88962841e-01 2.70125508e-01 4.62434351e-01
    9.30079281e-01 6.31283045e-01 3.69973451e-01 7.21365750e-01
    2.21494257e-01 4.57114577e-01 4.21639383e-02 2.07033157e-01
    4.74994659e-01 2.83327997e-01 9.33195710e-01 7.35193491e-04
    5.18339992e-01 3.65665704e-01 4.02232587e-01 7.30372667e-01
    9.64351594e-01 6.86316490e-01 2.00052679e-01 7.91476607e-01
    7.45510936e-01 4.05826211e-01 4.50397938e-01 6.06029332e-02
    8.84081364e-01 2.48996675e-01 7.42218435e-01 6.56546950e-02
    8.32452238e-01 9.29500639e-01 3.92498195e-01 4.26482618e-01
    3.71949136e-01 7.92396665e-01 4.86882091e-01 9.01518464e-01
    1.73023164e-01 7.97277808e-01 6.18785858e-01 9.47168469e-03
    1.79237127e-01 9.91058648e-02 8.89343143e-01 6.64371490e-01
    8.32448542e-01 4.62074518e-01 3.18795860e-01 5.69295704e-01
    4.66065496e-01 8.01924407e-01 1.86743736e-02 2.37403482e-01
    9.09446716e-01 4.97346550e-01 3.54278088e-01 2.29756683e-01
    7.72449195e-01 7.67482162e-01 2.97320068e-01 6.53644323e-01
    8.41805577e-01 5.65871418e-01 8.86901975e-01 9.65077758e-01
    1.04577035e-01 8.03769112e-01 7.65283465e-01 9.16626394e-01
    6.24826670e-01 9.34400082e-01 8.61797690e-01 2.44494319e-01
    8.68137360e-01 4.86305863e-01 1.34827524e-01 3.49667370e-01
    9.05589163e-02 9.28864300e-01 4.86050725e-01 7.14334130e-01
    4.28081870e-01 5.99516511e-01 3.69127959e-01 8.99308681e-01
    3.20033133e-01 8.08127403e-01 9.09238577e-01 7.74299920e-01
    9.83878136e-01 7.54438639e-01 4.82577860e-01 1.43997133e-01
    1.71266764e-01 2.50551939e-01 1.99044824e-01 1.33346289e-01
    8.10476303e-01 7.59401917e-03 9.49417174e-01 1.54350996e-01
    4.70307022e-01 7.62300670e-01 1.53518260e-01 6.17759228e-02
    3.08508694e-01 7.66796112e-01 4.44895029e-03 8.17704916e-01
    9.71573770e-01 2.65380621e-01 1.91587418e-01 1.74851209e-01
    9.38506842e-01 6.16925716e-01 4.33058798e-01 6.96086705e-01
    8.31944406e-01 7.04935193e-01 2.20284790e-01 9.24751759e-01
    8.85210752e-01 2.80580819e-01 9.62998271e-02 2.45695621e-01
    2.99082518e-01 5.51291943e-01 6.57726467e-01 7.46835113e-01
    7.61887670e-01 7.63522625e-01 1.28099293e-01 1.77881211e-01
    5.43621182e-01 5.66836596e-01 5.22545576e-01 6.24330640e-02
    5.40059924e-01 4.00616586e-01 9.85724926e-01 2.43573070e-01
    9.15106297e-01 5.10028601e-01 5.10011375e-01 8.93811762e-01
    4.33777392e-01 3.02039504e-01 8.08390141e-01 1.19829834e-01
    9.10074711e-01 8.14142644e-01 3.74242723e-01 5.81452608e-01
    7.84466147e-01 2.69913107e-01 5.70015430e-01 9.74748731e-01
    8.92757416e-01 4.83383715e-01 1.40199900e-01 3.14159989e-02
    5.57566047e-01 9.49418545e-02 1.78267121e-01 2.03858674e-01
    5.34546673e-01 9.77563262e-02 1.46617174e-01 7.38645732e-01
    9.94088948e-02 7.12372541e-01 7.15520978e-02 5.17104685e-01
    4.29073691e-01 8.25438380e-01 7.47104585e-02 3.27020854e-01
    3.46028209e-02 9.63377357e-02 6.65621758e-01 3.10420275e-01
    6.88241124e-01 2.45089114e-01 8.23674679e-01 5.72183609e-01
    7.85001993e-01 8.92452836e-01 5.58156073e-01 3.04574907e-01
    8.48541737e-01 9.03604865e-01 5.33213258e-01 7.23406196e-01
    9.42089617e-01 1.95521176e-01 5.35501719e-01 3.12630177e-01
    3.98389935e-01 4.12423968e-01 8.22342217e-01 9.16437507e-01
    1.40483081e-01 1.85943455e-01 7.93731749e-01 7.97068179e-02
    3.28321159e-01 2.41628110e-01 2.56668419e-01 8.40943575e-01
    1.64040923e-02 5.82795560e-01 9.50407922e-01 2.21520305e-01
    4.58631814e-01 2.20947027e-01 1.84072763e-01 3.66604686e-01
    6.64360285e-01 1.03574514e-01 9.79659736e-01 2.09679604e-01
    9.21463490e-01 5.79526424e-01 6.51127815e-01 2.31791049e-01
    1.85872942e-01 2.75009274e-02 7.36897409e-01 2.65315115e-01
    4.82098550e-01 3.12087864e-01 5.43102145e-01 4.00184155e-01
    9.77371156e-01 9.40215230e-01 5.86468816e-01 5.12300789e-01
    6.53045118e-01 1.17142260e-01 7.11485744e-02 7.13508666e-01
    3.12636018e-01 2.61587799e-01 9.17104006e-01 5.57036042e-01
    7.01352358e-01 5.43655634e-01 4.32388395e-01 2.93166548e-01
    6.77810073e-01 3.06958139e-01 9.57273483e-01 9.10107970e-01
    5.76676726e-02 8.07992637e-01 4.23642159e-01 9.96331275e-02
    4.70828235e-01 7.09169686e-01 7.43596196e-01 5.05673289e-01
    3.60953689e-01 3.48085523e-01 9.20253992e-02 5.73287427e-01
    2.63237029e-01 6.39534771e-01 8.84299099e-01 2.81055450e-01
    4.41318452e-01 9.80968714e-01 9.44256186e-01 5.73626518e-01
    7.50345588e-02 8.89747798e-01 2.33461201e-01 7.95614719e-01
    5.80336511e-01 6.67619646e-01 6.62550032e-02 9.98721719e-01
    6.71408355e-01 8.69978189e-01 9.32734609e-01 8.81615281e-01
    2.91835725e-01 6.24038339e-01 9.01594996e-01 8.67408991e-01
    5.37035167e-02 2.78856158e-02 4.99100268e-01 9.29742992e-01
    4.68975633e-01 3.97353292e-01 7.62217999e-01 6.20395958e-01
    2.82823026e-01 4.26821768e-01 2.59651721e-01 4.43784267e-01
    7.68000484e-01 6.35250628e-01 4.91617441e-01 2.16203302e-01
    8.71644855e-01 5.32178819e-01 9.94086623e-01 1.25700295e-01
    7.32880235e-01 8.30128431e-01 9.32498932e-01 4.47539061e-01
    8.09455097e-01 2.20857173e-01 6.54797614e-01 2.81136543e-01
    2.38073021e-01 2.09053487e-01 1.76069260e-01 5.25339961e-01
    9.32476997e-01 8.87281537e-01 7.02273369e-01 4.31878448e-01
    6.36730313e-01 3.23020458e-01 2.38696635e-02 3.38705182e-01
    2.33088017e-01 9.75615501e-01 9.97192204e-01 1.24251992e-01
    5.20604491e-01 9.16607857e-01 5.63441694e-01 7.70959437e-01
    2.41894066e-01 1.02913797e-01 4.74592954e-01 3.87458742e-01
    2.64296830e-02 1.25337243e-01 9.36173558e-01 2.16578543e-01
    8.26590061e-01 9.39056873e-01 2.39072025e-01 6.48388743e-01
    2.53055394e-01 1.99442208e-01 7.96284378e-01 6.89299166e-01
    1.65309459e-01 2.83320725e-01 3.14064920e-02 3.25159669e-01
    3.75459969e-01 2.90071666e-02 8.69291067e-01 9.43341672e-01
    2.53026664e-01 3.19562703e-01 2.62049139e-01 6.27185702e-01
    3.13159674e-01 8.74034822e-01 9.34711337e-01 8.84612918e-01
    2.39726394e-01 3.80956471e-01 4.80064929e-01 4.82570767e-01
    6.85486317e-01 1.23179048e-01 1.10289186e-01 8.08205009e-02
    3.11774909e-01 4.97777343e-01 2.80368447e-01 2.92792857e-01
    6.55583024e-01 7.07086563e-01 4.08412069e-01 8.99329901e-01
    9.88016784e-01 9.94732857e-01 3.76661628e-01 2.76629627e-01
    2.95238793e-01 6.65209889e-02 2.71283329e-01 4.88337815e-01
    5.32479048e-01 4.76826698e-01 6.84334040e-01 2.92597055e-01
    3.03985476e-02 7.86415696e-01 8.21403205e-01 1.76688224e-01
    1.58934146e-01 9.88667130e-01 2.59941220e-01 9.11285877e-02
    1.73569828e-01 7.68962026e-01 6.43013477e-01 3.16405833e-01
    6.76501870e-01 2.08344460e-02 4.11269069e-01 8.01830173e-01
    3.50671887e-01 9.87918973e-01 3.26640546e-01 5.01964986e-01
    9.74063754e-01 7.16561437e-01 1.13514364e-02 5.38295567e-01
    5.45575678e-01 7.35556483e-02 6.51519537e-01 3.62370133e-01
    8.80706906e-02 2.75522292e-01 1.32792652e-01 8.23544979e-01
    6.73545718e-01 1.12346113e-01 7.62059450e-01 5.97685337e-01
    8.67408812e-01 4.10526335e-01 9.43403721e-01 9.29653585e-01
    5.22657871e-01 1.77235633e-01 7.21163154e-01 2.40277171e-01
    7.30285883e-01 5.36064446e-01 7.70510674e-01 4.22182560e-01
    7.74776101e-01 8.38290095e-01 1.54410154e-01 1.10474110e-01
    9.73738313e-01 1.70212746e-01 1.96965009e-01 4.93147671e-01
    8.26699495e-01 9.31099772e-01 3.18655610e-01 5.32766819e-01
    6.26592755e-01 2.51397580e-01 7.78969884e-01 5.24161041e-01
    6.21683419e-01 2.58010864e-01 4.37541306e-02 4.85479236e-02
    4.18299347e-01 4.01154727e-01 1.56441212e-01 7.68571973e-01
    3.64745408e-01 1.39684618e-01 9.17195976e-01 2.54363984e-01
    7.44265556e-01 2.10829347e-01 3.54385018e-01 2.43402392e-01
    8.31822634e-01 2.56931752e-01 2.10206866e-01 2.02377319e-01
    3.55438292e-01 6.34951949e-01 9.46715713e-01 1.70488685e-01
    3.36820424e-01 4.04390007e-01 1.04205310e-02 4.42708313e-01
    6.76346123e-02 5.41004598e-01 6.36871576e-01 9.78730977e-01
    5.13957918e-01 1.58677310e-01 2.95075774e-01 8.63366723e-02
    6.75278425e-01 7.89972067e-01 2.21019596e-01 6.31314635e-01
    3.97542834e-01 3.02203298e-02 2.47174501e-01 8.35032582e-01
    7.15868294e-01 2.38787949e-01 4.38623130e-02 8.58883321e-01
    8.84846568e-01 2.63522357e-01 6.49923325e-01 7.78442144e-01
    9.47355151e-01 7.05891132e-01 7.55094290e-01 7.74117231e-01
    4.69602913e-01 4.65063274e-01 8.67022395e-01 2.69568682e-01
    2.28835911e-01 4.45857555e-01 5.18773615e-01 7.62047291e-01
    7.53605008e-01 9.58240867e-01 6.97281301e-01 4.46945876e-01
    9.31544781e-01 4.20336723e-01 2.22140461e-01 9.08220768e-01
    2.84684986e-01 4.82715309e-01 4.85159785e-01 9.92480993e-01
    3.41124594e-01 4.02052850e-01 7.81921983e-01 1.68813735e-01
    8.06571662e-01 9.93090391e-01 7.13738859e-01 7.29583383e-01
    8.43520522e-01 8.22449088e-01 7.76043892e-01 1.22519076e-01
    3.20907086e-01 7.14091539e-01 5.48681080e-01 7.01688349e-01
    9.20018792e-01 8.47056985e-01 3.84819925e-01 3.87598336e-01
    3.45013499e-01 3.44591886e-01 8.41289163e-01 6.20403469e-01
    5.28110504e-01 3.51021171e-01 5.38847327e-01 5.90737581e-01
    3.06198001e-01 3.48401070e-01 8.61622214e-01 5.11234105e-01
    2.36539543e-02 4.07896042e-01 7.76292205e-01 5.43633342e-01
    2.94477820e-01 9.09238100e-01 8.37116480e-01 1.52324736e-01
    1.81996316e-01 5.78038275e-01 3.74539852e-01 9.38470960e-01
    7.20759153e-01 2.91379511e-01 5.72187543e-01 4.00110066e-01
    4.75533009e-01 2.63907135e-01 1.81003630e-01 7.96583056e-01
    8.13580751e-01 6.66209280e-01 4.92005885e-01 6.45526588e-01
    5.39472997e-01 1.34396970e-01 8.57701957e-01 4.11927432e-01
    7.75603294e-01 8.78754258e-01 6.75124347e-01 6.81252182e-01
    2.52478838e-01 9.04206872e-01 5.56718647e-01 5.25511742e-01
    5.63329697e-01 7.19351947e-01 4.02556956e-02 2.56118774e-02
    3.71292770e-01 5.93409896e-01 8.73765409e-01 2.74290115e-01
    1.89515084e-01 7.58858681e-01 1.06141210e-01 4.20053303e-02
    5.06684244e-01 7.66688943e-01 3.25090289e-02 1.10349774e-01
    9.88175750e-01 9.86434221e-01 5.58038116e-01 5.23714721e-02
    4.05517012e-01 1.76072747e-01 4.41003442e-01 3.45481098e-01
    9.79138255e-01 1.48411602e-01 2.57654309e-01 5.33037901e-01
    7.04439819e-01 6.31982148e-01 6.41590178e-01 7.73997545e-01
    6.59299076e-01 6.82711124e-01 9.23787355e-01 8.70630085e-01
    3.20495009e-01 9.55724835e-01 4.32346165e-01 8.11064482e-01
    8.81335497e-01 4.90844250e-01 7.66812921e-01 5.50953627e-01
    2.20312208e-01 9.45594966e-01 3.25439572e-01 5.90258420e-01
    4.85805631e-01 2.93591231e-01 9.45276380e-01 2.49447644e-01
    3.01197648e-01 3.38090062e-02 2.26762652e-01 3.47736686e-01
    7.93935776e-01 6.69939876e-01 4.54786062e-01 5.12474060e-01
    7.07330883e-01 7.85906613e-02 8.36202741e-01 7.74012089e-01
    9.58130717e-01 3.83351803e-01 1.93632275e-01 5.10766208e-01
    1.92383558e-01 5.83493948e-01 7.33073711e-01 3.27331424e-02
    2.83069193e-01 3.45001936e-01 9.37323093e-01 5.59943199e-01
    4.96427238e-01 5.05478680e-02 9.92295444e-01 7.61352956e-01
    9.21098471e-01 5.41421950e-01 5.88139594e-01 4.99463856e-01
    1.47385001e-02 2.39715725e-01 6.99324369e-01 2.07097113e-01
    9.73412037e-01 2.72676051e-01 8.72450948e-01 9.27965641e-01
    5.85375607e-01 6.94548607e-01 9.29176569e-01 1.62252784e-03
    6.41192257e-01 2.74439752e-01 6.96715832e-01 1.47878796e-01
    7.04893112e-01 8.70295286e-01 3.15141529e-01 3.48051190e-02
    9.10315216e-01 5.79900444e-02 3.14767331e-01 2.07748085e-01
    3.32278103e-01 9.02029753e-01 9.18603003e-01 9.55786645e-01
    5.39081693e-02 6.59582376e-01 1.25380784e-01 1.24088109e-01
    7.33257711e-01 6.38270676e-01 8.94372821e-01 3.51208389e-01
    3.76951098e-01 5.70070148e-01 3.20674300e-01 9.13578928e-01
    4.05376941e-01 7.45185792e-01 2.54144281e-01 9.66124594e-01
    1.77001745e-01 3.97899210e-01 7.78163433e-01 6.94836497e-01
    1.37625545e-01 1.77308947e-01 7.21537948e-01 2.89615393e-02
    1.19532555e-01 2.55431294e-01 2.85792887e-01 4.51268554e-01
    7.67839611e-01 7.49045253e-01 3.32001150e-02 4.62492406e-01
    5.95020533e-01 5.59898734e-01 2.09591269e-01 5.95472574e-01
    7.89997339e-01 9.16824460e-01 4.97988909e-01 4.38094825e-01
    9.38325882e-01 9.30205107e-01 7.56564021e-01 3.98820341e-02
    3.10688853e-01 5.93018830e-02 9.96451020e-01 5.39142132e-01
    3.56644928e-01 1.72957838e-01 8.34631741e-01 3.80706191e-01
    3.05911899e-02 1.93008512e-01 1.95364654e-01 5.66177487e-01
    7.72103906e-01 1.75727248e-01 5.85921168e-01 6.85686111e-01
    7.01081455e-02 3.18147540e-01 8.70186687e-01 2.85044909e-01
    3.04925442e-01 8.99253249e-01 8.06130886e-01 5.56938946e-02
    6.36110246e-01 9.10449624e-01 8.69821310e-01 6.49962842e-01
    4.67907667e-01 8.80235136e-02 3.44717801e-02 6.56473756e-01
    5.75689793e-01 2.85823375e-01 2.59019315e-01 3.09213102e-01
    6.08466268e-01 9.38233972e-01 8.38992298e-01 7.70315766e-01
    2.58341461e-01 6.79576457e-01 5.92118025e-01 3.37075293e-01
    1.16508991e-01 8.72469008e-01 6.15128756e-01 6.96967721e-01
    4.02595907e-01 2.98098207e-01 4.21251088e-01 5.96180081e-01
    4.85480130e-01 2.81362921e-01 8.25324655e-02 6.13468766e-01
    7.10689425e-01 9.12989855e-01 9.75578070e-01 9.76217866e-01
    7.74062395e-01 4.64837939e-01 6.97343230e-01 5.33540130e-01
    7.86708474e-01 1.20275140e-01 4.42923963e-01 5.52684724e-01
    3.74409556e-03 8.60377967e-01 7.28844881e-01 4.32733357e-01
    6.99804604e-01 9.25526381e-01 9.23525155e-01 8.93849611e-01
    4.87213612e-01 5.82576096e-02 9.48929667e-01 6.77065134e-01
    1.12665892e-02 6.09699070e-01 4.98763978e-01 1.13042116e-01
    8.46145511e-01 3.82559121e-01 4.58470613e-01 7.91379392e-01
    3.36103737e-01 9.53107953e-01 3.58121097e-01 5.75279355e-01
    5.91693163e-01 9.58463550e-03 1.52396202e-01 1.37415588e-01
    7.03060806e-01 5.70330501e-01 5.56051731e-02 2.10851967e-01
    8.34360600e-01 7.01739490e-01 1.86530560e-01 1.27780765e-01
    5.39221942e-01 2.66638398e-01 3.51523161e-02 1.01643234e-01
    2.02182859e-01 6.81222498e-01 6.69618607e-01 1.81348830e-01
    1.03321612e-01 4.07928526e-01 1.09012425e-02 3.19626212e-01
    3.34204257e-01 3.96619916e-01 6.77400708e-01 1.29584014e-01
    8.40554774e-01 5.22375882e-01 8.80380452e-01 2.15609670e-02
    9.97681260e-01 8.59069705e-01 5.55035114e-01 4.57516521e-01
    9.08664644e-01 8.51743162e-01 4.77939636e-01 3.96324933e-01
    6.62068188e-01 3.65628898e-01 7.66672850e-01 1.34372115e-02
    2.71736294e-01 2.30597466e-01 1.33511066e-01 4.28422689e-02
    9.73526239e-01 4.63944852e-01 6.89776719e-01 2.59678900e-01
    8.78518105e-01 3.19368601e-01 7.55006194e-01 7.70934701e-01
    9.15862322e-01 9.46974695e-01 8.92126143e-01 1.05208278e-01
    3.85093689e-01 8.59930217e-01 8.47877979e-01 4.14731503e-01
    1.27059102e-01 1.24311179e-01 6.99298978e-01 8.57734084e-01
    2.77943909e-02 7.44008780e-01 3.43216419e-01 4.03818548e-01
    7.38612771e-01 5.65425456e-02 1.21558964e-01 7.99324214e-02
    7.32801259e-02 7.36201644e-01 6.85830712e-01 9.37771916e-01
    7.21242905e-01 7.31475890e-01 7.10831106e-01 1.62472337e-01
    1.90687001e-01 2.07346618e-01 5.60221910e-01 5.59095502e-01
    3.59806210e-01 5.40031970e-01 9.00040865e-01 6.39871299e-01
    2.39198804e-01 7.25885034e-02 5.34542799e-01 8.15572977e-01
    8.17406595e-01 4.03693318e-02 6.93704784e-01 1.76964134e-01
    9.56228852e-01 7.37927794e-01 3.58883321e-01 1.28035247e-02
    5.54946363e-01 9.23468113e-01 9.96491313e-01 1.20153993e-01
    5.40006340e-01 3.46253157e-01 4.85302210e-01 1.80442840e-01
    2.39588439e-01 2.51019418e-01 6.58345342e-01 4.31539029e-01
    9.11816359e-01 7.66791105e-01 2.40904570e-01 3.36283207e-01
    9.90142405e-01 5.98273575e-01 9.43590343e-01 3.61528754e-01
    4.81086701e-01 4.28211451e-01 9.68021214e-01 7.42812514e-01
    8.81861746e-01 1.99801594e-01 9.47183728e-01 8.49190533e-01
    8.58224273e-01 3.23638916e-01 8.74981046e-01 8.59414816e-01
    4.66488004e-01 1.90810561e-02 8.36284459e-01 8.23326707e-01
    4.09025580e-01 7.61380553e-01 8.94429088e-02 9.01513755e-01
    6.51454151e-01 7.86873341e-01 6.21423125e-01 8.29539537e-01
    4.57736373e-01 7.07620680e-02 1.47225440e-01 9.71895456e-02
    1.76274151e-01 6.79398179e-01 8.02279651e-01 1.92739546e-01
    5.35426021e-01 1.03625655e-03 1.48025632e-01 3.07274878e-01
    2.48608887e-01 1.74121052e-01 8.34969521e-01 9.85140026e-01
    1.93123907e-01 6.34967685e-01 3.40060145e-01 2.92258382e-01
    1.05289131e-01 3.46417487e-01 9.51567888e-01 8.41175020e-02
    8.78134012e-01 3.96349430e-02 5.27948260e-01 5.06297648e-01
    4.49795425e-01 3.02461267e-01 6.33065641e-01 5.47970295e-01
    9.65513110e-01 4.63610947e-01 3.85002732e-01 3.91248226e-01
    3.43777597e-01 6.84452593e-01 2.88464725e-01 6.84329867e-03
    1.32545561e-01 6.01807654e-01 9.81815219e-01 5.55999756e-01
    3.30792665e-01 7.03317285e-01 2.16598809e-02 2.42564559e-01
    8.07704151e-01 6.79428339e-01 8.25167894e-01 3.51700842e-01
    6.27060413e-01 7.21142411e-01 9.35246527e-01 3.72346699e-01
    2.34169334e-01 8.43551338e-01 8.36994171e-01 6.69458091e-01
    8.94955039e-01 4.47680980e-01 3.21808308e-01 6.96031690e-01
    3.35425258e-01 4.65501815e-01 9.13069963e-01 7.03257978e-01
    4.30006802e-01 9.88486767e-01 8.42879176e-01 7.51224399e-01
    2.68981606e-01 2.79346406e-02 3.01710367e-01 8.09107006e-01
    8.23512077e-01 4.65066522e-01 4.32139665e-01 2.33978689e-01
    8.97989571e-02 3.68167937e-01 9.90910113e-01 1.13599837e-01
    9.51076925e-01 1.26935691e-01 4.02333736e-02 9.64670300e-01
    9.29880023e-01 1.30642176e-01 1.81081772e-01 9.44353700e-01
    2.12797761e-01 5.18721223e-01 3.44186217e-01 5.37123859e-01
    4.17620182e-01 6.30996644e-01 9.77085352e-01 1.71438336e-01
    2.71828204e-01 9.78692114e-01 9.34846342e-01 3.84051025e-01
    4.00951982e-01 3.50515187e-01 7.06957877e-01 3.50428194e-01
    9.27076817e-01 1.25635266e-02 1.85770571e-01 7.05464661e-01
    8.69560242e-03 6.24989152e-01 2.12141126e-01 1.66090310e-01
    6.00422204e-01 1.38752520e-01 7.03278184e-02 4.87293422e-01
    1.47036314e-02 1.05127841e-01 4.52573568e-01 3.23999703e-01
    5.95196962e-01 5.51618457e-01 9.60817039e-01 4.77916390e-01
    4.20683652e-01 3.30348253e-01 2.49110132e-01 5.83171844e-03
    8.96982312e-01 1.86168015e-01 3.80367726e-01 4.67144966e-01
    9.29023027e-01 2.50869095e-01 9.55354333e-01 8.63357544e-01
    1.44672781e-01 8.49125683e-02 3.54563057e-01 9.60262835e-01
    8.43873382e-01 7.77362108e-01 2.02337772e-01 9.51298475e-01
    5.33034146e-01 2.33543217e-01 3.96399170e-01 7.85439670e-01
    4.92249757e-01 5.03754675e-01 6.91089034e-01 3.08062136e-02
    3.03612828e-01 5.61702430e-01 2.15028942e-01 5.32376587e-01
    6.67034626e-01 3.20091307e-01 9.72789109e-01 3.87530625e-01
    1.50075406e-01 7.85233080e-01 5.37761688e-01 1.32943094e-01
    3.07326257e-01 5.77279925e-01 7.32229590e-01 5.67643285e-01
    8.50284457e-01 2.96257615e-01 9.93052661e-01 8.85873437e-02
    1.57235473e-01 1.38094038e-01 4.16659415e-02 9.82834101e-02
    2.87341177e-02 4.13674355e-01 2.05385476e-01 3.47065866e-01
    5.86971164e-01 2.65240252e-01 2.82305896e-01 7.70218492e-01
    9.62990344e-01 1.63665146e-01 4.47230905e-01 1.58876121e-01
    3.59664261e-01 6.03172302e-01 5.73333979e-01 1.08768582e-01
    9.26281631e-01 5.30702174e-02 2.53930658e-01 6.96404934e-01
    9.21311736e-01 3.74052048e-01 8.08401287e-01 8.86802256e-01
    1.06565237e-01 3.55258524e-01 9.78110731e-01 6.63594961e-01
    5.14705062e-01 5.85342348e-01 7.35219717e-01 6.49642050e-01
    8.17634821e-01 7.73842752e-01 4.64133441e-01 8.55684042e-01
    6.44929111e-01 3.27255428e-01 3.98955882e-01 2.81674773e-01
    2.86114633e-01 5.90743601e-01 4.35285121e-01 1.47488892e-01
    1.60382390e-02 3.84271264e-01 4.39265072e-01 1.50540084e-01
    4.25859094e-02 7.69202828e-01 2.35739231e-01 7.59544373e-02
    1.21412814e-01 5.77035308e-01 8.36074710e-01 4.98753935e-01
    9.75854874e-01 8.49672318e-01 9.76812124e-01 9.35028791e-01
    2.98198760e-02 4.76681054e-01 8.39813948e-02 7.35891461e-02
    8.41751456e-01 9.62086082e-01 8.20761442e-01 8.72231960e-01
    2.40661174e-01 1.33007824e-01 4.33691353e-01 9.02908206e-01
    1.55031770e-01 8.10056686e-01 7.70533323e-01 2.91904360e-01
    2.98324615e-01 7.18908727e-01 8.33674014e-01 3.93527836e-01
    8.57423186e-01 6.75349951e-01 3.28553081e-01 1.27022207e-01
    8.03551197e-01 6.01186872e-01 3.74539912e-01 2.48232484e-02
    3.63604963e-01 5.34392178e-01 7.33137846e-01 8.32020998e-01
    3.50448489e-02 8.23138475e-01 3.07232916e-01 7.07841158e-01
    1.72773898e-01 3.67759466e-01 6.88113272e-01 2.47937232e-01
    4.14683819e-02 1.54078543e-01 1.52282298e-01 4.98787612e-01
    9.05411839e-01 2.59104580e-01 8.06782722e-01 7.89266586e-01
    8.21967959e-01 2.40514129e-01 6.06208026e-01 8.30643952e-01
    1.59979105e-01 8.14114988e-01 8.18055511e-01 7.77459025e-01
    5.37375212e-01 8.70122552e-01 3.45231831e-01 8.82346809e-01
    4.88361210e-01 2.49421448e-01 4.28077191e-01 4.67427015e-01
    9.62294936e-02 5.84798634e-01 1.60104394e-01 1.01251155e-01
    1.86210811e-01 4.48997021e-01 6.29045010e-01 5.90595722e-01
    3.65722090e-01 9.19245541e-01 3.44709933e-01 4.78275061e-01
    2.71310419e-01 3.00945312e-01 5.15221894e-01 3.03845555e-01
    7.75424004e-01 4.37123835e-01 8.39584827e-01 8.20204616e-01
    4.64629829e-02 7.39544272e-01 6.14866316e-01 7.55742908e-01
    2.46893138e-01 5.38980424e-01 6.33246779e-01 7.32008219e-01
    5.60157776e-01 8.27957690e-01 9.03294384e-01 7.10704446e-01
    5.03648758e-01 3.02579820e-01 5.04346788e-02 9.36266065e-01
    4.28855240e-01 6.68189168e-01 7.82809198e-01 2.71077871e-01
    9.88773108e-01 6.67545199e-01 4.15031970e-01 9.65354443e-02
    7.34547377e-01 4.64832217e-01 7.67816901e-01 3.37196827e-01
    6.99171364e-01 3.67903024e-01 8.59962404e-01 7.47865677e-01
    5.02774000e-01 3.35382611e-01 8.64604115e-02 5.29627025e-01
    1.38020217e-02 9.62306201e-01 2.07706064e-01 4.59272116e-01
    4.98244256e-01 7.34073520e-01 5.48312604e-01 1.80581868e-01
    3.52746099e-01 6.72909260e-01 8.53778124e-01 3.94691378e-01
    6.76958680e-01 4.27022576e-02 3.61643791e-01 9.39306617e-01
    9.20570970e-01 9.53122914e-01 1.36304617e-01 1.28980428e-01
    3.39166701e-01 9.33277249e-01 3.78789902e-01 9.60365772e-01
    2.71167099e-01 4.03631508e-01 9.88525033e-01 5.99997640e-01
    8.51095676e-01 4.16257501e-01 3.13190907e-01 9.60254550e-01
    2.00960129e-01 5.68180203e-01 9.12052393e-01 2.36602753e-01
    6.33687794e-01 2.57288158e-01 3.58652055e-01 8.11170995e-01
    2.44989961e-01 7.78807759e-01 3.63546759e-01 8.14408660e-01
    2.56924629e-02 9.16202724e-01 1.75131053e-01 1.46494925e-01
    3.38617444e-01 9.66334522e-01 2.07796991e-02 7.81302989e-01
    4.22848642e-01 7.09505022e-01 7.21941352e-01 9.14164424e-01
    9.27226782e-01 2.56103218e-01 9.23463821e-01 4.28237587e-01
    4.26021457e-01 2.94642389e-01 8.56458485e-01 8.82437766e-01
    4.65223521e-01 1.65286511e-01 8.28299284e-01 4.83208597e-01
    6.78772330e-02 3.04879189e-01 3.64843696e-01 7.79311180e-01
    1.48998469e-01 7.72399306e-01 3.85918617e-01 5.34815192e-02
    5.09029269e-01 2.47849226e-02 7.37602413e-01 2.96946824e-01
    6.70132875e-01 6.30886316e-01 5.74719489e-01 1.32384598e-02
    5.24919927e-02 2.30293393e-01 5.22576690e-01 1.07672632e-01
    4.96991456e-01 9.24439907e-01 8.04150462e-01 1.29232764e-01
    9.78146732e-01 5.44907212e-01 6.68953478e-01 5.10536671e-01
    9.13938642e-01 2.17903435e-01 4.16134596e-01 2.56193131e-01
    1.53255582e-01 1.33646488e-01 5.87559044e-01 8.56293499e-01
    4.00925815e-01 5.32500148e-01 5.87306559e-01 6.60309374e-01
    3.12998235e-01 5.39314032e-01 1.19054317e-01 7.89722800e-01
    1.70059532e-01 3.51490080e-02 8.71569276e-01 6.66055381e-01
    3.84297490e-01 1.69200450e-01 7.29927063e-01 2.49305159e-01
    4.04009819e-01 6.37844324e-01 3.41490507e-02 7.43199110e-01
    2.75858939e-01 4.21291918e-01 9.12806571e-01 3.10341179e-01
    9.61138368e-01 7.80825973e-01 4.19075727e-01 3.49641860e-01
    2.72146106e-01 3.26623619e-01 7.59266794e-01 2.84133941e-01
    4.12724495e-01 9.23138261e-01 7.33824730e-01 8.98103416e-02
    9.03163373e-01 6.40260875e-02 8.86673212e-01 2.91032910e-01
    6.34982586e-01 3.34910035e-01 9.29280639e-01 9.16090906e-02
    2.55471498e-01 5.56173325e-02 2.05629140e-01 9.07461166e-01
    4.30930525e-01 2.93055266e-01 1.85944945e-01 7.39467144e-01
    3.49965990e-01 3.60133410e-01 7.48397529e-01 6.40124500e-01
    1.29355639e-01 3.48909736e-01 2.07901895e-02 9.43414211e-01
    2.76932955e-01 3.93029451e-01 9.99567866e-01 8.96202803e-01
    2.78230608e-01 2.58461893e-01 4.88894969e-01 8.56720924e-01
    3.59657407e-03 2.70346820e-01 5.10996819e-01 6.44065380e-01
    9.95198488e-02 3.24653447e-01 1.67803854e-01 4.96372402e-01
    1.45592064e-01 8.61920118e-02 8.33995342e-01 7.69758105e-01
    1.15674287e-01 3.17295313e-01 6.58566773e-01 8.89340520e-01
    9.49496925e-02 3.93826067e-01 6.09226465e-01 3.05130363e-01
    4.18925762e-01 8.24076235e-01 2.76700795e-01 5.22183657e-01
    5.36376178e-01 8.77797604e-01 5.70023656e-02 7.99384594e-01
    1.95991635e-01 8.62243772e-01 8.15993190e-01 8.13432217e-01
    2.01886296e-02 6.52728200e-01 6.09520078e-01 1.70746267e-01
    5.82458913e-01 1.70981944e-01 6.75098300e-01 5.16994357e-01
    3.34156930e-01 3.53729457e-01 2.33192384e-01 6.07046127e-01
    4.88489360e-01 5.74061573e-01 7.50303745e-01 4.70378727e-01
    3.28776121e-01 6.18123233e-01 2.93474376e-01 5.20916224e-01
    1.77813351e-01 7.23460615e-01 9.93897080e-01 5.35724282e-01
    8.26137304e-01 4.09596562e-01 4.23334301e-01 1.35811478e-01
    4.19609070e-01 3.55298698e-01 3.77397984e-01 8.37865770e-02
    6.20582998e-01 8.81865382e-01 1.25946522e-01 5.73024511e-01
    3.79163355e-01 4.04564977e-01 7.68882930e-02 5.98925054e-02
    8.93664002e-01 8.79746795e-01 3.53158712e-02 3.36191714e-01
    5.34791887e-01 5.19381762e-02 7.20833302e-01 2.07337707e-01
    9.67190862e-01 9.32532072e-01 3.14720213e-01 3.24748635e-01
    4.96119082e-01 4.62538242e-01 9.06381905e-01 3.84446621e-01
    6.64940894e-01 7.10412085e-01 7.08920836e-01 3.47657889e-01
    5.63666284e-01 9.23541903e-01 2.10791469e-01 2.38624215e-02
    9.94457483e-01 8.66815269e-01 6.31558180e-01 5.84924161e-01
    2.55743921e-01 7.27966547e-01 3.26667309e-01 1.52637184e-01
    2.07610726e-01 8.13011169e-01 7.72039950e-01 9.56796408e-02
    3.01750720e-01 4.70408499e-01 8.92980993e-02 3.67251456e-01
    4.83353972e-01 1.95525140e-01 9.48728800e-01 3.20874214e-01
    8.29414427e-02 8.34853411e-01 2.90370166e-01 1.34005994e-01
    9.98460889e-01 8.53046536e-01 5.82089484e-01 1.19813532e-01
    7.88972139e-01 6.50819421e-01 8.72081816e-02 7.98217595e-01
    8.23895574e-01 9.40539002e-01 2.99339831e-01 1.02778316e-01
    6.64313257e-01 4.28189278e-01 9.16856170e-01 3.04038823e-02
    2.18636453e-01 5.74946821e-01 9.47862983e-01 7.08525777e-01
    3.62689614e-01 3.34241688e-02 5.63695014e-01 9.67089057e-01
    6.72979295e-01 6.85508907e-01 4.81210887e-01 8.38639319e-01
    4.35817719e-01 2.26114124e-01 1.25979006e-01 6.98805332e-01
    1.04841113e-01 8.00289512e-01 8.34552050e-01 9.10250068e-01
    7.78666973e-01 7.40436077e-01 2.06387341e-01 9.26350236e-01
    5.03774524e-01 8.99611712e-01 3.05868685e-01 3.26987863e-01
    1.78461522e-01 9.02962089e-01 8.04989517e-01 3.38682622e-01
    5.43283105e-01 9.87600088e-02 4.25035954e-01 9.84451175e-01
    5.00226796e-01 1.65906847e-01 6.60181761e-01 2.65983969e-01
    8.15317631e-01 6.65891469e-01 5.67506373e-01 5.20536900e-01
    5.05181134e-01 2.18873084e-01 8.82955790e-02 7.43584394e-01
    6.03936851e-01 6.73807859e-02 3.63786310e-01 2.78499663e-01
    3.09854567e-01 3.21051955e-01 6.39058650e-01 8.90196741e-01
    1.42231584e-02 3.67225707e-02 6.69318438e-02 7.60959625e-01
    8.12571049e-02 9.51946378e-01 5.11530519e-01 9.99168992e-01
    7.73113966e-03 1.72247320e-01 1.32596582e-01 4.40844297e-01
    6.24024451e-01 7.17527568e-01 5.26771426e-01 1.50385380e-01
    3.77904266e-01 3.45156968e-01 1.11704528e-01 7.08951950e-01
    6.85765922e-01 3.40790093e-01 5.16608715e-01 9.45943713e-01
    2.55232930e-01 8.74655843e-02 8.48070860e-01 8.84944201e-03
    6.19715035e-01 1.54729664e-01 3.91027331e-03 2.21746713e-01
    8.87899637e-01 7.06847906e-01 1.61507726e-01 6.49231076e-01
    2.43869126e-02 7.02040851e-01 1.85810626e-02 9.09314275e-01
    4.65634584e-01 3.14473569e-01 8.88295949e-01 2.44653583e-01
    1.90139174e-01 2.17352271e-01 1.11799508e-01 4.77977514e-01
    2.74007201e-01 3.67044121e-01 7.62938857e-01 5.86385548e-01
    5.60057580e-01 8.87423754e-01 7.29565680e-01 8.67614865e-01
    7.86000848e-01 5.46967626e-01 1.76957011e-01 7.41952777e-01
    2.98663378e-01 5.67635894e-02 2.71060258e-01 3.61044645e-01
    5.59361577e-02 3.52625132e-01 2.18788326e-01 8.14479053e-01
    4.88479525e-01 3.75303149e-01 3.45706761e-01 3.78112257e-01
    7.94355273e-01 6.10349953e-01 2.24832356e-01 7.34174252e-03
    4.54722315e-01 9.94528711e-01 7.20991492e-01 2.65632004e-01
    8.88759732e-01 4.14517343e-01 1.27047420e-01 4.13169026e-01
    7.41999745e-02 6.17999196e-01 2.66533256e-01 1.55354768e-01
    4.17170882e-01 2.97742665e-01 6.52790427e-01 6.21851683e-01
    4.04572189e-02 2.05921590e-01 8.87657821e-01 5.84116876e-01
    3.37438405e-01 3.67457867e-01 2.72829592e-01 2.36370802e-01
    6.39457703e-01 9.87015069e-02 5.22970915e-01 2.77254045e-01
    5.89673162e-01 5.11634052e-02 8.35478306e-03 6.11268044e-01
    9.32258666e-01 2.35210925e-01 7.69151688e-01 9.16236639e-01
    4.81809676e-01 4.82960045e-02 6.43527806e-01 5.93825102e-01
    7.13024020e-01 2.70291626e-01 7.36381054e-01 7.49724805e-02
    6.19907677e-01 2.45268941e-02 9.92839575e-01 6.05045080e-01
    9.06424642e-01 3.93184215e-01 9.69197690e-01 1.18032724e-01
    1.66619927e-01 5.42524874e-01 8.78998935e-02 2.40351021e-01
    2.32531250e-01 9.41685200e-01 8.12667727e-01 1.48130924e-01
    3.55944037e-02 6.24840319e-01 8.70847404e-02 6.19746745e-01
    7.45126069e-01 7.85137534e-01 3.56781393e-01 6.65799499e-01
    9.49265361e-01 9.64417756e-01 8.29605699e-01 5.31443954e-02
    3.00140977e-02 8.06346178e-01 8.34460616e-01 4.58173573e-01
    5.62124491e-01 9.02611732e-01 7.83322334e-01 9.14904296e-01
    1.42464757e-01 9.13090408e-01 3.76401067e-01 3.98005784e-01
    7.49769509e-01 4.12690282e-01 1.59241915e-01 4.53220069e-01
    1.76490158e-01 4.08808589e-02 1.86845064e-02 7.74615288e-01
    7.12975979e-01 4.79656607e-01 1.33141011e-01 9.98643994e-01
    9.48237896e-01 3.12367082e-01 4.14061278e-01 1.40509963e-01
    2.48156965e-01 5.20138800e-01 8.35609853e-01 6.42991006e-01
    7.58078933e-01 8.86514306e-01 5.10774732e-01 3.63309503e-01
    8.53914618e-02 5.52999675e-01 8.83220017e-01 5.89119732e-01
    2.35663235e-01 5.15754819e-02 1.17937505e-01 2.43995577e-01
    6.75642490e-01 1.90187424e-01 2.81485796e-01 2.38437057e-02
    4.96748358e-01 5.64339459e-01 4.58039790e-01 3.53614688e-02
    4.06287670e-01 7.49684572e-01 7.98963308e-01 9.18263495e-01
    3.14921618e-01 2.09687293e-01 6.42523050e-01 5.39635897e-01
    7.43672907e-01 6.13852918e-01 1.92091405e-01 5.91471851e-01
    5.82921445e-01 1.46253824e-01 2.18923688e-02 4.84205395e-01
    6.53300285e-01 2.40175307e-01 7.49185443e-01 7.07599521e-02
    8.51851940e-01 2.98870802e-01 4.34272766e-01 5.31778634e-02
    5.55042446e-01 7.07481086e-01 8.72405171e-01 7.00457871e-01
    4.63035077e-01 8.03080797e-01 8.29299212e-01 8.94321740e-01
    7.66962111e-01 7.88291395e-01 7.47449040e-01 8.55588794e-01
    2.17314243e-01 4.50014859e-01 2.18521982e-01 4.86796081e-01
    5.67867160e-01 8.20904970e-03 4.99573648e-02 5.87978244e-01
    6.66726112e-01 1.94663495e-01 2.03398913e-01 1.94630295e-01
    3.55615199e-01 7.61909246e-01 7.47941732e-01 1.78484619e-02
    3.06739628e-01 8.26839507e-02 5.91652155e-01 7.52391458e-01
    9.79853749e-01 3.69722128e-01 2.75971115e-01 2.27240622e-02
    8.39770675e-01 3.53779674e-01 8.75768960e-01 9.45068598e-01
    3.32643956e-01 2.33939916e-01 8.34769547e-01 2.36969709e-01
    9.07768846e-01 8.66695523e-01 9.55700278e-01 7.38116264e-01
    8.31699729e-01 6.58413053e-01 3.65392447e-01 1.81116939e-01
    4.76133525e-02 5.92161179e-01 1.73945546e-01 7.90463805e-01
    7.51723588e-01 9.14418995e-02 3.07095438e-01 3.83976072e-01
    5.79712331e-01 4.40089256e-01 8.85084927e-01 3.90392452e-01
    2.93988258e-01 2.40280569e-01 6.11894727e-01 7.74242282e-02
    5.65745234e-02 9.56396103e-01 9.18865561e-01 4.66120213e-01
    6.52911186e-01 5.83537877e-01 7.23745286e-01 7.05723345e-01
    5.00661254e-01 4.75570649e-01 2.37421274e-01 7.48449683e-01
    5.43426275e-02 6.46134496e-01 5.94202042e-01 3.56710434e-01
    6.17421150e-01 2.66191006e-01 1.94431096e-01 1.15572512e-02
    2.23904550e-01 5.09938955e-01 1.10096991e-01 2.36687273e-01
    7.17597485e-01 6.82637632e-01 2.30490774e-01 7.88208544e-02
    2.60788471e-01 2.14921266e-01 2.75982320e-01 3.01213473e-01
    7.67708063e-01 6.54849291e-01 4.20360357e-01 9.82424915e-02
    7.48262048e-01 2.19354063e-01 7.04064846e-01 5.56110501e-01
    5.09149134e-02 1.34663671e-01 4.76060122e-01 3.06673348e-01
    1.28396064e-01 4.70480412e-01 4.44605261e-01 7.55125999e-01
    2.43246675e-01 6.84229016e-01 2.97381282e-02 3.08818698e-01
    6.22677207e-01 3.39179039e-01 8.80234480e-01 4.00119781e-01
    2.87278384e-01 5.55291831e-01 2.46113718e-01 9.31267977e-01
    9.53111529e-01 7.92227864e-01 3.54666799e-01 1.19413257e-01
    9.29367900e-01 1.97283149e-01 2.77065814e-01 6.70475721e-01
    7.42959380e-02 8.14337373e-01 3.98349732e-01 8.51610303e-03
    6.65486813e-01 2.78210759e-01 9.45672393e-01 5.33907712e-01
    6.70894027e-01 1.06528699e-01 5.75356066e-01 4.70888734e-01
    1.54412836e-01 8.97757828e-01 8.60570192e-01 1.18462086e-01
    5.63192368e-01 4.79393333e-01 2.27245003e-01 3.10368776e-01
    1.48748606e-01 7.80930877e-01 7.83428311e-01 2.82136172e-01
    2.47856051e-01 1.97841913e-01 8.49512935e-01 9.98870611e-01
    3.68772447e-01 2.27893889e-02 7.30099380e-01 4.17141885e-01
    4.57835436e-01 6.14933610e-01 1.22759372e-01 1.86997652e-02
    1.48033738e-01 6.05801344e-02 3.07268798e-01 8.45535874e-01
    7.41240382e-03 3.18435788e-01 9.84743595e-01 5.35152435e-01
    3.24162692e-01 6.00976825e-01 7.11825728e-01 1.23491257e-01
    4.54037219e-01 1.06064856e-01 2.91240066e-01 5.78179955e-03
    8.41890216e-01 3.82594645e-01 2.38883525e-01 9.67223883e-01
    4.39769626e-01 5.09513259e-01 1.36736304e-01 4.62296665e-01
    8.03642631e-01 3.29702973e-01 1.69571698e-01 9.77369428e-01
    3.83292794e-01 7.18642712e-01 9.15670693e-01 5.74422717e-01
    8.26330066e-01 7.82967150e-01 8.81085932e-01 8.06177020e-01
    2.28075176e-01 6.31283045e-01 3.57452929e-01 1.26337022e-01
    4.60408032e-01 4.23527122e-01 4.91981179e-01 2.32844770e-01
    3.76505613e-01 2.20502943e-01 5.98181784e-01 3.70237827e-02
    9.67472196e-01 7.92587638e-01 6.02431595e-02 2.18758762e-01
    5.06908476e-01 3.04170012e-01 7.85356760e-01 4.62068617e-02
    4.73999172e-01 5.41050017e-01 2.51672626e-01 9.96588826e-01
    9.78393078e-01 9.19019222e-01 2.07397968e-01 6.33690655e-02
    5.89890361e-01 9.06276107e-01 7.79154897e-03 5.76226592e-01
    7.39192128e-01 9.78290498e-01 6.61733806e-01 1.81925297e-02
    5.82707286e-01 3.40703517e-01 1.92413270e-01 9.99735177e-01
    8.51268649e-01 8.22922289e-02 9.82320547e-01 3.51403058e-02
    1.77132607e-01 2.94843376e-01 9.34732378e-01 6.65612817e-01
    7.08800316e-01 4.01372194e-01 7.35351324e-01 8.48561943e-01
    3.48932356e-01 7.46202826e-01 7.78115273e-01 4.77244675e-01
    8.90299022e-01 9.28460240e-01 2.92597115e-01 1.19057119e-01
    7.02050209e-01 8.32950115e-01 4.59799439e-01 6.65022016e-01
    1.68853939e-01 3.70318562e-01 8.45128775e-01 1.08330697e-01
    6.14203691e-01 9.75480795e-01 6.02521122e-01 5.42491972e-01
    4.96877432e-01 1.03086174e-01 1.91096663e-01 3.01416993e-01
    6.77640200e-01 1.86563253e-01 6.58360124e-03 2.78122306e-01
    2.82908440e-01 7.93034077e-01 3.85572612e-01 3.01586092e-02
    3.54763925e-01 9.75180745e-01 2.07027078e-01 4.26210672e-01
    8.89448404e-01 9.80063677e-01 4.09895062e-01 9.71946180e-01
    5.43023288e-01 4.00795609e-01 3.06053072e-01 6.28211200e-01
    4.59839493e-01 9.10219550e-03 4.55697387e-01 8.06848109e-02
    9.45070565e-01 7.00314760e-01 6.75981641e-02 6.22635543e-01
    7.54843354e-01 1.85626894e-01 4.21413422e-01 9.32091892e-01
    1.59558445e-01 3.77873003e-01 7.58460462e-01 3.66770327e-02
    8.02137613e-01 6.81600571e-01 1.75102443e-01 1.00231886e-01
    3.32855225e-01 9.30694222e-01 4.41075832e-01 6.73018575e-01
    2.87867606e-01 1.23139709e-01 8.20241213e-01 9.61878657e-01
    9.53591466e-01 8.45269740e-01 8.94288480e-01 2.85767138e-01
    1.04766160e-01 5.50653934e-01 6.50159121e-01 5.24898231e-01
    5.73502660e-01 3.88186485e-01 5.26387990e-01 2.29197025e-01
    9.61001158e-01 1.29922926e-02 9.08746243e-01 3.91879022e-01
    1.27552450e-02 2.62524486e-02 5.08613884e-01 3.20243537e-01
    7.48675346e-01 8.69886637e-01 3.20368826e-01 2.92769313e-01
    2.82751143e-01 4.34958309e-01 7.75216222e-01 6.86567068e-01
    8.83350074e-01 1.11806154e-01 6.10629559e-01 1.42421603e-01
    7.16095805e-01 4.63327497e-01 8.10471535e-01 4.62626576e-01
    8.35731626e-03 1.37802243e-01 5.35204828e-01 7.80901730e-01
    4.09124643e-01 6.93936050e-01 9.98223245e-01 4.97180372e-01
    3.29700053e-01 3.77020925e-01 2.85988092e-01 4.44489658e-01
    6.51220143e-01 4.88186538e-01 9.94981468e-01 1.96703970e-01
    3.31617713e-01 7.04847097e-01 3.24066669e-01 1.15526706e-01
    6.62454844e-01 7.58320093e-01 1.41712189e-01 1.64205432e-02
    7.88131952e-01 8.87663126e-01 6.64105415e-02 9.74535227e-01
    2.43823290e-01 8.94325852e-01 4.07093346e-01 8.51973295e-01
    3.57725203e-01 2.18800634e-01 7.37870634e-01 6.77819967e-01
    2.05348879e-01 3.63787115e-01 3.29662025e-01 3.64543676e-01
    5.13361335e-01 7.99122632e-01 5.39174736e-01 2.40479559e-01
    8.11278701e-01 7.35602319e-01 5.78792751e-01 3.51450741e-02
    8.04198146e-01 4.41021740e-01 9.08076286e-01 6.07331336e-01
    3.89612198e-01 4.49676186e-01 1.89353138e-01 7.91228533e-01
    8.44547510e-01 8.12966585e-01 1.19940430e-01 7.69486427e-01
    4.45463061e-01 3.90714347e-01 4.53311086e-01 7.04450309e-02
    3.99351418e-02 8.36745381e-01 2.67921150e-01 9.00404751e-02
    9.08384919e-01 7.91456163e-01 2.94581324e-01 9.95116532e-01
    3.84642899e-01 2.67559409e-01 7.26445377e-01 7.25255370e-01
    6.15296543e-01 4.41060722e-01 5.35550117e-02 7.06675172e-01
    8.85421515e-01 6.90449119e-01 5.01664221e-01 6.16063476e-02
    2.70548642e-01 9.87280250e-01 6.73867404e-01 2.60679036e-01
    6.12521529e-01 6.10204697e-01 2.73812532e-01 5.12616217e-01
    1.28911912e-01 9.91325498e-01 5.65068662e-01 4.11344439e-01
    5.14908075e-01 4.38979566e-01 3.61177325e-02 1.20746493e-01
    6.54672265e-01 7.58017004e-02 8.87851775e-01 1.94112211e-01
    6.84893250e-01 2.92502344e-01 7.07780778e-01 6.38154447e-01
    3.73094082e-01 9.07007098e-01 2.77458489e-01 3.08346987e-01
    1.35496944e-01 7.26980269e-01 8.86831582e-02 3.79113376e-01
    6.49233997e-01 3.37763369e-01 1.59563392e-01 3.83037418e-01
    6.07882738e-01 9.85483289e-01 2.93975413e-01 2.23481655e-03
    4.55057621e-01 4.98972952e-01 5.49951911e-01 8.59596610e-01
    3.16833436e-01 6.27844870e-01 2.95827210e-01 5.21731853e-01
    1.96475893e-01 1.08800679e-01 2.58835793e-01 1.87822908e-01
    5.51827848e-02 4.59212333e-01 5.48984706e-01 7.23274648e-01
    1.28493994e-01 2.62794852e-01 3.21154416e-01 6.51655674e-01
    4.65324372e-01 8.88428032e-01 8.41278851e-01 3.45733523e-01
    3.39053124e-01 3.31535548e-01 2.15276092e-01 3.36282730e-01
    1.95762038e-01 7.61303127e-01 3.04352105e-01 7.99665689e-01
    3.25239420e-01 6.55489922e-01 8.55790913e-01 5.71544230e-01
    3.27506661e-03 7.17450023e-01 9.09157395e-02 5.78319132e-02
    5.63640773e-01 7.57079899e-01 2.20875710e-01 8.21800351e-01
    2.97697067e-01 1.42842799e-01 1.42748147e-01 6.45150900e-01
    7.88952351e-01 4.12980378e-01 8.95596564e-01 6.51738703e-01
    9.01739299e-02 6.07533097e-01 5.55588424e-01 8.81911993e-01
    3.25274557e-01 6.08860373e-01 3.31828415e-01 9.30496633e-01
    1.75375372e-01 3.35374624e-01 6.50476456e-01 5.31356096e-01
    9.09242392e-01 2.08527744e-02 5.02275705e-01 7.61598647e-02
    8.28365684e-02 8.45095515e-01 8.47680092e-01 4.44710255e-01
    4.58747625e-01 6.26011431e-01 1.68589383e-01 1.56150252e-01
    3.74214560e-01 3.74666512e-01 4.74074423e-01 7.63660669e-01
    4.87807214e-01 1.03082180e-01 9.85776901e-01 9.87710476e-01
    2.16020942e-01 7.43419588e-01 9.81603026e-01 5.86376429e-01
    5.53425908e-01 5.68855524e-01 4.37750101e-01 4.38634366e-01
    1.69114351e-01 2.68658787e-01 9.20148253e-01 7.74892330e-01
    7.57183731e-01 2.61261761e-02 4.27716970e-02 7.11781979e-02
    7.91239023e-01 5.76963484e-01 5.75206578e-01 9.03539538e-01
    7.10080087e-01 9.00427997e-01 4.86221105e-01 6.16300821e-01
    4.09503549e-01 7.09835768e-01 1.84432954e-01 7.23154902e-01
    8.23800862e-01 7.27621734e-01 8.13899875e-01 5.21926641e-01
    4.13640440e-01 1.28192037e-01 8.70995164e-01 8.23243260e-01
    8.28018785e-01 4.96590018e-01 6.40904307e-02 6.60841823e-01
    2.55184174e-02 7.00219572e-01 2.31947213e-01 4.86699343e-02
    5.40343165e-01 7.38199115e-01 9.96171415e-01 4.79812324e-02
    5.66300452e-02 8.80138278e-02 4.61075217e-01 8.92655492e-01
    2.45659381e-01 9.50126290e-01 8.09714437e-01 2.49412000e-01
    7.08294868e-01 7.02006161e-01 6.37589335e-01 4.27126855e-01
    6.67533875e-01 9.77532148e-01 2.85981774e-01 5.12309968e-02
    1.33830309e-01 2.53085852e-01 4.22356725e-02 2.74304926e-01
    3.96857351e-01 1.22601092e-02 8.44183207e-01 2.38453239e-01
    5.90522170e-01 7.79547930e-01 6.43456697e-01 4.21676457e-01
    5.69576979e-01 9.53768134e-01 3.63964230e-01 1.48688197e-01
    6.73958421e-01 7.83863187e-01 8.57653677e-01 2.40108907e-01
    2.37884969e-01 7.32669830e-01 5.63613772e-01 4.28128958e-01
    9.06530559e-01 6.34934783e-01 9.56906080e-01 8.35052311e-01
    2.72506118e-01 8.79759550e-01 8.68662596e-01 2.09942669e-01
    5.89398682e-01 3.43733430e-01 3.92647386e-02 8.92355800e-01
    7.59724915e-01 1.97717071e-01 8.87357593e-01 2.10252941e-01
    9.09523070e-01 7.40489125e-01 4.85714138e-01 7.91612029e-01
    6.68652654e-02 7.38548458e-01 9.91332889e-01 3.45119864e-01
    6.92260921e-01 8.53179157e-01 1.12024337e-01 4.52822804e-01
    7.82369554e-01 5.45638382e-01 9.10458326e-01 3.84652704e-01
    1.87691301e-01 2.54112571e-01 2.75043666e-01 2.66186863e-01
    2.89815247e-01 8.34567189e-01 6.39656782e-02 8.13959002e-01
    2.56892860e-01 2.99536526e-01 4.76993352e-01 5.21004319e-01
    6.51029110e-01 8.37053657e-01 2.89694250e-01 7.78344512e-01
    7.78170049e-01 3.34596872e-01 8.77350569e-02 4.62590158e-02
    8.91231000e-02 1.08229071e-01 4.77353632e-02 2.80001402e-01
    9.83198762e-01 5.31285584e-01 4.65960145e-01 9.70538020e-01
    8.48180354e-02 9.68750000e-01 1.75228089e-01 9.65225101e-01
    7.03239202e-01 8.47743809e-01 9.96190727e-01 2.57086456e-01
    3.02167892e-01 1.31564438e-01 7.64019966e-01 7.50691712e-01
    4.69394743e-01 5.90486646e-01 9.14792895e-01 8.20396900e-01
    1.98513597e-01 8.83705914e-02 7.27699816e-01 2.21651644e-01
    5.69001377e-01 3.08203012e-01 3.27079713e-01 8.90724182e-01
    7.97652364e-01 1.70840591e-01 8.70962381e-01 1.13174081e-01
    6.77680790e-01 5.94723523e-01 6.20581329e-01 2.04316080e-02
    7.95743465e-01 4.57318425e-02 7.13772237e-01 5.30260086e-01
    1.92200392e-01 6.49767458e-01 3.73039603e-01 5.46095967e-01
    4.95309114e-01 2.75457472e-01 5.89740932e-01 7.88915157e-01
    6.70049310e-01 9.92069721e-01 5.93910217e-01 2.01601088e-01
    1.67379826e-01 3.99841785e-01 5.24186432e-01 3.07789385e-01
    7.24795580e-01 3.93917859e-01 4.69077617e-01 1.36843026e-01
    1.25174433e-01 1.65855706e-01 2.46438026e-01 2.58106321e-01
    7.04418063e-01 5.65604508e-01 8.60176623e-01 9.83910441e-01
    5.53078294e-01 6.46304131e-01 4.86351848e-01 8.25812221e-01
    4.11429822e-01 4.61201787e-01 1.45501435e-01 5.99018216e-01
    9.65505958e-01 6.17484629e-01 8.07783008e-03 2.40005106e-01
    6.94512784e-01 6.60545528e-01 4.89067286e-01 1.62098259e-01
    3.11702579e-01 5.62209249e-01 3.38694990e-01 8.09020102e-01
    1.83111072e-01 1.05956674e-01 1.11365080e-01 3.06147456e-01
    5.80087662e-01 9.55712914e-01 5.87711334e-01 8.27908576e-01
    4.49279547e-01 9.87027109e-01 2.94502527e-01 6.08737409e-01
    4.61324573e-01 3.13551605e-01 8.69266391e-01 5.66077650e-01
    6.86611950e-01 4.62866306e-01 9.98352587e-01 4.86371905e-01
    6.37016892e-01 4.22377884e-02 6.80183768e-01 8.37218165e-01
    9.81553435e-01 7.29232550e-01 5.82602084e-01 5.80815613e-01
    4.08828557e-02 6.95935786e-02 5.72966039e-02 7.72480369e-01
    5.20933270e-01 3.03916574e-01 5.00787377e-01 1.80401206e-02
    5.14051437e-01 2.07802415e-01 1.58224076e-01 3.62778455e-01
    7.05735326e-01 6.77629173e-01 5.61075091e-01 2.19783485e-02
    4.81923163e-01 3.76040250e-01 4.06060755e-01 6.59252226e-01
    5.54327726e-01 4.76699919e-01 6.56081736e-01 1.70881540e-01
    8.99524093e-01 1.87456578e-01 8.66732240e-01 6.32449746e-01
    1.98694080e-01 4.41972971e-01 6.08304739e-01 8.75818491e-01
    5.26985884e-01 8.83723140e-01 4.44663525e-01 3.70737910e-01
    3.47969413e-01 9.79686618e-01 3.54768634e-01 6.24025464e-02
    2.41563201e-01 4.45839316e-01 8.56179893e-01 2.06633210e-01
    3.49844456e-01 6.75416946e-01 6.58466876e-01 6.15423083e-01
    5.85392535e-01 8.61359477e-01 3.57587874e-01 1.99634582e-01
    1.02577329e-01 3.73577476e-02 5.14005661e-01 8.79549503e-01
    6.67418361e-01 9.54177380e-01 9.98397291e-01 3.63033593e-01
    9.00276601e-02 9.47246194e-01 3.52540910e-01 6.11633897e-01
    3.66128623e-01 2.45461524e-01 5.15526831e-01 9.97716665e-01
    9.94139016e-01 6.77483201e-01 5.15412867e-01 4.21922833e-01
    8.60640585e-01 2.06074715e-02 4.66522396e-01 6.17495179e-01
    3.84573698e-01 9.75762427e-01 3.09970975e-01 1.76022232e-01
    7.77690589e-01 9.83880520e-01 9.97707367e-01 2.41887063e-01
    4.72809613e-01 8.81479263e-01 6.94849432e-01 8.14672947e-01
    1.33862644e-01 7.55047500e-02 6.33175552e-01 8.49543035e-01
    3.13454151e-01 1.39731556e-01 8.56368840e-01 2.11882114e-01
    3.93467724e-01 7.56164253e-01 9.54021692e-01 9.43268597e-01
    3.77826601e-01 9.07382011e-01 5.03301799e-01 3.07928026e-01
    9.67473269e-01 7.56443381e-01 5.87120235e-01 7.71494865e-01
    8.62324476e-01 8.39833260e-01 1.83451891e-01 3.05094570e-01
    2.27746487e-01 6.67223334e-01 8.53832066e-01 2.63031602e-01
    8.42560112e-01 6.77584112e-01 1.72059834e-02 6.08745933e-01
    5.55130839e-02 4.54833359e-01 7.84202933e-01 8.69911611e-02
    9.73920941e-01 3.59490097e-01 9.22774792e-01 7.62178540e-01
    6.14437580e-01 3.31211090e-01 1.30548179e-01 2.46638298e-01
    5.39279997e-01 2.70769000e-03 3.79856229e-02 6.27308309e-01
    8.45927238e-01 6.68676794e-01 8.64094794e-02 4.56749141e-01
    9.36638594e-01 9.29276943e-01 9.28595722e-01 4.56343889e-02
    6.74035311e-01 6.71713054e-01 6.87986612e-03 8.93023789e-01
    4.57483262e-01 1.64363176e-01 8.39151859e-01 7.37243176e-01
    8.61034095e-01 7.12205529e-01 8.70251834e-01 2.75203884e-02
    9.28267241e-02 8.50947678e-01 9.38281775e-01 4.08379883e-01
    6.28153801e-01 9.37127531e-01 7.76404977e-01 1.93659127e-01
    8.31630230e-01 4.52668071e-01 3.04015279e-01 7.69905686e-01
    9.43517089e-01 2.78686345e-01 8.55308175e-01 6.07261121e-01
    5.06374419e-01 3.23442996e-01 5.34463465e-01 1.29220456e-01
    3.75557184e-01 9.86197114e-01 8.07715714e-01 9.23101008e-01
    3.06524187e-01 9.62089896e-01 2.70927072e-01 2.39539087e-01
    9.90076542e-01 8.37066829e-01 6.44671082e-01 8.82880926e-01
    2.50832736e-02 3.32168937e-02 4.32304859e-01 6.29079103e-01
    1.12933457e-01 8.61206174e-01 4.87429261e-01 2.24096000e-01
    6.73563540e-01 7.14345455e-01 9.00461316e-01 4.47291493e-01
    5.03910363e-01 8.77524257e-01 5.34752905e-01 3.70684624e-01
    1.39727771e-01 1.29720926e-01 4.32500541e-01 5.48531234e-01
    9.22128320e-01 2.06713289e-01 4.95694757e-01 2.84261912e-01
    2.19238400e-01 9.90662098e-01 7.17870235e-01 9.06343579e-01
    5.43852150e-01 7.45154321e-01 8.63647819e-01 8.71878743e-01
    2.79382944e-01 6.95157111e-01 6.68206215e-02 4.59436476e-01
    4.05532390e-01 2.09961772e-01 9.20976281e-01 4.73106384e-01
    1.84769213e-01 5.99941134e-01 6.19391859e-01 3.20981741e-02
    5.60260057e-01 9.47180748e-01 8.54110360e-01 7.24564970e-01
    3.67378891e-01 6.61165416e-01 2.04258084e-01 7.19175100e-01
    4.08177555e-01 6.48079515e-01 9.60935354e-01 8.84281754e-01
    3.57313395e-01 7.90349603e-01 7.33742058e-01 9.59585309e-01
    8.36665571e-01 2.85564840e-01 7.96092927e-01 7.08592653e-01
    5.08137524e-01 6.37170613e-01 2.11257249e-01 7.77638197e-01
    7.66291738e-01 4.69078392e-01 1.41431898e-01 3.74920160e-01
    2.66388804e-01 8.46997857e-01 2.49324083e-01 7.68050790e-01
    1.21774942e-01 6.32042706e-01 7.36067533e-01 6.25963449e-01
    3.54436696e-01 9.56077218e-01 9.45097744e-01 3.36599052e-01
    9.75324392e-01 4.91418153e-01 4.97745365e-01 8.56101751e-01
    4.66495663e-01 3.16963315e-01 7.17303753e-01 8.33751082e-01
    8.48688483e-01 2.60441601e-01 9.94759560e-01 9.31255043e-01
    1.60788178e-01 1.43084526e-01 5.95884621e-01 8.40591252e-01
    3.88331532e-01 8.17266107e-01 6.55763686e-01 3.42936218e-01
    7.80873895e-01 5.88487983e-01 4.97499228e-01 4.95807081e-01
    8.62845480e-02 4.29568678e-01 9.15651321e-01 2.74727046e-01
    3.57566953e-01 7.55045831e-01 7.29382038e-02 1.86679125e-01
    2.78387547e-01 2.70034671e-01 1.90054059e-01 2.07163334e-01
    2.66521215e-01 1.06308162e-02 4.04425472e-01 9.26879644e-01
    8.63895059e-01 9.29132521e-01 1.55487925e-01 2.69764781e-01
    1.27568930e-01 8.44533205e-01 2.87299335e-01 4.13736880e-01
    6.18357062e-01 6.97858274e-01 8.48411024e-02 7.08478510e-01
    3.55425388e-01 2.76321620e-01 7.45700240e-01 2.04788774e-01
    7.14024007e-01 4.75025535e-01 1.56137198e-01 8.69842470e-01
    3.00777286e-01 4.61290449e-01 2.90689200e-01 5.30911028e-01
    6.60446286e-01 8.22549701e-01 9.87833142e-02 3.86920512e-01
    8.47050428e-01 3.92395854e-01 2.38417298e-01 5.42458057e-01
    8.01664233e-01 8.98725152e-01 5.04487634e-01 7.00491726e-01
    4.45055455e-01 1.73501670e-02 9.74275053e-01 4.93423134e-01
    3.75676751e-02 5.63362241e-01 4.37160075e-01 7.55140841e-01
    3.78195167e-01 6.71131849e-01 6.61759019e-01 8.19961905e-01
    7.80017436e-01 1.26464278e-01 9.31405783e-01 2.41205066e-01
    5.25808215e-01 9.05705929e-01 3.55208009e-01 3.31133604e-01
    4.77905303e-01 6.35081768e-01 4.62624729e-02 9.80314791e-01
    3.32681239e-01 9.64663982e-01 7.84980774e-01 1.84242010e-01
    5.63900232e-01 7.06083119e-01 1.01879895e-01 9.99264836e-01
    5.14337778e-01 7.74033666e-01 3.99473846e-01 4.95599002e-01
    7.53704786e-01 2.18854040e-01 7.93543935e-01 7.87241220e-01
    7.98703551e-01 5.92751443e-01 2.08819211e-01 6.57573640e-02
    3.61185968e-01 8.34705472e-01 5.51088572e-01 1.65952325e-01
    3.58211696e-01 8.39066625e-01 5.21016002e-01 5.02428353e-01
    7.72350430e-01 1.16532505e-01 5.19812226e-01 5.33935785e-01
    2.14983344e-01 9.97471094e-01 6.31469667e-01 9.56347346e-01
    2.41656005e-01 6.84234858e-01 9.88650918e-01 2.37751126e-01
    4.60924566e-01 9.43761170e-01 2.57848382e-01 5.65969646e-01
    7.07849562e-02 3.93053710e-01 4.82699782e-01 8.45555067e-01
    5.74554861e-01 3.68776202e-01 2.67357826e-02 8.33938122e-01
    5.27477980e-01 8.27449322e-01 1.70646846e-01 5.45107067e-01
    4.38469201e-01 1.59859002e-01 9.31765199e-01 7.82437205e-01
    1.33897692e-01 3.94370824e-01 6.00964785e-01 7.02471197e-01
    2.25656509e-01 6.68639183e-01 7.95285821e-01 5.36436081e-01
    8.02588105e-01 5.31605661e-01 3.85064721e-01 2.69176662e-01
    7.48135507e-01 2.64858961e-01 7.53887057e-01 2.02706426e-01
    2.75069535e-01 2.82548636e-01 4.84085560e-01 5.51856279e-01
    4.90050495e-01 9.39227223e-01 6.90851808e-01 3.44712675e-01
    3.41126919e-01 5.81240594e-01 4.12493587e-01 7.76293516e-01
    8.13036323e-01 9.93826091e-01 1.77978963e-01 6.66587591e-01
    6.05401099e-01 8.34004223e-01 8.33273292e-01 1.01216227e-01
    4.98886108e-01 6.28754675e-01 3.10250133e-01 8.02213311e-01
    6.73066497e-01 1.04802251e-01 3.67174923e-01 9.39009070e-01
    9.09555018e-01 7.32577443e-02 7.16450155e-01 5.57192445e-01
    8.90431046e-01 2.83635557e-02 8.52709532e-01 7.72403479e-01
    3.67045045e-01 2.64480412e-01 9.35377479e-01 1.30939573e-01
    5.06776571e-03 2.58486062e-01 5.06686866e-01 7.47430086e-01
    2.68091917e-01 7.26772130e-01 7.01852143e-01 8.43606651e-01
    7.65762687e-01 3.66742581e-01 6.11885488e-02 9.16763842e-01
    7.37408876e-01 4.05141711e-02 5.09512603e-01 4.80158687e-01
    8.17300558e-01 2.82436103e-01 8.04933190e-01 2.94009507e-01
    9.41717565e-01 2.89494604e-01 6.19188786e-01 8.09825897e-01
    7.33796418e-01 6.42786920e-01 1.03542507e-01 4.49782610e-01
    6.47887826e-01 4.01549220e-01 5.15271366e-01 6.10696852e-01
    5.02966821e-01 3.86797786e-01 9.98413205e-01 9.52976763e-01
    5.09707272e-01 3.14018339e-01 7.86871493e-01 9.24618959e-01
    9.78747606e-01 6.00228369e-01 1.42748535e-01 9.24619734e-02
    3.20804656e-01 3.88457656e-01 3.98078114e-01 7.44227111e-01
    1.32184207e-01 4.86302644e-01 5.04928827e-02 2.03502655e-01
    4.95793909e-01 4.74837631e-01 7.93818951e-01 9.37818289e-02
    8.21674228e-01 6.09744012e-01 9.72533226e-03 1.87181115e-01
    3.19743156e-02 2.23006219e-01 5.09227872e-01 5.13086796e-01
    8.35680425e-01 5.87785065e-01 5.74895084e-01 2.33975977e-01
    9.30586934e-01 5.94350576e-01 1.46645725e-01 1.86374038e-01
    5.90835214e-01 2.71934867e-02 8.92332435e-01 9.00187731e-01
    4.98569310e-02 3.89991313e-01 1.17826462e-02 4.28894252e-01
    9.51618910e-01 1.74513280e-01 9.39732313e-01 1.36446953e-01
    2.45240599e-01 7.28025913e-01 2.58128643e-01 2.93826044e-01
    1.33975506e-01 6.84314787e-01 2.59608567e-01 5.51286697e-01
    8.26871753e-01 2.03104675e-01 5.66343665e-01 1.32538050e-01
    3.09532523e-01 9.48590457e-01 5.00711679e-01 3.97531807e-01
    4.91665602e-01 3.84274483e-01 1.80976748e-01 8.18838716e-01
    3.22677553e-01 9.70687449e-01 8.09316635e-01 1.17199868e-01
    9.85126019e-01 2.46018529e-01 4.39097732e-01 6.51548505e-01
    8.58102441e-02 7.47932434e-01 4.35024440e-01 5.19393623e-01
    1.23081595e-01 1.15774333e-01 4.46551651e-01 5.28040171e-01
    2.83122659e-01 4.10153389e-01 3.53464812e-01 9.40169811e-01
    9.42410529e-01 8.13018560e-01 1.26370341e-01 4.34485137e-01
    1.93911821e-01 2.81884253e-01 9.63158369e-01 8.42603922e-01
    8.01736772e-01 6.81114316e-01 9.70469594e-01 1.59411997e-01
    2.91949034e-01 2.54013419e-01 2.12737799e-01 5.16428113e-01
    9.47713852e-06 6.68169856e-02 7.71166980e-02 4.04524505e-01
    2.65872300e-01 1.64022982e-01 9.95092750e-01 4.34709609e-01
    5.77862859e-01 4.65946466e-01 8.27639461e-01 3.32210749e-01
    9.82082486e-01 7.05981433e-01 7.89162517e-01 8.30575228e-01
    4.58530128e-01 9.72191095e-01 8.14623415e-01 6.47085667e-01
    5.20661116e-01 7.68789887e-01 5.94291508e-01 8.85104179e-01
    9.23699737e-02 1.94857329e-01 9.78917003e-01 7.64149725e-02
    8.71007800e-01 9.95413125e-01 8.73843431e-01 7.17119038e-01
    6.81915820e-01 6.63294494e-02 8.77511382e-01 4.77672130e-01
    7.75880575e-01 3.46568674e-01 3.20073515e-01 2.97703475e-01
    1.52712345e-01 7.76112676e-02 6.23960614e-01 7.26801395e-01
    2.56921172e-01 4.91595209e-01 2.51083821e-01 2.55518556e-01
    5.42301714e-01 2.29957998e-01 2.99782068e-01 5.29035926e-03
    5.26920795e-01 4.46033180e-02 7.56238461e-01 2.50637382e-01
    8.90385509e-01 9.26962495e-01 8.70771050e-01 8.19806278e-01
    5.48034608e-01 1.89222544e-01 5.65824270e-01 1.89912349e-01
    1.16016537e-01 5.92905164e-01 2.41144747e-01 3.16501170e-01
    9.66217041e-01 3.96575272e-01 8.94052505e-01 6.71240687e-02
    4.52121675e-01 4.11486626e-02 5.63770413e-01 8.88694763e-01
    1.51331842e-01 2.65092850e-01 7.98714161e-02 5.74801505e-01
    8.19949746e-01 5.46337962e-01 5.72916508e-01 9.13978100e-01
    8.62442374e-01 1.78447068e-02 8.18660021e-01 6.69110715e-01
    7.46588528e-01 9.46657419e-01 3.64685655e-01 4.53795552e-01
    7.28447855e-01 8.03685009e-01 4.83511329e-01 6.28963709e-01
    9.15831089e-01 4.89595413e-01 9.96002555e-03 3.77950907e-01
    4.14112002e-01 3.40560883e-01 6.32038474e-01 3.07042003e-01
    6.56468928e-01 4.20610070e-01 1.35987461e-01 4.60030138e-02
    6.69287443e-02 6.21955693e-01 8.75445902e-01 3.68571520e-01
    4.97303098e-01 5.68691909e-01 8.25486779e-01 2.62661874e-01
    4.25992012e-02 5.79029202e-01 1.56451255e-01 8.12575042e-01
    3.30670834e-01 3.34100127e-01 7.20990896e-01 8.45657587e-01
    3.82008076e-01 9.56408978e-01 5.97989082e-01 4.55100656e-01
    3.31996381e-01 8.36351395e-01 8.25752974e-01 5.87922931e-02
    3.24714214e-01 9.85531747e-01 6.55330241e-01 5.29783905e-01
    1.07630551e-01 9.07521665e-01 9.54429030e-01 2.86285967e-01
    9.25038099e-01 7.48302102e-01 9.52064753e-01 5.72592616e-02
    7.77539611e-02 5.11670113e-01 8.30968618e-01 3.79546344e-01
    4.26424891e-01 5.85598230e-01 7.67143130e-01 6.88514709e-02
    4.12845671e-01 4.87611979e-01 9.75086451e-01 2.34458476e-01
    9.83020663e-01 2.14849055e-01 5.16398609e-01 7.70041466e-01
    5.24688959e-01 7.35019147e-02 2.02073067e-01 3.82553279e-01
    5.51439822e-02 7.60040760e-01 9.86325204e-01 4.33694720e-02
    9.87571716e-01 2.06226975e-01 1.66537166e-01 1.00430161e-01
    5.60513675e-01 6.94373488e-01 1.09234035e-01 1.34591132e-01
    7.42346942e-02 5.76414585e-01 3.52671027e-01 7.73673296e-01
    9.17578161e-01 3.27828646e-01 2.47708410e-01 7.53956735e-02
    3.24325562e-01 8.85791123e-01 9.93957520e-01 4.61078942e-01
    5.18352330e-01 6.69647753e-02 3.64194512e-01 9.15554166e-02
    3.44881594e-01 7.87767172e-02 8.36537480e-01 3.00745785e-01
    9.03548002e-01 5.76892257e-01 4.97359008e-01 6.29818261e-01
    7.85100698e-01 9.83501852e-01 7.26945043e-01 6.03299737e-02
    2.14360684e-01 1.42904460e-01 6.33899808e-01 2.93639541e-01
    6.21297002e-01 9.02990758e-01 6.35899186e-01 9.89846468e-01
    1.34479523e-01 1.68085068e-01 5.40467143e-01 5.66160560e-01
    6.67149842e-01 2.49136120e-01 1.34781837e-01 6.03686154e-01
    4.11916822e-01 2.12665617e-01 5.78341186e-01 9.16418672e-01
    3.92831445e-01 1.65503323e-01 8.80531073e-02 9.81254339e-01
    6.14553809e-01 2.25261867e-01 1.32341176e-01 7.45900154e-01
    2.89962620e-01 5.01696527e-01 9.08761322e-01 6.01356626e-01
    7.74632394e-02 8.00310135e-01 5.74844718e-01 8.49807441e-01
    7.84601450e-01 4.37993646e-01 9.66726661e-01 9.89087701e-01
    1.15633458e-01 6.17085457e-01 6.63353503e-02 3.88101518e-01
    4.37093377e-01 7.88443327e-01 9.09078240e-01 3.65410060e-01
    1.67499661e-01 6.71302557e-01 5.96731424e-01 6.80220068e-01
    6.20586395e-01 3.96030515e-01 7.83944190e-01 4.45349067e-01
    3.77047479e-01 7.35094488e-01 7.47099757e-01 7.23112643e-01
    7.85221338e-01 8.58354211e-01 9.15962815e-01 8.24827075e-01
    1.68216527e-01 4.23793018e-01 6.24313772e-01 5.16268492e-01
    8.29165578e-01 6.93165541e-01 7.68228292e-01 9.51383352e-01
    3.61753523e-01 6.03318691e-01 2.10635692e-01 8.36177766e-02
    5.12816012e-01 6.16834581e-01 9.80027437e-01 5.99661469e-02
    8.69089484e-01 9.11153078e-01 6.64670169e-01 2.97919869e-01
    9.30842996e-01 3.35141420e-02 4.50380445e-01 3.30335885e-01
    3.53451192e-01 1.35624200e-01 8.91846061e-01 7.00224876e-01
    8.39676023e-01 8.79584253e-02 1.91387832e-01 9.58138227e-01
    6.22252643e-01 4.27404016e-01 4.69996184e-01 4.33407813e-01
    3.11634123e-01 3.91769230e-01 7.37718344e-01 1.83911413e-01
    9.65812504e-01 7.41476893e-01 7.93239594e-01 2.08116323e-01
    3.78610730e-01 7.42653489e-01 3.37524831e-01 7.90656865e-01
    1.45096987e-01 2.78855413e-01 6.23864710e-01 7.07257509e-01
    1.46639377e-01 8.96985829e-01 6.93149269e-01 2.67454028e-01
    4.39722419e-01 6.04666531e-01 9.81663525e-01 5.55547178e-01
    1.73285604e-01 8.19866955e-01 6.60313547e-01 1.43408805e-01
    1.75769180e-01 2.88157344e-01 4.00485098e-02 2.34610438e-02
    7.28252411e-01 1.26972497e-01 1.14567339e-01 9.34284568e-01
    7.52831936e-01 1.86227858e-02 5.85539281e-01 3.88082564e-02
    5.81887662e-02 8.61474574e-01 9.14980292e-01 1.29900903e-01
    5.23975849e-01 5.61173320e-01 6.86371267e-01 1.44732475e-01
    1.91151828e-01 3.49452138e-01 5.91406345e-01 3.73393238e-01
    3.17119062e-01 6.78695083e-01 8.98173451e-03 2.28673786e-01
    1.32280886e-01 5.69330573e-01 4.38935339e-01 3.66007268e-01
    6.50785923e-01 6.28085434e-02 7.87015319e-01 2.09026277e-01
    8.89368355e-01 9.59434509e-01 2.45522410e-01 8.07359159e-01
    2.99449563e-02 3.14624786e-01 9.42427278e-01 4.21354383e-01
    5.93616366e-01 2.61852473e-01 7.09710479e-01 8.50830734e-01
    6.15077615e-01 2.01976627e-01 9.78729725e-01 1.98695540e-01
    8.74371171e-01 6.91804945e-01 3.08207572e-01 2.97095925e-01
    6.36228561e-01 2.73666501e-01 4.83061403e-01 5.84383845e-01
    6.93856955e-01 8.68930101e-01 9.44975853e-01 8.68984580e-01
    4.40199345e-01 2.18088925e-01 1.69617593e-01 4.01824623e-01
    6.57992244e-01 5.19020736e-01 9.89518285e-01 4.06396985e-02
    3.92410725e-01 2.02915370e-01 6.91101193e-01 7.33679295e-01
    4.37968373e-02 3.43396962e-01 8.23113024e-02 2.07942456e-01
    7.29688585e-01 4.98273164e-01 3.26304138e-01 9.37726498e-01
    3.60501885e-01 1.02440357e-01 9.23928380e-01 6.56088948e-01
    1.74430400e-01 8.65691602e-02 1.27474040e-01 6.29189610e-01
    8.45322549e-01 1.09792203e-01 6.45899594e-01 4.08166915e-01
    1.97839767e-01 3.93350422e-01 1.84096396e-01 3.77381265e-01
    7.67403722e-01 3.06339264e-01 7.39166915e-01 6.43225551e-01
    5.37192106e-01 7.31433153e-01 3.63654494e-01 7.01792538e-02
    7.91601062e-01 8.32722843e-01 9.42374289e-01 6.49530649e-01
    7.58306265e-01 1.97631210e-01 3.63109946e-01 9.79329526e-01
    6.22859001e-02 4.96271402e-01 1.13260806e-01 7.01361239e-01
    2.17103034e-01 8.21411729e-01 8.81379962e-01 8.80404353e-01
    4.75584567e-01 4.21424299e-01 5.51253438e-01 7.62321830e-01
    6.98751509e-02 5.04649818e-01 8.10215712e-01 5.07209003e-02
    9.37982500e-02 7.42210031e-01 6.98024452e-01 7.70519257e-01
    6.30032897e-01 4.02926981e-01 1.59962982e-01 8.44830573e-01
    1.95261657e-01 8.22739363e-01 6.77434266e-01 1.57042652e-01
    5.25346756e-01 3.78580272e-01 9.20487165e-01 9.45019424e-01
    4.03403163e-01 1.29247099e-01 9.57500637e-01 5.68944931e-01
    4.18066472e-01 8.76583397e-01 2.50047863e-01 5.24410129e-01
    6.35949135e-01 6.97075427e-01 9.68094349e-01 1.76885903e-01
    4.52102721e-01 5.29002905e-01 8.44177961e-01 3.43319058e-01
    3.90177846e-01 4.78927463e-01 8.38284254e-01 9.04394090e-01
    5.16868711e-01 6.04572475e-01 4.87918794e-01 4.65976119e-01
    1.34024918e-02 2.36113042e-01 8.32190156e-01 9.82752323e-01
    8.07048261e-01 7.23206282e-01 9.86177146e-01 9.25963938e-01
    9.55455720e-01 3.28659058e-01 9.15491819e-01 4.08961833e-01
    1.27423972e-01 6.83106124e-01 6.20576024e-01 5.87442338e-01
    8.20113778e-01 8.81957173e-01 5.05944788e-01 9.11786497e-01
    5.16310394e-01 6.90367103e-01 2.91890383e-01 4.62052882e-01
    1.28655463e-01 6.81824267e-01 7.21551955e-01 7.07369268e-01
    7.40938783e-01 7.34720528e-02 5.81904650e-02 3.15891504e-01
    5.26803732e-01 1.73447549e-01 1.70625687e-01 8.59733343e-01
    7.99365759e-01 9.74842310e-01 1.34182662e-01 9.26050723e-01
    9.76702869e-02 8.07672262e-01 4.13178205e-02 6.10780060e-01
    5.16866267e-01 2.27944076e-01 7.13995457e-01 4.70741749e-01
    8.93514454e-02 6.39572918e-01 3.34470868e-02 6.02021813e-03
    8.60354602e-01 7.89700866e-01 9.80927467e-01 9.13176119e-01
    5.49577713e-01 4.42161560e-02 2.79790521e-01 1.53170824e-02
    9.52728152e-01 3.74112576e-01 3.44278574e-01 9.40993905e-01
    2.26912796e-01 4.29551780e-01 4.01771158e-01 1.40175283e-01
    8.75124097e-01 6.25923038e-01 2.84679264e-01 7.41717577e-01
    4.74390358e-01 1.86993897e-01 9.36398208e-01 5.02156854e-01
    6.95922852e-01 3.84979784e-01 4.69642073e-01 4.00111437e-01
    7.08949268e-01 9.41007614e-01 1.07726842e-01 8.61948729e-03
    6.71259463e-02 9.40152228e-01 6.79839909e-01 1.52424604e-01
    1.04918569e-01 9.43416357e-02 5.98912299e-01 7.46201277e-02
    2.54369050e-01 1.25041306e-01 9.86495614e-03 6.49005175e-02
    4.80135351e-01 5.09373844e-01 4.49819386e-01 8.43308568e-01
    2.75870085e-01 4.86052066e-01 9.54386175e-01 4.55932677e-01
    9.34090018e-01 1.11226261e-01 1.33740664e-01 5.18383205e-01
    8.86444867e-01 5.78293204e-01 5.21009207e-01 7.78987765e-01
    5.86453080e-03 9.59609926e-01 2.09984481e-01 5.24557412e-01
    8.85883629e-01 3.80184919e-01 5.00313342e-01 7.27353394e-02
    7.92867005e-01 8.09261918e-01 4.91991401e-01 3.45030934e-01
    1.75107658e-01 2.26641655e-01 5.72126448e-01 2.11135060e-01
    1.84280872e-01 5.36718488e-01 1.22156888e-01 2.74322033e-01
    2.41796374e-02 1.11186355e-01 9.96670961e-01 1.96557611e-01
    9.15970385e-01 2.37897217e-01 2.70884931e-01 8.72238696e-01
    2.94456959e-01 1.41527265e-01 6.75692677e-01 4.55743790e-01
    8.20665956e-01 3.23055327e-01 9.00394320e-01 7.27582455e-01
    9.29816365e-01 2.79604733e-01 9.98570919e-01 1.05289966e-01
    5.59711695e-01 3.87581617e-01 2.72727758e-01 5.87529600e-01
    3.40531170e-01 8.82600725e-01 2.50675946e-01 9.71739769e-01
    7.79878318e-01 7.58666873e-01 7.88986683e-01 6.84602618e-01
    6.05441570e-01 2.82080621e-01 7.31389880e-01 5.29029369e-02
    5.84226727e-01 5.90034068e-01 5.07397473e-01 5.92053175e-01
    4.76418406e-01 4.96671885e-01 4.77451295e-01 4.53465581e-01
    8.25496435e-01 8.42309475e-01 3.19349676e-01 3.17296863e-01
    9.89639759e-01 8.64300251e-01 3.57294768e-01 7.27532029e-01
    1.38670266e-01 1.04390979e-01 6.16289735e-01 2.23635793e-01
    2.82172501e-01 8.92787635e-01 2.88268566e-01 7.35269904e-01
    7.82376945e-01 7.03576922e-01 8.41765642e-01 6.57731116e-01
    9.19076324e-01 4.01028991e-02 3.93108875e-01 5.81060231e-01
    7.28420377e-01 9.64906633e-01 3.50917637e-01 2.34647721e-01
    6.16372764e-01 8.12763095e-01 1.53365344e-01 4.54206944e-01
    8.87347460e-01 6.97906435e-01 2.87363768e-01 3.84757221e-01
    1.53118104e-01 1.85742170e-01 9.47509170e-01 6.35035336e-02
    2.67786115e-01 6.64376676e-01 1.31400406e-01 1.59967273e-01
    5.90113103e-01 9.32974935e-01 6.21005893e-01 4.63908553e-01
    3.96963060e-02 4.89821225e-01 1.21590793e-01 8.41605484e-01
    5.37898421e-01 2.22347945e-01 9.34441686e-01 1.79310232e-01
    6.53273404e-01 5.77501416e-01 8.03025603e-01 8.71415734e-01
    4.59822357e-01 2.09928036e-01 1.02402568e-02 5.56615233e-01
    6.74999118e-01 2.71297932e-01 3.14308017e-01 8.85534644e-01
    1.12107873e-01 6.55308127e-01 7.61469543e-01 7.57548153e-01
    7.49409676e-01 7.27233827e-01 4.18154418e-01 6.47723675e-03
    1.06547803e-01 7.75647342e-01 2.91482866e-01 6.97208405e-01
    7.98476577e-01 6.24398291e-01 1.33525908e-01 5.93161762e-01
    4.40857708e-02 8.05986762e-01 2.73349226e-01 1.18409395e-02
    2.60793984e-01 3.54253531e-01 1.05581403e-01 5.22942841e-02
    8.93703818e-01 9.09770429e-01 6.90639794e-01 9.78959560e-01
    2.82557040e-01 5.04254818e-01 7.17726231e-01 8.90628397e-01
    8.22382152e-01 3.61055136e-03 7.57325649e-01 1.02177560e-01
    4.23985124e-02 3.73422384e-01 8.95183623e-01 2.36455858e-01
    2.41473258e-01 8.27981710e-01 4.09344673e-01 2.88798213e-01
    3.30778807e-01 4.52093631e-01 8.28297615e-01 9.48186874e-01
    7.72033453e-01 4.49132264e-01 1.01242363e-02 7.03710079e-01
    3.34577382e-01 6.24079108e-01 3.62733424e-01 3.06975842e-02
    4.82887506e-01 8.42156172e-01 8.85808170e-02 7.77701497e-01
    2.69357979e-01 1.14141405e-02 3.71076107e-01 8.06804001e-02
    9.02302206e-01 8.25805664e-02 6.38467908e-01 1.29316330e-01
    2.02574223e-01 5.10544717e-01 5.57245851e-01 4.22343850e-01
    1.93999410e-01 2.77690232e-01 5.47301948e-01 5.60192406e-01
    9.62907732e-01 2.95659244e-01 5.00509143e-03 7.90386200e-01
    4.15541410e-01 1.27810538e-02 9.89603519e-01 5.95217049e-01
    3.33104640e-01 8.83760154e-02 5.72631598e-01 6.17321789e-01
    8.39893878e-01 3.38163555e-01 7.79038668e-03 8.02009344e-01
    3.48116994e-01 1.04400605e-01 6.27902567e-01 9.24184322e-01
    3.22801322e-01 8.62497330e-01 3.68280888e-01 2.54447818e-01
    6.49386942e-01 5.70765734e-02 3.29262674e-01 8.72921228e-01
    5.30597568e-03 3.20601791e-01 5.79770863e-01 3.72625619e-01
    1.93504095e-01 9.64651704e-01 3.68846595e-01 1.15202963e-02
    7.56828070e-01 2.81947851e-01 7.02191234e-01 7.31406152e-01
    3.26988816e-01 5.23177028e-01 1.87612772e-02 9.69370008e-02
    4.95216727e-01 6.58526480e-01 2.56957710e-01 6.31859004e-01
    1.71942115e-01 7.87082195e-01 2.79040992e-01 9.81438518e-01
    4.11907494e-01 1.92862749e-01 7.12742448e-01 8.03270698e-01
    3.35878968e-01 4.89241928e-01 4.19994920e-01 8.70934844e-01
    8.35482955e-01 4.71468747e-01 9.12489414e-01 2.74929166e-01
    3.49005878e-01 8.54265034e-01 2.82376230e-01 1.52540386e-01
    9.33064699e-01 6.34185612e-01 9.28668857e-01 7.78745294e-01
    2.67979205e-01 8.66587520e-01 3.71443927e-02 6.19792342e-01
    6.59587443e-01 7.48829842e-01 2.19771862e-02 1.73920691e-02
    2.68909991e-01 4.23946023e-01 8.05759490e-01 5.56924403e-01
    5.87015748e-01 7.99057364e-01 5.11440098e-01 1.09705925e-01
    8.21755409e-01 9.53998208e-01 6.61828578e-01 6.83860719e-01
    9.08819437e-02 6.94477439e-01 1.79683864e-02 5.57217479e-01
    7.83227921e-01 1.65730566e-01 7.64056563e-01 8.38140547e-02
    1.71704650e-01 2.22075284e-01 9.42038059e-01 3.80330116e-01
    2.95170069e-01 1.64415479e-01 6.83902264e-01 9.50008631e-03
    5.89541495e-01 3.19343537e-01 4.78023499e-01 6.53911591e-01
    5.77193916e-01 2.58210063e-01 4.64790344e-01 9.09173846e-01
    5.38351238e-02 1.45547986e-01 6.08977675e-03 4.98761505e-01
    7.37298250e-01 5.60202837e-01 1.42905265e-01 6.96735978e-02
    2.34789342e-01 1.05951458e-01 5.86224377e-01 6.70346498e-01
    8.13462853e-01 4.17111129e-01 6.82327867e-01 3.16455930e-01
    5.83001733e-01 5.88491440e-01 7.58223474e-01 6.74059153e-01
    3.13861012e-01 9.21137333e-02 9.44901109e-01 8.92945647e-01
    4.20538127e-01 3.86981130e-01 6.41606152e-02 1.09399855e-01
    9.37855244e-01 6.97448552e-02 4.11079347e-01 1.16328448e-01
    3.13518673e-01 1.27318084e-01 8.30565393e-02 3.17438662e-01
    7.21868396e-01 5.87291360e-01 1.88533545e-01 4.74851489e-01
    9.72501755e-01 1.67173088e-01 1.16257071e-01 4.18637604e-01
    9.28492188e-01 6.39054179e-03 8.22733521e-01 3.25186998e-01
    7.28930354e-01 6.48163676e-01 8.94194007e-01 4.31450427e-01
    5.01035392e-01 9.15175557e-01 6.60365224e-01 9.03657973e-02
    2.03457773e-02 3.52644920e-02 2.48363823e-01 6.09316528e-01
    2.59709954e-02 4.10599083e-01 2.38459826e-01 7.43064344e-01
    4.27842408e-01 8.12523901e-01 1.79065347e-01 8.27420712e-01
    4.34639752e-01 6.76489949e-01 1.25963032e-01 2.01370686e-01
    1.10078543e-01 2.12210059e-01 8.11459124e-02 8.76811385e-01
    8.91194582e-01 3.67889404e-02 4.12828565e-01 4.25513536e-01
    8.88018250e-01 2.13699818e-01 8.68395805e-01 6.18670940e-01
    7.25676298e-01 3.35312247e-01 5.50040305e-01 9.91908729e-01
    2.10661471e-01 2.76375115e-01 2.84351349e-01 2.64599144e-01
    2.30471790e-02 1.25547379e-01 5.62709391e-01 1.41887605e-01
    6.20332897e-01 7.78460741e-01 9.29147959e-01 5.91996312e-01
    5.79410970e-01 7.50433326e-01 9.53798473e-01 6.59116447e-01
    1.93447292e-01 9.12208319e-01 3.62207830e-01 8.67608547e-01
    7.59682178e-01 7.28467822e-01 5.00210583e-01 8.74623775e-01
    6.70485735e-01 7.68203497e-01 6.79455042e-01 5.06583452e-01
    7.15787768e-01 2.82173455e-01 6.06263936e-01 2.18019694e-01
    8.88231218e-01 5.25340259e-01 9.82228756e-01 6.36312783e-01
    1.69265747e-01 2.57837296e-01 6.70891702e-01 6.98367953e-01
    8.58088911e-01 3.81312996e-01 4.01351929e-01 6.56051874e-01
    5.00633478e-01 1.72132552e-02 1.90717876e-01 8.42002034e-01
    6.15272760e-01 3.07652026e-01 4.81359839e-01 2.50558853e-02
    4.13795471e-01 5.45085907e-01 9.89142478e-01 3.72849315e-01
    2.75208116e-01 6.85198605e-02 3.23009491e-01 8.84605289e-01
    4.36301947e-01 8.53105485e-02 9.85232651e-01 3.29723954e-02
    4.98648882e-02 1.49390936e-01 5.41073561e-01 9.86457586e-01
    2.44184315e-01 1.94925338e-01 4.01805878e-01 2.65681446e-01
    6.03498042e-01 9.44829583e-01 7.17126250e-01 5.32595634e-01
    9.51431513e-01 4.45674092e-01 5.77929378e-01 3.15189481e-01
    1.02905542e-01 2.83331603e-01 8.56638551e-01 4.91728157e-01
    5.08525610e-01 3.99775684e-01 8.96364689e-01 4.64902908e-01
    7.51510262e-03 8.47234726e-01 4.39342022e-01 9.23716545e-01
    7.52476215e-01 7.01623440e-01 7.78662205e-01 4.32912469e-01
    8.31319511e-01 9.21991050e-01 9.13590133e-01 1.44541472e-01
    4.46568310e-01 3.68515730e-01 5.35144329e-01 5.37513077e-01
    7.96335340e-01 7.80611813e-01 1.89325184e-01 5.91069281e-01
    3.43806744e-01 8.68206024e-01 3.55114341e-02 6.55660987e-01
    5.67822278e-01 3.00793767e-01 8.14889669e-01 2.55376637e-01
    4.81043905e-01 9.97146606e-01 7.45004892e-01 1.98178589e-01
    3.50213706e-01 2.76487947e-01 1.06931359e-01 1.92406207e-01
    1.30361527e-01 2.24281281e-01 6.72231913e-01 8.23901236e-01
    5.22537053e-01 7.52788901e-01 4.27270740e-01 3.75834227e-01
    4.15649444e-01 3.32882822e-01 4.83315259e-01 4.65906411e-01
    4.06651139e-01 6.98881626e-01 5.21346450e-01 9.06056345e-01
    3.25976700e-01 2.06127584e-01 1.29556388e-01 5.27135134e-01
    6.42745078e-01 5.40698588e-01 6.00332677e-01 5.39459705e-01
    4.21090126e-01 1.75024778e-01 7.64765441e-01 7.34886944e-01
    5.97187400e-01 9.21205759e-01 8.84127498e-01 9.70708549e-01</data></test_img>
<my_img type_id="opencv-matrix">
  <rows>128</rows>
  <cols>256</cols>
  <dt>f</dt>
  <data>
    6.06805503e-01 1.49142727e-01 9.21542943e-01 1.61511397e+00
    2.13899207e+00 1.36455691e+00 -8.12691450e-02 1.50909138e+00
    -1.72292709e-01 2.06836700e+00 2.79268026e-02 3.24514359e-01
    1.22091460e+00 1.27066267e+00 9.39229012e-01 1.66156530e+00
    1.28809035e-01 -1.61109567e-01 1.19452149e-01 -3.19573939e-01
    9.48936343e-01 2.69975603e-01 1.61029220e+00 1.02884150e+00
    1.92047751e+00 1.13690764e-01 8.40010524e-01 1.40500689e+00
    8.39889526e-01 1.90707326e-01 1.83541703e+00 1.70438558e-01
    8.05947900e-01 1.82754230e+00 1.27418709e+00 1.81193340e+00
    8.59086514e-01 4.83727813e-01 9.68222320e-02 1.13119328e+00
    -3.40335429e-01 -2.32099682e-01 2.09004849e-01 5.08154154e-01
    1.04817283e+00 2.06722379e+00 1.67768347e+00 -1.24321401e-01
    3.88890594e-01 6.46406412e-01 1.43387532e+00 -2.42392421e-02
    1.15336573e+00 2.60423362e-01 5.42626023e-01 5.52145660e-01
    6.72086000e-01 1.32342488e-01 4.27310050e-01 1.49643075e+00
    1.69920325e+00 7.12552190e-01 1.59071815e+00 1.70398998e+00
    8.29660892e-02 2.67429173e-01 6.09555602e-01 1.22228289e+00
    1.44088864e+00 7.85517812e-01 9.78348494e-01 1.42811167e+00
    6.21856749e-02 1.52678251e+00 1.48025906e+00 2.04448342e+00
    1.80245948e+00 -2.60246992e-01 2.60445923e-01 -2.59685367e-01
    1.09207904e+00 -2.89920658e-01 1.17307806e+00 -1.47300988e-01
    1.60884655e+00 -1.00767255e-01 -8.14463198e-02 1.25339699e+00
    -1.05782449e-01 -5.63754439e-02 7.57159889e-01 1.71076465e+00
    1.42931223e-01 1.35680175e+00 -2.25743935e-01 1.75101590e+00
    1.78661752e+00 3.21644068e-01 1.18107259e+00 1.87711984e-01
    2.95138359e-02 1.60802484e+00 6.50465369e-01 4.77168798e-01
    8.10718834e-01 1.04179156e+00 1.79426920e+00 1.41687596e+00
    9.82733309e-01 4.15595531e-01 1.22309506e+00 -1.59915030e-01
    2.01257062e+00 -2.53531277e-01 1.03267574e+00 6.85201705e-01
    4.07636672e-01 2.11387110e+00 1.62013745e+00 1.21011400e+00
    7.46177077e-01 1.53571695e-01 4.31634486e-02 2.09423161e+00
    1.15574765e+00 5.92120528e-01 1.43262100e+00 4.15014535e-01
    1.56254673e+00 4.32463706e-01 3.88917059e-01 8.71399522e-01
    7.09345818e-01 6.99484587e-01 8.02412033e-01 2.06704348e-01
    1.48579097e+00 1.23929286e+00 -1.77895829e-01 8.58934462e-01
    8.01987052e-01 1.88098240e+00 1.88335001e+00 -2.56710440e-01
    1.66891849e+00 -2.82851607e-01 2.33087838e-01 -3.27557474e-01
    9.33129728e-01 2.74751037e-01 8.22509110e-01 1.94015217e+00
    8.84483337e-01 2.07606840e+00 3.81835282e-01 1.34522825e-01
    7.54952312e-01 1.56091750e+00 1.58019948e+00 2.01341534e+00
    3.12148482e-01 1.68686652e+00 6.78771675e-01 1.60143006e+00
    2.77905464e-02 8.65118027e-01 7.17315733e-01 8.22355688e-01
    1.50342762e+00 1.84916675e+00 7.82055914e-01 1.56234145e+00
    -3.20798874e-01 1.96803641e+00 5.44455528e-01 1.57650197e+00
    1.66111982e+00 1.27492571e+00 2.11690813e-01 1.36158109e+00
    1.21668077e+00 -2.28141755e-01 7.24393606e-01 1.26521969e+00
    1.42499530e+00 6.73828959e-01 9.78589296e-01 2.14609814e+00
    3.91437978e-01 2.73766428e-01 -2.84319282e-01 1.84916615e+00
    5.20407915e-01 -1.17260098e-01 2.06074810e+00 8.60081196e-01
    2.11155891e+00 1.58395505e+00 8.30667734e-01 6.57489657e-01
    8.83637428e-01 2.18633628e+00 4.36471760e-01 1.10318756e+00
    1.63756764e+00 3.37002605e-01 -2.93630540e-01 1.43208563e+00
    1.04516625e+00 1.88180685e+00 1.01856291e-02 7.36859083e-01
    9.85795021e-01 6.11973941e-01 2.53560603e-01 2.80920416e-01
    -1.56369209e-02 1.38143933e+00 1.81412005e+00 1.20249307e+00
    1.38493729e+00 -2.61605024e-01 1.18325770e+00 5.38423181e-01
    1.08643925e+00 1.04024470e-01 1.26040721e+00 5.93169093e-01
    4.03241813e-02 3.65083754e-01 6.79686725e-01 7.99176455e-01
    1.44811010e+00 1.75121844e+00 4.27725017e-02 1.37383747e+00
    9.33974385e-01 -1.56615525e-01 2.43392736e-01 4.99239177e-01
    7.29728341e-02 9.32580590e-01 3.87295157e-01 -3.07668567e-01
    1.42059970e+00 1.80932117e+00 2.98189282e-01 1.14066744e+00
    2.64427155e-01 1.81073475e+00 7.78203011e-02 1.59728563e+00
    -1.67471901e-01 2.24091387e+00 -4.04957235e-02 1.06165409e+00
    6.07702076e-01 1.33669734e+00 -1.42266184e-01 9.86033380e-02
    -2.94271171e-01 -2.49058262e-01 -8.60669315e-02 4.19704974e-01
    4.06524152e-01 1.37820601e+00 1.94990540e+00 3.91806871e-01
    1.97549713e+00 1.46878695e+00 1.74342608e+00 9.51696992e-01
    1.81684577e+00 -3.31565022e-01 7.48253822e-01 -3.71647000e-01
    1.97420299e-01 -4.33581769e-01 1.37565088e+00 1.58951271e+00
    -1.80294991e-01 7.21827030e-01 1.02203882e+00 1.39053428e+00
    -2.65558302e-01 4.87658769e-01 1.70156848e+00 7.33224273e-01
    1.36472136e-01 4.87928391e-01 -7.25647807e-03 1.17118073e+00
    2.10818338e+00 1.71699584e+00 7.73882747e-01 1.50855434e+00
    5.16779900e-01 1.76425743e+00 5.03276825e-01 8.98527861e-01
    1.11469328e+00 1.85652423e+00 1.42555177e-01 9.05612409e-02
    -4.76339579e-01 1.50427926e+00 1.11613679e+00 -9.74626243e-02
    -3.48780632e-01 -2.69257903e-01 7.55395889e-01 1.30915523e+00
    3.15916002e-01 1.94465172e+00 -2.45324388e-01 7.89560974e-02
    7.75098443e-01 1.68769431e+00 -4.61782902e-01 8.30587983e-01
    1.54532230e+00 -3.99424434e-02 1.03755474e-01 2.06868076e+00
    1.64651704e+00 -4.83917505e-01 1.17480254e+00 4.50097263e-01
    1.01232982e+00 1.09223992e-01 1.56319177e+00 -3.89552176e-01
    1.57819796e+00 4.90224421e-01 -3.23439121e-01 3.60459119e-01
    -1.72486067e-01 2.07076764e+00 9.92884636e-01 3.37814093e-02
    4.51913923e-01 4.43391085e-01 1.28550363e+00 -2.89801538e-01
    1.81807601e+00 -2.60597318e-01 5.54890752e-01 9.87690747e-01
    1.94787979e-02 1.99511111e+00 -2.86000848e-01 1.78238845e+00
    1.23108673e+00 1.34671903e+00 8.57733369e-01 1.34170914e+00
    -4.50615615e-01 -4.50248897e-01 1.00089169e+00 1.19797313e+00
    5.45379877e-01 1.85195303e+00 1.72307563e+00 1.70684075e+00
    9.05714631e-02 3.89097005e-01 6.71116710e-01 5.69295883e-01
    1.23566639e+00 3.28804404e-01 1.09372818e+00 1.64027500e+00
    -1.77165270e-02 3.27216178e-01 1.70992684e+00 2.10767078e+00
    -1.59214407e-01 1.38618422e+00 1.23654246e+00 1.45357132e-01
    1.90141439e+00 1.99454522e+00 -1.52554631e-01 1.41673237e-01
    1.54436886e+00 1.35219383e+00 -8.38419795e-03 6.23305678e-01
    -2.95616746e-01 3.76510918e-02 -4.39236760e-01 7.20053136e-01
    8.68874550e-01 -1.49946451e-01 9.00493324e-01 1.61087251e+00
    2.09842777e+00 1.11593139e+00 2.99557149e-02 1.74776101e+00
    1.36617827e+00 -4.70482111e-01 -1.19918168e-01 1.32710958e+00
    7.45565951e-01 8.14741552e-01 1.79832959e+00 1.69255769e+00
    6.62093222e-01 -3.26698750e-01 7.81725407e-01 3.28976035e-01
    6.09173775e-01 -2.91783065e-01 1.21589780e+00 5.40173054e-03
    1.54920745e+00 2.81161964e-02 -1.01990342e-01 3.35646063e-01
    1.37339145e-01 2.49684036e-01 -3.69167209e-01 -3.84357214e-01
    1.03915513e+00 1.98553073e+00 1.38978720e+00 6.30395710e-02
    1.90500963e+00 1.44792354e+00 1.67085516e+00 1.33208871e-01
    -1.31122410e-01 6.97282672e-01 1.99575555e+00 7.63659716e-01
    4.04230326e-01 -8.97333026e-02 -3.02089453e-02 9.20429885e-01
    1.74516177e+00 8.49170864e-01 1.44044924e+00 -1.06140077e-01
    2.01244593e+00 -1.75463706e-01 1.90938628e+00 1.48631346e+00
    1.64746213e+00 9.66998875e-01 1.07713127e+00 -2.45581076e-01
    1.04469311e+00 2.12781096e+00 -9.47857201e-02 -2.53459871e-01
    7.39151239e-01 1.99991465e+00 -1.61106467e-01 1.06117558e+00
    7.43331432e-01 8.26947272e-01 7.12472022e-01 -6.08112216e-02
    1.32464290e-01 -1.63701177e-02 1.42614996e+00 1.89677715e+00
    2.02337599e+00 5.97532690e-02 1.65927541e+00 5.57776928e-01
    3.57515812e-01 -2.22536087e-01 7.07653165e-01 1.96255708e+00
    8.69787574e-01 5.22533655e-01 5.25194526e-01 -1.12280697e-01
    1.86732483e+00 1.84033799e+00 1.07512105e+00 1.14727187e+00
    -9.06525254e-02 2.01038098e+00 1.33606565e+00 1.58658755e+00
    1.76423740e+00 1.11886501e-01 1.91522777e+00 6.42596483e-01
    1.44049692e+00 1.47523022e+00 4.59440887e-01 1.62577963e+00
    1.55960941e+00 1.39782333e+00 1.19490528e+00 1.66828740e+00
    7.53734946e-01 1.47925854e-01 1.37023771e+00 -1.29044056e-03
    1.89563417e+00 1.70556378e+00 2.21449137e-01 3.89351606e-01
    8.38453770e-01 5.77991426e-01 -2.24443033e-01 -1.70860946e-01
    1.51839292e+00 1.66521466e+00 1.14620721e+00 -2.26412386e-01
    -3.53343785e-01 6.21491969e-02 1.44722134e-01 1.39393401e+00
    2.04621863e+00 1.24767041e+00 1.13915336e+00 -3.71198118e-01
    1.33312058e+00 1.32180643e+00 4.91900742e-01 1.22913599e+00
    6.11000478e-01 1.64544570e+00 1.86703575e+00 1.85959482e+00
    1.14473367e+00 3.69380236e-01 1.33392775e+00 3.93633604e-01
    -9.01824236e-03 -3.69339973e-01 6.82500720e-01 1.71179152e+00
    1.98740566e+00 8.80694389e-03 1.20371997e-01 1.22985423e-01
    1.20622134e+00 1.15402174e+00 8.48043561e-01 8.57554376e-01
    1.95545697e+00 1.54676127e+00 8.73809099e-01 1.41862750e+00
    1.88255143e+00 -1.26086503e-01 1.36879051e+00 1.12633860e+00
    -1.43906474e-02 5.94794154e-02 2.18777299e-01 2.64636517e-01
    -2.16213763e-01 4.63074684e-01 -3.30089211e-01 6.66373849e-01
    -1.21459424e-01 7.73284495e-01 2.09464121e+00 1.04461348e+00
    4.39385712e-01 -4.28140223e-01 -4.32865739e-01 -2.21610785e-01
    1.50273144e-01 -1.38465613e-01 1.66551304e+00 1.13054180e+00
    1.42761302e+00 1.66838050e+00 1.76595473e+00 1.48618042e+00
    1.39375806e+00 1.12366176e+00 1.79154491e+00 1.36896610e-01
    2.02319074e+00 -4.72769499e-01 5.40910006e-01 1.72364020e+00
    -3.40812087e-01 1.01595259e+00 2.02036905e+00 2.00985622e+00
    4.39405501e-01 1.68207490e+00 1.64936519e+00 9.60692286e-01
    1.78002477e+00 5.61161816e-01 1.75125742e+00 -6.29290640e-02
    8.65443826e-01 -4.49451059e-01 -2.81316042e-02 1.69538665e+00
    1.54643929e+00 6.26724601e-01 8.40079010e-01 7.25106120e-01
    -9.62201059e-02 9.97723937e-02 1.69797325e+00 -4.06659722e-01
    2.20505416e-01 2.05837703e+00 2.49236166e-01 -9.04234648e-02
    8.68382096e-01 2.14171708e-01 1.40632415e+00 1.50532258e+00
    1.66883564e+00 -3.35794568e-01 1.69002676e+00 1.06545842e+00
    2.88935900e-02 1.06816840e+00 -8.08597505e-02 1.43958473e+00
    1.12824821e+00 1.68914199e+00 1.13749647e+00 1.74272656e+00
    -3.46323788e-01 5.50868273e-01 -3.89565229e-02 -2.42428333e-01
    -8.08816850e-02 7.00771332e-01 1.80891037e-01 1.69949937e+00
    1.43099320e+00 1.14038420e+00 2.70014822e-01 4.48412776e-01
    -2.88801193e-01 1.38497615e+00 4.93268549e-01 1.20821452e+00
    1.99838305e+00 1.11114454e+00 9.50549066e-01 8.34755182e-01
    1.82803726e+00 2.03842211e+00 1.08302641e+00 9.19132411e-01
    -2.81950563e-01 3.70035589e-01 -1.80190355e-01 1.01291466e+00
    -6.16571307e-02 -2.70521849e-01 -1.43786073e-02 1.01830828e+00
    2.90372610e-01 1.15145516e+00 -1.31264895e-01 6.57923758e-01
    -7.69277811e-02 -7.42192864e-02 1.61182165e+00 7.63820350e-01
    3.52603197e-03 5.23244083e-01 1.58434987e+00 1.00865006e+00
    2.07020521e-01 -4.49126512e-01 7.39461958e-01 1.53499949e+00
    6.80225968e-01 4.98748660e-01 -5.05498946e-01 7.59056985e-01
    1.10467303e+00 6.31263196e-01 7.79049873e-01 1.82840514e+00
    5.01759052e-01 4.34358716e-01 -3.70729327e-01 1.32144928e+00
    1.86153388e+00 1.65998220e+00 -4.73060310e-02 1.49835110e+00
    1.65337944e+00 1.23632073e+00 5.43371797e-01 1.87608051e+00
    5.35018444e-02 1.79005802e+00 5.19256175e-01 1.54930615e+00
    -1.53378934e-01 1.58176756e+00 1.75197339e+00 6.39603078e-01
    4.26530808e-01 8.78900468e-01 7.23871112e-01 -2.82344192e-01
    7.39466667e-01 1.72311723e-01 2.08064866e+00 1.73896146e+00
    6.18608057e-01 1.10895395e+00 1.92354107e+00 7.67590880e-01
    1.48776460e+00 9.96273696e-01 1.71193945e+00 2.06794095e+00
    1.50548279e-01 1.72143459e+00 1.42916465e+00 1.10421443e+00
    4.82795179e-01 5.53262293e-01 6.97559655e-01 7.46064007e-01
    8.40875685e-01 2.02732301e+00 6.62546754e-02 1.25335741e+00
    1.33826935e+00 1.20969760e+00 5.82376122e-02 2.84068584e-01
    2.32802570e-01 9.78011549e-01 1.49482036e+00 1.80094290e+00
    7.29115784e-01 1.83750319e+00 -2.03060687e-01 6.00178957e-01
    7.08669186e-01 1.53774095e+00 8.97507966e-01 -5.51865637e-01
    1.00823522e+00 1.52870476e+00 1.94798625e+00 1.04960752e+00
    2.65769362e-02 1.21848845e+00 1.03118074e+00 4.73372638e-01
    2.43157446e-02 -4.38301802e-01 2.46018618e-01 2.19827724e+00
    3.43279243e-02 8.64051223e-01 4.51524049e-01 1.81564546e+00
    2.14583230e+00 1.98741102e+00 1.34346437e+00 -1.77831873e-01
    8.88621569e-01 2.08844900e+00 9.80020404e-01 5.78711450e-01
    -3.46012473e-01 7.50128508e-01 1.39284074e+00 1.21216297e+00
    1.95546341e+00 1.21974277e+00 -3.47378016e-01 1.79931140e+00
    7.99967229e-01 -5.26126862e-01 1.36221385e+00 1.40004992e-01
    4.23901618e-01 1.60783684e+00 -1.61552995e-01 1.08253860e+00
    1.17503798e+00 5.14850318e-01 1.09680581e+00 1.82787383e+00
    1.13012826e+00 1.63428032e+00 1.19298267e+00 1.28326702e+00
    1.80832469e+00 9.12063897e-01 -2.33327299e-01 6.55605137e-01
    5.17054439e-01 -4.66191143e-01 1.62861347e+00 -1.03821099e-01
    1.62433147e+00 8.92931819e-02 -1.25458449e-01 7.14111865e-01
    7.01652348e-01 1.13288689e+00 3.43472958e-02 5.92504740e-02
    -1.49003625e-01 9.68234599e-01 1.27583957e+00 -2.01178312e-01
    6.16009355e-01 1.06303787e+00 1.09231162e+00 1.03590155e+00
    1.93687630e+00 8.74352396e-01 -6.38433993e-02 7.63170063e-01
    1.03070116e+00 1.25515699e+00 1.50268352e+00 1.93240047e+00
    -3.17618251e-02 1.09187293e+00 3.46444070e-01 2.94467509e-01
    1.67384005e+00 5.98037660e-01 7.34254479e-01 1.64869261e+00
    1.63885045e+00 2.68443942e-01 1.46436679e+00 1.61599493e+00
    -4.44960505e-01 -5.93086064e-01 1.72151923e+00 -2.60993302e-01
    1.27121210e+00 4.66934144e-01 -5.64567745e-01 1.64822030e+00
    4.29799080e-01 5.49803257e-01 1.81870449e+00 8.87822151e-01
    -2.93276608e-01 5.12661636e-01 -1.48040205e-01 1.93693042e+00
    1.16752911e+00 2.90944099e-01 1.73101366e+00 -2.61738986e-01
    2.40820408e-01 -2.25328147e-01 1.66004574e+00 -4.11017030e-01
    8.34943354e-01 5.34055591e-01 5.12338877e-01 1.91187668e+00
    1.46313000e+00 -1.80306584e-01 8.19439471e-01 5.26277840e-01
    1.36068726e+00 1.39439046e+00 6.20328009e-01 -3.92273158e-01
    1.77968574e+00 -6.50765300e-02 1.50062156e+00 -4.31230515e-01
    4.47521985e-01 1.52226257e+00 3.73930693e-01 -8.36259425e-02
    1.03836477e-01 1.54715943e+00 1.11445665e-01 1.53122592e+00
    8.03563595e-01 1.56600142e+00 6.79395020e-01 -3.39104474e-01
    -3.85876179e-01 5.29952526e-01 -1.50863588e-01 -1.16611123e-02
    6.27864361e-01 2.73993194e-01 1.53022194e+00 1.17874444e-01
    8.38131428e-01 6.24861240e-01 -5.18600345e-02 -7.63565302e-02
    1.88913512e+00 6.83195710e-01 5.46661913e-01 -2.14343250e-01
    1.12391007e+00 1.21866405e+00 -3.98706436e-01 1.60941577e+00
    1.66887760e+00 7.78871298e-01 9.34505045e-01 1.04644108e+00
    -3.73846501e-01 3.27793300e-01 1.61311793e+00 7.91932404e-01
    1.23359561e+00 4.20130014e-01 -3.73875022e-01 7.11383641e-01
    1.67809081e+00 1.25981355e+00 1.03244948e+00 1.45048714e+00
    1.25765884e+00 1.72230697e+00 -4.54812706e-01 1.39836669e+00
    3.51239026e-01 -3.38840485e-01 1.45710158e+00 1.85194421e+00
    1.90517211e+00 9.93019700e-01 1.93459129e+00 1.53241634e-01
    6.58957243e-01 -3.54313105e-01 -3.96854579e-01 -3.56548756e-01
    5.22882044e-01 1.77594543e+00 2.21978068e-01 1.25848031e+00
    -5.37589729e-01 1.93164229e-01 1.17734599e+00 1.31035948e+00
    1.29586291e+00 7.11632848e-01 1.56220579e+00 7.08490431e-01
    3.60577226e-01 -2.16889888e-01 4.00309980e-01 4.38497424e-01
    1.96861219e+00 -3.38854849e-01 1.62066603e+00 9.64116454e-01
    1.19762754e+00 -1.61519080e-01 1.10237753e+00 1.29425943e+00
    1.04562116e+00 2.96096563e-01 1.71498513e+00 7.73963451e-01
    -8.21439028e-02 1.53178167e+00 3.80596042e-01 1.71420860e+00
    3.44213963e-01 6.43172204e-01 3.36325109e-01 1.27073324e+00
    2.64756680e-01 -3.12612891e-01 1.98984551e+00 6.14735603e-01
    -3.12416494e-01 -4.85867888e-01 1.35622311e+00 1.75358462e+00
    5.52855492e-01 2.46177495e-01 2.47993231e-01 4.74768400e-01
    -5.22975624e-01 -2.83475995e-01 1.04872632e+00 4.64709401e-02
    1.99779081e+00 1.17781126e+00 5.63791335e-01 -4.89688039e-01
    9.92090344e-01 1.50593901e+00 9.18870568e-02 1.34562194e+00
    1.61718798e+00 1.28043532e+00 1.51640129e+00 1.72495103e+00
    5.19498169e-01 2.08354056e-01 1.45418990e+00 1.66159534e+00
    1.87111735e+00 8.96899700e-01 -3.82784009e-01 9.22176361e-01
    1.42165315e+00 5.88592649e-01 4.68740404e-01 2.19845819e+00
    2.09574342e+00 1.37047839e+00 7.49626160e-02 -3.15654725e-01
    1.43197393e+00 -3.85298848e-01 7.82722831e-02 -4.64375496e-01
    1.53974688e+00 1.70579314e-01 7.55700469e-01 3.55198383e-02
    -2.26343930e-01 5.07224679e-01 1.49622178e+00 5.77598393e-01
    1.04865432e+00 1.10582590e-01 1.44887304e+00 1.78394079e+00
    8.70668292e-01 1.73840058e+00 4.24015522e-03 1.84860170e-01
    1.70551062e-01 9.42055821e-01 1.99766684e+00 6.57210290e-01
    5.64910769e-02 6.11047566e-01 -9.98407602e-02 1.27807355e+00
    2.73383379e-01 5.45410514e-01 6.57762289e-01 -6.18064582e-01
    2.98750401e-01 8.74943256e-01 9.12523150e-01 1.85310841e-04
    1.07131720e-01 1.57701504e+00 1.01647031e+00 -7.01124072e-02
    9.67618585e-01 1.96607518e+00 7.91725397e-01 4.34712112e-01
    -9.57399607e-02 4.87029970e-01 2.10146844e-01 6.97214663e-01
    1.18919206e+00 1.99122655e+00 1.02242374e+00 2.79649436e-01
    3.49916577e-01 7.27618933e-01 3.37599516e-01 1.15057349e+00
    7.03200638e-01 1.64111853e-01 -1.18544698e-02 1.73185921e+00
    7.39572644e-01 6.70959175e-01 -6.26744032e-01 -3.60978186e-01
    1.49840426e+00 1.62069809e+00 1.33221269e+00 1.90697980e+00
    4.50098038e-01 1.88356125e+00 9.97641802e-01 -4.45953310e-01
    1.25547850e+00 -9.82873440e-02 1.58066869e+00 9.15800929e-02
    7.02003837e-01 9.40698802e-01 1.33830023e+00 1.64778996e+00
    8.55782688e-01 6.05269372e-01 -1.25570774e-01 1.61398149e+00
    -5.13868928e-02 1.41504622e+00 1.95721555e+00 1.94664335e+00
    1.68136084e+00 8.28383029e-01 9.40038264e-01 1.94068301e+00
    1.49821997e+00 4.01881695e-01 3.19185317e-01 1.59970725e+00
    9.01949227e-01 3.41247439e-01 1.86478710e+00 1.09662497e+00
    1.91022277e+00 -5.12008071e-02 6.15847409e-01 -6.20654225e-02
    1.78315580e+00 -2.89965272e-02 -6.14218831e-01 7.14510024e-01
    1.14137352e+00 1.53687751e+00 9.27984953e-01 -3.97715628e-01
    1.09330916e+00 1.27899706e+00 1.54793096e+00 9.43736017e-01
    8.40917766e-01 -4.19410169e-01 1.62408471e+00 8.60086381e-01
    1.89907169e+00 1.18778968e+00 8.34877491e-02 -6.02515996e-01
    -1.31120861e-01 1.76109099e+00 -2.09496707e-01 5.22821248e-01
    -4.79617476e-01 1.71566629e+00 9.76156771e-01 1.17671609e-01
    -3.80546033e-01 4.60425019e-01 -5.64820170e-01 3.97060335e-01
    2.28702426e-01 1.64148331e+00 1.59767509e+00 7.09394991e-01
    1.64449918e+00 -5.38389385e-01 1.06323063e+00 -3.51052016e-01
    1.12673056e+00 8.30690563e-01 1.09895170e-01 4.66973960e-01
    6.82881415e-01 4.19481397e-01 1.88942194e+00 1.83135092e+00
    1.37565851e-01 4.27304268e-01 -1.14598334e-01 1.26943588e+00
    -4.65672165e-01 5.48180342e-01 1.56307507e+00 5.10373414e-01
    3.47276449e-01 1.12809014e+00 1.52574778e+00 6.32658362e-01
    -3.18966389e-01 -4.76184487e-01 1.32357645e+00 -2.10708380e-02
    4.97232497e-01 1.95491540e+00 5.62389612e-01 -2.24569649e-01
    -1.23058558e-02 1.13830400e+00 1.62980366e+00 -4.79517668e-01
    5.93767941e-01 4.83107746e-01 -3.15130651e-01 -2.63516217e-01
    5.66656709e-01 7.95052767e-01 1.37564301e+00 -2.15498835e-01
    1.48303497e+00 -4.70571280e-01 -1.40389115e-01 4.01193261e-01
    4.80586708e-01 3.23184907e-01 1.22251177e+00 6.97258055e-01
    -2.86871284e-01 1.96439481e+00 -5.01195192e-01 -2.75583267e-02
    3.66794169e-01 1.62792182e+00 9.84560251e-02 -3.82483512e-01
    -4.06326056e-02 -4.12361681e-01 6.46122932e-01 1.61711466e+00
    -4.15350080e-01 1.31464529e+00 1.06403017e+00 7.25098550e-01
    -3.68683994e-01 8.42442393e-01 1.06082368e+00 -2.75874972e-01
    5.09821355e-01 1.85559988e+00 1.34511328e+00 -2.27363169e-01
    6.62396133e-01 8.58893037e-01 8.33427250e-01 -1.55238211e-01
    1.46800804e+00 9.15857196e-01 5.72658002e-01 -2.83261240e-01
    1.80327702e+00 3.23634148e-02 -5.51786184e-01 1.77009451e+00
    -4.32598591e-01 1.02830577e+00 6.76735997e-01 1.63490283e+00
    1.17876291e+00 -1.38870060e-01 4.18973327e-01 7.94110775e-01
    1.23658776e+00 9.28257287e-01 6.59106851e-01 9.99986589e-01
    -3.21217477e-01 1.27033019e+00 3.44875276e-01 1.25811410e+00
    9.20840859e-01 1.15820336e+00 1.79086494e+00 1.44129217e-01
    9.78876829e-01 1.95996666e+00 8.13869834e-02 1.30895472e+00
    9.98331904e-02 1.13146156e-01 6.37104273e-01 2.09716392e+00
    1.22479391e+00 1.45634151e+00 -3.70450616e-01 7.83957720e-01
    1.70266116e+00 1.57935607e+00 1.51850450e+00 1.17299986e+00
    -2.60633737e-01 -4.53567922e-01 7.49877691e-02 6.71351194e-01
    -1.97529733e-01 1.83264172e+00 9.94747221e-01 7.66995430e-01
    6.07228279e-02 -1.63576901e-01 4.71482515e-01 4.83864903e-01
    -4.11590576e-01 3.20291638e-01 -4.18588161e-01 1.84499288e+00
    -3.73201728e-01 1.39703369e+00 -5.48151851e-01 6.42111242e-01
    9.85060692e-01 4.52284694e-01 2.74356008e-01 -3.87440473e-01
    9.62124586e-01 -3.56985509e-01 -2.21349597e-02 1.20502102e+00
    1.81512451e+00 -5.45031667e-01 1.53346431e+00 9.29126203e-01
    3.85428488e-01 1.72500825e+00 1.13205290e+00 1.01989508e-02
    1.37469232e-01 1.63991737e+00 2.58147418e-01 4.17555869e-01
    9.69076037e-01 1.06254458e+00 1.96924996e+00 1.35817671e+00
    -5.20117164e-01 -3.72414738e-01 1.34483457e+00 7.53584266e-01
    1.43129301e+00 -2.05107480e-01 7.54644215e-01 -1.06395185e-01
    1.16650367e+00 -2.10599869e-01 1.09777653e+00 4.78454411e-01
    -4.23286557e-02 1.32625079e+00 1.68068099e+00 1.64632082e-01
    1.14505458e+00 1.25340843e+00 1.60060275e+00 -3.58467549e-01
    1.27239919e+00 9.52054679e-01 6.31435335e-01 6.21728897e-01
    1.08664036e+00 -1.27043366e-01 1.81266999e+00 1.52966380e+00
    -7.71503448e-02 1.18788075e+00 -4.20176297e-01 1.46497309e+00
    2.57759035e-01 -2.87759900e-01 4.56233621e-01 7.74025917e-01
    -2.04841346e-01 1.09746408e+00 2.67973185e-01 1.23860574e+00
    3.29929233e-01 1.07650256e+00 2.16148078e-01 5.99151969e-01
    6.59285724e-01 1.75718427e-01 1.66320062e+00 1.75194263e+00
    -2.01664716e-01 1.26826310e+00 -1.69492990e-01 1.45117879e-01
    1.57292557e+00 1.28734612e+00 2.84124255e-01 -2.70290047e-01
    8.59746397e-01 -6.30694747e-01 1.56620920e-01 1.31196761e+00
    7.61300862e-01 1.92208672e+00 2.31264174e-01 9.03729916e-01
    -4.39849377e-01 -5.09097338e-01 7.86085129e-01 1.63512933e+00
    1.93182373e+00 7.65016079e-02 1.68287253e+00 -6.49295509e-01
    1.01672792e+00 9.40209866e-01 -1.59659982e-01 8.39041352e-01
    1.42480779e+00 6.20648801e-01 3.88618946e-01 3.50368917e-01
    1.46456409e+00 -2.81569630e-01 -2.71977335e-01 7.11740434e-01
    1.52623940e+00 9.23851013e-01 1.15286112e+00 1.43302023e+00
    1.27277994e+00 6.07092917e-01 2.37801433e-01 9.84322071e-01
    6.94080710e-01 -3.30833882e-01 1.55736899e+00 -1.80965960e-01
    5.34561574e-01 7.05214143e-02 1.87004042e+00 -1.03145838e-01
    7.14090407e-01 1.79499257e+00 7.57681549e-01 1.29488242e+00
    1.22525275e-01 3.79939020e-01 1.60486519e-01 3.50737572e-03
    4.77438807e-01 1.69974518e+00 1.11437893e+00 3.66740704e-01
    -3.41442883e-01 1.24178207e+00 -4.09266949e-01 -3.38227004e-01
    9.14719939e-01 2.16664970e-01 -2.56158799e-01 1.56650186e+00
    4.77826238e-01 2.86607563e-01 -1.00729346e-01 -6.88854456e-02
    1.04884493e+00 1.46209836e+00 1.72053194e+00 -2.13927776e-01
    5.51728010e-01 1.00013959e+00 -2.62743831e-02 1.57102180e+00
    -1.09808743e-01 1.72568822e+00 -4.05926883e-01 3.87386918e-01
    9.21987176e-01 5.64134657e-01 -6.10341191e-01 7.24613070e-01
    1.29900670e+00 1.84730184e+00 -3.13200891e-01 9.39727366e-01
    -3.40242267e-01 1.61453271e+00 7.10319281e-02 -4.09761995e-01
    1.72985435e+00 7.54930735e-01 1.19403625e+00 9.59309340e-02
    1.19720876e-01 1.76936960e+00 2.66942978e-01 8.59374881e-01
    9.57762778e-01 1.80234432e-01 -1.19748950e-01 1.89809144e+00
    1.55808043e+00 2.34665036e-01 1.73364699e-01 4.12204146e-01
    -5.70501089e-02 4.05201554e-01 9.62196171e-01 3.48116398e-01
    4.67653394e-01 9.46543932e-01 1.40868127e+00 1.06687605e+00
    3.83274674e-01 7.43814230e-01 -3.46309781e-01 1.26249504e+00
    5.73717594e-01 1.36435187e+00 1.71376991e+00 1.55208218e+00
    2.76143968e-01 3.23310256e-01 1.16537440e+00 -3.50967318e-01
    9.71636653e-01 -6.74912691e-01 -2.28286982e-02 1.29165697e+00
    5.53833544e-01 1.09301782e+00 2.36504138e-01 -5.86975396e-01
    9.10452425e-01 -5.18447638e-01 1.70980334e+00 7.31366932e-01
    2.00415540e+00 5.50060570e-01 1.68503749e+00 -1.33370489e-01
    9.37929094e-01 1.42448068e-01 8.13228846e-01 -2.67476857e-01
    1.08356619e+00 1.53078985e+00 2.01253963e+00 -4.21518028e-01
    1.16488838e+00 8.87401462e-01 5.90664506e-01 1.53676128e+00
    1.31745100e+00 1.80538118e+00 -6.62015736e-01 1.83818460e+00
    7.09008992e-01 7.03062415e-01 5.92540979e-01 1.31291318e+00
    -6.37528539e-01 -6.10631168e-01 1.48761272e-01 3.08765709e-01
    1.44838667e+00 -2.71856487e-01 9.66078639e-01 1.69184899e+00
    6.94005966e-01 3.36622179e-01 7.57324100e-02 -9.31782722e-02
    6.73811138e-01 6.79204464e-01 -5.89279711e-01 6.53234780e-01
    3.30695093e-01 7.71874666e-01 1.63537383e-01 -5.00783861e-01
    1.85413957e+00 1.77108693e+00 1.37745190e+00 4.78944778e-01
    3.61557722e-01 -1.93361580e-01 1.04908538e+00 1.48601210e+00
    4.95607316e-01 1.52994847e+00 1.13721430e+00 1.13028622e+00
    -5.84352612e-02 6.32432103e-02 1.04914951e+00 1.62679589e+00
    1.17802227e+00 1.54382527e+00 9.88425314e-01 -4.31222618e-01
    -4.74049389e-01 7.38888741e-01 -2.64194250e-01 1.59983444e+00
    5.60058653e-01 -2.97010720e-01 7.42330253e-01 1.13196564e+00
    7.44128764e-01 6.03489041e-01 -7.20456243e-01 -3.61257464e-01
    1.10369182e+00 5.79149723e-02 1.32726800e+00 4.04351950e-03
    -1.47127211e-01 8.01613212e-01 1.29124594e+00 1.55136776e+00
    1.16629457e+00 1.22029853e+00 7.08265662e-01 1.47557592e+00
    1.37091994e+00 1.44904971e+00 2.31423080e-01 -5.24450302e-01
    -6.50469542e-01 1.16942930e+00 -9.43426490e-02 7.70934224e-01
    4.71467435e-01 8.17411840e-01 -4.72429156e-01 5.28454900e-01
    1.63012671e+00 5.33386469e-02 8.70882034e-01 -1.99627221e-01
    1.02679706e+00 5.64966083e-01 8.92681956e-01 1.43958664e+00
    -5.59711397e-01 1.62149394e+00 1.04545176e+00 1.08477223e+00
    -2.37945676e-01 1.03176296e+00 1.73658836e+00 6.28758609e-01
    1.43347740e+00 -5.61599016e-01 7.97092140e-01 1.65624738e+00
    7.35417485e-01 -6.90126061e-01 5.26414454e-01 8.54997754e-01
    8.26923668e-01 1.03216064e+00 6.76187873e-01 1.84930396e+00
    1.14241767e+00 -5.02997518e-01 -3.31098914e-01 1.40381408e+00
    -8.68134499e-02 6.18512928e-01 1.25986791e+00 1.12351930e+00
    1.46535683e+00 -2.54005134e-01 -3.71762186e-01 1.73034561e+00
    8.73354375e-01 4.83422637e-01 4.40211058e-01 -4.25141037e-01
    -6.25101686e-01 1.71796954e+00 1.59635711e+00 -3.05887550e-01
    -1.76297247e-01 7.93950319e-01 -6.44982457e-01 1.74771738e+00
    1.63108480e+00 1.27967715e+00 8.01340997e-01 1.49744201e+00
    1.50260162e+00 1.49738216e+00 1.07872415e+00 1.02382553e+00
    6.68054163e-01 -3.50673318e-01 1.58098698e+00 1.88717663e-01
    1.84550452e+00 1.20063496e+00 1.53737545e+00 6.76127315e-01
    1.83686614e+00 9.30195630e-01 1.08632481e+00 1.91938078e+00
    3.85952890e-01 1.15396857e-01 9.40245569e-01 1.76134634e+00
    8.57958198e-02 1.13134813e+00 -6.66712523e-02 -6.45723760e-01
    -3.43204319e-01 -4.11049098e-01 1.18704557e+00 -4.63208556e-02
    2.09231377e-01 -3.23769897e-01 1.88110113e+00 -1.92286909e-01
    -4.22866136e-01 1.69204760e+00 4.12592411e-01 1.87719655e+00
    1.46242321e-01 6.52537346e-02 1.04449344e+00 1.30335951e+00
    -4.83431876e-01 -3.63159806e-01 1.60034418e-01 8.92731965e-01
    3.02528381e-01 5.84860682e-01 -1.04262829e-02 -6.58456326e-01
    1.26161635e-01 1.31179929e-01 -3.65296364e-01 8.46324384e-01
    -5.06588697e-01 -5.08844018e-01 1.90754652e+00 6.87763572e-01
    1.48494613e+00 1.57084608e+00 -3.67261142e-01 8.80829930e-01
    -3.76174450e-01 -7.03755617e-01 1.53046465e+00 1.79099560e+00
    7.97734380e-01 1.77707815e+00 8.35880697e-01 -4.57851291e-01
    3.17704678e-02 4.49383855e-01 5.25121272e-01 1.10461569e+00
    1.24099970e+00 5.81743598e-01 5.18770814e-01 1.58331704e+00
    4.90284085e-01 1.36131620e+00 -2.51785040e-01 1.84042978e+00
    -3.04041505e-01 1.06046844e+00 1.29575062e+00 1.83352363e+00
    1.38464212e-01 1.12200141e+00 8.11511636e-01 1.76111054e+00
    1.06260729e+00 1.84988356e+00 1.47714949e+00 -3.10560048e-01
    -3.84431481e-01 4.23297107e-01 1.57030249e+00 1.96211934e-01
    -6.69166625e-01 1.69377565e-01 1.30289221e+00 -5.88373542e-02
    5.50764441e-01 1.00404072e+00 1.89307642e+00 1.31929064e+00
    -8.06361437e-03 5.99881351e-01 1.31484282e+00 2.06926465e+00
    1.37353063e+00 1.11700308e+00 1.94147468e-01 7.58016765e-01
    8.11460853e-01 -2.09429920e-01 1.00161839e+00 9.02580857e-01
    1.50832391e+00 4.33586061e-01 5.03640354e-01 8.14043462e-01
    1.85011268e+00 1.60929286e+00 1.38033545e+00 1.82724547e+00
    7.19416976e-01 -5.38885653e-01 1.02795267e+00 1.00534201e+00
    1.20239663e+00 -1.46481156e-01 1.42890120e+00 1.64566708e+00
    -3.02786022e-01 3.02108109e-01 2.43594766e-01 -1.13461077e-01
    -4.66162413e-01 1.21505237e+00 3.94949317e-02 -6.57332182e-01
    2.90062785e-01 6.94073081e-01 1.00311244e+00 5.07768512e-01
    8.37730348e-01 1.08733964e+00 8.15448761e-02 -5.88173270e-01
    1.64641964e+00 -5.88098943e-01 -1.43603265e-01 3.38086545e-01
    -1.79580927e-01 7.59105504e-01 -4.43243921e-01 1.39782596e+00
    5.81666172e-01 1.38882446e+00 3.66827428e-01 1.37085319e-01
    1.70034456e+00 -5.45099199e-01 6.97659910e-01 -4.65407878e-01
    5.14508307e-01 5.75646162e-01 1.50629640e+00 1.73553228e-02
    1.57507300e+00 1.82975221e+00 -7.02177584e-01 1.22333670e+00
    -4.30409342e-01 3.45545888e-01 1.55441058e+00 3.65433514e-01
    1.35524511e-01 1.23502088e+00 1.25657558e+00 -5.87344170e-01
    1.27249360e+00 -2.76965320e-01 1.78489697e+00 1.50588930e-01
    8.29788625e-01 7.61786163e-01 2.07834661e-01 9.87508476e-01
    5.86666465e-02 8.76736224e-01 1.05303669e+00 -2.81751633e-01
    -5.21725476e-01 4.50962782e-02 5.41284740e-01 2.99358547e-01
    8.95381868e-01 1.45167530e+00 1.16364908e+00 1.37588215e+00
    6.61035240e-01 1.54671574e+00 -6.44643247e-01 -4.89626110e-01
    -1.35621667e-01 3.97898436e-01 1.79940796e+00 -5.92580140e-01
    1.30670476e+00 -2.21275032e-01 6.91751063e-01 4.22521234e-01
    7.72034287e-01 -7.25226641e-01 2.73466766e-01 1.12319171e-01
    -3.59519035e-01 4.91212726e-01 -2.56637096e-01 1.77427840e+00
    1.25054622e+00 1.78528047e+00 7.75478721e-01 -5.38230181e-01
    6.30250573e-01 -7.39520490e-01 9.24899340e-01 1.61496592e+00
    1.38315511e+00 1.26960182e+00 -4.98363376e-02 1.89338028e-01
    6.74963832e-01 4.12105203e-01 1.84831500e+00 4.03685570e-02
    1.80446792e+00 3.29339504e-03 1.11914265e+00 5.87804675e-01
    1.38361442e+00 1.52314758e+00 -3.00553739e-01 1.47461963e+00
    1.60145593e+00 6.27084017e-01 -4.09368128e-01 -7.66471088e-01
    1.03524685e-01 7.92462349e-01 8.56036007e-01 1.25938058e+00
    1.39012623e+00 1.53788030e-01 -5.85400403e-01 1.83017206e+00
    1.84621990e-01 1.09574568e+00 1.27143562e-01 1.50085807e+00
    4.96818662e-01 1.24217033e+00 -2.34848261e-02 8.27981949e-01
    4.32865798e-01 3.69725406e-01 5.17799139e-01 -7.97832012e-03
    1.77531183e+00 1.75720119e+00 -6.99940324e-02 4.54388857e-02
    -5.38143516e-01 1.93077981e-01 3.56258035e-01 1.21173775e+00
    9.79361176e-01 1.09556580e+00 1.26563716e+00 3.97183299e-01
    1.32554340e+00 2.48243630e-01 1.39432836e+00 -1.10820234e-01
    -5.37081838e-01 1.44075572e+00 -4.96710300e-01 1.82097077e+00
    1.05793655e+00 5.45430124e-01 -5.38206816e-01 8.47801447e-01
    -1.88339055e-01 1.63886905e+00 -7.42614567e-01 1.21137786e+00
    9.89614129e-02 1.24334455e+00 9.10929620e-01 5.33057570e-01
    4.12338376e-02 1.24057531e-01 1.50075674e+00 5.86212933e-01
    9.15861964e-01 1.40300560e+00 1.24526668e+00 -7.07006514e-01
    4.01666224e-01 1.19818926e+00 1.74027801e+00 -1.13601327e-01
    -3.45546424e-01 5.90554535e-01 8.27867746e-01 -5.33252716e-01
    -3.22662085e-01 -3.27032357e-01 -7.24158525e-01 -3.24492544e-01
    1.36369467e-01 9.46004093e-01 1.61713457e+00 8.88685584e-01
    6.82261169e-01 1.58166075e+00 4.74002957e-02 -6.52276814e-01
    -6.59692705e-01 7.77996182e-01 1.42110884e-01 8.85621369e-01
    1.04010546e+00 -4.67483580e-01 5.40551424e-01 1.32024789e+00
    1.49805367e+00 1.01353168e+00 2.24959970e-01 3.44152331e-01
    -6.47592425e-01 6.05851769e-01 1.32264376e+00 8.09018612e-02
    4.36524570e-01 8.97958279e-02 -3.08473557e-01 8.97041023e-01
    -4.96241391e-01 -2.45681643e-01 1.44278228e-01 -7.56544471e-01
    1.74535632e+00 1.36747754e+00 1.71644151e-01 -2.37013459e-01
    -1.94448650e-01 -4.81676191e-01 3.20769250e-01 1.71782315e+00
    1.74552834e+00 2.12803721e+00 1.49317396e+00 1.58607030e+00
    -4.03234392e-01 -4.94706988e-01 1.41858995e-01 1.51055574e-01
    -6.09442830e-01 -5.89074552e-01 3.75293255e-01 6.65609121e-01
    -3.29671711e-01 -4.29120749e-01 7.02085316e-01 -7.26922035e-01
    -7.24620402e-01 1.57984304e+00 1.34724498e+00 6.98504150e-01
    -3.63853723e-01 -7.24452734e-03 -4.26776528e-01 1.68510699e+00
    1.53076887e+00 -2.10267842e-01 4.94125247e-01 -6.10831261e-01
    1.76065075e+00 1.63305640e-01 9.93556798e-01 2.62416005e-01
    1.09999990e+00 -4.41388607e-01 2.84236073e-01 1.14925289e+00
    -9.71831083e-02 1.41763353e+00 -6.94191575e-01 -5.31962633e-01
    1.09007823e+00 1.53614616e+00 1.52478909e+00 -2.36584067e-01
    6.18863344e-01 1.17656279e+00 1.59725785e+00 9.09826875e-01
    1.49462187e+00 -7.91089296e-01 -5.32306671e-01 7.23342299e-02
    -6.74692988e-02 1.55511689e+00 8.84825766e-01 1.69767654e+00
    5.53988338e-01 9.00291979e-01 1.70081091e+00 -7.43417978e-01
    -7.23979533e-01 1.49436891e-01 1.44291568e+00 9.90591884e-01
    1.65031695e+00 5.70278525e-01 -5.80980420e-01 5.38691521e-01
    1.36245346e+00 -4.15733784e-01 -7.96835661e-01 -1.91676676e-01
    -5.24614334e-01 1.46335912e+00 1.45514703e+00 -8.54357004e-01
    5.35525918e-01 6.10870183e-01 8.16184640e-01 1.54343224e+00
    1.68327689e+00 -5.40997505e-01 5.60071349e-01 -1.16724670e-01
    -8.35027277e-01 -4.54180330e-01 6.85855150e-02 -4.72980082e-01
    7.73907661e-01 1.33436799e+00 -1.47178352e-01 3.34682643e-01
    -7.21585393e-01 1.62480927e+00 3.09733331e-01 3.31695557e-01
    1.02512169e+00 8.24399889e-01 1.41989708e+00 -2.00261533e-01
    2.48473287e-02 1.43486261e+00 -7.34956324e-01 1.48076117e+00
    -6.32960618e-01 1.37473214e+00 1.39877415e+00 -8.84003639e-02
    -7.33886063e-01 -8.06028068e-01 -4.68209982e-01 9.01990235e-01
    1.32496858e+00 -6.25549614e-01 -2.76143193e-01 3.29197049e-02
    3.22734952e-01 -1.75833046e-01 5.30610681e-02 -2.58303821e-01
    1.77634656e-01 -5.90376675e-01 2.21064866e-01 -7.61369646e-01
    1.09498394e+00 1.36001754e+00 3.23887050e-01 6.88676834e-01
    -6.79902256e-01 1.60831332e-01 5.28452992e-02 -2.14144707e-01
    1.15528762e+00 1.31233644e+00 1.52633131e+00 5.17787695e-01
    -7.89357305e-01 1.73450589e-01 1.59600818e+00 1.50630057e+00
    1.10161614e+00 2.25999653e-01 -8.51359189e-01 -5.88726044e-01
    9.53493595e-01 -4.45994735e-02 1.34865916e+00 1.47157764e+00
    1.74173403e+00 1.73311448e+00 1.75146556e+00 9.56335068e-02
    -4.87500876e-01 -1.68882608e-01 -1.39354110e-01 -2.99629688e-01
    1.22028208e+00 1.78592694e+00 9.88977671e-01 -1.75861299e-01
    1.12151694e+00 -9.71287489e-03 9.12044704e-01 7.88513958e-01
    9.97406840e-01 3.61599565e-01 8.47967863e-02 -2.23999202e-01
    6.18322313e-01 3.24140608e-01 -6.19312286e-01 8.13789666e-01
    5.43169081e-01 1.35691428e+00 2.48832524e-01 -5.03224134e-01
    9.04571772e-01 7.22420990e-01 2.75569260e-01 1.81151879e+00
    -4.45346147e-01 4.86705303e-02 -4.39629555e-02 -8.20959210e-02
    -3.74917954e-01 1.27126396e+00 1.48057508e+00 1.72789919e+00
    -6.04025543e-01 -3.54208112e-01 1.71964145e+00 -1.97490990e-01
    -2.06235647e-02 1.73444641e+00 9.69349742e-01 1.11840856e+00
    -4.93419766e-01 -3.58094424e-01 1.76755095e+00 1.38675642e+00
    -5.78574300e-01 7.69168139e-01 -4.73358482e-01 -6.53445125e-01
    -3.50525051e-01 -3.15142334e-01 6.72706723e-01 4.21913564e-01
    9.09450114e-01 1.22149611e+00 1.58894849e+00 1.74989569e+00
    6.40007615e-01 -3.78295779e-02 1.38372850e+00 4.05638814e-01
    1.46332765e+00 1.28385401e+00 -5.19188583e-01 9.74917471e-01
    1.85848176e-01 2.61895537e-01 2.32953072e-01 1.53735304e+00
    6.44802451e-02 1.26286960e+00 5.58462441e-01 1.11941695e+00
    -1.33484066e-01 1.74651611e+00 -3.89661789e-02 -4.15315479e-01
    -7.21353650e-01 1.30143356e+00 2.99963355e-01 4.25260425e-01
    -3.16583931e-01 1.14592314e+00 1.51139903e+00 1.51558208e+00
    1.71746135e+00 9.21020567e-01 8.52070451e-02 5.34672320e-01
    3.15194905e-01 -6.34497941e-01 6.03625119e-01 1.56659555e+00
    2.17859566e-01 8.11550021e-01 -3.87195289e-01 1.92809439e+00
    5.52013099e-01 5.63421071e-01 9.43145752e-02 1.65419960e+00
    9.11995888e-01 4.45614517e-01 1.42908978e+00 -9.24852788e-02
    5.27171671e-01 -1.65826946e-01 5.16025662e-01 -6.09236598e-01
    -8.18683505e-02 1.11328340e+00 4.50177908e-01 -6.25733614e-01
    2.58533120e-01 9.53090012e-01 3.55439782e-02 -5.53926349e-01
    -2.85674572e-01 1.26168275e+00 -4.77604836e-01 -8.07505906e-01
    1.32342398e+00 -6.55542135e-01 7.70128131e-01 6.69044077e-01
    1.80877256e+00 1.44341183e+00 -1.62089229e-01 5.46837330e-01
    8.27740908e-01 3.18945229e-01 -7.30127811e-01 -1.97615623e-01
    4.79387879e-01 8.40232372e-01 1.23465240e+00 1.69552445e+00
    1.74031532e+00 1.20976925e+00 1.53466296e+00 6.96880162e-01
    8.87801588e-01 1.04328871e+00 1.10133076e+00 4.17311072e-01
    1.43822432e-02 2.46875525e-01 1.07139993e+00 6.57107413e-01
    4.59257543e-01 -8.79985094e-03 6.58045411e-02 1.24124956e+00
    3.78763855e-01 5.51505685e-02 -1.27582014e-01 -1.87531233e-01
    2.53939629e-01 -7.47330189e-01 1.46072352e+00 2.46807933e-02
    -9.91046429e-03 -2.09909081e-02 -6.25820696e-01 7.84896374e-01
    8.74728322e-01 -1.34631872e-01 -2.27830172e-01 -5.86059928e-01
    -1.63341582e-01 9.73751426e-01 1.05610907e+00 1.40808296e+00
    1.63161755e+00 -8.05963159e-01 1.42561972e+00 1.21068084e+00
    1.45818257e+00 -6.17969036e-01 1.74743235e-01 1.24879241e-01
    -1.82646871e-01 6.29222095e-01 6.10248148e-01 1.59958708e+00
    1.58928752e+00 -6.17358863e-01 -5.25937498e-01 -2.21900880e-01
    -2.53536701e-02 1.12594652e+00 5.75767815e-01 1.08117878e-01
    1.67131782e+00 1.48555446e+00 7.38225222e-01 2.33049989e-01
    6.49096847e-01 1.27428818e+00 1.37496114e+00 5.74652791e-01
    2.69243777e-01 4.12390947e-01 2.19181240e-01 2.36183345e-01
    -4.48269069e-01 -7.36920595e-01 3.40515554e-01 1.32398653e+00
    1.42281234e-01 1.33891630e+00 -1.67661905e-02 1.67431724e+00
    5.52284896e-01 -4.56272453e-01 1.29307008e+00 -1.39412284e-01
    1.68855250e+00 2.85540521e-01 1.80186450e-01 1.58050442e+00
    2.32199132e-01 4.38294053e-01 1.30206609e+00 1.39184749e+00
    3.55369449e-01 -2.11132467e-01 1.69188964e+00 5.25108099e-01
    -7.42091119e-01 1.32382083e+00 1.76946545e+00 2.60331631e-01
    1.44016290e+00 1.31010473e-01 1.39882123e+00 1.66956663e+00
    1.21557307e+00 6.00915730e-01 9.69735861e-01 4.32134986e-01
    -3.09971750e-01 5.73496342e-01 2.80540526e-01 5.17396569e-01
    1.51696515e+00 1.56459880e+00 1.41239429e+00 8.84887755e-01
    -1.18905306e-02 3.77407193e-01 -2.12007821e-01 8.30791175e-01
    -6.92427218e-01 1.38751101e+00 1.39736533e+00 -4.35458064e-01
    1.48916256e+00 1.59187579e+00 -4.04403836e-01 -2.03532994e-01
    4.84402359e-01 5.24502516e-01 4.77785945e-01 1.70597959e+00
    7.15462863e-01 2.75582790e-01 -6.53044164e-01 1.74554944e-01
    1.27741361e+00 1.16235423e+00 3.82757545e-01 -2.74856687e-02
    1.51174963e-01 1.33585715e+00 2.29399681e-01 4.60877478e-01
    -1.43515885e-01 1.45998716e+00 -4.05109346e-01 1.15981340e+00
    9.48933780e-01 6.61094785e-02 1.66745877e+00 1.35348368e+00
    2.71018803e-01 9.74368751e-01 2.16214657e-01 8.47198129e-01
    5.93316913e-01 -4.48122889e-01 -3.47362846e-01 6.43381238e-01
    6.91468775e-01 -7.91825354e-01 -1.05557382e-01 1.68511748e+00
    -5.56538999e-01 1.35963500e+00 -2.44255483e-01 2.44999170e-01
    1.41305995e+00 1.07904077e+00 1.85502470e-01 -7.90218532e-01
    -3.78481776e-01 -7.63781786e-01 -7.83218920e-01 7.13833570e-01
    1.39781380e+00 1.52240574e-01 1.42290688e+00 4.13750291e-01
    1.74354804e+00 1.44266844e-01 1.29982829e+00 1.67892408e+00
    -7.72987902e-01 7.03997850e-01 -4.81969625e-01 1.04151607e+00
    1.05252409e+00 6.28423512e-01 1.64177680e+00 -1.51392698e-01
    4.71261621e-01 1.42066097e+00 1.32622433e+00 -6.33604884e-01
    1.48208344e+00 6.47579610e-01 1.02192497e+00 -3.00214946e-01
    8.13585520e-02 -2.83889771e-02 -9.64017510e-02 1.21267366e+00
    -4.16321605e-01 -4.57572341e-02 1.63747168e+00 1.66168392e-01
    7.95788109e-01 9.70804691e-01 8.79869521e-01 5.53570509e-01
    1.46982431e+00 3.79427910e-01 5.33087552e-01 1.07941198e+00
    1.36269605e+00 -2.47709274e-01 5.25742352e-01 6.95059896e-01
    1.88812900e+00 5.94894946e-01 -3.74962568e-01 2.49470323e-01
    1.28284550e+00 5.23878336e-01 1.48114169e+00 -4.78219748e-01
    9.25646603e-01 -4.69260842e-01 1.93566918e-01 -1.47320628e-02
    1.40366840e+00 2.27508426e-01 8.54623079e-01 1.63592052e+00
    1.27545714e-01 -2.51245975e-01 1.68260908e+00 1.40013433e+00
    -5.89237511e-01 7.34550118e-01 -2.16684103e-01 1.03318143e+00
    -6.80246115e-01 -3.83011192e-01 -7.82408357e-01 -7.23242402e-01
    1.44238102e+00 9.13701892e-01 2.66381800e-01 -1.34955168e-01
    1.28757954e-01 1.45458984e+00 4.48202491e-01 5.90146005e-01
    5.18227518e-01 -5.93807697e-02 1.05637121e+00 4.64701653e-01
    1.48454583e+00 -2.57297873e-01 7.15401471e-01 1.36514926e+00
    1.29924142e+00 -2.18168616e-01 3.36025774e-01 1.56724977e+00
    9.84243035e-01 6.44887507e-01 6.61455095e-01 -3.77183616e-01
    1.03428948e+00 1.43511879e+00 1.57326949e+00 7.33528495e-01
    1.67190683e+00 4.50708091e-01 1.22408700e+00 -5.98423183e-01
    1.79470110e+00 -6.14365935e-02 1.43525481e-01 1.00748992e+00
    1.32943344e+00 -4.77713376e-01 7.90994167e-02 1.08231676e+00
    -1.21190906e-01 1.06385875e+00 9.57040012e-01 -2.74263918e-01
    -3.79466981e-01 5.09287357e-01 7.13775158e-01 1.04420853e+00
    5.39930582e-01 -4.42850590e-03 1.29047585e+00 -5.35811901e-01
    -3.87608260e-01 2.57733524e-01 -4.70339924e-01 1.07514668e+00
    -7.25776553e-02 -1.56107068e-01 -5.47220945e-01 1.45563996e+00
    -3.05962026e-01 -3.38454664e-01 -2.51894474e-01 1.18871212e+00
    1.73299778e+00 1.32842910e+00 4.52084720e-01 1.23142242e+00
    1.16683245e+00 -6.39684319e-01 6.38668537e-01 1.71612120e+00
    -5.97488880e-01 -2.02951431e-02 1.44575512e+00 1.10072947e+00
    -5.12975097e-01 1.21235061e+00 1.25904107e+00 1.19819379e+00
    -2.64378905e-01 1.41075611e+00 -7.02106535e-01 -6.47779286e-01
    -3.83400172e-01 9.00844872e-01 1.27288938e+00 -1.30672276e-01
    4.96723056e-02 5.95004737e-01 -2.72102803e-01 1.33940148e+00
    1.85571432e-01 8.51362944e-03 1.51434612e+00 -5.17666161e-01
    8.86071861e-01 1.34614348e+00 4.43331122e-01 -7.25382149e-01
    4.46535528e-01 6.63348436e-02 -2.83998311e-01 2.06387997e-01
    1.79325867e+00 -4.71626997e-01 -6.79014444e-01 -4.69729215e-01
    2.30485141e-01 1.58913016e+00 1.62369907e+00 6.02538705e-01
    -3.67142498e-01 8.26752126e-01 1.75088787e+00 6.75878704e-01
    -1.03730321e-01 3.44260395e-01 -6.02050722e-01 1.19371295e-01
    1.47244716e+00 4.54833746e-01 -2.84402490e-01 1.26899242e-01
    -7.55007863e-01 4.42117691e-01 -2.82059908e-01 3.77609134e-02
    8.20864439e-01 -3.69002730e-01 -3.93512994e-01 7.02641666e-01
    1.53285265e+00 9.18289781e-01 1.48788333e+00 -4.74794835e-01
    -7.66501486e-01 4.31136370e-01 1.12943041e+00 -4.47680593e-01
    1.51880670e+00 7.95675218e-01 8.58905494e-01 2.40026712e-02
    6.35501564e-01 4.56380427e-01 2.39491284e-01 -5.92888117e-01
    4.44256783e-01 4.52570200e-01 8.70915473e-01 -6.54259980e-01
    2.95031965e-01 -3.16646129e-01 1.76460218e+00 1.75038862e+00
    7.19508171e-01 1.24357331e+00 7.08809853e-01 -4.00001436e-01
    6.79197967e-01 1.61889935e+00 7.82882869e-01 1.24507260e+00
    -3.51167917e-01 -4.71883416e-01 9.75366235e-01 -7.68547595e-01
    -5.45090079e-01 -1.05058551e-01 5.08181751e-01 2.25678682e-01
    1.03627920e+00 1.77957642e+00 8.56563807e-01 1.14696145e+00
    -5.16645730e-01 2.77080655e-01 1.00136065e+00 1.80416179e+00
    1.08712912e+00 1.64262152e+00 -2.74401307e-02 1.42530274e+00
    8.79198074e-01 4.40852702e-01 1.09356713e+00 8.64292622e-01
    7.12788224e-01 -5.27396202e-02 5.61629593e-01 1.36978078e+00
    6.37473881e-01 1.74692082e+00 -7.13479102e-01 -2.10452139e-01
    -6.59190118e-01 -5.52396059e-01 -6.82216346e-01 1.46398282e+00
    1.70422888e+00 4.93998706e-01 -3.74247879e-01 -5.76376498e-01
    6.07860863e-01 4.52321231e-01 3.28967273e-01 1.25013554e+00
    7.61260688e-01 1.48726988e+00 8.92675996e-01 -6.77431226e-01
    1.30506933e-01 1.13500357e-02 -1.06164455e-01 1.51505828e+00
    1.64180636e-01 6.02250695e-01 6.61942363e-02 8.13927233e-01
    1.00434887e+00 -7.30444729e-01 4.87614453e-01 8.62062395e-01
    1.61494184e+00 9.98627841e-01 1.09059596e+00 1.15278184e+00
    3.69536698e-01 1.14260781e+00 -4.85268444e-01 1.93350005e+00
    3.64417672e-01 6.26751065e-01 3.31966579e-01 2.10500240e-01
    3.45316529e-01 7.28026032e-02 1.13625586e+00 1.42823040e+00
    -5.23739338e-01 2.58263826e-01 3.21306169e-01 1.14961946e+00
    9.42427516e-02 -3.50514263e-01 -4.83275175e-01 -1.27599835e-01
    -8.34781528e-02 1.78342175e+00 1.52927160e+00 -1.36332631e-01
    6.05472088e-01 1.34306109e+00 -1.79624438e-01 8.42483282e-01
    7.47987270e-01 6.74736261e-01 1.67089021e+00 4.33741212e-02
    -1.95241213e-01 1.07949877e+00 1.53533554e+00 2.19675362e-01
    1.75488663e+00 -5.79847336e-01 -3.67177933e-01 1.18989825e+00
    6.39503956e-01 1.72848988e+00 1.13388765e+00 -1.80519998e-01
    6.21701479e-02 1.47658479e+00 1.09208095e+00 1.62302971e-01
    7.93042004e-01 -3.52834940e-01 1.58966589e+00 -4.20016259e-01
    3.23322177e-01 1.72957397e+00 7.91564286e-01 7.53450215e-01
    1.68592501e+00 1.31513584e+00 2.42845416e-01 -1.83740854e-02
    1.17142022e-01 -2.11322248e-01 1.13137090e+00 -1.89764917e-01
    4.28619564e-01 5.20238042e-01 1.16473389e+00 6.27775013e-01
    -2.11007297e-01 1.51135397e+00 -5.04773855e-02 5.30880332e-01
    5.52354634e-01 1.05299950e-02 2.96742320e-01 2.24515021e-01
    3.43419313e-01 1.44396448e+00 4.66618598e-01 2.15135455e-01
    1.67803073e+00 1.56339288e+00 1.61500835e+00 7.39939988e-01
    -2.90376842e-01 1.21623278e+00 7.29801357e-01 2.99649239e-01
    -2.92418003e-01 6.65419579e-01 -2.22192287e-01 1.59806252e+00
    1.66191244e+00 -6.89317584e-02 1.43141723e+00 9.66554165e-01
    1.25247598e+00 1.32833993e+00 8.28089118e-02 2.94010520e-01
    -4.19763923e-02 -2.37144709e-01 7.57230163e-01 4.31576192e-01
    -1.23498380e-01 1.72721136e+00 1.33425558e+00 1.51410651e+00
    1.72480583e+00 9.47463572e-01 4.47987914e-01 1.58498764e+00
    1.01062119e-01 -6.70110047e-01 2.83363283e-01 1.37664914e+00
    1.59757090e+00 4.79599118e-01 -5.86811900e-01 -4.51091260e-01
    1.21009636e+00 -1.28438592e-01 1.26584625e+00 1.10240197e+00
    -7.47244358e-02 -5.53560078e-01 1.65789163e+00 1.80929899e-02
    1.13275814e+00 6.73392236e-01 7.99521208e-02 -1.69757664e-01
    1.37019873e+00 1.12084007e+00 1.58207369e+00 -2.53125370e-01
    8.99554491e-01 -5.01573622e-01 9.50165272e-01 -5.88842869e-01
    1.02361488e+00 1.61414206e+00 -2.90318727e-02 -8.14152002e-01
    1.39172304e+00 9.96262193e-01 1.65040040e+00 1.27868855e+00
    2.28773713e-01 1.21283197e+00 -7.38968611e-01 7.80262411e-01
    1.36800098e+00 1.64577389e+00 -2.22832859e-01 -4.01019365e-01
    1.35797679e+00 6.05447531e-01 1.49604082e-01 4.00208116e-01
    -5.01128435e-01 -6.26253903e-01 1.46476364e+00 -4.95600879e-01
    -7.35428452e-01 3.91006470e-01 1.37331259e+00 8.24303210e-01
    1.58262694e+00 -2.15478718e-01 1.41927993e+00 3.96518767e-01
    1.83023870e+00 -6.15942121e-01 4.30353403e-01 1.37072504e-01
    8.11899483e-01 5.82729876e-01 -4.83281612e-01 4.18574810e-02
    -6.46437228e-01 1.06206107e+00 -4.45613891e-01 -1.58003926e-01
    6.71482861e-01 -2.54907131e-01 2.33258724e-01 3.33146513e-01
    1.21831882e+00 8.85874987e-01 -5.96371710e-01 1.73306394e+00
    -4.05555218e-01 1.27136970e+00 4.78047132e-01 -1.51798904e-01
    1.43938375e+00 -3.15999478e-01 1.33703351e+00 5.23614287e-01
    9.83705461e-01 8.72092247e-02 5.22829413e-01 -4.58571017e-01
    7.51186669e-01 1.37320662e+00 3.49426687e-01 2.95235634e-01
    1.04954946e+00 -2.94182241e-01 8.49426746e-01 3.56668949e-01
    -3.61388177e-01 -6.00203395e-01 -1.80922568e-01 1.92597151e-01
    1.47975826e+00 -3.34788829e-01 -1.75937831e-01 1.78884411e+00
    -3.30807775e-01 1.74146879e+00 -2.75236607e-01 8.01377177e-01
    8.28787267e-01 3.71524096e-01 9.09740150e-01 1.47322297e+00
    9.62436080e-01 1.08256102e+00 6.63764775e-01 7.19343960e-01
    -6.08169734e-01 1.07343125e+00 9.83009696e-01 1.04055786e+00
    -5.19053578e-01 1.53311849e-01 -7.06290007e-01 1.61784518e+00
    1.24395990e+00 6.83880389e-01 1.65561652e+00 -3.54657471e-01
    4.16105747e-01 -1.57239258e-01 1.19871652e+00 5.68688810e-01
    1.57025218e+00 -8.81786525e-01 1.18812025e-01 -6.11659169e-01
    1.71077430e-01 8.98649275e-01 6.04394495e-01 5.06866336e-01
    -4.09854770e-01 1.23643470e+00 8.75347495e-01 9.70820248e-01
    1.74902022e+00 1.03626525e+00 3.98443609e-01 5.18276453e-01
    -3.65469068e-01 1.96878338e+00 1.24349141e+00 8.38530421e-01
    1.65858912e+00 1.18471050e+00 -4.65847880e-01 1.65737069e+00
    9.47701931e-01 -1.64828062e-01 3.81737947e-03 7.54413605e-02
    1.19550061e+00 9.41590846e-01 8.27861309e-01 -1.11824572e-01
    1.09977245e+00 4.94878054e-01 4.22219276e-01 -3.89147520e-01
    7.77714372e-01 1.03107083e+00 1.14612710e+00 -7.73874521e-02
    -1.75692320e-01 -7.71425366e-02 1.89186037e-01 1.51845169e+00
    5.57702959e-01 2.56432772e-01 8.59698415e-01 -3.47354054e-01
    9.62392926e-01 -2.22129524e-01 -4.47951704e-01 2.45533526e-01
    -6.68899715e-01 7.14132130e-01 1.33286715e+00 -8.45298052e-01
    4.39311862e-02 7.73886919e-01 -1.39213920e-01 1.26352251e+00
    9.69716311e-01 1.55869973e+00 -3.22127879e-01 7.73814678e-01
    1.49514890e+00 -1.07361019e-01 1.32716107e+00 -6.67391837e-01
    5.73473096e-01 -1.61053181e-01 2.80946553e-01 8.80873859e-01
    6.66337609e-02 -2.55266428e-01 3.63891900e-01 -4.11125630e-01
    -4.46782470e-01 2.37083375e-01 1.56587601e-01 -3.96412611e-02
    1.02972627e+00 9.40746963e-01 1.55302882e-01 1.66039729e+00
    4.79649127e-01 1.73870087e+00 -6.75223470e-01 4.54924703e-02
    8.85324597e-01 4.12842453e-01 -3.07519794e-01 5.34179628e-01
    1.71773696e+00 6.89072311e-01 1.25654089e+00 -8.01496506e-02
    -5.34394741e-01 5.74308574e-01 1.73129582e+00 1.86113298e-01
    1.53799474e-01 7.38955796e-01 2.22983658e-01 1.66625714e+00
    1.30117691e+00 2.50773609e-01 1.72313023e+00 1.41702020e+00
    1.53646517e+00 -4.05493140e-01 -8.21740031e-02 1.96199179e-01
    -4.95829999e-01 4.43293631e-01 1.01201439e+00 -7.49816597e-01
    9.87040579e-01 4.91481423e-02 -8.13063383e-02 7.58861721e-01
    1.12086296e+00 -3.52169871e-02 1.32045984e+00 -1.74093485e-01
    -5.16870856e-01 1.27920151e+00 1.03731084e+00 -3.45478177e-01
    1.00401235e+00 -7.68993258e-01 -6.59968436e-01 9.17959511e-01
    -3.48053008e-01 1.40350604e+00 7.15103745e-02 1.20765495e+00
    9.62615490e-01 1.31337166e+00 1.26379704e+00 -5.39455891e-01
    1.63314891e+00 8.94075453e-01 -2.15296149e-01 -1.13985062e-01
    4.70729232e-01 3.36606681e-01 1.04534793e+00 -3.83980542e-01
    5.30972958e-01 1.55846679e+00 1.51211882e+00 4.97159898e-01
    -2.58357584e-01 2.67080367e-01 1.67356849e-01 -2.88950562e-01
    1.25812674e+00 2.64437377e-01 -8.39709520e-01 1.49685144e-01
    3.34340334e-02 8.27741027e-02 1.69295549e+00 9.77253914e-03
    -7.85821259e-01 5.82753420e-01 1.63343430e+00 -3.46708894e-02
    -5.06103992e-01 -2.73640931e-01 3.25982034e-01 9.51857984e-01
    -1.82173848e-02 -6.79578543e-01 1.59597325e+00 5.79866111e-01
    7.46134639e-01 1.21043301e+00 1.36557460e+00 1.82553291e+00
    2.94315219e-01 8.09236407e-01 -1.46995127e-01 1.11997402e+00
    9.16155934e-01 -5.44694304e-01 -3.46258581e-01 1.51614881e+00
    -3.01553696e-01 1.90547824e-01 1.31270313e+00 1.73453093e+00
    1.37559509e+00 4.52694535e-01 -9.93450284e-02 6.81859195e-01
    8.81630778e-01 6.37387514e-01 1.66758823e+00 -2.46362805e-01
    1.62835789e+00 1.80881357e+00 8.98558378e-01 1.36487043e+00
    1.78748536e+00 -1.43594921e-01 6.39563322e-01 -2.31265426e-02
    1.99710846e-01 5.85425079e-01 1.20427155e+00 1.16726637e-01
    5.56190491e-01 8.30621898e-01 -6.74244881e-01 1.25151551e+00
    9.37876284e-01 -5.05427718e-01 1.77286685e-01 1.04638493e+00
    1.72788036e+00 -8.33414793e-02 4.35704648e-01 -2.64266074e-01
    8.46306741e-01 -3.60807478e-01 1.89581990e-01 -1.47332549e-02
    5.37063837e-01 4.28088903e-01 1.73502350e+00 1.78072453e+00
    1.08917975e+00 -3.42861742e-01 8.61010432e-01 6.40655160e-01
    -2.19155908e-01 9.38877046e-01 1.51241505e+00 6.64385557e-01
    5.26270747e-01 1.34657586e+00 5.86805463e-01 7.10179806e-02
    8.27267051e-01 -4.30428982e-03 6.17056072e-01 -7.32878149e-01
    -6.31066859e-01 1.48005033e+00 -4.64531183e-02 2.28704333e-01
    -5.68195581e-01 4.30773079e-01 -1.45221174e-01 1.68901348e+00
    1.54391170e-01 1.71038055e+00 9.96664405e-01 1.11952245e-01
    3.36486518e-01 7.29209840e-01 2.70027041e-01 1.55527854e+00
    -9.44123268e-02 5.56465447e-01 -4.89054292e-01 1.63656688e+00
    -3.33749264e-01 4.42125916e-01 1.14197385e+00 1.66555452e+00
    -3.18424523e-01 -5.36686420e-01 4.84259844e-01 1.30107915e+00
    3.47289026e-01 8.35788250e-02 7.62320101e-01 6.54771388e-01
    -1.84882581e-01 1.77886283e+00 -2.57391393e-01 -6.79242134e-01
    1.75200343e+00 1.47022915e+00 8.69295180e-01 1.00272346e+00
    3.46944153e-01 1.33721375e+00 1.74703109e+00 8.85514379e-01
    -7.90310562e-01 1.32710707e+00 1.70282102e+00 -6.37860894e-02
    1.78257406e-01 -2.01950967e-01 -3.62248927e-01 -3.75120252e-01
    4.84109521e-02 4.26155746e-01 7.44243383e-01 -6.00418091e-01
    1.63901043e+00 -7.40488231e-01 2.33205676e-01 -6.93046570e-01
    4.62635577e-01 -6.26047015e-01 -3.82553339e-02 5.46305180e-02
    1.64170802e+00 1.44903147e+00 -8.28677416e-02 1.13592839e+00
    1.02338493e-01 5.88285625e-01 1.07352078e+00 8.48489940e-01
    -1.26280308e-01 8.71639431e-01 1.76153684e+00 2.99329698e-01
    1.04939198e+00 3.86449039e-01 5.63865304e-02 -4.41408694e-01
    2.72704303e-01 -5.38279533e-01 1.55221725e+00 1.51578784e+00
    1.61291718e+00 9.16806817e-01 -6.75292373e-01 1.65700197e-01
    1.01404881e+00 1.33859372e+00 -4.88830388e-01 7.27715969e-01
    6.71957135e-02 1.31174922e+00 -3.31870735e-01 -4.94403809e-01
    1.23196959e+00 -1.85596168e-01 1.15333557e-01 1.15698195e+00
    1.66107976e+00 3.73254120e-01 8.33964288e-01 -6.27547264e-01
    9.28252935e-03 3.98068070e-01 9.75365818e-01 1.31171656e+00
    1.29701114e+00 1.39442527e+00 1.57033634e+00 1.75107169e+00
    -5.89315951e-01 1.19332290e+00 8.53850126e-01 8.60698164e-01
    1.31808305e+00 1.29254580e-01 5.95953822e-01 1.46386683e-01
    7.47051239e-02 -8.08672965e-01 -3.26001734e-01 1.33055556e+00
    4.51536596e-01 2.65675247e-01 -5.90627193e-01 -7.60363460e-01
    -2.67673194e-01 1.21709156e+00 1.03055739e+00 5.68096459e-01
    5.84812462e-01 1.82097149e+00 -2.34216690e-01 -2.12640166e-01
    -3.21289659e-01 4.93878424e-01 8.53186250e-01 1.77954888e+00
    1.68433785e-02 9.28838253e-02 -4.07601148e-01 1.12386823e+00
    1.54925025e+00 1.44597161e+00 -1.29294813e-01 3.71686220e-02
    -5.13046265e-01 1.70537376e+00 -4.98730451e-01 -7.61016428e-01
    1.04535747e+00 -9.00389552e-02 1.33198202e+00 8.34616303e-01
    1.30848765e+00 -7.78326213e-01 4.66704130e-01 2.47762799e-01
    7.18367815e-01 1.73154712e+00 9.79095340e-01 2.27292717e-01
    -3.01789045e-01 1.36112881e+00 -3.86720270e-01 7.32712746e-02
    -1.49366975e-01 8.35499704e-01 7.20783472e-01 -5.29327273e-01
    7.56133556e-01 4.73947346e-01 1.31355429e+00 1.64448225e+00
    2.09498584e-01 9.70797479e-01 5.29541373e-01 -4.39179540e-02
    8.37599277e-01 1.70114589e+00 1.51259065e-01 1.74554503e+00
    1.36451864e+00 -4.39137876e-01 1.72400773e-01 1.21104228e+00
    4.41373944e-01 7.61394680e-01 -5.14645576e-02 -2.53751218e-01
    4.43210959e-01 1.15591109e-01 -4.59081501e-01 2.79742301e-01
    1.24736285e+00 1.11679482e+00 -4.79269683e-01 -7.66940415e-01
    -7.82044768e-01 1.30082917e+00 1.79075956e+00 1.06616330e+00
    8.19392204e-02 3.26782346e-01 2.92896807e-01 -4.86499190e-01
    1.36309886e+00 -1.81337953e-01 -4.73573804e-02 7.61379898e-01
    1.31551242e+00 7.12184787e-01 -9.16442275e-02 1.26398396e+00
    1.54664564e+00 1.70057201e+00 -9.21089053e-02 1.54088378e+00
    1.63238704e+00 -3.12240392e-01 6.60061300e-01 1.26727498e+00
    -6.20046258e-02 1.08375990e+00 1.47607172e+00 3.91703784e-01
    1.48160076e+00 1.46417761e+00 2.29460478e-01 -6.84227109e-01
    3.43416214e-01 1.70739472e-01 -2.21222758e-01 1.71888816e+00
    1.18387496e+00 1.38374281e+00 9.05043483e-02 4.49717581e-01
    1.79656172e+00 1.60393453e+00 9.09099162e-01 3.34023237e-02
    4.36017752e-01 1.00304031e+00 2.81283557e-01 -2.76130438e-03
    -7.75148451e-01 -7.69116282e-01 1.54038858e+00 7.52177238e-01
    -5.71970344e-01 5.72679043e-01 -2.71329343e-01 4.36129868e-01
    -2.76072025e-01 6.42165840e-01 5.66055655e-01 5.03852129e-01
    5.14649153e-01 1.76415157e+00 9.30232823e-01 -1.70330465e-01
    1.36502075e+00 1.29891372e+00 1.14347088e+00 1.39451027e+00
    1.60286641e+00 -5.30767083e-01 1.00028193e+00 -4.56791371e-01
    -1.66929364e-02 1.41647136e+00 1.92485905e+00 1.59975147e+00
    -2.06554353e-01 -2.50746727e-01 5.34241438e-01 3.94721091e-01
    1.59117675e+00 1.31222606e-02 1.79882336e+00 -5.42447686e-01
    4.28384900e-01 1.30682564e+00 2.21430779e-01 1.50040126e+00
    -1.98675931e-01 2.96280086e-01 7.94265628e-01 -9.94945765e-02
    9.35172141e-01 -5.92473745e-01 1.30833721e+00 -1.97437882e-01
    1.50617409e+00 -6.65434420e-01 1.68559849e-01 -3.14257294e-01
    1.04313111e+00 -7.78784871e-01 1.58044910e+00 1.06406188e+00
    -4.35640931e-01 -1.59469724e-01 1.24126613e+00 -3.62114459e-01
    -1.32074535e-01 4.47255492e-01 2.18258560e-01 6.64353192e-01
    1.15930271e+00 1.09370971e+00 1.04129624e+00 -6.10339642e-02
    6.96585655e-01 3.97583961e-01 -1.35539234e-01 2.56829739e-01
    6.29632890e-01 1.27310395e+00 4.42622483e-01 -7.00592458e-01
    1.45455647e+00 1.31518233e+00 5.29963672e-01 -6.81736529e-01
    4.88986254e-01 5.22835374e-01 8.94159615e-01 -3.30464751e-01
    -3.53012294e-01 -2.14839458e-01 -5.16571462e-01 -6.63727045e-01
    -7.08882511e-01 1.11297107e+00 -1.78626895e-01 1.30666590e+00
    1.61167908e+00 1.03315401e+00 4.19048488e-01 -4.09191161e-01
    8.58189225e-01 4.47872162e-01 -7.25244105e-01 1.44900680e+00
    1.01935959e+00 -8.13169360e-01 -3.03587735e-01 2.16746509e-01
    1.36874151e+00 8.10356021e-01 1.57446206e-01 1.16500497e+00
    1.39280558e+00 1.60016060e+00 2.72077918e-02 7.07495034e-01
    1.32065272e+00 3.00053000e-01 5.46654463e-02 1.62811303e+00
    8.49108279e-01 8.09365511e-02 1.30955207e+00 -8.07695270e-01
    -2.29466259e-01 -4.69327688e-01 6.22918904e-01 1.45758772e+00
    -4.15855914e-01 -9.26997066e-02 6.02856278e-02 -5.52722573e-01
    8.51334035e-01 4.45277572e-01 1.66684008e+00 8.86082649e-01
    1.71199548e+00 -3.19972754e-01 -2.05221355e-01 -1.15230680e-01
    1.89223468e-01 8.26848745e-02 -3.73857677e-01 1.05077469e+00
    1.70530534e+00 7.86812782e-01 1.56229472e+00 1.29986703e+00
    1.80311131e+00 -3.11703831e-01 1.40249586e+00 1.94485664e-01
    1.11497736e+00 -2.42905378e-01 2.26677120e-01 6.04385674e-01
    -1.54996455e-01 5.87964058e-01 -6.68130755e-01 1.13159418e-01
    1.27046096e+00 -3.20963830e-01 1.72502279e-01 8.18610251e-01
    -5.69479704e-01 -7.61316359e-01 4.54356730e-01 1.65616024e+00
    2.23862588e-01 -1.56494081e-01 1.37789488e+00 -5.24052024e-01
    1.57574332e+00 1.63717365e+00 6.16869032e-01 1.34670651e+00
    9.11654353e-01 1.03150070e-01 1.69103694e+00 1.58093655e+00
    1.25746083e+00 1.24515641e+00 1.32700336e+00 5.83836555e-01
    5.98837078e-01 1.04093957e+00 2.44479477e-01 1.15539837e+00
    2.84070611e-01 -4.38593835e-01 -3.26263368e-01 -7.45587230e-01
    -6.31442785e-01 9.48808789e-02 -3.01125765e-01 -7.67909229e-01
    1.50769377e+00 -3.13402057e-01 6.76651299e-01 -4.83025014e-01
    2.91912615e-01 -2.87250370e-01 -5.79260886e-01 6.56417429e-01
    5.00902236e-01 1.85407567e+00 -1.25548720e-01 1.91560924e-01
    1.63702071e-01 9.94294167e-01 -1.52441740e-01 8.18505526e-01
    1.79103255e+00 2.42819130e-01 1.39826870e+00 7.50266075e-01
    4.66278195e-01 1.13593411e+00 4.29690957e-01 1.13093185e+00
    1.68804502e+00 -1.98568106e-02 1.56044269e+00 1.01981449e+00
    7.63800263e-01 8.54801536e-02 7.47489691e-01 1.31920624e+00
    -4.03162122e-01 -2.93230325e-01 5.58747470e-01 1.82352769e+00
    9.89733458e-01 2.91326225e-01 9.48094249e-01 1.47266555e+00
    7.73442984e-02 1.60213280e+00 -1.37470603e-01 -4.98124182e-01
    -5.29435754e-01 1.63390994e+00 -3.58742476e-03 7.69142091e-01
    5.93520939e-01 -4.68214542e-01 -7.26075172e-01 2.93069124e-01
    8.86986911e-01 -7.24402249e-01 1.09636760e+00 1.58389425e+00
    8.94883573e-01 1.44423783e-01 -5.50986528e-01 1.95983768e-01
    -5.14537096e-02 3.96510363e-01 -7.42164314e-01 -6.83508456e-01
    -6.83745861e-01 -5.25427461e-01 -6.68799818e-01 1.70181131e+00
    -5.68010628e-01 -1.44586742e-01 1.35685134e+00 -7.90311694e-01
    1.44705772e-02 9.35304582e-01 -5.83764553e-01 1.33091760e+00
    1.69233942e+00 -2.26234138e-01 3.41662586e-01 1.44938636e+00
    1.70461822e+00 1.46328044e+00 1.45292401e-01 -3.17305028e-01
    9.35400784e-01 -3.36801529e-01 -8.84736776e-02 7.94416785e-01
    6.45915270e-02 1.38399220e+00 5.62501252e-01 4.58861381e-01
    2.03544199e-02 -3.79954785e-01 -3.60183448e-01 4.00509238e-02
    5.83012104e-01 9.77990448e-01 7.56898284e-01 -7.22825527e-04
    1.47336614e+00 4.27687466e-01 -5.21447659e-02 3.49358022e-01
    -3.86431962e-01 9.37176347e-02 1.70739031e+00 1.17478263e+00
    2.12628186e-01 -7.02657521e-01 -1.36823177e-01 9.45187449e-01
    -3.88766617e-01 9.14783657e-01 1.09169638e+00 -6.91515267e-01
    -4.05030847e-02 7.64644980e-01 4.94130194e-01 5.66423237e-01
    4.04030383e-01 3.68395269e-01 -1.18466377e-01 -3.58492106e-01
    1.36753857e-01 -7.03717589e-01 6.92894399e-01 6.20025218e-01
    1.01427281e+00 1.60706210e+00 -4.34314609e-02 1.25431228e+00
    1.43084979e+00 1.01454985e+00 1.69219995e+00 1.17447495e+00
    6.78180218e-01 8.55476081e-01 1.03994823e+00 1.93887353e-02
    1.99401140e-01 7.31849670e-02 6.46132469e-01 9.01418805e-01
    -3.22500288e-01 -6.14222169e-01 8.21879029e-01 -1.54069483e-01
    1.21338081e+00 9.99143422e-01 3.35283279e-02 -8.44930410e-02
    -4.43742275e-02 4.12619114e-03 7.82278121e-01 1.74943924e+00
    7.52656519e-01 6.94397926e-01 6.14821851e-01 1.81409574e+00
    1.13919556e-01 1.61379302e+00 8.23587179e-01 -6.33388102e-01
    -8.48667622e-02 1.12113452e+00 1.27963543e+00 -4.31159973e-01
    1.76413631e+00 -2.89999187e-01 7.14437068e-01 1.73382139e+00
    3.68877709e-01 5.29920578e-01 4.75175500e-01 -4.82030869e-01
    4.48697686e-01 -6.81019902e-01 6.97233081e-01 1.42677903e+00
    4.42585409e-01 1.41407490e-01 1.72616720e+00 1.41659486e+00
    8.71756017e-01 1.26929545e+00 2.80677199e-01 8.20580721e-02
    -8.50239694e-01 1.73828793e+00 6.29953802e-01 -4.98629481e-01
    8.85812581e-01 1.45903182e+00 -6.17478669e-01 -6.08047366e-01
    9.78106678e-01 -1.78127766e-01 8.70101929e-01 1.15841389e-01
    1.25180089e+00 -7.04534173e-01 4.35317874e-01 8.40798020e-01
    1.21305966e+00 8.57335865e-01 -5.57138503e-01 -4.22666818e-01
    9.52130079e-01 1.34810376e+00 -5.73549569e-01 9.52821195e-01
    1.66196942e+00 1.45459223e+00 8.10804963e-01 -4.17443782e-01
    2.90699601e-02 1.34276533e+00 -7.13265836e-01 -5.55672765e-01
    -2.67278075e-01 1.38038158e-01 1.67297530e+00 2.24709511e-01
    1.68555343e+00 1.11247826e+00 9.73208964e-01 -3.83090436e-01
    9.97056961e-02 -5.15691638e-01 1.01009369e-01 1.73909998e+00
    -7.19823122e-01 1.12153172e+00 1.68840480e+00 9.16882157e-01
    1.54450989e+00 1.64291871e+00 5.23762524e-01 1.47373652e+00
    -5.66919684e-01 -2.07037151e-01 1.15495408e+00 1.31133199e+00
    -1.58905745e-01 -7.71098435e-01 5.53627312e-01 1.36744201e+00
    1.05761647e-01 -6.94223046e-02 9.60696340e-02 1.45246124e+00
    -4.31364149e-01 4.54127252e-01 1.10142899e+00 8.15429807e-01
    1.69481444e+00 -3.20251912e-01 5.63498139e-01 1.71718371e+00
    -7.25512266e-01 7.49153972e-01 1.19707048e-01 -5.22710443e-01
    -5.79069257e-01 -1.02670908e-01 -6.02018237e-02 -1.13847136e-01
    -4.64169234e-01 -6.68787956e-03 -6.69419408e-01 1.05497098e+00
    -5.92067361e-01 2.15745807e-01 1.39003944e+00 8.22751403e-01
    7.05550492e-01 -7.24063933e-01 1.69158864e+00 -4.97247010e-01
    1.25383663e+00 8.75782788e-01 3.65910053e-01 -6.43182278e-01
    -2.80681849e-01 -6.57743573e-01 5.26855409e-01 -1.05386972e-01
    8.24480772e-01 -5.35073757e-01 9.56980288e-01 -7.46870041e-03
    1.22658932e+00 -7.09904373e-01 1.34856796e+00 -2.02561617e-02
    1.04195666e+00 1.05015814e+00 -4.27265227e-01 8.81600320e-01
    1.47433758e+00 8.35809827e-01 -6.11804545e-01 -3.84189487e-02
    1.02638888e+00 -1.12156808e-01 1.44236183e+00 1.26593220e+00
    -7.13491559e-01 1.04602933e-01 -7.64327526e-01 8.74137938e-01
    -7.39161313e-01 6.28319323e-01 8.32153559e-01 1.02287531e+00
    3.16519380e-01 1.79137647e-01 -3.12813789e-01 9.47618484e-03
    4.74913418e-01 1.77045405e+00 -7.34151602e-02 3.19459736e-01
    -5.70849657e-01 1.46658337e+00 -5.91901660e-01 1.64220834e+00
    -3.86797816e-01 7.23684788e-01 1.47870612e+00 -8.18445146e-01
    -2.73705244e-01 6.51875138e-02 1.75769436e+00 1.61151862e+00
    3.10337365e-01 7.17687607e-03 1.25339031e+00 1.40477586e+00
    1.53849649e+00 -4.60723311e-01 1.83848143e-02 7.45441258e-01
    1.52908039e+00 1.89442754e+00 1.59460950e+00 1.73343670e+00
    -3.05325180e-01 -5.90446591e-02 1.17144895e+00 6.07073069e-01
    9.54244256e-01 1.84991157e+00 1.60728312e+00 3.89184594e-01
    7.43495822e-01 1.41053951e+00 5.53683579e-01 5.78995347e-01
    2.57554591e-01 1.46719360e+00 6.11201406e-01 9.61081445e-01
    1.06263447e+00 1.59815645e+00 1.30651724e+00 -7.23654926e-01
    -5.93249500e-01 4.86958563e-01 1.19487119e+00 1.36276364e+00
    1.41755784e+00 1.07866287e+00 1.50841808e+00 8.37719440e-01
    -2.16082633e-01 8.77248526e-01 -7.27022111e-01 4.21500802e-02
    1.13716364e+00 1.28366804e+00 9.05853450e-01 2.62653828e-01
    -9.42458510e-02 1.65690231e+00 1.70701289e+00 1.09578037e+00
    1.72781229e-01 -6.80174649e-01 1.23597431e+00 1.57283211e+00
    1.09303927e+00 1.22451198e+00 9.09060240e-01 1.71839809e+00
    -7.78928757e-01 1.15236461e+00 1.07717204e+00 -2.36702144e-01
    -3.16294551e-01 9.22037184e-01 8.62695277e-01 1.80033112e+00
    -5.28164685e-01 -5.66610098e-02 1.80670607e+00 -5.02920628e-01
    4.08832431e-02 1.08612323e+00 3.93964112e-01 -4.66673195e-01
    1.71551836e+00 1.41791463e+00 1.74245691e+00 -2.97608465e-01
    1.41475558e+00 7.51715243e-01 7.97322810e-01 1.49573469e+00
    1.20670104e+00 -2.67712951e-01 1.06839824e+00 6.18356824e-01
    -7.72975743e-01 4.47395682e-01 1.68512094e+00 3.00229907e-01
    -3.00906062e-01 -7.74156809e-01 6.64937496e-02 2.75194526e-01
    3.81089032e-01 5.15117168e-01 9.13920522e-01 5.87411463e-01
    2.69305348e-01 2.33336449e-01 -1.91332638e-01 -7.30235100e-01
    1.60711122e+00 -5.51605761e-01 1.04013801e-01 1.07478189e+00
    6.95439756e-01 3.17470133e-01 1.10285759e+00 1.13961351e+00
    5.04323721e-01 3.42218041e-01 8.76866639e-01 1.75107002e+00
    1.74601626e+00 9.43230569e-01 1.20081639e+00 2.64390469e-01
    -3.70526314e-02 9.34626520e-01 1.73966229e-01 7.35508025e-01
    -4.32853609e-01 2.43454039e-01 -2.89925635e-01 7.69669294e-01
    -2.40312576e-01 1.80973423e+00 2.88316011e-01 4.56248045e-01
    1.31363320e+00 -2.16929495e-01 7.73054361e-03 -6.14985347e-01
    5.64678967e-01 1.33512056e+00 5.74098706e-01 -5.99606037e-02
    1.10165119e+00 1.85770929e-01 7.72192895e-01 -4.96417046e-01
    1.76670027e+00 1.22053063e+00 4.31706965e-01 -1.61067545e-01
    -1.17548943e-01 -7.09027171e-01 8.80539417e-01 1.46376634e+00
    1.42963505e+00 1.50908732e+00 7.94460177e-02 -9.89903808e-02
    -2.32872367e-01 4.28092480e-02 1.61486173e+00 -6.90800607e-01
    1.60152829e+00 -3.47123206e-01 -7.76798129e-01 8.58858347e-01
    -1.67643547e-01 -7.39933431e-01 9.67537940e-01 -5.65701425e-01
    1.18671966e+00 7.70913899e-01 -9.20382142e-02 1.46710551e+00
    -4.41339582e-01 5.96607149e-01 7.99964726e-01 -3.56148392e-01
    8.79222035e-01 2.63380408e-02 5.54228842e-01 8.32878411e-01
    -7.15877593e-01 4.10357118e-01 -3.94282132e-01 -1.81793690e-01
    4.99351025e-01 -7.79730082e-02 1.15395713e+00 1.58442473e+00
    -1.14626825e-01 -1.56543016e-01 1.02785671e+00 -1.97760522e-01
    1.20030069e+00 -3.96398783e-01 1.60498524e+00 1.68471193e+00
    1.73541546e-01 3.78807068e-01 4.67334926e-01 -5.88063359e-01
    8.02289009e-01 -2.88418114e-01 1.32873654e+00 1.54789364e+00
    1.67346001e+00 9.45877314e-01 4.93134856e-01 -4.06742960e-01
    -7.10476220e-01 1.17148256e+00 1.06269431e+00 -2.70773888e-01
    3.84066403e-01 -7.12925255e-01 1.73658657e+00 1.11046302e+00
    3.36554170e-01 -6.27060831e-01 7.30308294e-02 -7.89940357e-03
    -7.62149036e-01 4.22886074e-01 1.17914772e+00 -1.25489354e-01
    1.11155963e+00 1.06087661e+00 -6.35386765e-01 1.15921402e+00
    1.44561362e+00 1.29596591e+00 1.03439569e-01 7.85530210e-01
    -7.19158351e-01 -3.82839143e-01 5.03505826e-01 1.63208175e+00
    1.16608202e-01 -1.39635384e-01 -2.63226867e-01 5.28636813e-01
    6.56623900e-01 -5.32196403e-01 -2.83422470e-01 -7.71746039e-01
    1.07404447e+00 -2.38044798e-01 1.52454281e+00 -7.89694190e-02
    1.27133894e+00 1.38864875e-01 8.37590456e-01 2.48754025e-02
    1.15606117e+00 6.30133808e-01 1.49628448e+00 1.14306593e+00
    1.37350094e+00 9.17178392e-02 1.68774414e+00 1.36949897e+00
    9.43112373e-03 9.36831295e-01 1.47210205e+00 1.34299374e+00
    1.67477453e+00 8.60788822e-01 1.94804430e+00 9.10639703e-01
    1.78241086e+00 7.34395146e-01 9.63288486e-01 1.35916162e+00
    3.56413662e-01 9.95477676e-01 -6.03005826e-01 -6.27666712e-01
    4.52147722e-02 1.43776679e+00 8.41570914e-01 4.80981112e-01
    8.18568945e-01 -4.67027605e-01 7.56621361e-01 1.46572435e+00
    1.40282059e+00 -5.13414502e-01 -6.45513773e-01 -6.11985326e-01
    -6.73056066e-01 9.76668775e-01 1.67351747e+00 -1.26213074e-01
    -8.08679760e-01 4.97562945e-01 1.47166967e+00 1.43978643e+00
    2.14428961e-01 -3.25406194e-02 1.66089082e+00 6.79636478e-01
    1.14987564e+00 1.25439858e+00 5.73109031e-01 3.55032861e-01
    2.19450891e-01 1.16084969e+00 9.24052417e-01 4.47412968e-01
    1.55727220e+00 -6.48515224e-02 1.20721459e-01 1.39882135e+00
    1.50644064e+00 8.75068128e-01 4.48610961e-01 1.37290323e+00
    6.78262532e-01 1.01894021e+00 3.64534736e-01 1.76267958e+00
    -7.65265703e-01 -4.17867035e-01 1.49503756e+00 8.24858129e-01
    1.31642056e+00 5.46023786e-01 -5.42965829e-01 -4.82797623e-04
    1.84660947e+00 3.68670762e-01 1.51296914e-01 -2.01785564e-02
    -7.14016259e-01 3.14773977e-01 1.33186007e+00 -5.24494886e-01
    9.71548736e-01 1.85949802e-01 1.18295884e+00 4.55354452e-02
    7.76783109e-01 7.45917559e-01 3.44230771e-01 6.30776525e-01
    1.63449156e+00 1.37885046e+00 7.46385932e-01 9.07006562e-01
    -1.99739099e-01 -3.96119684e-01 7.58182287e-01 -1.55494511e-01
    1.72102964e+00 4.40116227e-01 8.93864453e-01 1.00861025e+00
    4.34056222e-01 2.69176185e-01 -7.60114014e-01 6.82347775e-01
    2.20776260e-01 1.53797984e+00 9.29660916e-01 1.42638373e+00
    1.03769398e+00 -6.14520907e-02 3.56187224e-01 1.02627158e+00
    1.32128954e+00 5.03304303e-01 1.73505902e-01 -7.66001940e-02
    1.47058177e+00 2.59272456e-01 1.67727482e+00 -1.03739560e-01
    -2.08216071e-01 -1.09391212e-01 -6.42415047e-01 -3.74290705e-01
    1.22858787e+00 -8.50452185e-02 1.11347365e+00 1.73872697e+00
    1.75193036e+00 -3.97551060e-03 1.36954772e+00 -7.12572932e-02
    2.88565278e-01 -8.02838027e-01 1.57029819e+00 1.15343571e+00
    2.73240566e-01 1.05365825e+00 1.08374000e+00 1.38825524e+00
    1.07025111e+00 9.71517861e-01 -1.79472029e-01 1.47893763e+00
    5.93835115e-01 1.51144528e+00 -5.87995529e-01 6.80580735e-01
    5.73041975e-01 4.84707236e-01 -3.64459932e-01 -6.54675841e-01
    1.71170115e+00 -2.94737816e-01 2.77032137e-01 1.24356925e-01
    8.26280534e-01 -3.56559485e-01 3.20235908e-01 2.71247029e-01
    5.71355999e-01 1.51130188e+00 8.21782947e-02 2.65262783e-01
    1.47805500e+00 1.31726563e-01 8.55171859e-01 -5.34040630e-01
    1.19806349e-01 -2.02467024e-01 1.15665257e+00 2.44715333e-01
    1.05923820e+00 1.27532482e+00 1.03114772e+00 5.94121337e-01
    -5.49149573e-01 8.09946120e-01 8.31264079e-01 -5.93531311e-01
    1.72834361e+00 -1.66128099e-01 3.74043167e-01 1.46441877e-01
    -5.63114464e-01 5.89765608e-01 -7.33760118e-01 8.84849429e-02
    1.58672929e+00 1.29959047e-01 7.20286727e-01 6.46600723e-02
    4.27212238e-01 -2.69657493e-01 -3.75563085e-01 -7.05702484e-01
    2.46876240e-01 3.38268280e-02 9.38675821e-01 1.33393693e+00
    2.90321708e-01 1.32144666e+00 2.95038819e-02 1.19417250e-01
    -2.43757010e-01 -7.99853206e-02 8.68359566e-01 7.51662254e-02
    -2.55624652e-01 -1.74580336e-01 1.49948883e+00 1.24311233e+00
    7.32858419e-01 8.04213822e-01 1.08946085e-01 1.10261190e+00
    6.51625335e-01 -5.37790835e-01 6.20924473e-01 1.53830361e+00
    -6.89241290e-01 -6.44456387e-01 -4.65541333e-01 8.60653698e-01
    1.69605184e+00 -4.25682962e-01 -3.08672011e-01 6.27903223e-01
    1.80414498e-01 -4.39168334e-01 -4.51598942e-01 3.07214379e-01
    1.25828207e-01 -2.88841724e-01 2.47984707e-01 -2.81852007e-01
    1.19831491e+00 1.88870728e-01 1.73828149e+00 6.75122142e-02
    6.02929592e-01 8.27563882e-01 1.10740805e+00 9.07673836e-02
    1.61180663e+00 -6.49593413e-01 1.73214698e+00 -1.99850440e-01
    8.28419030e-01 1.25941730e+00 8.70354772e-02 1.64323401e+00
    -5.82458854e-01 1.73900938e+00 1.37193978e+00 1.50064731e+00
    -5.43321729e-01 1.39630294e+00 1.48142004e+00 7.09507465e-02
    1.61208510e-02 1.06020474e+00 -4.12276655e-01 2.07521319e-02
    1.87569571e+00 -3.12377870e-01 1.83574033e+00 1.64098310e+00
    1.62668848e+00 -3.70613933e-02 -2.17113614e-01 1.35620868e+00
    1.60087109e+00 1.56155276e+00 1.13161993e+00 5.29513240e-01
    1.73128557e+00 -4.52399075e-01 4.87599969e-01 6.95241392e-01
    9.61914539e-01 -2.94592321e-01 -5.80389380e-01 1.61865830e-01
    1.45850921e+00 1.13379955e+00 7.07341492e-01 5.22677481e-01
    1.27680278e+00 -4.27132249e-01 5.78160048e-01 8.55325520e-01
    1.78825736e+00 2.25614548e-01 -1.63326502e-01 1.32403970e+00
    -9.36222076e-03 1.30711055e+00 1.63573861e-01 3.73986840e-01
    1.16126251e+00 6.12824202e-01 -1.67886436e-01 -6.51198626e-01
    7.63769686e-01 -7.09111869e-01 2.70436108e-01 -1.12428904e-01
    1.04743457e+00 1.29138768e-01 -2.58473575e-01 -3.76477212e-01
    4.02234197e-01 -5.53198159e-01 -4.03559208e-02 1.49509311e-01
    8.79190922e-01 4.90939140e-01 -6.58924341e-01 -3.94364148e-01
    7.66001344e-01 4.64579344e-01 8.08138132e-01 5.44759452e-01
    5.27867019e-01 -7.15665102e-01 8.40380669e-01 -5.43378592e-02
    -7.55526006e-01 1.16969728e+00 1.53283405e+00 1.01707792e+00
    1.74480152e+00 1.42019987e-01 -4.53192145e-01 -2.53805518e-02
    3.85267794e-01 1.47316265e+00 4.73144174e-01 4.37931418e-01
    -5.00081360e-01 1.65283847e+00 1.70551705e+00 5.92562556e-02
    -4.94680136e-01 1.41975713e+00 1.15153718e+00 -1.52537584e-01
    -5.05182564e-01 1.02951264e+00 -4.06666458e-01 2.08686948e-01
    -6.90610409e-02 4.22318518e-01 4.81520653e-01 5.18844783e-01
    -3.13270867e-01 -7.56036818e-01 1.21244490e-01 -7.10780501e-01
    1.44967318e-01 7.72983849e-01 3.58078122e-01 1.29228473e+00
    -7.15626836e-01 1.04361451e+00 -1.22959018e-01 1.63603067e-01
    9.85679626e-02 -2.68346727e-01 1.75697041e+00 1.01690805e+00
    -5.77189565e-01 1.25544572e+00 7.97684193e-02 1.03145480e-01
    -3.20130348e-01 -4.95353729e-01 1.75693905e+00 7.69727767e-01
    6.70865059e-01 6.96229458e-01 7.28968978e-01 8.13171864e-02
    6.78692758e-01 7.02691495e-01 7.64335394e-02 1.02199757e+00
    -3.45626086e-01 1.21033192e-03 -2.76615977e-01 7.37746656e-01
    -4.57053602e-01 1.42402434e+00 7.73389637e-01 -2.89929211e-01
    6.12491190e-01 1.65842628e+00 1.56061983e+00 9.31105137e-01
    2.16719925e-01 3.94588709e-01 1.79861140e+00 1.55320764e+00
    2.19787061e-01 -6.82272196e-01 -1.74169481e-01 1.17612004e+00
    1.76476669e+00 -4.65389580e-01 2.86401868e-01 4.56037104e-01
    1.22224593e+00 4.95298982e-01 1.06314182e+00 5.21879792e-02
    5.80118299e-02 1.71753502e+00 -6.37502670e-02 1.23178744e+00
    -4.37471420e-01 1.09380281e+00 1.40240455e+00 7.24755228e-01
    1.79764342e+00 3.78970325e-01 2.22928405e-01 8.50812197e-01
    1.22129202e+00 1.23450100e-01 -1.41324580e-01 7.26269305e-01
    1.28829372e+00 6.15668833e-01 3.59073400e-01 1.24157953e+00
    -3.16283941e-01 6.46796286e-01 1.39656472e+00 1.84615219e+00
    1.51090932e+00 1.03043890e+00 -4.48953331e-01 1.40699792e+00
    -3.15990120e-01 1.64187276e+00 1.78479803e+00 -5.29130280e-01
    1.80007291e+00 2.20238984e-01 6.24495625e-01 9.28683341e-01
    3.17759752e-01 1.78695369e+00 3.36554050e-02 -1.89603388e-01
    1.00424492e+00 -5.55966079e-01 9.49317515e-01 5.62811196e-01
    -7.78797150e-01 1.09910154e+00 1.13459766e-01 -1.38205111e-01
    6.02424145e-04 1.36950874e+00 -6.55513406e-02 3.61308634e-01
    -1.93037391e-01 1.58156717e+00 1.71128654e+00 5.05178809e-01
    1.67490888e+00 -1.69284225e-01 -6.61079288e-01 7.10253596e-01
    -3.36819410e-01 3.59469295e-01 3.42778385e-01 -3.93971115e-01
    2.40137219e-01 3.48095238e-01 -2.37571001e-01 1.75599551e+00
    1.17596066e+00 -2.65606344e-01 -6.82168841e-01 9.12620187e-01
    1.30226159e+00 1.58753312e+00 -6.13623798e-01 1.55059695e-01
    4.49154854e-01 1.14487720e+00 4.02446032e-01 1.41596437e+00
    5.44577837e-02 1.70988560e+00 -6.81292653e-01 1.39021301e+00
    1.58561969e+00 2.91853368e-01 -6.91631675e-01 -5.83171427e-01
    -6.25791252e-01 -3.24433684e-01 6.80974185e-01 1.46537721e-01
    3.76568794e-01 8.53725195e-01 1.46402788e+00 -4.99965012e-01
    1.59679401e+00 -2.04303026e-01 1.37855232e+00 -7.91415513e-01
    1.72527671e+00 7.71392405e-01 1.14297032e+00 1.52504516e+00
    3.86056721e-01 1.66339993e+00 1.75461149e+00 5.73693871e-01
    5.49175382e-01 2.10458970e+00 1.80275893e+00 3.40906322e-01
    1.55142546e-01 4.65195179e-02 1.25919247e+00 -5.01281023e-03
    6.66753352e-01 6.91444635e-01 6.58849537e-01 1.19688034e-01
    6.24371290e-01 1.42828274e+00 1.76236749e+00 -1.25625432e-01
    6.91391289e-01 -7.87285447e-01 -1.84713006e-02 4.64857042e-01
    -1.20446384e-01 5.76639533e-01 7.45355427e-01 -2.16355324e-01
    1.71913838e+00 1.59509480e-01 1.36849284e-02 4.24136996e-01
    5.77777505e-01 1.29381418e-01 -8.59271884e-02 -2.96867430e-01
    1.08534193e+00 9.66841757e-01 1.03663576e+00 -6.85644686e-01
    1.15690947e+00 1.92044795e-01 -8.02479029e-01 5.56516469e-01
    9.95888531e-01 4.39883173e-01 1.47157454e+00 4.57315207e-01
    9.69386935e-01 2.56157935e-01 1.22644162e+00 1.27678597e+00
    2.62328863e-01 5.55903554e-01 1.02350616e+00 1.32618928e+00
    -5.61715305e-01 1.74518037e+00 -3.65445018e-02 1.05006397e-01
    1.69925070e+00 -7.08144367e-01 1.48775399e+00 3.75003397e-01
    2.84790874e-01 7.24659741e-01 -6.53178751e-01 -5.15574098e-01
    5.82515001e-02 1.59164047e+00 6.37495518e-02 -2.91379690e-01
    -2.36841977e-01 2.85394013e-01 -4.67552155e-01 -4.14271623e-01
    -6.58318937e-01 -5.90955675e-01 2.84707308e-01 7.78342664e-01
    -4.19894189e-01 1.09138799e+00 1.49105883e+00 1.47997129e+00
    1.16149187e+00 -4.44708794e-01 -4.74832058e-02 -5.74635625e-01
    2.38442898e-01 7.98777640e-01 1.56906152e+00 1.58898544e+00
    3.81964147e-01 1.60477400e+00 -7.92770982e-02 5.58231711e-01
    -5.20481229e-01 1.61072516e+00 5.93766093e-01 -7.12888837e-02
    -3.96092087e-01 1.24588513e+00 6.29850268e-01 1.50937128e+00
    1.53984308e-01 -8.15875053e-01 3.55380774e-02 5.69837987e-01
    2.47603297e-01 8.77671361e-01 -1.12689018e-01 1.23176157e-01
    1.11396360e+00 -1.85867488e-01 5.53347468e-02 -4.23706710e-01
    4.07718837e-01 -2.87987947e-01 -4.36994135e-01 1.54846013e-01
    1.31683302e+00 1.78694677e+00 -1.56224608e-01 1.28677571e+00
    1.52032137e+00 -3.22712958e-01 1.63228798e+00 -1.72465384e-01
    -8.59370232e-02 -5.73477447e-01 8.70427608e-01 6.29448831e-01
    9.63913083e-01 3.23574364e-01 -4.69346911e-01 -2.65618503e-01
    1.66912985e+00 3.13457906e-01 1.65927029e+00 3.76452267e-01
    6.47405863e-01 -1.74820483e-01 1.31126976e+00 1.58016014e+00
    -4.19376493e-01 1.42288232e+00 -4.48067904e-01 1.94225729e-01
    1.57894409e+00 -5.74139118e-01 1.56326103e+00 6.60429001e-02
    -6.68261945e-01 6.30123973e-01 3.02422523e-01 -5.19531846e-01
    -1.40652597e-01 -5.13065696e-01 8.62492919e-01 1.54666197e+00
    7.40695477e-01 5.57555676e-01 1.72777498e+00 5.73830783e-01
    1.22637415e+00 1.11654472e+00 1.42464614e+00 1.07059264e+00
    6.28140569e-02 -5.00612676e-01 3.38867247e-01 1.09417498e-01
    2.60480702e-01 2.53543556e-01 7.68329024e-01 1.48294485e+00
    1.54679942e+00 -6.14970505e-01 7.39462972e-01 2.95572877e-02
    1.81130552e+00 1.27401674e+00 1.66041780e+00 5.18648028e-02
    1.50053322e+00 7.49853194e-01 6.57509148e-01 1.65792811e+00
    2.72269368e-01 6.76120162e-01 1.49477792e+00 9.96428549e-01
    -4.51719433e-01 1.60721111e+00 4.47094381e-01 -7.79157221e-01
    5.91907382e-01 8.86460543e-01 2.11501658e-01 1.16907620e+00
    3.85724187e-01 1.25095725e+00 -3.82121861e-01 9.49094772e-01
    6.18744135e-01 3.62657249e-01 -7.88860083e-01 -2.67740667e-01
    5.14460802e-01 9.17730033e-01 -6.36236072e-01 -2.31355965e-01
    5.54271758e-01 7.43267238e-01 -4.87964004e-01 9.05260384e-01
    1.22677803e-01 -4.30842727e-01 1.24833345e-01 9.16317940e-01
    -4.04632747e-01 4.50714886e-01 -6.94441974e-01 -3.48077923e-01
    1.55949545e+00 8.75618517e-01 2.23041356e-01 3.96557450e-01
    1.20459068e+00 1.12954390e+00 1.08421600e+00 8.98044586e-01
    2.38774240e-01 2.38813877e-01 1.52777243e+00 1.47589397e+00
    9.44537163e-01 6.18358970e-01 6.47544861e-03 -6.56820476e-01
    -7.14976251e-01 1.73240042e+00 7.37666488e-02 1.25638175e+00
    1.39746439e+00 -3.46092999e-01 -5.09760380e-02 1.75670838e+00
    9.90872264e-01 1.65946031e+00 1.34124017e+00 8.10342193e-01
    -4.07092214e-01 -1.85187101e-01 9.80712950e-01 8.38376462e-01
    2.42273211e-01 1.43278563e+00 -4.36847806e-01 9.12569463e-01
    5.21522880e-01 7.92033553e-01 3.63291562e-01 1.21281481e+00
    -4.03761715e-01 1.88929176e+00 2.99017072e-01 5.88629365e-01
    -3.83720905e-01 -7.63423383e-01 1.30642664e+00 6.51954770e-01
    -6.18762374e-01 1.41064203e+00 -1.08089745e-01 -1.12991691e-01
    -5.33900738e-01 -8.02107990e-01 2.51331747e-01 1.47616327e+00
    -5.67799807e-01 9.99558210e-01 -4.60399896e-01 4.36753511e-01
    1.02119267e-01 -1.84633493e-01 -4.18818057e-01 1.03226984e+00
    1.10548627e+00 6.95634961e-01 1.02378178e+00 -4.53593552e-01
    -1.41297221e-01 -7.29430735e-01 4.27501202e-01 -3.57964158e-01
    1.43772650e+00 1.55555463e+00 -5.56252122e-01 -1.22173846e-01
    -6.28183484e-02 1.30400538e-01 -6.65629864e-01 -3.08208942e-01
    -1.69394791e-01 1.78201532e+00 -7.55255520e-01 8.69349182e-01
    1.38992035e+00 7.70641565e-01 -6.36073291e-01 -6.50878251e-01
    4.31221724e-02 1.04913902e+00 1.35538518e+00 -1.45166636e-01
    1.74014890e+00 -1.91410005e-01 1.30178058e+00 2.88929760e-01
    -2.03708947e-01 -7.20576465e-01 -4.51748997e-01 7.49586225e-02
    4.42100585e-01 1.57948899e+00 2.88105071e-01 -3.01362336e-01
    5.14942944e-01 3.08708668e-01 9.32972133e-01 5.54226041e-01
    1.76752079e+00 1.78665400e+00 1.47063231e+00 -5.57331324e-01
    1.16508722e-01 -4.08169717e-01 3.08761835e-01 6.45511746e-02
    9.96690214e-01 1.60456467e+00 -7.14787960e-01 1.58792090e+00
    -7.18750000e-01 1.39164209e+00 1.73256350e+00 9.69109356e-01
    1.07084072e+00 9.95421708e-01 1.34558463e+00 1.60684919e+00
    1.21213794e+00 1.28733754e-01 2.55005479e-01 6.96776807e-01
    -5.77561140e-01 9.99236345e-01 -2.69880712e-01 3.59288633e-01
    1.17132163e+00 -5.95088840e-01 5.64834833e-01 1.78218532e+00
    -2.72986889e-01 1.26383376e+00 1.30562735e+00 1.68239188e+00
    6.05583429e-01 1.61448550e+00 9.75292921e-02 9.20666456e-01
    1.58171034e+00 1.47174180e-01 7.00896084e-01 -3.98592323e-01
    -1.18955970e-01 9.73214626e-01 -2.32030928e-01 -2.76037097e-01
    1.11463583e+00 1.12181425e+00 1.19582582e+00 -5.15253663e-01
    1.65739512e+00 3.00701916e-01 1.27514911e+00 1.49238896e+00
    1.48348165e+00 -9.94736552e-02 -7.31169283e-01 4.27251935e-01
    4.07940984e-01 4.02784765e-01 1.78099585e+00 7.64323413e-01
    -8.08626294e-01 1.89066529e-01 1.59056532e+00 1.12621069e+00
    -1.16392136e-01 -6.87904894e-01 1.57326460e+00 6.41835272e-01
    4.22837436e-01 9.64757025e-01 1.76575303e+00 7.71187127e-01
    -5.00681281e-01 -3.97270530e-01 6.65860355e-01 1.32591820e+00
    1.19390833e+00 3.90539169e-02 7.06305087e-01 6.15264595e-01
    -5.78949213e-01 -9.52877998e-02 5.09560704e-01 1.30617952e+00
    1.51136780e+00 1.40851116e+00 -6.81881666e-01 9.61395621e-01
    3.29799652e-02 1.29254568e+00 -4.67863709e-01 -3.78130317e-01
    -5.49780905e-01 -7.07931280e-01 -3.08476835e-01 6.70531392e-02
    8.77748966e-01 -4.65038478e-01 -4.42805082e-01 -9.70786810e-02
    9.14127648e-01 7.88354814e-01 -1.08724117e-01 3.04551780e-01
    -7.89833069e-02 8.82820189e-01 1.09668732e+00 -2.64412105e-01
    3.43635201e-01 3.18867087e-01 -5.08090258e-01 -8.07279348e-03
    2.80402005e-01 6.53689981e-01 1.53624368e+00 -6.65560186e-01
    2.33951807e-02 4.20928419e-01 -5.45778155e-01 1.65191531e-01
    5.42086065e-01 -2.52367318e-01 1.00276732e+00 -5.42569041e-01
    -3.46660942e-01 -2.34517515e-01 -3.71428072e-01 -3.58579159e-02
    8.51590514e-01 7.78291106e-01 1.13732195e+00 1.34987855e+00
    1.79941583e+00 -5.12031734e-01 1.19056773e+00 9.20796692e-01
    6.37783408e-02 1.21036029e+00 5.90392590e-01 -7.47030973e-01
    1.20582819e+00 1.51032448e+00 1.33674121e+00 1.52114749e+00
    -2.59910822e-02 8.68902385e-01 1.79119313e+00 -7.96724319e-01
    1.15914547e+00 1.44457412e+00 1.64117050e+00 1.04836094e+00
    1.60486579e+00 1.05060816e+00 -3.76539230e-02 1.70794666e+00
    -5.26233912e-01 1.15955162e+00 1.06348014e+00 -7.95261264e-02
    7.27996945e-01 2.37621069e-01 5.54329634e-01 1.19257402e+00
    -6.08989298e-01 4.43382800e-01 -6.23545766e-01 1.43176413e+00
    6.54313922e-01 -9.57404375e-02 -1.26294494e-01 1.01326942e+00
    1.17503011e+00 3.52774799e-01 1.55095363e+00 1.75241053e+00
    9.51184094e-01 1.54372621e+00 1.36044264e+00 -3.91764730e-01
    9.61801529e-01 1.75169444e+00 1.16867018e+00 2.02795410e+00
    1.12499046e+00 1.89688778e+00 1.16097188e+00 -1.27869248e-01
    1.10782135e+00 1.99815691e-01 2.90893853e-01 8.88370156e-01
    1.25487363e+00 -7.36243963e-01 3.62656116e-02 -6.12926126e-01
    -7.72898078e-01 1.07192373e+00 1.67319798e+00 1.21838033e+00
    1.70128489e+00 6.72470212e-01 1.66921496e-01 1.02548528e+00
    1.18613124e+00 -3.93344760e-02 1.19869757e+00 1.58345294e+00
    2.76046515e-01 1.51104927e-01 1.51383865e+00 6.23966038e-01
    5.34259737e-01 2.18419969e-01 1.25158954e+00 1.19240177e+00
    1.77909136e-01 1.73594141e+00 -5.48294902e-01 3.02498400e-01
    1.15983033e+00 -7.01690912e-02 1.72795236e+00 7.48536766e-01
    5.42851329e-01 5.54924011e-01 -3.60140651e-01 6.98561966e-01
    4.29483533e-01 7.64759779e-01 4.99708951e-01 5.44138789e-01
    4.89003599e-01 1.87948167e-01 -3.04280370e-01 -5.07531524e-01
    1.56755781e+00 1.31362677e-01 3.26462984e-02 -2.97481447e-01
    1.49493301e+00 1.52750051e+00 -2.14462996e-01 5.98667622e-01
    -5.07821441e-01 1.77886271e+00 1.64288068e+00 -5.54297745e-01
    5.61939418e-01 3.17222655e-01 7.11684823e-02 1.10280859e+00
    8.79045606e-01 1.28771126e-01 1.20936894e+00 1.64855409e+00
    -5.83226025e-01 1.71063304e+00 9.16956306e-01 -3.84440541e-01
    1.29905605e+00 -2.58628130e-02 -7.10145831e-02 -6.84541345e-01
    1.21135688e+00 1.56942010e+00 1.07458937e+00 -4.65147257e-01
    -2.50644743e-01 -7.87996054e-01 1.03082788e+00 1.44333529e+00
    5.95376313e-01 -7.37029791e-01 1.19996548e+00 -5.06653786e-01
    5.05135715e-01 1.20118475e+00 -2.46414065e-01 1.21741867e+00
    1.16385841e+00 1.33977282e+00 1.46913052e+00 1.26339185e+00
    1.01365662e+00 7.28493392e-01 8.95063519e-01 1.43266082e+00
    1.56446981e+00 4.57330048e-01 7.58153200e-01 7.89212108e-01
    1.12836695e+00 -7.36155033e-01 4.40979838e-01 6.11964881e-01
    9.66393948e-02 -2.12598383e-01 1.33720398e+00 1.50517309e+00
    1.13689899e+00 6.12364173e-01 1.21635115e+00 -2.20465600e-01
    -4.88546014e-01 3.14587533e-01 -9.80362296e-02 -8.53353739e-02
    5.11740386e-01 -6.21038735e-01 2.58551240e-02 7.42158413e-01
    3.41373801e-01 -7.23029792e-01 -3.92953008e-01 4.47548032e-02
    4.56698775e-01 7.22880960e-02 6.43031240e-01 1.44758177e+00
    -6.62132025e-01 4.55272675e-01 1.40971041e+00 9.17776942e-01
    6.62479937e-01 1.37492657e+00 1.26882505e+00 -8.16237986e-01
    1.29952693e+00 8.07980955e-01 1.71961045e+00 -1.42522037e-01
    1.19546521e+00 1.34839487e+00 -7.24941134e-01 2.17685163e-01
    1.57047772e+00 -2.21724510e-02 -6.67706847e-01 6.40209436e-01
    1.69366980e+00 9.22845125e-01 1.40971971e+00 -2.75831580e-01
    -5.85920811e-02 1.31068408e-01 5.04922092e-01 1.57249856e+00
    7.34904826e-01 -2.84506500e-01 9.83715653e-02 3.71007204e-01
    1.14244652e+00 1.18189549e+00 4.20822799e-01 1.49434209e+00
    6.12022519e-01 1.15898776e+00 9.12964463e-01 5.74703336e-01
    1.69584286e+00 -7.66140580e-01 -3.29245448e-01 -1.26380146e-01
    2.15447545e-02 1.54951715e+00 -6.65945292e-01 1.13585949e+00
    2.46533930e-01 1.63626158e+00 -2.72601724e-01 5.33959985e-01
    1.47634411e+00 -1.67841613e-01 -7.42596626e-01 -2.07432866e-01
    1.08247650e+00 1.29546452e+00 6.14622235e-01 8.19699466e-01
    8.40349197e-02 1.53846693e+00 4.33901906e-01 3.56443524e-02
    4.34392691e-03 -5.75576007e-01 1.43837333e-02 1.62249279e+00
    1.66480362e+00 -3.57067555e-01 1.46296418e+00 9.64218855e-01
    9.57418978e-01 1.12096071e-01 1.42277169e+00 6.87421799e-01
    4.20313001e-01 1.11071789e+00 3.30722332e-02 1.59161043e+00
    4.18247581e-02 1.65461922e+00 -4.11151379e-01 1.29500878e+00
    7.73241460e-01 5.42376578e-01 5.15900016e-01 -7.14167655e-01
    6.05466783e-01 -7.43179619e-01 6.33980513e-01 1.10776079e+00
    1.56114471e+00 -2.75024295e-01 2.05391943e-01 5.67263365e-01
    -8.09787571e-01 -5.02748728e-01 1.07127190e+00 1.59479380e+00
    -3.38904828e-01 -2.12096095e-01 1.21862841e+00 2.29041219e-01
    1.64411998e+00 2.94259250e-01 1.42860746e+00 -6.05376601e-01
    1.09563529e-01 -2.41771758e-01 1.71822560e+00 1.39489436e+00
    2.74632573e-01 3.18960249e-01 9.03252721e-01 2.17327690e+00
    1.01221502e+00 9.83148813e-01 6.72096014e-03 5.58530271e-01
    1.87777424e+00 1.89493489e+00 7.28450835e-01 1.10629392e+00
    4.31119800e-01 1.62829387e+00 1.70922709e+00 -7.06284404e-01
    1.41679573e+00 -1.57668650e-01 1.57352436e+00 4.28423405e-01
    1.36803806e-01 1.50103438e+00 1.54519904e+00 1.31710529e+00
    1.58088660e+00 -5.94092131e-01 9.37443793e-01 1.23608756e+00
    1.72215319e+00 1.81079412e+00 1.31106615e+00 -1.35100842e-01
    1.53777575e+00 1.17376924e+00 1.49971128e+00 -4.84676778e-01
    1.68547916e+00 -2.20742702e-01 1.28276658e+00 -1.16471171e-01
    1.30081820e+00 1.63918543e+00 8.83899331e-01 -7.11870193e-02
    7.97867417e-01 -5.02845049e-02 2.21059740e-01 1.07227325e+00
    1.58672404e+00 -5.30685425e-01 -4.80383337e-01 1.43220067e+00
    1.09363246e+00 1.01086211e+00 9.98249710e-01 6.67627752e-01
    -6.68508589e-01 9.12759125e-01 -1.04405701e-01 -6.13354683e-01
    7.20839083e-01 1.65429926e+00 1.72703695e+00 1.84015131e+00
    2.51858056e-01 6.19542539e-01 5.57156086e-01 -4.04845774e-01
    8.44828904e-01 1.09252739e+00 3.27454805e-02 7.51889646e-01
    5.55218399e-01 6.62275970e-01 1.20895028e-01 -1.06778681e-01
    9.77955163e-01 4.34218645e-01 -8.78158212e-02 4.30835545e-01
    -3.31283569e-01 -5.73197067e-01 -1.98193967e-01 2.93063700e-01
    1.36494470e+00 -7.77712941e-01 1.43033266e+00 -4.79959220e-01
    -4.33133572e-01 -7.88893700e-02 1.30518341e+00 1.15658307e+00
    1.41305625e+00 -6.24898911e-01 3.32536101e-01 2.87778378e-01
    1.42322552e+00 4.80246067e-01 -2.99303889e-01 8.94970298e-02
    -8.61722231e-03 3.46534729e-01 1.23351979e+00 -6.79644465e-01
    1.97467804e-01 1.39256656e-01 -7.82739580e-01 1.39174342e-01
    1.01608944e+00 -8.06847453e-01 1.61326706e+00 1.42444134e-01
    -5.94686389e-01 1.25602579e+00 -9.91788507e-02 -4.87562567e-01
    1.02581263e-01 1.61130190e-01 4.89391267e-01 -4.13651019e-01
    -6.10840142e-01 1.28211141e+00 1.01214623e+00 8.34518671e-01
    9.83882248e-01 6.03016436e-01 1.16292906e+00 8.06926310e-01
    7.26767957e-01 1.75774026e+00 -6.81609452e-01 -6.47518873e-01
    1.07025027e+00 -2.44317293e-01 -3.11044455e-02 1.35017478e+00
    1.73619223e+00 6.83905065e-01 1.17044616e+00 1.42714691e+00
    2.46560574e-03 -4.99382824e-01 5.51913381e-01 -9.95693803e-02
    -4.45953012e-02 -5.91692924e-02 1.45464396e+00 -5.50750256e-01
    1.17360890e-01 2.92734563e-01 -6.29454851e-03 -5.22150099e-01
    9.08530474e-01 1.67015696e+00 1.11737490e-01 -3.05106878e-01
    1.55657852e+00 6.37285471e-01 1.17500496e+00 -2.95280099e-01
    1.48152924e+00 9.83334184e-02 3.71106982e-01 2.75337279e-01
    1.82588613e+00 5.85529506e-01 7.33091831e-01 2.72475004e-01
    -7.61939704e-01 1.11303365e+00 1.81537819e+00 1.03160238e+00
    1.70197821e+00 3.98016512e-01 1.42584217e+00 1.58300567e+00
    4.31400359e-01 6.88501596e-02 -1.68094695e-01 -3.62857193e-01
    -5.56662023e-01 -1.93626463e-01 1.79185581e+00 9.73009944e-01
    7.72395253e-01 1.75601006e+00 1.49045277e+00 1.09130430e+00
    -7.69594908e-01 1.37828457e+00 1.26984274e+00 1.14871478e+00
    -2.03124583e-01 3.35173607e-01 7.78629601e-01 2.92626321e-01
    6.32801771e-01 -2.71899104e-02 6.38546348e-02 -4.03077275e-01
    7.22530127e-01 1.31008959e+00 -1.97066486e-01 1.15429592e+00
    -4.52345788e-01 1.76557696e+00 1.12174606e+00 6.65666819e-01
    5.46580911e-01 -7.36825228e-01 1.16534662e+00 5.57573199e-01
    1.40697742e+00 1.35863328e+00 6.82569444e-01 1.14230049e+00
    5.09895205e-01 2.55882144e-01 7.42264390e-02 2.23360598e-01
    -4.33199346e-01 8.59972358e-01 1.68885946e+00 1.39503396e+00
    1.14787030e+00 1.57546043e+00 -3.10243607e-01 1.43655372e+00
    -1.95260644e-01 -3.25031161e-01 -5.88336885e-01 1.04693055e-01
    4.18354452e-01 -7.36215770e-01 1.50917315e+00 -5.97006738e-01
    5.58509707e-01 2.00872421e-01 -5.16459107e-01 -6.22835040e-01
    -1.22852623e-01 1.71122551e+00 1.55315423e+00 -8.18326771e-01
    -8.63031745e-02 1.14729381e+00 7.29071736e-01 -7.92191505e-01
    2.34828949e-01 3.19887996e-02 1.22662652e+00 -8.21430087e-02
    1.20785379e+00 -3.58233988e-01 1.72152507e+00 6.21655583e-01
    1.75979078e-01 -9.33453441e-02 2.43612558e-01 1.66213381e+00
    1.79153526e+00 1.39979970e+00 -1.56618953e-02 -4.29008901e-01
    1.06759667e+00 6.11819506e-01 -1.58505976e-01 1.02466798e+00
    1.16363215e+00 -2.18642294e-01 -7.91319489e-01 -5.46415269e-01
    -5.38357258e-01 1.50268221e+00 7.67620265e-01 6.38000965e-02
    1.69496191e+00 -2.47023165e-01 -4.76960272e-01 -2.31788635e-01
    -3.75048816e-01 1.10681295e+00 9.30394053e-01 -5.18137813e-01
    -7.99774468e-01 8.91327441e-01 -3.19519758e-01 6.95467770e-01
    1.62312591e+00 1.62053990e+00 -5.32943606e-01 9.26198363e-01
    -7.37760901e-01 -6.81867003e-01 5.32135606e-01 5.31777322e-01
    1.19283032e+00 3.65104616e-01 -6.95717394e-01 -6.99825704e-01
    1.73541880e+00 1.08511615e+00 -1.23020947e-01 1.37197793e+00
    -4.37724471e-01 -7.51330435e-01 1.24818337e+00 1.20357013e+00
    1.46317291e+00 1.76162410e+00 -5.47867656e-01 -1.26513243e-01
    -5.09214401e-01 -4.06119049e-01 1.50195670e+00 1.32750237e+00
    1.07670641e+00 9.22690034e-02 -2.43772268e-02 1.39232326e+00
    -1.91048384e-02 -5.55977523e-01 -4.23167109e-01 -1.86553240e-01
    1.58687496e+00 2.90427208e-02 1.53100371e-01 5.06866813e-01
    8.29777122e-02 1.72505796e-01 -5.05382240e-01 1.33879972e+00
    8.13741863e-01 2.93384790e-01 1.56688786e+00 8.41132581e-01
    -7.45678961e-01 1.40996385e+00 -7.46076882e-01 7.88399816e-01
    -2.71465719e-01 1.81754684e+00 5.12523174e-01 6.70248270e-02
    6.46550834e-01 1.64834499e+00 -3.68319809e-01 6.74318612e-01
    1.49867105e+00 7.74599433e-01 -3.30115795e-01 -5.78351021e-01
    7.42100716e-01 -1.65664315e-01 -3.98752719e-01 -2.50385523e-01
    -4.42968130e-01 1.19237494e+00 1.33734107e+00 1.42675805e+00
    2.72187829e-01 -6.37521148e-02 1.55712342e+00 7.66539097e-01
    2.58651018e-01 3.14317703e-01 2.65304506e-01 1.48268628e+00
    1.43762040e+00 8.57219279e-01 7.41298378e-01 -5.52170575e-01
    4.84569192e-01 1.07072878e+00 3.29703689e-02 6.30312264e-01
    3.60057592e-01 -8.34796429e-02 -3.08009326e-01 2.12731659e-01
    7.18937695e-01 -6.73986673e-02 6.89355433e-01 1.75885534e+00
    -5.94332755e-01 6.29037380e-01 1.29509711e+00 -4.00104463e-01
    -1.36370361e-01 2.31318891e-01 8.50375175e-01 1.42329204e+00
    4.29201603e-01 -3.88972640e-01 7.84981847e-01 -7.53019631e-01
    1.76142073e+00 2.78341770e-03 -8.40677559e-01 6.97910070e-01
    9.90979075e-01 1.62690902e+00 4.54952657e-01 -3.36603135e-01
    1.84643805e-01 -7.60651767e-01 6.19412303e-01 1.59105444e+00
    2.76668489e-01 -2.33926773e-01 -6.62142873e-01 4.31397974e-01
    -2.61435568e-01 1.31208479e-01 -5.44109464e-01 1.40766311e+00
    -1.73380792e-01 -3.22265059e-01 1.84553742e-01 1.41453528e+00
    1.67071581e+00 1.78489208e-01 1.49482417e+00 1.24131918e-01
    1.56559825e+00 1.67738199e-01 -9.71173644e-02 8.70918453e-01
    7.10531890e-01 1.79588950e+00 1.06439149e+00 1.47351217e+00
    4.40547884e-01 -2.22712159e-01 -4.72743362e-01 6.29332960e-01
    5.10178328e-01 1.26533747e+00 2.75770187e-01 -3.95464629e-01
    2.79631019e-02 1.55916739e+00 5.85317016e-01 1.39432669e+00
    1.07818747e+00 -4.19021696e-01 1.07912230e+00 2.12132514e-01
    5.11934757e-02 -7.67441273e-01 -2.13417709e-01 -4.67725515e-01
    4.62352395e-01 2.28608310e-01 -6.10487044e-01 2.67300963e-01
    2.23708093e-01 1.52392006e+00 8.26404512e-01 1.36063027e+00
    1.20133972e+00 -6.22781217e-01 7.88883150e-01 -5.17234564e-01
    4.52123463e-01 6.99046612e-01 1.67753696e+00 1.07764673e+00
    1.14198673e+00 1.15254927e+00 8.29093874e-01 1.56014502e+00
    1.74557447e-01 1.07438684e+00 2.74188578e-01 5.85624933e-01
    3.98495138e-01 5.17293692e-01 -4.41395074e-01 8.52914870e-01
    -6.97451234e-02 6.18115664e-01 3.92891765e-02 -6.62957132e-01
    2.02048302e-01 8.69956911e-01 2.68256664e-01 4.34543312e-01
    4.44568455e-01 1.12505651e+00 -4.05588806e-01 1.43674183e+00
    1.76145864e+00 4.00327921e-01 8.08332264e-01 4.25258100e-01
    3.74976099e-01 9.44266617e-01 1.60350752e+00 1.19039989e+00
    -4.51140076e-01 1.29625583e+00 1.73200822e+00 4.24540043e-01
    7.68939376e-01 3.89302433e-01 -4.67697710e-01 1.25822127e-01
    1.14682496e-01 2.78434336e-01 8.45292985e-01 1.81798816e-01
    -2.43479520e-01 3.82047474e-01 1.21601295e+00 9.98615384e-01
    3.93360674e-01 1.90271795e+00 2.40793049e-01 4.44769740e-01
    1.88761353e-01 3.31237435e-01 -3.64414185e-01 1.06736541e+00
    -2.99418330e-01 -1.82027578e-01 6.27082825e-01 -4.13403660e-01
    8.44230652e-01 1.54845238e+00 6.37444258e-02 -9.38888788e-02
    6.85782254e-01 2.56510556e-01 1.59177852e+00 2.93050468e-01
    1.75875258e+00 6.69478118e-01 -1.07495785e-01 1.72964454e+00
    1.45471859e+00 -4.56291854e-01 1.60426915e+00 -4.51636046e-01
    4.61277783e-01 8.16988945e-03 1.63207257e+00 -5.51262558e-01
    1.65689445e+00 -1.51179433e-01 8.22497129e-01 -6.57208562e-02
    4.66486096e-01 3.46911073e-01 -5.30201554e-01 3.74161899e-01
    -1.12938285e-02 -5.84834337e-01 9.15641785e-02 8.57828975e-01
    3.91248882e-01 -5.21961451e-01 1.52594399e+00 1.69142199e+00
    -7.96727896e-01 7.67097294e-01 1.02985239e+00 7.92496026e-01
    -1.32986188e-01 -5.07274866e-01 1.46357059e+00 1.24252629e+00
    8.33055615e-01 5.93489230e-01 5.12164891e-01 7.21015811e-01
    9.90468264e-01 -4.03415561e-01 -1.73336565e-01 5.37788868e-03
    1.16454792e+00 3.47562432e-01 6.30557299e-01 -1.14183962e-01
    -2.83074468e-01 -1.44608319e-01 5.32125592e-01 1.53173769e+00
    5.90880036e-01 1.01990461e-01 1.10271072e+00 1.62742555e-01
    1.37242794e+00 1.35516274e+00 -7.77141690e-01 -4.37100470e-01
    1.07279062e+00 1.09174085e+00 1.05543029e+00 6.10911846e-03
    1.58858943e+00 -3.90872747e-01 1.02884841e+00 1.58693647e+00
    -6.46925449e-01 -7.30435133e-01 6.15024567e-02 7.22170711e-01
    1.22088730e-01 -4.99810517e-01 1.18340337e+00 1.74683750e+00
    7.46584356e-01 1.22722173e+00 1.62244618e-01 7.64922023e-01
    9.54055965e-01 4.26063538e-02 7.31832147e-01 3.15526247e-01
    2.89041281e-01 -6.16065621e-01 3.16253245e-01 1.65213156e+00
    -8.46546888e-02 4.52816904e-01 -7.65839219e-02 -4.35930640e-01
    -1.75867677e-02 -3.24078441e-01 9.85603571e-01 7.56995499e-01
    5.67043543e-01 1.16229296e+00 -7.54833937e-01 1.20177603e+00
    4.95645106e-01 6.89071178e-01 8.81774366e-01 1.08661890e+00
    -2.38051414e-01 1.32414806e+00 9.61849809e-01 8.52900743e-03
    -6.21060431e-01 -7.87323117e-01 -3.48697990e-01 4.74492908e-01
    -7.39971817e-01 1.52944624e+00 -7.74133205e-01 -3.95939946e-02
    9.81860757e-01 1.69129920e+00 1.93791926e-01 3.71296704e-01
    -5.09080648e-01 -3.77449185e-01 1.19265437e+00 5.62309146e-01
    1.48425019e+00 1.09017670e-01 1.44011724e+00 1.29446769e+00
    1.76039934e+00 -4.27198410e-03 4.89527285e-01 1.15057623e+00
    3.74532402e-01 -6.20149851e-01 4.12914395e-01 7.22787380e-01
    -2.64700472e-01 1.23816061e+00 3.21814418e-01 1.14696383e+00
    7.48469830e-01 1.06034470e+00 -1.03774428e-01 1.14080882e+00
    9.82218206e-01 -3.61457765e-01 -8.50682259e-02 1.54565978e+00
    -7.18710124e-01 1.25934815e+00 -7.78560042e-02 -5.91802597e-01
    -2.91116238e-01 2.55836070e-01 1.47513866e+00 -4.97830987e-01
    5.87975144e-01 2.08907783e-01 -2.85740912e-01 4.51895118e-01
    -4.07010704e-01 1.06492412e+00 2.35333025e-01 1.73438358e+00
    5.34043610e-01 1.65239072e+00 1.09399271e+00 2.83773124e-01
    4.23709452e-01 6.96258664e-01 -6.08287334e-01 -5.86745679e-01
    1.91231966e-01 8.01705480e-01 1.30932343e+00 6.15148187e-01
    1.56940103e+00 -8.99574757e-02 8.58788073e-01 -3.81150007e-01
    -6.76514566e-01 1.39770865e+00 -2.13362575e-01 1.59030831e+00
    9.44208205e-01 1.25936317e+00 6.39826596e-01 4.58548367e-01
    -2.38331378e-01 1.75713003e+00 7.39859164e-01 1.60599113e+00
    5.34088016e-02 1.26961350e-01 1.34006870e+00 8.53769124e-01
    4.81695414e-01 1.25459790e-01 -6.55787110e-01 -6.02028251e-01
    -2.38232434e-01 -1.85702980e-01 9.93742406e-01 6.70515299e-02
    3.16164196e-01 8.57906818e-01 4.77661431e-01 1.63059711e+00
    7.92417347e-01 6.17616534e-01 1.78684616e+00 -7.56277323e-01
    1.19583273e+00 6.12537444e-01 1.63281000e+00 5.65512657e-01
    -6.39141500e-01 -4.63957369e-01 -7.76948631e-01 -6.22739136e-01
    3.34581673e-01 -5.15138268e-01 -1.19359493e-01 1.06958771e+00
    -4.34996396e-01 1.40657043e+00 1.42612553e+00 1.09280133e+00
    -7.53783762e-01 -2.25328207e-02 -2.88088918e-02 3.59337807e-01
    -1.62931859e-01 -1.16317332e-01 6.91523552e-01 1.86547959e+00
    -3.01197886e-01 1.56275678e+00 1.71292377e+00 9.78622139e-01
    1.31422412e+00 1.41172886e+00 -3.86865497e-01 -4.31577682e-01
    3.88402522e-01 -7.60297775e-01 4.79171216e-01 1.32249594e+00
    9.83146310e-01 -8.07390928e-01 1.76251566e+00 -2.14300990e-01
    3.22870851e-01 1.05358815e+00 -6.29453957e-01 1.71935463e+00
    -6.72655463e-01 -5.27808070e-01 1.09617162e+00 -3.72622013e-02
    1.76473415e+00 1.44767058e+00 9.47552979e-01 -6.84423447e-02
    8.29710007e-01 -3.46326441e-01 -7.68079400e-01 1.63660264e+00
    2.66186237e-01 -4.54147279e-01 1.18056655e+00 1.03894043e+00
    -1.61957979e-01 -6.97944045e-01 6.14041805e-01 1.66924000e+00
    8.66258800e-01 4.99009490e-02 1.19753051e+00 -6.73552454e-01
    -3.99293572e-01 5.39095402e-02 4.95513320e-01 8.34663749e-01
    -7.82459259e-01 -2.02705324e-01 1.03912687e+00 1.69257271e+00
    4.58580732e-01 -2.96631753e-01 6.72606170e-01 1.66860735e+00
    1.51371455e+00 1.71919918e+00 1.20436895e+00 1.66473472e+00
    7.96304464e-01 -5.79947472e-01 8.37635398e-01 -5.19023120e-01
    1.13998723e+00 9.68833447e-01 9.33010161e-01 2.98756361e-02
    1.37145710e+00 3.24468672e-01 1.66804421e+00 -6.64515138e-01
    6.80892766e-01 1.82764888e+00 -4.95428413e-01 6.42391443e-01
    -1.98370278e-01 2.83919036e-01 1.76808250e+00 7.84895062e-01
    1.59892559e+00 -3.94123942e-01 8.33261669e-01 6.48565590e-01
    1.21338654e+00 9.58645344e-03 9.09072816e-01 -6.45018280e-01
    9.87745345e-01 -7.65076756e-01 1.68359137e+00 1.52470934e+00
    9.59118664e-01 1.27982306e+00 1.61972344e+00 -2.03129530e-01
    1.52646565e+00 1.12705612e+00 1.27386117e+00 -2.68194258e-01
    -5.37130237e-01 9.99249697e-01 9.45886731e-01 1.32994318e+00
    -4.32601273e-01 6.56452000e-01 1.39306808e+00 1.58130550e+00
    1.08355248e+00 -5.63450217e-01 1.69259882e+00 9.87542689e-01
    -7.13754177e-01 1.31162405e+00 -1.01789236e-01 -1.93557084e-01
    -2.43344307e-02 1.24542379e+00 1.48009765e+00 3.70881557e-02
    1.48186159e+00 7.53834963e-01 8.15939009e-01 -3.58249933e-01
    5.24956644e-01 2.37218738e-02 -7.42729247e-01 1.22019649e-01
    1.45978880e+00 1.75477207e+00 -2.42839694e-01 -1.61378443e-01
    -3.45079899e-02 1.27664626e+00 1.76422024e+00 -7.69622684e-01
    -4.50035751e-01 1.54387021e+00 1.37626767e-01 2.89565861e-01
    1.34480548e+00 1.04137564e+00 -3.87932599e-01 1.75999713e+00
    5.91420889e-01 1.40769148e+00 1.98995590e-01 6.26215875e-01
    1.25469804e+00 -1.74740374e-01 1.70128727e+00 8.68770480e-02
    -1.83764458e-01 -6.06457472e-01 -6.12783611e-01 -8.11528087e-01
    9.77518559e-01 -4.60861057e-01 1.48047638e+00 -6.93165421e-01
    -2.71896124e-02 8.98194790e-01 -5.80309153e-01 -4.08276826e-01
    3.44665706e-01 9.91678536e-01 1.29940474e+00 -3.17473918e-01
    5.74853897e-01 -1.27830267e-01 5.79973698e-01 4.90592301e-01
    1.10611033e+00 1.24949431e+00 -5.11339307e-01 -3.01716506e-01
    1.67876220e+00 -6.90317452e-01 1.61535358e+00 5.29026508e-01
    -4.90497053e-01 -4.42313582e-01 1.11018836e+00 1.48326039e+00
    1.75628567e+00 8.77433538e-01 -5.95725775e-01 3.94191325e-01
    5.62076569e-01 -3.59416574e-01 -8.68149996e-02 5.20284534e-01
    -1.99985027e-01 3.41643572e-01 4.04897034e-01 6.54996753e-01
    -7.04985976e-01 1.38298440e+00 -6.11770868e-01 1.69551873e+00
    -6.73972726e-01 9.76502597e-01 1.11393929e-02 7.66672790e-01
    1.03255200e+00 1.71430385e+00 2.88320005e-01 8.63851011e-01
    2.08127677e-01 7.78145790e-01 1.25049901e+00 -2.64571965e-01
    6.14597619e-01 4.28968728e-01 1.23841047e+00 7.41544187e-01
    1.16383219e+00 -3.74233514e-01 8.31578732e-01 -2.74913311e-02
    -5.09164155e-01 1.48294771e+00 -1.63103342e-01 7.10002065e-01
    5.86551130e-01 1.94331765e-01 1.70669413e+00 -9.78292823e-02
    -4.24824387e-01 -7.83603489e-01 -4.06604767e-01 -3.40989858e-01
    3.20272982e-01 6.63429499e-03 1.30969620e+00 -5.30962825e-01
    1.98167562e-01 -4.96961474e-02 1.42649782e+00 1.17808962e+00
    1.72864497e-01 5.25469184e-02 -1.27232552e-01 1.06142092e+00
    -6.15734637e-01 3.36148739e-02 1.15942037e+00 5.55955172e-01
    1.15442681e+00 -6.27255082e-01 1.24836159e+00 3.95022273e-01
    6.35220051e-01 1.11028194e-01 2.52748460e-01 3.07417631e-01
    1.54628229e+00 4.65073198e-01 5.45269370e-01 9.39618289e-01
    1.27372098e+00 1.32976890e+00 5.04303515e-01 2.25693583e-01
    -1.22176051e-01 1.57230365e+00 1.10857856e+00 1.69334102e+00
    9.75159109e-01 -6.07910633e-01 8.07203710e-01 -5.19497395e-02
    -3.55290204e-01 -2.99090803e-01 1.59688365e+00 1.30298936e+00
    5.75605094e-01 -2.15139151e-01 1.11120045e-01 -1.71508789e-02
    1.28255868e+00 -3.47027332e-01 1.72294903e+00 1.57542646e-01
    -4.91588891e-01 1.25389314e+00 3.48319411e-01 -1.78734601e-01
    -3.85764003e-01 1.32952356e+00 1.49675953e+00 7.39599884e-01
    -4.35235500e-02 1.08560193e+00 1.60190344e+00 1.77412033e+00
    7.06384718e-01 -5.84829569e-01 7.49294162e-02 5.71042240e-01
    8.34366739e-01 3.78503382e-01 5.40602982e-01 -4.87595230e-01
    1.53867519e+00 1.09518254e+00 1.03056860e+00 1.27015853e+00
    2.74575174e-01 6.86369777e-01 7.51162767e-02 -5.76385140e-01
    -4.66343880e-01 1.66143727e+00 4.45319414e-01 -4.33269531e-01
    -6.89555049e-01 8.54825854e-01 7.69862473e-01 1.70804501e+00
    -3.49873304e-03 4.16949987e-01 3.24662268e-01 1.42763925e+00
    -6.57431245e-01 -3.77474725e-01 -3.57232094e-01 -4.58940446e-01
    1.47642553e-01 -2.54974008e-01 -1.03777647e-02 1.34343648e+00
    1.74445367e+00 -1.02165699e-01 5.67940533e-01 1.29581344e+00
    1.66131675e-01 4.19672728e-02 -3.54299635e-01 9.27702069e-01
    8.71685982e-01 7.17341423e-01 -4.06918287e-01 1.56990099e+00
    -5.09459972e-02 1.22239769e+00 -2.19676793e-01 1.25770521e+00
    3.17230225e-01 2.62598455e-01 1.43852043e+00 4.40828204e-01
    6.21588290e-01 1.42457426e-01 9.62965190e-01 -4.50943887e-01
    8.19626689e-01 3.97315145e-01 1.61732674e+00 1.53715968e+00
    1.11327553e+00 -2.11208880e-01 3.88917685e-01 1.08529305e+00
    -2.61240959e-01 -8.11349630e-01 1.16052008e+00 -2.06990778e-01
    3.75612438e-01 2.17189312e-01 6.67297661e-01 4.07203317e-01
    8.54991674e-01 2.58017957e-01 -2.50343442e-01 -6.96929872e-01
    -3.74623418e-01 9.71547782e-01 9.34177160e-01 4.29752350e-01
    -7.84486890e-01 1.42964411e+00 8.25065374e-03 1.10078573e+00
    -2.19109416e-01 -8.75567198e-02 -2.56796300e-01 1.21094859e+00
    1.61728549e+00 -3.55008692e-01 -2.20877409e-01 6.52273774e-01
    1.20219064e+00 4.97079313e-01 4.23964560e-01 -1.67227745e-01
    3.39911580e-01 -6.69315219e-01 6.54261708e-01 -4.18655396e-01
    -2.13934004e-01 1.41402912e+00 1.82087064e-01 -3.14830005e-01
    1.31433070e+00 1.30302906e+00 -6.87890828e-01 1.12222123e+00
    -5.39301038e-01 7.26060987e-01 -7.35429645e-01 1.33587646e+00
    2.85390258e-01 -6.67370439e-01 6.08151972e-01 1.68187618e+00
    7.12097883e-02 1.34689677e+00 4.59740102e-01 9.64926541e-01
    5.41586995e-01 -1.85979962e-01 1.57708859e+00 -6.02413893e-01
    -6.03901744e-02 3.07937205e-01 1.31923699e+00 1.49490738e+00
    1.57616019e+00 -3.36990148e-01 -6.90408528e-01 -1.62521899e-01
    5.75709343e-03 5.26539326e-01 1.30274153e+00 5.14014304e-01
    8.64048064e-01 1.37509799e+00 1.31855154e+00 -2.60387719e-01
    -4.06037837e-01 2.69965529e-01 -5.39173067e-01 3.10148835e-01
    -6.28334880e-01 9.29787755e-02 3.54582727e-01 1.72755945e+00
    1.41226792e+00 -3.18482518e-01 1.71881652e+00 1.62735629e+00
    1.33785844e+00 -6.11117125e-01 1.53132463e+00 1.53862715e+00
    1.37635946e+00 3.14691305e-01 -1.69488728e-01 1.35159194e-01
    -4.33433086e-01 1.53413367e+00 5.14177561e-01 8.70812416e-01
    -6.20295048e-01 -5.39655864e-01 2.47979283e-01 6.06010675e-01
    8.18196654e-01 5.80312967e-01 3.27365398e-02 1.03155553e+00
    3.37769926e-01 1.19652534e+00 1.42621064e+00 1.01448822e+00
    -1.94561064e-01 1.40882814e+00 -6.03770137e-01 -1.37425900e-01
    4.07019377e-01 1.15712643e-01 1.56290126e+00 9.99956131e-02
    4.53140199e-01 5.41685462e-01 1.12794709e+00 9.62927282e-01
    1.86352611e-01 1.86824739e-01 1.53609097e+00 1.66020393e-01
    1.38061094e+00 9.53929007e-01 -1.00092888e-02 1.38286781e+00
    -6.89714909e-01 9.79920983e-01 -4.77475554e-01 1.26938081e+00
    1.22676373e+00 -1.10078514e-01 -3.39024544e-01 1.37131333e-01
    1.68484879e+00 1.87741053e+00 1.09218311e+00 1.37271082e+00
    1.85186374e+00 1.29768229e+00 -3.05332959e-01 7.05374479e-01
    6.92052484e-01 3.29836756e-01 3.68361235e-01 2.46376455e-01
    6.43205285e-01 6.86240137e-01 -2.72670567e-01 1.30634332e+00
    1.55807590e+00 1.16011262e+00 4.12279844e-01 1.56711340e-01
    3.32316935e-01 -7.96866775e-01 6.34618580e-01 1.15732503e+00
    6.91414833e-01 9.58788276e-01 1.68606997e+00 4.00161386e-01
    4.77284312e-01 -6.49168253e-01 1.48993909e+00 1.81738579e+00
    9.75055039e-01 4.78282154e-01 -3.50714922e-02 1.85413361e-01
    1.01162529e+00 3.75253856e-01 -5.99472284e-01 -7.86837280e-01
    -1.47447705e-01 1.57068992e+00 1.00939369e+00 1.00120449e+00
    1.30436981e+00 -2.71518648e-01 1.05535173e+00 6.94669485e-01
    1.61721969e+00 1.09026527e+00 -1.29204214e-01 4.76344824e-01
    6.01206541e-01 7.12997973e-01 1.76622581e+00 -6.06341362e-01
    -3.69741470e-01 -7.76987612e-01 1.02122629e+00 9.42973673e-01
    1.04885101e+00 1.00651073e+00 -5.30277550e-01 -2.15542793e-01
    -5.69099486e-01 1.66808844e+00 6.58675313e-01 3.19516897e-01
    1.19242871e+00 1.83666754e+00 -3.21330100e-01 -5.82374573e-01
    1.78229213e+00 -5.15632331e-01 4.46345091e-01 7.47083962e-01
    3.46534848e-02 5.16474724e-01 -5.81835270e-01 1.78213751e+00
    1.65403962e+00 3.67896199e-01 1.24118423e+00 1.34518015e+00
    3.88374448e-01 -2.20832527e-01 4.63790476e-01 1.35894728e+00
    7.60660410e-01 -2.73496389e-01 2.68918872e-02 -6.70679986e-01
    -4.43691790e-01 1.63751721e-01 -6.18230760e-01 4.71059918e-01
    1.03403795e+00 3.16658735e-01 6.51839852e-01 1.55772710e+00
    3.14786553e-01 -3.78669769e-01 3.59588742e-01 -2.41641819e-01
    -1.18034720e-01 1.38489676e+00 -4.42700624e-01 -3.15531313e-01
    1.32012784e-01 -6.02391839e-01 6.10477746e-01 1.27381206e+00
    3.04936588e-01 1.62279081e+00 7.11148083e-01 6.44256771e-01
    6.19077086e-01 1.35893488e+00 1.42428350e+00 7.24232554e-01
    -1.15119874e-01 3.26932251e-01 5.38106561e-02 1.11059141e+00
    -1.74609303e-01 6.31117642e-01 3.54338229e-01 1.58021367e+00
    1.75342762e+00 1.27999043e+00 6.40121162e-01 -4.61885631e-01
    1.41198254e+00 9.83464777e-01 8.60241830e-01 4.40079451e-01
    7.89357424e-01 1.58189952e+00 8.11761796e-01 -7.41783977e-02
    7.32850075e-01 1.36828327e+00 4.98807788e-01 -3.83406609e-01
    -1.23603344e-01 -2.69797862e-01 -1.52693450e-01 3.60782325e-01
    1.04246140e-01 2.53228545e-02 -5.78914762e-01 1.15367150e+00
    2.31312633e-01 -4.77814734e-01 -1.30477250e-01 -2.15513766e-01
    1.59090495e+00 1.69627118e+00 8.59605730e-01 -4.01188642e-01
    1.90276682e-01 -6.74535394e-01 -6.57302976e-01 -3.87745827e-01
    1.14282846e+00 -6.55832708e-01 9.42452252e-01 -5.46158612e-01
    1.21987224e-01 2.69560218e-02 1.74718857e-01 1.10675049e+00
    1.68911695e+00 1.55816507e+00 2.77967215e-01 4.34656322e-01
    -9.59880948e-02 1.05070996e+00 8.57664168e-01 3.09434891e-01
    8.36484313e-01 1.69611824e+00 1.30600572e+00 4.89028037e-01
    -2.84365416e-01 -3.29024434e-01 4.42200363e-01 5.64871550e-01
    1.72371578e+00 1.39150739e+00 1.35203576e+00 -7.30150998e-01
    1.58777070e+00 1.64628148e+00 3.97554100e-01 8.57851148e-01
    3.50069642e-01 1.61767745e+00 -7.73240805e-01 1.20141697e+00
    8.37243736e-01 7.89915383e-01 3.90573919e-01 1.55814874e+00
    4.70324218e-01 -1.69112504e-01 -2.93445587e-01 -1.57802343e-01
    1.40029168e+00 1.36954331e+00 -7.67511725e-01 -2.61949182e-01
    5.86055517e-01 -7.31958807e-01 1.53138614e+00 -8.01029146e-01
    -1.89556301e-01 -7.97221482e-01 -1.73013568e-01 1.42394567e+00
    -6.34607434e-01 6.76689744e-02 4.65214431e-01 5.28117120e-01
    9.30221021e-01 6.39311135e-01 9.04291928e-01 1.17926764e+00
    1.13996935e+00 5.84940434e-01 1.69707167e+00 -8.12883317e-01
    1.05091500e+00 1.46540785e+00 5.92957795e-01 1.63553238e+00
    1.87566400e-01 1.11241400e+00 6.70543015e-01 4.67777431e-01
    5.28002083e-01 9.99799192e-01 1.59683442e+00 -7.72403717e-01
    1.06587601e+00 6.91599131e-01 9.25628364e-01 -4.07288492e-01
    4.00553226e-01 1.28326631e+00 -6.80827081e-01 1.29464006e+00
    4.81171131e-01 5.70902884e-01 7.68657386e-01 1.80480123e+00
    -6.52303100e-01 6.23525977e-01 1.09796190e+00 -5.33906817e-01
    1.52918398e-01 -8.91003311e-02 1.73672199e+00 -3.15903127e-01
    2.49749511e-01 2.96781272e-01 7.10195720e-01 -3.39427114e-01
    -4.00725484e-01 6.30299091e-01 1.44559109e+00 5.73873520e-02
    9.56955075e-01 1.48015082e-01 1.62475634e+00 1.08762813e+00
    8.06457818e-01 -6.81669831e-01 2.00230598e-01 2.13903189e-03
    1.59224534e+00 5.00080645e-01 1.63247776e+00 -1.10287607e-01
    -6.12750053e-01 -5.04596114e-01 -2.16544628e-01 1.26976347e+00
    -7.65719771e-01 -6.99150681e-01 2.16457427e-01 5.67474961e-01
    -7.78775573e-01 7.69612789e-02 -5.61304092e-02 8.36688638e-01
    1.26001084e+00 8.79923284e-01 -2.90526628e-01 -2.12597430e-01
    8.94480348e-02 5.63168943e-01 8.66120994e-01 5.80379367e-01
    6.58218145e-01 -5.95684111e-01 1.59392548e+00 5.76143682e-01
    5.50744057e-01 3.29041421e-01 1.02766931e-01 2.41926312e-02
    7.30977237e-01 -4.32078868e-01 7.19508529e-02 6.60003066e-01
    1.23116088e+00 -7.62423992e-01 2.11857915e-01 -4.06232178e-01
    -4.73517329e-01 9.72866118e-01 1.49380982e-01 5.78603745e-02
    1.30861890e+00 1.06974745e+00 -5.01795113e-01 1.47637391e+00
    1.32449460e+00 8.49712253e-01 1.21627116e+00 -3.17817718e-01
    1.42784739e+00 -3.87093008e-01 1.00348186e+00 9.36141253e-01
    1.29859114e+00 -3.20337415e-02 1.74662411e-01 -7.15746522e-01
    -3.29860449e-02 3.52964997e-01 8.95310700e-01 5.17811418e-01
    1.75121069e+00 2.54776359e-01 1.65700531e+00 2.05281436e-01
    -6.05234027e-01 -7.27171063e-01 -1.42506123e-01 7.54151285e-01
    2.60788679e-01 1.51938033e+00 -4.63000655e-01 7.84235120e-01
    1.15572381e+00 6.47782564e-01 9.85768318e-01 -1.39301836e-01
    6.88934922e-01 1.24900508e+00 -5.92885137e-01 4.24316287e-01
    -3.54640067e-01 3.54973078e-01 1.66715670e+00 -5.02780557e-01
    1.56420445e+00 1.42277503e+00 -6.15592062e-01 9.15715992e-01
    2.00726926e-01 -3.84585172e-01 7.72013605e-01 5.28505385e-01
    1.49401605e-01 8.42823923e-01 4.32965934e-01 1.75315678e+00
    -2.64819682e-01 8.18660200e-01 7.60120034e-01 4.31095302e-01
    1.32898641e+00 3.52689922e-01 1.11671877e+00 -4.35179561e-01
    -1.87687218e-01 1.29592657e+00 9.57706749e-01 1.45938802e+00
    9.39585924e-01 9.63054359e-01 -2.43462324e-02 1.43249238e+00
    1.56135249e+00 1.74547434e+00 1.24924684e+00 1.66089988e+00
    1.62173057e+00 2.31696308e-01 1.01223969e+00 1.32447815e+00
    7.54827380e-01 6.95110977e-01 -3.10809910e-01 1.45901573e+00
    1.45144367e+00 1.72360241e-01 1.49485767e+00 1.22336125e+00
    1.69056344e+00 1.05456948e+00 1.18002677e+00 2.35260129e-01
    1.01957250e+00 1.66430116e+00 7.00117826e-01 1.79010105e+00
    1.49758697e+00 4.46015418e-01 -3.81575048e-01 1.05185938e+00
    7.66193986e-01 -6.83466077e-01 -4.47331965e-01 1.68989229e+00
    1.06165421e+00 -5.76845288e-01 -3.61451507e-02 -4.87695575e-01
    -4.53130811e-01 1.37833095e+00 2.54875660e-01 8.80802155e-01
    -4.98126060e-01 -1.03548884e-01 1.24278665e+00 -1.73327327e-02
    8.48293304e-02 1.67360926e+00 7.84592927e-01 -6.11576676e-01
    3.54507327e-01 -7.98224628e-01 1.27862382e+00 -3.54286522e-01
    9.10586953e-01 2.35978305e-01 1.87405884e-01 5.53516746e-02
    1.23031521e+00 -3.24487001e-01 1.13474667e-01 -3.92747074e-01
    -1.72961354e-01 1.01783562e+00 1.66887152e+00 5.98753214e-01
    -9.50695872e-02 1.69588876e+00 8.56268108e-01 1.70080793e+00
    1.75086117e+00 -7.67381668e-01 1.06325746e-01 -1.65082097e-01
    4.28081334e-01 1.46852803e+00 1.56830788e+00 -7.04960644e-01
    9.27977085e-01 -2.09445357e-01 7.06346154e-01 1.37504184e+00
    8.08148086e-01 2.74595201e-01 -4.76624846e-01 -5.49839616e-01
    -1.07728839e-02 5.15689135e-01 1.73254013e+00 -5.86873770e-01
    8.96475017e-01 1.26295865e-01 -8.08579028e-01 3.47037017e-01
    1.69848859e-01 5.36846817e-01 -6.02084935e-01 -4.36324596e-01
    9.38170373e-01 -1.48778856e-01 1.38434398e+00 1.49680758e+00
    -3.66916656e-01 1.41193378e+00 -3.16016674e-02 -6.50931478e-01
    1.44078970e-01 1.55243349e+00 1.46455908e+00 1.15980244e+00
    9.09463108e-01 1.28564668e+00 9.44391906e-01 7.86992967e-01
    -8.04347396e-02 4.60825086e-01 -4.61365968e-01 -5.33518910e-01
    1.29061103e+00 1.67737007e+00 -2.34084278e-01 1.44531417e+00
    -1.22738481e-02 -4.58577484e-01 -4.15365368e-01 9.83191848e-01
    6.55232847e-01 7.57831097e-01 1.87906837e+00 9.73467886e-01
    1.44215870e+00 1.80258048e+00 -2.38763958e-01 2.24542320e-01
    1.35417700e+00 -3.70564282e-01 5.83623827e-01 1.67086339e+00
    9.84852195e-01 7.19692826e-01 1.74648523e+00 -1.33308828e-01
    -2.73237467e-01 1.09593844e+00 -4.52445745e-01 1.47316575e+00
    2.72088826e-01 1.09507990e+00 1.61077595e+00 5.97117662e-01
    1.30756390e+00 -2.67307043e-01 -1.24198854e-01 1.66382957e+00
    -1.72245324e-01 6.42891943e-01 3.46054435e-02 -7.14335024e-01
    1.13816261e+00 -4.20275778e-01 7.35711813e-01 -5.56109905e-01
    6.62344038e-01 1.15439093e+00 7.13545501e-01 1.16154957e+00
    1.45398235e+00 6.36624932e-01 1.64115548e+00 8.60542357e-01
    -2.61851966e-01 6.51345491e-01 7.10220814e-01 4.00729179e-01
    6.77239478e-01 2.41183519e-01 1.76967776e+00 -6.18059635e-01
    -5.27972698e-01 5.37320852e-01 -2.89188266e-01 -6.01840854e-01
    5.69115520e-01 -2.01649129e-01 1.35575938e+00 1.68017554e+00
    1.07606506e+00 -3.85315120e-01 -3.02360207e-01 1.45118856e+00
    1.65109873e+00 -6.65774822e-01 -1.07120275e-02 -6.06290877e-01
    -1.21396780e-02 -5.54083526e-01 -7.55881965e-01 -4.91045803e-01
    1.40019989e+00 -5.78649163e-01 -5.97431183e-01 -1.53341949e-01
    6.44872069e-01 -1.09163165e-01 9.52724755e-01 6.08691812e-01
    1.45802259e+00 1.75649738e+00 1.82703376e-01 5.67339659e-01
    -7.71574497e-01 1.41757786e+00 5.89074016e-01 1.38992476e+00
    1.69652200e+00 -1.89792335e-01 1.11489773e+00 1.13728690e+00
    -3.59404802e-01 1.28377557e-01 4.50960219e-01 2.68791437e-01
    6.32246733e-02 1.35045230e+00 -6.64740562e-01 5.52130997e-01
    3.51078749e-01 -5.96280098e-02 1.48715687e+00 6.62121415e-01
    -6.00455880e-01 3.82499695e-02 -6.46504879e-01 1.69033611e+00
    1.32083654e+00 8.75596523e-01 -6.68361664e-01 -1.75643563e-01
    6.11392617e-01 1.96627498e-01 1.19860864e+00 -5.99693239e-01
    -1.25312209e-02 -8.19611192e-01 1.31841731e+00 -6.11062348e-01
    1.36226666e+00 2.79902101e-01 1.01707292e+00 9.56848979e-01
    3.43164086e-01 -6.34220421e-01 -3.19707394e-03 -2.29706168e-01
    5.08667886e-01 1.53617632e+00 4.61785734e-01 1.19918168e+00
    1.16635048e+00 8.18297684e-01 -6.25710785e-01 1.47739422e+00
    1.11850953e+00 3.06436300e-01 2.03825057e-01 1.87019169e-01
    1.22220206e+00 3.75815034e-02 1.62056327e+00 1.30794978e+00
    1.59892178e+00 1.47525322e+00 -7.19844937e-01 1.71779823e+00
    9.06931877e-01 4.14662540e-01 -1.43164039e-01 5.80756664e-02
    -1.69356585e-01 -1.90454960e-01 1.46728599e+00 7.03584790e-01
    9.35357809e-02 8.04095268e-02 -6.07242644e-01 1.24334788e+00
    6.49005592e-01 8.58714581e-01 -4.64358211e-01 1.45351493e+00
    1.00984240e+00 -3.28684509e-01 -6.41123414e-01 1.45653057e+00
    -3.19374681e-01 1.54167879e+00 1.11134148e+00 -4.31252629e-01
    -1.13536596e-01 3.09832394e-01 2.73789704e-01 1.42760205e+00
    -5.40630460e-01 -2.26924419e-02 -6.81220055e-01 5.07241070e-01
    1.15792060e+00 5.69447875e-02 -9.86221433e-02 1.03341746e+00
    6.42154276e-01 6.86981559e-01 8.54950428e-01 -5.34765005e-01
    9.11208630e-01 7.61775970e-02 -4.68074262e-01 6.71431661e-01
    1.80681539e+00 1.47491372e+00 1.17809105e+00 6.22024000e-01
    3.74886930e-01 1.64713395e+00 1.31035042e+00 2.68039107e-02
    3.31992149e-01 1.55918121e-01 -2.94172883e-01 1.45162177e+00
    9.18250978e-01 6.97081745e-01 5.19032478e-02 2.95859039e-01
    1.76441169e+00 -3.25816572e-01 8.87969375e-01 7.83665061e-01
    1.74229193e+00 8.07802677e-02 1.53704214e+00 -2.38119721e-01
    -4.07029539e-01 1.05691862e+00 1.54864383e+00 -5.52533269e-02
    3.93308699e-01 -4.54277039e-01 -1.66146874e-01 -5.12905002e-01
    1.03934908e+00 1.10792565e+00 -3.49168777e-02 7.93324351e-01
    7.12471128e-01 -4.05565083e-01 1.04258943e+00 1.32768464e+00
    7.31577873e-01 9.11306143e-01 1.49374187e+00 -2.14747190e-01
    1.81552172e-02 1.08586216e+00 1.68378043e+00 -4.59575921e-01
    7.20213771e-01 1.23282790e+00 1.95562780e-01 -1.11854970e-01
    -7.82446563e-01 1.43490624e+00 2.22939432e-01 -4.42484528e-01
    1.76213861e-01 1.43739629e+00 1.64151907e+00 1.04698622e+00
    -5.34520864e-01 9.65016484e-02 1.23069906e+00 1.02982605e+00
    1.47317863e+00 -3.44731867e-01 1.77687740e+00 2.84895241e-01
    2.69398749e-01 1.74503446e-01 1.03625941e+00 5.65660894e-01
    1.06560564e+00 -7.64450848e-01 1.14372945e+00 6.80820763e-01
    6.62957072e-01 1.04281485e+00 1.09513760e+00 1.13789773e+00
    1.04646873e+00 9.51208651e-01 -6.40226603e-02 -1.95924699e-01
    1.74197531e+00 -3.02809000e-01 -5.10052085e-01 3.73608649e-01
    7.22447217e-01 1.15977144e+00 -3.71606350e-02 9.84972298e-01
    -2.74841785e-01 7.98357308e-01 9.01103854e-01 -1.25987589e-01
    -6.53633118e-01 1.22307277e+00 -1.02921069e-01 1.27723694e+00
    4.01254177e-01 -7.17399478e-01 -4.93908495e-01 1.71057034e+00
    6.24632835e-01 6.75958395e-01 1.51996684e+00 4.78469729e-02
    1.09480119e+00 4.53637362e-01 -5.26376247e-01 1.44402695e+00
    1.31094348e+00 -6.11832619e-01 1.18574917e+00 -5.93065917e-01
    1.56220317e+00 1.13602614e+00 7.88450241e-03 -3.62223983e-01
    9.64718699e-01 1.65439713e+00 6.84478104e-01 -7.04302311e-01
    -5.03684759e-01 4.51109886e-01 3.09047818e-01 -3.64021450e-01
    -7.48850107e-01 1.75992846e-02 -5.20972371e-01 1.13870549e+00
    6.45695806e-01 4.46517527e-01 8.83472562e-01 6.78505301e-02
    4.70645964e-01 7.08018303e-01 6.04039431e-01 8.28703165e-01
    1.08867359e+00 6.95064604e-01 7.10542619e-01 1.59762919e+00
    8.83047521e-01 1.83326888e+00 4.52454686e-02 -5.53315401e-01
    1.71020234e+00 -1.30930483e-01 1.25861573e+00 -1.65892601e-01
    -3.82204056e-01 -3.65755558e-02 -7.88822770e-02 3.45916450e-01
    -1.46892071e-02 1.50600457e+00 2.29268074e-01 1.63844967e+00
    2.47022212e-01 1.73688710e+00 1.54967308e+00 1.53645539e+00
    1.50815821e+00 -6.40282512e-01 1.11693311e+00 1.58483958e+00
    1.86577976e-01 8.14892888e-01 1.71441340e+00 1.06391144e+00
    -2.49363005e-01 -6.67020679e-01 4.78409350e-01 -3.57439488e-01
    1.09622717e-01 1.33108473e+00 1.76593184e+00 6.73004985e-01
    7.70183563e-01 1.41893172e+00 1.63441658e+00 9.96226132e-01
    1.20788288e+00 1.01389837e+00 4.20789897e-01 1.28434491e+00
    9.05692458e-01 -6.86079860e-01 2.94347286e-01 6.94295764e-01
    -2.07207501e-01 6.20623648e-01 9.54583406e-01 1.42911971e+00
    -1.89814329e-01 -9.49214101e-02 1.48133326e+00 9.94237959e-01
    6.45917296e-01 1.14157355e+00 5.24278283e-02 5.60379565e-01
    1.12520456e-01 1.11779153e+00 1.34947467e+00 -4.83111560e-01
    7.94333935e-01 -5.30236065e-01 -7.83005536e-01 1.65215611e+00
    5.33752739e-01 6.55261099e-01 6.49350762e-01 9.42446589e-02
    -2.13440657e-02 -4.72570151e-01 1.63256717e+00 -1.63981438e-01
    1.14916396e+00 -4.66449320e-01 1.49287391e+00 1.05388546e+00
    1.06354642e+00 -8.29223990e-02 1.04483867e+00 4.88834321e-01
    1.30713177e+00 1.53131497e+00 -1.04652703e-01 -3.87652516e-01
    -5.51640987e-04 1.21323109e+00 -6.32328987e-01 -4.35947090e-01
    -1.27859354e-01 5.72483718e-01 2.59600520e-01 9.68367517e-01
    1.72024035e+00 1.21428287e+00 1.27454889e+00 9.32346284e-01
    1.35598636e+00 -1.54943764e-01 5.56555986e-02 9.09833133e-01
    7.73239613e-01 6.29827082e-01 -5.68696439e-01 7.95530081e-02
    -3.50349367e-01 7.86897540e-02 7.68451273e-01 1.59495473e+00
    4.73840475e-01 4.04139161e-01 1.36981654e+00 1.07833338e+00
    9.41676795e-01 1.06037533e+00 -3.14426243e-01 -2.66596973e-01
    -5.17336965e-01 8.08993459e-01 -4.05655861e-01 7.33191848e-01
    1.79971874e-01 1.40940452e+00 -4.76979703e-01 9.87214744e-01
    -3.51412028e-01 1.65019202e+00 1.00733948e+00 -4.30551529e-01
    1.41117334e+00 8.80602062e-01 2.67664313e-01 1.37191081e+00
    1.38737273e+00 1.06757569e+00 1.60161090e+00 1.42529309e+00
    1.64966464e-01 2.84794986e-01 1.75365424e+00 1.75141621e+00
    7.57370651e-01 -2.15031385e-01 -7.18673587e-01 1.58058262e+00
    1.02922618e+00 1.18988752e-02 1.47207797e+00 1.25281644e+00
    1.66173315e+00 6.40669286e-01 -6.75340354e-01 -9.35684443e-02
    5.51233172e-01 3.25639248e-02 -8.14116418e-01 1.67995942e+00
    6.20714784e-01 4.86053705e-01 5.56285381e-02 1.00700462e+00
    -5.25923729e-01 -1.98582470e-01 1.28480196e+00 1.06048250e+00
    1.66478455e+00 -2.13607460e-01 1.44132876e+00 -5.81895709e-02
    1.99986577e+00 -5.01206696e-01 9.93412018e-01 1.31237268e-01
    5.73436737e-01 7.01613545e-01 -4.26519781e-01 1.39939916e+00
    8.64251792e-01 4.17200923e-01 2.80663848e-01 1.26135468e+00
    1.01151800e+00 -6.25950158e-01 -1.92959070e-01 -5.19181669e-01
    -3.22601020e-01 6.70131087e-01 -1.24871969e-01 1.64541245e-01
    5.69218159e-01 5.45026124e-01 1.36703944e+00 2.28946984e-01
    -2.60185182e-01 9.95744109e-01 -3.68264496e-01 7.21954346e-01
    7.36993253e-01 -5.82689047e-03 3.45258117e-02 5.16212225e-01
    1.48078382e+00 1.03109598e+00 -1.22250319e-01 -6.95229232e-01
    -5.76362133e-01 8.81196380e-01 1.73826849e+00 1.37979853e+00
    -6.38329029e-01 -5.13578296e-01 -3.38913441e-01 7.07369566e-01
    1.57933104e+00 -4.49619412e-01 5.66984534e-01 1.24730992e+00
    8.25739801e-01 1.42843771e+00 9.00707662e-01 1.73872876e+00
    6.23496056e-01 9.11010504e-02 -5.86325824e-01 1.55635190e+00
    6.52771056e-01 -4.22225952e-01 1.32479882e+00 4.39679623e-03
    -1.17156804e-01 1.06186724e+00 1.69351149e+00 -2.18881905e-01
    -2.36234367e-01 9.50560033e-01 7.41906762e-01 9.23849344e-01
    1.55645609e-03 -4.46478873e-01 -2.26226747e-01 -4.00592685e-01
    1.04698205e+00 5.86922586e-01 1.53182101e+00 2.80087411e-01
    -1.08356237e-01 -2.07016230e-01 -5.46938539e-01 -3.59015197e-01
    6.61886215e-01 -6.16915822e-01 -5.85786223e-01 1.11780405e+00
    1.71446943e+00 -4.34161663e-01 2.92767882e-01 2.52682507e-01
    -4.99649793e-01 -2.83542395e-01 9.75474775e-01 -7.50978708e-01
    -1.63810492e-01 1.91877902e-01 6.92116916e-01 1.26526117e-01
    -2.63712704e-01 1.74315059e+00 7.95019984e-01 8.80663157e-01
    -4.19700027e-01 1.05655599e+00 1.55991173e+00 3.37366223e-01
    5.23144066e-01 1.10261095e+00 -2.50138879e-01 1.48293889e+00
    1.31074333e+00 -8.23128462e-01 6.68967366e-01 -2.23761261e-01
    1.12254381e+00 9.47420835e-01 1.11858106e+00 -2.51801491e-01
    -4.20841098e-01 1.49887800e+00 1.48916268e+00 1.94337368e-01
    1.08645582e+00 4.72087860e-02 -1.48870289e-01 8.10008526e-01
    -5.53254962e-01 -7.56454229e-01 1.76009476e+00 1.13075614e+00
    6.29443765e-01 1.52961028e+00 -7.22831249e-01 -8.13666999e-01
    -1.76292062e-02 -1.88385129e-01 1.58338559e+00 2.72374749e-01
    -7.24485278e-01 1.57008553e+00 1.11504591e+00 7.50772655e-01
    3.32886934e-01 5.75053394e-01 1.59697509e+00 -1.05542421e-01
    6.61649406e-01 1.47615230e+00 3.99778962e-01 8.34307253e-01
    8.29851985e-01 -5.93709052e-01 2.95093358e-01 1.56578541e+00
    5.96131623e-01 9.55016315e-01 1.76623714e+00 7.54286408e-01
    7.11769879e-01 1.15080333e+00 -3.56124371e-01 -3.04723144e-01
    1.06347203e+00 1.63630450e+00 1.05220759e+00 -2.28602648e-01
    -8.78450274e-02 1.26307857e+00 1.59742188e+00 -5.61449230e-01
    -1.39170349e-01 3.03992808e-01 1.08611846e+00 1.00032759e+00
    -5.10403574e-01 7.52590954e-01 -2.08691359e-01 1.73572564e+00
    1.07945859e-01 1.46860993e+00 5.69368184e-01 -1.15346551e-01
    9.22729909e-01 -3.61652732e-01 -1.71433628e-01 9.38195050e-01
    2.46380806e-01 -7.04955220e-01 1.30315518e+00 1.61332774e+00
    1.55007672e+00 -4.35714424e-01 1.26964355e+00 4.32889044e-01
    -4.72786576e-01 -7.13225245e-01 1.18804049e+00 6.99077785e-01
    1.08293331e+00 1.51796103e+00 -6.55238092e-01 -6.55627251e-01
    9.72090483e-01 -5.66732287e-02 -2.32041597e-01 6.62492275e-01
    1.26765919e+00 6.05576038e-01 1.74049151e+00 -4.46864814e-01
    -5.12303174e-01 5.89334428e-01 1.56518710e+00 1.22531796e+00
    -1.46276593e-01 -2.99567401e-01 1.45658731e+00 1.42749715e+00
    9.78473425e-02 1.35810983e+00 -3.24059933e-01 -5.29505134e-01
    -4.17822599e-03 7.45205045e-01 7.13617563e-01 1.76475382e+00
    4.61542547e-01 4.44230437e-01 -6.20724976e-01 1.00473833e+00
    8.91594470e-01 1.12371993e+00 2.34325171e-01 -7.75355458e-01
    -1.30669892e-01 1.31155276e+00 -5.30009627e-01 1.51777720e+00
    1.30731761e-01 6.22902989e-01 1.13725984e+00 2.29604363e-01
    1.53615689e+00 -4.99082297e-01 1.19810200e+00 1.09819031e+00
    1.75849867e+00 1.63958442e+00 1.16386652e+00 -4.92295533e-01
    4.61900234e-01 2.19939768e-01 1.58525181e+00 1.40525460e-01
    1.46489692e+00 -5.43779373e-01 5.83390355e-01 1.97875214e+00
    -5.15489697e-01 1.64621186e+00 2.08491594e-01 -2.32510701e-01
    -3.63034785e-01 1.91422832e+00 1.71508861e+00 -1.75876260e-01
    1.78104854e+00 1.28330493e+00 1.62551212e+00 1.44285786e+00
    1.30520964e+00 -2.29413509e-02 -7.14148879e-02 1.41657591e+00
    2.91195512e-02 9.41058159e-01 1.24389911e+00 -5.95428705e-01
    1.35964012e+00 1.67286611e+00 7.83933222e-01 1.56548476e+00
    -4.50180113e-01 1.16552639e+00 4.74158287e-01 -4.49133843e-01
    4.11102176e-02 6.39339745e-01 -7.72890329e-01 1.60949588e+00
    -6.95110798e-01 1.32932854e+00 3.45159113e-01 1.32613969e+00
    1.08021545e+00 8.38114321e-01 3.86490166e-01 8.45511138e-01
    8.97917747e-02 1.48921931e+00 4.47861195e-01 -1.89172924e-01
    -3.14597309e-01 2.47764289e-01 -4.43644315e-01 1.24087238e+00
    1.07121313e+00 -7.82038152e-01 -2.31918097e-02 -3.42237741e-01
    1.79523182e+00 1.06409550e+00 1.61674702e+00 1.65780520e+00
    6.07665300e-01 7.47851551e-01 1.81771755e-01 1.02201355e+00
    1.12041140e+00 -3.11941803e-01 1.76958859e-01 1.75676560e+00
    2.77580857e-01 1.41953886e-01 1.44852543e+00 2.25859404e-01
    -7.72335470e-01 -5.29247522e-03 1.74140382e+00 -5.82264304e-01
    1.00675845e+00 -5.94292045e-01 -6.60068095e-01 1.25891924e+00
    4.26906347e-03 1.42874384e+00 4.34929550e-01 7.56368160e-01
    -3.48436534e-01 -1.43403947e-01 -7.43321955e-01 1.20398974e+00
    1.30931020e+00 1.54035437e+00 8.67774308e-01 1.55084276e+00
    -4.39183742e-01 7.57730067e-01 1.45255995e+00 3.28439415e-01
    -2.67143130e-01 -5.70903540e-01 9.33372676e-01 1.25072265e+00
    -2.17011213e-01 -5.53889096e-01 1.65020716e+00 1.65417087e+00
    -2.29569316e-01 1.08864498e+00 1.33676171e+00 9.07278180e-01
    -4.76583093e-01 -6.84187412e-02 7.85892546e-01 1.01934111e+00
    6.19458556e-01 -6.69402301e-01 5.22396863e-01 7.58363008e-02
    1.34438682e+00 1.73512256e+00 1.33567870e-01 1.56783032e+00
    -3.23089421e-01 1.23075676e+00 6.69830918e-01 1.66340899e+00
    -5.08775234e-01 6.17148578e-01 -8.10158432e-01 3.55943441e-01
    8.87660265e-01 8.74702275e-01 1.70872474e+00 1.36605763e+00
    1.52486622e-01 1.27573657e+00 1.75143147e+00 -2.13295817e-01
    1.08971000e-02 -5.87302446e-03 8.13956141e-01 -1.84364140e-01
    6.76328480e-01 2.13461578e-01 -6.91214085e-01 -3.83655101e-01
    1.30077207e+00 -4.47541475e-02 -2.99872935e-01 -1.82823658e-01
    1.35140753e+00 -7.04797387e-01 1.62395084e+00 -6.84283495e-01
    1.03537774e+00 3.71396065e-01 2.16645300e-01 4.66327071e-01
    -3.21289748e-01 8.39330196e-01 8.13478231e-01 8.33146214e-01
    5.08088589e-01 4.13888097e-02 1.56761229e+00 5.40746987e-01
    1.74738288e+00 2.63176441e-01 1.39235568e+00 -2.11846113e-01
    1.07554770e+00 -5.04570425e-01 1.63672090e+00 -4.07015562e-01
    4.21537995e-01 9.04151261e-01 7.69399703e-01 2.05577016e-02
    8.41047823e-01 1.17211556e+00 -2.42594540e-01 -7.54351854e-01
    -3.21531296e-03 1.51962972e+00 4.59380805e-01 1.34951246e+00
    -2.31112003e-01 8.84662807e-01 2.20375061e-02 6.97028399e-01
    1.62174416e+00 1.33738422e+00 1.46773148e+00 -6.59990549e-01
    -3.12726855e-01 3.47598732e-01 1.14387751e-01 -2.22303271e-02
    8.24971199e-01 -3.21138918e-01 -9.89712477e-02 1.63339078e+00
    1.61781037e+00 1.00579441e-01 -1.69867694e-01 5.05297422e-01
    -7.63644576e-02 1.15764344e+00 2.92505682e-01 5.57708204e-01
    1.25341797e+00 1.03916717e+00 2.64118671e-01 -7.95725644e-01
    1.02645731e+00 7.39847243e-01 1.55811167e+00 -6.74563766e-01
    -6.21497095e-01 -5.95651269e-01 -2.71919191e-01 -6.77331567e-01
    1.51980495e+00 8.85514677e-01 1.07867026e+00 7.25614130e-01
    4.80605721e-01 1.52199316e+00 -5.55344820e-01 8.51647496e-01
    6.46255612e-02 -1.18162632e-01 1.44128728e+00 1.32119989e+00
    -4.91448790e-01 4.15030241e-01 -5.93029201e-01 1.34409881e+00
    8.06458831e-01 -6.69280767e-01 -7.57112503e-01 4.31581140e-02
    -4.61822748e-03 1.64656448e+00 6.58841729e-02 8.44569623e-01
    -2.55944729e-01 1.28380799e+00 7.03560114e-01 -3.62987369e-01
    1.65450037e+00 1.20493269e+00 -3.66222918e-01 7.76448786e-01
    1.13903511e+00 9.65941966e-01 1.48069739e+00 -2.90120602e-01
    -5.82236648e-01 1.34200442e+00 1.11432147e+00 1.22375059e+00
    -5.11285961e-01 1.48488474e+00 7.60019898e-01 3.48656654e-01
    -2.85251558e-01 1.01732779e+00 -3.96372676e-02 5.30956268e-01
    3.87307703e-01 -2.77436823e-01 5.07858932e-01 -1.53354704e-01
    2.18805313e-01 8.59610200e-01 7.58079171e-01 1.58224678e+00
    -7.03310370e-02 5.55967152e-01 -4.04295534e-01 -1.18384063e-01
    4.58959699e-01 1.00123405e-01 4.20044601e-01 6.54566109e-01
    1.47036099e+00 -3.93335998e-01 1.00447202e+00 1.88496172e-01
    1.16001368e-01 8.20318460e-01 1.86421871e-02 1.28708720e+00
    -4.68738765e-01 -4.84475076e-01 -6.47458911e-01 1.80877864e+00
    1.77388692e+00 -6.49258494e-02 4.02426124e-02 1.07833242e+00
    1.09807801e+00 -8.77248049e-02 1.42477703e+00 6.45081103e-01
    1.45437908e+00 1.40487623e+00 -8.01782012e-02 5.52622795e-01
    -1.02344632e-01 1.04065847e+00 1.05350995e+00 -2.29446709e-01
    7.98374355e-01 1.73087466e+00 2.75344729e-01 6.91434324e-01
    -5.65409541e-01 2.96897411e-01 1.93487227e-01 9.95069802e-01
    -5.16198874e-01 1.68110180e+00 5.12099981e-01 1.35072732e+00
    1.10023594e+00 6.43431723e-01 -2.98935294e-01 1.21745539e+00
    -5.96510589e-01 1.12517548e+00 1.44122434e+00 1.05834174e+00
    4.49368775e-01 1.65180469e+00 1.17880177e+00 5.27929306e-01
    1.49155259e-01 4.66730654e-01 2.54296184e-01 1.42873156e+00
    -7.30122387e-01 1.59645319e-01 -7.28904784e-01 3.95327508e-01
    1.26728535e+00 1.26287937e+00 -5.06715417e-01 -3.02563429e-01
    -6.78302228e-01 1.51196122e-01 3.18084121e-01 1.66349745e+00
    1.34017777e+00 4.55944061e-01 1.71697736e-01 4.96231258e-01
    5.44692874e-02 1.09189034e+00 1.39218807e+00 -4.59101796e-02
    4.27130222e-01 1.68984079e+00 1.36371911e-01 -5.85907817e-01
    1.43566465e+00 4.12921667e-01 8.03145289e-01 3.66884351e-01
    9.35259759e-01 1.66803503e+00 1.35438859e-01 -6.41934097e-01
    6.43234372e-01 8.02818835e-01 7.87565470e-01 6.44217610e-01
    1.26987481e+00 7.79861033e-01 -3.92727256e-02 -2.12648511e-01
    -3.27443063e-01 4.23054814e-01 1.52288175e+00 1.32708991e+00
    1.25330400e+00 4.50902581e-01 5.26991606e-01 5.73552549e-01
    1.57668114e+00 5.39094031e-01 -2.72404313e-01 1.56533790e+00
    1.67022657e+00 5.98455966e-01 4.08599377e-02 -7.31181204e-01
    4.16957617e-01 1.50547349e+00 8.44221592e-01 1.65733409e+00
    -5.82083464e-02 -6.91706955e-01 7.07877517e-01 -2.52916634e-01
    8.97944629e-01 1.06650877e+00 -4.98284101e-01 -5.35403609e-01
    7.72197187e-01 -4.56798643e-01 1.37645578e+00 -2.38038123e-01
    9.83518422e-01 -4.22787130e-01 1.56673968e-01 1.54411960e+00
    -2.34779000e-01 1.05412424e+00 1.78519619e+00 -6.85286880e-01
    -7.02394247e-02 1.42878199e+00 1.79265404e+00 -4.82183903e-01
    1.00077021e+00 1.78431249e+00 -3.17605793e-01 -3.69500816e-01
    1.49330664e+00 1.67451763e+00 -9.74615216e-02 2.22398341e-01
    4.57342863e-01 3.96143556e-01 9.74187374e-01 -4.97513413e-02
    3.06952178e-01 1.23534942e+00 8.76578391e-01 8.45970750e-01
    -1.43414378e-01 4.53189433e-01 -4.98795509e-03 -1.27159119e-01
    1.71670628e+00 4.52722847e-01 -2.45001853e-01 4.80844915e-01
    8.79296660e-02 5.80080748e-01 1.63038492e-01 7.86081553e-01
    1.58458805e+00 6.99258208e-01 -3.00911248e-01 6.25656903e-01
    1.64253175e+00 1.43890440e-01 1.04516935e+00 1.38892353e-01
    5.64453781e-01 1.17631567e+00 3.34814966e-01 8.04793596e-01
    4.57261086e-01 1.33919930e+00 1.39066541e+00 -2.99574643e-01
    9.33938861e-01 3.93643558e-01 1.67430854e+00 7.63390720e-01
    6.06912076e-01 1.58335805e-01 8.31631958e-01 -5.15675664e-01
    -2.21551001e-01 -5.06148934e-01 9.91843343e-02 -1.32648528e-01
    9.27010775e-02 -4.58341092e-01 6.96946800e-01 -5.95369041e-01
    3.60789537e-01 -4.16582823e-01 -5.77890754e-01 -5.05234361e-01
    3.88250589e-01 9.01034117e-01 4.70542729e-01 -1.11074328e-01
    -6.29590333e-01 1.77805901e+00 1.58079267e+00 3.61457646e-01
    4.11015630e-01 -2.42763937e-01 -7.07015395e-02 1.31174946e+00
    7.42681026e-01 -4.75097299e-01 -1.37921989e-01 5.31299889e-01
    2.08685756e-01 4.34175909e-01 1.16713452e+00 2.02073991e-01
    1.62440479e+00 8.07064414e-01 1.66261244e+00 -5.21828532e-02
    1.74701834e+00 4.23989177e-01 1.19947577e+00 1.35434270e-02
    3.73598158e-01 1.01028156e+00 -3.56842875e-02 5.42857528e-01
    -1.48899257e-02 2.08425224e-02 1.03721559e+00 4.73752677e-01
    1.84254754e+00 1.15110135e+00 1.59373927e+00 -2.85188377e-01
    -4.63019043e-01 1.31433570e+00 9.03816164e-01 -6.11178219e-01
    3.30213904e-02 1.60002089e+00 3.21700633e-01 1.18677890e+00
    -3.80874664e-01 1.53326356e+00 1.40837598e+00 4.50041234e-01
    1.83780313e-01 1.36738086e+00 7.50958204e-01 1.44997954e+00
    1.42030144e+00 1.68851912e+00 1.61022544e-01 -5.66213191e-01
    1.25909948e+00 9.31822836e-01 -7.16934562e-01 1.51154089e+00
    1.01038909e+00 -7.06431091e-01 -1.94514155e-01 1.79164135e+00
    -1.46780431e-01 8.39575410e-01 6.52351081e-01 -7.35949934e-01
    5.59393644e-01 1.06030536e+00 1.78361464e+00 9.08594728e-01
    6.38256252e-01 -1.59740448e-01 -3.56360525e-01 1.09726465e+00
    7.42739379e-01 1.54995406e+00 1.05021787e+00 9.35872734e-01
    2.43081450e-01 8.70375395e-01 -3.27932358e-01 3.65594804e-01
    5.86992681e-01 9.73527074e-01 6.56888902e-01 6.48464203e-01
    -7.79501438e-01 8.93886685e-02 -2.22525895e-01 1.58811617e+00
    1.63340187e+00 -3.47625852e-01 1.45077586e+00 -7.70749271e-01
    2.53175497e-01 1.51806760e+00 9.63236988e-01 1.78460360e+00
    6.02837503e-01 1.22733057e-01 1.75774574e+00 5.40781021e-02
    -5.68141401e-01 3.22312772e-01 7.75560915e-01 4.16972637e-02
    8.59093487e-01 1.33749151e+00 1.81878662e+00 6.46602809e-01
    -9.88396406e-02 1.73719811e+00 1.35356784e+00 2.81183124e-01
    3.38454008e-01 1.42239404e+00 -2.92889029e-01 1.36711240e+00
    2.04667509e-01 -4.07157034e-01 1.35174346e+00 9.70075548e-01
    -5.60433388e-01 7.82501459e-01 1.62886238e+00 -6.37149215e-02
    -1.91757083e-01 9.62181091e-02 1.25672317e+00 6.51517749e-01
    1.46742964e+00 -5.20587921e-01 1.52790546e+00 2.65269101e-01
    -5.83538532e-01 1.23431468e+00 1.66221189e+00 1.36326396e+00
    6.61782980e-01 1.13664091e-01 -7.78048158e-01 1.47197270e+00
    7.41826415e-01 -5.09604990e-01 -3.00455987e-01 1.19931483e+00
    -7.90797412e-01 -6.02768898e-01 9.57676053e-01 1.00598693e+00
    -1.60590291e-01 -8.02205145e-01 4.14717913e-01 -4.37884808e-01
    -7.48004436e-01 7.45341122e-01 1.06946254e+00 1.34651375e+00
    4.25357461e-01 -4.65645880e-01 9.29984212e-01 9.84640539e-01
    8.15885007e-01 -7.02710152e-02 1.40601563e+00 -7.71084845e-01
    6.29563689e-01 -6.26143217e-02 8.59474480e-01 3.77318263e-02
    1.30647731e+00 1.13928938e+00 -3.25963795e-01 1.78108811e-01
    -5.73971331e-01 3.05363894e-01 1.03440738e+00 -7.10428715e-01
    -7.67787814e-01 1.23488760e+00 1.55069852e+00 3.02616477e-01
    6.64638996e-01 -7.42410302e-01 -6.98105097e-02 -6.40378833e-01
    5.43349326e-01 6.86771154e-01 -7.84991980e-01 8.35764408e-02
    1.15838671e+00 1.42141938e+00 1.43116879e+00 2.26306081e-01
    8.00347686e-01 -1.82147086e-01 6.85192943e-01 6.55211210e-02
    -2.70108581e-01 1.29677463e+00 1.57764733e+00 1.68057299e+00
    1.89605236e-01 5.64964354e-01 2.80423224e-01 1.50598538e+00
    3.03269088e-01 1.73597991e+00 1.45662701e+00 3.48103225e-01
    1.32511067e+00 1.66935349e+00 1.62967920e+00 1.44163847e+00
    -4.68143225e-02 -6.70175314e-01 1.10376108e+00 7.64930606e-01
    1.14157677e+00 1.43069923e+00 1.04988503e+00 1.76362097e-01
    -7.67154694e-01 -3.47345322e-01 -1.58980191e-01 1.59543514e+00
    -3.81420255e-02 -6.36235297e-01 -3.86573166e-01 -3.75717551e-01
    1.55085981e+00 9.73822832e-01 5.63507855e-01 8.50480795e-03
    6.06292486e-03 1.46171701e+00 -5.42110205e-01 5.39608598e-01
    5.18894017e-01 7.46086001e-01 1.35149121e+00 1.04348814e+00
    1.02414131e-01 1.47302425e+00 6.32660806e-01 1.10220981e+00
    7.14889765e-02 1.34896755e+00 2.52272487e-01 1.25842094e+00
    1.28593218e+00 1.17058897e+00 1.39275777e+00 8.63575518e-01
    7.87215710e-01 1.06501234e+00 -1.32649362e-01 7.68831968e-02
    -3.26498568e-01 1.48398125e+00 1.98719501e-02 1.16926980e+00
    -4.79026109e-01 -2.68764436e-01 1.07029819e+00 8.73450577e-01
    -7.47340143e-01 6.35307431e-02 7.00847447e-01 -6.93829656e-01
    1.63339496e+00 5.76721311e-01 -2.69962370e-01 6.29406214e-01
    1.42281008e+00 5.48253000e-01 1.13654256e+00 1.93797445e+00
    3.15254927e-01 -3.42077941e-01 1.93478143e+00 1.26586318e+00
    -2.17543244e-02 7.07172036e-01 1.94253325e-02 -3.23023558e-01
    6.95339978e-01 -5.24110854e-01 1.70826733e+00 -5.36654711e-01
    9.90852833e-01 1.56718004e+00 1.56819880e+00 7.61353076e-01
    1.25018775e-01 1.23742008e+00 5.98717332e-02 1.36368740e+00
    -3.00855756e-01 -1.68119967e-01 1.13213491e+00 -4.73089397e-01
    3.60576749e-01 -7.95127630e-01 -2.17986226e-01 -2.28365242e-01
    8.38127255e-01 5.71758151e-01 1.15403235e+00 1.44646907e+00
    -3.86669695e-01 -2.81746387e-01 8.10226798e-02 8.28351259e-01
    3.25449944e-01 5.81437886e-01 9.52824831e-01 1.48090672e+00
    -4.88903642e-01 7.46283650e-01 1.61284876e+00 -2.03125477e-01
    3.80383611e-01 -3.78264219e-01 -5.76349974e-01 -4.39611793e-01
    2.85501838e-01 -5.93683720e-01 1.61248565e+00 1.52333283e+00
    -5.37514448e-01 2.80311048e-01 1.24621224e+00 1.20009494e+00
    9.38118994e-01 8.46546471e-01 9.54356551e-01 1.47198153e+00
    8.75783861e-01 2.96804309e-02 1.58165455e+00 -4.34199125e-01
    1.48410654e+00 -3.60233307e-01 3.72008085e-01 1.59109008e+00
    -6.74211740e-01 1.06526065e+00 -1.09483182e-01 1.62402844e+00
    1.16619420e+00 1.35468042e+00 1.82080317e+00 1.76377749e+00
    -1.86712384e-01 1.16582668e+00 -5.51520765e-01 1.60734057e+00
    -7.45416045e-01 1.80935884e+00 1.76951110e+00 -4.00518656e-01
    1.13152337e+00 1.28683245e+00 5.71449995e-02 -7.65095353e-02
    -2.98663020e-01 -7.06247985e-01 7.99793303e-01 -6.89939260e-02
    9.11295593e-01 1.23267984e+00 -3.42784971e-01 1.39876413e+00
    -1.15479290e-01 -2.25742221e-01 1.69898176e+00 1.64441395e+00
    -6.32832170e-01 9.28329587e-01 6.84470952e-01 6.80457771e-01
    1.13336623e-01 -1.12771451e-01 7.49134183e-01 4.73234415e-01
    1.12901139e+00 7.45236397e-01 -2.36027598e-01 7.51932502e-01
    3.76992106e-01 1.45725965e-01 8.86338174e-01 4.71068025e-02
    -8.12497735e-02 1.00156045e+00 -5.04222035e-01 3.51829648e-01
    1.52284098e+00 3.71723652e-01 8.73962700e-01 1.34989476e+00
    1.11877763e+00 -7.89528131e-01 7.01691031e-01 9.54767644e-01
    1.27775955e+00 2.19528794e-01 -7.14966178e-01 1.19794619e+00
    6.27433896e-01 5.01944661e-01 -3.79167855e-01 1.29691362e+00
    3.77567351e-01 -4.45244640e-01 1.15235019e+00 3.60399723e-01
    5.06959319e-01 9.79967356e-01 1.03720236e+00 1.09512818e+00
    1.37296557e+00 6.39707446e-02 6.02400899e-02 -4.49103147e-01
    7.16808975e-01 3.88562977e-01 4.45161223e-01 1.13358736e+00
    5.08695960e-01 5.87548256e-01 1.11499882e+00 7.14111924e-01
    2.24342942e-01 7.71042109e-02 1.77579343e-01 -7.46346891e-01
    6.00863934e-01 6.63955390e-01 5.26398361e-01 5.35479248e-01
    -7.58648217e-01 1.40693784e+00 2.64332056e-01 1.09258854e+00
    1.57366133e+00 9.75167632e-01 2.18123496e-01 7.01311529e-01
    1.01183796e+00 1.08875751e+00 -2.87847638e-01 7.46219993e-01
    2.85804152e-01 1.45848465e+00 5.54558158e-01 1.02928853e+00
    5.88368714e-01 1.11988020e+00 -7.94175386e-01 -1.53277099e-01
    9.99398828e-01 2.64092922e-01 4.29664135e-01 4.15028930e-02
    9.57644165e-01 1.63625872e+00 3.66135538e-01 -6.39876366e-01
    4.52823758e-01 1.70063317e+00 6.28436923e-01 -6.69823885e-02
    -4.91589040e-01 1.41935563e+00 6.53517246e-01 4.72546458e-01
    5.14567912e-01 2.72234142e-01 3.14728141e-01 1.35321558e-01
    1.49613023e+00 2.80065060e-01 1.70772254e+00 -7.84112573e-01
    -8.74889493e-02 -3.73750806e-01 1.39514661e+00 1.78830743e+00
    1.23181808e+00 6.30074143e-01 5.01591086e-01 1.29686177e-01
    6.38023853e-01 1.63536847e+00 1.92903280e-02 1.18731499e+00
    4.54776943e-01 5.81032515e-01 4.40590739e-01 9.12795305e-01
    8.47391427e-01 -1.31257236e-01 -6.75243378e-01 -2.46413410e-01
    1.11222255e+00 1.98396385e-01 9.80215013e-01 1.56437528e+00
    -7.74189651e-01 9.18452144e-02 1.77768755e+00 -2.31492102e-01
    -6.63690925e-01 1.06436992e+00 3.85963082e-01 1.22099233e+00
    2.99931705e-01 -7.44350851e-01 4.21006262e-01 1.04905725e+00
    1.66666079e+00 -7.48438239e-01 8.23170483e-01 2.38099098e-02
    7.05223083e-02 3.54034305e-02 -4.47992086e-02 3.75586748e-03
    -1.96121931e-01 4.06391621e-01 5.46467066e-01 8.02267253e-01
    1.32219005e+00 7.83254325e-01 1.82208455e+00 1.47800159e+00
    6.88896060e-01 1.77748704e+00 7.30413795e-02 9.74219322e-01
    1.61959052e-01 1.76052487e+00 -2.21621394e-01 3.76512349e-01
    1.94582343e-01 -7.53179133e-01 1.69146180e+00 3.75481308e-01
    5.99175990e-01 1.05519867e+00 6.71440125e-01 7.30706453e-01
    1.16598237e+00 -3.77481103e-01 -3.24656963e-02 1.39883327e+00
    -8.12953115e-01 1.26960897e+00 9.40199375e-01 6.85820520e-01
    -6.17082179e-01 2.76139259e-01 2.73860097e-01 -2.08771884e-01
    6.16706610e-01 2.96324492e-01 2.93853283e-01 7.17290163e-01
    6.30191028e-01 -3.98177981e-01 -7.17088580e-01 7.45839477e-02
    8.15179646e-01 9.26163375e-01 -7.35762835e-01 1.26148915e+00
    7.01164722e-01 6.40965283e-01 5.13744354e-01 1.50875831e+00
    -6.41939819e-01 1.16468668e+00 1.23278379e+00 -2.42076218e-01
    3.70721579e-01 1.30160999e+00 1.45519769e+00 4.95719194e-01
    -1.19021118e-01 1.32713902e+00 -2.13559508e-01 -6.49973094e-01
    1.74183369e+00 7.41337061e-01 1.40936422e+00 9.80663121e-01
    1.61707401e-03 7.56192207e-03 1.40276623e+00 4.22763824e-01
    -3.44231069e-01 1.64027834e+00 5.26313126e-01 1.63308382e+00
    -2.03880847e-01 9.32734251e-01 1.53390527e+00 6.51992261e-01
    1.74707413e-01 5.46172798e-01 1.51517749e+00 -7.88339317e-01
    -7.71824598e-01 1.02809191e+00 1.72854376e+00 3.16814482e-01
    1.06552827e+00 1.80248713e+00 1.84868336e-01 5.69704771e-01
    7.55119503e-01 2.79116333e-01 1.64442432e+00 1.72061372e+00
    -1.84834659e-01 -4.12785977e-01 3.00962210e-01 1.33792496e+00
    -3.16047162e-01 1.56057572e+00 1.32001376e+00 -4.46102083e-01
    1.21319067e+00 8.04910123e-01 -8.09168816e-01 -6.25444055e-01
    1.17175126e+00 -5.03089845e-01 -6.28375709e-01 1.06252646e+00
    6.55514300e-01 1.32623768e+00 7.08312929e-01 4.70628440e-01
    -1.89824879e-01 6.94685817e-01 -1.62780941e-01 -1.76167727e-01
    5.50361633e-01 8.11806917e-01 2.84807920e-01 1.37285995e+00
    2.98886597e-01 1.99970067e-01 3.56563032e-01 2.25898266e-01
    -9.46261287e-02 8.10518265e-02 3.84329140e-01 3.10519874e-01
    -4.00875628e-01 1.13151407e+00 1.40196943e+00 -3.33625078e-01
    2.88731039e-01 2.16227829e-01 2.85630882e-01 8.06526005e-01
    1.54496372e-01 5.33000231e-02 -7.03793108e-01 -1.63716078e-02
    1.23811221e+00 -2.95581996e-01 1.42980599e+00 8.90932977e-01
    7.85886168e-01 1.04879141e-02 1.60049534e+00 3.87502968e-01
    -3.31772804e-01 1.47775316e+00 -7.27894902e-02 1.50823212e+00
    8.40294361e-03 9.32867527e-01 -7.53195167e-01 1.56256855e-01
    -3.27359319e-01 1.71077371e-01 1.66073704e+00 1.06933355e+00
    -1.74792409e-01 7.28114545e-01 1.25483704e+00 5.78709960e-01
    -4.18714076e-01 1.68192816e+00 1.43973684e+00 -5.95338941e-02
    8.41665268e-01 -5.36161065e-02 1.61769474e+00 9.28959846e-01
    1.25826693e+00 -7.12925196e-01 1.12148046e+00 -2.13844240e-01
    5.35934985e-01 -7.78461874e-01 1.74263084e+00 -3.92774999e-01
    1.71358323e+00 1.70666385e+00 7.01604605e-01 -2.14307547e-01
    -5.04644096e-01 9.60042298e-01 1.19927263e+00 -4.45093513e-02
    -6.87666416e-01 -6.77632332e-01 -1.05278432e-01 -6.55687869e-01
    8.32668781e-01 9.95128334e-01 -2.80767441e-01 -3.86635065e-02
    -6.30617857e-01 8.40835392e-01 4.26039875e-01 -5.22144794e-01
    2.30931699e-01 -2.20415771e-01 1.45562530e+00 -1.22891903e-01
    1.18638730e+00 -6.45483613e-01 9.20077264e-01 9.63208437e-01
    1.22611809e+00 -2.88454294e-02 -4.94024783e-01 -2.68752515e-01
    1.42024386e+00 1.80821061e+00 3.39183748e-01 8.60002041e-01
    1.55961299e+00 1.26786447e+00 1.27373862e+00 1.45407438e+00
    1.31942606e+00 -1.51468456e-01 1.76956725e+00 1.80131257e-01
    2.97501862e-01 -2.57082701e-01 2.56479502e-01 8.05977583e-02
    -7.35712588e-01 9.06218708e-01 5.95358610e-02 -3.67189318e-01
    6.57020688e-01 1.78638947e+00 3.04900408e-02 1.15616655e+00
    6.04259968e-02 8.28598678e-01 1.34319425e+00 1.28308702e+00
    -6.03396416e-01 1.52101350e+00 7.70170689e-02 -7.67681658e-01
    1.77300537e+00 1.50098801e+00 1.57710361e+00 1.01176715e+00
    6.95532441e-01 1.22034812e+00 -2.71612704e-01 9.97451127e-01
    1.34717059e+00 1.58428144e+00 1.46028638e-01 -1.86716348e-01
    1.82835400e+00 -3.75403106e-01 6.02010489e-01 -2.56513208e-01
    8.99144888e-01 1.01839662e+00 1.99885917e+00 1.31559348e+00
    1.11411691e+00 3.89173329e-01 6.01306081e-01 5.87138712e-01
    7.51275599e-01 -2.10015535e-01 1.32339334e+00 1.31877208e+00
    6.37773991e-01 4.87428904e-01 1.23252428e+00 -1.40088499e-01
    2.92585552e-01 3.21800470e-01 -2.45123684e-01 2.70105004e-01
    1.43757772e+00 1.25567532e+00 4.63398695e-01 2.78355479e-01
    5.54903924e-01 -6.71026826e-01 -4.08639491e-01 9.27296102e-01
    1.03835154e+00 1.76338673e+00 1.31645560e+00 -9.96425152e-02
    -3.13785076e-02 1.74067116e+00 1.72692966e+00 1.17893398e-01
    7.86680162e-01 -4.14677083e-01 4.18013275e-01 -2.25816190e-01
    9.73545313e-02 9.77618515e-01 9.30724323e-01 -1.78264558e-01
    8.17015350e-01 1.24890423e+00 1.71128702e+00 -2.46102989e-01
    -1.61729872e-01 -1.01819575e-01 -4.37187761e-01 -7.05946386e-01
    1.17454481e+00 -1.04378104e-01 1.71014857e+00 3.93890440e-01
    -7.93567598e-01 -4.83761013e-01 4.08164024e-01 1.65079796e+00
    4.37217116e-01 1.23208976e+00 3.53740454e-01 -4.16946948e-01
    1.46948802e+00 8.55080485e-01 4.10142422e-01 -7.41440833e-01
    8.00570667e-01 1.59346819e+00 -3.00644875e-01 9.46295440e-01
    1.44718623e+00 -7.32774138e-01 8.64811361e-01 1.17896128e+00
    -7.04840124e-01 -7.36377299e-01 -2.85542965e-01 7.56595373e-01
    1.35196519e+00 1.55824637e+00 -1.90127611e-01 1.16909206e-01
    1.65077877e+00 2.26936340e-01 5.92269897e-01 1.27993536e+00
    -2.67814934e-01 -4.44280088e-01 -4.66367096e-01 3.22353005e-01
    -2.14364052e-01 -6.12551570e-01 6.74402356e-01 1.66439652e-01
    1.03067160e-01 1.80362773e+00 8.53696346e-01 -4.71570760e-01
    -5.06064892e-02 7.61853218e-01 1.63005674e+00 2.54727364e-01
    1.03217506e+00 1.37106323e+00 2.81810105e-01 -3.58973742e-01
    1.45404863e+00 1.66393757e+00 -6.02189600e-01 1.53621912e+00
    -6.15767598e-01 -7.54985631e-01 1.33148956e+00 5.51078260e-01
    3.83767128e-01 1.74480867e+00 1.68051887e+00 -4.44177896e-01
    -7.59793222e-01 1.44506907e+00 6.94056809e-01 1.18765652e+00
    1.30708504e+00 3.27634811e-02 6.49582505e-01 8.42630863e-01
    1.55697858e+00 1.59353936e+00 -7.40803838e-01 6.59485877e-01
    -5.19282818e-02 4.09075499e-01 2.83001363e-01 5.25334060e-01
    1.69845867e+00 1.78049862e+00 -1.48886919e-01 -1.60642326e-01
    1.34684896e+00 4.97253358e-01 1.00634766e+00 8.78469348e-01
    -5.26457369e-01 -6.31672263e-01 4.27719593e-01 1.15501177e+00
    1.18167305e+00 -7.65810311e-01 2.38191187e-01 -3.28691572e-01
    -5.22134900e-02 1.02858269e+00 1.43865371e+00 -4.98960465e-01
    1.75542212e+00 1.48933792e+00 8.43929291e-01 1.63161385e+00
    1.51790786e+00 -3.76516461e-01 1.17535377e+00 -6.33082628e-01
    6.20859325e-01 -5.58799565e-01 -7.11052299e-01 8.44530761e-01
    1.40240693e+00 -8.08240116e-01 5.15986681e-01 -3.56200874e-01
    1.80924082e+00 1.09759080e+00 -2.30063856e-01 -7.16335773e-02
    5.34722149e-01 1.55105591e+00 9.18835700e-01 -2.54956603e-01
    7.87854135e-01 9.35484767e-02 1.15797818e-01 -7.69487262e-01
    1.29557633e+00 6.28274620e-01 1.50734067e-01 -1.50522590e-02
    -1.16684079e-01 2.81754553e-01 4.69955385e-01 1.49330401e+00
    -1.70736253e-01 -6.69748366e-01 1.23219609e+00 -7.55760491e-01
    1.76285136e+00 1.07742739e+00 1.59579968e+00 -2.71367610e-01
    4.64842439e-01 1.40434861e+00 1.14425504e+00 2.00641096e-01
    -5.21579325e-01 2.53298044e-01 1.62720418e+00 -5.06702185e-01
    2.48324394e-01 -8.46840143e-02 1.58353305e+00 3.69181037e-02
    -7.08490193e-01 1.17696571e+00 4.42614913e-01 1.35408759e+00
    5.82856357e-01 -7.40533590e-01 2.18667686e-01 1.55043900e-01
    -6.52687311e-01 1.01134586e+00 1.19889164e+00 1.37162542e+00
    1.63831472e+00 4.54080105e-02 -5.80512643e-01 7.05385625e-01
    1.69430757e+00 1.65525579e+00 -3.09981018e-01 -2.97645867e-01
    6.69363081e-01 5.83290040e-01 -2.02952027e-01 -7.59498954e-01
    3.69386256e-01 -3.54584157e-01 6.37879908e-01 -4.56681550e-01
    8.96530032e-01 -7.49914527e-01 -4.45448786e-01 7.68064380e-01
    1.54061198e+00 -8.04584146e-01 1.26912916e+00 1.16520786e+00
    1.45299792e+00 1.13945460e+00 3.84462655e-01 3.87506127e-01
    1.07861137e+00 -2.33033150e-01 -4.22985673e-01 2.10572410e+00
    1.92304254e-01 5.09784698e-01 1.51120615e+00 1.61237276e+00
    1.48566651e+00 3.86894941e-01 -3.57428998e-01 1.57461607e+00
    -6.83927655e-01 -2.62983143e-01 1.65314627e+00 -5.78626275e-01
    1.24744654e+00 5.19691169e-01 9.97578084e-01 2.78595269e-01
    -7.23039269e-01 1.55141950e+00 8.04443181e-01 5.88310063e-01
    7.55347908e-01 1.01037383e-01 9.92216110e-01 -5.37259102e-01
    6.14279747e-01 1.20820165e+00 -5.69006801e-02 1.01307845e+00
    5.48383474e-01 9.93361950e-01 4.23349321e-01 6.77620232e-01
    4.02569592e-01 1.55854058e+00 1.19220161e+00 1.25806427e+00
    5.49066186e-01 8.70431125e-01 1.66687274e+00 8.92588198e-01
    -7.95158565e-01 7.11706936e-01 7.20177591e-01 1.69878411e+00
    5.96083999e-02 -3.05976272e-01 2.23128736e-01 1.06481278e+00
    -3.19064260e-02 1.19279659e+00 -2.74024665e-01 1.61847115e-01
    8.04192483e-01 8.27262640e-01 1.01604259e+00 -2.52491236e-03
    -2.08126843e-01 -5.43813586e-01 7.71559775e-01 1.73898959e+00
    1.09207463e+00 8.55845571e-01 -4.88821447e-01 1.49218035e+00
    -3.91341984e-01 -5.31463981e-01 3.35335076e-01 4.51981306e-01
    -1.71513557e-02 -6.95184350e-01 2.45605946e-01 3.12008739e-01
    -6.45136654e-01 8.67205262e-01 1.08158159e+00 8.39325786e-02
    9.87566710e-01 -3.73680681e-01 1.51198077e+00 9.02061760e-01
    6.78934991e-01 6.95142150e-01 1.01265967e+00 2.41202712e-02
    -3.54332328e-01 7.75159597e-02 -5.42361379e-01 8.33227813e-01
    -4.81013745e-01 -4.48295563e-01 1.00743365e+00 3.01738381e-01
    -1.73039198e-01 -9.09094214e-02 1.34201813e+00 1.58210516e+00
    -2.48808920e-01 8.85977685e-01 -1.72247350e-01 -5.31700373e-01
    2.69440949e-01 -8.82790089e-02 1.35281265e-01 1.69611192e+00
    2.28284478e-01 1.13864422e+00 1.67820549e+00 7.29878247e-01
    1.31499159e+00 3.78808737e-01 1.22725487e+00 1.68875444e+00
    7.96642900e-02 1.41129529e+00 1.46739578e+00 -3.99024844e-01
    1.26410151e+00 1.27781439e+00 -7.04355478e-01 4.82939661e-01
    -6.45230412e-01 -3.75878155e-01 3.69498134e-02 2.50893533e-01
    -7.25848138e-01 1.27329874e+00 8.96986783e-01 1.60460830e+00
    1.38706589e+00 -2.75498688e-01 -1.20514989e-01 1.40683389e+00
    1.03543127e+00 1.64573288e+00 1.21939731e+00 1.77843308e+00
    1.04336762e+00 6.21945977e-01 1.32580411e+00 -1.38858616e-01
    -5.42518616e-01 1.74437690e+00 1.66912079e-01 8.84355485e-01
    5.26320934e-01 -1.48608088e-01 8.53882432e-02 7.20598757e-01
    1.23571205e+00 8.52304578e-01 1.49947596e+00 2.05496728e-01
    1.51169991e+00 -7.81138897e-01 8.04536939e-01 -7.94459403e-01
    6.20187759e-01 -4.98715878e-01 -2.50182748e-01 -6.10271096e-02
    -7.01053619e-01 1.43567526e+00 6.71060562e-01 8.09283495e-01
    1.58715177e+00 -3.91731769e-01 5.58471680e-03 1.54787624e+00
    -6.96624339e-01 -7.15062857e-01 1.73057222e+00 5.20659208e-01
    -2.29702532e-01 1.43742609e+00 -2.82866061e-01 1.46323156e+00
    -2.61653066e-02 1.04206502e-01 -8.09311450e-01 1.59886527e+00
    1.11015511e+00 -2.47252226e-01 -5.75287163e-01 -6.79708064e-01
    1.22877312e+00 3.18015099e-01 -3.91175836e-01 3.29615772e-01
    -6.20967269e-01 -3.19491297e-01 5.20089746e-01 -2.54420102e-01
    1.37853169e+00 1.76321077e+00 -4.68865901e-01 2.83144832e-01
    -5.09589493e-01 1.49803686e+00 2.97232747e-01 -1.32205725e-01
    6.81633592e-01 1.08969855e+00 8.58737648e-01 7.89629877e-01
    2.99379826e-02 1.57511103e+00 -7.27377534e-01 -1.37562335e-01
    7.88369179e-02 4.23404813e-01 -7.24169195e-01 -3.04527909e-01
    -2.79958844e-01 1.38509917e+00 -1.37672901e-01 5.29724002e-01
    4.68726456e-01 2.44503260e-01 6.10274076e-03 3.19810987e-01
    -6.47375762e-01 -7.00463831e-01 9.39445615e-01 4.44438040e-01
    -5.72566390e-02 1.72202301e+00 -5.10599375e-01 8.36125135e-01
    -6.61075592e-01 8.82324398e-01 3.94694805e-01 1.00712478e+00
    2.80001402e-01 7.03450918e-01 9.38126385e-01 3.45104516e-01
    1.82017684e-01 5.45891464e-01 -7.91332126e-01 -6.67876244e-01
    3.15890193e-01 1.67523074e+00 1.10485935e+00 1.58627951e+00
    6.63799644e-01 1.76588345e+00 1.56848013e-01 1.15563965e+00
    -5.18384159e-01 -2.29646564e-02 4.99195158e-01 3.59605551e-01
    1.64977741e+00 8.47793460e-01 2.06695795e+00 1.83968937e+00
    4.23761159e-01 1.63438463e+00 1.76793468e+00 2.02288628e-01
    -4.82453525e-01 1.47639120e+00 1.55064583e+00 4.51059341e-01
    1.02632570e+00 3.11047554e-01 6.19833648e-01 1.09522748e+00
    9.60921049e-02 7.62400031e-02 3.54612112e-01 7.77381420e-01
    5.89353800e-01 5.55555642e-01 1.35943937e+00 3.25866759e-01
    1.16788685e+00 1.47771716e+00 4.68799770e-01 -2.87290871e-01
    8.67855310e-01 1.58343065e+00 1.40494347e+00 1.48576391e+00
    -5.78032315e-01 6.86862469e-02 -5.95712006e-01 1.69131923e+00
    -5.58567047e-01 1.78215504e+00 1.21573842e+00 3.78101945e-01
    7.88050294e-02 2.35485375e-01 -4.05429155e-01 -4.36592102e-03
    7.55765259e-01 1.01396525e+00 1.36421323e-02 -6.94748580e-01
    6.83103263e-01 -6.43145382e-01 1.31676126e+00 1.48308778e+00
    1.08436704e+00 -2.88164794e-01 1.53113818e+00 -2.16456294e-01
    9.60743010e-01 1.54853582e-01 8.94876838e-01 8.56077075e-01
    6.64936721e-01 -3.37386370e-01 7.82023132e-01 -6.78301930e-01
    -4.15433943e-01 1.26594663e+00 -5.81130207e-01 -6.84763670e-01
    -6.19210482e-01 -2.06161976e-01 -7.89968371e-02 -3.44525933e-01
    1.54728806e+00 1.55749750e+00 3.20369661e-01 1.01426375e+00
    -2.46510863e-01 2.75214195e-01 1.42115569e+00 3.17163467e-01
    -1.49254620e-01 6.95719421e-01 1.62705016e+00 5.35031199e-01
    1.02267146e+00 7.64317691e-01 1.56992257e-01 1.79319215e+00
    -1.09652460e-01 -1.73384964e-01 8.00974548e-01 1.55594170e-01
    8.99054050e-01 4.04841244e-01 2.92122662e-01 1.17672658e+00
    -3.12109053e-01 -2.33247161e-01 -7.05923855e-01 -5.52589476e-01
    6.57829642e-02 1.60458016e+00 -1.06777847e-01 -4.25666332e-01
    -6.04703486e-01 -3.46310735e-01 1.72272468e+00 -7.65444458e-01
    1.33634877e+00 1.43028128e+00 1.57081282e+00 -1.15132868e-01
    -8.65201831e-01 8.85296702e-01 1.61669993e+00 -5.50354600e-01
    8.36139143e-01 8.22179556e-01 -2.92083263e-01 -4.56329614e-01
    4.36601639e-02 1.07941997e+00 1.65722644e+00 7.11968124e-01
    -4.09211040e-01 -6.73762381e-01 -7.82896578e-01 4.35471654e-01
    7.25393295e-01 1.42828107e+00 1.46212554e+00 9.21227038e-01
    1.60136151e+00 9.68648136e-01 -3.01786602e-01 -4.87489849e-01
    1.26364279e+00 7.19839275e-01 -7.68185616e-01 -2.08715856e-01
    -1.10453248e-01 -6.98350906e-01 -5.32107353e-01 8.33893776e-01
    5.46181142e-01 1.19251978e+00 -7.62470126e-01 1.20750284e+00
    2.82530963e-01 4.64875162e-01 8.76939297e-02 -2.31118083e-01
    -5.78179777e-01 -3.40405345e-01 1.68104053e-01 1.97331905e-02
    1.41514349e+00 2.00341880e-01 3.45083296e-01 1.69200420e+00
    -7.75451481e-01 6.84570909e-01 5.75378895e-01 1.59421730e+00
    1.11167789e-01 -4.96336818e-02 3.06412518e-01 8.27468991e-01
    1.32262528e+00 1.14706087e+00 -2.81027794e-01 9.50402141e-01
    -5.31055152e-01 8.47591162e-01 1.46635175e+00 9.56354201e-01
    1.54321063e+00 8.18490326e-01 1.05206275e+00 -1.09937429e-01
    -1.20446444e-01 4.83465850e-01 1.23196411e+00 1.15551102e+00
    6.57611310e-01 -5.64518213e-01 1.42531157e+00 1.26490355e+00
    3.18506598e-01 4.84568655e-01 4.77254450e-01 -2.99943596e-01
    1.42150307e+00 1.35208786e+00 -1.38884604e-01 4.21222210e-01
    1.11236727e+00 1.13414931e+00 -7.92430878e-01 -6.46034062e-01
    1.02878475e+00 3.01801920e-01 -5.50737977e-02 9.23104227e-01
    1.67762554e+00 6.71514153e-01 1.19261682e+00 7.90731907e-02
    1.64906549e+00 1.41070557e+00 1.55258656e+00 -2.84042060e-01
    -7.09558725e-02 2.83741236e-01 -5.26817977e-01 1.09525549e+00
    -6.62426114e-01 1.27982879e+00 1.25092149e-01 -1.20801747e-01
    3.89742494e-01 7.03981757e-01 2.27226019e-01 9.87836063e-01
    3.67892861e-01 1.12547612e+00 7.01572955e-01 1.51091814e-02
    1.89447403e-01 1.50515461e+00 -3.90070736e-01 1.14797556e+00
    -2.59511530e-01 2.52287626e-01 1.18362784e+00 1.40649927e+00
    -6.83176637e-01 8.87532830e-02 6.31893516e-01 1.03028941e+00
    9.94176507e-01 -6.70885384e-01 -2.57245898e-02 5.14507294e-03
    7.60983288e-01 -7.26870358e-01 -6.30740762e-01 1.69945478e+00
    8.93797278e-01 3.98101509e-01 5.68636656e-01 3.96757245e-01
    6.72786832e-02 1.52423751e+00 3.44257772e-01 1.01188421e-02
    5.29317856e-02 8.37722301e-01 1.66468060e+00 1.31833589e+00
    3.29150319e-01 6.16215348e-01 -4.50734466e-01 1.55574918e+00
    -3.21068645e-01 -5.85802317e-01 2.93302655e-01 5.45771956e-01
    -1.72987819e-01 1.43066335e+00 1.39874101e+00 6.14386439e-01
    -4.45565730e-01 -6.80436611e-01 1.06658912e+00 -8.52637291e-02
    5.38126230e-01 1.42013025e+00 7.21333086e-01 1.46565485e+00
    4.50123549e-01 -8.04783940e-01 1.65187943e+00 -6.73999727e-01
    1.35936022e-01 -5.16930938e-01 5.09338558e-01 8.81130159e-01
    9.11445081e-01 3.71702135e-01 -5.45270383e-01 3.76125574e-01
    6.08124137e-01 1.85301661e-01 -6.72252893e-01 1.00106740e+00
    8.53766203e-01 4.74020541e-01 8.54400814e-01 -6.55241907e-01
    6.72111511e-02 1.37690377e+00 -7.92029917e-01 1.20153797e+00
    4.48837698e-01 -3.62405151e-01 -7.52282500e-01 -5.48371971e-01
    1.26542044e+00 -7.95447528e-01 5.55715084e-01 -8.36192846e-01
    1.20738208e+00 -2.95527756e-01 1.02025032e+00 -7.78064311e-01
    9.13473725e-01 8.33925903e-01 2.03628302e-01 4.94613290e-01
    2.89053977e-01 1.49934936e+00 2.35783696e-01 -2.98161983e-01
    7.68280387e-01 -2.49445677e-01 -5.47086239e-01 -7.63943553e-01
    1.66493654e+00 1.65716338e+00 6.57064021e-01 1.78598595e+00
    -3.67778301e-01 1.35202360e+00 8.41028571e-01 9.18588877e-01
    -7.59688675e-01 1.15599394e+00 1.70612669e+00 6.22224867e-01
    1.31751370e+00 7.29739845e-01 8.64616930e-01 4.18685377e-01
    -2.86599576e-01 1.19817901e+00 6.24068677e-01 8.17143857e-01
    -2.16908693e-01 -7.13891327e-01 -3.37900013e-01 1.78611434e+00
    1.15547061e-01 1.80589414e+00 1.22284853e+00 -5.78552663e-01
    -1.60802186e-01 -5.95480144e-01 8.47923875e-01 1.14125013e+00
    4.37401891e-01 -2.84406245e-01 1.52314949e+00 1.30187154e+00
    1.37798953e+00 2.33658552e-01 -1.11058831e-01 4.93664742e-02
    1.58400297e+00 -4.37655747e-01 1.22461033e+00 8.43334258e-01
    1.42789268e+00 1.35979414e+00 1.07238936e+00 1.41186357e+00
    3.17651272e-01 -7.96332061e-01 1.11215377e+00 -3.70462656e-01
    -6.11688852e-01 8.20329070e-01 -6.00961924e-01 1.31627846e+00
    2.01488316e-01 -3.84801358e-01 8.53548527e-01 -1.03960454e-01
    1.64550662e+00 2.45265007e-01 2.51430273e-01 6.38166606e-01
    -4.80925500e-01 1.57866335e+00 -7.25138664e-01 -3.55597734e-01
    3.89192820e-01 1.00264823e+00 1.37725520e+00 -3.94590378e-01
    6.36747479e-02 1.18071175e+00 1.23409390e+00 1.66211557e+00
    1.29278243e+00 2.17012763e-02 1.20182502e+00 1.63007879e+00
    -3.86920661e-01 -2.68461108e-01 1.08680606e+00 -3.29946905e-01
    1.34103072e+00 -3.99172276e-01 1.34560871e+00 -5.30708671e-01
    -2.31958032e-01 -5.77001154e-01 4.94497955e-01 1.16570759e+00
    -3.87413472e-01 1.33792377e+00 8.10836792e-01 1.40093160e+00
    1.19161701e+00 1.17055774e-02 3.12382221e-01 -4.97786343e-01
    1.70280576e+00 1.27737701e+00 7.74425805e-01 6.94485605e-01
    2.50319242e-02 -2.95122147e-01 1.61022234e+00 -3.08688760e-01
    1.50487995e+00 -3.99076879e-01 -8.23563576e-01 -8.13416064e-01
    1.71910596e+00 8.32446456e-01 1.67229605e+00 9.10197854e-01
    -3.40437740e-01 1.41104078e+00 1.52293265e-01 1.20636630e+00
    1.80259490e+00 -6.95509553e-01 1.71986961e+00 1.35406971e+00
    -7.82272220e-01 8.07237566e-01 1.17928982e-01 -3.20252180e-01
    -8.86619687e-02 4.09352481e-01 1.12805104e+00 1.00507498e+00
    1.13804960e+00 -6.09148026e-01 1.01822364e+00 -2.96675563e-02
    8.52056444e-01 1.15622568e+00 -5.35666168e-01 8.30602050e-01
    -4.93283480e-01 7.17665076e-01 1.82134271e+00 9.95281875e-01
    -3.67651224e-01 1.73944044e+00 1.75264931e+00 2.38560081e-01
    2.18444169e-01 -4.10657346e-01 1.69323063e+00 1.56733048e+00
    7.94898272e-01 -3.55260700e-01 2.55731463e-01 1.73672342e+00
    1.56725502e+00 -2.78282166e-02 9.03656065e-01 -3.16845715e-01
    1.52898180e+00 -7.43835747e-01 -6.56325042e-01 1.52397346e+00
    1.37646151e+00 5.81652641e-01 -2.46335268e-01 1.41540718e+00
    1.79780221e+00 -4.49138761e-01 -1.25872493e-01 1.50180662e+00
    1.28475392e+00 -3.09597731e-01 1.15346026e+00 7.85780013e-01
    1.72177434e+00 -4.18306857e-01 2.03569889e-01 1.25133824e+00
    4.04092848e-01 -6.14344835e-01 -2.13748366e-01 7.11183548e-01
    1.62716901e+00 1.81008005e+00 -4.32470322e-01 3.78308713e-01
    -2.93790638e-01 1.49206376e+00 -6.80950284e-03 1.97148108e+00
    1.41874504e+00 1.45738912e+00 1.59488750e+00 1.69165826e+00
    -3.22521269e-01 4.64748204e-01 -1.52345657e-01 1.21980572e+00
    1.18345594e+00 1.64592552e+00 1.49588728e+00 7.33338356e-01
    4.53056335e-01 7.71794498e-01 1.06145883e+00 4.33215618e-01
    1.54734433e+00 1.75691962e+00 -5.07600784e-01 6.53408647e-01
    -6.85854673e-01 5.48703372e-01 5.44626951e-01 4.54683602e-01
    9.27489579e-01 1.49485350e+00 -6.40300632e-01 -3.26112390e-01
    -5.26813269e-01 1.16602635e+00 1.50862861e+00 -6.97349668e-01
    -2.52461314e-01 -2.38879204e-01 -5.95241845e-01 -2.75645196e-01
    1.15656543e+00 -4.27215695e-02 5.16459048e-01 -3.55379075e-01
    1.97923362e-01 4.95022416e-01 7.00832009e-01 -2.75015414e-01
    5.90624511e-01 1.13726556e-01 -7.21602917e-01 7.61613965e-01
    3.99549305e-01 -1.73752069e-01 1.47978806e+00 1.74234772e+00
    1.13402510e+00 1.72823143e+00 1.12403989e+00 1.59540498e+00
    3.28466892e-02 7.93454349e-01 1.54622626e+00 -4.45306867e-01
    1.41905522e+00 1.18633986e-01 1.40704966e+00 1.21548319e+00
    -5.04711866e-01 5.25481582e-01 9.08650935e-01 3.08987975e-01
    2.32171774e-01 -6.67693853e-01 1.75127506e-01 -3.77307534e-02
    -7.72844493e-01 -4.12679225e-01 2.92338014e-01 -1.99533582e-01
    1.53265834e+00 1.08000648e+00 -1.48131907e-01 -3.57296169e-01
    -1.70970380e-01 3.62546444e-01 1.09217393e+00 9.10830498e-03
    4.96264696e-02 -3.67059827e-01 7.77228415e-01 -2.96946913e-01
    -3.00820082e-01 -1.65412068e-01 1.74821234e+00 -6.92122340e-01
    1.19338012e+00 2.79913008e-01 1.60573626e+00 -1.48499846e-01
    2.91067302e-01 -2.97971904e-01 1.14527452e+00 -7.63204694e-01
    8.91356945e-01 -3.51289392e-01 1.10031629e+00 1.29172027e+00
    1.70249009e+00 1.39629996e+00 1.53828108e+00 2.47536004e-01
    8.20916831e-01 -1.63389504e-01 1.41639900e+00 9.08749700e-01
    4.72703040e-01 6.15627170e-01 3.54415774e-01 -1.72933340e-01
    3.88924479e-02 -3.70107770e-01 -3.43714684e-01 -1.49839580e-01
    1.57635093e+00 -3.49171311e-01 7.65574336e-01 4.07233775e-01
    -5.61846972e-01 1.32334042e+00 4.59304512e-01 -6.45901620e-01
    1.12519753e+00 -6.78575456e-01 1.22109377e+00 -2.76166797e-01
    -5.43745875e-01 -2.07388937e-01 4.40972626e-01 -6.94513977e-01
    1.42528903e+00 8.26205790e-01 1.16226697e+00 7.28323281e-01
    -5.98209441e-01 1.54255760e+00 -3.31893563e-01 -6.15501642e-01
    -5.85158169e-01 -3.60450000e-01 1.56317735e+00 6.16754711e-01
    -1.56138897e-01 1.75767827e+00 -5.56914151e-01 6.62180185e-02
    1.61957645e+00 1.24434292e-01 -1.95515156e-01 6.24856532e-01
    1.78294313e+00 2.73750007e-01 5.35513759e-02 -4.09937114e-01
    8.64129663e-02 5.95891893e-01 -6.91109061e-01 -3.42832416e-01
    -7.42038727e-01 1.05626750e+00 1.47722602e-01 -4.64385420e-01
    -2.92930603e-02 8.08012664e-01 4.50798631e-01 7.68076658e-01
    1.73856556e+00 3.36100638e-01 -3.21583152e-02 -6.19186401e-01
    2.07863331e-01 5.31356096e-01 2.67599761e-01 7.67938137e-01
    1.45396829e+00 -1.78697109e-01 1.76373386e+00 8.34299803e-01
    1.49590540e+00 4.94995892e-01 1.20898330e+00 -5.31409860e-01
    1.67514563e-01 1.23937380e+00 -5.97056150e-01 1.74251914e+00
    -5.30429959e-01 -4.60214257e-01 1.70240295e+00 6.01062894e-01
    1.35943496e+00 -2.30854928e-01 -7.28417635e-01 -6.39903009e-01
    2.56735921e-01 -7.35554814e-01 1.74465001e+00 -3.12828004e-01
    1.42639935e-01 9.53369141e-01 1.40383935e+00 1.43354201e+00
    1.19772553e-02 1.51109505e+00 -6.35110140e-02 -6.66694522e-01
    7.51241326e-01 7.47284532e-01 -3.18891943e-01 8.44826639e-01
    -3.60520482e-02 6.09050393e-01 -4.46510315e-03 -2.25993752e-01
    9.83356059e-01 1.28001356e+00 1.60642624e+00 1.81400585e+00
    6.78147435e-01 7.72543073e-01 2.30221689e-01 -5.07398367e-01
    -7.03742504e-01 6.60938859e-01 9.53449309e-01 1.27160954e+00
    -3.49449575e-01 1.55383062e+00 1.07788134e+00 -1.25432134e-01
    1.09365582e+00 -1.83688402e-01 4.27815080e-01 1.46237898e+00
    8.16789031e-01 6.26396656e-01 -5.73532283e-01 -2.55085528e-01
    8.88758600e-01 1.76449478e+00 1.40129566e+00 1.37209797e+00
    9.21832621e-01 6.58279181e-01 1.78486669e+00 1.99169922e+00
    -3.99739355e-01 1.22179365e+00 -1.32073939e-01 7.99739838e-01
    6.42165005e-01 1.78194761e+00 5.19631386e-01 1.06077409e+00
    3.50738764e-01 -2.56046057e-01 -2.85640836e-01 3.45458865e-01
    -3.61117572e-01 5.57214856e-01 2.22581863e-01 -5.57145476e-02
    1.23017883e+00 -8.69852901e-02 -1.84725940e-01 -2.10595608e-01
    -3.33166540e-01 1.29281926e+00 7.89981186e-01 9.65461969e-01
    1.11689448e+00 -8.01334023e-01 1.16154468e+00 1.77602863e+00
    -4.42573309e-01 6.82833195e-01 1.35994077e-01 3.33083451e-01
    5.11111677e-01 1.01157153e+00 1.71768010e+00 9.12081659e-01
    4.49126363e-02 -3.48440677e-01 -5.16016781e-01 -5.67745686e-01
    8.46972287e-01 -6.60838425e-01 1.72300768e+00 8.27349782e-01
    6.09515488e-01 -5.53493738e-01 1.22886395e+00 5.82736135e-02
    5.11914968e-01 1.48078847e+00 3.85285676e-01 9.64911461e-01
    8.32233727e-01 3.81315053e-01 3.37566137e-01 2.12124944e-01
    -6.70226812e-01 1.25929058e+00 9.21804249e-01 1.12004149e+00
    5.04713356e-01 1.52583230e+00 -9.18436646e-02 5.30639648e-01
    9.92057562e-01 8.96503091e-01 8.96877050e-03 -7.72797227e-01
    2.96572208e-01 6.12671971e-01 -7.74541736e-01 1.11671758e+00
    1.38553834e+00 1.45984626e+00 -6.86839223e-02 1.56728387e+00
    5.98622382e-01 -3.78775358e-01 -4.46777314e-01 9.92708743e-01
    -5.07502794e-01 1.18724155e+00 1.13189316e+00 -2.40607977e-01
    -5.28436959e-01 -6.29750848e-01 -2.59220481e-01 4.16703820e-02
    1.70546961e+00 -2.11376250e-01 1.12091017e+00 9.17751133e-01
    3.06289971e-01 -4.17959362e-01 1.61831665e+00 1.46170020e+00
    -5.21361470e-01 5.12583196e-01 4.63463962e-01 3.38340402e-02
    6.97187960e-01 -2.97339737e-01 2.17830539e-01 9.85439062e-01
    1.57704222e+00 -1.21060252e-01 -4.17960525e-01 3.59863043e-02
    -7.17601240e-01 5.28968573e-02 -2.46420622e-01 1.46738887e+00
    -2.86311567e-01 1.58008909e+00 1.15385008e+00 1.22507632e+00
    -3.22788119e-01 3.54149520e-01 -3.76815796e-01 -2.40979612e-01
    -4.57273751e-01 -4.01595414e-01 9.01648402e-01 1.42344189e+00
    4.73678112e-01 1.28366351e+00 1.75153685e+00 1.41407394e+00
    3.05742264e-01 1.09692848e+00 -3.32913607e-01 -4.57683295e-01
    1.31553268e+00 4.23321486e-01 2.90679038e-01 -4.37589645e-01
    1.70554233e+00 1.08040249e+00 1.00089598e+00 1.22643471e-01
    -2.12405026e-01 -3.63556951e-01 2.13111341e-01 1.43658876e+00
    8.55489433e-01 8.07769358e-01 9.96704698e-02 7.64729023e-01
    6.08325541e-01 -2.33169675e-01 -6.44860148e-01 1.14928627e+00
    1.05278778e+00 -2.06420600e-01 1.50011182e-01 4.76689398e-01
    7.94599533e-01 1.21657729e+00 -5.88936448e-01 -7.78925717e-01
    2.53290176e-01 4.76523936e-01 -7.67089188e-01 5.73865712e-01
    6.83974624e-01 -6.40777588e-01 3.41441214e-01 5.87286770e-01
    -6.07219100e-01 3.97168875e-01 7.48641610e-01 -3.21975291e-01
    1.76922023e-01 -3.22985351e-01 1.73812282e+00 7.73567557e-02
    -6.59972429e-02 -1.84242606e-01 -7.67358422e-01 -1.18798196e-01
    1.06370234e+00 1.19591856e+00 -3.60662997e-01 5.32484710e-01
    9.11607981e-01 -7.50002205e-01 1.27635670e+00 1.14026546e+00
    -5.24244130e-01 1.12262774e+00 -3.93991679e-01 1.78820956e+00
    8.43926072e-02 9.19413328e-01 9.01598871e-01 1.42436028e+00
    4.08104479e-01 -6.52406335e-01 1.71405959e+00 1.36719763e-01
    1.72720623e+00 1.28825879e+00 1.85409665e+00 1.25510907e+00
    -4.10822630e-02 1.50190163e+00 1.70877087e+00 7.51458943e-01
    -7.55216181e-01 -3.33008200e-01 -3.42154026e-01 6.88148201e-01
    -2.35917330e-01 -2.06830204e-01 7.65592337e-01 -1.01990700e-02
    1.52237129e+00 -1.58111453e-02 1.22749865e-01 -6.96147084e-02
    1.58609247e+00 3.09797466e-01 -5.91290593e-02 1.40652418e-01
    -1.96850896e-01 7.10875750e-01 -3.66556585e-01 -4.91316557e-01
    -3.87966126e-01 3.42253447e-01 4.36162233e-01 1.06387401e+00
    7.12358296e-01 6.12191975e-01 5.58596849e-01 -6.84249520e-01
    -5.43174505e-01 -3.91025543e-02 1.43707764e+00 1.03277946e+00
    1.75356865e-03 -7.55368233e-01 5.14188230e-01 -4.84551519e-01
    -5.54026186e-01 1.51549006e+00 1.48210633e+00 -6.50861025e-01
    1.11438966e+00 1.10306621e+00 -5.81345022e-01 -2.44925380e-01
    -2.45706469e-01 1.08457875e+00 9.51950550e-02 1.33058739e+00
    4.10638422e-01 2.02310592e-01 3.96536648e-01 2.21380293e-01
    2.89399862e-01 9.19485867e-01 -3.39325935e-01 4.73634601e-01
    1.18178236e+00 -8.01216364e-02 1.23552513e+00 4.82833505e-01
    1.46721601e+00 -4.71919179e-01 -3.15903008e-01 -7.67174542e-01
    7.30456889e-01 1.39812231e-02 6.60073876e-01 1.52999365e+00
    1.59409940e-01 1.54516745e+00 7.58350849e-01 1.35615981e+00
    1.13621092e+00 1.38332117e+00 2.32829452e-01 1.67858291e+00
    -7.07341731e-01 1.12873375e-01 1.41489112e+00 7.22865701e-01
    -3.71142447e-01 -2.97210217e-02 2.85253704e-01 1.31649780e+00
    7.06928909e-01 2.15182364e-01 1.17387319e+00 1.66717601e+00
    -1.25673294e-01 1.66164374e+00 9.25123155e-01 1.67493153e+00
    9.24480915e-01 1.06904137e+00 6.08405948e-01 1.40363801e+00
    1.60682440e+00 1.49311662e+00 1.68505502e+00 1.27768850e+00
    1.34760451e+00 -5.06525159e-01 1.76164603e+00 5.87295115e-01
    1.17032671e+00 -1.10232770e-01 5.77817440e-01 6.12958193e-01
    6.10216141e-01 9.34138119e-01 1.74232602e+00 -3.28898370e-01
    -4.05340821e-01 8.26239705e-01 1.17563534e+00 1.12316132e+00
    1.63367438e+00 7.19089508e-02 1.03106797e-01 2.33701527e-01
    7.78886199e-01 3.99452031e-01 6.56995058e-01 -3.76208067e-01
    5.83499014e-01 -7.95027316e-01 1.65409780e+00 1.18020523e+00
    2.69539654e-01 6.19568408e-01 8.75346899e-01 -1.10371768e-01
    1.48390031e+00 6.67898953e-01 -2.29605556e-01 1.32664895e+00
    2.03950047e-01 1.13654971e+00 1.72413993e+00 1.48895764e+00
    -4.95972425e-01 2.45371640e-01 1.77588642e-01 1.56081939e+00
    1.23932290e+00 1.81184590e+00 1.66013777e-01 -3.85881603e-01
    -3.29369545e-01 -1.32900655e-01 1.00346291e+00 4.37799096e-01
    1.35303915e-01 1.49036741e+00 1.50888944e+00 1.67805624e+00
    1.58268237e+00 -7.75589347e-01 1.26079500e+00 1.55242002e+00
    2.25056767e-01 -6.21538043e-01 8.84132862e-01 4.24215734e-01
    1.42801511e+00 1.63003206e-01 9.36263800e-02 3.25990796e-01
    8.50165367e-01 -5.31887650e-01 9.45320129e-01 1.10068202e-01
    1.52118123e+00 1.28075707e+00 3.42199206e-02 5.60203433e-01
    1.01296878e+00 3.45824122e-01 2.92493820e-01 1.15805769e+00
    5.81398010e-01 -2.67153561e-01 -2.74055183e-01 -1.49868190e-01
    9.90400076e-01 1.23907709e+00 1.77251625e+00 1.10514760e-01
    -5.09050012e-01 3.14933419e-01 3.67088377e-01 2.86225855e-01
    -6.52146757e-01 1.16101241e+00 7.25129902e-01 1.56802344e+00
    -8.17450881e-02 -1.32380962e-01 1.52972388e+00 -6.60334170e-01
    1.28444588e+00 -2.38557398e-01 -2.55739331e-01 5.51977277e-01
    1.23544252e+00 -4.38870549e-01 1.23740649e+00 -1.79103315e-01
    1.29964769e-01 4.56363857e-01 1.58888578e+00 9.24800634e-01
    1.36421537e+00 -2.10169971e-01 1.43568933e-01 -7.24445224e-01
    1.28292966e+00 -1.73204124e-01 1.81090188e+00 1.18473887e+00
    3.74053776e-01 1.25705361e+00 6.17562532e-01 1.06234169e+00
    1.17643905e+00 1.47180676e+00 -7.87288725e-01 -7.26570487e-01
    -4.76381332e-01 7.38287389e-01 1.56036961e+00 -5.34964263e-01
    7.42314041e-01 7.44889438e-01 1.55579269e+00 -3.09399635e-01
    3.87927413e-01 1.42433190e+00 -5.65140843e-02 -7.66332984e-01
    -7.01734066e-01 -1.27403796e-01 1.82087016e+00 5.53045750e-01
    9.34139132e-01 7.44385242e-01 2.01368928e-01 1.00021482e+00
    1.53580701e+00 1.21230865e+00 1.33975911e+00 -1.92517579e-01
    -3.25773031e-01 -1.64386749e-01 1.59149528e-01 -6.69366002e-01
    9.49806333e-01 -3.75054955e-01 1.17848527e+00 -7.26508141e-01
    1.48914409e+00 1.11767697e+00 1.38850141e+00 9.42466795e-01
    3.05100322e-01 1.98632956e-01 6.25340641e-01 1.34403706e+00
    9.45300996e-01 -6.60374522e-01 1.16399002e+00 -4.43169445e-01
    1.58450866e+00 1.18802238e+00 5.45211196e-01 1.11133218e+00
    1.48460770e+00 3.25048685e-01 4.46318150e-01 -3.34834427e-01
    1.79960132e+00 1.03006828e+00 -4.27012533e-01 1.86330736e-01
    7.08911180e-01 -6.69079542e-01 -5.83166420e-01 8.18462789e-01
    1.16836071e+00 1.48309231e+00 1.02043784e+00 1.65365458e+00
    -6.09833419e-01 5.93463063e-01 4.64709997e-01 6.26846015e-01
    1.52530074e+00 1.87534094e+00 -2.24332750e-01 1.79637170e+00
    -4.32296962e-01 -2.08862513e-01 7.00499415e-01 1.67613924e+00
    4.83387291e-01 -4.49012399e-01 9.23812985e-01 -3.32892776e-01
    1.56836057e+00 -6.79979324e-02 1.89271903e+00 1.84075069e+00
    -4.07242656e-01 -2.31972873e-01 -2.10425138e-01 1.70091450e-01
    1.27666640e+00 1.62386107e+00 -2.94563711e-01 1.41486001e+00
    1.32104814e+00 -6.05502307e-01 -5.20318270e-01 -4.13051844e-02
    1.25675738e+00 7.13434815e-01 5.15428543e-01 2.07594752e-01
    2.79086113e-01 1.40360951e-01 3.25309753e-01 1.73232198e+00
    -5.64183950e-01 9.67622399e-01 -6.76819086e-02 1.76723599e+00
    -2.60068715e-01 -6.83271408e-01 -7.46866107e-01 3.35774660e-01
    -6.31909192e-01 1.72080779e+00 -3.45930338e-01 1.51057029e+00
    9.67319608e-01 3.50512683e-01 6.70569777e-01 1.15768135e+00
    -3.69871080e-01 -3.91844779e-01 5.04279137e-02 4.55405176e-01
    1.72668982e+00 1.37988698e+00 2.99934089e-01 8.91739845e-01
    -2.96302378e-01 1.70049894e+00 -4.61649120e-01 1.57752883e+00
    3.02634895e-01 1.16435218e+00 1.49376702e+00 3.79094481e-01
    -6.16305649e-01 1.65101755e+00 -3.38931113e-01 -3.11291814e-01
    -6.48009956e-01 8.25288832e-01 -7.46722877e-01 1.10468626e+00
    1.43724084e+00 1.39594316e+00 -3.50529730e-01 -6.03301108e-01
    1.62042475e+00 -5.37578106e-01 -1.16876304e-01 1.45787191e+00
    5.55884004e-01 1.33307004e+00 -1.10170186e-01 -5.55381775e-02
    8.34703445e-02 -2.53176689e-03 1.19329071e+00 -9.52962637e-02
    1.42935467e+00 6.80919170e-01 1.26845586e+00 1.58724856e+00
    -2.77009249e-01 -4.79673266e-01 6.63176417e-01 1.52103806e+00
    9.48730707e-01 1.26256478e+00 8.32491875e-01 1.84017777e-01
    -3.82902175e-01 -1.46334708e-01 8.28241408e-01 9.55285192e-01
    8.66171718e-02 1.53742993e+00 9.01059330e-01 -7.14066207e-01
    5.90586841e-01 9.41224635e-01 1.53987098e+00 7.83939481e-01
    -2.90463567e-02 3.08535218e-01 4.82062995e-01 1.47997403e+00
    1.26324117e-01 1.11222672e+00 1.70338738e+00 5.64636350e-01
    6.06094301e-01 1.44480109e+00 1.18605542e+00 1.34735703e-01
    1.74680090e+00 -7.15973675e-01 -2.07174003e-01 7.22955883e-01
    -6.10718369e-01 3.24824333e-01 8.18792701e-01 1.24115658e+00
    2.57478952e-01 9.13389027e-01 4.27384138e-01 1.78218579e+00
    8.27446640e-01 -5.62060535e-01 1.65409255e+00 1.78847194e+00
    -1.14815474e-01 5.04011989e-01 1.79499865e-01 1.05826330e+00
    -5.59294462e-01 1.41344213e+00 -1.00463152e-01 1.30470300e+00
    7.89629340e-01 1.30253303e+00 1.78742981e+00 2.33172596e-01
    3.46246004e-01 1.78116274e+00 2.00419247e-01 1.76527095e+00
    1.11406517e+00 1.71934390e+00 1.75302696e+00 -3.69171083e-01
    4.51682031e-01 -4.45195049e-01 -3.46962333e-01 6.41368330e-01
    1.34677243e+00 9.28765833e-01 1.60382462e+00 9.74830747e-01
    1.04132533e+00 1.58051848e+00 -4.49638277e-01 1.69498909e+00
    3.56107056e-01 -6.36176348e-01 1.44167006e-01 -2.88149953e-01
    1.00536609e+00 1.64275467e-01 -7.28658915e-01 8.66841614e-01
    1.32198024e+00 1.64733028e+00 1.63032341e+00 1.59071875e+00
    -5.06376088e-01 9.71925080e-01 9.67731535e-01 -2.58396149e-01
    8.14150751e-01 9.40372050e-01 1.27531242e+00 1.48998201e-01
    -6.54828846e-01 1.60370612e+00 -3.62147719e-01 1.74796045e-01
    5.96920013e-01 1.28486013e+00 9.16672170e-01 -1.79383755e-01
    -3.92868549e-01 1.10291958e-01 -5.80837727e-02 1.74518168e-01
    -5.33909798e-02 -3.58280718e-01 5.44007242e-01 -4.00807768e-01
    1.80061340e-01 1.50413692e-01 1.30133438e+00 1.75141191e+00
    4.01748478e-01 4.37456548e-01 1.29774475e+00 7.05492258e-01
    3.60047996e-01 1.73901391e+00 7.26674438e-01 9.81180549e-01
    -1.20374560e-01 -7.80177057e-01 1.65643191e+00 -7.49731421e-01
    1.36657333e+00 1.21919703e+00 -5.54459929e-01 1.54658341e+00
    8.46239090e-01 1.36909044e+00 1.76835465e+00 4.63500023e-01
    8.61904621e-01 8.88146043e-01 1.38826907e-01 9.25649405e-02
    1.72300410e+00 3.19928527e-01 1.55366218e+00 -5.02741337e-01
    1.63704324e+00 1.53262150e+00 1.01678705e+00 8.78124237e-01
    1.18362534e+00 7.72529900e-01 1.16621983e+00 -1.86316371e-01
    1.17945266e+00 1.00000918e-01 -6.65495396e-02 3.20240974e-01
    1.33051705e+00 -4.89694893e-01 1.78938103e+00 2.05714583e-01
    1.62452340e-01 -3.47379148e-02 -3.17439079e-01 1.22921973e-01
    1.72460437e+00 1.27215457e+00 6.94387078e-01 1.95948553e+00
    1.17650199e+00 1.23881269e+00 -1.42457962e-01 1.02401221e+00
    -2.99013317e-01 1.00498223e+00 6.77516401e-01 2.06882298e-01
    2.61610508e-01 7.41122425e-01 4.22453880e-02 5.34503698e-01
    2.55407214e-01 -2.18685150e-01 9.61695910e-02 8.91942620e-01
    9.90963876e-01 -1.39890194e-01 9.27332520e-01 -3.31262261e-01
    3.95225823e-01 1.61223269e+00 5.21262825e-01 -4.76864278e-01
    9.52461302e-01 8.29542160e-01 1.72110701e+00 7.40723014e-02
    1.28478670e+00 -4.79276180e-02 -2.18432605e-01 9.42926407e-01
    1.00345373e-01 6.46443546e-01 7.63857961e-01 1.06496167e+00
    1.14372015e-01 1.06011510e-01 1.59686506e+00 1.13663137e+00
    -3.78762305e-01 -4.81239080e-01 8.09525013e-01 5.75568736e-01
    1.52700663e+00 1.41164124e-01 9.44083989e-01 -2.66512096e-01
    1.03014302e+00 1.81177080e-01 8.86027098e-01 6.54649794e-01
    6.35332286e-01 6.70088232e-01 3.12727690e-03 -7.25510180e-01
    2.39822805e-01 3.05330038e-01 2.58527577e-01 5.17762125e-01
    9.19992685e-01 1.46291602e+00 5.41872382e-02 6.10688508e-01
    -3.81001502e-01 6.86788857e-01 1.12921417e-01 8.65685165e-01
    -2.96920329e-01 4.05667245e-01 -1.31853819e-01 1.40440273e+00
    -9.57570672e-02 1.49550056e+00 5.59497952e-01 2.09662318e-02
    -6.38707817e-01 5.89330196e-02 1.55213428e+00 -4.91538107e-01
    -7.00575113e-03 4.34186816e-01 -8.29388142e-01 1.07474113e+00
    1.61748064e+00 -1.46952331e-01 3.99049699e-01 -6.31724536e-01
    1.36355162e-01 -7.57188201e-01 1.41832352e+00 -7.49854445e-01
    -3.35049868e-01 1.46384823e+00 1.39559841e+00 1.07165480e+00
    1.08858788e+00 3.94566238e-01 -7.43871927e-03 -2.47557759e-02
    -7.06514835e-01 -4.44420964e-01 1.33738351e+00 7.17830777e-01
    2.14010477e-03 6.39517009e-01 -3.05839896e-01 8.05812836e-01
    7.43427277e-01 7.97638953e-01 1.28011441e+00 4.30994451e-01
    9.54997897e-01 3.04899633e-01 3.64874303e-01 -2.11155653e-01
    -1.31630421e-01 1.68857503e+00 1.54465079e-01 8.07347953e-01
    2.99896359e-01 6.23593748e-01 1.57506466e+00 -6.52546227e-01
    2.80581772e-01 -3.90307963e-01 1.22352660e+00 6.81175351e-01
    1.53991508e+00 1.44798756e+00 -5.50571084e-01 4.49717641e-01
    5.61800718e-01 -3.30144852e-01 4.11023259e-01 1.27619791e+00
    1.56501269e+00 1.49767017e+00 1.14203405e+00 1.19934225e+00
    6.44000471e-01 2.74778068e-01 1.30798447e+00 1.07356119e+00
    -2.70913243e-01 6.71946585e-01 1.22348857e+00 1.20582366e+00
    1.26361990e+00 1.24689078e+00 1.63247979e+00 8.00375223e-01
    1.60208821e+00 5.60532212e-01 1.95904613e-01 3.79684448e-01
    2.94962287e-01 8.55273366e-01 -5.93386829e-01 8.23940039e-01
    1.23623443e+00 5.28605580e-01 -7.32894897e-01 4.37241077e-01
    -7.94113040e-01 -1.86527431e-01 -1.96397126e-01 9.32298779e-01
    3.45312059e-01 1.02350056e+00 9.61140573e-01 -7.31956184e-01
    1.08165860e-01 1.71605599e+00 6.39945745e-01 -6.06449246e-02
    -3.06175888e-01 -3.68186742e-01 1.64523125e-01 8.64470720e-01
    7.93026805e-01 1.03042603e+00 -5.34559369e-01 1.14797235e+00
    1.23366070e+00 2.97297537e-01 -5.86669028e-01 -3.27448905e-01
    1.18253016e+00 -6.76888824e-01 1.36507154e+00 1.12149107e+00
    1.29986835e+00 8.17948461e-01 3.49925756e-02 -7.18813598e-01
    1.42323673e+00 1.75321424e+00 -3.59025598e-02 5.06197691e-01
    -4.66702729e-01 4.66681898e-01 -5.74039936e-01 -5.43326735e-01
    9.73078609e-02 -3.63143146e-01 -3.58725190e-02 1.52110505e+00
    1.67912602e+00 1.58735895e+00 2.07776666e-01 1.28737569e+00
    -8.48563910e-02 -7.89132118e-02 1.71956778e+00 -5.29810250e-01
    -7.70902157e-01 1.27465439e+00 1.75693107e+00 8.18524778e-01
    6.76415265e-01 -3.37285608e-01 -2.74465501e-01 -6.98767781e-01
    1.54595566e+00 -5.32605052e-01 4.84447062e-01 5.01765490e-01
    -6.83525085e-01 4.68161702e-01 1.67093730e+00 2.66318977e-01
    9.25461054e-02 5.59354544e-01 1.12904060e+00 1.16796041e+00
    -4.01992232e-01 -7.03790963e-01 -6.59941316e-01 1.41595244e+00
    1.43288803e+00 -7.16467500e-01 -2.56424367e-01 -2.55109608e-01
    5.17930388e-01 1.59387767e-01 4.65592682e-01 1.46408236e+00
    -4.57869321e-01 8.87785435e-01 2.04855633e+00 9.22050834e-01
    4.50699389e-01 -1.74813181e-01 6.04696572e-01 1.20410848e+00
    9.88656104e-01 -5.53930461e-01 1.88386822e+00 1.58330739e-01
    -8.84097815e-03 1.68130589e+00 -4.00142550e-01 9.95688677e-01
    1.00963914e+00 -7.11077154e-01 2.71378756e-01 -1.51571274e-01
    -5.92651129e-01 1.61213207e+00 -6.50376081e-02 5.94973803e-01
    7.75127828e-01 3.86436582e-01 -4.47719723e-01 1.59381425e+00
    1.39061785e+00 4.69146550e-01 1.17114866e+00 1.14525127e+00
    -5.60616791e-01 6.44054890e-01 6.58587873e-01 1.50898576e+00
    9.65220928e-01 1.10556865e+00 -1.66064143e-01 3.17135632e-01
    1.10455084e+00 9.20326710e-01 9.97158289e-02 -9.95022058e-02
    -3.27601701e-01 1.44696879e+00 -3.47979575e-01 1.56276417e+00
    -4.65236992e-01 4.01931763e-01 2.62607336e-02 3.54885936e-01
    1.59857702e+00 1.75728703e+00 1.06150377e+00 7.89822221e-01
    -4.15470093e-01 -7.00586796e-01 -2.01084852e-01 1.64154840e+00
    1.42474008e+00 -1.73948109e-01 8.18136096e-01 -6.68861628e-01
    -6.96586549e-01 1.59251785e+00 5.22883773e-01 -6.43845797e-02
    1.37760103e+00 6.93427980e-01 4.80337918e-01 1.57861459e+00
    -5.33320189e-01 -7.71269619e-01 5.97407818e-02 1.43648803e-01
    6.67678714e-01 1.31338048e+00 -5.87717295e-01 8.62732172e-01
    7.88605809e-02 3.34479034e-01 1.33972228e-01 3.58042717e-02
    5.69769084e-01 1.55958104e+00 -2.30730176e-02 8.63998055e-01
    9.53125954e-03 1.22185588e+00 1.70315826e+00 1.01561987e+00
    8.65307450e-02 8.82625937e-01 1.52866054e+00 1.54233408e+00
    1.30058074e+00 3.77265811e-02 1.65898108e+00 1.02144670e+00
    1.81225419e-01 1.55499303e+00 9.32739377e-01 -7.51185238e-01
    -5.48265576e-01 -3.53656411e-02 -4.88842279e-01 1.51371026e+00
    1.64744139e+00 -5.96313357e-01 2.82887876e-01 3.65415931e-01
    1.83341503e-02 9.32421386e-01 -7.80473232e-01 -3.02042723e-01
    1.53321600e+00 1.20520163e+00 8.34296048e-01 -8.90629888e-02
    -6.44804180e-01 1.16100156e+00 1.66712976e+00 -9.12408829e-02
    -4.65776145e-01 -6.15108728e-01 -4.27934527e-02 1.44736862e+00
    1.47678387e+00 -1.78265154e-01 9.04143453e-02 4.03004289e-01
    9.13322985e-01 -4.23905611e-01 -4.44243431e-01 1.70794082e+00
    -3.40892613e-01 1.55842984e+00 -5.69089234e-01 -8.76505375e-02
    7.05009460e-01 2.65660882e-02 9.01786804e-01 2.22325146e-01
    -2.12342381e-01 1.46783376e+00 1.64757562e+00 1.80742645e+00
    1.08123899e+00 -3.45464230e-01 -4.51402068e-02 1.51028657e+00
    -7.62274265e-01 -7.13151991e-01 1.57792866e-01 -2.28197813e-01
    1.46332717e+00 -4.69205946e-01 1.26076102e+00 8.05041015e-01
    1.52330422e+00 1.66054201e+00 -9.14580822e-02 3.82047594e-01
    6.65548265e-01 3.90291035e-01 1.81889534e-03 1.57356703e+00
    1.27026510e+00 1.42894125e+00 -7.65488267e-01 8.24900210e-01
    6.18757725e-01 -3.34016412e-01 -4.00901347e-01 -6.74541473e-01
    1.78374481e+00 -2.67850578e-01 1.80256677e+00 7.70679772e-01
    3.38155806e-01 6.53179646e-01 -7.62234688e-01 5.45649529e-01
    -7.81975091e-01 1.06511772e+00 1.04512954e+00 2.19066262e-01
    -7.58518696e-01 6.85537100e-01 1.74062276e+00 1.74101377e+00
    -2.17557788e-01 1.23453462e+00 -2.60315120e-01 4.37389016e-02
    1.28214383e+00 -5.57080209e-01 7.44512618e-01 -6.82373881e-01
    -5.98196566e-01 1.30501902e+00 6.68084860e-01 -8.22764635e-03
    9.27176893e-01 1.03264451e-01 -7.08025694e-01 4.40888345e-01
    1.03732109e+00 -4.42124307e-01 2.36239672e-01 1.72554255e-01
    9.37736928e-01 -1.50374770e-01 1.33882165e-01 -3.77533227e-01
    -4.54478204e-01 1.01883554e+00 7.56083071e-01 1.76831138e+00
    1.00555348e+00 3.10851932e-02 3.61102283e-01 -1.89107776e-01
    3.74877632e-01 -1.29711270e-01 1.43544149e+00 -3.12528163e-01
    -3.37664336e-01 -4.12682414e-01 -2.80025005e-02 1.60599446e+00
    -3.24597776e-01 8.68357897e-01 -4.48576719e-01 7.35160530e-01
    -7.57310390e-01 1.25618756e+00 9.57976103e-01 9.58153009e-02
    4.75071490e-01 8.18282604e-01 1.68662071e-01 -2.15370417e-01
    1.38231671e+00 5.22689998e-01 -5.85220277e-01 1.23562551e+00
    -6.69432878e-02 1.02144837e+00 1.65622211e+00 -5.21827936e-01
    -6.15637481e-01 -1.12320065e-01 3.63462746e-01 -4.64133710e-01
    1.80393195e+00 -1.31586701e-01 -3.25242519e-01 9.34269428e-01
    9.42739606e-01 1.93290901e+00 -5.02131045e-01 5.69655657e-01
    1.15146637e+00 1.11464155e+00 1.58340716e+00 9.41724598e-01
    3.82887304e-01 7.82620966e-01 -7.07312167e-01 1.65310764e+00
    4.92723107e-01 1.08850968e+00 -2.39036858e-01 1.44710994e+00
    2.55059600e-02 1.40125632e-01 1.32290351e+00 -3.59469831e-01
    3.77548873e-01 3.75621200e-01 1.73582983e+00 3.41079891e-01
    1.46040463e+00 3.96700621e-01 8.00415814e-01 1.31166458e-01
    1.51542282e+00 -2.09858060e-01 1.04333663e+00 1.60189092e+00
    1.15187001e+00 1.30439353e+00 1.19824839e+00 -3.63193810e-01
    -5.68864763e-01 -4.48670983e-01 1.29621446e+00 1.68242681e+00
    1.03158498e+00 4.96854663e-01 1.12093925e-01 -5.17655730e-01
    1.30225110e+00 1.28491330e+00 1.04695845e+00 5.90831101e-01
    -1.27887785e-01 1.54137313e+00 1.56327677e+00 1.19024777e+00
    7.00485229e-01 1.16417646e-01 2.08837807e-01 6.62103474e-01
    -5.60215592e-01 1.27766728e-02 8.66767347e-01 -2.06984282e-01
    1.05379355e+00 1.49302292e+00 5.09774745e-01 -4.40754443e-01
    -5.94366848e-01 5.01827061e-01 2.21118510e-01 -2.09917068e-01
    4.93170559e-01 1.47314537e+00 2.57730544e-01 5.84627390e-02
    3.69184613e-02 1.35804033e+00 1.13390779e+00 5.04086614e-02
    4.46277797e-01 1.27651000e+00 1.27699459e+00 8.71710360e-01
    6.14555538e-01 1.34173429e+00 1.23968446e+00 -7.56261885e-01
    8.87435496e-01 9.47213888e-01 3.99398625e-01 6.57732904e-01
    5.90019703e-01 1.67038238e+00 1.40810466e+00 -4.78844464e-01
    6.95117891e-01 1.72726786e+00 1.52064013e+00 -5.68202436e-01
    -3.93110573e-01 1.52435291e+00 1.67431545e+00 3.82951379e-01
    2.52412975e-01 3.49259913e-01 -3.42250228e-01 7.06946850e-02
    6.73546791e-01 -6.82467341e-01 1.02013934e+00 7.47423947e-01
    8.76420140e-01 -5.94899416e-01 7.30085552e-01 7.73860037e-01
    1.73645735e+00 9.91563618e-01 -7.54891336e-01 1.08096886e+00
    1.37324786e+00 -1.02899671e-01 4.01631176e-01 1.47710013e+00
    -6.80824220e-01 1.55379772e-02 7.78808594e-02 1.58109069e-02
    1.46100676e+00 1.10256553e-01 3.85363340e-01 1.57961059e+00
    -6.98530436e-01 -2.06005871e-01 1.04093385e+00 6.38921261e-02
    1.80489063e+00 5.38463950e-01 -7.06467628e-01 3.61105978e-01
    1.56787622e+00 3.42116117e-01 1.42727542e+00 8.89830828e-01
    -1.51311100e-01 -7.52138495e-01 -3.62908810e-01 -8.42272639e-02
    1.73628747e-01 8.90350282e-01 -1.95950270e-01 7.86401212e-01
    4.65327442e-01 -1.66953206e-01 1.22955680e+00 -2.75326669e-01
    -4.64266330e-01 1.24011755e+00 1.73659968e+00 1.07230222e+00
    1.47653902e+00 4.48143601e-01 -4.08424765e-01 -7.20631957e-01
    7.50453353e-01 1.12444639e+00 3.55445325e-01 -5.85929692e-01
    1.67433619e+00 1.02122426e+00 5.83226144e-01 -6.44910514e-01
    1.74023747e-01 2.64006138e-01 -5.22240996e-01 1.44092155e+00
    1.83943844e+00 1.73996687e+00 3.53228867e-01 1.31593585e-01
    2.31164396e-01 1.58137190e+00 5.83541393e-02 -2.86082625e-02
    1.52387929e+00 -1.48230433e-01 3.96628380e-02 5.93442321e-02
    3.29537034e-01 1.13916278e+00 1.74178004e-01 1.52284503e-01
    2.32515752e-01 1.84201002e-01 1.21646404e+00 5.54152489e-01
    -3.93406272e-01 1.70115685e+00 1.28897846e-01 -2.96136916e-01
    4.87176538e-01 3.24469686e-01 -3.06711018e-01 -3.18976492e-01
    1.60469306e+00 1.68939292e-01 1.23419821e+00 1.59463584e+00
    6.82547569e-01 9.36774671e-01 -4.00035739e-01 3.77917469e-01
    -6.10906482e-01 7.17520058e-01 3.22709978e-01 1.41358066e+00
    -7.17103004e-01 8.92728984e-01 1.01246309e+00 -1.53744698e-01
    -7.32465267e-01 1.15772486e-01 1.77578783e+00 6.05338752e-01
    -6.73841000e-01 -3.18132967e-01 4.03426886e-02 1.37065697e+00
    1.41405249e+00 -1.73096538e-01 9.84994650e-01 9.03393686e-01
    1.45990896e+00 5.45454204e-01 -4.91101563e-01 -1.57058239e-03
    5.43601751e-01 7.93340981e-01 1.24485123e+00 9.23644781e-01
    7.38059998e-01 -5.27061343e-01 8.82672191e-01 1.65234256e+00
    1.10549974e+00 -7.88127720e-01 -6.99033439e-01 1.64646518e+00
    -1.07376575e-01 -1.01007283e-01 2.27431953e-01 2.39246547e-01
    -5.58322072e-02 1.89874077e+00 9.36832786e-01 1.41210759e+00
    6.28422081e-01 6.96413338e-01 2.03278601e-01 7.27483332e-02
    2.18529165e-01 -3.57306898e-02 -4.57129925e-01 1.32287574e+00
    5.98211169e-01 -9.98072028e-02 1.73862147e+00 -1.65786743e-01
    1.65342736e+00 -8.09553862e-02 -2.69851267e-01 -3.00158858e-02
    -1.53802216e-01 1.30068684e+00 6.56520009e-01 1.42822170e+00
    7.37236798e-01 -3.37658107e-01 -2.31047869e-01 9.89398658e-01
    8.24433386e-01 -7.96030819e-01 -7.36491978e-01 -1.03960156e-01
    -3.46319765e-01 -8.07351708e-01 4.07410562e-01 5.58396697e-01
    5.00441730e-01 -6.81526363e-01 1.65571797e+00 1.77159429e+00
    -4.41799134e-01 -6.29632652e-01 -6.48716331e-01 1.01998651e+00
    -3.14296782e-01 5.74040174e-01 -7.18549132e-01 -6.64059341e-01
    1.06867814e+00 7.04150081e-01 1.68820143e+00 -6.15114748e-01
    4.24659371e-01 3.73253644e-01 -4.85300064e-01 1.24810648e+00
    -2.05406845e-01 1.31106937e+00 2.37980664e-01 6.90686703e-03
    1.12564099e+00 1.31177354e+00 9.42556977e-01 -7.21662581e-01
    -4.10790443e-01 1.16061580e+00 1.00646842e+00 -4.93867397e-02
    8.53834569e-01 1.91391408e-01 -2.14539886e-01 2.15079665e-01
    5.93734086e-01 1.67797971e+00 4.46531773e-02 -1.24920666e-01
    1.36747479e+00 -5.88108420e-01 7.43921101e-01 -6.69136167e-01
    -5.66425562e-01 -3.94028097e-01 1.58545446e+00 5.70321083e-03
    5.20759225e-02 1.76131368e+00 3.86217773e-01 5.95954597e-01
    -5.11336207e-01 -2.19581246e-01 9.47246373e-01 -7.80329883e-01
    9.81183529e-01 -3.83425295e-01 1.27330518e+00 -3.53659391e-01
    1.59423804e+00 -5.51195920e-01 1.41918921e+00 5.63829482e-01
    -5.09500146e-01 7.84991026e-01 2.47894526e-02 -6.95830703e-01
    8.48736703e-01 1.84980869e-01 -4.39270794e-01 7.69093394e-01
    8.11804771e-01 -3.95228386e-01 1.33369780e+00 4.87575471e-01
    9.50241685e-01 1.43110752e+00 1.40929794e+00 -5.74763536e-01
    9.92651761e-01 1.02852893e+00 4.25953984e-01 6.08382106e-01
    3.36154342e-01 -4.11386847e-01 5.23649395e-01 1.07550836e+00
    -4.05175984e-01 1.60790956e+00 1.14865601e-01 -2.80573487e-01
    8.58051002e-01 7.64710903e-02 1.38350356e+00 6.11546397e-01
    -3.80186915e-01 -6.18703425e-01 2.21498966e-01 1.49738371e+00
    6.83366299e-01 4.36094105e-01 -4.93061990e-01 -5.12133658e-01
    -2.87793458e-01 6.67481244e-01 2.11809516e-01 1.12142015e+00
    -2.63112783e-03 3.58912528e-01 8.18219066e-01 1.12624621e+00
    -1.19799972e-02 8.59057724e-01 1.54694915e-02 -2.11451709e-01
    1.04400396e-01 1.23825812e+00 -3.75346452e-01 -5.12996316e-01
    2.71609187e-01 2.03576684e-02 1.75852394e+00 1.75779080e+00
    -6.96999967e-01 1.75968850e+00 8.69345844e-01 -6.47141814e-01
    6.93673372e-01 -1.20686054e-01 -7.21099019e-01 1.38014483e+00
    7.99018919e-01 1.62065315e+00 7.31605649e-01 9.53843713e-01
    -1.37077749e-01 -7.41452456e-01 3.19609284e-01 8.84682596e-01
    -3.69509429e-01 1.96880400e-01 7.16758311e-01 3.59607697e-01
    5.36598504e-01 -2.48115420e-01 -1.54560208e-01 3.42114687e-01
    5.77611029e-01 9.77239251e-01 2.78462708e-01 1.32973766e+00
    -2.34833896e-01 4.79983151e-01 1.22021639e+00 1.75946379e+00
    1.21119571e+00 1.75947118e+00 1.53135777e+00 1.43943858e+00
    -6.81575894e-01 1.19624257e+00 9.50124860e-01 1.52387798e-01
    1.63629985e+00 2.95538127e-01 7.76409268e-01 1.45147729e+00
    3.91934335e-01 -4.44998592e-01 -1.20753109e-01 1.11669230e+00
    -6.29653096e-01 -2.81227291e-01 1.55672240e+00 -2.81082451e-01
    3.06611657e-01 1.13432908e+00 1.18898094e+00 9.08992529e-01
    1.26260042e-01 1.06652498e+00 1.44655895e+00 1.43070173e+00
    -6.19805455e-01 3.33807826e-01 5.53117692e-01 -2.68187344e-01
    -6.62315130e-01 2.80095935e-02 -4.76533502e-01 -6.78601742e-01
    8.77939284e-01 2.73278832e-01 1.54354310e+00 -3.87676597e-01
    -4.83543873e-02 1.03034616e-01 1.25427222e+00 -7.56740570e-01
    1.40992641e+00 -4.03000712e-01 6.13687992e-01 4.10237134e-01
    -5.81183434e-01 1.68444073e+00 1.02038574e+00 -6.39304519e-02
    1.22642386e+00 1.82655573e+00 6.02541864e-01 -1.34385586e-01
    4.04596806e-01 5.52245378e-02 1.30343390e+00 1.48035753e+00
    7.15717971e-01 -6.56518877e-01 1.00484443e+00 1.21532476e+00
    -5.11037230e-01 1.58077145e+00 1.19050765e+00 1.78204799e+00
    1.68181777e+00 9.40351903e-01 1.69485044e+00 9.36402082e-01
    8.91968787e-01 -1.58157915e-01 2.78958678e-02 4.41634178e-01
    -5.27924895e-01 1.47727966e+00 -3.52725953e-01 1.71287870e+00
    4.10972118e-01 1.34760070e+00 4.35047925e-01 1.00140762e+00
    1.61540270e+00 -1.67218089e-01 -4.84240234e-01 8.40677083e-01
    -4.96622026e-01 1.19068170e+00 1.31116033e-01 4.43855107e-01
    -6.93805754e-01 -2.94604063e-01 1.65803504e+00 8.23940754e-01
    2.76998043e-01 1.71373796e+00 1.70527720e+00 7.34493375e-01
    5.53434968e-01 -3.81984383e-01 1.71472454e+00 -3.32466334e-01
    1.91451371e-01 1.29423237e+00 1.19898319e-02 6.64803147e-01
    -6.80866122e-01 1.02146697e+00 -3.89054656e-01 1.59328580e+00
    -9.37011242e-02 -1.68362498e-01 4.21237409e-01 1.01333284e+00
    9.01656210e-01 1.61645675e+00 1.01645780e+00 -4.72656637e-01
    6.84817970e-01 9.90778804e-01 1.60507202e+00 8.34675431e-01
    7.70542562e-01 -1.16561472e-01 -8.14659476e-01 -5.93082190e-01
    8.52589548e-01 7.94349134e-01 1.63617349e+00 1.15690517e+00
    8.91565979e-01 -6.64773822e-01 1.59897399e+00 -6.73905194e-01
    4.96851027e-01 -2.92944252e-01 -1.57900453e-01 4.94842112e-01
    1.02163613e+00 1.54723144e+00 1.33509469e+00 7.92347312e-01
    1.51122618e+00 1.33478236e+00 6.68637574e-01 1.47198057e+00
    2.93487072e-01 -4.72391784e-01 1.17621398e+00 9.84914899e-01
    7.98019767e-01 -2.47139752e-01 1.70200944e+00 -4.27366614e-01
    1.29806793e+00 1.72601581e-01 1.70502448e+00 1.65084994e+00
    1.34864151e-01 1.57949889e+00 6.13599360e-01 1.03271937e+00
    1.68570209e+00 1.04487705e+00 -1.62509799e-01 -6.18412495e-01
    -2.95463532e-01 1.09052956e-01 -3.69892597e-01 -2.26948619e-01
    -2.43052423e-01 7.36109376e-01 7.43877888e-02 4.85098541e-01
    1.33511245e+00 4.18389499e-01 1.44700432e+00 2.54248381e-02
    1.11874080e+00 -1.13590002e-01 4.03821766e-01 -1.45502687e-02
    1.25948155e+00 9.35170233e-01 1.05819023e+00 1.68871582e+00
    1.10605097e+00 7.46247351e-01 1.09479463e+00 1.58999872e+00
    6.27529621e-01 7.98606277e-01 1.50956511e-01 1.71634877e+00
    1.70669734e+00 -5.59013605e-01 -5.86067915e-01 8.54985118e-02
    -4.99204159e-01 8.98224533e-01 1.76575756e+00 1.08228397e+00
    -1.19280577e-01 3.25414300e-01 1.65818334e-01 -5.62689543e-01
    1.06720757e+00 1.02872002e+00 -1.77116156e-01 9.20948088e-01
    1.13569438e+00 -4.60696727e-01 6.12096846e-01 -3.11981171e-01
    -6.99911416e-01 -7.15913355e-01 3.12263370e-02 1.24929285e+00
    5.09202003e-01 1.77477443e+00 2.72216856e-01 -1.78918958e-01
    1.79676914e+00 1.07158971e+00 9.21685994e-01 2.50963151e-01
    -1.98211789e-01 1.23934722e+00 1.18633366e+00 1.50117612e+00
    1.05540025e+00 -3.50400478e-01 -7.98577845e-01 1.34458005e+00
    -4.95865524e-01 1.54331446e+00 1.74584794e+00 -1.92631900e-01
    7.93542862e-02 1.67088938e+00 1.64057493e+00 1.10525250e+00
    1.24428105e+00 8.77842784e-01 1.67996669e+00 1.10663295e-01
    1.35299230e+00 -9.66252089e-02 2.08884120e-01 9.72666502e-01
    1.11781573e+00 8.66188049e-01 4.96723056e-02 7.30915487e-01
    8.94081593e-03 1.39002585e+00 1.07755780e+00 7.75171041e-01
    1.20752966e+00 -5.09352326e-01 -4.29120272e-01 1.60927463e+00
    2.22595096e-01 1.37558043e+00 4.42135096e-01 -3.58790755e-02
    -7.89768100e-02 1.77919745e-01 -4.80283022e-01 1.63078833e+00
    3.77004921e-01 3.29880536e-01 1.33292329e+00 6.52480364e-01
    -4.75195497e-01 1.21425521e+00 8.91651511e-02 3.12261760e-01
    -1.08581781e-02 2.31418490e-01 -2.22841501e-01 4.49745953e-01
    2.35597908e-01 3.95083904e-01 -1.71190321e-01 1.80354822e+00
    1.29092884e+00 1.51144934e+00 -6.28299475e-01 5.87950349e-02
    7.98946321e-01 8.43225062e-01 1.18107116e+00 1.52031040e+00
    -4.48095798e-01 6.49394929e-01 1.66730893e+00 1.53023362e+00
    -7.64734149e-01 8.00151765e-01 1.42179310e-01 -6.18288159e-01
    1.12145305e+00 9.50316489e-01 1.17143226e+00 -6.80740535e-01
    4.91138160e-01 -4.84712362e-01 1.40821016e+00 5.61445951e-02
    1.35617995e+00 5.70508718e-01 5.45907259e-01 3.54390621e-01
    -3.97578001e-01 1.54026878e+00 6.01239145e-01 -2.45968997e-01
    1.31502128e+00 2.73900926e-01 -3.62179726e-01 1.10324800e+00
    1.03821635e+00 1.15801203e+00 2.77248770e-01 1.35648882e+00
    1.93126726e+00 1.75053507e-01 1.52045941e+00 1.26989663e-01
    1.50970960e+00 1.90792191e+00 4.88566816e-01 -6.78326368e-01
    -2.31453717e-01 4.16285098e-01 -5.58213770e-01 8.01268399e-01
    -7.52753735e-01 1.00249338e+00 1.72398782e+00 4.19753790e-03
    -1.79806590e-01 2.40818739e-01 1.35876262e+00 -5.55180669e-01
    1.28524840e+00 3.44061255e-02 4.23076987e-01 1.94399714e-01
    1.15636849e+00 -3.66898805e-01 -1.93593442e-01 -6.12883210e-01
    1.32883263e+00 -6.19765282e-01 6.81614399e-01 4.60705698e-01
    -9.81841087e-02 4.01068270e-01 3.71809483e-01 -7.74865448e-01
    1.76341891e+00 -6.65267706e-01 1.58201432e+00 1.62887287e+00
    2.78769493e-01 7.17343032e-01 8.02811563e-01 -1.36262715e-01
    6.41993523e-01 4.03929412e-01 1.59674740e+00 6.02274537e-02
    -2.10476398e-01 1.05463505e-01 1.13649487e+00 2.77658939e-01
    -1.61328852e-01 -3.47668350e-01 6.27428472e-01 3.31326127e-01
    -3.56092691e-01 -5.65817118e-01 -1.42143011e-01 -1.81442022e-01
    -5.84611058e-01 1.70058250e+00 1.22644472e+00 4.81325269e-01
    2.79678047e-01 1.79307437e+00 8.37291479e-01 1.46874452e+00
    9.47076976e-01 9.45460200e-02 1.62394452e+00 3.07663262e-01
    1.73123574e+00 7.03090489e-01 5.34734070e-01 9.25319195e-02
    4.06028807e-01 1.45005107e+00 1.29877746e+00 -5.03667712e-01
    4.67988968e-01 5.40360570e-01 -1.49474978e-01 -6.28471076e-01
    1.01298249e+00 1.42580557e+00 1.33335662e+00 3.56904626e-01
    1.32883477e+00 1.13246143e-01 5.66595137e-01 1.57943296e+00
    1.34799302e+00 7.16507435e-04 1.47568107e+00 1.41660559e+00
    6.60021722e-01 1.68175006e+00 6.99699104e-01 9.36365664e-01
    -6.45395517e-02 1.19843054e+00 1.27365887e-01 6.69617176e-01
    -4.01914656e-01 -2.78763115e-01 3.82629097e-01 -5.96732318e-01
    1.63017249e+00 1.02075338e+00 -6.01991177e-01 6.77963138e-01
    -1.31481111e-01 1.27952552e+00 9.96935010e-01 2.35973239e-01
    7.21433759e-02 1.38066173e+00 6.73457980e-01 -2.93246865e-01
    4.37040925e-01 1.09660363e+00 2.08414435e-01 1.52430892e+00
    1.08335710e+00 1.09759831e+00 -5.10257602e-01 -3.26704979e-02
    1.09216642e+00 -3.06286126e-01 -3.48074436e-01 1.80091596e+00
    -3.88376236e-01 7.93627501e-02 -5.31347990e-02 1.25308406e+00
    -6.22836471e-01 -1.89590037e-01 -5.33956647e-01 1.69124413e+00
    9.74661827e-01 9.46187258e-01 1.35119009e+00 1.76184964e+00
    -4.47657824e-01 1.60594690e+00 1.07770801e+00 -5.40660262e-01
    1.35541487e+00 1.44163299e+00 -2.65177131e-01 -5.35502434e-01
    1.29527235e+00 1.64975464e+00 2.99242616e-01 2.99701393e-01
    6.13845766e-01 -3.00808549e-02 3.22725654e-01 -6.27415776e-01
    1.15164173e+00 1.62361515e+00 6.81690156e-01 -3.91328335e-03
    7.99537599e-01 8.97489130e-01 1.67458820e+00 1.75931501e+00
    -1.20375514e-01 -4.66702968e-01 -3.99039179e-01 -5.13231933e-01
    -3.89598727e-01 1.52747202e+00 7.89485395e-01 1.03243673e+00
    7.61357725e-01 -4.24443364e-01 3.33049297e-02 1.65428209e+00
    1.51914358e+00 8.84366691e-01 3.32789123e-01 1.40739799e+00
    9.67058420e-01 2.03051448e-01 1.71487808e+00 7.08256364e-02
    -6.78587794e-01 2.68054068e-01 -7.64460921e-01 1.56810880e+00
    1.04389763e+00 -6.01055205e-01 -1.62636638e-01 5.71327925e-01
    1.74016619e+00 -5.21239519e-01 -6.72652304e-01 -8.91032815e-02
    -2.49465823e-01 1.15087461e+00 -7.30808914e-01 1.07210422e+00
    1.79081726e+00 1.43196440e+00 4.12102759e-01 2.23035514e-01
    8.81372690e-01 2.39457905e-01 -4.96891111e-01 5.69621563e-01
    -7.30392218e-01 5.59595406e-01 1.71230483e+00 3.60144973e-01
    -1.36918783e-01 -5.74845672e-02 1.75746500e+00 9.05960739e-01
    -6.37557566e-01 1.79597807e+00 2.10447848e-01 6.11036062e-01
    -6.40388846e-01 1.24310613e+00 -2.29679942e-02 -1.32308364e-01
    1.82977915e-01 1.42635870e+00 7.19369650e-01 -7.39535093e-02
    1.00692809e-01 7.71337569e-01 -7.32224107e-01 9.41230834e-01
    1.44546437e+00 1.60086358e+00 1.06739616e+00 -3.12405020e-01
    -4.90943611e-01 -5.88153303e-01 -2.06290662e-01 -5.39389253e-02
    5.78375041e-01 -4.90150630e-01 1.57000947e+00 1.38820136e+00
    1.17162156e+00 4.32059467e-01 -2.43503243e-01 7.69481122e-01
    1.10733509e-02 8.22430253e-02 2.63960838e-01 1.96633923e+00
    -3.40634137e-01 3.19548041e-01 2.94349849e-01 1.20877707e+00
    9.55991745e-01 1.85621524e+00 1.69933569e+00 1.71407628e+00
    -1.23086751e-01 4.53875661e-01 1.68551064e+00 -8.86852145e-02
    1.36176717e+00 9.84469831e-01 1.54504836e-01 -1.35254502e-01
    4.12587404e-01 -4.66428608e-01 8.60413373e-01 1.23850799e+00
    5.20941496e-01 1.53695762e+00 -5.69300413e-01 1.74813879e+00
    1.42182589e+00 -6.15127325e-01 -7.52296746e-01 -6.18060768e-01
    -3.54751527e-01 7.97196329e-01 1.54886544e+00 1.51229596e+00
    1.63133168e+00 1.18960500e+00 3.26706231e-01 1.53315592e+00
    -7.34642446e-01 4.82195675e-01 -5.35507023e-01 1.40529823e+00
    4.57620621e-01 4.77945209e-01 4.11773264e-01 8.67575467e-01
    -4.36460644e-01 1.20687222e+00 8.64290595e-01 6.42015576e-01
    1.75785184e-01 -7.15093911e-01 -2.31610358e-01 -2.11927474e-01
    7.66085923e-01 4.84287083e-01 -4.74387974e-01 1.17240942e+00
    9.80608106e-01 9.16513205e-02 -4.93163526e-01 9.86947715e-01
    6.17202520e-02 1.06987548e+00 7.36130893e-01 7.12698936e-01
    -6.33259356e-01 -4.72441584e-01 5.88379025e-01 1.83403742e+00
    1.21080279e-02 -6.04309082e-01 1.67082131e-01 -3.19772422e-01
    -4.21950549e-01 6.72673047e-01 7.10312247e-01 6.51034534e-01
    6.01508558e-01 1.06592083e+00 -4.23257232e-01 5.07164061e-01
    1.35909355e+00 1.01043880e+00 8.33894372e-01 -1.00028038e-01
    -2.39811718e-01 1.26483870e+00 -9.75397229e-02 1.48758066e+00
    1.12324810e+00 1.71364653e+00 9.67964470e-01 9.06182468e-01
    5.45541644e-02 1.20294225e+00 -6.25976801e-01 1.32608259e+00
    2.94586003e-01 1.29204178e+00 1.75833070e+00 -7.61816978e-01
    -4.59528089e-01 1.26846552e+00 -6.54214621e-01 1.77746356e-01
    1.16089797e+00 4.12006557e-01 2.60415912e-01 -4.68003422e-01
    1.39966738e+00 9.03324068e-01 9.50026512e-02 1.11181676e+00
    9.27996337e-01 -5.81656694e-02 -4.63845730e-02 -6.11810267e-01
    1.10649359e+00 1.43725252e+00 -4.97976571e-01 1.29165983e+00
    4.19487894e-01 -3.98288220e-01 1.23216271e-01 1.73574150e+00
    -7.84014583e-01 2.12450802e-01 2.43604720e-01 5.05059361e-01
    1.04353738e+00 5.91277540e-01 -6.39498234e-04 -2.53310084e-01
    2.80584455e-01 -3.16746503e-01 8.80503297e-01 -7.30958104e-01
    1.06202304e+00 3.39711547e-01 1.68336153e+00 1.08445477e+00
    2.50243306e-01 1.59708667e+00 -1.14810169e-01 -5.45860529e-02
    -3.23467791e-01 -4.56815809e-01 8.01840961e-01 -6.48677051e-01
    1.77249658e+00 -3.56983930e-01 7.98704028e-01 7.93260813e-01
    -6.83026791e-01 -6.65514469e-01 -7.74427176e-01 1.22033501e+00
    1.14314842e+00 -1.39288783e-01 6.79677784e-01 3.90398502e-02
    2.09040463e-01 8.82031798e-01 2.45328248e-01 1.00379324e+00
    -7.26221800e-02 -3.95250231e-01 7.31865227e-01 -2.88098454e-02
    1.35200429e+00 1.12044072e+00 4.99284029e-01 -1.07632339e-01
    -6.61818326e-01 1.16583073e+00 -3.65820587e-01 3.42159986e-01
    8.34737360e-01 -4.10833031e-01 9.08830464e-01 1.40112400e+00
    1.03131700e+00 1.32689428e+00 -5.95581889e-01 1.16996753e+00
    1.74689889e+00 5.69131732e-01 -4.38727319e-01 9.87100482e-01
    4.21060681e-01 1.19293523e+00 1.29565263e+00 1.27022314e+00
    -3.38101029e-01 7.87417650e-01 6.85916483e-01 -5.13187110e-01
    1.32016599e+00 -9.32812691e-03 -2.77320772e-01 1.15152240e+00
    -4.50619847e-01 -7.48868644e-01 1.49845290e+00 2.54768431e-01
    -7.15935230e-01 -1.69379056e-01 -5.98696291e-01 5.35279870e-01
    7.05969334e-01 6.83659911e-02 3.22868288e-01 -6.95288837e-01
    -4.94732708e-01 1.19517684e+00 -3.11917782e-01 1.53188372e+00
    5.90108395e-01 -6.40783668e-01 1.20220613e+00 4.39450502e-01
    1.39946246e+00 2.68684626e-01 1.05895019e+00 -5.73951364e-01
    -2.62891412e-01 1.17389679e+00 9.20582414e-02 -2.77583897e-01
    -7.03039885e-01 -6.40892684e-01 1.68315363e+00 4.85971630e-01
    1.96081221e-01 8.25901508e-01 8.45331609e-01 -5.40662766e-01
    1.45614123e+00 3.09088647e-01 5.50390899e-01 -1.97037101e-01
    6.26586974e-01 -2.11681664e-01 -7.43168712e-01 2.59411871e-01
    -3.80861998e-01 1.21908677e+00 -6.45323277e-01 -6.09369516e-01
    6.17550790e-01 -3.50958109e-03 6.16744161e-02 3.53805065e-01
    5.70807517e-01 -1.16751313e-01 5.46651065e-01 4.06769127e-01
    -3.28458697e-01 1.25238991e+00 1.75347984e-01 6.85396492e-01
    -5.70224166e-01 9.88931239e-01 1.91752923e+00 1.00495338e+00
    -4.14273411e-01 1.34699512e+00 7.71979094e-02 1.89547241e-01
    -2.69360125e-01 3.23509634e-01 7.63079941e-01 -5.20226836e-01
    1.30497682e+00 -5.78447700e-01 6.48883462e-01 1.64954734e+00
    -7.80575871e-02 1.45581746e+00 7.37096012e-01 -7.01306581e-01
    -6.84878170e-01 1.73991716e+00 -1.04386747e-01 1.50167906e+00
    -6.47228181e-01 1.67590904e+00 1.43878365e+00 1.05474687e+00
    -7.24908412e-01 1.20811188e+00 1.77330422e+00 5.08442402e-01
    8.92283559e-01 4.17164445e-01 1.55441558e+00 1.80629563e+00
    1.59864688e+00 -4.88268584e-01 3.93838644e-01 -7.36188173e-01
    7.10156918e-01 -3.25158238e-02 3.51577699e-01 2.19606578e-01
    1.73071456e+00 7.48648703e-01 1.26731217e+00 -5.03838778e-01
    1.66166735e+00 -5.18477559e-01 1.80856991e+00 7.07453847e-01
    -1.37511492e-01 -3.80560666e-01 3.17249298e-01 7.82635212e-01
    -3.69351745e-01 1.73404717e+00 5.21430969e-02 8.68598342e-01
    1.81231105e+00 1.23239279e+00 4.47045863e-01 1.41795802e+00
    -2.67796099e-01 1.65874124e+00 -7.66022325e-01 -4.27645445e-03
    1.21466792e+00 3.19351315e-01 3.99190187e-03 1.15577579e+00
    -1.92004859e-01 4.25092041e-01 1.08673930e+00 4.47699249e-01
    8.90761793e-01 -5.42558908e-01 7.21330345e-01 -1.90472007e-01
    1.58480585e+00 -2.44821310e-01 -7.09138989e-01 1.22098875e+00
    -4.39992458e-01 -1.56973422e-01 1.13045049e+00 -5.68682432e-01
    -6.02423191e-01 -5.30486107e-02 -4.29546505e-01 1.51341438e+00
    1.47244561e+00 -3.62090170e-01 -5.60835242e-01 -5.87376952e-01
    1.06043363e+00 3.13190043e-01 1.21941018e+00 2.09421873e-01
    -3.88910592e-01 -6.73586726e-01 -6.18041098e-01 1.38855100e+00
    -6.69889271e-01 1.80339193e+00 -6.43450797e-01 1.23078203e+00
    -4.81396496e-01 9.73006904e-01 7.22243011e-01 -1.72149658e-01
    1.40658474e+00 2.23943174e-01 -3.40733439e-01 1.40912390e+00
    1.99345291e-01 1.29076648e+00 2.17157125e-01 1.05841064e+00
    5.80629349e-01 1.27788413e+00 4.59379673e-01 1.76536322e+00
    9.63657618e-01 2.53863037e-01 -8.23020339e-02 4.24985945e-01
    1.09630334e+00 1.49571180e-01 -7.03070223e-01 -5.02236605e-01
    -1.39261365e-01 1.68796754e+00 -1.67216837e-01 -4.06307757e-01
    1.00641608e+00 6.71695471e-02 -4.97293890e-01 7.94586062e-01
    -3.50371897e-01 9.20488298e-01 1.17864823e+00 8.82178128e-01
    -5.39579093e-01 -5.70425987e-01 -1.53353691e-01 1.52283072e+00
    -6.06775284e-04 1.24204230e+00 4.31865275e-01 -6.26613677e-01
    6.77914262e-01 -6.54048920e-02 -4.21596289e-01 1.73835897e+00
    4.60085332e-01 -8.10098886e-01 1.34927917e+00 6.18541658e-01
    -2.31500924e-01 -2.32554913e-01 2.84109712e-02 -1.65455461e-01
    7.12565243e-01 1.27416897e+00 1.29627156e+00 -1.92867815e-01
    8.82563591e-01 -3.46279591e-01 -5.90601683e-01 -5.96356153e-01
    8.81376624e-01 -3.59845400e-01 -7.72970140e-01 1.06779742e+00
    -1.22901857e-01 -5.58124661e-01 -3.22199762e-01 -3.01133871e-01
    1.23163199e+00 1.16843700e+00 1.34795713e+00 -2.15666413e-01
    1.60174072e-01 8.81771386e-01 -1.39420450e-01 1.02161276e+00
    1.54971933e+00 -1.84154332e-01 1.23508286e+00 -3.79597098e-01
    7.40007639e-01 -7.64414251e-01 -4.99871284e-01 -3.50251108e-01
    -3.58287692e-02 8.99840117e-01 8.59980524e-01 1.50855899e-01
    1.40021777e+00 3.38661790e-01 8.26820552e-01 9.96157944e-01
    -1.14143670e-01 1.31937408e+00 1.06346679e+00 -5.10078192e-01
    1.67238736e+00 7.93679237e-01 -7.73533463e-01 1.07458842e+00
    1.02449656e+00 1.04614639e+00 -7.88663685e-01 5.77933490e-01
    -2.37525702e-02 2.29190111e-01 -2.37961769e-01 1.06135845e+00
    -2.15429783e-01 4.37225819e-01 8.93614769e-01 1.77669978e+00
    1.65741229e+00 2.00544953e-01 -1.17354393e-01 1.13590562e+00
    1.58034420e+00 8.87103975e-01 7.82200456e-01 -3.96030247e-01
    2.49404311e-01 1.03361082e+00 1.14561641e+00 5.22200465e-02
    -3.47828954e-01 -4.40646768e-01 -5.32103181e-01 -3.52500975e-01
    1.08586836e+00 1.97620869e-01 3.61493230e-01 1.49032855e+00
    1.47050285e+00 1.08957362e+00 1.43882537e+00 1.96798623e-01
    1.84832227e+00 1.47748041e+00 1.47373629e+00 2.00982952e+00
    1.95936632e+00 -1.77866846e-01 1.95973229e+00 1.62606263e+00
    9.70516801e-01 1.64391327e+00 1.76961970e+00 -4.08074707e-01
    8.13781142e-01 6.26226842e-01 1.61129737e+00 5.43555260e-01
    1.05381846e+00 -4.48521972e-01 1.55110621e+00 1.61330628e+00
    8.40725124e-01 -6.69444978e-01 9.33304906e-01 -5.48325539e-01
    6.11873329e-01 -5.81676781e-01 1.57064009e+00 4.51443315e-01
    1.75566077e-01 1.71279550e+00 -2.18462169e-01 -7.54141271e-01
    7.59022772e-01 8.27598751e-01 4.71941411e-01 -1.91965222e-01
    5.82557976e-01 1.67932272e-01 1.55456543e+00 9.89063859e-01
    -5.76821208e-01 1.59303188e-01 1.63696408e+00 1.07373524e+00
    3.82493377e-01 -5.01846313e-01 1.08452713e+00 2.08595276e-01
    2.14439154e-01 -6.45630360e-01 -4.98405904e-01 7.24417388e-01
    5.08876860e-01 5.75700223e-01 5.65552950e-01 4.95768011e-01
    2.05266058e-01 7.28565574e-01 5.52057743e-01 1.42333269e+00
    4.51751113e-01 1.99441791e-01 5.93093991e-01 6.47312105e-01
    5.04681826e-01 -2.06087649e-01 -3.21259499e-01 7.61528611e-01
    1.67443454e-01 5.42968392e-01 -5.04849911e-01 1.21333647e+00
    3.50953102e-01 -4.24685925e-01 -7.71085382e-01 1.73217940e+00
    -9.08328891e-02 1.22259498e+00 1.45438218e+00 6.84874177e-01
    -1.29111946e-01 1.18218970e+00 1.70344257e+00 2.92788208e-01
    2.39355803e-01 1.33301771e+00 4.22807932e-01 1.32593536e+00
    1.90497100e-01 -3.30264330e-01 1.19744766e+00 6.39116645e-01
    1.69245756e+00 1.04489148e+00 -2.34826863e-01 1.74469233e+00
    -4.67681587e-01 -6.91829324e-01 5.69079936e-01 1.74699664e-01
    -1.68456256e-01 1.79715967e+00 1.58437896e+00 7.95237780e-01
    9.49166715e-01 9.02710497e-01 1.57292557e+00 1.64702582e+00
    6.07964277e-01 1.06276369e+00 -2.02098370e-01 -1.87221289e-01
    -2.65187025e-02 1.03150177e+00 -2.04323351e-01 1.11610365e+00
    -2.51422465e-01 -2.13037491e-01 5.48210859e-01 1.28101504e+00
    3.46050560e-01 1.11673164e+00 4.98317480e-02 6.31315112e-02
    -1.61316276e-01 7.41883516e-01 3.56371820e-01 7.52407253e-01
    -5.92297316e-01 7.34989047e-01 -3.02798986e-01 -6.43669724e-01
    9.02794302e-01 7.35897422e-01 6.97616160e-01 3.11327755e-01
    1.09659755e+00 4.21769440e-01 3.26456130e-01 1.79510474e-01
    -5.69657266e-01 9.95143354e-01 1.88665688e-01 4.56516266e-01
    1.48244834e+00 1.35445940e+00 -6.75669968e-01 1.20757103e-01
    3.60263228e-01 -2.32206702e-01 2.10509002e-01 -2.85766006e-01
    7.54648387e-01 5.46697676e-01 1.45853102e+00 2.92224586e-01
    4.88092899e-01 9.47461188e-01 1.28112960e+00 7.68971086e-01
    -1.60662591e-01 8.42370629e-01 7.42756486e-01 1.76892400e+00
    1.78369856e+00 5.07681072e-01 1.31848669e+00 3.01426709e-01
    9.40078199e-01 1.10267103e-01 1.63390398e+00 2.04619765e-01
    1.45395505e+00 -4.73830134e-01 1.46795106e+00 3.11370254e-01
    -5.27908087e-01 9.13117707e-01 -8.92667770e-02 5.17319500e-01
    8.60058427e-01 1.66997170e+00 4.70453620e-01 -6.07701719e-01
    -6.34325325e-01 3.20608974e-01 -2.17242062e-01 1.64100432e+00
    1.71806312e+00 1.25603294e+00 -2.19491124e-01 9.01538134e-02
    3.16429019e-01 -7.64620304e-03 -8.03732693e-01 6.03550553e-01
    1.56337130e+00 9.94486749e-01 -4.74880189e-01 1.18300462e+00
    1.33413684e+00 -2.16664612e-01 4.28206027e-01 7.19174802e-01
    1.29039884e+00 4.11366045e-01 1.21088982e+00 -1.52083993e-01
    1.13829112e+00 -1.07032418e-01 1.47949123e+00 -6.08653307e-01
    8.51556182e-01 -7.03026116e-01 5.91601491e-01 -6.55362308e-01
    1.64414430e+00 1.53573990e+00 -3.82572144e-01 -3.73938888e-01
    1.36078227e+00 -9.21022296e-02 1.30281401e+00 7.63225794e-01
    2.76630044e-01 1.43535185e+00 1.04204631e+00 -1.23906136e-01
    9.25893128e-01 -7.25127399e-01 -5.21942496e-01 -6.49293721e-01
    1.28414536e+00 1.88019454e-01 1.21318519e-01 -1.59119248e-01
    7.37463832e-01 -3.91344517e-01 1.02024531e+00 -5.68195522e-01
    1.72940552e-01 -4.20178443e-01 1.29322839e+00 -2.34236538e-01
    -6.87275290e-01 5.77706754e-01 -2.76727378e-01 9.65767145e-01
    1.38976479e+00 -6.54130161e-01 -4.08388883e-01 8.93712759e-01
    1.48163867e+00 -5.55908144e-01 5.71349025e-01 1.53489149e+00
    -4.37050581e-01 -5.12751937e-02 3.20460737e-01 2.16552377e+00
    5.89524031e-01 2.00800967e+00 4.11792576e-01 3.53112459e-01
    1.67013121e+00 1.80835068e+00 -2.93322086e-01 1.58870888e+00
    1.27849400e+00 -4.22213435e-01 -7.37961113e-01 3.30148458e-01
    1.72714531e+00 -4.73623872e-01 -7.32702136e-01 1.31659675e+00
    5.71866870e-01 -2.85417557e-01 5.49797118e-01 1.18090725e+00
    9.54310238e-01 2.57105410e-01 1.73757970e+00 1.28376007e-01
    9.39942598e-01 6.46304488e-02 1.16329515e+00 2.54029691e-01
    3.46709192e-01 -1.67572021e-01 -7.69817233e-01 -4.21768636e-01
    2.95927465e-01 6.21083915e-01 1.16286182e+00 7.68313050e-01
    1.58970547e+00 1.08797336e+00 -5.53203464e-01 1.38502002e+00
    -5.12820005e-01 1.33806527e+00 6.17461681e-01 -7.14200020e-01
    6.00846350e-01 1.76144242e-02 1.50297713e+00 -7.71367848e-01
    8.98534894e-01 -2.53644884e-01 7.28332639e-01 -1.30147338e-01
    9.23648357e-01 8.04081619e-01 1.18444550e+00 1.73372841e+00
    8.07990372e-01 5.42087555e-02 -3.46414834e-01 8.09343874e-01
    1.17865384e+00 8.10268521e-02 -1.26093984e-01 1.64309835e+00
    1.04888368e+00 1.43036795e+00 4.16390955e-01 -4.64673221e-01
    -6.23853505e-01 1.21244287e+00 1.09716523e+00 6.92822099e-01
    1.70461977e+00 9.37394619e-01 5.57277501e-01 1.44960248e+00
    -4.13845748e-01 6.29723132e-01 6.60033882e-01 8.90580952e-01
    -3.79471362e-01 1.73301458e+00 1.61638117e+00 1.52848053e+00
    8.52798104e-01 1.43267846e+00 9.97874856e-01 1.07918763e+00
    4.72704768e-01 1.06517792e+00 1.62371612e+00 9.84073162e-01
    -1.20026708e-01 1.08325315e+00 1.69192922e+00 1.52985847e+00
    -5.10015368e-01 -3.23416084e-01 1.02275443e+00 7.60832727e-01
    -4.78861421e-01 4.73666787e-02 -6.11000776e-01 -9.48268771e-02
    -7.72449195e-01 1.18610764e+00 8.78643572e-01 -2.84963727e-01
    1.00941253e+00 -4.75266963e-01 2.19927132e-01 8.99542153e-01
    1.77547860e+00 -5.98531783e-01 9.72628415e-01 1.17239571e+00
    1.47950470e+00 -5.02159536e-01 5.84108829e-02 -4.14938927e-02
    2.10814774e-01 1.42448723e+00 -6.68514252e-01 7.96166718e-01
    1.12287450e+00 1.89784944e-01 1.64823341e+00 1.03439665e+00
    1.45972824e+00 7.25712359e-01 -6.45671248e-01 8.82792175e-01
    -1.30207717e-01 -6.42667294e-01 1.27868211e+00 1.20481229e+00
    -4.45653468e-01 9.21666026e-01 4.45908308e-02 7.83506274e-01
    1.68537855e-01 1.69114900e+00 5.95949531e-01 -4.23017085e-01
    7.82347500e-01 1.46196723e+00 -5.32574773e-01 1.53164268e-01
    4.46499944e-01 -4.32295114e-01 1.30499899e+00 -2.03471601e-01
    1.04061437e+00 3.04063022e-01 1.13025773e+00 2.14546382e-01
    -6.17854774e-01 4.60664093e-01 -4.43564087e-01 7.52281010e-01
    -3.16067934e-01 7.07816124e-01 1.18064928e+00 1.13500953e+00
    1.14825189e-01 1.44034100e+00 1.01524138e+00 -6.61547661e-01
    -4.36754227e-01 -2.79689908e-01 1.28350210e+00 1.83871269e-01
    -4.45164055e-01 -5.46175599e-01 1.73942494e+00 1.55740607e+00
    -5.98109126e-01 1.66274512e+00 2.76773512e-01 1.71556950e-01
    1.10341311e-02 1.66678953e+00 1.73475504e-01 1.38732839e+00
    1.35117054e+00 2.53875852e-02 8.30332637e-02 1.39683425e+00
    1.56192923e+00 1.25724387e+00 -7.67351687e-01 5.23797870e-02
    7.88696408e-02 2.55919456e-01 8.01379323e-01 8.33070934e-01
    -5.22444248e-02 9.61701810e-01 2.39013612e-01 -7.33666480e-01
    9.57301438e-01 1.13230467e-01 9.54753458e-01 1.42551827e+00
    1.18728817e-01 9.66860652e-01 1.77418065e+00 -9.19524431e-02
    9.34235334e-01 1.79400158e+00 1.81196678e+00 1.66058648e+00
    -2.76670635e-01 -5.49950480e-01 3.60470593e-01 -7.99983978e-01
    7.95072496e-01 1.68996096e-01 -4.46352184e-01 9.91787553e-01
    1.13326621e+00 8.80636334e-01 -7.00392246e-01 -1.03768706e-01
    7.56375074e-01 -5.22091925e-01 -5.13626993e-01 6.66228533e-01
    -6.45291209e-02 1.59831870e+00 5.32407820e-01 -7.12596953e-01
    -2.70331174e-01 9.98836517e-01 1.25678825e+00 4.96301293e-01
    -5.50840139e-01 1.62577915e+00 1.47937393e+00 1.08081532e+00
    1.78080034e+00 1.00135779e+00 -9.05762315e-02 1.78492117e+00
    8.77567530e-02 3.07042599e-01 1.75356507e-01 1.07530212e+00
    5.79797566e-01 -1.15516245e-01 1.59798408e+00 3.45373154e-02
    6.28852010e-01 3.40576053e-01 1.45536542e+00 1.51662934e+00
    -1.83874995e-01 3.12585354e-01 1.16843843e+00 8.61413956e-01
    5.70564508e-01 1.55105567e+00 -4.92741406e-01 -7.04775393e-01
    3.91413212e-01 4.11756873e-01 -1.89105988e-01 -2.29943991e-01
    2.75111854e-01 8.81562948e-01 9.59989727e-01 1.51522636e+00
    1.04177380e+00 1.19625616e+00 7.92585611e-02 -7.63834476e-01
    3.26854587e-01 1.31491303e+00 1.24263763e+00 1.18497157e+00
    4.17647958e-01 1.68333793e+00 1.55334830e+00 9.66801345e-01
    1.53445899e+00 8.31223130e-02 1.49405444e+00 -4.27854061e-02
    -7.77519405e-01 -6.20881200e-01 -5.22729516e-01 1.20914531e+00
    1.37560987e+00 -4.09905672e-01 1.70084393e+00 3.73417139e-03
    -2.62580156e-01 9.36531663e-01 -5.13593316e-01 -4.41427439e-01
    -7.43742704e-01 6.85764253e-01 1.08591378e-01 7.47474611e-01
    1.72511292e+00 1.68723977e+00 1.67421937e-01 1.68119287e+00
    6.16712451e-01 4.16025460e-01 1.35058439e+00 1.07304692e-01
    1.34798217e+00 -6.12043202e-01 1.63999891e+00 -6.04911327e-01
    -4.91555363e-01 6.06000185e-01 -7.27905333e-01 5.29968202e-01
    5.94241798e-01 -2.10391521e-01 -2.42856622e-01 -1.24507785e-01
    1.86810136e-01 9.90203559e-01 1.63258171e+00 -3.49681973e-01
    6.12747550e-01 4.14364517e-01 -6.90037549e-01 -2.58596480e-01
    3.18852663e-02 8.64762068e-01 3.65280092e-01 4.82808173e-01
    5.32527268e-01 -7.94278383e-02 -1.29872501e-01 1.03060746e+00
    -2.59891748e-02 8.97174656e-01 6.60647273e-01 -5.61546445e-01
    7.76478648e-02 -7.68853366e-01 -6.52740121e-01 1.40857434e+00
    1.28648067e+00 -1.60838008e-01 -6.51138246e-01 1.22066677e-01
    1.55809820e+00 -2.46434927e-01 1.42067003e+00 -4.72516775e-01
    -7.16905177e-01 3.77397656e-01 3.57996047e-01 5.73977768e-01
    -4.25847441e-01 -6.78453207e-01 3.26929271e-01 5.26715100e-01
    9.72135901e-01 -6.16299093e-01 -3.83320034e-01 1.06524611e+00
    -3.46031219e-01 5.20270050e-01 1.70455158e-01 -1.88535392e-01
    3.36901784e-01 2.52667487e-01 -5.03399909e-01 6.77222192e-01
    3.98092866e-01 8.38448524e-01 6.47384226e-01 -1.36315346e-01
    2.07831085e-01 9.62784290e-02 -5.37073195e-01 3.40570390e-01
    4.25653398e-01 6.49406552e-01 1.15375233e+00 1.45637369e+00
    7.57690072e-01 -3.47483009e-01 1.74868536e+00 -5.24446726e-01
    2.66362727e-01 -1.14793658e-01 1.38242245e+00 1.62043834e+00
    1.25087953e+00 9.42777693e-01 1.56681061e+00 -1.52717590e-01
    -3.71922076e-01 1.37225676e+00 5.25252044e-01 -2.36416817e-01
    1.10238719e+00 1.80141473e+00 5.84680438e-02 -5.08239388e-01
    1.67008090e+00 1.17556477e+00 1.63822198e+00 -3.80015194e-01
    -4.49160695e-01 1.33281755e+00 9.87043202e-01 1.20351398e+00
    -7.26740837e-01 1.77869999e+00 1.16575825e+00 -3.86064291e-01
    -1.88637674e-01 1.26805842e+00 9.02266920e-01 -2.40109563e-02
    1.22128820e+00 1.47183466e+00 2.93607593e-01 -4.32852834e-01
    1.38553953e+00 -5.68228960e-03 3.09525907e-01 -7.10013032e-01
    1.40439045e+00 -7.10280061e-01 7.75705397e-01 5.80657244e-01
    -8.46311569e-01 1.41495097e+00 1.39308000e+00 6.75960779e-01
    2.01273143e-01 1.34501302e+00 1.39689350e+00 6.73311472e-01
    8.85283351e-02 1.05143666e+00 -5.68865955e-01 1.17921114e+00
    -2.99070895e-01 1.27186370e+00 1.37125063e+00 -6.61221743e-02
    1.01736069e-01 -5.17805994e-01 -1.05464399e-01 5.57423115e-01
    3.14052284e-01 1.71545804e+00 -4.44387078e-01 1.46571207e+00
    5.40465474e-01 2.76294231e-01 1.80430865e+00 -3.54863405e-02
    1.80771375e+00 -3.62787843e-02 1.38379133e+00 1.34236383e+00
    1.69444895e+00 8.49262834e-01 1.37243235e+00 -6.80026710e-01
    1.48249567e+00 1.81093812e-02 4.58402038e-01 4.29247022e-01
    1.61892700e+00 -2.76256800e-01 3.58182847e-01 1.74046540e+00
    2.14070082e-03 -4.26736534e-01 1.51970530e+00 1.16068077e+00
    2.79774308e-01 -2.22570598e-01 -7.68748283e-01 9.95057464e-01
    -3.36254716e-01 4.99033570e-01 1.75824618e+00 1.57856166e+00
    2.60329425e-01 6.27890587e-01 1.09271264e+00 -5.31720877e-01
    1.53699219e+00 1.35688698e+00 1.81001973e+00 2.82945633e-02
    8.48798692e-01 1.10329449e-01 3.83717537e-01 1.41531324e+00
    7.35133052e-01 1.47002459e+00 1.52877212e-01 1.28028488e+00
    1.70974874e+00 6.76382780e-01 1.91474533e+00 -2.58461833e-02
    1.31182551e+00 4.43190515e-01 3.36149633e-01 1.83617139e+00
    1.51438069e+00 1.26769328e+00 -4.27419364e-01 -3.88492942e-02
    3.32469046e-01 3.10420871e-01 1.70013738e+00 1.50362182e+00
    6.81390584e-01 7.28670597e-01 1.23518968e+00 1.71299911e+00
    1.26423097e+00 3.96390855e-01 1.76814318e-01 1.65893209e+00
    1.02666831e+00 1.30259252e+00 -1.41126037e-01 9.50687766e-01
    2.72301137e-01 1.05893016e+00 3.74878049e-01 9.47859824e-01
    6.38475239e-01 1.07914281e+00 6.44634366e-01 -5.88034809e-01
    2.94625521e-01 1.31910372e+00 -5.24985671e-01 1.84795678e-01
    -2.32561409e-01 -5.98037839e-02 -5.29056311e-01 9.28811133e-01
    3.88437510e-01 -5.43425441e-01 1.73192060e+00 -2.71850824e-03
    4.71514165e-01 1.61180222e+00 1.76325226e+00 5.26562214e-01
    -6.73122287e-01 1.75507641e+00 1.01033330e+00 1.16525292e-02
    2.83547401e-01 -6.50236607e-01 1.08704686e+00 -3.74199688e-01
    -1.16823852e-01 -6.38730705e-01 6.55195594e-01 1.79441988e-01
    1.16554964e+00 1.04628217e+00 -5.18802345e-01 1.70654845e+00
    -5.21215260e-01 -2.04966664e-01 9.26781297e-01 -1.97000504e-01
    -8.04332078e-01 1.13589883e-01 -6.25638962e-01 1.51639605e+00
    2.44006991e-01 3.52755904e-01 4.94286895e-01 1.15069270e+00
    1.51532495e+00 -4.67115998e-01 -6.04533255e-01 -6.75270379e-01
    1.45820165e+00 -7.48683810e-01 1.33883739e+00 1.90903187e-01
    1.20702350e+00 9.36288893e-01 1.30498099e+00 1.57695687e+00
    1.01309443e+00 1.78916812e-01 6.55506015e-01 -5.06927431e-01
    -4.14724350e-02 1.45335054e+00 -4.31288600e-01 -3.61118168e-01
    -1.53702736e-01 1.05686355e+00 4.57913041e-01 8.44577909e-01
    1.36172318e+00 1.74559784e+00 1.62506425e+00 -7.43110716e-01
    -2.43942022e-01 1.09034920e+00 6.21073246e-01 1.24403536e-01
    6.86959982e-01 8.49909365e-01 5.50277650e-01 1.59567773e+00
    1.08644152e+00 -5.69171906e-01 1.20957565e+00 3.30518842e-01
    5.31366467e-02 -2.79012144e-01 3.84347200e-01 5.92450857e-01
    1.39523149e+00 7.85277724e-01 7.29354858e-01 8.50289285e-01
    -6.36476159e-01 1.32457829e+00 -1.75257385e-01 -5.03924608e-01
    5.69502592e-01 1.59637928e+00 8.24872434e-01 1.40019417e+00
    -4.30066556e-01 -4.88134623e-01 -6.19135320e-01 -1.65263653e-01
    7.38546014e-01 6.20163918e-01 7.38699198e-01 1.39375424e+00
    1.54109192e+00 -4.09880161e-01 7.27031350e-01 1.50356603e+00
    3.53549123e-02 5.55355310e-01 -3.44238490e-01 -2.26522744e-01
    1.45925760e+00 5.99526465e-01 9.93023455e-01 -4.53792095e-01
    8.42312932e-01 -1.60931468e-01 1.67747974e+00 1.75134444e+00
    1.17503214e+00 -5.37504911e-01 4.74429488e-01 -3.94385397e-01
    1.12189865e+00 6.27316236e-02 -5.94635248e-01 1.14155722e+00
    -2.02769339e-01 4.45185244e-01 -6.83061957e-01 5.95929742e-01
    -3.43798965e-01 1.46570039e+00 1.08707595e+00 1.28407001e+00
    1.75447583e-01 -2.71676421e-01 9.98106599e-02 -8.38048458e-02
    3.60385954e-01 -2.24152148e-01 1.39314890e-01 3.20673287e-01
    6.52074158e-01 -4.50563014e-01 1.28454971e+00 3.80302131e-01
    -2.44651318e-01 1.53663886e+00 -4.90648150e-02 1.53589809e+00
    1.32006192e+00 1.20727420e+00 1.54802060e+00 -2.44064629e-01
    4.54673827e-01 -2.91572213e-02 9.90375936e-01 1.65440798e+00
    1.19425726e+00 1.30023873e+00 -4.74895716e-01 1.75888538e-02
    -2.67119110e-01 3.68374407e-01 -5.29811084e-01 1.70669913e-01
    4.93379235e-02 6.73075795e-01 -5.15488744e-01 1.65795970e+00
    6.04205191e-01 6.03179753e-01 7.88703561e-02 4.48818564e-01
    8.13377857e-01 1.28978181e+00 2.49986112e-01 -4.06715274e-01
    -7.05984294e-01 1.51099157e+00 7.16750205e-01 -4.81496990e-01
    1.74138904e+00 1.00029707e+00 -3.87125969e-01 1.29009795e+00
    3.63253236e-01 1.37699759e+00 1.48156416e+00 1.77964592e+00
    -1.27994895e-01 3.94641221e-01 4.29827332e-01 -6.08416200e-02
    -4.51814175e-01 4.65313017e-01 -1.41902506e-01 1.57669353e+00
    -7.26717114e-02 -1.50090337e-01 9.00678635e-02 9.81374562e-01
    -7.84991920e-01 1.18530989e+00 -5.20723045e-01 1.59779155e+00
    8.73042703e-01 7.77916133e-01 1.66022372e+00 -7.06781745e-02
    8.08296502e-01 8.23655427e-01 1.37556016e-01 6.91671669e-01
    1.68975782e+00 4.53735173e-01 -9.37750340e-02 4.05092448e-01
    6.51730418e-01 -3.04904103e-01 1.94177938e+00 1.31622720e+00
    1.23818755e+00 -6.09895945e-01 -5.61974049e-01 3.99983525e-02
    1.37037647e+00 -2.88316637e-01 -1.68500602e-01 2.90130615e-01
    3.55005383e-01 -6.28992081e-01 -1.88648701e-01 1.83789074e-01
    1.26017022e+00 1.10561728e+00 1.56600642e+00 7.19960928e-01
    -2.50824988e-01 -5.06816864e-01 -7.48724699e-01 -3.32919121e-01
    9.53354239e-02 6.01580143e-01 1.06595159e-01 1.22517025e+00
    1.76009107e+00 1.28086841e+00 8.81955802e-01 -2.49353290e-01
    1.16327453e+00 1.06832373e+00 1.00689578e+00 1.37077332e+00
    1.41774511e+00 1.35826898e+00 1.18597794e+00 1.61825037e+00
    4.17042315e-01 1.41689229e+00 8.89804006e-01 1.65430260e+00
    1.04538274e+00 1.67383623e+00 1.52718759e+00 -2.69988418e-01
    3.08390677e-01 -4.95390147e-01 6.02257907e-01 7.10353315e-01
    1.71847832e+00 1.01040196e+00 -3.21156859e-01 -1.90226614e-01
    7.39517331e-01 1.03632593e+00 1.14110291e+00 3.42612922e-01
    -7.66468048e-02 -5.60261905e-01 1.66171014e+00 1.58137131e+00
    -8.46180916e-02 3.37021112e-01 1.68024218e+00 2.77460814e-01
    -2.21447825e-01 6.40756071e-01 3.09814215e-02 1.37686157e+00
    1.16196060e+00 5.33387482e-01 1.64783263e+00 1.11843109e-01
    1.58920348e-01 -4.15366799e-01 9.29696560e-01 1.60453200e+00
    -2.50771880e-01 4.67869043e-02 1.59309173e+00 7.94140697e-01
    1.43552017e+00 -7.40047276e-01 -1.88580930e-01 8.68456185e-01
    9.93835628e-01 -6.69226408e-01 7.18744814e-01 -2.03920186e-01
    -2.48806536e-01 -3.48974198e-01 1.61708474e-01 4.42943513e-01
    -7.65966713e-01 3.37050557e-02 1.61987352e+00 -3.76139820e-01
    1.80289793e+00 -6.94828868e-01 -5.24613023e-01 3.68713081e-01
    1.41967165e+00 -4.81874496e-01 1.32306147e+00 -2.31891274e-02
    5.40834606e-01 8.94676864e-01 -6.10103607e-01 5.61139524e-01
    -8.04925978e-01 -2.85423756e-01 4.56476152e-01 9.43527222e-01
    1.15211987e+00 1.41503453e+00 1.43533373e+00 1.58363867e+00
    1.65325046e+00 1.08636928e+00 -6.53789461e-01 -1.13409758e-03
    -7.02082276e-01 2.77429819e-01 9.17225182e-01 1.27733433e+00
    1.12138367e+00 4.23115492e-01 -5.05848169e-01 -9.44615006e-02
    -6.23555183e-01 1.74480820e+00 -5.60303926e-01 3.71364295e-01
    1.81951046e-01 1.21372724e+00 7.09755599e-01 1.18487191e+00
    2.62760699e-01 -6.65723860e-01 -4.14747387e-01 1.28643513e-01
    -1.99207842e-01 -4.29568589e-01 2.17334509e-01 8.72409463e-01
    1.37192440e+00 -4.42102432e-01 4.76310015e-01 1.38889670e+00
    1.34316111e+00 -6.83724761e-01 -4.80414033e-02 -4.29507434e-01
    1.55244088e+00 8.50668371e-01 8.81185532e-01 8.72027338e-01
    7.35713542e-01 1.31034851e+00 -3.05890322e-01 1.78018332e-01
    1.54323101e-01 -1.13185465e-01 1.57233632e+00 8.76797855e-01
    1.41082239e+00 1.53856444e+00 7.21238136e-01 1.78202009e+00
    1.33727098e+00 4.79629755e-01 2.06202626e-01 1.42059410e+00
    1.57574129e+00 8.80529881e-01 6.96520746e-01 9.24241066e-01
    1.49105597e+00 -7.23894536e-01 -2.19706059e-01 5.67000687e-01
    1.39306545e+00 4.36966538e-01 -3.36057067e-01 4.86109197e-01
    -8.27392101e-01 -1.40845180e-01 1.61730266e+00 -2.60881782e-02
    4.62092996e-01 -1.78568482e-01 -6.71189427e-01 1.60435748e+00
    1.19309974e+00 1.80317640e+00 1.47923028e+00 1.72201443e+00
    -4.67563897e-01 6.54559612e-01 1.24409628e+00 9.07591701e-01
    -3.98058265e-01 -8.47654939e-02 1.02774036e+00 3.74122918e-01
    -1.41694427e-01 1.05619550e+00 1.68663597e+00 1.53604698e+00
    -7.87959695e-02 -1.20073497e-01 -1.01603329e-01 -2.00498164e-01
    -6.15340650e-01 2.68799186e-01 1.39581537e+00 1.47079945e+00
    1.78170943e+00 5.89517772e-01 1.11937642e+00 7.94084311e-01
    9.60246205e-01 1.58240438e+00 1.66720700e+00 4.62423980e-01
    4.74917889e-01 -2.80774504e-01 1.11555910e+00 -1.56915009e-01
    1.68467784e+00 -4.34905052e-01 1.68344641e+00 -5.26669562e-01
    -6.15605354e-01 1.04308510e+00 1.71576548e+00 1.78797603e-01
    1.15903556e+00 1.19426465e+00 -6.45747364e-01 -1.77349627e-01
    -4.34909791e-01 -9.62806940e-02 1.73073280e+00 -2.55011022e-01
    7.31548488e-01 1.16139376e+00 9.01736379e-01 4.35376287e-01
    2.22628176e-01 -4.98899013e-01 6.46256268e-01 1.44569564e+00
    5.48252344e-01 1.58706617e+00 -1.53826386e-01 1.51517034e+00
    1.70003021e+00 9.97980058e-01 8.59258652e-01 2.04455853e-03
    -1.10074341e-01 -5.40179431e-01 -7.03792751e-01 1.02509189e+00
    1.22008729e+00 -1.02472305e-03 1.43268526e-01 1.70071673e+00
    1.11135304e-01 8.97925556e-01 -5.37998080e-02 1.17102802e-01
    5.13793111e-01 1.53886628e+00 1.57589090e+00 -4.50855494e-02
    -3.13167095e-01 5.82861245e-01 1.55638623e+00 -7.81141102e-01
    7.73202300e-01 8.31890464e-01 -4.56669927e-02 1.36371195e-01
    1.03764606e+00 2.38103271e-02 -7.55455017e-01 -6.08085632e-01
    1.56478834e+00 1.08600116e+00 4.15704727e-01 2.42010951e-01
    1.24288380e+00 3.51266205e-01 8.87938082e-01 1.75364232e+00
    -1.92947984e-02 1.35020733e-01 1.36954045e+00 -7.37971187e-01
    -1.92976415e-01 1.61172867e+00 2.73064554e-01 -4.02625799e-02
    1.65959024e+00 7.46730626e-01 1.63017821e+00 1.97486281e-02
    1.01022625e+00 1.77773356e+00 1.49968982e-01 1.70432782e+00
    -8.86810422e-02 -2.69126952e-01 1.36180568e+00 1.22715783e+00
    -2.16405511e-01 5.71424365e-01 4.18510914e-01 -2.77179360e-01
    1.27653503e+00 6.17371142e-01 -3.03483188e-01 8.95905495e-02
    -5.69436789e-01 1.00614846e+00 -3.99842858e-01 4.05243158e-01
    9.58176851e-02 1.27601993e+00 1.46021390e+00 -5.55559874e-01
    3.22563767e-01 -5.56001544e-01 -4.21972752e-01 -5.73715687e-01
    4.66574609e-01 -1.97621465e-01 -3.68993312e-01 9.90428150e-01
    2.75496125e-01 5.15530944e-01 1.68039942e+00 -5.39036989e-01
    -5.40394545e-01 9.72658217e-01 1.65620935e+00 9.20514703e-01
    8.62269223e-01 -7.51035392e-01 8.20172966e-01 -8.90737772e-02
    -2.12140679e-01 1.61330628e+00 7.19537735e-02 4.24775481e-01
    1.52258468e+00 1.48979902e+00 1.77065814e+00 -5.45790911e-01
    1.48134589e+00 1.56301141e+00 6.00468993e-01 5.41211963e-01
    1.73089337e+00 3.66844893e-01 1.99873686e-01 1.06484556e+00
    -4.35479164e-01 -5.00633776e-01 7.22919762e-01 8.65903735e-01
    1.65571213e-01 5.10864019e-01 1.39424372e+00 -4.37385499e-01
    1.83016860e+00 -3.48820895e-01 -5.33546686e-01 1.38418615e-01
    1.39893913e+00 4.95237112e-03 8.77839744e-01 -3.74281406e-03
    1.29855168e+00 8.50892901e-01 9.87869799e-01 -4.41328883e-02
    9.96163666e-01 1.47048926e+00 -2.03154981e-01 1.12485766e+00
    5.73799312e-01 7.38467276e-01 1.09763622e+00 1.51782107e+00
    3.25924277e-01 -4.17512566e-01 1.26093984e+00 -6.37355864e-01
    -6.10708356e-01 1.50789571e+00 3.03631306e-01 1.39228892e+00
    1.39074278e+00 -3.05010498e-01 3.36430073e-01 1.52217364e+00
    2.14120924e-01 -1.18104458e-01 3.63954961e-01 4.82763469e-01
    2.42160678e-01 7.69129455e-01 -1.22574210e-01 -6.39521539e-01
    -7.77864516e-01 3.24847877e-01 -5.11859059e-02 2.03328729e-02
    1.21428680e+00 -5.52957058e-01 2.66931236e-01 -1.18191481e-01
    1.67914593e+00 6.65589571e-02 -3.27859849e-01 1.68663263e+00
    1.16409659e-01 -9.14130807e-02 1.45630229e+00 5.94178617e-01
    1.55137134e+00 4.47137833e-01 1.08274150e+00 4.93608832e-01
    1.43238378e+00 7.93307245e-01 -7.70163834e-01 -6.45181537e-01
    1.14207923e-01 1.70336223e+00 7.15390205e-01 6.90008700e-01
    1.09156656e+00 7.47989714e-01 1.49459743e+00 8.10918570e-01
    1.19168961e+00 1.33190477e+00 1.74574947e+00 6.31925464e-01
    -5.59872627e-01 7.40088582e-01 7.32415915e-02 1.49040365e+00
    1.46127963e+00 1.16385531e+00 1.88629329e-01 1.55598974e+00
    -5.04178703e-01 1.29521036e+00 1.72929990e+00 -4.29429889e-01
    1.53363025e+00 1.27861607e+00 1.09099329e-01 -2.73726881e-01
    1.49210513e+00 -4.50946212e-01 -7.56567180e-01 1.62851739e+00
    1.50441980e+00 -1.35020912e-01 -2.52791524e-01 1.78202879e+00
    -7.12641537e-01 6.82804227e-01 8.12442422e-01 -3.87828410e-01
    9.61120486e-01 6.25203073e-01 -5.66347539e-01 6.81917846e-01
    -2.59295493e-01 1.52641892e+00 1.12801218e+00 5.04409671e-01
    1.74183869e+00 1.10873151e+00 -1.79049194e-01 7.11908162e-01
    1.52534807e+00 2.30966926e-01 1.59117794e+00 2.98693478e-01
    5.02076447e-01 -8.97049904e-04 8.13882351e-02 -2.34756410e-01
    1.50138354e+00 6.84699178e-01 1.31802881e+00 1.63132656e+00
    2.36702919e-01 1.66861343e+00 1.99783480e+00 -9.53583419e-02
    -7.12838173e-02 2.60176182e-01 1.27646899e+00 1.76300621e+00
    4.67836320e-01 -2.63884544e-01 -3.25377882e-01 4.91414309e-01
    5.77825606e-01 7.87845612e-01 -2.72451460e-01 5.62587440e-01
    -6.84622407e-01 1.64840269e+00 -4.93608117e-02 1.63818431e+00
    1.19127846e+00 9.35915709e-01 1.81462109e-01 7.59597421e-02
    6.90029204e-01 -6.39383137e-01 9.45773721e-02 3.64346862e-01
    3.85894716e-01 1.77509189e-01 1.22704065e+00 1.08718371e+00
    9.85280335e-01 1.19769108e+00 -5.61896682e-01 1.09304845e-01
    -3.49346995e-01 -5.79923987e-01 9.31257546e-01 3.67273808e-01
    -7.79025078e-01 -5.18743694e-01 2.92538047e-01 4.61688161e-01
    5.54162920e-01 1.00572550e+00 4.97861087e-01 1.13779986e+00
    1.56607807e+00 -5.59299052e-01 1.69968379e+00 -7.21444488e-01
    1.27171290e+00 -5.26263535e-01 3.18284869e-01 -1.46205008e-01
    1.03983521e-01 -3.75697285e-01 7.82812655e-01 -3.25855047e-01
    1.94050074e-01 -7.97877550e-01 7.06404805e-01 -6.39696896e-01
    -3.67363125e-01 1.41259074e+00 -1.67344868e-01 -5.23900032e-01
    1.17040086e+00 1.22087824e+00 -1.76101983e-01 -5.13266742e-01
    9.21767294e-01 6.72299802e-01 1.56274104e+00 2.04382420e-01
    -3.25313091e-01 1.22423065e+00 -2.65748143e-01 1.21266842e-01
    -1.81494355e-02 6.83545113e-01 5.50586700e-01 -4.97067571e-01
    8.29339027e-04 2.27372587e-01 -7.73396850e-01 -5.59341729e-01
    1.23975945e+00 -6.33291900e-01 1.46148860e+00 -3.74948084e-01
    1.60457897e+00 -6.81246579e-01 3.90961766e-01 1.30024600e+00
    1.52626181e+00 -2.28055179e-01 1.10934997e+00 1.25512910e+00
    1.54270923e+00 1.65503919e+00 7.36443281e-01 1.39754117e-01
    1.14395308e+00 -3.39856267e-01 1.56507421e+00 -2.50479221e-01
    1.02456307e+00 -2.41134167e-01 2.14768112e-01 3.09555709e-01
    1.53518724e+00 1.67448211e+00 -8.05878997e-01 5.61533570e-01
    1.19300675e+00 2.47891784e-01 1.22487020e+00 1.53974295e+00
    -4.03479397e-01 3.33646655e-01 1.01411796e+00 1.42537999e+00
    6.52498007e-03 1.33667541e+00 6.34044528e-01 -3.56012851e-01
    8.66687536e-01 -4.58765984e-01 1.41739035e+00 1.66276014e+00
    1.37415791e+00 1.25700426e+00 -2.72324383e-01 1.73706090e+00
    7.13281512e-01 1.74175644e+00 1.21933174e+00 -6.70052350e-01
    -3.88313234e-01 1.50956905e+00 -7.32701421e-02 -7.96639323e-01
    8.24738264e-01 9.58854437e-01 8.74954283e-01 8.95763278e-01
    3.79668355e-01 -3.38844329e-01 2.96667397e-01 1.44975400e+00
    1.26763940e+00 5.88465393e-01 1.22232032e+00 1.47020614e+00
    1.48898661e+00 -8.09406519e-01 -1.69167221e-01 5.90534508e-01
    5.88286459e-01 4.99754548e-01 -2.35909939e-01 -3.81922692e-01
    1.09152627e+00 3.75794649e-01 -7.12474585e-02 -7.65390396e-02
    3.64688873e-01 9.56128299e-01 2.47476101e-01 -4.08203036e-01
    -4.40152973e-01 -2.81548500e-01 1.51111341e+00 1.55336332e+00
    1.43651175e+00 1.74069285e+00 1.17137706e+00 1.30211639e+00
    1.69588733e+00 6.98930621e-01 8.54303777e-01 7.43717730e-01
    5.89073300e-02 3.61595750e-02 7.40985036e-01 1.26212549e+00
    1.92096889e-01 1.12854123e+00 -2.83304036e-01 7.71908641e-01
    1.50542974e+00 3.84025514e-01 -6.10134959e-01 9.39206123e-01
    1.09974563e-01 -6.19351327e-01 -1.06541574e-01 1.53363538e+00
    3.52725983e-02 3.73903453e-01 -6.02967739e-01 -5.15127003e-01
    -2.31290221e-01 8.07871222e-01 -2.82166362e-01 1.35807419e+00
    1.47473228e+00 -6.63344085e-01 1.50983262e+00 1.36709189e+00
    1.65914321e+00 7.83970535e-01 -6.21820211e-01 1.13630366e+00
    7.44732618e-02 -5.09123445e-01 -1.88906550e-01 -4.29050356e-01
    2.37239182e-01 7.67602682e-01 9.50769603e-01 1.31404042e+00
    1.80738842e+00 1.37447953e+00 -3.98179531e-01 1.03418136e+00
    4.13100719e-02 7.66266227e-01 1.54742599e+00 -9.25885439e-02
    1.82549834e-01 1.61665952e+00 -5.71177363e-01 -1.13810480e-01
    -3.33201647e-01 4.86614287e-01 -2.96883613e-01 1.45650399e+00
    5.59487760e-01 2.32860088e-01 -1.50810957e-01 -4.96870548e-01
    1.34148705e+00 -4.65375364e-01 1.43284357e+00 1.56353068e+00
    5.68289697e-01 -1.61785126e-01 8.74978542e-01 3.75441909e-01
    -3.25859129e-01 1.08179069e+00 -2.59752750e-01 1.94107175e-01
    1.54170418e+00 1.23455453e+00 -1.63043320e-01 1.06540501e+00
    1.76749277e+00 1.69471431e+00 -2.64144212e-01 -3.45079780e-01
    2.64887810e-01 1.34701478e+00 1.34022665e+00 1.62142181e+00
    8.05151105e-01 2.13503599e-01 3.97454441e-01 8.15157771e-01
    -7.61019826e-01 -3.43084663e-01 -2.67260849e-01 1.16919613e+00
    -1.05374217e-01 7.15565205e-01 -2.83132613e-01 5.17040551e-01
    -3.91114384e-01 7.83025086e-01 1.01816225e+00 8.08540940e-01
    1.42050242e+00 5.25700510e-01 9.61490512e-01 -5.23954034e-02
    -5.24476647e-01 -7.87905455e-01 1.60783446e+00 3.31162810e-02
    1.03897238e+00 1.24077106e+00 -2.04851925e-01 -3.27919394e-01
    -1.47138119e-01 3.74506652e-01 7.63522685e-01 -5.75660825e-01
    -4.15700763e-01 3.13072741e-01 -2.14026332e-01 7.06314445e-02
    1.30363536e+00 7.93126822e-01 -5.91638923e-01 7.72175908e-01
    1.02490377e+00 4.35155571e-01 1.70145607e+00 5.13004065e-02
    1.20265484e-01 1.64093530e+00 1.69470072e+00 6.90439939e-02
    -5.81776857e-01 -8.31212223e-01 6.76371694e-01 1.37194133e+00
    6.69359565e-01 -1.42242908e-01 -1.26423359e-01 8.04819167e-01
    1.69389677e+00 8.00570488e-01 1.47885954e+00 7.82176852e-02
    -4.80015010e-01 1.62677503e+00 1.05856192e+00 1.28004241e+00
    -5.87205350e-01 -7.71164894e-03 1.23537207e+00 5.36071658e-02
    1.47750807e+00 6.20185733e-01 -7.22107291e-01 7.36469865e-01
    -3.81001264e-01 -2.29118586e-01 -9.33583975e-02 1.66604841e+00
    1.62080884e-01 1.21091437e+00 1.59567618e+00 -3.56814921e-01
    1.83132911e+00 1.48918653e+00 1.76478827e+00 -2.62731612e-01
    5.84118128e-01 4.24550712e-01 1.52125835e+00 1.37131190e+00
    1.00652051e+00 -2.69895852e-01 2.36569762e-01 -6.66670382e-01
    3.49883676e-01 7.15562701e-02 1.38985109e+00 4.08996701e-01
    2.47093976e-01 1.62245464e+00 6.86643124e-02 5.38961589e-01
    3.17440033e-02 1.25768685e+00 8.09882700e-01 -3.47332686e-01
    -5.92826664e-01 1.50244427e+00 3.54070663e-01 8.09655845e-01
    -4.75351751e-01 4.55372036e-01 -1.03228569e-01 1.47765851e+00
    -4.16536421e-01 -3.84700805e-01 -7.19545603e-01 -1.61810398e-01
    5.13406396e-01 -3.85178506e-01 -6.79190040e-01 2.49534667e-01
    -6.90934241e-01 1.48997092e+00 1.17973197e+00 1.52146280e+00
    -4.89523411e-01 1.08557868e+00 3.29673290e-04 1.70478725e+00
    -2.77405918e-01 1.68236256e+00 8.65853131e-01 1.40263963e+00
    1.70383477e+00 1.13527524e+00 2.97037542e-01 1.07970810e+00
    1.20765734e+00 9.38007355e-01 6.81818306e-01 -4.82852191e-01
    1.37366247e+00 6.77598000e-01 -1.88601255e-01 -5.65659046e-01
    -7.09379435e-01 -4.75784928e-01 1.49083555e-01 -3.61285716e-01
    1.29537988e+00 2.59266675e-01 2.74565518e-01 5.79741061e-01
    1.34015083e+00 1.77710772e+00 -3.03623557e-01 5.74904382e-01
    1.30444360e+00 1.40399289e+00 1.43185830e+00 -2.00187206e-01
    6.41728461e-01 -6.48056507e-01 3.96012783e-01 1.44403875e-01
    4.79463458e-01 1.19556093e+00 -3.93435508e-01 -2.14260817e-01
    -6.40872717e-02 5.48040867e-02 -3.89157623e-01 1.37044954e+00
    1.48957658e+00 -7.95073926e-01 -4.50999111e-01 8.73607814e-01
    1.51403606e+00 7.88635433e-01 -7.56505609e-01 -5.53406477e-02
    8.44343901e-02 1.49232161e+00 9.28647518e-01 7.36891806e-01
    1.67626166e+00 5.28235614e-01 2.43970811e-01 -5.88148713e-01
    8.77083540e-02 1.12220716e+00 -1.77372038e-01 1.29018331e+00
    6.98335767e-01 1.68955255e+00 -1.51987731e-01 -3.71029377e-02
    -6.76059842e-01 1.43375468e+00 1.36023855e+00 8.22274506e-01
    2.20882654e-01 1.91751182e-01 1.12433314e+00 -6.06723309e-01
    6.06256723e-03 2.79409289e-02 -6.78249121e-01 2.82242477e-01
    1.03064513e+00 -7.46678710e-02 5.82548499e-01 1.49778414e+00
    4.93444085e-01 1.38935864e-01 -6.09768927e-01 -1.34310186e-01
    -5.24118781e-01 1.76084793e+00 1.01721215e+00 -7.80719101e-01
    -3.10969561e-01 1.15486026e+00 -4.62779135e-01 -1.77666426e-01
    1.17915630e+00 -7.44069576e-01 6.59169912e-01 2.43077099e-01
    -5.53839684e-01 -3.70389849e-01 -6.73599124e-01 5.85736752e-01
    1.43509972e+00 -6.89911664e-01 1.74826038e+00 -7.26586580e-01
    2.29972184e-01 3.23628843e-01 2.95364439e-01 -6.07186556e-01
    1.61622548e+00 -2.46275157e-01 2.98462749e-01 5.47992468e-01
    1.98365998e+00 1.92478144e+00 2.04956770e+00 1.80718160e+00
    1.06279159e+00 -1.36686325e-01 1.52349222e+00 4.57050622e-01
    9.32965279e-01 5.59398472e-01 5.81840336e-01 -2.45766252e-01
    -7.56571531e-01 7.54614234e-01 3.58419538e-01 2.34635770e-01
    -1.15565777e-01 7.83345282e-01 -2.27861047e-01 1.70319617e+00
    4.81036246e-01 -7.03879952e-01 6.25164509e-02 3.08746457e-01
    8.85364532e-01 -2.66923130e-01 1.70266497e+00 -5.28351665e-01
    1.48864090e+00 1.60812736e-02 9.01214123e-01 1.18032908e+00
    1.42341566e+00 1.78320551e+00 -8.68848562e-02 1.28235984e+00
    1.12334943e+00 3.87777269e-01 1.33728707e+00 8.62386346e-01
    8.62386346e-01 -5.26973963e-01 5.32947779e-02 1.47176623e+00
    1.04703569e+00 -3.32153201e-01 3.50216508e-01 5.31514406e-01
    5.25516272e-02 1.12231135e+00 -3.36781055e-01 -5.65112948e-01
    5.14294922e-01 -7.87634850e-01 -1.64476633e-01 7.96396792e-01
    -7.77885020e-01 7.97871351e-02 -6.45006895e-02 3.86565268e-01
    -5.44437647e-01 1.98897600e-01 3.42568517e-01 9.86812711e-02
    1.66076660e+00 1.11465347e+00 -6.59888029e-01 -3.93440723e-02
    1.48042130e+00 1.55934310e+00 3.84763420e-01 7.76906669e-01
    6.04814112e-01 5.43462992e-01 3.92463565e-01 9.09648776e-01
    7.20545709e-01 -1.63164079e-01 1.78990555e+00 1.35122490e+00
    -2.00229466e-01 1.52918577e+00 2.48339355e-01 4.32847440e-01
    1.39003086e+00 4.14472103e-01 -6.45269632e-01 1.58726943e+00
    1.40803146e+00 -1.73552096e-01 -7.71706641e-01 3.84703875e-01
    -3.46639067e-01 -7.13030875e-01 1.81118035e+00 6.95434511e-01
    3.61597657e-01 -4.41896111e-01 9.35488403e-01 -2.18715787e-01
    -5.83786249e-01 -3.86350483e-01 -4.78610665e-01 1.75867009e+00
    4.54468906e-01 1.11917233e+00 1.66708267e+00 -7.61274099e-02
    -3.22915196e-01 4.30259705e-01 -7.85057962e-01 -2.05143332e-01
    1.39118695e+00 1.07066202e+00 1.93317771e-01 7.07871318e-01
    -9.05798078e-02 6.57155335e-01 6.57740414e-01 -1.47979438e-01
    1.94745362e-01 1.11634040e+00 -6.07163250e-01 1.67245603e+00
    1.55848432e+00 -3.08923364e-01 -3.53422880e-01 4.76474762e-02
    8.59513938e-01 1.11064255e-01 2.82210708e-02 -4.12764937e-01
    1.34280908e+00 4.15877521e-01 9.79626477e-01 -5.99911571e-01
    -7.61980832e-01 3.46983910e-01 1.74874020e+00 2.46181428e-01
    1.48502111e-01 1.66124177e+00 1.40805662e-01 1.50652766e+00
    -7.21872687e-01 1.58000135e+00 1.27240980e+00 2.42136121e-02
    -7.76918828e-01 1.61079967e+00 -8.43151867e-01 1.15988553e+00
    -6.26588225e-01 1.46689677e+00 -6.71383500e-01 1.04890454e+00
    -5.41420460e-01 2.13803411e-01 1.53435683e+00 1.29632986e+00
    3.29839587e-02 7.90696144e-01 -1.25644445e-01 -7.50934958e-01
    6.29777074e-01 6.14829838e-01 9.95875120e-01 9.96901989e-01
    3.16071391e-01 -2.54267871e-01 -1.44427061e-01 -4.63995934e-02
    4.30159628e-01 1.62476373e+00 4.49866056e-02 -4.26949054e-01
    -1.23985589e-01 6.27843678e-01 1.03113592e-01 1.11067772e+00
    7.83952475e-02 1.40190220e+00 1.44741392e+00 1.79976225e-03
    8.23287547e-01 -5.25452256e-01 -2.71530151e-02 -7.47397006e-01
    1.78975165e+00 3.41769934e-01 -6.67967796e-01 -6.01889968e-01
    7.52626956e-01 -8.21944416e-01 1.42963099e+00 1.30538464e-01
    -2.03317225e-01 1.49847889e+00 -2.38134801e-01 8.18855166e-01
    -1.26745939e-01 1.37187314e+00 -3.89618903e-01 -4.48388606e-01
    1.43147588e+00 1.38747478e+00 -8.42829466e-01 7.81369686e-01
    -4.14376736e-01 -4.61335927e-01 -6.39787376e-01 1.42817307e+00
    4.12642956e-01 -1.00836158e-01 1.15088844e+00 3.33436131e-02
    9.83117521e-01 2.70802498e-01 1.34622359e+00 1.53490400e+00
    9.39300120e-01 2.06250966e-01 1.05623245e-01 9.70188677e-01
    3.31356823e-01 1.44002688e+00 -7.52479553e-01 -4.37788427e-01
    -4.72424388e-01 9.69901145e-01 -3.91531318e-01 1.10101509e+00
    7.63687670e-01 4.89396095e-01 1.35158217e+00 1.84485543e+00
    8.01437080e-01 -6.70452416e-01 3.20948541e-01 1.31817460e-01
    -4.10331547e-01 9.62799370e-01 2.64379501e-01 -1.42032266e-01
    1.22594333e+00 1.72660697e+00 1.21870971e+00 -6.86821878e-01
    4.64468777e-01 -5.76797724e-02 6.46748662e-01 4.49721456e-01
    1.21370268e+00 1.45965946e+00 9.64873254e-01 1.48507166e+00
    1.29532635e-01 1.40729368e-01 1.57996225e+00 2.03478599e+00
    -3.76429498e-01 4.31668639e-01 1.41477048e+00 6.95059538e-01
    7.12139189e-01 -2.22565949e-01 1.89459229e+00 6.92983925e-01
    1.69243741e+00 2.41288424e-01 6.36194766e-01 -2.12558270e-01
    1.09757829e+00 1.79899764e+00 1.52511537e+00 9.81910944e-01
    4.75809813e-01 9.15622830e-01 -5.79130888e-01 1.17574930e-01
    8.85110617e-01 7.77366579e-01 5.17240584e-01 2.20668137e-01
    1.03571081e+00 -1.30301595e-01 8.91462564e-02 4.06301677e-01
    -7.00961530e-01 1.38718116e+00 3.24840486e-01 8.07824254e-01
    1.13193226e+00 -1.43292189e-01 3.03154826e-01 -3.29837084e-01
    9.51885343e-01 -5.47034860e-01 -3.98899704e-01 -6.07239366e-01
    1.79070652e+00 1.24283218e+00 -3.24392051e-01 1.63064241e-01
    -6.17287755e-01 -5.57671249e-01 9.79714632e-01 -3.90419066e-01
    8.60671997e-01 1.69258416e+00 -1.14568651e-01 1.32456231e+00
    -1.48486495e-01 1.81213498e-01 6.18819594e-02 3.21019709e-01
    4.04750705e-02 1.39898491e+00 -6.19218051e-01 2.55487740e-01
    -4.54191476e-01 1.03363991e+00 1.54781902e+00 1.30145609e+00
    -2.29290843e-01 3.26377809e-01 6.17127061e-01 -1.61906242e-01
    6.03896618e-01 -3.61117750e-01 2.19034731e-01 1.30702257e+00
    1.76716602e+00 5.70980906e-02 3.91336441e-01 -5.59865475e-01
    -3.43041331e-01 1.53373551e+00 -2.20878422e-01 -1.90125823e-01
    -1.67976022e-02 1.75813699e+00 5.12248576e-01 5.83080649e-02
    -6.91145062e-02 -2.53896058e-01 -5.98060787e-01 1.46800613e+00
    -6.72007680e-01 1.31143439e+00 -3.11900258e-01 1.80597973e+00
    -2.60618746e-01 1.53481245e+00 1.00560498e+00 1.39056182e+00
    -1.83598816e-01 1.02749872e+00 5.08528590e-01 -2.07607627e-01
    1.76882493e+00 1.01001263e-01 3.84647429e-01 1.27963603e+00
    1.19022393e+00 -6.70502186e-02 -5.37578166e-01 2.02988982e-01
    1.45193124e+00 -6.09012246e-01 2.20718324e-01 1.16034210e+00
    1.38691711e+00 1.74332225e+00 1.25613499e+00 2.64904499e-02
    1.06214130e+00 -4.37060595e-02 8.10784698e-02 6.79015756e-01
    3.03673148e-01 1.06488585e+00 1.23725820e+00 -6.29281402e-02
    -4.21229184e-01 1.73408067e+00 1.81403661e+00 -3.14778090e-03
    -1.75007463e-01 3.42407763e-01 -2.27955520e-01 6.42653346e-01
    1.61340022e+00 3.56974006e-02 8.78232121e-01 1.68408632e-01
    -6.02497101e-01 -3.45137089e-01 1.25609136e+00 1.60424316e+00
    -3.75731170e-01 1.64151883e+00 -8.54433179e-02 3.30485344e-01
    1.63083410e+00 5.87849021e-02 9.60452437e-01 1.29099500e+00
    6.97684884e-02 -4.30691451e-01 -7.57317424e-01 -8.60906839e-02
    6.08391523e-01 1.27710295e+00 -5.36424875e-01 1.02526724e-01
    1.02334690e+00 6.99674010e-01 1.14145577e+00 -5.12656569e-01
    1.60986567e+00 1.07517231e+00 1.48511279e+00 -6.52266681e-01
    1.76844263e+00 4.69225585e-01 7.59118795e-02 -5.60021698e-01
    1.76596522e+00 7.06081033e-01 -5.44435382e-02 9.53192115e-02
    2.22542107e-01 -6.84243441e-01 1.30782533e+00 9.57522273e-01
    8.82536590e-01 -3.43058169e-01 8.20019126e-01 8.69688570e-01
    8.27058554e-01 -7.91803479e-01 -2.74281621e-01 1.64734268e+00
    3.16805840e-01 6.93550467e-01 6.33419454e-01 7.58663416e-01
    1.50431347e+00 6.06270373e-01 -7.96206474e-01 1.70537281e+00
    -3.11034918e-03 5.46960711e-01 4.15950060e-01 -2.73878098e-01
    1.76629114e+00 1.11220968e+00 -5.09220362e-03 6.53906286e-01
    1.60644615e+00 -4.84091401e-01 1.38659763e+00 3.62854362e-01
    1.02780890e+00 -8.63902748e-01 -5.71100473e-01 1.71027720e-01
    1.73454881e-02 1.59682012e+00 -2.65378594e-01 7.92643607e-01
    1.10862494e+00 8.70584309e-01 5.92553377e-01 9.62261558e-01
    7.97448754e-01 6.46573007e-01 8.73456657e-01 -3.41262072e-01
    4.20125425e-01 -3.85528207e-01 1.47977889e-01 1.72317839e+00
    1.26913774e+00 -5.98672748e-01 -2.09153056e-01 1.75945330e+00
    1.56450212e+00 1.24172032e+00 -3.66205364e-01 1.06738091e-01
    1.65243077e+00 5.92448115e-02 2.60964870e-01 2.74332762e-02
    3.04936767e-01 -1.36618078e-01 9.76075530e-02 2.46491075e-01
    -5.25578260e-02 -9.73783731e-02 1.62813294e+00 1.51797986e+00
    -1.52577877e-01 1.11925030e+00 7.86161065e-01 1.44270110e+00
    -6.22291267e-01 1.48175740e+00 7.60514081e-01 6.83280230e-01
    -5.26795745e-01 1.96066713e+00 1.98973370e+00 9.99462247e-01
    1.96891999e+00 -4.09582198e-01 1.28553581e+00 1.57761478e+00
    1.73963261e+00 5.40186822e-01 6.81019425e-02 -5.52648544e-01
    1.68650746e-01 -6.41880751e-01 3.51462662e-01 2.84359097e-01
    -3.20862919e-01 3.82635295e-01 3.12206864e-01 7.62608647e-02
    1.77789557e+00 -3.40788692e-01 -7.71374404e-01 8.47158432e-01
    1.36224747e+00 -7.05117583e-02 1.39142334e+00 -6.36214495e-01
    1.06889892e+00 6.85010970e-01 1.50738835e+00 1.16658282e+00
    2.87598610e-01 1.22221911e+00 5.97965956e-01 2.41934121e-01
    1.68153644e-01 -1.00701869e-01 8.48341107e-01 1.05411601e+00
    -3.31253052e-01 7.36565590e-01 -3.12554836e-03 -2.87188381e-01
    6.11980200e-01 1.04905665e+00 3.25426161e-01 -4.02707964e-01
    6.08084619e-01 1.94230258e-01 -7.35645533e-01 -4.94006723e-01
    -3.51228207e-01 3.77833366e-01 1.16986418e+00 -2.32621372e-01
    8.70821655e-01 -1.00489557e-01 4.89111066e-01 1.46664357e+00
    8.29273105e-01 9.56290781e-01 -2.23240256e-02 -7.62782156e-01
    8.77397418e-01 1.25220656e-01 1.77651918e+00 -2.70941377e-01
    1.69423199e+00 -9.18074250e-02 9.70973730e-01 1.53838563e+00
    6.44582748e-01 1.32163572e+00 1.56942165e+00 -7.79426694e-01
    1.17637086e+00 7.37784803e-01 1.13450956e+00 -6.61185026e-01
    5.11020124e-01 -5.49356878e-01 3.56164753e-01 1.59811354e+00
    2.75517344e-01 6.24371290e-01 1.13354492e+00 1.53344011e+00
    1.40226722e+00 2.83563137e-03 -7.23739445e-01 4.32941377e-01
    1.14733136e+00 1.46038508e+00 1.24724722e+00 7.70455539e-01
    8.67451191e-01 1.31549668e+00 3.98957729e-03 9.16310251e-01
    1.52828360e+00 -4.85969186e-02 -4.14069980e-01 9.57858145e-01
    -3.94854218e-01 1.48763227e+00 1.72713017e+00 1.10009265e+00
    -3.01975608e-02 1.77876484e+00 -4.70439970e-01 1.65101933e+00
    5.56944728e-01 8.32973599e-01 7.74945796e-01 7.26874292e-01
    1.34250689e+00 1.15036643e+00 5.08036971e-01 5.90435863e-01
    1.19056225e+00 1.25959992e+00 1.48867631e+00 -3.10223669e-01
    -2.09702492e-01 -2.04018354e-01 9.93318379e-01 4.63705659e-02
    1.09452152e+00 -2.40299821e-01 6.52283907e-01 1.10099030e+00
    2.39559114e-01 -2.11972594e-02 1.00381041e+00 1.80680954e+00
    1.17410517e+00 1.74938393e+00 -6.04807734e-01 -3.48100245e-01
    2.06823468e-01 -5.22745252e-02 -5.34918070e-01 -4.71226782e-01
    -4.13510591e-01 -5.28341532e-01 1.71111608e+00 -6.76639199e-01
    8.29030633e-01 2.42034972e-01 -4.99127448e-01 8.74629796e-01
    1.14119351e+00 1.68947816e+00 3.40400219e-01 1.58163905e+00
    2.46960163e-01 1.74070501e+00 1.51907063e+00 1.58085370e+00
    1.08761466e+00 1.64127779e+00 9.01847720e-01 1.52134299e+00
    1.76869059e+00 7.48252392e-01 4.25022125e-01 -6.54838562e-01
    8.11920166e-01 -3.58617365e-01 -6.46589696e-01 7.17816651e-01
    1.36240768e+00 -3.34444940e-01 4.47527170e-01 -1.01272881e-01
    7.67476082e-01 6.49638712e-01 -4.39823270e-01 1.48893166e+00
    8.32948506e-01 6.61782682e-01 -3.96949172e-01 6.47129357e-01
    6.48667395e-01 1.02271867e+00 5.51933467e-01 5.89219689e-01
    8.07086110e-01 -1.36138201e-02 1.47486162e+00 1.09884739e+00
    1.55526137e+00 1.15087962e+00 -5.78812838e-01 -6.14184737e-01
    1.72224426e+00 9.73807335e-01 -1.62820160e-01 6.11281276e-01
    1.41108930e+00 1.53551936e+00 3.60674262e-02 -6.53636873e-01
    9.40660000e-01 1.37939715e+00 1.22934198e+00 9.31380212e-01
    6.45540595e-01 2.87738979e-01 4.00184810e-01 -3.52669150e-01
    4.81773794e-01 6.50976121e-01 8.36113095e-01 -5.63865900e-02
    -3.92891675e-01 3.04692745e-01 -5.38997889e-01 -7.64448822e-01
    -3.54822546e-01 1.65316653e+00 -3.34514439e-01 1.27186179e+00
    -4.08793807e-01 -4.00400639e-01 5.84778965e-01 1.52769065e+00
    -2.81956494e-01 2.31572866e-01 9.56673741e-01 9.29479241e-01
    8.06629956e-01 -5.43879271e-02 1.47322559e+00 4.32850301e-01
    1.26615071e+00 9.90019441e-01 7.90048361e-01 1.66544390e+00
    6.23978972e-01 8.07143211e-01 -7.03260899e-02 -7.29791760e-01
    7.77315617e-01 8.81751716e-01 4.85692501e-01 -4.52576548e-01
    -3.74013186e-02 -5.01124740e-01 6.16576135e-01 -3.93057555e-01
    1.53195620e+00 -4.75001663e-01 4.64245141e-01 -3.63552839e-01
    -6.49418235e-02 1.36027169e+00 1.25751078e-01 -1.80771858e-01
    1.32082021e+00 8.51880014e-02 1.05929589e+00 -2.80733675e-01
    3.68448019e-01 1.54299450e+00 1.18786025e+00 -1.26968205e-01
    -5.94024837e-01 1.40639091e+00 5.77492118e-01 4.75289941e-01
    1.51578879e+00 2.48186469e-01 1.40742087e+00 4.34754014e-01
    7.39461601e-01 -1.41495466e-03 -4.16867822e-01 -1.21016860e-01
    1.53467894e+00 1.21136832e+00 5.07397771e-01 -1.71884060e-01
    9.08727348e-01 1.55614972e+00 -4.97881651e-01 1.06858492e+00
    -6.61067486e-01 1.25592744e+00 9.18780565e-01 2.14348435e-02
    9.72121954e-02 9.57606316e-01 -7.24338830e-01 1.29769158e+00
    -2.79119015e-01 -2.05087900e-01 -5.38864732e-01 1.39226055e+00
    1.70561659e+00 7.90955901e-01 7.15063691e-01 1.51941204e+00
    1.40144134e+00 1.02838254e+00 1.21005774e-02 1.68817520e+00
    7.73398578e-01 1.13957322e+00 5.42049170e-01 4.32183444e-01
    -4.48516876e-01 1.59377766e+00 -2.95019209e-01 1.76646531e+00
    -3.78371924e-01 -3.77829194e-01 8.42348337e-01 7.56020904e-01
    3.34104955e-01 1.13355899e+00 1.57860565e+00 1.04249239e-01
    1.77823973e+00 9.20179307e-01 1.75147259e+00 7.65220404e-01
    1.56224394e+00 -8.37827921e-02 -6.75344467e-01 1.21456647e+00
    1.35712743e+00 -6.51238203e-01 -7.36254454e-01 8.72523904e-01
    5.78506172e-01 -4.29875672e-01 1.76544261e+00 -6.06629372e-01
    8.41863155e-01 7.32815802e-01 -5.87081611e-01 -4.52274084e-02
    1.30975962e+00 -1.35945737e-01 -3.65990102e-01 -4.08813059e-01
    8.29542041e-01 -5.15978336e-01 9.74956810e-01 -1.91953480e-01
    1.07132769e+00 -6.02586865e-02 -2.62228787e-01 -5.15645027e-01
    1.52344215e+00 3.41738820e-01 -6.88268065e-01 -1.51850462e-01
    -5.37619233e-01 -1.60559416e-02 -6.86665177e-01 8.05696309e-01
    6.00559115e-01 9.11199272e-01 7.97851682e-02 8.98987293e-01
    1.37914109e+00 -4.31224585e-01 1.66015136e+00 -2.78082013e-01
    5.64948082e-01 3.43120635e-01 5.63377738e-02 7.51841426e-01
    1.43442512e-01 1.21382952e-01 -5.35490274e-01 2.48478830e-01
    -1.58377528e-01 2.81670034e-01 3.94054651e-01 7.37487674e-01
    -3.54940295e-01 8.99932683e-01 5.45777142e-01 1.27595186e+00
    9.69405770e-02 1.17023802e+00 -5.22014797e-01 -5.64087629e-01
    6.38626933e-01 -4.20116544e-01 -2.64918447e-01 7.95170069e-02
    1.25012398e+00 6.72106564e-01 -2.06905842e-01 2.35108793e-01
    1.30860996e+00 1.74973321e+00 6.48050725e-01 3.98480892e-01
    7.38069355e-01 1.57393301e+00 -4.35702682e-01 -1.03773475e-02
    1.52879024e+00 4.29870844e-01 3.94908965e-01 -3.11459661e-01
    1.31173110e+00 -9.60552692e-02 8.91820073e-01 2.38919258e-03
    -7.29514360e-02 1.02498353e+00 1.20601583e+00 7.68388510e-02
    -1.08119309e-01 -9.63463783e-02 -3.61420989e-01 -2.55821586e-01
    -5.09514093e-01 1.16781259e+00 -2.99254656e-02 1.56912160e+00
    9.68029380e-01 4.83419716e-01 1.36112595e+00 -1.91635251e-01
    -5.79676211e-01 5.26658773e-01 3.48088562e-01 1.40388083e+00
    -3.47908556e-01 4.86505330e-01 -6.90412164e-01 1.09638906e+00
    -6.49694741e-01 1.68066287e+00 1.13860774e+00 4.52844441e-01
    5.56329012e-01 1.67225099e+00 -1.21173978e-01 7.09847212e-02
    4.29135382e-01 1.33759737e+00 -4.45186347e-01 -6.23146534e-01
    7.88495719e-01 7.81585872e-01 6.35234118e-02 6.34618998e-01
    9.68365371e-01 -2.00482428e-01 -3.70951027e-01 1.20788157e+00
    -9.60433483e-03 2.31084704e-01 1.36406922e+00 -1.38502836e-01
    -7.93421865e-01 1.35921681e+00 -6.60374761e-01 -1.02153003e-01
    -1.11223578e-01 1.13013768e+00 1.41623378e+00 1.13831758e-01
    1.15314376e+00 4.88922417e-01 1.19175315e-01 1.24885249e+00
    1.47393918e+00 1.57822514e+00 1.67685032e+00 1.65428734e+00
    1.73028898e+00 -7.03665018e-01 1.77558494e+00 7.88049519e-01
    6.74676538e-01 4.06243682e-01 9.31483746e-01 5.07459700e-01
    4.33451414e-01 1.45863879e+00 8.07855427e-01 -6.41090214e-01
    1.21503997e+00 7.11099029e-01 -4.06219065e-01 -1.09708369e-01
    1.16451216e+00 1.17144251e+00 1.75706387e+00 9.85550225e-01
    -2.40446448e-01 1.34509361e+00 4.85334277e-01 9.04241383e-01
    2.72840559e-01 1.97614908e-01 8.34159434e-01 2.28461802e-01
    -3.84760141e-01 -4.08614188e-01 1.66046226e+00 9.16588724e-01
    1.79858649e+00 5.96713006e-01 1.38748467e-01 1.01469827e+00
    6.85627580e-01 8.72308016e-01 1.06837130e+00 1.63248110e+00
    1.94851851e+00 -1.39180034e-01 8.36655319e-01 3.04581583e-01
    -3.14207673e-01 -6.88360155e-01 -4.11499918e-01 -3.33466947e-01
    1.78181863e+00 2.72896647e-01 7.23121762e-02 9.67239201e-01
    -5.01789391e-01 8.01505804e-01 1.27731991e+00 1.71201491e+00
    -3.10643613e-01 1.36967242e+00 1.17050779e+00 1.43807673e+00
    -3.70256066e-01 1.54282081e+00 -5.48129976e-01 -3.17364991e-01
    1.37039042e+00 -2.22515643e-01 1.49151802e+00 1.53756309e+00
    7.03502417e-01 6.13209248e-01 1.29467332e+00 -1.69833183e-01
    -4.16964412e-01 -6.21736288e-01 1.01627612e+00 -6.68651700e-01
    9.64824021e-01 1.83747470e-01 2.36468673e-01 -3.14619273e-01
    -7.63696611e-01 3.86515200e-01 -3.31847996e-01 1.34265971e+00
    1.09392536e+00 1.48427963e+00 7.62542069e-01 -7.09206998e-01
    7.93707490e-01 1.00703526e+00 -3.84278417e-01 1.13298941e+00
    4.71730411e-01 1.00594449e+00 1.30917168e+00 2.61608660e-01
    1.37402177e+00 1.69750857e+00 5.96573353e-01 1.20514679e+00
    1.03351951e-01 1.68563986e+00 6.28225267e-01 6.49592698e-01
    1.29690599e+00 4.46755528e-01 8.76145959e-01 8.09709609e-01
    1.16834164e+00 1.46213734e+00 -3.54365796e-01 1.73543549e+00
    2.40064144e-01 1.27828097e+00 1.11220551e+00 -6.76034689e-01
    1.42655063e+00 1.56169486e+00 1.06711245e+00 5.32087982e-01
    9.31454241e-01 -5.69108129e-02 -1.72752023e-01 1.32688689e+00
    1.24596775e-01 1.40348375e+00 1.57704973e+00 1.64017940e+00
    1.07109547e-01 1.29352832e+00 -2.81787217e-01 1.47027886e+00
    -6.15440607e-01 1.33846259e+00 -6.50457978e-01 1.77959383e+00
    -1.23490095e-02 1.24263525e+00 1.65701437e+00 1.59805667e+00
    2.00057030e-01 -4.75915909e-01 1.20884013e+00 1.23416042e+00
    4.20206785e-01 9.93877649e-02 9.62619424e-01 -1.23389900e-01
    1.14152265e+00 1.47480488e+00 8.58981967e-01 -1.92113698e-01
    1.59518123e-02 5.44605434e-01 1.44359994e+00 -4.76453215e-01
    -4.76445556e-02 5.15118480e-01 4.22846437e-01 6.99631393e-01
    -6.59343719e-01 1.02524757e-02 -4.91348147e-01 1.46343815e+00
    1.16823232e+00 -4.58208591e-01 5.74393630e-01 1.48655605e+00
    4.20311451e-01 1.06797576e+00 1.74267650e+00 5.82907379e-01
    1.02371943e+00 -1.48536086e-01 2.54093170e-01 1.48666775e+00
    1.49393725e+00 7.29510665e-01 -5.06659627e-01 1.03711247e+00
    1.10985422e+00 1.00417960e+00 -2.47731924e-01 -3.04250538e-01
    1.08485043e-01 1.03526223e+00 1.54898953e+00 -3.92243922e-01
    1.41125488e+00 9.57912624e-01 9.84370112e-02 5.27127981e-02
    3.75406623e-01 4.87388909e-01 1.31084061e+00 9.71409023e-01
    2.70632088e-01 -4.78712738e-01 1.81333065e+00 1.52009916e+00
    9.51211989e-01 -3.42603266e-01 -6.29360259e-01 1.39510632e+00
    1.57830715e+00 -3.01563025e-01 -1.36574626e-01 1.75553024e+00
    -5.51263094e-01 5.49807250e-01 1.33949995e-01 2.19650865e-02
    -2.65006602e-01 -3.89742255e-02 1.21575284e+00 4.98609662e-01
    1.67136121e+00 1.77294707e+00 -3.01673174e-01 -6.45309806e-01
    7.64802754e-01 3.89010668e-01 -1.85188234e-01 -3.96090239e-01
    -3.12185228e-01 2.02043056e-02 1.11379600e+00 7.22027838e-01
    1.44602799e+00 5.59976637e-01 -3.03304583e-01 -7.86733925e-01
    5.34296691e-01 -2.54190147e-01 -7.55056143e-01 1.07176995e+00
    -2.80991793e-01 1.74248242e+00 9.88842070e-01 6.91182017e-02
    -4.61667478e-01 1.09796989e+00 1.42092144e+00 1.32141447e+00
    1.06732011e+00 -7.58091986e-01 4.70701814e-01 -8.15374255e-01
    1.08185947e-01 1.35900211e+00 4.64964926e-01 1.67048240e+00
    -8.27084303e-01 7.49559700e-01 1.26060200e+00 9.17641640e-01
    1.27184284e+00 1.18098044e+00 -3.84331822e-01 -6.87255323e-01
    -5.31159163e-01 -1.17325187e-02 1.12624168e+00 4.65728402e-01
    -4.36515212e-02 3.05280924e-01 -4.79842454e-01 1.80638945e+00
    1.09285808e+00 -7.27398634e-01 7.87841678e-02 -5.50682068e-01
    -5.00119328e-01 1.78436184e+00 5.07047951e-01 -6.32555366e-01
    1.50191879e+00 7.43764579e-01 4.09839571e-01 7.90318847e-01
    1.25613058e+00 -1.71361566e-01 -7.07039118e-01 -5.83528042e-01
    1.02553654e+00 1.70180559e+00 1.12926602e+00 1.94599342e+00
    7.29915440e-01 1.19801819e-01 3.70268941e-01 5.49433589e-01
    3.30996811e-01 1.55514288e+00 1.11753559e+00 -4.56683457e-01
    1.24610960e+00 8.49770546e-01 -6.61484063e-01 -3.10537547e-01
    7.43460119e-01 2.61064410e-01 9.78155851e-01 -6.48007989e-01
    -6.37658358e-01 1.18770897e-01 1.38169682e+00 1.63445282e+00
    -3.38726372e-01 8.35958958e-01 7.36722410e-01 1.23207998e+00
    -1.03621602e-01 -5.20989478e-01 -3.23188096e-01 4.60206449e-01
    1.20237470e-01 1.17725706e+00 1.31497097e+00 1.28362727e+00
    9.14100707e-01 1.44857717e+00 1.01018715e+00 -1.66876018e-01
    1.40784359e+00 3.95690084e-01 -3.09230834e-01 -4.32447523e-01
    -3.77950162e-01 -7.17265368e-01 1.79385304e+00 9.82914865e-01
    -9.45885181e-02 3.96418691e-01 1.39119864e-01 -6.95063829e-01
    6.03388846e-01 -2.37765372e-01 9.31702793e-01 1.64527917e+00
    1.65493166e+00 1.40068531e-02 4.02813494e-01 1.71231437e+00
    2.62598395e-02 1.56980610e+00 1.42136538e+00 -7.04920888e-02
    6.78981304e-01 1.45998824e+00 1.26929545e+00 1.66224527e+00
    9.35972273e-01 8.57467949e-01 -3.25801134e-01 9.92201984e-01
    -7.34567285e-01 1.75001717e+00 7.32232690e-01 1.08467937e+00
    6.19230866e-01 -6.36743128e-01 6.31246030e-01 -7.76517570e-01
    1.00877464e-01 -4.47656989e-01 1.82241678e+00 7.80539691e-01
    5.45686066e-01 -7.10813522e-01 -1.66511774e-01 9.13494706e-01
    1.12388992e+00 2.07809210e-01 1.98175073e-01 9.18839157e-01
    -7.40984142e-01 1.08544505e+00 1.21714091e+00 9.69064236e-03
    -6.78550720e-01 1.44508982e+00 1.79830849e-01 1.35940492e+00
    -6.12003803e-01 6.30557120e-01 -5.29706478e-04 -7.38391697e-01
    7.03721762e-01 3.27364385e-01 1.65483260e+00 6.16789937e-01
    1.70131803e+00 2.70227551e-01 1.16783190e+00 8.12136471e-01
    -1.42976999e-01 7.44087040e-01 -4.01494175e-01 -3.04949641e-01
    1.03641963e+00 4.15932596e-01 1.45572162e+00 8.40436220e-02
    1.53555655e+00 3.26390147e-01 1.63203859e+00 -1.36721730e-01
    1.21126890e+00 1.11580670e-01 1.14119053e-01 -1.92349195e-01
    1.35253429e+00 1.35572648e+00 -7.25136518e-01 -5.83238244e-01
    -6.99312031e-01 9.02039647e-01 3.42257023e-02 2.88237929e-01
    3.80888402e-01 1.40236211e+00 1.03456497e+00 4.03360724e-01
    1.42582035e+00 1.72897577e+00 -5.36535621e-01 -8.94118547e-02
    1.20715714e+00 -2.48596668e-02 8.49484563e-01 1.11260581e+00
    -2.78757930e-01 3.90744805e-01 -6.78075910e-01 1.59355891e+00
    1.64284527e+00 9.59725857e-01 -5.68612337e-01 -6.08699441e-01
    1.46401048e+00 6.36379600e-01 5.72437108e-01 -1.11245692e-01
    2.91883826e-01 1.22014761e+00 7.56759405e-01 -7.10403860e-01
    -2.52236307e-01 1.16164565e+00 1.30873561e+00 -7.61677384e-01
    1.08795464e+00 -1.34223819e-01 2.01753020e-01 8.21954966e-01
    1.20518994e+00 4.96735990e-01 7.74242699e-01 2.85018444e-01
    3.75931680e-01 1.56348586e-01 8.34777772e-01 1.59338462e+00
    4.77189422e-01 8.68143320e-01 1.64507592e+00 1.65819192e+00
    8.62142622e-01 4.46465433e-01 5.69212437e-02 8.66768539e-01
    1.04967391e+00 1.54260206e+00 -5.67818165e-01 4.74708080e-01
    2.22429931e-01 -9.14460421e-03 -1.88931704e-01 -1.53041840e-01
    -7.53166139e-01 2.11093485e-01 8.75702798e-01 2.35494792e-01
    1.71032178e+00 1.22407818e+00 9.28092003e-02 -7.82303095e-01
    1.32510781e-01 1.52912831e+00 7.32338071e-01 -3.46006930e-01
    1.86311901e-01 -3.66990536e-01 8.37566435e-01 1.21671104e+00
    -2.50091076e-01 1.02741742e+00 2.18140423e-01 1.17577934e+00
    1.12174153e+00 1.65914905e+00 1.14025521e+00 1.04547060e+00
    3.45462024e-01 1.13173449e+00 4.02375281e-01 3.16038430e-01
    5.92803776e-01 -6.39575779e-01 1.60458589e+00 1.74365640e+00
    -2.51031339e-01 -2.64041066e-01 6.74135447e-01 1.10202134e-01
    1.67730141e+00 7.93298006e-01 -7.69279480e-01 -6.98682010e-01
    8.12951684e-01 -4.17424887e-01 1.11021709e+00 -5.13174176e-01
    1.50914907e+00 3.20393324e-01 1.77229953e+00 6.42133117e-01
    6.90004468e-01 -5.52935064e-01 -3.71599495e-01 -4.17714119e-02
    1.40684438e+00 -5.44520736e-01 6.75487876e-01 1.02423429e+00
    7.74254560e-01 -6.54272974e-01 1.09093511e+00 1.46220112e+00
    1.53845811e+00 1.33303070e+00 -4.33712989e-01 3.33764315e-01
    1.94947124e+00 -4.93865788e-01 4.77390647e-01 -3.27515543e-01
    1.63217854e+00 1.28738880e-01 -1.79273307e-01 1.69312716e-01
    1.19618356e+00 -6.04812920e-01 1.10985422e+00 4.26464498e-01
    5.86238503e-02 1.52938902e+00 -2.25533068e-01 -6.57346427e-01
    -4.67870295e-01 1.00629532e+00 -5.18033624e-01 -4.32123214e-01
    -1.68224752e-01 1.67651606e+00 1.11825812e+00 3.72641802e-01
    2.98890054e-01 8.08906257e-01 1.70289636e+00 -1.21846318e-01
    1.72662091e+00 -5.87639332e-01 4.22722399e-01 -3.28056753e-01
    -6.86541557e-01 4.36707616e-01 7.25036204e-01 -4.25567001e-01
    7.70640254e-01 -1.94287658e-01 1.66122103e+00 1.54675102e+00
    1.64829087e+00 1.38101339e+00 -6.51666224e-01 1.55657554e+00
    9.25318003e-01 1.48015296e+00 4.62247670e-01 -4.05584127e-01
    5.39481580e-01 8.60893786e-01 8.01740587e-01 3.44494522e-01
    1.44948292e+00 1.65715539e+00 1.21931481e+00 1.32796228e-01
    9.67029452e-01 -6.13825500e-01 -3.48471165e-01 1.13234484e+00
    6.22607052e-01 1.41440463e+00 -7.97074437e-01 9.37453866e-01
    1.43569279e+00 3.97665501e-01 5.51518857e-01 1.56580341e+00
    1.03914213e+00 8.39492679e-02 -7.21529007e-01 -6.89521253e-01
    -3.80663693e-01 1.34244370e+00 -6.67125106e-01 3.06623042e-01
    -5.93189478e-01 4.35584009e-01 -3.13327909e-02 6.50768816e-01
    1.08483529e+00 1.06997466e+00 -5.35186589e-01 -6.34690940e-01
    1.11722589e-01 1.70100021e+00 -1.95560992e-01 5.98183274e-01
    -5.10581136e-01 -5.74249029e-01 -1.93185031e-01 3.39920223e-01
    1.65054560e+00 3.48234832e-01 1.69964910e-01 3.94488513e-01
    -5.33163786e-01 7.26482272e-01 -6.81542397e-01 6.00404680e-01
    3.78428042e-01 1.72331333e-02 1.10551929e+00 3.37016881e-01
    7.69162774e-02 1.34122014e+00 4.21808720e-01 1.66020548e+00
    -3.83719862e-01 1.53754544e+00 1.37008250e+00 6.87366605e-01
    1.03979528e+00 7.82823145e-01 -4.59457904e-01 1.08434844e+00
    1.68262517e+00 -8.70645046e-04 1.62546420e+00 -3.99731070e-01
    -4.57295835e-01 1.14882886e+00 7.37750649e-01 -4.36479986e-01
    5.23319840e-01 1.11612201e+00 -3.63202929e-01 -2.18351960e-01
    1.50257945e+00 1.11380637e+00 4.13662732e-01 -2.55929947e-01
    -1.43107951e-01 -2.74105132e-01 1.45524430e+00 2.21882641e-01
    -3.86680484e-01 -1.68939471e-01 3.79043639e-01 1.05765593e+00
    4.29307520e-01 1.72352207e+00 6.31890476e-01 -6.30553067e-01
    5.98926187e-01 -7.75011778e-01 1.07385850e+00 1.15133643e+00
    1.74152112e+00 -3.69713545e-01 6.64874673e-01 1.08413780e+00
    7.10567415e-01 8.01950395e-01 -6.51078224e-01 1.76569104e+00
    -4.80637789e-01 1.65661669e+00 1.14888060e+00 1.93782151e-01
    1.09150827e-01 1.17824674e+00 1.37220287e+00 -7.64749467e-01
    -5.82077801e-01 -4.18255687e-01 6.13319755e-01 3.68619144e-01
    3.56229722e-01 1.42623365e+00 1.42391300e+00 1.01170754e+00
    3.32706034e-01 3.61932695e-01 8.39689374e-02 1.00265408e+00
    1.03055108e+00 1.23432696e-01 -1.25943661e-01 1.74507535e+00
    2.98439503e-01 3.63148808e-01 7.75011480e-01 5.89863658e-01
    2.88579345e-01 1.75701201e+00 1.37489140e+00 -1.89106166e-01
    -4.50567335e-01 -4.68793422e-01 8.71034622e-01 -2.75585473e-01
    1.32491767e-01 6.78220510e-01 1.02441120e+00 5.94211757e-01
    7.21698761e-01 4.31330085e-01 -2.52225876e-01 6.22352898e-01
    1.30663145e+00 4.52522993e-01 1.37798071e-01 5.92421949e-01
    1.61312151e+00 9.08193886e-01 1.53522158e+00 8.48082483e-01
    9.74694788e-01 7.80739546e-01 1.01816881e+00 5.77504992e-01
    1.39503622e+00 4.09424424e-01 1.69079304e-02 1.12632632e+00
    1.68729675e+00 1.25486231e+00 -6.82928562e-02 -7.26456642e-01
    2.01911926e-02 1.34392738e-01 -1.52239621e-01 -9.51915383e-02
    5.25197148e-01 3.92113447e-01 -4.26199853e-01 -3.81817937e-01
    -7.42208540e-01 -2.25505829e-01 -7.27751255e-02 1.36381340e+00
    -5.11699975e-01 2.23131239e-01 1.64809215e+00 7.73093939e-01
    1.84462881e+00 1.12525702e-01 1.28716063e+00 -3.27490151e-01
    -2.57292092e-01 6.41706228e-01 8.45181882e-01 4.77568507e-02
    -2.66552836e-01 -3.34334373e-02 7.17752337e-01 8.02371740e-01
    3.83982420e-01 7.10843444e-01 7.91924894e-01 1.31380916e-01
    1.47777104e+00 1.35701811e+00 1.47355068e+00 -6.08025134e-01
    1.88245034e+00 1.00073099e+00 1.69881165e+00 1.89390707e+00
    -2.99080431e-01 1.25614846e+00 1.19675279e+00 -2.16598570e-01
    7.29682446e-01 1.76239181e+00 -6.30214453e-01 1.41341043e+00
    -4.11932111e-01 -1.71900570e-01 -7.10052848e-02 7.88645744e-01
    -6.25163913e-01 1.16118717e+00 1.83121324e+00 1.32728457e+00
    3.07458341e-01 9.89103615e-01 1.57939672e+00 -3.63757759e-01
    8.18369329e-01 -5.17996192e-01 5.99067152e-01 -8.16567063e-01
    -4.69682992e-01 2.91430831e-01 -5.42725086e-01 3.70161593e-01
    9.47809219e-02 1.77549672e+00 9.08601403e-01 1.34263062e+00
    9.17002976e-01 4.52411234e-01 -4.82118726e-02 3.13270569e-01
    -3.82098943e-01 -2.08113134e-01 2.48034060e-01 -2.54159451e-01
    1.34788418e+00 4.13139343e-01 1.72352409e+00 1.38804197e+00
    -4.49354053e-02 3.45994294e-01 -5.75413167e-01 5.92927337e-02
    -6.19906425e-01 -7.84616172e-01 -5.41412234e-02 -7.04679072e-01
    -4.36327577e-01 1.14857435e+00 1.54040933e+00 1.47615159e+00
    3.87744188e-01 7.76849151e-01 -6.58895373e-02 -5.76696396e-01
    1.25889397e+00 9.37434912e-01 1.45839953e+00 2.45628059e-01
    -5.16605496e-01 1.37699270e+00 -5.07198334e-01 2.94009268e-01
    -3.13053966e-01 -8.08709860e-03 8.67955327e-01 -3.87891471e-01
    2.73970544e-01 -2.40591168e-02 8.55993032e-01 -4.03563619e-01
    8.27323258e-01 -1.41618788e-01 1.11453533e+00 1.07534492e+00
    7.48724878e-01 1.69827199e+00 6.28299117e-02 1.68489873e+00
    -1.28715158e-01 3.83569479e-01 -7.28315949e-01 1.35632670e+00
    -6.84581935e-01 -2.14225233e-01 1.73415124e+00 -4.29564893e-01
    -6.04442716e-01 7.57149994e-01 -7.10346341e-01 -6.56144798e-01
    8.36112499e-02 -2.01176167e-01 1.77895522e+00 1.95853293e-01
    3.32123280e-01 -7.65799940e-01 -4.19848621e-01 1.34016395e+00
    3.95109951e-01 -4.13332433e-01 5.62288225e-01 -3.53409201e-01
    5.80692887e-01 8.02955568e-01 3.19401443e-01 1.77436471e-01
    1.87291622e-01 -1.65531635e-02 -5.19082427e-01 1.68259144e+00
    -7.46169925e-01 -1.29810452e-01 1.72769797e+00 1.38780260e+00
    -1.43689036e-01 5.39374352e-03 -6.08662426e-01 -1.54217124e-01
    1.40993690e+00 -7.02987075e-01 3.34317029e-01 1.40945256e-01
    3.60794961e-01 7.31374979e-01 -7.47601867e-01 -7.85957217e-01
    6.59279108e-01 1.30758238e+00 7.07827389e-01 -6.40043676e-01
    1.55900145e+00 1.11503601e+00 3.37996066e-01 9.34323251e-01
    -5.53018451e-02 2.65229285e-01 9.95043874e-01 -1.10654414e-01
    1.29025972e+00 -1.90427840e-01 1.69676602e+00 1.28229785e+00
    2.32451618e-01 -1.99640989e-02 9.30350125e-01 1.13339484e+00
    1.40426779e+00 -4.33025777e-01 -7.05676854e-01 1.76582122e+00
    1.51909590e-02 1.59781861e+00 1.78546131e+00 9.91574228e-01
    -6.58447325e-01 -4.69016731e-01 9.28449094e-01 1.65104651e+00
    -1.39991522e-01 7.65785217e-01 -1.62459135e-01 8.07651639e-01
    4.03773367e-01 9.13106799e-01 -7.35686958e-01 1.19669867e+00
    1.77982354e+00 1.43056989e-01 -2.95745909e-01 8.82109880e-01
    -7.11730540e-01 5.30103445e-01 -5.08929729e-01 -1.23870134e-01
    6.52466655e-01 1.55202103e+00 9.77771699e-01 1.62529135e+00
    1.34250224e-01 -4.83547658e-01 9.66411173e-01 1.25764751e+00
    2.52830982e-02 1.18093729e+00 -3.60846490e-01 1.15751469e+00
    1.06765866e+00 1.81035089e+00 1.73917699e+00 -7.48993754e-01
    6.00471139e-01 -1.83524787e-01 1.64330649e+00 1.07082725e+00
    -3.00142944e-01 -9.02294517e-02 1.23005378e+00 -4.34933633e-01
    1.61733425e+00 -5.78717351e-01 1.36666250e+00 1.95939779e-01
    7.93321490e-01 3.93718421e-01 9.10044611e-01 1.14635086e+00
    7.81183898e-01 5.35166502e-01 -5.20904481e-01 -2.66052008e-01
    7.27122068e-01 9.79329467e-01 6.21946156e-01 -5.75781345e-01
    -3.66178781e-01 -3.57598156e-01 1.36016512e+00 9.66779947e-01
    6.66118264e-01 5.22867382e-01 1.80522370e+00 5.58563769e-01
    4.93358731e-01 1.26424837e+00 7.46626914e-01 7.29902625e-01
    3.73290777e-01 -4.53512192e-01 -1.57090306e-01 5.31245828e-01
    1.10626793e+00 -2.66613543e-01 1.44522190e+00 8.11437368e-01
    -5.96642971e-01 1.91910863e-02 1.24952912e+00 8.29019547e-01
    -1.45163894e-01 1.33958721e+00 1.44972467e+00 4.92263615e-01
    -4.72824156e-01 4.00428772e-02 -6.17604375e-01 1.85326135e+00
    1.29688978e+00 6.62693679e-01 -3.05814534e-01 6.15314007e-01
    6.77666247e-01 9.61324275e-01 2.09298730e+00 -2.82136530e-01
    1.41182172e+00 -6.12942278e-01 1.39937687e+00 1.18365610e+00
    6.70999706e-01 3.24367702e-01 8.74655187e-01 1.46821320e-01
    -6.12149179e-01 1.24624705e+00 -7.49439120e-01 -1.89361215e-01
    -4.64934021e-01 7.08386779e-01 -3.25139344e-01 1.21932507e+00
    -2.69726455e-01 1.03431702e-01 -1.92044318e-01 1.64678144e+00
    1.02359211e+00 9.70656753e-01 6.33980930e-01 -7.32412517e-01
    -9.32783484e-02 1.11229253e+00 1.63717365e+00 1.40656090e+00
    -2.07413197e-01 9.08270359e-01 6.87992513e-01 6.14469647e-01
    1.37831306e+00 -1.80137753e-01 -7.20970631e-01 -5.88669121e-01
    1.75740254e+00 8.71769488e-01 7.47019529e-01 -5.55924535e-01
    1.48622155e-01 1.63597417e+00 2.05568075e-02 5.18293738e-01
    -2.38877594e-01 4.33355510e-01 5.99164844e-01 1.30607677e+00
    1.44151163e+00 -4.11997914e-01 -1.55309200e-01 1.23229349e+00
    7.36573458e-01 1.09291339e+00 -5.44510126e-01 -4.28374410e-01
    1.17459273e+00 1.37362516e+00 1.08666623e+00 1.46901047e+00
    4.62409019e-01 1.05254221e+00 7.36597598e-01 -6.43835366e-01
    -6.90632820e-01 5.45067906e-01 -3.41618657e-02 6.18472457e-01
    5.29334724e-01 9.81808126e-01 4.06471789e-01 -7.55861819e-01
    8.99146855e-01 1.61850858e+00 4.69716012e-01 8.25951278e-01
    4.49109733e-01 4.25225675e-01 1.67871547e+00 1.25750351e+00
    -7.23536015e-02 1.33000767e+00 -2.93719053e-01 -6.19770885e-02
    -1.20384574e-01 8.29354525e-02 -6.86597228e-01 4.24690664e-01
    1.05688453e+00 4.37089205e-01 5.21201074e-01 7.26330161e-01
    -3.47637653e-01 1.18185294e+00 1.68173754e+00 3.16123962e-02
    1.66974771e+00 9.43277180e-01 2.39616871e-01 -4.62790191e-01
    -3.96342069e-01 1.02454460e+00 1.49659801e+00 1.30099952e-01
    1.28821778e+00 5.93461931e-01 -7.49732494e-01 1.60228920e+00
    1.83160233e+00 9.13709104e-01 1.34077013e-01 5.65289557e-01
    5.81149518e-01 1.67544651e+00 -2.19025314e-01 5.31441271e-01
    -4.30780381e-01 2.72044659e-01 3.79205644e-01 1.31031382e+00
    1.62577820e+00 9.80289400e-01 -4.07948405e-01 1.10516572e+00
    -4.81769383e-01 2.45998502e-02 -3.14092517e-01 1.26638043e+00
    -7.32019603e-01 -5.02471805e-01 -4.42274183e-01 4.83007431e-02
    1.22280240e+00 -1.56040967e-01 1.38982570e+00 1.08098626e+00
    -3.80936563e-01 1.79268336e+00 1.41592026e+00 1.99692488e-01
    -6.60525978e-01 6.76849008e-01 2.74958432e-01 1.56861019e+00
    2.81897485e-01 1.73685026e+00 7.63928533e-01 1.65485370e+00
    -5.60636401e-01 1.27456987e+00 4.11671340e-01 3.94085109e-01
    -7.77000785e-01 2.82069206e-01 -8.02779794e-02 -6.34372473e-01
    3.22177470e-01 1.71296656e-01 1.23966718e+00 2.97338367e-01
    1.05709922e+00 1.44153428e+00 -1.25576794e-01 -2.74982810e-01
    5.82178831e-01 1.47833693e+00 3.96901369e-03 -6.83127522e-01
    1.16375327e+00 1.30490911e+00 3.60676050e-02 1.10876250e+00
    -3.68839562e-01 -7.02668428e-02 1.78816116e+00 8.25486004e-01
    -3.65064889e-01 2.36625969e-01 1.51079631e+00 3.00604284e-01
    9.86561179e-02 4.84206855e-01 -3.20886225e-01 8.31689835e-02
    9.10410702e-01 2.83911228e-01 1.63715386e+00 -6.95276141e-01
    -4.22367871e-01 7.90003538e-02 4.36716259e-01 1.72755885e+00
    4.72852707e-01 1.48002255e+00 -4.31703061e-01 -7.57806182e-01
    1.72036886e+00 6.47283554e-01 -6.13597751e-01 1.53103697e+00
    4.99038696e-02 1.29744780e+00 -2.24246383e-02 1.67515612e+00
    -6.20669127e-01 1.59737670e+00 1.07287109e-01 -3.72356474e-01
    1.74713933e+00 7.51264215e-01 8.97866726e-01 4.73595262e-02
    1.59094357e+00 8.51390302e-01 -5.73118865e-01 1.10941851e+00
    6.62357569e-01 3.39542747e-01 1.64780498e-01 9.56650794e-01
    -2.98865855e-01 9.08440530e-01 9.13028240e-01 7.53721535e-01
    8.01042557e-01 1.35565615e+00 1.35815120e+00 9.54331636e-01
    -3.39557528e-02 -2.65292943e-01 4.13347483e-01 1.66714668e+00
    -2.00744033e-01 -4.27733541e-01 1.11775327e+00 -2.86473513e-01
    8.22404623e-01 -6.81550503e-01 7.74743319e-01 -7.66349733e-01
    1.36204541e+00 1.44694090e-01 1.51635528e+00 1.39550209e+00
    1.08314180e+00 1.33431172e+00 1.46648109e+00 1.32417202e+00
    3.60325634e-01 -2.48548388e-02 -4.72738147e-02 2.07483864e+00
    -1.37348384e-01 1.65328789e+00 3.76169682e-02 1.86867976e+00
    2.29708016e-01 4.23738003e-01 4.06670809e-01 2.50974655e-01
    1.74614680e+00 -6.73246562e-01 6.62369430e-01 1.67351389e+00
    1.10160840e+00 -4.34970796e-01 2.88025618e-01 1.33410144e+00
    1.49838865e+00 -5.24195671e-01 -4.45956260e-01 -7.67092764e-01
    2.19769120e-01 1.55349922e+00 8.06852996e-01 -2.04816163e-01
    -2.85511672e-01 8.07274461e-01 9.28663254e-01 1.22427070e+00
    -5.16257048e-01 -2.82945454e-01 -2.38042593e-01 8.79872680e-01
    1.39817214e+00 4.95272756e-01 2.39687920e-01 3.53020906e-01
    9.49580491e-01 1.72450876e+00 7.57124186e-01 -2.13661551e-01
    1.12038851e+00 1.05580544e+00 1.75864577e+00 1.25651073e+00
    1.62839162e+00 7.99371421e-01 1.52062368e+00 8.31623018e-01
    -7.29894638e-01 1.40972459e+00 1.27856123e+00 5.01689970e-01
    1.26522660e-01 8.95524442e-01 7.09756136e-01 9.29565847e-01
    -7.83054054e-01 -4.02190924e-01 8.76140594e-01 -3.60883713e-01
    1.61641860e+00 -5.21084189e-01 -5.63207388e-01 5.24827719e-01
    -5.80770850e-01 1.39639115e+00 5.19335210e-01 6.26841962e-01
    -6.09345615e-01 7.56349325e-01 -6.36548579e-01 2.37408578e-01
    4.00745273e-02 1.46441936e+00 8.89044762e-01 -1.92893863e-01
    6.33208871e-01 8.94396842e-01 1.34679449e+00 9.74983394e-01
    3.35964620e-01 3.45486641e-01 -1.01935625e-01 5.84494174e-01
    7.45430470e-01 -2.31285095e-02 1.73581004e+00 1.16803372e+00
    9.96279597e-01 1.73555493e+00 7.46127963e-01 1.95185244e-01
    5.41000187e-01 -6.38223529e-01 1.29409766e+00 7.27728903e-01
    -5.68515182e-01 -5.66563129e-01 1.55482376e+00 1.66593075e+00
    -7.73059130e-02 7.79483020e-01 4.39597964e-02 8.80247712e-01
    1.29184365e-01 2.23105371e-01 -4.31835175e-01 -7.08412409e-01
    4.32611883e-01 1.66799450e+00 2.09515810e-01 7.99653649e-01
    1.57918549e+00 -7.09951639e-01 -2.43116200e-01 1.52079940e-01
    -3.71013194e-01 1.33721185e+00 4.92054462e-01 1.16145790e+00
    -4.44704294e-01 1.01612735e+00 1.78196931e+00 1.21697247e-01
    1.47558081e+00 1.11004281e+00 7.80470967e-02 8.26932609e-01
    8.45442772e-01 6.94093704e-01 -1.09602630e-01 -1.71627760e-01
    6.25216365e-02 -1.19697452e-01 1.49995029e-01 -4.46818471e-02
    6.56903028e-01 -3.30457032e-01 6.29683733e-01 -2.47578025e-02
    7.13413060e-01 1.06892812e+00 -6.24238968e-01 -5.80052137e-01
    1.12740576e+00 1.18704128e+00 1.12852216e-01 -4.02802348e-01
    -3.89220148e-01 5.63926101e-01 -2.20871568e-01 1.31004691e-01
    -3.65331024e-01 1.45179868e+00 2.91792035e-01 1.17216349e+00
    1.48346424e+00 1.06444597e+00 4.01214063e-01 1.59708989e+00
    4.42722380e-01 4.46554303e-01 7.77161956e-01 1.19469762e+00
    1.45471478e+00 -4.54982072e-01 -6.25849843e-01 -7.14980960e-02
    1.31416309e+00 1.70623636e+00 4.85656202e-01 1.69525242e+00
    -3.26715201e-01 1.24414706e+00 -2.38558352e-01 1.64962184e+00
    8.48382950e-01 1.33459651e+00 9.53813910e-01 1.52966654e+00
    8.61107707e-01 1.40167344e+00 1.18982816e+00 7.65797496e-01
    1.68722868e-02 1.97534144e-01 -1.96058095e-01 -3.77706736e-01
    4.91594672e-02 1.95861161e-01 -5.35912395e-01 1.65874028e+00
    1.09346700e+00 -5.19680977e-03 3.79997373e-01 1.22042847e+00
    4.32071090e-01 8.68491292e-01 6.62834466e-01 2.58411646e-01
    -4.66162235e-01 1.71874166e-01 6.09660983e-01 8.21306884e-01
    1.71387839e+00 -1.98210180e-01 7.50463247e-01 9.57218945e-01
    -3.89644802e-01 1.60839272e+00 1.38922572e-01 -4.49522883e-01
    1.09985995e+00 -2.67982662e-01 1.95872307e-01 3.81159246e-01
    8.45745027e-01 9.56461728e-01 2.08615243e-01 1.53857553e+00
    2.80772150e-01 -6.13246441e-01 7.47688234e-01 -3.43219191e-01
    1.43907344e+00 -6.70980752e-01 3.43335211e-01 1.33012486e+00
    -5.31371772e-01 1.60836744e+00 6.18269801e-01 9.83686209e-01
    -5.53872466e-01 1.59906518e+00 -4.54280406e-01 -4.92649794e-01
    -6.45806909e-01 1.22460949e+00 1.17702043e+00 -7.30572701e-01
    -1.72465563e-01 -7.36184239e-01 1.44374871e+00 7.47682393e-01
    3.27968717e-01 1.01075196e+00 9.78546917e-01 -5.75733304e-01
    -6.59199715e-01 3.57202411e-01 4.89337683e-01 1.54744983e+00
    6.96306467e-01 7.04125583e-01 1.70467389e+00 1.50756359e+00
    1.35615796e-01 1.90525424e+00 1.41725957e-01 1.53115797e+00
    1.62305737e+00 1.57228470e-01 2.93018937e-01 -1.52165771e-01
    1.77559114e+00 8.37665796e-03 4.34622467e-01 1.34647250e-01
    1.10592842e+00 -3.76077026e-01 -3.82294655e-01 1.17971611e+00
    1.35670543e+00 -7.42607594e-01 8.49729300e-01 -1.12662077e-01
    -2.51860738e-01 1.97009563e-01 1.26475286e+00 1.49428773e+00
    7.99965322e-01 8.54075432e-01 1.43580413e+00 -6.13965750e-01
    2.25751698e-01 1.68790770e+00 -4.12786871e-01 7.52757072e-01
    3.31923962e-01 8.70689571e-01 -7.75862336e-01 2.72413969e-01
    -6.76595926e-01 -2.93358743e-01 -1.62693083e-01 -4.84176129e-01
    -3.63715470e-01 1.66499639e+00 1.63229680e+00 1.35753489e+00
    1.43468356e+00 1.12403083e+00 1.70714164e+00 1.28689098e+00
    -6.12674356e-01 5.31855583e-01 1.41502619e+00 9.18177903e-01
    1.59647417e+00 7.31183290e-01 2.55898893e-01 1.61746132e+00
    1.06201792e+00 -2.69723296e-01 -8.38818252e-01 5.65058470e-01
    7.11178899e-01 1.05928338e+00 7.83486784e-01 3.81312430e-01
    -2.06688225e-01 2.98504829e-02 1.71026826e-01 1.29410982e-01
    1.66841841e+00 1.27748895e+00 4.17328298e-01 1.52596414e-01
    5.46261132e-01 1.05473971e+00 -4.67087895e-01 -1.09198928e-01
    1.21508169e+00 1.07281041e+00 1.07580626e+00 -1.52945757e-01
    8.38059306e-01 -4.99728918e-01 -6.25093102e-01 -5.92770219e-01
    1.18985295e+00 2.35878348e-01 1.11984587e+00 2.93849826e-01
    6.10114455e-01 1.24833441e+00 3.51756811e-03 -3.61087292e-01
    1.52656174e+00 -2.81416774e-01 -2.62824416e-01 -5.55602908e-01
    -1.04808390e-01 -5.44993639e-01 6.17257714e-01 5.51884770e-02
    1.34387016e+00 1.22898734e+00 9.21860754e-01 -7.28949189e-01
    -8.13348651e-01 5.39324462e-01 7.64890492e-01 1.59112167e+00
    -3.72349024e-02 5.09755909e-01 -1.32750273e-02 -8.00234437e-01
    1.50495112e-01 1.12501502e-01 -2.10163593e-02 1.70962453e-01
    9.09963369e-01 3.30302715e-01 -2.47079849e-01 6.12649381e-01
    -2.75003910e-02 1.56252396e+00 -1.55064344e-01 1.35371923e-01
    -5.08736730e-01 -9.23982263e-02 5.11582613e-01 -2.59867907e-01
    -2.91428626e-01 1.73705482e+00 1.55396533e+00 1.63138390e+00
    4.67361748e-01 4.47415531e-01 6.31433725e-01 8.34342837e-01
    1.37598014e+00 -2.75010288e-01 3.98166656e-01 -5.51071882e-01
    6.10536933e-01 1.37611270e-01 -6.35864139e-01 7.51495361e-04
    -3.31528842e-01 -5.61086535e-02 1.08267307e+00 7.62017906e-01
    3.67702007e-01 2.19363630e-01 -3.79409611e-01 2.96614528e-01
    5.02546608e-01 1.65440845e+00 -5.55990100e-01 -1.73073769e-01
    6.90058231e-01 1.00968409e+00 3.24190199e-01 1.72503638e+00
    -4.06656832e-01 1.06627464e-01 1.09712529e+00 1.44609189e+00
    -5.40187478e-01 6.08725548e-01 2.26747870e-01 -1.37868047e-01
    1.34909391e+00 1.18520761e+00 -3.56231272e-01 1.76323915e+00
    -5.47419906e-01 1.57177591e+00 1.24036109e+00 9.95879829e-01
    -1.26995862e-01 1.38198662e+00 6.19721353e-01 3.09998930e-01
    4.82128680e-01 1.57214355e+00 -3.71165276e-02 -1.97964907e-01
    4.34501886e-01 1.75812221e+00 5.25395274e-01 1.09931827e-02
    -3.89997363e-02 7.45356083e-04 1.22717345e+00 -5.92440486e-01
    1.58126235e+00 2.35111177e-01 -3.72428834e-01 -7.10947096e-01
    -1.24510109e-01 2.68478215e-01 1.47490811e+00 1.70060468e+00
    1.34391880e+00 6.35731816e-01 -4.76530761e-01 -7.55056560e-01
    4.02331114e-01 1.09039593e+00 1.74241197e+00 1.20905101e+00
    8.95737946e-01 1.63446975e+00 -1.15768611e-01 2.03624427e-01
    -4.17019337e-01 1.63288045e+00 -3.81575227e-01 1.20279932e+00
    1.21827245e-01 -1.33842826e-02 6.27924502e-01 7.09459543e-01
    7.40830243e-01 -1.26588643e-01 1.62442088e+00 1.32431078e+00
    -1.77826881e-02 1.18256497e+00 6.75274372e-01 1.34379840e+00
    6.12120748e-01 8.79946172e-01 -6.59082711e-01 5.48612356e-01
    1.27490163e+00 -6.37056351e-01 -3.70845556e-01 7.58537352e-01
    6.60852492e-01 -7.09551573e-01 5.32933474e-02 1.67689991e+00
    -4.58076745e-01 1.05666685e+00 -6.37005866e-01 2.86774039e-02
    5.75680733e-01 1.26750755e+00 1.07648230e+00 -8.99017453e-02
    1.45625257e+00 2.42008448e-01 1.00336421e+00 7.84330666e-01
    2.00635481e+00 -4.90430444e-01 1.31441307e+00 1.51772046e+00
    1.78871548e+00 1.31271493e+00 1.71701288e+00 4.57906246e-01
    1.24836826e+00 -1.49276525e-01 1.48775005e+00 7.95291245e-01
    7.09631264e-01 -7.10793793e-01 9.39570844e-01 1.64928305e+00
    -3.14158320e-01 1.60963726e+00 -2.89519370e-01 -8.56182575e-02
    1.01896954e+00 1.95899427e-01 -7.04691172e-01 5.58185935e-01
    7.67976224e-01 3.65333796e-01 1.69531822e-01 1.76418948e+00
    -3.30155939e-01 2.34975100e-01 1.36877227e+00 9.63047087e-01
    -5.15148878e-01 1.28361344e+00 -5.50693989e-01 -6.32061720e-01
    -1.88282371e-01 1.15187645e+00 -5.03168821e-01 1.15179956e+00
    1.55190134e+00 6.65186107e-01 -5.00298977e-01 7.97990859e-01
    4.77441072e-01 -6.13093913e-01 5.47723591e-01 1.49115205e+00
    1.66063523e+00 1.76370656e+00 -3.57636660e-01 1.63887644e+00
    -3.09635580e-01 1.59551167e+00 1.18201041e+00 2.24708736e-01
    8.40520322e-01 1.04246807e+00 -5.98319650e-01 1.15887856e+00
    -7.38365769e-01 4.84293520e-01 -2.04281449e-01 8.81882310e-02
    5.52402139e-01 -8.28374028e-02 1.10930145e-01 4.96526122e-01
    -7.72908926e-02 2.61920393e-01 -7.96100974e-01 1.37424302e+00
    1.28814673e+00 1.52506638e+00 -7.28303969e-01 4.15683031e-01
    1.73583317e+00 5.48006892e-02 1.18365037e+00 -6.07126415e-01
    -5.21791518e-01 1.80440211e+00 -6.64367676e-02 6.63401425e-01
    -6.17884159e-01 -3.50479692e-01 3.39648247e-01 -1.66093230e-01
    1.05568230e+00 -5.07958889e-01 2.48921394e-01 -5.06138802e-01
    -6.75513744e-01 1.44025671e+00 2.46384084e-01 4.43573833e-01
    4.63240743e-02 1.47420549e+00 3.31907570e-01 -7.38041401e-01
    1.72525835e+00 -7.18323886e-01 -6.14512324e-01 1.60982060e+00
    8.89328480e-01 -2.55864739e-01 8.97632658e-01 1.39267731e+00
    3.41961861e-01 1.27829981e+00 7.38319039e-01 1.63674307e+00
    1.27401805e+00 8.80676210e-01 8.69362473e-01 3.41899276e-01
    7.79355645e-01 1.47924018e+00 -7.54787326e-02 -2.68012345e-01
    1.12465489e+00 1.49887204e-01 4.23574269e-01 6.81413472e-01
    1.31093645e+00 -6.88199341e-01 1.09819651e+00 -5.18480062e-01
    6.86604023e-01 1.18523216e+00 6.18664503e-01 8.38100672e-01
    -1.16912007e-01 -3.14314485e-01 1.20169580e+00 1.07115114e+00
    1.19738269e+00 7.11185336e-01 4.85589147e-01 5.17902970e-01
    5.32384038e-01 1.41827130e+00 4.56287205e-01 1.11831594e+00
    1.59311545e+00 -5.08410513e-01 -8.28437209e-01 1.62853456e+00
    6.56288803e-01 1.50879288e+00 3.81842971e-01 1.22951221e+00
    1.93744898e-01 -6.02840602e-01 1.59151483e+00 7.01095045e-01
    1.10300851e+00 2.25253701e-01 -6.07400596e-01 8.13331664e-01
    1.60263348e+00 4.98035610e-01 -3.24406981e-01 1.04055679e+00
    1.65725803e+00 1.03172016e+00 -4.54924613e-01 -7.56351233e-01
    1.30567551e+00 -1.35414124e-01 4.23142016e-01 6.98080897e-01
    -7.75183499e-01 1.36918247e-01 1.18826652e+00 1.02020574e+00
    -1.66986287e-01 -3.75268579e-01 3.82152438e-01 -3.20523739e-01
    2.88845062e-01 1.68933010e+00 2.97460139e-01 1.39455962e+00
    1.33449912e-01 1.57056785e+00 1.42046547e+00 -4.78081405e-01
    7.95471489e-01 1.53617382e+00 -4.67213899e-01 1.59523916e+00
    2.54296064e-02 -4.99794483e-02 5.70943117e-01 -3.36356997e-01
    5.68925202e-01 6.17811203e-01 -6.25650287e-02 -2.82848537e-01
    -3.63156080e-01 1.19952357e+00 2.52847433e-01 1.65422893e+00
    9.54363167e-01 -1.13297403e-01 -2.88357377e-01 3.47629011e-01
    -4.68359709e-01 5.79488277e-02 -1.01052523e-02 1.66719985e+00
    -1.98046565e-02 1.72242284e+00 1.47739112e-01 1.01105452e+00
    1.16384149e-01 3.57147872e-01 8.40956628e-01 5.15581608e-01
    -1.06985331e-01 1.09724069e+00 4.74485636e-01 1.36547613e+00
    4.40353334e-01 1.25109720e+00 -7.75955439e-01 4.03566957e-01
    -6.14195347e-01 8.36108148e-01 8.27809453e-01 5.02379477e-01
    8.05235207e-01 1.44872928e+00 1.67240286e+00 1.62609482e+00
    -3.42012048e-02 1.65768242e+00 -6.45532012e-02 7.49209404e-01
    1.21437788e+00 9.50068712e-01 8.61909628e-01 1.67860460e+00
    -7.70462394e-01 -1.21182203e-02 1.18290424e-01 9.95750070e-01
    -5.97054362e-01 -3.01373899e-01 3.23694944e-03 2.80628324e-01
    3.06364894e-02 5.87135553e-03 9.65476811e-01 7.69943357e-01
    -4.20985729e-01 1.26586604e+00 1.05897868e+00 3.34873676e-01
    1.24453449e+00 8.11349154e-01 2.32071340e-01 1.33841419e+00
    2.94315815e-02 -1.15687430e-01 1.08152342e+00 -7.96029568e-02
    1.39699507e+00 3.54892254e-01 1.58648384e+00 1.61514878e-01
    -7.09843576e-01 2.89140940e-02 1.22960818e+00 -6.48795247e-01
    -5.79748750e-02 -2.39608049e-01 1.99096560e-01 6.61550760e-01
    1.34394455e+00 5.98633289e-01 1.76494694e+00 1.62362528e+00
    1.14308417e-01 1.35655713e+00 6.95583582e-01 1.47003603e+00
    1.51969862e+00 2.85472274e-02 -1.34003520e-01 1.42164826e+00
    1.24330986e+00 5.50081789e-01 -4.94271785e-01 6.25965953e-01
    7.69281745e-01 1.06526446e+00 -1.47922516e-01 1.37414551e+00
    5.48085511e-01 1.22204649e+00 -5.87570906e-01 8.24604571e-01
    -6.94221258e-02 5.06574571e-01 1.64745271e-01 2.21421599e-01
    4.07992065e-01 -6.45628631e-01 -1.00273073e-01 -8.41248274e-01
    1.45331788e+00 3.65861416e-01 1.59317052e+00 1.17640221e+00
    1.02075028e+00 -5.16222715e-02 -3.29506457e-01 1.32492602e+00
    1.46003866e+00 -1.09706104e-01 -7.30720043e-01 6.98374987e-01
    5.51623464e-01 -1.05040610e-01 1.52709031e+00 8.04759502e-01
    -6.22542500e-01 1.54908979e+00 8.60096991e-01 7.78452098e-01
    5.74152231e-01 9.69585776e-01 1.76141572e+00 1.07862258e+00
    1.13620591e+00 -1.68222010e-01 6.43871129e-01 8.04818869e-02
    8.61153543e-01 -3.82424355e-01 1.68929160e+00 8.37910891e-01
    6.65600061e-01 -6.89895570e-01 1.17569709e+00 1.18327296e+00
    5.74011326e-01 2.90192485e-01 1.30537081e+00 5.55808604e-01
    -4.08369035e-01 3.12449992e-01 5.59733033e-01 1.24964166e+00
    1.51667464e+00 1.71968555e+00 -5.04601002e-03 1.70438170e+00
    -1.13170207e-01 1.90122068e-01 -7.64071763e-01 1.54060030e+00
    -5.07868290e-01 1.14095533e+00 1.61335647e-01 1.77108252e+00
    2.15765953e-01 6.80934012e-01 5.55428445e-01 -7.55103171e-01
    -7.30594933e-01 1.11680186e+00 4.97737110e-01 -6.97341561e-01
    -3.30484778e-01 1.27061176e+00 8.77411008e-01 4.12146270e-01
    6.03422999e-01 1.04828811e+00 8.25434148e-01 3.68909597e-01
    1.84899807e-01 7.70684481e-02 9.52786088e-01 7.34846890e-01
    2.07549930e-02 1.18491459e+00 9.99681115e-01 -3.06182206e-01
    4.99412239e-01 -1.99549437e-01 1.54131627e+00 4.37835217e-01
    1.08389056e+00 9.05909240e-01 1.02535677e+00 8.13427389e-01
    -5.58977127e-02 1.72067904e+00 1.36154580e+00 9.66245413e-01
    7.93204188e-01 7.84037471e-01 6.38526022e-01 1.67887032e-01
    -1.10697806e-01 7.10125148e-01 1.36977434e-02 8.92513394e-01
    7.28779435e-01 5.15028179e-01 8.11524034e-01 9.52518284e-01
    -3.29331636e-01 1.62345886e+00 -5.69893122e-02 -2.85351515e-01
    -1.02745771e-01 -5.69168329e-02 1.62550807e+00 3.62065613e-01
    -7.63718903e-01 -2.60833621e-01 -8.00431311e-01 1.45238340e+00
    5.13638437e-01 6.67706192e-01 -2.31473446e-02 1.58393502e+00
    1.27508616e+00 -3.12574148e-01 1.35188389e+00 1.33826065e+00
    6.49389684e-01 4.59280431e-01 -2.69053996e-01 3.55141222e-01
    4.19207573e-01 -4.56833720e-01 -4.67281044e-01 -4.82208580e-01
    -2.31552362e-01 5.94484270e-01 -7.07692683e-01 4.51598227e-01
    1.35881186e-01 -1.22548819e-01 1.34370995e+00 1.59766316e+00
    1.77322710e+00 1.46746039e-02 8.70760024e-01 4.99715030e-01
    3.07855725e-01 1.14972687e+00 1.46294546e+00 -2.69230604e-01
    1.62134886e-01 -2.96101928e-01 1.64550352e+00 4.43821967e-01
    5.47558844e-01 1.46780944e+00 4.75207984e-01 -8.23630214e-01
    3.05167913e-01 -5.62079906e-01 1.07443202e+00 1.56184530e+00
    1.48159528e+00 -1.84580982e-01 4.56000984e-01 1.63443196e+00
    -2.96625137e-01 4.39408958e-01 -6.22727036e-01 1.71092474e+00
    1.29938543e-01 1.45755434e+00 1.13082266e+00 1.37406588e+00
    1.17483687e+00 -4.11558270e-01 1.50231743e+00 5.68244338e-01
    1.15749753e+00 1.40343523e+00 -2.86438465e-02 2.40999579e-01
    1.89488530e-01 -2.87663877e-01 -4.76415962e-01 5.86870432e-01
    -2.83582509e-01 1.39928532e+00 -6.79985523e-01 -3.25919747e-01
    -6.86021805e-01 3.28980982e-01 -7.27424622e-01 -6.07739091e-01
    8.91155660e-01 4.83502209e-01 7.67944098e-01 7.37004817e-01
    1.01622641e+00 1.47870588e+00 1.44501400e+00 1.76500773e+00
    1.39725065e+00 -1.75408840e-01 1.74691725e+00 7.65038431e-01
    1.11903656e+00 1.84053755e+00 4.48566675e-03 1.32496428e+00
    1.33927929e+00 1.75294173e+00 -3.44514281e-01 1.77017784e+00
    1.46312308e+00 9.87190247e-01 -1.79906547e-01 9.99301314e-01
    -4.30142969e-01 1.14947653e+00 9.01928663e-01 -3.39348435e-01
    -4.25724357e-01 4.72076476e-01 -3.22010696e-01 -5.16634941e-01
    8.45512688e-01 -6.86063170e-02 -1.74078941e-02 1.25697541e+00
    -2.53688693e-02 2.59405851e-01 -4.22307014e-01 4.21545327e-01
    7.41352916e-01 -5.54443121e-01 7.74298668e-01 4.29994285e-01
    2.77034998e-01 6.57334030e-01 2.94225276e-01 5.44086099e-01
    1.24860632e+00 8.43810141e-01 -2.06588268e-01 -7.79386044e-01
    1.08267760e+00 1.99381709e-01 1.03992867e+00 4.71896529e-02
    1.66737509e+00 6.43974125e-01 2.31499076e-01 7.41588295e-01
    5.74269533e-01 -3.47221196e-01 1.06283665e+00 -6.24830604e-01
    -2.77618110e-01 1.72735000e+00 1.02937531e+00 6.51758850e-01
    7.40142643e-01 3.59752893e-01 1.69752121e+00 -6.85272455e-01
    4.39842105e-01 6.51727676e-01 1.15657663e+00 9.75942492e-01
    3.19787383e-01 3.70089769e-01 1.66950965e+00 6.50888801e-01
    2.69040287e-01 9.75029945e-01 1.47493589e+00 3.26137602e-01
    5.91170371e-01 1.68863320e+00 3.45454514e-01 -3.29028368e-02
    -1.98824644e-01 1.06950927e+00 -2.66632795e-01 1.35998917e+00
    1.79946673e+00 1.39025426e+00 8.29321325e-01 5.93689978e-01
    1.63409162e+00 -2.57963955e-01 1.54352665e+00 2.71649599e-01
    7.67374456e-01 6.58817470e-01 -6.55760884e-01 1.55664206e+00
    8.54590356e-01 4.27855134e-01 -4.00071502e-01 5.47382236e-02
    -2.58091450e-01 -4.46962893e-01 1.16555285e+00 6.34551942e-01
    6.31121874e-01 7.92643785e-01 -2.45564461e-01 -6.45597875e-01
    6.31101727e-02 3.80609095e-01 -2.74777174e-01 8.41141462e-01
    7.73672223e-01 1.60119295e+00 -7.67154872e-01 -7.15353549e-01
    7.07556427e-01 2.44393408e-01 -6.39812946e-02 1.15764880e+00
    8.71523261e-01 -1.89256847e-01 5.87704182e-01 2.73111165e-01
    -5.83651066e-01 2.68340349e-01 1.55906343e+00 1.71123981e-01
    1.05071032e+00 9.00873542e-02 2.29351163e-01 6.99251950e-01
    8.60160172e-01 1.07168198e-01 3.80303562e-01 9.34134185e-01
    5.24244249e-01 1.02038455e+00 6.25378788e-01 4.43424761e-01
    3.13440144e-01 9.35248494e-01 8.03793669e-01 -7.84647942e-01
    1.72534645e+00 -6.25034213e-01 -5.77017844e-01 4.33776677e-01
    1.01319981e+00 -2.98753440e-01 1.62261772e+00 1.41474223e+00
    3.33479106e-01 4.79730368e-01 4.24367189e-01 1.61271751e-01
    -2.06891298e-02 -5.26546121e-01 -2.16322005e-01 1.03074634e+00
    -5.23666203e-01 -5.26265562e-01 -4.54076529e-02 1.21076012e+00
    4.42161620e-01 1.02232480e+00 2.14753211e-01 1.31558776e+00
    1.77220333e+00 -7.79849708e-01 -6.59061790e-01 -4.88213301e-02
    7.58979678e-01 1.98192894e-01 -7.66189218e-01 -1.27708793e-01
    4.58734512e-01 1.08321965e+00 -8.41378033e-01 8.93936276e-01
    2.88664997e-01 7.35345542e-01 1.74529791e-01 9.65242684e-01
    -3.57957453e-01 1.19938791e-01 7.86213875e-02 5.98846436e-01
    -3.36328626e-01 1.28950429e+00 1.73407042e+00 1.30281711e+00
    1.74614394e+00 1.57531512e+00 1.13268304e+00 1.49282074e+00
    -2.61280358e-01 5.64544559e-01 2.50377297e-01 5.86060226e-01
    -6.09991670e-01 -3.70278448e-01 4.20166910e-01 1.45684099e+00
    6.20614290e-01 -5.92144370e-01 4.16522920e-01 1.14735985e+00
    1.00971794e+00 1.49527645e+00 1.39435720e+00 4.49584126e-02
    -5.85192978e-01 2.02797055e-01 2.22642899e-01 6.11295521e-01
    1.54097462e+00 2.06103623e-01 1.14394450e+00 5.04174948e-01
    -6.90282464e-01 -4.05541152e-01 4.93131280e-01 1.09567618e+00
    1.11324704e+00 8.93056095e-01 1.45873189e-01 9.10222352e-01
    -7.21131146e-01 -4.44586307e-01 8.61830533e-01 5.35325646e-01
    1.68084836e+00 -6.62477553e-01 1.36546409e+00 -4.33938831e-01
    4.71456289e-01 1.51453853e+00 3.40811133e-01 -1.63480997e-01
    -4.80360329e-01 1.49809885e+00 -6.61041737e-02 9.33022141e-01
    1.06685162e+00 1.54727364e+00 -4.88417178e-01 -6.34369671e-01
    1.59491134e+00 1.30955386e+00 6.35500014e-01 7.58769810e-01
    1.23423898e+00 -1.23959780e-01 1.24812865e+00 -2.90769190e-01
    1.13482475e-01 2.04566669e+00 4.13824618e-02 1.80858672e+00
    -9.01519358e-02 1.24606252e+00 1.87200546e+00 -1.99448466e-02
    -5.67659140e-02 -4.34411913e-01 1.35874438e+00 1.12146854e+00
    -1.66094363e-01 3.90171051e-01 1.19696903e+00 1.15981925e+00
    2.55451918e-01 1.25188994e+00 1.60964942e+00 1.14978099e+00
    -4.77241874e-02 2.56139338e-01 -4.72308248e-01 1.63202882e-01
    -1.44762993e-01 1.19443440e+00 -1.93645477e-01 8.32867742e-01
    1.25985432e+00 1.53811717e+00 1.45107365e+00 7.83405542e-01
    6.99089289e-01 -1.26092136e-01 1.64222527e+00 1.77070761e+00
    8.23997855e-02 7.52016604e-01 1.40112042e+00 5.42067230e-01
    1.02112007e+00 5.54734528e-01 -1.31976604e-02 1.34280181e+00
    1.14085269e+00 4.67181921e-01 8.86800885e-02 -2.39799738e-01
    1.65961945e+00 5.37436426e-01 1.18763793e+00 1.55467200e+00
    1.42787910e+00 -8.17871273e-01 7.55316138e-01 -7.65784085e-01
    1.35390234e+00 7.01265574e-01 -3.88209671e-01 -6.37557149e-01
    -7.75197566e-01 1.04218030e+00 -1.46429002e-01 9.43688869e-01
    1.50046659e+00 -5.30898571e-04 -6.86035812e-01 4.01313186e-01
    5.49638212e-01 -2.59645104e-01 1.54575658e+00 -3.40337843e-01
    1.29877281e+00 -6.42739654e-01 -6.88251138e-01 2.24221945e-01
    -1.99038863e-01 -4.45593774e-01 1.76904750e+00 -6.24748647e-01
    1.26800835e+00 3.82675529e-01 1.74385071e+00 5.93246222e-02
    -6.31199539e-01 -2.80355752e-01 -4.67926264e-01 1.02397609e+00
    9.60228145e-01 1.79423070e+00 6.48398221e-01 -2.40057707e-01
    -2.56935775e-01 1.83998764e+00 1.44250512e+00 1.78150630e+00
    -2.15264916e-01 9.60682631e-01 1.79250360e+00 8.43798876e-01
    9.29156005e-01 1.49726272e+00 1.71903968e-02 8.79928470e-02
    2.35528350e-02 1.05439353e+00 5.31690240e-01 1.69564354e+00
    8.41268837e-01 -2.62103796e-01 -3.41099441e-01 -1.93817377e-01
    2.19667673e-01 -2.92419791e-02 1.75294554e+00 -6.59328580e-01
    4.22945499e-01 -1.07187450e-01 1.55927992e+00 6.41105056e-01
    1.76270342e+00 1.56322181e-01 9.20816958e-01 -3.46333593e-01
    1.01835656e+00 1.44987178e+00 -6.67007565e-02 6.47748649e-01
    1.38779259e+00 1.31000400e+00 1.55359960e+00 5.52130640e-01
    1.08545327e+00 1.54098725e+00 -3.29271764e-01 2.67076492e-01
    -1.74905241e-01 1.01897597e+00 -3.39007139e-01 1.45277953e+00
    1.43539357e+00 1.02128386e+00 1.75743103e+00 7.69069374e-01
    5.40860295e-01 -4.61473882e-01 7.48470426e-02 -9.87907648e-02
    1.66637826e+00 9.85797167e-01 1.01144648e+00 -2.47233093e-01
    -4.93619561e-01 -5.92452884e-01 1.67084634e+00 1.15388763e+00
    -8.22357535e-01 -7.11395860e-01 1.63138103e+00 1.14210105e+00
    -3.99900675e-02 1.44344902e+00 8.69988739e-01 1.12329721e-01
    7.23544955e-01 7.94377327e-02 -2.72455096e-01 5.46146214e-01
    -7.20637739e-01 1.01344872e+00 1.14916325e+00 -5.63805759e-01
    1.29860687e+00 1.17679429e+00 -7.88846731e-01 -5.63094199e-01
    1.07354546e+00 2.71935463e-02 1.72239971e+00 1.64086437e+00
    -2.49845564e-01 7.59324729e-01 7.35227287e-01 -3.25212806e-01
    1.74284530e+00 1.40651870e+00 1.64617968e+00 7.25840926e-02
    -7.34640002e-01 -3.47104281e-01 2.58006215e-01 4.46367383e-01
    2.61534274e-01 1.21155667e+00 5.98270237e-01 2.57830024e-02
    1.66910708e+00 4.78891492e-01 1.66208076e+00 -8.47198367e-02
    -1.99723244e-01 -7.49013484e-01 -3.74187380e-01 -7.63204217e-01
    1.70328081e+00 -6.28980041e-01 -1.63877249e-01 6.89742267e-01
    8.86932552e-01 2.36319900e-01 1.70601881e+00 -7.02009201e-01
    4.89553213e-01 -2.21956372e-02 1.24304390e+00 1.68714583e+00
    8.63980055e-01 1.71973777e+00 3.55964780e-01 1.73442936e+00
    1.30948210e+00 1.17348051e+00 -5.74060917e-01 -5.13752222e-01
    -3.79871309e-01 3.38480949e-01 -5.90871394e-01 1.66622281e+00
    2.94211030e-01 -6.19352221e-01 1.24636829e-01 7.28937566e-01
    8.70379925e-01 -6.16686940e-01 1.69894910e+00 2.57450461e-01
    7.61920214e-03 1.03847456e+00 -3.21163207e-01 1.02940106e+00
    6.57211840e-01 -6.96994126e-01 6.44155800e-01 1.32082486e+00
    1.77867723e+00 -1.85674548e-01 1.80855024e+00 7.52642691e-01
    1.59578776e+00 3.59253287e-02 1.46749175e+00 8.61591220e-01
    8.63714814e-01 1.05131876e+00 3.52802157e-01 1.92520428e+00
    8.52647543e-01 4.96762097e-01 1.24874043e+00 -2.47472525e-01
    -3.27765644e-02 -1.96364105e-01 3.23258996e-01 9.78856921e-01
    1.53184438e+00 -6.47586524e-01 8.22881460e-01 -2.23029673e-01
    1.06836331e+00 3.60596955e-01 1.49772882e+00 2.39978075e-01
    3.09696376e-01 8.49098384e-01 5.15264452e-01 5.91138601e-01
    1.72858143e+00 -4.99103218e-01 1.64891779e+00 1.74937844e+00
    1.62401867e+00 -5.59836149e-01 2.33153701e-01 1.69444346e+00
    1.44704604e+00 -9.01216269e-02 -1.28742695e-01 -1.06570959e-01
    1.17985487e+00 -4.10369277e-01 1.49354327e+00 2.31179833e-01
    9.69658971e-01 -6.36149347e-01 3.15269470e-01 5.05039155e-01
    2.19053268e-01 -6.84072256e-01 -9.27215815e-03 1.04725277e+00
    -4.54259098e-01 -3.21867138e-01 1.04290152e+00 -5.57421565e-01
    1.54391563e+00 -5.51489651e-01 -2.10729241e-02 -6.51494861e-01
    -3.18009138e-01 4.83834863e-01 1.08647180e+00 -3.63353968e-01
    1.10897398e+00 1.27519417e+00 1.39653552e+00 1.51531887e+00
    7.19629347e-01 1.07824302e+00 -5.00211596e-01 5.64631581e-01
    1.61451077e+00 8.44096184e-01 1.41774154e+00 -4.40202802e-01
    -5.58104157e-01 6.73970461e-01 4.86119568e-01 -5.54454684e-01
    1.35152411e+00 7.72092938e-01 3.07622969e-01 9.33581352e-01
    1.37317038e+00 -3.50562841e-01 -7.59050310e-01 2.62435675e-01
    1.11920476e+00 2.90770769e-01 1.66275024e+00 1.53638721e+00
    -7.79269338e-02 8.01187754e-02 1.36370063e+00 1.60004640e+00
    -6.20048881e-01 -4.50413227e-02 -6.38439655e-01 -5.56137681e-01
    3.60906661e-01 1.46199226e+00 -3.25323075e-01 -3.43611270e-01
    1.32897496e+00 -1.24923050e-01 -5.28489590e-01 4.95160162e-01
    1.22530341e+00 1.09796190e+00 5.89893997e-01 1.16406488e+00
    1.31947052e+00 -2.82194018e-01 1.09227848e+00 6.14452183e-01
    1.80261314e+00 -1.25665963e-01 -5.99046409e-01 -1.17116690e-01
    7.04866767e-01 -5.65067947e-01 1.34166658e+00 -7.24853396e-01
    -3.17549258e-01 4.17691946e-01 1.41589475e+00 4.02501702e-01
    6.31206512e-01 1.11041725e-01 -1.86308920e-01 -7.92288244e-01
    -4.22277719e-01 1.44821739e+00 7.73511589e-01 -5.16533613e-01
    1.32918787e+00 1.37905097e+00 1.78550887e+00 -7.79378057e-01
    1.29399037e+00 -4.10329551e-01 4.09947753e-01 6.56331539e-01
    1.39235306e+00 -6.21699750e-01 1.01587009e+00 1.31472814e+00
    1.49723887e+00 -7.48133659e-02 6.45679772e-01 -6.39387429e-01
    1.50853825e+00 1.12034798e+00 8.01655650e-01 -4.00005281e-01
    4.68876004e-01 1.10936522e+00 1.49676800e-01 1.03310597e+00
    3.24727297e-02 -2.74784029e-01 -2.09952593e-02 8.42500329e-02
    1.09517288e+00 -3.47470194e-01 -7.42536724e-01 -1.25340402e-01
    -3.79475951e-02 1.09198046e+00 6.60303473e-01 1.16332293e+00
    -7.41128325e-01 -2.32520223e-01 5.22964239e-01 1.46323061e+00
    -4.39288944e-01 5.99990547e-01 1.36654782e+00 1.01594377e+00
    -1.16754234e-01 1.29725146e+00 8.86805296e-01 1.77505898e+00
    -7.95305312e-01 -2.25872934e-01 -2.69650340e-01 7.97737777e-01
    -3.32775354e-01 1.55504262e+00 1.46705544e+00 5.44222414e-01
    -4.96616215e-01 1.04305720e+00 -6.65646553e-01 -2.29333878e-01
    -5.62185049e-02 -6.39714718e-01 8.86579633e-01 -3.57662678e-01
    1.37206459e+00 2.04991758e-01 9.50992107e-03 -9.93388891e-03
    -6.71187520e-01 1.18608379e+00 1.27646244e+00 -7.32543707e-01
    3.77167404e-01 -1.56803608e-01 1.06760168e+00 8.03084612e-01
    1.45726848e+00 6.23111784e-01 7.65615225e-01 2.59489000e-01
    -3.17751229e-01 1.19117367e+00 -8.45264077e-01 8.60439241e-01
    4.72743690e-01 1.09313381e+00 2.57316291e-01 3.64746749e-01
    2.78195322e-01 7.87085474e-01 -7.94566274e-02 -1.85958266e-01
    1.14551282e+00 2.71295130e-01 -5.93868256e-01 1.00182009e+00
    -7.58346617e-01 1.52773583e+00 9.17476654e-01 -2.18880832e-01
    1.57170260e+00 1.53334868e+00 -2.88287699e-01 1.61071110e+00
    -4.12112594e-01 -2.06546307e-01 -6.44079685e-01 4.65742886e-01
    -1.04710698e-01 1.73383236e+00 -3.83003235e-01 -6.79741800e-01
    -1.93671405e-01 9.61359203e-01 1.38879299e+00 2.83208072e-01
    -3.77193213e-01 3.48935068e-01 -5.58054209e-01 1.58491588e+00
    1.08119524e+00 2.55299151e-01 -2.22621143e-01 -2.86278009e-01
    1.72934914e+00 -2.19439626e-01 -2.07949281e-02 9.57713127e-01
    2.78955936e-01 5.43487072e-01 1.83557606e+00 7.94010282e-01
    1.21450520e+00 -1.12181783e-01 1.02320957e+00 1.29236770e+00
    6.93277121e-02 1.32578111e+00 1.61142468e+00 9.56386745e-01
    1.66442990e-01 1.25412488e+00 1.67566371e+00 -7.76272297e-01
    7.26042390e-02 -3.64028752e-01 4.46116805e-01 5.40838599e-01
    4.99706328e-01 1.59768140e+00 1.72191668e+00 -2.04262793e-01
    -3.16159308e-01 3.50526273e-01 5.15354812e-01 -6.30050242e-01
    6.58954382e-01 -2.68848002e-01 6.41353905e-01 -6.17666960e-01
    1.13846791e+00 1.51709175e+00 -5.11582494e-01 1.73520827e+00
    1.17962265e+00 7.24549472e-01 1.72741711e+00 -6.67311370e-01
    1.40293849e+00 -1.80245936e-01 3.50300074e-02 -6.75423920e-01
    -2.28381991e-01 3.18451941e-01 1.76520348e-02 1.30917454e+00
    -7.08897114e-01 -6.42894983e-01 1.28783178e+00 1.34194970e-01
    6.61573172e-01 1.07900405e+00 8.70066881e-01 1.17689574e+00
    -7.04870164e-01 4.87268567e-02 1.41673315e+00 1.45375359e+00
    -7.74268985e-01 6.64648533e-01 1.06666875e+00 9.16553497e-01
    1.26251447e+00 1.39359593e-01 5.62224150e-01 -7.15410233e-01
    -5.53033352e-01 1.09357417e-01 4.43960845e-01 7.36274481e-01
    -2.97189951e-01 5.66432595e-01 5.21308124e-01 4.12987769e-01
    2.31673837e-01 1.22389817e+00 -2.95448542e-01 8.70277286e-02
    -4.77133512e-01 1.12020802e+00 8.65888000e-02 1.23088861e+00
    1.74207067e+00 1.30883050e+00 3.98483157e-01 8.68910432e-01
    -4.42260861e-01 1.92153513e-01 5.30144989e-01 2.01116025e-01
    1.46122599e+00 1.47616243e+00 3.54997337e-01 1.17080212e-02
    8.72663498e-01 1.72370851e+00 -6.59624338e-02 1.63094115e+00
    1.06933665e+00 1.22418547e+00 8.72203052e-01 -1.29220068e-01
    1.64529657e+00 6.26998901e-01 2.57552743e-01 4.96348858e-01
    8.88107777e-01 -2.05794573e-01 5.05172789e-01 -1.88408554e-01
    -1.36860013e-01 8.10291827e-01 1.24986863e+00 1.70675182e+00
    1.18398488e+00 9.39989924e-01 1.67005491e+00 7.70958662e-01
    1.48617280e+00 -5.75373471e-01 4.86575365e-01 -2.82116771e-01
    -1.49653196e-01 4.49329674e-01 1.28535271e+00 -4.15655673e-01
    -2.55568266e-01 -7.38000810e-01 9.96708691e-01 -3.54658097e-01
    1.74778461e-01 1.14302969e+00 1.63899875e+00 -6.09982848e-01
    3.62833500e-01 -3.54339093e-01 9.80797410e-02 3.87921453e-01
    2.57002831e-01 -2.56565928e-01 1.73450828e+00 9.80345964e-01
    6.77279592e-01 -7.25901127e-01 -6.22773111e-01 8.51631105e-01
    3.87735009e-01 6.25612915e-01 1.84189975e-01 -4.06618536e-01
    -6.11879766e-01 4.52973127e-01 1.31766915e+00 3.94080877e-01
    1.23147821e+00 -6.25379205e-01 -1.56991899e-01 1.58658481e+00
    1.71915710e+00 6.87007308e-01 -4.51860309e-01 3.21703136e-01
    1.72882915e-01 1.13241529e+00 5.06249964e-01 9.97436345e-01
    -4.55765128e-02 -7.59065211e-01 3.21964085e-01 1.16884506e+00
    1.48631001e+00 1.54586971e-01 -6.32860601e-01 -3.97926122e-01
    3.76913846e-01 -6.13641739e-01 4.33268726e-01 9.23357844e-01
    6.15704536e-01 -3.75648439e-01 9.36729014e-01 8.48534346e-01
    1.57480443e+00 1.50849986e+00 -4.96760786e-01 8.49713266e-01
    1.67415953e+00 1.28485847e+00 8.58945906e-01 -7.60667145e-01
    -3.92591625e-01 1.80856168e+00 -5.19431472e-01 1.04919076e+00
    1.00515628e+00 1.16253924e+00 -3.81223738e-01 3.09063315e-01
    4.63667333e-01 1.80554342e+00 -7.67264426e-01 1.63505900e+00
    1.76221251e+00 7.07012951e-01 1.35998905e+00 4.97047305e-02
    1.47250605e+00 -1.11907125e-02 5.69268346e-01 4.70832884e-01
    7.42172837e-01 8.84021342e-01 1.61315429e+00 7.81571686e-01
    -6.73301280e-01 -3.75517011e-02 1.59773517e+00 1.04823208e+00
    1.64074826e+00 -3.92624170e-01 1.74512076e+00 1.30220306e+00
    -4.85191286e-01 -7.93875575e-01 -4.71930832e-01 3.13934028e-01
    -8.13490152e-03 1.09681034e+00 1.79547441e+00 1.15858030e+00
    9.73126113e-01 1.79256940e+00 2.60935843e-01 -7.76468515e-01
    9.37097132e-01 6.49933934e-01 1.21255660e+00 4.13104951e-01
    -2.33939886e-01 1.57500553e+00 -7.43185163e-01 1.77337396e+00
    -2.19110429e-01 1.17519975e+00 1.14092660e+00 -7.00199008e-02
    1.63991070e+00 4.08517897e-01 1.73483789e+00 1.31442213e+00
    3.58352661e-02 1.28512192e+00 1.86426473e+00 2.21750855e-01
    1.26815128e+00 9.62570488e-01 -7.68965483e-03 1.52195776e+00
    2.03981066e+00 7.91589916e-02 -5.08994699e-01 4.83422577e-01
    -3.11422050e-01 1.51973987e+00 1.56867790e+00 -1.59005165e-01
    2.66287506e-01 -3.16243112e-01 1.69870996e+00 -2.49273598e-01
    1.71303368e+00 -2.75271654e-01 1.14304304e-01 -7.64456213e-01
    -5.15154004e-01 1.63801813e+00 -7.51230776e-01 1.12409031e+00
    8.06590319e-02 -2.35214829e-02 -6.61025941e-01 -6.29174531e-01
    -9.09503102e-02 -6.07411802e-01 1.56074142e+00 2.84895897e-01
    1.11437631e+00 9.49335277e-01 4.21140432e-01 8.23909223e-01
    -1.81142986e-01 1.69540048e+00 7.68053830e-01 -7.00664699e-01
    7.79935837e-01 8.68625343e-01 -3.33863914e-01 8.89580131e-01
    -3.39656979e-01 1.12533998e+00 -4.06177938e-01 3.47882807e-01
    -1.70191407e-01 3.21322978e-01 1.10788536e+00 1.30385876e-01
    3.07217956e-01 6.96665645e-01 9.97419357e-02 5.25291443e-01
    -5.99384427e-01 5.74099064e-01 1.67827964e+00 9.91247654e-01
    2.61765182e-01 -4.41541761e-01 9.00882900e-01 -5.39123952e-01
    1.25248837e+00 1.72425115e+00 4.87273455e-01 1.26133442e-01
    1.26351345e+00 1.01047659e+00 1.15476036e+00 -6.91860020e-01
    -3.42485547e-01 3.44019830e-01 5.79485834e-01 1.07013822e+00
    1.51450598e+00 1.00981474e-01 -5.17304301e-01 3.01569521e-01
    -4.16041017e-02 -6.39693141e-01 8.81441414e-01 1.38580811e+00
    3.43409538e-01 -6.27113402e-01 -5.82530618e-01 -6.56665564e-01
    1.60472369e+00 5.68237305e-02 9.73869920e-01 9.45477843e-01
    1.79478586e+00 1.66672409e+00 -5.99941313e-01 8.99266541e-01
    -3.73444468e-01 1.40625298e+00 7.72499859e-01 5.75008452e-01
    1.20725846e+00 5.37022948e-01 1.14962482e+00 2.42300630e-02
    1.50962996e+00 2.99820065e-01 8.37187231e-01 1.14873290e+00
    1.50576138e+00 -5.92109859e-01 4.63131607e-01 -1.62722468e-02
    1.05515432e+00 8.86448383e-01 -6.07168615e-01 1.30606711e-01
    1.06609654e+00 -7.88432360e-02 2.20928013e-01 5.11902332e-01
    1.42280674e+00 1.47082949e+00 1.68252182e+00 4.29781914e-01
    1.75897229e+00 1.64286470e+00 1.28623509e+00 4.15047824e-01
    1.75104833e+00 3.00364494e-01 1.22865057e+00 9.31138158e-01
    3.23589265e-01 -4.53923047e-01 1.37871313e+00 1.53525996e+00
    1.03651297e+00 9.67718661e-01 1.66955590e-02 1.55453634e+00
    -3.41070682e-01 1.71330130e+00 -2.31752396e-02 1.24578679e+00
    1.61325669e+00 1.36049211e-01 -3.06459486e-01 -6.51870310e-01
    5.97531855e-01 1.46467400e+00 7.16385305e-01 1.25638831e+00
    1.32890201e+00 1.54206598e+00 9.51225400e-01 -2.79690504e-01
    7.23382294e-01 2.76767135e-01 1.56224465e+00 -8.00587833e-01
    1.52316988e-01 1.08549714e+00 2.04176545e-01 1.58786070e+00
    1.48044705e+00 3.06058347e-01 6.10748827e-01 8.43676150e-01
    1.33889079e-01 1.10027766e+00 2.24505663e-01 -4.19254482e-01
    1.75656354e+00 -6.04597330e-01 3.90229344e-01 5.59789836e-01
    1.76937330e+00 1.08015108e+00 1.52441156e+00 1.73531258e+00
    8.35465252e-01 3.73880386e-01 6.90102696e-01 1.40265512e+00
    1.79717851e+00 5.17501652e-01 4.78959978e-01 2.38955021e-04
    6.32853210e-01 -6.96040869e-01 4.77073967e-01 9.71464694e-01
    2.95621693e-01 1.74664521e+00 1.85847342e+00 -4.21285868e-01
    -7.49050617e-01 9.66140151e-01 1.80375803e+00 1.08594537e+00
    5.36683917e-01 -4.73813862e-01 1.05921578e+00 1.59401989e+00
    -8.01299989e-01 1.23846495e+00 1.12389851e+00 -3.41004044e-01
    1.10873449e+00 -1.18442059e-01 -1.23951197e-01 1.47848058e+00
    1.86148465e-01 -3.97029042e-01 8.14407706e-01 -4.53126907e-01
    7.31867790e-01 -3.61246467e-02 1.62375522e+00 5.13402343e-01
    1.31484509e+00 8.57598841e-01 7.18166232e-02 1.48898411e+00
    -5.89931726e-01 1.62360823e+00 1.36723685e+00 1.39973807e+00
    -4.99234408e-01 8.11915398e-02 1.00073755e+00 4.77848887e-01
    1.47312546e+00 -3.11883390e-01 1.22414947e+00 -1.66611671e-01
    8.43485713e-01 3.95705402e-01 -2.70977378e-01 1.28062630e+00
    1.40223479e+00 -5.83699763e-01 -5.09162068e-01 -7.12430537e-01
    1.31673539e+00 8.92840624e-01 -2.56250858e-01 1.28414261e+00
    1.19848967e+00 4.46370244e-02 -3.39469910e-02 7.77708948e-01
    1.17432332e+00 -4.06494886e-01 8.39409709e-01 3.04550588e-01
    2.82371461e-01 -1.60578161e-01 8.10587525e-01 2.69454956e-01
    1.31323719e+00 7.01657295e-01 1.33587682e+00 -2.25841612e-01
    4.49704766e-01 -5.55974960e-01 8.76416028e-01 8.14037919e-01
    4.66875672e-01 4.83751476e-01 1.26964331e-01 7.88689733e-01
    -4.77471024e-01 -6.54425681e-01 -3.50254953e-01 9.54050362e-01
    -2.04086125e-01 1.77945542e+00 1.75272119e+00 1.78023672e+00
    2.57164240e-03 1.47704780e-01 -7.59466887e-01 9.03094232e-01
    1.73821723e+00 -7.39916921e-01 1.65413952e+00 -1.04026973e-01
    1.23059380e+00 8.35007071e-01 9.53870296e-01 -6.57234967e-01
    6.79402769e-01 1.07238865e+00 1.03110504e+00 9.43156004e-01
    1.09579623e-01 5.55540740e-01 8.94627988e-01 1.18880916e+00
    6.90097094e-01 1.79320991e-01 1.55648971e+00 -2.77076066e-01
    9.00591075e-01 -9.87154245e-03 1.41085124e+00 6.13481939e-01
    8.59523416e-02 -3.81681323e-01 8.13934505e-01 6.16895795e-01
    -7.71190166e-01 1.32013106e+00 -4.05860066e-01 8.38308930e-01
    4.49506462e-01 2.58759439e-01 1.40273297e+00 1.29147005e+00
    9.53306854e-01 -8.01670372e-01 1.67008376e+00 -1.05393529e-01
    1.04574752e+00 1.01459694e+00 1.72928488e+00 9.76289511e-01
    1.76629591e+00 1.38421869e+00 9.37671721e-01 2.70811737e-01
    4.01890278e-02 1.04324925e+00 7.94753611e-01 1.10070658e+00
    8.32227349e-01 -5.83015382e-01 1.31639171e+00 1.50877857e+00
    2.58459449e-01 1.38469505e+00 4.63879108e-03 4.22088385e-01
    -6.34382486e-01 7.25139797e-01 6.37373567e-01 -5.65536499e-01
    1.39180684e+00 -1.37912691e-01 1.10515308e+00 1.98064983e-01
    8.80935013e-01 1.25563884e+00 -6.04948819e-01 1.14349484e+00
    -1.52260005e-01 -1.41750634e-01 6.98682368e-01 -5.29187679e-01
    1.11701930e+00 8.52100074e-01 -2.18437433e-01 1.17492366e+00
    3.30991566e-01 6.40041113e-01 9.44823384e-01 1.23142099e+00
    9.06660974e-01 1.30193579e+00 5.50910532e-01 -1.05994701e-01
    9.35869634e-01 2.62362063e-01 1.07058430e+00 1.16746831e+00
    1.30226803e+00 1.73228693e+00 -3.19450885e-01 1.31416118e+00
    8.44046891e-01 4.20525610e-01 -6.53915286e-01 1.65670121e+00
    1.60138011e+00 1.72959375e+00 1.52622414e+00 1.26970923e+00
    -7.91019678e-01 9.05565202e-01 1.54575920e+00 6.37045026e-01
    2.64191926e-01 6.42900467e-02 1.60727191e+00 7.61254251e-01
    -4.90556329e-01 -2.23767042e-01 -1.06663108e-01 2.45691359e-01
    1.53759956e+00 -5.74206114e-02 -4.18716639e-01 8.87597024e-01
    1.12036777e+00 3.81501198e-01 5.58062911e-01 -2.22157180e-01
    1.79247475e+00 1.00442052e-01 7.35193789e-01 3.90960991e-01
    1.63284791e+00 1.20493770e+00 -5.02497733e-01 8.04501534e-01
    8.52553785e-01 1.81668079e+00 1.38600171e-01 9.78284121e-01
    5.47698498e-01 1.05773163e+00 9.50439692e-01 1.59852743e+00
    -4.27862585e-01 -5.49146175e-01 -1.55001998e-01 1.55032301e+00
    4.14966464e-01 -5.18224239e-01 -1.70238495e-01 9.85021889e-01
    6.83567762e-01 -8.79047513e-02 -3.89541864e-01 3.82182717e-01
    -6.18541241e-01 1.55951023e+00 2.05901980e-01 -1.13183916e-01
    -6.59991741e-01 -4.65994447e-01 1.36193967e+00 -9.77754593e-04
    7.81791151e-01 -1.89360559e-01 1.14215434e+00 9.78927732e-01
    6.67460859e-01 -4.54136729e-02 1.47770357e+00 -1.82551622e-01
    7.16777205e-01 1.58985090e+00 1.63223088e+00 -6.27847910e-01
    -5.61928153e-01 7.01938391e-01 -7.52709448e-01 1.37411261e+00
    1.41020906e+00 1.01389337e+00 -6.34610355e-01 8.81574392e-01
    1.33206141e+00 7.41383433e-02 1.66839492e+00 -4.49252635e-01
    -9.70005989e-03 -2.85449982e-01 1.67935812e+00 1.46722364e+00
    -2.20988214e-01 2.06878543e-01 3.46085131e-01 6.19166195e-01
    1.61947227e+00 8.74264479e-01 5.46042621e-01 3.89360309e-01
    -1.89627290e-01 1.79498792e-01 -6.78998709e-01 -2.90988088e-02
    -7.59864450e-01 6.11901879e-02 -3.01946580e-01 2.13537812e-02
    -5.43476343e-02 -9.65573788e-02 1.47303152e+00 1.80099773e+00
    2.38843381e-01 3.88978958e-01 1.11985135e+00 -3.55722427e-01
    1.58622456e+00 -2.05231309e-01 7.64424562e-01 1.51488125e+00
    -4.24661040e-02 4.81038809e-01 1.50273526e+00 3.28059137e-01
    1.55873120e+00 7.88564026e-01 4.67824340e-01 1.51830912e-02
    6.51848316e-03 1.18654370e-01 1.80658293e+00 9.19893026e-01
    1.81041920e+00 1.43975496e-01 -1.31907851e-01 1.04456186e+00
    2.10874200e+00 1.74802399e+00 -4.82710540e-01 -5.19049346e-01
    2.40764618e-02 9.58210051e-01 1.82846069e+00 2.99973428e-01
    9.51517224e-01 1.38207960e+00 -5.97539663e-01 1.33569956e+00
    -1.20861113e-01 1.44139385e+00 1.49131119e+00 -4.17868912e-01
    -4.53434885e-01 6.31509066e-01 1.76706004e+00 -5.91707230e-03
    1.43379855e+00 9.38665509e-01 1.87587917e-01 9.49126422e-01
    -1.15609229e-01 6.84371114e-01 1.10496187e+00 -2.99545735e-01
    1.33582604e+00 1.75004852e+00 -2.06080139e-01 1.68591571e+00
    9.00083780e-03 8.78886402e-01 -1.49118721e-01 -6.86319709e-01
    1.16433430e+00 4.18393433e-01 1.44833100e+00 1.30929232e-01
    1.10812032e+00 2.89777696e-01 1.09049845e+00 9.44030881e-01
    4.68114376e-01 1.74363840e+00 1.47873902e+00 -4.16055977e-01
    -7.65887737e-01 1.63446999e+00 -9.82036591e-02 1.00829160e+00
    -5.86940169e-01 1.54687405e+00 4.90748048e-01 1.13065815e+00
    -1.14107728e-02 8.37941647e-01 1.41215432e+00 -5.23874760e-01
    1.26441836e+00 1.47204435e+00 6.70129597e-01 1.53470612e+00
    4.11747396e-01 -5.26117623e-01 -4.48361218e-01 1.59493971e+00
    1.34765363e+00 1.27007627e+00 1.66638851e+00 5.77780724e-01
    3.88260007e-01 2.09453225e-01 1.30141032e+00 1.09826350e+00
    4.47578847e-01 3.58639479e-01 1.23026705e+00 8.08282971e-01
    -2.66329348e-01 1.70468330e-01 1.07881689e+00 -3.88041884e-01
    -5.75417221e-01 1.01344931e+00 8.30252528e-01 1.04520559e+00
    -7.30122209e-01 1.33926821e+00 -3.63502383e-01 -4.48544830e-01
    1.62908792e+00 5.49030900e-02 2.46541560e-01 1.49451089e+00
    -3.65462035e-01 -1.76979065e-01 -1.09501421e-01 -7.37453461e-01
    6.75382257e-01 -1.77578032e-01 -2.60156155e-01 1.57958984e-01
    4.40382361e-02 -7.32328057e-01 -2.80042887e-02 1.36561894e+00
    9.29105461e-01 -6.38842940e-01 -2.20074356e-01 -6.07343912e-01
    -2.69147336e-01 -1.93366945e-01 1.29708505e+00 1.82473660e-02
    8.73734951e-01 1.40020192e+00 7.17651963e-01 1.72275472e+00
    7.04147339e-01 3.75001788e-01 9.77473676e-01 -7.73398638e-01
    -3.77988696e-01 3.41108739e-01 -3.54629219e-01 -7.86414981e-01
    1.03584945e-01 1.01445389e+00 8.23018909e-01 -8.04543912e-01
    4.72723186e-01 1.29511929e+00 1.46000791e+00 5.14277697e-01
    2.29911864e-01 -2.61107266e-01 6.62045479e-02 1.22632313e+00
    2.02643275e-01 8.03333580e-01 5.43566048e-01 2.45200813e-01
    2.88365304e-01 5.26113570e-01 5.56764066e-01 1.20880008e+00
    1.68731380e+00 -5.63548684e-01 7.99049735e-02 7.82017171e-01
    -7.34082043e-01 -3.61972421e-01 8.51602733e-01 -8.92053843e-02
    1.34807897e+00 5.69878817e-02 1.74309790e-01 1.44312644e+00
    1.08754706e+00 -4.36372161e-01 1.29204583e+00 2.35179543e-01
    8.27285469e-01 1.79320455e-01 1.68553245e+00 1.52776039e+00
    2.30218530e-01 8.38708401e-01 -7.77987838e-02 3.75569284e-01
    1.37453485e+00 3.80362868e-01 1.60275698e+00 -1.55372739e-01
    -7.35066712e-01 1.47757030e+00 7.87861109e-01 1.11435580e+00
    -3.56664091e-01 8.62279177e-01 1.71417773e-01 6.27514660e-01
    -6.99794888e-02 -5.58767200e-01 3.69132698e-01 -4.23638165e-01
    5.52762508e-01 5.13404071e-01 -3.36466312e-01 7.01802969e-02
    -3.63415718e-01 -6.16164804e-01 1.49035811e-01 -5.87372661e-01
    -1.90821767e-01 1.75515127e+00 1.04902506e+00 1.63061464e+00
    -6.36499107e-01 7.70102501e-01 1.09824610e+00 7.15531886e-01
    1.79905713e-01 1.97519124e-01 -3.22069287e-01 5.85113227e-01
    5.44371247e-01 1.08655095e-01 8.85817766e-01 1.68818784e+00
    1.08986497e-02 -1.34552300e-01 -4.11081791e-01 4.38998759e-01
    4.49010611e-01 1.54442191e-02 -2.17571020e-01 -4.88999039e-01
    -7.03346491e-01 1.51907945e+00 7.97849298e-02 1.67670262e+00
    2.98173785e-01 1.55710673e+00 -4.48689073e-01 -1.01991832e-01
    6.38881624e-01 -6.33076668e-01 6.97273731e-01 1.67520118e+00
    -1.88517451e-01 4.31770682e-01 -4.60047156e-01 -2.98812211e-01
    -6.16397977e-01 1.03247821e+00 1.40879333e+00 1.03023076e+00
    1.13523221e+00 6.92373514e-01 3.61447334e-02 -8.57221484e-02
    1.22705626e+00 3.58166993e-01 -4.46303993e-01 -1.36114299e-01
    1.04330671e+00 -9.75237489e-02 -1.27362013e-02 -2.51779139e-01
    1.75859618e+00 5.95989108e-01 1.19128716e+00 1.35374725e-01
    2.72478491e-01 2.07687664e+00 2.40868092e-01 -5.06994486e-01
    8.96890163e-01 -1.26976013e-01 1.77106357e+00 -2.86206722e-01
    1.29952049e+00 1.70461941e+00 9.87248361e-01 7.15098083e-01
    -9.28203464e-02 -8.44439685e-01 1.25158358e+00 1.16101980e-01
    -9.31113958e-02 4.19436991e-01 1.41775680e+00 8.91656041e-01
    1.06161439e+00 8.54926646e-01 -7.97628760e-01 -5.93952954e-01
    2.76839793e-01 -7.75482178e-01 -2.65090704e-01 6.37642264e-01
    1.58161163e-01 4.75708842e-01 -1.40168786e-01 1.14260507e+00
    7.22157419e-01 3.56760383e-01 1.42000198e+00 1.27727222e+00
    -7.29036033e-01 1.27507281e+00 1.31626558e+00 3.33681583e-01
    1.77843964e+00 -3.07477504e-01 1.71802258e+00 -1.26174271e-01
    1.81710482e-01 1.77299094e+00 -4.43441719e-01 -7.51726389e-01
    4.61978078e-01 1.52361476e+00 1.62518656e+00 1.31602883e+00
    8.10639441e-01 1.19560599e-01 -8.24536383e-01 -2.55830646e-01
    1.73213446e+00 -3.96841586e-01 1.03581500e+00 1.40924215e+00
    -3.89513314e-01 2.77647734e-01 6.77825749e-01 -2.06690490e-01
    -1.64667130e-01 1.29394114e+00 9.94381547e-01 2.57979214e-01
    -6.93136275e-01 1.46228456e+00 -2.32795775e-01 8.17487240e-01
    1.72489893e+00 -7.78904021e-01 9.89440680e-01 2.58294582e-01
    5.46556115e-02 -7.66311705e-01 4.12930846e-02 1.42409015e+00
    1.66030550e+00 -2.60367811e-01 -2.22482204e-01 -1.14405453e-01
    2.96783209e-01 1.33091533e+00 1.08091259e+00 6.59600139e-01
    9.39523399e-01 7.35074699e-01 8.63252163e-01 1.33069384e+00
    8.84240508e-01 -6.40170038e-01 1.32936978e+00 -2.35834062e-01
    7.22712517e-01 8.24377716e-01 1.53264165e+00 1.00010002e+00
    1.53952444e+00 1.47380269e+00 1.81632900e+00 1.86082721e-01
    -3.81590724e-01 1.09228730e+00 3.72641206e-01 5.70832372e-01
    1.71292293e+00 -6.95540309e-01 5.71808279e-01 -5.80920398e-01
    4.51672375e-01 -4.12058145e-01 2.79596210e-01 -1.26807630e-01
    2.00403690e-01 6.57576323e-03 -1.57014132e-01 6.21841133e-01
    4.30695772e-01 1.62420917e+00 3.38179827e-01 -5.68275869e-01
    1.20254254e+00 9.83569801e-01 -6.50716424e-02 -5.93696833e-01
    -7.40497708e-01 2.86728740e-01 1.07117808e+00 8.69492829e-01
    -6.70069516e-01 1.18482125e+00 5.08699954e-01 1.39245164e+00
    5.88476658e-01 4.22575533e-01 2.69438505e-01 -6.80786371e-01
    8.68688822e-02 -1.70953453e-01 6.24013841e-01 -6.23608112e-01
    9.17683899e-01 -7.76674449e-01 9.13860083e-01 -1.72952354e-01
    -6.60563469e-01 1.71071959e+00 -2.68094122e-01 -4.42630261e-01
    8.66487563e-01 7.11887717e-01 7.11787879e-01 1.42817128e+00
    1.62319005e-01 -2.06107080e-01 -2.52130747e-01 7.20568538e-01
    1.55733228e+00 -4.37733829e-01 5.42865813e-01 8.81140769e-01
    1.49746227e+00 8.92265141e-01 1.56798267e+00 -7.37384200e-01
    9.00053024e-01 5.12965381e-01 1.37511086e+00 1.32104790e+00
    9.53656077e-01 7.58286536e-01 2.14499235e-03 1.76811600e+00
    3.67684722e-01 3.65682542e-01 -6.89711571e-01 5.17813563e-01
    1.30139971e+00 -1.93854988e-01 -7.83023596e-01 -3.20580006e-02
    1.60673440e+00 8.55823219e-01 -1.79640472e-01 -2.11380720e-02
    3.50354433e-01 -2.83920765e-03 9.19940591e-01 -2.99844682e-01
    3.81866455e-01 1.08945417e+00 -1.64417446e-01 1.73235345e+00
    -2.99098313e-01 -1.32214963e-01 5.57509363e-01 5.11960328e-01
    1.51780796e+00 8.97037327e-01 1.58988309e+00 -6.17642999e-01
    1.38200903e+00 -4.30970192e-02 1.33335996e+00 7.45950341e-01
    1.68931341e+00 3.21003675e-01 5.10990918e-01 -5.01023769e-01
    1.02545071e+00 -7.41674840e-01 7.69872069e-01 1.61741590e+00
    1.15651584e+00 1.38687849e-01 -7.46788383e-02 -3.18320155e-01
    5.08772135e-02 5.15788555e-01 1.19442499e+00 1.12546635e+00
    1.32814991e+00 -1.91972494e-01 -4.37671155e-01 2.05824018e-01
    9.68127728e-01 -6.35698199e-01 1.07731271e+00 4.69370723e-01
    6.87875390e-01 2.00730562e-02 -5.00476122e-01 2.66360283e-01
    -5.45966148e-01 2.89907217e-01 -5.59076548e-01 4.81095374e-01
    8.27755392e-01 7.16725886e-01 1.45323253e+00 -6.53328240e-01
    1.83499515e-01 1.66289747e+00 -6.79210901e-01 -5.04408240e-01
    5.23635089e-01 -6.64087534e-01 -6.24286771e-01 6.78489983e-01
    -6.98038340e-02 1.05019629e-01 6.46846175e-01 1.49212337e+00
    2.07190442e+00 1.31036949e+00 2.00122786e+00 1.97407854e+00
    1.47456992e+00 1.67360425e-01 2.11259544e-01 1.04438686e+00
    -3.59141827e-03 1.31441045e+00 -2.84251094e-01 1.38414931e+00
    1.47403681e+00 3.23140085e-01 -6.27318859e-01 8.14271212e-01
    1.48723853e+00 1.41030765e+00 1.67834079e+00 1.73616099e+00
    9.08655167e-01 1.25781119e-01 -6.47517443e-02 9.96038616e-01
    8.65895867e-01 1.68376684e+00 6.21805310e-01 1.54633594e+00
    1.76207244e+00 8.36035490e-01 1.57069445e-01 1.10630393e-01
    2.97377706e-02 -4.11361486e-01 4.15491700e-01 1.31310606e+00
    1.11794889e-01 -6.49898231e-01 1.10788059e+00 -6.94067121e-01
    1.27029395e+00 4.65547442e-01 5.18587291e-01 -5.12524366e-01
    -5.61879933e-01 6.99309409e-01 7.34086335e-01 -4.75048453e-01
    1.56989551e+00 2.01925993e-01 1.74295735e+00 1.23312640e+00
    1.10056639e-01 5.18218577e-01 1.24940300e+00 1.16973984e+00
    -8.07102203e-01 -3.55893373e-03 1.11176109e+00 -8.17184985e-01
    -3.92017931e-01 1.28571725e+00 1.99421167e-01 -6.88926041e-01
    -8.16955686e-01 1.42164707e+00 1.11131954e+00 1.46735716e+00
    9.12295043e-01 -2.42923141e-01 -5.75285435e-01 9.01443839e-01
    3.91057611e-01 9.32309151e-01 1.17473900e-01 4.24618542e-01
    1.62147403e+00 1.57081318e+00 1.67206705e+00 1.76420879e+00
    -3.14286381e-01 1.54154563e+00 1.04784536e+00 -4.85089988e-01
    -7.29806781e-01 2.67875671e-01 -5.45097947e-01 1.90500855e-01
    1.52660370e+00 9.73220468e-01 -1.86418355e-01 -3.16444874e-01
    1.64441156e+00 1.60690320e+00 -2.15311348e-01 7.34250069e-01
    1.34478307e+00 -7.07947075e-01 9.45111394e-01 3.79620016e-01
    1.10666752e-01 2.85503864e-02 9.21620011e-01 1.42879140e+00
    1.52315855e+00 5.63597262e-01 6.43448830e-02 -6.97186708e-01
    4.18908477e-01 -6.11225963e-01 -1.41255915e-01 3.84861946e-01
    5.26321769e-01 1.44104958e-01 1.19828284e+00 6.46533787e-01
    1.67685246e+00 -3.33929718e-01 1.35602880e+00 5.71959436e-01
    -2.86490023e-01 -4.58028466e-01 3.90365660e-01 -3.99028271e-01
    2.33867645e-01 1.47824645e-01 8.01689625e-01 8.68074894e-01
    -7.33766079e-01 1.90391004e-01 -4.87009346e-01 -4.52785492e-02
    1.31779981e+00 1.31275117e+00 4.12383676e-02 -5.67702532e-01
    -4.02719021e-01 9.74897921e-01 -2.38005340e-01 1.38307142e+00
    1.35294282e+00 1.07944202e+00 1.43933964e+00 1.67051971e-01
    1.89268887e-01 7.98076093e-01 8.67611706e-01 1.57400620e+00
    -2.89188683e-01 -6.16436720e-01 -1.22580826e-01 5.26578009e-01
    -5.80097198e-01 1.34039795e+00 -7.35750139e-01 4.64828491e-01
    2.33453453e-01 -6.58360422e-01 1.15702128e+00 1.29034185e+00
    7.88671255e-01 8.92656565e-01 5.51682711e-03 4.04042542e-01
    1.31342411e-01 -2.09016681e-01 3.64983141e-01 -3.88184667e-01
    9.03983772e-01 1.74930644e+00 8.59487891e-01 1.67290986e-01
    9.92570758e-01 1.87042475e-01 -7.78903604e-01 1.45981395e+00
    -2.88059711e-02 8.33427072e-01 1.73983741e+00 -3.81042868e-01
    4.47711825e-01 -3.96031946e-01 1.14254355e+00 1.69830096e+00
    4.20146942e-01 -2.43466973e-01 9.76357162e-01 9.46374238e-01
    7.90680408e-01 2.03972638e-01 5.66738844e-01 -4.95358586e-01
    2.84039617e-01 1.76780164e-01 8.57324064e-01 5.45270801e-01
    -3.21925044e-01 1.42345738e+00 1.52465248e+00 5.65811336e-01
    1.67388499e-01 -3.79913509e-01 -4.29923326e-01 -5.55973053e-01
    -3.12714100e-01 -1.89914227e-01 -6.39086962e-03 -6.09521747e-01
    4.46183503e-01 9.03709292e-01 1.01129115e-01 1.00016963e+00
    -6.19957149e-01 1.74066353e+00 1.54220998e+00 7.62888014e-01
    -5.80304265e-01 -4.63673562e-01 9.43999588e-01 -1.13053918e-01
    1.88653529e-01 1.32856750e+00 1.16088021e+00 1.68149066e+00
    1.53984976e+00 1.73543954e+00 1.17929721e+00 1.22678769e+00
    -1.25181794e-01 -1.00590289e-01 9.57332492e-01 1.53907394e+00
    -4.97509539e-01 1.69679296e+00 6.21641219e-01 -3.65524620e-01
    6.06370807e-01 -9.12769437e-02 7.68890321e-01 -2.99695462e-01
    1.07748771e+00 8.49134505e-01 9.40741956e-01 -4.48613763e-02
    7.47795105e-01 2.10628152e-01 -7.89681673e-01 -4.58627701e-01
    6.92891538e-01 1.25810575e+00 2.45453238e-01 1.72733617e+00
    4.73588049e-01 9.33771372e-01 5.79861522e-01 6.56563044e-03
    1.24429739e+00 -3.22386801e-01 1.83717060e+00 -1.59707099e-01
    2.31493115e-01 1.30271006e+00 1.60253978e+00 1.29276586e+00
    1.64798379e+00 -1.74551129e-01 1.03454804e+00 9.72772539e-01
    1.59335780e+00 7.60879278e-01 1.05620599e+00 5.38437963e-01
    -8.33152413e-01 1.10379100e+00 -3.51964831e-02 1.75721693e+00
    1.58732605e+00 -4.36440587e-01 1.53521144e+00 1.34806788e+00
    -2.16831565e-01 -3.90686542e-01 -4.62185711e-01 -6.99678898e-01
    9.29509223e-01 2.15314865e-01 -5.19991159e-01 4.57263947e-01
    4.48160708e-01 1.57907951e+00 1.66067278e+00 8.94537568e-01
    1.46652043e+00 -6.03181124e-03 -5.09553969e-01 -9.50711370e-02
    7.99543023e-01 -2.59111881e-01 -1.46415949e-01 2.47676611e-01
    4.42843735e-01 7.97455490e-01 -4.43336755e-01 1.84171557e-01
    1.95855618e-01 1.24771881e+00 1.75239158e+00 1.07983422e+00
    1.85492218e-01 -5.62047303e-01 2.54739165e-01 -3.89449596e-01
    1.02951539e+00 -1.21157229e-01 1.60593581e+00 -3.52064371e-01
    1.28026628e+00 7.17727661e-01 8.28819871e-01 1.34233689e+00
    1.36109328e+00 5.36559284e-01 4.33875442e-01 5.13909221e-01
    1.35627270e-01 6.57793045e-01 5.81899226e-01 1.70645154e+00
    4.94222343e-01 1.50760531e+00 2.91345477e-01 9.07974303e-01
    5.48469484e-01 1.50249362e+00 3.38665247e-01 -6.87583983e-01
    -5.27608991e-01 3.54115546e-01 3.32880199e-01 -6.76347315e-01
    1.02026963e+00 1.53685760e+00 1.40105629e+00 1.03075266e+00
    2.56563604e-01 -5.99003553e-01 1.12540388e+00 4.95335221e-01
    5.81298709e-01 1.02410603e+00 -7.00216055e-01 -2.24977136e-01
    1.87671483e-01 6.75955832e-01 1.42915022e+00 6.53053343e-01
    1.82068765e-01 6.74237847e-01 1.54477429e+00 -3.60342830e-01
    9.56968784e-01 1.18564403e+00 1.03598070e+00 1.84389544e+00
    -6.31755590e-02 7.38532782e-01 5.64899981e-01 -6.53302073e-01
    6.47759438e-02 1.18737519e-01 7.92574167e-01 3.44189703e-01
    4.81379688e-01 2.02271760e-01 3.12673450e-02 1.30750716e-01
    1.41928005e+00 1.43798590e+00 6.65557563e-01 1.73433721e-01
    1.43782437e+00 -7.10892677e-02 -3.38195354e-01 1.43710828e+00
    1.46294415e+00 1.45672810e+00 1.14268756e+00 9.49824452e-02
    -6.93136454e-02 -1.66813552e-01 9.13794756e-01 1.45916855e+00
    7.49723673e-01 1.02781057e+00 1.45639396e+00 4.07254696e-01
    -4.54414845e-01 1.12810826e+00 -2.47073114e-01 1.97913706e-01
    -2.86624432e-01 4.65753555e-01 9.39132333e-01 -7.50824213e-02
    1.57159615e+00 6.32505357e-01 1.52836239e+00 1.76062775e+00
    1.35326385e-01 1.41423416e+00 2.33216643e-01 6.67160153e-02
    1.48285246e+00 7.44703054e-01 3.47011805e-01 1.80576587e+00
    1.62055421e+00 4.98245120e-01 8.87179017e-01 8.27623487e-01
    -1.85248852e-01 -3.81605029e-01 1.50928497e-01 -9.65446234e-02
    -2.65921354e-01 3.56402755e-01 8.48573565e-01 4.94099021e-01
    8.18405211e-01 8.46555889e-01 3.37745070e-01 8.51233363e-01
    3.96709144e-01 7.22522140e-01 1.95585370e-01 2.19458222e-01
    1.28027654e+00 -7.73845315e-02 1.31194663e+00 7.48121917e-01
    4.76563871e-01 -2.43375540e-01 3.82380307e-01 -4.33487654e-01
    8.95211697e-02 -2.25013912e-01 8.77134383e-01 4.44594085e-01
    1.60527635e+00 1.12164140e-01 -3.32850784e-01 5.10786951e-01
    7.06991434e-01 1.60720468e+00 1.06326234e+00 1.64749181e+00
    -3.96999717e-02 1.61538732e+00 1.06546533e+00 8.96281898e-01
    -4.05307889e-01 -8.47959518e-03 -4.58074838e-01 3.62569928e-01
    1.40361309e+00 1.73131573e+00 -7.57877648e-01 1.00932300e+00
    -3.78805459e-01 -2.75664210e-01 -7.51906514e-01 4.95334327e-01
    9.11165178e-01 2.37593651e-01 -4.25727665e-01 -6.91090703e-01
    2.93076813e-01 -8.40965807e-01 -3.59355986e-01 1.35236895e+00
    -5.85636258e-01 1.64347935e+00 4.10312176e-01 1.24996948e+00
    4.38916624e-01 1.06933665e+00 -1.36253119e-01 -6.44587696e-01
    -5.32609582e-01 1.01832032e+00 5.68728209e-01 8.59173357e-01
    -5.94716191e-01 -2.10823059e-01 3.96508217e-01 -4.27664936e-01
    1.52563620e+00 1.48102260e+00 1.41193151e-01 1.66948771e+00
    1.47402227e-01 -2.13221312e-02 -7.18054116e-01 1.73203540e+00
    1.40620160e+00 8.17255318e-01 1.85479116e+00 -4.78259027e-01
    8.49722862e-01 -4.81418818e-01 5.03275812e-01 -6.96469545e-02
    4.16310102e-01 2.27485418e-01 1.29238760e+00 -2.81532824e-01
    1.00500190e+00 1.39268613e+00 6.85334325e-01 2.79398143e-01
    -7.75058210e-01 -1.50867999e-01 1.05575085e+00 1.40114617e+00
    1.10078049e+00 1.36972833e+00 1.48717952e+00 -6.42444968e-01
    6.08082712e-01 1.09205651e+00 6.06684089e-01 1.00795603e+00
    -3.12637866e-01 -4.28072214e-01 1.51928771e+00 1.08512449e+00
    8.71473253e-01 1.22782648e+00 -5.52918673e-01 1.15519392e+00
    6.47132874e-01 1.10454798e+00 6.23469353e-01 -5.11250257e-01
    -2.70681083e-01 1.30165875e+00 5.73454738e-01 5.17719984e-02
    1.49961007e+00 1.52629137e+00 8.19598675e-01 1.56032002e+00
    9.81549740e-01 -6.93552494e-01 1.34796929e+00 2.83146381e-01
    1.57435834e+00 7.71701396e-01 1.53784037e-01 1.67804956e+00
    -4.97650057e-01 1.21557426e+00 6.22574568e-01 -4.07268882e-01
    -3.33177626e-01 6.66663408e-01 7.59572506e-01 6.53795004e-01
    1.20903552e+00 1.27111197e+00 4.70713675e-01 -1.60461605e-01
    1.71183634e+00 7.52962828e-01 1.19532645e-01 -5.97154498e-02
    1.72826385e+00 -7.97228038e-01 1.35800672e+00 2.63842344e-01
    -7.00920939e-01 1.23575878e+00 -3.70295316e-01 1.84805274e-01
    -1.33873045e-01 -7.10250199e-01 1.00809133e+00 5.04700124e-01
    1.12194037e+00 9.15621817e-01 5.51084280e-01 1.23409486e+00
    8.17900598e-01 3.02829742e-02 5.39557278e-01 -1.63431764e-01
    7.14581430e-01 6.90089524e-01 7.00637281e-01 1.59478068e-01
    -4.06770706e-02 6.84411168e-01 4.19654965e-01 7.95319080e-01
    4.66721952e-01 -2.11411059e-01 -5.43761969e-01 1.36883116e+00
    1.28898883e+00 8.58153641e-01 1.03643656e-01 -2.77852297e-01
    1.09426117e+00 1.61143398e+00 -3.36589009e-01 1.67667866e-01
    1.58131123e+00 -4.18367088e-01 1.11528563e+00 -2.06167817e-01
    6.55999839e-01 -2.44529426e-01 2.95070410e-02 -3.00333202e-01
    6.46367431e-01 1.25620866e+00 1.57088375e+00 -6.18844748e-01
    1.13960338e+00 1.01633167e+00 1.32354569e+00 2.88770020e-01
    4.64146554e-01 1.44865096e+00 8.98664057e-01 1.53133452e-01
    1.70594549e+00 3.65758777e-01 8.82978082e-01 1.60980046e+00
    1.44821286e-01 1.58303440e-01 9.95700896e-01 7.66986012e-02
    -3.36124539e-01 1.40610754e-01 -2.22578585e-01 7.82987058e-01
    6.49215460e-01 -3.79350185e-02 7.46074617e-01 9.32472467e-01
    -4.39449430e-01 1.29542613e+00 6.43928409e-01 1.45214629e+00
    1.57816839e+00 9.71342325e-02 -7.41804302e-01 1.57959390e+00
    1.51027858e+00 1.36329019e+00 -2.38413751e-01 1.51626980e+00
    -2.50587881e-01 1.37634003e+00 7.31783509e-02 7.89340854e-01
    -3.52290332e-01 1.16362751e-01 -5.65659523e-01 1.17646909e+00
    4.98838067e-01 -9.50821042e-02 8.36166084e-01 -8.06666493e-01
    1.16651416e+00 4.79122996e-02 7.05093384e-01 -5.82809210e-01
    -7.65672684e-01 1.14818990e+00 7.31108725e-01 1.37631273e+00
    -7.29374409e-01 -2.16648340e-01 -1.57918215e-01 7.87354767e-01
    5.56046367e-01 1.56446373e+00 -7.69724131e-01 -5.02274036e-02
    6.66063011e-01 1.38032317e+00 1.64930391e+00 5.36997914e-02
    6.21364057e-01 1.01194799e+00 1.11974597e+00 1.60648680e+00
    3.88610065e-01 -5.01791835e-01 2.46839523e-01 1.74045861e+00
    -3.49253833e-01 5.22641301e-01 -9.21934247e-02 1.42678905e+00
    8.72595608e-01 2.54121304e-01 9.23568130e-01 1.49793434e+00
    1.47482991e+00 8.89798343e-01 1.53226972e-01 2.14179397e-01
    -5.01056552e-01 -6.56269014e-01 -3.93107057e-01 1.00401688e+00
    7.25285351e-01 -6.86275601e-01 9.88406003e-01 1.30442452e+00
    4.62564826e-02 8.08114827e-01 1.34336126e+00 1.12304044e+00
    1.33303905e+00 1.30109715e+00 6.59717798e-01 8.00987482e-01
    6.74398005e-01 1.37995720e+00 2.37083077e-01 1.70582128e+00
    7.26141751e-01 6.89650476e-01 5.50847530e-01 -3.02376211e-01
    5.29300630e-01 -7.24571884e-01 6.01097345e-01 -5.39345741e-01
    1.00386190e+00 1.21749449e+00 7.57421017e-01 4.72414851e-01
    1.41988468e+00 1.82064033e+00 1.69363356e+00 1.10319090e+00
    1.34489465e+00 -6.88229382e-01 -2.89427042e-02 5.75859487e-01
    -1.63887441e-01 -3.61516714e-01 1.14059091e-01 1.32107687e+00
    1.77392220e+00 1.86422777e+00 7.54105091e-01 2.88729548e-01
    1.32347715e+00 1.61433840e+00 1.43029833e+00 1.23294497e+00
    2.09573388e+00 1.45719552e+00 6.67177975e-01 9.07193899e-01
    3.09500277e-01 -6.75606191e-01 1.26994705e+00 -2.50580430e-01
    9.45929825e-01 6.92259490e-01 2.74943769e-01 9.46339726e-01
    9.48639214e-01 1.01280427e+00 4.40881610e-01 8.11617792e-01
    -6.24475539e-01 1.60452962e-01 -8.09940457e-01 -2.84592986e-01
    3.57386887e-01 -2.15560198e-02 -7.70906806e-01 -3.77995223e-01
    -4.03945297e-01 1.31298602e-01 1.45353818e+00 -4.48279738e-01
    1.79633737e+00 9.34262514e-01 1.17760551e+00 7.39116251e-01
    -6.74406886e-01 5.03692567e-01 7.76403248e-01 7.06764638e-01
    6.79592371e-01 -1.01293266e-01 -5.34210980e-01 -5.47060013e-01
    -3.74022514e-01 1.76227868e-01 1.62268078e+00 1.60826790e+00
    8.62452865e-01 6.40261412e-01 2.78122962e-01 1.69100618e+00
    1.52697062e+00 1.75232744e+00 2.39649534e-01 7.84325004e-02
    5.24881780e-01 7.82003880e-01 3.77246976e-01 -5.24683833e-01
    8.41479778e-01 6.07368529e-01 4.66490030e-01 1.43400216e+00
    -1.52860880e-02 1.03422225e+00 -1.83829963e-01 1.21548498e+00
    1.68186307e+00 1.40887713e+00 1.24815011e+00 -5.76648235e-01
    1.15436411e+00 -7.14848161e-01 -2.91876376e-01 -8.56950879e-02
    6.46609187e-01 -6.97708905e-01 3.57256830e-01 7.02936053e-01
    -5.86417198e-01 -7.47771442e-01 5.32540083e-02 1.32923794e+00
    8.43582153e-02 -4.64732051e-01 -6.02066994e-01 -4.79817390e-05
    -7.61513293e-01 -1.38660610e-01 1.07104445e+00 2.18641758e-01
    -3.95210505e-01 -4.34377402e-01 -1.81046009e-01 1.36604559e+00
    3.99495423e-01 2.98252940e-01 1.64638591e+00 -7.45197296e-01
    -2.85671711e-01 1.04832006e+00 -6.53280139e-01 1.47502565e+00
    -6.29196703e-01 -4.38554287e-02 7.72779286e-01 9.48942363e-01
    5.99634051e-01 9.34096754e-01 -1.73016012e-01 1.15733004e+00
    2.51213431e-01 4.61950481e-01 -4.39679056e-01 -3.59365970e-01
    3.94577086e-01 -3.66031528e-01 2.28590190e-01 1.46537542e+00
    -7.59215593e-01 1.10571194e+00 5.05765796e-01 1.25590777e+00
    1.32084799e+00 8.01667929e-01 -4.73679692e-01 -2.74075031e-01
    1.20960665e+00 -7.58762479e-01 1.35447764e+00 5.04742503e-01
    1.06051326e+00 1.67800045e+00 7.88733542e-01 8.75898898e-01
    -5.11217952e-01 1.49330854e+00 -2.65475690e-01 1.17922640e+00
    -7.09019840e-01 1.35770953e+00 -3.84242356e-01 1.74578595e+00
    1.08566427e+00 1.10288000e+00 1.71014881e+00 1.11164856e+00
    1.26820779e+00 1.25903606e+00 -6.93252802e-01 1.77218926e+00
    -5.58835149e-01 -7.55721211e-01 -1.86935961e-01 1.30617166e+00
    1.76495993e+00 -2.94538796e-01 -3.95772398e-01 1.26260567e+00
    1.74526060e+00 8.90702724e-01 -7.13293195e-01 1.07548213e+00
    1.65525508e+00 7.24717379e-02 -1.53932691e-01 5.48602760e-01
    1.57832789e+00 2.12285638e-01 9.47237611e-02 8.89544368e-01
    7.34106839e-01 5.11962175e-02 -4.74096596e-01 -6.23351932e-02
    -3.63013893e-01 8.54017138e-02 -7.18002021e-01 5.49428582e-01
    9.55729127e-01 1.62734342e+00 4.68271613e-01 -6.99742556e-01
    1.23987138e+00 9.03882921e-01 -1.10304952e-02 6.17065668e-01
    6.25603318e-01 8.22483182e-01 7.05348849e-01 3.33240807e-01
    9.83975887e-01 1.12768650e+00 3.67020786e-01 -2.29469538e-01
    1.63531017e+00 -6.89133704e-01 4.44723785e-01 6.96553051e-01
    5.32961309e-01 -4.86284494e-03 4.82944131e-01 6.82607889e-01
    2.88172841e-01 6.61733508e-01 -3.05340111e-01 1.41249657e+00
    9.21229720e-02 7.81834126e-01 1.71292830e+00 -4.79958713e-01
    6.75807059e-01 -4.62595552e-01 1.46460366e+00 1.59718311e+00
    4.13039505e-01 -2.26949632e-01 1.18830156e+00 4.37574327e-01
    -5.16653538e-01 7.54521191e-01 1.35272813e+00 6.87543213e-01
    1.24472618e-01 1.24798667e+00 1.62843168e+00 4.62900341e-01
    -4.98912871e-01 1.26023364e+00 6.71811223e-01 1.02207053e+00
    3.34810853e-01 -3.06333721e-01 -6.82808518e-01 7.44707346e-01
    -6.67321622e-01 -7.13999033e-01 1.34639931e+00 4.34879601e-01
    1.01638913e+00 5.38782835e-01 7.62801409e-01 3.92904162e-01
    -3.21321934e-01 -5.80411553e-02 -6.86329722e-01 6.46158457e-02
    3.61963809e-01 -7.14060009e-01 -1.46920621e-01 -4.12186682e-01
    1.02626586e+00 1.31991887e+00 1.45864666e-01 -5.30304015e-01
    2.45499551e-01 9.29637074e-01 1.82952869e+00 7.02365637e-01
    1.45412624e+00 1.61022425e+00 3.94020200e-01 1.07708502e+00
    9.59551930e-02 -1.66900039e-01 -6.40955269e-01 9.07236993e-01
    6.36609197e-02 1.17524028e+00 -8.12149227e-01 2.92634964e-03
    -5.39501905e-01 1.23700190e+00 1.51616597e+00 9.11367536e-01
    1.51305652e+00 1.66064465e+00 2.95742989e-01 6.70337021e-01
    1.07310200e+00 3.85054231e-01 -1.98245347e-01 -1.37094676e-01
    4.38532352e-01 1.18840098e+00 1.09066963e+00 -1.52271330e-01
    2.20686197e-03 -3.10171574e-01 4.82984662e-01 9.38055277e-01
    8.64171386e-02 -4.51811403e-01 -5.13885021e-01 -3.51827502e-01
    -6.43325567e-01 -5.68053365e-01 1.16202235e+00 9.48565245e-01
    2.07598746e-01 -5.93139291e-01 -2.79030263e-01 1.60627246e+00
    -7.43048310e-01 1.06193471e+00 3.49069834e-02 8.53113174e-01
    9.88933206e-01 4.08919871e-01 -3.96376610e-01 5.89180350e-01
    1.54779589e+00 1.69948375e+00 8.19069147e-03 7.41633713e-01
    4.34731901e-01 1.25879097e+00 3.12010229e-01 -1.46253586e-01
    1.53387570e+00 -8.06631684e-01 8.63370776e-01 1.92069054e-01
    5.19500434e-01 1.74013901e+00 -5.99610865e-01 -1.16618633e-01
    -7.48529077e-01 -7.67191947e-01 -4.28338677e-01 5.23990393e-03
    1.60115075e+00 -3.40888411e-01 -1.48508132e-01 -1.74584389e-01
    5.58268785e-01 -1.00017786e-02 -6.08237267e-01 -1.61768436e-01
    -1.08440757e-01 1.02668822e+00 -3.52786541e-01 7.90453136e-01
    -7.34564006e-01 9.01986837e-01 9.03135777e-01 1.23395467e+00
    -4.50940877e-01 1.64144528e+00 1.10861182e+00 1.03728580e+00
    4.41307187e-01 -1.23833716e-01 1.61708450e+00 1.00475740e+00
    -7.20841348e-01 1.45805752e+00 -6.03777885e-01 1.63267779e+00
    -4.85568911e-01 -2.26242542e-02 1.31374550e+00 8.44232500e-01
    -2.32016265e-01 1.40815794e+00 1.21864319e+00 9.91095543e-01
    4.94349718e-01 8.10520113e-01 -7.15776682e-02 -5.73736072e-01
    1.64941013e-01 -3.15521687e-01 4.00342226e-01 7.26775944e-01
    5.75148523e-01 6.80957258e-01 -4.95340377e-01 1.23826408e+00
    1.35521603e+00 -6.71628356e-01 -6.18478060e-01 2.78972089e-01
    -4.25327510e-01 1.05808568e+00 1.39278340e+00 -4.59724545e-01
    1.63001633e+00 -5.78653574e-01 -4.53251928e-01 4.54122424e-01
    1.27780175e+00 -8.09324920e-01 2.89796650e-01 1.31291401e+00
    -2.26345658e-01 1.66872740e-01 1.46401668e+00 1.63622510e+00
    7.97918677e-01 4.89702344e-01 1.75462961e+00 -7.87069380e-01
    6.55765533e-02 -4.69551176e-01 1.38845265e+00 6.82043433e-02
    3.27053010e-01 1.28535509e-01 -5.02702951e-01 2.38044441e-01
    1.32509768e+00 1.46563077e+00 -6.20781362e-01 9.58439112e-02
    7.61382997e-01 -4.34410453e-01 6.78619146e-01 8.57190609e-01
    -6.16360366e-01 1.69482851e+00 6.01446033e-01 -3.38081598e-01
    5.49877524e-01 1.54831719e+00 7.91235864e-01 1.63013363e+00
    1.12654519e+00 1.46977186e+00 -3.10544044e-01 6.95111930e-01
    1.38823795e+00 -3.49934101e-01 1.77196074e+00 -3.81979197e-01
    1.57404292e+00 1.12901521e+00 -7.65330672e-01 8.01494598e-01
    1.13800144e+00 4.87919211e-01 1.94600701e-01 4.98193026e-01
    2.28089094e-03 -2.02454031e-01 -4.41063583e-01 -6.26941264e-01
    -5.17126322e-02 -5.88030040e-01 -6.12838984e-01 -6.60697818e-01
    -3.71622294e-01 1.57493663e+00 1.57573295e+00 -1.04407668e-01
    2.97531545e-01 1.20799041e+00 3.03187311e-01 1.62900972e+00
    2.19853759e-01 1.24231708e+00 3.76589715e-01 -9.58245993e-02
    1.41075134e+00 -8.49607587e-02 1.19699049e+00 -6.90646291e-01
    1.40420723e+00 8.02095175e-01 1.67907596e-01 1.62385404e+00
    -3.89891863e-03 6.53134167e-01 -4.11778301e-01 4.87492085e-01
    1.15020609e+00 -7.92935848e-01 -1.02198958e-01 1.50042117e+00
    1.65154457e+00 7.13226616e-01 1.28273129e+00 1.38198805e+00
    -7.12560833e-01 -5.77364802e-01 5.65384269e-01 1.23772168e+00
    1.35499644e+00 -8.82385969e-02 3.97244096e-02 -5.54695249e-01
    1.62928152e+00 -7.47408092e-01 1.39695668e+00 5.39116323e-01
    4.76865292e-01 9.51397419e-03 3.43295753e-01 1.22871542e+00
    -4.74043190e-01 3.73724163e-01 1.63854408e+00 1.51047635e+00
    -2.72408068e-01 1.66485476e+00 9.64690447e-02 8.55266392e-01
    1.56107235e+00 1.82813513e+00 1.02665460e+00 1.05876350e+00
    9.41397488e-01 9.21109021e-02 1.46452975e+00 1.05785143e+00
    4.78478611e-01 7.13478267e-01 -4.60872859e-01 2.61780679e-01
    3.11054468e-01 1.28007090e+00 1.18382001e+00 6.99323237e-01
    1.62985468e+00 1.10240483e+00 1.65920258e+00 -4.86951351e-01
    1.06973279e+00 -3.49773228e-01 1.06122994e+00 9.18097138e-01
    3.05493236e-01 1.23089075e+00 1.67912102e+00 -8.55242014e-02
    1.08474135e-01 -3.49245042e-01 1.65417731e+00 1.37434101e+00
    -5.01940489e-01 -2.79196143e-01 1.20011878e+00 -6.80592179e-01
    -7.18415320e-01 1.40639782e-01 -2.00698376e-01 -4.96446848e-01
    8.11615169e-01 -5.03863096e-01 3.71101201e-01 -5.14977276e-01
    5.98202527e-01 3.40218902e-01 -6.32490456e-01 1.17021585e+00
    1.14051926e+00 5.06630540e-02 9.85345364e-01 -8.75215530e-02
    -5.33927619e-01 6.18902981e-01 8.82206798e-01 -2.54377067e-01
    -7.43101597e-01 9.47725892e-01 1.44789696e+00 2.55604208e-01
    1.44264102e-01 -3.67831588e-02 -6.98193431e-01 9.77101326e-02
    2.41682351e-01 7.99880803e-01 -4.40711379e-02 1.39269757e+00
    5.51121056e-01 -3.72536004e-01 -7.14312673e-01 1.54002547e+00
    1.19608259e+00 -3.62317830e-01 1.27342141e+00 9.19635892e-01
    -6.44421160e-01 -9.44311619e-02 -3.05241346e-02 1.07185030e+00
    -3.61348003e-01 1.73062766e+00 1.57880390e+00 5.61230183e-01
    1.49645221e+00 -5.35554826e-01 -5.94445884e-01 2.17032254e-01
    1.72005379e+00 1.59436774e+00 -3.84050399e-01 1.29437387e+00
    -5.54482937e-01 -3.74978781e-03 1.50051475e+00 -4.65940386e-01
    6.34728789e-01 5.29177785e-01 -5.92712164e-01 -1.24180615e-01
    7.64630497e-01 9.93776977e-01 2.50529170e-01 1.69884348e+00
    1.52741551e-01 1.23015213e+00 8.53129148e-01 6.18295312e-01
    7.72394896e-01 2.50606358e-01 -1.86730444e-01 -3.67881566e-01
    -5.33374727e-01 -1.39043927e-01 2.81222522e-01 -8.30268860e-03
    -1.48285925e-01 1.72583580e+00 -7.01249301e-01 4.48895514e-01
    1.52044988e+00 -3.85723799e-01 1.31523776e+00 -3.20595503e-02
    1.68599904e+00 1.48309779e+00 1.01387477e+00 1.43802738e+00
    -7.05966711e-01 1.08557034e+00 1.50924623e-01 -5.52148223e-01
    9.81867790e-01 4.08501208e-01 -5.32877445e-03 -5.27473807e-01
    1.24381232e+00 -5.38544714e-01 5.39015651e-01 -4.19160843e-01
    1.28043532e+00 -3.60910952e-01 9.77873802e-01 1.33853936e+00
    -1.58447802e-01 1.51236033e+00 5.76101720e-01 9.17671442e-01
    5.85618198e-01 -6.11761153e-01 1.53155088e+00 1.32576466e-01
    1.61389995e+00 1.34376585e+00 1.61208260e+00 -3.08828115e-01
    7.50630081e-01 -6.77722156e-01 5.59721947e-01 -1.27285779e-01
    6.10729158e-01 1.28397965e+00 4.16102350e-01 -4.73785639e-01
    -6.34559631e-01 5.21464050e-01 1.17706728e+00 8.74474525e-01
    1.00199389e+00 -1.84874892e-01 5.03214121e-01 1.42744303e+00
    1.03249013e+00 -4.42929119e-01 -8.08225572e-01 1.13341498e+00
    -3.06786895e-02 -7.09186673e-01 9.13058937e-01 6.31797314e-01
    2.54940689e-01 1.61319339e+00 1.63074899e+00 -6.77134991e-01
    1.68775856e+00 1.76561117e+00 -2.36441314e-01 1.35620594e+00
    9.85979199e-01 2.88146436e-01 1.02775574e+00 4.90923643e-01
    1.79602468e+00 -5.73301971e-01 1.46188354e+00 -3.80869508e-01
    2.59717882e-01 -6.19433165e-01 -2.31581986e-01 -5.75190306e-01
    1.49547315e+00 1.53566051e+00 -3.83510023e-01 1.49869061e+00
    -7.72942781e-01 -6.88110173e-01 1.46256423e+00 1.51170564e+00
    -7.49820948e-01 -4.23893571e-01 -5.11803389e-01 6.04355335e-03
    6.47231281e-01 1.79224014e-01 1.15666151e+00 1.37772989e+00
    1.41858554e+00 -6.96879387e-01 1.41617346e+00 8.95256996e-01
    5.43169141e-01 -1.39092207e-02 4.17806923e-01 1.76339221e+00
    -5.42420030e-01 9.14708376e-01 1.55005515e+00 8.03138018e-01
    1.59266901e+00 3.87747347e-01 3.75779033e-01 1.16432571e+00
    1.11498189e+00 5.39270163e-01 9.11830366e-01 1.47211218e+00
    7.26121545e-01 2.35162914e-01 -5.83354831e-01 1.21617866e+00
    -1.61518455e-01 8.30592275e-01 1.37568188e+00 -5.61858177e-01
    8.20968628e-01 3.54827106e-01 1.72333622e+00 8.27025950e-01
    -4.65980947e-01 1.51900625e+00 7.65029371e-01 -6.24375522e-01
    1.27523112e+00 1.69133902e+00 2.31928527e-01 9.54043686e-01
    -1.66539133e-01 -2.91609943e-01 9.47465122e-01 -1.82940871e-01
    1.88774204e+00 9.17118490e-02 -1.14719063e-01 2.24729478e-02
    1.73526144e+00 1.06084895e+00 1.41721940e+00 1.27532721e-01
    1.62978911e+00 -1.59129381e-01 1.67674291e+00 4.28154409e-01
    -7.43735373e-01 4.18610156e-01 7.64676511e-01 1.16007280e+00
    1.23026538e+00 -6.03711903e-01 -1.40894353e-01 -3.56563449e-01
    -2.63792694e-01 5.43573916e-01 1.37540221e-01 2.24669576e-02
    -4.84479427e-01 1.57367063e+00 -7.97573209e-01 5.66484988e-01
    1.70616889e+00 -6.34094000e-01 -2.76434064e-01 -4.96635795e-01
    1.06948972e+00 1.75418174e+00 1.93503261e-01 -6.53080285e-01
    -1.79213881e-02 7.73366094e-02 1.46261096e+00 1.63152635e-01
    1.01339126e+00 5.89822233e-01 1.51461601e+00 1.89343154e-01
    -4.62047517e-01 1.51615202e+00 2.18123198e-02 1.38195372e+00
    3.30891848e-01 3.50890338e-01 1.11825562e+00 1.07535923e+00
    -2.88228333e-01 1.39459395e+00 1.40624881e+00 2.35653818e-01
    1.64326549e+00 1.51234627e-01 1.66162539e+00 1.10885274e+00
    1.62770653e+00 -5.96509635e-01 -4.69733924e-01 1.24897540e+00
    4.49075818e-01 2.92630017e-01 2.25028217e-01 -5.53683937e-01
    1.13738680e+00 9.77061212e-01 9.94148493e-01 1.63527191e-01
    1.40714645e+00 1.66026878e+00 9.99649525e-01 1.31821871e+00
    -5.06898463e-01 1.37786078e+00 9.83173370e-01 9.93943512e-01
    1.01061559e+00 5.74633420e-01 8.47782254e-01 -3.00196886e-01
    -3.91554147e-01 3.46194923e-01 1.65086699e+00 1.64364195e+00
    1.57928324e+00 -1.29297554e-01 -5.38287938e-01 1.00631404e+00
    -2.02096701e-01 2.69345641e-02 5.44010639e-01 1.52186561e+00
    1.01734304e+00 2.83043504e-01 -1.23892665e-01 1.40508950e-01
    -4.06021655e-01 1.20225072e+00 3.35795283e-02 3.94207716e-01
    -7.19737232e-01 7.55410790e-01 4.66194153e-01 -9.52130556e-02
    1.59239411e+00 -2.15799928e-01 -1.34568572e-01 -3.48050296e-01
    -1.93891943e-01 1.48095810e+00 1.13215804e+00 9.12458539e-01
    3.64884079e-01 1.70482540e+00 6.15927756e-01 1.34279573e+00
    -4.16425616e-01 8.16336870e-01 1.45815110e+00 -4.35770094e-01
    -8.71717334e-02 -7.57361114e-01 -3.16223145e-01 -7.18796790e-01
    8.91788900e-01 -1.94981992e-01 3.50281775e-01 8.50586355e-01
    1.14120841e-01 -1.78671598e-01 -5.55661380e-01 1.72996223e-01
    5.00788987e-01 -2.77658939e-01 1.03710544e+00 6.47882581e-01
    1.61985660e+00 -6.12893820e-01 5.63392639e-02 7.76808798e-01
    8.28115940e-01 1.41508508e+00 -9.72070694e-02 -2.95438647e-01
    8.08229268e-01 8.49925101e-01 3.10567558e-01 -1.72692895e-01
    1.06977034e+00 -7.46835709e-01 2.87445188e-02 -2.39284873e-01
    -4.23128188e-01 6.57091260e-01 -3.79922986e-02 1.61532950e+00
    1.31603217e+00 6.69899106e-01 9.44993496e-02 4.45443630e-01
    2.66896546e-01 8.92123640e-01 1.60658407e+00 7.69415796e-01
    1.04163051e+00 1.33658469e+00 3.66081595e-01 1.61530852e+00
    6.23763740e-01 -6.95963264e-01 1.02178216e+00 1.63065982e+00
    6.19266748e-01 3.76131773e-01 1.30106497e+00 6.03934467e-01
    -5.65110385e-01 -6.71729445e-01 1.63674045e+00 1.71606970e+00
    1.32546139e+00 6.64269865e-01 -1.87576830e-01 -3.22006851e-01
    -4.40119207e-01 1.12939620e+00 1.58410239e+00 9.24765766e-01
    1.70165586e+00 4.52158928e-01 1.39958549e+00 9.85379875e-01
    -3.84806871e-01 8.60991478e-01 1.48657000e+00 -2.42388844e-02
    1.83096826e-01 3.70381236e-01 -3.31381589e-01 1.59972048e+00
    1.00090981e+00 7.59870768e-01 8.77183259e-01 6.72156453e-01
    4.11502123e-01 8.83708894e-01 -7.05648065e-01 6.33189321e-01
    1.52175236e+00 1.66224360e+00 -7.01341033e-02 3.94103885e-01
    1.19173265e+00 -1.92670405e-01 5.54217219e-01 1.75674462e+00
    5.30042112e-01 5.49673557e-01 4.10034060e-02 1.23680186e+00
    1.12140489e+00 7.11693525e-01 1.51475549e-01 7.83448815e-01
    -4.02534157e-01 1.35497117e+00 -6.62005305e-01 1.52226293e+00
    9.58507895e-01 6.46081924e-01 -8.73461366e-02 1.02510428e+00
    4.22934115e-01 1.89375341e-01 5.64849675e-01 2.65626073e-01
    1.64758301e+00 -5.49081802e-01 4.16670501e-01 -7.24881053e-01
    -3.68470728e-01 6.31916881e-01 4.16839182e-01 -2.98592538e-01
    1.12905943e+00 -4.44291353e-01 -3.76586914e-01 -8.65354538e-02
    -3.88371587e-01 8.50077271e-02 -1.09899759e-01 8.19539666e-01
    1.81634426e+00 1.32399261e-01 -3.67067665e-01 2.00595808e+00
    1.87526500e+00 6.47713065e-01 1.48863435e+00 9.82782185e-01
    8.23008299e-01 1.04375315e+00 4.91156995e-01 1.32955647e+00
    1.70217562e+00 1.64381647e+00 5.44910550e-01 6.97564840e-01
    8.66770267e-01 3.35805714e-01 5.25409937e-01 1.00391817e+00
    9.81824577e-01 1.21026301e+00 7.01528668e-01 8.03954303e-01
    -5.25053382e-01 1.03333521e+00 1.50450563e+00 1.32715750e+00
    1.03179717e+00 5.11489093e-01 -2.78117478e-01 -4.08943564e-01
    1.35929811e+00 -5.62501431e-01 1.47741985e+00 8.63422096e-01
    3.76071990e-01 1.10228586e+00 -3.28135580e-01 1.27786040e+00
    -7.58667767e-01 1.64378786e+00 -4.46398854e-01 1.65724730e+00
    7.03346670e-01 3.60438526e-01 1.25622702e+00 5.06438911e-01
    -3.22378010e-01 -5.29427350e-01 -3.38811934e-01 -1.32384717e-01
    -3.77817631e-01 -7.38154173e-01 -2.07895219e-01 2.25109458e-02
    -6.79118752e-01 1.49869156e+00 1.19624877e+00 4.29564357e-01
    1.48872280e+00 9.87436891e-01 8.62833679e-01 8.96180511e-01
    2.56343484e-01 1.09756505e+00 -1.43322051e-01 8.04226637e-01
    1.61118519e+00 1.54135871e+00 8.76929760e-01 9.99079227e-01
    6.92609310e-01 8.92713606e-01 8.83604944e-01 2.50380874e-01
    5.61195076e-01 1.78524590e+00 -7.15927064e-01 1.34673953e+00
    -3.32029492e-01 1.47663951e+00 9.79029655e-01 8.32480848e-01
    7.82415390e-01 -4.19280529e-02 1.67811656e+00 1.40455079e+00
    3.63377094e-01 -4.53349710e-01 -6.11756623e-01 8.35222006e-03
    -2.19291151e-01 -5.67984223e-01 1.22978687e-02 5.97703457e-03
    4.50082183e-01 -1.92607045e-01 -7.63282776e-02 7.56029904e-01
    -7.91198015e-03 -5.54673374e-01 8.72877240e-02 -7.86331654e-01
    3.06869149e-02 -4.90291268e-01 1.40041828e+00 -5.78685403e-02
    -6.82804167e-01 -2.13024914e-01 1.41211295e+00 8.93608332e-02
    7.28803277e-02 3.85331750e-01 3.40568244e-01 7.00702667e-02
    1.70708823e+00 5.91089129e-01 -3.38741839e-01 5.51776707e-01
    -1.24278545e-01 2.36237824e-01 1.63442588e+00 1.44739604e+00
    1.11351728e+00 6.11668944e-01 1.32446337e+00 -4.55824047e-01
    -6.48683369e-01 1.34603739e+00 3.47075105e-01 -7.51991868e-02
    1.46547377e-01 1.83587003e+00 4.70223427e-01 -5.97662330e-01
    1.76017082e+00 -6.17115557e-01 1.70658088e+00 8.72209191e-01
    1.22730708e+00 8.74375939e-01 1.35756969e+00 5.67433715e-01
    -3.23235035e-01 3.04993093e-01 1.25889969e+00 1.15061903e+00
    7.36732244e-01 1.64641070e+00 8.65074575e-01 2.61505902e-01
    8.36772263e-01 1.03842282e+00 1.73284304e+00 1.27435875e+00
    -1.06061339e-01 2.34591007e-01 -4.34008628e-01 3.39425147e-01
    5.02871156e-01 -4.48159188e-01 4.82796788e-01 1.29238915e+00
    -2.85164118e-02 1.56446493e+00 -1.67100132e-01 -4.29685056e-01
    -7.21877575e-01 2.13778138e-01 -1.16443098e-01 -5.95875144e-01
    -5.38381815e-01 5.13411224e-01 5.45909703e-01 1.34123015e+00
    9.17992949e-01 -4.74595755e-01 1.05914462e+00 1.74568057e+00
    -3.82609546e-01 -6.03299618e-01 -4.27602947e-01 -6.91230893e-01
    6.69172347e-01 1.24640465e+00 2.99795568e-01 1.64489150e+00
    -9.13005471e-02 5.11804521e-01 4.86833453e-02 -6.51350617e-01
    1.15786219e+00 1.54264069e+00 4.54041958e-01 -1.78462267e-02
    7.99474299e-01 -3.53434026e-01 4.33160782e-01 4.21418488e-01
    -1.78346336e-01 1.53532267e-01 5.55022597e-01 -5.59946597e-01
    1.12935519e+00 7.67309487e-01 1.73601937e+00 5.40173054e-01
    5.75575531e-01 -4.92759615e-01 -6.26515150e-02 5.17627299e-01
    -5.82955241e-01 4.18428659e-01 2.16678381e-01 8.04040253e-01
    -7.22106099e-01 1.58401370e+00 4.46089149e-01 1.58145368e-01
    1.10286081e+00 1.53379154e+00 1.70832407e+00 6.41325831e-01
    -6.07782423e-01 1.42828989e+00 1.66601419e+00 1.21584487e+00
    1.20395696e+00 3.16549778e-01 -6.46081090e-01 1.67941451e+00
    1.55379367e+00 1.50309134e+00 -7.78675199e-01 -2.25406528e-01
    -4.43046451e-01 5.56883097e-01 5.04747152e-01 8.28230798e-01
    1.47322917e+00 1.46146488e+00 1.17032731e+00 -4.77221698e-01
    6.94790363e-01 -6.86214209e-01 -3.93813848e-03 -4.00529742e-01
    1.82137132e+00 1.31972349e+00 1.59298837e+00 1.30775833e+00
    1.28269482e+00 1.91781616e+00 5.74679971e-02 8.05542529e-01
    1.51969922e+00 1.19215405e+00 1.86027801e+00 -7.86206126e-03
    1.46015954e+00 8.58727098e-01 -3.59033972e-01 4.43650782e-01
    1.72161531e+00 4.17694688e-01 1.22232592e+00 1.20088363e+00
    1.56159616e+00 1.12250149e-01 1.68188214e+00 8.38875353e-01
    1.24103045e+00 7.94879317e-01 1.68682086e+00 6.30931914e-01
    -5.78706622e-01 1.58297110e+00 -3.12037587e-01 7.13229775e-01
    1.57701683e+00 1.77106214e+00 -1.71857417e-01 3.06322813e-01
    3.43395472e-01 8.09042811e-01 4.93185043e-01 9.64940727e-01
    -3.54632676e-01 -2.97578126e-01 1.64503741e+00 9.86176670e-01
    9.26887453e-01 1.67498732e+00 7.72339106e-03 1.16110837e+00
    1.80022693e+00 6.55600727e-01 -5.27734101e-01 1.50736356e+00
    5.34524858e-01 9.02463615e-01 6.03075981e-01 3.78051758e-01
    1.73318434e+00 1.74333858e+00 1.50421381e+00 -7.99685597e-01
    1.77899289e+00 5.69837153e-01 -7.37552822e-01 6.61890864e-01
    6.64121032e-01 7.40739405e-01 1.72326982e-01 -2.11192548e-01
    -2.64525414e-04 6.35784984e-01 5.55174947e-01 1.47683382e-01
    5.60934603e-01 1.42556000e+00 1.24982953e+00 5.79661846e-01
    1.34973454e+00 -7.33991146e-01 7.64956295e-01 8.94541264e-01
    1.05280447e+00 7.04048455e-01 5.90436935e-01 3.64071965e-01
    -6.18883610e-01 1.79333723e+00 1.59811640e+00 -2.28047550e-01
    2.34195352e-01 1.05188084e+00 1.70183182e+00 1.01701128e+00
    1.02662921e+00 -4.19781178e-01 -7.37661123e-01 5.96277118e-01
    1.02465332e+00 -2.32718945e-01 1.28387880e+00 -3.79305482e-01
    9.91374910e-01 1.48967016e+00 5.11020839e-01 -1.52047575e-01
    1.06674540e+00 1.47574544e+00 1.52207363e+00 -5.97219527e-01
    -7.22337544e-01 -2.68876016e-01 6.71145201e-01 1.64684677e+00
    4.91454363e-01 -5.77113628e-02 1.44829345e+00 3.36255252e-01
    1.43100202e-01 -6.32490277e-01 9.57651198e-01 1.51026297e+00
    -1.91287994e-02 6.59389436e-01 1.23160458e+00 1.58846736e+00
    1.50109470e+00 8.43809843e-02 2.68265605e-01 9.43884969e-01
    4.02902246e-01 4.65455472e-01 1.65878558e+00 6.96327746e-01
    1.12460256e-02 -2.51933515e-01 1.25694704e+00 1.43798745e+00
    -1.02053404e-01 5.98226190e-01 8.52878690e-02 -2.03444123e-01
    -5.99684834e-01 1.85759604e-01 -5.17110825e-01 -1.04593575e-01
    1.50647593e+00 5.98788738e-01 -2.61748493e-01 1.31139433e+00
    -3.07708085e-01 1.66994405e+00 1.11185086e+00 4.38182592e-01
    1.66500866e-01 4.21809077e-01 1.51842117e+00 9.16826069e-01
    1.76332235e+00 9.58359241e-01 6.65756106e-01 3.57704341e-01
    1.63532257e+00 9.79713023e-01 1.01200724e+00 1.30694079e+00
    9.15380120e-02 -2.38639176e-01 1.18017793e-02 1.31352663e+00
    1.01582527e+00 -5.40167153e-01 1.20154071e+00 3.71092677e-01
    1.21958447e+00 1.53471768e+00 9.03457165e-01 2.25431800e-01
    -3.09857816e-01 1.66092336e+00 -4.62679416e-01 6.70594513e-01
    1.17356229e+00 7.82121718e-01 -6.55290902e-01 -6.92559779e-01
    2.87298083e-01 7.44730532e-01 1.38541150e+00 1.76102042e-01
    5.36769569e-01 3.04518819e-01 7.68000901e-01 9.38636065e-01
    -4.07526225e-01 1.22169447e+00 7.87945688e-01 -3.63509566e-01
    1.62449312e+00 4.74023342e-01 1.66094398e+00 -4.21083450e-01
    1.39105797e+00 -1.62956059e-01 -3.38777602e-01 -3.69261563e-01
    1.69430470e+00 4.81293321e-01 3.89827371e-01 1.17735052e+00
    3.67178082e-01 -5.81236362e-01 -4.21698958e-01 -7.49569237e-01
    7.46499956e-01 1.38532972e+00 1.06666648e+00 -4.88263339e-01
    1.49481297e+00 1.38694668e+00 1.38052845e+00 -3.64033639e-01
    1.64277935e+00 4.91861641e-01 1.78539610e+00 1.06876504e+00
    1.61037350e+00 1.75173879e-02 5.28026462e-01 1.75536704e+00
    1.30567598e+00 1.09541202e+00 1.64232421e+00 2.42853761e-02
    -3.90583038e-01 -2.47153163e-01 4.89570618e-01 -1.31845891e-01
    -3.46456528e-01 -5.37683487e-01 -1.78075969e-01 1.66241598e+00
    6.68038130e-01 -1.45166695e-01 -8.40523243e-01 -1.10690713e-01
    -7.29049921e-01 -4.17362273e-01 1.07639420e+00 -5.45712113e-02
    -1.28247261e-01 1.72808421e+00 1.26804864e+00 -2.91912407e-01
    1.07317626e+00 6.26513958e-02 1.48194861e+00 -3.61010969e-01
    8.38833869e-01 -2.12110043e-01 1.01845193e+00 -2.88284451e-01
    -5.20104647e-01 1.83542991e+00 1.23638570e-01 1.66037726e+00
    3.93000841e-01 3.21145594e-01 1.50163078e+00 1.09117162e+00
    1.40156567e+00 2.06071806e+00 1.05405164e+00 9.56632614e-01
    -2.73143053e-01 7.22938955e-01 -2.04358697e-01 8.66131067e-01
    5.41687250e-01 1.02144957e+00 -7.46943951e-02 1.52672946e-01
    -5.61986566e-02 6.67848647e-01 -4.74327326e-01 -1.42347872e-01
    3.57633173e-01 4.98143137e-01 1.37386250e+00 -5.04854918e-02
    6.24705493e-01 6.84284866e-01 5.92723310e-01 2.39914179e-01
    5.45676231e-01 5.26336730e-01 5.64477801e-01 -1.10877991e-01
    6.77355111e-01 -5.95591307e-01 -3.99957418e-01 1.11649060e+00
    8.95469308e-01 1.39724040e+00 7.78341949e-01 -4.02674675e-01
    -4.52485383e-01 1.07132554e+00 1.02790880e+00 3.13781381e-01
    5.31887472e-01 -7.07654119e-01 -4.06813413e-01 1.56839120e+00
    -7.20926523e-02 -6.84796035e-01 -3.57428640e-01 7.39262044e-01
    -3.96112829e-01 1.42799115e+00 5.48830628e-01 5.78711331e-01
    7.68383026e-01 7.10565150e-01 9.19718862e-01 -7.41913319e-02
    4.28853691e-01 1.15814447e+00 2.31801033e-01 1.72774315e-01
    7.40060806e-02 1.15527582e+00 1.35524035e+00 8.38575423e-01
    1.28547239e+00 8.93789291e-01 3.38125288e-01 7.85434365e-01
    5.42107821e-01 4.73211408e-02 -5.00158787e-01 1.60477245e+00
    -3.56862545e-02 2.33706534e-01 4.49030697e-01 1.05206728e-01
    6.34798825e-01 7.73683190e-02 -2.19430447e-01 -2.27992356e-01
    1.07806420e+00 5.53002775e-01 7.01831996e-01 1.05811656e-01
    3.50169897e-01 -4.88243133e-01 -3.69280756e-01 1.51416469e+00
    4.06612754e-01 7.26158142e-01 9.41583037e-01 1.98117435e-01
    -7.56937444e-01 1.76956487e+00 9.04039800e-01 1.67125034e+00
    -2.62757897e-01 1.52297616e-01 1.70043778e+00 1.39293551e-01
    9.21698272e-01 1.02997029e+00 -5.17127275e-01 1.52549911e+00
    5.76195598e-01 -2.92744011e-01 -4.20569777e-02 1.16750836e+00
    4.87417579e-02 1.01348615e+00 1.31852341e+00 4.22907472e-01
    -5.78889787e-01 -3.30849737e-01 -7.02111185e-01 1.55118191e+00
    2.47796953e-01 -7.87158608e-02 1.35654378e+00 6.68486953e-01
    1.28957415e+00 -4.77643371e-01 1.64974451e+00 2.98774362e-01
    -5.93197346e-02 9.57796395e-01 -4.08758610e-01 1.45571506e+00
    -4.91801053e-01 9.69595492e-01 7.34609306e-01 1.94923580e-01
    -1.41285956e-01 1.47020006e+00 1.43149400e+00 1.22213721e+00
    1.29718637e+00 -2.68514633e-01 1.46107459e+00 -8.03525746e-01
    -9.01910663e-02 9.03685808e-01 -3.42853993e-01 -2.39966691e-01
    -2.84771085e-01 1.69287395e+00 -1.38031662e-01 1.80170476e+00
    -2.35919654e-01 1.38399720e-01 -9.57019925e-02 7.27520645e-01
    -8.05318356e-02 -9.43576097e-02 7.17236519e-01 6.24866605e-01
    4.19459939e-01 1.16287684e+00 1.54225826e+00 -1.70252800e-01
    -1.33191645e-01 -4.87770587e-01 -4.18461740e-01 -2.43593156e-01
    2.80335009e-01 -1.94202244e-01 1.45280051e+00 -1.36656463e-01
    2.48085260e-01 1.46646011e+00 1.01754367e+00 -5.01976609e-01
    1.10842907e+00 2.20294118e-01 2.44860947e-01 1.10361457e-01
    -6.86264992e-01 -4.92685497e-01 6.62647486e-02 1.25804949e+00
    1.04748106e+00 7.12032020e-01 -2.74582684e-01 -1.69836760e-01
    -3.05496663e-01 -4.58041638e-01 2.45481312e-01 -1.44151449e-01
    1.69696498e+00 8.13143849e-02 -7.20003545e-01 9.25507843e-01
    1.31061947e+00 -7.10885584e-01 6.37291074e-01 -1.17040694e-01
    7.72382796e-01 6.05219603e-03 1.15973496e+00 1.17683482e+00
    8.19067419e-01 -2.03569412e-01 1.77027881e-01 -5.24729013e-01
    1.20164764e+00 9.38033223e-01 1.12855244e+00 5.24905324e-02
    -7.73130655e-02 -7.98684537e-01 -7.10615218e-01 1.44658637e+00
    -5.84664583e-01 -6.81822419e-01 1.48573375e+00 1.29819453e-01
    9.80603755e-01 -2.59919345e-01 -3.07112455e-01 1.60666275e+00
    1.15736115e+00 7.85421193e-01 1.42828155e+00 -8.01461458e-01
    1.06228328e+00 1.24429321e+00 1.20287108e+00 -7.97331393e-01
    1.15236390e+00 1.46531761e+00 6.33180559e-01 -4.31378156e-01
    9.87801135e-01 1.77328384e+00 1.66810131e+00 -2.67173290e-01
    1.42555761e+00 9.99576926e-01 1.27952850e+00 -3.37715924e-01
    1.51941109e+00 6.10355854e-01 1.61671925e+00 8.21804583e-01
    6.96869135e-01 -3.17427009e-01 1.34240651e+00 -2.71627903e-02
    6.77480876e-01 3.85912299e-01 6.99762464e-01 1.13915396e+00
    1.24559784e+00 1.57962382e+00 7.87524700e-01 5.49169004e-01
    1.18722022e-01 1.19973874e+00 -4.09603268e-01 1.44849312e+00
    5.21769941e-01 6.52798116e-01 1.34158361e+00 1.17753100e+00
    1.13303757e+00 1.29837823e+00 7.31196702e-01 7.70522356e-02
    1.00681996e+00 4.22522724e-01 1.12874079e+00 8.61639857e-01
    1.22344232e+00 1.00991404e+00 6.51629210e-01 1.06360424e+00
    1.03739130e+00 1.58679283e+00 1.29549682e+00 1.02825475e+00
    -5.87059379e-01 9.11075890e-01 7.88053274e-02 3.22818458e-01
    1.74623799e+00 1.58735609e+00 -1.85408652e-01 1.64914179e+00
    1.28536928e+00 1.61278605e-01 4.70231771e-01 1.55897927e+00
    2.97082126e-01 6.52789176e-01 -3.97454888e-01 1.58956504e+00
    1.72820902e+00 -2.73596078e-01 -6.86823070e-01 1.23548388e+00
    1.92313552e-01 7.28871524e-01 8.24240148e-01 -5.05159140e-01
    7.48169720e-01 -1.71712041e-01 -5.89894891e-01 -8.09980452e-01
    2.50496149e-01 -5.17933011e-01 1.50540280e+00 1.65145969e+00
    4.26502705e-01 7.82814622e-02 1.15282965e+00 1.03390718e+00
    1.70281327e+00 4.71745968e-01 1.68989551e+00 6.47164822e-01
    1.28042531e+00 -5.82958102e-01 -6.60276771e-01 2.39197493e-01
    2.40213454e-01 1.43654203e+00 9.89710450e-01 -6.52206957e-01
    1.81869078e+00 -2.35704899e-01 1.30622447e-01 1.03927910e+00
    8.42386127e-01 1.03890133e+00 5.74549258e-01 2.01763868e-01
    4.12963152e-01 3.97331417e-01 -1.22271538e-01 1.61513758e+00
    1.49817955e+00 1.41504622e+00 7.88824320e-01 1.65065551e+00
    -2.88643569e-01 -2.65485644e-02 2.28787601e-01 2.70732760e-01
    7.54422843e-01 1.23505497e+00 7.91368425e-01 7.42299199e-01
    4.17172015e-01 1.33365703e+00 1.51480949e+00 3.65663648e-01
    1.72097373e+00 1.00331831e+00 1.60574985e+00 3.86846066e-01
    8.82375658e-01 1.04720819e+00 -2.76310205e-01 1.29495883e+00
    -3.77106071e-02 -5.89266658e-01 1.21672988e+00 -2.64871746e-01
    1.35854220e+00 1.64712906e+00 -2.63284773e-01 4.04899240e-01
    9.15430605e-01 -5.97067535e-01 3.50103676e-01 3.98376286e-01
    1.26888096e+00 1.47984695e+00 1.60413980e-01 6.01410270e-02
    1.09470761e+00 1.23968124e-01 -3.46155107e-01 1.30142832e+00
    -1.43092215e-01 7.79427588e-01 4.48467970e-01 7.52998710e-01
    4.35356319e-01 1.19737160e+00 -5.35467148e-01 9.89299119e-01
    1.02497268e+00 1.40644968e-01 1.68026507e-01 2.78326273e-01
    9.95423794e-02 1.21752429e+00 -2.75003791e-01 3.82647514e-01
    1.00722015e-01 -2.64813483e-01 -2.00524926e-02 9.78505611e-01
    -5.89834034e-01 -2.15885937e-01 1.39163446e+00 1.29497659e+00
    -2.08367169e-01 4.87365723e-02 5.86248159e-01 3.96308362e-01
    -3.40782404e-01 -2.25616813e-01 2.16186464e-01 4.27947044e-01
    1.22489154e-01 1.15095568e+00 9.56118345e-01 9.21383679e-01
    -7.53287673e-01 2.70456731e-01 1.25647199e+00 3.86363506e-01
    -1.35930717e-01 1.38977504e+00 -3.53348613e-01 -4.81823683e-02
    2.94797242e-01 -3.02775621e-01 1.67567110e+00 5.25672376e-01
    6.43478334e-01 1.76167321e+00 -6.26738787e-01 1.39854312e-01
    1.77368462e+00 8.74923050e-01 5.01840472e-01 7.82611072e-01
    -6.87324226e-01 8.39959502e-01 1.72773623e+00 8.99927378e-01
    6.88011646e-02 -3.66354644e-01 7.39127517e-01 6.62007332e-01
    1.07534063e+00 1.01580024e-02 -3.38186234e-01 1.27244973e+00
    8.87658596e-02 -7.42668629e-01 -2.74467468e-02 1.27583623e+00
    7.68764555e-01 -1.62588954e-01 1.11530685e+00 1.69430292e+00
    1.04886317e+00 -2.06586123e-02 -3.57688814e-01 1.58779025e-02
    7.96943307e-02 6.76512718e-02 -4.84346151e-02 -5.86035132e-01
    -3.22909117e-01 1.76079595e+00 -5.17548680e-01 -7.69104064e-01
    1.71683311e+00 8.60390425e-01 1.00161242e+00 1.60928249e+00
    -9.20769572e-02 1.02822483e-01 -1.44252002e-01 1.04490805e+00
    5.30186415e-01 5.54802299e-01 1.03695917e+00 2.25603044e-01
    1.15129447e+00 1.28583741e+00 1.11042678e-01 1.74527633e+00
    -1.62998557e-01 -6.61628962e-01 6.24407947e-01 8.20643187e-01
    1.15606415e+00 4.79876518e-01 -5.50390005e-01 1.66769981e+00
    1.02654576e-01 7.58061707e-01 -6.08931661e-01 3.98808122e-02
    -6.04257345e-01 -1.61944330e-01 -2.19866574e-01 7.81554461e-01
    -4.43952799e-01 1.36972046e+00 1.40768659e+00 1.18423700e-01
    1.51702714e+00 -1.17063314e-01 -5.65149784e-02 -2.22565636e-01
    -3.52577001e-01 1.85327005e+00 1.38722444e+00 1.08978093e+00
    1.84037066e+00 1.74262834e+00 -6.35658085e-01 -4.95262921e-01
    -3.31281960e-01 1.14005423e+00 -4.67690229e-02 8.31768990e-01
    4.26404774e-01 -4.32749003e-01 -6.86764240e-01 6.95894837e-01
    8.33202064e-01 2.07151771e-01 -7.00964928e-01 6.83090448e-01
    3.69035363e-01 -3.83406073e-01 9.66842711e-01 1.15387845e+00
    1.43360448e+00 1.60665405e+00 1.49802506e+00 1.07878041e+00
    2.77652085e-01 7.40089893e-01 -4.59978521e-01 1.31190228e+00
    -5.56236506e-02 9.94197488e-01 -5.80208302e-01 7.57185519e-01
    1.24791586e+00 -3.89435768e-01 -5.08153379e-01 1.05037403e+00
    -1.42192841e-02 1.20857465e+00 1.67229342e+00 1.08625984e+00
    7.67804325e-01 -1.71671927e-01 1.54086280e+00 -4.10002649e-01
    1.31355274e+00 -2.43502617e-01 -5.66466570e-01 -3.11568350e-01
    -3.06898654e-01 1.16343880e+00 -2.39174366e-01 4.73416448e-02
    -1.14890933e-02 1.06144929e+00 -6.78651512e-01 9.72715676e-01
    1.59512436e+00 1.15943217e+00 -6.21305346e-01 -2.58061647e-01
    -7.13827789e-01 1.38099885e+00 -5.41138172e-01 1.92922294e-01
    -7.09735513e-01 -7.63309002e-01 8.03006887e-02 1.24107766e+00
    -4.12254930e-01 1.35890961e+00 3.53547633e-01 -7.12889016e-01
    1.03750169e+00 -7.19003677e-01 6.09134912e-01 1.31069481e-01
    -7.00184286e-01 9.66232359e-01 -1.83210015e-01 -2.16909647e-02
    -6.13518834e-01 1.66362929e+00 3.74462903e-01 8.74726176e-01
    -7.59426951e-02 1.41023922e+00 -8.65429640e-03 7.30830669e-01
    4.29928005e-01 1.60580444e+00 1.57191420e+00 6.48583829e-01
    -4.16605949e-01 1.62845862e+00 5.47750652e-01 9.37599242e-01
    1.59822786e+00 2.97212064e-01 3.03404748e-01 -1.98512554e-01
    5.14598787e-01 4.75363314e-01 9.87214506e-01 -1.53444529e-01
    1.70092535e+00 -2.52312541e-01 -1.61290169e-01 1.53556252e+00
    -6.50771260e-02 -3.11361253e-01 1.73260665e+00 6.68808997e-01
    4.08822298e-03 -3.17134053e-01 1.16877842e+00 -2.38164961e-01
    -3.58532667e-01 1.19393027e+00 9.43731904e-01 8.71146023e-01
    4.90852773e-01 6.68118358e-01 6.72948539e-01 5.26648641e-01
    1.15156400e+00 1.66602683e+00 -2.27891028e-01 -1.98983431e-01
    -2.17224896e-01 2.24708080e-01 4.35881674e-01 -8.09577227e-01
    2.47737110e-01 -2.61673748e-01 1.37462354e+00 8.21948290e-01
    8.89462233e-03 1.37556911e-01 8.74183774e-01 8.27333152e-01
    5.33607721e-01 -2.45087385e-01 1.21819711e+00 4.18472707e-01
    1.15002000e+00 1.06980515e+00 2.42704630e-01 1.23196602e+00
    7.19929338e-01 4.94454801e-01 -3.73145342e-01 1.28622890e-01
    1.09834409e+00 1.45754814e+00 1.79772842e+00 -2.27069080e-01
    -4.74657148e-01 -7.28098452e-01 -6.44375801e-01 3.75859320e-01
    5.74692547e-01 -2.45044827e-01 1.29839122e-01 1.66707039e+00
    1.22179389e-01 4.75044549e-01 -3.35269183e-01 -2.44606078e-01
    3.46480370e-01 1.68112481e+00 -3.84268582e-01 -1.62873387e-01
    -3.72907013e-01 -4.35442328e-02 -6.48230076e-01 1.56844139e+00
    -7.11997986e-01 -3.22199076e-01 6.86434031e-01 3.49112153e-02
    -5.77155530e-01 2.12883949e-03 1.34867501e+00 1.73918784e+00
    -2.74785221e-01 7.98740447e-01 -1.67413175e-01 -7.33877063e-01
    -3.63874406e-01 -6.83976829e-01 1.44356370e+00 -1.82177961e-01
    1.05697536e+00 1.56349158e+00 1.25683403e+00 1.12709260e+00
    1.03019094e+00 -6.28928840e-01 1.20293975e+00 1.45863295e+00
    6.27004743e-01 3.88079882e-01 -1.53599203e-01 -4.93960619e-01
    3.36579084e-01 -2.70561934e-01 1.09601903e+00 5.23765743e-01
    1.06120288e+00 -6.93288922e-01 1.30313718e+00 1.42764807e+00
    3.66209090e-01 -4.55869108e-01 -2.82503247e-01 1.32890916e+00
    -3.95142436e-02 -8.58129740e-01 1.62253010e+00 7.64413059e-01
    6.34335876e-02 1.20841908e+00 1.53826880e+00 1.05028367e+00
    1.66317654e+00 -1.32919729e-01 -8.42569351e-01 7.68395185e-01
    5.16319215e-01 -7.26330280e-02 1.77025914e-01 1.43632388e+00
    1.33816504e+00 -5.27384162e-01 -6.74152374e-02 -7.79010534e-01
    -5.47778547e-01 1.72262955e+00 1.01706505e+00 -8.03609610e-01
    4.12311435e-01 4.09823835e-01 6.81894660e-01 -5.52370906e-01
    1.18715501e+00 1.24689555e+00 1.55307090e+00 8.37562859e-01
    -4.98216182e-01 6.57453537e-01 2.53091753e-01 1.90835142e+00
    1.11901355e+00 1.36982036e+00 2.02305555e-01 1.21147037e+00
    6.20841920e-01 2.42614746e-03 1.43192768e-01 1.77542090e-01
    2.86923230e-01 7.89812088e-01 1.76934314e+00 3.73069227e-01
    4.28971648e-02 2.99059808e-01 5.25150299e-01 1.37341571e+00
    1.24041188e+00 -2.60887861e-01 6.34889662e-01 -2.21802890e-01
    -2.18997538e-01 1.73264432e+00 1.41832948e+00 1.79631114e-01
    -5.46719432e-01 -2.96697557e-01 8.98113608e-01 -1.20772481e-01
    3.68962646e-01 -1.61275089e-01 -9.76191163e-02 3.91224444e-01
    -5.81278801e-01 -2.57149726e-01 3.06849599e-01 -6.50132060e-01
    -3.38076353e-02 -6.43565834e-01 7.94285953e-01 1.59587574e+00
    -3.86719972e-01 1.57906926e+00 9.24223900e-01 5.87880611e-02
    -3.99619013e-01 4.86236155e-01 1.51184392e+00 7.88399637e-01
    9.21416402e-01 1.76735497e+00 1.74865389e+00 3.50030959e-01
    4.67068374e-01 7.39815593e-01 2.59399831e-01 6.33851111e-01
    6.38931334e-01 5.35770953e-01 -3.25936079e-02 3.17575932e-01
    1.12513435e+00 4.62348819e-01 1.40589488e+00 -7.22875357e-01
    4.58596706e-01 5.91830373e-01 -4.10918444e-01 -5.84254980e-01
    1.07637894e+00 6.52342021e-01 -7.78010488e-02 2.89172113e-01
    -3.46710861e-01 1.31251454e+00 -5.52149177e-01 1.67407584e+00
    -5.22418141e-01 2.20900834e-01 2.17652261e-01 1.27117670e+00
    9.15468216e-01 -3.04011703e-02 -4.27397013e-01 -7.29684234e-01
    4.56731915e-01 1.56879294e+00 -2.66167343e-01 1.34143281e+00
    -6.54251218e-01 -7.71824241e-01 -7.30880916e-01 1.35556197e+00
    7.39906728e-01 -6.66943073e-01 7.88231671e-01 3.62836123e-02
    9.41906691e-01 9.94142890e-01 -2.52452433e-01 -6.37125552e-01
    1.17518651e+00 -7.09158063e-01 1.01419997e+00 1.46323967e+00
    2.37529457e-01 -5.63937724e-01 -3.07280391e-01 1.40553999e+00
    -7.49226749e-01 9.30070043e-01 -1.33958459e-02 1.40687811e+00
    -6.48060262e-01 1.65637159e+00 7.62279868e-01 -2.21793711e-01
    6.44883871e-01 1.63671327e+00 -5.88656902e-01 2.45576978e-01
    1.85460019e+00 9.16828871e-01 -1.57251716e-01 -4.88798201e-01
    3.03102970e-01 1.78567028e+00 2.38836408e-02 -1.81513369e-01
    1.30770040e+00 1.06435418e-01 -1.52268827e-01 8.32765043e-01
    1.06810963e+00 7.32585728e-01 7.31221318e-01 -7.98096478e-01
    6.26260996e-01 1.11836314e-01 1.01717782e+00 -4.18868423e-01
    -5.69569051e-01 8.73128891e-01 -3.38472575e-01 -3.00628066e-01
    -2.35833466e-01 1.60415304e+00 1.06654477e+00 1.14133823e+00
    6.16545439e-01 6.75085962e-01 1.37051105e+00 9.05312896e-02
    1.79494381e+00 -1.44541323e-01 1.63001835e+00 1.05639839e+00
    -6.52821362e-01 2.41015434e-01 5.02848566e-01 -5.97406089e-01
    3.84204447e-01 4.10209954e-01 1.69892728e+00 1.34019554e-01
    -4.79985863e-01 1.24020553e+00 1.50103831e+00 -5.79247594e-01
    1.06322467e+00 7.12559938e-01 6.10795021e-02 -5.49010634e-01
    1.57979703e+00 7.60227740e-01 -2.92785347e-01 1.23479545e-01
    1.25091541e+00 7.15410411e-01 8.49021137e-01 -6.22748733e-02
    1.13565397e+00 1.43007541e+00 1.57429755e-01 6.13483727e-01
    -5.29333591e-01 9.45399940e-01 -5.22416472e-01 7.05679774e-01
    6.59370422e-01 1.40700173e+00 1.68073559e+00 1.14376783e+00
    5.58894336e-01 1.79653144e+00 1.17250085e+00 7.93529570e-01
    2.11611629e-01 1.76554894e+00 1.54188037e-01 6.50001705e-01
    7.57875502e-01 1.22985721e-01 -3.19504440e-01 1.67891264e+00
    6.45896196e-01 7.52615631e-01 -2.62095153e-01 1.57693911e+00
    -7.46097624e-01 1.60199046e+00 1.53848803e+00 9.75247741e-01
    3.26000631e-01 3.36552858e-01 1.69095302e+00 5.56705952e-01
    -4.90141690e-01 4.59480882e-02 3.49416316e-01 1.65270209e-01
    -5.20768881e-01 4.82462704e-01 1.61121094e+00 1.51827431e+00
    1.62858641e+00 1.57974529e+00 3.47290576e-01 1.75616241e+00
    -3.41953397e-01 1.66034937e+00 -7.06073761e-01 9.35756683e-01
    -3.22385430e-01 1.45061707e+00 1.65468168e+00 2.42175043e-01
    1.83674455e-01 9.45286691e-01 -4.70164508e-01 8.50158155e-01
    6.11337006e-01 1.45379448e+00 5.10258913e-01 1.23028588e+00
    1.47571802e+00 -5.58185220e-01 -5.47941327e-01 7.68952966e-02
    5.49787104e-01 1.02341056e+00 6.99857831e-01 -5.26298046e-01
    1.49328148e+00 5.58046460e-01 6.11333370e-01 1.67212963e+00
    2.32934386e-01 1.02008080e+00 1.65402770e+00 7.28609741e-01
    7.56808162e-01 -3.26684713e-02 -1.46895647e-03 9.42767918e-01
    4.28575277e-02 4.85152125e-01 1.45278561e+00 3.56221259e-01
    3.94735157e-01 1.07369018e+00 1.03393137e-01 -1.75856054e-01
    1.54331732e+00 1.75967479e+00 1.40768838e+00 -4.75510865e-01
    1.64008915e+00 1.48358870e+00 6.63306177e-01 3.19827020e-01
    -6.58134699e-01 5.60001194e-01 -2.89412200e-01 1.47476578e+00
    4.70268607e-01 4.81891572e-01 -3.54511172e-01 1.34732711e+00
    7.15242147e-01 1.05062199e+00 1.53369713e+00 -3.59126508e-01
    7.29482472e-01 4.20207560e-01 -6.86124861e-01 3.57983589e-01
    -7.00539768e-01 7.88739979e-01 2.23091245e-02 8.77067447e-01
    6.21528804e-01 4.76607382e-01 -6.44626617e-02 1.40570617e+00
    5.99788427e-01 1.54015803e+00 5.43634355e-01 1.13858855e+00
    9.94037569e-01 9.67482150e-01 5.83966374e-02 1.64082026e+00
    -1.05503798e-01 1.72910810e+00 1.39222264e-01 1.37289619e+00
    -6.81831062e-01 -2.39408612e-01 -1.93325102e-01 -7.11388230e-01
    1.03166604e+00 -1.75936222e-01 -8.12413752e-01 1.11304927e+00
    1.18212771e+00 1.97353363e-02 1.26498878e-01 -7.91701496e-01
    -5.86606026e-01 -7.50078976e-01 -5.06461442e-01 7.35269606e-01
    -6.99138522e-01 8.11486065e-01 5.12395620e-01 -5.73589802e-01
    4.70205724e-01 -4.12315071e-01 7.09245563e-01 3.41855943e-01
    4.38622296e-01 1.19177961e+00 8.01276743e-01 2.16533899e-01
    9.86745059e-01 3.41701388e-01 4.57758009e-01 5.12844205e-01
    5.78850508e-03 1.34521151e+00 8.53760481e-01 6.10070825e-01
    1.45059037e+00 -3.12710404e-01 -3.75017375e-01 -4.16450977e-01
    -3.25195193e-02 2.36960649e-02 -5.53810477e-01 -4.48489487e-01
    -2.69519120e-01 1.74680948e+00 -8.51001740e-02 -1.74574912e-01
    9.17489350e-01 1.50098717e+00 1.17278874e-01 1.45755935e+00
    5.69277406e-01 -4.80005205e-01 1.04288268e+00 -4.60458785e-01
    -2.62249112e-01 -4.15808678e-01 1.17468023e+00 -6.86121821e-01
    1.45906091e+00 1.06545234e+00 -8.23466182e-02 1.11178565e+00
    1.20282555e+00 1.05466557e+00 4.77543771e-01 7.31167078e-01
    -4.44798738e-01 1.26177287e+00 1.39588332e+00 1.37731004e+00
    1.51151323e+00 1.42633915e-03 8.43394101e-01 5.87042511e-01
    -6.91326141e-01 7.36192167e-01 3.13003898e-01 -4.12819326e-01
    6.90743148e-01 5.88057578e-01 1.36348033e+00 -6.58415556e-01
    -4.08202380e-01 1.61614656e+00 1.50152171e+00 9.14895535e-03
    -1.90509439e-01 -6.29120827e-01 -6.19967580e-01 -4.96783257e-01
    1.17222881e+00 4.39647853e-01 -3.48531276e-01 1.71788299e+00
    5.55952132e-01 1.40979600e+00 7.58258939e-01 1.00071120e+00
    1.37405324e+00 2.35924065e-01 1.23371482e+00 8.67147982e-01
    1.15488529e-01 1.42252803e-01 -5.30409455e-01 5.42077005e-01
    1.62348461e+00 8.25381398e-01 1.77047789e+00 1.53249860e+00
    8.01372945e-01 1.53395820e+00 1.20339727e+00 9.46307540e-01
    2.45626330e-01 6.64082766e-01 -1.07404590e-02 6.24151647e-01
    -1.06841207e-01 1.57263815e+00 4.74893808e-01 -7.44385302e-01
    1.16572964e+00 7.45604515e-01 5.84733307e-01 -6.69879913e-02
    1.52871323e+00 9.07981753e-01 1.80160797e+00 1.09954381e+00
    1.77660751e+00 7.79318452e-01 -5.00271797e-01 1.26731586e+00
    -5.02279401e-01 1.35869837e+00 1.04747665e+00 -6.88707530e-01
    1.73141313e+00 9.65590596e-01 -4.68759328e-01 -1.58984780e-01
    1.45089173e+00 1.39421570e+00 1.50654602e+00 4.92691398e-01
    -2.09957540e-01 7.70418108e-01 -5.73849261e-01 -2.10432231e-01
    -3.63752186e-01 1.25630820e+00 9.57313776e-02 -3.97917032e-02
    -2.04491615e-01 -1.76253915e-02 9.08458769e-01 -6.39439762e-01
    1.51644135e+00 -4.90349531e-01 2.30887532e-02 6.84948802e-01
    -2.90778637e-01 1.44492388e-02 -6.05687857e-01 5.91194451e-01
    7.64180720e-01 4.78289127e-02 1.41529918e+00 6.39960527e-01
    1.37000084e+00 1.46561646e+00 3.50214064e-01 -6.88362598e-01
    7.13886023e-01 1.74962413e+00 5.79315245e-01 1.20456839e+00
    -7.10806072e-01 1.64716578e+00 -3.03843856e-01 1.16906250e+00
    -5.30193448e-01 4.70063210e-01 1.60023451e+00 -2.29335546e-01
    1.63892806e-01 -5.47989249e-01 -5.61709523e-01 -2.18070149e-02
    1.32263124e-01 1.20646119e+00 1.65055442e+00 -3.35842669e-01
    1.94705510e+00 1.56512141e+00 -1.58117950e-01 -9.44656134e-02
    -1.19867980e-01 -6.56263471e-01 6.08757615e-01 5.86721778e-01
    8.00946712e-01 7.60103405e-01 -6.36016905e-01 2.36168861e-01
    -5.04839540e-01 -5.20906627e-01 9.50183272e-01 -6.48832619e-01
    7.44091332e-01 6.71582103e-01 7.53198802e-01 9.95209515e-01
    9.15206194e-01 1.37574100e+00 2.76183844e-01 3.02840173e-01
    3.66828442e-02 2.77513444e-01 -2.65618742e-01 3.37292671e-01
    1.59993780e+00 1.11522734e+00 -3.42763275e-01 -2.00496018e-01
    -1.47440732e-01 3.51260781e-01 1.74529386e+00 1.27601242e+00
    1.03692341e+00 -7.29776502e-01 1.74140429e+00 2.57834792e-01
    5.79508245e-01 7.59217143e-01 -3.85394216e-01 8.84453475e-01
    1.32212257e+00 -7.84243345e-02 7.57648766e-01 -4.29711044e-01
    1.74865615e+00 -1.32530808e-01 1.22758818e+00 9.03899968e-01
    -1.59173667e-01 -9.00159478e-02 1.59576058e+00 -1.60107374e-01
    -2.29478717e-01 1.72294140e+00 1.01584625e+00 1.59648442e+00
    1.21524239e+00 1.09273386e+00 -1.40090466e-01 1.23381782e+00
    1.71209764e+00 -7.10047841e-01 1.62072873e+00 1.38256526e+00
    8.68743002e-01 1.79418492e+00 5.00729859e-01 1.58518732e-01
    9.37769413e-02 1.00862288e+00 3.90870094e-01 8.56164873e-01
    1.81063128e+00 -7.03409076e-01 1.61442697e+00 -4.82028127e-01
    3.24672878e-01 1.87990785e-01 1.53761506e+00 6.23357892e-02
    1.61059535e+00 1.51252723e+00 -3.16226482e-03 -5.49240351e-01
    1.06485748e+00 1.09764969e+00 1.62307382e+00 1.26333058e-01
    1.72529364e+00 1.08540058e+00 1.16271281e+00 -4.48404104e-01
    4.30332601e-01 -4.86861169e-01 -4.61455077e-01 1.26239562e+00
    1.41043842e+00 1.11221290e+00 1.33199286e+00 1.64208984e+00
    1.15812361e+00 6.96170390e-01 1.45591354e+00 4.82121408e-01
    1.32099092e+00 -3.54545563e-01 -3.72822225e-01 1.16213465e+00
    1.58683813e+00 -7.07275867e-02 6.37545466e-01 2.37199247e-01
    7.02216029e-01 1.82491279e+00 1.08130324e+00 -7.56596386e-01
    -2.92091787e-01 1.06140876e+00 3.21806133e-01 2.66151726e-01
    -1.92428231e-02 1.03528309e+00 3.72660220e-01 -7.11541951e-01
    -4.51636314e-01 -2.27902055e-01 4.42201376e-01 -7.68086255e-01
    -5.73333263e-01 1.77652812e+00 7.32079923e-01 1.23940992e+00
    1.01309013e+00 -5.40299416e-02 4.55236733e-01 -4.56948519e-01
    3.50312114e-01 1.44374537e+00 6.93798065e-03 5.75512469e-01
    4.32896495e-01 8.11068416e-02 -1.24847949e-01 1.78179920e-01
    -7.85073400e-01 3.09804022e-01 1.72326851e+00 -4.32580829e-01
    8.87452960e-01 1.10403168e+00 1.52890062e+00 4.59373593e-02
    5.68356216e-01 1.06233239e+00 7.93831348e-02 -4.15332317e-02
    7.03309536e-01 3.78920555e-01 1.37520123e+00 8.40238273e-01
    1.61534655e+00 7.79703677e-01 -6.69217110e-01 6.39199317e-01
    1.21226478e+00 1.71078324e+00 1.29842877e+00 4.78646338e-01
    4.28670526e-01 9.60266769e-01 1.42600489e+00 1.30326390e+00
    1.52107525e+00 -2.94926524e-01 -5.20835876e-01 1.23816669e+00
    1.51981544e+00 -1.11228228e-03 1.56491590e+00 -6.93353653e-01
    -3.10977787e-01 5.43352425e-01 1.55680466e+00 1.39077485e-01
    1.54249167e+00 -5.15166640e-01 9.72085416e-01 -2.03916609e-01
    9.08872783e-01 1.46731377e-01 -7.28243828e-01 1.42954373e+00
    -4.18673396e-01 1.68261588e+00 -3.25129926e-01 -2.29903638e-01
    4.50076282e-01 4.82792318e-01 1.02972841e+00 -2.99469113e-01
    1.20465338e-01 1.03629804e+00 -7.39933431e-01 1.65747392e+00
    2.62691975e-02 1.39451027e-02 -4.76260781e-01 1.25200033e+00
    -1.40374959e-01 1.55612683e+00 9.88566637e-01 -6.11809909e-01
    1.47751641e+00 3.15854549e-02 6.84852362e-01 1.10570431e+00
    -6.50282025e-01 9.10555482e-01 9.34417427e-01 6.52658105e-01
    2.32530534e-01 -1.47533476e-01 6.39637530e-01 1.57144451e+00
    1.32596517e+00 -4.07998353e-01 -2.67412245e-01 -3.59703898e-01
    1.63801813e+00 1.45758021e+00 -8.24242055e-01 3.16184163e-01
    1.43864942e+00 -1.75984442e-01 -6.49010777e-01 1.73708510e+00
    1.67133546e+00 9.03799534e-01 1.69785833e+00 1.27951562e-01
    4.03869927e-01 9.45467353e-02 -1.99478328e-01 -3.41372818e-01
    7.92151093e-02 -5.67171454e-01 4.75809216e-01 -1.39557391e-01
    2.00705147e+00 9.28087533e-01 1.40135735e-01 5.10828376e-01
    8.47203910e-01 2.02213860e+00 -5.26672661e-01 1.65967655e+00
    -1.62741065e-01 1.56973052e+00 9.56319094e-01 1.20343721e+00
    1.57513547e+00 1.57759809e+00 -2.98330963e-01 -6.33817911e-03
    -8.10784042e-01 7.99965858e-03 4.00355935e-01 -3.15904021e-02
    8.56441438e-01 1.42909229e-01 1.07051349e+00 1.65912688e-01
    -7.91695893e-01 -3.51936728e-01 -4.04146880e-01 3.71538997e-02
    1.23286462e+00 6.56767368e-01 6.08432055e-01 6.09628439e-01
    7.42403567e-01 4.96081293e-01 -5.06917834e-02 -1.09501302e-01
    1.68564975e-01 4.48409796e-01 1.55112660e+00 -5.07504225e-01
    1.06723046e+00 1.01220965e-01 6.23359203e-01 4.91577089e-01
    -5.66501737e-01 -1.50194049e-01 1.38758278e+00 1.28344727e+00
    -2.34034389e-01 1.68493748e-01 4.90810394e-01 1.13147223e+00
    1.64226115e-01 1.10835755e+00 1.13390708e+00 -4.43534911e-01
    -4.97956365e-01 1.57017326e+00 1.54976642e+00 -7.10663319e-01
    6.46536231e-01 9.48393524e-01 5.18867135e-01 -1.68811440e-01
    1.07618749e-01 1.02469635e+00 -9.75576043e-02 1.33897674e+00
    1.20338583e+00 1.31898236e+00 1.80602014e-01 1.73660684e+00
    4.88268733e-01 1.21211243e+00 1.39872360e+00 9.55112159e-01
    5.27456403e-02 -7.47217655e-01 -4.52794909e-01 9.02169287e-01
    -4.46952552e-01 1.11964631e+00 9.82488513e-01 1.20650172e+00
    1.15362775e+00 -4.28672343e-01 -6.04003549e-01 -7.64727354e-01
    2.20289111e-01 1.44163859e+00 6.20617568e-01 -4.73441660e-01
    -4.37974781e-01 1.29947281e+00 -5.53680837e-01 -1.16530061e-01
    1.62306130e+00 1.77328837e+00 1.32491970e+00 4.03234601e-01
    3.56418550e-01 1.86854661e-01 5.83164454e-01 1.09114027e+00
    4.05749500e-01 -7.10038066e-01 1.59031034e+00 8.31107557e-01
    -3.04847717e-01 -1.04134440e-01 -6.46096826e-01 7.16616273e-01
    1.00845528e+00 -8.74452591e-02 1.25001395e+00 -7.15657532e-01
    -5.49733996e-01 -4.34971720e-01 -3.84352952e-01 1.57602262e+00
    -7.30435610e-01 3.09420884e-01 -3.08808029e-01 -4.45207000e-01
    -1.57041848e-01 -5.95120192e-01 1.71749640e+00 4.02419209e-01
    -2.36607432e-01 -5.61565161e-02 -8.61553550e-02 7.99325347e-01
    5.30928075e-01 1.59481871e+00 8.04018676e-01 -3.75083864e-01
    9.92001534e-01 7.98620582e-02 -6.92306042e-01 1.58426976e+00
    6.48863256e-01 6.88173950e-01 -6.29173517e-02 8.04190099e-01
    4.19821918e-01 8.50778937e-01 1.97325230e-01 4.96365488e-01
    2.31657624e-01 3.29389453e-01 1.03461385e-01 8.54051828e-01
    1.16115952e+00 -7.85181165e-01 -7.16664672e-01 1.45763922e+00
    7.15114772e-01 9.77644980e-01 6.73112988e-01 6.36953115e-01
    -8.41266513e-02 -7.53881156e-01 -6.38128042e-01 1.30375671e+00
    8.11991155e-01 7.50964880e-03 1.58584571e+00 1.75311518e+00
    -6.79670513e-01 2.13101745e-01 -7.11745620e-02 -7.60897756e-01
    5.24644256e-02 1.52227485e+00 -3.24524641e-01 4.45036709e-01
    1.48530066e-01 7.28588820e-01 7.26409137e-01 5.78655899e-01
    -3.80778730e-01 6.51786327e-01 1.62668765e-01 -6.74749017e-01
    9.33410347e-01 7.90368617e-01 -7.02022493e-01 1.08898830e+00
    -6.22889876e-01 6.16407752e-01 -1.10223293e-01 8.68745148e-01
    1.53438866e-01 -7.11959958e-01 9.37751472e-01 2.71971405e-01
    1.24980664e+00 6.35254443e-01 -2.83543348e-01 8.27028036e-01
    1.67076504e+00 -9.41349864e-02 1.42873871e+00 -2.12363183e-01
    -5.51819801e-04 1.04076684e+00 1.03094339e-01 1.53253078e-01
    -4.54598933e-01 1.00648785e+00 1.43632126e+00 1.91292346e-01
    1.42644811e+00 1.14310801e+00 2.65829861e-01 1.12518477e+00
    -2.27445483e-01 -7.00589597e-01 1.49153471e-02 1.59487903e-01
    -2.08454549e-01 1.11846828e+00 3.44226420e-01 9.59935606e-01
    6.14674509e-01 2.12598324e-01 -5.15608191e-01 9.67806160e-01
    -2.27612197e-01 -4.55148190e-01 9.78661120e-01 8.43697548e-01
    1.75459301e+00 -1.22687221e-01 1.32792234e+00 2.78704882e-01
    -3.92368317e-01 1.27198482e+00 6.52381897e-01 1.15102768e+00
    1.76600742e+00 -3.96929502e-01 1.05892849e+00 -4.07078087e-01
    8.04408193e-01 5.16272724e-01 1.21305585e+00 5.74264824e-01
    1.55062795e-01 9.58404422e-01 -4.93187934e-01 -7.63062000e-01
    -7.95314491e-01 1.45788741e+00 1.24581790e+00 7.42162049e-01
    7.82175303e-01 -4.51273471e-01 1.94383764e+00 2.12443709e+00
    1.18758380e-01 5.19256830e-01 9.03159618e-01 8.87885213e-01
    5.84068894e-02 7.10776031e-01 1.86663198e+00 -6.62351131e-01
    4.33843136e-02 1.45850921e+00 1.49573064e+00 1.06100464e+00
    1.52152216e+00 -1.30473673e-01 1.11516571e+00 9.32527184e-01
    9.54005718e-02 8.25107157e-01 3.24254036e-02 1.61486578e+00
    3.59765351e-01 -7.63638854e-01 7.87475348e-01 -3.49999130e-01
    5.92705011e-01 5.43319583e-02 -7.19658732e-02 6.62358940e-01
    1.06499302e+00 5.49672723e-01 1.09863067e+00 1.27513981e+00
    1.64301610e+00 1.25724864e+00 7.66487241e-01 -6.20812416e-01
    5.74077845e-01 3.50987911e-02 1.62922716e+00 -1.09859645e-01
    1.62562227e+00 5.52709639e-01 -2.05463052e-01 -6.28491640e-01
    7.70099282e-01 -6.10951841e-01 -3.85624766e-02 8.21596980e-02
    1.69781208e+00 -1.74998045e-02 1.15427351e+00 1.73155189e-01
    8.00481617e-01 1.28165579e+00 -3.01087379e-01 1.29393935e+00
    -3.43209058e-01 8.49163115e-01 4.29449439e-01 1.06989956e+00
    7.25820303e-01 1.40288675e+00 4.38116312e-01 1.22567606e+00
    -7.69367218e-01 1.06477857e+00 -3.95031929e-01 -1.24876201e-01
    1.08011341e+00 1.67584872e+00 4.76411104e-01 -6.04132712e-01
    1.67821550e+00 1.78891158e+00 6.56295419e-01 1.68983293e+00
    8.21769834e-02 1.56112027e+00 1.81086040e+00 9.26466703e-01
    1.75658417e+00 1.18029237e+00 9.09321904e-02 1.57876849e+00
    5.64734936e-02 1.55060244e+00 1.25105119e+00 4.12239313e-01
    1.47311795e+00 -6.64609849e-01 1.82213986e+00 -1.65573239e-01
    -3.54371071e-02 1.30850363e+00 -3.73813927e-01 8.56048524e-01
    8.84104788e-01 -6.84536576e-01 -2.70940900e-01 1.21988940e+00
    2.16775477e-01 5.49564958e-02 1.70741904e+00 6.53035760e-01
    -3.39786947e-01 -5.40919065e-01 7.37409055e-01 1.03538060e+00
    -6.54514492e-01 3.93094122e-01 1.40146101e+00 2.61857808e-01
    9.45319593e-01 -3.54775757e-01 1.42932296e+00 9.43409324e-01
    -3.66526127e-01 -3.96915495e-01 2.06653893e-01 -4.17074025e-01
    8.53049457e-01 1.81897807e+00 1.72392774e+00 3.05952311e-01
    3.97406816e-01 1.47916019e+00 5.84358394e-01 2.97872245e-01
    1.29774904e+00 1.54312229e+00 1.44786859e+00 -1.08927131e-01
    1.78604198e+00 2.82113552e-01 1.72401738e+00 -4.81186748e-01
    -1.84382856e-01 1.57527483e+00 -1.14376664e-01 -1.64836049e-02
    -1.41447544e-01 -2.05342531e-01 1.14444923e+00 9.94932771e-01
    3.25911760e-01 8.73085678e-01 9.56997275e-02 5.35099208e-01
    3.86375844e-01 1.89996481e-01 -6.15397453e-01 -1.38692617e-01
    3.76536369e-01 -7.10956752e-01 1.09485745e+00 5.73418975e-01
    -2.47446954e-01 6.26546144e-02 1.24051809e-01 1.08481169e+00
    5.19169569e-02 -7.42998719e-01 5.16381085e-01 1.76820827e+00
    1.34239066e+00 7.38382339e-04 7.84561992e-01 1.39025545e+00
    1.12003374e+00 -4.11291599e-01 1.08249044e+00 1.28690052e+00
    -4.44568366e-01 -1.87944353e-01 5.68622887e-01 1.43846321e+00
    4.71152365e-01 1.47111535e+00 1.35954249e+00 1.05838549e+00
    1.47581780e+00 -2.25217760e-01 -7.16650307e-01 1.21871293e+00
    6.38153911e-01 6.10743701e-01 -2.29168653e-01 -7.85933614e-01
    1.50003266e+00 -1.47523880e-01 7.63512075e-01 6.91682518e-01
    -1.96771145e-01 1.15752101e+00 -7.94187903e-01 7.24205136e-01
    -8.01205516e-01 1.03780937e+00 9.16315198e-01 2.08904266e-01
    3.08274448e-01 2.44213998e-01 -6.38115764e-01 1.35909963e+00
    1.23259139e+00 -3.26021016e-01 1.74036145e+00 5.56372941e-01
    2.54177749e-01 -6.23143911e-01 -7.91657567e-02 5.67326367e-01
    1.54844284e-01 5.32475173e-01 3.68631899e-01 1.36557102e+00
    -5.13831615e-01 1.69914305e+00 7.79384673e-01 3.89879465e-01
    -6.32226586e-01 7.06570148e-02 -4.10130113e-01 3.55276108e-01
    -4.94536221e-01 1.26468408e+00 -1.03137612e-01 7.04584360e-01
    -7.09681571e-01 -6.56179965e-01 -4.98927683e-01 -5.21342516e-01
    -2.99818695e-01 1.23616719e+00 -5.58454156e-01 1.74397516e+00
    2.93485880e-01 1.36152232e+00 1.37566829e+00 -6.06183112e-01
    6.62855446e-01 8.26083124e-01 7.37796426e-01 9.62122500e-01
    4.47015285e-01 4.37752903e-01 2.01325595e-01 1.35018206e+00
    1.00128150e+00 1.45384073e+00 1.51849532e+00 -2.05057472e-01
    1.04881716e+00 2.20041692e-01 -4.64349359e-01 1.04469991e+00
    1.37177765e+00 1.24602580e+00 3.74742746e-01 6.02947235e-01
    7.91515052e-01 1.19088292e+00 1.56519341e+00 -1.36153817e-01
    -6.35496378e-01 3.91017199e-02 2.29063451e-01 1.48268127e+00
    -3.21731716e-01 -5.94104767e-01 7.37971067e-02 1.44691515e+00
    -2.46696174e-01 -7.05694258e-01 1.82013583e+00 -5.01747966e-01
    4.14335728e-03 1.08497024e+00 1.50973058e+00 1.11706126e+00
    -7.90334940e-02 8.94523203e-01 -2.31210947e-01 4.90060389e-01
    1.57108402e+00 1.19081974e+00 1.13850117e-01 1.60991979e+00
    1.40308964e+00 1.04613423e+00 4.13312078e-01 4.21355367e-01
    1.86567783e-01 -3.26492250e-01 8.13586116e-02 -5.51343083e-01
    4.94194686e-01 1.89936161e-03 1.53226900e+00 -7.00632811e-01
    -7.07035244e-01 6.07126415e-01 -1.87805951e-01 1.70633769e+00
    1.49446666e-01 1.32106912e+00 -2.76792288e-01 -4.74994332e-01
    -9.84123945e-02 5.70441842e-01 1.02640259e+00 -3.78958106e-01
    2.06315458e-01 -7.14647293e-01 1.25233436e+00 5.91506958e-02
    1.52530241e+00 -7.93693364e-01 1.38254261e+00 -3.74576777e-01
    4.71852362e-01 -2.95515478e-01 1.67078435e+00 -1.48789048e-01
    2.82202363e-02 7.40324080e-01 8.18120837e-02 1.32368088e+00
    -5.26140928e-01 9.56323147e-02 -3.31486672e-01 1.48308134e+00
    2.00120211e-02 6.93739533e-01 8.21703374e-01 1.26292264e+00
    3.00770402e-02 1.69888520e+00 1.54848433e+00 4.22946632e-01
    1.86046660e-01 1.03648448e+00 1.11032784e+00 1.08504474e-01
    1.51606202e-01 6.07777357e-01 -1.58335030e-01 -1.34814024e-01
    -7.45910943e-01 -1.15891457e-01 6.59253001e-02 2.63331831e-01
    7.18456805e-01 1.07953930e+00 1.63964987e-01 1.00656581e+00
    -4.20402467e-01 1.35904193e+00 1.31132150e+00 8.37872624e-01
    -1.20443404e-01 -4.62444365e-01 5.79227805e-01 7.17659414e-01
    5.91614306e-01 -4.42850679e-01 4.53385949e-01 -1.46752536e-01
    1.20254922e+00 1.47035301e-01 3.72140765e-01 -5.93300283e-01
    -3.52568507e-01 8.71244431e-01 5.77942908e-01 8.53648841e-01
    8.81835103e-01 -7.61187375e-01 -7.79864967e-01 9.97797906e-01
    1.46469235e+00 -7.46971548e-01 2.06495881e-01 3.02788019e-01
    -7.69318581e-01 1.75261736e+00 1.21760368e+00 1.11488307e+00
    7.00511873e-01 -1.17435396e-01 1.25613904e+00 -7.86203265e-01
    1.27476120e+00 -7.60196447e-02 1.54626369e-02 8.49652171e-01
    1.68053448e+00 2.41638243e-01 9.28876579e-01 8.33827734e-01
    5.17249107e-03 3.51585090e-01 6.31847918e-01 8.65539312e-01
    6.05460525e-01 -6.73464298e-01 -6.61058962e-01 3.93866122e-01
    1.56370974e+00 -1.60208285e-01 1.50203955e+00 3.64828527e-01
    -6.87557817e-01 -1.67789698e-01 1.64390540e+00 1.56986010e+00
    9.05476391e-01 1.65470290e+00 -1.42702460e-02 1.19045472e+00
    3.77354324e-01 1.54339671e+00 1.29810643e+00 2.94281840e-01
    5.60996413e-01 8.14595222e-02 -2.57768810e-01 -5.63043356e-03
    -4.08227593e-01 1.71189857e+00 1.77636218e+00 -4.95691836e-01
    1.53409576e+00 9.28426325e-01 3.92226398e-01 -5.85379839e-01
    -7.42975473e-02 1.08941007e+00 -2.21491337e-01 1.81084156e-01
    1.33842909e+00 5.94478667e-01 1.08019805e+00 3.93599749e-01
    5.90378463e-01 9.08156157e-01 6.79745078e-02 -2.92651176e-01
    7.91553736e-01 1.23611498e+00 1.01483774e+00 1.63666320e+00
    1.74211502e-01 4.41883147e-01 1.08517933e+00 1.03877878e+00
    7.10231960e-01 1.93109989e-01 6.05659008e-01 1.83734000e-01
    1.24973512e+00 1.20784283e+00 1.72796953e+00 1.02555680e+00
    -7.45582283e-01 -1.12376392e-01 1.03972721e+00 8.92081201e-01
    1.66719472e+00 4.37293589e-01 -2.78277636e-01 9.14987803e-01
    -6.58023536e-01 1.78261781e+00 -7.55125582e-01 -2.36396909e-01
    3.46596599e-01 -2.62191832e-01 1.64282131e+00 4.09632862e-01
    1.60359073e+00 1.27831149e+00 -4.15737599e-01 1.26653194e-01
    -2.24359691e-01 5.88027298e-01 5.17647624e-01 8.67481828e-01
    9.84816432e-01 1.13144326e+00 6.80922866e-01 -7.73333907e-02
    6.86243713e-01 4.60538805e-01 -3.10679138e-01 2.87359118e-01
    -6.57532811e-01 2.85880446e-01 -5.90623260e-01 1.38957548e+00
    8.98885429e-01 8.36308420e-01 -3.23994458e-01 4.02724862e-01
    5.27953625e-01 -4.82423663e-01 7.37019479e-01 8.92805099e-01
    8.15759718e-01 4.48696971e-01 1.00244296e+00 6.97678328e-02
    1.17467833e+00 1.53129548e-01 4.22578514e-01 3.65183592e-01
    1.70184469e+00 1.82630849e+00 4.30425942e-01 -6.47026002e-01
    4.23862934e-01 5.33673048e-01 1.28723729e+00 -7.10127354e-01
    1.39608407e+00 -1.96032166e-01 -7.07801461e-01 8.04671109e-01
    1.29903793e+00 2.53212690e-01 -6.23906553e-01 2.47619331e-01
    1.12062728e+00 -1.32565320e-01 1.36838019e-01 3.72117877e-01
    -1.04209542e-01 5.56640565e-01 5.71105838e-01 1.77644730e+00
    6.27640665e-01 -3.09003711e-01 -3.06551665e-01 -1.03881240e-01
    1.44807005e+00 3.80288184e-01 2.37275839e-01 -2.75138021e-01
    3.97394896e-01 -7.42031515e-01 1.29047430e+00 -5.28166294e-01
    8.53316188e-02 1.34309292e-01 -5.94305992e-01 -4.72834349e-01
    9.11355019e-03 4.44796205e-01 -2.83681393e-01 1.51676464e+00
    -1.44269168e-01 5.82046688e-01 -7.39408195e-01 1.75636780e+00
    -6.64757133e-01 2.22733378e-01 -7.31471777e-01 1.63609493e+00
    1.00138903e+00 8.20073009e-01 3.62950623e-01 9.29245055e-01
    -2.80364335e-01 7.90625393e-01 -4.84138101e-01 1.57811332e+00
    7.38517404e-01 -7.39188612e-01 -4.32771444e-02 1.70736027e+00
    9.52861071e-01 -3.97380531e-01 6.25530899e-01 -4.17508662e-01
    -4.56745386e-01 7.35406995e-01 8.91481042e-01 6.70588017e-03
    -6.09925330e-01 -9.21752453e-02 -5.06716013e-01 3.95382643e-01
    1.48528743e+00 4.42918837e-01 -4.62241620e-01 9.54384506e-01
    1.65363073e-01 -3.83000255e-01 3.46147418e-02 1.62380946e+00
    2.39418209e-01 1.10242558e+00 6.30207479e-01 -3.29714686e-01
    -6.37985110e-01 -4.72651958e-01 -6.30669355e-01 9.36612725e-01
    -6.40537798e-01 -4.99201268e-01 -7.25845397e-01 1.56942439e+00
    1.47783732e+00 -5.08196414e-01 1.99603438e-02 6.48900330e-01
    -5.93371034e-01 6.15637124e-01 6.43690884e-01 -1.64154112e-01
    -6.45160377e-01 -2.53319204e-01 8.13437343e-01 2.00921178e-01
    -5.41517794e-01 1.48148537e+00 5.19535780e-01 -4.48172092e-02
    -3.00968528e-01 -3.66886377e-01 1.78191376e+00 1.07009912e+00
    -7.69325733e-01 -5.25760114e-01 1.02569675e+00 5.29480159e-01
    8.41719627e-01 -9.48131680e-02 2.01381624e-01 -6.44747257e-01
    1.25879478e+00 1.17036355e+00 -4.83614206e-02 9.02775526e-02
    1.54220057e+00 -8.38987827e-02 -6.34476542e-02 1.56831741e+00
    1.02693772e+00 4.59149599e-01 2.34018087e-01 4.82991576e-01
    4.64701056e-02 -1.53056264e-01 4.96471882e-01 3.58904660e-01
    5.48777759e-01 1.45363212e+00 1.56924236e+00 -3.58287036e-01
    8.03296685e-01 -5.69209993e-01 -5.84405899e-01 -7.14676976e-02
    7.91860044e-01 5.32726824e-01 1.30271459e+00 7.18134344e-01
    1.03134048e+00 5.41653931e-01 6.82251751e-01 -4.73609567e-02
    -2.90628493e-01 8.13150764e-01 3.62242520e-01 -4.70031053e-01
    -4.72574651e-01 1.22161222e+00 1.47637272e+00 -1.86070502e-01
    1.19600141e+00 6.83758318e-01 3.96384418e-01 2.03047812e-01
    -2.07645357e-01 7.38426566e-01 -2.12602735e-01 -1.47710443e-01
    -6.58142805e-01 6.18865967e-01 5.55350780e-02 -5.14324546e-01
    2.31993198e-03 -4.03067678e-01 -6.52747989e-01 -3.68068635e-01
    1.51335025e+00 1.82753801e+00 -7.45105147e-02 1.10784030e+00
    9.31987524e-01 6.44363642e-01 2.13271201e-01 1.73590279e+00
    -4.76023197e-01 1.05072546e+00 -3.31587821e-01 -2.84023881e-02
    1.68525767e+00 1.02827597e+00 -4.95410562e-02 -3.81918341e-01
    1.16691208e+00 1.77450609e+00 3.35469365e-01 -4.41293806e-01
    9.37908709e-01 1.02244961e+00 -5.33444941e-01 -4.10641909e-01
    -2.28192210e-01 7.49920607e-01 -2.77038217e-01 1.42011058e+00
    1.50748372e+00 6.88068271e-01 1.09032273e-01 4.07976449e-01
    1.72074914e+00 1.73046863e+00 3.78076434e-01 1.21001840e+00
    3.81291389e-01 3.84001553e-01 1.68559146e+00 1.16131699e+00
    -6.18012846e-01 -7.22081661e-01 1.78184187e+00 1.40298295e+00
    -5.47408938e-01 1.59125388e-01 1.46541440e+00 9.46747720e-01
    7.69975245e-01 1.55819464e+00 1.46301806e-01 -1.38432682e-01
    7.60365784e-01 1.56096590e+00 -6.25944853e-01 -4.30614859e-01
    2.15725303e-02 6.83180094e-01 6.71822190e-01 7.31312692e-01
    1.68052971e-01 7.08505094e-01 1.42925024e+00 6.29648685e-01
    8.82360697e-01 1.67278159e+00 1.28245831e+00 7.53567576e-01
    1.20765746e-01 1.18059838e+00 1.92510605e+00 -2.00674191e-01
    8.41604412e-01 1.37827623e+00 1.71492696e-01 3.01436901e-01
    3.17897856e-01 -4.41830099e-01 1.04752254e+00 -2.35910237e-01
    1.10877156e+00 2.85158277e-01 1.67540824e+00 8.17953348e-02
    1.06260109e+00 1.33641207e+00 -4.93557245e-01 3.10169995e-01
    1.73824978e+00 8.98793459e-01 -9.76862907e-02 3.25361431e-01
    9.37671185e-01 -2.90536284e-02 4.60733175e-01 9.38825011e-01
    4.05780673e-01 1.08229601e+00 -4.82238710e-01 -4.18206722e-01
    1.01592350e+00 1.03367317e+00 1.22656846e+00 1.08112407e+00
    8.98331046e-01 2.68170536e-01 -9.43239331e-02 -7.39991009e-01
    4.67435837e-01 -6.49175644e-02 1.41276765e+00 -3.91848981e-01
    6.11036420e-01 -3.93384784e-01 4.19346035e-01 -7.36476779e-02
    1.17824197e+00 -4.38565969e-01 -5.97419620e-01 -3.22753191e-03
    1.73384535e+00 2.83082545e-01 9.89692330e-01 2.46020198e-01
    8.62253070e-01 2.32288241e-02 9.46893871e-01 1.76722312e+00
    8.00495565e-01 -5.38529873e-01 -1.05502188e-01 1.51459324e+00
    -3.05223048e-01 1.02849567e+00 9.45311248e-01 7.27233350e-01
    -4.62930202e-01 -3.97950619e-01 4.77391839e-01 9.61688101e-01
    8.29779625e-01 1.37614942e+00 4.84400749e-01 3.71689081e-01
    1.62210226e+00 1.34375393e+00 -2.09208786e-01 5.18635035e-01
    1.07187557e+00 -6.04626179e-01 2.14400411e-01 9.32882965e-01
    8.45097899e-01 8.05352330e-01 -4.96087044e-01 6.18134677e-01
    1.51914501e+00 2.03617513e-01 -4.43865776e-01 6.61354780e-01
    1.05300820e+00 6.07746840e-02 -6.82845116e-02 1.71511006e+00
    -2.13416457e-01 1.71355295e+00 6.33234441e-01 -8.79144073e-02
    1.65355492e+00 1.27550817e+00 1.78080535e+00 7.14656949e-01
    1.42641449e+00 9.91512537e-02 4.08360779e-01 1.17031002e+00
    -1.03817642e-01 5.46596944e-01 1.77188683e+00 9.84140873e-01
    1.12771320e+00 5.35541296e-01 -2.21887887e-01 1.34052896e+00
    5.79256952e-01 1.09793544e+00 -2.71200836e-01 1.36742020e+00
    -3.67023647e-01 1.37985802e+00 -1.72966838e-01 -4.27921981e-01
    1.59827113e-01 1.45050025e+00 5.39638817e-01 2.59953082e-01
    1.95939720e-01 -2.45680392e-01 1.59761250e-01 3.66856694e-01
    5.97538531e-01 9.57790971e-01 1.02131510e+00 1.43234313e-01
    3.45402896e-01 1.01744914e+00 1.50765276e+00 1.41869473e+00
    5.01041889e-01 1.87740028e-01 2.59402514e-01 1.12563896e+00
    1.73713291e+00 6.86555088e-01 4.46167588e-02 1.36128390e+00
    7.60286689e-01 -4.83310282e-01 -3.89945716e-01 -4.43617076e-01
    9.39705431e-01 1.77634799e+00 -6.27330363e-01 8.80266309e-01
    1.35717225e+00 1.76858985e+00 7.75841475e-02 1.38922954e+00
    1.03016353e+00 -8.01176071e-01 6.03959680e-01 1.29696369e-01
    3.17944467e-01 -7.64049351e-01 5.10227680e-03 1.50611544e+00
    -6.55812085e-01 -5.15374482e-01 7.30495989e-01 8.68472934e-01
    1.59948254e+00 -1.60086751e-02 2.60220587e-01 1.09332895e+00
    1.22601175e+00 1.72680020e-02 7.63083100e-02 1.69808459e+00
    1.34591091e+00 1.66641760e+00 -3.02491188e-02 7.11829901e-01
    -5.47421813e-01 1.25689340e+00 -5.33906162e-01 1.70666921e+00
    3.04529488e-01 -5.42261660e-01 -7.12771475e-01 1.50220525e+00
    1.50369096e+00 5.93863487e-01 6.72928810e-01 -2.88937628e-01
    1.06886744e+00 -1.68150425e-01 1.36036968e+00 1.43357086e+00
    2.78410316e-02 1.15753698e+00 -1.85009956e-01 -4.29727614e-01
    -2.18351722e-01 9.71976697e-01 4.37512636e-01 9.24315393e-01
    -1.90760791e-01 -1.55858994e-01 -4.27891791e-01 -6.28922939e-01
    9.47410107e-01 7.53271163e-01 1.72859168e+00 9.79229271e-01
    1.05716956e+00 8.02977860e-01 1.56326199e+00 1.26631260e+00
    3.66850138e-01 -4.78237867e-02 1.77098918e+00 1.46484971e-01
    1.70650721e+00 7.67614782e-01 3.36800098e-01 1.55246949e+00
    4.60568845e-01 1.14818394e+00 1.67652667e+00 1.35215592e+00
    8.47317338e-01 -1.11032069e-01 -4.72834319e-01 1.73002291e+00
    8.96456897e-01 1.76130581e+00 2.29725480e-01 7.94768333e-03
    1.51034713e+00 -1.61611795e-01 7.95029104e-01 1.14052701e+00
    3.11384916e-01 1.43810284e+00 8.86059582e-01 3.07449102e-02
    4.30552900e-01 6.18265271e-02 3.00257266e-01 1.51709342e+00
    1.60401154e+00 1.17396331e+00 1.78333318e+00 1.68771374e+00
    1.23389316e+00 1.73346484e+00 2.00707960e+00 3.97862017e-01
    6.26682937e-02 2.13428354e+00 1.05378318e+00 -5.16282022e-01
    -5.03359258e-01 1.25703895e+00 1.22948205e+00 4.42155838e-01
    7.61354387e-01 -1.35653257e-01 1.12207079e+00 1.35775638e+00
    7.18249083e-01 -4.60665524e-01 -3.86981398e-01 4.50724483e-01
    1.27204323e+00 1.27920234e+00 -4.56340343e-01 1.49554610e+00
    1.83213532e+00 1.06888056e+00 1.71619630e+00 1.64738297e-02
    3.39971960e-01 4.78343010e-01 1.01262033e-01 -2.71743536e-01
    8.13209832e-01 -5.01824081e-01 -1.50099158e-01 1.67231429e+00
    6.52785718e-01 6.50976062e-01 1.20380282e+00 -5.83226621e-01
    -3.06955218e-01 5.11194110e-01 -1.56452060e-02 2.37049222e-01
    8.54909062e-01 3.51244211e-03 9.41811562e-01 -3.75329047e-01
    -2.72777200e-01 -6.17400765e-01 2.72180438e-01 1.19631386e+00
    3.63489509e-01 1.27263975e+00 1.19844735e+00 -4.28190559e-01
    5.23170292e-01 -6.75292730e-01 -7.33967900e-01 1.70481920e+00
    4.31527078e-01 9.43684459e-01 1.58193874e+00 1.51401258e+00
    5.73787689e-01 6.34464443e-01 1.32723165e+00 2.17210293e-01
    7.99541473e-02 -7.89749205e-01 -6.12511575e-01 4.95003939e-01
    1.60600543e+00 -7.72380233e-02 -2.18767524e-02 1.79426217e+00
    6.08397424e-01 -6.85032785e-01 9.67896104e-01 -6.78109288e-01
    1.05300260e+00 -5.81699133e-01 6.80333674e-01 5.28540790e-01
    1.74303782e+00 1.83807790e-01 9.53653812e-01 -6.88306749e-01
    1.12263095e+00 -2.55710363e-01 8.21871758e-01 3.21780503e-01
    7.92452574e-01 1.70845151e+00 1.76197422e+00 -5.13539135e-01
    1.18457603e+00 1.00879908e+00 7.27411211e-01 -6.45078063e-01
    -1.63400173e-01 7.43605137e-01 -5.12976885e-01 1.55790854e+00
    -6.39649808e-01 1.67196870e-01 1.31224751e-01 1.36432886e+00
    4.29625154e-01 1.47788286e-01 1.54418302e+00 6.85784817e-02
    1.62986660e+00 -5.69434941e-01 -3.59334290e-01 1.44884706e+00
    4.07650054e-01 2.92702854e-01 1.16952205e+00 6.79137111e-01
    -3.43210340e-01 3.37851346e-01 1.38808393e+00 1.08769262e+00
    -1.12746119e-01 1.13525105e+00 5.95646381e-01 1.19772696e+00
    4.54001427e-02 -4.44525123e-01 1.78426027e+00 -6.19742036e-01
    1.71678066e+00 -7.14142919e-02 -2.43466496e-01 2.36113429e-01
    3.30565393e-01 6.03842258e-01 -7.89396763e-02 8.35336685e-01
    -6.64395690e-02 1.77116549e+00 1.37382567e+00 2.56547928e-02
    -1.96483374e-01 1.13884246e+00 -2.06150472e-01 1.19104910e+00
    -7.35944867e-01 1.08071709e+00 -1.92950547e-01 -3.37680429e-01
    1.21877742e+00 -2.09054291e-01 1.46191144e+00 -7.97856748e-01
    -3.57066900e-01 -2.89283276e-01 -6.99588120e-01 5.73750854e-01
    7.78752983e-01 8.15981328e-01 8.58412385e-02 -1.08600318e-01
    4.41025198e-01 -6.24079883e-01 4.06933784e-01 -1.06289685e-01
    1.65722370e+00 1.04891014e+00 1.51739573e+00 1.17926598e+00
    -5.78544021e-01 2.37365425e-01 2.66209006e-01 5.68567753e-01
    4.98057663e-01 9.13024068e-01 -1.97036862e-02 1.77109337e+00
    5.78471184e-01 -6.68561697e-01 2.36906588e-01 1.26146054e+00
    1.55636370e+00 9.60301399e-01 -6.45850658e-01 -4.18778479e-01
    -4.56234902e-01 1.13221192e+00 -7.18805552e-01 -6.18113041e-01
    1.77671194e+00 1.42673433e-01 5.93832612e-01 2.30959833e-01
    -7.78020680e-01 9.35412049e-02 1.09311950e+00 4.65654910e-01
    1.47192168e+00 -6.38151884e-01 1.33594656e+00 3.15416694e-01
    2.23591685e-01 -4.94547158e-01 -7.70573080e-01 -2.56410360e-01
    -5.74066222e-01 9.99013066e-01 4.17859256e-01 5.56852460e-01
    9.36847210e-01 1.40878379e+00 -5.00437081e-01 2.59469748e-02
    1.22371507e+00 -6.31324112e-01 -6.84982538e-03 8.79020810e-01
    1.55233335e+00 5.37834585e-01 -4.41843271e-03 -3.28525662e-01
    1.27452779e+00 -4.86931205e-02 5.59270144e-01 2.84143150e-01
    -1.00274622e-01 -4.15477425e-01 3.90688479e-01 8.89629185e-01
    3.95734310e-01 -7.25704432e-01 -3.20717454e-01 -6.37763321e-01
    2.08371460e-01 7.84375131e-01 1.35646462e-01 1.20182323e+00
    1.07308245e+00 6.62935495e-01 1.45526814e+00 8.18120062e-01
    8.95455539e-01 2.20453680e-01 1.25486219e+00 8.48385334e-01
    1.51536345e+00 1.34462845e+00 5.90528607e-01 -1.40446544e-01
    1.69118869e+00 1.26082230e+00 -5.45288563e-01 1.60485625e+00
    1.71053982e+00 1.66561913e+00 1.11893940e+00 1.10164487e+00
    5.28762758e-01 1.94879866e+00 -3.21822524e-01 -4.10526991e-01
    1.04514909e+00 2.38821924e-01 3.02566409e-01 -6.03796303e-01
    1.58065975e-01 1.46909928e+00 1.32582366e+00 -6.79324508e-01
    1.36380816e+00 1.42964602e+00 -7.17203498e-01 1.33264589e+00
    -5.96097946e-01 8.57033968e-01 4.26557243e-01 -2.76954025e-01
    5.79935312e-01 3.77922177e-01 -7.01237917e-01 8.04875314e-01
    -5.28908372e-02 6.40966833e-01 1.18460011e+00 7.42322922e-01
    1.30963254e+00 6.65838778e-01 1.46753716e+00 7.20284581e-02
    -1.77418888e-01 1.56350422e+00 -4.48870212e-01 4.49770808e-01
    -3.25603783e-01 9.73999023e-01 1.23719454e+00 1.69864464e+00
    1.30437779e+00 1.13580632e+00 6.10222816e-01 3.95351350e-01
    8.67765307e-01 -1.02621138e-01 6.82241023e-01 -2.12148011e-01
    1.57042074e+00 -1.58636153e-01 1.46718955e+00 1.43548131e+00
    1.11732054e+00 3.96953464e-01 -5.48498631e-01 2.11881101e-01
    3.33795309e-01 -4.47571397e-01 -3.02367061e-01 5.61349988e-01
    3.42887521e-01 -2.27067232e-01 6.96556926e-01 1.64758956e+00
    5.27504861e-01 -5.28752208e-01 6.62377775e-01 1.71178460e+00
    8.07793617e-01 -1.37192488e-01 -3.25977504e-01 4.59983647e-01
    1.60031152e+00 -4.17783380e-01 2.22930551e-01 -7.53802776e-01
    -6.04613245e-01 1.46361887e+00 1.22443211e+00 -5.27803302e-02
    1.15778065e+00 -5.15452147e-01 7.26175308e-01 1.30083978e-01
    -6.74321413e-01 -6.13160431e-01 2.95405984e-02 -2.16631353e-01
    1.70742130e+00 7.25987732e-01 4.99627590e-01 -6.89961910e-02
    4.24274147e-01 -6.90452635e-01 -1.54222310e-01 -6.67690694e-01
    3.37166309e-01 1.02615952e+00 -9.55639482e-02 -7.55406201e-01
    4.11518157e-01 -3.05287242e-02 1.61394238e+00 6.65826797e-01
    1.26193941e-01 -3.27675104e-01 1.71376300e+00 9.04554307e-01
    1.18537951e+00 -7.60221541e-01 3.67213130e-01 6.50191665e-01
    1.55305898e+00 1.05468988e+00 1.28038001e+00 -2.96316147e-02
    1.10156393e+00 1.33620381e+00 5.12254477e-01 7.56171942e-02
    9.39112186e-01 5.19841611e-01 -2.63776004e-01 -7.78368890e-01
    -5.85220814e-01 1.68470216e+00 3.38260055e-01 4.09832835e-01
    -5.98167539e-01 2.60384321e-01 5.48679471e-01 1.69707012e+00
    -3.88912767e-01 -9.66128111e-02 7.17303216e-01 -4.96200800e-01
    -5.88813305e-01 1.62723207e+00 1.04409790e+00 8.83806407e-01
    1.58255959e+00 9.95567620e-01 8.06152344e-01 2.03127861e-02
    -9.95177031e-02 1.12223577e+00 1.54500151e+00 7.90754199e-01
    1.36223614e+00 4.96996999e-01 1.51032150e+00 9.23823893e-01
    1.67803836e+00 3.74801636e-01 7.48736084e-01 8.15145373e-01
    4.31538820e-01 9.87734199e-02 8.62327158e-01 2.91482806e-01
    1.64693475e-01 1.70780599e+00 4.10757184e-01 2.05080390e-01
    1.68532467e+00 3.21951509e-02 -3.29738915e-01 9.42273617e-01
    -2.63627529e-01 -4.15607780e-01 1.65384936e+00 1.57058716e+00
    1.31399655e+00 1.60535502e+00 4.46921408e-01 1.05814278e+00
    1.11560059e+00 1.74802494e+00 3.55181575e-01 1.02680814e+00
    1.63079524e+00 -2.25707471e-01 1.37369347e+00 -6.36915505e-01
    1.58118379e+00 -6.09677434e-01 -5.17795682e-02 8.51385534e-01
    3.90689731e-01 8.59017372e-02 -2.18822598e-01 1.03148341e+00
    7.61507154e-01 1.66120720e+00 -2.09535420e-01 5.95207632e-01
    1.41051197e+00 1.26475286e+00 1.47944427e+00 1.69164133e+00
    1.86182857e-01 8.17706704e-01 -6.38759017e-01 -5.13909280e-01
    1.09318924e+00 2.13495791e-01 7.90310383e-01 1.56812096e+00
    5.76885939e-01 9.30853903e-01 6.86788559e-03 4.21840131e-01
    1.23675621e+00 -2.28473425e-01 9.83920753e-01 1.13350689e+00
    1.34095573e+00 -2.39965856e-01 1.69245398e+00 1.38574815e+00
    1.04862809e+00 1.58419669e-01 8.98749530e-01 1.21400619e+00
    -7.73241460e-01 -4.89277959e-01 -4.70400691e-01 -6.81049109e-01
    -6.41848028e-01 1.46874905e+00 9.29538727e-01 9.91631448e-01
    -5.73004127e-01 4.65486109e-01 -7.15482295e-01 1.10280359e+00
    -8.80128145e-03 -8.23486030e-01 1.15335894e+00 -7.59866595e-01
    8.67383420e-01 3.34771335e-01 5.94863892e-01 -3.16992640e-01
    1.46410060e+00 1.23202920e+00 1.70322919e+00 -8.19770038e-01
    6.12299263e-01 -1.19874835e-01 1.28906155e+00 1.09225965e+00
    3.17274213e-01 1.54021013e+00 -4.00638878e-01 9.37152505e-01
    7.11251557e-01 8.64004791e-01 2.03210258e+00 1.54006588e+00
    7.75615275e-01 3.27762008e-01 6.59688473e-01 1.66197264e+00
    9.67072129e-01 3.47478390e-02 -2.30939388e-02 -2.69216657e-01
    3.87775719e-01 1.82050920e+00 -5.31170368e-02 -4.15507764e-01
    9.26454306e-01 6.95671678e-01 -3.65282774e-01 1.21251297e+00
    -5.11802197e-01 1.48222518e+00 -4.11054850e-01 1.00045156e+00
    3.01585555e-01 -6.20850265e-01 8.72734249e-01 1.00946808e+00
    2.54006982e-02 1.55399036e+00 1.15954423e+00 2.69644082e-01
    6.67233944e-01 1.28528118e+00 1.33028245e+00 1.05368829e+00
    3.55743289e-01 -5.77176809e-02 4.57334518e-01 -3.95954162e-01
    6.69211805e-01 4.42655444e-01 8.31082344e-01 1.64226294e-01
    8.48907530e-01 1.15534854e+00 5.39308727e-01 1.80419683e-01
    -4.99994725e-01 9.67671096e-01 4.08706188e-01 -5.24007082e-01
    -1.35876298e-01 1.74717402e+00 -6.40602112e-02 -2.89546430e-01
    -1.85849130e-01 1.64617705e+00 5.88600695e-01 6.66654825e-01
    1.74598897e+00 -7.64834404e-01 -7.39247203e-01 1.74626827e-01
    8.65128279e-01 9.16177452e-01 1.73144650e+00 -7.49010503e-01
    1.51873350e+00 7.07205176e-01 -4.60229158e-01 -6.26242518e-01
    7.47452915e-01 1.34353113e+00 1.11007631e-01 4.53385472e-01
    -5.88127315e-01 1.24555397e+00 -6.53799832e-01 5.10231435e-01
    1.50598288e-01 9.49965417e-01 2.20733762e-01 3.07745159e-01
    1.03645921e+00 8.62965465e-01 -2.94514954e-01 -4.81330246e-01
    2.83145845e-01 1.63056552e+00 6.62502348e-01 1.23621702e+00
    -6.79932594e-01 -3.71960521e-01 1.11948836e+00 7.46647596e-01
    2.96368778e-01 1.15219426e+00 3.31119478e-01 1.45476985e+00
    8.00380468e-01 1.01855707e+00 1.36029196e+00 2.97895551e-01
    8.69133055e-01 1.95263088e-01 -4.05342966e-01 8.41720164e-01
    1.70179486e+00 7.59162307e-01 -4.49570686e-01 6.38984263e-01
    8.11417282e-01 -1.75895929e-01 -4.89768386e-02 1.34231520e+00
    1.64590836e+00 -3.07953507e-01 7.21404850e-01 -4.79259133e-01
    1.44597650e+00 1.78054857e+00 1.73599839e+00 -4.75666851e-01
    -4.01461720e-02 1.48271203e+00 8.03663909e-01 2.50040293e-02
    -2.13314652e-01 -5.57102680e-01 -3.84890437e-01 -5.26321471e-01
    1.67584240e+00 1.76616335e+00 -6.62413836e-02 1.58168316e+00
    1.10434413e+00 -4.90273684e-01 -4.47714806e-01 3.49551201e-01
    -1.11441791e-01 3.27720940e-01 9.72770691e-01 -3.87290061e-01
    1.27616870e+00 1.27640915e+00 7.68643558e-01 1.10635877e+00
    -4.85615581e-01 -6.65473163e-01 1.38674295e+00 3.51485014e-02
    -7.09732831e-01 7.29218900e-01 8.78048182e-01 -5.45301318e-01
    7.36868024e-01 8.67885113e-01 8.43850076e-01 1.70938110e+00
    7.66178608e-01 -5.10297894e-01 7.10759819e-01 6.34330928e-01
    -7.06510663e-01 9.59012151e-01 -3.80988628e-01 5.57685852e-01
    -7.81512201e-01 -4.27666575e-01 1.48619509e+00 1.07920313e+00
    1.75231302e+00 4.08484161e-01 4.36530769e-01 6.09024167e-02
    1.39602375e+00 1.14008486e-01 -5.03529191e-01 7.02351511e-01
    1.63314986e+00 -4.44915414e-01 1.21555161e+00 -1.85053051e-01
    1.64543188e+00 6.68365479e-01 1.22450590e-02 -5.56185603e-01
    1.11691356e-01 1.52505183e+00 5.23784757e-01 2.78249860e-01
    1.02112126e+00 1.24050117e+00 9.72700655e-01 1.69705439e+00
    1.42110205e+00 -7.38323033e-01 1.31779742e+00 1.02523351e+00
    3.05019140e-01 -7.89889812e-01 -3.85270238e-01 1.66027224e+00
    1.03543305e+00 -3.80611867e-01 4.65718567e-01 -5.05982399e-01
    1.72332168e+00 1.61546516e+00 1.53480053e+00 7.14908481e-01
    1.25635815e+00 4.16212440e-01 1.19370198e+00 1.39239168e+00
    1.39166355e+00 -4.51576829e-01 5.73665977e-01 8.46111894e-01
    1.70685434e+00 5.90708613e-01 5.56669831e-01 5.94686091e-01
    -4.24323201e-01 6.01503253e-01 4.27588165e-01 -1.27840042e-02
    -3.41493309e-01 4.55437720e-01 1.35428452e+00 -4.21018213e-01
    1.34156108e+00 1.12036920e+00 1.29134297e-01 1.15752125e+00
    1.16891932e+00 9.63049650e-01 1.11324048e+00 6.11290574e-01
    1.70071375e+00 4.06629503e-01 1.47517896e+00 1.23491883e-01
    1.56000757e+00 2.85139918e-01 -1.04523301e-02 -1.98622346e-02
    6.74493492e-01 -6.47262871e-01 -1.75860226e-01 3.21120858e-01
    8.41781199e-01 1.08393693e+00 1.65632749e+00 2.12105942e+00
    8.75834584e-01 1.15251148e+00 7.92303681e-01 1.34842300e+00
    -5.57843328e-01 -1.51708543e-01 -5.59946954e-01 -4.56347764e-01
    1.01949644e+00 -5.45034230e-01 1.36901617e+00 9.50086713e-02
    1.22987461e+00 5.00603020e-01 6.72088981e-01 1.01050258e+00
    1.18239331e+00 3.67886364e-01 1.53222013e+00 -5.69090724e-01
    -3.85480672e-01 -2.32894540e-01 7.92557299e-01 1.18012309e-01
    1.12863493e+00 5.66652656e-01 -6.31844699e-01 7.22704172e-01
    4.08921182e-01 3.94041359e-01 -3.58709306e-01 1.43519163e+00
    5.13004422e-01 1.12643182e-01 -8.12008083e-01 5.89050114e-01
    -4.85274345e-01 7.37753153e-01 1.79413855e-01 2.50558674e-01
    -4.75298792e-01 -2.20547557e-01 1.06540513e+00 1.05575752e+00
    1.55947852e+00 -4.25935745e-01 -4.36578631e-01 -5.93922615e-01
    3.38305116e-01 -3.99579406e-02 2.63371050e-01 1.09073424e+00
    8.03385794e-01 1.18882465e+00 -6.90989494e-01 -2.46580720e-01
    1.45547748e+00 -6.30819976e-01 -3.75127792e-03 -2.77407587e-01
    1.87462807e-01 1.60558581e+00 1.10882080e+00 -1.35909438e-01
    6.96674585e-01 2.80364871e-01 1.06184304e+00 1.25136793e-01
    1.22032666e+00 8.84663224e-01 9.46710765e-01 -6.47348881e-01
    3.56940746e-01 5.77147365e-01 3.50314379e-01 1.13228083e+00
    -4.20854360e-01 1.60048795e+00 2.55448818e-02 4.67186332e-01
    1.52852881e+00 1.08141649e+00 -1.05458558e-01 -3.98746580e-01
    9.23241556e-01 1.81086659e-02 -1.62837803e-01 9.01937783e-01
    1.09990978e+00 4.72122967e-01 -2.87886202e-01 1.41303039e+00
    1.18310273e+00 1.47980571e+00 -7.45464563e-01 -7.88298130e-01
    3.98733318e-01 1.69196892e+00 -7.29334772e-01 1.05197048e+00
    1.67755139e+00 -7.58725107e-01 1.40970898e+00 9.93650973e-01
    1.25943375e+00 1.18763494e+00 -6.95090890e-02 1.64144599e+00
    3.81674767e-02 9.48874712e-01 1.34469664e+00 6.03653491e-01
    -2.87610739e-01 3.47045362e-01 1.48035097e+00 -9.86470580e-02
    1.41047072e+00 1.41211009e+00 8.94012392e-01 1.60184884e+00
    -3.83487642e-01 1.37211752e+00 8.84727001e-01 2.29561150e-01
    1.03485787e+00 -9.36990976e-03 9.21498120e-01 -5.04184604e-01
    1.67568111e+00 1.53921175e+00 -1.04873419e-01 -3.11240554e-02
    1.16502643e-02 2.82235444e-01 -2.65536785e-01 1.11176920e+00
    3.59965563e-01 6.44893348e-01 -3.58696848e-01 -2.88710415e-01
    -5.61486542e-01 -5.12395501e-01 1.15966487e+00 -3.21823180e-01
    2.03527331e-01 -7.71268189e-01 1.67692995e+00 -1.41192496e-01
    1.60969043e+00 7.48862803e-01 4.58262265e-01 4.29545462e-01
    -6.69891775e-01 9.63034391e-01 1.01888049e+00 1.29567146e+00
    -3.74266505e-01 5.46901762e-01 1.42119718e+00 1.53004599e+00
    -3.73349518e-01 1.28824711e-01 2.09110200e-01 7.76367068e-01
    -1.23174071e-01 6.90691650e-01 -3.21991444e-02 9.52362418e-02
    2.44241834e-01 -3.47436458e-01 2.15949237e-01 1.11557937e+00
    1.62787879e+00 -7.78902769e-01 1.68162441e+00 5.82920134e-01
    1.25768006e+00 6.48537993e-01 -1.11546516e-02 -7.18787670e-01
    2.28743494e-01 7.16494203e-01 -4.96200562e-01 -1.70105696e-01
    1.54676855e-01 1.33808029e+00 8.05652261e-01 1.31031215e-01
    -5.05023956e-01 1.15079618e+00 -7.53557801e-01 1.47269094e+00
    1.68814993e+00 -5.90330124e-01 8.11871588e-01 7.69864500e-01
    9.84936714e-01 1.69322979e+00 1.50128984e+00 1.68176663e+00
    1.02912843e-01 -5.26872396e-01 1.72878623e+00 1.17261291e+00
    1.68392777e-01 -4.17748541e-01 7.43789971e-01 3.55113864e-01
    4.82248604e-01 1.61580443e+00 4.52343822e-02 1.43459082e+00
    1.17173636e+00 6.75960779e-02 -6.39186442e-01 1.54871023e+00
    2.78461397e-01 -5.20423174e-01 -4.62612271e-01 -6.41716838e-01
    1.09128261e+00 -4.41314042e-01 -3.60900730e-01 -2.00223923e-01
    1.56582212e+00 -6.41940355e-01 -2.79190004e-01 8.07931483e-01
    -5.93251824e-01 -3.19142908e-01 -3.25800776e-01 1.74764156e+00
    8.43618214e-01 1.76926327e+00 1.69872236e+00 1.55409563e+00
    -5.20144463e-01 3.66271615e-01 1.20279598e+00 -2.36858010e-01
    1.77251697e-01 -6.16812408e-01 5.69215417e-02 1.39068365e+00
    -4.80127513e-01 1.75009418e+00 -1.38592601e-01 1.72507286e-01
    -2.88297772e-01 1.76932847e+00 1.76477504e+00 1.84443533e-01
    4.50940907e-01 1.58737898e+00 1.38778400e+00 1.60007071e+00
    1.46747017e+00 9.98561084e-02 8.87570262e-01 5.48082769e-01
    1.63480198e+00 1.06075633e+00 8.16972852e-01 -2.38381565e-01
    1.20872736e-01 6.21532440e-01 4.89205778e-01 1.20213664e+00
    5.23291230e-02 4.08140302e-01 6.32899642e-01 9.54254270e-02
    1.39224577e+00 1.32455230e-02 -7.42729485e-01 2.42400229e-01
    1.31803012e+00 -7.39486814e-02 3.38987947e-01 4.75167871e-01
    -6.45832419e-01 8.31726193e-01 -6.75804138e-01 2.42042482e-01
    -3.52097660e-01 -7.03030229e-01 9.45534706e-02 1.11814034e+00
    -2.38592386e-01 1.28734040e+00 -6.06001437e-01 2.67559528e-01
    -9.47495103e-02 1.42427230e+00 7.12972283e-01 6.36476696e-01
    6.69235229e-01 -6.65001810e-01 3.09926629e-01 3.18768919e-01
    1.72821367e+00 -2.74238348e-01 -4.93772596e-01 2.24867404e-01
    7.25023568e-01 9.56592143e-01 9.93573010e-01 4.98818219e-01
    1.65808749e+00 8.58297408e-01 -3.72596711e-01 1.57411706e+00
    5.01081109e-01 1.18500471e+00 -6.54746294e-01 1.47945595e+00
    5.44018328e-01 -3.51462573e-01 9.83129919e-01 4.60139513e-01
    1.90925658e-01 1.49343657e+00 5.44313967e-01 4.11190629e-01
    1.45314074e+00 3.73385787e-01 8.73470783e-01 4.91381824e-01
    1.74460793e+00 -7.05089569e-01 1.51447129e+00 1.19578052e+00
    -7.81679869e-01 -1.11286402e-01 1.25245059e+00 -3.57020527e-01
    -8.07538807e-01 -8.38418007e-01 1.04239130e+00 1.38992953e+00
    1.28549445e+00 6.89190745e-01 8.88954997e-02 -7.13823557e-01
    1.72846484e+00 8.69574428e-01 1.23544097e+00 1.31104887e-01
    -3.06356758e-01 5.54299712e-01 1.30702019e-01 1.26341915e+00
    7.82716990e-01 -1.25391960e-01 -5.19248247e-02 1.57216322e+00
    7.06562400e-01 -4.62737113e-01 1.16884649e-01 1.41966319e+00
    1.45462370e+00 8.24318290e-01 1.18957341e+00 1.53090572e+00
    1.66839623e+00 -6.11693263e-02 5.77455163e-01 -6.02190137e-01
    -3.68336380e-01 -2.31368542e-02 9.06015694e-01 1.30372930e+00
    5.00675261e-01 -1.47435963e-01 1.14261985e+00 -1.30800009e-02
    1.22919977e+00 1.66768885e+00 -2.43042707e-01 1.75998974e+00
    4.44907248e-01 3.01211298e-01 3.69071126e-01 1.04887104e+00
    9.36535001e-01 2.26301432e-01 9.45366144e-01 6.72242939e-01
    -7.56688416e-01 1.63549984e+00 1.06887877e+00 1.45671582e+00
    7.68955052e-01 7.84249783e-01 1.13635135e+00 -6.40266955e-01
    2.91588783e-01 1.76247084e+00 1.56551719e+00 3.44667733e-01
    -1.60125971e-01 1.70686424e+00 5.24424434e-01 -2.97738075e-01
    1.61739445e+00 -7.48049855e-01 -4.01737750e-01 1.30097723e+00
    6.44418657e-01 5.02189457e-01 6.80877745e-01 1.06340659e+00
    -5.54081559e-01 5.39664209e-01 -4.30562705e-01 -2.79356897e-01
    2.97604620e-01 -1.07852519e-01 2.22413540e-02 -7.75148571e-01
    4.15053427e-01 1.44479871e-01 1.06946528e-01 1.38985205e+00
    1.63800955e+00 1.28114855e+00 -5.57973146e-01 -6.11343443e-01
    -3.62634480e-01 1.64593184e+00 1.54344177e+00 1.63143325e+00
    8.75488043e-01 2.99895406e-02 1.66343212e+00 3.70351374e-01
    1.47382200e-01 1.50789189e+00 4.49975729e-02 6.28394485e-01
    -5.38639605e-01 3.30638289e-01 -3.96673173e-01 5.32855630e-01
    1.17759299e+00 1.07301176e-01 1.20886922e+00 -4.61208433e-01
    1.40504169e+00 2.37677157e-01 5.77529669e-01 -5.59263766e-01
    9.30413783e-01 1.69026530e+00 4.32890654e-03 1.27641761e+00
    -4.79739934e-01 4.26017344e-01 9.41168129e-01 8.92677665e-01
    4.99911308e-02 -5.83191276e-01 -4.65517819e-01 1.48213053e+00
    3.75680685e-01 -4.07597125e-01 7.39062846e-01 -4.17698175e-01
    1.79888618e+00 -7.34266639e-01 -6.54471517e-01 6.32943749e-01
    1.10007167e-01 2.48000383e-01 6.36972010e-01 -3.59299183e-02
    2.26153731e-01 -4.98877406e-01 8.41187239e-02 -4.52999115e-01
    1.11053538e+00 -4.07969415e-01 -1.20869279e-02 5.68427920e-01
    -6.19915128e-02 5.61364293e-02 9.92417336e-05 1.28927660e+00
    2.83910453e-01 5.48425913e-02 1.45642877e-01 1.60140646e+00
    6.51840806e-01 2.18859255e-01 1.02354145e+00 8.92279565e-01
    2.61634588e-01 -7.56033540e-01 4.60000396e-01 -4.96889025e-01
    -9.06109214e-02 1.57857752e+00 1.59304678e-01 1.20467973e+00
    -1.22104049e-01 -9.15820599e-02 8.98876488e-01 8.71744037e-01
    -2.67128915e-01 -1.76479906e-01 7.80445457e-01 1.14688945e+00
    3.04877758e-02 1.75966108e+00 1.85393989e-01 -3.36928874e-01
    1.81476760e+00 5.57338178e-01 1.14405644e+00 3.82683277e-01
    -5.46846986e-01 1.31760752e+00 -1.64378941e-01 1.68743515e+00
    -7.10713804e-01 -4.74537641e-01 1.66634488e+00 -7.10030675e-01
    -6.88198090e-01 8.53354454e-01 1.35844588e+00 9.99311864e-01
    1.40435767e+00 1.69057870e+00 -1.26257181e-01 -1.97121143e-01
    1.61668384e+00 8.58134151e-01 1.49136233e+00 -2.73019969e-01
    -1.68263912e-02 1.57149696e+00 1.76211894e-01 1.08770728e+00
    1.71282744e+00 -5.49856424e-01 1.64030528e+00 -1.67779326e-02
    1.45035815e+00 9.12913620e-01 1.64770365e-01 1.38713360e+00
    1.79347229e+00 -3.77873659e-01 1.69376647e+00 1.53895724e+00
    6.00095212e-01 1.17811644e+00 -7.75235415e-01 1.17109752e+00
    1.87603414e-01 -2.83192933e-01 1.79146421e+00 -7.67261982e-02
    3.47606421e-01 -6.36361361e-01 2.21535206e-01 1.31854832e-01
    1.03790116e+00 -7.83649802e-01 7.86296487e-01 1.03650928e-01
    -9.91696119e-03 -5.15670180e-02 1.27848506e+00 -5.82067966e-02
    1.14296198e+00 8.04365277e-02 8.53440940e-01 -5.16926825e-01
    2.66087055e-03 1.05198383e+00 8.27155530e-01 1.33286214e+00
    7.97488630e-01 -7.32752919e-01 -4.05157000e-01 -6.35293901e-01
    1.00184727e+00 1.18051958e+00 -1.30978942e-01 -1.39016271e-01
    -8.23923409e-01 1.75436950e+00 -2.39020050e-01 1.08122826e-04
    1.54806924e+00 1.27106690e+00 1.39104867e+00 1.51696658e+00
    -2.28503287e-01 -6.88498139e-01 9.39704239e-01 5.64052641e-01
    7.01848388e-01 -2.49491513e-01 1.25311208e+00 -7.09317923e-02
    -2.92719007e-02 1.20263982e+00 2.78274238e-01 5.76203704e-01
    -4.22791958e-01 -1.02462947e-01 6.29804492e-01 4.74121928e-01
    4.39996719e-01 2.68971741e-01 7.28890181e-01 6.77303612e-01
    7.17305183e-01 7.10962951e-01 3.77310276e-01 1.45295262e-02
    4.20530081e-01 1.77729201e+00 3.63053322e-01 1.34367573e+00
    7.45487809e-02 1.34258509e+00 -4.25055057e-01 -4.10387307e-01
    8.81212354e-01 1.34531760e+00 -5.88725448e-01 3.26031744e-01
    6.68112576e-01 8.82540524e-01 7.37140954e-01 3.33547473e-01
    5.13535082e-01 4.58349586e-01 -2.10094452e-02 7.62832999e-01
    -3.87052655e-01 -5.38725138e-01 1.59186602e+00 1.62865090e+00
    1.38141870e-01 1.47631288e+00 3.37559521e-01 4.52304602e-01
    -7.46535838e-01 -8.21768880e-01 2.52419353e-01 4.68840480e-01
    1.50672102e+00 1.69211614e+00 3.83764505e-03 1.69581294e+00
    -6.89045727e-01 1.76571572e+00 1.09309733e+00 5.38949966e-01
    8.92325103e-01 1.65001512e+00 9.08122897e-01 -1.91396356e-01
    -4.82054025e-01 1.10779262e+00 -4.54240382e-01 -5.71001947e-01
    -3.15150917e-01 1.31820595e+00 1.92302465e-01 1.56462240e+00
    3.52869809e-01 1.65779257e+00 4.59901869e-01 9.91286814e-01
    5.95833123e-01 8.23426723e-01 1.41998982e+00 -6.28575683e-01
    1.80529618e+00 -9.16405916e-02 6.00705802e-01 4.18244600e-01
    -5.64578474e-01 4.70557809e-02 1.27099466e+00 -7.52951264e-01
    3.10154378e-01 1.61255169e+00 1.21444929e+00 1.02828956e+00
    5.16131520e-02 8.19456935e-01 -8.87475014e-02 -5.64541221e-02
    1.36942029e+00 9.54669178e-01 -2.24138081e-01 -4.06210423e-01
    8.97105336e-01 1.15288496e-02 -2.07773507e-01 1.81352079e-01
    -9.99373794e-02 1.70458627e+00 9.49330270e-01 -7.12184727e-01
    1.66678619e+00 6.15652800e-01 4.37691391e-01 5.98632753e-01
    4.51989174e-01 1.58939242e+00 -5.00128865e-01 1.32102323e+00
    3.48740578e-01 2.87645102e-01 -2.52357483e-01 5.94825149e-01
    4.48855042e-01 -7.69208908e-01 6.81763411e-01 -7.56008625e-02
    9.56436872e-01 1.65719557e+00 1.68980908e+00 7.79008210e-01
    9.35212433e-01 1.24051833e+00 1.08432055e-01 5.24235547e-01
    1.35537744e+00 7.76827335e-03 1.58147168e+00 1.19203210e-01
    2.88218260e-02 8.10658574e-01 4.81193841e-01 7.67611742e-01
    3.07582021e-02 4.55696464e-01 -3.46668750e-01 1.17696989e+00
    1.10241890e+00 6.97045684e-01 2.03524649e-01 1.15199089e-02
    -2.79186904e-01 3.45925033e-01 5.48952818e-03 1.45840526e+00
    1.40556979e+00 1.59808755e+00 1.16427648e+00 4.01565015e-01
    9.65221345e-01 1.58311391e+00 1.22008920e+00 6.86033726e-01
    1.51933920e+00 1.66414165e+00 1.30276275e+00 2.89453328e-01
    6.17257833e-01 6.41627073e-01 1.23936951e-01 -1.76388204e-01
    8.70157778e-01 1.65703297e-02 1.57299411e+00 3.11559737e-01
    9.21759307e-01 1.04609466e+00 4.81780946e-01 4.47750747e-01
    1.36914456e+00 -2.82997608e-01 5.41803002e-01 -4.11284357e-01
    1.13582540e+00 2.45293200e-01 -5.24404049e-01 8.42449605e-01
    -3.25590193e-01 -7.67803729e-01 7.10363388e-02 1.27635527e+00
    3.90456915e-02 -6.30222559e-01 4.99555051e-01 1.22694564e+00
    1.29006636e+00 -3.10762584e-01 -1.57500505e-01 1.69452929e+00
    1.61683631e+00 -3.88933271e-01 6.09922469e-01 1.17812681e+00
    1.45660782e+00 6.63942456e-01 9.37672019e-01 1.48652601e+00
    5.50407529e-01 1.34635687e-01 2.69865334e-01 3.78535271e-01
    1.04377794e+00 -5.89604914e-01 4.21582937e-01 1.34385943e-01
    1.58643436e+00 1.01074934e+00 4.89347398e-01 1.56162083e+00
    1.32042825e+00 6.89091086e-02 9.72653687e-01 1.27206075e+00
    -5.91027260e-01 1.97968125e-01 -5.39545774e-01 1.64616454e+00
    -1.58503592e-01 -5.48870385e-01 1.32101035e+00 4.46666062e-01
    1.80495441e-01 4.29930389e-01 1.90460205e-01 2.97492385e-01
    -4.71137673e-01 -5.86414754e-01 -5.33065796e-01 -9.89639759e-02
    1.24873734e+00 1.15048575e+00 1.11808848e+00 1.42126596e+00
    1.32405996e+00 5.98005831e-01 1.48162234e+00 4.30460572e-01
    4.24548268e-01 1.48108399e+00 1.36452091e+00 -3.94778252e-02
    1.08907962e+00 1.52786684e+00 1.64785314e+00 -3.57427359e-01
    5.55274844e-01 -8.70274901e-02 -6.21338785e-01 1.76630020e+00
    1.08143878e+00 1.24584293e+00 -4.11234498e-01 4.23301399e-01
    8.33152533e-02 -2.77094483e-01 3.42581570e-01 1.84371471e-02
    -1.96003020e-01 -6.25520051e-01 -2.30163395e-01 1.63210130e+00
    -2.43604958e-01 2.46429622e-01 3.16714168e-01 9.55112755e-01
    -3.42859060e-01 -1.14335835e-01 8.44742239e-01 8.89731646e-02
    4.95820880e-01 -5.06901145e-02 8.12826574e-01 2.31362581e-01
    -1.10458434e-01 5.06075382e-01 6.64427280e-02 1.96983814e-01
    -6.42201304e-02 1.60879731e+00 5.71864843e-01 7.02537954e-01
    1.20753050e+00 9.48413253e-01 -3.06272686e-01 7.69205749e-01
    1.06393588e+00 8.01620543e-01 -6.79514468e-01 1.44381857e+00
    -5.42089164e-01 8.07474554e-01 1.03433347e+00 1.10163569e+00
    1.36631322e+00 7.96880126e-02 6.71783328e-01 -2.36921310e-01
    1.07191348e+00 6.67815983e-01 1.97420835e-01 2.29342103e-01
    9.98730242e-01 1.47162199e-01 -4.07935858e-01 -2.06971169e-03
    1.41751730e+00 7.25082755e-02 3.43450308e-01 1.02280474e+00
    2.47510552e-01 -1.84504986e-01 3.74465585e-01 8.21787894e-01
    7.60294974e-01 -4.15208459e-01 1.19012213e+00 1.04525340e+00
    1.52413464e+00 1.45367360e+00 -1.19209588e-01 9.22084630e-01
    1.13028610e+00 7.62646616e-01 1.34094703e+00 1.96170270e-01
    6.07681632e-01 1.86165094e-01 -7.52254963e-01 1.73435736e+00
    3.89385521e-01 -5.00492334e-01 1.17790127e+00 -1.12146974e-01
    1.80419481e+00 -5.39996982e-01 3.50910187e-01 2.72097230e-01
    -5.21106780e-01 -2.39163041e-02 1.67302310e+00 2.23682225e-01
    1.21718669e+00 4.98722136e-01 -6.49675608e-01 9.41904247e-01
    1.65802574e+00 4.78948295e-01 -4.55441982e-01 4.78607237e-01
    3.02731693e-01 -5.11794448e-01 5.25322318e-01 1.03567374e+00
    1.11302137e-02 9.14450049e-01 -2.43121862e-01 6.21483862e-01
    9.52461421e-01 -3.87349069e-01 1.63990557e+00 1.59995174e+00
    5.10044158e-01 -7.52875865e-01 1.62040174e-01 1.44148946e+00
    -1.63351297e-01 9.74196792e-02 2.87216306e-02 -5.54623365e-01
    -5.89323699e-01 9.11140144e-01 -5.23402095e-02 4.60717857e-01
    1.41416562e+00 -4.25410777e-01 1.04192019e+00 1.51059127e+00
    1.05898595e+00 1.14149785e+00 1.63890791e+00 1.38441157e+00
    -2.03567982e-01 -7.63881505e-01 1.10408342e+00 1.64040565e+00
    2.94266045e-01 1.28187561e+00 -4.60965991e-01 1.68113780e+00
    4.78493750e-01 -7.15757251e-01 -4.71049994e-01 1.30254054e+00
    7.61542618e-01 -5.55766940e-01 -8.32899213e-02 6.82594299e-01
    1.56678414e+00 1.56885052e+00 1.13296747e+00 1.12605619e+00
    -3.71876210e-01 1.41746187e+00 -2.77009428e-01 8.79178047e-02
    6.25804305e-01 7.57549465e-01 1.37089396e+00 -1.63553447e-01
    1.64549947e+00 7.80268967e-01 -2.97503710e-01 1.75866342e+00
    1.85671639e+00 3.25196534e-01 4.28663611e-01 9.41826165e-01
    1.65339112e-02 -3.45956236e-01 4.25118566e-01 1.05181336e+00
    -5.55046201e-02 1.03066015e+00 1.73660421e+00 2.54146159e-01
    1.65545261e+00 -3.04789275e-01 -5.86982131e-01 5.33952892e-01
    -2.12017417e-01 -5.01246691e-01 -3.54757577e-01 7.12748945e-01
    2.98100293e-01 -2.08695531e-01 1.53067207e+00 7.60174274e-01
    1.51943994e+00 6.33017480e-01 1.57219183e+00 -5.40529788e-01
    1.15032840e+00 1.42904615e+00 1.63482404e+00 -3.50105703e-01
    1.22655988e+00 5.22412539e-01 -2.34475970e-01 -3.25418234e-01
    1.34970331e+00 -4.11119252e-01 1.61117411e+00 1.18557477e+00
    1.78353024e+00 1.55571318e+00 -3.60225439e-02 -1.62506163e-01
    4.33848858e-01 -5.06053209e-01 1.01629770e+00 2.45784044e-01
    -4.21182513e-02 -6.74351454e-02 -9.51435566e-02 -4.98635739e-01
    2.08030641e-01 1.19666982e+00 7.04685330e-01 5.15308380e-01
    1.59170246e+00 -6.22675598e-01 -3.71397287e-01 1.42788482e+00
    1.76143289e+00 5.15123606e-02 -7.64497876e-01 3.00150096e-01
    3.91445875e-01 -6.76115036e-01 1.43897533e+00 1.38850200e+00
    1.33776736e+00 1.44000542e+00 1.54841018e+00 8.46925974e-02
    7.74901450e-01 2.14624226e-01 4.91700947e-01 9.17988837e-01
    1.03763223e+00 4.58759487e-01 -3.71276528e-01 1.76224303e+00
    -5.23678064e-02 1.35070610e+00 9.92427766e-01 2.57567465e-01
    8.82805228e-01 1.76924968e+00 1.52871716e+00 -6.59704804e-01
    -4.79616165e-01 -3.95401269e-01 -5.78873873e-01 1.67226911e+00
    5.47253489e-01 -8.19692731e-01 1.43169188e+00 2.63077378e-01
    1.17270327e+00 -7.40782082e-01 1.76131701e+00 1.04831243e+00
    -4.62393612e-01 1.32823646e+00 8.15794945e-01 1.61247492e+00
    1.44592929e+00 2.93767810e-01 6.77340090e-01 9.18551147e-01
    1.97694838e-01 1.22612715e-03 1.47142696e+00 -2.29577303e-01
    4.00313437e-01 1.31136513e+00 1.23670101e+00 1.53919625e+00
    3.59022677e-01 1.08732104e-01 5.92563331e-01 2.34979689e-01
    1.41386807e-01 1.70778918e+00 7.46611953e-02 1.50842333e+00
    -5.75138211e-01 1.67964900e+00 1.63982117e+00 -2.56574810e-01
    9.44715738e-01 9.85430241e-01 1.61684370e+00 1.77125335e+00
    9.48860407e-01 -1.92801178e-01 2.46640861e-01 -5.55150688e-01
    5.08527219e-01 -7.02548683e-01 9.68023777e-01 1.47540045e+00
    1.48235214e+00 4.20344412e-01 1.06789052e+00 8.28628719e-01
    1.26094246e+00 -4.08669859e-01 3.73075068e-01 9.20231879e-01
    -2.29615211e-01 1.34553623e+00 1.01477408e+00 9.76165652e-01
    3.96130264e-01 1.28993440e+00 1.12385321e+00 1.33531547e+00
    7.28643775e-01 1.16764462e+00 1.45910621e-01 1.38012433e+00
    1.27288306e+00 1.74335527e+00 1.80051804e+00 6.25638366e-01
    7.11534917e-01 1.61644757e-01 5.00092506e-02 -2.84105301e-01
    2.55040169e-01 8.22776735e-01 1.10433555e+00 1.02081370e+00
    -4.97530460e-01 5.27767539e-01 8.18804562e-01 4.11282957e-01
    1.20925665e+00 1.47047794e+00 1.47417450e+00 3.23660851e-01
    -6.45075440e-01 6.76215172e-01 -2.09923387e-01 1.19456482e+00
    -5.98910451e-01 -7.05139399e-01 1.44623518e+00 -5.85491896e-01
    -5.62300086e-01 -1.26913130e-01 -3.14536840e-01 -7.15899706e-01
    1.53079844e+00 -1.94913805e-01 1.64588928e+00 6.72311842e-01
    4.08831835e-01 1.77624106e+00 1.29132533e+00 -5.50217628e-01
    1.56865668e+00 1.10868812e+00 8.76171052e-01 6.40375614e-01
    4.10783470e-01 -6.11461222e-01 1.68014050e+00 5.48869371e-03
    1.26918614e-01 3.60658050e-01 1.70750260e+00 -3.24289083e-01
    1.63144338e+00 9.59885299e-01 9.04580653e-01 -2.97614217e-01
    1.61641157e+00 6.68912947e-01 2.10604966e-01 1.35559916e+00
    1.20442557e+00 1.02774346e+00 3.01332474e-02 8.52726817e-01
    8.51589620e-01 -3.48028749e-01 5.98455071e-02 1.05293214e-01
    5.79630017e-01 -1.28182173e-02 9.35125411e-01 -3.78135443e-02
    1.29163241e+00 1.54516959e+00 8.89534652e-01 1.00444853e+00
    1.21074581e+00 1.29829037e+00 -3.83440375e-01 1.62905884e+00
    -7.61196613e-02 3.65943968e-01 -7.06678987e-01 1.25609040e+00
    -6.97777689e-01 1.76952004e-01 1.40864885e+00 -7.13282466e-01
    1.47940135e+00 8.24903607e-01 6.74169064e-02 -5.92868149e-01
    1.06637096e+00 1.94169021e+00 5.66440701e-01 2.04309702e+00
    1.54776073e+00 1.06440401e+00 -1.89957321e-02 1.83535528e+00
    4.87787604e-01 1.05643868e+00 1.21612906e+00 3.35768461e-01
    -2.68584371e-01 1.31224656e+00 -3.33237648e-02 4.65745389e-01
    1.69268298e+00 9.12534475e-01 2.14578569e-01 1.13435745e+00
    -1.67833328e-01 4.26021516e-01 -6.65470183e-01 -2.24531889e-01
    4.71601248e-01 -3.56659889e-02 1.65862489e+00 -7.97713578e-01
    5.43682039e-01 1.48075283e-01 2.44069397e-01 1.09333360e+00
    1.70829773e+00 9.73830998e-01 -3.09953392e-01 1.23656654e+00
    1.10708594e+00 2.10114241e-01 3.22572947e-01 -6.87266946e-01
    1.45272613e+00 -1.97129965e-01 1.10504484e+00 -6.64983869e-01
    1.35575414e+00 1.61333561e+00 2.08915591e-01 2.91176379e-01
    1.44115984e-01 1.24209869e+00 4.47987378e-01 1.53151596e+00
    -3.66953939e-01 1.27662075e+00 8.22070479e-01 -7.68619895e-01
    -3.28770161e-01 -5.28839588e-01 1.51335835e+00 9.26317632e-01
    1.35401630e+00 3.87305915e-01 2.02059746e-03 6.63803518e-01
    3.83316457e-01 1.27116752e+00 -7.80381203e-01 -2.02414513e-01
    1.55462456e+00 4.83787060e-01 1.02037907e-01 -2.29694843e-01
    1.19882727e+00 1.17707372e+00 -5.65161705e-02 8.84659410e-01
    1.37170899e+00 6.56289160e-01 1.48918772e+00 1.71631289e+00
    -5.40488958e-01 1.29008150e+00 1.17927647e+00 1.58730865e+00
    8.12550902e-01 1.61420536e+00 1.41826153e+00 -1.97390020e-01
    1.44119930e+00 4.44101036e-01 -4.67652172e-01 1.05206907e-01
    -5.70089638e-01 1.61852634e+00 4.69655216e-01 1.06166196e+00
    3.06926847e-01 7.55184770e-01 1.59074187e-01 1.54502845e+00
    1.50114894e-02 1.30124283e+00 1.58361864e+00 1.22990477e+00
    1.77990973e+00 1.18571198e+00 4.83244300e-01 -3.86005789e-01
    -3.17105621e-01 -1.18200898e-01 -2.61577010e-01 -4.38793987e-01
    1.33303773e+00 -7.67310321e-01 1.70230341e+00 -3.68389964e-01
    4.54889894e-01 1.20942795e+00 -3.87343436e-01 -6.31032765e-01
    1.88367963e-02 1.21142089e+00 -8.02106798e-01 1.32370853e+00
    1.70254087e+00 -1.44462109e-01 -3.21878493e-01 -3.61385286e-01
    1.63372493e+00 7.86389232e-01 3.18519115e-01 9.90586877e-01
    1.33562589e+00 1.00366235e+00 -2.49041438e-01 1.59953380e+00
    1.49357212e+00 -9.46834683e-02 -5.67266643e-01 -1.56775177e-01
    -3.28586102e-02 6.29706025e-01 8.98967564e-01 1.12391448e+00
    1.16084433e+00 1.17258000e+00 -4.94009137e-01 -3.77758414e-01
    5.84779143e-01 6.36765480e-01 5.16130209e-01 -6.81090832e-01
    5.65497637e-01 2.04240620e-01 1.74266410e+00 -1.97027206e-01
    1.54506469e+00 4.91003811e-01 4.90291238e-01 1.49891281e+00
    2.96819210e-01 -3.67324948e-02 1.28327680e+00 -5.04036188e-01
    1.56138968e+00 1.31469989e+00 1.79357231e-01 7.30946362e-01
    1.25726521e+00 -9.92632508e-02 6.73198700e-01 1.72447634e+00
    1.49916697e+00 4.39376652e-01 -4.59339201e-01 -7.28797793e-01
    6.49307370e-01 -5.56420565e-01 -3.41640830e-01 -2.72384346e-01
    5.89908659e-01 -5.43567836e-01 -4.12950575e-01 1.13751578e+00
    -5.35716534e-01 1.07571208e+00 -5.87014794e-01 5.85555732e-01
    3.50069284e-01 1.41356361e+00 -5.65791011e-01 9.61471796e-02
    -6.83985949e-01 -5.38965046e-01 9.34079707e-01 5.81490993e-03
    9.79128718e-01 -1.71816707e-01 1.33554864e+00 6.72476053e-01
    1.21694708e+00 1.51112664e+00 6.31808996e-01 -3.88145447e-02
    1.37916589e+00 1.53045094e+00 5.47399521e-01 1.06165051e+00
    1.62334681e+00 -3.09392929e-01 5.87243915e-01 1.49790645e-02
    2.32154489e-01 2.83132732e-01 1.35493231e+00 1.60429335e+00
    -4.30883288e-01 -3.10069263e-01 1.26532769e+00 -6.04848802e-01
    4.60891724e-02 -1.56276345e-01 -1.20646536e-01 1.40253711e+00
    -7.46689320e-01 7.47026205e-01 1.70191491e+00 -1.95857048e-01
    4.17253613e-01 -1.95378661e-01 -2.98211128e-01 1.65278554e-01
    9.43240881e-01 -5.10079622e-01 1.76908731e+00 -2.38491237e-01
    1.62697387e+00 7.45050609e-01 9.04716969e-01 -1.93453550e-01
    -3.13963205e-01 -7.50607252e-01 1.09729695e+00 -1.27646387e-01
    4.34896410e-01 -2.96235085e-05 6.00422621e-01 2.31889009e-01
    1.74204659e+00 1.62786257e+00 7.09065378e-01 5.17648399e-01
    9.31686699e-01 -4.22734559e-01 -5.04153967e-01 1.22288489e+00
    2.31516004e-01 1.47499263e-01 1.91973221e+00 1.02458358e+00
    1.43868780e+00 9.80123043e-01 6.38610363e-01 2.35131681e-01
    1.18872094e+00 1.79298580e-01 1.83567321e+00 1.66896582e+00
    -6.06095076e-01 1.36874318e+00 3.65980029e-01 -4.76811439e-01
    5.02052188e-01 1.12502074e+00 1.19580841e+00 5.75368047e-01
    2.01803565e-01 1.49940670e-01 -5.24425089e-01 7.36828446e-01
    -7.73867369e-02 8.92875016e-01 1.52742755e+00 -6.36840463e-02
    3.47532868e-01 1.76044059e+00 1.66410136e+00 6.90311551e-01
    -6.13317907e-01 1.50274968e+00 -2.30086982e-01 1.24030221e+00
    6.71378553e-01 8.84102762e-01 -6.89449430e-01 1.75303936e+00
    8.90077293e-01 1.41099644e+00 1.59436250e+00 1.46503484e+00
    -5.93367219e-02 8.10157478e-01 1.53457284e+00 1.43154764e+00
    -6.93485379e-01 -7.62419879e-01 4.68587279e-01 1.59847403e+00
    3.98386419e-01 2.26613522e-01 1.19347954e+00 8.22234333e-01
    -6.04420304e-02 3.28162670e-01 -1.21846318e-01 3.57587039e-01
    1.18772960e+00 8.38745058e-01 4.50505495e-01 -2.62722135e-01
    1.44218767e+00 5.63413560e-01 1.76489973e+00 -4.87037927e-01
    1.09862757e+00 1.35433435e+00 1.60944653e+00 3.32915068e-01
    1.29030800e+00 -2.58522570e-01 8.68651509e-01 -9.97267962e-02
    -2.15587914e-01 -2.88010776e-01 -3.71574074e-01 5.61701238e-01
    1.61360705e+00 1.49975586e+00 1.01006103e+00 3.20922494e-01
    8.40248644e-01 1.72547698e-02 -7.63874471e-01 5.46665788e-02
    -2.07850277e-01 1.72719049e+00 1.79266369e+00 -4.80957776e-01
    5.55247426e-01 1.59046042e+00 6.74500287e-01 1.21018469e+00
    -1.77387595e-01 -5.41381478e-01 4.36527073e-01 2.10965753e-01
    -7.53773510e-01 -4.88352060e-01 1.64792335e+00 -2.34150410e-01
    1.36454415e+00 1.65850592e+00 -1.63587093e-01 9.20907080e-01
    -1.08857095e-01 -2.57105291e-01 1.29260969e+00 1.01138377e+00
    -3.52472365e-01 -4.93248701e-02 -6.93425477e-01 7.77459741e-02
    2.05600858e-01 -7.02168703e-01 1.48776722e+00 1.67820525e+00
    -1.20963275e-01 4.58864570e-02 -1.22373700e-01 8.36031675e-01
    -7.99757242e-03 1.45296693e+00 1.62490535e+00 1.49436140e+00
    -1.86714828e-01 1.71676517e-01 4.45547938e-01 4.37948585e-01
    9.57167029e-01 -5.08014321e-01 -5.26941180e-01 -5.97049773e-01
    -2.92050838e-03 4.76453483e-01 -8.25956464e-02 -2.81158090e-02
    9.00718212e-01 1.03631771e+00 2.47899771e-01 1.52527809e+00
    1.75748992e+00 1.78059614e+00 1.63066328e-01 -1.16516411e-01
    -6.25929832e-02 -6.71386480e-01 -1.44893467e-01 4.21171844e-01
    5.39003491e-01 4.01629210e-01 9.52774763e-01 -7.22060800e-02
    -7.66804695e-01 1.21075797e+00 1.30249298e+00 -3.75453919e-01
    -4.19613481e-01 1.75704408e+00 -1.41722858e-01 -5.73552012e-01
    -3.52694482e-01 1.20316696e+00 8.87325466e-01 4.81536388e-02
    9.85356510e-01 -7.39893973e-01 2.65975416e-01 1.28340745e+00
    9.59520340e-02 1.76145697e+00 3.51164937e-02 5.07488430e-01
    1.75019407e+00 1.07531416e+00 -7.75033295e-01 5.97046554e-01
    6.15189850e-01 -6.08207047e-01 9.05555785e-01 1.58454657e-01
    -5.61045051e-01 -6.33440018e-02 -4.26179379e-01 1.38350868e+00
    9.81096864e-01 -4.55329746e-01 1.22773218e+00 8.00852835e-01
    1.48860812e+00 2.75010407e-01 1.65266788e+00 1.61896563e+00
    5.48168421e-01 -3.50971371e-01 1.06297266e+00 -2.02028215e-01
    1.06467986e+00 5.69696963e-01 1.17777860e+00 2.55832195e-01
    1.17944026e+00 1.35719633e+00 -4.48204100e-01 -5.49488544e-01
    1.69464731e+00 -3.87071818e-01 -3.07170510e-01 4.78831172e-01
    1.34846652e+00 1.63166261e+00 3.46990824e-02 5.98779798e-01
    8.39226604e-01 -1.38580680e-01 1.22884941e+00 5.57852209e-01
    8.16086948e-01 -1.13230467e-01 -6.79046571e-01 -6.66000485e-01
    3.02873969e-01 2.73847103e-01 -3.74155909e-01 1.22403812e+00
    1.62025154e-01 -4.23001438e-01 1.59812999e+00 -1.40670598e-01
    1.14123034e+00 -2.42493391e-01 1.29219592e-01 -1.59166157e-01
    1.38571072e+00 -1.02798104e-01 -2.51349390e-01 -2.76081502e-01
    1.24200463e-01 8.35101128e-01 1.64842439e+00 -3.66072029e-01
    7.08605647e-02 2.56166339e-01 -7.76706696e-01 3.59251499e-01
    -6.16104722e-01 6.00906551e-01 8.56247485e-01 1.74801016e+00
    5.80507755e-01 -3.05299193e-01 8.85151625e-02 -4.05171812e-01
    1.18757319e+00 1.53532445e+00 1.07172549e-01 1.21983588e+00
    6.33732319e-01 -3.67874563e-01 1.46865457e-01 1.63666105e+00
    1.27525616e+00 -9.49251652e-03 -5.59423029e-01 1.52496958e+00
    1.54276812e+00 -6.25262260e-02 9.46429133e-01 1.28611040e+00
    1.74061441e+00 1.11070061e+00 1.21682239e+00 1.27258384e+00
    4.85905766e-01 4.58701611e-01 1.49938858e+00 -5.60483932e-02
    -1.59757018e-01 3.92716467e-01 5.77208340e-01 1.19625509e+00
    1.16380906e+00 1.70329952e+00 1.01935148e+00 3.58630598e-01
    1.61771989e+00 2.71592200e-01 -2.61267245e-01 1.54299235e+00
    -9.09281373e-02 4.12197709e-01 4.14690137e-01 1.74680316e+00
    4.10349965e-02 2.00886548e-01 1.21245313e+00 -3.84200811e-01
    1.29649246e+00 1.78525960e+00 1.05613387e+00 1.08880341e+00
    1.38545918e+00 1.32876575e+00 1.20895147e+00 -4.92195636e-01
    2.17732191e-02 1.05581975e+00 6.32290006e-01 1.02938724e+00
    1.59780884e+00 1.41604328e+00 1.94654346e-01 2.05238044e-01
    7.60019422e-02 6.77469373e-02 1.35161972e+00 7.80281365e-01
    5.33145010e-01 7.38103986e-02 5.58945060e-01 7.11975515e-01
    -2.92137861e-02 8.30824971e-02 1.41616726e+00 4.89751458e-01
    -7.75364041e-01 2.17545867e-01 1.17587173e+00 5.75842857e-01
    -8.16552639e-02 1.52487826e+00 1.34270573e+00 -4.23083484e-01
    -3.57176363e-01 6.75036132e-01 1.36848390e-01 1.62843466e+00
    1.04481983e+00 -8.34725499e-02 6.52249992e-01 1.96936250e-01
    4.10027921e-01 -1.44344091e-01 -3.59076411e-01 1.25103545e+00
    1.29805446e+00 9.18353617e-01 4.72899079e-01 8.65635216e-01
    5.85431397e-01 -4.76061136e-01 1.42799437e+00 2.68634617e-01
    1.19654572e+00 1.47083688e+00 9.63559508e-01 9.74257648e-01
    -1.36731863e-01 1.56181383e+00 6.63418949e-01 6.00571811e-01
    7.03806758e-01 1.10338807e+00 -6.75617278e-01 -7.14414477e-01
    1.96487308e-01 7.74294198e-01 1.52497709e+00 -3.96646261e-02
    -2.64683694e-01 1.21713281e+00 -4.90398347e-01 -6.68676734e-01
    5.45929611e-01 1.21709621e+00 -7.11157501e-01 -5.06192088e-01
    1.75840151e+00 1.74796641e+00 6.38743281e-01 -6.80826485e-01
    2.40844071e-01 -3.70909065e-01 3.30897450e-01 6.14385009e-02
    1.70251393e+00 -4.59518880e-01 -1.60675943e-01 5.65360010e-01
    1.01342130e+00 8.21571648e-01 8.54480207e-01 1.22113574e+00
    9.04776812e-01 9.72850680e-01 1.59874070e+00 1.45716476e+00
    1.82923079e-02 1.68438840e+00 3.13237667e-01 1.28717780e+00
    1.48093224e+00 4.51213896e-01 1.16145945e+00 6.02097869e-01
    -2.59071350e-01 1.63947392e+00 2.66904235e-02 7.15379000e-01
    4.33066368e-01 -6.07442260e-02 1.63877618e+00 -1.76590800e-01
    -3.51917148e-02 -7.21868992e-01 -2.19038188e-01 1.04858994e-01
    1.26964724e+00 9.41823184e-01 3.96003187e-01 5.64024925e-01
    1.07024980e+00 -5.79972923e-01 1.38232422e+00 1.22074604e+00
    1.69199896e+00 1.96293473e-01 -3.01265299e-01 5.43739736e-01
    -2.71423161e-01 7.44215310e-01 1.12774324e+00 -7.02384830e-01
    -4.82217073e-02 1.21605277e-01 1.67412639e+00 6.92676961e-01
    5.18713236e-01 -6.41925931e-01 1.82130969e+00 1.22494745e+00
    1.62980235e+00 6.69851840e-01 7.76373029e-01 5.46986639e-01
    -7.37980187e-01 -1.75313830e-01 1.01579988e+00 -2.65832007e-01
    1.72524261e+00 -1.02472484e-01 1.45780313e+00 1.59592533e+00
    6.93991601e-01 9.90557432e-01 1.60235929e+00 -8.29362810e-01
    8.45862448e-01 -9.73642468e-02 9.82656062e-01 -4.36009318e-01
    1.01023221e+00 1.45385432e+00 1.44867301e-02 -7.09593594e-01
    1.57254791e+00 -6.43981278e-01 3.14996839e-02 -2.39027500e-01
    8.30779672e-02 1.56938362e+00 1.60271716e+00 1.69335961e+00
    -6.61224604e-01 9.35542345e-01 -4.73370165e-01 -4.79824513e-01
    1.10976458e+00 8.80977690e-01 1.54407907e+00 1.25523806e-01
    1.80109501e-01 6.83069587e-01 2.52587795e-02 1.56115258e+00
    2.38238931e-01 1.13199162e+00 -1.48840010e-01 1.70787907e+00
    -3.42941642e-01 2.50203490e-01 1.21830010e+00 1.00244534e+00
    -4.46541250e-01 -3.55107486e-01 1.06493449e+00 -7.33097196e-01
    -4.93959337e-01 -1.27724648e-01 -5.05931377e-02 3.95626247e-01
    1.22386599e+00 1.15720820e+00 -7.07731843e-01 4.07537162e-01
    8.03100944e-01 7.52135813e-01 -1.25178933e-01 9.32835162e-01
    1.49513793e+00 1.87250996e+00 8.32904935e-01 7.13820100e-01
    2.05120850e+00 1.98639059e+00 1.47986388e+00 -4.38995481e-01
    2.16966450e-01 -4.78118271e-01 1.92573428e+00 6.88027143e-01
    1.63432896e-01 -3.01233411e-01 1.42490363e+00 2.46506095e-01
    -6.57944441e-01 -2.29329884e-01 -2.50504613e-01 7.28065908e-01
    1.27247453e+00 -3.05401653e-01 7.57445276e-01 1.02404082e+00
    -5.77652156e-01 5.65071106e-02 1.49318910e+00 -4.77489233e-02
    -2.29340792e-03 1.55693758e+00 1.31512845e+00 -6.50606155e-01
    8.53527725e-01 1.55474794e+00 1.42791212e+00 8.70504797e-01
    3.88777554e-01 -6.19541883e-01 -7.58358240e-01 8.71751189e-01
    6.56155646e-01 -9.53451395e-02 -1.45505250e-01 -1.67406797e-02
    7.74275124e-01 1.63419783e+00 1.37047017e+00 1.17895424e+00
    -1.60564482e-01 9.43607271e-01 7.19312608e-01 5.87593317e-02
    -5.20397365e-01 1.45765924e+00 7.98106134e-01 1.01011646e+00
    2.42907882e-01 -2.79701948e-02 2.70361066e-01 7.31091201e-01
    4.28581536e-01 -1.07575834e-01 -6.37366533e-01 7.49561191e-01
    1.00311542e+00 1.54023886e+00 1.69048333e+00 1.70649433e+00
    1.18429792e+00 3.84060085e-01 9.81974840e-01 5.42857826e-01
    1.20728660e+00 -5.42971134e-01 2.96370804e-01 5.93015492e-01
    -8.47727060e-01 1.38785303e+00 1.05125248e+00 2.99050033e-01
    9.87509787e-01 1.57034743e+00 1.55308652e+00 1.49450493e+00
    4.19602633e-01 -7.08727598e-01 1.61691999e+00 9.06524181e-01
    -8.17528367e-01 7.41195381e-01 4.52396750e-01 -5.44100285e-01
    1.37204456e+00 1.67428493e-01 3.78343165e-01 1.24126756e+00
    5.19801378e-02 1.66085160e+00 1.24990880e-01 6.99857175e-01
    7.23127902e-01 -7.88512647e-01 -3.96375060e-01 -4.43563402e-01
    1.04011071e+00 6.93657458e-01 -6.38429224e-01 -2.12344468e-01
    1.41801381e+00 1.06781888e+00 -2.82476455e-01 -4.37672168e-01
    6.43875122e-01 -7.53516555e-02 -6.59171879e-01 -4.87799108e-01
    -2.31426358e-01 1.01690674e+00 9.82803762e-01 -2.97742754e-01
    -5.01028240e-01 2.85806000e-01 -7.60544181e-01 4.38553095e-02
    5.25108576e-02 2.08870411e-01 9.45580721e-01 -4.88851845e-01
    1.36623979e+00 5.24023175e-01 1.46828616e+00 -7.91117489e-01
    1.74934328e+00 1.39016390e+00 6.05600119e-01 3.58361661e-01
    1.53417277e+00 1.38226497e+00 4.12842512e-01 2.17357457e-01
    8.96960735e-01 1.33398235e-01 1.17882991e+00 -7.86364079e-01
    -1.16292655e-01 -2.17311561e-01 -4.77530062e-01 -7.27095842e-01
    1.70469975e+00 3.61975133e-01 9.45970178e-01 -1.68301523e-01
    1.44965434e+00 -4.12333012e-03 1.14051402e+00 1.18035197e+00
    1.55078244e+00 1.63535357e+00 1.49064803e+00 -5.62406600e-01
    1.69303894e-01 1.42353559e+00 1.38993979e+00 2.65761912e-01
    -4.83228564e-01 -4.91246611e-01 1.02630782e+00 1.45726085e+00
    -7.06197917e-01 1.15051532e+00 9.12384391e-02 2.51710594e-01
    1.11689639e+00 -6.62588537e-01 -4.95038509e-01 -5.87503314e-01
    -5.88466585e-01 1.13768852e+00 1.00144947e+00 1.65854275e+00
    1.10047841e+00 1.13765836e+00 1.08885503e+00 -3.44019860e-01
    -2.82377958e-01 -2.36844957e-01 6.91714406e-01 6.95993602e-01
    1.65895522e-01 6.65261388e-01 1.59136844e+00 9.19183552e-01
    -1.45234704e-01 -6.10879362e-01 5.90367317e-01 1.32483339e+00
    1.32239103e+00 -7.12578356e-01 9.85812008e-01 -3.66076529e-01
    1.66440439e+00 1.10928822e+00 1.13196552e-01 -8.02967250e-01
    6.21611953e-01 1.59656966e+00 1.76769829e+00 -5.02501845e-01
    5.86691260e-01 8.84359479e-02 4.64416444e-01 -3.22768301e-01
    -1.67798281e-01 -1.33780122e-01 9.40182507e-01 3.55922580e-01
    1.60680294e+00 1.22508776e+00 -1.59687877e-01 8.32505822e-02
    1.78989875e+00 7.77236640e-01 1.66050315e+00 1.32996738e-01
    4.37920511e-01 3.18787396e-01 1.72517121e+00 1.13376021e+00
    1.48506498e+00 -2.98356593e-01 1.64917254e+00 1.37989068e+00
    1.40737879e+00 1.71049237e-02 1.46096563e+00 1.42229104e+00
    4.11471963e-01 -7.40484476e-01 1.37299526e+00 1.34009027e+00
    2.72213936e-01 1.18228555e+00 -5.75239360e-01 1.55198336e+00
    9.06437039e-01 1.26463723e+00 8.26070309e-01 1.38300014e+00
    4.12394106e-01 -6.14375532e-01 -4.10772681e-01 -5.49194574e-01
    -2.94123799e-01 1.05579114e+00 1.41555929e+00 -1.28007889e-01
    8.23227406e-01 -5.29606998e-01 -9.12836194e-02 3.63911062e-01
    2.39284664e-01 9.61482525e-04 1.67369008e+00 2.01448727e+00
    -1.01408243e-01 1.01098728e+00 1.98607266e-01 3.15816402e-02
    -5.04873395e-01 1.38247728e-01 1.71732926e+00 -5.41517913e-01
    1.54113626e+00 -6.39269233e-01 6.06533408e-01 5.66469371e-01
    4.32678819e-01 2.25802660e-02 8.77973676e-01 6.63096726e-01
    1.76175690e+00 4.37553167e-01 2.30075717e-01 2.36912668e-01
    1.06130362e-01 1.00549960e+00 -2.81369686e-02 -7.74529934e-01
    -4.58906770e-01 7.48848915e-01 1.72232771e+00 6.29865348e-01
    3.50230932e-02 9.84816015e-01 -7.89754093e-01 -2.04867780e-01
    1.26472223e+00 9.30784941e-01 1.33014703e+00 8.86324048e-02
    8.14027369e-01 1.05742049e+00 1.60758901e+00 1.31159961e-01
    -2.31238008e-01 1.36959863e+00 1.35766244e+00 9.20628786e-01
    1.50810218e+00 3.43561232e-01 3.07427645e-02 1.00168312e+00
    5.84356189e-02 3.98813367e-01 1.55053985e+00 1.00613093e+00
    2.81434834e-01 1.73538280e+00 1.34718156e+00 1.11013365e+00
    -1.51651919e-01 -7.72415996e-01 -7.15302229e-02 1.26426959e+00
    1.31102562e+00 3.82103145e-01 2.86582112e-01 -2.40846276e-01
    -6.10965610e-01 1.08313143e-01 1.72971296e+00 -5.54906845e-01
    1.62652528e+00 -5.22891998e-01 -7.44773388e-01 1.68232489e+00
    1.58328748e+00 -5.07787108e-01 -3.90606791e-01 1.62172508e+00
    -2.96601534e-01 4.90666211e-01 3.22561264e-02 5.40714622e-01
    2.42605388e-01 7.96951115e-01 1.69874966e+00 -3.98607165e-01
    -1.31693125e-01 1.71554470e+00 1.60928011e+00 1.70769930e-01
    2.19603479e-01 8.31593871e-02 1.03351188e+00 1.13032281e-01
    1.59766603e+00 -7.82803953e-01 -3.09694290e-01 1.04196072e+00
    -7.74625480e-01 8.34728241e-01 -2.32702732e-01 -3.33350122e-01
    8.05202007e-01 -4.05468553e-01 -5.85943580e-01 5.05787730e-01
    -7.20273554e-01 -4.94190753e-01 4.37390625e-01 9.96612310e-02
    8.02125275e-01 6.84941590e-01 1.74996150e+00 4.83541429e-01
    3.31733763e-01 9.13395286e-02 -1.32411301e-01 -7.71078348e-01
    1.53112555e+00 -3.27602953e-01 1.82122886e-01 3.96732032e-01
    1.60110974e+00 -1.84667587e-01 1.65966082e+00 1.40400505e+00
    -4.83082116e-01 -6.37426257e-01 7.49183297e-02 1.66038132e+00
    1.35571194e+00 1.17763090e+00 -3.16509843e-01 1.65134907e+00
    5.46948791e-01 -2.30706573e-01 1.98712707e-01 1.21364200e+00
    4.50185716e-01 4.84814882e-01 9.70093250e-01 -7.62288809e-01
    -5.25320172e-02 6.11238241e-01 -2.98208117e-01 5.38925231e-01
    8.95366490e-01 -4.05126810e-03 1.71006560e+00 1.80375934e-01
    -4.43853140e-01 1.21659875e+00 5.68839669e-01 -4.91765916e-01
    -3.52767110e-02 6.82206035e-01 1.08529997e+00 6.60771549e-01
    1.39881992e+00 -4.63366508e-02 1.78428006e+00 -5.54638743e-01
    -3.69265020e-01 -4.33549911e-01 -6.96545243e-01 -5.48044562e-01
    -7.37678409e-01 2.65829802e-01 -2.80479014e-01 1.05935156e-01
    7.48355627e-01 -9.24708843e-02 -5.46708107e-02 1.21569598e+00
    1.72287750e+00 -3.52099061e-01 3.95870805e-01 -3.58242661e-01
    1.48032308e-01 7.81509519e-01 7.08213151e-01 -4.95319277e-01
    1.63118374e+00 -6.23528659e-01 -1.08821392e-01 1.05410719e+00
    1.62445045e+00 1.69915557e-01 1.30217719e+00 1.50969756e+00
    -5.33880949e-01 1.11157596e-01 1.73259854e+00 9.07394767e-01
    5.14434814e-01 7.16959357e-01 1.10040617e+00 8.66832376e-01
    1.31127787e+00 1.21122050e+00 3.83025646e-01 1.42429876e+00
    8.72855961e-01 5.14196157e-02 2.44358659e-01 -5.53126931e-02
    -4.24278378e-02 7.56425977e-01 3.58084679e-01 -3.91202956e-01
    -7.38354921e-01 2.20999360e-01 3.52177203e-01 -4.09799904e-01
    -6.88737631e-01 1.21720886e+00 -1.98614836e-01 -6.19841576e-01
    -5.16483963e-01 6.86779141e-01 1.35646129e+00 4.78651941e-01
    1.70959306e+00 1.37999022e+00 1.71402049e+00 1.59515405e+00
    -7.62673140e-01 4.07823503e-01 -6.07165158e-01 -6.34141803e-01
    1.38786125e+00 1.71502030e+00 1.32567728e+00 1.46403742e+00
    -1.73728883e-01 -4.56822246e-01 3.20683718e-01 1.55336356e+00
    -3.97019625e-01 1.32275367e+00 1.20990181e+00 -3.08191180e-02
    -1.79957151e-02 1.06766748e+00 1.37548411e+00 2.18956053e-01
    1.47960496e+00 1.04260039e+00 1.78267896e-01 -2.99435496e-01
    1.52177000e+00 1.03757215e+00 4.97340232e-01 -3.71805102e-01
    5.46632648e-01 9.48818445e-01 1.41371107e+00 1.62433100e+00
    -5.07330537e-01 1.50788438e+00 1.21656179e-01 1.12577331e+00
    -3.14775854e-01 2.06180155e-01 1.04019165e+00 -1.04934633e-01
    -6.31924808e-01 -3.35767120e-01 -3.70895296e-01 5.48440218e-01
    1.61867237e+00 -9.26935673e-02 1.32840967e+00 1.29289651e+00
    1.38115954e+00 -1.47748470e-01 8.02328646e-01 1.37483358e+00
    -3.82257313e-01 1.33319306e+00 1.34336102e+00 1.22877145e+00
    5.86703300e-01 1.44217396e+00 5.36700487e-02 1.47759914e+00
    4.42569077e-01 -2.02539623e-01 2.69000351e-01 3.81297529e-01
    -5.89517355e-01 6.86108410e-01 -4.04260784e-01 -5.61560512e-01
    -3.33598107e-01 3.51679444e-01 8.11199486e-01 7.05123603e-01
    1.19969428e-01 1.57693291e+00 7.68577456e-02 4.30553138e-01
    -1.12969816e-01 -3.24413776e-02 5.45638263e-01 -1.24476552e-02
    1.21664667e+00 3.25466216e-01 1.36147118e+00 1.31695509e+00
    -7.16465831e-01 1.09368253e+00 7.57984281e-01 1.12623382e+00
    -2.02632785e-01 5.62951505e-01 7.98292756e-01 1.06935453e+00
    6.31916106e-01 1.33706021e+00 1.52455568e+00 1.01373982e+00
    4.77762282e-01 -5.61171770e-02 -7.11238384e-01 1.60239327e+00
    2.66427517e-01 8.91501188e-01 1.19485033e+00 -1.24545753e-01
    1.74483919e+00 8.98702264e-01 2.23387480e-01 -5.93373895e-01
    1.06388617e+00 3.43684494e-01 1.13087082e+00 1.03774667e-02
    9.66953635e-01 1.02677464e-01 1.38695705e+00 1.09875894e+00
    4.71554935e-01 4.31805253e-02 -5.92702746e-01 5.62457323e-01
    -7.79827595e-01 1.68723106e+00 -2.67589211e-01 4.04701889e-01
    4.91982341e-01 1.11375618e+00 6.49779677e-01 -3.10566008e-01
    1.39385283e-01 9.73976791e-01 1.45313883e+00 2.69373417e-01
    1.00777435e+00 -6.60558164e-01 1.68005466e-01 1.67885685e+00
    1.63439965e+00 1.70480907e+00 -4.01241750e-01 -4.22138274e-01
    1.22690320e-01 1.67258477e+00 2.17342913e-01 1.73467231e+00
    -7.18217492e-02 2.66440511e-01 1.78141868e+00 7.65245378e-01
    1.40126026e+00 2.66526461e-01 3.15076113e-03 1.68163824e+00
    -3.06186676e-01 6.40027165e-01 1.54842806e+00 -2.27623105e-01
    8.03338110e-01 -1.78235769e-01 9.13940072e-02 1.27766919e+00
    -2.05029786e-01 1.18870473e+00 1.18395388e-01 1.31159961e+00
    -7.61339903e-01 1.57099628e+00 -3.59552085e-01 -4.32580531e-01
    7.23131299e-02 1.71926713e+00 -7.59003818e-01 1.21771216e+00
    2.74796486e-01 1.00816917e+00 1.03130341e+00 1.54057145e+00
    1.58079517e+00 -1.63885593e-01 1.58338392e+00 2.85062909e-01
    2.75487840e-01 -6.48931265e-02 1.39589453e+00 1.45672035e+00
    3.65233183e-01 -4.07141626e-01 1.31908536e+00 4.31098342e-01
    -6.52935028e-01 -2.74066329e-02 1.40858471e-01 1.24149394e+00
    -3.96773487e-01 1.22220087e+00 2.04879344e-01 -6.57763600e-01
    5.21988809e-01 -7.46144533e-01 1.11543250e+00 -2.11203694e-02
    9.68066156e-01 8.72095764e-01 7.16125309e-01 -7.50147462e-01
    -6.51632786e-01 -1.82010233e-01 5.83208263e-01 -4.98372585e-01
    5.04629493e-01 1.61559439e+00 1.30414367e+00 -4.55647856e-01
    1.75055957e+00 6.44782424e-01 9.63314831e-01 5.54454207e-01
    1.59487486e+00 -2.41587341e-01 2.67974317e-01 -1.40905559e-01
    -4.18826878e-01 -4.70008194e-01 7.16556668e-01 1.41834462e+00
    2.26783991e-01 5.85287750e-01 7.18980789e-01 9.00479138e-01
    2.46763229e-03 6.05383515e-01 -5.12227893e-01 1.25391412e+00
    -3.57998341e-01 -7.07074881e-01 1.47770357e+00 9.47989225e-01
    2.11201489e-01 -3.43181044e-01 1.12642312e+00 -1.32256389e-01
    2.64086127e-01 8.66401136e-01 -7.20128179e-01 1.12441564e+00
    -9.31363106e-02 2.92316318e-01 1.55105877e+00 -2.16518641e-02
    1.66207778e+00 1.19657648e+00 2.47185588e-01 7.06039667e-02
    -1.42829061e-01 -4.30792570e-03 1.12340164e+00 -1.22041285e-01
    2.19333410e-01 1.55369234e+00 1.07292843e+00 -6.02955163e-01
    1.54073429e+00 -6.41201496e-01 1.48739672e+00 -6.16523623e-02
    8.43286633e-01 6.00928664e-02 1.60564935e+00 -5.66748679e-01
    -1.39855564e-01 -6.54310346e-01 -2.71225393e-01 1.57431269e+00
    3.18342805e-01 -5.19000292e-02 -3.21398348e-01 1.11599326e+00
    1.45890057e-01 2.08696306e-01 1.26552677e+00 1.03307486e+00
    -2.43186593e-01 3.74610901e-01 -4.32375222e-01 2.02141190e+00
    3.20092052e-01 5.82832456e-01 2.11239409e+00 1.79980183e+00
    1.32322490e-01 3.57495546e-02 6.02051079e-01 1.51996636e+00
    -7.50965297e-01 -4.04279828e-02 5.83864391e-01 9.34017956e-01
    -4.74112839e-01 1.14340007e-01 -3.23755473e-01 5.51294088e-01
    -3.53996396e-01 -5.29852808e-01 1.40968847e+00 1.25052166e+00
    -4.59529191e-01 6.31546378e-02 9.52903807e-01 1.54094791e+00
    -5.34905553e-01 2.53756940e-01 8.16195905e-01 1.13326311e-02
    2.93273747e-01 1.33865476e+00 -1.12689376e-01 5.51220238e-01
    5.81758142e-01 1.44335973e+00 -6.91084504e-01 1.26137543e+00
    -3.12283099e-01 1.43167162e+00 1.32080913e+00 1.31285143e+00
    -7.56217599e-01 8.86651337e-01 7.65248716e-01 -3.90311390e-01
    6.87636137e-01 -3.74518782e-01 9.39354599e-01 5.31340539e-01
    4.98350859e-02 1.01617575e-01 -1.86890185e-01 7.79811978e-01
    4.63433087e-01 6.77202404e-01 1.12060285e+00 3.96073163e-01
    1.19676590e-02 7.70693243e-01 -7.99012780e-02 5.07518768e-01
    -3.86432230e-01 1.04199612e+00 1.74054623e+00 5.59297681e-01
    1.33136630e+00 2.47555912e-01 2.71483779e-01 -4.92728800e-01
    2.57306695e-01 8.07504654e-02 1.39255881e-01 -6.29982054e-01
    7.58551240e-01 1.44199395e+00 -5.31867266e-01 6.44427717e-01
    1.43879533e-01 2.05159426e-01 -6.64737225e-01 -6.94577575e-01
    1.47193813e+00 1.41334569e+00 -7.93013752e-01 6.82294369e-04
    5.36065459e-01 -7.29915380e-01 1.01710939e+00 -3.19299340e-01
    1.67784882e+00 1.60229158e+00 -1.60002708e-03 2.76019573e-02
    4.81265426e-01 3.77990782e-01 1.54890537e+00 1.96637750e-01
    9.09691870e-01 1.03329420e+00 1.05254459e+00 1.08986914e-01
    6.74747407e-01 1.61152530e+00 -2.40107656e-01 -7.15795040e-01
    1.81929541e+00 1.47662449e+00 8.54852438e-01 7.37638712e-01
    -1.17698073e-01 1.10274339e+00 8.34733248e-02 -3.71021599e-01
    -2.29158163e-01 1.35318923e+00 1.23577881e+00 -5.26138127e-01
    3.80283594e-03 4.32862699e-01 -5.74609160e-01 1.50604784e-01
    4.33219314e-01 -3.13124239e-01 1.65600657e+00 1.03740096e-02
    -6.16930366e-01 1.33342695e+00 -7.76957273e-02 -4.97202873e-01
    1.75066948e+00 1.37564993e+00 6.73773825e-01 -5.25143027e-01
    1.21104693e+00 8.50277662e-01 -6.06079221e-01 1.26686656e+00
    1.32191074e+00 1.63995433e+00 -3.48144174e-02 -5.40948510e-01
    9.21471119e-01 3.16211760e-01 1.58104634e+00 -7.39314616e-01
    -2.55148172e-01 6.63771272e-01 1.62514853e+00 1.00356460e+00
    1.09573603e-01 -7.37037301e-01 6.52094662e-01 1.69604921e+00
    9.24519300e-01 9.56042051e-01 4.12314892e-01 1.34403932e+00
    2.85695374e-01 -2.44231999e-01 -5.14003813e-01 9.94808376e-01
    -5.55185914e-01 1.26421809e+00 1.36529994e+00 1.57945871e+00
    1.25044608e+00 1.14249635e+00 -2.59820104e-01 1.62939215e+00
    5.17047703e-01 1.54669738e+00 2.31271982e-03 6.75725341e-02
    -3.10295790e-01 1.59211659e+00 1.32612741e+00 1.14633858e-01
    6.45408988e-01 -5.12725592e-01 3.38657558e-01 1.79979372e+00
    5.25015533e-01 -3.56087059e-01 9.34097648e-01 -9.56084728e-02
    1.32896519e+00 9.67443466e-01 7.02482820e-01 5.80944180e-01
    5.33462226e-01 -2.30057418e-01 -5.79854250e-01 1.13709307e+00
    7.64414489e-01 -6.37461245e-01 1.39807999e-01 -7.76953101e-02
    -5.57422638e-04 4.68726158e-02 8.63126695e-01 1.51544571e+00
    -7.64963090e-01 -6.99690461e-01 -6.41664147e-01 1.18583322e+00
    -5.80425978e-01 1.69353628e+00 5.42045295e-01 1.81690848e+00
    -7.70667672e-01 -3.35088342e-01 -4.31015968e-01 3.67605746e-01
    8.37537169e-01 1.07766461e+00 5.60591400e-01 -4.22386736e-01
    1.70034945e-01 9.08104181e-02 -5.36197186e-01 1.02290273e+00
    9.47361588e-01 5.15298247e-02 5.06980121e-01 1.63433957e+00
    -1.80935085e-01 -6.25152946e-01 1.35044074e+00 -8.47281814e-01
    7.55767703e-01 -4.53930974e-01 -8.36182594e-01 -2.59571254e-01
    1.49570298e+00 1.03122354e+00 -4.12262350e-01 8.67509544e-01
    -7.53907919e-01 1.02051640e+00 -7.70598412e-01 1.56659031e+00
    4.11188245e-01 2.89772153e-02 1.52402568e+00 -1.36134923e-01
    -2.89573103e-01 -2.28592694e-01 -4.94054765e-01 4.49447274e-01
    -3.59865427e-02 2.45583713e-01 1.32271218e+00 9.15782452e-01
    8.99266124e-01 1.79589128e+00 1.42923820e+00 1.83486807e+00
    1.64881992e+00 9.87924457e-01 -3.22695374e-02 1.39985418e+00
    1.91729963e-01 -4.85796809e-01 4.01494503e-02 2.31541812e-01
    -6.09301448e-01 1.79678380e-01 -1.78763330e-01 1.38247800e+00
    5.45586646e-01 2.44834542e-01 1.37752712e-01 2.39802241e-01
    1.33517826e+00 8.30966890e-01 -1.93154991e-01 -7.50596344e-01
    4.14159000e-01 1.81606114e+00 1.10178781e+00 -1.02796555e-01
    1.52732110e+00 2.96586335e-01 -4.51461911e-01 2.88106263e-01
    -6.07812941e-01 8.00088823e-01 -1.37047291e-01 -4.03810471e-01
    2.69184709e-01 -6.98310137e-02 8.68111312e-01 8.02942216e-01
    -7.10472345e-01 -2.76184797e-01 1.51112103e+00 7.19893813e-01
    8.20152760e-02 1.47151113e-01 -1.07820928e-01 -2.15077639e-01
    8.40967357e-01 -5.62719464e-01 5.47035813e-01 -8.87369514e-02
    7.21764743e-01 -6.85697675e-01 -7.74130940e-01 7.95600355e-01
    1.62664843e+00 -2.07329571e-01 1.17144680e+00 1.56074941e+00
    4.10537839e-01 -7.20052660e-01 8.27336609e-01 6.91801786e-01
    1.00212884e+00 -1.54495597e-01 1.05434811e+00 -6.61629021e-01
    7.75874436e-01 -7.73790777e-01 1.74275303e+00 7.23771334e-01
    1.51736164e+00 1.70653284e-01 1.67661393e+00 -5.46549141e-01
    -4.29194421e-01 5.55780053e-01 -6.33649349e-01 -2.26508617e-01
    -2.39526272e-01 1.60958219e+00 1.26509464e+00 -4.55690324e-01
    -7.54830837e-01 7.60153532e-01 -6.50380254e-01 7.49516785e-01
    1.08955002e+00 1.18652701e+00 6.49946928e-02 8.72576594e-01
    1.62219560e+00 1.67542911e+00 1.32721758e+00 -6.96865499e-01
    -7.46952474e-01 1.25897563e+00 1.34091282e+00 3.68105948e-01
    6.18563056e-01 1.50660121e+00 1.21772981e+00 1.56341302e+00
    -4.52632606e-01 1.55422902e+00 1.63591146e-01 2.36086905e-01
    1.16055226e+00 2.72412479e-01 -3.96735847e-01 3.75953615e-01
    -3.44659507e-01 -7.08892226e-01 -7.33728528e-01 1.24158835e+00
    1.07590628e+00 4.76875544e-01 -4.33288783e-01 1.82794905e+00
    1.68968415e+00 1.92298889e-02 2.74657786e-01 -4.43096250e-01
    -1.78252041e-01 5.33572078e-01 1.36258757e+00 8.55001688e-01
    1.14862132e+00 1.47668767e+00 5.03704190e-01 1.07411563e-01
    -6.22428715e-01 6.02248728e-01 1.46824324e+00 7.07530260e-01
    -2.24433243e-01 -7.06125259e-01 -5.19848824e-01 -1.76754951e-01
    9.40442741e-01 -3.14667195e-01 -7.72728324e-02 -7.41218984e-01
    4.87928391e-01 6.77469015e-01 3.87767851e-01 -7.23465323e-01
    2.37081766e-01 1.11707640e+00 1.23572457e+00 1.54990554e+00
    -1.89061165e-02 -2.82712758e-01 8.56016457e-01 5.81671417e-01
    1.11545134e+00 7.78394341e-01 -3.38541031e-01 7.04147816e-01
    6.73342288e-01 -4.47301298e-01 -7.78213561e-01 4.41456974e-01
    8.83407176e-01 -1.94741130e-01 1.14594328e+00 -6.03157997e-01
    1.44928217e+00 -5.33139706e-03 3.42624903e-01 -6.44072652e-01
    6.61452353e-01 1.05344367e+00 1.48442984e+00 1.05136311e+00
    4.39765275e-01 1.33942890e+00 1.40154171e+00 1.57660508e+00
    1.24263096e+00 1.30110693e+00 1.19517779e+00 1.47792792e+00
    -2.00582206e-01 3.96169484e-01 -2.07780838e-01 4.91426349e-01
    6.90504491e-01 -7.46580541e-01 -6.43606067e-01 7.63765037e-01
    9.56990242e-01 -2.89967597e-01 -2.78676152e-01 -3.01277637e-01
    1.12746894e-01 1.16575134e+00 1.13727200e+00 -7.58651495e-01
    -1.03602409e-02 -5.82607388e-01 7.31271505e-01 1.15652990e+00
    1.75278473e+00 1.67045057e-01 -9.95254517e-02 -7.47992277e-01
    1.39059949e+00 1.29100621e-01 1.48741364e+00 1.67361796e+00
    8.02428722e-02 -1.77145064e-01 1.40627205e+00 -1.60574019e-01
    1.58365202e+00 1.47812676e+00 1.69286990e+00 1.12867498e+00
    1.36336100e+00 9.19152558e-01 1.41861439e-01 -3.37422192e-01
    -6.98727310e-01 7.31297493e-01 -3.69078070e-01 1.25115025e+00
    1.13408494e+00 -6.00990772e-01 -4.98309731e-02 1.40632451e-01
    6.54901266e-01 2.89541185e-01 1.45487046e+00 1.74764335e-01
    -6.18064404e-02 -1.87158585e-01 7.66499341e-01 -6.23343229e-01
    -6.69680357e-01 1.68374348e+00 1.57463765e+00 4.04932678e-01
    8.90987515e-01 7.23098814e-01 1.08809662e+00 1.06233716e+00
    5.16962051e-01 4.44569945e-01 -1.69614732e-01 1.16035783e+00
    -6.06972098e-01 9.74344611e-01 8.79691839e-01 3.11052144e-01
    1.04281735e+00 1.69253469e-01 2.74302959e-02 -4.04351443e-01
    1.75027758e-01 8.83685172e-01 -2.10848182e-01 7.74076581e-02
    1.28105259e+00 1.13976812e+00 -7.53105879e-02 -5.15919864e-01
    -8.50926638e-02 -1.91725016e-01 -4.23446894e-02 3.27610373e-02
    1.26512873e+00 9.62807834e-01 3.26450288e-01 -4.97219473e-01
    1.20770967e+00 -1.94434643e-01 1.05401492e+00 6.71476364e-01
    -6.51280999e-01 -4.34716314e-01 4.62948620e-01 4.15146351e-03
    -4.55767542e-01 4.41245019e-01 3.75288785e-01 1.18083858e+00
    -1.67031109e-01 9.68187988e-01 -7.51751006e-01 -1.52605772e-03
    8.08617294e-01 4.18761373e-02 1.46615469e+00 2.27484226e-01
    -5.81131577e-02 6.44381821e-01 -1.60545528e-01 1.62754154e+00
    1.69287467e+00 1.25727844e+00 1.10476434e-01 -5.15236855e-01
    1.60180497e+00 -3.03470016e-01 -8.94410610e-02 9.38814223e-01
    -6.18947685e-01 1.30771208e+00 2.44450152e-01 -7.76804030e-01
    9.34451461e-01 -9.22155976e-02 1.63035119e+00 5.63827515e-01
    9.02050972e-01 -5.73124528e-01 6.46844327e-01 3.67502809e-01
    -4.56978709e-01 1.48687327e+00 1.38815355e+00 -5.39376497e-01
    6.36005342e-01 4.17346239e-01 -2.48120606e-01 -3.95516753e-02
    -4.51158375e-01 1.18821537e+00 1.19339907e+00 -1.10250711e-01
    -2.13097095e-01 -3.38115394e-01 1.36435735e+00 1.76537228e+00
    1.31391048e-01 -7.74217367e-01 1.06384063e+00 2.52101123e-01
    3.50322366e-01 7.35167742e-01 -5.57343602e-01 -8.18341672e-01
    -4.64052230e-01 -7.07589388e-01 -6.30492568e-02 1.34837854e+00
    -8.27797949e-01 -1.63465738e-03 1.74535608e+00 5.76517344e-01
    2.95595527e-02 7.28155494e-01 1.02438164e+00 -5.05622447e-01
    3.42974424e-01 -5.62644005e-01 -5.51620722e-02 -7.99031019e-01
    1.37871408e+00 1.74446642e-01 -1.85471833e-01 1.72888899e+00
    3.58607829e-01 5.31815052e-01 -4.47649419e-01 4.06222284e-01
    1.29618716e+00 5.04406095e-02 -3.33190918e-01 1.77850878e+00
    2.23730505e-01 1.10864282e+00 1.61491346e+00 7.27081418e-01
    1.37536657e+00 1.25668848e+00 1.50630653e+00 1.30375803e+00
    -2.19803572e-01 8.32708776e-01 1.24485373e-01 -4.77528632e-01
    3.85102272e-01 2.77306616e-01 4.68199074e-01 -2.24032104e-01
    1.47196591e-01 -2.55789816e-01 7.32926250e-01 -7.17623234e-01
    1.70163321e+00 1.24996042e+00 -6.50719583e-01 -2.25242376e-01
    5.23453772e-01 2.35056877e-03 1.25640988e+00 -6.66059732e-01
    4.40202773e-01 6.30337656e-01 -1.33004844e-01 1.80209672e+00
    1.74808168e+00 1.57838464e+00 -2.84939408e-01 -6.59572959e-01
    7.17110097e-01 1.55799985e+00 -7.83664465e-01 6.94999158e-01
    1.12132120e+00 1.74874640e+00 9.10654962e-01 -7.68614233e-01
    6.93368733e-01 8.07189941e-02 -3.13982189e-01 1.80192971e+00
    1.41468024e+00 -5.86586773e-01 1.77237821e+00 -6.83563709e-01
    -3.00555170e-01 -7.65925646e-03 1.65423393e+00 9.64408398e-01
    1.07210076e+00 2.65764415e-01 1.13602734e+00 1.44238973e+00
    1.47156537e-01 1.19898319e+00 1.27376866e+00 4.94170308e-01
    1.57329988e+00 1.67003846e+00 1.08412504e-02 -4.41894680e-01
    1.06457245e+00 1.39663458e+00 4.22078013e-01 9.51449335e-01
    -3.54032427e-01 1.93146884e-01 1.42705917e+00 -4.93158370e-01
    8.17267060e-01 1.74691689e+00 7.63767958e-01 6.06507599e-01
    4.83396471e-01 -5.51344037e-01 -3.06227297e-01 -1.36644840e-02
    9.62613881e-01 -3.03420931e-01 -7.86205947e-01 -7.16601610e-02
    -5.25967479e-02 1.28207445e+00 2.01315463e-01 -7.22815692e-01
    1.28362894e-01 1.75580525e+00 -2.56445110e-01 3.17448974e-01
    1.53771901e+00 1.76865172e+00 2.96618938e-01 1.75862885e+00
    6.34022772e-01 2.64481187e-01 -3.14074755e-03 8.39215994e-01
    3.94974828e-01 -7.77390778e-01 3.77591372e-01 -6.04028821e-01
    1.64229155e+00 1.00919008e+00 -6.48574352e-01 8.14127266e-01
    1.14658952e+00 -3.51454943e-01 2.53005087e-01 1.57583332e+00
    -4.39822406e-01 1.30005598e-01 1.12496495e+00 -7.39806890e-01
    1.27094507e+00 9.66364741e-01 -3.71402323e-01 -5.62687039e-01
    5.37915230e-02 1.61803985e+00 3.36176753e-01 9.47069228e-01
    -6.07039928e-02 -4.77999538e-01 1.33525169e+00 1.72671437e+00
    1.69674933e+00 1.41017008e+00 1.54242516e+00 -4.45210338e-02
    -4.77273256e-01 7.26205409e-01 1.02958453e+00 7.57303178e-01
    9.34848249e-01 4.94573116e-01 9.02462363e-01 1.67624801e-01
    2.10441494e+00 -4.04823899e-01 1.88106346e+00 4.87406611e-01
    -5.48755646e-01 -5.60861111e-01 6.65153921e-01 1.29996598e-01
    1.20122194e+00 1.52758932e+00 8.05070996e-02 2.12922692e-02
    6.29508495e-03 3.97776723e-01 1.26162958e+00 1.04223454e+00
    1.56399214e+00 -4.69541997e-01 8.11224461e-01 -4.03785825e-01
    1.09392035e+00 4.27838922e-01 1.33468962e+00 4.08743560e-01
    -7.70350039e-01 -4.23705220e-01 6.12912953e-01 1.24519670e+00
    2.64811158e-01 9.90317106e-01 1.77557826e+00 4.87504423e-01
    4.44965959e-02 1.47626936e-01 -7.76618719e-02 3.53744388e-01
    9.00249183e-01 4.79291856e-01 1.80575895e+00 -2.71547496e-01
    8.51871371e-02 1.04239106e+00 4.44358587e-02 -5.11392772e-01
    9.19367671e-01 1.17208052e+00 -4.26394403e-01 -7.54358649e-01
    1.25778413e+00 1.51583803e+00 -6.12762570e-01 1.75511789e+00
    -1.58670664e-01 1.52379549e+00 2.24028111e-01 1.39001608e+00
    7.97392726e-02 -2.84305990e-01 1.06392121e+00 8.98886561e-01
    -3.25959682e-01 9.97838974e-02 9.70935822e-03 1.06062770e-01
    5.12288630e-01 1.25958204e+00 5.74832201e-01 -2.09102094e-01
    1.28774476e+00 1.08102298e+00 6.72824800e-01 -7.35998571e-01
    1.25999510e+00 3.16785038e-01 1.54383564e+00 7.72028029e-01
    2.17802703e-01 3.69314134e-01 -3.21930140e-01 1.25083470e+00
    1.37730110e+00 1.27011895e+00 -5.47073126e-01 1.15683603e+00
    3.24063659e-01 1.69836640e-01 3.31164062e-01 -6.63267851e-01
    -7.34329760e-01 1.36131167e+00 -1.14827931e-01 -5.79813719e-01
    1.56385803e+00 1.23322511e+00 -5.71303368e-02 1.77584434e+00
    1.72142565e-01 -1.25699103e-01 1.08917224e+00 1.08678806e+00
    7.94747710e-01 3.32754135e-01 -6.65504575e-01 1.05287480e+00
    1.52360582e+00 1.00823021e+00 5.01892686e-01 -6.47828043e-01
    -1.01583540e-01 1.75520456e+00 9.66851711e-01 -1.09604776e-01
    8.06318283e-01 8.06514800e-01 -8.18568468e-02 5.42373538e-01
    -4.66746956e-01 1.77674961e+00 6.60669088e-01 2.53355384e-01
    5.12025833e-01 3.16955328e-01 -7.30257392e-01 -4.99782324e-01
    8.87780488e-01 -6.36612833e-01 1.49093997e+00 -3.35788488e-01
    9.42425191e-01 -7.70802498e-02 1.01227713e+00 8.46614897e-01
    1.48955941e-01 1.54788065e+00 -8.51815939e-02 5.89770079e-03
    -4.49431628e-01 1.10479879e+00 -5.63501239e-01 1.99040413e-01
    8.89423609e-01 9.21522975e-02 -3.76843929e-01 2.03446388e-01
    7.88737357e-01 1.75862515e+00 -5.65071106e-02 -8.13692570e-01
    3.71250808e-01 5.02829611e-01 6.39839888e-01 1.44032240e+00
    2.99957991e-02 8.48934829e-01 -3.59755158e-02 5.55216134e-01
    -2.96667159e-01 -5.05428851e-01 -1.21857405e-01 -3.01274180e-01
    -6.44820988e-01 4.14271593e-01 6.57206655e-01 1.12966585e+00
    -4.13461119e-01 -8.28831196e-02 5.69153428e-02 9.27564681e-01
    4.38151121e-01 1.53392506e+00 1.40298009e+00 1.26252174e-01
    1.14541471e-01 1.08169138e-01 -2.08819211e-01 1.12662196e-01
    -2.53416419e-01 1.21854174e+00 2.01206803e-02 1.31378198e+00
    6.18404150e-02 9.10280347e-01 1.43842769e+00 6.89869821e-01
    -8.02322388e-01 1.08280993e+00 -5.55597663e-01 -6.35942459e-01
    6.71698511e-01 1.16314626e+00 -2.50441194e-01 1.32265306e+00
    -4.72157598e-02 -4.54907149e-01 -4.42126930e-01 8.79384100e-01
    1.25062180e+00 2.81600535e-01 1.53430223e+00 9.00851309e-01
    -5.54540455e-01 7.96828926e-01 6.50895476e-01 1.50730133e+00
    5.52799106e-02 8.03211510e-01 7.28355646e-02 1.63818598e+00
    -3.23203295e-01 8.23732615e-02 9.15194809e-01 6.02938771e-01
    1.58120942e+00 -7.34920382e-01 5.09208083e-01 -6.03196561e-01
    -5.87181568e-01 1.40605044e+00 1.40198469e+00 3.40464950e-01
    3.66713166e-01 8.07747006e-01 -3.88781488e-01 -4.08001333e-01
    1.52342856e-01 1.43357873e-01 3.97013426e-01 1.14420736e+00
    4.20075595e-01 -5.85910320e-01 1.71904325e+00 1.73490429e+00
    -2.65597880e-01 1.11969543e+00 1.72786963e+00 7.02467978e-01
    6.30210578e-01 6.75805926e-01 3.33201289e-01 3.37802410e-01
    -3.65956098e-01 -9.66413021e-02 1.59232450e+00 1.23394156e+00
    1.17910564e+00 -7.35259056e-01 -6.83573961e-01 -6.11643851e-01
    1.31094468e+00 7.90527463e-01 8.29022110e-01 1.73831689e+00
    1.28478253e+00 1.82312632e+00 7.87004113e-01 1.16742027e+00
    6.92194343e-01 1.44562709e+00 2.46555805e-02 1.38664126e+00
    1.60530102e+00 1.31089103e+00 1.50727141e+00 7.04527438e-01
    3.76929522e-01 -3.60052794e-01 1.56330657e+00 1.45227909e+00
    1.47572660e+00 6.04705215e-01 -5.45122504e-01 1.02061057e+00
    -6.32041156e-01 1.11426806e+00 -1.28326416e-01 -5.98832011e-01
    6.84714437e-01 1.19709611e+00 1.86855841e+00 -6.23998761e-01
    -5.94460189e-01 -5.02046585e-01 4.69471037e-01 1.59196162e+00
    -1.06199086e-01 1.71798778e+00 1.34421778e+00 -9.85383391e-02
    1.09332180e+00 1.05754900e+00 9.01285827e-01 3.69267762e-01
    1.00077200e+00 1.81416512e+00 1.07747316e-02 -5.91848016e-01
    -3.73473763e-01 -8.01609755e-02 -6.34071231e-01 -3.68226767e-02
    2.82328963e-01 -7.20327973e-01 1.45846295e+00 -1.26169145e-01
    7.90073752e-01 1.28362155e+00 9.42554533e-01 3.57564807e-01
    7.36978412e-01 1.72703743e+00 1.64941192e-01 -3.94157946e-01
    9.55411196e-01 1.24282241e+00 1.43185127e+00 -1.89995825e-01
    -1.86443865e-01 1.11681926e+00 6.75844789e-01 3.27661633e-01
    1.59295547e+00 8.82433116e-01 1.71393442e+00 1.39174390e+00
    -6.54503107e-02 1.51036179e+00 1.48342109e+00 -2.28872776e-01
    7.53119588e-01 1.14330173e-01 -6.76786304e-01 1.55961001e+00
    1.22627032e+00 -2.44899988e-01 1.54758549e+00 -2.20743179e-01
    1.59298968e+00 1.13083518e+00 4.59452987e-01 1.26975477e+00
    -6.10484719e-01 1.12665391e+00 1.78207207e+00 9.85508561e-02
    1.01089931e+00 1.44401371e+00 -4.78493005e-01 4.11347330e-01
    1.28197503e+00 6.42590702e-01 1.59715557e+00 2.27437615e-01
    -2.96279788e-01 -1.16963327e-01 -4.58244085e-02 -6.75179362e-02
    -1.42696500e-02 1.40052557e+00 -5.98011494e-01 1.37237430e+00
    -7.74319768e-02 2.73846984e-02 4.81082618e-01 5.94821513e-01
    9.35294390e-01 1.40411222e+00 1.38735771e-03 1.28089190e+00
    1.27618313e+00 1.28160059e-01 -5.22441149e-01 -6.29248857e-01
    -5.27530313e-01 -4.83865470e-01 -6.44208014e-01 -4.15737629e-02
    1.78414798e+00 6.06352031e-01 4.40562308e-01 1.76271200e+00
    -5.58519006e-01 1.73636580e+00 -3.26842785e-01 1.71915257e+00
    1.03280258e+00 1.41678905e+00 1.80712235e+00 -1.06074572e-01
    6.31260872e-03 -4.29344416e-01 1.23140025e+00 1.20594049e+00
    4.66521025e-01 7.89581597e-01 1.63450134e+00 1.39475262e+00
    -2.40478098e-01 -5.11364877e-01 1.15442944e+00 -1.69265151e-01
    7.34300554e-01 3.86959910e-02 7.83044100e-02 1.55238295e+00
    1.30841684e+00 -3.10598552e-01 1.51658094e+00 -4.70527291e-01
    1.00854635e+00 8.01866293e-01 8.54222417e-01 -7.10336447e-01
    1.31131053e+00 -6.28999531e-01 1.10620046e+00 6.33815169e-01
    -2.45553195e-01 9.58606601e-01 2.42414653e-01 7.09874690e-01
    5.91013670e-01 3.60190868e-04 8.02675366e-01 1.33211207e+00
    1.02131486e+00 1.85270452e+00 8.04968119e-01 -2.03876734e-01
    -2.88741112e-01 3.28999341e-01 6.40611410e-01 8.37659240e-02
    1.17211771e+00 3.03095222e-01 4.92225111e-01 -3.72504503e-01
    -4.14612591e-01 -3.25087726e-01 -1.08142257e-01 -7.92464614e-02
    1.07653046e+00 7.33310819e-01 1.50259852e+00 1.82925689e+00
    6.94314420e-01 9.26701188e-01 4.97888744e-01 1.39017355e+00
    3.06404412e-01 4.33705389e-01 -3.77010971e-01 8.13277721e-01
    1.76782167e+00 8.67867351e-01 -7.30800509e-01 -1.24960601e-01
    1.07102323e+00 9.85706031e-01 5.28577864e-01 -3.21159482e-01
    7.22621679e-02 7.31189251e-01 1.41847730e-01 1.37085032e+00
    -2.52183706e-01 -4.68457073e-01 -4.48361605e-01 5.80787063e-02
    7.66764998e-01 1.74652421e+00 7.73577929e-01 1.40343475e+00
    4.13086474e-01 1.81651640e+00 -1.86169147e-03 8.08164716e-01
    4.14206207e-01 3.06779146e-02 1.47901011e+00 6.97950244e-01
    1.00545514e+00 4.09282386e-01 1.80083632e+00 4.56824064e-01
    8.47562969e-01 -7.05457151e-01 9.63741660e-01 1.38449407e+00
    1.77241123e+00 1.12285757e+00 7.25947440e-01 7.24781036e-01
    -6.71740353e-01 -5.92613637e-01 -6.22754812e-01 1.24964643e+00
    5.94304264e-01 3.36445570e-02 5.36267996e-01 -7.03657389e-01
    5.84950149e-01 -2.18243361e-01 -3.41708571e-01 1.88210428e-01
    1.12560797e+00 1.08921623e+00 8.25837612e-01 -5.28917313e-01
    7.20467091e-01 4.85271901e-01 6.05569124e-01 1.30375898e+00
    1.09387422e+00 8.62299442e-01 1.28443646e+00 -2.16779113e-02
    1.84133053e+00 -5.66156209e-02 1.69169450e+00 1.04383636e+00
    -1.30620837e-01 5.12751162e-01 9.36182141e-01 1.64812279e+00
    7.45276034e-01 1.66886377e+00 5.03474057e-01 3.22741091e-01
    2.68271208e-01 1.90280104e+00 2.53778040e-01 -5.02580106e-01
    -3.38385105e-02 4.92363930e-01 1.55881262e+00 -1.53432310e-01
    2.24587619e-01 1.08490682e+00 1.03860664e+00 9.23027158e-01
    8.35545242e-01 1.54231226e+00 2.22045600e-01 -1.72528982e-01
    -4.31424558e-01 -6.19672835e-01 6.34880900e-01 1.60641932e+00
    1.05900812e+00 1.81113911e+00 1.93009067e+00 2.81313360e-01
    -4.31713998e-01 1.79007435e+00 2.34669864e-01 9.03656602e-01
    2.61773944e-01 -4.92067933e-02 6.63039267e-01 1.91568100e+00
    1.90466797e+00 1.07581329e+00 6.66095138e-01 4.15422857e-01
    1.55274701e+00 -6.55162930e-01 4.84387100e-01 8.80164921e-01
    2.51876950e-01 1.79559255e+00 5.51345348e-02 -3.04735631e-01
    1.27119803e+00 1.81837511e+00 1.85433102e+00 -1.12043142e-01
    5.06811678e-01 1.57492530e+00 1.08172131e+00 1.38647032e+00
    -3.81835282e-01 -5.42990565e-01 9.14683640e-01 1.48859406e+00
    8.17386508e-02 -3.69363070e-01 1.50585377e+00 -1.68999016e-01
    3.17567408e-01 1.26121402e+00 1.76888168e+00 1.73984361e+00
    2.54181743e-01 1.61741614e+00 5.54023087e-01 5.49383759e-02
    1.78985786e+00 1.22285020e+00 7.78125763e-01 1.26264644e+00
    1.50511467e+00 1.46041059e+00 -2.38699585e-01 7.97517300e-02
    -1.12438500e-01 1.01546824e+00 1.50653291e+00 -3.09022665e-02
    1.47071958e+00 1.04556417e+00 -6.65001094e-01 8.77742648e-01
    -5.76144576e-01 4.59374487e-01 1.33588088e+00 -4.74188715e-01
    1.84359539e+00 2.33354211e-01 1.68975866e+00 1.26594555e+00
    8.80477309e-01 1.27414703e-01 -3.75288457e-01 -7.06526637e-02
    6.91466272e-01 -6.96927428e-01 -6.12042606e-01 9.27601993e-01
    1.49015689e+00 1.02024400e+00 -5.02776742e-01 4.57286775e-01
    1.70410156e+00 1.68635607e+00 1.68649542e+00 -6.10453963e-01
    1.02386093e+00 1.00632024e+00 -7.21707582e-01 1.57936215e+00
    4.43092644e-01 -3.16823155e-01 1.44691300e+00 1.19853818e+00
    1.51785088e+00 1.14209127e+00 1.56605566e+00 -6.22084856e-01
    -4.53884482e-01 1.52910173e+00 1.75896919e+00 3.84184122e-01
    9.43936527e-01 1.76828778e+00 1.34423923e+00 -1.79922223e-01
    1.48055983e+00 4.74510491e-01 7.83295631e-02 1.29351330e+00
    1.74241805e+00 2.25760937e-02 1.52335978e+00 8.66204798e-01
    6.08506203e-01 1.39715791e-01 6.75145745e-01 -3.82123500e-01
    2.59769559e-01 1.86997044e+00 1.39513922e+00 1.70537519e+00
    1.01126492e-01 1.82149196e+00 2.30678916e-02 -4.54924703e-02
    1.92678499e+00 1.51216149e+00 9.95939791e-01 1.62617826e+00
    -6.13591015e-01 -6.03947043e-01 4.30622220e-01 9.59870815e-01
    -3.82905632e-01 1.57744193e+00 5.94046891e-01 -8.57190490e-02
    1.08817637e+00 1.18686390e+00 1.66673017e+00 4.88063335e-01
    6.21422231e-01 1.58016491e+00 6.92802548e-01 2.60095775e-01
    -3.46557915e-01 -3.53649974e-01 4.39997733e-01 7.46498704e-01
    1.71125841e+00 -1.65803850e-01 5.81995547e-01 3.09299827e-02
    -1.41681671e-01 1.86552763e+00 1.16766775e+00 1.66374028e+00
    7.16793001e-01 1.25533938e+00 1.55691147e+00 1.57520199e+00
    4.24242020e-02 1.12583232e+00 -5.23461342e-01 5.01214921e-01
    3.60160947e-01 -1.43409550e-01 1.70761716e+00 5.40278971e-01
    -2.01401114e-01 8.67399633e-01 9.23315227e-01 -6.14653051e-01
    7.60812819e-01 1.76968193e+00 1.51444030e+00 1.17946982e+00
    2.46993721e-01 1.01178992e+00 -1.90163910e-01 1.14697897e+00
    3.27165186e-01 9.57768798e-01 1.76863003e+00 1.57909131e+00
    1.92275822e-01 1.31222010e+00 1.15906954e+00 1.74395025e+00
    1.42076087e+00 -2.13560462e-02 1.31574607e+00 1.09344172e+00
    5.80165386e-01 9.25268412e-01 -2.02153742e-01 1.28032446e+00
    1.26260138e+00 4.92980719e-01 -3.64188939e-01 2.52147496e-01
    -3.19908261e-02 1.49128580e+00 -8.09011459e-02 1.29200256e+00
    -4.00229037e-01 9.32027042e-01 1.21125269e+00 9.18333948e-01
    2.51767755e-01 1.85834908e+00 1.86909711e+00 3.31611037e-01
    2.04509878e+00 8.18984985e-01 8.73269856e-01 1.84575510e+00
    8.92081857e-01 4.73799586e-01 1.47728825e+00 1.74359477e+00
    1.74400330e+00 1.70304239e-01 2.06336331e+00 1.86438942e+00
    -1.84582442e-01 -2.26623327e-01 9.42572057e-01 1.59459114e+00
    4.21967983e-01 1.53403234e+00 1.09758425e+00 2.89354265e-01
    1.43602276e+00 9.22666430e-01 6.70726001e-01 6.68687403e-01
    -3.97611260e-01 4.96303558e-01 1.76420939e+00 7.70017505e-02
    2.96904981e-01 1.34108901e+00 -4.42059517e-01 -1.48037732e-01
    8.16062689e-02 4.75003123e-02 -1.67001337e-01 -1.07787728e-01
    4.33619022e-02 -6.39008939e-01 3.98962021e-01 1.77983689e+00
    1.62282705e+00 1.79702914e+00 -2.20419109e-01 8.43973756e-02
    -2.90187448e-01 1.56779122e+00 1.13123417e-01 4.39570189e-01
    9.71100688e-01 1.18101275e+00 -4.10832018e-01 1.21286631e+00
    2.90704310e-01 8.00380707e-02 1.31363463e+00 -1.06064022e-01
    1.21497869e+00 5.79416096e-01 -2.75521398e-01 1.59112811e+00
    8.79394412e-02 5.09532332e-01 6.05450273e-02 6.76805615e-01
    1.02097166e+00 1.45151031e+00 -4.36845332e-01 3.22241783e-01
    1.53602743e+00 3.52953434e-01 -5.25378585e-02 7.34969199e-01
    1.42058730e+00 1.66627204e+00 6.39524221e-01 1.15983105e+00
    4.82754648e-01 -6.35229647e-01 1.86983466e+00 6.21955812e-01
    -5.58108449e-01 8.10237765e-01 4.74218369e-01 1.30133796e+00
    3.09286416e-01 1.05705643e+00 1.02161050e+00 1.44570911e+00
    1.35442233e+00 -3.66159886e-01 1.72878528e+00 -7.12757111e-02
    6.75258160e-01 1.67812848e+00 2.55898416e-01 1.89507306e-01
    5.82414448e-01 9.76631820e-01 -5.59257567e-01 1.88156915e+00
    1.84316397e-01 1.83841872e+00 1.38137507e+00 -1.89570695e-01
    7.89982915e-01 1.15398645e+00 -4.11246002e-01 1.93915319e+00
    6.74312234e-01 1.34604073e+00 3.58347893e-01 6.04739010e-01
    1.27834082e+00 -1.33105278e-01 1.38474572e+00 1.37140727e+00
    1.40033507e+00 8.72421503e-01 -1.36967778e-01 -5.09164095e-01
    2.57834971e-01 1.48633766e+00 7.46213675e-01 -2.65590668e-01
    2.35501349e-01 1.49566054e+00 6.66762948e-01 6.24647200e-01
    1.32738423e+00 -3.91610771e-01 6.68526113e-01 6.95769727e-01
    -1.34297073e-01 1.91329873e+00 9.62634325e-01 1.82447290e+00
    -4.38612103e-02 1.12055469e+00 1.92437768e+00 -2.87482142e-02
    5.56788623e-01 1.81830919e+00 2.90593505e-02 8.39869201e-01
    -4.64074939e-01 3.91693473e-01 6.20568156e-01 1.56605792e+00
    8.57019007e-01 3.04565787e-01 -5.93423605e-01 1.50889945e+00
    7.06887782e-01 1.50845599e+00 -2.06558883e-01 7.62596846e-01
    4.90356803e-01 -2.32886106e-01 1.76776671e+00 1.37937117e+00
    -3.15654427e-01 3.79861832e-01 9.10209954e-01 1.18226576e+00
    -5.73838353e-02 1.10335279e+00 1.43481302e+00 7.68052816e-01
    1.47590637e+00 7.55330205e-01 3.57819498e-01 6.43632412e-02
    1.31523585e+00 4.56666350e-02 1.31824696e+00 -1.07657254e-01
    8.18581581e-02 1.09734535e-01 6.26884818e-01 8.12502980e-01
    6.51729703e-01 1.81522167e+00 1.16576457e+00 2.69335389e-01
    2.46447444e-01 8.56750727e-01 4.22468424e-01 1.36822057e+00
    1.45959234e+00 1.94668651e+00 -1.79492056e-01 1.09646320e+00
    9.30859506e-01 1.52073359e+00 1.51322770e+00 -3.99716794e-01
    6.35278225e-01 9.71168876e-01 1.56541586e-01 1.44037795e+00
    1.10190392e+00 -3.67521703e-01 3.11874151e-01 1.79919648e+00
    1.73274875e+00 -4.54904795e-01 1.21793461e+00 8.00760329e-01
    1.67424250e+00 -5.69940090e-01 1.57411289e+00 1.36599052e+00
    3.24329495e-01 4.20793295e-02 1.79838181e+00 -3.09870124e-01
    -6.39421403e-01 2.03837156e-02 6.59323573e-01 1.29224110e+00
    4.48554754e-02 1.23980260e+00 1.16921401e+00 1.53346598e+00
    1.32456017e+00 2.84300327e-01 -5.18285632e-01 1.72873902e+00
    1.24991977e+00 -5.84665418e-01 6.35341644e-01 5.53487778e-01
    1.43132353e+00 3.31449509e-02 1.39959884e+00 7.17890263e-02
    1.77170968e+00 7.72051811e-02 9.24267650e-01 1.42539883e+00
    1.23667240e+00 1.00085688e+00 -4.09566134e-01 4.96719658e-01
    1.00909698e+00 3.75226378e-01 6.64145947e-01 9.28648412e-01
    6.40417397e-01 3.35400522e-01 1.93602061e+00 1.81309795e+00
    6.93261027e-01 2.15183258e-01 1.48435068e+00 1.89110518e+00
    2.07417440e+00 1.12057066e+00 -3.60751450e-02 -1.30968139e-01
    5.33045292e-01 6.83546841e-01 6.72557473e-01 1.53885400e+00
    -9.22641456e-02 7.93831170e-01 -3.64202082e-01 4.74703312e-03
    7.32079506e-01 6.81849420e-01 1.50433445e+00 -3.11026514e-01
    1.59643793e+00 1.03735209e+00 -5.45015812e-01 -7.33213723e-02
    -4.74473029e-01 1.61175728e-02 7.48373449e-01 7.55560160e-01
    1.60035443e+00 9.49751496e-01 9.20587599e-01 1.65497065e-02
    1.83741760e+00 9.68017220e-01 -2.04904348e-01 -1.06230855e-01
    9.41144764e-01 -5.43858886e-01 1.71041560e+00 1.74529088e+00
    -4.76533175e-01 3.98822904e-01 -5.76737583e-01 5.29660404e-01
    1.90261817e+00 -1.17734402e-01 1.88256168e+00 -2.09199250e-01
    7.31868148e-02 1.32060957e+00 9.17648673e-02 1.85136735e-01
    -2.34084070e-01 1.20280910e+00 1.03757441e-01 8.60362947e-01
    1.57938266e+00 -5.08411527e-02 9.06409025e-01 -2.34768391e-01
    2.18550086e-01 1.87356567e+00 6.78944647e-01 4.13368464e-01
    6.41987503e-01 3.61955285e-01 -1.72456414e-01 1.48115563e+00
    1.88876808e-01 1.88781381e+00 1.47023749e+00 -3.33591968e-01
    1.94592237e+00 1.87378526e-02 5.13784707e-01 1.06292057e+00
    -4.03571069e-01 1.31615281e+00 5.02528191e-01 7.35047996e-01
    -3.13036114e-01 -3.35479409e-01 5.34666300e-01 7.55080760e-01
    1.26587629e-01 4.57175255e-01 3.05978596e-01 1.82990313e+00
    1.82840967e+00 1.47405565e+00 -3.24578226e-01 4.92706060e-01
    -1.25362754e-01 8.62092972e-02 1.86159325e+00 1.54925251e+00
    1.44621253e+00 1.14160967e+00 1.90954161e+00 -2.08862990e-01
    1.43947899e-01 3.00779343e-02 -7.90558457e-02 7.12007999e-01
    -6.40383959e-01 -4.62130129e-01 -4.28378820e-01 4.20644462e-01
    4.53503132e-02 -2.29218185e-01 1.95218039e+00 4.95671272e-01
    8.71483624e-01 5.71212351e-01 1.51042223e+00 2.14485168e-01
    1.90900970e+00 1.17469215e+00 1.40761113e+00 1.51766062e+00
    5.49705863e-01 1.89767468e+00 1.48044276e+00 1.04657495e+00
    7.14998126e-01 1.35654676e+00 9.05958712e-01 1.66066957e+00
    -4.10070777e-01 -1.40293598e-01 1.90621877e+00 -4.42916602e-01
    1.63124990e+00 1.95062447e+00 1.64019132e+00 1.22543359e+00
    1.13888931e+00 -4.66184378e-01 1.65677094e+00 6.29354954e-01
    1.40482903e+00 2.91240990e-01 2.33838141e-01 1.77024424e-01
    -2.01466590e-01 -3.93840045e-01 1.03383899e+00 1.30985761e+00
    7.03243613e-02 6.94552660e-01 6.28049970e-02 7.38488436e-02
    8.16160977e-01 -1.30220056e-02 1.65649652e-01 -6.08916521e-01
    7.47724831e-01 -4.92007077e-01 1.36587310e+00 3.73808742e-02
    1.71777368e+00 1.81712830e+00 1.65884924e+00 1.52647758e+00
    8.12725961e-01 -1.11038804e-01 8.61478627e-01 -1.17399424e-01
    -3.07429552e-01 9.43270087e-01 2.28576660e-02 2.27313161e-01
    1.93879783e+00 4.38486278e-01 1.72021961e+00 -4.28840309e-01
    5.78996062e-01 -5.05686164e-01 8.55414689e-01 1.71149731e+00
    -2.10862130e-01 9.68943834e-02 -3.92969906e-01 9.07907963e-01
    1.55289745e+00 8.30046833e-01 8.97329748e-01 1.79722977e+00
    1.65239167e+00 -5.69587886e-01 1.52971327e+00 1.13899159e+00
    1.33298469e+00 1.86701155e+00 3.55785012e-01 5.90253890e-01
    1.30317187e+00 1.49401784e+00 6.53502107e-01 1.03128242e+00
    1.78103185e+00 6.64641261e-01 -5.68247437e-01 3.95373523e-01
    4.88066256e-01 3.06532502e-01 1.06203103e+00 2.05690861e-01
    1.12477636e+00 5.06964266e-01 -2.41347700e-01 -4.82346088e-01
    -4.27607805e-01 1.02609932e+00 1.67940497e+00 3.54681909e-01
    7.03614116e-01 8.75112474e-01 1.54761064e+00 6.78060055e-02
    -5.11674047e-01 8.86413395e-01 -2.22544611e-01 1.49507189e+00
    2.44856358e-01 2.54738092e-01 1.26112628e+00 1.58356285e+00
    3.67049277e-01 1.86998463e+00 9.27745819e-01 5.66742957e-01
    2.38588691e-01 1.54438758e+00 1.51293421e+00 -4.90527332e-01
    2.02341914e-01 1.92495799e+00 1.06506991e+00 7.43467271e-01
    -3.50865304e-01 1.74372447e+00 1.85227227e+00 1.08171761e-01
    1.78147840e+00 1.32575560e+00 1.85656965e+00 -4.74549115e-01
    -4.21368480e-01 7.19298720e-01 1.54124320e+00 3.74608338e-01
    4.89522994e-01 9.05158222e-01 1.38463974e+00 -4.44512665e-01
    4.85378504e-01 7.12325335e-01 2.01514149e+00 1.25043720e-01
    2.11895800e+00 1.46699727e-01 9.67115700e-01 1.66083419e+00
    1.09030378e+00 -1.11318529e-01 1.91986889e-01 6.27269149e-01
    -2.60724247e-01 1.54176080e+00 2.11264181e+00 -3.76100332e-01
    2.05776381e+00 2.23376155e-02 -8.97914469e-02 -2.50282139e-01
    9.58145320e-01 1.30271590e+00 -2.42025733e-01 -1.64392978e-01
    -3.21037263e-01 9.85222518e-01 3.88977766e-01 1.48540640e+00
    1.86543548e+00 3.27209532e-01 1.23639464e-01 -3.36268723e-01
    3.16093624e-01 1.78604078e+00 2.06488442e+00 6.67163312e-01
    8.04518044e-01 -3.88823450e-01 3.82760167e-01 -3.17268163e-01
    3.37862432e-01 -3.67455900e-01 1.62083268e+00 2.38886058e-01
    1.81855261e+00 9.76001501e-01 7.68567145e-01 1.11984074e+00
    1.52015853e+00 2.02429438e+00 1.35374928e+00 -3.86606574e-01
    1.51185393e-02 -1.68975472e-01 1.12337351e+00 2.34297037e-01
    1.08892059e+00 1.82503200e+00 1.13804340e+00 2.05360699e+00
    -1.89452648e-01 -1.13702506e-01 8.30963969e-01 9.03904676e-01
    1.15087271e+00 6.32165670e-02 -2.35697091e-01 9.78024483e-01
    4.81321394e-01 -3.37271690e-02 9.22133327e-01 1.80764937e+00
    4.53133702e-01 -1.34843051e-01 -3.45636994e-01 1.97834229e+00
    1.03263736e+00 1.05138421e-02 -2.29634464e-01 1.38108063e+00
    1.77388132e-01 7.26111293e-01 1.79503214e+00 9.97281730e-01
    -3.59402657e-01 1.52550888e+00 9.36909854e-01 1.65107226e+00
    1.47112799e+00 5.49319923e-01 1.91959047e+00 1.98964679e+00
    -2.81674415e-01 1.00893188e+00 -4.33829129e-01 4.08533275e-01
    5.42263329e-01 1.46950567e+00 1.79754269e+00 3.73753011e-01
    -1.35817319e-01 1.16410387e+00 9.70775664e-01 1.18452120e+00
    1.02394295e+00 4.39175248e-01 1.45864534e+00 5.74152052e-01
    3.84651005e-01 1.31564474e+00 1.35468340e+00 1.29772925e+00
    1.46134639e+00 1.64647722e+00 1.79004741e+00 1.55161071e+00
    -1.63278997e-01 4.90365267e-01 1.03129923e+00 7.49849439e-01
    1.57213640e+00 1.22303760e+00 1.41447818e+00 1.89925349e+00
    3.54597449e-01 9.77051973e-01 -4.32268381e-02 -3.78495157e-01
    7.42820024e-01 1.01613748e+00 1.96098626e+00 -4.31569934e-01
    1.67653584e+00 1.78382647e+00 1.14714646e+00 1.83251143e-01
    1.83731723e+00 -5.02741575e-01 5.89706779e-01 2.91626155e-01
    3.45644176e-01 -2.11704493e-01 1.77073455e+00 1.27144694e+00
    1.63638783e+00 -3.21532339e-01 -4.72858250e-02 1.96463156e+00
    1.07547092e+00 5.78706920e-01 6.86665475e-01 5.90999305e-01
    2.64814496e-01 4.61499453e-01 1.36052465e+00 -8.69138837e-02
    1.95080936e+00 1.38344467e+00 1.51828873e+00 -1.51801705e-02
    4.36485946e-01 1.38986909e+00 3.18943799e-01 1.50258422e+00
    -1.91017121e-01 1.69964552e-01 1.06074882e+00 1.27580953e+00
    -1.84115738e-01 1.77807367e+00 1.24621010e+00 1.39803767e-01
    6.03967726e-01 1.02184820e+00 1.99140930e+00 8.83928061e-01
    -1.13181561e-01 1.56325793e+00 1.14509439e+00 -1.97429568e-01
    -1.12383991e-01 1.96109414e-01 -4.57714170e-01 -4.93327171e-01
    1.35648227e+00 -2.21382350e-01 -2.52258301e-01 1.89566803e+00
    1.41518378e+00 -5.21200895e-01 9.66428101e-01 -4.62712556e-01
    -4.19573367e-01 1.68930173e+00 1.83866167e+00 -2.06644237e-01
    8.19600463e-01 9.11360621e-01 1.23138678e+00 -1.84942245e-01
    -6.17383420e-02 3.45065296e-01 9.93152916e-01 4.27976310e-01
    2.77516186e-01 1.22676849e+00 -5.22799730e-01 4.38895226e-02
    -1.99901104e-01 9.38667059e-01 5.96210241e-01 3.97844672e-01
    1.13871944e+00 -3.89494896e-01 1.48960471e+00 -1.98590755e-02
    1.76663470e+00 1.93528438e+00 7.63179064e-02 1.53294575e+00
    -5.00266671e-01 2.44155288e-01 1.87882900e+00 5.21054685e-01
    9.76018369e-01 1.10724628e-01 1.27952456e+00 1.64242172e+00
    1.02162766e+00 -4.99248505e-02 1.97117269e+00 -5.24705052e-02
    1.70508194e+00 1.21683645e+00 2.14448333e-01 1.80288792e-01
    1.06604660e+00 1.14153147e-01 6.63438737e-01 9.32139397e-01
    1.22482729e+00 1.68743587e+00 1.87136090e+00 1.67360210e+00
    5.61453819e-01 -1.33628845e-02 -1.44986302e-01 4.65429127e-01
    1.13516533e+00 7.77570605e-01 1.99795723e+00 -4.68412161e-01
    4.41371202e-01 -5.46125770e-02 1.22345185e+00 1.32804811e+00
    -4.40989017e-01 3.71350765e-01 -2.79884636e-01 8.98081362e-02
    1.48667717e+00 9.12951946e-01 4.95851725e-01 2.12233877e+00
    6.86575294e-01 -9.48333740e-03 2.10518169e+00 1.37393785e+00
    8.39083493e-02 -1.80896372e-01 -9.29211974e-02 1.19169402e+00
    1.72610843e+00 -1.90804869e-01 1.20235324e+00 5.92639327e-01
    4.69466746e-02 5.52643657e-01 -8.80801678e-03 5.09347022e-01
    1.52394795e+00 3.18313807e-01 1.43760788e+00 1.18366671e+00
    9.10102367e-01 1.42212844e+00 4.67502743e-01 -3.06665301e-01
    1.57912362e+00 1.69505262e+00 1.97760963e+00 1.20618701e+00
    1.47476625e+00 3.43322754e-04 4.30835009e-01 2.05159068e+00
    -3.52785945e-01 7.72239029e-01 -2.15684026e-01 1.33328497e+00
    7.72687197e-02 1.66315365e+00 1.81898808e+00 1.82333553e+00
    7.60738850e-01 6.04671955e-01 9.39003110e-01 1.49246550e+00
    -3.16847473e-01 8.22427332e-01 1.63018179e+00 -3.55022192e-01
    -2.45852724e-01 1.45072377e+00 1.34351861e+00 1.52399743e+00
    1.14681554e+00 5.42894363e-01 -1.13908082e-01 1.67870092e+00
    -3.15658450e-02 1.60993099e+00 1.23062348e+00 -1.38259977e-01
    8.25784445e-01 4.46978986e-01 1.86170769e+00 1.92515767e+00
    5.24422944e-01 -1.82693660e-01 1.96765733e+00 9.47808325e-01
    5.64609408e-01 1.75653005e+00 1.20045185e-01 8.40253532e-01
    1.11966896e+00 1.27560472e+00 1.98736095e+00 -7.36027658e-02
    6.57613158e-01 8.54555547e-01 1.67906451e+00 3.67385209e-01
    4.84851182e-01 7.01063871e-01 1.62610292e+00 1.81145120e+00
    8.07975769e-01 1.01916361e+00 7.12189913e-01 6.59185708e-01
    -5.12799561e-01 7.76731968e-02 1.64566278e+00 2.03555417e+00
    1.58520961e+00 1.35354340e+00 2.04208469e+00 1.87688565e+00
    1.95330977e+00 3.18134487e-01 1.85510659e+00 5.33808887e-01
    -2.12623358e-01 1.23548973e+00 1.07923412e+00 9.94208336e-01
    1.60200906e+00 1.75849926e+00 7.70662010e-01 1.82591987e+00
    7.92335689e-01 1.23269379e+00 2.05596745e-01 6.51140869e-01
    -2.10841000e-01 1.23433995e+00 1.33401227e+00 1.30200529e+00
    1.38110304e+00 -3.65789384e-01 -4.03488338e-01 2.64286458e-01
    8.20587218e-01 -9.62477326e-02 -1.07983798e-01 1.69575751e+00
    1.53835416e+00 1.99579740e+00 -1.93818808e-01 1.87022924e+00
    -2.87163109e-01 1.57045841e+00 -4.24721003e-01 1.07209849e+00
    8.22583795e-01 8.15999508e-02 1.35935092e+00 7.23854065e-01
    -2.70129621e-01 1.16765165e+00 -4.09512699e-01 -4.69693631e-01
    1.74897301e+00 1.57214856e+00 2.06755757e+00 1.89545786e+00
    9.37412739e-01 -3.94819528e-01 2.13568747e-01 -4.75704998e-01
    1.96975470e+00 4.75277960e-01 3.95471036e-01 1.94538617e+00
    8.87248516e-02 6.24084473e-01 5.39483905e-01 -1.42524958e-01
    1.76739192e+00 1.13095379e+00 2.31581211e-01 1.42387700e+00
    7.26859868e-01 -1.81972682e-02 1.93578291e+00 8.06212068e-01
    1.32280707e+00 5.01224458e-01 7.11016655e-01 5.35409331e-01
    1.34120262e+00 1.93570328e+00 -2.42979199e-01 -4.94216949e-01
    -3.43214333e-01 1.94713092e+00 1.26100910e+00 -1.07532442e-01
    -2.21837878e-01 -2.57064521e-01 1.05951631e+00 -2.99225956e-01
    1.64018631e-01 -1.93400592e-01 -4.90572333e-01 -3.49444240e-01
    7.28352487e-01 8.14312875e-01 6.70062244e-01 1.70000362e+00
    2.12940335e-01 7.55191922e-01 1.97343946e+00 6.71105385e-01
    1.91974282e+00 -2.38629282e-01 -1.66616231e-01 8.42216074e-01
    1.79682517e+00 1.00057745e+00 8.51080060e-01 1.52277136e+00
    -4.91384804e-01 1.99335432e+00 3.50700617e-02 8.48511279e-01
    1.79110003e+00 4.79904234e-01 7.83505380e-01 -3.36107969e-01
    1.55138266e+00 1.58179379e+00 7.58479774e-01 3.68723691e-01
    -7.93565214e-02 5.80007434e-02 9.53400075e-01 1.58585906e-02
    -5.30154109e-02 8.67900968e-01 -2.10449278e-01 1.80585563e-01
    -4.76767838e-01 -2.45653719e-01 2.05525732e+00 -2.24915743e-02
    1.85332334e+00 7.36373067e-02 1.57513201e-01 1.72488284e+00
    2.13680506e-01 -1.90981776e-01 1.20415986e+00 6.36530042e-01
    1.59326434e+00 3.00498128e-01 1.79725993e+00 1.34343767e+00
    1.87925947e+00 1.84857070e-01 2.05600643e+00 -2.68460870e-01
    9.19009745e-01 4.71969426e-01 1.64901376e-01 9.99104857e-01
    3.45603228e-01 1.76381183e+00 1.18540823e-01 1.99871480e+00
    1.52444673e+00 1.49687433e+00 1.60445547e+00 1.36885965e+00
    1.19599807e+00 3.81235659e-01 1.58446097e+00 -1.56338066e-01
    1.28885531e+00 1.28345883e+00 1.03957772e+00 1.23288333e+00
    9.00897205e-01 9.20362711e-01 8.53336334e-01 7.67977536e-01
    1.71371090e+00 1.75943518e+00 3.86633515e-01 3.91099095e-01
    2.14757514e+00 1.81972980e+00 4.84847128e-01 1.46481764e+00
    -7.25294352e-02 -1.62256539e-01 1.16215634e+00 1.34878188e-01
    2.86718100e-01 1.88620186e+00 3.13077927e-01 1.47049332e+00
    1.59653842e+00 1.39670479e+00 1.75398064e+00 1.26876152e+00
    1.93573165e+00 -3.70835990e-01 5.48506498e-01 1.05071950e+00
    1.42483675e+00 2.03148460e+00 4.39918578e-01 1.51089996e-01
    1.15655065e+00 1.67790508e+00 -4.43349779e-02 7.47815013e-01
    1.87471437e+00 1.36352575e+00 2.85874218e-01 5.42413592e-01
    -6.24622405e-02 2.82844305e-02 2.02986145e+00 -2.80156553e-01
    2.49188662e-01 1.28690100e+00 -9.45099592e-02 -2.68947780e-02
    1.08792877e+00 1.96956670e+00 1.13621366e+00 7.28798389e-01
    -3.91378611e-01 7.84079015e-01 -1.71817601e-01 1.70008373e+00
    9.11823273e-01 8.94882977e-02 1.95249379e+00 -2.26059556e-02
    1.22314548e+00 1.03414965e+00 1.61159766e+00 1.78213120e+00
    7.16453612e-01 6.06949925e-02 -4.58695859e-01 9.68188524e-01
    1.26524973e+00 2.08013356e-01 3.25014949e-01 1.81792831e+00
    -1.87035173e-01 1.22627473e+00 1.50505519e+00 1.48869264e+00
    1.46724653e+00 1.39838815e+00 5.80407977e-01 -4.81461406e-01
    -2.13483065e-01 1.51834440e+00 2.51570225e-01 1.31280518e+00
    1.58865345e+00 1.14833724e+00 -1.19728625e-01 1.08145702e+00
    -3.46047163e-01 1.63061154e+00 2.40337849e-01 -4.50011790e-01
    1.99674070e-01 4.41378325e-01 -2.06802875e-01 -3.47233683e-01
    1.83791399e+00 1.87769103e+00 1.30832005e+00 2.06195450e+00
    2.46291518e-01 8.19542289e-01 1.36597109e+00 1.81445646e+00
    1.63512754e+00 -5.14849663e-01 1.46249390e+00 -2.47336715e-01
    -3.96009445e-01 4.68094110e-01 1.82823014e+00 1.16655231e-01
    1.22930467e-01 1.65286851e+00 5.65029800e-01 2.47498453e-01
    3.59047949e-01 6.80213153e-01 1.65998292e+00 1.98060417e+00
    1.51674926e+00 6.68431461e-01 -4.73957151e-01 1.33262682e+00
    3.76852304e-01 1.13664532e+00 4.58209127e-01 -4.02403653e-01
    7.72597671e-01 1.72231269e+00 -2.37749219e-01 1.55760264e+00
    2.32510418e-01 -4.35318917e-01 5.09593129e-01 -2.36741304e-01
    1.89501798e+00 -2.37018496e-01 1.21344721e+00 -1.08357817e-01
    7.65756965e-02 8.66795838e-01 9.82235551e-01 6.32870197e-01
    3.88225913e-02 2.71013051e-01 9.69737470e-01 9.96015489e-01
    2.05763531e+00 3.21663260e-01 -4.49040055e-01 1.59750414e+00
    6.10489964e-01 -4.26827461e-01 2.11520410e+00 1.08199787e+00
    3.98677319e-01 -2.35218450e-01 1.02816403e+00 1.15143657e+00
    1.74249983e+00 4.24189031e-01 -4.45456117e-01 1.63818312e+00
    4.54826057e-01 -1.91693455e-01 1.17365301e+00 1.95497370e+00
    3.84481251e-01 1.80259573e+00 5.05536675e-01 2.16737360e-01
    1.26008105e+00 -2.96516210e-01 4.09877867e-01 1.83690238e+00
    -4.33661342e-01 3.67891848e-01 1.04442096e+00 4.97721374e-01
    2.12468505e-02 2.04356194e+00 4.99472290e-01 -4.34279084e-01
    1.50186753e+00 2.55356789e-01 1.34887648e+00 1.42673111e+00
    3.74595582e-01 8.74845147e-01 -4.26937729e-01 -2.18135536e-01
    8.16745520e-01 1.24926853e+00 2.04982281e-01 1.18597388e+00
    -9.94491577e-03 1.59035647e+00 2.63012946e-01 2.08582973e+00
    6.03838921e-01 4.39293385e-02 1.39574480e+00 1.62920487e+00
    4.17701155e-01 8.03808212e-01 6.27811432e-01 1.79804683e+00
    1.70107555e+00 7.52472699e-01 1.89621878e+00 2.36357301e-01
    4.29835945e-01 1.74827266e+00 2.59706110e-01 -8.77930224e-02
    1.94680321e+00 1.16814983e+00 1.92664993e+00 1.54274702e+00
    2.05320835e-01 1.75447869e+00 -4.12849039e-01 1.10409427e+00
    1.20407367e+00 1.43654323e+00 -4.57752228e-01 -4.61654961e-01
    1.98327839e-01 6.08032525e-01 1.59799528e+00 9.47973311e-01
    1.03515279e+00 1.59065151e+00 8.33488762e-01 -2.08802611e-01
    1.64920425e+00 1.99853921e+00 1.23064852e+00 1.29930139e+00
    -2.54200608e-01 1.32575834e+00 -4.40122277e-01 9.60460603e-01
    1.57424164e+00 -1.32744610e-02 1.57355177e+00 -1.69066280e-01
    9.01453495e-02 2.48033196e-01 2.15501475e+00 7.17686296e-01
    5.51414132e-01 1.90788344e-01 1.51998663e+00 -2.66170651e-01
    1.22183490e+00 4.86870199e-01 8.86506081e-01 1.32336533e+00
    1.10203350e+00 2.71302611e-01 8.03681970e-01 1.97583091e+00
    -2.55976975e-01 -2.05630362e-02 -3.97298217e-01 9.02650714e-01
    1.52508998e+00 1.06378078e+00 -3.57290804e-02 -2.26645783e-01
    2.03042477e-01 -1.27911150e-01 1.12678945e+00 1.33646870e+00
    1.71601963e+00 6.85097098e-01 1.37759781e+00 4.16089773e-01
    1.09513593e+00 1.09982693e+00 1.54144526e+00 1.33597231e+00
    3.88963699e-01 -1.96679965e-01 2.03939533e+00 1.91661572e+00
    6.93761110e-01 6.14697039e-01 -2.31344745e-01 -1.02747440e-01
    2.05461740e+00 -2.26830751e-01 6.58246756e-01 -1.13566905e-01
    4.02280182e-01 -7.81559944e-02 -1.78138673e-01 4.32438701e-01
    1.48271739e+00 1.12936616e+00 9.70571339e-02 8.38050008e-01
    2.12925506e+00 1.39398575e-02 -1.34369761e-01 6.56568587e-01
    1.97370851e+00 -4.30088490e-01 1.70248091e+00 3.96057189e-01
    1.45502365e+00 1.24611759e+00 1.89551187e+00 6.79848135e-01
    8.68578970e-01 1.95561850e+00 1.28353250e+00 -2.09771290e-01
    -3.84511352e-01 -3.49841297e-01 2.07208216e-01 1.14767027e+00
    -3.84891808e-01 6.15699530e-01 1.69174522e-01 1.48704243e+00
    6.77089095e-01 1.67617393e+00 2.19075084e-02 1.70833337e+00
    6.81439877e-01 1.30208266e+00 -1.41691715e-01 6.59789741e-02
    -1.69258088e-01 8.40764344e-02 -2.57267326e-01 1.81833136e+00
    1.86761546e+00 -3.50314796e-01 6.42456412e-01 6.76448584e-01
    1.89375591e+00 1.23188674e-01 1.83284891e+00 1.17693055e+00
    1.45387244e+00 4.35594201e-01 9.95875239e-01 2.14488983e+00
    9.63990688e-02 2.65785784e-01 2.86760390e-01 2.37806261e-01
    -3.89249444e-01 -1.25630260e-01 1.00914133e+00 -9.04152691e-02
    1.16169202e+00 1.56109416e+00 1.96731210e+00 1.09061241e+00
    1.06099749e+00 1.50856400e+00 2.03683901e+00 1.27536559e+00
    5.31384647e-02 1.92613816e+00 4.96344775e-01 1.81288815e+00
    1.52983308e+00 1.45199025e+00 8.53444934e-01 1.83347893e+00
    1.29877400e+00 1.54808354e+00 1.31584620e+00 8.57286334e-01
    1.40930426e+00 2.82188386e-01 1.13259888e+00 1.23548269e-01
    1.86952281e+00 9.34850454e-01 2.13314176e+00 1.22985923e+00
    1.67041123e-02 2.56302267e-01 1.34049559e+00 1.42082751e+00
    1.82810557e+00 5.90816498e-01 6.38345838e-01 1.31306791e+00
    9.04055476e-01 -3.68628085e-01 7.97606707e-02 1.77806747e+00
    1.19122410e+00 4.01348889e-01 8.47821891e-01 -3.46330106e-01
    6.78003430e-01 1.02122581e+00 2.16847038e+00 5.55685043e-01
    2.92805851e-01 -2.34407052e-01 4.22494203e-01 1.88806653e+00
    7.19526112e-01 -1.93597361e-01 2.15332127e+00 -3.24405998e-01
    -2.68323898e-01 -1.64448023e-02 1.00091243e+00 2.17567945e+00
    2.39038348e-01 1.00482762e-01 6.40618920e-01 2.88550228e-01
    1.17308402e+00 2.07712102e+00 1.47658002e+00 1.00175738e+00
    2.10470438e+00 7.72124588e-01 1.11577129e+00 4.34602886e-01
    -1.26851797e-01 3.26181769e-01 1.82181036e+00 8.62030983e-01
    8.97014380e-01 6.18411422e-01 1.92136264e+00 7.94166684e-01
    -4.05610204e-01 1.77611303e+00 7.03593671e-01 1.96840286e+00
    1.52273059e+00 1.38168049e+00 1.59757876e+00 6.95395410e-01
    1.73198175e+00 1.97692990e+00 1.95453072e+00 -5.11693358e-02
    7.43517995e-01 5.37278116e-01 9.72532153e-01 9.72623944e-01
    1.65398097e+00 1.62319767e+00 7.55346417e-02 1.12473106e+00
    4.88776892e-01 1.84176350e+00 -3.28710914e-01 1.28146327e+00
    1.05285931e+00 3.59314084e-01 1.68873048e+00 2.34887481e-01
    8.25848341e-01 2.16866589e+00 1.51152682e+00 7.85917342e-02
    4.68305379e-01 2.76382208e-01 -1.74269110e-01 5.47170639e-02
    -1.10577196e-01 1.22578859e-01 1.29017365e+00 1.68028247e+00
    8.91240954e-01 1.49166512e+00 6.43408537e-01 5.20596385e-01
    6.26170158e-01 4.11690772e-01 8.01284254e-01 7.58295655e-01
    6.12400472e-01 1.38101196e+00 9.14040446e-01 1.92173481e+00
    4.07664090e-01 9.76379216e-02 -1.07715875e-01 9.43062305e-01
    1.24161339e+00 9.80155051e-01 1.13335562e+00 9.66439605e-01
    6.77639246e-01 5.79571128e-02 1.62168980e+00 1.57195222e+00
    1.23701489e+00 2.10381079e+00 2.03020668e+00 2.27993035e+00</data></my_img>
<your_img type_id="opencv-matrix">
  <rows>128</rows>
  <cols>256</cols>
  <dt>f</dt>
  <data>
    1.28947094e-01 1.45713076e-01 1.64537549e-01 1.79553986e-01
    1.98072255e-01 2.14711905e-01 2.28462100e-01 2.47434348e-01
    2.62865216e-01 2.62344331e-01 2.66234726e-01 2.69330859e-01
    2.67631590e-01 2.63112098e-01 2.63081938e-01 2.70394653e-01
    2.73779780e-01 2.67396390e-01 2.68462121e-01 2.71935076e-01
    2.71313131e-01 2.66762435e-01 2.64724582e-01 2.63945490e-01
    2.61002541e-01 2.61982054e-01 2.56962329e-01 2.50032932e-01
    2.49295592e-01 2.53822267e-01 2.57390231e-01 2.56657958e-01
    2.59085894e-01 2.59525716e-01 2.67624795e-01 2.62325794e-01
    2.56633818e-01 2.61916518e-01 2.64123648e-01 2.61674523e-01
    2.58172601e-01 2.59111583e-01 2.55518317e-01 2.57155538e-01
    2.55971372e-01 2.56558239e-01 2.60139227e-01 2.65331060e-01
    2.67629206e-01 2.61295617e-01 2.57942826e-01 2.50739962e-01
    2.52163261e-01 2.49327913e-01 2.47123897e-01 2.51151145e-01
    2.57784635e-01 2.62917668e-01 2.57109940e-01 2.62443185e-01
    2.69889742e-01 2.72460341e-01 2.73002326e-01 2.68233865e-01
    2.66288549e-01 2.67734319e-01 2.77352899e-01 2.75537461e-01
    2.82165527e-01 2.79450387e-01 2.86342084e-01 2.84203053e-01
    2.82270998e-01 2.79130727e-01 2.82376587e-01 2.89245129e-01
    2.86107570e-01 2.80498266e-01 2.80652314e-01 2.75103122e-01
    2.70474076e-01 2.65609980e-01 2.61054695e-01 2.59295046e-01
    2.61777639e-01 2.65748620e-01 2.67765552e-01 2.67295897e-01
    2.70695120e-01 2.67412722e-01 2.69637108e-01 2.62302190e-01
    2.56070733e-01 2.57448912e-01 2.60992110e-01 2.64831722e-01
    2.67018616e-01 2.72863507e-01 2.80180782e-01 2.83240467e-01
    2.78619528e-01 2.75439143e-01 2.69170463e-01 2.67483354e-01
    2.67005861e-01 2.57073045e-01 2.55676568e-01 2.55167961e-01
    2.60064393e-01 2.68574804e-01 2.70132929e-01 2.68613487e-01
    2.60166854e-01 2.55962998e-01 2.54327983e-01 2.53646106e-01
    2.59937853e-01 2.61271358e-01 2.62776256e-01 2.59288847e-01
    2.61460185e-01 2.58778244e-01 2.61686713e-01 2.61068344e-01
    2.59215415e-01 2.58898020e-01 2.53954202e-01 2.50738829e-01
    2.52217233e-01 2.56204486e-01 2.56491154e-01 2.58457601e-01
    2.61210740e-01 2.61114329e-01 2.59472996e-01 2.58387148e-01
    2.65121341e-01 2.62201637e-01 2.55984992e-01 2.63528973e-01
    2.71313250e-01 2.70364106e-01 2.72233784e-01 2.76733369e-01
    2.74559677e-01 2.72156328e-01 2.75061220e-01 2.79674202e-01
    2.78207272e-01 2.72800893e-01 2.67792523e-01 2.67908871e-01
    2.72773415e-01 2.70323694e-01 2.77302027e-01 2.82198280e-01
    2.79610276e-01 2.77216911e-01 2.75803059e-01 2.74171859e-01
    2.65953869e-01 2.67715782e-01 2.65657723e-01 2.65528023e-01
    2.67289549e-01 2.73302108e-01 2.72851735e-01 2.68366516e-01
    2.65329242e-01 2.61602998e-01 2.61058062e-01 2.56145477e-01
    2.54209280e-01 2.53052294e-01 2.46600226e-01 2.48640552e-01
    2.48078436e-01 2.54653335e-01 2.56770045e-01 2.65416294e-01
    2.61570096e-01 2.58887112e-01 2.52040327e-01 2.55308092e-01
    2.54606128e-01 2.56103545e-01 2.61598289e-01 2.61587948e-01
    2.64346719e-01 2.68806815e-01 2.67803431e-01 2.67490059e-01
    2.64817029e-01 2.70258874e-01 2.64786333e-01 2.60938346e-01
    2.53322452e-01 2.51610875e-01 2.57941306e-01 2.58343369e-01
    2.52460599e-01 2.62454808e-01 2.63928115e-01 2.66914994e-01
    2.64947325e-01 2.60735333e-01 2.59093225e-01 2.61000514e-01
    2.64327347e-01 2.69412041e-01 2.68226564e-01 2.71062493e-01
    2.71461725e-01 2.71453619e-01 2.74813414e-01 2.69015789e-01
    2.71474123e-01 2.76373923e-01 2.69689560e-01 2.69709080e-01
    2.60493726e-01 2.63702393e-01 2.65010744e-01 2.69268602e-01
    2.69208759e-01 2.76093274e-01 2.74810672e-01 2.74031311e-01
    2.72456378e-01 2.77144879e-01 2.79777408e-01 2.81576067e-01
    2.87321836e-01 2.88902014e-01 2.87797064e-01 2.90344268e-01
    2.84556776e-01 2.87628889e-01 2.88461149e-01 2.89837539e-01
    2.85606802e-01 2.85058856e-01 2.75613666e-01 2.74980813e-01
    2.69787103e-01 2.70867944e-01 2.63715923e-01 2.64723867e-01
    2.47914106e-01 2.27208138e-01 2.08387613e-01 1.91484690e-01
    1.73740864e-01 1.62943512e-01 1.48203462e-01 1.31318510e-01
    1.39701694e-01 1.58984125e-01 1.79466367e-01 1.94712773e-01
    2.14632615e-01 2.33593076e-01 2.48454705e-01 2.67755985e-01
    2.83889145e-01 2.84397840e-01 2.87572443e-01 2.88147420e-01
    2.88676262e-01 2.82878458e-01 2.84312248e-01 2.91983575e-01
    2.98668116e-01 2.94323355e-01 2.93687761e-01 2.97238022e-01
    2.98512310e-01 2.94036508e-01 2.89780438e-01 2.88693577e-01
    2.87145615e-01 2.89626300e-01 2.84607053e-01 2.80563086e-01
    2.83202797e-01 2.87626952e-01 2.94156224e-01 2.93396324e-01
    2.96192855e-01 2.95705706e-01 3.03450584e-01 2.99041361e-01
    2.92784214e-01 2.97405124e-01 3.00703526e-01 3.00162613e-01
    2.97614127e-01 2.97934085e-01 2.93332428e-01 2.94938296e-01
    2.91978061e-01 2.90277272e-01 2.91989684e-01 2.94801116e-01
    2.96421707e-01 2.87844956e-01 2.84931451e-01 2.76179910e-01
    2.76916713e-01 2.73928672e-01 2.70477593e-01 2.74009973e-01
    2.80837238e-01 2.85078555e-01 2.78936416e-01 2.83356130e-01
    2.88971573e-01 2.92374998e-01 2.94336021e-01 2.91724414e-01
    2.92298764e-01 2.92426825e-01 3.04995537e-01 3.02958727e-01
    3.11607897e-01 3.08180273e-01 3.15408528e-01 3.14342082e-01
    3.11212480e-01 3.07807326e-01 3.12100619e-01 3.21424276e-01
    3.21245044e-01 3.15068811e-01 3.13278019e-01 3.06060642e-01
    2.99532890e-01 2.93997973e-01 2.91290224e-01 2.87787348e-01
    2.90855706e-01 2.94839084e-01 2.98664868e-01 2.98295349e-01
    3.02413672e-01 3.01090151e-01 3.04345131e-01 2.96998650e-01
    2.89016306e-01 2.88798153e-01 2.93394059e-01 2.98169822e-01
    2.99963862e-01 3.04771841e-01 3.10957104e-01 3.14900756e-01
    3.10252488e-01 3.06584477e-01 2.98273593e-01 2.97757357e-01
    2.97604114e-01 2.86080807e-01 2.84595877e-01 2.81963825e-01
    2.88252115e-01 2.96741307e-01 2.97970653e-01 2.98243165e-01
    2.89788663e-01 2.86766648e-01 2.87855089e-01 2.88586318e-01
    2.93630660e-01 2.94501036e-01 2.96475410e-01 2.93697953e-01
    2.92658359e-01 2.91013867e-01 2.96923667e-01 2.94974476e-01
    2.95269728e-01 2.92925179e-01 2.89461643e-01 2.88230777e-01
    2.89275855e-01 2.93796837e-01 2.94816762e-01 2.95675427e-01
    2.96248913e-01 2.96503544e-01 2.95586526e-01 2.93001503e-01
    3.01107049e-01 3.01289856e-01 2.95251667e-01 3.01670223e-01
    3.09143931e-01 3.06797475e-01 3.08196217e-01 3.11929852e-01
    3.06599915e-01 3.04358006e-01 3.08268756e-01 3.10996145e-01
    3.10894489e-01 3.07938486e-01 3.01563859e-01 3.00968081e-01
    3.05713832e-01 3.01882029e-01 3.07359546e-01 3.12543571e-01
    3.09630454e-01 3.07527065e-01 3.04671645e-01 3.03485483e-01
    2.95793146e-01 2.99955726e-01 2.96516329e-01 2.94415683e-01
    2.96863794e-01 3.02554935e-01 3.00195843e-01 2.96763420e-01
    2.93708712e-01 2.91208714e-01 2.89379597e-01 2.85353988e-01
    2.82434016e-01 2.80432552e-01 2.75830269e-01 2.80557603e-01
    2.80175030e-01 2.86412209e-01 2.87347257e-01 2.96689361e-01
    2.93760002e-01 2.90383995e-01 2.81433135e-01 2.85362512e-01
    2.85075217e-01 2.85828561e-01 2.89334625e-01 2.92162538e-01
    2.92671800e-01 2.97672510e-01 2.96265453e-01 2.94075161e-01
    2.91466296e-01 2.97962308e-01 2.91435331e-01 2.86235154e-01
    2.76982546e-01 2.73451388e-01 2.79298276e-01 2.81079620e-01
    2.76181996e-01 2.85454541e-01 2.89845347e-01 2.93521464e-01
    2.91625619e-01 2.88347870e-01 2.86657780e-01 2.91135162e-01
    2.93139100e-01 2.97334760e-01 2.94109255e-01 2.98087150e-01
    3.00916880e-01 3.02214533e-01 3.08763653e-01 3.03829998e-01
    3.05950761e-01 3.10869932e-01 3.05719227e-01 3.03003401e-01
    2.95168430e-01 2.96920180e-01 2.99407482e-01 3.01554561e-01
    2.99396008e-01 3.07290852e-01 3.04959208e-01 3.06477636e-01
    3.03041846e-01 3.06375206e-01 3.10467809e-01 3.10422629e-01
    3.17524731e-01 3.19893897e-01 3.18178922e-01 3.19809914e-01
    3.16914886e-01 3.18659008e-01 3.19433212e-01 3.20969731e-01
    3.18955004e-01 3.17901641e-01 3.09040040e-01 3.09222877e-01
    3.04579049e-01 3.06580663e-01 2.98499942e-01 2.97082365e-01
    2.78885484e-01 2.55954474e-01 2.34676600e-01 2.15448469e-01
    1.95815206e-01 1.81912452e-01 1.65500596e-01 1.46758944e-01
    1.53220937e-01 1.73855975e-01 1.96546823e-01 2.15039283e-01
    2.36204445e-01 2.55901307e-01 2.74063021e-01 2.96283454e-01
    3.12721431e-01 3.13041776e-01 3.15721363e-01 3.16132218e-01
    3.16727966e-01 3.09475780e-01 3.10712934e-01 3.17331105e-01
    3.26054215e-01 3.21090966e-01 3.20504695e-01 3.22691172e-01
    3.21926177e-01 3.19184422e-01 3.15852582e-01 3.13307136e-01
    3.10612530e-01 3.13786089e-01 3.09216291e-01 3.06064457e-01
    3.09280545e-01 3.14284891e-01 3.22291374e-01 3.24415416e-01
    3.29938561e-01 3.27293634e-01 3.34321171e-01 3.31711888e-01
    3.27046603e-01 3.32439750e-01 3.34777117e-01 3.33208591e-01
    3.31336677e-01 3.32892925e-01 3.30484420e-01 3.31634700e-01
    3.30256313e-01 3.27145189e-01 3.30759585e-01 3.31769168e-01
    3.33901733e-01 3.23469996e-01 3.20952922e-01 3.13005298e-01
    3.13338816e-01 3.08332533e-01 3.04056674e-01 3.08039904e-01
    3.15118164e-01 3.19299132e-01 3.12500805e-01 3.14433843e-01
    3.18609625e-01 3.20528477e-01 3.22948366e-01 3.20218086e-01
    3.22406352e-01 3.20229858e-01 3.34652692e-01 3.31819147e-01
    3.38739157e-01 3.33991051e-01 3.41303110e-01 3.41640323e-01
    3.37065101e-01 3.33679795e-01 3.35893482e-01 3.45894188e-01
    3.45732331e-01 3.39638829e-01 3.36868227e-01 3.30281585e-01
    3.24646652e-01 3.20136011e-01 3.18032116e-01 3.14442217e-01
    3.19729418e-01 3.23338360e-01 3.27662021e-01 3.30205292e-01
    3.32111418e-01 3.30875963e-01 3.36281717e-01 3.31142962e-01
    3.20559382e-01 3.22311461e-01 3.28965902e-01 3.35585892e-01
    3.35361749e-01 3.39660257e-01 3.43073756e-01 3.45460325e-01
    3.38612199e-01 3.34556669e-01 3.28735858e-01 3.27127010e-01
    3.24661255e-01 3.14594418e-01 3.12655747e-01 3.09769839e-01
    3.14763993e-01 3.23901713e-01 3.25518698e-01 3.23420495e-01
    3.14545512e-01 3.13663810e-01 3.13485652e-01 3.14203113e-01
    3.20740283e-01 3.22211534e-01 3.22621703e-01 3.18439126e-01
    3.19966704e-01 3.17668647e-01 3.21964622e-01 3.19822311e-01
    3.18723291e-01 3.18303525e-01 3.17014784e-01 3.14602643e-01
    3.15920413e-01 3.20438772e-01 3.22055191e-01 3.23287457e-01
    3.24776769e-01 3.24968040e-01 3.23242277e-01 3.21241885e-01
    3.31061751e-01 3.29498470e-01 3.23757529e-01 3.31282854e-01
    3.38421106e-01 3.36364508e-01 3.35263252e-01 3.36877584e-01
    3.31817478e-01 3.29511613e-01 3.31751466e-01 3.33058655e-01
    3.34064126e-01 3.32404882e-01 3.27487916e-01 3.27017933e-01
    3.30546796e-01 3.25305551e-01 3.31645072e-01 3.36538911e-01
    3.35392237e-01 3.35266083e-01 3.32889825e-01 3.32048953e-01
    3.25085133e-01 3.28709632e-01 3.26029658e-01 3.23584050e-01
    3.25604826e-01 3.29742759e-01 3.27213526e-01 3.20840538e-01
    3.18684846e-01 3.16698760e-01 3.16571027e-01 3.13340575e-01
    3.11965913e-01 3.09596241e-01 3.04866672e-01 3.07946384e-01
    3.08461636e-01 3.16047937e-01 3.17460805e-01 3.28190148e-01
    3.25653344e-01 3.21133703e-01 3.12974453e-01 3.14813137e-01
    3.14748824e-01 3.15067768e-01 3.19730759e-01 3.20564657e-01
    3.20135325e-01 3.26527685e-01 3.24602664e-01 3.22995931e-01
    3.20209324e-01 3.26165348e-01 3.18817019e-01 3.14960599e-01
    3.05488288e-01 3.04584354e-01 3.10988188e-01 3.13349396e-01
    3.10632706e-01 3.21222037e-01 3.27194005e-01 3.31342727e-01
    3.30086976e-01 3.25367779e-01 3.22090834e-01 3.27272832e-01
    3.28620493e-01 3.35858464e-01 3.31328481e-01 3.33693206e-01
    3.33241254e-01 3.32342207e-01 3.35804969e-01 3.32878679e-01
    3.35349739e-01 3.39741409e-01 3.33471715e-01 3.28520626e-01
    3.20302784e-01 3.21689308e-01 3.24679554e-01 3.27730954e-01
    3.24757397e-01 3.33783299e-01 3.30316126e-01 3.31917405e-01
    3.28987658e-01 3.33285242e-01 3.38063270e-01 3.41025621e-01
    3.46482694e-01 3.47497463e-01 3.45306456e-01 3.48623157e-01
    3.47931892e-01 3.48051667e-01 3.48999381e-01 3.51363093e-01
    3.49884182e-01 3.49123657e-01 3.39630634e-01 3.39965641e-01
    3.36414427e-01 3.39382917e-01 3.30197543e-01 3.30942363e-01
    3.09591979e-01 2.85294920e-01 2.62071729e-01 2.41618156e-01
    2.19760537e-01 2.03377441e-01 1.86764300e-01 1.66214809e-01
    1.65659443e-01 1.87692434e-01 2.11883172e-01 2.32969806e-01
    2.55323976e-01 2.75612831e-01 2.94188976e-01 3.17284256e-01
    3.34687561e-01 3.37418497e-01 3.41772676e-01 3.41981947e-01
    3.43417913e-01 3.37754369e-01 3.38858634e-01 3.45223576e-01
    3.53132099e-01 3.49767268e-01 3.51041168e-01 3.52803946e-01
    3.50218534e-01 3.48766029e-01 3.47934783e-01 3.46315056e-01
    3.46146643e-01 3.48648161e-01 3.41238946e-01 3.37615162e-01
    3.41835648e-01 3.48356038e-01 3.56114000e-01 3.58285785e-01
    3.62839252e-01 3.61220628e-01 3.68871957e-01 3.64354163e-01
    3.60809445e-01 3.66103798e-01 3.69228393e-01 3.65162283e-01
    3.63550484e-01 3.65131348e-01 3.64614218e-01 3.67269605e-01
    3.66579354e-01 3.64366442e-01 3.65979701e-01 3.65421951e-01
    3.67901683e-01 3.57062072e-01 3.54004115e-01 3.44257116e-01
    3.44833791e-01 3.39359313e-01 3.36979806e-01 3.39546233e-01
    3.46771628e-01 3.52376610e-01 3.43142867e-01 3.44627887e-01
    3.48504663e-01 3.48188609e-01 3.49294543e-01 3.46598387e-01
    3.49324226e-01 3.48945528e-01 3.64284337e-01 3.60301375e-01
    3.69789422e-01 3.66629720e-01 3.75454187e-01 3.75318944e-01
    3.69615465e-01 3.68210316e-01 3.69470090e-01 3.79974574e-01
    3.78809512e-01 3.72928321e-01 3.69911939e-01 3.65088344e-01
    3.61370832e-01 3.56318802e-01 3.54228199e-01 3.51338267e-01
    3.58011544e-01 3.61161083e-01 3.63552362e-01 3.64396363e-01
    3.65291387e-01 3.64168555e-01 3.68992686e-01 3.63477409e-01
    3.52341443e-01 3.56737405e-01 3.64217550e-01 3.73056740e-01
    3.72908294e-01 3.76173139e-01 3.80182594e-01 3.82660657e-01
    3.74577790e-01 3.67906570e-01 3.60631287e-01 3.60642046e-01
    3.59779298e-01 3.50263268e-01 3.47724319e-01 3.43121320e-01
    3.49072069e-01 3.58162045e-01 3.59151661e-01 3.56736988e-01
    3.45761538e-01 3.41870338e-01 3.42660546e-01 3.42838794e-01
    3.48841846e-01 3.51101279e-01 3.52539718e-01 3.47789317e-01
    3.49347144e-01 3.46464515e-01 3.52311373e-01 3.50689083e-01
    3.51454258e-01 3.48821253e-01 3.48989189e-01 3.44133317e-01
    3.45413864e-01 3.52237076e-01 3.54609311e-01 3.52627784e-01
    3.56029510e-01 3.56099516e-01 3.55741382e-01 3.55364382e-01
    3.65732461e-01 3.63974512e-01 3.55818003e-01 3.62317622e-01
    3.71649414e-01 3.70607674e-01 3.69876772e-01 3.69707525e-01
    3.67242903e-01 3.64343464e-01 3.64614427e-01 3.66473973e-01
    3.67882133e-01 3.63507330e-01 3.59170288e-01 3.55820835e-01
    3.56656402e-01 3.51620257e-01 3.58168364e-01 3.65082055e-01
    3.64938676e-01 3.62647176e-01 3.59899968e-01 3.59815150e-01
    3.55741531e-01 3.56683791e-01 3.53721768e-01 3.51170957e-01
    3.53648424e-01 3.59093487e-01 3.56638402e-01 3.48275632e-01
    3.45800847e-01 3.46114308e-01 3.44812870e-01 3.39511782e-01
    3.37917387e-01 3.33092749e-01 3.28939617e-01 3.30589682e-01
    3.32225055e-01 3.38596135e-01 3.40065509e-01 3.52553189e-01
    3.49352926e-01 3.45500529e-01 3.37289780e-01 3.39638740e-01
    3.41490954e-01 3.42333496e-01 3.47407520e-01 3.49543720e-01
    3.50615442e-01 3.56202930e-01 3.55282515e-01 3.52733612e-01
    3.50460857e-01 3.56588006e-01 3.48499864e-01 3.45797181e-01
    3.35392922e-01 3.34595501e-01 3.40375543e-01 3.42530191e-01
    3.39495510e-01 3.47354680e-01 3.53453189e-01 3.56052309e-01
    3.56041849e-01 3.49555254e-01 3.45935732e-01 3.52810472e-01
    3.54341984e-01 3.62928003e-01 3.56221706e-01 3.59191686e-01
    3.59446019e-01 3.57639343e-01 3.62720549e-01 3.60685468e-01
    3.63972664e-01 3.70299429e-01 3.65705550e-01 3.61969858e-01
    3.52684557e-01 3.53540212e-01 3.58305991e-01 3.62996906e-01
    3.56989205e-01 3.66687655e-01 3.59990895e-01 3.64151001e-01
    3.61869156e-01 3.66055280e-01 3.72640193e-01 3.74026448e-01
    3.78163159e-01 3.77802342e-01 3.75865549e-01 3.79170716e-01
    3.79723668e-01 3.79645258e-01 3.79467100e-01 3.79848689e-01
    3.77270341e-01 3.78363252e-01 3.69368076e-01 3.71134311e-01
    3.64613056e-01 3.67205530e-01 3.57833028e-01 3.57128590e-01
    3.35100204e-01 3.09099913e-01 2.84934759e-01 2.61744946e-01
    2.37983093e-01 2.18360156e-01 2.01731533e-01 1.79851517e-01
    1.84663653e-01 2.09303930e-01 2.33932555e-01 2.58274853e-01
    2.82931298e-01 3.04042101e-01 3.23662013e-01 3.47884983e-01
    3.67929876e-01 3.70106041e-01 3.74651879e-01 3.74591112e-01
    3.77104014e-01 3.72847438e-01 3.72101098e-01 3.76428664e-01
    3.84339124e-01 3.80149305e-01 3.81355196e-01 3.83573174e-01
    3.78507465e-01 3.75681669e-01 3.75315905e-01 3.75694603e-01
    3.76189619e-01 3.77431929e-01 3.69928062e-01 3.64727736e-01
    3.70353609e-01 3.75154555e-01 3.81693035e-01 3.83685142e-01
    3.87953162e-01 3.86336446e-01 3.94484580e-01 3.87438864e-01
    3.84203702e-01 3.90887886e-01 3.94048572e-01 3.91516477e-01
    3.89313698e-01 3.92298251e-01 3.91106367e-01 3.93685967e-01
    3.95485550e-01 3.91870528e-01 3.95510525e-01 3.94623011e-01
    3.97487164e-01 3.87260348e-01 3.83524954e-01 3.73062998e-01
    3.74723792e-01 3.68730396e-01 3.65679026e-01 3.67731601e-01
    3.72548610e-01 3.77025634e-01 3.65853190e-01 3.67592067e-01
    3.71760249e-01 3.70684713e-01 3.72169107e-01 3.69981229e-01
    3.74301374e-01 3.75524849e-01 3.90219122e-01 3.86009097e-01
    3.95609707e-01 3.93015832e-01 4.01855022e-01 4.02058631e-01
    3.99299830e-01 3.99519175e-01 4.02238548e-01 4.12490696e-01
    4.10796642e-01 4.04408008e-01 4.02527899e-01 3.97813588e-01
    3.92131329e-01 3.87448877e-01 3.83388579e-01 3.83654207e-01
    3.92018080e-01 3.94347101e-01 3.98514450e-01 4.01704401e-01
    4.03956294e-01 4.00056452e-01 4.03879881e-01 3.96971703e-01
    3.85286927e-01 3.90932947e-01 3.98920715e-01 4.04388547e-01
    4.05200273e-01 4.08236772e-01 4.11056459e-01 4.14134264e-01
    4.05236036e-01 3.96717757e-01 3.90784532e-01 3.88178885e-01
    3.84625047e-01 3.74634206e-01 3.73876929e-01 3.68808091e-01
    3.75752747e-01 3.84437650e-01 3.83947939e-01 3.81406337e-01
    3.70970160e-01 3.67644757e-01 3.68488520e-01 3.70412767e-01
    3.76751393e-01 3.79301310e-01 3.82506311e-01 3.75335485e-01
    3.79337102e-01 3.78374100e-01 3.82332563e-01 3.79266649e-01
    3.81199807e-01 3.77744794e-01 3.80359411e-01 3.75898600e-01
    3.76733333e-01 3.86142105e-01 3.88720095e-01 3.87369275e-01
    3.88910830e-01 3.88108522e-01 3.86290252e-01 3.83873552e-01
    3.96628469e-01 3.93061668e-01 3.82651269e-01 3.89655530e-01
    3.99201632e-01 3.97649676e-01 3.98708940e-01 3.97157967e-01
    3.94154966e-01 3.91274452e-01 3.91609013e-01 3.91377270e-01
    3.91418755e-01 3.86971384e-01 3.82665187e-01 3.80312234e-01
    3.81471068e-01 3.73835266e-01 3.82115692e-01 3.90828699e-01
    3.91388506e-01 3.90573859e-01 3.89429808e-01 3.89419496e-01
    3.85619491e-01 3.88582110e-01 3.84571940e-01 3.81231964e-01
    3.84868234e-01 3.90121788e-01 3.87443513e-01 3.80536348e-01
    3.76273781e-01 3.76780003e-01 3.78056705e-01 3.72905791e-01
    3.72360945e-01 3.67145300e-01 3.61257195e-01 3.62039059e-01
    3.62484366e-01 3.69379610e-01 3.72040242e-01 3.84447992e-01
    3.81985575e-01 3.79384905e-01 3.73184800e-01 3.77872437e-01
    3.80151480e-01 3.81281883e-01 3.86982918e-01 3.87355298e-01
    3.86371315e-01 3.90874654e-01 3.90913635e-01 3.88613313e-01
    3.86127084e-01 3.92141312e-01 3.82274032e-01 3.78986239e-01
    3.70122641e-01 3.66463095e-01 3.70022029e-01 3.72328490e-01
    3.69749993e-01 3.75127226e-01 3.81966740e-01 3.83372068e-01
    3.84532303e-01 3.77324671e-01 3.73223603e-01 3.78529310e-01
    3.80663604e-01 3.89134854e-01 3.83671194e-01 3.89935195e-01
    3.90014201e-01 3.86546254e-01 3.93496305e-01 3.92178178e-01
    3.93841535e-01 3.99174333e-01 3.96714240e-01 3.93326342e-01
    3.85095984e-01 3.86626482e-01 3.92674059e-01 3.97230208e-01
    3.92366618e-01 4.01376247e-01 3.94936353e-01 3.95850062e-01
    3.90408039e-01 3.95154387e-01 4.02185798e-01 4.02789444e-01
    4.05349851e-01 4.05912191e-01 4.02599663e-01 4.06219691e-01
    4.06173557e-01 4.07797277e-01 4.07273114e-01 4.07128960e-01
    4.04929042e-01 4.05843794e-01 3.97095889e-01 3.99927318e-01
    3.93974036e-01 3.97778094e-01 3.85364026e-01 3.86371017e-01
    3.62906367e-01 3.36529315e-01 3.10658276e-01 2.86523849e-01
    2.59381175e-01 2.38406599e-01 2.18333602e-01 1.93960920e-01
    1.97428271e-01 2.23236576e-01 2.49951720e-01 2.76236355e-01
    3.01705211e-01 3.26224506e-01 3.46545726e-01 3.70898962e-01
    3.94328266e-01 3.99394900e-01 4.04955059e-01 4.05100793e-01
    4.06151235e-01 4.04325306e-01 4.06786621e-01 4.11759198e-01
    4.16972369e-01 4.14089918e-01 4.17419821e-01 4.18481499e-01
    4.12738323e-01 4.09883797e-01 4.06684875e-01 4.06913340e-01
    4.08413947e-01 4.07891601e-01 3.99453044e-01 3.92306536e-01
    3.98770273e-01 4.02172923e-01 4.07292068e-01 4.06105727e-01
    4.09901649e-01 4.08587933e-01 4.15019453e-01 4.05896813e-01
    4.05055940e-01 4.13534433e-01 4.16943938e-01 4.16483521e-01
    4.15028244e-01 4.18777794e-01 4.18520331e-01 4.21249002e-01
    4.23692316e-01 4.19052929e-01 4.25967604e-01 4.25115764e-01
    4.30226088e-01 4.19822514e-01 4.16878968e-01 4.05753672e-01
    4.07565117e-01 3.98550957e-01 3.95505756e-01 3.99529546e-01
    4.04844582e-01 4.10240233e-01 3.97315145e-01 3.97735029e-01
    4.02085036e-01 4.02940243e-01 4.02653605e-01 3.99159878e-01
    4.03249145e-01 4.04886127e-01 4.18664902e-01 4.13791060e-01
    4.25701320e-01 4.22599226e-01 4.32390541e-01 4.32181329e-01
    4.29735959e-01 4.28418100e-01 4.31134224e-01 4.41505671e-01
    4.39710408e-01 4.32582945e-01 4.30283964e-01 4.28000569e-01
    4.23080385e-01 4.20153499e-01 4.16446298e-01 4.19505090e-01
    4.27769542e-01 4.30068702e-01 4.35644358e-01 4.39863265e-01
    4.42343533e-01 4.36438620e-01 4.40581501e-01 4.32781667e-01
    4.22040045e-01 4.26578522e-01 4.33563977e-01 4.39454675e-01
    4.39070255e-01 4.40693676e-01 4.40819234e-01 4.40739751e-01
    4.29111689e-01 4.22939569e-01 4.16735858e-01 4.13678139e-01
    4.09662575e-01 4.00238037e-01 3.98894727e-01 3.92653108e-01
    3.98898661e-01 4.08091664e-01 4.09777582e-01 4.10003632e-01
    3.97813052e-01 3.93992662e-01 3.93945068e-01 3.98162127e-01
    4.07605648e-01 4.12437797e-01 4.13882554e-01 4.05424297e-01
    4.08022672e-01 4.08574224e-01 4.09525275e-01 4.05826330e-01
    4.09500331e-01 4.06416267e-01 4.10188526e-01 4.05740350e-01
    4.06023890e-01 4.14444387e-01 4.17601854e-01 4.17199552e-01
    4.18298244e-01 4.17797029e-01 4.15444136e-01 4.13546026e-01
    4.25883472e-01 4.24834818e-01 4.11718845e-01 4.19516861e-01
    4.29904133e-01 4.28089976e-01 4.30226296e-01 4.26205784e-01
    4.23104316e-01 4.19086963e-01 4.22168911e-01 4.23457593e-01
    4.23413277e-01 4.19246376e-01 4.13296849e-01 4.09528136e-01
    4.11446899e-01 4.06419516e-01 4.13040161e-01 4.24489230e-01
    4.26679730e-01 4.25396413e-01 4.23274636e-01 4.23816800e-01
    4.21208858e-01 4.24081624e-01 4.19284970e-01 4.13758755e-01
    4.15708959e-01 4.20703560e-01 4.16014940e-01 4.08672899e-01
    4.06012565e-01 4.06815946e-01 4.05144632e-01 3.98762316e-01
    3.94867599e-01 3.89569849e-01 3.86652052e-01 3.88669372e-01
    3.87682766e-01 3.94492209e-01 3.96582007e-01 4.08464164e-01
    4.08206046e-01 4.04832304e-01 3.98509175e-01 4.04880345e-01
    4.08590585e-01 4.09086287e-01 4.13212955e-01 4.15912926e-01
    4.17973667e-01 4.25737828e-01 4.23887342e-01 4.21210706e-01
    4.19425935e-01 4.24864501e-01 4.15396869e-01 4.13377434e-01
    4.05064285e-01 4.01011229e-01 4.06727195e-01 4.09582049e-01
    4.07938480e-01 4.13515896e-01 4.19688284e-01 4.20317531e-01
    4.20270324e-01 4.11261141e-01 4.04649585e-01 4.12410736e-01
    4.14122075e-01 4.22310919e-01 4.17429060e-01 4.23452705e-01
    4.24261928e-01 4.23015445e-01 4.29778576e-01 4.26632017e-01
    4.28393006e-01 4.33127701e-01 4.29104090e-01 4.25443709e-01
    4.17075604e-01 4.17122483e-01 4.24988836e-01 4.30844516e-01
    4.22944129e-01 4.31145757e-01 4.22501326e-01 4.23875600e-01
    4.17495042e-01 4.20744538e-01 4.26456779e-01 4.26568568e-01
    4.29785877e-01 4.32150900e-01 4.28790897e-01 4.31884795e-01
    4.33721364e-01 4.38231170e-01 4.40367162e-01 4.40140784e-01
    4.39093828e-01 4.40026104e-01 4.31743652e-01 4.34160560e-01
    4.27342027e-01 4.33027536e-01 4.21884567e-01 4.23734426e-01
    3.98474663e-01 3.70291352e-01 3.40962142e-01 3.14469069e-01
    2.86417335e-01 2.62491733e-01 2.39524469e-01 2.12465793e-01
    2.09704190e-01 2.38314182e-01 2.66409874e-01 2.95772493e-01
    3.22058737e-01 3.48041236e-01 3.70478362e-01 3.95749748e-01
    4.21504885e-01 4.26584631e-01 4.34689701e-01 4.34279263e-01
    4.37127054e-01 4.32572544e-01 4.35451001e-01 4.37754184e-01
    4.45166737e-01 4.40709889e-01 4.44404721e-01 4.46547300e-01
    4.38212544e-01 4.35417384e-01 4.33496952e-01 4.32213366e-01
    4.33723062e-01 4.32548702e-01 4.25199002e-01 4.17178124e-01
    4.25427139e-01 4.28296208e-01 4.35693711e-01 4.34224069e-01
    4.39426482e-01 4.37313437e-01 4.44669425e-01 4.33872402e-01
    4.32556391e-01 4.43376571e-01 4.47629094e-01 4.44621623e-01
    4.45643216e-01 4.51327920e-01 4.51227665e-01 4.52759832e-01
    4.54972148e-01 4.49458092e-01 4.56059426e-01 4.53338206e-01
    4.57995623e-01 4.46301162e-01 4.42028522e-01 4.30064350e-01
    4.30450141e-01 4.21947300e-01 4.16845232e-01 4.21881258e-01
    4.30155665e-01 4.34846818e-01 4.20652568e-01 4.19709623e-01
    4.26046908e-01 4.26822603e-01 4.24896747e-01 4.22180206e-01
    4.28110808e-01 4.29182470e-01 4.42853808e-01 4.38990742e-01
    4.53658700e-01 4.52636242e-01 4.61216718e-01 4.62878168e-01
    4.60644990e-01 4.59389746e-01 4.60858166e-01 4.71661389e-01
    4.72260654e-01 4.64476734e-01 4.61728632e-01 4.62622404e-01
    4.56927806e-01 4.52761739e-01 4.51893598e-01 4.54332560e-01
    4.62055653e-01 4.61965859e-01 4.67351705e-01 4.73347366e-01
    4.73759800e-01 4.65911597e-01 4.68044281e-01 4.59501296e-01
    4.48960304e-01 4.52305675e-01 4.61049229e-01 4.67980832e-01
    4.67640638e-01 4.67660636e-01 4.67342764e-01 4.65293020e-01
    4.54921365e-01 4.49097604e-01 4.42950279e-01 4.40380901e-01
    4.36610013e-01 4.28686917e-01 4.29456651e-01 4.24767107e-01
    4.34062243e-01 4.41686571e-01 4.44632828e-01 4.42902297e-01
    4.31021392e-01 4.24606144e-01 4.25295442e-01 4.30613667e-01
    4.40068662e-01 4.45465416e-01 4.45969701e-01 4.38215405e-01
    4.41153258e-01 4.39052314e-01 4.39261287e-01 4.34636027e-01
    4.35904294e-01 4.29488361e-01 4.34311479e-01 4.30233121e-01
    4.30620730e-01 4.37411278e-01 4.42795247e-01 4.41468596e-01
    4.43939984e-01 4.45863485e-01 4.43614244e-01 4.44407552e-01
    4.57808852e-01 4.55229163e-01 4.44834977e-01 4.54519749e-01
    4.65510815e-01 4.66111749e-01 4.71013010e-01 4.67156529e-01
    4.62662458e-01 4.59708512e-01 4.63310331e-01 4.64275897e-01
    4.65285987e-01 4.58410859e-01 4.49816465e-01 4.44200099e-01
    4.43473846e-01 4.37338144e-01 4.43386257e-01 4.51512545e-01
    4.53554958e-01 4.50127900e-01 4.47182864e-01 4.45251226e-01
    4.42188799e-01 4.43801194e-01 4.36779082e-01 4.31702077e-01
    4.32699710e-01 4.39653635e-01 4.35281307e-01 4.28543597e-01
    4.26989138e-01 4.29874271e-01 4.27828729e-01 4.22917783e-01
    4.22404766e-01 4.15418655e-01 4.14776623e-01 4.16928768e-01
    4.17261124e-01 4.25252020e-01 4.28347945e-01 4.42540258e-01
    4.43696231e-01 4.39673364e-01 4.33035374e-01 4.40971971e-01
    4.45474476e-01 4.45926577e-01 4.49745506e-01 4.54397887e-01
    4.54805613e-01 4.59766984e-01 4.58290160e-01 4.56124127e-01
    4.54604089e-01 4.59749252e-01 4.49983865e-01 4.49313134e-01
    4.39590961e-01 4.35407400e-01 4.40936476e-01 4.41033185e-01
    4.37312961e-01 4.44050193e-01 4.50080186e-01 4.50748473e-01
    4.49754000e-01 4.40691620e-01 4.33558404e-01 4.41035718e-01
    4.41568404e-01 4.47533250e-01 4.43763644e-01 4.50658888e-01
    4.50720966e-01 4.49561596e-01 4.53503281e-01 4.50863600e-01
    4.53246087e-01 4.59243745e-01 4.52063739e-01 4.47512090e-01
    4.37171638e-01 4.35697585e-01 4.43263501e-01 4.52311367e-01
    4.43225026e-01 4.50026929e-01 4.44110155e-01 4.42968547e-01
    4.34520036e-01 4.37843651e-01 4.42644417e-01 4.45285112e-01
    4.50505733e-01 4.52677578e-01 4.49291676e-01 4.55375612e-01
    4.60471034e-01 4.67990309e-01 4.71158177e-01 4.71533090e-01
    4.69518006e-01 4.70751166e-01 4.62460667e-01 4.63973939e-01
    4.58040267e-01 4.65193838e-01 4.53147560e-01 4.55862045e-01
    4.27724421e-01 3.96181047e-01 3.66039276e-01 3.37971270e-01
    3.06860417e-01 2.79529840e-01 2.53447354e-01 2.25031018e-01
    2.21029714e-01 2.51257479e-01 2.80346036e-01 3.11233670e-01
    3.38062674e-01 3.65219027e-01 3.90966713e-01 4.18833435e-01
    4.45933759e-01 4.50558901e-01 4.59445715e-01 4.61165816e-01
    4.63769048e-01 4.59931374e-01 4.63185132e-01 4.63708073e-01
    4.71178949e-01 4.65812504e-01 4.69612479e-01 4.72563058e-01
    4.64308947e-01 4.62551713e-01 4.60393220e-01 4.56401676e-01
    4.56595689e-01 4.54224527e-01 4.48751569e-01 4.41732675e-01
    4.50078517e-01 4.55612749e-01 4.61749524e-01 4.60512340e-01
    4.68591630e-01 4.67934132e-01 4.76597667e-01 4.66776729e-01
    4.65699762e-01 4.77174222e-01 4.82345760e-01 4.79541272e-01
    4.81366783e-01 4.86973584e-01 4.88694906e-01 4.90501374e-01
    4.91459310e-01 4.83747065e-01 4.89255607e-01 4.86331314e-01
    4.90865827e-01 4.78511930e-01 4.72809970e-01 4.58343744e-01
    4.56968337e-01 4.47443157e-01 4.42117959e-01 4.47968245e-01
    4.57113892e-01 4.62321341e-01 4.48778480e-01 4.49286610e-01
    4.54529643e-01 4.57853079e-01 4.57853854e-01 4.53251779e-01
    4.59334761e-01 4.60332692e-01 4.74390298e-01 4.69954073e-01
    4.87137318e-01 4.85857159e-01 4.95437533e-01 4.98453319e-01
    4.94489312e-01 4.93017852e-01 4.94280607e-01 5.03669024e-01
    5.02542973e-01 4.93778497e-01 4.89875704e-01 4.91620511e-01
    4.87365603e-01 4.83503193e-01 4.83461827e-01 4.86137509e-01
    4.95649189e-01 4.94963020e-01 5.01174986e-01 5.06396651e-01
    5.03418863e-01 4.97409225e-01 4.99702334e-01 4.89893913e-01
    4.81189281e-01 4.85854626e-01 4.94642496e-01 4.99794096e-01
    4.98799831e-01 4.97965366e-01 4.98558909e-01 4.94298428e-01
    4.83637482e-01 4.75654572e-01 4.68326300e-01 4.66410071e-01
    4.64045852e-01 4.58279878e-01 4.55924690e-01 4.49750334e-01
    4.60889012e-01 4.69083190e-01 4.69316214e-01 4.69650835e-01
    4.60780352e-01 4.54990298e-01 4.56983030e-01 4.60610390e-01
    4.70006824e-01 4.75558877e-01 4.76103127e-01 4.67086017e-01
    4.68603969e-01 4.65109944e-01 4.66475904e-01 4.62949693e-01
    4.67091262e-01 4.60972250e-01 4.65344787e-01 4.61553603e-01
    4.60884541e-01 4.64845240e-01 4.68516916e-01 4.68502820e-01
    4.70661551e-01 4.74084109e-01 4.72355872e-01 4.75320071e-01
    4.91507083e-01 4.91461724e-01 4.81616497e-01 4.91044939e-01
    5.00987887e-01 4.99059230e-01 5.03974915e-01 5.00534236e-01
    4.96326089e-01 4.92167592e-01 4.97153908e-01 4.99739259e-01
    4.98535156e-01 4.92459238e-01 4.82440621e-01 4.76452261e-01
    4.73908573e-01 4.66301948e-01 4.71606284e-01 4.80074078e-01
    4.82371569e-01 4.79227543e-01 4.77255046e-01 4.76026624e-01
    4.70220745e-01 4.72981513e-01 4.67097431e-01 4.60525781e-01
    4.58893180e-01 4.65490103e-01 4.61069435e-01 4.54016179e-01
    4.49871987e-01 4.53286529e-01 4.49732423e-01 4.44764942e-01
    4.42389846e-01 4.33442742e-01 4.35087562e-01 4.37630683e-01
    4.36683536e-01 4.44740057e-01 4.49129730e-01 4.62535769e-01
    4.66083825e-01 4.64023650e-01 4.58064944e-01 4.65270162e-01
    4.69570458e-01 4.69797820e-01 4.74331528e-01 4.79718238e-01
    4.79784936e-01 4.84783590e-01 4.84250933e-01 4.80190307e-01
    4.79172438e-01 4.82396543e-01 4.75350052e-01 4.72407043e-01
    4.64747399e-01 4.60316002e-01 4.64116007e-01 4.64894056e-01
    4.63968813e-01 4.72197652e-01 4.78274316e-01 4.78204876e-01
    4.78736341e-01 4.68466073e-01 4.63998765e-01 4.71939862e-01
    4.71576422e-01 4.76076871e-01 4.72258836e-01 4.78523999e-01
    4.77615684e-01 4.75864232e-01 4.79497224e-01 4.78800774e-01
    4.80434358e-01 4.84727353e-01 4.76004243e-01 4.72273499e-01
    4.62550968e-01 4.62005526e-01 4.69571948e-01 4.77092832e-01
    4.65520471e-01 4.75179285e-01 4.68304485e-01 4.70337898e-01
    4.60242838e-01 4.65541005e-01 4.71534997e-01 4.72039074e-01
    4.75578904e-01 4.77459967e-01 4.76218909e-01 4.84943688e-01
    4.90537912e-01 4.97607946e-01 5.00239730e-01 5.02711415e-01
    5.02363801e-01 5.03744006e-01 4.93457973e-01 4.96592164e-01
    4.90260869e-01 5.00081837e-01 4.88771498e-01 4.91306812e-01
    4.63144034e-01 4.30846900e-01 3.99511486e-01 3.67995888e-01
    3.33613545e-01 3.04727346e-01 2.77463287e-01 2.46224940e-01
    2.37340719e-01 2.70466030e-01 3.01324368e-01 3.34013820e-01
    3.62219185e-01 3.92356843e-01 4.19947296e-01 4.50115085e-01
    4.79676306e-01 4.87329662e-01 4.98486936e-01 4.98091042e-01
    4.99432623e-01 4.95260745e-01 4.97876197e-01 4.98221576e-01
    5.07184446e-01 5.02312243e-01 5.06290019e-01 5.09640157e-01
    5.00381291e-01 4.99512523e-01 4.94503319e-01 4.89807039e-01
    4.90305752e-01 4.88251150e-01 4.81891096e-01 4.73494112e-01
    4.82693970e-01 4.91237044e-01 4.99011874e-01 4.97670293e-01
    5.04244626e-01 5.00857770e-01 5.09811461e-01 5.00143945e-01
    4.99485701e-01 5.12904584e-01 5.18134058e-01 5.18594384e-01
    5.19393504e-01 5.25034726e-01 5.26531994e-01 5.26841760e-01
    5.27041197e-01 5.20649433e-01 5.25062561e-01 5.22204876e-01
    5.24512172e-01 5.11759460e-01 5.09227753e-01 4.92295235e-01
    4.88734752e-01 4.79066819e-01 4.72517341e-01 4.76415932e-01
    4.85445648e-01 4.93415445e-01 4.80568647e-01 4.79135334e-01
    4.86489505e-01 4.91187423e-01 4.91015941e-01 4.87277657e-01
    4.92620528e-01 4.94005650e-01 5.09571493e-01 5.03595054e-01
    5.20493269e-01 5.19822955e-01 5.30259728e-01 5.33254445e-01
    5.29616594e-01 5.24929166e-01 5.24493694e-01 5.31990290e-01
    5.31856656e-01 5.21978199e-01 5.18348873e-01 5.19877613e-01
    5.14019549e-01 5.08877754e-01 5.08969188e-01 5.09317219e-01
    5.20215273e-01 5.19883513e-01 5.25715828e-01 5.30200243e-01
    5.27773380e-01 5.22601247e-01 5.27410150e-01 5.19052863e-01
    5.10672629e-01 5.15274167e-01 5.24519086e-01 5.30751407e-01
    5.31246066e-01 5.31281292e-01 5.33116758e-01 5.29392004e-01
    5.19579649e-01 5.10625303e-01 5.04174590e-01 5.03003895e-01
    4.98539925e-01 4.92074549e-01 4.88840103e-01 4.82140541e-01
    4.91362453e-01 5.01242816e-01 5.01378298e-01 5.01126945e-01
    4.91665244e-01 4.83249664e-01 4.83976275e-01 4.85187143e-01
    4.95013565e-01 5.02406657e-01 5.02513051e-01 4.93231386e-01
    4.95264500e-01 4.92607176e-01 4.94724602e-01 4.90957975e-01
    4.96466368e-01 4.92344856e-01 4.94914889e-01 4.90541697e-01
    4.89169031e-01 4.90491658e-01 4.95696008e-01 4.97699708e-01
    5.02665043e-01 5.07409096e-01 5.04090071e-01 5.06189764e-01
    5.22166848e-01 5.20740032e-01 5.12847126e-01 5.20363033e-01
    5.33112168e-01 5.28394520e-01 5.30656576e-01 5.27778149e-01
    5.23574948e-01 5.18560112e-01 5.25753677e-01 5.26377141e-01
    5.24763286e-01 5.17750740e-01 5.05538404e-01 5.01326919e-01
    4.98293757e-01 4.91756022e-01 4.98040080e-01 5.03845096e-01
    5.08183777e-01 5.02904058e-01 5.02069056e-01 5.02916813e-01
    4.94965196e-01 4.98423874e-01 4.92937505e-01 4.84759986e-01
    4.84470576e-01 4.89294231e-01 4.85319912e-01 4.80450273e-01
    4.74151522e-01 4.77903306e-01 4.74894285e-01 4.68597382e-01
    4.68290508e-01 4.57655013e-01 4.61417675e-01 4.65505660e-01
    4.63750780e-01 4.73330349e-01 4.77849662e-01 4.91051584e-01
    4.95961428e-01 4.92913067e-01 4.88897800e-01 4.96674359e-01
    5.01115203e-01 5.02791166e-01 5.08193433e-01 5.11664927e-01
    5.11020243e-01 5.15938103e-01 5.17295957e-01 5.10700166e-01
    5.07929623e-01 5.09939373e-01 5.04670084e-01 5.02586961e-01
    4.96181399e-01 4.89877969e-01 4.94163752e-01 4.93181407e-01
    4.89203691e-01 4.95814770e-01 5.02207518e-01 5.01358032e-01
    5.03945351e-01 4.96065080e-01 4.89258289e-01 4.97398615e-01
    4.99367505e-01 5.05111396e-01 5.02405345e-01 5.07415712e-01
    5.04059792e-01 5.01307309e-01 5.06420910e-01 5.07795453e-01
    5.09568512e-01 5.14667690e-01 5.04987419e-01 5.00377417e-01
    4.91619289e-01 4.88835424e-01 4.94572908e-01 5.01871705e-01
    4.90125060e-01 4.97502178e-01 4.90879864e-01 4.92641836e-01
    4.83197629e-01 4.89662319e-01 4.97332543e-01 4.97245759e-01
    5.00195086e-01 5.02802908e-01 5.03788888e-01 5.14465153e-01
    5.21269262e-01 5.27747989e-01 5.33463717e-01 5.38262546e-01
    5.39007246e-01 5.40214479e-01 5.32134295e-01 5.34888983e-01
    5.30648291e-01 5.39582729e-01 5.30256748e-01 5.32372117e-01
    5.03065526e-01 4.68119860e-01 4.34845626e-01 4.00232255e-01
    3.63205075e-01 3.31359863e-01 3.02807301e-01 2.68172055e-01
    2.36674875e-01 2.69450694e-01 3.01870048e-01 3.35243225e-01
    3.63396585e-01 3.91716331e-01 4.19545650e-01 4.49910104e-01
    4.81636912e-01 4.87481654e-01 4.97057021e-01 4.96396363e-01
    4.96065229e-01 4.95327681e-01 4.98632163e-01 4.98199165e-01
    5.06461382e-01 5.01840591e-01 5.07530093e-01 5.09893477e-01
    4.99673337e-01 4.99115586e-01 4.96237934e-01 4.92513865e-01
    4.93822932e-01 4.89365488e-01 4.82557863e-01 4.73242760e-01
    4.82008845e-01 4.93623942e-01 5.01566410e-01 4.99258399e-01
    5.09943843e-01 5.10439575e-01 5.18857181e-01 5.09593606e-01
    5.09553790e-01 5.22228003e-01 5.26124477e-01 5.28796732e-01
    5.29327631e-01 5.34999549e-01 5.35883129e-01 5.39549947e-01
    5.39180756e-01 5.32744586e-01 5.37532032e-01 5.33930421e-01
    5.37947237e-01 5.23155034e-01 5.19024134e-01 5.00069201e-01
    4.95355517e-01 4.84467089e-01 4.77460027e-01 4.80578840e-01
    4.86481249e-01 4.94009763e-01 4.81525153e-01 4.79058772e-01
    4.83280838e-01 4.89621460e-01 4.90532160e-01 4.83639419e-01
    4.89549488e-01 4.89045471e-01 5.02528131e-01 4.95921910e-01
    5.14609456e-01 5.15976310e-01 5.27569711e-01 5.34110844e-01
    5.31143725e-01 5.27441621e-01 5.26490748e-01 5.33117473e-01
    5.35572350e-01 5.27159750e-01 5.25724232e-01 5.26773930e-01
    5.23534238e-01 5.17934561e-01 5.17114043e-01 5.17716467e-01
    5.30748963e-01 5.30998647e-01 5.36305785e-01 5.39816856e-01
    5.34898877e-01 5.30943990e-01 5.34811616e-01 5.28108001e-01
    5.21434307e-01 5.24380267e-01 5.32251000e-01 5.36424339e-01
    5.38068593e-01 5.36353350e-01 5.37582517e-01 5.33812582e-01
    5.23716033e-01 5.13861716e-01 5.04604220e-01 5.01520038e-01
    4.96373147e-01 4.91066486e-01 4.88437593e-01 4.84221429e-01
    4.94089901e-01 4.99445319e-01 5.00717402e-01 4.99380767e-01
    4.90045846e-01 4.79493946e-01 4.83248323e-01 4.83347416e-01
    4.94041264e-01 5.03649294e-01 5.04051208e-01 4.98597741e-01
    5.00308931e-01 4.99408215e-01 5.00564337e-01 4.97477859e-01
    5.01420856e-01 4.96617496e-01 5.00159562e-01 4.96762365e-01
    4.95923519e-01 4.96886522e-01 5.03169119e-01 5.01203656e-01
    5.08673787e-01 5.11727214e-01 5.05689502e-01 5.08716166e-01
    5.22246718e-01 5.21344960e-01 5.12855649e-01 5.21892905e-01
    5.33343911e-01 5.30405462e-01 5.30583084e-01 5.27291358e-01
    5.23196518e-01 5.16741812e-01 5.25479853e-01 5.25335908e-01
    5.24784744e-01 5.14132023e-01 5.04150748e-01 4.99647796e-01
    4.97078925e-01 4.91081417e-01 4.97911602e-01 5.02233207e-01
    5.04996836e-01 5.00081718e-01 4.97706890e-01 4.97606397e-01
    4.92133915e-01 4.92111564e-01 4.88641053e-01 4.77950364e-01
    4.78248596e-01 4.82078284e-01 4.78780329e-01 4.72539604e-01
    4.68512535e-01 4.69765902e-01 4.67997104e-01 4.59519058e-01
    4.59529430e-01 4.49634731e-01 4.52087313e-01 4.53499049e-01
    4.52158779e-01 4.60676521e-01 4.67864871e-01 4.80572104e-01
    4.87256438e-01 4.85936940e-01 4.84199941e-01 4.91366625e-01
    4.96733844e-01 4.98520315e-01 5.03816068e-01 5.05536020e-01
    5.03467381e-01 5.07078409e-01 5.09336472e-01 5.04925430e-01
    5.04549563e-01 5.06237745e-01 5.01357079e-01 4.99330014e-01
    4.92729574e-01 4.85444695e-01 4.89584625e-01 4.88369346e-01
    4.84418809e-01 4.88740712e-01 4.94489580e-01 4.95430171e-01
    5.00022590e-01 4.93902028e-01 4.88672197e-01 4.96417582e-01
    4.97876674e-01 5.01370966e-01 4.97493893e-01 5.01725852e-01
    4.96682763e-01 4.95137691e-01 5.00120580e-01 4.99160320e-01
    5.00874937e-01 5.08318245e-01 5.02550244e-01 4.97823924e-01
    4.89559501e-01 4.86367822e-01 4.93972421e-01 5.01017511e-01
    4.88922507e-01 4.92760688e-01 4.90710676e-01 4.93303806e-01
    4.84872252e-01 4.94842887e-01 5.02351403e-01 5.05016387e-01
    5.08196175e-01 5.11733711e-01 5.13979554e-01 5.26499331e-01
    5.31497777e-01 5.36839426e-01 5.43680668e-01 5.46662986e-01
    5.48147798e-01 5.48288643e-01 5.42866945e-01 5.41372001e-01
    5.41954696e-01 5.47577441e-01 5.38756311e-01 5.41666925e-01
    5.10364175e-01 4.75791126e-01 4.40970004e-01 4.04534549e-01
    3.64583760e-01 3.34793419e-01 3.06215793e-01 2.69427627e-01
    2.49428704e-01 2.80234367e-01 3.11174899e-01 3.45417619e-01
    3.72689813e-01 3.99140656e-01 4.24344063e-01 4.54088748e-01
    4.85776991e-01 4.92392212e-01 5.03915966e-01 5.04690111e-01
    5.04212022e-01 5.01057029e-01 5.00993311e-01 4.98005986e-01
    5.08781493e-01 5.01741707e-01 5.08302748e-01 5.12518108e-01
    5.02234042e-01 5.04115224e-01 5.01521230e-01 5.00396609e-01
    5.04149377e-01 5.00331342e-01 4.91347730e-01 4.79620069e-01
    4.85402375e-01 4.92371380e-01 4.99616206e-01 4.96188223e-01
    5.08564949e-01 5.04290044e-01 5.12414932e-01 5.03057122e-01
    5.02203047e-01 5.11365056e-01 5.13952076e-01 5.18767595e-01
    5.21617293e-01 5.24613976e-01 5.23059189e-01 5.26642442e-01
    5.30255497e-01 5.26622534e-01 5.34747541e-01 5.30844986e-01
    5.37305117e-01 5.18274784e-01 5.17716408e-01 4.99497384e-01
    4.94337320e-01 4.83598202e-01 4.82327640e-01 4.85824108e-01
    4.91825610e-01 4.97685939e-01 4.85683322e-01 4.82640028e-01
    4.85416263e-01 4.92746532e-01 4.91642088e-01 4.84571517e-01
    4.89433944e-01 4.90659237e-01 5.07785261e-01 5.00241518e-01
    5.16314805e-01 5.20937026e-01 5.35177112e-01 5.38455307e-01
    5.34887671e-01 5.29615521e-01 5.26656508e-01 5.34371912e-01
    5.39047539e-01 5.32415092e-01 5.27426779e-01 5.30598462e-01
    5.24620354e-01 5.20418823e-01 5.17030358e-01 5.15299857e-01
    5.28072298e-01 5.29599965e-01 5.34667969e-01 5.35691857e-01
    5.28925717e-01 5.25021434e-01 5.28976321e-01 5.22561431e-01
    5.16355097e-01 5.20182788e-01 5.29066861e-01 5.34035623e-01
    5.33070147e-01 5.33403277e-01 5.33112228e-01 5.27780414e-01
    5.19350410e-01 5.08075595e-01 5.01797140e-01 4.98027205e-01
    4.92700249e-01 4.90390956e-01 4.87645060e-01 4.82620955e-01
    4.94916290e-01 5.00013232e-01 4.98860568e-01 4.95026499e-01
    4.85670209e-01 4.74759251e-01 4.77226615e-01 4.80237752e-01
    4.89906818e-01 4.99289066e-01 5.02108932e-01 4.94658709e-01
    4.94887203e-01 4.95121539e-01 4.97864783e-01 4.95640635e-01
    5.02317846e-01 4.97091234e-01 5.03100753e-01 5.02984822e-01
    5.02758920e-01 5.03264070e-01 5.09988070e-01 5.09505510e-01
    5.15785158e-01 5.19889355e-01 5.14963269e-01 5.15016496e-01
    5.28912783e-01 5.30511141e-01 5.23193240e-01 5.28455257e-01
    5.38588762e-01 5.36147416e-01 5.33360004e-01 5.26468873e-01
    5.19772589e-01 5.16020536e-01 5.26247144e-01 5.27969062e-01
    5.29511869e-01 5.20131350e-01 5.10877073e-01 5.07114649e-01
    5.05825877e-01 5.00119507e-01 5.05613327e-01 5.08889377e-01
    5.14877021e-01 5.11345565e-01 5.08738220e-01 5.13243437e-01
    5.06568968e-01 5.06225169e-01 5.00872552e-01 4.91720349e-01
    4.91002619e-01 4.92705345e-01 4.85753685e-01 4.82547373e-01
    4.77170408e-01 4.80119258e-01 4.77973789e-01 4.67835218e-01
    4.69177812e-01 4.58171219e-01 4.61064935e-01 4.61589307e-01
    4.56288874e-01 4.67927009e-01 4.75086063e-01 4.87708658e-01
    4.90732968e-01 4.89448786e-01 4.87022132e-01 4.95770603e-01
    4.96227324e-01 4.98422354e-01 5.01171291e-01 5.03308177e-01
    5.01606345e-01 5.02405584e-01 5.04320323e-01 4.99861509e-01
    4.98260975e-01 5.01271129e-01 4.97626424e-01 4.96736079e-01
    4.91530806e-01 4.84302223e-01 4.87161011e-01 4.88273472e-01
    4.84942406e-01 4.93009001e-01 4.97180045e-01 4.96398926e-01
    4.98481482e-01 4.94092733e-01 4.87279266e-01 4.96532202e-01
    4.98198569e-01 5.02779365e-01 4.97559994e-01 4.97859418e-01
    4.94074941e-01 4.92617786e-01 4.97338057e-01 4.98504847e-01
    4.97256726e-01 5.04330993e-01 4.97103006e-01 4.94094342e-01
    4.88957047e-01 4.87657845e-01 4.92126197e-01 5.01395166e-01
    4.87397015e-01 4.90318149e-01 4.84812498e-01 4.87564772e-01
    4.77759033e-01 4.84747976e-01 4.91158515e-01 4.93378341e-01
    4.94638890e-01 4.99336183e-01 5.02924025e-01 5.13526976e-01
    5.19389570e-01 5.24215758e-01 5.31614602e-01 5.36391973e-01
    5.38027167e-01 5.37314057e-01 5.33010364e-01 5.36574841e-01
    5.38227677e-01 5.47995090e-01 5.44112623e-01 5.47579527e-01
    5.17826974e-01 4.84402597e-01 4.49894816e-01 4.12655950e-01
    3.75128210e-01 3.43744159e-01 3.15138757e-01 2.77833760e-01
    2.51616150e-01 2.82081664e-01 3.12792599e-01 3.48102748e-01
    3.74848068e-01 4.01862204e-01 4.29161519e-01 4.57504779e-01
    4.89694178e-01 4.94531333e-01 5.03134310e-01 5.01329780e-01
    4.98524785e-01 4.95064557e-01 4.94337946e-01 4.89117324e-01
    5.04115045e-01 4.99624103e-01 5.06071210e-01 5.09224057e-01
    4.96424019e-01 4.99412507e-01 4.96383309e-01 4.92989004e-01
    4.98369157e-01 4.94167954e-01 4.88614053e-01 4.77261692e-01
    4.83780205e-01 4.90578502e-01 4.95266646e-01 4.91417885e-01
    5.03408492e-01 4.97557729e-01 5.05125046e-01 4.95743364e-01
    4.97893810e-01 5.09163678e-01 5.12898326e-01 5.19313216e-01
    5.23366094e-01 5.26659608e-01 5.27202249e-01 5.31477809e-01
    5.36621511e-01 5.35381079e-01 5.42530000e-01 5.39634168e-01
    5.48907459e-01 5.30661285e-01 5.31865060e-01 5.14224708e-01
    5.10045052e-01 4.99071091e-01 4.94385064e-01 4.94288504e-01
    4.97076958e-01 5.02138555e-01 4.87665653e-01 4.80357975e-01
    4.79980946e-01 4.86705452e-01 4.81238157e-01 4.76201594e-01
    4.78748679e-01 4.78149295e-01 4.95283842e-01 4.83884364e-01
    4.99043167e-01 5.03601670e-01 5.16017973e-01 5.21753907e-01
    5.21426141e-01 5.15230477e-01 5.10203838e-01 5.18260956e-01
    5.23369312e-01 5.19326150e-01 5.15289783e-01 5.23731053e-01
    5.17884612e-01 5.19973934e-01 5.16686678e-01 5.13834000e-01
    5.25246024e-01 5.28285682e-01 5.33011496e-01 5.33740699e-01
    5.27281284e-01 5.23909450e-01 5.29254973e-01 5.27613640e-01
    5.23319721e-01 5.25341451e-01 5.33616066e-01 5.39683163e-01
    5.35691619e-01 5.37584722e-01 5.32580733e-01 5.25511444e-01
    5.17866015e-01 5.09487092e-01 4.99704421e-01 4.94257569e-01
    4.90481168e-01 4.86759722e-01 4.82044339e-01 4.76732731e-01
    4.86709595e-01 4.92017895e-01 4.92964834e-01 4.88784939e-01
    4.81028199e-01 4.69782650e-01 4.73539323e-01 4.78632241e-01
    4.90129232e-01 4.98560429e-01 5.02121806e-01 4.95445460e-01
    4.97038990e-01 4.95651394e-01 4.99189228e-01 4.96439129e-01
    5.07382512e-01 5.00491679e-01 5.07895827e-01 5.08376658e-01
    5.06960332e-01 5.03263235e-01 5.11616528e-01 5.09906709e-01
    5.13104081e-01 5.16368926e-01 5.11080384e-01 5.09203911e-01
    5.26946783e-01 5.27877986e-01 5.23956239e-01 5.28943300e-01
    5.39226055e-01 5.35361707e-01 5.34390748e-01 5.23892760e-01
    5.17691851e-01 5.13499975e-01 5.26720464e-01 5.29081047e-01
    5.30689418e-01 5.25079668e-01 5.16747713e-01 5.14717042e-01
    5.15998125e-01 5.08574486e-01 5.15096426e-01 5.16138256e-01
    5.23188055e-01 5.20380020e-01 5.16061008e-01 5.18267393e-01
    5.13086498e-01 5.13006330e-01 5.11551619e-01 5.02048850e-01
    5.00770569e-01 4.99742419e-01 4.91958112e-01 4.86264139e-01
    4.82914865e-01 4.85389322e-01 4.85196084e-01 4.73596871e-01
    4.74382222e-01 4.62369025e-01 4.66311038e-01 4.67634678e-01
    4.62459236e-01 4.73977357e-01 4.82770026e-01 4.92576331e-01
    4.94021416e-01 4.91929024e-01 4.91088331e-01 4.96791065e-01
    5.00611305e-01 5.00134587e-01 4.99706507e-01 4.99839038e-01
    4.99801010e-01 5.01600981e-01 5.03260314e-01 4.99487966e-01
    4.97499138e-01 5.02527952e-01 4.95755285e-01 4.90892857e-01
    4.86685902e-01 4.79836285e-01 4.79521662e-01 4.79382426e-01
    4.77874994e-01 4.84582812e-01 4.86730278e-01 4.86441076e-01
    4.87760186e-01 4.80525672e-01 4.71437842e-01 4.81875420e-01
    4.80685890e-01 4.85234767e-01 4.77918357e-01 4.80592430e-01
    4.80445325e-01 4.77601618e-01 4.82794940e-01 4.86243874e-01
    4.86159474e-01 4.94362175e-01 4.88849103e-01 4.89575654e-01
    4.85950172e-01 4.83675897e-01 4.90991861e-01 5.01519859e-01
    4.87995386e-01 4.90425706e-01 4.85285550e-01 4.88153070e-01
    4.77851093e-01 4.84100431e-01 4.90935385e-01 4.95320499e-01
    4.98204529e-01 5.00557601e-01 5.01635075e-01 5.11836886e-01
    5.18224657e-01 5.23723722e-01 5.32626152e-01 5.37927091e-01
    5.39520681e-01 5.38980603e-01 5.37373662e-01 5.38935363e-01
    5.42564452e-01 5.54948330e-01 5.49556553e-01 5.52783310e-01
    5.20281971e-01 4.85987008e-01 4.53623146e-01 4.18651670e-01
    3.79806042e-01 3.46741468e-01 3.17138851e-01 2.78992355e-01
    2.48017743e-01 2.76829928e-01 3.07787359e-01 3.42724442e-01
    3.66419286e-01 3.94051522e-01 4.22021091e-01 4.48165953e-01
    4.78924960e-01 4.85670954e-01 4.94501978e-01 4.95862067e-01
    4.89961922e-01 4.87456053e-01 4.86640453e-01 4.81462389e-01
    4.95038331e-01 4.89624113e-01 4.96057153e-01 4.98230249e-01
    4.86093134e-01 4.91207600e-01 4.87641454e-01 4.81563061e-01
    4.86851633e-01 4.82175261e-01 4.77794319e-01 4.66486096e-01
    4.72389668e-01 4.83122557e-01 4.85657066e-01 4.82138127e-01
    4.92745876e-01 4.88356411e-01 4.96150881e-01 4.87394631e-01
    4.89437968e-01 5.01576781e-01 5.05488873e-01 5.13192534e-01
    5.21600604e-01 5.27230740e-01 5.27478039e-01 5.30356765e-01
    5.36152422e-01 5.33725917e-01 5.38589537e-01 5.37061036e-01
    5.46095908e-01 5.28647304e-01 5.31586885e-01 5.13982356e-01
    5.09467959e-01 4.96989340e-01 4.88822252e-01 4.87280726e-01
    4.89612401e-01 4.93260324e-01 4.78915483e-01 4.73271400e-01
    4.71855074e-01 4.78884548e-01 4.73616898e-01 4.66732442e-01
    4.71018165e-01 4.72688437e-01 4.91226971e-01 4.75065589e-01
    4.91567463e-01 4.98001069e-01 5.11161745e-01 5.19964278e-01
    5.21780729e-01 5.16491830e-01 5.10651112e-01 5.18782437e-01
    5.23231089e-01 5.21921337e-01 5.18224776e-01 5.26594043e-01
    5.24048328e-01 5.26611388e-01 5.23307621e-01 5.20050526e-01
    5.34531057e-01 5.36703765e-01 5.39312065e-01 5.43232143e-01
    5.35255730e-01 5.33857346e-01 5.35127401e-01 5.34699380e-01
    5.30910790e-01 5.32940507e-01 5.40181696e-01 5.46178460e-01
    5.39759874e-01 5.41787386e-01 5.36802888e-01 5.29317617e-01
    5.21121323e-01 5.12934506e-01 5.02655804e-01 5.00885665e-01
    4.95601714e-01 4.93275315e-01 4.85925615e-01 4.83254164e-01
    4.91464496e-01 4.95622307e-01 4.97289509e-01 4.92780149e-01
    4.86564875e-01 4.77097481e-01 4.80363160e-01 4.82106537e-01
    4.93215293e-01 5.01004279e-01 5.05112648e-01 5.01614988e-01
    5.03994346e-01 5.02008915e-01 5.04473209e-01 5.03333628e-01
    5.13921857e-01 5.07975399e-01 5.16424775e-01 5.18551767e-01
    5.15198231e-01 5.09552956e-01 5.20639956e-01 5.19103467e-01
    5.22352517e-01 5.22647977e-01 5.20368040e-01 5.18784225e-01
    5.33106625e-01 5.31163692e-01 5.30945718e-01 5.35590172e-01
    5.42405069e-01 5.37250578e-01 5.35719097e-01 5.25253892e-01
    5.20270407e-01 5.17881989e-01 5.30475497e-01 5.30369163e-01
    5.27943492e-01 5.24268031e-01 5.18886983e-01 5.16242087e-01
    5.16140103e-01 5.09817302e-01 5.14396429e-01 5.11911929e-01
    5.18435657e-01 5.17901361e-01 5.15108466e-01 5.15312910e-01
    5.08546889e-01 5.05868137e-01 5.02425969e-01 4.91745174e-01
    4.89354670e-01 4.88795817e-01 4.78594542e-01 4.71449077e-01
    4.67696965e-01 4.71969962e-01 4.72020388e-01 4.63588864e-01
    4.64238703e-01 4.52690274e-01 4.58434701e-01 4.57831830e-01
    4.56246346e-01 4.69193816e-01 4.76295888e-01 4.86725688e-01
    4.89219636e-01 4.88421410e-01 4.89492536e-01 4.96500582e-01
    5.00181198e-01 5.00178576e-01 4.96935874e-01 4.96284604e-01
    4.93501037e-01 4.96226341e-01 4.98249114e-01 4.91300166e-01
    4.89270747e-01 4.92994577e-01 4.84058321e-01 4.79647785e-01
    4.76934582e-01 4.72080112e-01 4.71089542e-01 4.71748829e-01
    4.74544525e-01 4.78954166e-01 4.81322527e-01 4.81240958e-01
    4.82546121e-01 4.77926075e-01 4.69012529e-01 4.77550209e-01
    4.79547650e-01 4.88478601e-01 4.80347842e-01 4.86144990e-01
    4.88108903e-01 4.87268060e-01 4.92344350e-01 4.93139267e-01
    4.93073016e-01 5.00335217e-01 4.99387473e-01 4.99760628e-01
    4.99929339e-01 4.99724835e-01 5.04753768e-01 5.17088771e-01
    5.02827048e-01 5.03939569e-01 4.97011572e-01 5.01251936e-01
    4.89370048e-01 4.93541062e-01 4.99215186e-01 5.02836823e-01
    5.06167948e-01 5.06601453e-01 5.03308177e-01 5.11302650e-01
    5.17207861e-01 5.19617200e-01 5.24798334e-01 5.30838013e-01
    5.29427946e-01 5.31653702e-01 5.32747507e-01 5.34838974e-01
    5.37347376e-01 5.51351607e-01 5.48775554e-01 5.47846735e-01
    5.15252411e-01 4.83605713e-01 4.52063918e-01 4.19607997e-01
    3.80834311e-01 3.47238928e-01 3.17677647e-01 2.81252682e-01
    2.57526934e-01 2.86668301e-01 3.17304224e-01 3.53676438e-01
    3.79626006e-01 4.05897081e-01 4.32214320e-01 4.57059234e-01
    4.85685796e-01 4.95314389e-01 5.04047573e-01 5.03294647e-01
    4.95456815e-01 4.92006719e-01 4.88433778e-01 4.82921571e-01
    4.97405946e-01 4.91226286e-01 4.96553510e-01 5.00544190e-01
    4.87524062e-01 4.90041971e-01 4.90234137e-01 4.85181600e-01
    4.92366225e-01 4.89612997e-01 4.84689325e-01 4.75425243e-01
    4.81872946e-01 4.92595375e-01 4.94548172e-01 4.91176039e-01
    5.02088547e-01 4.94170129e-01 5.04245937e-01 4.97624040e-01
    4.97870833e-01 5.07839143e-01 5.10807097e-01 5.16698658e-01
    5.26666641e-01 5.32305956e-01 5.33413768e-01 5.35357177e-01
    5.37853658e-01 5.33219635e-01 5.35202920e-01 5.34581661e-01
    5.44825077e-01 5.25155425e-01 5.29861629e-01 5.09332597e-01
    5.04722714e-01 4.94581908e-01 4.87983733e-01 4.86443609e-01
    4.86767739e-01 4.91168469e-01 4.79416937e-01 4.73052233e-01
    4.70492601e-01 4.76644218e-01 4.72007900e-01 4.65764105e-01
    4.71643627e-01 4.69327897e-01 4.88874227e-01 4.75772619e-01
    4.91685390e-01 4.99425679e-01 5.09857297e-01 5.18312514e-01
    5.22457719e-01 5.17552197e-01 5.08413434e-01 5.10517836e-01
    5.15760124e-01 5.17049551e-01 5.16740799e-01 5.24091899e-01
    5.22363603e-01 5.21439970e-01 5.19253373e-01 5.15103877e-01
    5.25509179e-01 5.28145075e-01 5.28784573e-01 5.30403852e-01
    5.21742821e-01 5.20581841e-01 5.22367835e-01 5.23273289e-01
    5.22895217e-01 5.25770962e-01 5.31223714e-01 5.35854399e-01
    5.31027019e-01 5.34431159e-01 5.32783508e-01 5.28574884e-01
    5.20791113e-01 5.14666975e-01 5.08296967e-01 5.06288826e-01
    5.04270613e-01 5.00298440e-01 4.91321295e-01 4.90798056e-01
    4.98216420e-01 5.00078976e-01 5.00154138e-01 4.96912628e-01
    4.90883708e-01 4.83980924e-01 4.85632271e-01 4.85569030e-01
    4.91528898e-01 4.98481691e-01 5.01742721e-01 4.97146308e-01
    5.00316978e-01 4.95141327e-01 5.00883579e-01 5.00616610e-01
    5.10913789e-01 5.03065884e-01 5.11669695e-01 5.13994813e-01
    5.11010885e-01 5.04460335e-01 5.15814006e-01 5.16260862e-01
    5.19784570e-01 5.21678925e-01 5.20287216e-01 5.19195437e-01
    5.31493723e-01 5.31191647e-01 5.34437180e-01 5.38196504e-01
    5.44995129e-01 5.38743198e-01 5.42583644e-01 5.33140421e-01
    5.28934002e-01 5.26688874e-01 5.36324084e-01 5.32413006e-01
    5.30442297e-01 5.27287304e-01 5.22674322e-01 5.19384146e-01
    5.21813154e-01 5.17233193e-01 5.19047976e-01 5.15217185e-01
    5.21765411e-01 5.19602478e-01 5.15430510e-01 5.14705360e-01
    5.10093808e-01 5.06929040e-01 5.00547171e-01 4.93798882e-01
    4.94375616e-01 4.90852356e-01 4.81089175e-01 4.77003843e-01
    4.74955976e-01 4.76454049e-01 4.75110680e-01 4.68280256e-01
    4.71431911e-01 4.58777308e-01 4.65872347e-01 4.66843814e-01
    4.63319659e-01 4.75903958e-01 4.80068535e-01 4.93940055e-01
    4.94305015e-01 4.95466083e-01 4.97413099e-01 5.04764557e-01
    5.07457495e-01 5.05934596e-01 5.00009954e-01 4.99077678e-01
    4.96743530e-01 4.97154295e-01 5.02346158e-01 4.96567309e-01
    4.94026750e-01 4.98377919e-01 4.88897055e-01 4.87785846e-01
    4.83388692e-01 4.80005652e-01 4.75432247e-01 4.76312250e-01
    4.81711149e-01 4.82586682e-01 4.86164927e-01 4.89029855e-01
    4.93300498e-01 4.85885948e-01 4.78286773e-01 4.86559570e-01
    4.87245500e-01 4.95471239e-01 4.85650897e-01 4.93361592e-01
    4.93886620e-01 4.93953466e-01 4.97499049e-01 5.00970662e-01
    4.99904901e-01 5.03840685e-01 5.05001247e-01 5.04203260e-01
    5.02384365e-01 4.99320954e-01 5.06794274e-01 5.17724633e-01
    5.04790068e-01 5.04262388e-01 4.97679412e-01 5.02229810e-01
    4.85294938e-01 4.89811897e-01 4.95353311e-01 5.01738846e-01
    5.01107335e-01 5.00980258e-01 4.99009162e-01 5.06108999e-01
    5.15300989e-01 5.18130124e-01 5.25923193e-01 5.28068185e-01
    5.26574910e-01 5.24421692e-01 5.27244449e-01 5.31692326e-01
    5.34725487e-01 5.49197793e-01 5.48162937e-01 5.47427952e-01
    5.13528526e-01 4.83724475e-01 4.53461409e-01 4.19996262e-01
    3.81988287e-01 3.45499545e-01 3.16940784e-01 2.78763175e-01
    2.60385692e-01 2.89826721e-01 3.20952326e-01 3.55073899e-01
    3.83485913e-01 4.10372823e-01 4.38880831e-01 4.63598430e-01
    4.92879272e-01 5.00907421e-01 5.09268761e-01 5.10116994e-01
    5.06356120e-01 5.01484096e-01 4.97973710e-01 4.91957068e-01
    5.08804858e-01 5.06220877e-01 5.13752818e-01 5.14837742e-01
    5.06801724e-01 5.06767273e-01 5.09259760e-01 5.00726640e-01
    5.09183347e-01 5.05072594e-01 5.01919866e-01 4.92292970e-01
    4.98467028e-01 5.09816468e-01 5.13524413e-01 5.07827044e-01
    5.16443908e-01 5.06386518e-01 5.12804270e-01 5.04087150e-01
    5.08550465e-01 5.12998939e-01 5.14100075e-01 5.19136190e-01
    5.31827211e-01 5.35656869e-01 5.38645089e-01 5.39589822e-01
    5.39525747e-01 5.34227967e-01 5.30801654e-01 5.26342094e-01
    5.39878964e-01 5.24162769e-01 5.28670549e-01 5.11233509e-01
    5.04787683e-01 4.94082242e-01 4.90146965e-01 4.90310490e-01
    4.88306761e-01 4.93144840e-01 4.80762124e-01 4.73699182e-01
    4.71495152e-01 4.78866935e-01 4.72267240e-01 4.68359977e-01
    4.76622760e-01 4.71562296e-01 4.86159265e-01 4.73507345e-01
    4.85810161e-01 4.93076593e-01 5.01315773e-01 5.09635150e-01
    5.14592290e-01 5.09262323e-01 4.97927457e-01 4.98839468e-01
    5.03294051e-01 5.02178073e-01 5.05079627e-01 5.14131963e-01
    5.14276147e-01 5.13104141e-01 5.11816978e-01 5.09283721e-01
    5.20911753e-01 5.24921894e-01 5.26889086e-01 5.28116405e-01
    5.19430459e-01 5.16902924e-01 5.20911515e-01 5.20647824e-01
    5.22362888e-01 5.25716126e-01 5.29677510e-01 5.29951692e-01
    5.27235627e-01 5.26505828e-01 5.27776182e-01 5.23861170e-01
    5.13941944e-01 5.05650222e-01 4.99657065e-01 4.98152733e-01
    4.96732235e-01 4.94347483e-01 4.86887813e-01 4.82790858e-01
    4.90080655e-01 4.91687775e-01 4.92830783e-01 4.92719978e-01
    4.90718603e-01 4.83667761e-01 4.88524824e-01 4.84990388e-01
    4.89336163e-01 5.01399994e-01 5.01580358e-01 4.97505158e-01
    5.01062274e-01 4.95257705e-01 5.00050485e-01 4.99927491e-01
    5.12865126e-01 5.06924570e-01 5.17418206e-01 5.20149350e-01
    5.15317321e-01 5.06568432e-01 5.17561853e-01 5.16458869e-01
    5.18988311e-01 5.21163762e-01 5.17905354e-01 5.17286837e-01
    5.28007329e-01 5.27167082e-01 5.31670570e-01 5.33282638e-01
    5.39715469e-01 5.35705328e-01 5.37539482e-01 5.26896656e-01
    5.22610307e-01 5.23053110e-01 5.32048404e-01 5.26710153e-01
    5.26758432e-01 5.23360789e-01 5.19455016e-01 5.14337599e-01
    5.21572590e-01 5.18720865e-01 5.21668077e-01 5.18481076e-01
    5.25338650e-01 5.22042751e-01 5.16111970e-01 5.18156350e-01
    5.16370654e-01 5.10672808e-01 5.05919874e-01 5.02611339e-01
    5.02823949e-01 4.98100579e-01 4.90764886e-01 4.84708965e-01
    4.82725024e-01 4.81437236e-01 4.82425719e-01 4.76261050e-01
    4.78718758e-01 4.68136340e-01 4.75780547e-01 4.77606893e-01
    4.71486330e-01 4.81906980e-01 4.88950014e-01 4.99845833e-01
    4.97543514e-01 4.97465283e-01 5.01158476e-01 5.08218467e-01
    5.13023555e-01 5.12006819e-01 5.07516980e-01 5.02503157e-01
    4.98003334e-01 4.98066068e-01 5.03005624e-01 4.97791559e-01
    4.93358701e-01 4.99636412e-01 4.91015285e-01 4.89598274e-01
    4.84205484e-01 4.79002804e-01 4.76291776e-01 4.76247281e-01
    4.83501017e-01 4.84231353e-01 4.89185333e-01 4.91577297e-01
    4.96775538e-01 4.90225732e-01 4.83549535e-01 4.89415944e-01
    4.87138927e-01 4.96293008e-01 4.88253444e-01 4.95859444e-01
    4.96539056e-01 4.99679059e-01 5.03445387e-01 5.08330107e-01
    5.05737364e-01 5.06237328e-01 5.05291224e-01 5.02617955e-01
    5.00405848e-01 4.95930046e-01 5.05707800e-01 5.13909817e-01
    5.03157496e-01 5.03710032e-01 4.93335873e-01 4.92998958e-01
    4.74229902e-01 4.78977650e-01 4.83511776e-01 4.90995169e-01
    4.87543911e-01 4.90699291e-01 4.91452336e-01 4.98443902e-01
    5.08568943e-01 5.10027647e-01 5.21189511e-01 5.21634221e-01
    5.23056030e-01 5.21206379e-01 5.25654495e-01 5.32963872e-01
    5.36467910e-01 5.50617456e-01 5.45821011e-01 5.46898723e-01
    5.13454318e-01 4.84889835e-01 4.52066869e-01 4.17426318e-01
    3.82010549e-01 3.45734149e-01 3.18379313e-01 2.78665721e-01
    2.60978907e-01 2.89124101e-01 3.18582177e-01 3.50115567e-01
    3.76226991e-01 4.02869999e-01 4.33407575e-01 4.55910504e-01
    4.86641854e-01 4.92283016e-01 4.97578472e-01 4.97482330e-01
    4.94302392e-01 4.91745979e-01 4.90513295e-01 4.86242354e-01
    4.98162031e-01 4.97072697e-01 5.04357815e-01 5.05952477e-01
    5.01880169e-01 5.05999744e-01 5.08062303e-01 4.98991132e-01
    5.07940054e-01 5.00696063e-01 5.00278592e-01 4.91921186e-01
    5.01303434e-01 5.11745393e-01 5.11997402e-01 5.04985332e-01
    5.14580667e-01 5.06613791e-01 5.09535253e-01 5.03697991e-01
    5.08399904e-01 5.10874093e-01 5.10510385e-01 5.15973985e-01
    5.28573930e-01 5.34558654e-01 5.37159443e-01 5.34996510e-01
    5.34495056e-01 5.27440786e-01 5.25181413e-01 5.21481812e-01
    5.35111487e-01 5.17559648e-01 5.21608949e-01 5.08525312e-01
    5.01436353e-01 4.90029544e-01 4.86586332e-01 4.84094888e-01
    4.83809233e-01 4.87775147e-01 4.74243999e-01 4.68477935e-01
    4.66919273e-01 4.74195957e-01 4.68361497e-01 4.65993524e-01
    4.74204093e-01 4.69537169e-01 4.86320317e-01 4.75994200e-01
    4.84989285e-01 4.92399693e-01 4.99614716e-01 5.07098317e-01
    5.12501121e-01 5.06563246e-01 4.94513541e-01 4.94346231e-01
    4.98675466e-01 4.98748422e-01 5.01465499e-01 5.11856437e-01
    5.12580633e-01 5.11255562e-01 5.09345651e-01 5.04748940e-01
    5.15757978e-01 5.19366443e-01 5.20717680e-01 5.23674190e-01
    5.13294101e-01 5.14210939e-01 5.18112183e-01 5.20354033e-01
    5.23041427e-01 5.26638985e-01 5.31337440e-01 5.31622648e-01
    5.28528035e-01 5.23397148e-01 5.24282277e-01 5.21333754e-01
    5.15497088e-01 5.06631553e-01 5.00654221e-01 4.97510046e-01
    4.95921254e-01 4.98516381e-01 4.88619447e-01 4.82577264e-01
    4.87175196e-01 4.90535527e-01 4.91354823e-01 4.89449233e-01
    4.88160729e-01 4.78537589e-01 4.85082805e-01 4.82443929e-01
    4.83948588e-01 4.95335758e-01 4.97944832e-01 4.92846936e-01
    4.97957230e-01 4.92878169e-01 4.94928956e-01 4.96153682e-01
    5.09043872e-01 5.03442049e-01 5.14683545e-01 5.15249610e-01
    5.12460411e-01 5.03216803e-01 5.13990939e-01 5.14372289e-01
    5.19140005e-01 5.23456097e-01 5.17090797e-01 5.14188886e-01
    5.27685583e-01 5.24748623e-01 5.31387031e-01 5.33287466e-01
    5.37487924e-01 5.32800734e-01 5.32839954e-01 5.19233644e-01
    5.15891135e-01 5.13347089e-01 5.20828485e-01 5.17646790e-01
    5.15050471e-01 5.09516120e-01 5.03849804e-01 5.01868904e-01
    5.08904278e-01 5.04216611e-01 5.09206533e-01 5.03665626e-01
    5.10426342e-01 5.07938564e-01 5.02485394e-01 5.05110979e-01
    5.05173206e-01 5.04016519e-01 5.01212418e-01 4.99653786e-01
    4.99834329e-01 4.94439214e-01 4.86567974e-01 4.84104574e-01
    4.81673777e-01 4.82909203e-01 4.84091401e-01 4.77501482e-01
    4.80400980e-01 4.72629935e-01 4.79567409e-01 4.85041916e-01
    4.82265770e-01 4.89432454e-01 4.95113611e-01 5.03587902e-01
    5.01493335e-01 4.99776214e-01 5.03542960e-01 5.08713663e-01
    5.12986720e-01 5.11511445e-01 5.03663778e-01 4.98925716e-01
    4.94749933e-01 4.96297568e-01 4.99842405e-01 4.99018610e-01
    4.93927747e-01 4.97214973e-01 4.92913991e-01 4.88821089e-01
    4.86964762e-01 4.83562946e-01 4.81737256e-01 4.83941019e-01
    4.93147254e-01 4.92131650e-01 4.97971147e-01 5.02363026e-01
    5.09195089e-01 5.05154550e-01 4.95573431e-01 4.98741090e-01
    4.93244380e-01 4.99270260e-01 4.90549058e-01 4.98385310e-01
    5.00756204e-01 5.02840817e-01 5.04324853e-01 5.07126689e-01
    5.02633750e-01 5.03962100e-01 5.03251493e-01 4.97451186e-01
    4.94255811e-01 4.88726407e-01 4.95925307e-01 5.05275071e-01
    4.98861879e-01 4.99078870e-01 4.89752829e-01 4.89247620e-01
    4.69044238e-01 4.73655611e-01 4.79009241e-01 4.86377329e-01
    4.83267337e-01 4.87022430e-01 4.87732798e-01 4.96014327e-01
    5.09232044e-01 5.10734439e-01 5.19554853e-01 5.20138562e-01
    5.23141026e-01 5.18732905e-01 5.23474753e-01 5.31757951e-01
    5.36072791e-01 5.49092591e-01 5.43652475e-01 5.43232799e-01
    5.10437489e-01 4.83770132e-01 4.51593339e-01 4.16493386e-01
    3.79984081e-01 3.42025787e-01 3.14578086e-01 2.77402908e-01
    2.56432384e-01 2.84765631e-01 3.13867480e-01 3.43797177e-01
    3.69156092e-01 3.97398293e-01 4.27447289e-01 4.48846668e-01
    4.78135943e-01 4.81418937e-01 4.85251606e-01 4.84518379e-01
    4.84850854e-01 4.85445529e-01 4.83732402e-01 4.81106043e-01
    4.92920280e-01 4.92847413e-01 5.00302851e-01 4.99596149e-01
    4.98239577e-01 5.02822518e-01 5.05212128e-01 4.96138781e-01
    5.09092629e-01 5.01533329e-01 5.03899872e-01 4.96026784e-01
    5.07657945e-01 5.16209364e-01 5.12747467e-01 5.07007837e-01
    5.14502168e-01 5.03938556e-01 5.07245541e-01 5.03024757e-01
    5.08770049e-01 5.10281980e-01 5.12467265e-01 5.17851293e-01
    5.30170083e-01 5.33320963e-01 5.39733231e-01 5.35805464e-01
    5.33605099e-01 5.23849368e-01 5.23579419e-01 5.23448348e-01
    5.36118686e-01 5.21178365e-01 5.27217209e-01 5.15676022e-01
    5.07274985e-01 4.96207297e-01 4.90406424e-01 4.85666633e-01
    4.83022332e-01 4.85814333e-01 4.73971456e-01 4.64361429e-01
    4.63613421e-01 4.71018821e-01 4.66144919e-01 4.63685513e-01
    4.70913649e-01 4.65797961e-01 4.80778962e-01 4.71540064e-01
    4.78992075e-01 4.87870872e-01 4.92967635e-01 5.01896262e-01
    5.07630885e-01 5.02647758e-01 4.93668824e-01 4.90446150e-01
    4.98574317e-01 4.96829182e-01 5.00214458e-01 5.14500380e-01
    5.13541758e-01 5.10596514e-01 5.09571970e-01 5.05802453e-01
    5.14924407e-01 5.15909731e-01 5.15201151e-01 5.22087395e-01
    5.12627661e-01 5.12825131e-01 5.17425239e-01 5.20309210e-01
    5.25860548e-01 5.27114868e-01 5.32243311e-01 5.33912361e-01
    5.27134955e-01 5.21830738e-01 5.23395300e-01 5.22871137e-01
    5.15424669e-01 5.09190619e-01 5.05410194e-01 5.01567900e-01
    5.00009596e-01 5.01483858e-01 4.93747652e-01 4.85334992e-01
    4.87333149e-01 4.88376409e-01 4.87576634e-01 4.89317328e-01
    4.86600995e-01 4.80200529e-01 4.87157762e-01 4.84286070e-01
    4.81966436e-01 4.94584739e-01 4.96991158e-01 4.92134005e-01
    4.96290594e-01 4.89156067e-01 4.89353120e-01 4.89444822e-01
    5.00269175e-01 4.97600853e-01 5.07160246e-01 5.08912086e-01
    5.03253162e-01 4.94354218e-01 5.03846109e-01 5.02776146e-01
    5.05374730e-01 5.10446310e-01 5.06019533e-01 5.03435373e-01
    5.18893480e-01 5.16646922e-01 5.25563896e-01 5.30337095e-01
    5.34399331e-01 5.32810211e-01 5.32216132e-01 5.20198643e-01
    5.17955005e-01 5.13705611e-01 5.21395087e-01 5.16526639e-01
    5.14392436e-01 5.11666536e-01 5.07791698e-01 5.04133105e-01
    5.09851158e-01 5.04276514e-01 5.09409964e-01 5.04696310e-01
    5.10453105e-01 5.04713714e-01 4.99522418e-01 5.02764583e-01
    5.03529251e-01 5.03529906e-01 5.02425313e-01 4.98094738e-01
    4.97663975e-01 4.92220014e-01 4.84708995e-01 4.80687141e-01
    4.76947427e-01 4.77812469e-01 4.75924164e-01 4.70920712e-01
    4.72449660e-01 4.65197742e-01 4.75917131e-01 4.81280446e-01
    4.75793570e-01 4.84641165e-01 4.91050631e-01 4.99288946e-01
    5.00336587e-01 4.98961836e-01 5.03920257e-01 5.06318092e-01
    5.11781991e-01 5.10572493e-01 5.03166378e-01 5.00651956e-01
    4.97702807e-01 4.98781234e-01 5.01975060e-01 4.98906493e-01
    4.91827220e-01 4.95774835e-01 4.88034308e-01 4.84817207e-01
    4.84462798e-01 4.80389535e-01 4.78416175e-01 4.81245309e-01
    4.93015796e-01 4.93469596e-01 4.99828249e-01 5.06588161e-01
    5.13866544e-01 5.08436263e-01 5.01870513e-01 5.07427633e-01
    5.03633559e-01 5.10654092e-01 4.98962164e-01 5.06803989e-01
    5.04952371e-01 5.03984928e-01 5.06611586e-01 5.11802793e-01
    5.07869780e-01 5.09171844e-01 5.07383525e-01 5.02675414e-01
    4.96298730e-01 4.91693020e-01 4.99916673e-01 5.03786922e-01
    4.95423675e-01 4.94674057e-01 4.88317341e-01 4.91101205e-01
    4.72848505e-01 4.77200836e-01 4.82100219e-01 4.87267971e-01
    4.83051479e-01 4.84638900e-01 4.85482872e-01 4.93514836e-01
    5.05856931e-01 5.09885132e-01 5.18991828e-01 5.20383120e-01
    5.22806108e-01 5.16953468e-01 5.21941960e-01 5.29138327e-01
    5.33195317e-01 5.46697259e-01 5.43183863e-01 5.45717120e-01
    5.13811707e-01 4.87243146e-01 4.55851167e-01 4.20442820e-01
    3.83653700e-01 3.45532328e-01 3.15834433e-01 2.76880115e-01
    2.57681519e-01 2.85835803e-01 3.15101713e-01 3.45941007e-01
    3.73074889e-01 4.00843263e-01 4.32305753e-01 4.54397976e-01
    4.85085040e-01 4.90306556e-01 4.92211640e-01 4.92475539e-01
    4.93145853e-01 4.90711361e-01 4.88449782e-01 4.84177172e-01
    4.97048229e-01 4.97812748e-01 5.06092429e-01 5.05989552e-01
    5.02511561e-01 5.04650354e-01 5.05167842e-01 4.96495962e-01
    5.07651806e-01 4.98660743e-01 5.02883673e-01 4.97487545e-01
    5.07677794e-01 5.13796151e-01 5.12704134e-01 5.07811010e-01
    5.17272711e-01 5.04374862e-01 5.05008042e-01 4.99540359e-01
    5.03136277e-01 5.04344404e-01 5.05701065e-01 5.13298810e-01
    5.20751297e-01 5.25767684e-01 5.34305871e-01 5.31410396e-01
    5.30093193e-01 5.18029630e-01 5.20378470e-01 5.18569350e-01
    5.29644310e-01 5.16086936e-01 5.23477376e-01 5.15574932e-01
    5.09754062e-01 4.99054760e-01 4.93919849e-01 4.88635033e-01
    4.85410511e-01 4.91734296e-01 4.81049567e-01 4.68587846e-01
    4.65521514e-01 4.73030776e-01 4.73660350e-01 4.70651031e-01
    4.79364604e-01 4.73351747e-01 4.84574616e-01 4.77834284e-01
    4.81007636e-01 4.87376601e-01 4.94681329e-01 5.03401816e-01
    5.11030018e-01 5.06906986e-01 4.97756958e-01 4.93588388e-01
    5.05119264e-01 5.04058003e-01 5.07660210e-01 5.18558741e-01
    5.18581748e-01 5.11307538e-01 5.12254655e-01 5.12710989e-01
    5.22209525e-01 5.23819864e-01 5.25368392e-01 5.30334353e-01
    5.22571504e-01 5.23295343e-01 5.27548254e-01 5.30054331e-01
    5.33922970e-01 5.32015324e-01 5.38889229e-01 5.39349020e-01
    5.33174276e-01 5.26789486e-01 5.31251192e-01 5.30659020e-01
    5.24133265e-01 5.16025960e-01 5.15630126e-01 5.10211885e-01
    5.06730139e-01 5.10200918e-01 5.02408981e-01 4.93978888e-01
    4.95626628e-01 4.99297231e-01 5.00942171e-01 5.00814140e-01
    5.00030816e-01 4.95157361e-01 5.03822803e-01 5.01484513e-01
    4.96166855e-01 5.04630923e-01 5.05342305e-01 4.96907890e-01
    5.03843009e-01 5.01531065e-01 4.98748690e-01 4.98607516e-01
    5.08081317e-01 5.05786002e-01 5.13746977e-01 5.11861503e-01
    5.06198347e-01 4.97297853e-01 5.02997518e-01 4.99459535e-01
    5.01747906e-01 5.08580983e-01 5.06424844e-01 5.08254349e-01
    5.23854852e-01 5.20562768e-01 5.25735497e-01 5.29682994e-01
    5.32978714e-01 5.30390680e-01 5.29780030e-01 5.17441094e-01
    5.17351687e-01 5.12138188e-01 5.17460942e-01 5.13885260e-01
    5.13078332e-01 5.07112086e-01 5.02841771e-01 4.97922093e-01
    4.99051839e-01 4.95215774e-01 4.96525288e-01 4.91850644e-01
    4.97972310e-01 4.93786544e-01 4.92822886e-01 4.96052682e-01
    4.96822417e-01 4.95817810e-01 4.96879011e-01 4.92750943e-01
    4.93782967e-01 4.88577724e-01 4.83093441e-01 4.78750527e-01
    4.76803988e-01 4.77396220e-01 4.76129681e-01 4.71399873e-01
    4.74411637e-01 4.67324525e-01 4.78701532e-01 4.84474033e-01
    4.81883526e-01 4.90199387e-01 4.94392604e-01 4.99184251e-01
    5.02119899e-01 4.99875218e-01 5.02444565e-01 5.06681740e-01
    5.11526346e-01 5.07326722e-01 5.00916719e-01 4.95905697e-01
    4.94324058e-01 4.97764617e-01 4.98459250e-01 4.94303644e-01
    4.85072434e-01 4.86484945e-01 4.79919493e-01 4.81381625e-01
    4.84695375e-01 4.81839031e-01 4.79446024e-01 4.85328466e-01
    4.95257527e-01 4.95392799e-01 5.03170669e-01 5.08044839e-01
    5.15953958e-01 5.11456490e-01 5.02370000e-01 5.11472583e-01
    5.06791413e-01 5.11653304e-01 5.01456797e-01 5.07319987e-01
    5.02648532e-01 5.01442492e-01 5.00815153e-01 5.05383372e-01
    5.01573384e-01 5.02411544e-01 5.02778232e-01 4.96923298e-01
    4.92845803e-01 4.84915048e-01 4.92011636e-01 4.96202826e-01
    4.88827437e-01 4.86819386e-01 4.84046787e-01 4.83772665e-01
    4.67511445e-01 4.71167296e-01 4.74321216e-01 4.79525417e-01
    4.74309415e-01 4.73948628e-01 4.75869060e-01 4.82997656e-01
    4.95689034e-01 5.00937879e-01 5.14102042e-01 5.14598608e-01
    5.18090367e-01 5.08895814e-01 5.17706513e-01 5.21493614e-01
    5.26912689e-01 5.39137483e-01 5.37426293e-01 5.38271129e-01
    5.06858110e-01 4.82389927e-01 4.52220708e-01 4.17130679e-01
    3.79685163e-01 3.42821211e-01 3.12279195e-01 2.72618026e-01
    2.63325691e-01 2.92143524e-01 3.22326899e-01 3.56301039e-01
    3.84449422e-01 4.10195440e-01 4.42703635e-01 4.65489239e-01
    4.96114403e-01 4.98371065e-01 5.02958953e-01 5.07141352e-01
    5.05419850e-01 5.02549171e-01 4.97395605e-01 4.92172152e-01
    5.03219545e-01 5.01646757e-01 5.11811435e-01 5.10329545e-01
    5.01992285e-01 5.04354894e-01 5.08304238e-01 4.98596221e-01
    5.07887304e-01 4.99553382e-01 5.06104171e-01 4.96642381e-01
    5.01623034e-01 5.08473456e-01 5.06768703e-01 5.04080594e-01
    5.14144897e-01 4.99689043e-01 5.01254201e-01 4.93385494e-01
    4.98464823e-01 5.01515687e-01 5.00859261e-01 5.05464911e-01
    5.14271617e-01 5.21877050e-01 5.31084955e-01 5.27965903e-01
    5.27825654e-01 5.19036174e-01 5.21932006e-01 5.19641817e-01
    5.28425872e-01 5.18345535e-01 5.26626348e-01 5.19519269e-01
    5.12622297e-01 5.02023697e-01 4.98574048e-01 4.95263457e-01
    4.92438018e-01 4.98102069e-01 4.86671299e-01 4.75553185e-01
    4.71644193e-01 4.77356344e-01 4.75086033e-01 4.69146430e-01
    4.76262867e-01 4.71815467e-01 4.77848917e-01 4.72486734e-01
    4.76523638e-01 4.84401971e-01 4.91026670e-01 4.99431580e-01
    5.06262004e-01 5.02478659e-01 4.91279334e-01 4.85489845e-01
    4.93368030e-01 4.94779497e-01 5.00387371e-01 5.15618563e-01
    5.18141210e-01 5.13002217e-01 5.12183964e-01 5.16107202e-01
    5.23730338e-01 5.23430407e-01 5.25291741e-01 5.30056536e-01
    5.20725727e-01 5.19507110e-01 5.24034083e-01 5.26529491e-01
    5.32092273e-01 5.31253695e-01 5.38369417e-01 5.40530086e-01
    5.34188628e-01 5.28719306e-01 5.33262610e-01 5.33567488e-01
    5.25093555e-01 5.16008675e-01 5.18888474e-01 5.10125875e-01
    5.06225228e-01 5.10743856e-01 5.03754556e-01 4.96706426e-01
    4.98645514e-01 5.01558006e-01 5.02624571e-01 4.97549981e-01
    4.94182110e-01 4.87892181e-01 4.95278597e-01 4.91542906e-01
    4.84965831e-01 4.96130526e-01 4.97455657e-01 4.88226295e-01
    4.98361200e-01 4.94383365e-01 4.87964034e-01 4.89818335e-01
    4.98695552e-01 4.96797681e-01 5.02616465e-01 4.99918908e-01
    4.97231394e-01 4.88962203e-01 4.93211299e-01 4.89344686e-01
    4.93712604e-01 5.00364184e-01 4.96457130e-01 4.99197960e-01
    5.11635244e-01 5.07348895e-01 5.12686193e-01 5.17660737e-01
    5.21421671e-01 5.19814968e-01 5.19241929e-01 5.09447932e-01
    5.10958731e-01 5.04939973e-01 5.07620096e-01 5.07127702e-01
    5.05544484e-01 4.95776027e-01 4.94538665e-01 4.91660476e-01
    4.93531346e-01 4.93156105e-01 4.94730175e-01 4.90817606e-01
    4.98418987e-01 4.91948932e-01 4.92813081e-01 4.95718926e-01
    4.94407117e-01 4.92101103e-01 4.95316088e-01 4.96101141e-01
    4.96772468e-01 4.91055995e-01 4.87456769e-01 4.81060117e-01
    4.76942480e-01 4.76986229e-01 4.76989031e-01 4.71475601e-01
    4.75358605e-01 4.70225394e-01 4.81745780e-01 4.82387304e-01
    4.79883730e-01 4.88993824e-01 4.93268758e-01 4.96038944e-01
    4.95254606e-01 4.91728038e-01 4.97304499e-01 5.04058957e-01
    5.10534942e-01 5.06605208e-01 5.03663957e-01 4.96144861e-01
    4.97819424e-01 4.98706430e-01 4.99992579e-01 4.98013973e-01
    4.90892500e-01 4.92183089e-01 4.86058474e-01 4.89754766e-01
    4.93722826e-01 4.95556921e-01 4.94200617e-01 4.99402434e-01
    5.05236149e-01 5.03530145e-01 5.09160101e-01 5.11935115e-01
    5.18786430e-01 5.12428343e-01 5.04283071e-01 5.10151088e-01
    5.05190611e-01 5.10706604e-01 5.04050434e-01 5.10364771e-01
    5.02827108e-01 5.02747297e-01 4.96089190e-01 4.98945326e-01
    4.94872183e-01 4.96706307e-01 4.98344392e-01 4.95022744e-01
    4.89312381e-01 4.82415617e-01 4.89004850e-01 4.96527076e-01
    4.90133107e-01 4.86918837e-01 4.85621572e-01 4.81353074e-01
    4.67417568e-01 4.73945498e-01 4.73779649e-01 4.83465195e-01
    4.76151526e-01 4.75733846e-01 4.77455348e-01 4.85107809e-01
    4.96424079e-01 5.02305329e-01 5.14403462e-01 5.13447881e-01
    5.15612185e-01 5.09041965e-01 5.18269718e-01 5.20780265e-01
    5.27572334e-01 5.38382769e-01 5.35479963e-01 5.39150357e-01
    5.06208301e-01 4.83798593e-01 4.53719020e-01 4.20503139e-01
    3.82169366e-01 3.45688403e-01 3.15864116e-01 2.77412891e-01
    2.64598072e-01 2.94691265e-01 3.24311852e-01 3.56357783e-01
    3.84817272e-01 4.09868926e-01 4.41002965e-01 4.63488132e-01
    4.95829850e-01 4.99154717e-01 5.06509244e-01 5.11291921e-01
    5.10128081e-01 5.07257104e-01 5.03543377e-01 5.02230406e-01
    5.10852277e-01 5.08453250e-01 5.16961336e-01 5.16500175e-01
    5.11270404e-01 5.11890829e-01 5.15132189e-01 5.04968882e-01
    5.13662577e-01 5.05740523e-01 5.11865616e-01 5.00567317e-01
    5.06132245e-01 5.11374831e-01 5.10415733e-01 5.03794253e-01
    5.10906458e-01 4.98787314e-01 5.00319302e-01 4.91375804e-01
    4.95456338e-01 4.97392803e-01 4.99581605e-01 5.05240500e-01
    5.13964176e-01 5.19518137e-01 5.25877297e-01 5.23188114e-01
    5.21574080e-01 5.13843417e-01 5.14532745e-01 5.12394488e-01
    5.18986583e-01 5.10802150e-01 5.18083632e-01 5.10687113e-01
    5.05047202e-01 4.98025686e-01 4.93946850e-01 4.87007946e-01
    4.87053096e-01 4.92519706e-01 4.83295470e-01 4.74190265e-01
    4.70384806e-01 4.76750135e-01 4.71802056e-01 4.68970895e-01
    4.76909846e-01 4.75989640e-01 4.79584813e-01 4.75896388e-01
    4.81747180e-01 4.89083111e-01 4.93835539e-01 5.03110766e-01
    5.13199449e-01 5.06674826e-01 4.98287320e-01 4.90387052e-01
    4.96716619e-01 4.98301804e-01 5.03494978e-01 5.19603729e-01
    5.20303369e-01 5.12400270e-01 5.11378109e-01 5.15840530e-01
    5.19942522e-01 5.19066691e-01 5.21284938e-01 5.22271931e-01
    5.13255060e-01 5.12834370e-01 5.15069664e-01 5.15012801e-01
    5.24315536e-01 5.21394491e-01 5.27145088e-01 5.30021369e-01
    5.25514066e-01 5.21416187e-01 5.29300988e-01 5.31193495e-01
    5.23703814e-01 5.16410589e-01 5.19222736e-01 5.12036800e-01
    5.10608494e-01 5.14240742e-01 5.05953968e-01 5.01217365e-01
    5.04591763e-01 5.07482886e-01 5.09372830e-01 5.07865012e-01
    5.05499601e-01 4.98320758e-01 5.05595028e-01 5.00285089e-01
    4.93211329e-01 5.04254401e-01 5.06479561e-01 4.97337282e-01
    5.04984856e-01 5.03879488e-01 4.99705434e-01 5.01515567e-01
    5.11218846e-01 5.09394884e-01 5.12823522e-01 5.10299683e-01
    5.05087793e-01 4.94128615e-01 4.95873362e-01 4.91284013e-01
    4.95498717e-01 5.00381827e-01 4.95213807e-01 4.97738421e-01
    5.08147955e-01 5.03879607e-01 5.06634891e-01 5.09106278e-01
    5.15414953e-01 5.14787257e-01 5.16041696e-01 5.07163346e-01
    5.09175003e-01 5.02474606e-01 5.06308377e-01 5.06913960e-01
    5.05239606e-01 4.93139833e-01 4.91630405e-01 4.88622874e-01
    4.90306884e-01 4.91065085e-01 4.92658675e-01 4.90684748e-01
    4.99068588e-01 4.90584910e-01 4.89124984e-01 4.91141021e-01
    4.89532351e-01 4.88903522e-01 4.93382841e-01 4.95784700e-01
    4.98512417e-01 4.95075583e-01 4.94253308e-01 4.90210861e-01
    4.85576719e-01 4.84574914e-01 4.83462662e-01 4.77699995e-01
    4.80875194e-01 4.75727260e-01 4.87100452e-01 4.88038689e-01
    4.86169487e-01 4.96250808e-01 4.99195993e-01 5.00601947e-01
    4.99501884e-01 4.98159647e-01 4.99671966e-01 5.08368254e-01
    5.15067160e-01 5.12969434e-01 5.09747207e-01 5.05619705e-01
    5.08032918e-01 5.04971981e-01 5.04523039e-01 4.99973714e-01
    4.95875627e-01 4.97408628e-01 4.88890350e-01 4.90369320e-01
    4.94203329e-01 4.91984457e-01 4.89960998e-01 4.94565934e-01
    4.96381372e-01 4.91210938e-01 4.94008601e-01 4.97753054e-01
    5.01157582e-01 4.95802909e-01 4.90142733e-01 4.96404499e-01
    4.93538499e-01 4.94999707e-01 4.89051819e-01 4.99578178e-01
    4.97173607e-01 4.99264866e-01 4.98893797e-01 4.96628970e-01
    4.94651586e-01 4.99229521e-01 5.03832936e-01 5.05119205e-01
    4.98086125e-01 4.93795365e-01 5.00610948e-01 5.07206082e-01
    5.01628697e-01 4.97373044e-01 4.98457760e-01 4.91857320e-01
    4.77239668e-01 4.82204318e-01 4.81833160e-01 4.85723943e-01
    4.81657892e-01 4.82887894e-01 4.82221544e-01 4.89113331e-01
    4.96712327e-01 5.04762769e-01 5.16261995e-01 5.15990555e-01
    5.16046286e-01 5.09159029e-01 5.18932343e-01 5.18206179e-01
    5.24803221e-01 5.32724500e-01 5.31850457e-01 5.31156898e-01
    5.00829518e-01 4.78179067e-01 4.47275013e-01 4.15107369e-01
    3.76196206e-01 3.40474039e-01 3.09011668e-01 2.70269036e-01
    2.64322042e-01 2.94300795e-01 3.25672925e-01 3.57682526e-01
    3.87139946e-01 4.11798358e-01 4.43867683e-01 4.66571450e-01
    5.01161933e-01 5.02937794e-01 5.10874152e-01 5.15169024e-01
    5.13123572e-01 5.08788228e-01 5.04268348e-01 5.03076673e-01
    5.11482537e-01 5.05277812e-01 5.11988103e-01 5.10502517e-01
    5.04538238e-01 5.02829373e-01 5.04342675e-01 4.94062394e-01
    5.01867533e-01 4.93611485e-01 5.01479030e-01 4.88162339e-01
    4.92943823e-01 4.98191804e-01 4.99258459e-01 4.93640214e-01
    5.00932813e-01 4.88028377e-01 4.92031097e-01 4.85528737e-01
    4.88513857e-01 4.92080897e-01 4.93559569e-01 5.01859903e-01
    5.10223150e-01 5.13536394e-01 5.17005682e-01 5.14141679e-01
    5.13800442e-01 5.04092455e-01 5.06363809e-01 5.04151940e-01
    5.09014666e-01 5.01650453e-01 5.10447443e-01 5.02749979e-01
    4.97758240e-01 4.91831273e-01 4.84695762e-01 4.80960459e-01
    4.82572854e-01 4.86748904e-01 4.82108653e-01 4.72855419e-01
    4.70258802e-01 4.76615876e-01 4.75237340e-01 4.73271340e-01
    4.82899785e-01 4.80760664e-01 4.82376873e-01 4.78673846e-01
    4.81837153e-01 4.86332148e-01 4.89374101e-01 5.00509739e-01
    5.12105167e-01 5.02156138e-01 4.95770156e-01 4.86036688e-01
    4.93008643e-01 4.91585970e-01 4.97436851e-01 5.11537850e-01
    5.09476781e-01 5.02433896e-01 5.00825822e-01 5.05397320e-01
    5.10624409e-01 5.11147261e-01 5.16193628e-01 5.17552912e-01
    5.09814441e-01 5.08662283e-01 5.10443211e-01 5.09245276e-01
    5.18435597e-01 5.14242351e-01 5.22442520e-01 5.22670269e-01
    5.19197822e-01 5.17746925e-01 5.22247970e-01 5.25931060e-01
    5.18955112e-01 5.12272060e-01 5.16753256e-01 5.07358909e-01
    5.04711986e-01 5.07986069e-01 4.99232113e-01 4.99312341e-01
    5.00759602e-01 5.05222380e-01 5.08218586e-01 5.05295634e-01
    5.07400215e-01 5.01575768e-01 5.07392645e-01 5.02818227e-01
    4.94769067e-01 5.06445527e-01 5.09397447e-01 5.01696765e-01
    5.09833932e-01 5.10352492e-01 5.03457427e-01 5.06002486e-01
    5.13520241e-01 5.16527295e-01 5.19022167e-01 5.20099342e-01
    5.16502380e-01 5.01776278e-01 5.03630280e-01 5.02553403e-01
    5.06445110e-01 5.12638986e-01 5.03983080e-01 5.05547285e-01
    5.15383303e-01 5.10262012e-01 5.16139090e-01 5.21271110e-01
    5.25745869e-01 5.23430943e-01 5.23581028e-01 5.15138388e-01
    5.13717055e-01 5.07663667e-01 5.14082670e-01 5.15160978e-01
    5.13293624e-01 5.03474772e-01 4.99926567e-01 5.01564562e-01
    5.04986227e-01 5.02700269e-01 5.03275275e-01 4.99533892e-01
    5.06709456e-01 4.97380614e-01 4.94874746e-01 4.93933558e-01
    4.88545418e-01 4.91080314e-01 4.93961602e-01 4.96699274e-01
    4.95940059e-01 4.89063829e-01 4.89228189e-01 4.87660587e-01
    4.82075870e-01 4.80012953e-01 4.82025862e-01 4.78109121e-01
    4.79733020e-01 4.74568218e-01 4.87802207e-01 4.89709198e-01
    4.88550186e-01 5.00744224e-01 5.02034903e-01 5.01410007e-01
    5.01430094e-01 4.99630183e-01 5.01463413e-01 5.07446766e-01
    5.11998057e-01 5.10582864e-01 5.06876647e-01 5.01140177e-01
    5.02696753e-01 5.02191663e-01 5.02933323e-01 4.99925196e-01
    4.98151362e-01 4.97315019e-01 4.89386886e-01 4.89282519e-01
    4.94597167e-01 4.92649227e-01 4.93821740e-01 4.97618347e-01
    5.01571894e-01 4.99155283e-01 5.01501322e-01 5.06528080e-01
    5.09100437e-01 5.06122470e-01 4.98014063e-01 5.00756323e-01
    4.95453835e-01 4.93943006e-01 4.93511319e-01 5.02527833e-01
    5.00815570e-01 5.03380060e-01 4.98327672e-01 4.93511051e-01
    4.91832376e-01 4.93930995e-01 4.96302307e-01 4.94783282e-01
    4.88124102e-01 4.82982248e-01 4.89393979e-01 4.96901602e-01
    4.94567961e-01 4.91505027e-01 4.95060831e-01 4.82712090e-01
    4.68394995e-01 4.74337548e-01 4.73954171e-01 4.82038856e-01
    4.80048090e-01 4.84144688e-01 4.83773500e-01 4.92528290e-01
    4.99387085e-01 5.07050335e-01 5.19302487e-01 5.18482685e-01
    5.19293010e-01 5.13125122e-01 5.19999444e-01 5.19527733e-01
    5.29601395e-01 5.36695719e-01 5.32929420e-01 5.32496035e-01
    5.00226915e-01 4.76989180e-01 4.44237977e-01 4.12461609e-01
    3.73320013e-01 3.39855820e-01 3.06716144e-01 2.68832892e-01
    2.64576554e-01 2.92567939e-01 3.25395435e-01 3.57494503e-01
    3.87092739e-01 4.13001835e-01 4.47449863e-01 4.69961375e-01
    5.02674043e-01 5.06126046e-01 5.12756228e-01 5.17184973e-01
    5.13453603e-01 5.07508516e-01 5.04769802e-01 5.06819606e-01
    5.16714811e-01 5.09170830e-01 5.16242743e-01 5.15687704e-01
    5.09689331e-01 5.08820534e-01 5.08901477e-01 4.93313819e-01
    5.02101898e-01 4.94838774e-01 5.02275646e-01 4.90356684e-01
    4.92620140e-01 5.00726879e-01 5.02478719e-01 4.96443838e-01
    5.05181432e-01 4.91400450e-01 4.97479349e-01 4.94850397e-01
    4.95003641e-01 4.98316318e-01 4.99889761e-01 5.07174373e-01
    5.18005311e-01 5.18742919e-01 5.25847077e-01 5.21311581e-01
    5.18543363e-01 5.10100961e-01 5.08462012e-01 5.04853368e-01
    5.08542240e-01 4.98354375e-01 5.08762777e-01 5.01766682e-01
    4.95899737e-01 4.90267426e-01 4.82482582e-01 4.80204016e-01
    4.85866219e-01 4.89365369e-01 4.86292958e-01 4.73568797e-01
    4.71382260e-01 4.78368402e-01 4.74803299e-01 4.71987993e-01
    4.82641280e-01 4.77360934e-01 4.79082286e-01 4.73571360e-01
    4.75243002e-01 4.77602720e-01 4.82417673e-01 4.94443774e-01
    5.03098428e-01 4.91619110e-01 4.84858274e-01 4.76135731e-01
    4.83402550e-01 4.84415233e-01 4.90708977e-01 5.07614732e-01
    5.10454416e-01 5.00942767e-01 5.03537536e-01 5.07236063e-01
    5.10516763e-01 5.11189044e-01 5.15246391e-01 5.13391256e-01
    5.03605545e-01 5.05135834e-01 5.04801452e-01 5.05606234e-01
    5.15148342e-01 5.10773480e-01 5.18685520e-01 5.22454977e-01
    5.15440881e-01 5.12109220e-01 5.17251968e-01 5.21163762e-01
    5.15317976e-01 5.12179971e-01 5.14340937e-01 5.06767869e-01
    5.07285833e-01 5.11212289e-01 5.00495493e-01 5.01129270e-01
    5.00794053e-01 5.04085064e-01 5.10329485e-01 5.04658461e-01
    5.07089972e-01 5.01830220e-01 5.08826733e-01 5.04607260e-01
    4.94403958e-01 5.03176510e-01 5.03169060e-01 4.98421460e-01
    5.04996777e-01 5.04793346e-01 5.00125527e-01 5.04052162e-01
    5.12675583e-01 5.17557859e-01 5.17816901e-01 5.18679142e-01
    5.17826259e-01 4.99110341e-01 5.00632048e-01 4.97829318e-01
    5.03932297e-01 5.10604143e-01 5.06399751e-01 5.11738539e-01
    5.21598577e-01 5.19526541e-01 5.24645030e-01 5.30903220e-01
    5.34791172e-01 5.31988144e-01 5.29081106e-01 5.22918761e-01
    5.19857824e-01 5.12037992e-01 5.19933105e-01 5.23772359e-01
    5.23140490e-01 5.11853874e-01 5.07387161e-01 5.07492840e-01
    5.09695888e-01 5.09041309e-01 5.05349696e-01 5.02708912e-01
    5.08280993e-01 4.95849192e-01 4.90381598e-01 4.91509944e-01
    4.85380024e-01 4.88180310e-01 4.93845791e-01 4.94851857e-01
    4.91866678e-01 4.85467672e-01 4.86136973e-01 4.85833287e-01
    4.79697764e-01 4.76585984e-01 4.73981887e-01 4.71191734e-01
    4.71372187e-01 4.65318054e-01 4.80552852e-01 4.85502034e-01
    4.84423190e-01 4.97404426e-01 4.96568441e-01 4.93813902e-01
    4.94861841e-01 4.92027819e-01 4.90795434e-01 4.94928509e-01
    4.99531239e-01 5.00472844e-01 4.97676402e-01 4.95379448e-01
    4.98782516e-01 4.99989331e-01 5.01447797e-01 4.98414665e-01
    4.95973796e-01 4.94636744e-01 4.87220138e-01 4.88529950e-01
    4.94290918e-01 4.94980574e-01 4.98396963e-01 5.03117144e-01
    5.08119226e-01 5.05403042e-01 5.06282151e-01 5.12055039e-01
    5.15029311e-01 5.12461841e-01 5.04738927e-01 5.06997466e-01
    5.00504911e-01 5.00065625e-01 5.00236213e-01 5.06256580e-01
    5.03284872e-01 5.05637467e-01 4.97511595e-01 4.91170496e-01
    4.92032439e-01 4.94207770e-01 4.94785190e-01 4.92716610e-01
    4.84803498e-01 4.76038098e-01 4.82350647e-01 4.89655375e-01
    4.87427950e-01 4.86766964e-01 4.90602255e-01 4.79134560e-01
    4.68061775e-01 4.74361002e-01 4.76386130e-01 4.84874159e-01
    4.86116976e-01 4.89572823e-01 4.89389002e-01 4.97745752e-01
    5.03156722e-01 5.10125995e-01 5.23598671e-01 5.21354735e-01
    5.20203412e-01 5.15024424e-01 5.22421122e-01 5.20035267e-01
    5.28790355e-01 5.34380615e-01 5.33389747e-01 5.29833734e-01
    4.98540670e-01 4.73646611e-01 4.39889967e-01 4.07715797e-01
    3.71022135e-01 3.38866293e-01 3.06198925e-01 2.69445509e-01
    2.67586261e-01 2.94504613e-01 3.27879488e-01 3.60064298e-01
    3.90860468e-01 4.15853560e-01 4.52157319e-01 4.77157354e-01
    5.08990526e-01 5.09411454e-01 5.15902579e-01 5.17915547e-01
    5.17912328e-01 5.09051144e-01 5.02387583e-01 5.03009379e-01
    5.15859306e-01 5.07116199e-01 5.12988150e-01 5.13326883e-01
    5.06667852e-01 5.05928814e-01 5.08608401e-01 4.91510093e-01
    4.96881425e-01 4.91559327e-01 4.98483956e-01 4.90254760e-01
    4.92446572e-01 4.98664767e-01 5.01555145e-01 5.01653731e-01
    5.11233091e-01 4.97120321e-01 5.05444825e-01 5.05054832e-01
    5.02997339e-01 5.05530596e-01 5.05152345e-01 5.11117637e-01
    5.23131728e-01 5.23175597e-01 5.29347539e-01 5.24071157e-01
    5.21062911e-01 5.14647961e-01 5.10731161e-01 5.07285178e-01
    5.07736742e-01 4.99072254e-01 5.08671761e-01 4.99326289e-01
    4.92502272e-01 4.88973826e-01 4.80928689e-01 4.76836413e-01
    4.79057223e-01 4.79892313e-01 4.78647560e-01 4.67097759e-01
    4.66244727e-01 4.69698876e-01 4.67453837e-01 4.65930611e-01
    4.77858573e-01 4.71783876e-01 4.73005235e-01 4.68317211e-01
    4.70039546e-01 4.74486500e-01 4.78696942e-01 4.92860377e-01
    5.02852499e-01 4.96301949e-01 4.89545554e-01 4.80653226e-01
    4.88772482e-01 4.89533991e-01 4.97404844e-01 5.10576606e-01
    5.12101829e-01 5.00184953e-01 5.01382113e-01 5.01921296e-01
    5.04183888e-01 5.05444169e-01 5.07514656e-01 5.05901277e-01
    4.94122505e-01 4.98831630e-01 4.97885585e-01 5.01669526e-01
    5.13087392e-01 5.06824970e-01 5.17520249e-01 5.21368265e-01
    5.16057730e-01 5.15812516e-01 5.26028454e-01 5.34676909e-01
    5.30858517e-01 5.24596632e-01 5.25768101e-01 5.17929316e-01
    5.16913772e-01 5.21729171e-01 5.11667669e-01 5.12321413e-01
    5.11640310e-01 5.14291406e-01 5.21329701e-01 5.12652457e-01
    5.16288519e-01 5.12608051e-01 5.19918442e-01 5.12815595e-01
    4.99277264e-01 5.05174041e-01 5.08173883e-01 5.04963994e-01
    5.13132691e-01 5.12092769e-01 5.09954751e-01 5.14042675e-01
    5.19751251e-01 5.23108244e-01 5.22277534e-01 5.22273839e-01
    5.21530569e-01 5.03722012e-01 5.03367424e-01 4.99820977e-01
    5.04825830e-01 5.11495471e-01 5.10522485e-01 5.14300883e-01
    5.24675369e-01 5.19581556e-01 5.25485337e-01 5.31792998e-01
    5.33623695e-01 5.32156885e-01 5.29116392e-01 5.23533702e-01
    5.19183517e-01 5.10966182e-01 5.16735017e-01 5.18754303e-01
    5.18957913e-01 5.06573558e-01 5.04192233e-01 5.05271137e-01
    5.08727193e-01 5.04300296e-01 5.04398525e-01 5.00724554e-01
    5.04248798e-01 4.93623793e-01 4.88171726e-01 4.87401158e-01
    4.79989350e-01 4.84547138e-01 4.90802974e-01 4.91257071e-01
    4.90019113e-01 4.83106971e-01 4.86770183e-01 4.86224622e-01
    4.79396462e-01 4.76226687e-01 4.78381604e-01 4.76653159e-01
    4.81322736e-01 4.73385930e-01 4.83643651e-01 4.88645196e-01
    4.90497172e-01 5.04374206e-01 5.01718879e-01 5.00416100e-01
    4.99356419e-01 4.97539371e-01 4.96670693e-01 5.00853598e-01
    5.03349900e-01 5.03150582e-01 5.02080441e-01 4.97144043e-01
    4.97490585e-01 4.95044827e-01 4.98222113e-01 4.95213121e-01
    4.90244001e-01 4.89579588e-01 4.80423272e-01 4.82220173e-01
    4.87604827e-01 4.91076171e-01 4.91642654e-01 4.96158838e-01
    4.97697800e-01 4.96376663e-01 4.98770624e-01 5.02994537e-01
    5.07686496e-01 5.06892085e-01 5.00640571e-01 5.02638042e-01
    4.98717785e-01 5.00636220e-01 5.01245439e-01 5.09908020e-01
    5.05419254e-01 5.05646944e-01 4.98102933e-01 4.96493787e-01
    4.96888787e-01 4.99800205e-01 4.98767436e-01 4.97665673e-01
    4.91742551e-01 4.82534498e-01 4.87757623e-01 4.95038182e-01
    4.96230215e-01 4.95391518e-01 4.99105126e-01 4.84940767e-01
    4.73655403e-01 4.81302828e-01 4.83222336e-01 4.92135644e-01
    4.91260439e-01 4.92602468e-01 4.92859870e-01 5.04053593e-01
    5.04840493e-01 5.07347941e-01 5.19886374e-01 5.17198205e-01
    5.15400589e-01 5.07604122e-01 5.15396893e-01 5.13989627e-01
    5.26050448e-01 5.27970195e-01 5.26514709e-01 5.22827983e-01
    4.90026593e-01 4.65032369e-01 4.33003455e-01 4.02028203e-01
    3.63829643e-01 3.34239274e-01 3.03658962e-01 2.66819805e-01
    2.70734459e-01 2.95120955e-01 3.27966154e-01 3.57491493e-01
    3.88155252e-01 4.13677275e-01 4.48798478e-01 4.74195927e-01
    5.05562365e-01 5.06470382e-01 5.11796176e-01 5.15645564e-01
    5.11968017e-01 5.06276011e-01 4.98330295e-01 5.02301037e-01
    5.12296677e-01 5.03756225e-01 5.10095775e-01 5.10243237e-01
    5.08764505e-01 5.09687901e-01 5.09975195e-01 4.93575782e-01
    4.97915357e-01 4.93602395e-01 5.00973761e-01 4.93595183e-01
    4.92805123e-01 4.99189824e-01 4.98007804e-01 4.99842346e-01
    5.09188950e-01 4.94345516e-01 5.02558172e-01 5.05496979e-01
    5.04361868e-01 5.04534245e-01 5.03204584e-01 5.14245331e-01
    5.25583446e-01 5.24610937e-01 5.28738976e-01 5.24476767e-01
    5.20771384e-01 5.15568078e-01 5.14450133e-01 5.13351679e-01
    5.13149142e-01 5.05062163e-01 5.18795073e-01 5.09173572e-01
    5.01731396e-01 4.97786254e-01 4.90818888e-01 4.85673666e-01
    4.82566208e-01 4.82626557e-01 4.82169777e-01 4.72139716e-01
    4.68503922e-01 4.71837014e-01 4.73713130e-01 4.69948262e-01
    4.79844183e-01 4.74207133e-01 4.73415554e-01 4.65002418e-01
    4.65165228e-01 4.67056602e-01 4.70481932e-01 4.83320594e-01
    4.94173110e-01 4.86991972e-01 4.82469976e-01 4.73803461e-01
    4.79413629e-01 4.79120284e-01 4.88039762e-01 4.95088100e-01
    4.96831834e-01 4.86568272e-01 4.86093611e-01 4.88102466e-01
    4.90998775e-01 4.96045828e-01 5.00187039e-01 4.98754352e-01
    4.87010807e-01 4.92825091e-01 4.96599346e-01 5.01278043e-01
    5.12920499e-01 5.10086000e-01 5.19193351e-01 5.22747695e-01
    5.20183027e-01 5.20772696e-01 5.32130837e-01 5.41620672e-01
    5.37970781e-01 5.33081770e-01 5.33505082e-01 5.23869216e-01
    5.20934165e-01 5.26820421e-01 5.15241027e-01 5.12534559e-01
    5.09761572e-01 5.13333321e-01 5.17404795e-01 5.12002289e-01
    5.12570322e-01 5.08719981e-01 5.18647075e-01 5.11021733e-01
    4.98564392e-01 5.04400194e-01 5.06070316e-01 4.99520540e-01
    5.07620335e-01 5.09515524e-01 5.08231997e-01 5.11606932e-01
    5.18475771e-01 5.25804102e-01 5.25324523e-01 5.26132107e-01
    5.24665296e-01 5.09977400e-01 5.10477424e-01 5.05389392e-01
    5.08403420e-01 5.13777077e-01 5.11191189e-01 5.14333308e-01
    5.25799811e-01 5.21409929e-01 5.25180280e-01 5.29511571e-01
    5.31136811e-01 5.29430985e-01 5.23832142e-01 5.17561376e-01
    5.14507473e-01 5.06257892e-01 5.10240376e-01 5.10051012e-01
    5.10724843e-01 5.02300620e-01 5.01960278e-01 5.04016221e-01
    5.08856475e-01 5.06108522e-01 5.09725451e-01 5.08257151e-01
    5.09699821e-01 5.00854731e-01 4.96454567e-01 4.97182906e-01
    4.88583893e-01 4.94502723e-01 5.01215100e-01 5.04018366e-01
    5.04311383e-01 4.95969772e-01 4.97918785e-01 4.95241970e-01
    4.88866150e-01 4.83307570e-01 4.83957142e-01 4.79867846e-01
    4.82227027e-01 4.75214750e-01 4.84470069e-01 4.89973038e-01
    4.91189748e-01 5.03958225e-01 5.00943184e-01 4.98152822e-01
    4.92722273e-01 4.90423054e-01 4.89484698e-01 4.92243350e-01
    4.95521963e-01 4.96120900e-01 4.94910210e-01 4.87327099e-01
    4.89358306e-01 4.89319801e-01 4.92795855e-01 4.88511771e-01
    4.82893497e-01 4.81323153e-01 4.75376874e-01 4.73579675e-01
    4.79158431e-01 4.84222323e-01 4.88044471e-01 4.95418549e-01
    4.97965217e-01 4.93674576e-01 4.96170253e-01 5.03166854e-01
    5.09861827e-01 5.09661376e-01 5.03561437e-01 5.05375624e-01
    5.01678348e-01 5.05087793e-01 5.04691124e-01 5.12495756e-01
    5.09928226e-01 5.11306643e-01 5.04924893e-01 5.02024233e-01
    5.01299143e-01 5.04591167e-01 5.07402301e-01 5.04189789e-01
    4.98118401e-01 4.91993099e-01 4.94983375e-01 5.01510143e-01
    5.04800975e-01 5.06226718e-01 5.07727981e-01 4.95462835e-01
    4.85956222e-01 4.92293298e-01 4.96155292e-01 5.04854918e-01
    5.03004313e-01 5.05581617e-01 5.05953789e-01 5.13209224e-01
    5.12407184e-01 5.12395263e-01 5.24291515e-01 5.21906137e-01
    5.20960987e-01 5.11840820e-01 5.19385934e-01 5.19753516e-01
    5.29603183e-01 5.29802322e-01 5.29713094e-01 5.22722542e-01
    4.90261286e-01 4.65215564e-01 4.30734038e-01 3.98702979e-01
    3.63140434e-01 3.35268259e-01 3.06449831e-01 2.67796457e-01
    2.80683011e-01 3.04522306e-01 3.37393463e-01 3.68391603e-01
    3.99673671e-01 4.26381558e-01 4.60953861e-01 4.84076142e-01
    5.17020464e-01 5.21649301e-01 5.25214732e-01 5.27157187e-01
    5.23685634e-01 5.16725242e-01 5.07518053e-01 5.10619700e-01
    5.18749952e-01 5.10233581e-01 5.15433609e-01 5.16946256e-01
    5.12507915e-01 5.14028668e-01 5.13696432e-01 5.00045419e-01
    5.07867098e-01 5.03982365e-01 5.07706761e-01 4.99347776e-01
    4.96445894e-01 5.02701938e-01 5.01802742e-01 5.02539456e-01
    5.09215355e-01 4.93209630e-01 4.98702943e-01 5.03362715e-01
    5.01298010e-01 5.00744700e-01 4.96761829e-01 5.06724060e-01
    5.17908990e-01 5.17014742e-01 5.20402372e-01 5.17597616e-01
    5.14858842e-01 5.12770236e-01 5.11051655e-01 5.10939419e-01
    5.12588918e-01 5.05142808e-01 5.20195723e-01 5.15934765e-01
    5.08918703e-01 5.04707694e-01 5.00867903e-01 4.95187074e-01
    4.90604818e-01 4.87737179e-01 4.87491190e-01 4.73029554e-01
    4.69531834e-01 4.68634248e-01 4.66629982e-01 4.66117412e-01
    4.74487931e-01 4.69338745e-01 4.69179481e-01 4.62127984e-01
    4.57036138e-01 4.58664626e-01 4.59965378e-01 4.71175462e-01
    4.85213429e-01 4.81314987e-01 4.78147000e-01 4.70662326e-01
    4.78199452e-01 4.78607237e-01 4.91484284e-01 4.99068230e-01
    4.97380912e-01 4.86052036e-01 4.84056234e-01 4.86850291e-01
    4.86613214e-01 4.91929322e-01 4.97618884e-01 5.00139534e-01
    4.89884704e-01 4.93605793e-01 4.97024029e-01 5.03119826e-01
    5.10296941e-01 5.06737530e-01 5.15947402e-01 5.20760000e-01
    5.19282043e-01 5.20287335e-01 5.32256782e-01 5.42914510e-01
    5.39794743e-01 5.39779305e-01 5.42444646e-01 5.32136619e-01
    5.25231242e-01 5.30928612e-01 5.21936178e-01 5.21141768e-01
    5.14614582e-01 5.19053876e-01 5.24816275e-01 5.16702473e-01
    5.14038980e-01 5.09883344e-01 5.21591544e-01 5.16731501e-01
    5.04376709e-01 5.09915709e-01 5.11497140e-01 5.05653858e-01
    5.13046265e-01 5.16717970e-01 5.13718009e-01 5.14832079e-01
    5.17487407e-01 5.25460899e-01 5.23678064e-01 5.24752140e-01
    5.25610685e-01 5.12510836e-01 5.13131320e-01 5.04238844e-01
    5.07564247e-01 5.10329902e-01 5.07688761e-01 5.05441546e-01
    5.15781045e-01 5.09302676e-01 5.12793958e-01 5.16866505e-01
    5.19342184e-01 5.20350039e-01 5.15502989e-01 5.10808229e-01
    5.08604348e-01 4.99832571e-01 5.04530787e-01 5.03820419e-01
    5.09234011e-01 4.98520643e-01 5.02334595e-01 5.02274573e-01
    5.11213481e-01 5.07868290e-01 5.13923168e-01 5.11270225e-01
    5.12410462e-01 5.04908919e-01 4.99481052e-01 4.98472095e-01
    4.92644966e-01 4.98337448e-01 5.03557324e-01 5.04795790e-01
    5.07022083e-01 4.98721629e-01 5.00991344e-01 4.98586059e-01
    4.94807065e-01 4.88519788e-01 4.91400778e-01 4.86112118e-01
    4.93043214e-01 4.89209324e-01 4.96896267e-01 5.00065744e-01
    5.02093017e-01 5.14129162e-01 5.08398294e-01 5.06685436e-01
    5.00954270e-01 4.96245444e-01 4.92490083e-01 4.97518718e-01
    5.01357555e-01 5.02606809e-01 4.99237567e-01 4.91527021e-01
    4.92873609e-01 4.92190778e-01 4.93377060e-01 4.89848226e-01
    4.86311555e-01 4.88483548e-01 4.79713142e-01 4.78979141e-01
    4.83889729e-01 4.89110708e-01 4.97184843e-01 5.03143370e-01
    4.99940753e-01 4.91226822e-01 4.93204474e-01 5.00304341e-01
    5.06860495e-01 5.09155452e-01 5.00255346e-01 5.02113163e-01
    4.99154270e-01 5.04372180e-01 5.01902461e-01 5.11120796e-01
    5.10666072e-01 5.11117339e-01 5.05942881e-01 5.00755966e-01
    5.00980675e-01 5.07326663e-01 5.11681199e-01 5.09755075e-01
    5.04986584e-01 4.94984299e-01 4.95768696e-01 5.02449512e-01
    5.07283986e-01 5.07407844e-01 5.07906914e-01 4.94318843e-01
    4.84984785e-01 4.90971386e-01 4.94742155e-01 5.03210068e-01
    5.03502667e-01 5.08660495e-01 5.05873442e-01 5.12309551e-01
    5.10762870e-01 5.11431515e-01 5.26741266e-01 5.22898972e-01
    5.19416511e-01 5.11807978e-01 5.20454526e-01 5.20507216e-01
    5.28633714e-01 5.28082967e-01 5.26103973e-01 5.18286645e-01
    4.85250920e-01 4.57685441e-01 4.21710402e-01 3.92529845e-01
    3.58134300e-01 3.29231322e-01 2.99250215e-01 2.60384321e-01
    2.74383694e-01 2.97593832e-01 3.30841422e-01 3.63284081e-01
    3.94242972e-01 4.19842511e-01 4.53167886e-01 4.74952668e-01
    5.07168293e-01 5.09839952e-01 5.10849297e-01 5.16243637e-01
    5.15590191e-01 5.08181691e-01 5.01480043e-01 5.04410684e-01
    5.11420369e-01 5.03172457e-01 5.07004738e-01 5.08728802e-01
    5.02457917e-01 5.02417684e-01 5.03235042e-01 4.93119836e-01
    5.03070712e-01 4.98093218e-01 5.02551198e-01 4.96377945e-01
    4.93138224e-01 4.94276702e-01 4.94105220e-01 4.94473219e-01
    5.04356444e-01 4.92817193e-01 4.96846735e-01 5.02081871e-01
    4.97776836e-01 4.97327000e-01 4.95390058e-01 5.02688527e-01
    5.13603866e-01 5.12648523e-01 5.16761363e-01 5.16367555e-01
    5.12241483e-01 5.07827520e-01 5.07630765e-01 5.06925881e-01
    5.09282768e-01 5.02533019e-01 5.13235152e-01 5.13314843e-01
    5.09189665e-01 5.06088734e-01 5.01676023e-01 4.98139024e-01
    4.93174523e-01 4.87969190e-01 4.86617535e-01 4.75077987e-01
    4.69052881e-01 4.69625384e-01 4.68865305e-01 4.67854619e-01
    4.75804746e-01 4.71554518e-01 4.68003035e-01 4.63699222e-01
    4.56139505e-01 4.55906093e-01 4.54535216e-01 4.66686159e-01
    4.80440646e-01 4.82186526e-01 4.78514105e-01 4.70604390e-01
    4.74835217e-01 4.76004153e-01 4.86929387e-01 4.95438963e-01
    4.96458888e-01 4.86805886e-01 4.84242141e-01 4.89621878e-01
    4.86121148e-01 4.93455082e-01 5.01162708e-01 5.05332947e-01
    4.94586051e-01 4.98078793e-01 4.97572184e-01 5.02214432e-01
    5.11442363e-01 5.09513617e-01 5.19253790e-01 5.23110867e-01
    5.19253075e-01 5.19944787e-01 5.30355632e-01 5.39520621e-01
    5.35893500e-01 5.37999094e-01 5.39564908e-01 5.27637780e-01
    5.24667442e-01 5.31586885e-01 5.21217823e-01 5.20492673e-01
    5.16213179e-01 5.17614663e-01 5.24902880e-01 5.17981648e-01
    5.17023444e-01 5.14811873e-01 5.26186585e-01 5.24252892e-01
    5.14333129e-01 5.17815113e-01 5.18317819e-01 5.13644993e-01
    5.21794617e-01 5.23671925e-01 5.18911839e-01 5.19302249e-01
    5.21391273e-01 5.29771209e-01 5.30334532e-01 5.32166064e-01
    5.31913817e-01 5.18880188e-01 5.18272281e-01 5.06332815e-01
    5.07289410e-01 5.08063257e-01 5.05635858e-01 5.03894866e-01
    5.13378799e-01 5.05424380e-01 5.07970929e-01 5.13527155e-01
    5.15456796e-01 5.18093765e-01 5.14065683e-01 5.09684265e-01
    5.04898787e-01 4.98389870e-01 5.04108369e-01 5.03489852e-01
    5.09525299e-01 5.00420988e-01 5.07362723e-01 5.05496800e-01
    5.16922474e-01 5.13838232e-01 5.19111872e-01 5.16788781e-01
    5.18198371e-01 5.13741314e-01 5.07644415e-01 5.04672945e-01
    4.99583811e-01 5.05466402e-01 5.10213673e-01 5.10653436e-01
    5.12891293e-01 5.08094788e-01 5.09199977e-01 5.03370166e-01
    5.02244890e-01 4.94959235e-01 4.94959742e-01 4.91261929e-01
    4.98929322e-01 4.95422006e-01 4.98439491e-01 5.00807941e-01
    5.03453851e-01 5.14126539e-01 5.07943928e-01 5.06190836e-01
    5.01268923e-01 4.98040080e-01 4.90312487e-01 4.94424105e-01
    4.99194950e-01 4.99361217e-01 4.95870173e-01 4.90228742e-01
    4.93195593e-01 4.91866201e-01 4.91031080e-01 4.91471171e-01
    4.89675730e-01 4.94723737e-01 4.85232651e-01 4.83009607e-01
    4.86846864e-01 4.92376506e-01 5.01282275e-01 5.10423839e-01
    5.10262072e-01 5.01166821e-01 5.03741264e-01 5.09570897e-01
    5.13630927e-01 5.12132704e-01 5.04130125e-01 5.05110085e-01
    4.98838693e-01 5.01605451e-01 4.97190922e-01 5.05060136e-01
    5.07950306e-01 5.07634759e-01 4.99666750e-01 4.89504278e-01
    4.89070386e-01 4.94996399e-01 5.00740767e-01 4.98426110e-01
    4.92504299e-01 4.87351835e-01 4.92709190e-01 4.99965847e-01
    5.05734503e-01 5.07713020e-01 5.08452535e-01 4.95948404e-01
    4.87737298e-01 4.91459906e-01 4.93932605e-01 5.04490495e-01
    5.06344616e-01 5.10892749e-01 5.06273091e-01 5.10436118e-01
    5.10035217e-01 5.13253033e-01 5.25378704e-01 5.17083466e-01
    5.14317811e-01 5.06780624e-01 5.14952719e-01 5.15273511e-01
    5.19749522e-01 5.20050406e-01 5.16215324e-01 5.09202063e-01
    4.75520015e-01 4.49237794e-01 4.13517177e-01 3.84781510e-01
    3.51659983e-01 3.22457045e-01 2.91600406e-01 2.52827793e-01
    2.75132388e-01 2.98251718e-01 3.31665426e-01 3.62750322e-01
    3.92755955e-01 4.21185732e-01 4.54023570e-01 4.75525528e-01
    5.05433381e-01 5.13238311e-01 5.17940104e-01 5.24649560e-01
    5.26281774e-01 5.17402351e-01 5.09220779e-01 5.11276007e-01
    5.20696402e-01 5.14645576e-01 5.16817808e-01 5.15710115e-01
    5.12139499e-01 5.14267981e-01 5.09040833e-01 5.00457883e-01
    5.10441840e-01 5.05131662e-01 5.05782366e-01 4.98757482e-01
    4.93566364e-01 4.93106365e-01 4.92012590e-01 4.92020309e-01
    4.98469472e-01 4.85466868e-01 4.90068853e-01 4.96346027e-01
    4.93497878e-01 4.90309000e-01 4.86068606e-01 4.96187180e-01
    5.06086648e-01 5.06059825e-01 5.13698876e-01 5.13252735e-01
    5.08559763e-01 5.06400049e-01 5.04280448e-01 5.03400743e-01
    5.06439149e-01 5.01627386e-01 5.12504995e-01 5.11341453e-01
    5.04490912e-01 5.02255440e-01 4.98766899e-01 4.98492271e-01
    4.97066557e-01 4.91003156e-01 4.89144385e-01 4.76409048e-01
    4.70512748e-01 4.71478015e-01 4.68625933e-01 4.72238749e-01
    4.80469465e-01 4.76289392e-01 4.74036992e-01 4.67347890e-01
    4.55937505e-01 4.57701743e-01 4.56670105e-01 4.68090475e-01
    4.80999202e-01 4.81828123e-01 4.80313599e-01 4.73234534e-01
    4.75254774e-01 4.79017466e-01 4.88767892e-01 4.96591330e-01
    4.95151699e-01 4.87221032e-01 4.86002237e-01 4.90270227e-01
    4.87362951e-01 4.94932979e-01 5.04524529e-01 5.07990360e-01
    4.96252298e-01 4.99485165e-01 4.98396635e-01 5.00235975e-01
    5.06425798e-01 5.06496906e-01 5.16094446e-01 5.20400703e-01
    5.17614424e-01 5.17546296e-01 5.26384056e-01 5.35626531e-01
    5.30826747e-01 5.34968197e-01 5.42415142e-01 5.32432437e-01
    5.29485226e-01 5.38904727e-01 5.24983525e-01 5.22293210e-01
    5.18193901e-01 5.20987332e-01 5.26605844e-01 5.19919395e-01
    5.16545057e-01 5.14602125e-01 5.26155651e-01 5.24171591e-01
    5.13084412e-01 5.14507234e-01 5.12226999e-01 5.01944125e-01
    5.05300939e-01 5.07597029e-01 5.04227519e-01 5.06953657e-01
    5.09159744e-01 5.16218841e-01 5.19450009e-01 5.23880482e-01
    5.22209883e-01 5.09829283e-01 5.11206806e-01 4.99857515e-01
    4.99506295e-01 5.01115024e-01 5.01857936e-01 5.00871301e-01
    5.13383269e-01 5.09756327e-01 5.11662602e-01 5.15336335e-01
    5.15860319e-01 5.17062008e-01 5.16883671e-01 5.09162128e-01
    5.00957429e-01 4.95592237e-01 5.02973378e-01 5.01176655e-01
    5.08136690e-01 4.99812037e-01 5.04881084e-01 5.01114428e-01
    5.11985183e-01 5.07523239e-01 5.08462250e-01 5.06355464e-01
    5.10204852e-01 5.08112729e-01 5.04481316e-01 5.01403809e-01
    4.96444821e-01 5.05368888e-01 5.09122014e-01 5.08596003e-01
    5.10170460e-01 5.05638182e-01 5.10557234e-01 5.08486569e-01
    5.06739259e-01 5.00774562e-01 5.00998974e-01 5.01613021e-01
    5.09804487e-01 5.06702900e-01 5.11315644e-01 5.14221668e-01
    5.17131031e-01 5.31147182e-01 5.25851011e-01 5.23817837e-01
    5.18544257e-01 5.12229025e-01 5.04948080e-01 5.06821930e-01
    5.11360049e-01 5.15390635e-01 5.11592507e-01 5.06696463e-01
    5.07127404e-01 5.05798817e-01 5.00201166e-01 4.98780817e-01
    4.94629800e-01 4.96391565e-01 4.84068751e-01 4.78942841e-01
    4.83762056e-01 4.91702408e-01 5.03182888e-01 5.08841276e-01
    5.08723378e-01 5.00472128e-01 5.00881910e-01 5.05961478e-01
    5.08283854e-01 5.08967876e-01 5.03309906e-01 5.06888866e-01
    4.99937236e-01 5.06223619e-01 5.05131960e-01 5.14736831e-01
    5.19547939e-01 5.20289481e-01 5.10337949e-01 5.02291083e-01
    5.04038990e-01 5.10389864e-01 5.12969792e-01 5.11844635e-01
    5.06655633e-01 5.03411174e-01 5.05614161e-01 5.10709167e-01
    5.13475358e-01 5.18477380e-01 5.14458716e-01 5.02387047e-01
    4.91404265e-01 4.93185818e-01 4.94748592e-01 5.04261792e-01
    5.03824949e-01 5.06041348e-01 4.99191105e-01 5.00846088e-01
    5.02223551e-01 5.04002988e-01 5.13401389e-01 5.07391036e-01
    5.06421924e-01 5.00638485e-01 5.07901967e-01 5.12935996e-01
    5.13434529e-01 5.15366912e-01 5.13630569e-01 5.04808128e-01
    4.72162753e-01 4.46123868e-01 4.12605733e-01 3.84769708e-01
    3.54577690e-01 3.22520345e-01 2.92814076e-01 2.56418556e-01
    2.66394466e-01 2.92233855e-01 3.27125609e-01 3.58343273e-01
    3.87288272e-01 4.17808443e-01 4.51562583e-01 4.74731922e-01
    5.02353787e-01 5.10671675e-01 5.14992774e-01 5.20101547e-01
    5.22772670e-01 5.14634550e-01 5.08149981e-01 5.08002460e-01
    5.17547071e-01 5.12931049e-01 5.14115989e-01 5.11698782e-01
    5.07478118e-01 5.08520186e-01 5.01049042e-01 4.92104918e-01
    4.99252081e-01 4.96158689e-01 4.99958068e-01 4.95192051e-01
    4.89616990e-01 4.92264479e-01 4.93406862e-01 4.94361311e-01
    5.01354337e-01 4.88941222e-01 4.92624581e-01 4.97054100e-01
    4.93851215e-01 4.91115749e-01 4.91213173e-01 5.03303885e-01
    5.10749340e-01 5.11613369e-01 5.21842062e-01 5.22058010e-01
    5.14766216e-01 5.14840305e-01 5.11057794e-01 5.09688199e-01
    5.13358593e-01 5.10445654e-01 5.23040593e-01 5.21871567e-01
    5.18160403e-01 5.14119744e-01 5.09200752e-01 5.07562816e-01
    5.01170516e-01 4.98299479e-01 4.97227579e-01 4.84205395e-01
    4.77221072e-01 4.77758169e-01 4.76091564e-01 4.81167614e-01
    4.88502949e-01 4.83170897e-01 4.76959914e-01 4.71335530e-01
    4.60067213e-01 4.59316343e-01 4.61075962e-01 4.73618686e-01
    4.87800092e-01 4.92046624e-01 4.89782602e-01 4.81753767e-01
    4.81131941e-01 4.82273430e-01 4.92579639e-01 4.97815073e-01
    4.96212602e-01 4.90465283e-01 4.89168763e-01 4.99062330e-01
    4.93587494e-01 5.00024199e-01 5.10773659e-01 5.13796926e-01
    5.02457976e-01 5.03381968e-01 5.03050327e-01 5.04993558e-01
    5.11615157e-01 5.12324929e-01 5.22211075e-01 5.25473535e-01
    5.25842905e-01 5.23613751e-01 5.29527545e-01 5.40434539e-01
    5.33981264e-01 5.39545953e-01 5.47414482e-01 5.34919143e-01
    5.30719876e-01 5.40598094e-01 5.25310874e-01 5.22022188e-01
    5.18481910e-01 5.20904005e-01 5.27402520e-01 5.22503376e-01
    5.21777093e-01 5.16536474e-01 5.30051708e-01 5.28752804e-01
    5.19033074e-01 5.17865837e-01 5.12675285e-01 5.05407572e-01
    5.09660065e-01 5.11368930e-01 5.05012095e-01 5.09855986e-01
    5.11892915e-01 5.16659260e-01 5.19451082e-01 5.21220326e-01
    5.19443214e-01 5.07292509e-01 5.11233211e-01 4.98407125e-01
    4.97175783e-01 4.97132510e-01 4.99112844e-01 4.98869061e-01
    5.08701622e-01 5.04849792e-01 5.07396936e-01 5.14959514e-01
    5.15522182e-01 5.14959157e-01 5.17425418e-01 5.09830654e-01
    5.04032850e-01 4.96913075e-01 5.00447273e-01 4.95126396e-01
    5.00619411e-01 4.93230581e-01 4.98038322e-01 4.94163096e-01
    5.03611863e-01 5.01541972e-01 5.03197551e-01 5.02395213e-01
    5.05217135e-01 5.03014326e-01 5.00727773e-01 4.95416015e-01
    4.92967993e-01 5.01689732e-01 5.04620075e-01 5.04321277e-01
    5.06275415e-01 5.03940701e-01 5.09832203e-01 5.06885290e-01
    5.06825566e-01 5.02850354e-01 4.97987747e-01 4.98564154e-01
    5.05253017e-01 5.01885235e-01 5.05768538e-01 5.07634580e-01
    5.12024343e-01 5.24003208e-01 5.18476367e-01 5.18048465e-01
    5.13470113e-01 5.11711597e-01 5.03400981e-01 5.03075898e-01
    5.08514822e-01 5.11754155e-01 5.09373069e-01 5.08695185e-01
    5.09322643e-01 5.07597446e-01 5.02455056e-01 5.01019239e-01
    5.00308096e-01 4.99532759e-01 4.87392306e-01 4.80092913e-01
    4.83107418e-01 4.91480768e-01 5.02704382e-01 5.10198534e-01
    5.12994349e-01 5.04629552e-01 5.04773259e-01 5.09749472e-01
    5.11770964e-01 5.13446391e-01 5.09554207e-01 5.11791170e-01
    5.04149735e-01 5.09334266e-01 5.11468649e-01 5.21127939e-01
    5.27113020e-01 5.28013349e-01 5.18280566e-01 5.06974876e-01
    5.08204579e-01 5.11263430e-01 5.14332652e-01 5.13245583e-01
    5.06342292e-01 5.00449121e-01 5.04259706e-01 5.06893933e-01
    5.07529378e-01 5.14572740e-01 5.10881841e-01 4.99752104e-01
    4.89995658e-01 4.91807371e-01 4.95242417e-01 5.06004393e-01
    5.07789493e-01 5.07005155e-01 5.00505328e-01 5.02031982e-01
    5.01116872e-01 5.04193485e-01 5.13771474e-01 5.05455196e-01
    5.04022419e-01 5.00600278e-01 5.05915701e-01 5.08454621e-01
    5.07697403e-01 5.07171452e-01 5.06019950e-01 4.98720348e-01
    4.64893430e-01 4.37161565e-01 4.05751556e-01 3.78785014e-01
    3.47919166e-01 3.17926347e-01 2.87975281e-01 2.53521174e-01
    2.64842182e-01 2.88806289e-01 3.25099945e-01 3.56684983e-01
    3.85631412e-01 4.15703446e-01 4.48062301e-01 4.72405523e-01
    5.00669420e-01 5.09375334e-01 5.14145672e-01 5.22815168e-01
    5.23736954e-01 5.16519010e-01 5.07977664e-01 5.10968149e-01
    5.16859472e-01 5.12990415e-01 5.16358316e-01 5.11691153e-01
    5.07116675e-01 5.08324206e-01 5.01737297e-01 4.95476007e-01
    5.00783622e-01 4.95204955e-01 4.96097118e-01 4.92371798e-01
    4.85071659e-01 4.89597827e-01 4.89887118e-01 4.91541177e-01
    4.96938646e-01 4.87902224e-01 4.90152359e-01 4.95646298e-01
    4.91134167e-01 4.89594430e-01 4.89547521e-01 4.99208987e-01
    5.05517840e-01 5.08061409e-01 5.20731509e-01 5.22238076e-01
    5.14544845e-01 5.14604151e-01 5.09707034e-01 5.07355511e-01
    5.10229349e-01 5.09685993e-01 5.21978140e-01 5.22953093e-01
    5.17553866e-01 5.14765739e-01 5.11420608e-01 5.11070371e-01
    5.06189466e-01 5.03281593e-01 5.01844823e-01 4.90800589e-01
    4.84895974e-01 4.85626251e-01 4.87045467e-01 4.93631780e-01
    5.02930582e-01 4.98973906e-01 4.92458999e-01 4.84844893e-01
    4.72274899e-01 4.71743137e-01 4.74700570e-01 4.82872397e-01
    4.95551497e-01 5.03196001e-01 5.01066327e-01 4.93856281e-01
    4.91262257e-01 4.91635293e-01 5.01199186e-01 5.03980637e-01
    5.00239611e-01 4.90735620e-01 4.88381654e-01 4.97580081e-01
    4.94329751e-01 5.01068532e-01 5.12809992e-01 5.14963627e-01
    5.07286072e-01 5.07783532e-01 5.02603173e-01 5.01446247e-01
    5.07932425e-01 5.08480847e-01 5.18272996e-01 5.22158384e-01
    5.22962451e-01 5.22175550e-01 5.31956971e-01 5.42965531e-01
    5.33915222e-01 5.40563464e-01 5.48409641e-01 5.35437286e-01
    5.32086849e-01 5.41406393e-01 5.27730942e-01 5.28039217e-01
    5.26063681e-01 5.25082469e-01 5.31847000e-01 5.26421666e-01
    5.22874236e-01 5.17624319e-01 5.28849244e-01 5.27040541e-01
    5.16339839e-01 5.19058347e-01 5.13287127e-01 5.04898012e-01
    5.07844329e-01 5.09174109e-01 5.02369046e-01 5.07701218e-01
    5.06108224e-01 5.11854112e-01 5.13636649e-01 5.14223993e-01
    5.14624953e-01 5.04469156e-01 5.08008599e-01 4.95935380e-01
    4.95657891e-01 4.94173020e-01 4.96623963e-01 4.95971203e-01
    5.04572451e-01 5.04333258e-01 5.04835844e-01 5.13233125e-01
    5.13228595e-01 5.15064657e-01 5.16467750e-01 5.12877762e-01
    5.07323503e-01 5.00318468e-01 5.05060434e-01 4.98967707e-01
    5.04146099e-01 4.95419115e-01 5.01510084e-01 4.94942248e-01
    5.01958668e-01 5.03187358e-01 5.02155483e-01 5.01984775e-01
    5.03915489e-01 5.01374960e-01 5.00352442e-01 4.97514427e-01
    4.95499849e-01 5.03220141e-01 5.05721867e-01 5.02125561e-01
    5.03380060e-01 5.02045572e-01 5.09011924e-01 5.06110728e-01
    5.05922735e-01 5.04694819e-01 4.97802526e-01 4.97979671e-01
    5.03536403e-01 4.99450922e-01 5.03469348e-01 5.01347423e-01
    5.03307045e-01 5.12095809e-01 5.05639732e-01 5.02500415e-01
    5.01814008e-01 5.00516415e-01 4.91416574e-01 4.90713716e-01
    4.95100260e-01 4.98384506e-01 4.95732069e-01 4.94072944e-01
    4.94859904e-01 4.93851542e-01 4.90894616e-01 4.87356782e-01
    4.89705384e-01 4.88942534e-01 4.80905145e-01 4.77388591e-01
    4.83555168e-01 4.89039123e-01 5.01345575e-01 5.09804964e-01
    5.12818933e-01 5.07468998e-01 5.08800626e-01 5.13404906e-01
    5.19597590e-01 5.23736656e-01 5.23293018e-01 5.23744106e-01
    5.19778490e-01 5.23408055e-01 5.30120730e-01 5.38201034e-01
    5.40898681e-01 5.39381087e-01 5.30891836e-01 5.18898964e-01
    5.17559290e-01 5.19149542e-01 5.19453466e-01 5.15565515e-01
    5.09303212e-01 5.03543317e-01 5.03133893e-01 5.03858328e-01
    5.02683938e-01 5.07767200e-01 5.06673098e-01 4.94891971e-01
    4.84618008e-01 4.87827003e-01 4.92735058e-01 5.00770867e-01
    5.03494084e-01 5.07768869e-01 5.03703952e-01 5.05590320e-01
    5.05930424e-01 5.07789016e-01 5.13118982e-01 5.06967723e-01
    5.08218884e-01 5.08188069e-01 5.12002826e-01 5.11301935e-01
    5.09981811e-01 5.06840885e-01 5.07292926e-01 4.98429209e-01
    4.67302680e-01 4.39081192e-01 4.05203193e-01 3.76091897e-01
    3.46218824e-01 3.16643506e-01 2.87327617e-01 2.55058587e-01
    2.69909710e-01 2.94644296e-01 3.30981791e-01 3.63471478e-01
    3.94110829e-01 4.22997206e-01 4.57179576e-01 4.81520325e-01
    5.10888815e-01 5.20613015e-01 5.24458408e-01 5.29397368e-01
    5.32868922e-01 5.24020135e-01 5.18680871e-01 5.21071911e-01
    5.27547002e-01 5.21537483e-01 5.24152100e-01 5.19345999e-01
    5.13792157e-01 5.14715731e-01 5.09677589e-01 5.02043366e-01
    5.07477820e-01 5.04076838e-01 5.05177915e-01 5.02763748e-01
    4.96173769e-01 4.95404989e-01 4.96604443e-01 4.96886522e-01
    5.02671003e-01 4.94149566e-01 4.99140382e-01 5.04795372e-01
    5.01686275e-01 4.99547780e-01 5.01402497e-01 5.09272456e-01
    5.13116181e-01 5.14438093e-01 5.24143755e-01 5.23918986e-01
    5.17110825e-01 5.16582668e-01 5.14875293e-01 5.12055159e-01
    5.11793017e-01 5.10708034e-01 5.20740151e-01 5.21444976e-01
    5.16771615e-01 5.15309215e-01 5.13749599e-01 5.09485245e-01
    5.07418036e-01 5.05586088e-01 5.05420566e-01 4.93482351e-01
    4.87928301e-01 4.88765806e-01 4.89945740e-01 4.96413827e-01
    5.04406154e-01 5.00381947e-01 4.93418872e-01 4.89275783e-01
    4.73777443e-01 4.71906424e-01 4.71427470e-01 4.79374021e-01
    4.93087351e-01 4.99244839e-01 4.98714924e-01 4.89353061e-01
    4.90405470e-01 4.88832563e-01 4.95189488e-01 5.00028908e-01
    4.94008660e-01 4.83047664e-01 4.81580853e-01 4.89795566e-01
    4.82242674e-01 4.89006788e-01 5.01673520e-01 5.03857970e-01
    4.96137828e-01 4.97223467e-01 4.93613690e-01 4.90669757e-01
    4.97496307e-01 4.96805072e-01 5.09648860e-01 5.13101161e-01
    5.15310407e-01 5.16562581e-01 5.27020514e-01 5.37864149e-01
    5.31802535e-01 5.40575862e-01 5.48654675e-01 5.36096692e-01
    5.30671775e-01 5.37999630e-01 5.24174631e-01 5.24316430e-01
    5.24193823e-01 5.25900781e-01 5.33390820e-01 5.26314497e-01
    5.22255898e-01 5.15661001e-01 5.26003659e-01 5.27705491e-01
    5.19128978e-01 5.20228982e-01 5.13416469e-01 5.04925013e-01
    5.07024169e-01 5.13443828e-01 5.07797360e-01 5.12580872e-01
    5.09070635e-01 5.14086068e-01 5.12848020e-01 5.10573328e-01
    5.14492154e-01 5.08936167e-01 5.09715021e-01 4.96590763e-01
    4.95976418e-01 4.96519417e-01 4.98585939e-01 4.99121219e-01
    5.07377088e-01 5.04953384e-01 5.01440346e-01 5.10307372e-01
    5.12212694e-01 5.14183879e-01 5.15033603e-01 5.11213183e-01
    5.04291296e-01 4.95270550e-01 4.98865813e-01 4.93627608e-01
    5.03612816e-01 4.95111018e-01 5.00140846e-01 4.94807512e-01
    5.01555562e-01 5.01700699e-01 5.05271494e-01 5.04730880e-01
    5.06943822e-01 4.99717981e-01 4.98867482e-01 4.98227865e-01
    5.01043916e-01 5.10365903e-01 5.12684703e-01 5.07588685e-01
    5.11587501e-01 5.09255111e-01 5.14375389e-01 5.11046648e-01
    5.09922564e-01 5.09674907e-01 5.06505489e-01 5.03461003e-01
    5.12318254e-01 5.06440938e-01 5.11604488e-01 5.09092033e-01
    5.10633647e-01 5.17173469e-01 5.11632860e-01 5.07353067e-01
    5.06661654e-01 5.03578901e-01 4.90956306e-01 4.92810458e-01
    4.96907711e-01 4.99234587e-01 4.97952700e-01 4.93707925e-01
    4.96856868e-01 4.96460080e-01 4.95336592e-01 4.93479013e-01
    4.97592092e-01 4.97763872e-01 4.91325617e-01 4.87234116e-01
    4.91560012e-01 4.96885329e-01 5.10375559e-01 5.17816246e-01
    5.15962005e-01 5.11431813e-01 5.14743626e-01 5.15781820e-01
    5.22170961e-01 5.24643183e-01 5.22228897e-01 5.24658442e-01
    5.19513965e-01 5.19129992e-01 5.22229791e-01 5.26547194e-01
    5.28191924e-01 5.28781056e-01 5.20217478e-01 5.10424912e-01
    5.12162030e-01 5.13939381e-01 5.10742128e-01 5.05891144e-01
    5.00980318e-01 4.97074962e-01 4.96399015e-01 4.94694412e-01
    4.92369086e-01 4.97521996e-01 4.97712046e-01 4.86498624e-01
    4.77537423e-01 4.80733633e-01 4.85469043e-01 4.92053062e-01
    4.93872255e-01 4.95929301e-01 4.93913203e-01 4.97824967e-01
    4.99709159e-01 5.00379801e-01 5.06668329e-01 5.00984669e-01
    5.05191088e-01 5.04499495e-01 5.07447362e-01 5.06545007e-01
    5.06241143e-01 5.01174390e-01 5.00028908e-01 4.94389266e-01
    4.65486914e-01 4.35299128e-01 4.03010309e-01 3.73691976e-01
    3.44724447e-01 3.14031720e-01 2.85734445e-01 2.51671761e-01
    2.63381153e-01 2.87513107e-01 3.25658381e-01 3.56205136e-01
    3.86847258e-01 4.17425364e-01 4.52913821e-01 4.78445292e-01
    5.07861435e-01 5.19265234e-01 5.23620367e-01 5.27293861e-01
    5.30080080e-01 5.20026684e-01 5.17776668e-01 5.20155966e-01
    5.23630917e-01 5.21693170e-01 5.23255885e-01 5.15934646e-01
    5.12712836e-01 5.14749348e-01 5.06553590e-01 4.97673482e-01
    5.01717806e-01 5.00054121e-01 5.00423610e-01 4.99269783e-01
    4.93988425e-01 4.93308514e-01 4.98166353e-01 4.98124212e-01
    5.03319800e-01 4.96564329e-01 4.98506337e-01 5.07062733e-01
    5.04004419e-01 5.00345170e-01 5.01883686e-01 5.11752248e-01
    5.14971852e-01 5.17136514e-01 5.24095118e-01 5.23525059e-01
    5.17087340e-01 5.17015696e-01 5.18339574e-01 5.13383210e-01
    5.10083377e-01 5.10777891e-01 5.20808816e-01 5.25628209e-01
    5.19231141e-01 5.17580211e-01 5.16843438e-01 5.13027251e-01
    5.10608792e-01 5.06313026e-01 5.03796041e-01 4.94183481e-01
    4.88290697e-01 4.87311363e-01 4.87764031e-01 4.91277456e-01
    4.96438205e-01 4.95699465e-01 4.89462525e-01 4.82286692e-01
    4.66153771e-01 4.62018102e-01 4.63182509e-01 4.73127514e-01
    4.84729081e-01 4.91629273e-01 4.95524913e-01 4.88781631e-01
    4.86328721e-01 4.83498037e-01 4.89030361e-01 4.95361835e-01
    4.90103185e-01 4.81632501e-01 4.79102701e-01 4.85882550e-01
    4.79266912e-01 4.84717727e-01 5.00262856e-01 5.04354775e-01
    4.93907005e-01 4.95418012e-01 4.90986198e-01 4.84320045e-01
    4.89044398e-01 4.88633186e-01 5.01780629e-01 5.08017242e-01
    5.07520497e-01 5.09708881e-01 5.20850003e-01 5.30888677e-01
    5.26141226e-01 5.35983086e-01 5.43986559e-01 5.32587349e-01
    5.23139358e-01 5.34396470e-01 5.22396863e-01 5.21129906e-01
    5.24941504e-01 5.29856741e-01 5.36541760e-01 5.29873073e-01
    5.22849441e-01 5.15964687e-01 5.24135351e-01 5.25327027e-01
    5.17253876e-01 5.19814849e-01 5.14265656e-01 5.07211208e-01
    5.09114921e-01 5.17300904e-01 5.08589983e-01 5.12884855e-01
    5.11590064e-01 5.18117249e-01 5.16999125e-01 5.19676626e-01
    5.25658011e-01 5.23139417e-01 5.26064515e-01 5.12357652e-01
    5.11220515e-01 5.13752401e-01 5.12890697e-01 5.12080789e-01
    5.17958283e-01 5.12387514e-01 5.06838262e-01 5.17860413e-01
    5.18757641e-01 5.19873857e-01 5.17305374e-01 5.11789799e-01
    5.02968490e-01 4.90354747e-01 4.95280832e-01 4.87847596e-01
    4.98713553e-01 4.89537925e-01 4.93538141e-01 4.89020944e-01
    4.92732674e-01 4.93797243e-01 4.98453319e-01 5.00917196e-01
    5.03330469e-01 4.95531291e-01 4.93988454e-01 4.93635178e-01
    4.94162560e-01 5.02601385e-01 5.09981990e-01 5.03109157e-01
    5.06684303e-01 5.05996943e-01 5.10787725e-01 5.06828368e-01
    5.05773127e-01 5.07257581e-01 5.01119554e-01 5.00419915e-01
    5.07117212e-01 4.99787837e-01 5.05333424e-01 5.02729237e-01
    5.05874813e-01 5.12619674e-01 5.07924795e-01 5.00353813e-01
    4.98250484e-01 4.94316369e-01 4.82337326e-01 4.84027177e-01
    4.88022119e-01 4.93732065e-01 4.94228870e-01 4.92887020e-01
    4.92517978e-01 4.93111402e-01 4.90819365e-01 4.87973332e-01
    4.93557394e-01 4.91485834e-01 4.87191468e-01 4.83669430e-01
    4.89025146e-01 4.98330384e-01 5.13435841e-01 5.17500937e-01
    5.14629483e-01 5.11237502e-01 5.09071589e-01 5.08006573e-01
    5.12097418e-01 5.18365681e-01 5.13624489e-01 5.16278148e-01
    5.12494087e-01 5.10244131e-01 5.13974726e-01 5.16129136e-01
    5.15987873e-01 5.13575494e-01 5.04012465e-01 4.94100332e-01
    4.97081488e-01 5.02527773e-01 4.96970147e-01 4.97118056e-01
    4.92290139e-01 4.92221177e-01 4.89590675e-01 4.89836425e-01
    4.86043334e-01 4.92421269e-01 4.94698286e-01 4.83202070e-01
    4.77205187e-01 4.82632846e-01 4.87892538e-01 4.89615142e-01
    4.93386626e-01 4.99035835e-01 4.95254785e-01 5.02279222e-01
    5.00721633e-01 5.04898071e-01 5.07252991e-01 5.04144788e-01
    5.07600486e-01 5.08806705e-01 5.08785605e-01 5.05498588e-01
    5.07274926e-01 5.01558125e-01 5.00553131e-01 4.96966630e-01
    4.71111655e-01 4.40091968e-01 4.05316919e-01 3.76192868e-01
    3.45464528e-01 3.16133320e-01 2.85966784e-01 2.53658861e-01
    2.62510717e-01 2.84899354e-01 3.21591944e-01 3.54529977e-01
    3.83422226e-01 4.14331138e-01 4.48241174e-01 4.74251896e-01
    5.04251838e-01 5.15212417e-01 5.18473446e-01 5.18530130e-01
    5.21268487e-01 5.17132223e-01 5.14812171e-01 5.14151573e-01
    5.17416298e-01 5.14469683e-01 5.17942965e-01 5.14288485e-01
    5.05912423e-01 5.08255541e-01 4.96953875e-01 4.92529631e-01
    4.93097782e-01 4.93514687e-01 4.95020837e-01 4.94770050e-01
    4.89149898e-01 4.87119704e-01 4.87480491e-01 4.88135844e-01
    4.95203197e-01 4.90929812e-01 4.92810637e-01 4.98843789e-01
    4.92359817e-01 4.91321892e-01 4.96715099e-01 5.09473443e-01
    5.09854019e-01 5.13363361e-01 5.18424213e-01 5.16866803e-01
    5.12002766e-01 5.12667775e-01 5.17331243e-01 5.16171634e-01
    5.12826145e-01 5.11059821e-01 5.18513381e-01 5.20367861e-01
    5.15508294e-01 5.15993357e-01 5.13964653e-01 5.07445991e-01
    5.03009319e-01 4.97006893e-01 4.96045202e-01 4.84262794e-01
    4.80790406e-01 4.78776932e-01 4.80385780e-01 4.83896852e-01
    4.85334367e-01 4.84378725e-01 4.82741863e-01 4.76653993e-01
    4.64055836e-01 4.62435842e-01 4.65089500e-01 4.76769388e-01
    4.88168061e-01 4.98997688e-01 5.02853394e-01 4.99213427e-01
    4.98554230e-01 4.94246662e-01 4.97924894e-01 5.02682805e-01
    4.95302379e-01 4.89862859e-01 4.87475604e-01 4.93365318e-01
    4.84498620e-01 4.88700897e-01 5.01959562e-01 5.02722025e-01
    4.92027342e-01 4.95659202e-01 4.87390637e-01 4.82710719e-01
    4.83307064e-01 4.81845051e-01 4.98458445e-01 5.04150271e-01
    5.05403280e-01 5.11262119e-01 5.21012247e-01 5.30791879e-01
    5.24591327e-01 5.36356866e-01 5.47684848e-01 5.36865830e-01
    5.29347301e-01 5.41431248e-01 5.26757419e-01 5.27245879e-01
    5.31686544e-01 5.37477732e-01 5.45693517e-01 5.35555124e-01
    5.27866721e-01 5.18835485e-01 5.21385074e-01 5.22043228e-01
    5.14205098e-01 5.16553879e-01 5.14184296e-01 5.06770909e-01
    5.09304821e-01 5.18055201e-01 5.08114576e-01 5.11029899e-01
    5.09150565e-01 5.14790595e-01 5.11324108e-01 5.10930300e-01
    5.16855896e-01 5.15889049e-01 5.19031346e-01 5.09131372e-01
    5.09251356e-01 5.13426304e-01 5.10066152e-01 5.08781016e-01
    5.12857676e-01 5.06864071e-01 4.99848425e-01 5.11557996e-01
    5.12892365e-01 5.11990964e-01 5.09481370e-01 5.06977379e-01
    5.00137925e-01 4.87142086e-01 4.91276503e-01 4.87974793e-01
    4.94666070e-01 4.85605240e-01 4.88361686e-01 4.88650829e-01
    4.87872750e-01 4.87946808e-01 4.91855949e-01 4.94929254e-01
    4.99771923e-01 4.94024694e-01 4.92382109e-01 4.91866678e-01
    4.89070892e-01 4.98404026e-01 5.06465971e-01 4.99899834e-01
    5.02349615e-01 5.05671799e-01 5.11269331e-01 5.07324934e-01
    5.05062938e-01 5.09647012e-01 5.03590643e-01 5.03696859e-01
    5.09546280e-01 4.96398777e-01 5.01801848e-01 5.02166808e-01
    5.06814241e-01 5.15263438e-01 5.08811474e-01 4.99208778e-01
    5.00038385e-01 4.95923460e-01 4.81680870e-01 4.81874138e-01
    4.86175776e-01 4.92848247e-01 4.91361290e-01 4.90430743e-01
    4.90202874e-01 4.89573121e-01 4.90515083e-01 4.87425506e-01
    4.95590001e-01 4.90611523e-01 4.87558454e-01 4.84278113e-01
    4.92966622e-01 5.02956927e-01 5.17242610e-01 5.21426857e-01
    5.16464651e-01 5.10957479e-01 5.05606472e-01 5.05512655e-01
    5.08320093e-01 5.15493631e-01 5.12127638e-01 5.14092624e-01
    5.11691213e-01 5.06426156e-01 5.09696066e-01 5.11264861e-01
    5.10936677e-01 5.06577373e-01 4.95526254e-01 4.83190328e-01
    4.87755805e-01 4.97555137e-01 4.93707597e-01 4.96879458e-01
    4.91304636e-01 4.94149655e-01 4.89793956e-01 4.92665470e-01
    4.87744451e-01 4.92909580e-01 4.96915460e-01 4.89537090e-01
    4.85551447e-01 4.88826215e-01 4.92493212e-01 4.93934721e-01
    5.00715971e-01 5.03425598e-01 4.95421886e-01 5.05484343e-01
    5.03353417e-01 5.08820415e-01 5.08933365e-01 5.06837547e-01
    5.06095111e-01 5.11366248e-01 5.09626806e-01 5.03983319e-01
    5.03395498e-01 4.97404248e-01 5.01424968e-01 4.99503195e-01
    4.72597241e-01 4.40483540e-01 4.08187509e-01 3.80890816e-01
    3.46882075e-01 3.16737235e-01 2.86154330e-01 2.54774481e-01
    2.56243855e-01 2.80833989e-01 3.20433497e-01 3.54923576e-01
    3.83961350e-01 4.12006944e-01 4.46364671e-01 4.72194493e-01
    5.00651956e-01 5.15805006e-01 5.21714211e-01 5.24635553e-01
    5.25847137e-01 5.21032512e-01 5.21234274e-01 5.19817710e-01
    5.24987876e-01 5.21996021e-01 5.24386764e-01 5.18115699e-01
    5.07270217e-01 5.07817566e-01 4.99362141e-01 4.93743300e-01
    4.96245533e-01 4.99361962e-01 4.97034401e-01 4.95807171e-01
    4.87438977e-01 4.84426856e-01 4.89352107e-01 4.89088088e-01
    4.94037330e-01 4.88834143e-01 4.91610348e-01 4.96270806e-01
    4.90647703e-01 4.91041034e-01 4.95441973e-01 5.05916595e-01
    5.06812334e-01 5.05228221e-01 5.10621250e-01 5.09775579e-01
    5.06618202e-01 5.07987320e-01 5.12001455e-01 5.06115973e-01
    5.02624869e-01 5.04207969e-01 5.11684835e-01 5.13340890e-01
    5.09212255e-01 5.11336744e-01 5.09725690e-01 5.05767643e-01
    5.02574861e-01 4.96479243e-01 4.97980773e-01 4.83086079e-01
    4.82633442e-01 4.80299115e-01 4.83243883e-01 4.87883121e-01
    4.90444362e-01 4.91064906e-01 4.87459153e-01 4.81175393e-01
    4.69735146e-01 4.67339903e-01 4.70473737e-01 4.81024623e-01
    4.94621515e-01 5.05092978e-01 5.09772658e-01 5.07512689e-01
    5.07242501e-01 5.00224292e-01 5.03248632e-01 5.06655931e-01
    4.96438146e-01 4.90625650e-01 4.86784041e-01 4.96682674e-01
    4.86768484e-01 4.93503571e-01 5.09152114e-01 5.06133020e-01
    4.95946199e-01 4.95030791e-01 4.87475961e-01 4.81836438e-01
    4.82064635e-01 4.81499553e-01 4.98625338e-01 5.03660262e-01
    5.06187022e-01 5.14201701e-01 5.25423288e-01 5.33340633e-01
    5.24284244e-01 5.35278141e-01 5.44764102e-01 5.33775389e-01
    5.28070450e-01 5.40247202e-01 5.29373348e-01 5.31600296e-01
    5.36480784e-01 5.41204870e-01 5.51651299e-01 5.40835559e-01
    5.30684471e-01 5.21327853e-01 5.22217751e-01 5.22709489e-01
    5.17721713e-01 5.18391550e-01 5.16983390e-01 5.09128809e-01
    5.12006581e-01 5.19417226e-01 5.08258641e-01 5.08750200e-01
    5.04594088e-01 5.12820721e-01 5.08253217e-01 5.06449819e-01
    5.11228383e-01 5.13289809e-01 5.18135190e-01 5.08472025e-01
    5.07915735e-01 5.10411739e-01 5.09433508e-01 5.11434853e-01
    5.16657829e-01 5.09401202e-01 5.03184617e-01 5.15723765e-01
    5.17218769e-01 5.17512262e-01 5.14746010e-01 5.13242245e-01
    5.08004487e-01 4.96185541e-01 5.01540661e-01 4.92784619e-01
    5.00903368e-01 4.92848665e-01 4.96747196e-01 4.95774865e-01
    4.89708692e-01 4.89904165e-01 4.91895914e-01 4.95846719e-01
    5.00144780e-01 4.95061815e-01 4.93995309e-01 4.89358276e-01
    4.88936245e-01 4.95552659e-01 5.03970265e-01 4.93915826e-01
    4.98430640e-01 5.01760244e-01 5.10436833e-01 5.04805744e-01
    5.04177690e-01 5.09242952e-01 5.00208437e-01 5.00703812e-01
    5.07206738e-01 4.93684232e-01 5.00800610e-01 5.00014246e-01
    5.04609168e-01 5.14162481e-01 5.07117629e-01 4.99225616e-01
    5.03408670e-01 4.99930799e-01 4.88334179e-01 4.88170534e-01
    4.92104232e-01 4.98257518e-01 5.00000954e-01 4.99752790e-01
    4.99649704e-01 4.95254815e-01 4.97503370e-01 4.92440611e-01
    5.01108766e-01 4.97983754e-01 4.92746860e-01 4.91275460e-01
    4.99069005e-01 5.07281661e-01 5.18507957e-01 5.19780099e-01
    5.10226548e-01 5.05696476e-01 5.00811040e-01 4.98869747e-01
    5.01644611e-01 5.10022581e-01 5.10023952e-01 5.11057019e-01
    5.08852899e-01 5.02431929e-01 5.08497715e-01 5.10716975e-01
    5.10931969e-01 5.04840314e-01 4.93477941e-01 4.87214684e-01
    4.93850797e-01 5.04573166e-01 5.02150834e-01 5.03029466e-01
    4.99718010e-01 5.00852346e-01 4.95344728e-01 4.96395826e-01
    4.91475880e-01 4.97131139e-01 5.00960290e-01 4.92064953e-01
    4.89020288e-01 4.89277720e-01 4.91865247e-01 4.93408322e-01
    4.99318242e-01 4.98169035e-01 4.90619123e-01 5.00329375e-01
    5.00421643e-01 5.03314495e-01 5.06750524e-01 5.06457508e-01
    5.05997717e-01 5.10564744e-01 5.07200301e-01 5.03692806e-01
    5.04300117e-01 4.98316735e-01 5.02011836e-01 5.01617730e-01
    4.74356413e-01 4.39991713e-01 4.09829289e-01 3.83335114e-01
    3.48885268e-01 3.17540169e-01 2.88097471e-01 2.55888999e-01
    2.62548834e-01 2.87953973e-01 3.26474011e-01 3.63098383e-01
    3.92561525e-01 4.20725614e-01 4.56997067e-01 4.83915389e-01
    5.12034595e-01 5.28849721e-01 5.34646451e-01 5.38136601e-01
    5.37087142e-01 5.32117784e-01 5.30307293e-01 5.24948120e-01
    5.26491940e-01 5.24936676e-01 5.25115311e-01 5.21161020e-01
    5.08822381e-01 5.10917485e-01 4.99328166e-01 4.92077976e-01
    4.90569770e-01 4.95783180e-01 4.93680835e-01 4.92317706e-01
    4.82781470e-01 4.79253173e-01 4.82661843e-01 4.82070714e-01
    4.89915192e-01 4.88241702e-01 4.90207702e-01 4.94647473e-01
    4.87524241e-01 4.88633454e-01 4.89987314e-01 5.00898302e-01
    5.03377080e-01 5.03895938e-01 5.05234301e-01 5.03468037e-01
    5.01893938e-01 5.04748225e-01 5.09658158e-01 5.04588187e-01
    5.02442598e-01 5.04098177e-01 5.11729181e-01 5.14051974e-01
    5.10331392e-01 5.14377534e-01 5.13769686e-01 5.10371327e-01
    5.10152519e-01 5.01960099e-01 5.05385995e-01 4.94631320e-01
    4.93956983e-01 4.91838038e-01 4.94840920e-01 4.97809649e-01
    4.99205589e-01 4.98414725e-01 4.92095560e-01 4.84785408e-01
    4.69360292e-01 4.65887874e-01 4.68805194e-01 4.77335125e-01
    4.92077112e-01 5.02180696e-01 5.05546212e-01 5.01751602e-01
    4.97333497e-01 4.91585642e-01 4.93793160e-01 4.94566917e-01
    4.86874372e-01 4.82012510e-01 4.80075210e-01 4.89730269e-01
    4.79391098e-01 4.89298701e-01 5.07929683e-01 5.00159264e-01
    4.90157396e-01 4.87290770e-01 4.81561184e-01 4.76162702e-01
    4.75844502e-01 4.77053136e-01 4.93617713e-01 4.97026056e-01
    5.02400279e-01 5.09811163e-01 5.21563590e-01 5.28058290e-01
    5.22808373e-01 5.35712183e-01 5.47011673e-01 5.36307931e-01
    5.35086870e-01 5.46981394e-01 5.37988305e-01 5.38555622e-01
    5.44645488e-01 5.49624503e-01 5.62071919e-01 5.48968017e-01
    5.39686441e-01 5.28117537e-01 5.26991725e-01 5.24751067e-01
    5.22572100e-01 5.18522263e-01 5.15448809e-01 5.05798221e-01
    5.07668376e-01 5.16639173e-01 5.06280601e-01 5.04720211e-01
    5.02816021e-01 5.08173823e-01 5.06950200e-01 5.03347397e-01
    5.07861555e-01 5.07985294e-01 5.14541209e-01 5.05096555e-01
    5.08732617e-01 5.10401487e-01 5.11623740e-01 5.14161050e-01
    5.16177356e-01 5.10832489e-01 4.99535054e-01 5.08475304e-01
    5.08332610e-01 5.05713105e-01 5.07317424e-01 5.02464592e-01
    4.96808559e-01 4.90202963e-01 4.96795714e-01 4.86872733e-01
    4.98929918e-01 4.86918867e-01 4.88648295e-01 4.87106115e-01
    4.82265472e-01 4.84211802e-01 4.84517992e-01 4.88715410e-01
    4.94357020e-01 4.93662536e-01 4.92261410e-01 4.83724385e-01
    4.84024972e-01 4.91176277e-01 4.96771306e-01 4.88234788e-01
    4.94002640e-01 4.95580316e-01 5.04344761e-01 5.01039445e-01
    5.02603710e-01 5.06426632e-01 4.98797864e-01 4.97701049e-01
    5.07165372e-01 4.94203448e-01 5.00149846e-01 4.98902291e-01
    5.07219434e-01 5.14358401e-01 5.08418620e-01 5.00967860e-01
    5.06394506e-01 5.02301633e-01 4.92386401e-01 4.93668050e-01
    4.95937496e-01 5.01173854e-01 5.00274360e-01 5.01175165e-01
    4.99679357e-01 4.93922412e-01 4.97915208e-01 4.94025916e-01
    5.06617188e-01 5.00082135e-01 4.96541947e-01 4.91165429e-01
    4.97216314e-01 5.01299381e-01 5.14231503e-01 5.12055874e-01
    5.02924263e-01 4.97271866e-01 4.92629588e-01 4.92866069e-01
    4.94005024e-01 5.06931126e-01 5.05508780e-01 5.03374994e-01
    5.00218451e-01 4.91919428e-01 5.00566661e-01 5.05385935e-01
    5.08849382e-01 5.04809499e-01 4.94790256e-01 4.86640841e-01
    4.95118588e-01 5.05842805e-01 5.05997479e-01 5.06258309e-01
    5.03113806e-01 5.04569650e-01 4.95228916e-01 4.98505086e-01
    4.93128508e-01 4.98493671e-01 5.00597239e-01 4.92193043e-01
    4.87616539e-01 4.90272403e-01 4.94173229e-01 4.97651637e-01
    5.04953325e-01 5.03421009e-01 4.96046543e-01 5.04763424e-01
    5.06220281e-01 5.08143961e-01 5.08672833e-01 5.08631885e-01
    5.10029197e-01 5.19460082e-01 5.17966509e-01 5.16740739e-01
    5.17884791e-01 5.12562215e-01 5.15057683e-01 5.12459695e-01
    4.84607905e-01 4.49286163e-01 4.18697238e-01 3.91525894e-01
    3.56608808e-01 3.23670268e-01 2.95335978e-01 2.65836358e-01
    2.61769921e-01 2.87828803e-01 3.25326741e-01 3.60647678e-01
    3.88321787e-01 4.18300837e-01 4.52549428e-01 4.79674011e-01
    5.08977652e-01 5.24461687e-01 5.31332314e-01 5.34753621e-01
    5.34440815e-01 5.32822967e-01 5.30136347e-01 5.24970293e-01
    5.23687065e-01 5.19250929e-01 5.19073308e-01 5.18615544e-01
    5.05916536e-01 5.11176765e-01 4.98975545e-01 4.92016762e-01
    4.90602463e-01 4.96574968e-01 4.96683657e-01 4.94542807e-01
    4.87806112e-01 4.84248400e-01 4.83726054e-01 4.80551034e-01
    4.86951053e-01 4.85168248e-01 4.90766287e-01 4.96883333e-01
    4.88619775e-01 4.90601033e-01 4.91574913e-01 5.00284195e-01
    5.06235957e-01 5.08728206e-01 5.07286012e-01 5.03863513e-01
    5.02976954e-01 5.06515503e-01 5.10599971e-01 5.05142450e-01
    5.03130019e-01 5.04303753e-01 5.12554288e-01 5.13512492e-01
    5.07483423e-01 5.13043463e-01 5.12060523e-01 5.09124696e-01
    5.09757042e-01 4.99789208e-01 4.99796122e-01 4.88891631e-01
    4.87809807e-01 4.85653639e-01 4.84573871e-01 4.90357786e-01
    4.94638264e-01 4.96291161e-01 4.91186887e-01 4.85543847e-01
    4.71950084e-01 4.68009591e-01 4.65197951e-01 4.75218862e-01
    4.85749483e-01 4.98149693e-01 5.02007484e-01 4.98240858e-01
    4.92553025e-01 4.87364560e-01 4.87612844e-01 4.92463171e-01
    4.83324796e-01 4.78241265e-01 4.75993782e-01 4.84174758e-01
    4.71622437e-01 4.78098899e-01 4.97480124e-01 4.94724751e-01
    4.81623232e-01 4.80632246e-01 4.71624494e-01 4.66083318e-01
    4.68430996e-01 4.70099658e-01 4.86424953e-01 4.90812212e-01
    4.97885436e-01 5.03264546e-01 5.11840403e-01 5.17009258e-01
    5.10221660e-01 5.24887085e-01 5.35962701e-01 5.26006460e-01
    5.23259282e-01 5.38294435e-01 5.31817496e-01 5.35367548e-01
    5.40750980e-01 5.42981982e-01 5.54743886e-01 5.42293072e-01
    5.30910134e-01 5.15125513e-01 5.15097141e-01 5.17558575e-01
    5.17276943e-01 5.17146111e-01 5.16376793e-01 5.10802329e-01
    5.10312557e-01 5.17714322e-01 5.06814241e-01 5.03200173e-01
    5.01191378e-01 5.05764723e-01 5.03760874e-01 5.03067791e-01
    5.10773003e-01 5.12870193e-01 5.22122920e-01 5.12388408e-01
    5.11614025e-01 5.11505067e-01 5.11917830e-01 5.10823309e-01
    5.11619329e-01 5.07152021e-01 4.96703744e-01 5.06002963e-01
    5.05416453e-01 5.00985265e-01 5.00638247e-01 4.99154598e-01
    4.94655192e-01 4.85745639e-01 4.93943006e-01 4.84584451e-01
    4.96618658e-01 4.88946170e-01 4.89869326e-01 4.87469345e-01
    4.83480543e-01 4.84509140e-01 4.85324353e-01 4.90875751e-01
    4.96738017e-01 4.94697392e-01 4.92065549e-01 4.87852812e-01
    4.85209703e-01 4.91514653e-01 4.96834517e-01 4.86273825e-01
    4.89134371e-01 4.88885254e-01 4.98402625e-01 4.98328805e-01
    4.97679442e-01 5.01774132e-01 4.91599649e-01 4.89962339e-01
    5.00298798e-01 4.89165246e-01 4.95423704e-01 4.94242370e-01
    5.00263155e-01 5.06818712e-01 5.02637565e-01 4.95977312e-01
    5.01042664e-01 5.00156105e-01 4.91930425e-01 4.91905957e-01
    4.94068444e-01 5.02378941e-01 5.01479685e-01 5.06504059e-01
    5.07272840e-01 4.96674716e-01 5.01469135e-01 4.97335374e-01
    5.14257610e-01 5.09175777e-01 5.10139346e-01 5.02828538e-01
    5.06332099e-01 5.11490226e-01 5.24304807e-01 5.22367835e-01
    5.10286868e-01 5.02731264e-01 4.95206833e-01 4.95995551e-01
    4.94952828e-01 5.05540788e-01 5.06184161e-01 5.00007272e-01
    4.99461681e-01 4.88537431e-01 4.95886207e-01 4.98291820e-01
    5.03988326e-01 4.99969780e-01 4.90435243e-01 4.79643852e-01
    4.87184972e-01 4.99827415e-01 4.98718381e-01 5.00571251e-01
    4.96267527e-01 5.00397205e-01 4.93069142e-01 4.98841345e-01
    4.94974017e-01 5.00617743e-01 5.01195908e-01 4.93486047e-01
    4.87930864e-01 4.87747312e-01 4.93075430e-01 4.96157169e-01
    5.03970027e-01 5.02458632e-01 4.95245099e-01 5.04635990e-01
    5.06651878e-01 5.10410309e-01 5.09814620e-01 5.07021964e-01
    5.06516576e-01 5.17709196e-01 5.13038099e-01 5.12014329e-01
    5.12237489e-01 5.09224474e-01 5.11558115e-01 5.10418296e-01
    4.82823312e-01 4.47774649e-01 4.18266088e-01 3.90295148e-01
    3.57479930e-01 3.24516952e-01 2.94289470e-01 2.64418215e-01
    2.57667482e-01 2.81514645e-01 3.19156080e-01 3.52849275e-01
    3.81148010e-01 4.11298484e-01 4.44059640e-01 4.70217615e-01
    5.00917137e-01 5.18330872e-01 5.24304867e-01 5.28235018e-01
    5.28323054e-01 5.30327618e-01 5.29030085e-01 5.26831985e-01
    5.25008619e-01 5.21157980e-01 5.21224737e-01 5.22666156e-01
    5.11329293e-01 5.14462948e-01 5.03506184e-01 4.99234438e-01
    4.98795450e-01 5.01585603e-01 4.99713778e-01 4.99610454e-01
    4.93575066e-01 4.89439100e-01 4.86080110e-01 4.81929749e-01
    4.85368282e-01 4.86767769e-01 4.91167665e-01 5.00689745e-01
    4.90492165e-01 4.93656069e-01 4.96238589e-01 5.06068707e-01
    5.10928512e-01 5.13967216e-01 5.15192688e-01 5.13381183e-01
    5.13158500e-01 5.14172435e-01 5.21703064e-01 5.18353343e-01
    5.18668771e-01 5.18654823e-01 5.24125755e-01 5.25399029e-01
    5.19705653e-01 5.25307536e-01 5.24754763e-01 5.19056380e-01
    5.16639709e-01 5.07140636e-01 5.07769227e-01 4.95636046e-01
    4.97632802e-01 4.94711608e-01 4.95853156e-01 5.00307679e-01
    5.03899336e-01 5.04304528e-01 5.02482057e-01 4.94452566e-01
    4.77971584e-01 4.71391231e-01 4.69904184e-01 4.78460014e-01
    4.91824210e-01 5.05555987e-01 5.10529995e-01 5.04276693e-01
    4.99802262e-01 4.91505921e-01 4.91371214e-01 4.95235354e-01
    4.85502422e-01 4.79462564e-01 4.78883177e-01 4.86406237e-01
    4.74966526e-01 4.82870013e-01 5.01407623e-01 4.98602062e-01
    4.86382902e-01 4.87373084e-01 4.76441473e-01 4.69209015e-01
    4.71264899e-01 4.71291035e-01 4.86725628e-01 4.89298612e-01
    4.95327771e-01 5.02548754e-01 5.12663126e-01 5.15994906e-01
    5.11363983e-01 5.27203381e-01 5.38500249e-01 5.32637298e-01
    5.28308034e-01 5.41477799e-01 5.33101022e-01 5.37753761e-01
    5.43905854e-01 5.47602355e-01 5.60590386e-01 5.50417423e-01
    5.42195261e-01 5.25759280e-01 5.23510277e-01 5.24049878e-01
    5.26010334e-01 5.23152351e-01 5.22223771e-01 5.15622079e-01
    5.14267325e-01 5.22326946e-01 5.13210058e-01 5.09262741e-01
    5.05858600e-01 5.09755850e-01 5.07800937e-01 5.05590141e-01
    5.11584401e-01 5.12985528e-01 5.25974154e-01 5.16583323e-01
    5.15094757e-01 5.13218820e-01 5.13469040e-01 5.13358295e-01
    5.14434755e-01 5.08132279e-01 4.97921616e-01 5.09036779e-01
    5.06669641e-01 5.01746178e-01 5.04229367e-01 5.00460088e-01
    4.99401331e-01 4.89540726e-01 4.97427881e-01 4.85295415e-01
    4.98259634e-01 4.92075026e-01 4.92604315e-01 4.88181651e-01
    4.83383805e-01 4.83784825e-01 4.86389488e-01 4.91102666e-01
    4.95521635e-01 4.95272070e-01 4.92599070e-01 4.85277593e-01
    4.86781478e-01 4.90093350e-01 4.97334003e-01 4.85720128e-01
    4.87987965e-01 4.88545418e-01 4.99438882e-01 5.00099182e-01
    5.03415465e-01 5.08609951e-01 4.96843010e-01 4.92071450e-01
    5.00728905e-01 4.87713695e-01 4.94371653e-01 4.94759738e-01
    5.02478004e-01 5.07866323e-01 5.07056832e-01 4.98925954e-01
    5.05752206e-01 5.08234978e-01 4.97373223e-01 4.92325634e-01
    4.90100354e-01 4.97130692e-01 4.95176077e-01 5.01566708e-01
    5.03442526e-01 4.96391565e-01 5.00184894e-01 4.94925112e-01
    5.12334585e-01 5.06863892e-01 5.09145856e-01 4.98564720e-01
    5.02947390e-01 5.04452169e-01 5.15015543e-01 5.11568487e-01
    5.04886270e-01 5.00287414e-01 4.93717283e-01 4.92505193e-01
    4.93679941e-01 5.05442262e-01 5.06046116e-01 5.01524806e-01
    5.01673698e-01 4.89249736e-01 4.94361341e-01 4.95231390e-01
    5.02917826e-01 4.96099174e-01 4.91177768e-01 4.80421096e-01
    4.91501153e-01 5.03408790e-01 5.00743806e-01 5.02703190e-01
    5.01609743e-01 5.04641414e-01 4.95777130e-01 4.98052537e-01
    4.96469557e-01 5.03279507e-01 5.02581060e-01 4.95979786e-01
    4.89109546e-01 4.85262632e-01 4.92522806e-01 4.92513031e-01
    5.03226459e-01 5.00909865e-01 4.94302183e-01 5.05537570e-01
    5.03765464e-01 5.07019222e-01 5.07715762e-01 5.06440341e-01
    5.07459641e-01 5.16482651e-01 5.08971691e-01 5.11140585e-01
    5.08305609e-01 5.04193306e-01 5.10031641e-01 5.10999560e-01
    4.84203547e-01 4.46731865e-01 4.16566342e-01 3.86660278e-01
    3.53404999e-01 3.22937161e-01 2.91859537e-01 2.61000067e-01
    2.57405996e-01 2.79387116e-01 3.16176534e-01 3.49871546e-01
    3.79395425e-01 4.12755549e-01 4.44290459e-01 4.70778435e-01
    5.02267241e-01 5.17870903e-01 5.21933198e-01 5.24551094e-01
    5.26444137e-01 5.29023886e-01 5.27451098e-01 5.20306885e-01
    5.16882479e-01 5.15240490e-01 5.17689228e-01 5.22083700e-01
    5.08698940e-01 5.11420071e-01 4.97965813e-01 4.98316884e-01
    4.97397512e-01 4.96437997e-01 4.94363636e-01 4.96352494e-01
    4.88355726e-01 4.85863537e-01 4.78889287e-01 4.77098286e-01
    4.81743783e-01 4.83060867e-01 4.88903433e-01 4.98776972e-01
    4.85180378e-01 4.88914579e-01 4.88420725e-01 4.98968720e-01
    5.03211856e-01 5.09262323e-01 5.12472689e-01 5.12871146e-01
    5.11690080e-01 5.16186357e-01 5.21165550e-01 5.22013724e-01
    5.22417724e-01 5.22630215e-01 5.30182779e-01 5.30508339e-01
    5.21580279e-01 5.28259635e-01 5.29191673e-01 5.26124954e-01
    5.19048989e-01 5.08556843e-01 5.04777193e-01 4.94136006e-01
    4.98127580e-01 4.98251706e-01 4.98821497e-01 5.00023365e-01
    5.01217842e-01 4.99288380e-01 4.96364743e-01 4.87431556e-01
    4.71129537e-01 4.69013780e-01 4.67000186e-01 4.73702341e-01
    4.85837966e-01 5.03196180e-01 5.07983863e-01 5.04078984e-01
    5.01603842e-01 4.92124528e-01 4.93287355e-01 4.98272032e-01
    4.89951581e-01 4.82900172e-01 4.83519256e-01 4.92728978e-01
    4.81907398e-01 4.91673976e-01 5.08674443e-01 5.07097065e-01
    4.96278614e-01 4.96010661e-01 4.86293137e-01 4.79028404e-01
    4.80117559e-01 4.80367362e-01 4.95349139e-01 4.92672354e-01
    4.97538298e-01 5.05515873e-01 5.17730772e-01 5.21196544e-01
    5.15791774e-01 5.29460371e-01 5.37410915e-01 5.32021463e-01
    5.27546942e-01 5.42203307e-01 5.38092732e-01 5.40375233e-01
    5.45987427e-01 5.50911546e-01 5.62255561e-01 5.49917519e-01
    5.44411600e-01 5.25006294e-01 5.22582412e-01 5.23584545e-01
    5.22653818e-01 5.19705772e-01 5.19976139e-01 5.15528679e-01
    5.12324631e-01 5.19097149e-01 5.08375823e-01 5.04732370e-01
    5.02183855e-01 5.02471983e-01 5.00962734e-01 5.00523508e-01
    5.08366585e-01 5.10747075e-01 5.26777864e-01 5.19409478e-01
    5.15452206e-01 5.18072307e-01 5.19822359e-01 5.20033360e-01
    5.20905793e-01 5.17786145e-01 5.11083603e-01 5.23363709e-01
    5.16905904e-01 5.12023866e-01 5.16208112e-01 5.13808250e-01
    5.11080205e-01 5.04444957e-01 5.14554203e-01 5.02065837e-01
    5.13241768e-01 5.08289456e-01 5.05360603e-01 5.01973271e-01
    4.98662114e-01 4.99510735e-01 5.01620531e-01 5.03553689e-01
    5.06473005e-01 5.07849216e-01 5.04028440e-01 4.99219805e-01
    4.98417199e-01 4.98278975e-01 5.01364112e-01 4.85731184e-01
    4.88142490e-01 4.87526238e-01 4.95379269e-01 4.98188078e-01
    5.01994014e-01 5.08109987e-01 4.96722698e-01 4.91416752e-01
    4.97334659e-01 4.84658390e-01 4.90822643e-01 4.92846727e-01
    4.97903228e-01 5.01764238e-01 5.04349947e-01 4.96237278e-01
    5.02531588e-01 5.04787564e-01 4.96524185e-01 4.92828250e-01
    4.89807039e-01 4.95373458e-01 4.91543889e-01 4.94062006e-01
    4.93430793e-01 4.89680946e-01 4.94276196e-01 4.89881277e-01
    5.04632294e-01 4.97810304e-01 5.02694964e-01 4.90682662e-01
    4.95374590e-01 4.99318421e-01 5.09567261e-01 5.08939564e-01
    5.04411042e-01 5.01720309e-01 4.96416479e-01 4.93457139e-01
    4.98147249e-01 5.13175726e-01 5.13692141e-01 5.09457707e-01
    5.07788360e-01 4.95460212e-01 5.03890276e-01 5.00500798e-01
    5.08739591e-01 5.03406703e-01 4.94367450e-01 4.87046510e-01
    4.94446605e-01 5.05395949e-01 5.02683163e-01 5.01166284e-01
    5.02020419e-01 5.03554702e-01 4.91889805e-01 4.93377060e-01
    4.92813706e-01 5.00140011e-01 5.01272559e-01 4.94057566e-01
    4.90528464e-01 4.87488240e-01 4.93967146e-01 4.98657614e-01
    5.07314444e-01 5.04662037e-01 5.00667036e-01 5.08364677e-01
    5.09070218e-01 5.10755181e-01 5.10586441e-01 5.08016944e-01
    5.12195110e-01 5.18170476e-01 5.12525141e-01 5.15791893e-01
    5.12643874e-01 5.07874370e-01 5.09923816e-01 5.11437774e-01
    4.82976854e-01 4.44494069e-01 4.15011853e-01 3.82696956e-01
    3.51460874e-01 3.20104986e-01 2.89704382e-01 2.60006577e-01
    2.64149696e-01 2.87260979e-01 3.22789669e-01 3.55304241e-01
    3.84087950e-01 4.19334292e-01 4.50671524e-01 4.77847219e-01
    5.07523954e-01 5.20197630e-01 5.20884454e-01 5.24841964e-01
    5.25798917e-01 5.26747048e-01 5.25888443e-01 5.18757761e-01
    5.15594780e-01 5.18717706e-01 5.20496309e-01 5.24832726e-01
    5.14987707e-01 5.19484818e-01 5.06532311e-01 5.06101310e-01
    5.04549801e-01 5.04211128e-01 5.03242135e-01 5.08858979e-01
    4.99581218e-01 4.95112896e-01 4.87565875e-01 4.84887749e-01
    4.90886122e-01 4.91579413e-01 4.94287550e-01 5.04394472e-01
    4.90858972e-01 4.91135865e-01 4.90547746e-01 4.99455631e-01
    5.05727410e-01 5.12471318e-01 5.17998755e-01 5.16992629e-01
    5.13939261e-01 5.19638062e-01 5.25375664e-01 5.27714133e-01
    5.28933644e-01 5.29463470e-01 5.35856664e-01 5.35151184e-01
    5.24116278e-01 5.31033933e-01 5.34061611e-01 5.28746426e-01
    5.20323694e-01 5.09552300e-01 5.03467262e-01 4.92934138e-01
    4.95807737e-01 4.97692525e-01 4.95850831e-01 4.96062160e-01
    4.93752420e-01 4.90942419e-01 4.88040149e-01 4.82164085e-01
    4.66858238e-01 4.67684627e-01 4.66240287e-01 4.71306384e-01
    4.81614262e-01 4.99359071e-01 5.03300726e-01 5.00078559e-01
    4.97197658e-01 4.91674811e-01 4.90490019e-01 4.97057796e-01
    4.90621626e-01 4.83485639e-01 4.84687835e-01 4.92405325e-01
    4.77385819e-01 4.85321105e-01 5.01324475e-01 4.99331176e-01
    4.87729311e-01 4.90811050e-01 4.83872116e-01 4.77427989e-01
    4.81206059e-01 4.80588406e-01 4.91675735e-01 4.90459174e-01
    4.91846502e-01 4.95505005e-01 5.12485564e-01 5.14498413e-01
    5.10716140e-01 5.27141154e-01 5.35578310e-01 5.30042470e-01
    5.27227938e-01 5.43240607e-01 5.39996922e-01 5.37928700e-01
    5.44414163e-01 5.46822727e-01 5.57667673e-01 5.46817958e-01
    5.38809001e-01 5.24228752e-01 5.23040473e-01 5.23084462e-01
    5.23056686e-01 5.19428849e-01 5.19037724e-01 5.13088286e-01
    5.08522868e-01 5.12650073e-01 5.03600299e-01 4.97869581e-01
    4.97047812e-01 4.95309234e-01 4.92090911e-01 4.90577519e-01
    4.97804135e-01 5.01322448e-01 5.14741600e-01 5.08547843e-01
    5.03995717e-01 5.06984711e-01 5.11530638e-01 5.10618031e-01
    5.13307393e-01 5.11300862e-01 5.06203473e-01 5.16679943e-01
    5.08631825e-01 5.03321290e-01 5.07954299e-01 5.09259105e-01
    5.08455873e-01 5.02727926e-01 5.14886737e-01 5.01954675e-01
    5.13411999e-01 5.07631183e-01 5.04522920e-01 4.98420298e-01
    4.94908363e-01 4.98875320e-01 5.00634611e-01 5.01629949e-01
    5.04952967e-01 5.10361195e-01 5.06064355e-01 5.02415001e-01
    4.99841392e-01 4.97293204e-01 5.00294149e-01 4.83448505e-01
    4.88222986e-01 4.88884419e-01 4.96125817e-01 4.97152090e-01
    5.01834631e-01 5.08589506e-01 4.95003760e-01 4.90663081e-01
    4.96915430e-01 4.84634519e-01 4.87914622e-01 4.92552966e-01
    4.96292859e-01 5.01706064e-01 5.05453169e-01 4.99448955e-01
    5.05740345e-01 5.07768452e-01 4.97150421e-01 4.93990034e-01
    4.93772715e-01 4.97088373e-01 4.92839456e-01 4.96228307e-01
    4.96676892e-01 4.92594928e-01 4.95453000e-01 4.89233077e-01
    5.01807272e-01 4.98350024e-01 5.01869380e-01 4.91570443e-01
    4.93463963e-01 4.95929539e-01 5.02392471e-01 5.02802074e-01
    4.96987909e-01 4.92157072e-01 4.87986654e-01 4.85442102e-01
    4.90424007e-01 5.05205989e-01 5.07678986e-01 5.06905675e-01
    5.08312464e-01 4.95636165e-01 5.00724554e-01 4.97629195e-01
    5.02834082e-01 5.00323713e-01 4.96074080e-01 4.92261291e-01
    5.00143111e-01 5.11047840e-01 5.09053826e-01 5.08261621e-01
    5.09887755e-01 5.09917080e-01 4.95464087e-01 4.94811237e-01
    4.91455019e-01 4.97650683e-01 5.01826465e-01 4.95851427e-01
    4.92181391e-01 4.89994615e-01 4.94430453e-01 4.95713711e-01
    5.02005756e-01 4.96053904e-01 4.91074413e-01 4.99122351e-01
    5.02149761e-01 5.01390457e-01 5.01929700e-01 5.00886023e-01
    5.05374074e-01 5.09768188e-01 5.06374478e-01 5.07509768e-01
    5.02625346e-01 4.99772787e-01 5.06498933e-01 5.08488595e-01
    4.80090469e-01 4.43409413e-01 4.16622221e-01 3.86517227e-01
    3.54533464e-01 3.21239144e-01 2.92477608e-01 2.62586474e-01
    2.58311570e-01 2.84103215e-01 3.18290383e-01 3.49879473e-01
    3.78656685e-01 4.11983579e-01 4.41347510e-01 4.68454927e-01
    4.97639507e-01 5.11232376e-01 5.13618410e-01 5.18096209e-01
    5.19412816e-01 5.20004570e-01 5.19545555e-01 5.10970235e-01
    5.08019328e-01 5.13964415e-01 5.14808297e-01 5.19833803e-01
    5.10431170e-01 5.14959097e-01 5.04768074e-01 5.09276032e-01
    5.07570684e-01 5.09768903e-01 5.06974876e-01 5.13279617e-01
    5.05764246e-01 5.00333309e-01 4.92941648e-01 4.91305411e-01
    4.93570387e-01 4.95215833e-01 4.94260371e-01 5.03506005e-01
    4.90326464e-01 4.90731806e-01 4.89204228e-01 4.97220546e-01
    5.01742482e-01 5.10712862e-01 5.13232946e-01 5.15239954e-01
    5.11144280e-01 5.14618158e-01 5.20793200e-01 5.26917338e-01
    5.30966818e-01 5.33916295e-01 5.38507342e-01 5.37343502e-01
    5.23075759e-01 5.32903552e-01 5.37369609e-01 5.30925632e-01
    5.22128701e-01 5.11901796e-01 5.04448354e-01 4.97773170e-01
    4.98140752e-01 4.99661237e-01 5.00583410e-01 5.01541555e-01
    4.95301843e-01 4.93883759e-01 4.90996540e-01 4.87255722e-01
    4.74367440e-01 4.78172928e-01 4.73061830e-01 4.76333380e-01
    4.87577528e-01 5.05575299e-01 5.07588685e-01 5.04221559e-01
    4.99572247e-01 4.94554460e-01 4.95168567e-01 5.00171244e-01
    4.90781844e-01 4.86089051e-01 4.85384285e-01 4.93638277e-01
    4.79455918e-01 4.88001645e-01 5.04966438e-01 5.04998267e-01
    4.94222313e-01 4.98628706e-01 4.93919671e-01 4.85806793e-01
    4.87798929e-01 4.85978752e-01 4.94491547e-01 4.92759973e-01
    4.97503728e-01 5.02341688e-01 5.19039214e-01 5.18643439e-01
    5.12544096e-01 5.26824534e-01 5.35212815e-01 5.27921915e-01
    5.25355577e-01 5.42584181e-01 5.38598180e-01 5.35104513e-01
    5.42571723e-01 5.48870504e-01 5.60238481e-01 5.52835107e-01
    5.41367829e-01 5.22664130e-01 5.20938575e-01 5.20372808e-01
    5.23587465e-01 5.22227883e-01 5.21778286e-01 5.16717315e-01
    5.12741864e-01 5.12970984e-01 5.01324832e-01 4.96778071e-01
    4.93286580e-01 4.93360251e-01 4.87589061e-01 4.83527720e-01
    4.89441186e-01 4.94952768e-01 5.10463595e-01 5.05706668e-01
    4.98593450e-01 5.01938343e-01 5.05917370e-01 5.05587578e-01
    5.06836534e-01 5.02003789e-01 5.00497460e-01 5.11981845e-01
    5.01064599e-01 4.96313393e-01 5.00362575e-01 5.01243114e-01
    5.04681647e-01 4.99192238e-01 5.11494815e-01 4.97821093e-01
    5.11188507e-01 5.09505332e-01 5.05313754e-01 4.98125881e-01
    4.94030356e-01 4.98038232e-01 5.02772212e-01 5.02959907e-01
    5.06828308e-01 5.16720831e-01 5.13682246e-01 5.08788586e-01
    5.07812679e-01 5.00612378e-01 5.01935065e-01 4.85016227e-01
    4.92101908e-01 4.90030259e-01 4.97097909e-01 4.96479243e-01
    5.03419876e-01 5.11027515e-01 4.98011142e-01 4.93166715e-01
    4.96770352e-01 4.85584736e-01 4.88161057e-01 4.91983563e-01
    4.94781196e-01 4.99013782e-01 5.06475747e-01 5.05589485e-01
    5.10782659e-01 5.11926711e-01 5.02424896e-01 4.96491104e-01
    4.96507645e-01 4.95978951e-01 4.90275741e-01 4.92013782e-01
    4.91064459e-01 4.89032984e-01 4.89583164e-01 4.81662571e-01
    4.95966256e-01 4.94157016e-01 4.96985823e-01 4.84036803e-01
    4.82889891e-01 4.85193670e-01 4.90245461e-01 4.90118563e-01
    4.83960122e-01 4.79953647e-01 4.77399081e-01 4.73772466e-01
    4.77464527e-01 4.94697213e-01 4.96523917e-01 4.99244601e-01
    5.02565920e-01 4.87755269e-01 4.91364419e-01 4.88685638e-01
    4.95262355e-01 4.93126065e-01 4.92561907e-01 4.88804758e-01
    4.95052576e-01 5.05050063e-01 5.02901971e-01 5.04259229e-01
    5.06174564e-01 5.10925591e-01 4.93369043e-01 4.93043929e-01
    4.85125870e-01 4.89960223e-01 4.94817585e-01 4.90865618e-01
    4.88003433e-01 4.85490739e-01 4.87457246e-01 4.86958206e-01
    4.93883789e-01 4.88843113e-01 4.84849215e-01 4.94643003e-01
    4.97516036e-01 4.97528851e-01 4.98232871e-01 4.99036759e-01
    5.03265977e-01 5.07574499e-01 5.02065301e-01 5.01972914e-01
    4.99808788e-01 4.96087044e-01 5.01157999e-01 5.05112767e-01
    4.76431876e-01 4.38910782e-01 4.13096517e-01 3.84079397e-01
    3.50369632e-01 3.16175818e-01 2.88013309e-01 2.56269753e-01
    2.60593593e-01 2.88394600e-01 3.20085913e-01 3.52929085e-01
    3.81438911e-01 4.14810181e-01 4.42384869e-01 4.69860882e-01
    4.97638464e-01 5.10821879e-01 5.11976838e-01 5.19274771e-01
    5.18415868e-01 5.18732667e-01 5.20033956e-01 5.10766864e-01
    5.08333921e-01 5.14216006e-01 5.14193714e-01 5.20621955e-01
    5.12377501e-01 5.15863240e-01 5.05824685e-01 5.14421225e-01
    5.14736652e-01 5.18457472e-01 5.18501282e-01 5.20797193e-01
    5.12172163e-01 5.08874893e-01 5.02945721e-01 4.98220980e-01
    5.00967264e-01 5.01339912e-01 4.99462277e-01 5.06767273e-01
    4.94926512e-01 4.93990391e-01 4.95840132e-01 5.02534866e-01
    5.02852440e-01 5.12285233e-01 5.15171289e-01 5.17773926e-01
    5.14704525e-01 5.18147409e-01 5.24266243e-01 5.29390156e-01
    5.31509280e-01 5.31787455e-01 5.36866128e-01 5.38249731e-01
    5.26835024e-01 5.37789345e-01 5.41446269e-01 5.32807827e-01
    5.25298893e-01 5.17584205e-01 5.08248627e-01 4.99306619e-01
    4.97175694e-01 5.01296699e-01 5.02798676e-01 5.03516853e-01
    4.95386720e-01 4.96886224e-01 4.96918052e-01 4.91977423e-01
    4.77647513e-01 4.80222791e-01 4.74535704e-01 4.76633281e-01
    4.87721294e-01 5.04987895e-01 5.08074880e-01 5.03571153e-01
    4.99714971e-01 4.96405810e-01 4.94529009e-01 5.01441777e-01
    4.93369639e-01 4.91547406e-01 4.92002040e-01 4.98493880e-01
    4.86288816e-01 4.95970398e-01 5.13827741e-01 5.10115206e-01
    4.99371827e-01 5.03726602e-01 4.99688685e-01 4.88259107e-01
    4.88646328e-01 4.89008129e-01 4.93911058e-01 4.91128951e-01
    4.95307356e-01 4.96730030e-01 5.10122657e-01 5.07195294e-01
    5.03569186e-01 5.16919971e-01 5.25264919e-01 5.17714202e-01
    5.20217776e-01 5.37842572e-01 5.30790627e-01 5.27679324e-01
    5.37555516e-01 5.43563485e-01 5.52073777e-01 5.47378123e-01
    5.35504937e-01 5.14861166e-01 5.14706850e-01 5.13375342e-01
    5.17746925e-01 5.15910506e-01 5.15412867e-01 5.11108398e-01
    5.04876971e-01 5.01761138e-01 4.90592659e-01 4.87568706e-01
    4.86153722e-01 4.86216396e-01 4.79535103e-01 4.76240635e-01
    4.82653886e-01 4.89555568e-01 5.08200526e-01 5.04304945e-01
    4.98496741e-01 4.98582572e-01 4.99245912e-01 4.99373615e-01
    4.98743743e-01 4.96625751e-01 4.97160912e-01 5.07547975e-01
    4.98437077e-01 4.90071058e-01 4.94128644e-01 4.97514874e-01
    5.01278162e-01 4.96962965e-01 5.10556400e-01 4.96780843e-01
    5.10247350e-01 5.10272622e-01 5.06209612e-01 4.99063313e-01
    4.94124144e-01 5.00571251e-01 5.02454400e-01 5.00367343e-01
    5.05794346e-01 5.15046716e-01 5.13937831e-01 5.07909656e-01
    5.07615626e-01 4.99714106e-01 4.98848319e-01 4.84230608e-01
    4.92204398e-01 4.91179198e-01 4.97050703e-01 4.97751355e-01
    5.05019009e-01 5.13489366e-01 4.97287840e-01 4.92151827e-01
    4.97499317e-01 4.85950887e-01 4.89307851e-01 4.91210938e-01
    4.93869543e-01 4.98628616e-01 5.08414984e-01 5.07580638e-01
    5.11160672e-01 5.09954214e-01 4.99579161e-01 4.92231101e-01
    4.92259890e-01 4.95444745e-01 4.87623215e-01 4.89117682e-01
    4.88763988e-01 4.85425442e-01 4.85814333e-01 4.77675557e-01
    4.95748699e-01 4.93507355e-01 4.97690290e-01 4.84762102e-01
    4.84026402e-01 4.84781951e-01 4.89692301e-01 4.88083005e-01
    4.82896268e-01 4.78728145e-01 4.73485500e-01 4.73868579e-01
    4.76503998e-01 4.94329780e-01 4.98130679e-01 4.98873919e-01
    4.99509424e-01 4.80676174e-01 4.85439152e-01 4.79559064e-01
    4.83945966e-01 4.80425537e-01 4.78261977e-01 4.73902524e-01
    4.81834322e-01 4.92217839e-01 4.93602097e-01 4.95014131e-01
    4.95138049e-01 5.03477156e-01 4.83354539e-01 4.80400980e-01
    4.73038167e-01 4.80876356e-01 4.89540547e-01 4.86681700e-01
    4.85140055e-01 4.82950389e-01 4.87913042e-01 4.89639938e-01
    4.97722000e-01 4.90133494e-01 4.85085130e-01 4.93440419e-01
    4.97733861e-01 4.97251153e-01 4.95810300e-01 4.98097122e-01
    5.01687884e-01 5.10251284e-01 5.03898799e-01 5.03253341e-01
    4.97957200e-01 4.95607316e-01 5.00441849e-01 5.02152324e-01
    4.73549992e-01 4.35419738e-01 4.11319911e-01 3.83343726e-01
    3.48828971e-01 3.14119279e-01 2.85867363e-01 2.55563110e-01
    2.58804440e-01 2.87301093e-01 3.18865567e-01 3.52354884e-01
    3.81074488e-01 4.15274382e-01 4.43872690e-01 4.73006457e-01
    5.00977159e-01 5.13452649e-01 5.13435125e-01 5.21797717e-01
    5.22506714e-01 5.20808816e-01 5.22357106e-01 5.10135531e-01
    5.08199155e-01 5.12205303e-01 5.12018740e-01 5.18673420e-01
    5.08523345e-01 5.09559751e-01 5.01071155e-01 5.11939406e-01
    5.10778546e-01 5.12310624e-01 5.10376990e-01 5.14315784e-01
    5.05089045e-01 5.01765251e-01 4.97687399e-01 4.91528392e-01
    4.94586617e-01 4.97856379e-01 4.98459816e-01 5.02734363e-01
    4.90245819e-01 4.89148915e-01 4.91386473e-01 4.95050371e-01
    4.90963876e-01 5.01822114e-01 5.07780194e-01 5.11450052e-01
    5.09468019e-01 5.14791369e-01 5.18971503e-01 5.23648620e-01
    5.27267933e-01 5.28417408e-01 5.31076431e-01 5.31235754e-01
    5.23770332e-01 5.34271359e-01 5.38088500e-01 5.30350685e-01
    5.24263859e-01 5.20469546e-01 5.09889364e-01 5.00257552e-01
    5.00680506e-01 5.02708137e-01 5.00914514e-01 5.00906110e-01
    4.93143618e-01 4.94768173e-01 4.97480512e-01 4.93943959e-01
    4.78578985e-01 4.82879460e-01 4.79504377e-01 4.82207596e-01
    4.91359264e-01 5.08205831e-01 5.09428859e-01 5.03276825e-01
    5.01081645e-01 4.97267246e-01 4.97349560e-01 5.05842447e-01
    5.01406074e-01 4.99266982e-01 5.01038551e-01 5.05364656e-01
    4.92435157e-01 5.01731038e-01 5.15427053e-01 5.08319736e-01
    4.99898463e-01 5.05939603e-01 4.98847276e-01 4.86944169e-01
    4.88912255e-01 4.85133588e-01 4.92034137e-01 4.87361610e-01
    4.90404278e-01 4.92323160e-01 5.07559299e-01 5.03043234e-01
    4.98533159e-01 5.12183607e-01 5.20730257e-01 5.15245318e-01
    5.20788848e-01 5.34181476e-01 5.27010441e-01 5.27740121e-01
    5.35157263e-01 5.42907953e-01 5.53830504e-01 5.45728385e-01
    5.37126124e-01 5.18086791e-01 5.14493644e-01 5.11488378e-01
    5.14985919e-01 5.10434389e-01 5.11029780e-01 5.10668993e-01
    5.04162073e-01 5.00807524e-01 4.89346951e-01 4.86540228e-01
    4.84489352e-01 4.85262901e-01 4.75283056e-01 4.72115129e-01
    4.79464650e-01 4.84189570e-01 5.00720799e-01 4.98948783e-01
    4.92925733e-01 4.93522793e-01 4.96576756e-01 4.94139820e-01
    4.89610165e-01 4.89174336e-01 4.88169223e-01 4.98715997e-01
    4.90324199e-01 4.80276376e-01 4.85626757e-01 4.91633654e-01
    4.93113011e-01 4.90174174e-01 5.05764961e-01 4.92643207e-01
    5.04076779e-01 5.02788603e-01 4.97324139e-01 4.92896587e-01
    4.90589499e-01 4.98464972e-01 4.96695876e-01 4.97407407e-01
    5.05499899e-01 5.13694525e-01 5.12694538e-01 5.06450653e-01
    5.04955173e-01 4.98113394e-01 4.97555614e-01 4.79391426e-01
    4.88258272e-01 4.85358566e-01 4.92484540e-01 4.96039450e-01
    5.00653505e-01 5.09662151e-01 4.93588597e-01 4.90178078e-01
    4.92961496e-01 4.83088523e-01 4.87869143e-01 4.91129220e-01
    4.93624240e-01 5.01197040e-01 5.12178242e-01 5.11595190e-01
    5.16871750e-01 5.17796934e-01 5.09488285e-01 5.02486289e-01
    5.02715230e-01 5.04787624e-01 4.97123808e-01 5.00803113e-01
    4.99079227e-01 4.95752633e-01 4.94545132e-01 4.86925662e-01
    5.02099454e-01 4.98950779e-01 4.99844581e-01 4.86642450e-01
    4.85480726e-01 4.87063199e-01 4.88805592e-01 4.86988008e-01
    4.82797831e-01 4.79629606e-01 4.75927204e-01 4.74342406e-01
    4.73184526e-01 4.90429908e-01 4.95959491e-01 4.97015417e-01
    4.96281117e-01 4.79095310e-01 4.83554125e-01 4.74743515e-01
    4.79544878e-01 4.74800766e-01 4.74840343e-01 4.69144136e-01
    4.76262391e-01 4.84935313e-01 4.85893250e-01 4.87371504e-01
    4.89594281e-01 4.96647179e-01 4.79423732e-01 4.73837197e-01
    4.65146065e-01 4.75221395e-01 4.84668106e-01 4.82947826e-01
    4.84200865e-01 4.84469742e-01 4.88808781e-01 4.86012727e-01
    4.94169742e-01 4.85738963e-01 4.82226104e-01 4.91829693e-01
    4.96432662e-01 4.92727429e-01 4.92771536e-01 4.94942665e-01
    4.97361749e-01 5.09678841e-01 5.02751648e-01 5.02029717e-01
    5.00076175e-01 4.97240841e-01 5.01041770e-01 5.05171776e-01
    4.78249967e-01 4.41937298e-01 4.19963360e-01 3.91840816e-01
    3.54742855e-01 3.19716334e-01 2.92644620e-01 2.63142288e-01
    2.50042677e-01 2.80325353e-01 3.12531888e-01 3.45448643e-01
    3.76239777e-01 4.08943594e-01 4.35206950e-01 4.66200769e-01
    4.91651922e-01 5.01764178e-01 5.03561020e-01 5.12674689e-01
    5.12269378e-01 5.11706293e-01 5.14609933e-01 5.06774485e-01
    5.04831672e-01 5.11473238e-01 5.12831569e-01 5.17737210e-01
    5.09873748e-01 5.06626189e-01 5.01486719e-01 5.12546539e-01
    5.08385956e-01 5.13086855e-01 5.11379898e-01 5.16011834e-01
    5.07280767e-01 5.03674507e-01 5.00448465e-01 4.95028883e-01
    4.96629417e-01 4.99022216e-01 4.99337852e-01 5.00000477e-01
    4.88424748e-01 4.88819361e-01 4.94675696e-01 4.96365070e-01
    4.92985874e-01 5.04915118e-01 5.10232806e-01 5.13264000e-01
    5.11711240e-01 5.16902149e-01 5.20369411e-01 5.23992956e-01
    5.24923980e-01 5.27276278e-01 5.32398701e-01 5.30623019e-01
    5.24264157e-01 5.33897996e-01 5.34711719e-01 5.24359167e-01
    5.20057797e-01 5.17304242e-01 5.04275799e-01 4.96076971e-01
    4.97642875e-01 5.02344429e-01 5.04362464e-01 5.05058229e-01
    5.01415551e-01 5.03229618e-01 5.04738569e-01 5.00186205e-01
    4.86417294e-01 4.89457875e-01 4.89691973e-01 4.91925061e-01
    5.01666903e-01 5.14537871e-01 5.17342865e-01 5.11154115e-01
    5.09892821e-01 5.05315959e-01 5.02879143e-01 5.10478556e-01
    5.07223010e-01 5.06011188e-01 5.07603109e-01 5.11423409e-01
    5.00176311e-01 5.10831058e-01 5.22579968e-01 5.09905159e-01
    5.01634479e-01 5.06923676e-01 4.99801010e-01 4.85084146e-01
    4.89812255e-01 4.84607279e-01 4.91126001e-01 4.85260665e-01
    4.87367481e-01 4.90035802e-01 5.03497839e-01 4.99143928e-01
    4.94466245e-01 5.02985418e-01 5.09601533e-01 5.04321814e-01
    5.14931619e-01 5.28014481e-01 5.22691667e-01 5.25760949e-01
    5.36925554e-01 5.44606388e-01 5.57065189e-01 5.51687658e-01
    5.43531537e-01 5.23490548e-01 5.16472816e-01 5.12752652e-01
    5.18440008e-01 5.11766613e-01 5.11704981e-01 5.11392832e-01
    5.06276309e-01 5.01965821e-01 4.92086172e-01 4.90418702e-01
    4.87243325e-01 4.85974431e-01 4.76927519e-01 4.70975548e-01
    4.76287752e-01 4.82739091e-01 4.99519944e-01 5.01223981e-01
    4.94398892e-01 4.93199825e-01 4.97352719e-01 4.98543411e-01
    4.91394758e-01 4.90328908e-01 4.88013417e-01 4.98476952e-01
    4.89587367e-01 4.81937438e-01 4.86497819e-01 4.90106970e-01
    4.93625253e-01 4.92518246e-01 5.05946755e-01 4.92387086e-01
    4.99903619e-01 5.00340164e-01 4.94437665e-01 4.93742436e-01
    4.91015255e-01 5.01430213e-01 4.97842878e-01 5.01089215e-01
    5.06885350e-01 5.14774978e-01 5.13750196e-01 5.07907271e-01
    5.06715536e-01 4.98765707e-01 4.99244392e-01 4.84326839e-01
    4.95128751e-01 4.93893862e-01 5.01251936e-01 5.03352642e-01
    5.07737517e-01 5.15422761e-01 4.99402642e-01 4.99643981e-01
    4.99487311e-01 4.90278065e-01 4.92438495e-01 4.96370077e-01
    4.99673277e-01 5.09695292e-01 5.21357954e-01 5.19422770e-01
    5.22825062e-01 5.21961629e-01 5.14121473e-01 5.05550206e-01
    5.05612135e-01 5.07286072e-01 5.01742303e-01 5.04418194e-01
    5.02223253e-01 4.98159587e-01 4.96396929e-01 4.91918534e-01
    5.03940880e-01 4.99285609e-01 5.00123858e-01 4.87483501e-01
    4.83157814e-01 4.84741300e-01 4.84670639e-01 4.84514803e-01
    4.81080353e-01 4.80798185e-01 4.75415707e-01 4.74441469e-01
    4.72250879e-01 4.88867998e-01 4.94099349e-01 4.97702509e-01
    4.96694714e-01 4.80696738e-01 4.86056805e-01 4.74808782e-01
    4.78693992e-01 4.77260560e-01 4.76362735e-01 4.72889036e-01
    4.78772104e-01 4.86955583e-01 4.89846557e-01 4.91543829e-01
    4.90252733e-01 5.01003146e-01 4.85653192e-01 4.80837882e-01
    4.72189397e-01 4.80260074e-01 4.91195977e-01 4.87520635e-01
    4.90781158e-01 4.87678021e-01 4.91626799e-01 4.89697039e-01
    4.97204632e-01 4.87877488e-01 4.85261768e-01 4.91281122e-01
    4.93585199e-01 4.92702842e-01 4.89602804e-01 4.90594506e-01
    4.96375293e-01 5.05767941e-01 4.97802556e-01 4.95467335e-01
    4.97621566e-01 4.93415028e-01 4.98999745e-01 5.03613770e-01
    4.76199985e-01 4.40317869e-01 4.19217169e-01 3.89921308e-01
    3.53422582e-01 3.20462078e-01 2.92655468e-01 2.64360428e-01
    2.56169170e-01 2.85784543e-01 3.16164762e-01 3.47970605e-01
    3.77775162e-01 4.10992861e-01 4.39994574e-01 4.71076131e-01
    4.95604575e-01 5.02903461e-01 5.07007718e-01 5.12457073e-01
    5.12384593e-01 5.10920882e-01 5.10228634e-01 5.02548575e-01
    5.02776086e-01 5.08516073e-01 5.10305703e-01 5.14575303e-01
    5.10276973e-01 5.07912755e-01 5.04085183e-01 5.10697842e-01
    5.04024446e-01 5.10321319e-01 5.08985698e-01 5.10010719e-01
    5.03836095e-01 4.99758482e-01 4.96248990e-01 4.92882639e-01
    4.92870271e-01 4.92960721e-01 4.96033102e-01 4.96074110e-01
    4.88012880e-01 4.85163927e-01 4.91895050e-01 4.92207557e-01
    4.89245325e-01 5.01481891e-01 5.07297277e-01 5.09285688e-01
    5.10678172e-01 5.14090836e-01 5.18854380e-01 5.21326661e-01
    5.21148920e-01 5.22078812e-01 5.27185261e-01 5.22147357e-01
    5.14393926e-01 5.24351895e-01 5.27940929e-01 5.15788674e-01
    5.12149870e-01 5.11537135e-01 4.99807388e-01 4.90982533e-01
    4.93783385e-01 4.95944321e-01 4.99449670e-01 4.99306887e-01
    4.98637259e-01 5.00536442e-01 5.05367100e-01 4.99914497e-01
    4.89696920e-01 4.96718794e-01 4.98281419e-01 4.97384787e-01
    5.07175684e-01 5.18059075e-01 5.20587802e-01 5.14873981e-01
    5.15401065e-01 5.11902392e-01 5.12858152e-01 5.18134892e-01
    5.15183687e-01 5.11507452e-01 5.13440251e-01 5.18428743e-01
    5.10781944e-01 5.18565118e-01 5.28733850e-01 5.15313864e-01
    5.08486271e-01 5.14698565e-01 5.09143591e-01 4.95768964e-01
    4.98759747e-01 4.92153794e-01 4.95857716e-01 4.88894641e-01
    4.90802705e-01 4.90721494e-01 5.04783213e-01 4.99745101e-01
    4.94750828e-01 5.01651943e-01 5.07660151e-01 5.02182603e-01
    5.08903027e-01 5.22299230e-01 5.18358469e-01 5.21287143e-01
    5.31039119e-01 5.42038739e-01 5.52402020e-01 5.45928299e-01
    5.36388874e-01 5.19044876e-01 5.14283717e-01 5.11572301e-01
    5.16626835e-01 5.09433687e-01 5.08793712e-01 5.08263588e-01
    5.02343535e-01 4.98687655e-01 4.87596482e-01 4.87922221e-01
    4.83070016e-01 4.79353338e-01 4.67822254e-01 4.62451577e-01
    4.69088435e-01 4.77240652e-01 4.91528243e-01 4.96211916e-01
    4.88200575e-01 4.87476945e-01 4.93358940e-01 4.97969836e-01
    4.91425157e-01 4.93997157e-01 4.92607087e-01 5.03329813e-01
    4.91643429e-01 4.87643212e-01 4.93623614e-01 4.95763898e-01
    5.01943707e-01 5.02520263e-01 5.13442695e-01 5.02931833e-01
    5.08878946e-01 5.07387877e-01 4.99804467e-01 4.96564269e-01
    4.91063178e-01 5.02873421e-01 4.97835219e-01 5.01919210e-01
    5.07134438e-01 5.13452351e-01 5.12216926e-01 5.08917868e-01
    5.09660482e-01 4.98463839e-01 4.96229231e-01 4.82582092e-01
    4.91045415e-01 4.89227146e-01 4.98327494e-01 5.02556264e-01
    5.08270144e-01 5.14538407e-01 4.98793423e-01 5.00113368e-01
    4.99241382e-01 4.91579533e-01 4.95617807e-01 4.98529285e-01
    5.01045585e-01 5.11390746e-01 5.26327074e-01 5.25349259e-01
    5.26444256e-01 5.26048303e-01 5.17258406e-01 5.10119677e-01
    5.09156108e-01 5.08648455e-01 5.02662480e-01 5.05836904e-01
    5.02767742e-01 4.96665955e-01 4.92885262e-01 4.86356318e-01
    4.96121407e-01 4.89962041e-01 4.88444924e-01 4.75503922e-01
    4.73185986e-01 4.79045540e-01 4.77772295e-01 4.77455795e-01
    4.73084211e-01 4.73696381e-01 4.67519164e-01 4.69544739e-01
    4.66060281e-01 4.82530236e-01 4.92163718e-01 4.97828156e-01
    4.97726649e-01 4.83194083e-01 4.90214646e-01 4.83739644e-01
    4.84473467e-01 4.84826624e-01 4.83599424e-01 4.83254671e-01
    4.88463581e-01 4.96700197e-01 4.98817742e-01 5.02248287e-01
    5.00634432e-01 5.11613011e-01 4.93718296e-01 4.86165017e-01
    4.76395577e-01 4.86093223e-01 4.95620042e-01 4.90017503e-01
    4.92193133e-01 4.93113995e-01 4.95693654e-01 4.91577595e-01
    4.96696204e-01 4.87372696e-01 4.82466847e-01 4.88746583e-01
    4.89651918e-01 4.85914677e-01 4.83107269e-01 4.87091035e-01
    4.92641985e-01 5.02435863e-01 4.91197497e-01 4.90735501e-01
    4.92916822e-01 4.86587942e-01 4.89883870e-01 4.94839847e-01
    4.68603939e-01 4.33685243e-01 4.13987547e-01 3.86570394e-01
    3.50477666e-01 3.18960249e-01 2.92931944e-01 2.64828265e-01
    2.58867115e-01 2.87276924e-01 3.18628222e-01 3.51064354e-01
    3.82560432e-01 4.14883763e-01 4.43586230e-01 4.72846657e-01
    4.98363167e-01 5.03405333e-01 5.06354332e-01 5.13851285e-01
    5.13304353e-01 5.13264656e-01 5.09960473e-01 5.02654552e-01
    5.00314474e-01 5.02607763e-01 5.04420161e-01 5.07688344e-01
    5.00663936e-01 4.96475548e-01 4.96595711e-01 5.03582537e-01
    4.99610215e-01 5.07494926e-01 5.09591818e-01 5.11066139e-01
    5.03124416e-01 4.98151600e-01 4.92899239e-01 4.94089454e-01
    4.93485302e-01 4.92774457e-01 4.97094572e-01 4.98314828e-01
    4.88917619e-01 4.90022659e-01 4.98551160e-01 4.95263964e-01
    4.91511762e-01 4.99890298e-01 5.01440346e-01 5.01151383e-01
    5.03527045e-01 5.07147312e-01 5.12134194e-01 5.17170668e-01
    5.14638722e-01 5.14518857e-01 5.18819630e-01 5.15987337e-01
    5.09331405e-01 5.21930158e-01 5.24912596e-01 5.09890318e-01
    5.03740728e-01 5.03630042e-01 4.93708909e-01 4.90012258e-01
    4.94043291e-01 4.92762744e-01 4.95794326e-01 4.93103802e-01
    4.90039200e-01 4.92157966e-01 4.96758431e-01 4.93630797e-01
    4.84539419e-01 4.91469979e-01 4.90192801e-01 4.88700002e-01
    5.00435591e-01 5.14024436e-01 5.15558064e-01 5.10116279e-01
    5.07125080e-01 5.03410399e-01 5.05268216e-01 5.13200819e-01
    5.14132500e-01 5.12298584e-01 5.15333593e-01 5.21245837e-01
    5.12762427e-01 5.21237314e-01 5.27852356e-01 5.16513467e-01
    5.10173082e-01 5.16299009e-01 5.11245370e-01 4.98088181e-01
    5.01576364e-01 4.96539086e-01 4.98123229e-01 4.92322117e-01
    4.92107242e-01 4.92046088e-01 5.03860354e-01 4.95942146e-01
    4.93978530e-01 5.00434935e-01 5.02017319e-01 4.98689890e-01
    5.05211651e-01 5.17238498e-01 5.13614893e-01 5.13619065e-01
    5.24844587e-01 5.38801551e-01 5.47373950e-01 5.43660879e-01
    5.36416829e-01 5.19772768e-01 5.12742758e-01 5.12750208e-01
    5.18030345e-01 5.09605348e-01 5.09207070e-01 5.12051046e-01
    5.08818269e-01 5.04559398e-01 4.92172837e-01 4.89348292e-01
    4.87017274e-01 4.82962430e-01 4.68763262e-01 4.61392164e-01
    4.68185812e-01 4.75239068e-01 4.89640087e-01 4.97873396e-01
    4.88354117e-01 4.90638345e-01 4.93901014e-01 4.98662204e-01
    4.88805890e-01 4.87046331e-01 4.87499148e-01 4.98726249e-01
    4.92379457e-01 4.87812072e-01 4.93372083e-01 4.97663289e-01
    5.06315231e-01 5.04181802e-01 5.11610389e-01 5.02044141e-01
    5.06261349e-01 5.06184578e-01 4.97498393e-01 4.96522754e-01
    4.90759730e-01 5.04967272e-01 5.03351450e-01 5.07114947e-01
    5.11736870e-01 5.12500286e-01 5.11154175e-01 5.07799685e-01
    5.07254422e-01 4.97626662e-01 4.97597873e-01 4.86751914e-01
    4.93405312e-01 4.90747839e-01 4.96420413e-01 4.97840106e-01
    5.03495574e-01 5.08910477e-01 4.93796796e-01 4.93689924e-01
    4.92621779e-01 4.86110300e-01 4.89902914e-01 4.94919926e-01
    4.98407811e-01 5.06584704e-01 5.17083645e-01 5.15771151e-01
    5.17721295e-01 5.20376623e-01 5.12014627e-01 5.08135498e-01
    5.06926477e-01 5.04634857e-01 4.99347121e-01 5.00656903e-01
    5.00345469e-01 4.93584484e-01 4.90000695e-01 4.85438079e-01
    4.93421823e-01 4.86422628e-01 4.88803864e-01 4.79371101e-01
    4.74584073e-01 4.78230238e-01 4.72842515e-01 4.72927183e-01
    4.68775004e-01 4.69537646e-01 4.65390354e-01 4.66308117e-01
    4.62421536e-01 4.76778924e-01 4.83850718e-01 4.90477383e-01
    4.91721183e-01 4.74988163e-01 4.82973754e-01 4.73135352e-01
    4.74828303e-01 4.76779044e-01 4.78162199e-01 4.76931721e-01
    4.79369789e-01 4.86664057e-01 4.88895804e-01 4.89665776e-01
    4.87737298e-01 4.97814268e-01 4.81728524e-01 4.76881444e-01
    4.67073321e-01 4.75201219e-01 4.88608241e-01 4.79931831e-01
    4.85506117e-01 4.85348612e-01 4.88605946e-01 4.81965423e-01
    4.91349846e-01 4.83711243e-01 4.76877600e-01 4.86102581e-01
    4.85820800e-01 4.84854758e-01 4.83755022e-01 4.83635485e-01
    4.87544507e-01 4.95901108e-01 4.84099418e-01 4.80438739e-01
    4.85235035e-01 4.76667762e-01 4.77431089e-01 4.82003182e-01
    4.57238317e-01 4.20523077e-01 4.01227564e-01 3.75764430e-01
    3.38452786e-01 3.09639305e-01 2.82802641e-01 2.55250812e-01
    2.61468858e-01 2.89540350e-01 3.18863243e-01 3.50490183e-01
    3.81404251e-01 4.12439048e-01 4.41994399e-01 4.68674511e-01
    4.96240795e-01 5.01070261e-01 5.02580106e-01 5.12655497e-01
    5.10189295e-01 5.14798164e-01 5.10787666e-01 5.02646208e-01
    4.96262878e-01 5.01982868e-01 5.02475917e-01 5.07860363e-01
    5.01318812e-01 5.00332057e-01 5.03575563e-01 5.10063827e-01
    5.07322907e-01 5.14026344e-01 5.17840326e-01 5.18711627e-01
    5.09841025e-01 5.05034626e-01 4.96760130e-01 4.99295771e-01
    5.00862598e-01 5.01983345e-01 5.06016552e-01 5.08491099e-01
    4.99566227e-01 5.01740456e-01 5.05968511e-01 4.99114931e-01
    4.97988552e-01 5.08299172e-01 5.08966684e-01 5.05241811e-01
    5.09806812e-01 5.09705961e-01 5.16183734e-01 5.20199180e-01
    5.13637066e-01 5.11355400e-01 5.14096498e-01 5.11562407e-01
    5.02800345e-01 5.17568111e-01 5.19335032e-01 5.04967868e-01
    5.03770053e-01 5.00835478e-01 4.91020977e-01 4.87034947e-01
    4.91489828e-01 4.89761829e-01 4.91283864e-01 4.85217392e-01
    4.85086143e-01 4.87441331e-01 4.93308336e-01 4.91270721e-01
    4.81324226e-01 4.88937736e-01 4.84042734e-01 4.84173208e-01
    4.96682167e-01 5.04704416e-01 5.07054925e-01 5.00853837e-01
    5.00759780e-01 4.99641746e-01 4.99093890e-01 5.12166023e-01
    5.13693392e-01 5.08250415e-01 5.14532626e-01 5.17269254e-01
    5.08903682e-01 5.17004609e-01 5.22697628e-01 5.12117684e-01
    5.07435739e-01 5.12081385e-01 5.07693529e-01 4.91810352e-01
    4.96567070e-01 4.89425242e-01 4.90811229e-01 4.86510187e-01
    4.82433528e-01 4.82096881e-01 4.95072275e-01 4.85806644e-01
    4.84840035e-01 4.93918896e-01 4.93002951e-01 4.93896306e-01
    4.99940246e-01 5.09082556e-01 5.08778870e-01 5.09724855e-01
    5.22512436e-01 5.35019159e-01 5.41414499e-01 5.37238955e-01
    5.29187202e-01 5.17337620e-01 5.11603773e-01 5.12304425e-01
    5.15875161e-01 5.10289252e-01 5.09280324e-01 5.14964461e-01
    5.10600448e-01 5.06527603e-01 4.94486481e-01 4.88847166e-01
    4.88142133e-01 4.85019475e-01 4.68575925e-01 4.61734325e-01
    4.67598945e-01 4.76830810e-01 4.86944795e-01 4.93859500e-01
    4.83729303e-01 4.86980408e-01 4.88150239e-01 4.93085504e-01
    4.81170267e-01 4.79846507e-01 4.81754541e-01 4.92463857e-01
    4.86004800e-01 4.79065955e-01 4.82229531e-01 4.90130335e-01
    4.99699444e-01 5.00083387e-01 5.07006526e-01 4.99259830e-01
    5.05654752e-01 5.05187511e-01 4.95318025e-01 4.96749789e-01
    4.90998447e-01 5.03673553e-01 5.02733767e-01 5.04850864e-01
    5.07353604e-01 5.07871985e-01 5.07749438e-01 5.04900873e-01
    5.02843857e-01 4.93684620e-01 4.94115412e-01 4.81633216e-01
    4.88851875e-01 4.83666033e-01 4.88725662e-01 4.89191413e-01
    4.93597239e-01 4.95416820e-01 4.83290106e-01 4.83419567e-01
    4.81528550e-01 4.76347387e-01 4.80788112e-01 4.85693872e-01
    4.90793109e-01 4.98814881e-01 5.10459960e-01 5.07681489e-01
    5.10516226e-01 5.11356890e-01 5.04375577e-01 5.03497362e-01
    5.07114112e-01 5.02257764e-01 4.99604046e-01 4.99679297e-01
    4.97928828e-01 4.91183639e-01 4.87481266e-01 4.83161777e-01
    4.89444256e-01 4.82761562e-01 4.84557301e-01 4.74977642e-01
    4.71520633e-01 4.76415604e-01 4.71255273e-01 4.71254170e-01
    4.63815361e-01 4.62812960e-01 4.61561173e-01 4.60915595e-01
    4.59546059e-01 4.72548872e-01 4.80003387e-01 4.87675369e-01
    4.90362942e-01 4.76290137e-01 4.81856525e-01 4.72682238e-01
    4.71963257e-01 4.72406089e-01 4.73418653e-01 4.74667370e-01
    4.76364642e-01 4.85720187e-01 4.86895353e-01 4.87176359e-01
    4.89310235e-01 4.98158574e-01 4.80640471e-01 4.78613287e-01
    4.71839517e-01 4.78939265e-01 4.92245227e-01 4.82994914e-01
    4.88913983e-01 4.92216080e-01 4.95908469e-01 4.87340957e-01
    4.92329121e-01 4.86854076e-01 4.77919400e-01 4.86718893e-01
    4.87489164e-01 4.83488798e-01 4.82743591e-01 4.87072825e-01
    4.91353929e-01 4.97646362e-01 4.87276345e-01 4.82310921e-01
    4.90004689e-01 4.82476622e-01 4.80515122e-01 4.84925419e-01
    4.61551458e-01 4.27552789e-01 4.07906830e-01 3.84287477e-01
    3.47540528e-01 3.17421973e-01 2.90408731e-01 2.62372285e-01
    2.67187864e-01 2.97031254e-01 3.26190740e-01 3.57986152e-01
    3.89433354e-01 4.18385446e-01 4.49017733e-01 4.76787806e-01
    5.03859103e-01 5.06557703e-01 5.11867762e-01 5.16821682e-01
    5.15380085e-01 5.16463399e-01 5.13508737e-01 5.02503157e-01
    4.98252839e-01 5.05111456e-01 5.03224611e-01 5.08093536e-01
    5.01628339e-01 5.00864923e-01 5.06501496e-01 5.10791957e-01
    5.06971836e-01 5.14983237e-01 5.22290885e-01 5.23151398e-01
    5.15102088e-01 5.07429540e-01 5.04808605e-01 5.06208897e-01
    5.07604897e-01 5.06109297e-01 5.08939207e-01 5.10273457e-01
    5.03145039e-01 5.02642214e-01 5.03790975e-01 4.97873574e-01
    4.97990131e-01 5.07252514e-01 5.05842745e-01 4.98955607e-01
    5.02637088e-01 5.03451109e-01 5.11820436e-01 5.15285194e-01
    5.07193863e-01 5.04576862e-01 5.07720351e-01 5.03963470e-01
    4.97559428e-01 5.10867357e-01 5.12728214e-01 5.01071036e-01
    4.99240786e-01 4.94684219e-01 4.84522760e-01 4.81249541e-01
    4.86579686e-01 4.82773870e-01 4.82194990e-01 4.76711541e-01
    4.73615825e-01 4.78635818e-01 4.85154420e-01 4.86169577e-01
    4.77545589e-01 4.84769851e-01 4.80202258e-01 4.82658535e-01
    4.93737340e-01 5.00591516e-01 5.04839122e-01 5.01084924e-01
    5.00865698e-01 4.98223305e-01 4.98834163e-01 5.13473868e-01
    5.16036153e-01 5.12897313e-01 5.17677665e-01 5.21151602e-01
    5.10747492e-01 5.15093386e-01 5.19607365e-01 5.09892941e-01
    5.03395736e-01 5.10361612e-01 5.09644330e-01 4.95142698e-01
    4.98460859e-01 4.93767470e-01 4.98695880e-01 4.95631129e-01
    4.92810726e-01 4.89475369e-01 4.99152035e-01 4.89515781e-01
    4.88022327e-01 4.97544080e-01 4.99334931e-01 5.02784371e-01
    5.06811678e-01 5.16368449e-01 5.15082240e-01 5.12733281e-01
    5.23768842e-01 5.37808597e-01 5.41937113e-01 5.34696758e-01
    5.25842309e-01 5.14956594e-01 5.09603262e-01 5.12164056e-01
    5.16419053e-01 5.10160327e-01 5.06501198e-01 5.11913359e-01
    5.06652951e-01 5.04337370e-01 4.94118571e-01 4.87440586e-01
    4.88088071e-01 4.85358238e-01 4.69068259e-01 4.62944180e-01
    4.66631740e-01 4.77663755e-01 4.85287875e-01 4.91650015e-01
    4.81843859e-01 4.87150729e-01 4.85839695e-01 4.92719531e-01
    4.82203066e-01 4.77931917e-01 4.79627162e-01 4.87580419e-01
    4.82852042e-01 4.74226415e-01 4.79885221e-01 4.86644119e-01
    4.97072607e-01 5.00966907e-01 5.05746722e-01 4.99313325e-01
    5.06389380e-01 5.05223572e-01 4.92954642e-01 4.99039620e-01
    4.96603012e-01 5.06807446e-01 5.07953048e-01 5.10181546e-01
    5.15174270e-01 5.14931023e-01 5.15329897e-01 5.08599162e-01
    5.06624639e-01 4.96673226e-01 4.96482402e-01 4.85190004e-01
    4.91369724e-01 4.88413125e-01 4.90879118e-01 4.93213147e-01
    4.94925559e-01 4.93812561e-01 4.82971907e-01 4.82797801e-01
    4.80290800e-01 4.74161536e-01 4.76546705e-01 4.83742088e-01
    4.93078113e-01 5.03468156e-01 5.14732540e-01 5.12565315e-01
    5.14069140e-01 5.15058756e-01 5.05158067e-01 5.07606030e-01
    5.12912929e-01 5.09357214e-01 5.05465925e-01 5.08069873e-01
    5.08224785e-01 5.01582980e-01 4.97267246e-01 4.95851696e-01
    4.99933600e-01 4.91339564e-01 4.90883619e-01 4.79903907e-01
    4.75253612e-01 4.80614960e-01 4.79270488e-01 4.79433328e-01
    4.70314294e-01 4.63072270e-01 4.61925209e-01 4.60495025e-01
    4.56947207e-01 4.68855649e-01 4.74142104e-01 4.80831057e-01
    4.82482255e-01 4.68348533e-01 4.71911222e-01 4.63105798e-01
    4.63809252e-01 4.66596454e-01 4.68770713e-01 4.67152297e-01
    4.71492141e-01 4.79403228e-01 4.83104616e-01 4.82671112e-01
    4.87619877e-01 4.94226933e-01 4.76429641e-01 4.74779904e-01
    4.71223831e-01 4.76602435e-01 4.89375412e-01 4.78230357e-01
    4.84355450e-01 4.85047340e-01 4.88054127e-01 4.79106843e-01
    4.81076509e-01 4.72155243e-01 4.62927103e-01 4.72399235e-01
    4.74446923e-01 4.67125744e-01 4.68315452e-01 4.72397059e-01
    4.78639305e-01 4.81257558e-01 4.73127067e-01 4.70949382e-01
    4.78188992e-01 4.70164925e-01 4.70544934e-01 4.76684958e-01
    4.52689528e-01 4.22026664e-01 4.03675497e-01 3.82577598e-01
    3.45969230e-01 3.14984262e-01 2.90499896e-01 2.62688458e-01
    2.67921329e-01 2.97430903e-01 3.23812276e-01 3.54247749e-01
    3.87080222e-01 4.14687037e-01 4.42644626e-01 4.72281724e-01
    4.99677926e-01 5.01940906e-01 5.06946146e-01 5.15199125e-01
    5.14406860e-01 5.13436139e-01 5.10354221e-01 5.00417531e-01
    4.95386660e-01 5.02565205e-01 5.03114402e-01 5.09876907e-01
    5.03881991e-01 4.99198049e-01 5.03455758e-01 5.10044396e-01
    5.04831195e-01 5.11064529e-01 5.18501520e-01 5.19200325e-01
    5.11059642e-01 5.06048381e-01 5.03509641e-01 5.05310535e-01
    5.06034553e-01 5.04456699e-01 5.05835772e-01 5.04311323e-01
    4.97745752e-01 4.96445715e-01 4.99803573e-01 4.95855659e-01
    4.97671306e-01 5.06158590e-01 5.07634819e-01 5.02116501e-01
    5.04517734e-01 5.05356014e-01 5.10905504e-01 5.17297387e-01
    5.09140193e-01 5.08028269e-01 5.09684086e-01 5.05232453e-01
    5.00513554e-01 5.12557268e-01 5.15421391e-01 5.06770730e-01
    5.05098283e-01 4.99964118e-01 4.90121484e-01 4.85803396e-01
    4.88648474e-01 4.84838992e-01 4.85079527e-01 4.80131596e-01
    4.75742131e-01 4.80920285e-01 4.86343741e-01 4.88743573e-01
    4.81659353e-01 4.89780903e-01 4.88077819e-01 4.91418988e-01
    4.97566998e-01 5.05308986e-01 5.11276484e-01 5.09433031e-01
    5.07850409e-01 5.08725584e-01 5.10347784e-01 5.22845209e-01
    5.26738763e-01 5.25301456e-01 5.30745924e-01 5.35620332e-01
    5.25092363e-01 5.31377077e-01 5.35467625e-01 5.26326239e-01
    5.18847704e-01 5.25251269e-01 5.24436712e-01 5.09028435e-01
    5.09792626e-01 5.05050480e-01 5.05212724e-01 5.01004338e-01
    4.95914817e-01 4.91160065e-01 4.99444962e-01 4.86928225e-01
    4.83769387e-01 4.90138412e-01 4.90559369e-01 4.91662472e-01
    4.96923983e-01 5.07414758e-01 5.08411825e-01 5.06641984e-01
    5.17538309e-01 5.29169083e-01 5.32091856e-01 5.28429329e-01
    5.21387756e-01 5.12907863e-01 5.06067991e-01 5.07397115e-01
    5.11374354e-01 5.05979240e-01 5.06539822e-01 5.11204898e-01
    5.06664574e-01 5.00029922e-01 4.89670932e-01 4.83751714e-01
    4.83467162e-01 4.77875412e-01 4.65892881e-01 4.62870419e-01
    4.63177949e-01 4.71775353e-01 4.79693115e-01 4.89096850e-01
    4.78231400e-01 4.85382617e-01 4.83324915e-01 4.87163544e-01
    4.78160799e-01 4.76895869e-01 4.78529841e-01 4.85144705e-01
    4.79179054e-01 4.71131146e-01 4.79608208e-01 4.85233724e-01
    4.96232271e-01 5.02070785e-01 5.07638156e-01 5.01951993e-01
    5.04699349e-01 5.03774047e-01 4.88253921e-01 4.93754894e-01
    4.90663886e-01 5.00599205e-01 4.98979539e-01 5.04875124e-01
    5.10547519e-01 5.13978958e-01 5.16246080e-01 5.06151915e-01
    5.01610458e-01 4.90899384e-01 4.92665321e-01 4.82505620e-01
    4.84749377e-01 4.82787371e-01 4.89251345e-01 4.95459467e-01
    4.96880710e-01 4.98385519e-01 4.85283166e-01 4.85709250e-01
    4.79843915e-01 4.76487368e-01 4.76339012e-01 4.84183848e-01
    4.95658994e-01 5.07736504e-01 5.18297315e-01 5.17054439e-01
    5.20107687e-01 5.25429308e-01 5.16074419e-01 5.14041841e-01
    5.17511427e-01 5.16637504e-01 5.11942267e-01 5.17467201e-01
    5.14591157e-01 5.08767903e-01 5.00489891e-01 4.98307377e-01
    5.00085115e-01 4.89617079e-01 4.89657760e-01 4.80337173e-01
    4.74602312e-01 4.78597134e-01 4.76049304e-01 4.78335619e-01
    4.71956402e-01 4.66866523e-01 4.64785516e-01 4.66113269e-01
    4.61023182e-01 4.73055840e-01 4.78403687e-01 4.84085709e-01
    4.86626059e-01 4.73015636e-01 4.77375895e-01 4.69875932e-01
    4.71258312e-01 4.72978562e-01 4.71684486e-01 4.67920601e-01
    4.70536709e-01 4.76763129e-01 4.78028417e-01 4.77220446e-01
    4.77650255e-01 4.83572751e-01 4.69132453e-01 4.66982275e-01
    4.64956939e-01 4.70588326e-01 4.84106779e-01 4.75497782e-01
    4.79269713e-01 4.80191857e-01 4.84457344e-01 4.80043769e-01
    4.85132098e-01 4.79688317e-01 4.71688926e-01 4.82406408e-01
    4.82591540e-01 4.79098171e-01 4.78936106e-01 4.81813729e-01
    4.87502366e-01 4.89770144e-01 4.82748091e-01 4.78215992e-01
    4.83262718e-01 4.77320820e-01 4.77685690e-01 4.82039630e-01
    4.56064135e-01 4.24278170e-01 4.03650671e-01 3.82123262e-01
    3.44215363e-01 3.15177232e-01 2.89231062e-01 2.62889951e-01
    2.64125913e-01 2.94489473e-01 3.18390310e-01 3.49243492e-01
    3.80732626e-01 4.08750564e-01 4.36592937e-01 4.67811346e-01
    4.97508854e-01 4.99743789e-01 5.04009306e-01 5.10910630e-01
    5.10562539e-01 5.12433827e-01 5.08202076e-01 5.00787616e-01
    4.98530120e-01 5.04908502e-01 5.06744862e-01 5.15925527e-01
    5.10829628e-01 5.06288886e-01 5.11579275e-01 5.17353177e-01
    5.09025335e-01 5.10088265e-01 5.15791535e-01 5.17399311e-01
    5.12186766e-01 5.06056011e-01 5.01973093e-01 5.02200425e-01
    5.01283765e-01 5.00209689e-01 4.99283284e-01 4.92718339e-01
    4.85103011e-01 4.83744860e-01 4.88100439e-01 4.82221246e-01
    4.87197816e-01 4.97753710e-01 5.02554893e-01 5.01165867e-01
    5.03303409e-01 5.02375126e-01 5.09929001e-01 5.16284883e-01
    5.11320412e-01 5.09399593e-01 5.11918724e-01 5.06001294e-01
    5.02036572e-01 5.14813244e-01 5.16062260e-01 5.06289244e-01
    5.06383836e-01 4.99436140e-01 4.88311440e-01 4.82798010e-01
    4.84084010e-01 4.82913852e-01 4.85721976e-01 4.79644090e-01
    4.76927429e-01 4.79510397e-01 4.82709259e-01 4.83529389e-01
    4.78340596e-01 4.90269125e-01 4.87438381e-01 4.90588725e-01
    4.97908771e-01 5.03394902e-01 5.07496953e-01 5.07779598e-01
    5.07443726e-01 5.09156406e-01 5.10107219e-01 5.18876493e-01
    5.24377644e-01 5.20861745e-01 5.24784088e-01 5.33557117e-01
    5.25497496e-01 5.32997847e-01 5.32831609e-01 5.23306251e-01
    5.18793941e-01 5.23847997e-01 5.26080132e-01 5.12122452e-01
    5.10150015e-01 5.05454719e-01 5.04653096e-01 4.97259349e-01
    4.93052781e-01 4.84995544e-01 4.91783172e-01 4.81055975e-01
    4.75835025e-01 4.78805423e-01 4.77010041e-01 4.79783565e-01
    4.86297756e-01 4.93160009e-01 4.93907988e-01 4.90317047e-01
    4.99958336e-01 5.11535168e-01 5.14096320e-01 5.10455608e-01
    5.06317019e-01 5.00335097e-01 4.96784538e-01 4.99460459e-01
    5.04998922e-01 4.98546630e-01 4.98581797e-01 5.03803432e-01
    4.98845249e-01 4.94013906e-01 4.86454010e-01 4.82289284e-01
    4.81345057e-01 4.74324137e-01 4.64418083e-01 4.58121687e-01
    4.57137942e-01 4.63382035e-01 4.69770223e-01 4.80658382e-01
    4.72658098e-01 4.77509886e-01 4.78867531e-01 4.83235031e-01
    4.74727035e-01 4.76836443e-01 4.77875948e-01 4.81653064e-01
    4.75487024e-01 4.69088793e-01 4.78314400e-01 4.82322931e-01
    4.96637970e-01 5.06195307e-01 5.13918340e-01 5.08787155e-01
    5.07883906e-01 5.07049978e-01 4.94259775e-01 4.99607682e-01
    4.97885078e-01 5.09495497e-01 5.06512523e-01 5.10284305e-01
    5.14870584e-01 5.20718694e-01 5.22930622e-01 5.12695491e-01
    5.11653781e-01 5.03577948e-01 5.00777781e-01 4.88218188e-01
    4.92033184e-01 4.89583015e-01 4.94432211e-01 4.96142805e-01
    4.97850269e-01 4.98373806e-01 4.86948967e-01 4.85400021e-01
    4.78534490e-01 4.79759514e-01 4.80052114e-01 4.88591492e-01
    5.00859857e-01 5.11825025e-01 5.21969557e-01 5.23190320e-01
    5.28529525e-01 5.33595145e-01 5.24739504e-01 5.23883998e-01
    5.28016329e-01 5.24550796e-01 5.23304760e-01 5.26260078e-01
    5.25539577e-01 5.19626141e-01 5.08578777e-01 5.04676580e-01
    5.04116416e-01 4.95797127e-01 4.92726058e-01 4.81911451e-01
    4.76363927e-01 4.77615625e-01 4.76513058e-01 4.80306774e-01
    4.74224657e-01 4.70740736e-01 4.72096831e-01 4.73191589e-01
    4.71147925e-01 4.81632978e-01 4.91627872e-01 4.96246278e-01
    4.99171972e-01 4.85683441e-01 4.89746541e-01 4.84026611e-01
    4.87410128e-01 4.88916248e-01 4.88540828e-01 4.83120441e-01
    4.85686839e-01 4.86772895e-01 4.91312832e-01 4.88132805e-01
    4.87600595e-01 4.89422321e-01 4.74124491e-01 4.69938129e-01
    4.68648165e-01 4.72669095e-01 4.87606347e-01 4.80025649e-01
    4.83746678e-01 4.81749177e-01 4.87936020e-01 4.84444559e-01
    4.89423245e-01 4.83435839e-01 4.79196548e-01 4.85123456e-01
    4.85098541e-01 4.78160173e-01 4.79763687e-01 4.84525412e-01
    4.91908878e-01 4.97015536e-01 4.89829242e-01 4.85448241e-01
    4.88996238e-01 4.82813120e-01 4.82987761e-01 4.82488632e-01
    4.56389576e-01 4.23024923e-01 4.02862072e-01 3.80432278e-01
    3.44626606e-01 3.15367341e-01 2.91625649e-01 2.64996707e-01
    2.61918962e-01 2.92234421e-01 3.17525566e-01 3.48862141e-01
    3.81069720e-01 4.09886122e-01 4.38824296e-01 4.71220106e-01
    5.01769304e-01 5.02577543e-01 5.06831467e-01 5.17388523e-01
    5.14709115e-01 5.13725758e-01 5.09033859e-01 5.05927145e-01
    5.03525257e-01 5.10096312e-01 5.10577142e-01 5.17627060e-01
    5.13646662e-01 5.09703517e-01 5.15823126e-01 5.17472863e-01
    5.09100854e-01 5.08694053e-01 5.12344003e-01 5.15267551e-01
    5.07905126e-01 5.01583695e-01 4.97574866e-01 4.99775440e-01
    4.96691465e-01 4.94316787e-01 4.96356875e-01 4.92052764e-01
    4.84841734e-01 4.84813005e-01 4.88386959e-01 4.79548365e-01
    4.85133588e-01 4.97156411e-01 5.01765192e-01 5.02856731e-01
    5.04274249e-01 5.02568960e-01 5.10632992e-01 5.15408874e-01
    5.08140385e-01 5.06290257e-01 5.10720193e-01 5.03685474e-01
    5.00941575e-01 5.13736010e-01 5.12112975e-01 5.04945278e-01
    5.06497145e-01 5.01972854e-01 4.89600837e-01 4.85122412e-01
    4.83172596e-01 4.81155187e-01 4.83979762e-01 4.78512764e-01
    4.78227228e-01 4.82008398e-01 4.84400183e-01 4.86497939e-01
    4.82398242e-01 4.90698457e-01 4.85219240e-01 4.86691117e-01
    4.91458625e-01 4.94815797e-01 5.00501215e-01 4.97315288e-01
    4.98530000e-01 5.04798055e-01 5.08243322e-01 5.20058334e-01
    5.24996579e-01 5.20504177e-01 5.24844706e-01 5.32677531e-01
    5.23931146e-01 5.31479537e-01 5.33244252e-01 5.26960433e-01
    5.23783267e-01 5.27515471e-01 5.32461524e-01 5.18535554e-01
    5.21242380e-01 5.17489672e-01 5.14980674e-01 5.06915927e-01
    4.98680413e-01 4.89899993e-01 4.95644569e-01 4.84669417e-01
    4.83638495e-01 4.86102819e-01 4.80538666e-01 4.85683829e-01
    4.92186546e-01 4.97472942e-01 5.00917792e-01 4.97638941e-01
    5.05651474e-01 5.12814283e-01 5.10898471e-01 5.07269859e-01
    5.05514920e-01 5.03600955e-01 5.02599061e-01 5.07155180e-01
    5.10615349e-01 5.02015710e-01 4.99981642e-01 5.04819155e-01
    4.95682955e-01 4.91366178e-01 4.87058043e-01 4.83362228e-01
    4.79098082e-01 4.70455885e-01 4.62579072e-01 4.58088309e-01
    4.58411485e-01 4.64028239e-01 4.70159262e-01 4.79741365e-01
    4.72487926e-01 4.77044731e-01 4.80535895e-01 4.87482101e-01
    4.80563283e-01 4.84254509e-01 4.83945161e-01 4.86375928e-01
    4.80472893e-01 4.77605760e-01 4.89536941e-01 4.92736340e-01
    5.06270766e-01 5.14284253e-01 5.22073448e-01 5.15406549e-01
    5.16424239e-01 5.12667894e-01 5.01850605e-01 5.02579987e-01
    5.01806200e-01 5.13888478e-01 5.09573162e-01 5.14362395e-01
    5.16896427e-01 5.19131184e-01 5.19564569e-01 5.07784605e-01
    5.07611990e-01 5.01043200e-01 4.98153031e-01 4.84235585e-01
    4.86125082e-01 4.79657382e-01 4.84900683e-01 4.86826420e-01
    4.91880298e-01 4.90193874e-01 4.77202505e-01 4.75752205e-01
    4.68467504e-01 4.71905589e-01 4.72991437e-01 4.80992705e-01
    4.93074536e-01 5.05268872e-01 5.14032006e-01 5.18313110e-01
    5.23176670e-01 5.29962122e-01 5.24831653e-01 5.24433196e-01
    5.27659237e-01 5.21970928e-01 5.23955286e-01 5.31405509e-01
    5.32009602e-01 5.27414858e-01 5.15609086e-01 5.10655642e-01
    5.08627534e-01 5.00599384e-01 4.93837744e-01 4.83813614e-01
    4.73668337e-01 4.73985910e-01 4.70217109e-01 4.74267751e-01
    4.69864547e-01 4.67694283e-01 4.71409589e-01 4.69342917e-01
    4.66227680e-01 4.76546079e-01 4.85424310e-01 4.90299433e-01
    4.92990553e-01 4.83143598e-01 4.88241822e-01 4.82800215e-01
    4.87827808e-01 4.91225362e-01 4.90401834e-01 4.89456683e-01
    4.89734977e-01 4.89785165e-01 4.96351004e-01 4.93190318e-01
    4.93642002e-01 4.93636876e-01 4.77251887e-01 4.70868289e-01
    4.70138967e-01 4.76060182e-01 4.88880932e-01 4.81326193e-01
    4.85532433e-01 4.82342213e-01 4.88810539e-01 4.87986654e-01
    4.89170343e-01 4.85386133e-01 4.81397599e-01 4.84655082e-01
    4.83738244e-01 4.77124870e-01 4.79983985e-01 4.85127866e-01
    4.95474726e-01 4.99417245e-01 4.91487741e-01 4.89050895e-01
    4.94101137e-01 4.88913953e-01 4.86182302e-01 4.84423429e-01
    4.57079381e-01 4.25794333e-01 4.03146297e-01 3.80606264e-01
    3.44970614e-01 3.15748721e-01 2.91503131e-01 2.63434112e-01
    2.66015857e-01 2.93997258e-01 3.17165107e-01 3.48005414e-01
    3.81201237e-01 4.10010189e-01 4.37208682e-01 4.69907641e-01
    5.01378417e-01 5.01318514e-01 5.07908165e-01 5.14310837e-01
    5.11067688e-01 5.08459687e-01 5.00715911e-01 4.99266744e-01
    4.97517884e-01 5.03550410e-01 5.05845487e-01 5.15488863e-01
    5.13156295e-01 5.09447157e-01 5.17485261e-01 5.20072043e-01
    5.12162983e-01 5.12021899e-01 5.18339157e-01 5.20628572e-01
    5.15026867e-01 5.10805249e-01 5.06828368e-01 5.15142143e-01
    5.12037396e-01 5.09737134e-01 5.12489557e-01 5.09253144e-01
    5.02315462e-01 5.03776848e-01 5.09100080e-01 4.98664320e-01
    5.03700972e-01 5.15252531e-01 5.18629134e-01 5.19432008e-01
    5.20957589e-01 5.20120680e-01 5.25109231e-01 5.30125558e-01
    5.19583821e-01 5.17497540e-01 5.23117065e-01 5.13671160e-01
    5.09887457e-01 5.19200146e-01 5.16827047e-01 5.09186625e-01
    5.09325802e-01 5.06970525e-01 4.97303873e-01 4.94308591e-01
    4.88000959e-01 4.84137654e-01 4.84597802e-01 4.80550647e-01
    4.81653452e-01 4.84640270e-01 4.87872839e-01 4.87681121e-01
    4.85030174e-01 4.91756558e-01 4.87992734e-01 4.88872796e-01
    4.89071190e-01 4.92624104e-01 4.98469234e-01 4.92794454e-01
    4.94887054e-01 5.01027346e-01 5.04645586e-01 5.17275214e-01
    5.24324715e-01 5.17837286e-01 5.24696946e-01 5.28879046e-01
    5.20758629e-01 5.24251044e-01 5.26711822e-01 5.22858500e-01
    5.17611265e-01 5.24265707e-01 5.31116724e-01 5.14161110e-01
    5.18146098e-01 5.11495471e-01 5.08747339e-01 5.00488639e-01
    4.92166996e-01 4.80711758e-01 4.88218606e-01 4.75654036e-01
    4.75769520e-01 4.80378449e-01 4.75095034e-01 4.81148303e-01
    4.83207256e-01 4.87056613e-01 4.88806367e-01 4.83890414e-01
    4.95040536e-01 5.03307045e-01 5.02339721e-01 5.04039705e-01
    5.06537199e-01 5.04956722e-01 5.04903674e-01 5.05866706e-01
    5.08271933e-01 5.01977861e-01 4.98332977e-01 5.07542789e-01
    4.98134136e-01 4.97059971e-01 4.93876904e-01 4.90007609e-01
    4.86168623e-01 4.76661682e-01 4.66113240e-01 4.62241858e-01
    4.59767550e-01 4.62713599e-01 4.67644870e-01 4.79392052e-01
    4.74159390e-01 4.77519959e-01 4.77995187e-01 4.82835382e-01
    4.72148329e-01 4.76033598e-01 4.74231601e-01 4.76795524e-01
    4.74255353e-01 4.71377313e-01 4.82289165e-01 4.87567574e-01
    5.00158131e-01 5.08087397e-01 5.13771474e-01 5.08157730e-01
    5.09488106e-01 5.07352471e-01 4.99443233e-01 5.01933873e-01
    5.04685700e-01 5.18684864e-01 5.13457596e-01 5.17966092e-01
    5.20104051e-01 5.19863367e-01 5.22198200e-01 5.13047576e-01
    5.10191679e-01 5.03892303e-01 5.01260996e-01 4.90604639e-01
    4.94077295e-01 4.86295819e-01 4.87819880e-01 4.91569430e-01
    4.97171223e-01 4.95722532e-01 4.84779596e-01 4.87087131e-01
    4.81067657e-01 4.83800501e-01 4.82522070e-01 4.88431722e-01
    5.01023531e-01 5.12340844e-01 5.20192564e-01 5.23637414e-01
    5.23604989e-01 5.29409766e-01 5.23086905e-01 5.22735834e-01
    5.25279641e-01 5.18119931e-01 5.17288089e-01 5.25281787e-01
    5.25298715e-01 5.22865355e-01 5.13577342e-01 5.12093306e-01
    5.08376300e-01 4.99713123e-01 4.94559348e-01 4.86427665e-01
    4.75598335e-01 4.77726310e-01 4.75237936e-01 4.78806078e-01
    4.76667523e-01 4.73364711e-01 4.78262812e-01 4.78061497e-01
    4.72834677e-01 4.79065925e-01 4.83709604e-01 4.87636715e-01
    4.88307863e-01 4.81503457e-01 4.84548241e-01 4.78666514e-01
    4.83745277e-01 4.90015984e-01 4.92010683e-01 4.87810999e-01
    4.87965912e-01 4.89720255e-01 4.96819943e-01 4.94849503e-01
    4.93105531e-01 4.93232727e-01 4.81538862e-01 4.75273877e-01
    4.75387543e-01 4.80997384e-01 4.95431155e-01 4.85612810e-01
    4.86656308e-01 4.84046102e-01 4.91624981e-01 4.87802535e-01
    4.89977986e-01 4.88840371e-01 4.80235696e-01 4.81129527e-01
    4.76272881e-01 4.71478403e-01 4.75749493e-01 4.76549655e-01
    4.89579231e-01 4.95512873e-01 4.90403026e-01 4.85028744e-01
    4.90832031e-01 4.85859543e-01 4.82664496e-01 4.79966134e-01
    4.54434454e-01 4.23352480e-01 3.98779213e-01 3.78670663e-01
    3.44354361e-01 3.18017095e-01 2.93355703e-01 2.63282061e-01
    2.63134897e-01 2.89749652e-01 3.12154353e-01 3.42681170e-01
    3.75869870e-01 4.02429342e-01 4.27761793e-01 4.61682826e-01
    4.92663175e-01 4.91602033e-01 4.96558905e-01 5.02724707e-01
    4.98749703e-01 4.95544851e-01 4.91275340e-01 4.89935666e-01
    4.90955591e-01 4.96759534e-01 5.01774728e-01 5.10548472e-01
    5.08340716e-01 5.03760099e-01 5.14843225e-01 5.19926667e-01
    5.12894511e-01 5.11744738e-01 5.14926672e-01 5.18823087e-01
    5.16080379e-01 5.14979303e-01 5.12580752e-01 5.18718541e-01
    5.16611636e-01 5.14280856e-01 5.17429948e-01 5.15570760e-01
    5.09917319e-01 5.11023700e-01 5.18065512e-01 5.06166935e-01
    5.09460568e-01 5.20804346e-01 5.26892781e-01 5.29528499e-01
    5.32533050e-01 5.30410051e-01 5.33750653e-01 5.35101831e-01
    5.23713708e-01 5.21570444e-01 5.25427759e-01 5.15707433e-01
    5.09054363e-01 5.17318666e-01 5.15251338e-01 5.08987606e-01
    5.07636309e-01 5.07008016e-01 4.94164228e-01 4.88013417e-01
    4.85290915e-01 4.80023831e-01 4.77795929e-01 4.73384261e-01
    4.75773126e-01 4.81155038e-01 4.83536035e-01 4.85173166e-01
    4.83474106e-01 4.92551118e-01 4.91704166e-01 4.92312342e-01
    4.88661975e-01 4.92171109e-01 4.97019708e-01 4.92325038e-01
    4.97197956e-01 5.00155270e-01 5.01601040e-01 5.17071009e-01
    5.24686992e-01 5.20425260e-01 5.26307762e-01 5.31026304e-01
    5.22073269e-01 5.25992274e-01 5.26159286e-01 5.22984982e-01
    5.17851770e-01 5.24802029e-01 5.32803714e-01 5.16281307e-01
    5.19896209e-01 5.14935553e-01 5.11498570e-01 5.06797254e-01
    4.97992456e-01 4.88605112e-01 4.95793581e-01 4.79525417e-01
    4.79558825e-01 4.84596908e-01 4.76400316e-01 4.82807040e-01
    4.83766586e-01 4.88665760e-01 4.90092963e-01 4.86401111e-01
    4.96245354e-01 5.03648162e-01 5.00560343e-01 5.05021930e-01
    5.06062865e-01 5.04800081e-01 5.04631698e-01 5.04327476e-01
    5.09528279e-01 5.03567278e-01 4.98050064e-01 5.08271039e-01
    5.01160681e-01 4.97210532e-01 4.93852437e-01 4.92446005e-01
    4.88645405e-01 4.82437730e-01 4.73128945e-01 4.69182700e-01
    4.67476666e-01 4.72571820e-01 4.75556195e-01 4.87450033e-01
    4.81529295e-01 4.84515041e-01 4.84966636e-01 4.92611021e-01
    4.83549923e-01 4.82323557e-01 4.84433711e-01 4.86545563e-01
    4.83189523e-01 4.82593715e-01 4.89808202e-01 4.96431530e-01
    5.10770679e-01 5.13906837e-01 5.18536329e-01 5.15699089e-01
    5.12771368e-01 5.11400640e-01 5.04275680e-01 5.06608307e-01
    5.06246984e-01 5.19638598e-01 5.16731024e-01 5.18831491e-01
    5.19801438e-01 5.19220650e-01 5.19891322e-01 5.12862086e-01
    5.11543512e-01 5.00984311e-01 5.01206398e-01 4.89792377e-01
    4.93586212e-01 4.86699194e-01 4.87548441e-01 4.91818964e-01
    4.95522022e-01 4.95568573e-01 4.85924691e-01 4.90040660e-01
    4.86047775e-01 4.89803463e-01 4.89955008e-01 4.94697422e-01
    5.06816745e-01 5.16855955e-01 5.23552060e-01 5.24915159e-01
    5.22627056e-01 5.27794003e-01 5.21778524e-01 5.24086237e-01
    5.26596069e-01 5.20866334e-01 5.23315191e-01 5.28127432e-01
    5.28863847e-01 5.27072728e-01 5.17974257e-01 5.15485168e-01
    5.09602785e-01 5.02267778e-01 4.96936351e-01 4.95030552e-01
    4.87822086e-01 4.94313747e-01 4.88141030e-01 4.94849324e-01
    4.90238577e-01 4.86252695e-01 4.92313951e-01 4.87006158e-01
    4.85115856e-01 4.88838762e-01 4.91408050e-01 4.95887756e-01
    4.97536182e-01 4.91693467e-01 4.92870241e-01 4.86916542e-01
    4.91171718e-01 4.94778484e-01 4.93903399e-01 4.94444698e-01
    4.89915878e-01 4.91737813e-01 4.97281075e-01 4.91913080e-01
    4.92887259e-01 4.90670383e-01 4.78082508e-01 4.73029494e-01
    4.73053187e-01 4.78735119e-01 4.94919747e-01 4.84588385e-01
    4.87306774e-01 4.81979817e-01 4.88829643e-01 4.86384571e-01
    4.86412972e-01 4.87959266e-01 4.81629908e-01 4.81991440e-01
    4.79610175e-01 4.73630816e-01 4.78981286e-01 4.80882198e-01
    4.93184805e-01 4.97154474e-01 4.90800351e-01 4.85549420e-01
    4.91506934e-01 4.85160559e-01 4.82929975e-01 4.79209572e-01
    4.52614844e-01 4.20991957e-01 3.95924121e-01 3.74302089e-01
    3.41554046e-01 3.15652043e-01 2.91828454e-01 2.60904461e-01
    2.60603309e-01 2.88553685e-01 3.10924500e-01 3.41679543e-01
    3.74375671e-01 4.02312875e-01 4.27227557e-01 4.63346511e-01
    4.94244426e-01 4.94080096e-01 5.00790596e-01 5.05474269e-01
    5.01623571e-01 4.96162295e-01 4.93793756e-01 4.92871165e-01
    4.93755430e-01 5.00600755e-01 5.04390299e-01 5.12316525e-01
    5.11806905e-01 5.08429050e-01 5.17235935e-01 5.22468984e-01
    5.12140512e-01 5.09001076e-01 5.09827435e-01 5.12536526e-01
    5.08352578e-01 5.05686164e-01 5.06885409e-01 5.15231490e-01
    5.13505101e-01 5.14300823e-01 5.14489949e-01 5.12889981e-01
    5.09339511e-01 5.08462250e-01 5.15377223e-01 5.03306985e-01
    5.07824600e-01 5.17540216e-01 5.25531292e-01 5.27651072e-01
    5.30370653e-01 5.28275549e-01 5.32355070e-01 5.31910419e-01
    5.20334363e-01 5.15850604e-01 5.17258286e-01 5.06890953e-01
    4.98742342e-01 5.05660713e-01 5.03561556e-01 4.95325238e-01
    4.95285362e-01 4.94135767e-01 4.83773857e-01 4.78154063e-01
    4.77829695e-01 4.73662496e-01 4.75585699e-01 4.69426274e-01
    4.70237464e-01 4.74090248e-01 4.78849858e-01 4.78759676e-01
    4.78477150e-01 4.90027130e-01 4.90549028e-01 4.89194393e-01
    4.87540662e-01 4.89477098e-01 4.91318136e-01 4.86394376e-01
    4.93195266e-01 4.95227098e-01 4.98762190e-01 5.10522962e-01
    5.19189298e-01 5.16563833e-01 5.21822810e-01 5.27382970e-01
    5.22009671e-01 5.27050436e-01 5.25201261e-01 5.20545661e-01
    5.20220041e-01 5.28094351e-01 5.37767887e-01 5.23925245e-01
    5.28594077e-01 5.21285832e-01 5.19676685e-01 5.11155844e-01
    5.02217889e-01 4.92797434e-01 5.01485348e-01 4.86554563e-01
    4.89042044e-01 4.94578451e-01 4.85298753e-01 4.91080761e-01
    4.94157314e-01 4.94504929e-01 4.94456202e-01 4.90805060e-01
    5.00380695e-01 5.07115245e-01 5.05851269e-01 5.10695338e-01
    5.13927758e-01 5.15654147e-01 5.15291691e-01 5.11759043e-01
    5.17116129e-01 5.05876184e-01 4.97831076e-01 5.09235620e-01
    5.04819095e-01 4.99187887e-01 4.97653872e-01 4.99066979e-01
    4.94088113e-01 4.89819318e-01 4.81847316e-01 4.75848019e-01
    4.69260067e-01 4.74394083e-01 4.73720044e-01 4.84771162e-01
    4.82645601e-01 4.86927718e-01 4.90605772e-01 4.97988820e-01
    4.87980723e-01 4.83865619e-01 4.86038983e-01 4.89053071e-01
    4.83692646e-01 4.84983146e-01 4.92906839e-01 4.98723507e-01
    5.13959765e-01 5.19040525e-01 5.22666633e-01 5.21404028e-01
    5.19442499e-01 5.15705943e-01 5.07235587e-01 5.09171963e-01
    5.10607839e-01 5.24474144e-01 5.23994863e-01 5.25008261e-01
    5.24643540e-01 5.25330007e-01 5.24772167e-01 5.13922632e-01
    5.12367129e-01 5.00256896e-01 5.02275229e-01 4.93749946e-01
    4.99057233e-01 4.95206803e-01 4.96294439e-01 5.01765847e-01
    5.07348239e-01 5.07485271e-01 5.00092864e-01 5.04369795e-01
    4.99824882e-01 5.02418220e-01 5.01878321e-01 5.07738471e-01
    5.20246863e-01 5.32579482e-01 5.38163662e-01 5.38040996e-01
    5.35977185e-01 5.38518190e-01 5.29461384e-01 5.31410515e-01
    5.32314241e-01 5.22171855e-01 5.22103667e-01 5.25001824e-01
    5.24208784e-01 5.25205791e-01 5.14648438e-01 5.09910703e-01
    5.00531495e-01 4.93578017e-01 4.83016044e-01 4.83398139e-01
    4.78803992e-01 4.79801744e-01 4.74351108e-01 4.82182324e-01
    4.81907904e-01 4.79440361e-01 4.87218738e-01 4.83912647e-01
    4.82315660e-01 4.86157477e-01 4.86129403e-01 4.93156046e-01
    4.93945748e-01 4.91676450e-01 4.94520992e-01 4.93117779e-01
    4.97421533e-01 5.00262380e-01 5.01700997e-01 5.03651679e-01
    4.98629808e-01 4.97288615e-01 5.03816307e-01 4.99293178e-01
    5.00314832e-01 4.99231458e-01 4.85561371e-01 4.80081707e-01
    4.79140967e-01 4.86292958e-01 5.00278890e-01 4.91656065e-01
    4.93986607e-01 4.88700569e-01 4.92054403e-01 4.88020450e-01
    4.88620788e-01 4.90145862e-01 4.84946489e-01 4.85466480e-01
    4.84044015e-01 4.75144565e-01 4.78080839e-01 4.82753605e-01
    4.94793147e-01 5.00214100e-01 4.94496822e-01 4.90985900e-01
    4.96527702e-01 4.88984048e-01 4.86130387e-01 4.84230787e-01
    4.59698945e-01 4.26320344e-01 4.00915086e-01 3.78081858e-01
    3.42635423e-01 3.15245956e-01 2.93622375e-01 2.63479620e-01
    2.66044706e-01 2.94328809e-01 3.15531820e-01 3.46650928e-01
    3.76318157e-01 4.04337823e-01 4.29249644e-01 4.67876285e-01
    4.97624695e-01 4.96581942e-01 5.00072598e-01 5.04327774e-01
    5.00580072e-01 4.94273812e-01 4.91839767e-01 4.88092899e-01
    4.87926066e-01 4.94190723e-01 4.98619527e-01 5.05427659e-01
    5.04816651e-01 5.03287017e-01 5.12291312e-01 5.16621470e-01
    5.05687892e-01 5.05417883e-01 5.04703224e-01 5.06494761e-01
    5.02534926e-01 5.00791728e-01 5.02363503e-01 5.07273495e-01
    5.05826771e-01 5.04393876e-01 5.04177213e-01 4.99441266e-01
    4.98636752e-01 4.97086495e-01 5.03562272e-01 4.90343839e-01
    4.94958341e-01 5.01318514e-01 5.07549882e-01 5.08618712e-01
    5.11861801e-01 5.13689935e-01 5.17415643e-01 5.16860545e-01
    5.06009281e-01 5.01002371e-01 5.04406929e-01 4.96623337e-01
    4.90751415e-01 4.95825738e-01 4.91689473e-01 4.86603022e-01
    4.90243733e-01 4.89897579e-01 4.81413692e-01 4.74479049e-01
    4.73083735e-01 4.72662866e-01 4.73074198e-01 4.68456566e-01
    4.68120813e-01 4.73673403e-01 4.80043620e-01 4.80286121e-01
    4.80100602e-01 4.93374169e-01 4.92068440e-01 4.92504865e-01
    4.88387018e-01 4.86310363e-01 4.86810684e-01 4.83744115e-01
    4.90073681e-01 4.95497346e-01 4.99257237e-01 5.07415652e-01
    5.16777694e-01 5.16375065e-01 5.22214711e-01 5.24724483e-01
    5.20212650e-01 5.24291158e-01 5.22356868e-01 5.20665944e-01
    5.20678282e-01 5.26717305e-01 5.37648737e-01 5.24736404e-01
    5.27996182e-01 5.22771239e-01 5.21013200e-01 5.10138452e-01
    5.03650308e-01 4.92268890e-01 4.98650879e-01 4.82211709e-01
    4.84972864e-01 4.91762251e-01 4.81605947e-01 4.83023524e-01
    4.85170215e-01 4.88613337e-01 4.90588129e-01 4.87338156e-01
    4.94740367e-01 5.00919163e-01 4.99049634e-01 5.04850686e-01
    5.06364822e-01 5.08075416e-01 5.05314767e-01 5.03287613e-01
    5.08780777e-01 4.97391939e-01 4.85779494e-01 4.97473955e-01
    4.93392766e-01 4.90446389e-01 4.87259507e-01 4.89859909e-01
    4.83006686e-01 4.83136237e-01 4.75225687e-01 4.72051680e-01
    4.62387204e-01 4.69917595e-01 4.67955232e-01 4.82992053e-01
    4.84244704e-01 4.91049230e-01 4.96902347e-01 5.06302893e-01
    4.99194801e-01 4.97103721e-01 4.97728586e-01 4.96941268e-01
    4.93085295e-01 4.96888131e-01 5.00767112e-01 5.06372750e-01
    5.16544759e-01 5.22960424e-01 5.26507020e-01 5.25219977e-01
    5.21619797e-01 5.15842617e-01 5.04951358e-01 5.07950902e-01
    5.09919703e-01 5.23050666e-01 5.20331681e-01 5.20955384e-01
    5.23213983e-01 5.24123430e-01 5.24173558e-01 5.16256034e-01
    5.13674915e-01 5.03497481e-01 5.03944039e-01 4.93488401e-01
    5.00144064e-01 4.96165603e-01 4.95014578e-01 5.00105381e-01
    5.03085792e-01 4.99755025e-01 4.91115361e-01 5.00642896e-01
    4.99102980e-01 4.99688447e-01 4.94295806e-01 5.00319481e-01
    5.13155639e-01 5.26415348e-01 5.29606283e-01 5.31705558e-01
    5.30634224e-01 5.33149719e-01 5.25469124e-01 5.30764401e-01
    5.36498368e-01 5.28852105e-01 5.28571188e-01 5.29501319e-01
    5.24902940e-01 5.23890257e-01 5.14967978e-01 5.13392568e-01
    5.01145542e-01 4.93903577e-01 4.81418788e-01 4.85182583e-01
    4.79927838e-01 4.83546406e-01 4.79639858e-01 4.88180697e-01
    4.84981120e-01 4.80213583e-01 4.87114370e-01 4.86155212e-01
    4.84166294e-01 4.87722039e-01 4.84484047e-01 4.91156220e-01
    4.92498636e-01 4.90909398e-01 4.92998123e-01 4.93672490e-01
    4.97068852e-01 5.01270235e-01 4.98125941e-01 4.98839557e-01
    4.89054888e-01 4.89408165e-01 4.95717704e-01 4.88700181e-01
    4.87054080e-01 4.88889307e-01 4.75322843e-01 4.72683311e-01
    4.71666396e-01 4.75426674e-01 4.91189957e-01 4.82655227e-01
    4.83075052e-01 4.78732854e-01 4.80896324e-01 4.78883088e-01
    4.79400605e-01 4.80740517e-01 4.75726187e-01 4.72469240e-01
    4.74674344e-01 4.67877448e-01 4.69588548e-01 4.73921746e-01
    4.85960752e-01 4.89511818e-01 4.86915112e-01 4.80343163e-01
    4.89086360e-01 4.86124724e-01 4.84767199e-01 4.83248115e-01
    4.59038109e-01 4.25304741e-01 4.02802885e-01 3.78983796e-01
    3.46668214e-01 3.18130374e-01 2.96797395e-01 2.66807139e-01
    2.63659120e-01 2.93200761e-01 3.15107346e-01 3.46229494e-01
    3.73976350e-01 4.00774360e-01 4.25691515e-01 4.64635164e-01
    4.93235886e-01 4.91277725e-01 4.95139182e-01 4.99085456e-01
    4.93862987e-01 4.87208098e-01 4.85634774e-01 4.82752949e-01
    4.87015456e-01 4.93617624e-01 4.97534990e-01 5.02896786e-01
    5.04922628e-01 5.06391346e-01 5.16603231e-01 5.20273745e-01
    5.10859787e-01 5.13157368e-01 5.15348315e-01 5.17038286e-01
    5.14586210e-01 5.10314703e-01 5.13615787e-01 5.16792715e-01
    5.16357720e-01 5.12340426e-01 5.11812985e-01 5.05448103e-01
    5.05882025e-01 5.03639579e-01 5.08473158e-01 4.93873149e-01
    4.97503161e-01 4.99117672e-01 5.03263950e-01 5.01407802e-01
    5.03337145e-01 5.01024365e-01 5.08248210e-01 5.05654812e-01
    4.93820488e-01 4.87513721e-01 4.90421027e-01 4.82799232e-01
    4.80866402e-01 4.84777778e-01 4.78303701e-01 4.74188983e-01
    4.82086450e-01 4.84389395e-01 4.80340868e-01 4.73665178e-01
    4.71396625e-01 4.70529109e-01 4.74140048e-01 4.71058547e-01
    4.71070051e-01 4.78176475e-01 4.88250047e-01 4.89781469e-01
    4.88891929e-01 4.99347925e-01 4.99150574e-01 5.00566483e-01
    4.97709543e-01 4.93266881e-01 4.90260690e-01 4.87837315e-01
    4.94492471e-01 4.99770790e-01 5.01840353e-01 5.07325172e-01
    5.14519572e-01 5.14964044e-01 5.21819472e-01 5.20752490e-01
    5.15600860e-01 5.18421590e-01 5.16381025e-01 5.13739049e-01
    5.12917340e-01 5.16996622e-01 5.25703430e-01 5.16352892e-01
    5.17948806e-01 5.12267768e-01 5.12732506e-01 5.05516589e-01
    4.99496818e-01 4.87587988e-01 4.91282105e-01 4.72070813e-01
    4.77809787e-01 4.86380368e-01 4.78054911e-01 4.78250712e-01
    4.80557650e-01 4.83619958e-01 4.84466285e-01 4.81950790e-01
    4.87688452e-01 4.92855996e-01 4.89060730e-01 4.95786071e-01
    4.96094763e-01 4.99443263e-01 4.97087926e-01 4.97165501e-01
    5.05837858e-01 4.92249817e-01 4.78612244e-01 4.88556981e-01
    4.86977518e-01 4.83696699e-01 4.81815696e-01 4.82644647e-01
    4.74686712e-01 4.76639688e-01 4.69389945e-01 4.66666996e-01
    4.55469996e-01 4.64944452e-01 4.62532908e-01 4.78460848e-01
    4.80504632e-01 4.85734135e-01 4.93815392e-01 5.02642155e-01
    4.95723218e-01 4.92695719e-01 4.90565389e-01 4.90393281e-01
    4.88467634e-01 4.93993640e-01 4.95550901e-01 5.00092506e-01
    5.10137022e-01 5.14162779e-01 5.15839696e-01 5.16789913e-01
    5.12031853e-01 5.08075655e-01 4.97173816e-01 4.96431351e-01
    4.99097884e-01 5.13844728e-01 5.09865761e-01 5.14000356e-01
    5.14032185e-01 5.13818562e-01 5.14667928e-01 5.05568027e-01
    5.04019856e-01 4.98996288e-01 5.01330435e-01 4.91000086e-01
    4.93978471e-01 4.91222262e-01 4.89578128e-01 4.94761556e-01
    4.98012811e-01 4.95343506e-01 4.86865610e-01 4.95078206e-01
    4.95229870e-01 4.94765341e-01 4.90450352e-01 4.95420098e-01
    5.11825681e-01 5.24184167e-01 5.21798074e-01 5.23000360e-01
    5.23956418e-01 5.24744987e-01 5.18784046e-01 5.22895515e-01
    5.27199686e-01 5.21445513e-01 5.19936979e-01 5.22501290e-01
    5.20440340e-01 5.19411266e-01 5.12115240e-01 5.11120498e-01
    5.01601160e-01 4.95513946e-01 4.82109785e-01 4.90154743e-01
    4.85262930e-01 4.86319602e-01 4.83102977e-01 4.88879830e-01
    4.85795617e-01 4.81466591e-01 4.87947017e-01 4.87724572e-01
    4.85292733e-01 4.86593127e-01 4.82543260e-01 4.90413606e-01
    4.93969798e-01 4.91647214e-01 4.89285439e-01 4.93971229e-01
    4.94304240e-01 4.99418080e-01 4.96708453e-01 4.97300476e-01
    4.86193448e-01 4.85956281e-01 4.90018994e-01 4.83978927e-01
    4.82952625e-01 4.83256310e-01 4.73070443e-01 4.71789151e-01
    4.68668222e-01 4.69608903e-01 4.82389569e-01 4.76690859e-01
    4.72066790e-01 4.68294322e-01 4.69154418e-01 4.66005385e-01
    4.69169408e-01 4.73427176e-01 4.68999028e-01 4.67961788e-01
    4.68372405e-01 4.61567849e-01 4.64863122e-01 4.67863947e-01
    4.77520913e-01 4.84985262e-01 4.82677579e-01 4.79449391e-01
    4.87360716e-01 4.87405449e-01 4.89394039e-01 4.91463870e-01
    4.68627423e-01 4.34845805e-01 4.11100924e-01 3.87190193e-01
    3.55505109e-01 3.27888161e-01 3.06710124e-01 2.75709450e-01
    2.60679960e-01 2.89136648e-01 3.10898602e-01 3.41358393e-01
    3.70111287e-01 3.98192286e-01 4.24979091e-01 4.64445531e-01
    4.93291408e-01 4.95607972e-01 4.99722451e-01 5.01742780e-01
    4.98145312e-01 4.93452191e-01 4.93401140e-01 4.88680482e-01
    4.94326174e-01 4.96046036e-01 5.00442684e-01 5.07095635e-01
    5.07586539e-01 5.08787096e-01 5.15857160e-01 5.18601537e-01
    5.08451045e-01 5.10374665e-01 5.11790693e-01 5.12677073e-01
    5.12371898e-01 5.06638706e-01 5.07122636e-01 5.08566260e-01
    5.09579599e-01 5.06168962e-01 5.05387902e-01 4.98326451e-01
    4.97277707e-01 4.97110516e-01 5.01412570e-01 4.87381846e-01
    4.89191055e-01 4.93075341e-01 4.95927870e-01 4.95477796e-01
    4.97572005e-01 4.94140357e-01 5.01848400e-01 5.00399649e-01
    4.90056157e-01 4.82571453e-01 4.83261377e-01 4.79576051e-01
    4.78068560e-01 4.83338624e-01 4.78748590e-01 4.75525022e-01
    4.83246684e-01 4.84974712e-01 4.79658604e-01 4.73415315e-01
    4.70426291e-01 4.69757318e-01 4.73555446e-01 4.72191125e-01
    4.75341111e-01 4.82709199e-01 4.92388695e-01 4.92016613e-01
    4.89405334e-01 5.00764847e-01 4.98468518e-01 4.97774512e-01
    4.94571209e-01 4.93775457e-01 4.90776032e-01 4.88219410e-01
    4.95726883e-01 4.98666197e-01 5.02319932e-01 5.08096993e-01
    5.11611104e-01 5.11210263e-01 5.17563403e-01 5.19077718e-01
    5.16011417e-01 5.22198319e-01 5.19558012e-01 5.20825624e-01
    5.20540535e-01 5.23290038e-01 5.28619587e-01 5.18993437e-01
    5.20835280e-01 5.14900327e-01 5.16843259e-01 5.11116624e-01
    5.07140458e-01 4.98788118e-01 4.98129189e-01 4.79229152e-01
    4.83646512e-01 4.91065979e-01 4.80352700e-01 4.81529206e-01
    4.81799722e-01 4.85910654e-01 4.87281859e-01 4.85381603e-01
    4.92940843e-01 4.96688098e-01 4.92841512e-01 5.00175238e-01
    4.99279588e-01 4.99214977e-01 4.97754544e-01 4.99116540e-01
    5.07462680e-01 4.93420780e-01 4.81816053e-01 4.92001414e-01
    4.89395916e-01 4.86270100e-01 4.81186509e-01 4.81991917e-01
    4.74725157e-01 4.74719584e-01 4.69912261e-01 4.67284799e-01
    4.53486472e-01 4.62496817e-01 4.62155849e-01 4.77179945e-01
    4.77900952e-01 4.84424174e-01 4.89515960e-01 4.96938974e-01
    4.90530103e-01 4.87888545e-01 4.84385669e-01 4.86522645e-01
    4.85148013e-01 4.89138842e-01 4.89988774e-01 4.90927041e-01
    5.00488818e-01 5.06051779e-01 5.04805863e-01 5.03669262e-01
    4.97670203e-01 4.96417224e-01 4.86459792e-01 4.86071289e-01
    4.91566449e-01 5.05248487e-01 5.04269719e-01 5.06904423e-01
    5.07324100e-01 5.06594241e-01 5.09950519e-01 5.02115905e-01
    5.05667031e-01 5.02682745e-01 5.05209565e-01 4.96703923e-01
    5.00512719e-01 4.96359229e-01 4.95086402e-01 5.01378775e-01
    5.06947696e-01 4.99868572e-01 4.91337389e-01 4.98027325e-01
    5.01604259e-01 4.99851435e-01 4.95017201e-01 4.99962330e-01
    5.17028034e-01 5.25526464e-01 5.23489296e-01 5.23936033e-01
    5.26299179e-01 5.27608752e-01 5.23545504e-01 5.29801071e-01
    5.30182779e-01 5.24941325e-01 5.24852812e-01 5.25378585e-01
    5.22768438e-01 5.20690620e-01 5.13963282e-01 5.15435576e-01
    5.05211174e-01 4.96931851e-01 4.86001909e-01 4.92455959e-01
    4.90236819e-01 4.89317656e-01 4.85779226e-01 4.92861748e-01
    4.87073153e-01 4.87065464e-01 4.91730064e-01 4.91947114e-01
    4.90701824e-01 4.90497828e-01 4.86624628e-01 4.94176924e-01
    4.97088969e-01 4.95444953e-01 4.94848758e-01 4.97799158e-01
    4.99773651e-01 5.00540078e-01 4.97358114e-01 4.99089479e-01
    4.87810344e-01 4.87286180e-01 4.88726139e-01 4.86178547e-01
    4.85984951e-01 4.89219666e-01 4.78701085e-01 4.76264149e-01
    4.76545483e-01 4.75705564e-01 4.85645980e-01 4.80727553e-01
    4.76102322e-01 4.69826370e-01 4.71537799e-01 4.69273150e-01
    4.71665025e-01 4.75876898e-01 4.74826097e-01 4.73871648e-01
    4.68930900e-01 4.64628190e-01 4.67069119e-01 4.73545998e-01
    4.82307404e-01 4.88514543e-01 4.87187564e-01 4.84770030e-01
    4.92927790e-01 4.94156778e-01 4.97022331e-01 5.00575900e-01
    4.78944778e-01 4.44683909e-01 4.20118898e-01 3.93125236e-01
    3.61246169e-01 3.35674554e-01 3.11973453e-01 2.79496402e-01
    2.62428463e-01 2.87740886e-01 3.10419351e-01 3.39829803e-01
    3.66707981e-01 3.96115482e-01 4.22859669e-01 4.62557107e-01
    4.94504392e-01 4.92217958e-01 4.95747179e-01 4.97242153e-01
    4.94001180e-01 4.87841427e-01 4.88912076e-01 4.83768553e-01
    4.90029842e-01 4.91873950e-01 4.99836057e-01 5.05582869e-01
    5.08246481e-01 5.12084901e-01 5.17739713e-01 5.18812478e-01
    5.07356167e-01 5.04571140e-01 5.09950638e-01 5.12747824e-01
    5.10218501e-01 5.03471732e-01 5.04368603e-01 5.03065348e-01
    5.08230329e-01 5.04659772e-01 5.04453778e-01 4.94357020e-01
    4.94710684e-01 4.93140221e-01 4.95673239e-01 4.80613112e-01
    4.81580406e-01 4.84728128e-01 4.89331692e-01 4.86188769e-01
    4.89048719e-01 4.88323569e-01 4.97174412e-01 4.95664150e-01
    4.84820753e-01 4.77657676e-01 4.77858901e-01 4.73234802e-01
    4.76467282e-01 4.78430539e-01 4.75825906e-01 4.73383188e-01
    4.82690960e-01 4.85978037e-01 4.83155191e-01 4.76732075e-01
    4.76710796e-01 4.77114886e-01 4.82132256e-01 4.78630126e-01
    4.82635170e-01 4.89958525e-01 5.00287354e-01 4.98864770e-01
    4.96837705e-01 5.04825056e-01 5.04623413e-01 5.04179239e-01
    5.00688314e-01 4.98064250e-01 4.97472942e-01 4.94988322e-01
    5.04272103e-01 5.03864288e-01 5.01359522e-01 5.04219294e-01
    5.10263026e-01 5.09850919e-01 5.16521931e-01 5.14735460e-01
    5.13111770e-01 5.20409107e-01 5.16770065e-01 5.17669082e-01
    5.17185926e-01 5.18306196e-01 5.23177445e-01 5.14384210e-01
    5.15682697e-01 5.10036647e-01 5.16662538e-01 5.13765812e-01
    5.08489728e-01 5.01994371e-01 4.99726444e-01 4.83036220e-01
    4.89254296e-01 4.97154564e-01 4.86818373e-01 4.91544753e-01
    4.91674572e-01 4.93935257e-01 4.96996164e-01 4.97774273e-01
    5.05475461e-01 5.09080291e-01 5.02880275e-01 5.06892800e-01
    5.06784439e-01 5.09387255e-01 5.06087184e-01 5.06529212e-01
    5.12607396e-01 4.97771263e-01 4.87094909e-01 4.96206760e-01
    4.91398245e-01 4.89107400e-01 4.86008316e-01 4.87371504e-01
    4.81272638e-01 4.79151100e-01 4.74258602e-01 4.71647531e-01
    4.57632810e-01 4.66359049e-01 4.63703394e-01 4.76536304e-01
    4.78946120e-01 4.83470678e-01 4.88808095e-01 4.92246151e-01
    4.84633744e-01 4.83710051e-01 4.79102612e-01 4.78541374e-01
    4.79603499e-01 4.84785467e-01 4.85678315e-01 4.89082843e-01
    4.97395128e-01 5.06511331e-01 5.05670547e-01 5.07438004e-01
    5.01750886e-01 5.00683844e-01 4.94563043e-01 4.95529294e-01
    5.05735815e-01 5.20209610e-01 5.18995047e-01 5.19307494e-01
    5.19979298e-01 5.14400482e-01 5.14721215e-01 5.06457746e-01
    5.08573830e-01 5.07168591e-01 5.07920384e-01 4.99866128e-01
    5.01360774e-01 4.99095082e-01 4.94982511e-01 5.01048744e-01
    5.05865037e-01 4.97379243e-01 4.88829732e-01 4.95076388e-01
    5.03434360e-01 5.02154350e-01 4.98960286e-01 5.04208922e-01
    5.23443818e-01 5.29985726e-01 5.27562082e-01 5.25943756e-01
    5.29804885e-01 5.32256126e-01 5.26439190e-01 5.34680188e-01
    5.34572780e-01 5.30629277e-01 5.29276311e-01 5.31075299e-01
    5.31061113e-01 5.27477503e-01 5.20069361e-01 5.21441758e-01
    5.10858119e-01 5.02342939e-01 4.95059401e-01 5.02666950e-01
    5.00977278e-01 4.98844802e-01 4.95745569e-01 5.02653718e-01
    4.97228324e-01 4.97836053e-01 5.01489818e-01 5.03469527e-01
    5.00685275e-01 4.96927619e-01 4.91086513e-01 4.96179104e-01
    4.98153448e-01 4.98618066e-01 4.95363265e-01 4.97628123e-01
    4.97853458e-01 4.98675227e-01 4.93331641e-01 4.97273237e-01
    4.86788332e-01 4.87718672e-01 4.89330143e-01 4.84915465e-01
    4.85678643e-01 4.87461448e-01 4.80310678e-01 4.79068130e-01
    4.85238433e-01 4.85751569e-01 4.93263215e-01 4.91256803e-01
    4.84788358e-01 4.79440898e-01 4.81125891e-01 4.79212999e-01
    4.78253454e-01 4.82731968e-01 4.82176542e-01 4.77662385e-01
    4.73632753e-01 4.65850383e-01 4.68210220e-01 4.72377151e-01
    4.84465867e-01 4.87609059e-01 4.86839026e-01 4.84788537e-01
    4.88462031e-01 4.91559237e-01 4.95121747e-01 4.97566462e-01
    4.76635814e-01 4.43195999e-01 4.18176234e-01 3.89750242e-01
    3.60075980e-01 3.34425926e-01 3.12681705e-01 2.81510353e-01
    2.57280856e-01 2.83366203e-01 3.07674676e-01 3.35428774e-01
    3.63565415e-01 3.91737252e-01 4.20573622e-01 4.58854675e-01
    4.91691619e-01 4.88671601e-01 4.92345482e-01 4.92074341e-01
    4.91495609e-01 4.87548053e-01 4.86476332e-01 4.81230527e-01
    4.88224626e-01 4.92943466e-01 4.98381257e-01 5.03717422e-01
    5.05136013e-01 5.09645462e-01 5.16351879e-01 5.13200819e-01
    5.01747072e-01 4.97603923e-01 5.00681818e-01 5.08031726e-01
    5.05648434e-01 4.97785300e-01 4.95159715e-01 4.95138079e-01
    5.01909196e-01 4.99465078e-01 4.98528808e-01 4.92889792e-01
    4.92160887e-01 4.93167847e-01 4.92411613e-01 4.79015231e-01
    4.83340204e-01 4.87391889e-01 4.91113275e-01 4.89515573e-01
    4.88660902e-01 4.89471376e-01 4.97263163e-01 4.99642074e-01
    4.89402413e-01 4.80855614e-01 4.80698526e-01 4.76609141e-01
    4.76236492e-01 4.77648467e-01 4.76824850e-01 4.76519465e-01
    4.87544119e-01 4.90216494e-01 4.89983559e-01 4.86248344e-01
    4.88714159e-01 4.88590330e-01 4.90447640e-01 4.89164621e-01
    4.93412316e-01 4.97781515e-01 5.06027997e-01 5.05589902e-01
    5.02347112e-01 5.08892179e-01 5.09652376e-01 5.05683720e-01
    5.01594365e-01 4.94854122e-01 4.91121262e-01 4.87363368e-01
    4.95753437e-01 4.92296964e-01 4.90667194e-01 4.93195444e-01
    4.97907490e-01 4.92738783e-01 5.01404941e-01 5.02459645e-01
    5.00237525e-01 5.04974306e-01 5.01269460e-01 5.01680017e-01
    5.05794585e-01 5.05184710e-01 5.07842064e-01 5.00876367e-01
    5.00364125e-01 4.93851960e-01 5.01647890e-01 5.00945628e-01
    4.97186124e-01 4.92664933e-01 4.92264897e-01 4.76563483e-01
    4.83209699e-01 4.90926683e-01 4.84272510e-01 4.90020365e-01
    4.88544643e-01 4.87445414e-01 4.93152082e-01 4.96620804e-01
    5.03375769e-01 5.08252978e-01 5.01179636e-01 5.03902435e-01
    5.03397226e-01 5.06321192e-01 5.01217663e-01 5.03751636e-01
    5.07107854e-01 4.92603213e-01 4.81919795e-01 4.89407241e-01
    4.87055451e-01 4.88156646e-01 4.83820051e-01 4.83257830e-01
    4.76099104e-01 4.74395543e-01 4.69856679e-01 4.68212843e-01
    4.55536067e-01 4.64136511e-01 4.59078968e-01 4.70727026e-01
    4.74217027e-01 4.84595269e-01 4.90289181e-01 4.94209766e-01
    4.87787545e-01 4.86728966e-01 4.79955494e-01 4.80419099e-01
    4.83733147e-01 4.91232067e-01 4.92303133e-01 4.95077252e-01
    5.06116688e-01 5.13818026e-01 5.11353195e-01 5.13815641e-01
    5.06881058e-01 5.04550934e-01 4.97107416e-01 4.97698128e-01
    5.06033778e-01 5.18079281e-01 5.14972329e-01 5.16084313e-01
    5.14932573e-01 5.08160412e-01 5.06856918e-01 5.02598584e-01
    5.05792141e-01 5.02292275e-01 5.07350087e-01 4.98306304e-01
    4.98096883e-01 4.96377558e-01 4.91617173e-01 4.97375458e-01
    5.00475407e-01 4.91752654e-01 4.83839899e-01 4.92529780e-01
    4.97491539e-01 5.01458406e-01 4.99465048e-01 5.06019056e-01
    5.22556186e-01 5.28703928e-01 5.25538206e-01 5.21210909e-01
    5.27369678e-01 5.34424365e-01 5.27880371e-01 5.34438252e-01
    5.34090817e-01 5.29611409e-01 5.29562712e-01 5.33626556e-01
    5.32821536e-01 5.31520069e-01 5.21708310e-01 5.23750901e-01
    5.10626435e-01 5.02048016e-01 4.94372606e-01 5.00238657e-01
    4.96894777e-01 4.95240152e-01 4.90367770e-01 4.98930395e-01
    4.95796889e-01 4.95485067e-01 5.01876354e-01 5.02326429e-01
    5.00844896e-01 4.95946735e-01 4.89637405e-01 4.96709704e-01
    4.99564528e-01 5.04074275e-01 5.00537992e-01 5.03959179e-01
    5.09601712e-01 5.11783957e-01 5.08141160e-01 5.11693597e-01
    5.00930309e-01 5.02022684e-01 5.02992749e-01 4.96601790e-01
    4.97649193e-01 4.98070210e-01 4.93087113e-01 4.92108494e-01
    4.97199684e-01 4.94628251e-01 4.97967541e-01 4.94671345e-01
    4.87305820e-01 4.80959713e-01 4.84251827e-01 4.79041606e-01
    4.76926625e-01 4.85037416e-01 4.85161692e-01 4.79681075e-01
    4.76622462e-01 4.70601916e-01 4.72582340e-01 4.75054115e-01
    4.87594575e-01 4.86861348e-01 4.87207562e-01 4.86700714e-01
    4.93348032e-01 4.95819896e-01 4.97105271e-01 4.99679178e-01
    4.79670823e-01 4.48061377e-01 4.20272917e-01 3.90303016e-01
    3.61614525e-01 3.35456729e-01 3.13291162e-01 2.81282008e-01
    2.59562850e-01 2.84758776e-01 3.08775276e-01 3.35990667e-01
    3.66561085e-01 3.93222630e-01 4.21177745e-01 4.58745480e-01
    4.89855200e-01 4.87648070e-01 4.92089599e-01 4.90721762e-01
    4.88217294e-01 4.85410750e-01 4.86969411e-01 4.85030025e-01
    4.91447598e-01 5.01975000e-01 5.07022083e-01 5.11481345e-01
    5.14602065e-01 5.17301321e-01 5.25313556e-01 5.22721291e-01
    5.13510883e-01 5.12769639e-01 5.17025471e-01 5.20887554e-01
    5.17522931e-01 5.09696424e-01 5.06540656e-01 5.04054964e-01
    5.08690774e-01 5.05585909e-01 4.99603897e-01 4.95639056e-01
    4.94502872e-01 4.94376004e-01 4.93204832e-01 4.80163068e-01
    4.86571223e-01 4.89353478e-01 4.92095113e-01 4.86959606e-01
    4.87238944e-01 4.87730980e-01 4.95286077e-01 4.97817367e-01
    4.88726079e-01 4.80129480e-01 4.81141031e-01 4.79463249e-01
    4.79466081e-01 4.84540105e-01 4.84830320e-01 4.85706627e-01
    4.95995939e-01 4.96984273e-01 4.97328967e-01 4.93983030e-01
    4.97366995e-01 4.99077380e-01 5.01572549e-01 5.04048228e-01
    5.08124292e-01 5.13767540e-01 5.19564211e-01 5.20914674e-01
    5.17417490e-01 5.22496641e-01 5.22046924e-01 5.15142500e-01
    5.12113273e-01 5.08212030e-01 5.04456997e-01 5.01470327e-01
    5.08599758e-01 5.05471826e-01 5.00366092e-01 5.04761994e-01
    5.05411863e-01 5.00390112e-01 5.06662965e-01 5.11654675e-01
    5.07883132e-01 5.12965918e-01 5.09483635e-01 5.11863768e-01
    5.15812278e-01 5.14294684e-01 5.14414012e-01 5.08740485e-01
    5.05557120e-01 5.01443744e-01 5.09422839e-01 5.12299418e-01
    5.05497038e-01 5.00558436e-01 4.97484714e-01 4.84159082e-01
    4.88733023e-01 4.94504541e-01 4.87992406e-01 4.93258953e-01
    4.90004390e-01 4.93379205e-01 4.97986823e-01 5.00028133e-01
    5.05954087e-01 5.10434747e-01 5.02835810e-01 5.04745722e-01
    5.01474619e-01 5.05881011e-01 5.01943350e-01 5.04775226e-01
    5.05291998e-01 4.92378861e-01 4.82007027e-01 4.88757759e-01
    4.88027632e-01 4.86909419e-01 4.81490016e-01 4.83149558e-01
    4.78693515e-01 4.77056444e-01 4.76055950e-01 4.72049803e-01
    4.61129546e-01 4.70377266e-01 4.64101046e-01 4.77610290e-01
    4.83092040e-01 4.93785620e-01 4.97989208e-01 5.04539847e-01
    4.99512404e-01 4.97497112e-01 4.92029637e-01 4.91337657e-01
    4.91761148e-01 4.99633789e-01 4.99881238e-01 4.97756988e-01
    5.12289405e-01 5.17488599e-01 5.14604151e-01 5.18671751e-01
    5.10757208e-01 5.07136643e-01 5.02417982e-01 5.03089845e-01
    5.08997738e-01 5.16881227e-01 5.15490532e-01 5.17245352e-01
    5.17302036e-01 5.11344075e-01 5.07443845e-01 5.04147410e-01
    5.12779713e-01 5.05836308e-01 5.10912538e-01 5.04830539e-01
    5.02379239e-01 5.02278626e-01 4.97241437e-01 5.00045717e-01
    5.02686739e-01 4.93396759e-01 4.89531904e-01 4.95696217e-01
    5.02356291e-01 5.06499827e-01 5.01854837e-01 5.06409943e-01
    5.21572173e-01 5.23239672e-01 5.18347323e-01 5.12547195e-01
    5.17152727e-01 5.23887932e-01 5.16311526e-01 5.23065686e-01
    5.22731066e-01 5.19596040e-01 5.19388497e-01 5.19264877e-01
    5.19818723e-01 5.16357005e-01 5.04137397e-01 5.08284569e-01
    4.98965740e-01 4.93840277e-01 4.87388641e-01 4.96196002e-01
    4.94517654e-01 4.92563367e-01 4.89724517e-01 4.98762846e-01
    4.96244192e-01 4.93900567e-01 4.98748749e-01 4.97774214e-01
    5.00287235e-01 4.96578008e-01 4.89899427e-01 5.00373185e-01
    5.03024578e-01 5.07977486e-01 5.03984332e-01 5.10199070e-01
    5.15805960e-01 5.20096540e-01 5.13884246e-01 5.16749382e-01
    5.04838824e-01 5.04552424e-01 5.07731378e-01 5.04241526e-01
    5.06242275e-01 5.06545424e-01 4.98665333e-01 4.99567032e-01
    5.04202962e-01 4.98583913e-01 4.99661684e-01 4.93354857e-01
    4.81513023e-01 4.74522918e-01 4.76406574e-01 4.72961307e-01
    4.72525835e-01 4.81992155e-01 4.80955243e-01 4.74663228e-01
    4.70627576e-01 4.67172056e-01 4.65955943e-01 4.67528909e-01
    4.80310619e-01 4.77593690e-01 4.81123865e-01 4.82111037e-01
    4.88217473e-01 4.91980255e-01 4.91650313e-01 4.93915617e-01
    4.74623024e-01 4.41628456e-01 4.13007706e-01 3.84262204e-01
    3.56503904e-01 3.29640865e-01 3.06824714e-01 2.77062684e-01
    2.59868562e-01 2.83560127e-01 3.08195889e-01 3.33102524e-01
    3.60571831e-01 3.87487233e-01 4.17833656e-01 4.56376106e-01
    4.87628073e-01 4.85627383e-01 4.88565385e-01 4.86746699e-01
    4.86174822e-01 4.80746537e-01 4.80516225e-01 4.78515804e-01
    4.87432748e-01 4.96847957e-01 5.02839983e-01 5.07376015e-01
    5.13269305e-01 5.21478295e-01 5.28277338e-01 5.23440957e-01
    5.14817595e-01 5.12703955e-01 5.17032623e-01 5.18646657e-01
    5.14683247e-01 5.03823578e-01 5.03842056e-01 5.03198802e-01
    5.08320808e-01 5.06134510e-01 5.00451148e-01 4.94719297e-01
    4.92430449e-01 4.89333957e-01 4.85599577e-01 4.76308167e-01
    4.83865321e-01 4.83790606e-01 4.86139148e-01 4.82620060e-01
    4.83416289e-01 4.85749602e-01 4.98575181e-01 4.98967588e-01
    4.90490675e-01 4.82852727e-01 4.82753247e-01 4.82231766e-01
    4.84695584e-01 4.92339432e-01 4.92664546e-01 4.95985001e-01
    5.01911283e-01 5.04378736e-01 5.07259965e-01 5.06375909e-01
    5.08150101e-01 5.07996500e-01 5.07384419e-01 5.04856467e-01
    5.06373286e-01 5.09884119e-01 5.16264915e-01 5.17112970e-01
    5.13221741e-01 5.17808795e-01 5.13397157e-01 5.08773685e-01
    5.03776908e-01 5.01961231e-01 4.93338138e-01 4.90785956e-01
    4.94286597e-01 4.92742091e-01 4.89722669e-01 4.92723227e-01
    4.94258523e-01 4.90790308e-01 4.98704553e-01 5.02547324e-01
    4.96571690e-01 5.00703335e-01 4.97751802e-01 5.01813769e-01
    5.07276595e-01 5.05765796e-01 5.08065641e-01 5.05634308e-01
    5.03400922e-01 5.01521826e-01 5.09899855e-01 5.14021814e-01
    5.07608294e-01 5.04331708e-01 4.99175221e-01 4.86194313e-01
    4.90338236e-01 4.99962211e-01 4.95480359e-01 5.00711203e-01
    4.97967601e-01 4.99206156e-01 5.04227102e-01 5.01118004e-01
    5.05993009e-01 5.06951749e-01 4.98537004e-01 4.96485025e-01
    4.93631244e-01 5.00598609e-01 4.94930923e-01 4.97033685e-01
    4.94677633e-01 4.83770847e-01 4.73522872e-01 4.79156077e-01
    4.79485214e-01 4.78741497e-01 4.73205119e-01 4.73244697e-01
    4.73351449e-01 4.73533183e-01 4.72558379e-01 4.70616877e-01
    4.62428331e-01 4.69481260e-01 4.64001596e-01 4.79099423e-01
    4.85911757e-01 5.01083016e-01 5.01720190e-01 5.10025084e-01
    5.07868946e-01 5.06912112e-01 4.99932975e-01 4.97726858e-01
    5.00303864e-01 5.04586875e-01 5.03350854e-01 5.02214551e-01
    5.14077246e-01 5.19156814e-01 5.17330170e-01 5.18633842e-01
    5.10261357e-01 5.08280098e-01 5.02409399e-01 5.01666009e-01
    5.04980862e-01 5.09963214e-01 5.07607520e-01 5.09468496e-01
    5.14217019e-01 5.05617738e-01 5.01909137e-01 4.98825341e-01
    5.07733941e-01 5.00765979e-01 5.04643142e-01 4.99482960e-01
    4.97373343e-01 4.97421294e-01 4.92539942e-01 4.97373581e-01
    5.02460361e-01 4.93905425e-01 4.89565164e-01 4.94276702e-01
    5.01499116e-01 5.04246533e-01 5.00110865e-01 5.05588710e-01
    5.20340800e-01 5.19740283e-01 5.15135407e-01 5.09075463e-01
    5.10320544e-01 5.18909574e-01 5.12958705e-01 5.17819405e-01
    5.17300308e-01 5.14552355e-01 5.13133764e-01 5.12270749e-01
    5.13335586e-01 5.11862338e-01 5.00478148e-01 5.02949655e-01
    4.93836015e-01 4.87646371e-01 4.82499927e-01 4.93864506e-01
    4.93909270e-01 4.94507134e-01 4.91037190e-01 4.99640077e-01
    5.00584066e-01 4.98294860e-01 5.05253613e-01 5.05665302e-01
    5.09393334e-01 5.06403923e-01 4.98692513e-01 5.05586922e-01
    5.09893298e-01 5.12202263e-01 5.12019038e-01 5.21061718e-01
    5.24468005e-01 5.26893437e-01 5.20184875e-01 5.20993769e-01
    5.10748506e-01 5.09126246e-01 5.07101953e-01 4.98799592e-01
    5.01974225e-01 5.00399828e-01 4.92713660e-01 4.92906541e-01
    4.99915063e-01 4.94312733e-01 4.99001294e-01 4.91451889e-01
    4.77607310e-01 4.71877515e-01 4.72816288e-01 4.69829857e-01
    4.71206397e-01 4.76230055e-01 4.75079328e-01 4.72886831e-01
    4.73322928e-01 4.64895517e-01 4.65985030e-01 4.68621910e-01
    4.81644809e-01 4.79925096e-01 4.84298110e-01 4.83510256e-01
    4.89152431e-01 4.90531236e-01 4.90621984e-01 4.93084759e-01
    4.73952174e-01 4.40938622e-01 4.13859576e-01 3.84975463e-01
    3.56329948e-01 3.27912718e-01 3.07980537e-01 2.77530998e-01
    2.55946428e-01 2.81077772e-01 3.06084961e-01 3.28961432e-01
    3.56723845e-01 3.83553475e-01 4.10870790e-01 4.48783457e-01
    4.80005473e-01 4.80261087e-01 4.82915789e-01 4.84532088e-01
    4.82556164e-01 4.78605658e-01 4.83400166e-01 4.80146617e-01
    4.88358378e-01 4.97118950e-01 5.02469897e-01 5.07004619e-01
    5.12258470e-01 5.21567702e-01 5.28492272e-01 5.25458157e-01
    5.18581390e-01 5.15681684e-01 5.19826293e-01 5.24828911e-01
    5.19506752e-01 5.12704253e-01 5.08693695e-01 5.06272554e-01
    5.12674391e-01 5.10703385e-01 5.04809916e-01 4.97844815e-01
    4.94965464e-01 4.95077491e-01 4.88833785e-01 4.79849905e-01
    4.90825504e-01 4.91669834e-01 4.94896770e-01 4.89479095e-01
    4.88742620e-01 4.90883499e-01 4.99694169e-01 5.04159510e-01
    4.97092575e-01 4.91264313e-01 4.89396065e-01 4.90919769e-01
    4.96560484e-01 5.02780676e-01 5.01745462e-01 5.07699788e-01
    5.14345527e-01 5.12417614e-01 5.11262834e-01 5.07511318e-01
    5.07824957e-01 5.07866859e-01 5.04619479e-01 5.03428161e-01
    5.00820994e-01 5.02696276e-01 5.05669832e-01 5.08068085e-01
    5.03539383e-01 5.04849792e-01 4.99604493e-01 4.95546758e-01
    4.88459855e-01 4.87034261e-01 4.80467945e-01 4.81445700e-01
    4.85662878e-01 4.83077824e-01 4.76248652e-01 4.82145905e-01
    4.84017432e-01 4.83829319e-01 4.91446435e-01 4.94432569e-01
    4.85162497e-01 4.89300698e-01 4.83989596e-01 4.89440084e-01
    4.94787842e-01 4.91677105e-01 4.93054181e-01 4.90001827e-01
    4.86460060e-01 4.86900300e-01 4.98455137e-01 5.06042004e-01
    4.99811977e-01 4.98631030e-01 4.94613886e-01 4.84024853e-01
    4.89033997e-01 5.00911355e-01 4.95726645e-01 5.04380822e-01
    5.05095482e-01 5.04992008e-01 5.12990415e-01 5.08471072e-01
    5.13366044e-01 5.13743818e-01 5.05129218e-01 5.02371788e-01
    4.98235613e-01 5.05109787e-01 4.96184140e-01 4.94574726e-01
    4.90988165e-01 4.80861694e-01 4.72162098e-01 4.77320224e-01
    4.75511193e-01 4.72481996e-01 4.71086890e-01 4.68249887e-01
    4.69291359e-01 4.69945401e-01 4.69953090e-01 4.67759758e-01
    4.61297899e-01 4.70912129e-01 4.67074662e-01 4.79979724e-01
    4.88725394e-01 5.01178086e-01 5.01491249e-01 5.07804513e-01
    5.08855522e-01 5.06900311e-01 4.99278158e-01 4.96790469e-01
    5.00575423e-01 5.03962576e-01 5.02514482e-01 5.03823757e-01
    5.13573587e-01 5.17162561e-01 5.13807297e-01 5.13320923e-01
    5.07246077e-01 5.07254362e-01 5.04913509e-01 5.04251063e-01
    5.05985320e-01 5.05329192e-01 5.05469620e-01 5.08402169e-01
    5.10420442e-01 5.03416538e-01 5.00221908e-01 4.96658236e-01
    5.03113508e-01 4.99596268e-01 5.04181743e-01 4.99975204e-01
    4.99970436e-01 4.98912096e-01 4.91304427e-01 4.95806515e-01
    5.00539243e-01 4.95367885e-01 4.94693339e-01 4.98079121e-01
    5.03126323e-01 5.07573724e-01 5.04052341e-01 5.07697046e-01
    5.21482050e-01 5.19344568e-01 5.12448847e-01 5.05168498e-01
    5.05345285e-01 5.12456596e-01 5.10592401e-01 5.15227854e-01
    5.13216972e-01 5.12377501e-01 5.09760797e-01 5.08004904e-01
    5.09948075e-01 5.11437237e-01 5.00041068e-01 5.02095342e-01
    4.97644007e-01 4.93107378e-01 4.91914928e-01 5.04208803e-01
    5.03789365e-01 5.02626598e-01 4.99565661e-01 5.06431937e-01
    5.09507895e-01 5.08008957e-01 5.14394999e-01 5.15800714e-01
    5.22766948e-01 5.21338940e-01 5.10035634e-01 5.14447868e-01
    5.18082857e-01 5.18179119e-01 5.15767813e-01 5.20487487e-01
    5.25714338e-01 5.27314484e-01 5.20602822e-01 5.19310296e-01
    5.08471787e-01 5.04213393e-01 5.01826048e-01 4.94778156e-01
    4.96172637e-01 4.89694476e-01 4.82213318e-01 4.85802472e-01
    4.96470809e-01 4.89704877e-01 4.96776730e-01 4.90038335e-01
    4.75211173e-01 4.66622174e-01 4.69071060e-01 4.67306584e-01
    4.70161468e-01 4.75907058e-01 4.77834165e-01 4.76841569e-01
    4.75015253e-01 4.69148815e-01 4.70857888e-01 4.70690221e-01
    4.83091503e-01 4.80399281e-01 4.88042861e-01 4.82814789e-01
    4.92713928e-01 4.97651249e-01 5.00989676e-01 5.03723145e-01
    4.84149247e-01 4.50891495e-01 4.23141211e-01 3.93064618e-01
    3.63279313e-01 3.35113853e-01 3.13556015e-01 2.84090877e-01
    2.52104312e-01 2.76365280e-01 2.98971117e-01 3.22921455e-01
    3.47976655e-01 3.74963135e-01 4.04457062e-01 4.44266975e-01
    4.75318938e-01 4.77410376e-01 4.79759216e-01 4.78002906e-01
    4.78266150e-01 4.71907914e-01 4.78371710e-01 4.74790961e-01
    4.80912864e-01 4.91297245e-01 4.97803032e-01 5.06065726e-01
    5.10869384e-01 5.24201035e-01 5.30119300e-01 5.24645984e-01
    5.14896750e-01 5.11156380e-01 5.12875795e-01 5.15290618e-01
    5.12580276e-01 5.04507840e-01 5.04232347e-01 4.98071611e-01
    5.09046674e-01 5.09435892e-01 5.04002512e-01 4.97359782e-01
    4.93586063e-01 4.91865814e-01 4.82336104e-01 4.73409563e-01
    4.83593941e-01 4.85323370e-01 4.89777446e-01 4.84236330e-01
    4.83617008e-01 4.86226290e-01 4.98662800e-01 5.02598941e-01
    4.97016907e-01 4.91023958e-01 4.89975333e-01 4.87851709e-01
    4.94579881e-01 5.00313818e-01 5.01539409e-01 5.08950651e-01
    5.16631305e-01 5.18297195e-01 5.15860677e-01 5.09928763e-01
    5.10558784e-01 5.12983143e-01 5.09795010e-01 5.05849183e-01
    5.03730059e-01 5.05448639e-01 5.07649660e-01 5.08010626e-01
    5.05780339e-01 5.03794134e-01 5.00613332e-01 4.96204227e-01
    4.88743454e-01 4.87924039e-01 4.77732450e-01 4.82369363e-01
    4.88637775e-01 4.85151142e-01 4.76561368e-01 4.81230646e-01
    4.80675220e-01 4.76868063e-01 4.86259580e-01 4.87183511e-01
    4.78302717e-01 4.81439710e-01 4.77549523e-01 4.78334963e-01
    4.82688814e-01 4.78508472e-01 4.79035765e-01 4.78339046e-01
    4.73564208e-01 4.71225411e-01 4.84362155e-01 4.94423807e-01
    4.87454593e-01 4.87683415e-01 4.86765653e-01 4.75478888e-01
    4.81261939e-01 4.93974537e-01 4.89751160e-01 4.97306764e-01
    4.99617517e-01 4.99799252e-01 5.09053469e-01 5.07504880e-01
    5.08591771e-01 5.05769134e-01 5.02739429e-01 4.99683499e-01
    4.93181676e-01 5.01527071e-01 4.92635995e-01 4.88016099e-01
    4.87101167e-01 4.76807475e-01 4.68350798e-01 4.72740501e-01
    4.71332937e-01 4.69582468e-01 4.67246652e-01 4.64432806e-01
    4.63061988e-01 4.68456835e-01 4.70415056e-01 4.65466708e-01
    4.59684759e-01 4.71231937e-01 4.65217382e-01 4.79037553e-01
    4.90034163e-01 4.97944504e-01 5.01035869e-01 5.07226646e-01
    5.10916114e-01 5.10179996e-01 5.03491282e-01 5.04478097e-01
    5.06859899e-01 5.10119557e-01 5.06645024e-01 5.08601665e-01
    5.20979404e-01 5.24099588e-01 5.19657493e-01 5.21546006e-01
    5.14042616e-01 5.16623795e-01 5.17363608e-01 5.16394317e-01
    5.16974747e-01 5.12389779e-01 5.13082325e-01 5.15740335e-01
    5.15144050e-01 5.11778235e-01 5.06955922e-01 5.04321337e-01
    5.09041131e-01 5.02468169e-01 5.05175471e-01 5.02672553e-01
    5.05246758e-01 5.04402936e-01 4.94662076e-01 4.98498499e-01
    4.99943703e-01 4.97142673e-01 4.96279180e-01 4.96664613e-01
    5.00236273e-01 5.04980385e-01 5.01916826e-01 5.07287681e-01
    5.17741859e-01 5.15449345e-01 5.10646403e-01 5.05267322e-01
    5.03089726e-01 5.06841719e-01 5.04020751e-01 5.08310199e-01
    5.07397771e-01 5.09966552e-01 5.07569075e-01 5.07496417e-01
    5.10633469e-01 5.12537777e-01 5.03544867e-01 5.03532767e-01
    4.98807579e-01 4.97428656e-01 4.97359663e-01 5.06990969e-01
    5.09482265e-01 5.08494675e-01 5.08232772e-01 5.17024219e-01
    5.20527124e-01 5.17705202e-01 5.23593307e-01 5.26113689e-01
    5.35123944e-01 5.33793926e-01 5.22434235e-01 5.21887183e-01
    5.25784612e-01 5.27803659e-01 5.23695767e-01 5.27404726e-01
    5.31168997e-01 5.28766930e-01 5.22938669e-01 5.21060348e-01
    5.11885166e-01 5.06607115e-01 5.05974889e-01 4.99198079e-01
    4.99617845e-01 4.93885547e-01 4.85952437e-01 4.90081757e-01
    5.03300130e-01 4.94589746e-01 4.98137861e-01 4.93556947e-01
    4.79559243e-01 4.72510159e-01 4.76942539e-01 4.76033211e-01
    4.75107431e-01 4.79788691e-01 4.85133886e-01 4.82624322e-01
    4.79989856e-01 4.72757310e-01 4.74781960e-01 4.77396965e-01
    4.88104105e-01 4.85338718e-01 4.93889868e-01 4.92051631e-01
    5.01596749e-01 5.08132219e-01 5.11180222e-01 5.13073027e-01
    4.92206395e-01 4.60627317e-01 4.32646304e-01 3.99975866e-01
    3.69447589e-01 3.40977222e-01 3.19237024e-01 2.86953270e-01
    2.55624563e-01 2.78495371e-01 3.02109569e-01 3.25933039e-01
    3.50474507e-01 3.78621429e-01 4.06076789e-01 4.46297348e-01
    4.74987626e-01 4.77439851e-01 4.78885442e-01 4.73974794e-01
    4.75246340e-01 4.64499891e-01 4.71860737e-01 4.72076207e-01
    4.80267465e-01 4.88240451e-01 4.97136980e-01 5.01456499e-01
    5.07165730e-01 5.20295203e-01 5.25327027e-01 5.22341430e-01
    5.12863934e-01 5.11086106e-01 5.09682238e-01 5.13547897e-01
    5.12102306e-01 5.03544867e-01 5.02030432e-01 4.93962169e-01
    5.02043128e-01 5.01929879e-01 4.97941434e-01 4.90496606e-01
    4.88866836e-01 4.88535762e-01 4.79245812e-01 4.70452577e-01
    4.77606297e-01 4.78270739e-01 4.82249618e-01 4.80566710e-01
    4.79577959e-01 4.81728166e-01 4.92399037e-01 5.00144839e-01
    4.98938620e-01 4.94770080e-01 4.90899801e-01 4.86827493e-01
    4.95513588e-01 5.01675665e-01 5.02199352e-01 5.10982573e-01
    5.16550243e-01 5.20643175e-01 5.19037724e-01 5.11306822e-01
    5.09025991e-01 5.10221660e-01 5.07826507e-01 5.07255077e-01
    5.03470004e-01 5.04891217e-01 5.05626261e-01 5.04539251e-01
    5.05294263e-01 5.02731621e-01 4.99066621e-01 4.93650377e-01
    4.84639257e-01 4.86748368e-01 4.77910995e-01 4.83945042e-01
    4.90633994e-01 4.89669174e-01 4.83008742e-01 4.84904915e-01
    4.83852148e-01 4.81142968e-01 4.87069547e-01 4.88658011e-01
    4.84368265e-01 4.86590743e-01 4.82314378e-01 4.82888430e-01
    4.84363258e-01 4.82912779e-01 4.85174835e-01 4.84116882e-01
    4.78324056e-01 4.79088843e-01 4.88935620e-01 4.97671664e-01
    4.92528528e-01 4.94718432e-01 4.96448606e-01 4.86089945e-01
    4.93272603e-01 5.02293587e-01 4.97372270e-01 5.04204631e-01
    5.10588348e-01 5.13073385e-01 5.19438565e-01 5.15875161e-01
    5.14984012e-01 5.13225853e-01 5.09499550e-01 5.06501436e-01
    4.99992102e-01 5.06914675e-01 4.95910048e-01 4.88721043e-01
    4.90789592e-01 4.77453113e-01 4.69435781e-01 4.73085552e-01
    4.69336152e-01 4.64309573e-01 4.61834848e-01 4.60972130e-01
    4.56275553e-01 4.61970925e-01 4.62385744e-01 4.57990438e-01
    4.55231905e-01 4.65229332e-01 4.62686628e-01 4.78322983e-01
    4.87221122e-01 4.96074438e-01 5.02134681e-01 5.08703053e-01
    5.12848973e-01 5.13625026e-01 5.05949438e-01 5.08052230e-01
    5.10336041e-01 5.19020379e-01 5.17609894e-01 5.19400179e-01
    5.30329645e-01 5.31620979e-01 5.29514730e-01 5.30629158e-01
    5.19145608e-01 5.23946285e-01 5.22759616e-01 5.16046524e-01
    5.17190218e-01 5.14327347e-01 5.15211284e-01 5.18708169e-01
    5.18946230e-01 5.16757131e-01 5.08663714e-01 5.04647434e-01
    5.08985579e-01 5.03419220e-01 5.04450619e-01 5.01380622e-01
    5.03018916e-01 5.06371796e-01 4.97098804e-01 5.02855241e-01
    5.05843937e-01 5.03607154e-01 5.04776895e-01 5.04948080e-01
    5.08538306e-01 5.12575150e-01 5.09676039e-01 5.16013443e-01
    5.25032938e-01 5.21982193e-01 5.14634013e-01 5.11247516e-01
    5.10617197e-01 5.13113916e-01 5.10332763e-01 5.11379719e-01
    5.05517483e-01 5.10070622e-01 5.06287694e-01 5.05696893e-01
    5.08908272e-01 5.14227808e-01 5.04394472e-01 5.01510024e-01
    4.98432726e-01 4.98378813e-01 4.97365296e-01 5.11172473e-01
    5.11665821e-01 5.11149108e-01 5.10738134e-01 5.18276036e-01
    5.23573637e-01 5.23858130e-01 5.28233767e-01 5.32072842e-01
    5.38447261e-01 5.37432015e-01 5.25322795e-01 5.23327351e-01
    5.28533638e-01 5.27970374e-01 5.24451077e-01 5.30827522e-01
    5.33670068e-01 5.33161879e-01 5.26576579e-01 5.25675893e-01
    5.15477479e-01 5.11470616e-01 5.10430217e-01 5.03514111e-01
    5.02519488e-01 4.98161107e-01 4.92201149e-01 4.93843824e-01
    5.06232977e-01 4.95186687e-01 4.98473018e-01 4.96331602e-01
    4.80984032e-01 4.71040964e-01 4.75254774e-01 4.73279476e-01
    4.73938286e-01 4.78294224e-01 4.84667063e-01 4.81594265e-01
    4.80675936e-01 4.74555820e-01 4.76610333e-01 4.77184117e-01
    4.87650901e-01 4.87423241e-01 4.97604430e-01 4.97780651e-01
    5.02663851e-01 5.07854760e-01 5.10856926e-01 5.12889624e-01
    4.92471009e-01 4.59354728e-01 4.31716710e-01 3.97316366e-01
    3.67299646e-01 3.38430673e-01 3.16711396e-01 2.82843381e-01
    2.50659198e-01 2.71787316e-01 2.94105113e-01 3.19375306e-01
    3.43940556e-01 3.72066766e-01 3.97826761e-01 4.37656522e-01
    4.67196286e-01 4.72586870e-01 4.69767034e-01 4.67055470e-01
    4.67443913e-01 4.60497528e-01 4.68425155e-01 4.69527990e-01
    4.76237148e-01 4.81783450e-01 4.93922025e-01 5.02142370e-01
    5.04707456e-01 5.16332865e-01 5.20410478e-01 5.20488501e-01
    5.12438416e-01 5.10216773e-01 5.06885111e-01 5.11737049e-01
    5.12640059e-01 5.06720722e-01 5.01208782e-01 4.92498875e-01
    5.02457440e-01 5.05019426e-01 5.03122151e-01 4.95545626e-01
    4.93165880e-01 4.96440828e-01 4.91301119e-01 4.83673781e-01
    4.87890422e-01 4.88707960e-01 4.93284822e-01 4.93445873e-01
    4.93321627e-01 4.93781567e-01 5.02710521e-01 5.11127412e-01
    5.10079622e-01 5.04253566e-01 4.98824418e-01 4.92646515e-01
    5.01559377e-01 5.05574763e-01 5.03966033e-01 5.09860337e-01
    5.14323473e-01 5.21190464e-01 5.19795179e-01 5.10312855e-01
    5.06727219e-01 5.09485900e-01 5.06941319e-01 5.04041016e-01
    5.00938773e-01 5.04231751e-01 5.04915595e-01 5.02182007e-01
    5.05175829e-01 5.00608325e-01 4.96715575e-01 4.92373854e-01
    4.83639866e-01 4.85294700e-01 4.74478602e-01 4.78062689e-01
    4.86188024e-01 4.86820072e-01 4.79258001e-01 4.81628299e-01
    4.81599092e-01 4.79579538e-01 4.86393899e-01 4.86622751e-01
    4.84777570e-01 4.86023605e-01 4.83094960e-01 4.84939873e-01
    4.85061765e-01 4.80475307e-01 4.84080166e-01 4.85010594e-01
    4.78961796e-01 4.78921771e-01 4.86434937e-01 4.93555903e-01
    4.87208605e-01 4.89327729e-01 4.89974737e-01 4.77770180e-01
    4.87718821e-01 4.96327996e-01 4.91961628e-01 4.97447282e-01
    5.05486131e-01 5.07805169e-01 5.16201138e-01 5.11160314e-01
    5.08083224e-01 5.07922888e-01 5.04931629e-01 5.05369246e-01
    4.99460280e-01 5.07316470e-01 4.99262959e-01 4.91480559e-01
    4.96959031e-01 4.83489424e-01 4.75141495e-01 4.80193049e-01
    4.76868868e-01 4.69464332e-01 4.66675729e-01 4.66270775e-01
    4.61778998e-01 4.67781872e-01 4.67692912e-01 4.62372988e-01
    4.59801912e-01 4.68450874e-01 4.66177046e-01 4.79331732e-01
    4.88092422e-01 4.93823111e-01 4.99461591e-01 5.04592240e-01
    5.07781684e-01 5.10419309e-01 5.02570331e-01 5.05475223e-01
    5.06810427e-01 5.16816318e-01 5.13875008e-01 5.15713573e-01
    5.25863290e-01 5.26154459e-01 5.24433374e-01 5.25431335e-01
    5.16689301e-01 5.22732735e-01 5.21397591e-01 5.14333487e-01
    5.14595091e-01 5.10632217e-01 5.08908987e-01 5.13763130e-01
    5.14881194e-01 5.13507247e-01 5.02402663e-01 5.00238061e-01
    5.04558146e-01 5.02984762e-01 5.02109945e-01 5.02232254e-01
    5.03648818e-01 5.05342662e-01 4.95672882e-01 5.03496826e-01
    5.06747544e-01 5.05825758e-01 5.07682681e-01 5.11401713e-01
    5.15727639e-01 5.20472944e-01 5.20149946e-01 5.28287649e-01
    5.35338938e-01 5.31042874e-01 5.20788014e-01 5.17982066e-01
    5.15065670e-01 5.17468452e-01 5.14462173e-01 5.16963303e-01
    5.08877397e-01 5.12084424e-01 5.09937346e-01 5.08803189e-01
    5.08050501e-01 5.12919426e-01 5.02049208e-01 4.96757567e-01
    4.92604196e-01 4.94621128e-01 4.94300127e-01 5.09464741e-01
    5.11494219e-01 5.11379063e-01 5.09905577e-01 5.19348621e-01
    5.21761835e-01 5.25850952e-01 5.31059265e-01 5.34096181e-01
    5.39761484e-01 5.37566125e-01 5.24790227e-01 5.23494482e-01
    5.28650165e-01 5.31812429e-01 5.27139962e-01 5.35358667e-01
    5.36933541e-01 5.32924950e-01 5.26063025e-01 5.25823951e-01
    5.14230251e-01 5.11945426e-01 5.08944988e-01 5.05212426e-01
    5.01478195e-01 4.99692351e-01 4.96775150e-01 4.99157995e-01
    5.08790791e-01 5.01004934e-01 5.00909090e-01 5.00289440e-01
    4.82771486e-01 4.74944025e-01 4.81666714e-01 4.79333609e-01
    4.80872840e-01 4.82681423e-01 4.91162628e-01 4.86632586e-01
    4.81645733e-01 4.80129898e-01 4.82111275e-01 4.80049282e-01
    4.86129969e-01 4.88843292e-01 4.96301323e-01 4.98446316e-01
    5.04740655e-01 5.12020051e-01 5.14662325e-01 5.15953422e-01
    4.96182472e-01 4.62378502e-01 4.36500579e-01 3.99820477e-01
    3.70063215e-01 3.42577875e-01 3.18622947e-01 2.82888979e-01
    2.47892514e-01 2.69542754e-01 2.93353379e-01 3.18298250e-01
    3.41981947e-01 3.70175004e-01 3.96348625e-01 4.35954303e-01
    4.66488540e-01 4.71825331e-01 4.69514102e-01 4.65368211e-01
    4.62536782e-01 4.55552250e-01 4.65020239e-01 4.67135519e-01
    4.75999206e-01 4.81980413e-01 4.93957877e-01 4.99536276e-01
    5.02267599e-01 5.17243207e-01 5.21722019e-01 5.22931516e-01
    5.15141249e-01 5.12254179e-01 5.07012010e-01 5.10849059e-01
    5.10548711e-01 5.04478037e-01 4.99601752e-01 4.89116669e-01
    4.97517824e-01 5.00714779e-01 4.99126613e-01 4.93940651e-01
    4.93816912e-01 4.98739898e-01 4.91419464e-01 4.86121237e-01
    4.86874968e-01 4.88796800e-01 4.94041592e-01 4.98238832e-01
    4.99781340e-01 5.03231585e-01 5.12858331e-01 5.20724773e-01
    5.22543848e-01 5.16171932e-01 5.09771466e-01 5.02030373e-01
    5.07713974e-01 5.12072980e-01 5.10304093e-01 5.14353037e-01
    5.14440775e-01 5.21451652e-01 5.18647075e-01 5.09002984e-01
    5.07046342e-01 5.08879483e-01 5.05437672e-01 5.02942145e-01
    4.98353511e-01 5.01406133e-01 5.01079917e-01 4.96829212e-01
    5.02195895e-01 4.98681903e-01 4.93855685e-01 4.86751974e-01
    4.81140196e-01 4.81377721e-01 4.69311714e-01 4.70299393e-01
    4.77998018e-01 4.73896950e-01 4.66351479e-01 4.68496501e-01
    4.69279259e-01 4.68927801e-01 4.73310202e-01 4.73027229e-01
    4.75342214e-01 4.72560525e-01 4.66423869e-01 4.64981258e-01
    4.67076600e-01 4.60650682e-01 4.66708571e-01 4.69766974e-01
    4.69039351e-01 4.70194191e-01 4.81425107e-01 4.87653017e-01
    4.82435554e-01 4.83644545e-01 4.84047830e-01 4.76629257e-01
    4.87078071e-01 4.94906455e-01 4.92124647e-01 4.97999430e-01
    5.06639123e-01 5.09364128e-01 5.16723514e-01 5.10894597e-01
    5.07944703e-01 5.06441236e-01 5.01474082e-01 5.00705600e-01
    4.95292753e-01 5.03332913e-01 4.96799648e-01 4.88263816e-01
    4.89093393e-01 4.76645976e-01 4.65506136e-01 4.69169855e-01
    4.65879261e-01 4.62089360e-01 4.61372167e-01 4.63338375e-01
    4.61062998e-01 4.69340742e-01 4.67315018e-01 4.61885631e-01
    4.60888714e-01 4.68306422e-01 4.66369092e-01 4.77092355e-01
    4.87335742e-01 4.93158698e-01 4.97538328e-01 5.04741728e-01
    5.08153617e-01 5.11003554e-01 5.03861368e-01 5.04566371e-01
    5.04756689e-01 5.14774859e-01 5.08159459e-01 5.11572421e-01
    5.21564305e-01 5.21207273e-01 5.18785477e-01 5.18754780e-01
    5.13472080e-01 5.19607961e-01 5.21282494e-01 5.17086446e-01
    5.16609848e-01 5.13289213e-01 5.13427615e-01 5.16556919e-01
    5.15989959e-01 5.13613343e-01 5.00554204e-01 5.01253903e-01
    5.07160068e-01 5.08169770e-01 5.03346741e-01 5.07806301e-01
    5.09580612e-01 5.12375712e-01 5.01372814e-01 5.07512093e-01
    5.10106146e-01 5.08898497e-01 5.11971474e-01 5.15983343e-01
    5.20454288e-01 5.25893390e-01 5.26344001e-01 5.33382416e-01
    5.38451254e-01 5.34082711e-01 5.22427619e-01 5.19866467e-01
    5.12641609e-01 5.13445258e-01 5.10148108e-01 5.12311161e-01
    5.06869555e-01 5.09409666e-01 5.06139636e-01 5.02554715e-01
    5.01583040e-01 5.05014122e-01 4.96018767e-01 4.94317263e-01
    4.92901534e-01 4.96961504e-01 4.92534339e-01 5.04324198e-01
    5.08713961e-01 5.11058211e-01 5.11382043e-01 5.20095646e-01
    5.23488402e-01 5.25501490e-01 5.28283000e-01 5.31016588e-01
    5.38608551e-01 5.39437652e-01 5.26608467e-01 5.26322603e-01
    5.27370512e-01 5.29767334e-01 5.25816083e-01 5.35560489e-01
    5.39502919e-01 5.33740759e-01 5.29768646e-01 5.31437576e-01
    5.17067313e-01 5.17072916e-01 5.15800118e-01 5.15470147e-01
    5.14483750e-01 5.11891782e-01 5.04473984e-01 5.09492755e-01
    5.18483639e-01 5.09379923e-01 5.07338047e-01 5.05605817e-01
    4.90043551e-01 4.79619026e-01 4.85782385e-01 4.81091678e-01
    4.77691472e-01 4.80502516e-01 4.85923946e-01 4.77482438e-01
    4.72230822e-01 4.71091837e-01 4.75187361e-01 4.73124087e-01
    4.78644460e-01 4.79778856e-01 4.88611668e-01 4.93891984e-01
    5.01667082e-01 5.06203055e-01 5.11711359e-01 5.14841974e-01
    4.94274229e-01 4.63438392e-01 4.37507659e-01 4.01555747e-01
    3.74103248e-01 3.45945895e-01 3.20699632e-01 2.83761919e-01
    2.55725026e-01 2.75859296e-01 3.01127672e-01 3.28524679e-01
    3.51400822e-01 3.80538613e-01 4.05039370e-01 4.42514986e-01
    4.73000139e-01 4.74370211e-01 4.69664991e-01 4.66468185e-01
    4.64688092e-01 4.55505908e-01 4.65761036e-01 4.65975314e-01
    4.71873939e-01 4.75575000e-01 4.88832414e-01 4.92942482e-01
    4.90510046e-01 5.07898867e-01 5.08722425e-01 5.10827720e-01
    5.05941451e-01 5.05457997e-01 5.01604497e-01 5.06454170e-01
    5.04730999e-01 4.99600857e-01 4.93136525e-01 4.85243618e-01
    4.93946582e-01 4.96131510e-01 4.97887164e-01 4.95545864e-01
    4.98662680e-01 5.07784367e-01 4.98291820e-01 4.96983618e-01
    4.95929420e-01 4.97079104e-01 5.01432776e-01 5.03774345e-01
    5.05807817e-01 5.09948492e-01 5.15658617e-01 5.27942717e-01
    5.25966763e-01 5.20120859e-01 5.13398707e-01 5.05243540e-01
    5.09833992e-01 5.10194480e-01 5.08157909e-01 5.12837231e-01
    5.10831058e-01 5.21126509e-01 5.17633379e-01 5.08553505e-01
    5.09926975e-01 5.12033284e-01 5.04501522e-01 5.05469739e-01
    5.00843167e-01 5.06111264e-01 5.06718874e-01 5.04343450e-01
    5.07928729e-01 5.04120409e-01 4.99461353e-01 4.91341084e-01
    4.84089315e-01 4.84746546e-01 4.72547472e-01 4.72582012e-01
    4.79642093e-01 4.72107172e-01 4.63236183e-01 4.68493551e-01
    4.67167735e-01 4.68147695e-01 4.74069118e-01 4.69932795e-01
    4.70984191e-01 4.71063077e-01 4.64946002e-01 4.62924063e-01
    4.65007812e-01 4.59512085e-01 4.63226467e-01 4.68482137e-01
    4.71527487e-01 4.70446795e-01 4.84323055e-01 4.92247224e-01
    4.88066852e-01 4.92955714e-01 4.91077185e-01 4.84029293e-01
    4.96212214e-01 5.07703722e-01 5.04444957e-01 5.08091152e-01
    5.19353151e-01 5.23123205e-01 5.30781567e-01 5.27553499e-01
    5.22843659e-01 5.19055665e-01 5.16171634e-01 5.14671147e-01
    5.09394407e-01 5.14391005e-01 5.05889177e-01 4.96309370e-01
    4.96345490e-01 4.84992892e-01 4.73472208e-01 4.76201266e-01
    4.73275751e-01 4.66852874e-01 4.65051770e-01 4.66918677e-01
    4.65453506e-01 4.74200785e-01 4.70689267e-01 4.65431452e-01
    4.64855969e-01 4.73172158e-01 4.72114891e-01 4.81634229e-01
    4.92913723e-01 4.96217072e-01 4.96023923e-01 5.04087567e-01
    5.08206248e-01 5.11871099e-01 5.05734384e-01 5.08222282e-01
    5.07650554e-01 5.13811409e-01 5.07775545e-01 5.14471710e-01
    5.22317290e-01 5.20238280e-01 5.12673974e-01 5.15327930e-01
    5.13299525e-01 5.17744899e-01 5.19482851e-01 5.18141747e-01
    5.18373907e-01 5.12633383e-01 5.10395288e-01 5.13225675e-01
    5.12708843e-01 5.09693086e-01 4.99185532e-01 4.98803616e-01
    5.00394821e-01 5.00389695e-01 4.98114258e-01 5.07568538e-01
    5.05745232e-01 5.05420744e-01 4.95723724e-01 5.04215479e-01
    5.05561471e-01 5.04350483e-01 5.07745743e-01 5.14978468e-01
    5.21157146e-01 5.24739981e-01 5.27016103e-01 5.33070683e-01
    5.37852883e-01 5.36338627e-01 5.23887813e-01 5.21205246e-01
    5.11801183e-01 5.13079524e-01 5.11608005e-01 5.11486173e-01
    5.06555915e-01 5.09672940e-01 5.01349330e-01 4.98135149e-01
    4.95502055e-01 5.00002801e-01 4.91378605e-01 4.91167128e-01
    4.92247730e-01 4.93227869e-01 4.88849431e-01 5.01736224e-01
    5.03736138e-01 5.06092548e-01 5.05686939e-01 5.15380204e-01
    5.18568635e-01 5.21922708e-01 5.24073303e-01 5.28383672e-01
    5.34283459e-01 5.35162807e-01 5.19413710e-01 5.20280182e-01
    5.17822325e-01 5.20836115e-01 5.19361019e-01 5.30177295e-01
    5.34063995e-01 5.31641722e-01 5.26428223e-01 5.28700650e-01
    5.11202514e-01 5.15251815e-01 5.10647714e-01 5.10990143e-01
    5.11024773e-01 5.12662649e-01 5.09060383e-01 5.15555978e-01
    5.23292303e-01 5.17755866e-01 5.11795819e-01 5.08881211e-01
    4.93295372e-01 4.84834701e-01 4.88656521e-01 4.88343179e-01
    4.83574599e-01 4.85318571e-01 4.86781120e-01 4.80562955e-01
    4.74316567e-01 4.71990198e-01 4.73388404e-01 4.66604292e-01
    4.70347881e-01 4.69169915e-01 4.77575958e-01 4.84627992e-01
    4.90709990e-01 4.94749427e-01 4.98658359e-01 5.02527773e-01
    4.79022235e-01 4.51256543e-01 4.27160829e-01 3.93456340e-01
    3.64695400e-01 3.38407576e-01 3.13669741e-01 2.77207196e-01
    2.55008876e-01 2.75185525e-01 3.00274879e-01 3.25872362e-01
    3.46890390e-01 3.75084996e-01 3.99572283e-01 4.33916032e-01
    4.62633520e-01 4.63193566e-01 4.57975656e-01 4.53493118e-01
    4.52699393e-01 4.44493979e-01 4.59044844e-01 4.58103508e-01
    4.63857859e-01 4.66607243e-01 4.80274469e-01 4.85253096e-01
    4.85792518e-01 5.03667116e-01 5.04421771e-01 5.09226978e-01
    5.08738518e-01 5.09019673e-01 5.06124139e-01 5.11596024e-01
    5.12638807e-01 5.08689761e-01 5.03752410e-01 4.94051546e-01
    5.02151012e-01 5.06920457e-01 5.05209982e-01 5.03548682e-01
    5.05301297e-01 5.11837482e-01 5.01640618e-01 5.01009226e-01
    4.98793989e-01 4.95600283e-01 4.99589860e-01 5.00823021e-01
    5.03927886e-01 5.08170903e-01 5.13140142e-01 5.27055323e-01
    5.26001990e-01 5.20771861e-01 5.10462105e-01 5.06947637e-01
    5.10882378e-01 5.10485709e-01 5.09656847e-01 5.15148580e-01
    5.14945924e-01 5.23892462e-01 5.24298847e-01 5.17930508e-01
    5.20604551e-01 5.22907495e-01 5.15845716e-01 5.15030503e-01
    5.08662283e-01 5.13188660e-01 5.14626503e-01 5.13392210e-01
    5.14877081e-01 5.10999262e-01 5.09430707e-01 5.02516389e-01
    4.95726079e-01 4.95417178e-01 4.83498335e-01 4.83555913e-01
    4.88552570e-01 4.78584081e-01 4.67643827e-01 4.70405221e-01
    4.69433337e-01 4.70066041e-01 4.75955248e-01 4.71503317e-01
    4.72132951e-01 4.71219510e-01 4.66024041e-01 4.64504421e-01
    4.67828304e-01 4.64046001e-01 4.66649234e-01 4.72633332e-01
    4.72918719e-01 4.70524967e-01 4.83435452e-01 4.94588882e-01
    4.90633756e-01 4.96244758e-01 4.93687302e-01 4.88000154e-01
    4.98152882e-01 5.09871185e-01 5.08082092e-01 5.07248461e-01
    5.13888478e-01 5.17622590e-01 5.23414135e-01 5.19400418e-01
    5.12968004e-01 5.13144314e-01 5.12963414e-01 5.14353275e-01
    5.04995883e-01 5.10663569e-01 5.02226532e-01 4.92616951e-01
    4.91609067e-01 4.79290277e-01 4.69582886e-01 4.74037796e-01
    4.73647833e-01 4.69239295e-01 4.65569139e-01 4.66209590e-01
    4.67474490e-01 4.77202296e-01 4.74532068e-01 4.69416142e-01
    4.69590753e-01 4.79392618e-01 4.78451490e-01 4.87117410e-01
    4.96954441e-01 5.01994312e-01 5.04293740e-01 5.10128438e-01
    5.13549149e-01 5.18108547e-01 5.13693094e-01 5.16328633e-01
    5.15828669e-01 5.20780742e-01 5.13004601e-01 5.18620491e-01
    5.25511146e-01 5.23769140e-01 5.14570355e-01 5.15672266e-01
    5.12317061e-01 5.21667600e-01 5.19810140e-01 5.17717123e-01
    5.16996205e-01 5.10091424e-01 5.10493517e-01 5.11039913e-01
    5.09322345e-01 5.07515192e-01 4.96752322e-01 4.98847246e-01
    4.99776363e-01 4.98901457e-01 4.94389981e-01 5.05489051e-01
    5.06244719e-01 5.07938266e-01 4.97111320e-01 5.08249283e-01
    5.09835482e-01 5.11117995e-01 5.14079332e-01 5.18407702e-01
    5.25212765e-01 5.29411256e-01 5.30197144e-01 5.35144091e-01
    5.38653255e-01 5.34665585e-01 5.22265494e-01 5.19419074e-01
    5.07847071e-01 5.05729914e-01 5.03850758e-01 5.04324913e-01
    4.99148011e-01 5.01902580e-01 4.92545545e-01 4.88369942e-01
    4.84558553e-01 4.89273548e-01 4.83373702e-01 4.85211790e-01
    4.88151282e-01 4.88396734e-01 4.88268316e-01 5.02525151e-01
    5.06814718e-01 5.12037396e-01 5.14961600e-01 5.21887779e-01
    5.22463381e-01 5.22672653e-01 5.26208401e-01 5.32238722e-01
    5.40620863e-01 5.40745080e-01 5.25471509e-01 5.26441336e-01
    5.24890840e-01 5.25872648e-01 5.23454368e-01 5.34267426e-01
    5.35617232e-01 5.33059478e-01 5.28715611e-01 5.29692709e-01
    5.16448796e-01 5.18417478e-01 5.15280604e-01 5.12595177e-01
    5.12746453e-01 5.14779508e-01 5.12464285e-01 5.19044459e-01
    5.24885535e-01 5.17751038e-01 5.12726426e-01 5.10244906e-01
    4.91449654e-01 4.87173617e-01 4.89382654e-01 4.85293090e-01
    4.80486214e-01 4.79982644e-01 4.83521044e-01 4.74379003e-01
    4.69794810e-01 4.65414107e-01 4.64304388e-01 4.59229410e-01
    4.62845266e-01 4.61706102e-01 4.72886056e-01 4.81843978e-01
    4.88891006e-01 4.92373794e-01 4.96640176e-01 5.01975119e-01
    4.80218351e-01 4.52357441e-01 4.29432988e-01 3.96029890e-01
    3.70193720e-01 3.43873858e-01 3.19523424e-01 2.84240335e-01
    2.62196332e-01 2.84076720e-01 3.09150130e-01 3.35694641e-01
    3.55691433e-01 3.86256993e-01 4.12202299e-01 4.45862919e-01
    4.72343951e-01 4.71381038e-01 4.60744321e-01 4.57076907e-01
    4.57603961e-01 4.49772775e-01 4.62070167e-01 4.62871790e-01
    4.66145962e-01 4.68320549e-01 4.79572594e-01 4.83472019e-01
    4.81694400e-01 4.98149931e-01 4.96388853e-01 5.00644922e-01
    4.99665856e-01 5.01646578e-01 4.98722762e-01 5.05665720e-01
    5.08226335e-01 5.02249002e-01 4.94964093e-01 4.81240004e-01
    4.88192081e-01 4.91550267e-01 4.90528435e-01 4.87501383e-01
    4.91225809e-01 4.97826219e-01 4.88407046e-01 4.89343554e-01
    4.86670405e-01 4.84955430e-01 4.90196854e-01 4.90655214e-01
    4.92304951e-01 4.97790039e-01 5.05289078e-01 5.22213161e-01
    5.24316490e-01 5.17329216e-01 5.09405851e-01 5.04343331e-01
    5.11086702e-01 5.11477530e-01 5.11312783e-01 5.17676890e-01
    5.16572058e-01 5.25093079e-01 5.25153935e-01 5.18522024e-01
    5.23502886e-01 5.28711259e-01 5.22446871e-01 5.18319070e-01
    5.09967983e-01 5.15979648e-01 5.16521573e-01 5.14284074e-01
    5.16570389e-01 5.13903201e-01 5.09059072e-01 5.02428949e-01
    4.99116063e-01 5.00065386e-01 4.87083346e-01 4.86870795e-01
    4.91656631e-01 4.81667846e-01 4.72603321e-01 4.72658783e-01
    4.72726136e-01 4.75810766e-01 4.78275031e-01 4.77836668e-01
    4.80102450e-01 4.80723381e-01 4.72826123e-01 4.72391576e-01
    4.76748317e-01 4.69649047e-01 4.69854981e-01 4.78235185e-01
    4.77301329e-01 4.76649523e-01 4.89337236e-01 4.96883601e-01
    4.91990447e-01 4.99115944e-01 4.92763638e-01 4.90081102e-01
    4.98225957e-01 5.09385943e-01 5.06321073e-01 5.04513443e-01
    5.13631940e-01 5.17352641e-01 5.23056269e-01 5.19897759e-01
    5.11705697e-01 5.11276841e-01 5.08008957e-01 5.07282615e-01
    4.96318161e-01 5.02694011e-01 4.96095747e-01 4.88856703e-01
    4.89095420e-01 4.76286471e-01 4.64820296e-01 4.68800634e-01
    4.69878495e-01 4.63168442e-01 4.60089892e-01 4.62861508e-01
    4.65483189e-01 4.74678993e-01 4.75717336e-01 4.71777707e-01
    4.73870933e-01 4.86296803e-01 4.86610115e-01 4.89742279e-01
    5.01313627e-01 5.04068613e-01 5.06383240e-01 5.13525367e-01
    5.19259870e-01 5.24224460e-01 5.21978319e-01 5.24024069e-01
    5.20690680e-01 5.25237322e-01 5.18305719e-01 5.20720541e-01
    5.25722444e-01 5.23952305e-01 5.14816701e-01 5.17635405e-01
    5.14034629e-01 5.19531548e-01 5.16334772e-01 5.14861584e-01
    5.13282299e-01 5.04393160e-01 5.05309045e-01 5.05545914e-01
    5.05322099e-01 5.04066944e-01 4.89168197e-01 4.90163326e-01
    4.91862565e-01 4.91070449e-01 4.84498054e-01 4.93391037e-01
    4.91115510e-01 4.96452749e-01 4.86160487e-01 4.97902870e-01
    4.97362316e-01 4.98858005e-01 5.01493335e-01 5.05216837e-01
    5.08021355e-01 5.11120200e-01 5.13133824e-01 5.21011531e-01
    5.23332000e-01 5.21278262e-01 5.13292074e-01 5.13350606e-01
    5.07559597e-01 5.08762479e-01 5.05325973e-01 5.09073734e-01
    5.03562152e-01 5.08986890e-01 5.01077056e-01 4.96260524e-01
    4.90024477e-01 4.94375020e-01 4.86054122e-01 4.87200737e-01
    4.91636842e-01 4.92655307e-01 4.90393937e-01 5.02339602e-01
    5.07559717e-01 5.11666894e-01 5.13000727e-01 5.20296454e-01
    5.18420219e-01 5.18537581e-01 5.19221961e-01 5.22841692e-01
    5.34748614e-01 5.37684381e-01 5.26930809e-01 5.30210614e-01
    5.28920650e-01 5.27556419e-01 5.25557041e-01 5.36948621e-01
    5.37048399e-01 5.32953382e-01 5.25151312e-01 5.25712252e-01
    5.10587871e-01 5.10385513e-01 5.07256329e-01 5.06557167e-01
    5.09491980e-01 5.08886278e-01 5.06488919e-01 5.11066020e-01
    5.14359057e-01 5.09863853e-01 5.03913760e-01 5.03090918e-01
    4.84961718e-01 4.82185304e-01 4.81666327e-01 4.79847968e-01
    4.74725157e-01 4.76909190e-01 4.83320236e-01 4.74650651e-01
    4.72668052e-01 4.68548208e-01 4.66470659e-01 4.62399483e-01
    4.67011005e-01 4.65777487e-01 4.74864572e-01 4.84665900e-01
    4.91114885e-01 4.97781515e-01 5.00610352e-01 5.08739948e-01
    4.85981077e-01 4.58261222e-01 4.34880108e-01 4.01287526e-01
    3.76055181e-01 3.47033441e-01 3.20817351e-01 2.86974847e-01
    2.59943545e-01 2.83096403e-01 3.10721844e-01 3.37484926e-01
    3.56255382e-01 3.88536394e-01 4.16486919e-01 4.49472487e-01
    4.75775152e-01 4.74759281e-01 4.63955134e-01 4.57550287e-01
    4.59098577e-01 4.53011870e-01 4.64710593e-01 4.65889156e-01
    4.69693542e-01 4.73174393e-01 4.83000666e-01 4.86400008e-01
    4.84298289e-01 5.00718713e-01 4.99479920e-01 5.03895819e-01
    5.02315342e-01 5.05433917e-01 5.06256759e-01 5.15321195e-01
    5.17194390e-01 5.11505127e-01 5.04226983e-01 4.94468570e-01
    5.00219107e-01 5.01721561e-01 4.98436987e-01 4.92982477e-01
    4.96937454e-01 5.04225791e-01 4.95854914e-01 4.97658074e-01
    4.95053381e-01 4.91479099e-01 4.96486962e-01 4.93160725e-01
    4.92943078e-01 4.99110579e-01 5.04640877e-01 5.21248758e-01
    5.19470334e-01 5.11639059e-01 5.03155529e-01 4.98097897e-01
    5.09538591e-01 5.08031189e-01 5.04580319e-01 5.10078788e-01
    5.06881416e-01 5.12069523e-01 5.16753554e-01 5.09288669e-01
    5.15198708e-01 5.19022048e-01 5.12221754e-01 5.10886490e-01
    5.03853798e-01 5.10299027e-01 5.14678180e-01 5.11452198e-01
    5.16296864e-01 5.10343313e-01 5.05500019e-01 5.02395689e-01
    4.98899698e-01 4.99224186e-01 4.87272710e-01 4.87667233e-01
    4.93221760e-01 4.85841274e-01 4.79809403e-01 4.78720367e-01
    4.77839440e-01 4.82120126e-01 4.86123532e-01 4.85819012e-01
    4.89845246e-01 4.88886029e-01 4.82324660e-01 4.81386006e-01
    4.85004753e-01 4.82143253e-01 4.80883777e-01 4.89590406e-01
    4.86902475e-01 4.84852582e-01 4.95508224e-01 5.03386676e-01
    4.99249518e-01 5.04793227e-01 4.93923753e-01 4.92032588e-01
    4.95425910e-01 5.04005969e-01 5.02450824e-01 4.98857588e-01
    5.06325543e-01 5.09302258e-01 5.13820231e-01 5.11147559e-01
    5.05604863e-01 5.05717039e-01 5.03484368e-01 5.00572383e-01
    4.89110440e-01 4.97682035e-01 4.91567492e-01 4.88649279e-01
    4.87934113e-01 4.79087234e-01 4.72603619e-01 4.75702196e-01
    4.78075206e-01 4.75259900e-01 4.71337765e-01 4.72736567e-01
    4.74072784e-01 4.80600685e-01 4.79000866e-01 4.76718038e-01
    4.80961651e-01 4.91633266e-01 4.93293911e-01 4.97853130e-01
    5.07907927e-01 5.09612799e-01 5.08341610e-01 5.10547221e-01
    5.17433882e-01 5.24554014e-01 5.19807994e-01 5.23824096e-01
    5.20197630e-01 5.23812354e-01 5.18440187e-01 5.22310138e-01
    5.22440135e-01 5.19547105e-01 5.12713134e-01 5.12395024e-01
    5.08865893e-01 5.16435146e-01 5.15476942e-01 5.14842689e-01
    5.15992105e-01 5.04428208e-01 5.03293931e-01 5.05494058e-01
    5.04903495e-01 5.04458964e-01 4.93975788e-01 4.92435932e-01
    4.94540513e-01 4.98984456e-01 4.91613835e-01 4.98239875e-01
    4.95675623e-01 5.01346946e-01 4.91762638e-01 5.02812028e-01
    5.02276659e-01 5.04263103e-01 5.06824851e-01 5.09540796e-01
    5.10983884e-01 5.15198827e-01 5.16990304e-01 5.22655070e-01
    5.22766709e-01 5.19052625e-01 5.10055900e-01 5.12844026e-01
    5.07711351e-01 5.08976758e-01 5.05355716e-01 5.05406439e-01
    5.00675678e-01 5.06240964e-01 4.97483939e-01 4.92470682e-01
    4.85643595e-01 4.87038255e-01 4.74734932e-01 4.73341048e-01
    4.81416970e-01 4.83609617e-01 4.82619196e-01 4.92232263e-01
    4.95353967e-01 4.98191476e-01 5.02345026e-01 5.06926954e-01
    5.07347763e-01 5.04993200e-01 5.05397618e-01 5.11559725e-01
    5.23730218e-01 5.29027045e-01 5.21301806e-01 5.29990256e-01
    5.30273736e-01 5.28022528e-01 5.28025985e-01 5.36881268e-01
    5.35507858e-01 5.32756865e-01 5.25698960e-01 5.24051607e-01
    5.13190448e-01 5.09903789e-01 5.07561922e-01 5.08973598e-01
    5.08998632e-01 5.07696092e-01 5.07785916e-01 5.11537790e-01
    5.12549698e-01 5.07667065e-01 4.97656673e-01 4.97297794e-01
    4.80551720e-01 4.77898031e-01 4.77863073e-01 4.77266341e-01
    4.72573400e-01 4.72854525e-01 4.81252074e-01 4.74120408e-01
    4.72116262e-01 4.68164176e-01 4.69552964e-01 4.63919520e-01
    4.68206495e-01 4.67109054e-01 4.75567520e-01 4.87682730e-01
    4.94267672e-01 5.00817299e-01 5.05001903e-01 5.11798263e-01
    4.88237649e-01 4.60209131e-01 4.37398195e-01 4.03540462e-01
    3.77703309e-01 3.47222775e-01 3.20949644e-01 2.85253584e-01
    2.59966403e-01 2.82629520e-01 3.12670082e-01 3.39072108e-01
    3.59242380e-01 3.90540689e-01 4.19306308e-01 4.50971633e-01
    4.78030682e-01 4.75021541e-01 4.66722667e-01 4.63703394e-01
    4.67392832e-01 4.59867418e-01 4.72097367e-01 4.73359883e-01
    4.79407161e-01 4.81809288e-01 4.90314037e-01 4.89682496e-01
    4.88182604e-01 5.01063347e-01 5.03531575e-01 5.07295609e-01
    5.08771658e-01 5.11046529e-01 5.12962639e-01 5.20280838e-01
    5.21327794e-01 5.14265656e-01 5.06573021e-01 4.97545719e-01
    5.00269294e-01 4.98662889e-01 4.96489912e-01 4.90639091e-01
    4.96218354e-01 5.03311396e-01 4.94825006e-01 4.94044840e-01
    4.89236087e-01 4.85328317e-01 4.91520226e-01 4.88750160e-01
    4.89721000e-01 4.96753126e-01 5.03309250e-01 5.22725105e-01
    5.20785689e-01 5.16773760e-01 5.08452535e-01 5.04256070e-01
    5.20551085e-01 5.18321335e-01 5.16952574e-01 5.24842560e-01
    5.19228697e-01 5.25753498e-01 5.29934883e-01 5.21316648e-01
    5.28066158e-01 5.30627429e-01 5.19948125e-01 5.18766880e-01
    5.11583388e-01 5.15312612e-01 5.16601980e-01 5.15180230e-01
    5.19953668e-01 5.10881603e-01 5.08279920e-01 5.05788088e-01
    5.02086520e-01 5.04537106e-01 4.96144205e-01 4.98506963e-01
    5.01698554e-01 4.94535774e-01 4.85611767e-01 4.85926390e-01
    4.82361346e-01 4.87151176e-01 4.92222577e-01 4.90322888e-01
    4.93885428e-01 4.91559297e-01 4.83313173e-01 4.79836226e-01
    4.80309844e-01 4.76789922e-01 4.75482196e-01 4.82717514e-01
    4.77420032e-01 4.77857798e-01 4.87062305e-01 4.98806059e-01
    4.95898634e-01 5.03215432e-01 4.88387614e-01 4.86814767e-01
    4.91217911e-01 4.96976286e-01 4.98030365e-01 4.94841188e-01
    5.01268089e-01 5.04826844e-01 5.10313869e-01 5.06309509e-01
    5.00764191e-01 5.00345886e-01 4.96503979e-01 4.91336167e-01
    4.78263408e-01 4.86068010e-01 4.80134875e-01 4.78231728e-01
    4.78854477e-01 4.73684072e-01 4.70809549e-01 4.67965007e-01
    4.72089231e-01 4.69205767e-01 4.66106862e-01 4.65894371e-01
    4.69731003e-01 4.71768528e-01 4.70181346e-01 4.72053826e-01
    4.81678456e-01 4.90763128e-01 4.93182331e-01 4.97704268e-01
    5.08815706e-01 5.10051727e-01 5.06197453e-01 5.06151259e-01
    5.16305983e-01 5.25327146e-01 5.22474945e-01 5.24907172e-01
    5.20990968e-01 5.22468269e-01 5.18528581e-01 5.20826221e-01
    5.17834365e-01 5.13063133e-01 5.07561445e-01 5.05312324e-01
    5.00689626e-01 5.08094609e-01 5.08078098e-01 5.09549737e-01
    5.09927392e-01 4.97436792e-01 4.95159656e-01 4.99633700e-01
    4.98565227e-01 4.99313295e-01 4.91485476e-01 4.93543774e-01
    4.97891128e-01 5.04945755e-01 4.96157825e-01 5.03843904e-01
    4.99256998e-01 5.03163695e-01 4.90919650e-01 5.00137746e-01
    4.94864792e-01 5.00425577e-01 5.04591703e-01 5.06290555e-01
    5.04935145e-01 5.11509538e-01 5.11877954e-01 5.14039218e-01
    5.11843801e-01 5.05340517e-01 4.95748162e-01 4.97797996e-01
    4.92114961e-01 4.96043950e-01 4.95811105e-01 4.96455818e-01
    4.91335362e-01 5.02002418e-01 4.93982613e-01 4.85159665e-01
    4.79042768e-01 4.80481923e-01 4.69107002e-01 4.71347332e-01
    4.83672589e-01 4.86013055e-01 4.88784909e-01 4.95435834e-01
    4.97719824e-01 5.03276885e-01 5.04650414e-01 5.07817566e-01
    5.07976651e-01 5.07081330e-01 5.06252706e-01 5.09536147e-01
    5.24967074e-01 5.31500340e-01 5.24612665e-01 5.31407177e-01
    5.31172991e-01 5.26064634e-01 5.24298549e-01 5.31413913e-01
    5.28141201e-01 5.28033555e-01 5.20334065e-01 5.20188093e-01
    5.12021720e-01 5.11343241e-01 5.06150544e-01 5.08671522e-01
    5.08967161e-01 5.05069256e-01 5.03430009e-01 5.07879555e-01
    5.08889854e-01 5.04452646e-01 4.94957924e-01 4.93771255e-01
    4.76386160e-01 4.78064924e-01 4.79821354e-01 4.78427678e-01
    4.73025501e-01 4.72330093e-01 4.77017522e-01 4.72369641e-01
    4.68782455e-01 4.66141403e-01 4.68425363e-01 4.61948335e-01
    4.68098849e-01 4.64926898e-01 4.72012937e-01 4.85233635e-01
    4.92976159e-01 4.99583840e-01 5.05402744e-01 5.09753764e-01
    4.85160381e-01 4.59427923e-01 4.35539812e-01 4.04341429e-01
    3.78456682e-01 3.47284287e-01 3.20457727e-01 2.86219895e-01
    2.60044873e-01 2.84171790e-01 3.15976292e-01 3.40344638e-01
    3.61702025e-01 3.93057346e-01 4.22842264e-01 4.53745425e-01
    4.81662810e-01 4.80504692e-01 4.77197915e-01 4.71384704e-01
    4.72837925e-01 4.64810222e-01 4.76189137e-01 4.74991590e-01
    4.80771571e-01 4.82871383e-01 4.89482135e-01 4.86325920e-01
    4.89065647e-01 5.03829777e-01 5.03441691e-01 5.08466840e-01
    5.10885060e-01 5.11604726e-01 5.14915884e-01 5.19131899e-01
    5.23267269e-01 5.15457988e-01 5.07495165e-01 4.99172240e-01
    5.04158735e-01 5.03668010e-01 5.02924860e-01 4.99219716e-01
    5.02964795e-01 5.06012976e-01 4.96992081e-01 4.98230159e-01
    4.90741521e-01 4.87590849e-01 4.93476242e-01 4.89699095e-01
    4.90098625e-01 4.92989957e-01 4.99921590e-01 5.22107184e-01
    5.19960344e-01 5.17652571e-01 5.09808242e-01 5.04656553e-01
    5.20044744e-01 5.20816922e-01 5.22217035e-01 5.25581658e-01
    5.17793000e-01 5.23825586e-01 5.25724351e-01 5.18990338e-01
    5.24433017e-01 5.26596963e-01 5.17260134e-01 5.15285254e-01
    5.07374704e-01 5.13032079e-01 5.10351062e-01 5.08446038e-01
    5.11216700e-01 5.02012968e-01 5.00106215e-01 4.97362792e-01
    4.98484224e-01 5.05965710e-01 4.99120712e-01 5.01771390e-01
    5.03319860e-01 4.94574249e-01 4.85666692e-01 4.87432688e-01
    4.84472126e-01 4.88104314e-01 4.89644170e-01 4.90103632e-01
    4.94047612e-01 4.96111095e-01 4.85140860e-01 4.80934232e-01
    4.80864435e-01 4.76538152e-01 4.74022478e-01 4.81378019e-01
    4.78912443e-01 4.80865538e-01 4.89899039e-01 5.03118455e-01
    5.00276387e-01 5.05627573e-01 4.91342247e-01 4.90591884e-01
    4.94326204e-01 4.98990268e-01 4.98772532e-01 5.00312805e-01
    5.08691370e-01 5.11336803e-01 5.16541600e-01 5.11618257e-01
    5.07916391e-01 5.04392564e-01 5.00645101e-01 4.94701117e-01
    4.81977791e-01 4.90163803e-01 4.89478707e-01 4.86832321e-01
    4.87584442e-01 4.82320309e-01 4.82400477e-01 4.78332609e-01
    4.81047928e-01 4.75484937e-01 4.73882079e-01 4.69174534e-01
    4.74275738e-01 4.71832067e-01 4.71736729e-01 4.71019685e-01
    4.83620852e-01 4.89716887e-01 4.92115319e-01 4.93320853e-01
    5.03301203e-01 5.02974570e-01 4.98284906e-01 4.95646566e-01
    5.05381048e-01 5.12684524e-01 5.09490609e-01 5.11263311e-01
    5.07436812e-01 5.07365346e-01 5.07222593e-01 5.10604322e-01
    5.11913538e-01 5.06212056e-01 5.02826452e-01 5.01954257e-01
    4.98392910e-01 5.07674217e-01 5.09125650e-01 5.11431217e-01
    5.10502815e-01 4.98254418e-01 4.97462541e-01 5.03191411e-01
    5.00259042e-01 5.00778973e-01 4.91800934e-01 4.93758827e-01
    4.97962266e-01 5.03521562e-01 4.93600488e-01 5.01005471e-01
    4.93717402e-01 4.94689673e-01 4.83029038e-01 4.94748712e-01
    4.90731329e-01 4.97289002e-01 5.04057944e-01 5.04019558e-01
    5.02209067e-01 5.13621807e-01 5.16812742e-01 5.20410001e-01
    5.16553819e-01 5.09573579e-01 5.01008093e-01 5.03417015e-01
    4.97730702e-01 5.02136648e-01 5.02322555e-01 5.02215922e-01
    4.94676262e-01 5.05289078e-01 4.97023731e-01 4.87628073e-01
    4.82682019e-01 4.84902978e-01 4.69700068e-01 4.72427011e-01
    4.86179262e-01 4.87018406e-01 4.91144419e-01 4.95802283e-01
    5.01891911e-01 5.06229520e-01 5.06226420e-01 5.10934830e-01
    5.11423886e-01 5.12338221e-01 5.11309743e-01 5.17258942e-01
    5.30592024e-01 5.36542892e-01 5.31782150e-01 5.40402889e-01
    5.40579677e-01 5.33714533e-01 5.34857929e-01 5.39794922e-01
    5.35175800e-01 5.31071603e-01 5.25569975e-01 5.27123153e-01
    5.20090878e-01 5.17858565e-01 5.12790918e-01 5.17259121e-01
    5.17444253e-01 5.15374064e-01 5.14828503e-01 5.15503168e-01
    5.15168071e-01 5.11749923e-01 5.03346384e-01 5.00772893e-01
    4.83991951e-01 4.89484221e-01 4.92314219e-01 4.92197067e-01
    4.83900666e-01 4.84968603e-01 4.89672989e-01 4.84850228e-01
    4.80525911e-01 4.76237267e-01 4.79496479e-01 4.74538475e-01
    4.79296446e-01 4.78416115e-01 4.85676289e-01 4.97717589e-01
    5.04293025e-01 5.09181499e-01 5.09657979e-01 5.13704240e-01
    4.87570614e-01 4.64073956e-01 4.37734365e-01 4.07379240e-01
    3.80641609e-01 3.47627014e-01 3.20728868e-01 2.84623027e-01
    2.62288183e-01 2.85089880e-01 3.18752646e-01 3.42577666e-01
    3.66460949e-01 3.96530926e-01 4.26872849e-01 4.54597682e-01
    4.81267124e-01 4.81903613e-01 4.77194697e-01 4.75071460e-01
    4.75301594e-01 4.69095707e-01 4.75892901e-01 4.73073184e-01
    4.76511955e-01 4.76315826e-01 4.85113651e-01 4.78885889e-01
    4.81738776e-01 4.92860466e-01 4.94422972e-01 4.98296708e-01
    5.02153993e-01 5.05837739e-01 5.05257010e-01 5.08463442e-01
    5.11440635e-01 5.06588340e-01 4.97871786e-01 4.92046952e-01
    4.95426804e-01 4.99057025e-01 4.98218387e-01 4.93479192e-01
    4.98216897e-01 5.00712335e-01 4.94787514e-01 4.96351987e-01
    4.89255577e-01 4.89887118e-01 4.94509459e-01 4.91213262e-01
    4.94001836e-01 4.97694492e-01 5.05113780e-01 5.28590858e-01
    5.28208733e-01 5.26850224e-01 5.17764688e-01 5.12715638e-01
    5.27759790e-01 5.29595673e-01 5.33509016e-01 5.35122752e-01
    5.26069164e-01 5.31589508e-01 5.32482445e-01 5.23348272e-01
    5.27809083e-01 5.29362738e-01 5.19546986e-01 5.15443802e-01
    5.07801294e-01 5.12765408e-01 5.07897735e-01 5.03836215e-01
    5.07620335e-01 4.96032387e-01 4.94115412e-01 4.91102159e-01
    4.90602344e-01 4.96987343e-01 4.90934938e-01 4.89566088e-01
    4.93341476e-01 4.86165345e-01 4.79871005e-01 4.82143581e-01
    4.81774449e-01 4.87465084e-01 4.85432625e-01 4.89212990e-01
    4.93641496e-01 4.98042136e-01 4.89813387e-01 4.85857487e-01
    4.86948878e-01 4.85279292e-01 4.86299068e-01 4.91318077e-01
    4.93261307e-01 4.93845433e-01 5.01456559e-01 5.13920188e-01
    5.12683034e-01 5.13760865e-01 4.97885346e-01 5.00486016e-01
    5.03398061e-01 5.08652031e-01 5.04779518e-01 5.05649745e-01
    5.14425337e-01 5.13619304e-01 5.16961098e-01 5.10730028e-01
    5.10902643e-01 5.06436348e-01 5.06861389e-01 5.00418127e-01
    4.86465454e-01 4.94981617e-01 4.98043954e-01 4.94440407e-01
    4.96348232e-01 4.91969496e-01 4.94070619e-01 4.93051857e-01
    4.95381296e-01 4.87298608e-01 4.87368047e-01 4.86171186e-01
    4.92897540e-01 4.89723802e-01 4.86889958e-01 4.84829515e-01
    4.98393357e-01 5.04228055e-01 5.03751576e-01 5.02326488e-01
    5.14806032e-01 5.11231601e-01 5.04071355e-01 4.98820722e-01
    5.08406878e-01 5.16678572e-01 5.16521990e-01 5.17705739e-01
    5.13511896e-01 5.10988533e-01 5.12028575e-01 5.15870929e-01
    5.17096817e-01 5.12089729e-01 5.08622229e-01 5.05118370e-01
    5.01992464e-01 5.08503973e-01 5.12293339e-01 5.19791365e-01
    5.20880282e-01 5.06451786e-01 5.05375445e-01 5.08920431e-01
    5.05699933e-01 5.05455852e-01 4.96932119e-01 4.96346951e-01
    5.04082501e-01 5.05032301e-01 4.95513022e-01 5.04217684e-01
    5.02245843e-01 5.03697157e-01 4.93594199e-01 5.05726218e-01
    4.99600410e-01 5.03655612e-01 5.09800792e-01 5.12131870e-01
    5.11763155e-01 5.24746358e-01 5.26796043e-01 5.30856073e-01
    5.25892079e-01 5.15749037e-01 5.11591077e-01 5.15562296e-01
    5.07873356e-01 5.13079107e-01 5.13156295e-01 5.10367930e-01
    5.01254976e-01 5.10165930e-01 5.05993724e-01 4.97944176e-01
    4.92008775e-01 4.90495890e-01 4.75861162e-01 4.80619669e-01
    4.90430981e-01 4.92621273e-01 5.00743806e-01 5.02431333e-01
    5.08481264e-01 5.13948083e-01 5.11330724e-01 5.15639603e-01
    5.16600549e-01 5.17848969e-01 5.17073810e-01 5.19653797e-01
    5.32300711e-01 5.36960542e-01 5.35033524e-01 5.40400982e-01
    5.38425982e-01 5.35444200e-01 5.36801994e-01 5.39903402e-01
    5.35615027e-01 5.29814482e-01 5.26751816e-01 5.30103505e-01
    5.22945702e-01 5.19861579e-01 5.17054737e-01 5.21169782e-01
    5.22981703e-01 5.20272493e-01 5.20024359e-01 5.17707467e-01
    5.18775582e-01 5.16251981e-01 5.06152451e-01 5.05098403e-01
    4.89964515e-01 4.94576812e-01 4.96080458e-01 4.92308855e-01
    4.81618077e-01 4.81604904e-01 4.85479444e-01 4.81399834e-01
    4.78853345e-01 4.73713428e-01 4.77054596e-01 4.72642899e-01
    4.79927182e-01 4.76475865e-01 4.82112348e-01 4.93366688e-01
    4.98619169e-01 5.00691652e-01 5.02164066e-01 5.04885972e-01
    4.79536474e-01 4.55949843e-01 4.30733413e-01 4.02372211e-01
    3.73047352e-01 3.39080453e-01 3.12080443e-01 2.76907325e-01
    2.61059582e-01 2.84294516e-01 3.17398727e-01 3.42683285e-01
    3.64619970e-01 3.91581476e-01 4.19565141e-01 4.47371155e-01
    4.73237902e-01 4.72780973e-01 4.70764160e-01 4.70837206e-01
    4.70990390e-01 4.64144170e-01 4.69514012e-01 4.68747377e-01
    4.72799838e-01 4.73287702e-01 4.83714372e-01 4.77331519e-01
    4.81246144e-01 4.93542641e-01 4.99020487e-01 5.03307521e-01
    5.06449342e-01 5.12497723e-01 5.11640131e-01 5.13369858e-01
    5.13019204e-01 5.10780096e-01 5.04621387e-01 5.02925217e-01
    5.03981233e-01 5.05310416e-01 5.07801235e-01 5.00430346e-01
    5.07912099e-01 5.08637249e-01 5.04069030e-01 5.06176233e-01
    5.00018299e-01 4.98564243e-01 5.02917051e-01 4.97809500e-01
    4.98175770e-01 5.04552603e-01 5.09950578e-01 5.32431006e-01
    5.30206144e-01 5.28806269e-01 5.23816407e-01 5.17649174e-01
    5.35161197e-01 5.32570064e-01 5.35910726e-01 5.35101593e-01
    5.26420474e-01 5.33884704e-01 5.38998604e-01 5.30099630e-01
    5.36995053e-01 5.41622519e-01 5.31205118e-01 5.26336193e-01
    5.15743017e-01 5.21494031e-01 5.18711388e-01 5.14163494e-01
    5.18095315e-01 5.01783490e-01 5.04304171e-01 5.03364563e-01
    5.05059123e-01 5.09230435e-01 5.01549244e-01 4.99140501e-01
    5.00637710e-01 4.93199795e-01 4.86232162e-01 4.84846324e-01
    4.88542348e-01 4.94554937e-01 4.93058145e-01 4.94138986e-01
    4.97918218e-01 5.00470877e-01 4.92986053e-01 4.86689687e-01
    4.85620618e-01 4.82086688e-01 4.83866721e-01 4.89211768e-01
    4.89869952e-01 4.92210895e-01 4.97728437e-01 5.08376837e-01
    5.08635998e-01 5.07844150e-01 4.95760471e-01 4.97758210e-01
    5.02000451e-01 5.08155942e-01 5.04967034e-01 5.06182075e-01
    5.14613807e-01 5.11707366e-01 5.16289651e-01 5.11281252e-01
    5.12111723e-01 5.10823548e-01 5.09745657e-01 5.04969776e-01
    4.91975188e-01 5.00925243e-01 5.00745595e-01 4.97650176e-01
    5.01082242e-01 4.97570753e-01 4.96911824e-01 4.97321576e-01
    5.00687957e-01 4.94098753e-01 4.98631150e-01 4.97776449e-01
    5.01324236e-01 4.97965991e-01 4.93801445e-01 4.93050039e-01
    5.05930185e-01 5.11184633e-01 5.09732068e-01 5.08943319e-01
    5.21623850e-01 5.13004363e-01 5.05335629e-01 5.01128376e-01
    5.08204758e-01 5.17582953e-01 5.15999556e-01 5.12671053e-01
    5.10645926e-01 5.10448575e-01 5.13288140e-01 5.16710401e-01
    5.18466949e-01 5.13153732e-01 5.09505212e-01 5.08639812e-01
    5.06990254e-01 5.12340248e-01 5.17017305e-01 5.26901901e-01
    5.25806963e-01 5.12034416e-01 5.09806752e-01 5.16903996e-01
    5.12818515e-01 5.08957207e-01 4.99483854e-01 4.99795347e-01
    5.05105793e-01 5.03078997e-01 4.93508995e-01 5.03344238e-01
    5.01051366e-01 5.03529370e-01 4.89730209e-01 5.02407432e-01
    4.92269009e-01 5.00215411e-01 5.05548835e-01 5.07287502e-01
    5.01929998e-01 5.18211782e-01 5.23762882e-01 5.25880635e-01
    5.18669367e-01 5.09122074e-01 5.07195830e-01 5.11555254e-01
    5.01510262e-01 5.05165160e-01 5.07420003e-01 5.04359663e-01
    4.96995449e-01 5.09323120e-01 5.04294157e-01 4.96580094e-01
    4.88848031e-01 4.88756657e-01 4.72728074e-01 4.76261914e-01
    4.88035679e-01 4.91608769e-01 4.98226106e-01 4.99967664e-01
    5.06154537e-01 5.14042497e-01 5.15375257e-01 5.15951693e-01
    5.19406021e-01 5.17184079e-01 5.17593563e-01 5.19432962e-01
    5.30800998e-01 5.37696064e-01 5.36037445e-01 5.41991711e-01
    5.40242851e-01 5.37893236e-01 5.36931574e-01 5.43796778e-01
    5.38106859e-01 5.32754898e-01 5.27442098e-01 5.25546610e-01
    5.16499877e-01 5.14356256e-01 5.13967395e-01 5.13235033e-01
    5.12069523e-01 5.09441197e-01 5.12553096e-01 5.12841821e-01
    5.12464941e-01 5.09260476e-01 4.99938369e-01 4.98735279e-01
    4.84257162e-01 4.89512235e-01 4.91079122e-01 4.90006685e-01
    4.81594354e-01 4.85034674e-01 4.87837553e-01 4.82274234e-01
    4.84281689e-01 4.80784118e-01 4.85389054e-01 4.76580858e-01
    4.82344240e-01 4.78907853e-01 4.85416323e-01 4.95821714e-01
    5.04666686e-01 5.02590537e-01 5.01293540e-01 5.03172874e-01
    4.76156622e-01 4.52564299e-01 4.26585495e-01 3.98406655e-01
    3.70677352e-01 3.34454477e-01 3.07929099e-01 2.73213059e-01
    2.62946278e-01 2.88978338e-01 3.20942223e-01 3.47753942e-01
    3.70108664e-01 3.98633182e-01 4.28314805e-01 4.55581456e-01
    4.78582501e-01 4.79218513e-01 4.77646619e-01 4.78808194e-01
    4.81690884e-01 4.78275895e-01 4.81292248e-01 4.80058014e-01
    4.81223941e-01 4.80521530e-01 4.87594962e-01 4.80365187e-01
    4.84103113e-01 4.96644974e-01 4.99469489e-01 5.03984392e-01
    5.07439613e-01 5.17617881e-01 5.14071107e-01 5.10079861e-01
    5.12848079e-01 5.10078967e-01 5.04530668e-01 5.05047441e-01
    5.04727066e-01 5.06686866e-01 5.10244548e-01 5.05220473e-01
    5.14509737e-01 5.15938461e-01 5.13631165e-01 5.16921222e-01
    5.08272290e-01 5.08704841e-01 5.10142028e-01 5.08057714e-01
    5.08859754e-01 5.15473902e-01 5.21343648e-01 5.41474164e-01
    5.37585258e-01 5.35379887e-01 5.33303320e-01 5.26439846e-01
    5.42711556e-01 5.42129934e-01 5.41978836e-01 5.40677667e-01
    5.30248761e-01 5.37739992e-01 5.39357543e-01 5.32228529e-01
    5.38405299e-01 5.44861674e-01 5.32377601e-01 5.29332995e-01
    5.18194079e-01 5.24397254e-01 5.22052526e-01 5.17955720e-01
    5.21478653e-01 5.05846739e-01 5.07739186e-01 5.07230401e-01
    5.05799174e-01 5.11057258e-01 5.03858387e-01 5.00754297e-01
    4.99534279e-01 4.92503524e-01 4.87697184e-01 4.87020761e-01
    4.86408234e-01 4.93303210e-01 4.90369290e-01 4.89597321e-01
    4.92076874e-01 4.93100345e-01 4.84766006e-01 4.78076488e-01
    4.75569516e-01 4.72619116e-01 4.75407600e-01 4.78623450e-01
    4.83266473e-01 4.86009389e-01 4.87519652e-01 4.94778603e-01
    4.94209766e-01 4.92461890e-01 4.80972201e-01 4.84596908e-01
    4.90832478e-01 4.93904382e-01 4.90954816e-01 4.89988416e-01
    4.95452613e-01 4.93173569e-01 4.98898625e-01 4.92680937e-01
    4.95279729e-01 4.92751032e-01 4.92912441e-01 4.93526757e-01
    4.83123034e-01 4.92907614e-01 4.96235371e-01 4.91646856e-01
    4.93683159e-01 4.90573347e-01 4.90653545e-01 4.90011185e-01
    4.95092750e-01 4.92118567e-01 4.98315871e-01 4.93042499e-01
    4.96525824e-01 4.93045509e-01 4.91460025e-01 4.92829204e-01
    5.03014445e-01 5.06720304e-01 5.05253553e-01 5.06669939e-01
    5.21221459e-01 5.16236961e-01 5.06219566e-01 5.04524946e-01
    5.13277233e-01 5.23107290e-01 5.21439254e-01 5.18677711e-01
    5.20735085e-01 5.18331528e-01 5.21294117e-01 5.20824134e-01
    5.20095706e-01 5.11900842e-01 5.07571697e-01 5.03591299e-01
    4.99935418e-01 5.02253175e-01 5.04165888e-01 5.15450358e-01
    5.12183487e-01 4.97543752e-01 4.96075302e-01 5.02973735e-01
    4.98481899e-01 4.94604230e-01 4.91253793e-01 4.93059546e-01
    4.97940063e-01 4.98775035e-01 4.91304696e-01 5.02661407e-01
    5.03394186e-01 5.05168438e-01 4.96194959e-01 5.07611871e-01
    4.95427519e-01 5.05298436e-01 5.13750732e-01 5.14942527e-01
    5.07045686e-01 5.23059845e-01 5.27397871e-01 5.26435077e-01
    5.16931772e-01 5.08149028e-01 5.03167391e-01 5.06185591e-01
    4.94146049e-01 4.96106029e-01 4.99025315e-01 4.94174331e-01
    4.86278206e-01 4.98644203e-01 4.93038028e-01 4.82189506e-01
    4.71730351e-01 4.73260820e-01 4.58807707e-01 4.65849340e-01
    4.75493908e-01 4.79430526e-01 4.86594826e-01 4.89533275e-01
    4.97117281e-01 5.06243289e-01 5.07542670e-01 5.09118915e-01
    5.11766255e-01 5.11571765e-01 5.14143825e-01 5.17840385e-01
    5.31311393e-01 5.39754212e-01 5.38004339e-01 5.44254363e-01
    5.40634215e-01 5.38273692e-01 5.38357258e-01 5.43149233e-01
    5.37420332e-01 5.35302699e-01 5.29528439e-01 5.28822362e-01
    5.19262075e-01 5.18798590e-01 5.17288029e-01 5.15140295e-01
    5.11487722e-01 5.07647276e-01 5.10345757e-01 5.12147725e-01
    5.08234918e-01 5.03201246e-01 4.94353235e-01 4.90353793e-01
    4.76537585e-01 4.82451618e-01 4.83402342e-01 4.85274643e-01
    4.77103084e-01 4.79549319e-01 4.79984969e-01 4.76743937e-01
    4.81772929e-01 4.79575783e-01 4.83438432e-01 4.75918710e-01
    4.79269773e-01 4.78182465e-01 4.84696567e-01 4.96845394e-01
    5.10645270e-01 5.09104431e-01 5.08834004e-01 5.09128451e-01
    4.79785323e-01 4.55723256e-01 4.29992139e-01 4.02426213e-01
    3.74239117e-01 3.36365610e-01 3.08745831e-01 2.75493771e-01
    2.65496969e-01 2.92050838e-01 3.24699402e-01 3.51985127e-01
    3.72375548e-01 3.99633825e-01 4.29265201e-01 4.56252068e-01
    4.78276879e-01 4.80899483e-01 4.79084194e-01 4.82577354e-01
    4.85042721e-01 4.80308831e-01 4.83663112e-01 4.80911106e-01
    4.81299281e-01 4.74872500e-01 4.81734455e-01 4.73223537e-01
    4.77547944e-01 4.91001248e-01 4.93682891e-01 4.99758065e-01
    5.04320025e-01 5.14657557e-01 5.13288438e-01 5.06770730e-01
    5.07577360e-01 5.07317424e-01 5.04682481e-01 5.05509913e-01
    5.05834222e-01 5.07164955e-01 5.15121818e-01 5.07570207e-01
    5.15798867e-01 5.17114222e-01 5.15215278e-01 5.16628385e-01
    5.06012917e-01 5.06093860e-01 5.09785891e-01 5.06051600e-01
    5.08584738e-01 5.13876855e-01 5.17157316e-01 5.32183886e-01
    5.32551527e-01 5.30281425e-01 5.29989719e-01 5.22734642e-01
    5.40320516e-01 5.40326834e-01 5.38096488e-01 5.37086308e-01
    5.27431786e-01 5.35925508e-01 5.36113977e-01 5.26920259e-01
    5.28960049e-01 5.35787761e-01 5.25841951e-01 5.23005068e-01
    5.15100300e-01 5.18367231e-01 5.18391252e-01 5.13228834e-01
    5.15166640e-01 5.00038683e-01 5.00779867e-01 5.04148245e-01
    5.04199445e-01 5.10699511e-01 5.03460050e-01 5.01252413e-01
    4.99355614e-01 4.97260302e-01 4.92355675e-01 4.92539346e-01
    4.92574155e-01 5.00621736e-01 4.97701734e-01 4.96624440e-01
    4.99656498e-01 5.00632346e-01 4.94841933e-01 4.90756065e-01
    4.84471500e-01 4.81042206e-01 4.88043040e-01 4.92301077e-01
    4.99742031e-01 5.05715668e-01 5.08506835e-01 5.12890935e-01
    5.09424150e-01 5.07595122e-01 4.94626105e-01 4.97766078e-01
    5.02263427e-01 5.05086780e-01 5.01320183e-01 4.97727662e-01
    5.02591372e-01 5.00275612e-01 5.05610526e-01 4.95252073e-01
    4.96362239e-01 4.90949541e-01 4.89733309e-01 4.87623364e-01
    4.78986800e-01 4.92069304e-01 4.95335639e-01 4.88859475e-01
    4.93628174e-01 4.90357280e-01 4.90146190e-01 4.88642097e-01
    4.93181080e-01 4.89324570e-01 4.98775840e-01 4.95205432e-01
    4.98226106e-01 4.96868044e-01 4.96511966e-01 4.99094695e-01
    5.07897675e-01 5.10448813e-01 5.07791936e-01 5.07996261e-01
    5.22632957e-01 5.12975037e-01 5.02809405e-01 5.00534475e-01
    5.11906445e-01 5.19640684e-01 5.20852804e-01 5.15671909e-01
    5.12838602e-01 5.13748527e-01 5.13588548e-01 5.11815786e-01
    5.08704245e-01 5.02388418e-01 4.98080581e-01 4.95263129e-01
    4.93042111e-01 4.95234579e-01 4.97705311e-01 5.09805202e-01
    5.10045946e-01 4.94700044e-01 4.97522235e-01 5.04125416e-01
    5.02513409e-01 5.01172543e-01 4.98287410e-01 4.97988492e-01
    5.02974093e-01 5.04457831e-01 4.95946229e-01 5.09535074e-01
    5.10397613e-01 5.12157917e-01 5.04359066e-01 5.18151820e-01
    5.06000280e-01 5.13432980e-01 5.22301853e-01 5.21499515e-01
    5.14661610e-01 5.25489926e-01 5.27631581e-01 5.23851693e-01
    5.18722415e-01 5.08911073e-01 5.03776610e-01 5.06640315e-01
    4.92486715e-01 4.90617096e-01 4.95042950e-01 4.91108686e-01
    4.82242942e-01 4.94144857e-01 4.88514841e-01 4.79168415e-01
    4.67852592e-01 4.66913164e-01 4.56220448e-01 4.64885235e-01
    4.77227002e-01 4.80677903e-01 4.89243388e-01 4.91638243e-01
    5.02217293e-01 5.09602785e-01 5.15401840e-01 5.16365469e-01
    5.21007299e-01 5.20289183e-01 5.21254778e-01 5.24390638e-01
    5.36210120e-01 5.44679105e-01 5.43719113e-01 5.49261868e-01
    5.46247363e-01 5.40029049e-01 5.37011087e-01 5.38994849e-01
    5.31765401e-01 5.28472781e-01 5.23874521e-01 5.20990789e-01
    5.11124134e-01 5.07445812e-01 5.05184233e-01 5.03827274e-01
    5.01732230e-01 4.95363325e-01 5.00086367e-01 5.02502859e-01
    4.97362792e-01 4.91762847e-01 4.84628856e-01 4.83371496e-01
    4.69836473e-01 4.76743579e-01 4.72956121e-01 4.74891394e-01
    4.67691123e-01 4.68511313e-01 4.71071690e-01 4.67601508e-01
    4.72946644e-01 4.71976191e-01 4.76566643e-01 4.67686594e-01
    4.70736444e-01 4.69998121e-01 4.74368602e-01 4.86322254e-01
    4.97148812e-01 4.97180879e-01 4.98708159e-01 5.02690792e-01
    4.74002570e-01 4.48496580e-01 4.23551440e-01 3.94674450e-01
    3.68541420e-01 3.30764502e-01 3.01199287e-01 2.69956797e-01
    2.71305233e-01 3.00693780e-01 3.33704978e-01 3.63481134e-01
    3.83690029e-01 4.11252022e-01 4.40150350e-01 4.67113376e-01
    4.91936326e-01 4.93589312e-01 4.91711229e-01 4.93920237e-01
    4.97455627e-01 4.91534233e-01 4.92675602e-01 4.89948511e-01
    4.90785331e-01 4.83952552e-01 4.89514619e-01 4.83069986e-01
    4.85377491e-01 5.00372231e-01 5.00943065e-01 5.05859435e-01
    5.09531617e-01 5.15666425e-01 5.12170792e-01 5.06972611e-01
    5.08391201e-01 5.06391108e-01 5.05515695e-01 5.07926941e-01
    5.09243190e-01 5.09338260e-01 5.17493904e-01 5.08136928e-01
    5.14185071e-01 5.15420675e-01 5.13552666e-01 5.14323413e-01
    5.06193578e-01 5.05461752e-01 5.11878729e-01 5.11921883e-01
    5.11635661e-01 5.15624523e-01 5.21178424e-01 5.36152124e-01
    5.34907281e-01 5.30934989e-01 5.30036688e-01 5.21006465e-01
    5.36554635e-01 5.35808206e-01 5.32693088e-01 5.27819753e-01
    5.19443035e-01 5.27034104e-01 5.29625893e-01 5.20219445e-01
    5.19180119e-01 5.25977373e-01 5.14730096e-01 5.09853601e-01
    5.00913262e-01 5.05179942e-01 5.07196367e-01 5.00550807e-01
    5.05722344e-01 4.93314415e-01 4.95351553e-01 5.02484679e-01
    5.02731264e-01 5.10418117e-01 5.03473997e-01 4.99264479e-01
    4.94095296e-01 4.92964268e-01 4.88528103e-01 4.89173025e-01
    4.90927100e-01 4.99414057e-01 4.94853765e-01 4.90534484e-01
    4.97349262e-01 4.96952444e-01 4.90872264e-01 4.85019416e-01
    4.78082925e-01 4.74213630e-01 4.83299255e-01 4.85719651e-01
    4.94625598e-01 5.01091838e-01 5.02359688e-01 5.06869018e-01
    5.06505370e-01 5.04057586e-01 4.89988238e-01 4.92763728e-01
    4.99747723e-01 4.99480247e-01 4.93723452e-01 4.90615129e-01
    4.95594233e-01 4.88840282e-01 4.97327924e-01 4.85971123e-01
    4.91142690e-01 4.84463185e-01 4.84873652e-01 4.85261410e-01
    4.76703882e-01 4.86929566e-01 4.88997996e-01 4.82779771e-01
    4.91478920e-01 4.88508403e-01 4.91075128e-01 4.90375549e-01
    4.91846800e-01 4.89756346e-01 4.99667317e-01 4.93670017e-01
    4.96831417e-01 4.93612498e-01 4.92153049e-01 4.93250698e-01
    4.98726904e-01 5.03019989e-01 5.00950873e-01 5.00982761e-01
    5.16857088e-01 5.06419241e-01 4.98654693e-01 4.93498832e-01
    5.04361629e-01 5.14281452e-01 5.16057372e-01 5.14708102e-01
    5.13324559e-01 5.10751069e-01 5.07971704e-01 5.09615898e-01
    5.05382776e-01 5.01438081e-01 4.94497716e-01 4.92822021e-01
    4.90496039e-01 4.91274059e-01 4.93052244e-01 5.02941310e-01
    5.04976630e-01 4.92669672e-01 4.93363708e-01 4.97008085e-01
    4.91822153e-01 4.91172075e-01 4.91852492e-01 4.91464972e-01
    4.94339377e-01 5.01165748e-01 4.93438363e-01 5.05993128e-01
    5.08313358e-01 5.09741068e-01 5.02225041e-01 5.18061519e-01
    5.05732179e-01 5.13559997e-01 5.21266222e-01 5.21658719e-01
    5.14672935e-01 5.23707092e-01 5.27605295e-01 5.25576055e-01
    5.22311687e-01 5.12558877e-01 5.06259203e-01 5.09620070e-01
    4.99072850e-01 4.95423406e-01 4.99633461e-01 4.95338917e-01
    4.83088404e-01 4.94245946e-01 4.89102989e-01 4.80843544e-01
    4.69583839e-01 4.72460568e-01 4.67638850e-01 4.73663449e-01
    4.83490437e-01 4.84582841e-01 4.92094696e-01 4.92099226e-01
    5.01040876e-01 5.05227983e-01 5.08934677e-01 5.08122206e-01
    5.13589501e-01 5.16631424e-01 5.17626345e-01 5.21599531e-01
    5.30696571e-01 5.40813386e-01 5.39111078e-01 5.40500402e-01
    5.38598895e-01 5.30250549e-01 5.29706597e-01 5.32298386e-01
    5.24543464e-01 5.21334171e-01 5.20565152e-01 5.22712708e-01
    5.18079162e-01 5.17476797e-01 5.13040543e-01 5.13126731e-01
    5.08518815e-01 5.02611399e-01 5.08745372e-01 5.09372950e-01
    5.03290057e-01 5.00530541e-01 4.95681435e-01 4.95058984e-01
    4.84324604e-01 4.90153402e-01 4.86519009e-01 4.86861438e-01
    4.76011544e-01 4.74352002e-01 4.75392938e-01 4.70800579e-01
    4.74537909e-01 4.74205226e-01 4.79216158e-01 4.68577743e-01
    4.71506715e-01 4.72262263e-01 4.72190917e-01 4.83095646e-01
    4.93285805e-01 4.92840946e-01 4.97039557e-01 4.99878049e-01
    4.70704913e-01 4.45707440e-01 4.20545638e-01 3.90916675e-01
    3.65869313e-01 3.28736812e-01 2.98652798e-01 2.67516345e-01
    2.78042525e-01 3.07005346e-01 3.40273499e-01 3.72396499e-01
    3.95772159e-01 4.24410611e-01 4.53069508e-01 4.78748918e-01
    5.03077149e-01 5.03962338e-01 5.03574133e-01 5.05483449e-01
    5.10822117e-01 5.06238043e-01 5.09130001e-01 5.04429817e-01
    5.02554059e-01 4.92320389e-01 4.95964497e-01 4.86609370e-01
    4.86552954e-01 4.96715784e-01 4.94163066e-01 5.00175834e-01
    5.03872097e-01 5.12056172e-01 5.10684967e-01 5.08172572e-01
    5.11293650e-01 5.07907867e-01 5.03850460e-01 5.02340198e-01
    5.03646612e-01 5.03328502e-01 5.13173163e-01 5.07410049e-01
    5.15897334e-01 5.18518627e-01 5.16480744e-01 5.17320752e-01
    5.06351233e-01 5.08484542e-01 5.15146494e-01 5.11750519e-01
    5.09927809e-01 5.08662105e-01 5.11774838e-01 5.29380381e-01
    5.30064821e-01 5.22847474e-01 5.23280799e-01 5.11983991e-01
    5.26764810e-01 5.26071072e-01 5.23131371e-01 5.20584524e-01
    5.17005384e-01 5.24998426e-01 5.25612295e-01 5.13666153e-01
    5.12821198e-01 5.21099329e-01 5.12586296e-01 5.12542844e-01
    5.04571199e-01 5.10940313e-01 5.13014495e-01 5.06058276e-01
    5.13843477e-01 5.03877521e-01 5.06755531e-01 5.10235667e-01
    5.07800519e-01 5.12868166e-01 5.07676780e-01 5.01717269e-01
    4.99621034e-01 4.99720722e-01 4.93843943e-01 4.95931923e-01
    4.95604634e-01 5.00847876e-01 4.94969815e-01 4.91531640e-01
    4.99787360e-01 4.99977499e-01 4.90072638e-01 4.84235168e-01
    4.78760034e-01 4.77548569e-01 4.86136466e-01 4.88445878e-01
    4.97451007e-01 5.02075374e-01 5.03190994e-01 5.05811572e-01
    5.05433202e-01 5.02227187e-01 4.92640823e-01 4.96878594e-01
    5.03463268e-01 5.01945376e-01 4.94396538e-01 4.91164953e-01
    4.93480116e-01 4.87066478e-01 4.93977994e-01 4.83558565e-01
    4.87716407e-01 4.83230650e-01 4.83126909e-01 4.83566552e-01
    4.76801813e-01 4.85868722e-01 4.89424795e-01 4.82505530e-01
    4.91375655e-01 4.88690436e-01 4.90452141e-01 4.92571443e-01
    4.96558070e-01 4.96538997e-01 5.06936252e-01 5.01675010e-01
    5.02253890e-01 4.97499436e-01 4.97816354e-01 5.00980556e-01
    5.05347967e-01 5.10874391e-01 5.09418130e-01 5.06560326e-01
    5.21145523e-01 5.08778930e-01 5.02857447e-01 4.96321738e-01
    5.03019512e-01 5.10781705e-01 5.14444292e-01 5.13600290e-01
    5.12713134e-01 5.12038529e-01 5.12977481e-01 5.15136182e-01
    5.08652866e-01 5.05576670e-01 4.96523887e-01 4.95044470e-01
    4.95917261e-01 4.96306121e-01 4.95834142e-01 5.08536577e-01
    5.13106644e-01 5.04223049e-01 5.06511807e-01 5.08195162e-01
    5.00508249e-01 4.98568028e-01 4.98494238e-01 4.96391445e-01
    4.95943934e-01 5.03232062e-01 4.95242685e-01 5.07018685e-01
    5.08752942e-01 5.07863224e-01 4.99184996e-01 5.15174150e-01
    4.98769283e-01 5.06192803e-01 5.13194561e-01 5.11750758e-01
    5.05012035e-01 5.13668180e-01 5.21187246e-01 5.20245433e-01
    5.17733932e-01 5.08464932e-01 5.02615750e-01 5.05564094e-01
    4.97574449e-01 4.92842823e-01 4.97034341e-01 4.94723082e-01
    4.83408779e-01 4.93726045e-01 4.87714201e-01 4.80979353e-01
    4.71360475e-01 4.74012583e-01 4.71777976e-01 4.77929801e-01
    4.87143278e-01 4.90561306e-01 4.98723835e-01 4.97578293e-01
    5.06673455e-01 5.08362591e-01 5.11808515e-01 5.09974718e-01
    5.15576959e-01 5.18878758e-01 5.18847644e-01 5.23303628e-01
    5.29735506e-01 5.37231803e-01 5.33962250e-01 5.35225511e-01
    5.31225681e-01 5.24420381e-01 5.18655837e-01 5.17818034e-01
    5.11281967e-01 5.07619321e-01 5.06960511e-01 5.11697054e-01
    5.05132556e-01 5.05268693e-01 5.02308309e-01 5.07491171e-01
    5.02491355e-01 4.99590814e-01 5.05998373e-01 5.07999659e-01
    4.98968124e-01 4.96676862e-01 4.89024431e-01 4.91347581e-01
    4.82102573e-01 4.87639010e-01 4.85772401e-01 4.86967534e-01
    4.74654078e-01 4.78770465e-01 4.78044450e-01 4.72767502e-01
    4.73139703e-01 4.74123150e-01 4.74725842e-01 4.66024905e-01
    4.68882054e-01 4.71589297e-01 4.73542154e-01 4.84897554e-01
    4.93254185e-01 4.94415820e-01 4.98090357e-01 5.00160694e-01
    4.71449614e-01 4.46238458e-01 4.18312430e-01 3.89340162e-01
    3.63413543e-01 3.27076137e-01 2.96147943e-01 2.67406970e-01
    2.79561967e-01 3.06450784e-01 3.41605246e-01 3.76675665e-01
    4.02357310e-01 4.31715727e-01 4.63240564e-01 4.88825798e-01
    5.14352381e-01 5.16150892e-01 5.14962375e-01 5.15713334e-01
    5.20796180e-01 5.14705718e-01 5.14595151e-01 5.11917114e-01
    5.08974671e-01 5.02130389e-01 5.06554663e-01 4.97237861e-01
    4.95943308e-01 5.04630148e-01 5.01176596e-01 5.04199266e-01
    5.06585419e-01 5.15510380e-01 5.13314247e-01 5.09392917e-01
    5.11415124e-01 5.08922398e-01 5.08405209e-01 5.07082045e-01
    5.06809950e-01 5.04714847e-01 5.13284326e-01 5.09708226e-01
    5.17618895e-01 5.18383503e-01 5.14629126e-01 5.17370164e-01
    5.03898561e-01 5.06822228e-01 5.10772645e-01 5.08150220e-01
    5.06607652e-01 5.07277191e-01 5.11755466e-01 5.26829720e-01
    5.28389871e-01 5.21022260e-01 5.26091933e-01 5.12257278e-01
    5.26568115e-01 5.25063396e-01 5.21763206e-01 5.18013000e-01
    5.13702929e-01 5.23211718e-01 5.27239025e-01 5.17368317e-01
    5.16816258e-01 5.26678085e-01 5.16845465e-01 5.15149713e-01
    5.08428395e-01 5.12446702e-01 5.16042352e-01 5.07165074e-01
    5.16371787e-01 5.05778074e-01 5.09565830e-01 5.16045213e-01
    5.16640007e-01 5.18501520e-01 5.15372217e-01 5.05579591e-01
    5.03780723e-01 5.05940557e-01 5.01374543e-01 5.02815425e-01
    5.00353456e-01 5.05381525e-01 5.01339138e-01 4.97015417e-01
    5.06782949e-01 5.05717099e-01 4.96216774e-01 4.89949346e-01
    4.83203560e-01 4.82156277e-01 4.91634399e-01 4.92194563e-01
    5.03591180e-01 5.06948352e-01 5.05359232e-01 5.04771650e-01
    5.07166386e-01 5.03562272e-01 4.93126452e-01 4.95771468e-01
    5.01276433e-01 4.97007728e-01 4.91289169e-01 4.85989064e-01
    4.85911936e-01 4.79925156e-01 4.85673189e-01 4.76290792e-01
    4.83372748e-01 4.77387041e-01 4.77782458e-01 4.80272830e-01
    4.75503594e-01 4.82522488e-01 4.90490437e-01 4.84531224e-01
    4.94981170e-01 4.91887420e-01 4.95721489e-01 4.99753147e-01
    5.06021321e-01 5.07954538e-01 5.16096890e-01 5.10699987e-01
    5.11640787e-01 5.05167961e-01 5.04835904e-01 5.06794035e-01
    5.10433793e-01 5.13648868e-01 5.11857271e-01 5.09323120e-01
    5.22010863e-01 5.12067556e-01 5.06557107e-01 4.99773264e-01
    5.03711760e-01 5.11671305e-01 5.12877584e-01 5.13279378e-01
    5.13633370e-01 5.13589859e-01 5.14615774e-01 5.17199755e-01
    5.11372447e-01 5.07636666e-01 4.99484986e-01 4.98624146e-01
    4.96786088e-01 4.97081578e-01 4.91293192e-01 5.07129192e-01
    5.12717843e-01 5.04486263e-01 5.06458163e-01 5.08468926e-01
    5.01231074e-01 4.96401280e-01 4.94689465e-01 4.89987016e-01
    4.88429576e-01 4.96461034e-01 4.89675462e-01 5.03342807e-01
    5.01934052e-01 5.01203954e-01 4.93899286e-01 5.11141837e-01
    4.92450088e-01 4.99984950e-01 5.04494429e-01 5.01864552e-01
    4.97148216e-01 5.04169047e-01 5.13858318e-01 5.14111638e-01
    5.15066624e-01 5.09176254e-01 5.02578914e-01 5.07163048e-01
    4.99022394e-01 4.95034277e-01 4.98637706e-01 4.97917473e-01
    4.86496061e-01 4.96643424e-01 4.89333034e-01 4.85725194e-01
    4.76428002e-01 4.78327304e-01 4.77662474e-01 4.84660655e-01
    4.93432879e-01 4.95462179e-01 4.99891996e-01 4.97633427e-01
    5.02273321e-01 5.01712799e-01 5.04896998e-01 5.04675031e-01
    5.07842600e-01 5.11087239e-01 5.12190223e-01 5.16598046e-01
    5.19756317e-01 5.27194798e-01 5.26076436e-01 5.28791666e-01
    5.25403738e-01 5.20377755e-01 5.15775383e-01 5.18020272e-01
    5.12577057e-01 5.12285829e-01 5.14514327e-01 5.23948312e-01
    5.18800199e-01 5.21069527e-01 5.20451784e-01 5.22184670e-01
    5.18419683e-01 5.16549528e-01 5.22257149e-01 5.20696402e-01
    5.08113265e-01 5.05547106e-01 4.95610625e-01 4.97885019e-01
    4.89638418e-01 4.96498287e-01 4.94386345e-01 4.96067256e-01
    4.83104110e-01 4.84441489e-01 4.81540084e-01 4.75093722e-01
    4.76939648e-01 4.75048870e-01 4.75904584e-01 4.70040470e-01
    4.74907070e-01 4.79286790e-01 4.78682905e-01 4.91829216e-01
    4.98275846e-01 4.97907847e-01 4.99554813e-01 4.99555022e-01
    4.69416171e-01 4.42040950e-01 4.14931715e-01 3.86916131e-01
    3.61297637e-01 3.25680315e-01 2.96201617e-01 2.68399388e-01
    2.83237219e-01 3.11425745e-01 3.47209007e-01 3.82676214e-01
    4.10631478e-01 4.39994872e-01 4.69841599e-01 4.94887769e-01
    5.19304156e-01 5.16865075e-01 5.12212574e-01 5.13708055e-01
    5.16626179e-01 5.11623263e-01 5.12801230e-01 5.08041024e-01
    5.07247210e-01 4.98263836e-01 5.04016757e-01 4.92937058e-01
    4.93443370e-01 4.98693556e-01 4.95551527e-01 4.99444067e-01
    5.00247061e-01 5.10328650e-01 5.10216475e-01 5.09924650e-01
    5.13209999e-01 5.11389673e-01 5.09147823e-01 5.09233832e-01
    5.06085455e-01 5.03612876e-01 5.12250483e-01 5.06341159e-01
    5.16580582e-01 5.15519619e-01 5.14035821e-01 5.18570662e-01
    5.08702874e-01 5.17067969e-01 5.21359921e-01 5.18690705e-01
    5.17867625e-01 5.16643047e-01 5.19470751e-01 5.32916486e-01
    5.35495996e-01 5.30215800e-01 5.36292613e-01 5.25284111e-01
    5.37615955e-01 5.35061419e-01 5.29235482e-01 5.25692225e-01
    5.22224903e-01 5.29013872e-01 5.32076597e-01 5.20681739e-01
    5.21038353e-01 5.28708756e-01 5.17813921e-01 5.18055260e-01
    5.14510632e-01 5.16997159e-01 5.20117879e-01 5.11956930e-01
    5.16535640e-01 5.06783605e-01 5.09000719e-01 5.17960846e-01
    5.16344666e-01 5.12367666e-01 5.08236766e-01 4.93813664e-01
    4.92271364e-01 4.91766423e-01 4.90529776e-01 4.92025793e-01
    4.89538729e-01 4.93781507e-01 4.88130629e-01 4.86882657e-01
    4.96596724e-01 4.96917188e-01 4.91431594e-01 4.86487359e-01
    4.78945851e-01 4.80447501e-01 4.89607245e-01 4.92825091e-01
    5.05248010e-01 5.10442078e-01 5.11122704e-01 5.07592916e-01
    5.11696160e-01 5.09443104e-01 4.98246819e-01 5.05350888e-01
    5.07985473e-01 5.01844823e-01 4.95650351e-01 4.86460030e-01
    4.86791253e-01 4.80828255e-01 4.85963792e-01 4.79530513e-01
    4.84900624e-01 4.81851071e-01 4.79728162e-01 4.80559349e-01
    4.78348702e-01 4.86274034e-01 4.92783189e-01 4.87775028e-01
    4.96073127e-01 4.93422598e-01 4.99156117e-01 5.04745901e-01
    5.12674987e-01 5.15548289e-01 5.26162922e-01 5.21919489e-01
    5.21550715e-01 5.15285790e-01 5.11974692e-01 5.17898917e-01
    5.18617570e-01 5.20129859e-01 5.16239166e-01 5.14491081e-01
    5.28792858e-01 5.20168543e-01 5.15645564e-01 5.09089470e-01
    5.12462080e-01 5.21416605e-01 5.18217742e-01 5.17249703e-01
    5.14375150e-01 5.14912844e-01 5.14215827e-01 5.18315315e-01
    5.10566831e-01 5.10061264e-01 5.02037823e-01 5.01490533e-01
    5.00888467e-01 4.98701990e-01 4.88492787e-01 5.03484488e-01
    5.10491669e-01 5.02983391e-01 5.01561880e-01 5.05249321e-01
    4.99625325e-01 4.95066792e-01 4.94687468e-01 4.91586983e-01
    4.90227103e-01 4.96604919e-01 4.89909321e-01 5.01424432e-01
    4.97798741e-01 4.94656980e-01 4.87715334e-01 5.07785201e-01
    4.91147786e-01 4.97045547e-01 5.02152145e-01 5.00200927e-01
    4.97749150e-01 5.01617134e-01 5.10735095e-01 5.09250581e-01
    5.10706246e-01 5.06065547e-01 5.00242114e-01 5.03289461e-01
    4.98120397e-01 4.96900409e-01 5.01574755e-01 4.99622107e-01
    4.89432514e-01 4.94097352e-01 4.83673632e-01 4.80678469e-01
    4.72070545e-01 4.73399490e-01 4.72058415e-01 4.79849756e-01
    4.90794569e-01 4.93205875e-01 4.93937254e-01 4.94539708e-01
    4.98365998e-01 4.98313487e-01 5.02044320e-01 4.99954581e-01
    5.04764378e-01 5.06099224e-01 5.11231482e-01 5.17906427e-01
    5.18648386e-01 5.25131404e-01 5.26074588e-01 5.31310141e-01
    5.26861429e-01 5.20800054e-01 5.16247749e-01 5.22265613e-01
    5.15077114e-01 5.19051135e-01 5.19959152e-01 5.28348207e-01
    5.22599459e-01 5.26044965e-01 5.25131047e-01 5.26797175e-01
    5.22323310e-01 5.18960118e-01 5.23882091e-01 5.20119071e-01
    5.05233705e-01 5.03982902e-01 4.96333212e-01 4.97476161e-01
    4.87405747e-01 4.94634837e-01 4.89419252e-01 4.90139842e-01
    4.78173703e-01 4.80980694e-01 4.74570841e-01 4.68572080e-01
    4.70449716e-01 4.65947688e-01 4.66649383e-01 4.61351573e-01
    4.68070060e-01 4.75415826e-01 4.76023704e-01 4.83885258e-01
    4.88950223e-01 4.88928825e-01 4.92232829e-01 4.93180633e-01
    4.63562876e-01 4.35796022e-01 4.08732355e-01 3.83232266e-01
    3.58621716e-01 3.22323531e-01 2.95597136e-01 2.69957364e-01
    2.80687541e-01 3.10143739e-01 3.43828708e-01 3.79268825e-01
    4.07489061e-01 4.37026799e-01 4.70035434e-01 4.96690422e-01
    5.23858368e-01 5.21700144e-01 5.17003059e-01 5.19992650e-01
    5.22835255e-01 5.19825697e-01 5.20283401e-01 5.15720308e-01
    5.14360845e-01 5.06330311e-01 5.11380792e-01 5.03107190e-01
    5.03685355e-01 5.06713450e-01 5.01801550e-01 5.01879752e-01
    5.01420081e-01 5.06898165e-01 5.03790319e-01 5.01287282e-01
    5.02530575e-01 4.98313338e-01 4.98158425e-01 5.00256419e-01
    4.97408122e-01 4.93809402e-01 5.00811994e-01 4.97215211e-01
    5.05569518e-01 5.03712058e-01 5.04206002e-01 5.10742426e-01
    5.03117383e-01 5.11070073e-01 5.15894830e-01 5.13904750e-01
    5.14513135e-01 5.18800795e-01 5.22405744e-01 5.32707870e-01
    5.32904267e-01 5.29945135e-01 5.39099693e-01 5.29848933e-01
    5.39794803e-01 5.35552204e-01 5.30206859e-01 5.24985313e-01
    5.21234334e-01 5.27378201e-01 5.28771758e-01 5.19429862e-01
    5.20683885e-01 5.26508451e-01 5.12300074e-01 5.11529684e-01
    5.10088205e-01 5.11162400e-01 5.13258576e-01 5.04653811e-01
    5.08304358e-01 4.95852947e-01 4.99475956e-01 5.07377923e-01
    5.06647944e-01 5.03309071e-01 4.95480567e-01 4.82116818e-01
    4.78901088e-01 4.77818906e-01 4.79868621e-01 4.83582795e-01
    4.81416464e-01 4.86275256e-01 4.84786034e-01 4.85118330e-01
    4.93326128e-01 4.93453920e-01 4.91640836e-01 4.88507032e-01
    4.81781423e-01 4.84386653e-01 4.89748985e-01 4.97856170e-01
    5.08097053e-01 5.12927473e-01 5.15616119e-01 5.12190402e-01
    5.14717102e-01 5.13357818e-01 4.99643207e-01 5.05419195e-01
    5.06123543e-01 5.01002789e-01 4.96388167e-01 4.82823342e-01
    4.80609000e-01 4.73533839e-01 4.78710711e-01 4.75536376e-01
    4.78770107e-01 4.77289230e-01 4.76132840e-01 4.76568103e-01
    4.75104988e-01 4.81710166e-01 4.86548990e-01 4.80706871e-01
    4.85290080e-01 4.83924717e-01 4.91879940e-01 4.94597584e-01
    5.08257329e-01 5.12524664e-01 5.24575830e-01 5.18885076e-01
    5.20957708e-01 5.14284730e-01 5.13245285e-01 5.21194398e-01
    5.19005656e-01 5.18531621e-01 5.15938878e-01 5.16194463e-01
    5.33408046e-01 5.25757253e-01 5.21558464e-01 5.11282206e-01
    5.17643690e-01 5.22294641e-01 5.21402717e-01 5.18660724e-01
    5.16947210e-01 5.12692451e-01 5.10715544e-01 5.11949778e-01
    5.05026281e-01 5.06724834e-01 4.96927381e-01 4.95879680e-01
    4.96556699e-01 4.91786927e-01 4.84278113e-01 5.00761390e-01
    5.07780075e-01 5.01288891e-01 5.00488818e-01 5.01807809e-01
    4.97479469e-01 4.92974609e-01 4.95974898e-01 4.97102052e-01
    4.98348355e-01 5.02192557e-01 4.94761199e-01 5.09407699e-01
    5.06449401e-01 4.99042392e-01 4.95334297e-01 5.12361467e-01
    4.96268630e-01 5.04968464e-01 5.04670382e-01 5.03519714e-01
    5.03914535e-01 5.08743346e-01 5.15935779e-01 5.13398707e-01
    5.12136102e-01 5.05795479e-01 4.99779433e-01 5.02322435e-01
    4.94067967e-01 4.91375893e-01 4.95294571e-01 4.91141468e-01
    4.83044297e-01 4.87174660e-01 4.76737112e-01 4.74719465e-01
    4.65939194e-01 4.64897662e-01 4.64219093e-01 4.76927012e-01
    4.85677958e-01 4.89036947e-01 4.92052555e-01 4.90704358e-01
    4.97243553e-01 4.96596813e-01 5.03101349e-01 5.00816286e-01
    5.08190453e-01 5.08361280e-01 5.11534274e-01 5.19274950e-01
    5.20074069e-01 5.26615560e-01 5.26203990e-01 5.31086922e-01
    5.22958040e-01 5.16757786e-01 5.12122631e-01 5.17411768e-01
    5.13753891e-01 5.16529202e-01 5.20867050e-01 5.28289199e-01
    5.25188804e-01 5.24045765e-01 5.23809850e-01 5.26119411e-01
    5.19857585e-01 5.17019689e-01 5.20420730e-01 5.16424716e-01
    5.03161669e-01 5.01851797e-01 4.97653455e-01 4.96627897e-01
    4.86895442e-01 4.93340880e-01 4.86527771e-01 4.87721890e-01
    4.73420441e-01 4.78182882e-01 4.74891692e-01 4.72299784e-01
    4.71308559e-01 4.67952311e-01 4.68554556e-01 4.64152128e-01
    4.73398745e-01 4.79081124e-01 4.79608327e-01 4.85694110e-01
    4.92910981e-01 4.92026150e-01 4.96653080e-01 4.97230142e-01
    4.65599865e-01 4.39555705e-01 4.11068767e-01 3.84411246e-01
    3.56816649e-01 3.22713137e-01 2.94036180e-01 2.70345062e-01
    2.81213224e-01 3.13177466e-01 3.48342657e-01 3.81084442e-01
    4.09439534e-01 4.39282745e-01 4.73498493e-01 4.99786019e-01
    5.25537133e-01 5.24984539e-01 5.24373591e-01 5.28943002e-01
    5.33753395e-01 5.28047383e-01 5.28414130e-01 5.24817944e-01
    5.22456050e-01 5.13011634e-01 5.15909255e-01 5.03601313e-01
    5.06567657e-01 5.09978056e-01 5.04768431e-01 5.01796007e-01
    5.00894785e-01 5.06420791e-01 5.00978172e-01 4.94378746e-01
    4.94127542e-01 4.88091975e-01 4.88533974e-01 4.91276950e-01
    4.86313939e-01 4.81666297e-01 4.89073783e-01 4.83351290e-01
    4.91395980e-01 4.89617229e-01 4.88742530e-01 4.93787795e-01
    4.87942100e-01 4.96053427e-01 5.02470613e-01 5.00016570e-01
    5.01794338e-01 5.05323827e-01 5.08912206e-01 5.19939184e-01
    5.19690573e-01 5.18319905e-01 5.27564883e-01 5.21669090e-01
    5.31976640e-01 5.30803621e-01 5.25497437e-01 5.22494912e-01
    5.22608221e-01 5.26496530e-01 5.29553115e-01 5.20396292e-01
    5.21927774e-01 5.26630342e-01 5.14478505e-01 5.16712248e-01
    5.15887499e-01 5.15916646e-01 5.17292082e-01 5.10878205e-01
    5.13273478e-01 5.00292897e-01 5.01106858e-01 5.08175850e-01
    5.07877350e-01 5.03771126e-01 4.97836530e-01 4.84343380e-01
    4.78932232e-01 4.77853984e-01 4.80673313e-01 4.81385052e-01
    4.77575511e-01 4.81319547e-01 4.77695942e-01 4.76682961e-01
    4.84194428e-01 4.85385627e-01 4.84090686e-01 4.84778285e-01
    4.79958445e-01 4.83072996e-01 4.85851318e-01 4.92965400e-01
    5.03407121e-01 5.09258926e-01 5.11606455e-01 5.06785095e-01
    5.10509551e-01 5.09084761e-01 4.97837096e-01 5.06249726e-01
    5.06553233e-01 5.01157880e-01 4.93123591e-01 4.80460972e-01
    4.76943612e-01 4.69402879e-01 4.74319428e-01 4.71847028e-01
    4.79198545e-01 4.76819783e-01 4.77106482e-01 4.78283256e-01
    4.78208870e-01 4.85914946e-01 4.89205718e-01 4.81643766e-01
    4.84740108e-01 4.83309597e-01 4.91177052e-01 4.93396580e-01
    5.08082151e-01 5.10756612e-01 5.23214936e-01 5.15121698e-01
    5.19038439e-01 5.09317756e-01 5.09180725e-01 5.18285394e-01
    5.14639378e-01 5.16953528e-01 5.14171064e-01 5.17808497e-01
    5.35759687e-01 5.26547253e-01 5.26137471e-01 5.16897261e-01
    5.25658548e-01 5.30012667e-01 5.32779694e-01 5.29342055e-01
    5.29501259e-01 5.22017896e-01 5.21401703e-01 5.21167338e-01
    5.13681412e-01 5.16252875e-01 5.04186273e-01 5.01018345e-01
    4.97617483e-01 4.92236763e-01 4.87966746e-01 5.00629127e-01
    5.07420540e-01 4.99444187e-01 4.98060822e-01 4.97698724e-01
    4.92679954e-01 4.86661255e-01 4.91092563e-01 4.92799878e-01
    4.92628485e-01 4.91982162e-01 4.85294342e-01 4.98310745e-01
    4.98278141e-01 4.94130373e-01 4.93598402e-01 5.06443679e-01
    4.92347986e-01 5.00844002e-01 4.99777973e-01 4.98706609e-01
    4.98929143e-01 5.02775908e-01 5.09677112e-01 5.06913304e-01
    5.06359696e-01 5.00724792e-01 5.00054538e-01 5.02037168e-01
    4.95490372e-01 4.90955830e-01 4.94846135e-01 4.85316247e-01
    4.80912417e-01 4.86051440e-01 4.74088579e-01 4.74050730e-01
    4.63957071e-01 4.60688144e-01 4.62600052e-01 4.77223605e-01
    4.86034423e-01 4.86272544e-01 4.88872230e-01 4.84310210e-01
    4.89422977e-01 4.88984555e-01 4.97099459e-01 4.94926453e-01
    5.07602334e-01 5.04122853e-01 5.06879151e-01 5.17353177e-01
    5.17002404e-01 5.25434732e-01 5.27390778e-01 5.33050358e-01
    5.21459818e-01 5.15613616e-01 5.13602197e-01 5.19451201e-01
    5.18638074e-01 5.24234593e-01 5.27650654e-01 5.36604643e-01
    5.32557786e-01 5.30667186e-01 5.34330964e-01 5.35209239e-01
    5.28945744e-01 5.25131226e-01 5.26701868e-01 5.22784531e-01
    5.08254707e-01 5.07807374e-01 5.06102026e-01 5.03217101e-01
    4.96407777e-01 4.99965459e-01 4.92528617e-01 4.96281058e-01
    4.79568869e-01 4.87791687e-01 4.82023507e-01 4.76800770e-01
    4.76850033e-01 4.72637922e-01 4.73974586e-01 4.73077685e-01
    4.82559383e-01 4.86748725e-01 4.88757014e-01 4.89988416e-01
    4.98751253e-01 4.94994044e-01 4.98258799e-01 4.96081680e-01
    4.62365896e-01 4.36708778e-01 4.05198276e-01 3.79422367e-01
    3.53676319e-01 3.18332195e-01 2.88793623e-01 2.66141057e-01
    2.81964958e-01 3.14637929e-01 3.50399375e-01 3.84663671e-01
    4.13360417e-01 4.43100154e-01 4.77830380e-01 5.02272308e-01
    5.26041269e-01 5.25170505e-01 5.24750173e-01 5.27820408e-01
    5.34171224e-01 5.30212760e-01 5.28163671e-01 5.21372795e-01
    5.19296706e-01 5.11052012e-01 5.10946155e-01 4.98155802e-01
    5.00674903e-01 5.03774226e-01 4.99410540e-01 4.94007260e-01
    4.94428843e-01 5.00823915e-01 4.96427298e-01 4.90488261e-01
    4.92152452e-01 4.87446368e-01 4.88180280e-01 4.94472355e-01
    4.90553945e-01 4.84500438e-01 4.91745025e-01 4.88347143e-01
    4.94809747e-01 4.90917742e-01 4.89219755e-01 4.93188322e-01
    4.89637375e-01 4.99376774e-01 5.06881773e-01 5.00620544e-01
    5.02607465e-01 5.03166795e-01 5.07484019e-01 5.15636683e-01
    5.15319228e-01 5.13695419e-01 5.23615956e-01 5.20774126e-01
    5.30690312e-01 5.29953539e-01 5.24932325e-01 5.21479666e-01
    5.23718655e-01 5.28480768e-01 5.31511009e-01 5.22421122e-01
    5.24490118e-01 5.29665411e-01 5.19041836e-01 5.20957112e-01
    5.19405901e-01 5.19018531e-01 5.22679031e-01 5.17191589e-01
    5.18326819e-01 5.04993975e-01 5.06495416e-01 5.14097989e-01
    5.13363481e-01 5.08534908e-01 5.04304111e-01 4.92636204e-01
    4.87637281e-01 4.86377060e-01 4.86462831e-01 4.87346381e-01
    4.80905950e-01 4.84439194e-01 4.81156111e-01 4.80755240e-01
    4.86185014e-01 4.88469183e-01 4.88055378e-01 4.89967376e-01
    4.84917015e-01 4.91983771e-01 4.92899358e-01 4.97495383e-01
    5.02271712e-01 5.06985128e-01 5.09205818e-01 5.07367134e-01
    5.13251305e-01 5.11832237e-01 5.00923157e-01 5.05971014e-01
    5.03497660e-01 4.99979913e-01 4.92652863e-01 4.82025623e-01
    4.77883458e-01 4.72864509e-01 4.76319581e-01 4.76148427e-01
    4.81248021e-01 4.82235223e-01 4.85427082e-01 4.85850751e-01
    4.84898150e-01 4.86414939e-01 4.90559071e-01 4.83106643e-01
    4.90665823e-01 4.89355922e-01 4.95783001e-01 4.97995794e-01
    5.10956168e-01 5.10756791e-01 5.18274426e-01 5.07369995e-01
    5.09744942e-01 5.00828266e-01 5.00600219e-01 5.07220864e-01
    5.05303979e-01 5.07274091e-01 5.07126391e-01 5.12772560e-01
    5.32219172e-01 5.22907019e-01 5.23387611e-01 5.13989627e-01
    5.22790432e-01 5.27857423e-01 5.32204568e-01 5.30379951e-01
    5.33456326e-01 5.24703145e-01 5.25592387e-01 5.24064958e-01
    5.15565932e-01 5.16485393e-01 5.05550504e-01 5.05173743e-01
    5.00790477e-01 4.94605601e-01 4.88316745e-01 4.98559386e-01
    5.06616890e-01 4.98191863e-01 4.96302754e-01 4.96082395e-01
    4.94422495e-01 4.88451689e-01 4.94419128e-01 4.97978747e-01
    4.97657239e-01 4.95807856e-01 4.92284656e-01 5.04442990e-01
    5.03645301e-01 4.97113138e-01 4.97129202e-01 5.09733319e-01
    4.96733636e-01 5.01622915e-01 5.00854373e-01 5.00923634e-01
    5.03156543e-01 5.03661990e-01 5.09352803e-01 5.06130159e-01
    5.02027869e-01 4.96418774e-01 4.99558866e-01 5.00909388e-01
    4.96834576e-01 4.91305768e-01 4.97026056e-01 4.89537954e-01
    4.83081847e-01 4.89663333e-01 4.82906789e-01 4.82429892e-01
    4.70905781e-01 4.66613233e-01 4.67328519e-01 4.82021570e-01
    4.90577370e-01 4.92144346e-01 4.97410804e-01 4.93398994e-01
    4.97282416e-01 4.94233578e-01 4.98484403e-01 4.95257229e-01
    5.06599844e-01 5.05692184e-01 5.07609785e-01 5.15791237e-01
    5.16610801e-01 5.22168636e-01 5.25248826e-01 5.34084797e-01
    5.23238361e-01 5.18658221e-01 5.15779853e-01 5.20627499e-01
    5.18500507e-01 5.25327265e-01 5.27173042e-01 5.38751900e-01
    5.35040975e-01 5.32637417e-01 5.34621000e-01 5.35784125e-01
    5.29883146e-01 5.23768961e-01 5.28644145e-01 5.24193048e-01
    5.07833779e-01 5.07960916e-01 5.06746292e-01 5.03985345e-01
    4.97738868e-01 5.00939488e-01 4.92779762e-01 4.95257616e-01
    4.79337960e-01 4.87511665e-01 4.82888788e-01 4.78905022e-01
    4.79371041e-01 4.72301036e-01 4.71892983e-01 4.70105141e-01
    4.76390183e-01 4.81375307e-01 4.80663240e-01 4.80558187e-01
    4.89585847e-01 4.85244334e-01 4.85988021e-01 4.83944237e-01
    4.53406841e-01 4.27633852e-01 3.96663576e-01 3.69491994e-01
    3.44225049e-01 3.08187127e-01 2.80972242e-01 2.60301679e-01
    2.84278423e-01 3.20225030e-01 3.55605096e-01 3.88752490e-01
    4.19155091e-01 4.47357714e-01 4.83317494e-01 5.09350955e-01
    5.33200502e-01 5.33620119e-01 5.35934687e-01 5.39620340e-01
    5.43532908e-01 5.40940106e-01 5.38980663e-01 5.32808244e-01
    5.31686544e-01 5.22305310e-01 5.16696632e-01 5.02420366e-01
    5.08484185e-01 5.07365465e-01 5.07158816e-01 5.02445996e-01
    5.01955867e-01 5.08127391e-01 5.02419472e-01 4.94653881e-01
    4.92780209e-01 4.90925997e-01 4.90726680e-01 4.96288657e-01
    4.93187815e-01 4.86601263e-01 4.94431138e-01 4.91919339e-01
    4.97578532e-01 4.88168716e-01 4.88961965e-01 4.87876773e-01
    4.82236087e-01 4.88142461e-01 4.93906081e-01 4.87201422e-01
    4.87001717e-01 4.91266549e-01 4.96714413e-01 5.03872931e-01
    5.05464256e-01 5.04268944e-01 5.14330626e-01 5.11643648e-01
    5.22490799e-01 5.25964081e-01 5.23677170e-01 5.20638347e-01
    5.27552724e-01 5.34165025e-01 5.42535603e-01 5.34811914e-01
    5.36344767e-01 5.42735457e-01 5.33648372e-01 5.32974601e-01
    5.30845582e-01 5.29713869e-01 5.30113518e-01 5.25738358e-01
    5.25969267e-01 5.12552500e-01 5.13844907e-01 5.21984816e-01
    5.22656024e-01 5.15932500e-01 5.11729002e-01 4.99900013e-01
    4.94447082e-01 4.94042963e-01 4.93835181e-01 4.93296921e-01
    4.87707019e-01 4.90167171e-01 4.84359294e-01 4.85987872e-01
    4.89464223e-01 4.89394188e-01 4.88953322e-01 4.91517037e-01
    4.83986348e-01 4.89481181e-01 4.91011053e-01 4.90756124e-01
    4.92382944e-01 4.97749865e-01 5.00586987e-01 4.97938484e-01
    5.01734555e-01 4.97693896e-01 4.90278810e-01 4.93538469e-01
    4.89982396e-01 4.85198438e-01 4.79328573e-01 4.68807220e-01
    4.63884354e-01 4.59944576e-01 4.62781221e-01 4.62688178e-01
    4.69222128e-01 4.71407890e-01 4.76481825e-01 4.77240086e-01
    4.77939367e-01 4.82549280e-01 4.88972813e-01 4.80719507e-01
    4.88546640e-01 4.89057600e-01 4.95799541e-01 4.97504890e-01
    5.11180878e-01 5.12569368e-01 5.20285070e-01 5.07506788e-01
    5.09516299e-01 5.00496149e-01 5.01789987e-01 5.07297873e-01
    5.05290627e-01 5.06813943e-01 5.06139994e-01 5.10781348e-01
    5.27642846e-01 5.21212935e-01 5.24257541e-01 5.14602065e-01
    5.24721026e-01 5.29666543e-01 5.31853259e-01 5.29762864e-01
    5.35959184e-01 5.28703272e-01 5.31567872e-01 5.29153407e-01
    5.18573940e-01 5.18614948e-01 5.08667886e-01 5.06483316e-01
    5.01368880e-01 4.96466190e-01 4.90189493e-01 4.98021930e-01
    5.04473209e-01 4.96668875e-01 4.94981080e-01 4.94549781e-01
    4.91468102e-01 4.85086679e-01 4.88184661e-01 4.89865422e-01
    4.89161670e-01 4.89432156e-01 4.85001385e-01 4.97296244e-01
    4.98559594e-01 4.93326604e-01 4.95452315e-01 5.09670079e-01
    4.95414644e-01 4.99499619e-01 4.97057110e-01 4.93950397e-01
    4.96480197e-01 4.99243498e-01 5.02974689e-01 5.03224790e-01
    4.99646455e-01 4.92308795e-01 4.95600581e-01 4.94884044e-01
    4.91970778e-01 4.87149388e-01 4.92936462e-01 4.85067278e-01
    4.76268202e-01 4.82532084e-01 4.79529828e-01 4.80979443e-01
    4.72508550e-01 4.66092914e-01 4.67652202e-01 4.80909973e-01
    4.86925930e-01 4.90838051e-01 5.00169754e-01 4.95768845e-01
    5.03940701e-01 4.98561174e-01 5.00558913e-01 4.95847762e-01
    5.05914569e-01 5.02861738e-01 5.06046414e-01 5.13191462e-01
    5.11897624e-01 5.18774033e-01 5.22715807e-01 5.30686796e-01
    5.24418950e-01 5.20204961e-01 5.17834961e-01 5.19114673e-01
    5.15412927e-01 5.21231711e-01 5.27178586e-01 5.40010810e-01
    5.40337801e-01 5.38102508e-01 5.40010512e-01 5.42781949e-01
    5.38324654e-01 5.33543766e-01 5.33688903e-01 5.27396202e-01
    5.11028290e-01 5.08139491e-01 5.07151008e-01 5.02901495e-01
    4.97935802e-01 5.03148079e-01 4.95073915e-01 4.91407275e-01
    4.76316392e-01 4.81188387e-01 4.77060229e-01 4.73067164e-01
    4.75060195e-01 4.68966901e-01 4.70428079e-01 4.73081410e-01
    4.83346164e-01 4.91268009e-01 4.90644395e-01 4.89651829e-01
    5.00979304e-01 4.96081769e-01 4.97122079e-01 4.94170815e-01
    4.66477960e-01 4.38753456e-01 4.08642292e-01 3.81621122e-01
    3.58241439e-01 3.19045871e-01 2.89755464e-01 2.67048597e-01
    2.88635910e-01 3.24415684e-01 3.60068053e-01 3.94257396e-01
    4.27380800e-01 4.56745327e-01 4.93456900e-01 5.21334350e-01
    5.44627428e-01 5.47270060e-01 5.48869193e-01 5.53431749e-01
    5.58849871e-01 5.55508256e-01 5.50196648e-01 5.41987062e-01
    5.39343119e-01 5.28844357e-01 5.23100019e-01 5.07849276e-01
    5.10350466e-01 5.06028235e-01 5.06963015e-01 5.00866234e-01
    4.98049200e-01 5.06198943e-01 4.98509377e-01 4.91970956e-01
    4.91218328e-01 4.88314241e-01 4.85905766e-01 4.94081259e-01
    4.92625833e-01 4.85267818e-01 4.95378107e-01 4.92523879e-01
    5.01219809e-01 4.95909154e-01 4.98914003e-01 4.94099766e-01
    4.90830004e-01 4.98775810e-01 5.02227247e-01 4.96917784e-01
    4.94967252e-01 4.98406053e-01 5.02588272e-01 5.08483171e-01
    5.08659601e-01 5.08461058e-01 5.20152628e-01 5.14379323e-01
    5.24689317e-01 5.27867377e-01 5.26631892e-01 5.21708190e-01
    5.31114519e-01 5.35163224e-01 5.40951371e-01 5.34239471e-01
    5.36012173e-01 5.42394757e-01 5.32488346e-01 5.33169389e-01
    5.31312943e-01 5.32552063e-01 5.31767309e-01 5.24445891e-01
    5.24976492e-01 5.14314830e-01 5.14932454e-01 5.21654963e-01
    5.22660971e-01 5.14770091e-01 5.08114636e-01 4.96939808e-01
    4.91783977e-01 4.89733696e-01 4.90754515e-01 4.88479108e-01
    4.83981550e-01 4.89612013e-01 4.81683731e-01 4.82622564e-01
    4.89808142e-01 4.92490858e-01 4.91706580e-01 4.90401775e-01
    4.78639841e-01 4.81273472e-01 4.83783633e-01 4.86716062e-01
    4.89485651e-01 4.94058043e-01 4.99201208e-01 4.94771004e-01
    5.01447678e-01 4.94445682e-01 4.86429214e-01 4.90379095e-01
    4.87412930e-01 4.80626941e-01 4.74134207e-01 4.65450108e-01
    4.65974420e-01 4.63649035e-01 4.68835175e-01 4.70010012e-01
    4.77563113e-01 4.77889627e-01 4.84351218e-01 4.82599169e-01
    4.84152466e-01 4.86243367e-01 4.95642990e-01 4.87793028e-01
    4.95592326e-01 4.97134358e-01 5.02779841e-01 5.02336919e-01
    5.12080193e-01 5.09151876e-01 5.16222656e-01 5.04004300e-01
    5.05138874e-01 4.96218979e-01 4.96211916e-01 5.01873732e-01
    4.97645915e-01 5.00975490e-01 5.02121985e-01 5.05710959e-01
    5.21506369e-01 5.13763487e-01 5.16344070e-01 5.07796466e-01
    5.20471394e-01 5.26531816e-01 5.30138016e-01 5.30362666e-01
    5.38659453e-01 5.30496716e-01 5.33644617e-01 5.34130633e-01
    5.21509469e-01 5.22408068e-01 5.10389030e-01 5.08565903e-01
    5.05696177e-01 4.97566670e-01 4.94660616e-01 5.03141582e-01
    5.11368930e-01 5.04360318e-01 5.01448631e-01 5.00755131e-01
    4.97967005e-01 4.91762847e-01 4.94934887e-01 4.94234383e-01
    4.93875891e-01 4.95145291e-01 4.90820020e-01 5.01105130e-01
    5.00572443e-01 4.94948357e-01 4.99980450e-01 5.10979950e-01
    4.95690167e-01 4.97835279e-01 4.94674206e-01 4.93285835e-01
    4.94950831e-01 4.99381244e-01 5.02261817e-01 5.02209485e-01
    5.02166092e-01 4.93792862e-01 5.00078022e-01 4.99122947e-01
    5.00991404e-01 4.97486621e-01 4.99739379e-01 4.89308417e-01
    4.82008040e-01 4.89111573e-01 4.85717058e-01 4.86708403e-01
    4.77568686e-01 4.69902962e-01 4.66706663e-01 4.77634668e-01
    4.84256566e-01 4.87883687e-01 4.96575862e-01 4.87794161e-01
    4.98275936e-01 4.91002560e-01 4.94144410e-01 4.92126942e-01
    5.06435513e-01 5.04769742e-01 5.08171082e-01 5.15222788e-01
    5.13149142e-01 5.20173848e-01 5.26520491e-01 5.37185252e-01
    5.33738196e-01 5.29685497e-01 5.28181553e-01 5.28120697e-01
    5.25069892e-01 5.27553201e-01 5.32912672e-01 5.42680562e-01
    5.40511787e-01 5.36488473e-01 5.34939468e-01 5.38362265e-01
    5.34076691e-01 5.27219355e-01 5.26179910e-01 5.19436717e-01
    5.01770496e-01 4.96666640e-01 4.96925592e-01 4.88872677e-01
    4.86331344e-01 4.92628545e-01 4.89316434e-01 4.86528784e-01
    4.75770086e-01 4.82355863e-01 4.81337070e-01 4.79837567e-01
    4.80251551e-01 4.73758936e-01 4.77479428e-01 4.79688197e-01
    4.88255501e-01 4.97739345e-01 4.95368779e-01 4.92014140e-01
    5.02694190e-01 4.98135954e-01 4.98338282e-01 4.93195534e-01
    4.65406835e-01 4.35299158e-01 4.05456513e-01 3.75437438e-01
    3.51711839e-01 3.12574208e-01 2.84225106e-01 2.61213034e-01
    2.85020232e-01 3.20943445e-01 3.56825083e-01 3.89980912e-01
    4.23678696e-01 4.52502757e-01 4.87493247e-01 5.15733957e-01
    5.40154099e-01 5.42530119e-01 5.46105683e-01 5.49905360e-01
    5.55524766e-01 5.55262327e-01 5.52062094e-01 5.42230189e-01
    5.41431785e-01 5.32382488e-01 5.27772129e-01 5.11551261e-01
    5.14968276e-01 5.09977221e-01 5.09841204e-01 5.06313384e-01
    5.03877819e-01 5.11803806e-01 5.04531980e-01 4.94372398e-01
    4.90627229e-01 4.88173872e-01 4.86300111e-01 4.95032877e-01
    4.94141549e-01 4.84805495e-01 4.92611498e-01 4.90415215e-01
    4.97469574e-01 4.90435570e-01 4.92682904e-01 4.89379078e-01
    4.83875483e-01 4.93358791e-01 4.95166600e-01 4.90872502e-01
    4.91567254e-01 4.95944589e-01 4.99747396e-01 5.03124297e-01
    5.01549840e-01 5.03218114e-01 5.14205396e-01 5.11561155e-01
    5.19474387e-01 5.25723457e-01 5.26618302e-01 5.22394061e-01
    5.33221364e-01 5.39382875e-01 5.41128576e-01 5.35364151e-01
    5.35937428e-01 5.39767802e-01 5.28629065e-01 5.31156003e-01
    5.29418349e-01 5.29038727e-01 5.27253211e-01 5.22006094e-01
    5.22440791e-01 5.10890126e-01 5.10853946e-01 5.15160263e-01
    5.15321314e-01 5.04949033e-01 4.97343928e-01 4.87245828e-01
    4.80120331e-01 4.77358907e-01 4.77043360e-01 4.79019701e-01
    4.72361207e-01 4.78938609e-01 4.75108534e-01 4.74166632e-01
    4.79066581e-01 4.82436508e-01 4.84693110e-01 4.85442221e-01
    4.75740910e-01 4.80113655e-01 4.84474927e-01 4.86962348e-01
    4.90766943e-01 4.97379929e-01 5.02469301e-01 5.03426433e-01
    5.09094656e-01 5.01644254e-01 4.93783832e-01 4.96043026e-01
    4.93870497e-01 4.88429487e-01 4.82941568e-01 4.74031121e-01
    4.70745295e-01 4.67697173e-01 4.71278906e-01 4.72270191e-01
    4.79624987e-01 4.79725599e-01 4.86896098e-01 4.86039370e-01
    4.87216800e-01 4.87678528e-01 4.98108894e-01 4.90151167e-01
    4.96043324e-01 4.99737889e-01 5.05348623e-01 5.03157318e-01
    5.09634018e-01 5.09544969e-01 5.17859757e-01 5.05510747e-01
    5.05214214e-01 4.97743666e-01 4.98692274e-01 5.04427850e-01
    5.01017332e-01 5.00297725e-01 5.03303230e-01 5.06761968e-01
    5.20020604e-01 5.15795469e-01 5.17548382e-01 5.08956850e-01
    5.18918157e-01 5.29431820e-01 5.29603243e-01 5.29904008e-01
    5.38456440e-01 5.30781269e-01 5.32657802e-01 5.32794416e-01
    5.19015968e-01 5.19182801e-01 5.09998262e-01 5.06778657e-01
    5.05189121e-01 5.01688421e-01 4.98872817e-01 5.05226254e-01
    5.13584316e-01 5.06278038e-01 4.99876201e-01 4.99410808e-01
    4.94078040e-01 4.89360929e-01 4.95782137e-01 4.95630115e-01
    4.93857026e-01 4.96887416e-01 4.94296312e-01 5.02784669e-01
    5.03619432e-01 4.95564848e-01 4.99750555e-01 5.07550836e-01
    4.92731005e-01 4.93974626e-01 4.92663532e-01 4.92466062e-01
    4.98083770e-01 5.05309105e-01 5.06953835e-01 5.03034830e-01
    5.03176510e-01 4.93148983e-01 4.95770484e-01 4.90607232e-01
    4.93006229e-01 4.86713976e-01 4.87721264e-01 4.75180984e-01
    4.71080542e-01 4.77879375e-01 4.76687789e-01 4.76930290e-01
    4.69291538e-01 4.60259646e-01 4.57274139e-01 4.68331873e-01
    4.76285964e-01 4.80368286e-01 4.91061330e-01 4.82062966e-01
    4.94650245e-01 4.86605465e-01 4.91298735e-01 4.91662145e-01
    5.07302463e-01 5.02153635e-01 5.05928814e-01 5.13517439e-01
    5.09517789e-01 5.13485014e-01 5.19771576e-01 5.28939426e-01
    5.28058290e-01 5.23923397e-01 5.20873189e-01 5.21864831e-01
    5.21132290e-01 5.23322165e-01 5.31208277e-01 5.39132476e-01
    5.39384723e-01 5.37013233e-01 5.37325621e-01 5.40292323e-01
    5.34295321e-01 5.33158779e-01 5.32430410e-01 5.25309026e-01
    5.08889616e-01 5.01999915e-01 5.03893673e-01 4.96831775e-01
    4.96155471e-01 5.01720488e-01 5.00286758e-01 4.94138002e-01
    4.86286432e-01 4.89331573e-01 4.88913119e-01 4.88876462e-01
    4.89849925e-01 4.81821865e-01 4.83569652e-01 4.85586524e-01
    4.93321478e-01 5.02700925e-01 4.99124467e-01 4.95777667e-01
    5.07948577e-01 5.00142694e-01 5.01926899e-01 4.93297726e-01
    4.67140853e-01 4.36378479e-01 4.07701761e-01 3.74819279e-01
    3.49140912e-01 3.11177462e-01 2.85000116e-01 2.61079848e-01
    2.88374424e-01 3.25559944e-01 3.60867769e-01 3.92631412e-01
    4.27351713e-01 4.55115885e-01 4.89505023e-01 5.17403543e-01
    5.43547153e-01 5.46706378e-01 5.51843345e-01 5.59875309e-01
    5.65143108e-01 5.64616859e-01 5.61941504e-01 5.52364230e-01
    5.48993170e-01 5.37304163e-01 5.29575944e-01 5.13270736e-01
    5.19420624e-01 5.15625834e-01 5.14070451e-01 5.10930538e-01
    5.10367155e-01 5.15720785e-01 5.06066978e-01 4.95670766e-01
    4.89649385e-01 4.85599309e-01 4.82568681e-01 4.89540249e-01
    4.89088893e-01 4.81162012e-01 4.88709062e-01 4.90226626e-01
    4.95905787e-01 4.87709910e-01 4.87193942e-01 4.83544379e-01
    4.77254927e-01 4.86006021e-01 4.86825228e-01 4.83778387e-01
    4.81687456e-01 4.85476583e-01 4.91764635e-01 4.98796552e-01
    4.98610616e-01 4.98301774e-01 5.12046635e-01 5.10660768e-01
    5.17015517e-01 5.25949538e-01 5.29837608e-01 5.26495636e-01
    5.41128516e-01 5.47859311e-01 5.45852065e-01 5.42688608e-01
    5.41890919e-01 5.49940705e-01 5.42611361e-01 5.41419268e-01
    5.39273202e-01 5.37463486e-01 5.34692943e-01 5.29871702e-01
    5.29525042e-01 5.18473387e-01 5.16174376e-01 5.17440915e-01
    5.18582642e-01 5.08067191e-01 5.01291037e-01 4.94883478e-01
    4.87631828e-01 4.85755265e-01 4.82884765e-01 4.85184848e-01
    4.79690909e-01 4.81151700e-01 4.75479066e-01 4.74764228e-01
    4.78766859e-01 4.83082592e-01 4.83154148e-01 4.85316008e-01
    4.74727958e-01 4.77496415e-01 4.82955277e-01 4.85362619e-01
    4.90611792e-01 4.96449709e-01 5.03459871e-01 5.02451837e-01
    5.05604565e-01 4.99890417e-01 4.94540125e-01 5.00397921e-01
    4.99854565e-01 4.92378175e-01 4.85845387e-01 4.78795499e-01
    4.76916134e-01 4.76906478e-01 4.78324145e-01 4.77038890e-01
    4.82903212e-01 4.79795784e-01 4.86312687e-01 4.85039979e-01
    4.88302350e-01 4.88784105e-01 4.97778356e-01 4.88961309e-01
    4.92470503e-01 4.94965523e-01 4.98828173e-01 4.98332083e-01
    5.02663374e-01 5.00300586e-01 5.07318139e-01 4.98024285e-01
    4.98814195e-01 4.92719471e-01 4.94426996e-01 5.00348210e-01
    4.95455742e-01 4.93295163e-01 4.94182527e-01 4.96744454e-01
    5.10273933e-01 5.08697093e-01 5.11565387e-01 5.06129920e-01
    5.13043642e-01 5.23553967e-01 5.23423374e-01 5.24368227e-01
    5.32183111e-01 5.24255395e-01 5.25547028e-01 5.26095569e-01
    5.13683200e-01 5.15358984e-01 5.05899668e-01 5.03754258e-01
    5.02368271e-01 4.97181982e-01 4.91266459e-01 4.98520076e-01
    5.05467415e-01 5.01657307e-01 4.98555452e-01 4.99928355e-01
    4.92877275e-01 4.87276495e-01 4.93358314e-01 4.94818598e-01
    4.91001129e-01 4.93548214e-01 4.90526021e-01 5.01087427e-01
    5.01915157e-01 4.93849605e-01 5.00175595e-01 5.07326782e-01
    4.93214905e-01 4.96542424e-01 4.91989374e-01 4.90739882e-01
    4.95920241e-01 5.02524197e-01 5.03646195e-01 5.00478685e-01
    4.99450535e-01 4.92879897e-01 4.97150958e-01 4.92074579e-01
    4.93621081e-01 4.86313075e-01 4.87992018e-01 4.76438195e-01
    4.73121583e-01 4.78214771e-01 4.73100990e-01 4.76987869e-01
    4.69164073e-01 4.60098445e-01 4.58282948e-01 4.73587066e-01
    4.79394138e-01 4.84003216e-01 4.94803309e-01 4.85195965e-01
    4.97326821e-01 4.89100337e-01 4.93078470e-01 4.94137943e-01
    5.08326471e-01 5.04030883e-01 5.06673872e-01 5.13905466e-01
    5.06556571e-01 5.10212898e-01 5.15380323e-01 5.20807326e-01
    5.17805576e-01 5.14550924e-01 5.13070822e-01 5.15296221e-01
    5.13710797e-01 5.15505254e-01 5.24435759e-01 5.34361422e-01
    5.34065247e-01 5.33889830e-01 5.35387874e-01 5.39462626e-01
    5.36918938e-01 5.39935052e-01 5.37116706e-01 5.33152401e-01
    5.19852281e-01 5.10195196e-01 5.13781369e-01 5.04368305e-01
    5.01520038e-01 5.08221626e-01 5.05471349e-01 4.99203950e-01
    4.89976704e-01 4.93995041e-01 4.88826513e-01 4.86585706e-01
    4.85274792e-01 4.76516455e-01 4.73393887e-01 4.77280766e-01
    4.81216490e-01 4.91151333e-01 4.91116464e-01 4.84002650e-01
    4.97203022e-01 4.87829685e-01 4.86263335e-01 4.79197085e-01
    4.52511013e-01 4.23905164e-01 3.93896013e-01 3.64148110e-01
    3.39390904e-01 3.04321527e-01 2.78417826e-01 2.56759942e-01
    2.91740805e-01 3.29985023e-01 3.63252461e-01 3.95811230e-01
    4.30682391e-01 4.56762940e-01 4.89579469e-01 5.17635942e-01
    5.42612791e-01 5.47167122e-01 5.46447635e-01 5.51631927e-01
    5.55097878e-01 5.54369688e-01 5.49486697e-01 5.41124701e-01
    5.38073480e-01 5.30422151e-01 5.23746192e-01 5.10998964e-01
    5.15104949e-01 5.12617230e-01 5.10077834e-01 5.09866416e-01
    5.07699192e-01 5.16299367e-01 5.04388690e-01 4.97359633e-01
    4.94015694e-01 4.91874486e-01 4.87833291e-01 4.93719399e-01
    4.94475722e-01 4.88514155e-01 4.94576633e-01 4.96049374e-01
    4.99083221e-01 4.92550611e-01 4.92573082e-01 4.91812289e-01
    4.86228973e-01 4.95396018e-01 4.91870612e-01 4.90159810e-01
    4.85893607e-01 4.88248318e-01 4.92098451e-01 4.97978330e-01
    4.96973753e-01 4.96155351e-01 5.07705390e-01 5.06140888e-01
    5.10424137e-01 5.20911276e-01 5.21692812e-01 5.16600966e-01
    5.30809999e-01 5.36418498e-01 5.34051299e-01 5.34147084e-01
    5.30529439e-01 5.38435042e-01 5.30928373e-01 5.32257617e-01
    5.29618502e-01 5.30921400e-01 5.29549837e-01 5.23627281e-01
    5.22550106e-01 5.10087371e-01 5.05891919e-01 5.07918239e-01
    5.07918119e-01 4.98707980e-01 4.88860041e-01 4.81629938e-01
    4.73297209e-01 4.76390809e-01 4.76905882e-01 4.81438756e-01
    4.75009382e-01 4.78817195e-01 4.71343547e-01 4.70654368e-01
    4.74779814e-01 4.81510878e-01 4.85731840e-01 4.89523977e-01
    4.78623211e-01 4.82930005e-01 4.87193614e-01 4.91405696e-01
    4.99189585e-01 5.05845189e-01 5.09572566e-01 5.06133437e-01
    5.05663037e-01 5.01321256e-01 4.98125881e-01 5.03563166e-01
    5.02892435e-01 4.97033954e-01 4.86265570e-01 4.79442000e-01
    4.77708429e-01 4.78947133e-01 4.80107218e-01 4.79234427e-01
    4.84530479e-01 4.80485648e-01 4.88006294e-01 4.88477737e-01
    4.92849201e-01 4.94654596e-01 5.03002584e-01 4.93863583e-01
    4.96221364e-01 4.96441245e-01 4.98400450e-01 5.01587391e-01
    5.02718925e-01 5.02744675e-01 5.09864628e-01 4.99010146e-01
    4.97289091e-01 4.93184090e-01 4.94732231e-01 4.96116281e-01
    4.88928199e-01 4.86544549e-01 4.88820255e-01 4.93190706e-01
    5.03000975e-01 5.01300693e-01 5.05234659e-01 5.02907872e-01
    5.08197248e-01 5.17126679e-01 5.15706658e-01 5.16726017e-01
    5.27192891e-01 5.23222923e-01 5.23766935e-01 5.26566982e-01
    5.16403496e-01 5.20793617e-01 5.12003183e-01 5.09173036e-01
    5.07305145e-01 5.04541934e-01 5.01442671e-01 5.06801963e-01
    5.12545586e-01 5.08027673e-01 5.05214393e-01 5.03727496e-01
    4.98819441e-01 4.90611583e-01 4.93318468e-01 4.95284557e-01
    4.90334213e-01 4.92367208e-01 4.86648023e-01 4.94093895e-01
    4.96163100e-01 4.89183277e-01 4.94882852e-01 4.99235541e-01
    4.86852765e-01 4.87633318e-01 4.80893373e-01 4.82488126e-01
    4.88831222e-01 4.92293894e-01 4.96316254e-01 4.95059401e-01
    4.92478102e-01 4.86382663e-01 4.92305934e-01 4.91640776e-01
    4.93703455e-01 4.85671043e-01 4.84578788e-01 4.72250819e-01
    4.70649898e-01 4.73375976e-01 4.70652133e-01 4.78113294e-01
    4.69896019e-01 4.63408232e-01 4.63673204e-01 4.77642834e-01
    4.82590139e-01 4.86222982e-01 4.96763676e-01 4.88156289e-01
    4.98723298e-01 4.91559446e-01 4.95622396e-01 4.95084196e-01
    5.10021746e-01 5.03497362e-01 5.09725869e-01 5.16964614e-01
    5.09949386e-01 5.10740101e-01 5.15477657e-01 5.22793770e-01
    5.18344879e-01 5.14706492e-01 5.15350521e-01 5.17505109e-01
    5.15345156e-01 5.12807548e-01 5.23797274e-01 5.34166932e-01
    5.33732295e-01 5.33381402e-01 5.39193511e-01 5.41461706e-01
    5.41520536e-01 5.43638408e-01 5.42584836e-01 5.37217796e-01
    5.22640586e-01 5.11672378e-01 5.17023265e-01 5.10055661e-01
    5.08808255e-01 5.12570739e-01 5.11039078e-01 5.02473116e-01
    4.91745025e-01 4.99613196e-01 4.96971250e-01 4.89082992e-01
    4.87592936e-01 4.76195157e-01 4.74088132e-01 4.77785617e-01
    4.80541080e-01 4.91544336e-01 4.95900095e-01 4.87775415e-01
    4.97023612e-01 4.85692561e-01 4.83945370e-01 4.80235487e-01
    4.54888970e-01 4.26455647e-01 3.94560695e-01 3.62663984e-01
    3.41057509e-01 3.06855261e-01 2.80757576e-01 2.57913917e-01
    2.88442045e-01 3.26094836e-01 3.59499067e-01 3.93599778e-01
    4.28448141e-01 4.55447286e-01 4.88412231e-01 5.17620087e-01
    5.43623507e-01 5.45918167e-01 5.41813135e-01 5.48084617e-01
    5.51833987e-01 5.52228391e-01 5.50338387e-01 5.45050263e-01
    5.41473985e-01 5.33608377e-01 5.27842700e-01 5.15575528e-01
    5.17068386e-01 5.12308836e-01 5.09321928e-01 5.07095575e-01
    5.01356661e-01 5.07546246e-01 4.96048689e-01 4.90373433e-01
    4.85009462e-01 4.81951863e-01 4.76936877e-01 4.84485626e-01
    4.83814567e-01 4.80964303e-01 4.88127679e-01 4.87470090e-01
    4.90159720e-01 4.86070067e-01 4.88572210e-01 4.88079429e-01
    4.84571218e-01 4.96963531e-01 4.95873094e-01 4.94989187e-01
    4.92258012e-01 4.97492194e-01 5.00534356e-01 5.04441738e-01
    5.02439320e-01 5.01757562e-01 5.10265768e-01 5.06838739e-01
    5.12752593e-01 5.23390532e-01 5.23924947e-01 5.18642128e-01
    5.33443213e-01 5.39475739e-01 5.35134852e-01 5.32417297e-01
    5.31741977e-01 5.38251638e-01 5.29042065e-01 5.31693697e-01
    5.29325664e-01 5.28796434e-01 5.27214348e-01 5.24880886e-01
    5.24527609e-01 5.11031568e-01 5.06558895e-01 5.07490695e-01
    5.06373882e-01 4.94037151e-01 4.82440859e-01 4.74244446e-01
    4.68823999e-01 4.71942008e-01 4.71333563e-01 4.78234679e-01
    4.69259828e-01 4.70922649e-01 4.61937279e-01 4.63422954e-01
    4.65252876e-01 4.68839079e-01 4.75351959e-01 4.76845026e-01
    4.65677768e-01 4.70733762e-01 4.75257874e-01 4.79859531e-01
    4.89097536e-01 4.92783815e-01 4.95658576e-01 4.94515538e-01
    4.91624832e-01 4.89578873e-01 4.88255948e-01 4.97271419e-01
    4.93976265e-01 4.88448679e-01 4.79227155e-01 4.70899880e-01
    4.68859196e-01 4.71251637e-01 4.71552879e-01 4.70869005e-01
    4.75718856e-01 4.75243330e-01 4.83100086e-01 4.83240545e-01
    4.88920093e-01 4.92141426e-01 4.98945475e-01 4.90685254e-01
    4.91555989e-01 4.95886445e-01 4.96365815e-01 5.01379430e-01
    5.04363477e-01 5.05401134e-01 5.09174109e-01 5.01406968e-01
    5.01882553e-01 5.00335693e-01 4.99793351e-01 5.01065075e-01
    4.93726701e-01 4.89249796e-01 4.90027845e-01 4.94550765e-01
    5.02932429e-01 5.02688468e-01 5.03704369e-01 5.01151025e-01
    5.05421519e-01 5.14170647e-01 5.15328586e-01 5.20789802e-01
    5.30989289e-01 5.26420772e-01 5.25630832e-01 5.27174830e-01
    5.19280612e-01 5.23784399e-01 5.16844451e-01 5.14223516e-01
    5.11034250e-01 5.09285390e-01 5.05341947e-01 5.09137392e-01
    5.16757429e-01 5.12153447e-01 5.09685159e-01 5.05912542e-01
    4.98407423e-01 4.91274148e-01 4.95347291e-01 4.94951546e-01
    4.89942133e-01 4.92080390e-01 4.86714751e-01 4.91667211e-01
    4.96127218e-01 4.94210005e-01 4.99580979e-01 5.01619697e-01
    4.91268009e-01 4.93171483e-01 4.87247437e-01 4.86002654e-01
    4.92911816e-01 4.96836007e-01 4.99025136e-01 4.95775759e-01
    4.92546439e-01 4.86475289e-01 4.89763886e-01 4.90119904e-01
    4.93778944e-01 4.83602047e-01 4.83574539e-01 4.72348332e-01
    4.71232563e-01 4.74001735e-01 4.71930206e-01 4.80179787e-01
    4.72893000e-01 4.66943145e-01 4.68559265e-01 4.80400056e-01
    4.84395534e-01 4.90206748e-01 4.98989403e-01 4.94376689e-01
    5.01856863e-01 4.94246781e-01 4.97681648e-01 4.95632499e-01
    5.08426726e-01 5.03421605e-01 5.08693933e-01 5.14120698e-01
    5.07804811e-01 5.09401441e-01 5.14312506e-01 5.19742668e-01
    5.13770521e-01 5.12035549e-01 5.11609793e-01 5.14535725e-01
    5.10224879e-01 5.10544598e-01 5.23334801e-01 5.36462784e-01
    5.36812186e-01 5.39151430e-01 5.42169333e-01 5.45379698e-01
    5.43520153e-01 5.44185281e-01 5.41448295e-01 5.38293719e-01
    5.22771180e-01 5.15771866e-01 5.21243393e-01 5.16017973e-01
    5.16898930e-01 5.19930482e-01 5.17128229e-01 5.04689097e-01
    4.93560225e-01 4.99707997e-01 4.95644212e-01 4.91415590e-01
    4.88951445e-01 4.77987826e-01 4.73006189e-01 4.76291865e-01
    4.77435708e-01 4.89741683e-01 4.91435468e-01 4.81629014e-01
    4.91284072e-01 4.78777826e-01 4.78598952e-01 4.74633157e-01
    4.50391680e-01 4.20751214e-01 3.88378650e-01 3.57222229e-01
    3.33820164e-01 2.99755216e-01 2.74887890e-01 2.55028039e-01
    2.88816035e-01 3.27535152e-01 3.60605061e-01 3.95502120e-01
    4.28597659e-01 4.57396179e-01 4.90360886e-01 5.20367146e-01
    5.49118936e-01 5.54021180e-01 5.51527858e-01 5.52790582e-01
    5.58295190e-01 5.59256434e-01 5.61191976e-01 5.59293389e-01
    5.53544998e-01 5.47539592e-01 5.38256228e-01 5.27888954e-01
    5.27719200e-01 5.24072587e-01 5.18225670e-01 5.16653776e-01
    5.11263907e-01 5.13821065e-01 5.03099263e-01 4.94984090e-01
    4.91629958e-01 4.85820293e-01 4.78267521e-01 4.83262539e-01
    4.80755895e-01 4.78096306e-01 4.84161884e-01 4.86537516e-01
    4.88601029e-01 4.85469282e-01 4.86947894e-01 4.89086330e-01
    4.85186547e-01 4.97439742e-01 4.97692138e-01 4.96565074e-01
    4.95430380e-01 5.01239121e-01 5.02775192e-01 5.08077800e-01
    5.06393194e-01 5.09119511e-01 5.17114401e-01 5.15748382e-01
    5.18511713e-01 5.25603414e-01 5.25162876e-01 5.20455003e-01
    5.33383071e-01 5.37591398e-01 5.29626071e-01 5.28859019e-01
    5.29462516e-01 5.33527374e-01 5.23257732e-01 5.25596321e-01
    5.19579768e-01 5.18371403e-01 5.13947666e-01 5.13273418e-01
    5.09553194e-01 5.00564754e-01 4.98207778e-01 4.97419119e-01
    4.97553647e-01 4.85801637e-01 4.77465898e-01 4.73193884e-01
    4.63780582e-01 4.66383278e-01 4.65972126e-01 4.72504973e-01
    4.64955091e-01 4.67643052e-01 4.61180568e-01 4.62101310e-01
    4.63768423e-01 4.68036413e-01 4.72634584e-01 4.74599123e-01
    4.66272414e-01 4.69939083e-01 4.72093374e-01 4.74341422e-01
    4.80161130e-01 4.85001743e-01 4.84475344e-01 4.81415540e-01
    4.77132827e-01 4.79268819e-01 4.78999645e-01 4.86458778e-01
    4.83526170e-01 4.78357315e-01 4.70280647e-01 4.63678300e-01
    4.60983217e-01 4.62596059e-01 4.65215355e-01 4.65327859e-01
    4.68577027e-01 4.67699409e-01 4.75283533e-01 4.75813478e-01
    4.83158350e-01 4.87895638e-01 4.89665300e-01 4.82941926e-01
    4.83171642e-01 4.88616675e-01 4.87232208e-01 4.90907490e-01
    4.91043389e-01 4.94960457e-01 4.99241918e-01 4.90106404e-01
    4.92407382e-01 4.91768539e-01 4.94776964e-01 4.95441228e-01
    4.89128113e-01 4.83820647e-01 4.85872328e-01 4.90101904e-01
    4.96452659e-01 4.97624159e-01 4.99921799e-01 4.98396218e-01
    5.01681328e-01 5.11704445e-01 5.11686802e-01 5.15522361e-01
    5.23975551e-01 5.15988648e-01 5.14475405e-01 5.14666498e-01
    5.08632421e-01 5.13822377e-01 5.05629063e-01 5.05890489e-01
    5.05427182e-01 5.05303621e-01 5.01497924e-01 5.02302527e-01
    5.09810686e-01 5.06438971e-01 5.04621267e-01 4.99820560e-01
    4.93920803e-01 4.87546772e-01 4.93540257e-01 4.96489435e-01
    4.91653383e-01 4.95160878e-01 4.91452008e-01 5.00280559e-01
    5.00176013e-01 4.98380452e-01 5.02915859e-01 5.03176987e-01
    4.92811322e-01 4.95233834e-01 4.88492161e-01 4.85371351e-01
    4.89774704e-01 4.95166481e-01 4.98606741e-01 4.95316714e-01
    4.91521835e-01 4.87502038e-01 4.89024192e-01 4.86203223e-01
    4.90245223e-01 4.80268896e-01 4.79591846e-01 4.70854223e-01
    4.74188179e-01 4.77555513e-01 4.72090185e-01 4.81540978e-01
    4.73957509e-01 4.72957224e-01 4.73157287e-01 4.82002407e-01
    4.90364015e-01 4.95097876e-01 4.99836445e-01 4.95291620e-01
    5.04525602e-01 4.97183293e-01 5.03797233e-01 5.00414729e-01
    5.10603011e-01 5.03746688e-01 5.07396996e-01 5.16189218e-01
    5.08184552e-01 5.12847424e-01 5.13289392e-01 5.17989933e-01
    5.13008773e-01 5.06754279e-01 5.07809460e-01 5.10071397e-01
    5.08364260e-01 5.05491674e-01 5.14554560e-01 5.24636149e-01
    5.26642263e-01 5.29483140e-01 5.28872788e-01 5.34092069e-01
    5.31014621e-01 5.33628345e-01 5.29504001e-01 5.29493451e-01
    5.15465498e-01 5.11979878e-01 5.19527674e-01 5.10673463e-01
    5.13526857e-01 5.16912341e-01 5.18412828e-01 5.10390341e-01
    4.97583359e-01 5.04518270e-01 5.00512183e-01 4.98279154e-01
    4.93402034e-01 4.83916879e-01 4.80596125e-01 4.82225031e-01
    4.80936617e-01 4.92319047e-01 4.90669101e-01 4.79506373e-01
    4.91479039e-01 4.81610179e-01 4.79365140e-01 4.73052084e-01
    4.46164668e-01 4.19132829e-01 3.85674000e-01 3.54509473e-01
    3.31202775e-01 2.99371392e-01 2.73903817e-01 2.51855522e-01
    2.87736028e-01 3.26812804e-01 3.58835369e-01 3.92958969e-01
    4.25969303e-01 4.54921514e-01 4.89587247e-01 5.17447889e-01
    5.47439516e-01 5.50044656e-01 5.45055032e-01 5.47240794e-01
    5.53788245e-01 5.57120264e-01 5.60569823e-01 5.58294892e-01
    5.50655842e-01 5.45594633e-01 5.33435345e-01 5.24733484e-01
    5.25858045e-01 5.22696853e-01 5.14990389e-01 5.12328804e-01
    5.07997215e-01 5.08380413e-01 5.00079095e-01 4.93782073e-01
    4.92717505e-01 4.83969361e-01 4.75896120e-01 4.78249997e-01
    4.76334721e-01 4.76621032e-01 4.78665799e-01 4.85011995e-01
    4.86930251e-01 4.83103245e-01 4.83240485e-01 4.85609293e-01
    4.83208865e-01 4.96801347e-01 4.98439014e-01 4.96677011e-01
    4.95817691e-01 4.98470634e-01 5.04367769e-01 5.07242143e-01
    5.05931854e-01 5.10751545e-01 5.17466605e-01 5.19135237e-01
    5.20795166e-01 5.29933512e-01 5.27287424e-01 5.25306404e-01
    5.40589511e-01 5.40405750e-01 5.32025278e-01 5.31344891e-01
    5.30407131e-01 5.34261763e-01 5.25322855e-01 5.24850130e-01
    5.20216286e-01 5.19825518e-01 5.12934327e-01 5.12509346e-01
    5.09723842e-01 5.00238717e-01 4.95743573e-01 4.94684845e-01
    4.93119180e-01 4.78903711e-01 4.74882245e-01 4.70305473e-01
    4.63315457e-01 4.68193233e-01 4.66418564e-01 4.73564774e-01
    4.65765625e-01 4.70028520e-01 4.64307338e-01 4.65654850e-01
    4.68705475e-01 4.71353292e-01 4.78373706e-01 4.77804840e-01
    4.72840190e-01 4.75891769e-01 4.78043109e-01 4.80573446e-01
    4.87197042e-01 4.89373058e-01 4.89810437e-01 4.88195628e-01
    4.85001862e-01 4.87679839e-01 4.86492038e-01 4.92343187e-01
    4.90089923e-01 4.81648982e-01 4.72672015e-01 4.65461880e-01
    4.65763360e-01 4.66203541e-01 4.68779057e-01 4.69247460e-01
    4.69366312e-01 4.68264073e-01 4.77385253e-01 4.73119467e-01
    4.78261530e-01 4.82659489e-01 4.85503912e-01 4.76132423e-01
    4.75059181e-01 4.78966862e-01 4.78199840e-01 4.80369627e-01
    4.79237199e-01 4.80748981e-01 4.83977199e-01 4.73477930e-01
    4.75793272e-01 4.78170991e-01 4.79835302e-01 4.79252517e-01
    4.77652848e-01 4.74119872e-01 4.76089150e-01 4.78156656e-01
    4.84848738e-01 4.90216464e-01 4.94015574e-01 4.93601024e-01
    4.98636544e-01 5.07799029e-01 5.08399069e-01 5.14253199e-01
    5.21212161e-01 5.14712691e-01 5.12308717e-01 5.12614489e-01
    5.04963577e-01 5.08066058e-01 5.02356768e-01 5.00902295e-01
    5.01015723e-01 5.01486599e-01 4.95655328e-01 4.94587332e-01
    5.02772570e-01 4.99458313e-01 4.98690784e-01 4.93827015e-01
    4.90127683e-01 4.88965154e-01 4.94044125e-01 4.94487286e-01
    4.91866946e-01 4.99385953e-01 4.97798920e-01 5.03309429e-01
    5.03924191e-01 5.03956437e-01 5.11911452e-01 5.13466597e-01
    5.07275522e-01 5.07025957e-01 5.00208020e-01 4.98263508e-01
    5.06568372e-01 5.09876311e-01 5.11794508e-01 5.08226752e-01
    5.04183114e-01 5.00036418e-01 4.99150366e-01 4.93304610e-01
    4.99235511e-01 4.89021927e-01 4.86321986e-01 4.75202501e-01
    4.77639586e-01 4.76341963e-01 4.70266074e-01 4.83486742e-01
    4.74403173e-01 4.71865892e-01 4.72054064e-01 4.78554547e-01
    4.86577749e-01 4.92069274e-01 4.98047590e-01 4.91360664e-01
    5.00035882e-01 4.92696553e-01 4.96630758e-01 4.96595711e-01
    5.06801367e-01 5.00029862e-01 5.02685845e-01 5.14291108e-01
    5.03623307e-01 5.09802401e-01 5.09729445e-01 5.12175441e-01
    5.09078085e-01 5.02958596e-01 5.04860520e-01 5.05856931e-01
    5.05110085e-01 5.04826367e-01 5.14779568e-01 5.28983176e-01
    5.29558241e-01 5.32092035e-01 5.32337666e-01 5.42462647e-01
    5.41515410e-01 5.43618262e-01 5.35466433e-01 5.31774282e-01
    5.21298766e-01 5.19492567e-01 5.25672615e-01 5.17641783e-01
    5.19443393e-01 5.23565531e-01 5.22311032e-01 5.12544811e-01
    5.01190007e-01 5.07445037e-01 5.04018128e-01 5.00321865e-01
    4.91897047e-01 4.79658902e-01 4.75858629e-01 4.79289055e-01
    4.80984330e-01 4.89590406e-01 4.84732717e-01 4.74672496e-01
    4.85935271e-01 4.77227002e-01 4.75234836e-01 4.70004320e-01
    4.42732573e-01 4.13357109e-01 3.79261374e-01 3.47783357e-01
    3.24685574e-01 2.94338882e-01 2.69758582e-01 2.48570487e-01
    2.90362775e-01 3.29685718e-01 3.62067848e-01 3.94373566e-01
    4.26415980e-01 4.53437656e-01 4.86636788e-01 5.15003383e-01
    5.46729624e-01 5.50396740e-01 5.44132411e-01 5.46628892e-01
    5.47395051e-01 5.49300194e-01 5.51202595e-01 5.48987925e-01
    5.42038977e-01 5.36176443e-01 5.23148179e-01 5.15329778e-01
    5.17515481e-01 5.13684630e-01 5.08125007e-01 5.04541159e-01
    4.99908477e-01 4.97992367e-01 4.92570698e-01 4.87445176e-01
    4.86003011e-01 4.79721367e-01 4.72215295e-01 4.75767434e-01
    4.72734213e-01 4.70516801e-01 4.72839832e-01 4.80149329e-01
    4.79781359e-01 4.74526465e-01 4.74894315e-01 4.78989929e-01
    4.80101168e-01 4.92696404e-01 4.96422946e-01 4.90403742e-01
    4.89326715e-01 4.92074400e-01 4.99791175e-01 5.01333714e-01
    5.00455439e-01 5.07648706e-01 5.13779998e-01 5.15605628e-01
    5.15375137e-01 5.24953187e-01 5.23469448e-01 5.22623599e-01
    5.36994815e-01 5.38124919e-01 5.31330228e-01 5.29289126e-01
    5.29171467e-01 5.32898366e-01 5.23617327e-01 5.22229671e-01
    5.19576907e-01 5.17011762e-01 5.07659912e-01 5.08207798e-01
    5.03790081e-01 4.96845484e-01 4.92590666e-01 4.93050247e-01
    4.93630022e-01 4.77584302e-01 4.68887746e-01 4.63018686e-01
    4.56901014e-01 4.63548094e-01 4.61611003e-01 4.67124701e-01
    4.59263235e-01 4.63923097e-01 4.59218264e-01 4.63327646e-01
    4.66613740e-01 4.72674191e-01 4.80081171e-01 4.78399158e-01
    4.73842233e-01 4.75437582e-01 4.79262590e-01 4.86416727e-01
    4.93155897e-01 4.93563324e-01 4.95854676e-01 4.95406151e-01
    4.93801683e-01 4.96971846e-01 4.95088637e-01 5.00426471e-01
    4.97892320e-01 4.90216255e-01 4.80987906e-01 4.72240329e-01
    4.73623514e-01 4.72836941e-01 4.72780496e-01 4.74457800e-01
    4.70046908e-01 4.67871428e-01 4.76348698e-01 4.66746718e-01
    4.69776422e-01 4.73268598e-01 4.76154536e-01 4.69071150e-01
    4.68947738e-01 4.72192615e-01 4.71045077e-01 4.73320425e-01
    4.72899348e-01 4.75558430e-01 4.79062319e-01 4.71290588e-01
    4.72112268e-01 4.74957407e-01 4.75155413e-01 4.77322221e-01
    4.79127198e-01 4.78017837e-01 4.81086880e-01 4.81618404e-01
    4.87045705e-01 4.92282927e-01 4.96104032e-01 4.95613009e-01
    4.98448998e-01 5.06734967e-01 5.05940378e-01 5.11336565e-01
    5.17062306e-01 5.09669304e-01 5.07897675e-01 5.12010932e-01
    5.04877031e-01 5.09247839e-01 5.02079844e-01 5.01814544e-01
    5.00625670e-01 4.99769747e-01 4.92840201e-01 4.92083013e-01
    4.99608964e-01 4.96990740e-01 4.96930838e-01 4.94686276e-01
    4.89461809e-01 4.89060372e-01 4.92129892e-01 4.90570664e-01
    4.86844420e-01 4.93392587e-01 4.89715636e-01 4.95566428e-01
    4.93606508e-01 4.96043593e-01 5.03914297e-01 5.07515490e-01
    5.01989067e-01 5.01031160e-01 4.92796034e-01 4.88061726e-01
    4.96087134e-01 5.01318753e-01 5.02004325e-01 5.01331389e-01
    4.99590456e-01 4.97193992e-01 4.94731486e-01 4.90941405e-01
    4.96305615e-01 4.86154556e-01 4.84730750e-01 4.75103259e-01
    4.78779912e-01 4.78739202e-01 4.73222613e-01 4.89217401e-01
    4.85069931e-01 4.78435993e-01 4.79282171e-01 4.84583706e-01
    4.92892385e-01 4.99504209e-01 5.02643645e-01 4.95880157e-01
    5.01981795e-01 4.96170938e-01 5.03970981e-01 5.01608193e-01
    5.12652397e-01 5.05050540e-01 5.05181968e-01 5.16587019e-01
    5.03688395e-01 5.06558895e-01 5.09425879e-01 5.10908902e-01
    5.09294033e-01 5.03737867e-01 5.05965710e-01 5.10165751e-01
    5.11871397e-01 5.10671556e-01 5.18738091e-01 5.29660285e-01
    5.30089617e-01 5.28793156e-01 5.29562712e-01 5.41755617e-01
    5.43052375e-01 5.46162844e-01 5.39685547e-01 5.33631980e-01
    5.23357451e-01 5.23632407e-01 5.29942989e-01 5.23228288e-01
    5.26383102e-01 5.26997328e-01 5.27151763e-01 5.16434908e-01
    5.05729020e-01 5.12583077e-01 5.13491392e-01 5.08884192e-01
    4.97866035e-01 4.84998435e-01 4.80512351e-01 4.82291996e-01
    4.83459055e-01 4.94416088e-01 4.90128040e-01 4.79883611e-01
    4.87885743e-01 4.74600703e-01 4.75448638e-01 4.73239094e-01
    4.47755396e-01 4.18713778e-01 3.84739697e-01 3.51604342e-01
    3.27534616e-01 2.98530072e-01 2.73077041e-01 2.51874417e-01
    2.88195699e-01 3.27138364e-01 3.60108346e-01 3.92783284e-01
    4.26873893e-01 4.54764724e-01 4.87712413e-01 5.17100930e-01
    5.49018025e-01 5.53433716e-01 5.47403812e-01 5.50004601e-01
    5.48030734e-01 5.48937798e-01 5.51862955e-01 5.49944341e-01
    5.44008970e-01 5.40968955e-01 5.28577983e-01 5.20213008e-01
    5.23243845e-01 5.17458439e-01 5.12661636e-01 5.09477913e-01
    5.05020142e-01 5.04097998e-01 4.97278750e-01 4.91498321e-01
    4.90817636e-01 4.83803570e-01 4.78835613e-01 4.79689181e-01
    4.76085663e-01 4.74530876e-01 4.73130912e-01 4.79449749e-01
    4.79763657e-01 4.70080882e-01 4.70831603e-01 4.74331051e-01
    4.76856321e-01 4.86151099e-01 4.87991303e-01 4.81300861e-01
    4.82684493e-01 4.85212117e-01 4.95272934e-01 4.98485655e-01
    4.95466590e-01 5.04491746e-01 5.08635163e-01 5.12566447e-01
    5.14498293e-01 5.24790287e-01 5.26152015e-01 5.26681662e-01
    5.39164066e-01 5.38382530e-01 5.31787157e-01 5.29894888e-01
    5.33620894e-01 5.37650406e-01 5.27776241e-01 5.23758709e-01
    5.18929422e-01 5.22462368e-01 5.11010468e-01 5.14309645e-01
    5.10416687e-01 5.05088806e-01 5.01690149e-01 5.01808822e-01
    5.00641465e-01 4.87343162e-01 4.79408175e-01 4.77683276e-01
    4.71776634e-01 4.76451874e-01 4.74530935e-01 4.78830695e-01
    4.73658234e-01 4.76590425e-01 4.69807923e-01 4.72446442e-01
    4.72680748e-01 4.81308848e-01 4.83402193e-01 4.80890721e-01
    4.77261275e-01 4.76747394e-01 4.76292372e-01 4.83339250e-01
    4.86119241e-01 4.85023230e-01 4.86901492e-01 4.86889213e-01
    4.85748678e-01 4.86117840e-01 4.86665308e-01 4.91465032e-01
    4.87826049e-01 4.82820660e-01 4.72167701e-01 4.66820031e-01
    4.67394501e-01 4.66476172e-01 4.69964534e-01 4.75475281e-01
    4.69998240e-01 4.68994737e-01 4.79781210e-01 4.68881071e-01
    4.71722573e-01 4.75288302e-01 4.82032090e-01 4.75496680e-01
    4.73543882e-01 4.80518162e-01 4.78749275e-01 4.81036037e-01
    4.82182354e-01 4.85847384e-01 4.89751041e-01 4.79097813e-01
    4.81643140e-01 4.83994216e-01 4.86288160e-01 4.85465020e-01
    4.87591147e-01 4.87461925e-01 4.89747077e-01 4.89319921e-01
    4.93272275e-01 4.99512792e-01 5.03287137e-01 5.04000783e-01
    5.04821002e-01 5.12516379e-01 5.08921623e-01 5.14728069e-01
    5.23155391e-01 5.10558605e-01 5.09579539e-01 5.12523055e-01
    5.07226884e-01 5.10778010e-01 5.02622128e-01 5.01776516e-01
    4.99199301e-01 4.99044031e-01 4.92719322e-01 4.91842598e-01
    4.95320231e-01 4.93159026e-01 4.90973324e-01 4.91024375e-01
    4.84670430e-01 4.81734097e-01 4.85818684e-01 4.87533689e-01
    4.83749628e-01 4.89789903e-01 4.87665713e-01 4.93025243e-01
    4.90407109e-01 4.92211193e-01 5.00518084e-01 5.03195465e-01
    4.97326136e-01 4.99833345e-01 4.94703203e-01 4.90688413e-01
    4.97799635e-01 5.03232598e-01 5.05164623e-01 5.07153451e-01
    5.01328647e-01 4.98279959e-01 4.96938556e-01 4.92507219e-01
    4.99450088e-01 4.90988582e-01 4.90629792e-01 4.81603384e-01
    4.85013604e-01 4.84986573e-01 4.77193356e-01 4.89197880e-01
    4.83732522e-01 4.78453934e-01 4.79855895e-01 4.84740853e-01
    4.89836752e-01 4.96883631e-01 4.97418612e-01 4.93368298e-01
    5.00286877e-01 4.92516696e-01 5.00951886e-01 4.98430371e-01
    5.06168723e-01 4.97989953e-01 4.97177094e-01 5.10796070e-01
    4.98031229e-01 5.03169358e-01 5.03861547e-01 5.04416943e-01
    5.00855863e-01 4.98860061e-01 5.02973139e-01 5.10971725e-01
    5.09050608e-01 5.07345319e-01 5.13578176e-01 5.22893548e-01
    5.21147490e-01 5.23677886e-01 5.26134193e-01 5.39763629e-01
    5.37427783e-01 5.41655838e-01 5.31470418e-01 5.24707973e-01
    5.13585091e-01 5.17828107e-01 5.22164404e-01 5.16462862e-01
    5.19957781e-01 5.23091078e-01 5.26610136e-01 5.16782761e-01
    5.07037580e-01 5.16584635e-01 5.14712512e-01 5.11903465e-01
    5.00628233e-01 4.88390625e-01 4.85137731e-01 4.91468012e-01
    4.94593680e-01 5.09643614e-01 5.06546974e-01 4.95124191e-01
    5.02547383e-01 4.88230556e-01 4.86090451e-01 4.80613083e-01
    4.56463546e-01 4.27562594e-01 3.93372238e-01 3.61124635e-01
    3.34849477e-01 3.05461407e-01 2.81600654e-01 2.59199321e-01
    2.82147795e-01 3.19290757e-01 3.52803677e-01 3.85466248e-01
    4.17028725e-01 4.43572223e-01 4.77331787e-01 5.07454693e-01
    5.36980510e-01 5.39522409e-01 5.33764780e-01 5.35581946e-01
    5.34276843e-01 5.37437201e-01 5.41169226e-01 5.37765324e-01
    5.32307982e-01 5.29175997e-01 5.17473400e-01 5.07182181e-01
    5.09989083e-01 5.07206082e-01 5.03704548e-01 5.01679540e-01
    4.98294890e-01 5.01693368e-01 4.97712165e-01 4.90616173e-01
    4.93013620e-01 4.87609714e-01 4.79953289e-01 4.78886187e-01
    4.74021822e-01 4.72998023e-01 4.73895252e-01 4.80985194e-01
    4.82416004e-01 4.72775877e-01 4.71752942e-01 4.78111327e-01
    4.76697892e-01 4.85588610e-01 4.82726336e-01 4.73732710e-01
    4.75955755e-01 4.78401750e-01 4.87736434e-01 4.90304738e-01
    4.88450766e-01 4.97550219e-01 5.02478838e-01 5.06230116e-01
    5.10976255e-01 5.18707454e-01 5.21772265e-01 5.23961961e-01
    5.35288095e-01 5.34131706e-01 5.26791632e-01 5.25469899e-01
    5.30267954e-01 5.35885453e-01 5.26824296e-01 5.23615003e-01
    5.19554675e-01 5.20590007e-01 5.09484351e-01 5.14043689e-01
    5.06916285e-01 4.97917503e-01 4.96169269e-01 4.94076878e-01
    4.92985845e-01 4.78216231e-01 4.73284364e-01 4.72107440e-01
    4.69595373e-01 4.76550192e-01 4.75597829e-01 4.78989691e-01
    4.71563458e-01 4.75344419e-01 4.69795853e-01 4.73357528e-01
    4.69100446e-01 4.77598578e-01 4.81245428e-01 4.79300946e-01
    4.75535274e-01 4.76950049e-01 4.75292087e-01 4.82525796e-01
    4.83429253e-01 4.82947558e-01 4.84368533e-01 4.81436163e-01
    4.78290349e-01 4.79163527e-01 4.80914921e-01 4.87625033e-01
    4.83990401e-01 4.82364148e-01 4.74812746e-01 4.68398154e-01
    4.70460683e-01 4.70385432e-01 4.70405072e-01 4.75297272e-01
    4.66251194e-01 4.67476398e-01 4.75385755e-01 4.64254439e-01
    4.69300091e-01 4.74544048e-01 4.80981201e-01 4.75526661e-01
    4.73218709e-01 4.78744090e-01 4.75952953e-01 4.76675510e-01
    4.78510886e-01 4.83386815e-01 4.89544600e-01 4.81508225e-01
    4.84814793e-01 4.87953484e-01 4.90251899e-01 4.90179181e-01
    4.94139999e-01 4.91076529e-01 4.94059891e-01 4.94451135e-01
    4.96934354e-01 5.00389636e-01 5.04574776e-01 5.06842971e-01
    5.08080363e-01 5.15109599e-01 5.09050071e-01 5.11604726e-01
    5.19656479e-01 5.07842779e-01 5.08068085e-01 5.09233057e-01
    5.07040262e-01 5.06394386e-01 5.02607703e-01 5.01325786e-01
    4.98258710e-01 4.98369068e-01 4.93859589e-01 4.94119138e-01
    4.96975571e-01 4.96150494e-01 4.94629323e-01 4.96066988e-01
    4.91004795e-01 4.89263773e-01 4.94694173e-01 4.98036712e-01
    4.94045138e-01 4.95132148e-01 4.93607581e-01 4.95865136e-01
    4.91610587e-01 4.96759653e-01 5.07866502e-01 5.07340670e-01
    5.03179967e-01 5.05671442e-01 4.97730166e-01 4.93436098e-01
    4.98828858e-01 5.05911946e-01 5.03666401e-01 5.02370358e-01
    4.96860027e-01 4.95320946e-01 4.96262014e-01 4.92529631e-01
    4.99422938e-01 4.93764669e-01 4.90743279e-01 4.78639007e-01
    4.85377282e-01 4.84758437e-01 4.77081150e-01 4.92420435e-01
    4.87981975e-01 4.82178390e-01 4.81108427e-01 4.88531470e-01
    4.96416420e-01 5.03035307e-01 5.03864706e-01 5.00692248e-01
    5.10428369e-01 5.04722178e-01 5.14413655e-01 5.14565051e-01
    5.20313323e-01 5.09970248e-01 5.08870959e-01 5.22053480e-01
    5.10759711e-01 5.13382018e-01 5.12822211e-01 5.14020443e-01
    5.09579122e-01 5.09734929e-01 5.10742724e-01 5.17135322e-01
    5.14366031e-01 5.08399725e-01 5.13379753e-01 5.18720806e-01
    5.14963508e-01 5.18558681e-01 5.20330071e-01 5.31351388e-01
    5.29127598e-01 5.31311095e-01 5.22395015e-01 5.17282546e-01
    5.08076429e-01 5.11827171e-01 5.13427019e-01 5.10520458e-01
    5.14434040e-01 5.18274128e-01 5.22654831e-01 5.13136148e-01
    5.02902985e-01 5.11702299e-01 5.08453965e-01 5.09724379e-01
    5.00115812e-01 4.88825619e-01 4.85285372e-01 4.93334621e-01
    4.97134745e-01 5.07901788e-01 5.06189704e-01 4.93541598e-01
    5.00977337e-01 4.85872865e-01 4.83484745e-01 4.79437262e-01
    4.54403609e-01 4.27720547e-01 3.94207209e-01 3.63926202e-01
    3.35675865e-01 3.06042671e-01 2.81309724e-01 2.58244842e-01
    2.77530551e-01 3.15512598e-01 3.49226534e-01 3.79525304e-01
    4.10689503e-01 4.35829759e-01 4.67125922e-01 4.97492284e-01
    5.29742897e-01 5.31237185e-01 5.24050176e-01 5.25754988e-01
    5.23168504e-01 5.24837852e-01 5.26085317e-01 5.23065507e-01
    5.20473838e-01 5.20310581e-01 5.09138525e-01 5.01944065e-01
    5.06739140e-01 5.03671765e-01 5.01873314e-01 5.01565695e-01
    4.99261737e-01 4.98362154e-01 4.93702531e-01 4.85934407e-01
    4.88969564e-01 4.83235568e-01 4.77555603e-01 4.77782726e-01
    4.73245740e-01 4.72529739e-01 4.71541286e-01 4.76253808e-01
    4.73767281e-01 4.63983655e-01 4.63799566e-01 4.71570671e-01
    4.70395207e-01 4.77020591e-01 4.72350270e-01 4.66083080e-01
    4.68659222e-01 4.73489642e-01 4.82461900e-01 4.85340089e-01
    4.83998150e-01 4.95224476e-01 4.97928113e-01 5.03922880e-01
    5.07523596e-01 5.15886128e-01 5.17660439e-01 5.19931674e-01
    5.28642893e-01 5.26226819e-01 5.19110322e-01 5.22690654e-01
    5.27638733e-01 5.32973230e-01 5.22946894e-01 5.18201172e-01
    5.10151446e-01 5.10196626e-01 4.98695463e-01 5.03797531e-01
    4.93543744e-01 4.84604508e-01 4.81738776e-01 4.82904911e-01
    4.84285325e-01 4.70558494e-01 4.66372848e-01 4.68121678e-01
    4.62981910e-01 4.66443330e-01 4.65186536e-01 4.69385445e-01
    4.64875221e-01 4.72279519e-01 4.67153549e-01 4.68873739e-01
    4.64233726e-01 4.72252935e-01 4.78047580e-01 4.78723973e-01
    4.72369671e-01 4.69480813e-01 4.64807987e-01 4.74271894e-01
    4.74690765e-01 4.73749995e-01 4.75653231e-01 4.75856990e-01
    4.69890654e-01 4.70034808e-01 4.69021827e-01 4.73783940e-01
    4.70474720e-01 4.69134122e-01 4.63933945e-01 4.58579451e-01
    4.58288193e-01 4.61155951e-01 4.62388605e-01 4.69629794e-01
    4.58303064e-01 4.57005411e-01 4.68759209e-01 4.60849643e-01
    4.61579591e-01 4.66204524e-01 4.73778695e-01 4.69237894e-01
    4.68706042e-01 4.74949539e-01 4.74180460e-01 4.71792370e-01
    4.72265035e-01 4.77627158e-01 4.80399102e-01 4.72715288e-01
    4.78630483e-01 4.82909977e-01 4.84666318e-01 4.82430637e-01
    4.85510707e-01 4.84584868e-01 4.88509774e-01 4.88502651e-01
    4.91131723e-01 4.93635684e-01 4.98748571e-01 5.00413239e-01
    5.05447388e-01 5.13954341e-01 5.09026289e-01 5.12747526e-01
    5.19770801e-01 5.04249990e-01 5.01580477e-01 5.01616657e-01
    5.00119746e-01 4.97943997e-01 4.96358901e-01 4.97610778e-01
    4.93900001e-01 4.93152082e-01 4.90863055e-01 4.87779975e-01
    4.88008469e-01 4.86574143e-01 4.83135700e-01 4.82057452e-01
    4.77012992e-01 4.78476316e-01 4.87318605e-01 4.93388176e-01
    4.93866831e-01 4.94643211e-01 4.93793815e-01 4.94337201e-01
    4.87922996e-01 4.93582547e-01 5.04254878e-01 5.01975417e-01
    4.98865247e-01 5.03753066e-01 4.95198756e-01 4.90623027e-01
    4.96069372e-01 5.03134787e-01 4.96143162e-01 4.91595834e-01
    4.87586766e-01 4.86797124e-01 4.86628383e-01 4.85498786e-01
    4.93894607e-01 4.90801096e-01 4.87110972e-01 4.77524400e-01
    4.82912362e-01 4.85025078e-01 4.77525443e-01 4.92442191e-01
    4.90350813e-01 4.85541642e-01 4.83475178e-01 4.90874112e-01
    5.01852632e-01 5.07315338e-01 5.04447818e-01 5.00124812e-01
    5.09589732e-01 5.04072964e-01 5.12378991e-01 5.12216628e-01
    5.13939798e-01 5.04905283e-01 5.03080666e-01 5.16725063e-01
    5.08516312e-01 5.10985374e-01 5.12193799e-01 5.14629364e-01
    5.13810575e-01 5.14240980e-01 5.15993118e-01 5.25792062e-01
    5.24837673e-01 5.18622160e-01 5.24874687e-01 5.30058265e-01
    5.27326822e-01 5.30010104e-01 5.34945011e-01 5.45579255e-01
    5.41557312e-01 5.40071011e-01 5.32075763e-01 5.28019190e-01
    5.20744622e-01 5.24254084e-01 5.23452044e-01 5.18296719e-01
    5.21597683e-01 5.27820289e-01 5.29384613e-01 5.17311633e-01
    5.05440354e-01 5.13292551e-01 5.13932347e-01 5.12216330e-01
    5.02447784e-01 4.93438989e-01 4.93980497e-01 4.98482466e-01
    4.99508172e-01 5.09712875e-01 5.06531060e-01 4.96061385e-01
    5.03825188e-01 4.89131242e-01 4.86224443e-01 4.83301580e-01
    4.58188951e-01 4.33444947e-01 4.00943935e-01 3.69908303e-01
    3.42838407e-01 3.13148916e-01 2.87415206e-01 2.61468828e-01
    2.76834577e-01 3.15258116e-01 3.49619418e-01 3.77983809e-01
    4.08908188e-01 4.33814287e-01 4.62306976e-01 4.93775308e-01
    5.27383327e-01 5.28030694e-01 5.18366694e-01 5.20658731e-01
    5.18971860e-01 5.22114515e-01 5.24442971e-01 5.20864427e-01
    5.18472135e-01 5.15716374e-01 5.04186034e-01 4.94261622e-01
    5.01501799e-01 4.98593062e-01 4.97858942e-01 5.02480030e-01
    5.00638366e-01 4.97039765e-01 4.91878390e-01 4.84110773e-01
    4.86765385e-01 4.77328837e-01 4.71948206e-01 4.71040994e-01
    4.66229260e-01 4.66510922e-01 4.64486271e-01 4.68609840e-01
    4.67667162e-01 4.55750316e-01 4.54624861e-01 4.59294409e-01
    4.58908319e-01 4.62689161e-01 4.59768862e-01 4.55175787e-01
    4.60319549e-01 4.65581447e-01 4.76859510e-01 4.80406523e-01
    4.81043905e-01 4.90247875e-01 4.91699457e-01 5.01056492e-01
    5.02388954e-01 5.11546731e-01 5.15934229e-01 5.20173967e-01
    5.28153658e-01 5.23256361e-01 5.16152799e-01 5.20177424e-01
    5.26246369e-01 5.30155241e-01 5.22128701e-01 5.17378330e-01
    5.10162711e-01 5.13512731e-01 5.02898872e-01 5.08887231e-01
    4.96467382e-01 4.88295496e-01 4.84738380e-01 4.84514922e-01
    4.85008478e-01 4.75330383e-01 4.69366848e-01 4.73463148e-01
    4.68563646e-01 4.69487190e-01 4.66647178e-01 4.70463395e-01
    4.67266440e-01 4.71611828e-01 4.63150114e-01 4.67727423e-01
    4.62193757e-01 4.72797632e-01 4.82102543e-01 4.81245130e-01
    4.75731850e-01 4.73296493e-01 4.69777912e-01 4.81883436e-01
    4.81648356e-01 4.77598488e-01 4.81097072e-01 4.84124422e-01
    4.75267470e-01 4.75223333e-01 4.75913316e-01 4.82963830e-01
    4.79070336e-01 4.79676962e-01 4.71652895e-01 4.66967255e-01
    4.68525767e-01 4.70741898e-01 4.69009429e-01 4.76686329e-01
    4.62044239e-01 4.60777223e-01 4.72548217e-01 4.62679029e-01
    4.61636901e-01 4.68476921e-01 4.74265933e-01 4.68961895e-01
    4.64786738e-01 4.69599843e-01 4.66840923e-01 4.63121712e-01
    4.62063789e-01 4.68655735e-01 4.71697032e-01 4.66566712e-01
    4.70730573e-01 4.78180915e-01 4.81756061e-01 4.82349724e-01
    4.86192524e-01 4.85960037e-01 4.89189535e-01 4.89874810e-01
    4.95191008e-01 4.98843282e-01 5.03889024e-01 5.06293952e-01
    5.11833191e-01 5.18879950e-01 5.13288021e-01 5.14261365e-01
    5.20423174e-01 5.04573047e-01 5.00257432e-01 4.97177362e-01
    4.96971458e-01 4.95527238e-01 4.93686706e-01 4.96429652e-01
    4.94364500e-01 4.89603788e-01 4.89753485e-01 4.86172050e-01
    4.86405760e-01 4.85249281e-01 4.81566101e-01 4.83118802e-01
    4.78352010e-01 4.79873121e-01 4.88236040e-01 4.96755421e-01
    5.01281977e-01 4.98461753e-01 4.96546775e-01 4.96776313e-01
    4.92201924e-01 4.96361226e-01 5.08552849e-01 5.05921721e-01
    5.05224049e-01 5.10453224e-01 5.03721714e-01 5.01209021e-01
    5.01963437e-01 5.11280060e-01 5.02084851e-01 4.99648511e-01
    4.93269771e-01 4.87196267e-01 4.86065149e-01 4.85348582e-01
    4.95565325e-01 4.91370648e-01 4.87995178e-01 4.75464195e-01
    4.81592685e-01 4.81812119e-01 4.76139158e-01 4.90190744e-01
    4.86058086e-01 4.84138548e-01 4.80829746e-01 4.88653809e-01
    4.95245606e-01 5.01277506e-01 5.00902951e-01 4.99988168e-01
    5.10044098e-01 5.03697932e-01 5.10403812e-01 5.07377803e-01
    5.11992574e-01 5.02882481e-01 5.02870560e-01 5.14104724e-01
    5.07133126e-01 5.10619521e-01 5.10818422e-01 5.14811575e-01
    5.15147090e-01 5.15935421e-01 5.18943906e-01 5.27403712e-01
    5.26782513e-01 5.19200861e-01 5.24811566e-01 5.29780090e-01
    5.28841913e-01 5.31839252e-01 5.36344767e-01 5.48198521e-01
    5.45051873e-01 5.43032765e-01 5.33648074e-01 5.32348812e-01
    5.24797320e-01 5.30385554e-01 5.30790150e-01 5.23683131e-01
    5.28093696e-01 5.30495167e-01 5.31904817e-01 5.19952357e-01
    5.07093847e-01 5.18259168e-01 5.19597173e-01 5.15793741e-01
    5.04675746e-01 4.95856732e-01 4.95914131e-01 5.02192914e-01
    5.00071704e-01 5.09583771e-01 5.07107794e-01 4.99216348e-01
    5.07470727e-01 4.92829651e-01 4.93265748e-01 4.90346313e-01
    4.65071231e-01 4.41593230e-01 4.06185567e-01 3.73860747e-01
    3.47419500e-01 3.16886395e-01 2.90522367e-01 2.64251947e-01
    2.74746001e-01 3.11936647e-01 3.47262979e-01 3.76011252e-01
    4.06467021e-01 4.29260969e-01 4.56518412e-01 4.87374216e-01
    5.23377120e-01 5.28190851e-01 5.18091559e-01 5.22236645e-01
    5.24419367e-01 5.30122817e-01 5.33234656e-01 5.30329883e-01
    5.28126478e-01 5.26155293e-01 5.14053106e-01 5.03388345e-01
    5.08948147e-01 5.04598796e-01 5.04235089e-01 5.11326313e-01
    5.11861980e-01 5.06082594e-01 5.00116885e-01 4.90279108e-01
    4.89352375e-01 4.78827566e-01 4.72721428e-01 4.69597191e-01
    4.65906978e-01 4.64942634e-01 4.61564809e-01 4.64822650e-01
    4.62136745e-01 4.49828416e-01 4.50584441e-01 4.56304252e-01
    4.53113467e-01 4.54461485e-01 4.52536970e-01 4.46655035e-01
    4.53467816e-01 4.58044171e-01 4.67012763e-01 4.72846776e-01
    4.71876383e-01 4.79835540e-01 4.82956052e-01 4.93256450e-01
    4.97976661e-01 5.08056104e-01 5.16077399e-01 5.18959880e-01
    5.25448799e-01 5.19137442e-01 5.10164976e-01 5.14364958e-01
    5.21676719e-01 5.26430249e-01 5.20738482e-01 5.19982040e-01
    5.09774745e-01 5.13748825e-01 5.03633678e-01 5.06450534e-01
    4.96275127e-01 4.87674922e-01 4.85601991e-01 4.82409477e-01
    4.86549675e-01 4.79961753e-01 4.79109973e-01 4.84909475e-01
    4.81176108e-01 4.81471002e-01 4.77533400e-01 4.81163114e-01
    4.77103621e-01 4.84365404e-01 4.78436768e-01 4.79654580e-01
    4.76933002e-01 4.86170739e-01 4.93900806e-01 4.92247075e-01
    4.87881243e-01 4.82739538e-01 4.78466660e-01 4.88525003e-01
    4.89083886e-01 4.82734740e-01 4.85477000e-01 4.89355326e-01
    4.80139375e-01 4.77457345e-01 4.77589577e-01 4.80673939e-01
    4.81107980e-01 4.79326218e-01 4.70531791e-01 4.69508767e-01
    4.70949829e-01 4.73897398e-01 4.73828584e-01 4.80294436e-01
    4.66091156e-01 4.63816285e-01 4.76489931e-01 4.67214316e-01
    4.63684112e-01 4.71165925e-01 4.79375958e-01 4.73721832e-01
    4.69414264e-01 4.72847164e-01 4.72041011e-01 4.66747433e-01
    4.64245588e-01 4.68613029e-01 4.69472706e-01 4.62305158e-01
    4.68654752e-01 4.74427462e-01 4.79304105e-01 4.78290498e-01
    4.83247042e-01 4.85476285e-01 4.90579903e-01 4.87562060e-01
    4.89178210e-01 4.94353682e-01 4.96349335e-01 4.98182982e-01
    5.02468109e-01 5.08284092e-01 5.05572498e-01 5.05061269e-01
    5.14384627e-01 4.98116434e-01 4.97134387e-01 4.90988433e-01
    4.88398194e-01 4.86099601e-01 4.83315557e-01 4.82840568e-01
    4.81822491e-01 4.78750795e-01 4.80018795e-01 4.77516562e-01
    4.76189554e-01 4.76879358e-01 4.74305987e-01 4.74404752e-01
    4.72584665e-01 4.72935200e-01 4.82540995e-01 4.89332944e-01
    4.95034695e-01 4.95396376e-01 4.94570673e-01 4.96133864e-01
    4.93672639e-01 5.00256836e-01 5.13471603e-01 5.11383414e-01
    5.11734962e-01 5.15487015e-01 5.09311497e-01 5.08570433e-01
    5.10556340e-01 5.19805551e-01 5.08589089e-01 5.02830088e-01
    4.94584709e-01 4.90555555e-01 4.87191916e-01 4.84133154e-01
    4.94517356e-01 4.87896234e-01 4.83747661e-01 4.70934957e-01
    4.72294450e-01 4.74103659e-01 4.72348392e-01 4.86496091e-01
    4.81111139e-01 4.78027403e-01 4.75858927e-01 4.84130889e-01
    4.92058545e-01 4.98032779e-01 4.96674955e-01 4.95468557e-01
    5.05937696e-01 4.98812228e-01 5.05010664e-01 5.02931654e-01
    5.07197738e-01 5.03672361e-01 4.99925435e-01 5.08162618e-01
    5.02474785e-01 5.04081130e-01 5.03429174e-01 5.06760478e-01
    5.10189354e-01 5.10662198e-01 5.13262689e-01 5.20872712e-01
    5.23856521e-01 5.15269995e-01 5.19034564e-01 5.25394320e-01
    5.23579597e-01 5.23999512e-01 5.25624752e-01 5.39902329e-01
    5.38919151e-01 5.35248339e-01 5.26878178e-01 5.25350809e-01
    5.18425286e-01 5.23315132e-01 5.22502124e-01 5.18367469e-01
    5.24347305e-01 5.25610805e-01 5.29923677e-01 5.20190597e-01
    5.09401441e-01 5.20567775e-01 5.26789010e-01 5.24524033e-01
    5.15191078e-01 5.09110808e-01 5.10821939e-01 5.17102361e-01
    5.17799079e-01 5.26156306e-01 5.20867169e-01 5.17470956e-01
    5.26649892e-01 5.12916982e-01 5.12175202e-01 5.08767724e-01
    4.82807308e-01 4.57598716e-01 4.21730697e-01 3.86769950e-01
    3.59207898e-01 3.27087283e-01 2.97914535e-01 2.70573139e-01
    2.71250367e-01 3.08696181e-01 3.46704960e-01 3.74392480e-01
    4.07216191e-01 4.30108398e-01 4.54262435e-01 4.85525817e-01
    5.18596053e-01 5.23538709e-01 5.13133466e-01 5.16963422e-01
    5.20489335e-01 5.24967730e-01 5.26927352e-01 5.24125993e-01
    5.23422480e-01 5.20724893e-01 5.08516371e-01 4.96389776e-01
    5.04799485e-01 4.99427199e-01 5.00352740e-01 5.09456933e-01
    5.09305239e-01 5.09203374e-01 5.04557312e-01 4.95781392e-01
    4.96674210e-01 4.88947183e-01 4.83005881e-01 4.81609881e-01
    4.78152871e-01 4.80084807e-01 4.78582799e-01 4.80049670e-01
    4.78257477e-01 4.62577552e-01 4.62802887e-01 4.65664268e-01
    4.64288473e-01 4.65111494e-01 4.62841779e-01 4.57887471e-01
    4.62957054e-01 4.65255529e-01 4.71359700e-01 4.76369172e-01
    4.74200547e-01 4.78347600e-01 4.78317350e-01 4.88326728e-01
    4.93056506e-01 5.01735449e-01 5.11080921e-01 5.15034437e-01
    5.22964656e-01 5.12868404e-01 5.06320059e-01 5.10514021e-01
    5.18760204e-01 5.24949491e-01 5.21199882e-01 5.21841586e-01
    5.12376964e-01 5.16480803e-01 5.09287357e-01 5.12305737e-01
    4.99823421e-01 4.94890988e-01 4.94613677e-01 4.91873145e-01
    4.95889634e-01 4.87366438e-01 4.91114110e-01 4.94534492e-01
    4.88584131e-01 4.84965175e-01 4.79130566e-01 4.80754644e-01
    4.79027361e-01 4.85112429e-01 4.78462726e-01 4.77674186e-01
    4.75645453e-01 4.85571653e-01 4.88894314e-01 4.82503951e-01
    4.79350209e-01 4.71866757e-01 4.70227629e-01 4.75566536e-01
    4.78069931e-01 4.71527517e-01 4.76587117e-01 4.81338561e-01
    4.74504918e-01 4.66617465e-01 4.68617976e-01 4.72435057e-01
    4.75242794e-01 4.71396536e-01 4.63954836e-01 4.66912150e-01
    4.72376913e-01 4.75717306e-01 4.77373600e-01 4.82159346e-01
    4.71812099e-01 4.69186306e-01 4.83200163e-01 4.71938103e-01
    4.68041301e-01 4.76578414e-01 4.87514377e-01 4.79750276e-01
    4.75273520e-01 4.78610635e-01 4.78482366e-01 4.73767877e-01
    4.66751009e-01 4.70499516e-01 4.70927566e-01 4.64288533e-01
    4.69452113e-01 4.75515991e-01 4.80144501e-01 4.75425363e-01
    4.81492907e-01 4.86230254e-01 4.89189655e-01 4.84682471e-01
    4.88692313e-01 4.94699866e-01 4.94538337e-01 4.98755664e-01
    5.01588106e-01 5.12354732e-01 5.08627415e-01 5.07679820e-01
    5.16672492e-01 5.03055513e-01 5.03742516e-01 4.97876376e-01
    4.98085558e-01 4.94772971e-01 4.91845042e-01 4.92890567e-01
    4.92486596e-01 4.89163309e-01 4.90094692e-01 4.88201141e-01
    4.86979187e-01 4.88027185e-01 4.83222216e-01 4.83928949e-01
    4.82720226e-01 4.79775459e-01 4.87497121e-01 4.90802377e-01
    4.93889302e-01 4.91419345e-01 4.94767219e-01 4.95784104e-01
    4.92329776e-01 5.01969635e-01 5.12714982e-01 5.12286544e-01
    5.12760758e-01 5.16256750e-01 5.11488318e-01 5.11216462e-01
    5.13068914e-01 5.19820809e-01 5.12106597e-01 5.06271183e-01
    5.00977337e-01 4.98141378e-01 4.97698694e-01 4.93898034e-01
    5.03653944e-01 4.98044610e-01 4.91862208e-01 4.83093143e-01
    4.84096795e-01 4.86675262e-01 4.81750786e-01 4.95412469e-01
    4.91295338e-01 4.87715900e-01 4.88127947e-01 4.95006531e-01
    5.04444957e-01 5.07805407e-01 5.05695105e-01 5.03461540e-01
    5.11602759e-01 5.04281759e-01 5.08964479e-01 5.09240508e-01
    5.10094643e-01 5.05147576e-01 5.00987053e-01 5.09938359e-01
    5.04898310e-01 5.03769517e-01 5.04793048e-01 5.07300377e-01
    5.10754943e-01 5.11857450e-01 5.17236829e-01 5.25893271e-01
    5.28477788e-01 5.19379437e-01 5.22083044e-01 5.28647125e-01
    5.23709238e-01 5.25290906e-01 5.25304198e-01 5.37206411e-01
    5.35131514e-01 5.31807899e-01 5.25752783e-01 5.24430454e-01
    5.13771474e-01 5.20074308e-01 5.15850008e-01 5.10238588e-01
    5.15877187e-01 5.17050326e-01 5.23450613e-01 5.11836648e-01
    5.03289163e-01 5.14647543e-01 5.19484699e-01 5.16339660e-01
    5.11978030e-01 5.08114040e-01 5.10060310e-01 5.13094664e-01
    5.10610342e-01 5.19416392e-01 5.12984097e-01 5.12516439e-01
    5.20164371e-01 5.09051681e-01 5.06914973e-01 5.02193272e-01
    4.78758395e-01 4.51657921e-01 4.15765584e-01 3.82132828e-01
    3.56909245e-01 3.22425574e-01 2.93739051e-01 2.64170706e-01
    2.74829239e-01 3.10708642e-01 3.46319079e-01 3.74139249e-01
    4.05892342e-01 4.31487739e-01 4.53996718e-01 4.83312845e-01
    5.17049551e-01 5.20917714e-01 5.07564962e-01 5.09790957e-01
    5.10816932e-01 5.17128766e-01 5.17654836e-01 5.15141249e-01
    5.14349163e-01 5.12194574e-01 5.01128972e-01 4.93673056e-01
    5.02982020e-01 5.00606239e-01 5.00729203e-01 5.12570798e-01
    5.14271498e-01 5.15971541e-01 5.13525724e-01 5.09740829e-01
    5.08774877e-01 5.01476049e-01 4.94653851e-01 4.94015068e-01
    4.90487576e-01 4.91865218e-01 4.90610927e-01 4.92816657e-01
    4.90574270e-01 4.74546820e-01 4.72363949e-01 4.73845482e-01
    4.71657932e-01 4.72537249e-01 4.66338545e-01 4.58924323e-01
    4.61405128e-01 4.66231704e-01 4.73597795e-01 4.76594776e-01
    4.75851595e-01 4.81642872e-01 4.81895179e-01 4.91098583e-01
    4.97053027e-01 5.03348291e-01 5.11956573e-01 5.14560044e-01
    5.21525621e-01 5.12834191e-01 5.06937325e-01 5.10397375e-01
    5.22617400e-01 5.30327082e-01 5.23766637e-01 5.21423995e-01
    5.14030874e-01 5.18329084e-01 5.08264422e-01 5.10455072e-01
    4.96360481e-01 4.92366940e-01 4.92683381e-01 4.90465611e-01
    4.94343102e-01 4.85512972e-01 4.88497913e-01 4.90122855e-01
    4.88586932e-01 4.83355790e-01 4.74142879e-01 4.76342589e-01
    4.76426333e-01 4.82500911e-01 4.77981389e-01 4.80880290e-01
    4.77034330e-01 4.87810463e-01 4.89828855e-01 4.82190073e-01
    4.78819072e-01 4.73243743e-01 4.71699864e-01 4.77253914e-01
    4.81012285e-01 4.73295987e-01 4.79202241e-01 4.87185925e-01
    4.82235640e-01 4.75254089e-01 4.74900723e-01 4.78224874e-01
    4.81669724e-01 4.78447616e-01 4.73154157e-01 4.75186884e-01
    4.80890393e-01 4.84241098e-01 4.84148085e-01 4.91413802e-01
    4.79864508e-01 4.74764526e-01 4.87344533e-01 4.71411288e-01
    4.69428450e-01 4.76964772e-01 4.89483088e-01 4.82668072e-01
    4.75628257e-01 4.77913707e-01 4.80102479e-01 4.75781530e-01
    4.66635108e-01 4.71407413e-01 4.70391095e-01 4.65456903e-01
    4.69348162e-01 4.78336483e-01 4.84018505e-01 4.80045587e-01
    4.90398645e-01 4.89638954e-01 4.90317106e-01 4.82958794e-01
    4.85920519e-01 4.94523495e-01 4.92176354e-01 4.94613975e-01
    4.96236056e-01 5.08773327e-01 5.03889740e-01 5.06011724e-01
    5.13470292e-01 4.99301791e-01 4.98205096e-01 4.93879348e-01
    4.91942763e-01 4.86151099e-01 4.86457676e-01 4.88762230e-01
    4.90957707e-01 4.89064246e-01 4.88343060e-01 4.88334358e-01
    4.87554789e-01 4.88672078e-01 4.84292865e-01 4.85066831e-01
    4.79672492e-01 4.80255753e-01 4.88576442e-01 4.90082115e-01
    4.92056578e-01 4.91810411e-01 4.96751308e-01 4.97839183e-01
    4.96511191e-01 5.02739847e-01 5.11421323e-01 5.12397587e-01
    5.11356771e-01 5.12931526e-01 5.08185387e-01 5.06717920e-01
    5.10454178e-01 5.18522561e-01 5.09159744e-01 5.01819253e-01
    4.97044325e-01 4.96744484e-01 4.93933111e-01 4.89053220e-01
    4.97973561e-01 4.93228793e-01 4.89690840e-01 4.83688861e-01
    4.83127654e-01 4.85737294e-01 4.84825343e-01 4.99175191e-01
    4.98902828e-01 4.94469941e-01 4.95717913e-01 5.01770198e-01
    5.13557971e-01 5.16684353e-01 5.13168693e-01 5.15085280e-01
    5.24028361e-01 5.16145885e-01 5.17003059e-01 5.13673902e-01
    5.13734043e-01 5.12428403e-01 5.08765638e-01 5.15639961e-01
    5.11227846e-01 5.07702708e-01 5.09760559e-01 5.11902630e-01
    5.18477440e-01 5.16258776e-01 5.20715892e-01 5.29153228e-01
    5.29595852e-01 5.20102561e-01 5.23686826e-01 5.30332088e-01
    5.25817454e-01 5.27034044e-01 5.23261011e-01 5.33002079e-01
    5.29717565e-01 5.25673330e-01 5.21565437e-01 5.17000377e-01
    5.08816659e-01 5.12935758e-01 5.08934200e-01 5.06971657e-01
    5.13095438e-01 5.15067041e-01 5.20585299e-01 5.08621931e-01
    5.03884673e-01 5.15937626e-01 5.21736741e-01 5.20389259e-01
    5.18471301e-01 5.14280975e-01 5.15776038e-01 5.15115798e-01
    5.16085446e-01 5.22568345e-01 5.14424741e-01 5.16407371e-01
    5.20488918e-01 5.10326445e-01 5.09743273e-01 5.08595049e-01
    4.85364258e-01 4.55302596e-01 4.20823514e-01 3.86196136e-01
    3.59896064e-01 3.24978948e-01 2.98074663e-01 2.68728197e-01
    2.69036084e-01 3.03503036e-01 3.39767039e-01 3.66032988e-01
    3.97627413e-01 4.24511641e-01 4.47929293e-01 4.78873432e-01
    5.14369309e-01 5.19079864e-01 5.07427096e-01 5.09667635e-01
    5.09207308e-01 5.16031086e-01 5.18691123e-01 5.18646657e-01
    5.18381238e-01 5.15597939e-01 5.05488455e-01 4.99027461e-01
    5.09054720e-01 5.05093277e-01 5.03299236e-01 5.17085612e-01
    5.17967463e-01 5.18057227e-01 5.13061523e-01 5.08181512e-01
    5.06195843e-01 4.99106139e-01 4.93022919e-01 4.90451783e-01
    4.87537265e-01 4.87351298e-01 4.85867471e-01 4.88080293e-01
    4.85810906e-01 4.69574064e-01 4.67042565e-01 4.66892928e-01
    4.62651759e-01 4.60755527e-01 4.52806324e-01 4.49353158e-01
    4.49997216e-01 4.58008438e-01 4.61933792e-01 4.64824140e-01
    4.63657886e-01 4.69320536e-01 4.72452581e-01 4.78197217e-01
    4.84203309e-01 4.90563244e-01 5.01351833e-01 5.06574154e-01
    5.15196383e-01 5.04755974e-01 5.00917435e-01 5.05945504e-01
    5.16871631e-01 5.24775386e-01 5.16918302e-01 5.15216112e-01
    5.10880113e-01 5.14525473e-01 5.03872871e-01 5.05802691e-01
    4.92034048e-01 4.89908457e-01 4.87563759e-01 4.85312670e-01
    4.91322368e-01 4.84173477e-01 4.85893816e-01 4.84838754e-01
    4.82565910e-01 4.77882653e-01 4.70235378e-01 4.72373813e-01
    4.76782680e-01 4.82266307e-01 4.77621108e-01 4.81121510e-01
    4.77225304e-01 4.91361916e-01 4.91082817e-01 4.83199060e-01
    4.79818374e-01 4.72236097e-01 4.68600273e-01 4.77234393e-01
    4.86752927e-01 4.77799267e-01 4.84680504e-01 4.93568659e-01
    4.88284200e-01 4.81415749e-01 4.80558544e-01 4.87645984e-01
    4.91522998e-01 4.87361163e-01 4.80743080e-01 4.83165771e-01
    4.89172846e-01 4.89599645e-01 4.89979625e-01 4.96341199e-01
    4.86337155e-01 4.78831917e-01 4.92677718e-01 4.78155971e-01
    4.74334091e-01 4.85155851e-01 4.97408420e-01 4.91784424e-01
    4.82308060e-01 4.84589279e-01 4.88293648e-01 4.81991738e-01
    4.75450367e-01 4.83529419e-01 4.85031962e-01 4.78785098e-01
    4.84021187e-01 4.91410494e-01 4.94661212e-01 4.92099255e-01
    4.98158008e-01 4.99460012e-01 4.96734768e-01 4.86342251e-01
    4.86149758e-01 4.91952926e-01 4.90961224e-01 4.92543191e-01
    4.95087355e-01 5.03310084e-01 4.97873098e-01 4.99378771e-01
    5.07754624e-01 4.96143371e-01 4.94813591e-01 4.93051767e-01
    4.90117550e-01 4.86343503e-01 4.86361355e-01 4.88800764e-01
    4.90203261e-01 4.90019679e-01 4.93646532e-01 4.93450075e-01
    4.91911113e-01 4.92833883e-01 4.88757879e-01 4.87685263e-01
    4.80652779e-01 4.79645133e-01 4.85443443e-01 4.84345853e-01
    4.84932721e-01 4.85493839e-01 4.88989770e-01 4.88013357e-01
    4.88408476e-01 4.95287478e-01 5.04568279e-01 5.03692865e-01
    5.03557086e-01 5.07645309e-01 5.01658916e-01 4.98774976e-01
    5.01025200e-01 5.10699093e-01 5.01758575e-01 4.95140016e-01
    4.93166775e-01 4.93603677e-01 4.89276320e-01 4.84352559e-01
    4.91030723e-01 4.85950261e-01 4.81195122e-01 4.75453556e-01
    4.77772266e-01 4.76135492e-01 4.72660571e-01 4.90367830e-01
    4.94491488e-01 4.93381202e-01 4.97095376e-01 5.03768504e-01
    5.14238477e-01 5.14937282e-01 5.12362301e-01 5.16009092e-01
    5.25769532e-01 5.19080460e-01 5.20867884e-01 5.19922912e-01
    5.17889440e-01 5.13721943e-01 5.12083948e-01 5.21189153e-01
    5.15637755e-01 5.11322141e-01 5.09969413e-01 5.09306729e-01
    5.15340626e-01 5.12778401e-01 5.18160105e-01 5.22845864e-01
    5.22473037e-01 5.11594474e-01 5.16118824e-01 5.19470692e-01
    5.17894745e-01 5.17783463e-01 5.14491379e-01 5.23088813e-01
    5.16329646e-01 5.10958493e-01 5.06147623e-01 5.04086792e-01
    4.96739209e-01 5.03281176e-01 5.02259851e-01 5.02744496e-01
    5.08584499e-01 5.11977375e-01 5.20288110e-01 5.09829283e-01
    5.07275224e-01 5.15191317e-01 5.23289979e-01 5.23849547e-01
    5.20850360e-01 5.21751881e-01 5.25003016e-01 5.25155604e-01
    5.25456727e-01 5.33758402e-01 5.26171565e-01 5.25948942e-01
    5.26614845e-01 5.21343112e-01 5.21873653e-01 5.19116104e-01
    4.95149851e-01 4.64282274e-01 4.31389600e-01 3.97162676e-01
    3.68522793e-01 3.35672766e-01 3.05769891e-01 2.76006281e-01
    2.62766957e-01 2.95734644e-01 3.31776053e-01 3.58562261e-01
    3.88930768e-01 4.15752649e-01 4.39167351e-01 4.68748719e-01
    5.04655421e-01 5.08308470e-01 4.95501906e-01 4.97810841e-01
    5.00410795e-01 5.04723728e-01 5.05878925e-01 5.04399061e-01
    5.04134059e-01 5.04027903e-01 4.94924664e-01 4.89599466e-01
    4.96896297e-01 4.94042277e-01 4.90588933e-01 5.04803479e-01
    5.06347179e-01 5.06394446e-01 5.02837002e-01 4.98701334e-01
    4.98523742e-01 4.88858432e-01 4.85914558e-01 4.83638316e-01
    4.81843203e-01 4.82495517e-01 4.79294688e-01 4.81769383e-01
    4.81333435e-01 4.67661291e-01 4.65036243e-01 4.67066020e-01
    4.63860422e-01 4.64870006e-01 4.58081484e-01 4.55444664e-01
    4.60382044e-01 4.66484606e-01 4.68477786e-01 4.71244335e-01
    4.69995737e-01 4.75848466e-01 4.78269815e-01 4.85982358e-01
    4.92547721e-01 4.94178355e-01 5.06067753e-01 5.11013865e-01
    5.17268479e-01 5.05276203e-01 4.98794138e-01 5.01529157e-01
    5.12898207e-01 5.17087042e-01 5.10185182e-01 5.10984421e-01
    5.06786764e-01 5.08595526e-01 5.00843048e-01 5.04765034e-01
    4.89837348e-01 4.85402972e-01 4.85539049e-01 4.80363756e-01
    4.84895080e-01 4.78728592e-01 4.79839832e-01 4.79347229e-01
    4.79177147e-01 4.75100636e-01 4.69117701e-01 4.70330626e-01
    4.77010369e-01 4.82822388e-01 4.83028263e-01 4.83629793e-01
    4.78815883e-01 4.94390607e-01 4.96348441e-01 4.88626182e-01
    4.87763226e-01 4.82690513e-01 4.79767978e-01 4.92189586e-01
    5.02435207e-01 4.92140800e-01 4.95690644e-01 5.05536437e-01
    5.03978133e-01 4.95848179e-01 4.92767006e-01 5.00149012e-01
    5.05962729e-01 5.02216935e-01 4.94912148e-01 4.96176690e-01
    4.98750836e-01 4.97312605e-01 4.98804033e-01 5.06391287e-01
    4.94143069e-01 4.85286564e-01 4.98526543e-01 4.83808964e-01
    4.78243977e-01 4.87703145e-01 4.96547759e-01 4.94198918e-01
    4.84306246e-01 4.83164459e-01 4.87562776e-01 4.82550442e-01
    4.78067517e-01 4.86897469e-01 4.89932388e-01 4.83802021e-01
    4.84773636e-01 4.94378299e-01 4.97350872e-01 4.96221691e-01
    5.03642201e-01 5.04640639e-01 5.00180662e-01 4.90231991e-01
    4.87860560e-01 4.94085133e-01 4.94816989e-01 4.95216906e-01
    4.94989872e-01 5.02135575e-01 4.98296797e-01 4.98369843e-01
    5.06020129e-01 4.95299518e-01 4.88103807e-01 4.87176567e-01
    4.84425366e-01 4.81570899e-01 4.83171940e-01 4.86861557e-01
    4.88490343e-01 4.88824189e-01 4.89331126e-01 4.86670017e-01
    4.86687630e-01 4.86605704e-01 4.82720345e-01 4.81603026e-01
    4.76789892e-01 4.74649698e-01 4.83100981e-01 4.87431377e-01
    4.90865380e-01 4.91452605e-01 4.93148953e-01 4.88123387e-01
    4.85836983e-01 4.96873319e-01 5.05433679e-01 5.05559206e-01
    5.09111047e-01 5.13521552e-01 5.12463212e-01 5.10692835e-01
    5.12692511e-01 5.21194398e-01 5.11988521e-01 5.03732860e-01
    4.98544216e-01 4.95808363e-01 4.89857197e-01 4.87903297e-01
    4.97172147e-01 4.91945565e-01 4.85472143e-01 4.78598893e-01
    4.81971383e-01 4.79530931e-01 4.75491405e-01 4.89244819e-01
    4.93547201e-01 4.95275646e-01 4.97998774e-01 5.07529378e-01
    5.17257988e-01 5.18149614e-01 5.14851868e-01 5.19576490e-01
    5.27152181e-01 5.20332396e-01 5.23424864e-01 5.22661388e-01
    5.22412956e-01 5.16279042e-01 5.14487147e-01 5.21705091e-01
    5.20687044e-01 5.11697590e-01 5.06738186e-01 5.07323325e-01
    5.09498894e-01 5.07268250e-01 5.11583447e-01 5.16298711e-01
    5.16460299e-01 5.03550708e-01 5.05973220e-01 5.07569909e-01
    5.04547954e-01 5.02148390e-01 5.00711620e-01 5.07109880e-01
    4.99808908e-01 4.89144027e-01 4.88432109e-01 4.89827335e-01
    4.82828587e-01 4.90016609e-01 4.90250319e-01 4.93215322e-01
    4.98932838e-01 4.99725163e-01 5.10606945e-01 5.04251301e-01
    5.03511429e-01 5.11590242e-01 5.21393418e-01 5.21153092e-01
    5.17199457e-01 5.20737350e-01 5.24172246e-01 5.23309588e-01
    5.19886255e-01 5.24699211e-01 5.19057333e-01 5.19554734e-01
    5.16951859e-01 5.11060059e-01 5.11817515e-01 5.10756552e-01
    4.84885186e-01 4.54498172e-01 4.21628922e-01 3.86715770e-01
    3.58113259e-01 3.27733457e-01 2.97380149e-01 2.69407541e-01
    2.57033348e-01 2.91432619e-01 3.24856967e-01 3.52596372e-01
    3.80214721e-01 4.05184537e-01 4.28411216e-01 4.56050456e-01
    4.91662741e-01 4.96205747e-01 4.84436303e-01 4.86407906e-01
    4.89848018e-01 4.93981719e-01 4.95091707e-01 4.93198514e-01
    4.95877713e-01 4.98799771e-01 4.89621639e-01 4.85322356e-01
    4.92168695e-01 4.94607627e-01 4.91155177e-01 5.05768955e-01
    5.10390759e-01 5.07886887e-01 5.07686973e-01 4.99946028e-01
    4.99101847e-01 4.90175456e-01 4.88384604e-01 4.85994309e-01
    4.86560702e-01 4.83803838e-01 4.81965065e-01 4.84655708e-01
    4.84345615e-01 4.69447285e-01 4.61258322e-01 4.67745602e-01
    4.62231755e-01 4.60948676e-01 4.60316479e-01 4.54378486e-01
    4.60325539e-01 4.64901626e-01 4.66461748e-01 4.68646079e-01
    4.68794137e-01 4.70984310e-01 4.75351304e-01 4.81497973e-01
    4.85683501e-01 4.86755699e-01 4.99365151e-01 5.06459057e-01
    5.09811223e-01 5.00958979e-01 4.95749474e-01 4.93301898e-01
    5.04297316e-01 5.09421229e-01 5.04759192e-01 5.06866992e-01
    5.04172564e-01 5.01386583e-01 4.93030965e-01 4.96229410e-01
    4.82524902e-01 4.79143769e-01 4.78965461e-01 4.72332865e-01
    4.75374609e-01 4.72473741e-01 4.73304540e-01 4.72011149e-01
    4.74494547e-01 4.73878831e-01 4.67614174e-01 4.71044540e-01
    4.74834919e-01 4.75886166e-01 4.79976177e-01 4.84105885e-01
    4.79294777e-01 4.91481721e-01 4.92837250e-01 4.88153636e-01
    4.89686906e-01 4.88926530e-01 4.82499391e-01 4.92724746e-01
    5.02429664e-01 4.91287380e-01 4.91709530e-01 5.01566648e-01
    4.97862160e-01 4.92535293e-01 4.92033124e-01 4.97742981e-01
    5.03581226e-01 5.00390172e-01 4.94221270e-01 4.93757993e-01
    4.94193763e-01 4.94070530e-01 4.93738174e-01 5.02405345e-01
    4.91170675e-01 4.84694809e-01 4.95266765e-01 4.80165571e-01
    4.75600243e-01 4.86815929e-01 4.92007971e-01 4.88504827e-01
    4.80753630e-01 4.79056597e-01 4.84279662e-01 4.81191367e-01
    4.80344355e-01 4.91048038e-01 4.92544323e-01 4.87499624e-01
    4.85473365e-01 4.94041085e-01 4.98358667e-01 5.00405371e-01
    5.09906173e-01 5.09458005e-01 5.01824975e-01 4.94337469e-01
    4.92181927e-01 4.95711386e-01 4.94354516e-01 4.93265569e-01
    4.91932154e-01 4.98513371e-01 4.93407071e-01 4.94589746e-01
    4.97986525e-01 4.90792602e-01 4.85206723e-01 4.80808169e-01
    4.78722334e-01 4.77794558e-01 4.80882704e-01 4.83634412e-01
    4.83307451e-01 4.87093449e-01 4.87092286e-01 4.84880239e-01
    4.83495742e-01 4.83482718e-01 4.77683336e-01 4.79155660e-01
    4.73390818e-01 4.74291235e-01 4.82884854e-01 4.87466365e-01
    4.91113275e-01 4.90643948e-01 4.92541581e-01 4.86357331e-01
    4.87991720e-01 4.99802232e-01 5.05031347e-01 5.07555544e-01
    5.10810137e-01 5.16813219e-01 5.16633332e-01 5.13516426e-01
    5.14675975e-01 5.22796452e-01 5.14122427e-01 5.06472826e-01
    4.98775184e-01 4.97206509e-01 4.88880157e-01 4.84632999e-01
    4.93817329e-01 4.88170087e-01 4.83084083e-01 4.77332026e-01
    4.79477048e-01 4.77984488e-01 4.73610193e-01 4.85515684e-01
    4.91563350e-01 4.95488226e-01 4.99610037e-01 5.08732677e-01
    5.17916441e-01 5.19957602e-01 5.15502691e-01 5.24026871e-01
    5.29822886e-01 5.23303092e-01 5.22348702e-01 5.23571551e-01
    5.21590292e-01 5.16160011e-01 5.12212932e-01 5.19489884e-01
    5.18139005e-01 5.08610010e-01 5.00732481e-01 4.96985406e-01
    4.98567432e-01 4.95770514e-01 5.01073241e-01 5.07480979e-01
    5.07863283e-01 4.98149693e-01 4.99706119e-01 5.04622817e-01
    5.01618922e-01 5.01622081e-01 5.02754211e-01 5.09813249e-01
    5.02323747e-01 4.94452447e-01 4.96529371e-01 4.98863727e-01
    4.95296597e-01 5.04066706e-01 5.01679420e-01 5.06228089e-01
    5.12634635e-01 5.10426342e-01 5.18091917e-01 5.12764990e-01
    5.09458184e-01 5.15682042e-01 5.22845030e-01 5.22750556e-01
    5.21611929e-01 5.28457761e-01 5.30920506e-01 5.29328704e-01
    5.26811659e-01 5.30383348e-01 5.25179148e-01 5.26399910e-01
    5.23763835e-01 5.18106520e-01 5.19962013e-01 5.19219041e-01
    4.92888570e-01 4.64240313e-01 4.30983335e-01 3.98011178e-01
    3.66960853e-01 3.35816830e-01 3.03007036e-01 2.74771780e-01
    2.53194183e-01 2.87487984e-01 3.21509063e-01 3.49497914e-01
    3.78867120e-01 4.02425408e-01 4.26856548e-01 4.53999907e-01
    4.90512550e-01 4.95726347e-01 4.83341277e-01 4.87739623e-01
    4.91460890e-01 4.92199242e-01 4.93618429e-01 4.90876973e-01
    4.93777245e-01 4.94804025e-01 4.85664308e-01 4.82584029e-01
    4.90027249e-01 4.91140068e-01 4.89511669e-01 5.03769875e-01
    5.09942234e-01 5.04281342e-01 5.04404724e-01 5.01427710e-01
    5.02089202e-01 4.94035959e-01 4.94175375e-01 4.94130045e-01
    4.93380159e-01 4.92397845e-01 4.92997080e-01 4.94243741e-01
    4.93664294e-01 4.78103548e-01 4.70552117e-01 4.75847363e-01
    4.72145945e-01 4.69257087e-01 4.70780551e-01 4.66232508e-01
    4.70695406e-01 4.71740484e-01 4.73768145e-01 4.77741539e-01
    4.74863917e-01 4.75656450e-01 4.77838755e-01 4.84981388e-01
    4.90336746e-01 4.87548649e-01 4.99896288e-01 5.05382121e-01
    5.08028626e-01 4.95874822e-01 4.91025448e-01 4.88036662e-01
    4.96412575e-01 5.00030518e-01 4.96268690e-01 4.96128142e-01
    4.93429005e-01 4.93329942e-01 4.87277538e-01 4.93338972e-01
    4.78712261e-01 4.76420164e-01 4.80884403e-01 4.75256711e-01
    4.78065073e-01 4.77961123e-01 4.80400056e-01 4.79197323e-01
    4.83392417e-01 4.86859888e-01 4.84129310e-01 4.85136688e-01
    4.91400421e-01 4.89670604e-01 4.90440607e-01 4.95703578e-01
    4.91556019e-01 5.02079725e-01 5.00965834e-01 4.92325544e-01
    4.93441612e-01 4.92923856e-01 4.83400255e-01 4.92508054e-01
    5.00840366e-01 4.86443102e-01 4.84527528e-01 4.91821408e-01
    4.89474863e-01 4.84640718e-01 4.85689461e-01 4.93186176e-01
    4.96427596e-01 4.89293545e-01 4.83162940e-01 4.83995527e-01
    4.87491816e-01 4.87241596e-01 4.89461631e-01 4.98180479e-01
    4.86632347e-01 4.82404888e-01 4.93485540e-01 4.77377743e-01
    4.70914871e-01 4.86033142e-01 4.89077330e-01 4.85634446e-01
    4.79845494e-01 4.78673220e-01 4.85535234e-01 4.82228607e-01
    4.83939499e-01 4.93068427e-01 4.92364228e-01 4.87011045e-01
    4.86238122e-01 4.94447172e-01 4.97506529e-01 5.01085639e-01
    5.11312366e-01 5.13060689e-01 5.01571417e-01 4.96263325e-01
    4.95085746e-01 4.96614724e-01 4.95968431e-01 4.95367318e-01
    4.96601909e-01 4.99034375e-01 4.93759215e-01 4.94420618e-01
    4.98354286e-01 4.91599083e-01 4.87466574e-01 4.83987868e-01
    4.82526958e-01 4.81404006e-01 4.83626485e-01 4.87710565e-01
    4.87117380e-01 4.87305194e-01 4.87162143e-01 4.85836893e-01
    4.86021668e-01 4.86882567e-01 4.83500749e-01 4.86809671e-01
    4.84499931e-01 4.84414876e-01 4.92874414e-01 4.97238755e-01
    5.00922799e-01 4.98261243e-01 4.97885436e-01 4.95066702e-01
    4.95410502e-01 5.05712032e-01 5.14181495e-01 5.16795337e-01
    5.21688581e-01 5.25367022e-01 5.22925079e-01 5.18069744e-01
    5.15590847e-01 5.21580219e-01 5.14189601e-01 5.07220805e-01
    5.01105845e-01 5.00279248e-01 4.92471099e-01 4.91974652e-01
    4.98148590e-01 4.94062841e-01 4.90399450e-01 4.82916683e-01
    4.84119534e-01 4.79650855e-01 4.75254864e-01 4.88410264e-01
    4.94827241e-01 5.02100170e-01 5.05390167e-01 5.11249363e-01
    5.20103574e-01 5.19915223e-01 5.16217232e-01 5.28735757e-01
    5.32224357e-01 5.23497880e-01 5.20651758e-01 5.23245215e-01
    5.21661997e-01 5.18664002e-01 5.15358984e-01 5.20044208e-01
    5.17062426e-01 5.10582983e-01 4.99416083e-01 4.97943938e-01
    5.00818551e-01 4.97589350e-01 5.04886448e-01 5.09148896e-01
    5.06554127e-01 4.98140931e-01 5.02180338e-01 5.11272252e-01
    5.04789054e-01 5.02247870e-01 5.02078891e-01 5.11433244e-01
    5.05509138e-01 4.97404039e-01 4.95909244e-01 5.03066540e-01
    4.98372018e-01 5.03227234e-01 4.98253375e-01 5.03102362e-01
    5.08796215e-01 5.04750073e-01 5.10273278e-01 5.06118000e-01
    5.00058234e-01 5.09251773e-01 5.18471479e-01 5.18971324e-01
    5.13196886e-01 5.23554265e-01 5.24230480e-01 5.24373174e-01
    5.19104123e-01 5.23951590e-01 5.23079813e-01 5.25515199e-01
    5.21438897e-01 5.15700758e-01 5.18200338e-01 5.20862162e-01
    4.93133694e-01 4.64379430e-01 4.29840922e-01 3.97496134e-01
    3.66003335e-01 3.36262435e-01 3.01085681e-01 2.74917424e-01
    2.48989820e-01 2.82800198e-01 3.18024993e-01 3.46117407e-01
    3.76216233e-01 3.98680389e-01 4.20730114e-01 4.47334766e-01
    4.81843948e-01 4.82740849e-01 4.70224977e-01 4.73079175e-01
    4.76529121e-01 4.75608528e-01 4.78725910e-01 4.76961732e-01
    4.82960850e-01 4.85332608e-01 4.78680223e-01 4.73302275e-01
    4.79892850e-01 4.80124563e-01 4.82096344e-01 4.96168464e-01
    5.02901018e-01 4.99829859e-01 5.01209497e-01 4.97207731e-01
    4.99897897e-01 4.91591841e-01 4.96914655e-01 4.96132016e-01
    4.95865345e-01 4.94531393e-01 4.96396065e-01 4.93871391e-01
    4.94795233e-01 4.78423059e-01 4.71331120e-01 4.75160152e-01
    4.73027498e-01 4.70264524e-01 4.71848547e-01 4.68514919e-01
    4.75299507e-01 4.77051288e-01 4.79272366e-01 4.78942126e-01
    4.78025198e-01 4.77711350e-01 4.75402176e-01 4.82126027e-01
    4.89309609e-01 4.85512227e-01 4.96152073e-01 5.00859618e-01
    5.01292169e-01 4.90016818e-01 4.87837464e-01 4.85756457e-01
    4.95230079e-01 4.98999268e-01 4.93839025e-01 4.95834589e-01
    4.93355781e-01 4.92437512e-01 4.87943232e-01 4.95947242e-01
    4.81185466e-01 4.78154212e-01 4.82069939e-01 4.81858581e-01
    4.84630734e-01 4.87062812e-01 4.91207659e-01 4.85505611e-01
    4.87446517e-01 4.89992172e-01 4.88249272e-01 4.85436887e-01
    4.90482509e-01 4.89668280e-01 4.88771230e-01 4.95385528e-01
    4.91133898e-01 4.98651415e-01 4.99136299e-01 4.91077065e-01
    4.91151989e-01 4.88474160e-01 4.77982789e-01 4.86476362e-01
    4.93661821e-01 4.80459422e-01 4.76991147e-01 4.84906912e-01
    4.86365855e-01 4.80768293e-01 4.83542532e-01 4.91566122e-01
    4.93236601e-01 4.87139076e-01 4.84009415e-01 4.83995318e-01
    4.86818522e-01 4.85049158e-01 4.91952837e-01 5.01820743e-01
    4.88594383e-01 4.88152564e-01 4.99111354e-01 4.83824283e-01
    4.74271148e-01 4.88966376e-01 4.92891371e-01 4.90119547e-01
    4.82621163e-01 4.83201355e-01 4.91892159e-01 4.86239165e-01
    4.89408821e-01 5.00143945e-01 5.01464188e-01 4.95498151e-01
    4.93916601e-01 5.01052499e-01 5.04234910e-01 5.05404651e-01
    5.15126169e-01 5.17151654e-01 5.06342947e-01 5.02685010e-01
    5.01337647e-01 5.03989398e-01 5.03038585e-01 5.00399888e-01
    5.05197406e-01 5.05961418e-01 5.00903666e-01 4.99938607e-01
    5.03012419e-01 4.97651339e-01 4.94850248e-01 4.89924967e-01
    4.91369009e-01 4.92628187e-01 4.96773422e-01 5.01115739e-01
    5.00436604e-01 5.00716686e-01 5.01568079e-01 4.99711335e-01
    5.00800431e-01 5.00882566e-01 4.98751312e-01 5.01066387e-01
    5.00709593e-01 4.99934584e-01 5.04655540e-01 5.08581817e-01
    5.13179064e-01 5.08906007e-01 5.08780301e-01 5.06618917e-01
    5.04591525e-01 5.14472306e-01 5.19890249e-01 5.22408187e-01
    5.26789725e-01 5.28550386e-01 5.28100491e-01 5.22382319e-01
    5.17106652e-01 5.20877659e-01 5.12670517e-01 5.07847607e-01
    5.02720654e-01 4.99242038e-01 4.91793036e-01 4.87320572e-01
    4.91188645e-01 4.88488048e-01 4.82384384e-01 4.74239022e-01
    4.76205885e-01 4.70690489e-01 4.69309777e-01 4.78921264e-01
    4.85540509e-01 4.99376267e-01 5.04704356e-01 5.09124398e-01
    5.18522382e-01 5.19942045e-01 5.18085122e-01 5.29582679e-01
    5.34256339e-01 5.25601923e-01 5.25103390e-01 5.29001653e-01
    5.29253304e-01 5.25976717e-01 5.25228381e-01 5.27549803e-01
    5.27855933e-01 5.19813955e-01 5.07139444e-01 5.04496515e-01
    5.09605467e-01 5.04977286e-01 5.09451926e-01 5.13552785e-01
    5.14001787e-01 5.07542431e-01 5.12517095e-01 5.18592894e-01
    5.12528837e-01 5.08680582e-01 5.06807804e-01 5.13682306e-01
    5.06679237e-01 4.94244725e-01 4.94885802e-01 4.97787237e-01
    4.94403630e-01 5.02298295e-01 4.97971535e-01 5.04153728e-01
    5.10341585e-01 5.05779266e-01 5.10435641e-01 5.06110787e-01
    5.00177979e-01 5.08483112e-01 5.18853307e-01 5.22351563e-01
    5.16654909e-01 5.28321803e-01 5.33021212e-01 5.30226111e-01
    5.29977441e-01 5.32259583e-01 5.26806414e-01 5.28039455e-01
    5.23203611e-01 5.20186484e-01 5.22425652e-01 5.27866960e-01
    5.00158370e-01 4.71608758e-01 4.37588632e-01 4.05361891e-01
    3.72227728e-01 3.42604071e-01 3.06917608e-01 2.78521568e-01
    2.49627709e-01 2.83529490e-01 3.18644553e-01 3.46123099e-01
    3.77767026e-01 4.01874870e-01 4.24995869e-01 4.52062160e-01
    4.85126555e-01 4.83778566e-01 4.72400039e-01 4.75969493e-01
    4.78613555e-01 4.80006486e-01 4.85014498e-01 4.78302985e-01
    4.82143164e-01 4.82630491e-01 4.74242449e-01 4.69038039e-01
    4.78172332e-01 4.77233589e-01 4.77856457e-01 4.90851313e-01
    4.98780489e-01 4.96244550e-01 4.98754174e-01 4.92958963e-01
    4.97299790e-01 4.89314944e-01 4.96484876e-01 4.92671937e-01
    4.96924728e-01 4.97392803e-01 4.99342918e-01 4.97526318e-01
    4.97672975e-01 4.81346697e-01 4.72504109e-01 4.78676021e-01
    4.74379867e-01 4.71993834e-01 4.76330012e-01 4.71036464e-01
    4.79570180e-01 4.78624165e-01 4.82733339e-01 4.81257349e-01
    4.84254450e-01 4.81095582e-01 4.79061127e-01 4.87195283e-01
    4.93689507e-01 4.90711659e-01 4.99149680e-01 5.05292356e-01
    5.06091654e-01 4.95779872e-01 4.92435217e-01 4.87964630e-01
    5.00616014e-01 5.07055819e-01 5.04074574e-01 5.03359258e-01
    5.02178729e-01 4.98633951e-01 4.96663123e-01 5.07039905e-01
    4.90694433e-01 4.92020875e-01 4.96674895e-01 4.98683423e-01
    5.03489256e-01 5.03862560e-01 5.11449814e-01 5.04754364e-01
    5.10073006e-01 5.08532524e-01 5.03105342e-01 4.99428332e-01
    5.04290283e-01 5.01386225e-01 5.02037883e-01 5.07528067e-01
    4.99885738e-01 5.08343160e-01 5.04262209e-01 4.96577024e-01
    4.95303482e-01 4.90155756e-01 4.80122924e-01 4.86785501e-01
    4.94357556e-01 4.79516983e-01 4.77841556e-01 4.86580998e-01
    4.87927198e-01 4.82163042e-01 4.82981950e-01 4.89962310e-01
    4.90721732e-01 4.84118313e-01 4.84552830e-01 4.83883023e-01
    4.86215949e-01 4.85851914e-01 4.90354449e-01 4.97144312e-01
    4.83582646e-01 4.84949142e-01 4.92184788e-01 4.78793502e-01
    4.72326577e-01 4.86446530e-01 4.89544511e-01 4.86848056e-01
    4.81294304e-01 4.82539535e-01 4.91431087e-01 4.83968556e-01
    4.89941746e-01 4.99141783e-01 4.98431742e-01 4.97661799e-01
    5.00048101e-01 5.06722212e-01 5.06513059e-01 5.11056066e-01
    5.18235087e-01 5.18556535e-01 5.08770585e-01 5.07104576e-01
    5.08816659e-01 5.11259079e-01 5.08296609e-01 5.04537284e-01
    5.08766890e-01 5.10445297e-01 5.05333483e-01 5.02949834e-01
    5.02894640e-01 4.94162291e-01 4.93796706e-01 4.88363415e-01
    4.90138441e-01 4.91857201e-01 4.96086955e-01 5.02962530e-01
    5.00910342e-01 4.97765183e-01 4.96605664e-01 4.96187806e-01
    5.01527786e-01 5.04215479e-01 5.01945019e-01 5.05574107e-01
    5.07517576e-01 5.07653117e-01 5.14165878e-01 5.16131401e-01
    5.24405539e-01 5.18912017e-01 5.18567204e-01 5.14537454e-01
    5.11017442e-01 5.18882990e-01 5.26267052e-01 5.29268026e-01
    5.35285413e-01 5.33693850e-01 5.30854702e-01 5.23487568e-01
    5.17988741e-01 5.22701204e-01 5.12590647e-01 5.07781088e-01
    5.03793240e-01 5.00290811e-01 4.90342826e-01 4.83795434e-01
    4.87746894e-01 4.82888818e-01 4.81275558e-01 4.74079669e-01
    4.77998316e-01 4.71876740e-01 4.71006960e-01 4.81443465e-01
    4.88848478e-01 5.02394259e-01 5.05054593e-01 5.09655297e-01
    5.18802643e-01 5.21887362e-01 5.17382383e-01 5.30897796e-01
    5.39138198e-01 5.30109227e-01 5.32335997e-01 5.35373151e-01
    5.34453571e-01 5.30054629e-01 5.28906286e-01 5.32711446e-01
    5.29818237e-01 5.22004426e-01 5.09288311e-01 5.04722059e-01
    5.10876119e-01 5.06075561e-01 5.07780969e-01 5.12682855e-01
    5.12605488e-01 5.06795228e-01 5.12696266e-01 5.16422629e-01
    5.10103524e-01 5.04453063e-01 4.99360323e-01 5.04708409e-01
    4.95321006e-01 4.84334022e-01 4.87892300e-01 4.89492118e-01
    4.90277767e-01 4.99646097e-01 4.95923281e-01 4.99784499e-01
    5.03786266e-01 5.00014246e-01 5.04256070e-01 5.00811696e-01
    4.97589052e-01 5.03219903e-01 5.15008271e-01 5.22426307e-01
    5.19723594e-01 5.34081876e-01 5.39451420e-01 5.34743190e-01
    5.35590589e-01 5.34260929e-01 5.25132418e-01 5.26016653e-01
    5.24384618e-01 5.22932827e-01 5.27653813e-01 5.30347764e-01
    5.01760423e-01 4.71883893e-01 4.40155298e-01 4.08480048e-01
    3.73961300e-01 3.42585564e-01 3.05241048e-01 2.76772529e-01
    2.51997381e-01 2.86520511e-01 3.19649875e-01 3.45863849e-01
    3.77960771e-01 4.02994454e-01 4.26853985e-01 4.52717245e-01
    4.84258831e-01 4.82981294e-01 4.70583051e-01 4.74869043e-01
    4.79022294e-01 4.78599310e-01 4.83567864e-01 4.74351197e-01
    4.77477193e-01 4.81970012e-01 4.73969877e-01 4.71849591e-01
    4.80974436e-01 4.81853247e-01 4.81478482e-01 4.94966686e-01
    5.05883157e-01 5.06528616e-01 5.07448196e-01 5.06599009e-01
    5.11118174e-01 5.05921900e-01 5.15465558e-01 5.11510372e-01
    5.16675472e-01 5.15080094e-01 5.15251160e-01 5.14395475e-01
    5.13191402e-01 4.96613383e-01 4.84226108e-01 4.91632432e-01
    4.85498250e-01 4.79335636e-01 4.81301457e-01 4.77800459e-01
    4.82305080e-01 4.79389071e-01 4.80047911e-01 4.76946801e-01
    4.80671912e-01 4.77337420e-01 4.76862490e-01 4.83297348e-01
    4.88232404e-01 4.85611707e-01 4.96039927e-01 5.03740251e-01
    5.04216731e-01 4.95502084e-01 4.96846169e-01 4.94329453e-01
    5.06665587e-01 5.12667358e-01 5.11606872e-01 5.10998309e-01
    5.10475099e-01 5.04200399e-01 5.02168477e-01 5.10453284e-01
    4.97770756e-01 5.00435948e-01 5.06107211e-01 5.06433547e-01
    5.10927081e-01 5.10584772e-01 5.16808748e-01 5.08532465e-01
    5.11791885e-01 5.10195136e-01 5.08658588e-01 5.01250088e-01
    5.08179724e-01 5.08195281e-01 5.12785256e-01 5.17784715e-01
    5.10391176e-01 5.16166449e-01 5.09896696e-01 5.01337528e-01
    4.99099791e-01 4.92077380e-01 4.84475076e-01 4.92077738e-01
    4.98809487e-01 4.87952322e-01 4.84496981e-01 4.89788771e-01
    4.93089646e-01 4.86124337e-01 4.85930026e-01 4.90509629e-01
    4.92011666e-01 4.85353440e-01 4.84687418e-01 4.82719332e-01
    4.85972762e-01 4.84689564e-01 4.92069662e-01 4.98851925e-01
    4.83740747e-01 4.82758582e-01 4.87507463e-01 4.76486206e-01
    4.68351722e-01 4.83724833e-01 4.88837272e-01 4.86711711e-01
    4.81088728e-01 4.79701757e-01 4.90442395e-01 4.84760016e-01
    4.92077231e-01 4.99357581e-01 5.01285195e-01 4.97676045e-01
    4.96133864e-01 5.03485441e-01 5.04290998e-01 5.09162307e-01
    5.15858471e-01 5.19759595e-01 5.08150458e-01 5.06632805e-01
    5.08698642e-01 5.12934983e-01 5.12725174e-01 5.08667350e-01
    5.12299061e-01 5.11436641e-01 5.05569100e-01 5.02795100e-01
    5.04601598e-01 4.96983647e-01 4.96448487e-01 4.91947144e-01
    4.89423454e-01 4.92671400e-01 4.95356500e-01 5.01444757e-01
    4.97210115e-01 4.93081033e-01 4.89903182e-01 4.88857269e-01
    4.92924094e-01 4.96379524e-01 4.95960057e-01 5.00954270e-01
    5.05675256e-01 5.03174126e-01 5.08290946e-01 5.13180852e-01
    5.20293415e-01 5.19464076e-01 5.17186582e-01 5.14867187e-01
    5.13335228e-01 5.21156013e-01 5.25789976e-01 5.30213714e-01
    5.35341978e-01 5.32974720e-01 5.29164970e-01 5.23184061e-01
    5.15570819e-01 5.16375899e-01 5.08123517e-01 5.06008148e-01
    5.01593590e-01 4.97503072e-01 4.88502830e-01 4.82087433e-01
    4.85760003e-01 4.79250461e-01 4.77295458e-01 4.71424758e-01
    4.74735141e-01 4.66608346e-01 4.67360377e-01 4.76429790e-01
    4.84698206e-01 4.98949945e-01 5.04978061e-01 5.09886205e-01
    5.18595934e-01 5.21318913e-01 5.18581331e-01 5.26847184e-01
    5.36433935e-01 5.24819851e-01 5.28466225e-01 5.30017078e-01
    5.31191051e-01 5.26782930e-01 5.26433468e-01 5.29796600e-01
    5.28799355e-01 5.19142807e-01 5.07322967e-01 5.01327217e-01
    5.09638965e-01 5.03958404e-01 5.02567410e-01 5.06374955e-01
    5.10213256e-01 5.02568662e-01 5.07234991e-01 5.10532141e-01
    5.03675401e-01 4.92536187e-01 4.89033580e-01 4.93859679e-01
    4.86943007e-01 4.72744614e-01 4.78010237e-01 4.78755534e-01
    4.81805295e-01 4.87344980e-01 4.81318027e-01 4.85872656e-01
    4.90964681e-01 4.86062229e-01 4.93506968e-01 4.91140991e-01
    4.87642974e-01 4.93626207e-01 5.06390274e-01 5.11006713e-01
    5.08011818e-01 5.21977961e-01 5.31778097e-01 5.28237402e-01
    5.30612528e-01 5.25279999e-01 5.17489791e-01 5.21135688e-01
    5.19834280e-01 5.19791245e-01 5.23973405e-01 5.23248792e-01
    4.96302247e-01 4.67175901e-01 4.37098503e-01 4.07175392e-01
    3.73860389e-01 3.45331162e-01 3.06469411e-01 2.76163906e-01
    2.51949072e-01 2.85623461e-01 3.17980409e-01 3.45312208e-01
    3.79052907e-01 4.03985143e-01 4.29195732e-01 4.56851959e-01
    4.86855090e-01 4.83254611e-01 4.72811520e-01 4.79678720e-01
    4.80247676e-01 4.77730066e-01 4.82594758e-01 4.75319505e-01
    4.80152816e-01 4.84234035e-01 4.78802145e-01 4.75987405e-01
    4.85534132e-01 4.84541118e-01 4.84475493e-01 4.96941179e-01
    5.05080938e-01 5.06517470e-01 5.07896125e-01 5.09884179e-01
    5.13092101e-01 5.10202348e-01 5.23863792e-01 5.19176364e-01
    5.25944769e-01 5.23354173e-01 5.23491025e-01 5.21300197e-01
    5.22669613e-01 5.05772710e-01 4.95378107e-01 5.00120282e-01
    4.92960781e-01 4.87189978e-01 4.90059972e-01 4.87811208e-01
    4.90243465e-01 4.88712400e-01 4.89687771e-01 4.82025832e-01
    4.86852735e-01 4.78594959e-01 4.78367865e-01 4.82587397e-01
    4.88762110e-01 4.85446364e-01 4.95661974e-01 5.03471017e-01
    5.05002141e-01 4.97320682e-01 5.02228141e-01 4.98754472e-01
    5.08662164e-01 5.14179766e-01 5.14004409e-01 5.15113354e-01
    5.17261863e-01 5.13870001e-01 5.16552567e-01 5.21688461e-01
    5.10282636e-01 5.11213005e-01 5.16066790e-01 5.18366277e-01
    5.21834671e-01 5.23413658e-01 5.29319525e-01 5.17983437e-01
    5.22091866e-01 5.21344066e-01 5.17999053e-01 5.10567188e-01
    5.16099989e-01 5.16222239e-01 5.17803907e-01 5.20822227e-01
    5.15770555e-01 5.18707216e-01 5.13367057e-01 5.04802942e-01
    4.99331504e-01 4.93920326e-01 4.87631679e-01 4.97116923e-01
    5.03839314e-01 4.95024592e-01 4.94942844e-01 5.03130436e-01
    5.06290257e-01 4.97998953e-01 4.96192813e-01 4.99971479e-01
    4.99996185e-01 4.91561294e-01 4.95056629e-01 4.90279257e-01
    4.92845565e-01 4.94059533e-01 4.96924460e-01 5.01605511e-01
    4.85679775e-01 4.86977816e-01 4.87169445e-01 4.74758118e-01
    4.65695888e-01 4.80767161e-01 4.87756729e-01 4.84114200e-01
    4.78006721e-01 4.75754529e-01 4.87301230e-01 4.78993654e-01
    4.91251439e-01 4.97432590e-01 4.95112002e-01 4.92542714e-01
    4.90659297e-01 4.98053372e-01 4.96722668e-01 5.04895508e-01
    5.13438761e-01 5.17143905e-01 5.06234229e-01 5.06157815e-01
    5.09597838e-01 5.16481221e-01 5.16688585e-01 5.15379250e-01
    5.22327363e-01 5.17014623e-01 5.12957096e-01 5.13028562e-01
    5.15814900e-01 5.11868417e-01 5.11106133e-01 5.08217454e-01
    5.03945827e-01 5.04458010e-01 5.09551942e-01 5.11497021e-01
    5.04060924e-01 4.98065293e-01 4.92172599e-01 4.91342485e-01
    4.92663980e-01 4.94548261e-01 4.94511038e-01 4.99457717e-01
    5.04579902e-01 5.01127005e-01 5.05684197e-01 5.10538280e-01
    5.16060412e-01 5.15274048e-01 5.10836184e-01 5.04459918e-01
    5.03883302e-01 5.11305153e-01 5.18563330e-01 5.22026300e-01
    5.27910054e-01 5.24921596e-01 5.22350788e-01 5.17543733e-01
    5.11149287e-01 5.07737696e-01 5.02227545e-01 5.00200093e-01
    4.95527834e-01 4.91214901e-01 4.83315945e-01 4.80429083e-01
    4.82432842e-01 4.75999862e-01 4.74158525e-01 4.66641992e-01
    4.72110420e-01 4.63225484e-01 4.67330128e-01 4.74660486e-01
    4.84472513e-01 4.97465521e-01 5.07206738e-01 5.10192454e-01
    5.15146554e-01 5.15852392e-01 5.15231550e-01 5.22899926e-01
    5.31165063e-01 5.22662997e-01 5.25740445e-01 5.26686251e-01
    5.31995952e-01 5.25738299e-01 5.27308226e-01 5.27944028e-01
    5.26994646e-01 5.16085744e-01 5.06677628e-01 5.02173364e-01
    5.09993255e-01 5.06662607e-01 5.04788697e-01 5.06763756e-01
    5.10352790e-01 5.04993618e-01 5.11514306e-01 5.15983522e-01
    5.11335492e-01 4.98701394e-01 4.97923523e-01 5.03292024e-01
    4.95788425e-01 4.82497483e-01 4.85301852e-01 4.85511899e-01
    4.84052092e-01 4.88587171e-01 4.82495368e-01 4.91156459e-01
    4.94555026e-01 4.87477422e-01 4.93838549e-01 4.86938745e-01
    4.84518975e-01 4.87500548e-01 4.99718070e-01 5.02440572e-01
    5.00407100e-01 5.15966773e-01 5.21266699e-01 5.20672739e-01
    5.22465467e-01 5.21110833e-01 5.15567899e-01 5.19367993e-01
    5.17648339e-01 5.20053029e-01 5.25933743e-01 5.25966465e-01
    5.01611829e-01 4.72219437e-01 4.44550484e-01 4.14330691e-01
    3.82097960e-01 3.51319253e-01 3.11575323e-01 2.84358412e-01
    2.55379796e-01 2.87533104e-01 3.22537929e-01 3.49785805e-01
    3.83211255e-01 4.08398151e-01 4.31920081e-01 4.61296082e-01
    4.91886556e-01 4.86831665e-01 4.75867212e-01 4.80645686e-01
    4.79705542e-01 4.75028753e-01 4.81315315e-01 4.71858889e-01
    4.76544946e-01 4.83199894e-01 4.81334567e-01 4.74529475e-01
    4.83154178e-01 4.83077794e-01 4.85165864e-01 5.00780523e-01
    5.07968068e-01 5.07606328e-01 5.07118821e-01 5.08675575e-01
    5.11454225e-01 5.11552513e-01 5.24584711e-01 5.18037975e-01
    5.25646031e-01 5.24377882e-01 5.25291085e-01 5.21568418e-01
    5.22436440e-01 5.08005917e-01 4.97043401e-01 5.00095963e-01
    4.88545328e-01 4.84173536e-01 4.87726837e-01 4.88884896e-01
    4.92332280e-01 4.91307497e-01 4.89588529e-01 4.85524029e-01
    4.91505176e-01 4.80511725e-01 4.76910114e-01 4.77627814e-01
    4.83021736e-01 4.82128173e-01 4.93327022e-01 5.01731694e-01
    5.01855373e-01 4.98548269e-01 5.00468612e-01 4.96446162e-01
    5.06699741e-01 5.08660793e-01 5.08226216e-01 5.11741281e-01
    5.11546373e-01 5.07887185e-01 5.13936043e-01 5.20531297e-01
    5.09186983e-01 5.13487935e-01 5.17806530e-01 5.20377696e-01
    5.23455381e-01 5.24645388e-01 5.29332697e-01 5.20050883e-01
    5.22121131e-01 5.19925535e-01 5.20278513e-01 5.13119638e-01
    5.18491030e-01 5.18638313e-01 5.18044114e-01 5.21653593e-01
    5.15134752e-01 5.19941926e-01 5.10173440e-01 5.03111243e-01
    4.95372117e-01 4.89386618e-01 4.84300911e-01 4.91342634e-01
    4.96366054e-01 4.90143418e-01 4.88414973e-01 4.93456483e-01
    4.96851444e-01 4.88537699e-01 4.85555023e-01 4.89659935e-01
    4.87222791e-01 4.81318206e-01 4.83540535e-01 4.77893084e-01
    4.76508021e-01 4.78707343e-01 4.82335061e-01 4.86173451e-01
    4.70877916e-01 4.70613301e-01 4.68906671e-01 4.60172236e-01
    4.54119384e-01 4.67824399e-01 4.75255519e-01 4.73033190e-01
    4.70103920e-01 4.68175441e-01 4.80861992e-01 4.72972006e-01
    4.90429252e-01 5.01246154e-01 4.97780353e-01 4.96354640e-01
    4.98055518e-01 5.06574690e-01 5.06904602e-01 5.16170442e-01
    5.23508728e-01 5.26917040e-01 5.18022239e-01 5.16604841e-01
    5.20322502e-01 5.23091912e-01 5.23274601e-01 5.18777311e-01
    5.27476728e-01 5.19620001e-01 5.14846742e-01 5.14249623e-01
    5.18498063e-01 5.11334896e-01 5.10321796e-01 5.09999216e-01
    5.08006990e-01 5.09400547e-01 5.14269888e-01 5.14509022e-01
    5.07055938e-01 5.02222538e-01 5.00297427e-01 5.00521958e-01
    5.01969337e-01 5.00986993e-01 5.00025868e-01 5.04249990e-01
    5.06648064e-01 5.00630021e-01 5.06519973e-01 5.11544824e-01
    5.14725268e-01 5.09819686e-01 5.02226233e-01 4.94384050e-01
    4.93135452e-01 5.01169682e-01 5.07281601e-01 5.09404838e-01
    5.14262557e-01 5.14679074e-01 5.15326023e-01 5.08859575e-01
    4.99255776e-01 4.98615503e-01 4.91456240e-01 4.90266949e-01
    4.86764580e-01 4.82706040e-01 4.77989882e-01 4.78452682e-01
    4.79613841e-01 4.74463850e-01 4.71957743e-01 4.67066824e-01
    4.72616524e-01 4.63155776e-01 4.67669159e-01 4.70521361e-01
    4.85201836e-01 4.99833763e-01 5.10478199e-01 5.13898015e-01
    5.17257690e-01 5.18799007e-01 5.19063652e-01 5.26428580e-01
    5.34347117e-01 5.26867867e-01 5.31638682e-01 5.30416012e-01
    5.33391893e-01 5.26355088e-01 5.30880749e-01 5.27950048e-01
    5.31593680e-01 5.17419577e-01 5.07195652e-01 5.02964854e-01
    5.11876941e-01 5.09222627e-01 5.07127285e-01 5.06752849e-01
    5.12025714e-01 5.05201519e-01 5.13979018e-01 5.17477453e-01
    5.17152309e-01 5.04622877e-01 5.05440056e-01 5.08783519e-01
    5.02692521e-01 4.87752199e-01 4.93347406e-01 4.97517258e-01
    4.93581712e-01 4.94804263e-01 4.90681857e-01 4.99421775e-01
    5.02574325e-01 4.95870709e-01 5.03148258e-01 4.94968086e-01
    4.90883708e-01 4.92617190e-01 5.03843963e-01 5.06821871e-01
    5.04952908e-01 5.19426286e-01 5.23850858e-01 5.20689189e-01
    5.19585848e-01 5.21995127e-01 5.20666778e-01 5.21621764e-01
    5.17006695e-01 5.19089460e-01 5.22890329e-01 5.22666395e-01
    4.98594820e-01 4.70265508e-01 4.42187548e-01 4.13166404e-01
    3.79335225e-01 3.48618984e-01 3.09844732e-01 2.82942057e-01
    2.48875692e-01 2.79028177e-01 3.16638082e-01 3.43097627e-01
    3.79549652e-01 4.03761655e-01 4.27472472e-01 4.57535118e-01
    4.87440050e-01 4.82978970e-01 4.74433035e-01 4.76960301e-01
    4.78896886e-01 4.75177437e-01 4.83047813e-01 4.74839509e-01
    4.79581326e-01 4.89450008e-01 4.88681883e-01 4.77402538e-01
    4.85209525e-01 4.82465982e-01 4.87941116e-01 5.04389048e-01
    5.10770380e-01 5.11893034e-01 5.08630335e-01 5.10965228e-01
    5.13475835e-01 5.11484802e-01 5.24556220e-01 5.16784370e-01
    5.26124895e-01 5.28118312e-01 5.29069662e-01 5.24878263e-01
    5.27775526e-01 5.16669035e-01 5.06606638e-01 5.07071316e-01
    4.96387750e-01 4.91213292e-01 4.92569596e-01 4.98721927e-01
    5.02486169e-01 4.99600410e-01 4.96701658e-01 4.93899524e-01
    4.99843121e-01 4.88002032e-01 4.83848929e-01 4.85879898e-01
    4.92330819e-01 4.88895297e-01 4.98446167e-01 5.05516291e-01
    5.05979419e-01 4.99545306e-01 5.02568066e-01 4.97371495e-01
    5.04262507e-01 5.04057527e-01 5.05674720e-01 5.07246017e-01
    5.06929159e-01 5.04135251e-01 5.08800924e-01 5.15343726e-01
    5.05036056e-01 5.07600009e-01 5.12620866e-01 5.15781879e-01
    5.17123938e-01 5.19484103e-01 5.26381314e-01 5.18764555e-01
    5.23541510e-01 5.21956146e-01 5.25197625e-01 5.17694473e-01
    5.25471985e-01 5.24102747e-01 5.26080668e-01 5.30452490e-01
    5.21023214e-01 5.20892382e-01 5.12831509e-01 5.07073581e-01
    5.00367761e-01 4.94961232e-01 4.87385631e-01 4.93408710e-01
    4.95029688e-01 4.90736395e-01 4.87384170e-01 4.89357322e-01
    4.94000405e-01 4.84762758e-01 4.81178433e-01 4.81991380e-01
    4.76765305e-01 4.72121775e-01 4.75359172e-01 4.71105784e-01
    4.71872211e-01 4.73828197e-01 4.81460154e-01 4.84969199e-01
    4.71114635e-01 4.72105503e-01 4.68564272e-01 4.61811900e-01
    4.59614605e-01 4.72283065e-01 4.78145003e-01 4.75929499e-01
    4.75818813e-01 4.76108044e-01 4.91701096e-01 4.85831231e-01
    5.00972688e-01 5.07126987e-01 5.01312017e-01 4.99895751e-01
    5.03649235e-01 5.12307703e-01 5.13509095e-01 5.22685826e-01
    5.30369937e-01 5.30302644e-01 5.21399021e-01 5.22563398e-01
    5.26283205e-01 5.26113570e-01 5.27476132e-01 5.19010842e-01
    5.26530325e-01 5.20408988e-01 5.18091202e-01 5.18059909e-01
    5.19248843e-01 5.12621224e-01 5.13336599e-01 5.10799170e-01
    5.07188201e-01 5.09023368e-01 5.14996469e-01 5.13417900e-01
    5.05528033e-01 5.02604902e-01 5.03467083e-01 5.01820028e-01
    5.05701780e-01 5.05001009e-01 5.03861129e-01 5.05457163e-01
    5.08591235e-01 5.01989007e-01 5.05937934e-01 5.07973969e-01
    5.11754274e-01 5.06657124e-01 4.98764843e-01 4.90543723e-01
    4.91485208e-01 4.98232245e-01 5.01313865e-01 5.01934707e-01
    5.10375023e-01 5.08609474e-01 5.09564877e-01 5.03218830e-01
    4.95633304e-01 4.94592428e-01 4.90182489e-01 4.87749457e-01
    4.86984521e-01 4.82321054e-01 4.79291141e-01 4.79895085e-01
    4.83438909e-01 4.78709400e-01 4.77834433e-01 4.75633323e-01
    4.77956176e-01 4.64999050e-01 4.73530561e-01 4.76193637e-01
    4.88907367e-01 5.05622506e-01 5.15802920e-01 5.18754959e-01
    5.25921345e-01 5.24652839e-01 5.26943624e-01 5.35937965e-01
    5.45378804e-01 5.34677148e-01 5.36650717e-01 5.34569025e-01
    5.33911109e-01 5.28694332e-01 5.33979774e-01 5.26284873e-01
    5.29071987e-01 5.17620742e-01 5.06753206e-01 5.02184927e-01
    5.08995593e-01 5.04690349e-01 5.01654863e-01 4.98777866e-01
    5.00908613e-01 4.92974997e-01 5.05541980e-01 5.10019362e-01
    5.12678385e-01 5.04619420e-01 5.07012904e-01 5.11352360e-01
    5.04050255e-01 4.90587264e-01 4.92435575e-01 4.95003879e-01
    4.94217753e-01 4.96665031e-01 4.93327200e-01 5.03179908e-01
    5.05838454e-01 5.00504613e-01 5.06134093e-01 4.98000771e-01
    4.92898047e-01 4.92992640e-01 5.01685083e-01 5.02778649e-01
    4.99568492e-01 5.17454743e-01 5.23584545e-01 5.24268627e-01
    5.27332723e-01 5.26805043e-01 5.23498178e-01 5.22202849e-01
    5.18170536e-01 5.24835646e-01 5.26829958e-01 5.24310112e-01
    4.97695476e-01 4.71017808e-01 4.41960573e-01 4.13004547e-01
    3.80047232e-01 3.49628270e-01 3.10749859e-01 2.81422555e-01
    2.51186073e-01 2.79592514e-01 3.16542715e-01 3.41391057e-01
    3.74901354e-01 3.98742139e-01 4.20421720e-01 4.49897319e-01
    4.81732666e-01 4.75458562e-01 4.68075454e-01 4.69516546e-01
    4.71823245e-01 4.69680250e-01 4.76538509e-01 4.72939938e-01
    4.74041879e-01 4.86111522e-01 4.88942206e-01 4.79069978e-01
    4.87871706e-01 4.89308476e-01 4.93855715e-01 5.12665331e-01
    5.18116772e-01 5.15475512e-01 5.12928069e-01 5.14982700e-01
    5.16492724e-01 5.14173746e-01 5.23856521e-01 5.15577376e-01
    5.20156205e-01 5.23291230e-01 5.24049759e-01 5.19910157e-01
    5.21321774e-01 5.13826787e-01 5.02769589e-01 5.05073607e-01
    4.91744518e-01 4.88135815e-01 4.90557343e-01 4.97052103e-01
    4.99974966e-01 4.97303098e-01 4.95649725e-01 4.95478034e-01
    5.01434267e-01 4.92448837e-01 4.88960624e-01 4.89646465e-01
    4.92989957e-01 4.89194065e-01 4.96271253e-01 5.02914727e-01
    5.04714251e-01 5.00963032e-01 5.06517291e-01 5.03636360e-01
    5.10008156e-01 5.07021725e-01 5.08386850e-01 5.10749400e-01
    5.08624673e-01 5.05237579e-01 5.10362923e-01 5.14086664e-01
    5.05942643e-01 5.08935332e-01 5.13088882e-01 5.13830423e-01
    5.14549911e-01 5.14046609e-01 5.22081375e-01 5.09925842e-01
    5.14477849e-01 5.11789322e-01 5.17499328e-01 5.12487948e-01
    5.15995800e-01 5.17413855e-01 5.17332733e-01 5.21891594e-01
    5.13810039e-01 5.11934221e-01 5.04803360e-01 5.00386655e-01
    4.95055139e-01 4.92843121e-01 4.87459153e-01 4.89917010e-01
    4.93349850e-01 4.88917679e-01 4.87037718e-01 4.88194108e-01
    4.93567199e-01 4.85387325e-01 4.80000734e-01 4.84750926e-01
    4.81521636e-01 4.79596853e-01 4.79839236e-01 4.74496067e-01
    4.74786848e-01 4.79925275e-01 4.83523875e-01 4.86845791e-01
    4.75441545e-01 4.77470785e-01 4.74851847e-01 4.70064253e-01
    4.69219595e-01 4.78149414e-01 4.81960386e-01 4.82420236e-01
    4.80646670e-01 4.76887435e-01 4.92059052e-01 4.88004237e-01
    5.03476322e-01 5.08498430e-01 4.98278826e-01 5.00411451e-01
    5.00585854e-01 5.10120153e-01 5.08346140e-01 5.17815948e-01
    5.23177803e-01 5.22326887e-01 5.15127838e-01 5.18004775e-01
    5.20119309e-01 5.23374617e-01 5.23300290e-01 5.13859928e-01
    5.22011817e-01 5.16762912e-01 5.18017650e-01 5.21147132e-01
    5.22084713e-01 5.17609358e-01 5.20025373e-01 5.20198762e-01
    5.14124930e-01 5.17606735e-01 5.24051547e-01 5.24044037e-01
    5.17609179e-01 5.13882637e-01 5.13856590e-01 5.13890088e-01
    5.16545594e-01 5.16838729e-01 5.14954388e-01 5.14520943e-01
    5.13939381e-01 5.07294893e-01 5.10869324e-01 5.07201374e-01
    5.09544611e-01 5.04046261e-01 4.95253950e-01 4.84782517e-01
    4.86272544e-01 4.93419170e-01 4.97167081e-01 4.93180990e-01
    5.00920713e-01 4.97825056e-01 4.96749729e-01 4.88806456e-01
    4.80612427e-01 4.84319836e-01 4.80995238e-01 4.77155656e-01
    4.80637699e-01 4.76836771e-01 4.75875467e-01 4.78220344e-01
    4.83653098e-01 4.77002114e-01 4.74172235e-01 4.70715344e-01
    4.75661725e-01 4.62033570e-01 4.74763930e-01 4.79360580e-01
    4.95470643e-01 5.12840033e-01 5.20273387e-01 5.21421313e-01
    5.30336916e-01 5.27999103e-01 5.30397415e-01 5.37605345e-01
    5.43124855e-01 5.31764567e-01 5.33472538e-01 5.32510340e-01
    5.32871366e-01 5.28296411e-01 5.37298620e-01 5.26625216e-01
    5.28608799e-01 5.16259611e-01 5.04585505e-01 4.99994904e-01
    5.06472170e-01 5.00741005e-01 4.98321593e-01 4.94759291e-01
    5.00169933e-01 4.95957375e-01 5.10014117e-01 5.14557958e-01
    5.17299473e-01 5.07742643e-01 5.11524737e-01 5.13321877e-01
    5.08315265e-01 4.97759670e-01 5.01292348e-01 5.05236864e-01
    5.07220745e-01 5.06599963e-01 5.07824421e-01 5.14203191e-01
    5.18091381e-01 5.07902682e-01 5.12241066e-01 5.03160000e-01
    4.97259468e-01 4.94764626e-01 5.03674984e-01 5.03806531e-01
    5.01395166e-01 5.17320096e-01 5.19736648e-01 5.17988443e-01
    5.19975364e-01 5.15348434e-01 5.14227271e-01 5.11897743e-01
    5.08575678e-01 5.14752746e-01 5.18557549e-01 5.17069161e-01
    4.90450799e-01 4.64877605e-01 4.37843025e-01 4.10261482e-01
    3.76548588e-01 3.46334636e-01 3.08113396e-01 2.79502064e-01
    2.50912428e-01 2.79143363e-01 3.16524029e-01 3.40596974e-01
    3.73832673e-01 3.98530155e-01 4.19635743e-01 4.47858006e-01
    4.79465693e-01 4.74769741e-01 4.67728257e-01 4.69193667e-01
    4.69295502e-01 4.66654450e-01 4.74290937e-01 4.72507000e-01
    4.70781326e-01 4.82138127e-01 4.86475229e-01 4.75511521e-01
    4.83389974e-01 4.85327929e-01 4.88782525e-01 5.06801188e-01
    5.12463331e-01 5.10667384e-01 5.06571412e-01 5.10371387e-01
    5.08985698e-01 5.09736836e-01 5.22547066e-01 5.17586112e-01
    5.20076156e-01 5.25139511e-01 5.25900304e-01 5.20979762e-01
    5.25022566e-01 5.18020630e-01 5.08326232e-01 5.09392619e-01
    4.97385889e-01 4.93287176e-01 4.95250165e-01 5.04826903e-01
    5.07360816e-01 5.05483150e-01 5.01584888e-01 5.00731051e-01
    5.03916025e-01 4.98519510e-01 4.92056221e-01 4.94318008e-01
    4.94628400e-01 4.91330445e-01 5.00142038e-01 5.06464601e-01
    5.10894597e-01 5.07924795e-01 5.13209105e-01 5.09777069e-01
    5.14830887e-01 5.10285676e-01 5.11634767e-01 5.11354566e-01
    5.10011017e-01 5.08764327e-01 5.11737645e-01 5.16173482e-01
    5.07631004e-01 5.12575686e-01 5.12439609e-01 5.10179818e-01
    5.11669755e-01 5.09785533e-01 5.14126301e-01 5.03342509e-01
    5.08867323e-01 5.03550649e-01 5.10005772e-01 5.04351020e-01
    5.12432456e-01 5.13397634e-01 5.11669397e-01 5.16614079e-01
    5.11156559e-01 5.09713531e-01 5.05113423e-01 5.02428591e-01
    4.99855280e-01 4.95580047e-01 4.91605520e-01 4.95824695e-01
    5.01121104e-01 4.96434033e-01 4.94733453e-01 4.93837446e-01
    5.02224743e-01 4.94502246e-01 4.88101780e-01 4.92583066e-01
    4.88155276e-01 4.86668766e-01 4.85677809e-01 4.78033096e-01
    4.76522177e-01 4.82954085e-01 4.87704933e-01 4.89916414e-01
    4.80191529e-01 4.80237961e-01 4.75802302e-01 4.72190708e-01
    4.72906351e-01 4.79927868e-01 4.84446347e-01 4.83289599e-01
    4.78824794e-01 4.78837878e-01 4.91605312e-01 4.87072498e-01
    5.06233215e-01 5.12687266e-01 5.00217140e-01 4.99103338e-01
    4.99953598e-01 5.10352075e-01 5.06709158e-01 5.20421326e-01
    5.26782095e-01 5.28744280e-01 5.20869613e-01 5.18654764e-01
    5.21030128e-01 5.27090311e-01 5.25096834e-01 5.13962686e-01
    5.22848248e-01 5.14716327e-01 5.17845988e-01 5.21918535e-01
    5.24395347e-01 5.19138038e-01 5.21991670e-01 5.26372910e-01
    5.16771257e-01 5.21694601e-01 5.24502277e-01 5.25928199e-01
    5.22729039e-01 5.19987226e-01 5.17073274e-01 5.15497744e-01
    5.18293858e-01 5.18387318e-01 5.17854869e-01 5.16539037e-01
    5.16838133e-01 5.10222018e-01 5.11742711e-01 5.08019388e-01
    5.08482456e-01 5.05662441e-01 4.95615155e-01 4.86532331e-01
    4.86687154e-01 4.92163599e-01 4.95252073e-01 4.94788200e-01
    5.02013028e-01 4.98852938e-01 4.98156667e-01 4.91506100e-01
    4.83554065e-01 4.84196842e-01 4.82969970e-01 4.80876714e-01
    4.82650220e-01 4.79435951e-01 4.76093650e-01 4.78384107e-01
    4.83690172e-01 4.75474745e-01 4.72054869e-01 4.71139938e-01
    4.75273222e-01 4.60348189e-01 4.73841965e-01 4.76206690e-01
    4.88878995e-01 5.04881144e-01 5.13884366e-01 5.14070928e-01
    5.21319449e-01 5.17727613e-01 5.17965496e-01 5.26933372e-01
    5.29728293e-01 5.19058943e-01 5.20681620e-01 5.21607280e-01
    5.20044386e-01 5.15221238e-01 5.24749935e-01 5.14522910e-01
    5.17696142e-01 5.06476283e-01 4.96519059e-01 4.90501016e-01
    4.97502059e-01 4.91536885e-01 4.90662664e-01 4.90443408e-01
    4.95414555e-01 4.94155079e-01 5.06154656e-01 5.13953507e-01
    5.13358116e-01 5.01382232e-01 5.07892430e-01 5.10460913e-01
    5.07542253e-01 4.96787906e-01 4.97702271e-01 4.99044418e-01
    5.03477395e-01 5.01592398e-01 5.03596544e-01 5.10894060e-01
    5.11165082e-01 5.00826001e-01 5.04035890e-01 4.98040676e-01
    4.91833329e-01 4.91215557e-01 5.05329549e-01 5.00927031e-01
    4.98081744e-01 5.11196554e-01 5.14653265e-01 5.14695346e-01
    5.17355800e-01 5.12968123e-01 5.12744844e-01 5.11871040e-01
    5.07389069e-01 5.17263770e-01 5.20926595e-01 5.22418439e-01
    4.94164526e-01 4.67232823e-01 4.40621257e-01 4.10303921e-01
    3.78710270e-01 3.50147963e-01 3.13389331e-01 2.85071433e-01
    2.47376963e-01 2.75062531e-01 3.10462058e-01 3.37253630e-01
    3.69279683e-01 3.94485116e-01 4.16671634e-01 4.44087714e-01
    4.75667864e-01 4.71070051e-01 4.63521093e-01 4.64287639e-01
    4.62094069e-01 4.64053273e-01 4.76042032e-01 4.74152446e-01
    4.73413706e-01 4.85805899e-01 4.89294291e-01 4.78316039e-01
    4.81828779e-01 4.86469895e-01 4.89690453e-01 5.06248713e-01
    5.11187673e-01 5.08894384e-01 5.04970253e-01 5.09663284e-01
    5.08170068e-01 5.10555148e-01 5.21152854e-01 5.16629100e-01
    5.19815385e-01 5.22845507e-01 5.24713397e-01 5.21636605e-01
    5.28870940e-01 5.22261024e-01 5.12247622e-01 5.10968864e-01
    5.00559628e-01 4.96380389e-01 4.98857588e-01 5.06293714e-01
    5.10426581e-01 5.09467483e-01 5.07457554e-01 5.06170094e-01
    5.06904483e-01 4.99482810e-01 4.93625194e-01 4.94941026e-01
    4.96581137e-01 4.90907103e-01 5.03104389e-01 5.05360723e-01
    5.11974692e-01 5.07798672e-01 5.17145634e-01 5.12501240e-01
    5.19655108e-01 5.12919724e-01 5.16288757e-01 5.13391972e-01
    5.12287498e-01 5.11667609e-01 5.14716327e-01 5.18254638e-01
    5.10512531e-01 5.16019285e-01 5.19513786e-01 5.14076352e-01
    5.15563130e-01 5.14095962e-01 5.18292069e-01 5.04876852e-01
    5.12934506e-01 5.08919239e-01 5.14623284e-01 5.06570876e-01
    5.16618848e-01 5.18245876e-01 5.17638803e-01 5.24056256e-01
    5.18679500e-01 5.19033432e-01 5.14781237e-01 5.08939862e-01
    5.09163201e-01 5.10533392e-01 5.08665144e-01 5.13049424e-01
    5.15998900e-01 5.12790740e-01 5.09181976e-01 5.07650435e-01
    5.19278049e-01 5.09213388e-01 5.00642359e-01 5.04842937e-01
    5.01272678e-01 4.99353081e-01 4.93916571e-01 4.84977573e-01
    4.86352623e-01 4.89693224e-01 4.90421504e-01 4.92475212e-01
    4.85373825e-01 4.88491684e-01 4.79301184e-01 4.73483115e-01
    4.75560576e-01 4.81686026e-01 4.87113327e-01 4.87787098e-01
    4.83069092e-01 4.84792769e-01 4.98551071e-01 4.97127801e-01
    5.12428701e-01 5.15969634e-01 5.06891012e-01 5.07908642e-01
    5.03994763e-01 5.10966957e-01 5.06212175e-01 5.19598067e-01
    5.27837038e-01 5.27937710e-01 5.18228710e-01 5.13920009e-01
    5.16405463e-01 5.23102582e-01 5.18857479e-01 5.05898297e-01
    5.13389885e-01 5.07362008e-01 5.10876775e-01 5.15511036e-01
    5.16113341e-01 5.13582051e-01 5.19164085e-01 5.25036812e-01
    5.18213570e-01 5.23598969e-01 5.25327981e-01 5.27199507e-01
    5.25229216e-01 5.20647764e-01 5.14746726e-01 5.13961792e-01
    5.19721091e-01 5.18855691e-01 5.19733310e-01 5.18576920e-01
    5.18781304e-01 5.11515379e-01 5.11043966e-01 5.04690051e-01
    5.03449619e-01 5.00563562e-01 4.91514713e-01 4.85575140e-01
    4.86451417e-01 4.92998898e-01 4.99387175e-01 5.03011823e-01
    5.12016535e-01 5.08119047e-01 5.10194838e-01 5.05087197e-01
    4.97009486e-01 4.96172488e-01 4.97185290e-01 4.97785747e-01
    4.99156952e-01 4.93302971e-01 4.88797754e-01 4.89234507e-01
    4.93507028e-01 4.83262211e-01 4.78498131e-01 4.72810298e-01
    4.75487202e-01 4.58238959e-01 4.72819179e-01 4.72693175e-01
    4.80464369e-01 4.94586408e-01 5.03554225e-01 5.05158961e-01
    5.11995852e-01 5.07298410e-01 5.10364652e-01 5.19628882e-01
    5.23459256e-01 5.11553526e-01 5.17100096e-01 5.21435261e-01
    5.22976100e-01 5.16154826e-01 5.27727842e-01 5.13425648e-01
    5.17689347e-01 5.09801865e-01 5.04129529e-01 4.98031765e-01
    5.02559006e-01 4.94775891e-01 4.95773375e-01 4.94074851e-01
    4.98072594e-01 4.96732622e-01 5.07262051e-01 5.12511075e-01
    5.11520743e-01 4.99359876e-01 5.04753709e-01 5.03538787e-01
    5.04415393e-01 4.93834287e-01 4.93755817e-01 4.92022932e-01
    4.94463176e-01 4.90737736e-01 4.94646549e-01 5.01596391e-01
    5.02028763e-01 4.93231744e-01 4.98853743e-01 4.96614337e-01
    4.91407782e-01 4.88428384e-01 5.02839983e-01 5.01151383e-01
    5.00307798e-01 5.11382580e-01 5.12425423e-01 5.13080120e-01
    5.14690816e-01 5.10400951e-01 5.11937320e-01 5.09633601e-01
    5.07002950e-01 5.17423630e-01 5.18441975e-01 5.16762733e-01
    4.87444222e-01 4.59389836e-01 4.32783127e-01 4.01968658e-01
    3.70024294e-01 3.41065466e-01 3.04701239e-01 2.78562814e-01
    2.44894341e-01 2.71915138e-01 3.05044800e-01 3.31760496e-01
    3.64017010e-01 3.88701409e-01 4.11975056e-01 4.38301831e-01
    4.69135821e-01 4.63941872e-01 4.58603323e-01 4.60377723e-01
    4.56412315e-01 4.56592590e-01 4.66491878e-01 4.64848995e-01
    4.63312477e-01 4.76426899e-01 4.81688023e-01 4.75085795e-01
    4.77102280e-01 4.81460810e-01 4.82618481e-01 4.96665955e-01
    5.02599478e-01 5.00814915e-01 5.00470519e-01 5.04930973e-01
    5.02273202e-01 5.07735968e-01 5.16826510e-01 5.15023112e-01
    5.20930111e-01 5.27386367e-01 5.29792249e-01 5.25118232e-01
    5.30885875e-01 5.26093900e-01 5.16860366e-01 5.19467473e-01
    5.07419944e-01 5.04758358e-01 5.06524503e-01 5.10523617e-01
    5.13460219e-01 5.13078392e-01 5.11040151e-01 5.10215580e-01
    5.08412659e-01 4.99549419e-01 4.92522180e-01 4.92758453e-01
    4.94769663e-01 4.89134133e-01 5.01756072e-01 5.01672089e-01
    5.08493483e-01 5.08514643e-01 5.15550613e-01 5.10595143e-01
    5.17462313e-01 5.10469019e-01 5.14982104e-01 5.10582387e-01
    5.08715153e-01 5.05768538e-01 5.10948896e-01 5.15130222e-01
    5.07618010e-01 5.13077557e-01 5.17094135e-01 5.10156631e-01
    5.12673020e-01 5.09711325e-01 5.12811422e-01 4.98472005e-01
    5.05239248e-01 5.01711786e-01 5.08145034e-01 5.00053465e-01
    5.08227825e-01 5.12160838e-01 5.16168118e-01 5.18956840e-01
    5.12198329e-01 5.12519956e-01 5.09038508e-01 5.01506150e-01
    5.00899792e-01 5.00502884e-01 4.96234506e-01 4.98602837e-01
    5.03333747e-01 5.02828360e-01 4.99596387e-01 4.98240739e-01
    5.09487808e-01 5.01844943e-01 4.90369231e-01 4.91315782e-01
    4.89448756e-01 4.86567229e-01 4.82164055e-01 4.73191649e-01
    4.74603862e-01 4.79591131e-01 4.85145450e-01 4.88713026e-01
    4.85904068e-01 4.88901138e-01 4.81786132e-01 4.79034901e-01
    4.79882866e-01 4.84581888e-01 4.89457160e-01 4.92091924e-01
    4.88429189e-01 4.90631759e-01 5.05415499e-01 5.03417075e-01
    5.17557204e-01 5.19941449e-01 5.10510564e-01 5.07917583e-01
    5.06694674e-01 5.11669040e-01 5.04201710e-01 5.13167441e-01
    5.19098938e-01 5.19390523e-01 5.11792123e-01 5.05632818e-01
    5.07346928e-01 5.13664544e-01 5.08453190e-01 4.95677799e-01
    5.05257487e-01 5.02587795e-01 5.07887542e-01 5.12624502e-01
    5.14088690e-01 5.09449959e-01 5.14502227e-01 5.22999108e-01
    5.18057346e-01 5.23402631e-01 5.26530325e-01 5.24249077e-01
    5.24260104e-01 5.22589207e-01 5.15576303e-01 5.17237723e-01
    5.23827672e-01 5.21844983e-01 5.22259653e-01 5.17972529e-01
    5.18844426e-01 5.12456656e-01 5.13429344e-01 5.07324100e-01
    5.05531132e-01 5.03237486e-01 4.95289594e-01 4.88599420e-01
    4.90802288e-01 4.99215305e-01 5.05926609e-01 5.09079456e-01
    5.16105533e-01 5.10717332e-01 5.12584507e-01 5.03598571e-01
    5.00583887e-01 4.99514788e-01 5.01191437e-01 4.99661893e-01
    5.00160456e-01 4.96094555e-01 4.94174957e-01 4.90900427e-01
    4.93896663e-01 4.86695707e-01 4.80599701e-01 4.74588305e-01
    4.78144586e-01 4.60143089e-01 4.72537309e-01 4.70420510e-01
    4.80931163e-01 4.90935624e-01 4.98877555e-01 4.99616057e-01
    5.07565439e-01 5.04036784e-01 5.05740523e-01 5.09890020e-01
    5.16713083e-01 5.08183360e-01 5.12408972e-01 5.17860472e-01
    5.18961668e-01 5.14259517e-01 5.24402022e-01 5.13316572e-01
    5.18948555e-01 5.09132504e-01 5.03363848e-01 4.97506797e-01
    5.01641929e-01 4.92729247e-01 4.91541147e-01 4.89198089e-01
    4.95369196e-01 4.94026035e-01 5.00815094e-01 5.04896700e-01
    5.03620684e-01 4.88773882e-01 4.91025597e-01 4.92127925e-01
    4.90375251e-01 4.80788946e-01 4.83633369e-01 4.80760902e-01
    4.84332532e-01 4.79534298e-01 4.83627856e-01 4.91651833e-01
    4.91142333e-01 4.84726012e-01 4.89331961e-01 4.88046408e-01
    4.83258218e-01 4.76716250e-01 4.93618935e-01 4.95918095e-01
    4.96330112e-01 5.10797977e-01 5.13046920e-01 5.09390712e-01
    5.11416733e-01 5.05949736e-01 5.07499397e-01 5.04715443e-01
    5.02417505e-01 5.13105273e-01 5.10321975e-01 5.08979380e-01
    4.79975939e-01 4.52469558e-01 4.28479344e-01 3.97125870e-01
    3.63021076e-01 3.32450211e-01 2.94353515e-01 2.66633779e-01
    2.43380040e-01 2.72557944e-01 3.04300338e-01 3.29213053e-01
    3.60474259e-01 3.86249870e-01 4.11683738e-01 4.38767672e-01
    4.69942719e-01 4.59700376e-01 4.59457099e-01 4.57673162e-01
    4.51434374e-01 4.50877041e-01 4.62718964e-01 4.62384522e-01
    4.59804505e-01 4.71156687e-01 4.74913716e-01 4.71708953e-01
    4.74804491e-01 4.82180476e-01 4.84840274e-01 4.95179206e-01
    4.99570191e-01 4.96824503e-01 4.97147143e-01 5.01151204e-01
    5.02582610e-01 5.09001195e-01 5.21379292e-01 5.19411266e-01
    5.23788512e-01 5.33158064e-01 5.35636485e-01 5.30201375e-01
    5.35589039e-01 5.33941865e-01 5.21785438e-01 5.19242764e-01
    5.09955227e-01 5.08436322e-01 5.08441091e-01 5.17012239e-01
    5.17795980e-01 5.18758535e-01 5.18052340e-01 5.14382124e-01
    5.12820005e-01 5.03402948e-01 4.94353801e-01 4.95030671e-01
    4.96031284e-01 4.88100827e-01 4.96607095e-01 4.97323006e-01
    5.07299304e-01 5.08856714e-01 5.17152846e-01 5.13672650e-01
    5.17270565e-01 5.12778401e-01 5.15320778e-01 5.06283104e-01
    5.05707920e-01 5.04534602e-01 5.12034476e-01 5.18733978e-01
    5.10788560e-01 5.18608451e-01 5.21969080e-01 5.17697513e-01
    5.19849896e-01 5.17788887e-01 5.16220331e-01 5.02755225e-01
    5.09414911e-01 5.06862640e-01 5.11100948e-01 5.00795126e-01
    5.10321319e-01 5.12936950e-01 5.13151824e-01 5.15126646e-01
    5.06962717e-01 5.08798718e-01 5.03110588e-01 5.00158787e-01
    4.99087363e-01 4.98066217e-01 4.94461507e-01 4.98149008e-01
    5.02317727e-01 5.03097415e-01 4.98236626e-01 4.97081995e-01
    5.11028230e-01 5.06510973e-01 4.94093239e-01 4.96534616e-01
    4.92457390e-01 4.92194265e-01 4.89170969e-01 4.79122818e-01
    4.77845937e-01 4.83012199e-01 4.88007754e-01 4.89246756e-01
    4.86913204e-01 4.89932984e-01 4.81612772e-01 4.78832901e-01
    4.80962604e-01 4.83153701e-01 4.85144287e-01 4.86904621e-01
    4.85318631e-01 4.89548028e-01 5.00821352e-01 4.97467905e-01
    5.12636483e-01 5.14449894e-01 5.06019771e-01 5.05887389e-01
    5.04596949e-01 5.10944307e-01 5.01504183e-01 5.10286570e-01
    5.16740859e-01 5.15224934e-01 5.06084681e-01 5.01858234e-01
    5.07238209e-01 5.11022270e-01 5.05812287e-01 4.92115229e-01
    5.03325343e-01 5.02595365e-01 5.08109331e-01 5.10542214e-01
    5.10083318e-01 5.06619096e-01 5.09329617e-01 5.20819902e-01
    5.17494619e-01 5.24848759e-01 5.29778302e-01 5.30055761e-01
    5.28426588e-01 5.23533165e-01 5.17600596e-01 5.19182861e-01
    5.25555849e-01 5.22849023e-01 5.22589624e-01 5.19633651e-01
    5.18280506e-01 5.11414230e-01 5.09421945e-01 5.03973544e-01
    5.00442088e-01 4.99269575e-01 4.91266936e-01 4.83022124e-01
    4.84666705e-01 4.93336648e-01 5.01513779e-01 5.02714038e-01
    5.08883119e-01 5.07460654e-01 5.07711470e-01 4.98534173e-01
    4.91995156e-01 4.93733585e-01 4.99789178e-01 5.01804352e-01
    5.02337039e-01 4.97010797e-01 4.93733138e-01 4.89025712e-01
    4.91248190e-01 4.85998183e-01 4.79980081e-01 4.75741327e-01
    4.82520014e-01 4.64939684e-01 4.72821563e-01 4.71494168e-01
    4.81570572e-01 4.94697630e-01 5.02866745e-01 5.01509368e-01
    5.06812572e-01 5.05314410e-01 5.08858919e-01 5.15000761e-01
    5.22587597e-01 5.15174568e-01 5.17549217e-01 5.25505841e-01
    5.23431897e-01 5.15988171e-01 5.28704762e-01 5.20388842e-01
    5.25968790e-01 5.16352415e-01 5.10092854e-01 5.02040029e-01
    5.02620816e-01 4.95967746e-01 4.95026320e-01 4.91765201e-01
    4.94522214e-01 4.93620217e-01 4.99541700e-01 5.03234982e-01
    5.00936031e-01 4.88595545e-01 4.92698640e-01 4.92366791e-01
    4.89992261e-01 4.80227798e-01 4.86004710e-01 4.85673696e-01
    4.90658611e-01 4.89179015e-01 4.94255543e-01 4.99726921e-01
    4.97703433e-01 4.92396176e-01 4.94239151e-01 4.93444860e-01
    4.87792611e-01 4.80366260e-01 4.96887684e-01 4.99556631e-01
    4.99064207e-01 5.10635555e-01 5.10871828e-01 5.03756285e-01
    5.02012789e-01 4.96454418e-01 4.99319494e-01 4.94544894e-01
    4.92317468e-01 5.03798485e-01 5.00613153e-01 5.00917852e-01
    4.72622633e-01 4.46861476e-01 4.23374325e-01 3.91621411e-01
    3.57082844e-01 3.27020317e-01 2.91732043e-01 2.65773475e-01
    2.50841320e-01 2.77484328e-01 3.09478313e-01 3.37126732e-01
    3.68422538e-01 3.92999530e-01 4.18573737e-01 4.45165128e-01
    4.76199597e-01 4.66037035e-01 4.65758234e-01 4.63120192e-01
    4.54647332e-01 4.54456717e-01 4.68306601e-01 4.64510649e-01
    4.59476799e-01 4.69014466e-01 4.74248230e-01 4.71815169e-01
    4.70197827e-01 4.78864312e-01 4.82478619e-01 4.92352843e-01
    4.98819679e-01 4.95471388e-01 4.97237593e-01 5.01800001e-01
    5.05349040e-01 5.12724459e-01 5.22393525e-01 5.13952494e-01
    5.17984867e-01 5.26514888e-01 5.28929532e-01 5.23957729e-01
    5.27515471e-01 5.27000725e-01 5.14511287e-01 5.12301028e-01
    5.02273083e-01 5.01059771e-01 5.01071215e-01 5.06465316e-01
    5.06912768e-01 5.07966697e-01 5.07157207e-01 5.04329503e-01
    5.06704628e-01 5.01838207e-01 4.96750206e-01 4.98148739e-01
    4.99031276e-01 4.93649483e-01 5.02935290e-01 5.00865757e-01
    5.12101471e-01 5.16545355e-01 5.24313748e-01 5.21100461e-01
    5.24983525e-01 5.23201764e-01 5.26364326e-01 5.15434623e-01
    5.14528334e-01 5.13195217e-01 5.17184198e-01 5.24577379e-01
    5.19938409e-01 5.26126027e-01 5.28106093e-01 5.23627281e-01
    5.28100729e-01 5.26852727e-01 5.23085833e-01 5.09721041e-01
    5.16886115e-01 5.17791092e-01 5.22174299e-01 5.09922147e-01
    5.19479156e-01 5.24206936e-01 5.22459507e-01 5.26305139e-01
    5.16219556e-01 5.17479479e-01 5.16457200e-01 5.14314651e-01
    5.12665570e-01 5.09598196e-01 5.03873706e-01 5.08813381e-01
    5.10927737e-01 5.13563812e-01 5.03483355e-01 5.00929475e-01
    5.14148712e-01 5.11001348e-01 4.95972395e-01 4.99261409e-01
    4.94224817e-01 4.95755494e-01 4.90445346e-01 4.78890687e-01
    4.76077080e-01 4.80820417e-01 4.84897465e-01 4.85255778e-01
    4.79867697e-01 4.81059521e-01 4.69286233e-01 4.69293058e-01
    4.71626103e-01 4.74216312e-01 4.76662546e-01 4.83422697e-01
    4.82308239e-01 4.86932844e-01 4.94413912e-01 4.93295133e-01
    5.09774864e-01 5.13433099e-01 5.07910907e-01 5.07774174e-01
    5.07798553e-01 5.15813231e-01 5.09392440e-01 5.21905243e-01
    5.29836833e-01 5.26008487e-01 5.17486989e-01 5.12962282e-01
    5.12526035e-01 5.14224887e-01 5.09360611e-01 4.96272057e-01
    5.06828606e-01 5.02500415e-01 5.04561722e-01 5.06323099e-01
    5.08198738e-01 5.03138840e-01 5.06326616e-01 5.15341938e-01
    5.08915246e-01 5.15459478e-01 5.21690845e-01 5.19187033e-01
    5.18065929e-01 5.14614165e-01 5.10997951e-01 5.12543559e-01
    5.18562853e-01 5.13675332e-01 5.14531136e-01 5.14067769e-01
    5.10135114e-01 5.03174186e-01 5.03657639e-01 4.98592347e-01
    4.98462766e-01 5.01068234e-01 4.91297126e-01 4.80454892e-01
    4.81915414e-01 4.87636447e-01 4.96996969e-01 4.96537715e-01
    5.02312064e-01 4.99537140e-01 5.01022100e-01 4.90285665e-01
    4.80462193e-01 4.83666927e-01 4.87937212e-01 4.89328176e-01
    4.88839984e-01 4.83757764e-01 4.79681402e-01 4.77499932e-01
    4.82584983e-01 4.80655819e-01 4.77379829e-01 4.73405957e-01
    4.80909646e-01 4.61651772e-01 4.71224368e-01 4.69946533e-01
    4.82265621e-01 4.97497976e-01 5.02755642e-01 5.00841737e-01
    5.06436288e-01 5.05687356e-01 5.08877933e-01 5.13083696e-01
    5.17912149e-01 5.10692120e-01 5.11050582e-01 5.17762482e-01
    5.14067888e-01 5.05373895e-01 5.19113243e-01 5.10542214e-01
    5.15241623e-01 5.07836401e-01 5.01883626e-01 4.97164577e-01
    4.98990625e-01 4.93997157e-01 4.90709990e-01 4.85248476e-01
    4.87060815e-01 4.87524182e-01 4.93687421e-01 4.97666806e-01
    4.98090029e-01 4.88178700e-01 4.97275770e-01 4.99189109e-01
    4.99402553e-01 4.87521082e-01 4.90828663e-01 4.91385192e-01
    4.99212980e-01 4.99884158e-01 5.04162133e-01 5.11359096e-01
    5.09189248e-01 5.04933715e-01 5.04444957e-01 5.05407453e-01
    4.99947846e-01 4.89635587e-01 5.04786551e-01 5.03775001e-01
    5.00461936e-01 5.08002281e-01 5.08248031e-01 5.02289832e-01
    5.00583410e-01 4.93416309e-01 4.94728327e-01 4.85829055e-01
    4.84593660e-01 4.95527953e-01 4.93406326e-01 4.96626168e-01
    4.65778053e-01 4.40496832e-01 4.17523056e-01 3.85930538e-01
    3.52021754e-01 3.23230982e-01 2.89966553e-01 2.66836911e-01
    2.47094527e-01 2.74189234e-01 3.07309508e-01 3.37321520e-01
    3.68901581e-01 3.93103331e-01 4.19256538e-01 4.46667105e-01
    4.76652443e-01 4.67486620e-01 4.68003303e-01 4.64060277e-01
    4.58253026e-01 4.55330491e-01 4.72302049e-01 4.65625614e-01
    4.61314470e-01 4.74564910e-01 4.79384243e-01 4.75527763e-01
    4.72443610e-01 4.80657071e-01 4.83228654e-01 4.91749048e-01
    4.95744526e-01 4.90753502e-01 4.89983201e-01 4.94389534e-01
    5.01068234e-01 5.10264397e-01 5.23181021e-01 5.12980223e-01
    5.17056644e-01 5.27505100e-01 5.26912868e-01 5.22761166e-01
    5.25711060e-01 5.22574008e-01 5.10276854e-01 5.11668921e-01
    5.05479455e-01 5.05958140e-01 5.08881927e-01 5.16503096e-01
    5.18531621e-01 5.15582085e-01 5.13115168e-01 5.09942293e-01
    5.12103081e-01 5.08996964e-01 5.01478374e-01 5.02465606e-01
    5.01781106e-01 5.00625193e-01 5.14971852e-01 5.12384593e-01
    5.20821154e-01 5.22940040e-01 5.29674888e-01 5.28939426e-01
    5.29058576e-01 5.23394346e-01 5.31537652e-01 5.22629976e-01
    5.19257724e-01 5.15010476e-01 5.20553291e-01 5.27752578e-01
    5.25479734e-01 5.32229185e-01 5.33950567e-01 5.27634323e-01
    5.32607853e-01 5.32753408e-01 5.28591454e-01 5.15766323e-01
    5.21105587e-01 5.25016189e-01 5.32493055e-01 5.20771623e-01
    5.29207826e-01 5.34645796e-01 5.34028888e-01 5.34544051e-01
    5.26046097e-01 5.28024435e-01 5.27563572e-01 5.21205187e-01
    5.19500256e-01 5.16180873e-01 5.08239448e-01 5.11946023e-01
    5.12578309e-01 5.13515890e-01 5.02922654e-01 4.97902095e-01
    5.10056913e-01 5.05297482e-01 4.93248105e-01 4.98272210e-01
    4.93713140e-01 4.93729949e-01 4.86682445e-01 4.73706871e-01
    4.71843153e-01 4.74361002e-01 4.77839231e-01 4.78993803e-01
    4.74219888e-01 4.79054511e-01 4.66409504e-01 4.67756420e-01
    4.71505284e-01 4.72722828e-01 4.75093514e-01 4.78921056e-01
    4.78694141e-01 4.83781040e-01 4.90059942e-01 4.90912586e-01
    5.09169161e-01 5.13234675e-01 5.10829449e-01 5.13705790e-01
    5.14042318e-01 5.21352768e-01 5.15221655e-01 5.26330233e-01
    5.30810475e-01 5.29197693e-01 5.23628414e-01 5.19103467e-01
    5.20150363e-01 5.22226632e-01 5.18372893e-01 5.07484913e-01
    5.16172349e-01 5.09871542e-01 5.10674775e-01 5.10208249e-01
    5.12748122e-01 5.08801877e-01 5.13039708e-01 5.21064639e-01
    5.19381166e-01 5.27280033e-01 5.30650318e-01 5.25505126e-01
    5.23775101e-01 5.20295203e-01 5.15560269e-01 5.16638100e-01
    5.21501839e-01 5.19410074e-01 5.20373344e-01 5.19875765e-01
    5.19124568e-01 5.09864688e-01 5.11193633e-01 5.07259130e-01
    5.06119728e-01 5.06645203e-01 4.96187836e-01 4.85357136e-01
    4.83690292e-01 4.91520375e-01 4.99724567e-01 4.98295575e-01
    5.03653944e-01 5.03207862e-01 5.04538774e-01 4.94488627e-01
    4.84302789e-01 4.86830771e-01 4.89794165e-01 4.90088046e-01
    4.85692829e-01 4.79188651e-01 4.76033688e-01 4.77063775e-01
    4.84516174e-01 4.83242035e-01 4.78549600e-01 4.74065602e-01
    4.80247557e-01 4.62249637e-01 4.70644742e-01 4.66385335e-01
    4.77977455e-01 4.97102618e-01 4.99869138e-01 4.99262094e-01
    5.03751457e-01 5.08038640e-01 5.12271643e-01 5.14256358e-01
    5.16368151e-01 5.07269144e-01 5.11483729e-01 5.19493401e-01
    5.13539135e-01 5.05392551e-01 5.17480671e-01 5.06896496e-01
    5.11009455e-01 5.06387949e-01 4.98274684e-01 4.92996365e-01
    4.92623627e-01 4.90025371e-01 4.83291268e-01 4.78505820e-01
    4.80147749e-01 4.82134938e-01 4.89719838e-01 4.93446440e-01
    4.93399411e-01 4.87116426e-01 4.98302877e-01 5.03474176e-01
    5.07898152e-01 4.96176809e-01 4.97741759e-01 4.99987900e-01
    5.07201374e-01 5.09216547e-01 5.11165738e-01 5.19563079e-01
    5.17134428e-01 5.14032602e-01 5.11015236e-01 5.09801984e-01
    5.00659227e-01 4.90860641e-01 5.02923608e-01 5.02355337e-01
    4.94001597e-01 4.99948710e-01 5.02288878e-01 4.97495204e-01
    4.93079603e-01 4.90125448e-01 4.94313061e-01 4.85775232e-01
    4.85899299e-01 4.96313363e-01 4.93808091e-01 4.98670399e-01
    4.68446821e-01 4.45613712e-01 4.21360552e-01 3.91961575e-01
    3.56667370e-01 3.30628395e-01 2.96664923e-01 2.72097141e-01
    2.54400283e-01 2.81673640e-01 3.14025134e-01 3.45793843e-01
    3.76063228e-01 4.01415199e-01 4.27919120e-01 4.54169452e-01
    4.84272152e-01 4.75715548e-01 4.75939900e-01 4.72710848e-01
    4.66331303e-01 4.61314559e-01 4.79137599e-01 4.68923807e-01
    4.60426658e-01 4.76300269e-01 4.80948657e-01 4.76463079e-01
    4.70951676e-01 4.79795903e-01 4.81230617e-01 4.87108767e-01
    4.91384566e-01 4.85044450e-01 4.85111684e-01 4.92168278e-01
    4.99907285e-01 5.10477662e-01 5.21869421e-01 5.10120451e-01
    5.14500499e-01 5.28473198e-01 5.25643647e-01 5.20472825e-01
    5.23841918e-01 5.23306191e-01 5.11516273e-01 5.15097439e-01
    5.10931790e-01 5.12273908e-01 5.17642558e-01 5.22152126e-01
    5.23242235e-01 5.16813874e-01 5.13597727e-01 5.13451457e-01
    5.14118314e-01 5.12351811e-01 5.02594531e-01 5.06186247e-01
    5.07468641e-01 5.06923258e-01 5.17126024e-01 5.15138209e-01
    5.22287667e-01 5.24576366e-01 5.29648066e-01 5.28299510e-01
    5.30244768e-01 5.25046945e-01 5.33536971e-01 5.26397288e-01
    5.20708740e-01 5.16596496e-01 5.22547960e-01 5.28900981e-01
    5.25056362e-01 5.29568434e-01 5.32026231e-01 5.28821230e-01
    5.31543612e-01 5.30555129e-01 5.27815104e-01 5.18922031e-01
    5.24036825e-01 5.27181983e-01 5.36167800e-01 5.23625970e-01
    5.29194772e-01 5.36146820e-01 5.37931919e-01 5.34893811e-01
    5.26325285e-01 5.27919590e-01 5.28846920e-01 5.25504053e-01
    5.22462904e-01 5.21019995e-01 5.15943587e-01 5.16523957e-01
    5.13590991e-01 5.16574860e-01 5.04129350e-01 4.97879237e-01
    5.10562003e-01 5.06580770e-01 4.93512779e-01 4.96460795e-01
    4.95230347e-01 4.94716287e-01 4.88441616e-01 4.76301700e-01
    4.73229736e-01 4.76777971e-01 4.77949739e-01 4.75806206e-01
    4.71211135e-01 4.77375388e-01 4.62003857e-01 4.63340312e-01
    4.66670036e-01 4.68809068e-01 4.70665097e-01 4.74422485e-01
    4.75931942e-01 4.78800893e-01 4.86080050e-01 4.88384664e-01
    5.03104568e-01 5.05280554e-01 5.03501296e-01 5.10879874e-01
    5.11577904e-01 5.21388829e-01 5.17896950e-01 5.27551591e-01
    5.34582675e-01 5.33570230e-01 5.28255463e-01 5.25406718e-01
    5.25961459e-01 5.28748214e-01 5.24603546e-01 5.16484618e-01
    5.24391770e-01 5.21897256e-01 5.19185901e-01 5.19475579e-01
    5.18376529e-01 5.15518486e-01 5.17794490e-01 5.23411810e-01
    5.24820745e-01 5.30934811e-01 5.33809602e-01 5.28308928e-01
    5.25213480e-01 5.21421909e-01 5.14853299e-01 5.16197920e-01
    5.18975019e-01 5.17303824e-01 5.18458486e-01 5.20960987e-01
    5.20123065e-01 5.12108445e-01 5.12931228e-01 5.09799659e-01
    5.09579062e-01 5.09049177e-01 5.01607180e-01 4.88106638e-01
    4.84254420e-01 4.93152469e-01 5.00182331e-01 4.99729425e-01
    5.04766822e-01 5.05503356e-01 5.07164598e-01 4.96836364e-01
    4.86732215e-01 4.87420976e-01 4.91608053e-01 4.93524462e-01
    4.91010815e-01 4.84015584e-01 4.79131550e-01 4.80067879e-01
    4.91112679e-01 4.92403775e-01 4.89558011e-01 4.83978331e-01
    4.88454163e-01 4.73317951e-01 4.79242474e-01 4.74229574e-01
    4.84579712e-01 5.00844836e-01 5.01708090e-01 4.99910742e-01
    5.04357755e-01 5.06873906e-01 5.09484589e-01 5.12166381e-01
    5.14872789e-01 5.03592670e-01 5.08395851e-01 5.14741123e-01
    5.11024058e-01 5.02179563e-01 5.14510930e-01 5.02507091e-01
    5.03359616e-01 4.98581976e-01 4.94979024e-01 4.90983814e-01
    4.90178376e-01 4.87835407e-01 4.83235806e-01 4.82080132e-01
    4.84605432e-01 4.85682458e-01 4.93356973e-01 4.98577416e-01
    4.96824235e-01 4.90938157e-01 5.05524397e-01 5.08125842e-01
    5.17622113e-01 5.08871436e-01 5.12853205e-01 5.11239648e-01
    5.20116925e-01 5.20282090e-01 5.18918693e-01 5.25013030e-01
    5.22051454e-01 5.19449651e-01 5.13264835e-01 5.13173461e-01
    5.02552688e-01 4.94424909e-01 5.07148921e-01 5.04650891e-01
    4.98046130e-01 4.99361664e-01 5.03882229e-01 4.98898536e-01
    4.97920752e-01 4.91611362e-01 4.97633576e-01 4.92353678e-01
    4.94796872e-01 5.02288461e-01 4.97145981e-01 5.01957476e-01
    4.70974922e-01 4.47244108e-01 4.21897918e-01 3.91902775e-01
    3.57452601e-01 3.30140203e-01 2.98266500e-01 2.71176308e-01
    2.49923170e-01 2.76984513e-01 3.10421556e-01 3.39903086e-01
    3.71923983e-01 3.97830546e-01 4.22498077e-01 4.48256046e-01
    4.75599945e-01 4.68119353e-01 4.69431132e-01 4.67112333e-01
    4.59725052e-01 4.58330542e-01 4.77237314e-01 4.67947453e-01
    4.62392688e-01 4.77612644e-01 4.82790649e-01 4.76452917e-01
    4.74643975e-01 4.81670976e-01 4.84393865e-01 4.92637783e-01
    4.96771783e-01 4.91706014e-01 4.91778731e-01 4.97140735e-01
    5.06736517e-01 5.14811099e-01 5.26326120e-01 5.12624621e-01
    5.16803384e-01 5.30142605e-01 5.26882589e-01 5.20923495e-01
    5.22159219e-01 5.21873236e-01 5.10641754e-01 5.12935460e-01
    5.09073615e-01 5.09442806e-01 5.15905678e-01 5.19460440e-01
    5.18363535e-01 5.10744214e-01 5.11077940e-01 5.07916093e-01
    5.09993911e-01 5.08017898e-01 4.96329904e-01 5.00301063e-01
    5.01372755e-01 5.06476402e-01 5.15431762e-01 5.11663973e-01
    5.20331800e-01 5.19582570e-01 5.25973082e-01 5.25624275e-01
    5.26101768e-01 5.24091542e-01 5.30733705e-01 5.22476256e-01
    5.15587211e-01 5.11744678e-01 5.17417550e-01 5.22483587e-01
    5.19727170e-01 5.25372803e-01 5.23523390e-01 5.22522271e-01
    5.29741764e-01 5.29485762e-01 5.26882827e-01 5.16806602e-01
    5.19166648e-01 5.23969233e-01 5.34065664e-01 5.25050342e-01
    5.29989004e-01 5.40079296e-01 5.42317629e-01 5.40190220e-01
    5.32846868e-01 5.32639265e-01 5.32636523e-01 5.29919446e-01
    5.22164702e-01 5.16874552e-01 5.08300900e-01 5.09235561e-01
    5.06739795e-01 5.12042224e-01 5.02920508e-01 4.93166655e-01
    5.02133608e-01 4.98245806e-01 4.85289544e-01 4.85642552e-01
    4.85268235e-01 4.85910654e-01 4.81504291e-01 4.72528517e-01
    4.71482962e-01 4.79509920e-01 4.81915981e-01 4.79958534e-01
    4.77199018e-01 4.86237079e-01 4.70184267e-01 4.71290052e-01
    4.73623961e-01 4.74079996e-01 4.79067355e-01 4.79429811e-01
    4.84203517e-01 4.88843203e-01 4.96044457e-01 4.97359306e-01
    5.09378731e-01 5.09258330e-01 5.05762517e-01 5.12190342e-01
    5.15958250e-01 5.23554862e-01 5.16788185e-01 5.24941921e-01
    5.28315067e-01 5.27800083e-01 5.24651110e-01 5.21420836e-01
    5.24505615e-01 5.24213493e-01 5.15814960e-01 5.05594552e-01
    5.14532626e-01 5.09498656e-01 5.07232547e-01 5.06169200e-01
    5.04023850e-01 4.98674512e-01 5.05117297e-01 5.10241449e-01
    5.14806449e-01 5.23999274e-01 5.29790938e-01 5.25091588e-01
    5.21283507e-01 5.16965687e-01 5.13575554e-01 5.17165899e-01
    5.19520521e-01 5.17956376e-01 5.21405041e-01 5.25740564e-01
    5.27329445e-01 5.20832002e-01 5.23463309e-01 5.15575230e-01
    5.15586793e-01 5.11267960e-01 5.03964961e-01 4.92240995e-01
    4.87987280e-01 4.93019462e-01 4.98365343e-01 4.95248675e-01
    5.00979781e-01 5.03622949e-01 5.02925217e-01 4.94504064e-01
    4.85081106e-01 4.81066674e-01 4.86889720e-01 4.87391263e-01
    4.89836633e-01 4.86382663e-01 4.84917402e-01 4.84098196e-01
    4.92247432e-01 4.95151371e-01 4.93595630e-01 4.92512614e-01
    4.98387158e-01 4.82872933e-01 4.86120403e-01 4.83258665e-01
    4.90996897e-01 5.03301322e-01 5.08159578e-01 5.02838254e-01
    5.08586228e-01 5.08587301e-01 5.07436335e-01 5.07193387e-01
    5.09088397e-01 4.99712765e-01 5.05521297e-01 5.11135697e-01
    5.05874455e-01 4.98277098e-01 5.11155128e-01 5.01405239e-01
    4.98045772e-01 4.96157587e-01 4.95088249e-01 4.90941167e-01
    4.91810590e-01 4.87449825e-01 4.83656228e-01 4.86299902e-01
    4.90918964e-01 4.95883584e-01 5.02644181e-01 5.06418645e-01
    5.05048573e-01 5.01400948e-01 5.16376495e-01 5.16547978e-01
    5.25772274e-01 5.22595823e-01 5.25839925e-01 5.22957325e-01
    5.29894531e-01 5.32170951e-01 5.33095956e-01 5.36416531e-01
    5.32842994e-01 5.31489670e-01 5.23201108e-01 5.20099282e-01
    5.07156372e-01 5.02055466e-01 5.13552845e-01 5.10091960e-01
    5.05600989e-01 5.05603790e-01 5.09175718e-01 5.00526845e-01
    5.01016200e-01 4.96566147e-01 5.01812160e-01 4.93267685e-01
    5.00860929e-01 5.07313311e-01 5.01065075e-01 5.05599976e-01
    4.76721346e-01 4.54193801e-01 4.27199274e-01 3.96056056e-01
    3.60748440e-01 3.32946360e-01 3.02259445e-01 2.73850501e-01
    2.50126094e-01 2.75139362e-01 3.08371454e-01 3.34961146e-01
    3.68856847e-01 3.96792561e-01 4.18611735e-01 4.44767356e-01
    4.72268701e-01 4.63374764e-01 4.65737581e-01 4.63970721e-01
    4.55813646e-01 4.55283046e-01 4.73120302e-01 4.62259620e-01
    4.55895454e-01 4.68828589e-01 4.76422012e-01 4.71147269e-01
    4.72943604e-01 4.75146741e-01 4.75748748e-01 4.84615266e-01
    4.86164093e-01 4.80825484e-01 4.80673999e-01 4.87613410e-01
    4.96970534e-01 5.04462302e-01 5.18557847e-01 5.04148543e-01
    5.08188605e-01 5.26516736e-01 5.21652639e-01 5.12433887e-01
    5.11690259e-01 5.08562028e-01 5.02442956e-01 5.03234148e-01
    5.02428710e-01 5.07434487e-01 5.12794375e-01 5.19229472e-01
    5.17131567e-01 5.09802341e-01 5.10964155e-01 5.08083761e-01
    5.10754466e-01 5.10320902e-01 4.94113386e-01 4.99738187e-01
    5.04052341e-01 5.09999037e-01 5.20304382e-01 5.16531348e-01
    5.25551736e-01 5.23359299e-01 5.25384843e-01 5.29237688e-01
    5.28276563e-01 5.25612593e-01 5.30139804e-01 5.21082401e-01
    5.12330294e-01 5.10242760e-01 5.17651320e-01 5.26209056e-01
    5.20417929e-01 5.25825560e-01 5.25312185e-01 5.27120829e-01
    5.34888208e-01 5.33959150e-01 5.34526348e-01 5.28674603e-01
    5.25302291e-01 5.28419256e-01 5.37525117e-01 5.28507352e-01
    5.34487426e-01 5.48318863e-01 5.49806178e-01 5.44582546e-01
    5.34000695e-01 5.37561417e-01 5.36810815e-01 5.34441411e-01
    5.25788307e-01 5.16532481e-01 5.11192560e-01 5.09311855e-01
    5.05344987e-01 5.15052319e-01 5.07299066e-01 5.01098037e-01
    5.12921631e-01 5.09864211e-01 4.95489895e-01 4.95900601e-01
    4.94671643e-01 4.96222705e-01 4.90852773e-01 4.83276814e-01
    4.82135624e-01 4.88051593e-01 4.92865920e-01 4.90070254e-01
    4.87695336e-01 4.95185792e-01 4.77719486e-01 4.77891088e-01
    4.78895754e-01 4.77496952e-01 4.84003276e-01 4.81901795e-01
    4.86811489e-01 4.93728787e-01 5.01662850e-01 5.01814604e-01
    5.14493585e-01 5.11456490e-01 5.09425879e-01 5.13731539e-01
    5.17644584e-01 5.25180459e-01 5.18982589e-01 5.26061296e-01
    5.31250775e-01 5.28448284e-01 5.25142848e-01 5.20407856e-01
    5.26813984e-01 5.26932418e-01 5.17821729e-01 5.07131457e-01
    5.14569521e-01 5.06119609e-01 5.06889105e-01 5.02608657e-01
    5.04587948e-01 4.97740448e-01 5.04315615e-01 5.08489907e-01
    5.12912631e-01 5.19776285e-01 5.27188599e-01 5.25271654e-01
    5.19904375e-01 5.11971414e-01 5.08788168e-01 5.14318526e-01
    5.16742945e-01 5.17475605e-01 5.24003267e-01 5.24726093e-01
    5.29061198e-01 5.18254399e-01 5.23483694e-01 5.14952302e-01
    5.14795661e-01 5.12134969e-01 5.04894912e-01 4.94592488e-01
    4.85636353e-01 4.90709186e-01 4.95957166e-01 4.89678293e-01
    4.95530248e-01 4.97694999e-01 4.94412631e-01 4.88115251e-01
    4.82037455e-01 4.74915713e-01 4.81301397e-01 4.77843344e-01
    4.79850918e-01 4.78564739e-01 4.78687137e-01 4.78027135e-01
    4.84829992e-01 4.90126550e-01 4.90047574e-01 4.90575433e-01
    4.96281832e-01 4.78592068e-01 4.83669966e-01 4.83016700e-01
    4.87615138e-01 4.97711718e-01 5.03295362e-01 4.99168903e-01
    5.04261136e-01 5.05170763e-01 5.02903163e-01 4.99738693e-01
    5.02656937e-01 4.91349608e-01 4.99885947e-01 5.01843333e-01
    4.98189747e-01 4.94121999e-01 5.07053554e-01 4.97062951e-01
    4.92240369e-01 4.91331518e-01 4.92577225e-01 4.91256207e-01
    4.91208732e-01 4.87362623e-01 4.82666463e-01 4.86334085e-01
    4.91407812e-01 4.93839920e-01 5.05765200e-01 5.06144464e-01
    5.07015705e-01 5.03136218e-01 5.14127910e-01 5.13951421e-01
    5.23284197e-01 5.20454824e-01 5.22589207e-01 5.18368542e-01
    5.26144564e-01 5.30085683e-01 5.36039770e-01 5.40607810e-01
    5.35210073e-01 5.32779634e-01 5.25707006e-01 5.20701885e-01
    5.10381937e-01 5.05372286e-01 5.17886579e-01 5.13654292e-01
    5.07799745e-01 5.04229784e-01 5.08754492e-01 5.01068234e-01
    4.99452204e-01 4.91800457e-01 4.93432701e-01 4.81168240e-01
    4.88097191e-01 4.94336784e-01 4.88106579e-01 4.95698184e-01
    4.66549963e-01 4.42485511e-01 4.15253699e-01 3.81791413e-01
    3.49369138e-01 3.23158264e-01 2.94986576e-01 2.66836584e-01
    2.50088364e-01 2.73081303e-01 3.06911290e-01 3.33318204e-01
    3.65081489e-01 3.93757522e-01 4.14483130e-01 4.41481143e-01
    4.69127268e-01 4.60045516e-01 4.65714872e-01 4.61684734e-01
    4.53009307e-01 4.56339598e-01 4.74870801e-01 4.64019060e-01
    4.58440274e-01 4.73320812e-01 4.84451890e-01 4.78110760e-01
    4.79916960e-01 4.84260201e-01 4.84472007e-01 4.94469583e-01
    4.92137790e-01 4.87766385e-01 4.86369997e-01 4.90847826e-01
    4.97810543e-01 5.04899979e-01 5.17204344e-01 5.02662361e-01
    5.09087861e-01 5.26049376e-01 5.19050777e-01 5.09373248e-01
    5.06873190e-01 5.05366743e-01 5.00413775e-01 4.99783605e-01
    4.96086508e-01 5.04294395e-01 5.09258628e-01 5.16773582e-01
    5.14296472e-01 5.09522080e-01 5.08023977e-01 5.04577696e-01
    5.07628858e-01 5.08841157e-01 4.94370848e-01 4.96776044e-01
    5.00960767e-01 5.10080934e-01 5.19279003e-01 5.15918314e-01
    5.26078045e-01 5.25531292e-01 5.29360950e-01 5.32970071e-01
    5.33455908e-01 5.34134746e-01 5.38886011e-01 5.32489061e-01
    5.23034036e-01 5.20376384e-01 5.27054787e-01 5.31302154e-01
    5.26960850e-01 5.31402230e-01 5.29808700e-01 5.30816555e-01
    5.36691010e-01 5.34291804e-01 5.36067188e-01 5.30325949e-01
    5.25734782e-01 5.26842475e-01 5.31657279e-01 5.23175240e-01
    5.26541829e-01 5.40794849e-01 5.45137584e-01 5.39144397e-01
    5.31198323e-01 5.35827339e-01 5.38015425e-01 5.37366569e-01
    5.31296313e-01 5.22795916e-01 5.20530045e-01 5.18989086e-01
    5.12602031e-01 5.25209844e-01 5.19894123e-01 5.14116168e-01
    5.27069569e-01 5.27463078e-01 5.13503969e-01 5.12103736e-01
    5.12090266e-01 5.14867485e-01 5.08580983e-01 4.98576373e-01
    4.94624883e-01 4.99819219e-01 5.04569590e-01 5.01211584e-01
    5.00185609e-01 5.06578445e-01 4.86021817e-01 4.84569877e-01
    4.87553537e-01 4.81384039e-01 4.84960765e-01 4.83547628e-01
    4.87712264e-01 4.94439900e-01 5.00647485e-01 5.02998412e-01
    5.13007343e-01 5.11795282e-01 5.08294761e-01 5.11307538e-01
    5.15506208e-01 5.19947112e-01 5.15166521e-01 5.22252440e-01
    5.25031507e-01 5.22410333e-01 5.19851744e-01 5.15572965e-01
    5.21437705e-01 5.22197247e-01 5.14078200e-01 5.05331516e-01
    5.11170387e-01 5.03761828e-01 5.04317343e-01 4.99038011e-01
    5.02226651e-01 4.94072616e-01 5.01686871e-01 5.06682277e-01
    5.11384428e-01 5.21490693e-01 5.27682722e-01 5.25938928e-01
    5.22267818e-01 5.15525579e-01 5.09918213e-01 5.13526678e-01
    5.12754440e-01 5.11653066e-01 5.21676600e-01 5.21486700e-01
    5.26759326e-01 5.14921486e-01 5.18852472e-01 5.10757148e-01
    5.10376632e-01 5.10309696e-01 5.02751946e-01 4.89342451e-01
    4.80777293e-01 4.87816304e-01 4.91196871e-01 4.86252725e-01
    4.88949299e-01 4.92597520e-01 4.92265582e-01 4.82504368e-01
    4.77488518e-01 4.69945550e-01 4.73869234e-01 4.70543295e-01
    4.71515805e-01 4.69772518e-01 4.69356745e-01 4.69042778e-01
    4.76877242e-01 4.83459145e-01 4.83306199e-01 4.83919978e-01
    4.91694808e-01 4.77022350e-01 4.80742037e-01 4.78793770e-01
    4.86437708e-01 4.95676488e-01 5.02824247e-01 5.02647460e-01
    5.06464899e-01 5.11075497e-01 5.06121635e-01 5.00146508e-01
    5.03696024e-01 4.95908320e-01 5.04932046e-01 5.01373768e-01
    4.99772519e-01 4.95608568e-01 5.09198785e-01 5.01429796e-01
    4.97640997e-01 4.93331850e-01 4.95865494e-01 4.92553502e-01
    4.89414901e-01 4.89272207e-01 4.79799122e-01 4.83891279e-01
    4.87965673e-01 4.86924618e-01 4.97830927e-01 4.95533168e-01
    5.01475334e-01 4.96463001e-01 5.04231572e-01 5.03190875e-01
    5.11179030e-01 5.05741119e-01 5.11227369e-01 5.04323065e-01
    5.14231980e-01 5.21524251e-01 5.28788805e-01 5.35121143e-01
    5.33011079e-01 5.33597410e-01 5.31180859e-01 5.24322748e-01
    5.14978528e-01 5.05770564e-01 5.15866816e-01 5.12683392e-01
    5.07664382e-01 5.04627347e-01 5.11553645e-01 5.04124701e-01
    5.05037606e-01 4.96854007e-01 4.97440130e-01 4.84224141e-01
    4.90536600e-01 4.94825780e-01 4.90238726e-01 4.92606193e-01
    4.65097189e-01 4.42277402e-01 4.16879296e-01 3.85069698e-01
    3.53199959e-01 3.26400787e-01 2.98158377e-01 2.69885629e-01
    2.54262805e-01 2.77798474e-01 3.09441835e-01 3.35618705e-01
    3.67625326e-01 3.98705542e-01 4.20429498e-01 4.48225141e-01
    4.75621521e-01 4.67496663e-01 4.73701060e-01 4.67954159e-01
    4.58751291e-01 4.63570744e-01 4.78689671e-01 4.68094677e-01
    4.62890834e-01 4.76365715e-01 4.86704528e-01 4.84454840e-01
    4.87061471e-01 4.88315821e-01 4.84203845e-01 4.94575024e-01
    4.91230577e-01 4.88638937e-01 4.87658918e-01 4.90708292e-01
    4.98077601e-01 5.07856965e-01 5.15135050e-01 5.01579344e-01
    5.07186413e-01 5.23839295e-01 5.16308844e-01 5.07346869e-01
    5.01807392e-01 4.99956667e-01 4.98697340e-01 4.98800159e-01
    4.93631512e-01 5.03376842e-01 5.06338000e-01 5.13606071e-01
    5.11705220e-01 5.08310080e-01 5.04710019e-01 5.03805935e-01
    5.04882097e-01 5.07893443e-01 4.93939519e-01 4.96292591e-01
    4.98428017e-01 5.08289218e-01 5.20406067e-01 5.15323937e-01
    5.27318299e-01 5.28673530e-01 5.30953407e-01 5.35103619e-01
    5.34159064e-01 5.31847596e-01 5.32878637e-01 5.27057350e-01
    5.17966807e-01 5.17931879e-01 5.22503078e-01 5.27710617e-01
    5.21361649e-01 5.27959049e-01 5.28787911e-01 5.25854707e-01
    5.34162223e-01 5.30734599e-01 5.29733777e-01 5.22782683e-01
    5.16214252e-01 5.17824590e-01 5.22806585e-01 5.19651592e-01
    5.24613678e-01 5.40253997e-01 5.45183599e-01 5.38601279e-01
    5.28211415e-01 5.37703991e-01 5.37280083e-01 5.33211291e-01
    5.26176572e-01 5.17237365e-01 5.12313545e-01 5.09459913e-01
    5.07146001e-01 5.21983922e-01 5.17691612e-01 5.14244974e-01
    5.23020267e-01 5.21411836e-01 5.06396532e-01 5.05665362e-01
    5.08459151e-01 5.11878908e-01 5.02458096e-01 4.94139910e-01
    4.90180701e-01 4.95661169e-01 4.99708742e-01 4.97125477e-01
    4.97714430e-01 5.03157914e-01 4.81846601e-01 4.79767382e-01
    4.82399881e-01 4.76406753e-01 4.81358409e-01 4.79603618e-01
    4.85313565e-01 4.88730401e-01 4.92750198e-01 4.97120500e-01
    5.06260812e-01 5.06173849e-01 5.02153337e-01 5.01408935e-01
    5.07181883e-01 5.14347315e-01 5.06752670e-01 5.16619265e-01
    5.18933654e-01 5.16337097e-01 5.14489651e-01 5.05748689e-01
    5.11471629e-01 5.08505404e-01 5.01835048e-01 4.94535953e-01
    4.96631950e-01 4.91635531e-01 4.92777199e-01 4.88608479e-01
    4.94990706e-01 4.85591710e-01 4.90602672e-01 4.96273279e-01
    5.00325561e-01 5.09475350e-01 5.13197422e-01 5.12401223e-01
    5.10871708e-01 5.01478612e-01 4.99378979e-01 5.02454698e-01
    5.01844704e-01 4.99746352e-01 5.07124364e-01 5.06892264e-01
    5.13973355e-01 5.02184451e-01 5.06944418e-01 5.01477540e-01
    5.01323402e-01 4.97744977e-01 4.91601467e-01 4.81540382e-01
    4.73833203e-01 4.82733309e-01 4.87837076e-01 4.80025619e-01
    4.83147919e-01 4.85600770e-01 4.86484349e-01 4.79724973e-01
    4.74259108e-01 4.64972943e-01 4.70256180e-01 4.66731966e-01
    4.66075033e-01 4.67852741e-01 4.67600882e-01 4.67474461e-01
    4.76881206e-01 4.82835501e-01 4.83228862e-01 4.87116694e-01
    4.93627995e-01 4.80363101e-01 4.83681172e-01 4.81926352e-01
    4.88077313e-01 4.96327728e-01 5.02367675e-01 5.02730548e-01
    5.05250633e-01 5.09564459e-01 4.99993384e-01 4.97119635e-01
    5.00637770e-01 4.90901113e-01 4.98999327e-01 4.95378405e-01
    4.91296709e-01 4.89282280e-01 5.00017941e-01 4.97844428e-01
    4.95385587e-01 4.90320772e-01 4.94897991e-01 4.93764460e-01
    4.86795843e-01 4.90257382e-01 4.80252892e-01 4.83323365e-01
    4.86501873e-01 4.85462874e-01 4.98098880e-01 4.97152299e-01
    5.00128090e-01 4.97607112e-01 5.04210353e-01 5.05972743e-01
    5.12014151e-01 5.08466721e-01 5.12425900e-01 5.03696561e-01
    5.11522651e-01 5.19217968e-01 5.26014745e-01 5.32252312e-01
    5.31844616e-01 5.31827867e-01 5.30817807e-01 5.18965065e-01
    5.10952711e-01 5.04728317e-01 5.14546275e-01 5.11982679e-01
    5.06186604e-01 5.03771365e-01 5.06230414e-01 5.02800643e-01
    5.04371643e-01 4.96518105e-01 5.00358999e-01 4.86825496e-01
    4.92002845e-01 4.94400024e-01 4.91719127e-01 4.90915120e-01
    4.66281414e-01 4.41615850e-01 4.14491236e-01 3.80547374e-01
    3.49064469e-01 3.22107911e-01 2.92801410e-01 2.67440647e-01
    2.50806272e-01 2.72505552e-01 3.04822445e-01 3.32545131e-01
    3.61519784e-01 3.90919268e-01 4.11384076e-01 4.38409418e-01
    4.67590630e-01 4.61375743e-01 4.69351321e-01 4.61388588e-01
    4.54463035e-01 4.58052456e-01 4.73096073e-01 4.65655684e-01
    4.60591018e-01 4.72892016e-01 4.86036539e-01 4.81680930e-01
    4.81422246e-01 4.85370070e-01 4.84870285e-01 4.96094316e-01
    4.92026508e-01 4.86564636e-01 4.86938924e-01 4.92519766e-01
    4.98760402e-01 5.09848356e-01 5.15394032e-01 5.03190279e-01
    5.06845057e-01 5.19501746e-01 5.11857688e-01 5.00853300e-01
    4.96543825e-01 4.93711293e-01 4.91393149e-01 4.87543523e-01
    4.84680235e-01 4.95192528e-01 4.97750491e-01 5.04917741e-01
    5.02881646e-01 5.01326025e-01 4.94573444e-01 4.95165318e-01
    4.96422529e-01 4.97492462e-01 4.88257110e-01 4.89701271e-01
    4.93819475e-01 5.03350854e-01 5.20798385e-01 5.17785132e-01
    5.30387163e-01 5.31289101e-01 5.35354674e-01 5.40511310e-01
    5.35354137e-01 5.27764261e-01 5.28390348e-01 5.25090754e-01
    5.14027655e-01 5.13123035e-01 5.17027199e-01 5.19722760e-01
    5.15337050e-01 5.21055222e-01 5.20387709e-01 5.14116287e-01
    5.21094322e-01 5.18187404e-01 5.13194561e-01 5.05035102e-01
    4.96326089e-01 4.99590397e-01 5.06920278e-01 5.05758703e-01
    5.13644397e-01 5.29020905e-01 5.34234464e-01 5.28896511e-01
    5.20866334e-01 5.27905405e-01 5.29178679e-01 5.26167095e-01
    5.20844817e-01 5.10927558e-01 5.05653262e-01 5.06098807e-01
    5.01258671e-01 5.17065287e-01 5.13035536e-01 5.10192156e-01
    5.16630411e-01 5.11819243e-01 5.01149237e-01 5.00700951e-01
    5.03836215e-01 5.08331776e-01 5.00175834e-01 4.91644353e-01
    4.89033759e-01 4.93069530e-01 5.01522303e-01 5.02248824e-01
    5.01686633e-01 5.10308802e-01 4.91889656e-01 4.90669012e-01
    4.92151022e-01 4.88273114e-01 4.94725317e-01 4.94133472e-01
    4.98886436e-01 5.03484547e-01 5.05689621e-01 5.09474337e-01
    5.16698360e-01 5.14770985e-01 5.12127101e-01 5.06168187e-01
    5.09884596e-01 5.18295050e-01 5.13262868e-01 5.23243070e-01
    5.24935544e-01 5.22056758e-01 5.18652558e-01 5.08675873e-01
    5.12310326e-01 5.08948922e-01 5.02700806e-01 4.96203661e-01
    4.98806626e-01 4.92310375e-01 4.93766665e-01 4.90959883e-01
    5.00047863e-01 4.90316719e-01 4.92735505e-01 4.94584411e-01
    4.95550543e-01 5.05270779e-01 5.11666238e-01 5.09021819e-01
    5.07111371e-01 4.96577352e-01 4.94120747e-01 4.98897195e-01
    4.94993299e-01 4.90521759e-01 5.01915693e-01 5.00934005e-01
    5.02775788e-01 4.90309596e-01 4.95291203e-01 4.91609931e-01
    4.89967734e-01 4.87125844e-01 4.81766224e-01 4.70857859e-01
    4.65112239e-01 4.77501810e-01 4.85278130e-01 4.80283648e-01
    4.82202202e-01 4.87498254e-01 4.92396206e-01 4.82057393e-01
    4.78501499e-01 4.70272601e-01 4.78689402e-01 4.75177526e-01
    4.74755019e-01 4.77304101e-01 4.80893433e-01 4.80338931e-01
    4.88841355e-01 4.97235000e-01 4.93904561e-01 4.98050004e-01
    5.03646076e-01 4.90518272e-01 4.92476791e-01 4.88747537e-01
    4.96524066e-01 5.04864573e-01 5.13618946e-01 5.10711610e-01
    5.11928499e-01 5.14115810e-01 5.06024480e-01 4.99664336e-01
    5.02201021e-01 4.94582623e-01 4.98884767e-01 4.97010261e-01
    4.90617543e-01 4.89957958e-01 4.96391356e-01 4.93471235e-01
    4.92973000e-01 4.88145322e-01 4.92693514e-01 4.90937948e-01
    4.85051543e-01 4.92518306e-01 4.86055017e-01 4.86894757e-01
    4.91871566e-01 4.90277052e-01 4.97969896e-01 4.98120427e-01
    4.98996943e-01 4.96676326e-01 5.03391623e-01 5.09459019e-01
    5.15912056e-01 5.13132274e-01 5.14782608e-01 5.06554902e-01
    5.12022972e-01 5.18336475e-01 5.21938384e-01 5.27296245e-01
    5.29876590e-01 5.31027853e-01 5.30331910e-01 5.23614883e-01
    5.15163004e-01 5.09707749e-01 5.18083274e-01 5.14269769e-01
    5.05733371e-01 5.02426624e-01 5.02687156e-01 5.01262784e-01
    5.01456201e-01 4.95553195e-01 5.02647638e-01 4.89768654e-01
    4.95120496e-01 4.99036223e-01 4.93918091e-01 4.95291293e-01
    4.68440473e-01 4.44315106e-01 4.17557150e-01 3.85044366e-01
    3.53122145e-01 3.27323377e-01 2.99399346e-01 2.73990631e-01
    2.33919218e-01 2.52822518e-01 2.83673704e-01 3.11051548e-01
    3.38397086e-01 3.65342617e-01 3.83234471e-01 4.08510059e-01
    4.36442286e-01 4.31449741e-01 4.40988094e-01 4.32537794e-01
    4.25715834e-01 4.29437727e-01 4.42483574e-01 4.37383056e-01
    4.33940560e-01 4.43046689e-01 4.55719709e-01 4.50845182e-01
    4.50671613e-01 4.53169852e-01 4.54316109e-01 4.65360135e-01
    4.61034000e-01 4.54511046e-01 4.55860466e-01 4.58303899e-01
    4.64205086e-01 4.73193675e-01 4.77724761e-01 4.65530246e-01
    4.69147742e-01 4.81172234e-01 4.73802745e-01 4.63064224e-01
    4.60553765e-01 4.57884371e-01 4.56917912e-01 4.50658977e-01
    4.48926002e-01 4.60071474e-01 4.62302059e-01 4.67551917e-01
    4.67992991e-01 4.67283696e-01 4.62642938e-01 4.64926690e-01
    4.66576993e-01 4.66458589e-01 4.57681477e-01 4.61497247e-01
    4.65600789e-01 4.73476529e-01 4.87580925e-01 4.85859692e-01
    4.99143064e-01 4.98795331e-01 5.01009166e-01 5.07254660e-01
    5.01443326e-01 4.94067818e-01 4.93905097e-01 4.90531147e-01
    4.80179727e-01 4.81209189e-01 4.86702323e-01 4.89281178e-01
    4.82416987e-01 4.88081098e-01 4.86825049e-01 4.82498884e-01
    4.87708658e-01 4.86219913e-01 4.84016985e-01 4.77912128e-01
    4.69945073e-01 4.72634494e-01 4.77278113e-01 4.77952331e-01
    4.85009462e-01 4.98038024e-01 5.02025366e-01 4.94628906e-01
    4.87579584e-01 4.97489095e-01 5.00190318e-01 4.98268187e-01
    4.94348764e-01 4.86201108e-01 4.78805244e-01 4.78583932e-01
    4.72055554e-01 4.85419482e-01 4.83938336e-01 4.82301772e-01
    4.88294393e-01 4.84594494e-01 4.74340647e-01 4.73456889e-01
    4.78687823e-01 4.83040094e-01 4.75131541e-01 4.67117131e-01
    4.64548022e-01 4.68574911e-01 4.74453419e-01 4.75155145e-01
    4.74466890e-01 4.84843343e-01 4.68766868e-01 4.66203272e-01
    4.68845189e-01 4.62818593e-01 4.66726631e-01 4.65829194e-01
    4.72137779e-01 4.75989759e-01 4.77513969e-01 4.79737550e-01
    4.85714793e-01 4.84660447e-01 4.81735229e-01 4.78504568e-01
    4.84406263e-01 4.91970062e-01 4.87073362e-01 4.96947199e-01
    4.98541474e-01 4.94299591e-01 4.92506504e-01 4.82652307e-01
    4.85928982e-01 4.79955047e-01 4.73721683e-01 4.67928529e-01
    4.71179754e-01 4.66825277e-01 4.67769086e-01 4.63654220e-01
    4.71179277e-01 4.60877091e-01 4.62650359e-01 4.64456886e-01
    4.66330975e-01 4.75598454e-01 4.81598318e-01 4.79755700e-01
    4.80407238e-01 4.69871014e-01 4.69956875e-01 4.75721359e-01
    4.72174078e-01 4.66063350e-01 4.75462526e-01 4.74324703e-01
    4.75515395e-01 4.64819610e-01 4.70028013e-01 4.65940177e-01
    4.64097053e-01 4.57941920e-01 4.54173207e-01 4.44370151e-01
    4.35865372e-01 4.46325481e-01 4.57483530e-01 4.51525956e-01
    4.51872021e-01 4.57514137e-01 4.62818474e-01 4.53450739e-01
    4.50684905e-01 4.43843484e-01 4.51872855e-01 4.46934462e-01
    4.46955830e-01 4.50329542e-01 4.54700410e-01 4.53208029e-01
    4.60445940e-01 4.70789611e-01 4.66674179e-01 4.67642099e-01
    4.73292261e-01 4.61439103e-01 4.61156726e-01 4.58850473e-01
    4.65353906e-01 4.72144306e-01 4.79185939e-01 4.75277185e-01
    4.76662904e-01 4.78280216e-01 4.70043242e-01 4.65937704e-01
    4.67173189e-01 4.61967200e-01 4.67008293e-01 4.66691762e-01
    4.60655332e-01 4.58582431e-01 4.64526504e-01 4.62258279e-01
    4.60423321e-01 4.57252681e-01 4.60960388e-01 4.60057288e-01
    4.53480601e-01 4.62735474e-01 4.59021419e-01 4.60227430e-01
    4.64139074e-01 4.64525819e-01 4.72266287e-01 4.70438927e-01
    4.71759796e-01 4.71816391e-01 4.78579789e-01 4.84869599e-01
    4.90590692e-01 4.89249587e-01 4.90543574e-01 4.84169096e-01
    4.88572598e-01 4.96148080e-01 4.99915391e-01 5.04724503e-01
    5.06242931e-01 5.06644547e-01 5.04060745e-01 4.97295111e-01
    4.90337223e-01 4.84744847e-01 4.93567586e-01 4.91395921e-01
    4.83505756e-01 4.80902284e-01 4.79688615e-01 4.76103902e-01
    4.75361139e-01 4.71787304e-01 4.78749692e-01 4.66299415e-01
    4.70014930e-01 4.72427100e-01 4.68741238e-01 4.71205831e-01
    4.44944918e-01 4.21985030e-01 3.96626383e-01 3.64149600e-01
    3.33759189e-01 3.08194488e-01 2.82142490e-01 2.58937478e-01
    2.19205633e-01 2.37197131e-01 2.65799373e-01 2.90483832e-01
    3.14551175e-01 3.39054197e-01 3.54333282e-01 3.76930237e-01
    4.03237551e-01 3.98011416e-01 4.04654235e-01 3.96126479e-01
    3.91402036e-01 3.96058261e-01 4.08135325e-01 4.00549799e-01
    3.97471517e-01 4.06323731e-01 4.17495847e-01 4.13323581e-01
    4.12620217e-01 4.16942120e-01 4.19762194e-01 4.30276424e-01
    4.27643836e-01 4.21075463e-01 4.22355354e-01 4.24364686e-01
    4.30018216e-01 4.38407451e-01 4.41775680e-01 4.30792153e-01
    4.34255570e-01 4.45451349e-01 4.38927889e-01 4.28077608e-01
    4.24194932e-01 4.21903044e-01 4.19705778e-01 4.13791597e-01
    4.14090842e-01 4.23750460e-01 4.25752789e-01 4.30253357e-01
    4.30945188e-01 4.28485245e-01 4.23904151e-01 4.27552253e-01
    4.28592920e-01 4.30073112e-01 4.21821237e-01 4.25959945e-01
    4.30760682e-01 4.40340519e-01 4.55426186e-01 4.54346120e-01
    4.66993928e-01 4.66551065e-01 4.68254477e-01 4.74629611e-01
    4.71164346e-01 4.65560883e-01 4.65643078e-01 4.61719573e-01
    4.51690435e-01 4.50767517e-01 4.54556465e-01 4.59519267e-01
    4.54172075e-01 4.59663391e-01 4.58325922e-01 4.52617109e-01
    4.57376927e-01 4.55939442e-01 4.52962071e-01 4.48454142e-01
    4.40610647e-01 4.42468762e-01 4.47897434e-01 4.48501438e-01
    4.54624504e-01 4.66366857e-01 4.71797824e-01 4.65064347e-01
    4.56675410e-01 4.66749638e-01 4.68483180e-01 4.66431648e-01
    4.63075757e-01 4.54381406e-01 4.45657760e-01 4.45059031e-01
    4.39041495e-01 4.50922102e-01 4.48427767e-01 4.45599109e-01
    4.52398837e-01 4.49024945e-01 4.40937042e-01 4.41667140e-01
    4.47847009e-01 4.52012628e-01 4.41545755e-01 4.35550064e-01
    4.33750600e-01 4.37835425e-01 4.46387351e-01 4.49279845e-01
    4.49195564e-01 4.57792789e-01 4.44732547e-01 4.43713427e-01
    4.44754422e-01 4.37263757e-01 4.41729933e-01 4.40790594e-01
    4.45784658e-01 4.50312197e-01 4.52363729e-01 4.56415325e-01
    4.59953547e-01 4.59041417e-01 4.57850516e-01 4.53142673e-01
    4.56752211e-01 4.63882446e-01 4.59418654e-01 4.66726810e-01
    4.66421604e-01 4.63236749e-01 4.61660445e-01 4.50724602e-01
    4.53073472e-01 4.45195764e-01 4.38075602e-01 4.31002021e-01
    4.32399005e-01 4.29734081e-01 4.28538084e-01 4.23408329e-01
    4.32015508e-01 4.20878857e-01 4.23712850e-01 4.25697058e-01
    4.28568333e-01 4.39101219e-01 4.44192588e-01 4.44683313e-01
    4.47305202e-01 4.37760919e-01 4.40369129e-01 4.46426392e-01
    4.42938387e-01 4.37559187e-01 4.47083086e-01 4.46825325e-01
    4.47474927e-01 4.37269479e-01 4.42856401e-01 4.37216401e-01
    4.34100360e-01 4.28299695e-01 4.24876869e-01 4.16577339e-01
    4.08269972e-01 4.17753279e-01 4.26491737e-01 4.21205550e-01
    4.21775371e-01 4.28970844e-01 4.33349997e-01 4.23618436e-01
    4.20908153e-01 4.16339338e-01 4.21207160e-01 4.16527748e-01
    4.16040152e-01 4.20855761e-01 4.24518049e-01 4.21967387e-01
    4.30921674e-01 4.41101551e-01 4.36585397e-01 4.39373285e-01
    4.41768497e-01 4.29951251e-01 4.27843839e-01 4.25569922e-01
    4.31985348e-01 4.38090205e-01 4.42091614e-01 4.41610843e-01
    4.43412274e-01 4.47267175e-01 4.38492835e-01 4.35910761e-01
    4.36435401e-01 4.28269058e-01 4.33049202e-01 4.35031980e-01
    4.26562250e-01 4.27656949e-01 4.33455348e-01 4.33487147e-01
    4.33713406e-01 4.29447055e-01 4.32379484e-01 4.31384325e-01
    4.24626678e-01 4.33817893e-01 4.30619627e-01 4.33806986e-01
    4.35693115e-01 4.36310351e-01 4.43967581e-01 4.42015380e-01
    4.42152351e-01 4.43386286e-01 4.49240744e-01 4.53458518e-01
    4.58495826e-01 4.55725968e-01 4.59261805e-01 4.52722937e-01
    4.59821165e-01 4.66206402e-01 4.69563365e-01 4.72401947e-01
    4.73873496e-01 4.76198852e-01 4.73326981e-01 4.69555855e-01
    4.63399649e-01 4.58227754e-01 4.68034148e-01 4.65410560e-01
    4.58024710e-01 4.54232037e-01 4.55482006e-01 4.51176345e-01
    4.51717705e-01 4.46818948e-01 4.54432905e-01 4.42614764e-01
    4.46001023e-01 4.45717007e-01 4.40921515e-01 4.44366872e-01
    4.18206215e-01 3.95659864e-01 3.71185094e-01 3.39697182e-01
    3.10868293e-01 2.87960470e-01 2.64500320e-01 2.41410226e-01
    2.02156499e-01 2.19549507e-01 2.45263696e-01 2.68630832e-01
    2.92592496e-01 3.16427588e-01 3.31030577e-01 3.51668477e-01
    3.75304133e-01 3.72716755e-01 3.80550891e-01 3.72268379e-01
    3.67439389e-01 3.72069776e-01 3.81341040e-01 3.76217067e-01
    3.73949230e-01 3.80923927e-01 3.89905155e-01 3.88428122e-01
    3.86841118e-01 3.88118505e-01 3.88596714e-01 3.97537917e-01
    3.95245373e-01 3.91044080e-01 3.92812759e-01 3.94577920e-01
    4.00612086e-01 4.08254892e-01 4.11827713e-01 4.02785212e-01
    4.05129522e-01 4.14133906e-01 4.07818973e-01 3.97092640e-01
    3.92508775e-01 3.90066445e-01 3.88970643e-01 3.84899825e-01
    3.87044996e-01 3.95304739e-01 3.95483106e-01 3.97691399e-01
    3.99261683e-01 3.97762269e-01 3.92712563e-01 3.95194083e-01
    3.95624816e-01 3.98236781e-01 3.92945886e-01 3.97864938e-01
    4.02871966e-01 4.10186648e-01 4.24248070e-01 4.21838999e-01
    4.32974696e-01 4.31326509e-01 4.33635861e-01 4.40293342e-01
    4.36517537e-01 4.31890965e-01 4.31472033e-01 4.27093774e-01
    4.19114530e-01 4.16894376e-01 4.19134915e-01 4.22886014e-01
    4.17240024e-01 4.21988010e-01 4.20614064e-01 4.15187955e-01
    4.21639889e-01 4.22679275e-01 4.18026835e-01 4.13589209e-01
    4.07552868e-01 4.10023391e-01 4.14142489e-01 4.15887922e-01
    4.20995533e-01 4.31427091e-01 4.38248694e-01 4.31298852e-01
    4.23244208e-01 4.32441980e-01 4.36138868e-01 4.35292393e-01
    4.32981998e-01 4.25940335e-01 4.16890889e-01 4.19100165e-01
    4.12992716e-01 4.22938854e-01 4.22361821e-01 4.20529455e-01
    4.24833268e-01 4.21959043e-01 4.14549440e-01 4.16423827e-01
    4.23476189e-01 4.27882195e-01 4.20591593e-01 4.15483385e-01
    4.14974868e-01 4.18749899e-01 4.25017983e-01 4.27810252e-01
    4.27843958e-01 4.37462360e-01 4.26337838e-01 4.24405158e-01
    4.25019383e-01 4.19043332e-01 4.23593730e-01 4.22851443e-01
    4.25379187e-01 4.29965019e-01 4.29892898e-01 4.33991462e-01
    4.34429348e-01 4.31244254e-01 4.30490017e-01 4.26516026e-01
    4.27608937e-01 4.32149470e-01 4.27443445e-01 4.33417946e-01
    4.31927800e-01 4.28634167e-01 4.25777435e-01 4.17138994e-01
    4.18996006e-01 4.13228899e-01 4.07454252e-01 4.03278649e-01
    4.01381642e-01 4.00563627e-01 3.99953425e-01 3.95845652e-01
    4.02996033e-01 3.93898457e-01 3.97067130e-01 3.98037523e-01
    3.99111062e-01 4.08658206e-01 4.11927700e-01 4.14707303e-01
    4.16043162e-01 4.04463619e-01 4.04935926e-01 4.10020113e-01
    4.06240672e-01 4.03799891e-01 4.12509441e-01 4.11670506e-01
    4.13122505e-01 4.03382480e-01 4.08886880e-01 4.04462039e-01
    4.01457876e-01 3.98630649e-01 3.98063898e-01 3.92574728e-01
    3.84377927e-01 3.92646283e-01 4.01987195e-01 3.96389872e-01
    3.95899147e-01 4.01003271e-01 4.03352946e-01 3.95478904e-01
    3.95076752e-01 3.89886677e-01 3.95390421e-01 3.89964044e-01
    3.89628738e-01 3.95131469e-01 3.95875096e-01 3.91530931e-01
    3.99934113e-01 4.10116374e-01 4.06298012e-01 4.08637017e-01
    4.11448687e-01 4.01987433e-01 4.00010675e-01 3.99584115e-01
    4.03252959e-01 4.07464266e-01 4.10941303e-01 4.12354738e-01
    4.14170533e-01 4.16075051e-01 4.05721247e-01 4.05837685e-01
    4.06707913e-01 3.98171067e-01 4.01523113e-01 4.04731184e-01
    3.98254424e-01 4.01308954e-01 4.04969037e-01 4.05908048e-01
    4.03591543e-01 3.99980724e-01 4.04632896e-01 4.03715909e-01
    3.93576443e-01 4.02617753e-01 3.99349898e-01 4.04734433e-01
    4.05371636e-01 4.06375706e-01 4.11881447e-01 4.09038216e-01
    4.06748176e-01 4.08119738e-01 4.11565363e-01 4.15122747e-01
    4.18683648e-01 4.17948991e-01 4.21110451e-01 4.12431449e-01
    4.19079125e-01 4.28824425e-01 4.31357861e-01 4.34612572e-01
    4.35919762e-01 4.37275290e-01 4.35575634e-01 4.32034612e-01
    4.26194519e-01 4.21351314e-01 4.29698825e-01 4.27482307e-01
    4.21450943e-01 4.20383036e-01 4.22243416e-01 4.20629054e-01
    4.23534185e-01 4.17898715e-01 4.22802657e-01 4.13211346e-01
    4.17593777e-01 4.18721557e-01 4.16048408e-01 4.18740004e-01
    3.95698696e-01 3.75406593e-01 3.53654534e-01 3.24316889e-01
    2.98358321e-01 2.77034402e-01 2.53819138e-01 2.31238425e-01
    1.88978180e-01 2.05172509e-01 2.27594078e-01 2.50670075e-01
    2.71593183e-01 2.95291334e-01 3.08067501e-01 3.26953411e-01
    3.49032640e-01 3.46258909e-01 3.52504998e-01 3.45215589e-01
    3.40454489e-01 3.44148964e-01 3.54285121e-01 3.48984063e-01
    3.46538007e-01 3.51508617e-01 3.60690355e-01 3.62482369e-01
    3.60727727e-01 3.62961322e-01 3.60179335e-01 3.69023502e-01
    3.67338210e-01 3.62259656e-01 3.64999950e-01 3.68116349e-01
    3.73251766e-01 3.81884515e-01 3.84206295e-01 3.75279009e-01
    3.76807302e-01 3.84505987e-01 3.77323210e-01 3.66306603e-01
    3.60936165e-01 3.56033593e-01 3.54124010e-01 3.51134002e-01
    3.52106333e-01 3.59961629e-01 3.61460149e-01 3.61334920e-01
    3.62583905e-01 3.62268627e-01 3.56410444e-01 3.59313816e-01
    3.59473586e-01 3.60834986e-01 3.55122834e-01 3.60678673e-01
    3.66043359e-01 3.74071687e-01 3.90007943e-01 3.87695372e-01
    3.98297966e-01 3.98137391e-01 4.00500506e-01 4.07461852e-01
    4.05783743e-01 4.01043832e-01 3.98806900e-01 3.97194982e-01
    3.88358265e-01 3.87186825e-01 3.92708510e-01 3.96038115e-01
    3.89773965e-01 3.95000637e-01 3.93096775e-01 3.85446966e-01
    3.93962294e-01 3.96056265e-01 3.91822070e-01 3.87021184e-01
    3.80349457e-01 3.80947322e-01 3.82959425e-01 3.87540370e-01
    3.92100543e-01 4.02436525e-01 4.06462550e-01 3.98323059e-01
    3.92219007e-01 4.03421491e-01 4.05124247e-01 4.03691739e-01
    4.01441187e-01 3.95092368e-01 3.87195051e-01 3.88154238e-01
    3.83875251e-01 3.93103808e-01 3.93976063e-01 3.94949853e-01
    3.97769362e-01 3.95355612e-01 3.91089112e-01 3.94512117e-01
    4.02842522e-01 4.08272117e-01 4.00628299e-01 3.96845192e-01
    3.95489752e-01 4.00563955e-01 4.03550893e-01 4.05332267e-01
    4.06351358e-01 4.14856762e-01 4.05032933e-01 4.03814197e-01
    4.01899338e-01 3.97356659e-01 4.01071042e-01 3.98955643e-01
    3.99954945e-01 4.03723538e-01 4.00709450e-01 4.03386682e-01
    4.04444993e-01 4.03025627e-01 4.02953148e-01 3.98981124e-01
    3.98807734e-01 4.02114153e-01 3.97851050e-01 4.01395828e-01
    3.98081422e-01 3.97083402e-01 3.93499255e-01 3.83459151e-01
    3.85229319e-01 3.80933732e-01 3.73635888e-01 3.72659445e-01
    3.72699231e-01 3.70438188e-01 3.69377732e-01 3.64654690e-01
    3.72819722e-01 3.65534604e-01 3.68027031e-01 3.68356645e-01
    3.72202516e-01 3.80877018e-01 3.83093923e-01 3.86785120e-01
    3.89775336e-01 3.77901584e-01 3.77583385e-01 3.83094668e-01
    3.76479685e-01 3.74064326e-01 3.81281346e-01 3.80879909e-01
    3.83629948e-01 3.75720173e-01 3.82188022e-01 3.80789161e-01
    3.79026413e-01 3.75287056e-01 3.76726747e-01 3.71897459e-01
    3.62129599e-01 3.70543659e-01 3.80905211e-01 3.75176460e-01
    3.73317808e-01 3.80797714e-01 3.82625014e-01 3.77637446e-01
    3.76297235e-01 3.69564056e-01 3.73561770e-01 3.67903173e-01
    3.64702791e-01 3.70121390e-01 3.71417731e-01 3.65374595e-01
    3.71790767e-01 3.82709801e-01 3.77011955e-01 3.77259254e-01
    3.82367313e-01 3.75008881e-01 3.70213956e-01 3.69038731e-01
    3.71476352e-01 3.74906778e-01 3.77926916e-01 3.79076272e-01
    3.78439248e-01 3.80871236e-01 3.69095057e-01 3.67129326e-01
    3.68177652e-01 3.61696392e-01 3.64962280e-01 3.69992882e-01
    3.65594655e-01 3.66973817e-01 3.70357007e-01 3.74170125e-01
    3.74094307e-01 3.70934784e-01 3.76092464e-01 3.77198577e-01
    3.69159698e-01 3.78368586e-01 3.76962721e-01 3.83690387e-01
    3.86868328e-01 3.88107330e-01 3.91852438e-01 3.88663888e-01
    3.83971810e-01 3.83393377e-01 3.85503113e-01 3.87331307e-01
    3.91299337e-01 3.88970792e-01 3.93171281e-01 3.85757595e-01
    3.90013546e-01 3.96577179e-01 3.98932219e-01 3.99984539e-01
    4.00721759e-01 4.02037114e-01 4.00833458e-01 3.97061199e-01
    3.92410517e-01 3.88141006e-01 3.96762341e-01 3.96915793e-01
    3.93087536e-01 3.89635295e-01 3.90260398e-01 3.87574911e-01
    3.87767822e-01 3.82708132e-01 3.89804155e-01 3.82613391e-01
    3.87233436e-01 3.87113690e-01 3.83604825e-01 3.87711167e-01
    3.67794156e-01 3.48038495e-01 3.29089344e-01 3.02417904e-01
    2.77469456e-01 2.57177800e-01 2.36450106e-01 2.16754079e-01
    1.73375413e-01 1.88297242e-01 2.08337784e-01 2.30555907e-01
    2.51335502e-01 2.74500430e-01 2.86749780e-01 3.03909838e-01
    3.22856128e-01 3.20444047e-01 3.25747550e-01 3.18263978e-01
    3.13537598e-01 3.16521049e-01 3.27407867e-01 3.20295691e-01
    3.19745302e-01 3.22496742e-01 3.30120325e-01 3.31603140e-01
    3.28846961e-01 3.28213245e-01 3.24769855e-01 3.31087798e-01
    3.29438597e-01 3.26629966e-01 3.28785598e-01 3.33076268e-01
    3.40609759e-01 3.50063115e-01 3.52663159e-01 3.45483124e-01
    3.49241376e-01 3.55939925e-01 3.49397540e-01 3.39168012e-01
    3.35222274e-01 3.28998387e-01 3.28906804e-01 3.25456440e-01
    3.28543037e-01 3.37046921e-01 3.37625712e-01 3.37930322e-01
    3.38113606e-01 3.36618751e-01 3.29878956e-01 3.30498248e-01
    3.30847591e-01 3.30294341e-01 3.24008256e-01 3.29125673e-01
    3.35679680e-01 3.43108475e-01 3.60034376e-01 3.56381655e-01
    3.66700947e-01 3.64614248e-01 3.64893049e-01 3.71178001e-01
    3.68808508e-01 3.65704745e-01 3.64805788e-01 3.62859339e-01
    3.55376720e-01 3.52054030e-01 3.57425988e-01 3.61945212e-01
    3.54874730e-01 3.58645856e-01 3.57170880e-01 3.51378202e-01
    3.59884709e-01 3.62308532e-01 3.58282477e-01 3.55440348e-01
    3.48808497e-01 3.49876076e-01 3.49959552e-01 3.52127314e-01
    3.58187407e-01 3.68846864e-01 3.74885827e-01 3.67622375e-01
    3.62408519e-01 3.73702615e-01 3.76996487e-01 3.75410944e-01
    3.71770382e-01 3.65423232e-01 3.57236952e-01 3.60228091e-01
    3.55895311e-01 3.65214765e-01 3.64405841e-01 3.66989523e-01
    3.70054394e-01 3.69232535e-01 3.64875227e-01 3.65347236e-01
    3.72324854e-01 3.74504238e-01 3.69718611e-01 3.66207957e-01
    3.65268081e-01 3.68836939e-01 3.73053223e-01 3.73408824e-01
    3.74114424e-01 3.82443756e-01 3.71527791e-01 3.71187210e-01
    3.67693067e-01 3.64052445e-01 3.66830856e-01 3.62644136e-01
    3.66198212e-01 3.71186137e-01 3.68314207e-01 3.70644420e-01
    3.69956374e-01 3.68820250e-01 3.70736122e-01 3.65267962e-01
    3.67569953e-01 3.69119823e-01 3.64995480e-01 3.69142741e-01
    3.67815554e-01 3.66592228e-01 3.63842368e-01 3.54379117e-01
    3.58300179e-01 3.51356179e-01 3.45952481e-01 3.45428467e-01
    3.44823897e-01 3.42300475e-01 3.39632243e-01 3.32987070e-01
    3.40750545e-01 3.33426982e-01 3.35418910e-01 3.35524708e-01
    3.40714544e-01 3.48458380e-01 3.50882024e-01 3.52125823e-01
    3.54013145e-01 3.42739105e-01 3.42898548e-01 3.46809745e-01
    3.42663378e-01 3.40656191e-01 3.49065781e-01 3.48465830e-01
    3.53863478e-01 3.46489489e-01 3.52508098e-01 3.54119569e-01
    3.52077305e-01 3.49726319e-01 3.49633217e-01 3.46739948e-01
    3.37706715e-01 3.45547527e-01 3.54492396e-01 3.51583928e-01
    3.51215571e-01 3.58133525e-01 3.59207511e-01 3.55109751e-01
    3.54746431e-01 3.45330119e-01 3.49217981e-01 3.44447583e-01
    3.38047653e-01 3.43342066e-01 3.42409402e-01 3.37152004e-01
    3.41433227e-01 3.53917062e-01 3.48962337e-01 3.50311816e-01
    3.54935378e-01 3.47296178e-01 3.41265053e-01 3.38935107e-01
    3.40357989e-01 3.43665540e-01 3.47852230e-01 3.49499345e-01
    3.48226428e-01 3.52176875e-01 3.41874242e-01 3.39490592e-01
    3.41717035e-01 3.38276595e-01 3.39280665e-01 3.43446493e-01
    3.38604957e-01 3.39928955e-01 3.41248900e-01 3.46232444e-01
    3.47721636e-01 3.43742341e-01 3.50624382e-01 3.51191074e-01
    3.44482422e-01 3.53316635e-01 3.50618362e-01 3.56684208e-01
    3.59269023e-01 3.58394653e-01 3.60811263e-01 3.59428704e-01
    3.56099606e-01 3.55720699e-01 3.55788678e-01 3.59159350e-01
    3.62561971e-01 3.58437151e-01 3.62305552e-01 3.54699284e-01
    3.58401775e-01 3.65698397e-01 3.66443098e-01 3.69646907e-01
    3.69260818e-01 3.72743070e-01 3.71025741e-01 3.68386567e-01
    3.64061683e-01 3.60541433e-01 3.69581431e-01 3.69222075e-01
    3.64885867e-01 3.61847699e-01 3.65023673e-01 3.62318665e-01
    3.61611396e-01 3.58430684e-01 3.63158673e-01 3.56820971e-01
    3.62000495e-01 3.62870604e-01 3.60448629e-01 3.64506036e-01
    3.44906032e-01 3.26034307e-01 3.07277620e-01 2.81317741e-01
    2.59509295e-01 2.40708753e-01 2.20995098e-01 2.01942474e-01
    1.57971814e-01 1.71958178e-01 1.90230578e-01 2.10220084e-01
    2.30655298e-01 2.52696872e-01 2.64365554e-01 2.79808044e-01
    2.98250675e-01 2.96498537e-01 3.00276220e-01 2.93587744e-01
    2.91562170e-01 2.94410497e-01 3.03912908e-01 2.95415014e-01
    2.97500581e-01 2.98901707e-01 3.05352688e-01 3.07547837e-01
    3.05570722e-01 3.02429885e-01 2.99152464e-01 3.04244220e-01
    3.02456528e-01 2.97114313e-01 2.99370944e-01 3.03781390e-01
    3.13300222e-01 3.20170373e-01 3.21044773e-01 3.13328892e-01
    3.20094556e-01 3.24863136e-01 3.17574382e-01 3.08862060e-01
    3.03956687e-01 2.98590690e-01 2.99014658e-01 2.94732839e-01
    2.98470050e-01 3.07605892e-01 3.10415179e-01 3.08816552e-01
    3.10075551e-01 3.07272524e-01 3.00920099e-01 3.02735299e-01
    3.04761618e-01 3.02139401e-01 2.97096431e-01 3.02520454e-01
    3.09049994e-01 3.15990835e-01 3.30069304e-01 3.26898873e-01
    3.36148441e-01 3.33800673e-01 3.33838642e-01 3.40460539e-01
    3.38739604e-01 3.36096704e-01 3.35878253e-01 3.36238056e-01
    3.28235775e-01 3.22999239e-01 3.30074161e-01 3.33626091e-01
    3.27046096e-01 3.30032676e-01 3.30794960e-01 3.28234106e-01
    3.35502088e-01 3.37740451e-01 3.35009485e-01 3.32468867e-01
    3.24456453e-01 3.26796293e-01 3.25614929e-01 3.28371137e-01
    3.31374496e-01 3.40954542e-01 3.48955959e-01 3.41004580e-01
    3.36056858e-01 3.47062439e-01 3.48619938e-01 3.45970184e-01
    3.40236038e-01 3.34522903e-01 3.26927751e-01 3.28838170e-01
    3.23718250e-01 3.31692576e-01 3.30333948e-01 3.35329354e-01
    3.35670590e-01 3.35196108e-01 3.31880182e-01 3.31417233e-01
    3.38633597e-01 3.40010762e-01 3.35695297e-01 3.34792703e-01
    3.34464699e-01 3.37521195e-01 3.41524243e-01 3.44001740e-01
    3.44866216e-01 3.53518277e-01 3.45488876e-01 3.44606906e-01
    3.39522839e-01 3.38646710e-01 3.41141701e-01 3.38030070e-01
    3.43321085e-01 3.46305132e-01 3.44947398e-01 3.47944230e-01
    3.44329417e-01 3.40960026e-01 3.43674898e-01 3.40463609e-01
    3.40366632e-01 3.40708613e-01 3.37910175e-01 3.39604408e-01
    3.36697102e-01 3.33891869e-01 3.30782831e-01 3.24246824e-01
    3.26979548e-01 3.18840951e-01 3.13153446e-01 3.13528985e-01
    3.12631547e-01 3.11573595e-01 3.08577299e-01 3.01494569e-01
    3.08417648e-01 3.03708434e-01 3.06001872e-01 3.03063154e-01
    3.08686316e-01 3.16909045e-01 3.20922017e-01 3.20299715e-01
    3.21034640e-01 3.11276883e-01 3.12481970e-01 3.17147702e-01
    3.12743753e-01 3.08723956e-01 3.16235244e-01 3.15765470e-01
    3.20920408e-01 3.12239319e-01 3.17659438e-01 3.18016112e-01
    3.17577004e-01 3.14441830e-01 3.15662384e-01 3.13302726e-01
    3.06553841e-01 3.12778205e-01 3.19720060e-01 3.16075563e-01
    3.16245347e-01 3.23184371e-01 3.25556785e-01 3.20940316e-01
    3.21995795e-01 3.14699709e-01 3.18865269e-01 3.13888609e-01
    3.07872832e-01 3.12606305e-01 3.12822908e-01 3.06822717e-01
    3.10487390e-01 3.22831362e-01 3.20695549e-01 3.22257549e-01
    3.25963259e-01 3.19970787e-01 3.13022673e-01 3.11199784e-01
    3.14956903e-01 3.18884462e-01 3.21433932e-01 3.22285086e-01
    3.21883291e-01 3.28527778e-01 3.20297658e-01 3.17244649e-01
    3.20991069e-01 3.16004753e-01 3.15996140e-01 3.17010164e-01
    3.14714909e-01 3.17532599e-01 3.18626910e-01 3.23343754e-01
    3.23637336e-01 3.18247437e-01 3.24417651e-01 3.26675296e-01
    3.21739286e-01 3.29428405e-01 3.26470673e-01 3.30315024e-01
    3.33159983e-01 3.31387579e-01 3.35310578e-01 3.32424819e-01
    3.31669867e-01 3.31015080e-01 3.28744560e-01 3.32543433e-01
    3.35327119e-01 3.32826167e-01 3.39163840e-01 3.32612962e-01
    3.33763510e-01 3.39921892e-01 3.41302037e-01 3.42645943e-01
    3.44628602e-01 3.48054558e-01 3.47452134e-01 3.43454152e-01
    3.40791225e-01 3.37065935e-01 3.43334943e-01 3.45063567e-01
    3.40100080e-01 3.38454157e-01 3.41778696e-01 3.37433279e-01
    3.36545169e-01 3.35166693e-01 3.39700580e-01 3.31892729e-01
    3.37380767e-01 3.35264623e-01 3.32747370e-01 3.33866984e-01
    3.17413419e-01 3.00152868e-01 2.82484353e-01 2.59598166e-01
    2.38636300e-01 2.20493630e-01 2.01532066e-01 1.82866305e-01
    1.46569237e-01 1.59335434e-01 1.76850766e-01 1.94022015e-01
    2.12766960e-01 2.33509913e-01 2.43982345e-01 2.58116573e-01
    2.73810506e-01 2.72666186e-01 2.77558506e-01 2.71457016e-01
    2.70425290e-01 2.70865768e-01 2.78069735e-01 2.69590676e-01
    2.69850194e-01 2.70010531e-01 2.77242154e-01 2.78764725e-01
    2.79349148e-01 2.75760144e-01 2.72859067e-01 2.78609455e-01
    2.76686639e-01 2.73062736e-01 2.75172532e-01 2.78209209e-01
    2.87613422e-01 2.95344502e-01 2.96588689e-01 2.89346397e-01
    2.95863658e-01 3.02435994e-01 2.95637548e-01 2.86546946e-01
    2.80858576e-01 2.75407791e-01 2.76160568e-01 2.71841675e-01
    2.74076074e-01 2.84478337e-01 2.88289011e-01 2.86834061e-01
    2.87018985e-01 2.83542067e-01 2.75240749e-01 2.76957065e-01
    2.79337436e-01 2.77715713e-01 2.71717519e-01 2.76030809e-01
    2.80910969e-01 2.89129227e-01 3.01001221e-01 2.99380898e-01
    3.07444841e-01 3.07052583e-01 3.03832233e-01 3.08389425e-01
    3.05647194e-01 3.04869562e-01 3.02111328e-01 3.04724157e-01
    2.99315661e-01 2.93869019e-01 3.00806969e-01 3.05753946e-01
    3.00424129e-01 3.02619457e-01 3.01504970e-01 3.00979644e-01
    3.08383882e-01 3.10605139e-01 3.07657748e-01 3.06408107e-01
    2.97910988e-01 3.00670505e-01 2.99615115e-01 3.03421110e-01
    3.03548247e-01 3.10367733e-01 3.17375779e-01 3.09544683e-01
    3.05324733e-01 3.14344823e-01 3.16273302e-01 3.14850211e-01
    3.07683587e-01 2.98970431e-01 2.90826946e-01 2.89872885e-01
    2.86404431e-01 2.93797582e-01 2.93853223e-01 2.98705995e-01
    2.98756689e-01 3.00138831e-01 2.99609005e-01 3.00448418e-01
    3.07238013e-01 3.08577567e-01 3.06987554e-01 3.06292027e-01
    3.05082321e-01 3.08424175e-01 3.15089762e-01 3.16822201e-01
    3.17571312e-01 3.25635493e-01 3.19332868e-01 3.19267154e-01
    3.14701587e-01 3.14620107e-01 3.15651685e-01 3.10866117e-01
    3.15102249e-01 3.15629482e-01 3.12645793e-01 3.14450175e-01
    3.13220203e-01 3.10404420e-01 3.11722875e-01 3.06933790e-01
    3.09476882e-01 3.12921464e-01 3.10795784e-01 3.13078493e-01
    3.08319569e-01 3.05714905e-01 3.03431630e-01 2.99704432e-01
    3.02943259e-01 2.95475036e-01 2.91270226e-01 2.93290734e-01
    2.92244583e-01 2.88888037e-01 2.85040617e-01 2.77836710e-01
    2.85708547e-01 2.81089276e-01 2.81337887e-01 2.76940018e-01
    2.80834168e-01 2.89270669e-01 2.93277055e-01 2.91582137e-01
    2.90382564e-01 2.81837583e-01 2.84919679e-01 2.89494872e-01
    2.82952696e-01 2.79507697e-01 2.87020713e-01 2.89070666e-01
    2.94455409e-01 2.85829842e-01 2.90472865e-01 2.92868763e-01
    2.92376339e-01 2.89366394e-01 2.89692312e-01 2.85573572e-01
    2.79269040e-01 2.84731627e-01 2.89309978e-01 2.82646716e-01
    2.81838089e-01 2.88309991e-01 2.88927108e-01 2.83942491e-01
    2.84490824e-01 2.78585225e-01 2.83028811e-01 2.77870476e-01
    2.70073861e-01 2.76699454e-01 2.79191166e-01 2.74175137e-01
    2.77956545e-01 2.91229159e-01 2.91168451e-01 2.94926465e-01
    3.00496221e-01 2.94521183e-01 2.87712663e-01 2.88414329e-01
    2.94070601e-01 2.98464000e-01 3.00523371e-01 2.99527198e-01
    2.97419310e-01 3.04749459e-01 2.95592844e-01 2.92634070e-01
    2.95509279e-01 2.91605860e-01 2.89240509e-01 2.87688226e-01
    2.84915388e-01 2.88154066e-01 2.88996309e-01 2.95481205e-01
    2.92695493e-01 2.85367996e-01 2.88517416e-01 2.90268242e-01
    2.85057843e-01 2.93859184e-01 2.90916443e-01 2.95088947e-01
    2.97847837e-01 2.96932250e-01 3.01477462e-01 2.98886895e-01
    2.98800945e-01 2.98980743e-01 2.96457112e-01 3.01815838e-01
    3.03413540e-01 3.02530825e-01 3.08804840e-01 3.04210067e-01
    3.06897372e-01 3.15102249e-01 3.16643357e-01 3.18983614e-01
    3.21397185e-01 3.21678579e-01 3.19945693e-01 3.14936697e-01
    3.12749743e-01 3.09606463e-01 3.13687533e-01 3.14036816e-01
    3.08669627e-01 3.07384044e-01 3.11409801e-01 3.07537258e-01
    3.07811946e-01 3.05215001e-01 3.08524191e-01 3.01599324e-01
    3.05218905e-01 3.02377433e-01 3.02496731e-01 3.06755841e-01
    2.91915089e-01 2.76913792e-01 2.61264473e-01 2.40882590e-01
    2.22362623e-01 2.05952361e-01 1.88636363e-01 1.70792133e-01
    1.36012271e-01 1.48034796e-01 1.64595157e-01 1.80724129e-01
    1.96812704e-01 2.15289697e-01 2.24307597e-01 2.38101825e-01
    2.51206666e-01 2.50078052e-01 2.54298717e-01 2.46653855e-01
    2.46264949e-01 2.48722538e-01 2.56641299e-01 2.47898623e-01
    2.47986645e-01 2.47421443e-01 2.53858268e-01 2.53722906e-01
    2.54507929e-01 2.51207739e-01 2.50469655e-01 2.56606013e-01
    2.52868503e-01 2.50660151e-01 2.50483185e-01 2.54571557e-01
    2.64905989e-01 2.70891815e-01 2.71750361e-01 2.62932986e-01
    2.67213404e-01 2.71488696e-01 2.65091002e-01 2.57125616e-01
    2.50834405e-01 2.45542645e-01 2.47704342e-01 2.41168410e-01
    2.44214267e-01 2.53953308e-01 2.57559240e-01 2.59120613e-01
    2.58387387e-01 2.54941851e-01 2.45289654e-01 2.46010125e-01
    2.49291390e-01 2.50599056e-01 2.45351240e-01 2.49262348e-01
    2.54021436e-01 2.62349069e-01 2.71925986e-01 2.70854443e-01
    2.79289663e-01 2.77495652e-01 2.76306719e-01 2.81168342e-01
    2.77940869e-01 2.76763797e-01 2.72257388e-01 2.77166188e-01
    2.72747517e-01 2.68937737e-01 2.73304790e-01 2.76786357e-01
    2.71809876e-01 2.74460673e-01 2.73926318e-01 2.74935335e-01
    2.81165272e-01 2.83207536e-01 2.81494141e-01 2.80966133e-01
    2.73030758e-01 2.76095361e-01 2.76678920e-01 2.80270010e-01
    2.81347752e-01 2.87923038e-01 2.92208254e-01 2.85464883e-01
    2.83579558e-01 2.91796148e-01 2.91340470e-01 2.92016387e-01
    2.84722030e-01 2.77226061e-01 2.70202577e-01 2.69653320e-01
    2.63336450e-01 2.69917965e-01 2.69356668e-01 2.71925867e-01
    2.73380578e-01 2.73025364e-01 2.73124218e-01 2.75771409e-01
    2.81631976e-01 2.82952398e-01 2.82855064e-01 2.81240731e-01
    2.79132068e-01 2.81558365e-01 2.85422564e-01 2.86175132e-01
    2.84084976e-01 2.92353064e-01 2.84325540e-01 2.82296866e-01
    2.80288815e-01 2.79544681e-01 2.81102479e-01 2.76352942e-01
    2.80595571e-01 2.82438099e-01 2.78892934e-01 2.80478328e-01
    2.81327486e-01 2.79074967e-01 2.80810237e-01 2.79061466e-01
    2.80244559e-01 2.83805907e-01 2.84180939e-01 2.88755447e-01
    2.85032034e-01 2.82164097e-01 2.79347718e-01 2.76697516e-01
    2.78733313e-01 2.70986110e-01 2.67375916e-01 2.67650396e-01
    2.64024496e-01 2.58790731e-01 2.54988700e-01 2.49635279e-01
    2.55594105e-01 2.51186579e-01 2.54150748e-01 2.47967497e-01
    2.50060797e-01 2.56866217e-01 2.59635389e-01 2.60595024e-01
    2.57539004e-01 2.49455243e-01 2.53743708e-01 2.55730420e-01
    2.49691114e-01 2.49346808e-01 2.56640792e-01 2.59286791e-01
    2.64277905e-01 2.56673217e-01 2.61217743e-01 2.61337459e-01
    2.60386288e-01 2.58545280e-01 2.59711802e-01 2.54946560e-01
    2.47497678e-01 2.52394497e-01 2.55459368e-01 2.47810528e-01
    2.47380555e-01 2.53585309e-01 2.53474772e-01 2.51477212e-01
    2.49717876e-01 2.41543025e-01 2.45415881e-01 2.41190806e-01
    2.35113055e-01 2.42909878e-01 2.43866101e-01 2.41019666e-01
    2.45611981e-01 2.56716579e-01 2.57153034e-01 2.61726350e-01
    2.67228216e-01 2.63977051e-01 2.59719998e-01 2.60391146e-01
    2.64114648e-01 2.70291716e-01 2.75210470e-01 2.74842918e-01
    2.74057239e-01 2.79227644e-01 2.70018309e-01 2.69879490e-01
    2.71902025e-01 2.66749561e-01 2.67043203e-01 2.66100973e-01
    2.62127548e-01 2.63694316e-01 2.63474911e-01 2.67257899e-01
    2.63636172e-01 2.57266641e-01 2.60002553e-01 2.59602427e-01
    2.53763229e-01 2.63511986e-01 2.61736512e-01 2.66964018e-01
    2.66557097e-01 2.64445841e-01 2.72131503e-01 2.68102884e-01
    2.66879797e-01 2.69494951e-01 2.68904358e-01 2.72456169e-01
    2.76864916e-01 2.76553631e-01 2.81590074e-01 2.77927399e-01
    2.80012876e-01 2.87450433e-01 2.88417101e-01 2.91987360e-01
    2.93528378e-01 2.93859512e-01 2.93023616e-01 2.85919756e-01
    2.84891158e-01 2.83933729e-01 2.85818905e-01 2.84298092e-01
    2.78856516e-01 2.75198221e-01 2.77437091e-01 2.75200188e-01
    2.75239229e-01 2.73512512e-01 2.76930511e-01 2.68795252e-01
    2.70777225e-01 2.67744243e-01 2.69262493e-01 2.74254769e-01
    2.61742830e-01 2.47737616e-01 2.32514337e-01 2.14970663e-01
    1.99778989e-01 1.86668381e-01 1.72277182e-01 1.57527342e-01</data></your_img>
</opencv_storage>
