<?xml version="1.0"?>
<opencv_storage>
<L2>4.8924729228019714e-01</L2>
<cm type_id="opencv-matrix">
  <rows>2</rows>
  <cols>2</cols>
  <dt>f</dt>
  <data>
    91. 91. 99. 24.</data></cm>
<my_v>4.8924729228019714e-01</my_v>
<your_v>0.</your_v>
</opencv_storage>
