<?xml version="1.0"?>
<opencv_storage>
<L2>2.8571429848670959e-01</L2>
<cm type_id="opencv-matrix">
  <rows>2</rows>
  <cols>2</cols>
  <dt>f</dt>
  <data>
    20. 50. 54. 76.</data></cm>
<my_v>2.8571429848670959e-01</my_v>
<your_v>0.</your_v>
</opencv_storage>
