<?xml version="1.0"?>
<opencv_storage>
<L2>3.0232557654380798e-01</L2>
<cm type_id="opencv-matrix">
  <rows>2</rows>
  <cols>2</cols>
  <dt>f</dt>
  <data>
    39. 47. 90. 29.</data></cm>
<my_v>3.0232557654380798e-01</my_v>
<your_v>0.</your_v>
</opencv_storage>
