<?xml version="1.0"?>
<opencv_storage>
<L2>4.0151515603065491e-01</L2>
<cm type_id="opencv-matrix">
  <rows>2</rows>
  <cols>2</cols>
  <dt>f</dt>
  <data>
    53. 79. 90. 22.</data></cm>
<my_v>4.0151515603065491e-01</my_v>
<your_v>0.</your_v>
</opencv_storage>
