<?xml version="1.0"?>
<opencv_storage>
<L2>4.6902653574943542e-01</L2>
<cm type_id="opencv-matrix">
  <rows>2</rows>
  <cols>2</cols>
  <dt>f</dt>
  <data>
    53. 23. 60. 73.</data></cm>
<my_v>4.6902653574943542e-01</my_v>
<your_v>0.</your_v>
</opencv_storage>
