<?xml version="1.0"?>
<opencv_storage>
<L2>6.3245553203367590e+00</L2>
<gt type_id="opencv-matrix">
  <rows>2</rows>
  <cols>10</cols>
  <dt>u</dt>
  <data>
    255 0 0 255 255 0 255 255 0 0 0 255 255 0 255 0 255 0 0 0</data></gt>
<pred type_id="opencv-matrix">
  <rows>2</rows>
  <cols>10</cols>
  <dt>u</dt>
  <data>
    0 0 255 255 255 0 0 0 255 0 0 255 255 0 255 255 0 0 255 255</data></pred>
<my_cm type_id="opencv-matrix">
  <rows>2</rows>
  <cols>2</cols>
  <dt>f</dt>
  <data>
    5. 4. 5. 6.</data></my_cm>
<your_cm type_id="opencv-matrix">
  <rows>2</rows>
  <cols>2</cols>
  <dt>f</dt>
  <data>
    7. 2. 1. 10.</data></your_cm>
</opencv_storage>
