<?xml version="1.0"?>
<opencv_storage>
<grad type_id="opencv-matrix">
  <rows>10</rows>
  <cols>10</cols>
  <dt>f</dt>
  <data>
    3.87662811e+01 3.49870071e+01 1.77547577e+02 1.02859192e+01
    9.37949677e+01 2.08230286e+01 1.35401794e+02 1.08858154e+02
    1.21184265e+02 1.60077240e+02 4.83067093e+01 6.05520859e+01
    1.82920319e+02 7.10009613e+01 1.98935150e+02 1.42351425e+02
    1.84964523e+02 8.76310883e+01 2.45271194e+02 7.58519745e+01
    5.92993164e+01 1.91308914e+02 1.80267227e+02 5.11919479e+01
    1.74193512e+02 3.32353210e+00 1.71370438e+02 2.08516479e+02
    1.54039490e+02 1.12957832e+02 2.48069733e+02 2.14006378e+02
    2.15898300e+02 4.02478027e+01 2.13474335e+02 1.75436676e+02
    5.00073090e+01 1.53340271e+02 1.90189514e+02 3.05819778e+01
    1.28758133e+02 9.04821014e+01 2.10650650e+02 1.44018417e+02
    2.54577515e+02 1.17645721e+01 1.31564301e+02 1.11323776e+02
    1.60546341e+02 6.96722870e+01 3.89438858e+01 9.88102798e+01
    8.77187881e+01 8.14063873e+01 2.41559601e+02 2.50709381e+01
    3.66951294e+01 7.31470795e+01 4.73036346e+01 1.64694458e+02
    2.38653946e+02 7.68799820e+01 9.21141357e+01 1.51273544e+02
    1.67280762e+02 1.51057373e+02 1.93507126e+02 2.41409775e+02
    1.98809464e+02 4.14660034e+01 1.89538345e+01 1.70268646e+02
    6.97796021e+01 1.05381592e+02 1.86782181e+02 1.87944672e+02
    1.79979660e+02 2.41107117e+02 1.68929169e+02 2.39729370e+02
    4.40085068e+01 3.49835434e+01 3.67825241e+01 9.25684052e+01
    1.56994431e+02 1.32727356e+02 1.41271896e+01 7.15451508e+01
    2.20036240e+01 1.81275620e+02 1.37089920e+02 1.57028610e+02
    2.75418167e+01 3.56515808e+01 9.71455688e+01 1.54991425e+02
    4.94010468e+01 1.94652252e+01 1.45053558e+02 8.53925323e+01</data></grad>
<my_hist type_id="opencv-matrix">
  <rows>108</rows>
  <cols>1</cols>
  <dt>f</dt>
  <data>
    0. 1. 0. 0. 2. 1. 0. 0. 3. 1. 1. 1. 1. 0. 2. 3. 2. 2. 1. 0. 3. 2. 0.
    0. 0. 2. 0. 0. 0. 2. 2. 1. 2. 0. 1. 0. 1. 2. 1. 3. 0. 2. 0. 0. 1. 0.
    1. 2. 0. 0. 0. 1. 0. 0. 1. 1. 1. 1. 1. 0. 1. 2. 0. 0. 2. 3. 2. 1. 1.
    1. 1. 1. 2. 1. 1. 1. 3. 1. 1. 2. 1. 1. 1. 0. 2. 0. 0. 0. 1. 1. 2. 1.
    0. 0. 0. 0. 0. 0. 0. 0. 0. 2. 3. 0. 1. 1. 0. 0.</data></my_hist>
<your_hist type_id="opencv-matrix">
  <rows>108</rows>
  <cols>1</cols>
  <dt>f</dt>
  <data>
    0. 1.01010101e-02 0. 0. 2.02020202e-02 1.01010101e-02 0. 0.
    3.03030312e-02 1.01010101e-02 1.01010101e-02 1.01010101e-02
    1.01010101e-02 0. 2.02020202e-02 3.03030312e-02 2.02020202e-02
    2.02020202e-02 1.01010101e-02 0. 3.03030312e-02 2.02020202e-02 0. 0.
    0. 2.02020202e-02 0. 0. 0. 2.02020202e-02 2.02020202e-02
    1.01010101e-02 2.02020202e-02 0. 1.01010101e-02 0. 1.01010101e-02
    2.02020202e-02 1.01010101e-02 3.03030312e-02 0. 2.02020202e-02 0. 0.
    1.01010101e-02 0. 1.01010101e-02 2.02020202e-02 0. 0. 0.
    1.01010101e-02 0. 0. 1.01010101e-02 1.01010101e-02 1.01010101e-02
    1.01010101e-02 1.01010101e-02 0. 1.01010101e-02 2.02020202e-02 0. 0.
    2.02020202e-02 3.03030312e-02 2.02020202e-02 1.01010101e-02
    1.01010101e-02 1.01010101e-02 1.01010101e-02 1.01010101e-02
    2.02020202e-02 1.01010101e-02 1.01010101e-02 1.01010101e-02
    3.03030312e-02 1.01010101e-02 1.01010101e-02 2.02020202e-02
    1.01010101e-02 1.01010101e-02 1.01010101e-02 0. 2.02020202e-02 0. 0.
    0. 1.01010101e-02 1.01010101e-02 2.02020202e-02 1.01010101e-02 0. 0.
    0. 0. 0. 0. 0. 0. 0. 2.02020202e-02 3.03030312e-02 0. 1.01010101e-02
    1.01010101e-02 0. 0.</data></your_hist>
<my_max_grad>2.5457751464843750e+02</my_max_grad>
<your_max_grad>2.5457751464843750e+02</your_max_grad>
</opencv_storage>
