<?xml version="1.0"?>
<opencv_storage>
<L2>2.9955717317400363e+03</L2>
<consensus_img type_id="opencv-matrix">
  <rows>10</rows>
  <cols>15</cols>
  <dt>u</dt>
  <data>
    15 8 0 14 3 13 0 17 10 18 17 16 2 19 17 15 14 9 17 13 15 6 16 18 1 7
    14 15 6 15 19 0 6 4 1 19 1 15 8 9 2 7 18 2 3 15 12 5 1 17 4 18 10 12
    8 13 10 15 4 5 1 5 9 0 2 5 2 14 5 3 10 6 11 14 7 1 17 14 0 18 14 10
    8 0 6 18 4 14 11 1 4 4 17 4 7 4 0 0 8 17 15 6 0 18 3 4 13 3 7 3 15
    17 5 13 0 2 4 12 2 6 3 3 1 10 17 12 11 7 3 17 10 8 2 0 19 0 16 11 7
    3 10 19 10 9 4 2 4 6 14 19</data></consensus_img>
<consensus>2.5999999046325684e-01</consensus>
<my_gt type_id="opencv-matrix">
  <rows>10</rows>
  <cols>15</cols>
  <dt>u</dt>
  <data>
    255 255 0 255 255 255 0 255 255 255 255 255 255 255 255 255 255 255
    255 255 255 255 255 255 255 255 255 255 255 255 255 0 255 255 255
    255 255 255 255 255 255 255 255 255 255 255 255 255 255 255 255 255
    255 255 255 255 255 255 255 255 255 255 255 0 255 255 255 255 255
    255 255 255 255 255 255 255 255 255 0 255 255 255 255 0 255 255 255
    255 255 255 255 255 255 255 255 255 0 0 255 255 255 255 0 255 255
    255 255 255 255 255 255 255 255 255 0 255 255 255 255 255 255 255
    255 255 255 255 255 255 255 255 255 255 255 0 255 0 255 255 255 255
    255 255 255 255 255 255 255 255 255 255</data></my_gt>
<your_gt type_id="opencv-matrix">
  <rows>10</rows>
  <cols>15</cols>
  <dt>u</dt>
  <data>
    0 0 0 0 0 0 0 0 0 0 0 0 0 0 0 0 0 0 0 0 0 0 0 0 0 0 0 0 0 0 0 0 0 0
    0 0 0 0 0 0 0 0 0 0 0 0 0 0 0 0 0 0 0 0 0 0 0 0 0 0 0 0 0 0 0 0 0 0
    0 0 0 0 0 0 0 0 0 0 0 0 0 0 0 0 0 0 0 0 0 0 0 0 0 0 0 0 0 0 0 0 0 0
    0 0 0 0 0 0 0 0 0 0 0 0 0 0 0 0 0 0 0 0 0 0 0 0 0 0 0 0 0 0 0 0 0 0
    0 0 0 0 0 0 0 0 0 0 0 0 0 0</data></your_gt>
</opencv_storage>
