<?xml version="1.0"?>
<opencv_storage>
<L2>6.1666667461395264e-01</L2>
<cm type_id="opencv-matrix">
  <rows>2</rows>
  <cols>2</cols>
  <dt>f</dt>
  <data>
    37. 2. 44. 71.</data></cm>
<my_v>6.1666667461395264e-01</my_v>
<your_v>0.</your_v>
</opencv_storage>
