<?xml version="1.0"?>
<opencv_storage>
<grad type_id="opencv-matrix">
  <rows>10</rows>
  <cols>10</cols>
  <dt>f</dt>
  <data>
    1.29762405e+02 1.33587799e+02 1.31720291e+02 2.51613022e+02
    1.70820221e+02 3.20743408e+01 3.91034851e+01 6.38460312e+01
    7.59984283e+01 5.33212967e+01 9.30615234e+00 2.48055222e+02
    2.10158875e+02 8.70206757e+01 6.64246368e+01 2.50302917e+02
    7.62725830e-01 8.96268768e+01 2.02288132e+02 1.11938858e+01
    1.77008667e+01 1.90086823e+02 1.08916321e+01 1.96074570e+02
    1.47221939e+02 5.50677490e+01 1.07453964e+02 1.98734009e+02
    4.00598297e+01 1.02610298e+02 8.49603882e+01 2.33650711e+02
    1.41220993e+02 2.36794830e+02 9.92551804e+01 1.22662483e+02
    1.23081390e+02 9.55955429e+01 1.16153961e+02 2.35176239e+01
    2.35195801e+02 1.74892273e+01 1.56923828e+02 2.87531433e+01
    1.13871292e+02 2.24565948e+02 1.92819061e+01 1.67803696e+02
    4.70639648e+01 5.23438187e+01 9.83643188e+01 1.42051010e+02
    1.58409790e+02 2.50908630e+02 2.25912903e+02 1.81286102e+02
    5.94324265e+01 1.80559753e+02 2.36774826e+02 5.20116577e+01
    2.15449936e+02 8.02834473e+01 1.03647926e+02 2.16048126e+02
    1.25053627e+02 1.97437195e+02 2.76654587e+01 2.09340271e+02
    1.84830811e+02 2.63545227e+01 1.96192841e+02 1.94693436e+02
    2.29599625e+02 2.04804352e+02 4.88029022e+01 2.16718323e+02
    1.49177551e+02 2.01153671e+02 2.34698715e+01 1.38409119e+02
    2.33888016e+02 2.45960114e+02 1.15572189e+02 9.70181732e+01
    5.91404572e+01 7.27172241e+01 1.22068008e+02 2.46953247e+02
    1.18531937e+02 1.66520020e+02 2.46878006e+02 1.92651001e+02
    1.86068512e+02 1.24144913e+02 5.63600693e+01 2.06071533e+02
    1.44315002e+02 1.57421432e+02 2.94770126e+01 1.25569885e+02</data></grad>
<my_hist type_id="opencv-matrix">
  <rows>95</rows>
  <cols>1</cols>
  <dt>f</dt>
  <data>
    1. 0. 0. 1. 2. 0. 2. 1. 2. 1. 2. 1. 1. 0. 1. 1. 0. 1. 1. 2. 2. 1. 2.
    0. 1. 1. 0. 1. 1. 0. 1. 0. 2. 1. 0. 0. 2. 2. 1. 1. 1. 0. 1. 2. 1. 0.
    4. 2. 1. 1. 1. 0. 1. 2. 1. 1. 1. 0. 0. 3. 0. 0. 1. 1. 1. 0. 0. 0. 2.
    1. 1. 1. 1. 1. 3. 2. 1. 2. 0. 2. 0. 3. 0. 0. 1. 1. 1. 0. 3. 2. 0. 0.
    1. 3. 2.</data></my_hist>
<your_hist type_id="opencv-matrix">
  <rows>95</rows>
  <cols>1</cols>
  <dt>f</dt>
  <data>
    1.01010101e-02 0. 0. 1.01010101e-02 2.02020202e-02 0. 2.02020202e-02
    1.01010101e-02 2.02020202e-02 1.01010101e-02 2.02020202e-02
    1.01010101e-02 1.01010101e-02 0. 1.01010101e-02 1.01010101e-02 0.
    1.01010101e-02 1.01010101e-02 2.02020202e-02 2.02020202e-02
    1.01010101e-02 2.02020202e-02 0. 1.01010101e-02 1.01010101e-02 0.
    1.01010101e-02 1.01010101e-02 0. 1.01010101e-02 0. 2.02020202e-02
    1.01010101e-02 0. 0. 2.02020202e-02 2.02020202e-02 1.01010101e-02
    1.01010101e-02 1.01010101e-02 0. 1.01010101e-02 2.02020202e-02
    1.01010101e-02 0. 4.04040404e-02 2.02020202e-02 1.01010101e-02
    1.01010101e-02 1.01010101e-02 0. 1.01010101e-02 2.02020202e-02
    1.01010101e-02 1.01010101e-02 1.01010101e-02 0. 0. 3.03030312e-02 0.
    0. 1.01010101e-02 1.01010101e-02 1.01010101e-02 0. 0. 0.
    2.02020202e-02 1.01010101e-02 1.01010101e-02 1.01010101e-02
    1.01010101e-02 1.01010101e-02 3.03030312e-02 2.02020202e-02
    1.01010101e-02 2.02020202e-02 0. 2.02020202e-02 0. 3.03030312e-02 0.
    0. 1.01010101e-02 1.01010101e-02 1.01010101e-02 0. 3.03030312e-02
    2.02020202e-02 0. 0. 1.01010101e-02 3.03030312e-02 2.02020202e-02</data></your_hist>
<my_max_grad>2.5161302185058594e+02</my_max_grad>
<your_max_grad>2.5161302185058594e+02</your_max_grad>
</opencv_storage>
