<?xml version="1.0"?>
<opencv_storage>
<grad type_id="opencv-matrix">
  <rows>10</rows>
  <cols>10</cols>
  <dt>f</dt>
  <data>
    4.88178329e+01 1.31862427e+02 1.34308258e+02 1.12273804e+02
    1.19850586e+02 8.62085724e+00 1.79001923e+02 1.15590477e+02
    8.50260010e+01 1.69784561e+02 1.89567017e+02 1.65022171e+02
    1.65131729e+02 2.11238632e+01 6.20024185e+01 2.26360016e+02
    1.65651764e+02 4.60725632e+01 8.19012604e+01 1.99422318e+02
    2.40725708e+02 6.03473892e+01 1.41032745e+02 5.11953201e+01
    7.20561829e+01 7.93712769e+01 8.69519119e+01 2.91763458e+01
    5.11999512e+01 3.26831131e+01 1.31608109e+02 1.30326035e+02
    2.21596695e+02 1.45986176e+00 3.01787033e+01 1.75017242e+02
    7.85325775e+01 1.40458359e+02 1.81439255e+02 1.15698685e+02
    1.06243912e+02 2.21075409e+02 4.39616470e+01 7.86129150e+01
    1.99993378e+02 2.24302124e+02 1.11825905e+02 1.65334198e+02
    5.87537689e+01 2.43308731e+02 1.48923309e+02 1.68259293e+02
    1.54137146e+02 5.57205963e+00 1.68768890e+02 9.07343445e+01
    2.81027985e+00 1.32169327e+02 1.10179077e+02 1.88459412e+02
    2.48335907e+02 2.27348297e+02 1.66562134e+02 4.83555832e+01
    1.03007187e+02 2.46651489e+02 1.70707428e+02 2.52998718e+02
    1.75241180e+02 1.93112823e+02 2.35763916e+02 2.46475800e+02
    1.86361786e+02 4.44814148e+01 1.97508209e+02 2.10585114e+02
    1.98027344e+01 8.07633438e+01 1.61446136e+02 9.92328949e+01
    4.41178818e+01 1.89359406e+02 2.44207581e+02 2.05679489e+02
    2.05607849e+02 8.47160797e+01 1.98467804e+02 2.54479218e+02
    1.94832184e+02 9.56494598e+01 6.26316376e+01 2.28035522e+02
    7.10398407e+01 1.23403572e+02 1.13555878e+02 1.61132965e+02
    2.27347107e+01 1.62232117e+02 1.15979012e+02 2.49335083e+02</data></grad>
<my_hist type_id="opencv-matrix">
  <rows>90</rows>
  <cols>1</cols>
  <dt>f</dt>
  <data>
    2. 1. 0. 1. 0. 0. 0. 2. 1. 0. 2. 1. 0. 0. 0. 3. 1. 2. 2. 0. 1. 2. 1.
    0. 0. 2. 0. 2. 3. 1. 2. 0. 1. 1. 0. 1. 1. 1. 1. 2. 3. 1. 1. 1. 0. 0.
    4. 1. 0. 2. 0. 0. 1. 0. 1. 0. 1. 2. 5. 2. 2. 2. 0. 1. 1. 1. 2. 1. 2.
    1. 3. 0. 2. 0. 1. 0. 0. 0. 2. 1. 3. 0. 0. 1. 0. 1. 2. 3. 1. 1.</data></my_hist>
<your_hist type_id="opencv-matrix">
  <rows>90</rows>
  <cols>1</cols>
  <dt>f</dt>
  <data>
    2.02020202e-02 1.01010101e-02 0. 1.01010101e-02 0. 0. 0.
    2.02020202e-02 1.01010101e-02 0. 2.02020202e-02 1.01010101e-02 0. 0.
    0. 3.03030312e-02 1.01010101e-02 2.02020202e-02 2.02020202e-02 0.
    1.01010101e-02 2.02020202e-02 1.01010101e-02 0. 0. 2.02020202e-02 0.
    2.02020202e-02 3.03030312e-02 1.01010101e-02 2.02020202e-02 0.
    1.01010101e-02 1.01010101e-02 0. 1.01010101e-02 1.01010101e-02
    1.01010101e-02 1.01010101e-02 2.02020202e-02 3.03030312e-02
    1.01010101e-02 1.01010101e-02 1.01010101e-02 0. 0. 4.04040404e-02
    1.01010101e-02 0. 2.02020202e-02 0. 0. 1.01010101e-02 0.
    1.01010101e-02 0. 1.01010101e-02 2.02020202e-02 5.05050495e-02
    2.02020202e-02 2.02020202e-02 2.02020202e-02 0. 1.01010101e-02
    1.01010101e-02 1.01010101e-02 2.02020202e-02 1.01010101e-02
    2.02020202e-02 1.01010101e-02 3.03030312e-02 0. 2.02020202e-02 0.
    1.01010101e-02 0. 0. 0. 2.02020202e-02 1.01010101e-02 3.03030312e-02
    0. 0. 1.01010101e-02 0. 1.01010101e-02 2.02020202e-02 3.03030312e-02
    1.01010101e-02 1.01010101e-02</data></your_hist>
<my_max_grad>2.5447921752929688e+02</my_max_grad>
<your_max_grad>2.5447921752929688e+02</your_max_grad>
</opencv_storage>
