<?xml version="1.0"?>
<opencv_storage>
<test_hist type_id="opencv-matrix">
  <rows>256</rows>
  <cols>1</cols>
  <dt>f</dt>
  <data>
    5.82419662e-03 6.25814218e-03 3.01039405e-03 4.82380763e-03
    9.68804990e-04 5.88312838e-03 7.71724759e-03 2.62404117e-03
    2.45221169e-03 6.80800807e-03 1.19656115e-03 2.29553552e-03
    5.43977003e-05 3.60978674e-03 6.40711747e-03 1.18424150e-03
    7.64720514e-03 4.16654022e-03 1.96265569e-03 2.75060674e-03
    7.52605312e-03 3.19754984e-03 5.35471225e-03 2.64258496e-03
    4.48804116e-03 1.55450532e-03 3.26141389e-03 1.57832459e-03
    3.31582152e-04 1.90776700e-04 6.37393771e-03 1.56777957e-03
    5.79886883e-03 7.50289392e-03 2.02835989e-04 2.65759206e-03
    6.00948231e-03 3.59413098e-03 7.60794757e-03 6.36462169e-03
    1.62805221e-03 1.97741319e-03 4.79728868e-03 5.05107688e-03
    1.46663166e-03 9.53455456e-04 4.22634091e-03 7.80007569e-04
    5.64597314e-03 6.44478807e-03 6.91257790e-03 7.97779206e-03
    6.46839291e-03 1.29349064e-03 3.56257777e-03 6.47243578e-05
    4.33401857e-03 2.94379890e-03 6.87041413e-03 6.32524444e-03
    7.83916190e-03 1.00858242e-03 3.27470200e-03 2.22981977e-03
    7.10676098e-03 5.30107599e-03 1.27399608e-03 2.92774872e-03
    2.94076069e-03 3.62351560e-03 8.21781636e-04 3.57328914e-03
    1.63627311e-03 1.43689534e-03 3.77368415e-03 3.17404070e-03
    5.50790690e-03 2.50422279e-03 2.81722471e-03 3.16568161e-03
    6.32578786e-03 4.38259356e-03 7.93818384e-03 3.40145518e-04
    4.39373031e-03 3.22084152e-03 3.06515605e-03 3.15504824e-03
    2.58670445e-03 9.65483414e-05 6.47611683e-03 3.42758838e-03
    3.78580415e-03 4.97674383e-03 7.06354855e-03 1.28406764e-03
    8.14379193e-03 4.30096081e-03 1.70112835e-04 7.80176604e-03
    8.84390960e-04 3.26302135e-03 3.05800058e-04 4.69561620e-03
    4.05067229e-04 6.95944810e-03 4.63774940e-03 3.41506838e-03
    2.55750283e-03 5.60914306e-03 5.13362512e-03 7.83176068e-03
    3.38432752e-03 6.72127772e-03 6.41108677e-03 3.23928706e-03
    3.82838002e-03 7.93072488e-03 4.57342342e-03 2.08022795e-03
    6.30804384e-03 7.13900570e-03 7.76311848e-03 4.22937190e-03
    7.58366426e-03 3.53956311e-05 7.19068432e-03 8.14453792e-03
    1.73318433e-03 5.84559748e-03 1.14097353e-03 1.12284347e-03
    5.25951479e-03 8.00972153e-03 6.68214215e-03 2.15206458e-03
    1.41256710e-03 3.90670495e-03 3.64268257e-04 6.92222640e-03
    4.45872283e-04 3.65983183e-03 3.85013781e-03 6.13413891e-03
    3.27579631e-03 2.10370426e-03 3.16149299e-03 1.48926373e-03
    1.11116050e-03 1.03168517e-04 5.92562696e-03 2.83102621e-03
    4.40535508e-03 1.36592751e-03 2.92319711e-03 4.72335611e-03
    6.48362702e-03 6.90071424e-03 6.54387008e-03 8.57814157e-04
    7.64132245e-03 7.56816298e-04 5.70729235e-03 1.07965854e-04
    8.70185264e-04 1.63137459e-03 3.26430681e-03 2.83608795e-03
    6.59405114e-03 1.58295897e-03 1.83133490e-03 7.99282268e-03
    6.85813511e-03 4.82324045e-03 2.22206069e-03 1.95531989e-03
    2.35446566e-03 5.40045556e-03 1.82713952e-03 1.24975480e-03
    4.23211791e-03 2.65923957e-03 8.06599297e-03 1.69761165e-03
    2.90924637e-03 1.84253301e-03 5.21884242e-04 3.51378997e-03
    5.34539204e-03 1.42706675e-03 4.55398485e-03 6.89413864e-03
    3.67955212e-03 7.53487693e-03 5.33148320e-03 4.53693140e-03
    5.05578378e-03 5.33413421e-03 2.71907076e-03 1.07211492e-03
    1.74024492e-04 6.92414306e-03 2.12252885e-03 7.53435725e-03
    4.76570101e-03 5.25614014e-03 3.35156126e-03 2.99189705e-03
    3.99617013e-03 6.00836007e-03 5.55694150e-03 4.20730002e-03
    3.55685293e-03 5.80829103e-03 7.33796787e-03 1.82920531e-03
    9.71608853e-04 4.40988410e-03 5.14109526e-03 4.92903823e-03
    6.75552851e-03 2.59949663e-03 7.25276303e-03 1.55204395e-03
    2.87203654e-03 1.33824151e-03 1.57971878e-03 4.72806813e-03
    7.69261410e-03 2.55470426e-04 8.91798292e-04 4.18330031e-03
    7.49187684e-03 6.89096050e-03 1.20698533e-03 3.38399387e-03
    4.58567723e-04 6.72544027e-03 9.77231073e-04 3.55715072e-03
    5.13999909e-03 3.53184715e-03 4.01849113e-03 4.26378712e-04
    3.68185178e-03 7.20340433e-03 5.81198791e-03 8.18909612e-03
    1.46928971e-04 7.44660210e-04 6.66744262e-03 2.13975087e-03
    3.65867373e-03 7.28836283e-03 5.94283629e-04 5.90207474e-03</data></test_hist>
<p_value>2.9999999999999999e-02</p_value>
<my_p>6</my_p>
<your_p>7</your_p>
</opencv_storage>
