<?xml version="1.0"?>
<opencv_storage>
<test_hist type_id="opencv-matrix">
  <rows>256</rows>
  <cols>1</cols>
  <dt>f</dt>
  <data>
    3.34569765e-03 4.25213668e-03 7.32629374e-03 5.78762870e-03
    2.15351372e-03 7.46183842e-03 4.53348830e-03 4.19383496e-03
    4.22016624e-03 3.11927428e-03 5.47853112e-03 2.42305850e-03
    2.82635447e-03 4.10936773e-03 7.83770869e-04 3.36407591e-03
    1.71678187e-03 7.55668990e-03 1.19008950e-03 2.51252175e-04
    5.50850853e-03 3.12872068e-03 6.39819168e-03 5.70322247e-03
    5.43258805e-03 4.61450778e-03 1.64200168e-03 5.77578461e-03
    2.78329849e-03 6.14022696e-03 2.75640818e-03 6.39545359e-03
    2.03146879e-03 2.17856932e-03 7.14050280e-03 3.15185054e-03
    2.74712569e-03 2.94950278e-03 7.41845835e-03 6.42308686e-03
    3.33719130e-04 2.86623393e-03 7.48161692e-03 7.09470874e-03
    4.88818064e-03 6.43743621e-03 4.51417407e-04 3.82673880e-03
    6.39498001e-03 5.63988555e-03 4.71990788e-03 4.09866218e-03
    2.57248641e-03 3.06442939e-03 1.03946018e-03 3.34392395e-03
    1.53961813e-03 7.33200088e-03 7.34508876e-03 5.55889157e-04
    7.56204536e-04 6.86112605e-03 6.78188866e-03 6.17924845e-03
    5.06142620e-03 2.28409073e-03 2.06673867e-04 1.14673574e-03
    1.68667553e-04 5.49000036e-03 7.08071981e-03 1.92155549e-03
    2.00191818e-04 3.00236815e-03 2.78804032e-03 1.00370182e-03
    6.57046330e-04 3.94947128e-03 1.61141576e-03 6.97602797e-03
    6.60908362e-03 1.47767612e-04 5.94731944e-04 7.95003507e-05
    5.08710291e-05 4.38809721e-03 6.23307005e-03 8.01896502e-04
    6.18606620e-03 6.07905630e-03 3.37914214e-03 6.15659542e-03
    6.72348263e-03 2.97669042e-03 7.95454325e-05 5.36395190e-03
    3.56031139e-03 7.07078306e-03 1.97916687e-03 5.13784401e-03
    2.34787050e-03 2.13043648e-03 6.27075264e-04 3.47488583e-03
    5.81911206e-03 7.69930019e-04 3.82167846e-03 7.35798711e-03
    5.52813930e-04 3.23005347e-03 5.12302015e-03 1.95179111e-03
    7.03180442e-03 6.86440151e-03 3.99218081e-03 1.23379577e-03
    5.73993707e-03 3.92637216e-03 1.60524424e-03 5.44217695e-03
    1.25412736e-03 7.11573288e-03 4.00176831e-03 2.15336774e-03
    1.98981632e-03 6.99924398e-03 5.99593483e-03 6.15690090e-03
    6.23800652e-03 1.17200473e-03 2.69686617e-03 5.52049605e-03
    1.49713736e-03 4.35283128e-03 1.71282236e-03 4.01842874e-03
    4.20022663e-03 2.16896390e-03 6.27452601e-03 3.09459050e-03
    3.20482836e-03 3.94728314e-03 4.55675967e-04 3.02259345e-03
    2.73509976e-03 7.41756894e-03 6.35500345e-03 2.14963499e-03
    2.72837048e-03 2.62206327e-03 6.41797343e-03 6.87647611e-03
    3.04108323e-03 1.48599013e-03 3.41151678e-03 1.82166972e-04
    1.45436078e-03 3.22042569e-03 3.14491382e-03 3.66764812e-04
    4.24435874e-03 1.95566681e-03 4.78804670e-03 5.62925963e-03
    4.28272411e-03 3.69431055e-03 7.23753776e-03 6.30836654e-03
    5.99105190e-03 7.36132078e-03 1.70748608e-04 4.25130222e-03
    2.07054382e-03 4.35906323e-03 7.16550229e-03 2.77208840e-03
    2.54968973e-03 4.80980612e-03 5.83935855e-03 5.64828143e-03
    5.80357341e-03 2.16207583e-03 2.94258096e-03 4.98459535e-03
    4.45540017e-03 6.02548569e-03 2.84020766e-03 5.74630313e-03
    5.10506378e-03 4.11712332e-03 6.52839243e-03 4.75877151e-03
    4.13906807e-03 6.56845188e-03 1.56389468e-03 1.65602891e-04
    1.93616492e-03 3.52683733e-03 1.14961830e-03 3.90529982e-03
    2.25313543e-03 1.57904357e-03 2.47302442e-03 6.84732711e-03
    3.56919062e-03 6.33333437e-03 5.98587794e-03 6.39345613e-04
    7.36351870e-03 4.06681979e-03 5.48240077e-03 3.48111312e-03
    4.28101607e-03 3.73660959e-03 6.83828024e-03 7.50470255e-03
    3.23328818e-03 6.54332153e-03 2.74828891e-03 5.54996915e-03
    2.14883639e-03 4.04229295e-03 6.37143804e-03 2.77627166e-03
    2.95080594e-04 2.07748474e-03 5.87297045e-03 5.65168634e-03
    8.59820459e-04 5.19550219e-03 5.68491733e-03 4.57548769e-03
    6.55267714e-03 2.51816260e-03 7.10076559e-03 3.03736120e-03
    5.44089451e-03 6.70361007e-03 6.90322928e-03 8.81566550e-04
    4.43864474e-03 3.02785449e-03 2.77110795e-03 2.91117071e-03
    1.07353018e-03 2.14817328e-03 6.17360638e-05 4.23867116e-03
    1.87698728e-03 5.95487142e-03 4.45404602e-03 2.04116246e-03
    3.60317226e-03 4.60355962e-03 4.18087514e-03 6.80113956e-03</data></test_hist>
<p_value>4.0000000000000002e-01</p_value>
<my_p>105</my_p>
<your_p>0</your_p>
</opencv_storage>
