<?xml version="1.0"?>
<opencv_storage>
<test_hist type_id="opencv-matrix">
  <rows>256</rows>
  <cols>1</cols>
  <dt>f</dt>
  <data>
    4.23898775e-04 4.46524937e-03 5.92414755e-03 7.47252209e-03
    5.65078016e-03 6.83410186e-03 5.70404856e-03 4.27105278e-03
    5.14499983e-03 3.87918646e-03 1.12312438e-04 6.28694077e-04
    1.84624793e-03 2.48013949e-03 2.45341309e-03 8.00401380e-04
    2.46440503e-03 1.04465557e-03 9.86267463e-04 6.77017355e-03
    7.10081728e-03 1.82925176e-03 1.65276474e-03 2.47083278e-03
    1.74706406e-03 7.33045302e-03 6.03408832e-03 6.03881571e-03
    2.72488873e-03 1.09889312e-04 3.94318672e-03 4.42833873e-03
    5.71175758e-03 5.97613584e-03 5.31989476e-03 6.06129691e-03
    3.31179309e-03 1.35203684e-03 7.56077375e-03 1.77191291e-03
    5.04051521e-03 2.08853930e-03 6.05052989e-03 4.86573874e-04
    8.02086294e-03 7.31328456e-03 4.17634239e-03 4.36164020e-03
    8.09313171e-03 9.66248976e-04 9.93835623e-04 7.02064624e-03
    3.70105007e-03 1.79717678e-03 4.67990385e-03 7.39262300e-03
    7.35267624e-03 1.20109855e-03 1.10246998e-04 5.52300783e-03
    4.93806135e-03 6.99507119e-03 5.38768573e-03 1.20642059e-03
    2.20254762e-03 5.88919269e-04 3.71459755e-03 9.93409543e-04
    3.17665050e-03 3.18962033e-03 3.40157398e-03 7.34013412e-03
    2.81865546e-03 2.02337935e-04 3.87760112e-03 4.16651228e-03
    6.00531232e-03 6.25590142e-03 7.98416976e-03 5.46113402e-03
    8.02221801e-03 5.75256767e-03 3.16268345e-03 3.25638452e-03
    3.19523737e-03 7.62203615e-03 2.68878462e-03 5.57019329e-03
    3.82487732e-03 1.81168073e-03 8.29561520e-03 4.05024411e-03
    6.39851578e-03 7.71940826e-03 4.02234308e-03 5.96338650e-03
    4.68747196e-04 2.34470190e-03 2.41092243e-03 4.22028266e-03
    4.65284009e-03 2.10036337e-03 3.62698600e-04 8.21539853e-03
    5.69251506e-03 1.90070597e-03 1.38584466e-03 6.63342373e-03
    1.68622180e-03 8.03760311e-04 3.41135263e-03 7.42246211e-03
    3.30644567e-03 7.64876371e-04 5.53618744e-03 4.76081762e-03
    5.19740814e-03 1.18941411e-04 4.41175653e-03 2.35875510e-03
    2.59846728e-03 4.65062074e-03 4.78066318e-03 3.48418695e-03
    6.64898381e-03 3.58489284e-04 5.64510096e-03 5.50803496e-03
    8.19830038e-03 7.57004693e-03 4.73159319e-03 5.84349688e-03
    5.59711317e-03 7.02202041e-03 2.45677028e-03 1.44880498e-03
    4.19561984e-03 7.44734146e-03 1.35453267e-03 1.10822846e-03
    6.76495302e-03 6.75194617e-03 5.69767144e-04 1.65231351e-03
    3.41663603e-03 5.34682814e-03 6.44873688e-03 1.17123546e-03
    9.45004344e-04 2.79388600e-03 3.57269635e-03 8.85233167e-04
    2.11834256e-03 6.72794180e-03 2.21698359e-03 1.00952538e-03
    7.27897277e-03 2.56345887e-03 5.81275811e-03 7.23013538e-04
    7.03028776e-03 4.60232096e-03 1.62509840e-03 3.96146532e-03
    6.09890884e-03 9.37530422e-04 5.33903856e-03 3.73885152e-04
    4.63060429e-03 1.26559159e-03 1.77866628e-03 3.91375320e-03
    7.20844604e-03 5.14821755e-03 5.18923905e-03 7.27181928e-03
    1.95578393e-03 1.09532720e-03 7.37478398e-03 6.01699809e-03
    3.92288016e-03 1.27945002e-03 2.75926082e-03 2.07813084e-03
    5.73527301e-03 6.52383920e-03 2.23344401e-03 4.00117878e-03
    7.06209382e-03 5.34129981e-03 2.44106026e-03 1.36019698e-05
    7.88802048e-04 1.97058776e-03 5.95125835e-03 1.10695558e-03
    3.07465158e-03 5.22419252e-03 3.04432330e-03 2.02930160e-03
    7.31860287e-03 1.73355243e-03 6.44533616e-03 6.78766810e-04
    2.43868050e-03 7.22841965e-03 1.59005239e-03 3.20395175e-03
    6.27503218e-03 2.83267000e-03 2.61615642e-04 4.39932570e-03
    4.30098688e-03 2.26699910e-03 2.25902465e-03 4.27755294e-03
    9.14423319e-04 6.46000961e-03 4.22561215e-03 3.13343829e-03
    1.42175960e-03 5.93981997e-04 3.01378284e-04 1.58797356e-03
    7.61324959e-03 1.38596399e-03 5.88881737e-03 2.21816148e-03
    3.88925779e-03 4.94519435e-03 5.27058495e-03 1.72258110e-03
    5.63280936e-03 4.04702919e-03 5.53272665e-03 7.00423541e-03
    3.18702776e-03 4.36818739e-03 2.49102991e-03 7.03591248e-03
    7.33851921e-03 5.04257204e-03 1.77214842e-03 3.89882387e-03
    4.34302539e-03 9.53014096e-05 5.81676839e-03 7.97104836e-03
    8.15125275e-03 4.31651389e-03 5.47375390e-03 2.92821648e-03
    1.82054774e-03 7.55398825e-04 8.48665077e-04 2.59496737e-03</data></test_hist>
<p_value>7.5000000000000000e-01</p_value>
<my_p>187</my_p>
<your_p>0</your_p>
</opencv_storage>
