<?xml version="1.0"?>
<opencv_storage>
<test_hist type_id="opencv-matrix">
  <rows>256</rows>
  <cols>1</cols>
  <dt>f</dt>
  <data>
    2.18466134e-03 1.05108554e-03 1.65192422e-03 5.66643197e-03
    6.56013750e-03 3.18717398e-03 2.48560542e-03 7.13076210e-03
    1.09799940e-03 6.80951495e-03 7.38370745e-03 7.35144550e-03
    6.57441001e-03 2.36995891e-03 3.45313945e-03 2.82447063e-03
    7.06966408e-03 1.03179109e-03 6.33326033e-03 5.56232408e-03
    6.30158139e-03 9.23694868e-04 2.10478040e-03 7.75219174e-04
    5.55756874e-03 6.65492052e-03 1.00220751e-03 4.43650736e-03
    6.85831485e-03 3.53008881e-03 2.52575660e-03 7.22312741e-03
    6.30223099e-03 4.77228221e-03 5.24914358e-03 4.66384226e-03
    4.05284530e-03 3.23542324e-03 4.67961840e-03 7.28934957e-03
    1.03991211e-03 2.60594790e-03 8.57435050e-04 4.90107294e-03
    4.46543097e-03 4.68189968e-03 1.87428400e-03 6.83020335e-03
    6.77797245e-03 5.84241282e-03 3.10818548e-03 7.22239958e-03
    3.62342270e-03 4.57214657e-04 1.18694326e-03 6.42971322e-03
    7.27362976e-06 6.03891443e-03 2.97808973e-03 4.97626374e-03
    3.81235935e-04 3.86261242e-03 4.58998233e-03 6.07729424e-03
    3.70342145e-03 4.90698963e-03 1.90865854e-03 5.44246426e-03
    7.40287034e-03 5.67383599e-03 5.93635766e-03 6.48232223e-03
    2.69125029e-03 2.11331248e-03 3.94950574e-03 2.72037624e-03
    2.99424911e-03 6.23227423e-03 1.69529952e-03 4.20806464e-04
    3.10581410e-03 5.14903245e-03 1.76195323e-03 1.68703427e-03
    2.43110815e-03 6.07227255e-03 3.27073876e-03 1.49337063e-03
    1.45190558e-03 6.51881518e-03 7.74970336e-04 5.47302887e-03
    7.05744652e-03 2.24071997e-03 5.57226315e-03 2.30601552e-04
    9.89467953e-04 6.41497085e-03 1.41067570e-03 1.73331134e-03
    1.83415355e-03 3.95201333e-03 6.94396906e-03 6.47944573e-04
    2.32239417e-03 1.96180656e-03 5.77843841e-03 7.47335283e-03
    4.64609731e-03 2.69282405e-04 1.07618817e-03 5.13810106e-03
    3.27252736e-03 6.09699823e-03 2.40298291e-03 3.11178993e-03
    3.00223241e-03 4.77032643e-03 5.04789222e-03 4.42058174e-03
    3.82275460e-03 1.90333390e-04 7.30341719e-03 1.99753791e-03
    7.31204357e-03 4.86166542e-03 1.11147808e-03 3.56525928e-03
    8.28354561e-04 1.14117970e-03 2.91379704e-03 4.39197989e-03
    6.22434402e-03 2.91526807e-03 4.92389826e-03 3.62732541e-03
    5.54201752e-03 5.13387239e-03 3.68378591e-03 6.49789255e-03
    3.70820193e-03 5.42905973e-03 1.68895605e-03 2.81166076e-03
    5.64052956e-03 4.82525583e-03 6.09492045e-03 2.01410567e-03
    6.83260383e-03 4.82910033e-03 6.07321924e-03 2.99378880e-03
    7.59688148e-04 2.73239380e-03 4.82601952e-03 3.41463462e-03
    7.53664644e-03 6.55209227e-03 3.95700894e-03 4.35926858e-03
    1.18009467e-03 5.31585945e-04 6.52902341e-03 1.62572879e-03
    6.81245513e-03 2.86638457e-03 7.35462597e-03 6.05597580e-03
    2.39118421e-03 6.31528615e-04 4.91835969e-03 6.22213539e-03
    2.07832339e-03 7.52986269e-03 7.22759729e-03 6.36806199e-03
    4.78139799e-03 4.37691808e-03 5.11079095e-04 1.93805643e-03
    3.30940093e-04 1.71044236e-03 2.37275171e-03 1.57980982e-03
    6.78389519e-03 5.20638470e-03 1.24722742e-03 7.36516668e-03
    4.57195099e-03 5.77756623e-03 3.19974124e-03 1.52499543e-03
    1.13428244e-03 4.86020884e-03 7.19585968e-03 1.30449713e-03
    3.31688253e-03 1.37598300e-03 2.59518623e-03 7.89585698e-04
    4.44340333e-03 6.67636865e-04 2.33908044e-03 6.94153132e-03
    2.92011444e-03 3.87128792e-03 5.76596195e-03 2.02912930e-03
    1.06904260e-03 3.78609938e-03 1.56773359e-03 7.33939139e-03
    1.14150322e-03 6.27954258e-03 7.18459301e-03 2.58253654e-03
    5.90255018e-03 3.53299477e-03 2.10906309e-03 2.95443973e-03
    8.70877062e-04 6.08886732e-03 3.38703219e-04 1.33552036e-04
    6.34883484e-03 3.67065426e-03 6.73976727e-04 5.92575362e-03
    4.34799539e-03 4.45130374e-03 7.54225068e-04 3.57726519e-03
    6.91135926e-03 2.77315429e-03 6.68733846e-03 2.81146518e-03
    6.82282075e-03 4.23476333e-03 5.33132255e-03 6.45718817e-03
    3.28880758e-03 2.60095857e-03 6.86836755e-03 7.00887712e-03
    1.25058345e-03 5.25252707e-03 1.60946138e-03 5.02403500e-03
    5.14717354e-03 1.46899244e-03 7.09371082e-03 2.51603127e-03
    7.18384096e-03 1.65751899e-05 2.40579783e-03 6.36743614e-03</data></test_hist>
<p_value>8.5999999999999999e-01</p_value>
<my_p>221</my_p>
<your_p>0</your_p>
</opencv_storage>
