<?xml version="1.0"?>
<opencv_storage>
<test_hist type_id="opencv-matrix">
  <rows>256</rows>
  <cols>1</cols>
  <dt>f</dt>
  <data>
    5.82631165e-03 7.30963564e-03 4.30798670e-03 6.62277080e-03
    6.26333151e-03 3.74022522e-03 4.64885449e-03 6.77093491e-03
    4.98630339e-03 9.80037497e-04 8.09463672e-03 4.77963546e-03
    7.30424328e-03 5.94990002e-03 1.70788495e-03 8.01814906e-03
    5.00136381e-03 5.66488085e-03 6.87038468e-04 7.37032760e-03
    6.13266509e-03 2.48424523e-03 3.77377088e-04 4.50377678e-03
    7.36084813e-03 3.03045544e-03 4.41764574e-03 1.80274481e-03
    5.54310251e-03 6.73336722e-03 7.95523170e-03 5.20479074e-03
    6.43398007e-03 2.83788587e-03 2.51249433e-03 2.28664069e-03
    2.77219014e-03 1.05645985e-03 5.00486000e-03 2.54168781e-03
    1.59522844e-03 1.46216922e-03 5.52066928e-03 3.50188510e-03
    2.60579120e-03 7.16169924e-03 3.27378581e-03 9.61307145e-04
    3.09681240e-03 5.74925169e-03 4.49886126e-03 5.06517850e-03
    2.78441282e-03 1.51406310e-03 1.20342348e-03 2.18456937e-03
    4.18103067e-03 6.30072784e-03 5.43580577e-03 7.82410894e-03
    1.76050107e-05 3.97440931e-03 3.10865720e-03 6.31722016e-03
    2.13837507e-03 2.49877712e-03 5.10519650e-03 2.41832738e-03
    7.96363037e-03 7.85022695e-03 1.83027890e-03 6.84366422e-03
    4.54798574e-03 6.84494560e-04 5.83509961e-03 1.56512763e-03
    2.97678588e-03 2.13128747e-03 2.53980490e-03 3.73573252e-03
    5.13730454e-04 9.52056958e-04 6.40239520e-03 7.48638413e-04
    2.56708404e-03 7.46302400e-03 2.85858428e-03 5.86085720e-03
    2.95553985e-03 1.26086862e-03 5.84830064e-03 4.82383836e-03
    2.03868235e-03 4.18663211e-03 3.95115727e-04 7.08594639e-03
    5.45877032e-03 6.65060151e-03 1.18349993e-03 4.98142652e-03
    1.10714158e-04 6.24025892e-03 3.17026628e-03 1.07931311e-03
    6.83969958e-03 7.54632149e-03 3.14070540e-03 7.93790445e-03
    2.35968828e-03 8.04555230e-03 8.07532854e-03 2.88742571e-03
    2.54220283e-03 8.10162257e-03 3.56668886e-03 7.80625315e-03
    2.68709101e-03 4.41217050e-03 1.80399907e-03 5.70962112e-03
    4.05676384e-03 8.11522268e-03 2.77268398e-03 4.27614944e-03
    6.11023977e-04 5.98424487e-03 7.28222355e-03 2.69714999e-03
    2.95515580e-04 7.42735714e-03 7.79519696e-03 4.68600588e-03
    5.35533577e-03 1.07728492e-03 6.47253077e-03 4.84360429e-03
    2.78588105e-03 1.99446082e-03 1.84358374e-04 5.38643217e-03
    1.79693848e-03 4.59263567e-03 7.78835593e-03 6.31878967e-04
    1.04321155e-03 1.78645237e-03 1.05882867e-03 3.16975755e-03
    2.89073889e-03 3.12584988e-03 7.84972683e-03 4.49759420e-03
    3.58027243e-03 3.35342553e-03 2.37947315e-04 4.02442878e-03
    8.18538887e-04 7.37527665e-03 4.76291915e-03 4.29482572e-03
    2.67671072e-03 2.71549751e-03 3.33628105e-03 1.75008050e-03
    4.22929786e-03 4.76910034e-03 3.93072935e-03 8.15367978e-03
    5.59955515e-06 5.31801349e-03 4.79238713e-03 2.82392401e-04
    5.55704255e-03 3.31470231e-03 9.90998349e-04 7.38993566e-03
    3.26637132e-03 3.78904724e-03 1.24276616e-03 7.55893625e-03
    2.35563936e-03 3.50211747e-04 6.84186830e-07 2.15490581e-03
    1.74331595e-04 5.24754636e-03 4.38035186e-03 1.18349693e-04
    4.63817082e-03 7.33873295e-03 2.91573186e-03 4.42777481e-03
    1.97816524e-03 7.99375679e-03 1.05981911e-04 4.68921801e-03
    3.89594748e-03 5.13380254e-03 6.17856998e-03 7.86499865e-03
    3.48106259e-03 1.65884488e-03 5.48842945e-04 7.05042575e-03
    7.07448227e-04 3.07521713e-03 8.21118592e-04 8.37830710e-04
    5.59122069e-03 1.67573337e-03 7.47900410e-03 8.21388734e-04
    5.78645559e-04 6.78375596e-03 2.00434728e-03 7.05322996e-03
    1.68699725e-03 1.20917370e-03 1.82415266e-03 5.67518547e-03
    5.96280396e-03 5.29410178e-03 2.66808085e-03 1.32513023e-03
    3.05107539e-03 3.27434600e-03 2.50970409e-03 1.41985982e-03
    2.96425680e-03 8.08723830e-03 2.86584080e-04 1.92884391e-03
    4.22142772e-03 5.13810758e-03 2.37548165e-03 6.52843574e-03
    3.43185687e-03 1.96626759e-03 7.77081959e-03 4.53457329e-03
    3.13231285e-04 1.20884890e-03 7.22172158e-03 1.34996988e-03
    6.54580956e-03 6.88212877e-03 1.20164477e-03 3.28423502e-03
    7.14232679e-03 5.49878459e-03 6.22747373e-03 8.98302242e-04
    1.42615195e-03 6.44398679e-04 7.54677923e-03 2.18529929e-03</data></test_hist>
<p_value>3.3000000000000002e-01</p_value>
<my_p>77</my_p>
<your_p>78</your_p>
</opencv_storage>
