<?xml version="1.0"?>
<opencv_storage>
<test_hist type_id="opencv-matrix">
  <rows>256</rows>
  <cols>1</cols>
  <dt>f</dt>
  <data>
    6.07842067e-03 2.52655055e-03 5.05685760e-03 1.21432659e-03
    4.53311205e-03 1.12483674e-03 2.40679597e-03 5.27703145e-04
    5.36710350e-03 1.70785538e-03 5.80085628e-03 6.57052547e-03
    2.14658026e-03 4.32446320e-03 3.57409008e-03 3.42704356e-04
    2.82793044e-04 1.90215197e-03 3.27299256e-03 4.58334666e-03
    8.94843834e-04 4.00479231e-03 3.37753864e-03 5.20870369e-03
    2.05478142e-03 5.66231739e-03 6.78691873e-03 5.90303261e-03
    3.05863656e-03 3.47791170e-03 1.24600134e-03 5.23291109e-03
    2.94270320e-03 3.00521310e-03 6.00215932e-03 3.17006884e-03
    5.34231542e-03 5.23654278e-03 6.17920328e-03 2.95790471e-03
    1.65679143e-03 5.26704919e-03 2.48381129e-05 4.85979114e-03
    6.93188049e-03 5.09342877e-03 3.26432171e-04 7.52547896e-03
    7.14972848e-03 4.22434835e-03 6.71080779e-03 4.12621477e-04
    1.15251273e-03 6.46860665e-03 1.05276448e-03 4.53368062e-03
    3.82383610e-03 5.87520283e-03 6.69655250e-03 5.76752098e-03
    4.72450862e-04 4.43621073e-03 8.94427183e-04 2.55354354e-03
    7.10114138e-03 6.62295194e-03 2.32963357e-03 5.03199734e-03
    6.23271614e-03 2.34248140e-03 6.03287760e-03 9.57587559e-04
    2.80004088e-03 4.21488425e-03 4.12904425e-03 6.83390768e-03
    5.52561088e-03 4.24188515e-03 5.51428739e-03 2.81026331e-03
    6.55958382e-03 4.87398636e-03 4.19258093e-03 5.00658411e-04
    5.28041366e-03 2.39278469e-03 5.82365412e-03 3.33739584e-03
    3.43003380e-03 5.02923317e-03 7.16273021e-03 5.36941830e-03
    5.29755186e-03 4.76631988e-03 3.96623136e-03 3.61482939e-03
    4.74365515e-04 5.91394072e-03 3.95434909e-03 3.49565735e-03
    4.13111458e-03 5.05674956e-03 5.47725474e-03 2.14972743e-03
    4.23159945e-04 3.27981939e-03 6.97004655e-03 2.34496361e-03
    4.05522529e-03 5.85573958e-03 6.80352049e-03 3.37723200e-03
    6.15345268e-03 2.02348363e-03 4.05516196e-03 9.57031560e-04
    4.90033533e-03 4.35833260e-03 4.48149024e-03 1.66193291e-03
    6.23761583e-03 1.02287810e-03 4.94301668e-04 7.36727612e-03
    4.31018183e-03 5.30867139e-03 6.78189797e-03 4.88636363e-03
    3.32104205e-03 1.18920114e-03 2.21177982e-03 3.25567729e-04
    7.34824134e-05 6.63584098e-03 7.25125428e-03 3.75884795e-03
    1.48230360e-03 1.64294848e-03 5.99773647e-03 6.43391814e-03
    5.64725837e-03 6.86495379e-03 4.37261537e-03 1.24552718e-03
    6.99515315e-03 5.23334229e-03 5.97781362e-03 6.13141898e-03
    1.82638993e-03 1.66082662e-03 3.36159370e-03 6.67865295e-03
    6.77899597e-03 1.02925277e-03 6.26256829e-03 5.13033383e-03
    5.57140338e-05 7.53707485e-03 2.56975368e-03 3.33500304e-03
    5.86808566e-03 3.43738077e-03 6.60711084e-04 3.60027468e-03
    5.50537370e-03 3.55017767e-03 3.21379234e-03 7.36060506e-03
    5.89333475e-04 2.20594718e-03 2.98978831e-03 2.59263418e-03
    5.43049909e-03 1.93636876e-03 1.09349634e-03 3.46429064e-03
    2.89361086e-03 3.69559485e-03 3.98321822e-03 2.87685636e-03
    5.26765548e-03 2.26602680e-03 2.98169721e-03 2.21975101e-03
    3.46354954e-03 5.39933750e-03 2.57435674e-03 1.86065045e-05
    2.91882618e-03 2.30663293e-03 2.17077113e-03 1.01659924e-03
    4.28911531e-03 3.21676396e-03 3.21935071e-03 8.74300487e-04
    7.11785816e-03 3.18121933e-03 2.88451696e-03 5.65231964e-03
    3.16073862e-03 7.16445688e-03 2.17960798e-03 2.10182858e-03
    5.89303533e-03 1.28693541e-03 5.65102557e-03 5.68749616e-03
    2.34118104e-03 3.21906852e-03 6.45440305e-03 2.72549666e-03
    2.48854491e-03 5.34312800e-03 6.59149792e-03 4.12098272e-03
    1.29415828e-03 7.28806900e-03 5.49660297e-03 2.55473005e-03
    4.20640688e-03 2.23452575e-03 4.12660418e-03 3.61001166e-03
    7.16749020e-03 1.03254097e-04 1.08896359e-03 5.54408226e-03
    7.46291829e-03 3.96171631e-03 6.67191867e-04 6.01598993e-03
    6.00879593e-03 2.49890424e-03 6.94563985e-03 3.38472985e-03
    2.60225707e-03 5.83876530e-03 2.48688273e-03 5.11423685e-03
    4.59412020e-03 2.41443608e-03 6.97459048e-03 7.30436703e-04
    4.27805400e-03 5.86150913e-03 6.92066597e-03 1.48394855e-03
    5.77249425e-03 1.48099300e-03 3.68871749e-03 5.79078123e-03
    5.47103863e-03 3.02020856e-03 1.30535656e-04 6.18857006e-03</data></test_hist>
<p_value>6.8999999999999995e-01</p_value>
<my_p>173</my_p>
<your_p>0</your_p>
</opencv_storage>
