<?xml version="1.0"?>
<opencv_storage>
<test_hist type_id="opencv-matrix">
  <rows>256</rows>
  <cols>1</cols>
  <dt>f</dt>
  <data>
    1.82337756e-03 4.77123214e-03 2.99624447e-03 2.06557350e-04
    6.89817313e-03 1.22375041e-03 5.96038112e-03 7.26914639e-03
    6.96203252e-03 7.43229454e-03 8.74384888e-04 2.05111573e-03
    4.46906965e-03 3.22813867e-03 9.57747863e-04 1.63960911e-03
    1.49262778e-03 5.99823601e-04 3.14430101e-03 4.82083997e-03
    6.55840337e-03 7.47287320e-03 4.92532877e-03 2.27718591e-03
    3.80567601e-03 4.38146293e-03 4.38756635e-03 6.50373939e-03
    6.01727422e-03 7.24363513e-03 5.92239015e-03 1.48958142e-03
    7.51171354e-03 5.53696603e-03 2.97859538e-06 1.83438929e-03
    6.03520731e-03 8.32337420e-04 1.07735663e-03 7.03692948e-03
    7.16475444e-03 1.59004601e-04 3.90986120e-03 6.95320778e-03
    3.40062636e-03 6.10820716e-03 4.36805451e-04 5.32343658e-03
    1.14432885e-03 2.56727752e-03 7.34765781e-03 1.81879720e-03
    1.83051091e-03 2.45311693e-03 5.10161463e-03 3.29212542e-03
    3.39206751e-03 7.27374619e-03 5.27192093e-03 2.36470951e-03
    3.21250362e-03 3.36764241e-03 5.82827022e-04 5.45626087e-03
    1.89885861e-04 6.88312855e-03 5.16933203e-03 5.51261613e-03
    1.20797637e-03 5.07741747e-03 5.30600967e-03 3.24007729e-03
    2.06361851e-03 4.98597603e-03 4.01396817e-03 1.38676970e-03
    4.11808025e-03 1.90537807e-03 4.28119116e-03 6.50803745e-03
    1.55056838e-03 1.75383466e-03 4.42874711e-03 4.89103654e-03
    1.01325358e-03 6.73787261e-04 4.13157791e-03 7.14517199e-03
    4.77593252e-03 4.31190291e-03 6.14911551e-03 4.62994725e-03
    1.12271856e-03 3.30269313e-03 1.99286337e-03 4.91075870e-03
    6.47115102e-03 6.65001478e-03 6.01148792e-03 4.81388019e-03
    4.90832468e-03 4.35865577e-03 7.02304579e-03 3.36874335e-04
    3.45023785e-04 8.68456671e-04 4.79023019e-03 2.48261902e-04
    7.47649232e-03 7.04199169e-03 6.01082633e-04 5.46326442e-03
    1.08084746e-03 5.52580552e-03 1.39903778e-03 3.13954568e-03
    6.10173040e-04 2.72490643e-03 3.98210483e-03 2.18468765e-03
    3.58058605e-03 3.22888349e-03 4.17362340e-03 6.96141040e-03
    3.86800477e-03 6.75276294e-03 3.29285674e-03 3.18011246e-03
    2.51874514e-03 6.81509636e-03 5.68316085e-03 5.56697464e-03
    7.37252529e-04 6.68596663e-03 5.54245384e-03 1.04842789e-03
    5.68918465e-03 7.43766269e-03 3.43048642e-03 5.88390743e-03
    6.18620217e-03 3.65997944e-03 7.48354336e-03 6.54973183e-03
    2.40263622e-03 6.20903866e-03 7.44954357e-03 4.01395839e-04
    2.94655887e-03 4.27599903e-03 4.32265922e-03 2.13052053e-03
    1.36210801e-04 1.97977410e-03 5.90418186e-03 5.46575058e-03
    1.10245729e-03 2.66289758e-03 1.35278795e-03 6.95111090e-03
    3.91854579e-03 5.69822080e-03 3.67159816e-03 1.63948070e-03
    5.31902397e-03 9.41435865e-04 2.80147023e-03 6.75349683e-03
    3.96669796e-03 6.14336785e-03 5.67610608e-04 7.36561837e-03
    1.43128866e-03 4.92827175e-03 5.41059859e-03 3.55995656e-03
    5.49013214e-03 2.42945459e-03 1.73448864e-03 2.53420020e-03
    6.93457108e-03 3.63747729e-03 2.00435123e-03 5.61333634e-03
    2.18997686e-03 7.32070114e-03 2.96664832e-04 3.55564430e-03
    4.33399854e-03 6.00207923e-03 4.76048468e-03 5.39015792e-03
    2.77936319e-03 1.64691836e-03 1.67886575e-03 7.00911134e-03
    6.15181727e-03 1.62686512e-03 1.86128877e-04 7.43181445e-03
    1.56851800e-03 5.09622926e-03 6.17606845e-03 1.01948564e-03
    5.16113918e-03 2.39149970e-03 6.70638774e-03 3.50973802e-03
    4.88827284e-03 7.48261809e-03 3.63604119e-03 3.53487977e-03
    4.01194440e-03 4.34904732e-03 4.06944705e-03 2.03240453e-03
    2.19532335e-03 6.95058843e-03 3.29354638e-03 7.17979064e-03
    4.76676179e-03 1.41890370e-04 4.24255477e-03 5.57310833e-03
    4.53745108e-03 2.83692777e-03 1.43291417e-03 2.94970255e-03
    5.03516709e-03 3.02759651e-03 6.52699172e-03 3.76521330e-03
    3.93524999e-03 2.15144129e-03 1.90180168e-03 6.62687002e-03
    6.58828719e-03 5.14465617e-03 1.56849541e-03 5.18032024e-03
    3.67880985e-03 6.78871246e-03 5.19144721e-03 4.64822445e-03
    3.48947104e-03 3.57423606e-03 9.77754826e-04 1.53525907e-03
    3.95692931e-03 1.48739526e-03 6.80367695e-03 4.31228941e-03
    1.71602156e-03 2.61722016e-03 2.74264661e-04 9.60471050e-04</data></test_hist>
<p_value>3.8000000000000000e-01</p_value>
<my_p>97</my_p>
<your_p>0</your_p>
</opencv_storage>
