<?xml version="1.0"?>
<opencv_storage>
<r>2</r>
<L2_diff>6.5131748897026512e+02</L2_diff>
<test_img type_id="opencv-matrix">
  <rows>128</rows>
  <cols>256</cols>
  <dt>f</dt>
  <data>
    9.20081913e-01 3.21367115e-01 8.06126535e-01 3.60915303e-01
    1.18605107e-01 6.32079482e-01 1.41864270e-01 7.50258088e-01
    8.11160266e-01 7.22732425e-01 4.96393859e-01 6.09524131e-01
    4.35870886e-03 6.38527155e-01 4.78966653e-01 6.08168602e-01
    8.07911754e-01 8.39073420e-01 5.77740371e-01 4.83433634e-01
    9.91902113e-01 1.43773973e-01 7.23022342e-01 3.19568813e-01
    2.50738472e-01 4.96478289e-01 6.41995668e-01 7.67406940e-01
    3.24613601e-01 9.88049746e-01 7.00084627e-01 4.25967574e-02
    3.24308872e-02 9.38621163e-03 7.87379444e-01 3.55340064e-01
    2.67714202e-01 9.67718065e-01 3.28883231e-01 9.56345439e-01
    9.89248395e-01 7.18466341e-02 1.43171728e-01 2.72512943e-01
    9.51272488e-01 5.18845141e-01 2.87935704e-01 4.69300449e-01
    9.75769758e-02 6.47662938e-01 4.20509428e-01 4.71089661e-01
    1.06558919e-01 3.12332153e-01 1.95071399e-02 7.21180320e-01
    8.22850168e-01 8.80738497e-01 4.35708940e-01 1.13994420e-01
    7.23722875e-02 7.40922689e-01 1.48786128e-01 3.54898870e-02
    1.75618887e-01 9.06814277e-01 3.24156702e-01 1.78546607e-02
    4.17164862e-02 5.56352377e-01 1.30347043e-01 1.48552060e-02
    5.71837187e-01 8.93668771e-01 3.41342300e-01 2.58744955e-01
    1.54202461e-01 1.93601578e-01 1.64339215e-01 2.58044362e-01
    1.79545343e-01 1.29390210e-01 9.66732621e-01 9.05236006e-01
    2.44606793e-01 5.64790487e-01 2.96558082e-01 8.05329442e-01
    9.66902375e-01 7.72603691e-01 1.83221698e-03 1.38337046e-01
    6.19345903e-01 2.61759520e-01 9.27826881e-01 4.20741558e-01
    1.00875795e-01 6.91770971e-01 3.96361470e-01 9.83711302e-01
    8.88070941e-01 5.75882614e-01 8.46251249e-01 9.56787586e-01
    5.57030976e-01 2.08887398e-01 3.52433294e-01 2.65650749e-02
    7.05746353e-01 7.63504028e-01 8.24247837e-01 4.02304977e-01
    7.70835698e-01 8.13461423e-01 6.97176158e-01 2.56841838e-01
    8.69706511e-01 9.43947375e-01 4.15095717e-01 4.82242316e-01
    5.27761459e-01 3.04263324e-01 6.90949559e-02 2.16286927e-01
    2.13742912e-01 8.41052830e-01 1.66456521e-01 3.73401791e-01
    1.34858280e-01 9.74062085e-01 3.97349864e-01 2.57653594e-01
    5.91198444e-01 2.76862562e-01 6.30014777e-01 3.80432546e-01
    7.64353275e-02 5.14632285e-01 5.36214590e-01 8.52334857e-01
    7.60160267e-01 1.49437815e-01 9.22962725e-02 9.24919844e-01
    2.49364972e-01 7.02623367e-01 4.46145326e-01 5.07842004e-01
    8.17146480e-01 2.54450530e-01 1.39373869e-01 7.11106181e-01
    3.13498974e-01 6.27044916e-01 3.11480999e-01 5.40278673e-01
    6.58515513e-01 8.96094382e-01 1.01166636e-01 3.08874965e-01
    4.88924980e-01 5.14142215e-01 3.86683643e-02 5.25651813e-01
    8.43125224e-01 3.22853863e-01 1.38518929e-01 5.88716626e-01
    2.90899187e-01 9.66106296e-01 7.76631176e-01 3.36181015e-01
    9.90931273e-01 8.59877706e-01 2.36831754e-01 3.05332214e-01
    7.22772300e-01 1.08515769e-01 2.18791872e-01 1.89794153e-01
    5.97148538e-01 9.26570475e-01 6.30970597e-01 5.42469442e-01
    7.17808604e-01 9.95949984e-01 9.34832215e-01 7.80310512e-01
    4.42936480e-01 6.44685030e-01 9.53052044e-01 4.07906383e-01
    8.20707440e-01 5.75433254e-01 8.75776052e-01 8.34977031e-01
    6.16835535e-01 3.42289001e-01 4.87325162e-01 7.64012218e-01
    3.55932653e-01 9.96865034e-01 9.97052193e-01 2.78530180e-01
    6.67403221e-01 6.61394000e-01 3.60398740e-01 3.52746367e-01
    8.71990442e-01 7.64041126e-01 9.41160321e-01 7.00092196e-01
    2.59925485e-01 3.22450221e-01 6.70350254e-01 4.29334491e-01
    2.78724313e-01 9.28310275e-01 9.98660684e-01 5.20568788e-02
    2.45662212e-01 7.79160559e-02 8.42758000e-01 1.53553545e-01
    1.45895839e-01 7.32362509e-01 4.55804288e-01 3.46742094e-01
    4.17006910e-01 7.49370575e-01 9.09585238e-01 4.23076451e-01
    2.39313126e-01 2.53208578e-01 6.01091623e-01 4.68951732e-01
    7.89730787e-01 8.21028352e-02 3.98792893e-01 5.44207036e-01
    8.53664398e-01 6.61253512e-01 9.38117623e-01 4.71099526e-01
    8.89274478e-01 2.98318803e-01 7.34749019e-01 4.29236740e-01
    8.14118624e-01 6.09692633e-01 3.25323164e-01 2.37787366e-01
    6.63663805e-01 8.06812525e-01 1.05856717e-01 9.66507673e-01
    5.76693773e-01 3.06419939e-01 1.10177368e-01 9.64243174e-01
    2.98460513e-01 6.07382178e-01 8.83694410e-01 2.99498320e-01
    3.07461202e-01 9.24094081e-01 4.79645133e-02 3.51845682e-01
    9.47804809e-01 8.92970681e-01 8.90037715e-02 1.21781528e-02
    3.92319560e-01 4.02286947e-02 7.56080627e-01 4.95592982e-01
    5.76603413e-01 8.42027128e-01 9.30338919e-01 3.86252224e-01
    9.91736174e-01 1.70215935e-01 5.21849096e-01 7.77854860e-01
    8.10037732e-01 6.36116326e-01 8.08143616e-01 7.17050314e-01
    4.66129482e-01 5.67439079e-01 9.61178601e-01 9.49507356e-01
    7.33651519e-01 3.02589536e-02 4.76032645e-01 7.25762308e-01
    3.74503195e-01 3.19474757e-01 4.07229364e-02 4.61759865e-01
    7.18310356e-01 7.37475276e-01 8.26741874e-01 8.52433681e-01
    8.30596685e-02 7.45975614e-01 7.15403259e-01 6.46011531e-02
    2.64201820e-01 8.23008776e-01 2.53180206e-01 1.22779369e-01
    4.37207252e-01 9.45834219e-02 4.82765377e-01 4.39732730e-01
    4.99038517e-01 3.85746360e-01 9.39504981e-01 4.25509483e-01
    8.34820628e-01 8.65127683e-01 1.26193523e-01 6.01490617e-01
    8.12090874e-01 6.50125444e-01 5.43826759e-01 4.71221447e-01
    9.53935027e-01 1.06914908e-01 7.53297806e-01 8.66127670e-01
    2.61440575e-02 8.22247028e-01 2.37855405e-01 5.98212481e-02
    8.25372100e-01 7.16367483e-01 7.68929899e-01 1.98160827e-01
    4.05437499e-01 5.58180392e-01 6.72769308e-01 7.06813514e-01
    7.21433163e-01 3.18808913e-01 2.90553689e-01 4.62853670e-01
    9.09387887e-01 2.30329633e-02 2.72398770e-01 7.00208783e-01
    9.27397609e-01 2.89447784e-01 1.10265881e-01 7.01057494e-01
    7.23454773e-01 9.95750427e-01 7.42894173e-01 1.89456105e-01
    8.74379575e-01 5.67534029e-01 7.03599751e-01 1.35023594e-01
    7.23806441e-01 4.06338483e-01 4.39281791e-01 3.20300639e-01
    2.20111102e-01 1.50689185e-01 1.21039510e-01 3.84796292e-01
    4.48967725e-01 8.19612384e-01 8.58407319e-01 4.46877360e-01
    9.22796071e-01 3.00454497e-01 3.67019504e-01 4.37553734e-01
    6.28144979e-01 9.23535287e-01 7.58883536e-01 4.29258496e-01
    2.44285583e-01 6.07982457e-01 8.54450583e-01 4.21289623e-01
    8.80520105e-01 1.50816530e-01 1.17220283e-02 2.89859891e-01
    6.79198742e-01 3.05077732e-01 4.26967025e-01 3.31141502e-01
    1.72116876e-01 3.80380154e-01 9.28408623e-01 6.15149498e-01
    7.96610355e-01 6.42328739e-01 8.26415062e-01 5.06868184e-01
    2.69537479e-01 4.40085173e-01 2.88248628e-01 3.19665670e-01
    6.60697818e-02 3.81622046e-01 1.62906826e-01 5.75868607e-01
    4.99634683e-01 3.23484540e-02 4.07924026e-01 7.33762741e-01
    8.71057391e-01 6.11239254e-01 5.37695467e-01 3.58289957e-01
    3.04205120e-01 7.24161923e-01 9.82251346e-01 9.73582864e-02
    2.88783073e-01 2.27427214e-01 7.80031443e-01 8.02945018e-01
    1.19526833e-01 3.25412333e-01 2.60770619e-02 3.23702633e-01
    4.54246670e-01 4.14347172e-01 8.85030508e-01 2.99424469e-01
    1.40675604e-02 7.28350699e-01 8.10793340e-01 7.19197512e-01
    1.29434437e-01 3.18985879e-02 2.52455831e-01 5.19307315e-01
    9.93430734e-01 8.03285122e-01 7.41116405e-01 4.18951809e-01
    5.42413592e-01 2.06200421e-01 1.55637801e-01 4.76243883e-01
    6.63507998e-01 1.65399045e-01 7.11402655e-01 8.36324990e-01
    9.85855341e-01 7.31920004e-01 7.52237678e-01 2.38517821e-02
    2.59451658e-01 4.21858132e-01 7.46391416e-01 6.98243797e-01
    5.35554767e-01 5.63560784e-01 2.40638465e-01 1.01847857e-01
    1.27135068e-01 5.75796485e-01 9.83400464e-01 4.10500765e-01
    8.92582297e-01 9.60028172e-01 7.58163333e-01 5.15234172e-02
    5.22705853e-01 3.13916862e-01 9.80812073e-01 1.18200690e-01
    1.72943085e-01 2.90896326e-01 2.24311143e-01 6.96964383e-01
    9.17476416e-01 3.77114654e-01 1.83823586e-01 4.04814273e-01
    7.37497270e-01 1.62852645e-01 5.46560407e-01 9.34214950e-01
    8.46007884e-01 6.38690948e-01 9.27558422e-01 6.61667943e-01
    6.66333556e-01 5.72932661e-02 5.74116170e-01 4.43813682e-01
    2.96943516e-01 9.74071920e-02 9.04566407e-01 1.37188673e-01
    8.01014781e-01 7.59441555e-01 5.99453211e-01 9.17011499e-01
    7.82791376e-01 3.86964053e-01 5.37854433e-01 9.27210271e-01
    9.41219747e-01 5.42781532e-01 8.14047396e-01 9.22044992e-01
    6.47560418e-01 1.57771677e-01 1.26164258e-02 7.34259844e-01
    5.44757068e-01 9.27521944e-01 4.32686925e-01 3.11024487e-01
    3.95580530e-02 9.92232919e-01 9.87478435e-01 5.04788697e-01
    2.55541205e-01 1.19137496e-01 4.71232742e-01 6.44276559e-01
    3.56305718e-01 4.56538320e-01 3.59030664e-01 6.68665528e-01
    3.04782689e-01 6.82657599e-01 7.18610883e-01 3.51650655e-01
    9.50168252e-01 9.49172258e-01 1.15152985e-01 7.26262689e-01
    6.12514317e-02 8.51361632e-01 5.28159618e-01 6.97000623e-01
    8.83858204e-02 2.05860734e-02 1.30966544e-01 8.26115251e-01
    1.64335340e-01 3.82736832e-01 2.44829386e-01 4.04413819e-01
    8.69681954e-01 1.59101486e-02 6.17460668e-01 9.91393328e-02
    5.87414801e-01 6.16141856e-01 5.43396771e-02 4.74045277e-02
    8.03527355e-01 5.12276590e-01 1.85168117e-01 9.68869030e-02
    5.87498844e-02 9.92077112e-01 3.95967901e-01 2.16864854e-01
    9.45743442e-01 6.51157618e-01 8.14028025e-01 7.04267800e-01
    1.34166181e-01 1.78643465e-02 6.39044464e-01 1.23121768e-01
    6.32356524e-01 7.69193232e-01 3.67877334e-01 2.40406156e-01
    2.66746581e-01 6.92821562e-01 2.03732848e-01 3.39435428e-01
    1.80674076e-01 9.21863973e-01 3.90863687e-01 9.85364437e-01
    6.91000819e-01 4.18137014e-02 4.48493421e-01 3.23247612e-01
    5.55375397e-01 3.61254990e-01 7.96456277e-01 2.13482887e-01
    7.72746265e-01 3.00045073e-01 4.20329750e-01 7.59778738e-01
    6.63051784e-01 6.93892300e-01 7.45345712e-01 1.94496661e-01
    7.50148416e-01 6.04175270e-01 4.90271568e-01 3.26498568e-01
    9.52481031e-01 3.73551250e-01 7.97483027e-01 7.69378364e-01
    8.91188383e-01 2.07968622e-01 9.09154952e-01 2.86404908e-01
    2.81008631e-01 9.13587391e-01 5.87383270e-01 4.82796848e-01
    2.87634343e-01 1.49958521e-01 2.54818797e-01 4.09854203e-01
    4.14328307e-01 1.41231984e-01 7.33640373e-01 3.40011597e-01
    5.62284052e-01 8.06883514e-01 2.09225327e-01 3.30509722e-01
    1.97581530e-01 4.16779369e-01 9.82200503e-02 3.10208023e-01
    2.33704984e-01 7.25957155e-01 7.68120885e-01 7.97697186e-01
    4.65535492e-01 4.40513521e-01 5.28007090e-01 3.88757288e-02
    3.20167601e-01 4.21143979e-01 1.26366675e-01 9.15617108e-01
    9.15354013e-01 8.74849916e-01 9.10258174e-01 8.23127151e-01
    9.54242170e-01 8.70694160e-01 4.36521292e-01 5.31309128e-01
    4.07356322e-01 2.97789603e-01 4.20204401e-01 4.50156033e-02
    4.88386542e-01 9.71717715e-01 1.52287066e-01 3.41658175e-01
    8.42128038e-01 2.90056825e-01 6.64117754e-01 1.95633650e-01
    2.54256427e-01 8.18769217e-01 9.02334094e-01 1.75458699e-01
    1.58983171e-01 7.93973505e-01 8.24498296e-01 1.86657012e-02
    7.17295825e-01 5.84746957e-01 3.61402601e-01 7.74371266e-01
    7.16648936e-01 1.21435463e-01 8.63587976e-01 8.82305741e-01
    4.20145571e-01 2.84959257e-01 8.19249749e-01 2.74758339e-01
    1.65843576e-01 5.18688977e-01 6.46527350e-01 3.08975279e-01
    1.64226979e-01 4.62883711e-01 2.47346729e-01 8.01995277e-01
    5.09708226e-01 7.05997109e-01 7.88316905e-01 5.82677126e-02
    5.78746796e-02 3.68237913e-01 5.86949408e-01 5.80854714e-01
    4.45677072e-01 5.23970127e-02 2.13589787e-01 4.12132740e-02
    6.46064699e-01 8.45363140e-01 5.06374538e-02 9.96404052e-01
    8.15710068e-01 4.83490616e-01 2.05558181e-01 2.23913789e-03
    8.35485458e-01 1.46948010e-01 8.77583146e-01 9.11819637e-01
    9.10452724e-01 8.27603817e-01 7.89005995e-01 5.55508852e-01
    5.23533523e-02 1.90384567e-01 8.73427391e-01 4.72776204e-01
    6.82364106e-01 2.21757472e-01 5.68076372e-02 2.37118840e-01
    6.91941738e-01 8.84420514e-01 5.80056787e-01 8.66764545e-01
    9.39214230e-02 2.39486963e-01 8.02695632e-01 1.06040388e-01
    1.91199780e-02 8.09401631e-01 8.81446958e-01 9.09537315e-01
    9.65292037e-01 1.76867574e-01 6.44636750e-01 4.67460781e-01
    3.91411930e-01 1.06048971e-01 5.76898456e-01 3.83410722e-01
    1.87777579e-01 4.49117184e-01 7.09992111e-01 6.01160526e-01
    9.29260433e-01 3.51147592e-01 3.74169946e-02 3.89860183e-01
    4.21543509e-01 4.95692790e-01 1.71544254e-01 5.27828932e-01
    3.85983288e-01 3.18963051e-01 2.40754038e-01 6.06625259e-01
    1.28208816e-01 5.44282913e-01 8.56968880e-01 5.43533564e-01
    7.92485237e-01 4.77125943e-01 3.41362715e-01 5.98283648e-01
    4.03294802e-01 3.71966541e-01 5.53750157e-01 7.53242314e-01
    2.00495780e-01 4.01615828e-01 2.49109268e-02 2.22422034e-01
    1.80346906e-01 4.94758725e-01 5.68813086e-01 7.18723118e-01
    7.51946568e-01 1.12276971e-02 7.25060523e-01 9.24394488e-01
    3.83282870e-01 1.07934445e-01 6.95520222e-01 3.61371338e-02
    5.40307939e-01 5.40253520e-01 4.18728739e-01 6.84044063e-01
    8.23134005e-01 9.99473512e-01 2.94723362e-01 8.76743197e-01
    6.88812554e-01 2.19011486e-01 2.13973224e-02 1.92844421e-01
    2.26481557e-01 4.62489247e-01 3.86172712e-01 6.26705706e-01
    2.58752376e-01 2.57074714e-01 5.35002112e-01 7.05230951e-01
    8.23393345e-01 4.99304891e-01 7.89574981e-01 4.15242046e-01
    9.90757108e-01 1.91903263e-01 2.98287868e-02 7.51619935e-02
    8.92581582e-01 6.92531943e-01 5.80293179e-01 1.44256651e-02
    7.33149648e-01 8.34769368e-01 2.81742811e-01 6.22344494e-01
    5.95351458e-02 3.91552299e-01 2.14515895e-01 4.11128581e-01
    1.10860378e-01 6.82603121e-02 8.47350180e-01 6.52153969e-01
    6.50942445e-01 7.08355486e-01 2.09123522e-01 5.24701774e-02
    9.78525639e-01 3.12874556e-01 2.19003022e-01 4.40323055e-02
    2.81606138e-01 7.66258478e-01 7.03365326e-01 1.15378499e-02
    5.74916542e-01 1.18466169e-01 7.03374743e-01 7.83167183e-02
    2.34286010e-01 1.54298306e-01 1.06689334e-01 5.83103359e-01
    1.83476180e-01 1.36859655e-01 2.92065203e-01 7.26713836e-01
    2.03381181e-01 7.97097087e-02 2.79496431e-01 7.28890598e-01
    6.63991690e-01 3.91584605e-01 7.29346514e-01 3.81859541e-02
    8.64008844e-01 1.69190466e-01 5.69865584e-01 9.17673588e-01
    5.92155159e-02 7.46228576e-01 8.00970554e-01 7.46948659e-01
    5.61310768e-01 4.25401926e-01 3.32474947e-01 4.94046837e-01
    7.17630327e-01 1.19609803e-01 2.72855490e-01 3.38791519e-01
    3.41639042e-01 2.70581007e-01 2.22469091e-01 9.03365970e-01
    2.89143533e-01 7.34506011e-01 6.32732153e-01 5.55912435e-01
    4.02419329e-01 9.35765803e-01 2.90592551e-01 1.05221152e-01
    9.83624458e-01 6.34667516e-01 8.37573111e-01 9.38818455e-02
    7.20236599e-02 9.93443906e-01 4.24690366e-01 7.20301151e-01
    2.85442531e-01 2.68090189e-01 6.40649855e-01 8.11502755e-01
    3.26299697e-01 9.46982384e-01 9.31018353e-01 3.60329747e-01
    1.92486376e-01 5.54844081e-01 9.36378241e-01 5.99465072e-02
    1.19794548e-01 6.02823973e-01 8.50109935e-01 4.42109704e-02
    8.47893000e-01 2.90707648e-01 6.00108743e-01 4.69140381e-01
    3.68315011e-01 4.16202068e-01 7.52772808e-01 9.52668428e-01
    2.85877407e-01 2.00950593e-01 5.45003712e-02 7.35536754e-01
    8.51248801e-02 4.78374362e-02 6.55278563e-03 5.88075340e-01
    9.70454454e-01 7.87859738e-01 2.12905407e-01 5.40199578e-01
    1.73499584e-01 6.14628673e-01 8.23475003e-01 4.50556636e-01
    2.28634030e-01 4.08639044e-01 3.74307275e-01 4.06976223e-01
    9.26410675e-01 1.29779130e-01 2.83102155e-01 4.25888807e-01
    3.20361614e-01 5.00908792e-02 5.54749310e-01 4.44974005e-02
    9.40613389e-01 2.56388634e-01 4.12464440e-01 1.09905392e-01
    7.61758924e-01 6.53600395e-01 6.53234601e-01 3.60067576e-01
    6.52309895e-01 3.39638054e-01 9.24790323e-01 6.84551775e-01
    1.72926188e-02 1.74874574e-01 9.51768041e-01 7.77604580e-02
    5.48393130e-01 3.02051067e-01 8.02816629e-01 1.97131842e-01
    3.34591627e-01 1.28731579e-01 5.99018514e-01 6.43514097e-01
    3.91375393e-01 4.04746115e-01 3.47575307e-01 3.63436162e-01
    9.02651370e-01 3.70420098e-01 8.06674361e-01 9.33079481e-01
    1.28116250e-01 1.80260420e-01 6.42642558e-01 7.46409893e-01
    3.06488246e-01 6.67319536e-01 3.50621700e-01 2.52301186e-01
    1.42077446e-01 3.33482623e-01 4.12560403e-01 9.80074286e-01
    4.77377892e-01 1.78410113e-01 3.07817817e-01 2.25181878e-01
    4.26562548e-01 5.21840036e-01 9.36241865e-01 2.97135413e-01
    4.32753861e-02 9.00776029e-01 6.64236486e-01 6.20603502e-01
    5.03053963e-01 6.69413567e-01 2.81781912e-01 4.06329274e-01
    2.40200400e-01 9.94982123e-01 6.81885660e-01 5.93423367e-01
    6.97703063e-02 7.43164957e-01 2.51726955e-01 1.87337756e-01
    4.57691044e-01 3.26795757e-01 5.06859899e-01 1.86928809e-01
    9.45987105e-01 4.18736935e-02 9.99001324e-01 4.35206771e-01
    6.42696321e-01 9.98868883e-01 5.09117246e-02 8.02340925e-01
    6.06383204e-01 5.12415230e-01 3.76051575e-01 7.53785968e-01
    3.71841371e-01 3.48493278e-01 6.05431199e-01 6.58902526e-01
    8.65623951e-01 6.69304013e-01 1.93013251e-02 5.71250796e-01
    8.65467787e-01 7.98729718e-01 6.68681502e-01 1.80813581e-01
    9.13312554e-01 2.05679029e-01 4.38781559e-01 8.58776867e-01
    3.78447711e-01 7.52739966e-01 4.53546643e-03 4.12658900e-01
    2.82536983e-01 6.37367904e-01 5.93205869e-01 9.72324491e-01
    8.16596925e-01 7.25177944e-01 5.48391700e-01 7.41851628e-02
    2.49575645e-01 9.45888042e-01 3.69854450e-01 6.52178049e-01
    2.51263589e-01 9.76504683e-01 6.37627780e-01 6.74087703e-02
    3.73107791e-01 5.13331294e-01 2.00228184e-01 4.84573185e-01
    4.00134176e-01 1.23489410e-01 8.09809148e-01 6.18886232e-01
    2.01033920e-01 8.03716063e-01 2.18522161e-01 1.48642063e-01
    3.08632553e-01 6.18417203e-01 2.18703747e-01 2.56066322e-02
    8.95462632e-02 1.72974586e-01 4.25162196e-01 4.81733203e-01
    8.33019793e-01 7.86540270e-01 7.87263274e-01 7.34185398e-01
    9.75441456e-01 7.17540443e-01 8.04461122e-01 3.24551255e-01
    4.53814238e-01 7.07362056e-01 3.36072147e-01 3.46790850e-02
    7.93870091e-01 4.15509224e-01 5.98201156e-03 8.79456997e-01
    3.49452704e-01 7.92143822e-01 3.99625003e-02 6.72461152e-01
    3.24201167e-01 8.06063294e-01 3.17676723e-01 5.40915549e-01
    8.99628043e-01 6.99117482e-01 3.82576406e-01 4.54445928e-01
    1.54942185e-01 2.24910975e-01 7.93281913e-01 3.78909945e-01
    7.44609773e-01 7.68429935e-01 5.26403368e-01 5.41240335e-01
    1.78359807e-01 2.09458113e-01 3.79489094e-01 8.49754989e-01
    9.14103270e-01 4.00815219e-01 9.46232796e-01 9.02687609e-02
    6.19962871e-01 2.32045889e-01 4.27958906e-01 5.33432007e-01
    6.73569024e-01 5.95036149e-03 3.78252029e-01 4.01361227e-01
    1.56991482e-01 4.44504648e-01 7.13239908e-02 5.52011967e-01
    2.28304237e-01 3.27047467e-01 9.80757236e-01 9.11741316e-01
    1.12486631e-01 7.23085225e-01 5.75705171e-01 6.53786719e-01
    7.28869438e-01 2.19368517e-01 9.11160588e-01 9.56298232e-01
    3.29628408e-01 5.33508956e-01 8.10932755e-01 2.26033598e-01
    6.12031698e-01 3.66655856e-01 2.22260296e-01 6.65949941e-01
    7.73752570e-01 3.85896802e-01 7.96773195e-01 6.27177596e-01
    6.00141287e-03 7.09079087e-01 8.13501537e-01 8.18518758e-01
    6.41843200e-01 9.78068948e-01 7.93711066e-01 7.16941714e-01
    5.58815777e-01 2.62082905e-01 1.89308107e-01 6.33944750e-01
    5.76537073e-01 2.69395053e-01 3.42105806e-01 6.52685821e-01
    6.31627619e-01 1.74258053e-02 3.96182150e-01 7.64679015e-02
    9.35531735e-01 5.04003704e-01 7.06679881e-01 8.19784760e-01
    3.39301765e-01 4.34420884e-01 2.09696442e-01 6.74249649e-01
    4.28909034e-01 3.03551912e-01 7.65030682e-02 5.40295899e-01
    6.56713605e-01 6.66835427e-01 3.99108022e-01 5.32466888e-01
    1.83717340e-01 5.03105581e-01 3.68830323e-01 6.32013321e-01
    6.93745673e-01 3.03534716e-01 9.61188197e-01 1.03752404e-01
    5.77631176e-01 9.43431258e-01 2.44265705e-01 8.94389808e-01
    9.63180780e-01 4.70120132e-01 6.01342320e-02 9.52403247e-01
    3.87787759e-01 8.74171853e-01 8.25601935e-01 7.84946442e-01
    9.18797970e-01 3.33466351e-01 7.49297202e-01 1.14370376e-01
    9.32808757e-01 7.75123119e-01 4.05041397e-01 2.03290462e-01
    6.99036837e-01 9.71019626e-01 7.73259401e-01 1.52991176e-01
    2.28474051e-01 4.27224338e-01 8.64668608e-01 5.57695448e-01
    1.80129826e-01 6.17965460e-01 4.04537678e-01 8.90845358e-02
    1.94679379e-01 9.64419842e-01 3.68364692e-01 8.50595415e-01
    1.22074485e-02 3.43496442e-01 9.10690784e-01 8.48668039e-01
    8.32510591e-01 5.15351832e-01 2.64361203e-01 7.79080272e-01
    6.75166845e-01 8.53724480e-01 6.49269879e-01 6.88389838e-02
    3.02834719e-01 1.78987056e-01 3.76588374e-01 8.46640587e-01
    2.96547413e-02 5.21874070e-01 8.31996799e-02 4.74118739e-01
    3.33718121e-01 5.07150292e-02 9.38477635e-01 8.96902323e-01
    7.17864752e-01 9.18642044e-01 9.54444528e-01 6.75028563e-01
    5.21694660e-01 3.61523032e-01 4.23689485e-01 5.38907826e-01
    7.94542193e-01 1.97555751e-01 5.08247614e-02 9.19726491e-01
    6.58321321e-01 4.74219829e-01 3.73868525e-01 6.98333323e-01
    8.64324749e-01 9.01684344e-01 8.36304009e-01 5.28901994e-01
    3.57986689e-01 1.19552255e-01 8.32560897e-01 3.36004376e-01
    2.68517852e-01 8.02406549e-01 2.46099293e-01 2.20214754e-01
    8.45467746e-01 6.06354654e-01 9.83743548e-01 2.25684911e-01
    3.49787116e-01 7.40844369e-01 7.33767271e-01 7.71614552e-01
    1.67691231e-01 4.72555369e-01 3.48387033e-01 7.11304426e-01
    6.59962893e-01 5.31535387e-01 7.11508512e-01 7.85043955e-01
    1.00528121e-01 4.01212335e-01 9.92628634e-02 1.15048319e-01
    4.70496029e-01 7.88019657e-01 1.78017259e-01 9.16597843e-01
    2.41921812e-01 9.28880572e-01 3.46109897e-01 6.53015673e-01
    7.91212618e-01 8.78811717e-01 1.40521705e-01 5.69195807e-01
    2.79655218e-01 3.11047375e-01 7.29205251e-01 2.84392655e-01
    9.60847139e-01 5.31168163e-01 2.65486598e-01 3.37255567e-01
    1.96464360e-01 7.45804727e-01 4.54739779e-01 8.94822717e-01
    8.26981723e-01 8.22977602e-01 6.36634409e-01 1.24188751e-01
    9.45285320e-01 1.67357951e-01 2.80265421e-01 8.06166530e-01
    6.77305758e-01 2.15151966e-01 4.88481939e-01 5.79196334e-01
    8.44682455e-02 7.91392505e-01 4.78138179e-01 3.51538718e-01
    2.59273648e-01 8.56935680e-02 5.91302752e-01 4.78030711e-01
    4.82824057e-01 3.66009951e-01 7.91670084e-02 5.39073706e-01
    1.52065158e-01 9.07797873e-01 2.48185128e-01 1.03452355e-01
    1.81931853e-02 2.52182782e-01 8.00368726e-01 1.88238025e-02
    6.48434341e-01 5.47456563e-01 7.53417492e-01 4.23534989e-01
    3.72767448e-03 7.31282830e-01 4.88346517e-02 7.95021176e-01
    8.08274388e-01 5.36390960e-01 1.05678797e-01 9.97127593e-01
    2.09986806e-01 7.02057302e-01 8.46249163e-02 3.47178012e-01
    5.51258802e-01 6.38321042e-01 9.14887190e-02 5.09131193e-01
    6.48497880e-01 9.67806578e-01 2.41099894e-02 4.26984429e-01
    9.05758262e-01 4.80850875e-01 6.39354467e-01 4.86647964e-01
    7.67127454e-01 1.89241469e-01 1.51932508e-01 1.28695399e-01
    3.67270887e-01 9.06988680e-02 7.75969386e-01 4.49807376e-01
    7.55188227e-01 4.19440001e-01 4.70559299e-02 8.89180660e-01
    3.37928653e-01 3.02975118e-01 4.60110515e-01 6.96394444e-02
    5.73894739e-01 2.08324760e-01 6.46798551e-01 2.48547971e-01
    1.46256179e-01 4.77372974e-01 1.55747861e-01 2.34019756e-03
    5.10555327e-01 4.03805315e-01 6.01474404e-01 6.72847271e-01
    5.22572458e-01 7.16613293e-01 2.93348908e-01 2.29612321e-01
    4.98661757e-01 5.27243257e-01 1.88367844e-01 8.32553506e-01
    9.73601043e-01 2.73462772e-01 3.46364647e-01 7.66263723e-01
    8.25273633e-01 1.10407859e-01 8.64272475e-01 8.19281936e-01
    7.51182616e-01 8.58717859e-01 6.45323753e-01 9.66276288e-01
    8.03825974e-01 5.40809333e-01 8.94739747e-01 9.11889076e-01
    6.57417059e-01 3.52502525e-01 6.01106107e-01 2.48053044e-01
    4.17606622e-01 5.95922947e-01 1.53010488e-02 6.82498515e-01
    5.17003953e-01 7.21875727e-01 5.18560410e-02 4.91296619e-01
    3.78763378e-02 3.28707635e-01 9.15930808e-01 1.97942376e-01
    5.30695558e-01 1.75727427e-01 4.58699524e-01 7.90228844e-01
    1.50774568e-01 1.56694800e-01 5.12831509e-02 5.11389971e-01
    8.45304132e-01 3.01257223e-01 3.15515399e-02 3.44815731e-01
    6.60700321e-01 8.15328002e-01 9.18603599e-01 2.25293279e-01
    3.84551287e-03 8.72365713e-01 7.80347586e-02 6.76904500e-01
    6.61384940e-01 7.36996531e-01 5.87164342e-01 2.23909944e-01
    5.36262274e-01 5.04978836e-01 1.67030662e-01 6.17149115e-01
    7.50909448e-02 4.31157649e-02 8.71901393e-01 9.06028867e-01
    6.74779534e-01 6.75697327e-01 9.81203616e-01 6.52269602e-01
    3.48359853e-01 3.71388167e-01 6.54377937e-01 2.49850512e-01
    4.30328578e-01 1.54039025e-01 3.21599543e-02 9.02292967e-01
    7.93831646e-02 5.44284403e-01 6.05401814e-01 7.78848410e-01
    7.61995792e-01 4.10227418e-01 2.53023803e-01 7.35189676e-01
    2.61938930e-01 2.40262330e-01 6.91229463e-01 6.78744912e-03
    5.46875119e-01 5.89335620e-01 3.98909152e-01 9.90901530e-01
    5.19913435e-01 2.83742547e-02 3.30844343e-01 3.80650729e-01
    5.40650845e-01 4.06938016e-01 1.00388378e-01 1.01422042e-01
    4.05417472e-01 5.10697067e-01 5.99285841e-01 9.75759864e-01
    6.31576419e-01 3.68844360e-01 8.56251538e-01 8.13704789e-01
    3.86353016e-01 8.22897613e-01 3.46775889e-01 5.88290751e-01
    4.77165282e-01 5.62629461e-01 6.57245278e-01 5.71727931e-01
    3.81486088e-01 6.54344797e-01 2.02279955e-01 8.67168903e-01
    1.46564454e-01 2.64850616e-01 2.91854918e-01 9.35111284e-01
    2.58850873e-01 5.12035728e-01 6.32411480e-01 4.24288213e-02
    5.21511674e-01 3.84847492e-01 7.41957963e-01 1.91300899e-01
    5.52673697e-01 5.29530883e-01 4.74681854e-02 7.11614788e-02
    1.32624179e-01 6.50140405e-01 8.25142264e-01 7.97273636e-01
    4.00662780e-01 3.11362803e-01 5.65705597e-01 2.02395946e-01
    9.53588784e-01 5.09649575e-01 2.67607570e-01 9.72376943e-01
    3.58271301e-01 9.53491509e-01 4.16082352e-01 8.54239941e-01
    7.45676279e-01 8.08725417e-01 3.60253036e-01 4.22440171e-02
    8.92843723e-01 3.55374724e-01 3.54276001e-01 1.52697384e-01
    1.35705888e-01 2.22142339e-01 7.35929370e-01 7.36409783e-01
    8.71435225e-01 7.88010359e-01 5.42756915e-01 1.89307898e-01
    4.08374369e-02 5.29765069e-01 5.74076235e-01 4.58888829e-01
    8.73382807e-01 9.80212331e-01 4.37244684e-01 3.31789076e-01
    4.68602777e-01 6.51428282e-01 2.83157527e-02 3.44589531e-01
    2.36974776e-01 3.88006568e-01 1.97469234e-01 5.92438161e-01
    6.95943117e-01 2.36259967e-01 3.87396932e-01 8.68584812e-02
    7.54255176e-01 6.64329886e-01 2.66193509e-01 8.19021225e-01
    1.77375942e-01 5.36744595e-02 5.32200038e-01 5.89849114e-01
    4.43567723e-01 5.38020909e-01 8.15983295e-01 5.12391865e-01
    6.11677289e-01 4.46446985e-01 1.23756856e-01 8.58870506e-01
    7.25918293e-01 9.71542120e-01 9.11450386e-02 9.90612566e-01
    1.94651186e-01 8.48915875e-02 9.71531272e-01 3.43525290e-01
    9.83259439e-01 2.00499475e-01 9.74839687e-01 1.69633746e-01
    2.39573121e-02 2.31164962e-01 3.40786189e-01 2.19706923e-01
    4.95057344e-01 6.83234692e-01 9.10242319e-01 4.12335694e-01
    5.52502513e-01 4.68991846e-01 3.80087465e-01 2.00693101e-01
    5.23354292e-01 2.85258591e-02 9.07436371e-01 9.74322557e-02
    4.63046044e-01 6.26884103e-01 2.67554522e-01 8.68387580e-01
    9.79923725e-01 5.60105145e-01 6.47831321e-01 2.26209462e-02
    6.62749529e-01 9.90578234e-02 5.76631188e-01 3.23935598e-01
    6.90905333e-01 6.10785246e-01 2.92066872e-01 4.19383287e-01
    4.88362014e-01 6.88235044e-01 9.21676874e-01 9.52557802e-01
    6.56594038e-01 7.28975832e-02 2.88526535e-01 9.97793198e-01
    3.94625902e-01 7.29705453e-01 1.76135659e-01 7.08739996e-01
    9.60822642e-01 3.59388590e-01 2.34970748e-02 1.39750957e-01
    8.06547642e-01 9.04889941e-01 3.10470998e-01 2.57660449e-02
    7.02180147e-01 7.64908433e-01 8.26433301e-01 8.80240202e-02
    1.22721106e-01 3.95279825e-01 4.18453664e-01 3.00783694e-01
    9.46788788e-02 7.68027425e-01 6.97350860e-01 8.23811769e-01
    2.28290975e-01 4.35942411e-01 9.85895872e-01 5.06398737e-01
    5.31741142e-01 1.72471046e-01 2.09010988e-01 6.61629260e-01
    4.24668878e-01 3.19976866e-01 4.25740570e-01 7.75216103e-01
    6.36660397e-01 5.47778487e-01 6.33131087e-01 8.38476062e-01
    6.33634627e-02 5.93880177e-01 5.39066315e-01 5.84782004e-01
    1.78641558e-01 9.22618628e-01 9.54647124e-01 1.04464591e-01
    1.70074731e-01 4.81629401e-01 4.41506296e-01 5.32134533e-01
    1.22627139e-01 8.09823036e-01 6.41782284e-01 3.41988057e-01
    4.45558518e-01 6.37982011e-01 9.45052505e-01 5.81827700e-01
    5.77934980e-02 4.56950158e-01 8.34838510e-01 2.67286628e-01
    4.82069224e-01 4.92356300e-01 8.65349412e-01 7.63442934e-01
    5.45317352e-01 5.32683730e-01 2.15175450e-02 4.33713377e-01
    6.79841101e-01 7.95786023e-01 9.33367312e-01 9.56024528e-01
    2.63652265e-01 1.63993508e-01 8.53776455e-01 5.80582082e-01
    7.94579446e-01 3.55801046e-01 5.24717450e-01 3.27804148e-01
    6.44190311e-01 2.16793716e-02 4.55547780e-01 6.65649474e-01
    2.45964468e-01 3.61162424e-02 1.06177986e-01 9.00766253e-01
    7.56629705e-01 7.21261263e-01 4.21801150e-01 4.52250034e-01
    8.75722766e-02 5.25891960e-01 7.94452608e-01 7.91739762e-01
    7.73052812e-01 9.33077335e-01 6.67594433e-01 9.80435610e-02
    9.69160318e-01 7.67884016e-01 3.85178566e-01 6.66715384e-01
    4.29779053e-01 7.03061044e-01 1.78706616e-01 2.07955897e-01
    5.96851230e-01 9.49840903e-01 3.15533131e-01 2.11015940e-01
    4.74900007e-03 7.20151484e-01 2.30204463e-02 6.38943851e-01
    9.28676486e-01 2.72280574e-02 4.05528575e-01 8.83558393e-01
    7.04495430e-01 8.95805120e-01 9.48942006e-02 8.49588633e-01
    1.82328939e-01 8.32004070e-01 2.07381397e-01 1.75091118e-01
    3.22216809e-01 6.96495771e-01 8.56312871e-01 7.97148705e-01
    8.74839425e-01 4.32477057e-01 8.06245029e-01 2.23476410e-01
    6.42573237e-01 8.23741555e-01 7.99036026e-03 1.99523658e-01
    3.66404384e-01 9.04346704e-01 3.08853775e-01 7.90643036e-01
    1.28519565e-01 4.30190325e-01 5.94864249e-01 2.80742049e-01
    7.27075338e-02 4.64568913e-01 9.96635020e-01 2.31440663e-01
    6.73076808e-02 5.87624490e-01 3.25766593e-01 1.80681378e-01
    3.02118659e-01 5.96336663e-01 4.28523719e-02 9.37803864e-01
    2.70242989e-01 8.16517532e-01 2.32307613e-02 4.17855978e-02
    5.70011258e-01 6.64112091e-01 4.87057418e-01 2.90826946e-01
    4.97761548e-01 2.18776226e-01 5.09715438e-01 9.47223067e-01
    2.37221897e-01 2.10137486e-01 5.47124624e-01 9.31812286e-01
    1.58907145e-01 4.34743077e-01 9.93478894e-02 4.17949110e-01
    7.96848118e-01 5.07364571e-01 1.43610150e-01 8.31371784e-01
    6.38923109e-01 6.66483760e-01 6.69312537e-01 4.43010062e-01
    6.60956621e-01 6.73136652e-01 7.92544723e-01 8.00737619e-01
    8.77496898e-02 3.75483453e-01 5.98073423e-01 1.32330954e-01
    1.27694905e-01 9.01890397e-01 8.81037712e-01 5.99840581e-02
    8.55378807e-02 5.63028216e-01 2.70844221e-01 9.24589276e-01
    8.35646689e-02 5.89792073e-01 8.06299806e-01 7.76248693e-01
    4.52895701e-01 7.31209874e-01 9.92630720e-01 9.90028977e-01
    1.36682004e-01 7.53813148e-01 7.49432027e-01 8.47351551e-01
    7.67353237e-01 7.09540248e-02 9.80390906e-01 1.86776847e-01
    2.27833271e-01 7.34212101e-01 4.81776416e-01 7.06876874e-01
    7.71253705e-01 2.01047719e-01 9.69191194e-01 5.47761381e-01
    2.24073857e-01 9.89086032e-01 3.39396566e-01 5.94655037e-01
    9.52595770e-02 5.27414739e-01 7.64996648e-01 4.75035876e-01
    4.07958031e-01 2.99878567e-01 8.98258448e-01 9.72191453e-01
    7.58283854e-01 5.63803315e-01 4.45086837e-01 3.99561882e-01
    6.43547118e-01 2.47975439e-01 4.74815071e-02 8.33678722e-01
    2.80091763e-02 1.46874160e-01 9.47277188e-01 3.49955559e-01
    7.46256709e-01 9.46439743e-01 1.95112526e-02 2.38463432e-01
    8.80599022e-03 1.01256579e-01 6.60390973e-01 3.87571096e-01
    8.79393339e-01 7.31624246e-01 8.77068818e-01 5.05200028e-01
    6.59702659e-01 2.60110795e-01 8.64558220e-02 2.08687693e-01
    9.61223006e-01 2.15394557e-01 6.98378205e-01 7.01611757e-01
    5.29407620e-01 1.73773110e-01 5.90808034e-01 2.31579900e-01
    6.82623625e-01 5.72024107e-01 6.34041607e-01 3.03729892e-01
    1.88645720e-02 7.70226479e-01 2.48650074e-01 2.92790055e-01
    3.20502490e-01 5.31040072e-01 4.49944854e-01 7.71280169e-01
    8.22593093e-01 4.07205820e-02 9.55931008e-01 2.65899837e-01
    8.81581843e-01 2.55619586e-01 7.82222867e-01 9.27728117e-02
    8.36751163e-01 1.24860913e-01 5.03680050e-01 6.35568261e-01
    8.72912169e-01 4.88023311e-01 5.97334325e-01 9.36543226e-01
    3.52568656e-01 7.33463764e-02 3.34632754e-01 3.43985200e-01
    5.82071185e-01 4.29746568e-01 6.17043674e-01 2.54096866e-01
    3.86919856e-01 3.36575091e-01 7.85500109e-02 9.13583279e-01
    6.11144423e-01 6.06478274e-01 4.38626438e-01 6.13251984e-01
    5.75967848e-01 7.73316026e-01 6.60841942e-01 5.13308048e-01
    5.50586462e-01 4.37766314e-04 5.34457862e-02 1.48950875e-01
    3.86232466e-01 1.83247209e-01 8.32038641e-01 5.79561174e-01
    8.27925682e-01 5.66570520e-01 5.50905049e-01 1.95132226e-01
    3.47387552e-01 9.91211295e-01 4.56661433e-01 8.88627529e-01
    9.59708512e-01 5.82030714e-02 3.91658813e-01 5.32552540e-01
    6.81334317e-01 7.41166115e-01 1.39685661e-01 1.92681104e-01
    8.71962070e-01 4.17084098e-01 6.33903682e-01 2.25872993e-01
    8.70854557e-02 6.28747821e-01 8.57636631e-01 9.36415792e-02
    1.17659986e-01 4.97298747e-01 6.85193837e-02 4.38407212e-01
    1.57588303e-01 4.76409853e-01 2.92436779e-02 3.74176890e-01
    4.31485832e-01 7.41672814e-01 3.33646595e-01 6.38449311e-01
    2.45168060e-01 8.17013323e-01 2.43245155e-01 4.31651264e-01
    5.98023832e-01 5.42859495e-01 8.92962635e-01 9.02250409e-01
    6.08697176e-01 6.44103050e-01 7.99727917e-01 1.82565719e-01
    7.55771279e-01 5.04615307e-01 4.76794749e-01 6.68507040e-01
    6.12080753e-01 8.16211641e-01 1.29887253e-01 2.71083355e-01
    5.29624462e-01 5.86245060e-02 9.39392924e-01 1.01492524e-01
    4.05563444e-01 7.13630795e-01 5.10755181e-03 9.18817699e-01
    9.59781647e-01 2.65505135e-01 9.31481719e-02 3.55410337e-01
    7.33408689e-01 1.65094793e-01 3.35214257e-01 9.72878933e-02
    8.77932608e-02 8.62427354e-02 1.88280761e-01 4.77284789e-02
    3.05013418e-01 8.58837068e-01 8.15606594e-01 8.42314661e-01
    3.04297626e-01 6.89083874e-01 8.82838249e-01 8.64911079e-02
    9.99685287e-01 1.97030365e-01 5.24469554e-01 2.64991701e-01
    3.47598076e-01 2.38305748e-01 3.17634404e-01 5.23936093e-01
    1.40005946e-02 3.68875474e-01 1.73391402e-01 8.33499551e-01
    8.23302031e-01 6.61617160e-01 9.98143911e-01 5.37084937e-02
    8.01396847e-01 2.80564398e-01 8.01191568e-01 3.53367209e-01
    5.01505077e-01 2.95026213e-01 2.00806916e-01 1.51035577e-01
    5.45776784e-01 8.39958906e-01 1.31922394e-01 1.55350477e-01
    4.59078819e-01 5.85700035e-01 6.81146741e-01 6.17290139e-02
    8.64202321e-01 5.83962202e-01 6.29059851e-01 1.62462920e-01
    5.67183912e-01 6.29761815e-03 7.92006493e-01 4.04382527e-01
    8.30973089e-01 7.84646749e-01 5.37602663e-01 4.64430511e-01
    4.79773313e-01 5.50564170e-01 9.08083618e-01 6.83774889e-01
    9.58889544e-01 1.62998617e-01 4.17687774e-01 7.79019594e-01
    8.56850028e-01 1.12767428e-01 1.06569022e-01 5.43660223e-02
    3.30440044e-01 7.18337536e-01 6.57582879e-02 7.84667850e-01
    7.49878883e-01 2.32268751e-01 7.73536086e-01 7.87246227e-01
    8.20381165e-01 7.05114841e-01 7.95938969e-01 7.63121605e-01
    9.72172916e-02 7.30135262e-01 3.68480086e-01 5.61993241e-01
    2.82664001e-01 8.20035696e-01 3.75311077e-02 7.02559948e-01
    7.90378094e-01 2.65615195e-01 3.43424141e-01 2.35802233e-02
    5.93095541e-01 5.89960217e-02 8.38171363e-01 2.61496127e-01
    8.82164001e-01 3.35172921e-01 7.74434566e-01 7.36502409e-02
    2.45152652e-01 5.07700026e-01 4.61814046e-01 5.46220362e-01
    3.95528674e-01 7.28604555e-01 3.37245166e-01 1.02709174e-01
    2.57358849e-02 7.25401044e-01 6.27434015e-01 5.00755548e-01
    4.78109121e-01 6.34159327e-01 5.70252597e-01 3.08533907e-01
    9.05259132e-01 3.77578229e-01 2.23096460e-01 9.90162015e-01
    7.23473132e-02 2.06802368e-01 7.46884406e-01 4.28372204e-01
    4.38986987e-01 5.97323895e-01 4.40998554e-01 8.83105099e-02
    1.05826288e-01 5.06038666e-01 5.01393378e-02 7.35828280e-03
    9.05517042e-01 6.18950844e-01 4.22410369e-01 4.28896278e-01
    9.50077295e-01 3.91547680e-01 9.19655681e-01 7.69565701e-02
    4.04188752e-01 2.95630872e-01 9.97585893e-01 2.94011831e-01
    3.03944409e-01 9.11589146e-01 7.73597181e-01 6.34761512e-01
    8.02106261e-01 2.01722294e-01 8.13404262e-01 9.64011848e-01
    1.76264197e-01 9.57961738e-01 1.18174940e-01 5.78447819e-01
    9.08983648e-02 3.22232366e-01 1.78515375e-01 9.73498940e-01
    2.16707259e-01 5.35426736e-01 5.67711592e-02 5.51472485e-01
    9.00716662e-01 7.25530028e-01 2.03552037e-01 5.62980831e-01
    3.87922525e-01 9.96256471e-01 3.46097946e-01 8.29957604e-01
    8.55688214e-01 5.11048198e-01 7.07727432e-01 1.21170551e-01
    1.64020628e-01 8.31446648e-01 3.20113599e-01 2.82237768e-01
    5.68023682e-01 9.30305898e-01 7.29283690e-03 8.88776839e-01
    6.84875548e-01 8.22467625e-01 5.95729172e-01 8.67447972e-01
    9.37685132e-01 8.40107143e-01 2.77234256e-01 9.34619188e-01
    2.62338161e-01 5.57937324e-01 6.50873125e-01 8.00491214e-01
    9.88044679e-01 5.96982539e-01 9.08169627e-01 4.90295589e-02
    5.44610143e-01 8.54899526e-01 2.26921856e-01 2.22278267e-01
    2.14295417e-01 3.84490132e-01 5.02507865e-01 7.28329420e-01
    4.99132186e-01 5.66164017e-01 7.73503840e-01 1.54740006e-01
    5.06847739e-01 1.13658339e-01 8.39058280e-01 4.07193601e-01
    1.50804788e-01 6.54087543e-01 2.49642134e-01 1.96761578e-01
    6.45836174e-01 8.31510365e-01 2.63732076e-01 6.13243282e-01
    2.26429731e-01 4.86122996e-01 7.67664492e-01 4.82441187e-02
    1.09393597e-01 5.30890822e-01 1.85167223e-01 8.26825559e-01
    9.24608588e-01 8.77668977e-01 1.28904700e-01 4.44352508e-01
    3.04956794e-01 4.73642081e-01 1.48349613e-01 9.57476735e-01
    9.01529908e-01 9.60212111e-01 5.70934236e-01 5.66880941e-01
    3.43167245e-01 1.97548598e-01 1.42117262e-01 6.20607734e-01
    9.08473670e-01 4.69774306e-02 1.17586285e-01 8.94830763e-01
    1.68303132e-01 6.88323140e-01 9.90066767e-01 5.14967620e-01
    8.13115299e-01 9.02070105e-02 3.40328515e-02 1.73153490e-01
    4.97070223e-01 4.10548002e-01 1.33107692e-01 7.01480985e-01
    6.47114396e-01 1.79829925e-01 4.54326719e-01 8.38583648e-01
    6.32569671e-01 2.59070158e-01 9.47573781e-02 3.09177876e-01
    8.11147928e-01 8.56413245e-01 4.52468365e-01 9.23379064e-02
    1.68839186e-01 7.73674488e-01 7.51978159e-01 5.05790889e-01
    3.51928949e-01 7.80429363e-01 5.42260706e-02 4.85634476e-01
    1.69807404e-01 2.80414075e-01 7.59286523e-01 6.20526671e-01
    2.48056203e-01 9.82793570e-01 6.43805683e-01 7.71806717e-01
    2.92956591e-01 3.94497395e-01 9.38696742e-01 3.17854881e-02
    4.49050456e-01 6.68460071e-01 8.33185554e-01 2.81139106e-01
    3.91183138e-01 5.23321986e-01 8.91560137e-01 3.77060652e-01
    1.32756412e-01 8.33766580e-01 4.81444269e-01 7.82480359e-01
    7.76837707e-01 5.02331972e-01 6.70806348e-01 6.67975008e-01
    3.12892169e-01 9.65328693e-01 4.82336164e-01 2.51133114e-01
    5.01039445e-01 1.81108832e-01 1.10533029e-01 7.26854742e-01
    6.36027992e-01 8.03863466e-01 8.72569323e-01 3.98509532e-01
    3.79759282e-01 1.82795018e-01 7.64361978e-01 5.85946023e-01
    9.63343740e-01 7.35996366e-01 7.95433819e-01 7.35323906e-01
    3.92303586e-01 9.57382023e-01 7.26759195e-01 9.38811898e-01
    9.10480320e-01 1.33487970e-01 9.07293797e-01 7.78058410e-01
    9.09522653e-01 9.48202252e-01 6.93298876e-02 1.08810455e-01
    8.94836366e-01 6.17024481e-01 9.75635529e-01 7.46467352e-01
    1.09940737e-01 4.59814698e-01 6.54274464e-01 7.08028853e-01
    2.17344522e-01 7.26852715e-01 1.40007108e-01 9.66625571e-01
    6.69918418e-01 4.27899837e-01 6.42756522e-01 4.36192572e-01
    9.81235504e-03 8.25631618e-01 5.89149594e-01 4.38547254e-01
    2.28623569e-01 1.84584111e-01 6.22460246e-02 2.29284674e-01
    9.18181002e-01 7.44110584e-01 5.07594705e-01 1.24858975e-01
    3.47306013e-01 5.07297814e-02 5.07096112e-01 5.14153659e-01
    8.66984367e-01 6.23091817e-01 4.91128206e-01 6.82489276e-01
    9.97335315e-01 3.38858426e-01 1.10369027e-02 1.04378670e-01
    8.95507634e-02 3.37880254e-01 9.89138663e-01 2.35687852e-01
    3.06655407e-01 3.68879437e-01 1.65176392e-01 6.19811952e-01
    5.82226038e-01 2.13845849e-01 3.87063384e-01 3.78219754e-01
    6.30942643e-01 9.53069031e-02 7.35651851e-01 7.68699765e-01
    8.80976140e-01 2.78031409e-01 5.33248544e-01 9.13567662e-01
    7.86563754e-01 1.52522564e-01 3.29537034e-01 9.92628336e-01
    5.76525807e-01 3.95251215e-01 5.51886737e-01 4.15904343e-01
    4.77090150e-01 8.94391537e-01 1.00960463e-01 9.93727565e-01
    7.09261656e-01 4.28258061e-01 5.99679351e-02 5.79145789e-01
    6.42693102e-01 1.01559430e-01 2.65066862e-01 6.53217554e-01
    9.25349474e-01 9.51851726e-01 6.50186121e-01 7.63249993e-02
    8.52433085e-01 2.15099871e-01 3.12798887e-01 4.49022800e-01
    7.48095691e-01 7.64592826e-01 4.69283462e-02 7.53729343e-02
    3.23924422e-02 9.42290366e-01 1.85078502e-01 2.11532742e-01
    3.43427718e-01 5.83835483e-01 7.16565549e-01 1.40974343e-01
    5.09992957e-01 5.22747636e-02 3.76271158e-01 7.87103117e-01
    5.71561396e-01 3.95640254e-01 3.91473830e-01 3.86808097e-01
    8.46418977e-01 9.65118706e-01 2.31833011e-01 3.78956735e-01
    2.96180785e-01 1.93503439e-01 7.11289644e-01 7.06054688e-01
    4.11785662e-01 1.85996652e-01 6.82860851e-01 2.35845447e-01
    9.82014477e-01 6.12078905e-01 4.74754006e-01 6.32409751e-02
    9.89008009e-01 5.22775352e-01 2.59506136e-01 3.68693769e-01
    7.68084049e-01 6.17087364e-01 3.21562409e-01 3.97638530e-01
    9.56793547e-01 2.17614353e-01 2.71798670e-02 8.32215667e-01
    4.17954087e-01 8.17140222e-01 9.57451463e-01 5.60972095e-02
    8.37122798e-01 1.53197110e-01 3.87745798e-02 6.49281383e-01
    5.50851166e-01 6.83379054e-01 6.04344666e-01 4.52616572e-01
    4.55081910e-01 5.31243801e-01 9.59463596e-01 9.98672366e-01
    3.61314118e-02 9.12121296e-01 5.22705019e-01 5.60852706e-01
    9.99054909e-01 3.50298375e-01 5.33035755e-01 9.41065192e-01
    8.74597192e-01 4.51524198e-01 4.68594879e-01 2.03477472e-01
    7.73328900e-01 2.05595613e-01 3.86210561e-01 8.51678669e-01
    7.00675726e-01 8.32096100e-01 6.78988218e-01 2.30255246e-01
    5.65988123e-02 7.90975273e-01 8.22005391e-01 4.94491816e-01
    6.27313614e-01 3.84013265e-01 6.68277383e-01 4.71895039e-01
    1.95770502e-01 7.20270991e-01 1.73025429e-01 6.69117749e-01
    5.78818202e-01 9.16706920e-02 1.47797465e-01 8.98468375e-01
    7.38660455e-01 8.07893157e-01 9.86077189e-01 5.63246250e-01
    2.47808099e-01 1.20829970e-01 9.33535099e-01 5.51082313e-01
    2.01366365e-01 3.90602887e-01 4.65861291e-01 4.53824371e-01
    9.06286418e-01 6.81890190e-01 6.59169555e-01 8.47290277e-01
    3.52562845e-01 6.31996870e-01 1.55967712e-01 6.55178905e-01
    4.78287905e-01 9.31247711e-01 3.54624212e-01 9.75077808e-01
    6.24733448e-01 9.51565266e-01 6.63782954e-02 1.71728194e-01
    8.57047319e-01 7.94144392e-01 2.03164339e-01 7.82190442e-01
    7.99714208e-01 9.15758729e-01 9.36272442e-01 7.01140583e-01
    4.42840219e-01 5.04863262e-01 4.53597337e-01 5.14631093e-01
    2.82298625e-01 1.62307918e-02 3.11993361e-01 7.27651358e-01
    2.82404214e-01 7.64149368e-01 5.95420003e-01 8.89243484e-02
    9.10484076e-01 1.18426323e-01 2.91545182e-01 9.62500453e-01
    7.57405162e-01 8.16904306e-01 6.31563962e-01 7.05620348e-01
    5.18271446e-01 1.52747720e-01 6.99289143e-01 1.81236237e-01
    9.21787858e-01 7.74002075e-02 1.17372155e-01 3.41590047e-01
    8.59030962e-01 1.61955744e-01 6.45653009e-01 9.06361878e-01
    3.67415339e-01 3.38742197e-01 6.61357045e-01 4.35763061e-01
    2.11090356e-01 1.06727779e-01 1.31399214e-01 1.81245863e-01
    6.93075776e-01 9.47361588e-01 1.24855250e-01 3.61014277e-01
    3.34133625e-01 9.66975451e-01 4.56074238e-01 5.52515209e-01
    2.81546444e-01 1.30219847e-01 9.04463649e-01 6.64778650e-01
    5.29347360e-02 7.69631684e-01 5.22579551e-01 4.54483211e-01
    5.01390517e-01 8.94686341e-01 7.48372674e-02 1.42786652e-01
    6.22861266e-01 2.45727599e-02 5.89626431e-01 2.59213626e-01
    7.36108065e-01 8.20169687e-01 3.07190597e-01 4.82812822e-01
    4.35958862e-01 3.61704707e-01 6.78429008e-01 2.61794925e-01
    2.12548971e-01 7.77662575e-01 9.19515610e-01 3.11170191e-01
    2.04607457e-01 9.58550215e-01 3.21524739e-01 1.19955420e-01
    6.26809239e-01 1.80603683e-01 6.28324151e-01 6.39112651e-01
    5.51217318e-01 1.03166103e-01 7.35624671e-01 1.96892351e-01
    3.01831961e-01 5.09034812e-01 7.17503428e-01 3.13610345e-01
    4.96442944e-01 4.18308973e-01 5.80090284e-01 2.90871412e-01
    2.11101264e-01 5.80760598e-01 7.79858351e-01 3.69962722e-01
    6.29658580e-01 7.51149297e-01 1.08907700e-01 9.16519165e-01
    7.88588166e-01 8.67681861e-01 3.92144680e-01 3.94851178e-01
    5.11125326e-01 3.92466009e-01 6.77488685e-01 1.96809649e-01
    3.90070200e-01 8.29842925e-01 3.60970467e-01 6.34445906e-01
    1.81597412e-01 4.01718020e-02 2.74032950e-01 2.40952492e-01
    5.70782125e-01 6.19471014e-01 4.63162869e-01 7.34508038e-02
    6.09172106e-01 3.03198099e-01 5.31465054e-01 2.20634609e-01
    1.60725087e-01 9.22496617e-02 7.01122403e-01 9.55451608e-01
    5.75648785e-01 2.84764051e-01 7.31336832e-01 8.00937116e-02
    3.20237160e-01 3.83823007e-01 1.67529911e-01 4.69141603e-01
    9.93787050e-01 4.53937262e-01 4.95881438e-02 5.03122985e-01
    6.90827012e-01 4.34959918e-01 1.90714926e-01 8.99803936e-01
    2.86042929e-01 5.63642144e-01 7.97096729e-01 6.50554001e-01
    2.09729373e-02 2.80208886e-02 4.37114358e-01 2.31485903e-01
    1.52068764e-01 9.52350855e-01 8.29501688e-01 4.25018847e-01
    9.61545944e-01 6.78339601e-01 8.02086830e-01 9.47385192e-01
    2.51181126e-01 6.99298024e-01 5.00332117e-02 2.74892986e-01
    6.71362579e-01 6.42725885e-01 7.06157863e-01 7.66462207e-01
    8.24514568e-01 8.94978225e-01 4.57457095e-01 6.48707151e-01
    1.40941441e-01 7.06350446e-01 7.45092988e-01 4.79980886e-01
    3.49952221e-01 4.89802331e-01 2.35840619e-01 4.95202094e-01
    1.87901229e-01 5.48471868e-01 8.48859549e-03 5.72989345e-01
    9.71027613e-01 8.59041572e-01 1.18561268e-01 8.48918915e-01
    2.65957773e-01 8.71118307e-02 6.87058091e-01 5.97460926e-01
    1.04400069e-01 6.39915287e-01 2.91633487e-01 4.45700824e-01
    3.20714235e-01 7.80487239e-01 3.85141879e-01 7.32989967e-01
    5.29447675e-01 2.32680500e-01 4.06559289e-01 5.17785728e-01
    1.31209463e-01 9.96335387e-01 2.84184963e-01 3.79817605e-01
    5.36424279e-01 5.28003395e-01 2.26365328e-02 3.53811026e-01
    3.24259996e-01 7.59361863e-01 1.53200805e-01 4.36007500e-01
    7.84230947e-01 3.15927863e-01 9.97341871e-01 7.38090396e-01
    3.23347926e-01 2.22917706e-01 9.84031260e-02 7.92284608e-01
    1.18627548e-01 7.27897406e-01 1.78579390e-01 6.27723634e-01
    4.12127554e-01 4.60968465e-01 6.23992860e-01 2.04917967e-01
    8.26192379e-01 6.38209164e-01 2.72467852e-01 1.78059638e-01
    9.18031216e-01 1.27374738e-01 7.76188552e-01 2.91558892e-01
    3.36838663e-01 7.42626786e-02 9.31552887e-01 9.52726901e-02
    4.47666317e-01 2.41176724e-01 2.29040086e-01 9.84148979e-01
    4.01887029e-01 8.71953607e-01 1.87504381e-01 7.22007453e-01
    3.65272403e-01 5.35796583e-02 7.15007544e-01 5.43134630e-01
    2.84706086e-01 8.11793685e-01 8.72749805e-01 9.71004725e-01
    5.87564111e-01 4.99397635e-01 4.61941957e-02 3.68664801e-01
    9.84291553e-01 8.43988001e-01 1.57171488e-03 2.11078823e-02
    8.85486603e-01 9.01468694e-01 9.59488392e-01 7.89985657e-01
    6.78010046e-01 1.40667915e-01 5.06526828e-01 2.09525406e-01
    7.89483190e-01 1.01145595e-01 5.60680330e-01 8.18859398e-01
    9.76697206e-02 3.51479828e-01 5.60116053e-01 8.92546296e-01
    4.56857800e-01 4.66277927e-01 4.59818810e-01 4.17674184e-01
    8.84796262e-01 4.02840912e-01 3.21017802e-01 1.86697692e-01
    5.28106034e-01 4.85882759e-01 4.53118294e-01 7.06423998e-01
    2.91520059e-01 4.68690991e-01 4.02175009e-01 5.22749603e-01
    7.25766540e-01 4.80275750e-01 4.15343225e-01 6.35525227e-01
    1.97493792e-01 9.35887873e-01 6.39749646e-01 9.43174958e-01
    1.45567536e-01 7.80766726e-01 4.16014403e-01 7.50195026e-01
    2.05809504e-01 4.37952965e-01 7.19236314e-01 1.39078796e-01
    1.80116743e-01 4.97338593e-01 4.71975714e-01 7.40706444e-01
    2.86036789e-01 1.20701939e-01 3.25782716e-01 6.53418899e-03
    3.90871167e-01 8.19960535e-02 8.83292556e-01 2.22021759e-01
    2.53202498e-01 2.51215994e-02 3.58051479e-01 2.62150645e-01
    4.88515913e-01 4.27827388e-01 6.54424965e-01 7.88033605e-01
    7.44169831e-01 6.53474450e-01 7.52383888e-01 4.74177718e-01
    4.11710709e-01 1.40983403e-01 7.29193628e-01 8.69464397e-01
    7.49750197e-01 4.64166015e-01 4.21648085e-01 1.11792743e-01
    6.32152915e-01 8.51465821e-01 1.01222634e-01 4.66504425e-01
    4.68066573e-01 4.79870260e-01 4.95547116e-01 7.48456717e-01
    5.20034254e-01 3.82370651e-01 2.75229633e-01 4.96767551e-01
    3.55215073e-01 4.56128687e-01 8.74539852e-01 4.85138893e-01
    7.39648938e-01 8.01799595e-02 9.14175868e-01 7.23254204e-01
    1.61114275e-01 2.84656644e-01 7.48858929e-01 8.84635806e-01
    5.90044022e-01 5.14135659e-01 2.06423104e-02 3.71756464e-01
    6.50396168e-01 6.20791197e-01 7.99320161e-01 7.51299500e-01
    1.78048432e-01 2.56587923e-01 6.31712615e-01 7.50958681e-01
    8.51601243e-01 7.49305725e-01 7.55786717e-01 4.84703571e-01
    3.31134319e-01 1.50779873e-01 1.11070633e-01 3.94395620e-01
    9.75503385e-01 9.26152408e-01 7.20594227e-01 6.41685188e-01
    2.07795948e-01 2.64772058e-01 3.73951584e-01 8.05293679e-01
    3.57841313e-01 7.22659588e-01 3.94021302e-01 9.14215624e-01
    6.96247101e-01 2.73054987e-01 2.38112092e-01 2.17472911e-02
    7.21765399e-01 2.53469110e-01 7.11631000e-01 4.06172842e-01
    1.21962368e-01 4.20697659e-01 8.08243454e-02 9.94468033e-02
    1.26603365e-01 5.09871721e-01 7.87305534e-02 3.48951817e-01
    6.62344456e-01 8.74521017e-01 1.73135996e-02 3.65960777e-01
    7.46664882e-01 9.60455358e-01 7.76547790e-02 5.84162951e-01
    2.25819796e-01 9.30287600e-01 6.57388091e-01 4.33349252e-01
    8.58746409e-01 5.63504696e-02 3.30383301e-01 1.24804378e-01
    3.75370383e-02 7.55256891e-01 7.88786113e-02 9.10854995e-01
    5.92999220e-01 6.10083044e-01 7.41063654e-01 7.40483165e-01
    8.96973729e-01 1.88234061e-01 4.12126034e-01 4.78598893e-01
    7.56162882e-01 3.71943414e-01 2.79447436e-01 5.12610912e-01
    3.72082829e-01 6.46864295e-01 9.09300983e-01 5.56824088e-01
    8.20188820e-01 3.84891033e-02 4.23707694e-01 6.56993866e-01
    1.28110737e-01 9.17559862e-01 1.15724862e-01 5.52099407e-01
    6.60595536e-01 5.43103755e-01 5.18327415e-01 3.45469713e-01
    4.89694834e-01 7.71242380e-03 9.60524917e-01 1.61990076e-01
    7.27927387e-01 4.96052921e-01 4.06339347e-01 5.16274571e-02
    7.38444030e-02 5.11755586e-01 4.64065015e-01 3.23420972e-01
    9.41499054e-01 2.03197509e-01 5.64496875e-01 5.83954453e-01
    5.73743820e-01 7.73293972e-01 5.30708194e-01 6.81486189e-01
    2.11536616e-01 7.99997926e-01 8.97452235e-01 5.60366035e-01
    8.91927183e-02 5.07875681e-01 6.41022265e-01 5.33429563e-01
    4.83442932e-01 7.86619544e-01 9.47913408e-01 5.40339530e-01
    5.01633286e-01 1.05569303e-01 8.72840762e-01 8.25178146e-01
    1.56925321e-01 3.79371762e-01 8.42011213e-01 4.15238827e-01
    2.16695368e-01 7.16677129e-01 6.95793033e-01 9.67400670e-02
    6.49378598e-02 2.63596177e-01 1.20585799e-01 5.44920623e-01
    7.60458827e-01 8.32063317e-01 1.01991117e-01 3.11656296e-02
    9.12099361e-01 8.87125969e-01 8.24556112e-01 2.30591416e-01
    4.78455991e-01 5.52207291e-01 6.63191199e-01 4.01031494e-01
    9.24891472e-01 1.99587435e-01 1.32287353e-01 1.64001524e-01
    8.48228693e-01 6.16547763e-01 7.98567235e-01 9.39350724e-01
    2.71113694e-01 1.01904929e-01 3.89856458e-01 8.86969149e-01
    2.67813325e-01 4.04391974e-01 5.07475495e-01 5.89502633e-01
    2.86867321e-02 7.71524847e-01 4.12525803e-01 3.37725580e-01
    4.64617997e-01 9.14054871e-01 9.45832849e-01 2.22547889e-01
    8.60316217e-01 2.09630311e-01 2.80025005e-01 8.59982610e-01
    4.20371264e-01 6.99053168e-01 4.80197072e-01 3.54081988e-02
    8.23280394e-01 7.62825668e-01 1.27131641e-01 8.27390671e-01
    9.28493500e-01 9.07301128e-01 2.49333441e-01 3.07499141e-01
    7.96617270e-02 5.71935415e-01 9.79214191e-01 6.10010028e-02
    8.14002752e-01 5.79643846e-02 5.95147252e-01 1.84106141e-01
    8.43831718e-01 2.19379902e-01 8.62283707e-01 2.81094342e-01
    8.31464112e-01 4.03184861e-01 5.29335499e-01 7.35948443e-01
    6.01000130e-01 8.35170507e-01 5.93579590e-01 5.55090904e-01
    2.02157497e-02 3.35014910e-01 1.74429744e-01 8.09301138e-01
    6.33985281e-01 6.41315997e-01 6.73300207e-01 9.28980887e-01
    8.20032835e-01 3.59953046e-01 8.58749986e-01 9.97563601e-01
    6.58444226e-01 1.73709154e-01 3.68919134e-01 6.08720660e-01
    4.93440330e-02 3.43482226e-01 2.87262440e-01 8.11799049e-01
    4.03273702e-01 8.99246573e-01 3.19155157e-01 1.01723105e-01
    9.95694816e-01 3.10260534e-01 1.84079140e-01 7.65248179e-01
    3.70836675e-01 7.90196538e-01 4.37718183e-01 4.84772235e-01
    2.94569463e-01 3.72469425e-04 6.75072432e-01 2.22771198e-01
    1.59580290e-01 8.02649617e-01 6.95822895e-01 8.35853040e-01
    6.46604836e-01 8.06486487e-01 9.65365887e-01 9.79953825e-01
    6.36092544e-01 7.51234472e-01 7.32667387e-01 3.30901772e-01
    9.64111567e-01 2.50970423e-01 5.53093612e-01 5.39753139e-01
    7.26870656e-01 7.59346187e-02 6.63364291e-01 9.83335614e-01
    6.73915386e-01 4.55716908e-01 5.73729634e-01 2.33097553e-01
    5.79390645e-01 8.47978354e-01 7.50063896e-01 3.47340912e-01
    6.28373802e-01 7.56248653e-01 5.17901063e-01 2.83758700e-01
    1.07054919e-01 5.45785069e-01 3.36199373e-01 6.95626795e-01
    6.43393993e-01 9.83006954e-01 6.01693034e-01 7.25409150e-01
    8.93179178e-01 6.86008334e-01 7.68426776e-01 4.37361717e-01
    6.91108704e-01 2.51435697e-01 8.83415699e-01 7.90783405e-01
    1.27820373e-01 9.01606500e-01 1.42357916e-01 4.31686968e-01
    1.49345011e-01 9.80292618e-01 4.44058120e-01 8.71675909e-02
    1.61768019e-01 6.41363740e-01 7.27321982e-01 6.68834746e-02
    1.96387827e-01 6.49024248e-01 9.00596619e-01 4.73497421e-01
    7.26797700e-01 7.25884557e-01 7.57620096e-01 3.60113442e-01
    1.23428106e-02 8.44299436e-01 3.70377541e-01 3.24872792e-01
    3.13906789e-01 3.97304744e-01 7.25620568e-01 3.99362355e-01
    3.02227080e-01 5.03988922e-01 9.87346292e-01 1.24741971e-01
    7.94931531e-01 8.75686705e-01 4.96978909e-01 1.24391913e-01
    7.41103351e-01 8.09678435e-01 9.13939238e-01 6.52928770e-01
    8.78896117e-01 6.19064510e-01 6.10884547e-01 3.72220874e-01
    4.98091519e-01 7.37973571e-01 6.81557417e-01 1.48378193e-01
    8.53390813e-01 1.30671173e-01 2.02989578e-02 4.29234415e-01
    8.89337420e-01 9.36538339e-01 6.22480214e-02 2.52566189e-01
    8.97148490e-01 8.44267368e-01 1.62492394e-02 6.12480164e-01
    2.91064590e-01 8.81619573e-01 2.90517926e-01 5.37825227e-01
    4.46685821e-01 9.01077032e-01 3.65505219e-02 5.79923630e-01
    3.17031682e-01 1.18897557e-02 6.95941091e-01 1.59200162e-01
    7.67142594e-01 4.28924769e-01 4.26896453e-01 2.87625968e-01
    6.69943392e-02 3.17247599e-01 3.88563871e-02 1.92605913e-01
    2.70443082e-01 2.92090178e-02 8.59048784e-01 7.38834083e-01
    2.51574159e-01 8.44137669e-02 2.23318189e-01 9.17480707e-01
    4.44544882e-01 5.76738656e-01 6.10993803e-02 5.81572235e-01
    5.14153361e-01 6.40614748e-01 2.10121572e-01 7.65874386e-01
    7.35200644e-01 8.94613624e-01 1.09723151e-01 9.64475870e-01
    2.50635892e-01 5.38799286e-01 5.86671770e-01 5.53064764e-01
    8.50504935e-02 2.22619116e-01 7.63456941e-01 8.70294571e-01
    6.40263319e-01 1.03895575e-01 2.26868749e-01 9.08274770e-01
    3.48159939e-01 2.73715436e-01 4.28163618e-01 4.87903476e-01
    1.15342796e-01 4.13583666e-01 4.96514142e-01 8.86378407e-01
    3.57753634e-01 2.40605026e-01 7.54292607e-01 3.67233634e-01
    9.72526670e-01 2.89812744e-01 7.54711449e-01 4.88465846e-01
    7.65886545e-01 7.56787837e-01 8.80117655e-01 6.45419896e-01
    5.81811011e-01 9.53987122e-01 1.08759761e-01 1.33061588e-01
    2.81402409e-01 3.84732097e-01 2.36753762e-01 2.16202766e-01
    2.74255455e-01 9.62585926e-01 3.22303593e-01 2.75133908e-01
    5.61533570e-02 2.07366318e-01 8.08390081e-02 8.04065228e-01
    5.69187582e-01 2.66423464e-01 7.15510011e-01 6.03820145e-01
    9.56419826e-01 8.78523588e-01 5.01454234e-01 3.87267172e-01
    1.89550698e-01 6.30685031e-01 9.46719944e-01 8.66766930e-01
    4.14913058e-01 4.99513477e-01 4.02518988e-01 4.51283425e-01
    1.44330293e-01 4.91604090e-01 3.57103050e-02 3.32917005e-01
    6.91035092e-01 5.96276045e-01 6.36023521e-01 7.59159625e-02
    9.84733224e-01 5.57169497e-01 4.00722206e-01 6.18121922e-02
    4.26492393e-01 5.99261761e-01 1.02625579e-01 1.93546087e-01
    3.23559046e-01 8.93350601e-01 8.68462324e-01 9.67607975e-01
    2.51287997e-01 6.47001207e-01 4.80205834e-01 3.23632598e-01
    6.85574949e-01 3.51718366e-02 1.13327116e-01 9.56344426e-01
    5.94671965e-02 6.57755911e-01 4.23349738e-02 1.17364168e-01
    8.25025439e-01 3.54632139e-02 7.55612314e-01 9.36953664e-01
    4.22334343e-01 7.98308849e-03 3.91822457e-01 7.05911458e-01
    6.50345981e-01 6.70085907e-01 8.61538053e-01 9.33087885e-01
    6.71663105e-01 9.19879019e-01 4.60204482e-03 9.98737574e-01
    8.01992714e-02 4.51328844e-01 9.59661782e-01 6.94218099e-01
    4.12771493e-01 7.07915425e-02 7.55589724e-01 5.52889049e-01
    4.62830305e-01 9.53221798e-01 2.26134300e-01 1.08884931e-01
    6.72895551e-01 1.80295676e-01 1.75687850e-01 7.67775297e-01
    3.20726216e-01 7.99505353e-01 3.47663403e-01 9.20894742e-03
    7.86221623e-02 7.45233536e-01 9.93646026e-01 1.27241582e-01
    2.14826614e-01 4.03367400e-01 9.49035227e-01 9.47417319e-01
    5.18309891e-01 6.08071685e-02 6.48575425e-02 9.44453001e-01
    2.51248002e-01 3.91434610e-01 6.87449932e-01 8.55588078e-01
    3.09003651e-01 1.03786051e-01 9.59794521e-01 4.07394707e-01
    9.87864971e-01 9.32418585e-01 8.04732203e-01 1.51108950e-01
    6.28295422e-01 1.14839107e-01 6.18199468e-01 4.67268467e-01
    4.68351901e-01 9.17665958e-01 5.43224573e-01 3.56044590e-01
    1.47615612e-01 1.35768354e-02 1.98376179e-02 2.76539207e-01
    3.92384499e-01 7.58031189e-01 6.18085980e-01 8.36831033e-01
    6.37568235e-01 9.05710816e-01 1.41279697e-02 3.54090750e-01
    8.09972167e-01 9.79517698e-01 2.47730970e-01 9.11021948e-01
    5.99930882e-02 5.36585987e-01 2.72965193e-01 9.13654804e-01
    9.25631523e-01 9.93568897e-01 6.34147882e-01 9.54576254e-01
    5.77845693e-01 8.09250355e-01 3.54707241e-02 2.42704242e-01
    2.33413249e-01 4.86781150e-01 9.21324790e-01 9.54394341e-02
    5.06317139e-01 2.71088898e-01 5.27572691e-01 7.54215240e-01
    3.80738795e-01 8.79054666e-01 6.47877395e-01 5.76465309e-01
    2.29763418e-01 4.51126009e-01 6.26795828e-01 2.48209149e-01
    9.50207591e-01 5.13742387e-01 3.09606671e-01 6.36123419e-02
    5.32939136e-01 2.28655040e-02 2.61197507e-01 3.48405033e-01
    9.49268341e-01 5.16733050e-01 7.66741931e-01 5.56076944e-01
    8.00278544e-01 9.88693714e-01 9.76923108e-02 1.75420821e-01
    4.77990597e-01 5.32242298e-01 7.20512271e-02 9.37829971e-01
    5.33546329e-01 4.02760774e-01 4.08638358e-01 6.37141764e-01
    4.85279322e-01 1.99850947e-01 7.90834606e-01 5.81580877e-01
    4.28005993e-01 9.04932320e-01 8.12166035e-01 7.46942163e-01
    3.12016428e-01 1.36889815e-01 9.47755933e-01 4.98373747e-01
    1.59836531e-01 4.00521070e-01 5.27229548e-01 8.21556449e-02
    3.11597049e-01 7.05083013e-01 3.20433527e-01 4.82184529e-01
    3.54004085e-01 2.14615405e-01 4.17429864e-01 5.04285991e-01
    7.05298603e-01 9.71212387e-02 8.08738589e-01 6.96969151e-01
    2.32705295e-01 3.01464200e-01 5.47909021e-01 5.32678664e-01
    4.89744842e-01 3.53110045e-01 1.52129084e-01 5.87287724e-01
    1.53336227e-02 6.57128036e-01 3.02193940e-01 9.92067814e-01
    7.38462567e-01 9.35008407e-01 8.88426602e-02 4.73223567e-01
    5.91821849e-01 9.11029100e-01 1.66157633e-01 1.29651964e-01
    7.04635561e-01 1.64209038e-01 8.32274914e-01 5.84664226e-01
    5.84559381e-01 2.65560389e-01 1.61621273e-02 9.04094875e-01
    9.25077200e-01 6.22842312e-01 3.79908353e-01 5.70174217e-01
    6.54208660e-03 2.24208117e-01 8.31049144e-01 2.51037419e-01
    7.93943882e-01 2.21497148e-01 8.40499282e-01 1.53851181e-01
    4.07690138e-01 8.84969652e-01 5.21252692e-01 4.80094850e-01
    4.93687987e-01 9.73384380e-01 7.79008031e-01 7.53363609e-01
    5.11024892e-01 9.97911692e-02 7.77304649e-01 5.17055869e-01
    3.55937421e-01 7.44809985e-01 2.10307688e-01 9.54191267e-01
    3.67549658e-01 7.86205709e-01 6.21397793e-01 2.91950166e-01
    3.15654963e-01 1.61455631e-01 3.47000957e-01 5.70788383e-01
    8.43296289e-01 2.10198641e-01 1.76205069e-01 6.93030238e-01
    9.48633432e-01 6.09759569e-01 4.56911564e-01 8.35897923e-01
    4.05890405e-01 4.50858623e-01 8.60014200e-01 7.89719939e-01
    6.73771143e-01 1.87081039e-01 1.58484489e-01 9.46417153e-01
    6.97436810e-01 7.40332663e-01 7.74595320e-01 1.22007132e-02
    1.37687057e-01 4.96576607e-01 3.80718559e-01 7.18078136e-01
    9.90607738e-01 4.77390736e-01 1.22867912e-01 6.83784842e-01
    6.11386418e-01 2.39181429e-01 3.84261757e-01 3.14072728e-01
    6.66657686e-01 9.83382821e-01 7.82913506e-01 4.00892675e-01
    2.19611526e-01 2.30644703e-01 6.76381290e-02 3.49042118e-02
    8.58653426e-01 7.42674112e-01 2.30082989e-01 5.09721100e-01
    3.60863686e-01 2.85479456e-01 3.39761168e-01 4.82318670e-01
    6.97235465e-01 9.72228885e-01 4.83894050e-01 4.23632443e-01
    1.52526706e-01 8.52362871e-01 6.67570293e-01 7.98324108e-01
    9.82563257e-01 2.16502041e-01 7.66437292e-01 6.94054425e-01
    1.20464504e-01 1.15184397e-01 4.40082669e-01 7.99726784e-01
    3.74416828e-01 7.29395449e-01 6.67273104e-01 8.18559170e-01
    1.35283381e-01 5.67287683e-01 2.71498978e-01 1.80157125e-02
    8.98808599e-01 4.21805650e-01 4.73861992e-02 2.64936328e-01
    8.00050855e-01 3.57599854e-02 7.09937930e-01 1.28742337e-01
    9.87469792e-01 9.16140795e-01 5.44730902e-01 8.62228096e-01
    5.48205316e-01 5.52679539e-01 1.43585205e-01 3.74435186e-01
    6.89899623e-01 6.73086643e-01 7.14647651e-01 8.30546856e-01
    5.56590617e-01 7.53368139e-01 9.61238503e-01 6.11406922e-01
    1.08300507e-01 3.98935497e-01 2.69324303e-01 6.86078966e-01
    5.16786814e-01 9.10432100e-01 1.99845821e-01 2.42196202e-01
    9.92447138e-01 5.54742754e-01 2.96475410e-01 2.45031089e-01
    4.30620998e-01 1.71874672e-01 6.98796272e-01 9.39354658e-01
    3.01640987e-01 6.90722167e-01 8.51854324e-01 7.79317260e-01
    4.85294819e-01 4.71414208e-01 6.20685518e-01 3.52947235e-01
    6.74929976e-01 1.25249773e-01 9.92100179e-01 7.12209761e-01
    5.49690008e-01 3.02570164e-02 4.30173874e-01 1.62610203e-01
    1.44958735e-01 3.19825947e-01 3.72811794e-01 5.77137411e-01
    4.99712825e-01 7.05590725e-01 9.35732961e-01 5.19643664e-01
    7.38090754e-01 7.70372510e-01 3.32661718e-01 4.27522719e-01
    5.65674543e-01 7.65089214e-01 2.87583113e-01 3.36692214e-01
    7.10702837e-02 2.12094486e-01 9.98522937e-01 6.55925095e-01
    2.16652721e-01 9.71086025e-01 7.81855881e-02 1.26358241e-01
    5.78560174e-01 2.89772630e-01 7.05586016e-01 5.96652806e-01
    6.39993727e-01 4.34082478e-01 9.06451821e-01 8.85654926e-01
    9.03574467e-01 1.13647848e-01 6.15014255e-01 6.76047146e-01
    8.12631011e-01 8.51738274e-01 8.25426280e-02 4.94397879e-02
    7.32415438e-01 4.51465666e-01 3.01769763e-01 7.44178057e-01
    4.73888248e-01 4.25042689e-01 9.91798639e-01 9.44773376e-01
    5.10000944e-01 1.02982014e-01 6.04992747e-01 4.02756244e-01
    6.60611629e-01 7.39487827e-01 1.25529319e-01 3.21994364e-01
    4.33283687e-01 9.23780680e-01 4.72372860e-01 7.94042408e-01
    2.66278088e-02 1.63503975e-01 8.92260909e-01 8.74124646e-01
    3.53306532e-04 3.58199626e-01 3.87062848e-01 9.24360394e-01
    1.79210722e-01 7.83817291e-01 7.54350662e-01 8.50589037e-01
    3.80637139e-01 2.25994796e-01 9.72983003e-01 9.16884243e-02
    9.49573159e-01 4.30742621e-01 9.40932870e-01 1.57617241e-01
    2.37829953e-01 1.74525917e-01 8.62278581e-01 7.30256379e-01
    1.50144756e-01 1.44724816e-01 9.77060258e-01 3.06787491e-01
    4.74238962e-01 4.24661517e-01 8.63211513e-01 6.37829363e-01
    3.56874168e-01 1.02446645e-01 7.40574300e-01 6.24762416e-01
    2.42541313e-01 4.92159873e-01 7.39753962e-01 4.25500780e-01
    6.73826039e-01 2.11175978e-01 6.28439128e-01 2.71127403e-01
    9.64201689e-01 5.55718839e-02 5.17401516e-01 4.26411122e-01
    4.00732577e-01 7.16117501e-01 1.14568919e-01 6.43828988e-01
    7.45419562e-01 3.20175350e-01 2.00749785e-01 6.95316911e-01
    2.75060534e-01 2.81043231e-01 6.98502779e-01 2.92605817e-01
    2.26749599e-01 5.22619247e-01 4.10992950e-01 8.93016815e-01
    1.80402100e-01 9.70999360e-01 5.96110225e-01 3.73321712e-01
    6.50630832e-01 3.17922652e-01 8.25915813e-01 3.47276926e-01
    2.31776118e-01 2.59855807e-01 1.14614874e-01 2.85842001e-01
    1.27225518e-01 7.14636445e-02 1.08895838e-01 6.20634496e-01
    8.40244174e-01 5.47380567e-01 1.19284451e-01 1.22989416e-02
    2.21426517e-01 8.83287191e-01 4.07229304e-01 4.17552799e-01
    2.84125656e-01 2.69924104e-01 1.94573253e-01 4.29886967e-01
    2.62130648e-01 5.78226089e-01 9.27373171e-01 8.17568302e-02
    6.71298862e-01 4.64905143e-01 3.46328467e-01 8.97288680e-01
    9.07058716e-01 7.21144557e-01 7.30207324e-01 7.78152108e-01
    3.65814090e-01 2.49772578e-01 6.77551687e-01 6.24136925e-01
    6.35218978e-01 4.16960239e-01 6.08664989e-01 6.46520376e-01
    4.56060499e-01 4.42032605e-01 1.61351264e-01 9.73821402e-01
    7.13982701e-01 9.05744553e-01 8.32287967e-02 6.81595087e-01
    7.55533695e-01 6.72411859e-01 2.79078692e-01 1.77553892e-01
    3.01135361e-01 1.85284317e-01 2.66913921e-01 7.60028660e-01
    3.26225132e-01 5.24060428e-02 8.52169931e-01 1.04824543e-01
    3.28144372e-01 3.84463072e-01 8.36861014e-01 7.54456818e-02
    6.05252922e-01 2.03349531e-01 3.91505927e-01 7.16643691e-01
    1.42624050e-01 8.40785563e-01 7.15024114e-01 1.98576629e-01
    6.76358700e-01 8.51274133e-01 9.41234529e-02 2.69518912e-01
    3.96752894e-01 2.63616085e-01 1.12128496e-01 2.98914433e-01
    8.39982986e-01 2.60724097e-01 7.21366584e-01 4.60223794e-01
    5.02840996e-01 6.02697432e-02 8.52790356e-01 5.86628199e-01
    6.12047791e-01 8.98775220e-01 6.44566953e-01 4.93968993e-01
    5.26386499e-01 3.52963686e-01 5.28113127e-01 5.93958139e-01
    5.53542018e-01 6.97366536e-01 9.75518763e-01 1.05135441e-02
    6.28357232e-01 7.46186912e-01 7.89141893e-01 8.63798559e-01
    7.69708157e-01 4.86287773e-02 5.14549255e-01 8.97692323e-01
    1.09443069e-03 9.81407404e-01 4.03386116e-01 9.85451460e-01
    8.39278400e-02 6.09365761e-01 5.36959291e-01 1.29641801e-01
    8.17278743e-01 2.95511723e-01 3.73270035e-01 1.80724859e-02
    7.80662417e-01 2.56902456e-01 2.80390441e-01 7.61226892e-01
    5.97203970e-02 6.28889680e-01 1.05311751e-01 5.18475950e-01
    9.84129369e-01 5.88592410e-01 1.66057408e-01 1.96683794e-01
    3.19170624e-01 9.85515416e-02 9.65743065e-01 6.22207642e-01
    1.18435621e-02 5.23989260e-01 2.50660360e-01 1.47834569e-01
    9.38830078e-02 9.29309011e-01 2.95889288e-01 5.72840154e-01
    9.46733117e-01 8.01912904e-01 4.56100851e-01 7.36756861e-01
    7.96807170e-01 7.42188931e-01 1.22598231e-01 7.71895945e-02
    8.23912621e-01 9.04284239e-01 3.50012064e-01 5.55872560e-01
    5.72471917e-02 2.19775379e-01 5.04227757e-01 1.92880630e-03
    8.19108009e-01 7.13168085e-01 9.78234887e-01 1.66822523e-01
    7.71974683e-01 9.80231404e-01 3.92803401e-01 9.42562222e-01
    7.14697838e-02 4.64754581e-01 1.05211109e-01 9.75498080e-01
    4.23179507e-01 4.43167031e-01 8.82964015e-01 6.88176215e-01
    9.15556312e-01 8.76809120e-01 5.01324117e-01 2.86586940e-01
    7.95210421e-01 6.40839815e-01 7.36226737e-02 8.72855246e-01
    7.21946836e-01 7.60708690e-01 8.39276552e-01 6.06611133e-01
    9.03094709e-01 2.93972850e-01 3.99130136e-01 9.11874771e-01
    2.70438433e-01 2.92377889e-01 6.69433117e-01 5.63124061e-01
    6.53400183e-01 3.07500660e-02 2.35834539e-01 3.09152126e-01
    8.33196998e-01 7.75025606e-01 2.93297529e-01 8.49439263e-01
    9.68195081e-01 5.65716863e-01 4.83926475e-01 9.97073948e-01
    1.27990335e-01 4.80321735e-01 9.84031916e-01 5.25881350e-02
    3.46519411e-01 9.43110585e-02 2.38286853e-02 1.91335440e-01
    9.49692965e-01 3.36488694e-01 1.43505782e-01 3.83255541e-01
    5.51938951e-01 1.23857707e-01 2.41881311e-01 3.67482007e-01
    3.35470736e-02 1.00167543e-01 4.82734323e-01 7.75403261e-01
    5.03297031e-01 5.51909804e-01 1.60767734e-01 8.15772891e-01
    9.18667853e-01 7.50201881e-01 9.52493608e-01 6.97296441e-01
    8.45838070e-01 1.02193892e-01 1.24740809e-01 8.35741997e-01
    4.70318377e-01 7.72832215e-01 4.75000739e-01 7.22970426e-01
    7.68867016e-01 4.93460685e-01 1.02053761e-01 2.99029768e-01
    4.33686703e-01 1.44391477e-01 1.56513333e-01 4.23085600e-01
    2.45199144e-01 8.26345325e-01 9.07143354e-01 7.72219419e-01
    5.16206145e-01 1.29211575e-01 1.60549223e-01 2.31827289e-01
    3.14535439e-01 5.55728316e-01 8.50445271e-01 9.89123583e-01
    2.73042560e-01 4.65623438e-02 3.91057342e-01 8.47366810e-01
    7.32371509e-02 2.61378944e-01 8.94788742e-01 5.04038036e-02
    9.77513492e-02 3.96464944e-01 7.03475535e-01 9.90000427e-01
    8.55153322e-01 9.92388844e-01 2.96980143e-01 1.47350848e-01
    5.78898191e-01 2.43185461e-02 2.08986074e-01 2.60014057e-01
    5.44265747e-01 3.32711339e-02 8.00706625e-01 6.33179903e-01
    5.06147325e-01 9.14425850e-01 1.75127685e-02 4.73823696e-01
    6.86671317e-01 4.12579298e-01 7.54111767e-01 2.09684312e-01
    8.70529532e-01 9.52061057e-01 6.32006526e-02 4.33629394e-01
    6.92782819e-01 3.31485629e-01 7.02606559e-01 9.70384657e-01
    4.05077815e-01 1.03232384e-01 7.48936296e-01 2.80312717e-01
    8.89395177e-02 1.98427379e-01 6.50069118e-03 2.95078307e-01
    1.58483684e-01 9.21792150e-01 3.06185544e-01 7.06677258e-01
    7.96575427e-01 6.33906841e-01 9.27579403e-01 6.04000688e-01
    5.47846913e-01 4.83893216e-01 2.42136627e-01 9.08528090e-01
    5.91887653e-01 6.27132833e-01 8.86941433e-01 2.69411027e-01
    4.22528982e-01 9.63692963e-02 8.74749303e-01 7.01310635e-01
    9.54233885e-01 9.12185073e-01 8.31160843e-02 9.52042043e-01
    6.50097966e-01 7.14011490e-01 2.14638025e-01 6.41103745e-01
    2.10253209e-01 7.54665971e-01 5.53739071e-03 4.76841033e-02
    1.19017452e-01 8.03244352e-01 2.29225785e-01 9.72750485e-01
    9.42914903e-01 3.81332010e-01 1.06199831e-01 5.30509591e-01
    9.87234771e-01 2.42290050e-01 9.45125163e-01 2.07597613e-01
    8.96428347e-01 4.74379063e-01 8.70788217e-01 8.99798989e-01
    7.88653612e-01 4.48507935e-01 1.56915754e-01 5.15773475e-01
    4.11689609e-01 7.55874217e-02 1.20033294e-01 9.75230634e-02
    5.02362490e-01 4.21076745e-01 9.44744587e-01 6.02286637e-01
    4.33413923e-01 8.19427490e-01 6.85210228e-01 8.80540013e-02
    4.09273684e-01 1.88570350e-01 3.49705279e-01 9.82826233e-01
    9.78995204e-01 9.99729872e-01 1.85515910e-01 5.27588785e-01
    6.43034458e-01 8.09988439e-01 3.71342480e-01 1.89685851e-01
    6.95442021e-01 8.62685323e-01 3.11638892e-01 4.33411866e-01
    9.35980082e-01 2.79470980e-01 7.72012413e-01 5.79814136e-01
    2.09513873e-01 4.92076993e-01 2.93893516e-01 7.49557018e-02
    7.03337133e-01 5.86746335e-01 3.13015163e-01 1.53853923e-01
    8.91664028e-01 9.23340917e-01 3.31029803e-01 8.83347094e-01
    5.99434674e-01 9.39168453e-01 9.61254835e-01 6.29330993e-01
    3.94789457e-01 8.33382487e-01 6.53664947e-01 1.85034662e-01
    1.21023029e-01 1.08078182e-01 6.61709428e-01 3.56807768e-01
    3.82516146e-01 7.95217156e-01 6.20373309e-01 5.00820041e-01
    9.83487964e-01 1.25380903e-01 9.91956949e-01 8.38066578e-01
    6.05464399e-01 7.45452702e-01 4.06911254e-01 8.80760491e-01
    6.07906580e-01 8.74849558e-01 6.59257174e-02 3.21597755e-02
    2.24111378e-01 7.80383587e-01 7.38046765e-01 5.28338969e-01
    8.11489344e-01 3.80466580e-01 8.97596776e-02 2.78649271e-01
    9.24931943e-01 4.20002043e-01 3.23027074e-02 1.74095839e-01
    4.62350428e-01 6.62739336e-01 2.18643755e-01 5.80975175e-01
    2.53895521e-01 3.25484574e-02 7.05930412e-01 7.35499620e-01
    1.87056541e-01 1.49874628e-01 5.33501387e-01 9.76808727e-01
    7.29600191e-01 9.21888709e-01 7.08174825e-01 9.85219240e-01
    4.11717594e-01 6.89164639e-01 4.32504475e-01 6.15325809e-01
    5.79131722e-01 1.99367404e-01 2.77405262e-01 8.69427025e-02
    8.77472937e-01 7.00941801e-01 2.26243734e-01 4.16677892e-02
    1.93296194e-01 5.81597686e-02 5.83754420e-01 9.69727457e-01
    3.49549741e-01 4.95373040e-01 3.09414387e-01 3.32744002e-01
    4.21096683e-02 8.23803961e-01 2.76437223e-01 3.09931338e-01
    1.13785028e-01 4.18321043e-01 1.06763601e-01 4.46434766e-01
    5.11053920e-01 4.17393923e-01 9.09409523e-02 4.72144634e-01
    1.78217441e-01 4.65448022e-01 5.69686055e-01 1.73867851e-01
    4.72143292e-02 6.01344943e-01 6.54206514e-01 9.06051159e-01
    9.15852606e-01 6.86771512e-01 4.28563952e-01 8.67976367e-01
    3.65641147e-01 6.07571602e-01 5.92489481e-01 4.92814034e-01
    3.92862201e-01 5.49839735e-01 9.47853208e-01 7.10231900e-01
    9.29030538e-01 2.96486735e-01 1.98686123e-01 3.03183258e-01
    3.55970651e-01 5.48235536e-01 7.79835463e-01 1.34313107e-01
    5.58516383e-01 9.58127081e-02 5.38333774e-01 3.73213172e-01
    6.15780056e-01 5.21754384e-01 6.71271384e-02 6.61056757e-01
    4.68012065e-01 6.58416390e-01 4.19679701e-01 5.14889240e-01
    7.48983383e-01 1.06397808e-01 4.87951517e-01 9.18013930e-01
    7.80534267e-01 9.35670495e-01 9.49563622e-01 7.84453750e-01
    9.72294092e-01 9.93394375e-01 3.87225062e-01 6.71783686e-01
    5.69273829e-01 2.39501446e-01 7.02869296e-01 9.30868387e-01
    6.64321661e-01 9.61138129e-01 1.30995721e-01 7.59118915e-01
    1.22291207e-01 4.06545401e-01 2.42815018e-02 5.47038913e-01
    9.08290505e-01 7.84751058e-01 1.27857327e-02 9.66319025e-01
    9.64798212e-01 7.92498827e-01 7.90468574e-01 1.28324151e-01
    2.03565478e-01 5.16619742e-01 6.80358887e-01 9.44325328e-01
    8.10715675e-01 5.72573900e-01 8.81113410e-01 6.26913249e-01
    1.14515781e-01 6.95699751e-01 5.88418365e-01 6.37598753e-01
    3.77330065e-01 8.18670392e-01 1.24578506e-01 9.38805103e-01
    2.84605145e-01 7.53337324e-01 6.21817291e-01 3.90357137e-01
    2.42570102e-01 1.91830248e-01 8.34797978e-01 3.24946046e-02
    4.97589022e-01 2.15794593e-01 5.93937218e-01 7.98251450e-01
    2.59731650e-01 4.78164315e-01 7.76449442e-02 4.90102470e-02
    9.99751747e-01 2.41557479e-01 3.12848866e-01 9.11082208e-01
    7.81531453e-01 8.09599638e-01 7.16904461e-01 3.64874005e-01
    7.83824384e-01 6.99539125e-01 8.87708008e-01 9.09561276e-01
    2.36682564e-01 2.94785142e-01 9.32348728e-01 9.69235301e-01
    9.11889791e-01 5.79117239e-01 8.34419131e-01 7.18397796e-01
    6.40833974e-01 3.09222519e-01 8.29761505e-01 4.12238210e-01
    6.08720720e-01 3.35617095e-01 6.61479831e-01 8.00455153e-01
    3.52078736e-01 9.65007424e-01 2.03449249e-01 4.67331320e-01
    3.47962886e-01 8.40147734e-01 5.98233163e-01 5.57909548e-01
    4.68211770e-01 9.15233850e-01 7.25626826e-01 3.28762472e-01
    6.21017694e-01 5.41718781e-01 9.16971326e-01 3.30925405e-01
    6.82932496e-01 6.99401557e-01 1.33909285e-01 5.34916878e-01
    1.14346117e-01 6.46203458e-01 7.65937328e-01 5.65016270e-01
    9.73978937e-01 3.15373182e-01 4.81664866e-01 9.37642336e-01
    8.96284819e-01 5.25598407e-01 1.50492489e-01 2.92608142e-01
    4.13161665e-01 6.56201541e-01 1.92264855e-01 7.39030540e-01
    3.16606641e-01 2.51566708e-01 6.65789664e-01 2.63626993e-01
    1.38300925e-01 9.16119576e-01 9.62910831e-01 3.24093103e-02
    3.89296234e-01 9.42558944e-01 9.06041026e-01 3.45558882e-01
    6.93815649e-02 7.87947476e-02 3.19136560e-01 6.59023285e-01
    1.15865052e-01 8.81587625e-01 9.74392533e-01 2.37074882e-01
    1.23155355e-01 2.82765597e-01 4.34755683e-02 5.57632923e-01
    7.96273589e-01 4.34794873e-01 1.58673882e-01 1.06394291e-02
    3.53310287e-01 6.97445095e-01 7.04076052e-01 5.13106585e-02
    1.59805030e-01 3.21754694e-01 1.20833278e-01 5.05055666e-01
    5.00352979e-01 7.31999457e-01 2.15055138e-01 1.24887198e-01
    9.46007967e-02 1.75054133e-01 2.95475721e-02 7.38797188e-01
    8.80229712e-01 8.86387229e-01 7.10498452e-01 2.15393335e-01
    7.11787403e-01 7.18616486e-01 6.23146653e-01 8.73280525e-01
    9.47213888e-01 3.07866335e-01 5.19810915e-01 4.84813601e-01
    3.04206759e-01 9.58818555e-01 7.17716932e-01 8.22844028e-01
    4.63581204e-01 1.48689181e-01 3.08279097e-01 8.34485412e-01
    2.15107173e-01 2.03043938e-01 5.66529930e-02 1.41665816e-01
    1.85866386e-01 4.90911305e-01 9.80434418e-01 6.14847958e-01
    1.50967807e-01 4.49380070e-01 2.52143443e-01 2.55465806e-01
    2.60184586e-01 3.81490231e-01 1.98055357e-01 3.47652674e-01
    1.32295012e-01 7.62763262e-01 6.66910052e-01 5.65932930e-01
    9.11849320e-01 6.12685323e-01 8.74085784e-01 6.86485946e-01
    2.18207240e-02 8.72100949e-01 2.00583994e-01 7.28627026e-01
    2.84632266e-01 4.55385089e-01 7.18822956e-01 1.95903748e-01
    9.35532808e-01 4.17168975e-01 6.47078991e-01 4.62716371e-01
    2.32859105e-01 7.81503320e-02 7.32805431e-02 8.62720251e-01
    4.75724638e-01 4.89261448e-01 8.60215127e-01 5.91477871e-01
    6.91152513e-01 2.06834674e-01 6.70641124e-01 7.18299866e-01
    3.97182375e-01 3.90427828e-01 3.50449085e-01 5.26804030e-01
    5.13071418e-02 1.51470006e-02 7.03864813e-01 8.77674341e-01
    3.50706547e-01 9.83856440e-01 5.20296633e-01 5.99321365e-01
    8.58453035e-01 7.84876406e-01 9.81197119e-01 8.26427579e-01
    5.88919520e-01 5.03788531e-01 7.89849162e-01 4.38059717e-01
    5.01818240e-01 5.67526996e-01 6.41077757e-01 7.78387249e-01
    9.88791108e-01 7.58501828e-01 4.68277037e-01 2.97755212e-01
    3.38001817e-01 1.50415957e-01 1.54965341e-01 1.54232204e-01
    7.08408356e-01 5.08480906e-01 7.58094788e-01 7.43468881e-01
    9.69733477e-01 8.77926171e-01 8.29686642e-01 1.52243495e-01
    6.90558255e-01 2.49569476e-01 9.15145993e-01 9.02604222e-01
    7.20790625e-01 2.61227131e-01 5.70723534e-01 1.22986615e-01
    3.03540528e-01 5.18246889e-01 6.00187480e-01 1.39342964e-01
    5.40063620e-01 7.67475367e-01 2.11070448e-01 5.44636011e-01
    7.47137249e-01 3.10892612e-01 2.74900317e-01 4.08012569e-01
    8.15093875e-01 3.20184052e-01 5.59134781e-02 8.46388936e-03
    4.61085081e-01 7.92800725e-01 6.06866598e-01 2.17381656e-01
    3.10606956e-01 4.18550432e-01 1.74386889e-01 8.92619073e-01
    8.66054296e-01 3.93154830e-01 1.34682357e-01 5.46255708e-03
    6.67285204e-01 4.32394147e-02 1.61894590e-01 9.33001757e-01
    4.45625246e-01 4.33804870e-01 6.48585558e-01 6.66088998e-01
    9.07447815e-01 2.60516465e-01 3.45737159e-01 3.33354831e-01
    1.99247152e-01 5.57953179e-01 6.94208205e-01 6.17975473e-01
    3.46597373e-01 6.02056623e-01 5.88078260e-01 1.03191584e-01
    1.68365240e-02 3.92160416e-01 6.95220470e-01 4.73113745e-01
    8.47223401e-01 7.50374317e-01 2.93892503e-01 1.76044375e-01
    3.21381390e-01 8.38916183e-01 1.92580909e-01 9.94294763e-01
    4.92825985e-01 2.13980198e-01 2.20267594e-01 3.77357244e-01
    4.79609668e-02 6.63875282e-01 7.94715166e-01 3.21256936e-01
    1.67805195e-01 7.61362553e-01 1.36054009e-01 4.63987768e-01
    3.03319424e-01 1.77270681e-01 5.55764496e-01 9.20032024e-01
    7.33084500e-01 2.94706404e-01 7.51517057e-01 7.20055223e-01
    8.66489589e-01 5.73061705e-01 4.22418475e-01 8.96227956e-02
    8.15657139e-01 3.37950766e-01 9.44377899e-01 1.96028352e-01
    6.81590736e-01 6.09393775e-01 2.19647884e-01 1.09803289e-01
    9.71228957e-01 7.31280684e-01 7.45490432e-01 9.27079082e-01
    6.47226453e-01 5.93772531e-01 8.14255774e-02 7.97340751e-01
    3.62196445e-01 4.34056044e-01 9.48061347e-02 5.33866644e-01
    6.42320275e-01 8.65964651e-01 3.23932797e-01 1.20728314e-01
    5.96621394e-01 6.44259930e-01 3.36213887e-01 5.68789184e-01
    9.45616484e-01 8.93335581e-01 8.61247599e-01 7.23994255e-01
    7.06159472e-01 2.54719377e-01 7.34152198e-01 5.74008942e-01
    5.98943591e-01 4.40184981e-01 7.39006162e-01 4.72291619e-01
    5.82868636e-01 4.70318079e-01 9.55813169e-01 4.44021940e-01
    2.82690346e-01 3.27393055e-01 6.16807401e-01 7.09990442e-01
    8.59112859e-01 7.84314215e-01 6.62644386e-01 8.25604796e-01
    4.66198713e-01 9.63046491e-01 3.25377434e-01 9.01627660e-01
    8.43358159e-01 4.53457862e-01 5.38770795e-01 9.90741551e-02
    5.44433475e-01 3.32595408e-02 1.56510890e-01 2.56367266e-01
    1.60275012e-01 7.92907953e-01 7.88786292e-01 8.81576896e-01
    7.56549656e-01 7.14941502e-01 1.84013486e-01 3.30623507e-01
    1.56512827e-01 8.32814336e-01 6.83662891e-02 1.52464747e-01
    8.78226995e-01 6.40201330e-01 8.70961189e-01 4.58129674e-01
    9.94867563e-01 5.63682318e-02 3.99408460e-01 6.90490365e-01
    3.48733246e-01 1.96651340e-01 7.97209442e-01 5.17003357e-01
    6.87502623e-01 6.21888995e-01 4.07269984e-01 2.44640440e-01
    2.47916162e-01 1.73917979e-01 2.11891770e-01 7.21221089e-01
    4.00152832e-01 4.29366231e-01 2.90980637e-01 7.69423604e-01
    1.84786588e-01 6.09223008e-01 5.91922641e-01 4.71030593e-01
    1.69472784e-01 1.81689620e-01 5.12363017e-01 6.40312910e-01
    6.56273067e-02 4.45011079e-01 4.54158038e-01 4.33577895e-01
    5.36222100e-01 7.61984706e-01 9.67675209e-01 2.33789265e-01
    2.95907557e-01 2.62001157e-03 9.97701406e-01 7.16216803e-01
    8.06318045e-01 2.86902785e-02 6.22753799e-01 3.91329169e-01
    7.31024563e-01 7.06465364e-01 8.22816133e-01 9.11331773e-01
    6.04372501e-01 8.81894112e-01 5.77619672e-01 9.08914566e-01
    5.12950063e-01 3.98500085e-01 2.68832147e-01 5.87014854e-02
    5.89443147e-01 9.08373535e-01 7.98151135e-01 1.44976676e-01
    4.04650152e-01 9.79450226e-01 6.50031626e-01 3.91381085e-02
    6.07537508e-01 1.34364843e-01 1.92751229e-01 6.00007653e-01
    7.40699172e-02 9.47099328e-01 3.00998837e-01 3.99342269e-01
    2.35610962e-01 9.31304872e-01 5.89869022e-02 1.00882202e-01
    9.28222358e-01 5.47645628e-01 3.07222068e-01 9.25016582e-01
    1.36942089e-01 1.75604939e-01 8.24037671e-01 8.36328387e-01
    5.39001882e-01 7.36964166e-01 5.94363809e-01 2.31352478e-01
    8.29527795e-01 2.36059427e-01 5.40875971e-01 2.87650138e-01
    2.45553970e-01 3.23981255e-01 8.83176327e-01 4.18354541e-01
    7.65252054e-01 1.47250086e-01 5.18695474e-01 8.61036181e-01
    3.50817978e-01 5.61042845e-01 2.34634042e-01 8.73663902e-01
    3.74917150e-01 4.09826875e-01 5.79285800e-01 5.95969260e-02
    1.44426793e-01 3.47612679e-01 2.38850474e-01 8.85859728e-02
    1.84532493e-01 5.60446203e-01 8.52504253e-01 2.27300525e-02
    7.06435144e-01 7.48995602e-01 8.07761848e-02 8.04451704e-02
    8.11855793e-01 1.33958966e-01 2.02398270e-01 8.88014555e-01
    1.94262594e-01 4.83896971e-01 7.24101365e-02 9.65383530e-01
    4.71000254e-01 8.02188754e-01 8.76935959e-01 1.50021881e-01
    2.44336814e-01 3.06419969e-01 4.57445681e-01 5.69437087e-01
    7.07516789e-01 1.43844336e-01 5.92161953e-01 3.05493772e-02
    5.21480262e-01 7.05465376e-02 4.15239483e-01 5.54973125e-01
    4.26445693e-01 6.55038297e-01 1.86885834e-01 5.10223210e-02
    2.33982146e-01 2.32057095e-01 3.59802395e-01 3.45896602e-01
    7.14356482e-01 2.38221854e-01 4.12894487e-01 1.07209891e-01
    5.65721273e-01 9.55843031e-02 5.72344065e-01 4.80782986e-01
    6.56038344e-01 4.05621588e-01 4.26634371e-01 3.32677066e-01
    6.44522607e-02 9.53904569e-01 4.87818390e-01 7.44446695e-01
    5.19036949e-01 7.85298944e-01 6.24175787e-01 1.73466533e-01
    5.20239234e-01 1.56574667e-01 1.20155573e-01 1.45112276e-02
    4.80277181e-01 6.06244683e-01 8.55675817e-01 3.05080950e-01
    2.11698234e-01 9.96885896e-01 5.51877856e-01 6.21655226e-01
    4.92794514e-02 2.29461700e-01 1.39606982e-01 1.59409463e-01
    5.38845658e-02 6.85009003e-01 9.76418376e-01 1.58178866e-01
    3.59649479e-01 9.21915948e-01 5.95077395e-01 7.06407666e-01
    2.20022500e-01 3.40526074e-01 3.27718854e-01 8.09091687e-01
    2.40532428e-01 5.76827765e-01 5.77779651e-01 8.26096892e-01
    6.10504568e-01 9.06566381e-02 7.05517769e-01 8.95212531e-01
    9.79345918e-01 7.90103972e-01 9.23250198e-01 7.12233186e-01
    4.55226809e-01 2.56429374e-01 6.03062391e-01 4.63037312e-01
    1.76185548e-01 5.73705018e-01 5.78713298e-01 8.53016853e-01
    5.62280655e-01 3.44287932e-01 5.72148681e-01 1.96010739e-01
    9.38715339e-01 1.23677433e-01 4.33564782e-01 1.94895238e-01
    9.09672618e-01 7.26197720e-01 9.11347032e-01 3.85415107e-01
    6.67068839e-01 6.45754337e-02 6.20054066e-01 7.39233136e-01
    5.22417963e-01 4.08200800e-01 2.95762658e-01 2.73024261e-01
    3.91092122e-01 2.12025642e-01 2.29576230e-02 9.56588149e-01
    7.57644713e-01 6.95939004e-01 3.40000272e-01 6.03247643e-01
    9.52905297e-01 9.74079072e-02 9.35214639e-01 7.88043201e-01
    7.32781172e-01 5.90902150e-01 7.41233349e-01 2.00315565e-01
    6.04941428e-01 6.50005639e-02 1.16368800e-01 3.33937049e-01
    7.94781625e-01 6.57556176e-01 1.48264617e-01 1.41320139e-01
    6.81375325e-01 4.44374382e-02 9.42526042e-01 1.97180003e-01
    3.52518320e-01 7.68786669e-01 5.49104035e-01 5.78538179e-01
    1.78730875e-01 4.98363763e-01 3.03661346e-01 5.95826268e-01
    4.99527305e-01 9.00506794e-01 1.61567807e-01 6.04528069e-01
    1.61534458e-01 6.01504922e-01 5.75717092e-01 9.66700912e-01
    7.91230321e-01 1.74578816e-01 2.78645754e-02 9.99782562e-01
    4.73746359e-01 6.12010479e-01 3.64643872e-01 3.43550473e-01
    4.02860492e-01 9.21746433e-01 5.41307926e-01 5.00515521e-01
    3.47286701e-01 8.86169910e-01 9.42130923e-01 7.61232972e-01
    6.85918570e-01 5.68371832e-01 2.78205931e-01 5.20279646e-01
    6.78731799e-01 1.55276120e-01 9.52723503e-01 7.69347668e-01
    7.68768132e-01 9.77113307e-01 2.48734444e-01 1.29655302e-01
    3.80048156e-01 9.70501542e-01 1.33489877e-01 6.45258307e-01
    3.63142431e-01 5.39804578e-01 5.30588984e-01 7.88889766e-01
    8.92046332e-01 4.67422992e-01 3.79239053e-01 7.59800613e-01
    2.78241485e-01 4.64174986e-01 8.34621251e-01 7.20569074e-01
    4.54635113e-01 5.92173815e-01 3.64390135e-01 5.93296885e-02
    8.29455733e-01 3.83734643e-01 3.43367577e-01 3.74992818e-01
    4.90650535e-02 3.85488391e-01 5.12290001e-02 3.89799148e-01
    4.31874335e-01 8.55299711e-01 3.56313884e-01 8.34619999e-03
    5.55558383e-01 6.28430605e-01 5.59628606e-01 7.96794176e-01
    4.68071729e-01 6.72229350e-01 5.62038124e-01 4.50384825e-01
    5.86242139e-01 4.87133652e-01 9.60628986e-01 2.78942525e-01
    1.74808502e-02 6.26515269e-01 3.18166137e-01 1.45682693e-01
    4.87581760e-01 6.95103645e-01 2.24286377e-01 6.33694649e-01
    5.38219094e-01 7.55534172e-02 4.66619134e-01 2.91374981e-01
    8.98771167e-01 3.41714203e-01 6.78736031e-01 4.72558051e-01
    1.05974972e-01 5.27234733e-01 9.46488500e-01 3.43309432e-01
    7.13835478e-01 3.91636491e-02 1.62481338e-01 7.46012628e-01
    2.50272393e-01 4.30532366e-01 7.98887610e-02 4.26886171e-01
    6.30311608e-01 2.32579648e-01 9.52445805e-01 3.12670648e-01
    5.61082780e-01 3.64106297e-02 3.33349347e-01 1.80864453e-01
    7.97174811e-01 8.81464601e-01 4.86903906e-01 1.88015521e-01
    2.31431395e-01 7.18701959e-01 8.87076616e-01 4.13466424e-01
    5.69970608e-01 4.33834732e-01 2.72159696e-01 9.83998179e-01
    3.80426645e-03 2.38638222e-02 3.99807751e-01 6.37183785e-01
    5.55028200e-01 9.15853679e-01 6.51853919e-01 7.00602233e-01
    7.68029690e-01 9.07896936e-01 2.12868482e-01 5.70156634e-01
    2.23719090e-01 1.73860431e-01 7.94725418e-01 8.26475918e-01
    1.87442929e-01 4.28805292e-01 4.50416505e-01 4.84378248e-01
    8.80319238e-01 6.94413781e-01 8.86485696e-01 6.63894176e-01
    9.74818826e-01 1.78229809e-02 2.81946898e-01 1.76635414e-01
    4.58345115e-02 7.33430088e-01 2.13325530e-01 4.90304828e-03
    8.70073557e-01 1.21248066e-01 9.05746460e-01 5.15972793e-01
    6.14042938e-01 6.42085910e-01 6.01912737e-01 5.47235250e-01
    6.19603455e-01 5.88948846e-01 1.26874506e-01 9.17585731e-01
    8.46290886e-01 2.50944674e-01 4.75498974e-01 2.51630664e-01
    7.42261350e-01 7.66407967e-01 9.03066874e-01 4.21731651e-01
    7.42134094e-01 5.96915185e-01 2.40155429e-01 5.73829174e-01
    6.15873575e-01 3.28950435e-01 7.90422916e-01 5.63174307e-01
    4.72097605e-01 4.59532231e-01 6.04861736e-01 5.92194200e-02
    6.29396439e-01 8.78854752e-01 7.86009789e-01 4.24063414e-01
    7.53869236e-01 8.68962944e-01 1.90577000e-01 7.55113125e-01
    8.76964092e-01 4.84716356e-01 9.55587149e-01 8.10494184e-01
    5.11719763e-01 2.17076182e-01 6.68852448e-01 5.29827118e-01
    7.24524260e-01 5.42376280e-01 6.22273803e-01 6.52118206e-01
    5.39262891e-01 5.78884780e-01 3.56127381e-01 8.01330328e-01
    2.76297897e-01 1.77083492e-01 2.28325129e-01 9.58989620e-01
    5.17282486e-02 4.90785569e-01 9.81256306e-01 3.84694695e-01
    5.74248493e-01 1.99391752e-01 7.21458673e-01 4.96179581e-01
    2.57123858e-01 7.04222262e-01 5.15448689e-01 6.51445270e-01
    5.83264112e-01 3.85204941e-01 7.50055909e-01 5.95045745e-01
    5.17760396e-01 6.24296427e-01 8.23551059e-01 4.67105329e-01
    3.52616012e-02 5.82572818e-01 6.71607137e-01 5.62104344e-01
    8.59926343e-02 3.01442742e-01 8.76178622e-01 8.92557263e-01
    2.68775582e-01 1.66340262e-01 5.91755211e-01 3.98078471e-01
    2.15018481e-01 4.64126319e-01 5.15013039e-01 6.72586799e-01
    4.65592861e-01 9.12852526e-01 7.57005513e-02 6.80708766e-01
    4.68042463e-01 9.25723195e-01 7.10331798e-01 5.89998305e-01
    6.71024323e-01 8.19861889e-05 7.90898561e-01 9.81148779e-01
    2.68237829e-01 3.01682085e-01 7.64220595e-01 9.58294034e-01
    3.57890069e-01 1.66955292e-01 2.57571518e-01 8.39674175e-02
    4.03406173e-01 8.57550859e-01 3.58262420e-01 1.60982281e-01
    8.83401036e-01 1.24690384e-01 3.01855206e-01 9.74673331e-01
    2.95311451e-01 4.51412916e-01 8.19537938e-02 7.83088386e-01
    3.92072827e-01 2.79942393e-01 3.87817323e-02 3.03755462e-01
    3.00099969e-01 5.57476699e-01 1.94977254e-01 2.17454642e-01
    4.39253867e-01 1.34210110e-01 4.28768277e-01 8.17140698e-01
    4.28627849e-01 6.05946779e-01 4.56330746e-01 5.60415208e-01
    3.31874371e-01 2.73475617e-01 9.29524064e-01 3.38226110e-01
    8.64602089e-01 8.70369315e-01 9.31477308e-01 4.19649214e-01
    1.31076604e-01 5.04508555e-01 4.91330922e-02 1.82433724e-01
    6.48146927e-01 4.21854377e-01 1.30526751e-01 8.02924335e-02
    3.42759013e-01 2.44679064e-01 1.48852140e-01 1.40835255e-01
    3.24696928e-01 3.19547772e-01 7.93033123e-01 8.53099227e-01
    5.97447872e-01 8.57560813e-01 4.85391319e-02 5.03364623e-01
    9.93146598e-01 6.96546018e-01 4.49891031e-01 4.35338050e-01
    7.32697725e-01 1.47015572e-01 2.24154174e-01 6.71389103e-02
    6.24700189e-02 5.53625464e-01 9.50057149e-01 3.86755168e-02
    2.37002879e-01 5.03319502e-01 5.26296377e-01 4.32199836e-02
    4.87653106e-01 3.41613919e-01 9.58593011e-01 2.36751467e-01
    9.36398625e-01 1.30892754e-01 9.36316133e-01 5.27334630e-01
    1.63570464e-01 1.88136190e-01 1.31144524e-02 4.75585669e-01
    6.46950603e-01 3.28345239e-01 1.59214705e-01 1.89016044e-01
    8.46566200e-01 1.43599749e-01 1.34263784e-01 7.47613728e-01
    7.79851079e-01 8.73722255e-01 9.46827531e-01 2.10437149e-01
    5.23450732e-01 2.37515360e-01 9.71093953e-01 2.10238039e-01
    7.56371379e-01 7.17737794e-01 3.79781812e-01 9.65902209e-01
    4.82034534e-01 7.30614781e-01 7.53879547e-01 3.06721658e-01
    2.64659852e-01 3.22582126e-01 5.34550846e-01 8.16441596e-01
    1.63918465e-01 9.28386331e-01 1.36767566e-01 8.28806043e-01
    5.12244701e-02 9.72099543e-01 6.88091516e-02 8.32789242e-02
    9.55034733e-01 6.51341081e-01 6.48963690e-01 3.53171349e-01
    6.95688963e-01 1.21807784e-01 2.38270164e-02 1.32310838e-01
    5.49920261e-01 3.93201530e-01 9.48411703e-01 1.96250170e-01
    5.51999509e-02 9.60647106e-01 8.29838634e-01 5.97511649e-01
    5.91289461e-01 9.70421553e-01 4.46145922e-01 1.52063996e-01
    6.54273152e-01 8.42492938e-01 1.56927049e-01 9.21815336e-02
    8.68663311e-01 2.24623978e-02 3.37864637e-01 3.53740871e-01
    4.11544323e-01 6.52566075e-01 7.78065085e-01 5.71473241e-02
    4.82937932e-01 1.57906115e-01 5.06341457e-01 9.62817252e-01
    8.64292979e-01 7.29134440e-01 5.18109739e-01 7.58390784e-01
    4.80867058e-01 9.33845401e-01 5.35990536e-01 7.85665989e-01
    2.66005993e-02 3.65308672e-01 8.63821149e-01 1.70709223e-01
    6.06790483e-01 6.03615940e-01 1.59363151e-01 6.92159891e-01
    6.47515833e-01 6.05202258e-01 2.01022685e-01 4.19070482e-01
    4.82016474e-01 5.09816468e-01 8.34347248e-01 3.72049332e-01
    8.66767764e-01 2.32901573e-02 1.92256451e-01 3.34784210e-01
    8.96058500e-01 1.81287587e-01 9.69367146e-01 3.05042297e-01
    9.61437821e-01 4.51976657e-02 9.88152683e-01 5.84657848e-01
    4.87586826e-01 4.40420449e-01 9.46522236e-01 1.67283088e-01
    6.53020918e-01 1.33825272e-01 3.38277519e-02 1.46864533e-01
    4.48574424e-01 5.23918569e-01 9.54110324e-01 8.78361344e-01
    6.71914160e-01 5.36664903e-01 6.33429527e-01 7.99747705e-01
    8.00355494e-01 3.99139822e-01 6.40245080e-02 3.53192270e-01
    8.26494753e-01 7.27901399e-01 5.16444385e-01 1.85908794e-01
    8.12626541e-01 7.73783922e-01 2.26592690e-01 6.24062300e-01
    3.45909119e-01 3.90948057e-01 3.21440399e-02 3.22994053e-01
    3.23297143e-01 6.19365931e-01 3.59167218e-01 6.95195615e-01
    7.63218403e-01 5.00326991e-01 5.07764578e-01 9.90577459e-01
    5.46681881e-01 8.12040329e-01 5.25921285e-02 2.22843021e-01
    5.25590539e-01 2.82397568e-02 7.98775792e-01 7.98532724e-01
    8.44969034e-01 2.72707433e-01 2.23995149e-02 1.72655314e-01
    5.47904432e-01 4.30365145e-01 7.42390037e-01 7.63785481e-01
    8.00470412e-02 2.93982238e-01 2.20800936e-02 8.23362470e-01
    8.50682259e-01 6.04867339e-01 5.27687371e-01 9.55701232e-01
    5.22467673e-01 9.40962136e-01 1.51710242e-01 4.78835255e-01
    4.11409318e-01 7.98545599e-01 6.78125024e-01 5.64965367e-01
    8.85755301e-01 3.86442631e-01 1.47510767e-02 8.27671170e-01
    1.09720290e-01 4.41372097e-02 8.08959246e-01 4.00305569e-01
    4.87365812e-01 1.11485720e-01 4.05834496e-01 2.53330886e-01
    9.39477086e-01 7.49754846e-01 6.91828430e-01 1.68348610e-01
    2.59972155e-01 8.62526774e-01 4.42510873e-01 2.15958089e-01
    5.39920211e-01 5.62470675e-01 2.53223091e-01 4.48534697e-01
    7.80710936e-01 4.71040815e-01 7.23943889e-01 7.19578266e-02
    7.31732309e-01 3.38338196e-01 2.33373344e-01 2.00334877e-01
    2.69126892e-03 3.73005390e-01 3.99020344e-01 9.60064054e-01
    2.15938479e-01 8.51643920e-01 8.79036665e-01 5.44476748e-01
    5.71778417e-03 3.72576714e-02 6.29439831e-01 2.33768940e-01
    6.86035395e-01 4.85749215e-01 4.22711492e-01 1.68398976e-01
    3.47668052e-01 4.08909261e-01 9.77903605e-01 8.94019485e-01
    9.71168697e-01 7.07550287e-01 2.33827323e-01 5.32439351e-01
    2.35603303e-01 1.20666444e-01 4.95676219e-01 4.06988025e-01
    4.64899421e-01 1.69866621e-01 6.51520610e-01 9.76558685e-01
    5.34220874e-01 3.15177083e-01 3.45372498e-01 2.67299891e-01
    6.13670230e-01 7.60357380e-01 8.41143370e-01 8.70362878e-01
    3.47085953e-01 4.92987990e-01 7.30086207e-01 4.85514760e-01
    2.38748729e-01 8.64130497e-01 2.70505846e-01 6.22410357e-01
    1.75230801e-02 1.76388711e-01 4.68606353e-01 8.58223438e-02
    1.99735433e-01 1.19755119e-01 3.85428965e-02 4.81180012e-01
    4.37085301e-01 6.29722536e-01 4.27938104e-02 9.41229701e-01
    9.42325175e-01 7.90160656e-01 6.01845980e-02 4.89616334e-01
    8.95680189e-02 7.84762383e-01 2.95418441e-01 8.22286010e-02
    6.08858466e-01 8.69287848e-01 2.01541334e-01 6.94964409e-01
    2.42886126e-01 6.23190165e-01 4.63738531e-01 6.59135699e-01
    6.65016890e-01 6.41196966e-02 3.99542272e-01 5.72491825e-01
    8.32513213e-01 9.32181478e-01 6.45904005e-01 5.62041342e-01
    7.94857025e-01 7.68595576e-01 3.05268645e-01 3.80383790e-01
    9.95298922e-02 8.51627111e-01 3.31222206e-01 9.91787314e-01
    5.38308799e-01 5.56139946e-01 6.02043688e-01 3.63157719e-01
    1.61989838e-01 7.65889645e-01 7.11336493e-01 3.32852781e-01
    4.93288249e-01 8.75345170e-02 7.38892019e-01 5.38176298e-01
    6.40886724e-02 9.42580342e-01 1.18806690e-01 5.94790041e-01
    3.75490904e-01 7.07269251e-01 8.32040191e-01 7.12015927e-02
    1.54362321e-02 2.28258580e-01 2.01214433e-01 8.42315853e-01
    5.49544394e-02 6.41059041e-01 9.29057240e-01 3.03172618e-01
    8.07206333e-02 6.26590848e-02 6.36637866e-01 6.55798793e-01
    9.76152360e-01 7.39117622e-01 4.95168507e-01 1.51874840e-01
    4.73877043e-01 3.91122937e-01 5.58378398e-02 6.55240774e-01
    8.50722671e-01 8.07871222e-01 3.65119815e-01 6.89417601e-01
    7.67216682e-01 7.14722991e-01 5.04166484e-01 5.77917993e-01
    6.56070769e-01 4.28313911e-02 8.70399475e-01 8.55873227e-02
    2.52696693e-01 1.11420065e-01 6.51377678e-01 3.73817056e-01
    1.52750760e-01 9.68819261e-02 7.97544122e-02 4.55319941e-01
    5.85093379e-01 9.47832346e-01 8.15477371e-01 8.74111176e-01
    1.77148670e-01 7.47765660e-01 6.63668156e-01 8.32087338e-01
    4.30207193e-01 2.30203778e-01 2.83011943e-01 7.71152556e-01
    2.76823044e-02 6.14283383e-01 1.56426191e-01 9.29346979e-02
    9.98206377e-01 8.12558651e-01 1.44414485e-01 8.86781514e-01
    1.14460826e-01 2.60907710e-01 5.21983325e-01 4.95606065e-02
    3.86925817e-01 3.83254081e-01 7.81563640e-01 4.87626433e-01
    5.88154674e-01 5.42256594e-01 7.24556565e-01 8.76784444e-01
    3.24463278e-01 5.43542027e-01 1.92412645e-01 2.02234894e-01
    5.32698810e-01 5.44192731e-01 1.65722966e-02 5.29506803e-03
    2.07423836e-01 5.47021925e-01 7.29115367e-01 6.39739752e-01
    6.15274906e-02 2.47699559e-01 8.05559039e-01 4.78534400e-01
    7.73530722e-01 1.61559433e-01 8.75263989e-01 2.00809985e-01
    3.15279603e-01 1.44862384e-01 4.25756037e-01 9.98200178e-02
    2.93827057e-01 4.62958306e-01 7.70714879e-03 1.74308121e-01
    3.14537317e-01 5.09483516e-01 1.85869634e-01 3.11110497e-01
    9.15099084e-02 3.38529646e-01 9.48637128e-01 7.65577018e-01
    6.62979662e-01 4.32620108e-01 4.26757157e-01 8.20768118e-01
    8.06314945e-01 5.67659736e-03 8.32741499e-01 1.34846121e-01
    8.79131436e-01 6.30126655e-01 1.72558576e-01 8.20793748e-01
    1.85370535e-01 7.48386741e-01 2.01916635e-01 8.02755117e-01
    5.98648310e-01 9.69107389e-01 4.30014431e-02 6.50154829e-01
    5.66451371e-01 1.39638096e-01 1.30330592e-01 2.71789551e-01
    4.25570786e-01 5.47540963e-01 5.97505569e-01 6.18340075e-02
    4.53381598e-01 9.70359147e-01 4.01121974e-01 2.99075663e-01
    5.88830471e-01 4.95213807e-01 7.31671214e-01 1.32044137e-01
    7.82149792e-01 1.60978258e-01 6.71965063e-01 5.13814688e-02
    7.07325399e-01 7.91906595e-01 8.26380610e-01 5.65193057e-01
    7.91647196e-01 9.85933781e-01 8.97452831e-01 9.95966792e-02
    6.49441183e-02 2.34604925e-01 3.15095603e-01 7.61873424e-01
    9.57294464e-01 8.95861030e-01 4.97413874e-02 9.79609728e-01
    4.81739342e-02 5.78376114e-01 9.70542669e-01 5.94526350e-01
    3.73224914e-02 9.57346499e-01 6.57886267e-01 9.70843077e-01
    5.40760458e-01 2.61553586e-01 1.94098502e-01 7.02456295e-01
    2.64316082e-01 4.94612157e-01 2.74152339e-01 2.67190039e-02
    6.77320421e-01 6.40671611e-01 8.11213255e-03 1.51488632e-01
    3.82002890e-02 5.20869374e-01 1.30401731e-01 2.17233121e-01
    7.56429493e-01 8.38538527e-01 3.69436830e-01 4.61621642e-01
    9.62952316e-01 7.40363240e-01 2.35114664e-01 5.47629595e-01
    5.40836036e-01 3.33735526e-01 8.10406208e-01 9.29629803e-01
    1.43728852e-01 8.61615062e-01 5.42269707e-01 8.52497697e-01
    1.14878416e-02 4.15352881e-02 7.09950089e-01 5.52236140e-01
    3.33466709e-01 3.94273132e-01 8.18536758e-01 7.11185575e-01
    8.40699077e-02 4.19661701e-01 7.57276714e-01 4.31260526e-01
    5.27121425e-01 4.14804459e-01 9.45060134e-01 1.48357004e-01
    8.12803268e-01 4.03572798e-01 5.33354580e-01 7.73119926e-03
    3.62488151e-01 6.61713362e-01 9.44105625e-01 1.47005290e-01
    2.63729304e-01 2.85757720e-01 7.94340849e-01 4.21364874e-01
    3.31984192e-01 7.45130420e-01 5.50301194e-01 4.87360597e-01
    6.83020711e-01 3.33393037e-01 3.29945028e-01 9.35170054e-01
    7.10168421e-01 7.01299429e-01 7.27424622e-01 6.50834203e-01
    9.64384079e-02 9.51836705e-01 2.35942304e-01 3.27034205e-01
    7.84236491e-02 4.34041470e-01 2.80880362e-01 5.44644475e-01
    2.44612187e-01 8.04396987e-01 2.94258326e-01 1.46173298e-01
    1.37480944e-01 1.95871770e-01 8.93789053e-01 3.34077656e-01
    3.14328164e-01 9.40387487e-01 1.88078284e-01 9.73916888e-01
    1.00896060e-01 5.35014272e-01 4.28588450e-01 1.22394532e-01
    4.90262091e-01 9.75310445e-01 5.48783958e-01 1.09856665e-01
    5.22635281e-02 5.56310534e-01 6.52995706e-01 1.37564689e-01
    5.12425840e-01 3.01281214e-01 5.83735704e-01 5.77322662e-01
    4.73799407e-01 7.53796160e-01 5.06763458e-02 8.93809497e-01
    4.87179548e-01 9.77275312e-01 7.85610080e-01 3.81424904e-01
    4.81269240e-01 3.11751366e-01 9.31391597e-01 7.32493699e-01
    5.02210617e-01 5.18556833e-02 1.25096709e-01 2.42015421e-02
    7.50661135e-01 2.46775538e-01 1.30585462e-01 4.36677992e-01
    1.89024657e-01 1.56759024e-02 6.27636194e-01 1.41474366e-01
    3.38887632e-01 1.72413021e-01 2.80723155e-01 9.01065528e-01
    4.21633780e-01 8.38392496e-01 9.57035005e-01 4.21529531e-01
    3.45720917e-01 3.21970105e-01 4.46959108e-01 9.00630713e-01
    6.30129576e-02 7.34280229e-01 6.95145845e-01 1.33227140e-01
    7.24238575e-01 2.96335280e-01 2.91454315e-01 6.90865874e-01
    7.31375992e-01 5.72316051e-01 8.75736594e-01 3.76383245e-01
    2.68000543e-01 9.38626885e-01 3.51369798e-01 9.04498458e-01
    6.29942298e-01 7.78288305e-01 7.41101682e-01 4.81218994e-01
    8.02958012e-02 7.94310927e-01 3.45051885e-01 1.68929696e-02
    6.24074757e-01 4.34115827e-02 2.54451931e-02 8.56216788e-01
    6.15541101e-01 2.17351645e-01 1.97679877e-01 2.80537009e-01
    8.33615541e-01 6.72947466e-01 8.18214417e-01 2.39443779e-02
    3.41138870e-01 9.66785252e-02 6.68925643e-02 1.62902564e-01
    5.99201202e-01 8.27466130e-01 6.38835907e-01 4.78532165e-01
    2.66104609e-01 2.15579540e-01 3.44523430e-01 1.29491627e-01
    5.78646421e-01 1.84188694e-01 6.07959092e-01 6.14563525e-01
    3.12393248e-01 9.72104073e-01 2.92796046e-01 4.52105492e-01
    8.82488728e-01 8.98496151e-01 8.34349632e-01 6.57164335e-01
    4.19175327e-02 1.66156113e-01 6.68769240e-01 3.73013496e-01
    2.95911729e-01 1.04578763e-01 3.34075689e-01 2.87872970e-01
    7.76747823e-01 3.89480084e-01 8.26501846e-01 4.77201641e-02
    8.35253000e-01 7.14048266e-01 8.95240724e-01 5.31397581e-01
    3.84127825e-01 5.31908691e-01 7.41340220e-02 9.13587809e-02
    7.00014114e-01 4.38081861e-01 7.93624878e-01 6.07428670e-01
    4.33168322e-01 5.40110469e-02 6.60558045e-02 7.26201236e-01
    9.75183249e-01 4.23537999e-01 8.82255435e-02 9.75265622e-01
    2.03585625e-01 2.97276676e-02 6.32324815e-01 4.69596356e-01
    4.84694809e-01 8.68995786e-01 4.21791524e-01 3.36099267e-01
    2.97552705e-01 8.82441521e-01 4.30171818e-01 8.38957489e-01
    2.53047585e-01 3.88377905e-02 6.95236087e-01 3.61710578e-01
    4.50629294e-02 3.92732888e-01 7.85259724e-01 8.16552043e-01
    6.12045944e-01 3.88755947e-01 1.82278663e-01 6.50133193e-01
    2.73814380e-01 3.81842583e-01 4.71575856e-02 7.19032526e-01
    1.96734995e-01 4.56549793e-01 3.54108512e-01 7.84349442e-01
    5.69369256e-01 4.95671004e-01 9.96975064e-01 9.08630490e-02
    3.86204362e-01 2.60713547e-01 6.36947393e-01 2.31705904e-02
    5.46378672e-01 8.80168200e-01 1.99749887e-01 8.74352455e-01
    7.97460973e-01 5.20045221e-01 2.65088975e-01 3.74046952e-01
    4.27788794e-01 8.24194908e-01 6.58455908e-01 2.29996800e-01
    7.85616338e-01 4.13035154e-01 5.01223207e-01 6.82800710e-02
    7.60512114e-01 7.27360845e-01 8.94074559e-01 8.21368933e-01
    4.80933070e-01 5.43680787e-03 4.91946995e-01 1.28795207e-01
    1.91041291e-01 4.84366328e-01 3.81018370e-01 6.73357069e-01
    3.14994782e-01 5.87072372e-02 1.04127973e-01 1.04969651e-01
    4.25324678e-01 6.58802688e-01 8.36196899e-01 4.05145556e-01
    8.62680376e-01 3.30178589e-01 6.87821209e-01 7.04230070e-01
    7.62362361e-01 4.38850045e-01 1.39638573e-01 6.22703969e-01
    5.30780911e-01 4.00199950e-01 7.64439344e-01 1.84674293e-01
    6.62391484e-01 8.95843267e-01 7.33223200e-01 1.75461352e-01
    3.75472248e-01 3.77661139e-01 1.56808048e-01 9.92612004e-01
    1.41660571e-02 9.02199507e-01 1.19507343e-01 7.28717983e-01
    2.93451577e-01 6.18437886e-01 9.68152642e-01 3.52474093e-01
    6.12498343e-01 1.67572916e-01 9.43530917e-01 2.66755521e-01
    1.51337326e-01 3.52131784e-01 6.75687313e-01 3.72852355e-01
    7.51180291e-01 4.35435236e-01 3.80031258e-01 9.49214697e-01
    1.01283103e-01 8.79666090e-01 2.78344512e-01 2.00197607e-01
    2.33752429e-02 3.15760076e-02 4.74925041e-01 5.48525810e-01
    7.34044075e-01 9.77390289e-01 1.09220505e-01 2.10132897e-02
    7.98531890e-01 4.39253926e-01 9.73774195e-02 9.40595329e-01
    9.50251818e-01 6.38172269e-01 9.63492095e-02 3.09213609e-01
    7.98294663e-01 9.51472640e-01 6.98160708e-01 7.83746600e-01
    7.78456569e-01 6.08526230e-01 5.72330654e-02 4.37043577e-01
    4.70510632e-01 8.84611905e-01 5.19732952e-01 9.03585076e-01
    6.75066590e-01 8.93243074e-01 8.57734382e-01 7.23763943e-01
    6.55671060e-01 5.36049426e-01 2.78231800e-02 2.36575991e-01
    5.45119047e-02 6.20410860e-01 7.40052164e-01 5.01213908e-01
    7.30072260e-01 4.93363917e-01 2.60803670e-01 6.03427529e-01
    5.77143133e-02 1.71972692e-01 2.20053375e-01 5.04271209e-01
    7.76092529e-01 4.02715683e-01 9.97572005e-01 3.08213413e-01
    3.44750524e-01 3.83597493e-01 6.19506001e-01 6.23758376e-01
    3.37944090e-01 4.50493187e-01 5.46381235e-01 7.01304913e-01
    5.91852248e-01 7.72794187e-01 2.85771549e-01 7.65296102e-01
    8.13048363e-01 9.09184277e-01 4.53877836e-01 2.56810069e-01
    1.76472127e-01 1.92178756e-01 3.06962729e-01 6.13832116e-01
    8.42336655e-01 8.10647964e-01 5.29546380e-01 5.86076617e-01
    2.97349870e-01 8.86538982e-01 6.36568069e-02 4.72996235e-02
    4.23501670e-01 2.74549574e-01 3.22140455e-02 5.44394851e-02
    5.20302415e-01 8.08583260e-01 5.45297682e-01 6.87125027e-01
    3.74025941e-01 4.36498344e-01 5.07786453e-01 6.74566150e-01
    3.79211187e-01 5.46030700e-02 4.52276468e-02 2.01171130e-01
    3.54524910e-01 1.23969048e-01 4.54723358e-01 5.01276731e-01
    3.95396352e-01 9.55167413e-02 4.72399294e-01 4.08651143e-01
    1.78662360e-01 6.20196581e-01 9.36576128e-01 1.17920309e-01
    7.90630043e-01 8.14739347e-01 4.25407737e-01 7.19045341e-01
    4.66823310e-01 6.63568318e-01 6.08687043e-01 8.93842101e-01
    3.14123333e-01 1.33156925e-01 9.17698860e-01 2.89130032e-01
    1.48401171e-01 9.87130702e-01 5.22531390e-01 4.80119735e-01
    6.88304603e-01 5.01279235e-01 6.57919168e-01 8.72749567e-01
    6.49673343e-01 1.89208597e-01 1.80400640e-01 9.80588198e-01
    3.47868323e-01 2.08419383e-01 1.66437626e-02 8.62875700e-01
    9.59236026e-01 6.95294678e-01 5.93359709e-01 4.93262440e-01
    3.67461085e-01 9.45349097e-01 1.28597587e-01 3.62001449e-01
    2.31110007e-01 6.79642558e-01 6.12524927e-01 7.03333497e-01
    3.66859198e-01 3.17299336e-01 7.66894221e-01 3.60103846e-01
    4.58428860e-01 5.62584162e-01 3.70457053e-01 5.32177985e-02
    3.27921033e-01 7.38971949e-01 8.43164802e-01 6.95145786e-01
    5.37635326e-01 2.46190310e-01 5.10486782e-01 2.32345402e-01
    6.87499166e-01 7.56116211e-02 9.13771212e-01 9.27702487e-02
    9.54576612e-01 1.98703259e-01 6.73530161e-01 3.35104227e-01
    6.00403786e-01 9.43459809e-01 2.60800302e-01 2.02294499e-01
    7.19457030e-01 4.86247182e-01 1.30708545e-01 5.17575324e-01
    6.94379210e-01 2.89243311e-01 3.24721366e-01 7.70186067e-01
    5.74890137e-01 5.54141879e-01 5.15357673e-01 9.25930500e-01
    7.42586255e-01 5.38917780e-01 6.67794228e-01 3.83503258e-01
    1.66487604e-01 7.82485008e-01 8.16892445e-01 4.99620259e-01
    3.76622200e-01 6.49312139e-03 2.03742951e-01 3.66089940e-02
    7.73227930e-01 6.33921802e-01 8.74073803e-02 6.72640562e-01
    4.78125036e-01 5.18356621e-01 3.37014824e-01 3.07720900e-02
    2.66983390e-01 2.24066347e-01 3.36888313e-01 7.17992723e-01
    8.88593793e-01 3.64288092e-02 5.63465536e-01 5.98031104e-01
    6.08525276e-02 8.13141823e-01 7.74823785e-01 9.27425623e-02
    2.89851308e-01 9.50568795e-01 6.46542192e-01 5.90721428e-01
    9.46292162e-01 1.00282073e-01 8.68904114e-01 5.02455771e-01
    5.49739063e-01 4.86614376e-01 7.31536150e-01 4.47199404e-01
    8.79940748e-01 1.54178262e-01 1.17623389e-01 1.63827300e-01
    7.81864762e-01 1.78472698e-01 1.94622159e-01 8.94755960e-01
    6.83809519e-01 1.07946634e-01 1.96199059e-01 1.30907565e-01
    5.18617630e-02 3.22904408e-01 7.32569098e-01 9.50735569e-01
    9.64061260e-01 4.54825968e-01 1.74201578e-01 5.77530384e-01
    7.35040545e-01 2.21742809e-01 9.23854232e-01 2.96958804e-01
    4.39696014e-02 2.70453155e-01 7.00030327e-01 6.88426197e-01
    7.09533572e-01 1.89914644e-01 5.14284313e-01 4.90522802e-01
    7.59589076e-02 3.33197415e-01 2.84132421e-01 8.36377144e-01
    4.12240982e-01 3.10463756e-01 4.62029040e-01 4.97020543e-01
    3.43554735e-01 2.04700738e-01 4.60107625e-01 1.16246402e-01
    7.59131014e-02 3.81675065e-01 9.00258482e-01 8.26487660e-01
    7.97416866e-01 2.17007846e-01 6.73127830e-01 7.15169311e-01
    2.64262676e-01 1.42805278e-02 7.50859141e-01 8.98644567e-01
    6.05797589e-01 4.91997987e-01 5.37691772e-01 7.42409050e-01
    5.80633223e-01 6.16838038e-01 4.66108918e-01 6.20585561e-01
    2.64352679e-01 5.01896381e-01 6.97565377e-02 2.14064509e-01
    8.63534272e-01 7.26637721e-01 8.99781346e-01 9.91733611e-01
    5.39327025e-01 1.46123320e-01 8.18929672e-01 4.12613541e-01
    8.95121694e-03 2.87087858e-01 3.91374826e-02 4.74035800e-01
    9.29040909e-01 9.07109380e-01 4.93376464e-01 5.52657187e-01
    2.39035785e-02 8.10671508e-01 2.10449398e-02 7.14047790e-01
    1.55132204e-01 9.61746871e-01 6.69675589e-01 7.99664438e-01
    6.32545233e-01 6.12444997e-01 7.43873060e-01 4.15814340e-01
    9.02230501e-01 7.52106667e-01 3.44962001e-01 1.61715239e-01
    6.97719455e-01 3.01836550e-01 1.81409031e-01 7.97410011e-01
    5.96664250e-02 7.29557633e-01 8.49565744e-01 9.22767282e-01
    3.36672843e-01 3.06921422e-01 9.51729417e-01 9.07868803e-01
    8.86190414e-01 7.81640887e-01 7.56915689e-01 8.88919652e-01
    6.41010404e-01 4.48517263e-01 9.13331270e-01 4.00942475e-01
    2.18025655e-01 9.05201614e-01 8.93437505e-01 7.11278617e-02
    1.21409655e-01 2.66927093e-01 9.34928954e-01 6.93294406e-01
    6.79253936e-01 7.98800528e-01 8.54786098e-01 4.02295232e-01
    4.31564152e-02 8.43804359e-01 3.73456955e-01 2.83201039e-01
    6.50805831e-01 3.81076366e-01 6.93822801e-01 3.63960862e-02
    7.74580538e-01 1.05914265e-01 1.50596261e-01 5.10301769e-01
    4.80311543e-01 5.91025412e-01 9.36487734e-01 2.83140540e-01
    1.17336839e-01 2.90067255e-01 8.05616200e-01 3.26794088e-02
    1.64067149e-02 5.41544557e-01 7.65721619e-01 3.52874935e-01
    6.80058241e-01 8.05524230e-01 5.49053252e-02 7.01356292e-01
    9.73363876e-01 4.11270738e-01 9.59945679e-01 7.85179496e-01
    9.43105221e-02 3.43894929e-01 7.77267933e-01 2.89673924e-01
    9.55968559e-01 6.81475282e-01 5.86758733e-01 6.73852861e-01
    6.67986393e-01 5.77444315e-01 7.97439218e-01 8.23361576e-01
    9.20105219e-01 8.73786628e-01 9.21492577e-01 7.79529512e-01
    5.11696219e-01 7.80103028e-01 8.73457670e-01 4.68572617e-01
    3.44158351e-01 8.23352754e-01 8.35683823e-01 4.28100973e-01
    5.28157175e-01 4.94140387e-01 4.64151204e-01 8.26977134e-01
    6.46600544e-01 8.78137827e-01 8.55761349e-01 9.76054430e-01
    8.57791007e-02 4.16471452e-01 9.53396499e-01 2.15498745e-01
    9.26892996e-01 5.39881766e-01 6.96751654e-01 6.71245158e-02
    7.55107224e-01 6.72324538e-01 9.91631567e-01 2.98592806e-01
    2.54396975e-01 7.26129711e-02 5.54512858e-01 7.27923989e-01
    6.40304387e-02 7.01722503e-01 2.69128203e-01 8.45218420e-01
    5.27869284e-01 6.67818844e-01 3.57088298e-01 4.70004320e-01
    7.98570156e-01 7.48191655e-01 8.97628784e-01 6.67845011e-02
    2.15494394e-01 3.26413989e-01 4.83320534e-01 3.10771734e-01
    9.96664643e-01 3.22998017e-01 7.26343155e-01 7.69765496e-01
    1.40260488e-01 9.40343499e-01 6.79157495e-01 6.26180410e-01
    4.32584256e-01 4.56685156e-01 8.62075329e-01 6.19414151e-02
    2.57481992e-01 4.11249518e-01 6.34517908e-01 9.71088171e-01
    3.36609840e-01 5.12195170e-01 9.01021838e-01 2.12221563e-01
    6.07616365e-01 2.46970624e-01 5.83955646e-01 3.42402816e-01
    3.77587229e-01 3.99413377e-01 1.26563787e-01 6.95220530e-01
    4.90108758e-01 2.64186263e-01 3.36186051e-01 2.93489575e-01
    8.42360795e-01 4.74518359e-01 7.72656202e-01 5.72150111e-01
    3.08324516e-01 7.07459569e-01 6.42109871e-01 5.93758106e-01
    7.67060578e-01 8.43061686e-01 4.93601769e-01 2.86575019e-01
    3.89195561e-01 1.66604549e-01 7.41030335e-01 4.42345142e-01
    8.45847726e-01 6.62804186e-01 7.72751272e-01 8.69023204e-01
    2.04397321e-01 9.00644541e-01 3.32046509e-01 2.32302219e-01
    9.73250628e-01 5.06985188e-01 6.46178722e-01 1.18747950e-01
    4.75034714e-01 4.38311100e-02 4.95723218e-01 2.36552417e-01
    1.56519413e-01 4.35719311e-01 5.54200709e-01 4.92622137e-01
    7.06351876e-01 3.61753702e-01 2.59936392e-01 1.53984606e-01
    7.45031476e-01 6.00385189e-01 9.28986967e-02 4.51362431e-01
    8.60768557e-01 1.44213885e-01 4.49804962e-02 6.84256673e-01
    1.19188786e-01 7.38391519e-01 7.34134674e-01 1.56993538e-01
    3.71473372e-01 9.97482419e-01 3.85060906e-03 9.48911905e-02
    6.32008195e-01 3.44718993e-01 5.91425061e-01 3.01130831e-01
    1.29107535e-02 7.87527323e-01 3.30896854e-01 9.24346805e-01
    7.26321340e-03 6.09346986e-01 1.68230981e-01 5.01304984e-01
    5.44902802e-01 8.23218703e-01 9.57472086e-01 4.85704958e-01
    8.68855834e-01 2.58290052e-01 5.21348357e-01 5.54247856e-01
    9.15711045e-01 3.16113412e-01 6.44551516e-01 2.53507435e-01
    8.80370557e-01 5.36611259e-01 8.37686300e-01 3.50704014e-01
    2.09220886e-01 5.63373566e-01 1.98323786e-01 2.50935376e-01
    2.19443768e-01 7.78427780e-01 7.37987220e-01 2.61265218e-01
    5.05480468e-01 4.70543563e-01 4.50560063e-01 2.76425540e-01
    9.31556582e-01 9.46985006e-01 9.23365414e-01 9.98234808e-01
    2.72504210e-01 8.99322808e-01 7.87581205e-01 7.23863006e-01
    6.22571409e-01 6.36516035e-01 3.29711437e-02 6.95704341e-01
    3.60942513e-01 4.38616872e-02 9.22576785e-01 8.52512896e-01
    2.43660301e-01 7.62787819e-01 4.87324506e-01 5.69921494e-01
    1.76803946e-01 5.49261451e-01 9.89763498e-01 8.72216344e-01
    9.29727495e-01 9.38026249e-01 8.79817247e-01 2.92495012e-01
    1.65506840e-01 6.91632152e-01 9.69433665e-01 4.66195643e-01
    5.92458606e-01 7.32953370e-01 2.46127307e-01 4.20064032e-02
    7.80436397e-03 6.69701397e-01 1.49461567e-01 6.75155759e-01
    4.62529540e-01 2.32499748e-01 1.46496981e-01 8.47107410e-01
    2.36333340e-01 7.90606618e-01 6.80044711e-01 2.23372281e-02
    1.49658322e-03 1.46558434e-01 5.10143518e-01 1.15493655e-01
    8.18488121e-01 7.30310082e-01 3.23557377e-01 5.41486442e-01
    5.55209219e-01 5.25455713e-01 6.63787305e-01 1.56881332e-01
    1.86239719e-01 7.73715734e-01 4.16987598e-01 9.36733961e-01
    8.76124799e-02 3.07414114e-01 1.69931412e-01 7.36250997e-01
    7.04283118e-01 5.41139007e-01 4.82308120e-01 3.69931757e-01
    4.39129591e-01 4.20727313e-01 7.83169270e-01 5.49727976e-02
    7.24234164e-01 9.29969490e-01 5.53876996e-01 9.25838053e-01
    3.22680980e-01 4.95432377e-01 9.85414863e-01 5.67028761e-01
    4.66958940e-01 9.10305083e-01 5.96192360e-01 4.53543246e-01
    8.33844244e-02 2.85412401e-01 7.86975145e-01 6.91891491e-01
    4.13426131e-01 9.09558535e-01 5.04849553e-02 8.03611875e-01
    9.79828000e-01 7.21916378e-01 5.80566585e-01 1.62082613e-02
    3.39662462e-01 6.41619682e-01 9.63472188e-01 2.54883647e-01
    4.91809845e-02 5.27564943e-01 2.29918450e-01 5.74969590e-01
    6.67702854e-01 6.87968433e-01 3.72869402e-01 5.47827005e-01
    7.46074080e-01 8.76389563e-01 7.52452374e-01 4.56986636e-01
    3.45528394e-01 8.03624511e-01 3.14024687e-02 3.57966483e-01
    4.27157551e-01 6.70006216e-01 7.18399823e-01 2.02796727e-01
    5.73492408e-01 3.05420339e-01 4.95238245e-01 5.79199791e-01
    3.34315956e-01 1.76182657e-01 8.96954060e-01 7.76630223e-01
    9.43382025e-01 3.10548425e-01 9.43538129e-01 4.53111470e-01
    2.56364882e-01 7.54338980e-01 1.99541003e-01 1.41860962e-01
    8.29001307e-01 7.80063212e-01 6.29622519e-01 9.21863675e-01
    9.49581921e-01 7.23888397e-01 7.43906558e-01 7.68054485e-01
    7.20156729e-02 3.16721290e-01 5.70743263e-01 2.52503902e-01
    9.15600538e-01 7.84206569e-01 4.52004254e-01 2.27945536e-01
    8.08267713e-01 5.28612554e-01 8.38616908e-01 6.84476733e-01
    6.55989587e-01 6.05371416e-01 9.74035025e-01 5.34479618e-01
    2.88354814e-01 2.77854323e-01 8.32923055e-02 1.07790083e-01
    9.46312845e-01 4.60717976e-01 3.63731384e-02 3.82582247e-02
    4.44660544e-01 9.59983826e-01 1.63605392e-01 3.66366208e-02
    2.56277531e-01 9.69255030e-01 4.24179554e-01 1.48915172e-01
    3.07229996e-01 6.20567381e-01 4.10409272e-01 4.68449414e-01
    1.25950038e-01 4.16091710e-01 8.34890068e-01 1.09492540e-02
    6.04753196e-01 6.11107111e-01 7.91484118e-01 6.74786150e-01
    1.68568015e-01 2.23752320e-01 8.86770785e-01 6.21166527e-01
    5.03175676e-01 8.22387278e-01 4.04439270e-01 2.17635930e-01
    7.32877374e-01 8.24265599e-01 7.98831344e-01 9.43937063e-01
    8.40479255e-01 9.30354416e-01 5.79010010e-01 5.00503182e-01
    8.89360189e-01 3.78766447e-01 6.36638463e-01 3.17919850e-01
    2.34811604e-01 2.82044709e-01 8.85827899e-01 4.54679519e-01
    7.32935429e-01 4.05068129e-01 5.16703486e-01 3.32770884e-01
    2.46739745e-01 1.89981878e-01 7.89201736e-01 4.35298294e-01
    8.78270090e-01 1.75790578e-01 9.51513410e-01 2.20052719e-01
    8.41382086e-01 9.72023368e-01 4.84736711e-01 1.80236757e-01
    9.31554317e-01 5.36236584e-01 2.60138184e-01 7.72828996e-01
    1.72394514e-01 3.96222502e-01 6.73609078e-01 6.88060105e-01
    5.00533938e-01 2.73410141e-01 3.77873778e-02 3.54360014e-01
    6.91177666e-01 2.52877951e-01 8.73291194e-02 1.99150801e-01
    4.89909142e-01 1.90045893e-01 7.10478604e-01 2.10152239e-01
    6.50336802e-01 8.77145946e-01 8.89718533e-03 7.66840100e-01
    2.96965063e-01 5.86736023e-01 4.78302032e-01 5.15636027e-01
    7.13337302e-01 3.07993889e-02 3.68762851e-01 2.49249518e-01
    8.85599613e-01 3.36783767e-01 9.70869541e-01 4.36528444e-01
    4.29891765e-01 4.88188475e-01 3.71271551e-01 9.87462282e-01
    4.70578641e-01 2.38456756e-01 5.63711464e-01 4.73023355e-02
    1.12538010e-01 7.73878753e-01 9.08493757e-01 5.16013741e-01
    2.36126304e-01 2.01042026e-01 1.04819119e-01 4.95789737e-01
    3.51626277e-01 2.82634616e-01 6.96869254e-01 7.31935084e-01
    6.28195524e-01 8.12616229e-01 7.64033318e-01 2.07031369e-02
    2.24093199e-02 5.99401593e-01 1.73246264e-02 2.08919406e-01
    6.11240864e-01 9.12050128e-01 9.31271911e-01 3.97054702e-01
    8.94002199e-01 5.76193511e-01 9.03928876e-01 8.57367873e-01
    1.82909936e-01 1.25357360e-01 7.46107399e-01 4.80206281e-01
    7.59296060e-01 3.97441268e-01 6.58755004e-01 8.44980419e-01
    9.16239262e-01 1.77415520e-01 3.74613643e-01 1.44825995e-01
    6.25292838e-01 2.53509581e-01 5.93777120e-01 7.27166533e-02
    6.83302701e-01 1.68703824e-01 7.02754319e-01 2.09232569e-02
    9.13884163e-01 5.86263120e-01 9.11180496e-01 7.07309484e-01
    1.84703112e-01 3.23992848e-01 9.83334124e-01 9.75003600e-01
    8.46812725e-02 4.49141264e-01 6.71371341e-01 4.20939147e-01
    4.20386910e-01 3.61124992e-01 1.54599756e-01 4.01623130e-01
    7.95202136e-01 8.52780879e-01 3.81685764e-01 7.36634076e-01
    8.37100446e-02 1.34344399e-01 8.16181064e-01 3.74728769e-01
    2.23884016e-01 5.32586813e-01 1.64040893e-01 5.98457217e-01
    6.46005750e-01 7.18403697e-01 9.39399481e-01 5.80154777e-01
    4.92775708e-01 2.30805546e-01 6.16330326e-01 2.39084929e-01
    6.37746871e-01 9.45243478e-01 8.17062855e-01 1.69711083e-01
    5.63696802e-01 1.62000835e-01 5.80903053e-01 2.94798732e-01
    7.47021198e-01 4.35993850e-01 4.15601343e-01 7.26762593e-01
    3.17612708e-01 2.91349024e-01 8.03186595e-01 7.06049681e-01
    6.10566378e-01 6.18795693e-01 9.53775465e-01 2.28493333e-01
    3.64530772e-01 1.72842473e-01 8.80592763e-02 4.62735653e-01
    8.81822944e-01 7.38708973e-01 5.79781830e-01 9.45044458e-01
    5.50957978e-01 5.87436616e-01 9.51576591e-01 2.28571922e-01
    4.65485036e-01 2.00838536e-01 1.56627357e-01 8.62258077e-02
    9.63499308e-01 6.15491450e-01 4.93746728e-01 6.04567468e-01
    4.52696830e-01 6.13122582e-01 4.00620639e-01 5.59266329e-01
    2.67501563e-01 2.29764074e-01 4.51214045e-01 8.24524045e-01
    1.67774469e-01 3.96381855e-01 3.37510228e-01 3.04458559e-01
    4.61765468e-01 3.10159564e-01 1.60269082e-01 6.94237471e-01
    8.97221088e-01 7.61892676e-01 9.53773141e-01 1.64237350e-01
    4.45300162e-01 1.00089222e-01 1.35416508e-01 1.39197111e-01
    8.07674348e-01 5.96346915e-01 3.05520654e-01 5.71672916e-01
    1.91754997e-02 6.02131546e-01 5.09346247e-01 4.12214398e-01
    7.72165179e-01 3.52352262e-01 2.56661683e-01 3.92912626e-01
    9.14435625e-01 2.41040766e-01 9.25029278e-01 5.12466073e-01
    1.08070821e-01 3.10671210e-01 7.13224590e-01 6.07711315e-01
    7.73836613e-01 7.57923365e-01 8.70168209e-03 4.47041154e-01
    6.66679382e-01 6.64491355e-01 9.72738028e-01 6.98033869e-02
    7.14113712e-01 9.32375550e-01 7.34195530e-01 7.54093885e-01
    5.10612905e-01 5.62789083e-01 9.29196835e-01 9.08127546e-01
    8.71583581e-01 9.09510255e-01 9.67699647e-01 6.51953280e-01
    8.12520325e-01 1.76030219e-01 8.37763131e-01 4.07441765e-01
    1.73288792e-01 5.27432501e-01 6.25607133e-01 2.75799096e-01
    6.50641561e-01 6.40833259e-01 5.46139359e-01 1.31871909e-01
    9.37710524e-01 3.01022708e-01 7.67338514e-01 3.49788785e-01
    7.52317607e-02 5.39272666e-01 6.84576750e-01 7.84942269e-01
    9.03269887e-01 6.58416986e-01 4.32576835e-02 5.91978610e-01
    8.78177285e-01 8.64688158e-01 1.79138392e-01 3.46170604e-01
    9.29271221e-01 6.19553924e-01 1.79921389e-02 6.49613738e-02
    4.73715782e-01 1.40396029e-01 2.81657308e-01 9.11088705e-01
    2.55033195e-01 2.09628969e-01 2.97758877e-02 6.16156399e-01
    1.80442631e-02 8.95705342e-01 6.35689437e-01 9.05839384e-01
    4.59611624e-01 8.95849109e-01 5.60276270e-01 9.20678377e-01
    1.00826889e-01 4.70935494e-01 3.03743243e-01 5.34854054e-01
    3.67307365e-01 9.58231628e-01 2.15789407e-01 1.96170300e-01
    6.44957244e-01 6.93937540e-02 4.87531096e-01 9.75874722e-01
    2.91910946e-01 3.71268272e-01 2.70371675e-01 7.54076123e-01
    2.17328548e-01 5.35841405e-01 5.86561084e-01 6.88544393e-01
    9.63541985e-01 2.12180823e-01 1.86650842e-01 7.76066780e-02
    8.96120429e-01 8.27393115e-01 6.12015665e-01 2.22269624e-01
    7.14622378e-01 7.75608897e-01 3.27354014e-01 9.15549636e-01
    8.86673570e-01 6.63633227e-01 8.67607236e-01 1.80711150e-01
    2.34354198e-01 9.99533594e-01 7.32870638e-01 1.78497106e-01
    8.73788238e-01 1.90504402e-01 6.02906048e-01 8.43773246e-01
    9.99574184e-01 5.81426740e-01 6.84704065e-01 2.26838499e-01
    6.92178965e-01 6.73324049e-01 3.82347882e-01 2.93022215e-01
    7.20748603e-01 5.07095158e-02 8.35623145e-01 5.54430902e-01
    7.67401576e-01 2.92371273e-01 4.54548240e-01 2.01597214e-02
    5.50750017e-01 4.01821077e-01 4.45833534e-01 9.62952375e-01
    6.48422539e-02 9.75494206e-01 6.26828015e-01 6.73355818e-01
    9.90930617e-01 5.27092040e-01 6.13729239e-01 4.18418765e-01
    7.22942591e-01 9.28394020e-01 7.67978311e-01 1.18604481e-01
    7.58738458e-01 9.16621089e-03 8.83922398e-01 8.07725668e-01
    5.09734869e-01 8.13597381e-01 1.69269741e-02 1.25085026e-01
    1.87879890e-01 9.40661430e-01 7.20766008e-01 5.85710227e-01
    3.93150568e-01 7.02827334e-01 5.87610781e-01 2.51850188e-02
    4.98078287e-01 2.20497042e-01 5.95521927e-01 3.59903753e-01
    2.66742826e-01 9.35706735e-01 5.11961579e-01 6.89480126e-01
    1.02798700e-01 2.98910528e-01 3.71215940e-01 7.26581573e-01
    1.45539522e-01 1.47015154e-02 7.10533977e-01 1.89441442e-03
    1.51769042e-01 8.29836428e-01 9.56576347e-01 6.38776004e-01
    3.05831850e-01 8.13255191e-01 3.81657034e-01 8.67519140e-01
    3.69757473e-01 5.43209195e-01 9.43982720e-01 1.69157267e-01
    5.50422549e-01 9.63027954e-01 5.81599534e-01 8.19454968e-01
    6.41019225e-01 1.78105116e-01 7.75476396e-02 3.61901492e-01
    4.02987450e-01 5.81717670e-01 8.18773150e-01 4.07053530e-01
    3.50311756e-01 7.60259807e-01 1.08290911e-02 8.44627976e-01
    6.23728573e-01 2.99523771e-01 7.86027551e-01 8.26913714e-01
    5.97226083e-01 7.39022851e-01 2.85074830e-01 1.74602211e-01
    6.59417033e-01 5.06707072e-01 9.55175579e-01 9.97728586e-01
    3.02857220e-01 6.73756719e-01 3.67929637e-01 6.64147675e-01
    1.44214332e-01 1.34642363e-01 7.11976767e-01 5.84116340e-01
    2.11177886e-01 6.45166099e-01 4.51489449e-01 5.87584972e-01
    8.99615169e-01 7.81183243e-01 1.05899513e-01 3.60630184e-01
    7.49349952e-01 5.48326612e-01 7.15005636e-01 5.24167299e-01
    9.81468916e-01 8.95189345e-01 2.03157276e-01 2.34823436e-01
    5.62605560e-01 9.22674716e-01 1.98786467e-01 8.71475935e-02
    4.58113611e-01 4.12399828e-01 2.42050886e-02 1.53432250e-01
    9.30266738e-01 9.28793669e-01 4.91429508e-01 8.63632083e-01
    7.11700439e-01 1.55483902e-01 9.22290683e-01 9.36099350e-01
    5.73140264e-01 1.38764918e-01 7.87299573e-01 2.12533772e-02
    5.98236620e-01 4.25726056e-01 8.75039160e-01 3.38294923e-01
    3.37922037e-01 1.64157122e-01 5.10580897e-01 7.24022508e-01
    1.89114720e-01 6.67685091e-01 5.26182711e-01 8.09293747e-01
    8.78394127e-01 7.36010075e-02 7.64364183e-01 6.99336767e-01
    7.31830359e-01 9.83674705e-01 6.09894216e-01 6.17862880e-01
    3.29079509e-01 1.02705210e-01 7.93681800e-01 5.96208215e-01
    8.09057951e-02 8.95041585e-01 9.65346694e-02 2.52365947e-01
    6.14317060e-01 4.21189964e-01 5.89585960e-01 9.54211652e-02
    3.55603337e-01 1.50053829e-01 3.64205062e-01 6.96047246e-01
    1.52180433e-01 4.78178859e-02 8.58484447e-01 5.84473729e-01
    2.67842501e-01 9.18675900e-01 8.91136289e-01 5.85950255e-01
    7.25461543e-01 2.52822042e-03 4.96943533e-01 9.31787014e-01
    8.55198383e-01 4.86014932e-01 4.09690857e-01 3.17372262e-01
    5.71408153e-01 5.63752651e-01 1.64378226e-01 8.87084007e-01
    7.27687597e-01 6.92737281e-01 7.19657779e-01 1.08011395e-01
    4.97355461e-01 4.13025945e-01 4.22301948e-01 8.05491090e-01
    9.27285194e-01 2.87444532e-01 1.13922387e-01 1.21955246e-01
    2.76626587e-01 2.39363432e-01 9.04529095e-02 1.24025464e-01
    8.91195059e-01 7.99775362e-01 2.47189969e-01 7.14976549e-01
    4.29205745e-01 4.64989454e-01 7.74753809e-01 7.02173710e-01
    7.22266912e-01 2.05489397e-02 7.91253805e-01 8.42382789e-01
    7.81690240e-01 6.98392630e-01 4.73320365e-01 2.02529609e-01
    2.66216695e-02 8.13379288e-01 7.77191281e-01 5.67216873e-01
    9.22968507e-01 1.05717421e-01 9.32295620e-02 6.67768419e-01
    8.56153369e-01 9.69093561e-01 6.06094062e-01 4.20628250e-01
    6.06652737e-01 7.21738279e-01 7.08163977e-01 2.68777251e-01
    5.26793599e-01 8.22268367e-01 6.41138196e-01 8.87541771e-01
    2.85349607e-01 1.40911102e-01 8.14740658e-02 1.19279623e-01
    8.05323601e-01 3.74284804e-01 9.26429152e-01 7.41832137e-01
    2.33710140e-01 7.84831345e-02 3.63787025e-01 7.76668549e-01
    4.84940112e-01 1.25109494e-01 7.02437162e-02 2.84485221e-01
    1.23562723e-01 1.62257999e-01 1.13948911e-01 7.91761160e-01
    2.46269733e-01 6.62255108e-01 1.62197918e-01 7.46358693e-01
    3.57902944e-01 5.35626829e-01 7.38008797e-01 9.95264649e-01
    4.73037481e-01 3.26959282e-01 9.48433101e-01 3.84922445e-01
    4.59298193e-01 8.87829661e-02 4.90455270e-01 9.46555138e-01
    1.97907627e-01 7.52455354e-01 6.36880338e-01 6.33537769e-03
    2.92043626e-01 1.16554946e-01 1.86471820e-01 3.02025080e-01
    1.35688186e-02 1.39916182e-01 5.21279752e-01 1.09692723e-01
    1.90834105e-02 4.51051205e-01 8.30345035e-01 4.24700856e-01
    1.73569530e-01 3.69883269e-01 8.33563805e-01 6.62123322e-01
    1.86278552e-01 3.95260632e-01 2.64091253e-01 8.97676110e-01
    1.86652243e-02 2.02429920e-01 4.67096686e-01 9.83803689e-01
    5.02767086e-01 9.04568791e-01 7.68918157e-01 2.09475994e-01
    7.49128878e-01 8.80177200e-01 4.83885705e-01 9.22965109e-02
    2.69274533e-01 1.23771638e-01 9.10062551e-01 6.34320080e-01
    6.55916512e-01 1.45126909e-01 5.22120893e-02 5.44033349e-01
    5.76087654e-01 5.76543629e-01 3.58987957e-01 8.30320358e-01
    1.31133139e-01 3.19719315e-04 9.31280613e-01 1.77398711e-01
    5.34984052e-01 4.21966255e-01 8.66828442e-01 1.32883161e-01
    2.96240985e-01 9.75999713e-01 8.49502981e-01 8.61015260e-01
    3.21383774e-02 2.58358002e-01 7.96598077e-01 3.46945345e-01
    8.65764260e-01 3.21068197e-01 1.38806701e-02 4.75483775e-01
    3.95951092e-01 8.92650604e-01 3.99718106e-01 1.41689956e-01
    1.30996704e-01 8.06369901e-01 4.19931829e-01 2.38680929e-01
    7.85823226e-01 2.82920778e-01 4.16453779e-01 7.91596949e-01
    6.90760076e-01 9.26866174e-01 2.15790421e-01 4.25962508e-02
    6.40524864e-01 5.46252310e-01 8.30847621e-01 8.01275790e-01
    8.72599006e-01 5.46516776e-01 2.24886835e-01 6.18438601e-01
    1.76419586e-01 3.10029089e-01 8.78964663e-01 9.37404573e-01
    2.50896811e-01 6.45549476e-01 2.04943448e-01 7.88399816e-01
    7.44625926e-01 6.91759825e-01 6.27640009e-01 8.24831367e-01
    9.90731120e-01 1.52138263e-01 7.00158119e-01 2.89999068e-01
    9.87572074e-01 8.57708156e-02 4.66127574e-01 8.50220799e-01
    9.99310195e-01 9.53621566e-02 5.62102258e-01 7.23358393e-02
    8.26257229e-01 9.30788875e-01 8.09387565e-01 6.69189274e-01
    9.60478902e-01 3.51577222e-01 5.61356008e-01 4.57361788e-01
    8.30141902e-01 1.63126111e-01 9.81094956e-01 7.09465921e-01
    6.54063523e-01 1.29050940e-01 4.22807157e-01 4.42456245e-01
    3.44795465e-01 5.09411812e-01 2.55588800e-01 9.29037988e-01
    1.66954458e-01 3.44286174e-01 7.92931318e-01 3.29864144e-01
    2.26767898e-01 3.93112808e-01 5.89860618e-01 9.43701267e-01
    3.92481893e-01 9.30938900e-01 5.22270977e-01 2.74135411e-01
    3.42056990e-01 3.23725045e-01 1.02034509e-02 2.84371436e-01
    4.48025852e-01 5.82692981e-01 2.61613429e-02 6.26048684e-01
    5.59433341e-01 1.21132910e-01 2.33722061e-01 7.84258485e-01
    9.69507933e-01 7.96588361e-01 6.92908168e-02 6.88350916e-01
    2.53694683e-01 9.83820915e-01 3.99420828e-01 8.46756577e-01
    8.90392065e-01 3.76178801e-01 9.67563272e-01 3.75018984e-01
    8.67745996e-01 8.05715919e-01 8.69594693e-01 6.41388893e-02
    5.07085204e-01 2.90763080e-02 3.41825664e-01 9.48848724e-01
    3.15500379e-01 6.94211721e-01 8.96702409e-01 4.68181282e-01
    2.62051880e-01 4.65963542e-01 9.68213677e-02 6.04189217e-01
    2.83487141e-01 6.81216359e-01 9.44324791e-01 3.73443961e-02
    8.95029545e-01 9.42566037e-01 4.09211904e-01 7.68334270e-01
    7.66912282e-01 2.45076209e-01 1.09788090e-01 3.72096181e-01
    5.97953498e-01 3.10580015e-01 1.71645075e-01 9.28524137e-01
    5.75991333e-01 8.78995538e-01 2.17097640e-01 6.17035806e-01
    4.55548197e-01 8.26133311e-01 5.32339633e-01 8.37405860e-01
    4.56712157e-01 5.40818632e-01 6.53845668e-02 4.30211306e-01
    8.73621702e-01 1.08173937e-01 4.09822106e-01 9.05231535e-01
    4.26724255e-02 2.01808572e-01 5.76672912e-01 6.88489020e-01
    7.90179372e-02 3.79787236e-01 3.33486199e-01 4.37920988e-02
    6.35457218e-01 4.09440637e-01 3.49751770e-01 8.86227190e-02
    1.22901618e-01 3.88631612e-01 9.30774570e-01 4.50357765e-01
    4.42312717e-01 1.69542432e-02 8.32336366e-01 2.05110013e-01
    5.09267569e-01 3.97968680e-01 8.05754423e-01 8.96317959e-02
    3.34139943e-01 4.33794498e-01 4.58547890e-01 1.92676932e-01
    4.25529361e-01 9.89024997e-01 2.58475542e-01 2.73378074e-01
    2.89427280e-01 2.09762990e-01 6.21198058e-01 3.44504148e-01
    3.31104130e-01 6.00907207e-01 8.82021308e-01 8.09171796e-01
    8.08064222e-01 4.64719623e-01 8.23757648e-02 7.75915623e-01
    4.38506722e-01 2.19385803e-01 6.18063390e-01 1.99002177e-01
    3.89608622e-01 4.39008921e-01 4.65046555e-01 6.86989784e-01
    6.58894420e-01 9.42669213e-01 5.09207606e-01 8.15291822e-01
    1.41037703e-01 1.73869878e-01 1.40963882e-01 8.63506436e-01
    7.22071528e-01 4.27244306e-02 5.16441345e-01 8.65348339e-01
    7.84818888e-01 5.30981719e-02 7.86567748e-01 9.06307578e-01
    9.93165076e-01 5.41330457e-01 1.10311508e-02 8.61081958e-01
    7.43640959e-02 3.46762061e-01 4.18740571e-01 9.50829268e-01
    3.24044883e-01 9.17013764e-01 9.90620136e-01 2.88591415e-01
    7.99406528e-01 2.07419991e-01 1.63532734e-01 6.90391779e-01
    4.58251834e-01 7.99616337e-01 2.15972126e-01 5.59906781e-01
    6.95322394e-01 3.07474971e-01 4.11158979e-01 2.68225372e-01
    4.24810022e-01 1.16300106e-01 8.01983833e-01 6.33168340e-01
    8.36751580e-01 8.38371873e-01 8.69960308e-01 2.57995427e-02
    3.96714091e-01 1.61375105e-02 5.57110608e-01 1.91813022e-01
    3.09432983e-01 6.88141525e-01 3.13200861e-01 9.97893572e-01
    1.70665175e-01 3.32773745e-01 7.32981920e-01 4.77289706e-01
    9.71314311e-01 6.28335238e-01 6.16019964e-03 4.51630533e-01
    4.95526791e-02 2.96394587e-01 4.14112210e-03 3.62770557e-01
    2.94418514e-01 8.23824167e-01 9.76667821e-01 6.66674972e-02
    7.87346005e-01 1.06149554e-01 4.32832897e-01 8.37854266e-01
    8.52788210e-01 8.77121449e-01 4.99474436e-01 2.75133461e-01
    9.46294785e-01 7.18484521e-01 3.75937492e-01 2.50357032e-01
    8.51077199e-01 9.54936326e-01 1.43175930e-01 8.56887639e-01
    8.84323001e-01 4.18024182e-01 4.16506857e-01 3.83880794e-01
    7.23044574e-02 1.68286920e-01 2.99224257e-01 9.44387078e-01
    3.83826882e-01 8.35483193e-01 7.12979555e-01 3.34413648e-01
    3.43098104e-01 2.05269992e-01 1.21381432e-01 7.33432114e-01
    4.61555541e-01 2.05206364e-01 4.91987675e-01 6.17068172e-01
    9.90581512e-01 3.39734852e-01 3.08402777e-02 3.77620548e-01
    9.92986619e-01 6.69102073e-01 9.55021620e-01 5.28341353e-01
    5.29744565e-01 3.55901301e-01 1.05520397e-01 6.32212818e-01
    2.61076152e-01 2.89036930e-02 9.00167227e-03 4.82986718e-01
    3.21641356e-01 3.09889197e-01 8.89597416e-01 8.48729491e-01
    6.07583582e-01 5.29390097e-01 4.09866989e-01 6.38432622e-01
    7.46759593e-01 2.70616114e-01 6.38346791e-01 3.90345931e-01
    9.51127708e-01 3.55400145e-01 3.47423792e-01 5.58423102e-02
    4.25499737e-01 1.93013549e-01 6.21397257e-01 4.88944650e-01
    4.95220870e-01 8.52864027e-01 5.00384331e-01 3.70720804e-01
    7.01715946e-02 7.20636547e-02 4.16879743e-01 3.83183360e-03
    6.56102002e-01 8.38123918e-01 6.89740539e-01 6.58087373e-01
    5.55791616e-01 5.89634657e-01 3.06556672e-01 1.29186511e-01
    4.46351767e-01 4.70337301e-01 9.48577166e-01 8.96984696e-01
    8.59159648e-01 7.60171175e-01 1.64936781e-01 4.75876361e-01
    2.11513519e-01 2.58678138e-01 2.19540179e-01 7.41210759e-01
    2.97406077e-01 3.78380030e-01 4.45938468e-01 3.03673863e-01
    3.89949650e-01 5.75718224e-01 4.68717754e-01 3.98154795e-01
    8.21423173e-01 9.33552325e-01 2.74389982e-04 8.00835490e-01
    3.43739212e-01 7.74784327e-01 5.41370392e-01 9.34181929e-01
    6.98774338e-01 2.88072288e-01 7.58683562e-01 8.23161125e-01
    6.14320219e-01 6.77810967e-01 8.79554629e-01 6.37101293e-01
    3.04691076e-01 1.42446160e-01 4.02385265e-01 2.39226192e-01
    5.86493373e-01 3.30310345e-01 4.47279841e-01 7.25283206e-01
    3.66696715e-02 2.51317382e-01 4.17822868e-01 6.98593974e-01
    3.18735868e-01 4.94741499e-01 8.71295214e-01 3.52218390e-01
    7.48178840e-01 9.31572914e-01 9.75000083e-01 3.36281806e-01
    3.67815435e-01 1.99658126e-01 6.43911719e-01 4.67118621e-02
    2.00196058e-01 7.56039917e-01 4.14725184e-01 7.60925114e-01
    4.47583556e-01 4.49233681e-01 8.15656245e-01 1.22675478e-01
    7.09354043e-01 7.34007120e-01 5.28756440e-01 4.25095737e-01
    1.40212208e-01 3.77863765e-01 6.62422597e-01 3.94208193e-01
    8.86727810e-01 4.16029513e-01 1.07334465e-01 9.40673828e-01
    5.10557532e-01 6.57471955e-01 4.34128672e-01 7.25733280e-01
    2.21270025e-02 7.75322616e-02 6.32729173e-01 9.30926085e-01
    3.23112905e-02 1.13351047e-01 7.00743020e-01 7.83932865e-01
    6.05042100e-01 4.40720171e-01 6.86415434e-01 3.82743537e-01
    3.02494526e-01 1.58913642e-01 8.66371393e-02 6.88255668e-01
    6.84621215e-01 8.81641626e-01 8.28413010e-01 7.88506985e-01
    3.07360172e-01 2.52299070e-01 6.14313304e-01 8.24015737e-01
    9.04868484e-01 7.35380471e-01 7.49417901e-01 5.13832688e-01
    3.27937424e-01 3.54093611e-02 8.67321968e-01 3.47104281e-01
    1.13758802e-01 4.15999115e-01 7.76412427e-01 9.10142183e-01
    8.91745567e-01 7.48388708e-01 2.07275033e-01 2.42277950e-01
    9.83538747e-01 4.38419551e-01 2.99794137e-01 6.48937047e-01
    3.90744627e-01 6.43922210e-01 2.05497712e-01 3.27303410e-01
    8.41255367e-01 6.98818684e-01 5.36517978e-01 5.21918178e-01
    4.39831316e-02 7.85107970e-01 1.04398847e-01 7.90887773e-02
    9.08854842e-01 6.81735039e-01 9.91847992e-01 5.10760963e-01
    4.19452369e-01 7.95720398e-01 2.46153742e-01 1.29658192e-01
    5.97698212e-01 7.94057548e-01 2.82081693e-01 6.14113629e-01
    8.29833865e-01 1.21299803e-01 5.47577024e-01 4.62268293e-02
    3.44501197e-01 1.22086853e-01 6.96512818e-01 2.63280690e-01
    7.95219839e-01 6.48307800e-01 2.07031935e-01 5.61586201e-01
    7.79552579e-01 4.74342406e-01 2.07852483e-01 1.63729191e-02
    1.98265940e-01 9.95252788e-01 6.19692624e-01 2.88346827e-01
    9.06204939e-01 5.92528760e-01 4.41940486e-01 1.34351343e-01
    1.61623627e-01 5.62595844e-01 1.86582893e-01 3.90011072e-01
    8.91635895e-01 4.45471406e-02 7.73179054e-01 9.94548798e-01
    7.77509451e-01 3.69364560e-01 5.76431155e-01 2.64403701e-01
    4.72834885e-01 9.78000283e-01 8.80753100e-02 1.21792078e-01
    5.85049152e-01 5.67741215e-01 2.49975264e-01 8.85669768e-01
    8.88996005e-01 4.67309356e-01 1.39173865e-02 5.36299646e-01
    4.58143055e-01 5.90766191e-01 7.45878518e-01 8.57241631e-01
    4.51581329e-01 7.19891608e-01 9.88181710e-01 6.72460437e-01
    5.74606180e-01 2.96615124e-01 5.27866900e-01 9.84692931e-01
    2.80698419e-01 5.65953732e-01 7.11875439e-01 3.76084030e-01
    7.08212256e-01 3.13251853e-01 4.20113802e-01 6.98457599e-01
    8.30409765e-01 5.93891144e-01 9.33046460e-01 7.53968060e-01
    6.49304152e-01 1.03364468e-01 8.58732879e-01 4.43857610e-01
    1.78932488e-01 5.86728394e-01 1.52929306e-01 6.40628338e-01
    5.25748253e-01 7.46859968e-01 7.36434340e-01 4.69986141e-01
    4.96835530e-01 6.63656890e-01 9.62488949e-02 5.83149970e-01
    4.09430444e-01 7.17652678e-01 6.15537345e-01 9.09165502e-01
    7.81591177e-01 4.20721114e-01 4.55859840e-01 5.40489256e-01
    7.06663191e-01 8.59553456e-01 4.72009569e-01 8.21085930e-01
    6.28973722e-01 3.91918063e-01 6.79777741e-01 9.72465158e-01
    8.53255272e-01 1.55332863e-01 9.01119709e-01 7.97581792e-01
    4.74222422e-01 4.91707414e-01 4.56354380e-01 5.63103199e-01
    3.00511211e-01 9.82013345e-02 2.35388577e-02 2.74522036e-01
    1.29737675e-01 1.07922077e-01 7.67459035e-01 3.24247181e-02
    2.68216014e-01 7.27987647e-01 4.94818687e-02 7.59045184e-02
    8.13899040e-01 2.97001898e-01 8.93833399e-01 2.01340824e-01
    7.76328325e-01 6.94770634e-01 7.73952901e-01 9.99963284e-02
    8.34322095e-01 9.73207831e-01 4.90101814e-01 3.85616630e-01
    6.24953747e-01 7.08938479e-01 8.27066898e-01 8.34280431e-01
    8.45319510e-01 5.55680871e-01 4.23016518e-01 4.76426274e-01
    8.35580707e-01 3.72363269e-01 5.76022506e-01 2.30750382e-01
    8.37502778e-02 8.06079566e-01 9.26264644e-01 7.93781042e-01
    1.40285611e-01 9.63727951e-01 3.23329568e-02 8.69957805e-02
    3.75642449e-01 6.59630537e-01 6.78538859e-01 3.87330949e-02
    1.90387011e-01 1.04207247e-01 1.81869775e-01 4.41407830e-01
    3.48126709e-01 8.20423365e-02 3.49361062e-01 1.12258613e-01
    8.72753263e-01 1.39601916e-01 4.95203733e-01 6.01553380e-01
    5.06950796e-01 9.31811690e-01 5.58394432e-01 6.37468398e-01
    9.29674029e-01 7.00916469e-01 1.36937469e-01 7.09676385e-01
    9.77858901e-01 6.01081610e-01 6.33921027e-01 2.76982576e-01
    4.05071914e-01 5.53875446e-01 3.13553095e-01 9.97724771e-01
    2.29626834e-01 7.85044730e-02 5.46827674e-01 7.21416533e-01
    1.69391602e-01 8.54754210e-01 5.94499111e-01 6.22831702e-01
    8.61854672e-01 4.67005014e-01 6.54739439e-01 5.84838212e-01
    8.71139765e-01 7.80022502e-01 4.64776844e-01 8.47466946e-01
    4.61101532e-03 9.21188474e-01 2.31510639e-01 3.18314761e-01
    2.57807106e-01 3.11995506e-01 2.51013041e-02 6.80946171e-01
    1.75981641e-01 7.00146437e-01 7.78540015e-01 9.01865125e-01
    9.50959027e-01 9.77960944e-01 3.41083288e-01 9.18194294e-01
    8.24833035e-01 7.53855109e-01 8.75375807e-01 5.23680270e-01
    6.86262429e-01 5.57079673e-01 9.98217344e-01 1.88026577e-01
    4.76953149e-01 9.47744012e-01 6.06634557e-01 2.90085554e-01
    4.46903020e-01 5.40995657e-01 1.70076847e-01 9.66794729e-01
    8.26598465e-01 3.99161339e-01 2.00984776e-01 3.17215800e-01
    2.24289358e-01 1.03076190e-01 8.46607804e-01 9.85048413e-02
    6.61749363e-01 6.99764848e-01 8.11394513e-01 6.54488802e-02
    3.73159349e-01 2.98053682e-01 1.26964808e-01 5.14093220e-01
    9.74690437e-01 4.69560087e-01 3.92000854e-01 9.03399229e-01
    3.12948942e-01 7.34525979e-01 9.38594520e-01 9.33650970e-01
    3.56361806e-01 2.19951004e-01 4.82112706e-01 8.62297416e-01
    4.80338275e-01 4.07148063e-01 1.78511739e-01 9.51940179e-01
    9.18828249e-01 6.15175664e-01 8.80912304e-01 5.49225688e-01
    2.03089476e-01 3.40203732e-01 1.72793210e-01 7.81022251e-01
    1.69839203e-01 3.90893161e-01 9.41034675e-01 5.38389444e-01
    6.37574553e-01 2.91067243e-01 9.52654421e-01 9.26203012e-01
    8.25540781e-01 7.88031936e-01 1.00299358e-01 9.55818594e-02
    1.19291097e-01 5.14578581e-01 3.03333431e-01 6.26143873e-01
    8.63005638e-01 9.98665631e-01 5.20782173e-02 6.76933110e-01
    2.45671540e-01 8.29058468e-01 1.24584436e-01 9.49634194e-01
    7.64526308e-01 7.94090271e-01 1.05771244e-01 6.78005338e-01
    9.77614522e-01 5.17817795e-01 6.83796048e-01 5.09152174e-01
    4.93771434e-02 7.00639307e-01 7.68123984e-01 9.32651758e-03
    9.47711349e-01 2.53000140e-01 6.24782622e-01 9.19127464e-01
    6.15403056e-02 8.73489916e-01 5.39685130e-01 1.27289623e-01
    4.64011163e-01 6.93752706e-01 6.60834074e-01 1.73586369e-01
    5.18321514e-01 8.96206260e-01 2.37218350e-01 3.65601122e-01
    5.15864670e-01 5.10887027e-01 4.01459932e-01 6.85498714e-01
    3.00088137e-01 7.47123301e-01 6.17377281e-01 1.31818354e-02
    3.85283291e-01 7.93092966e-01 1.17218137e-01 4.37024474e-01
    8.38844657e-01 6.63955152e-01 1.98885858e-01 8.39342833e-01
    1.29318267e-01 5.06428778e-01 8.14566016e-03 6.92780793e-01
    1.98825568e-01 4.74770069e-01 3.30139220e-01 8.90376747e-01
    3.29574704e-01 2.56378114e-01 5.40944457e-01 6.23762846e-01
    8.96038771e-01 9.32905197e-01 8.30187559e-01 8.70388508e-01
    4.78161424e-01 2.67292261e-01 3.24218690e-01 4.51954275e-01
    1.63119763e-01 2.83652544e-03 7.17933536e-01 1.47836328e-01
    2.16081500e-01 3.44878674e-01 1.56401187e-01 3.24798524e-01
    4.41964269e-02 8.32029343e-01 1.79068744e-01 1.71798021e-01
    1.26391470e-01 2.54864514e-01 1.78878725e-01 3.37659836e-01
    1.57380193e-01 5.03248334e-01 5.66492915e-01 6.41746461e-01
    3.55339795e-01 4.37563777e-01 7.93165445e-01 1.34423107e-01
    3.16431701e-01 1.29728734e-01 7.81768560e-03 2.76173949e-01
    9.36364770e-01 1.04873717e-01 8.93862724e-01 4.67270195e-01
    3.93459797e-02 3.45638603e-01 1.89930797e-01 4.74334449e-01
    3.07610095e-01 4.28476632e-01 3.92956764e-01 8.58487546e-01
    9.74470377e-02 4.26599234e-01 7.67879367e-01 3.67502749e-01
    7.40427494e-01 1.82842016e-01 6.22501314e-01 9.59389091e-01
    6.48155212e-02 4.36018974e-01 1.48495108e-01 1.42350733e-01
    1.99429870e-01 9.19228792e-01 4.27432597e-01 1.79728985e-01
    4.08815444e-01 2.95477331e-01 6.56204343e-01 7.76143312e-01
    2.38269567e-01 8.62950206e-01 6.84365034e-01 3.96002144e-01
    1.37241513e-01 2.32945085e-01 7.83284962e-01 7.45993793e-01
    3.95124018e-01 9.63831425e-01 3.30983639e-01 7.60224462e-01
    8.02954793e-01 9.22184944e-01 4.08944041e-01 8.59770656e-01
    2.74106145e-01 4.27072942e-01 9.62021947e-01 5.55948019e-02
    2.94770420e-01 7.47728646e-01 7.44502306e-01 9.99157190e-01
    6.03544414e-01 1.70958340e-01 1.89736754e-01 1.70005858e-02
    2.51684308e-01 9.57081199e-01 6.26641691e-01 1.30240023e-01
    3.54881763e-01 5.26683927e-01 9.99803245e-02 6.89316392e-01
    1.40110701e-01 3.28222752e-01 8.37514400e-01 8.14309120e-01
    2.61565655e-01 5.09188473e-01 5.51820815e-01 7.08252788e-01
    3.71854812e-01 7.44914770e-01 1.16922498e-01 6.33734345e-01
    6.14230394e-01 3.51433069e-01 9.67687488e-01 9.02191043e-01
    2.20030278e-01 9.03394222e-01 7.72663713e-01 7.94591308e-01
    6.03878498e-02 1.58622503e-01 4.24737036e-01 9.08583641e-01
    5.64398348e-01 4.00929511e-01 7.84652531e-01 8.36103678e-01
    9.40574288e-01 5.14104068e-02 3.33428919e-01 6.26240849e-01
    8.02696168e-01 7.15848207e-02 1.15192592e-01 8.01759601e-01
    7.12909937e-01 8.55512798e-01 9.37724113e-01 5.50201654e-01
    1.17937773e-01 8.72694969e-01 8.62314105e-01 3.07610810e-01
    1.69643015e-01 1.85005486e-01 8.42703998e-01 4.43443835e-01
    5.60255527e-01 5.00480831e-01 1.98336780e-01 5.29219806e-01
    4.53543156e-01 4.96286422e-01 3.74313712e-01 2.91200012e-01
    8.76037896e-01 1.69507593e-01 5.70744395e-01 6.02263093e-01
    5.36651731e-01 7.51002669e-01 7.57750928e-01 3.64567578e-01
    5.82807124e-01 4.12904233e-01 5.00145197e-01 3.08026314e-01
    6.61349058e-01 6.50870979e-01 2.61541128e-01 2.48608738e-01
    4.18575794e-01 7.71707594e-02 9.57938373e-01 2.62427866e-01
    2.55639434e-01 7.85686314e-01 8.84536982e-01 8.28851938e-01
    7.33665586e-01 6.83143616e-01 3.45658988e-01 1.61352307e-01
    2.44403750e-01 4.33378816e-02 5.24013817e-01 4.12239045e-01
    8.99164796e-01 7.64581561e-01 2.11048156e-01 4.83998358e-01
    5.69566250e-01 7.78419614e-01 7.91565299e-01 4.08106595e-01
    3.38241607e-01 3.72204483e-01 1.11388654e-01 1.58985913e-01
    9.13893282e-02 4.65858549e-01 2.28753120e-01 6.81286752e-01
    9.46648479e-01 4.90388095e-01 3.62916082e-01 6.25908375e-01
    7.21739709e-01 6.41076326e-01 9.57131505e-01 1.92141563e-01
    3.76118094e-01 5.57705939e-01 4.36929822e-01 4.93933946e-01
    1.26993448e-01 6.45941675e-01 3.86035144e-01 9.09717321e-01
    4.59185243e-01 2.03242242e-01 4.67827916e-02 6.13909960e-02
    8.09408307e-01 5.04115820e-01 1.75899714e-01 7.71685898e-01
    4.31817561e-01 1.40964895e-01 2.00992525e-02 5.95179260e-01
    2.10739672e-02 6.95691347e-01 2.82010257e-01 7.03608692e-01
    2.40485698e-01 9.59905028e-01 4.16529566e-01 7.31368721e-01
    8.58222604e-01 5.81945300e-01 3.18498015e-01 9.20331478e-01
    9.00322676e-01 4.74958241e-01 2.75312126e-01 5.41698337e-01
    9.88345504e-01 6.73844516e-01 2.43974030e-01 9.79400635e-01
    4.58610117e-01 9.48132277e-01 6.08059943e-01 3.93156052e-01
    5.06828487e-01 5.82433462e-01 1.24962628e-02 7.30851889e-01
    4.52144533e-01 5.20150304e-01 6.99379563e-01 6.11159742e-01
    1.85319334e-01 6.09504938e-01 8.23826969e-01 6.74712300e-01
    2.63960958e-01 4.46628124e-01 3.79861474e-01 7.79121518e-01
    4.98542190e-01 9.38587070e-01 3.01286399e-01 2.02841610e-01
    8.57812166e-01 3.63786548e-01 9.44566131e-01 1.88515514e-01
    5.57411194e-01 5.42283654e-01 3.75936866e-01 9.35217440e-01
    6.30998433e-01 4.21964765e-01 5.88782132e-01 6.56675637e-01
    3.87840986e-01 6.20279908e-02 7.47317910e-01 8.47023606e-01
    6.79699063e-01 6.04259968e-02 3.33358854e-01 6.35911226e-01
    6.70322120e-01 1.32964998e-01 7.64476001e-01 6.58163726e-01
    8.06218505e-01 4.11536127e-01 1.37174815e-01 3.30801159e-01
    2.17489719e-01 8.30241859e-01 1.36434793e-01 4.46623772e-01
    7.85354853e-01 1.99086547e-01 6.69464171e-02 3.07074904e-01
    4.23037231e-01 6.72418654e-01 1.84285104e-01 1.68973774e-01
    4.70326155e-01 1.40767694e-02 9.68015313e-01 7.98044562e-01
    8.80144835e-01 5.64344645e-01 3.90150547e-02 2.24197209e-01
    4.29698765e-01 9.03471589e-01 8.82036448e-01 8.40149879e-01
    7.54027963e-01 1.61284983e-01 3.04375470e-01 9.44518089e-01
    8.38520765e-01 2.46735215e-01 3.48299146e-01 3.97464514e-01
    4.33132589e-01 4.64988351e-02 6.31691754e-01 9.44055676e-01
    5.34082830e-01 8.29221010e-01 7.17192054e-01 8.35600615e-01
    3.92738074e-01 6.39247894e-01 4.06971872e-01 5.91354549e-01
    2.31508344e-01 7.06660151e-02 6.99130058e-01 6.69948101e-01
    5.94237864e-01 4.62264836e-01 3.88295710e-01 9.43975329e-01
    9.57200527e-01 7.87124038e-01 5.27430713e-01 7.62421966e-01
    1.75198793e-01 9.46173191e-01 3.88985276e-01 2.87526071e-01
    9.53459561e-01 6.31885469e-01 8.13571930e-01 6.77931786e-01
    8.15957069e-01 5.18180549e-01 2.65822113e-01 6.07823253e-01
    3.92812788e-02 4.65150058e-01 7.48579741e-01 7.95480609e-01
    9.97629166e-01 1.69858366e-01 9.65678334e-01 2.18992293e-01
    1.08173490e-01 7.67233372e-01 6.61500037e-01 5.85718274e-01
    2.50881433e-01 9.06288862e-01 9.98286605e-01 5.65920174e-02
    1.88986808e-01 2.36917585e-01 2.04573363e-01 5.58665574e-01
    7.41485834e-01 4.43644017e-01 9.53868628e-01 6.72113597e-02
    8.24771404e-01 8.14926744e-01 3.81435066e-01 3.11762393e-02
    6.49773419e-01 6.16666138e-01 2.87683308e-01 4.46994722e-01
    5.22762239e-02 1.08289391e-01 1.28570199e-02 7.18427181e-01
    8.84452224e-01 3.07577550e-02 7.64991641e-01 5.28380454e-01
    7.78228343e-02 8.62079859e-01 7.83738971e-01 9.11533237e-01
    5.93063354e-01 6.37336731e-01 5.80631495e-01 2.46226490e-01
    7.58882642e-01 5.46917677e-01 4.87033725e-02 1.15554988e-01
    2.79666543e-01 8.54186416e-01 3.52308989e-01 6.07279897e-01
    8.02192330e-01 7.53627419e-02 4.84901249e-01 9.45369840e-01
    9.21813548e-01 2.64256835e-01 7.36065149e-01 7.60128379e-01
    9.65715408e-01 4.39386070e-02 4.32443619e-02 4.80712950e-02
    7.47521043e-01 4.26948369e-01 8.66823494e-01 6.12778068e-01
    5.84936380e-01 2.09197968e-01 3.12522471e-01 7.49306440e-01
    4.74166155e-01 8.26269269e-01 3.65600884e-01 6.77104890e-02
    5.46222925e-01 6.90656006e-01 3.39033425e-01 6.81825340e-01
    3.22550714e-01 6.32963002e-01 4.03679222e-01 4.55623925e-01
    1.10498875e-01 5.07751763e-01 1.04941577e-01 5.27897239e-01
    6.22446835e-01 9.22490418e-01 8.74907613e-01 4.46036100e-01
    4.22665328e-01 6.02772355e-01 5.43581247e-02 7.29410291e-01
    9.51313376e-01 7.58347631e-01 4.82206911e-01 9.97251868e-01
    8.62417698e-01 1.32559657e-01 5.05522668e-01 8.90310466e-01
    4.17934954e-02 7.02348232e-01 1.45582765e-01 5.07473767e-01
    1.27704084e-01 9.72878575e-01 7.65843093e-01 6.61277413e-01
    3.87480855e-01 8.25305343e-01 4.49784994e-02 6.25997245e-01
    3.81790847e-01 4.68232542e-01 1.27631098e-01 4.67081964e-02
    6.24594092e-01 5.93821406e-02 5.76865673e-03 7.77228355e-01
    7.66709447e-03 9.66724992e-01 4.84768361e-01 5.92102468e-01
    7.05634952e-01 2.35405684e-01 2.25767791e-02 4.24139798e-01
    9.26310778e-01 4.07041311e-02 9.30852294e-01 6.56731665e-01
    7.39430010e-01 3.06339681e-01 6.57254636e-01 3.76204491e-01
    3.35423827e-01 5.45283556e-01 1.59084797e-04 6.71205819e-02
    9.18042719e-01 7.20044494e-01 7.86846638e-01 6.39112473e-01
    6.29013658e-01 6.53201580e-01 8.91196847e-01 1.97320938e-01
    7.94968784e-01 5.50428987e-01 8.87265325e-01 8.04886401e-01
    3.63217384e-01 3.62007201e-01 1.41192377e-01 5.10793686e-01
    6.54821575e-01 7.34092414e-01 6.72775984e-01 6.34762645e-01
    9.80198622e-01 7.17628539e-01 9.19960439e-01 9.51946974e-02
    2.01728702e-01 9.26462770e-01 4.37676907e-03 6.67344809e-01
    1.34348661e-01 4.50626016e-01 1.66233301e-01 5.02220333e-01
    6.80655956e-01 8.03547502e-02 1.41565025e-01 2.16566026e-02
    3.21812898e-01 1.06228560e-01 8.46665919e-01 9.71981287e-01
    8.05892587e-01 6.86757326e-01 2.70152897e-01 1.35802388e-01
    3.60562980e-01 7.84776926e-01 6.37368798e-01 6.44232690e-01
    6.44884765e-01 5.48586845e-02 1.87703907e-01 4.84452754e-01
    4.64880735e-01 3.48283470e-01 9.12856936e-01 9.83218789e-01
    6.75359368e-01 1.48832619e-01 7.41059899e-01 9.37018037e-01
    5.78655899e-01 9.73057032e-01 6.82485819e-01 5.28208852e-01
    5.67077041e-01 4.67164665e-01 1.84446275e-01 9.19726551e-01
    1.57300383e-01 9.78880644e-01 7.85647333e-01 4.98811156e-01
    8.07415366e-01 8.86174202e-01 9.68278170e-01 3.40706468e-01
    4.91646588e-01 6.99728131e-02 2.46404171e-01 7.98051357e-01
    1.99379623e-01 9.45885539e-01 2.89170384e-01 7.16119349e-01
    7.40701199e-01 3.39205921e-01 9.04115200e-01 9.41505611e-01
    9.41619515e-01 3.94566000e-01 2.28589475e-01 5.41509092e-01
    4.00254726e-01 4.44937706e-01 4.91746128e-01 3.08615446e-01
    5.52723825e-01 5.45290768e-01 3.23161304e-01 6.03778601e-01
    4.48197424e-01 8.05687308e-01 9.28852260e-02 6.30491614e-01
    1.89830661e-01 2.91029125e-01 2.97560394e-01 2.64969349e-01
    6.09476626e-01 5.63254654e-01 3.71621013e-01 2.52028763e-01
    5.16229272e-01 9.07480121e-01 4.39553410e-01 2.64563978e-01
    6.63995802e-01 9.04262781e-01 8.11548710e-01 9.68547583e-01
    5.64586937e-01 6.35551810e-02 9.31355536e-01 9.02788639e-01
    2.75173903e-01 6.11245811e-01 8.01391244e-01 6.31620586e-02
    5.98577619e-01 9.53143597e-01 1.95374489e-02 5.83490074e-01
    6.81782961e-01 3.00494015e-01 2.34164119e-01 5.33066988e-01
    6.02397203e-01 3.59160602e-02 9.92337048e-01 2.73270518e-01
    8.94408226e-01 7.73119092e-01 3.02115172e-01 3.81779552e-01
    8.70291770e-01 2.67313778e-01 6.34957314e-01 2.35887378e-01
    3.28034163e-02 8.50328803e-01 1.19511485e-01 5.83467484e-01
    5.13156056e-01 8.07674944e-01 3.43514800e-01 1.57046229e-01
    5.42361915e-01 3.09003204e-01 8.52159619e-01 4.25808042e-01
    4.58305597e-01 9.43957806e-01 7.42702067e-01 7.42361188e-01
    1.93574071e-01 3.74146581e-01 7.87265003e-02 9.56907868e-01
    2.73323655e-02 7.41595805e-01 1.53907746e-01 8.03034186e-01
    4.50879008e-01 5.61968505e-01 3.38049233e-02 8.82089972e-01
    5.62065244e-01 4.64228213e-01 6.77330136e-01 7.31376171e-01
    6.24140799e-02 2.14831203e-01 4.26919460e-02 3.20781827e-01
    3.85693759e-01 8.91870260e-01 4.97949392e-01 5.55299520e-01
    4.52011228e-01 1.88398838e-01 2.72587657e-01 8.82094741e-01
    5.22491634e-02 8.72759223e-02 3.19325447e-01 2.45574415e-02
    4.18543845e-01 1.74593121e-01 1.39772892e-04 5.75162828e-01
    6.03474140e-01 7.12417424e-01 2.51158178e-01 1.74484372e-01
    4.44620073e-01 2.42193401e-01 6.54276729e-01 2.41768479e-01
    9.85276461e-01 5.34396887e-01 5.89940786e-01 2.93086588e-01
    8.21278870e-01 7.32078850e-02 6.92325473e-01 1.08405471e-01
    2.99105108e-01 5.92216611e-01 9.00416017e-01 7.56078243e-01
    3.05069447e-01 5.07719398e-01 6.93377256e-01 7.05090463e-01
    9.17157412e-01 4.79100019e-01 1.95297390e-01 9.38879788e-01
    2.05189615e-01 1.51360631e-02 5.99272728e-01 8.53502154e-02
    4.68400419e-02 4.08245564e-01 2.09875315e-01 8.32501650e-01
    1.50170565e-01 4.25205708e-01 9.14495289e-02 1.99376434e-01
    3.47594440e-01 6.75762594e-01 7.90028930e-01 8.30970883e-01
    9.70287263e-01 2.27019191e-03 3.34856808e-02 5.59482753e-01
    1.17198408e-01 3.75043809e-01 4.14866775e-01 5.46781003e-01
    6.53422058e-01 6.38782978e-03 1.99786812e-01 8.73218894e-01
    7.54066229e-01 7.91679502e-01 2.55858243e-01 5.29954553e-01
    4.30909216e-01 8.92729878e-01 4.63756919e-02 5.57797313e-01
    8.72589350e-02 4.22509909e-01 8.38225901e-01 3.84525388e-01
    8.70712876e-01 7.82094836e-01 4.66371566e-01 8.23841989e-01
    1.14729464e-01 9.73759890e-01 9.02860165e-01 5.32434106e-01
    1.53701007e-01 2.46437490e-02 1.52651668e-01 9.02378917e-01
    4.88188744e-01 6.72463417e-01 3.79154325e-01 8.36758435e-01
    6.40658677e-01 6.83829188e-02 4.10639316e-01 6.84816837e-01
    8.33314776e-01 1.65132821e-01 6.76608503e-01 7.74186492e-01
    3.25115412e-01 2.77338445e-01 5.82482219e-01 6.65932357e-01
    7.13536143e-01 3.04503500e-01 5.78443050e-01 9.16761160e-01
    8.84796441e-01 9.91686940e-01 3.75558794e-01 8.39206278e-02
    9.96508002e-01 2.78705657e-01 1.30035609e-01 2.82881171e-01
    2.77308047e-01 7.16568291e-01 7.79983759e-01 1.00448698e-01
    6.90116584e-02 4.15331095e-01 5.77227414e-01 9.10971642e-01
    9.70282674e-01 5.89638889e-01 6.85463846e-01 3.61786008e-01
    2.56536663e-01 1.71775311e-01 3.48546028e-01 2.56756246e-02
    8.16869259e-01 2.02463686e-01 3.88878822e-01 2.51684546e-01
    8.26932251e-01 3.23132217e-01 7.40836263e-01 9.15384293e-02
    2.34218419e-01 1.72444105e-01 9.71434951e-01 8.48566175e-01
    3.44190896e-01 9.00961578e-01 1.45311058e-01 6.59055769e-01
    1.97509289e-01 7.59956121e-01 3.49641025e-01 5.60861111e-01
    8.33712518e-01 8.90914381e-01 2.77262270e-01 1.14623934e-01
    1.49987906e-01 3.39996159e-01 4.74279344e-01 1.17712945e-01
    5.90877056e-01 2.33539790e-01 3.37003887e-01 5.30380726e-01
    2.19551980e-01 1.19981438e-01 5.46926618e-01 1.46603495e-01
    9.86148477e-01 9.66673434e-01 4.40358758e-01 1.07674539e-01
    9.77228701e-01 9.20062661e-02 3.98688495e-01 6.03170633e-01
    3.77412975e-01 3.54538947e-01 6.34122610e-01 1.07462078e-01
    1.84214503e-01 7.27387428e-01 8.24270248e-01 2.56105423e-01
    9.86344516e-01 4.44257379e-01 6.55409157e-01 1.96601719e-01
    8.72615635e-01 6.50934517e-01 5.92997193e-01 3.62756103e-01
    1.54348820e-01 4.99769092e-01 7.31865466e-01 7.18320489e-01
    4.29363221e-01 2.47544289e-01 3.94248992e-01 7.57365108e-01
    4.54703867e-01 6.35196030e-01 5.92971027e-01 7.72048712e-01
    1.62440926e-01 7.33954310e-01 6.18401885e-01 9.96001482e-01
    3.72111112e-01 2.40779370e-01 7.26390481e-02 3.53672862e-01
    3.07604074e-02 8.70099962e-02 9.42041636e-01 1.33264422e-01
    5.07453263e-01 6.35486841e-01 8.58831286e-01 2.06567734e-01
    2.45816708e-02 3.52960169e-01 4.30807859e-01 7.90649414e-01
    3.44832122e-01 3.35426629e-01 2.21636891e-03 2.54525065e-01
    3.12243015e-01 5.05036414e-01 9.50488925e-01 6.10314310e-01
    7.32427239e-01 2.89676785e-01 8.26471269e-01 5.00548780e-02
    8.27616453e-03 8.65825295e-01 2.04358190e-01 3.44883204e-01
    2.96788871e-01 7.29090571e-02 6.04241073e-01 7.95079410e-01
    3.80048096e-01 9.14595723e-01 2.97508448e-01 1.40486747e-01
    2.61100829e-02 6.21691942e-01 4.28821743e-01 2.94570029e-02
    2.92220771e-01 4.73842055e-01 4.25366014e-01 3.40444148e-02
    6.86275959e-01 4.73634541e-01 7.41851330e-01 7.96639442e-01
    2.30352342e-01 6.71258926e-01 7.13005602e-01 1.05319828e-01
    3.92112017e-01 2.73553342e-01 2.89440334e-01 7.38916278e-01
    9.96385098e-01 4.66878891e-01 6.64027035e-02 8.53690803e-01
    3.71443152e-01 8.92430186e-01 8.84201407e-01 8.53834748e-01
    6.77563667e-01 3.12951028e-01 1.34205818e-03 2.79722214e-02
    8.53611112e-01 1.05307758e-01 9.33544278e-01 3.12562585e-02
    5.65215349e-01 1.06712133e-01 8.72172952e-01 5.12170613e-01
    1.31236285e-01 8.98317575e-01 8.81681800e-01 9.83954310e-01
    2.45025754e-02 2.31519401e-01 3.92471164e-01 1.25671834e-01
    1.32095069e-01 9.25027132e-01 9.46614861e-01 7.82142580e-02
    2.60514587e-01 1.05452180e-01 4.87605959e-01 1.83707625e-01
    4.07637358e-02 9.98068094e-01 2.24926353e-01 5.84473014e-01
    9.23137426e-01 6.48553491e-01 6.30310416e-01 2.22222000e-01
    6.85351253e-01 3.69894981e-01 7.41293073e-01 3.86333823e-01
    3.24704051e-01 6.31597936e-01 2.12409824e-01 3.74350756e-01
    8.12893748e-01 5.74570715e-01 1.69074267e-01 6.14929378e-01
    8.67778182e-01 2.26896316e-01 3.17735672e-01 2.81886756e-01
    8.73646080e-01 3.87521803e-01 2.88604200e-01 2.23412216e-02
    6.66352391e-01 6.81832075e-01 7.41117716e-01 7.22877979e-01
    1.99020207e-02 8.05690229e-01 5.39661527e-01 8.88177514e-01
    8.64295065e-01 3.86833549e-01 6.25252724e-02 4.83623058e-01
    3.80871594e-01 2.77850032e-01 3.44114184e-01 9.82096910e-01
    3.42738330e-02 8.62650335e-01 5.09410024e-01 6.00154221e-01
    3.94500762e-01 5.90333521e-01 9.54984903e-01 7.81895399e-01
    5.77350199e-01 6.02539420e-01 5.65486550e-01 6.29356146e-01
    1.07293457e-01 6.43241823e-01 2.46728539e-01 6.06870830e-01
    1.76950246e-01 2.86533833e-02 7.14020312e-01 6.49888158e-01
    1.31039023e-01 7.18823075e-03 3.23400378e-01 6.17831230e-01
    3.30762118e-01 9.87530172e-01 3.61836195e-01 1.25021130e-01
    6.95476413e-01 2.78374940e-01 3.15802991e-02 2.46932298e-01
    4.51976836e-01 8.67219090e-01 8.41130674e-01 1.72897279e-01
    5.85050642e-01 3.22898269e-01 2.02545434e-01 5.90926170e-01
    6.75406158e-01 8.03871751e-01 9.03886199e-01 7.06822038e-01
    5.94655931e-01 5.59976995e-01 3.17229569e-01 4.66997415e-01
    2.54146039e-01 6.97211266e-01 9.48801041e-01 6.38052225e-01
    4.15201396e-01 8.18654895e-03 5.84457517e-01 8.80092382e-01
    9.27785039e-03 4.32592243e-01 9.17734027e-01 8.21180701e-01
    4.22657251e-01 9.91456747e-01 4.05825645e-01 4.88730401e-01
    2.71462142e-01 1.06336385e-01 4.11727965e-01 5.27820230e-01
    9.22810435e-01 2.01246142e-02 2.55019546e-01 9.75215733e-01
    6.06500149e-01 5.63715696e-02 6.77368283e-01 6.15341723e-01
    5.33429980e-01 9.81130958e-01 3.78357530e-01 3.95153344e-01
    4.57918733e-01 7.72965133e-01 7.49573410e-02 9.47422683e-01
    9.85431314e-01 6.16847336e-01 1.80859685e-01 2.07601488e-02
    5.63591123e-01 1.02800429e-01 5.70025146e-01 9.63665724e-01
    4.31327492e-01 6.40230417e-01 7.86297321e-01 2.40670979e-01
    4.46246058e-01 3.30574870e-01 8.47673059e-01 2.44527817e-01
    2.81644434e-01 3.47697645e-01 6.02468848e-02 6.87278628e-01
    2.50199825e-01 9.13862824e-01 7.70338893e-01 8.53242159e-01
    4.52612996e-01 3.87905717e-01 9.75785553e-01 8.39506507e-01
    4.81907129e-02 5.96219838e-01 5.83732247e-01 8.65635216e-01
    5.12208641e-01 7.92033494e-01 4.83981878e-01 3.66688818e-01
    4.17310745e-01 2.37188369e-01 2.48026252e-02 3.16164345e-01
    8.73873353e-01 7.49809146e-01 2.25282669e-01 4.64986354e-01
    1.24839127e-01 3.72345150e-02 7.31453419e-01 9.48082805e-02
    3.11409891e-01 3.60893339e-01 5.48521638e-01 3.80630672e-01
    9.15854216e-01 8.00695062e-01 4.77944762e-01 4.89435822e-01
    7.15221226e-01 2.97152698e-01 6.61331773e-01 3.49693924e-01
    6.97819829e-01 7.25434363e-01 3.55227292e-01 9.84650493e-01
    3.26680124e-01 7.57746816e-01 2.04339027e-02 9.17123973e-01
    9.04875100e-02 9.37900007e-01 9.73119855e-01 6.48534298e-03
    2.59752810e-01 6.42424345e-01 7.67676473e-01 6.99204445e-01
    3.89135212e-01 5.94832897e-01 3.00206810e-01 9.42648053e-02
    5.03686249e-01 6.31363750e-01 7.59375095e-01 8.11647773e-01
    1.63940787e-02 2.29965568e-01 2.43193805e-02 6.68864667e-01
    6.20072186e-01 4.76001322e-01 8.48193884e-01 2.30957687e-01
    3.66337895e-01 7.93390334e-01 4.28301990e-01 8.97618532e-01
    4.40405160e-01 1.34287655e-01 8.06208014e-01 2.01247960e-01
    1.04515940e-01 3.26542050e-01 2.04226464e-01 9.96768475e-03
    3.95930707e-02 3.49907339e-01 1.92252070e-01 3.62364978e-01
    1.93930984e-01 6.33912325e-01 5.49471974e-01 3.07548404e-01
    1.75513923e-02 6.96735799e-01 4.22474325e-01 9.40188527e-01
    5.43974400e-01 6.93340302e-02 5.92258155e-01 8.67259502e-01
    2.07361579e-03 7.58362055e-01 9.36356544e-01 8.88834834e-01
    8.06261122e-01 5.18687427e-01 1.01031631e-01 9.35951769e-01
    7.06855059e-01 2.23528594e-01 9.91898060e-01 1.45450264e-01
    4.22313213e-01 8.57496619e-01 2.39110112e-01 3.93191993e-01
    5.73973775e-01 8.71910453e-02 3.25291693e-01 1.13478452e-01
    4.52445835e-01 9.87867892e-01 8.33532333e-01 4.34455305e-01
    9.52705622e-01 3.93853486e-01 8.23148370e-01 6.36469007e-01
    8.39544296e-01 2.16841310e-01 4.50794339e-01 8.89759660e-02
    7.43900359e-01 4.30399597e-01 1.98417902e-02 1.44226849e-02
    6.27725184e-01 9.65887547e-01 3.60077232e-01 7.64671445e-01
    3.20172668e-01 7.85308182e-02 2.59059012e-01 9.84158278e-01
    2.90923119e-02 2.85049409e-01 7.29234815e-01 3.14175338e-01
    6.46809578e-01 3.36415172e-02 9.13084745e-01 4.13955152e-01
    4.07484233e-01 5.74529588e-01 8.67281675e-01 4.26372230e-01
    4.50989902e-01 3.79892111e-01 1.73435003e-01 7.85518587e-01
    1.94525480e-01 2.33560711e-01 7.39776194e-02 6.31704688e-01
    4.58049804e-01 9.09632742e-01 5.42301238e-01 4.61468399e-01
    2.35385984e-01 7.09432781e-01 6.58255279e-01 2.59106129e-01
    7.02011943e-01 4.59276021e-01 4.09021646e-01 6.11516893e-01
    3.73686075e-01 9.71233368e-01 1.55186772e-01 9.25109029e-01
    4.53447253e-01 6.04259849e-01 4.63153929e-01 3.43917906e-01
    9.50049698e-01 7.31948078e-01 7.00845480e-01 9.54832673e-01
    7.11278439e-01 3.79787624e-01 1.92638814e-01 6.43052638e-01
    4.91224557e-01 2.88384199e-01 1.81355000e-01 5.11492193e-01
    4.62540001e-01 9.53090787e-01 2.65353620e-01 5.22754133e-01
    8.98929715e-01 4.09947425e-01 4.74129766e-01 6.24777973e-02
    1.10661298e-01 9.40892398e-01 2.97494292e-01 1.76775187e-01
    5.42474926e-01 8.14761996e-01 9.13264513e-01 8.61157656e-01
    3.19405317e-01 8.98769259e-01 2.07281411e-01 2.14946687e-01
    3.41085494e-01 9.76276517e-01 6.14363551e-01 9.85178232e-01
    2.41075575e-01 4.42848086e-01 4.69372869e-01 8.91677439e-02
    7.92284966e-01 1.10109091e-01 9.26372886e-01 5.34588814e-01
    2.46106893e-01 8.63919020e-01 7.87169933e-02 5.74795187e-01
    4.19954240e-01 4.78983194e-01 6.81298018e-01 7.17433453e-01
    1.04167163e-02 6.26341164e-01 2.89304256e-02 3.23184401e-01
    1.99389964e-01 7.16737807e-01 2.87961006e-01 1.17708147e-02
    5.12810826e-01 9.43762064e-02 8.48262966e-01 3.78799647e-01
    9.66325998e-01 8.08323681e-01 5.02765894e-01 3.26058090e-01
    5.54902017e-01 9.48575974e-01 2.07918197e-01 8.86015296e-01
    2.15537101e-01 5.90360045e-01 6.93105578e-01 2.05799669e-01
    8.01653743e-01 1.77487910e-01 7.07852125e-01 8.51873159e-01
    2.82028049e-01 1.28536820e-01 3.15787375e-01 5.12332976e-01
    7.64131665e-01 9.45932388e-01 9.95406866e-01 8.58464897e-01
    3.77783090e-01 6.49562001e-01 5.74159265e-01 3.39365363e-01
    9.33819294e-01 1.92732334e-01 2.78154433e-01 2.56275415e-01
    9.59908664e-01 8.41734707e-02 1.76641583e-01 4.51549232e-01
    9.37942922e-01 1.45249218e-01 5.91449618e-01 5.74521661e-01
    9.64805067e-01 8.28575194e-01 8.45862985e-01 6.09245360e-01
    3.86334389e-01 3.38258386e-01 6.87828243e-01 9.59066153e-01
    8.17772627e-01 1.77859694e-01 1.28508806e-01 2.63730705e-01
    5.10497153e-01 8.75037670e-01 9.92119372e-01 3.78067225e-01
    1.73276156e-01 4.91887212e-01 5.79041719e-01 7.99152493e-01
    8.65601540e-01 6.47277534e-01 3.93827230e-01 1.83101118e-01
    4.15208906e-01 7.94185519e-01 1.91481113e-02 1.92834377e-01
    8.05691600e-01 7.64996886e-01 6.77411318e-01 4.68973279e-01
    8.86406422e-01 9.44971919e-01 6.64467216e-01 6.59763873e-01
    9.51923728e-02 5.96313715e-01 5.12276888e-01 8.91147017e-01
    7.62755513e-01 3.97836566e-01 2.11755037e-02 5.12031972e-01
    5.27604222e-01 9.10991251e-01 7.21313775e-01 8.01643968e-01
    3.11103046e-01 3.73954743e-01 4.57809538e-01 2.61909485e-01
    7.14994311e-01 6.88008308e-01 5.80590785e-01 4.50377673e-01
    1.41038299e-02 8.46518099e-01 8.51277471e-01 5.73907375e-01
    3.35410714e-01 9.62414622e-01 3.99537176e-01 1.50224626e-01
    2.80896842e-01 7.01912761e-01 9.50267851e-01 6.47056520e-01
    5.41750908e-01 7.06129789e-01 5.02851427e-01 9.03478861e-01
    3.73427033e-01 8.63014340e-01 9.32206154e-01 9.41675186e-01
    6.75530195e-01 1.98621958e-01 3.18180919e-02 8.07242393e-01
    9.14661765e-01 2.10150361e-01 7.76903033e-01 8.04897904e-01
    3.13829422e-01 3.49080414e-01 2.48784453e-01 9.89330292e-01
    8.99099708e-01 5.47233164e-01 6.45950437e-02 2.98991919e-01
    8.04147482e-01 5.67103744e-01 4.75400388e-01 5.95642388e-01
    3.82789373e-01 2.59963661e-01 9.69798446e-01 8.11538100e-02
    5.69862008e-01 5.80325127e-01 3.97749305e-01 9.28643525e-01
    4.43164319e-01 1.38713717e-01 3.31987232e-01 9.82241631e-02
    9.77612078e-01 9.83483672e-01 3.64497006e-01 9.38916326e-01
    8.20670247e-01 2.51085341e-01 7.38476574e-01 8.00647497e-01
    6.55274391e-01 6.78423643e-01 5.67526758e-01 2.45206505e-01
    8.78068566e-01 1.44563943e-01 5.17600238e-01 2.96203613e-01
    5.85277379e-01 3.59373331e-01 4.55485433e-01 8.46240699e-01
    1.08812630e-01 6.25235856e-01 1.42842174e-01 2.84475088e-01
    4.25563455e-02 3.91182274e-01 3.38298649e-01 4.05261487e-01
    3.34244788e-01 5.50882339e-01 8.73944342e-01 3.62129867e-01
    2.57766843e-02 4.64568585e-01 2.25236744e-01 7.10917354e-01
    1.98879719e-01 7.42961407e-01 8.68536174e-01 9.04482722e-01
    6.41269565e-01 1.98744535e-01 2.89724052e-01 2.36396879e-01
    5.89336932e-01 1.82416648e-01 8.69107723e-01 5.86371183e-01
    8.38132739e-01 4.42674875e-01 1.13305807e-01 1.96125239e-01
    1.44910961e-01 9.88461912e-01 4.98178393e-01 7.02312469e-01
    2.69433200e-01 9.27911580e-01 2.45224774e-01 5.13474047e-01
    9.69648480e-01 4.74023521e-01 4.30406272e-01 9.73082840e-01
    5.40364206e-01 2.20868021e-01 6.42831028e-02 1.10968977e-01
    4.14592564e-01 5.17166972e-01 5.20023406e-02 4.63135570e-01
    9.98960972e-01 2.75715172e-01 2.21711397e-02 5.67324638e-01
    6.47276163e-01 8.63242805e-01 3.57110322e-01 4.22090441e-01
    6.99083745e-01 8.64601851e-01 5.04427910e-01 9.33290541e-01
    3.04051280e-01 4.54258919e-01 3.38009179e-01 6.44260347e-02
    7.98907042e-01 7.60269880e-01 2.61463970e-01 9.21582222e-01
    9.79298592e-01 3.42995822e-02 8.87183309e-01 9.34399843e-01
    3.02143812e-01 7.23674238e-01 2.89066672e-01 5.15914261e-01
    8.98911834e-01 8.19664717e-01 8.18359971e-01 9.99242783e-01
    8.40884864e-01 7.21797049e-01 3.48348141e-01 4.49320078e-01
    9.56602931e-01 3.73797119e-02 9.77607489e-01 7.06817567e-01
    5.52685440e-01 2.91471481e-01 3.10248882e-01 3.25095057e-02
    1.63379222e-01 9.33983266e-01 4.86165404e-01 1.11252934e-01
    7.76483595e-01 2.24003553e-01 5.54500639e-01 5.18072248e-02
    2.67309844e-01 7.53718913e-02 9.72911000e-01 7.77594268e-01
    2.62950629e-01 4.58517849e-01 8.71378064e-01 5.77507377e-01
    2.32603073e-01 2.40275145e-01 4.43607807e-01 4.40827578e-01
    2.28158534e-01 4.92644876e-01 7.31682241e-01 4.22332078e-01
    3.38037908e-01 1.56661868e-02 8.00845623e-02 3.44328105e-01
    7.46036172e-01 5.93299627e-01 8.05915236e-01 2.04288363e-02
    2.20907360e-01 4.34280187e-01 7.75446534e-01 7.59266853e-01
    4.48823571e-01 3.80414993e-01 6.78908467e-01 3.45393628e-01
    7.90321112e-01 5.72978556e-01 3.02354455e-01 1.97836518e-01
    5.83624244e-01 3.95158231e-01 9.61912274e-01 6.10534251e-01
    9.83874142e-01 3.72164398e-01 9.81535375e-01 9.49793577e-01
    6.19455278e-02 3.32748890e-03 1.43265039e-01 7.71745503e-01
    6.42411649e-01 2.18139768e-01 2.40967393e-01 8.40445459e-02
    5.45868695e-01 4.04164553e-01 1.91776156e-01 4.97332513e-02
    3.16403985e-01 7.87491798e-01 6.26009226e-01 4.15507197e-01
    7.88029075e-01 8.80213499e-01 5.22340536e-01 6.36186957e-01
    8.20580304e-01 9.29288864e-01 5.27018309e-03 6.26579046e-01
    5.49806118e-01 2.81693518e-01 7.88683236e-01 2.74185598e-01
    4.77459371e-01 3.65566254e-01 4.18071985e-01 1.88478827e-01
    3.72791111e-01 7.44159758e-01 2.85104096e-01 1.45962596e-01
    6.91631079e-01 4.60637808e-01 3.65453959e-03 2.88411468e-01
    6.25764072e-01 9.58277225e-01 9.48623419e-02 8.97757411e-01
    1.29486024e-01 5.66379309e-01 2.52053171e-01 7.64877021e-01
    5.99960148e-01 8.61749530e-01 4.26067740e-01 3.13393295e-01
    6.50529027e-01 4.13763732e-01 5.15288711e-01 6.47975206e-01
    7.54776478e-01 7.89099991e-01 5.01673162e-01 3.61251652e-01
    3.91974062e-01 7.42200732e-01 2.12053299e-01 3.42318535e-01
    9.97044623e-01 4.11957532e-01 3.14627707e-01 7.78625548e-01
    7.46959925e-01 9.42636907e-01 1.80735052e-01 6.24982476e-01
    4.01613057e-01 8.30728054e-01 3.90081406e-01 9.93630350e-01
    8.45770836e-01 5.14443457e-01 5.95838785e-01 5.51558733e-01
    7.09181547e-01 8.82622838e-01 5.30838430e-01 7.13506937e-01
    5.75857699e-01 3.57790947e-01 5.74131727e-01 9.96714115e-01
    5.44746578e-01 9.97230649e-01 3.80015731e-01 4.47813421e-01
    3.63423288e-01 3.05869579e-01 7.64041364e-01 9.27693248e-01
    5.97785473e-01 3.33170593e-02 3.59687001e-01 4.25899148e-01
    1.11158669e-01 8.58243227e-01 4.05565917e-01 2.68161297e-01
    1.51863664e-01 7.00754225e-02 7.13950336e-01 5.79202116e-01
    8.69220018e-01 7.87333131e-01 9.77766752e-01 2.74788737e-01
    9.93104935e-01 4.60254133e-01 7.05094099e-01 6.70526564e-01
    4.54803944e-01 3.08004677e-01 3.70045483e-01 7.58274257e-01
    8.14668000e-01 4.04563576e-01 5.29073954e-01 5.82475901e-01
    5.71066320e-01 4.70565230e-01 4.55995917e-01 6.89264894e-01
    6.15219951e-01 6.29458427e-01 5.01220286e-01 9.01908100e-01
    6.58124149e-01 8.03004265e-01 3.33962739e-01 2.99495399e-01
    8.24766040e-01 8.61690044e-02 6.14924967e-01 1.90735191e-01
    9.25561249e-01 3.25076580e-02 8.12426925e-01 2.45918274e-01
    1.62801117e-01 6.80260360e-01 2.14689046e-01 1.65217191e-01
    8.65041852e-01 9.28387582e-01 9.21507955e-01 9.26537752e-01
    1.43880248e-02 9.18352365e-01 2.49920994e-01 7.81341732e-01
    3.17069411e-01 6.39659643e-01 5.80728352e-01 6.93390489e-01
    4.74984944e-01 6.98843360e-01 3.52677524e-01 4.27093953e-01
    2.89349616e-01 8.19065750e-01 8.59916091e-01 6.75843835e-01
    3.20834309e-01 1.37643784e-01 1.25506848e-01 3.02458674e-01
    1.55440778e-01 6.24843359e-01 2.24163562e-01 6.78357244e-01
    4.63610202e-01 7.09320545e-01 9.29910243e-02 5.80948353e-01
    8.31612110e-01 9.83617604e-01 5.61662316e-01 2.08019763e-01
    6.69939637e-01 3.87396276e-01 9.98401403e-01 1.72865689e-02
    9.83922362e-01 2.28427231e-01 7.07005382e-01 9.07641768e-01
    7.66494870e-01 7.33026445e-01 6.77757323e-01 7.25569606e-01
    9.42800164e-01 4.40175354e-01 5.46328425e-02 9.35108066e-01
    4.48836148e-01 6.74564242e-02 9.09737945e-02 5.33525586e-01
    1.16200596e-01 8.02125692e-01 8.09756637e-01 6.81418777e-01
    1.08475059e-01 4.28560138e-01 7.61966825e-01 9.10887480e-01
    8.34043324e-01 8.61194432e-01 8.31814826e-01 1.78170234e-01
    5.88626385e-01 3.34967613e-01 3.70882154e-01 3.27821493e-01
    3.25834453e-02 5.16076982e-01 6.19882047e-02 5.65072834e-01
    5.07383466e-01 9.86336648e-01 2.48336315e-01 3.21793467e-01
    8.48419309e-01 5.22066057e-01 3.21917415e-01 2.49981403e-01
    7.55589724e-01 3.94209653e-01 6.19436145e-01 1.77375376e-02
    6.01263106e-01 5.69816232e-01 9.26741362e-01 7.61116982e-01
    4.07771796e-01 2.38407463e-01 7.64450192e-01 6.16023839e-02
    9.07564640e-01 8.60273600e-01 2.88590491e-01 9.86544251e-01
    1.99332505e-01 3.05428356e-01 8.30956697e-01 8.99483562e-01
    5.47014177e-01 9.69309688e-01 4.22080368e-01 7.20717669e-01
    5.16132355e-01 5.44989109e-01 3.09022516e-01 8.97019506e-01
    1.69376463e-01 5.87619901e-01 9.95100737e-01 8.08557749e-01
    3.00666064e-01 3.40711951e-01 5.30388832e-01 3.81280005e-01
    5.27960062e-03 4.28729653e-01 8.20137382e-01 2.88414359e-01
    1.53817236e-01 5.28184891e-01 5.79122901e-01 7.38536358e-01
    4.37584996e-01 8.88834476e-01 6.55935049e-01 6.11729264e-01
    2.19286025e-01 2.34495997e-02 2.42113113e-01 1.14979565e-01
    5.42450011e-01 8.01720023e-01 1.43493831e-01 4.92430568e-01
    7.48651266e-01 4.60698396e-01 7.20448971e-01 5.62373042e-01
    8.17728400e-01 7.64127612e-01 2.51524419e-01 9.07223940e-01
    1.90035194e-01 8.52429152e-01 8.60304236e-01 8.97085726e-01
    6.72617853e-01 1.42446280e-01 8.61371636e-01 2.01212972e-01
    6.31529331e-01 1.59240097e-01 3.86693537e-01 4.21645075e-01
    9.26959693e-01 2.01415390e-01 8.34809244e-01 1.94891989e-02
    1.53650224e-01 5.36614358e-02 4.21106815e-02 3.08883131e-01
    8.71016622e-01 9.55221415e-01 2.11463183e-01 1.96486413e-01
    6.61618233e-01 6.10279620e-01 4.08783138e-01 9.96290565e-01
    5.69069266e-01 1.68281555e-01 4.35265213e-01 6.73700094e-01
    6.56409860e-02 2.10542917e-01 2.86891580e-01 7.20724702e-01
    9.37537670e-01 4.85866457e-01 7.72610307e-03 9.63848948e-01
    8.16166997e-02 7.05836117e-02 6.33588135e-01 6.46551192e-01
    6.73693180e-01 4.54832852e-01 9.73238945e-02 5.45209467e-01
    1.76657647e-01 2.18384564e-02 2.23889351e-01 5.33392072e-01
    6.10634685e-01 4.51591522e-01 3.05726528e-01 3.24407876e-01
    1.73404187e-01 8.70693207e-01 1.98835373e-01 7.34802783e-02
    1.87849104e-01 3.94995034e-01 2.94012427e-02 3.54430914e-01
    7.23292410e-01 9.99992490e-01 8.85705233e-01 4.56063032e-01
    8.35127473e-01 3.20855975e-01 9.31779861e-01 3.98477674e-01
    8.49392176e-01 4.87874806e-01 1.20327413e-01 5.44957459e-01
    5.12868166e-02 1.76165909e-01 3.48328263e-01 6.17836773e-01
    9.87185001e-01 7.28239894e-01 7.01743603e-01 1.10471874e-01
    4.30622458e-01 5.63957334e-01 3.31589013e-01 5.95589817e-01
    3.07991266e-01 8.27069044e-01 1.13652349e-01 5.07545650e-01
    9.19641495e-01 1.10717207e-01 8.14913154e-01 2.44282186e-02
    1.52122736e-01 2.60020435e-01 3.46249253e-01 1.47751570e-01
    1.85350090e-01 1.07325017e-01 7.72487521e-02 1.33071691e-01
    7.05079913e-01 5.49076140e-01 3.95374089e-01 3.88200819e-01
    6.90668464e-01 6.35077953e-01 3.78921092e-01 6.48391724e-01
    1.63929701e-01 6.21326268e-01 7.15308666e-01 5.18716276e-02
    2.93524802e-01 3.27153802e-01 1.36659414e-01 7.23639250e-01
    9.35224593e-01 9.55315948e-01 1.88518345e-01 4.50202525e-01
    8.95965219e-01 7.34880030e-01 6.40180171e-01 5.61650515e-01
    5.75318456e-01 3.88915241e-02 4.05989230e-01 1.17509007e-01
    3.13312590e-01 1.26476407e-01 1.37654215e-01 1.46104723e-01
    9.33741093e-01 1.14654481e-01 5.03770769e-01 6.62126184e-01
    2.66318381e-01 9.73915219e-01 7.61306584e-01 6.90570354e-01
    4.14274633e-02 8.76379013e-01 3.93811494e-01 8.55856955e-01
    8.46457303e-01 7.16798127e-01 1.57880545e-01 8.14085007e-01
    2.70722538e-01 8.93148839e-01 9.70388651e-02 1.41521990e-02
    7.38137364e-01 8.49620402e-02 7.14722872e-01 7.40370989e-01
    6.66236937e-01 3.91757786e-02 5.63832641e-01 9.30120945e-01
    2.88671076e-01 4.52129304e-01 6.16311550e-01 7.02407897e-01
    2.83396661e-01 9.39733565e-01 7.36690164e-02 3.82845700e-02
    6.77956223e-01 5.80848038e-01 5.57905853e-01 6.17323995e-01
    7.40728498e-01 1.93570584e-01 8.89008522e-01 9.00292397e-02
    6.87049627e-01 4.65992808e-01 9.00622725e-01 1.17723465e-01
    1.31213039e-01 8.60365868e-01 3.12761277e-01 7.82769918e-02
    7.35275269e-01 7.15784431e-01 9.42225337e-01 1.29175186e-02
    7.84916461e-01 1.58127666e-01 5.71461439e-01 6.11413598e-01
    7.92522550e-01 9.05049205e-01 4.47105318e-01 6.89620614e-01
    4.61779326e-01 7.35669315e-01 3.17160189e-02 5.47452033e-01
    7.30406165e-01 3.83634716e-01 2.28440166e-01 4.30546880e-01
    7.66461194e-02 1.88576877e-01 4.75008607e-01 3.25456023e-01
    8.67237568e-01 8.66317987e-01 3.15331191e-01 1.46678090e-03
    2.94418097e-01 9.82489288e-01 4.52763975e-01 3.92454565e-01
    4.75085288e-01 1.59132749e-01 1.16746247e-01 1.09786093e-01
    8.33090544e-01 8.76038373e-01 8.27077031e-03 1.69033527e-01
    1.91845536e-01 2.76165634e-01 8.78090501e-01 1.71414107e-01
    7.67342687e-01 3.14858198e-01 8.23632300e-01 6.81553841e-01
    9.92607176e-02 8.67465615e-01 5.32002449e-01 4.79020864e-01
    1.23542130e-01 9.22514439e-01 8.12518954e-01 6.50631964e-01
    5.70113122e-01 2.93615997e-01 4.21033919e-01 8.37483466e-01
    7.01495886e-01 4.71660137e-01 9.02671695e-01 3.37983668e-02
    5.21019757e-01 6.51765943e-01 8.54798436e-01 7.86486387e-01
    4.31741774e-01 7.80512452e-01 6.55670524e-01 7.52304077e-01
    9.91151810e-01 8.89638066e-01 8.25515628e-01 2.33663559e-01
    7.96426833e-02 2.71556079e-02 9.51480210e-01 4.53174114e-03
    2.52537191e-01 1.36430353e-01 8.93417716e-01 6.06648684e-01
    6.78186834e-01 5.72527826e-01 1.09025419e-01 1.28512025e-01
    4.47853595e-01 7.63020635e-01 3.16860259e-01 3.19153905e-01
    1.56239837e-01 4.58504140e-01 1.12113357e-03 1.48097515e-01
    4.64036673e-01 9.00167704e-01 7.44761765e-01 6.37619138e-01
    2.41455853e-01 4.00203377e-01 5.08513987e-01 7.89130926e-01
    4.07787830e-01 5.98763824e-01 7.18406081e-01 3.73159885e-01
    8.87137055e-01 3.90082896e-01 9.36295211e-01 7.99765587e-02
    6.39448285e-01 6.12143457e-01 1.76941007e-01 4.13402051e-01
    8.30702126e-01 5.74225426e-01 2.63680637e-01 9.53876853e-01
    3.00438464e-01 1.23198211e-01 4.03799474e-01 7.17630684e-01
    1.85950100e-01 4.48551476e-01 1.12777412e-01 2.10210681e-03
    3.19332540e-01 8.33584309e-01 2.40114540e-01 7.33677149e-01
    3.28627169e-01 1.09305620e-01 4.89266992e-01 3.18838954e-01
    6.16058707e-01 2.33555317e-01 3.46373528e-01 1.96077764e-01
    2.12795138e-01 6.85839295e-01 4.19109285e-01 9.92906213e-01
    5.96715391e-01 5.71384609e-01 1.80085361e-01 5.22255540e-01
    7.48776495e-01 8.47852230e-03 8.60755503e-01 7.59127975e-01
    2.53927112e-01 2.85860091e-01 7.13922024e-01 9.29156184e-01
    5.19871891e-01 9.92825329e-01 5.46412706e-01 9.94254351e-01
    2.03412771e-02 2.18273610e-01 9.07231748e-01 8.92862856e-01
    8.57726932e-01 8.03057313e-01 1.40874565e-01 3.75697285e-01
    4.78831589e-01 6.57937825e-02 9.13526714e-02 2.21569002e-01
    8.59618545e-01 2.67768592e-01 9.43351030e-01 2.39536107e-01
    6.55565560e-01 7.75725245e-02 6.55554056e-01 4.93477404e-01
    2.27417946e-02 7.58933425e-02 6.66201115e-01 8.56780887e-01
    3.22020113e-01 8.97092342e-01 8.49436641e-01 5.64899266e-01
    9.74114776e-01 7.62398481e-01 3.56830776e-01 6.34385228e-01
    9.94596362e-01 7.45153546e-01 2.66245782e-01 5.02530158e-01
    3.75621319e-02 4.83030349e-01 5.06659389e-01 8.52907062e-01
    4.33676064e-01 2.41079152e-01 5.83315969e-01 2.48833299e-01
    2.49205679e-01 8.97443771e-01 4.75343138e-01 2.11872190e-01
    4.33692336e-01 4.88825351e-01 7.62811065e-01 8.32753181e-01
    9.47387338e-01 7.70070672e-01 3.32296491e-01 7.12992370e-01
    9.31454301e-01 1.74710184e-01 3.59337330e-02 5.07281542e-01
    9.49601531e-01 8.16181183e-01 8.38197351e-01 6.80975139e-01
    1.21443033e-01 6.38218760e-01 7.54952073e-01 5.28032899e-01
    3.74377966e-01 3.32322687e-01 8.77784193e-01 1.14388853e-01
    8.45894933e-01 3.90686095e-01 7.78355122e-01 4.65930700e-01
    3.19234908e-01 4.62834328e-01 7.52493739e-02 3.32305521e-01
    3.07766616e-01 4.38088179e-02 9.39922631e-02 7.18619227e-01
    7.78617740e-01 5.49717307e-01 8.93408179e-01 8.51545811e-01
    3.07320237e-01 7.49876559e-01 8.12626302e-01 2.98634917e-01
    8.01073670e-01 9.13098812e-01 4.44844514e-01 5.55867374e-01
    8.46498966e-01 3.22071105e-01 4.38621789e-01 9.93987322e-01
    6.16618991e-01 1.02395058e-01 5.09326220e-01 1.85916752e-01
    8.02424788e-01 6.96199536e-01 1.76867604e-01 9.92020249e-01
    9.95882154e-01 6.07985258e-01 9.75118637e-01 9.66351986e-01
    2.17879444e-01 1.72735453e-02 9.14707780e-01 6.53032184e-01
    8.37651193e-01 7.77691722e-01 6.97368383e-01 3.52491438e-01
    9.77664530e-01 7.26741433e-01 2.98006237e-01 1.35359704e-01
    7.57264256e-01 5.53537071e-01 6.04003847e-01 3.41148883e-01
    7.42666841e-01 7.94992685e-01 7.93478668e-01 8.24150681e-01
    7.49771297e-01 8.88682365e-01 7.97580838e-01 2.87834883e-01
    2.17955053e-01 9.63014364e-01 5.95959544e-01 1.18731827e-01
    1.76647842e-01 5.73095262e-01 1.54395193e-01 9.77008700e-01
    4.74319100e-01 9.74643230e-03 2.22154945e-01 7.39304423e-01
    1.24700844e-01 1.31601304e-01 7.65213668e-01 6.84127450e-01
    1.64797753e-01 3.78359377e-01 3.09577763e-01 6.61555946e-01
    2.70909727e-01 7.73261905e-01 2.55729556e-02 4.86907005e-01
    1.41984731e-01 3.20610702e-01 4.25089419e-01 6.63296103e-01
    4.86462653e-01 4.70698774e-02 8.02887440e-01 1.61130607e-01
    5.09802639e-01 1.97954208e-01 3.78635883e-01 2.83996105e-01
    6.98062599e-01 4.00358438e-03 1.31938189e-01 8.69177938e-01
    8.76950324e-01 5.82280040e-01 2.18591452e-01 8.35918307e-01
    4.60005909e-01 4.63687092e-01 6.07375205e-02 1.41063482e-01
    3.48948896e-01 1.33901000e-01 9.59015489e-01 3.43802571e-03
    7.61156678e-02 9.28745568e-02 9.65785861e-01 4.05982137e-03
    2.49101967e-01 9.80621576e-03 9.57194924e-01 9.43494976e-01
    8.76081467e-01 3.75984758e-01 5.41272283e-01 4.79552150e-01
    9.94994044e-02 2.36618757e-01 2.65773326e-01 4.29864317e-01
    6.65246546e-01 6.86036110e-01 1.46629572e-01 4.46214586e-01
    1.08947188e-01 4.47129279e-01 8.78114462e-01 8.69054258e-01
    4.60171103e-01 6.60941005e-02 8.41523230e-01 9.00534391e-02
    1.37667954e-01 5.18175840e-01 7.46456742e-01 4.35529947e-02
    5.26337743e-01 8.28231454e-01 8.50902081e-01 5.08165956e-01
    6.39141440e-01 4.49184299e-01 8.29080343e-01 7.04425216e-01
    3.14404964e-01 9.62564349e-02 4.46707070e-01 7.75001287e-01
    6.47412658e-01 5.05965471e-01 8.78484368e-01 1.99135244e-01
    8.51160288e-02 6.36543155e-01 7.50095367e-01 9.69914675e-01
    8.47047210e-01 7.64757037e-01 6.84902251e-01 1.74986392e-01
    4.70806330e-01 6.66284800e-01 9.98238444e-01 7.31431842e-01
    9.99368429e-01 3.75414968e-01 7.70664454e-01 6.04021668e-01
    3.72270793e-01 6.47948265e-01 9.10624385e-01 2.18448192e-01
    3.06992710e-01 8.79772604e-01 4.33759511e-01 5.50022423e-01
    2.91077405e-01 6.31494045e-01 1.82389826e-01 3.36339533e-01
    8.93759727e-03 2.83973217e-02 8.42164397e-01 8.44282866e-01
    8.44633579e-03 4.42561507e-03 4.46468115e-01 3.72088343e-01
    5.46749473e-01 2.37239152e-01 7.75974214e-01 4.04982120e-01
    7.48997390e-01 1.27088279e-01 3.17974776e-01 2.11496234e-01
    3.91634285e-01 3.05231869e-01 9.68025208e-01 5.43529212e-01
    7.65118182e-01 2.38728493e-01 9.23302412e-01 6.56881809e-01
    5.09584069e-01 5.32256305e-01 4.69548315e-01 8.20057392e-01
    1.06037080e-01 4.13675845e-01 4.70471621e-01 8.65067065e-01
    9.91581559e-01 1.04986370e-01 6.78531051e-01 1.54815108e-01
    7.90016830e-01 7.92117238e-01 3.96092415e-01 8.14824939e-01
    3.02056909e-01 5.52573502e-02 5.05496442e-01 4.78158951e-01
    6.38511896e-01 1.86818421e-01 3.58508825e-01 7.98766613e-02
    9.70768750e-01 4.27505642e-01 9.74425554e-01 5.49275100e-01
    4.02866960e-01 8.34966004e-01 8.39192510e-01 8.63120198e-01
    9.80005562e-02 3.61035764e-01 4.79501933e-01 4.68283087e-01
    1.29493296e-01 7.52060711e-01 3.59085739e-01 2.87985533e-01
    6.45909250e-01 8.76001000e-01 4.86260056e-01 2.79992104e-01
    8.43970180e-01 4.70419258e-01 1.24761671e-01 3.98977041e-01
    9.86411750e-01 5.78376353e-01 6.00246191e-01 4.55275834e-01
    1.05078459e-01 1.33433670e-01 5.88440359e-01 2.13658482e-01
    9.84977126e-01 5.86098731e-01 2.63939202e-02 6.93748713e-01
    8.62255037e-01 1.85528189e-01 3.71285081e-01 2.33405471e-01
    1.77221149e-01 4.85310674e-01 7.82758474e-01 1.70599520e-01
    6.92114711e-01 5.83510399e-01 3.13712120e-01 8.49159420e-01
    7.50545621e-01 6.74855113e-01 2.45089471e-01 9.01311874e-01
    8.62206817e-01 4.36446011e-01 9.17802095e-01 7.65475452e-01
    2.90924788e-01 5.85506260e-02 5.29021084e-01 5.90385556e-01
    5.20451367e-01 3.31365258e-01 3.47854078e-01 1.90625906e-01
    2.59581268e-01 8.20887566e-01 4.81160253e-01 8.30736160e-02
    1.44478559e-01 1.44082069e-01 5.58016062e-01 1.93724543e-01
    3.06407273e-01 3.35397571e-01 6.20259821e-01 6.07451797e-03
    6.92021906e-01 1.74912632e-01 7.64404655e-01 4.38192487e-02
    8.36052656e-01 2.46048659e-01 3.08103025e-01 2.13053226e-02
    9.49558854e-01 3.28304023e-01 2.62104303e-01 7.65779138e-01
    8.32583010e-02 1.39941394e-01 1.46066219e-01 5.59191763e-01
    2.65507460e-01 3.90897870e-01 9.57991600e-01 8.33977997e-01
    7.75873661e-02 2.66226530e-02 1.72046781e-01 6.29765451e-01
    4.85316157e-01 5.98174930e-02 1.94348902e-01 3.01615894e-01
    7.56869316e-01 1.14535540e-01 9.01430964e-01 7.82103896e-01
    1.30110800e-01 3.97245020e-01 8.10607851e-01 7.29664981e-01
    5.14978409e-01 4.97561425e-01 1.95317715e-01 1.78096056e-01
    2.22035766e-01 9.67172265e-01 1.50280982e-01 5.77776551e-01
    9.58964586e-01 7.91523457e-01 8.31073940e-01 4.64333296e-02
    3.84917021e-01 7.49065816e-01 9.64455664e-01 7.78448701e-01
    3.98060471e-01 2.55965054e-01 7.64838517e-01 2.56601274e-01
    9.65069950e-01 7.54952908e-01 3.72021258e-01 3.77814770e-01
    5.98859787e-01 6.36164129e-01 5.13650894e-01 4.44922090e-01
    4.86277044e-01 5.20231187e-01 9.14782107e-01 4.18959141e-01
    7.10653543e-01 2.13942438e-01 8.92280042e-02 6.30948067e-01
    8.04031730e-01 4.35175002e-01 2.36585975e-01 6.83100939e-01
    7.93127418e-01 4.30171311e-01 5.25906920e-01 1.80667937e-01
    3.57114732e-01 8.22855234e-02 1.60376251e-01 4.24730927e-01
    7.11804152e-01 6.82310522e-01 7.31544256e-01 5.23892045e-01
    2.57616341e-01 4.96496558e-02 8.46703053e-02 5.06635547e-01
    6.92494333e-01 8.44252110e-02 7.12440312e-02 1.61237955e-01
    8.86937857e-01 3.85285854e-01 7.74598777e-01 5.43133378e-01
    1.12505645e-01 7.84110129e-02 8.55555594e-01 1.94989383e-01
    5.91289580e-01 2.85942644e-01 4.22909856e-03 6.95766211e-01
    7.18092620e-02 3.68668646e-01 1.92298681e-01 3.69031698e-01
    5.61836600e-01 2.44237095e-01 4.93605971e-01 7.99308896e-01
    9.22811270e-01 8.70992541e-01 8.84216547e-01 1.18384004e-01
    5.27112722e-01 6.58249736e-01 5.38902223e-01 4.48311508e-01
    9.32561636e-01 4.66860622e-01 8.19714069e-02 5.72327316e-01
    4.95574862e-01 7.93394208e-01 3.44452322e-01 9.33022499e-01
    6.10601604e-02 9.25118029e-02 1.47157699e-01 1.69478476e-01
    7.88447380e-01 7.56579041e-01 6.59590840e-01 2.93778270e-01
    7.64404118e-01 4.46115911e-01 8.26939464e-01 5.02159297e-01
    3.79524589e-01 9.74690378e-01 7.30071545e-01 6.79750323e-01
    9.18237090e-01 8.90309215e-02 7.00278163e-01 7.52454996e-01
    1.53883219e-01 2.58567393e-01 5.98820508e-01 4.35696602e-01
    6.46951199e-01 4.35274392e-01 9.65543389e-01 6.23510957e-01
    2.58964300e-01 7.93127179e-01 4.19463813e-01 3.95706236e-01
    4.34195936e-01 1.52300596e-02 4.46457565e-01 1.00241214e-01
    7.71464944e-01 7.57382274e-01 1.30059093e-01 5.44345498e-01
    4.46294308e-01 1.80401057e-01 7.50476003e-01 7.30896294e-01
    6.93373740e-01 1.65408909e-01 6.88703060e-01 4.99202251e-01
    4.03675109e-01 4.24203575e-01 5.36010087e-01 8.09382260e-01
    4.89114583e-01 5.07755458e-01 3.39074939e-01 8.40191364e-01
    9.23958838e-01 8.70025039e-01 3.06608915e-01 2.12855726e-01
    3.01106781e-01 6.89767301e-02 6.34533644e-01 8.29869449e-01
    8.09852362e-01 2.67838538e-02 9.24779654e-01 2.73865759e-01
    8.40722680e-01 1.33191794e-01 4.88568217e-01 6.13240898e-02
    5.73117971e-01 8.99538159e-01 5.25756061e-01 4.32176381e-01
    9.99186277e-01 6.15089059e-01 1.27587557e-01 6.94238842e-02
    7.55795121e-01 1.89281225e-01 2.91452229e-01 2.86276907e-01
    1.60990745e-01 2.15763003e-01 6.74174309e-01 9.20844078e-03
    9.57492471e-01 9.28344309e-01 6.73912585e-01 4.03567463e-01
    5.38849831e-01 6.45421386e-01 2.58637309e-01 1.84323698e-01
    7.30548501e-01 3.66717249e-01 3.78602743e-02 5.98825872e-01
    4.17275161e-01 5.80897450e-01 2.09581524e-01 9.51394558e-01
    7.97056079e-01 1.27023131e-01 9.70792174e-02 2.15880275e-02
    5.59906840e-01 6.31962895e-01 9.18706298e-01 6.72173321e-01
    5.54521620e-01 3.42528820e-01 5.73963463e-01 8.69960070e-01
    3.48340869e-01 8.11820805e-01 8.05775225e-02 7.82499433e-01
    3.22210699e-01 2.07493305e-01 2.26616830e-01 2.18211114e-02
    3.55902314e-02 3.51704627e-01 2.51865804e-01 8.78049254e-01
    3.77247512e-01 2.37421095e-01 4.69684601e-04 9.17596340e-01
    5.55135548e-01 6.08175457e-01 2.32344270e-02 4.01904523e-01
    6.11528039e-01 3.94364506e-01 2.72914469e-01 3.36459100e-01
    7.35056520e-01 7.12167621e-01 1.52870893e-01 8.65804076e-01
    7.80785382e-02 8.41220617e-01 4.28802073e-02 8.68692517e-01
    4.21550810e-01 2.92968750e-01 3.54949653e-01 9.15181637e-01
    1.86756849e-02 5.21327257e-01 8.81043375e-01 4.27400231e-01
    6.34641171e-01 8.83073688e-01 2.52338856e-01 7.51067638e-01
    8.58657002e-01 8.08006823e-02 4.05333042e-01 5.46953857e-01
    8.80943537e-01 2.27404267e-01 4.81257409e-01 8.60727310e-01
    2.85476714e-01 6.15688026e-01 6.48746729e-01 2.45161563e-01
    9.59188700e-01 2.26734042e-01 8.18668664e-01 3.47096175e-01
    4.52869058e-01 2.42624879e-01 8.32363605e-01 7.94734955e-01
    2.06970543e-01 6.34725094e-02 1.26865715e-01 2.79966086e-01
    1.42678648e-01 1.93197966e-01 1.34078145e-01 6.28707230e-01
    2.55277157e-01 2.91409075e-01 1.73123717e-01 4.91930872e-01
    4.36059773e-01 2.29972333e-01 9.28784192e-01 5.37339866e-01
    6.09075904e-01 6.91325665e-01 2.15502024e-01 7.78227568e-01
    3.04967761e-01 7.82015026e-01 9.81700659e-01 9.53132689e-01
    1.96473837e-01 3.49495292e-01 1.95005596e-01 2.07510471e-01
    4.72056210e-01 9.10886228e-02 1.78434789e-01 6.24047041e-01
    8.51104856e-01 2.36496925e-02 9.72486019e-01 4.56111401e-01
    9.69838023e-01 1.41979337e-01 6.53212965e-01 1.36198997e-02
    6.77925110e-01 7.29761422e-01 1.32280082e-01 4.70982283e-01
    5.54731846e-01 4.21198934e-01 3.11827898e-01 9.79613721e-01
    2.88871914e-01 3.51482749e-01 4.84495133e-01 8.82810354e-01
    8.56891870e-01 8.20789695e-01 7.16784596e-03 2.20516622e-01
    5.19610226e-01 5.92389047e-01 3.16283077e-01 4.70405519e-02
    5.84803224e-02 8.79071236e-01 7.77885556e-01 4.90635186e-01
    6.75933838e-01 5.08449674e-01 1.89573944e-01 3.74032319e-01
    9.01987731e-01 7.00419605e-01 9.53960478e-01 5.70632517e-01
    3.95791650e-01 4.89551723e-01 5.26036084e-01 1.04378879e-01
    7.90018082e-01 2.19464749e-01 3.35067511e-02 6.94135427e-01
    8.72591913e-01 5.26727200e-01 8.78693521e-01 6.64301515e-02
    1.84940875e-01 1.27521664e-01 7.70934820e-02 4.74830598e-01
    1.96658373e-02 6.11504912e-01 5.61301410e-01 6.57667637e-01
    4.34344530e-01 3.65406811e-01 2.42286503e-01 5.18116176e-01
    4.19962943e-01 3.92648906e-01 8.48782480e-01 9.43003178e-01
    2.07670987e-01 4.82100904e-01 3.10466290e-01 2.36016899e-01
    5.22135913e-01 7.18267262e-02 2.01457709e-01 8.03094566e-01
    5.00513017e-01 6.56646848e-01 6.76092148e-01 9.45498466e-01
    7.40024447e-02 5.09449124e-01 3.55762839e-01 2.60893166e-01
    3.71316940e-01 8.32371533e-01 6.66622281e-01 8.63545895e-01
    6.62442207e-01 7.84797430e-01 7.92710185e-02 7.70784616e-02
    6.25402927e-02 3.46094370e-02 8.07874501e-01 9.82017815e-01
    4.55954701e-01 3.29788715e-01 3.75550091e-01 2.29840249e-01
    1.47219092e-01 3.67381871e-01 5.40781438e-01 2.90228128e-01
    5.62606990e-01 4.61339772e-01 8.91941309e-01 6.31586373e-01
    3.32094193e-01 3.87139887e-01 7.48103142e-01 9.28417683e-01
    6.34635329e-01 3.46562386e-01 8.19187164e-01 3.15659523e-01
    7.07516968e-02 6.52974010e-01 8.74284267e-01 2.50091881e-01
    4.70632195e-01 6.92314506e-01 6.30985141e-01 7.57194996e-01
    4.08031225e-01 2.09100246e-01 9.80652928e-01 6.97983325e-01
    7.30355740e-01 1.12364739e-01 4.98532444e-01 3.84650469e-01
    5.64954698e-01 6.14325464e-01 1.21805429e-01 4.36408579e-01
    1.27862453e-01 2.74217367e-01 8.26421976e-02 4.76229489e-01
    6.42706156e-01 8.32235336e-01 3.91368568e-01 4.80581671e-01
    4.37700272e-01 4.76413131e-01 4.93851483e-01 3.92498642e-01
    2.54071832e-01 9.04547215e-01 7.48017192e-01 4.44360852e-01
    8.72176170e-01 7.85635591e-01 1.48429275e-02 1.09142572e-01
    6.48284912e-01 2.48776615e-01 5.06773591e-01 7.63649344e-01
    2.02695310e-01 4.68935698e-01 8.89179349e-01 5.99880099e-01
    2.67121255e-01 3.66431385e-01 4.47664261e-02 8.68771136e-01
    6.20653987e-01 3.88511360e-01 7.18352556e-01 7.33173370e-01
    7.36387849e-01 6.28336191e-01 3.18739593e-01 2.37207115e-02
    2.36632824e-01 4.15081888e-01 7.77289808e-01 1.39547199e-01
    9.79473233e-01 6.98599875e-01 1.35438442e-02 4.73837137e-01
    9.71316516e-01 2.37941533e-01 1.75917149e-01 8.47176313e-01
    1.61089271e-01 1.71817064e-01 4.30722713e-01 9.36622620e-02
    7.43060827e-01 9.49278355e-01 8.62468839e-01 7.76701331e-01
    4.86366093e-01 3.70106399e-01 1.71317458e-02 5.24250031e-01
    9.83092904e-01 6.58324301e-01 8.09970498e-03 5.42971313e-01
    2.80725777e-01 9.42373395e-01 9.73471403e-02 2.81762600e-01
    4.47884262e-01 3.35336089e-01 2.18226314e-02 3.66098940e-01
    7.28963971e-01 9.40022230e-01 8.06004882e-01 3.58173132e-01
    1.99425817e-01 3.51275593e-01 5.43869853e-01 6.83001220e-01
    2.69285262e-01 7.51342416e-01 3.02365810e-01 1.44533098e-01
    2.47720420e-01 2.75243998e-01 5.53799272e-01 8.96584868e-01
    1.41869068e-01 1.19982123e-01 6.83782458e-01 7.92566478e-01
    4.00856674e-01 5.84724247e-01 8.04475248e-02 8.99242282e-01
    6.94022775e-01 4.97797817e-01 4.59748656e-01 3.81255716e-01
    9.69848335e-02 6.38588071e-02 9.90258753e-01 6.58992887e-01
    9.77938771e-02 8.66750658e-01 6.92043304e-01 5.36314487e-01
    6.77186012e-01 5.10419965e-01 4.74791586e-01 7.16198146e-01
    4.98064548e-01 3.62729967e-01 6.97489381e-01 7.80444443e-02
    3.79737377e-01 9.99008417e-01 6.52456939e-01 1.13254189e-02
    2.12864369e-01 6.15993142e-01 3.37361068e-01 9.99746025e-02
    6.14518881e-01 3.01771045e-01 7.40607858e-01 9.58441794e-02
    7.84111738e-01 2.02095896e-01 2.38792270e-01 4.97008413e-01
    7.39467621e-01 3.28285724e-01 5.28843164e-01 2.23378241e-02
    3.31591278e-01 8.43422115e-01 9.71817434e-01 8.94432664e-01
    6.14000261e-02 9.90791678e-01 1.00270391e-01 5.63847303e-01
    6.88875377e-01 9.22843695e-01 7.43076205e-03 5.36604404e-01
    9.09618974e-01 4.19726342e-01 6.30501866e-01 5.82692146e-01
    8.27490330e-01 7.89720833e-01 1.42323613e-01 2.21543461e-01
    9.31449175e-01 9.78821874e-01 2.16159284e-01 3.06131095e-01
    4.92593944e-02 1.50179505e-01 6.55681074e-01 1.50170773e-01
    9.39328194e-01 7.44179487e-01 4.37605381e-03 3.36957455e-01
    2.73809731e-01 6.73447132e-01 7.35812902e-01 7.20008731e-01
    8.68130088e-01 4.03164655e-01 1.70562208e-01 4.87586260e-02
    1.57265604e-01 6.57458127e-01 7.68982291e-01 3.90788674e-01
    5.90991676e-01 2.49019653e-01 2.41493851e-01 6.61561668e-01
    5.20722508e-01 4.82164055e-01 8.58647525e-01 2.68915296e-02
    5.71960866e-01 2.28064388e-01 5.87660789e-01 6.99042082e-01
    9.80905414e-01 5.70144057e-01 7.23181963e-01 6.60637319e-02
    6.36381209e-02 9.61292267e-01 8.56948614e-01 2.16468096e-01
    3.61721039e-01 2.48112321e-01 5.20793676e-01 9.08604145e-01
    4.09695417e-01 6.32883310e-02 4.35417801e-01 5.31448126e-01
    3.23790610e-02 2.21198529e-01 7.22247481e-01 8.02633762e-01
    7.70202756e-01 4.88851666e-01 8.60965371e-01 3.17924261e-01
    3.18867385e-01 7.22810626e-02 2.21785367e-01 5.85250437e-01
    7.34493136e-01 8.60490680e-01 3.24009389e-01 5.01116872e-01
    1.01940989e-01 1.42021745e-01 4.97339129e-01 7.84610212e-01
    4.64514136e-01 3.19044352e-01 9.28281546e-01 6.01985514e-01
    4.84874129e-01 2.51362920e-01 9.93033648e-01 3.61228108e-01
    3.42103243e-02 9.83917654e-01 2.30472088e-01 1.86977088e-02
    7.41746426e-02 6.38633788e-01 7.54883051e-01 6.78749919e-01
    7.77819455e-01 3.09464157e-01 8.14364910e-01 2.18942463e-02
    8.73078585e-01 2.63225019e-01 2.81444669e-01 3.67038429e-01
    1.84442461e-01 9.74578917e-01 3.08298588e-01 8.87169838e-02
    6.40342772e-01 5.23201764e-01 7.44240582e-01 2.44527400e-01
    5.69908381e-01 9.54127192e-01 6.03491068e-01 9.48813319e-01
    6.72920823e-01 7.21462071e-02 2.99651206e-01 5.98947883e-01
    2.43955463e-01 3.51862490e-01 5.33094406e-02 7.01700568e-01
    5.30441523e-01 1.61220729e-01 8.65910530e-01 5.49571812e-01
    1.47704750e-01 6.76835001e-01 8.07571590e-01 3.34267616e-02
    7.94867873e-01 4.70838875e-01 4.29423273e-01 4.62692380e-02
    4.00191039e-01 2.17092007e-01 8.71722400e-02 8.61853957e-01
    1.89622432e-01 2.22433805e-02 7.93037593e-01 9.19183969e-01
    1.33901238e-01 6.53148293e-01 8.10643554e-01 9.28464353e-01
    5.41023195e-01 1.49677187e-01 5.64167321e-01 1.00905687e-01
    6.46417439e-02 8.02770257e-01 8.72667193e-01 8.59350264e-02
    5.35999119e-01 1.93920940e-01 2.94834554e-01 9.10465360e-01
    7.86128163e-01 1.94172621e-01 1.69154137e-01 4.41917777e-03
    3.46165419e-01 4.89577651e-03 6.36299551e-02 4.35006022e-01
    1.34362876e-02 9.90437269e-01 8.84810865e-01 3.17312300e-01
    6.66327834e-01 3.18018079e-01 5.27897835e-01 7.28411734e-01
    5.86007118e-01 7.22904682e-01 7.67566323e-01 6.21218801e-01
    5.06853580e-01 2.55924463e-01 2.52690732e-01 9.11114216e-01
    6.28499806e-01 3.13217402e-01 6.20153248e-01 9.36447144e-01
    8.20736885e-02 1.89692646e-01 8.53210926e-01 1.47219419e-01
    5.75296998e-01 9.51461196e-01 7.30450749e-01 6.19194865e-01
    5.93918562e-03 8.69310498e-01 5.55353284e-01 9.42497730e-01
    7.17539310e-01 5.20259142e-01 2.63766766e-01 5.99204659e-01
    7.13662148e-01 4.02814209e-01 5.31536996e-01 6.01722956e-01
    3.42373848e-01 6.98080719e-01 6.06404066e-01 3.73874903e-01
    1.06930792e-01 8.14133525e-01 7.32504427e-02 6.25420630e-01
    1.08378917e-01 5.02254784e-01 8.31072390e-01 8.12720060e-01
    2.86614060e-01 7.60107398e-01 3.37969333e-01 7.44908631e-01
    7.65787542e-01 7.64566660e-01 3.32550228e-01 9.41689253e-01
    4.76199985e-02 9.39658403e-01 9.53623354e-01 1.38294011e-01
    6.19446814e-01 8.18983316e-01 1.95687711e-02 3.27539921e-01
    3.38491559e-01 7.90772438e-02 1.34117037e-01 8.99253845e-01
    8.13716769e-01 1.03131652e-01 6.91472054e-01 3.83091569e-01
    7.10737586e-01 2.40262121e-01 3.50668222e-01 6.40278280e-01
    9.27876949e-01 1.96589231e-01 2.19973922e-02 1.77028239e-01
    5.73720932e-01 7.78233528e-01 2.60085762e-01 3.28442633e-01
    6.09503150e-01 3.21151912e-01 1.01260036e-01 2.15382576e-02
    9.35613275e-01 5.78748584e-02 3.56174022e-01 4.83197570e-02
    7.37366021e-01 7.75386333e-01 8.85984957e-01 2.49032617e-01
    2.29552299e-01 7.52757370e-01 6.15041018e-01 3.77580583e-01
    8.72809172e-01 9.22224760e-01 2.40193963e-01 2.69393861e-01
    9.42717671e-01 7.64111280e-01 8.36470604e-01 7.26591945e-01
    1.64493799e-01 1.82639867e-01 3.13101411e-01 4.09096658e-01
    7.77790844e-01 2.58826435e-01 4.16816384e-01 9.82195556e-01
    2.22768486e-01 1.30811334e-01 2.28560328e-01 4.18892741e-01
    5.14772475e-01 4.15542901e-01 8.14506650e-01 8.38521779e-01
    3.00998181e-01 7.21812129e-01 4.05630291e-01 6.39405727e-01
    7.16033995e-01 2.98707157e-01 7.71706104e-02 1.33174539e-01
    6.85044527e-02 3.92040759e-01 3.75526279e-01 3.12793195e-01
    8.07836056e-02 5.73783219e-01 8.89674127e-01 7.39937246e-01
    2.56813765e-01 5.63114405e-01 2.01169342e-01 1.85649455e-01
    2.82806754e-02 4.18319881e-01 3.48301321e-01 7.84466743e-01
    2.76941776e-01 6.09214008e-01 1.40187591e-01 7.51800776e-01
    2.91653633e-01 5.17889619e-01 4.68100905e-02 6.47117615e-01
    6.50081038e-03 7.10583448e-01 7.48326302e-01 3.98194373e-01
    4.72647011e-01 7.80020714e-01 6.50202572e-01 7.02242255e-01
    8.88949633e-01 4.07839209e-01 4.64151323e-01 9.35671449e-01
    8.73647094e-01 7.74547100e-01 1.95125163e-01 3.44867647e-01
    6.32656455e-01 4.78839666e-01 6.85751140e-01 2.57372737e-01
    3.38630199e-01 2.12731391e-01 2.52158046e-01 9.01847601e-01
    5.18851340e-01 2.31850684e-01 8.17321420e-01 3.45334828e-01
    4.81214494e-01 5.49432695e-01 6.25076294e-01 4.31467980e-01
    4.92840588e-01 3.02466989e-01 3.56039137e-01 5.61790228e-01
    2.62531430e-01 5.61693311e-02 9.16669905e-01 9.33077574e-01
    1.19331479e-02 5.80029547e-01 6.49910331e-01 1.38432592e-01
    2.17789143e-01 6.98557973e-01 8.88389349e-02 6.48827612e-01
    8.85619998e-01 2.49738991e-01 2.02792883e-02 4.57015634e-02
    9.36206162e-01 5.20708859e-01 8.08031082e-01 8.51745129e-01
    9.46997225e-01 1.21799886e-01 7.94313312e-01 8.10983539e-01
    4.04081523e-01 4.92843390e-02 1.70669973e-01 3.76041442e-01
    9.66819763e-01 4.77992713e-01 5.44561565e-01 2.29894847e-01
    5.72171152e-01 6.87605143e-02 8.62456501e-01 6.66616559e-01
    6.40121877e-01 6.70908093e-01 6.82575405e-02 7.24057555e-01
    2.24764615e-01 1.39188826e-01 2.23167241e-02 6.06410205e-01
    7.67644525e-01 4.31208074e-01 6.15190148e-01 2.99513221e-01
    7.39689112e-01 9.05050457e-01 4.40823019e-01 2.49990642e-01
    7.94754624e-01 1.96451306e-01 6.30851090e-01 9.29589987e-01
    6.87953591e-01 8.86347830e-01 6.43179357e-01 5.72084188e-01
    5.75941801e-01 4.41847622e-01 7.91877508e-02 2.34052718e-01
    4.84882951e-01 2.65558541e-01 7.59893358e-01 5.63129902e-01
    2.78285027e-01 6.33412480e-01 1.56127542e-01 3.96621019e-01
    8.41142714e-01 3.07458639e-01 1.32094055e-01 7.70225525e-01
    2.40682423e-01 9.32812989e-02 2.95130014e-01 6.88916445e-02
    9.29718494e-01 3.48055065e-01 8.15268636e-01 2.72089303e-01
    5.99973202e-01 5.52145898e-01 2.94339359e-01 6.42311573e-01
    9.05989289e-01 4.04413044e-02 1.28666401e-01 4.66897041e-01
    2.26329058e-01 7.76694953e-01 9.19513583e-01 6.77680016e-01
    6.22570813e-02 7.59968460e-01 9.84848857e-01 9.92089987e-01
    2.95509130e-01 7.71971464e-01 3.64948869e-01 7.13236034e-02
    6.83068454e-01 7.79011488e-01 2.25268036e-01 2.50039816e-01
    9.21725512e-01 2.11226851e-01 6.53912067e-01 4.50730294e-01
    1.28164113e-01 7.21670568e-01 1.76903307e-01 8.17287207e-01
    9.53485608e-01 4.41158205e-01 2.18293756e-01 9.14267480e-01
    6.39606714e-02 5.75617671e-01 4.46716249e-02 2.85538942e-01
    4.14777815e-01 4.84947622e-01 6.25841022e-02 1.16949350e-01
    3.97640526e-01 5.07384956e-01 8.64688337e-01 4.10975635e-01
    9.93992090e-01 7.95222819e-01 1.00533038e-01 3.84250760e-01
    2.54244417e-01 4.70663816e-01 2.64758855e-01 8.73871803e-01
    3.55750889e-01 2.43365198e-01 2.98033297e-01 5.64468622e-01
    8.84534001e-01 6.54704988e-01 5.38938582e-01 1.19842112e-01
    8.98336172e-01 2.45848984e-01 6.78548574e-01 4.47994292e-01
    7.96870291e-01 4.94133323e-01 7.14645743e-01 5.53119183e-03
    1.36934519e-02 1.08524829e-01 1.65805131e-01 4.99536693e-01
    8.14400792e-01 6.26458347e-01 7.49341607e-01 3.81668329e-01
    3.02723050e-01 4.71972138e-01 1.18309855e-01 9.56028223e-01
    7.29261756e-01 5.21557510e-01 7.34984517e-01 7.20289111e-01
    2.04072148e-01 6.13743067e-01 8.92806053e-02 7.44007289e-01
    3.31844211e-01 9.82366204e-01 8.81305814e-01 3.24077278e-01
    4.82124716e-01 1.28884107e-01 8.16098571e-01 8.34239006e-01
    8.65688205e-01 8.44993591e-01 1.99680626e-02 9.66246784e-01
    6.61896646e-01 1.29502505e-01 4.53678966e-02 8.58005047e-01
    2.73044884e-01 1.83667392e-01 3.65569472e-01 7.74386644e-01
    4.52024758e-01 3.04700136e-02 7.59472132e-01 7.86748886e-01
    1.85249567e-01 2.31376827e-01 2.46988446e-01 5.86105347e-01
    6.70434475e-01 2.17711836e-01 4.25289869e-02 7.34323442e-01
    9.17673111e-01 9.31176841e-02 8.52696180e-01 6.71840847e-01
    1.68980271e-01 5.98947942e-01 3.37235093e-01 7.38731205e-01
    5.60419738e-01 3.93417567e-01 4.01457429e-01 2.91305661e-01
    7.20260918e-01 6.90969884e-01 6.69433713e-01 8.45647335e-01
    2.30486155e-01 4.41185653e-01 6.61074638e-01 2.64982522e-01
    9.24274683e-01 4.31516439e-01 8.42217922e-01 2.18389183e-01
    5.65983176e-01 4.21880424e-01 4.22418118e-02 9.40490663e-02
    3.21238935e-01 4.61038649e-02 6.47747099e-01 4.14769858e-01
    9.62620854e-01 6.76872015e-01 3.01263839e-01 3.21420670e-01
    8.91089678e-01 7.41088033e-01 2.53128469e-01 1.85465693e-01
    7.42170632e-01 5.13041794e-01 8.49277854e-01 7.88167715e-01
    4.37304437e-01 9.49900746e-02 3.72729301e-01 3.10443461e-01
    3.58488739e-01 3.31589639e-01 9.06014979e-01 2.13271350e-01
    5.53589225e-01 6.59441948e-02 8.64947736e-02 8.30246389e-01
    7.98437059e-01 4.98463064e-01 3.23626339e-01 4.29541409e-01
    2.31262863e-01 3.04113835e-01 9.04801190e-02 7.93855190e-01
    3.21441770e-01 3.85651141e-01 1.57787323e-01 7.85224915e-01
    6.86596572e-01 6.13602638e-01 2.28706300e-02 6.94678843e-01
    1.24672592e-01 1.48867846e-01 5.63919544e-02 7.63746619e-01
    4.92528081e-01 7.64288664e-01 4.78262484e-01 2.80117750e-01
    2.43061036e-01 5.45134246e-01 2.36193955e-01 4.12999064e-01
    2.55611420e-01 7.10781157e-01 7.23532021e-01 6.87232733e-01
    6.62201822e-01 9.88037348e-01 3.84207368e-02 4.31495339e-01
    8.87697041e-02 1.89692616e-01 7.67520189e-01 1.24799371e-01
    7.21848965e-01 4.95563030e-01 9.09933329e-01 9.16076481e-01
    9.06768560e-01 2.77924776e-01 4.73847717e-01 4.20502931e-01
    7.98789263e-01 6.26838923e-01 3.89083892e-01 1.24135494e-01
    5.01812518e-01 7.95860529e-01 6.54603481e-01 6.30279064e-01
    1.68905497e-01 3.61505985e-01 6.29289091e-01 5.06652653e-01
    4.97228861e-01 9.78163302e-01 7.04989374e-01 6.16686761e-01
    9.55318987e-01 8.48565698e-02 6.96156025e-01 8.51870835e-01
    3.68490934e-01 1.66912675e-02 9.33295250e-01 6.05192184e-01
    4.48540568e-01 3.61032248e-01 9.08573508e-01 5.94814360e-01
    4.68998998e-01 2.85127938e-01 2.24616677e-01 7.93296099e-01
    9.46548641e-01 9.84489620e-01 5.27449548e-01 7.40734696e-01
    1.89777195e-01 7.79468179e-01 2.27272958e-01 5.46388865e-01
    8.12215269e-01 9.53244746e-01 5.89355111e-01 6.59638047e-02
    4.29794014e-01 5.74179828e-01 8.23178887e-01 8.52947593e-01
    4.18822289e-01 5.88409007e-02 2.16685593e-01 9.46222067e-01
    8.25342417e-01 2.93592632e-01 3.36177886e-01 5.23259759e-01
    3.06349695e-01 6.48917317e-01 8.62481296e-01 6.85776770e-01
    9.45446789e-01 1.09063685e-01 8.45534742e-01 2.90408403e-01
    1.94261372e-01 1.90544039e-01 9.62649703e-01 2.65950233e-01
    4.49407697e-01 2.17390597e-01 8.45754981e-01 6.32922530e-01
    9.70967650e-01 1.61010265e-01 6.35899425e-01 7.19003916e-01
    5.86157084e-01 7.48442233e-01 5.32077551e-01 9.80462193e-01
    8.55649352e-01 8.84778619e-01 7.43787766e-01 3.55858684e-01
    6.67203784e-01 8.82763505e-01 2.88754761e-01 7.72368968e-01
    5.80027640e-01 1.30180597e-01 7.51023769e-01 9.91474569e-01
    5.48157156e-01 5.84920108e-01 9.77676451e-01 6.24538779e-01
    9.71434236e-01 7.47838914e-02 1.54520392e-01 8.60564232e-01
    5.47722578e-01 2.63685465e-01 4.41759884e-01 7.25168467e-01
    6.36022866e-01 8.41979742e-01 5.66637814e-01 3.80414128e-01
    3.83911848e-01 4.63451177e-01 7.24229395e-01 8.79738569e-01
    3.66412699e-01 1.64753407e-01 9.10733163e-01 5.72390437e-01
    3.17130089e-02 3.07690382e-01 5.53431213e-01 9.37099814e-01
    8.38177562e-01 5.30814230e-01 4.43615764e-01 4.15773422e-01
    9.92982268e-01 1.18133068e-01 8.82566452e-01 7.26061881e-01
    2.90515959e-01 7.28150487e-01 1.62477016e-01 4.64778453e-01
    7.82542586e-01 2.05706120e-01 2.72387922e-01 5.68442345e-02
    3.75563055e-01 3.32244635e-02 7.93374896e-01 3.70601892e-01
    2.88194537e-01 5.21832645e-01 7.93548942e-01 1.85361207e-01
    7.28191793e-01 7.73882866e-01 6.20529294e-01 5.20222545e-01
    2.01478660e-01 2.11827397e-01 5.16948283e-01 2.11059868e-01
    5.65129280e-01 8.59295130e-01 3.08358014e-01 6.57378852e-01
    5.09378016e-01 9.82322395e-01 2.78464139e-01 2.12629497e-01
    4.29935306e-01 8.44337463e-01 2.06877112e-01 2.64669299e-01
    5.59993207e-01 3.43115360e-01 9.85192716e-01 4.78491187e-01
    2.23480195e-01 7.92784989e-02 8.79060030e-01 9.76442933e-01
    6.05201006e-01 2.62390435e-01 2.35300630e-01 8.54555726e-01
    3.76137257e-01 9.88089323e-01 5.54089665e-01 5.87463319e-01
    6.26672208e-02 6.83850527e-01 3.48441124e-01 8.29687297e-01
    4.87585515e-01 4.96915579e-02 7.65639424e-01 9.43475723e-01
    1.66828960e-01 1.78112209e-01 5.06667256e-01 6.03136063e-01
    6.57258391e-01 5.40345848e-01 2.53926992e-01 6.37723267e-01
    2.85328329e-02 1.69819683e-01 2.68101990e-02 1.80691779e-02
    7.92799294e-01 4.45391208e-01 8.34686160e-01 1.17193758e-02
    7.52902269e-01 6.97542250e-01 8.06122005e-01 7.54971743e-01
    6.73035562e-01 3.98596406e-01 4.94465202e-01 5.41176796e-02
    9.01130736e-02 7.69097328e-01 2.96921313e-01 1.79990470e-01
    7.96452463e-01 6.74846530e-01 8.79424632e-01 6.05791986e-01
    9.86513734e-01 7.62132704e-01 7.80831277e-01 9.29827750e-01
    1.67544156e-01 2.07817137e-01 7.68657088e-01 3.86130035e-01
    7.00347364e-01 6.92287445e-01 1.37593508e-01 4.78840590e-01
    4.66180503e-01 2.55343378e-01 8.88475180e-01 3.38431805e-01
    3.69893610e-02 2.98425406e-01 5.12477160e-02 5.07573962e-01
    8.01257193e-01 2.76082724e-01 8.37892175e-01 8.41093421e-01
    1.50427908e-01 8.32040071e-01 4.94261891e-01 5.61453044e-01
    3.30545664e-01 2.69564301e-01 3.89176846e-01 3.42919648e-01
    9.01494622e-01 4.47011411e-01 8.87377381e-01 5.04764915e-01
    9.13855076e-01 7.98266649e-01 9.49486732e-01 7.85226941e-01
    8.12992215e-01 6.53015018e-01 3.41276348e-01 8.21022689e-02
    6.52458072e-02 4.75530624e-02 7.87116766e-01 5.33047259e-01
    8.20638895e-01 5.30453503e-01 6.19192898e-01 3.11262906e-01
    6.09330118e-01 8.14778388e-01 2.80104786e-01 1.68880254e-01
    2.84367442e-01 5.91076970e-01 8.92486811e-01 4.12750334e-01
    3.33010346e-01 7.99150765e-02 6.80192769e-01 5.31978190e-01
    1.58804387e-01 2.07006067e-01 4.43318635e-01 1.22789830e-01
    4.69935656e-01 5.72708249e-01 6.47572100e-01 4.74270582e-02
    4.59332585e-01 9.63351905e-01 1.36746407e-01 8.40809345e-02
    7.89332449e-01 2.98008859e-01 8.46407950e-01 9.16001081e-01
    1.37688696e-01 3.03275079e-01 9.45585966e-01 9.25356150e-01
    9.22607481e-02 4.35479879e-02 5.77660143e-01 4.65329409e-01
    5.58264077e-01 9.71204638e-01 9.57630932e-01 4.07599330e-01
    7.48492181e-02 3.15245748e-01 9.88751113e-01 3.77764970e-01
    5.04660904e-01 7.51283765e-02 7.94681907e-01 1.05582237e-01
    9.86044407e-02 5.70599258e-01 4.20448780e-02 5.99398613e-02
    9.88323092e-02 4.82182592e-01 6.06091797e-01 7.52120972e-01
    3.61184061e-01 7.58621931e-01 8.11961770e-01 3.25606465e-02
    3.35886478e-01 1.54079854e-01 5.82265973e-01 1.11118823e-01
    1.52176380e-01 7.94879019e-01 9.17068243e-01 2.10373551e-01
    3.89606446e-01 9.58212733e-01 2.93064833e-01 4.08909529e-01
    8.26528907e-01 5.68060756e-01 4.57798839e-02 7.58423567e-01
    4.48502213e-01 7.20917940e-01 7.40041852e-01 8.55202317e-01
    6.74290419e-01 8.70905936e-01 2.99168348e-01 1.22162104e-02
    1.14514142e-01 4.72177625e-01 7.67236531e-01 3.81810158e-01
    7.21339285e-02 9.48164105e-01 1.48840040e-01 7.26804733e-02
    8.63440990e-01 3.93262386e-01 7.54280686e-01 9.65327740e-01
    6.71386123e-02 1.50165439e-01 4.50226367e-01 2.63485909e-01
    1.53809845e-01 6.17295325e-01 4.15726900e-02 2.75184155e-01
    6.04422927e-01 1.26930177e-02 6.10976279e-01 2.79481709e-02
    5.07900774e-01 9.73401427e-01 9.12642121e-01 8.27432096e-01
    5.32070041e-01 7.68653750e-01 1.63822770e-02 4.65985954e-01
    3.22119951e-01 9.82569337e-01 8.34738851e-01 7.50534534e-01
    6.37298167e-01 7.93469250e-02 1.06220692e-01 3.83264512e-01
    6.57863498e-01 4.04421896e-01 1.54459745e-01 7.28694975e-01
    8.36036801e-02 3.95379096e-01 5.53276718e-01 8.69338512e-01
    3.38651031e-01 3.15153658e-01 9.99055147e-01 8.93151402e-01
    2.50343084e-02 4.83614802e-01 1.42744362e-01 3.43536407e-01
    8.13474298e-01 3.38858962e-01 7.26742029e-01 3.34956229e-01
    9.12110150e-01 9.06699538e-01 8.57033968e-01 7.37179279e-01
    1.76644981e-01 8.03919196e-01 1.77999973e-01 4.00456429e-01
    2.00289547e-01 4.37846601e-01 7.40354598e-01 5.48641920e-01
    8.68328691e-01 6.24802828e-01 2.13646889e-01 9.51920986e-01
    9.79166627e-01 8.41384292e-01 1.75699979e-01 1.01954222e-01
    4.90598291e-01 5.71968555e-01 4.09461200e-01 4.41357434e-01
    7.34970272e-01 6.76910281e-01 6.81505322e-01 5.32345355e-01
    3.17156076e-01 6.26468301e-01 1.15283430e-02 9.16507721e-01
    4.87114936e-01 4.42753226e-01 3.72112691e-01 8.27842355e-02
    8.86339784e-01 4.75580454e-01 5.55752516e-01 7.13922858e-01
    4.80323076e-01 1.22664720e-01 6.01298749e-01 7.10388601e-01
    6.64218903e-01 6.03828251e-01 2.47846663e-01 9.05686438e-01
    8.18683386e-01 5.54251790e-01 9.10599232e-02 4.92595434e-01
    8.77305210e-01 2.12804258e-01 9.88402605e-01 8.93578589e-01
    3.26951683e-01 2.73134023e-01 8.40791583e-01 9.41867471e-01
    7.86467373e-01 7.11218834e-01 2.50832558e-01 2.37518102e-01
    4.91571873e-01 8.70297134e-01 5.69383323e-01 4.37747091e-01
    3.28103870e-01 7.32274413e-01 3.99809420e-01 6.19806468e-01
    8.16113770e-01 6.29922271e-01 6.21114016e-01 5.98654807e-01
    5.66589534e-01 3.93448472e-02 6.46607518e-01 7.83313811e-01
    9.28035259e-01 5.80407083e-01 8.99076581e-01 1.72150433e-01
    7.58675098e-01 1.92125827e-01 2.99817324e-01 1.84679002e-01
    1.65640354e-01 7.35677183e-01 7.93129683e-01 5.54362059e-01
    2.85545826e-01 3.84940147e-01 6.27705097e-01 8.50024819e-01
    7.90607095e-01 2.23705351e-01 6.49804533e-01 6.29198194e-01
    9.12763059e-01 9.72973526e-01 4.75979030e-01 3.44556540e-01
    4.76953685e-02 8.21149647e-01 7.53800392e-01 3.90083879e-01
    2.25589007e-01 3.16481203e-01 6.70358002e-01 8.52450728e-01
    1.38772517e-01 2.02490091e-01 9.06177104e-01 7.87572265e-01
    9.86112475e-01 3.36992443e-01 5.44562638e-02 2.75722563e-01
    7.49386728e-01 2.16000080e-02 8.40595484e-01 6.52317166e-01
    4.05760765e-01 2.15892673e-01 6.97267056e-01 1.56482637e-01
    1.10885948e-01 2.85450757e-01 8.14996600e-01 9.35678363e-01
    9.95941639e-01 6.31487250e-01 2.14315742e-01 9.42055464e-01
    2.16542453e-01 9.97667432e-01 8.56478214e-02 9.37413633e-01
    5.42185664e-01 7.72047997e-01 8.64713907e-01 6.19612753e-01
    1.87406123e-01 2.40623683e-01 4.83802199e-01 3.36626172e-01
    9.45995390e-01 4.84332591e-01 4.54559863e-01 3.36526722e-01
    1.50142580e-01 3.00042391e-01 4.33430076e-01 4.75200087e-01
    2.47988105e-02 5.16550303e-01 6.51540399e-01 5.49211025e-01
    5.81310332e-01 3.71984482e-01 1.64621294e-01 8.59469891e-01
    9.83245134e-01 5.46169579e-01 3.25865746e-02 4.53192800e-01
    2.88537920e-01 2.95059204e-01 2.87235796e-01 2.05218077e-01
    9.47039902e-01 1.42065108e-01 8.13520312e-01 8.09330106e-01
    6.21354401e-01 8.49318504e-01 5.75419128e-01 8.24796081e-01
    4.52807009e-01 4.65899915e-01 9.03600812e-01 1.72271580e-01
    7.45607376e-01 9.75965798e-01 5.19166708e-01 3.51985455e-01
    5.52523017e-01 7.41330624e-01 7.98825860e-01 8.75884056e-01
    5.33445716e-01 8.72036099e-01 5.69108725e-02 8.10354948e-01
    2.37060398e-01 7.37516403e-01 7.86872268e-01 7.62129426e-01
    2.75129437e-01 9.73520994e-01 3.52866948e-01 3.41109395e-01
    4.60844994e-01 5.20974576e-01 1.10774428e-01 7.34074533e-01
    4.11475837e-01 6.45075083e-01 3.38287592e-01 7.21412301e-01
    2.05517352e-01 4.41189468e-01 5.89528680e-02 2.43008137e-04
    4.37292695e-01 2.21640378e-01 7.93545723e-01 3.43230367e-01
    3.27512741e-01 7.16207862e-01 2.88892627e-01 5.60734928e-01
    1.70459747e-02 9.20367002e-01 5.68225145e-01 8.91672373e-02
    2.38411158e-01 2.92194247e-01 1.92769766e-01 1.21595562e-01
    2.95040011e-02 8.06854963e-01 7.53350675e-01 1.07239634e-01
    5.11311233e-01 5.10577857e-01 2.51113802e-01 3.18717062e-02
    3.66164327e-01 5.65251410e-02 3.39275837e-01 5.31204879e-01
    9.16187882e-01 7.98383355e-01 8.52453172e-01 7.20891595e-01
    2.60395467e-01 7.09113598e-01 6.65061772e-01 1.97733611e-01
    6.88303828e-01 2.83128589e-01 5.66987097e-01 1.08419657e-01
    6.22351766e-01 4.65331405e-01 4.64469790e-02 6.10656261e-01
    1.25862032e-01 9.65259612e-01 2.19826400e-02 6.71142578e-01
    5.21166146e-01 1.15729243e-01 6.69502497e-01 5.73054790e-01
    6.93588734e-01 3.32768500e-01 3.91602933e-01 8.21229398e-01
    5.67106247e-01 9.54610467e-01 1.47834420e-03 6.16590977e-01
    8.54452848e-01 4.42278534e-01 1.97388023e-01 1.29882783e-01
    4.04122710e-01 1.53401434e-01 1.96731359e-01 8.66713762e-01
    7.93055773e-01 7.43456483e-01 5.33421278e-01 2.25582629e-01
    6.28635824e-01 6.84981883e-01 4.76489484e-01 6.43729031e-01
    8.31233442e-01 4.95339602e-01 1.42002642e-01 6.74850345e-01
    2.08635420e-01 3.83579582e-01 2.33634442e-01 9.39661741e-01
    3.28986645e-01 5.54037809e-01 2.27835894e-01 1.06101036e-01
    2.48975545e-01 7.54923820e-01 9.70858991e-01 8.96131516e-01
    8.74592781e-01 7.82355905e-01 6.14488721e-01 5.57582974e-01
    6.15438759e-01 7.61755109e-01 3.85951847e-01 6.00407004e-01
    4.58291173e-01 7.67572880e-01 8.77716899e-01 2.32714027e-01
    8.33088160e-02 4.29330170e-02 5.68226874e-02 4.63500321e-01
    7.37033248e-01 3.45226109e-01 8.91694903e-01 4.62477803e-01
    1.56641662e-01 7.34183133e-01 5.62587440e-01 9.23023164e-01
    7.88249493e-01 3.76915336e-01 6.13261282e-01 2.93246388e-01
    4.89107162e-01 2.12049812e-01 6.34294748e-03 1.14597112e-01
    8.60717833e-01 5.88341773e-01 2.61844546e-01 6.51336133e-01
    9.24423039e-02 1.93864703e-01 3.39604855e-01 8.37474942e-01
    1.22838527e-01 8.43253016e-01 1.35739684e-01 4.08716798e-02
    8.79621744e-01 3.00332904e-03 5.17600179e-01 9.15999651e-01
    5.18268108e-01 6.49155080e-02 3.96537721e-01 5.74674308e-01
    6.76795304e-01 3.48322272e-01 1.28826022e-01 4.26926970e-01
    1.02132827e-01 4.71186787e-01 4.82095569e-01 2.83558667e-01
    4.43845809e-01 7.76421785e-01 8.03312957e-02 3.16684067e-01
    3.73464793e-01 5.13793230e-01 4.99784350e-01 1.63800448e-01
    3.03746760e-02 8.88738990e-01 1.70602143e-01 2.65545219e-01
    3.87297243e-01 6.63508058e-01 3.57033700e-01 3.26564372e-01
    9.05279815e-01 2.79696226e-01 9.86499190e-01 4.91888285e-01
    9.84082818e-02 6.23021364e-01 5.91564238e-01 2.40069747e-01
    7.89251029e-01 8.58164430e-01 1.90359354e-03 4.56376433e-01
    9.14616883e-01 7.24194527e-01 8.05454254e-01 5.87164581e-01
    5.52591681e-01 5.42751789e-01 4.57683027e-01 5.21328509e-01
    7.48722970e-01 1.76466614e-01 4.33292925e-01 8.29654574e-01
    8.77671480e-01 9.24766421e-01 6.71766996e-01 8.19040656e-01
    9.26492989e-01 3.85649741e-01 5.31455040e-01 9.78994370e-03
    1.81935579e-01 7.65630126e-01 1.14233077e-01 5.29374123e-01
    5.78502417e-02 3.68275166e-01 1.30053520e-01 8.34928393e-01
    9.99457121e-01 3.68212312e-01 9.12758470e-01 2.33020872e-01
    1.81331366e-01 3.14722598e-01 7.58680701e-02 3.88125569e-01
    5.66920817e-01 8.42564046e-01 1.93067312e-01 5.16925097e-01
    2.39265233e-01 9.14648175e-02 5.31744063e-01 2.97757804e-01
    1.71030730e-01 4.59363341e-01 9.98789012e-01 5.28609753e-02
    8.03512812e-01 8.01131606e-01 1.64895296e-01 3.02335471e-01
    6.97667122e-01 5.86128414e-01 6.28427148e-01 8.37179899e-01
    3.92934978e-01 8.46047401e-01 8.81550908e-01 8.54975820e-01
    3.66216779e-01 2.03986794e-01 3.97253573e-01 2.00911909e-01
    1.65388435e-01 6.73322678e-02 5.40157676e-01 2.06302464e-01
    2.34849006e-01 8.79702210e-01 1.24700069e-01 7.84978271e-02
    5.95530152e-01 6.05827868e-02 3.63954961e-01 9.32060540e-01
    1.67123526e-01 8.91351104e-01 1.08041465e-02 9.25112009e-01
    6.29112661e-01 1.73441887e-01 8.04753602e-02 8.29105973e-01
    6.39995277e-01 9.75426435e-01 7.19618499e-01 4.25118119e-01
    8.78335774e-01 7.22427845e-01 7.84682691e-01 7.40142584e-01
    7.58430362e-01 8.05049181e-01 8.20494890e-02 6.86739326e-01
    3.39291602e-01 5.12716770e-01 3.91185522e-01 1.08330876e-01
    1.28801554e-01 1.87635392e-01 3.27924132e-01 2.29969800e-01
    1.78245306e-01 7.73949027e-01 2.32912749e-01 6.18103862e-01
    2.73322463e-01 2.87617415e-01 2.06935108e-02 7.83530354e-01
    3.52438927e-01 3.14918399e-01 1.99480891e-01 4.62384284e-01
    6.91037774e-01 2.92680085e-01 2.50773817e-01 2.69357562e-02
    4.03220057e-01 4.43092048e-01 4.41187024e-02 7.96344876e-03
    7.11768985e-01 1.62954569e-01 3.81013155e-01 3.01232040e-01
    2.11820394e-01 7.93310285e-01 7.87726939e-02 7.10800946e-01
    4.84352082e-01 7.08119154e-01 7.51468182e-01 8.28729868e-02
    1.49313629e-01 9.42245007e-01 7.46609449e-01 2.71609664e-01
    9.66717780e-01 2.38765985e-01 2.24378616e-01 2.07779527e-01
    9.78713095e-01 5.86324632e-02 8.83718967e-01 9.33361888e-01
    1.78803325e-01 5.01447439e-01 3.30356300e-01 7.83045769e-01
    6.23681486e-01 8.16919088e-01 7.19546437e-01 2.17831105e-01
    1.54014617e-01 3.43018979e-01 9.11450148e-01 1.81388676e-01
    3.16659391e-01 8.72157514e-01 5.83402514e-01 3.54264557e-01
    4.69605029e-01 5.45073330e-01 5.52344799e-01 1.33477062e-01
    9.14516211e-01 2.68186867e-01 5.65104127e-01 4.55679268e-01
    4.64474261e-02 2.77972579e-01 2.18094587e-01 7.78373301e-01
    6.68002129e-01 2.00595975e-01 7.23266244e-01 6.34757221e-01
    9.84304011e-01 4.24829900e-01 3.25048834e-01 3.07033956e-02
    1.34254247e-01 7.79079318e-01 9.49378312e-01 6.16785228e-01
    6.86614037e-01 7.24638045e-01 5.86278737e-01 5.09317994e-01
    3.03297162e-01 4.36012447e-02 9.56777453e-01 7.51751423e-01
    2.20020354e-01 8.32775831e-01 3.23213816e-01 1.43664122e-01
    7.97861099e-01 7.51382411e-02 5.42149782e-01 1.82526469e-01
    5.50975025e-01 1.47554815e-01 1.31399095e-01 2.71384716e-01
    9.68893170e-01 8.36071253e-01 7.24294186e-01 2.36258894e-01
    5.32705247e-01 4.08035487e-01 4.21950817e-01 1.59796119e-01
    3.60064834e-01 7.83317864e-01 9.10598814e-01 2.22043276e-01
    1.19984388e-01 8.05120468e-01 5.99812627e-01 3.49692494e-01
    5.44898331e-01 9.84693885e-01 3.14116538e-01 9.94291306e-01
    9.51439977e-01 4.74581361e-01 1.43307298e-01 5.98284900e-01
    2.28576750e-01 3.60591054e-01 1.33287340e-01 6.61191940e-01
    6.16375148e-01 6.13778114e-01 8.68838489e-01 6.31599724e-01
    4.72378910e-01 8.84875953e-01 1.68614596e-01 5.37084818e-01
    1.55625254e-01 1.60119653e-01 4.03272510e-02 3.70350838e-01
    9.21050251e-01 6.65474772e-01 7.55234838e-01 8.31032991e-01
    1.48894191e-01 8.79928887e-01 3.18973184e-01 7.82302976e-01
    7.54253507e-01 4.65005338e-01 2.57042795e-01 2.20864415e-02
    3.09552312e-01 8.34352851e-01 9.40580368e-01 6.38529897e-01
    2.02627987e-01 6.17230356e-01 8.65720809e-01 8.63829255e-01
    6.60682261e-01 4.78019774e-01 1.46877557e-01 3.74676496e-01
    2.43596792e-01 7.99825788e-02 7.01947451e-01 3.19777012e-01
    2.63859123e-01 8.58044863e-01 7.69248426e-01 9.59778309e-01
    3.40092897e-01 7.85957217e-01 4.50799704e-01 4.40779716e-01
    5.91377258e-01 3.55515212e-01 9.38721299e-01 7.38023877e-01
    2.08566308e-01 1.35570049e-01 5.59306741e-01 9.17595148e-01
    2.62742192e-01 8.41511428e-01 4.08380628e-01 9.03256834e-01
    1.00725144e-01 3.52944434e-02 2.34332770e-01 3.27724218e-01
    2.92721212e-01 6.56376302e-01 2.01307297e-01 8.12023163e-01
    1.04618222e-01 6.58864915e-01 9.62885737e-01 8.63445997e-02
    6.45998597e-01 5.06532013e-01 5.44013262e-01 7.82416344e-01
    6.71522856e-01 4.93063420e-01 6.90943062e-01 9.64980364e-01
    9.92923379e-01 9.84047771e-01 1.68989748e-01 4.53254580e-01
    3.07623684e-01 6.49320006e-01 4.43944931e-01 3.51739645e-01
    1.75669760e-01 8.78104270e-01 5.11635423e-01 3.75185817e-01
    9.88736153e-01 2.53421485e-01 5.27825475e-01 8.30412209e-01
    5.16992986e-01 9.08313155e-01 9.93576884e-01 6.44337654e-01
    8.08668256e-01 9.62905884e-01 2.56536424e-01 1.29668772e-01
    3.75951201e-01 5.31414449e-02 1.22339994e-01 1.13398731e-01
    9.92481649e-01 4.61345971e-01 3.63210440e-01 4.56772357e-01
    2.53515244e-01 5.26201308e-01 6.28129303e-01 7.66925454e-01
    9.17991579e-01 9.53596354e-01 5.23599684e-01 6.97372019e-01
    6.36627316e-01 6.28912091e-01 6.99643075e-01 9.83171344e-01
    2.78858125e-01 1.56827658e-01 3.91121149e-01 6.52683556e-01
    5.72997808e-01 6.04205728e-01 7.25495636e-01 8.62251043e-01
    3.25956523e-01 4.69831169e-01 8.10400784e-01 8.03432941e-01
    6.54895782e-01 4.40137863e-01 8.18608105e-01 8.66260767e-01
    1.09158039e-01 4.53527272e-01 9.81758475e-01 1.45856023e-01
    2.56500810e-01 2.79971659e-02 8.15905333e-01 1.52520835e-01
    2.97241539e-01 3.53905976e-01 3.26752543e-01 3.49530458e-01
    5.59683084e-01 8.06996167e-01 8.75925601e-01 2.41825491e-01
    7.01252520e-01 2.87024856e-01 7.80713022e-01 4.32166338e-01
    7.67915845e-01 8.39896679e-01 6.68724358e-01 2.13746995e-01
    2.71012157e-01 2.71439552e-01 8.98175955e-01 8.32042217e-01
    1.89703435e-01 7.91979194e-01 4.51037109e-01 5.02080321e-02
    9.56687927e-01 6.74785376e-02 9.59696352e-01 2.96933591e-01
    7.64449120e-01 4.79770005e-01 8.88777852e-01 1.98243946e-01
    4.13772941e-01 3.30999553e-01 8.81103873e-01 1.09638423e-01
    1.00711346e-01 1.55803233e-01 2.38139391e-01 5.81662416e-01
    5.83355367e-01 2.77603805e-01 4.44092125e-01 4.82026786e-01
    4.28969502e-01 9.16708469e-01 5.82510650e-01 8.79369617e-01
    3.94375622e-02 7.38050580e-01 9.64719296e-01 9.23864543e-01
    6.41783297e-01 3.28081965e-01 7.83224940e-01 1.81953311e-02
    5.20317316e-01 3.11284721e-01 8.95271897e-01 9.24699903e-02
    2.01325655e-01 1.95748061e-01 7.50100791e-01 5.87991893e-01
    9.21398520e-01 3.57793689e-01 2.99704909e-01 8.44884992e-01
    6.66651011e-01 1.12980306e-02 3.33019018e-01 2.91179895e-01
    1.47518665e-01 2.81096727e-01 4.96784627e-01 1.46977663e-01
    2.45413750e-01 4.53955650e-01 3.47284019e-01 7.31082857e-01
    2.75652856e-01 8.31515193e-01 9.01531219e-01 5.86866617e-01
    9.61385250e-01 9.59186673e-01 2.30154514e-01 8.14685941e-01
    2.36495674e-01 7.16280282e-01 4.94239748e-01 4.02720362e-01
    1.30961567e-01 9.44286227e-01 2.94589102e-02 8.01635981e-02
    5.31809926e-01 1.34552240e-01 1.35756433e-01 9.91861224e-01
    2.86068499e-01 6.03564858e-01 7.75279105e-02 1.51679724e-01
    8.66469920e-01 9.79148626e-01 1.26556903e-01 9.30903435e-01
    6.07668996e-01 9.70078945e-01 2.23341286e-01 5.12605906e-01
    1.27185762e-01 7.43836164e-01 6.81132078e-02 5.84748566e-01
    2.35516369e-01 4.64843154e-01 7.79974818e-01 2.93645978e-01
    4.93750572e-02 4.64095354e-01 3.27926040e-01 8.48047137e-01
    6.30011201e-01 1.65531248e-01 1.94847584e-02 5.73545158e-01
    7.45918453e-01 4.92271483e-01 9.90653396e-01 1.33802295e-01
    6.99545264e-01 1.60863996e-03 7.24554241e-01 3.63472193e-01
    4.00993913e-01 3.38288635e-01 3.31281364e-01 6.65214419e-01
    8.56813133e-01 1.88508570e-01 2.13490129e-02 7.84939408e-01
    8.58945012e-01 4.19044226e-01 6.58354640e-01 1.58281207e-01
    5.22723079e-01 3.97900432e-01 8.24588060e-01 2.25505739e-01
    4.72299576e-01 4.45012808e-01 6.34715021e-01 4.67673242e-02
    7.10165739e-01 6.33004010e-01 4.64883596e-01 3.76706719e-01
    1.06265336e-01 6.74165010e-01 3.64829004e-01 9.82326508e-01
    2.21699506e-01 2.17410326e-01 7.94165850e-01 7.79247284e-01
    3.40100586e-01 6.12499356e-01 8.52722347e-01 9.96541202e-01
    7.85438955e-01 8.30413103e-01 4.48593408e-01 6.55940652e-01
    6.13356233e-02 4.03384864e-01 1.64079398e-01 5.14820814e-01
    1.03633404e-02 7.62186050e-01 5.63820839e-01 1.55886054e-01
    3.99210930e-01 8.00177574e-01 1.21888012e-01 7.05599487e-01
    8.17201495e-01 8.63136292e-01 9.32687640e-01 3.69926542e-01
    3.60514164e-01 6.46635056e-01 1.86759323e-01 4.10484552e-01
    4.37736303e-01 3.88468713e-01 1.06407940e-01 6.53821945e-01
    3.95671487e-01 7.92954326e-01 8.60354960e-01 4.01827663e-01
    5.60653448e-01 5.60391724e-01 2.71025330e-01 2.61243284e-02
    4.69955802e-02 7.46514082e-01 5.69303632e-01 2.37586468e-01
    9.54708874e-01 1.11671627e-01 7.83489943e-02 1.01984054e-01
    4.73894894e-01 8.95442367e-01 3.29585969e-02 7.35095859e-01
    7.67266750e-02 2.98310220e-02 6.12720847e-01 3.76018614e-01
    8.04376602e-01 5.54415464e-01 2.09731758e-01 4.23109829e-02
    3.25404286e-01 5.54811895e-01 4.47434157e-01 2.25264132e-02
    1.31005913e-01 2.78892964e-01 4.18964446e-01 2.51994073e-01
    9.08954978e-01 3.10272098e-01 1.94559366e-01 8.37621570e-01
    9.38320398e-01 6.30160213e-01 9.01424885e-01 3.89800936e-01
    8.36554646e-01 7.30216980e-01 1.89779013e-01 5.34535646e-01
    6.68189287e-01 7.83391297e-02 3.89813900e-01 7.11445451e-01
    3.21505666e-01 7.35589445e-01 2.90071487e-01 1.95742905e-01
    8.25475454e-02 3.54191303e-01 8.58442843e-01 9.30836082e-01
    6.14628017e-01 1.59193873e-02 1.12293720e-01 6.92897797e-01
    4.10937399e-01 8.05785656e-01 8.53220522e-01 5.14199674e-01
    8.08570743e-01 2.37505436e-01 8.25863183e-02 5.84186435e-01
    6.06597543e-01 4.18451548e-01 9.90942240e-01 8.67706776e-01
    3.31512630e-01 7.05507934e-01 4.74929810e-03 5.59492767e-01
    4.72983539e-01 9.73303437e-01 6.92415476e-01 5.30963957e-01
    4.68307346e-01 1.51837170e-02 3.29400480e-01 5.13807535e-02
    7.07642734e-02 5.82116246e-01 7.78113127e-01 2.83885002e-01
    7.34153688e-01 9.32399631e-02 3.03879321e-01 9.99831259e-01
    8.24016094e-01 6.71489775e-01 5.35270631e-01 3.21867466e-01
    8.01442862e-01 4.20427144e-01 5.30347466e-01 7.15590060e-01
    2.98278630e-02 7.16165960e-01 7.83185124e-01 4.76263046e-01
    9.36277986e-01 8.79592538e-01 3.90775532e-01 7.66910911e-01
    5.74373901e-01 3.82139504e-01 2.98229575e-01 8.49546611e-01
    6.93535328e-01 3.82108510e-01 8.71179581e-01 1.61907017e-01
    3.01607251e-01 2.17033863e-01 8.47941279e-01 2.07362443e-01
    5.42347074e-01 1.27450377e-01 4.40886527e-01 4.51491177e-02
    8.71689200e-01 3.46144080e-01 9.92012858e-01 3.35217655e-01
    6.18971348e-01 7.70273209e-01 8.29074919e-01 6.68106794e-01
    2.21772552e-01 5.05341709e-01 1.56628281e-01 7.64474988e-01
    8.37222934e-01 6.93331778e-01 7.69583583e-01 3.29047173e-01
    3.77711356e-01 4.17480528e-01 3.08360934e-01 5.60877025e-02
    8.06880474e-01 1.49066836e-01 8.01362097e-01 6.83557689e-01
    7.98221827e-01 8.02445292e-01 5.53579867e-01 6.13218307e-01
    2.45544016e-01 2.88325310e-01 3.43029678e-01 1.24059230e-01
    5.25467575e-01 9.71320450e-01 9.03149188e-01 4.41765875e-01
    1.09103203e-01 3.67785275e-01 1.15205348e-01 4.09563720e-01
    7.88119674e-01 2.95231938e-01 5.44195950e-01 1.26681954e-01
    2.88505018e-01 8.75867784e-01 9.55894828e-01 9.32959437e-01
    2.07414567e-01 9.72968936e-01 9.31407213e-02 5.44403493e-01
    2.59624124e-02 6.61586046e-01 1.56854302e-01 7.14891791e-01
    3.71814132e-01 6.99729860e-01 6.72652364e-01 7.34962285e-01
    9.67736959e-01 8.19181979e-01 9.84050512e-01 3.27101290e-01
    8.46659958e-01 5.77082753e-01 1.16101474e-01 1.09591335e-01
    9.93882239e-01 4.68504876e-01 8.46580327e-01 3.48216295e-03
    3.48177731e-01 3.66302669e-01 7.21268296e-01 3.51528645e-01
    1.97563410e-01 1.95534885e-01 3.07086498e-01 9.80778396e-01
    7.59193778e-01 9.62449908e-01 3.33396912e-01 2.10042655e-01
    3.96722436e-01 6.77799702e-01 3.28120887e-01 8.70258451e-01
    4.72328901e-01 6.79236531e-01 3.78731698e-01 8.97485971e-01
    8.62917304e-02 9.57642138e-01 8.87905955e-01 2.76247591e-01
    7.67638445e-01 5.50505757e-01 6.25212967e-01 9.14143860e-01
    5.30177593e-01 3.95731747e-01 1.84039623e-01 5.34624577e-01
    4.22343940e-01 7.23163903e-01 8.97099018e-01 1.20935023e-01
    9.96531487e-01 8.15997124e-02 5.36864579e-01 2.03849554e-01
    3.02220762e-01 6.82703853e-02 8.78154933e-01 8.23535025e-02
    5.75912774e-01 2.91812658e-01 2.28587210e-01 6.99100077e-01
    1.88276291e-01 4.04765069e-01 4.10876274e-02 3.09281051e-02
    2.98664033e-01 6.32676482e-01 2.65910327e-01 1.16975456e-01
    8.93702865e-01 6.17804945e-01 2.04143822e-01 1.84075236e-02
    5.23300350e-01 1.62274510e-01 6.63529992e-01 7.73595929e-01
    1.54846013e-02 5.05698323e-01 8.03730249e-01 8.34947467e-01
    4.32080328e-01 4.96258885e-01 7.48694718e-01 7.87402213e-01
    5.03272057e-01 6.32696450e-01 4.40933079e-01 1.57503664e-01
    1.83970869e-01 3.27220857e-01 2.52899289e-01 5.28385818e-01
    2.29746342e-01 9.21257257e-01 9.44429934e-02 4.13159937e-01
    4.34239537e-01 3.67167503e-01 6.12680674e-01 6.98932528e-01
    9.07239795e-01 9.99619603e-01 3.43563527e-01 5.77873468e-01
    5.42092919e-01 1.19785577e-01 8.36104989e-01 4.70605522e-01
    2.76997983e-01 6.16647124e-01 8.22420359e-01 3.88136983e-01
    2.22691715e-01 1.56357080e-01 3.43365967e-01 5.88962317e-01
    7.85438299e-01 7.13525653e-01 5.42427659e-01 1.06986880e-01
    4.87994850e-01 6.83129787e-01 9.96186376e-01 1.46765172e-01
    2.01688111e-01 8.43349934e-01 5.54640293e-02 8.73162925e-01
    7.48989344e-01 8.52928519e-01 2.63368607e-01 2.86022961e-01
    7.88172305e-01 3.83987069e-01 2.73759544e-01 9.61790204e-01
    7.65241623e-01 8.89118075e-01 9.85246480e-01 9.23679769e-01
    7.54518747e-01 8.35873067e-01 2.02287585e-01 2.52110958e-01
    7.66317964e-01 6.32437766e-01 5.74316978e-01 9.66685653e-01
    2.88548350e-01 6.33056164e-02 7.90268898e-01 6.41748428e-01
    4.06853199e-01 9.46070313e-01 2.44113803e-01 9.97491598e-01
    7.67529905e-02 9.36319649e-01 9.01162863e-01 1.20402426e-01
    9.81874585e-01 2.23869264e-01 1.40609771e-01 9.81736064e-01
    5.35642505e-01 4.61053163e-01 1.67800903e-01 6.14458084e-01
    4.15465921e-01 6.89288974e-03 5.10530770e-02 1.56713188e-01
    7.34389901e-01 5.31895936e-01 1.21495008e-01 7.34094679e-02
    7.75786400e-01 9.86306667e-01 4.14216071e-01 7.33957350e-01
    8.51795912e-01 9.21439230e-01 5.16489148e-01 2.04452008e-01
    3.72281313e-01 5.37460446e-01 7.30006158e-01 2.67893374e-02
    2.62279153e-01 4.90120530e-01 1.95493698e-02 8.35842967e-01
    8.70355010e-01 4.80400681e-01 2.31398702e-01 7.35331357e-01
    3.14784229e-01 7.27474809e-01 6.98171854e-01 1.41205877e-01
    3.44597936e-01 6.24143481e-01 4.26427454e-01 5.59982359e-01
    9.54685688e-01 5.25924802e-01 9.43176866e-01 7.78855264e-01
    2.03586221e-02 5.16016662e-01 5.97710311e-01 8.57151031e-01
    7.67322540e-01 1.41943574e-01 6.51588142e-01 7.57117331e-01
    4.69635665e-01 5.39330542e-02 6.24460220e-01 6.45477593e-01
    6.84395671e-01 1.47232890e-01 6.71808481e-01 5.52194715e-01
    6.97556853e-01 6.27295673e-02 3.60777766e-01 5.95018983e-01
    6.89088762e-01 7.11293161e-01 7.67046034e-01 8.14638674e-01
    1.67211294e-02 8.40647399e-01 6.92492127e-02 7.50059724e-01
    1.95873380e-02 4.17929769e-01 6.44904375e-01 8.41275156e-02
    9.96694744e-01 2.33237863e-01 5.47473907e-01 5.85536242e-01
    8.61889780e-01 4.24249291e-01 5.60914874e-01 8.21781814e-01
    3.51084948e-01 5.76571226e-01 5.69918752e-01 4.44885671e-01
    4.37238991e-01 3.48096132e-01 7.55827665e-01 1.71308309e-01
    8.47139359e-01 4.30229247e-01 5.24191141e-01 1.85122788e-02
    4.84576225e-01 2.46786386e-01 8.80761445e-02 4.86182421e-01
    9.81512308e-01 7.49373138e-01 4.04165924e-01 2.06498951e-01
    9.98300076e-01 7.32395887e-01 3.33603919e-02 5.30649841e-01
    9.55045581e-01 4.19809878e-01 7.23863602e-01 7.40651250e-01
    9.40128565e-02 2.15088099e-01 3.94262671e-02 4.43953782e-01
    1.96541905e-01 9.84668434e-01 2.52327919e-01 5.33870041e-01
    4.81924504e-01 2.33566076e-01 4.86374229e-01 9.75275218e-01
    1.53252363e-01 8.53960931e-01 1.45791858e-01 6.77343488e-01
    7.91240096e-01 3.47781003e-01 7.02145994e-02 4.85489845e-01
    7.06307709e-01 2.14003861e-01 9.69386220e-01 1.22125566e-01
    7.59174466e-01 2.95929611e-02 7.33275831e-01 7.27698445e-01
    1.19826853e-01 1.19135410e-01 9.45331693e-01 1.94133312e-01
    2.09090322e-01 7.29370117e-01 3.06461036e-01 5.26276827e-01
    6.71515942e-01 1.88058078e-01 6.55308425e-01 8.30214381e-01
    6.91657841e-01 2.39568442e-01 8.89270306e-01 1.33792192e-01
    5.48140109e-02 4.15662229e-01 2.55983889e-01 2.84157097e-02
    5.27759254e-01 6.75852478e-01 4.14260238e-01 5.13172567e-01
    7.74177611e-02 2.47117072e-01 2.85136521e-01 5.72385073e-01
    5.31619191e-01 8.21734250e-01 9.73069370e-02 2.75022596e-01
    6.18060470e-01 1.19642973e-01 2.42345363e-01 8.19313824e-01
    4.98954058e-01 8.38365674e-01 3.67516696e-01 4.76464063e-01
    5.80945551e-01 6.27940357e-01 6.10109031e-01 8.83461535e-01
    2.41982669e-01 3.99925858e-01 5.39787412e-02 4.37584221e-01
    3.37917686e-01 1.54326499e-01 2.15038061e-02 8.40497017e-02
    2.95970947e-01 7.60001719e-01 4.19455767e-02 2.18925565e-01
    6.55928612e-01 8.55373740e-01 4.90623981e-01 7.78050482e-01
    6.32572353e-01 5.58580101e-01 5.73804080e-02 4.07520741e-01
    4.31884974e-01 1.00733340e-02 5.04889131e-01 9.79015827e-01
    1.47018760e-01 2.85251856e-01 5.92930973e-01 2.54812002e-01
    7.32909441e-01 3.14050019e-01 9.68079686e-01 4.87231314e-02
    1.49431795e-01 4.85150248e-01 2.35528052e-01 6.26289189e-01
    8.82120252e-01 3.09599578e-01 6.84634209e-01 6.76703036e-01
    2.21694589e-01 4.64685142e-01 5.76450229e-01 8.62304211e-01
    6.76986158e-01 6.10425353e-01 9.71913218e-01 1.12091333e-01
    6.94246471e-01 6.60807788e-01 1.32356912e-01 5.96533120e-01
    2.89031327e-01 6.24779701e-01 3.95461649e-01 5.25082231e-01
    5.27627707e-01 1.45556599e-01 8.52111578e-01 7.57606089e-01
    4.49436158e-01 4.66602743e-02 3.46785843e-01 7.32683122e-01
    2.47849941e-01 1.05157733e-01 1.86328650e-01 4.52995926e-01
    9.32199597e-01 3.38477582e-01 2.69618690e-01 3.09009552e-02
    3.72818887e-01 1.26014173e-01 5.04706204e-01 6.47382081e-01
    8.28831792e-01 8.09874654e-01 5.72808504e-01 6.62752926e-01
    4.46578413e-01 2.04371512e-02 4.92836535e-02 1.17519200e-02
    6.24643266e-02 3.69784623e-01 6.07354045e-02 5.32573462e-01
    7.22681582e-01 2.92420268e-01 6.09353960e-01 8.35153699e-01
    1.41141295e-01 8.02438796e-01 8.06325078e-01 5.38327634e-01
    6.49746120e-01 5.50632000e-01 7.84123778e-01 4.77617860e-01
    6.64958358e-01 7.76315212e-01 7.91051507e-01 5.70072055e-01
    4.93511707e-01 3.75273049e-01 5.91504574e-03 8.97854328e-01
    6.50910735e-01 9.46892560e-01 8.90464425e-01 2.47445703e-03
    2.57372439e-01 1.34524435e-01 8.14819217e-01 9.72833991e-01
    8.56903076e-01 1.53657109e-01 9.17994976e-03 3.83342505e-02
    6.61048651e-01 2.18054116e-01 8.13429356e-01 6.61189258e-02
    9.48826492e-01 5.69023609e-01 4.56182957e-01 9.79769409e-01
    8.70867014e-01 1.79895341e-01 8.59787464e-02 1.79621041e-01
    2.10198343e-01 9.60824370e-01 3.26361954e-01 9.89050031e-01
    3.72383535e-01 3.36495459e-01 7.98510313e-02 5.53274453e-02
    1.40349090e-01 8.15922022e-03 7.60768712e-01 5.78824997e-01
    5.60261965e-01 5.24512589e-01 2.66191661e-02 4.85276520e-01
    7.58403718e-01 6.64498270e-01 7.83860803e-01 2.75388598e-01
    8.23917270e-01 7.46786296e-01 1.05631322e-01 8.94283295e-01
    2.06588268e-01 3.89153719e-01 3.32922846e-01 8.77502263e-02
    8.46784353e-01 7.69937038e-03 5.16982079e-02 4.42957222e-01
    1.66566581e-01 1.28030419e-01 7.04111636e-01 9.28967059e-01
    5.87255895e-01 9.41938996e-01 3.61737430e-01 2.83906281e-01
    3.31683636e-01 5.46981633e-01 3.44184756e-01 1.05198264e-01
    2.88397491e-01 2.29260921e-02 1.10189140e-01 6.53216422e-01
    1.62183702e-01 3.82317007e-01 3.87909889e-01 1.77396894e-01
    7.89227366e-01 8.01713645e-01 2.55131543e-01 8.31453562e-01
    2.47765690e-01 2.89528370e-02 2.32542455e-02 9.25275564e-01
    5.88027358e-01 8.44483078e-02 6.14037097e-01 9.55003381e-01
    1.62733912e-01 6.48850560e-01 4.42624688e-02 6.73599601e-01
    7.64921427e-01 8.00966024e-02 2.65313387e-02 3.90097797e-01
    2.74202049e-01 9.46058035e-01 1.39139503e-01 5.54777086e-01
    3.60010505e-01 4.44128215e-01 9.12039757e-01 9.82773304e-01
    1.93509638e-01 2.20190704e-01 4.63243365e-01 5.63296795e-01
    2.53573060e-01 2.32279629e-01 2.66850948e-01 5.44732630e-01
    4.64119017e-02 7.61486530e-01 8.56305361e-01 7.21843362e-01
    1.43365353e-01 3.99640322e-01 9.26552951e-01 6.75201893e-01
    7.97091842e-01 6.69111133e-01 8.55255842e-01 6.82222128e-01
    2.22252071e-01 6.52396381e-01 6.32883668e-01 2.84460932e-01
    4.69316244e-01 9.83404279e-01 8.18848670e-01 5.74637175e-01
    8.27087879e-01 3.17239612e-01 7.18665719e-01 2.75720775e-01
    7.23070741e-01 7.14731991e-01 7.26572633e-01 9.13948894e-01
    8.07478786e-01 1.71061814e-01 6.84626460e-01 2.04304487e-01
    3.48974377e-01 1.67481095e-01 8.29245567e-01 1.30004466e-01
    4.12203759e-01 6.32119238e-01 9.42477882e-01 7.92433023e-01
    2.97820807e-01 1.71221733e-01 2.72264183e-01 4.18785632e-01
    3.40487003e-01 1.83789104e-01 8.57945561e-01 8.76230240e-01
    7.73270428e-01 3.79459411e-01 9.66753483e-01 7.19290018e-01
    3.20648968e-01 3.74598801e-01 5.39904833e-01 6.51193678e-01
    4.92693335e-01 6.56723738e-01 2.60612369e-01 2.86348850e-01
    8.68479967e-01 5.75202525e-01 4.11659420e-01 1.75543338e-01
    2.51268804e-01 1.80406213e-01 8.27772021e-01 7.03154206e-01
    3.56558561e-01 5.20788729e-01 9.51536000e-02 3.17909122e-02
    2.23001868e-01 4.33887482e-01 9.17350531e-01 2.73835599e-01
    8.17282915e-01 1.88306540e-01 8.15495789e-01 5.60011148e-01
    4.40645874e-01 1.85522467e-01 7.37456918e-01 2.34130293e-01
    8.64938259e-01 3.50947678e-01 4.46752727e-01 4.45121467e-01
    6.62020028e-01 1.05204880e-01 7.17365503e-01 5.96410036e-02
    2.61066377e-01 7.43321896e-01 3.47483993e-01 7.55962670e-01
    6.02286756e-01 4.11780268e-01 3.12392473e-01 3.15002561e-01
    5.34080267e-02 7.19378412e-01 5.69890141e-01 1.87226385e-01
    8.72742057e-01 6.90177321e-01 5.04242718e-01 2.72485793e-01
    6.98376060e-01 2.38875121e-01 2.68290490e-01 4.90952462e-01
    4.87169176e-01 5.63251615e-01 2.26812989e-01 9.01638925e-01
    9.06507194e-01 9.42778230e-01 7.72222519e-01 6.06581211e-01
    6.04950845e-01 1.88875198e-01 9.74208117e-02 2.25423634e-01
    5.68845272e-01 8.04171562e-01 5.29416442e-01 5.24417996e-01
    7.12512195e-01 9.28293526e-01 2.34657466e-01 6.58340394e-01
    6.82095766e-01 4.68158096e-01 6.74378872e-01 8.79451036e-01
    2.36444175e-01 5.45565486e-01 6.17417932e-01 2.27401465e-01
    8.90438795e-01 6.22656524e-01 2.27860779e-01 7.59694755e-01
    2.95514762e-01 6.72070086e-01 9.48322356e-01 6.09657466e-01
    5.79844534e-01 9.05313492e-01 2.44289339e-02 5.12537301e-01
    7.58616388e-01 4.46277261e-01 6.04781330e-01 5.42741776e-01
    4.57083881e-01 6.54761076e-01 1.49653167e-01 1.00971252e-01
    2.40790367e-01 7.96322107e-01 3.80440354e-02 1.88060701e-02
    4.58029270e-01 9.85768557e-01 3.71063888e-01 6.92473173e-01
    5.41727722e-01 6.44486666e-01 9.60962176e-01 3.62930238e-01
    5.26353717e-01 1.48825049e-02 9.32295799e-01 1.25423402e-01
    8.17766607e-01 3.88971865e-01 2.08960444e-01 1.44157022e-01
    2.86618114e-01 6.73878491e-02 1.53667331e-01 7.36772239e-01
    5.09415925e-01 5.98639131e-01 5.19864619e-01 8.28572750e-01
    4.41618413e-01 4.00865406e-01 9.11539912e-01 3.73492569e-01
    2.02004224e-01 3.86895537e-01 3.54749978e-01 9.26642895e-01
    9.94351923e-01 8.51192772e-02 8.51815641e-02 8.28205824e-01
    7.20975995e-02 5.58666646e-01 5.50428927e-01 4.40129101e-01
    7.42666006e-01 9.10366297e-01 3.06600124e-01 2.47053802e-01
    9.16301489e-01 8.24635267e-01 6.85937881e-01 1.57358944e-01
    5.40194154e-01 1.93907022e-01 4.81139481e-01 2.47318178e-01
    4.57846105e-01 7.12311625e-01 3.71534228e-01 7.91557133e-01
    3.37263942e-01 9.90924239e-03 5.74964881e-01 2.56289542e-01
    1.41419560e-01 8.53781581e-01 6.65679455e-01 7.23194718e-01
    4.46325451e-01 9.10461426e-01 4.10742611e-01 8.59937966e-02
    5.30723095e-01 6.42360091e-01 3.55217695e-01 2.79951245e-01
    7.71712303e-01 3.44852775e-01 6.88892543e-01 3.20867836e-01
    9.72513199e-01 4.69161093e-01 9.82811689e-01 1.30792439e-01
    9.58669901e-01 5.03953993e-01 5.58350682e-01 2.63867885e-01
    1.23930365e-01 5.81675887e-01 8.86237025e-01 8.77758741e-01
    7.40508318e-01 6.09673381e-01 5.81701517e-01 9.86153185e-02
    9.76608634e-01 1.58577830e-01 4.31129873e-01 9.24589694e-01
    2.74391264e-01 3.03296685e-01 6.83535099e-01 7.42163062e-01
    8.24746132e-01 5.15883982e-01 7.84457088e-01 2.06981689e-01
    7.80261517e-01 7.78546870e-01 9.05027986e-01 4.32547331e-02
    4.52876776e-01 2.25475132e-01 2.52567530e-02 1.96903646e-02
    5.80464363e-01 2.06870317e-01 8.41050744e-01 1.27553403e-01
    2.29868233e-01 8.84051085e-01 4.21172947e-01 4.93712425e-01
    5.56081891e-01 4.20507878e-01 4.00798231e-01 5.22513092e-02
    5.65951705e-01 7.20492005e-03 8.03323746e-01 7.73857594e-01
    7.12219477e-01 9.68207598e-01 1.85429484e-01 9.23394144e-01
    2.11658716e-01 5.54845631e-01 3.91363412e-01 7.01578498e-01
    1.30688041e-01 8.85391712e-01 5.11118114e-01 2.70676374e-01
    7.08179176e-01 8.21230650e-01 5.87271810e-01 9.78273869e-01
    1.90366149e-01 6.85333014e-01 5.71884155e-01 4.11622345e-01
    3.43065411e-01 1.97607160e-01 9.30708766e-01 5.41834950e-01
    4.22933102e-02 4.13606942e-01 1.15416080e-01 7.09941685e-01
    7.41862178e-01 6.96885943e-01 7.78523803e-01 6.22887313e-02
    4.26843852e-01 8.44669223e-01 3.39997709e-02 3.64884555e-01
    1.56987220e-01 7.36328125e-01 3.04536641e-01 3.91372859e-01
    7.64802337e-01 8.17145467e-01 5.14147580e-02 2.28334785e-01
    6.77921534e-01 2.33757943e-01 2.61244416e-01 4.48302239e-01
    3.76051068e-02 8.64780307e-01 2.23200023e-01 1.02869391e-01
    2.03412622e-01 6.61081910e-01 4.82474655e-01 9.62075055e-01
    6.02208972e-01 7.30768144e-01 8.04575324e-01 1.38162881e-01
    7.84331560e-02 8.66348624e-01 4.26358134e-01 2.55571991e-01
    1.44362301e-01 1.14940017e-01 1.02534384e-01 1.14274323e-02
    6.08244240e-01 5.63897371e-01 8.35859418e-01 3.44180822e-01
    8.30085039e-01 2.67536581e-01 2.63127208e-01 4.93618399e-01
    6.54574156e-01 5.74776292e-01 6.39012516e-01 5.80842137e-01
    4.94445831e-01 7.90181160e-01 8.61358643e-03 5.47797024e-01
    4.83489633e-01 2.24337697e-01 1.02225155e-01 6.02177739e-01
    4.82394040e-01 5.03762603e-01 7.02505052e-01 4.97137874e-01
    7.42858529e-01 1.50977194e-01 8.13558638e-01 3.02514195e-01
    6.78661942e-01 4.21981156e-01 5.42667747e-01 2.68591046e-01
    6.17100000e-02 8.11266541e-01 3.50322098e-01 4.13185954e-01
    1.26666814e-01 4.20547068e-01 5.42389929e-01 2.10735917e-01
    1.58969492e-01 4.27469611e-01 2.97360450e-01 4.41022038e-01
    4.45303649e-01 7.93484867e-01 5.70414126e-01 1.67661458e-01
    5.09254515e-01 8.03055882e-01 8.58432174e-01 9.83585477e-01
    3.97131592e-01 9.60793734e-01 9.08910155e-01 8.32294703e-01
    8.44105363e-01 6.03007019e-01 3.88539135e-02 2.54671216e-01
    1.12422436e-01 1.11868709e-01 8.15976024e-01 7.99822688e-01
    9.23338056e-01 4.17496920e-01 9.89395738e-01 2.66734481e-01
    3.98919553e-01 3.52145731e-02 1.87084228e-01 2.83932388e-02
    5.08217990e-01 5.75381160e-01 3.73981804e-01 5.80313265e-01
    6.63203180e-01 2.23160356e-01 6.41099036e-01 8.71708155e-01
    8.14507961e-01 7.89415777e-01 6.85465038e-02 6.84097826e-01
    3.59684229e-03 3.10025424e-01 6.33748353e-01 5.31739473e-01
    6.06623113e-01 4.65652972e-01 2.24716216e-01 3.79135072e-01
    6.99379206e-01 5.93105257e-01 5.28849125e-01 5.26830494e-01
    2.49086767e-01 1.40860081e-02 2.52040952e-01 1.37179911e-01
    4.21969593e-02 7.69113779e-01 1.05570048e-01 1.96332693e-01
    9.25826371e-01 2.65029669e-01 3.67644489e-01 3.60242903e-01
    1.91236556e-01 8.93624902e-01 9.75271106e-01 7.02350914e-01
    6.80211544e-01 7.07170129e-01 3.64481270e-01 8.18066835e-01
    8.35284233e-01 8.76091123e-02 5.84753036e-01 7.37285137e-01
    9.27567601e-01 1.00420713e-01 2.32804090e-01 9.75462675e-01
    5.92693329e-01 6.32272780e-01 4.02136475e-01 4.84971523e-01
    3.70867640e-01 3.00601304e-01 9.54046130e-01 8.72798324e-01
    6.28441274e-01 3.39964569e-01 5.86480558e-01 7.07070053e-01
    9.64802623e-01 2.62219191e-01 5.19776106e-01 6.27936840e-01
    7.00504482e-01 8.24106336e-01 8.93756211e-01 3.02975118e-01
    4.84966427e-01 7.09472537e-01 8.44086111e-02 3.88766825e-02
    4.88288492e-01 6.56263173e-01 8.31070602e-01 9.59210396e-01
    8.89485896e-01 5.08984506e-01 3.10773551e-01 3.33244085e-01
    9.31614995e-01 6.85900331e-01 7.55830646e-01 9.71315205e-01
    1.26655340e-01 4.18281972e-01 6.64110541e-01 5.36077917e-02
    3.00302625e-01 2.29683459e-01 1.12780362e-01 4.10369188e-01
    6.80235326e-02 3.46032023e-01 6.85733080e-01 7.06598878e-01
    8.94538164e-01 3.35544765e-01 2.57368058e-01 1.37412250e-01
    3.63602638e-01 6.26255751e-01 5.55507898e-01 4.16709065e-01
    3.11884880e-02 8.10397744e-01 8.53345394e-02 7.15677738e-02
    3.30653548e-01 8.41042995e-01 1.86084181e-01 9.48606372e-01
    7.66076267e-01 6.62044227e-01 3.38400662e-01 7.97592402e-02
    6.24395907e-01 6.22555256e-01 4.37111735e-01 5.80286860e-01
    1.54549032e-01 4.46744382e-01 4.67508227e-01 6.57794535e-01
    3.61157656e-02 4.15078998e-02 2.12514997e-02 2.86117077e-01
    2.18132973e-01 5.16414464e-01 6.40153885e-01 2.76473939e-01
    6.87452435e-01 8.13745737e-01 1.48251981e-01 1.32302165e-01
    1.28579408e-01 6.00487053e-01 7.10563779e-01 3.75762969e-01
    7.10245013e-01 2.05408335e-01 1.98151529e-01 6.57233119e-01
    3.13865840e-01 4.01673317e-01 7.09688663e-02 9.44975019e-01
    4.18742239e-01 6.75845325e-01 1.43042356e-01 8.25985909e-01
    6.63960636e-01 3.60417604e-01 9.33518827e-01 7.33684719e-01
    1.74318790e-01 1.89073026e-01 7.53925145e-01 1.68427795e-01
    6.88012898e-01 9.97030497e-01 2.74782360e-01 6.51476979e-02
    9.73471999e-03 7.77990043e-01 7.31416583e-01 6.37841642e-01
    5.71475387e-01 8.35133672e-01 3.02817464e-01 2.70053446e-01
    6.96504474e-01 4.73533005e-01 1.08792007e-01 4.41750348e-01
    3.22900236e-01 1.12081736e-01 3.82852435e-01 5.14838398e-01
    5.26611507e-02 1.78002954e-01 4.75488216e-01 1.84705675e-01
    2.01782852e-01 6.89829707e-01 9.43238378e-01 6.76765621e-01
    3.39889944e-01 3.88993710e-01 5.84291518e-01 5.20794153e-01
    4.57037121e-01 6.00029469e-01 6.81224942e-01 7.52311230e-01
    8.47656012e-01 7.18009114e-01 5.69447279e-01 9.96475339e-01
    5.71472585e-01 2.74931818e-01 3.54013741e-02 3.32692444e-01
    7.80463398e-01 5.19429743e-02 4.67973679e-01 2.77039349e-01
    9.95028317e-01 6.08786464e-01 7.97724605e-01 8.47920537e-01
    5.41370988e-01 9.36730623e-01 2.54173994e-01 9.77956533e-01
    7.06024885e-01 3.49079609e-01 4.97747838e-01 3.57073247e-01
    5.10948777e-01 3.73881429e-01 4.91171360e-01 7.65383363e-01
    5.96079111e-01 8.01005363e-01 2.90823400e-01 5.54899275e-01
    5.52859187e-01 5.19621551e-01 9.58943069e-01 9.58731771e-01
    5.05348861e-01 4.04172987e-01 7.64626980e-01 9.54459727e-01
    5.72846234e-02 6.78251863e-01 8.11421037e-01 8.68742943e-01
    4.55583602e-01 8.12453747e-01 1.33640021e-01 6.32197618e-01
    7.27122247e-01 9.98639107e-01 9.80365634e-01 6.55701458e-02
    9.26591516e-01 9.74284828e-01 2.54221857e-01 1.13706440e-01
    7.74683893e-01 7.29850233e-02 4.88111675e-01 4.12136674e-01
    7.83849418e-01 9.52771544e-01 5.52808940e-01 9.02581334e-01
    4.41855192e-02 4.83201742e-02 8.65232229e-01 4.83595669e-01
    3.84788394e-01 4.78079170e-01 8.59949648e-01 2.91869551e-01
    8.44298482e-01 1.55420303e-02 7.47968376e-01 3.60722542e-02
    4.97121245e-01 1.07673466e-01 3.09604406e-02 4.14378971e-01
    3.59832406e-01 4.95293498e-01 3.44800204e-01 9.72698689e-01
    6.74294233e-01 1.06110662e-01 9.72943842e-01 1.75169468e-01
    8.44151855e-01 6.72360182e-01 7.84359455e-01 2.28680551e-01
    4.85750139e-02 7.35172331e-02 5.57885885e-01 2.38258511e-01
    5.23560941e-02 7.28147388e-01 1.79873586e-01 6.30998373e-01
    9.89651442e-01 9.14160311e-02 4.71607029e-01 2.88204849e-02
    4.03874725e-01 4.43483591e-02 2.34130710e-01 1.38033211e-01
    5.26880801e-01 3.17297280e-02 3.82973343e-01 6.42147660e-03
    2.86572337e-01 1.37938470e-01 8.88509452e-01 8.12088668e-01
    6.65983558e-03 9.96751547e-01 7.60919690e-01 8.14378977e-01
    3.74968171e-01 8.20334911e-01 2.58055508e-01 3.28448236e-01
    8.53454053e-01 1.97857529e-01 2.78322220e-01 7.83364773e-01
    9.13094282e-01 6.70260072e-01 2.21693128e-01 9.67488647e-01
    1.04666233e-01 8.30127954e-01 7.34142065e-01 7.06037581e-01
    3.99600118e-01 9.99105275e-02 3.46784890e-01 9.12821889e-01
    9.66086388e-01 9.54210281e-01 8.70933235e-02 8.06904972e-01
    9.75057364e-01 8.64272833e-01 2.29139030e-02 1.22922540e-01
    2.34255761e-01 8.44589472e-02 3.15047681e-01 8.44709396e-01
    9.66757238e-01 1.03342384e-01 8.84510219e-01 8.69406819e-01
    5.10837138e-02 5.95838964e-01 5.38878679e-01 5.21259964e-01
    7.19022989e-01 8.62663686e-01 4.86189365e-01 7.90601254e-01
    1.52027100e-01 3.28482717e-01 2.92937338e-01 3.50920141e-01
    2.54313409e-01 3.45922291e-01 2.98851818e-01 4.43540245e-01
    2.02798247e-01 5.59649587e-01 4.46811706e-01 7.12515056e-01
    9.79670286e-01 4.40555006e-01 8.15206409e-01 1.38087690e-01
    5.82995772e-01 5.59504926e-01 1.81738645e-01 3.03406239e-01
    7.50845969e-01 9.15898263e-01 8.05392563e-02 5.27360559e-01
    8.25214863e-01 8.00808311e-01 2.93727815e-01 7.90269494e-01
    2.48390585e-01 8.49198341e-01 2.87071556e-01 4.68427747e-01
    6.07598007e-01 1.09286100e-01 2.70634890e-04 6.79711103e-02
    2.08731771e-01 5.94932079e-01 6.87691808e-01 2.87449896e-01
    4.06290352e-01 8.03251863e-01 9.36908722e-02 5.32736838e-01
    5.60314655e-01 5.44974744e-01 6.81073487e-01 5.08477986e-02
    7.56146312e-01 9.26824212e-02 6.81926548e-01 1.83113903e-01
    4.10837054e-01 1.65650994e-01 5.76432109e-01 3.29363048e-01
    6.46808028e-01 3.67042184e-01 8.96927714e-01 4.62420672e-01
    3.78781855e-01 2.60130107e-01 3.42214704e-01 4.40598041e-01
    8.46709192e-01 5.72238088e-01 9.66196179e-01 6.19436085e-01
    6.56572819e-01 9.95504260e-01 3.12457502e-01 9.27219450e-01
    9.45329487e-01 2.38985986e-01 5.39530694e-01 4.25113976e-01
    7.05800295e-01 8.99367452e-01 6.01974308e-01 3.93630147e-01
    8.87591124e-01 1.18139535e-01 3.43345582e-01 5.36557317e-01
    1.13298386e-01 3.38547379e-01 5.42730451e-01 2.43481368e-01
    3.93204749e-01 1.10765696e-01 3.35378528e-01 6.55202508e-01
    9.45426822e-01 7.64351130e-01 1.77813470e-02 3.98329049e-01
    4.69908357e-01 4.38832343e-01 5.88575423e-01 7.65026689e-01
    9.06627417e-01 8.96409035e-01 8.12442720e-01 8.17434192e-01
    3.74937415e-01 7.53635883e-01 4.46546435e-01 4.19249684e-01
    8.12660813e-01 7.03353584e-01 3.40257853e-01 2.09336400e-01
    4.41950977e-01 6.77019179e-01 5.58985293e-01 3.52663159e-01
    1.95383132e-01 3.57405663e-01 9.00660753e-01 5.26812017e-01
    4.31479424e-01 5.74312031e-01 2.81834185e-01 8.57339263e-01
    2.41406441e-01 2.88187236e-01 1.54453933e-01 7.77323961e-01
    9.13200021e-01 2.80341268e-01 6.97590292e-01 6.74543977e-01
    2.72523075e-01 9.54409480e-01 7.59583771e-01 6.87737226e-01
    2.15619355e-01 2.15406477e-01 5.26629567e-01 4.82778132e-01
    3.01067799e-01 8.82269800e-01 4.18787122e-01 7.89033353e-01
    4.75305378e-01 1.88433081e-01 9.98471320e-01 7.52169847e-01
    5.96056700e-01 2.37821966e-01 4.18619275e-01 3.00189316e-01
    8.39966536e-03 8.73127282e-02 2.64386654e-01 2.42737919e-01
    5.33899605e-01 3.47925067e-01 7.97345638e-01 6.24743998e-01
    9.08122301e-01 6.29021168e-01 7.17278719e-01 5.10341465e-01
    8.43224585e-01 2.18235344e-01 6.51291370e-01 5.18776238e-01
    3.71353805e-01 4.09149200e-01 1.87569618e-01 3.64053249e-03
    2.32125282e-01 6.39447629e-01 3.73147756e-01 5.73037386e-01
    1.06226116e-01 1.51794255e-01 1.22151256e-01 5.33335686e-01
    7.60200739e-01 5.67227006e-02 8.62282038e-01 9.72433805e-01
    6.67553842e-01 6.65968895e-01 2.47436374e-01 3.96799594e-01
    3.60488772e-01 7.40740359e-01 2.45512843e-01 3.08932483e-01
    5.07126749e-01 6.31048083e-02 8.82998347e-01 7.87334204e-01
    2.94007957e-02 2.72622108e-02 8.35757971e-01 1.90835834e-01
    1.60794437e-01 2.70859092e-01 7.81172514e-03 6.22251093e-01
    3.42007756e-01 9.26281571e-01 2.76343226e-02 1.94255710e-02
    6.27322674e-01 3.19029331e-01 1.15003109e-01 9.97707367e-01
    7.64050841e-01 4.24015284e-01 3.68273795e-01 9.12014842e-01
    3.53781521e-01 1.04768395e-01 2.98142493e-01 6.16404295e-01
    7.97464430e-01 4.79582548e-01 6.88367307e-01 4.05141830e-01
    3.93427610e-01 3.05429280e-01 3.09957266e-01 6.33745790e-02
    5.94806731e-01 9.55291569e-01 1.33736223e-01 9.52219129e-01
    3.62486750e-01 3.94153655e-01 6.69457912e-02 4.72423553e-01
    2.78633475e-01 4.68712091e-01 8.60807776e-01 1.12049580e-01
    7.93290436e-02 8.32199216e-01 2.22405225e-01 8.06144893e-01
    4.35763627e-01 3.68515551e-02 3.83702040e-01 3.77779365e-01
    3.18853915e-01 5.36330402e-01 3.36978883e-01 9.24771547e-01
    7.16691613e-01 4.88532215e-01 5.89229643e-01 9.19006467e-01
    6.60859942e-01 5.21466911e-01 7.93630183e-01 2.75563478e-01
    3.31486166e-02 1.64842248e-01 3.91109586e-02 8.67786407e-01
    7.22879887e-01 5.80233395e-01 1.50983214e-01 5.72443664e-01
    2.23840594e-01 4.34277087e-01 3.56406718e-01 9.11697388e-01
    4.77760643e-01 7.45336294e-01 2.81941921e-01 4.48697388e-01
    9.20863867e-01 2.37789392e-01 6.01176560e-01 5.14852405e-02
    6.89311683e-01 1.37279898e-01 6.64868653e-02 5.75576484e-01
    8.93527567e-01 3.11890304e-01 3.44924301e-01 6.71782494e-01
    5.74819028e-01 7.67172694e-01 7.82952726e-01 5.08306205e-01
    4.93902206e-01 2.26100534e-01 6.08151257e-02 7.16296732e-01
    7.55701780e-01 3.46411347e-01 8.39381695e-01 5.88347375e-01
    3.94222319e-01 4.38042849e-01 3.50798070e-01 1.77587211e-01
    2.05818027e-01 5.35129130e-01 9.05361772e-01 2.10650831e-01
    7.21081734e-01 3.81414384e-01 9.29065824e-01 7.10512817e-01
    4.14768875e-01 7.56307185e-01 6.09587610e-01 1.40726000e-01
    4.26384538e-01 1.79689825e-01 1.84242606e-01 3.92423272e-01
    2.51035392e-01 4.22160625e-02 2.04626828e-01 4.42567706e-01
    8.20730448e-01 7.59934962e-01 1.72018349e-01 2.32634336e-01
    9.57464695e-01 3.09638381e-02 6.86365604e-01 5.92632055e-01
    3.90733898e-01 9.01300728e-01 2.75349438e-01 3.22571456e-01
    9.82701063e-01 8.01225245e-01 6.88784778e-01 5.19603848e-01
    1.56397730e-01 6.78902626e-01 4.45702970e-02 4.59257126e-01
    1.29300982e-01 1.49380535e-01 6.51296377e-01 7.69638181e-01
    2.10222304e-01 6.15928590e-01 2.72140324e-01 9.63512301e-01
    8.09284031e-01 4.88628775e-01 3.12535167e-01 6.99567497e-01
    4.41400766e-01 6.01142645e-01 7.51374245e-01 7.60387540e-01
    1.42326921e-01 1.47821486e-01 6.48348927e-02 4.55756128e-01
    6.05790317e-02 9.33464408e-01 6.83087766e-01 7.86443353e-02
    2.64154792e-01 2.33378202e-01 6.66081905e-02 2.14431405e-01
    2.05497861e-01 5.60113966e-01 1.48048133e-01 6.54075503e-01
    7.93518424e-02 8.83678198e-01 5.58035076e-01 1.11558706e-01
    1.81452274e-01 4.91891831e-01 4.74862814e-01 6.75678432e-01
    3.86747211e-01 2.54109740e-01 7.15648830e-02 2.12931782e-01
    7.45240092e-01 4.21000212e-01 4.67470109e-01 3.21072578e-01
    5.83682775e-01 6.06180489e-01 3.78921151e-01 5.10067642e-02
    5.51707923e-01 1.79676831e-01 4.20072287e-01 7.49342918e-01
    8.73107314e-01 2.55676150e-01 6.90552294e-01 7.72405624e-01
    3.70514274e-01 9.27170038e-01 7.96341181e-01 9.95789468e-01
    5.12972772e-01 6.58377111e-02 2.99635530e-03 5.48034906e-01
    9.99234080e-01 7.93150067e-01 3.92655730e-02 5.81984997e-01
    1.86318547e-01 6.12563193e-01 8.87180328e-01 8.11407924e-01
    7.14708328e-01 6.32858694e-01 9.89410043e-01 5.34033716e-01
    1.81156248e-01 2.20981836e-02 1.04322731e-01 2.69442260e-01
    2.59869784e-01 2.15840608e-01 8.19282055e-01 6.23607457e-01
    9.33681607e-01 3.50148857e-01 7.16645896e-01 9.28788960e-01
    4.82558668e-01 7.35682487e-01 2.57088333e-01 7.87203789e-01
    8.20633769e-02 8.16301167e-01 4.59349513e-01 1.18933290e-01
    5.86234689e-01 3.03943515e-01 2.99191386e-01 5.83698034e-01
    2.90597379e-02 9.13045108e-01 2.09122807e-01 3.74393165e-02
    8.26778650e-01 7.66835451e-01 2.27794230e-01 3.26763809e-01
    9.91622210e-01 5.77380776e-01 5.25770545e-01 3.51018488e-01
    5.44433117e-01 4.88448739e-01 9.52256978e-01 6.32783175e-01
    4.73322332e-01 9.45809484e-01 7.63630152e-01 8.04781556e-01
    1.26810670e-01 5.16001046e-01 4.03810620e-01 3.59378755e-02
    3.91563416e-01 7.62967885e-01 6.15736485e-01 6.25927329e-01
    1.92479283e-01 2.25608706e-01 6.25859022e-01 4.52550739e-01
    2.69472599e-01 3.86217892e-01 4.29597735e-01 3.08266997e-01
    3.58554423e-01 9.12284851e-03 3.34297031e-01 7.00258911e-02
    5.54423511e-01 3.52923572e-01 5.51094055e-01 5.37900329e-02
    4.83819336e-01 4.31390882e-01 8.64854455e-01 1.42449737e-01
    7.37606287e-02 9.25493956e-01 6.11991823e-01 2.14847594e-01
    7.27558255e-01 8.54537845e-01 5.78008533e-01 9.57029402e-01
    7.72364855e-01 1.74272984e-01 7.89415717e-01 5.65491617e-01
    2.80954540e-01 5.41945696e-01 3.11496437e-01 1.04921520e-01
    8.07870090e-01 7.87330866e-01 6.67378187e-01 4.01627690e-01
    7.79990256e-01 5.58640063e-02 3.30723226e-02 9.27258670e-01
    1.42895073e-01 1.16115391e-01 9.26935136e-01 9.21506882e-01
    6.23660862e-01 9.76373196e-01 3.54894221e-01 7.62185335e-01
    4.73752558e-01 8.29696953e-01 2.32667923e-02 5.19120574e-01
    8.71405721e-01 7.69245028e-01 4.64907289e-01 2.95857370e-01
    4.69476819e-01 7.25172162e-02 8.95520806e-01 4.96546030e-01
    1.56824440e-01 8.97102356e-01 9.98384655e-02 5.06435692e-01
    7.93918729e-01 4.27429169e-01 6.39899135e-01 8.03423285e-01
    8.62745404e-01 4.86680806e-01 6.57687843e-01 6.28503144e-01
    8.42495203e-01 5.70541084e-01 1.91142082e-01 6.42347634e-01
    7.29388475e-01 2.58133680e-01 4.88976479e-01 7.89304614e-01
    7.57631540e-01 2.67933547e-01 6.04668140e-01 1.35681808e-01
    8.68946493e-01 2.53475010e-01 7.31308103e-01 2.15626836e-01
    5.11774421e-01 9.67857838e-01 2.30816722e-01 4.43726867e-01
    6.60517633e-01 2.76571155e-01 1.25604600e-01 2.96008229e-01
    7.39105821e-01 8.38117063e-01 2.92320490e-01 6.55875146e-01
    6.58180714e-02 6.76866055e-01 4.28859770e-01 9.00843382e-01
    8.64042282e-01 8.22597504e-01 2.41461605e-01 3.52328181e-01
    3.16614449e-01 9.19149041e-01 8.19661140e-01 1.63383126e-01
    4.61848974e-01 6.73569679e-01 3.01470935e-01 5.63111186e-01
    8.15243900e-01 5.44878721e-01 4.88252848e-01 1.10122889e-01
    6.47933841e-01 4.99093473e-01 3.65281761e-01 1.93249196e-01
    5.59417069e-01 7.75512457e-01 9.97751057e-02 4.25375611e-01
    5.96270382e-01 4.03698742e-01 4.80386138e-01 7.56938577e-01
    4.05217379e-01 5.11864364e-01 6.68473303e-01 3.19980800e-01
    6.71646833e-01 4.22347873e-01 2.89480716e-01 6.05286717e-01
    6.47497892e-01 6.27803683e-01 5.22782266e-01 1.47559285e-01
    8.85744274e-01 2.64270782e-01 7.61781335e-01 2.70826727e-01
    8.06656122e-01 6.74370408e-01 9.58948314e-01 1.84948146e-02
    8.42437387e-01 6.52110040e-01 7.38027096e-01 5.76519012e-01
    9.25400794e-01 4.30748731e-01 4.49083358e-01 6.72717273e-01
    5.31397521e-01 5.88295162e-01 7.97266781e-01 6.18139207e-02
    3.56301665e-01 9.05833960e-01 5.91392219e-01 6.84123278e-01
    8.44921350e-01 6.88788176e-01 1.91602945e-01 7.53419757e-01
    1.51664257e-01 3.29638541e-01 6.05159163e-01 2.06156164e-01
    8.54320526e-01 6.96362197e-01 5.48135936e-01 9.38729227e-01
    3.38793188e-01 7.38590539e-01 8.22537661e-01 3.44729543e-01
    6.34550095e-01 6.77836895e-01 4.26303267e-01 5.95456958e-02
    6.35853946e-01 6.04503095e-01 8.76980543e-01 4.35375601e-01
    3.19679201e-01 8.98257732e-01 7.66914785e-02 3.42048526e-01
    1.84334636e-01 7.59749055e-01 4.25751060e-01 7.79477000e-01
    7.11298704e-01 5.48848212e-01 2.26235390e-01 3.81566584e-01
    4.04990166e-01 4.30478275e-01 1.93968087e-01 3.19246888e-01
    1.79685235e-01 9.24586415e-01 8.99483919e-01 1.84003949e-01
    4.68155950e-01 9.58951414e-02 8.87710094e-01 9.31809068e-01
    9.98047233e-01 1.26425713e-01 9.12137151e-01 5.06140113e-01
    3.73477280e-01 9.34145927e-01 1.01025850e-01 7.76724875e-01
    9.44283962e-01 2.47345835e-01 3.71710479e-01 1.45831019e-01
    6.43229485e-01 1.24058604e-01 9.42575336e-02 1.86967701e-01
    8.96140337e-01 9.72622275e-01 3.21122825e-01 3.19331467e-01
    7.44616866e-01 2.69166291e-01 9.24022615e-01 1.62089825e-01
    4.53117698e-01 1.90935403e-01 4.84405458e-02 3.19648087e-01
    1.52116627e-01 4.63278294e-02 5.86861491e-01 3.22577357e-01
    3.73044431e-01 1.32066727e-01 7.94144154e-01 9.04730320e-01
    6.04684472e-01 2.02465653e-02 6.37136459e-01 8.91445994e-01
    6.87311828e-01 8.24787021e-01 6.83761954e-01 8.79400373e-02
    7.14628816e-01 5.65708995e-01 3.87080312e-02 3.57429802e-01
    2.99951017e-01 6.61682785e-01 6.21187925e-01 6.87890828e-01
    8.86199355e-01 3.95088196e-02 5.92384636e-02 3.73983115e-01
    4.96827304e-01 7.39946961e-03 4.02091205e-01 2.47676224e-01
    1.87720060e-02 7.91681528e-01 6.26285434e-01 9.09160376e-01
    2.24773645e-01 7.09707439e-01 6.10980570e-01 4.73518372e-01
    5.40998936e-01 5.07992268e-01 3.34562540e-01 3.28413159e-01
    9.70527172e-01 9.40551996e-01 4.85321790e-01 3.37906241e-01
    5.40001631e-01 1.17082268e-01 7.16847122e-01 6.78379476e-01
    3.90878141e-01 9.82890129e-02 3.98640037e-01 9.10745859e-01
    5.68667114e-01 4.36058581e-01 5.01253605e-02 2.70476937e-01
    8.05880427e-01 8.27526271e-01 1.28912538e-01 6.54289067e-01
    1.70159578e-01 9.63662028e-01 5.34530878e-02 8.28393102e-02
    1.51671410e-01 2.99032331e-02 2.64468431e-01 6.27199709e-01
    2.61078238e-01 8.71912956e-01 4.58253533e-01 6.09090805e-01
    6.71964645e-01 2.04927564e-01 6.77213192e-01 9.50861573e-01
    4.42135543e-01 1.64096594e-01 2.89926559e-01 2.27355510e-01
    9.12366033e-01 1.65488988e-01 2.25224972e-01 7.62511969e-01
    9.54151750e-02 7.29174137e-01 6.52697682e-03 7.92230904e-01
    6.12616241e-02 4.38145965e-01 7.78188109e-01 1.48132950e-01
    1.46846980e-01 1.84845865e-01 3.10539782e-01 4.25715774e-01
    3.07489216e-01 6.29463851e-01 3.90239656e-02 9.99455452e-01
    2.69126952e-01 2.64670312e-01 4.36633855e-01 3.63251388e-01
    5.96650302e-01 2.40392447e-01 8.11326742e-01 7.28411853e-01
    9.61050987e-01 2.21628249e-01 5.47767699e-01 3.20648670e-01
    6.10942245e-02 1.26719564e-01 8.15836430e-01 7.48070180e-02
    8.32098961e-01 9.00552332e-01 5.32463431e-01 3.43398452e-02
    5.59620321e-01 3.15739989e-01 4.19528157e-01 1.32156134e-01
    8.20039093e-01 8.84600759e-01 6.17113650e-01 2.60272443e-01
    3.37177336e-01 1.17705971e-01 7.90973783e-01 5.96282601e-01
    8.78633618e-01 5.66772521e-01 1.22977078e-01 9.54791844e-01
    6.66645825e-01 5.13675511e-01 6.43815517e-01 9.61738169e-01
    4.17862087e-01 2.79950500e-01 4.22289968e-02 4.19189364e-01
    2.99271196e-01 2.68786371e-01 5.31321883e-01 9.55611587e-01
    8.23959351e-01 3.67598057e-01 2.03013957e-01 9.02826071e-01
    7.63315022e-01 6.46028638e-01 7.76879430e-01 6.59866810e-01
    4.26304102e-01 4.79642212e-01 3.60711157e-01 3.00756633e-01
    6.56980991e-01 8.57317507e-01 5.34211457e-01 6.25723839e-01
    8.17012250e-01 5.78678489e-01 4.56705183e-01 4.42612082e-01
    1.95760727e-01 4.77001041e-01 6.64239705e-01 7.04132318e-01
    8.79997849e-01 1.26366913e-01 4.73462284e-01 1.66971564e-01
    4.20041591e-01 7.66222954e-01 7.18622804e-01 6.45508051e-01
    5.16495287e-01 4.38852668e-01 6.97163045e-02 4.14589763e-01
    3.24254811e-01 7.01962769e-01 3.83786559e-02 9.51969266e-01
    4.33801204e-01 9.12558496e-01 2.74459362e-01 7.84623861e-01
    7.98507035e-01 9.92374063e-01 8.98586750e-01 6.30895376e-01
    4.88100767e-01 1.25967771e-01 2.79322147e-01 6.58366919e-01
    5.43552995e-01 7.74026275e-01 6.60215974e-01 1.45603120e-02
    6.03844762e-01 7.78474569e-01 4.22751606e-01 2.21490860e-04
    1.61751658e-01 6.80335760e-01 6.49272263e-01 8.06903064e-01
    7.19319940e-01 5.21226585e-01 8.38203490e-01 6.53998315e-01
    7.38786161e-01 2.20602721e-01 2.26889610e-01 2.60562420e-01
    7.24060833e-02 2.14502424e-01 2.03490257e-01 9.22024250e-04
    5.95387757e-01 3.93187284e-01 4.20571208e-01 3.84346485e-01
    7.04694748e-01 2.84925580e-01 6.23003066e-01 7.90662766e-01
    2.97547489e-01 1.10711247e-01 4.19542789e-01 3.58297527e-01
    3.03018272e-01 7.17578769e-01 5.95661402e-02 1.18689507e-01
    7.66791344e-01 1.35783255e-01 7.52640545e-01 5.82439184e-01
    3.87673855e-01 4.62116510e-01 3.56139451e-01 6.17459893e-01
    8.46139669e-01 7.53822088e-01 4.20057982e-01 9.28891003e-02
    3.51530850e-01 2.03171134e-01 6.38508737e-01 7.23112226e-02
    5.47314823e-01 1.76816255e-01 6.58432722e-01 1.00858361e-01
    8.90152216e-01 4.42566454e-01 3.77308100e-01 3.56163561e-01
    7.51326323e-01 8.69054317e-01 6.46728694e-01 7.25863457e-01
    2.06175417e-01 9.47773635e-01 6.75602257e-01 9.82231140e-01
    8.67919803e-01 1.67691171e-01 1.35974646e-01 8.68503451e-01
    1.95714831e-01 5.24744987e-02 5.53489506e-01 4.27317321e-01
    9.27445769e-01 4.55697715e-01 3.65331978e-01 2.74494708e-01
    5.40627062e-01 9.32238638e-01 1.83420032e-01 8.37867737e-01
    3.85282516e-01 7.99235284e-01 9.94016469e-01 1.96554542e-01
    2.21638232e-01 9.49146986e-01 2.71429658e-01 6.38386488e-01
    7.81902671e-01 6.29559040e-01 4.66620803e-01 3.36915851e-01
    1.37388051e-01 2.76518762e-01 5.17001748e-03 4.99754727e-01
    4.58791852e-03 9.69524384e-01 9.27928448e-01 9.66037929e-01
    5.11936605e-01 2.16009974e-01 7.83973098e-01 1.17594153e-01
    7.15987086e-01 4.14117277e-01 7.63764501e-01 8.76644492e-01
    6.85198903e-01 3.66934836e-02 7.06003964e-01 4.99366075e-01
    2.66197354e-01 2.06281960e-01 4.28347439e-01 6.72834218e-01
    5.20873547e-01 4.11275506e-01 2.97936857e-01 4.35569555e-01
    2.82365918e-01 6.96214199e-01 7.95358717e-01 6.85541868e-01
    5.26098430e-01 7.74421036e-01 5.35655737e-01 7.11507738e-01
    7.22256780e-01 1.78350538e-01 2.76096940e-01 7.73493648e-01
    5.34343421e-01 1.36177599e-01 7.43589163e-01 7.02364206e-01
    8.20863485e-01 1.87634319e-01 4.82241362e-01 9.23553109e-01
    4.41307127e-01 3.44415337e-01 2.55544007e-01 5.70771337e-01
    6.95990622e-01 8.85511100e-01 7.46180415e-02 9.57631230e-01
    9.27602708e-01 6.69562340e-01 6.20614290e-01 9.59988236e-01
    8.71649146e-01 9.28915620e-01 1.59485906e-01 3.43044877e-01
    5.63682556e-01 9.40519154e-01 4.76093203e-01 1.74435079e-01
    6.51841938e-01 8.99029970e-02 9.99463975e-01 8.45103085e-01
    8.95283222e-02 1.33728176e-01 1.77782178e-02 8.19160819e-01
    1.36857033e-02 5.25837481e-01 1.67598605e-01 6.68751061e-01
    7.92996407e-01 6.92676485e-01 1.46115720e-02 6.07856810e-02
    2.25309581e-01 7.11601853e-01 3.61938894e-01 5.40035307e-01
    3.13745141e-01 7.36554146e-01 7.04155862e-02 4.23710078e-01
    4.70618904e-02 7.84450173e-02 4.74685967e-01 7.82899141e-01
    5.94858110e-01 9.06810939e-01 5.92276990e-01 5.27532578e-01
    9.43677783e-01 6.84168458e-01 3.84574980e-01 1.86553597e-03
    7.18325317e-01 1.69144839e-01 4.32082444e-01 7.30107665e-01
    5.36629915e-01 7.09139168e-01 8.21682990e-01 6.62958741e-01
    1.82671934e-01 6.91766441e-02 8.05045128e-01 7.29280174e-01
    2.47806877e-01 5.40380478e-01 6.89752102e-01 7.09555268e-01
    1.40382618e-01 7.09724844e-01 1.29951894e-01 5.15045941e-01
    8.16497326e-01 3.86441588e-01 3.12343419e-01 3.61465752e-01
    6.37702465e-01 8.44487846e-01 8.68745029e-01 8.23383391e-01
    4.92206007e-01 7.23849833e-02 9.98952746e-01 9.39959645e-01
    7.84450054e-01 7.94505477e-01 4.25810665e-01 5.99843860e-01
    5.15559793e-01 5.09175956e-01 7.99744725e-01 2.14778423e-01
    4.11980450e-01 2.74299830e-01 9.49909806e-01 6.85660958e-01
    7.84367979e-01 3.19317132e-01 1.30699694e-01 2.84202814e-01
    9.11116600e-04 3.32332313e-01 9.59406555e-01 1.22380465e-01
    1.77892864e-01 9.55925584e-02 3.37466180e-01 6.10084593e-01
    2.02875316e-01 1.16634071e-01 3.71637225e-01 6.23729289e-01
    3.88157010e-01 7.71712184e-01 7.68200278e-01 1.72785819e-02
    7.02090263e-01 5.20470798e-01 5.83533168e-01 4.57146645e-01
    4.84915555e-01 6.79550707e-01 8.47821057e-01 9.61439788e-01
    6.79266572e-01 8.84189248e-01 4.99774545e-01 9.74327505e-01
    3.98698866e-01 3.28721642e-01 4.22710896e-01 5.69691956e-01
    3.43824297e-01 6.75622463e-01 5.15015721e-01 7.45353103e-01
    1.43337071e-01 5.38201869e-01 4.66836929e-01 3.68096173e-01
    7.24007905e-01 3.25159043e-01 8.99473786e-01 9.29168940e-01
    5.19965589e-02 5.69588244e-02 4.24655557e-01 6.05219305e-01
    3.16742539e-01 7.22363949e-01 9.61657643e-01 3.10161948e-01
    1.27933949e-01 6.37702346e-02 9.27876949e-01 4.59181845e-01
    4.41815287e-01 9.73380208e-01 4.56924170e-01 2.21175343e-01
    3.92313004e-01 7.01841712e-03 2.11447090e-01 6.36304200e-01
    2.51235127e-01 9.40384150e-01 1.03593349e-01 4.89826322e-01
    5.96039772e-01 5.73431969e-01 1.03850871e-01 6.38029873e-01
    9.29012179e-01 7.81777024e-01 2.31992453e-01 1.51443154e-01
    3.02428931e-01 6.55328453e-01 8.94795895e-01 2.04917133e-01
    6.82890832e-01 5.57896435e-01 7.74385214e-01 1.81200862e-01
    5.55202067e-01 1.00758970e-01 9.40385103e-01 6.19864702e-01
    9.48211193e-01 4.09038424e-01 2.42021233e-01 4.94343340e-02
    8.69152308e-01 4.55286771e-01 4.07008529e-01 9.93514299e-01
    2.88788021e-01 1.63132578e-01 3.21273625e-01 8.26177120e-01
    4.26071167e-01 1.51454568e-01 5.83953857e-02 9.29931283e-01
    9.54495132e-01 4.17399794e-01 9.17394459e-02 3.60665560e-01
    2.22768486e-02 5.03229499e-02 4.98659581e-01 3.44749153e-01
    8.26704204e-02 7.25011230e-01 3.77116352e-01 7.82051086e-01
    3.04239482e-01 7.27939367e-01 1.00432724e-01 1.44937068e-01
    2.55794019e-01 5.03458202e-01 7.19939053e-01 6.48851633e-01
    7.10982680e-02 1.89959347e-01 4.49496716e-01 2.76832104e-01
    9.36183691e-01 3.37202311e-01 8.52740288e-01 9.56515551e-01
    5.62169671e-01 7.63592005e-01 1.17662787e-01 1.48455948e-01
    7.32545614e-01 4.62800771e-01 5.90591013e-01 6.18111849e-01
    1.62628233e-01 8.33363533e-01 8.38229775e-01 7.58800149e-01
    7.04926252e-01 4.67527330e-01 8.25172067e-02 7.33457208e-02
    5.31469226e-01 8.15282941e-01 7.55345523e-01 6.24641418e-01
    5.89168906e-01 4.99938875e-01 8.19657624e-01 7.82109976e-01
    9.72121060e-02 9.93601322e-01 9.49872553e-01 8.74341965e-01
    5.54053128e-01 1.50225997e-01 3.67910206e-01 4.35916334e-01
    9.77146804e-01 8.67973745e-01 9.44430709e-01 3.27778161e-02
    4.62959856e-01 3.13423514e-01 5.55800319e-01 9.85113263e-01
    6.23308599e-01 6.93371117e-01 1.37111545e-02 1.02230459e-01
    4.03820902e-01 1.95140094e-01 4.65321779e-01 7.65101552e-01
    2.94419050e-01 6.22109473e-01 9.98922884e-02 6.14407480e-01
    5.28677285e-01 7.31985152e-01 5.73731780e-01 9.60536480e-01
    8.53534043e-02 3.10250878e-01 7.94288874e-01 1.43248647e-01
    7.50216603e-01 6.96768403e-01 5.76208055e-01 2.47407287e-01
    9.02492523e-01 5.75038195e-01 7.94411182e-01 5.10348201e-01
    9.57947969e-01 1.22927904e-01 1.83158994e-01 5.76267481e-01
    7.35305130e-01 7.02356517e-01 7.81609178e-01 6.36152446e-01
    5.54636836e-01 9.58948970e-01 9.28201795e-01 6.86808407e-01
    3.15672636e-01 8.69048357e-01 6.48139298e-01 2.70438284e-01
    6.91497445e-01 2.96924591e-01 4.51136291e-01 9.48870182e-01
    7.65925527e-01 1.03943557e-01 3.67895305e-01 6.73494160e-01
    5.23817480e-01 6.26536965e-01 9.96607065e-01 4.14524347e-01
    5.68142593e-01 5.45969307e-01 7.36598134e-01 4.50695843e-01
    6.68048859e-01 8.51717532e-01 1.06917828e-01 6.64352238e-01
    4.90321636e-01 2.81508625e-01 2.98337221e-01 5.00569463e-01
    5.56226015e-01 8.63420248e-01 2.42062539e-01 5.04924715e-01
    7.21984506e-01 4.02394891e-01 3.03556144e-01 2.64242291e-02
    5.38199365e-01 2.85831034e-01 6.75173163e-01 1.18758380e-02
    9.56267953e-01 7.34151483e-01 9.79557276e-01 8.54445577e-01
    5.84443867e-01 2.73735613e-01 6.20983720e-01 2.02113599e-01
    4.05296177e-01 4.30073112e-01 5.85367680e-01 9.65729654e-02
    8.56563807e-01 3.55748653e-01 7.59030461e-01 7.73337007e-01
    4.18600321e-01 4.77455854e-01 1.73780620e-02 1.89649880e-01
    1.27801001e-02 2.21883357e-02 9.28749323e-01 2.13062137e-01
    1.80043787e-01 8.03430915e-01 5.88765681e-01 1.38521969e-01
    8.07528198e-02 8.80885720e-01 8.70355964e-02 8.69157732e-01
    5.66220224e-01 3.82880360e-01 1.70130521e-01 6.59940600e-01
    9.47582603e-01 1.21089637e-01 6.36264324e-01 3.13668847e-02
    6.79673254e-01 4.83149737e-01 3.83565128e-01 2.14036882e-01
    5.56355536e-01 2.95374185e-01 3.18214715e-01 2.61894733e-01
    5.10045111e-01 3.78617942e-02 1.42588377e-01 5.05126476e-01
    5.54350078e-01 5.72780132e-01 9.51350093e-01 1.01504833e-01
    7.60231376e-01 5.43285310e-02 5.82173944e-01 2.91700482e-01
    2.75734365e-01 3.69958997e-01 6.65490508e-01 7.44035840e-02
    8.31990242e-01 1.48239464e-01 9.12692428e-01 2.11818904e-01
    7.10937262e-01 3.33338976e-02 9.64241028e-01 1.89701945e-01
    1.54677451e-01 6.84968889e-01 6.45324945e-01 7.18269765e-01
    2.39940912e-01 5.60567737e-01 8.96563292e-01 3.04790974e-01
    1.06761217e-01 8.85050297e-01 6.95201337e-01 5.27109861e-01
    6.04438365e-01 9.90996182e-01 3.38528395e-01 8.62774611e-01
    2.45173395e-01 4.69070703e-01 8.80623162e-02 9.84838068e-01
    4.65470076e-01 7.84688473e-01 8.42426479e-01 8.72080684e-01
    4.47257489e-01 3.08604389e-01 6.10479653e-01 2.70320475e-01
    8.68750632e-01 4.79568988e-01 6.38676643e-01 6.62499726e-01
    2.30981588e-01 7.79354274e-01 3.69355679e-01 8.37161958e-01
    3.41404617e-01 4.99568343e-01 6.99112117e-02 1.71321094e-01
    2.33361870e-01 2.83571154e-01 8.34290385e-01 5.72788477e-01
    9.68164802e-02 6.45766497e-01 3.11997920e-01 9.14505839e-01
    2.09198296e-02 7.89085865e-01 7.12650836e-01 2.62840450e-01
    9.70306277e-01 5.59127510e-01 2.05863625e-01 5.32890439e-01
    6.58911228e-01 2.21489310e-01 2.40351111e-01 5.20835280e-01
    8.77419114e-01 1.11786962e-01 6.64099574e-01 6.85612202e-01
    5.10773063e-01 8.28026533e-02 2.28575528e-01 2.39059120e-01
    8.66419435e-01 4.63606745e-01 2.57386744e-01 5.21023870e-01
    9.82941091e-01 5.49101591e-01 7.88488984e-01 2.28188902e-01
    2.28106439e-01 9.16846395e-02 5.35956621e-01 9.59315658e-01
    1.18612647e-01 2.01276153e-01 9.99821424e-02 3.79956275e-01
    9.86126542e-01 1.17630064e-02 4.21140492e-01 3.10792446e-01
    1.00224495e-01 5.80391407e-01 3.81294191e-02 2.91548848e-01
    5.24428487e-02 1.06950998e-01 3.79285425e-01 4.40584689e-01
    9.63567376e-01 8.75404716e-01 3.90823543e-01 4.82530922e-01
    1.06646031e-01 1.07236624e-01 6.82299912e-01 1.02551371e-01
    6.43828869e-01 9.07448769e-01 2.30224907e-01 9.76003706e-01
    7.37076640e-01 6.63385391e-02 5.40013015e-01 5.70246041e-01
    2.55240887e-01 2.92547762e-01 2.66948164e-01 3.84974241e-01
    1.17244422e-01 6.60349548e-01 6.81684673e-01 5.26675165e-01
    6.57566667e-01 2.86390156e-01 1.16200030e-01 2.42513269e-01
    2.29652107e-01 1.49639577e-01 3.86885315e-01 8.98281515e-01
    5.12952626e-01 9.77308273e-01 4.29981887e-01 7.86980629e-01
    4.57654625e-01 3.18817437e-01 8.05666745e-01 2.12602675e-01
    1.54876649e-01 3.83334100e-01 2.81098485e-02 4.46784496e-03
    5.61879635e-01 6.30548239e-01 5.96795321e-01 4.42764759e-02
    9.61033881e-01 3.18563133e-01 9.85258818e-02 9.47256923e-01
    2.97076166e-01 5.08657932e-01 5.03038168e-01 3.70582342e-02
    8.03929269e-02 8.66175711e-01 2.47382909e-01 9.73145783e-01
    2.89305151e-01 6.73830509e-04 9.85303402e-01 9.15220022e-01
    9.61064935e-01 7.72310972e-01 6.72400713e-01 2.95379281e-01
    1.45392805e-01 5.69839239e-01 2.10939169e-01 3.05874795e-01
    9.73212719e-03 8.45599294e-01 8.63735080e-01 1.54781878e-01
    9.60126519e-01 7.20853209e-02 4.66654122e-01 1.48270190e-01
    2.87624598e-01 8.87908399e-01 5.93287766e-01 5.16017675e-01
    1.19643807e-01 8.81739497e-01 5.47074676e-01 6.65487707e-01
    3.40170860e-02 8.45823228e-01 9.90399837e-01 1.03220224e-01
    3.19259673e-01 5.15367389e-02 4.68421787e-01 1.37111843e-02
    7.95248330e-01 6.36298656e-02 4.95570660e-01 7.23488092e-01
    2.97175080e-01 9.18893814e-01 9.21074510e-01 8.83782685e-01
    6.30480647e-02 7.27427602e-02 1.33760393e-01 9.85402644e-01
    6.73277617e-01 2.11057186e-01 3.32906544e-01 3.46502662e-01
    7.29247391e-01 7.09263861e-01 9.08543944e-01 3.63367498e-01
    3.60464394e-01 2.25242138e-01 9.58985269e-01 2.18509763e-01
    6.75577283e-01 7.29930103e-02 1.46444798e-01 7.33254194e-01
    9.34133172e-01 6.73756719e-01 1.64456844e-01 7.05170512e-01
    6.01905882e-02 6.23941898e-01 4.76756394e-01 9.95514631e-01
    6.80935025e-01 4.53489482e-01 9.17397618e-01 4.15574729e-01
    3.35142761e-01 6.39517963e-01 9.18782949e-01 5.84010780e-01
    6.32116854e-01 6.58457518e-01 3.52365971e-02 3.21806163e-01
    8.97105932e-01 1.21464700e-01 3.67685020e-01 3.79755139e-01
    7.61326373e-01 1.64238811e-02 3.77995223e-01 9.69582200e-01
    8.59627128e-03 4.91698235e-01 7.22249985e-01 5.55198908e-01
    2.30483085e-01 2.85410225e-01 9.52603579e-01 7.41292655e-01
    7.04689741e-01 4.66180444e-01 7.42223501e-01 2.11913586e-02
    7.29722679e-02 9.22056079e-01 6.47000909e-01 5.00295699e-01
    2.81328142e-01 8.91946733e-01 9.86406565e-01 3.97661299e-01
    8.83105636e-01 9.53448117e-01 9.39026773e-02 2.98366189e-01
    5.96763968e-01 2.97032297e-02 7.06872225e-01 3.83744568e-01
    7.23936081e-01 5.21439612e-01 1.48225933e-01 1.92571372e-01
    1.92918479e-01 7.36811042e-01 2.52451062e-01 4.83988494e-01
    3.88831109e-01 4.08424824e-01 8.49384308e-01 2.68574893e-01
    9.25081730e-01 6.43516183e-01 4.32968259e-01 9.43039060e-01
    1.34515733e-01 7.84306586e-01 5.71385860e-01 4.10286099e-01
    1.68385953e-01 4.14962769e-01 6.59269571e-01 9.19501066e-01
    2.34324753e-01 7.92773902e-01 1.76718026e-01 2.36482829e-01
    5.88015497e-01 3.24154794e-01 2.56099403e-02 5.43429255e-02
    6.96681023e-01 1.24506474e-01 2.55462021e-01 5.66914916e-01
    5.61748505e-01 2.62672663e-01 2.39953011e-01 6.87406957e-01
    7.00988531e-01 6.19804502e-01 8.16077232e-01 8.52083087e-01
    6.93261147e-01 2.51645505e-01 6.67631209e-01 1.77225262e-01
    8.40383410e-01 8.22756529e-01 1.01781815e-01 4.06555891e-01
    6.67240918e-02 8.81172061e-01 9.33753967e-01 9.97802615e-03
    1.93018228e-01 1.95098817e-02 5.09447634e-01 8.10636163e-01
    4.23217207e-01 5.31380892e-01 5.08163095e-01 6.55569553e-01
    8.97314668e-01 3.74012053e-01 8.86464477e-01 4.15803254e-01
    1.05107844e-01 2.24970341e-01 4.49015677e-01 4.38505709e-02
    8.90222311e-01 8.37927759e-01 8.32840800e-01 1.81894183e-01
    8.75320733e-01 6.96858764e-01 6.66965544e-01 1.44714504e-01
    4.29255933e-01 8.80570590e-01 7.90435195e-01 1.01373762e-01
    2.71614969e-01 1.11309886e-02 3.70138764e-01 2.76994228e-01
    2.51884997e-01 5.33732533e-01 4.41873997e-01 1.77491635e-01
    8.65896404e-01 8.50686729e-01 5.82550526e-01 6.10476613e-01
    3.61691535e-01 2.49400735e-03 2.30918467e-01 8.05880666e-01
    8.11871886e-01 1.15394026e-01 2.71664679e-01 8.31432104e-01
    8.52129579e-01 7.75452018e-01 4.30647582e-01 8.76453340e-01
    1.71244234e-01 9.69802499e-01 7.72360981e-01 3.62210274e-01
    8.56188357e-01 4.67138648e-01 1.14693075e-01 7.38907516e-01
    9.72086430e-01 6.25300348e-01 1.92042738e-01 4.64068413e-01
    7.31193244e-01 1.94224715e-01 8.24783325e-01 6.07829630e-01
    1.03994101e-01 6.37840271e-01 4.76779222e-01 9.62825298e-01
    6.89594626e-01 5.79486251e-01 7.20894456e-01 5.50961554e-01
    8.61643314e-01 3.90769064e-01 9.16652679e-01 8.80070567e-01
    8.66755664e-01 6.12841189e-01 8.90713811e-01 9.61881101e-01
    2.62578487e-01 4.87284660e-02 8.68869781e-01 2.57965386e-01
    9.07959580e-01 7.70040870e-01 5.53480864e-01 2.18430191e-01
    3.38864326e-02 1.48078382e-01 7.72353292e-01 5.33481240e-01
    2.86973864e-01 6.39891982e-01 9.87579584e-01 2.86176085e-01
    7.68639088e-01 4.45825219e-01 5.66457629e-01 8.51172686e-01
    4.84228134e-02 8.73455048e-01 3.75231743e-01 4.51668173e-01
    6.19905531e-01 6.88015938e-01 2.78008163e-01 9.03329611e-01
    1.18935496e-01 7.82473803e-01 7.06365705e-03 4.91679192e-01
    5.98901510e-03 2.58215606e-01 5.45804381e-01 9.78668809e-01
    4.49553013e-01 6.60949826e-01 9.06089365e-01 6.04662895e-02
    5.63174188e-02 1.69143111e-01 1.86286718e-01 1.72868162e-01
    6.61900520e-01 6.63112819e-01 9.05536711e-01 8.13072205e-01
    8.10612440e-01 1.34577364e-01 8.62457633e-01 2.18948156e-01
    4.15006578e-01 2.45044500e-01 6.50356412e-01 8.58875811e-01
    7.29658365e-01 1.64000392e-02 3.14189494e-02 6.64346099e-01
    1.21770144e-01 6.30229354e-01 3.60977769e-01 8.63333821e-01
    8.60916078e-02 6.52751565e-01 5.86499274e-01 4.85799223e-01
    2.78735697e-01 8.52322340e-01 1.50710016e-01 3.32606912e-01
    6.30105734e-02 6.43320441e-01 9.47486639e-01 8.22367311e-01
    9.96111631e-02 7.06565022e-01 2.06694990e-01 9.06537771e-01
    7.12850213e-01 7.29284286e-02 5.08264065e-01 7.17049897e-01
    8.95670414e-01 3.33168209e-02 8.08877409e-01 5.76269150e-01
    7.56867468e-01 7.99972892e-01 4.35522258e-01 3.86174440e-01
    6.29685402e-01 3.39850962e-01 8.32314730e-01 8.83895159e-01
    4.16187763e-01 6.74798131e-01 9.70918179e-01 2.26065814e-02
    2.11071491e-01 4.27955925e-01 6.48987591e-01 9.40949798e-01
    2.67107964e-01 9.33503568e-01 3.16227168e-01 3.23572755e-03
    9.28787947e-01 9.16582346e-01 6.22280836e-01 3.54845107e-01
    4.51553732e-01 5.61994731e-01 5.23731112e-01 6.50640965e-01
    9.20682907e-01 9.14248466e-01 3.36471826e-01 7.93999076e-01
    9.45929587e-01 2.37525940e-01 4.51791644e-01 1.88077658e-01
    5.36823571e-02 3.18617225e-01 1.03190690e-01 7.04081953e-02
    1.05175167e-01 8.94290447e-01 8.00949812e-01 6.35153651e-01
    1.87100023e-01 2.24812716e-01 7.68810272e-01 1.75340056e-01
    4.73309994e-01 3.99405032e-01 2.52532423e-01 4.08788383e-01
    2.57585019e-01 1.56736135e-01 5.35792410e-01 8.40306580e-02
    1.86772943e-02 3.41449976e-01 9.21937227e-01 3.43032181e-02
    7.52429605e-01 2.39004165e-01 1.73479319e-01 3.18562508e-01
    7.65919089e-01 6.35598540e-01 6.05033517e-01 3.61068249e-02
    9.99678016e-01 7.29722142e-01 6.04391813e-01 7.98714757e-02
    6.84350729e-04 8.78832579e-01 8.87596190e-01 9.38566566e-01
    4.88763154e-02 2.84546554e-01 2.84700215e-01 1.71947211e-01
    5.58091819e-01 1.73594981e-01 1.37042612e-01 6.50002062e-02
    5.72021484e-01 3.53150427e-01 3.16053808e-01 6.47478044e-01
    8.35645914e-01 4.77965832e-01 5.05257905e-01 9.34554040e-02
    1.97826028e-02 9.06131268e-01 4.87612784e-02 1.00960135e-01
    1.75939292e-01 1.22879326e-01 8.37428212e-01 7.29816973e-01
    8.46141100e-01 2.59537756e-01 2.16394901e-01 1.46794319e-01
    6.43467009e-01 9.49910522e-01 8.98451924e-01 2.67693222e-01
    2.18975067e-01 4.79813784e-01 4.97547239e-01 9.27740276e-01
    4.23795581e-01 3.08675051e-01 6.37555242e-01 2.37976462e-01
    3.12166810e-01 9.57658172e-01 2.54427999e-01 1.04912341e-01
    1.35504693e-01 4.45138812e-01 5.03423154e-01 3.44783962e-01
    9.03240860e-01 9.52800751e-01 9.36456203e-01 2.22967118e-01
    4.89779115e-02 2.07319677e-01 1.41298085e-01 4.58583087e-01
    3.01467389e-01 9.53914523e-01 1.31590098e-01 2.01947421e-01
    9.42523479e-01 7.31853724e-01 4.92623359e-01 2.27072001e-01
    8.01197827e-01 3.89528871e-01 1.52150571e-01 4.65729833e-03
    1.48790896e-01 9.96351540e-02 7.44668126e-01 7.49456763e-01
    3.24002743e-01 8.45389366e-01 6.24615788e-01 1.75399959e-01
    2.37038642e-01 2.60784447e-01 5.64832032e-01 2.54297316e-01
    6.38114214e-01 4.05647069e-01 6.23769581e-01 6.52015746e-01
    9.67674315e-01 8.69989157e-01 6.56875730e-01 7.18989730e-01
    4.03303266e-01 2.55913973e-01 9.68146324e-01 9.96396542e-01
    3.55126679e-01 9.55777884e-01 6.27044261e-01 6.31275237e-01
    3.35409045e-02 7.88088322e-01 3.26322615e-01 4.91112232e-01
    9.13441539e-01 1.72981590e-01 3.78924549e-01 1.67032838e-01
    2.30333239e-01 4.01166797e-01 3.58438730e-01 7.40232408e-01
    3.98936868e-01 4.86185431e-01 7.25108802e-01 2.49155372e-01
    9.56745803e-01 3.79991919e-01 7.02350140e-01 3.39672089e-01
    7.18476593e-01 9.79359150e-01 6.50927305e-01 1.62269920e-01
    7.82275319e-01 7.23100603e-02 4.04856801e-01 8.42597842e-01
    3.96308422e-01 9.72862482e-01 5.97599387e-01 4.17807579e-01
    2.80117780e-01 6.40014410e-01 4.43071723e-01 5.07338107e-01
    3.81420910e-01 1.08419567e-01 6.16087854e-01 8.96356881e-01
    7.24274337e-01 3.26789916e-01 1.06407285e-01 4.78683501e-01
    1.75878316e-01 4.01263326e-01 1.18843138e-01 8.74646544e-01
    6.43501878e-01 9.57532883e-01 6.86131299e-01 3.08769643e-01
    9.93109822e-01 2.21440136e-01 7.75524676e-01 4.38551009e-02
    7.21993148e-01 7.39943385e-02 8.61366987e-01 6.06327891e-01
    3.98568869e-01 9.13816452e-01 8.83207083e-01 4.46987689e-01
    8.08059573e-01 9.55736995e-01 9.96606946e-01 4.15567338e-01
    4.96958047e-01 5.01660585e-01 8.93874288e-01 8.01231146e-01
    8.39211047e-02 8.73016417e-02 6.91143572e-02 1.76684976e-01
    5.42615354e-01 5.68322480e-01 6.24325871e-02 3.32401335e-01
    7.74562955e-01 4.08052713e-01 9.31884348e-02 9.93058145e-01
    1.26902133e-01 9.21609640e-01 2.34292090e-01 4.53959405e-02
    4.26807225e-01 6.81132078e-03 9.71056700e-01 6.90997601e-01
    6.51928544e-01 8.62897635e-02 3.37494612e-02 7.82132745e-01
    4.36343670e-01 3.08081806e-01 5.91374934e-02 2.83126473e-01
    7.43606091e-01 1.06779158e-01 9.32523608e-01 2.26271480e-01
    9.50307488e-01 9.35973406e-01 5.30810714e-01 5.70370495e-01
    5.78597367e-01 9.82239842e-01 9.89417911e-01 1.15998983e-02
    4.29383188e-01 5.70454419e-01 2.88394809e-01 9.07910407e-01
    5.26119530e-01 9.43038106e-01 1.11084849e-01 9.73516345e-01
    1.81427181e-01 4.81068164e-01 5.81530094e-01 7.73406327e-02
    9.10574913e-01 6.39526427e-01 5.14227748e-01 1.94339842e-01
    3.49240661e-01 1.51975632e-01 3.65476787e-01 6.88317239e-01
    6.12486959e-01 5.06196499e-01 1.07223272e-01 5.75955689e-01
    2.85337865e-01 7.85365880e-01 6.06673419e-01 6.58571839e-01
    8.87941599e-01 3.83775353e-01 6.67023838e-01 8.76302242e-01
    5.71126997e-01 8.15345764e-01 8.31337929e-01 8.32392693e-01
    1.32938862e-01 2.25729793e-01 6.99409425e-01 4.37644362e-01
    7.38651693e-01 9.89369988e-01 6.37211502e-02 4.97810990e-01
    2.36121118e-01 4.60061669e-01 8.78557205e-01 5.78479648e-01
    6.58301055e-01 2.01884270e-01 4.18650448e-01 3.69060904e-01
    1.68332785e-01 4.22511280e-01 5.80140412e-01 2.60181367e-01
    9.01705503e-01 4.24099565e-01 2.81403512e-01 1.27185166e-01
    4.67544615e-01 2.37531334e-01 3.06630224e-01 7.26618290e-01
    2.44175315e-01 4.63088602e-01 4.98563647e-01 6.49448991e-01
    2.93499827e-01 4.02416378e-01 3.02387148e-01 5.70550442e-01
    8.73812616e-01 5.37620664e-01 8.39979947e-02 4.23777133e-01
    8.27799439e-01 1.39599711e-01 5.02207041e-01 4.67200756e-01
    3.19560677e-01 8.21191967e-02 8.49858522e-01 8.03074002e-01
    2.80270338e-01 9.39553738e-01 1.40641958e-01 3.52814436e-01
    4.53374833e-01 6.04273975e-01 8.42632771e-01 6.58585310e-01
    7.72649884e-01 5.35467207e-01 5.09006381e-01 8.98395896e-01
    6.06280148e-01 1.95082605e-01 2.90247202e-02 1.00566715e-01
    1.43049210e-01 5.89949846e-01 9.26316977e-02 3.24412107e-01
    3.34735513e-01 2.14811593e-01 5.73802292e-02 2.11552113e-01
    6.91210508e-01 5.73678136e-01 7.11797893e-01 5.87299049e-01
    1.20476454e-01 1.72600716e-01 5.34702241e-01 7.14729726e-02
    4.95804727e-01 4.08906519e-01 7.92291403e-01 8.31730068e-01
    8.95960689e-01 1.35462463e-01 7.84781337e-01 7.96379745e-02
    2.12734938e-03 5.11961222e-01 2.37976730e-01 1.22233868e-01
    5.53793430e-01 4.83589411e-01 4.16034430e-01 9.00215924e-01
    2.21942544e-01 5.04105628e-01 7.81917989e-01 5.59783459e-01
    4.16388512e-02 7.60101914e-01 5.34070969e-01 8.94928455e-01
    6.10698104e-01 4.61836159e-01 4.46976244e-01 7.67779291e-01
    5.63001335e-01 7.88854659e-02 2.29275316e-01 7.87123919e-01
    2.34823018e-01 9.71694231e-01 8.03619564e-01 2.10528672e-01
    9.61446762e-02 7.21267879e-01 8.42177391e-01 8.58115315e-01
    1.18251294e-01 1.19164228e-01 8.47641230e-02 8.50687623e-01
    4.81921136e-01 9.55314338e-02 1.38689578e-01 4.93167341e-02
    4.24044907e-01 6.72930479e-03 6.28005981e-01 3.04107666e-02
    4.46058631e-01 4.41349596e-01 7.25881696e-01 7.44520426e-01
    7.04791248e-01 9.27252650e-01 3.02981824e-01 6.46888018e-01
    5.68094552e-01 8.66579413e-01 6.24281049e-01 7.36638784e-01
    6.09877348e-01 4.27233666e-01 5.90355039e-01 2.81270981e-01
    9.22463894e-01 6.32398725e-01 7.25510478e-01 2.99628854e-01
    6.83492005e-01 2.68645167e-01 1.46045804e-01 9.06088352e-02
    2.82264918e-01 9.17551517e-01 1.09980404e-01 3.16642344e-01
    5.92879415e-01 4.05777097e-01 5.47773659e-01 3.82852256e-01
    9.52259183e-01 6.29199147e-01 3.81053150e-01 2.31403917e-01
    3.66328150e-01 1.27378672e-01 9.76796687e-01 5.63170791e-01
    3.48298013e-01 9.26750600e-02 2.21355408e-01 7.18582988e-01
    5.05043685e-01 2.51505196e-01 8.63282025e-01 8.38830054e-01
    1.42210424e-01 3.69494855e-01 6.50121570e-01 5.35118461e-01
    6.83146477e-01 8.29522371e-01 8.72246146e-01 4.20065433e-01
    4.01277900e-01 4.11860764e-01 3.26280773e-01 8.25070381e-01
    6.30037665e-01 6.24945641e-01 5.14612496e-01 3.78740996e-01
    8.17795992e-01 9.14510489e-01 1.62373781e-01 4.28296596e-01
    9.01088119e-02 7.92251348e-01 3.13745946e-01 7.79376984e-01
    3.60475421e-01 2.82822788e-01 8.49906087e-01 1.98129028e-01
    5.39461672e-01 5.06861627e-01 6.06652737e-01 5.93380749e-01
    2.95046896e-01 3.00339818e-01 1.83293015e-01 6.70437872e-01
    3.00936103e-02 3.76860410e-01 1.95280701e-01 6.91374719e-01
    1.34208202e-01 1.73854381e-01 1.19775683e-01 8.61785889e-01
    3.10724378e-02 8.81246507e-01 4.57273483e-01 7.66494036e-01
    8.32498312e-01 9.79476154e-01 5.64443231e-01 2.21713990e-01
    7.39261866e-01 6.02197766e-01 5.39006114e-01 5.13167620e-01
    1.91596240e-01 9.29557383e-02 8.30540776e-01 1.17303073e-01
    6.13242924e-01 6.28420174e-01 5.90196490e-01 7.29362965e-01
    7.21835792e-01 5.44821501e-01 1.22200638e-01 6.90446258e-01
    8.50909472e-01 8.31967592e-01 8.37619245e-01 2.04663843e-01
    7.92867601e-01 4.73810494e-01 2.89882660e-01 6.80772483e-01
    6.39995933e-01 1.34884119e-02 2.19225585e-02 3.15137416e-01
    3.09745371e-01 8.68084669e-01 6.03553951e-01 4.52009201e-01
    1.19451106e-01 4.33945000e-01 9.95986760e-01 5.83242893e-01
    6.27835572e-01 1.42445177e-01 1.45069569e-01 5.61525524e-02
    9.20270443e-01 9.71962571e-01 3.13008964e-01 5.94791532e-01
    8.14501941e-01 5.71345448e-01 4.41600978e-01 1.21319234e-01
    8.90319884e-01 7.01964617e-01 5.94162941e-01 3.72329175e-01
    2.59636462e-01 3.97079021e-01 9.32421207e-01 3.96996975e-01
    9.10426378e-02 3.21347356e-01 1.94359571e-01 6.04637563e-01
    8.90238643e-01 1.34644866e-01 5.33993423e-01 8.52190971e-01
    8.23631525e-01 8.34339619e-01 1.33671701e-01 9.23017383e-01
    5.35001874e-01 9.04341817e-01 4.94503051e-01 5.92672229e-01
    2.71457613e-01 4.49050903e-01 4.22797263e-01 6.79956317e-01
    5.54342747e-01 8.62945676e-01 6.25795484e-01 6.07550323e-01
    1.17349774e-01 7.89840400e-01 8.14136028e-01 2.55351543e-01
    5.11167467e-01 8.56988668e-01 6.61714554e-01 7.09509134e-01
    2.82582223e-01 3.70869815e-01 4.46085751e-01 3.71860445e-01
    9.51257348e-01 2.07835436e-03 6.44874454e-01 1.99475974e-01
    2.62086749e-01 2.66280115e-01 4.74191368e-01 9.13742065e-01
    7.94795573e-01 5.24762094e-01 6.07975483e-01 3.06730807e-01
    3.90202403e-02 4.54783261e-01 5.19153178e-02 6.26845300e-01
    4.93005127e-01 8.82969975e-01 1.01989716e-01 8.37854922e-01
    5.26160121e-01 9.80614185e-01 4.89511997e-01 3.08704495e-01
    5.34278035e-01 2.42508948e-01 7.73222208e-01 9.04534459e-02
    1.95727050e-02 8.10250044e-01 3.54879081e-01 1.33390605e-01
    6.01641893e-01 1.20678633e-01 2.42915541e-01 3.48858833e-01
    6.78941369e-01 6.93245649e-01 4.62857813e-01 3.28069210e-01
    5.34078002e-01 8.77090991e-02 1.03572965e-01 8.62278700e-01
    1.57329828e-01 8.86118412e-02 3.85006905e-01 1.17690444e-01
    3.34332883e-02 2.79781818e-02 5.85997224e-01 8.51745129e-01
    3.95237327e-01 6.42289817e-01 2.35010654e-01 2.91679561e-01
    5.93560040e-02 9.24457788e-01 8.92237723e-02 8.30842853e-01
    1.00122929e-01 6.81306243e-01 4.85909581e-01 1.13426626e-01
    8.00874233e-01 1.82042003e-01 1.16617769e-01 2.98365861e-01
    1.34497076e-01 9.60961580e-01 5.45752347e-01 1.68555349e-01
    1.49459988e-01 6.87551975e-01 9.93554294e-02 1.66827261e-01
    4.52891022e-01 6.44023597e-01 1.69264466e-01 2.13685155e-01
    7.76729405e-01 5.38398325e-01 3.76063883e-02 6.67995512e-01
    5.41197062e-01 7.39494562e-01 5.03255725e-02 4.81117129e-01
    7.31900334e-02 3.56191367e-01 5.56507111e-02 5.68403661e-01
    5.57636857e-01 4.09095287e-02 5.46175480e-01 7.25198865e-01
    9.81519461e-01 4.85774815e-01 2.98510581e-01 6.47050023e-01
    3.77034754e-01 4.00805712e-01 5.37424147e-01 6.66085720e-01
    5.17829478e-01 7.87804246e-01 3.72891307e-01 3.35300982e-01
    5.94300270e-01 7.74495482e-01 6.49751067e-01 9.97749448e-01
    4.57776070e-01 8.67576122e-01 9.05646324e-01 2.64024615e-01
    5.68250239e-01 8.78759623e-01 7.59165347e-01 9.71938193e-01
    1.56225294e-01 8.27322483e-01 7.58526087e-01 5.06871521e-01
    4.63258743e-01 2.98750401e-01 2.89091945e-01 1.79880202e-01
    5.38643837e-01 3.44354868e-01 1.56698406e-01 9.93062556e-02
    2.86436111e-01 1.45831347e-01 2.25192755e-01 1.84174836e-01
    3.65279257e-01 4.91129905e-01 9.48814452e-02 1.06311858e-01
    1.92759931e-02 7.01680720e-01 4.42000389e-01 2.36606330e-01
    6.09541297e-01 3.68167758e-01 9.36466336e-01 5.70532680e-02
    7.34209001e-01 1.38549745e-01 8.17017674e-01 5.50132275e-01
    9.08661485e-02 6.15036249e-01 4.13864166e-01 1.79095626e-01
    3.43951792e-01 9.23209250e-01 4.46189463e-01 1.93020850e-01
    1.25150561e-01 8.34905207e-02 6.10952258e-01 7.67377913e-01
    5.33869803e-01 5.65662742e-01 6.04844928e-01 5.81133544e-01
    5.78701258e-01 8.49439800e-02 9.28150892e-01 8.05249572e-01
    1.82390451e-01 5.89210093e-01 4.23096418e-02 9.08964038e-01
    3.16929758e-01 2.60252237e-01 6.86712563e-01 1.83382809e-01
    4.24717367e-01 9.20127332e-01 5.30353725e-01 3.15803587e-01
    4.61844236e-01 7.12152719e-01 8.62220347e-01 6.12759829e-01
    6.94893122e-01 8.38555157e-01 9.04353499e-01 2.32595861e-01
    7.78051496e-01 4.96787131e-01 1.79037929e-01 1.37100518e-01
    3.13671529e-01 5.85974395e-01 6.87089801e-01 5.64796209e-01
    3.74694169e-02 6.05865479e-01 1.95769042e-01 6.91010952e-01
    5.17716408e-01 6.20161295e-01 7.10166335e-01 9.12688613e-01
    8.23169827e-01 5.18306911e-01 8.32619071e-01 5.35208881e-01
    7.50731945e-01 9.86520648e-01 7.82951832e-01 3.45487297e-02
    3.21479738e-01 9.47071671e-01 5.31080902e-01 3.68788451e-01
    6.87037826e-01 7.39206076e-02 9.04188335e-01 1.66443616e-01
    2.82392114e-01 5.32169342e-01 8.44180226e-01 6.67201281e-01
    8.98994446e-01 6.90608084e-01 9.10892844e-01 8.37980747e-01
    7.64392138e-01 9.28688169e-01 3.40997398e-01 2.82969087e-01
    1.23833299e-01 9.81834948e-01 4.75038379e-01 4.11314756e-01
    9.09687102e-01 7.09058285e-01 4.24430579e-01 3.80749285e-01
    9.23747778e-01 8.64619255e-01 1.89316273e-02 4.16811228e-01
    5.41711926e-01 3.65508854e-01 3.38288635e-01 8.12346220e-01
    2.20742583e-01 6.67336464e-01 5.91289997e-01 5.99019527e-01
    6.96361363e-01 2.58723557e-01 9.34801996e-02 6.32298112e-01
    6.05061233e-01 4.45767760e-01 9.27957714e-01 5.75935125e-01
    8.99099350e-01 8.11473012e-01 2.97260940e-01 7.41069376e-01
    5.10038853e-01 7.18655109e-01 8.48339796e-02 8.37692022e-01
    4.38418746e-01 2.69938886e-01 9.89148736e-01 5.89080572e-01
    2.59826779e-02 3.45508426e-01 1.34513110e-01 8.55342627e-01
    9.99352336e-02 7.54763246e-01 3.53258431e-01 5.20193040e-01
    9.82163489e-01 7.79767752e-01 6.39252484e-01 9.21293795e-02
    7.70882070e-01 8.17567468e-01 9.45049942e-01 3.78835052e-01
    6.84625685e-01 7.00393021e-01 9.49975789e-01 1.69936925e-01
    8.38854432e-01 1.31297916e-01 6.02036953e-01 6.09762013e-01
    3.02897394e-01 9.70638633e-01 8.81872714e-01 1.59735590e-01
    2.72367477e-01 9.59959924e-01 6.47708476e-01 2.75557190e-01
    7.68654048e-01 8.83863211e-01 6.41532123e-01 3.65821421e-01
    1.48073703e-01 7.78377652e-01 6.77935481e-01 5.59966922e-01
    5.19126058e-01 4.11768794e-01 7.79773653e-01 2.09353238e-01
    1.78617835e-01 6.18106067e-01 3.80719841e-01 6.79178834e-02
    1.93880022e-01 8.88398170e-01 7.08995461e-01 5.22339523e-01
    8.03956330e-01 5.92094362e-01 8.59028220e-01 6.79931402e-01
    9.07789290e-01 4.09114569e-01 9.71741796e-01 4.75890309e-01
    9.34783936e-01 2.64406562e-01 3.09694320e-01 2.89659023e-01
    1.14116848e-01 9.05689836e-01 7.39249408e-01 6.44523501e-02
    2.93609619e-01 4.46138978e-02 9.96685147e-01 8.74275923e-01
    2.19523638e-01 9.89846230e-01 4.40804362e-01 7.71298587e-01
    9.33326781e-01 4.39770490e-01 7.31800437e-01 5.27127683e-01
    4.30216074e-01 3.40423107e-01 8.55201483e-01 9.61879790e-02
    8.98983240e-01 7.36811757e-02 7.22828746e-01 5.19868016e-01
    1.52665168e-01 1.32020563e-01 6.56974912e-01 7.11865485e-01
    9.95859623e-01 1.08431280e-02 1.71415299e-01 9.24050808e-04
    1.44714117e-02 2.57723331e-02 6.58599377e-01 6.51550174e-01
    2.31603771e-01 2.73380071e-01 3.76438886e-01 1.25281036e-01
    3.31194103e-01 9.37375367e-01 8.46854925e-01 7.23330259e-01
    7.69895017e-01 1.51979744e-01 6.15205050e-01 6.00210667e-01
    7.94214010e-03 7.01962769e-01 4.28816915e-01 2.32323647e-01
    2.92387605e-01 2.33676583e-01 3.61516476e-01 2.09339380e-01
    4.47802186e-01 7.35691071e-01 7.60039628e-01 4.29632902e-01
    3.65357727e-01 8.20220470e-01 6.03603005e-01 8.52038741e-01
    2.48605609e-02 9.47815895e-01 5.40898621e-01 3.40284944e-01
    4.67126966e-01 9.90987420e-01 8.70682001e-01 3.84699821e-01
    9.12463784e-01 9.92529750e-01 1.12650692e-01 9.85771418e-04
    5.32122076e-01 2.81123072e-01 8.56894374e-01 8.13753664e-01
    4.51327950e-01 2.90706158e-01 9.62859631e-01 1.83504164e-01
    6.03565633e-01 3.18733096e-01 6.93210959e-02 1.28752649e-01
    7.47002006e-01 6.09844923e-02 3.38653922e-02 6.21130288e-01
    8.60401869e-01 8.31777215e-01 2.98054606e-01 8.04583311e-01
    2.97973186e-01 2.47001320e-01 4.36185569e-01 9.27470207e-01
    1.61359012e-01 9.36032057e-01 6.54641986e-01 7.49296784e-01
    8.46002579e-01 7.28697717e-01 3.56012642e-01 4.61131960e-01
    2.64806986e-01 1.68364465e-01 7.28644431e-02 1.46052867e-01
    1.51764810e-01 6.33274794e-01 7.92086124e-01 5.67006350e-01
    9.10811424e-01 8.28859448e-01 3.49710763e-01 3.86053830e-01
    8.21319222e-01 1.57318890e-01 6.89589679e-02 1.34114951e-01
    8.28256249e-01 6.50576949e-01 5.04238963e-01 8.75230670e-01
    4.22092736e-01 4.92710620e-01 9.06222224e-01 4.15782958e-01
    4.83001262e-01 4.04261053e-01 9.42687154e-01 9.72409010e-01
    4.33504283e-02 8.96576524e-01 5.89174330e-01 3.85871470e-01
    8.15102458e-02 1.07946068e-01 7.81951845e-02 9.40440893e-01
    7.80191660e-01 9.00426924e-01 3.08631808e-01 1.00959897e-01
    5.27700901e-01 7.95179844e-01 2.71502137e-03 7.71161914e-01
    2.96074688e-01 8.98225188e-01 3.47350597e-01 1.91555589e-01
    7.00176239e-01 5.98796725e-01 4.36951280e-01 3.08174670e-01
    3.12120885e-01 1.22969478e-01 4.41714376e-01 8.67445469e-02
    7.82580078e-01 8.82132649e-01 7.51678765e-01 1.33481979e-01
    8.97281408e-01 4.59229946e-01 9.27193820e-01 5.27341247e-01
    1.54350966e-01 5.73148966e-01 7.70606160e-01 9.36263919e-01
    7.93486953e-01 7.73246169e-01 6.76082373e-01 6.63331926e-01
    5.08153200e-01 8.33850026e-01 9.09706473e-01 8.89900744e-01
    1.24654919e-01 9.21969771e-01 9.26204264e-01 7.22944498e-01
    1.31513894e-01 3.23506325e-01 3.79160643e-02 4.98872072e-01
    8.01492214e-01 9.65698779e-01 6.08263016e-02 7.68580675e-01
    9.02868748e-01 9.01741982e-01 3.64909530e-01 6.56087637e-01
    4.57576096e-01 1.85660601e-01 1.84707254e-01 8.75272155e-01
    8.69252920e-01 2.38906741e-01 5.77783346e-01 7.87347913e-01
    6.52955770e-01 4.98564601e-01 1.58639431e-01 7.86066055e-02
    3.55423212e-01 4.44910288e-01 5.21040678e-01 2.90878654e-01
    5.48108220e-02 6.24621749e-01 4.12189096e-01 4.13583875e-01
    1.95410937e-01 5.91087520e-01 8.74565482e-01 8.76837969e-01
    3.68286431e-01 9.62505341e-01 6.19286537e-01 1.39588505e-01
    2.34131694e-01 4.06051695e-01 3.12316597e-01 1.68093741e-02
    2.65132308e-01 6.53266311e-01 7.13212371e-01 1.83584988e-01
    5.08824527e-01 2.05266267e-01 2.31405765e-01 6.59639001e-01
    6.09062552e-01 8.02654207e-01 7.11415589e-01 3.44816446e-02
    8.44597697e-01 4.12439257e-01 5.53064048e-01 3.37843120e-01
    8.75890136e-01 7.32466459e-01 2.03407615e-01 1.09402388e-01
    5.03912508e-01 6.06510043e-03 9.42805767e-01 5.95370650e-01
    2.74873525e-01 6.57988667e-01 5.69231033e-01 1.45601779e-01
    3.33421350e-01 3.63265336e-01 6.46769345e-01 1.90822929e-01
    6.75579607e-02 3.01387429e-01 7.45779395e-01 8.67461681e-01
    5.66059649e-02 4.26312655e-01 3.34446192e-01 6.52435780e-01
    4.24980819e-02 7.12142169e-01 7.20342517e-01 2.22342759e-01
    6.00679517e-01 7.29897916e-02 9.75692153e-01 4.42289799e-01
    3.83503914e-01 9.60935950e-02 1.17511541e-01 6.26860917e-01
    9.44591343e-01 8.17798257e-01 2.49636769e-02 2.39585370e-01
    4.40109044e-01 5.17176509e-01 3.03203523e-01 9.44024444e-01
    7.17477024e-01 3.81541491e-01 2.77607024e-01 3.43173623e-01
    8.05778027e-01 7.83899069e-01 6.21715367e-01 7.14676857e-01
    8.95853043e-01 2.06103772e-01 4.60495532e-01 9.83632982e-01
    7.79701829e-01 6.73128486e-01 1.38563246e-01 8.10028911e-01
    1.58669740e-01 4.39178169e-01 8.00595045e-01 3.28601480e-01
    6.47838712e-02 3.48099858e-01 5.67134023e-01 3.31293464e-01
    8.48777771e-01 4.71456081e-01 2.19145656e-01 4.74233270e-01
    7.82244384e-01 7.78336108e-01 1.44004226e-02 7.61664152e-01
    2.18409896e-02 1.62309498e-01 9.15715575e-01 2.36542672e-01
    6.57089949e-01 8.84903669e-02 3.09941828e-01 7.51598239e-01
    8.85951757e-01 4.62080538e-01 1.97083682e-01 6.66816115e-01
    6.43214345e-01 7.07990468e-01 7.18738317e-01 7.55634010e-01
    9.18063521e-02 7.94735253e-02 5.20478785e-01 1.61507726e-01
    9.53698277e-01 4.37446624e-01 5.84043980e-01 9.89138842e-01
    1.87596947e-01 2.16078132e-01 6.06439114e-02 7.02907085e-01
    8.89721870e-01 9.20844436e-01 7.97496796e-01 1.32115990e-01
    3.29442322e-02 2.29236484e-01 4.27270591e-01 3.39972407e-01
    7.37471938e-01 4.41233337e-01 6.00741744e-01 5.43241918e-01
    7.71323442e-01 8.30359101e-01 4.67531681e-01 3.72833759e-01
    2.40336359e-02 1.23645008e-01 9.04073119e-02 9.85685050e-01
    4.49120700e-01 9.71298575e-01 5.31461298e-01 1.84208155e-04
    4.21213627e-01 9.89726543e-01 4.47618037e-01 1.84460133e-01
    8.61934960e-01 9.00912166e-01 7.78539181e-01 8.73679638e-01
    6.04508758e-01 5.47029376e-02 9.44126666e-01 8.43802214e-01
    2.40512639e-01 9.23117220e-01 4.68441904e-01 7.29069591e-01
    3.14080417e-01 4.57539737e-01 6.62231326e-01 3.92327458e-01
    8.70595098e-01 4.02451962e-01 6.51888371e-01 7.12094545e-01
    2.61595607e-01 1.52649283e-02 8.86394739e-01 6.75608814e-01
    7.05015361e-01 9.15666223e-01 1.09963238e-01 9.12399888e-01
    2.93589175e-01 6.35551870e-01 6.98948920e-01 7.47571111e-01
    2.90553033e-01 9.73280311e-01 9.64932680e-01 6.62813783e-02
    7.91663289e-01 2.23606229e-02 6.29130602e-01 3.57635617e-02
    6.14747405e-03 4.06351805e-01 2.36482918e-01 6.35009050e-01
    2.47564107e-01 1.65248662e-01 2.68282175e-01 1.80822968e-01
    3.76280248e-02 3.83547992e-01 2.61132658e-01 8.81338418e-01
    1.83728904e-01 6.35181189e-01 4.19623852e-02 8.91534805e-01
    8.30249131e-01 6.96381569e-01 4.80264366e-01 3.65509033e-01
    4.77094322e-01 1.47587240e-01 6.64673269e-01 6.30474091e-03
    4.87066209e-02 5.70308685e-01 1.30759776e-01 7.19055414e-01
    1.75747871e-01 8.46661925e-02 5.14557481e-01 7.09783077e-01
    8.28810215e-01 4.22424138e-01 8.58762681e-01 6.76201701e-01
    5.75871348e-01 4.16828990e-01 3.83541167e-01 5.53661585e-03
    1.20202005e-02 7.94826150e-01 8.54726970e-01 8.05933237e-01
    1.67095572e-01 2.17019379e-01 9.10886288e-01 1.43523008e-01
    4.37528402e-01 9.98277068e-01 8.03535640e-01 3.36636841e-01
    7.57028639e-01 4.23200905e-01 1.70081854e-03 5.89638114e-01
    7.35989213e-01 2.95154274e-01 1.65197700e-01 5.49616039e-01
    8.57985616e-01 3.48303229e-01 4.37005043e-01 3.13430071e-01
    9.19927418e-01 3.78671259e-01 5.44644833e-01 7.38897920e-01
    9.81101394e-03 5.77005625e-01 2.82387435e-02 2.45673150e-01
    5.81178844e-01 2.58766502e-01 1.07283086e-01 9.89966631e-01
    2.82682717e-01 8.61877084e-01 2.68910229e-01 8.11321855e-01
    9.30722654e-02 7.40802765e-01 8.33582044e-01 3.91914487e-01
    2.95772731e-01 7.37741232e-01 9.01922941e-01 6.65589511e-01
    4.35476601e-01 3.46858442e-01 6.01057589e-01 5.73009729e-01
    1.03415728e-01 6.34171426e-01 4.66707140e-01 9.97849882e-01
    6.75672174e-01 1.06687069e-01 1.64224505e-01 6.58672333e-01
    2.81586438e-01 4.06377345e-01 1.47399098e-01 8.49993169e-01
    1.19822025e-01 6.96531951e-01 6.82380795e-01 4.95582640e-01
    9.71636415e-01 8.82336795e-01 7.42031038e-02 5.24458408e-01
    6.02828622e-01 6.18275881e-01 9.78374064e-01 5.07031679e-02
    7.44465232e-01 9.76500750e-01 8.02245438e-01 9.30299759e-01
    5.77024937e-01 1.11907452e-01 6.92258239e-01 6.01786375e-02
    4.21534628e-01 7.98998117e-01 2.01351047e-01 4.20493901e-01
    5.06249070e-01 6.70682311e-01 7.13925064e-02 3.01732659e-01
    3.63990009e-01 1.19685709e-01 6.18910134e-01 4.85618740e-01
    1.69319063e-01 8.05660665e-01 9.94289577e-01 5.77326357e-01
    4.64355171e-01 8.93714130e-02 8.84539127e-01 9.96884704e-02
    4.85200554e-01 4.07477021e-01 3.50973666e-01 3.52586299e-01
    6.14882767e-01 9.31453347e-01 3.63493621e-01 3.43067765e-01
    3.54623377e-01 6.65027142e-01 9.34259534e-01 4.74233210e-01
    5.91491222e-01 5.97339213e-01 7.34829187e-01 5.04951239e-01
    7.77714968e-01 3.34356606e-01 5.37433267e-01 6.66905463e-01
    4.35261637e-01 1.79127365e-01 7.29821086e-01 4.82522547e-02
    2.32164115e-01 2.70556808e-01 1.33200586e-02 3.03444117e-01
    3.26675773e-02 9.57232594e-01 1.16220653e-01 9.26416874e-01
    7.24550843e-01 8.78253460e-01 7.94450402e-01 3.34104836e-01
    4.89255846e-01 1.45189226e-01 6.39791489e-01 5.63405454e-02
    5.27770817e-01 5.84209800e-01 9.15747166e-01 8.44680309e-01
    5.32338619e-01 3.43278825e-01 4.69905019e-01 1.56177551e-01
    2.81459570e-01 1.03908598e-01 6.45501435e-01 5.85655570e-01
    2.68414736e-01 9.88730550e-01 9.38253760e-01 7.61400163e-02
    8.11563730e-01 1.09715790e-01 7.90588021e-01 8.15980434e-01
    6.30009770e-01 1.42266750e-02 3.32542241e-01 9.44825649e-01
    1.11780167e-01 5.33449352e-01 8.72248650e-01 7.43678629e-01
    4.02306378e-01 2.07927287e-01 5.09721935e-01 9.24976170e-01
    7.29687750e-01 1.50414824e-01 8.00012767e-01 4.03640866e-01
    3.14102054e-01 9.59331691e-01 5.98725080e-01 8.84724855e-01
    5.23032725e-01 8.03153038e-01 8.33952785e-01 5.88220298e-01
    4.64219391e-01 8.74125779e-01 1.39690131e-01 1.63196325e-01
    4.13493454e-01 2.16093510e-01 6.95968568e-02 7.54626155e-01
    1.03626102e-01 7.02401102e-01 7.10684538e-01 5.17264187e-01
    4.25757825e-01 9.51662540e-01 2.36610293e-01 3.58187944e-01
    4.49653298e-01 9.88392949e-01 4.04926956e-01 6.45841181e-01
    4.66124266e-01 7.71050513e-01 3.30022573e-02 9.84440863e-01
    7.98545480e-01 9.49237525e-01 3.49941552e-02 5.01531303e-01
    9.02196705e-01 2.60179609e-01 6.36449575e-01 8.98801386e-02
    5.41505098e-01 2.82536864e-01 8.09521317e-01 5.70589066e-01
    8.15610886e-01 9.63722765e-01 6.87326550e-01 5.99059820e-01
    8.66283178e-01 4.26362932e-01 3.99020046e-01 7.13215411e-01
    5.31937122e-01 8.35938990e-01 8.98104548e-01 6.90803289e-01
    8.78195345e-01 7.63411224e-02 5.00130653e-02 6.46543860e-01
    1.98137671e-01 4.87240255e-01 2.44730413e-01 5.42074323e-01
    9.10714269e-01 1.95447206e-02 1.12877101e-01 2.50483036e-01
    7.62339830e-01 2.19798505e-01 5.29904604e-01 8.42414260e-01
    5.60495079e-01 4.63966697e-01 6.42797053e-01 8.43879879e-01
    4.54444408e-01 2.87681639e-01 8.08984876e-01 4.67332453e-01
    3.71691585e-03 4.45786744e-01 9.35128212e-01 7.29267240e-01
    6.45008683e-01 2.38482237e-01 1.89638138e-01 4.49010283e-01
    7.23805726e-01 1.14344954e-02 8.25103164e-01 5.18796146e-02
    3.06514800e-01 8.17977130e-01 6.19459510e-01 3.96299183e-01
    5.29125631e-01 5.19844711e-01 2.13187397e-01 8.81092548e-01
    6.43615484e-01 5.64402759e-01 6.17498994e-01 4.13717031e-01
    4.55152959e-01 9.35516953e-02 4.89821821e-01 5.27398109e-01
    6.38213754e-02 1.89971924e-03 9.53823328e-01 1.57577723e-01
    1.79753721e-01 9.93374050e-01 6.08682871e-01 4.57353652e-01
    1.66802526e-01 7.41827011e-01 5.65785706e-01 6.55481219e-03
    2.06079602e-01 3.76678556e-01 4.68275845e-01 7.34468579e-01
    1.29492134e-01 1.53609216e-01 2.92641163e-01 9.82343733e-01
    8.31999719e-01 4.57104206e-01 7.64900506e-01 9.31867063e-01
    1.33035094e-01 5.93881488e-01 4.81235594e-01 4.71557856e-01
    2.51865804e-01 3.28051507e-01 4.57021952e-01 3.98340821e-03
    2.34662026e-01 5.22104144e-01 9.18708324e-01 8.59072089e-01
    5.35485446e-02 9.75679755e-01 6.79341972e-01 9.38586891e-01
    5.50095916e-01 3.81704092e-01 7.62671351e-01 9.49158907e-01
    8.29875946e-01 6.81935489e-01 6.13433361e-01 1.20403409e-01
    8.16619635e-01 8.75825286e-01 2.89069355e-01 4.72757518e-02
    6.58663750e-01 2.78715789e-02 7.15541124e-01 1.71381891e-01
    6.88383102e-01 1.50224239e-01 3.46575439e-01 3.01052183e-01
    3.92498016e-01 8.92553687e-01 5.74708104e-01 3.37826759e-01
    8.13973248e-02 4.56936926e-01 7.68293917e-01 6.08274937e-02
    8.61696005e-01 6.75800920e-01 1.06214583e-01 1.28573120e-01
    5.72661102e-01 9.48214769e-01 8.25885952e-01 4.50145096e-01
    5.81249714e-01 6.73238337e-02 4.20794606e-01 7.26367235e-01
    4.46771950e-01 8.73085618e-01 3.48867625e-01 2.65334725e-01
    9.91812348e-01 9.81974244e-01 9.67535019e-01 8.71596038e-01
    5.94757676e-01 1.99741691e-01 4.91336554e-01 5.61135590e-01
    6.46896005e-01 4.22790915e-01 6.51959538e-01 7.02586532e-01
    8.77912521e-01 5.04363179e-01 4.69828308e-01 4.90707099e-01
    4.75990564e-01 5.76475859e-01 1.93324417e-01 2.72633612e-01
    9.72664595e-01 4.61468399e-01 2.28757650e-01 7.07654357e-01
    7.70936012e-01 3.47536504e-01 9.22715783e-01 8.65936279e-01
    9.08625126e-03 7.65246272e-01 6.40509844e-01 8.18948567e-01
    5.60492694e-01 5.68631411e-01 6.32294655e-01 1.89260244e-01
    1.35874867e-01 4.58603710e-01 6.96317196e-01 9.52111423e-01
    5.16807973e-01 4.92130429e-01 3.56418878e-01 9.63736594e-01
    5.94208300e-01 8.58395100e-02 3.88833880e-01 9.28972304e-01
    4.65106726e-01 2.91484892e-02 9.67700064e-01 1.39145434e-01
    6.66699767e-01 9.55301821e-01 4.57727730e-01 9.58888531e-01
    7.94410169e-01 4.92928952e-01 1.54075354e-01 7.67832637e-01
    8.87418509e-01 6.29007697e-01 2.55958378e-01 1.38575941e-01
    7.82624006e-01 5.98283410e-01 8.30359161e-02 6.48581684e-01
    4.14651901e-01 6.51042044e-01 8.90162110e-01 3.76666576e-01
    4.53224748e-01 9.44783807e-01 8.61024618e-01 8.44428241e-01
    1.47227436e-01 3.23222220e-01 2.70045131e-01 7.50103831e-01
    6.21003032e-01 9.44623709e-01 9.60789919e-01 1.97425097e-01
    1.58456445e-01 3.66795182e-01 1.64684802e-01 2.52234399e-01
    5.80972254e-01 1.54493421e-01 8.85549664e-01 8.70395303e-01
    2.44005650e-01 6.73844337e-01 3.54733050e-01 3.98563504e-01
    2.66265929e-01 6.46938324e-01 5.75078726e-02 1.80123627e-01
    4.10287797e-01 4.51369584e-01 5.50034940e-01 7.28488386e-01
    9.36611891e-01 5.73932886e-01 3.63471627e-01 9.01350975e-01
    9.96947289e-02 6.83057070e-01 6.96339488e-01 7.13459492e-01
    9.14003372e-01 7.06015110e-01 6.19283080e-01 7.75390267e-02
    3.75530928e-01 1.39306098e-01 1.48923755e-01 8.69130850e-01
    5.31099737e-01 3.53344798e-01 9.59764004e-01 2.09432006e-01
    6.53968692e-01 8.29128563e-01 2.49715537e-01 1.70886546e-01
    2.13432610e-01 4.95031804e-01 1.23512655e-01 5.29671073e-01
    9.96848106e-01 9.97132897e-01 7.46281862e-01 3.08915943e-01
    9.20295119e-01 1.54161513e-01 1.24182701e-01 2.56006241e-01
    2.33563960e-01 3.85137081e-01 6.01536512e-01 4.18860227e-01
    4.75501955e-01 4.60263193e-01 1.43951803e-01 3.31243634e-01
    7.13204145e-01 4.85842168e-01 8.01649570e-01 6.00559175e-01
    2.37137824e-01 8.08863521e-01 1.44529849e-01 6.97983384e-01
    5.91116846e-01 9.12352562e-01 9.52520728e-01 6.68881595e-01
    6.29331529e-01 7.35394657e-01 8.04319084e-02 5.96140146e-01
    5.94100952e-01 8.83679271e-01 3.60000253e-01 9.03806686e-01
    3.88648182e-01 3.70197296e-02 7.73060799e-01 8.03569078e-01
    3.84681225e-01 7.44044185e-01 8.85773301e-01 7.91707933e-01
    6.10941231e-01 1.31086677e-01 5.20579815e-02 2.25979298e-01
    7.62255430e-01 4.72283989e-01 3.96502852e-01 6.66559398e-01
    5.52751482e-01 8.11382294e-01 4.09470886e-01 2.12155998e-01
    4.32377458e-01 5.37530065e-01 8.38801146e-01 7.37246692e-01
    3.19308698e-01 2.00984448e-01 5.15228331e-01 9.79866624e-01
    1.62161320e-01 8.13591063e-01 1.90822333e-01 8.44126582e-01
    2.77738631e-01 8.08921754e-02 7.04317868e-01 5.32534480e-01
    3.52561086e-01 2.36409277e-01 1.83722496e-01 3.00732255e-01
    3.98621082e-01 8.84822488e-01 7.20887065e-01 5.70665956e-01
    1.98629230e-01 5.63230038e-01 3.18020046e-01 2.96725929e-01
    1.23108923e-01 6.19974732e-02 4.44314837e-01 7.84019828e-01
    2.52638340e-01 6.27038240e-01 2.13872313e-01 6.22920990e-02
    3.54164690e-01 6.16961956e-01 6.24882460e-01 7.39176393e-01
    8.98020744e-01 7.93492317e-01 8.65187049e-01 6.42768741e-01
    1.22640431e-02 5.45706630e-01 7.00307131e-01 4.40466464e-01
    8.47589314e-01 8.58454823e-01 2.06170142e-01 3.75957638e-01
    2.31388181e-01 1.14807039e-01 1.73253864e-01 2.60182321e-02
    3.29805315e-02 1.00140631e-01 6.88542724e-01 9.79532540e-01
    5.09066701e-01 9.93416548e-01 6.19774640e-01 8.11801553e-02
    8.54197562e-01 1.59801900e-01 8.57469201e-01 1.79115802e-01
    1.23634338e-02 9.76039827e-01 1.81413621e-01 2.73848802e-01
    4.93222505e-01 4.31708395e-02 9.33066607e-02 7.32725680e-01
    4.56210613e-01 9.67988491e-01 8.67123604e-01 8.92343342e-01
    4.80633110e-01 8.50187898e-01 7.63401210e-01 8.74695778e-01
    3.38409841e-02 1.35762006e-01 1.97345912e-01 7.48325884e-01
    1.03359640e-01 5.06413043e-01 9.49708462e-01 4.55918908e-02
    6.97925925e-01 3.78025055e-01 2.52568424e-01 5.48446894e-01
    6.30215883e-01 2.14362353e-01 9.01684642e-01 5.97466588e-01
    3.18855762e-01 1.21623069e-01 6.64393783e-01 8.43648434e-01
    6.95531964e-01 9.22094107e-01 2.58301616e-01 3.02170843e-01
    5.38599074e-01 9.96137321e-01 4.97597963e-01 5.64881206e-01
    1.24769181e-01 8.11938822e-01 2.73690999e-01 9.95132685e-01
    3.44199866e-01 1.55555218e-01 2.80170739e-01 4.13666904e-01
    1.32522285e-01 9.13563728e-01 9.59853888e-01 5.33983350e-01
    5.64240813e-01 6.80316687e-01 4.73540902e-01 8.04457366e-02
    9.99215543e-01 1.46564841e-03 3.43946576e-01 4.48249549e-01
    1.13881558e-01 5.48693299e-01 2.11783201e-01 8.60221744e-01
    2.87739217e-01 3.59256446e-01 1.90995485e-01 3.91813606e-01
    4.18875635e-01 9.15288091e-01 3.01131904e-01 5.64008057e-02
    3.16675842e-01 5.75785637e-01 7.98933983e-01 3.86236161e-01
    7.42065609e-02 3.74186337e-01 5.38777471e-01 2.99049675e-01
    7.07157552e-02 1.48707986e-01 7.13566780e-01 6.79554105e-01
    3.31106007e-01 9.67629671e-01 1.63911223e-01 5.06467998e-01
    2.68586695e-01 8.60595584e-01 8.96543384e-01 6.26468360e-01
    9.61916149e-02 7.19178498e-01 9.33009863e-01 1.44165277e-01
    5.25627077e-01 3.69059682e-01 6.21462822e-01 8.75711918e-01
    5.49520910e-01 8.25035036e-01 9.52867746e-01 8.05874944e-01
    4.98951614e-01 6.41911745e-01 7.44329691e-01 3.45366657e-01
    8.74415278e-01 7.27930844e-01 1.54315591e-01 6.64038420e-01
    7.40048468e-01 2.80189484e-01 7.60705709e-01 3.19841504e-02
    7.55781293e-01 2.55049050e-01 1.93822980e-01 2.94274449e-01
    1.68506801e-01 5.04565597e-01 4.27146256e-02 4.21087742e-01
    4.24394727e-01 2.27009922e-01 7.33331919e-01 7.93611228e-01
    9.84895706e-01 1.59696162e-01 6.73769593e-01 3.18100274e-01
    4.98505682e-01 8.95386338e-01 9.44762409e-01 7.94059038e-03
    8.08995247e-01 4.33412135e-01 7.69199431e-02 2.03377426e-01
    6.06882513e-01 2.71141171e-01 1.68992162e-01 1.91745162e-03
    2.34429866e-01 8.57163072e-01 3.08918357e-02 8.92937481e-02
    3.49738896e-01 7.80690610e-01 9.99837637e-01 8.42688620e-01
    4.41032052e-01 7.50777483e-01 9.47597861e-01 3.21498454e-01
    1.28859907e-01 6.79146171e-01 9.79363143e-01 4.10293281e-01
    6.74287736e-01 6.90255046e-01 5.50731897e-01 4.17656422e-01
    3.09810996e-01 5.81234694e-01 7.48771012e-01 6.21796787e-01
    2.71722019e-01 4.26960766e-01 1.49528295e-01 7.53988981e-01
    4.05847728e-01 2.97586083e-01 7.29990005e-01 3.90405297e-01
    1.70017362e-01 2.25815892e-01 4.90919262e-01 9.84256566e-01
    1.93130344e-01 8.60639811e-01 2.80390114e-01 7.70871043e-01
    1.28472745e-02 8.77532065e-01 7.09461987e-01 9.06877637e-01
    5.60052216e-01 8.85484099e-01 8.19101632e-02 2.91625828e-01
    8.75375926e-01 6.32559776e-01 8.34940791e-01 7.80606508e-01
    7.67296076e-01 9.21135962e-01 5.28964221e-01 6.05387986e-01
    7.44934738e-01 3.83231342e-01 9.39981580e-01 3.01327199e-01
    5.98944783e-01 9.77781773e-01 7.03875542e-01 4.56053913e-02
    9.96972084e-01 5.13101578e-01 9.89902377e-01 6.67209983e-01
    1.28727555e-01 3.88590157e-01 3.03878844e-01 5.77274978e-01
    8.16284418e-01 3.89512897e-01 6.87518179e-01 4.84545499e-01
    1.22427046e-02 5.18570840e-02 2.55367875e-01 9.17893291e-01
    1.87891543e-01 2.07080513e-01 9.73057866e-01 1.22410864e-01
    4.37377244e-01 9.59425986e-01 7.60430932e-01 4.42401350e-01
    8.35987031e-02 8.68703127e-01 5.28668463e-02 4.28513378e-01
    2.19684243e-01 6.98881149e-01 3.03978741e-01 4.39465880e-01
    1.01728290e-01 8.35691035e-01 5.35780609e-01 4.97523248e-02
    6.11034989e-01 2.30661184e-01 6.39439702e-01 2.27620125e-01
    7.97037959e-01 7.96541691e-01 4.49978709e-01 3.32580358e-01
    7.41708398e-01 6.60885572e-01 9.15506780e-02 5.83264053e-01
    3.79341841e-01 6.54250383e-01 5.39692342e-01 5.41111648e-01
    7.05644071e-01 8.95327330e-03 9.62869763e-01 4.93662953e-01
    7.50949502e-01 3.40297997e-01 3.53217721e-01 2.13395298e-01
    8.81776571e-01 5.52752912e-01 7.20338941e-01 8.45417500e-01
    3.56340259e-01 8.66788685e-01 9.44343567e-01 3.32656890e-01
    2.67678052e-01 6.53514326e-01 8.45859945e-01 5.39755225e-01
    4.30098772e-02 8.95462930e-02 1.60235852e-01 3.20073009e-01
    4.36998069e-01 4.06454265e-01 7.39077628e-02 8.49272370e-01
    9.11110878e-01 6.69074059e-03 9.00576949e-01 2.37167746e-01
    2.74354339e-01 2.13128984e-01 7.47907043e-01 1.40673250e-01
    6.80623651e-02 1.56208515e-01 8.55676472e-01 6.85179651e-01
    6.14661574e-01 6.28416538e-02 8.12018991e-01 1.78413570e-01
    6.91252947e-01 7.79052615e-01 7.17237830e-01 2.78672636e-01
    8.07870209e-01 3.31902623e-01 3.01482230e-01 2.11493939e-01
    5.34938574e-02 6.84963048e-01 2.21353203e-01 2.54685700e-01
    3.41106355e-02 4.28852856e-01 2.53884077e-01 8.89969587e-01
    9.90575194e-01 7.83540428e-01 1.09242022e-01 5.52872896e-01
    6.42258167e-01 2.40074933e-01 8.64566565e-01 8.06950808e-01
    5.92783093e-01 2.07857728e-01 8.89513254e-01 3.71834457e-01
    1.19992167e-01 8.70482981e-01 2.69619942e-01 4.99957800e-02
    3.01742435e-01 9.98661816e-02 2.75390327e-01 9.44164515e-01
    6.21406436e-01 2.61004210e-01 8.55734706e-01 7.25133061e-01
    5.05201697e-01 1.44482613e-01 6.00540698e-01 2.07729220e-01
    3.95843148e-01 2.18407243e-01 4.92544860e-01 8.45413208e-01
    8.58987570e-01 4.82283443e-01 9.57719445e-01 8.11894715e-01
    5.17960250e-01 1.44878477e-01 8.69316101e-01 5.31289876e-02
    4.58317995e-01 9.32983518e-01 4.84766930e-01 4.95064646e-01
    7.85348117e-01 3.86494845e-01 5.15839100e-01 7.59520292e-01
    3.21564466e-01 9.24712062e-01 5.01807153e-01 6.24196291e-01
    3.47213149e-01 1.58749133e-01 9.81889427e-01 2.14847893e-01
    5.10661602e-02 1.04887187e-02 1.17903054e-01 9.06785846e-01
    3.40980947e-01 6.79829240e-01 1.88207686e-01 8.79289865e-01
    3.32015514e-01 8.50020289e-01 8.70930314e-01 3.40988934e-01
    1.87518448e-01 9.74714160e-02 6.83654428e-01 2.18765885e-01
    2.15709835e-01 3.82713199e-01 5.11619687e-01 3.48727882e-01
    9.79677081e-01 3.47704560e-01 5.19214988e-01 3.63337874e-01
    1.02950513e-01 5.41645169e-01 3.82200599e-01 5.16492009e-01
    2.64421284e-01 3.06094050e-01 6.03249729e-01 1.60904914e-01
    6.37539387e-01 6.21429563e-01 3.66834283e-01 8.91749501e-01
    4.53147888e-02 8.90295744e-01 9.25626993e-01 7.91549802e-01
    8.13510537e-01 4.72545624e-01 9.75094080e-01 9.09277081e-01
    6.74367607e-01 5.76346815e-02 4.40529704e-01 4.78338152e-01
    4.83700126e-01 7.84564137e-01 2.63293177e-01 9.97443140e-01
    9.71539497e-01 4.94118541e-01 2.68017799e-01 1.28110826e-01
    6.99123204e-01 3.77669930e-02 5.70807576e-01 5.62393963e-02
    8.52624893e-01 3.16839576e-01 5.18739820e-01 8.80191386e-01
    3.41869384e-01 2.41018385e-01 9.39227462e-01 7.37161040e-02
    9.80163455e-01 6.56672478e-01 3.42814684e-01 6.40680552e-01
    9.14661646e-01 1.85354263e-01 4.84850794e-01 2.42447078e-01
    7.11336911e-01 4.07082319e-01 4.73930657e-01 2.09190786e-01
    8.83955240e-01 2.46993452e-01 2.00103551e-01 3.02619755e-01
    3.51252377e-01 4.44066852e-01 7.50636160e-01 2.38552541e-01
    6.46288097e-01 9.17580724e-02 3.54854226e-01 6.08676970e-01
    7.51240909e-01 5.07316172e-01 7.39987910e-01 1.70562595e-01
    1.07281059e-01 5.75377703e-01 6.24766171e-01 6.80124521e-01
    4.01897252e-01 6.16760671e-01 8.32362473e-02 6.84426069e-01
    9.40448284e-01 2.20490426e-01 2.38184333e-01 8.55346143e-01
    5.37950516e-01 9.49247837e-01 1.59701079e-01 7.92062283e-01
    2.79102534e-01 4.86981422e-01 2.79706806e-01 5.01802444e-01
    8.28936219e-01 9.30853128e-01 9.78411794e-01 2.78605521e-02
    9.13188338e-01 6.59606814e-01 1.71844304e-01 9.78764892e-01
    9.83192801e-01 5.38572550e-01 2.88625836e-01 9.60575521e-01
    1.38876766e-01 1.26164079e-01 4.88863111e-01 7.14682341e-01
    1.20718181e-01 8.20124626e-01 3.96611720e-01 5.85444391e-01
    3.68322790e-01 9.63231146e-01 5.52245140e-01 2.12361246e-01
    8.02181482e-01 1.48449600e-01 2.57384181e-02 8.09778333e-01
    1.79217219e-01 2.43721604e-02 7.52051651e-01 5.92245996e-01
    1.37017101e-01 8.89056206e-01 5.49798667e-01 4.96756494e-01
    6.58461869e-01 8.08498263e-03 8.11823010e-02 7.50851274e-01
    2.48714209e-01 1.52522683e-01 2.41283745e-01 6.26412630e-02
    3.64109635e-01 6.21025681e-01 4.79844540e-01 6.22638047e-01
    7.35043287e-01 1.71456069e-01 8.52342963e-01 1.35946035e-01
    8.94685626e-01 6.01792872e-01 4.65590090e-01 2.68670261e-01
    4.77257758e-01 1.99145585e-01 3.23058426e-01 5.98448277e-01
    4.19871867e-01 9.76742625e-01 2.21650302e-02 3.23191524e-01
    3.56995940e-01 2.30323702e-01 3.91206145e-01 4.45909977e-01
    9.89884853e-01 4.77875769e-02 9.44724560e-01 6.80971742e-01
    4.71983373e-01 2.48820812e-01 9.64508414e-01 5.11924624e-01
    8.05315375e-02 7.36330807e-01 7.97246695e-01 8.50002289e-01
    9.37045932e-01 4.77917641e-01 8.09316278e-01 2.13620454e-01
    3.18712115e-01 6.27756119e-01 9.19353664e-01 5.09951651e-01
    1.58946753e-01 5.59825420e-01 9.93023634e-01 5.17624915e-01
    3.88502359e-01 9.26597893e-01 2.07131714e-01 7.16506422e-01
    9.36574936e-02 7.28603840e-01 3.79422963e-01 3.01023215e-01
    1.79185659e-01 3.94578993e-01 1.02397710e-01 2.49862105e-01
    2.05643743e-01 8.80171537e-01 4.38394010e-01 3.95957828e-02
    1.77073479e-03 1.74418032e-01 2.26784647e-01 5.45488775e-01
    8.21999550e-01 4.44726706e-01 1.68495238e-01 3.90574038e-02
    2.78471172e-01 5.17318726e-01 8.36386621e-01 2.14860111e-01
    3.30489874e-02 5.35768509e-01 6.43547058e-01 9.79702771e-01
    2.90102780e-01 4.56689447e-01 3.39486599e-01 4.50411439e-01
    7.14067936e-01 7.13545442e-01 1.00022942e-01 6.35524929e-01
    2.89636135e-01 3.20826232e-01 5.76719940e-01 1.94503576e-01
    3.08137327e-01 9.20885444e-01 2.16336995e-01 5.95287979e-02
    6.58861578e-01 1.44132018e-01 3.08189213e-01 9.58588243e-01
    2.43859857e-01 2.09803313e-01 2.12045908e-02 3.10994685e-01
    7.83123076e-02 9.84594941e-01 6.54383779e-01 5.96970320e-01
    9.81399417e-02 1.88392460e-01 7.99762487e-01 5.33825755e-02
    7.95248628e-01 1.88710779e-01 2.00586617e-02 9.01366115e-01
    2.98288316e-01 3.06510359e-01 5.78735471e-01 6.10119104e-02
    3.13401282e-01 2.20195055e-02 9.39765811e-01 6.81641936e-01
    4.47233766e-01 6.98287249e-01 9.03562069e-01 5.49916744e-01
    7.73330808e-01 2.84541547e-01 6.73591614e-01 4.54797387e-01
    1.34996206e-01 4.05228615e-01 1.88615948e-01 5.20651639e-01
    3.49358380e-01 7.60091245e-01 6.03366971e-01 3.31307352e-02
    7.16704369e-01 2.83587456e-01 4.17298317e-01 5.59247434e-01
    3.68272990e-01 3.95653337e-01 3.32319915e-01 1.73472643e-01
    6.47013426e-01 6.16003394e-01 1.99677885e-01 7.22699940e-01
    4.16303337e-01 8.98394585e-01 4.04189378e-01 5.47713339e-02
    5.43461442e-01 5.92264712e-01 4.13496941e-01 2.69140840e-01
    7.84093142e-01 8.14567327e-01 9.48928475e-01 2.47060567e-01
    5.50825834e-01 9.38093364e-01 4.07097876e-01 1.08072579e-01
    8.45951080e-01 5.96820772e-01 3.45206022e-01 1.62776530e-01
    8.52140188e-01 7.52497792e-01 5.62697768e-01 4.15890217e-02
    1.26566231e-01 5.30318499e-01 7.56829023e-01 1.37719810e-01
    3.09202790e-01 5.06438255e-01 4.92542475e-01 7.96564102e-01
    8.94116998e-01 8.51437330e-01 6.39357686e-01 4.87889677e-01
    1.79284930e-01 8.09775949e-01 8.18927228e-01 5.07349849e-01
    3.88802588e-02 8.91662240e-02 7.60077775e-01 3.90328348e-01
    1.46170706e-01 1.54994220e-01 2.67471224e-01 8.37757289e-01
    4.13859427e-01 4.97829854e-01 7.92549729e-01 1.85958743e-01
    6.35233521e-01 2.26634115e-01 1.21584982e-01 7.18117177e-01
    5.60519934e-01 3.22827309e-01 9.50803459e-01 2.26058394e-01
    9.61976528e-01 6.08974576e-01 2.37897605e-01 6.11565232e-01
    8.90233517e-01 2.77305216e-01 5.44960260e-01 7.21148789e-01
    6.53527558e-01 1.03822500e-01 5.23961008e-01 3.04871559e-01
    5.06020963e-01 6.41245067e-01 2.92977571e-01 8.17178309e-01
    6.29870415e-01 2.02486634e-01 8.38282764e-01 8.70159626e-01
    4.16601002e-02 6.04794562e-01 2.06857145e-01 2.66413450e-01
    5.84153056e-01 6.98778629e-01 6.81345463e-01 2.93331951e-01
    4.77251023e-01 9.69818473e-01 6.42550647e-01 9.16511893e-01
    1.87109917e-01 8.73955727e-01 1.22228771e-01 7.28411317e-01
    1.85507268e-01 6.65929914e-01 6.04745150e-01 9.42717373e-01
    4.89892334e-01 6.93486214e-01 3.13688338e-01 1.62091196e-01
    8.60343874e-01 3.11586022e-01 5.65277517e-01 7.81278610e-01
    1.22014284e-02 1.47045970e-01 4.11000788e-01 1.50771201e-01
    8.90786469e-01 1.61893070e-01 5.31804442e-01 1.00371271e-01
    4.31759179e-01 3.86209965e-01 1.38698339e-01 3.35446417e-01
    2.17149734e-01 9.20646369e-01 1.68285728e-01 6.24018550e-01
    3.93905252e-01 7.31024742e-01 5.74245214e-01 6.72694981e-01
    1.07741654e-01 6.72610283e-01 8.40994477e-01 6.63747311e-01
    9.23584819e-01 8.83574009e-01 1.94668174e-02 3.76687437e-01
    6.64978862e-01 1.25091255e-01 3.86194527e-01 6.82015955e-01
    7.54055738e-01 9.94838595e-01 9.77036476e-01 2.41920590e-01
    5.18578589e-01 3.98165524e-01 7.42831588e-01 3.83158803e-01
    9.97042418e-01 6.53570771e-01 8.25064063e-01 4.81964320e-01
    2.49170035e-01 2.67724752e-01 1.45751923e-01 8.17853034e-01
    3.15422386e-01 6.37985945e-01 6.99366629e-02 7.60990262e-01
    7.12510109e-01 6.09987736e-01 1.79544687e-01 4.75143790e-01
    7.35350132e-01 4.85478997e-01 6.49922967e-01 9.30670977e-01
    2.69446433e-01 5.75906098e-01 3.14853251e-01 6.64157331e-01
    3.55495930e-01 2.95542181e-02 8.24556351e-01 6.31671607e-01
    3.71466398e-01 4.24767911e-01 3.44739497e-01 5.17615080e-02
    2.11457431e-01 4.56121564e-01 8.72461319e-01 9.76472616e-01
    4.49829936e-01 6.11078441e-02 3.76149535e-01 8.30280423e-01
    3.68236244e-01 1.61430985e-01 8.93540919e-01 6.74623132e-01
    3.43836069e-01 1.04651600e-01 8.32686245e-01 1.56597793e-01
    9.79060233e-01 5.14565468e-01 2.93707848e-02 3.07636231e-01
    2.97216743e-01 6.52072072e-01 3.94773275e-01 2.35006869e-01
    2.67509758e-01 8.21380913e-02 1.69694722e-01 8.23566616e-01
    2.85101622e-01 2.19903827e-01 9.05281305e-03 7.79485226e-01
    9.90844250e-01 4.24448997e-01 2.24502116e-01 2.44968325e-01
    7.23646283e-01 2.56971836e-01 3.45765352e-01 7.50562310e-01
    5.41035950e-01 2.66117543e-01 3.09963942e-01 8.46522272e-01
    7.14123666e-01 3.31628323e-03 8.30280006e-01 1.23380333e-01
    6.85881793e-01 4.47444856e-01 5.63767970e-01 2.81629682e-01
    3.16479057e-01 2.05266982e-01 4.70386535e-01 2.98396409e-01
    9.51806605e-01 1.60720944e-03 6.33648753e-01 2.85171866e-02
    9.85864699e-01 9.57675576e-02 6.34909153e-01 3.38501930e-01
    8.85697365e-01 3.11109781e-01 1.95232928e-01 8.08841288e-01
    5.94491959e-01 6.18776083e-01 4.78825241e-01 5.38574100e-01
    2.39264548e-01 1.44537807e-01 8.07887912e-01 4.70630884e-01
    9.07040834e-01 4.55219030e-01 1.32221818e-01 5.94858527e-01
    3.66842151e-02 6.30634606e-01 5.03038943e-01 9.76535380e-02
    3.64229560e-01 1.38997525e-01 3.17337602e-01 8.11149120e-01
    2.84048021e-02 9.65715408e-01 6.36533737e-01 3.57972801e-01
    4.72069710e-01 8.06047559e-01 8.84715915e-01 7.29104877e-03
    6.58012986e-01 5.18949449e-01 3.10912073e-01 2.00807720e-01
    5.39390266e-01 5.11309266e-01 9.37920511e-02 6.78192854e-01
    7.79807687e-01 1.53640658e-01 8.98944318e-01 2.60986537e-01
    8.31794441e-01 9.15907741e-01 9.50849473e-01 5.57868421e-01
    8.40256333e-01 3.32374632e-01 3.00314903e-01 7.81180143e-01
    1.04867041e-01 4.36248183e-01 9.60558295e-01 9.69127119e-01
    7.93182850e-02 9.39007163e-01 3.49005669e-01 3.57734740e-01
    3.47858846e-01 9.94311333e-01 8.14032078e-01 8.48559558e-01
    4.91416872e-01 1.42828763e-01 6.57574177e-01 4.78458226e-01
    8.89388204e-01 2.78816938e-01 7.27254927e-01 4.34277266e-01
    6.78907394e-01 7.61042118e-01 4.51489717e-01 6.02194726e-01
    6.34098709e-01 6.02449179e-01 4.12151456e-01 6.35870278e-01
    9.44944859e-01 4.59766179e-01 4.90258574e-01 2.62154341e-02
    2.97818005e-01 5.48511565e-01 5.33456087e-01 5.46325207e-01
    6.20343983e-02 2.47327149e-01 3.17315757e-01 7.14736223e-01
    6.98406816e-01 3.39711457e-01 8.04158688e-01 1.89277887e-01
    4.11907613e-01 6.46687925e-01 5.24415910e-01 4.33271527e-01
    4.28965956e-01 5.31278312e-01 5.36337078e-01 9.12000954e-01
    1.57241136e-01 8.52052689e-01 9.52865601e-01 7.10452199e-02
    8.13519120e-01 5.80389023e-01 6.58837557e-02 1.60842806e-01
    7.80296504e-01 3.19514871e-01 1.61214799e-01 7.81746984e-01
    3.29964757e-02 8.56000543e-01 3.71944249e-01 4.78002131e-01
    3.30879658e-01 1.89494342e-01 2.23247230e-01 3.38518798e-01
    1.94645792e-01 3.78741980e-01 4.79104221e-02 9.12187397e-02
    9.87950027e-01 4.39957470e-01 4.60982859e-01 2.29524076e-02
    8.67018044e-01 3.73342991e-01 9.44246352e-01 9.80839312e-01
    6.72264218e-01 6.64584875e-01 6.53378010e-01 8.70012641e-01
    8.78838897e-01 9.78728652e-01 3.69224072e-01 8.31537485e-01
    3.81207496e-01 2.06330627e-01 2.55755544e-01 7.65605330e-01
    5.14594555e-01 7.12165534e-01 2.70239949e-01 9.23256874e-02
    7.78869152e-01 2.54631162e-01 8.33167017e-01 9.08319592e-01
    2.54160076e-01 2.54441738e-01 3.13966095e-01 9.02920067e-02
    2.39669055e-01 8.07720780e-01 9.68593955e-02 8.47000003e-01
    9.36806023e-01 9.23579514e-01 9.93061900e-01 1.68533832e-01
    9.55568671e-01 7.14728594e-01 5.33715427e-01 6.42372370e-01
    4.81866628e-01 7.31995940e-01 4.65300918e-01 2.61903882e-01
    5.69858849e-01 5.91688156e-02 7.12615848e-01 1.51682258e-01
    1.58954114e-01 5.19741476e-01 5.44175446e-01 1.96563631e-01
    3.93095225e-01 3.95307004e-01 6.47734582e-01 6.04941308e-01
    1.25459552e-01 3.10011625e-01 6.72297716e-01 4.74229783e-01
    7.98016667e-01 1.27176344e-01 7.48273015e-01 7.13873625e-01
    4.76418704e-01 1.55656040e-01 5.33678174e-01 8.32318783e-01
    2.35422850e-01 9.08560753e-01 9.99685645e-01 2.70527005e-01
    7.75826275e-02 4.01295602e-01 9.42924619e-03 8.25678945e-01
    7.88102269e-01 2.41610408e-03 5.71151495e-01 9.46211815e-01
    2.80195415e-01 2.32825577e-02 6.60805464e-01 1.27945930e-01
    2.02676237e-01 4.48565483e-02 4.52745140e-01 5.44210255e-01
    7.94797659e-01 7.70025492e-01 7.75647521e-01 8.93002152e-01
    8.70129406e-01 8.63836050e-01 6.84618711e-01 7.19072461e-01
    5.27854800e-01 7.06512034e-02 5.79135060e-01 4.13262695e-01
    8.66731644e-01 7.06475377e-01 5.52047968e-01 7.01784611e-01
    3.53065640e-01 9.82896328e-01 9.51711059e-01 1.14004344e-01
    1.33421630e-01 3.68245393e-01 6.97460771e-02 6.31792784e-01
    9.90127325e-01 5.09983838e-01 3.59553635e-01 8.60023797e-02
    6.81289673e-01 9.40863967e-01 5.01679063e-01 9.58742380e-01
    9.21633005e-01 4.34531510e-01 9.05251145e-01 4.99720275e-01
    2.77884781e-01 8.74292493e-01 3.88957441e-01 8.28565240e-01
    1.23795837e-01 6.77204728e-01 7.97787309e-01 6.64565146e-01
    2.58287489e-02 7.68238068e-01 9.69364047e-01 4.77045774e-03
    3.22780907e-01 9.55581069e-01 5.18219411e-01 8.09373081e-01
    6.44193590e-01 6.55367613e-01 6.58407927e-01 6.85722232e-01
    7.34767437e-01 5.25486887e-01 2.14174122e-01 7.62914121e-02
    2.37337053e-01 6.76473498e-01 7.14792252e-01 5.53094029e-01
    1.19779319e-01 8.18636537e-01 7.86974907e-01 2.78446019e-01
    2.99717367e-01 5.78611553e-01 4.34410870e-02 4.85251397e-01
    7.47766197e-02 5.34484506e-01 7.81836927e-01 6.32505417e-01
    6.51285350e-01 4.58350778e-03 5.21821439e-01 6.29803538e-02
    3.50984931e-01 6.04548812e-01 8.13903868e-01 6.26048565e-01
    2.56076932e-01 4.08668935e-01 7.26891458e-01 2.99716353e-01
    7.42958963e-01 1.74569964e-01 4.21693593e-01 3.63218486e-01
    9.33168292e-01 2.06197768e-01 3.93003672e-01 9.31339562e-01
    1.05724066e-01 2.26111770e-01 8.12837958e-01 3.71080220e-01
    4.60056335e-01 8.79735470e-01 1.46604210e-01 8.56179476e-01
    1.24662936e-01 3.13268840e-01 5.10496199e-01 7.81702995e-01
    9.04434681e-01 1.42884076e-01 3.18682283e-01 3.28712702e-01
    7.76406407e-01 6.07421398e-01 1.78382695e-01 5.64585924e-01
    1.18984848e-01 6.53264761e-01 7.67028868e-01 5.69936275e-01
    2.47078180e-01 6.84356630e-01 1.56353980e-01 5.22583663e-01
    4.28376794e-01 6.84076548e-01 7.80209005e-02 6.24670267e-01
    4.11101341e-01 4.14358020e-01 5.93773425e-02 7.47900367e-01
    4.70465332e-01 7.34403491e-01 8.99074078e-01 1.15875602e-02
    6.62920296e-01 2.36327738e-01 9.12503362e-01 3.55874956e-01
    7.60744572e-01 7.56462991e-01 8.51356983e-01 3.43372762e-01
    3.70086342e-01 1.16359890e-02 1.15671575e-01 5.87982595e-01
    1.62566900e-02 5.56839526e-01 6.29632771e-01 6.87798142e-01
    3.24243605e-01 6.62097692e-01 3.71656984e-01 8.38708997e-01
    6.59991384e-01 7.33703494e-01 9.66540098e-01 2.93684006e-02
    1.14270270e-01 1.39878392e-01 6.08435988e-01 7.47106433e-01
    2.52109766e-02 1.52263820e-01 7.97979772e-01 7.31186628e-01
    8.52176309e-01 2.25162655e-01 3.45432758e-01 5.07296503e-01
    4.86083806e-01 3.00993979e-01 1.06261402e-01 7.64527023e-02
    4.56562102e-01 3.35607976e-01 9.02914286e-01 8.93001735e-01
    3.78767252e-01 9.51218367e-01 7.17889667e-02 6.32960498e-02
    6.59115434e-01 6.94664776e-01 2.78598785e-01 2.14071602e-01
    6.21891558e-01 7.16988266e-01 6.80161834e-01 5.52601039e-01
    8.09072614e-01 4.42337543e-01 8.87286544e-01 2.11497575e-01
    9.09161568e-01 5.35722911e-01 8.33067060e-01 6.85019791e-02
    1.28243208e-01 7.70057678e-01 7.41104603e-01 9.10712361e-01
    3.20807338e-01 5.22753000e-02 7.23419428e-01 2.93940008e-01
    5.20678759e-01 2.05940068e-01 9.88409638e-01 1.33255392e-01
    5.84687173e-01 3.58422577e-01 6.04602098e-01 8.75792384e-01
    5.29333413e-01 7.51640201e-02 6.75065279e-01 5.87376714e-01
    6.52893722e-01 1.23252332e-01 3.58243316e-01 2.42942691e-01
    3.01807821e-02 1.73418880e-01 1.97376817e-01 7.75008857e-01
    7.62618601e-01 7.49923289e-01 1.01881832e-01 9.06574130e-01
    9.88693833e-01 6.96646750e-01 4.74674642e-01 5.79698741e-01
    4.51618135e-02 1.73651278e-02 5.54976702e-01 8.39023829e-01
    7.43749559e-01 9.30484712e-01 9.30694520e-01 4.08042729e-01
    8.60940635e-01 1.46383762e-01 7.97773480e-01 4.89480287e-01
    9.19030428e-01 2.24462330e-01 5.39105952e-01 2.80201346e-01
    2.94146299e-01 5.35527349e-01 2.37790644e-01 9.10402417e-01
    7.76028335e-02 7.77512729e-01 3.39386076e-01 8.42276514e-02
    4.35177028e-01 9.26865578e-01 6.13028646e-01 6.09661937e-02
    3.72413516e-01 3.47211510e-01 5.90647042e-01 6.96552396e-02
    3.14458609e-01 9.01219547e-01 4.18329805e-01 9.05556738e-01
    3.78629833e-01 3.84024471e-01 7.65546441e-01 3.94274056e-01
    5.61269224e-01 3.17709982e-01 3.14356089e-01 7.75204599e-02
    7.98809171e-01 7.51371443e-01 7.04972029e-01 4.35233861e-01
    4.47742939e-02 2.24333644e-01 7.18526423e-01 1.70764476e-01
    4.52612579e-01 6.57078564e-01 1.56882465e-01 5.51785588e-01
    6.07453644e-01 6.75259650e-01 2.68125355e-01 4.99268562e-01
    8.20419848e-01 9.71402645e-01 8.50400805e-01 4.43321317e-01
    1.63472921e-01 8.41242194e-01 4.21568692e-01 5.15553236e-01
    4.03248966e-01 3.49363983e-02 1.62660062e-01 4.37548757e-03
    1.19308591e-01 5.82716465e-01 5.69254458e-01 2.60897398e-01
    3.78327072e-02 8.58450353e-01 8.83516908e-01 5.35428584e-01
    6.80634141e-01 3.37725759e-01 7.68914402e-01 6.66341543e-01
    7.06422329e-01 9.85299468e-01 4.99263197e-01 7.76519179e-01
    6.05464458e-01 5.11418521e-01 6.83989763e-01 8.90650809e-01
    9.97785032e-02 1.52394474e-02 6.66375339e-01 1.21317238e-01
    8.72750998e-01 7.07779050e-01 7.18795300e-01 7.32311368e-01
    2.94416428e-01 3.93533617e-01 5.64824939e-01 6.75773144e-01
    2.22439855e-01 2.99625993e-01 2.19101220e-01 9.59698915e-01
    5.42548835e-01 4.83671308e-01 4.03709978e-01 8.94654632e-01
    2.30000407e-01 1.46844596e-01 8.15613031e-01 9.85403657e-01
    9.09163356e-01 4.66736972e-01 4.02779400e-01 8.73153806e-01
    5.93232274e-01 1.31564677e-01 4.40371037e-03 6.01315796e-01
    4.71962571e-01 8.50963593e-01 8.40194225e-02 4.38120723e-01
    1.82483733e-01 7.33635306e-01 8.16781044e-01 9.18826938e-01
    1.86878562e-01 9.48938549e-01 6.98270142e-01 4.76859033e-01
    8.06180835e-02 3.77487630e-01 7.00485706e-01 4.34263140e-01
    3.63580287e-01 2.74234414e-01 6.73335910e-01 6.48799300e-01
    8.08439374e-01 4.64986801e-01 9.71332550e-01 7.17970908e-01
    6.21044636e-02 2.59429634e-01 4.23159301e-01 9.94399905e-01
    6.42328262e-01 6.71978176e-01 5.37673295e-01 7.05825388e-01
    3.75615358e-02 6.29414320e-01 6.85100675e-01 2.89724022e-01
    7.34968424e-01 4.64445472e-01 2.13685095e-01 5.12538612e-01
    1.76803231e-01 3.39992106e-01 7.20371366e-01 5.48180759e-01
    4.65777278e-01 3.77818942e-03 7.10287988e-02 2.23762661e-01
    5.98229527e-01 8.83231044e-01 1.26003921e-02 3.15203398e-01
    5.20534217e-01 3.27603400e-01 6.14423692e-01 5.81900299e-01
    3.22029293e-01 2.13939160e-01 5.17390490e-01 4.68232453e-01
    5.82885563e-01 3.92515898e-01 2.64977604e-01 4.18135703e-01
    1.14423633e-01 5.14270127e-01 6.40446544e-02 3.35156620e-02
    2.56200731e-01 4.72319961e-01 4.26271558e-03 8.58143330e-01
    7.06988752e-01 3.75937164e-01 2.87960768e-02 6.73938155e-01
    1.19855374e-01 3.93229842e-01 2.03627050e-01 8.21978569e-01
    1.95860445e-01 4.83667433e-01 7.60550141e-01 7.68359005e-01
    4.06090915e-01 6.32634759e-01 4.46042717e-02 7.60532856e-01
    5.99052966e-01 1.27587289e-01 3.04993987e-02 3.32411110e-01
    1.09216720e-01 9.45863485e-01 8.59109879e-01 4.20816511e-01
    9.14295673e-01 4.03817594e-02 2.16223598e-02 6.42197847e-01
    2.75552571e-02 2.03105211e-01 2.93558180e-01 2.83334821e-01
    5.32649219e-01 9.16997194e-01 3.85670364e-01 7.09040403e-01
    6.36796176e-01 3.43351603e-01 4.13673937e-01 9.29322481e-01
    3.21788251e-01 4.20057535e-01 5.44356108e-01 5.61603725e-01
    4.46276367e-01 9.10304189e-01 5.59233665e-01 3.16491365e-01
    3.92242461e-01 3.61130655e-01 3.44280154e-01 8.22379589e-01
    8.57744336e-01 5.81784546e-01 3.14793080e-01 4.50873375e-02
    2.87227929e-01 1.59164995e-01 9.78377163e-01 3.88769627e-01
    1.48873031e-01 1.25332922e-01 8.90901506e-01 7.11981893e-01
    8.54431093e-01 1.90586537e-01 4.19717133e-01 7.69792736e-01
    5.76194525e-02 5.41873515e-01 3.66441727e-01 5.80126643e-02
    8.13346267e-01 1.16333812e-01 3.49440813e-01 8.35968316e-01
    5.73060870e-01 3.51646721e-01 3.45299065e-01 8.89285445e-01
    1.27314538e-01 7.27863073e-01 4.16464508e-01 4.57512677e-01
    5.91790438e-01 5.01496553e-01 4.23550606e-01 8.76202524e-01
    3.13528180e-02 9.32483196e-01 1.56498849e-01 1.99727416e-02
    2.81349510e-01 8.60106826e-01 1.55188680e-01 8.61837864e-01
    1.27689660e-01 6.08757079e-01 2.50128806e-01 6.94602966e-01
    7.50918388e-01 8.89013052e-01 2.68115282e-01 8.94263744e-01
    1.78670019e-01 1.80218935e-01 7.51617432e-01 7.59498000e-01
    4.30470139e-01 7.71281004e-01 9.10791099e-01 4.52252030e-02
    4.25385892e-01 9.53736842e-01 1.98578328e-01 7.22989559e-01
    9.49723303e-01 6.33317232e-02 5.78901052e-01 2.78784901e-01
    3.63407731e-02 9.88378882e-01 9.64370608e-01 5.01205981e-01
    4.44165170e-02 2.84432232e-01 6.85511529e-02 8.39368999e-01
    9.45190787e-02 5.82519770e-01 1.13713115e-01 4.91017669e-01
    9.12274361e-01 4.25703317e-01 1.40895844e-01 4.97595400e-01
    9.06160712e-01 3.46436620e-01 4.84597415e-01 7.09476948e-01
    6.13455236e-01 8.97002220e-01 4.78120983e-01 2.05853283e-02
    4.74402964e-01 3.40006769e-01 3.14124763e-01 7.20977068e-01
    8.67795348e-01 9.82116759e-02 8.68219852e-01 5.13583124e-01
    3.85366350e-01 5.28508425e-01 1.37862742e-01 1.15046978e-01
    6.93885088e-01 9.50239420e-01 2.25536048e-01 1.97775394e-01
    7.12706149e-01 1.63349390e-01 6.36345446e-01 8.20443511e-01
    9.47254658e-01 6.78991795e-01 5.00384569e-01 4.64411080e-01
    3.90016913e-01 8.81914914e-01 9.91861105e-01 6.66503072e-01
    7.75987148e-01 6.36605322e-02 5.66152096e-01 4.96447682e-01
    1.05535477e-01 1.39346510e-01 1.87230676e-01 3.44695330e-01
    2.23670810e-01 5.17670989e-01 4.33427185e-01 5.27986944e-01
    4.61320966e-01 3.44658732e-01 1.58519357e-01 4.03037906e-01
    1.62459493e-01 4.12213236e-01 3.97510231e-01 8.93980622e-01
    4.22151744e-01 9.47189927e-02 9.48489308e-01 1.33719355e-01
    7.81233370e-01 5.71362197e-01 7.13790178e-01 2.46452689e-02
    9.03862715e-03 8.41186643e-01 7.79199064e-01 3.49164099e-01
    3.97331685e-01 3.99805605e-02 5.87122679e-01 1.99585050e-01
    2.10118592e-02 8.54128003e-01 7.22501040e-01 3.60929966e-02
    3.04507017e-01 1.36531472e-01 3.38081717e-01 7.27502704e-01
    1.49653047e-01 9.79795933e-01 9.70476985e-01 6.40596151e-01
    6.42139375e-01 3.06025147e-01 3.76130700e-01 3.85946631e-02
    2.88844615e-01 1.56349212e-01 1.18004173e-01 6.85427427e-01
    1.64225280e-01 4.38751400e-01 4.08666551e-01 2.73716152e-01
    6.09511495e-01 2.37609386e-01 7.74517357e-01 2.93344200e-01
    4.20139134e-01 9.62992907e-02 4.84358132e-01 9.11019683e-01
    8.14557612e-01 4.73478615e-01 3.12017828e-01 2.65797257e-01
    7.62956560e-01 1.75622344e-01 9.43056464e-01 4.89776671e-01
    4.27022159e-01 8.47001076e-01 4.10364181e-01 7.98160374e-01
    7.51079619e-02 9.15600955e-02 3.19174647e-01 4.23893929e-02
    9.39646661e-02 8.35216761e-01 2.16408640e-01 1.12431258e-01
    3.57574135e-01 8.87637317e-01 2.82523453e-01 3.43873739e-01
    2.77319551e-02 6.37912989e-01 5.12503684e-01 3.68539453e-01
    8.45702887e-01 7.03193188e-01 2.77979314e-01 6.80895984e-01
    2.11033255e-01 9.26232457e-01 6.02256656e-01 9.93299067e-01
    8.94069493e-01 9.40647602e-01 4.47078407e-01 5.98055840e-01
    5.82251906e-01 8.36336315e-01 7.23862410e-01 3.16935062e-01
    4.50708807e-01 5.39801419e-01 5.55009484e-01 5.84929287e-01
    2.33019888e-02 6.75530076e-01 8.44468236e-01 9.87815678e-01
    4.63146836e-01 3.68846059e-02 7.68443167e-01 5.64814568e-01
    8.98838818e-01 4.88431603e-01 5.94695032e-01 2.31967568e-01
    7.77985573e-01 5.85855365e-01 8.83540869e-01 2.67869413e-01
    6.69885814e-01 2.80104727e-01 1.44163996e-01 3.26056808e-01
    7.02623904e-01 9.89218235e-01 7.20060229e-01 1.95966333e-01
    9.51562107e-01 1.04908794e-01 7.96999633e-02 1.55503780e-01
    8.86352956e-01 7.23040760e-01 7.34630883e-01 2.09185153e-01
    2.52231061e-01 6.05497241e-01 4.70972061e-03 8.09882998e-01
    2.22351909e-01 5.42788923e-01 5.88878989e-02 5.41795492e-01
    5.26651859e-01 1.28991932e-01 8.37894499e-01 6.57878578e-01
    6.53817654e-02 1.79505914e-01 5.76503754e-01 9.94918346e-01
    7.00231791e-02 4.75439370e-01 6.22635782e-01 4.46253121e-01
    6.16866469e-01 4.72314209e-01 3.37660402e-01 5.23635149e-01
    3.02576423e-01 3.19726288e-01 7.40796804e-01 8.11690211e-01
    8.95431042e-01 3.80153477e-01 7.16923058e-01 9.56916273e-01
    9.84465361e-01 9.70922351e-01 5.98017335e-01 1.66371405e-01
    1.20763183e-02 2.20276564e-01 6.89045131e-01 6.16539121e-01
    9.52128053e-01 2.76297688e-01 7.58857310e-01 1.88546658e-01
    6.89687550e-01 4.23509330e-01 6.21870518e-01 3.62113148e-01
    2.67577767e-01 5.09346426e-01 8.92507911e-01 1.72713101e-02
    8.28142881e-01 1.85886323e-02 6.59125030e-01 7.31029451e-01
    8.16852629e-01 4.74232495e-01 2.34502763e-01 5.60007751e-01
    9.14510012e-01 8.02950561e-02 9.96283889e-01 9.81525183e-02
    1.82987273e-01 4.14982229e-01 6.07298553e-01 5.16071618e-01
    8.52998972e-01 4.04414177e-01 4.29427624e-03 1.11102998e-01
    4.58912462e-01 7.19594300e-01 4.57194924e-01 3.88858557e-01
    6.76406860e-01 2.23741114e-01 1.02042347e-01 2.88016379e-01
    7.59744346e-02 8.49896669e-01 1.76784426e-01 3.06840479e-01
    3.23278606e-02 7.64968574e-01 3.13772619e-01 3.73110294e-01
    4.57810223e-01 5.93072414e-01 6.54283106e-01 3.46294940e-01
    5.61543822e-01 1.67624027e-01 9.42467749e-02 2.02738881e-01
    3.65460694e-01 7.92018354e-01 4.81634945e-01 8.59230220e-01
    9.75921154e-01 3.85208607e-01 4.19761002e-01 8.61997664e-01
    4.87712890e-01 5.74894011e-01 4.34383750e-02 1.55054867e-01
    8.93255591e-01 8.41715932e-01 8.87553453e-01 9.48525429e-01
    6.51665270e-01 1.54750735e-01 5.02015173e-01 5.00068963e-01
    6.18174314e-01 5.62848449e-01 3.77505630e-01 5.80083430e-01
    2.16662586e-02 7.38592923e-01 2.48687863e-02 3.69348764e-01
    9.89672005e-01 8.94670606e-01 6.05248094e-01 6.64543808e-01
    2.59111315e-01 5.52569985e-01 4.90903854e-03 2.95323431e-01
    5.22544146e-01 8.70463252e-03 8.39964867e-01 4.65798467e-01
    1.25923663e-01 4.83594328e-01 5.24020195e-03 2.85022080e-01
    9.06015038e-01 9.62812662e-01 8.24223042e-01 4.73452210e-01
    4.82312262e-01 4.51606482e-01 7.54095614e-01 8.15476537e-01
    4.06143308e-01 9.89312172e-01 7.86045492e-02 3.15741599e-01
    3.63196522e-01 6.80846632e-01 3.06372851e-01 8.46183062e-01
    4.67644244e-01 5.65530181e-01 6.25585675e-01 2.03234583e-01
    9.34660673e-01 2.79370010e-01 5.41235447e-01 8.77462387e-01
    7.43364334e-01 9.07506883e-01 6.50071919e-01 4.39843297e-01
    6.64995015e-01 8.91600609e-01 9.11217034e-02 2.79243410e-01
    3.55383366e-01 6.61309481e-01 5.92595637e-01 5.60987771e-01
    4.43178058e-01 7.34005153e-01 6.71711087e-01 9.23684716e-01
    9.07502651e-01 2.48986065e-01 2.95566738e-01 9.10288990e-02
    9.68347251e-01 1.49452060e-01 3.80917341e-01 1.12409204e-01
    1.74473047e-01 1.15050942e-01 6.20411754e-01 3.92369062e-01
    5.68795621e-01 6.46552086e-01 5.68535268e-01 7.17939019e-01
    9.94875431e-01 2.31159925e-02 2.60852575e-02 1.66424066e-01
    5.81180692e-01 9.85979736e-02 1.32389963e-02 5.46688318e-01
    1.19106621e-01 1.90694898e-01 9.40833390e-02 5.65506876e-01
    7.78899193e-01 2.00886816e-01 2.31884778e-01 1.08075798e-01
    9.84143019e-01 9.19769049e-01 5.65969288e-01 5.62145233e-01
    5.34393489e-01 1.91946119e-01 5.22404015e-01 2.71703631e-01
    3.09174955e-01 2.47107804e-01 3.71364564e-01 7.16605008e-01
    4.28137422e-01 2.17465311e-01 4.71166939e-01 6.56289220e-01
    5.35316527e-01 8.74214768e-02 1.36931479e-01 5.92518568e-01
    8.97264659e-01 8.84469151e-02 7.11092949e-02 4.53444034e-01
    1.92806005e-01 9.11294341e-01 4.69910562e-01 8.24434400e-01
    6.99858665e-01 1.81890935e-01 7.66034603e-01 2.06737041e-01
    6.81128442e-01 1.37098491e-01 7.77000487e-01 7.52545953e-01
    9.24050093e-01 7.43098855e-01 7.90392876e-01 5.59544086e-01
    7.58493483e-01 7.20444262e-01 4.42439526e-01 1.49275631e-01
    1.72215253e-01 1.18948519e-01 6.30762219e-01 9.50646043e-01
    4.51877713e-01 7.83899367e-01 4.53987956e-01 8.59374881e-01
    4.66412157e-01 7.29743361e-01 4.78908509e-01 8.84765029e-01
    1.42513394e-01 8.70286345e-01 6.55323148e-01 9.82652426e-01
    1.43431723e-02 8.60674560e-01 8.82000148e-01 4.04239863e-01
    4.89070177e-01 6.20902836e-01 3.49754751e-01 2.78917611e-01
    8.04430723e-01 7.73428023e-01 5.55409074e-01 3.33218575e-01
    3.15047920e-01 4.54051495e-02 7.89699793e-01 7.35103250e-01
    5.13567388e-01 6.48978770e-01 7.36023486e-02 5.68585455e-01
    9.21605587e-01 9.16978478e-01 3.52674246e-01 8.37317824e-01
    2.69795895e-01 2.50523031e-01 6.33479834e-01 7.11506307e-01
    8.16037178e-01 1.87077165e-01 5.65513074e-01 2.26984918e-01
    4.53467548e-01 3.59234631e-01 9.69214201e-01 6.07782125e-01
    4.17032808e-01 1.01003051e-01 9.90330935e-01 8.18507135e-01
    1.38676494e-01 7.34219313e-01 9.63847637e-01 2.19004899e-01
    2.63536811e-01 5.04529476e-02 1.97491050e-03 8.10667753e-01
    4.92183656e-01 2.08192080e-01 9.15718198e-01 2.69116759e-02
    9.54388320e-01 6.82212770e-01 6.53711140e-01 5.64891040e-01
    4.33134317e-01 8.44976783e-01 1.39974028e-01 7.49929011e-01
    2.08271652e-01 5.03637254e-01 4.53566164e-01 5.91417968e-01
    5.16396105e-01 8.34336877e-03 7.05958962e-01 4.66220289e-01
    9.03312802e-01 1.76690936e-01 2.92409718e-01 1.03072286e-01
    2.68577397e-01 1.47204638e-01 5.42438388e-01 7.94266641e-01
    6.96468055e-02 4.75141525e-01 1.27607524e-01 6.08165026e-01
    7.91923702e-01 6.71717227e-01 8.47890019e-01 3.71095538e-02
    8.75222683e-01 7.01866806e-01 4.73088622e-01 8.52236509e-01
    1.18465513e-01 5.50134301e-01 5.25869846e-01 4.71180975e-02
    2.45702893e-01 4.95412946e-03 7.67151415e-01 3.80462289e-01
    5.82600415e-01 3.43289912e-01 1.49209380e-01 1.95591182e-01
    6.99128211e-01 9.04024482e-01 5.91858745e-01 6.54820383e-01
    1.33816153e-01 5.18077731e-01 4.27209616e-01 8.06046724e-01
    3.72073472e-01 8.46790433e-01 6.29299641e-01 4.55827117e-02
    8.91993880e-01 1.57083064e-01 2.44846761e-01 9.99047577e-01
    9.25568819e-01 9.57341433e-01 6.22890174e-01 3.26828241e-01
    9.62875783e-02 4.68287587e-01 9.98484612e-01 9.98530328e-01
    8.48304033e-01 1.86502367e-01 3.34454685e-01 6.71308994e-01
    8.94311011e-01 8.03267837e-01 2.94467807e-01 5.96329927e-01
    5.60720265e-02 1.78002417e-01 4.32715684e-01 6.28303945e-01
    9.17227149e-01 4.69181865e-01 1.28014356e-01 3.59540731e-01
    7.14112878e-01 8.63325655e-01 4.97392118e-02 1.52072787e-01
    2.18233705e-01 5.03708065e-01 3.98819447e-02 9.07397866e-01
    8.53476167e-01 9.27552283e-01 9.43346083e-01 1.46430731e-01
    4.75589275e-01 9.68309700e-01 9.54529524e-01 1.96875483e-01
    7.15115309e-01 1.37886882e-01 5.15448570e-01 8.76924038e-01
    4.06862557e-01 5.63579142e-01 8.32414865e-01 1.63364947e-01
    7.71669388e-01 2.54374534e-01 9.74315166e-01 1.14474833e-01
    4.42777067e-01 5.97166061e-01 5.74076056e-01 2.63675153e-02
    8.70623350e-01 8.31612587e-01 4.25721228e-01 7.42517650e-01
    3.94318789e-01 5.15875399e-01 5.92821479e-01 1.71215564e-01
    5.37541091e-01 1.54211313e-01 3.53755832e-01 4.70476091e-01
    7.71010339e-01 7.88081586e-01 1.21996015e-01 3.82347792e-01
    9.63691235e-01 7.07448065e-01 1.58764541e-01 6.41930580e-01
    2.38997281e-01 4.98235762e-01 9.02315140e-01 7.64862657e-01
    8.63629580e-03 1.34869814e-02 1.95285738e-01 3.21522623e-01
    1.65201515e-01 2.72493213e-01 4.70968872e-01 4.01471555e-02
    4.88567650e-02 3.48983169e-01 6.91890717e-01 1.35230243e-01
    4.03135508e-01 5.33777773e-01 8.84107053e-01 9.10775423e-01
    3.97921979e-01 3.77641439e-01 2.85906672e-01 1.84421331e-01
    1.48028135e-04 7.27235079e-01 6.51027918e-01 7.23549783e-01
    9.00093555e-01 1.28587812e-01 9.53832090e-01 1.89827740e-01
    7.75904655e-02 9.14043784e-01 9.00393426e-02 1.04327619e-01
    7.91682839e-01 6.72034740e-01 6.58282280e-01 2.33804971e-01
    9.06681776e-01 4.70884144e-01 1.98143154e-01 4.90901023e-01
    5.83978534e-01 5.03832400e-01 7.76711464e-01 8.62030387e-01
    3.15406203e-01 5.17978370e-01 6.95075870e-01 1.47068202e-01
    7.93241799e-01 9.41834331e-01 1.35901064e-01 1.64187878e-01
    3.51385355e-01 3.24165881e-01 2.47016966e-01 9.43749070e-01
    6.34528577e-01 1.42529637e-01 9.47899222e-01 9.20532107e-01
    8.85075212e-01 9.79865670e-01 1.08893782e-01 7.17561722e-01
    8.46323907e-01 2.60412008e-01 2.98195422e-01 3.69335055e-01
    6.33170009e-02 7.37198591e-01 2.05010414e-01 6.99395120e-01
    5.07168055e-01 4.23657566e-01 1.77863449e-01 8.01019013e-01
    5.59198260e-01 7.70440102e-01 6.09439671e-01 2.64458507e-01
    6.60799205e-01 2.10547328e-01 5.48184276e-01 9.11192417e-01
    4.65925634e-01 9.16434884e-01 3.86769444e-01 5.40732026e-01
    2.59162515e-01 6.10366046e-01 5.90806067e-01 6.65016651e-01
    4.91964132e-01 8.63312721e-01 6.45123422e-01 1.00880116e-01
    5.25603771e-01 8.19042802e-01 2.75911361e-01 9.30295825e-01
    2.45519876e-01 9.83346701e-01 3.54198754e-01 1.63626075e-02
    4.43955719e-01 4.63600427e-01 3.00097704e-01 7.86681414e-01
    3.01554084e-01 7.83862770e-02 3.13100934e-01 2.06697077e-01
    2.22781092e-01 7.47915328e-01 4.73603696e-01 9.37931359e-01
    1.29268855e-01 8.22039485e-01 2.06980079e-01 2.84121305e-01
    4.45475340e-01 8.67440581e-01 2.65319765e-01 7.69794047e-01
    6.88317657e-01 8.56254995e-01 3.04230452e-01 4.71444100e-01
    8.00023794e-01 6.76253140e-02 2.31509864e-01 9.66903925e-01
    3.18108022e-01 4.85548377e-01 3.06750536e-01 8.19650114e-01
    1.54283851e-01 6.90688252e-01 9.76181328e-02 1.35735750e-01
    1.27302855e-01 1.23176873e-02 1.33250237e-01 9.18164372e-01
    2.97321439e-01 8.91025305e-01 4.88723218e-01 1.47164702e-01
    3.14832151e-01 9.28684354e-01 2.11083144e-01 3.51975977e-01
    9.16197896e-01 1.94604814e-01 8.61259222e-01 6.04607821e-01
    8.95223141e-01 8.99952888e-01 4.58810657e-01 6.11337423e-02
    3.61556768e-01 4.84879971e-01 2.82166064e-01 1.93472534e-01
    3.76425594e-01 7.71988153e-01 8.95272374e-01 9.10398901e-01
    5.90337992e-01 3.91697526e-01 1.39875799e-01 1.36928707e-01
    8.59211802e-01 9.50690150e-01 6.25199854e-01 9.83870089e-01
    4.57731992e-01 5.30724525e-02 6.89744234e-01 4.33353245e-01
    5.40220976e-01 9.64255929e-02 3.27967107e-02 8.27245355e-01
    8.69272828e-01 3.51309717e-01 7.97864676e-01 1.06517911e-01
    6.41056180e-01 9.10988450e-01 2.51790941e-01 7.58998275e-01
    2.37055182e-01 7.78014600e-01 7.52451777e-01 2.83892155e-01
    2.81890929e-02 9.78376508e-01 9.89675999e-01 4.38849270e-01
    9.89789963e-01 3.67974222e-01 2.69973695e-01 5.82703292e-01
    3.88335794e-01 9.06213582e-01 2.29484200e-01 5.63264489e-01
    5.82738757e-01 3.94047409e-01 7.44314671e-01 2.24700063e-01
    7.89338946e-01 4.58268523e-01 3.47424507e-01 6.10712051e-01
    7.78290153e-01 9.44633603e-01 2.77639627e-01 2.98847437e-01
    7.55736887e-01 9.30339158e-01 2.31761545e-01 4.06978220e-01
    5.68140447e-01 2.31196582e-01 6.48887098e-01 6.18615389e-01
    3.19023788e-01 3.80789936e-01 3.83956313e-01 9.94087934e-01
    9.17807281e-01 3.06779206e-01 2.13673085e-01 4.36295629e-01
    5.81578135e-01 9.63580966e-01 4.81120944e-02 8.53041530e-01
    3.42888296e-01 8.08272064e-01 3.51175725e-01 2.80410051e-04
    2.44196475e-01 9.33057904e-01 8.91779780e-01 3.46763790e-01
    2.65496373e-02 5.10664523e-01 6.48574650e-01 7.33743727e-01
    3.00132990e-01 8.44099224e-01 9.76657629e-01 6.82642400e-01
    8.01270306e-02 3.51082683e-01 5.60464561e-02 1.11327797e-01
    7.13953018e-01 7.00195312e-01 4.91045505e-01 3.86396289e-01
    7.55739450e-01 7.23483741e-01 2.92605937e-01 9.91785467e-01
    1.85162425e-01 6.70146048e-02 5.24038732e-01 9.36745942e-01
    8.31546783e-02 6.31849766e-01 8.35276484e-01 8.34842026e-01
    3.61309052e-01 9.45320845e-01 7.55206585e-01 8.24491978e-01
    5.86871505e-01 7.93270707e-01 6.70042992e-01 4.77621853e-01
    1.45200670e-01 4.10257846e-01 5.12819648e-01 9.17690516e-01
    2.36198246e-01 1.46921098e-01 5.33084571e-01 1.81743503e-02
    6.37614787e-01 8.56053114e-01 7.68456578e-01 4.36358631e-01
    8.07059884e-01 3.81471992e-01 5.66238105e-01 9.47854996e-01
    3.36647272e-01 3.79260600e-01 9.90766406e-01 8.47958684e-01
    7.73121834e-01 2.22941667e-01 2.83064723e-01 7.45094895e-01
    4.79400516e-01 3.29550207e-01 2.12001801e-01 4.30918634e-02
    1.40369564e-01 5.33124745e-01 2.33350426e-01 9.13235962e-01
    9.95398521e-01 6.13633931e-01 9.81149852e-01 9.47574794e-01
    5.98637938e-01 4.47565228e-01 3.05415690e-01 5.47133148e-01
    3.40320468e-02 6.29316568e-02 1.06724203e-02 3.38095486e-01
    7.54151940e-02 9.86458778e-01 8.66525650e-01 8.76668096e-01
    8.67365420e-01 4.25313175e-01 3.99040818e-01 1.53942078e-01
    6.68689847e-01 7.61998296e-01 9.74690676e-01 4.54136729e-03
    5.05993962e-02 9.33192015e-01 8.70965123e-02 3.33888531e-02
    5.90505183e-01 1.32781267e-02 8.79855275e-01 8.79855394e-01
    1.27890885e-01 6.91340923e-01 8.91494155e-01 3.81396234e-01
    6.68990552e-01 2.72085637e-01 3.51550639e-01 5.20556450e-01
    2.03359157e-01 5.53139448e-02 1.78260028e-01 6.41209900e-01
    8.67545605e-03 6.30607188e-01 6.38159513e-01 5.53987861e-01
    8.85274053e-01 5.43072343e-01 9.44221258e-01 2.82083750e-02
    5.67501545e-01 3.05304825e-02 7.01293170e-01 4.33240056e-01
    7.50408173e-02 8.11363995e-01 3.21839213e-01 6.12237394e-01
    5.49286425e-01 1.00597382e-01 8.89564872e-01 2.71099508e-01
    1.24980420e-01 4.63680655e-01 9.03005004e-01 6.89589918e-01
    9.94974852e-01 5.13512909e-01 7.09837198e-01 8.93365443e-01
    7.72876978e-01 5.94303966e-01 9.54186618e-02 8.38303089e-01
    9.60704207e-01 2.80645162e-01 5.21637201e-01 4.97203499e-01
    3.32617402e-01 9.45866823e-01 3.38638902e-01 5.17229199e-01
    8.55928063e-02 8.39956641e-01 6.42750204e-01 6.21931016e-01
    6.51493132e-01 8.12798500e-01 3.21330667e-01 1.77743435e-02
    2.78905630e-02 7.13311195e-01 1.73363388e-02 8.52624238e-01
    5.28516352e-01 6.09940469e-01 3.78507286e-01 3.55328441e-01
    2.24861890e-01 9.32828426e-01 1.08718425e-01 3.57738733e-02
    6.39410317e-02 2.89972723e-01 6.56681240e-01 2.49144673e-01
    5.34811676e-01 8.10985923e-01 6.00391567e-01 3.13469499e-01
    6.86018825e-01 8.17032695e-01 6.86782181e-01 2.91967690e-01
    7.20677495e-01 8.70277524e-01 9.31166053e-01 3.05295706e-01
    7.36702800e-01 4.65205163e-01 3.96906018e-01 8.83645177e-01
    2.71533787e-01 6.24601007e-01 6.98083162e-01 4.88801390e-01
    1.17269814e-01 9.07637358e-01 1.72675073e-01 3.07020009e-01
    5.60955405e-02 7.59977341e-01 2.34277844e-02 9.61316407e-01
    4.88972217e-01 4.03376579e-01 5.56687653e-01 2.85933375e-01
    9.24348116e-01 5.32769620e-01 7.90811062e-01 2.20251739e-01
    5.28040946e-01 2.50921845e-01 1.82102710e-01 8.58490229e-01
    8.85791183e-01 7.29936242e-01 6.21118426e-01 8.36710751e-01
    4.89830226e-01 1.91303104e-01 6.80876553e-01 2.58352399e-01
    3.02237809e-01 4.80565488e-01 5.52482903e-01 6.81448758e-01
    2.83159137e-01 9.10791039e-01 9.91169333e-01 4.74456489e-01
    3.57913256e-01 1.66847676e-01 2.97675967e-01 1.90012276e-01
    9.05816555e-01 4.32316333e-01 1.98439896e-01 4.57653135e-01
    9.22036648e-01 6.63539290e-01 1.65672213e-01 7.87820816e-01
    2.35650748e-01 3.41403961e-01 7.08761096e-01 5.58593333e-01
    6.17043197e-01 3.37636471e-01 3.11820865e-01 4.97495532e-01
    5.72514534e-01 6.86947882e-01 8.79181385e-01 2.90402561e-01
    2.34147519e-01 4.74449635e-01 5.13306379e-01 4.96797323e-01
    9.61266994e-01 4.74849433e-01 9.99102235e-01 1.12847626e-01
    5.16790926e-01 4.08351839e-01 9.93167639e-01 6.74517155e-01
    1.57835782e-02 4.56695765e-01 3.51219416e-01 3.65102768e-01
    9.48385119e-01 1.30716860e-02 3.12650919e-01 4.23705757e-01
    8.76714587e-02 8.82488787e-02 4.95398074e-01 5.01122177e-02
    9.12153363e-01 7.82024026e-01 1.87466145e-02 5.27304232e-01
    6.31861210e-01 5.36923468e-01 5.83133757e-01 4.25640285e-01
    2.23736614e-01 9.21096742e-01 4.43194479e-01 3.87889892e-01
    5.30361652e-01 8.85229588e-01 4.42795515e-01 2.51530170e-01
    7.63382792e-01 7.20995665e-01 7.96456873e-01 9.46195185e-01
    4.77457970e-01 5.00668943e-01 6.50835991e-01 3.08177173e-02
    7.49509215e-01 5.85373402e-01 5.99035859e-01 9.87958670e-01
    4.73726511e-01 1.48758769e-01 3.08070242e-01 8.94976377e-01
    8.87889743e-01 6.18655920e-01 8.62935781e-01 5.25171101e-01
    1.61953479e-01 1.25561982e-01 9.95896697e-01 1.55765980e-01
    9.59435940e-01 9.26221848e-01 4.40683186e-01 6.00582004e-01
    8.43607068e-01 5.20589590e-01 8.97973180e-01 7.22220302e-01
    1.57372892e-01 6.66353881e-01 2.72104800e-01 4.48387861e-02
    5.81709504e-01 2.16479093e-01 6.27187133e-01 5.43931723e-01
    2.68675804e-01 4.00127769e-01 1.12895906e-01 6.48727238e-01
    7.92774916e-01 5.97329736e-02 3.28089356e-01 9.83049989e-01
    5.52582622e-01 2.01181114e-01 7.67496228e-02 3.85754764e-01
    1.69759244e-01 8.47536862e-01 2.50001073e-01 1.57295406e-01
    1.07995719e-01 3.17109406e-01 4.62747455e-01 1.59335107e-01
    9.35621738e-01 8.63540173e-01 3.65198433e-01 9.70957637e-01
    7.59336829e-01 4.18828398e-01 6.50401831e-01 2.48807192e-01
    8.92899811e-01 6.60954118e-02 9.20436502e-01 9.01224136e-01
    4.03314441e-01 8.88843775e-01 9.63273942e-02 8.38028073e-01
    3.87133420e-01 1.30646914e-01 7.94275641e-01 1.45516813e-01
    1.53986216e-02 9.38455045e-01 4.14717376e-01 4.59880829e-02
    2.20657676e-01 5.44690132e-01 5.17838717e-01 5.68336785e-01
    6.47966206e-01 5.11387885e-01 6.08333647e-01 8.79458070e-01
    3.00272286e-01 5.45355022e-01 2.08487779e-01 6.98910058e-01
    8.03485572e-01 5.13073683e-01 1.04180008e-01 2.78749466e-01
    3.14945489e-01 8.15894067e-01 3.31280828e-01 3.27210188e-01
    1.03406489e-01 5.33188760e-01 1.51516199e-01 5.80816090e-01
    1.52788430e-01 5.71971536e-01 4.00896072e-01 4.00417864e-01
    3.64765286e-01 5.70914984e-01 5.88434935e-01 1.49913132e-02
    7.83383131e-01 9.20067370e-01 7.56611526e-01 2.80360937e-01
    9.83505249e-01 6.20847106e-01 2.27057308e-01 3.45824182e-01
    5.61229348e-01 8.96217883e-01 4.97222662e-01 1.19822413e-01
    9.03311014e-01 7.48484433e-02 3.05204034e-01 3.62424016e-01
    1.63840741e-01 3.38028878e-01 4.03596461e-01 6.74289346e-01
    6.70587361e-01 3.47394526e-01 5.75466871e-01 6.07080579e-01
    5.76014876e-01 4.00195003e-01 1.03673846e-01 6.29715383e-01
    5.52641153e-01 4.89812315e-01 5.56338727e-02 1.10965282e-01
    8.72332752e-01 5.55853128e-01 8.14248800e-01 8.30824614e-01
    5.19261539e-01 5.13466358e-01 7.18305111e-01 8.47632766e-01
    6.33903503e-01 1.45502239e-01 5.31112731e-01 1.41648471e-01
    6.21860087e-01 7.61925697e-01 1.33782893e-01 2.76003897e-01
    3.71673107e-01 5.60578287e-01 3.94807696e-01 7.69183338e-02
    8.12383056e-01 7.13275611e-01 4.08142298e-01 5.17131925e-01
    3.33563983e-01 7.85315275e-01 6.81756496e-01 5.26648343e-01
    8.33197236e-02 7.01576233e-01 9.98357177e-01 3.85752201e-01
    8.38400006e-01 2.07974970e-01 3.19410264e-01 6.36217892e-01
    7.92987227e-01 9.56594110e-01 1.49063766e-01 8.91390502e-01
    6.31894588e-01 9.71388698e-01 2.38823116e-01 7.44112432e-02
    1.44633323e-01 4.06410098e-02 1.10601068e-01 8.97930980e-01
    2.32310832e-01 6.34694695e-01 1.03717357e-01 2.14394957e-01
    1.03591591e-01 6.34225249e-01 9.94932175e-01 7.22430646e-01
    1.73123807e-01 8.87631059e-01 1.34084463e-01 1.55896693e-01
    8.76478910e-01 2.14185447e-01 5.82061291e-01 1.36212766e-01
    9.07074809e-01 5.94862521e-01 7.54451156e-02 5.32475352e-01
    6.32077754e-01 5.72633386e-01 6.96510196e-01 5.95588863e-01
    6.39616609e-01 7.42910147e-01 3.83934706e-01 5.28544188e-01
    6.36885047e-01 2.61152297e-01 9.24151838e-01 6.57721519e-01
    1.05620950e-01 2.68116593e-02 8.70054424e-01 9.92406309e-01
    3.45545471e-01 9.87772167e-01 7.73465633e-01 8.81083727e-01
    7.22420871e-01 4.25225705e-01 2.01693505e-01 1.87848777e-01
    8.23719740e-01 1.27318829e-01 1.27779096e-01 6.36717379e-02
    2.75327682e-01 5.88069618e-01 3.11602890e-01 9.17876363e-01
    4.36752915e-01 1.01068288e-01 2.25068867e-01 7.05538988e-02
    4.93034512e-01 9.59866762e-01 7.90558457e-01 4.65597481e-01
    7.61726797e-01 2.07669288e-01 8.26949120e-01 6.53479695e-01
    5.31045020e-01 5.07751048e-01 9.02882814e-01 5.39680421e-02
    2.97854245e-01 9.37546372e-01 9.55585063e-01 6.74285829e-01
    8.41433048e-01 9.62665260e-01 7.64954805e-01 2.04893321e-01
    8.81727934e-01 1.64409637e-01 2.28337497e-01 9.01438713e-01
    5.37350595e-01 8.76235962e-01 8.35445285e-01 2.86420405e-01
    4.32736993e-01 9.79001164e-01 6.78366065e-01 4.81069803e-01
    5.99343896e-01 4.79663908e-01 5.05972385e-01 1.33160174e-01
    6.58106565e-01 4.72319990e-01 6.07312918e-01 6.47765994e-02
    5.92929840e-01 6.46416843e-02 6.07662618e-01 3.67112577e-01
    4.62129593e-01 9.29756761e-01 3.85605901e-01 3.30318987e-01
    9.46303308e-02 6.97796464e-01 2.31244326e-01 4.99203086e-01
    1.55997366e-01 5.26844740e-01 4.90407676e-01 5.96884489e-01
    4.48543787e-01 5.11664808e-01 7.88290918e-01 1.25366777e-01
    1.82863086e-01 2.52929628e-01 3.59429598e-01 8.62731934e-02
    3.09603989e-01 5.07532477e-01 9.60995615e-01 2.87923336e-01
    3.10054779e-01 6.42263114e-01 3.15563381e-01 2.06875771e-01
    2.40026087e-01 1.05472028e-01 7.36090839e-02 6.56837463e-01
    2.26600319e-01 8.36296082e-02 6.18653059e-01 2.26271898e-01
    1.66529238e-01 3.63257825e-02 5.15357435e-01 8.28387380e-01
    7.52535582e-01 9.74437594e-03 1.93172902e-01 1.30211383e-01
    8.40557873e-01 4.09835577e-03 3.23404551e-01 8.56334150e-01
    9.52127576e-01 3.22690070e-01 6.13793910e-01 8.36637378e-01
    1.33920372e-01 5.40155947e-01 2.40408391e-01 3.23982358e-01
    2.15948284e-01 4.20751214e-01 1.89448655e-01 3.99391651e-01
    5.11083484e-01 7.87490964e-01 3.25387061e-01 2.35733688e-01
    3.76054466e-01 1.30930483e-01 4.29044485e-01 6.39332652e-01
    6.60243154e-01 8.81322920e-01 7.23308325e-02 9.72932458e-01
    6.67499423e-01 7.57203639e-01 8.03740978e-01 5.54210663e-01
    8.04516435e-01 3.37920308e-01 9.19573009e-01 4.15168345e-01
    4.68753070e-01 7.66712487e-01 8.30638766e-01 9.56355572e-01
    5.44381320e-01 3.91931474e-01 8.83569598e-01 8.16416740e-01
    7.20716119e-02 6.51367068e-01 3.84443045e-01 8.65514278e-01
    8.66576910e-01 8.76011193e-01 7.37866521e-01 2.00102895e-01
    7.52813101e-01 8.85815024e-01 5.19367456e-01 2.25034386e-01
    9.03602123e-01 6.62561476e-01 5.20101130e-01 4.16012198e-01
    6.69817984e-01 1.62113816e-01 5.06219923e-01 9.18006957e-01
    5.53251982e-01 4.08767104e-01 6.13732040e-02 6.08244538e-03
    8.40593755e-01 9.72868621e-01 6.22590423e-01 8.04067492e-01
    8.68251085e-01 6.11958683e-01 4.59358633e-01 9.56420481e-01
    9.60265696e-02 7.24483192e-01 4.91607964e-01 6.32051706e-01
    6.05517685e-01 7.24155188e-01 9.95589375e-01 9.27602172e-01
    5.79741597e-02 4.33652222e-01 3.65597606e-02 8.37198615e-01
    6.89417183e-01 4.29863602e-01 2.25932866e-01 6.07077122e-01
    9.05592680e-01 5.92907369e-01 8.92309785e-01 5.39911985e-01
    1.34360999e-01 2.77116597e-01 8.10484648e-01 6.34016037e-01
    9.49045181e-01 9.77355957e-01 4.56991404e-01 7.96645522e-01
    4.23140526e-01 6.40914202e-01 3.13206017e-02 5.40725112e-01
    8.57855201e-01 9.75695372e-01 2.77238011e-01 2.99817324e-01
    8.10968339e-01 6.04932725e-01 6.59585595e-01 9.38870788e-01
    4.76376235e-01 5.01727164e-01 8.71286392e-01 3.23788166e-01
    8.89147282e-01 1.59479171e-01 4.15300220e-01 4.06250685e-01
    5.39134026e-01 5.90559840e-01 1.23715997e-02 9.64461684e-01
    2.24914819e-01 1.71342492e-03 4.62979048e-01 5.58524847e-01
    6.07385039e-01 5.04778504e-01 5.81466436e-01 4.15966749e-01
    9.91103888e-01 3.35007906e-01 6.57603979e-01 5.86428404e-01
    3.03055942e-02 1.44051671e-01 7.45476484e-01 5.43209016e-01
    8.07771325e-01 5.41247547e-01 3.81793112e-01 3.71746749e-01
    3.38172913e-01 4.27799761e-01 2.26922005e-01 6.99669838e-01
    8.28549981e-01 4.92469549e-01 7.27291107e-02 7.28177190e-01
    4.85969573e-01 7.08390832e-01 6.45951331e-02 6.12693727e-01
    1.73429459e-01 4.07967538e-01 8.95409703e-01 7.08136678e-01
    2.17147321e-01 1.04514062e-02 8.24004054e-01 9.72420096e-01
    4.20150757e-02 3.13330770e-01 5.73079884e-02 4.22516227e-01
    9.03226614e-01 8.19641531e-01 2.28995770e-01 9.94558454e-01
    4.22375679e-01 6.56756401e-01 6.06064796e-01 1.50034785e-01
    9.51537013e-01 5.48135757e-01 4.45365250e-01 5.85107863e-01
    1.66083694e-01 1.42829001e-01 2.71279454e-01 9.18914974e-01
    1.26165479e-01 1.25229686e-01 1.90837085e-02 1.28769428e-01
    8.25046539e-01 5.73998392e-02 9.01947737e-01 9.17332590e-01
    1.09781981e-01 6.91126585e-02 8.40918541e-01 2.41425037e-02
    4.03398663e-01 8.44909906e-01 8.40117931e-01 1.26902014e-01
    3.44929993e-02 4.16915923e-01 8.10039282e-01 4.84245747e-01
    4.61420417e-02 5.50215900e-01 7.29763150e-01 8.88825655e-01
    8.71106803e-01 2.99336374e-01 1.00323319e-01 1.89832389e-01
    1.99054360e-01 7.81440616e-01 7.11939156e-01 9.73261952e-01
    8.64959180e-01 4.93850470e-01 8.01588535e-01 7.60015130e-01
    7.59512186e-01 9.70912218e-01 5.25955319e-01 6.43141985e-01
    9.94297266e-02 9.75999832e-01 2.44042188e-01 7.11512566e-01
    2.82828987e-01 1.55212373e-01 5.12368321e-01 5.88242590e-01
    2.69434690e-01 3.41198742e-01 2.37623453e-01 3.11159760e-01
    7.27971077e-01 7.11854279e-01 8.17132294e-01 5.82200527e-01
    8.58231306e-01 5.25050342e-01 1.75283641e-01 1.52044237e-01
    3.71132672e-01 2.25115329e-01 3.63475084e-02 7.31995463e-01
    2.68256366e-02 8.52476358e-02 6.96024358e-01 1.36477798e-01
    2.05048352e-01 5.04779458e-01 8.15207601e-01 9.68766332e-01
    1.14092231e-03 3.63899410e-01 8.92607212e-01 8.10061574e-01
    8.47274423e-01 6.37967885e-01 8.37262273e-01 1.42682940e-01
    9.52848077e-01 7.18218386e-02 1.33154929e-01 7.21747100e-01
    4.40965891e-01 9.46071267e-01 8.18920851e-01 4.45943028e-01
    9.45198894e-01 2.06566215e-01 7.62788773e-01 6.22341394e-01
    5.00477135e-01 3.60608667e-01 4.74040717e-01 9.73018169e-01
    9.64910984e-01 8.42964172e-01 5.39709926e-02 3.43446255e-01
    1.65647954e-01 2.79576451e-01 1.62663549e-01 9.99710679e-01
    4.18168783e-01 7.34191298e-01 7.18537569e-02 2.90543735e-02
    1.94155186e-01 1.63303673e-01 1.31643742e-01 6.11523092e-01
    2.16346622e-01 5.64036608e-01 4.09459889e-01 7.12475657e-01
    8.49268675e-01 5.74513018e-01 9.15748954e-01 7.78233647e-01
    8.16235244e-02 8.99438858e-02 6.66245818e-01 6.97265148e-01
    5.79658389e-01 7.82527924e-01 1.58680528e-01 5.02221763e-01
    8.28498483e-01 4.24865156e-01 8.13995719e-01 7.11570323e-01
    6.13988817e-01 8.25421929e-01 6.15566432e-01 3.28751594e-01
    8.70806336e-01 1.84576511e-01 1.45631313e-01 6.48008168e-01
    6.26023173e-01 6.12818122e-01 4.70088094e-01 1.47519737e-01
    9.38410759e-02 6.17111027e-01 8.14827144e-01 4.63783205e-01
    4.25559372e-01 1.33669257e-01 2.84631997e-01 6.41087294e-01
    4.23681617e-01 3.39664817e-02 3.96726906e-01 7.67602921e-02
    8.36102247e-01 7.98795819e-01 2.06501245e-01 9.44053471e-01
    6.60895705e-01 3.50997478e-01 6.96875811e-01 4.33792949e-01
    4.31799948e-01 3.41205359e-01 4.85546768e-01 6.12863779e-01
    6.34540617e-01 6.88457131e-01 3.96602541e-01 1.14619881e-01
    9.47979987e-02 7.28853941e-01 2.39450723e-01 3.29490960e-01
    4.36022907e-01 3.84357512e-01 1.11219585e-02 3.00425529e-01
    4.78714973e-01 3.71988416e-01 7.32820332e-02 6.10329390e-01
    5.58795154e-01 5.47278523e-01 4.95753676e-01 2.81174570e-01
    1.15711540e-01 8.18038285e-02 1.50347382e-01 9.82455909e-02
    9.97822762e-01 2.61093616e-01 9.90259171e-01 1.25908613e-01
    8.66930842e-01 1.71225071e-01 8.12484980e-01 9.39344764e-01
    7.97326326e-01 9.99852896e-01 6.36029005e-01 2.82553673e-01
    5.44754326e-01 6.14473701e-01 9.90622938e-01 2.72592127e-01
    2.93634593e-01 3.25374365e-01 2.28954405e-01 2.22502887e-01
    7.69155443e-01 8.10706913e-02 6.06312871e-01 2.47454137e-01
    6.40037537e-01 5.38682759e-01 3.81764919e-01 1.00028813e-01
    7.32495785e-01 7.84153283e-01 5.78519702e-03 6.44003570e-01
    4.79864031e-01 4.89945024e-01 6.42246962e-01 9.96719599e-01
    9.01924312e-01 1.85009003e-01 6.46027446e-01 8.69642615e-01
    8.30929399e-01 1.33717924e-01 4.53504831e-01 5.09091914e-01
    7.04743803e-01 4.84269291e-01 8.38845193e-01 9.98779535e-01
    8.39014053e-01 7.50598550e-01 7.18588054e-01 3.37894976e-01
    5.45574009e-01 3.99190933e-01 7.12922215e-01 5.98231912e-01
    9.89898801e-01 1.96960092e-01 2.25330859e-01 6.01351142e-01
    6.06792748e-01 6.68120384e-02 8.70046854e-01 8.29630494e-01
    3.27355117e-01 2.86909938e-03 8.31251502e-01 1.93226337e-02
    4.80708480e-03 9.77384567e-01 4.46954161e-01 7.73005605e-01
    4.02747720e-01 2.63944656e-01 4.03043419e-01 6.54679775e-01
    6.96518302e-01 3.76369655e-01 2.45265186e-01 3.51625085e-02
    5.73448241e-01 2.02900171e-03 9.88381445e-01 7.59808183e-01
    3.19442838e-01 1.23392731e-01 8.13478351e-01 1.11930013e-01
    3.63784730e-02 8.30394268e-01 2.67067701e-01 9.64821041e-01
    2.82239020e-01 9.68284965e-01 6.13958001e-01 1.81054890e-01
    8.04427028e-01 3.52628946e-01 9.75698650e-01 6.98024929e-02
    1.54992014e-01 2.74294257e-01 7.32671797e-01 8.56725812e-01
    9.01649237e-01 1.09405607e-01 8.55173349e-01 6.65504575e-01
    6.47921205e-01 3.32088649e-01 7.40447402e-01 4.52211440e-01
    7.06956446e-01 9.01537538e-01 1.36833191e-01 8.10182214e-01
    2.72478461e-02 1.02788806e-02 3.70572031e-01 9.32966709e-01
    6.32304132e-01 3.02757025e-01 1.84295058e-01 5.25265038e-01
    2.15150893e-01 8.53873253e-01 3.88084650e-02 6.98485970e-01
    5.68220317e-01 3.19862366e-02 7.48770535e-01 6.53431654e-01
    2.17406273e-01 6.17280722e-01 5.93443990e-01 7.69956350e-01
    8.07429254e-02 8.79461765e-02 5.71415126e-02 7.32131302e-01
    6.68479383e-01 4.25890446e-01 3.81406099e-01 7.71481574e-01
    4.77215260e-01 9.63360548e-01 3.32024097e-01 3.13447267e-01
    5.24703443e-01 8.90257716e-01 6.55449748e-01 3.69876862e-01
    3.48203331e-01 8.86238098e-01 7.13901639e-01 4.98011708e-01
    5.26257575e-01 9.97318268e-01 7.07451701e-01 6.27051294e-01
    6.38805687e-01 2.92223215e-01 4.00909662e-01 2.17676371e-01
    7.28088498e-01 8.58562708e-01 8.03038538e-01 3.87047380e-01
    6.78948343e-01 1.81912124e-01 3.75646651e-01 7.85199165e-01
    8.10046315e-01 8.15164328e-01 2.63324559e-01 5.73495984e-01
    1.28896981e-01 9.02850866e-01 3.90277028e-01 3.08056056e-01
    8.05522501e-01 7.86169529e-01 2.33749986e-01 6.75012708e-01
    6.24789596e-01 6.59531415e-01 9.44441974e-01 5.03516018e-01
    5.34935057e-01 7.50012398e-01 8.70824277e-01 4.56621587e-01
    3.70043516e-03 7.29696929e-01 2.06505954e-01 2.25191981e-01
    9.34634805e-01 8.70389938e-01 1.58571333e-01 9.14559603e-01
    8.16806912e-01 5.58834612e-01 2.69650310e-01 9.03850913e-01
    8.79183471e-01 5.94877124e-01 4.68017131e-01 3.50070894e-02
    6.73213303e-02 3.72557461e-01 7.13043809e-01 6.23299062e-01
    3.86115730e-01 4.67977852e-01 5.52390218e-02 2.26373494e-01
    5.78537583e-02 1.38052970e-01 7.09533453e-01 4.30872142e-01
    3.90360177e-01 9.88756299e-01 9.33674693e-01 5.57437003e-01
    3.56028676e-01 6.86142504e-01 3.96345496e-01 5.27938306e-01
    1.67062402e-01 2.17848301e-01 3.83401364e-01 2.55185068e-02
    5.28039575e-01 8.24752450e-01 9.78330255e-01 9.59784627e-01
    1.27422899e-01 8.51207495e-01 4.01673317e-01 3.49108100e-01
    4.68941838e-01 2.90204048e-01 3.69020343e-01 6.07158720e-01
    4.40172642e-01 7.04724133e-01 6.80186808e-01 8.93512845e-01
    3.10796857e-01 6.40132904e-01 3.11807752e-01 2.88791776e-01
    1.02518559e-01 7.12773263e-01 6.33910179e-01 5.36506772e-01
    6.38700008e-01 4.10123885e-01 5.28827965e-01 4.19344515e-01
    6.50922835e-01 5.03751338e-01 3.10854077e-01 2.94049203e-01
    7.45365024e-03 9.16310191e-01 1.95522249e-01 9.35106099e-01
    6.27142489e-01 3.33774269e-01 4.99744415e-02 5.31511903e-02
    6.22089565e-01 7.43557811e-02 8.47995043e-01 4.97529417e-01
    8.62476230e-03 4.49012101e-01 9.79762077e-01 7.40561187e-02
    2.57546604e-02 8.74876738e-01 5.33737838e-01 5.18912077e-02
    8.78307343e-01 9.79721427e-01 4.12452430e-01 4.64023232e-01
    7.46892095e-01 7.11696208e-01 7.62483120e-01 9.44193602e-02
    4.78169024e-01 9.61987972e-01 9.08411562e-01 4.66496855e-01
    1.98657185e-01 1.95936143e-01 1.54496610e-01 4.25928473e-01
    5.22513628e-01 2.91690230e-02 8.39422464e-01 7.04749823e-02
    7.14718342e-01 8.45776081e-01 2.22257555e-01 5.89318693e-01
    9.78962421e-01 9.48211432e-01 4.81814682e-01 5.12054861e-01
    7.52440870e-01 6.21425748e-01 5.70304990e-01 3.05680335e-01
    6.04850948e-02 2.28060246e-01 3.69656980e-01 7.61298537e-01
    8.91255498e-01 4.58902955e-01 4.06420767e-01 8.18691492e-01
    6.87822044e-01 8.57734144e-01 5.09547889e-02 3.17138046e-01
    8.95091951e-01 9.72429514e-01 2.34538317e-01 2.85906255e-01
    6.94868565e-02 2.91986644e-01 7.39991486e-01 3.01908702e-01
    7.67183542e-01 3.71766806e-01 3.35127354e-01 3.81176829e-01
    9.06036198e-02 6.62476420e-01 3.67149472e-01 6.92576945e-01
    8.28154087e-01 7.65596747e-01 2.90741593e-01 2.28504986e-01
    7.62281477e-01 9.93911624e-02 1.62995636e-01 5.25551140e-02
    1.04649991e-01 5.60728431e-01 8.79724205e-01 9.88640189e-01
    8.29479456e-01 4.69621718e-01 7.28964210e-01 6.55752420e-03
    5.68441391e-01 2.41302609e-01 2.86510646e-01 6.99554801e-01
    5.84790349e-01 6.92798197e-01 8.46678436e-01 7.18191981e-01
    5.22027731e-01 8.63841474e-01 3.32684517e-01 7.63145983e-02
    6.12028360e-01 6.26802146e-01 5.27898490e-01 8.73298585e-01
    6.06609762e-01 8.77110958e-01 7.72457480e-01 3.56745481e-01
    5.02461910e-01 1.66064411e-01 7.80782461e-01 8.21572244e-02
    4.80393350e-01 1.03842884e-01 3.40463936e-01 3.89040351e-01
    1.52701735e-01 7.28436828e-01 2.23604888e-01 5.52838862e-01
    2.48255253e-01 8.26226294e-01 1.71780020e-01 2.20181674e-01
    4.13208455e-01 9.25584018e-01 3.48816216e-01 2.41484702e-01
    4.77760822e-01 4.43890244e-01 7.81926513e-03 7.19062090e-01
    8.51523519e-01 5.63611388e-01 1.27716362e-01 6.38927221e-01
    2.22964972e-01 9.06577945e-01 7.26235807e-02 9.56464410e-01
    1.43961728e-01 7.04866767e-01 4.87003088e-01 3.94154996e-01
    6.68622613e-01 3.93039316e-01 2.35715508e-02 7.02631772e-02
    1.81793183e-01 2.96675742e-01 2.37690210e-02 7.75927544e-01
    2.93005139e-01 9.20656621e-01 4.96787488e-01 8.33237171e-01
    6.04470670e-01 5.52313805e-01 7.11041927e-01 3.13259184e-01
    7.26186812e-01 3.55064422e-01 1.30929291e-01 2.45279014e-01
    9.70297456e-01 9.57128465e-01 1.58088297e-01 7.41136312e-01
    1.01679206e-01 1.96589261e-01 9.79892552e-01 5.05312979e-02
    9.59382415e-01 9.60106850e-01 2.06586152e-01 4.51695979e-01
    5.42642772e-02 5.16242325e-01 1.55175120e-01 2.27203906e-01
    5.13271272e-01 2.36684889e-01 6.87552929e-01 5.99860251e-01
    2.88039714e-01 6.49478734e-01 3.12454224e-01 1.22809917e-01
    2.71768093e-01 3.13444138e-01 8.01457882e-01 7.45772421e-02
    8.90317261e-02 3.45964909e-01 2.05741078e-01 9.18597579e-01
    4.11413908e-01 1.08208448e-01 5.67816854e-01 7.54678726e-01
    5.76655507e-01 8.31782460e-01 7.58918405e-01 3.07649314e-01
    5.65273404e-01 2.97706425e-01 7.98346639e-01 3.48768234e-02
    1.56145632e-01 8.12903941e-01 1.89950854e-01 1.86623067e-01
    3.91075015e-03 7.16035247e-01 2.73833871e-01 7.12061644e-01
    1.59821868e-01 6.08071327e-01 6.48053527e-01 4.08986598e-01
    7.78230667e-01 5.74020386e-01 5.14951408e-01 9.00643468e-02
    1.02411658e-01 8.35569024e-01 1.41983807e-01 5.17341495e-01
    2.61518031e-01 6.27776027e-01 1.11044019e-01 5.72539091e-01
    1.16804838e-01 3.90211970e-01 3.77177179e-01 9.56561685e-01
    1.94815367e-01 7.45972574e-01 7.98905969e-01 7.50972688e-01
    2.27842242e-01 7.55846024e-01 3.13686460e-01 2.10358709e-01
    8.49367857e-01 1.35887235e-01 6.59784377e-01 6.22233748e-02
    1.74912661e-01 9.73317027e-01 7.52933025e-02 7.35807419e-03
    1.21853977e-01 1.29058301e-01 8.81607533e-01 2.36342192e-01
    8.34326148e-01 5.75829744e-01 1.07963383e-01 7.60000944e-01
    3.37938905e-01 9.48793888e-01 6.34290099e-01 8.89470875e-02
    8.64381373e-01 1.43797070e-01 2.11841285e-01 8.50810409e-01
    8.84027719e-01 3.55173051e-01 3.90623748e-01 5.19678593e-01
    5.76540768e-01 9.66342449e-01 6.10256791e-01 9.32810783e-01
    1.03863269e-01 4.29128736e-01 1.49130702e-01 6.23307645e-01
    6.76759243e-01 4.10778105e-01 3.07458252e-01 7.12989151e-01
    3.22717011e-01 6.91682577e-01 7.55343437e-02 8.69042158e-01
    9.59838390e-01 6.33001089e-01 1.20110273e-01 1.44654036e-01
    7.64288366e-01 1.17549062e-01 8.09036374e-01 4.71298099e-01
    6.31099820e-01 7.83412516e-01 6.72844052e-02 8.58436525e-01
    1.33946002e-01 1.52561575e-01 8.42977583e-01 6.46231949e-01
    4.62280631e-01 8.42051744e-01 9.88812983e-01 1.73782170e-01
    2.48964936e-01 8.69338274e-01 6.86402142e-01 6.11421525e-01
    8.10445249e-02 9.96369958e-01 7.01016009e-01 4.60980475e-01
    3.94638479e-02 7.97330976e-01 2.93003172e-01 9.22529817e-01
    7.97696114e-01 6.10617518e-01 6.06969655e-01 2.58994401e-02
    4.62724984e-01 1.30605698e-02 2.40748256e-01 8.09929371e-02
    6.22783601e-02 6.08483553e-02 1.43630117e-01 3.17093849e-01
    4.48447466e-01 9.59307730e-01 7.36896038e-01 6.87973022e-01
    1.13208979e-01 2.90575951e-01 7.73549676e-01 5.38646698e-01
    4.08737153e-01 9.29210424e-01 8.79562318e-01 1.53703392e-01
    6.60470545e-01 1.15529835e-01 4.84977663e-02 1.59940898e-01
    6.43698990e-01 7.93269157e-01 4.06548142e-01 6.47687912e-02
    2.02920914e-01 4.91491407e-01 8.43924165e-01 3.06489885e-01
    9.05463696e-01 6.06074929e-01 9.71250772e-01 6.25965476e-01
    4.85591531e-01 7.19198942e-01 7.83543468e-01 2.16986239e-02
    2.13269293e-02 7.63074160e-01 1.88604891e-01 3.92516911e-01
    1.22204095e-01 8.72223496e-01 1.30139887e-01 1.23632848e-02
    3.41820925e-01 7.31903911e-01 6.64034903e-01 2.70832777e-01
    9.06342804e-01 1.04802936e-01 4.40844119e-01 6.40274525e-01
    8.10553312e-01 6.18102551e-01 2.20998228e-02 2.18045950e-01
    5.13543844e-01 1.28299087e-01 3.30610365e-01 9.59164619e-01
    4.55546528e-01 5.56737483e-01 4.50360775e-03 6.07195854e-01
    3.12969983e-01 6.41201615e-01 6.93268597e-01 9.37873125e-01
    7.07446218e-01 2.13708550e-01 9.66751754e-01 3.17448944e-01
    8.67368221e-01 5.24469078e-01 4.82619584e-01 5.47295928e-01
    9.62793887e-01 7.81627059e-01 9.27930593e-01 9.96430397e-01
    4.67885703e-01 4.55449820e-01 4.31458831e-01 2.00525194e-01
    3.42525423e-01 1.80440843e-01 7.44467735e-01 2.89738655e-01
    7.30303049e-01 7.11893737e-01 1.60511643e-01 3.47486675e-01
    2.11893886e-01 4.97145355e-01 3.41527700e-01 6.84079587e-01
    7.13171303e-01 1.27115250e-01 2.96201468e-01 9.59060073e-01
    4.24561262e-01 9.20359910e-01 8.65809202e-01 8.11521530e-01
    2.05758572e-01 8.89363766e-01 1.63228512e-01 9.99228358e-01
    7.58825541e-02 6.14253521e-01 2.44594961e-01 9.51337218e-01
    6.06084585e-01 9.72986579e-01 4.65976477e-01 9.99693632e-01
    6.59688711e-01 1.27167970e-01 5.23476183e-01 1.27018511e-01
    9.15612221e-01 3.08883131e-01 5.66652060e-01 2.84646064e-01
    5.87246418e-01 4.01514262e-01 6.31833434e-01 6.05065942e-01
    7.61175811e-01 5.73455393e-01 9.04512882e-01 4.02978659e-01
    7.05960274e-01 5.09529352e-01 4.29235727e-01 7.20881224e-01
    8.62253308e-01 3.63070101e-01 7.68130064e-01 6.97427511e-01
    1.55052930e-01 9.33184981e-01 6.41229272e-01 9.10860896e-01
    1.08793020e-01 4.48364019e-02 4.27628428e-01 5.05793095e-02
    3.85117888e-01 1.81822240e-01 6.41191840e-01 2.01140225e-01
    7.62581944e-01 2.46818244e-01 9.13829207e-01 8.13027382e-01
    8.61981511e-01 4.99586016e-01 6.87435985e-01 4.46197093e-01
    2.05488205e-02 5.43809474e-01 4.50281978e-01 2.66966462e-01
    7.37024546e-01 8.47562194e-01 1.24382615e-01 7.27240443e-01
    2.65923351e-01 1.27328426e-01 1.79396570e-01 4.37550366e-01
    8.81817937e-01 8.54903579e-01 6.06163740e-02 5.35884261e-01
    4.98425961e-03 2.98232436e-02 7.15895414e-01 6.31694078e-01
    5.22987664e-01 8.55626345e-01 1.37155950e-02 1.89998925e-01
    1.66274965e-01 9.02065873e-01 2.58474827e-01 1.88177735e-01
    8.97785783e-01 3.88110012e-01 2.84810543e-01 7.41248608e-01
    6.83373094e-01 4.80718136e-01 7.05283940e-01 1.95731699e-01
    3.92365813e-01 6.30219102e-01 4.34343785e-01 6.39407158e-01
    9.32666481e-01 1.03131264e-01 2.90239215e-01 6.48311317e-01
    8.14568222e-01 2.30508536e-01 9.32470560e-01 1.29915893e-01
    8.73483181e-01 4.75214958e-01 8.66239190e-01 9.99098182e-01
    7.73039341e-01 9.31168139e-01 6.96147084e-01 5.64095080e-01
    8.35768104e-01 6.18552446e-01 7.87138879e-01 7.92108893e-01
    2.87629664e-02 3.50583732e-01 4.26197231e-01 7.08545446e-01
    4.11039293e-01 7.00306594e-02 4.28949594e-02 6.86390996e-02
    7.64577031e-01 7.08847046e-02 1.31231248e-02 2.97559083e-01
    6.67297602e-01 3.12848091e-01 7.69283116e-01 6.28030241e-01
    3.93679559e-01 9.67398882e-01 7.98317552e-01 3.64533961e-01
    7.59629130e-01 6.30613267e-01 3.50201428e-01 4.75221217e-01
    1.76296413e-01 7.08801389e-01 3.27872247e-01 1.66951090e-01
    1.96939558e-01 4.30889189e-01 4.36432123e-01 2.62498558e-01
    9.85456586e-01 5.48836529e-01 9.33906198e-01 1.29352212e-01
    4.27459925e-01 4.57460016e-01 5.99867344e-01 8.59009385e-01
    5.92374504e-01 4.72054839e-01 3.46760213e-01 5.53261161e-01
    3.15087855e-01 6.66915536e-01 9.12139058e-01 9.26009774e-01
    5.36233485e-02 6.62356019e-01 3.86579603e-01 6.12632453e-01
    9.18143153e-01 6.16154313e-01 4.57601309e-01 4.90160942e-01
    5.09082794e-01 5.84852695e-01 2.31679350e-01 9.88099217e-01
    6.05943441e-01 7.11026073e-01 4.72728789e-01 8.27007532e-01
    9.90677595e-01 9.21445310e-01 5.75096548e-01 8.88280272e-01
    7.41339445e-01 8.87367129e-03 4.71130192e-01 4.71106291e-01
    8.73371005e-01 9.31986690e-01 3.26451659e-02 1.64445937e-01
    7.42817700e-01 6.44920886e-01 8.64621401e-01 2.08085299e-01
    2.06720233e-01 4.96503890e-01 9.90608633e-02 5.28465748e-01
    1.18826210e-01 1.94329679e-01 4.15387690e-01 5.58739126e-01
    3.98928136e-01 3.38888645e-01 5.73174059e-02 8.71044874e-01
    8.99005771e-01 2.06435263e-01 8.52350652e-01 4.17741507e-01
    3.59877408e-01 2.56603420e-01 4.26253200e-01 5.73384047e-01
    4.06564236e-01 5.70771098e-03 8.46970499e-01 7.59838521e-02
    2.10013032e-01 2.68465340e-01 3.56555104e-01 9.80437756e-01
    3.79385650e-01 8.78300548e-01 7.10277915e-01 7.07118869e-01
    6.02776766e-01 6.49625957e-01 5.35705090e-01 3.06579351e-01
    5.61789215e-01 1.27083987e-01 8.24353516e-01 7.01253295e-01
    1.27335489e-01 3.95638227e-01 2.68918514e-01 1.39685839e-01
    9.31791306e-01 2.42129475e-01 4.47901994e-01 4.43905294e-01
    2.56188452e-01 7.12244868e-01 2.78373331e-01 6.35051966e-01
    8.40313673e-01 1.50292099e-01 2.70360112e-01 9.29055214e-01
    2.52585471e-01 3.84338856e-01 9.06254709e-01 5.27276874e-01
    8.06856036e-01 4.85634208e-01 5.74111581e-01 4.58486676e-01
    9.49740410e-03 4.83675301e-02 7.07157671e-01 7.26449072e-01
    6.22844756e-01 6.11643970e-01 5.34719646e-01 9.20337677e-01
    4.39454019e-02 1.34690732e-01 5.17894983e-01 2.08662391e-01
    4.54321206e-01 5.39320111e-02 6.70866787e-01 3.20444107e-02
    5.71988940e-01 7.37208247e-01 8.40565681e-01 3.02998722e-02
    8.92293513e-01 3.09341133e-01 9.58234966e-01 1.16972864e-01
    2.47820020e-01 7.23871708e-01 5.50305188e-01 9.38486338e-01
    9.29371834e-01 4.84226346e-01 9.00222957e-01 8.08284879e-02
    6.81479692e-01 7.23102331e-01 2.80941159e-01 5.33431172e-01
    2.15947807e-01 6.12734854e-01 4.39502716e-01 1.17507696e-01
    9.89350319e-01 6.91182733e-01 5.81282556e-01 7.62349129e-01
    9.88597512e-01 5.83920538e-01 9.91114676e-02 8.31187129e-01
    6.05099559e-01 4.81226563e-01 1.90222263e-03 3.25455666e-02
    7.86505878e-01 5.68258882e-01 1.05106324e-01 1.20115966e-01
    7.64880061e-01 4.29643214e-01 1.43809438e-01 9.87269759e-01
    8.78304660e-01 1.77636147e-02 1.49182260e-01 1.57761872e-01
    1.61707133e-01 1.76359266e-01 4.41649139e-01 3.79815727e-01
    6.99247122e-02 4.41883326e-01 1.46799177e-01 1.63730800e-01
    7.54016519e-01 9.05966341e-01 3.35659087e-01 5.37500978e-01
    9.74884033e-02 6.80634379e-01 5.12462497e-01 1.27754509e-02
    8.68620455e-01 9.16822433e-01 4.92112160e-01 7.92832077e-01
    2.65768170e-02 3.21181417e-02 8.24712515e-02 8.97771358e-01
    6.02790356e-01 3.79953444e-01 1.96997076e-01 4.22816128e-01
    7.41273761e-01 9.70045328e-01 2.20510185e-01 1.28172040e-02
    7.60242939e-01 2.78906465e-01 5.05347550e-01 1.16596460e-01
    5.48682988e-01 2.88576186e-01 6.84492350e-01 5.68476379e-01
    4.24519569e-01 9.78536844e-01 4.64317560e-01 3.61497462e-01
    2.50560641e-02 7.67832637e-01 8.80098283e-01 1.28625393e-01
    1.69836819e-01 3.77542973e-02 3.49310100e-01 5.81716537e-01
    1.82022452e-01 9.00311828e-01 4.79584694e-01 9.55552459e-02
    6.89878702e-01 1.91148728e-01 3.35742354e-01 5.66103160e-01
    8.13730597e-01 1.92135572e-01 9.87363636e-01 5.44030070e-02
    5.18611848e-01 6.20824337e-01 5.82817972e-01 5.86153567e-02
    5.58318555e-01 4.35507625e-01 2.73970485e-01 4.34635282e-02
    3.21589261e-01 1.73439801e-01 7.83647895e-01 1.44285560e-01
    7.44114161e-01 2.23095745e-01 2.85493761e-01 8.12386036e-01
    5.42052388e-01 6.46047831e-01 2.00267941e-01 2.83261925e-01
    8.03675056e-01 3.96946102e-01 1.79779083e-01 5.21509051e-01
    2.89641380e-01 6.64385915e-01 4.08228904e-01 7.85496652e-01
    2.44351715e-01 2.76798546e-01 9.72261548e-01 9.15792406e-01
    8.51657748e-01 6.39323592e-01 8.85674238e-01 7.48749137e-01
    4.12059337e-01 2.56346494e-01 2.67164499e-01 7.00318873e-01
    8.56353641e-01 4.37201470e-01 5.15716195e-01 6.72545910e-01
    7.62685418e-01 1.21542782e-01 3.27963412e-01 3.71173292e-01
    1.80282891e-02 3.91526312e-01 5.51611483e-01 7.32299626e-01
    1.12522602e-01 1.29420727e-01 3.13424349e-01 2.73536503e-01
    2.63396919e-01 9.42859173e-01 1.78809315e-01 3.96291792e-01
    7.33917952e-01 6.86346233e-01 7.11168587e-01 6.65019214e-01
    1.08288258e-01 4.48976040e-01 2.42448866e-01 5.27988791e-01
    3.14605594e-01 2.43683606e-01 3.26588959e-01 6.59197867e-01
    7.22766876e-01 9.48560596e-01 2.45688170e-01 9.62266326e-01
    7.54564881e-01 9.89149213e-02 3.37591171e-01 4.77526873e-01
    1.72118813e-01 2.38386720e-01 4.59585756e-01 2.44298846e-01
    9.48933065e-02 8.97413611e-01 5.53734064e-01 9.53191161e-01
    5.91090679e-01 4.03357506e-01 6.94001794e-01 1.40669942e-02
    6.97498560e-01 7.15016007e-01 5.38770795e-01 8.95130515e-01
    3.30537260e-01 7.41402507e-01 4.36078340e-01 4.19139475e-01
    1.05422139e-02 2.76995927e-01 2.02849746e-01 8.79127383e-02
    3.62016439e-01 9.49498713e-01 2.53252685e-01 1.21765971e-01
    2.64634371e-01 1.99252546e-01 2.30670422e-01 4.97765720e-01
    6.15923703e-01 3.07934523e-01 7.31847405e-01 6.59404397e-01
    8.87267411e-01 3.91699672e-01 1.00665450e-01 6.22752845e-01
    5.58675230e-01 8.31707954e-01 1.98313802e-01 1.88725919e-01
    8.18054616e-01 2.72565901e-01 6.31677628e-01 6.00027442e-01
    9.48151112e-01 7.76384592e-01 6.39239013e-01 6.75884426e-01
    2.59785354e-02 8.87359858e-01 7.83811092e-01 5.05102694e-01
    4.72621650e-01 2.55233288e-01 1.74004614e-01 4.16301399e-01
    9.55092549e-01 9.66727793e-01 5.60418785e-01 4.72469240e-01
    2.73156345e-01 6.50064528e-01 4.54797596e-01 9.49851871e-01
    6.61988258e-02 7.82927513e-01 7.29601264e-01 5.25214553e-01
    5.35341322e-01 6.60486281e-01 8.81601095e-01 2.49931723e-01
    5.56191802e-01 3.43708038e-01 7.38659561e-01 3.10924351e-01
    7.52930284e-01 6.64848506e-01 1.87855482e-01 3.12775850e-01
    6.33103490e-01 3.31548512e-01 1.42522365e-01 3.56107771e-01
    7.67405748e-01 6.41041994e-01 7.47869909e-02 9.81468797e-01
    9.06813741e-02 7.31796384e-01 7.14197993e-01 6.22503340e-01
    9.20834422e-01 2.40892678e-01 1.19421571e-01 2.68212557e-02
    6.87271118e-01 5.67322254e-01 8.72561097e-01 4.80163872e-01
    4.38441753e-01 8.64151597e-01 1.18980974e-01 1.82546705e-01
    2.91351855e-01 3.71545404e-01 7.50714183e-01 1.39219761e-02
    9.36602354e-01 4.11617935e-01 2.23893136e-01 1.78037941e-01
    9.24416542e-01 6.74635708e-01 2.22744763e-01 3.47689986e-01
    4.19598818e-03 4.52679455e-01 6.73055410e-01 7.14000881e-01
    7.03644753e-02 4.43306983e-01 2.52408028e-01 6.31900132e-02
    4.34542716e-01 7.73951769e-01 1.45157963e-01 9.57548618e-01
    5.10024130e-01 8.59664798e-01 2.91258961e-01 2.88568318e-01
    3.87614787e-01 5.60364544e-01 5.87035060e-01 2.39049733e-01
    5.20405233e-01 9.21133757e-01 7.06878304e-01 3.22857738e-01
    4.62778658e-01 3.91764998e-01 3.94513726e-01 3.03554237e-02
    4.40892935e-01 6.60712361e-01 1.99915320e-01 3.44703555e-01
    4.96305048e-01 7.65785336e-01 8.14346075e-01 3.73977035e-01
    8.52230430e-01 5.58008313e-01 9.67666924e-01 9.53345895e-01
    2.02278942e-01 4.94924754e-01 8.38136673e-01 2.97039747e-02
    2.48644918e-01 5.80154359e-01 7.26978660e-01 8.02254736e-01
    8.30183864e-01 5.97437024e-02 8.46733451e-02 5.09674132e-01
    9.86012936e-01 7.52252221e-01 2.00001448e-01 1.92364633e-01
    5.92361093e-02 3.17186892e-01 6.35031164e-01 5.82946420e-01
    7.51942396e-01 5.48550665e-01 5.57439268e-01 9.07031298e-01
    4.67694312e-01 7.92400718e-01 6.89410627e-01 5.15272975e-01
    1.23604566e-01 2.63305247e-01 1.63394183e-01 9.53246355e-02
    7.64378428e-01 3.22616398e-01 9.66029525e-01 6.14971519e-01
    7.29596674e-01 6.93777800e-01 6.98871017e-02 1.13927811e-01
    7.16250956e-01 4.94510293e-01 6.96538091e-02 5.81541896e-01
    4.00672555e-01 9.82591510e-01 5.61043382e-01 8.07182193e-01
    4.93595600e-02 9.77129698e-01 2.22525120e-01 7.91428566e-01
    5.03867209e-01 8.22777569e-01 6.92145526e-01 6.20046794e-01
    4.75106984e-01 7.79250026e-01 2.95271575e-02 6.39123142e-01
    6.99105918e-01 8.50331068e-01 5.38686514e-01 3.39556158e-01
    7.87748814e-01 3.58703285e-01 1.10417843e-01 3.10289979e-01
    7.01694012e-01 3.33117604e-01 4.10437882e-01 7.37928092e-01
    8.86616349e-01 7.60340154e-01 3.18456292e-02 7.13826120e-01
    2.58164108e-01 2.40281969e-01 4.26822722e-01 2.72262424e-01
    6.63792133e-01 2.66178638e-01 4.66355383e-01 7.93969452e-01
    7.71285057e-01 9.45667267e-01 8.07488859e-02 2.30812252e-01
    4.66015816e-01 9.43537951e-01 2.54064471e-01 5.54854810e-01
    4.39847320e-01 7.09955633e-01 6.03690147e-01 2.87328184e-01
    2.02687621e-01 3.09596241e-01 7.33936071e-01 8.68843079e-01
    4.52979177e-01 8.34685504e-01 1.45344615e-01 9.35817122e-01
    4.08871889e-01 2.40030289e-01 9.70148683e-01 7.78629184e-01
    9.71725345e-01 6.15707695e-01 5.96554399e-01 9.71688867e-01
    5.76569736e-02 3.63387406e-01 3.53195369e-01 1.14049315e-01
    5.82289457e-01 5.98374367e-01 9.74873066e-01 1.28067344e-01
    2.43278295e-01 2.19950140e-01 5.70202112e-01 7.91785419e-01
    2.81562984e-01 4.64963078e-01 8.84687781e-01 7.75373101e-01
    5.42396307e-01 7.12098300e-01 5.46559572e-01 7.25809813e-01
    3.87036949e-01 1.83008671e-01 7.35379577e-01 8.84440780e-01
    6.30845785e-01 9.24632430e-01 8.89970362e-02 1.24753267e-01
    8.15980673e-01 3.40823114e-01 4.51970130e-01 7.09699512e-01
    1.38091803e-01 8.02339911e-02 2.40314931e-01 1.47540867e-01
    1.31511241e-01 2.63249695e-01 8.55471373e-01 5.40031850e-01
    6.61712885e-03 5.36622524e-01 1.80071831e-01 3.43452185e-01
    6.81026280e-01 5.31191230e-02 9.02764082e-01 4.10954714e-01
    8.17408085e-01 2.92370081e-01 5.49605429e-01 6.98314667e-01
    6.83795929e-01 7.66349673e-01 5.66915989e-01 9.12405550e-01
    7.46371984e-01 7.54205883e-01 3.82482678e-01 6.33581519e-01
    4.31899726e-01 7.54447639e-01 2.11194515e-01 2.24567771e-01
    1.37099892e-01 5.15040278e-01 9.97461319e-01 7.68131852e-01
    5.56388557e-01 4.93036836e-01 2.37660944e-01 1.13078564e-01
    2.16033608e-01 4.52099353e-01 5.77284515e-01 5.45192480e-01
    3.78164113e-01 3.73837769e-01 4.15061325e-01 7.66128302e-04
    3.90166938e-02 2.14276880e-01 7.17109084e-01 9.34555769e-01
    5.72990358e-01 6.51704907e-01 6.24912381e-01 1.59405082e-01
    6.90257728e-01 7.38692880e-02 5.25456071e-02 4.04767185e-01
    6.69160783e-01 9.38389063e-01 4.37180221e-01 5.37412107e-01
    5.62020957e-01 3.70810002e-01 6.24463260e-02 1.83522701e-03
    5.91010332e-01 7.07313418e-01 2.44435728e-01 9.27637577e-01
    6.17561340e-01 8.83213520e-01 9.67616439e-01 8.77068281e-01
    2.31720209e-01 9.44104433e-01 1.43999040e-01 8.79340470e-02
    1.56834036e-01 1.20243430e-03 7.11871266e-01 9.56339717e-01
    5.91229618e-01 2.07521975e-01 2.21416473e-01 2.30030358e-01
    4.91530329e-01 5.25972724e-01 5.43003678e-02 5.43359578e-01
    8.33271980e-01 7.62401044e-01 8.66598725e-01 6.47710919e-01
    4.62632835e-01 7.28583634e-01 2.22432435e-01 4.03555602e-01
    4.65595633e-01 7.10021734e-01 8.27554226e-01 8.30910802e-01
    2.38548815e-02 4.25183594e-01 5.01192927e-01 5.37664473e-01
    9.55910385e-01 4.10923004e-01 7.19811738e-01 1.56764328e-01
    3.44768584e-01 3.49884331e-01 3.06345403e-01 6.23619676e-01
    1.91956997e-01 9.79866862e-01 6.30459011e-01 5.19187152e-01
    9.73724246e-01 6.78870559e-01 2.62280583e-01 2.45335191e-01
    2.21753657e-01 9.67992067e-01 4.03212786e-01 5.73807240e-01
    5.03951609e-01 3.11226904e-01 9.11892831e-01 2.98346758e-01
    7.91227460e-01 4.02502775e-01 9.30035233e-01 8.01736772e-01
    6.87258840e-02 4.37228799e-01 5.60396910e-03 1.92808002e-01
    9.54814970e-01 9.84782219e-01 1.21096283e-01 3.69803846e-01
    7.29266703e-01 5.62192202e-01 6.82324529e-01 7.11060941e-01
    6.35960877e-01 3.50753039e-01 8.51721406e-01 5.59107065e-01
    4.34911549e-01 5.85127831e-01 4.67003733e-01 4.56562221e-01
    6.96070135e-01 4.12896127e-01 1.79968715e-01 3.51405829e-01
    5.42520881e-01 4.92521316e-01 5.08499742e-01 4.88418937e-01
    5.56987822e-02 9.94352460e-01 1.20812654e-02 1.82723403e-01
    2.43562192e-01 6.96467757e-02 6.66565299e-01 4.14906591e-01
    9.87329483e-01 9.34533417e-01 1.04964405e-01 4.42013919e-01
    8.03054094e-01 9.15511727e-01 7.48075008e-01 3.31653863e-01
    5.92962027e-01 5.74541330e-01 3.69075596e-01 9.92069125e-01
    8.27336848e-01 1.77950352e-01 4.73059565e-01 8.19129348e-01
    2.60173202e-01 6.35535896e-01 9.77700353e-02 8.02017570e-01
    7.26656139e-01 3.19779277e-01 4.53210294e-01 3.29271734e-01
    2.86690056e-01 5.01102865e-01 9.72772241e-01 4.31625307e-01
    1.72003776e-01 1.33925915e-01 6.79980993e-01 5.72031319e-01
    5.93015552e-01 4.26772922e-01 4.65816379e-01 1.60819411e-01
    6.48722410e-01 2.70440906e-01 9.50742722e-01 9.91603851e-01
    7.33762801e-01 8.35412860e-01 2.98723280e-02 8.16206574e-01
    1.27882570e-01 9.67595637e-01 2.78239220e-01 1.37584805e-02
    3.28963637e-01 5.06619155e-01 4.14065003e-01 2.88046777e-01
    4.77387637e-01 2.34349132e-01 5.77713251e-02 3.75675976e-01
    6.06256604e-01 6.25880659e-02 9.53269601e-02 3.52833629e-01
    7.83334374e-02 6.20098472e-01 4.28250372e-01 4.24136996e-01
    3.49823087e-01 5.43245018e-01 6.74671054e-01 3.18131953e-01
    1.01419389e-01 7.79175043e-01 8.81287456e-01 4.70365644e-01
    6.23314202e-01 3.15660924e-01 8.49605322e-01 7.55415738e-01
    8.21099281e-01 2.77129471e-01 7.95626640e-02 4.47658598e-01
    4.94210035e-01 7.42776155e-01 8.36275816e-01 5.90099871e-01
    4.69754338e-01 8.11559737e-01 5.35144985e-01 3.26065928e-01
    4.80800033e-01 7.17431068e-01 3.92309397e-01 9.60384071e-01
    5.08310020e-01 9.06354547e-01 2.36401707e-01 6.67255521e-01
    3.25976729e-01 2.51778245e-01 2.73486972e-01 6.88156605e-01
    4.99776363e-01 3.66465569e-01 6.33882046e-01 4.18651432e-01
    3.59318852e-01 3.77978295e-01 2.53492445e-01 4.38733667e-01
    6.51724100e-01 6.81769311e-01 3.30678105e-01 3.24880868e-01
    7.33698428e-01 4.45077240e-01 4.89268661e-01 7.58410454e-01
    3.44234943e-01 7.01421976e-01 4.14761096e-01 8.89285445e-01
    6.17296517e-01 1.01219475e-01 8.67483020e-02 8.69144559e-01
    4.53571260e-01 4.51195538e-01 9.46896553e-01 4.64019656e-01
    9.51940536e-01 5.62192321e-01 2.44054615e-01 3.59162986e-01
    4.49137092e-01 7.27660179e-01 5.48125803e-01 3.62763345e-01
    9.21626687e-01 8.82351279e-01 1.03534043e-01 3.39822531e-01
    6.24460876e-02 9.51083481e-01 3.13877314e-01 1.08986527e-01
    6.47896647e-01 9.89821315e-01 2.35506594e-02 6.50117159e-01
    5.12153745e-01 8.73982310e-01 5.90688705e-01 5.04263461e-01
    7.96780050e-01 4.02902424e-01 8.25225472e-01 7.55806565e-01
    8.00134063e-01 6.83773398e-01 7.85883844e-01 1.26420557e-02
    9.94515419e-01 5.89195192e-01 4.46746260e-01 2.34306633e-01
    4.86384809e-01 9.25874829e-01 6.07541144e-01 3.38410527e-01
    3.99204850e-01 9.65066195e-01 7.75978565e-01 1.27368897e-01
    9.18241262e-01 3.39966714e-01 5.06066978e-01 6.00460172e-03
    5.97575009e-01 3.32264513e-01 1.59897953e-01 3.35794151e-01
    7.34797120e-01 9.52345490e-01 2.60214806e-01 8.04296017e-01
    6.51257098e-01 9.58499670e-01 3.05709243e-02 5.08053303e-02
    4.94824827e-01 5.20290852e-01 8.06592822e-01 4.99866009e-02
    3.25892448e-01 6.60910964e-01 6.22952104e-01 1.21241093e-01
    2.44089037e-01 2.86826491e-01 2.48168558e-01 4.86076206e-01
    2.37149805e-01 2.54466057e-01 4.13148999e-01 1.55908853e-01
    9.94287670e-01 4.80805129e-01 8.09522629e-01 8.46101165e-01
    4.98294830e-02 4.95149016e-01 8.18128586e-01 6.04542494e-01
    8.06791663e-01 8.08743238e-01 2.67698765e-01 6.12818897e-01
    8.25336218e-01 3.71451169e-01 7.13560343e-01 7.87482977e-01
    7.93569624e-01 1.17624342e-01 2.29392439e-01 3.06546926e-01
    2.65490860e-01 8.55477870e-01 7.10839748e-01 6.42352462e-01
    8.95006418e-01 5.48038661e-01 7.68175840e-01 5.22601247e-01
    6.14233255e-01 6.11892819e-01 7.89906621e-01 8.06601942e-02
    7.94992805e-01 5.24930358e-01 5.03466487e-01 7.65416026e-01
    6.58916891e-01 2.11039603e-01 1.53716654e-01 1.33244693e-01
    3.30847442e-01 9.64795172e-01 8.23634267e-01 7.52646565e-01
    7.85363019e-02 8.51101816e-01 7.45674074e-01 6.75898194e-02
    9.42696035e-01 2.36912966e-01 4.13630366e-01 9.78290796e-01
    4.33309674e-01 2.14475602e-01 9.47529674e-01 4.47168469e-01
    2.48637348e-01 6.01715207e-01 5.42945743e-01 4.55476820e-01
    7.62815237e-01 2.27617562e-01 7.23237872e-01 2.91531742e-01
    5.93613446e-01 3.36428612e-01 3.34202468e-01 3.48158062e-01
    2.50581920e-01 8.57315183e-01 3.96016419e-01 2.74568558e-01
    9.28976297e-01 7.89081335e-01 8.38468254e-01 1.98292673e-01
    3.87702554e-01 2.21881479e-01 8.21685135e-01 1.03567541e-01
    3.44136119e-01 7.79637933e-01 7.71887660e-01 3.68723780e-01
    1.17749929e-01 9.15419936e-01 8.32441449e-01 2.11582363e-01
    7.09980369e-01 5.01792192e-01 5.37662387e-01 2.88982034e-01
    3.12524348e-01 7.48697698e-01 9.57193673e-01 7.32851624e-01
    3.62766892e-01 1.36081904e-01 1.08000845e-01 4.34716642e-02
    5.04481614e-01 5.30593276e-01 4.30780083e-01 4.89476323e-01
    5.21379530e-01 2.61747837e-03 6.93134427e-01 9.30233300e-01
    5.99057674e-02 8.71530771e-02 1.03763312e-01 2.23469824e-01
    2.08675206e-01 5.54625928e-01 7.17900634e-01 6.11298442e-01
    8.63224804e-01 1.53181672e-01 9.33064222e-01 3.51807654e-01
    9.24313366e-01 2.10667461e-01 7.60679424e-01 8.03731441e-01
    7.03866899e-01 9.45826411e-01 3.64230007e-01 2.72096694e-01
    8.33322883e-01 9.54661667e-01 7.06029773e-01 8.70106220e-02
    8.94554019e-01 3.54710221e-01 1.14333779e-01 1.28381103e-01
    5.27459621e-01 9.68438208e-01 6.89054310e-01 2.89508849e-01
    6.67348504e-03 5.55595517e-01 4.89022642e-01 8.47136915e-01
    4.63384032e-01 3.67563486e-01 5.13686955e-01 8.94611597e-01
    5.30903816e-01 8.62587988e-01 3.29316765e-01 7.49222577e-01
    5.96792638e-01 3.83198380e-01 4.17873085e-01 2.82919109e-01
    7.93596447e-01 7.46411264e-01 8.43621492e-01 3.07188094e-01
    7.42084503e-01 2.35987604e-02 5.00303090e-01 3.52876455e-01
    8.89353633e-01 2.72944778e-01 1.79161429e-01 2.30071753e-01
    8.97396445e-01 7.93205142e-01 4.22001302e-01 1.32241249e-01
    7.38111019e-01 8.84553790e-01 9.38425064e-01 8.07109475e-01
    9.98800993e-01 4.01604742e-01 3.18554938e-01 2.69428253e-01
    2.48828977e-01 6.59016967e-01 1.04388088e-01 1.14041448e-01
    3.24718297e-01 2.71257460e-01 1.57029688e-01 7.61914670e-01
    2.97397912e-01 2.02695817e-01 8.79851341e-01 5.69527447e-01
    6.10062003e-01 1.94621950e-01 9.01567936e-01 6.73612714e-01
    6.75681531e-01 6.12603128e-02 7.27070630e-01 3.85823339e-01
    6.99515283e-01 6.69749141e-01 5.47483206e-01 9.39367056e-01
    7.18644321e-01 7.45895445e-01 8.16532969e-01 9.18329000e-01
    1.14035040e-01 7.97969162e-01 7.11947680e-01 4.92323250e-01
    2.45554686e-01 6.84211552e-02 3.51278484e-01 4.86906648e-01
    5.48905909e-01 2.37339556e-01 7.77114630e-01 8.93466115e-01
    7.13133395e-01 2.46411026e-01 1.37900859e-01 5.81215739e-01
    6.60655141e-01 4.82471615e-01 8.17664802e-01 9.76671576e-01
    9.65306759e-01 5.47802448e-01 3.65218997e-01 8.84946585e-02
    7.03053117e-01 7.60875821e-01 5.65532386e-01 3.12247813e-01
    2.24017859e-01 6.49978399e-01 7.62198865e-02 4.75422502e-01
    3.73407006e-01 3.73783231e-01 3.66711736e-01 6.65972650e-01
    7.36514211e-01 7.00349629e-01 6.20075166e-01 4.02256429e-01
    7.47854888e-01 8.19806337e-01 2.51150846e-01 2.80791402e-01
    2.12560087e-01 9.44127202e-01 7.44138181e-01 9.30924356e-01
    3.87100756e-01 7.16908872e-01 9.42822814e-01 4.64437544e-01
    5.45018017e-01 7.69257426e-01 4.04634982e-01 4.18615907e-01
    1.80282891e-02 6.47508264e-01 5.09661496e-01 4.94460583e-01
    3.06880951e-01 3.88611555e-02 8.09253693e-01 3.81357551e-01
    2.58346707e-01 9.71170664e-01 9.88878369e-01 6.83383524e-01
    7.18607366e-01 3.17031145e-01 4.64354992e-01 6.45288229e-02
    7.64776945e-01 7.18991339e-01 2.52500921e-01 3.45332444e-01
    6.32952034e-01 8.37510109e-01 4.35002446e-01 4.84291941e-01
    3.03766012e-01 8.00460219e-01 5.07865012e-01 2.22109050e-01
    1.11604959e-01 6.02808595e-01 2.97204792e-01 9.90014315e-01
    3.38178575e-01 7.92746425e-01 5.55496573e-01 9.86788392e-01
    9.54264402e-01 1.73404336e-01 2.23622948e-01 4.34598804e-01
    9.85697269e-01 5.76864779e-01 9.46813524e-02 9.87067223e-02
    8.47534239e-02 5.97069979e-01 8.10469031e-01 6.73428059e-01
    7.51421988e-01 8.84841979e-01 6.67102456e-01 1.17076337e-02
    2.61981785e-02 1.83071852e-01 4.53723669e-01 6.99150085e-01
    2.97907740e-01 8.80163908e-01 5.55872738e-01 5.24135470e-01
    1.53196812e-01 6.76933765e-01 6.44091308e-01 2.41805047e-01
    3.96521479e-01 1.50719225e-01 7.21617103e-01 9.16091800e-01
    1.15701199e-01 8.59163523e-01 7.94041991e-01 3.02405775e-01
    5.36554754e-02 9.70955133e-01 7.85274506e-01 5.43036819e-01
    1.55562550e-01 1.39708936e-01 7.16203451e-02 8.62477720e-01
    6.93623126e-01 8.14603090e-01 7.89574802e-01 2.25114346e-01
    2.98074007e-01 5.99728942e-01 6.74870253e-01 8.05465400e-01
    4.20174778e-01 4.47366565e-01 7.45209217e-01 2.49018371e-02
    3.41611147e-01 7.25014746e-01 9.32745099e-01 1.07536167e-01
    1.86201155e-01 7.99332619e-01 8.33038688e-01 9.48689580e-01
    2.33004361e-01 9.33094501e-01 8.21530879e-01 3.56319785e-01
    2.77847767e-01 3.96509707e-01 4.05488610e-01 4.97075975e-01
    8.02939534e-01 5.56686103e-01 4.47646946e-01 3.37466598e-01
    2.28467166e-01 5.81777155e-01 5.75593770e-01 8.36595774e-01
    4.20024663e-01 9.74627495e-01 9.40450013e-01 6.83115602e-01
    2.24367976e-02 2.06614822e-01 6.39074266e-01 5.91828465e-01
    6.15906417e-01 2.90212810e-01 1.52394623e-01 8.46678257e-01
    2.12415218e-01 2.14501023e-02 3.20182115e-01 2.71625519e-02
    8.18734407e-01 3.56033444e-01 4.45764363e-01 4.51189101e-01
    8.64211082e-01 3.61561835e-01 7.04404175e-01 1.26719624e-01
    5.66138923e-01 4.16279674e-01 3.57222587e-01 8.08193922e-01
    1.20362282e-01 1.89674139e-01 4.94858414e-01 5.14799178e-01
    8.71142745e-01 2.69374669e-01 3.10952902e-01 4.45725739e-01
    5.98065615e-01 4.58696306e-01 4.34097290e-01 8.95749450e-01
    5.09080529e-01 2.34120488e-02 3.50306332e-01 3.71659458e-01
    4.76851523e-01 4.43205506e-01 2.18258291e-01 2.56851554e-01
    1.59245223e-01 7.42683887e-01 4.94851321e-01 4.03038859e-01
    9.34810519e-01 5.30720770e-01 5.39672613e-01 4.03513491e-01
    3.53792131e-01 7.76198268e-01 6.25795543e-01 6.18285179e-01
    7.44812250e-01 6.28098071e-01 6.58540905e-01 9.42823291e-01
    9.33767140e-01 6.36727810e-02 5.11126280e-01 8.16341758e-01
    5.52963197e-01 3.91574383e-01 2.77891934e-01 2.91112363e-02
    9.42870259e-01 2.51743674e-01 4.99742061e-01 7.79053271e-01
    9.82635856e-01 3.01481456e-01 6.23656631e-01 1.26278460e-01
    8.32775831e-02 7.35872090e-02 5.20694554e-01 4.52823073e-01
    9.90726352e-01 4.95134324e-01 5.45830011e-01 5.89035749e-01
    3.62196743e-01 8.03862453e-01 3.50203812e-02 5.18055379e-01
    6.63243592e-01 9.18491542e-01 3.99449080e-01 3.89753997e-01
    7.55213380e-01 7.57649064e-01 2.93990672e-02 8.19267631e-01
    2.76808619e-01 2.20921427e-01 6.00857139e-01 8.13279510e-01
    3.23841631e-01 5.41543126e-01 2.91433632e-02 5.35147309e-01
    5.24761438e-01 2.36855626e-01 3.58132660e-01 8.27235699e-01
    7.71259964e-01 6.17107630e-01 5.08994937e-01 4.99311775e-01
    5.98546326e-01 2.95969039e-01 3.96124661e-01 8.63361239e-01
    1.39589757e-01 6.40236676e-01 8.33690703e-01 1.01538450e-01
    5.05312026e-01 3.98983479e-01 6.41196728e-01 3.52606773e-01
    9.18340147e-01 7.26695418e-01 9.07079935e-01 3.70642424e-01
    6.80320501e-01 4.64298069e-01 7.65408874e-02 1.95869446e-01
    1.16867334e-01 5.17624736e-01 9.17194784e-01 9.20509994e-02
    2.88463056e-01 8.62167954e-01 8.85571361e-01 2.02993780e-01
    8.94328356e-01 1.05068386e-02 9.06046391e-01 5.11528015e-01
    5.22296309e-01 4.16418016e-02 7.06314981e-01 3.55463982e-01
    5.99774837e-01 3.30455422e-01 3.74244779e-01 4.42804605e-01
    3.05842757e-02 8.02927613e-01 9.88031328e-02 4.55617249e-01
    7.77599812e-01 6.40508950e-01 9.68110859e-01 4.69016999e-01
    9.00411904e-02 7.59862959e-02 3.85546923e-01 3.44539464e-01
    1.70589477e-01 5.92012107e-02 1.11383915e-01 4.14464444e-01
    9.87866640e-01 5.94993412e-01 8.02111983e-01 2.06448168e-01
    5.47230899e-01 4.64447945e-01 4.28369999e-01 8.54309320e-01
    2.06024349e-01 2.15382934e-01 1.61914229e-02 1.58265829e-01
    6.84814334e-01 9.76527929e-01 5.27795196e-01 2.64441282e-01
    8.43575299e-02 8.02874684e-01 6.96354508e-01 8.92321587e-01
    9.36551392e-01 2.29395986e-01 2.27514207e-01 4.05386686e-01
    6.83772326e-01 8.57356191e-01 6.22547209e-01 7.85444200e-01
    1.33837163e-02 6.09572351e-01 1.21606052e-01 1.64240420e-01
    1.48394674e-01 5.72918236e-01 7.40266740e-02 8.59468162e-01
    6.26672864e-01 8.33136916e-01 7.39387393e-01 8.05249095e-01
    1.94857657e-01 1.84785098e-01 7.40801156e-01 3.60318124e-01
    6.35548353e-01 2.76095301e-01 4.07709658e-01 5.29339910e-03
    1.08019322e-01 7.36752391e-01 9.18509007e-01 6.27981901e-01
    8.21607351e-01 8.87696743e-01 9.56713557e-01 8.63213003e-01
    8.86980295e-01 8.47267270e-01 9.03770387e-01 9.22327995e-01
    6.62434459e-01 9.53310370e-01 7.89307475e-01 7.01269686e-01
    5.83067536e-01 3.76764566e-01 6.72481358e-02 3.10620785e-01
    9.26623762e-01 6.21778905e-01 5.84654629e-01 6.40508533e-01
    3.18315506e-01 2.62953281e-01 1.83650106e-01 4.90445524e-01
    2.81256735e-01 9.49485302e-01 1.60993278e-01 6.84926629e-01
    3.70738000e-01 5.60023427e-01 5.61069906e-01 9.42342877e-01
    5.35561204e-01 6.01502001e-01 4.80362773e-02 1.98435783e-03
    8.72682452e-01 1.77456081e-01 6.78144813e-01 1.70204282e-01
    3.56741428e-01 4.44702476e-01 7.91359067e-01 8.88123393e-01
    7.37970948e-01 5.92457771e-01 4.08897877e-01 6.17900431e-01
    4.57741469e-01 8.23776960e-01 1.22092217e-01 4.46389586e-01
    5.98423839e-01 5.03791869e-02 7.02259779e-01 3.75695795e-01
    1.34534240e-02 3.31998289e-01 3.91335189e-01 9.40364540e-01
    8.10371041e-01 7.93016195e-01 4.02257055e-01 3.63996983e-01
    1.27049208e-01 4.59884644e-01 6.00021839e-01 6.25153542e-01
    8.32138836e-01 6.25709832e-01 7.99622774e-01 1.80260956e-01
    5.52541494e-01 4.81756449e-01 5.83044052e-01 2.15201467e-01
    6.99888408e-01 9.07062173e-01 5.91321409e-01 6.20795131e-01
    6.29052341e-01 7.26741731e-01 8.01628232e-01 8.61146331e-01
    5.26928306e-01 2.55799711e-01 6.59140050e-02 8.99947464e-01
    3.43567133e-03 5.41268110e-01 8.14884424e-01 3.06991041e-01
    2.25051403e-01 5.08670449e-01 4.89467353e-01 9.09740329e-01
    6.82095945e-01 1.51264042e-01 2.10928917e-02 1.22726053e-01
    3.16661000e-02 7.03038931e-01 1.12903953e-01 8.84611189e-01
    4.72905517e-01 9.30745482e-01 7.26464152e-01 8.14825416e-01
    2.96428919e-01 5.45057356e-01 9.38772738e-01 5.73961318e-01
    3.24393213e-01 9.73996520e-02 5.80209434e-01 3.38355124e-01
    8.30876291e-01 9.60141420e-02 6.13044024e-01 4.40852225e-01
    5.65805554e-01 7.43189096e-01 5.24220467e-01 8.75099957e-01
    9.32310045e-01 4.40673739e-01 8.98892283e-02 5.35374284e-01
    2.25123525e-01 5.75076818e-01 6.81096017e-01 5.21965921e-01
    9.53376293e-04 5.98673165e-01 2.88772076e-01 5.16304910e-01
    4.59312052e-01 7.23775864e-01 1.22750223e-01 7.54157901e-01
    1.25308782e-01 2.88693786e-01 2.81726360e-01 3.91109228e-01
    2.52806723e-01 2.73810029e-01 9.81951356e-01 5.24079561e-01
    7.96771169e-01 7.08003938e-01 2.20043659e-01 3.91915292e-01
    3.15358341e-01 2.19966471e-02 5.00634372e-01 4.15254474e-01
    1.86123550e-01 6.23882353e-01 1.49330527e-01 5.72231114e-02
    2.78998584e-01 7.24654198e-02 3.59062791e-01 7.23013937e-01
    9.52487707e-01 3.75768244e-02 1.06067896e-01 6.38379216e-01
    8.67316723e-01 9.91163492e-01 5.30405521e-01 5.83686948e-01
    2.29031116e-01 4.15133089e-01 1.59088492e-01 4.54852372e-01
    2.94585168e-01 6.08275712e-01 4.84389663e-01 6.93347096e-01
    8.78879011e-01 5.63347280e-01 5.91343641e-01 2.82751203e-01
    8.22017670e-01 5.79647303e-01 5.46818733e-01 2.73943216e-01
    5.98918796e-01 4.80654359e-01 2.59442985e-01 7.17173696e-01
    3.53858143e-01 6.37974143e-01 8.67677927e-02 8.13382030e-01
    9.16506052e-01 3.97655368e-01 6.35541022e-01 1.90001786e-01
    9.25517678e-01 6.37554228e-01 3.22691381e-01 8.14617991e-01
    8.50599766e-01 7.29417741e-01 9.15657818e-01 4.05026674e-01
    9.70498860e-01 7.09989250e-01 8.28038573e-01 2.93461293e-01
    6.49733305e-01 9.28702652e-01 3.70206088e-01 1.08465821e-01
    5.64969659e-01 4.62396830e-01 8.33193183e-01 4.73259449e-01
    2.21742690e-01 8.40344310e-01 3.15269053e-01 9.03647244e-02
    5.62589288e-01 2.74611950e-01 8.90674829e-01 2.13050514e-01
    1.32698983e-01 1.38288885e-01 4.48305607e-02 4.33874547e-01
    3.46072137e-01 4.37052786e-01 2.47832477e-01 4.82204348e-01
    6.42535627e-01 6.54204071e-01 4.94034231e-01 3.59006166e-01
    9.68999863e-01 7.13596046e-02 4.27214682e-01 2.67864585e-01
    1.40425563e-01 8.01919043e-01 2.65031338e-01 2.72612453e-01
    5.38784683e-01 4.31962132e-01 4.21064258e-01 8.20871115e-01
    6.37235761e-01 2.36137807e-02 2.20375717e-01 7.42834806e-02
    6.88327491e-01 6.14670217e-01 5.87948561e-02 7.06471562e-01
    4.67618018e-01 4.53581721e-01 7.56758749e-01 1.69338018e-01
    4.73858297e-01 7.49610662e-01 7.09191501e-01 8.51336956e-01
    1.29207850e-01 1.62970573e-01 5.69236457e-01 1.59294009e-02
    3.32800388e-01 1.70835674e-01 7.49847591e-01 6.44417942e-01
    8.22328389e-01 6.96386039e-01 8.62594843e-01 4.77830648e-01
    6.91450119e-01 6.02208138e-01 9.00460482e-02 5.96928298e-01
    8.15748274e-02 4.10227776e-01 2.31587261e-01 9.66929615e-01
    7.94328988e-01 3.83893788e-01 5.07416070e-01 4.64543760e-01
    2.93612838e-01 5.61663091e-01 9.10524487e-01 3.00934494e-01
    9.84133482e-01 8.54722023e-01 1.06520504e-01 6.49372339e-01
    7.34269083e-01 8.11541617e-01 1.27399117e-01 8.81453693e-01
    1.65647745e-01 8.11539471e-01 1.77693754e-01 7.00057983e-01
    7.33449459e-01 1.45199001e-02 1.33139819e-01 6.86342001e-01
    4.57114875e-01 6.11164093e-01 6.92442894e-01 4.13189858e-01
    1.59741551e-01 3.00118327e-03 9.66974616e-01 9.99607086e-01
    8.33080411e-01 4.17486429e-02 5.07146657e-01 5.00063777e-01
    9.61722791e-01 2.75251091e-01 7.72404075e-01 7.05078959e-01
    8.09017181e-01 8.57994914e-01 8.64833653e-01 3.51310074e-01
    2.17288494e-01 5.11804819e-01 5.22550583e-01 7.45983720e-01
    3.87226671e-01 1.16531581e-01 6.40917003e-01 2.77242512e-01
    8.22101474e-01 2.84932256e-01 5.87738276e-01 1.56119168e-01
    3.52520466e-01 3.42591465e-01 6.78121150e-02 6.31147683e-01
    1.61038756e-01 3.27765465e-01 5.03717721e-01 4.42469358e-01
    9.58249629e-01 4.30104226e-01 2.20622361e-01 8.46502542e-01
    4.86543566e-01 4.71604496e-01 3.42345476e-01 6.50037467e-01
    1.70470268e-01 8.49500000e-02 9.95293558e-01 4.46978152e-01
    9.34560239e-01 2.44137913e-01 7.17244148e-01 8.88958871e-01
    5.26607990e-01 2.27719277e-01 1.84808016e-01 6.44334197e-01
    9.69470203e-01 4.11482513e-01 4.83967334e-01 8.53927553e-01
    6.25346184e-01 5.18635154e-01 5.34445465e-01 3.62776399e-01
    7.32826293e-02 9.55646992e-01 7.96261907e-01 3.51416051e-01
    8.75612199e-01 3.76986384e-01 1.76208794e-01 2.70179808e-01
    8.26697588e-01 9.76921022e-02 4.55876619e-01 5.94929695e-01
    5.47721684e-02 7.50996172e-02 2.53082246e-01 6.73407972e-01
    3.13798964e-01 3.02426219e-01 9.11642015e-02 4.92514074e-01
    8.04443479e-01 2.37224936e-01 5.78403771e-01 2.55888194e-01
    9.57280219e-01 7.16811061e-01 6.31563783e-01 3.17981660e-01
    3.89916778e-01 7.02343225e-01 9.27276909e-01 3.49042118e-01
    6.16278946e-02 4.50046897e-01 7.29924798e-01 8.73067021e-01
    4.94498879e-01 3.51795971e-01 8.79610777e-01 4.73582745e-02
    4.03975844e-02 6.75791025e-01 2.04023868e-01 9.21724975e-01
    5.92908859e-02 5.13526320e-01 9.69183266e-01 4.66410518e-01
    4.51716751e-01 5.36653399e-01 5.98519921e-01 8.53823721e-01
    5.61328411e-01 6.95640206e-01 8.11746061e-01 5.57338536e-01
    8.32998276e-01 1.07062787e-01 3.66567850e-01 3.25547427e-01
    8.56636941e-01 4.82602298e-01 2.46329188e-01 8.93502474e-01
    9.89845991e-01 5.25908947e-01 2.55065858e-02 5.69197536e-01
    1.48885250e-02 6.81119323e-01 3.36705863e-01 9.41578984e-01
    9.47504818e-01 7.52907395e-01 5.61231077e-01 7.75013208e-01
    1.33390427e-01 5.40119112e-01 9.79098678e-01 5.05502284e-01
    2.72577882e-01 4.01351988e-01 3.98090184e-02 1.64957553e-01
    6.72647536e-01 7.96988606e-01 3.28972429e-01 3.92851412e-01
    2.39346623e-01 8.34135175e-01 1.97208673e-01 9.52390075e-01
    2.84538388e-01 3.89051020e-01 1.76828533e-01 2.08756655e-01
    4.67239201e-01 1.66162550e-01 1.25375271e-01 7.11868227e-01
    5.96305966e-01 8.01836967e-01 5.92315495e-02 4.52283144e-01
    3.11491668e-01 5.10401368e-01 6.56778216e-01 1.93043411e-01
    5.92932045e-01 4.67532158e-01 7.88322210e-01 3.77337933e-01
    1.31874084e-01 3.55356783e-01 3.29518169e-01 2.48310983e-01
    5.44270873e-01 3.78518641e-01 6.10471845e-01 7.80067921e-01
    3.43900084e-01 3.73560071e-01 3.68341923e-01 5.08831263e-01
    2.10371971e-01 7.57348537e-03 7.94361830e-01 6.15387797e-01
    4.72149968e-01 8.49430561e-01 8.97118807e-01 4.75838214e-01
    8.79639387e-01 7.48154104e-01 5.03260970e-01 2.67568052e-01
    6.22392416e-01 1.53804362e-01 9.14466739e-01 9.29194152e-01
    9.23231781e-01 5.47820687e-01 4.52927858e-01 5.79774499e-01
    6.05515242e-01 3.72246981e-01 5.48848033e-01 3.68619204e-01
    2.67907590e-01 7.30587602e-01 6.39040232e-01 1.42792970e-01
    2.30965316e-02 9.63776231e-01 5.99178612e-01 5.82111657e-01
    7.69365668e-01 2.13022888e-01 4.02243376e-01 8.24145913e-01
    1.68310076e-01 7.98868120e-01 3.53990585e-01 5.61650932e-01
    3.03575397e-01 3.08007747e-01 3.10166508e-01 1.61977530e-01
    8.70460272e-03 7.28572607e-01 9.14098263e-01 3.33739281e-01
    9.84793067e-01 4.58462059e-01 2.35736191e-01 3.57414365e-01
    9.69653547e-01 2.49316335e-01 9.12329555e-01 7.43393898e-01
    4.81504053e-01 7.99695194e-01 6.28206134e-02 4.33478713e-01
    8.15061927e-02 6.48081183e-01 9.72775340e-01 2.43161917e-02
    5.06375730e-01 3.57542336e-01 2.92865962e-01 2.66496897e-01
    5.27825117e-01 5.32982945e-02 7.51902640e-01 6.67778492e-01
    3.44126284e-01 2.59964079e-01 3.31762344e-01 7.60670900e-01
    5.09642184e-01 7.33523369e-02 4.60093647e-01 1.63594186e-02
    4.81474876e-01 6.50451899e-01 8.57485831e-02 8.42461705e-01
    7.66032338e-02 2.22929448e-01 9.28864479e-02 5.03340960e-01
    8.29831243e-01 3.90472651e-01 9.99213457e-01 3.33770156e-01
    2.25396454e-02 9.56800222e-01 8.26557398e-01 6.07283235e-01
    2.47084916e-01 4.57671404e-01 9.81929660e-01 1.50874138e-01
    9.36403513e-01 5.30701280e-02 4.67043847e-01 7.90738463e-01
    2.96926498e-03 6.21674657e-01 6.91122055e-01 2.84684598e-01
    5.50993383e-02 3.32150757e-01 1.72029436e-02 3.72707039e-01
    6.03143156e-01 4.14969325e-01 5.89284658e-01 2.08029568e-01
    6.11442745e-01 5.80158293e-01 8.17065358e-01 3.92112225e-01
    2.83268839e-01 2.87926704e-01 4.89782453e-01 5.16755879e-02
    9.44356799e-01 5.73099256e-01 8.23502779e-01 8.81708384e-01
    2.16078371e-01 9.05184448e-01 3.38388741e-01 7.62256980e-01
    9.85396504e-01 1.13208652e-01 2.16497481e-01 7.09084153e-01
    7.57878244e-01 1.77175611e-01 6.59691393e-02 2.82924950e-01
    4.13472235e-01 7.29918718e-01 6.41123295e-01 3.82607549e-01
    9.54167366e-01 6.60148859e-02 6.49239659e-01 4.08543348e-01
    2.53738284e-01 1.39683008e-01 8.52339089e-01 4.44342792e-02
    1.07716173e-01 5.76981246e-01 5.78199267e-01 6.32096827e-01
    5.18118978e-01 4.97303396e-01 4.05309558e-01 3.95822674e-01
    3.59034091e-01 2.81030238e-02 7.83552527e-01 8.34736288e-01
    7.57781386e-01 7.56584585e-01 7.21019983e-01 8.47648382e-01
    5.33977509e-01 6.45724058e-01 7.78970122e-01 8.07453394e-01
    9.51460004e-01 9.40908432e-01 9.93115723e-01 3.17712724e-01
    5.76527596e-01 7.14680970e-01 9.98677552e-01 6.41218007e-01
    4.17958260e-01 4.18516099e-01 2.65018284e-01 5.53533435e-01
    4.20444846e-01 7.96334147e-01 4.39105123e-01 8.27649236e-01
    6.70466542e-01 1.73545599e-01 7.40570664e-01 6.15413368e-01
    3.66633892e-01 2.86605239e-01 6.51044309e-01 9.33387220e-01
    7.58654892e-01 9.59272623e-01 8.31651807e-01 5.26602089e-01
    2.98533767e-01 6.71862066e-01 7.49352455e-01 3.68001997e-01
    4.49010819e-01 1.85110658e-01 9.21726167e-01 2.35312104e-01
    3.60819101e-02 8.09166193e-01 5.30510783e-01 7.71758795e-01
    1.74608022e-01 3.95313919e-01 6.65236413e-02 2.36670583e-01
    6.49448872e-01 7.29363620e-01 9.83466208e-01 4.54379916e-01
    3.01820159e-01 2.16798484e-01 7.52640605e-01 3.04285854e-01
    2.44567066e-01 1.94923341e-01 8.36201191e-01 3.01685780e-01
    4.54512805e-01 5.25211871e-01 6.11552417e-01 2.06324548e-01
    6.16426885e-01 3.98627371e-01 9.78834510e-01 4.06376541e-01
    6.01328850e-01 9.97737408e-01 7.27727830e-01 4.44860339e-01
    6.89933658e-01 2.73893088e-01 1.68812543e-01 3.63163650e-01
    9.22994733e-01 5.79479933e-01 4.00943577e-01 8.12998116e-02
    7.30242133e-02 4.04010892e-01 4.55901027e-02 9.82199192e-01
    6.01957738e-01 8.19466174e-01 6.96354926e-01 9.12187099e-01
    7.30129480e-01 5.02401888e-02 8.14173818e-02 3.75331402e-01
    9.81279135e-01 4.10938084e-01 3.27903092e-01 5.90386629e-01
    3.26735616e-01 2.58371592e-01 8.26323032e-02 6.61934972e-01
    7.52513409e-01 3.77227336e-01 9.00940895e-02 3.78760397e-02
    1.55203909e-01 3.25571895e-01 1.40762657e-01 3.63509655e-02
    2.54215479e-01 7.10444450e-01 9.05693769e-02 9.81167853e-02
    9.26756501e-01 3.48780751e-01 9.46613967e-01 6.24982595e-01
    8.22541356e-01 2.50955671e-01 5.29929101e-01 3.34773213e-01
    2.36225605e-01 7.95860291e-02 7.71968126e-01 7.14981198e-01
    5.85058033e-01 6.10812128e-01 4.05022800e-01 5.78558445e-01
    7.52908289e-02 1.98869437e-01 2.02747226e-01 5.86520076e-01
    1.00161910e-01 8.63890409e-01 4.20586467e-01 7.09520161e-01
    2.77630508e-01 6.95019960e-02 5.40352106e-01 6.85830057e-01
    5.67953229e-01 8.66589308e-01 8.51038694e-01 1.49464339e-01
    8.16871047e-01 7.24376917e-01 1.03977084e-01 4.53984410e-01
    7.38707781e-02 4.98744011e-01 8.88038874e-01 6.86157107e-01
    5.47182381e-01 7.43248880e-01 4.31986719e-01 2.09291488e-01
    8.98658812e-01 5.59041500e-01 6.61390722e-01 6.69331610e-01
    8.53357196e-01 1.69305503e-02 5.95311821e-01 5.37360668e-01
    7.31453598e-01 1.69854522e-01 7.05424607e-01 3.90744686e-01
    9.48975444e-01 2.23334461e-01 4.44200814e-01 9.39060092e-01
    8.18310857e-01 5.73055089e-01 8.03370416e-01 9.27386999e-01
    3.75031352e-01 9.05324519e-01 6.06460989e-01 5.25449276e-01
    8.49683881e-01 2.08676815e-01 8.18263412e-01 3.80899608e-01
    7.96329558e-01 6.40674293e-01 9.62245047e-01 2.59427786e-01
    2.85840809e-01 9.52160239e-01 8.46663654e-01 5.64336002e-01
    3.17142934e-01 7.57099390e-01 3.81791890e-02 9.10892248e-01
    2.76353359e-01 8.00879717e-01 1.89971924e-03 9.71389472e-01
    5.76896966e-01 2.41730392e-01 4.48404163e-01 3.64612103e-01
    9.38906550e-01 3.00408781e-01 8.32358718e-01 5.16878963e-01
    3.66370767e-01 7.45255351e-01 9.57331777e-01 1.89961255e-01
    5.63358784e-01 5.91251194e-01 7.31316686e-01 6.57206059e-01
    8.67797732e-01 7.90492177e-01 8.27614665e-01 5.86703718e-01
    6.70527101e-01 8.71939242e-01 5.61897218e-01 6.67296946e-01
    7.58685231e-01 4.03064311e-01 3.74220788e-01 6.08617783e-01
    2.07563937e-02 1.97585881e-01 3.44318390e-01 5.03708899e-01
    7.79364109e-01 4.30749178e-01 6.51034534e-01 4.32997525e-01
    2.20872343e-01 2.75589168e-01 7.39230514e-01 6.28880084e-01
    3.83033901e-01 8.78253281e-01 4.51922417e-01 6.28735185e-01
    1.47806406e-01 2.54514784e-01 6.81669772e-01 1.71323121e-01
    9.12052751e-01 4.29577440e-01 8.73416305e-01 9.85316157e-01
    9.65650499e-01 6.19163275e-01 3.06212276e-01 4.20845449e-02
    3.11451286e-01 3.01030189e-01 6.28811479e-01 5.73114634e-01
    9.40950513e-02 9.23832417e-01 8.22971940e-01 9.94765222e-01
    1.78915441e-01 3.67166042e-01 5.40361345e-01 4.14483160e-01
    9.69448209e-01 3.38502586e-01 8.73194695e-01 6.65128648e-01
    9.87253308e-01 9.86304045e-01 7.31338918e-01 3.35046768e-01
    2.37819672e-01 8.16422462e-01 7.28089750e-01 9.38370168e-01
    4.27509487e-01 5.04466891e-03 9.32261348e-01 8.49466920e-01
    8.94462228e-01 2.40010321e-01 3.71571302e-01 9.52174544e-01
    5.66301584e-01 5.06063223e-01 3.87449384e-01 2.11246610e-01
    6.34441078e-02 2.08479345e-01 6.18113458e-01 7.82921255e-01
    3.87412101e-01 6.34432673e-01 4.53586698e-01 6.25822783e-01
    4.89859879e-01 2.31505454e-01 4.48596537e-01 4.28118706e-02
    6.98377192e-01 7.81884134e-01 4.73177731e-02 3.93224478e-01
    7.25704491e-01 5.99238873e-01 4.37607795e-01 6.13400996e-01
    9.81071770e-01 2.82015294e-01 5.69188058e-01 9.85956073e-01
    7.40897536e-01 7.86334991e-01 9.47095037e-01 4.43414450e-02
    9.18929219e-01 8.40088725e-01 1.75074339e-01 5.67408919e-01
    6.23885989e-02 3.86403084e-01 9.58702445e-01 2.48966962e-01
    9.27926660e-01 5.32984912e-01 5.68713725e-01 8.46899152e-01
    9.04349566e-01 8.68476629e-01 8.83315623e-01 2.93667734e-01
    5.55681825e-01 5.13967752e-01 7.27061152e-01 2.73935139e-01
    6.49192691e-01 9.50360119e-01 9.18035626e-01 7.75096178e-01
    3.87765169e-01 5.55788398e-01 5.33539057e-01 8.27153921e-01
    7.72431254e-01 1.81087255e-01 4.97110575e-01 5.63614547e-01
    7.84632444e-01 7.34020948e-01 7.30510056e-02 3.65013063e-01
    3.36662143e-01 9.86519814e-01 4.27087843e-01 3.41455936e-01
    9.85624671e-01 8.47226679e-02 5.42888761e-01 7.23642528e-01
    5.55752456e-01 6.18023098e-01 6.57029629e-01 1.82349354e-01
    9.93063927e-01 5.32536983e-01 2.13668436e-01 4.94779080e-01
    2.48402029e-01 3.44404310e-01 7.98650980e-02 5.28719425e-01
    4.52705860e-01 5.30594587e-02 2.82360792e-01 6.69202566e-01
    9.08917427e-01 2.58778036e-02 9.64438915e-01 5.30448079e-01
    1.79459155e-02 2.32779950e-01 3.42929006e-01 7.42941260e-01
    2.53172159e-01 5.88183284e-01 5.01735866e-01 7.08077073e-01
    4.44411933e-01 6.96455240e-01 9.93767738e-01 2.97608495e-01
    3.61799300e-02 2.07356960e-01 5.79401851e-03 6.26521409e-02
    9.30649042e-01 8.87499392e-01 4.84004706e-01 1.71502411e-01
    3.34415078e-01 8.79665256e-01 2.53933549e-01 5.97657561e-01
    7.78108716e-01 9.50580239e-01 1.72971308e-01 6.10897839e-01
    1.55544043e-01 7.50135541e-01 9.30312097e-01 7.22158909e-01
    6.46152496e-01 1.58235133e-02 5.13044298e-02 4.66929615e-01
    4.97706622e-01 8.89126778e-01 4.25235480e-01 4.24807459e-01
    2.57480592e-01 3.69037211e-01 7.70766377e-01 8.44236970e-01
    9.79890704e-01 2.81244516e-03 9.64092195e-01 2.82177091e-01
    6.77739024e-01 7.25887060e-01 5.32079101e-01 3.22578251e-02
    4.72178012e-01 9.92739856e-01 6.76904023e-01 8.10223222e-02
    9.50154185e-01 2.57977754e-01 6.36022449e-01 2.93644249e-01
    3.33558142e-01 7.58886337e-01 4.32679653e-01 7.27042377e-01
    9.25663590e-01 7.17244506e-01 8.24164093e-01 7.16066897e-01
    9.32427645e-02 2.56216586e-01 4.84675586e-01 8.20213258e-02
    9.27143455e-01 4.22555149e-01 8.26440215e-01 1.80061102e-01
    4.49275851e-01 1.29757166e-01 1.84977859e-01 5.22981048e-01
    5.72889686e-01 3.47962558e-01 6.38712049e-02 7.96702504e-01
    4.19162035e-01 7.77900934e-01 4.14598405e-01 3.68483961e-02
    1.19651228e-01 6.98808849e-01 7.37680733e-01 5.78701437e-01
    8.55095029e-01 7.41387486e-01 2.73750961e-01 8.36284876e-01
    8.90360653e-01 8.81831050e-02 5.89461029e-01 4.60714579e-01
    1.83168411e-01 6.00782752e-01 1.31068975e-01 2.00704247e-01
    7.96455145e-03 4.86247838e-02 8.82176995e-01 9.87502873e-01
    1.27413362e-01 4.72603440e-01 1.22529626e-01 4.28107679e-01
    4.50563431e-01 3.14468056e-01 8.18140030e-01 5.89992702e-02
    1.55859590e-01 4.27313656e-01 9.21143293e-01 9.56180453e-01
    5.92713594e-01 9.78956342e-01 4.81813967e-01 2.55187750e-02
    5.27050436e-01 3.25441360e-05 4.45997655e-01 1.71908706e-01
    3.07454705e-01 7.18575120e-01 8.73729527e-01 6.09352648e-01
    8.29751015e-01 5.50100267e-01 8.62794936e-01 1.83788359e-01
    9.66546535e-01 6.33122385e-01 9.41488028e-01 5.10897815e-01
    8.43340397e-01 2.88948298e-01 5.84998071e-01 2.61170000e-01
    8.36470187e-01 8.67036343e-01 3.00084412e-01 3.87955338e-01
    7.16080129e-01 3.67336661e-01 9.51606035e-01 3.91888261e-01
    6.74013555e-01 8.42312574e-01 1.96330547e-02 7.84459352e-01
    9.78658557e-01 4.24701750e-01 1.20978892e-01 7.46079862e-01
    5.38043559e-01 2.94077009e-01 2.48283952e-01 4.03415382e-01
    6.35920048e-01 9.89447951e-01 5.29904008e-01 4.77436066e-01
    4.22613919e-02 6.06617093e-01 2.23154932e-01 4.17568147e-01
    5.30125797e-01 4.43985879e-01 5.22463441e-01 4.73785371e-01
    8.12919974e-01 7.71264553e-01 6.09577894e-01 9.49038386e-01
    3.00729215e-01 3.89773160e-01 2.32861221e-01 6.99374676e-02
    1.95993394e-01 6.12650335e-01 1.37952954e-01 2.20637918e-01
    7.02234209e-01 1.08292043e-01 5.39754450e-01 7.76470184e-01
    4.62035239e-02 2.36110032e-01 5.41643858e-01 5.44536114e-01
    6.58485413e-01 7.97145963e-01 5.96002221e-01 3.17304134e-02
    2.06610352e-01 2.89025664e-01 6.32676840e-01 1.04919374e-01
    7.80918479e-01 1.48244977e-01 6.75778210e-01 7.14818954e-01
    3.58313560e-01 2.54318446e-01 4.86355335e-01 2.14358568e-02
    3.47006261e-01 6.21929109e-01 1.70136720e-01 7.63797939e-01
    4.55589980e-01 2.33891904e-02 3.84353995e-02 2.23848671e-01
    7.39044845e-02 8.41276050e-01 5.54381251e-01 5.78512073e-01
    1.90454155e-01 4.63786215e-01 5.65071642e-01 4.89337027e-01
    2.72679210e-01 6.49900794e-01 6.15935743e-01 4.90421951e-02
    9.35175538e-01 2.49047458e-01 8.41377079e-01 6.27285480e-01
    7.88280785e-01 3.26338619e-01 5.79555929e-01 3.34951878e-02
    4.31249887e-01 9.00984526e-01 3.47669542e-01 7.33393371e-01
    4.05909419e-02 1.46934301e-01 2.17515737e-01 5.81432402e-01
    1.19028747e-01 8.19346905e-01 8.64032745e-01 3.39421809e-01
    4.55890864e-01 3.40704620e-01 8.33161473e-01 3.28585982e-01
    8.08585644e-01 4.49277759e-02 5.03613532e-01 3.80991787e-01
    7.85097182e-02 9.68706250e-01 1.59863114e-01 7.44003057e-01
    6.39975548e-01 7.87582040e-01 1.22539341e-01 5.46063602e-01
    6.85773849e-01 2.34758317e-01 4.32001084e-01 5.65533936e-02
    5.54557681e-01 4.52368587e-01 1.55492514e-01 8.73020947e-01
    6.27668023e-01 9.51646209e-01 9.52038884e-01 2.78414905e-01
    3.60736549e-01 1.31764591e-01 4.28369701e-01 9.00667191e-01
    2.44779408e-01 4.12362486e-01 6.00635886e-01 7.43246973e-02
    5.47783792e-01 1.81225091e-01 3.80557805e-01 2.56953418e-01
    4.72849220e-01 9.14781928e-01 6.90094888e-01 8.34128380e-01
    3.40097010e-01 9.61502314e-01 8.67968678e-01 3.35744172e-01
    4.42603528e-01 5.77432871e-01 4.92302120e-01 6.10362291e-01
    4.01472926e-01 2.43701071e-01 2.03141868e-02 8.62475872e-01
    6.07394516e-01 3.18792999e-01 2.51807034e-01 2.50724435e-01
    6.35942101e-01 2.10952580e-01 5.38006425e-01 4.56695378e-01
    4.28556740e-01 9.56543982e-01 2.84676254e-01 8.01205754e-01
    2.25435227e-01 8.35778356e-01 6.07660711e-01 7.93187022e-01
    9.94268000e-01 9.03953433e-01 5.17622471e-01 4.54489410e-01
    3.41848731e-02 1.95620209e-01 5.07421494e-02 5.57005346e-01
    6.19885266e-01 6.67711616e-01 4.63232487e-01 7.48793602e-01
    4.10215795e-01 3.21982145e-01 9.50330973e-01 9.18253064e-01
    1.31504238e-01 4.00228083e-01 4.87724602e-01 1.44877464e-01
    2.98268735e-01 5.39530277e-01 9.00780678e-01 8.53662729e-01
    3.45967382e-01 6.17167175e-01 7.54099250e-01 7.76430786e-01
    8.62391114e-01 6.71646595e-01 7.50607908e-01 4.59215790e-01
    3.41508269e-01 7.47718573e-01 6.10139191e-01 4.96365845e-01
    2.47805387e-01 6.09587789e-01 3.01593065e-01 1.76085442e-01
    4.43477899e-01 9.67823744e-01 8.69661987e-01 8.55521500e-01
    6.64681315e-01 9.08827305e-01 5.24324775e-01 5.82000554e-01
    9.49142039e-01 7.38559783e-01 5.58056891e-01 7.47669935e-01
    2.61005908e-01 9.13117111e-01 2.37348378e-01 1.68839991e-01
    4.99222994e-01 3.78038287e-02 7.31276393e-01 7.95452237e-01
    3.65151644e-01 5.37036657e-01 3.13684225e-01 4.71394777e-01
    4.01942134e-01 5.25777161e-01 7.26945102e-01 3.47928315e-01
    3.58552516e-01 9.10241127e-01 1.78340554e-01 1.05020165e-01
    4.10064161e-02 1.65846556e-01 5.19514382e-01 5.73621333e-01
    5.48153520e-01 1.98952377e-01 3.85965347e-01 8.02726030e-01
    9.48571324e-01 1.67336315e-01 5.54263175e-01 2.67461360e-01
    5.49141288e-01 2.41178006e-01 8.01027179e-01 6.35995507e-01
    3.59049320e-01 6.14252210e-01 4.02589142e-02 3.56264234e-01
    3.56058836e-01 9.29920852e-01 9.06330347e-02 2.37575382e-01
    2.54981160e-01 6.67249858e-01 3.07382107e-01 5.87120056e-01
    1.98205620e-01 5.16244948e-01 2.49273777e-01 2.88361490e-01
    6.10574722e-01 1.48993164e-01 4.18513209e-01 2.99520910e-01
    8.23119521e-01 6.07998490e-01 2.94704676e-01 7.80782223e-01
    3.34274054e-01 7.60946929e-01 5.69027185e-01 7.50679076e-02
    6.61193013e-01 4.71717894e-01 3.06273401e-01 8.17329168e-01
    9.99825716e-01 7.81851411e-01 1.89192474e-01 7.25108922e-01
    7.86805570e-01 4.70164478e-01 1.35474324e-01 5.53083658e-01
    1.36287332e-01 8.70292485e-02 5.34916639e-01 7.43351638e-01
    4.73418653e-01 1.53707862e-01 5.94068348e-01 6.51335061e-01
    2.27589875e-01 6.04630351e-01 3.56605828e-01 3.83645952e-01
    3.27516079e-01 1.49539709e-02 9.82563138e-01 4.16554272e-01
    7.80611157e-01 5.21349430e-01 1.81858957e-01 2.97957063e-01
    3.03265691e-01 8.01726520e-01 7.21468568e-01 8.48919809e-01
    5.33731282e-01 6.05138123e-01 7.28305817e-01 4.25288945e-01
    4.00794059e-01 9.05568898e-01 3.25944453e-01 4.63347763e-01
    1.02348238e-01 9.86791015e-01 2.28428245e-01 9.92003083e-03
    9.50809717e-01 1.62742764e-01 5.04969716e-01 4.30615544e-02
    1.51275486e-01 7.58531332e-01 9.78319585e-01 7.24358261e-01
    3.67173612e-01 6.38252020e-01 6.06623292e-03 6.58443809e-01
    2.93966413e-01 8.44510674e-01 9.69108045e-02 7.85655081e-02
    5.84678948e-02 6.17784679e-01 5.70996404e-02 7.60349274e-01
    3.83553952e-01 8.58580470e-02 9.77055788e-01 8.01797748e-01
    2.58114189e-01 9.26815391e-01 2.60106385e-01 4.76954043e-01
    8.82461667e-01 8.10094237e-01 4.66395438e-01 4.71024334e-01
    5.03467321e-01 3.61308694e-01 6.84777260e-01 7.64781952e-01
    2.13461548e-01 8.88809323e-01 5.28683007e-01 2.54014462e-01
    5.02844632e-01 5.39581001e-01 8.68881881e-01 1.18892848e-01
    3.15838605e-01 9.25105333e-01 5.86162090e-01 8.69586289e-01
    9.34258699e-01 1.73841923e-01 4.48988438e-01 7.79570997e-01
    8.50650370e-02 2.83172607e-01 5.66406310e-01 4.41665083e-01
    3.24822366e-01 6.13159537e-02 9.79646444e-01 4.69604254e-01
    2.05865324e-01 5.34438252e-01 3.09253275e-01 7.63963223e-01
    2.01068372e-01 7.56574392e-01 7.83490181e-01 6.24960661e-02
    4.82604474e-01 8.77879739e-01 1.71548277e-01 7.03293622e-01
    5.67398489e-01 7.25596249e-01 2.40654558e-01 9.89850461e-01
    7.06133783e-01 6.79973066e-02 6.24085844e-01 9.34176803e-01
    9.09584820e-01 2.64063418e-01 6.70660734e-02 4.27095294e-02
    3.72370422e-01 8.53536129e-01 7.40249634e-01 8.27881575e-01
    7.35644639e-01 7.57144570e-01 3.99113506e-01 3.99698108e-01
    5.02119660e-01 9.41186130e-01 9.66555476e-01 8.70386839e-01
    3.09392333e-01 1.15517944e-01 7.96720803e-01 1.46851718e-01
    5.28670251e-01 3.22551131e-02 8.17152858e-02 1.31777674e-01
    9.61997807e-01 5.47792673e-01 7.56799340e-01 9.98805642e-01
    4.86980021e-01 4.94012833e-01 3.67896676e-01 2.62140602e-01
    2.61818707e-01 3.01756144e-01 3.17653596e-01 6.47374868e-01
    5.26397228e-02 3.53106081e-01 1.72349960e-01 7.83366561e-01
    2.65006125e-02 7.95772076e-01 7.84208834e-01 1.68752342e-01
    5.64362407e-01 2.85523772e-01 9.05270457e-01 2.78409541e-01
    8.46569419e-01 2.05274522e-01 6.21866584e-02 3.93207699e-01
    1.32176995e-01 8.51265788e-01 4.47483957e-01 3.66984546e-01
    1.46502852e-01 4.27174419e-01 4.16688383e-01 9.58203077e-01
    4.80535120e-01 5.78275919e-01 8.04472566e-01 1.24669522e-01
    1.38951838e-01 6.88834012e-01 7.02583671e-01 9.68734205e-01
    1.02411419e-01 4.53612417e-01 8.59939218e-01 1.22310519e-01
    6.38141096e-01 1.57473028e-01 7.10574448e-01 6.92080498e-01
    1.32628947e-01 9.38186765e-01 4.52121228e-01 9.37947512e-01
    1.19870067e-01 8.65565181e-01 8.83628070e-01 9.64199781e-01
    9.28980410e-02 8.37574840e-01 8.41246665e-01 2.86910653e-01
    4.14504200e-01 5.22569895e-01 4.23400223e-01 3.72263193e-02
    4.60482925e-01 8.47099066e-01 9.91904199e-01 3.47636282e-01
    1.73463911e-01 8.73598754e-01 7.16325521e-01 5.88641346e-01
    4.30299461e-01 3.76130342e-01 6.73475802e-01 7.51326919e-01
    4.73113835e-01 6.98332965e-01 2.33340323e-01 7.39002466e-01
    1.86737567e-01 9.39593017e-02 5.07046521e-01 8.77178133e-01
    8.18890214e-01 8.67253363e-01 4.17706609e-01 7.05138743e-02
    1.10943764e-01 2.59774864e-01 8.10463190e-01 8.13190222e-01
    8.24169219e-01 8.00974011e-01 3.03412557e-01 4.48712915e-01
    5.02007961e-01 3.10120761e-01 5.56221485e-01 4.98703659e-01
    9.99765754e-01 3.78939629e-01 6.43118858e-01 1.88299298e-01
    9.86561656e-01 3.12547982e-01 6.59751654e-01 7.82932580e-01
    1.68569356e-01 2.62461245e-01 9.06025589e-01 8.86141777e-01
    6.39345765e-01 1.84250146e-01 7.96794295e-01 5.70323527e-01
    5.69235682e-02 3.18202496e-01 8.92824233e-02 6.43971026e-01
    3.98136169e-01 8.26796949e-01 7.53152370e-03 8.66911888e-01
    9.80268002e-01 4.56420571e-01 3.24665606e-02 5.71602583e-02
    3.09166938e-01 5.22878289e-01 8.20352793e-01 8.64673018e-01
    2.04459935e-01 4.61020619e-01 9.26881075e-01 5.90086102e-01
    4.81332004e-01 4.25155520e-01 4.42004979e-01 3.96763146e-01
    2.59191811e-01 6.24175310e-01 5.94942391e-01 5.93102932e-01
    1.37713939e-01 3.37386578e-01 3.68842244e-01 9.33076024e-01
    8.63272786e-01 5.77904522e-01 1.39615536e-02 9.35793161e-01
    9.57586288e-01 9.32461023e-03 2.69978583e-01 5.39971292e-02
    8.17499638e-01 3.30019236e-01 7.93930650e-01 2.94827104e-01
    8.76798511e-01 8.60665917e-01 6.31249785e-01 3.21455568e-01
    4.86618340e-01 4.92039084e-01 5.55652678e-02 2.10656971e-01
    7.04494536e-01 6.23394072e-01 9.17598903e-02 5.19875765e-01
    7.90585876e-01 6.04104400e-01 6.43990636e-01 5.41098535e-01
    6.35183632e-01 9.03039157e-01 6.13081574e-01 5.19398391e-01
    1.04144007e-01 8.22331429e-01 3.78370762e-01 6.33424342e-01
    9.18911338e-01 5.84084570e-01 8.65029335e-01 6.10740542e-01
    3.35905552e-01 2.49164492e-01 8.64660740e-03 8.34257305e-01
    7.67641187e-01 7.80934572e-01 9.47066486e-01 9.82751727e-01
    8.71030092e-01 6.88536942e-01 9.83276367e-01 8.84488583e-01
    9.30268288e-01 2.59140879e-01 4.39946234e-01 3.54588747e-01
    5.68043590e-01 3.09519589e-01 3.66749257e-01 9.56841707e-01
    4.63117063e-01 7.82409906e-01 1.50561064e-01 1.67558223e-01
    2.48978704e-01 3.64213526e-01 2.25762367e-01 7.84884751e-01
    3.66807669e-01 7.06782937e-02 9.89036977e-01 9.55513716e-01
    3.08786333e-01 8.87888670e-01 3.24789792e-01 5.10355532e-01
    2.62790322e-01 4.46176469e-01 2.12660760e-01 3.40242445e-01
    4.55074221e-01 8.15010667e-01 9.51550126e-01 9.37944174e-01
    5.83543658e-01 7.15668261e-01 1.20825469e-01 9.95880127e-01
    1.91186368e-01 4.18972373e-01 4.93415922e-01 8.73994410e-01
    7.79767811e-01 6.04942083e-01 7.73470402e-02 4.92249608e-01
    4.73465323e-02 8.24019432e-01 7.63805389e-01 6.92391694e-02
    8.34312439e-01 7.98423409e-01 7.73925066e-01 6.88786566e-01
    2.53722250e-01 5.61437964e-01 1.80020809e-01 9.32472587e-01
    7.69024491e-02 2.87812531e-01 7.58086920e-01 8.73238802e-01
    9.69242334e-01 9.68960524e-02 8.87008011e-01 6.32806420e-01
    4.63182092e-01 8.48135591e-01 8.71455669e-02 4.86865163e-01
    8.06965590e-01 3.00108254e-01 7.35751510e-01 6.27020597e-01
    6.34215593e-01 6.65722251e-01 1.67508900e-01 6.12499714e-01
    6.81787550e-01 3.91536236e-01 5.74246705e-01 3.56589317e-01
    1.00717545e-01 8.72979283e-01 6.52765751e-01 9.72037017e-01
    6.72741830e-02 7.56790519e-01 8.61695647e-01 9.55239058e-01
    8.56220126e-01 3.81720632e-01 8.60751748e-01 6.10799313e-01
    2.57606685e-01 8.58253241e-02 2.22624093e-01 9.55366135e-01
    5.58923244e-01 4.71467078e-01 1.96558118e-01 3.29616576e-01
    9.20403123e-01 7.60284662e-02 8.57137084e-01 9.84091103e-01
    1.06023610e-01 3.42142522e-01 6.84474468e-01 6.63855672e-02
    2.10712105e-01 7.48913050e-01 7.60038733e-01 3.97272766e-01
    7.59156942e-02 5.47474027e-01 7.74770737e-01 4.34413731e-01
    6.15886450e-01 1.30671442e-01 2.37987846e-01 9.61767435e-01
    4.77231205e-01 7.80489147e-02 2.21714199e-01 1.62493587e-01
    1.99531883e-01 4.73734587e-01 2.98741996e-01 8.70807171e-01
    8.66211057e-01 7.50754297e-01 5.82652748e-01 5.82717776e-01
    3.44745338e-01 4.71550554e-01 4.85072613e-01 8.91009748e-01
    7.72011757e-01 7.54678369e-01 2.35817552e-01 7.78856754e-01
    6.75958276e-01 3.05979192e-01 2.01332957e-01 8.23912740e-01
    2.75612295e-01 1.22858673e-01 8.07186961e-01 9.83951986e-02
    3.05601060e-01 7.69492984e-02 2.36862212e-01 6.47623777e-01
    6.71809196e-01 6.10340893e-01 4.43098813e-01 7.12192357e-01
    2.01188505e-01 1.46521270e-01 5.95304787e-01 8.98547292e-01
    1.50333852e-01 9.56473589e-01 9.58142877e-01 2.84348339e-01
    4.52620894e-01 8.55209351e-01 9.15787280e-01 6.58106208e-01
    6.49426162e-01 3.14684480e-01 4.71502542e-03 3.54742736e-01
    4.39746201e-01 7.58242011e-01 7.77225137e-01 8.53881299e-01
    8.90068650e-01 4.53246653e-01 3.76230240e-01 4.69671816e-01
    7.95091033e-01 4.73298728e-02 8.22589159e-01 4.81290489e-01
    5.55816650e-01 9.02144730e-01 7.62680650e-01 6.27307594e-01
    6.66261792e-01 7.54844546e-01 8.46252799e-01 9.04508948e-01
    9.65532780e-01 7.00921714e-02 9.89794254e-01 3.54752660e-01
    9.54999924e-01 6.45869970e-03 9.55102384e-01 6.07222021e-02
    1.33199334e-01 7.83674896e-01 6.04091883e-01 7.33097911e-01
    3.59011292e-02 7.61592865e-01 8.49924624e-01 2.41582543e-01
    4.07246232e-01 8.72161031e-01 1.25853866e-01 3.88481081e-01
    9.11522508e-02 7.20523357e-01 6.36015832e-02 1.76814467e-01
    9.73865986e-01 1.85765147e-01 7.11928010e-01 4.86504972e-01
    6.52828336e-01 2.78984904e-01 3.86773348e-02 7.74142683e-01
    4.14692372e-01 8.34671497e-01 5.57656646e-01 6.88998699e-01
    2.39127040e-01 3.06676865e-01 9.91855681e-01 7.25375533e-01
    3.16826373e-01 8.53671908e-01 6.98882103e-01 3.30681890e-01
    1.84186280e-01 6.76251650e-02 9.86362100e-01 5.45876563e-01
    1.42038345e-01 7.06120849e-01 4.89973634e-01 1.37330651e-01
    8.60895753e-01 3.50488663e-01 2.13029176e-01 3.59969646e-01
    8.33766997e-01 7.95733809e-01 9.66698527e-01 6.17196679e-01
    1.92368478e-01 9.49793100e-01 4.63244081e-01 7.55536199e-01
    7.04660773e-01 4.46806997e-01 2.11330950e-02 9.94909704e-01
    2.03455836e-01 2.82639384e-01 9.17092562e-02 3.20537686e-02
    6.71702266e-01 2.67015934e-01 4.33578700e-01 2.71451652e-01
    7.46258080e-01 9.60907221e-01 8.05111766e-01 2.91888535e-01
    9.54795241e-01 5.78528225e-01 9.83184099e-01 7.24246800e-01
    7.77902305e-01 6.45617485e-01 4.74182814e-01 6.00201070e-01
    7.92140007e-01 4.37067479e-01 6.24167979e-01 9.78242040e-01
    9.47866678e-01 2.05514580e-01 9.66794133e-01 6.26507878e-01
    7.51702249e-01 4.42622781e-01 7.43883491e-01 3.29066217e-02
    5.55464923e-01 1.66552961e-02 2.31436044e-01 2.89677441e-01
    8.53662252e-01 4.07133341e-01 8.05395007e-01 2.26944536e-01
    9.63335633e-01 2.23723710e-01 1.90663934e-02 9.31644559e-01
    1.65020764e-01 3.04239213e-01 9.23855901e-01 2.84288049e-01
    6.63453221e-01 2.48595476e-01 8.09410810e-02 7.15468645e-01
    1.01583511e-01 4.89176095e-01 1.67351365e-01 3.54485005e-01
    7.72554815e-01 1.59908712e-01 3.06037128e-01 9.90571678e-02
    3.26705307e-01 8.43845069e-01 2.44464457e-01 5.58377981e-01
    4.79215652e-01 3.22148383e-01 9.80500460e-01 2.80687153e-01
    7.96835899e-01 5.20385861e-01 6.88922286e-01 6.54290557e-01
    9.05338287e-01 3.47223610e-01 3.10675859e-01 2.00428218e-01
    4.33353603e-01 9.51072276e-02 6.73733413e-01 7.49276757e-01
    9.09506083e-01 1.23072624e-01 1.08394563e-01 9.81140137e-01
    3.71238947e-01 3.88963044e-01 2.21268266e-01 6.75662935e-01
    7.94491649e-01 2.40027070e-01 1.24168754e-01 2.76574850e-01
    9.24719453e-01 4.07324135e-02 5.08714080e-01 4.94328409e-01
    6.04675412e-01 1.37064099e-01 1.36289418e-01 1.08187228e-01
    7.59979606e-01 7.59482801e-01 2.07796544e-01 3.69859606e-01
    4.16168839e-01 7.85633028e-02 8.10994387e-01 2.59302735e-01
    5.13873100e-01 5.45131087e-01 2.23660082e-01 8.08696747e-01
    7.82999814e-01 6.12741411e-01 1.68702662e-01 8.36315751e-01
    2.49292552e-02 8.73333573e-01 9.12554026e-01 7.99201727e-01
    8.88406098e-01 5.59889734e-01 3.48672569e-01 7.66555548e-01
    4.06257391e-01 7.06363916e-01 2.92204022e-01 3.43946576e-01
    3.37842911e-01 9.89520371e-01 1.08498842e-01 5.49992323e-01
    1.78088814e-01 7.83458710e-01 5.22508442e-01 4.75553870e-02
    6.14580810e-01 2.86422074e-02 3.20126414e-01 4.33980763e-01
    7.55568266e-01 7.65288591e-01 9.23653364e-01 2.76180863e-01
    3.66949171e-01 5.72597980e-01 4.51573282e-01 1.37660652e-01
    3.55442733e-01 3.50540102e-01 1.62370443e-01 8.64780545e-01
    3.33271325e-01 1.41125619e-01 9.53386426e-01 6.45002961e-01
    3.87584507e-01 9.39650118e-01 5.29752612e-01 3.32838923e-01
    8.37893546e-01 3.50118458e-01 9.19263244e-01 8.35299671e-01
    3.42370927e-01 3.64642501e-01 8.11789036e-01 3.37589383e-01
    6.48480177e-01 1.42321199e-01 9.34112012e-01 4.43885952e-01
    5.63563347e-01 6.18398070e-01 4.67909455e-01 6.67928159e-01
    8.94315958e-01 8.65341246e-01 2.32685387e-01 8.56194973e-01
    5.85428536e-01 1.16331875e-02 6.27829254e-01 3.11736226e-01
    8.18458438e-01 4.92873430e-01 6.52497113e-01 8.63178015e-01
    7.89612412e-01 5.08948445e-01 7.45362878e-01 3.54330838e-01
    5.08473456e-01 4.60111976e-01 5.14929652e-01 5.75513422e-01
    8.46860766e-01 6.07430458e-01 3.65847379e-01 3.78158391e-02
    8.57733965e-01 2.79466569e-01 6.17634118e-01 6.69179559e-01
    2.31222510e-01 7.56518960e-01 6.91526592e-01 9.11686420e-01
    7.89176464e-01 9.10383105e-01 8.12909067e-01 2.45657802e-01
    6.45041823e-01 3.18083465e-01 7.07280874e-01 6.03762090e-01
    4.75035787e-01 7.59067476e-01 5.28561175e-01 3.23807299e-01
    9.47814286e-01 4.13996488e-01 6.10783696e-01 4.00564075e-02
    8.41147423e-01 8.84541988e-01 1.33021265e-01 7.33546019e-02
    8.37645173e-01 1.74512774e-01 3.00608754e-01 6.53024793e-01
    9.66431260e-01 7.63231277e-01 6.10750675e-01 9.05407488e-01
    4.75808978e-02 8.19412768e-02 9.71151352e-01 8.97969604e-01
    1.50090158e-01 9.25837159e-01 9.74785089e-01 2.51225233e-01
    4.10456330e-01 7.76109517e-01 6.67177618e-01 8.63585114e-01
    6.14659965e-01 1.83777779e-01 8.96507621e-01 1.65572315e-01
    5.73569059e-01 2.97636807e-01 3.32581162e-01 5.44306219e-01
    6.86329424e-01 6.14521325e-01 6.27828896e-01 3.17885548e-01
    2.75368869e-01 8.06482136e-01 3.14222932e-01 3.41431230e-01
    1.83353573e-01 9.52337682e-02 9.46568966e-01 1.63483530e-01
    3.70647728e-01 9.36186552e-01 7.06223786e-01 6.57862842e-01
    2.65823752e-01 5.84698439e-01 9.22924995e-01 3.95316631e-01
    3.01803410e-01 3.12654495e-01 4.07242239e-01 1.97728872e-02
    9.40986812e-01 6.89505398e-01 8.67398858e-01 6.97965860e-01
    5.58136582e-01 1.17535174e-01 7.94703484e-01 1.10141993e-01
    3.93344343e-01 3.88438106e-01 6.14714384e-01 2.41931200e-01
    1.19113624e-01 4.43659931e-01 1.26423210e-01 2.47674793e-01
    5.96285462e-01 5.31254411e-02 6.60480261e-02 9.57316816e-01
    3.78468752e-01 2.21230447e-01 7.72114992e-01 5.26345909e-01
    3.08536112e-01 2.47336924e-02 2.11904824e-01 7.42812157e-01
    2.10106671e-01 6.29956901e-01 6.78628683e-01 7.22676039e-01
    7.50155747e-02 7.77090013e-01 9.27445173e-01 9.85050082e-01
    4.67879742e-01 1.68442249e-01 6.11577332e-02 7.71931052e-01
    5.64355195e-01 4.16159630e-04 4.91694033e-01 3.79966438e-01
    6.11570120e-01 4.57413316e-01 2.36156553e-01 8.93917084e-01
    6.82851732e-01 7.97841549e-01 2.90716976e-01 6.34860933e-01
    4.27777469e-01 3.36998522e-01 7.99018562e-01 3.53377581e-01
    9.46055472e-01 5.11009514e-01 8.58808398e-01 2.18868136e-01
    9.70850229e-01 6.52204752e-02 1.61801308e-01 6.95475280e-01
    2.44817764e-01 8.81626487e-01 8.43377352e-01 5.86152732e-01
    7.63603985e-01 6.36304855e-01 3.58243972e-01 7.67608881e-01
    1.23455077e-01 4.55514669e-01 6.13460720e-01 1.89460844e-01
    2.50428140e-01 9.19193327e-02 3.50074798e-01 2.80819029e-01
    7.67890930e-01 7.39346981e-01 9.88278687e-01 7.84865439e-01
    9.48711932e-02 6.51016295e-01 3.86789441e-02 1.23069942e-01
    6.66805267e-01 8.68728161e-01 8.22474122e-01 1.57967508e-01
    6.27116203e-01 2.33629912e-01 8.71985614e-01 9.26975965e-01
    5.66717029e-01 3.48807514e-01 6.50976121e-01 7.63239503e-01
    2.91969180e-01 9.85611439e-01 4.30489898e-01 4.94884670e-01
    3.62064540e-01 6.77497208e-01 6.36072397e-01 7.67458558e-01
    5.33458650e-01 4.35975194e-02 1.29953414e-01 8.17620516e-01
    2.70644724e-02 4.72793043e-01 1.73427910e-01 3.19766879e-01
    1.12074435e-01 8.67176652e-01 4.31436449e-01 1.07308060e-01
    1.76433623e-01 2.17530638e-01 8.42387199e-01 3.03842723e-01
    2.38594145e-01 3.72398436e-01 9.95199442e-01 2.44008452e-01
    8.26646566e-01 9.41829681e-02 8.10970902e-01 1.16443843e-01
    6.07601702e-01 4.53915507e-01 7.84477413e-01 6.97975278e-01
    6.27590179e-01 9.23955202e-01 4.70446378e-01 2.25309789e-01
    9.76142049e-01 8.21787953e-01 1.34514272e-02 4.69147325e-01
    1.28590912e-01 9.87435222e-01 6.38892174e-01 7.64417827e-01
    3.13395262e-03 9.72938418e-01 7.54570961e-01 9.30930972e-02
    2.23038256e-01 4.13902760e-01 9.73105669e-01 3.59733850e-01
    8.64551187e-01 9.55399096e-01 5.28912961e-01 2.42097259e-01
    7.42882848e-01 5.97382367e-01 6.34159923e-01 7.07721710e-01
    8.03588152e-01 7.08995163e-01 8.68294358e-01 7.93774843e-01
    7.59784818e-01 5.79715431e-01 2.54680932e-01 4.81039315e-01
    7.20245719e-01 3.09728920e-01 2.85347998e-01 1.06573641e-01
    3.82825971e-01 5.54133654e-02 5.45476973e-02 4.34344441e-01
    4.11147028e-01 5.02191365e-01 8.84299517e-01 1.86605215e-01
    6.53033257e-02 2.39765525e-01 4.41946089e-01 8.85440826e-01
    1.44941747e-01 8.77978802e-01 9.23552215e-02 9.05050755e-01
    7.52296090e-01 5.39147258e-02 3.05124104e-01 6.67258143e-01
    4.67597634e-01 1.88899219e-01 6.87794983e-01 7.73125648e-01
    7.68942475e-01 7.36103415e-01 7.62351930e-01 8.04442763e-01
    7.53933489e-02 3.58352900e-01 6.31578505e-01 8.27980816e-01
    1.04512572e-01 6.12839997e-01 2.62023330e-01 8.19762588e-01
    8.85904670e-01 7.37224936e-01 5.96164703e-01 9.41422582e-01
    9.13644850e-01 3.42944533e-01 5.40887833e-01 1.80162013e-01
    8.84389400e-01 7.78759956e-01 4.03732717e-01 3.64458859e-02
    6.39101744e-01 4.84525055e-01 5.81211507e-01 2.58249640e-02
    3.88452381e-01 9.85008717e-01 5.56929767e-01 5.90373993e-01
    2.38938451e-01 4.26200151e-01 5.21612704e-01 1.74201846e-01
    8.79651606e-01 6.66240811e-01 8.41930985e-01 6.58062935e-01
    1.19428933e-01 4.33862984e-01 7.48445034e-01 2.35811770e-01
    5.42483032e-01 6.38470292e-01 6.01289332e-01 1.16600931e-01
    9.07928228e-01 2.69610465e-01 5.96654117e-01 7.56046176e-01
    9.51784134e-01 9.13957775e-01 2.78396785e-01 7.79353797e-01
    7.36655414e-01 8.38700473e-01 9.09254372e-01 3.58697593e-01
    7.92613447e-01 3.80694211e-01 7.98623681e-01 1.41848624e-02
    4.68723387e-01 1.29828691e-01 5.65828979e-02 6.73912346e-01
    9.00896311e-01 1.22290969e-01 2.20498741e-01 3.48421603e-01
    7.13699818e-01 8.61282825e-01 6.12456083e-01 4.40159738e-01
    8.30840707e-01 1.92874253e-01 3.01091850e-01 3.27384263e-01
    7.20578492e-01 6.93338335e-01 6.53426766e-01 5.24931312e-01
    5.08228064e-01 8.10605705e-01 9.53791142e-01 9.26941574e-01
    5.35717428e-01 4.64995861e-01 6.77270651e-01 2.53628224e-01
    6.82227135e-01 3.44140887e-01 4.84953433e-01 4.09451276e-01
    9.47718084e-01 1.06229544e-01 3.56734306e-01 7.33306050e-01
    5.78647375e-01 4.29237247e-01 2.83529580e-01 2.29589611e-01
    1.82598293e-01 7.32327640e-01 4.91076112e-01 3.80341083e-01
    4.47461069e-01 9.49809194e-01 5.37008941e-01 4.12552416e-01
    8.16007197e-01 5.30236065e-01 5.03198862e-01 6.89148724e-01
    7.62431026e-02 1.66852653e-01 7.89062977e-01 5.05987048e-01
    9.50335145e-01 9.13558125e-01 1.44923538e-01 9.27481055e-01
    9.48363662e-01 1.74362481e-01 1.63568407e-01 9.70370948e-01
    5.69827557e-01 2.63706982e-01 9.96662974e-01 6.80869341e-01
    1.66632116e-01 8.43328357e-01 6.61017001e-01 2.78171360e-01
    4.55484241e-01 1.80127621e-01 5.98392427e-01 9.71252441e-01
    1.57778323e-01 2.66234994e-01 7.24102736e-01 8.92002940e-01
    8.73633921e-01 5.58597267e-01 6.92220569e-01 3.40113550e-01
    5.95503449e-01 8.37554336e-02 3.06406975e-01 5.37827551e-01
    1.20690852e-01 7.59690642e-01 4.39290464e-01 4.47212547e-01
    3.76472533e-01 9.45053816e-01 8.32105339e-01 6.91083193e-01
    5.23083508e-02 1.99074954e-01 4.68142152e-01 7.30730116e-01
    6.74988508e-01 9.70108509e-01 8.30143750e-01 2.16971695e-01
    4.59234715e-02 6.85682535e-01 1.48413986e-01 3.92759204e-01
    8.10065091e-01 8.83746982e-01 2.16066450e-01 5.68532705e-01
    7.77278662e-01 9.55271840e-01 4.72715199e-02 1.77645355e-01
    8.14188957e-01 9.33256567e-01 2.56285965e-01 4.50198591e-01
    4.43798304e-02 8.03162217e-01 4.06772166e-01 7.87140250e-01
    9.52552319e-01 3.23183477e-01 4.68476743e-01 2.35799760e-01
    8.92731965e-01 8.58462751e-01 2.43307501e-01 2.83607662e-01
    2.60382056e-01 5.11385441e-01 2.91994721e-01 2.18090117e-02
    4.71118838e-01 4.05752242e-01 5.72983027e-02 8.21422219e-01
    9.37488079e-01 5.16284883e-01 3.47356409e-01 5.67653775e-01
    2.95799166e-01 2.06153661e-01 3.31212580e-02 8.10248375e-01
    6.49729133e-01 7.36102343e-01 4.28114742e-01 7.49469638e-01
    7.68914223e-01 7.65324831e-02 9.70633507e-01 5.19081771e-01
    1.75291449e-01 3.80845368e-02 8.45185399e-01 6.77764773e-01
    3.60325933e-01 4.65581179e-01 8.36544275e-01 1.40390426e-01
    9.36008036e-01 4.54495072e-01 2.34917462e-01 7.37612665e-01
    9.97921765e-01 1.25336170e-01 1.79094374e-01 1.98235512e-01
    4.15597171e-01 5.56197226e-01 6.13117337e-01 4.38536763e-01
    3.71899188e-01 7.34415412e-01 3.51429671e-01 4.24991757e-01
    9.31211352e-01 6.89875245e-01 5.15272677e-01 9.12306070e-01
    9.59079266e-01 2.66918540e-02 6.78574979e-01 4.69406843e-02
    7.89942503e-01 4.42931205e-01 6.49469614e-01 6.38993084e-01
    5.70661068e-01 4.84500706e-01 9.75874066e-01 7.77965069e-01
    5.56420684e-01 9.92599666e-01 9.08526182e-01 2.71795332e-01
    2.00553417e-01 8.24328303e-01 9.10459042e-01 9.29658413e-01
    6.67176485e-01 3.82617116e-03 8.62207592e-01 9.36417222e-01
    8.36740315e-01 8.19623590e-01 6.37431562e-01 7.16071725e-02
    5.01963556e-01 5.09017825e-01 7.99736619e-01 7.20042944e-01
    9.34905231e-01 4.04883206e-01 6.68895662e-01 4.09247488e-01
    8.99157047e-01 9.40435469e-01 7.71027625e-01 3.21126789e-01
    9.84583914e-01 7.83437610e-01 3.50930363e-01 4.97707456e-01
    3.33958209e-01 1.86134249e-01 8.38057578e-01 9.50501800e-01
    8.42553794e-01 3.75438035e-02 6.99098110e-02 5.79887033e-02
    1.88805759e-02 9.53962684e-01 3.14714134e-01 3.01135421e-01
    8.99006665e-01 3.67190897e-01 8.53978455e-01 2.70242959e-01
    7.93124795e-01 4.56845760e-02 7.82450378e-01 6.31286263e-01
    2.91316271e-01 6.84370995e-01 7.48914599e-01 5.20949960e-02
    8.01764727e-01 1.90683842e-01 3.40822726e-01 9.61628139e-01
    7.10162997e-01 3.14032078e-01 4.16927248e-01 7.01429784e-01
    3.48800898e-01 6.91802263e-01 2.43979096e-02 4.56721961e-01
    7.25710154e-01 5.45343161e-01 7.99892306e-01 5.62008917e-01
    7.93506503e-01 2.00126588e-01 7.89960623e-02 8.83777261e-01
    5.92619181e-01 9.12455320e-01 6.63599372e-03 9.90858912e-01
    8.28755617e-01 4.65547919e-01 1.27885312e-01 4.11728442e-01
    2.57679045e-01 5.75392365e-01 9.84927118e-01 1.26114488e-02
    5.28909147e-01 4.83813345e-01 6.45765066e-01 7.48763263e-01
    3.11359376e-01 3.91430438e-01 4.10721987e-01 6.68431997e-01
    8.44307065e-01 7.94889569e-01 9.29793596e-01 8.23013425e-01
    3.01316082e-01 5.20507753e-01 4.71719146e-01 4.93355244e-01
    6.81591570e-01 6.96629167e-01 3.46722484e-01 6.13132060e-01
    3.95167798e-01 6.10660195e-01 2.01630175e-01 7.42300987e-01
    4.05506968e-01 8.49791646e-01 8.23378921e-01 4.48544413e-01
    3.60099614e-01 4.51974899e-01 8.40285301e-01 8.65858078e-01
    2.23518103e-01 6.90078795e-01 7.65366793e-01 4.43314105e-01
    8.17317247e-01 4.91259903e-01 8.30871165e-01 2.53089368e-01
    5.98738492e-01 8.49085689e-01 8.89675796e-01 6.35678232e-01
    9.85529602e-01 8.31786871e-01 5.36072373e-01 8.34020376e-01
    5.36550522e-01 8.17057788e-01 4.20137435e-01 6.67207360e-01
    5.88078439e-01 5.78744829e-01 7.26847470e-01 3.68115485e-01
    7.78198004e-01 4.27581221e-01 8.38942528e-02 8.76101732e-01
    6.03633344e-01 2.39969194e-02 4.88349766e-01 4.22669381e-01
    1.77446604e-01 2.35295475e-01 1.73993528e-01 7.38123417e-01
    5.78288615e-01 3.69491279e-01 7.00552940e-01 6.67016506e-01
    5.75326502e-01 9.90360618e-01 6.45637631e-01 2.54229486e-01
    7.91275203e-01 2.64668971e-01 9.99809802e-02 4.30100143e-01
    5.46531975e-01 8.12587619e-01 5.88857532e-01 7.07989931e-01
    7.42414296e-01 7.75270164e-01 3.42526734e-02 3.38364780e-01
    3.82506549e-01 1.53191984e-01 4.02480364e-04 3.88105631e-01
    7.91678369e-01 4.35408771e-01 9.99508917e-01 5.59872091e-02
    1.06641829e-01 4.49439287e-01 8.09681714e-01 4.33080971e-01
    7.79405534e-01 5.37224293e-01 2.50807106e-02 3.22223604e-01
    6.26580298e-01 5.38718998e-01 2.76595950e-01 4.27787006e-02
    3.16798210e-01 8.63285303e-01 2.16255367e-01 3.61578047e-01
    3.95006180e-01 7.53709674e-02 8.33568573e-01 3.35673094e-01
    1.69937998e-01 6.69093251e-01 8.40639770e-02 9.21843171e-01
    4.31475431e-01 4.58028346e-01 5.19117057e-01 8.36390257e-01
    4.75260049e-01 8.10315788e-01 2.09208220e-01 1.19798779e-01
    2.06387013e-01 3.57024372e-01 1.33109003e-01 7.03878999e-01
    6.82455063e-01 1.05336487e-01 2.29844153e-02 8.49401951e-01
    7.64588892e-01 9.54653025e-01 4.93727028e-01 6.44439340e-01
    8.62497807e-01 7.55206108e-01 7.32386708e-01 6.69134498e-01
    3.66460919e-01 8.78600478e-01 4.01000649e-01 7.56613016e-01
    3.29195023e-01 1.86526388e-01 5.85584342e-01 8.13605189e-01
    3.10743570e-01 6.56043708e-01 3.93180549e-02 5.87002277e-01
    6.73517466e-01 3.33176702e-01 1.24365211e-01 3.53076577e-01
    3.73949379e-01 8.20388794e-01 9.05585408e-01 6.53854668e-01
    2.57188022e-01 4.11428809e-02 5.38087130e-01 6.96559131e-01
    4.22474653e-01 5.75725377e-01 5.13010383e-01 9.87408519e-01
    3.57858479e-01 6.91343069e-01 2.10641056e-01 9.68898773e-01
    8.38718653e-01 1.07553512e-01 7.84005940e-01 4.84142601e-02
    3.97472978e-01 2.41000831e-01 4.67828810e-01 1.39690757e-01
    1.87358528e-01 6.37374818e-01 2.56707668e-01 6.34634078e-01
    1.32095844e-01 2.13482022e-01 2.47606635e-02 1.60976470e-01
    5.68592787e-01 1.87196016e-01 8.37884903e-01 4.00581956e-03
    9.75335956e-01 4.20914531e-01 7.28176475e-01 6.06749892e-01
    1.00592613e-01 1.36223078e-01 9.11784172e-01 1.66744858e-01
    4.73277330e-01 9.16863918e-01 2.57429481e-01 9.19946313e-01
    4.78690952e-01 7.34372914e-01 9.13314462e-01 2.71489799e-01
    9.51189518e-01 8.86697710e-01 6.72705829e-01 4.15606141e-01
    4.34264153e-01 8.12755227e-01 2.33018190e-01 1.54112577e-01
    9.62729454e-01 4.07606900e-01 4.96009111e-01 4.41676676e-02
    6.80072963e-01 8.71896923e-01 6.49161160e-01 1.54846162e-01
    3.70047420e-01 3.55422944e-01 6.44921541e-01 3.68033588e-01
    2.75546551e-01 1.77495211e-01 1.04658395e-01 3.82873476e-01
    2.13685215e-01 1.69573456e-01 4.71371591e-01 7.30548382e-01
    3.07348967e-02 9.00838375e-01 7.72676349e-01 6.44420087e-01
    9.72895443e-01 6.42612696e-01 5.84749222e-01 9.23139155e-02
    5.15651941e-01 8.81739259e-02 1.55500352e-01 2.06782520e-02
    2.38927841e-01 9.82437015e-01 4.92328972e-01 1.54794902e-01
    9.74197865e-01 6.12877488e-01 3.61031979e-01 4.97466087e-01
    9.11041498e-01 9.33875263e-01 3.75158489e-02 4.54360157e-01
    1.83674008e-01 2.36189157e-01 7.35273063e-01 4.34985697e-01
    6.54737949e-01 6.68495774e-01 9.87964630e-01 8.49252641e-02
    3.05851728e-01 6.10170484e-01 1.23056263e-01 9.28227901e-02
    5.71379900e-01 8.85726035e-01 6.96825504e-01 3.22991014e-02
    6.13182008e-01 6.90880120e-02 8.83187294e-01 2.47972757e-01
    8.94043267e-01 1.80190533e-01 8.86187792e-01 9.64058101e-01
    2.35547721e-01 7.22105205e-02 2.83543795e-01 5.42147160e-01
    9.73191440e-01 3.61678362e-01 9.37023044e-01 1.66336834e-01
    3.34313810e-02 7.27833390e-01 2.32134283e-01 3.35715652e-01
    5.91313481e-01 2.89375335e-01 5.49313486e-01 6.52405500e-01
    1.38431996e-01 2.90585041e-01 1.64089888e-01 4.09873545e-01
    2.80482143e-01 9.07327235e-02 8.46904933e-01 3.37393701e-01
    6.16403282e-01 3.20075512e-01 2.18862265e-01 2.71322072e-01
    8.78782570e-01 3.79188806e-01 7.91110098e-01 2.17259943e-01
    2.76277781e-01 4.06749994e-01 2.88295150e-01 4.22552735e-01
    8.45826149e-01 6.53230309e-01 7.82819390e-01 6.58254683e-01
    3.96639675e-01 3.44561577e-01 3.77235144e-01 3.43394101e-01
    7.92491078e-01 7.62984812e-01 6.86391234e-01 2.89431810e-01
    8.85159612e-01 3.41238141e-01 7.69582093e-02 4.38440859e-01
    9.21923816e-02 2.96604335e-01 5.78009427e-01 1.29398286e-01
    1.78151637e-01 1.10309094e-01 9.25035477e-01 2.83348978e-01
    1.94113225e-01 3.37595880e-01 5.84208727e-01 9.07041311e-01
    1.23573691e-01 8.99312615e-01 4.84408289e-01 6.23331904e-01
    2.04403102e-01 4.68763471e-01 8.90527606e-01 1.50834739e-01
    9.98522162e-01 5.90303302e-01 2.18980074e-01 4.40057516e-01
    4.71649140e-01 2.06960857e-01 7.88244367e-01 1.81205541e-01
    7.34421909e-01 8.25012684e-01 6.11414373e-01 4.41628188e-01
    9.96578038e-02 7.55131125e-01 5.95780730e-01 8.61318648e-01
    8.82062197e-01 1.56959414e-01 2.15987802e-01 7.54657328e-01
    3.78252059e-01 7.35722423e-01 9.30136561e-01 6.94589376e-01
    1.36762410e-01 5.17370224e-01 4.81585115e-01 7.17614293e-01
    9.87649918e-01 9.60699558e-01 6.60043538e-01 8.12512279e-01
    7.89491296e-01 2.68631577e-01 5.49301386e-01 3.38199019e-01
    7.46121287e-01 7.44624436e-01 2.45986670e-01 9.81488168e-01
    8.15152049e-01 6.96164608e-01 8.21489811e-01 1.28391981e-01
    9.17250395e-01 3.35694581e-01 6.34474993e-01 4.68725562e-02
    5.22054315e-01 7.99419463e-01 9.54114556e-01 1.21151716e-01
    9.78759527e-02 6.89575851e-01 6.87939167e-01 6.06726408e-01
    5.06552756e-01 9.77290034e-01 9.89766955e-01 4.92950141e-01
    6.38958931e-01 8.17787945e-01 5.29534042e-01 6.38928950e-01
    3.40852141e-02 5.29049337e-01 2.63190061e-01 8.89109671e-02
    3.96679848e-01 3.43760014e-01 4.05988395e-02 4.26679850e-01
    5.98469496e-01 9.38932776e-01 8.35427284e-01 7.57558107e-01
    6.28070354e-01 3.83845389e-01 8.36717844e-01 9.93939459e-01
    7.52580464e-01 7.68236578e-01 3.94470841e-01 5.45813382e-01
    9.54725325e-01 3.24240446e-01 6.46464348e-01 4.33584452e-01
    9.57915485e-01 1.29338503e-02 3.43067765e-01 5.59101999e-01
    8.95907044e-01 8.65185261e-02 8.81027758e-01 5.27601719e-01
    4.43441689e-01 4.92330611e-01 8.96168113e-01 4.40672576e-01
    4.48482037e-02 6.84392691e-01 3.03671598e-01 5.45972586e-01
    7.98920393e-01 4.76095438e-01 9.89867687e-01 4.59325969e-01
    6.64978862e-01 2.92068660e-01 5.68309665e-01 4.35662746e-01
    2.51624405e-01 4.90459174e-01 2.30406582e-01 2.73127556e-02
    1.80716991e-01 4.70809788e-01 7.28766322e-01 2.88325727e-01
    4.81616527e-01 2.56536007e-01 7.17739880e-01 8.35137486e-01
    3.53939563e-01 5.26507556e-01 5.29491484e-01 7.46884644e-01
    6.11913681e-01 9.16061163e-01 5.30391216e-01 3.31936359e-01
    2.38718182e-01 6.96526527e-01 8.74619544e-01 6.14682674e-01
    9.23642993e-01 1.97617710e-01 5.60710549e-01 9.90546823e-01
    2.73181081e-01 7.24813998e-01 5.10237753e-01 8.36861610e-01
    3.71968955e-01 5.78229368e-01 6.83776855e-01 2.37954170e-01
    5.40751815e-01 4.39498067e-01 5.52820444e-01 4.01917964e-01
    8.38197529e-01 3.24232012e-01 5.86207569e-01 2.06826955e-01
    4.73080426e-01 4.78586823e-01 7.95061290e-01 3.48347187e-01
    2.86808908e-01 8.48891258e-01 6.28583193e-01 1.38086706e-01
    9.82763529e-01 8.32440495e-01 4.06584740e-02 8.41977715e-01
    4.81221169e-01 6.10710263e-01 4.85228747e-01 3.53283405e-01
    2.16613293e-01 3.12218815e-01 6.07545733e-01 5.95604897e-01
    5.54094076e-01 6.79042339e-01 9.10451472e-01 5.57592332e-01
    8.96214128e-01 4.10058230e-01 8.29026222e-01 7.57672429e-01
    1.90402746e-01 7.74074197e-01 8.77345443e-01 1.33250833e-01
    6.86620355e-01 4.73593533e-01 1.78656816e-01 7.48094559e-01
    6.15555346e-01 5.65974832e-01 8.98058236e-01 5.52759707e-01
    1.14507675e-01 6.75635576e-01 1.06696188e-02 5.07458985e-01
    2.26783514e-01 4.68113542e-01 3.00892174e-01 2.69065857e-01
    2.49084324e-01 6.72889233e-01 5.21693647e-01 5.46408296e-02
    1.08585954e-02 2.69925654e-01 1.52659714e-01 8.23787749e-02
    1.58385515e-01 9.40437257e-01 7.22432196e-01 7.41708457e-01
    9.86379981e-01 5.74556231e-01 3.22717547e-01 4.23160821e-01
    6.40907347e-01 8.29314291e-01 1.68468446e-01 5.23329079e-02
    9.16844189e-01 1.98155701e-01 1.45865679e-02 1.66534632e-01
    1.78734750e-01 7.98815489e-01 9.75183725e-01 6.25539184e-01
    6.81924224e-01 4.69203174e-01 1.47403002e-01 8.55160952e-01
    7.47612119e-01 5.51988900e-01 4.56670374e-01 1.16922736e-01
    4.11429405e-02 1.35534734e-01 2.07154125e-01 7.78132975e-02
    5.40110230e-01 2.45379835e-01 5.54948866e-01 3.04811895e-01
    9.59383607e-01 8.26343596e-01 6.32471502e-01 5.36009014e-01
    8.25663328e-01 1.55692905e-01 7.75091529e-01 3.66271615e-01
    8.60521436e-01 7.65329599e-03 6.65044785e-01 7.39026070e-02
    8.93514216e-01 2.99327016e-01 8.84011149e-01 8.30788553e-01
    6.93722725e-01 4.12644297e-01 4.70669478e-01 2.12711036e-01
    7.03975201e-01 8.16685319e-01 9.69286919e-01 9.91558731e-02
    1.25492990e-01 6.65363193e-01 4.09378350e-01 3.30070257e-01
    1.64319158e-01 5.57837486e-01 7.52263725e-01 7.53579736e-01
    5.06666899e-01 9.75703597e-01 8.92854750e-01 1.26715243e-01
    3.44423652e-02 7.12254703e-01 4.36308384e-01 2.03938037e-01
    8.03229094e-01 3.45991194e-01 1.84952497e-01 8.61946344e-01
    7.14713335e-02 7.03177929e-01 6.87416077e-01 8.82999420e-01
    4.19659436e-01 6.08883977e-01 8.38315129e-01 3.53692353e-01
    8.61204803e-01 4.50610012e-01 2.38398671e-01 4.04054135e-01
    9.94773448e-01 4.28697139e-01 2.27300674e-01 4.62344944e-01
    4.20536429e-01 8.21830332e-01 9.78429019e-02 6.78405941e-01
    3.00520360e-02 7.68968165e-01 3.73218179e-01 6.37579560e-01
    7.13060617e-01 6.56181574e-02 5.37808418e-01 6.77876949e-01
    2.06885278e-01 9.63896573e-01 2.03964591e-01 5.02389550e-01
    2.71301270e-02 1.46240711e-01 9.19658840e-01 7.81112432e-01
    5.54023385e-01 5.65507174e-01 3.75426561e-01 1.47717655e-01
    8.42561245e-01 4.21670526e-01 9.44929004e-01 3.10810804e-02
    2.59603918e-01 9.35754597e-01 1.46122962e-01 7.15719104e-01
    9.92532134e-01 5.54853141e-01 8.62958670e-01 7.84534156e-01
    8.75124812e-01 9.23207581e-01 2.71268249e-01 3.38575244e-01
    5.72369397e-01 3.74488652e-01 5.73418498e-01 8.69053125e-01
    5.23444772e-01 2.70443082e-01 6.56196237e-01 4.08699036e-01
    3.98796797e-03 4.02127504e-01 4.90034342e-01 7.24037528e-01
    5.60299218e-01 3.58533740e-01 8.79689872e-01 5.35501540e-01
    4.75527763e-01 9.69355106e-01 7.86148429e-01 1.68429285e-01
    8.81105244e-01 7.65365362e-01 7.12980211e-01 8.15899968e-02
    1.12934411e-01 6.87655807e-01 6.93279266e-01 1.25184059e-01
    2.37398177e-01 6.44113958e-01 8.14618587e-01 2.11040169e-01
    4.14688110e-01 7.96845794e-01 5.73727846e-01 2.22588539e-01
    3.36235464e-02 7.57296801e-01 2.25905478e-01 6.35973155e-01
    1.88404769e-01 5.41246831e-01 8.51395428e-02 1.32310718e-01
    6.60592079e-01 4.45167840e-01 2.32834429e-01 1.91287190e-01
    6.25300944e-01 9.43224251e-01 3.86055917e-01 3.97479653e-01
    6.96521580e-01 6.58390045e-01 5.03370047e-01 1.76479191e-01
    2.28038251e-01 6.00430608e-01 4.46906775e-01 9.55195129e-01
    7.30876803e-01 4.88719642e-02 9.77700889e-01 6.83993161e-01
    3.35164726e-01 6.59048915e-01 7.87247062e-01 2.94290364e-01
    7.91917205e-01 2.28327930e-01 7.07445323e-01 6.93115950e-01
    9.17410910e-01 1.68683529e-01 5.30101538e-01 3.97801995e-01
    3.36768389e-01 5.54529071e-01 2.40446776e-01 4.61739898e-01
    2.68485904e-01 2.96917439e-01 2.37490416e-01 1.29410237e-01
    2.20195085e-01 2.20057368e-02 1.06876820e-01 4.47651982e-01
    2.48525381e-01 7.77079582e-01 1.89458460e-01 5.13194203e-02
    6.04459643e-01 4.71680641e-01 6.82522297e-01 4.81399506e-01
    2.90142357e-01 3.82505894e-01 2.03081965e-01 1.61335856e-01
    7.98124313e-01 9.40432310e-01 3.85228693e-02 5.65593064e-01
    4.61645722e-01 4.87067014e-01 3.81514847e-01 9.79074776e-01
    8.97210240e-02 8.63350272e-01 5.55028439e-01 3.35567147e-01
    8.13623905e-01 6.18584454e-02 2.42224813e-01 8.00538301e-01
    2.66270697e-01 6.00203872e-01 5.62403858e-01 1.77235603e-02
    6.05728030e-01 4.68775183e-01 8.42558861e-01 8.01195383e-01
    9.87990916e-01 4.09399927e-01 2.04482675e-03 2.05693781e-01
    7.96010494e-02 3.83078158e-01 1.02782607e-01 9.07519698e-01
    5.98402917e-01 5.90205371e-01 5.00542879e-01 1.95461124e-01
    6.15040004e-01 6.31215572e-01 4.99100655e-01 5.79812229e-01
    8.72765064e-01 9.79502261e-01 9.32666779e-01 6.09050870e-01
    4.78946328e-01 3.25984776e-01 7.38104343e-01 3.09055567e-01
    2.89724201e-01 2.64539897e-01 8.18740368e-01 1.36082470e-02
    7.93059051e-01 9.28134799e-01 8.20944667e-01 2.80470550e-01
    2.08390564e-01 1.12486869e-01 9.06836689e-02 7.24748731e-01
    5.09324670e-01 6.27578974e-01 1.32721782e-01 2.17545390e-01
    9.62432683e-01 4.90574807e-01 3.17294300e-02 5.65987349e-01
    7.25302696e-01 8.75008345e-01 4.97236520e-01 8.78053665e-01
    9.11679387e-01 9.88920927e-01 9.56722915e-01 2.59310633e-01
    8.57190728e-01 4.01304483e-01 3.87359113e-01 5.37233710e-01
    8.59343052e-01 7.47372866e-01 1.86521143e-01 9.27980781e-01
    5.74805439e-02 4.39918011e-01 6.44202948e-01 9.29485798e-01
    7.11734056e-01 8.33586693e-01 7.39482522e-01 5.24962425e-01
    5.47853112e-02 2.99982578e-01 1.72204882e-01 3.93807054e-01
    6.37592316e-01 8.74574065e-01 5.62317073e-02 5.99160314e-01
    4.71338958e-01 4.01710391e-01 4.43938285e-01 6.25473559e-01
    4.64185923e-01 5.16668916e-01 1.13664448e-01 2.28091121e-01
    5.29184401e-01 7.69107938e-01 8.22656155e-01 9.73049879e-01
    6.63414359e-01 9.59247351e-01 4.51293975e-01 7.52540708e-01
    5.72252274e-02 6.22967541e-01 9.35396671e-01 5.12869060e-01
    1.13399267e-01 6.30579710e-01 5.07357717e-02 5.16012311e-01
    1.26710266e-01 8.12968135e-01 6.21311545e-01 2.16548532e-01
    4.88768965e-01 1.51170194e-02 7.66481340e-01 2.68194020e-01
    7.40471721e-01 8.13028514e-02 1.81537777e-01 4.09613818e-01
    8.42618465e-01 4.67251629e-01 6.47391379e-01 5.40685117e-01
    9.48276043e-01 6.04660809e-01 6.94690943e-02 6.95013046e-01
    5.50803006e-01 8.43274295e-01 1.83972478e-01 1.31800413e-01
    8.56231451e-01 9.32325184e-01 9.51312363e-01 8.09070110e-01
    4.61184651e-01 3.15725207e-01 6.13878191e-01 9.16361928e-01
    5.82226336e-01 9.24476147e-01 2.51598209e-01 7.18796015e-01
    3.27780545e-01 2.06787646e-01 5.64278483e-01 6.63664341e-01
    9.25898671e-01 3.96143824e-01 7.17821479e-01 9.71999049e-01
    1.94684684e-01 2.80730486e-01 4.37303483e-01 7.03809142e-01
    8.32383037e-02 4.32340920e-01 2.65942872e-01 6.90391183e-01
    9.61715519e-01 8.57664824e-01 1.72285080e-01 2.08882153e-01
    5.23212314e-01 8.16810608e-01 9.83752608e-01 7.03664660e-01
    3.28520834e-01 7.19007194e-01 2.68232822e-02 5.34518838e-01
    4.43305492e-01 2.98399270e-01 6.89452887e-01 2.81317472e-01
    5.11156619e-01 4.52667445e-01 7.58123517e-01 3.39770675e-01
    6.45621419e-01 2.10885704e-01 3.39608639e-01 6.37461424e-01
    2.16134191e-02 7.17057824e-01 5.03960073e-01 3.05881023e-01
    1.66595012e-01 5.28636694e-01 7.39317298e-01 1.15218043e-01
    8.44816685e-01 9.18831348e-01 2.89227813e-01 8.62257302e-01
    5.65639496e-01 2.49083042e-02 8.79200757e-01 6.34667873e-02
    2.81207323e-01 8.47628474e-01 9.24235880e-01 8.04349601e-01
    1.93526626e-01 5.22401512e-01 4.49868590e-01 9.81963933e-01
    1.23822510e-01 5.67946970e-01 6.53518915e-01 7.15422273e-01
    5.34965873e-01 5.74496388e-02 8.07261467e-03 2.94915140e-02
    3.10057521e-01 4.80661303e-01 9.78725255e-01 7.74765968e-01
    1.94954306e-01 5.56497157e-01 9.23386812e-01 8.71812820e-01
    9.06172395e-01 2.05605268e-01 8.99580836e-01 2.70828128e-01
    8.51851165e-01 9.74527001e-01 9.60463524e-01 8.28156292e-01
    3.93477082e-02 3.93618882e-01 3.02401483e-01 2.01194257e-01
    3.10576320e-01 9.21921074e-01 3.26709926e-01 8.32510829e-01
    1.58380002e-01 2.78533548e-01 8.72088313e-01 5.62258065e-01
    6.97521627e-01 3.75895262e-01 3.17385763e-01 8.02857637e-01
    7.14965045e-01 1.19722188e-01 9.47070003e-01 7.68558979e-01
    2.08104283e-01 4.69571352e-03 8.59431326e-02 7.92546690e-01
    1.61363125e-01 7.69473791e-01 6.58264339e-01 4.65419918e-01
    2.29556441e-01 4.45685625e-01 5.47213316e-01 3.19197059e-01
    6.95717633e-02 7.94613481e-01 3.30210447e-01 2.08932281e-01
    6.69869423e-01 5.25930822e-01 7.63932228e-01 9.54087198e-01
    5.24904490e-01 1.98523402e-01 3.51814508e-01 2.23696530e-02
    8.97786498e-01 1.02391660e-01 9.39705551e-01 6.46945953e-01
    6.13965571e-01 5.29928505e-01 5.75469673e-01 9.09384131e-01
    6.58263922e-01 1.12792343e-01 3.21356297e-01 9.60515738e-01
    7.20301270e-03 6.56256676e-01 7.42345095e-01 3.76868993e-01
    8.74189019e-01 9.96360779e-02 4.38725770e-01 9.99032497e-01
    1.59461200e-02 2.33056813e-01 7.99168348e-01 7.84020066e-01
    3.94041538e-02 1.65832907e-01 3.00948113e-01 4.74998862e-01
    8.60831857e-01 5.42892933e-01 1.14095837e-01 4.75492567e-01
    4.69773680e-01 3.52398157e-01 3.47374052e-01 9.28084254e-02
    5.71017563e-01 8.79490852e-01 7.47642040e-01 5.73118448e-01
    5.10954678e-01 9.29366946e-02 9.98822927e-01 7.08558977e-01
    2.95118451e-01 7.82923162e-01 2.39819527e-01 4.98216510e-01
    9.87941861e-01 4.26602364e-03 5.86754501e-01 1.32396519e-02
    6.52868390e-01 9.01252925e-02 5.34029007e-01 3.86922002e-01
    9.71820056e-02 8.12135220e-01 6.47721708e-01 9.49765325e-01
    1.90454274e-01 5.61936975e-01 9.80604053e-01 4.91926789e-01
    4.54998016e-02 4.62739944e-01 7.87905455e-01 8.58133137e-02
    3.59938502e-01 9.75418746e-01 1.71219975e-01 3.22835982e-01
    7.50561357e-01 2.22675085e-01 3.10086608e-02 1.43147051e-01
    7.24455655e-01 4.18355763e-01 2.64616251e-01 8.83175969e-01
    5.11096120e-01 1.74840391e-01 6.43152773e-01 8.16373110e-01
    7.09892094e-01 3.85313272e-01 1.37137562e-01 1.57256603e-01
    8.09300244e-02 4.83527154e-01 5.76365829e-01 4.24025327e-01
    2.70434916e-01 7.87317574e-01 7.15659738e-01 2.46700436e-01
    6.59476936e-01 2.64192045e-01 3.06795239e-01 1.25689268e-01
    7.15728641e-01 8.31774175e-01 7.83385634e-02 7.70903051e-01
    7.48494983e-01 5.07177532e-01 6.91049635e-01 3.63903642e-01
    2.04145253e-01 3.81603539e-01 1.73196644e-01 8.86795819e-01
    1.11317873e-01 8.69359016e-01 2.03976303e-01 9.60412920e-02
    7.58907616e-01 4.78200704e-01 2.70294428e-01 2.34947145e-01
    3.50787967e-01 1.64349675e-01 1.98253006e-01 6.20450318e-01
    5.50997853e-01 4.03583467e-01 3.26885462e-01 1.90713316e-01
    1.68230265e-01 6.55269921e-02 5.99841416e-01 8.05074692e-01
    5.36455929e-01 8.68854403e-01 3.95935595e-01 8.95482063e-01
    1.39487505e-01 5.12724638e-01 5.15890598e-01 4.50560421e-01
    9.87058043e-01 6.23028815e-01 4.94772345e-01 3.92123818e-01
    8.58024359e-01 2.62610853e-01 1.23632640e-01 3.99306774e-01
    9.78252053e-01 2.65547931e-01 6.17544174e-01 9.90173459e-01
    2.66219974e-02 4.24190998e-01 5.60998142e-01 5.73781192e-01
    3.61404538e-01 5.98919451e-01 3.50355148e-01 2.00059533e-01
    7.29616284e-01 7.21845865e-01 6.66190684e-01 3.93229753e-01
    4.22575921e-01 3.87046069e-01 3.78841072e-01 7.26994395e-01
    9.65478718e-02 7.81825840e-01 9.72945869e-01 8.84929597e-01
    9.22451615e-01 8.18145275e-01 5.63614368e-01 4.15699542e-01
    5.65049291e-01 4.42769408e-01 3.99222344e-01 3.12359750e-01
    1.54383302e-01 2.06514955e-01 2.97912717e-01 7.44351029e-01
    3.53538364e-01 4.15099025e-01 1.51816607e-02 4.33939844e-01
    5.30862212e-02 4.69743490e-01 8.02077591e-01 7.90295243e-01
    1.68279469e-01 5.30044019e-01 1.85404867e-01 6.01709723e-01
    4.32097405e-01 5.12402833e-01 2.54307926e-01 7.21522331e-01
    7.16987967e-01 1.45742178e-01 3.76423061e-01 4.15139496e-01
    8.27366829e-01 9.21527386e-01 2.43631631e-01 3.35375994e-01
    8.05256248e-01 6.70429885e-01 8.94274414e-02 8.32373738e-01
    2.51157165e-01 8.40596914e-01 5.77850819e-01 2.06064910e-01
    5.32656431e-01 9.25402761e-01 3.79485011e-01 9.85539854e-02
    7.21792698e-01 3.68966520e-01 1.44341290e-02 9.30390000e-01
    1.45906210e-01 4.47807133e-01 1.35210484e-01 1.15679950e-01
    8.61041844e-01 9.64332044e-01 1.73305005e-01 9.31484699e-01
    2.03779578e-01 9.36094820e-01 9.66894150e-01 4.21085387e-01
    7.81785846e-01 6.87810004e-01 2.57981360e-01 2.99154133e-01
    8.16306651e-01 5.99601328e-01 2.40880489e-01 2.12867856e-02
    8.80563140e-01 2.92117923e-01 8.90914798e-02 8.30565095e-02
    9.45255458e-01 1.95843160e-01 1.28878206e-01 6.93151832e-01
    4.45504665e-01 5.09019136e-01 5.85973024e-01 8.21553171e-01
    1.67722106e-01 3.86677831e-01 4.58506763e-01 2.70613283e-01
    5.24968803e-02 5.10936260e-01 2.09200382e-02 8.39727998e-01
    1.58390701e-01 3.36279392e-01 7.58578062e-01 8.23101282e-01
    8.37803006e-01 5.30558288e-01 3.53333831e-01 8.83114219e-01
    8.63731265e-01 3.76729190e-01 5.97844720e-01 1.00895286e-01
    6.46634698e-01 6.86292350e-01 1.26085430e-01 5.17595947e-01
    4.22447830e-01 6.45500541e-01 8.13073575e-01 2.25753576e-01
    3.08624208e-02 7.38864064e-01 3.55155587e-01 4.62009877e-01
    9.65645194e-01 2.85506010e-01 5.38794994e-02 5.48885345e-01
    1.21835053e-01 9.78376508e-01 4.76165891e-01 7.71725893e-01
    7.46795416e-01 8.19452584e-01 2.30124623e-01 2.94648886e-01
    3.83557975e-01 9.22968626e-01 9.96199727e-01 6.55814111e-01
    4.43826675e-01 8.36571217e-01 4.62702006e-01 5.60115874e-01
    6.82880163e-01 6.75237298e-01 6.88421726e-03 2.44816869e-01
    3.46395910e-01 3.25847566e-02 3.75742316e-01 7.71148086e-01
    6.09133303e-01 4.25540715e-01 3.20021451e-01 9.99829888e-01
    7.80693769e-01 9.37005520e-01 6.50329471e-01 5.51872015e-01
    9.58405554e-01 5.41327000e-01 4.31868136e-01 4.33686972e-01
    1.13548666e-01 8.10913980e-01 3.96596104e-01 6.75064445e-01
    6.10295177e-01 9.57205534e-01 6.30434096e-01 8.77872884e-01
    5.36834359e-01 1.95357859e-01 4.00079995e-01 3.46158981e-01
    2.54230052e-01 9.13010478e-01 6.62508726e-01 2.75027066e-01
    5.23871422e-01 9.00007486e-01 9.03517842e-01 7.49430418e-01
    2.16340303e-01 5.43157518e-01 6.97746634e-01 7.33009696e-01
    5.17952383e-01 3.55579674e-01 4.38975692e-01 9.07086968e-01
    4.90718395e-01 9.12665129e-01 1.42187774e-01 8.66014361e-01
    5.82414150e-01 9.86049771e-01 8.09704423e-01 8.68977904e-01
    2.10535437e-01 5.20435274e-02 2.30538547e-01 5.27023494e-01
    9.80574608e-01 2.26055235e-01 2.91741997e-01 2.64792025e-01
    4.02351379e-01 1.99431837e-01 2.52807081e-01 4.82050776e-01
    5.11467516e-01 9.42599475e-02 4.07613486e-01 1.95216954e-01
    2.09177434e-01 2.97059417e-02 3.54786515e-01 9.96717215e-01
    2.84765065e-02 2.58704185e-01 9.72871125e-01 4.57730681e-01
    5.03581107e-01 2.68560350e-01 2.93934226e-01 4.86539304e-01
    2.30010957e-01 2.42720723e-01 4.31929171e-01 2.97932386e-01
    9.65370536e-02 3.64890099e-01 9.73015189e-01 5.38715184e-01
    3.41195107e-01 2.43432462e-01 9.77999926e-01 1.39731199e-01
    7.72230387e-01 5.41271865e-02 4.27164078e-01 3.58712673e-03
    1.24554157e-01 9.12889540e-02 5.88173270e-01 5.65423906e-01
    5.32683909e-01 1.73499465e-01 7.50072718e-01 6.69447780e-02
    3.06119919e-01 8.11075270e-01 9.05202150e-01 6.64686322e-01
    9.65128899e-01 5.14512718e-01 9.46031868e-01 3.76540720e-02
    5.42269647e-01 6.84752464e-01 7.23949611e-01 8.68245482e-01
    9.83515859e-01 4.22705084e-01 9.12426829e-01 5.19647658e-01
    1.83891982e-01 3.97184521e-01 1.80326194e-01 7.11015940e-01
    9.63817000e-01 3.85800421e-01 6.93364382e-01 1.97710484e-01
    7.66821504e-01 6.18316174e-01 5.46637237e-01 7.19716072e-01
    3.09028447e-01 9.17132378e-01 3.76830369e-01 5.64046800e-01
    5.69469035e-02 2.50795752e-01 6.14808679e-01 8.21516991e-01
    1.74686521e-01 5.99871278e-01 9.32069421e-01 3.82555306e-01
    1.49984419e-01 6.29063010e-01 3.75490934e-01 8.64306808e-01
    8.76491308e-01 1.04154885e-01 2.07106471e-01 1.78061634e-01
    2.72550166e-01 6.44022167e-01 3.83640707e-01 2.96389759e-02
    3.62913013e-02 8.69926691e-01 2.63025224e-01 4.26337183e-01
    9.71151829e-01 9.70513582e-01 4.79966283e-01 2.38440514e-01
    9.18096900e-01 5.98368406e-01 9.31687653e-01 4.37667698e-01
    9.60470021e-01 2.35262454e-01 3.36194456e-01 2.89992392e-02
    5.25037348e-02 4.16763723e-01 8.99998605e-01 9.08817649e-02
    6.43776357e-01 3.88089031e-01 7.30131149e-01 2.60301501e-01
    7.01287091e-01 5.22813261e-01 1.85379386e-01 1.68869644e-01
    2.08339363e-01 9.89522338e-02 5.94632626e-01 2.52496600e-01
    6.37440979e-01 1.60717785e-01 2.85288990e-01 2.55114108e-01
    4.51973140e-01 6.75727010e-01 7.44210482e-02 2.67783701e-02
    2.78544962e-01 8.88945639e-01 6.18083835e-01 5.31855583e-01
    5.05287051e-01 7.70299792e-01 4.27868187e-01 4.11939353e-01
    8.48828673e-01 3.72369230e-01 3.19750905e-01 7.67834902e-01
    2.41079122e-01 6.31471217e-01 3.30150723e-01 4.36414719e-01
    8.03595066e-01 3.47773492e-01 3.99444997e-01 5.11985183e-01
    9.80097771e-01 4.65930492e-01 6.17968082e-01 9.28968191e-04
    2.67251670e-01 9.09345508e-01 7.24322200e-01 1.95787966e-01
    8.15469146e-01 9.19464588e-01 9.51529145e-02 2.06875354e-01
    3.84571731e-01 9.82654333e-01 6.11245036e-01 2.98865438e-01
    6.41288757e-01 8.57077122e-01 9.28165913e-01 4.26359177e-02
    5.37059546e-01 9.00213242e-01 7.13890195e-01 7.89045572e-01
    3.40796649e-01 3.36496115e-01 3.49584043e-01 6.50520861e-01
    6.18494391e-01 3.48080397e-01 7.76530445e-01 9.50031459e-01
    8.08967233e-01 7.23699152e-01 8.85073781e-01 8.87365341e-02
    5.65494418e-01 3.61394078e-01 1.06597126e-01 9.20741796e-01
    1.12570435e-01 3.80538672e-01 2.55609632e-01 6.73778236e-01
    7.41127551e-01 5.96163273e-01 1.23818994e-01 4.35058087e-01
    5.66052318e-01 2.14470953e-01 5.21470547e-01 4.95612651e-01
    1.50253057e-01 9.35205817e-01 7.96737611e-01 5.85956514e-01
    9.04320240e-01 4.92300391e-01 4.44646508e-01 8.16093802e-01
    4.24225926e-01 9.10268724e-01 7.29039311e-01 4.40390229e-01
    7.67070055e-03 5.59622109e-01 4.13863897e-01 1.04693770e-02
    7.58509159e-01 7.95966983e-01 7.65274048e-01 9.69172597e-01
    5.70274591e-01 6.66523814e-01 1.99249238e-01 3.34559292e-01
    6.85295224e-01 2.75920272e-01 8.49159479e-01 8.67983520e-01
    6.09230399e-01 4.96303141e-02 3.50370139e-01 8.80823493e-01
    8.15281510e-01 7.90878952e-01 4.88653392e-01 4.65357900e-01
    6.75044715e-01 8.31243992e-02 8.38348746e-01 2.19174355e-01
    3.55302334e-01 7.13566363e-01 7.21362710e-01 5.29145658e-01
    2.71927536e-01 8.69062662e-01 7.81302333e-01 3.85995209e-02
    8.31936300e-01 7.86091626e-01 4.90262628e-01 6.96607471e-01
    2.43623763e-01 4.04033065e-02 7.88271546e-01 4.38356906e-01
    5.44510007e-01 6.19487286e-01 9.42325830e-01 7.49577761e-01
    6.99514270e-01 5.13047040e-01 3.85170788e-01 9.86016273e-01
    6.80429697e-01 2.78990626e-01 3.77938598e-01 7.86164641e-01
    4.52938229e-01 8.61878514e-01 6.51077747e-01 5.77318907e-01
    1.23021692e-01 8.74712586e-01 6.94367588e-01 5.17726541e-02
    4.58282351e-01 4.39271569e-01 4.22562957e-01 7.28359580e-01
    6.19540572e-01 2.37853259e-01 4.94564801e-01 4.11527157e-02
    5.61861455e-01 2.08508700e-01 2.91149020e-01 9.18152571e-01
    2.10004449e-01 9.69049335e-02 5.29762268e-01 4.45922166e-01
    6.70615792e-01 3.27031523e-01 2.67529994e-01 9.31101918e-01
    1.45775706e-01 2.25239992e-01 7.76453555e-01 5.73254287e-01
    5.59402049e-01 2.32083172e-01 5.48298478e-01 1.02264553e-01
    1.90870047e-01 7.55124927e-01 8.46472979e-01 5.23903966e-01
    8.24817479e-01 8.05838704e-01 9.53426480e-01 1.95599288e-01
    3.28033864e-02 8.38872254e-01 6.40529215e-01 1.81597829e-01
    9.60334599e-01 1.23632580e-01 8.87526512e-01 8.64701271e-02
    8.47283363e-01 5.29940009e-01 7.40894377e-01 1.62503064e-01
    9.22101140e-01 4.44660664e-01 7.36230552e-01 4.66816306e-01
    7.97961354e-01 7.06640124e-01 8.32532585e-01 1.41540706e-01
    1.21906489e-01 7.33599067e-01 7.02750444e-01 3.55929255e-01
    7.63409853e-01 8.72830033e-01 8.93535614e-01 9.00494754e-02
    1.16051376e-01 7.66927242e-01 3.07150841e-01 3.08953077e-01
    1.46700293e-01 9.55359221e-01 6.41323566e-01 5.49900413e-01
    9.18870926e-01 6.56537950e-01 8.89204502e-01 8.52480412e-01
    7.23505318e-01 5.02604127e-01 7.89020360e-01 6.99164867e-01
    6.65020943e-01 1.25778109e-01 6.01497352e-01 9.52128172e-02
    5.28880596e-01 1.44166917e-01 6.40044630e-01 2.99861938e-01
    6.17572188e-01 9.75826859e-01 6.80738926e-01 4.47994381e-01
    5.95028698e-01 9.54916120e-01 1.33819759e-01 7.56899834e-01
    4.89979327e-01 1.65289074e-01 7.72531927e-01 7.13102758e-01
    6.48874700e-01 2.50316560e-01 4.16603982e-01 7.53441930e-01
    6.93549871e-01 1.26964748e-02 9.67643857e-01 5.42863607e-01
    8.81890297e-01 2.13674545e-01 7.27869511e-01 6.11845255e-02
    7.95881987e-01 3.97393048e-01 2.92302668e-01 6.79137290e-01
    7.85799742e-01 8.50854278e-01 4.93492156e-01 3.41607302e-01
    1.16710484e-01 5.71005523e-01 5.50683916e-01 8.26602936e-01
    6.54201031e-01 8.64313066e-01 4.81064796e-01 1.01306111e-01
    3.02034438e-01 8.02290559e-01 1.60454512e-02 8.27362776e-01
    9.41647112e-01 8.95364165e-01 1.15358561e-01 8.74924064e-01
    6.42183423e-02 2.97795713e-01 8.90257895e-01 9.09022331e-01
    2.98860192e-01 1.10528678e-01 4.91996914e-01 4.47781980e-01
    2.55405664e-01 9.20651376e-01 5.19675612e-01 9.86153662e-01
    5.36301374e-01 9.48213935e-01 3.30168247e-01 5.35652936e-02
    9.48939681e-01 8.77846181e-02 1.30515188e-01 5.98508954e-01
    2.66067743e-01 6.74779713e-01 4.64820176e-01 8.74684989e-01
    5.01172543e-01 5.33581972e-01 5.95525742e-01 2.35676825e-01
    3.91924202e-01 5.60107887e-01 3.47003222e-01 3.04455876e-01
    9.61347044e-01 1.52909398e-01 7.27135062e-01 9.84251499e-01
    4.64615643e-01 8.53457928e-01 3.30704540e-01 2.72554278e-01
    9.98584270e-01 8.92404854e-01 4.55894470e-02 7.63099194e-01
    7.21025944e-01 9.69834924e-02 8.20892453e-01 3.87502551e-01
    6.22434080e-01 4.63770270e-01 3.87583673e-01 4.48182255e-01
    9.45304632e-01 5.70571423e-03 8.00749183e-01 3.62773120e-01
    5.32219887e-01 5.53352892e-01 5.60309827e-01 6.28091931e-01
    3.71993989e-01 1.28273100e-01 5.43081045e-01 2.68953353e-01
    4.00774896e-01 1.50306612e-01 2.56404370e-01 7.70871222e-01
    7.31067121e-01 4.61564660e-02 1.92485839e-01 7.78810024e-01
    2.97662199e-01 8.88855577e-01 5.32798469e-02 9.83070552e-01
    9.85692739e-01 1.96562320e-01 2.54137367e-01 7.60002434e-02
    4.23670292e-01 5.02281725e-01 4.75548327e-01 8.15764308e-01
    3.25870723e-01 8.76940012e-01 9.73497272e-01 9.63713884e-01
    6.77551031e-02 3.38077217e-01 8.44167352e-01 5.99966466e-01
    5.73965907e-03 7.18491614e-01 9.00576711e-01 8.10519576e-01
    3.06159019e-01 5.31744063e-02 6.16814077e-01 1.44881487e-01
    7.73390770e-01 7.97584653e-03 8.60224009e-01 3.22070479e-01
    4.59070563e-01 6.97681487e-01 6.26232624e-01 2.33369976e-01
    9.75023031e-01 5.30888975e-01 6.83275402e-01 3.90955836e-01
    5.82897067e-01 3.50271583e-01 9.22564268e-01 8.48437369e-01
    4.30440873e-01 1.30739003e-01 1.73296928e-01 2.39551544e-01
    3.85170877e-02 8.68923008e-01 2.99400270e-01 8.34892988e-01
    2.09460378e-01 9.08318341e-01 2.76810825e-02 5.19979656e-01
    6.33675098e-01 7.34999299e-01 2.98947781e-01 7.37375617e-01
    8.80152941e-01 9.37525988e-01 4.79921103e-02 8.83503318e-01
    5.10231853e-01 2.63870656e-01 7.60921538e-02 2.10351676e-01
    6.13562167e-01 6.16968989e-01 2.14941859e-01 5.61233163e-01
    2.84241796e-01 3.54058206e-01 1.39367580e-03 1.60624504e-01
    1.46490932e-02 5.33970892e-01 2.32667983e-01 8.99095178e-01
    6.29442453e-01 3.85413885e-01 4.70548898e-01 2.20893115e-01
    2.06654280e-01 7.91190565e-02 5.81360400e-01 8.16790581e-01
    2.68830299e-01 7.28673279e-01 9.45171893e-01 7.41647482e-01
    4.17969406e-01 7.89085865e-01 3.69553924e-01 1.79905891e-02
    2.07415819e-02 4.28788960e-01 7.79448986e-01 3.70193332e-01
    9.15703654e-01 8.26957405e-01 9.72481787e-01 9.56632376e-01
    1.16302073e-02 9.10371661e-01 2.74489731e-01 8.48388612e-01
    9.29354429e-01 6.39206171e-02 3.82742852e-01 9.73192513e-01
    6.31704390e-01 2.49636173e-03 2.13920832e-01 5.24584413e-01
    9.30280149e-01 3.32266539e-01 7.18732059e-01 6.33693278e-01
    8.25184882e-02 8.91765058e-01 2.45094568e-01 4.03676808e-01
    5.28357923e-02 9.65131223e-02 4.76003289e-02 8.34396839e-01
    9.35837030e-01 3.24210167e-01 8.75108004e-01 2.58546710e-01
    7.14395523e-01 7.91015387e-01 9.76225495e-01 2.84517527e-01
    5.99680305e-01 1.24194920e-02 8.63330662e-01 7.42817461e-01
    6.37052953e-01 7.58143425e-01 8.24954867e-01 3.98370445e-01
    9.72025037e-01 5.70798934e-01 1.23390198e-01 1.69282436e-01
    2.99814045e-01 1.49242252e-01 3.73792171e-01 5.33010364e-01
    7.90298939e-01 3.18766057e-01 7.51318932e-01 3.75375003e-01
    8.77055526e-02 3.69930059e-01 4.53309238e-01 5.25950134e-01
    8.10893178e-01 8.07002664e-01 3.21117043e-01 3.83307934e-01
    6.42149806e-01 1.45802945e-01 3.73052865e-01 1.50165677e-01
    6.47783816e-01 8.58642817e-01 8.98580849e-01 6.55211449e-01
    1.49129659e-01 6.89150333e-01 3.54325473e-01 7.75171995e-01
    9.68028009e-02 9.27836657e-01 3.83469939e-01 9.78531957e-01
    3.11177969e-03 6.16611421e-01 9.68908310e-01 5.43690443e-01
    9.32420015e-01 3.43471289e-01 8.60166907e-01 3.20049584e-01
    4.74538654e-01 7.88968205e-01 7.78012872e-01 2.28906363e-01
    5.46741247e-01 3.81814033e-01 4.37163323e-01 8.30630898e-01
    6.52773976e-01 9.49042439e-01 7.24177301e-01 4.29076850e-01
    3.62618655e-01 3.50783378e-01 1.92289740e-01 4.23590481e-01
    1.64183974e-01 8.97429943e-01 8.59699070e-01 4.96033996e-01
    4.34351325e-01 6.20002031e-01 2.44174957e-01 9.35972452e-01
    9.97010767e-02 3.89387012e-01 2.61590362e-01 3.06101382e-01
    4.78538841e-01 7.04817355e-01 9.06859040e-02 8.56873155e-01
    9.41300035e-01 3.60521764e-01 8.63190830e-01 5.93471766e-01
    8.18296373e-01 9.20514882e-01 6.86086595e-01 5.07914603e-01
    1.80432022e-01 8.96587789e-01 4.60881203e-01 8.13427031e-01
    5.87772429e-01 8.93420875e-02 7.88231492e-01 9.15583134e-01
    7.88409829e-01 4.00115937e-01 5.29874206e-01 8.03310990e-01
    9.29842770e-01 3.13917279e-01 7.65682161e-02 2.43808836e-01
    8.28601420e-01 4.56279159e-01 1.08832061e-01 6.62806630e-01
    5.12686074e-01 3.39760005e-01 2.98307121e-01 8.19376826e-01
    5.76873422e-02 4.29647923e-01 6.55431330e-01 1.89369619e-02
    3.72599125e-01 9.21021461e-01 4.35178488e-01 4.41914916e-01
    7.61906862e-01 2.32928634e-01 4.80596125e-02 3.69937122e-01
    9.69367564e-01 1.03421748e-01 1.48427010e-01 8.69918227e-01
    2.41474926e-01 1.93503380e-01 9.26778555e-01 8.43804479e-01
    5.43833733e-01 7.19664812e-01 5.17452955e-01 2.66283274e-01
    9.34400320e-01 4.09008741e-01 1.02003515e-02 9.46523964e-01
    3.51923048e-01 7.87775993e-01 8.22314858e-01 5.40230632e-01
    9.76617873e-01 1.48621976e-01 6.61463022e-01 8.57091367e-01
    5.80225885e-01 9.30822849e-01 7.41930723e-01 2.96067119e-01
    5.42508364e-01 1.98598802e-02 6.03686631e-01 2.49696314e-01
    4.01830137e-01 3.94839495e-01 2.01923698e-01 6.19405925e-01
    7.81417012e-01 5.20900965e-01 3.83236110e-01 6.52260602e-01
    5.92130125e-01 5.46115458e-01 5.56129038e-01 1.44487679e-01
    8.78044724e-01 8.17201495e-01 7.26863623e-01 8.23431492e-01
    1.10595465e-01 4.42715138e-01 2.72614419e-01 1.84714794e-03
    3.44086498e-01 8.23076546e-01 7.37696707e-01 7.23558307e-01
    1.52056932e-01 2.79268324e-01 4.29492295e-01 1.61088198e-01
    9.16215956e-01 9.11335588e-01 1.77600384e-01 7.11672962e-01
    5.86600065e-01 1.54089183e-01 9.68572915e-01 5.19869983e-01
    4.98694479e-01 5.31190097e-01 3.63922834e-01 4.72426593e-01
    8.31076980e-01 9.09943104e-01 7.32188225e-01 8.04113269e-01
    5.54428279e-01 1.13436848e-01 1.49205089e-01 8.41645360e-01
    6.07410789e-01 8.05904150e-01 5.53626359e-01 3.83716881e-01
    3.52180243e-01 8.99035811e-01 7.71402717e-01 7.28238940e-01
    1.94366485e-01 8.72129500e-01 8.48884344e-01 6.28755689e-01
    3.99628282e-02 9.37749386e-01 6.78614140e-01 1.88353658e-03
    3.27253640e-01 2.90008068e-01 8.05001855e-01 7.56256223e-01
    2.86424994e-01 5.94705641e-02 4.53381658e-01 6.09348536e-01
    5.84326923e-01 5.68895817e-01 7.83432126e-01 2.84629941e-01
    4.85204130e-01 7.78230131e-01 4.53107119e-01 3.21724802e-01
    9.57481980e-01 5.93024969e-01 4.71232980e-01 5.18192410e-01
    3.86622280e-01 3.93928885e-01 7.97317743e-01 6.39484406e-01
    1.16780043e-01 4.82414663e-01 3.40988874e-01 8.69330287e-01
    2.64798820e-01 9.72307622e-02 8.72514725e-01 1.44046366e-01
    2.83744663e-01 9.20080185e-01 9.64752197e-01 9.03461218e-01
    9.23278689e-01 7.23757446e-01 9.71215904e-01 4.03982967e-01
    3.41187418e-02 6.70527816e-01 6.11511230e-01 3.76678616e-01
    1.75186396e-02 4.31630671e-01 3.76707435e-01 4.46111858e-02
    2.64146745e-01 7.13807464e-01 8.35001290e-01 6.92574084e-01
    3.40739191e-02 3.27485919e-01 9.04666066e-01 1.75442308e-01
    9.17796969e-01 2.85592467e-01 1.26197457e-01 8.64622116e-01
    1.35914385e-01 4.57970917e-01 4.83424783e-01 2.86783218e-01
    9.59977806e-01 1.73959136e-03 9.36931491e-01 3.11034113e-01
    7.58329213e-01 2.31587082e-01 4.69490647e-01 2.11615175e-01
    1.19464308e-01 6.52322292e-01 2.43424714e-01 6.05867207e-01
    3.32433462e-01 7.60617614e-01 6.68264151e-01 7.81004727e-02
    6.46491289e-01 4.13167417e-01 7.56119490e-02 7.07414210e-01
    5.34155548e-01 9.51685309e-01 9.86720264e-01 2.02844411e-01
    7.66914129e-01 9.47837949e-01 8.41364145e-01 7.81941712e-01
    7.35765457e-01 3.97218347e-01 8.12273920e-02 9.56832767e-01
    9.90941525e-01 5.11242747e-02 8.77415240e-02 8.47153544e-01
    6.19441271e-04 1.93718404e-01 5.95689416e-01 2.87591219e-01
    9.06595469e-01 8.25667977e-02 1.72003150e-01 5.58979213e-01
    4.24201459e-01 8.66352081e-01 1.19404525e-01 8.77549589e-01
    9.25092697e-02 2.05066592e-01 3.51061046e-01 7.50841677e-01
    6.18409276e-01 2.90098459e-01 5.79603791e-01 8.24472487e-01
    4.80045319e-01 9.06867385e-01 8.12097847e-01 4.90073025e-01
    3.01740527e-01 8.84502232e-02 2.05412120e-01 9.23089862e-01
    6.61257982e-01 6.69332802e-01 7.15815067e-01 3.59211922e-01
    5.84632695e-01 6.58938110e-01 3.04897904e-01 3.50850761e-01
    5.40927172e-01 1.21913999e-01 7.42408037e-01 5.71814299e-01
    8.81608009e-01 5.20724058e-01 1.48160160e-02 5.72750688e-01
    1.71866894e-01 2.82579303e-01 5.66119432e-01 4.76793081e-01
    5.83897889e-01 8.74976635e-01 2.46089995e-02 9.82914448e-01
    6.61512673e-01 7.09744215e-01 8.38376522e-01 6.32020414e-01
    2.80952930e-01 8.31613064e-01 8.01793337e-01 1.93327248e-01
    1.31900370e-01 8.55901062e-01 6.98353529e-01 6.04289889e-01
    9.18841481e-01 8.19057465e-01 7.20144153e-01 4.49442595e-01
    8.12902570e-01 5.35853744e-01 9.30463672e-01 7.78115392e-01
    6.67278647e-01 6.50803208e-01 3.75047654e-01 4.78205919e-01
    5.62157691e-01 9.88081872e-01 3.25607240e-01 5.06954193e-01
    2.13030577e-02 1.60029918e-01 1.73082441e-01 8.98759007e-01
    2.04790294e-01 2.67890632e-01 3.69033694e-01 2.14219689e-02
    1.79222465e-01 9.27327394e-01 6.86971784e-01 9.06517267e-01
    6.63792491e-02 3.33321869e-01 3.35913450e-01 8.19423318e-01
    3.47159624e-01 1.21271342e-01 4.84086841e-01 5.05654454e-01
    9.59653378e-01 1.09146982e-01 6.45656824e-01 4.69809771e-03
    5.05960226e-01 5.85791469e-01 6.12524271e-01 9.51906800e-01
    4.95880753e-01 8.34805071e-02 9.19247329e-01 2.26619273e-01
    2.28554010e-01 5.38218081e-01 9.26971197e-01 3.74761820e-01
    1.14801019e-01 4.85213101e-01 2.40817219e-01 5.92498422e-01
    9.18524384e-01 1.54858977e-01 7.74137259e-01 5.68673372e-01
    2.75596976e-02 3.00419331e-03 8.27371120e-01 7.09484577e-01
    9.47454929e-01 2.23254889e-01 4.35854673e-01 2.33289182e-01
    1.31595761e-01 4.19292688e-01 4.28111583e-01 5.31170189e-01
    1.40508950e-01 3.64414632e-01 1.45389050e-01 7.67129540e-01
    8.85880709e-01 9.67292607e-01 7.36728847e-01 9.49135184e-01
    3.18508178e-01 7.95208633e-01 3.23336720e-02 2.28617817e-01
    6.54530227e-01 5.63066781e-01 2.34330744e-01 4.82178658e-01
    2.14530259e-01 3.83786917e-01 2.91631073e-01 9.57347989e-01
    8.87313068e-01 8.91782939e-01 6.69065416e-01 8.80652905e-01
    7.83744097e-01 7.06092179e-01 8.27886462e-01 3.39239478e-01
    6.95755422e-01 1.87835097e-01 1.14754647e-01 7.27848947e-01
    9.94453073e-01 9.28562462e-01 4.29790407e-01 8.54515314e-01
    8.99882019e-01 5.04894555e-01 6.47811353e-01 6.56689465e-01
    2.81107605e-01 4.20704991e-01 9.92721200e-01 6.40662611e-02
    1.02196336e-01 9.10787523e-01 7.51416028e-01 5.30246496e-02
    3.63733411e-01 8.19334388e-01 8.28399897e-01 5.02599061e-01
    8.12697887e-01 3.44232917e-01 3.36832225e-01 5.67037642e-01
    1.59123272e-01 8.66339386e-01 3.36509347e-02 2.77166188e-01
    6.30643487e-01 7.55184352e-01 1.65362895e-01 7.20074832e-01
    9.39145148e-01 8.40072989e-01 6.09644830e-01 1.05087221e-01
    3.46611619e-01 9.16890025e-01 4.64443564e-01 7.37301409e-02
    7.08927870e-01 3.71601552e-01 5.80551922e-01 2.82491237e-01
    1.55037940e-01 8.35541725e-01 9.14341807e-02 6.57310724e-01
    2.58267581e-01 2.39011049e-01 9.59544778e-01 9.23638165e-01
    4.46419209e-01 9.20557439e-01 8.73822212e-01 1.46410167e-02
    4.61782902e-01 9.06477332e-01 2.52171189e-01 9.58832622e-01
    8.22805762e-01 6.73105717e-01 9.57990408e-01 8.52044702e-01
    5.23356915e-01 1.30144298e-01 2.09476233e-01 8.85002911e-02
    8.59847546e-01 5.89091361e-01 5.32060146e-01 4.64053363e-01
    3.90581667e-01 8.16155612e-01 2.57275939e-01 4.74416077e-01
    6.80564404e-01 5.37741184e-03 7.67490864e-01 6.71516120e-01
    9.83753443e-01 2.10936368e-01 4.15417552e-02 6.48702025e-01
    3.52745712e-01 5.48371851e-01 9.59085226e-01 1.29443794e-01
    6.82923973e-01 6.28892481e-02 2.87283868e-01 6.74819708e-01
    9.32489693e-01 4.36310351e-01 6.51036620e-01 3.17879319e-01
    5.90934753e-02 7.29662478e-02 3.44385117e-01 2.71791279e-01
    7.86743522e-01 6.06915534e-01 8.57242942e-01 6.38997674e-01
    2.30065465e-01 7.06176102e-01 2.51877874e-01 6.33001447e-01
    3.74128282e-01 3.38768065e-02 8.27002585e-01 4.36526507e-01
    3.95969689e-01 8.35745215e-01 4.41787392e-01 9.53546762e-02
    4.62514877e-01 6.22628927e-02 3.87971938e-01 8.98353279e-01
    5.63482046e-02 6.27359211e-01 4.09223258e-01 5.53779602e-02
    6.98632121e-01 6.18813217e-01 3.19559097e-01 9.38150465e-01
    2.43307948e-02 5.60643017e-01 2.90087879e-01 7.54734337e-01
    1.74695522e-01 5.60067356e-01 1.27701521e-01 9.82521772e-01
    9.06031013e-01 8.74186456e-01 2.95531631e-01 9.88980830e-02
    3.08117121e-01 3.45669150e-01 5.91038108e-01 7.90046334e-01
    5.07979393e-02 8.62063885e-01 1.10678971e-02 4.27555859e-01
    6.80586100e-01 5.14106512e-01 4.53573167e-01 8.94978344e-02
    8.94138575e-01 6.46698952e-01 6.80502474e-01 2.45329618e-01
    2.04368979e-01 7.72991896e-01 8.56308579e-01 8.95028114e-01
    5.51948249e-01 7.02752471e-01 3.22463900e-01 6.52561784e-01
    8.35177541e-01 6.82608187e-01 6.04365647e-01 5.48919380e-01
    9.13616300e-01 3.59548599e-01 5.83071351e-01 2.87121534e-01
    1.89849615e-01 1.81629002e-01 8.39671254e-01 4.71838355e-01
    7.99470663e-01 9.29192424e-01 2.71119654e-01 1.86997235e-01
    6.05829000e-01 3.22672606e-01 7.28391409e-01 5.61362505e-01
    3.58800083e-01 2.73229480e-01 4.71594393e-01 4.66538370e-02
    4.16292876e-01 8.48047256e-01 9.73992229e-01 4.73351479e-02
    7.26747632e-01 4.48926419e-01 2.27856189e-01 5.84205389e-01
    9.06467438e-01 6.04894161e-02 9.45046306e-01 1.50443375e-01
    1.87669396e-01 3.35666478e-01 5.87793589e-02 5.92934489e-02
    2.02309191e-02 1.41572773e-01 6.24863505e-02 2.87869275e-01
    6.76014662e-01 6.88329637e-02 1.08020663e-01 2.77295470e-01
    6.20963275e-02 5.18545926e-01 5.96830964e-01 9.44873571e-01
    3.50274265e-01 9.62228537e-01 1.76595390e-01 2.27468789e-01
    2.55241692e-01 5.47751427e-01 6.97190762e-01 5.39928138e-01
    5.63575327e-01 4.47175890e-01 2.50890136e-01 3.77176672e-01
    1.69722885e-01 9.81218100e-01 2.98673630e-01 5.42391062e-01
    9.49129283e-01 7.72584796e-01 1.29761696e-01 7.41100430e-01
    3.82085621e-01 3.83423239e-01 1.16370440e-01 3.29386771e-01
    2.60258794e-01 2.38166511e-01 5.86812377e-01 9.96254206e-01
    2.47768164e-01 7.98147500e-01 5.55226445e-01 5.75777590e-01
    1.82970256e-01 7.91913688e-01 3.27985644e-01 4.67408597e-01
    1.56123728e-01 2.37512410e-01 2.67596453e-01 7.11851358e-01
    6.03659451e-02 5.70759058e-01 6.52849674e-01 5.22747755e-01
    2.01579928e-01 6.51515603e-01 7.85203159e-01 2.98196375e-02
    6.12182140e-01 5.25662541e-01 5.70482016e-01 1.45992488e-01
    1.73875958e-01 7.95151472e-01 1.97324246e-01 2.33263671e-01
    6.83768690e-01 2.21813500e-01 5.93522668e-01 6.18028760e-01
    7.30267406e-01 6.02418184e-01 9.90416527e-01 1.62155628e-02
    5.82849026e-01 4.46223885e-01 7.04089522e-01 1.32484287e-01
    6.49853528e-01 8.88989329e-01 3.17835212e-01 1.24066561e-01
    2.28992045e-01 9.66536105e-01 8.89842749e-01 7.11702108e-01
    2.33635336e-01 5.46627522e-01 8.37664485e-01 5.88256717e-01
    1.15843028e-01 2.31412828e-01 6.72517657e-01 8.20077479e-01
    7.95120895e-02 8.83354306e-01 1.97942495e-01 4.18942451e-01
    4.42533314e-01 2.52674520e-01 3.16223025e-01 6.49954259e-01
    2.07793713e-03 4.06145602e-01 1.57295823e-01 5.68687439e-01
    4.10595894e-01 1.73246861e-03 1.48503661e-01 5.85639000e-01
    8.93724680e-01 6.38467193e-01 4.64787275e-01 2.22096384e-01
    6.96038783e-01 8.24187160e-01 3.40935409e-01 8.23214054e-01
    4.74773288e-01 3.37238282e-01 9.57366586e-01 7.28043199e-01
    7.60140121e-01 2.48250961e-01 4.76105511e-02 3.54942977e-01
    4.62976187e-01 9.85068679e-01 2.65550822e-01 8.79049003e-02
    1.64257973e-01 3.09032202e-03 3.56097370e-01 4.84359384e-01
    2.95439065e-02 1.43473327e-01 8.99972677e-01 6.02231741e-01
    2.26696312e-01 8.89991760e-01 5.84058702e-01 6.48975372e-01
    3.60918820e-01 3.01692963e-01 2.22362369e-01 1.42601997e-01
    3.83573622e-01 8.04116070e-01 8.86758208e-01 3.48305404e-02
    2.80119419e-01 5.92579067e-01 5.63361645e-02 1.18136108e-02
    7.05172420e-01 5.91930747e-01 9.34186220e-01 4.21943754e-01
    6.30317330e-01 3.91539961e-01 6.96149826e-01 4.88531083e-01
    9.23377633e-01 9.53295708e-01 3.98061633e-01 2.24199057e-01
    1.50130600e-01 5.14702141e-01 1.06197715e-01 8.38914037e-01
    8.29208136e-01 5.89349389e-01 5.36328852e-01 1.61553860e-01
    8.25955987e-01 2.63087362e-01 4.80924666e-01 1.88367844e-01
    8.47535372e-01 2.88565874e-01 8.04189086e-01 2.66132057e-01
    1.31505996e-01 5.87676942e-01 5.24656832e-01 7.42414594e-01
    7.43997514e-01 9.96594965e-01 9.30173397e-01 1.18177205e-01
    1.42854273e-01 9.37452078e-01 8.14999104e-01 8.08583736e-01
    5.63637018e-01 9.79503632e-01 4.19998258e-01 6.06572270e-01
    8.80385637e-01 7.66638756e-01 4.86217439e-01 3.49038243e-01
    1.12303883e-01 8.38231504e-01 6.91690803e-01 7.16643691e-01
    7.03592300e-01 2.75047123e-02 2.94297040e-01 2.43851423e-01
    4.09062684e-01 7.56168365e-01 2.95481563e-01 8.73147666e-01
    1.72243714e-01 2.94533372e-01 4.09107655e-01 5.93647480e-01
    5.31387389e-01 7.24274814e-01 1.66359812e-01 6.11950934e-01
    2.24679947e-01 8.83663595e-01 1.27261758e-01 4.36595470e-01
    6.51274562e-01 6.97282970e-01 3.83706689e-01 4.21578974e-01
    9.96377230e-01 2.69326806e-01 7.54349828e-01 9.14824188e-01
    7.28307068e-01 3.78207386e-01 4.63358700e-01 4.97691423e-01
    4.73184675e-01 3.66151333e-01 7.82475591e-01 2.23371536e-01
    2.62749195e-01 5.96340775e-01 4.23196346e-01 1.14743024e-01
    7.63962746e-01 8.18961263e-01 3.94456923e-01 2.63767093e-01
    6.59346163e-01 9.75548387e-01 8.48944664e-01 3.64498436e-01
    5.31308651e-02 5.85979462e-01 9.36438739e-01 5.63932776e-01
    8.08841705e-01 4.71278250e-01 8.42675269e-01 9.81777430e-01
    4.75581795e-01 2.50362426e-01 7.81248212e-01 7.00835288e-01
    9.67022002e-01 7.02618003e-01 9.79421735e-01 1.93465233e-01
    8.71704221e-01 1.24007761e-01 6.24920368e-01 7.97138631e-01
    4.42489177e-01 8.74264121e-01 4.42343950e-01 8.11635733e-01
    9.02068615e-01 3.35354090e-01 6.62911892e-01 7.00558543e-01
    4.68012840e-01 6.73991978e-01 3.14084828e-01 1.79135948e-01
    8.12519252e-01 5.01568377e-01 5.49340904e-01 9.39489603e-01
    7.98259616e-01 3.07391882e-01 8.66467237e-01 3.77591252e-01
    5.58373809e-01 4.84603763e-01 1.92073047e-01 5.38921356e-01
    2.65466571e-01 9.37525868e-01 7.42059350e-01 2.39739925e-01
    2.95629680e-01 7.34603763e-01 3.48440707e-01 4.47828978e-01
    3.82327527e-01 3.97464335e-01 5.41618824e-01 1.37532949e-02
    1.11168921e-02 3.48864019e-01 2.35385358e-01 7.56788254e-01
    7.32851386e-01 6.03972971e-01 8.62652183e-01 8.26455951e-01
    6.06473505e-01 5.03906250e-01 9.52179134e-02 6.35420084e-01
    5.00012338e-02 7.48810172e-03 9.74831879e-02 1.39847219e-01
    5.49669683e-01 5.28461874e-01 6.14884019e-01 7.26334214e-01
    6.38186693e-01 7.95607269e-01 4.13190007e-01 7.87278056e-01
    3.23930919e-01 2.46871620e-01 4.91254121e-01 8.05776596e-01
    1.68676347e-01 1.62158132e-01 2.63957113e-01 2.22673237e-01
    3.98861557e-01 5.28433084e-01 2.99403220e-01 9.10570383e-01
    5.93629479e-03 4.44513798e-01 2.10503936e-02 9.24652219e-01
    6.77576542e-01 4.10054773e-01 1.95356011e-01 6.63286924e-01
    1.64139867e-01 5.08516490e-01 7.15358853e-01 5.18043637e-01
    5.10511398e-01 9.97076154e-01 2.81532049e-01 7.62715459e-01
    6.86686754e-01 7.94797301e-01 6.39212012e-01 3.15374732e-01
    1.10907853e-01 1.62478894e-01 4.84087348e-01 4.37608957e-01
    4.52500224e-01 2.42382288e-01 9.88945305e-01 2.16067344e-01
    7.17730582e-01 4.71011877e-01 7.23872602e-01 8.75824690e-01
    6.28893733e-01 6.42323613e-01 6.38288438e-01 7.43257105e-02
    2.78105199e-01 2.24740446e-01 9.68481004e-01 7.53244579e-01
    3.75049651e-01 3.27888966e-01 2.06318736e-01 9.89225507e-01
    6.26283765e-01 9.86086369e-01 3.65551621e-01 8.49728465e-01
    3.55655670e-01 5.81506848e-01 3.27887923e-01 5.87576568e-01
    9.00410533e-01 8.82409155e-01 5.67280293e-01 2.62701094e-01
    8.10088813e-02 1.50669217e-02 5.61255395e-01 3.54220182e-01
    1.96411818e-01 8.61871481e-01 5.73267341e-01 2.93015599e-01
    7.54178166e-01 1.39656663e-01 8.34995747e-01 8.22724700e-02
    5.81998408e-01 6.96210325e-01 8.31109285e-02 5.08972108e-02
    9.54280496e-01 4.22691166e-01 3.10579538e-01 1.11030966e-01
    7.99201727e-01 3.87707472e-01 9.60125744e-01 8.04283917e-02
    9.03212667e-01 3.94933522e-01 6.49686217e-01 2.48346031e-02
    4.00918126e-02 2.27825582e-01 4.98178840e-01 5.19587457e-01
    1.56750262e-01 5.33471107e-01 8.95989776e-01 7.01731443e-01
    1.21783048e-01 9.25966203e-02 1.23949498e-01 4.71490562e-01
    1.19133711e-01 4.65721190e-02 3.95449668e-01 1.35220617e-01
    6.71891928e-01 9.72180128e-01 8.30946445e-01 7.13056445e-01
    9.23453033e-01 8.44691098e-02 2.30303645e-01 7.79581785e-01
    9.90325928e-01 4.07177776e-01 3.15442920e-01 9.95903254e-01
    9.37833130e-01 8.56648326e-01 4.28124756e-01 6.75311148e-01
    6.61524236e-01 5.69954157e-01 3.62353653e-01 8.18079472e-01
    5.42796075e-01 4.96823490e-02 7.47243226e-01 3.12148392e-01
    2.13445634e-01 6.71799719e-01 1.85518235e-01 2.30244249e-01
    2.28066981e-01 9.05977130e-01 8.87737036e-01 9.08017218e-01
    3.89448822e-01 7.82831192e-01 5.80326319e-01 4.62848842e-01
    9.84972596e-01 6.75319135e-01 5.91886401e-01 6.26576543e-01
    6.28400981e-01 3.89134735e-01 2.72120833e-01 1.38820350e-01
    1.61690652e-01 6.04369819e-01 2.54325300e-01 7.84002841e-02
    1.21358722e-01 6.96871340e-01 9.72510934e-01 7.24278271e-01
    2.57373035e-01 9.65366066e-02 7.61810839e-02 1.84491277e-02
    3.18327397e-01 9.37126815e-01 7.77246535e-01 2.76918352e-01
    9.91968393e-01 5.25836408e-01 2.65690506e-01 8.51787925e-02
    5.50243497e-01 2.88921595e-01 4.63264823e-01 9.49430823e-01
    1.80635870e-01 7.08423197e-01 2.75898665e-01 3.56381297e-01
    3.37629497e-01 1.47165775e-01 6.23867691e-01 5.64792156e-01
    8.69150281e-01 6.53593481e-01 6.09903038e-01 5.45629144e-01
    7.85732567e-01 8.22006226e-01 3.17267418e-01 4.10935581e-02
    5.81438661e-01 9.41795766e-01 8.48558664e-01 1.12548709e-01
    4.82490391e-01 7.37298489e-01 3.52479696e-01 8.16919327e-01
    5.46365976e-02 2.00193524e-02 2.94180155e-01 4.09373313e-01
    8.96094024e-01 3.43656540e-01 6.22102559e-01 1.19963437e-01
    1.59251392e-01 4.16748405e-01 9.76028800e-01 3.15731168e-01
    8.74963760e-01 1.62762761e-01 8.36665332e-01 1.57055408e-01
    7.58066952e-01 6.50702953e-01 1.42947495e-01 5.56604505e-01
    8.10166776e-01 5.46883404e-01 2.13101506e-03 6.17389500e-01
    8.00508559e-02 3.62798691e-01 3.29757571e-01 3.65862191e-01
    1.16021186e-01 3.80877703e-01 8.47982943e-01 2.27465093e-01
    7.07539499e-01 9.06790137e-01 5.32346547e-01 7.56923974e-01
    2.13675350e-01 2.50846833e-01 6.91701829e-01 9.53965425e-01
    8.38174462e-01 8.83690357e-01 4.44569319e-01 6.68999255e-01
    6.33749008e-01 9.70229864e-01 4.87233818e-01 4.14612293e-02
    7.96667337e-01 6.22279048e-02 6.10152483e-01 8.18309486e-02
    1.68275893e-01 7.13523030e-01 7.44504690e-01 5.18828034e-02
    2.32960433e-01 9.33929384e-02 1.14312530e-01 8.15118551e-01
    7.26866484e-01 5.53700328e-01 6.17789805e-01 1.05242968e-01
    6.80732906e-01 4.73873615e-01 3.94802839e-01 1.77095890e-01
    5.13299286e-01 5.90707719e-01 7.99216032e-02 1.61957771e-01
    8.25517058e-01 1.49611235e-02 4.50624257e-01 6.24983490e-01
    4.77601737e-01 1.99047595e-01 1.38360798e-01 2.07287282e-01
    2.32051641e-01 1.03356302e-01 3.80821645e-01 9.01329637e-01
    2.95583844e-01 8.45472932e-01 9.47860479e-01 9.35512424e-01
    3.38982105e-01 9.13755536e-01 2.59009689e-01 5.05968571e-01
    4.98432726e-01 7.35206008e-01 4.08249468e-01 6.71561837e-01
    9.69687700e-01 7.66710341e-01 6.44887269e-01 8.44913244e-01
    8.21711838e-01 9.68535542e-01 8.60399246e-01 9.98159230e-01
    2.17397124e-01 2.77317435e-01 4.08587098e-01 6.03505611e-01
    3.78492236e-01 1.91560149e-01 7.63003111e-01 8.75452578e-01
    9.32940245e-01 7.30380774e-01 3.18503380e-03 1.66335225e-01
    2.91792333e-01 3.40225071e-01 4.16195273e-01 5.28182268e-01
    3.33948791e-01 6.31509423e-02 5.42337477e-01 4.53645885e-01
    8.00588489e-01 4.63467896e-01 8.52022529e-01 2.97488123e-01
    8.59830141e-01 4.88429040e-01 1.22501493e-01 3.60594809e-01
    9.34368610e-01 2.61150450e-01 5.36204934e-01 6.78892732e-01
    3.42737794e-01 4.34853941e-01 6.44432306e-02 6.90913141e-01
    8.29691291e-01 9.56980824e-01 2.82951117e-01 2.81580985e-01
    5.07978618e-01 9.27889228e-01 5.91062188e-01 4.99237478e-02
    9.88504767e-01 5.55169463e-01 6.86629176e-01 8.86989057e-01
    9.50826168e-01 5.08311093e-01 2.01969743e-02 5.67968190e-01
    3.67956519e-01 8.66673350e-01 7.76761651e-01 1.82457507e-01
    5.72081447e-01 5.56978881e-01 2.21118242e-01 2.83780247e-01
    6.93851769e-01 1.58264428e-01 2.79638559e-01 6.74685836e-01
    7.71367788e-01 5.07692397e-01 1.57527059e-01 4.92887646e-01
    5.51893175e-01 7.06830144e-01 9.89498794e-01 7.75801837e-02
    1.28388047e-01 4.60264385e-01 1.82740092e-01 9.48333621e-01
    7.54126728e-01 6.67417169e-01 5.71615040e-01 8.54174376e-01
    7.43015826e-01 2.30870962e-01 1.81483716e-01 7.05738783e-01
    2.57256746e-01 3.22202146e-02 4.82419729e-01 8.49834323e-01
    7.60494888e-01 1.40059650e-01 8.68014634e-01 3.83376032e-01
    7.87278891e-01 7.35213518e-01 3.99378300e-01 6.68324828e-01
    6.08627141e-01 5.94705343e-02 4.74983454e-03 1.02233917e-01
    2.94319689e-02 2.54650056e-01 9.01362717e-01 8.63863170e-01
    8.88637662e-01 1.43927515e-01 3.00528228e-01 7.94415176e-02
    7.59013176e-01 3.03964615e-02 5.42250812e-01 4.67499375e-01
    8.61275792e-01 6.08563662e-01 4.24154758e-01 4.00468647e-01
    4.07984197e-01 7.76071250e-01 3.69281352e-01 4.62258369e-01
    2.45114923e-01 1.48592949e-01 6.41706467e-01 9.86188114e-01
    9.22389030e-01 8.36267591e-01 8.72008145e-01 5.91233850e-01
    2.50787109e-01 3.51327002e-01 2.45810986e-01 7.83795297e-01
    3.29566896e-01 8.37237000e-01 4.04873610e-01 7.72354603e-01
    1.42300040e-01 8.23364973e-01 8.82813334e-01 4.39274341e-01
    5.89463353e-01 9.44963455e-01 3.42467129e-02 4.38926905e-01
    6.89225554e-01 8.09986234e-01 8.30124080e-01 7.47739315e-01
    3.65035236e-02 7.09521055e-01 1.37399822e-01 4.79923517e-01
    3.80984008e-01 5.32445133e-01 6.37579918e-01 8.10008764e-01
    1.00838870e-01 9.19568062e-01 6.04439259e-01 9.03947353e-01
    9.46461320e-01 2.00752318e-02 2.58370996e-01 1.84738457e-01
    3.86619300e-01 2.34352946e-02 8.27773213e-01 6.81393743e-01
    1.00909650e-01 6.13765657e-01 1.08076453e-01 8.37187409e-01
    8.16026032e-01 1.85849041e-01 1.53706074e-01 7.66594827e-01
    1.46605372e-01 1.19852126e-01 6.92226887e-01 7.32720196e-02
    2.32387513e-01 8.61986756e-01 7.18420506e-01 3.07886779e-01
    5.59560180e-01 8.06822181e-01 7.26572990e-01 6.09343529e-01
    2.01842040e-01 2.16937751e-01 6.09320521e-01 4.93513107e-01
    5.05930483e-01 6.86622441e-01 1.37099892e-01 5.08860767e-01
    6.44110560e-01 5.68029821e-01 3.02010477e-01 7.78917611e-01
    6.65948272e-01 9.24368322e-01 2.90262878e-01 8.01744819e-01
    5.13608038e-01 5.46567261e-01 5.98173440e-01 7.80034900e-01
    7.34195948e-01 1.88187331e-01 2.82062411e-01 1.85683072e-02
    9.08267498e-01 5.45353055e-01 9.30603147e-01 3.03411216e-01
    6.98473334e-01 6.63664579e-01 9.27989781e-01 9.67754602e-01
    6.56820536e-01 6.23112023e-01 3.49882573e-01 1.48778677e-01
    3.42277229e-01 6.48272514e-01 6.44582450e-01 5.07212222e-01
    3.02697867e-01 9.52336669e-01 9.89696622e-01 9.61781740e-01
    5.97746074e-01 3.34257185e-02 5.93423784e-01 8.11456680e-01
    8.46907318e-01 6.98228419e-01 5.38298130e-01 7.97432244e-01
    6.98495567e-01 4.51357663e-02 2.32022166e-01 5.95639944e-01
    7.50711918e-01 2.10575283e-01 7.93053865e-01 6.71692610e-01
    4.30446863e-02 7.86502182e-01 5.60710669e-01 3.94593716e-01
    1.15988255e-01 4.83860701e-01 9.37211394e-01 4.72246438e-01
    3.63052428e-01 8.82209361e-01 8.01135302e-01 8.33643258e-01
    8.30900788e-01 6.16493285e-01 2.56842017e-01 5.34281850e-01
    8.24283957e-01 8.08013797e-01 3.08400691e-01 4.28844988e-02
    4.81057703e-01 5.24090827e-02 5.37982941e-01 2.62071639e-01
    7.96394467e-01 5.93215466e-01 1.45687997e-01 6.38394237e-01
    1.53445810e-01 4.91925001e-01 2.39200324e-01 3.10695171e-02
    1.75154030e-01 1.34892434e-01 7.20696807e-01 5.18008828e-01
    4.93767530e-01 9.24837887e-01 6.36092007e-01 5.90474069e-01
    4.69068557e-01 4.79512602e-01 9.54898834e-01 1.62474275e-01</data></test_img>
<test_filter type_id="opencv-matrix">
  <rows>5</rows>
  <cols>5</cols>
  <dt>f</dt>
  <data>
    5.96991956e-01 4.99058247e-01 9.50396836e-01 7.82967150e-01
    1.81756705e-01 7.86668479e-01 3.61663759e-01 1.55500889e-01
    6.05846941e-01 6.69143081e-01 1.70077711e-01 4.68686074e-01
    3.41525257e-01 5.36964834e-01 3.18461895e-01 5.86509109e-01
    5.35266638e-01 7.41443753e-01 1.58941269e-01 7.02490330e-01
    5.79705119e-01 7.28191495e-01 4.63350415e-01 8.74228597e-01
    2.90368199e-01</data></test_filter>
<my_img type_id="opencv-matrix">
  <rows>124</rows>
  <cols>252</cols>
  <dt>f</dt>
  <data>
    7.02016640e+00 6.14325666e+00 6.44841003e+00 5.93398809e+00
    5.63109875e+00 7.28568935e+00 7.12163115e+00 6.48438120e+00
    6.60835791e+00 6.86858940e+00 5.64730024e+00 6.65634632e+00
    6.62888956e+00 7.15594006e+00 6.53065062e+00 6.22357035e+00
    6.36954880e+00 6.60108185e+00 6.82999420e+00 6.81498432e+00
    7.40124464e+00 6.26731205e+00 7.09352636e+00 7.12993765e+00
    7.69030190e+00 7.64147663e+00 8.41003799e+00 7.67916203e+00
    7.11846304e+00 5.92364454e+00 6.50975370e+00 6.94537497e+00
    7.29898024e+00 6.98557997e+00 6.60687590e+00 7.73196220e+00
    7.40438128e+00 6.78844166e+00 6.27830172e+00 5.42290640e+00
    5.04999352e+00 4.97571754e+00 5.42023325e+00 6.71531820e+00
    6.56261444e+00 6.83315754e+00 7.07884836e+00 6.47182369e+00
    5.28966475e+00 6.28048229e+00 6.12838125e+00 4.79490423e+00
    6.12034225e+00 6.26539516e+00 6.68603325e+00 6.12496281e+00
    6.19301891e+00 5.41381693e+00 5.90835381e+00 5.73758221e+00
    6.33807659e+00 5.94124031e+00 5.62087965e+00 6.06791925e+00
    5.82401180e+00 6.27330065e+00 5.34956884e+00 5.15373278e+00
    4.80148172e+00 5.05973053e+00 5.42535925e+00 5.58614731e+00
    5.54006052e+00 5.11914444e+00 5.15284586e+00 4.57272482e+00
    5.51808500e+00 5.92070198e+00 5.86904383e+00 6.19699478e+00
    7.35790682e+00 7.29372883e+00 7.43109131e+00 6.91252422e+00
    7.32768774e+00 7.37223911e+00 7.16903639e+00 5.76444626e+00
    6.13098478e+00 5.34008121e+00 4.71048641e+00 5.67631054e+00
    6.73321772e+00 5.22743034e+00 5.53655481e+00 6.33365440e+00
    6.66658068e+00 7.08247757e+00 7.12578869e+00 7.84671021e+00
    8.13092136e+00 8.44148540e+00 7.88320684e+00 6.57261658e+00
    6.69527817e+00 5.45040846e+00 6.52697372e+00 6.31497622e+00
    6.57016897e+00 6.93717861e+00 6.89914083e+00 6.72235918e+00
    6.52735519e+00 6.62974405e+00 6.90922785e+00 6.69617701e+00
    7.10462475e+00 7.22411251e+00 6.71463203e+00 6.23688507e+00
    5.60373735e+00 5.04893684e+00 5.18874168e+00 5.53049421e+00
    5.14102650e+00 6.21819782e+00 6.30873108e+00 6.94075394e+00
    6.23118973e+00 6.80541563e+00 5.70131922e+00 5.07996750e+00
    6.02626848e+00 4.66446686e+00 5.07808638e+00 6.00822783e+00
    6.98039532e+00 7.25965214e+00 7.59374380e+00 7.30336332e+00
    7.17674541e+00 8.04655266e+00 7.81962919e+00 8.31753159e+00
    7.15940809e+00 7.49509811e+00 7.54769135e+00 6.33736229e+00
    5.45870113e+00 6.27426910e+00 5.73708439e+00 5.14771414e+00
    6.00900078e+00 6.17770576e+00 6.25312805e+00 6.70521927e+00
    6.72946215e+00 5.88977528e+00 6.95532036e+00 6.33376598e+00
    6.67042923e+00 7.32313538e+00 7.96114492e+00 7.11270237e+00
    6.72559071e+00 7.17295742e+00 6.64498425e+00 6.96967983e+00
    5.81441069e+00 5.95413113e+00 6.11044741e+00 6.29236746e+00
    5.71187782e+00 5.85891294e+00 5.68416977e+00 6.12032652e+00
    4.72893047e+00 5.69347811e+00 6.81617212e+00 7.08582830e+00
    6.93252134e+00 7.00492477e+00 6.84989119e+00 6.63391733e+00
    7.22981596e+00 6.73055315e+00 7.23474121e+00 7.04286003e+00
    6.78468037e+00 5.96414423e+00 6.24614000e+00 5.85294771e+00
    7.33396816e+00 5.63617659e+00 6.10511971e+00 5.78035116e+00
    6.87011051e+00 6.55781364e+00 7.64903069e+00 8.15165806e+00
    7.78387117e+00 7.43612003e+00 7.98617744e+00 6.23104954e+00
    7.03028107e+00 7.26338816e+00 7.38004398e+00 6.99748230e+00
    7.57211590e+00 6.68146229e+00 7.89905310e+00 7.02656698e+00
    7.31617355e+00 7.43505812e+00 7.98108435e+00 7.06579733e+00
    6.66005707e+00 6.96527100e+00 6.39258623e+00 5.16458511e+00
    5.65423298e+00 5.40652943e+00 7.03233671e+00 6.88952684e+00
    7.00581551e+00 6.53700542e+00 6.27515841e+00 6.72223854e+00
    6.31910896e+00 6.23311710e+00 6.07186270e+00 6.25157404e+00
    6.49990845e+00 6.54444599e+00 6.72188044e+00 6.90535498e+00
    6.99492073e+00 6.34861469e+00 6.97222471e+00 7.21923256e+00
    6.54444551e+00 6.29489946e+00 7.55622625e+00 6.55183601e+00
    7.15318680e+00 7.70237541e+00 7.94875240e+00 7.16769505e+00
    7.07674217e+00 6.91375971e+00 5.99947691e+00 6.58108521e+00
    6.39983749e+00 6.28850031e+00 5.50883245e+00 7.24389601e+00
    6.73758793e+00 6.98234940e+00 7.55450439e+00 7.00956488e+00
    6.89131069e+00 7.10004139e+00 7.92639542e+00 6.48513317e+00
    6.40006399e+00 6.37551117e+00 5.41047382e+00 5.79707956e+00
    5.94562387e+00 5.72814226e+00 6.64983845e+00 7.90608215e+00
    7.37525988e+00 7.63226557e+00 7.84956312e+00 7.80789757e+00
    8.05350685e+00 8.16039371e+00 7.42542458e+00 7.51708651e+00
    6.98078728e+00 7.08365107e+00 7.05764866e+00 7.18897820e+00
    7.78220606e+00 7.53098154e+00 6.95763063e+00 7.33318663e+00
    6.70864964e+00 6.16605997e+00 5.78149748e+00 5.99635553e+00
    5.14713573e+00 5.56612253e+00 5.63500786e+00 6.85935593e+00
    7.40138340e+00 7.21755123e+00 7.16213512e+00 6.78313017e+00
    6.72392797e+00 6.57039785e+00 5.60906363e+00 5.22005987e+00
    4.95176792e+00 6.42878580e+00 5.08078003e+00 4.70244741e+00
    6.24235868e+00 6.79062462e+00 6.53697968e+00 6.87548113e+00
    7.18436337e+00 6.93589067e+00 7.62898827e+00 6.55996704e+00
    6.22635317e+00 6.48210812e+00 6.09717369e+00 5.83964491e+00
    5.75309849e+00 6.68262386e+00 5.53947115e+00 5.36233282e+00
    5.89790249e+00 5.71758175e+00 5.65316010e+00 5.60618877e+00
    6.31065798e+00 7.28194618e+00 7.39141321e+00 8.03949928e+00
    7.55893421e+00 6.76771212e+00 6.98229504e+00 6.58317423e+00
    7.64307451e+00 7.03863192e+00 6.36222363e+00 6.05922174e+00
    6.35326338e+00 5.50614071e+00 5.76643562e+00 5.69466209e+00
    5.86560154e+00 6.44819212e+00 5.41540289e+00 5.88059044e+00
    5.89141273e+00 6.54736376e+00 6.25389910e+00 7.24786615e+00
    7.45687437e+00 6.78287935e+00 7.67565298e+00 7.12741661e+00
    6.15813828e+00 5.69509935e+00 5.94773722e+00 5.24930191e+00
    5.55596066e+00 6.08468390e+00 6.10468006e+00 5.82425165e+00
    5.70807981e+00 5.41734457e+00 5.92161608e+00 6.10964727e+00
    6.74840307e+00 7.32287216e+00 7.58011913e+00 6.21818542e+00
    6.91050291e+00 5.43941116e+00 5.99004698e+00 5.73589993e+00
    5.94029188e+00 5.69544268e+00 6.31076813e+00 6.34511471e+00
    6.46098852e+00 6.94304609e+00 6.61454964e+00 5.30772114e+00
    5.14307070e+00 5.72161531e+00 5.57289553e+00 6.58781052e+00
    6.74901104e+00 7.07481813e+00 6.59807920e+00 7.40037489e+00
    7.58506870e+00 7.28867722e+00 7.66806126e+00 7.75866699e+00
    7.54304028e+00 7.40058947e+00 7.31846428e+00 5.98941278e+00
    6.02296638e+00 5.51358938e+00 5.31994247e+00 4.92519665e+00
    5.36580324e+00 5.96743822e+00 5.41095304e+00 5.82164049e+00
    5.88013029e+00 6.56830215e+00 7.12646151e+00 6.16261196e+00
    5.59773397e+00 6.99227524e+00 7.23654604e+00 7.23392725e+00
    7.35800886e+00 7.45225859e+00 6.62039089e+00 5.72048092e+00
    6.46216345e+00 5.36976099e+00 5.22251987e+00 5.84047842e+00
    5.87045002e+00 5.61704731e+00 6.78338814e+00 6.93605042e+00
    6.52327156e+00 5.13599157e+00 6.89835644e+00 7.26482868e+00
    6.96305370e+00 7.24634171e+00 6.60158539e+00 6.28728199e+00
    6.38752842e+00 7.26820993e+00 7.45411205e+00 8.18754196e+00
    6.90406322e+00 6.58603334e+00 6.36094999e+00 5.71377659e+00
    5.08524132e+00 5.64804220e+00 5.08362246e+00 5.27920008e+00
    6.23965025e+00 6.74616385e+00 7.44309092e+00 6.92685652e+00
    7.76019001e+00 6.10601187e+00 5.43836117e+00 6.79314899e+00
    6.94334459e+00 6.95399332e+00 6.29869366e+00 6.89572096e+00
    6.23508692e+00 5.99988365e+00 6.55401611e+00 7.33911371e+00
    7.00825024e+00 7.10404921e+00 7.89365768e+00 6.87602043e+00
    6.81248808e+00 5.97519255e+00 6.55597878e+00 6.23470688e+00
    7.00106001e+00 6.29692602e+00 6.27883625e+00 5.82918406e+00
    7.00623083e+00 6.97997761e+00 7.10825729e+00 6.47512245e+00
    5.31071854e+00 6.48453426e+00 6.58977795e+00 5.57627296e+00
    6.43799400e+00 6.51491165e+00 6.22629404e+00 7.97130060e+00
    7.32710409e+00 7.15874767e+00 7.46838045e+00 7.01030111e+00
    6.28930140e+00 6.03879309e+00 6.93110180e+00 6.88776684e+00
    6.23260403e+00 6.80278921e+00 6.80920410e+00 6.34191799e+00
    7.56556988e+00 6.23594570e+00 5.93540001e+00 6.31780052e+00
    6.68145180e+00 5.83440208e+00 6.34796333e+00 5.84834003e+00
    5.51164484e+00 6.92515230e+00 7.50118923e+00 7.60126638e+00
    7.77962828e+00 6.68099117e+00 6.36614513e+00 7.44676256e+00
    6.41000795e+00 6.20206833e+00 5.70595026e+00 5.38099718e+00
    5.09087849e+00 5.15847492e+00 5.44796038e+00 6.77060032e+00
    7.25980330e+00 7.06183195e+00 7.62969875e+00 8.90654564e+00
    8.04151535e+00 7.28269958e+00 8.57060909e+00 6.64232588e+00
    6.38217974e+00 6.53895664e+00 6.41304731e+00 6.84430504e+00
    7.31367111e+00 7.34356070e+00 6.33658218e+00 6.21432352e+00
    7.31780958e+00 6.38994932e+00 5.52914619e+00 5.81978559e+00
    5.31148577e+00 5.63364601e+00 5.67034149e+00 6.18013144e+00
    5.77894592e+00 6.11543703e+00 6.80236578e+00 6.64151859e+00
    5.68489885e+00 6.40296793e+00 6.07605934e+00 5.35331392e+00
    5.43062830e+00 4.87240314e+00 4.97456217e+00 6.05641842e+00
    6.50898266e+00 7.60010576e+00 6.35162449e+00 6.78109074e+00
    7.27153540e+00 7.55831146e+00 5.90509796e+00 6.40906096e+00
    6.37347603e+00 6.01734018e+00 6.68714142e+00 5.97558069e+00
    6.20590258e+00 5.86870956e+00 6.31322241e+00 6.08110762e+00
    5.25148249e+00 5.68973494e+00 5.12312222e+00 5.91177988e+00
    6.77749491e+00 7.53650141e+00 6.14768648e+00 6.29981470e+00
    7.38944864e+00 6.75769281e+00 7.58138657e+00 6.79763031e+00
    6.63543367e+00 6.07501078e+00 6.32452297e+00 5.17987490e+00
    5.68578434e+00 6.58186436e+00 6.46789598e+00 6.62063074e+00
    6.30168867e+00 5.65667200e+00 5.76922512e+00 5.33549166e+00
    5.54906797e+00 4.97889042e+00 5.37264776e+00 6.08690166e+00
    6.47562885e+00 6.84452200e+00 6.41290474e+00 6.81638288e+00
    5.89682579e+00 5.29244757e+00 5.79709053e+00 5.60440922e+00
    6.89005899e+00 5.95798779e+00 6.56415176e+00 6.27031183e+00
    5.50296307e+00 6.08729506e+00 5.57228470e+00 6.46747494e+00
    6.59219646e+00 6.88687611e+00 6.67904854e+00 7.10062504e+00
    6.07256985e+00 6.01411343e+00 5.03253794e+00 6.10065508e+00
    5.80513573e+00 5.32774687e+00 5.26575851e+00 7.21091413e+00
    6.13058472e+00 7.74115610e+00 6.53525543e+00 6.60689163e+00
    6.08220673e+00 5.66480780e+00 5.63357735e+00 5.20551920e+00
    6.25063992e+00 7.05800676e+00 7.83661604e+00 7.33377838e+00
    7.58280945e+00 7.41999054e+00 7.50763607e+00 7.22557974e+00
    6.80329466e+00 6.47786951e+00 6.78077364e+00 6.79969025e+00
    4.95088291e+00 6.11460495e+00 6.66466713e+00 5.42344618e+00
    5.92017651e+00 6.57873964e+00 7.33511543e+00 6.24888992e+00
    5.99816132e+00 5.84384346e+00 5.76569462e+00 5.61769104e+00
    6.25864601e+00 5.97120905e+00 6.98983383e+00 7.17006826e+00
    7.07175875e+00 6.82530117e+00 6.69969320e+00 6.94831800e+00
    6.94436216e+00 6.27341223e+00 5.23117161e+00 6.66118050e+00
    7.14499617e+00 6.38890314e+00 6.76160431e+00 7.14448261e+00
    6.94774199e+00 6.18568039e+00 6.77339172e+00 6.97402620e+00
    6.36961222e+00 6.53498793e+00 6.83086205e+00 6.48686028e+00
    6.96231318e+00 7.25878334e+00 6.90664244e+00 7.60585260e+00
    6.98537922e+00 5.45024920e+00 5.79923391e+00 5.00922251e+00
    5.42573023e+00 5.32928038e+00 5.22140932e+00 5.02077866e+00
    5.84202576e+00 6.16075468e+00 6.50002575e+00 6.97734356e+00
    6.54063749e+00 7.55309010e+00 6.69782782e+00 6.21199131e+00
    6.20811749e+00 5.21764755e+00 6.56417561e+00 6.30794716e+00
    6.48005342e+00 6.84272432e+00 8.17310238e+00 7.75589895e+00
    7.32958031e+00 5.98155403e+00 6.26258993e+00 6.18636656e+00
    5.91361523e+00 6.25293159e+00 7.25001335e+00 6.31537962e+00
    6.10997343e+00 6.77698135e+00 6.20099163e+00 7.09693384e+00
    6.96894646e+00 6.39111948e+00 6.54141045e+00 7.03925419e+00
    5.85597038e+00 5.91341448e+00 6.45604134e+00 6.58283901e+00
    6.03951645e+00 6.70868349e+00 6.57620382e+00 6.50217295e+00
    6.45397854e+00 6.21972799e+00 7.06227064e+00 7.15216303e+00
    6.97196627e+00 6.84691572e+00 7.20916653e+00 6.04895973e+00
    6.15708923e+00 6.80231428e+00 7.52926302e+00 6.91360664e+00
    6.06952906e+00 6.54326439e+00 5.74147606e+00 6.40370417e+00
    5.40809059e+00 5.67386389e+00 5.45975161e+00 5.76748276e+00
    6.05971146e+00 6.50506878e+00 6.58173275e+00 6.30481768e+00
    6.96787739e+00 6.49012518e+00 6.77862215e+00 6.86440134e+00
    6.71835899e+00 5.90946817e+00 5.85544920e+00 5.53654003e+00
    5.89466429e+00 6.19776487e+00 6.13365746e+00 7.48366451e+00
    7.49134588e+00 8.05951595e+00 7.92538595e+00 8.12963104e+00
    8.29197311e+00 7.62280703e+00 6.75174809e+00 6.58330822e+00
    6.14054251e+00 6.58044481e+00 6.51039314e+00 6.18498373e+00
    7.15990400e+00 7.28854465e+00 6.62963533e+00 7.07622051e+00
    7.04394436e+00 7.30260611e+00 5.63030672e+00 6.58763885e+00
    5.36544847e+00 5.81791210e+00 6.04969263e+00 6.37162971e+00
    7.08063173e+00 6.57768250e+00 6.87778330e+00 6.17804909e+00
    6.28778601e+00 6.68730688e+00 6.39567709e+00 5.86106014e+00
    6.39511490e+00 7.49356222e+00 7.01306677e+00 6.40090036e+00
    5.97989607e+00 6.99947977e+00 7.03678274e+00 5.48823690e+00
    6.62350082e+00 5.87086916e+00 6.53482485e+00 7.02390099e+00
    6.78343010e+00 6.39566755e+00 5.94171381e+00 6.23678064e+00
    5.07588863e+00 6.45590210e+00 5.31023073e+00 5.50820160e+00
    5.69246578e+00 5.55616522e+00 6.02977705e+00 4.87580633e+00
    5.45001078e+00 5.93536901e+00 6.36776495e+00 5.84154844e+00
    7.30627680e+00 6.87514925e+00 7.35811949e+00 6.97599649e+00
    6.32643366e+00 6.28508568e+00 5.56224489e+00 4.89893818e+00
    5.97095346e+00 6.06953192e+00 5.19545364e+00 5.36708879e+00
    6.49449635e+00 5.51324224e+00 4.48469019e+00 5.76950645e+00
    5.22054815e+00 5.58070612e+00 4.63616991e+00 5.06495285e+00
    5.39008856e+00 6.38212013e+00 6.22540474e+00 6.19367552e+00
    6.64422083e+00 5.27369690e+00 6.04260349e+00 6.49312973e+00
    6.53192806e+00 6.93216610e+00 7.12316942e+00 7.54042721e+00
    7.00021744e+00 6.75120449e+00 6.73307133e+00 6.14005899e+00
    6.24501801e+00 6.38392401e+00 6.78375340e+00 6.76577759e+00
    6.13499832e+00 6.05953312e+00 5.62418509e+00 5.76581860e+00
    6.20319271e+00 5.74026203e+00 6.21959972e+00 6.83098602e+00
    6.77898932e+00 6.36459064e+00 7.97969246e+00 6.81732607e+00
    6.72772741e+00 6.34404469e+00 7.12378359e+00 7.17751551e+00
    6.68015003e+00 6.55498314e+00 7.34755135e+00 7.11468458e+00
    6.30356073e+00 6.46723938e+00 6.36078024e+00 6.59275007e+00
    7.04243660e+00 6.52510071e+00 7.79787111e+00 7.52348232e+00
    6.84267235e+00 6.31113911e+00 6.80135298e+00 6.13206148e+00
    6.68391514e+00 5.96016312e+00 6.50652742e+00 6.91985846e+00
    6.37288237e+00 5.75786829e+00 6.88866043e+00 5.82522440e+00
    6.78186083e+00 7.11414814e+00 7.70317745e+00 7.76139784e+00
    7.69145060e+00 7.41830444e+00 6.28662014e+00 6.19128942e+00
    6.31827927e+00 4.98837757e+00 4.85264015e+00 6.06377935e+00
    5.45195818e+00 6.77405882e+00 6.98467016e+00 7.14063740e+00
    6.83494282e+00 5.52271795e+00 5.22793913e+00 6.63304949e+00
    6.84665394e+00 6.90691566e+00 7.09988594e+00 7.36034155e+00
    7.62792969e+00 7.24835491e+00 6.43634176e+00 5.94620275e+00
    6.50687790e+00 5.83280134e+00 5.05780220e+00 5.67708158e+00
    5.47606134e+00 5.87741470e+00 5.86885881e+00 5.90209436e+00
    5.80647421e+00 6.45675802e+00 7.30509949e+00 6.86004257e+00
    6.70578718e+00 6.19327497e+00 6.72317266e+00 5.72052383e+00
    6.74423218e+00 6.31512547e+00 5.12306023e+00 6.71332264e+00
    6.73848438e+00 6.34290218e+00 6.83039856e+00 7.64054823e+00
    6.70835304e+00 7.11395645e+00 6.54095411e+00 6.32574606e+00
    6.10985184e+00 7.07602882e+00 6.81330633e+00 6.13703489e+00
    6.87406111e+00 7.45514870e+00 6.93437243e+00 6.52855396e+00
    7.43636465e+00 7.12425900e+00 6.56983280e+00 6.20748425e+00
    5.52507257e+00 6.35320473e+00 6.82512140e+00 6.11257648e+00
    5.13252878e+00 5.71736860e+00 5.26870823e+00 4.98441458e+00
    6.37287998e+00 7.02852678e+00 7.60806227e+00 7.82802534e+00
    6.88967085e+00 7.04873514e+00 7.17754078e+00 7.49535990e+00
    7.15885830e+00 6.55799961e+00 6.14796972e+00 6.53552580e+00
    5.97588110e+00 6.09169722e+00 6.24409771e+00 6.20326233e+00
    6.35676384e+00 5.35682058e+00 6.07676697e+00 6.27579069e+00
    6.09929609e+00 6.57133102e+00 6.55454397e+00 7.14464951e+00
    6.60351706e+00 6.76799345e+00 7.05378199e+00 6.77794361e+00
    6.74616385e+00 6.33825970e+00 6.06107664e+00 6.59130812e+00
    6.78810501e+00 6.68219709e+00 6.60848331e+00 7.45101786e+00
    7.78591967e+00 7.41632509e+00 6.99940681e+00 6.96294403e+00
    7.03732300e+00 7.06869793e+00 6.78182697e+00 5.88855219e+00
    5.46640635e+00 6.34846830e+00 6.61009741e+00 6.61790991e+00
    6.79849005e+00 7.22892618e+00 5.94336414e+00 5.84142065e+00
    6.72725677e+00 6.43827105e+00 7.01575327e+00 7.19381857e+00
    6.66705894e+00 7.10170031e+00 7.23266459e+00 8.05909061e+00
    6.67633486e+00 8.20339584e+00 6.91335726e+00 7.66940451e+00
    6.38906002e+00 6.20617056e+00 6.24684620e+00 5.74131012e+00
    5.92996264e+00 6.41408491e+00 6.20833921e+00 7.01426125e+00
    6.74948215e+00 6.88806295e+00 6.14613867e+00 5.54004192e+00
    6.39803839e+00 7.37725258e+00 5.23886633e+00 6.99156094e+00
    6.67447805e+00 6.29809427e+00 6.03695917e+00 6.09666109e+00
    5.16214180e+00 5.48472261e+00 5.38501930e+00 4.23237610e+00
    4.44357491e+00 4.82831621e+00 4.60175228e+00 5.14879084e+00
    6.06891489e+00 7.00085592e+00 7.03382826e+00 7.79713821e+00
    7.51683950e+00 9.08726501e+00 7.05312920e+00 7.36325121e+00
    6.96695948e+00 5.25000191e+00 5.29025507e+00 5.69542503e+00
    5.61577797e+00 5.46400881e+00 6.12993097e+00 5.49717426e+00
    5.76621580e+00 6.44002676e+00 6.49875355e+00 7.14837456e+00
    5.44035578e+00 6.27288198e+00 5.40612268e+00 6.10057592e+00
    5.78740072e+00 6.43006849e+00 6.05234051e+00 5.98244190e+00
    5.15868759e+00 5.73900700e+00 5.48322296e+00 5.65194178e+00
    6.11353874e+00 6.37464380e+00 7.22442198e+00 6.73767757e+00
    6.40156889e+00 7.02336025e+00 6.24798536e+00 5.68169403e+00
    6.10792398e+00 7.25723457e+00 5.97930336e+00 7.01713753e+00
    7.04287243e+00 6.83977079e+00 6.51193094e+00 6.45040798e+00
    6.25358486e+00 6.69252253e+00 5.85533190e+00 6.48089600e+00
    6.81086111e+00 7.73288298e+00 6.74605417e+00 7.00230789e+00
    6.72290850e+00 7.19310570e+00 5.68459272e+00 6.67500639e+00
    6.74912453e+00 6.11373186e+00 6.88315201e+00 5.98559856e+00
    6.80497026e+00 6.39535475e+00 6.09073019e+00 6.98871422e+00
    7.58417940e+00 7.08736086e+00 7.91242361e+00 7.85483980e+00
    7.22820425e+00 6.70049953e+00 6.41948271e+00 6.12904263e+00
    5.94320297e+00 6.80004358e+00 6.66784334e+00 6.28905249e+00
    6.54294205e+00 5.93905497e+00 6.01186371e+00 5.97473001e+00
    6.04972458e+00 7.10723829e+00 6.96866846e+00 7.45920992e+00
    7.42334080e+00 7.22380686e+00 6.73445034e+00 6.71762085e+00
    5.82256413e+00 6.01510954e+00 5.42350531e+00 5.41826344e+00
    6.79899740e+00 6.84463358e+00 6.35743475e+00 6.48581791e+00
    6.09938908e+00 4.98095417e+00 5.62495470e+00 6.14004421e+00
    7.31836748e+00 7.24048328e+00 8.15562534e+00 7.58653021e+00
    7.89161968e+00 7.62030268e+00 6.75357819e+00 6.91507816e+00
    6.91702318e+00 5.25363827e+00 6.53650379e+00 6.66170788e+00
    5.98385859e+00 5.83119440e+00 6.23621368e+00 5.52704859e+00
    6.12701082e+00 6.10835886e+00 5.88820934e+00 5.71456861e+00
    5.64595795e+00 6.08757019e+00 5.70313597e+00 5.90529776e+00
    6.12405157e+00 7.15298462e+00 6.52015209e+00 7.05817461e+00
    6.75452423e+00 5.99161196e+00 6.95175648e+00 7.37512398e+00
    7.47606707e+00 6.91122532e+00 7.62992001e+00 6.38868141e+00
    7.78282070e+00 6.74776268e+00 7.85596895e+00 7.17096233e+00
    7.13850975e+00 6.94518042e+00 7.86952591e+00 6.86637068e+00
    6.71091175e+00 6.36582088e+00 5.72600937e+00 5.73648834e+00
    6.20030737e+00 5.94182205e+00 6.34331131e+00 5.77199650e+00
    5.61512518e+00 5.21189308e+00 5.67195368e+00 6.89243603e+00
    6.42213106e+00 6.86509418e+00 7.31866646e+00 8.37492275e+00
    8.20309353e+00 8.66208839e+00 8.37239361e+00 7.43992710e+00
    6.54649639e+00 6.19085121e+00 6.42784405e+00 6.24946737e+00
    5.87714386e+00 4.88928413e+00 5.55478239e+00 5.74978542e+00
    6.83416605e+00 6.59300947e+00 5.93700504e+00 7.17189312e+00
    7.49610424e+00 7.02529669e+00 7.74383020e+00 7.72817564e+00
    8.18509197e+00 7.70895100e+00 7.41393423e+00 7.64085865e+00
    6.57787943e+00 5.92617464e+00 6.05661678e+00 5.00866556e+00
    6.18753052e+00 6.29278708e+00 6.06163597e+00 6.23634291e+00
    6.99730825e+00 7.43603992e+00 7.53564310e+00 8.29971218e+00
    6.81489277e+00 6.71731615e+00 5.69301510e+00 5.87507200e+00
    5.36992121e+00 5.93885469e+00 6.26227140e+00 6.13583374e+00
    5.38279581e+00 6.79295492e+00 5.98773432e+00 6.66475153e+00
    7.11339426e+00 6.02671480e+00 6.24432755e+00 7.54169655e+00
    6.70405769e+00 7.00529718e+00 7.16306543e+00 6.16732264e+00
    6.67388010e+00 7.11147308e+00 7.53350210e+00 6.73167419e+00
    7.12233686e+00 6.48365116e+00 5.51874447e+00 5.28300571e+00
    5.67261744e+00 6.03752899e+00 7.03929949e+00 6.82098246e+00
    7.19651127e+00 7.07937860e+00 6.19669676e+00 6.35392857e+00
    6.24931526e+00 6.97863102e+00 6.30094719e+00 7.08137083e+00
    7.19533539e+00 5.26594782e+00 6.10859966e+00 6.83490467e+00
    6.30901003e+00 6.84847260e+00 6.13645267e+00 4.83051872e+00
    4.97275972e+00 5.00935125e+00 4.63552380e+00 5.28117132e+00
    6.47416735e+00 7.02361631e+00 6.88476562e+00 7.06091690e+00
    7.59576082e+00 6.84522581e+00 7.45492029e+00 5.37507486e+00
    5.97805405e+00 5.61750841e+00 5.91158009e+00 5.79347610e+00
    5.60277796e+00 5.99154472e+00 5.63629866e+00 6.36795950e+00
    6.39086485e+00 7.04580402e+00 6.36098242e+00 5.40064049e+00
    6.49408245e+00 5.29220724e+00 5.49664688e+00 4.95836115e+00
    5.81249762e+00 5.60319281e+00 6.17191982e+00 6.09575272e+00
    6.11267567e+00 5.89417458e+00 5.31527042e+00 6.07029057e+00
    5.88280153e+00 5.88882446e+00 6.42613697e+00 6.63945532e+00
    6.95822906e+00 6.04236698e+00 6.94460535e+00 6.07171631e+00
    6.17925739e+00 6.53908730e+00 7.03657007e+00 6.04092312e+00
    7.53039122e+00 7.47631884e+00 6.73379755e+00 7.69435883e+00
    7.00779533e+00 6.43449736e+00 7.15658331e+00 7.13159943e+00
    7.08366299e+00 7.11575603e+00 7.68070412e+00 6.99815750e+00
    6.82103920e+00 6.16311932e+00 7.33825254e+00 6.63647699e+00
    6.56022549e+00 6.39530230e+00 5.96466351e+00 6.12864685e+00
    5.71133804e+00 6.39663029e+00 6.87080622e+00 6.87133074e+00
    7.85800314e+00 7.20770788e+00 8.29401970e+00 7.60403585e+00
    7.30115175e+00 7.90294313e+00 6.86030579e+00 7.13522816e+00
    6.72935581e+00 7.23899031e+00 6.72733307e+00 6.73113108e+00
    6.62775564e+00 5.90214634e+00 5.68146753e+00 5.97626543e+00
    6.53923798e+00 5.52941608e+00 6.56446934e+00 5.56536961e+00
    7.10115051e+00 6.51826048e+00 7.48263407e+00 6.52705479e+00
    6.92481089e+00 5.90155888e+00 6.14519215e+00 6.79462814e+00
    6.35225058e+00 7.03802109e+00 6.83074903e+00 6.57729721e+00
    6.41501570e+00 6.15165043e+00 4.55175447e+00 5.11641502e+00
    6.47058010e+00 7.52290154e+00 7.56360102e+00 7.42198753e+00
    8.40881920e+00 7.88348007e+00 6.50035572e+00 6.52579403e+00
    6.48952341e+00 7.01634264e+00 7.02814913e+00 6.54918385e+00
    6.16174459e+00 6.53843927e+00 6.58423519e+00 5.62079859e+00
    4.95697737e+00 5.35022497e+00 5.37934065e+00 5.92009449e+00
    5.09151125e+00 5.29095459e+00 5.12856483e+00 5.28647757e+00
    6.36021185e+00 5.28880787e+00 6.04306459e+00 6.00310946e+00
    6.96275377e+00 5.74039173e+00 6.17568874e+00 6.26252174e+00
    6.12683535e+00 7.06045771e+00 7.28562784e+00 7.11619520e+00
    6.64195681e+00 6.99160624e+00 7.73456192e+00 7.81753731e+00
    6.85681200e+00 7.30853128e+00 6.94391680e+00 6.87146950e+00
    5.37891388e+00 6.78315783e+00 6.26057959e+00 6.49923086e+00
    5.88110065e+00 7.02663803e+00 6.37264109e+00 6.49772644e+00
    5.73785019e+00 5.63471222e+00 5.20621634e+00 6.24470806e+00
    6.32630253e+00 7.57829046e+00 8.33153915e+00 8.98136520e+00
    8.41209126e+00 8.18101597e+00 7.18171930e+00 6.50435066e+00
    6.60893250e+00 6.31676340e+00 5.49081469e+00 5.28386068e+00
    5.43367004e+00 5.27642679e+00 5.33455944e+00 6.90207767e+00
    7.10605049e+00 6.73771572e+00 5.75814533e+00 6.98778629e+00
    6.55381250e+00 5.75991726e+00 6.09687757e+00 6.89393950e+00
    7.11352539e+00 7.58944511e+00 7.63419771e+00 6.87846613e+00
    6.86260128e+00 5.87341499e+00 5.61634779e+00 5.95558882e+00
    5.37337446e+00 5.87183332e+00 6.20558167e+00 6.27916765e+00
    6.74506426e+00 8.20913696e+00 7.22607565e+00 6.62502193e+00
    7.56322575e+00 6.72104645e+00 6.51604414e+00 5.52050495e+00
    6.03265667e+00 6.85161209e+00 5.95037699e+00 5.94171095e+00
    6.43394423e+00 6.92187691e+00 5.48767185e+00 5.80519009e+00
    6.50893211e+00 6.22330999e+00 5.73364878e+00 7.24254608e+00
    7.04565287e+00 7.26625252e+00 6.04087543e+00 6.56463194e+00
    6.29497671e+00 6.67639399e+00 6.27634239e+00 7.11720037e+00
    6.35616112e+00 6.74750471e+00 6.19441128e+00 6.63349104e+00
    6.57791948e+00 6.67652369e+00 7.48004818e+00 7.91010618e+00
    7.54726076e+00 8.09174156e+00 6.32727194e+00 5.94800329e+00
    6.94604588e+00 6.79880285e+00 6.72372770e+00 6.86638498e+00
    6.23763466e+00 6.48142099e+00 6.19124746e+00 7.10736752e+00
    6.43353796e+00 6.72201777e+00 7.44088221e+00 6.20312357e+00
    4.66594648e+00 5.14834499e+00 5.91663694e+00 5.46968317e+00
    5.88139057e+00 6.07729530e+00 5.70963860e+00 6.29559183e+00
    6.68895245e+00 7.08704376e+00 6.87451839e+00 6.35403395e+00
    5.86779213e+00 5.67746639e+00 4.64321947e+00 5.25776911e+00
    6.06473732e+00 6.42668009e+00 7.01176548e+00 7.66140127e+00
    7.43397665e+00 7.00811863e+00 6.64363241e+00 7.21366358e+00
    5.10352659e+00 5.36565161e+00 5.25833130e+00 5.50265408e+00
    5.45059013e+00 7.18047380e+00 6.16045713e+00 7.06686354e+00
    7.06542730e+00 6.87466478e+00 7.19935799e+00 6.23710966e+00
    6.87590551e+00 6.60378981e+00 6.68439865e+00 6.52490044e+00
    7.21697426e+00 7.18701506e+00 7.80637312e+00 6.73014355e+00
    5.99661827e+00 7.07469893e+00 6.61062527e+00 6.03553009e+00
    6.65537882e+00 8.30101204e+00 8.37927437e+00 8.46629238e+00
    7.69346762e+00 7.78979874e+00 6.79875040e+00 7.68368053e+00
    6.84580803e+00 6.95819998e+00 6.90424109e+00 6.99959850e+00
    6.36363602e+00 5.90176344e+00 7.22269440e+00 6.56263447e+00
    5.72703695e+00 6.20165348e+00 6.35409546e+00 6.59337044e+00
    7.51542139e+00 6.98544455e+00 8.62846088e+00 7.93341684e+00
    7.86110306e+00 7.77027512e+00 7.21983242e+00 8.03323841e+00
    7.07606030e+00 6.86390686e+00 7.75588703e+00 6.16488552e+00
    6.82268047e+00 7.54592609e+00 7.15015221e+00 7.62864256e+00
    7.19044304e+00 5.98852634e+00 6.92618656e+00 6.81830740e+00
    6.59824467e+00 6.28028774e+00 6.59600687e+00 5.98502874e+00
    5.47205257e+00 6.52403688e+00 5.85541105e+00 7.26143360e+00
    6.99923563e+00 6.50436258e+00 6.57851124e+00 6.70366621e+00
    6.19468355e+00 7.04176426e+00 6.52761507e+00 6.20186758e+00
    5.55521965e+00 6.04102993e+00 5.64786386e+00 4.98435354e+00
    5.31726265e+00 6.31896544e+00 7.45359373e+00 6.62620687e+00
    7.10302973e+00 6.12283707e+00 5.24491501e+00 5.54215384e+00
    6.42568350e+00 5.43045473e+00 6.14323139e+00 6.38025761e+00
    7.10728645e+00 5.80995512e+00 6.24229336e+00 6.37785196e+00
    5.51876068e+00 5.35686064e+00 5.93722391e+00 5.49965811e+00
    6.05436993e+00 6.66204453e+00 6.44650555e+00 4.85503149e+00
    5.30229855e+00 6.05509710e+00 5.33181953e+00 6.27854872e+00
    6.65268755e+00 5.94990492e+00 6.84023762e+00 7.35680771e+00
    6.99020910e+00 6.24678802e+00 7.50821400e+00 6.99324036e+00
    7.25508499e+00 6.68152952e+00 6.99056482e+00 7.65191364e+00
    6.94735289e+00 6.25031996e+00 6.88326502e+00 6.69329739e+00
    6.59175253e+00 6.21664762e+00 5.89499187e+00 6.93761396e+00
    6.69135523e+00 6.83358431e+00 6.86173820e+00 7.28791714e+00
    6.95840645e+00 6.03335762e+00 5.65864182e+00 6.30846357e+00
    6.30525875e+00 6.45388937e+00 7.20336246e+00 7.48603392e+00
    8.69762802e+00 7.26776838e+00 6.82210970e+00 5.87389278e+00
    5.41579437e+00 5.78765583e+00 5.68467093e+00 6.19702530e+00
    6.29140806e+00 6.02183867e+00 4.67010975e+00 5.82190561e+00
    7.20027494e+00 6.87050629e+00 6.99716759e+00 6.41523457e+00
    6.68651628e+00 5.99669647e+00 5.51288271e+00 5.66206646e+00
    6.73174524e+00 7.33050585e+00 7.14660406e+00 7.40781689e+00
    7.08956337e+00 6.23131895e+00 5.24336052e+00 5.95218801e+00
    6.60051107e+00 6.30443430e+00 7.81939650e+00 6.86978436e+00
    6.41274071e+00 6.57377243e+00 7.04400253e+00 5.33137560e+00
    5.88308382e+00 5.50274849e+00 5.68151808e+00 5.87449455e+00
    6.02476692e+00 7.05376291e+00 6.59739923e+00 7.01780081e+00
    7.31425428e+00 6.43809795e+00 6.00285101e+00 5.73349333e+00
    5.46902227e+00 6.79740381e+00 6.47318316e+00 7.23312473e+00
    8.20539379e+00 7.64627504e+00 8.18321991e+00 7.30397892e+00
    7.21932745e+00 7.17934465e+00 6.97622061e+00 7.09227800e+00
    6.52205133e+00 6.53987408e+00 6.28062296e+00 6.50873947e+00
    7.18128395e+00 7.94338560e+00 7.35420847e+00 7.05703115e+00
    6.90802383e+00 6.84576702e+00 7.19099092e+00 6.49026012e+00
    7.61940336e+00 6.29702377e+00 5.56507444e+00 6.92051268e+00
    6.69466925e+00 5.19375515e+00 5.75497818e+00 5.91091013e+00
    5.74305344e+00 5.51286173e+00 5.59423971e+00 5.47270107e+00
    5.38530207e+00 5.73491049e+00 5.68261576e+00 5.70868778e+00
    5.87674046e+00 6.26848269e+00 7.23142195e+00 6.06133747e+00
    6.35310984e+00 7.24578810e+00 5.78491449e+00 5.51987219e+00
    4.99632359e+00 4.92211342e+00 5.28291082e+00 5.76516771e+00
    5.56649160e+00 5.72597361e+00 6.05863953e+00 7.39269161e+00
    7.68095684e+00 7.16978359e+00 7.05001640e+00 6.05038977e+00
    6.14856434e+00 5.72370052e+00 6.38197231e+00 5.49815845e+00
    5.84767962e+00 6.32580662e+00 6.93048668e+00 6.70927954e+00
    6.90240955e+00 7.62757349e+00 6.57041359e+00 6.54667187e+00
    6.28049040e+00 7.32798338e+00 6.15774298e+00 7.48060036e+00
    7.34403181e+00 7.62021303e+00 6.34287930e+00 6.35522795e+00
    5.71144485e+00 5.58674860e+00 5.69047737e+00 6.41277742e+00
    7.32699156e+00 7.09100294e+00 7.84460402e+00 7.46042538e+00
    7.77504444e+00 7.46362972e+00 6.83335495e+00 7.43607092e+00
    6.82501745e+00 6.60508585e+00 6.92201900e+00 7.62510395e+00
    8.00262356e+00 7.55267620e+00 7.36926651e+00 7.12057352e+00
    7.07994318e+00 6.66379881e+00 6.05898237e+00 6.18075085e+00
    7.11288452e+00 6.85218906e+00 7.36459589e+00 9.12715626e+00
    9.10211182e+00 8.56031132e+00 8.41057587e+00 7.76350451e+00
    7.78389120e+00 6.40987253e+00 7.09098625e+00 6.85481501e+00
    6.45722389e+00 6.16005564e+00 6.36614561e+00 6.68521357e+00
    6.89512730e+00 6.82339525e+00 6.66937590e+00 7.14617300e+00
    7.08295012e+00 6.67915392e+00 6.55355024e+00 5.75694847e+00
    5.92652369e+00 5.81074190e+00 5.89347744e+00 5.70529652e+00
    6.38342333e+00 6.02393627e+00 5.61586571e+00 6.34649038e+00
    5.91687489e+00 6.75693226e+00 7.35010433e+00 6.09909916e+00
    5.35351324e+00 5.70887470e+00 5.22087383e+00 5.27006340e+00
    5.92652750e+00 7.61387920e+00 7.70814037e+00 7.30385780e+00
    7.43187094e+00 6.27954245e+00 5.62804365e+00 5.21560097e+00
    5.60313702e+00 5.34759760e+00 6.19913340e+00 6.85945034e+00
    6.98043299e+00 6.55493402e+00 6.35242510e+00 5.06297064e+00
    4.10781956e+00 4.58233547e+00 5.16149282e+00 4.94898129e+00
    5.53595924e+00 6.27233648e+00 4.82370234e+00 4.59094286e+00
    5.64949512e+00 5.48398924e+00 5.71649456e+00 6.05758095e+00
    6.94388390e+00 6.74366426e+00 7.78601885e+00 6.89126062e+00
    6.80362749e+00 6.66221380e+00 7.65001678e+00 6.58198929e+00
    7.47279406e+00 7.19939899e+00 7.46377754e+00 6.85187054e+00
    6.65267038e+00 6.64837599e+00 7.40483093e+00 6.59099531e+00
    6.98272657e+00 6.92694712e+00 5.36928558e+00 6.65365171e+00
    6.39260626e+00 6.55138063e+00 6.27604532e+00 6.94607162e+00
    6.46931219e+00 5.86871338e+00 5.43793488e+00 5.75493193e+00
    6.69580221e+00 7.67496157e+00 6.99879265e+00 7.93690872e+00
    7.36077166e+00 7.15078306e+00 6.46458912e+00 6.63979578e+00
    6.20580387e+00 6.68490553e+00 6.41656685e+00 4.39266968e+00
    4.83876276e+00 4.98954391e+00 4.94105816e+00 5.62758207e+00
    7.11953688e+00 7.50028181e+00 7.83881617e+00 7.88632011e+00
    7.85644197e+00 7.23290300e+00 6.07716084e+00 5.84809637e+00
    6.33555079e+00 6.95833921e+00 7.82207108e+00 7.89632845e+00
    7.34354019e+00 6.48309040e+00 5.92033291e+00 5.87131023e+00
    5.88686943e+00 5.81388044e+00 6.16367006e+00 6.74136066e+00
    6.36264133e+00 6.58806658e+00 6.37861919e+00 5.14236546e+00
    4.30738020e+00 5.29736757e+00 5.11652708e+00 5.64656830e+00
    5.87359667e+00 6.08708000e+00 6.81703329e+00 5.89177370e+00
    5.86952972e+00 6.78249741e+00 5.13287735e+00 5.47259283e+00
    5.51135302e+00 6.25877190e+00 6.71878719e+00 7.07999516e+00
    7.47513294e+00 8.11890602e+00 7.24914694e+00 7.14249659e+00
    7.15158319e+00 7.30153608e+00 6.96841621e+00 7.09787369e+00
    7.41372967e+00 7.63215923e+00 6.05623579e+00 6.64533758e+00
    5.68906927e+00 5.96893454e+00 5.41841698e+00 6.13183403e+00
    7.10127592e+00 6.79904127e+00 6.51347256e+00 7.69691229e+00
    7.62254858e+00 7.60633469e+00 6.29161978e+00 6.85472822e+00
    5.85253668e+00 5.50283957e+00 5.76543188e+00 6.41115332e+00
    5.67355824e+00 5.75430298e+00 5.54925013e+00 5.79734802e+00
    5.57788086e+00 5.57080746e+00 5.48319960e+00 6.46643972e+00
    6.86762047e+00 6.69663429e+00 6.36334753e+00 7.27059841e+00
    6.74944305e+00 6.70113993e+00 5.86091661e+00 5.87336445e+00
    6.13484335e+00 5.52125454e+00 4.52713776e+00 5.41156960e+00
    5.55575800e+00 6.15069389e+00 6.83783865e+00 6.30023623e+00
    6.20443583e+00 6.81683588e+00 6.43204165e+00 6.42676353e+00
    5.48886251e+00 6.46859837e+00 5.60944176e+00 6.63617516e+00
    6.16475964e+00 6.79544640e+00 7.56920242e+00 6.87224483e+00
    6.79823160e+00 6.57588577e+00 7.35551596e+00 6.54545641e+00
    6.16608047e+00 6.00263691e+00 7.16824341e+00 5.92074633e+00
    6.72759676e+00 6.75669622e+00 8.29893494e+00 6.28832245e+00
    6.69641590e+00 6.37723494e+00 6.35548878e+00 6.36169243e+00
    6.83816910e+00 7.55017281e+00 8.16150188e+00 8.88274765e+00
    7.15921974e+00 7.12938881e+00 7.38254023e+00 6.55178022e+00
    6.25736761e+00 6.77337885e+00 5.68556976e+00 5.47803068e+00
    6.60043716e+00 7.25568151e+00 7.32545090e+00 6.55445004e+00
    5.92357254e+00 5.85613155e+00 5.71022892e+00 6.61901712e+00
    7.47315073e+00 7.66227531e+00 7.83531427e+00 8.36780357e+00
    9.11233997e+00 8.59556580e+00 8.45440674e+00 7.41741610e+00
    7.51750040e+00 6.40451622e+00 6.69006014e+00 7.66278839e+00
    7.28202915e+00 6.83137894e+00 6.70519924e+00 6.66438437e+00
    6.47621393e+00 7.20429945e+00 6.74587774e+00 6.86282015e+00
    6.16497946e+00 5.19894505e+00 6.20775843e+00 5.35460138e+00
    5.49595070e+00 6.14318037e+00 6.95294380e+00 7.04596567e+00
    6.96689177e+00 6.79764271e+00 6.02641153e+00 6.52548075e+00
    6.41086483e+00 6.07457399e+00 7.06178761e+00 6.71417284e+00
    5.08928967e+00 6.36891222e+00 5.55112743e+00 6.08092785e+00
    6.84204102e+00 8.21006775e+00 7.09790373e+00 7.05209970e+00
    6.41555977e+00 6.00775766e+00 5.61553288e+00 5.41814899e+00
    5.92690277e+00 6.56729698e+00 5.68415022e+00 6.41427803e+00
    6.58490324e+00 6.33560753e+00 5.90902376e+00 5.68000698e+00
    5.06848907e+00 4.33230257e+00 5.47518349e+00 4.75555754e+00
    5.15505457e+00 5.80454159e+00 6.79375601e+00 5.46556330e+00
    6.31778049e+00 5.56139374e+00 5.63960648e+00 6.24141645e+00
    6.81865883e+00 6.02094316e+00 7.08823919e+00 7.60779190e+00
    7.82342243e+00 6.70750380e+00 7.77258921e+00 8.32210827e+00
    8.55333042e+00 7.74542093e+00 7.48701715e+00 7.54526186e+00
    7.24204636e+00 5.57634830e+00 6.13564444e+00 6.73228216e+00
    5.93534279e+00 6.65011263e+00 5.86149645e+00 6.31747103e+00
    7.01469707e+00 7.49043560e+00 5.76089859e+00 6.73418188e+00
    6.30598545e+00 5.81975174e+00 6.24974203e+00 6.80142069e+00
    7.13534975e+00 6.48298120e+00 7.03128529e+00 6.77930498e+00
    6.73766279e+00 6.87839603e+00 6.64902115e+00 6.23696852e+00
    6.86237144e+00 6.92873907e+00 6.94550610e+00 6.79794550e+00
    6.46339989e+00 7.11618996e+00 6.80973816e+00 6.52903605e+00
    7.36952400e+00 7.81731319e+00 7.87817812e+00 7.83239317e+00
    7.59601736e+00 6.52446795e+00 6.16644192e+00 6.50107002e+00
    6.63988781e+00 7.74327564e+00 7.90907240e+00 8.01229382e+00
    7.89302826e+00 7.02203178e+00 6.54335880e+00 6.47073555e+00
    5.61238623e+00 5.48565340e+00 5.83792639e+00 6.44624567e+00
    6.63029957e+00 7.15903378e+00 7.26829433e+00 6.48838472e+00
    7.13813257e+00 6.49492359e+00 6.65341997e+00 6.26666403e+00
    7.73096800e+00 6.96223307e+00 6.14862013e+00 6.35628271e+00
    6.21070290e+00 6.19121027e+00 5.62084150e+00 5.42695332e+00
    6.08459091e+00 5.94946098e+00 5.98579073e+00 6.99981499e+00
    6.44455004e+00 6.78520107e+00 5.57985735e+00 5.85646820e+00
    6.18714905e+00 7.01390934e+00 6.85404682e+00 7.39617872e+00
    7.26640511e+00 7.26285124e+00 7.02291584e+00 6.51062679e+00
    5.94122744e+00 6.57239294e+00 6.95300579e+00 6.99605560e+00
    6.63781548e+00 7.60575867e+00 6.31515932e+00 7.20438004e+00
    7.60525274e+00 6.53999329e+00 6.96763611e+00 6.56829643e+00
    6.52770329e+00 6.24267721e+00 6.46545696e+00 6.97766590e+00
    7.26762724e+00 7.35266209e+00 7.43773603e+00 6.89885092e+00
    7.20994043e+00 6.94262362e+00 7.29887772e+00 6.23282051e+00
    5.85413933e+00 6.97305393e+00 6.47426128e+00 6.68020582e+00
    6.51705980e+00 7.05257463e+00 5.81257439e+00 5.23622227e+00
    5.55441427e+00 5.34322023e+00 6.19529200e+00 6.10275030e+00
    7.19028139e+00 6.06029081e+00 6.84253502e+00 7.28570890e+00
    7.13277626e+00 6.27732944e+00 6.32300758e+00 5.63008356e+00
    5.49025393e+00 5.39501953e+00 6.32096243e+00 5.83534813e+00
    6.74446106e+00 6.43761063e+00 6.69017220e+00 7.70068550e+00
    6.86935139e+00 7.79456091e+00 6.77255583e+00 6.93966961e+00
    6.13340044e+00 6.18570232e+00 5.87233925e+00 5.97803164e+00
    5.96510029e+00 6.41299534e+00 6.02513885e+00 6.65926933e+00
    6.92955494e+00 6.77261400e+00 6.14829016e+00 6.05711460e+00
    7.11386061e+00 7.70146370e+00 8.09248161e+00 7.66625404e+00
    7.30529356e+00 6.96285343e+00 7.09223986e+00 6.65817785e+00
    6.06310654e+00 6.08688831e+00 5.51280546e+00 5.71581650e+00
    6.45486069e+00 6.52215576e+00 6.97574997e+00 7.28430462e+00
    7.03701448e+00 6.58432388e+00 5.91379976e+00 6.22743559e+00
    7.93528509e+00 7.47808075e+00 8.14521313e+00 8.46155739e+00
    8.87857437e+00 6.98857498e+00 7.22318840e+00 6.87178564e+00
    6.74859047e+00 6.15901470e+00 6.22434902e+00 6.82729053e+00
    7.88031387e+00 6.66056108e+00 7.29925299e+00 7.49451017e+00
    6.12428951e+00 6.53491116e+00 7.16419077e+00 7.80860281e+00
    6.89037418e+00 6.87360334e+00 6.40848541e+00 6.45457315e+00
    6.27860880e+00 7.31473589e+00 6.89920998e+00 6.08325768e+00
    7.18135786e+00 7.10586166e+00 5.95095062e+00 6.02628136e+00
    5.77076387e+00 5.89042664e+00 6.34373426e+00 6.64061737e+00
    5.93153143e+00 5.78326225e+00 5.60158539e+00 5.31750584e+00
    5.74822283e+00 7.12928677e+00 6.95896578e+00 7.21440268e+00
    6.77788830e+00 6.43273497e+00 5.76093674e+00 5.31271029e+00
    6.61339426e+00 6.02355671e+00 7.12591457e+00 6.18697357e+00
    7.89018679e+00 6.93820810e+00 7.33951998e+00 5.48885918e+00
    5.20523071e+00 4.34446383e+00 5.63087130e+00 5.40415859e+00
    5.51074743e+00 6.62249041e+00 6.43929005e+00 5.47738647e+00
    5.46232128e+00 6.76056623e+00 5.23119497e+00 5.98367023e+00
    6.04702616e+00 5.95111084e+00 6.52807999e+00 6.72266483e+00
    6.79986477e+00 6.55049467e+00 7.80292702e+00 7.61421585e+00
    8.26665020e+00 8.08968258e+00 8.11103821e+00 6.58857489e+00
    5.64621162e+00 6.23218727e+00 5.67785692e+00 6.02212429e+00
    5.72885370e+00 6.32099295e+00 6.53957129e+00 6.33243847e+00
    7.18759394e+00 7.31156588e+00 5.71120024e+00 6.96435356e+00
    6.64694643e+00 6.35384464e+00 5.87197828e+00 6.26401138e+00
    5.95162582e+00 6.64749908e+00 7.68652868e+00 7.44875336e+00
    7.04027271e+00 6.97538900e+00 6.69736958e+00 6.13901711e+00
    6.79246140e+00 6.87936592e+00 7.41343451e+00 7.13583708e+00
    6.56586599e+00 6.76604748e+00 6.61141682e+00 6.56153440e+00
    6.71817160e+00 5.97569561e+00 6.49506664e+00 6.24109602e+00
    6.41619015e+00 5.96800995e+00 6.62544537e+00 5.52225208e+00
    5.88950920e+00 6.45081663e+00 6.79410839e+00 7.17092133e+00
    7.60414934e+00 6.69921827e+00 5.33705330e+00 6.33262873e+00
    6.99194765e+00 6.68313599e+00 6.31980753e+00 6.70896149e+00
    5.99870443e+00 6.16307878e+00 7.16405487e+00 7.09679747e+00
    6.15736866e+00 6.59564781e+00 7.54103518e+00 6.97855520e+00
    7.11996937e+00 7.87873745e+00 8.33603382e+00 7.41016340e+00
    7.11459017e+00 7.29987574e+00 5.77439690e+00 5.45819950e+00
    5.30839252e+00 6.78151655e+00 6.39460564e+00 7.34304523e+00
    7.22717857e+00 7.24851990e+00 6.00148869e+00 4.65838146e+00
    5.32795000e+00 5.64438009e+00 6.71218681e+00 7.00702286e+00
    7.59234524e+00 8.06241322e+00 7.64901781e+00 6.76465082e+00
    6.53917980e+00 6.82064009e+00 5.81491041e+00 6.41380739e+00
    7.12130833e+00 7.50219440e+00 6.66364956e+00 6.97846365e+00
    8.11213493e+00 7.80253410e+00 7.96602392e+00 7.91908407e+00
    7.46499872e+00 7.03242445e+00 7.31624794e+00 5.88323307e+00
    6.42566824e+00 6.50584269e+00 6.99607754e+00 7.72558546e+00
    7.71347475e+00 7.30671406e+00 6.55062294e+00 6.87782145e+00
    6.58627319e+00 6.90318632e+00 7.54141331e+00 6.44161415e+00
    7.24860668e+00 6.56132555e+00 5.78117752e+00 5.39977217e+00
    5.72656679e+00 6.54181528e+00 5.18912268e+00 5.78347635e+00
    6.46389198e+00 6.70118904e+00 5.74406576e+00 7.54614305e+00
    6.68230009e+00 6.25824213e+00 5.63011503e+00 6.85532188e+00
    6.61527205e+00 7.04637766e+00 6.26933336e+00 6.74569607e+00
    5.87039518e+00 6.41115189e+00 6.24770498e+00 6.17819643e+00
    7.52018738e+00 6.76106644e+00 7.00725985e+00 6.26870298e+00
    6.54472351e+00 6.08434916e+00 5.47065210e+00 6.20849180e+00
    6.05233002e+00 6.09218073e+00 7.77608252e+00 7.06929970e+00
    6.35200977e+00 6.38678169e+00 6.46560669e+00 6.75992489e+00
    6.14320564e+00 6.85952997e+00 7.04776573e+00 7.87419319e+00
    6.43955040e+00 6.65278482e+00 5.99910784e+00 6.57857370e+00
    5.82748222e+00 5.98025942e+00 5.41743660e+00 6.39934778e+00
    5.96082878e+00 6.99682379e+00 6.52173567e+00 7.25200939e+00
    6.29353189e+00 6.64161444e+00 6.11010313e+00 5.68203354e+00
    7.12421083e+00 7.43927479e+00 7.23234987e+00 7.61140871e+00
    7.40512514e+00 6.58809662e+00 6.21130896e+00 5.97543478e+00
    5.86801386e+00 6.06250715e+00 6.56912231e+00 6.63073397e+00
    6.51209116e+00 5.81281805e+00 6.60287046e+00 6.51893759e+00
    6.95065737e+00 6.15997505e+00 6.78801250e+00 6.99171400e+00
    7.07053757e+00 6.45361710e+00 6.37410927e+00 5.35479259e+00
    6.38374519e+00 6.83433867e+00 7.04320097e+00 7.33667660e+00
    6.67477798e+00 5.76214600e+00 5.03024578e+00 5.96522284e+00
    5.57453251e+00 6.68190861e+00 5.69915438e+00 6.53713131e+00
    6.05563498e+00 6.27685213e+00 6.21241140e+00 6.68037415e+00
    6.31927872e+00 7.55967617e+00 8.04343510e+00 7.74433422e+00
    6.89230537e+00 6.81194258e+00 6.53799248e+00 6.57389355e+00
    5.70833015e+00 6.31637287e+00 6.94548178e+00 6.37377214e+00
    6.73653507e+00 6.82752228e+00 6.63188457e+00 6.68417311e+00
    5.27323198e+00 5.30655813e+00 5.07013702e+00 5.60371637e+00
    5.66372204e+00 5.79071999e+00 6.55023575e+00 5.88180828e+00
    6.36924410e+00 5.74197149e+00 6.08209705e+00 6.21618557e+00
    7.67136812e+00 6.65796852e+00 6.88877726e+00 7.27277136e+00
    6.94175720e+00 6.57102966e+00 6.80188036e+00 7.59756756e+00
    7.58777571e+00 7.60045338e+00 7.73701859e+00 7.19238043e+00
    6.03426886e+00 5.39408350e+00 5.09817743e+00 5.13945723e+00
    6.04173851e+00 7.23826408e+00 6.36393499e+00 6.58513594e+00
    6.87692690e+00 6.30223131e+00 6.25589705e+00 7.10669899e+00
    6.39753437e+00 6.03470993e+00 7.12237787e+00 7.10164070e+00
    6.66726351e+00 6.02821255e+00 6.71532059e+00 6.47211885e+00
    5.87557840e+00 6.42051172e+00 6.22236967e+00 7.13960791e+00
    6.05432558e+00 6.48012829e+00 6.55566788e+00 6.92622089e+00
    6.71759367e+00 6.92378473e+00 7.51056957e+00 6.89653873e+00
    7.44976091e+00 7.54711151e+00 7.18367290e+00 7.91592216e+00
    6.69672155e+00 5.86357212e+00 5.68731165e+00 5.10248804e+00
    5.24372864e+00 6.55201292e+00 7.09294319e+00 6.86753130e+00
    7.43256760e+00 6.93034744e+00 6.79166651e+00 6.12178898e+00
    5.89091778e+00 6.42037487e+00 5.89402056e+00 6.90131092e+00
    6.33926010e+00 6.17542839e+00 5.42138386e+00 6.39146614e+00
    5.71777391e+00 6.13382626e+00 7.41798925e+00 7.32227325e+00
    8.26265144e+00 7.87101460e+00 8.27024269e+00 7.01590061e+00
    7.32533312e+00 6.57278824e+00 6.26455259e+00 5.47926092e+00
    6.00741816e+00 7.04091644e+00 6.91670752e+00 7.24737072e+00
    7.65040255e+00 7.57118940e+00 6.12948275e+00 5.61060333e+00
    5.69005156e+00 6.31652641e+00 6.34207153e+00 7.19442272e+00
    7.39867973e+00 8.47101593e+00 6.52046204e+00 6.54092598e+00
    5.81768131e+00 5.41145897e+00 4.72295094e+00 6.03143215e+00
    6.05874300e+00 7.32474470e+00 7.05865097e+00 8.42019749e+00
    7.69842958e+00 7.92851448e+00 7.13660097e+00 8.03464317e+00
    7.43996382e+00 7.34159803e+00 6.30716705e+00 7.01932240e+00
    6.14195776e+00 6.22293186e+00 6.51580954e+00 6.60045099e+00
    6.79521179e+00 6.46279001e+00 6.19802237e+00 5.93651819e+00
    5.82327795e+00 6.16088820e+00 7.09029436e+00 7.52064419e+00
    6.81538439e+00 8.06557465e+00 6.31324577e+00 5.67879581e+00
    6.23083591e+00 5.87872887e+00 6.43077183e+00 5.85031080e+00
    6.13709593e+00 5.34016180e+00 5.59480286e+00 5.60547733e+00
    6.61706305e+00 5.96212387e+00 7.08181572e+00 5.24942875e+00
    6.37378263e+00 6.69992256e+00 5.67816591e+00 6.69528818e+00
    6.74842262e+00 6.24493456e+00 5.89186478e+00 7.27097988e+00
    6.66094351e+00 7.60386753e+00 7.57044458e+00 7.50134850e+00
    6.01669502e+00 6.30094481e+00 6.95877361e+00 5.69515800e+00
    5.75842619e+00 5.86739492e+00 6.23057795e+00 6.82418823e+00
    6.94144630e+00 6.26525927e+00 7.01251888e+00 6.57823658e+00
    6.58349562e+00 6.54348230e+00 7.61843967e+00 6.65605736e+00
    5.24182510e+00 6.28186131e+00 6.16125631e+00 5.62876844e+00
    5.65609741e+00 5.93626738e+00 6.24528456e+00 6.44813538e+00
    7.50756264e+00 6.80789328e+00 6.86610031e+00 6.27589321e+00
    6.12700844e+00 6.61943150e+00 6.91361904e+00 6.05964708e+00
    6.29830122e+00 6.63598442e+00 7.21986341e+00 7.42031574e+00
    7.57838726e+00 7.44730330e+00 6.14500141e+00 6.38271761e+00
    5.83682156e+00 6.83089924e+00 6.45002937e+00 7.50375795e+00
    7.44881964e+00 6.23300982e+00 5.71650839e+00 6.77615023e+00
    6.33343744e+00 5.89387178e+00 6.75637102e+00 7.03833961e+00
    5.98055363e+00 6.75004292e+00 7.28299332e+00 6.95788097e+00
    6.41105175e+00 7.09091616e+00 7.13289738e+00 6.88089561e+00
    6.38653278e+00 6.18359613e+00 5.86584902e+00 5.51806927e+00
    6.18935251e+00 6.17508221e+00 7.09267378e+00 6.01947927e+00
    6.47605038e+00 6.61108208e+00 5.59946156e+00 6.40396976e+00
    7.62185764e+00 7.79398394e+00 6.98011494e+00 7.47394705e+00
    7.38155365e+00 7.52967834e+00 6.99601221e+00 6.51046801e+00
    5.89175034e+00 5.56262827e+00 5.93050051e+00 6.31836462e+00
    6.29762173e+00 6.68342018e+00 6.32563353e+00 5.86155701e+00
    5.85194540e+00 5.15473652e+00 5.92463446e+00 5.48854733e+00
    6.54495049e+00 6.04101419e+00 6.29169750e+00 6.33509874e+00
    5.86016798e+00 5.76442862e+00 5.85525560e+00 6.20528650e+00
    5.99565411e+00 6.12335920e+00 6.22424030e+00 6.96532917e+00
    7.15256405e+00 6.71936083e+00 7.06613827e+00 7.87248373e+00
    7.41910648e+00 6.82737541e+00 7.54966879e+00 6.89368391e+00
    6.11057281e+00 5.25035048e+00 4.90776396e+00 5.25959253e+00
    5.36470842e+00 5.84406471e+00 6.22542381e+00 6.50091648e+00
    6.48393965e+00 6.88558006e+00 5.48501015e+00 6.11267710e+00
    7.13060617e+00 6.60678244e+00 7.06872559e+00 7.97940969e+00
    7.60872698e+00 6.97891235e+00 6.46261787e+00 6.20740938e+00
    6.30753231e+00 6.23157692e+00 6.97331715e+00 7.13946247e+00
    7.37948132e+00 7.27692509e+00 7.41229725e+00 7.18246365e+00
    6.96719885e+00 7.53732347e+00 7.93201208e+00 8.12574482e+00
    7.35894871e+00 6.43150616e+00 6.78089142e+00 7.38497400e+00
    7.21052074e+00 5.64592600e+00 6.21801138e+00 5.75841808e+00
    4.41346836e+00 6.12067270e+00 7.34461308e+00 7.48468351e+00
    7.04792547e+00 7.75932360e+00 5.98480082e+00 5.52870655e+00
    6.18940258e+00 5.94705772e+00 6.21393251e+00 6.18691111e+00
    6.49135256e+00 6.98128653e+00 7.10437965e+00 6.15557814e+00
    7.07293367e+00 6.30480671e+00 6.39940310e+00 6.70230579e+00
    7.30862617e+00 7.09759617e+00 6.63511181e+00 6.97778225e+00
    5.78552198e+00 5.46801138e+00 5.64664364e+00 6.11771297e+00
    5.61946106e+00 7.67436409e+00 8.12016678e+00 7.17600822e+00
    6.41444969e+00 7.21517372e+00 5.93638945e+00 5.32069731e+00
    4.88893795e+00 6.56197691e+00 6.97549725e+00 7.59665680e+00
    7.45383930e+00 8.40253544e+00 7.69935751e+00 6.39514923e+00
    6.81589699e+00 5.93511772e+00 6.21581221e+00 6.16356468e+00
    5.99353456e+00 6.84197807e+00 7.49829674e+00 7.59804392e+00
    7.62463522e+00 8.09320831e+00 8.60773087e+00 7.06959295e+00
    6.86983824e+00 7.30359507e+00 7.47383738e+00 5.49850941e+00
    6.45878601e+00 6.10359573e+00 6.43053913e+00 6.32522345e+00
    7.02842188e+00 6.49641228e+00 6.35537100e+00 5.53959227e+00
    6.19371033e+00 6.82555342e+00 7.41438627e+00 6.89259386e+00
    7.00944090e+00 6.93721819e+00 5.69215727e+00 6.20597172e+00
    6.80377579e+00 6.55295420e+00 5.68462133e+00 5.37784958e+00
    5.70060635e+00 5.67198324e+00 5.30202389e+00 4.87462950e+00
    6.17750692e+00 7.09189653e+00 6.05267477e+00 6.83327770e+00
    6.95247364e+00 7.80722952e+00 6.82291412e+00 6.06552696e+00
    6.81510115e+00 6.19490767e+00 6.52184248e+00 7.09484768e+00
    7.66159630e+00 6.35257339e+00 6.99626493e+00 6.53434706e+00
    6.18473816e+00 6.25469112e+00 6.07506657e+00 6.26927853e+00
    6.12100363e+00 6.42634058e+00 6.84809971e+00 7.75561714e+00
    7.87815619e+00 6.36684608e+00 6.78141832e+00 6.94447517e+00
    6.88575363e+00 6.20158148e+00 6.84950829e+00 7.00363398e+00
    6.42577696e+00 6.96387768e+00 6.80100536e+00 7.08647966e+00
    6.84006882e+00 6.74696302e+00 5.07056761e+00 6.05798864e+00
    6.49775839e+00 6.88596916e+00 7.08386278e+00 7.99665070e+00
    5.97939157e+00 6.91110420e+00 7.02822065e+00 7.59271812e+00
    6.62021351e+00 6.43130064e+00 6.57263851e+00 7.42683983e+00
    6.50281572e+00 6.26220846e+00 6.51990271e+00 5.50430584e+00
    5.82389212e+00 5.65751743e+00 7.57167530e+00 7.10933065e+00
    8.37273598e+00 6.98154736e+00 7.07059526e+00 6.79707003e+00
    6.76383305e+00 6.01621389e+00 7.06855583e+00 6.81933403e+00
    6.38595963e+00 6.33980560e+00 6.62477827e+00 5.72543049e+00
    6.16715670e+00 6.98016405e+00 7.18667698e+00 6.68306971e+00
    6.37916660e+00 6.03261137e+00 5.33949518e+00 4.67147779e+00
    5.47198391e+00 5.51298714e+00 5.94054842e+00 5.54727983e+00
    5.62488365e+00 5.77081394e+00 6.45194244e+00 5.76245451e+00
    6.96273279e+00 7.19988251e+00 7.53153419e+00 9.08246040e+00
    8.23865032e+00 7.47115993e+00 6.49663973e+00 7.00250435e+00
    6.30994940e+00 6.21652508e+00 7.02642059e+00 6.43819141e+00
    6.76233864e+00 6.86814785e+00 7.22625160e+00 6.70771885e+00
    5.86992407e+00 6.14284039e+00 5.30417681e+00 5.37606764e+00
    6.12411165e+00 6.34067678e+00 7.00343895e+00 7.02092886e+00
    7.68882132e+00 7.22965527e+00 5.83384466e+00 4.84298468e+00
    4.89306831e+00 5.11794567e+00 5.23760462e+00 6.18614292e+00
    7.13708639e+00 7.54296112e+00 6.98759747e+00 7.27086926e+00
    7.00702286e+00 6.82475710e+00 7.01099825e+00 6.71063471e+00
    5.14808941e+00 5.17190027e+00 4.16717672e+00 5.08944893e+00
    5.95186758e+00 6.75039101e+00 7.38889647e+00 6.80725622e+00
    6.45226908e+00 6.18253517e+00 5.02833796e+00 5.62137318e+00
    6.46329498e+00 5.69195747e+00 6.83386755e+00 8.32984066e+00
    7.10195255e+00 6.57237673e+00 6.69073200e+00 6.03994513e+00
    6.36154366e+00 6.45468473e+00 6.84330511e+00 7.66333151e+00
    7.36514425e+00 7.55347395e+00 7.27831984e+00 8.18086147e+00
    7.54099083e+00 8.01138973e+00 7.72297764e+00 8.84237289e+00
    6.61407137e+00 5.94959116e+00 4.75651073e+00 5.12493324e+00
    5.56443977e+00 5.27635670e+00 6.46895599e+00 5.66875744e+00
    5.74246597e+00 6.47447300e+00 7.72981930e+00 6.88086128e+00
    7.18708324e+00 7.08591843e+00 7.59156609e+00 6.22753716e+00
    6.26366758e+00 6.22289848e+00 6.13110447e+00 6.89797306e+00
    6.40084505e+00 6.35509586e+00 6.29088545e+00 7.80258799e+00
    6.98127890e+00 7.66624165e+00 7.92986107e+00 7.89856529e+00
    8.20412254e+00 7.24505520e+00 8.00309849e+00 6.86661005e+00
    7.80480957e+00 6.25874996e+00 7.06947994e+00 5.92352581e+00
    5.78812361e+00 6.32724905e+00 7.07524490e+00 7.00160742e+00
    6.98676348e+00 6.76618195e+00 5.58645248e+00 5.51916933e+00
    5.57697344e+00 5.86838627e+00 6.69771624e+00 7.16138029e+00
    7.93417597e+00 8.38035870e+00 7.99430943e+00 7.84562778e+00
    8.50224400e+00 7.64131212e+00 6.85181904e+00 7.09043312e+00
    6.13646984e+00 6.42658901e+00 5.45098782e+00 6.98830795e+00
    5.75960016e+00 7.09069872e+00 6.65202951e+00 7.73099709e+00
    7.73973417e+00 7.54504681e+00 7.91770411e+00 6.63715172e+00
    6.56863260e+00 5.92350245e+00 5.73267555e+00 5.91865730e+00
    6.32001209e+00 7.30377293e+00 7.23715210e+00 7.06312227e+00
    7.11011934e+00 6.94780445e+00 7.50485516e+00 7.58096790e+00
    6.82848597e+00 6.83411598e+00 6.67269325e+00 5.26158237e+00
    6.21881819e+00 7.11590433e+00 6.58378649e+00 6.20359039e+00
    5.78558159e+00 5.57363987e+00 5.01445246e+00 5.34155130e+00
    6.10666323e+00 6.88476276e+00 6.52253056e+00 7.00852489e+00
    7.46116209e+00 7.85631609e+00 6.88875866e+00 6.74693394e+00
    7.52612495e+00 7.21621227e+00 5.80038929e+00 7.48258400e+00
    7.50775862e+00 7.10668993e+00 6.81968164e+00 6.36255503e+00
    6.12988710e+00 5.30352974e+00 5.73878384e+00 5.16356468e+00
    5.51109505e+00 5.89691973e+00 6.53510094e+00 7.23842764e+00
    7.33838940e+00 7.48811626e+00 6.52141190e+00 7.75794315e+00
    6.19374943e+00 6.90580893e+00 7.88014650e+00 6.88042450e+00
    6.46070957e+00 7.58076906e+00 7.44345760e+00 6.37110090e+00
    6.54668427e+00 6.44271421e+00 6.03698063e+00 7.18231058e+00
    7.33925533e+00 7.17232847e+00 6.67093515e+00 7.61169815e+00
    7.05860758e+00 5.96671343e+00 6.24476719e+00 6.35085917e+00
    6.02784681e+00 6.07107592e+00 6.30018187e+00 6.10448217e+00
    6.35379028e+00 5.40446424e+00 5.48465252e+00 6.09354591e+00
    5.80511713e+00 6.16378593e+00 5.99198246e+00 7.24568892e+00
    7.43362617e+00 7.84791136e+00 7.22854185e+00 8.04568958e+00
    7.62355280e+00 7.58139658e+00 7.52142763e+00 6.75371456e+00
    7.15604305e+00 6.31378031e+00 6.39429808e+00 6.17603111e+00
    6.94745064e+00 6.31058550e+00 6.42478704e+00 6.73949480e+00
    5.72700167e+00 4.28473663e+00 4.30207968e+00 4.78059292e+00
    4.69606352e+00 5.00084114e+00 6.20356655e+00 5.84100580e+00
    5.17616940e+00 5.68090200e+00 5.49683809e+00 5.24150419e+00
    5.55442095e+00 6.90403795e+00 6.78212786e+00 6.98935652e+00
    7.79565716e+00 7.20527744e+00 7.45146227e+00 7.22844410e+00
    5.95377874e+00 5.36502790e+00 5.98895597e+00 7.11857557e+00
    6.70289469e+00 7.10436440e+00 6.64123678e+00 6.69024992e+00
    6.24751902e+00 6.29184723e+00 6.09148645e+00 5.83900881e+00
    5.90126562e+00 6.00269890e+00 6.23655367e+00 7.40113354e+00
    7.39441442e+00 6.93509912e+00 6.73463917e+00 6.49434090e+00
    6.28967142e+00 5.65364027e+00 5.95796442e+00 6.28127480e+00
    5.77658176e+00 5.74924946e+00 6.25669765e+00 7.18748522e+00
    6.35503578e+00 6.54784822e+00 6.53805113e+00 6.11685705e+00
    5.32012749e+00 5.75300360e+00 5.43382359e+00 4.55711222e+00
    6.32579231e+00 6.75513315e+00 6.51626968e+00 7.19744492e+00
    6.62611532e+00 5.87485838e+00 4.69227314e+00 5.69215822e+00
    7.22145939e+00 6.54851437e+00 8.08554840e+00 7.69298363e+00
    7.89589167e+00 8.29149532e+00 7.72386217e+00 7.48623514e+00
    7.78067589e+00 7.71777487e+00 6.94436741e+00 6.98281384e+00
    7.85920000e+00 7.31461096e+00 6.44510746e+00 7.33185625e+00
    7.56009150e+00 6.88082933e+00 6.58488321e+00 6.37241602e+00
    6.76190710e+00 6.45613527e+00 5.80248833e+00 6.34077263e+00
    5.52622318e+00 5.06881380e+00 5.46760464e+00 6.66984367e+00
    5.76986408e+00 6.59625244e+00 7.52704525e+00 8.39840794e+00
    7.35711479e+00 6.88961554e+00 6.65478325e+00 6.39552641e+00
    6.62852240e+00 7.52941704e+00 6.89089155e+00 5.68850183e+00
    7.19001722e+00 5.95818520e+00 6.20161486e+00 6.39728355e+00
    7.17660666e+00 6.92019272e+00 6.48655272e+00 7.08572865e+00
    6.94394112e+00 7.48047543e+00 7.06767416e+00 7.79987526e+00
    6.97933149e+00 6.72273254e+00 5.64622879e+00 5.73662090e+00
    5.64918995e+00 6.70297623e+00 6.48192549e+00 7.84859180e+00
    7.45104122e+00 7.10313129e+00 6.56352091e+00 6.44596481e+00
    5.90003777e+00 6.24553680e+00 7.39114857e+00 7.45638466e+00
    8.81988239e+00 8.21675396e+00 7.90756655e+00 7.63978624e+00
    8.18797779e+00 7.99086475e+00 7.89533663e+00 8.52169037e+00
    7.36560726e+00 6.54104805e+00 6.80295086e+00 7.01338625e+00
    6.27448273e+00 6.90462732e+00 7.95196581e+00 7.70047569e+00
    7.95742702e+00 7.97072411e+00 8.05521679e+00 6.87498236e+00
    6.22116184e+00 5.23889208e+00 5.46399736e+00 6.20072842e+00
    6.06574106e+00 6.20138741e+00 6.77317810e+00 6.61357975e+00
    7.02737617e+00 7.55969954e+00 7.40375519e+00 7.88711643e+00
    7.35627270e+00 7.50896978e+00 6.60833025e+00 6.40272570e+00
    6.93694210e+00 6.53562689e+00 6.84396029e+00 5.91490269e+00
    5.90382957e+00 6.01300001e+00 5.60686255e+00 5.48144388e+00
    6.22265530e+00 6.90910149e+00 7.61860895e+00 6.71567249e+00
    7.43095589e+00 7.16589165e+00 6.69276905e+00 6.88495111e+00
    6.94529963e+00 6.81266451e+00 6.85085869e+00 7.62350845e+00
    7.28373575e+00 7.09477997e+00 7.18774796e+00 6.94008589e+00
    6.45422840e+00 6.81905890e+00 6.71362877e+00 6.02555132e+00
    6.89645100e+00 7.13454247e+00 6.25256443e+00 6.69509363e+00
    7.66435099e+00 6.29016638e+00 7.60116434e+00 7.79513168e+00
    7.43506098e+00 6.64006233e+00 7.12107897e+00 6.58407402e+00
    6.01727057e+00 7.00060034e+00 6.50697994e+00 6.15157127e+00
    5.72086000e+00 6.06617737e+00 4.97150040e+00 5.83889151e+00
    6.52543545e+00 6.41833973e+00 6.37399149e+00 6.46473026e+00
    6.36402512e+00 5.57494354e+00 6.25106192e+00 6.39053822e+00
    5.39269924e+00 5.09679794e+00 5.10156393e+00 5.73101282e+00
    5.46589851e+00 5.78822994e+00 6.48142147e+00 6.82340050e+00
    6.21410370e+00 7.59637547e+00 7.99424171e+00 7.48696089e+00
    7.65973473e+00 7.95897198e+00 8.22549534e+00 8.59989166e+00
    6.71247911e+00 6.49312782e+00 7.48860025e+00 7.35370111e+00
    6.90151167e+00 6.67058372e+00 6.40040874e+00 5.09525442e+00
    5.76959419e+00 5.50933647e+00 6.27424145e+00 6.23036146e+00
    5.07195997e+00 3.82655764e+00 4.67328930e+00 5.68038607e+00
    5.35939693e+00 6.04434490e+00 6.49240303e+00 5.60992527e+00
    5.49819613e+00 5.37800121e+00 5.40058327e+00 5.58216333e+00
    5.82394361e+00 6.04382229e+00 6.33100224e+00 7.13804817e+00
    7.66190958e+00 7.94681549e+00 6.00698948e+00 7.22845936e+00
    6.51184750e+00 5.58111906e+00 6.66113520e+00 6.08819532e+00
    5.88825560e+00 6.57149410e+00 6.34441948e+00 6.92131042e+00
    6.17155266e+00 7.12371969e+00 6.60403204e+00 6.80947733e+00
    6.18188190e+00 6.70653677e+00 6.39114952e+00 6.12284136e+00
    6.38091183e+00 6.33448076e+00 6.99607325e+00 6.76552010e+00
    6.75485373e+00 6.28446913e+00 6.16391468e+00 6.97364092e+00
    7.08352327e+00 6.41867876e+00 6.14308643e+00 5.37030745e+00
    5.87379265e+00 5.34440613e+00 5.96949673e+00 5.75930929e+00
    5.56132793e+00 5.56354952e+00 5.83576345e+00 5.99743414e+00
    6.52608538e+00 8.01135826e+00 7.99311256e+00 7.83999157e+00
    7.59004259e+00 7.11593056e+00 6.57658243e+00 6.45123959e+00
    6.76662922e+00 6.94937325e+00 8.07541752e+00 9.21283817e+00
    9.11278057e+00 8.80623341e+00 8.01222610e+00 7.32546186e+00
    6.37103939e+00 5.84456396e+00 6.29784346e+00 6.34058571e+00
    6.28180885e+00 6.88981009e+00 6.07738638e+00 7.42967749e+00
    7.13750648e+00 7.73006058e+00 7.09640312e+00 8.39913177e+00
    7.49452019e+00 7.77752399e+00 6.89597225e+00 6.69158936e+00
    6.13951206e+00 4.81424427e+00 5.44384336e+00 5.64946222e+00
    5.85980320e+00 6.86266613e+00 8.20085144e+00 7.41271687e+00
    7.39158630e+00 7.44575596e+00 6.23670149e+00 6.13077116e+00
    5.64104891e+00 6.56314087e+00 6.54380465e+00 6.35777140e+00
    5.19595051e+00 6.64331055e+00 5.61253309e+00 5.84731054e+00
    6.49974823e+00 6.70156431e+00 6.47147322e+00 5.52821112e+00
    7.65977097e+00 6.71003580e+00 6.69972372e+00 6.39860630e+00
    5.77674103e+00 5.43468666e+00 5.39500713e+00 5.79405737e+00
    6.56255436e+00 5.78451061e+00 7.27547359e+00 7.92760229e+00
    8.33808613e+00 8.02290440e+00 7.22607183e+00 6.93851757e+00
    6.73669100e+00 6.49938297e+00 7.72662544e+00 7.63196087e+00
    6.87775040e+00 8.11951637e+00 8.21185017e+00 7.36449242e+00
    7.54245472e+00 6.84442616e+00 6.91527987e+00 7.16683435e+00
    7.15591621e+00 6.84762812e+00 7.81280470e+00 7.30344677e+00
    6.53397083e+00 6.59863997e+00 6.93402290e+00 6.77870083e+00
    6.87654781e+00 7.53675270e+00 6.42973804e+00 6.30657578e+00
    6.35644102e+00 5.82908440e+00 5.26414871e+00 5.80196381e+00
    5.99845600e+00 6.23766232e+00 6.33028555e+00 5.75179720e+00
    6.59259129e+00 6.80921364e+00 6.31669855e+00 6.73680925e+00
    7.81159401e+00 7.25173569e+00 7.32665539e+00 7.53909111e+00
    6.46886492e+00 6.85421133e+00 7.11992073e+00 6.66603994e+00
    5.77686548e+00 6.17242241e+00 5.73354673e+00 6.24977636e+00
    7.11924362e+00 7.84026384e+00 7.26290560e+00 6.71881485e+00
    6.41972256e+00 6.96404791e+00 5.63033819e+00 7.08773136e+00
    8.13452721e+00 8.04882908e+00 7.55254173e+00 7.17770624e+00
    7.65722227e+00 7.27065134e+00 6.90626049e+00 5.72634363e+00
    6.21601009e+00 6.92986059e+00 7.52761412e+00 6.20895100e+00
    6.38327026e+00 7.08843851e+00 6.23750687e+00 5.70530605e+00
    6.73992729e+00 7.46612215e+00 7.11607885e+00 8.79656887e+00
    8.41476822e+00 8.11230659e+00 7.05245018e+00 7.30168152e+00
    6.79874468e+00 7.17176199e+00 7.74019098e+00 6.57761621e+00
    6.31880713e+00 6.25526094e+00 5.96994829e+00 6.72465706e+00
    7.69042444e+00 7.01333332e+00 5.55392981e+00 6.30623913e+00
    6.71206093e+00 7.17986965e+00 6.61319351e+00 7.18048191e+00
    6.68567801e+00 5.83253956e+00 6.04437256e+00 7.13746071e+00
    7.07025909e+00 7.03911638e+00 6.73143578e+00 7.23966789e+00
    6.93500185e+00 6.31067514e+00 6.23210239e+00 6.40923309e+00
    7.77909136e+00 6.59366322e+00 7.25634146e+00 8.01914883e+00
    8.25970364e+00 7.66387987e+00 7.82881641e+00 7.53031683e+00
    6.22275925e+00 6.04862833e+00 5.96491528e+00 4.83162403e+00
    5.53527641e+00 5.99429607e+00 4.98838711e+00 5.82216930e+00
    6.13104010e+00 5.19173527e+00 4.89796877e+00 5.97108126e+00
    6.01255798e+00 5.53660393e+00 5.88771391e+00 5.81705093e+00
    5.13184595e+00 5.75145340e+00 5.99456978e+00 5.66763353e+00
    5.89942503e+00 5.57019949e+00 5.36280060e+00 6.06600666e+00
    6.95611000e+00 6.90640116e+00 6.69360495e+00 6.78824997e+00
    6.59771872e+00 5.90299559e+00 5.75870752e+00 6.94468594e+00
    5.69600296e+00 6.10519505e+00 5.47843742e+00 5.63473082e+00
    6.75959730e+00 6.14390945e+00 6.58871317e+00 6.69846344e+00
    6.21020651e+00 6.24623728e+00 6.73933840e+00 7.15782785e+00
    6.33962536e+00 6.25173712e+00 6.13270569e+00 6.07721615e+00
    6.03231668e+00 5.94261312e+00 6.12339449e+00 6.07559395e+00
    5.59513664e+00 5.99811459e+00 7.04463196e+00 7.38051224e+00
    5.73989725e+00 5.13741207e+00 6.42697191e+00 6.60889721e+00
    5.59576321e+00 6.85379648e+00 6.52016306e+00 6.15304518e+00
    6.00235224e+00 6.90725279e+00 7.58785200e+00 7.89833450e+00
    7.92684078e+00 7.55332947e+00 6.86211634e+00 5.93781376e+00
    7.01562929e+00 7.05990696e+00 7.16825676e+00 7.76856136e+00
    8.16174316e+00 7.68875980e+00 7.98558283e+00 7.08119249e+00
    7.28200150e+00 6.61218500e+00 5.95400858e+00 5.61463118e+00
    6.54723072e+00 7.10520697e+00 6.67672443e+00 6.41807842e+00
    8.33528996e+00 7.32023573e+00 7.20820141e+00 7.74372625e+00
    6.73476362e+00 6.16564798e+00 6.28335476e+00 5.30685711e+00
    4.99175549e+00 4.90611267e+00 5.00870466e+00 5.60489941e+00
    6.59111929e+00 7.17252159e+00 6.92216682e+00 7.50577545e+00
    7.30639267e+00 6.45670795e+00 6.73578739e+00 6.15077639e+00
    7.06024885e+00 6.05946207e+00 6.65334082e+00 6.98962879e+00
    5.71856070e+00 5.58770609e+00 6.26882124e+00 5.39941835e+00
    5.64463758e+00 5.63877964e+00 5.15097666e+00 5.63798523e+00
    5.98004150e+00 6.94648409e+00 5.96448326e+00 6.30605221e+00
    6.58728933e+00 5.33062172e+00 4.43480873e+00 4.77668095e+00
    5.38913012e+00 5.74876690e+00 6.23890448e+00 7.01956606e+00
    7.87428331e+00 7.52078724e+00 7.50813055e+00 7.74146986e+00
    7.22551394e+00 6.50637722e+00 6.52504206e+00 7.25000620e+00
    7.34494162e+00 7.10257006e+00 7.66296434e+00 7.26929855e+00
    7.66365480e+00 7.39759827e+00 6.52884722e+00 6.23937798e+00
    6.93286419e+00 6.06364870e+00 6.31007051e+00 6.34516335e+00
    5.67181206e+00 5.80016613e+00 4.75004721e+00 6.38157272e+00
    5.75828981e+00 6.97438192e+00 6.95438671e+00 5.71137810e+00
    4.85812044e+00 5.19949865e+00 5.08263159e+00 5.39654350e+00
    6.68384266e+00 7.02499104e+00 6.31729364e+00 6.73226357e+00
    6.15217209e+00 6.84888315e+00 6.46307230e+00 6.40602255e+00
    6.86138916e+00 7.25502920e+00 6.78576851e+00 6.65600681e+00
    7.58936739e+00 6.62075472e+00 6.24839449e+00 5.73590469e+00
    5.62478447e+00 4.92814112e+00 6.18771362e+00 5.91150045e+00
    6.90703154e+00 7.68185806e+00 7.42668533e+00 6.19740820e+00
    7.61413097e+00 7.21480274e+00 6.52374887e+00 6.40487289e+00
    6.66825199e+00 6.65622854e+00 7.05530214e+00 7.80653858e+00
    6.27649641e+00 7.22866964e+00 6.57988787e+00 6.08119297e+00
    5.49143457e+00 6.34733295e+00 6.56841755e+00 6.52043390e+00
    6.60320520e+00 6.27102518e+00 6.92769527e+00 6.62572432e+00
    7.69476271e+00 7.61138678e+00 7.35731840e+00 8.28665733e+00
    8.12996578e+00 7.84568691e+00 8.29130840e+00 8.38029385e+00
    8.42162514e+00 8.18982697e+00 8.08544445e+00 6.91875648e+00
    6.12086487e+00 6.27382183e+00 6.83217573e+00 6.03938341e+00
    7.08992910e+00 7.44839382e+00 6.68940210e+00 6.67194319e+00
    7.27526951e+00 7.51188517e+00 6.55809259e+00 6.48444366e+00
    6.86989117e+00 6.63475657e+00 5.51201057e+00 7.04210424e+00
    7.22277546e+00 7.20347071e+00 6.74028826e+00 6.66462803e+00
    6.11924362e+00 5.14479303e+00 6.56497288e+00 6.51086140e+00
    6.50546551e+00 6.97591877e+00 6.91002321e+00 7.89100742e+00
    8.07707024e+00 8.10044193e+00 7.81681824e+00 8.41516876e+00
    7.12484837e+00 6.63630581e+00 4.84047604e+00 5.28573370e+00
    5.76788759e+00 6.10327816e+00 6.58189106e+00 5.60216331e+00
    6.51613188e+00 5.15468931e+00 5.03644657e+00 5.17056370e+00
    5.21425915e+00 4.63175678e+00 5.47588634e+00 5.24721003e+00
    5.29754257e+00 5.83992529e+00 5.64470577e+00 5.65430260e+00
    5.08178091e+00 6.03672695e+00 6.08757210e+00 6.48509502e+00
    6.96727753e+00 7.14306307e+00 6.18522644e+00 6.25513172e+00
    5.70863581e+00 6.23781013e+00 6.48090696e+00 6.57582426e+00
    5.98346710e+00 6.31011009e+00 6.46224165e+00 6.09349680e+00
    6.14149523e+00 7.11382866e+00 6.06177902e+00 6.48145819e+00
    6.22916031e+00 5.67177439e+00 6.59525061e+00 7.18878603e+00
    6.98778057e+00 6.82238388e+00 7.56121492e+00 6.35842657e+00
    6.90181494e+00 6.43355274e+00 7.43979311e+00 7.26242638e+00
    8.01758194e+00 7.35563326e+00 7.25426960e+00 6.55766678e+00
    6.53752041e+00 6.37043667e+00 6.04818344e+00 7.34158087e+00
    6.72025537e+00 6.94110537e+00 7.30358362e+00 6.28748512e+00
    7.17926788e+00 7.54165411e+00 7.63174677e+00 7.53093100e+00
    7.86302757e+00 7.21828127e+00 5.95880508e+00 6.10569334e+00
    7.11665773e+00 6.47848129e+00 6.82636690e+00 7.32184649e+00
    7.71616459e+00 8.05547428e+00 7.80631971e+00 7.82716179e+00
    6.84490204e+00 7.31279230e+00 5.67305565e+00 6.34933805e+00
    6.30135441e+00 6.66028166e+00 6.81063032e+00 7.36381054e+00
    6.84841204e+00 6.49604559e+00 5.73355818e+00 6.16052485e+00
    7.71099567e+00 6.59130335e+00 6.18049192e+00 5.64627981e+00
    5.50686502e+00 5.42729807e+00 6.47267294e+00 6.21629620e+00
    7.01899672e+00 7.59831524e+00 8.05521774e+00 8.44804668e+00
    7.42243576e+00 7.01009417e+00 7.03988600e+00 6.24601746e+00
    5.49989462e+00 7.08734465e+00 6.39489985e+00 6.53227520e+00
    6.21040726e+00 5.73075771e+00 5.18834352e+00 5.51261234e+00
    5.40950394e+00 6.24465656e+00 6.84999704e+00 6.08553743e+00
    6.84221745e+00 6.67876148e+00 6.74663496e+00 6.29377747e+00
    6.15042543e+00 5.48909473e+00 4.77260780e+00 5.13917685e+00
    4.70433998e+00 4.74291849e+00 4.47607183e+00 6.20177794e+00
    6.73025513e+00 7.76242352e+00 7.26715088e+00 7.71194601e+00
    6.81422186e+00 6.88216877e+00 6.58158159e+00 6.42268562e+00
    6.75562191e+00 6.32511044e+00 8.09552956e+00 7.25863409e+00
    7.54865408e+00 6.39903355e+00 7.28474426e+00 6.73684597e+00
    6.82578039e+00 6.96606398e+00 6.33754969e+00 5.75254011e+00
    5.30589533e+00 4.27175331e+00 5.00875473e+00 5.72463512e+00
    6.59445572e+00 6.39302158e+00 7.67676592e+00 6.83583593e+00
    6.50634336e+00 6.31618452e+00 6.42163610e+00 5.69380999e+00
    6.86983633e+00 7.25686884e+00 7.49522114e+00 7.03502560e+00
    6.41199017e+00 6.92895079e+00 6.65676785e+00 6.83449221e+00
    6.65415382e+00 8.11275482e+00 7.86256266e+00 7.62081099e+00
    7.91579914e+00 7.67469025e+00 6.57553196e+00 6.01206350e+00
    5.92310572e+00 5.12229204e+00 5.88264322e+00 5.73851442e+00
    6.25567961e+00 6.91129208e+00 5.82422113e+00 6.56079817e+00
    6.35195446e+00 6.92219257e+00 6.50839996e+00 6.77010489e+00
    6.90577316e+00 7.17789936e+00 6.89920330e+00 7.17754030e+00
    7.25491619e+00 7.43793869e+00 7.62881708e+00 6.90254307e+00
    5.83996773e+00 7.11275005e+00 6.77307701e+00 6.20799208e+00
    5.87122011e+00 6.79933357e+00 6.61754370e+00 6.70300102e+00
    6.61506605e+00 7.08833408e+00 8.03095055e+00 8.23001957e+00
    7.98572683e+00 7.96434021e+00 8.47054195e+00 7.49355316e+00
    7.22399807e+00 7.54151249e+00 7.16324091e+00 6.67433977e+00
    5.98648262e+00 6.46740818e+00 6.35256529e+00 6.48665380e+00
    6.98094416e+00 7.60968208e+00 6.93971205e+00 6.29625511e+00
    6.90473938e+00 6.55629969e+00 6.93854856e+00 5.99659967e+00
    6.22183847e+00 5.79835033e+00 6.29154968e+00 6.43761158e+00
    7.84681940e+00 6.93292665e+00 6.81254482e+00 6.65898228e+00
    6.99541044e+00 6.35752916e+00 5.73059940e+00 5.70021152e+00
    6.33153343e+00 5.94664621e+00 6.94412374e+00 8.36041832e+00
    7.62136078e+00 8.25120163e+00 7.80044651e+00 7.94657898e+00
    7.00327015e+00 6.45136690e+00 6.82683754e+00 6.24065304e+00
    6.43822193e+00 6.06092453e+00 7.10198545e+00 6.86585617e+00
    6.31696653e+00 5.31472254e+00 5.40497208e+00 5.67758226e+00
    5.92784214e+00 5.83671856e+00 6.52014637e+00 5.94794464e+00
    5.28921556e+00 4.95655012e+00 5.55066729e+00 5.22369862e+00
    5.32765055e+00 5.45696831e+00 5.44204140e+00 5.37863398e+00
    5.17248535e+00 6.40858221e+00 6.12133121e+00 6.31183195e+00
    5.81469154e+00 6.47090721e+00 6.46609688e+00 6.62743282e+00
    5.65155554e+00 6.00229836e+00 5.73412991e+00 7.00422382e+00
    7.26293612e+00 8.08982563e+00 7.46068430e+00 7.71028233e+00
    7.00591326e+00 6.35676003e+00 6.64887905e+00 7.53625298e+00
    6.48868513e+00 6.25191879e+00 6.33647108e+00 7.35223055e+00
    6.76761913e+00 7.56155396e+00 7.53481579e+00 6.90373325e+00
    6.82442284e+00 6.74726534e+00 6.36502457e+00 7.21746826e+00
    6.86677408e+00 5.49621582e+00 6.70045424e+00 6.49115181e+00
    6.76976299e+00 6.75309181e+00 7.30852079e+00 6.28845835e+00
    5.77737236e+00 6.67962599e+00 5.98648596e+00 7.15888834e+00
    6.74486399e+00 7.14453220e+00 6.33044624e+00 6.68643236e+00
    7.19572639e+00 7.22319460e+00 7.93700123e+00 8.37738419e+00
    7.89540911e+00 8.00887012e+00 8.21768856e+00 7.82446384e+00
    7.28734112e+00 7.63564491e+00 6.76340389e+00 6.13921499e+00
    7.15275526e+00 6.56052971e+00 6.68559170e+00 6.30313921e+00
    6.48987532e+00 6.24492884e+00 5.29248953e+00 5.41058540e+00
    6.74155807e+00 6.49583483e+00 6.62872887e+00 7.60806704e+00
    6.79745150e+00 6.56634235e+00 7.00472116e+00 6.13719320e+00
    7.09783888e+00 8.14179516e+00 7.67309666e+00 7.41101646e+00
    7.89253902e+00 7.01416397e+00 5.59814405e+00 5.62235403e+00
    5.72909498e+00 5.41680527e+00 5.25743914e+00 5.63994074e+00
    5.43539715e+00 5.95621681e+00 5.45105267e+00 5.03461170e+00
    5.25223541e+00 5.29352140e+00 5.55734205e+00 5.79567671e+00
    6.33268833e+00 6.59396410e+00 6.03881216e+00 5.87235117e+00
    6.91887236e+00 5.34856081e+00 4.75899410e+00 4.76040220e+00
    4.62145567e+00 4.67990303e+00 5.08942318e+00 6.01953411e+00
    6.48820400e+00 6.33411837e+00 7.00093746e+00 7.09206486e+00
    7.27295303e+00 6.08777380e+00 7.30759382e+00 7.04673719e+00
    7.40866852e+00 7.14949608e+00 6.84281015e+00 6.70219755e+00
    6.14985561e+00 7.24213314e+00 7.28010941e+00 6.74361515e+00
    7.88524914e+00 7.85751915e+00 7.67612553e+00 7.09424496e+00
    6.04259253e+00 6.01083517e+00 5.21341944e+00 5.53279209e+00
    6.25326777e+00 6.65341043e+00 6.93524456e+00 7.25412464e+00
    6.21005964e+00 6.44600010e+00 6.44738388e+00 6.69331312e+00
    5.69100094e+00 7.16733074e+00 6.63195133e+00 6.75736237e+00
    6.27128935e+00 6.67783165e+00 5.99882269e+00 6.30723095e+00
    6.66978168e+00 6.27980423e+00 7.62190962e+00 7.82838345e+00
    7.63591051e+00 6.41649628e+00 6.80244637e+00 5.96505451e+00
    6.31712770e+00 7.05318928e+00 6.84527445e+00 6.15333605e+00
    7.23723125e+00 7.16113043e+00 7.43705177e+00 5.54934692e+00
    6.95141745e+00 6.40190697e+00 5.51832390e+00 5.92761755e+00
    6.57618523e+00 6.25711870e+00 6.06337023e+00 7.16502857e+00
    6.28156567e+00 6.09696627e+00 5.90398455e+00 6.76188946e+00
    7.17372465e+00 6.98362207e+00 7.67039251e+00 7.47028303e+00
    8.18649673e+00 7.44811583e+00 6.53306007e+00 6.14902544e+00
    7.15807486e+00 6.63695478e+00 7.17649889e+00 8.03144741e+00
    7.48672676e+00 7.59719706e+00 7.42664051e+00 6.12649155e+00
    6.80840063e+00 6.65507507e+00 7.07466030e+00 6.56010437e+00
    6.48034239e+00 6.11048841e+00 6.60123873e+00 7.40232611e+00
    7.06524706e+00 6.73831463e+00 6.64348459e+00 5.96550512e+00
    6.28750277e+00 6.60580826e+00 7.00882578e+00 7.44883776e+00
    6.76999140e+00 6.87162495e+00 6.56496334e+00 7.12269592e+00
    7.37222958e+00 7.76047134e+00 7.53050756e+00 8.25830650e+00
    6.78491592e+00 6.58445406e+00 5.62808800e+00 5.28141499e+00
    4.97648478e+00 5.70132637e+00 6.24792242e+00 6.97554398e+00
    7.68431282e+00 7.77965307e+00 8.43166065e+00 7.78237295e+00
    7.69997215e+00 7.82663488e+00 6.34861422e+00 6.06244755e+00
    6.39128923e+00 7.12157249e+00 6.65754938e+00 6.54749441e+00
    6.59400272e+00 6.31978607e+00 6.02284336e+00 6.45031548e+00
    7.05194426e+00 5.90826273e+00 5.97286606e+00 5.56375265e+00
    4.68747663e+00 5.08119535e+00 5.54983902e+00 5.54413605e+00
    5.47646189e+00 6.01347446e+00 6.07725286e+00 6.57059813e+00
    6.63980770e+00 6.74924755e+00 7.06956005e+00 7.06584787e+00
    6.64455175e+00 6.53967953e+00 5.84049940e+00 7.16789579e+00
    5.94950581e+00 6.91456032e+00 6.31156969e+00 6.94596529e+00
    6.26208401e+00 5.89886284e+00 6.77240038e+00 6.75072050e+00
    6.59496307e+00 6.16300058e+00 6.75933123e+00 5.61644173e+00
    5.52854586e+00 6.39155006e+00 7.17734432e+00 7.47880459e+00
    7.31383419e+00 6.76663113e+00 7.56761026e+00 7.06094313e+00
    7.88279152e+00 6.66007710e+00 7.07990265e+00 7.21523428e+00
    7.13181782e+00 7.14803362e+00 6.16617107e+00 7.34447336e+00
    6.84034681e+00 6.60416842e+00 6.49491787e+00 6.81458378e+00
    5.33358240e+00 6.56444550e+00 6.25874233e+00 6.24341965e+00
    6.90110254e+00 7.31080294e+00 7.36585379e+00 6.73369455e+00
    6.90756702e+00 7.21679497e+00 6.64491177e+00 6.40222979e+00
    6.51343584e+00 6.88954592e+00 7.31529236e+00 6.51627111e+00
    6.78735876e+00 7.28748751e+00 6.60296440e+00 5.48853159e+00
    5.89134502e+00 6.78559542e+00 4.98922539e+00 5.61642313e+00
    6.26108551e+00 5.12332726e+00 5.80310726e+00 6.43531370e+00
    6.82304907e+00 6.38594007e+00 6.08055067e+00 5.85948706e+00
    5.80267620e+00 6.05871677e+00 6.66435575e+00 6.51878548e+00
    6.26443624e+00 6.14612198e+00 6.68736553e+00 7.36329937e+00
    7.66082001e+00 7.19488382e+00 6.98534632e+00 6.13959408e+00
    5.71402311e+00 5.08199596e+00 5.18258810e+00 4.83947325e+00
    4.60787916e+00 4.67470264e+00 5.12530088e+00 4.73269892e+00
    5.50897217e+00 5.59533453e+00 6.33977032e+00 5.17813301e+00
    6.20172119e+00 6.82425737e+00 7.60911989e+00 6.06408215e+00
    7.07108641e+00 6.12643194e+00 4.77154112e+00 5.13690138e+00
    5.57611179e+00 5.09383726e+00 5.64229012e+00 6.22423077e+00
    6.46632242e+00 5.72787714e+00 6.10596943e+00 6.28095198e+00
    5.06537771e+00 5.27330875e+00 5.42860842e+00 5.18812466e+00
    6.17061806e+00 5.91131067e+00 6.74604464e+00 5.80692959e+00
    6.65509367e+00 5.65112162e+00 6.12779999e+00 6.50543833e+00
    6.80063629e+00 6.90771246e+00 7.01946545e+00 6.16202688e+00
    5.54391575e+00 5.42194271e+00 5.05379057e+00 5.09051561e+00
    6.06700373e+00 7.04898500e+00 6.01315308e+00 6.75198221e+00
    5.87840891e+00 6.44433975e+00 5.17260075e+00 6.33343792e+00
    6.34747601e+00 5.88819742e+00 6.78793240e+00 6.79289150e+00
    7.01375484e+00 6.73369360e+00 6.20554829e+00 5.60187531e+00
    6.26994419e+00 6.63528776e+00 7.30364370e+00 6.94097900e+00
    7.86853456e+00 7.99172068e+00 7.12362528e+00 6.23391247e+00
    5.65049791e+00 6.17676783e+00 6.50805092e+00 5.94292498e+00
    6.68749619e+00 7.05454874e+00 6.55207729e+00 6.09960651e+00
    5.94862032e+00 5.85876942e+00 6.59299278e+00 5.73341799e+00
    6.39992714e+00 6.57195473e+00 7.05272484e+00 6.31265306e+00
    6.11650896e+00 6.43205547e+00 6.03778648e+00 5.19021606e+00
    5.66133785e+00 6.51013947e+00 7.52393913e+00 8.34632301e+00
    6.53878021e+00 6.98488092e+00 6.33952761e+00 7.04212141e+00
    6.57043028e+00 7.61275196e+00 8.07136345e+00 8.39358330e+00
    8.23507595e+00 7.56765079e+00 7.23717451e+00 6.97817850e+00
    7.24233294e+00 7.15615797e+00 7.35176229e+00 7.74738884e+00
    7.28765631e+00 7.08893108e+00 7.50125360e+00 7.52636766e+00
    8.24136734e+00 6.75600147e+00 6.89956617e+00 6.79480791e+00
    6.64305305e+00 5.89013672e+00 6.98896122e+00 6.29462862e+00
    7.74084854e+00 6.44794464e+00 7.74006987e+00 6.49104261e+00
    7.35928059e+00 7.31340170e+00 8.03593922e+00 7.55685949e+00
    7.79494381e+00 5.79660654e+00 6.13455057e+00 4.94113016e+00
    5.11656427e+00 4.49938726e+00 5.41391134e+00 6.66903639e+00
    7.59955454e+00 7.57476807e+00 7.61331177e+00 7.33076620e+00
    6.70745659e+00 6.69342279e+00 6.26668072e+00 6.99882174e+00
    7.24949598e+00 6.21251822e+00 7.11772108e+00 7.16184044e+00
    7.17454052e+00 6.83043051e+00 6.22554159e+00 5.99534225e+00
    6.64485931e+00 6.17714977e+00 5.51783323e+00 6.08595228e+00
    6.50572824e+00 6.10352945e+00 6.24961901e+00 6.25769520e+00
    5.85709715e+00 5.84766006e+00 5.98429441e+00 5.37024260e+00
    5.20347786e+00 5.95351791e+00 5.40268612e+00 6.27499533e+00
    6.00093746e+00 6.02188492e+00 6.05268097e+00 6.36775875e+00
    6.51046276e+00 6.64016724e+00 6.47121191e+00 6.88650036e+00
    6.33712721e+00 5.41621447e+00 5.19886541e+00 6.36651039e+00
    5.67689991e+00 5.67494154e+00 5.76137304e+00 6.50014544e+00
    5.76578379e+00 6.03440952e+00 5.75415707e+00 5.93698645e+00
    6.17511320e+00 7.12931490e+00 6.89135361e+00 7.24695444e+00
    7.03645039e+00 7.79698896e+00 7.38967514e+00 7.82445765e+00
    8.61367702e+00 7.58453178e+00 7.33164263e+00 8.33245468e+00
    6.88516331e+00 7.06124020e+00 6.92763042e+00 5.58744335e+00
    5.62679529e+00 5.48322010e+00 6.04755116e+00 5.49142551e+00
    6.65932178e+00 6.50966644e+00 6.90314722e+00 7.09907866e+00
    7.46700573e+00 6.97706890e+00 5.63393164e+00 5.58502293e+00
    5.79931641e+00 5.06923199e+00 5.79930305e+00 6.76248074e+00
    5.90799046e+00 6.95103884e+00 7.42633104e+00 6.23220491e+00
    6.62881708e+00 6.55559540e+00 5.63004017e+00 5.07965088e+00
    5.75374365e+00 5.27002001e+00 4.13122749e+00 5.28017569e+00
    6.48888445e+00 7.34642506e+00 6.93236971e+00 6.20116568e+00
    6.77610683e+00 6.17922592e+00 6.20984364e+00 5.57696486e+00
    6.63015175e+00 7.03060818e+00 7.73410606e+00 7.16743708e+00
    7.91770315e+00 6.96088791e+00 7.28841257e+00 6.65970755e+00
    5.29619408e+00 6.08959579e+00 6.00437117e+00 5.83876276e+00
    6.14745188e+00 5.57361984e+00 5.33613205e+00 5.26414061e+00
    5.18717337e+00 4.89350271e+00 5.84655094e+00 6.03813219e+00
    5.70755816e+00 6.08488989e+00 6.99620914e+00 6.29636240e+00
    5.84456158e+00 5.85713816e+00 5.11501122e+00 4.47438765e+00
    5.40184259e+00 5.65006208e+00 5.18169022e+00 6.09523916e+00
    5.82040119e+00 6.68951511e+00 5.95230484e+00 6.77841377e+00
    6.32489014e+00 5.24380112e+00 5.58636761e+00 5.54294300e+00
    5.98242617e+00 6.35325193e+00 6.49506760e+00 6.65353441e+00
    6.49915838e+00 6.65992260e+00 6.11784554e+00 6.37453413e+00
    5.83839130e+00 6.56445408e+00 6.41887903e+00 6.57610035e+00
    5.65699291e+00 4.93267918e+00 4.73143673e+00 5.98763657e+00
    5.18691635e+00 6.61412287e+00 6.75128365e+00 6.94218254e+00
    6.70622301e+00 6.96894693e+00 6.51664162e+00 5.60285234e+00
    6.24314404e+00 6.06308651e+00 6.67448139e+00 7.54371929e+00
    6.80926085e+00 6.32438898e+00 6.28107214e+00 6.38607168e+00
    5.76829720e+00 7.09691334e+00 6.88851976e+00 7.85610485e+00
    7.29609108e+00 7.50837946e+00 6.45206165e+00 5.92587423e+00
    5.85526037e+00 5.87118578e+00 6.64647055e+00 6.37378836e+00
    6.88549662e+00 6.54984951e+00 6.93753672e+00 5.95501089e+00
    6.30419350e+00 6.15636396e+00 5.03868580e+00 5.27234221e+00
    4.58826637e+00 5.58390236e+00 5.92421579e+00 6.33804703e+00
    6.42913485e+00 5.63418674e+00 4.92389917e+00 6.13326645e+00
    5.90704107e+00 7.20545006e+00 7.42920065e+00 6.67617989e+00
    7.27360964e+00 6.98640060e+00 6.84666252e+00 6.31310940e+00
    6.70693445e+00 6.88908291e+00 7.18703651e+00 7.00127268e+00
    7.15051889e+00 6.82087183e+00 6.89897680e+00 6.61553049e+00
    6.84137678e+00 7.37046194e+00 6.81299019e+00 6.74400949e+00
    7.18482876e+00 7.28233480e+00 7.06234360e+00 7.08152866e+00
    8.30352211e+00 7.59769821e+00 7.55583668e+00 7.43946314e+00
    6.98716784e+00 5.98985004e+00 6.83049011e+00 6.22774220e+00
    6.36269569e+00 6.17257023e+00 6.65996504e+00 6.49150229e+00
    6.11480236e+00 6.38466263e+00 6.21786213e+00 6.77674294e+00
    6.79375553e+00 6.30165386e+00 5.36680174e+00 6.19398212e+00
    4.48570061e+00 4.74162579e+00 5.40123272e+00 6.05048752e+00
    5.65885782e+00 7.04508638e+00 7.54698133e+00 7.72891998e+00
    7.08773804e+00 7.27873421e+00 6.75048304e+00 7.07381630e+00
    7.17295837e+00 6.91251087e+00 7.56678677e+00 7.13019228e+00
    6.23567200e+00 6.42158937e+00 6.35346079e+00 5.38062096e+00
    6.09062290e+00 6.17881536e+00 7.34344721e+00 6.94554424e+00
    5.64152956e+00 6.18761969e+00 6.42578697e+00 6.40258503e+00
    6.66657734e+00 6.18174267e+00 7.09041977e+00 7.18931055e+00
    6.07572365e+00 5.83837175e+00 6.06797838e+00 5.37773609e+00
    5.19679022e+00 6.29604244e+00 5.54253578e+00 5.82632971e+00
    6.62878799e+00 6.58475161e+00 6.60776186e+00 6.39975405e+00
    6.54729700e+00 6.43510962e+00 6.57278252e+00 6.59443951e+00
    6.13652802e+00 5.25425625e+00 5.25440025e+00 5.42040157e+00
    4.69807959e+00 5.09618807e+00 5.92856598e+00 6.75954056e+00
    6.11098337e+00 6.38484192e+00 6.28697252e+00 5.90406132e+00
    6.88510704e+00 7.35923910e+00 6.60623026e+00 7.10174799e+00
    7.33759356e+00 6.22982645e+00 6.97751236e+00 6.68048906e+00
    7.50006104e+00 6.58858538e+00 7.17644215e+00 7.64930773e+00
    6.22057056e+00 6.10507393e+00 4.95440578e+00 5.65519238e+00
    5.08630133e+00 6.54278564e+00 5.22707844e+00 6.78938961e+00
    6.21624041e+00 6.58763266e+00 6.50518131e+00 6.73945808e+00
    6.09498644e+00 6.09520483e+00 6.35894871e+00 6.80689764e+00
    7.36627865e+00 7.73180294e+00 7.68800592e+00 6.28775167e+00
    5.93606758e+00 6.35032272e+00 5.77643871e+00 5.12144327e+00
    6.09685421e+00 4.86395788e+00 4.50697136e+00 3.70429659e+00
    6.76870918e+00 5.77460957e+00 6.13509703e+00 6.42754364e+00
    6.57728100e+00 7.09023523e+00 6.93051434e+00 6.41121578e+00
    6.73564386e+00 7.28641176e+00 6.57495403e+00 8.15528107e+00
    8.04765034e+00 7.20191622e+00 6.08978462e+00 6.00383139e+00
    4.51722145e+00 5.19933701e+00 5.87306166e+00 5.89577770e+00
    5.78058195e+00 7.25432587e+00 6.50407553e+00 5.70958662e+00
    5.34112549e+00 5.66994190e+00 6.06364870e+00 5.34769058e+00
    6.11062813e+00 5.26400900e+00 6.01636839e+00 6.69644260e+00
    6.56760025e+00 5.98421764e+00 5.76886225e+00 5.38214159e+00
    5.33401346e+00 5.63570023e+00 5.01292849e+00 5.39005089e+00
    5.90423870e+00 5.80844593e+00 5.23207474e+00 6.10991526e+00
    7.46182394e+00 6.31200027e+00 6.37986517e+00 6.14755869e+00
    5.77222013e+00 6.54896212e+00 7.38807964e+00 7.20297861e+00
    6.71318293e+00 7.30451679e+00 6.89670944e+00 6.55982161e+00
    6.57756376e+00 6.70668983e+00 7.30775118e+00 6.99833679e+00
    6.86026955e+00 6.89257479e+00 5.88308668e+00 5.71692514e+00
    4.98960304e+00 5.59863567e+00 7.03747368e+00 6.61658669e+00
    7.32254982e+00 7.25493002e+00 6.65903854e+00 5.37629509e+00
    5.37813902e+00 6.12346411e+00 5.80002260e+00 6.33016157e+00
    7.97193861e+00 7.41409445e+00 6.57274628e+00 5.78557205e+00
    6.26506853e+00 6.50015497e+00 7.03561020e+00 7.04590845e+00
    7.60647297e+00 7.37902737e+00 7.73750448e+00 6.69164515e+00
    5.86573076e+00 6.86090183e+00 7.44981480e+00 6.80521393e+00
    6.27974176e+00 7.57056236e+00 5.33321619e+00 5.26693964e+00
    6.40919304e+00 6.07881260e+00 5.75084734e+00 5.62642097e+00
    6.15389538e+00 6.31933594e+00 6.68104792e+00 6.55579376e+00
    5.88490963e+00 6.52072859e+00 5.66397047e+00 5.60706949e+00
    6.05335283e+00 6.16371441e+00 7.16940451e+00 7.92335844e+00
    7.02412891e+00 7.92327261e+00 6.80587721e+00 6.65821409e+00
    6.56216335e+00 6.87729502e+00 7.25837374e+00 6.69640398e+00
    5.80135965e+00 5.94711494e+00 4.97440529e+00 4.54785681e+00
    5.86929893e+00 6.36767101e+00 7.15013552e+00 6.83755875e+00
    7.38622856e+00 7.50241327e+00 6.57475567e+00 7.19762516e+00
    7.60043669e+00 8.00211334e+00 7.17074394e+00 7.71930218e+00
    7.83155680e+00 6.52594614e+00 6.87573528e+00 7.02684927e+00
    7.91168118e+00 6.97204351e+00 7.30822182e+00 5.99365854e+00
    6.42533731e+00 5.35402775e+00 7.15523720e+00 7.06394482e+00
    7.21839237e+00 6.64754391e+00 6.48327684e+00 5.71077538e+00
    6.48566055e+00 5.88185978e+00 5.92004347e+00 6.55556536e+00
    5.93165541e+00 6.18369389e+00 7.06726074e+00 6.84550858e+00
    7.31025600e+00 7.32183647e+00 6.70554543e+00 6.82144833e+00
    6.61594343e+00 6.33423281e+00 5.73145771e+00 5.57917309e+00
    6.33549309e+00 6.63666582e+00 6.55839014e+00 7.17047834e+00
    7.29891586e+00 6.58234262e+00 6.40373278e+00 6.55742884e+00
    6.45448065e+00 6.57181740e+00 5.79677343e+00 6.56699610e+00
    6.97062445e+00 7.72151327e+00 7.02607203e+00 7.28067780e+00
    6.81492376e+00 6.78541946e+00 6.33195305e+00 6.38514805e+00
    6.37173939e+00 5.47817993e+00 4.89175320e+00 5.67438221e+00
    6.06788731e+00 6.45958328e+00 6.88410234e+00 7.52075863e+00
    7.12971735e+00 6.27540493e+00 6.21783829e+00 5.63132620e+00
    6.31277561e+00 5.13130713e+00 4.45297050e+00 4.29153156e+00
    4.96378803e+00 5.33056021e+00 5.45795584e+00 6.61371422e+00
    6.51483917e+00 5.99189854e+00 6.14501333e+00 6.08166742e+00
    6.18041801e+00 6.37960958e+00 5.87406826e+00 5.42777300e+00
    6.27018785e+00 6.33525944e+00 5.29076672e+00 6.34982157e+00
    6.02612829e+00 5.89878273e+00 5.66251421e+00 6.62703323e+00
    5.18110323e+00 4.88631344e+00 5.90820503e+00 5.22993803e+00
    5.43302393e+00 6.35242891e+00 6.34219217e+00 5.43880510e+00
    7.02990723e+00 6.43966341e+00 7.02653170e+00 5.98443508e+00
    6.83593512e+00 6.48376083e+00 6.45431232e+00 6.44367313e+00
    6.70263958e+00 7.14499140e+00 7.63999844e+00 6.64334393e+00
    7.37333441e+00 6.58087254e+00 6.11218071e+00 5.59360456e+00
    6.05178928e+00 5.69556379e+00 5.29623985e+00 5.52999163e+00
    5.47116375e+00 5.86676550e+00 6.72241497e+00 6.93349791e+00
    6.47200489e+00 6.83787251e+00 7.01184320e+00 5.85904074e+00
    6.13292074e+00 7.07196760e+00 6.74291801e+00 7.72606325e+00
    7.65911341e+00 7.26712704e+00 7.19136286e+00 6.33047724e+00
    5.28689480e+00 4.86116982e+00 5.59825850e+00 5.92023754e+00
    5.89426899e+00 5.77592373e+00 6.24119139e+00 6.56982422e+00
    6.11575174e+00 5.80393410e+00 5.77647686e+00 6.09986019e+00
    5.27185774e+00 6.12816334e+00 5.97224522e+00 6.76681471e+00
    6.49892807e+00 6.25961399e+00 6.58927822e+00 5.56847572e+00
    5.46707630e+00 6.18044996e+00 6.80969906e+00 5.21032095e+00
    5.90436649e+00 6.19028330e+00 5.23853827e+00 5.59652233e+00
    5.94990730e+00 6.04664469e+00 6.06522322e+00 7.21836472e+00
    6.82838774e+00 6.41765451e+00 6.38664293e+00 6.95077753e+00
    8.27936077e+00 7.36962271e+00 7.30987120e+00 6.95954180e+00
    7.18871641e+00 6.72028208e+00 7.05616140e+00 7.25292873e+00
    7.00193930e+00 7.13519335e+00 5.93427134e+00 4.71106339e+00
    5.15178299e+00 5.71183586e+00 5.73067093e+00 6.39977074e+00
    6.28698540e+00 6.35227060e+00 5.43777180e+00 5.71945667e+00
    4.48547459e+00 5.25573254e+00 5.90005636e+00 6.34673882e+00
    7.98920918e+00 7.50198507e+00 6.76333046e+00 6.10667849e+00
    5.91552734e+00 5.60836458e+00 6.47488928e+00 6.84798336e+00
    6.47038364e+00 6.54596806e+00 6.98084116e+00 7.11634493e+00
    7.57439661e+00 8.31997776e+00 8.39097691e+00 7.74776602e+00
    6.95056105e+00 6.83679628e+00 6.73895931e+00 6.32364178e+00
    5.20227957e+00 6.52040577e+00 5.21090698e+00 5.37815380e+00
    4.85604906e+00 5.91655588e+00 5.90460634e+00 6.22979069e+00
    6.18019915e+00 5.37659550e+00 5.81126022e+00 4.79416561e+00
    5.12492609e+00 5.42914152e+00 6.79869699e+00 6.77460194e+00
    6.90514851e+00 7.15038443e+00 7.73799753e+00 7.36417866e+00
    6.62085772e+00 7.19566679e+00 6.31113148e+00 7.15042973e+00
    5.66088963e+00 5.29012918e+00 4.97925186e+00 4.43609381e+00
    6.03366423e+00 7.16287327e+00 6.31124735e+00 7.10736799e+00
    6.97099352e+00 6.12210464e+00 5.58680582e+00 6.63579988e+00
    7.46174717e+00 6.89248228e+00 7.05020761e+00 6.67193079e+00
    5.98566055e+00 5.33131409e+00 6.20778847e+00 6.62969351e+00
    6.58031893e+00 5.95636320e+00 5.90875340e+00 5.72495079e+00
    6.23940182e+00 6.68726492e+00 6.76381016e+00 8.06589985e+00
    7.20752001e+00 6.95716381e+00 7.05963373e+00 6.71262264e+00
    5.98671675e+00 6.28148794e+00 6.23094654e+00 7.14827394e+00
    6.59398699e+00 6.69722509e+00 7.13136625e+00 6.98986340e+00
    7.28940630e+00 7.77743340e+00 6.36541319e+00 5.90624905e+00
    5.75709248e+00 5.71130991e+00 5.95218039e+00 6.79714537e+00
    6.47437716e+00 6.56662369e+00 7.34270620e+00 6.67685318e+00
    6.72052765e+00 6.17349291e+00 6.53630114e+00 5.68973351e+00
    5.36271429e+00 6.26591587e+00 6.60409832e+00 6.90447330e+00
    7.06851625e+00 7.44416857e+00 6.64423418e+00 6.38835144e+00
    6.78097296e+00 7.10848999e+00 7.02703333e+00 6.93398762e+00
    6.11450529e+00 6.06369209e+00 5.41990900e+00 6.00813055e+00
    6.63365698e+00 7.26642561e+00 7.84589434e+00 6.75920916e+00
    5.91958570e+00 5.81868935e+00 5.33469486e+00 5.57547712e+00
    5.76574993e+00 4.75061893e+00 4.21799517e+00 3.96088815e+00
    4.79244709e+00 6.08124352e+00 6.10377693e+00 7.31254339e+00
    7.33930016e+00 7.66131830e+00 7.73255873e+00 7.78989649e+00
    6.74252939e+00 6.82453346e+00 6.77327394e+00 7.37151814e+00
    6.59640217e+00 6.14706659e+00 6.97525597e+00 6.16205931e+00
    6.23783636e+00 5.82611942e+00 5.66280699e+00 6.13801098e+00
    6.37341070e+00 6.41342688e+00 6.81621122e+00 6.26421309e+00
    6.48522472e+00 7.04592419e+00 6.96626425e+00 6.60716581e+00
    6.89455509e+00 6.79358721e+00 5.73054981e+00 6.75964546e+00
    5.80380058e+00 6.40737629e+00 6.14489508e+00 5.41650438e+00
    5.76114416e+00 6.76369047e+00 6.67539692e+00 6.23419523e+00
    6.52266884e+00 6.67889261e+00 6.46483135e+00 5.95566082e+00
    5.84461975e+00 5.20974016e+00 5.20193577e+00 5.17828226e+00
    7.68416739e+00 7.40426302e+00 7.22195673e+00 7.50277948e+00
    6.55526829e+00 6.79196453e+00 6.62417555e+00 5.98999786e+00
    5.67768383e+00 6.84407759e+00 6.20423222e+00 7.67731142e+00
    8.49860668e+00 7.96392679e+00 8.21887302e+00 7.89741039e+00
    6.40232801e+00 7.10514736e+00 7.43420219e+00 7.14304304e+00
    7.10655212e+00 7.26345968e+00 6.89867115e+00 7.23769808e+00
    7.26089478e+00 6.85262156e+00 6.90627050e+00 5.88186359e+00
    5.77392149e+00 5.79005718e+00 6.36051989e+00 5.56586599e+00
    7.74211311e+00 6.66093493e+00 7.44610023e+00 6.83722591e+00
    7.21820879e+00 7.11129093e+00 6.61195374e+00 6.41598129e+00
    6.63340473e+00 7.45800924e+00 5.54442501e+00 6.13949633e+00
    6.58045626e+00 5.79748869e+00 5.72556257e+00 6.47151089e+00
    5.86119556e+00 6.08999872e+00 6.69280243e+00 7.08792210e+00
    6.41187000e+00 7.12213182e+00 7.60292435e+00 7.22955275e+00
    5.84517050e+00 6.17332172e+00 6.80468988e+00 7.28282213e+00
    6.35674286e+00 6.57194901e+00 7.05331087e+00 6.10017776e+00
    5.37822628e+00 5.49350309e+00 5.54736900e+00 5.82484961e+00
    6.17869186e+00 6.90239382e+00 5.98471594e+00 5.40051556e+00
    5.69570875e+00 5.48538923e+00 7.25653887e+00 6.82637978e+00
    7.27484035e+00 7.47313452e+00 7.98545074e+00 7.06377316e+00
    5.74114656e+00 6.26390266e+00 6.40693998e+00 6.07807970e+00
    6.88177824e+00 7.66961002e+00 7.10713434e+00 7.72202063e+00
    7.34926748e+00 7.01728868e+00 7.56796217e+00 7.42644167e+00
    6.81685066e+00 6.51865578e+00 6.33365011e+00 5.34740305e+00
    6.14576530e+00 5.55627823e+00 5.87971449e+00 5.36062622e+00
    5.25690889e+00 5.56951904e+00 6.01190805e+00 7.05338717e+00
    6.29342651e+00 5.63117266e+00 5.78160095e+00 5.24558830e+00
    4.80573463e+00 5.86963797e+00 6.40327168e+00 6.86495352e+00
    6.84850931e+00 6.76212788e+00 5.85928440e+00 6.34370613e+00
    5.98952246e+00 7.16635847e+00 8.41262817e+00 6.90962887e+00
    6.65505171e+00 5.86412573e+00 6.03650093e+00 4.44745874e+00
    5.38949680e+00 7.18451834e+00 7.37224913e+00 6.93992281e+00
    6.59774494e+00 6.41693830e+00 5.47922993e+00 6.36996031e+00
    6.21429920e+00 6.61408281e+00 6.48450184e+00 6.59069157e+00
    6.05052996e+00 5.96605444e+00 6.36475182e+00 5.83571291e+00
    5.91920805e+00 5.31626463e+00 5.34002733e+00 4.50822306e+00
    5.61462164e+00 5.70135069e+00 6.18732119e+00 7.00117493e+00
    7.41727591e+00 5.68393087e+00 6.95384026e+00 7.18233538e+00
    6.30747414e+00 7.02127790e+00 6.75930452e+00 5.70715237e+00
    5.71997023e+00 5.68054199e+00 5.95917034e+00 6.87866974e+00
    5.50992107e+00 6.60715199e+00 6.44523907e+00 6.05404186e+00
    6.34694529e+00 5.56668234e+00 6.03634691e+00 6.15746927e+00
    5.69723988e+00 6.42731142e+00 7.07090616e+00 7.00567055e+00
    7.33015299e+00 7.12910604e+00 6.65534830e+00 6.83189821e+00
    6.87394381e+00 7.38513041e+00 7.28848505e+00 7.36771202e+00
    6.53553581e+00 7.64808941e+00 6.37488461e+00 7.12066984e+00
    5.45768642e+00 6.53463650e+00 6.09075594e+00 5.95846939e+00
    5.92756939e+00 6.21345091e+00 5.23397160e+00 5.81117058e+00
    7.06665564e+00 6.85690022e+00 6.74549437e+00 6.69617987e+00
    7.08355141e+00 6.15387249e+00 6.38933945e+00 6.15160227e+00
    6.19718218e+00 5.89065123e+00 5.78472710e+00 5.24200153e+00
    5.25739622e+00 6.43961811e+00 6.57062149e+00 6.30576038e+00
    6.74557734e+00 6.15141821e+00 6.16380596e+00 7.23702574e+00
    7.15184975e+00 7.01901388e+00 7.68156385e+00 6.44163179e+00
    6.31284761e+00 6.60771179e+00 6.78537369e+00 6.49550343e+00
    7.08203268e+00 7.87206745e+00 8.27398777e+00 7.26078367e+00
    7.23254633e+00 6.94718361e+00 7.56073475e+00 7.09040022e+00
    6.17284489e+00 7.78150988e+00 6.94153261e+00 6.20055580e+00
    5.99328327e+00 5.81217384e+00 5.62406588e+00 4.83470201e+00
    6.40441942e+00 5.45164776e+00 6.13942003e+00 5.75915337e+00
    5.84694910e+00 5.80027819e+00 7.18722725e+00 6.16173553e+00
    6.11816978e+00 6.18545723e+00 5.58069468e+00 5.18344307e+00
    5.80293322e+00 5.99957991e+00 6.00201845e+00 5.49370098e+00
    7.65103626e+00 6.66940594e+00 7.90677643e+00 8.40563488e+00
    7.26175690e+00 6.43388605e+00 6.38212919e+00 4.82823753e+00
    5.94202900e+00 7.15726900e+00 7.75552034e+00 7.76009035e+00
    7.61445189e+00 6.80154037e+00 6.53699017e+00 7.68955564e+00
    6.34649944e+00 7.06685734e+00 8.28499222e+00 8.10368633e+00
    8.21947193e+00 8.35367107e+00 7.80099249e+00 7.74142504e+00
    7.01522541e+00 7.08272839e+00 6.69197798e+00 6.46931267e+00
    5.79396963e+00 5.71839523e+00 5.63526058e+00 6.25135326e+00
    5.75655079e+00 6.54528427e+00 6.90902567e+00 7.01534748e+00
    6.27819586e+00 7.59258509e+00 7.84861517e+00 6.45166445e+00
    6.74655771e+00 7.03718805e+00 7.22091150e+00 6.22593546e+00
    7.66938353e+00 6.80084181e+00 6.28958607e+00 6.22279024e+00
    7.32424879e+00 6.84085035e+00 7.18421078e+00 6.90433168e+00
    6.88621664e+00 7.72189140e+00 6.51624441e+00 6.93478775e+00
    6.49385166e+00 7.11366701e+00 7.07990408e+00 6.86300898e+00
    7.43249083e+00 6.47744894e+00 6.44120026e+00 6.08998871e+00
    5.58664846e+00 5.72260666e+00 5.71471930e+00 5.42457533e+00
    6.45589495e+00 5.43937397e+00 6.42882538e+00 6.07106876e+00
    5.64725924e+00 6.05044842e+00 6.52835894e+00 7.32242823e+00
    7.23988533e+00 7.11068630e+00 7.19635963e+00 5.93599224e+00
    6.47136784e+00 6.20715284e+00 6.74603653e+00 7.02517796e+00
    7.56397486e+00 7.94378281e+00 7.88504314e+00 7.57575417e+00
    8.03434181e+00 7.44551754e+00 7.87358761e+00 6.74053955e+00
    6.52327013e+00 6.96846151e+00 6.45045853e+00 6.56714249e+00
    5.91522694e+00 6.18791866e+00 5.23145533e+00 6.13167429e+00
    5.94165802e+00 6.32976818e+00 7.00024080e+00 7.57265759e+00
    6.62821722e+00 6.41535330e+00 6.12486315e+00 5.33111954e+00
    5.06665707e+00 5.57085943e+00 6.53885412e+00 6.07715130e+00
    6.57405853e+00 6.59724617e+00 6.11169481e+00 5.91540670e+00
    6.02114773e+00 5.93036366e+00 7.14562035e+00 7.03411531e+00
    5.66829348e+00 6.14396238e+00 4.90250635e+00 5.33614063e+00
    5.86142254e+00 6.17166185e+00 6.40744829e+00 5.57059193e+00
    6.33899307e+00 6.10291767e+00 5.53420877e+00 5.43255663e+00
    6.96833897e+00 6.46234417e+00 6.23130655e+00 7.23889256e+00
    7.04698181e+00 7.19131184e+00 6.95929241e+00 6.46248293e+00
    7.29690266e+00 6.96168280e+00 6.10626125e+00 6.37201452e+00
    7.18607664e+00 6.93621635e+00 6.83098507e+00 7.11593866e+00
    6.71376467e+00 6.78652620e+00 6.08662748e+00 6.92634058e+00
    6.46564579e+00 6.59817028e+00 5.69088459e+00 5.48615408e+00
    5.90788603e+00 6.37374210e+00 6.63302422e+00 7.00252962e+00
    6.48401594e+00 6.48459148e+00 5.47282314e+00 5.79347563e+00
    5.50905800e+00 6.52554274e+00 5.76576614e+00 7.56261110e+00
    6.19867802e+00 7.18449497e+00 7.65045261e+00 7.02567291e+00
    7.53007507e+00 7.13758612e+00 7.18154001e+00 6.53614283e+00
    7.25060177e+00 5.99591589e+00 7.47834539e+00 7.31601524e+00
    7.46610212e+00 7.40327597e+00 7.44562578e+00 6.87692928e+00
    7.12608290e+00 6.69154787e+00 5.95665979e+00 5.87992477e+00
    5.25528812e+00 5.58932590e+00 4.76642036e+00 4.98930168e+00
    6.16488028e+00 7.10736132e+00 6.79120636e+00 6.11518431e+00
    6.91721487e+00 6.61505032e+00 6.82805014e+00 7.16510057e+00
    6.90455246e+00 6.98344755e+00 5.41210699e+00 5.06943321e+00
    5.47489834e+00 6.37949657e+00 6.41252804e+00 7.78112793e+00
    7.35919285e+00 7.12410307e+00 6.92406988e+00 6.72847462e+00
    6.45348644e+00 6.30452347e+00 6.30282021e+00 6.39602947e+00
    5.06220055e+00 5.29216862e+00 6.37032890e+00 6.67489004e+00
    6.76303244e+00 7.32042599e+00 7.45845604e+00 7.18162537e+00
    6.86005068e+00 6.37484074e+00 6.70467091e+00 6.33832598e+00
    6.44315100e+00 7.54791403e+00 7.31766701e+00 5.83032799e+00
    5.80238247e+00 5.99637842e+00 5.23869514e+00 5.66276121e+00
    5.60255671e+00 5.95304537e+00 6.52797508e+00 7.50974989e+00
    6.42564535e+00 7.49211740e+00 7.76374245e+00 6.78902483e+00
    6.16832066e+00 6.18650198e+00 5.77534485e+00 5.64919472e+00
    6.42169905e+00 6.19689083e+00 6.08908319e+00 6.56784058e+00
    6.78971100e+00 6.21096992e+00 5.39439106e+00 7.28401518e+00
    6.10114193e+00 6.81949997e+00 6.23081112e+00 6.13913679e+00
    5.45067358e+00 7.03304768e+00 6.77228069e+00 7.75037575e+00
    7.65960503e+00 7.00961494e+00 6.90035725e+00 6.79481363e+00
    6.81838608e+00 6.61844349e+00 7.55008650e+00 7.17628860e+00
    6.93977547e+00 7.94452715e+00 7.64472437e+00 6.53896856e+00
    6.60439396e+00 7.26162434e+00 7.08213234e+00 6.83228922e+00
    6.57860708e+00 5.80116177e+00 5.58524656e+00 5.94768715e+00
    6.03730249e+00 7.05967760e+00 7.29804945e+00 7.43421173e+00
    7.46088219e+00 7.03718233e+00 7.41740608e+00 6.62217855e+00
    7.10374308e+00 7.09150743e+00 6.45623350e+00 5.81933498e+00
    6.71591759e+00 7.34524298e+00 6.51788568e+00 7.13960791e+00
    6.72517300e+00 6.51728201e+00 5.90921116e+00 7.15980864e+00
    6.92002630e+00 7.26160717e+00 7.35035706e+00 7.17821455e+00
    7.07413912e+00 6.79855776e+00 7.09035730e+00 7.23441887e+00
    7.10041714e+00 7.45482922e+00 6.97639847e+00 6.26812029e+00
    5.78936863e+00 5.13789940e+00 4.72751427e+00 4.37298822e+00
    5.95244312e+00 6.08891106e+00 5.94392109e+00 6.35984707e+00
    6.36157131e+00 5.98661566e+00 7.54180527e+00 7.32995653e+00
    7.58927822e+00 7.17186356e+00 6.44418716e+00 6.05412292e+00
    6.07441092e+00 6.19048929e+00 6.87759304e+00 7.00946474e+00
    7.26501894e+00 7.90841341e+00 8.08051300e+00 7.53123283e+00
    7.21379709e+00 7.01110983e+00 6.75056219e+00 6.66249847e+00
    6.67496967e+00 5.80312443e+00 6.56012106e+00 5.64630604e+00
    6.58586693e+00 5.96843052e+00 5.74893951e+00 5.84073448e+00
    6.71639967e+00 6.74131012e+00 6.95136786e+00 8.37329674e+00
    8.04397774e+00 6.70730972e+00 5.68715668e+00 5.04179192e+00
    5.28179264e+00 4.59698534e+00 5.46480751e+00 5.84518242e+00
    6.49771881e+00 5.94671869e+00 5.76778030e+00 6.18081713e+00
    6.83649969e+00 6.97494078e+00 6.06656408e+00 6.96268845e+00
    5.84184599e+00 5.64234161e+00 5.35167074e+00 5.68159580e+00
    5.77528524e+00 6.21045876e+00 7.06063461e+00 6.34392595e+00
    5.80261135e+00 5.84445524e+00 6.16794395e+00 5.65946388e+00
    6.23540783e+00 6.45558548e+00 6.80605125e+00 7.11098528e+00
    6.23133850e+00 7.09630728e+00 7.32874775e+00 7.12086487e+00
    7.43080044e+00 7.44558811e+00 7.56928635e+00 7.67664909e+00
    7.96605158e+00 8.37478638e+00 8.64410496e+00 9.29259682e+00
    8.64817905e+00 7.54019260e+00 8.18147755e+00 8.39046764e+00
    7.25489473e+00 6.65878487e+00 7.34125423e+00 5.94762325e+00
    5.97824860e+00 5.85041380e+00 6.22606373e+00 6.58132505e+00
    6.25316477e+00 6.49110365e+00 6.15865660e+00 5.66245413e+00
    6.46739244e+00 5.57743597e+00 6.31604958e+00 5.73298216e+00
    7.33880329e+00 7.50464153e+00 8.37060928e+00 8.10034180e+00
    7.97169256e+00 6.54135036e+00 6.48731661e+00 6.29353285e+00
    6.66218042e+00 7.14787388e+00 6.28053522e+00 6.73014069e+00
    6.49565697e+00 6.66494894e+00 5.76289320e+00 6.15944004e+00
    5.93923140e+00 6.24575377e+00 6.15593052e+00 6.30850124e+00
    5.49685144e+00 5.00147581e+00 5.92789507e+00 5.73340225e+00
    7.06131124e+00 7.94324160e+00 7.74421692e+00 7.63185978e+00
    7.62995386e+00 7.37879229e+00 6.27339315e+00 6.81820917e+00
    6.08646059e+00 5.76516199e+00 6.57297230e+00 5.89612484e+00
    5.84815884e+00 5.69149923e+00 6.69931602e+00 7.21951962e+00
    7.78834343e+00 6.79847956e+00 7.41698647e+00 7.81732130e+00
    7.08165932e+00 6.84866381e+00 7.12956238e+00 6.18826628e+00
    5.22144747e+00 5.85136557e+00 6.43638039e+00 5.71599054e+00
    5.85149145e+00 6.87595940e+00 6.84203911e+00 6.29679012e+00
    5.86212397e+00 6.19095469e+00 7.22562170e+00 7.28630972e+00
    7.51394033e+00 8.42271614e+00 8.75960159e+00 7.13384581e+00
    6.50261831e+00 6.75309229e+00 5.76364231e+00 5.47799492e+00
    6.54188347e+00 6.92163563e+00 5.57040501e+00 6.25840807e+00
    7.62975931e+00 6.64546108e+00 8.48961067e+00 8.03770065e+00
    6.70874214e+00 6.87356520e+00 6.90899277e+00 5.48229313e+00
    5.87836647e+00 6.55077028e+00 6.87042570e+00 6.45005894e+00
    6.21780300e+00 6.05560923e+00 6.37483644e+00 7.20537138e+00
    7.72009850e+00 5.60274744e+00 7.69331980e+00 6.00471449e+00
    6.68228674e+00 7.24383354e+00 7.63568783e+00 7.67971563e+00
    8.08416748e+00 7.64407301e+00 7.84879398e+00 7.81659937e+00
    7.24411726e+00 8.11746216e+00 7.72950983e+00 7.71847773e+00
    7.21401548e+00 6.96176291e+00 7.80263281e+00 6.94808674e+00
    6.65601444e+00 7.32772350e+00 7.40492678e+00 7.18084049e+00
    6.66269398e+00 6.81420183e+00 6.63653660e+00 6.02372742e+00
    6.20432854e+00 6.75240421e+00 6.75086021e+00 6.69210386e+00
    6.75040197e+00 6.79076338e+00 8.51547241e+00 7.65262985e+00
    6.90774155e+00 6.95940638e+00 6.89610004e+00 5.36333847e+00
    6.22888136e+00 6.20001078e+00 6.41647959e+00 5.69605398e+00
    6.15185308e+00 5.94712400e+00 6.92825890e+00 6.36542177e+00
    7.06346512e+00 7.21183157e+00 8.01550770e+00 7.78138733e+00
    7.16921759e+00 6.84326220e+00 6.90621328e+00 7.25576973e+00
    6.86561680e+00 7.57169294e+00 7.67993593e+00 6.16555166e+00
    6.61876774e+00 6.25450993e+00 5.85720778e+00 4.73446131e+00
    5.55508089e+00 5.54658365e+00 6.20818329e+00 7.71083927e+00
    7.04818821e+00 7.02199173e+00 7.52609348e+00 6.41765404e+00
    6.88077784e+00 7.07536650e+00 6.71338844e+00 5.97503853e+00
    6.24571609e+00 5.85938597e+00 7.24790621e+00 7.41691446e+00
    7.12170696e+00 7.11039400e+00 7.59709120e+00 8.31232357e+00
    7.53346491e+00 7.48412514e+00 7.30251932e+00 6.27741480e+00
    6.15761232e+00 6.01778936e+00 6.08633280e+00 6.23521519e+00
    6.06123352e+00 5.93408060e+00 5.95741415e+00 5.93176270e+00
    6.37999249e+00 6.86432076e+00 7.44108152e+00 7.03103542e+00
    7.83223772e+00 6.72792530e+00 6.19082928e+00 5.32764149e+00
    5.71158457e+00 6.05503750e+00 6.09950018e+00 6.26004171e+00
    6.58593178e+00 7.08461142e+00 6.47536516e+00 5.83662987e+00
    6.17072964e+00 6.18766212e+00 6.10021830e+00 6.11292076e+00
    6.69504690e+00 5.75965166e+00 6.75157547e+00 6.41729736e+00
    7.51313162e+00 7.42246199e+00 6.83043289e+00 6.55260658e+00
    6.88095045e+00 6.31635523e+00 6.12954998e+00 6.25324106e+00
    5.39751625e+00 5.68247414e+00 6.25454092e+00 6.19601250e+00
    6.79673195e+00 6.79667616e+00 6.39881992e+00 5.84844923e+00
    6.30821228e+00 6.04365778e+00 6.38970709e+00 7.03924990e+00
    8.95736217e+00 9.11779022e+00 8.12625980e+00 8.57054901e+00
    8.52217388e+00 6.99214458e+00 7.90445089e+00 7.11797285e+00
    6.73984766e+00 7.12163877e+00 6.66286945e+00 5.75037766e+00
    6.41795444e+00 7.03642321e+00 6.77209473e+00 5.79776096e+00
    6.23618555e+00 5.66517830e+00 5.93786955e+00 5.55755758e+00
    5.13560295e+00 6.02918243e+00 5.88739634e+00 6.73249578e+00
    7.20776415e+00 7.77814722e+00 7.28037310e+00 7.73371410e+00
    7.14132547e+00 6.86078978e+00 6.72629452e+00 6.73862171e+00
    7.27943325e+00 7.00433874e+00 6.72760773e+00 7.18279123e+00
    7.51350117e+00 6.14557362e+00 6.14316988e+00 6.09914589e+00
    5.40072107e+00 5.87642622e+00 5.42577410e+00 5.92199373e+00
    5.37623549e+00 6.88092279e+00 6.70749378e+00 7.62787104e+00
    6.60702133e+00 8.35181713e+00 7.36058140e+00 6.91791821e+00
    7.09490108e+00 7.58081532e+00 6.66943169e+00 6.61613417e+00
    6.23974752e+00 6.28614521e+00 5.75006533e+00 6.61825275e+00
    6.30199242e+00 7.05752230e+00 6.44877625e+00 7.32259226e+00
    7.63033676e+00 7.09111071e+00 7.25551224e+00 8.65191746e+00
    7.29552984e+00 7.48330688e+00 7.63971043e+00 7.81819534e+00
    6.67978334e+00 6.71277475e+00 8.07120419e+00 7.69400024e+00
    7.02013302e+00 6.34692669e+00 6.82501602e+00 6.34292936e+00
    7.49561691e+00 7.93196964e+00 7.73758602e+00 7.61261415e+00
    7.50570297e+00 7.89483309e+00 8.48316956e+00 7.27309847e+00
    6.44743204e+00 7.03436899e+00 5.82612562e+00 5.31435585e+00
    6.44637680e+00 6.29730892e+00 6.42973948e+00 6.51061773e+00
    7.59249496e+00 6.80997038e+00 7.49032068e+00 7.25690269e+00
    6.12767410e+00 5.62455654e+00 5.59711266e+00 5.51886225e+00
    6.09235239e+00 5.51859617e+00 6.21019077e+00 5.75864506e+00
    5.20280647e+00 5.20198298e+00 5.37325668e+00 6.13792562e+00
    6.20604229e+00 6.37333155e+00 5.93147421e+00 6.88923836e+00
    6.51327085e+00 7.24102211e+00 7.82743979e+00 8.26728439e+00
    8.47984982e+00 7.67650843e+00 8.05560780e+00 7.78096724e+00
    7.92753458e+00 7.78214598e+00 8.36565113e+00 7.39543962e+00
    8.18252754e+00 7.71190023e+00 8.05145264e+00 7.77306366e+00
    5.90602732e+00 6.92373466e+00 6.48503065e+00 6.47755671e+00
    6.17505646e+00 6.04958105e+00 5.96233940e+00 5.56511831e+00
    5.23262739e+00 5.91614819e+00 6.60214329e+00 6.45925379e+00
    7.33494711e+00 7.64147663e+00 6.78590393e+00 7.68576860e+00
    6.70531225e+00 7.23352480e+00 7.10373592e+00 5.91185331e+00
    5.26675320e+00 5.63480282e+00 6.75148630e+00 5.81711626e+00
    6.27803087e+00 6.41377068e+00 6.55074596e+00 6.47513628e+00
    6.99217367e+00 8.11383247e+00 7.23645544e+00 7.43629074e+00
    6.64919615e+00 7.39296293e+00 6.47955847e+00 6.32890081e+00
    6.64341736e+00 7.74042463e+00 7.42430401e+00 7.31103754e+00
    6.95283079e+00 6.19347668e+00 5.51560926e+00 5.23728657e+00
    5.64448929e+00 5.31993103e+00 6.59789419e+00 7.44012499e+00
    7.30358076e+00 7.15555191e+00 7.73545456e+00 8.21673679e+00
    6.59369040e+00 7.03836823e+00 7.12267447e+00 6.42426395e+00
    6.82492828e+00 7.11039162e+00 6.59821272e+00 6.85475016e+00
    7.67813969e+00 7.78401566e+00 7.54102230e+00 7.85630798e+00
    7.12446451e+00 6.48268604e+00 6.77603722e+00 6.32221746e+00
    5.45136309e+00 5.88019228e+00 5.93739843e+00 4.78606558e+00
    5.79197598e+00 6.76256752e+00 5.63290977e+00 6.28261566e+00
    7.15150928e+00 7.52222967e+00 8.51518440e+00 8.20428848e+00
    7.45328712e+00 6.47786140e+00 5.99894238e+00 6.06116009e+00
    7.43521833e+00 8.05193806e+00 7.22037840e+00 6.89848852e+00
    6.95250845e+00 5.84908295e+00 4.82436562e+00 5.25175571e+00
    6.29720640e+00 7.04067516e+00 6.51150799e+00 5.67033339e+00
    6.88917732e+00 7.26314306e+00 7.00869226e+00 7.97286654e+00
    7.31723690e+00 7.47007370e+00 7.61516762e+00 7.21943092e+00
    6.68420410e+00 6.86394072e+00 7.08277035e+00 5.58622789e+00
    6.57606983e+00 5.27628279e+00 6.92976475e+00 6.69860125e+00
    6.16913462e+00 6.97394943e+00 7.66410685e+00 6.77804327e+00
    7.16865730e+00 8.00705528e+00 7.39750290e+00 7.76396608e+00
    8.22678185e+00 8.41102409e+00 8.36168861e+00 8.09450245e+00
    8.29721546e+00 7.64617443e+00 7.30648279e+00 7.78489733e+00
    6.28724718e+00 5.68294954e+00 6.69529343e+00 5.61805439e+00
    5.48638201e+00 6.33026409e+00 6.05800343e+00 6.20279884e+00
    5.62554502e+00 5.18314123e+00 5.72990942e+00 5.87796068e+00
    6.36950684e+00 6.02836657e+00 6.77592754e+00 6.36985493e+00
    6.02998114e+00 6.84945011e+00 6.97594595e+00 5.94952822e+00
    6.93007946e+00 7.62726450e+00 6.85771561e+00 6.41514540e+00
    7.71012068e+00 6.50528049e+00 6.50074005e+00 6.70172501e+00
    6.48338699e+00 6.24010277e+00 6.98997831e+00 7.01040840e+00
    7.25781631e+00 5.44564581e+00 5.18611908e+00 5.55659103e+00
    5.87484884e+00 6.04735279e+00 6.58363676e+00 7.48987103e+00
    7.43312120e+00 7.60418892e+00 7.52810955e+00 6.85361099e+00
    7.36126566e+00 6.98510265e+00 6.52097845e+00 6.84908152e+00
    7.18363810e+00 6.14164829e+00 6.44717455e+00 6.68209982e+00
    6.90167475e+00 6.49979639e+00 6.33917570e+00 6.50352097e+00
    6.47406864e+00 6.06043911e+00 6.33134270e+00 7.10881567e+00
    7.18622494e+00 6.97080755e+00 7.94287395e+00 7.36743069e+00
    7.27423239e+00 7.26653385e+00 7.16934347e+00 6.71327877e+00
    6.21363401e+00 7.13528681e+00 6.96147299e+00 7.12407398e+00
    7.42209673e+00 6.37050247e+00 6.87335539e+00 7.45934868e+00
    7.68075180e+00 7.75044489e+00 8.61727333e+00 7.93940306e+00
    6.79224300e+00 6.70598602e+00 6.06040287e+00 4.76400661e+00
    5.99766922e+00 7.13429976e+00 5.73582363e+00 6.90954828e+00
    7.39195967e+00 7.21833038e+00 7.21896362e+00 7.23656940e+00
    5.86399364e+00 4.69290400e+00 5.91346788e+00 5.38263130e+00
    5.19442034e+00 5.70692205e+00 6.43373537e+00 6.46331263e+00
    5.18274307e+00 4.57877922e+00 4.68086958e+00 5.45726824e+00
    5.31641722e+00 6.10805225e+00 5.85825491e+00 6.05254889e+00
    5.88614702e+00 7.08239222e+00 7.11925173e+00 7.23144531e+00
    6.77155972e+00 6.85493708e+00 8.08527565e+00 7.24770403e+00
    6.52873135e+00 5.83535814e+00 6.91282082e+00 6.93657303e+00
    6.08317947e+00 7.21063280e+00 6.93352985e+00 6.71400261e+00
    6.94428921e+00 7.02399969e+00 6.80718708e+00 6.50879860e+00
    6.40442038e+00 5.21452761e+00 5.18787766e+00 5.46584129e+00
    4.43195391e+00 5.30193615e+00 6.00025797e+00 5.42307091e+00
    6.02538538e+00 7.62705421e+00 8.10399723e+00 8.09671593e+00
    7.44044590e+00 6.28187799e+00 6.03365231e+00 5.97536802e+00
    5.41725874e+00 5.68797636e+00 5.92335558e+00 5.91673279e+00
    5.50555801e+00 7.13817739e+00 7.29289436e+00 7.54026890e+00
    7.96103668e+00 8.10316849e+00 8.02570915e+00 7.60071611e+00
    7.85094023e+00 5.58827591e+00 6.46826935e+00 6.29319000e+00
    6.09303999e+00 6.63245201e+00 7.97788239e+00 7.83820581e+00
    6.94899940e+00 6.93550968e+00 5.75621176e+00 5.43377638e+00
    5.81835651e+00 5.49296665e+00 6.28432989e+00 6.60919809e+00
    7.67367983e+00 7.39161444e+00 7.92895794e+00 6.92716980e+00
    6.91875410e+00 6.08589697e+00 6.32806158e+00 6.15677547e+00
    6.27466965e+00 7.72891569e+00 7.80617666e+00 7.21456766e+00
    8.00008011e+00 7.48807335e+00 6.92761946e+00 7.22356272e+00
    6.51670837e+00 6.14164305e+00 5.73763704e+00 6.17124605e+00
    5.84709215e+00 5.81155682e+00 6.22209167e+00 6.34417820e+00
    6.01585865e+00 6.66052580e+00 6.48570490e+00 6.49178600e+00
    7.77920294e+00 7.16948414e+00 6.94057035e+00 6.93769646e+00
    6.77218008e+00 5.83677292e+00 6.05180740e+00 5.59093046e+00
    6.43582010e+00 7.41240215e+00 6.47232866e+00 6.20591640e+00
    6.06674433e+00 5.76928949e+00 6.72447538e+00 6.69471169e+00
    5.96867752e+00 7.02544546e+00 5.82636070e+00 6.27110291e+00
    6.50011349e+00 6.86556435e+00 6.79636097e+00 7.77174759e+00
    8.41819000e+00 6.75383139e+00 7.44330311e+00 7.30170059e+00
    6.87127972e+00 5.69504261e+00 6.61143875e+00 6.03906584e+00
    7.25974226e+00 6.43509960e+00 7.34283400e+00 7.02490330e+00
    7.15754747e+00 7.19730377e+00 7.39428425e+00 6.57550955e+00
    7.51212168e+00 7.13942194e+00 7.88227272e+00 8.13561440e+00
    8.91777706e+00 8.62344265e+00 9.42985535e+00 8.67363453e+00
    8.55538368e+00 7.97619009e+00 8.44659615e+00 8.07556820e+00
    7.24273014e+00 5.85472679e+00 6.05542231e+00 5.93827057e+00
    5.53294516e+00 6.32421923e+00 6.31667233e+00 5.00088310e+00
    5.54348707e+00 5.08442211e+00 5.40043116e+00 6.25465727e+00
    6.33766699e+00 7.10296345e+00 7.47735500e+00 7.08068132e+00
    7.06183052e+00 6.88014507e+00 6.69235849e+00 6.70536470e+00
    6.68541527e+00 7.22712851e+00 6.15671015e+00 6.57410145e+00
    7.12659597e+00 6.23909998e+00 4.50614738e+00 5.80107117e+00
    6.57011604e+00 6.68157625e+00 6.31937265e+00 6.73374557e+00
    5.74813414e+00 5.48313761e+00 4.38721514e+00 5.65063047e+00
    4.87066364e+00 5.75944901e+00 6.97419500e+00 7.24140263e+00
    7.70635796e+00 7.85093737e+00 8.24308014e+00 7.10947227e+00
    7.12453127e+00 6.39381266e+00 5.78151178e+00 6.53657913e+00
    5.82294798e+00 7.23128748e+00 6.85092783e+00 5.80367851e+00
    5.99329472e+00 5.99670744e+00 5.16461611e+00 6.32650995e+00
    6.48281002e+00 5.52816296e+00 6.49070549e+00 6.61699247e+00
    6.78165865e+00 6.83067274e+00 6.63222218e+00 7.28704691e+00
    7.05782700e+00 6.95240402e+00 6.76841497e+00 6.59595156e+00
    7.11094141e+00 5.88293171e+00 5.74856567e+00 6.01137877e+00
    6.98521662e+00 7.69680500e+00 6.26073456e+00 7.67023373e+00
    7.86347437e+00 8.33867836e+00 8.66968155e+00 9.30430222e+00
    7.55230665e+00 7.31471252e+00 6.54831171e+00 5.18641233e+00
    5.08584976e+00 6.01763678e+00 6.26605558e+00 7.53582525e+00
    7.95049334e+00 6.68744993e+00 7.02778339e+00 6.60167885e+00
    6.37819338e+00 6.45346069e+00 6.25210381e+00 6.15595102e+00
    6.42787743e+00 6.48754883e+00 6.89611721e+00 6.71212292e+00
    4.84513617e+00 4.37872791e+00 5.48353529e+00 4.68113947e+00
    6.08944750e+00 5.67875481e+00 7.13766623e+00 6.26571226e+00
    6.47308207e+00 6.98507500e+00 7.41162682e+00 6.95519829e+00
    8.04416275e+00 7.22133303e+00 6.78902721e+00 6.70801830e+00
    6.98219728e+00 7.05213070e+00 6.15133953e+00 6.21986675e+00
    6.61267376e+00 6.19607353e+00 7.28772545e+00 6.23875523e+00
    6.11958075e+00 6.43829966e+00 5.98171949e+00 6.50118399e+00
    5.80835199e+00 5.66604424e+00 5.62663603e+00 5.36826658e+00
    4.96627283e+00 5.36736631e+00 6.06435442e+00 5.69518900e+00
    5.67613029e+00 6.68539762e+00 6.77442980e+00 7.33798361e+00
    6.82652617e+00 6.97635889e+00 6.36726665e+00 7.00818539e+00
    6.00372219e+00 5.28030682e+00 6.81885672e+00 7.07161570e+00
    6.29110098e+00 6.75274181e+00 8.65446949e+00 7.43927526e+00
    7.48447084e+00 7.59618521e+00 7.53146219e+00 7.43180895e+00
    5.91665649e+00 5.80269337e+00 5.76198959e+00 7.04336596e+00
    6.53286982e+00 8.72521973e+00 8.77956867e+00 7.69787598e+00
    7.97325897e+00 6.94919491e+00 5.77777576e+00 5.61784077e+00
    5.80011463e+00 5.54720592e+00 6.28599739e+00 6.99730778e+00
    6.78348589e+00 7.56261444e+00 7.00839949e+00 7.18275261e+00
    6.95432425e+00 5.80129147e+00 6.24387360e+00 5.74499989e+00
    6.23506927e+00 6.85802746e+00 7.82138491e+00 7.30889702e+00
    8.01485825e+00 7.21018314e+00 6.80676842e+00 5.70494652e+00
    5.91082954e+00 6.03879976e+00 6.09360218e+00 6.52885151e+00
    6.05109262e+00 6.29089546e+00 5.74035168e+00 6.23620272e+00
    5.17459345e+00 5.41806459e+00 5.62708807e+00 5.84636116e+00
    5.86015272e+00 7.28178596e+00 6.48358631e+00 6.62467337e+00
    6.81249571e+00 6.45139694e+00 5.74892998e+00 5.64866734e+00
    6.79743433e+00 6.51538706e+00 6.99078751e+00 6.06951427e+00
    7.25082064e+00 7.34471560e+00 6.36928272e+00 6.56936455e+00
    6.85886383e+00 6.83711529e+00 5.67286444e+00 4.68185759e+00
    6.70471239e+00 7.15852356e+00 6.22262478e+00 8.32951927e+00
    9.41016197e+00 7.62843990e+00 7.52121544e+00 8.11134624e+00
    6.69146585e+00 6.25101423e+00 6.97709417e+00 6.23910093e+00
    5.57600880e+00 6.63019562e+00 6.75074291e+00 6.99406958e+00
    7.13483906e+00 6.89284134e+00 7.21512270e+00 7.18065023e+00
    7.06673002e+00 6.57171106e+00 7.03401423e+00 8.02599049e+00
    8.37942123e+00 8.03409576e+00 8.72806835e+00 9.52254677e+00
    8.98579502e+00 8.14113140e+00 8.33923817e+00 7.74708176e+00
    7.84477472e+00 6.27102852e+00 6.71553087e+00 6.80294323e+00
    5.36939669e+00 5.87319899e+00 6.17854881e+00 5.62112141e+00
    5.34024811e+00 6.14970636e+00 6.44000864e+00 7.06055117e+00
    7.57557249e+00 6.82649851e+00 7.01102400e+00 6.94766808e+00
    6.45440006e+00 6.03192949e+00 6.94732285e+00 5.95105314e+00
    5.94553995e+00 6.23658037e+00 7.81056643e+00 7.09547043e+00
    7.01897097e+00 6.46934605e+00 6.26330471e+00 5.75980902e+00
    6.44907665e+00 5.95673084e+00 6.22893238e+00 6.78445244e+00
    7.17255354e+00 6.67958069e+00 5.81820631e+00 5.52297497e+00
    6.35182047e+00 6.34439993e+00 7.12737131e+00 8.22031879e+00
    8.31836319e+00 8.74073601e+00 7.81417131e+00 7.83689308e+00
    7.99192953e+00 7.02995539e+00 6.02346134e+00 7.01186466e+00
    6.82937431e+00 6.68894339e+00 7.03351212e+00 6.67394686e+00
    5.86451960e+00 5.95832205e+00 4.23979998e+00 4.67320108e+00
    5.44633055e+00 5.08719301e+00 5.48851204e+00 6.28897667e+00
    5.42194986e+00 6.13379478e+00 6.28590250e+00 6.50893307e+00
    7.32742786e+00 7.49971771e+00 6.68219519e+00 7.02352858e+00
    5.69092989e+00 6.63542175e+00 6.88591957e+00 7.46285486e+00
    7.51991987e+00 8.16471100e+00 7.92654610e+00 7.48136663e+00
    8.44651413e+00 8.28008270e+00 8.48892879e+00 8.99332237e+00
    8.81690693e+00 8.14636803e+00 7.80666113e+00 6.50496674e+00
    6.61338949e+00 6.85012627e+00 6.61662197e+00 6.79666519e+00
    6.65305424e+00 6.19836140e+00 6.64649248e+00 6.65379286e+00
    6.03411961e+00 6.36835766e+00 7.19143820e+00 5.84668303e+00
    6.18561172e+00 6.02472591e+00 6.31810427e+00 6.34242678e+00
    4.45382118e+00 3.96021771e+00 4.07096052e+00 5.06837320e+00
    5.21657753e+00 6.12701082e+00 6.07331514e+00 7.03845119e+00
    6.81729078e+00 7.32469177e+00 7.61481047e+00 7.69603348e+00
    7.48761320e+00 7.57464838e+00 7.94080210e+00 7.43249226e+00
    7.37548256e+00 6.41459799e+00 6.48403120e+00 7.13614845e+00
    6.83697653e+00 6.58798504e+00 7.36668634e+00 7.18672705e+00
    5.74214172e+00 5.83244658e+00 5.30212545e+00 5.86244440e+00
    5.04708099e+00 5.24280548e+00 6.53133631e+00 6.08723736e+00
    5.03481102e+00 6.07446766e+00 6.74186373e+00 6.22594690e+00
    6.27425766e+00 6.48085642e+00 7.46824551e+00 7.43526316e+00
    6.75514746e+00 6.31834364e+00 6.45457506e+00 6.52061367e+00
    5.85563469e+00 5.59286165e+00 5.06937933e+00 6.04255342e+00
    5.49747801e+00 5.62904835e+00 7.84312439e+00 8.45994377e+00
    8.49914074e+00 9.22156429e+00 8.80806446e+00 6.89362764e+00
    7.28217316e+00 6.79153585e+00 7.05148840e+00 7.71622086e+00
    7.50069189e+00 7.70847416e+00 8.48833561e+00 8.05817604e+00
    8.02012920e+00 7.36777878e+00 6.37812901e+00 6.41337776e+00
    6.05839872e+00 5.63737917e+00 5.79859829e+00 6.47169161e+00
    6.63977861e+00 6.50500441e+00 7.17077112e+00 6.37489891e+00
    5.62714624e+00 6.29850769e+00 5.60465384e+00 6.38451052e+00
    6.34336901e+00 7.39033127e+00 8.49940872e+00 7.60081434e+00
    6.70142651e+00 6.79446030e+00 5.48045158e+00 5.31505108e+00
    6.72935677e+00 6.80970478e+00 6.16792202e+00 6.97891569e+00
    6.98975849e+00 6.39671612e+00 6.52810621e+00 6.06473970e+00
    6.73491240e+00 6.50333118e+00 6.34425879e+00 5.89587688e+00
    6.81563044e+00 6.57296991e+00 6.79129028e+00 6.14452267e+00
    6.61049175e+00 6.86596680e+00 6.94843435e+00 7.76028776e+00
    7.88061523e+00 7.60106659e+00 6.80431223e+00 6.50855875e+00
    6.94518614e+00 6.26967525e+00 7.08023214e+00 7.41991425e+00
    6.22214031e+00 6.58002138e+00 6.00070858e+00 6.21609116e+00
    6.55671549e+00 7.19901514e+00 8.08000660e+00 8.20619583e+00
    8.81207752e+00 7.32593918e+00 7.02893925e+00 6.98716116e+00
    7.55135155e+00 6.81744385e+00 6.41580486e+00 6.59417486e+00
    7.38314772e+00 5.63168907e+00 6.31970501e+00 6.81926155e+00
    7.67515659e+00 7.06316710e+00 6.68689251e+00 6.56838846e+00
    7.40361023e+00 6.93551159e+00 6.78194809e+00 7.97575617e+00
    7.84312916e+00 7.65008783e+00 7.80960083e+00 7.53132343e+00
    7.62895870e+00 7.48667336e+00 8.13519764e+00 8.43696880e+00
    7.52318478e+00 6.73154259e+00 6.66663742e+00 6.42254877e+00
    6.08938694e+00 5.58441448e+00 6.19836521e+00 6.06330061e+00
    5.02105474e+00 5.98756170e+00 6.99085617e+00 6.99398088e+00
    7.28138494e+00 6.77006149e+00 7.13036156e+00 6.03998852e+00
    6.21225262e+00 6.11115217e+00 5.41958237e+00 5.69069195e+00
    5.41212130e+00 6.42058802e+00 6.14077282e+00 6.45210409e+00
    7.14800262e+00 7.03563261e+00 5.34012222e+00 6.46499348e+00
    7.16263056e+00 6.96485424e+00 6.74813890e+00 7.26422405e+00
    6.90453768e+00 6.26012850e+00 6.00433445e+00 6.27002001e+00
    6.82288027e+00 7.52513647e+00 7.42883778e+00 8.70569324e+00
    7.93496943e+00 7.91232061e+00 8.45003986e+00 7.59059811e+00
    8.19798756e+00 7.56742954e+00 7.50742579e+00 6.83243704e+00
    6.35135460e+00 5.41800451e+00 6.12260818e+00 6.01867580e+00
    4.41054392e+00 5.07680988e+00 5.22362757e+00 4.61764050e+00
    4.60097933e+00 4.61895895e+00 5.57231712e+00 5.09654474e+00
    5.60871029e+00 6.65582514e+00 5.58851337e+00 4.97069931e+00
    6.90410614e+00 6.34217215e+00 6.63293362e+00 6.43528271e+00
    7.14066839e+00 5.59117556e+00 6.32015419e+00 6.85951900e+00
    7.76492167e+00 7.63383055e+00 6.57205105e+00 5.99932528e+00
    6.67368555e+00 7.29124451e+00 7.40339041e+00 8.90554714e+00
    8.26388836e+00 7.51700354e+00 6.94094133e+00 6.18987465e+00
    6.31916904e+00 5.68570757e+00 5.87443638e+00 6.83965015e+00
    6.91971207e+00 5.47037506e+00 5.87938881e+00 6.16084480e+00
    4.61872911e+00 6.45252943e+00 6.19812107e+00 6.54798603e+00
    6.49368668e+00 6.34167194e+00 5.95094919e+00 4.87135553e+00
    3.95544744e+00 4.16734791e+00 4.59447145e+00 4.58052254e+00
    5.59942770e+00 5.12951565e+00 7.20592356e+00 6.28722334e+00
    5.96103430e+00 6.68743086e+00 6.36031914e+00 6.77128124e+00
    7.20184517e+00 7.86846924e+00 7.51959801e+00 7.08900261e+00
    7.54873610e+00 7.46783161e+00 6.86980820e+00 6.78111601e+00
    7.29387903e+00 6.40598822e+00 7.17354298e+00 7.82060671e+00
    5.87914324e+00 6.11347675e+00 5.78902483e+00 5.72218657e+00
    5.91998577e+00 5.61220884e+00 5.30764771e+00 5.84525585e+00
    4.82827854e+00 5.07185936e+00 6.34547091e+00 6.30609179e+00
    6.92609072e+00 6.96026516e+00 6.36014509e+00 6.69329357e+00
    6.59245586e+00 6.58695507e+00 5.78162003e+00 7.11669827e+00
    6.19690847e+00 5.82764864e+00 5.08985424e+00 6.70266390e+00
    6.31586552e+00 6.83299923e+00 7.78968668e+00 8.85805702e+00
    8.30111313e+00 7.92348099e+00 7.70605516e+00 8.84746933e+00
    7.58145761e+00 6.53216219e+00 6.86667967e+00 7.79828691e+00
    7.95466995e+00 7.86830664e+00 8.28836727e+00 6.39306593e+00
    6.62244892e+00 7.08227015e+00 6.78974342e+00 7.14190578e+00
    7.63267517e+00 6.98429728e+00 5.59035921e+00 6.57296562e+00
    6.49939203e+00 6.36446476e+00 6.15660238e+00 6.66248178e+00
    6.16289234e+00 4.86331367e+00 6.74948168e+00 6.67359161e+00
    7.61971951e+00 7.33321476e+00 8.17503548e+00 7.06341839e+00
    6.99113464e+00 6.72128582e+00 6.05347395e+00 4.49596357e+00
    5.06350279e+00 5.55371618e+00 6.38715267e+00 6.90858984e+00
    6.47302246e+00 6.15441322e+00 6.30082035e+00 7.11983490e+00
    6.01473856e+00 7.05832291e+00 6.05573273e+00 6.21568966e+00
    6.53562069e+00 6.57299614e+00 6.53606224e+00 7.08639526e+00
    5.97883081e+00 6.69557142e+00 7.04908228e+00 6.94223404e+00
    7.05998278e+00 7.47590351e+00 6.90759563e+00 6.28026867e+00
    6.47245455e+00 6.17213535e+00 5.90449142e+00 6.92226982e+00
    7.03338814e+00 7.16915560e+00 7.49187565e+00 6.57415819e+00
    8.08256817e+00 9.02526379e+00 7.87754583e+00 8.01856327e+00
    7.95272636e+00 7.22588348e+00 5.42586660e+00 6.21282578e+00
    6.04032230e+00 6.56185484e+00 6.46827316e+00 6.74768686e+00
    6.86037016e+00 7.09695625e+00 6.54876566e+00 7.81931257e+00
    6.82904339e+00 7.23394680e+00 6.60944462e+00 6.83101177e+00
    6.78127146e+00 5.98112059e+00 6.36713409e+00 6.94722319e+00
    7.39735317e+00 7.35125399e+00 6.99579287e+00 7.03914118e+00
    8.75126266e+00 7.21459484e+00 7.58205032e+00 7.58176708e+00
    7.09691000e+00 6.98531246e+00 6.64043760e+00 5.99715185e+00
    6.10918665e+00 5.76585817e+00 5.05738688e+00 5.86587095e+00
    6.27655792e+00 5.92964268e+00 6.04591990e+00 6.77327824e+00
    6.58111572e+00 6.89855909e+00 6.79816008e+00 7.46946430e+00
    6.75046921e+00 6.34730387e+00 5.43889666e+00 5.05142450e+00
    5.40129185e+00 5.14359808e+00 5.42333603e+00 5.45235062e+00
    6.25644827e+00 6.20294476e+00 5.70896339e+00 6.22505760e+00
    6.54660511e+00 7.57948208e+00 7.21468830e+00 7.58149385e+00
    6.76556015e+00 6.91767883e+00 6.09649849e+00 6.95399046e+00
    6.17983723e+00 7.78064585e+00 7.56966639e+00 7.85011673e+00
    8.73904800e+00 8.14100742e+00 9.03418255e+00 8.70810604e+00
    8.12436581e+00 7.47066069e+00 6.59214926e+00 6.05004406e+00
    6.67869329e+00 6.40207529e+00 7.02207041e+00 7.02927494e+00
    6.43038225e+00 5.51730108e+00 5.07673120e+00 4.92792082e+00
    4.35109854e+00 5.04818392e+00 4.97610092e+00 6.01421547e+00
    5.12154341e+00 6.19343185e+00 6.45654154e+00 5.47015715e+00
    6.26290464e+00 7.24054050e+00 5.73319101e+00 6.54689741e+00
    6.38163757e+00 6.91030502e+00 6.49224806e+00 6.50775623e+00
    7.38392830e+00 7.22184420e+00 7.06671381e+00 7.57077360e+00
    7.00300550e+00 6.11161995e+00 7.48664904e+00 7.99698067e+00
    7.74621058e+00 7.38478088e+00 6.69033241e+00 5.92020178e+00
    5.04554415e+00 5.56494474e+00 5.44352913e+00 6.67551565e+00
    6.01496601e+00 5.81446266e+00 6.07914066e+00 6.40508366e+00
    5.84455490e+00 5.50245428e+00 6.58891869e+00 5.66489220e+00
    5.23962545e+00 6.46336269e+00 6.16183901e+00 5.43843508e+00
    5.04633856e+00 5.15639305e+00 5.06663370e+00 5.38923550e+00
    5.98771715e+00 7.01572800e+00 7.32278442e+00 6.81566048e+00
    5.98562098e+00 6.13293648e+00 6.81194448e+00 6.26310778e+00
    7.14027023e+00 7.82697344e+00 7.22984123e+00 7.31298113e+00
    7.11069822e+00 7.43904257e+00 6.38275099e+00 7.57964277e+00
    6.81365204e+00 5.99439144e+00 6.01745033e+00 7.02074194e+00
    7.19871807e+00 6.87850475e+00 7.65934706e+00 7.71330643e+00
    6.71143436e+00 6.56137562e+00 7.11422634e+00 6.80499411e+00
    5.71346855e+00 5.47821903e+00 6.00656748e+00 6.39793062e+00
    6.57061243e+00 7.01452494e+00 6.74651957e+00 7.22940826e+00
    7.06111860e+00 7.11747408e+00 6.93415022e+00 7.35115576e+00
    6.82840061e+00 6.91582584e+00 6.80121851e+00 6.69612360e+00
    6.62493086e+00 7.61727667e+00 7.39129019e+00 8.46208286e+00
    8.62401390e+00 8.37799454e+00 8.70586872e+00 7.79580355e+00
    6.82574368e+00 6.34145880e+00 7.04421806e+00 7.75636959e+00
    7.26755285e+00 8.55234146e+00 7.99818087e+00 8.56424522e+00
    7.09319878e+00 7.34094954e+00 7.08109045e+00 6.40348005e+00
    7.45796728e+00 6.68542051e+00 7.19430542e+00 6.96611023e+00
    6.80823183e+00 6.76288843e+00 5.81282282e+00 5.63879013e+00
    5.53152895e+00 5.53266335e+00 6.12128639e+00 6.51514673e+00
    6.58651352e+00 8.56362629e+00 8.26729202e+00 7.48594046e+00
    7.22246265e+00 6.72083759e+00 5.78188419e+00 4.14473200e+00
    5.60067034e+00 5.60483789e+00 5.27460766e+00 5.47738791e+00
    6.61748028e+00 6.48977518e+00 5.81133127e+00 7.25726557e+00
    6.73302221e+00 5.73267651e+00 7.42199612e+00 6.15772629e+00
    6.82689619e+00 6.81070137e+00 6.55812979e+00 6.06035805e+00
    6.66883039e+00 6.76093531e+00 6.44917583e+00 6.46091127e+00
    6.26537800e+00 6.03696537e+00 5.78537369e+00 4.86303902e+00
    6.84017992e+00 7.10456610e+00 7.12184429e+00 6.66075277e+00
    7.07710791e+00 7.21616697e+00 7.42210579e+00 7.38323164e+00
    8.04075432e+00 8.38542938e+00 7.57240725e+00 7.18725681e+00
    6.66679621e+00 5.48477125e+00 5.80710411e+00 6.33964872e+00
    6.83735037e+00 6.64181614e+00 6.11963415e+00 5.62507010e+00
    6.49883413e+00 6.88372278e+00 6.66885710e+00 7.27110529e+00
    7.61394215e+00 7.14427042e+00 5.52396202e+00 5.39341927e+00
    6.03256702e+00 5.68035412e+00 5.39185381e+00 6.75637436e+00
    6.46314192e+00 6.75882053e+00 7.49671125e+00 6.63329411e+00
    6.55142117e+00 7.06128216e+00 7.93586397e+00 8.71965790e+00
    8.49790764e+00 7.35018635e+00 7.37758398e+00 5.82538986e+00
    5.82868719e+00 6.57055855e+00 5.61594248e+00 6.55391550e+00
    6.84107113e+00 6.76816034e+00 6.36733246e+00 7.37702894e+00
    7.43364334e+00 5.99064159e+00 7.03717136e+00 6.88329268e+00
    6.03518629e+00 5.90346098e+00 6.47137451e+00 6.36536407e+00
    5.80551147e+00 7.00880623e+00 6.40050745e+00 6.23861837e+00
    5.97009993e+00 6.54404926e+00 5.39861822e+00 5.99009848e+00
    6.22696209e+00 6.35486746e+00 5.82654762e+00 6.86688519e+00
    6.86790705e+00 5.80443859e+00 6.10580730e+00 6.48501444e+00
    6.60901928e+00 6.63315105e+00 6.76667213e+00 7.50051689e+00
    7.75132036e+00 8.08062363e+00 7.34212494e+00 8.89813232e+00
    7.92749357e+00 6.97979403e+00 6.75114441e+00 7.80551767e+00
    6.97583580e+00 6.65576982e+00 7.27771187e+00 6.34936666e+00
    5.25294971e+00 5.65070820e+00 4.84687138e+00 5.56761217e+00
    5.56832886e+00 5.76143360e+00 5.99625063e+00 6.07565165e+00
    4.95568419e+00 6.35268688e+00 5.94143486e+00 5.62579441e+00
    6.66759968e+00 6.56517744e+00 6.92313957e+00 5.86976910e+00
    7.08403873e+00 6.81565619e+00 7.28588438e+00 7.36980152e+00
    7.82866764e+00 8.80632591e+00 7.75792313e+00 7.31835365e+00
    7.40643835e+00 7.17932892e+00 7.56134701e+00 7.27752733e+00
    7.66290569e+00 6.62429857e+00 6.28374910e+00 5.50859594e+00
    5.66490793e+00 5.18217564e+00 5.69776297e+00 5.69361019e+00
    5.80454159e+00 4.91409254e+00 5.71627760e+00 6.13588667e+00
    5.87760735e+00 7.40846062e+00 6.83936167e+00 6.81271362e+00
    6.01672220e+00 6.45319891e+00 6.41543341e+00 6.01041412e+00
    4.71890068e+00 3.59642267e+00 5.04588032e+00 5.94469976e+00
    7.25073624e+00 7.28004456e+00 7.32583380e+00 7.49767494e+00
    6.95951700e+00 6.61399031e+00 7.89426756e+00 7.97904587e+00
    8.44752502e+00 8.32683277e+00 6.91928816e+00 6.93053579e+00
    7.85552454e+00 7.22762585e+00 7.92035627e+00 7.67032146e+00
    7.53790760e+00 7.06297398e+00 7.35947800e+00 7.67216349e+00
    6.91783381e+00 6.72471428e+00 5.88108110e+00 7.18816996e+00
    6.51932240e+00 6.57486439e+00 6.94932795e+00 6.68909073e+00
    6.20170546e+00 7.05333710e+00 7.06271648e+00 7.56416464e+00
    7.77018547e+00 7.39983511e+00 6.89036512e+00 6.66004038e+00
    6.55290222e+00 6.58197594e+00 7.28588104e+00 8.15137672e+00
    6.86388063e+00 7.62993813e+00 5.70254469e+00 6.11271477e+00
    6.66139889e+00 7.07075787e+00 7.90544033e+00 7.98671150e+00
    8.44249058e+00 7.48709488e+00 6.78753233e+00 7.25883865e+00
    6.69310522e+00 6.64987278e+00 6.78916454e+00 7.34100437e+00
    7.85303783e+00 7.95465755e+00 8.99299431e+00 6.95578718e+00
    6.78889608e+00 7.49581957e+00 7.77246571e+00 6.99622917e+00
    7.92148829e+00 8.32767868e+00 6.98543644e+00 7.04438210e+00
    6.94989586e+00 6.67749500e+00 6.44717455e+00 6.53515100e+00
    6.01661491e+00 5.85364485e+00 6.92600822e+00 5.89570141e+00
    6.49559689e+00 6.86198950e+00 7.33914089e+00 6.48812532e+00
    7.46121740e+00 6.31822538e+00 5.76030874e+00 5.82349396e+00
    5.66230297e+00 6.44448662e+00 5.73654747e+00 6.33883858e+00
    6.87490654e+00 6.41218090e+00 6.90185118e+00 7.24331427e+00
    5.96016169e+00 5.43023920e+00 6.06891680e+00 6.27585697e+00
    6.47795439e+00 7.16186762e+00 7.62161016e+00 7.25023413e+00
    7.43558121e+00 7.00065947e+00 6.26198006e+00 6.80453205e+00
    5.76728678e+00 5.69820929e+00 6.08394575e+00 6.79839563e+00
    6.80954552e+00 6.40840387e+00 6.77099895e+00 6.76171446e+00
    6.15607691e+00 5.47626114e+00 7.36475372e+00 7.16130352e+00
    7.77024937e+00 7.46198845e+00 7.32850504e+00 6.11174583e+00
    6.79998159e+00 5.48814249e+00 5.95262527e+00 6.45611715e+00
    6.97498941e+00 6.85731363e+00 6.69080734e+00 5.98212242e+00
    5.44686508e+00 6.26790476e+00 5.88175488e+00 6.78051376e+00
    7.48990107e+00 7.75810528e+00 5.74344492e+00 6.26501799e+00
    6.22306681e+00 5.71154928e+00 5.18959999e+00 6.44349623e+00
    5.77610016e+00 6.35072851e+00 6.04075861e+00 6.09484529e+00
    6.31464291e+00 7.29330301e+00 7.33792114e+00 7.33654261e+00
    7.46200609e+00 6.85795641e+00 6.26920319e+00 6.61130762e+00
    5.79565716e+00 7.40447044e+00 7.06888056e+00 7.06760502e+00
    7.75190020e+00 7.74375677e+00 7.19422340e+00 6.88835382e+00
    6.35702801e+00 6.77736044e+00 5.82048130e+00 6.78983212e+00
    6.34059620e+00 6.53606701e+00 6.49216080e+00 6.25721931e+00
    5.77423000e+00 7.80860376e+00 6.56062746e+00 6.77339077e+00
    7.08086538e+00 6.78269911e+00 5.59532976e+00 6.01112413e+00
    5.58660460e+00 5.00862646e+00 4.74996901e+00 5.97612810e+00
    5.91319132e+00 6.75709915e+00 6.02346325e+00 6.93195581e+00
    6.06172276e+00 6.29312897e+00 6.55748272e+00 7.65888500e+00
    8.05201149e+00 7.70726776e+00 8.10267830e+00 7.85291767e+00
    8.23672485e+00 6.70801306e+00 7.07168674e+00 6.62711811e+00
    6.54150391e+00 5.61536455e+00 5.70909548e+00 5.74830341e+00
    5.48226786e+00 5.33905697e+00 6.19537878e+00 5.70253325e+00
    5.85091496e+00 5.82149315e+00 5.80456924e+00 5.11867714e+00
    5.85160589e+00 5.42856407e+00 6.01975775e+00 5.44847059e+00
    5.45427179e+00 6.64740419e+00 6.50841618e+00 6.95409489e+00
    6.81714535e+00 6.64261818e+00 7.90359497e+00 7.74564362e+00
    7.57980013e+00 7.24912310e+00 7.36304522e+00 5.87852621e+00
    6.84469223e+00 6.22795534e+00 6.06955290e+00 7.51203680e+00
    7.24811840e+00 7.17161465e+00 6.28784990e+00 6.31642818e+00
    5.65365171e+00 5.71367359e+00 5.91741705e+00 6.65245581e+00
    5.98370552e+00 4.64463329e+00 6.18677330e+00 6.71030664e+00
    6.71545982e+00 7.30512667e+00 7.46491289e+00 7.23020172e+00
    6.34168863e+00 6.12082052e+00 6.35862017e+00 6.47791719e+00
    4.49524593e+00 4.37473154e+00 5.13089323e+00 6.12517452e+00
    6.03193665e+00 6.57659340e+00 7.45745754e+00 6.37079430e+00
    6.51562548e+00 7.46163702e+00 8.46281242e+00 8.98361778e+00
    8.03466034e+00 8.10192490e+00 7.18476391e+00 6.77476215e+00
    6.23012161e+00 8.06282043e+00 6.78164721e+00 7.77732849e+00
    7.34488773e+00 6.85277605e+00 7.02661657e+00 7.05608273e+00
    6.64930868e+00 6.62013483e+00 6.58059168e+00 6.58948755e+00
    6.54571486e+00 7.18714905e+00 7.26017523e+00 7.31836128e+00
    6.40675116e+00 6.72884274e+00 7.06195688e+00 6.62633562e+00
    7.46405315e+00 8.33762836e+00 8.00729942e+00 7.32336092e+00
    6.97855616e+00 6.01671076e+00 5.88863420e+00 6.66184187e+00
    5.28677750e+00 5.85562468e+00 5.71507978e+00 5.62862682e+00
    5.57904625e+00 6.13065386e+00 5.59967422e+00 7.29268265e+00
    6.68762875e+00 8.14647579e+00 7.66286469e+00 7.94054317e+00
    7.33021545e+00 7.33456135e+00 7.31440163e+00 7.79808187e+00
    7.39465141e+00 7.06272316e+00 7.10620928e+00 7.51338768e+00
    6.24163342e+00 6.23753166e+00 7.45229149e+00 8.00535870e+00
    8.04229927e+00 7.93892431e+00 7.76102638e+00 7.32924461e+00
    7.24820042e+00 7.11341047e+00 6.46827078e+00 6.42780590e+00
    6.68990898e+00 5.78416395e+00 5.89684916e+00 7.04536104e+00
    6.56681347e+00 7.14825773e+00 7.49279928e+00 6.68180895e+00
    6.00124884e+00 5.55861330e+00 6.63461637e+00 5.47654533e+00
    6.30432129e+00 6.17990112e+00 6.91145945e+00 6.45173025e+00
    7.68955660e+00 6.57904482e+00 6.60133314e+00 6.78430176e+00
    6.26060486e+00 5.87167025e+00 5.16785240e+00 6.27666998e+00
    6.26739407e+00 7.31986189e+00 7.34417248e+00 6.91545248e+00
    6.70272541e+00 6.95607948e+00 6.71134472e+00 6.07275295e+00
    6.79476500e+00 6.48959494e+00 6.21508121e+00 5.53756762e+00
    5.81153202e+00 5.68750954e+00 5.13341761e+00 7.05679035e+00
    5.98188305e+00 7.52595186e+00 7.64293766e+00 8.13518429e+00
    7.20624256e+00 8.10038471e+00 7.35741377e+00 6.25524616e+00
    4.92371988e+00 4.75270700e+00 4.41928864e+00 5.93006897e+00
    6.09385300e+00 7.11026716e+00 7.14744568e+00 6.30990696e+00
    5.84617043e+00 6.27310085e+00 5.76063204e+00 6.19204378e+00
    5.94638348e+00 6.95182133e+00 5.88715315e+00 5.68840742e+00
    4.92404461e+00 5.95742989e+00 5.53861666e+00 5.97975683e+00
    6.45278025e+00 5.44028378e+00 5.58630610e+00 6.08447027e+00
    5.91668510e+00 6.52759647e+00 6.62029505e+00 6.53717709e+00
    7.30183077e+00 6.80374718e+00 6.68999815e+00 6.03561258e+00
    6.59554005e+00 6.21528673e+00 7.53076744e+00 7.86370611e+00
    8.36833286e+00 7.15046978e+00 6.98528862e+00 5.61768961e+00
    5.41095591e+00 5.25099421e+00 5.02865505e+00 5.94203281e+00
    6.52783632e+00 6.27861404e+00 6.11930180e+00 7.02974081e+00
    6.22183514e+00 6.10651731e+00 6.91628885e+00 6.96573400e+00
    6.29549742e+00 6.83309937e+00 6.48677111e+00 5.58109474e+00
    5.00440693e+00 5.47467804e+00 4.74848223e+00 5.97974777e+00
    5.53944254e+00 6.18815613e+00 4.98009968e+00 5.75393772e+00
    5.78695345e+00 6.05677605e+00 5.57960129e+00 6.30549049e+00
    7.80892706e+00 7.87540531e+00 8.18838310e+00 8.79267502e+00
    7.47525549e+00 7.46788836e+00 5.94612169e+00 6.14217043e+00
    5.83494377e+00 5.27615738e+00 5.16711760e+00 5.39161873e+00
    5.23723841e+00 5.85353184e+00 6.48203087e+00 6.92944241e+00
    6.29787493e+00 6.63036585e+00 5.88833046e+00 6.84903908e+00
    5.31031084e+00 6.27543116e+00 5.33019114e+00 5.52203655e+00
    6.09209585e+00 6.40876818e+00 6.20818520e+00 6.80888033e+00
    7.00405645e+00 7.33877373e+00 7.47133446e+00 7.43811083e+00
    7.69344807e+00 7.47100306e+00 6.50711107e+00 6.16976500e+00
    5.02600479e+00 5.23134089e+00 5.55992413e+00 7.05439138e+00
    7.07829380e+00 5.06740332e+00 6.30047989e+00 6.03493929e+00
    5.95761251e+00 5.23140860e+00 6.25760555e+00 7.08148766e+00
    6.79172230e+00 6.32209063e+00 6.59294367e+00 6.99145317e+00
    6.74070835e+00 6.73930836e+00 6.93875599e+00 6.10700798e+00
    6.91996717e+00 6.57787752e+00 5.50066662e+00 6.25359249e+00
    4.76550579e+00 4.93836260e+00 5.76913166e+00 6.34459877e+00
    7.14002848e+00 7.01168394e+00 6.43273687e+00 6.39135981e+00
    6.49417877e+00 6.79609346e+00 7.41097212e+00 7.65515709e+00
    7.90072918e+00 7.51067495e+00 6.59723616e+00 6.21295547e+00
    6.98675394e+00 6.20333147e+00 7.47753716e+00 7.95761442e+00
    8.34677029e+00 6.96633911e+00 7.24988079e+00 7.23166275e+00
    6.76404190e+00 5.46100092e+00 7.00873899e+00 7.26360416e+00
    7.54154158e+00 8.48071003e+00 7.26449919e+00 6.96695328e+00
    5.32295942e+00 5.19218493e+00 5.99222136e+00 7.62500334e+00
    6.95192242e+00 7.66171455e+00 7.60302258e+00 6.97138309e+00
    6.83985758e+00 6.04562283e+00 5.04831076e+00 6.03315496e+00
    6.42403221e+00 6.45210361e+00 6.21353054e+00 6.24132824e+00
    6.49284124e+00 6.58249521e+00 6.51208162e+00 6.48891020e+00
    6.97299814e+00 6.84840631e+00 7.20086956e+00 7.07851028e+00
    7.88332701e+00 6.36069775e+00 6.85827827e+00 7.01263285e+00
    7.46544266e+00 7.16277361e+00 7.00238276e+00 6.52425861e+00
    5.86490059e+00 6.06480551e+00 6.52978992e+00 6.76419020e+00
    8.08586311e+00 8.06275368e+00 8.88721943e+00 7.14256811e+00
    6.76474476e+00 6.78211498e+00 6.75563383e+00 5.51139736e+00
    5.96776152e+00 6.40846109e+00 6.63180971e+00 6.74139643e+00
    7.20065022e+00 6.84190416e+00 7.30629301e+00 6.84917545e+00
    7.02978849e+00 7.10878134e+00 6.32809448e+00 6.91442871e+00
    6.44607592e+00 6.87934303e+00 6.59134436e+00 6.60249662e+00
    6.48312569e+00 6.63775492e+00 6.38151121e+00 7.04023647e+00
    5.10520744e+00 5.11914444e+00 5.89978123e+00 4.85859585e+00
    6.18175316e+00 6.80180693e+00 7.77714205e+00 6.99952936e+00
    7.01559925e+00 6.19293833e+00 5.14795828e+00 5.05277252e+00
    4.85530186e+00 6.06534433e+00 5.85782242e+00 5.68715239e+00
    5.90105772e+00 6.12185144e+00 5.64585638e+00 6.71530294e+00
    7.87246752e+00 6.23959017e+00 7.63003206e+00 7.46736193e+00
    7.84613228e+00 7.39269161e+00 6.66295433e+00 6.25546885e+00
    6.53026533e+00 5.20387077e+00 5.43404722e+00 5.73680830e+00
    6.38190174e+00 6.39844322e+00 7.18896341e+00 6.82225990e+00
    5.61916828e+00 6.41037369e+00 6.06766701e+00 6.15822697e+00
    6.66717052e+00 6.80699253e+00 5.63873053e+00 4.57074499e+00
    4.99873638e+00 4.69636345e+00 5.10374260e+00 5.60024786e+00
    5.72311115e+00 6.59468174e+00 5.89293289e+00 5.16054344e+00
    5.72160864e+00 6.29049683e+00 6.80667353e+00 7.46219683e+00
    6.96503115e+00 6.72490025e+00 6.54493999e+00 6.45840025e+00
    7.00286055e+00 7.29801798e+00 6.46824408e+00 8.29858685e+00
    7.77387810e+00 7.21003151e+00 5.89496565e+00 5.53915977e+00
    4.13466978e+00 3.46591067e+00 5.20598745e+00 4.72708511e+00
    5.81733036e+00 5.61854887e+00 6.33138037e+00 5.59215927e+00
    5.55722094e+00 6.72097683e+00 6.36562300e+00 6.75207424e+00
    6.56246805e+00 7.04143095e+00 5.79652691e+00 5.98873329e+00
    4.93139172e+00 5.76661205e+00 5.75918293e+00 6.15180874e+00
    7.21363640e+00 7.27313328e+00 7.05446196e+00 5.86123037e+00
    5.91969633e+00 6.68758297e+00 5.93333197e+00 7.38380241e+00
    7.67801237e+00 7.40365314e+00 7.12376404e+00 7.42009258e+00
    7.38403273e+00 5.89093208e+00 6.28869629e+00 5.50478649e+00
    5.56229496e+00 5.81811571e+00 5.70748091e+00 6.02208900e+00
    7.05472040e+00 7.64643669e+00 6.82499170e+00 7.85597897e+00
    8.33328724e+00 7.52420521e+00 7.35247993e+00 6.44398546e+00
    6.46989918e+00 6.21364355e+00 6.79740477e+00 6.13190126e+00
    6.39731407e+00 6.37832880e+00 6.66698027e+00 7.12107849e+00
    7.60907507e+00 7.09148932e+00 6.68957043e+00 7.10317707e+00
    7.67546177e+00 7.45292044e+00 7.08671999e+00 7.05403042e+00
    5.95725870e+00 6.29093361e+00 5.79299450e+00 6.23203564e+00
    6.03932238e+00 7.00494289e+00 6.13718748e+00 6.68527222e+00
    6.13329601e+00 6.62044001e+00 6.01960182e+00 6.31924772e+00
    6.78631496e+00 5.94934034e+00 6.50981522e+00 6.27053261e+00
    5.89418697e+00 6.20432186e+00 6.56232643e+00 6.95308399e+00
    6.11175394e+00 7.02422285e+00 6.59848452e+00 5.73045731e+00
    4.95177555e+00 5.14578342e+00 5.85434818e+00 6.83779955e+00
    7.83464479e+00 6.84672785e+00 7.13423014e+00 6.91319942e+00
    6.38582468e+00 6.89800262e+00 7.87779188e+00 8.61443996e+00
    9.14589214e+00 8.40195084e+00 6.67601395e+00 6.00120497e+00
    6.25266504e+00 6.45880508e+00 6.72123957e+00 7.16501284e+00
    6.73916388e+00 7.29456234e+00 7.21733713e+00 6.75357723e+00
    6.96848106e+00 7.13575745e+00 6.80383778e+00 7.55387449e+00
    6.96980381e+00 6.78236771e+00 7.18177414e+00 6.30900049e+00
    5.89282799e+00 6.60147715e+00 6.33734655e+00 7.58530092e+00
    8.11418247e+00 8.56195450e+00 8.39720917e+00 7.47331285e+00
    6.71631193e+00 6.41850853e+00 6.32065344e+00 6.57881260e+00
    7.17976856e+00 6.39850950e+00 6.47402334e+00 6.58465147e+00
    5.68251753e+00 6.25073290e+00 6.31198215e+00 6.94629002e+00
    7.04560709e+00 7.47799826e+00 7.27977371e+00 6.51525354e+00
    6.42656469e+00 6.23792505e+00 4.87350559e+00 6.77173996e+00
    6.91871214e+00 7.56310225e+00 7.26494455e+00 6.09145784e+00
    6.01722145e+00 5.21385288e+00 6.02590704e+00 6.22158432e+00
    6.82042742e+00 7.21923113e+00 7.16527271e+00 8.18494034e+00
    6.85700130e+00 6.71815872e+00 7.71190691e+00 5.90984154e+00
    6.03041077e+00 6.83545160e+00 6.39838743e+00 6.14339924e+00
    7.06128597e+00 6.94230127e+00 6.48973846e+00 7.18851995e+00
    6.63607740e+00 6.67234325e+00 6.93466234e+00 7.21207857e+00
    6.89008904e+00 6.55227709e+00 6.25759745e+00 5.58574390e+00
    6.25151443e+00 7.39253092e+00 6.99687386e+00 7.48623133e+00
    7.03166676e+00 5.84369898e+00 6.28864908e+00 5.91252899e+00
    6.27286386e+00 7.85988140e+00 6.57678556e+00 6.88831186e+00
    6.11401367e+00 5.87175512e+00 5.28547668e+00 4.64602900e+00
    5.23628855e+00 5.22108889e+00 6.11016464e+00 6.03410769e+00
    6.59114838e+00 7.23316813e+00 7.23109388e+00 7.91588640e+00
    8.05809116e+00 7.39028358e+00 7.25203419e+00 7.41636515e+00
    7.30595493e+00 7.47463512e+00 6.44653702e+00 6.32811451e+00
    5.53234148e+00 5.49159765e+00 5.61746693e+00 8.13595009e+00
    6.70382738e+00 7.24161482e+00 6.68819666e+00 5.69197607e+00
    5.82504559e+00 6.72431946e+00 6.81053162e+00 6.48302794e+00
    5.97478247e+00 6.41212273e+00 5.58173561e+00 5.30941200e+00
    5.64327955e+00 5.47526217e+00 5.66368198e+00 6.91120338e+00
    6.12168312e+00 6.53339338e+00 5.69638300e+00 5.71644592e+00
    5.67590141e+00 6.03386545e+00 6.32756138e+00 6.81376505e+00
    7.54077482e+00 7.51381969e+00 6.52344608e+00 6.22076511e+00
    6.43300581e+00 7.00141668e+00 8.03627968e+00 7.84145880e+00
    8.71508503e+00 7.59855556e+00 6.41605997e+00 5.11597157e+00
    4.87967587e+00 4.85226202e+00 5.51517868e+00 5.91632128e+00
    5.02543926e+00 5.82971716e+00 6.46033001e+00 7.28936338e+00
    6.75077772e+00 7.97472477e+00 7.30184698e+00 7.32092619e+00
    6.67867899e+00 6.04592466e+00 5.83814335e+00 6.09455919e+00
    4.20422888e+00 5.67379475e+00 6.23478603e+00 5.95001221e+00
    6.51277637e+00 6.53063488e+00 6.47426558e+00 7.62462807e+00
    6.31800079e+00 7.27266169e+00 6.90928125e+00 5.88948631e+00
    7.12513638e+00 6.81286621e+00 6.29608583e+00 7.57044172e+00
    7.49482298e+00 5.64907217e+00 6.15534067e+00 5.89523506e+00
    6.12703037e+00 5.94032621e+00 6.02194357e+00 6.06616735e+00
    6.75162840e+00 6.53930140e+00 7.03577757e+00 7.67965031e+00
    8.67263794e+00 7.41287136e+00 7.12076569e+00 6.74547386e+00
    6.28131723e+00 6.17864752e+00 6.28555822e+00 6.06274843e+00
    7.11155319e+00 6.95256424e+00 6.41578341e+00 6.85827780e+00
    6.12746525e+00 6.96891117e+00 7.34643698e+00 7.92232800e+00
    7.50721931e+00 8.02097416e+00 7.42083979e+00 7.61524487e+00
    6.79202461e+00 5.55930614e+00 7.11912012e+00 6.61090183e+00
    6.63911390e+00 6.45738029e+00 5.96996546e+00 6.37644005e+00
    6.43426514e+00 5.96110773e+00 5.94913244e+00 6.63564491e+00
    5.87853003e+00 4.90680218e+00 5.56280184e+00 6.05625963e+00
    5.79243994e+00 6.28472614e+00 6.57314968e+00 6.85835123e+00
    6.26149225e+00 6.24097872e+00 6.40416622e+00 6.70043421e+00
    5.34704113e+00 5.66351318e+00 6.29086542e+00 7.42763472e+00
    7.20377350e+00 8.11301041e+00 6.80539751e+00 6.43559265e+00
    6.73545074e+00 6.83045053e+00 7.89905643e+00 8.89254379e+00
    8.27329731e+00 7.77237558e+00 6.70262003e+00 5.71324396e+00
    5.51322746e+00 5.33903694e+00 5.96187592e+00 6.97560167e+00
    7.42778015e+00 7.75414467e+00 7.53046227e+00 7.39003897e+00
    7.46777105e+00 6.74852991e+00 6.76281643e+00 6.43563700e+00
    6.83485603e+00 6.48304462e+00 6.26079464e+00 6.30596447e+00
    5.38103628e+00 6.48142624e+00 6.00103474e+00 6.88389969e+00
    7.98327637e+00 9.39008141e+00 7.53437376e+00 6.69442225e+00
    6.25801611e+00 5.89410973e+00 5.27064371e+00 6.04342842e+00
    6.11114788e+00 7.00058317e+00 6.26486826e+00 6.25823355e+00
    6.97362518e+00 5.43805838e+00 6.63812971e+00 5.87890863e+00
    5.61743784e+00 7.08479834e+00 6.14068079e+00 5.97843790e+00
    7.08984518e+00 7.01738977e+00 5.88634443e+00 7.15931416e+00
    7.09716129e+00 6.51472855e+00 7.00294304e+00 6.34430790e+00
    5.03022289e+00 6.40280390e+00 6.47728443e+00 7.23173189e+00
    8.51589680e+00 8.38304901e+00 8.10586452e+00 6.76650333e+00
    8.22995853e+00 7.41225386e+00 7.43960094e+00 7.64762974e+00
    7.09467125e+00 6.84503412e+00 6.66378307e+00 6.32513666e+00
    5.28284502e+00 6.26206541e+00 6.27223778e+00 6.34592295e+00
    6.76936388e+00 6.42393255e+00 6.54373455e+00 7.12141895e+00
    6.42805958e+00 6.12965536e+00 7.10436296e+00 6.92160654e+00
    6.62413168e+00 7.13124466e+00 7.66267204e+00 7.68329525e+00
    6.58331537e+00 5.69632626e+00 5.82266617e+00 5.22901058e+00
    5.04065943e+00 5.93373156e+00 7.06197357e+00 6.18200874e+00
    5.89759922e+00 4.82600307e+00 5.07859039e+00 4.73236036e+00
    5.29870033e+00 4.97956324e+00 6.43256140e+00 6.86853409e+00
    6.88395023e+00 6.70853710e+00 6.84097862e+00 6.98929310e+00
    7.35456085e+00 7.16838503e+00 7.28083515e+00 7.10189438e+00
    6.01324749e+00 7.20731544e+00 6.95714664e+00 5.79629278e+00
    5.77484941e+00 6.12873507e+00 5.95378017e+00 7.32304239e+00
    7.40013790e+00 7.31718445e+00 7.32368803e+00 6.69569254e+00
    5.83225060e+00 6.37009859e+00 6.26269436e+00 5.74547195e+00
    5.73068047e+00 6.38483286e+00 5.15225506e+00 4.59691000e+00
    5.08319426e+00 5.37373352e+00 5.03622389e+00 5.71948814e+00
    5.93529177e+00 5.63624144e+00 6.26184368e+00 5.57257843e+00
    5.76278591e+00 7.12183094e+00 6.75846720e+00 7.03433990e+00
    7.16421986e+00 7.32422304e+00 6.26666451e+00 6.90840149e+00
    7.29822445e+00 6.58064508e+00 7.01573038e+00 8.21193886e+00
    7.01746321e+00 7.16752100e+00 6.05283880e+00 4.77563381e+00
    5.09283113e+00 4.36127615e+00 5.25518274e+00 5.38350534e+00
    6.24005461e+00 6.36135006e+00 6.31475258e+00 5.96237516e+00
    6.11000586e+00 7.32147646e+00 7.68250895e+00 7.07417440e+00
    7.23058224e+00 6.48497248e+00 5.92039776e+00 6.01962662e+00
    5.07275581e+00 5.99415398e+00 7.21357727e+00 6.53831673e+00
    6.43734741e+00 7.77733278e+00 6.53396273e+00 6.39797258e+00
    5.90711689e+00 6.52487993e+00 7.06325579e+00 7.15957355e+00
    7.26993704e+00 7.92401648e+00 7.23464632e+00 6.23589277e+00
    6.70097017e+00 6.03888273e+00 5.38907003e+00 6.18737268e+00
    6.15800381e+00 6.81966114e+00 6.98645449e+00 6.48625946e+00
    7.39959431e+00 7.18401051e+00 6.77633667e+00 7.62752104e+00
    8.26934719e+00 7.46695948e+00 6.92800140e+00 6.64720869e+00
    6.77703619e+00 6.26618338e+00 5.80547667e+00 6.23296356e+00
    6.88278055e+00 7.11047220e+00 7.21035528e+00 7.07956076e+00
    7.72417784e+00 7.03984070e+00 7.75324965e+00 8.58650303e+00
    7.89307356e+00 7.23336744e+00 6.14229012e+00 6.36368275e+00
    6.70695400e+00 6.54008198e+00 6.46687126e+00 7.30010223e+00
    6.38633633e+00 5.92010069e+00 6.88885403e+00 6.18794680e+00
    6.13783789e+00 6.17940521e+00 6.11004496e+00 6.72858906e+00
    6.53122091e+00 7.11028099e+00 7.11375904e+00 7.20068645e+00
    6.04156494e+00 7.03400850e+00 6.47355843e+00 6.64797401e+00
    6.60019922e+00 6.67864847e+00 7.25330591e+00 7.14568472e+00
    5.17333746e+00 5.91523409e+00 6.53718376e+00 7.08617783e+00
    7.20205450e+00 7.02425146e+00 6.17734432e+00 5.69115734e+00
    6.97286606e+00 7.19718552e+00 8.18515873e+00 7.63541555e+00
    8.02629662e+00 7.18044710e+00 5.89541721e+00 5.31811142e+00
    5.23047400e+00 5.66145897e+00 5.48540211e+00 6.59802294e+00
    6.28027725e+00 7.05117273e+00 6.73699808e+00 6.22362041e+00
    6.51300907e+00 6.38734627e+00 6.74575520e+00 7.89859962e+00
    7.81035042e+00 7.13638163e+00 7.59301329e+00 6.49480629e+00
    5.49381304e+00 5.30462456e+00 6.07651329e+00 7.47896576e+00
    6.85378885e+00 7.77392673e+00 8.05596352e+00 7.06116533e+00
    6.02501488e+00 5.66836119e+00 5.36812782e+00 6.59278154e+00
    7.00529766e+00 6.46823454e+00 5.76607895e+00 6.10410881e+00
    5.98603725e+00 4.92169619e+00 5.05614281e+00 6.02121687e+00
    5.82571173e+00 6.44641447e+00 7.45632887e+00 6.94014883e+00
    7.52826357e+00 7.41362095e+00 7.20717669e+00 7.22681046e+00
    7.79734135e+00 7.34818935e+00 6.12005234e+00 6.50225782e+00
    6.00716782e+00 6.00309134e+00 5.97840977e+00 7.25471306e+00
    8.11823845e+00 7.88605261e+00 8.61408520e+00 8.28752232e+00
    7.89729881e+00 7.54495001e+00 8.33019161e+00 7.03383303e+00
    7.37391376e+00 5.83553696e+00 5.89124680e+00 5.48341465e+00
    5.45420837e+00 5.48811340e+00 6.17683649e+00 6.65244865e+00
    6.98623514e+00 6.94323921e+00 7.28970814e+00 7.43293858e+00
    6.93247080e+00 6.49808311e+00 7.92931795e+00 7.50546789e+00
    6.89397573e+00 8.04472923e+00 7.60901833e+00 6.82200909e+00
    5.80840778e+00 5.31679392e+00 4.73975945e+00 4.42785501e+00
    5.28132391e+00 5.91939688e+00 6.28182030e+00 6.19145679e+00
    6.64860964e+00 5.57828712e+00 4.75320816e+00 4.73140001e+00
    4.88135910e+00 5.31868458e+00 6.00281143e+00 5.51587677e+00
    5.69427776e+00 6.20530033e+00 6.60245609e+00 7.34840822e+00
    8.45338249e+00 7.90847063e+00 7.63613081e+00 6.91389513e+00
    6.75621986e+00 6.57289171e+00 6.87285709e+00 6.22550297e+00
    6.84992266e+00 5.92669678e+00 5.94867516e+00 7.06305122e+00
    7.44720030e+00 7.56139755e+00 9.05299282e+00 8.09594822e+00
    6.67976284e+00 7.21110106e+00 6.59604120e+00 5.92761517e+00
    5.25618172e+00 5.46815538e+00 6.09331036e+00 5.62581635e+00
    5.58854389e+00 5.84750795e+00 6.21020460e+00 6.20753384e+00
    6.43501043e+00 6.02805758e+00 6.25951147e+00 6.73130274e+00
    6.11198997e+00 6.25562668e+00 6.33649158e+00 6.38443708e+00
    7.28730869e+00 8.28864288e+00 7.87729549e+00 7.55835247e+00
    7.14522362e+00 6.44998550e+00 6.53474426e+00 7.14700174e+00
    6.25537825e+00 6.20973444e+00 6.38530779e+00 4.25568581e+00
    4.44664383e+00 5.20827675e+00 4.93001318e+00 5.63164663e+00
    6.17197132e+00 5.90315819e+00 6.23769522e+00 5.94217110e+00
    6.55033779e+00 6.41814518e+00 6.91693068e+00 8.11398983e+00
    7.51226854e+00 7.83495760e+00 6.13994646e+00 7.62980413e+00
    5.27983379e+00 6.07524157e+00 7.00232840e+00 7.70865631e+00
    7.18201017e+00 7.16884041e+00 6.69193172e+00 6.99906111e+00
    6.95833302e+00 5.75026703e+00 5.83328581e+00 5.88182354e+00
    5.70746756e+00 7.20013714e+00 7.15471125e+00 6.82364702e+00
    7.32732916e+00 6.50436735e+00 5.69398165e+00 6.29419804e+00
    7.42506409e+00 7.06460142e+00 7.05966377e+00 7.00522041e+00
    6.46367168e+00 7.01008272e+00 6.38393927e+00 7.11140537e+00
    7.49398422e+00 7.45794821e+00 7.28907156e+00 6.91396618e+00
    6.98288298e+00 6.00790262e+00 5.80249405e+00 5.95428658e+00
    6.39815235e+00 6.49791288e+00 6.42087555e+00 6.54947805e+00
    6.99735355e+00 6.72356415e+00 5.78110313e+00 7.43770885e+00
    6.56004190e+00 6.51848984e+00 6.88042593e+00 7.01042652e+00
    5.89613438e+00 5.68562555e+00 6.56826735e+00 5.72318172e+00
    5.41561699e+00 5.60057259e+00 5.66205359e+00 5.86868238e+00
    5.34394598e+00 6.24215651e+00 6.38028479e+00 7.06897259e+00
    7.75035858e+00 7.51589537e+00 7.58666563e+00 7.34126139e+00
    7.30196238e+00 6.65718508e+00 6.77464294e+00 6.25422716e+00
    6.14018917e+00 5.69897270e+00 5.37076092e+00 5.65937090e+00
    6.30937624e+00 6.34097242e+00 6.77970457e+00 7.13567972e+00
    7.05100250e+00 7.30197811e+00 6.42526054e+00 6.11847591e+00
    6.18603468e+00 6.92311478e+00 6.51042080e+00 8.18563366e+00
    7.73085356e+00 6.45185137e+00 6.08494234e+00 4.85330296e+00
    5.56092882e+00 4.43296623e+00 5.69343758e+00 5.71035528e+00
    6.44278479e+00 6.63772964e+00 6.24142647e+00 5.85974836e+00
    6.94925308e+00 7.12821341e+00 6.63844824e+00 7.88834524e+00
    7.74394178e+00 7.63860798e+00 6.31415081e+00 5.55571461e+00
    4.89260340e+00 6.46907902e+00 5.51195717e+00 6.37234688e+00
    7.08849287e+00 8.28862476e+00 8.04655457e+00 7.45972538e+00
    6.51347303e+00 7.47267675e+00 6.33153105e+00 7.04395008e+00
    7.33619404e+00 7.44777775e+00 6.44263983e+00 5.76378536e+00
    5.23429489e+00 5.16613865e+00 4.79667664e+00 5.28550053e+00
    5.33919382e+00 6.36551619e+00 6.32561350e+00 7.13449430e+00
    7.00753307e+00 7.10031748e+00 7.17318249e+00 8.04837990e+00
    7.55248594e+00 7.71664476e+00 7.88282871e+00 5.92357874e+00
    6.68088722e+00 6.50131750e+00 6.70788193e+00 6.45481682e+00
    7.97683430e+00 7.53092623e+00 7.88408422e+00 7.45132065e+00
    7.38665915e+00 6.99884367e+00 6.41882515e+00 7.31926298e+00
    7.20349979e+00 6.67742157e+00 5.83422136e+00 5.69180870e+00
    4.98769379e+00 5.64258480e+00 6.42497158e+00 7.56276608e+00
    6.93933630e+00 7.71473932e+00 7.18584299e+00 6.93338966e+00
    6.80804443e+00 6.38032913e+00 6.70697308e+00 7.29099369e+00
    7.54342842e+00 7.57155418e+00 7.78749943e+00 7.78608274e+00
    6.47128534e+00 6.76192713e+00 5.86826229e+00 5.47437906e+00
    4.94585133e+00 6.29323530e+00 6.06900787e+00 5.90904093e+00
    6.78216743e+00 5.85892534e+00 4.48342991e+00 5.32116842e+00
    6.35752392e+00 5.29992437e+00 5.70325327e+00 5.84725761e+00
    7.12758446e+00 6.83107519e+00 8.31990623e+00 8.05055523e+00
    8.60300064e+00 7.78129148e+00 7.69059372e+00 6.45673990e+00
    7.27925014e+00 6.70060444e+00 6.67606306e+00 7.13636971e+00
    6.68473339e+00 6.15458012e+00 6.20445395e+00 6.76729059e+00
    6.16054010e+00 8.16342926e+00 7.98301077e+00 8.70098782e+00
    7.16978264e+00 7.00095415e+00 6.31944895e+00 6.35269117e+00
    6.53057003e+00 7.18522882e+00 5.95210123e+00 5.21023464e+00
    5.04006577e+00 6.34064198e+00 5.97706747e+00 5.83546925e+00
    6.48873711e+00 6.17581224e+00 5.57867289e+00 5.48692942e+00
    5.58705282e+00 7.11378002e+00 6.89806080e+00 7.61972094e+00
    7.31716585e+00 7.52567911e+00 7.52994347e+00 7.31388950e+00
    7.16387415e+00 6.86404562e+00 6.38255644e+00 6.53821707e+00
    6.19165373e+00 6.12945366e+00 5.58952093e+00 5.43863583e+00
    5.27108908e+00 5.52445459e+00 5.95751762e+00 6.01438904e+00
    5.92490005e+00 6.47134876e+00 6.61736870e+00 7.08065557e+00
    6.24747992e+00 7.66859293e+00 7.44949436e+00 7.38407660e+00
    7.54763126e+00 8.52350140e+00 8.25512505e+00 7.27301407e+00
    7.37143421e+00 6.37881041e+00 6.95081949e+00 6.86329603e+00
    6.74062443e+00 6.97918367e+00 7.75697660e+00 7.07873774e+00
    7.30820417e+00 7.14953423e+00 6.56585455e+00 6.22090483e+00
    6.27854156e+00 5.35723448e+00 6.00149775e+00 6.75165606e+00
    6.88316011e+00 5.91812181e+00 5.19288445e+00 5.81813192e+00
    5.87041521e+00 5.99648762e+00 6.76535559e+00 7.72552776e+00
    7.59404278e+00 7.21827793e+00 6.45969152e+00 6.81712818e+00
    7.73334074e+00 7.14561844e+00 7.72317219e+00 7.63150311e+00
    5.94494152e+00 6.61638832e+00 6.85418653e+00 6.41507959e+00
    6.28362799e+00 6.08771276e+00 6.29919529e+00 6.52504444e+00
    6.61293697e+00 6.85803604e+00 5.71295834e+00 6.07651424e+00
    7.33589697e+00 5.90373850e+00 5.60331202e+00 7.25653219e+00
    6.27790022e+00 6.14288521e+00 6.09097338e+00 5.46116829e+00
    5.19839287e+00 5.19441414e+00 5.13280201e+00 5.25173426e+00
    6.46473455e+00 5.72144175e+00 5.71520519e+00 6.20374775e+00
    6.64086485e+00 6.51045704e+00 6.65069199e+00 5.90908337e+00
    5.66355801e+00 5.86560440e+00 6.11180019e+00 6.70953512e+00
    6.30341816e+00 6.34670448e+00 6.17610836e+00 6.35044527e+00
    6.75997591e+00 6.31363344e+00 6.88480377e+00 7.47009087e+00
    6.99947977e+00 8.06073666e+00 7.38617659e+00 7.90861893e+00
    7.46503162e+00 6.49321413e+00 7.53362846e+00 7.21797752e+00
    8.01638317e+00 7.44882870e+00 7.19922113e+00 5.63853455e+00
    5.48428726e+00 5.14748859e+00 4.21468735e+00 4.37452173e+00
    4.43386221e+00 5.64696503e+00 5.87928772e+00 6.52036285e+00
    6.98394823e+00 7.73882532e+00 6.58885527e+00 7.76614332e+00
    7.03469992e+00 5.47134447e+00 5.63194656e+00 5.46910191e+00
    5.34691811e+00 5.70697975e+00 6.13717270e+00 6.72750139e+00
    8.10752296e+00 8.65145779e+00 7.20952320e+00 7.66100264e+00
    7.61182117e+00 7.15322161e+00 7.02987909e+00 7.96562767e+00
    8.46192265e+00 7.30087233e+00 6.11083937e+00 5.68487406e+00
    5.48653364e+00 5.14677095e+00 5.38439703e+00 5.17159796e+00
    5.82887888e+00 5.42945337e+00 6.49913120e+00 5.90625000e+00
    6.96106768e+00 7.13179016e+00 6.63326645e+00 8.54428959e+00
    7.85397816e+00 7.96442795e+00 7.45292997e+00 7.37846088e+00
    6.72687912e+00 7.85108042e+00 6.28940725e+00 7.86963987e+00
    7.11888790e+00 7.62389088e+00 6.84276628e+00 7.76296663e+00
    8.30931854e+00 6.90180826e+00 7.57388115e+00 7.43510723e+00
    7.61006355e+00 6.05825663e+00 7.18441296e+00 6.41531181e+00
    5.30690432e+00 6.52855396e+00 6.62460995e+00 6.75324202e+00
    6.40500450e+00 7.28914070e+00 6.07667875e+00 5.36511517e+00
    6.32376766e+00 5.46706057e+00 5.58008718e+00 5.78032446e+00
    6.07010031e+00 6.12744379e+00 8.30501461e+00 8.31142330e+00
    7.99246120e+00 6.82608509e+00 7.84997225e+00 6.28358746e+00
    6.04848576e+00 7.14349222e+00 7.02255678e+00 5.86629248e+00
    6.68852949e+00 6.50744915e+00 6.02387953e+00 5.44039726e+00
    7.21555233e+00 5.83350468e+00 6.55391073e+00 6.08486843e+00
    6.31871128e+00 6.92122602e+00 7.90750599e+00 8.21249104e+00
    8.70205498e+00 8.12334633e+00 7.44426870e+00 8.18593121e+00
    7.71950293e+00 7.71693277e+00 6.90838194e+00 6.51064634e+00
    5.93629217e+00 5.75933361e+00 6.91157532e+00 7.40537643e+00
    8.03587151e+00 8.09200096e+00 8.14425659e+00 7.60045052e+00
    7.58870983e+00 6.97099161e+00 6.50536108e+00 6.98943758e+00
    6.45311975e+00 5.85375881e+00 6.09803343e+00 6.15947390e+00
    6.54010773e+00 6.74132156e+00 6.58227110e+00 6.63302565e+00
    6.37207603e+00 6.36361074e+00 6.90390110e+00 5.93373823e+00
    6.99856997e+00 6.95955229e+00 6.68370438e+00 6.14586926e+00
    7.62952948e+00 8.42975330e+00 6.93303394e+00 6.78819370e+00
    6.16155338e+00 5.93170023e+00 5.63110495e+00 6.98881388e+00
    6.48867130e+00 6.72364521e+00 6.58270502e+00 5.71574497e+00
    5.69992065e+00 6.17192268e+00 7.20668316e+00 6.01705647e+00
    6.89028215e+00 6.25766659e+00 5.70103264e+00 6.21566868e+00
    7.13613844e+00 7.55482149e+00 7.10888338e+00 7.72040033e+00
    7.08482695e+00 7.24931955e+00 6.72671175e+00 7.20390797e+00
    6.85023785e+00 6.84512901e+00 6.22248459e+00 5.42948914e+00
    6.66782618e+00 6.54777002e+00 7.13555431e+00 7.42155933e+00
    7.98981142e+00 7.50896597e+00 6.53716803e+00 5.30481577e+00
    5.25535965e+00 5.97371578e+00 5.30817509e+00 6.14742565e+00
    6.38088560e+00 6.13087225e+00 4.70149088e+00 5.49873781e+00
    6.06675720e+00 6.77834415e+00 6.28906536e+00 7.03120899e+00
    6.81392288e+00 7.37790060e+00 6.80576372e+00 7.27406979e+00
    7.11455965e+00 6.93663120e+00 6.41889000e+00 6.82302761e+00
    6.83011961e+00 6.21401405e+00 7.49301529e+00 6.26086140e+00
    7.67793274e+00 6.67887211e+00 5.96720505e+00 6.55888510e+00
    6.42613125e+00 6.35691786e+00 7.05806828e+00 7.53259945e+00
    6.44182444e+00 6.81162405e+00 6.32558870e+00 6.78369284e+00
    5.96993113e+00 6.39258575e+00 6.77084446e+00 6.51287079e+00
    5.68591022e+00 5.97798443e+00 5.50054789e+00 5.72030258e+00
    5.74719763e+00 5.84473515e+00 6.06563330e+00 6.06589365e+00
    6.65972757e+00 6.47085428e+00 7.48488665e+00 7.05544186e+00
    6.06332302e+00 6.25144672e+00 5.68202448e+00 6.20608425e+00
    6.74525452e+00 6.94767523e+00 6.95116329e+00 7.61842632e+00
    7.13509512e+00 7.22298622e+00 7.22309637e+00 8.06467152e+00
    7.71810198e+00 8.18562031e+00 7.86220694e+00 7.96489143e+00
    6.67365837e+00 7.06390142e+00 6.83892870e+00 6.69534254e+00
    7.15273571e+00 7.26127005e+00 6.65454435e+00 5.70316553e+00
    5.36689711e+00 3.71143866e+00 4.03890657e+00 4.91730404e+00
    5.35997200e+00 5.05673122e+00 6.47650099e+00 5.29905367e+00
    6.00695705e+00 6.82311296e+00 7.11881208e+00 7.05637407e+00
    7.18730116e+00 6.91082859e+00 6.65314913e+00 5.72616482e+00
    4.29171753e+00 5.51486874e+00 5.56732225e+00 6.52131081e+00
    7.01266241e+00 8.31879711e+00 7.81011629e+00 7.51632595e+00
    7.45969486e+00 7.47056532e+00 7.79151249e+00 8.14914703e+00
    7.03025866e+00 6.62500477e+00 6.01626253e+00 6.32801247e+00
    5.86213589e+00 6.43980646e+00 5.75096464e+00 5.81747293e+00
    4.92574549e+00 6.22777939e+00 6.07081795e+00 6.55570030e+00
    7.70918417e+00 7.76760340e+00 6.85687828e+00 7.24870729e+00
    7.98128319e+00 7.69152260e+00 7.64550018e+00 7.00480652e+00
    7.16214418e+00 7.45373154e+00 7.51603842e+00 8.30076981e+00
    9.08214664e+00 8.10081100e+00 9.16785431e+00 8.69042683e+00
    8.32561970e+00 7.79899502e+00 6.53540421e+00 7.03374672e+00
    7.27653599e+00 6.03858995e+00 6.30881166e+00 5.68283892e+00
    5.42275620e+00 5.12945986e+00 6.99252415e+00 6.73517799e+00
    6.49384451e+00 7.22718859e+00 6.48194790e+00 5.70093536e+00
    5.69514179e+00 5.49158001e+00 5.75828934e+00 6.71956778e+00
    7.15715694e+00 6.40873718e+00 6.76963472e+00 6.65671682e+00
    6.02624369e+00 6.93835449e+00 6.40369463e+00 5.79588938e+00
    6.37986183e+00 6.77474022e+00 6.00895977e+00 6.46082735e+00
    6.86920547e+00 6.37820768e+00 5.66071701e+00 5.68589735e+00
    6.04768181e+00 6.43114233e+00 6.47590256e+00 6.21508694e+00
    7.11252403e+00 6.42689896e+00 7.05478764e+00 7.52254915e+00
    8.45792866e+00 7.86974239e+00 8.37617111e+00 8.47387886e+00
    7.58408737e+00 7.24670362e+00 7.42672729e+00 6.20653105e+00
    6.37591696e+00 5.79732609e+00 6.68242168e+00 7.18297195e+00
    7.25238705e+00 7.65798426e+00 8.27819443e+00 7.40795088e+00
    7.66777658e+00 6.36325788e+00 5.19937468e+00 5.31626654e+00
    5.70077085e+00 5.86680031e+00 6.30848503e+00 6.56318712e+00
    5.62012339e+00 6.58505058e+00 6.79157209e+00 6.14880610e+00
    5.05945683e+00 5.33928728e+00 5.63111591e+00 5.50053835e+00
    5.33725739e+00 6.81398582e+00 6.25900888e+00 6.97523689e+00
    6.77064610e+00 6.87857008e+00 7.07025337e+00 6.61988926e+00
    5.17296124e+00 5.31256104e+00 5.67289495e+00 6.44769382e+00
    6.00242233e+00 6.08338594e+00 5.73800945e+00 5.07916403e+00
    5.32963419e+00 5.95288372e+00 5.51477909e+00 6.38204861e+00
    5.36038113e+00 6.15673923e+00 5.53510523e+00 6.65082026e+00
    6.54578066e+00 6.32627201e+00 7.71695471e+00 7.44130135e+00
    7.45360279e+00 7.36379051e+00 7.39285231e+00 6.54170704e+00
    5.77755165e+00 5.06193495e+00 5.87302446e+00 5.67912865e+00
    6.43089628e+00 6.53956366e+00 6.66050529e+00 7.65485001e+00
    6.84318066e+00 6.75911188e+00 6.47767544e+00 5.91193533e+00
    6.06681728e+00 5.93292618e+00 6.03591824e+00 5.20170927e+00
    5.96112871e+00 6.57354164e+00 6.27110100e+00 5.12049770e+00
    6.87537575e+00 6.01707697e+00 7.07029390e+00 7.35793686e+00
    7.05823946e+00 6.41078377e+00 7.04691744e+00 7.47271633e+00
    7.06880569e+00 7.54388428e+00 6.37108707e+00 6.71151924e+00
    6.83181810e+00 6.14055204e+00 6.45842361e+00 7.83497620e+00
    6.69616652e+00 6.85683441e+00 6.20704031e+00 6.76659346e+00
    6.74218941e+00 6.16008282e+00 6.21535206e+00 5.95193958e+00
    5.58200121e+00 5.27508974e+00 5.69709158e+00 5.94199324e+00
    6.69535446e+00 6.63348055e+00 5.94303417e+00 4.43843985e+00
    4.88605881e+00 5.25062847e+00 5.13523817e+00 5.27714252e+00
    5.59449530e+00 5.71114349e+00 5.43560696e+00 6.20580673e+00
    6.76701117e+00 6.92153645e+00 7.89180899e+00 7.24980259e+00
    6.72426653e+00 6.90858364e+00 6.73992252e+00 6.13039112e+00
    7.43019867e+00 6.31845665e+00 6.35070324e+00 6.07614660e+00
    8.05909348e+00 7.78645658e+00 8.42586327e+00 7.65241480e+00
    7.45878363e+00 7.90225840e+00 7.69670200e+00 7.03182793e+00
    7.93425703e+00 8.02000713e+00 6.89066267e+00 7.02299881e+00
    6.49771547e+00 6.63248062e+00 6.19715309e+00 5.47935772e+00
    5.40480709e+00 4.37811136e+00 4.33516884e+00 3.80980444e+00
    4.18133831e+00 4.76002598e+00 5.70048618e+00 5.65213823e+00
    5.94464540e+00 6.56505680e+00 6.90114021e+00 7.40061712e+00
    7.87590837e+00 6.62214518e+00 7.36307287e+00 6.44244909e+00
    6.07688284e+00 6.92717743e+00 6.68416214e+00 6.84755182e+00
    7.86204290e+00 7.47353315e+00 7.77758121e+00 7.17871237e+00
    7.48676682e+00 7.63970757e+00 7.31341314e+00 8.31552315e+00
    7.56919909e+00 6.88537836e+00 6.23008680e+00 5.56597090e+00
    5.31767035e+00 4.75803232e+00 5.27513313e+00 4.68511295e+00
    5.36070824e+00 5.75125504e+00 5.99224997e+00 6.47486687e+00
    6.82328892e+00 6.47273016e+00 6.92885685e+00 7.63650751e+00
    6.92846441e+00 7.43373823e+00 7.51362181e+00 6.99762487e+00
    7.37535334e+00 6.72136068e+00 7.15362501e+00 6.87427044e+00
    8.20658398e+00 8.00051403e+00 8.19633293e+00 8.20372009e+00
    7.81988287e+00 8.39927387e+00 7.33682442e+00 6.84313631e+00
    6.60185099e+00 5.83637428e+00 5.00807428e+00 6.02581787e+00
    5.78328371e+00 5.93914175e+00 6.63065529e+00 8.17151737e+00
    7.08545971e+00 7.12668753e+00 6.14107656e+00 5.57747126e+00
    6.11849070e+00 6.71454716e+00 6.82137632e+00 7.13481045e+00
    7.78155756e+00 7.10862303e+00 6.92797518e+00 5.93738127e+00
    6.35085011e+00 5.55594778e+00 5.89881134e+00 5.54116726e+00
    5.61049223e+00 5.94739103e+00 6.45721388e+00 5.65477133e+00
    5.61476135e+00 7.19165468e+00 6.92275286e+00 6.25572300e+00
    7.60774517e+00 7.04832029e+00 6.72093248e+00 6.04346418e+00
    6.59469128e+00 6.74595928e+00 6.51275063e+00 7.50119066e+00
    8.39910507e+00 7.60006571e+00 7.45790005e+00 7.75510645e+00
    7.70349026e+00 6.90290213e+00 6.65875340e+00 6.29390144e+00
    5.92467260e+00 5.68097305e+00 5.87095833e+00 6.72122383e+00
    7.00273657e+00 7.93897867e+00 7.47754765e+00 6.75936270e+00
    6.79616022e+00 6.98608828e+00 6.34941387e+00 5.29753923e+00
    6.26385641e+00 6.15414572e+00 5.53664017e+00 5.73824215e+00
    6.33099270e+00 5.85753107e+00 5.94163227e+00 4.73078966e+00
    6.32890511e+00 5.02179861e+00 5.41603327e+00 4.94225073e+00
    5.94308424e+00 5.08549547e+00 6.08332586e+00 6.14651918e+00
    6.32714605e+00 6.08085728e+00 6.22256804e+00 6.43592787e+00
    5.07540703e+00 6.04822016e+00 6.15018654e+00 6.00124884e+00
    5.71568203e+00 5.93010569e+00 6.29688311e+00 5.84047318e+00
    5.91936970e+00 5.83812904e+00 6.20195627e+00 6.43809366e+00
    6.37438726e+00 5.47443485e+00 7.57119894e+00 6.93042183e+00
    6.97391272e+00 7.61453390e+00 8.01092434e+00 7.94148684e+00
    8.05340099e+00 8.74045181e+00 7.25858021e+00 6.93036842e+00
    6.04773998e+00 5.68970156e+00 5.30311728e+00 5.59161997e+00
    5.88590908e+00 6.17131138e+00 7.79588509e+00 7.00175619e+00
    7.07819414e+00 6.26405430e+00 6.03493071e+00 5.03661919e+00
    5.47750759e+00 6.01004171e+00 6.48898983e+00 6.02787447e+00
    6.15899611e+00 5.94917727e+00 5.55318356e+00 4.97955847e+00
    5.36637926e+00 5.76953602e+00 5.10235834e+00 5.80287170e+00
    6.28477287e+00 6.13044548e+00 6.17480135e+00 5.94704008e+00
    5.92044401e+00 5.99515152e+00 6.47436857e+00 6.49550247e+00
    6.46884680e+00 6.62774897e+00 6.42391253e+00 6.56296015e+00
    6.80564833e+00 6.30517149e+00 7.19212008e+00 6.65608406e+00
    7.33648205e+00 6.19586134e+00 5.02743387e+00 4.85648346e+00
    4.74489069e+00 4.74847651e+00 5.16746998e+00 6.08899450e+00
    5.58579588e+00 5.26993847e+00 5.44638681e+00 6.03015423e+00
    5.05341721e+00 5.69417906e+00 5.11656570e+00 5.15898466e+00
    5.41125202e+00 5.35702705e+00 6.26741219e+00 6.76054716e+00
    7.15913200e+00 6.48699093e+00 6.72906017e+00 5.92921066e+00
    6.57781982e+00 5.75365734e+00 6.46009254e+00 6.33101559e+00
    6.47443771e+00 6.92952490e+00 6.00448704e+00 6.29036379e+00
    7.12333965e+00 6.25846672e+00 7.72837257e+00 7.43156624e+00
    7.46476078e+00 7.76417875e+00 7.65794516e+00 7.13005447e+00
    6.85748768e+00 7.20240641e+00 7.00331831e+00 8.09099293e+00
    7.16263199e+00 6.48765373e+00 6.31131268e+00 5.99589920e+00
    5.13759279e+00 4.91569424e+00 3.26536894e+00 3.60139561e+00
    4.62136698e+00 4.69853449e+00 6.03996801e+00 6.56216097e+00
    6.88211489e+00 5.91882086e+00 6.42020178e+00 5.53968573e+00
    5.81522417e+00 5.21664047e+00 6.05878496e+00 6.78396606e+00
    6.05561543e+00 6.07482624e+00 7.14223146e+00 6.39135122e+00
    6.52282190e+00 7.53687382e+00 7.63279009e+00 7.75017262e+00
    7.95307446e+00 7.80481195e+00 7.84731627e+00 7.31273937e+00
    7.03048420e+00 6.56043577e+00 5.44243526e+00 5.61552906e+00
    5.69160891e+00 5.12939405e+00 5.92995358e+00 5.54467201e+00
    5.36733723e+00 5.79161882e+00 6.44516706e+00 5.83264208e+00
    6.11694002e+00 5.97049427e+00 6.59681845e+00 7.28251457e+00
    7.99740458e+00 7.95147038e+00 7.96326876e+00 7.00888968e+00
    6.90821123e+00 6.53977871e+00 5.63075399e+00 7.05990362e+00
    7.32565928e+00 7.33271456e+00 7.38708448e+00 7.88057089e+00
    6.26716375e+00 6.40472221e+00 6.32545280e+00 6.16235161e+00
    6.02043962e+00 5.99690485e+00 6.47930098e+00 6.09059048e+00
    6.88663578e+00 6.64317179e+00 7.96125555e+00 6.97080708e+00
    7.74057722e+00 6.67344618e+00 7.31406116e+00 5.93718243e+00
    5.26919651e+00 5.22117233e+00 5.44596100e+00 6.34546661e+00
    7.24850273e+00 6.94477987e+00 6.81784534e+00 7.12770939e+00
    7.36228466e+00 6.29307890e+00 7.15454674e+00 6.81509781e+00
    6.65407133e+00 6.48257828e+00 6.62588167e+00 5.44356108e+00
    6.09524155e+00 6.25614309e+00 6.70499277e+00 7.07062912e+00
    7.79757786e+00 6.20883656e+00 5.61501312e+00 5.41163492e+00
    6.46842003e+00 6.41629601e+00 6.88091278e+00 7.36621046e+00
    8.18607616e+00 7.49449015e+00 6.82177544e+00 8.45194054e+00
    6.95748520e+00 6.35902214e+00 6.92469406e+00 6.62855959e+00
    6.01053333e+00 6.10584211e+00 6.59694576e+00 5.90708733e+00
    6.68026686e+00 7.02349520e+00 6.82533693e+00 6.39464808e+00
    6.49062347e+00 6.09097481e+00 5.74433374e+00 6.68064404e+00
    6.09005404e+00 6.73241711e+00 5.76465988e+00 4.89293480e+00
    5.23099995e+00 5.75053263e+00 6.29487753e+00 6.82008171e+00
    5.84640312e+00 6.76031113e+00 5.93029022e+00 5.80442190e+00
    4.84578466e+00 5.98412704e+00 5.28775024e+00 6.16310692e+00
    6.43964911e+00 5.93591118e+00 5.51606226e+00 6.23141766e+00
    5.97333622e+00 5.21651793e+00 5.65774202e+00 7.92375326e+00
    6.46028662e+00 6.35857534e+00 5.46242952e+00 6.08310509e+00
    4.82189417e+00 6.40537548e+00 6.30517912e+00 7.31302929e+00
    6.26761961e+00 6.41203165e+00 6.22820139e+00 6.59242582e+00
    6.87593842e+00 7.11984873e+00 7.25365973e+00 7.67591286e+00
    7.40767241e+00 6.93262863e+00 7.54953623e+00 6.46786070e+00
    6.56582546e+00 4.86542034e+00 4.56540442e+00 5.23058128e+00
    6.23560238e+00 5.82129240e+00 6.62768555e+00 7.50722551e+00
    7.92270517e+00 6.75625849e+00 6.93959665e+00 5.97931337e+00
    6.08784008e+00 5.29859591e+00 6.43868732e+00 5.63453245e+00
    4.97262192e+00 5.20564985e+00 5.39294624e+00 4.41544437e+00
    3.79467368e+00 4.08662987e+00 5.55026388e+00 6.51365280e+00
    6.31408548e+00 6.33896112e+00 6.71732712e+00 6.74358511e+00
    6.37751818e+00 5.99022865e+00 6.32709885e+00 6.48642015e+00
    6.35574436e+00 6.42758465e+00 6.28776217e+00 6.94706154e+00
    6.36240768e+00 6.49274254e+00 7.54086542e+00 7.35122681e+00
    6.56417418e+00 7.29091883e+00 6.78385210e+00 6.22862530e+00
    5.67330122e+00 5.38926172e+00 5.94948912e+00 5.65123129e+00
    5.27423954e+00 5.67357540e+00 6.87175322e+00 5.35121059e+00
    5.98008442e+00 5.62450743e+00 6.54064465e+00 5.25404167e+00
    6.05271387e+00 5.64868689e+00 5.28752661e+00 6.36695051e+00
    5.83661985e+00 5.66020155e+00 5.78401327e+00 6.00440741e+00
    5.15553188e+00 5.59982777e+00 5.97885036e+00 6.53983164e+00
    6.44186878e+00 7.47866154e+00 7.42122793e+00 7.38408232e+00
    7.29134464e+00 7.53851080e+00 7.49605227e+00 7.42154455e+00
    7.99261856e+00 7.88671350e+00 7.85667801e+00 7.90659094e+00
    7.61082125e+00 7.91828680e+00 7.40753698e+00 6.90236092e+00
    7.42881298e+00 8.12858105e+00 7.73360157e+00 6.56182384e+00
    6.30820847e+00 4.48956490e+00 3.95661545e+00 4.37637711e+00
    4.02149296e+00 5.13175392e+00 6.93956470e+00 6.55838108e+00
    6.68242741e+00 5.16230679e+00 5.67291307e+00 5.71728325e+00
    6.03353930e+00 6.12893581e+00 5.82493687e+00 5.89674902e+00
    6.04575968e+00 5.73949289e+00 6.47237921e+00 7.31502199e+00
    6.81380510e+00 7.24283409e+00 7.75148773e+00 7.22435379e+00
    7.08821106e+00 7.37597942e+00 7.83986568e+00 7.72450781e+00
    6.16898346e+00 5.60163403e+00 5.26884604e+00 6.11260414e+00
    6.53439903e+00 6.93429470e+00 6.85639524e+00 7.60704756e+00
    5.99636030e+00 6.33221292e+00 6.66482019e+00 6.28668404e+00
    6.23391151e+00 6.18488121e+00 5.52794123e+00 6.84475374e+00
    7.44040728e+00 7.67772436e+00 7.33275366e+00 6.93197536e+00
    6.02702475e+00 5.38740730e+00 5.60778522e+00 5.80096483e+00
    6.53067875e+00 7.42358255e+00 8.77310848e+00 8.49940109e+00
    7.28062868e+00 6.66853142e+00 6.34824610e+00 5.83036518e+00
    5.31286478e+00 5.77329254e+00 6.57723618e+00 6.37475157e+00
    6.74917841e+00 6.89655924e+00 6.82097578e+00 6.44732332e+00
    7.14221430e+00 7.12552786e+00 6.82022190e+00 6.12623215e+00
    6.01591587e+00 6.18974066e+00 5.78965282e+00 5.84622383e+00
    6.33222342e+00 6.59016085e+00 7.20999098e+00 6.39443970e+00
    6.50399351e+00 6.46855116e+00 6.31728268e+00 6.52048922e+00
    7.59883070e+00 6.94131947e+00 7.18480110e+00 6.78018141e+00
    6.31994343e+00 6.69252348e+00 6.36511660e+00 6.18629026e+00
    6.30515337e+00 6.39875889e+00 5.74084377e+00 5.37308168e+00
    5.86294270e+00 6.44790506e+00 5.96968460e+00 7.11989403e+00
    7.68417120e+00 7.79673243e+00 7.65698910e+00 8.70005703e+00
    8.88611889e+00 7.49392271e+00 6.59770489e+00 6.58403111e+00
    6.17502546e+00 6.13116980e+00 6.90215588e+00 6.71614075e+00
    6.72554731e+00 6.24795580e+00 6.49759102e+00 6.43880701e+00
    5.72740746e+00 6.14067793e+00 6.83820772e+00 5.93066072e+00
    5.79430676e+00 6.44278431e+00 6.37980556e+00 5.86886311e+00
    5.67318630e+00 5.98250389e+00 6.18456125e+00 6.22198534e+00
    7.05256224e+00 5.87109232e+00 6.20177364e+00 5.92536020e+00
    6.10077190e+00 5.38558960e+00 5.77003193e+00 5.43022728e+00
    7.15863991e+00 6.36764002e+00 5.52575731e+00 5.98105001e+00
    5.05987215e+00 4.46835709e+00 5.51357985e+00 6.95280361e+00
    5.82260418e+00 5.62892103e+00 5.50768948e+00 5.09445906e+00
    5.63069773e+00 5.33477736e+00 5.84363127e+00 6.47940111e+00
    5.75779343e+00 4.98424959e+00 4.46742105e+00 5.46970797e+00
    5.46237135e+00 5.35906219e+00 6.75922823e+00 7.38233280e+00
    6.56763220e+00 6.93292475e+00 5.74824333e+00 5.78193855e+00
    5.65079880e+00 6.08072710e+00 5.47041178e+00 5.69720459e+00
    6.83816051e+00 7.64926910e+00 7.36769247e+00 7.22377729e+00
    7.51297617e+00 7.36197948e+00 6.92911577e+00 6.84729528e+00
    5.80713177e+00 5.83961773e+00 6.04747868e+00 6.35310650e+00
    5.35474825e+00 5.60127640e+00 5.88835621e+00 5.34565306e+00
    5.93511343e+00 5.47527313e+00 5.80415249e+00 5.61277008e+00
    6.90486002e+00 7.69485521e+00 7.59594011e+00 7.35779238e+00
    6.58936548e+00 6.08123684e+00 5.76137495e+00 6.28158617e+00
    6.16167736e+00 5.89254713e+00 6.41500807e+00 6.37177181e+00
    6.37992430e+00 6.30295229e+00 6.36688185e+00 6.78058863e+00
    7.28693008e+00 6.66527176e+00 6.06052113e+00 5.96713066e+00
    5.89134836e+00 5.49046087e+00 6.45805740e+00 5.94600821e+00
    6.41272020e+00 6.46427107e+00 6.80607891e+00 6.92759466e+00
    7.48053598e+00 6.63651514e+00 6.20282698e+00 6.16627836e+00
    6.56448221e+00 6.46707535e+00 6.02633238e+00 5.10938692e+00
    6.66498756e+00 5.05385876e+00 5.80770969e+00 5.94720125e+00
    6.10722494e+00 5.14695740e+00 6.08347273e+00 6.28092670e+00
    6.80631733e+00 6.98239946e+00 7.01586342e+00 7.13904381e+00
    6.77020979e+00 7.40522432e+00 7.28723288e+00 7.59341192e+00
    7.93793154e+00 7.38310289e+00 6.75259304e+00 6.22247219e+00
    7.00032759e+00 6.92606401e+00 6.15902281e+00 6.76854372e+00
    7.06065273e+00 6.77806044e+00 6.11118364e+00 7.00378847e+00
    6.04850960e+00 5.31149912e+00 4.21930361e+00 4.55472565e+00
    5.94529438e+00 6.62222433e+00 6.60250235e+00 6.21188736e+00
    6.29462194e+00 6.44098091e+00 5.89602709e+00 6.75493479e+00
    7.42813301e+00 6.88831520e+00 7.23951244e+00 5.67982197e+00
    5.74009275e+00 5.62066221e+00 5.46794748e+00 6.58232880e+00
    7.28032017e+00 5.73133516e+00 6.79237556e+00 6.63973236e+00
    6.15863657e+00 6.14032507e+00 7.35696411e+00 6.92522717e+00
    7.11038828e+00 6.28594398e+00 6.79296017e+00 6.01646280e+00
    6.79079151e+00 7.31441069e+00 7.21945095e+00 6.39404774e+00
    5.97912025e+00 5.34830952e+00 5.83565140e+00 5.06170654e+00
    6.36879349e+00 5.91473436e+00 5.54903507e+00 6.59371614e+00
    6.73581696e+00 6.60479736e+00 7.20903301e+00 5.82043648e+00
    4.43480062e+00 3.96084595e+00 5.27406454e+00 6.09900570e+00
    7.15967178e+00 6.94590330e+00 8.00160885e+00 7.45007372e+00
    7.46481943e+00 6.47493649e+00 5.74168110e+00 5.41693211e+00
    5.35578585e+00 5.22147226e+00 5.77262640e+00 7.02681494e+00
    6.23955870e+00 6.44869757e+00 7.03303576e+00 7.33728838e+00
    7.34155703e+00 7.33513784e+00 7.76451635e+00 6.63364124e+00
    6.96402168e+00 7.01713705e+00 8.15867519e+00 6.71372032e+00
    7.39550209e+00 7.33185291e+00 5.47403145e+00 5.51705933e+00
    5.89675426e+00 5.96598721e+00 5.26960468e+00 5.28636265e+00
    6.71118212e+00 6.30213594e+00 6.78370714e+00 5.98666239e+00
    5.99698114e+00 5.67139196e+00 6.53776836e+00 5.70837307e+00
    6.38934278e+00 6.53559637e+00 5.63306522e+00 5.08983564e+00
    6.30141544e+00 6.41080093e+00 5.91830015e+00 6.48609972e+00
    7.34958076e+00 7.00751448e+00 7.05962276e+00 7.90165854e+00
    7.52642012e+00 6.81480265e+00 5.99958467e+00 5.61411095e+00
    5.99982834e+00 6.15276957e+00 5.58571053e+00 5.76555920e+00
    5.25151825e+00 5.11242342e+00 6.09611988e+00 7.29242373e+00
    6.94371986e+00 6.72649717e+00 6.54563427e+00 6.51804686e+00
    6.57424974e+00 5.63797140e+00 5.29311848e+00 4.58395243e+00
    4.65153599e+00 4.49919033e+00 5.01019573e+00 5.84503937e+00
    5.76684809e+00 5.52637386e+00 5.66858292e+00 6.18842697e+00
    5.53208685e+00 6.05092621e+00 6.43888140e+00 6.47123528e+00
    6.94095469e+00 6.26747608e+00 4.93851852e+00 4.66559124e+00
    5.04089785e+00 5.44730711e+00 5.36240530e+00 6.65726280e+00
    7.23603439e+00 6.45274448e+00 5.83913708e+00 5.55498648e+00
    5.60222960e+00 6.24061966e+00 5.49777508e+00 6.75454187e+00
    6.21835852e+00 5.23300457e+00 6.36564970e+00 6.49087715e+00
    6.22322607e+00 7.13022566e+00 6.62583399e+00 6.44040489e+00
    7.20848036e+00 6.60023594e+00 6.07322931e+00 6.37788486e+00
    6.30590773e+00 5.54949188e+00 6.16985798e+00 6.42095995e+00
    6.65728140e+00 7.09609365e+00 7.24024630e+00 7.76956177e+00
    7.02172947e+00 5.88742542e+00 6.31870079e+00 6.71796370e+00
    6.39304972e+00 6.49449062e+00 6.97865915e+00 6.41294050e+00
    6.11179733e+00 6.03739023e+00 6.97330570e+00 6.44907808e+00
    6.27034473e+00 6.31755161e+00 5.26972008e+00 6.35553503e+00
    5.84431505e+00 5.93750954e+00 6.28930187e+00 7.29479742e+00
    7.09790659e+00 6.51840687e+00 7.29067516e+00 6.99053812e+00
    6.66706944e+00 7.02689695e+00 7.37417173e+00 6.67696953e+00
    6.13075209e+00 7.37550449e+00 6.63627195e+00 7.23043346e+00
    6.22372866e+00 6.58708239e+00 5.58850861e+00 5.88200331e+00
    5.38273096e+00 5.92632675e+00 6.07340574e+00 6.52921677e+00
    7.10816050e+00 6.90841341e+00 6.29828262e+00 7.18696451e+00
    6.44676924e+00 6.07850504e+00 6.16347122e+00 4.96342039e+00
    5.42005777e+00 5.81568623e+00 5.37991810e+00 5.24527645e+00
    6.12438250e+00 5.18363428e+00 4.04993725e+00 5.93327904e+00
    6.11896563e+00 6.19913244e+00 7.09810448e+00 6.40980864e+00
    6.39024782e+00 5.44022703e+00 5.41972542e+00 5.95704174e+00
    5.85977888e+00 6.79514933e+00 7.31775093e+00 7.42324114e+00
    7.41004419e+00 7.21673346e+00 6.15056276e+00 6.07150555e+00
    7.29668427e+00 6.83881950e+00 7.18420219e+00 6.27993727e+00
    6.63386011e+00 5.81166553e+00 6.29169941e+00 5.52827215e+00
    6.33618259e+00 6.24853849e+00 5.02211857e+00 5.36338043e+00
    6.25524807e+00 6.66852570e+00 6.68274832e+00 6.77475357e+00
    7.31008959e+00 6.43222618e+00 6.95260954e+00 7.31418133e+00
    7.35328627e+00 6.67055845e+00 6.87030220e+00 6.27211285e+00
    5.98127651e+00 6.30473137e+00 6.85397434e+00 7.29949331e+00
    6.93302393e+00 6.31117201e+00 5.66330242e+00 6.53166866e+00
    5.91466618e+00 6.41958094e+00 7.91268873e+00 7.44616365e+00
    7.37542820e+00 6.87190390e+00 5.78130198e+00 6.68209600e+00
    6.51663876e+00 5.89564466e+00 5.88672400e+00 6.38641500e+00
    4.98132277e+00 4.89852524e+00 5.78909159e+00 5.87324667e+00
    5.17188644e+00 5.92403269e+00 5.64001465e+00 6.14798117e+00
    6.81483650e+00 7.57587671e+00 6.44409657e+00 5.81191015e+00
    5.19071102e+00 4.71398878e+00 4.68106985e+00 6.64739466e+00
    6.25351048e+00 6.74700642e+00 7.16760111e+00 7.13590193e+00
    5.80971241e+00 6.64710712e+00 6.00614643e+00 6.31226206e+00
    4.94724941e+00 6.08133411e+00 5.96141052e+00 6.68116522e+00
    7.27903843e+00 6.94390249e+00 7.29953051e+00 7.32786417e+00
    7.24485159e+00 7.17961693e+00 7.97333145e+00 7.72237444e+00
    6.64048100e+00 6.57327414e+00 7.44549131e+00 6.46640873e+00
    5.85052156e+00 6.54915142e+00 6.42479610e+00 5.54278088e+00
    5.82296085e+00 5.69635534e+00 6.10824060e+00 6.36853695e+00
    6.45619583e+00 5.98025608e+00 6.60742950e+00 6.21071100e+00
    6.15330124e+00 6.25835991e+00 6.78541803e+00 6.83267832e+00
    7.21657705e+00 6.33935881e+00 5.78887892e+00 5.26341486e+00
    4.80242395e+00 5.19086266e+00 5.68691492e+00 5.98970270e+00
    5.80907965e+00 6.90406179e+00 6.13459969e+00 5.94613934e+00
    6.44422531e+00 7.17455864e+00 6.34897852e+00 6.19823933e+00
    5.60746193e+00 5.67235041e+00 5.26391363e+00 5.13508987e+00
    6.91052628e+00 5.54009724e+00 5.84998655e+00 6.73077822e+00
    7.52630711e+00 6.67438650e+00 8.15331650e+00 7.44919205e+00
    6.38091898e+00 5.87433624e+00 5.02319479e+00 4.87816334e+00
    4.62730408e+00 4.02848148e+00 5.13971281e+00 6.20231867e+00
    6.63663626e+00 5.70916891e+00 6.04231167e+00 5.23246622e+00
    5.69210815e+00 6.24141836e+00 6.63365889e+00 6.73782015e+00
    6.40875959e+00 7.36717653e+00 6.15209150e+00 5.46536541e+00
    5.99291325e+00 5.28839684e+00 5.25791311e+00 6.27804899e+00
    6.60062408e+00 6.11717892e+00 5.78674412e+00 6.77959871e+00
    7.20400810e+00 7.55370617e+00 7.14893818e+00 6.99326754e+00
    6.92545891e+00 6.80971432e+00 6.27971697e+00 6.92847681e+00
    6.57835054e+00 6.79561043e+00 6.54346800e+00 6.68835306e+00
    7.26896048e+00 6.83181810e+00 5.74932909e+00 5.74672174e+00
    6.10914993e+00 7.00319242e+00 6.53530931e+00 6.62166405e+00
    7.62046766e+00 7.30197048e+00 6.41853905e+00 7.49754333e+00
    6.66883039e+00 6.27319479e+00 6.53984499e+00 6.43396139e+00
    6.16638470e+00 5.40856218e+00 7.05021191e+00 6.18753624e+00
    6.68370771e+00 6.60545778e+00 6.03790808e+00 5.81215239e+00
    5.82339668e+00 5.17208767e+00 6.34431791e+00 6.88603878e+00
    6.28442287e+00 6.12328339e+00 6.27873611e+00 6.40041828e+00
    6.35843134e+00 7.27317667e+00 6.84411144e+00 7.90720654e+00
    6.96576452e+00 7.21450281e+00 7.29187298e+00 6.92880154e+00
    6.38785601e+00 6.70574522e+00 6.84118748e+00 6.88624763e+00
    7.48330021e+00 6.94674683e+00 6.89878130e+00 6.68508196e+00
    6.04358864e+00 5.71602154e+00 5.79914093e+00 6.17528582e+00
    6.55343294e+00 7.81783915e+00 7.53446007e+00 7.60007048e+00
    6.48834848e+00 6.72183561e+00 6.45710325e+00 5.43946314e+00
    5.14063168e+00 5.90144539e+00 5.59974241e+00 5.14468193e+00
    5.92739296e+00 5.81291819e+00 5.41543770e+00 5.84496355e+00
    7.74572039e+00 6.87273502e+00 6.97971153e+00 7.29939079e+00
    7.08812284e+00 7.71635008e+00 7.72796106e+00 7.83027077e+00
    5.99194241e+00 6.30617714e+00 5.78079891e+00 6.93448305e+00
    8.17605209e+00 7.24861431e+00 7.18142271e+00 6.86757374e+00
    7.58202696e+00 7.42071867e+00 7.17041445e+00 6.63545322e+00
    7.47106171e+00 6.46290636e+00 5.71230268e+00 5.69211149e+00
    5.91630840e+00 6.03708410e+00 6.63282013e+00 5.91490507e+00
    6.64256191e+00 7.31803751e+00 6.51437330e+00 6.88490677e+00
    7.16149282e+00 6.45410585e+00 6.44112349e+00 7.00151300e+00
    6.23350859e+00 6.15058279e+00 5.46923304e+00 5.85096312e+00
    5.54943419e+00 7.02067041e+00 6.73408127e+00 6.84270620e+00
    6.75539398e+00 6.52967310e+00 6.18620872e+00 6.70986176e+00
    7.42460966e+00 6.88500547e+00 7.45309591e+00 7.39951086e+00
    6.16335440e+00 6.33089352e+00 5.47513676e+00 5.62854910e+00
    5.76961660e+00 5.49594736e+00 5.73597431e+00 6.67108583e+00
    5.56450367e+00 5.61777401e+00 6.64928675e+00 5.59611988e+00
    4.71776438e+00 6.25951815e+00 6.60866833e+00 6.94760275e+00
    7.17891645e+00 6.55266762e+00 6.35870075e+00 6.21225023e+00
    4.33756304e+00 3.74276876e+00 5.21085787e+00 5.97542620e+00
    6.98745823e+00 7.18748236e+00 7.62617350e+00 6.98283863e+00
    5.83127022e+00 5.45608664e+00 5.33458757e+00 4.98996592e+00
    5.67320728e+00 5.71250057e+00 6.36121798e+00 7.47111416e+00
    7.33307886e+00 6.88335371e+00 6.47278547e+00 6.83968687e+00
    7.44486570e+00 7.24259996e+00 8.27901173e+00 7.76128340e+00
    7.52327871e+00 6.14161396e+00 7.60292864e+00 6.85214186e+00
    5.86957645e+00 5.60854816e+00 6.55736208e+00 5.14859390e+00
    6.18318462e+00 6.66326714e+00 6.05612469e+00 6.83560991e+00
    7.56469488e+00 6.92380428e+00 7.34278345e+00 6.49873257e+00
    6.46953821e+00 6.12490654e+00 6.68080807e+00 6.06599760e+00
    6.46761799e+00 5.36079407e+00 4.87619257e+00 3.80905747e+00
    3.82508516e+00 5.23515940e+00 5.91288376e+00 6.25509787e+00
    6.73570395e+00 6.93374348e+00 7.02476978e+00 6.58843613e+00
    7.16414118e+00 6.85247993e+00 6.61097956e+00 7.28660440e+00
    6.16263199e+00 5.69270325e+00 5.44589710e+00 5.16924047e+00
    4.69093609e+00 5.47862244e+00 5.30920172e+00 7.59352064e+00
    7.40351200e+00 7.57349062e+00 7.87338972e+00 8.37562561e+00
    7.10690069e+00 6.75820065e+00 5.60993147e+00 4.93776131e+00
    4.80356026e+00 6.40348673e+00 6.01806736e+00 6.64868546e+00
    6.68674994e+00 5.72689533e+00 5.69465828e+00 7.14456940e+00
    5.05976725e+00 5.34694672e+00 6.09304953e+00 6.11336422e+00
    6.25372791e+00 6.93910313e+00 6.77186775e+00 6.95427799e+00
    5.75625944e+00 5.98284721e+00 6.85172367e+00 5.36385775e+00
    6.14368343e+00 6.30383396e+00 6.10076952e+00 5.95226765e+00
    6.77849674e+00 6.41582680e+00 7.20922422e+00 7.98260212e+00
    8.16958046e+00 7.37487173e+00 7.09757900e+00 6.61075258e+00
    6.81800222e+00 7.20522451e+00 7.38334560e+00 6.56924105e+00
    5.77611494e+00 5.90753794e+00 5.33588982e+00 5.92382431e+00
    5.77502584e+00 7.03837299e+00 7.01829863e+00 6.84271765e+00
    7.01528502e+00 6.87943363e+00 7.32536221e+00 7.47002077e+00
    7.13534546e+00 5.38387299e+00 6.05263472e+00 6.41000557e+00
    6.03454828e+00 5.83951330e+00 7.07552862e+00 6.71415091e+00
    5.28971052e+00 5.87993097e+00 6.11174679e+00 5.62287664e+00
    6.00078011e+00 6.86505270e+00 6.59014368e+00 7.32124329e+00
    6.37279749e+00 7.48940372e+00 6.70084572e+00 6.74448872e+00
    6.86058283e+00 7.50370598e+00 6.58763838e+00 7.92065763e+00
    7.77273417e+00 6.40501451e+00 6.69911098e+00 6.63631010e+00
    6.44546366e+00 6.67460918e+00 6.68939209e+00 6.35762072e+00
    5.60880566e+00 6.66817331e+00 7.35121202e+00 8.06038475e+00
    6.64526415e+00 6.82838106e+00 6.87678766e+00 6.86582184e+00
    7.09853268e+00 7.18493128e+00 7.66606903e+00 7.33107090e+00
    6.13957453e+00 5.26407862e+00 6.36509085e+00 4.25912952e+00
    4.41120100e+00 5.45347786e+00 5.55562878e+00 4.63625288e+00
    6.40037680e+00 5.70096254e+00 6.50246477e+00 6.35431242e+00
    6.77969027e+00 6.55363369e+00 6.30613422e+00 7.01246929e+00
    6.15555286e+00 5.61314726e+00 6.85790682e+00 7.36987734e+00
    6.61488914e+00 7.27479982e+00 6.59810925e+00 6.60590124e+00
    7.05284548e+00 7.18715096e+00 6.85234308e+00 7.30801296e+00
    8.41539192e+00 7.63853788e+00 7.65545654e+00 6.50567532e+00
    5.77320766e+00 5.27298260e+00 5.78184843e+00 5.83738565e+00
    5.91122866e+00 6.53358412e+00 6.65029860e+00 5.72828770e+00
    6.05595493e+00 7.37702179e+00 6.62410927e+00 6.44639254e+00
    7.56738997e+00 6.87263250e+00 7.04566669e+00 7.18534899e+00
    6.41344738e+00 6.50963402e+00 6.50475836e+00 5.21832180e+00
    5.12422180e+00 5.19641638e+00 5.70317602e+00 7.05490255e+00
    6.90896606e+00 5.66573334e+00 6.78373718e+00 6.78403854e+00
    7.24381399e+00 7.59550095e+00 7.40287590e+00 7.42622328e+00
    6.84449577e+00 5.89602232e+00 6.56862593e+00 6.31102610e+00
    7.07736111e+00 6.45153093e+00 6.27943373e+00 5.53628922e+00
    5.33789062e+00 4.42033434e+00 5.44131422e+00 5.58487844e+00
    5.88351297e+00 5.66442394e+00 6.20912743e+00 6.07501650e+00
    6.37938023e+00 6.58410835e+00 6.30665541e+00 5.82792282e+00
    5.31968164e+00 5.23480129e+00 5.45681477e+00 6.02974987e+00
    5.83006001e+00 7.30660868e+00 6.59252596e+00 7.53570414e+00
    6.91890049e+00 6.88083410e+00 5.78410196e+00 6.20891905e+00
    6.22679663e+00 6.41864443e+00 7.38810253e+00 6.87459755e+00
    6.37933397e+00 6.19950390e+00 6.20731354e+00 6.00033617e+00
    6.90224504e+00 7.88812351e+00 7.59531546e+00 8.26370144e+00
    8.13706398e+00 8.04047394e+00 7.28872299e+00 7.47782850e+00
    6.53000164e+00 6.00258732e+00 5.19717407e+00 5.86699343e+00
    5.37081385e+00 6.08058929e+00 6.17489052e+00 6.92480612e+00
    7.00922203e+00 6.90182829e+00 7.13899279e+00 6.69387436e+00
    6.35470581e+00 6.06175613e+00 6.87382221e+00 6.48128223e+00
    5.81718016e+00 5.74234676e+00 5.14547682e+00 5.46079540e+00
    5.23943758e+00 4.69508457e+00 5.96803808e+00 6.56927586e+00
    6.71836901e+00 6.24461126e+00 7.82222176e+00 7.16666365e+00
    7.63419676e+00 8.16173077e+00 7.18953896e+00 5.91065121e+00
    6.09593487e+00 5.54501247e+00 4.13707590e+00 5.45253563e+00
    6.47386837e+00 6.10179710e+00 6.40270472e+00 7.37065792e+00
    8.90646744e+00 7.85967207e+00 8.74412251e+00 8.59946346e+00
    7.13467121e+00 5.91490793e+00 6.42115593e+00 5.56281567e+00
    6.13406610e+00 5.81586790e+00 5.95925856e+00 5.66427565e+00
    6.48721933e+00 5.88742352e+00 5.84646606e+00 6.45237970e+00
    6.80010319e+00 6.21407127e+00 6.21630096e+00 6.84089851e+00
    7.02508545e+00 7.12356091e+00 7.01713228e+00 7.33127451e+00
    6.21144390e+00 5.70272923e+00 5.63600588e+00 6.30157185e+00
    5.77792740e+00 6.27786207e+00 6.23094749e+00 5.71853018e+00
    7.54150867e+00 7.40155411e+00 7.14536238e+00 6.85055780e+00
    7.39525318e+00 6.70278168e+00 7.36091805e+00 7.11027050e+00
    7.19594717e+00 7.27780914e+00 7.42893457e+00 7.45833635e+00
    6.78992176e+00 5.68201399e+00 5.75412226e+00 5.42210245e+00
    6.39150190e+00 6.84980249e+00 7.70974302e+00 7.19148731e+00
    7.87244177e+00 7.21682358e+00 5.99209929e+00 6.70257187e+00
    6.78439951e+00 6.46187353e+00 6.23701429e+00 6.34033728e+00
    6.40426826e+00 5.73865366e+00 5.78036451e+00 6.31063223e+00
    6.21554661e+00 5.99963379e+00 6.87724209e+00 6.01622200e+00
    6.49552727e+00 5.95880127e+00 5.95337152e+00 6.64079094e+00
    7.42542410e+00 7.88777733e+00 7.54738855e+00 7.17820406e+00
    7.09624767e+00 6.87727356e+00 8.07604408e+00 7.67712927e+00
    7.26085901e+00 7.46615362e+00 8.05041695e+00 8.00287819e+00
    6.75403833e+00 7.02368975e+00 6.04738474e+00 4.89952421e+00
    5.66411304e+00 6.76364470e+00 6.35479355e+00 7.29298019e+00
    6.95113468e+00 6.24408436e+00 6.66013193e+00 5.94929504e+00
    6.72600174e+00 7.00044632e+00 7.05163383e+00 6.93878365e+00
    6.51233244e+00 6.00536013e+00 5.40481853e+00 6.00198841e+00
    5.27198505e+00 6.28428125e+00 5.53460693e+00 5.49457836e+00
    5.68118620e+00 5.95776844e+00 5.22434235e+00 5.27890396e+00
    6.22707653e+00 7.06862545e+00 6.54916620e+00 6.33138847e+00
    7.29593086e+00 6.92088890e+00 7.34825945e+00 6.88516712e+00
    6.48106766e+00 6.64600515e+00 6.67979574e+00 7.12872171e+00
    7.26928902e+00 7.37579060e+00 6.87650537e+00 7.24649811e+00
    7.81717873e+00 7.95300722e+00 7.41517067e+00 6.07034397e+00
    5.83032370e+00 4.83630085e+00 5.83474112e+00 5.99693203e+00
    6.57422543e+00 7.22823381e+00 7.21129036e+00 6.69857645e+00
    6.73413849e+00 6.81770182e+00 6.68870783e+00 6.72010088e+00
    7.14105225e+00 6.86108112e+00 7.12388229e+00 7.71702719e+00
    6.71435356e+00 6.05881119e+00 5.16162062e+00 4.82803202e+00
    4.64123011e+00 5.48895693e+00 5.94260216e+00 5.92198086e+00
    6.50710821e+00 6.50487185e+00 6.67572308e+00 6.78153801e+00
    6.82387018e+00 7.21957779e+00 7.00376415e+00 7.15158463e+00
    7.08956432e+00 6.80109882e+00 5.17316580e+00 6.47099543e+00
    5.76190758e+00 5.15308332e+00 5.29492235e+00 5.67242861e+00
    4.73148775e+00 4.42215824e+00 4.85643005e+00 5.77569008e+00
    4.64453602e+00 4.71709585e+00 4.84848261e+00 6.22923613e+00
    6.10768080e+00 6.48988724e+00 6.73571062e+00 7.16154671e+00
    6.53205252e+00 6.13449097e+00 5.85119152e+00 6.53192329e+00
    6.10252571e+00 6.24051857e+00 6.74009514e+00 6.22976112e+00
    6.39673138e+00 6.57585001e+00 6.23405027e+00 6.20598555e+00
    6.33743477e+00 6.32819080e+00 5.95885611e+00 6.93736553e+00
    6.36952829e+00 6.44763756e+00 6.28764772e+00 6.98656082e+00
    7.31286812e+00 8.03120995e+00 7.75395584e+00 7.51277018e+00
    8.02657223e+00 8.02066708e+00 8.14646149e+00 6.93799257e+00
    6.73409748e+00 5.79545927e+00 5.02679491e+00 5.75833893e+00
    6.47163916e+00 5.72064066e+00 5.57330751e+00 5.66239262e+00
    7.14696980e+00 7.31129503e+00 6.36532593e+00 7.00023460e+00
    6.64129353e+00 6.96021891e+00 6.57872820e+00 6.76022243e+00
    7.38034201e+00 6.05885744e+00 6.12821960e+00 5.59190321e+00
    5.68748474e+00 4.68525648e+00 5.58987999e+00 6.06219149e+00
    6.50412369e+00 6.31779051e+00 6.62427807e+00 7.06736755e+00
    6.40271235e+00 6.02276373e+00 5.98628378e+00 6.85078192e+00
    6.75388670e+00 6.92729712e+00 6.93492746e+00 6.59566450e+00
    6.46867514e+00 6.33136463e+00 7.03595877e+00 7.83112192e+00
    8.58114338e+00 8.66018200e+00 8.04631901e+00 8.42716122e+00
    7.57361221e+00 6.00290346e+00 4.67926264e+00 4.78336334e+00
    4.87142944e+00 6.23788738e+00 6.30979919e+00 7.21459389e+00
    6.67829466e+00 6.33245134e+00 6.46424103e+00 6.33794212e+00
    7.06756353e+00 6.95243692e+00 7.21865463e+00 6.57375669e+00
    6.53429747e+00 6.87564039e+00 6.40245056e+00 5.63767672e+00
    5.96853209e+00 5.77040195e+00 6.01527023e+00 5.79327488e+00
    5.99541187e+00 5.56002283e+00 6.41616678e+00 6.39265585e+00
    6.97707081e+00 6.90719414e+00 7.25874472e+00 6.88297653e+00
    7.49842024e+00 7.63466454e+00 7.59535837e+00 7.94786549e+00
    8.38755322e+00 7.95738459e+00 7.45568895e+00 6.67039967e+00
    5.54368782e+00 5.55876493e+00 5.23810339e+00 5.77226877e+00
    5.84205914e+00 6.27330494e+00 6.81362820e+00 6.26327753e+00
    5.95650005e+00 7.08663607e+00 6.79955292e+00 6.27997923e+00
    6.76826715e+00 5.25299931e+00 6.01236582e+00 6.28318596e+00
    5.10298777e+00 4.46962452e+00 6.66155815e+00 5.88065434e+00
    6.33867073e+00 5.74481583e+00 6.49856758e+00 5.32632208e+00
    6.08782434e+00 6.68704700e+00 6.36777735e+00 6.92688513e+00
    6.90436411e+00 6.81265783e+00 7.14720345e+00 7.37969685e+00
    6.75923586e+00 8.20037556e+00 6.60021257e+00 7.94055939e+00
    7.68679285e+00 8.48313999e+00 7.88032675e+00 8.39048862e+00
    7.28111839e+00 6.92953777e+00 6.70254230e+00 6.11683846e+00
    6.46126413e+00 6.32515240e+00 6.63042307e+00 7.28320789e+00
    7.15652370e+00 5.90944052e+00 6.84530449e+00 7.05060053e+00
    7.07914257e+00 8.09221935e+00 7.29449463e+00 7.07182360e+00
    5.82080412e+00 5.14292717e+00 5.58818150e+00 4.88740778e+00
    4.54730654e+00 4.76451397e+00 5.32991743e+00 5.67090845e+00
    5.82849932e+00 5.76790047e+00 6.29894495e+00 7.32220459e+00
    7.14721155e+00 6.08762026e+00 7.15861034e+00 6.10423183e+00
    6.52348423e+00 6.86277628e+00 7.06417704e+00 7.45290041e+00
    6.56089735e+00 6.61411858e+00 6.92310381e+00 7.66957235e+00
    7.14897013e+00 7.29402304e+00 8.05317688e+00 7.71377325e+00
    8.38311768e+00 8.28917313e+00 7.36277437e+00 7.91396999e+00
    6.86514425e+00 5.42154360e+00 5.58893442e+00 6.74527979e+00
    6.48748398e+00 7.76787233e+00 7.31060076e+00 6.88526392e+00
    6.15729904e+00 5.86412811e+00 5.09143925e+00 6.06182623e+00
    5.57946157e+00 6.26109982e+00 6.74515104e+00 7.01399326e+00
    5.45125389e+00 5.62513781e+00 4.98389912e+00 5.19574690e+00
    5.30561781e+00 5.20705366e+00 6.43738794e+00 6.75247097e+00
    7.18866968e+00 6.85730267e+00 6.17017841e+00 7.13443232e+00
    7.33141613e+00 7.72887468e+00 8.12245464e+00 7.25766277e+00
    7.11287880e+00 7.49086809e+00 5.81471777e+00 5.99274826e+00
    6.39407778e+00 6.02980566e+00 5.48747873e+00 5.30284166e+00
    5.88273239e+00 5.64428377e+00 5.93763494e+00 5.39647818e+00
    5.47209930e+00 4.93299770e+00 5.02935553e+00 4.48828411e+00
    5.24457216e+00 5.61627531e+00 6.61453962e+00 6.30338192e+00
    6.43545771e+00 7.10836363e+00 6.31996775e+00 5.68898821e+00
    6.93221664e+00 6.19886208e+00 6.28133917e+00 5.69642830e+00
    6.19306612e+00 6.96832609e+00 5.90812922e+00 6.01946878e+00
    5.51169634e+00 6.20374727e+00 5.35315704e+00 6.12648630e+00
    5.88880682e+00 5.50581789e+00 5.74416542e+00 6.43060398e+00
    6.23750257e+00 6.11784029e+00 7.23105431e+00 7.16737604e+00
    7.45809889e+00 7.29406071e+00 7.20183659e+00 7.28994083e+00
    5.49308205e+00 5.75727654e+00 5.29867887e+00 5.59776688e+00
    6.29781485e+00 6.55707073e+00 6.39365864e+00 7.05863571e+00
    6.34206200e+00 6.11836052e+00 6.74653339e+00 7.49602175e+00
    7.12437773e+00 6.30563021e+00 6.82782555e+00 6.83966732e+00
    7.36684275e+00 6.78191710e+00 6.24353456e+00 6.47705078e+00
    5.33693838e+00 5.18755913e+00 5.00818539e+00 5.98477697e+00
    5.76442671e+00 6.93437815e+00 6.91706514e+00 5.72981501e+00
    6.73136759e+00 7.12264061e+00 6.95866871e+00 6.72779655e+00
    6.56302929e+00 6.99062347e+00 6.43738842e+00 6.31113672e+00
    6.57090282e+00 6.77819014e+00 6.11381149e+00 6.43762159e+00
    7.21248007e+00 8.19957924e+00 8.00081253e+00 7.88466215e+00
    7.12494564e+00 6.34736538e+00 5.74421740e+00 5.48520422e+00
    4.74618721e+00 5.32996178e+00 6.60649967e+00 6.68691683e+00
    7.23190451e+00 7.33787632e+00 6.92241907e+00 7.13458586e+00
    6.31966114e+00 6.04852343e+00 6.19342613e+00 6.55249500e+00
    6.77481222e+00 6.89738274e+00 7.59665060e+00 6.87342834e+00
    6.08951235e+00 5.73632240e+00 4.98904085e+00 5.98605824e+00
    4.90721416e+00 5.29736280e+00 5.37844753e+00 5.80238962e+00
    6.32211065e+00 7.51968479e+00 7.13159084e+00 7.40352917e+00
    7.79831171e+00 6.97123623e+00 7.49309778e+00 7.01783419e+00
    7.06930113e+00 6.85039806e+00 7.62981510e+00 7.12326288e+00
    6.46882582e+00 5.70080423e+00 5.87785578e+00 5.70148945e+00
    5.57730579e+00 6.44855070e+00 7.04215050e+00 6.98728180e+00
    7.90948677e+00 8.27791119e+00 6.91021633e+00 6.51960278e+00
    6.88446569e+00 6.31521893e+00 5.61779928e+00 5.47179890e+00
    5.57664680e+00 5.81017113e+00 6.11137152e+00 7.08241987e+00
    6.42223978e+00 6.47486591e+00 6.53920031e+00 5.40280390e+00
    5.66010380e+00 5.76384401e+00 6.69095230e+00 6.14807129e+00
    6.81246424e+00 7.74853611e+00 7.06464767e+00 6.46508265e+00
    7.27784538e+00 7.66362762e+00 7.32854033e+00 7.60592747e+00
    7.78412104e+00 6.79918003e+00 7.74613905e+00 8.23162270e+00
    7.20554018e+00 6.37800550e+00 6.60640478e+00 6.30165815e+00
    6.40442944e+00 7.10426235e+00 7.91379929e+00 7.50376701e+00
    6.95049143e+00 7.05928516e+00 7.63370800e+00 7.50937986e+00
    6.99197388e+00 6.56555843e+00 7.05329990e+00 6.02853966e+00
    5.46580458e+00 5.03588343e+00 5.41922092e+00 5.16862345e+00
    5.71089220e+00 6.42851686e+00 5.96012259e+00 6.26261806e+00
    6.36365271e+00 6.82719374e+00 7.76317453e+00 7.02295160e+00
    6.92724848e+00 6.28309059e+00 6.32480288e+00 5.99764013e+00
    6.01819468e+00 7.31412840e+00 8.34497070e+00 8.03538418e+00
    5.57199812e+00 6.65832710e+00 5.92285204e+00 5.91133547e+00
    7.89061451e+00 7.04795694e+00 7.57133770e+00 8.48454475e+00
    8.07643318e+00 8.66755390e+00 7.67593527e+00 6.56431627e+00
    7.01530075e+00 7.15107918e+00 7.19283485e+00 7.65082788e+00
    7.30363417e+00 8.51021671e+00 8.66970348e+00 6.63594913e+00
    6.32685804e+00 5.90575314e+00 5.22085238e+00 5.62975550e+00
    6.30499649e+00 5.89019346e+00 6.15677357e+00 6.15609932e+00
    5.72614956e+00 5.54283333e+00 5.02246904e+00 5.10306883e+00
    5.70314980e+00 6.63540268e+00 6.48320055e+00 7.83018637e+00
    6.75440121e+00 7.82902002e+00 7.71161222e+00 7.20647335e+00
    7.27345228e+00 7.06865263e+00 6.45989037e+00 5.99649429e+00
    5.96274662e+00 6.91131735e+00 6.19580078e+00 6.45200539e+00
    6.56580830e+00 5.89456987e+00 5.54487610e+00 6.24175692e+00
    6.45949125e+00 6.51879120e+00 6.22251463e+00 6.59474897e+00
    6.32999325e+00 5.56619883e+00 5.80834913e+00 6.46120119e+00
    6.35693836e+00 6.26802635e+00 6.29850101e+00 7.24605703e+00
    5.54585171e+00 6.05467081e+00 6.78234005e+00 6.83174801e+00
    6.22345352e+00 6.77112341e+00 6.37266541e+00 7.04529905e+00
    6.57343292e+00 6.87651634e+00 7.04190683e+00 6.82001543e+00
    6.53888750e+00 6.00790691e+00 6.07173491e+00 5.74977636e+00
    5.75690365e+00 5.02920198e+00 5.01651621e+00 5.36995411e+00
    5.87819433e+00 6.74232292e+00 6.04480362e+00 6.33719110e+00
    6.76678276e+00 7.50007105e+00 7.33829832e+00 7.71360683e+00
    7.42647696e+00 7.47138500e+00 5.79206228e+00 5.87771034e+00
    6.92806005e+00 7.12970781e+00 6.65033484e+00 6.57072783e+00
    7.41595650e+00 6.02102566e+00 6.52845240e+00 6.66373587e+00
    6.69563055e+00 6.95817900e+00 7.06163216e+00 6.80484152e+00
    6.25154066e+00 7.01463747e+00 5.52275133e+00 6.16251230e+00
    5.85531425e+00 5.48269892e+00 6.36964989e+00 6.37019968e+00
    6.62862873e+00 6.45109606e+00 7.05126619e+00 6.75842619e+00
    7.16840744e+00 6.88097477e+00 6.03152275e+00 5.87221766e+00
    6.96143675e+00 5.74610710e+00 6.45673656e+00 6.94049549e+00
    6.40317345e+00 6.10302162e+00 7.28482676e+00 7.85099840e+00
    7.84421682e+00 7.66808558e+00 8.92335892e+00 8.44581127e+00
    8.57566738e+00 7.78951550e+00 6.82098007e+00 6.04978704e+00
    5.46168518e+00 6.22294092e+00 6.53847742e+00 6.42975044e+00
    6.61311007e+00 7.18262529e+00 6.57534742e+00 7.00971222e+00
    7.44730473e+00 6.46745443e+00 6.63253355e+00 6.17071533e+00
    6.30262280e+00 6.60104179e+00 6.51860380e+00 6.55220699e+00
    6.55461264e+00 5.31790257e+00 5.87107992e+00 5.23864937e+00
    5.34722614e+00 4.62231588e+00 5.01605368e+00 4.67684698e+00
    5.46834993e+00 6.09981918e+00 7.71437693e+00 7.53535414e+00
    8.37577629e+00 7.98899603e+00 8.05970478e+00 8.02426815e+00
    8.65482903e+00 7.72673082e+00 7.91895008e+00 6.78272390e+00
    6.07744694e+00 6.18145704e+00 5.55711365e+00 4.66046858e+00
    5.18651199e+00 6.40566826e+00 5.91567993e+00 6.69610739e+00
    6.72485065e+00 6.30802202e+00 7.26985788e+00 7.07012415e+00
    5.63606834e+00 5.79795361e+00 5.43744087e+00 6.32908821e+00
    7.07208872e+00 6.14509869e+00 6.32256651e+00 6.60697889e+00
    6.88487530e+00 5.88824844e+00 6.06725311e+00 5.57986689e+00
    4.73508263e+00 4.84227991e+00 5.42944765e+00 6.23356771e+00
    5.79063034e+00 6.02021599e+00 6.97211885e+00 6.84841347e+00
    6.88200188e+00 7.62944603e+00 6.02178955e+00 7.09086466e+00
    7.37704325e+00 7.34927750e+00 7.12376785e+00 8.44988537e+00
    7.14867735e+00 6.81712246e+00 6.08728790e+00 5.96572685e+00
    6.00730085e+00 6.70489120e+00 7.11218929e+00 7.31013775e+00
    7.59341955e+00 7.18874788e+00 6.60362816e+00 6.70396137e+00
    6.23713875e+00 5.74178123e+00 6.43077135e+00 6.05110455e+00
    5.14761639e+00 5.38336039e+00 5.59859943e+00 5.85627079e+00
    5.86101055e+00 6.25402117e+00 5.20212460e+00 6.13123083e+00
    6.54634237e+00 6.59197378e+00 6.74474144e+00 6.97018147e+00
    6.37120342e+00 5.53962946e+00 5.44715548e+00 5.35733461e+00
    5.95239019e+00 6.08351231e+00 7.05281830e+00 8.19013309e+00
    5.85472965e+00 7.54908371e+00 7.51435566e+00 6.87307739e+00
    6.70272493e+00 7.51392555e+00 6.66593790e+00 6.74192619e+00
    7.24447203e+00 7.33839893e+00 7.62057304e+00 7.29356337e+00
    6.45194101e+00 6.61409950e+00 6.67901945e+00 7.40394926e+00
    7.65250111e+00 8.23673916e+00 8.08328629e+00 7.75047636e+00
    5.94912767e+00 6.79356670e+00 5.26103115e+00 5.46748734e+00
    6.20341587e+00 6.31539631e+00 5.06830978e+00 5.52061749e+00
    5.66703033e+00 5.11706161e+00 5.62212515e+00 5.96286488e+00
    5.51716661e+00 6.47317696e+00 6.27468634e+00 5.89955807e+00
    6.27541065e+00 6.11113596e+00 6.86133051e+00 6.54750490e+00
    6.96261406e+00 7.48497343e+00 6.47137403e+00 5.27635336e+00
    5.06089115e+00 5.48005772e+00 5.87973309e+00 6.33026695e+00
    6.94701338e+00 6.68623924e+00 5.91525984e+00 5.34638405e+00
    5.36632442e+00 6.91506052e+00 6.79076481e+00 5.89006662e+00
    5.84196997e+00 5.18086100e+00 4.50119162e+00 5.49741888e+00
    5.65213966e+00 6.08642244e+00 6.02913237e+00 6.55315733e+00
    6.65853119e+00 6.78309059e+00 6.68525839e+00 6.30198336e+00
    6.08637476e+00 6.91310024e+00 7.14644337e+00 7.17176437e+00
    7.36713409e+00 7.52861214e+00 7.87571955e+00 7.16846752e+00
    7.23030996e+00 6.77877283e+00 5.80768538e+00 5.55534792e+00
    5.33332634e+00 5.09710979e+00 5.33818102e+00 5.42742682e+00
    5.60806322e+00 5.45189953e+00 6.07810545e+00 6.09215736e+00
    7.28161812e+00 7.81873703e+00 7.67210340e+00 7.15135050e+00
    6.92603493e+00 6.15697813e+00 6.33215570e+00 6.33991909e+00
    7.49082899e+00 7.37008238e+00 6.42803717e+00 6.42522001e+00
    7.12163115e+00 6.04094648e+00 6.43773174e+00 7.38276148e+00
    7.11201334e+00 8.06764030e+00 7.23121119e+00 6.11039162e+00
    6.73548317e+00 6.36846924e+00 7.38215780e+00 6.92246914e+00
    8.04219151e+00 6.26994848e+00 5.98154020e+00 5.77061081e+00
    5.60843039e+00 5.48171043e+00 6.52954674e+00 5.65866137e+00
    5.96662188e+00 6.82292271e+00 6.09600735e+00 5.89973450e+00
    6.60085440e+00 7.27324724e+00 7.65019655e+00 8.07086182e+00
    7.80498266e+00 7.38273191e+00 6.58722687e+00 7.29894066e+00
    7.33680582e+00 7.90594673e+00 8.26682281e+00 7.89747524e+00
    6.73952579e+00 7.85574961e+00 7.71592522e+00 6.39842129e+00
    6.77470350e+00 5.65838671e+00 6.49028540e+00 6.39623785e+00
    7.05052471e+00 7.06841326e+00 7.88671637e+00 7.43801594e+00
    7.38602161e+00 6.71648264e+00 6.56805134e+00 6.92064285e+00
    6.60491753e+00 6.48191500e+00 6.70569420e+00 5.56437349e+00
    5.64595652e+00 5.38445997e+00 5.00558424e+00 5.21926022e+00
    5.51596737e+00 4.96065378e+00 5.32459879e+00 6.49629879e+00
    6.05962229e+00 6.98811245e+00 6.90993738e+00 6.56945801e+00
    7.42935228e+00 8.16915417e+00 6.95427561e+00 8.04299450e+00
    7.44915533e+00 6.79810143e+00 7.04442024e+00 7.19924545e+00
    5.94571972e+00 6.12473154e+00 4.85669422e+00 6.24380445e+00
    6.23784113e+00 6.10472727e+00 5.95487881e+00 6.55153418e+00
    6.66941786e+00 6.98023367e+00 5.70649385e+00 5.73779488e+00
    5.70586920e+00 6.55325556e+00 6.30310440e+00 6.64124775e+00
    6.19160175e+00 6.91853046e+00 5.89601040e+00 5.88526917e+00
    5.99566126e+00 7.02574062e+00 5.38617182e+00 5.95357132e+00
    5.34989166e+00 5.15221500e+00 5.50709867e+00 6.08127117e+00
    7.00531292e+00 7.71157694e+00 8.43146229e+00 6.99824286e+00
    6.63204241e+00 7.02691936e+00 6.17932320e+00 6.05152369e+00
    6.95821524e+00 7.35333490e+00 7.32892418e+00 7.99030161e+00
    8.33507347e+00 7.31149817e+00 7.81022358e+00 6.93678761e+00
    7.25174284e+00 7.09558678e+00 6.95765066e+00 6.63624954e+00
    7.35179949e+00 6.50807762e+00 6.25770760e+00 7.16248751e+00
    6.69988012e+00 5.74720955e+00 5.93354177e+00 6.05339146e+00
    5.85654593e+00 5.87272596e+00 6.11868191e+00 5.01105070e+00
    6.64707422e+00 7.22898388e+00 7.41142607e+00 6.50492191e+00
    6.76292372e+00 5.93197346e+00 5.74059391e+00 6.43394518e+00
    6.30777025e+00 6.20110464e+00 5.99579477e+00 6.26045084e+00
    6.66437292e+00 7.09704399e+00 7.87908411e+00 7.79161358e+00
    6.57215452e+00 7.00864744e+00 8.13795376e+00 7.23296547e+00
    6.37873602e+00 6.94359303e+00 6.79626226e+00 6.56704998e+00
    6.79163647e+00 8.16923046e+00 6.30116320e+00 6.79755497e+00
    6.57018566e+00 6.69419956e+00 6.35553122e+00 7.96554470e+00
    7.14509153e+00 8.10854149e+00 7.88296938e+00 7.17282343e+00
    6.28447962e+00 5.52394867e+00 5.23725080e+00 4.61822319e+00
    4.16908836e+00 5.17706823e+00 5.08271646e+00 5.03531599e+00
    5.63639879e+00 6.72503042e+00 5.20648050e+00 6.08202362e+00
    5.76255417e+00 5.56482935e+00 5.54861736e+00 6.38737774e+00
    6.62424803e+00 6.28948593e+00 5.87230682e+00 6.44994640e+00
    6.79887629e+00 6.10333967e+00 6.29497051e+00 6.48214626e+00
    6.26388884e+00 6.76057291e+00 6.00874424e+00 6.38688040e+00
    5.53748083e+00 5.36743498e+00 5.08295250e+00 5.51946259e+00
    6.19607353e+00 6.44216537e+00 6.69439983e+00 5.67684555e+00
    5.40874624e+00 4.90131140e+00 4.35876179e+00 4.61348867e+00
    5.48181486e+00 6.33313227e+00 6.96425533e+00 6.55226231e+00
    7.45947599e+00 6.54340601e+00 6.01240110e+00 7.34420919e+00
    6.56581402e+00 6.19184160e+00 7.02774906e+00 7.03802824e+00
    7.24645615e+00 6.52244997e+00 6.07463312e+00 5.65769243e+00
    5.94224548e+00 5.57349968e+00 5.87053394e+00 5.71917915e+00
    5.41305733e+00 6.12704134e+00 4.82887602e+00 5.72758627e+00
    5.40950394e+00 5.83934832e+00 5.78404999e+00 5.13025618e+00
    6.80463314e+00 7.51530600e+00 7.75533581e+00 7.44510221e+00
    5.99158907e+00 7.40090227e+00 6.73240948e+00 6.47437572e+00
    7.35744429e+00 7.27203941e+00 6.86279154e+00 6.74968386e+00
    7.69952106e+00 7.03446865e+00 7.70811129e+00 8.23514652e+00
    7.51124668e+00 7.17101049e+00 7.19574356e+00 7.33281612e+00
    7.07589531e+00 7.55149412e+00 6.94411755e+00 7.60697269e+00
    6.48655987e+00 6.58674288e+00 6.83653212e+00 5.56376362e+00
    5.45602846e+00 6.06437969e+00 6.88661861e+00 5.99494505e+00
    5.64435720e+00 6.41804123e+00 5.63072014e+00 5.89329147e+00
    7.57828760e+00 7.58564186e+00 7.85422277e+00 7.61577177e+00
    7.26845074e+00 5.94769526e+00 6.23113489e+00 6.30426073e+00
    5.78640079e+00 6.13845730e+00 6.48127508e+00 7.45187616e+00
    7.69820404e+00 7.28598833e+00 6.72026443e+00 6.15847683e+00
    6.49879456e+00 6.88024521e+00 7.02532721e+00 7.46842957e+00
    6.94807243e+00 6.85314131e+00 7.22468042e+00 6.65909624e+00
    6.79663372e+00 6.78860998e+00 6.76663065e+00 5.91114044e+00
    6.49573851e+00 5.76715565e+00 6.56166744e+00 4.83538198e+00
    5.25978374e+00 4.77377796e+00 6.11359215e+00 5.55941105e+00
    6.46444845e+00 5.63193369e+00 5.39152336e+00 5.23623705e+00
    6.59681463e+00 7.28562117e+00 7.02480364e+00 7.73710728e+00
    7.14421892e+00 7.52489567e+00 7.16720009e+00 6.34443951e+00
    7.39144564e+00 6.95276737e+00 6.78498936e+00 5.95179892e+00
    5.91499519e+00 5.84785461e+00 6.77220869e+00 5.34682274e+00
    5.97625160e+00 6.40740776e+00 6.09018564e+00 6.99151945e+00
    7.03186131e+00 6.90958118e+00 5.94231653e+00 5.72707224e+00
    5.49687195e+00 5.65052938e+00 5.92495728e+00 7.15963745e+00
    7.20946789e+00 6.55840921e+00 6.57338428e+00 6.03305817e+00
    5.67322731e+00 5.75289059e+00 6.01232147e+00 5.49917698e+00
    5.47581196e+00 6.22841835e+00 5.64537144e+00 6.64795542e+00
    7.14984369e+00 7.35317230e+00 6.49223471e+00 7.53048182e+00
    6.64813423e+00 7.18995762e+00 6.65961027e+00 6.66502762e+00
    5.88917828e+00 7.27395439e+00 6.73792648e+00 7.68381405e+00
    7.38655424e+00 7.84330654e+00 7.71280622e+00 7.02921724e+00
    7.07063389e+00 7.00951099e+00 6.47168255e+00 5.73623323e+00
    7.02723026e+00 7.05566502e+00 7.77105474e+00 7.49782181e+00
    7.95432949e+00 7.00758362e+00 6.81415606e+00 6.04424381e+00
    5.80863714e+00 5.41006804e+00 6.12964678e+00 6.76121426e+00
    6.30632544e+00 6.95166492e+00 6.18781805e+00 5.94081593e+00
    5.41319990e+00 6.60056925e+00 6.51993513e+00 7.44318199e+00
    6.86556005e+00 6.03465652e+00 5.84428787e+00 6.57602406e+00
    5.52948809e+00 6.45134974e+00 7.43070030e+00 7.39448547e+00
    6.00250149e+00 5.98567009e+00 6.15100622e+00 7.18940115e+00
    5.95926237e+00 6.41522837e+00 6.92269516e+00 6.12140131e+00
    6.38150454e+00 5.91796064e+00 7.01616716e+00 6.00899267e+00
    6.59048557e+00 6.11492968e+00 7.12795973e+00 6.67485809e+00
    8.14933205e+00 7.67631865e+00 7.09997940e+00 7.12349129e+00
    6.36791086e+00 6.06031370e+00 5.05612707e+00 5.23513556e+00
    4.20702267e+00 4.75741720e+00 4.97982597e+00 4.21279192e+00
    5.05017328e+00 5.92063046e+00 5.39886284e+00 5.85654354e+00
    7.25739098e+00 5.74484253e+00 6.42361259e+00 6.29848719e+00
    5.72559690e+00 7.44449520e+00 6.80322361e+00 5.91469765e+00
    6.32591295e+00 6.77985573e+00 5.56648970e+00 6.25467825e+00
    6.53095865e+00 6.91352987e+00 7.16519165e+00 7.03772163e+00
    7.49944592e+00 6.45456934e+00 6.28511000e+00 6.44599819e+00
    6.42785263e+00 7.46492147e+00 6.23741102e+00 6.48552847e+00
    5.53581333e+00 5.19047689e+00 4.57079983e+00 5.11066866e+00
    4.96752071e+00 4.95136499e+00 5.54264450e+00 6.10847759e+00
    6.00511503e+00 6.22983360e+00 6.04600906e+00 6.55169821e+00
    7.00725937e+00 7.05086422e+00 7.42540884e+00 7.11049795e+00
    6.36279202e+00 6.31451797e+00 6.00677299e+00 6.30530405e+00
    5.84448099e+00 5.02451849e+00 6.57319975e+00 5.88037205e+00
    4.67769146e+00 5.42829990e+00 6.29853487e+00 5.19644260e+00
    5.14630079e+00 4.97480869e+00 5.16750526e+00 5.08622408e+00
    6.03796005e+00 7.63595009e+00 6.78172159e+00 7.70273781e+00
    6.98640299e+00 6.10872030e+00 6.98709488e+00 7.22851467e+00
    7.72805405e+00 8.50738907e+00 8.55789185e+00 7.75569391e+00
    7.27566481e+00 7.60135269e+00 7.31011724e+00 7.21431923e+00
    7.67675257e+00 6.68299389e+00 7.13518190e+00 6.54309082e+00
    6.40166998e+00 7.02359247e+00 7.18785906e+00 7.59010792e+00
    7.26380730e+00 6.52256966e+00 6.45102072e+00 6.38267040e+00
    5.19458675e+00 5.79960251e+00 6.52582264e+00 5.82611513e+00
    6.09092855e+00 6.11509657e+00 5.86308575e+00 5.82391930e+00
    5.71439743e+00 5.59995365e+00 5.66923857e+00 6.43474197e+00
    6.27852392e+00 5.91556406e+00 6.10671329e+00 6.32986784e+00
    6.20227337e+00 6.19687986e+00 6.26887226e+00 6.36194944e+00
    6.14860964e+00 6.51054764e+00 6.80487347e+00 6.50730181e+00
    6.57534122e+00 6.13336468e+00 6.50014400e+00 7.03822565e+00
    7.24158955e+00 6.78121471e+00 8.00806141e+00 6.76694679e+00
    6.81364202e+00 6.67016363e+00 5.77559042e+00 6.71965599e+00
    7.25271654e+00 6.62296772e+00 6.73833036e+00 7.36097145e+00
    5.80763817e+00 6.04999161e+00 5.76984262e+00 5.39126635e+00
    5.73898458e+00 5.91934347e+00 6.46673822e+00 6.32268953e+00
    6.30184317e+00 6.66300488e+00 7.45489693e+00 7.68334866e+00
    8.03049183e+00 8.63527012e+00 7.74896431e+00 6.90018559e+00
    6.17614174e+00 5.77868509e+00 6.09124470e+00 6.72767973e+00
    5.88443661e+00 6.45487022e+00 6.51617336e+00 6.12425995e+00
    7.00777912e+00 7.20098114e+00 6.80042601e+00 6.88402462e+00
    6.90540218e+00 5.95937681e+00 6.32562065e+00 5.90198183e+00
    6.34047365e+00 6.67465162e+00 6.03376579e+00 6.57348967e+00
    6.30572510e+00 6.82637358e+00 4.99404860e+00 6.72532034e+00
    5.79347038e+00 7.05498028e+00 6.26043177e+00 5.62592697e+00
    5.63278151e+00 5.58986092e+00 5.89239216e+00 6.36299229e+00
    6.28779840e+00 7.00028229e+00 7.64869738e+00 7.19774151e+00
    7.73210955e+00 6.40523291e+00 5.98128843e+00 6.42376900e+00
    6.05119371e+00 6.50182533e+00 6.24089575e+00 5.94636917e+00
    6.37355185e+00 5.08070040e+00 6.59363079e+00 6.63666296e+00
    7.47170639e+00 6.58630514e+00 6.92346668e+00 6.38998318e+00
    7.13020611e+00 6.85776424e+00 6.26236248e+00 6.55008841e+00
    6.63287878e+00 5.13753605e+00 4.20536566e+00 5.45938206e+00
    5.86562729e+00 4.86515617e+00 6.29652452e+00 6.47072220e+00
    6.70638514e+00 7.53191376e+00 7.29821730e+00 6.32907343e+00
    5.91072655e+00 6.36222410e+00 5.22090626e+00 6.07318687e+00
    6.72049284e+00 6.19658089e+00 5.99784088e+00 7.01122761e+00
    6.25499535e+00 6.65046072e+00 7.29198313e+00 7.93008661e+00
    5.83337259e+00 5.50931120e+00 6.90945339e+00 6.19503927e+00
    6.83708000e+00 5.71044111e+00 6.39088106e+00 7.03358412e+00
    6.20403481e+00 6.33487415e+00 6.90015125e+00 5.51245499e+00
    5.28592110e+00 6.33760452e+00 5.82119417e+00 5.81730318e+00
    6.67242241e+00 7.28593111e+00 7.81504011e+00 7.90349388e+00
    7.21791697e+00 6.80761623e+00 7.02132750e+00 5.72401810e+00
    5.55072880e+00 5.99313354e+00 5.71708155e+00 5.89026356e+00
    6.27690887e+00 6.79228449e+00 6.77132559e+00 6.58068848e+00
    6.39729404e+00 6.87683535e+00 6.76695919e+00 7.02432299e+00
    6.86648083e+00 7.93324137e+00 7.38435125e+00 6.82327414e+00
    6.45148611e+00 6.34615993e+00 5.26186514e+00 5.37701035e+00
    6.36047697e+00 6.85387182e+00 6.53657389e+00 6.76164389e+00
    6.13355255e+00 5.27431631e+00 4.93585205e+00 6.27927923e+00
    5.72009802e+00 7.15620565e+00 7.28946972e+00 6.86440277e+00
    6.77397346e+00 6.36528587e+00 5.54815292e+00 5.26202250e+00
    5.33275795e+00 5.75530052e+00 5.04251909e+00 5.59695196e+00
    6.31105804e+00 6.75277805e+00 6.64886284e+00 8.25942802e+00
    8.50397015e+00 7.71623707e+00 7.34500599e+00 7.78302956e+00
    7.24775076e+00 6.98098612e+00 6.73485470e+00 6.41150188e+00
    6.88321829e+00 6.73880100e+00 6.24711227e+00 6.83517218e+00
    6.08563948e+00 4.99451160e+00 5.95823431e+00 5.32602739e+00
    5.54758263e+00 5.47618198e+00 5.64787865e+00 4.93900299e+00
    5.46139860e+00 5.48927736e+00 6.58603525e+00 7.41336155e+00
    6.91030312e+00 6.83773041e+00 6.79829359e+00 7.41357660e+00
    7.57451582e+00 7.77142096e+00 8.46509266e+00 7.82390976e+00
    7.98204422e+00 7.00168753e+00 6.57593060e+00 7.10079670e+00
    7.03778124e+00 6.85481071e+00 6.52458811e+00 7.06295967e+00
    5.72835016e+00 6.17909765e+00 6.55534172e+00 6.32259560e+00
    7.32265139e+00 6.88752556e+00 7.15513325e+00 6.36322594e+00
    5.35145903e+00 4.56657696e+00 6.08569384e+00 5.31038046e+00
    5.84382629e+00 6.12599611e+00 5.54752779e+00 5.52169561e+00
    6.63677359e+00 5.51983547e+00 5.67344713e+00 5.92784548e+00
    6.51583195e+00 6.15441179e+00 6.57230377e+00 7.11735439e+00
    7.30322695e+00 6.94624805e+00 7.18935299e+00 7.41860247e+00
    6.80115843e+00 7.63228893e+00 6.30207872e+00 6.29783297e+00
    6.53304958e+00 5.96784019e+00 6.51941681e+00 7.21711922e+00
    7.11258125e+00 6.66000462e+00 6.85924006e+00 6.75986767e+00
    6.96371746e+00 7.08266783e+00 7.35466337e+00 6.50547600e+00
    7.42582798e+00 6.89491940e+00 7.21091413e+00 6.18891621e+00
    6.18130207e+00 5.95868921e+00 6.01681662e+00 6.09808445e+00
    6.18093824e+00 6.27668953e+00 7.24243307e+00 7.10255623e+00
    7.40621233e+00 7.46735668e+00 7.60126781e+00 7.36160851e+00
    7.88996935e+00 8.00150776e+00 7.97185612e+00 7.59481001e+00
    7.30171537e+00 6.20010710e+00 6.40657377e+00 5.39965677e+00
    6.10702562e+00 5.36581659e+00 5.83991194e+00 5.82196569e+00
    6.23470020e+00 6.31994009e+00 6.23104906e+00 6.08272696e+00
    6.58078861e+00 6.43231773e+00 5.69135714e+00 6.84610939e+00
    5.40677547e+00 7.19067478e+00 6.98160601e+00 6.87418413e+00
    6.02672815e+00 6.57421732e+00 6.22400999e+00 5.26069736e+00
    5.52508593e+00 5.07073116e+00 4.54486609e+00 5.00139952e+00
    5.19320107e+00 5.90441275e+00 6.57007599e+00 7.42944717e+00
    7.63280535e+00 7.40057182e+00 7.05928135e+00 7.33844471e+00
    5.92205429e+00 6.92204285e+00 5.54721117e+00 5.32063389e+00
    5.77774858e+00 5.98920393e+00 6.11637259e+00 6.99281883e+00
    6.61418056e+00 5.76717377e+00 6.69232464e+00 6.40384007e+00
    6.68135166e+00 7.43571186e+00 6.81346655e+00 5.80457306e+00
    6.93819952e+00 7.44777822e+00 6.38162231e+00 5.99456787e+00
    6.50535631e+00 6.12990189e+00 5.62968206e+00 5.41396666e+00
    5.05110693e+00 5.06847334e+00 5.78549337e+00 6.24780273e+00
    6.88307524e+00 6.21802664e+00 6.00637245e+00 6.27476978e+00
    5.21574211e+00 5.72572517e+00 5.90292597e+00 6.15558577e+00
    6.48093271e+00 6.34033489e+00 6.63418436e+00 7.38077545e+00
    6.21647263e+00 7.27539396e+00 6.47826433e+00 6.83375072e+00
    7.20450687e+00 7.49210501e+00 7.11166239e+00 8.23195648e+00
    6.75352764e+00 7.05725145e+00 6.24078989e+00 6.60489416e+00
    5.95989132e+00 5.98966169e+00 6.15275669e+00 6.08158588e+00
    5.64051867e+00 5.94747114e+00 6.61046410e+00 5.78729963e+00
    5.36991501e+00 6.74984217e+00 6.35503101e+00 7.49566412e+00
    7.45061874e+00 6.51426840e+00 6.73086452e+00 6.13744783e+00
    5.49597883e+00 6.60608339e+00 6.44506407e+00 5.79157877e+00
    6.13815641e+00 7.35031891e+00 6.66667891e+00 6.76015902e+00
    6.96552324e+00 6.70796728e+00 5.66028023e+00 5.12934303e+00
    5.36186171e+00 4.94231796e+00 6.20575142e+00 6.36803007e+00
    6.06416512e+00 6.42614889e+00 7.07981777e+00 6.44213343e+00
    6.78167677e+00 6.58747578e+00 7.41587353e+00 6.18775320e+00
    5.68128920e+00 5.16482306e+00 4.56077528e+00 5.00507832e+00
    5.82109165e+00 6.54954386e+00 7.55326748e+00 6.18715286e+00
    6.39421797e+00 5.73743057e+00 5.20727253e+00 5.35219812e+00
    4.94785881e+00 5.07576323e+00 5.96327305e+00 5.60435057e+00
    6.58315039e+00 7.11513519e+00 7.65795612e+00 7.56097889e+00
    7.98246050e+00 7.44644165e+00 8.39526081e+00 7.50557375e+00
    6.45929623e+00 6.45579720e+00 6.34609509e+00 6.38644981e+00
    6.32413483e+00 6.09015560e+00 6.16418600e+00 5.24410772e+00
    6.04916000e+00 6.09498310e+00 6.98605204e+00 6.61514902e+00
    5.38551474e+00 6.37543011e+00 5.49147320e+00 4.74417925e+00
    6.29836512e+00 6.58622265e+00 5.82390213e+00 5.58638525e+00
    6.69442797e+00 6.55567169e+00 6.81939030e+00 7.02148533e+00
    8.07716656e+00 7.32263517e+00 7.42896175e+00 6.80013466e+00
    7.03953600e+00 6.56451178e+00 7.03015661e+00 6.39184475e+00
    7.19672060e+00 6.38194036e+00 6.42049170e+00 5.92243290e+00
    6.71334791e+00 6.34844351e+00 7.01627398e+00 8.39220810e+00
    6.70923901e+00 7.01580524e+00 6.46220303e+00 5.54939938e+00
    4.73037100e+00 4.87827015e+00 4.76110888e+00 4.75397205e+00
    5.27555037e+00 6.62297964e+00 6.02777290e+00 5.95679379e+00
    7.56078577e+00 6.42618561e+00 6.05914354e+00 6.77423811e+00
    6.48053789e+00 6.07052040e+00 5.94776630e+00 6.99350643e+00
    7.17686653e+00 6.73324776e+00 6.30287981e+00 6.26744175e+00
    6.75933170e+00 6.80050755e+00 5.90371799e+00 5.65771103e+00
    6.96211815e+00 6.93196869e+00 6.46571112e+00 7.27413177e+00
    7.38915777e+00 7.91380167e+00 7.21540451e+00 7.42905521e+00
    6.62987185e+00 6.62411690e+00 6.37984085e+00 6.31644869e+00
    6.59662151e+00 6.55975676e+00 6.36880350e+00 6.12010002e+00
    6.49810648e+00 5.96758032e+00 6.23490620e+00 6.40057182e+00
    6.11179256e+00 6.71142864e+00 7.38906908e+00 6.74265528e+00
    7.38490915e+00 7.56727886e+00 6.70438194e+00 7.32394695e+00
    6.88980293e+00 7.35718107e+00 7.65243959e+00 7.85933542e+00
    7.47638226e+00 6.95854521e+00 7.10357380e+00 7.24125671e+00
    6.51525354e+00 6.68674850e+00 6.03165340e+00 6.40312481e+00
    6.84252596e+00 5.85459709e+00 6.01924372e+00 7.16773176e+00
    6.90456533e+00 6.83025169e+00 6.96753073e+00 7.16790867e+00
    6.95485115e+00 5.87689829e+00 6.93665695e+00 5.77792406e+00
    5.88688660e+00 5.11566687e+00 5.36771250e+00 4.90741158e+00
    5.04813194e+00 5.51418686e+00 5.10674953e+00 5.75191832e+00
    5.75939083e+00 6.28555870e+00 7.23602533e+00 7.86612415e+00
    8.41389370e+00 7.27233410e+00 7.17389011e+00 7.19275761e+00
    6.36577034e+00 6.12200212e+00 5.94788265e+00 5.90777636e+00
    5.66931772e+00 6.22158575e+00 6.19250202e+00 7.00903130e+00
    6.16548681e+00 6.34890461e+00 6.38761091e+00 6.32799196e+00
    6.33014870e+00 6.55445480e+00 6.54560661e+00 5.09240866e+00
    6.43575287e+00 6.65283012e+00 5.99864483e+00 6.31920624e+00
    7.33791399e+00 5.56430721e+00 5.40794945e+00 5.18747807e+00
    7.06639671e+00 6.60214329e+00 6.06149960e+00 6.57745171e+00
    6.95035076e+00 6.94028187e+00 6.88507366e+00 6.99695778e+00
    5.67016459e+00 5.87114096e+00 5.44307280e+00 6.14980793e+00
    6.80340576e+00 7.44564056e+00 6.82370043e+00 7.78021002e+00
    6.80799723e+00 6.43579340e+00 6.34140444e+00 7.27187300e+00
    7.80276585e+00 6.71432781e+00 7.37281466e+00 6.71209288e+00
    7.48803949e+00 6.14409781e+00 7.76900864e+00 7.82842731e+00
    7.35567141e+00 6.47339821e+00 7.09929132e+00 5.55505562e+00
    5.29333496e+00 5.61754847e+00 6.21771622e+00 5.74247503e+00
    7.14932537e+00 6.34255505e+00 7.04287386e+00 6.84703588e+00
    6.95192719e+00 6.20407152e+00 6.84795856e+00 7.21782351e+00
    6.26633883e+00 6.07430649e+00 7.23041058e+00 5.73012066e+00
    5.52507877e+00 6.33134174e+00 6.36631107e+00 4.91676283e+00
    5.73655605e+00 4.73975515e+00 4.77083588e+00 5.04449797e+00
    6.22453737e+00 6.12293434e+00 6.28022385e+00 5.99226427e+00
    6.34598637e+00 6.47374916e+00 5.74703979e+00 6.88803148e+00
    7.46355963e+00 7.07904720e+00 6.99489546e+00 5.95281506e+00
    5.35505676e+00 4.94340467e+00 5.13692427e+00 5.29675150e+00
    6.56406355e+00 7.04738522e+00 6.99757004e+00 7.77917290e+00
    5.83525038e+00 6.30997849e+00 4.58513641e+00 5.55250263e+00
    5.35269260e+00 6.36322021e+00 6.21017790e+00 6.35558128e+00
    6.84469938e+00 7.28003263e+00 5.96949244e+00 6.67489672e+00
    6.47510099e+00 6.59390068e+00 6.23520470e+00 6.62048626e+00
    6.21399355e+00 6.09253216e+00 5.82645226e+00 5.40983963e+00
    5.49121284e+00 5.41383123e+00 6.14866114e+00 6.53546381e+00
    5.54251003e+00 6.13874912e+00 6.57330894e+00 6.46637344e+00
    6.61583710e+00 5.88345146e+00 5.76127291e+00 4.73240948e+00
    5.48944473e+00 6.42130041e+00 5.94168901e+00 7.22732639e+00
    6.95043612e+00 6.88152504e+00 6.50816107e+00 7.61121225e+00
    7.37733793e+00 6.85263681e+00 7.43894434e+00 7.63245630e+00
    6.69832850e+00 8.23875904e+00 7.26595926e+00 6.14642239e+00
    5.79271269e+00 5.86060047e+00 5.26261187e+00 6.48927164e+00
    6.87781191e+00 7.69459438e+00 7.18016815e+00 7.14946413e+00
    6.93650484e+00 6.53756094e+00 6.35976887e+00 6.26264095e+00
    5.61119795e+00 4.84606791e+00 4.49259710e+00 5.40349960e+00
    5.28473997e+00 5.38985300e+00 5.69582272e+00 5.04108763e+00
    6.39294338e+00 5.48161459e+00 5.73334694e+00 6.03590631e+00
    6.48138618e+00 6.45291567e+00 6.41811895e+00 6.34552431e+00
    6.43171692e+00 6.58837557e+00 6.40924549e+00 6.60997820e+00
    5.87865591e+00 5.92073822e+00 5.65886545e+00 6.24282122e+00
    6.83316708e+00 7.00837755e+00 6.97771311e+00 7.55978060e+00
    6.95905972e+00 6.13721514e+00 6.92923737e+00 6.57024384e+00
    6.63035870e+00 6.48033905e+00 7.21013212e+00 6.79176807e+00
    7.31273985e+00 7.96442318e+00 7.77033377e+00 7.11705399e+00
    7.18568182e+00 7.33671236e+00 6.16464758e+00 6.82023001e+00
    6.11658859e+00 5.91427374e+00 6.22011042e+00 6.40248632e+00
    6.46597815e+00 7.68843126e+00 7.70213223e+00 7.27023649e+00
    8.13345146e+00 6.80587196e+00 6.73889160e+00 7.68787003e+00
    7.75513554e+00 8.12353325e+00 7.63547707e+00 7.44782305e+00
    7.73229074e+00 7.24274111e+00 7.14594603e+00 6.63097954e+00
    7.07410479e+00 6.33297491e+00 6.31374168e+00 6.24974442e+00
    7.09170961e+00 6.87287617e+00 8.02998829e+00 7.42997551e+00
    7.62921524e+00 7.37810993e+00 6.73824644e+00 5.89348793e+00
    5.87521648e+00 5.31341171e+00 4.59242344e+00 5.51616526e+00
    5.36261559e+00 5.57196188e+00 5.84261465e+00 6.52599001e+00
    7.10766506e+00 6.90532064e+00 6.84209347e+00 7.33310127e+00
    6.71270561e+00 7.14469290e+00 6.97611189e+00 6.88369799e+00
    7.03906155e+00 6.81890535e+00 5.92166471e+00 6.35540962e+00
    5.93912077e+00 5.76356316e+00 4.87177324e+00 5.17477322e+00
    5.42992258e+00 4.12980080e+00 5.42770052e+00 5.53050375e+00
    5.66586733e+00 6.03930521e+00 5.97073221e+00 5.95419407e+00
    5.90374231e+00 6.94940138e+00 7.08298779e+00 6.62370014e+00
    6.19477367e+00 5.79677391e+00 5.19353676e+00 5.20141888e+00
    5.43127441e+00 6.09973097e+00 6.37763023e+00 6.61805201e+00
    7.34487152e+00 6.80951357e+00 5.88781214e+00 5.90428829e+00
    5.38570690e+00 4.53586102e+00 4.95152426e+00 6.26593161e+00
    5.68957806e+00 5.63768482e+00 5.37749815e+00 6.77291250e+00
    5.70881224e+00 5.22692966e+00 5.87024498e+00 6.61827707e+00
    6.96460581e+00 6.84153700e+00 7.17926884e+00 6.97108650e+00
    7.08911800e+00 7.19094610e+00 6.72455025e+00 7.14319086e+00
    7.45932150e+00 6.41171026e+00 6.60501814e+00 6.88323450e+00
    6.41010189e+00 5.52650785e+00 6.68214560e+00 6.83970976e+00
    6.74434423e+00 7.29621840e+00 6.77227211e+00 7.12652254e+00
    7.11873055e+00 7.17433071e+00 8.47634983e+00 8.46728516e+00
    7.92070818e+00 7.68497515e+00 7.81125355e+00 6.50691748e+00
    5.56605148e+00 5.29854774e+00 5.38230896e+00 5.26948690e+00
    5.28982401e+00 6.11671543e+00 5.56356001e+00 6.05692911e+00
    6.42052746e+00 6.50269318e+00 7.39126539e+00 6.49207354e+00
    5.85026932e+00 6.44536066e+00 6.41167736e+00 6.38171530e+00
    7.51907635e+00 7.03040695e+00 6.24775219e+00 6.22344398e+00
    4.94456005e+00 5.13310814e+00 5.01088572e+00 6.14366722e+00
    6.26617575e+00 7.08506107e+00 7.19368172e+00 6.61941290e+00
    6.52506781e+00 6.21731472e+00 5.97970772e+00 6.09392309e+00
    4.86774397e+00 5.00259113e+00 5.58715343e+00 5.72521973e+00
    5.50431824e+00 6.34416342e+00 6.76198244e+00 7.18768787e+00
    6.94502115e+00 6.79940033e+00 7.02000666e+00 6.58814859e+00
    6.55006218e+00 6.23032284e+00 5.81993723e+00 5.82376528e+00
    6.27081776e+00 6.30943298e+00 4.74632645e+00 4.72962904e+00
    5.24834108e+00 4.94670391e+00 6.09950447e+00 6.35433054e+00
    5.76444435e+00 5.65328693e+00 5.61891174e+00 4.93626928e+00
    4.97236443e+00 6.17117596e+00 5.82076836e+00 6.81681490e+00
    6.63161278e+00 6.80453062e+00 6.77748680e+00 6.82104683e+00
    6.66615582e+00 6.08440828e+00 6.80729818e+00 6.14939785e+00
    6.03641224e+00 6.22799492e+00 6.80009699e+00 5.96151543e+00
    6.31726599e+00 5.76736212e+00 5.23557520e+00 5.75988674e+00
    6.13192034e+00 7.24796867e+00 7.19699001e+00 7.36347723e+00
    7.70680094e+00 7.40840387e+00 6.60847664e+00 6.11946106e+00
    6.26107550e+00 5.58227587e+00 4.93193531e+00 4.81716490e+00
    4.50383568e+00 6.13948154e+00 6.55598783e+00 5.85531187e+00
    6.41765118e+00 6.13246870e+00 5.01305628e+00 5.40806627e+00
    6.34844589e+00 6.14681768e+00 6.85507727e+00 7.06623316e+00
    7.02216244e+00 7.21215343e+00 6.23488998e+00 6.10961723e+00
    6.31684875e+00 6.00277424e+00 5.79997253e+00 5.88372707e+00
    6.06483364e+00 6.11656761e+00 5.80755281e+00 6.64791965e+00
    7.41926098e+00 7.19667959e+00 7.52471113e+00 7.86262226e+00
    8.38600063e+00 7.76381874e+00 7.96231985e+00 8.07185555e+00
    7.65848970e+00 7.83012819e+00 7.81048489e+00 7.86554193e+00
    7.16882277e+00 7.24727249e+00 6.36165857e+00 5.87509632e+00
    6.25453281e+00 6.01765680e+00 6.59643888e+00 7.63493967e+00
    6.62513781e+00 7.37428713e+00 6.83036757e+00 6.35374641e+00
    7.50188160e+00 7.37801266e+00 6.79011059e+00 6.96041584e+00
    6.83169794e+00 6.86586857e+00 7.33741522e+00 7.47162628e+00
    6.88391018e+00 7.56587267e+00 7.57396650e+00 6.48816538e+00
    6.94777775e+00 7.89258337e+00 6.06720734e+00 6.21665668e+00
    5.94834328e+00 6.82574892e+00 7.67324638e+00 7.75956202e+00
    8.28697205e+00 7.76329565e+00 6.55303955e+00 6.00869656e+00
    5.56967831e+00 4.82948875e+00 5.15253639e+00 4.65079021e+00
    5.91722059e+00 5.00793123e+00 5.22795916e+00 5.76579189e+00
    5.47640848e+00 6.24774075e+00 6.62891388e+00 7.37938309e+00
    7.07337046e+00 6.95010042e+00 8.15210438e+00 7.21612072e+00
    7.30587673e+00 6.69689322e+00 6.68459415e+00 5.83051825e+00
    6.18571901e+00 5.13631201e+00 5.08680582e+00 4.94635105e+00
    4.61312485e+00 3.47219038e+00 3.94676065e+00 5.47305584e+00
    5.66171932e+00 6.56563187e+00 7.05205965e+00 5.63948631e+00
    6.68519592e+00 6.59759378e+00 6.34043312e+00 6.45192385e+00
    6.60952044e+00 5.86568785e+00 5.97050953e+00 4.60389233e+00
    5.22784233e+00 5.76297712e+00 5.41215563e+00 5.85149813e+00
    6.22513199e+00 5.85547972e+00 6.16662979e+00 6.62895012e+00
    6.20536757e+00 5.07957172e+00 5.37751341e+00 4.81341600e+00
    4.73696661e+00 5.55920696e+00 5.87303829e+00 4.78137636e+00
    5.56823778e+00 5.28566694e+00 5.98566484e+00 5.37621832e+00
    6.95243502e+00 7.22129774e+00 7.15191984e+00 7.45608044e+00
    7.42539454e+00 6.74192667e+00 6.61975431e+00 6.82666683e+00
    7.27054548e+00 6.96014977e+00 6.97446680e+00 7.44332170e+00
    6.13086462e+00 6.78317928e+00 6.34036303e+00 6.47827053e+00
    6.30057764e+00 6.60238934e+00 6.26348495e+00 6.94027138e+00
    7.82967186e+00 6.87985039e+00 6.90662813e+00 8.49267578e+00
    7.54971647e+00 7.38083172e+00 7.69303417e+00 7.75262928e+00
    6.62912226e+00 6.08609629e+00 5.87571001e+00 5.08876657e+00
    5.98831177e+00 5.75271797e+00 6.52809620e+00 6.24640608e+00
    6.39605761e+00 6.65121126e+00 6.46877766e+00 6.05229473e+00
    6.24711323e+00 6.84090090e+00 7.65784550e+00 7.71406794e+00
    7.87323904e+00 8.12263870e+00 6.88012314e+00 6.15903807e+00
    5.15941286e+00 4.39868784e+00 4.40483761e+00 4.73996210e+00
    5.93698502e+00 6.19100761e+00 7.05882406e+00 7.41849613e+00
    7.59825754e+00 6.76317453e+00 6.42091608e+00 6.37574577e+00
    6.15361452e+00 5.87969112e+00 6.26942444e+00 6.08591986e+00
    6.79924679e+00 7.63197088e+00 6.41418171e+00 7.23356533e+00
    6.99729729e+00 6.59952593e+00 6.08863068e+00 6.57976198e+00
    6.04507208e+00 6.99298334e+00 6.38970900e+00 6.91503239e+00
    5.72867298e+00 5.61175394e+00 6.33212519e+00 6.06950188e+00
    5.89610338e+00 5.66234255e+00 5.02003050e+00 5.33290577e+00
    6.26640606e+00 6.70241690e+00 6.03757572e+00 5.90901089e+00
    5.43203068e+00 5.77244186e+00 5.53361893e+00 5.49277782e+00
    6.45194626e+00 6.18116045e+00 6.55510902e+00 5.78951311e+00
    7.06121874e+00 6.14268017e+00 5.76249266e+00 5.61501646e+00
    6.16914606e+00 6.34145403e+00 7.61562538e+00 5.81744909e+00
    5.77756357e+00 5.96282053e+00 5.23002005e+00 5.12029028e+00
    5.98351860e+00 5.63164711e+00 6.75617647e+00 6.32200766e+00
    6.49188232e+00 7.73009014e+00 7.04471922e+00 6.45750856e+00
    6.07998753e+00 5.68135929e+00 4.90435982e+00 5.58378172e+00
    5.52712345e+00 5.91877651e+00 7.05837774e+00 6.23437643e+00
    7.28509617e+00 6.96830034e+00 6.72509289e+00 6.47533035e+00
    6.91841316e+00 5.93479490e+00 6.06642628e+00 5.57574272e+00
    6.03773165e+00 6.34888124e+00 6.37154436e+00 7.01648808e+00
    7.45375395e+00 7.24532318e+00 6.34876919e+00 6.60194016e+00
    6.52914953e+00 6.01452208e+00 6.31116438e+00 7.12565804e+00
    7.33361530e+00 7.16954422e+00 7.89259577e+00 8.19762421e+00
    7.69164753e+00 7.69168186e+00 7.03876162e+00 6.74989128e+00
    6.57107115e+00 6.52564383e+00 7.01867390e+00 6.46491814e+00
    6.06546259e+00 6.61971569e+00 5.94699955e+00 5.05617523e+00
    4.91610670e+00 5.17646360e+00 5.43748999e+00 5.73592615e+00
    6.46857309e+00 7.13183117e+00 7.58127689e+00 6.71063995e+00
    5.75240135e+00 6.97768354e+00 6.19717169e+00 7.10366392e+00
    7.34723520e+00 7.33096552e+00 8.04259682e+00 7.38954782e+00
    6.14874983e+00 6.84708214e+00 6.46035099e+00 6.56749153e+00
    5.90932512e+00 6.09813976e+00 6.03308916e+00 6.13231564e+00
    6.27244091e+00 7.06381893e+00 7.18320656e+00 8.07598400e+00
    7.62730885e+00 7.20596933e+00 7.00706339e+00 6.24969673e+00
    6.62963104e+00 5.92650557e+00 7.06823874e+00 6.10013485e+00
    6.43019867e+00 5.74082756e+00 5.04763794e+00 5.19820356e+00
    5.84018564e+00 5.75810289e+00 6.67567778e+00 7.10022593e+00
    7.45332336e+00 6.50159550e+00 6.97796249e+00 7.74512768e+00
    7.56619406e+00 7.15917969e+00 7.41374159e+00 6.78591967e+00
    6.81002617e+00 6.78387833e+00 5.44662237e+00 4.54834938e+00
    4.41406202e+00 3.79648638e+00 4.04228926e+00 5.63185167e+00
    5.24879551e+00 6.46290541e+00 6.51544189e+00 6.31702137e+00
    6.40819311e+00 6.91309071e+00 7.36751556e+00 7.36350822e+00
    7.30993986e+00 6.24021053e+00 6.76643181e+00 6.05401230e+00
    5.41401768e+00 6.60292768e+00 5.83520079e+00 6.07454252e+00
    7.04450369e+00 5.86790943e+00 5.85664701e+00 5.98787308e+00
    5.52560663e+00 5.06559229e+00 5.63324976e+00 5.82925034e+00
    6.50329971e+00 6.21570730e+00 5.92070770e+00 6.57194710e+00
    5.19251728e+00 5.71898508e+00 5.52705479e+00 6.99369001e+00
    8.15949821e+00 7.46337271e+00 7.72718239e+00 7.60383081e+00
    6.91689348e+00 6.52429247e+00 7.06568289e+00 6.72453547e+00
    6.93791580e+00 6.51182365e+00 6.66730785e+00 6.26817703e+00
    6.74322701e+00 6.88407803e+00 7.02871132e+00 6.38818502e+00
    6.70699453e+00 6.51304531e+00 5.58604050e+00 6.09831095e+00
    6.59110880e+00 6.90116167e+00 6.06613493e+00 7.19103050e+00
    6.61785936e+00 6.73503208e+00 7.35855722e+00 6.62091112e+00
    5.37356758e+00 5.60925055e+00 5.71581411e+00 5.58589220e+00
    5.90060139e+00 6.17959881e+00 6.13014603e+00 6.05612850e+00
    6.05444431e+00 6.02091742e+00 6.02500057e+00 6.73525333e+00
    6.45402622e+00 6.19419622e+00 7.09179449e+00 6.74983072e+00
    6.26135826e+00 7.14855003e+00 6.82517433e+00 5.75994968e+00
    5.46204042e+00 5.83012962e+00 4.10585737e+00 4.78528070e+00
    6.27375793e+00 6.22365093e+00 6.69431257e+00 7.78927994e+00
    7.02919960e+00 7.66369247e+00 6.91505861e+00 7.31613827e+00
    6.64827728e+00 7.13627386e+00 6.49630642e+00 6.80762815e+00
    6.15319824e+00 6.35370493e+00 6.61184406e+00 6.45030928e+00
    6.96903229e+00 5.67949677e+00 5.60752964e+00 6.35930443e+00
    6.05446482e+00 6.20540619e+00 6.62014437e+00 5.67302704e+00
    6.54859161e+00 6.34129190e+00 5.78346682e+00 5.92101002e+00
    6.19832659e+00 6.85061312e+00 6.66776180e+00 7.31484413e+00
    6.81578255e+00 6.15570354e+00 6.56157589e+00 6.47184944e+00
    6.60812616e+00 6.09542465e+00 5.61760950e+00 6.60724926e+00
    6.23426676e+00 6.52750397e+00 6.56905031e+00 6.89974117e+00
    6.11219215e+00 5.77137566e+00 6.45752382e+00 5.88650608e+00
    5.82438993e+00 6.64208078e+00 7.15045977e+00 5.83357620e+00
    5.84158945e+00 6.01285362e+00 4.88073111e+00 4.86968946e+00
    5.59115124e+00 6.86989307e+00 6.93438959e+00 7.09365320e+00
    7.05872822e+00 6.55003691e+00 6.09733677e+00 6.27224970e+00
    7.30787468e+00 6.07462931e+00 5.87488317e+00 5.62513065e+00
    5.03927088e+00 5.15103388e+00 6.29765177e+00 6.70562363e+00
    6.69409657e+00 7.22674751e+00 7.15959597e+00 6.35207891e+00
    6.56004000e+00 6.83280373e+00 6.47914314e+00 6.67367458e+00
    5.60113287e+00 5.98489571e+00 5.86190319e+00 5.92337179e+00
    5.95457697e+00 7.22832012e+00 6.34872818e+00 6.77500725e+00
    6.80340052e+00 6.39990187e+00 5.91177654e+00 7.40363932e+00
    7.22655439e+00 6.80783749e+00 6.92953491e+00 7.47593117e+00
    7.35230017e+00 6.99544954e+00 6.83989191e+00 6.32396793e+00
    6.28325176e+00 6.57800961e+00 6.57189846e+00 6.83902550e+00
    6.52818489e+00 6.51462412e+00 5.01566410e+00 5.79778624e+00
    5.18468571e+00 5.20247889e+00 5.30978632e+00 6.21760225e+00
    5.77544737e+00 7.43068123e+00 6.69950390e+00 7.10610676e+00
    7.07020569e+00 7.10138893e+00 6.61777163e+00 7.46900272e+00
    7.89248943e+00 7.58343983e+00 8.06943417e+00 8.62566471e+00
    6.87526798e+00 7.15962172e+00 8.17086220e+00 7.27962732e+00
    6.95409203e+00 6.91435194e+00 6.03820896e+00 6.06887579e+00
    7.03395987e+00 6.74478531e+00 7.18032598e+00 7.05279350e+00
    7.40973377e+00 7.49053049e+00 7.37171125e+00 6.07356548e+00
    7.07943249e+00 6.74175167e+00 6.68949747e+00 7.09427977e+00
    6.95013142e+00 7.19802523e+00 6.51357269e+00 6.20759010e+00
    6.42678404e+00 6.45583868e+00 6.93851662e+00 8.00410080e+00
    6.32144356e+00 6.63689089e+00 6.80327463e+00 6.57633162e+00
    6.82719946e+00 7.07122183e+00 7.46967697e+00 6.53691578e+00
    6.68666124e+00 6.15056467e+00 5.84020424e+00 4.83886623e+00
    4.78423119e+00 4.11334801e+00 4.24550152e+00 4.78134775e+00
    5.47462797e+00 4.55339098e+00 6.37567949e+00 6.59462595e+00
    6.12588024e+00 7.17137814e+00 6.82960558e+00 7.08042240e+00
    6.64373159e+00 7.02169132e+00 6.96629667e+00 7.25965214e+00
    6.23014069e+00 6.64794827e+00 7.06355476e+00 5.81392622e+00
    6.83279324e+00 7.37673140e+00 5.35133457e+00 6.50474215e+00
    6.32774258e+00 5.45391035e+00 4.95047426e+00 4.48040247e+00
    5.70321274e+00 5.46799183e+00 5.83759642e+00 5.89087725e+00
    6.37050581e+00 5.54008961e+00 6.09939909e+00 6.64352942e+00
    6.44892120e+00 7.31027412e+00 6.51449585e+00 6.05081177e+00
    5.99343634e+00 6.04150057e+00 5.81407642e+00 7.07700729e+00
    7.64831638e+00 7.10226822e+00 6.92035723e+00 6.98861980e+00
    6.03103161e+00 6.07819843e+00 6.86637926e+00 7.10872221e+00
    6.63723040e+00 7.24111557e+00 6.52035952e+00 5.78435659e+00
    6.44321585e+00 5.61840868e+00 6.39539957e+00 6.74541140e+00
    8.34530258e+00 7.38300323e+00 6.11948299e+00 5.72788143e+00
    5.24451160e+00 4.80300379e+00 3.88885593e+00 4.29319572e+00
    5.44771767e+00 4.83675528e+00 5.64831257e+00 7.35005856e+00
    7.34904623e+00 7.10909367e+00 8.34126759e+00 7.07416344e+00
    6.32176352e+00 6.78642178e+00 6.68667793e+00 6.56506014e+00
    6.85696507e+00 6.75793982e+00 6.87350416e+00 6.73394823e+00
    5.99983597e+00 5.27699280e+00 4.58107471e+00 5.45907021e+00
    5.44110680e+00 6.19559002e+00 6.56106901e+00 6.89947653e+00
    6.49106455e+00 6.89192390e+00 7.15054274e+00 7.25707102e+00
    6.86325312e+00 7.12546396e+00 5.99166155e+00 6.09507942e+00
    6.90247250e+00 6.63237095e+00 5.42266512e+00 5.14495802e+00
    5.43878365e+00 5.01522589e+00 4.08854771e+00 5.01963234e+00
    5.78872967e+00 6.51181507e+00 6.70954514e+00 6.72205544e+00
    6.29223490e+00 6.32826328e+00 5.49535751e+00 6.72786045e+00
    7.04326487e+00 6.44771099e+00 6.54419899e+00 5.64358616e+00
    5.97454786e+00 6.43311548e+00 5.92515087e+00 6.31708431e+00
    6.61649036e+00 6.20007324e+00 6.25724173e+00 6.18591833e+00
    6.21013212e+00 5.91112661e+00 6.51001310e+00 6.44624567e+00
    6.68298292e+00 5.32183266e+00 6.03085613e+00 5.11671352e+00
    5.81569004e+00 6.04649734e+00 7.18112612e+00 6.52018213e+00
    6.51195478e+00 5.26847696e+00 4.96472359e+00 5.45613766e+00
    5.71828890e+00 6.11316013e+00 6.30779743e+00 7.31226778e+00
    6.91511679e+00 8.02702522e+00 7.03084707e+00 7.11908054e+00
    7.00330019e+00 6.39208937e+00 5.28583145e+00 6.61138105e+00
    5.74073887e+00 6.58580685e+00 6.63827610e+00 5.95332909e+00
    6.84227705e+00 6.73321247e+00 5.73813295e+00 6.53340626e+00
    6.87430954e+00 6.40485144e+00 6.66174555e+00 6.09097338e+00
    6.13297606e+00 5.23659849e+00 5.25672674e+00 5.84736681e+00
    6.95439148e+00 7.62290525e+00 7.09375381e+00 7.26310444e+00
    8.37182331e+00 7.35130692e+00 6.47047806e+00 7.34538507e+00
    6.94190359e+00 6.97955799e+00 7.17839289e+00 6.86088705e+00
    6.76030970e+00 6.13840389e+00 6.55569077e+00 6.55165243e+00
    7.30845404e+00 7.69303274e+00 7.64758921e+00 7.05701780e+00
    7.70228195e+00 7.10142040e+00 6.79931927e+00 6.36519194e+00
    6.63173246e+00 5.96760035e+00 6.91289377e+00 5.83481026e+00
    6.77852488e+00 6.87252045e+00 7.89165163e+00 7.20015097e+00
    7.74381304e+00 7.12103605e+00 6.62283850e+00 7.63894987e+00
    7.78990173e+00 6.81124783e+00 6.81539392e+00 7.02003384e+00
    7.18559742e+00 7.16639090e+00 7.20660257e+00 7.65989256e+00
    6.91156530e+00 7.51225519e+00 7.30234289e+00 7.28449678e+00
    6.05216503e+00 6.92908859e+00 6.63939428e+00 6.81275988e+00
    6.95790958e+00 6.74586010e+00 7.56854057e+00 7.77091551e+00
    7.34216118e+00 7.19884491e+00 7.58680105e+00 7.05689955e+00
    7.36850071e+00 6.86662483e+00 7.34473848e+00 6.94229889e+00
    7.30117655e+00 6.67396116e+00 6.04092836e+00 6.23386335e+00
    6.78231382e+00 6.69594336e+00 7.40684748e+00 7.54799938e+00
    7.16125774e+00 7.60344267e+00 6.74877214e+00 6.73145485e+00
    6.46211433e+00 5.51858950e+00 5.22753143e+00 4.30263901e+00
    4.72898674e+00 5.27100277e+00 5.28759670e+00 6.19067287e+00
    6.38128233e+00 7.27557373e+00 6.20969772e+00 6.63372517e+00
    6.44828272e+00 5.29098511e+00 6.57043219e+00 6.42773056e+00
    6.82426834e+00 5.61517811e+00 6.79633522e+00 5.74236584e+00
    5.92115211e+00 5.98188639e+00 5.28681803e+00 6.16771936e+00
    6.28576708e+00 6.46147013e+00 6.19317198e+00 5.88200808e+00
    5.30966091e+00 3.77384996e+00 5.28461266e+00 4.13526583e+00
    4.36984158e+00 4.70163774e+00 4.74617290e+00 5.56269979e+00
    5.93569088e+00 5.17399216e+00 5.79388380e+00 5.47359657e+00
    6.90885496e+00 5.99570465e+00 5.50470686e+00 5.88233042e+00
    5.16924524e+00 5.14900255e+00 5.49165392e+00 5.98118401e+00
    6.49822569e+00 6.55482292e+00 7.32015467e+00 7.14154720e+00
    6.96949005e+00 6.85705566e+00 7.14013195e+00 7.12975025e+00
    7.28782034e+00 6.98602104e+00 5.90934610e+00 5.70712090e+00
    6.80715561e+00 7.48763561e+00 6.45037889e+00 7.24523401e+00
    6.71329832e+00 6.10878325e+00 6.42633820e+00 6.32230282e+00
    4.54167223e+00 4.99800205e+00 5.18815184e+00 4.62507153e+00
    5.58059978e+00 6.47877598e+00 6.15819693e+00 7.37173462e+00
    7.62203693e+00 7.10863161e+00 7.21399355e+00 7.80677795e+00
    6.71377802e+00 7.48953056e+00 7.37505484e+00 7.02808809e+00
    7.82317495e+00 7.58148050e+00 7.15115070e+00 7.47399092e+00
    6.40140629e+00 5.12006187e+00 4.59153891e+00 4.34221077e+00
    4.82233334e+00 4.36575317e+00 5.72314548e+00 7.15874338e+00
    7.20174217e+00 8.06103420e+00 7.49109030e+00 7.74917650e+00
    6.64044952e+00 6.56036139e+00 6.38713598e+00 6.77974176e+00
    7.05551338e+00 7.54030704e+00 6.26325607e+00 6.85255384e+00
    5.95688534e+00 5.28648901e+00 4.78419065e+00 5.31538105e+00
    5.94706583e+00 6.26386452e+00 5.86474133e+00 6.87652969e+00
    6.71982145e+00 6.42718363e+00 6.68104315e+00 6.89267731e+00
    6.51751995e+00 6.44148970e+00 6.62865162e+00 6.62722301e+00
    7.18667698e+00 6.20945835e+00 6.39554453e+00 6.90754128e+00
    6.26190329e+00 6.12965107e+00 5.75366116e+00 7.06730604e+00
    5.50246716e+00 6.39314747e+00 6.41416645e+00 5.83022499e+00
    6.02631712e+00 5.62754965e+00 6.13288307e+00 5.54177856e+00
    5.62910080e+00 6.41631079e+00 6.93301773e+00 6.99752951e+00
    7.06946707e+00 6.90960407e+00 5.92447042e+00 5.98185301e+00
    6.19937706e+00 6.07052851e+00 7.11877108e+00 7.18553209e+00
    7.95731592e+00 7.04701471e+00 7.81222916e+00 6.90079737e+00
    7.80251551e+00 7.39013720e+00 6.19343185e+00 6.41315126e+00
    7.03038263e+00 6.19269848e+00 7.64389896e+00 6.28457975e+00
    7.08145332e+00 6.76101255e+00 6.03011084e+00 5.25332403e+00
    6.69321060e+00 6.36137962e+00 6.24135447e+00 5.80397654e+00
    5.36070681e+00 4.72059965e+00 4.66468716e+00 4.88720226e+00
    5.84730959e+00 6.50385427e+00 7.22185135e+00 7.00948763e+00
    6.49166203e+00 5.92564631e+00 5.27884436e+00 7.29623175e+00
    7.14523506e+00 7.52366304e+00 8.30344963e+00 8.54224873e+00
    7.34706593e+00 7.15990305e+00 6.51526546e+00 6.70358467e+00
    5.81244898e+00 6.56350994e+00 6.63180399e+00 6.70221090e+00
    6.10803652e+00 6.52436304e+00 6.70327282e+00 6.95160437e+00
    6.56625652e+00 6.30405188e+00 5.73127794e+00 6.18577719e+00
    6.05983829e+00 6.81335306e+00 7.18684149e+00 7.09694862e+00
    6.92177916e+00 7.44311476e+00 6.59527493e+00 5.99482632e+00
    5.99625254e+00 6.65710211e+00 6.16679001e+00 6.53245354e+00
    6.73911476e+00 6.31785345e+00 7.17741108e+00 7.42238283e+00
    8.16475487e+00 7.46917582e+00 6.59179163e+00 6.60911846e+00
    6.79683924e+00 6.79777479e+00 6.92180490e+00 6.78766489e+00
    6.88241100e+00 6.88637018e+00 6.06018829e+00 8.28527641e+00
    7.29544020e+00 7.62947750e+00 7.60056257e+00 8.15469837e+00
    7.21594667e+00 7.40596867e+00 6.34278440e+00 6.22336817e+00
    5.92654514e+00 5.24573517e+00 5.28305769e+00 6.35835218e+00
    6.38023281e+00 6.86935472e+00 6.89333725e+00 6.54312706e+00
    6.88093138e+00 6.60633135e+00 6.90859699e+00 6.40775061e+00
    6.50331736e+00 5.90578079e+00 6.16479921e+00 5.59994078e+00
    4.87826777e+00 5.32743073e+00 5.87574959e+00 6.22547770e+00
    6.80045843e+00 6.32184076e+00 6.80457449e+00 6.78124142e+00
    6.70662308e+00 6.56486320e+00 6.51618338e+00 6.92765379e+00
    7.61111641e+00 7.12717199e+00 7.30279064e+00 6.75667191e+00
    5.86088467e+00 6.13226318e+00 6.26373243e+00 6.20429325e+00
    6.38220692e+00 5.99635696e+00 5.92695808e+00 5.32486677e+00
    5.48138380e+00 6.37660408e+00 4.73077106e+00 5.42748642e+00
    6.47846174e+00 5.52752352e+00 5.76047087e+00 5.14720201e+00
    5.89693546e+00 5.86922359e+00 6.93490458e+00 7.26910400e+00
    5.92500734e+00 6.22833538e+00 6.70593309e+00 5.46942759e+00
    5.63734770e+00 5.61077309e+00 5.10038662e+00 4.66456556e+00
    5.94201326e+00 5.66019106e+00 7.00976896e+00 6.57793617e+00
    6.67352486e+00 6.50322390e+00 6.70927238e+00 6.24120903e+00
    5.98086548e+00 6.65722227e+00 6.25836086e+00 6.51265287e+00
    6.53901720e+00 6.26522636e+00 5.91242075e+00 6.17272568e+00
    5.54767656e+00 5.98368025e+00 5.98691320e+00 5.80669403e+00
    5.42905617e+00 5.39620256e+00 6.30717325e+00 5.50297403e+00
    5.98396158e+00 7.63904333e+00 6.34283972e+00 6.83018112e+00
    6.82395029e+00 6.83687687e+00 6.70388556e+00 7.32663345e+00
    7.51677036e+00 7.25068331e+00 6.65255070e+00 6.49576616e+00
    6.84181023e+00 7.68858433e+00 7.16823435e+00 7.16692734e+00
    7.31125164e+00 5.89014912e+00 4.49130392e+00 5.16534042e+00
    4.66331291e+00 4.53452492e+00 5.04729795e+00 7.09135103e+00
    5.87532425e+00 6.62938309e+00 7.26851034e+00 6.18241978e+00
    6.92899561e+00 7.12944555e+00 7.04990768e+00 6.67726707e+00
    6.77479935e+00 6.75217772e+00 6.46123123e+00 6.02400637e+00
    6.17412996e+00 4.70698643e+00 4.97998714e+00 4.50597954e+00
    4.60556746e+00 6.03589821e+00 6.75460815e+00 6.78455830e+00
    7.29634190e+00 7.40148687e+00 7.26106548e+00 7.94916201e+00
    7.87906218e+00 7.60917521e+00 6.74862051e+00 6.80701113e+00
    7.09256935e+00 6.77291107e+00 6.80570078e+00 7.55759239e+00
    7.65929556e+00 6.68678188e+00 6.69164419e+00 6.29962540e+00
    6.12894773e+00 4.90217113e+00 6.37737370e+00 7.00121117e+00
    6.96997499e+00 6.71693182e+00 6.73074055e+00 6.65320110e+00
    7.05139780e+00 7.08913946e+00 7.58662987e+00 7.68283987e+00
    7.76106930e+00 7.53849268e+00 6.02681875e+00 6.08071899e+00
    6.28265715e+00 6.75572062e+00 6.27489281e+00 7.16422749e+00
    6.79732752e+00 7.28169394e+00 6.42512131e+00 6.79865789e+00
    6.99113226e+00 6.78624725e+00 6.83821726e+00 6.06903696e+00
    6.31597519e+00 6.34464216e+00 6.12956524e+00 6.12096548e+00
    5.05826807e+00 6.79943085e+00 6.19482231e+00 6.26727915e+00
    6.77317619e+00 7.06363487e+00 6.38947630e+00 6.70318270e+00
    6.26867390e+00 5.53512716e+00 4.49168777e+00 5.35629034e+00
    5.70675564e+00 7.34311914e+00 6.13216686e+00 6.30226421e+00
    6.58635044e+00 7.22757959e+00 6.23453617e+00 7.39521408e+00
    7.29319096e+00 7.42914963e+00 7.03666925e+00 7.28015327e+00
    7.15427017e+00 6.62445402e+00 6.32166576e+00 6.27995491e+00
    6.97498465e+00 6.17080355e+00 6.90870476e+00 7.35325909e+00
    7.33746815e+00 7.25676203e+00 7.34226370e+00 6.48461008e+00
    6.43600845e+00 6.40227318e+00 6.47225094e+00 5.61199760e+00
    6.37227774e+00 7.13002014e+00 7.24345255e+00 7.36092138e+00
    7.00152254e+00 7.10807276e+00 6.52256203e+00 7.22363424e+00
    6.95041132e+00 6.76909733e+00 6.66113997e+00 6.19176483e+00
    5.97954941e+00 7.02774763e+00 7.31787872e+00 6.66544676e+00
    7.45749664e+00 7.22229624e+00 7.00374222e+00 6.91243887e+00
    6.83507013e+00 6.51579237e+00 6.61985254e+00 6.31908989e+00
    6.60908031e+00 7.13659334e+00 6.83672714e+00 6.69405746e+00
    7.35143280e+00 6.43172216e+00 7.51098013e+00 7.42658901e+00
    7.75326300e+00 8.61639977e+00 8.00215149e+00 6.87628841e+00
    6.86004543e+00 6.90898275e+00 6.87048244e+00 5.94973135e+00
    5.77061224e+00 5.95249748e+00 6.04528475e+00 5.59952831e+00
    5.62269449e+00 7.05573034e+00 6.41751385e+00 7.10893679e+00
    6.96536827e+00 6.78564215e+00 6.09779024e+00 5.14748335e+00
    5.47656536e+00 4.66695976e+00 4.72845984e+00 5.59501314e+00
    5.98569393e+00 6.97246838e+00 7.74262619e+00 6.79008389e+00
    6.75154829e+00 7.30942202e+00 7.11929083e+00 6.81292105e+00
    7.00668287e+00 6.72175074e+00 6.59719181e+00 7.36456871e+00
    6.07509518e+00 6.45354414e+00 6.20488834e+00 6.65012407e+00
    6.30498409e+00 6.41747665e+00 5.38860321e+00 5.74633551e+00
    5.35250235e+00 5.43788719e+00 5.57939672e+00 5.12870169e+00
    6.03534460e+00 6.15392685e+00 5.57146263e+00 5.68017006e+00
    6.12573195e+00 6.22601938e+00 6.80478716e+00 7.11707354e+00
    5.93008137e+00 5.42213154e+00 5.38864088e+00 5.45795727e+00
    4.54915380e+00 4.86161232e+00 5.26922083e+00 6.15107250e+00
    5.95373201e+00 6.22260857e+00 5.65392780e+00 7.19350386e+00
    6.04392338e+00 6.17677355e+00 6.76805782e+00 6.81217384e+00
    6.82923126e+00 6.98715782e+00 6.25030136e+00 5.86122465e+00
    6.02784395e+00 5.88170433e+00 6.10672903e+00 5.85318422e+00
    6.91258192e+00 6.51564312e+00 6.75597906e+00 6.13228798e+00
    7.24888659e+00 5.13091564e+00 6.01143122e+00 5.67267084e+00
    6.18438196e+00 6.33488274e+00 7.91601324e+00 7.73703957e+00
    8.26046753e+00 7.75551939e+00 7.78191948e+00 7.81038666e+00
    6.59673691e+00 6.99419498e+00 6.49631310e+00 6.38788366e+00
    6.36053133e+00 6.80301809e+00 7.03033257e+00 7.10010052e+00
    7.41912317e+00 6.58848906e+00 5.77225971e+00 5.33217192e+00
    4.68851089e+00 3.66135430e+00 4.51207161e+00 6.27243519e+00
    6.43005514e+00 6.73027658e+00 7.13436985e+00 6.97682571e+00
    6.47362709e+00 7.45134306e+00 6.24999523e+00 6.81706285e+00
    6.28678799e+00 7.56836987e+00 6.30597258e+00 6.34664631e+00
    5.86168766e+00 5.63948298e+00 4.31817293e+00 4.77835321e+00
    5.66924858e+00 5.36980104e+00 6.81848812e+00 7.09711838e+00
    6.84881639e+00 7.31411076e+00 6.65145206e+00 7.27008295e+00
    7.12964344e+00 6.56787872e+00 6.93313265e+00 7.11603451e+00
    7.50393677e+00 7.35610962e+00 6.75871754e+00 7.46213388e+00
    7.20901346e+00 6.45941877e+00 5.75215578e+00 6.17402077e+00
    6.12298632e+00 6.01175499e+00 6.21437216e+00 6.43180656e+00
    5.67071724e+00 6.12042379e+00 6.31980085e+00 5.97357035e+00
    5.63800478e+00 5.99718857e+00 6.56381750e+00 6.52520466e+00
    6.69493961e+00 6.42023182e+00 5.62898207e+00 5.90886641e+00
    5.87193775e+00 6.69377756e+00 8.13442326e+00 7.73187828e+00
    8.32980251e+00 6.19526577e+00 6.03549623e+00 6.33675814e+00
    5.98257685e+00 6.89650679e+00 7.20967531e+00 6.94687843e+00
    6.54354191e+00 6.23815155e+00 5.98436069e+00 6.06371689e+00
    5.93833065e+00 5.95803976e+00 5.55929613e+00 5.06820536e+00
    5.55763912e+00 6.68600988e+00 6.75822258e+00 6.81391048e+00
    6.29579639e+00 6.46862173e+00 6.14601660e+00 5.28787756e+00
    5.77849770e+00 5.43323326e+00 5.91927338e+00 5.78239441e+00
    7.13133049e+00 6.16176653e+00 6.83391476e+00 7.67053890e+00
    8.37896252e+00 7.06529427e+00 7.16006136e+00 7.22756386e+00
    6.18148136e+00 5.86877155e+00 6.14893198e+00 5.94115353e+00
    6.29276800e+00 6.60999298e+00 6.48620176e+00 7.66009855e+00
    7.49252129e+00 7.89227867e+00 7.20061302e+00 7.43955755e+00
    7.91046190e+00 6.35114145e+00 7.19032192e+00 6.95238066e+00
    6.31209993e+00 6.46047020e+00 7.27209425e+00 6.66017008e+00
    7.92120934e+00 7.58137083e+00 7.41390848e+00 7.29429913e+00
    7.62761736e+00 7.57813787e+00 8.23221493e+00 7.76080132e+00
    7.19486094e+00 6.66099119e+00 6.75076675e+00 6.88236904e+00
    6.75393200e+00 6.66074657e+00 6.94936323e+00 6.90872765e+00
    6.88253927e+00 7.88898802e+00 6.05423784e+00 6.54906702e+00
    5.92215490e+00 5.93718290e+00 6.36988640e+00 6.46233177e+00
    7.22325468e+00 6.66276884e+00 6.66692638e+00 7.02631235e+00
    7.80200768e+00 7.83374357e+00 8.42532921e+00 7.80955410e+00
    7.10465193e+00 6.61149836e+00 6.35839939e+00 5.69907236e+00
    5.70436144e+00 5.54994154e+00 5.75707483e+00 5.22738314e+00
    5.79368353e+00 5.73040819e+00 6.67303085e+00 6.30355263e+00
    6.97041082e+00 7.52273321e+00 6.70834970e+00 5.81840086e+00
    5.41485453e+00 5.61215687e+00 5.88302851e+00 5.92178535e+00
    5.74265432e+00 6.00089502e+00 6.74421358e+00 7.29127169e+00
    6.81184196e+00 6.67323303e+00 5.43518162e+00 5.93128061e+00
    6.32174110e+00 7.20129538e+00 6.22075653e+00 6.22387505e+00
    7.01065493e+00 6.00267410e+00 7.36417723e+00 6.98058891e+00
    7.31134701e+00 5.76971483e+00 6.26106215e+00 5.87331581e+00
    6.03967857e+00 5.72501659e+00 5.96403360e+00 5.62683773e+00
    5.76608992e+00 5.42499399e+00 6.01489401e+00 6.23911381e+00
    6.37364197e+00 6.52328062e+00 7.33797169e+00 6.45181847e+00
    5.21925068e+00 4.87548923e+00 4.83199072e+00 4.57447386e+00
    5.71055031e+00 4.21229315e+00 5.94181204e+00 5.06081343e+00
    6.70629406e+00 6.01402569e+00 7.11772585e+00 5.70376635e+00
    7.33279514e+00 7.45662212e+00 7.92757988e+00 7.71542788e+00
    6.64837646e+00 7.34473705e+00 7.67175531e+00 6.41081429e+00
    6.40881491e+00 6.91284704e+00 6.51547480e+00 7.57546568e+00
    7.64663029e+00 8.21762276e+00 7.14413023e+00 6.91870117e+00
    6.17206812e+00 5.88387012e+00 4.54561043e+00 6.05490494e+00
    5.64115858e+00 6.56443262e+00 6.50844812e+00 6.96051216e+00
    6.91245556e+00 7.19169569e+00 6.90320301e+00 6.87796021e+00
    6.51266098e+00 6.77417755e+00 6.99576330e+00 6.24630690e+00
    6.53953362e+00 7.96363258e+00 7.14629507e+00 7.64287615e+00
    7.31922579e+00 6.72112799e+00 5.79792309e+00 5.67683363e+00
    4.80115652e+00 4.63237238e+00 5.25841427e+00 5.75851870e+00
    5.95665264e+00 7.07453871e+00 7.27615547e+00 6.51198196e+00
    5.08188677e+00 6.55622435e+00 6.24414825e+00 5.84364319e+00
    6.49274635e+00 5.64773893e+00 5.59232950e+00 6.54263592e+00
    5.60509729e+00 4.39118481e+00 4.39294100e+00 4.74596739e+00
    5.51855421e+00 5.37004375e+00 6.87127113e+00 8.02220631e+00
    7.70103121e+00 7.45240784e+00 7.25993681e+00 6.57951117e+00
    6.59701586e+00 6.79464197e+00 6.85283804e+00 6.56141043e+00
    6.81245327e+00 5.98460340e+00 6.79538012e+00 6.79074621e+00
    7.12324619e+00 5.62333488e+00 5.30195284e+00 5.69426012e+00
    5.20412254e+00 5.60986471e+00 5.96505404e+00 7.20653582e+00
    6.74041653e+00 5.57751751e+00 6.25581980e+00 6.52380610e+00
    5.86664343e+00 5.69494390e+00 5.46645403e+00 5.75311518e+00
    6.10959530e+00 6.90434122e+00 5.57289457e+00 6.88877392e+00
    7.21084261e+00 7.93469048e+00 7.76269817e+00 7.91305733e+00
    7.73447037e+00 7.55627394e+00 6.69249725e+00 5.70421219e+00
    6.52772903e+00 5.99896622e+00 5.21411562e+00 5.75463343e+00
    5.33599663e+00 4.83704472e+00 6.47869253e+00 6.31437540e+00
    5.31565142e+00 5.51376009e+00 5.58228445e+00 5.77739763e+00
    5.85757971e+00 6.32753754e+00 5.94074202e+00 6.35651588e+00
    6.75074387e+00 6.14187384e+00 5.36603689e+00 5.41806173e+00
    5.89321518e+00 6.55066633e+00 6.73375463e+00 6.74552536e+00
    6.75546503e+00 7.14455986e+00 6.95252514e+00 8.50409031e+00
    7.69814301e+00 8.30048370e+00 7.18820667e+00 6.28653336e+00
    6.47458553e+00 6.62882900e+00 5.91879845e+00 5.87447882e+00
    6.92469358e+00 6.76643896e+00 6.29173422e+00 6.79063797e+00
    7.83963537e+00 6.74491835e+00 7.74284124e+00 7.95565128e+00
    7.44275618e+00 7.22702885e+00 7.14306736e+00 7.30636835e+00
    6.02688408e+00 6.62273455e+00 6.95078516e+00 8.07687378e+00
    7.10269594e+00 8.00967407e+00 8.43372536e+00 8.16211414e+00
    7.96484756e+00 7.46179342e+00 7.12675428e+00 7.26139450e+00
    6.93681335e+00 7.89716530e+00 7.23907614e+00 6.69067764e+00
    6.22453165e+00 5.45931053e+00 5.89411211e+00 6.65485382e+00
    7.17454100e+00 7.02572680e+00 8.08434772e+00 6.52536106e+00
    6.47583008e+00 6.64177370e+00 6.24163628e+00 6.40900755e+00
    6.16590500e+00 6.82521772e+00 6.94420624e+00 7.09270477e+00
    6.50325155e+00 8.33783817e+00 7.85426950e+00 8.07236767e+00
    8.08163261e+00 6.42864275e+00 6.39534855e+00 4.40307808e+00
    4.57122040e+00 4.19599009e+00 5.58352470e+00 5.66222715e+00
    5.60901022e+00 5.98377943e+00 7.13840914e+00 7.83073425e+00
    5.96253347e+00 5.97580910e+00 5.47610188e+00 4.85801220e+00
    4.79680014e+00 6.16943693e+00 6.61954975e+00 7.03981733e+00
    7.62114763e+00 7.61535978e+00 7.89300203e+00 7.20738506e+00
    6.55980682e+00 5.99463463e+00 6.18187714e+00 5.57468128e+00
    6.58030367e+00 5.79321289e+00 5.89573479e+00 5.85456276e+00
    5.82613754e+00 5.40782976e+00 6.33223009e+00 7.20433235e+00
    6.30038071e+00 6.36147404e+00 5.85572195e+00 6.33633900e+00
    5.48182154e+00 6.32501173e+00 6.96295977e+00 6.36649799e+00
    5.68240881e+00 5.13344526e+00 5.80621529e+00 6.29003096e+00
    6.52330112e+00 6.69046879e+00 7.60071278e+00 6.67044878e+00
    5.90480900e+00 5.30334616e+00 6.25436258e+00 6.06191826e+00
    5.53139639e+00 6.11822319e+00 6.04184008e+00 6.09124660e+00
    5.83943796e+00 6.12025309e+00 6.57183552e+00 6.52912140e+00
    6.89156294e+00 7.39786816e+00 7.82664728e+00 7.41967010e+00
    7.36450481e+00 7.27379322e+00 6.35133219e+00 6.74552250e+00
    7.24420738e+00 8.44011784e+00 7.96656513e+00 6.38955975e+00
    7.09875965e+00 8.11791897e+00 7.05603743e+00 6.81767988e+00
    7.23723888e+00 6.22972870e+00 6.75556040e+00 5.95335007e+00
    7.24902153e+00 6.86982822e+00 7.92318916e+00 7.22713470e+00
    7.88067484e+00 7.41915703e+00 5.83462620e+00 7.33010101e+00
    6.48109293e+00 5.46829987e+00 5.81025696e+00 5.81317854e+00
    5.81966400e+00 5.88381815e+00 6.49270773e+00 7.51101637e+00
    7.34862185e+00 6.66873837e+00 5.31977987e+00 5.54837370e+00
    4.27393866e+00 4.36856556e+00 4.76853466e+00 6.18235731e+00
    5.62613678e+00 6.84909773e+00 6.10393333e+00 6.09713602e+00
    5.10145903e+00 5.29000759e+00 5.62714338e+00 5.24841881e+00
    5.98556805e+00 6.43982601e+00 5.52854729e+00 5.52821350e+00
    5.80793381e+00 4.99073219e+00 5.59514332e+00 5.80327797e+00
    5.89489222e+00 6.69236898e+00 7.04696941e+00 7.84814310e+00
    7.52903938e+00 6.46982002e+00 7.11741066e+00 6.42878485e+00
    7.37033844e+00 7.31628180e+00 6.59800386e+00 6.56677961e+00
    6.06221533e+00 6.87216997e+00 6.36315918e+00 6.04273319e+00
    5.94207716e+00 5.83329535e+00 5.07067251e+00 5.21793222e+00
    6.21844339e+00 6.72544813e+00 6.79819775e+00 6.57863712e+00
    6.91314840e+00 6.52962303e+00 7.09260273e+00 6.19630671e+00
    5.43502045e+00 5.63473225e+00 6.26691818e+00 5.89569473e+00
    6.41660309e+00 7.26890659e+00 7.23097563e+00 6.98713541e+00
    7.91208982e+00 8.02274036e+00 8.82169628e+00 7.84916925e+00
    7.55049324e+00 6.89995956e+00 6.48088837e+00 5.99571753e+00
    6.80990410e+00 6.53783798e+00 6.10348320e+00 5.78193808e+00
    6.23471737e+00 5.53352070e+00 5.25349474e+00 4.84530401e+00
    5.15527916e+00 5.15145016e+00 5.05791283e+00 5.73334074e+00
    5.75740242e+00 6.96401834e+00 6.94592476e+00 7.47304010e+00
    6.32848072e+00 5.40558863e+00 5.51387787e+00 5.39129019e+00
    4.89763594e+00 5.81538391e+00 6.47932577e+00 6.31585026e+00
    6.40904808e+00 7.57796907e+00 6.32100010e+00 6.84774542e+00
    8.08158207e+00 7.54057312e+00 6.88204622e+00 6.99117136e+00
    6.79217100e+00 6.05399466e+00 5.92071676e+00 6.52113628e+00
    6.39758253e+00 6.23182917e+00 7.54629660e+00 6.70220232e+00
    6.70164728e+00 7.32857037e+00 6.79184341e+00 7.02603817e+00
    6.63710833e+00 7.15804100e+00 6.63683367e+00 6.88858938e+00
    7.58718824e+00 6.79602575e+00 7.72783041e+00 8.34414959e+00
    8.61636543e+00 7.07077217e+00 8.02118587e+00 8.39981651e+00
    7.39873886e+00 8.37975883e+00 9.18855476e+00 7.15248823e+00
    7.07221985e+00 6.86198473e+00 7.35608816e+00 6.56117058e+00
    7.32662630e+00 6.78105736e+00 5.58213568e+00 6.04021883e+00
    6.45128441e+00 6.81802320e+00 7.08204174e+00 6.44030046e+00
    7.12024212e+00 6.90185356e+00 6.77095079e+00 6.88213730e+00
    6.38038588e+00 6.86690569e+00 6.15929317e+00 6.36996984e+00
    7.17625141e+00 7.85588980e+00 8.15775299e+00 7.45116186e+00
    6.91631079e+00 6.63263988e+00 4.81271553e+00 5.95362282e+00
    4.87601089e+00 5.00083590e+00 5.51780033e+00 5.44168091e+00
    5.68314409e+00 6.57822132e+00 6.90876198e+00 6.51983166e+00
    6.77746630e+00 5.82554197e+00 5.40273380e+00 5.22892570e+00
    5.28385592e+00 5.33212757e+00 6.39723587e+00 6.19509745e+00
    6.12694216e+00 5.95932722e+00 7.64984560e+00 6.30369759e+00
    6.96298122e+00 7.38185310e+00 7.87354183e+00 7.47112608e+00
    7.73746014e+00 7.86886215e+00 5.80485725e+00 6.78481579e+00
    5.84239292e+00 5.85593224e+00 5.55568457e+00 7.18568802e+00
    6.32359838e+00 6.54770756e+00 6.78903961e+00 6.55388451e+00
    6.74445629e+00 7.86047411e+00 7.13085318e+00 7.42108536e+00
    7.21415281e+00 6.67387581e+00 5.70558596e+00 6.30698061e+00
    6.37088060e+00 6.78550053e+00 6.53644514e+00 6.49530315e+00
    6.13076973e+00 5.24717903e+00 6.89415216e+00 6.36982012e+00
    6.73443222e+00 5.85175371e+00 6.68279648e+00 5.58424997e+00
    6.00232935e+00 5.26962852e+00 6.14891100e+00 6.71527672e+00
    6.36697721e+00 7.34769011e+00 7.78802299e+00 6.11989784e+00
    5.84494829e+00 6.21597433e+00 6.86391878e+00 6.39777613e+00
    5.28894424e+00 6.64611053e+00 6.64643288e+00 7.04533863e+00
    7.13453579e+00 8.71427631e+00 8.29583263e+00 7.56834316e+00
    8.23297691e+00 7.06609344e+00 6.37456369e+00 7.20727062e+00
    7.35902643e+00 8.03584671e+00 7.63081789e+00 7.57610369e+00
    7.20244360e+00 6.58982182e+00 7.33377171e+00 6.58448792e+00
    7.14629364e+00 5.90542412e+00 5.49815130e+00 5.56268454e+00
    5.20260096e+00 6.69689322e+00 6.10996532e+00 6.65059566e+00
    6.56946468e+00 6.99750614e+00 6.27482700e+00 5.35257387e+00
    5.15389967e+00 4.58905840e+00 4.65617228e+00 5.13678312e+00
    4.92588568e+00 4.91904688e+00 6.20386171e+00 5.73288202e+00
    5.66018629e+00 6.52969933e+00 6.39794827e+00 5.85727167e+00
    5.97974873e+00 6.15196943e+00 6.11991453e+00 6.31782818e+00
    7.48069811e+00 5.91405630e+00 5.43853188e+00 5.60095263e+00
    6.49142551e+00 6.48025036e+00 7.54212523e+00 7.46647882e+00
    8.46670628e+00 6.76460123e+00 6.64266825e+00 6.81148434e+00
    5.98471689e+00 7.16569328e+00 5.96023512e+00 5.77110672e+00
    6.31421518e+00 5.10212803e+00 5.94961452e+00 6.13424826e+00
    6.32464933e+00 6.18858671e+00 5.69819260e+00 5.59862137e+00
    5.28683567e+00 4.80376816e+00 5.75225210e+00 6.26252413e+00
    6.68379784e+00 6.32712793e+00 5.61357307e+00 6.56865120e+00
    6.03370619e+00 5.16825151e+00 5.56285810e+00 5.50042868e+00
    6.18814230e+00 7.00299549e+00 6.48525906e+00 5.93764782e+00
    6.34871674e+00 6.83657265e+00 7.20241308e+00 7.74603176e+00
    7.50451660e+00 6.04767895e+00 5.79544020e+00 5.94132328e+00
    6.08557272e+00 7.13959074e+00 7.40665483e+00 5.86870003e+00
    5.74189520e+00 5.68810654e+00 4.82190132e+00 6.21948671e+00
    6.34189939e+00 6.41028214e+00 6.23989820e+00 6.30904770e+00
    6.42148542e+00 6.55591440e+00 6.72137594e+00 6.62317610e+00
    6.46311474e+00 5.90994358e+00 4.74936724e+00 4.72212696e+00
    4.61686707e+00 5.28155947e+00 5.19917154e+00 6.01013041e+00
    6.30588102e+00 6.62446880e+00 7.38013363e+00 7.86921072e+00
    8.58131599e+00 7.33434868e+00 6.45170593e+00 5.40628290e+00
    4.88149166e+00 4.92982483e+00 5.78859711e+00 5.78191853e+00
    6.75981426e+00 7.58667374e+00 7.46774340e+00 7.60877323e+00
    6.92825699e+00 6.51238966e+00 5.94882202e+00 5.22819805e+00
    6.38894796e+00 6.04567146e+00 6.38357210e+00 6.49508429e+00
    7.20405626e+00 7.51165628e+00 7.60718346e+00 7.77349615e+00
    7.34816599e+00 6.98183250e+00 7.94338560e+00 8.85898972e+00
    8.20196247e+00 8.46154499e+00 8.80606651e+00 8.17068005e+00
    7.03490114e+00 7.78947544e+00 6.59881830e+00 6.11159039e+00
    5.56187439e+00 5.63503838e+00 6.36086035e+00 5.84815454e+00
    5.63626623e+00 6.23002720e+00 6.39157486e+00 6.21302795e+00
    6.50945044e+00 6.94355202e+00 6.62323904e+00 5.74488497e+00
    5.89857340e+00 5.73318958e+00 6.56246758e+00 5.57512474e+00
    5.62191868e+00 6.21799135e+00 7.10780573e+00 6.90579271e+00
    7.15346384e+00 6.59464598e+00 6.57234621e+00 5.34099960e+00
    5.82784081e+00 5.83221054e+00 6.45820618e+00 6.72287083e+00
    6.99830341e+00 7.09908247e+00 7.89109325e+00 7.88189888e+00
    7.37958431e+00 6.74380636e+00 6.14340019e+00 5.86831760e+00
    5.09757137e+00 5.23826742e+00 5.44632006e+00 7.06086636e+00
    6.55402422e+00 6.13862753e+00 6.09411049e+00 6.25959539e+00
    5.18699837e+00 5.78303003e+00 6.37767553e+00 6.06759691e+00
    7.03079224e+00 6.82732010e+00 6.18328762e+00 5.57183409e+00
    6.86206675e+00 6.02724791e+00 6.72629404e+00 6.56796217e+00
    6.75441599e+00 5.78407335e+00 6.45805693e+00 6.84286976e+00
    6.92418432e+00 7.19699097e+00 7.30299282e+00 6.48677731e+00
    6.38153267e+00 5.83824682e+00 6.87678528e+00 6.70756912e+00
    6.53848886e+00 6.81073332e+00 6.73281765e+00 5.94001675e+00
    7.01206255e+00 5.43426371e+00 5.34898901e+00 6.69925690e+00
    6.01941490e+00 6.46344614e+00 6.94106770e+00 7.27714157e+00
    6.25677204e+00 5.95659781e+00 7.02152061e+00 6.55034018e+00
    7.20283270e+00 5.89434433e+00 7.43824768e+00 6.51061344e+00
    5.79649210e+00 6.21068192e+00 6.11531687e+00 6.42384863e+00
    5.73504210e+00 6.36858511e+00 7.70263815e+00 6.38471937e+00
    7.56189728e+00 8.31541061e+00 7.98101330e+00 7.08641291e+00
    7.68444824e+00 6.85168600e+00 5.80082273e+00 5.91830778e+00
    6.71645308e+00 6.67413425e+00 6.34675789e+00 6.81274748e+00
    6.99593782e+00 7.17414570e+00 6.45890999e+00 7.10661125e+00
    5.88759279e+00 7.12726116e+00 6.88866043e+00 6.42794037e+00
    6.87098455e+00 6.83382416e+00 7.05394411e+00 7.02242279e+00
    7.55070448e+00 6.26615524e+00 5.83288956e+00 5.70061064e+00
    4.12137127e+00 5.51680470e+00 5.47325373e+00 6.42429876e+00
    6.22969675e+00 6.51728773e+00 6.35497475e+00 6.30953217e+00
    6.27150917e+00 6.68748426e+00 6.38793659e+00 7.12348127e+00
    6.94237900e+00 7.61121893e+00 6.45963573e+00 6.42121744e+00
    6.99076176e+00 6.22286987e+00 5.55698204e+00 5.52520657e+00
    5.79414892e+00 6.20374107e+00 6.67306709e+00 7.74357414e+00
    7.26082945e+00 6.41006041e+00 6.45477438e+00 6.43375778e+00
    6.68219805e+00 6.93565559e+00 6.72538424e+00 4.87585926e+00
    5.18694210e+00 5.98333502e+00 6.30832148e+00 5.97425508e+00
    6.49467850e+00 5.96889162e+00 5.66376305e+00 5.34634876e+00
    6.23153448e+00 5.75727463e+00 5.94511795e+00 6.28815460e+00
    5.55914688e+00 6.01297665e+00 6.03441620e+00 6.17804861e+00
    5.42793608e+00 4.55064964e+00 5.05554390e+00 4.47122669e+00
    4.99471474e+00 6.11178064e+00 5.43829155e+00 5.85171032e+00
    6.77437305e+00 7.14261770e+00 8.31044960e+00 7.32560349e+00
    7.61552906e+00 6.42947769e+00 6.58212185e+00 5.97671700e+00
    6.03115416e+00 6.62462950e+00 6.55445051e+00 5.97612858e+00
    5.80929279e+00 6.77695322e+00 6.67521954e+00 6.41777420e+00
    6.98088408e+00 6.69977856e+00 6.76558638e+00 6.48322582e+00
    6.52046633e+00 6.64982796e+00 6.47716284e+00 6.99041367e+00
    6.51479149e+00 5.65500975e+00 4.64868355e+00 5.17235422e+00
    5.16706800e+00 5.12827158e+00 4.60690641e+00 5.69541359e+00
    5.96657276e+00 6.09828281e+00 7.04727793e+00 7.43104315e+00
    7.36189270e+00 7.94287157e+00 6.60146141e+00 6.17647314e+00
    6.09498835e+00 4.62910318e+00 4.77259588e+00 4.75645256e+00
    5.96690559e+00 5.87070227e+00 7.16234255e+00 6.59557247e+00
    6.52782059e+00 5.90651035e+00 6.40417194e+00 5.61240530e+00
    6.27973604e+00 6.51338291e+00 5.99460363e+00 7.33140612e+00
    6.01786184e+00 6.33787632e+00 7.14174175e+00 6.97849131e+00
    7.07103157e+00 7.52326918e+00 6.30432415e+00 7.69679737e+00
    7.41835165e+00 7.75300694e+00 8.93380356e+00 8.42082310e+00
    7.06030607e+00 6.30143261e+00 5.99305964e+00 5.22782660e+00
    5.14134836e+00 5.01888227e+00 5.44327831e+00 6.16460466e+00
    4.59024000e+00 5.54587317e+00 5.97182894e+00 5.45829630e+00
    5.85064030e+00 6.31274700e+00 7.00642157e+00 6.70237970e+00
    5.73605871e+00 5.90329933e+00 6.23626328e+00 6.05775690e+00
    5.89800978e+00 6.05894518e+00 6.25253057e+00 6.31195784e+00
    6.21604538e+00 6.00264215e+00 4.95984221e+00 4.89654446e+00
    4.98044682e+00 5.48333216e+00 6.25277519e+00 6.76118851e+00
    6.57331038e+00 6.83001423e+00 7.22382832e+00 7.38355732e+00
    6.63166285e+00 6.56105614e+00 5.49684525e+00 4.45478773e+00
    5.75423813e+00 6.58753824e+00 6.62471485e+00 6.45197725e+00
    7.33570147e+00 5.98487902e+00 6.79020071e+00 6.42357826e+00
    6.34983683e+00 5.33375025e+00 5.51291609e+00 5.81016636e+00
    6.52381611e+00 5.79203606e+00 5.36230135e+00 5.81709480e+00
    6.40863276e+00 6.28282690e+00 6.92973709e+00 7.52195787e+00
    6.68609142e+00 5.83001804e+00 6.46952343e+00 6.78478098e+00
    6.70813608e+00 7.92212915e+00 7.85065269e+00 7.21400595e+00
    6.39214420e+00 6.53633451e+00 7.23854733e+00 8.01602268e+00
    7.55981302e+00 7.92076540e+00 8.12538052e+00 6.70289993e+00
    7.94262409e+00 6.42630005e+00 6.74614334e+00 7.05736065e+00
    7.10270739e+00 6.75777292e+00 6.99615622e+00 6.48089123e+00
    6.36913729e+00 6.11632586e+00 5.45175695e+00 6.71647501e+00
    6.46816158e+00 6.63031769e+00 6.20106411e+00 6.16443777e+00
    4.71806240e+00 5.08559895e+00 5.96778250e+00 5.11922598e+00
    5.47497940e+00 5.67866468e+00 6.59588480e+00 6.46297550e+00
    6.61178446e+00 8.43142605e+00 7.39054203e+00 6.89328098e+00
    6.29836082e+00 6.89421129e+00 5.66933966e+00 6.35990763e+00
    6.14549637e+00 6.51586103e+00 6.29486227e+00 6.11572552e+00
    5.70245600e+00 6.41345406e+00 5.81413221e+00 6.70788670e+00
    6.19162798e+00 6.05880737e+00 5.46597338e+00 5.52885151e+00
    5.92255354e+00 6.86004066e+00 7.55959797e+00 7.09473944e+00
    6.98370409e+00 6.43836021e+00 6.32704926e+00 6.27670145e+00
    5.76938820e+00 5.86281490e+00 6.45871639e+00 5.66514254e+00
    6.64868307e+00 6.11351871e+00 6.27297831e+00 6.71048689e+00
    5.14993954e+00 6.10826683e+00 6.93259954e+00 5.92803383e+00
    6.45037651e+00 6.51611328e+00 6.47776365e+00 6.06383467e+00
    7.34481430e+00 6.59829807e+00 6.59035873e+00 6.07895708e+00
    6.34319019e+00 7.62635660e+00 6.91862202e+00 6.55306530e+00
    6.79958963e+00 6.62805843e+00 6.88600969e+00 6.58562088e+00
    6.60540962e+00 6.67339802e+00 7.14355659e+00 5.22022295e+00
    5.11956787e+00 5.00866079e+00 5.24659252e+00 6.68190289e+00
    7.28334379e+00 6.86628628e+00 6.00484705e+00 6.02386713e+00
    7.24647379e+00 6.75090599e+00 7.17515898e+00 7.12241316e+00
    6.63928699e+00 6.90697575e+00 6.90536308e+00 5.49685192e+00
    6.13750410e+00 5.93427753e+00 4.86962700e+00 5.32403040e+00
    5.23532391e+00 5.65083265e+00 7.21329069e+00 7.06699228e+00
    7.76665497e+00 7.92847776e+00 8.18385792e+00 8.53179264e+00
    7.67603683e+00 7.92197275e+00 7.76461792e+00 7.87698984e+00
    6.75817251e+00 6.43669987e+00 6.06333399e+00 5.41469097e+00
    5.39039326e+00 6.66627693e+00 6.75958252e+00 6.56362677e+00
    6.43802118e+00 7.91033602e+00 7.16786194e+00 6.61170483e+00
    7.62018585e+00 7.51668596e+00 6.31136227e+00 5.88785839e+00
    5.95945549e+00 6.08610201e+00 5.93840408e+00 5.22250223e+00
    5.87074709e+00 6.07549191e+00 6.45230103e+00 5.58265638e+00
    6.50578070e+00 6.29330301e+00 6.24168730e+00 7.55416489e+00
    7.72047234e+00 8.15570068e+00 7.51132393e+00 5.96321154e+00
    6.30577230e+00 6.00408697e+00 5.61405420e+00 6.29334068e+00
    6.25810385e+00 6.77951002e+00 6.66277838e+00 7.82795286e+00
    6.03386784e+00 6.36011410e+00 5.88413811e+00 5.38324451e+00
    5.95258188e+00 6.30020237e+00 6.92277002e+00 6.60945892e+00
    7.33500099e+00 7.87026358e+00 7.72908068e+00 7.69072390e+00
    8.05551243e+00 7.49037743e+00 7.78154993e+00 8.06646156e+00
    8.23316002e+00 7.85425568e+00 8.03944397e+00 7.73123121e+00
    6.84483814e+00 7.05301189e+00 6.66252136e+00 6.40391207e+00
    5.77536583e+00 5.48287010e+00 5.88997269e+00 5.78967953e+00
    5.28400087e+00 5.09008408e+00 5.99221230e+00 6.11850929e+00
    6.53415728e+00 7.42902422e+00 7.23430157e+00 6.76876211e+00
    6.59089804e+00 6.59369278e+00 5.87554646e+00 6.40754080e+00
    5.71444798e+00 7.25096798e+00 6.48755312e+00 6.19225407e+00
    6.35836983e+00 6.12081289e+00 5.48095322e+00 5.40865469e+00
    5.13055801e+00 5.73961449e+00 5.74477339e+00 6.41689157e+00
    6.79006147e+00 8.21037865e+00 7.11672115e+00 7.46930170e+00
    6.93330383e+00 6.48118734e+00 5.69551897e+00 6.12006378e+00
    6.24123335e+00 6.43182135e+00 6.38450384e+00 7.35382032e+00
    6.98474693e+00 6.33966303e+00 5.65726137e+00 6.37447643e+00
    5.39890862e+00 5.64450026e+00 4.94613266e+00 5.93960571e+00
    6.72799587e+00 6.83757877e+00 7.19980049e+00 6.05298328e+00
    7.05077744e+00 6.53050947e+00 7.01130533e+00 7.67145061e+00
    6.82337236e+00 6.25478363e+00 6.92276716e+00 7.26606035e+00
    6.36986494e+00 7.96679115e+00 7.14901733e+00 6.80453205e+00
    6.33363438e+00 6.12683439e+00 6.45515728e+00 7.71854258e+00
    7.29400921e+00 7.70714569e+00 7.20921469e+00 6.32402468e+00
    6.78717422e+00 7.31634998e+00 6.14986610e+00 6.59117651e+00
    6.59951496e+00 6.55697060e+00 7.35800314e+00 6.71954012e+00
    6.67992783e+00 6.90714312e+00 5.99255657e+00 6.41184092e+00
    6.53267956e+00 5.03455257e+00 6.08724737e+00 5.88611317e+00
    5.60763884e+00 4.55174541e+00 4.32103348e+00 4.75871086e+00
    5.03508043e+00 5.66184950e+00 5.72174072e+00 6.43634415e+00
    6.39746141e+00 7.01340055e+00 7.86028242e+00 6.50967455e+00
    8.10230541e+00 6.75787926e+00 7.79183149e+00 6.06778240e+00
    6.29577684e+00 7.56575298e+00 7.33832932e+00 6.62693644e+00
    7.18476248e+00 8.46441936e+00 7.26251745e+00 6.90764713e+00
    6.60884809e+00 5.60276842e+00 4.96554279e+00 5.45656538e+00
    5.39534760e+00 6.29966164e+00 6.86035013e+00 7.15066767e+00
    6.92766476e+00 6.23291826e+00 5.89713621e+00 5.21536255e+00
    5.28209591e+00 5.72307348e+00 5.07332468e+00 5.86460876e+00
    5.63896513e+00 6.01868200e+00 6.01310062e+00 6.37680387e+00
    6.66231728e+00 6.13382483e+00 6.26926613e+00 7.08852911e+00
    7.18045902e+00 7.01552773e+00 7.89071894e+00 7.24761057e+00
    7.47005796e+00 7.69798803e+00 7.95477867e+00 7.13724995e+00
    6.78087187e+00 6.59887743e+00 6.66120148e+00 5.49224281e+00
    5.53162861e+00 4.57558107e+00 5.27904797e+00 6.75279522e+00
    7.18246937e+00 8.18078518e+00 6.59145403e+00 5.98322105e+00
    5.05089331e+00 5.77944803e+00 5.55502653e+00 5.62830734e+00
    6.00494957e+00 6.32510853e+00 6.60463572e+00 6.37698746e+00
    7.74440765e+00 7.29042578e+00 7.32077503e+00 7.31567717e+00
    6.67264462e+00 5.88347816e+00 6.03466940e+00 6.52423048e+00
    5.94359636e+00 5.64928341e+00 6.11896133e+00 5.35196829e+00
    6.53170252e+00 6.47117043e+00 6.01950788e+00 5.52857542e+00
    6.91931868e+00 6.85074091e+00 7.98874807e+00 8.46432304e+00
    8.21586895e+00 7.00981140e+00 6.98708391e+00 6.88200903e+00
    6.79878283e+00 6.96283293e+00 6.53611088e+00 6.38941717e+00
    6.31024265e+00 7.17637682e+00 6.97313452e+00 7.07132053e+00
    7.05282211e+00 6.45268440e+00 5.72039032e+00 6.27594280e+00
    6.25796938e+00 6.66101885e+00 6.91100025e+00 7.68871450e+00
    6.85235739e+00 6.49318314e+00 5.22628117e+00 5.29352951e+00
    5.61801147e+00 5.77629089e+00 5.57121611e+00 5.98029709e+00
    5.67930698e+00 6.64494467e+00 7.31043148e+00 7.67645025e+00
    8.16138172e+00 7.59113359e+00 7.97121382e+00 7.24423790e+00
    6.02494335e+00 5.71180344e+00 5.70171547e+00 6.57588577e+00
    7.01847506e+00 6.88355827e+00 7.52926779e+00 6.76240396e+00
    5.71001816e+00 5.84047556e+00 6.06330490e+00 5.24796677e+00
    5.48036909e+00 6.75160265e+00 6.06383991e+00 7.08520460e+00
    7.30789185e+00 7.20240307e+00 7.56680584e+00 7.38393354e+00
    7.41263723e+00 6.94589901e+00 6.93650913e+00 7.37028313e+00
    8.07534885e+00 7.98956633e+00 8.38515663e+00 7.73744774e+00
    7.37293720e+00 5.60453224e+00 5.37866735e+00 5.85970116e+00
    5.45553303e+00 5.95998812e+00 6.66887236e+00 5.68855238e+00
    4.95474243e+00 5.66937733e+00 5.77883053e+00 5.96211672e+00
    6.75910044e+00 7.51083279e+00 7.67462015e+00 7.23331308e+00
    6.10321522e+00 6.06449175e+00 5.51004934e+00 5.36958790e+00
    5.65320349e+00 5.28709936e+00 6.52312374e+00 5.70818329e+00
    5.90428162e+00 6.12673855e+00 5.31204605e+00 4.58324289e+00
    5.80018234e+00 6.50210762e+00 7.36664486e+00 7.67086077e+00
    7.48012352e+00 7.94043922e+00 6.87932491e+00 6.79445839e+00
    7.46851969e+00 7.26957035e+00 7.19316864e+00 6.33289814e+00
    7.59489965e+00 6.78929710e+00 6.53963661e+00 6.14642859e+00
    6.11708498e+00 5.76480865e+00 5.70116854e+00 4.93613338e+00
    5.30145216e+00 5.65069962e+00 5.77143431e+00 5.50688601e+00
    5.94931269e+00 6.91480494e+00 6.09723425e+00 6.69589138e+00
    7.31866789e+00 7.04547119e+00 7.37050390e+00 6.47427225e+00
    7.01141834e+00 5.66292048e+00 7.31764174e+00 6.85823727e+00
    7.00994682e+00 6.61819458e+00 7.74454927e+00 7.21854734e+00
    7.03542709e+00 5.92467022e+00 6.60026121e+00 6.91041136e+00
    7.26163244e+00 6.47944689e+00 7.55775070e+00 5.96911049e+00
    6.48613930e+00 6.87922049e+00 6.79233503e+00 6.05094147e+00
    6.25533724e+00 6.56444502e+00 6.51661062e+00 7.36941338e+00
    7.22614288e+00 7.38618946e+00 6.15476513e+00 6.08857346e+00
    6.66990423e+00 6.61267185e+00 5.99945688e+00 5.48762226e+00
    5.38607454e+00 5.17747641e+00 5.18911219e+00 5.21973848e+00
    4.21554661e+00 4.93024921e+00 5.77302504e+00 5.50821781e+00
    6.43139839e+00 7.03867769e+00 7.27472115e+00 7.27875805e+00
    6.57907772e+00 7.30206299e+00 6.50060558e+00 7.51218605e+00
    6.35959721e+00 5.79130840e+00 5.59929037e+00 6.04323578e+00
    6.10721254e+00 7.33715820e+00 6.84901142e+00 7.00328398e+00
    6.93550205e+00 6.89575195e+00 6.09938908e+00 6.70000458e+00
    6.95960045e+00 7.36061573e+00 8.07319832e+00 7.08256626e+00
    7.44431973e+00 5.49593782e+00 5.52672768e+00 4.88114691e+00
    4.91414690e+00 5.63444901e+00 6.16400337e+00 6.13046408e+00
    7.12024879e+00 6.17534304e+00 6.18401957e+00 7.22350359e+00
    6.90670443e+00 7.76985168e+00 7.67785931e+00 8.19009304e+00
    7.47387600e+00 7.78489017e+00 6.93683863e+00 7.34320164e+00
    7.84164190e+00 7.66846132e+00 6.52331543e+00 7.10879183e+00
    6.57190371e+00 6.69647980e+00 6.77851820e+00 6.01683426e+00
    5.06368065e+00 5.03504753e+00 4.93081665e+00 5.84132671e+00
    6.71843863e+00 7.12235641e+00 7.53300953e+00 6.31442928e+00
    6.53394556e+00 5.98266745e+00 5.79211235e+00 5.66532087e+00
    7.43735647e+00 7.59288979e+00 7.30998087e+00 7.57315159e+00
    8.08029175e+00 7.69134283e+00 7.17972851e+00 6.83720589e+00
    6.95056438e+00 6.56111765e+00 7.72960520e+00 7.01419353e+00
    6.44448805e+00 7.07625675e+00 6.51437283e+00 6.30237007e+00
    5.56729603e+00 6.59945822e+00 5.86239004e+00 6.99853754e+00
    7.14126444e+00 7.17476320e+00 6.90049410e+00 7.93844318e+00
    7.75773573e+00 7.61761618e+00 6.79193449e+00 7.33918810e+00
    7.03487062e+00 7.06006956e+00 6.69107294e+00 7.19126415e+00
    6.63620520e+00 7.34789467e+00 7.46640635e+00 7.70930624e+00
    7.38735676e+00 7.87540483e+00 7.02698040e+00 5.84849739e+00
    5.93202353e+00 6.20984459e+00 6.31981564e+00 5.29162788e+00
    6.08711243e+00 5.16846895e+00 5.92530489e+00 5.36740494e+00
    5.37492990e+00 5.25101757e+00 4.85661888e+00 4.96870279e+00
    5.52310514e+00 5.65492916e+00 7.11296034e+00 7.45260715e+00
    7.99507475e+00 7.89960670e+00 7.58834934e+00 7.87908554e+00
    6.44582605e+00 6.62787056e+00 6.16794634e+00 6.28803539e+00
    6.19430876e+00 6.89047480e+00 6.00720406e+00 6.00861979e+00
    5.96179628e+00 5.63726473e+00 5.00668955e+00 6.05092859e+00
    5.82356358e+00 6.79810905e+00 6.73745251e+00 7.38588285e+00
    7.14500856e+00 7.12493992e+00 6.87593794e+00 6.29044247e+00
    5.54375553e+00 5.69118786e+00 6.12990189e+00 6.82657671e+00
    7.58716059e+00 7.70010185e+00 7.24112129e+00 6.87276363e+00
    6.22291660e+00 6.27692223e+00 5.54342985e+00 5.74381733e+00
    5.96637726e+00 5.95725012e+00 6.00547171e+00 6.47496891e+00
    5.21279001e+00 5.32758093e+00 5.58702278e+00 6.48566484e+00
    6.85464430e+00 7.66836786e+00 6.87802410e+00 6.52529335e+00
    5.63979197e+00 6.41163921e+00 5.21002197e+00 5.18864059e+00
    5.12104511e+00 5.01631784e+00 5.14304924e+00 4.55261707e+00
    4.92356491e+00 5.09011364e+00 4.58349609e+00 4.69702005e+00
    6.05570936e+00 6.28198910e+00 7.60272980e+00 6.95643568e+00
    7.31507444e+00 7.40303755e+00 7.25912476e+00 6.75426245e+00
    7.40351868e+00 7.87853622e+00 7.00452518e+00 6.74382257e+00
    7.28512239e+00 6.93803453e+00 6.52909327e+00 6.18422556e+00
    6.67370844e+00 6.24521065e+00 6.33875990e+00 5.50031805e+00
    5.66848564e+00 5.25723886e+00 4.83695841e+00 5.28727007e+00
    5.10018444e+00 5.17589569e+00 5.46363449e+00 6.16266060e+00
    6.78450537e+00 6.85256481e+00 7.36143684e+00 7.54649782e+00
    6.41694450e+00 6.77604437e+00 6.26759911e+00 6.51050901e+00
    7.12398052e+00 6.47011995e+00 6.75906086e+00 6.07399654e+00
    6.20013189e+00 6.67799282e+00 6.66128445e+00 7.18382692e+00
    8.32308197e+00 7.95261526e+00 7.35836840e+00 7.30967474e+00
    7.13990498e+00 7.22063160e+00 6.97380400e+00 6.13013029e+00
    5.77755070e+00 6.26548862e+00 6.24295759e+00 6.95487309e+00
    7.18231010e+00 6.72252321e+00 7.28380108e+00 6.94753361e+00
    6.47856092e+00 6.19366074e+00 5.54451704e+00 6.15564442e+00
    4.91957569e+00 5.79768467e+00 5.01168394e+00 4.86742210e+00
    4.75891972e+00 5.61739159e+00 6.22484732e+00 5.42906618e+00
    6.48604870e+00 6.59086037e+00 6.51867008e+00 6.32742691e+00
    6.67953110e+00 6.59597301e+00 6.48976374e+00 6.70887566e+00
    5.87896347e+00 6.20894051e+00 6.17665911e+00 5.60044861e+00
    5.92706442e+00 6.42271233e+00 6.56484270e+00 6.13797474e+00
    5.58267307e+00 6.13882065e+00 6.10012531e+00 6.62430429e+00
    6.05507421e+00 6.01976252e+00 7.13355303e+00 7.17283344e+00
    7.24511290e+00 6.82154560e+00 6.42986727e+00 6.45448780e+00
    6.01610470e+00 5.37569380e+00 6.36418486e+00 6.51188087e+00
    6.24739218e+00 6.67005205e+00 6.53305626e+00 7.23047447e+00
    6.58073473e+00 7.43972397e+00 8.02313328e+00 7.46792507e+00
    6.78288984e+00 6.60610676e+00 6.36041784e+00 5.57051039e+00
    6.74609375e+00 7.30159998e+00 8.04621410e+00 6.72504759e+00
    6.65858603e+00 6.91167068e+00 6.04846048e+00 6.10737181e+00
    6.08810854e+00 5.55295515e+00 5.02733183e+00 6.18593788e+00
    5.93325949e+00 7.02517939e+00 7.23045635e+00 6.64892626e+00
    6.06845713e+00 6.73693371e+00 6.42910671e+00 6.91676807e+00
    7.74904680e+00 7.86091137e+00 7.90209055e+00 8.74280453e+00
    7.93719482e+00 7.57529974e+00 9.06830025e+00 7.50109434e+00
    7.55001926e+00 8.21893120e+00 7.74395037e+00 7.70215940e+00
    7.29992199e+00 7.53015375e+00 7.10341740e+00 5.55973339e+00
    5.72139692e+00 5.60487890e+00 5.92714357e+00 5.63624763e+00
    6.94480896e+00 6.85507774e+00 8.62069416e+00 7.88051939e+00
    7.75338316e+00 8.53427029e+00 7.99768400e+00 7.90421963e+00
    6.79988909e+00 7.45451069e+00 6.58649778e+00 6.51233435e+00
    6.94274998e+00 8.52711678e+00 7.59689665e+00 7.17721844e+00
    8.46703815e+00 7.34659147e+00 6.81841516e+00 5.79227829e+00
    6.56907606e+00 6.29505539e+00 5.52353048e+00 6.78719425e+00
    6.29459000e+00 6.29981995e+00 5.86632204e+00 6.42940140e+00
    5.71258402e+00 6.58831453e+00 6.32614136e+00 6.76992416e+00
    7.10144472e+00 6.92899799e+00 6.40322876e+00 7.59369802e+00
    7.55756855e+00 8.31174183e+00 8.67556286e+00 8.95130062e+00
    8.50535870e+00 7.26967430e+00 6.22966814e+00 5.52877474e+00
    5.65240622e+00 5.17397451e+00 5.21306610e+00 6.11359262e+00
    5.25415611e+00 6.39294672e+00 6.15757418e+00 6.69910383e+00
    5.92863894e+00 6.05146980e+00 6.60190868e+00 7.25317097e+00
    7.43464184e+00 6.67320967e+00 6.82840919e+00 6.23514414e+00
    6.35243940e+00 6.73657370e+00 6.47113800e+00 6.34886360e+00
    6.44048643e+00 7.00477600e+00 7.84995413e+00 6.17028904e+00
    6.50791264e+00 6.82883930e+00 6.34096336e+00 5.43997955e+00
    6.36865330e+00 5.76256275e+00 5.71384764e+00 5.88317251e+00
    4.56204605e+00 5.18431568e+00 5.76258278e+00 5.44993448e+00
    6.83277464e+00 7.72091436e+00 7.58796358e+00 6.47391748e+00
    6.68953800e+00 6.01808167e+00 6.52081156e+00 6.45979309e+00
    5.70506430e+00 6.55648088e+00 5.42999125e+00 5.93050098e+00
    4.69774771e+00 4.94563198e+00 4.85441208e+00 4.65382719e+00
    3.92707777e+00 5.83600712e+00 6.70335102e+00 7.05310869e+00
    6.26513100e+00 7.61303568e+00 6.67709589e+00 6.36265516e+00
    6.02929688e+00 6.81564951e+00 6.64093208e+00 6.30237436e+00
    6.70832968e+00 6.17770052e+00 6.15614128e+00 5.77650881e+00
    5.81163168e+00 6.60615921e+00 6.99245882e+00 7.16954517e+00
    6.03395987e+00 6.05308533e+00 5.93683386e+00 5.85972071e+00
    4.56684065e+00 5.31159878e+00 5.61342096e+00 6.23232269e+00
    5.58043671e+00 6.96137714e+00 6.79065084e+00 7.25499964e+00
    7.40793610e+00 6.92002630e+00 7.68311691e+00 7.23530626e+00
    7.34416628e+00 7.31877899e+00 7.43154287e+00 7.30849886e+00
    7.48176575e+00 6.88768148e+00 7.73631144e+00 7.80755091e+00
    8.09035397e+00 8.09517384e+00 7.87034607e+00 6.77686071e+00
    6.44777536e+00 6.54399204e+00 6.07779694e+00 6.26554918e+00
    5.24047375e+00 5.84277439e+00 6.53844404e+00 6.07759619e+00
    6.40493059e+00 6.56838274e+00 6.44204855e+00 6.35455656e+00
    5.80513382e+00 6.13017273e+00 6.57878971e+00 4.61517000e+00
    4.96476412e+00 4.77563047e+00 5.50631809e+00 5.14062786e+00
    5.35896301e+00 5.73041773e+00 5.33240652e+00 5.75270796e+00
    5.91322088e+00 6.98809195e+00 7.26142931e+00 6.85504341e+00
    7.09437132e+00 7.79019833e+00 8.06047153e+00 7.55642080e+00
    8.12617970e+00 7.33134937e+00 7.45234108e+00 6.59045362e+00
    6.23261356e+00 7.06601191e+00 6.83535910e+00 5.85357285e+00
    6.57691669e+00 6.16028690e+00 5.14398432e+00 5.59648991e+00
    5.86402893e+00 6.21380711e+00 6.68028164e+00 7.40015411e+00
    6.56269169e+00 7.26301336e+00 6.33972979e+00 6.08845234e+00
    7.46268749e+00 6.18705034e+00 5.84296989e+00 6.29712486e+00
    7.04295540e+00 6.09078121e+00 6.51699495e+00 6.90218115e+00
    7.26547956e+00 7.21088696e+00 7.80397987e+00 7.62727547e+00
    5.84995127e+00 5.30785942e+00 6.01252508e+00 6.30739880e+00
    7.01907110e+00 8.50264549e+00 8.38877201e+00 8.01324463e+00
    8.33480644e+00 7.02043438e+00 6.80796242e+00 5.79836369e+00
    5.63288260e+00 4.48657799e+00 5.48947668e+00 6.36287546e+00
    5.67837143e+00 7.22440004e+00 7.68560457e+00 6.93834734e+00
    7.60923624e+00 7.74152899e+00 6.56705570e+00 6.83039761e+00
    7.77345562e+00 7.64274120e+00 7.97554016e+00 8.13624668e+00
    8.19717789e+00 7.58761787e+00 7.80481672e+00 8.24358559e+00
    7.24187756e+00 7.38840961e+00 8.19160175e+00 8.21295547e+00
    7.36127806e+00 8.02070045e+00 7.86045933e+00 7.17722845e+00
    6.49907255e+00 5.90372515e+00 5.31468010e+00 5.96263647e+00
    6.03886986e+00 7.08181620e+00 7.72484159e+00 8.44261265e+00
    7.94208241e+00 8.93282890e+00 7.02689314e+00 6.24515629e+00
    6.15826893e+00 6.39310694e+00 5.57769775e+00 7.29523802e+00
    6.99409914e+00 8.33685493e+00 7.51756382e+00 7.19499969e+00
    6.77030373e+00 7.14621830e+00 6.06878710e+00 5.93365955e+00
    5.38642025e+00 5.45390940e+00 5.39443922e+00 5.22818136e+00
    7.19359732e+00 6.70270920e+00 7.04854679e+00 6.73014879e+00
    7.06045675e+00 6.59786510e+00 7.50622034e+00 7.13595343e+00
    7.56712055e+00 8.07185936e+00 8.18573856e+00 8.35676193e+00
    7.94420528e+00 7.97874928e+00 8.11385632e+00 7.78233099e+00
    7.79655933e+00 7.28964710e+00 7.70000648e+00 7.57527065e+00
    5.19491768e+00 6.41315269e+00 5.56985903e+00 5.91418695e+00
    6.22404575e+00 5.34970617e+00 4.82148218e+00 4.83277845e+00
    6.45063257e+00 6.74739599e+00 6.89787817e+00 8.34138489e+00
    8.00576401e+00 8.09017086e+00 6.92527676e+00 7.13875294e+00
    6.29611969e+00 5.30249023e+00 6.52913809e+00 7.48896170e+00
    7.40994740e+00 6.86822844e+00 7.13414049e+00 6.20617056e+00
    6.28569794e+00 6.63739109e+00 6.55245829e+00 6.21309662e+00
    6.60292387e+00 5.89262009e+00 7.06116343e+00 5.82620811e+00
    6.11231995e+00 6.33053923e+00 7.16529608e+00 7.57773113e+00
    7.50964975e+00 8.44307995e+00 8.22544098e+00 7.33131742e+00
    6.68817663e+00 6.96312475e+00 6.61062050e+00 6.69762802e+00
    6.72159767e+00 6.26038742e+00 6.15262747e+00 5.55692387e+00
    5.29259539e+00 5.15055752e+00 6.17670679e+00 5.53153563e+00
    6.00314951e+00 6.41956425e+00 6.74007511e+00 6.36667156e+00
    6.43424273e+00 7.45237207e+00 6.82896662e+00 6.48399973e+00
    7.70490313e+00 7.48595715e+00 7.27159929e+00 6.70977259e+00
    7.09081125e+00 6.60293579e+00 6.17305088e+00 6.46172523e+00
    5.98798323e+00 5.71066380e+00 7.37663031e+00 7.34903383e+00
    6.42101479e+00 6.59476900e+00 6.39372349e+00 5.73946762e+00
    5.78673172e+00 5.59342527e+00 6.28682375e+00 6.27338409e+00
    5.38417721e+00 6.05801296e+00 6.85143042e+00 6.57168388e+00
    5.90567732e+00 7.14219761e+00 7.29124546e+00 7.50621557e+00
    6.85455322e+00 7.21818924e+00 7.56283808e+00 6.66806507e+00
    6.65526772e+00 5.87780380e+00 6.15775776e+00 6.16117954e+00
    7.40845966e+00 7.09362650e+00 6.68967056e+00 5.43211699e+00
    7.02773190e+00 6.31894159e+00 6.66710758e+00 6.45347309e+00
    6.11564732e+00 5.59384251e+00 6.24458265e+00 6.96505737e+00
    7.47231627e+00 8.19337559e+00 7.40927553e+00 6.86662865e+00
    7.84878588e+00 5.97808933e+00 5.52492666e+00 5.75073338e+00
    4.80288315e+00 4.64335585e+00 4.52910328e+00 5.48423767e+00
    5.66000748e+00 6.16098499e+00 7.71937513e+00 6.75930929e+00
    6.49868822e+00 7.21590757e+00 6.44944715e+00 7.14030075e+00
    7.58586359e+00 7.36907244e+00 7.19125414e+00 7.30374050e+00
    7.44440365e+00 6.94881105e+00 6.29990435e+00 6.82284546e+00
    6.33580112e+00 6.37522650e+00 7.91733551e+00 7.43945837e+00
    7.50529528e+00 6.74659348e+00 6.54980946e+00 7.07242250e+00
    7.63637638e+00 6.57006407e+00 6.25171614e+00 6.51088953e+00
    6.54996729e+00 5.53364849e+00 6.81783295e+00 6.32824039e+00
    5.63354635e+00 6.04500198e+00 5.98094320e+00 5.83016348e+00
    6.36914349e+00 6.39830112e+00 6.66202116e+00 8.16934967e+00
    7.41981363e+00 7.61600399e+00 6.90348530e+00 6.67191935e+00
    6.06387424e+00 6.24303675e+00 6.68197918e+00 6.57714415e+00
    6.48850346e+00 7.89971304e+00 8.01725292e+00 7.90759850e+00
    7.62310600e+00 6.96041250e+00 6.22660923e+00 6.11848307e+00
    5.69074297e+00 5.01670647e+00 5.40252829e+00 5.77357912e+00
    5.85374022e+00 6.37445450e+00 8.08948803e+00 8.08315182e+00
    7.67458344e+00 8.77306461e+00 7.10508060e+00 5.91354513e+00
    6.39819336e+00 7.32087803e+00 6.55725384e+00 7.16316223e+00
    7.68710470e+00 6.30467939e+00 6.59284592e+00 7.62888575e+00
    7.07041836e+00 6.78111696e+00 7.72953415e+00 7.40588045e+00
    7.22794008e+00 7.62847567e+00 7.68213081e+00 7.28080511e+00
    6.27934265e+00 6.40897512e+00 4.98337650e+00 5.46062088e+00
    5.57413626e+00 6.13062429e+00 7.54418612e+00 7.44926167e+00
    6.18854713e+00 6.33396912e+00 5.99466276e+00 5.47213745e+00
    5.98868322e+00 6.24276209e+00 7.03498745e+00 7.34679031e+00
    6.50552177e+00 7.44106627e+00 7.69614172e+00 7.15807581e+00
    6.75609732e+00 7.08092546e+00 6.17129278e+00 5.22524452e+00
    4.93379402e+00 5.24798155e+00 5.96779823e+00 6.21664047e+00
    6.79218245e+00 6.77666521e+00 7.37892962e+00 8.06824112e+00
    7.13466358e+00 7.22817183e+00 7.17666101e+00 7.62110662e+00
    7.62961960e+00 8.73306751e+00 8.20948887e+00 8.00119781e+00
    8.17931747e+00 7.18728161e+00 6.77398825e+00 8.03189182e+00
    7.41285944e+00 7.12822485e+00 6.71806288e+00 6.30180883e+00
    5.91048384e+00 5.43070459e+00 5.30875587e+00 4.20401955e+00
    4.72302961e+00 5.22205687e+00 4.74057913e+00 6.40119505e+00
    6.59458637e+00 7.52593994e+00 7.92740965e+00 8.94755650e+00
    8.50010777e+00 7.02832031e+00 7.11560345e+00 6.09783363e+00
    5.72937632e+00 6.46771431e+00 6.29288578e+00 5.87770319e+00
    6.05688000e+00 6.08706617e+00 6.26737595e+00 5.68293190e+00
    4.65573454e+00 5.23388863e+00 6.20056772e+00 5.10651636e+00
    5.95445061e+00 6.36216545e+00 5.37556505e+00 6.45077276e+00
    6.53448915e+00 7.11100721e+00 6.82408571e+00 7.98760700e+00
    8.29281712e+00 7.97233152e+00 7.23825788e+00 7.56779766e+00
    7.11147928e+00 7.29801035e+00 6.54177761e+00 7.07023144e+00
    6.16096163e+00 5.44648218e+00 5.83875132e+00 5.98277617e+00
    5.54012632e+00 5.99113131e+00 5.62952089e+00 5.74506521e+00
    6.23941708e+00 6.37973499e+00 6.76674271e+00 7.34515285e+00
    5.97263336e+00 5.81741285e+00 6.34394741e+00 6.18980694e+00
    6.09905338e+00 6.90895510e+00 7.69712210e+00 6.82906294e+00
    6.34632969e+00 5.82223463e+00 6.15712070e+00 6.51165295e+00
    7.11562109e+00 7.22732258e+00 8.06216812e+00 7.57067490e+00
    6.27082014e+00 6.83553982e+00 5.89456940e+00 7.50230932e+00
    6.40012550e+00 5.82507324e+00 6.02785349e+00 6.33994055e+00
    6.17204332e+00 6.10942364e+00 6.20657730e+00 6.84996367e+00
    5.94353867e+00 7.40602350e+00 7.33531523e+00 7.38815403e+00
    7.72921991e+00 8.15904999e+00 6.73623991e+00 7.12615585e+00
    7.24239254e+00 6.96696377e+00 7.02191257e+00 5.47438335e+00
    6.03635454e+00 7.26637554e+00 7.14827013e+00 6.96518517e+00
    6.37446165e+00 7.13699198e+00 6.68364191e+00 6.85507011e+00
    5.61679602e+00 6.48927212e+00 6.88922024e+00 6.84855366e+00
    7.10712290e+00 7.35682058e+00 7.57321739e+00 6.38566589e+00
    6.50008917e+00 6.72696590e+00 6.39583921e+00 5.45425034e+00
    4.81114531e+00 4.65201139e+00 5.53141832e+00 5.73709631e+00
    6.03668261e+00 7.05292606e+00 6.02217531e+00 5.93208981e+00
    6.44545364e+00 6.96356201e+00 7.75810766e+00 6.07187462e+00
    6.89044666e+00 7.69320917e+00 7.27443123e+00 7.01342106e+00
    7.33607197e+00 6.27552891e+00 5.26004601e+00 6.35255623e+00
    6.09331894e+00 6.20537329e+00 6.61497164e+00 7.20685339e+00
    6.79291439e+00 7.74053240e+00 7.44037485e+00 6.60063601e+00
    5.79049873e+00 6.61944818e+00 5.93565655e+00 6.96180010e+00
    6.85850668e+00 7.41479969e+00 7.03747606e+00 6.97569180e+00
    6.69245672e+00 6.64638615e+00 7.26570463e+00 6.57726097e+00
    6.98865604e+00 6.10257626e+00 6.55863619e+00 5.52810907e+00
    5.86651945e+00 6.36215687e+00 7.39684486e+00 6.99564266e+00
    6.43769741e+00 5.81399632e+00 5.54168510e+00 6.48206663e+00
    5.74260473e+00 6.48484802e+00 7.13327026e+00 6.77162647e+00
    6.44676399e+00 7.15256834e+00 6.43101263e+00 7.19722748e+00
    6.69134474e+00 5.89939976e+00 5.57204723e+00 6.11152697e+00
    4.71208191e+00 6.20689011e+00 7.58735752e+00 8.45242596e+00
    7.49445152e+00 7.79538345e+00 7.24970961e+00 6.73658133e+00
    6.91621494e+00 5.58533192e+00 6.92936611e+00 6.57656956e+00
    6.42039490e+00 6.17915487e+00 5.75953627e+00 6.36893654e+00
    6.85693932e+00 7.72757483e+00 7.99116945e+00 8.12107277e+00
    6.92672873e+00 7.63287067e+00 6.46265554e+00 7.01714611e+00
    6.91913319e+00 6.84045124e+00 6.01273584e+00 6.16574049e+00
    6.22220135e+00 5.99181700e+00 6.68350649e+00 6.01994753e+00
    5.44081879e+00 6.33925867e+00 5.93320704e+00 5.09532833e+00
    5.93131733e+00 7.24498224e+00 6.29811001e+00 8.12911987e+00
    7.12121153e+00 8.02215099e+00 7.12628555e+00 7.67106676e+00
    6.75369978e+00 7.40246296e+00 6.02082586e+00 5.41206884e+00
    6.72137213e+00 5.69950771e+00 5.85321331e+00 6.58821774e+00
    7.09655190e+00 7.13638687e+00 7.18722200e+00 7.15387058e+00
    6.18441820e+00 6.62809467e+00 7.45106602e+00 6.54227400e+00
    8.16205502e+00 8.37140942e+00 7.02091265e+00 7.54513359e+00
    7.23577023e+00 6.99673319e+00 7.57449722e+00 7.39377737e+00
    7.77783394e+00 6.29902744e+00 5.97154331e+00 6.01241493e+00
    5.02207613e+00 4.19604349e+00 3.98801494e+00 4.25647068e+00
    4.83496284e+00 4.81723738e+00 4.53390551e+00 5.48267221e+00
    7.03506756e+00 6.44597340e+00 8.08749104e+00 8.27009678e+00
    8.28462029e+00 7.03937340e+00 6.88661718e+00 6.27854013e+00
    5.72196388e+00 4.64102459e+00 5.65704966e+00 5.92102003e+00
    6.00482416e+00 6.06831694e+00 6.08753109e+00 5.94641161e+00
    5.39999390e+00 5.27937078e+00 5.89913034e+00 6.23121834e+00
    6.36314392e+00 6.14828920e+00 5.97580910e+00 5.80747890e+00
    6.01997232e+00 7.18841124e+00 7.78986263e+00 6.66877794e+00
    7.26001358e+00 7.53800392e+00 7.37137222e+00 6.88855553e+00
    7.84014940e+00 8.09460068e+00 8.09054756e+00 8.27519608e+00
    8.16057110e+00 6.70930481e+00 6.24720144e+00 6.20143080e+00
    4.88374805e+00 5.32574415e+00 6.19691849e+00 6.25997019e+00
    6.18738413e+00 7.11790848e+00 7.40343142e+00 6.54967022e+00
    5.52011728e+00 6.18459797e+00 5.55388737e+00 6.19663858e+00
    5.09853554e+00 6.87280560e+00 6.35790968e+00 7.17450571e+00
    6.51825571e+00 6.67699337e+00 6.28880262e+00 7.68257427e+00
    6.63485861e+00 7.59229755e+00 6.93831587e+00 7.95988369e+00
    7.77589226e+00 7.46741915e+00 7.20545769e+00 7.06232834e+00
    6.48639631e+00 6.32231331e+00 6.19801903e+00 6.21472597e+00
    5.79225397e+00 6.23265123e+00 6.31775570e+00 6.22642136e+00
    6.18601847e+00 7.03377771e+00 8.29478168e+00 7.49693489e+00
    7.52203369e+00 7.37292004e+00 7.14845800e+00 7.42368650e+00
    7.34390974e+00 6.79738998e+00 7.49702406e+00 7.38333559e+00
    7.34697056e+00 7.41413975e+00 6.94096136e+00 5.53750467e+00
    5.80692482e+00 6.34996462e+00 6.60636187e+00 6.23073721e+00
    6.26043558e+00 6.01533413e+00 6.61547756e+00 6.10388470e+00
    6.57328176e+00 7.07872200e+00 6.32941628e+00 6.42776775e+00
    5.94029331e+00 7.15343332e+00 5.95918274e+00 5.73331690e+00
    5.67628813e+00 6.53072834e+00 5.72926426e+00 5.49395084e+00
    7.34557104e+00 7.22997141e+00 7.57367802e+00 7.02140427e+00
    7.40399408e+00 6.08986092e+00 6.34935331e+00 6.88259745e+00
    6.92947197e+00 7.44632530e+00 7.39380550e+00 7.16220284e+00
    7.60936689e+00 7.27417898e+00 6.74807978e+00 6.82475662e+00
    6.95122147e+00 6.42204046e+00 6.82463312e+00 6.62608433e+00
    7.44236469e+00 5.58846235e+00 6.46290970e+00 5.97541857e+00
    5.87858105e+00 5.12521601e+00 6.18451405e+00 6.06453943e+00
    6.80415440e+00 8.01472569e+00 6.83749151e+00 7.32861233e+00
    7.48256636e+00 6.38072634e+00 5.96533632e+00 6.14777279e+00
    5.17381144e+00 5.11267853e+00 6.36584616e+00 6.44441700e+00
    6.62096882e+00 7.06278324e+00 6.47770548e+00 6.94721651e+00
    5.70050907e+00 6.00619650e+00 6.95488644e+00 6.08662653e+00
    6.59902000e+00 5.86384106e+00 6.82182598e+00 6.84952593e+00
    6.56160879e+00 5.81956530e+00 6.41598701e+00 6.13192415e+00
    7.26600981e+00 5.53649235e+00 6.36550188e+00 5.55334759e+00
    5.75148582e+00 6.12093115e+00 7.27402782e+00 7.88008499e+00
    8.86072731e+00 7.92293882e+00 7.07732344e+00 6.88655043e+00
    6.82818985e+00 6.65036011e+00 5.82015944e+00 6.35459852e+00
    6.37627745e+00 6.70177984e+00 6.00434303e+00 6.93037605e+00
    7.26148415e+00 7.49295759e+00 7.37127495e+00 8.13383293e+00
    7.08873606e+00 7.34720039e+00 8.18189144e+00 7.24121189e+00
    6.44165897e+00 6.60889435e+00 6.91047430e+00 5.78952646e+00
    5.91419220e+00 6.14765882e+00 6.27584076e+00 6.35478210e+00
    5.36252356e+00 5.65769815e+00 5.13732719e+00 4.57047510e+00
    4.67442703e+00 5.52137423e+00 6.72046375e+00 7.03654909e+00
    6.60865593e+00 6.15017414e+00 6.62792397e+00 5.60790014e+00
    5.72174931e+00 6.72924232e+00 6.56171083e+00 6.06422949e+00
    5.73880625e+00 6.21759653e+00 6.14357042e+00 6.99655056e+00
    7.28964949e+00 6.63794661e+00 7.51674175e+00 6.89121819e+00
    7.84402227e+00 7.44109678e+00 8.30744648e+00 7.97249174e+00
    7.84618282e+00 8.56927109e+00 7.82005119e+00 7.07393265e+00
    7.28419065e+00 6.61558485e+00 6.20794010e+00 7.28898668e+00
    6.64156103e+00 6.73754311e+00 6.84342575e+00 5.32370186e+00
    5.21687078e+00 5.15351534e+00 4.58443117e+00 4.43800974e+00
    4.96966839e+00 5.72393465e+00 4.92385244e+00 5.44835758e+00
    5.19330359e+00 6.40041494e+00 6.76585865e+00 7.15279341e+00
    7.79309320e+00 7.26718092e+00 6.56812716e+00 5.68447161e+00
    5.81739950e+00 5.93813133e+00 5.30946255e+00 5.17799091e+00
    6.14497328e+00 4.92500687e+00 5.70293760e+00 5.68405104e+00
    5.49054623e+00 5.77781105e+00 5.25812292e+00 5.53024912e+00
    5.42332840e+00 6.07909060e+00 6.85006189e+00 6.65947533e+00
    7.12945223e+00 7.22327614e+00 7.62755489e+00 7.98126507e+00
    6.87655306e+00 7.64606857e+00 6.84817553e+00 6.41746569e+00
    7.13084650e+00 8.01412010e+00 7.83542395e+00 8.12601280e+00
    7.60316849e+00 6.73262739e+00 6.27829027e+00 6.46336699e+00
    5.97331047e+00 5.37700796e+00 6.02654171e+00 6.75697327e+00
    6.26602697e+00 6.28613901e+00 6.70015097e+00 6.51643181e+00
    6.68799496e+00 5.34919930e+00 5.75806522e+00 5.63410997e+00
    6.29822683e+00 5.65516567e+00 6.05931091e+00 5.71989679e+00
    6.34970045e+00 6.58525324e+00 6.91978741e+00 6.65646029e+00
    7.58833694e+00 7.79635906e+00 8.21961784e+00 7.68048716e+00
    7.74143600e+00 6.97436571e+00 6.98212767e+00 7.21333170e+00
    6.79901934e+00 6.41653919e+00 6.42772722e+00 6.53609657e+00
    6.03170204e+00 4.70411825e+00 5.59819317e+00 5.65757513e+00
    5.89065409e+00 6.36416435e+00 6.90977621e+00 6.74787188e+00
    7.59069490e+00 8.12339687e+00 7.78587961e+00 7.60700512e+00
    7.18559599e+00 6.72448397e+00 7.35121775e+00 6.89055443e+00
    6.26277494e+00 6.10037804e+00 6.46123886e+00 5.96360970e+00
    6.23153782e+00 6.01031828e+00 7.20169353e+00 7.24659729e+00
    5.99104643e+00 6.71782064e+00 6.75935745e+00 7.21733475e+00
    6.34727478e+00 6.87109470e+00 5.84494829e+00 6.27103758e+00
    6.11379957e+00 6.79142141e+00 6.77850008e+00 5.55508089e+00
    6.44310999e+00 5.54281425e+00 6.03617334e+00 7.35030794e+00
    7.62773228e+00 7.37083673e+00 7.07037973e+00 7.12167311e+00
    6.15366077e+00 6.69490004e+00 6.72008801e+00 6.52337217e+00
    5.98244905e+00 7.12956095e+00 7.19665480e+00 7.53561544e+00
    7.40975237e+00 7.57532024e+00 6.26006937e+00 5.96844387e+00
    6.41798544e+00 6.10568142e+00 6.57889938e+00 7.63362217e+00
    6.97164536e+00 7.71434069e+00 8.08457851e+00 7.57886457e+00
    6.85549307e+00 6.99190569e+00 6.90149117e+00 6.82252455e+00
    5.99485970e+00 6.01201296e+00 6.94955873e+00 6.78352690e+00
    6.26644325e+00 6.85366488e+00 6.74968910e+00 6.23054838e+00
    6.61152172e+00 5.68730545e+00 5.46198893e+00 6.66004801e+00
    6.63422680e+00 5.85060215e+00 6.88134718e+00 6.16775322e+00
    6.30313253e+00 5.91805887e+00 6.48178673e+00 6.45775747e+00
    6.61968565e+00 6.63267469e+00 5.86416864e+00 5.50587606e+00
    5.50992203e+00 6.48370457e+00 5.53024960e+00 6.29904747e+00
    6.40912104e+00 6.25932646e+00 5.51827812e+00 6.50585127e+00
    5.91429090e+00 5.68845224e+00 8.38107014e+00 7.56826305e+00
    8.16128731e+00 9.13318348e+00 8.65102673e+00 6.47941685e+00
    6.60991573e+00 6.64263153e+00 5.64429331e+00 6.06217432e+00
    6.37545300e+00 6.04131460e+00 7.33878469e+00 6.99635315e+00
    7.18906546e+00 7.12482595e+00 6.67847395e+00 7.03951359e+00
    6.73036861e+00 7.45855141e+00 7.75992966e+00 7.63003874e+00
    7.75510550e+00 7.94618702e+00 6.35148716e+00 5.99019670e+00
    5.08178616e+00 6.53032732e+00 6.68780899e+00 6.50037766e+00
    5.54003477e+00 5.31785727e+00 4.72546005e+00 4.81828642e+00
    4.63367319e+00 5.84879684e+00 5.92510653e+00 6.79430151e+00
    7.08153963e+00 6.81490803e+00 6.42985725e+00 6.06523561e+00
    5.21375561e+00 5.84287357e+00 6.11603260e+00 5.89949512e+00
    5.05408001e+00 5.79795456e+00 6.38968229e+00 6.10094643e+00
    6.48433018e+00 6.87326527e+00 7.35586548e+00 7.71577501e+00
    7.22928047e+00 7.94230604e+00 7.42909575e+00 7.39936972e+00
    7.07028103e+00 7.68291283e+00 7.19816065e+00 7.83323717e+00
    7.10333681e+00 6.12766266e+00 5.83828592e+00 5.47780895e+00
    5.74352741e+00 6.51714849e+00 5.86259890e+00 5.67568779e+00
    5.91427279e+00 4.71666765e+00 4.89139366e+00 4.88776445e+00
    4.85319376e+00 4.87077141e+00 4.28178120e+00 5.12138653e+00
    5.24814701e+00 5.98116541e+00 6.93602180e+00 7.69883442e+00
    7.19059658e+00 7.13379622e+00 6.99299622e+00 5.04179430e+00
    5.62383461e+00 5.19446039e+00 4.78185081e+00 4.92778683e+00
    6.05739498e+00 5.74568224e+00 5.34049177e+00 5.17434502e+00
    5.13037586e+00 4.95036030e+00 5.51069736e+00 5.33708382e+00
    5.91727304e+00 6.69052458e+00 7.10730648e+00 6.70466232e+00
    6.79847479e+00 7.41379690e+00 7.88963985e+00 7.55461645e+00
    6.77720451e+00 7.29113054e+00 7.36008120e+00 6.54696560e+00
    5.93999195e+00 7.61645603e+00 7.15437365e+00 7.32317448e+00
    7.69444323e+00 7.13515186e+00 6.27888393e+00 6.26341724e+00
    6.45557880e+00 6.30982304e+00 6.92713737e+00 7.25688934e+00
    7.39207840e+00 6.65179396e+00 6.08081961e+00 6.29268599e+00
    5.02327061e+00 5.97202826e+00 5.97083330e+00 6.29040289e+00
    6.20500135e+00 5.88392067e+00 6.31373787e+00 6.69281149e+00
    5.84401989e+00 6.27887249e+00 6.39755344e+00 6.75337982e+00
    7.36690521e+00 7.89645624e+00 7.32762432e+00 6.62943840e+00
    7.54327250e+00 7.58764315e+00 6.86644411e+00 7.18127537e+00
    7.35799265e+00 7.63113403e+00 6.57286072e+00 6.24495268e+00
    6.75919867e+00 6.26520205e+00 5.64147615e+00 4.95887899e+00
    5.58005238e+00 5.89463377e+00 6.71895218e+00 6.95050621e+00
    7.35722733e+00 8.30075645e+00 7.85974741e+00 7.75572395e+00
    7.39006996e+00 7.15642071e+00 6.37093973e+00 6.11840868e+00
    5.95092106e+00 5.65835047e+00 6.22826004e+00 6.37939167e+00
    5.75408888e+00 6.53897142e+00 7.84063292e+00 8.18230438e+00
    7.73601484e+00 7.24611330e+00 7.34716749e+00 6.52771711e+00
    6.14458847e+00 7.14395618e+00 7.51737738e+00 6.39210796e+00
    6.71683979e+00 6.82497549e+00 6.39147520e+00 6.15365124e+00
    6.06748438e+00 5.95196152e+00 5.72451973e+00 6.04560041e+00
    7.32581043e+00 7.59284353e+00 7.84000731e+00 7.24395370e+00
    6.47097492e+00 5.96465445e+00 5.99556828e+00 5.83551359e+00
    6.64637899e+00 5.90075159e+00 6.22900295e+00 5.84107590e+00
    5.84456682e+00 6.72762203e+00 5.81294107e+00 6.04844809e+00
    5.81662321e+00 6.16736412e+00 6.50474072e+00 7.35162497e+00
    7.64166069e+00 7.15810633e+00 7.37168694e+00 7.66536236e+00
    7.55580235e+00 7.76129341e+00 6.78081226e+00 7.16394329e+00
    6.10634756e+00 7.33694887e+00 6.46229172e+00 6.91895676e+00
    5.82635069e+00 6.79953241e+00 6.46718454e+00 5.48233271e+00
    5.64331388e+00 4.94169855e+00 5.95459461e+00 6.03802633e+00
    6.08069134e+00 5.62759066e+00 4.96730423e+00 5.04530621e+00
    5.97634125e+00 5.48304558e+00 6.53958511e+00 6.09293556e+00
    5.63145590e+00 5.06014633e+00 5.64668703e+00 5.67565823e+00
    5.18358707e+00 5.85558558e+00 5.68310308e+00 6.83840322e+00
    6.86052942e+00 7.17816639e+00 6.87144518e+00 7.11627483e+00
    6.38036489e+00 7.16934204e+00 7.94905472e+00 8.15559292e+00
    8.67574692e+00 8.45960808e+00 7.20802307e+00 6.73008966e+00
    6.02877855e+00 5.66101360e+00 5.94453096e+00 5.19239426e+00
    5.81350422e+00 6.20984364e+00 6.11943245e+00 7.04364347e+00
    7.56111526e+00 7.25724125e+00 6.59305000e+00 6.12398624e+00
    6.20267296e+00 5.83842325e+00 6.81182766e+00 7.02210617e+00
    7.31951904e+00 6.89763308e+00 7.27225065e+00 7.76036596e+00
    6.37229252e+00 6.93485737e+00 6.43555641e+00 5.92677307e+00
    5.60216761e+00 5.77705479e+00 4.79260683e+00 5.59205294e+00
    6.03305292e+00 5.65709114e+00 6.49141979e+00 7.46074581e+00
    5.78706503e+00 5.64647532e+00 5.80705833e+00 6.32220888e+00
    5.66165113e+00 5.74009132e+00 6.17250443e+00 6.30152702e+00
    6.15906286e+00 5.78269100e+00 6.72367191e+00 6.63702965e+00
    6.52697706e+00 6.39711714e+00 7.19875336e+00 7.85978985e+00
    7.54655409e+00 7.59248829e+00 7.87539434e+00 6.79059219e+00
    6.60123968e+00 6.98067284e+00 7.93585300e+00 7.48843002e+00
    6.95702314e+00 6.60399723e+00 6.78845596e+00 5.48469210e+00
    6.22208977e+00 5.84005594e+00 6.24925423e+00 5.89690876e+00
    5.23194075e+00 4.14008665e+00 4.37951851e+00 4.98454142e+00
    4.21453047e+00 4.25617170e+00 4.09470892e+00 5.24533892e+00
    5.22557449e+00 6.54858971e+00 7.26451731e+00 7.90570450e+00
    7.25967312e+00 6.89714527e+00 7.88157940e+00 7.46981335e+00
    6.77627325e+00 6.04346943e+00 5.93330336e+00 5.27861738e+00
    5.66239214e+00 5.77077198e+00 6.16478014e+00 6.23853827e+00
    5.80766487e+00 4.84575844e+00 6.56477928e+00 5.92843819e+00
    5.48720407e+00 5.67730904e+00 6.16826296e+00 5.78983164e+00
    7.02322006e+00 7.30789042e+00 7.08198071e+00 7.00353384e+00
    6.69503450e+00 5.76728582e+00 7.12840509e+00 6.74128294e+00
    8.12837696e+00 7.54171944e+00 8.78408909e+00 8.09947491e+00
    8.05007172e+00 6.28929377e+00 6.89298296e+00 7.03162718e+00
    6.88630962e+00 6.35232115e+00 6.53328657e+00 6.78393650e+00
    6.61351061e+00 6.71580935e+00 6.41623926e+00 6.53846836e+00
    6.58897734e+00 6.03958654e+00 6.21931076e+00 5.60468388e+00
    6.58761168e+00 6.72520018e+00 6.39257050e+00 6.94207430e+00
    6.92267513e+00 6.40403748e+00 6.74369717e+00 7.13351202e+00
    5.99735546e+00 7.61103058e+00 7.09108162e+00 6.67977858e+00
    7.17717171e+00 7.42212725e+00 7.07437706e+00 6.94529009e+00
    7.95592260e+00 7.41026735e+00 7.21525717e+00 5.94483185e+00
    6.64727449e+00 5.78698492e+00 5.29487228e+00 6.15979910e+00
    6.66137362e+00 6.10163450e+00 7.01799393e+00 6.44831896e+00
    6.64425659e+00 6.73797178e+00 7.83878326e+00 7.59667301e+00
    8.89917850e+00 7.06345940e+00 7.27643204e+00 6.69261026e+00
    5.55091953e+00 6.39285612e+00 6.45775843e+00 6.45303583e+00
    6.22258139e+00 6.12505150e+00 5.75219727e+00 7.64216328e+00
    6.80741882e+00 6.90808058e+00 7.35563183e+00 6.86330271e+00
    7.41505861e+00 6.10439444e+00 6.45122385e+00 6.42296171e+00
    6.44507360e+00 7.49191332e+00 6.90686560e+00 7.04723644e+00
    7.01270103e+00 7.27434874e+00 6.44837999e+00 6.89669800e+00
    7.70242071e+00 6.51197386e+00 6.32388258e+00 6.83431292e+00
    6.60959053e+00 5.73147154e+00 6.40250969e+00 6.39482880e+00
    5.85640717e+00 6.17607737e+00 6.32522058e+00 6.24151373e+00
    5.86484718e+00 6.51433277e+00 6.58148479e+00 5.89868069e+00
    6.56266832e+00 6.67545319e+00 6.18946171e+00 6.68655491e+00
    6.90566635e+00 6.24185371e+00 6.49338007e+00 7.21107388e+00
    6.00556231e+00 7.34171009e+00 8.33697796e+00 7.37623787e+00
    8.03490734e+00 7.21967649e+00 6.08782959e+00 6.32789135e+00
    6.42493105e+00 4.62377167e+00 5.50153303e+00 6.13750505e+00
    5.46444082e+00 6.14546871e+00 5.28898335e+00 5.70267963e+00
    5.74513626e+00 5.88511181e+00 6.03025866e+00 5.88640118e+00
    5.46948385e+00 6.07119370e+00 5.22273111e+00 5.08734512e+00
    5.88654280e+00 4.42233801e+00 5.10697508e+00 5.06580782e+00
    5.94714260e+00 5.38583231e+00 6.13979387e+00 6.01896811e+00
    7.12739706e+00 6.90891886e+00 6.48668623e+00 6.50678158e+00
    6.53386974e+00 6.20982075e+00 7.13374424e+00 8.53607941e+00
    8.32190609e+00 7.69780159e+00 8.11730480e+00 6.54798603e+00
    5.27602530e+00 5.38521385e+00 5.77170610e+00 5.96926069e+00
    6.12530994e+00 6.30037498e+00 6.91420555e+00 7.15779018e+00
    7.40388107e+00 8.06723595e+00 8.07672787e+00 7.09891319e+00
    6.07554674e+00 7.20166731e+00 6.89926720e+00 7.71981668e+00
    7.05351639e+00 7.69650078e+00 7.70673609e+00 7.02627087e+00
    7.88888741e+00 6.95466757e+00 6.94071627e+00 6.43611670e+00
    5.31357431e+00 6.04422045e+00 5.13941240e+00 5.15731907e+00
    5.54761124e+00 6.14865208e+00 6.36305761e+00 6.03444719e+00
    6.53712559e+00 6.15928125e+00 5.81743956e+00 5.22613239e+00
    5.51218033e+00 5.20121145e+00 5.31636524e+00 5.32929659e+00
    5.45064306e+00 5.60002041e+00 5.97387934e+00 5.51232529e+00
    6.06535292e+00 6.19835806e+00 7.41756487e+00 7.04846191e+00
    7.30951071e+00 6.65323734e+00 7.61955023e+00 7.54478741e+00
    6.60027885e+00 6.86849737e+00 6.34388447e+00 6.61225033e+00
    6.84304571e+00 6.89708376e+00 6.86871433e+00 7.41237068e+00
    6.32642412e+00 7.32258320e+00 6.38214159e+00 6.29242229e+00
    6.06512022e+00 5.54281855e+00 5.20046997e+00 4.78443003e+00
    5.09024763e+00 4.11660433e+00 4.67020798e+00 5.07549953e+00
    5.26981020e+00 5.81361389e+00 6.92790222e+00 7.39809895e+00
    6.76179409e+00 7.35587597e+00 7.11314631e+00 6.55273914e+00
    5.99924946e+00 5.60918140e+00 5.30631876e+00 5.07650185e+00
    5.98266792e+00 5.65668154e+00 6.72701502e+00 6.79081249e+00
    6.83116341e+00 6.18569613e+00 6.63187504e+00 6.65441751e+00
    5.86378670e+00 6.40769815e+00 6.20830202e+00 5.79045105e+00
    5.61737776e+00 6.14410400e+00 6.76586485e+00 6.65070724e+00
    7.04463387e+00 5.93831730e+00 5.82220793e+00 6.98127508e+00
    6.53623676e+00 7.82548952e+00 7.80103779e+00 7.14971542e+00
    7.71043062e+00 7.86702728e+00 6.50855207e+00 6.45219946e+00
    6.39655685e+00 6.76401329e+00 7.20030594e+00 7.52537775e+00
    6.99306726e+00 7.98465157e+00 7.09121799e+00 6.10537100e+00
    6.55693579e+00 6.91507673e+00 5.48471594e+00 5.26700306e+00
    5.07295513e+00 5.65107059e+00 6.00094032e+00 5.54827738e+00
    6.78550720e+00 6.77639818e+00 6.61423159e+00 6.47678328e+00
    6.48222351e+00 7.40005255e+00 7.72090816e+00 6.34111261e+00
    7.37914038e+00 8.58244801e+00 7.61391115e+00 6.61078787e+00
    7.55573511e+00 7.46056890e+00 6.27946854e+00 6.02061605e+00
    5.77880812e+00 5.81250763e+00 5.67090034e+00 4.95534706e+00
    5.02211952e+00 5.78585339e+00 6.74083710e+00 6.36353779e+00
    7.05752325e+00 6.92975140e+00 7.29217339e+00 6.92559767e+00
    7.15753555e+00 7.28333855e+00 7.31750870e+00 6.54938555e+00
    6.22938490e+00 5.26185465e+00 6.66137123e+00 6.43245459e+00
    6.12143612e+00 6.98177385e+00 7.60063362e+00 7.40653276e+00
    7.40427208e+00 7.10986519e+00 6.37062120e+00 6.76311064e+00
    6.12107754e+00 6.14492464e+00 5.95605040e+00 6.77123737e+00
    6.43207121e+00 6.90298367e+00 7.69669151e+00 7.66678858e+00
    8.52582455e+00 7.30244970e+00 7.54522800e+00 7.44082642e+00
    7.56487083e+00 7.24465322e+00 6.75862265e+00 6.95832253e+00
    6.10011148e+00 6.27984715e+00 5.30155182e+00 6.10050583e+00
    6.12268019e+00 6.35152626e+00 6.16536951e+00 8.01215553e+00
    6.44518137e+00 6.35493326e+00 6.54186010e+00 6.74278879e+00
    5.59206724e+00 7.14345503e+00 6.97148991e+00 6.25638437e+00
    7.02279329e+00 6.21461058e+00 6.67012739e+00 6.22697496e+00
    6.92111111e+00 7.38520145e+00 7.90622377e+00 7.13509607e+00
    6.81267405e+00 6.57127857e+00 5.35145712e+00 5.46383047e+00
    4.96715879e+00 5.61909723e+00 4.90370274e+00 5.21592808e+00
    4.48233557e+00 5.39737988e+00 5.68546867e+00 6.23654270e+00
    6.69879913e+00 6.25352669e+00 6.14602757e+00 6.09722471e+00
    5.89131737e+00 5.21668577e+00 5.81821823e+00 4.76408339e+00
    5.24662113e+00 5.31468487e+00 5.39149523e+00 4.87274885e+00
    5.45383692e+00 5.60786676e+00 6.22936583e+00 6.02638531e+00
    5.50713730e+00 5.94952822e+00 4.97797346e+00 5.38842869e+00
    6.07593536e+00 6.44314384e+00 7.17153549e+00 7.36893702e+00
    7.75856686e+00 7.38395691e+00 6.54698420e+00 6.32042122e+00
    6.76751995e+00 5.78491497e+00 5.58678484e+00 6.69095612e+00
    7.41013479e+00 7.75786734e+00 8.07896519e+00 7.80433226e+00
    7.96040678e+00 6.91760302e+00 7.08298445e+00 5.83392715e+00
    6.58484316e+00 5.86682034e+00 7.40615559e+00 6.87087965e+00
    7.92939425e+00 7.83331156e+00 7.18399096e+00 6.87901783e+00
    6.36334372e+00 6.00363398e+00 5.66273499e+00 6.03022432e+00
    5.52137995e+00 5.74869728e+00 6.13469505e+00 5.44054413e+00
    6.66961336e+00 5.88176012e+00 5.98325109e+00 6.96679926e+00
    6.32019567e+00 5.42627478e+00 5.90221643e+00 5.63320494e+00
    5.44525051e+00 5.69893932e+00 6.77314281e+00 6.43466854e+00
    5.18758488e+00 4.47139931e+00 4.86263227e+00 5.10749483e+00
    5.50455570e+00 6.14260197e+00 6.35577583e+00 7.56428289e+00
    7.01647902e+00 6.64119673e+00 6.33826351e+00 7.52205610e+00
    5.79564619e+00 5.44311810e+00 6.70192671e+00 6.91868162e+00
    6.09475803e+00 6.63810921e+00 7.01798010e+00 6.81216240e+00
    6.98836279e+00 5.76340151e+00 6.92782116e+00 5.58072805e+00
    6.07205391e+00 5.61737299e+00 5.31337023e+00 4.91596365e+00
    5.74834776e+00 5.13301611e+00 4.49352551e+00 5.48440456e+00
    4.63725615e+00 5.18820190e+00 5.72138882e+00 7.23006201e+00
    7.00439882e+00 7.33700609e+00 6.00967169e+00 6.67216587e+00
    7.19724417e+00 5.82551765e+00 5.92934704e+00 4.57093525e+00
    5.64234447e+00 5.74734688e+00 5.31665134e+00 6.84286213e+00
    6.74167204e+00 5.84150553e+00 6.44589567e+00 6.46380854e+00
    6.79215956e+00 6.49639034e+00 7.17210960e+00 6.21935654e+00
    7.43685579e+00 6.38195372e+00 6.66021299e+00 6.47102165e+00
    6.49793148e+00 5.93286610e+00 6.50604153e+00 5.77871847e+00
    6.41500187e+00 6.45108461e+00 6.63779306e+00 6.48329258e+00
    7.23945761e+00 6.92847490e+00 5.94947624e+00 6.62628508e+00
    6.96386290e+00 6.00952387e+00 7.08084297e+00 7.38710880e+00
    6.67053938e+00 6.74485826e+00 6.33280897e+00 5.70497322e+00
    5.83387566e+00 6.08639383e+00 6.09800720e+00 5.72150660e+00
    5.51201391e+00 5.61061811e+00 5.55459070e+00 5.61029911e+00
    5.72234011e+00 6.72243261e+00 6.32169342e+00 6.92381477e+00
    7.02806044e+00 6.76682568e+00 8.23242855e+00 7.20792389e+00
    6.50064707e+00 7.77097416e+00 7.26603556e+00 6.53662062e+00
    6.98733902e+00 7.56017685e+00 6.96960402e+00 6.79282522e+00
    6.21765757e+00 5.45126009e+00 5.58006525e+00 4.82954407e+00
    6.02466345e+00 5.73483801e+00 6.35761499e+00 6.48024893e+00
    6.97732401e+00 7.55455923e+00 7.69197607e+00 7.88350296e+00
    7.93838930e+00 7.67052889e+00 7.23501348e+00 7.73356581e+00
    6.72764111e+00 6.23584414e+00 6.44792414e+00 7.75179291e+00
    5.81579781e+00 6.43710518e+00 6.98162985e+00 7.07782698e+00
    6.11281681e+00 6.12935734e+00 6.11686134e+00 5.87083483e+00
    5.88932800e+00 5.76535130e+00 5.73851681e+00 6.72217989e+00
    6.41614485e+00 6.48406267e+00 6.69889736e+00 6.57859278e+00
    7.03229570e+00 7.93438530e+00 6.96425152e+00 7.53149986e+00
    6.85288191e+00 7.12544012e+00 6.71385336e+00 6.07873392e+00
    5.76174116e+00 5.51569796e+00 6.35818481e+00 5.42978048e+00
    6.30593729e+00 6.59738064e+00 6.48467588e+00 6.63270283e+00
    6.25013065e+00 5.62531233e+00 6.32438612e+00 6.09884739e+00
    5.04871845e+00 6.44583178e+00 6.73733902e+00 6.61182308e+00
    6.18474102e+00 6.67968273e+00 7.23757172e+00 7.74747896e+00
    7.79610443e+00 8.34950256e+00 7.94358253e+00 7.09528399e+00
    5.44317579e+00 6.09670067e+00 4.65861225e+00 4.63252592e+00
    5.97050238e+00 5.57320690e+00 5.48782301e+00 5.57463741e+00
    5.22550154e+00 5.69081831e+00 5.53425455e+00 6.47844362e+00
    6.39002514e+00 5.92197847e+00 5.22125387e+00 5.50071621e+00
    5.11449385e+00 5.34479380e+00 5.60071802e+00 5.05373621e+00
    5.57731867e+00 5.17503691e+00 5.09307480e+00 5.42756271e+00
    5.95325899e+00 6.12260580e+00 6.12379599e+00 6.29392576e+00
    6.46206856e+00 6.02316189e+00 5.51305580e+00 6.39180899e+00
    5.48621273e+00 6.05166197e+00 6.06178379e+00 7.25942421e+00
    6.68549347e+00 7.32423925e+00 6.49122238e+00 6.42941380e+00
    5.42096710e+00 5.80204487e+00 5.34816551e+00 5.67767096e+00
    6.25573301e+00 7.51222849e+00 7.22778177e+00 8.43282890e+00
    7.88135529e+00 6.48437119e+00 6.86089706e+00 6.58978176e+00
    6.07807493e+00 7.61750603e+00 7.69805050e+00 7.71814346e+00
    8.55059433e+00 7.71065283e+00 7.15977859e+00 6.91894197e+00
    6.69771910e+00 6.88815498e+00 6.11666298e+00 5.79753828e+00
    5.94449377e+00 6.65798473e+00 6.68454981e+00 7.18941593e+00
    6.98664856e+00 7.20315266e+00 6.52062464e+00 7.25996113e+00
    6.61206913e+00 6.76622868e+00 7.18602753e+00 6.60106516e+00
    5.79195213e+00 6.81287622e+00 6.18804693e+00 6.61269474e+00
    6.21251869e+00 5.82159328e+00 5.67424202e+00 5.29646254e+00
    5.34990072e+00 5.75843096e+00 6.75507307e+00 7.43170309e+00
    8.05416012e+00 6.86274481e+00 6.47956085e+00 5.94105864e+00
    5.73554182e+00 5.28788185e+00 6.76206350e+00 6.82982063e+00
    6.68330669e+00 6.94619417e+00 7.20165443e+00 6.10297966e+00
    6.39747524e+00 6.03497982e+00 5.93405294e+00 6.24613810e+00
    6.03165197e+00 4.51175213e+00 5.44014072e+00 6.48748302e+00
    5.06059408e+00 4.49131298e+00 5.01205158e+00 5.28223705e+00
    5.39901161e+00 6.02891207e+00 6.50717115e+00 6.59922075e+00
    6.40994692e+00 7.75642109e+00 7.48575974e+00 7.52816677e+00
    6.59588909e+00 6.34413147e+00 5.36436081e+00 6.01287031e+00
    6.05686045e+00 6.94244623e+00 6.28750610e+00 7.53353882e+00
    7.67083073e+00 8.40106678e+00 8.00041485e+00 7.86764526e+00
    6.20206738e+00 6.47539759e+00 5.79070997e+00 5.75414848e+00
    6.07349205e+00 6.66227484e+00 6.07809019e+00 6.61850119e+00
    6.30056810e+00 6.88309574e+00 6.84136581e+00 6.05447388e+00
    7.15578985e+00 6.89790249e+00 6.65067625e+00 6.84902477e+00
    6.99012470e+00 6.94077206e+00 7.08126450e+00 6.24880838e+00
    6.59703207e+00 7.21127844e+00 7.70381212e+00 7.99647379e+00
    6.70448399e+00 7.06136036e+00 6.30943680e+00 6.42477131e+00
    4.77334261e+00 6.61280060e+00 6.22645760e+00 5.28089952e+00
    5.70809984e+00 6.26927376e+00 5.84914112e+00 6.46576786e+00
    5.95500708e+00 5.41720390e+00 5.65215588e+00 5.68976355e+00
    6.60801888e+00 6.82798052e+00 6.35819149e+00 6.67887402e+00
    5.95426702e+00 6.34826136e+00 6.99148035e+00 6.40876436e+00
    6.33421373e+00 6.35763550e+00 6.85397196e+00 5.51321554e+00
    5.82259226e+00 5.64344931e+00 5.69724655e+00 5.55951929e+00
    5.70963669e+00 6.65189171e+00 5.82545614e+00 6.22086000e+00
    6.22244072e+00 5.27814054e+00 7.14677095e+00 7.10250759e+00
    8.29935074e+00 8.18831444e+00 8.10925674e+00 7.38172722e+00
    7.23959064e+00 6.59043503e+00 6.70968962e+00 6.94119263e+00
    7.52338266e+00 6.58448553e+00 6.89518547e+00 7.32108498e+00
    6.05093718e+00 6.76835489e+00 6.22668076e+00 6.05637217e+00
    6.06232119e+00 5.87869978e+00 6.07953310e+00 5.98498917e+00
    5.91836882e+00 6.11717749e+00 6.50857258e+00 7.69499016e+00
    7.75023317e+00 7.14278841e+00 7.20766211e+00 5.88646460e+00
    6.55352306e+00 6.05552006e+00 6.48905182e+00 6.35015678e+00
    5.51854229e+00 5.59872866e+00 5.71932411e+00 4.88244963e+00
    5.80090570e+00 6.51429415e+00 6.06912327e+00 6.31623363e+00
    6.38956404e+00 6.69875002e+00 5.83090258e+00 6.41955280e+00
    6.85297918e+00 6.49508429e+00 7.32894516e+00 6.29831696e+00
    5.80602837e+00 6.58919907e+00 6.67409086e+00 6.56674480e+00
    7.78065252e+00 7.80661631e+00 7.96626139e+00 7.17255545e+00
    6.28565741e+00 5.88091898e+00 5.43700266e+00 5.24692345e+00
    5.20815134e+00 5.43352652e+00 5.96264648e+00 6.11531687e+00
    5.83470106e+00 6.30697823e+00 6.73057318e+00 6.25493956e+00
    6.41688776e+00 5.88972759e+00 5.90222979e+00 6.00275135e+00
    5.65611029e+00 5.77380466e+00 6.30415630e+00 5.81906319e+00
    5.78953743e+00 5.72513151e+00 6.98933697e+00 6.47124720e+00
    6.09343767e+00 5.93474579e+00 6.02588844e+00 6.49396610e+00
    6.49489450e+00 5.55373430e+00 5.11117554e+00 5.08081341e+00
    5.38985968e+00 6.32162428e+00 6.54165411e+00 7.04073143e+00
    7.11829948e+00 7.35479403e+00 5.69284534e+00 5.39605045e+00
    5.06546783e+00 5.88684464e+00 4.73577929e+00 5.14271832e+00
    5.87160063e+00 5.99132395e+00 5.65024137e+00 6.04430819e+00
    7.15874815e+00 7.03961229e+00 6.14228535e+00 6.43904257e+00
    5.68520641e+00 6.71711254e+00 7.53689051e+00 7.43934011e+00
    7.92250490e+00 8.41749001e+00 7.58119631e+00 7.62728930e+00
    6.77787971e+00 6.16922617e+00 6.60823822e+00 6.06269693e+00
    5.81327105e+00 6.17131567e+00 6.89614296e+00 7.03002071e+00
    6.58700037e+00 6.48626328e+00 6.62419176e+00 5.93731356e+00
    6.57335091e+00 5.21081400e+00 6.48412800e+00 6.40692472e+00
    6.20216465e+00 5.12716722e+00 6.71577883e+00 6.21112680e+00
    7.16889381e+00 5.77354860e+00 5.34777546e+00 5.78278780e+00
    6.01694489e+00 6.74500895e+00 6.55707073e+00 7.24232292e+00
    8.59213734e+00 7.18227530e+00 6.95703745e+00 7.21225309e+00
    7.23564959e+00 6.09302425e+00 6.96679258e+00 7.57240868e+00
    6.95866013e+00 6.48361492e+00 5.73819590e+00 6.07769060e+00
    5.94605732e+00 7.05981302e+00 6.58121634e+00 6.80815268e+00
    7.10172272e+00 6.08242559e+00 6.40935564e+00 6.56077099e+00
    6.13031006e+00 5.18001175e+00 6.03348255e+00 6.05902863e+00
    5.76046085e+00 6.76998663e+00 7.85632753e+00 7.43225288e+00
    6.93030405e+00 8.42704201e+00 7.81521034e+00 6.89652634e+00
    6.81589508e+00 7.07243776e+00 6.53148270e+00 5.58431530e+00
    6.06662703e+00 6.37694311e+00 7.11371374e+00 7.23618841e+00
    7.93334723e+00 7.81669092e+00 8.35558319e+00 8.05195045e+00
    7.03861952e+00 6.61352110e+00 6.23069811e+00 5.44845009e+00
    6.94267702e+00 6.60659456e+00 7.31021690e+00 6.66857052e+00
    6.87313366e+00 6.29920435e+00 7.55633926e+00 6.69410324e+00
    6.35039711e+00 7.18251657e+00 7.01944065e+00 6.51832724e+00
    8.00770283e+00 6.59775686e+00 6.91670370e+00 6.85946608e+00
    7.01293993e+00 7.15007877e+00 7.97436810e+00 8.14748096e+00
    7.25196457e+00 6.79684782e+00 6.55832481e+00 5.23014736e+00
    5.61239910e+00 5.00967121e+00 5.75992823e+00 5.54216433e+00
    5.85550404e+00 6.91970444e+00 6.78593206e+00 6.51498508e+00
    6.57545090e+00 6.90741491e+00 7.05845881e+00 6.38151121e+00
    6.50071335e+00 6.14909172e+00 6.40387869e+00 6.43909883e+00
    6.17306995e+00 6.36883879e+00 5.69770098e+00 6.88868761e+00
    6.38105488e+00 7.15898848e+00 5.94734764e+00 6.47221947e+00
    5.16301250e+00 4.84038782e+00 5.01056337e+00 5.62448263e+00
    5.90566254e+00 6.17341518e+00 6.46567106e+00 5.23187304e+00
    5.65373707e+00 5.30069065e+00 6.07128525e+00 7.67736435e+00
    7.44403791e+00 7.70025539e+00 7.38261366e+00 7.80839920e+00
    7.28961802e+00 6.60112381e+00 6.66980600e+00 6.90660572e+00
    7.24786854e+00 6.53298855e+00 6.53965712e+00 6.36624956e+00
    5.98061132e+00 5.51949644e+00 6.20661736e+00 6.88361740e+00
    6.60052204e+00 6.46000814e+00 4.69348001e+00 5.65766430e+00
    5.78022766e+00 6.83951855e+00 7.03094482e+00 7.44782639e+00
    6.71978998e+00 7.42369318e+00 6.64377117e+00 6.41681242e+00
    5.85470533e+00 6.13678265e+00 7.06482840e+00 7.13082552e+00
    6.02538490e+00 5.90672684e+00 6.01753044e+00 6.05413675e+00
    6.52162361e+00 7.23278999e+00 7.29170513e+00 7.53251553e+00
    6.76855230e+00 6.54019737e+00 7.02814150e+00 6.84522629e+00
    6.46355820e+00 6.63319635e+00 5.88289022e+00 7.30435467e+00
    5.89525318e+00 6.59936905e+00 6.72060013e+00 6.86414814e+00
    6.91546822e+00 7.56349039e+00 7.28829718e+00 6.43132591e+00
    6.67065430e+00 4.90431833e+00 4.71863365e+00 4.70629740e+00
    5.71448660e+00 5.79604530e+00 6.68204927e+00 7.39161539e+00
    6.92658043e+00 7.38185072e+00 6.47984219e+00 6.57323503e+00
    6.78772116e+00 7.38343477e+00 5.73705006e+00 7.10479259e+00
    6.98552322e+00 6.20256376e+00 6.70650816e+00 6.71158886e+00
    6.57741880e+00 6.52288151e+00 6.21206093e+00 6.54919720e+00
    6.37361813e+00 6.01456499e+00 6.51693344e+00 4.99426889e+00
    5.27910280e+00 5.06938887e+00 4.66113186e+00 4.32621670e+00
    5.42463779e+00 5.27210903e+00 5.34781837e+00 6.54111814e+00
    7.00582790e+00 6.18736458e+00 5.97256708e+00 5.85283089e+00
    4.87539339e+00 4.65857267e+00 5.49928427e+00 6.01843309e+00
    5.68151188e+00 6.36534119e+00 5.86184740e+00 6.71788168e+00
    7.02992439e+00 6.00081921e+00 6.08502483e+00 6.93194532e+00
    7.20371389e+00 6.57433701e+00 7.51995039e+00 6.82075882e+00
    6.74761105e+00 5.89650679e+00 5.86038589e+00 5.73151970e+00
    5.75882435e+00 4.73146963e+00 4.65157795e+00 5.15648508e+00
    4.58141851e+00 5.51442480e+00 6.34644079e+00 6.80782127e+00
    7.65784740e+00 6.80656672e+00 6.68367195e+00 6.51917601e+00
    6.28650093e+00 5.50644541e+00 6.21865845e+00 6.63590527e+00
    6.21850252e+00 7.16519642e+00 6.78928757e+00 7.29964733e+00
    6.09257460e+00 5.86601543e+00 5.65611792e+00 4.42168427e+00
    5.95628977e+00 6.44192553e+00 7.18386173e+00 7.07209349e+00
    7.74554968e+00 7.86677408e+00 7.42354059e+00 7.13357115e+00
    6.93249941e+00 5.97230101e+00 6.50659752e+00 6.83350658e+00
    6.80617571e+00 6.44409990e+00 7.28576422e+00 7.50419283e+00
    6.75602245e+00 7.17769003e+00 7.19245195e+00 6.45125628e+00
    6.48385715e+00 6.52741146e+00 5.62843990e+00 6.59231377e+00
    6.70582962e+00 6.03453493e+00 6.05045366e+00 7.93486643e+00
    6.67425680e+00 7.89356756e+00 7.91059589e+00 7.44235754e+00
    6.56773806e+00 7.30382061e+00 6.28731251e+00 6.74026203e+00
    6.15177631e+00 5.51853704e+00 5.90708256e+00 5.45158863e+00
    5.82967710e+00 6.34524012e+00 6.09642315e+00 6.24515009e+00
    7.19946861e+00 7.88119745e+00 7.29788637e+00 7.96707058e+00
    6.79030418e+00 7.07331371e+00 5.91702318e+00 7.09705877e+00
    6.92618561e+00 6.69983864e+00 7.44816065e+00 7.87185574e+00
    6.92605019e+00 6.31265545e+00 7.10255718e+00 6.23009872e+00
    5.86198473e+00 6.43885374e+00 7.44573069e+00 5.92322302e+00
    6.95569944e+00 7.13870955e+00 6.57937956e+00 6.73756313e+00
    6.74908066e+00 7.30865431e+00 8.80234623e+00 7.55015326e+00
    6.63686132e+00 6.57101774e+00 5.56237936e+00 5.65989399e+00
    4.92662907e+00 5.08969259e+00 4.96687889e+00 4.69095802e+00
    5.00644302e+00 4.88138485e+00 5.44187021e+00 5.82135725e+00
    7.01183033e+00 6.28996801e+00 6.08185720e+00 7.19095421e+00
    6.80591393e+00 7.40419102e+00 6.49123669e+00 6.29124165e+00
    6.67111635e+00 6.81095505e+00 7.22256136e+00 6.51597786e+00
    7.66256046e+00 6.47176409e+00 6.34819365e+00 6.70827246e+00
    6.82597256e+00 5.02912283e+00 5.66273880e+00 5.34890795e+00
    5.20306206e+00 6.21989155e+00 5.98103094e+00 5.46446562e+00
    5.97312593e+00 5.81550598e+00 5.13807392e+00 5.90462637e+00
    7.80507946e+00 6.75849915e+00 7.42399263e+00 7.40382862e+00
    6.78571415e+00 7.51593924e+00 7.05007267e+00 6.23619080e+00
    7.62753868e+00 7.09286356e+00 7.71275663e+00 6.49140787e+00
    5.99482250e+00 5.96773386e+00 5.46142483e+00 5.59753656e+00
    5.35870171e+00 5.89745140e+00 5.69238949e+00 6.30718660e+00
    6.12397957e+00 7.02298594e+00 6.53812742e+00 7.23715496e+00
    7.23460150e+00 6.48071957e+00 7.03196812e+00 7.57091427e+00
    7.45499516e+00 6.93579102e+00 6.97599697e+00 6.91094446e+00
    5.72759724e+00 6.09345055e+00 6.03299809e+00 5.01136732e+00
    6.42640877e+00 7.21468830e+00 8.05287838e+00 8.13939381e+00
    7.04823256e+00 6.66566515e+00 7.08470201e+00 6.42786980e+00
    6.43693876e+00 7.09389162e+00 6.69925451e+00 6.49844503e+00
    6.01867771e+00 6.01447058e+00 7.10351276e+00 7.42454243e+00
    7.17890215e+00 8.24125862e+00 7.01911736e+00 6.13480711e+00
    5.84739494e+00 5.10008621e+00 4.32029867e+00 5.83629179e+00
    6.30759811e+00 6.75732088e+00 6.84504843e+00 6.63283682e+00
    6.22736835e+00 6.80436516e+00 6.91663361e+00 6.05265665e+00
    6.87202263e+00 6.01468849e+00 6.49508238e+00 6.57005453e+00
    7.17412663e+00 6.88933945e+00 7.03781939e+00 6.73452187e+00
    7.69844961e+00 6.44582653e+00 6.69178247e+00 5.92993355e+00
    6.33816338e+00 5.63552475e+00 6.16632032e+00 5.31493568e+00
    5.57575274e+00 5.32760525e+00 5.12721062e+00 5.63297224e+00
    5.18199778e+00 6.50213766e+00 6.35141754e+00 5.51527405e+00
    6.45800638e+00 6.23514748e+00 5.32678747e+00 4.88008308e+00
    4.77477741e+00 5.58652020e+00 5.28679991e+00 6.28726387e+00
    6.60631657e+00 6.87685251e+00 6.06964970e+00 6.18730259e+00
    6.26283932e+00 6.85372496e+00 6.66949511e+00 7.07448292e+00
    6.26712561e+00 6.97983646e+00 6.63399696e+00 6.51799726e+00
    5.93513441e+00 6.67728138e+00 6.07102394e+00 5.15238667e+00
    5.40582895e+00 5.42987585e+00 5.10639048e+00 4.96531487e+00
    5.59236622e+00 5.45089340e+00 6.72052145e+00 7.28451920e+00
    6.81793070e+00 6.96851397e+00 7.20588303e+00 7.07979107e+00
    6.36131239e+00 6.65434790e+00 6.90908527e+00 7.08178568e+00
    7.35880184e+00 7.43501806e+00 8.71723366e+00 7.46539593e+00
    7.50577021e+00 6.79826164e+00 5.65732241e+00 5.16221952e+00
    6.31925678e+00 6.77229548e+00 6.76957893e+00 6.51200199e+00
    6.78902292e+00 6.57673788e+00 6.12596512e+00 6.26059389e+00
    7.69968510e+00 6.84042835e+00 6.62228632e+00 6.86539888e+00
    7.31323767e+00 7.07744789e+00 6.97142744e+00 6.53900242e+00
    7.08414364e+00 7.08059931e+00 6.29932451e+00 6.62733269e+00
    5.99202013e+00 5.50569105e+00 5.25357723e+00 6.07269621e+00
    5.62642193e+00 5.08786631e+00 6.69329691e+00 6.95423937e+00
    7.19343042e+00 7.44997120e+00 8.28539371e+00 9.25633812e+00
    7.70132542e+00 7.79324913e+00 7.06198549e+00 6.51746893e+00
    6.08844614e+00 5.45046377e+00 5.05713940e+00 6.00673199e+00
    4.66678476e+00 5.15437460e+00 5.89639091e+00 7.52891493e+00
    7.89547777e+00 8.74377060e+00 7.77247095e+00 7.37373161e+00
    6.66565132e+00 6.82595110e+00 7.28985691e+00 7.47898006e+00
    7.12053442e+00 7.07820511e+00 6.52792978e+00 6.36260128e+00
    6.41655684e+00 6.73974609e+00 6.28784561e+00 7.09827423e+00
    6.43105841e+00 6.53457022e+00 7.91091442e+00 6.81405067e+00
    6.92367458e+00 7.80595636e+00 6.37850428e+00 6.73791313e+00
    6.59855223e+00 5.94423342e+00 6.14732265e+00 6.76483488e+00
    6.58347702e+00 5.42025089e+00 4.87309170e+00 5.26848650e+00
    5.22367239e+00 5.76327515e+00 6.46926117e+00 6.06826973e+00
    5.26572800e+00 6.72817135e+00 5.62481928e+00 6.13567495e+00
    5.98294687e+00 6.79927397e+00 6.14324427e+00 5.99318552e+00
    6.71406794e+00 6.83693361e+00 5.84741592e+00 6.91834116e+00
    5.73860359e+00 5.88757133e+00 5.52572918e+00 5.80783558e+00
    6.39150524e+00 7.54088116e+00 6.70938587e+00 7.00771093e+00
    6.56413174e+00 6.56761026e+00 6.42065382e+00 6.45221996e+00
    5.70098829e+00 6.44852591e+00 5.67925453e+00 5.91942072e+00
    5.30630255e+00 5.31708860e+00 5.43225527e+00 5.96704435e+00
    6.83688593e+00 7.84339809e+00 7.46445608e+00 8.21881866e+00
    7.72027016e+00 7.34658146e+00 6.67631626e+00 6.68933678e+00
    7.74033546e+00 6.70009470e+00 6.61788034e+00 6.14557552e+00
    5.53543901e+00 5.24219990e+00 5.55032539e+00 5.43914557e+00
    5.44036722e+00 5.47710180e+00 4.96376991e+00 5.26599550e+00
    5.86277723e+00 7.18958473e+00 6.63570881e+00 6.52358818e+00
    7.15001631e+00 7.27825212e+00 6.21196795e+00 7.21409464e+00
    7.25027180e+00 7.18537998e+00 7.95176220e+00 7.46399975e+00
    6.60759020e+00 5.40926981e+00 5.95482969e+00 6.02182341e+00
    6.88424826e+00 7.02392483e+00 7.14318132e+00 6.64717388e+00
    6.91891098e+00 6.47247171e+00 7.12556219e+00 6.97266960e+00
    6.03320169e+00 6.27588844e+00 5.49529028e+00 4.86079216e+00
    5.91959906e+00 7.06691217e+00 6.39407635e+00 7.47669220e+00
    7.75679636e+00 8.17643738e+00 7.56388998e+00 6.85212040e+00
    6.06791782e+00 5.62922716e+00 4.54116964e+00 5.29036045e+00
    6.88728380e+00 6.89308977e+00 7.76524019e+00 7.96802568e+00
    7.78949833e+00 7.46739292e+00 6.89734507e+00 6.45307541e+00
    6.64752531e+00 6.52145863e+00 5.68999624e+00 6.18099737e+00
    7.03607416e+00 7.63934517e+00 8.00844002e+00 8.08491516e+00
    7.58462143e+00 7.09294558e+00 6.21954203e+00 6.08357525e+00
    6.39578056e+00 6.07854700e+00 6.03122568e+00 6.12724543e+00
    6.68685341e+00 6.24514771e+00 5.82651663e+00 6.08805704e+00
    5.73577070e+00 5.16594410e+00 5.76591587e+00 6.81260252e+00
    6.12655306e+00 6.81669235e+00 5.32814455e+00 5.78754854e+00
    5.68163061e+00 5.33445311e+00 5.03103256e+00 6.00628757e+00
    6.16343307e+00 6.36861849e+00 5.91795731e+00 6.00441980e+00
    6.23284149e+00 6.80713367e+00 6.80779886e+00 8.10008144e+00
    7.67353058e+00 8.32554817e+00 7.05654144e+00 6.52668858e+00
    6.64203739e+00 6.15063477e+00 6.29278708e+00 6.06460619e+00
    5.92826033e+00 5.87669945e+00 5.40785265e+00 6.31548738e+00
    5.68350697e+00 4.88414526e+00 5.24958944e+00 6.74943542e+00
    5.88583755e+00 7.04042482e+00 6.44169903e+00 6.45253944e+00
    6.64980555e+00 6.61875582e+00 6.59280729e+00 7.49957705e+00
    7.34530020e+00 7.23375559e+00 7.67776823e+00 7.55441570e+00
    7.05832386e+00 7.29438210e+00 6.60929298e+00 5.79694986e+00
    5.75225496e+00 6.27323914e+00 7.13342810e+00 7.41359425e+00
    8.15874004e+00 7.68955612e+00 7.85166311e+00 6.68698692e+00
    7.06206226e+00 7.02615595e+00 7.49673700e+00 7.62295151e+00
    7.71766853e+00 6.55718756e+00 6.67495251e+00 6.37128544e+00
    6.53089905e+00 7.20618534e+00 7.62567234e+00 7.98568344e+00
    6.45372248e+00 6.11220980e+00 5.51346922e+00 6.45973396e+00
    5.82543039e+00 6.35051489e+00 6.47324991e+00 7.42645502e+00
    7.46651459e+00 8.43968582e+00 8.78323650e+00 9.10272503e+00
    7.83819294e+00 7.97693968e+00 7.60998201e+00 5.99190855e+00
    5.18577528e+00 5.54320478e+00 4.52938366e+00 5.24330521e+00
    5.72476482e+00 6.23571253e+00 6.38406992e+00 6.94047785e+00
    7.72379875e+00 8.05130100e+00 8.34506989e+00 7.86538601e+00
    7.60260010e+00 6.30136156e+00 5.66683149e+00 6.09042406e+00
    6.71096849e+00 6.69457197e+00 6.50948191e+00 6.21872473e+00
    6.10688210e+00 5.00621510e+00 5.79323769e+00 5.61234426e+00
    5.98486090e+00 6.55886126e+00 7.57690716e+00 7.22682905e+00
    7.68741322e+00 6.95707321e+00 7.43685055e+00 7.02599716e+00
    6.65102768e+00 6.36850357e+00 7.40924215e+00 6.74879503e+00
    5.44547319e+00 6.32601023e+00 6.19138861e+00 6.15928364e+00
    6.89955139e+00 5.13063622e+00 6.29479265e+00 6.00656939e+00
    5.82173729e+00 5.86899567e+00 7.25766373e+00 5.00123835e+00
    5.69122648e+00 6.04354477e+00 5.66037989e+00 5.86396456e+00
    6.17880678e+00 6.67324638e+00 6.39935923e+00 6.15467167e+00
    6.23001003e+00 5.46945333e+00 6.43760347e+00 6.22825384e+00
    6.73147869e+00 6.38049698e+00 6.46610451e+00 6.57553244e+00
    6.29656172e+00 5.63033056e+00 5.96055460e+00 6.69240284e+00
    6.21325588e+00 5.56663656e+00 5.85092258e+00 4.96766090e+00
    4.85886431e+00 5.01349926e+00 5.20792770e+00 6.21600580e+00
    6.42944956e+00 8.04308891e+00 7.25562286e+00 6.86436939e+00
    7.03654623e+00 7.62712145e+00 7.09872246e+00 6.35871935e+00
    7.25416422e+00 7.72767115e+00 7.13207579e+00 6.44164991e+00
    6.22492123e+00 6.78835917e+00 5.21869564e+00 5.64239120e+00
    5.37735558e+00 4.93113375e+00 4.97529316e+00 5.41584873e+00
    5.78631449e+00 7.37528276e+00 7.57747459e+00 7.22434044e+00
    7.51116800e+00 7.49440479e+00 6.43643665e+00 6.40955544e+00
    7.54775286e+00 6.65979004e+00 6.57799578e+00 6.60167170e+00
    6.87696838e+00 6.23455381e+00 6.22350550e+00 6.64750195e+00
    6.62303448e+00 7.38861275e+00 8.13017654e+00 8.72514820e+00
    8.00543022e+00 8.02016735e+00 6.61231709e+00 7.04308033e+00
    6.28075218e+00 6.50703478e+00 5.87095499e+00 6.48640680e+00
    5.39754772e+00 6.19739294e+00 5.73130751e+00 6.16627264e+00
    7.27431631e+00 7.57610273e+00 6.70835733e+00 6.41630888e+00
    7.02245378e+00 6.33008003e+00 5.94482613e+00 6.12336636e+00
    7.47547436e+00 7.60677576e+00 8.42832470e+00 9.03841019e+00
    7.90059423e+00 8.75801563e+00 8.11358166e+00 6.23641253e+00
    6.44564867e+00 6.74557734e+00 6.84719801e+00 6.92283821e+00
    7.53183222e+00 7.53215981e+00 8.14149094e+00 7.83732033e+00
    7.47599554e+00 7.09952021e+00 6.03169346e+00 4.86192560e+00
    5.47437429e+00 5.00671816e+00 6.35372114e+00 5.02093792e+00
    6.06915951e+00 5.61315536e+00 5.48927832e+00 6.40484953e+00
    6.69399500e+00 6.91753531e+00 7.30623055e+00 6.42728138e+00
    6.70046139e+00 6.97211123e+00 6.07756138e+00 5.33401346e+00
    5.40711212e+00 5.58946466e+00 5.78561163e+00 5.40353775e+00
    6.83251190e+00 6.19038296e+00 4.99121618e+00 5.75044823e+00
    6.72111320e+00 6.90570879e+00 7.85075855e+00 7.18181229e+00
    6.87548542e+00 5.97057104e+00 6.98848820e+00 6.42195511e+00
    5.92315102e+00 5.78690958e+00 5.59954548e+00 5.46417761e+00
    5.29466248e+00 5.27629566e+00 6.87526751e+00 6.02097321e+00
    6.26473522e+00 6.11977053e+00 6.28594589e+00 5.61419868e+00
    6.00014830e+00 5.90751648e+00 5.79458332e+00 5.66992807e+00
    5.14535618e+00 5.54234695e+00 5.99440384e+00 5.94882822e+00
    6.81117201e+00 6.78086519e+00 6.63408089e+00 7.07799530e+00
    5.88518143e+00 6.83421850e+00 6.64641237e+00 6.03839064e+00
    7.14972448e+00 7.38451433e+00 6.58875608e+00 6.69145203e+00
    7.80258226e+00 8.22232342e+00 8.39748192e+00 7.62931728e+00
    7.90725136e+00 7.21834946e+00 7.62728930e+00 8.03891850e+00
    7.82119656e+00 7.39695263e+00 7.60553932e+00 7.39649105e+00
    7.35670137e+00 8.40275669e+00 7.63526678e+00 7.02628374e+00
    7.42559528e+00 6.77347660e+00 6.86302233e+00 6.54338837e+00
    6.93317080e+00 6.60845804e+00 7.26500368e+00 8.42488861e+00
    8.86907005e+00 8.65186787e+00 8.56832314e+00 8.83704185e+00
    8.14505577e+00 8.02984142e+00 6.34139919e+00 6.07338428e+00
    5.39395618e+00 5.02438688e+00 5.13486958e+00 5.17971468e+00
    5.39289236e+00 5.66374254e+00 5.59645128e+00 6.41504192e+00
    7.14292574e+00 6.69314957e+00 6.87532091e+00 6.45813847e+00
    5.94405651e+00 6.43756533e+00 6.63286829e+00 7.19928646e+00
    6.43757820e+00 6.63666248e+00 5.84806061e+00 6.25351763e+00
    5.53441048e+00 6.00692749e+00 5.22765017e+00 5.18338680e+00
    5.42786932e+00 5.88044214e+00 6.91820478e+00 7.32110786e+00
    7.50885105e+00 7.94859505e+00 7.04474974e+00 6.19433165e+00
    6.95557928e+00 5.69065952e+00 6.15785599e+00 5.80278254e+00
    5.52209425e+00 5.87344933e+00 5.09488869e+00 5.45900726e+00
    5.15889072e+00 5.40682554e+00 5.44308996e+00 5.91245031e+00
    5.19890594e+00 5.89184237e+00 6.16414213e+00 5.95203781e+00
    5.70545530e+00 6.24438000e+00 5.60096455e+00 5.83539057e+00
    6.36200809e+00 7.02360249e+00 6.34659100e+00 7.54083538e+00
    6.92296648e+00 7.12841892e+00 6.21808243e+00 6.45321989e+00
    6.69258165e+00 6.74910450e+00 5.89767218e+00 6.28178024e+00
    6.00709820e+00 5.14969826e+00 5.15533924e+00 6.16640711e+00
    5.98339891e+00 5.92660809e+00 4.69206190e+00 5.36262703e+00
    4.34065723e+00 6.06267643e+00 5.80302620e+00 6.62423658e+00
    6.71834946e+00 6.58274412e+00 7.50604868e+00 7.19436026e+00
    7.64974070e+00 8.15000343e+00 7.11570883e+00 6.53107882e+00
    7.87934446e+00 7.41082716e+00 7.67173672e+00 6.64502954e+00
    6.66483164e+00 6.00203991e+00 6.50459957e+00 5.34349680e+00
    6.06434536e+00 6.07307291e+00 6.19623661e+00 6.88865852e+00
    6.80967569e+00 7.73188305e+00 7.68414021e+00 7.25581932e+00
    7.07750559e+00 7.59442091e+00 6.68179035e+00 6.80489063e+00
    7.85652876e+00 7.50591898e+00 7.19141865e+00 8.08106232e+00
    7.21539974e+00 5.75513792e+00 5.96020126e+00 6.66388702e+00
    7.56971788e+00 7.43761826e+00 7.80071020e+00 7.87616062e+00
    8.04239941e+00 8.13802338e+00 8.24194050e+00 6.89522743e+00
    7.19879341e+00 6.00722790e+00 5.68380213e+00 5.88195515e+00
    5.72970104e+00 7.16889954e+00 7.61982393e+00 6.81949425e+00
    7.24415922e+00 7.51514578e+00 7.14096928e+00 6.42350388e+00
    6.36899376e+00 6.18486166e+00 5.27044868e+00 5.97485447e+00
    6.57269812e+00 8.03030109e+00 8.04920673e+00 8.86755848e+00
    8.45732880e+00 7.08882046e+00 7.42557144e+00 6.82473230e+00
    7.31358624e+00 7.98727131e+00 7.42777252e+00 7.60788345e+00
    8.31756115e+00 8.48895454e+00 7.16783190e+00 7.17525625e+00
    6.98888826e+00 6.44469833e+00 5.49199009e+00 5.92170715e+00
    5.86301517e+00 6.04243898e+00 6.01396465e+00 6.90955067e+00
    6.75056267e+00 6.76135302e+00 7.04767323e+00 7.66481447e+00
    7.49539471e+00 7.88572741e+00 6.17709494e+00 6.54391623e+00
    6.43864489e+00 6.11563683e+00 5.69446611e+00 4.93881416e+00
    6.21788597e+00 5.99311256e+00 6.60891962e+00 6.42085266e+00
    5.73604679e+00 6.71230650e+00 7.06547308e+00 6.85664558e+00
    6.96567726e+00 7.69104671e+00 7.57752323e+00 8.49473763e+00
    7.19575119e+00 6.21677780e+00 6.02308607e+00 5.25476980e+00
    4.76344490e+00 5.63653231e+00 5.90258217e+00 5.39633226e+00
    5.77268457e+00 6.29838514e+00 5.77229595e+00 6.59371662e+00
    6.61350203e+00 6.11460686e+00 6.08485079e+00 6.76905155e+00
    6.60985231e+00 5.89330626e+00 6.63423300e+00 6.21876097e+00
    5.28900290e+00 4.94709301e+00 5.79014397e+00 7.37808800e+00
    6.86034155e+00 7.87184191e+00 7.35837889e+00 6.85637093e+00
    6.12067556e+00 5.49585772e+00 6.57778692e+00 5.84373140e+00
    5.81343842e+00 6.45267200e+00 7.25057697e+00 7.39180613e+00
    7.80755281e+00 7.40536022e+00 8.29843998e+00 6.32175589e+00
    6.86544657e+00 7.55803013e+00 6.94758272e+00 7.79756212e+00
    8.81890583e+00 7.44943142e+00 7.56406498e+00 7.57604647e+00
    7.36657095e+00 6.37779522e+00 7.31575775e+00 6.69695091e+00
    5.65997934e+00 5.31280327e+00 5.07695007e+00 6.26383638e+00
    6.45055866e+00 7.03346777e+00 6.53908873e+00 7.02261257e+00
    7.55038500e+00 8.13932800e+00 8.76644325e+00 8.53113556e+00
    7.92705250e+00 7.12999439e+00 6.71092224e+00 5.62930202e+00
    5.54675245e+00 4.13249302e+00 4.91176462e+00 5.01286077e+00
    5.35047579e+00 6.75379753e+00 6.42045689e+00 6.41516495e+00
    6.11380625e+00 6.74121618e+00 6.06524801e+00 7.09179831e+00
    6.94805574e+00 7.46941996e+00 6.94693422e+00 6.62503004e+00
    6.54865503e+00 7.58023119e+00 8.14545631e+00 6.18262148e+00
    6.26206112e+00 5.81525230e+00 5.27345324e+00 5.25837803e+00
    5.89018679e+00 6.11751795e+00 7.36130524e+00 7.15024424e+00
    6.66817188e+00 6.79359722e+00 6.66724396e+00 5.72412395e+00
    5.81335878e+00 5.59501934e+00 5.31015396e+00 6.91098833e+00
    5.37155914e+00 5.95944309e+00 6.28214931e+00 5.60625124e+00
    5.79693842e+00 5.36154747e+00 5.20887232e+00 4.86979151e+00
    4.84008360e+00 4.18068218e+00 5.63106155e+00 5.17300320e+00
    5.05248308e+00 4.70738697e+00 5.91667128e+00 6.11311579e+00
    6.36111927e+00 6.29098511e+00 7.26876068e+00 7.84504175e+00
    6.70578337e+00 7.61390638e+00 8.06493568e+00 7.47516537e+00
    6.63516855e+00 7.43384027e+00 5.92567825e+00 5.99147415e+00
    6.68638945e+00 6.14990950e+00 6.51366282e+00 7.36812878e+00
    7.39228392e+00 6.70188284e+00 5.48118401e+00 6.41970253e+00
    5.71629667e+00 5.64774656e+00 5.36183405e+00 6.01184559e+00
    6.21025991e+00 7.71014452e+00 7.81308413e+00 7.89218521e+00
    6.92355394e+00 6.91478443e+00 6.79291868e+00 5.91996241e+00
    6.87951422e+00 7.00412512e+00 6.93315935e+00 6.77366924e+00
    5.88596249e+00 6.16719627e+00 5.38083124e+00 5.28589582e+00
    5.09889221e+00 6.38307190e+00 6.60789824e+00 7.45279074e+00
    8.07075882e+00 7.88199329e+00 7.45957899e+00 6.23867989e+00
    6.55409670e+00 7.28618574e+00 7.75881815e+00 7.03698778e+00
    8.33718204e+00 7.76794195e+00 7.01181364e+00 6.93536234e+00
    7.13383722e+00 7.21442890e+00 7.12646723e+00 6.55338192e+00
    6.99526453e+00 7.02433825e+00 6.86579227e+00 7.82611227e+00
    7.47454739e+00 7.28151464e+00 7.66846132e+00 6.98802519e+00
    5.59644842e+00 6.84849215e+00 5.56542730e+00 6.68298912e+00
    6.22447014e+00 6.63478851e+00 6.42527866e+00 7.25880861e+00
    6.96734333e+00 7.70788813e+00 6.70943451e+00 6.26838255e+00
    5.75794935e+00 6.13581848e+00 6.33390045e+00 6.93857479e+00
    7.77726793e+00 7.15586901e+00 7.42354631e+00 8.42561245e+00
    7.77804232e+00 6.94092417e+00 6.90243912e+00 6.19552946e+00
    6.55154991e+00 7.37670088e+00 8.29688072e+00 8.02406693e+00
    7.00822592e+00 7.35932970e+00 7.19650078e+00 6.65670156e+00
    5.93553734e+00 6.27279758e+00 4.88327074e+00 5.18050385e+00
    6.14833784e+00 5.56103182e+00 5.37590790e+00 5.70406151e+00
    7.05563879e+00 7.14249325e+00 6.96806717e+00 7.15273619e+00
    7.17681313e+00 5.79462051e+00 6.20208931e+00 5.42986298e+00
    5.55852461e+00 6.11095810e+00 5.54148531e+00 7.27787495e+00
    5.67918682e+00 6.15681553e+00 6.13814020e+00 6.98377228e+00
    6.89751339e+00 6.87585497e+00 7.81272936e+00 7.16124964e+00
    7.74334240e+00 7.59477711e+00 8.16890717e+00 8.13094711e+00
    7.55840826e+00 6.66175604e+00 6.59753513e+00 5.17525101e+00
    4.78677511e+00 5.44683027e+00 6.31663656e+00 6.36378288e+00
    6.27209187e+00 6.60212898e+00 6.41573191e+00 6.63970804e+00
    7.03350782e+00 6.20732355e+00 5.44696140e+00 5.73182726e+00
    5.92474079e+00 6.17943287e+00 5.31482029e+00 6.86625957e+00
    6.98610067e+00 7.20090151e+00 6.76954603e+00 8.01560497e+00
    7.61530256e+00 7.63746786e+00 7.71043301e+00 6.84500647e+00
    5.71163702e+00 6.82155561e+00 6.35381222e+00 6.71779871e+00
    7.50916719e+00 8.14604950e+00 7.40378904e+00 8.42520809e+00
    7.17107821e+00 7.32246971e+00 7.69490957e+00 7.34205437e+00
    7.45376062e+00 7.78427935e+00 7.41512346e+00 7.26467466e+00
    8.18510151e+00 6.78420782e+00 6.40452242e+00 8.14473248e+00
    7.22696781e+00 6.97220659e+00 6.60192251e+00 6.61631107e+00
    5.30601025e+00 4.74527836e+00 7.12785149e+00 6.04440022e+00
    5.97507668e+00 6.35863924e+00 6.81167793e+00 5.54170465e+00
    7.16662836e+00 7.79199076e+00 7.73849344e+00 7.65699530e+00
    7.34362793e+00 6.81512356e+00 6.37544298e+00 5.78560495e+00
    5.39567184e+00 5.64968538e+00 4.96184063e+00 5.18166780e+00
    4.54226255e+00 5.18996763e+00 6.32291508e+00 6.36198950e+00
    6.94608974e+00 6.91382837e+00 6.53350258e+00 7.38271570e+00
    7.12310171e+00 6.64178562e+00 7.03630877e+00 7.80290985e+00
    6.79112720e+00 6.24535799e+00 6.43259859e+00 5.96947479e+00
    5.23659801e+00 6.77311039e+00 4.94121218e+00 6.02650309e+00
    6.16102552e+00 6.70608664e+00 6.81399250e+00 7.39182854e+00
    7.23517036e+00 7.40712786e+00 6.88071823e+00 6.05119848e+00
    6.48465586e+00 4.87899685e+00 4.77909899e+00 5.57093906e+00
    6.35113430e+00 5.78260565e+00 6.53895521e+00 6.62971735e+00
    5.79841948e+00 5.40284300e+00 5.46455240e+00 6.16901827e+00
    5.34216738e+00 5.37121296e+00 5.56939220e+00 4.53825378e+00
    4.57821989e+00 5.11586237e+00 5.94860935e+00 6.12874746e+00
    6.27889919e+00 7.12226677e+00 6.55899477e+00 6.85511112e+00
    6.54896545e+00 6.13646412e+00 7.16836214e+00 6.89922714e+00
    7.75137186e+00 6.97260904e+00 7.15644884e+00 6.61071920e+00
    6.93304777e+00 7.31231403e+00 7.10445929e+00 6.87780857e+00
    7.14262438e+00 7.19058704e+00 6.80478239e+00 6.42503738e+00
    6.68355751e+00 6.78728819e+00 7.37952375e+00 7.49443388e+00
    7.33742428e+00 7.78017902e+00 7.15226412e+00 7.35311031e+00
    6.50013924e+00 7.50872374e+00 7.01647806e+00 7.11477661e+00
    6.63529778e+00 6.92084169e+00 6.29248571e+00 6.50735092e+00
    6.13015509e+00 6.09806395e+00 5.69623423e+00 5.77325487e+00
    5.90509033e+00 6.12947369e+00 6.39858818e+00 6.81387186e+00
    7.01247835e+00 6.86546373e+00 7.41122913e+00 7.62152719e+00
    7.27342606e+00 7.68405867e+00 7.52903938e+00 7.82921267e+00
    7.47178030e+00 6.69508648e+00 6.73341703e+00 6.56294727e+00
    7.38461065e+00 7.90198898e+00 7.29117823e+00 6.89721823e+00
    8.44083786e+00 7.26800108e+00 7.40398312e+00 8.28955460e+00
    8.01585197e+00 7.18964291e+00 7.38396835e+00 7.25013971e+00
    5.55195570e+00 5.28309870e+00 5.08603382e+00 4.86345577e+00
    6.19397068e+00 7.05235910e+00 6.26886225e+00 5.95498562e+00
    5.59647036e+00 5.55631638e+00 5.61147022e+00 5.20306587e+00
    6.34266424e+00 6.18965292e+00 6.94938803e+00 7.02519464e+00
    7.13922548e+00 8.06286907e+00 8.61988354e+00 8.06777763e+00
    7.43035126e+00 6.79229212e+00 6.12982988e+00 5.76811838e+00
    6.01275826e+00 6.60381746e+00 6.97471619e+00 7.59510231e+00
    8.17988873e+00 7.88112879e+00 6.90244102e+00 6.71705532e+00
    6.27925873e+00 6.43769979e+00 4.62745523e+00 4.84632778e+00
    5.02204752e+00 5.11924076e+00 5.71578312e+00 6.60292530e+00
    6.37988758e+00 6.79877234e+00 7.31818867e+00 6.88960791e+00
    5.97583961e+00 6.17576981e+00 5.52346373e+00 5.06472063e+00
    5.91720343e+00 6.26048946e+00 6.37692404e+00 5.63222790e+00
    7.39376020e+00 5.87493134e+00 6.74773407e+00 6.36447620e+00
    7.22599506e+00 6.62164688e+00 6.95632935e+00 6.84868288e+00
    7.77079916e+00 8.07608604e+00 7.72569847e+00 7.09597635e+00
    6.88469124e+00 5.54982424e+00 5.54914188e+00 6.19182348e+00
    6.40871096e+00 5.05187941e+00 6.81255388e+00 6.16944313e+00
    5.20985270e+00 5.93633795e+00 7.10009480e+00 5.82223701e+00
    6.63612270e+00 6.82095480e+00 5.68937159e+00 6.09684801e+00
    6.46234655e+00 6.38171911e+00 6.24088335e+00 6.38448524e+00
    6.57583237e+00 6.22169590e+00 6.89324808e+00 7.44599438e+00
    7.56836987e+00 6.25076771e+00 6.23296452e+00 5.96420383e+00
    5.38580275e+00 5.71071720e+00 6.56065559e+00 6.62604141e+00
    6.87762547e+00 8.06705189e+00 8.38769913e+00 8.10069942e+00
    9.03510857e+00 7.93881893e+00 8.53953266e+00 7.51051235e+00
    7.25793648e+00 7.35192442e+00 7.97312737e+00 7.21270609e+00
    7.61268854e+00 6.82535839e+00 6.67838430e+00 5.94018555e+00
    6.77190113e+00 7.02429914e+00 7.25655270e+00 6.59870768e+00
    6.98332262e+00 6.18823957e+00 6.43892145e+00 7.12610626e+00
    6.58486652e+00 7.80078554e+00 8.08336830e+00 6.82643795e+00
    6.92505741e+00 7.01655054e+00 6.56058311e+00 6.33312511e+00
    6.56901407e+00 5.81486034e+00 6.26342964e+00 5.29052687e+00
    5.44325113e+00 5.02951145e+00 5.98256922e+00 5.00082684e+00
    6.36258888e+00 6.87287188e+00 6.50811100e+00 5.97739744e+00
    5.23951435e+00 7.03543520e+00 5.37626886e+00 5.78768301e+00
    6.29499722e+00 6.04216576e+00 6.53206730e+00 6.24864054e+00
    6.67541981e+00 6.83045197e+00 7.57765198e+00 7.00120401e+00
    5.78628016e+00 5.68660688e+00 5.93691730e+00 4.81977701e+00
    5.73956919e+00 5.79211664e+00 7.72730684e+00 7.16768646e+00
    7.58132458e+00 8.15143776e+00 7.64014816e+00 6.66149807e+00
    5.61140394e+00 5.99272537e+00 5.16033363e+00 6.26002026e+00
    7.21433973e+00 6.71530151e+00 7.51130104e+00 7.41449499e+00
    5.41762781e+00 5.66974831e+00 4.43589115e+00 6.01499891e+00
    5.08777523e+00 4.25367069e+00 5.22835016e+00 5.20416975e+00
    4.69395685e+00 4.55626392e+00 5.05080795e+00 6.00073099e+00
    6.75282240e+00 6.30883312e+00 6.40430593e+00 6.99317980e+00
    6.56180239e+00 6.60899544e+00 6.89525986e+00 6.82230377e+00
    5.91651297e+00 7.10258961e+00 5.36136341e+00 5.61959887e+00
    5.75472546e+00 6.36370420e+00 6.35377407e+00 6.71253490e+00
    6.81568718e+00 6.49997091e+00 5.63461637e+00 6.02237511e+00
    6.56283092e+00 6.91315508e+00 6.53080034e+00 7.34714413e+00
    7.54531574e+00 7.87557411e+00 6.96685123e+00 6.53494024e+00
    6.00224447e+00 5.36821699e+00 6.17512131e+00 6.27951813e+00
    7.16400576e+00 6.94572449e+00 7.18792486e+00 8.09324360e+00
    6.17005682e+00 6.86644554e+00 6.09866285e+00 5.73858976e+00
    6.42998362e+00 6.98669958e+00 6.79217958e+00 7.57611132e+00
    7.83141422e+00 7.34202099e+00 6.91908598e+00 6.63133860e+00
    7.13196754e+00 8.47791672e+00 7.91457891e+00 6.41031265e+00
    7.21796989e+00 6.52972364e+00 5.41755199e+00 5.72322798e+00
    5.72415972e+00 6.06154537e+00 6.01090336e+00 7.30718088e+00
    7.87838459e+00 7.75229836e+00 6.90946579e+00 7.37956619e+00
    7.74790907e+00 7.58610630e+00 6.89989662e+00 6.95196629e+00
    5.54469681e+00 4.94895315e+00 5.68736506e+00 5.35851431e+00
    5.79173088e+00 6.41012764e+00 5.94922638e+00 6.62461329e+00
    5.29211998e+00 5.53279305e+00 6.54215670e+00 6.17711544e+00
    6.10332918e+00 6.93090010e+00 6.45883179e+00 7.62894964e+00
    7.45709419e+00 7.15794468e+00 6.91171312e+00 6.96720457e+00
    6.17706633e+00 6.08582067e+00 6.13790369e+00 5.02077484e+00
    6.02493811e+00 6.85246754e+00 7.95229244e+00 7.88864517e+00
    7.63777971e+00 8.73050022e+00 6.96714067e+00 6.89521027e+00
    5.82929897e+00 5.70102310e+00 4.31208420e+00 4.09867668e+00
    5.69554043e+00 6.21067905e+00 5.65938520e+00 6.55724001e+00
    6.06875467e+00 5.96044779e+00 6.11987448e+00 6.95726061e+00
    6.40603638e+00 6.37832308e+00 6.36279440e+00 6.05004787e+00
    6.05824423e+00 6.59327507e+00 6.49246454e+00 6.24522877e+00
    6.57176495e+00 6.03206301e+00 5.69021320e+00 6.59351540e+00
    5.63583326e+00 6.28483343e+00 6.44203091e+00 6.73196268e+00
    6.83616638e+00 6.87691593e+00 6.09208059e+00 6.60709858e+00
    6.03557491e+00 5.44999933e+00 6.16614294e+00 5.75343800e+00
    6.46364355e+00 5.84491634e+00 6.60983324e+00 5.99024963e+00
    6.30897713e+00 7.16590548e+00 6.17156792e+00 6.32628870e+00
    7.67738628e+00 7.93561411e+00 6.66335154e+00 7.18943739e+00
    7.24986696e+00 6.54010296e+00 6.50961828e+00 6.58811092e+00
    7.16701651e+00 6.14422417e+00 6.36493587e+00 6.67212915e+00
    6.60774374e+00 6.67536831e+00 6.12044001e+00 6.19610786e+00
    4.76822996e+00 4.32688618e+00 6.62551975e+00 6.42239141e+00
    7.70212698e+00 8.08698845e+00 7.31868887e+00 7.66872787e+00
    8.21482468e+00 7.34078217e+00 6.73102951e+00 7.93011856e+00
    7.62413263e+00 7.51635647e+00 7.40611601e+00 6.96993494e+00
    7.61493635e+00 6.21077061e+00 6.23886490e+00 7.40101910e+00
    6.33473063e+00 6.27468967e+00 6.97631311e+00 6.61482239e+00
    6.00588799e+00 6.58741426e+00 6.71534348e+00 7.91731310e+00
    7.68214369e+00 6.53393745e+00 7.58959484e+00 7.31503963e+00
    6.13257074e+00 6.75163412e+00 6.83354139e+00 5.00245094e+00
    5.84558916e+00 6.20619583e+00 6.93109894e+00 6.50531578e+00
    5.30515099e+00 5.52500391e+00 5.21672869e+00 5.15226173e+00
    5.11702538e+00 5.56962681e+00 5.64520931e+00 5.67635155e+00
    5.77137566e+00 5.18539810e+00 6.07409668e+00 6.09663534e+00
    6.46426535e+00 6.35077286e+00 6.25099277e+00 7.37837648e+00
    7.02437687e+00 7.79182386e+00 8.50146294e+00 7.66997671e+00
    7.36863136e+00 6.76780462e+00 5.68698454e+00 5.03443098e+00
    4.86386824e+00 5.45197058e+00 6.08222675e+00 7.13451767e+00
    6.59207296e+00 6.61869907e+00 6.39337778e+00 5.92221880e+00
    5.94702959e+00 6.06474543e+00 5.64631319e+00 6.35729933e+00
    7.29921722e+00 7.65618944e+00 7.13375616e+00 6.59446812e+00
    5.86921883e+00 4.91767931e+00 4.78901291e+00 3.77619457e+00
    5.58631039e+00 4.59899569e+00 5.44344759e+00 4.72004128e+00
    3.69519043e+00 4.76478338e+00 5.41905260e+00 5.82810974e+00
    6.12745619e+00 7.01884794e+00 6.33880615e+00 6.97889328e+00
    6.64330196e+00 6.98097086e+00 6.94412088e+00 6.59826517e+00
    6.27257395e+00 5.78386784e+00 4.45962858e+00 5.27583838e+00
    6.18583584e+00 6.02589369e+00 6.88806820e+00 7.37199545e+00
    6.46644449e+00 6.66167593e+00 5.67378998e+00 7.18414068e+00
    7.03835392e+00 7.70171928e+00 7.63553476e+00 8.30887508e+00
    7.85573864e+00 8.28791046e+00 7.10424185e+00 7.23516321e+00
    6.86820173e+00 6.58128977e+00 5.88627815e+00 7.60442114e+00
    6.72908401e+00 7.21406698e+00 6.17398596e+00 6.51743746e+00
    6.59648800e+00 6.14777327e+00 6.44550943e+00 6.04619455e+00
    6.82183790e+00 7.27411699e+00 7.12891626e+00 8.46921349e+00
    7.47647047e+00 6.72894669e+00 7.29120159e+00 6.94920683e+00
    7.09318018e+00 7.25401688e+00 8.33414268e+00 8.10469437e+00
    7.84686518e+00 7.42575645e+00 6.03932762e+00 5.86741877e+00
    6.94488955e+00 6.61406088e+00 7.07949114e+00 6.43826866e+00
    6.62903214e+00 7.08187199e+00 7.14373159e+00 7.53213501e+00
    8.51058388e+00 7.60918331e+00 7.16136789e+00 6.51784849e+00
    5.68469667e+00 5.67175436e+00 5.43268061e+00 6.09075212e+00
    5.63033295e+00 6.53969765e+00 6.56868219e+00 6.97173738e+00
    6.86986399e+00 6.18808842e+00 6.45502710e+00 6.54443741e+00
    6.37973881e+00 7.30568790e+00 7.20072985e+00 6.47971630e+00
    7.79287291e+00 7.47899246e+00 6.82591009e+00 7.75642633e+00
    6.76771116e+00 5.91529036e+00 5.75634623e+00 6.07465124e+00
    6.14398146e+00 7.33442068e+00 7.40816116e+00 7.14463854e+00
    6.45977163e+00 6.81454134e+00 6.23209095e+00 5.10267305e+00
    5.22470045e+00 6.47639656e+00 5.21061134e+00 6.33840466e+00
    6.32360125e+00 7.04929113e+00 6.12776613e+00 7.35560369e+00
    7.03987265e+00 6.59777641e+00 6.10275793e+00 6.46392632e+00
    5.29731941e+00 6.53357172e+00 6.32646465e+00 5.74905634e+00
    6.55224466e+00 6.38386822e+00 5.79177284e+00 5.64753866e+00
    6.39750767e+00 6.06943417e+00 6.28061199e+00 5.85052204e+00
    6.53356743e+00 5.67612171e+00 5.93422079e+00 6.17989969e+00
    6.32235241e+00 6.89897728e+00 7.12933207e+00 5.27297640e+00
    6.08664322e+00 5.13243484e+00 5.30861568e+00 5.27616119e+00
    5.63856602e+00 6.70152473e+00 6.18742943e+00 6.29905462e+00
    6.94829130e+00 5.84575462e+00 6.08750153e+00 5.61313868e+00
    6.39747572e+00 7.14555502e+00 6.64898348e+00 6.43209982e+00
    7.47971487e+00 7.41179705e+00 6.48245811e+00 8.05814457e+00
    7.08483696e+00 7.01766729e+00 6.28201246e+00 8.29841423e+00
    7.28301573e+00 6.52466059e+00 6.09511375e+00 7.00286484e+00
    7.34952021e+00 6.85867405e+00 7.03372240e+00 7.80084419e+00
    7.02460146e+00 8.30524540e+00 8.19588661e+00 8.40608215e+00
    8.40767574e+00 6.94896936e+00 7.23928308e+00 6.85429478e+00
    7.28313684e+00 6.96575451e+00 6.54024363e+00 6.60292101e+00
    5.86701965e+00 4.63941860e+00 4.19933319e+00 5.33520174e+00
    5.63271475e+00 5.55635309e+00 6.57713556e+00 6.42812490e+00
    5.26556635e+00 6.47641325e+00 7.42722797e+00 6.57708979e+00
    7.38913870e+00 8.19615555e+00 6.66477442e+00 6.90733433e+00
    5.92296791e+00 5.65408468e+00 5.72137594e+00 6.01627111e+00
    5.84917498e+00 5.80454397e+00 5.55132103e+00 5.82634926e+00
    6.03807926e+00 5.10797548e+00 6.32876635e+00 5.96520185e+00
    5.60581446e+00 6.28392982e+00 6.25023794e+00 5.14054394e+00
    5.38074446e+00 6.05916739e+00 6.22531796e+00 7.07832861e+00
    6.64852858e+00 7.53595924e+00 7.54633760e+00 7.51692486e+00
    7.77620268e+00 7.96786642e+00 9.01926422e+00 7.43585777e+00
    7.58395195e+00 6.99469519e+00 6.65237856e+00 6.88962173e+00
    6.70703936e+00 6.09708881e+00 6.35269070e+00 6.64717197e+00
    7.12453794e+00 6.93686008e+00 6.87626362e+00 6.15131283e+00
    6.97995424e+00 6.89276028e+00 7.57686615e+00 8.64064980e+00
    9.00946522e+00 8.22075653e+00 7.89200068e+00 7.08101368e+00
    5.94401550e+00 5.91828966e+00 5.02165937e+00 4.87728548e+00
    5.12957859e+00 5.70659590e+00 3.93633103e+00 6.05637741e+00
    4.90465593e+00 4.93032122e+00 5.73744535e+00 5.49389648e+00
    6.52266073e+00 5.40590000e+00 5.46864319e+00 5.84874392e+00
    6.14477253e+00 6.37486982e+00 6.66407728e+00 7.13573599e+00
    7.08097887e+00 6.21682644e+00 5.86778545e+00 6.20032454e+00
    6.26579285e+00 6.86414385e+00 6.60482311e+00 7.28635883e+00
    6.29228830e+00 7.11739826e+00 6.78812122e+00 6.99316072e+00
    6.82345724e+00 7.01044464e+00 7.68277836e+00 6.33693981e+00
    7.85990191e+00 7.81347656e+00 8.27082539e+00 7.25460529e+00
    6.93072271e+00 6.49887657e+00 6.43565178e+00 6.60495520e+00
    6.27016115e+00 5.34826088e+00 5.61120653e+00 4.87440586e+00
    5.53906965e+00 6.27150774e+00 5.48649883e+00 5.95369291e+00
    6.02056217e+00 7.17929697e+00 6.39400434e+00 7.06947184e+00
    8.01621437e+00 6.72725058e+00 6.13407373e+00 6.94477701e+00
    6.45877028e+00 7.44558334e+00 8.38864994e+00 8.27084351e+00
    6.67991686e+00 8.05981445e+00 6.86160660e+00 6.79447508e+00
    6.22023821e+00 7.11621428e+00 5.73465538e+00 7.24980259e+00
    7.11735344e+00 8.08781624e+00 7.07794476e+00 7.84665394e+00
    7.72228861e+00 6.55667782e+00 6.50105429e+00 6.16190386e+00
    5.02431202e+00 4.24765539e+00 5.02750921e+00 5.13437176e+00
    5.77314234e+00 5.81231546e+00 6.28421497e+00 5.59938908e+00
    5.93334389e+00 6.30612564e+00 6.47635746e+00 6.37455225e+00
    6.02410936e+00 6.36952257e+00 7.81193781e+00 6.89073944e+00
    7.65735865e+00 8.37835026e+00 7.99082422e+00 7.65822124e+00
    6.31192589e+00 6.50387239e+00 6.05612993e+00 5.90557909e+00
    5.85427523e+00 6.46133184e+00 6.89144707e+00 6.02232170e+00
    5.58827734e+00 6.14768505e+00 6.57376099e+00 5.85396290e+00
    6.30521297e+00 6.42190504e+00 6.24106979e+00 5.73772049e+00
    6.73541164e+00 6.07227039e+00 6.64186716e+00 6.25133657e+00
    5.62492466e+00 5.99810696e+00 5.53436565e+00 5.60884428e+00
    5.43709850e+00 5.78464842e+00 5.18902445e+00 5.68221378e+00
    6.05351448e+00 6.52042532e+00 6.01105976e+00 6.04441118e+00
    6.05173159e+00 5.25739145e+00 5.39729404e+00 5.89642334e+00
    5.59146738e+00 5.87822533e+00 6.22349262e+00 5.59507227e+00
    5.61783886e+00 6.48560762e+00 5.66731119e+00 6.51474953e+00
    6.35783482e+00 5.88383102e+00 4.89283276e+00 5.08336687e+00
    5.27458143e+00 5.79840279e+00 6.96286058e+00 6.37135029e+00
    6.45477962e+00 6.17001963e+00 6.43239069e+00 4.94514942e+00
    5.81386042e+00 6.84400702e+00 6.67046595e+00 6.15963650e+00
    7.17737055e+00 7.29314232e+00 7.23764324e+00 7.24108315e+00
    7.68265343e+00 7.50758839e+00 7.44655800e+00 6.16918278e+00
    7.24350500e+00 6.54400778e+00 6.83120489e+00 6.41203928e+00
    6.85400820e+00 6.73772573e+00 7.80535841e+00 7.66461849e+00
    8.28625870e+00 8.17570496e+00 8.55116749e+00 7.55997133e+00
    7.35316896e+00 7.28102779e+00 5.74445295e+00 6.12285089e+00
    6.53903389e+00 7.03347921e+00 6.92760372e+00 5.67521143e+00
    5.74222946e+00 4.65944290e+00 4.56692553e+00 5.32525301e+00
    6.49115229e+00 5.93588161e+00 6.71422625e+00 7.51867294e+00
    6.64588070e+00 6.61113739e+00 7.01161146e+00 6.61166811e+00
    7.45082855e+00 8.13393402e+00 6.21692705e+00 5.78313589e+00
    5.82792187e+00 5.89620447e+00 5.06166697e+00 5.19542742e+00
    5.07879686e+00 5.80084753e+00 5.41095543e+00 5.31636190e+00
    6.80519152e+00 5.70830154e+00 6.43862200e+00 5.63989592e+00
    5.93524408e+00 5.51307678e+00 5.30184460e+00 5.37754250e+00
    6.39129591e+00 6.64737606e+00 6.34108067e+00 6.98277617e+00
    6.23405266e+00 5.96283913e+00 6.58161259e+00 7.49898911e+00
    7.32584667e+00 8.03887844e+00 8.25456333e+00 7.82134867e+00
    7.73760700e+00 7.64920425e+00 6.69585180e+00 6.21250105e+00
    6.96586514e+00 6.61238050e+00 7.02463579e+00 8.00288010e+00
    7.31432152e+00 7.62332249e+00 7.42750692e+00 7.18268347e+00
    6.80411053e+00 6.96338511e+00 5.91208124e+00 7.17268848e+00
    7.59140825e+00 7.39880180e+00 7.49629068e+00 6.40690279e+00
    5.42429304e+00 5.62164211e+00 6.03688955e+00 5.52073622e+00
    5.92991352e+00 6.08407021e+00 5.75650644e+00 5.80568027e+00
    6.48158216e+00 5.59756947e+00 5.67315245e+00 5.55035639e+00
    5.28371048e+00 5.88575506e+00 4.40098810e+00 4.71435785e+00
    4.87567091e+00 6.71273851e+00 6.33906364e+00 6.49068022e+00
    7.07242441e+00 6.73764992e+00 6.22186422e+00 6.81448603e+00
    6.60780621e+00 5.76311350e+00 5.75238705e+00 6.18803215e+00
    5.69752979e+00 5.45289850e+00 6.53972864e+00 6.56801844e+00
    7.32312918e+00 7.33524895e+00 7.31382322e+00 7.71498013e+00
    6.34512329e+00 8.10396385e+00 6.74339437e+00 6.68896580e+00
    7.01393461e+00 6.91064882e+00 7.12230110e+00 7.46164179e+00
    5.51572227e+00 6.45866776e+00 6.74499607e+00 6.23178148e+00
    6.22444296e+00 5.82168293e+00 5.25302315e+00 5.11065102e+00
    5.84882927e+00 6.37427855e+00 5.73911810e+00 6.77960014e+00
    7.55232811e+00 7.03990126e+00 6.75338793e+00 7.51692104e+00
    6.65119553e+00 7.19909620e+00 8.23829842e+00 7.26928854e+00
    7.72441053e+00 7.04275084e+00 6.18409920e+00 5.88830614e+00
    5.71540499e+00 6.33289433e+00 6.85193539e+00 6.87286854e+00
    7.36661625e+00 7.50889111e+00 8.20082092e+00 7.75367880e+00
    6.99126768e+00 7.49658155e+00 6.60410023e+00 5.46012115e+00
    4.58901882e+00 4.68050146e+00 5.69488335e+00 5.46186066e+00
    6.56417274e+00 5.86588430e+00 6.36911154e+00 6.29780483e+00
    6.74664640e+00 5.76593018e+00 7.28145361e+00 6.50701475e+00
    6.92478514e+00 7.26741076e+00 7.65521336e+00 7.58569479e+00
    7.40694141e+00 7.89859533e+00 7.90195894e+00 6.35640192e+00
    6.30919266e+00 6.71323395e+00 5.97754145e+00 5.61607933e+00
    5.43470526e+00 5.78041553e+00 5.57805204e+00 5.90792561e+00
    6.68440866e+00 6.91177082e+00 6.77655745e+00 6.69930696e+00
    7.01228428e+00 6.64321089e+00 6.38775778e+00 6.80117178e+00
    6.74371672e+00 7.69844770e+00 6.29797792e+00 6.66713715e+00
    5.91288996e+00 5.50392962e+00 5.19746542e+00 6.25710964e+00
    6.00059175e+00 6.01472092e+00 6.41964340e+00 7.06887293e+00
    6.49239016e+00 6.34472656e+00 6.10342646e+00 5.51543808e+00
    5.25968552e+00 5.91937876e+00 5.52267361e+00 5.04395580e+00
    4.99905729e+00 4.82034254e+00 4.83812571e+00 4.48733664e+00
    5.22373104e+00 6.21383905e+00 5.34707451e+00 5.52445745e+00
    4.99239683e+00 5.59340191e+00 5.33324146e+00 4.80752659e+00
    6.17545748e+00 5.96292686e+00 5.99715900e+00 6.69840002e+00
    6.98820066e+00 6.69809437e+00 6.08437443e+00 6.28012180e+00
    5.92542982e+00 6.12664938e+00 6.32569027e+00 7.05669165e+00
    7.19618511e+00 7.53262377e+00 7.26866531e+00 7.70933867e+00
    7.50295019e+00 6.53608274e+00 6.53614664e+00 6.30655766e+00
    6.29855919e+00 5.89266586e+00 5.47993040e+00 5.60550737e+00
    6.26529551e+00 6.81310034e+00 6.60262537e+00 7.37944984e+00
    7.35779047e+00 8.00251102e+00 7.28885841e+00 7.40002346e+00
    7.89538479e+00 6.95282316e+00 6.89163828e+00 6.47744799e+00
    5.92008305e+00 6.70322037e+00 6.34161186e+00 6.07695007e+00
    6.63930702e+00 5.56092215e+00 4.75709438e+00 5.38125610e+00
    5.50518227e+00 6.16082382e+00 8.22419357e+00 7.10549974e+00
    7.07523775e+00 6.89145947e+00 7.43049097e+00 6.02780390e+00
    6.32808304e+00 7.57868099e+00 7.53733349e+00 6.78759193e+00
    6.19246292e+00 5.88773537e+00 6.03655243e+00 5.58559275e+00
    6.41258907e+00 6.12934160e+00 6.14382648e+00 5.27379179e+00
    5.30612135e+00 5.51091909e+00 5.24399757e+00 6.20307112e+00
    6.16965723e+00 6.28077602e+00 6.19468832e+00 5.78168917e+00
    5.56926489e+00 6.12179327e+00 5.46166468e+00 5.78012085e+00
    5.42149162e+00 5.24529982e+00 6.67565346e+00 7.59927750e+00
    7.89343786e+00 8.63193703e+00 9.68216610e+00 7.70047855e+00
    7.52152491e+00 7.30642414e+00 6.62863445e+00 5.90560818e+00
    6.69098759e+00 6.70180082e+00 6.95123053e+00 6.91934967e+00
    7.73123789e+00 7.27991724e+00 7.75982618e+00 6.96265984e+00
    6.47430944e+00 7.12668467e+00 6.94631243e+00 6.94329309e+00
    7.33906364e+00 7.25229788e+00 7.16791582e+00 6.74696541e+00
    5.85652924e+00 7.17730141e+00 6.37583637e+00 5.61396503e+00
    5.99126959e+00 5.81483459e+00 5.45139933e+00 5.30709934e+00
    5.02410221e+00 5.98344421e+00 5.03102160e+00 5.22346210e+00
    5.67721415e+00 6.14717197e+00 5.96724796e+00 6.05071926e+00
    6.08112240e+00 6.24986792e+00 5.88900471e+00 6.77788830e+00
    7.14121962e+00 6.43696690e+00 5.73675823e+00 6.40415239e+00
    5.80370665e+00 5.63084173e+00 5.47147179e+00 5.90489912e+00
    5.60282087e+00 6.12618351e+00 6.24933910e+00 7.32833147e+00
    6.91377735e+00 7.17929840e+00 6.84953642e+00 7.61781025e+00
    7.21171951e+00 7.57429266e+00 8.14833355e+00 7.40259409e+00
    7.63911963e+00 6.88462210e+00 6.42254925e+00 6.44436502e+00
    5.65384197e+00 6.33217573e+00 5.62394094e+00 5.55205965e+00
    5.92785025e+00 6.06447792e+00 5.92217159e+00 5.51670599e+00
    5.74944735e+00 6.22194242e+00 7.08981562e+00 6.97376251e+00
    7.80819368e+00 6.59174633e+00 5.56512356e+00 7.38037014e+00
    6.65812540e+00 6.82680750e+00 8.43172646e+00 7.80578804e+00
    7.06607819e+00 6.90942430e+00 5.86845303e+00 6.35498381e+00
    6.13052368e+00 5.58479500e+00 5.55830622e+00 6.48146534e+00
    5.74434805e+00 6.66039133e+00 6.48693371e+00 7.41641474e+00
    6.59223223e+00 5.99605179e+00 5.58673573e+00 5.04475212e+00
    5.25111055e+00 5.05368328e+00 5.21763468e+00 5.91728497e+00
    6.44041491e+00 6.91258097e+00 6.27773190e+00 7.00806570e+00
    6.93992090e+00 7.86165333e+00 8.21270084e+00 8.59419918e+00
    7.94328690e+00 8.11879063e+00 7.89096403e+00 7.09198761e+00
    8.07986164e+00 6.64800119e+00 7.41824865e+00 6.50729561e+00
    6.00445700e+00 5.78783464e+00 6.08211851e+00 6.67797852e+00
    6.47728872e+00 6.49435568e+00 6.06447744e+00 5.75537682e+00
    4.98869944e+00 5.38175488e+00 5.73210430e+00 6.49431133e+00
    6.22182322e+00 6.36428452e+00 6.33408213e+00 6.62993336e+00
    6.49699354e+00 5.99991608e+00 6.09673643e+00 5.67262697e+00
    5.63021946e+00 5.42367315e+00 6.20607328e+00 5.93132019e+00
    6.26326513e+00 7.36287451e+00 5.58379030e+00 6.32381105e+00
    6.65992737e+00 6.03888941e+00 5.71317911e+00 5.73230696e+00
    6.10695648e+00 5.88508034e+00 5.32307482e+00 4.84193087e+00
    5.52129316e+00 4.22658157e+00 4.84377766e+00 5.39474154e+00
    5.23336935e+00 5.81332588e+00 5.79988575e+00 6.56537724e+00
    6.43850374e+00 7.25305223e+00 6.85451984e+00 4.74427605e+00
    5.34258890e+00 6.19676876e+00 4.65558100e+00 7.08266735e+00
    7.19840240e+00 7.07743502e+00 6.21091509e+00 5.95584583e+00
    5.77365637e+00 6.17527151e+00 6.12017632e+00 5.57092142e+00
    6.79072285e+00 7.01858282e+00 7.19110346e+00 8.16445351e+00
    8.65381145e+00 7.12763309e+00 6.41843987e+00 5.67432499e+00
    5.70921946e+00 6.00633335e+00 6.22516966e+00 6.96438217e+00
    7.60483265e+00 7.40269995e+00 7.77209663e+00 7.18312263e+00
    7.57635307e+00 8.40621853e+00 8.41246223e+00 8.20363045e+00
    6.77951384e+00 6.20172358e+00 5.89787865e+00 5.34758520e+00
    5.60567141e+00 5.52283669e+00 6.75564337e+00 6.03513861e+00
    6.88406801e+00 6.69771671e+00 5.07394123e+00 5.77164888e+00
    6.50247097e+00 5.55926275e+00 6.75846052e+00 7.54646349e+00
    6.84862375e+00 6.58700752e+00 6.80506468e+00 6.63098955e+00
    6.75677013e+00 7.76737452e+00 7.28743553e+00 7.61449337e+00
    6.90858841e+00 6.67428923e+00 6.31482792e+00 5.61171675e+00
    5.14922571e+00 7.14898205e+00 5.96021509e+00 5.71337938e+00
    6.34521914e+00 5.79654932e+00 6.25359297e+00 5.67193794e+00
    6.84319687e+00 6.05355406e+00 5.91329145e+00 5.69763088e+00
    5.80820131e+00 5.63974047e+00 6.31872559e+00 7.18046856e+00
    6.84857607e+00 6.87933540e+00 6.31297970e+00 7.59097815e+00
    6.53014135e+00 7.83091593e+00 7.53720093e+00 8.33657360e+00
    6.94033670e+00 7.64163876e+00 6.63552094e+00 5.62531757e+00
    5.99824190e+00 6.16537189e+00 5.34850121e+00 6.79199362e+00
    6.49750710e+00 7.02834940e+00 6.60497808e+00 7.39429188e+00
    7.84111881e+00 7.54308605e+00 7.54704857e+00 8.05255890e+00
    8.60380173e+00 6.91473675e+00 6.56535912e+00 6.85201359e+00
    7.03640366e+00 6.57752752e+00 6.27756166e+00 6.53232431e+00
    6.38796282e+00 6.26248121e+00 5.86844015e+00 5.90047073e+00
    5.67827892e+00 5.58934069e+00 5.69176292e+00 5.76583004e+00
    5.81062794e+00 5.92732239e+00 5.70265388e+00 6.35761499e+00
    6.14978600e+00 6.50034094e+00 5.99184132e+00 6.61105871e+00
    6.60893202e+00 6.30965137e+00 5.77998638e+00 6.46457863e+00
    6.00114202e+00 5.55192471e+00 5.90151024e+00 6.19504595e+00
    5.98591948e+00 6.71432447e+00 7.10900164e+00 7.80850983e+00
    7.04913807e+00 6.79772568e+00 7.41198349e+00 6.84301376e+00
    6.68506145e+00 7.02622938e+00 7.78816175e+00 7.83322811e+00
    7.30237007e+00 7.80048609e+00 7.18948984e+00 6.57996035e+00
    4.97375298e+00 4.17542934e+00 5.36233616e+00 4.75869846e+00
    5.27220774e+00 5.86397219e+00 6.14644003e+00 6.03061819e+00
    6.05838633e+00 6.06183338e+00 6.41379786e+00 6.80124903e+00
    7.06803942e+00 7.67641926e+00 6.41326523e+00 7.15949345e+00
    7.30692244e+00 7.15344381e+00 7.64409781e+00 8.09432220e+00
    7.23429871e+00 6.55167007e+00 6.88893461e+00 7.41646147e+00
    6.88157558e+00 6.74156237e+00 6.57395840e+00 6.55305386e+00
    5.49967909e+00 6.32752323e+00 7.31982613e+00 7.54608345e+00
    7.59688044e+00 7.50826883e+00 6.54196787e+00 6.04997778e+00
    5.30187321e+00 5.13197374e+00 6.38502598e+00 5.60375118e+00
    6.58242083e+00 5.70417690e+00 7.19272184e+00 6.38425112e+00
    7.21923828e+00 7.32186794e+00 7.81948948e+00 7.24334574e+00
    7.39820766e+00 7.66957998e+00 7.94222927e+00 7.34658718e+00
    7.60434484e+00 8.03780460e+00 7.00016165e+00 7.52959394e+00
    7.15096378e+00 6.87257051e+00 7.07330084e+00 6.75246239e+00
    7.55080748e+00 7.41388226e+00 5.72635078e+00 5.14694786e+00
    4.84319210e+00 5.10925341e+00 5.47675180e+00 6.34334135e+00
    7.34191179e+00 7.34748459e+00 7.15019321e+00 6.71007872e+00
    7.65866804e+00 6.57053518e+00 6.16424131e+00 6.08021307e+00
    6.35957623e+00 6.87949324e+00 6.25915194e+00 5.90767145e+00
    6.75645781e+00 6.04051208e+00 5.68671894e+00 5.25190735e+00
    6.45062876e+00 5.93931675e+00 4.81703186e+00 5.84424019e+00
    6.12930632e+00 5.91581440e+00 5.91578102e+00 5.86900616e+00
    5.65552664e+00 5.52887440e+00 4.62447691e+00 6.07413530e+00
    6.38528395e+00 7.54875660e+00 7.78059673e+00 7.73421288e+00
    6.62398434e+00 7.64112711e+00 6.06516075e+00 5.52096176e+00
    5.00620079e+00 6.36869621e+00 5.95634460e+00 5.91380835e+00
    7.29449797e+00 6.93090534e+00 7.05758905e+00 6.93844557e+00
    6.07844114e+00 5.77214289e+00 5.26573086e+00 6.08950806e+00
    6.32420349e+00 7.10435534e+00 6.44805908e+00 6.01814842e+00
    7.24355507e+00 7.32596779e+00 6.24583578e+00 6.22464228e+00
    6.86682510e+00 6.53188276e+00 7.06042004e+00 6.76333189e+00
    7.26495457e+00 7.71222782e+00 7.69579268e+00 7.52329302e+00
    6.91883802e+00 7.74993134e+00 8.16056728e+00 7.11948204e+00
    6.83740568e+00 6.04464245e+00 5.39741516e+00 4.69946909e+00
    4.35997248e+00 5.59841776e+00 5.43015671e+00 5.36305380e+00
    5.64465094e+00 6.81881475e+00 5.67711735e+00 5.77827692e+00
    6.57535219e+00 5.76861858e+00 6.27104378e+00 6.99740458e+00
    6.72646570e+00 6.92895269e+00 7.88991356e+00 6.51301813e+00
    7.65794182e+00 7.57632399e+00 7.57592678e+00 6.88335705e+00
    7.14057827e+00 6.67104769e+00 6.08697367e+00 5.60551167e+00
    4.93938541e+00 4.90817022e+00 5.07740641e+00 5.69309473e+00
    6.86788797e+00 7.10893679e+00 7.24514961e+00 8.10391808e+00
    8.20646191e+00 7.44561768e+00 7.11896896e+00 6.43491507e+00
    6.96539068e+00 7.11970901e+00 6.46325731e+00 6.68776846e+00
    6.81045151e+00 6.31299019e+00 6.66968536e+00 7.55198669e+00
    6.87937069e+00 6.49145365e+00 7.49455214e+00 7.64362383e+00
    7.30495834e+00 7.88982821e+00 7.37349796e+00 7.22936106e+00
    6.53213549e+00 6.73828363e+00 5.71697617e+00 6.13594770e+00
    7.87710476e+00 7.04841852e+00 7.26497984e+00 8.21568298e+00
    7.16098928e+00 7.10107040e+00 7.44980907e+00 7.41254091e+00
    7.35701227e+00 7.11045694e+00 6.11700964e+00 6.65922785e+00
    6.08077621e+00 6.74575138e+00 7.31555414e+00 6.49171114e+00
    5.93733788e+00 6.32332945e+00 5.95889187e+00 6.87405109e+00
    6.52498436e+00 6.62176371e+00 6.38049936e+00 6.34842587e+00
    5.75994301e+00 5.73853064e+00 5.36889124e+00 5.55305624e+00
    5.52100468e+00 6.09967089e+00 6.44214010e+00 6.07937193e+00
    7.05682039e+00 7.05387306e+00 6.96357679e+00 7.10532475e+00
    6.67579317e+00 5.43449831e+00 6.07283258e+00 5.86399269e+00
    6.08918571e+00 6.89552689e+00 7.03113508e+00 7.55164337e+00
    6.79225349e+00 6.85814238e+00 5.94541740e+00 5.69814253e+00
    5.44622183e+00 6.58511400e+00 6.41792250e+00 7.00692511e+00
    7.46533537e+00 6.87411261e+00 6.26003742e+00 6.25357580e+00
    4.02175140e+00 4.65856409e+00 4.63789845e+00 4.86430120e+00
    5.23131609e+00 6.57347202e+00 6.00594711e+00 6.19393253e+00
    6.42202091e+00 6.57294178e+00 6.74428463e+00 7.26602125e+00
    7.84280777e+00 7.69003391e+00 7.76600504e+00 7.06740284e+00
    7.89868402e+00 7.49319029e+00 7.08491278e+00 7.03303957e+00
    7.04260778e+00 7.25475979e+00 6.26278448e+00 6.60022020e+00
    7.17316580e+00 6.32668400e+00 6.19317627e+00 6.28128099e+00
    6.28265572e+00 6.50779343e+00 6.81049061e+00 7.03284836e+00
    6.70616198e+00 7.53025627e+00 5.92680550e+00 6.34039593e+00
    5.93366814e+00 6.23003531e+00 6.16071415e+00 6.51368332e+00
    6.55791140e+00 6.58211374e+00 6.87200975e+00 7.05352163e+00
    6.46574450e+00 6.94318104e+00 7.51572180e+00 7.49234343e+00
    7.26330376e+00 7.28616810e+00 7.10560131e+00 6.72517252e+00
    7.15076160e+00 7.50002003e+00 7.35369968e+00 6.78926897e+00
    6.52426100e+00 6.55156994e+00 6.81816339e+00 6.79595137e+00
    7.24489403e+00 7.07002020e+00 5.89720774e+00 6.57883310e+00
    6.46976614e+00 7.05170393e+00 6.92801332e+00 7.23394823e+00
    7.90497494e+00 7.05203390e+00 7.18012428e+00 6.37753248e+00
    5.85034466e+00 5.92943716e+00 4.75578165e+00 5.10703468e+00
    6.08951473e+00 5.97701263e+00 6.29991674e+00 6.60255337e+00
    6.06383896e+00 6.83044338e+00 5.51667643e+00 5.46439028e+00
    6.27136660e+00 7.26230526e+00 5.94455576e+00 6.33343506e+00
    5.81784630e+00 6.09067202e+00 5.48388815e+00 5.48770142e+00
    7.06402779e+00 6.58061075e+00 6.57980061e+00 6.79579830e+00
    7.24769974e+00 7.01287365e+00 8.39403534e+00 7.73712206e+00
    7.40277100e+00 6.64414167e+00 6.29041576e+00 5.11337757e+00
    4.81384468e+00 5.65065575e+00 5.71445274e+00 6.82275105e+00
    8.01211071e+00 7.98457432e+00 6.18250990e+00 5.66984510e+00
    6.01590538e+00 6.23075485e+00 6.22476053e+00 5.99317455e+00
    6.96400881e+00 7.23009062e+00 7.85247612e+00 6.99696684e+00
    6.55796671e+00 6.93308401e+00 6.07177210e+00 6.03798676e+00
    6.28663015e+00 6.47168493e+00 5.67563868e+00 5.55466318e+00
    6.38646603e+00 6.11169386e+00 6.29856443e+00 6.04031992e+00
    6.88742638e+00 7.22802114e+00 7.36537313e+00 7.48389959e+00
    6.88740063e+00 6.29496574e+00 6.06099510e+00 4.92930317e+00
    4.49545813e+00 5.24912786e+00 6.54973125e+00 6.35373497e+00
    7.45674324e+00 7.25694036e+00 7.31271887e+00 7.09326172e+00
    7.20742273e+00 7.21445847e+00 7.00892353e+00 6.65214825e+00
    6.98815536e+00 6.05077171e+00 6.50189400e+00 6.37399626e+00
    6.41355467e+00 6.48050404e+00 6.63266039e+00 7.11374187e+00
    6.62000799e+00 5.95222664e+00 6.95471668e+00 6.28953123e+00
    6.10921955e+00 6.81020784e+00 6.42180157e+00 5.70535660e+00
    6.45729256e+00 6.78571367e+00 7.14266109e+00 7.16553640e+00
    7.61008453e+00 7.37752438e+00 7.44465351e+00 6.17254925e+00
    7.23059368e+00 6.45441151e+00 5.93522549e+00 6.16262722e+00
    6.82594872e+00 6.58021688e+00 5.82590914e+00 6.28307152e+00
    6.56663036e+00 7.39736938e+00 7.84024334e+00 8.37879086e+00
    8.01703453e+00 8.94905949e+00 7.21931124e+00 6.46267366e+00
    6.65899181e+00 6.65397739e+00 6.44929171e+00 6.49371481e+00
    6.83141613e+00 6.78795910e+00 6.65271091e+00 6.44205284e+00
    6.91410875e+00 6.97889042e+00 6.72649908e+00 6.50346088e+00
    6.82203865e+00 5.79856634e+00 5.02714872e+00 5.12255001e+00
    6.38596010e+00 5.89681244e+00 6.76043129e+00 6.75543165e+00
    6.31369829e+00 6.40460300e+00 5.88518333e+00 6.44426823e+00
    6.80242920e+00 6.43317175e+00 6.07941580e+00 6.31895351e+00
    6.77538538e+00 6.13988018e+00 6.88504744e+00 5.84168053e+00
    6.13687325e+00 7.01393318e+00 6.91518688e+00 6.50528383e+00
    7.18174028e+00 8.23383236e+00 6.28299046e+00 5.52728271e+00
    5.87428188e+00 5.77163029e+00 6.50450802e+00 6.92815304e+00
    6.40360737e+00 6.76683760e+00 7.16307974e+00 7.42627144e+00
    7.82491064e+00 7.68644714e+00 7.26050758e+00 6.91798019e+00
    5.47782278e+00 5.52120638e+00 6.64080858e+00 6.88255501e+00
    7.14447355e+00 6.31252527e+00 6.57569218e+00 6.36085510e+00
    3.84602308e+00 4.71674299e+00 5.59853077e+00 5.41666508e+00
    5.85167742e+00 5.87499952e+00 6.86527634e+00 6.35198402e+00
    6.51086569e+00 5.99536228e+00 7.47660780e+00 7.23498583e+00
    8.01412010e+00 8.00794792e+00 8.38015938e+00 8.41562939e+00
    7.87467003e+00 7.65242147e+00 7.20248222e+00 6.35439014e+00
    6.71538687e+00 6.58130932e+00 5.77191257e+00 5.98333836e+00
    7.04005194e+00 5.83353233e+00 6.41016436e+00 6.37835455e+00
    5.35650921e+00 5.64230394e+00 5.51517963e+00 6.64760828e+00
    6.28740549e+00 7.12455654e+00 6.97910786e+00 6.33054161e+00
    5.74997139e+00 6.53649998e+00 6.54553223e+00 7.48620939e+00
    7.38555670e+00 6.18997622e+00 6.44279766e+00 6.51399326e+00
    6.81042194e+00 6.84937716e+00 6.98676252e+00 7.47814226e+00
    7.82478189e+00 7.17330074e+00 7.30509138e+00 7.06704903e+00
    7.63997078e+00 6.40930700e+00 6.20544577e+00 5.88430595e+00
    5.88187647e+00 5.79729414e+00 6.64116573e+00 6.25442266e+00
    6.58416224e+00 6.29494476e+00 6.38800383e+00 5.89767313e+00
    6.67471361e+00 7.00099564e+00 7.19489193e+00 6.85934162e+00
    6.69347763e+00 6.58511114e+00 5.94551945e+00 6.29165173e+00
    5.76072550e+00 6.36138153e+00 6.10844803e+00 6.23961496e+00
    6.26335526e+00 6.62007523e+00 7.30541849e+00 7.39265633e+00
    7.28154469e+00 6.24327326e+00 6.92830563e+00 5.48754072e+00
    5.84713793e+00 5.81382990e+00 5.77914143e+00 6.08054066e+00
    7.43249273e+00 7.05134916e+00 7.14099884e+00 6.65716267e+00
    6.53183889e+00 6.47502756e+00 6.24814224e+00 6.83918810e+00
    7.05296946e+00 7.82061052e+00 7.34288788e+00 8.23517609e+00
    7.21105289e+00 7.39296436e+00 6.68553972e+00 5.16997957e+00
    4.57564211e+00 5.20270729e+00 5.99775743e+00 6.67093945e+00
    7.33515310e+00 7.37199545e+00 7.34560490e+00 7.15086174e+00
    6.50422525e+00 5.67924404e+00 5.41191673e+00 6.48875761e+00
    6.99482346e+00 7.05205202e+00 7.38112211e+00 7.03815603e+00
    7.12728024e+00 6.70805979e+00 6.27118683e+00 6.08499718e+00
    6.50387621e+00 6.71955109e+00 6.44507599e+00 6.58901739e+00
    5.78577805e+00 5.92709637e+00 5.99593687e+00 6.88736677e+00
    6.70566702e+00 6.99656391e+00 7.77804804e+00 7.58583450e+00
    7.57392168e+00 7.00818014e+00 6.12484264e+00 5.98431349e+00
    5.49474573e+00 6.23247194e+00 6.54968071e+00 7.26337337e+00
    7.78357983e+00 9.42395973e+00 7.64349079e+00 6.46910191e+00
    6.41425323e+00 6.41941023e+00 6.70301771e+00 6.48293591e+00
    5.83364296e+00 6.65979147e+00 5.93381310e+00 6.23890018e+00
    6.62262154e+00 7.27114105e+00 7.48493147e+00 7.37518406e+00
    7.31338310e+00 7.05353022e+00 7.27485228e+00 6.92035341e+00
    6.40543842e+00 6.97806835e+00 6.08037329e+00 5.18208694e+00
    6.37170506e+00 6.07173872e+00 6.15566969e+00 6.57191372e+00
    7.82911968e+00 7.64867353e+00 7.80501270e+00 7.91700602e+00
    6.64881659e+00 6.71793079e+00 6.01829481e+00 5.49857903e+00
    5.54530239e+00 5.77883101e+00 4.86854124e+00 5.67109299e+00
    5.49114656e+00 6.79230976e+00 6.61219311e+00 8.25399971e+00
    7.25463581e+00 7.86277580e+00 7.33215952e+00 6.64140749e+00
    6.86392212e+00 6.37288761e+00 5.54246759e+00 5.57895756e+00
    5.28979015e+00 6.22974825e+00 6.60720301e+00 7.03310680e+00
    7.72945118e+00 8.08476925e+00 7.35877275e+00 6.39205933e+00
    7.23630238e+00 7.24341106e+00 6.05646086e+00 6.09562111e+00
    6.56795835e+00 7.06807661e+00 7.07447100e+00 8.01653385e+00
    6.89212513e+00 6.36096573e+00 5.72517920e+00 5.43484402e+00
    5.39972353e+00 5.57697010e+00 5.60901737e+00 5.96662521e+00
    6.47341776e+00 7.12129021e+00 7.98217964e+00 7.74277592e+00
    6.10029650e+00 6.72111177e+00 6.70102644e+00 6.64011669e+00
    5.88016415e+00 6.71557856e+00 6.30260372e+00 6.09614897e+00
    5.38819885e+00 5.68550920e+00 6.22476864e+00 7.03623676e+00
    7.86336136e+00 8.33880806e+00 8.56776142e+00 8.63024616e+00
    8.33383179e+00 8.73215580e+00 7.48567247e+00 7.08326864e+00
    6.97176409e+00 7.84684134e+00 8.01318932e+00 6.95431280e+00
    7.79067516e+00 7.14601898e+00 5.67446709e+00 5.67943048e+00
    6.18101215e+00 5.23684549e+00 5.21256542e+00 4.94147968e+00
    5.74577570e+00 6.28116179e+00 6.90898418e+00 6.93990040e+00
    6.75476599e+00 7.19376183e+00 7.33122396e+00 7.57779884e+00
    7.37164354e+00 8.49741268e+00 8.13549709e+00 7.59854746e+00
    7.28657818e+00 7.44002724e+00 6.92336082e+00 6.71004868e+00
    6.01701260e+00 5.96532583e+00 5.84645653e+00 6.51906300e+00
    6.52257252e+00 6.77294016e+00 6.66756344e+00 5.70832157e+00
    5.36707354e+00 5.03117704e+00 5.55757093e+00 5.78415108e+00
    7.26453161e+00 6.43335962e+00 6.29820728e+00 6.39380980e+00
    5.98022604e+00 5.60462618e+00 5.51000309e+00 6.10317087e+00
    6.62318325e+00 6.55620003e+00 7.19377232e+00 6.86354256e+00
    6.59564209e+00 6.11333656e+00 6.88462019e+00 6.84041071e+00
    7.36575890e+00 7.64513826e+00 7.17990446e+00 7.57190466e+00
    7.08407879e+00 7.00519753e+00 6.23332024e+00 6.08482313e+00
    5.58710718e+00 5.77928877e+00 6.13870573e+00 7.05730486e+00
    7.40184069e+00 7.51750660e+00 6.76342726e+00 7.66949034e+00
    7.65948582e+00 6.58441544e+00 6.65996170e+00 6.77747011e+00
    6.53019238e+00 6.09004021e+00 6.32422400e+00 5.97131395e+00
    5.69015980e+00 5.50875092e+00 5.36018944e+00 5.94265079e+00
    7.71383905e+00 7.84726906e+00 7.59993362e+00 6.92250061e+00
    5.87629795e+00 5.56677818e+00 5.36072397e+00 4.37859201e+00
    5.85889149e+00 6.46109152e+00 6.87239504e+00 7.29138565e+00
    8.19533157e+00 7.87608862e+00 7.52607155e+00 7.06853724e+00
    6.56977844e+00 6.13883781e+00 6.44342899e+00 6.35732555e+00
    7.25806570e+00 7.43661880e+00 8.28786373e+00 8.28768826e+00
    8.09327507e+00 7.86717367e+00 6.81547403e+00 6.34899807e+00
    6.37087107e+00 6.91671896e+00 5.73952055e+00 6.38635826e+00
    7.29369974e+00 7.45152569e+00 6.79463053e+00 6.48643303e+00
    5.73450518e+00 6.10293722e+00 6.02147865e+00 5.58526230e+00
    6.19942427e+00 7.07027340e+00 6.54739046e+00 6.61291456e+00
    6.92108727e+00 6.39768553e+00 5.93055630e+00 6.36935902e+00
    6.24823236e+00 6.61008978e+00 6.14346409e+00 6.92482281e+00
    7.19264746e+00 7.09802389e+00 6.34831381e+00 6.03704023e+00
    5.75685501e+00 6.80000782e+00 6.85774899e+00 5.94276667e+00
    5.85544062e+00 5.57193422e+00 5.84598875e+00 4.36640215e+00
    5.24688005e+00 5.01260281e+00 5.81125927e+00 6.45103312e+00
    7.67133427e+00 7.94316483e+00 7.49140549e+00 7.02721405e+00
    6.43257856e+00 5.82462978e+00 7.13677740e+00 7.07139921e+00
    6.90313864e+00 7.33064222e+00 6.66141033e+00 5.95500040e+00
    7.37618923e+00 6.17016983e+00 7.05602121e+00 6.91793680e+00
    8.08351231e+00 6.73725033e+00 7.35169935e+00 6.37749290e+00
    6.09730482e+00 6.44761848e+00 7.13840818e+00 6.58520699e+00
    6.38648939e+00 7.36076641e+00 6.09350443e+00 6.83222866e+00
    7.41317606e+00 7.18019819e+00 7.67315197e+00 7.05666733e+00
    7.63630629e+00 7.19083166e+00 6.93720341e+00 6.26379442e+00
    6.13687086e+00 5.94342995e+00 5.38855219e+00 5.28780413e+00
    6.21302080e+00 6.20100641e+00 7.62092781e+00 7.85606766e+00
    8.13810062e+00 8.00365543e+00 7.87314177e+00 6.99586439e+00
    5.82900381e+00 6.95915747e+00 5.42283535e+00 5.35898113e+00
    5.88024426e+00 5.55101538e+00 6.80420351e+00 7.54157829e+00
    6.76802826e+00 7.51709938e+00 7.85758018e+00 7.14069986e+00
    7.00792265e+00 6.84371471e+00 6.18027020e+00 6.30066395e+00
    6.55197096e+00 6.47423553e+00 6.37530565e+00 5.98941088e+00
    5.85741377e+00 6.08433914e+00 5.56127501e+00 5.29887676e+00
    5.29807329e+00 6.90856981e+00 5.66565704e+00 6.63584042e+00
    6.47187281e+00 6.86716413e+00 6.86135912e+00 7.11846828e+00
    6.10719156e+00 6.00587940e+00 6.82556057e+00 5.17592669e+00
    5.86898422e+00 6.43287563e+00 6.61394119e+00 5.26574707e+00
    5.83457804e+00 6.42108393e+00 6.51330280e+00 6.22681379e+00
    7.09786940e+00 7.69807529e+00 8.32048798e+00 7.76304340e+00
    8.08040810e+00 7.66272736e+00 7.52921629e+00 7.48103046e+00
    5.76076746e+00 6.70488310e+00 6.55156851e+00 6.74335766e+00
    7.22574615e+00 6.48254347e+00 5.84457922e+00 5.88788700e+00
    5.28352022e+00 5.42620707e+00 5.86256742e+00 6.43788242e+00
    6.21860313e+00 7.17227507e+00 6.56641293e+00 7.10711908e+00
    6.49268293e+00 5.61062956e+00 6.04745388e+00 7.18300819e+00
    7.72766256e+00 8.20844269e+00 8.07567501e+00 7.71527386e+00
    7.72763586e+00 6.87350559e+00 6.96835470e+00 5.60049343e+00
    6.67642260e+00 7.11066294e+00 6.65342188e+00 6.36304808e+00
    7.82030392e+00 7.40359211e+00 7.33726358e+00 6.83000326e+00
    6.38702345e+00 6.74423504e+00 6.24395275e+00 6.58829212e+00
    6.82921553e+00 6.95429802e+00 6.53922176e+00 7.07700205e+00
    6.04008389e+00 5.89841843e+00 5.76854277e+00 6.68430233e+00
    6.36256838e+00 6.54797220e+00 6.06057930e+00 6.96230459e+00
    6.68824291e+00 6.95648003e+00 6.58646631e+00 6.25680208e+00
    6.53878832e+00 6.79188251e+00 7.20676899e+00 7.16461134e+00
    7.81820250e+00 6.74021769e+00 7.02921534e+00 6.36962748e+00
    7.32102394e+00 6.84086227e+00 6.44573450e+00 6.36361265e+00
    7.32308531e+00 7.71083689e+00 6.93751144e+00 6.92547321e+00
    7.47326708e+00 7.78978968e+00 6.91593313e+00 7.60788488e+00
    5.99936724e+00 6.31989336e+00 6.17811728e+00 5.14386177e+00
    5.57383823e+00 5.62202311e+00 5.30215502e+00 6.40055084e+00
    6.71336317e+00 7.07229757e+00 7.13740301e+00 7.15734673e+00
    5.93202543e+00 5.19444323e+00 5.53784323e+00 6.59076691e+00
    5.60572529e+00 6.19795322e+00 6.55830002e+00 7.68763828e+00
    6.99003792e+00 8.02817440e+00 7.94083214e+00 8.25155163e+00
    7.84904337e+00 7.22311592e+00 7.18776035e+00 6.86396503e+00
    7.28969860e+00 7.20047379e+00 8.44855690e+00 8.02035141e+00
    7.20147753e+00 6.85346317e+00 7.25355101e+00 6.78364658e+00
    6.69735718e+00 6.09570026e+00 7.25344133e+00 7.77217436e+00
    7.21520567e+00 7.30740643e+00 6.59931040e+00 6.96074438e+00
    6.57996368e+00 6.29652596e+00 5.68932676e+00 6.63528395e+00
    6.50424719e+00 5.91522026e+00 5.62869835e+00 5.41900778e+00
    5.22191143e+00 5.67740488e+00 5.58431578e+00 5.71427059e+00
    5.96220636e+00 6.75524330e+00 6.62957573e+00 6.33971930e+00
    6.11460447e+00 6.55768156e+00 6.12930346e+00 6.99265862e+00
    6.74015522e+00 5.84750271e+00 6.64841032e+00 6.27728605e+00
    6.00779533e+00 6.32131863e+00 5.41238832e+00 4.86791277e+00
    5.52575731e+00 6.05720377e+00 5.99941301e+00 6.47776365e+00
    5.88989115e+00 6.47799206e+00 7.27197790e+00 6.58665133e+00
    6.93397856e+00 6.41025305e+00 7.05968571e+00 7.61111212e+00
    6.50941801e+00 7.69305563e+00 7.21203613e+00 6.65147352e+00
    6.34456921e+00 6.98494911e+00 6.77329016e+00 7.72780180e+00
    7.33208895e+00 7.73026085e+00 7.86554003e+00 6.63427162e+00
    6.51521683e+00 6.36491823e+00 6.69290352e+00 6.59544039e+00
    7.55465126e+00 7.46293163e+00 6.90993881e+00 6.48535967e+00
    7.13395119e+00 6.66877747e+00 6.38457632e+00 7.27392340e+00
    7.18456173e+00 7.53255558e+00 7.55459642e+00 6.81070662e+00
    7.14856434e+00 6.37395859e+00 6.11251593e+00 6.13536167e+00
    5.91503859e+00 6.57188177e+00 7.43931627e+00 7.86182499e+00
    8.06942177e+00 7.60886049e+00 7.16180611e+00 7.39807987e+00
    7.75895596e+00 6.91238594e+00 6.10546970e+00 5.10463715e+00
    6.79828167e+00 6.05518866e+00 6.20182657e+00 6.34760523e+00
    6.18025494e+00 6.65095997e+00 6.38490582e+00 5.82620192e+00
    6.37399912e+00 6.40541124e+00 6.49113560e+00 5.44890308e+00
    5.86002254e+00 5.46244955e+00 6.08096552e+00 5.82991028e+00
    5.06863546e+00 5.78494883e+00 5.88342094e+00 5.79926968e+00
    5.24622536e+00 6.01083183e+00 6.26620960e+00 6.36598778e+00
    6.75630760e+00 5.88155460e+00 7.21619892e+00 6.65642023e+00
    5.97544622e+00 6.16045952e+00 6.70745325e+00 6.10321712e+00
    5.63332987e+00 5.82061243e+00 5.36980629e+00 6.37583256e+00
    5.80584097e+00 6.31046534e+00 7.51061249e+00 7.05624008e+00
    7.06792164e+00 7.34124660e+00 7.49141979e+00 7.98645735e+00
    7.98331118e+00 7.78692293e+00 7.21635818e+00 6.78361559e+00
    6.34244585e+00 7.07764387e+00 8.09473896e+00 7.18987989e+00
    6.96813393e+00 7.32135201e+00 6.69741726e+00 5.66600657e+00
    5.17273283e+00 5.80813837e+00 6.58722878e+00 6.10756350e+00
    7.35710573e+00 7.87718725e+00 6.88635874e+00 6.96279144e+00
    6.71931696e+00 6.00425720e+00 6.48921490e+00 6.90021229e+00
    7.17168331e+00 7.66738605e+00 8.20367336e+00 7.38770199e+00
    5.54511261e+00 5.82757235e+00 6.87960434e+00 6.83941126e+00
    6.93026018e+00 7.59567356e+00 6.84567404e+00 6.63946486e+00
    6.87635279e+00 6.12247705e+00 5.95676470e+00 7.98369980e+00
    6.66238785e+00 6.78674316e+00 5.91961908e+00 6.05484915e+00
    6.70622540e+00 5.96114779e+00 5.91741133e+00 6.54239988e+00
    5.79729795e+00 6.39038897e+00 6.35701323e+00 6.21503496e+00
    6.39408541e+00 6.04306889e+00 6.18855572e+00 6.58424854e+00
    6.26152802e+00 5.92829466e+00 7.17326593e+00 6.80318260e+00
    7.56507826e+00 6.25039434e+00 6.85333538e+00 6.61275101e+00
    6.61669493e+00 6.14308071e+00 6.68249035e+00 6.13315487e+00
    6.38038111e+00 5.78182411e+00 6.01090288e+00 5.90474129e+00
    5.79187298e+00 6.36747026e+00 7.10291624e+00 7.54264593e+00
    8.19255543e+00 7.87764406e+00 8.02716732e+00 6.36695957e+00
    6.60279226e+00 5.61553669e+00 6.10774851e+00 5.88230991e+00
    5.01251078e+00 6.36906576e+00 5.30798149e+00 6.03874016e+00
    7.26705456e+00 5.92712307e+00 6.34881783e+00 7.26655483e+00
    6.11515713e+00 5.43855000e+00 5.58497524e+00 5.46678448e+00
    6.03328657e+00 5.97832870e+00 6.36833954e+00 6.43441820e+00
    7.78612232e+00 6.54542494e+00 8.12074184e+00 7.78807020e+00
    7.58992577e+00 6.65417099e+00 6.66717291e+00 6.36045170e+00
    6.44412422e+00 6.78171587e+00 7.06553841e+00 8.31399441e+00
    7.93080711e+00 7.32427406e+00 7.07246685e+00 6.25137472e+00
    6.76825142e+00 7.76665735e+00 6.16910887e+00 6.75017500e+00
    7.83619022e+00 7.39499903e+00 6.38079691e+00 5.88255644e+00
    6.06620741e+00 4.78034163e+00 5.65607214e+00 6.89198303e+00
    6.94386435e+00 7.17093945e+00 6.58350611e+00 6.54132938e+00
    5.34878349e+00 4.77962780e+00 4.98669529e+00 5.99791527e+00
    5.50767517e+00 5.05890036e+00 6.02797890e+00 5.93046379e+00
    6.81893015e+00 6.82508898e+00 6.58197451e+00 6.61504412e+00
    6.56106091e+00 5.93859339e+00 6.53808880e+00 6.75450754e+00
    6.14959335e+00 7.26613522e+00 7.78168774e+00 6.62207556e+00
    6.84184122e+00 6.86984396e+00 7.49854040e+00 7.33676481e+00
    8.09552193e+00 8.49845028e+00 7.48780823e+00 7.67038679e+00
    6.56122875e+00 7.48903179e+00 7.78805113e+00 7.32084322e+00
    6.69400930e+00 7.10756111e+00 7.03850985e+00 5.79562950e+00
    6.08682251e+00 6.72648573e+00 6.84397650e+00 6.92605400e+00
    7.90021706e+00 6.41145563e+00 7.73547983e+00 7.58508301e+00
    7.39978600e+00 6.67087841e+00 6.93538237e+00 6.79720592e+00
    6.63234615e+00 6.77353191e+00 7.37052202e+00 7.33782911e+00
    6.53312016e+00 7.09737873e+00 6.41434813e+00 7.35528946e+00
    6.99926281e+00 7.14803791e+00 7.14108944e+00 7.37391329e+00
    5.32501125e+00 5.53680515e+00 5.76967573e+00 5.63978004e+00
    6.79279995e+00 7.25418329e+00 6.86739111e+00 6.68120909e+00
    6.72398138e+00 7.55097342e+00 6.99134398e+00 7.36801767e+00
    6.99759340e+00 6.91570473e+00 5.99295998e+00 6.19976377e+00
    4.86894608e+00 5.45229149e+00 4.94966841e+00 5.92319870e+00
    5.82995796e+00 6.83628225e+00 7.04347944e+00 6.55378389e+00
    6.21401453e+00 6.23075533e+00 5.17024517e+00 6.46604156e+00
    6.12785816e+00 6.55233192e+00 6.72203016e+00 6.79479742e+00
    6.85074902e+00 6.71330404e+00 6.16566467e+00 5.46180487e+00
    5.16166210e+00 5.89577532e+00 5.16527653e+00 5.40256453e+00
    6.26631784e+00 5.89228106e+00 5.94922686e+00 6.94644451e+00
    6.29039574e+00 6.27037621e+00 7.13878775e+00 7.47624683e+00
    6.68469524e+00 6.34449577e+00 5.66235733e+00 4.72728491e+00
    5.10886860e+00 6.25193262e+00 7.21122360e+00 7.31815004e+00
    7.40112305e+00 7.34371281e+00 7.29760408e+00 6.95301342e+00
    7.99411249e+00 7.32003546e+00 7.79733801e+00 7.55301428e+00
    6.95560884e+00 6.55302525e+00 7.37141895e+00 7.18797445e+00
    6.73227167e+00 6.00128555e+00 5.97866726e+00 5.31232691e+00
    7.43747234e+00 7.55839539e+00 6.49952936e+00 6.53648043e+00
    6.25434256e+00 6.55124426e+00 6.28193617e+00 6.51837254e+00
    5.97844839e+00 6.36268759e+00 6.04497147e+00 7.17594051e+00
    6.86385536e+00 6.88971615e+00 6.41186571e+00 6.35635281e+00
    5.66160965e+00 5.54521418e+00 5.43438816e+00 5.49256897e+00
    6.99693871e+00 6.93181705e+00 6.88169909e+00 6.35240555e+00
    7.10434198e+00 6.40071201e+00 7.34059429e+00 7.26805782e+00
    6.78323412e+00 7.22877836e+00 6.62882614e+00 6.01069355e+00
    6.37776804e+00 5.83058786e+00 5.46839046e+00 6.10268593e+00
    6.14564991e+00 5.72683144e+00 6.87999010e+00 5.80507803e+00
    6.33796358e+00 6.02623463e+00 5.91099453e+00 6.70528316e+00
    6.96242046e+00 7.07980776e+00 6.67891455e+00 6.56395197e+00
    6.14302254e+00 6.31738997e+00 6.94217825e+00 6.77836180e+00
    6.98106480e+00 7.09105778e+00 6.46505976e+00 6.47214746e+00
    6.27638531e+00 6.59178638e+00 6.36568069e+00 6.73647165e+00
    6.76977491e+00 6.49794197e+00 7.66844797e+00 7.40587616e+00
    7.29739094e+00 8.03516006e+00 7.04365969e+00 7.47361612e+00
    6.44727135e+00 6.38283205e+00 7.04720736e+00 6.90010786e+00
    6.59199190e+00 6.61273479e+00 7.76793337e+00 7.00071526e+00
    7.52087545e+00 7.90161085e+00 6.74666214e+00 6.22093248e+00
    6.11449480e+00 5.63611698e+00 5.30290270e+00 5.25128698e+00
    5.42376566e+00 5.76414394e+00 6.13443947e+00 6.83534479e+00
    7.19701672e+00 7.60480261e+00 7.93987846e+00 8.00148392e+00
    6.99153328e+00 5.71773624e+00 6.25726175e+00 5.13205147e+00
    6.05498791e+00 6.40697050e+00 7.54955959e+00 7.58955479e+00
    8.18007660e+00 8.12168217e+00 8.00806808e+00 8.17236614e+00
    7.72169399e+00 7.93776655e+00 7.60550928e+00 7.87390614e+00
    7.78985357e+00 7.03379822e+00 6.47768879e+00 6.42714548e+00
    5.51917601e+00 5.18871975e+00 4.89445925e+00 5.58687735e+00
    5.92527294e+00 6.11980104e+00 6.25161123e+00 5.97686052e+00
    5.61040115e+00 4.95181513e+00 5.10240889e+00 4.93789053e+00
    5.23007011e+00 5.89130926e+00 7.05774832e+00 6.95123339e+00
    6.86967039e+00 7.24996424e+00 6.85313463e+00 6.32362986e+00
    6.14497471e+00 5.80770350e+00 6.06946611e+00 7.12577677e+00
    6.85538244e+00 7.07809401e+00 7.72132254e+00 6.79721165e+00
    6.44041538e+00 6.56776571e+00 6.52295637e+00 7.04296112e+00
    7.40402412e+00 6.93754292e+00 7.46355772e+00 7.06764698e+00
    7.82251835e+00 6.53520107e+00 7.05984545e+00 7.21671534e+00
    7.05246687e+00 7.36376381e+00 6.84734917e+00 7.22414780e+00
    6.89355993e+00 7.79212475e+00 7.72778082e+00 8.04496765e+00
    8.28652000e+00 7.45131063e+00 7.26580286e+00 6.72156906e+00
    7.26910543e+00 6.77417564e+00 6.87036419e+00 6.81021547e+00
    7.20826817e+00 7.48742533e+00 7.36834669e+00 7.36047316e+00
    6.83225632e+00 6.84293890e+00 6.76535559e+00 7.26063156e+00
    7.50396109e+00 6.27924728e+00 6.01937532e+00 5.65472126e+00
    6.00177765e+00 5.97572994e+00 6.04058981e+00 5.89102602e+00
    6.46035719e+00 7.23211098e+00 6.52549934e+00 6.53125429e+00
    6.18888855e+00 6.63067770e+00 7.15808153e+00 6.27768278e+00
    7.65633202e+00 7.20992708e+00 6.45888186e+00 5.15609026e+00
    5.89583063e+00 6.19129992e+00 6.66910172e+00 6.38161230e+00
    6.69845390e+00 6.40680647e+00 7.13590479e+00 6.47839832e+00
    6.92613268e+00 8.04902458e+00 7.58019781e+00 5.90911627e+00
    6.59669971e+00 5.61924839e+00 6.56325245e+00 6.58620739e+00
    6.74048853e+00 6.92277527e+00 5.99584627e+00 6.12644243e+00
    6.18316793e+00 6.13067007e+00 6.33821440e+00 6.35405827e+00
    6.72173595e+00 6.76230669e+00 5.68252754e+00 7.03952742e+00
    6.60927677e+00 7.07110405e+00 6.96793032e+00 7.26643133e+00
    7.22706652e+00 7.04012728e+00 6.50101233e+00 6.14149284e+00
    6.37778282e+00 5.33904362e+00 6.15213442e+00 7.14406252e+00
    7.20880508e+00 7.39079952e+00 7.04331636e+00 7.14895391e+00
    7.67282248e+00 7.01520348e+00 7.16016769e+00 7.68040800e+00
    7.52757549e+00 7.89148855e+00 7.04641819e+00 7.19310999e+00
    6.93807936e+00 6.54534626e+00 6.27559948e+00 5.70114899e+00
    7.72604275e+00 6.32297421e+00 6.88751316e+00 5.81338167e+00
    6.18814087e+00 5.67450476e+00 5.64791203e+00 5.87914944e+00
    6.01362228e+00 6.32490206e+00 6.11317587e+00 7.66292381e+00
    6.73410511e+00 6.29027891e+00 5.74657345e+00 5.64179230e+00
    4.06427002e+00 5.10557652e+00 5.95450544e+00 6.49204493e+00
    6.71308756e+00 7.26950121e+00 6.99034548e+00 6.81919384e+00
    7.56931925e+00 7.79502010e+00 6.96139908e+00 6.69790173e+00
    6.89874125e+00 7.29326391e+00 6.59708071e+00 6.80517864e+00
    6.08697414e+00 5.95733452e+00 5.00092125e+00 5.89749098e+00
    6.65789032e+00 6.43464851e+00 6.38291931e+00 6.27005529e+00
    6.64592218e+00 6.22133923e+00 7.28631353e+00 8.09749889e+00
    7.75880098e+00 6.44255733e+00 6.62480783e+00 6.23218632e+00
    6.58937407e+00 5.66952515e+00 7.48499393e+00 7.17075777e+00
    7.54647112e+00 6.26209259e+00 7.18513966e+00 6.99819613e+00
    7.27966785e+00 7.18458843e+00 7.84748507e+00 7.95330381e+00
    7.11851025e+00 7.68172073e+00 7.96200132e+00 8.07834816e+00
    7.45434761e+00 7.18333197e+00 7.52074194e+00 6.04012489e+00
    7.01479912e+00 6.51268816e+00 6.31217098e+00 6.42447138e+00
    6.35331869e+00 6.16680050e+00 6.10529041e+00 6.41611147e+00
    7.16007948e+00 8.17055607e+00 6.89166975e+00 7.40202713e+00
    6.13735437e+00 5.44243479e+00 4.44932318e+00 5.88755322e+00
    4.89116383e+00 6.18528080e+00 6.54346180e+00 7.80279112e+00
    7.18331861e+00 6.55355883e+00 7.18783379e+00 7.07220030e+00
    7.36356926e+00 6.17237282e+00 6.19994259e+00 5.66461468e+00
    6.63580847e+00 6.33687115e+00 6.89426661e+00 7.35415983e+00
    7.72154808e+00 6.90281105e+00 7.75935125e+00 7.57630634e+00
    8.17690468e+00 9.06064224e+00 8.35582161e+00 7.41588926e+00
    7.63232851e+00 7.33223295e+00 6.09363890e+00 6.61425638e+00
    5.92399645e+00 4.92801189e+00 4.95878363e+00 5.13414907e+00
    5.13882208e+00 4.64766741e+00 5.20890379e+00 6.21776295e+00
    5.55146503e+00 5.17188692e+00 5.39539623e+00 5.11324883e+00
    4.67783880e+00 5.35414362e+00 5.21398830e+00 6.68067122e+00
    6.57045221e+00 6.91211891e+00 7.18131256e+00 6.03907824e+00
    6.98552132e+00 6.56716108e+00 7.44526815e+00 6.71352053e+00
    6.72552156e+00 6.93175030e+00 6.98496246e+00 6.33746767e+00
    5.30150175e+00 4.97133732e+00 5.90124512e+00 5.94457531e+00
    6.23521566e+00 8.12461853e+00 7.98426485e+00 7.49924088e+00
    6.71422052e+00 8.00819492e+00 8.25236320e+00 8.71542549e+00
    7.83270359e+00 7.60632706e+00 7.48463392e+00 6.62911987e+00
    6.86707783e+00 7.24789190e+00 8.04601765e+00 7.95075464e+00
    8.28143692e+00 8.06060600e+00 7.13103294e+00 7.77284575e+00
    7.38323593e+00 7.19050169e+00 7.51936340e+00 6.89823580e+00
    8.56647873e+00 7.66792011e+00 7.45596981e+00 7.81742477e+00
    7.25686073e+00 6.30123663e+00 6.01220274e+00 6.54000902e+00
    6.03945303e+00 6.95894909e+00 6.79221058e+00 7.53620815e+00
    6.71413898e+00 6.68924904e+00 7.27729845e+00 6.67288017e+00
    6.38288879e+00 6.89463425e+00 6.69045734e+00 5.87737656e+00
    6.48718262e+00 7.08302116e+00 7.16212225e+00 7.62311983e+00
    8.13136387e+00 7.29357576e+00 6.73866606e+00 6.50503683e+00
    5.87175703e+00 5.53564405e+00 5.55799961e+00 5.99091673e+00
    6.17322493e+00 6.27860594e+00 6.06568718e+00 6.33059406e+00
    6.77978420e+00 5.98601246e+00 5.83661461e+00 6.47782326e+00
    6.16615248e+00 6.37795353e+00 6.29084301e+00 5.41258526e+00
    5.88772202e+00 5.95087051e+00 5.98612499e+00 5.60631132e+00
    5.98483658e+00 6.82542086e+00 7.11396885e+00 6.84930706e+00
    6.75734329e+00 6.19808102e+00 6.08429813e+00 5.39839458e+00
    5.93198061e+00 5.53398466e+00 6.72413778e+00 6.82942963e+00
    6.90448284e+00 6.51348162e+00 5.71342802e+00 5.99346828e+00
    5.47674322e+00 5.75643635e+00 7.03334570e+00 6.42744398e+00
    6.40520620e+00 6.51963472e+00 6.47193527e+00 5.92403841e+00
    6.24976397e+00 6.46234608e+00 5.93379307e+00 6.76890373e+00
    6.73691940e+00 6.15953207e+00 6.68916941e+00 6.97776842e+00
    7.52185154e+00 6.76961613e+00 6.43412399e+00 5.95410252e+00
    6.56802654e+00 6.85248852e+00 6.46515751e+00 6.15534306e+00
    5.74444103e+00 5.78375530e+00 6.15859842e+00 6.54723740e+00
    6.29247141e+00 5.91613913e+00 6.65558720e+00 6.50839567e+00
    6.03291702e+00 6.56752872e+00 5.65183687e+00 5.63405371e+00
    4.36562061e+00 5.02999306e+00 6.44898367e+00 6.30699110e+00
    6.96538019e+00 8.12755489e+00 7.92106819e+00 6.60413504e+00
    7.53401041e+00 7.01802015e+00 6.23786879e+00 6.40091467e+00
    6.36527872e+00 6.43371439e+00 6.04212666e+00 6.14001608e+00
    6.44072866e+00 6.72604132e+00 6.32373953e+00 6.79043198e+00
    6.43075228e+00 7.48774815e+00 6.40210104e+00 6.42483187e+00
    6.32572746e+00 5.86786604e+00 5.75211287e+00 6.88627815e+00
    7.10385990e+00 6.82123089e+00 6.54997921e+00 6.00129652e+00
    5.49968672e+00 5.53609371e+00 6.42468023e+00 7.18043613e+00
    7.35222912e+00 7.39659166e+00 7.71908188e+00 7.81918001e+00
    7.88338137e+00 6.91122293e+00 7.24249697e+00 6.69848299e+00
    7.21866035e+00 6.67369843e+00 6.77093601e+00 6.22373867e+00
    6.54695845e+00 6.54926586e+00 7.27330256e+00 6.33648205e+00
    6.47867107e+00 6.17123795e+00 6.72363329e+00 5.71666479e+00
    5.93775368e+00 6.14426613e+00 6.30178928e+00 6.65328836e+00
    7.28788710e+00 7.04989338e+00 8.01980877e+00 7.48566437e+00
    7.01073885e+00 7.55192709e+00 6.92256784e+00 5.98793983e+00
    6.41226482e+00 5.15621948e+00 5.24721479e+00 5.06214714e+00
    6.30029869e+00 6.18503475e+00 7.05853796e+00 6.68219948e+00
    7.16675901e+00 6.45305490e+00 6.60366821e+00 6.56806135e+00
    6.11493731e+00 7.15020990e+00 7.16873503e+00 7.09632969e+00
    6.90173912e+00 7.17764282e+00 7.24512959e+00 7.56057978e+00
    7.95169353e+00 7.87481165e+00 7.41236782e+00 8.54933262e+00
    8.60108280e+00 7.70710278e+00 7.41295719e+00 6.91100740e+00
    6.18372059e+00 5.53121376e+00 5.52085257e+00 5.30225945e+00
    5.83767939e+00 5.42643356e+00 5.25900698e+00 5.24041080e+00
    4.98862219e+00 5.35036325e+00 6.07297087e+00 6.05660057e+00
    5.42610598e+00 6.72540665e+00 7.60389853e+00 6.31189632e+00
    6.88397932e+00 6.91118908e+00 7.48838902e+00 7.14885521e+00
    7.38700151e+00 7.27059984e+00 7.54214478e+00 7.70788622e+00
    7.48959160e+00 6.44172144e+00 6.35606289e+00 6.29685593e+00
    6.60241556e+00 6.50150537e+00 7.22857523e+00 7.30043936e+00
    7.16771650e+00 6.97761631e+00 8.13600159e+00 7.19541979e+00
    7.92040396e+00 7.68511963e+00 8.11149406e+00 6.98987532e+00
    7.44840431e+00 6.70805645e+00 6.76268291e+00 6.24056959e+00
    7.06628752e+00 7.52892637e+00 7.52994871e+00 8.08952332e+00
    8.17480278e+00 7.44554615e+00 7.28399754e+00 7.22004747e+00
    7.12479591e+00 6.14925861e+00 6.72802782e+00 7.56986618e+00
    7.76505518e+00 8.17316818e+00 8.11692238e+00 7.70868444e+00
    6.47752428e+00 6.06715250e+00 6.18293190e+00 5.94318151e+00
    5.67068815e+00 6.57363701e+00 6.65845490e+00 7.04748344e+00
    6.44744396e+00 6.60691166e+00 6.27210808e+00 6.14389944e+00
    5.71261454e+00 6.14002609e+00 5.30409479e+00 4.88781643e+00
    4.85087633e+00 6.21778107e+00 6.71063995e+00 7.29475403e+00
    7.35135794e+00 6.79628086e+00 6.86886644e+00 6.33675385e+00
    5.49606133e+00 6.16873741e+00 5.35350800e+00 5.62914944e+00
    5.86619377e+00 6.10488367e+00 6.99800825e+00 6.19831705e+00
    6.58619165e+00 6.96402359e+00 6.82312393e+00 6.53924847e+00
    6.07599115e+00 5.88145256e+00 6.42646837e+00 6.26611185e+00
    6.53289890e+00 6.64063931e+00 6.13256121e+00 5.83615017e+00
    7.11361170e+00 5.89979410e+00 6.76037931e+00 5.81683588e+00
    5.72759581e+00 5.45257139e+00 5.22480297e+00 5.54070187e+00
    6.11426115e+00 6.85065174e+00 6.67917061e+00 7.45854759e+00
    6.87588215e+00 5.99428463e+00 5.27086735e+00 6.00780439e+00
    6.52674103e+00 6.43501234e+00 6.62128305e+00 7.72844076e+00
    7.28339624e+00 7.51433325e+00 7.10510445e+00 6.45848036e+00
    6.29879904e+00 6.08064032e+00 5.82088900e+00 5.37784958e+00
    7.04243088e+00 6.63391399e+00 6.16678238e+00 5.82907152e+00
    6.17552328e+00 5.84974957e+00 6.55735254e+00 5.55549669e+00
    6.49504757e+00 5.61666536e+00 5.69527292e+00 5.58881092e+00
    4.85568237e+00 5.29804945e+00 5.25458479e+00 5.42397642e+00
    6.43970823e+00 6.08930063e+00 6.88142920e+00 7.35730219e+00
    6.46343660e+00 5.77506924e+00 6.30699825e+00 5.13389349e+00
    4.65766239e+00 5.59465313e+00 5.74590015e+00 7.24293137e+00
    6.88842106e+00 7.68980408e+00 6.88288784e+00 7.42035818e+00
    6.59183121e+00 6.30104828e+00 7.08838844e+00 5.95678949e+00
    6.83572340e+00 7.09810448e+00 6.67311525e+00 6.38995409e+00
    5.82886410e+00 6.36441517e+00 6.55902386e+00 7.34604168e+00
    7.73163223e+00 7.85664463e+00 7.31806421e+00 6.25693035e+00
    6.07000542e+00 5.75011492e+00 6.07403231e+00 6.15211916e+00
    7.12417221e+00 5.74790812e+00 5.65180540e+00 5.60677910e+00
    5.69841146e+00 5.58161736e+00 6.46861839e+00 6.46354437e+00
    6.48163319e+00 6.24775934e+00 6.92826223e+00 7.07392740e+00
    7.57258987e+00 7.40161657e+00 6.60205460e+00 6.87727022e+00
    6.53434658e+00 7.19704914e+00 7.19439316e+00 7.58082628e+00
    7.29784060e+00 6.66709423e+00 6.75224257e+00 7.55609226e+00
    7.58353472e+00 6.92962503e+00 7.20286369e+00 6.59062910e+00
    5.87188578e+00 6.50065136e+00 7.05495977e+00 6.78614616e+00
    7.52731562e+00 8.48979092e+00 7.54374743e+00 8.13478947e+00
    7.16968918e+00 7.25258350e+00 6.44271803e+00 6.92626524e+00
    6.56120348e+00 6.57679176e+00 5.32689476e+00 6.38884783e+00
    5.34002399e+00 5.61505938e+00 5.60078335e+00 6.11432838e+00
    6.22223282e+00 6.07056665e+00 6.92049932e+00 6.84435320e+00
    6.71039248e+00 7.42303991e+00 8.13124084e+00 6.65705204e+00
    6.75024223e+00 6.45919228e+00 6.81150484e+00 6.96280241e+00
    7.37278509e+00 8.36024475e+00 7.60100460e+00 6.90922928e+00
    7.58628130e+00 7.14118862e+00 7.36510229e+00 7.05547190e+00
    5.78779078e+00 5.69671249e+00 5.71066618e+00 6.17237139e+00
    5.87886906e+00 6.60324335e+00 5.78050566e+00 5.71073723e+00
    5.84807587e+00 5.02263689e+00 6.03327036e+00 6.11580467e+00
    6.06277037e+00 6.42101526e+00 6.76060152e+00 6.69350958e+00
    6.83526897e+00 7.11658716e+00 7.30844831e+00 7.56502533e+00
    6.47957516e+00 7.20543909e+00 6.67685461e+00 6.76863003e+00
    7.90154409e+00 6.89714146e+00 7.44343615e+00 6.99702072e+00
    6.29179096e+00 6.79685545e+00 6.49972486e+00 7.05377531e+00
    6.87615919e+00 7.63011456e+00 9.06153870e+00 8.52294827e+00
    7.88128328e+00 8.07078743e+00 8.02457619e+00 8.19046307e+00
    7.66532373e+00 7.31525660e+00 7.04989529e+00 6.50427532e+00
    6.58876896e+00 7.23626471e+00 7.56335258e+00 7.00340509e+00
    7.02367449e+00 7.20642948e+00 7.56571817e+00 7.48981905e+00
    7.41619635e+00 6.61318731e+00 7.43687439e+00 7.19304800e+00
    7.80121517e+00 7.72485924e+00 7.79332066e+00 8.43852806e+00
    7.47701740e+00 6.79212952e+00 6.31161880e+00 6.69797087e+00
    5.76977253e+00 5.60679483e+00 5.13039207e+00 6.18298769e+00
    5.78834391e+00 6.11679173e+00 6.76488161e+00 6.56008959e+00
    6.08380365e+00 5.54216623e+00 4.98696423e+00 4.99716234e+00
    5.64340353e+00 6.75890017e+00 7.25598907e+00 7.56600142e+00
    8.09898376e+00 7.29742050e+00 5.81723738e+00 5.94055653e+00
    6.58600521e+00 6.07190704e+00 5.74196863e+00 6.72180033e+00
    7.42614508e+00 6.96680164e+00 7.27803087e+00 8.04267025e+00
    7.48246717e+00 6.89415503e+00 6.62038898e+00 6.68485022e+00
    6.83596992e+00 6.63716078e+00 7.41579723e+00 7.41755152e+00
    6.26687479e+00 6.37376022e+00 6.50484610e+00 5.30792952e+00
    6.03069925e+00 6.64263678e+00 7.05823708e+00 7.02483034e+00
    6.83331156e+00 6.11077213e+00 6.07136917e+00 4.79625940e+00
    5.57029629e+00 6.29039812e+00 6.90679741e+00 7.51851654e+00
    7.85463333e+00 7.63911819e+00 6.94023705e+00 6.73309469e+00
    6.05402660e+00 6.77995920e+00 7.16733503e+00 6.98483229e+00
    6.95025158e+00 6.41967106e+00 5.79674339e+00 5.79417753e+00
    5.73635578e+00 6.91813135e+00 5.57061672e+00 5.33082628e+00
    6.21082497e+00 5.91459131e+00 5.40423822e+00 5.62811613e+00
    6.47147131e+00 5.50444889e+00 6.03087282e+00 6.03722715e+00
    7.22702074e+00 6.98185158e+00 5.95740271e+00 6.02223778e+00
    5.48048925e+00 4.99859381e+00 4.07370186e+00 5.29815388e+00
    5.89267826e+00 5.80896425e+00 6.61065054e+00 7.04843330e+00
    6.56217527e+00 6.23475170e+00 5.91167212e+00 6.39324760e+00
    5.53576994e+00 6.34002781e+00 6.94148874e+00 7.61907864e+00
    7.35792303e+00 7.15602207e+00 6.93296051e+00 6.47074795e+00
    6.26916218e+00 7.32275248e+00 7.18707323e+00 7.00414181e+00
    6.56894016e+00 6.96065760e+00 6.39755249e+00 5.07041264e+00
    6.60215378e+00 6.84840059e+00 6.86470890e+00 8.06239223e+00
    8.89355946e+00 9.21047211e+00 8.30510616e+00 8.35404015e+00
    7.38619375e+00 7.50475550e+00 7.40982294e+00 7.11031199e+00
    6.51241159e+00 6.25377464e+00 6.00228310e+00 5.49559879e+00
    6.23646355e+00 6.10233164e+00 6.87985373e+00 6.71445179e+00
    6.20576620e+00 6.75650072e+00 6.57699251e+00 6.31435776e+00
    7.49294090e+00 7.07807112e+00 7.07229280e+00 8.38769817e+00
    7.88609457e+00 7.66404200e+00 7.98873043e+00 7.36635971e+00
    6.92934084e+00 7.33304644e+00 6.94573641e+00 5.95914221e+00
    6.73462963e+00 6.69035530e+00 7.26577377e+00 7.19235373e+00
    7.35850906e+00 6.87254620e+00 7.49860048e+00 7.45096684e+00
    8.44849968e+00 8.19004440e+00 7.78155708e+00 7.89388609e+00
    7.54295063e+00 7.97941828e+00 7.71771002e+00 7.47003984e+00
    6.61093521e+00 6.52498007e+00 6.31063604e+00 5.34743595e+00
    5.89200735e+00 6.05241776e+00 6.50635958e+00 5.99704266e+00
    7.39556265e+00 5.67620802e+00 6.64455795e+00 7.55325270e+00
    7.57768297e+00 6.78960466e+00 6.92428732e+00 6.58779192e+00
    6.02464914e+00 7.08511257e+00 7.15108490e+00 7.68966389e+00
    7.26614761e+00 7.96441746e+00 7.71234465e+00 7.41239357e+00
    7.49009037e+00 7.93042755e+00 6.73600006e+00 7.67867184e+00
    6.99464321e+00 6.01943398e+00 6.38763428e+00 5.04795074e+00
    5.90279484e+00 5.59410143e+00 6.04637718e+00 6.37109184e+00
    5.28461933e+00 5.18854666e+00 6.07253599e+00 6.68754387e+00
    6.77420521e+00 7.11208010e+00 7.33646488e+00 7.53105879e+00
    6.87037182e+00 7.82095385e+00 7.81819344e+00 7.70420551e+00
    6.82928944e+00 7.10215712e+00 7.48027611e+00 6.50288391e+00
    7.11192274e+00 7.48270798e+00 7.01889467e+00 6.05227900e+00
    5.67773151e+00 5.12908649e+00 6.00376415e+00 6.22763014e+00
    6.82946491e+00 6.89148903e+00 7.60924339e+00 7.87939930e+00
    6.61424160e+00 8.17243481e+00 7.43987513e+00 7.09525490e+00
    6.72816992e+00 7.37045622e+00 7.14164639e+00 6.60815716e+00
    7.42295027e+00 7.86044025e+00 7.45064163e+00 6.54940796e+00
    7.57408953e+00 6.55245972e+00 6.61380529e+00 6.79685068e+00
    6.60620832e+00 7.01629257e+00 6.17174387e+00 6.34527016e+00
    7.98349524e+00 8.24621487e+00 7.39654398e+00 7.52784967e+00
    7.61025381e+00 6.78974867e+00 6.21626091e+00 6.84879589e+00
    5.95410395e+00 5.95779371e+00 5.79474497e+00 6.22425842e+00
    6.74426317e+00 7.16650581e+00 6.72016001e+00 6.43964958e+00
    6.01477909e+00 5.51206255e+00 5.10021496e+00 5.58905983e+00
    5.53545904e+00 6.54846621e+00 6.75000668e+00 6.65374327e+00
    6.79786634e+00 6.43325377e+00 6.65725899e+00 6.54535198e+00
    6.62743473e+00 6.33531904e+00 6.25119066e+00 5.86128092e+00
    7.68759203e+00 6.89173222e+00 8.21089077e+00 8.47225952e+00
    7.44004965e+00 6.84112978e+00 7.89989901e+00 7.17494869e+00
    6.88164616e+00 6.73281622e+00 6.73313236e+00 6.05061913e+00
    5.59850454e+00 5.90268946e+00 6.36433554e+00 6.11493063e+00
    6.74123144e+00 7.82630777e+00 7.40276814e+00 8.17311478e+00
    7.51367569e+00 6.27928972e+00 6.23456669e+00 6.63368607e+00
    5.70519447e+00 6.14847803e+00 7.03373957e+00 7.18612671e+00
    7.82437897e+00 7.73574924e+00 7.22401571e+00 7.54054308e+00
    7.54638338e+00 7.85702944e+00 7.50037432e+00 7.22356653e+00
    6.25309658e+00 7.13304234e+00 7.03447485e+00 6.80923462e+00
    5.23168659e+00 5.79866076e+00 6.37711906e+00 5.92229843e+00
    6.48125219e+00 7.34595919e+00 6.77589035e+00 7.18023205e+00
    7.10618067e+00 6.43290424e+00 7.35673332e+00 6.35314560e+00
    6.44764566e+00 6.01875830e+00 5.40851212e+00 5.92376518e+00
    5.46332836e+00 5.46839285e+00 5.07723713e+00 4.95363235e+00
    5.65377188e+00 5.84167814e+00 6.55467367e+00 7.22487354e+00
    7.42544699e+00 6.23529100e+00 6.53554344e+00 6.38564205e+00
    6.54317856e+00 7.06464100e+00 7.67229319e+00 7.43867779e+00
    6.91285849e+00 7.67679119e+00 5.92695284e+00 7.42133522e+00
    7.02098846e+00 6.67366219e+00 6.70234728e+00 5.39908457e+00
    5.39526320e+00 6.16314697e+00 5.75404644e+00 6.18666077e+00
    6.44454479e+00 6.84980631e+00 7.72983122e+00 8.84245300e+00
    8.78201580e+00 8.94186115e+00 8.89125919e+00 8.15477753e+00
    7.84227085e+00 6.85713005e+00 7.10023308e+00 6.99705029e+00
    6.70058107e+00 5.72540283e+00 5.54034948e+00 4.92214489e+00
    4.49995232e+00 5.78032637e+00 5.88225889e+00 6.66232920e+00
    6.17514753e+00 6.69629431e+00 6.78316450e+00 7.11562061e+00
    6.93158484e+00 8.31366539e+00 7.83934116e+00 7.61512089e+00
    7.87368393e+00 7.75929737e+00 7.72574568e+00 7.61795950e+00
    7.05329990e+00 6.41454029e+00 5.96923161e+00 7.16693878e+00
    7.14440155e+00 7.22334099e+00 6.97441578e+00 7.37288761e+00
    7.13833380e+00 7.22094774e+00 7.45315838e+00 7.92739010e+00
    6.88550186e+00 8.15342999e+00 6.92604589e+00 7.58675528e+00
    7.31364632e+00 7.75283146e+00 7.09640932e+00 7.75953007e+00
    6.37986469e+00 6.69174719e+00 5.70672083e+00 5.52286768e+00
    6.48117065e+00 5.47457838e+00 5.70031071e+00 5.98990488e+00
    6.02644062e+00 6.69263601e+00 6.18654871e+00 7.16749620e+00
    5.92097473e+00 5.85827971e+00 6.66434431e+00 6.32791424e+00
    4.96641779e+00 5.30085993e+00 6.22192860e+00 6.32520247e+00
    6.29867172e+00 6.76945925e+00 7.34971237e+00 6.97558069e+00
    7.25871468e+00 7.29663658e+00 7.41433191e+00 7.51213217e+00
    7.15831137e+00 7.05198622e+00 7.02574205e+00 6.77891588e+00
    6.17467880e+00 6.47833109e+00 5.44346476e+00 5.47397852e+00
    5.42950869e+00 6.02370358e+00 5.91594982e+00 6.58079290e+00
    6.22454262e+00 7.92261934e+00 6.94383907e+00 7.50687551e+00
    7.70319462e+00 7.01349068e+00 7.68068552e+00 7.50229216e+00
    7.55011511e+00 7.44841433e+00 7.16995955e+00 6.80417681e+00
    5.67389393e+00 5.87255812e+00 5.00048971e+00 5.73440361e+00
    5.80204582e+00 4.68792009e+00 6.23585701e+00 6.56714201e+00
    6.19982958e+00 6.96853161e+00 7.50235558e+00 6.62270403e+00
    6.58354235e+00 6.71972895e+00 7.05307341e+00 6.48494530e+00
    6.60089827e+00 7.08725595e+00 6.71999884e+00 5.67981434e+00
    6.57579756e+00 6.38529396e+00 6.92023706e+00 6.92302990e+00
    6.77445507e+00 5.77691793e+00 6.66827202e+00 7.38877296e+00
    7.10493755e+00 6.84407139e+00 7.21913910e+00 7.00670576e+00
    7.25093985e+00 7.58712244e+00 7.42718363e+00 7.06612921e+00
    6.55243015e+00 6.93612003e+00 5.94668770e+00 5.71471643e+00
    6.02160835e+00 6.51392365e+00 6.29549646e+00 7.12123632e+00
    6.48346949e+00 6.78525877e+00 5.43732405e+00 5.71752930e+00
    4.84793854e+00 5.24829578e+00 5.73219156e+00 6.16600323e+00
    6.82885504e+00 6.78377819e+00 6.96348238e+00 6.40245247e+00
    6.91064119e+00 6.51562262e+00 5.92812395e+00 6.06235313e+00
    5.50029230e+00 5.66634750e+00 5.52157974e+00 6.25208426e+00
    6.03977537e+00 7.46433640e+00 7.19148731e+00 7.39954948e+00
    8.04317379e+00 7.41871977e+00 6.25181246e+00 7.34735203e+00
    7.54245377e+00 6.87742710e+00 7.11083174e+00 7.25298595e+00
    5.44207525e+00 5.13629198e+00 5.38251877e+00 6.38058805e+00
    6.28726006e+00 6.59324074e+00 7.36524153e+00 6.53265953e+00
    7.46168137e+00 6.43341303e+00 7.16581774e+00 6.42336512e+00
    6.33775377e+00 5.62821150e+00 6.36460972e+00 6.47678900e+00
    6.77270842e+00 7.31647158e+00 6.94694376e+00 7.21649981e+00
    7.42249918e+00 7.08472538e+00 8.18042564e+00 7.59641838e+00
    7.18000317e+00 6.53979588e+00 7.32454538e+00 5.77553272e+00
    6.25212049e+00 6.70597553e+00 6.36454201e+00 5.87443495e+00
    5.95163536e+00 7.59566259e+00 6.05831623e+00 6.11230564e+00
    7.38164139e+00 6.80120182e+00 7.30632544e+00 6.67051220e+00
    6.83543348e+00 6.85341501e+00 5.68379068e+00 5.70775795e+00
    5.84875345e+00 5.88679028e+00 5.68442917e+00 6.18886757e+00
    5.92177773e+00 6.66935349e+00 6.12438297e+00 7.62128925e+00
    6.54987049e+00 7.08622169e+00 7.65318346e+00 6.24418354e+00
    6.76325417e+00 7.39510250e+00 6.52040815e+00 6.81563663e+00
    7.06214571e+00 7.25741053e+00 7.32117271e+00 7.18129015e+00
    7.11473846e+00 7.08084583e+00 7.08614254e+00 6.74539089e+00
    6.12155008e+00 6.22667837e+00 6.95793486e+00 5.78108215e+00
    6.42580938e+00 7.62675524e+00 8.69893646e+00 8.88618374e+00
    9.39991188e+00 9.03703785e+00 7.39760065e+00 8.07218838e+00
    7.20927095e+00 6.75352192e+00 6.29483414e+00 6.84062624e+00
    4.97174740e+00 5.27477884e+00 5.62568378e+00 5.83105993e+00
    5.25648260e+00 5.05446339e+00 6.72211742e+00 5.92572260e+00
    6.44642973e+00 6.34007359e+00 6.59725523e+00 7.12541723e+00
    6.72484684e+00 7.38633776e+00 7.87509346e+00 6.94931412e+00
    8.28178692e+00 8.21460247e+00 7.32202005e+00 7.18021488e+00
    7.16801929e+00 6.61388588e+00 6.17155361e+00 6.83852816e+00
    6.44324684e+00 6.15901852e+00 7.25508595e+00 7.50946522e+00
    8.23422337e+00 7.22920084e+00 7.77500105e+00 6.95863008e+00
    7.06685495e+00 6.51447916e+00 6.47772312e+00 6.20192099e+00
    6.73256159e+00 7.23529625e+00 7.93483496e+00 6.87725449e+00
    7.10964394e+00 5.52655840e+00 5.35543394e+00 5.24056101e+00
    4.84948587e+00 5.23567820e+00 6.12111902e+00 6.50288630e+00
    6.94314909e+00 6.16985750e+00 5.80396080e+00 6.51763630e+00
    6.72089386e+00 5.79055738e+00 6.23021460e+00 6.60839939e+00
    5.63993835e+00 5.48827839e+00 6.26131630e+00 6.68439770e+00
    6.87408733e+00 6.87022591e+00 6.24050760e+00 6.58557987e+00
    6.21950722e+00 6.50632858e+00 7.20330620e+00 7.27398491e+00
    6.81325817e+00 6.86263704e+00 7.48540401e+00 6.64509821e+00
    7.81032228e+00 6.89157295e+00 7.01668835e+00 6.24433422e+00
    5.82719135e+00 4.98378754e+00 6.06280613e+00 6.84520388e+00
    7.36919546e+00 7.95653772e+00 8.12150288e+00 8.41536045e+00
    7.54766083e+00 8.06933403e+00 7.48105764e+00 7.81486607e+00
    6.62758207e+00 6.04361916e+00 6.87225103e+00 6.77899170e+00
    6.32314634e+00 6.26651192e+00 6.82461929e+00 6.21372890e+00
    6.65741062e+00 5.58990717e+00 6.39398193e+00 6.18108940e+00
    5.45686483e+00 5.38076544e+00 5.85372734e+00 6.02512264e+00
    5.40839720e+00 6.18260813e+00 7.29353905e+00 7.37266493e+00
    6.44727564e+00 6.31697845e+00 6.44085979e+00 5.55054474e+00
    5.35705328e+00 6.84599304e+00 6.24468422e+00 6.51912069e+00
    6.20472622e+00 7.48561192e+00 6.81092501e+00 6.88586426e+00
    6.80206728e+00 7.22843409e+00 7.68651819e+00 7.28202915e+00
    7.20519257e+00 7.52885771e+00 7.77906466e+00 7.24643183e+00
    6.12394953e+00 6.72040749e+00 6.03089285e+00 7.02410364e+00
    6.24302530e+00 6.65395689e+00 5.34575939e+00 6.27386618e+00
    6.28559780e+00 5.34612656e+00 5.79117632e+00 5.22429895e+00
    4.91202974e+00 4.97795582e+00 5.99380445e+00 5.59209013e+00
    5.98312330e+00 6.31068087e+00 6.07850790e+00 5.67374754e+00
    6.18461800e+00 6.05317116e+00 5.87025023e+00 6.79449892e+00
    6.07392979e+00 6.39384842e+00 6.56285238e+00 6.33589172e+00
    6.93169117e+00 7.65423393e+00 8.11257935e+00 7.85125875e+00
    8.15765953e+00 7.49536610e+00 8.42036724e+00 7.99508667e+00
    7.44351864e+00 7.12929773e+00 6.76547003e+00 6.17537546e+00
    6.09352970e+00 5.05214310e+00 6.70917273e+00 6.34259462e+00
    7.11751223e+00 6.99337292e+00 7.13323545e+00 7.00560284e+00
    6.87766171e+00 7.03599310e+00 5.36809397e+00 6.99461317e+00
    6.81609392e+00 7.17829418e+00 7.90742254e+00 6.86014557e+00
    7.04377937e+00 6.59089231e+00 7.73197699e+00 8.42628384e+00
    8.66018295e+00 8.71959877e+00 8.95097637e+00 8.49543953e+00
    7.76404095e+00 7.45774174e+00 7.52525663e+00 6.90818453e+00
    6.14562750e+00 6.29883718e+00 6.11876917e+00 6.31428480e+00
    6.06452131e+00 5.56905031e+00 5.35747051e+00 5.54076862e+00
    6.36675596e+00 5.28201056e+00 5.56046867e+00 7.16317225e+00
    6.82216024e+00 6.61796713e+00 7.25101137e+00 6.43108225e+00
    6.62420797e+00 6.62593031e+00 5.18375683e+00 5.31806326e+00
    6.16367960e+00 5.97412682e+00 5.75347424e+00 6.45857334e+00
    8.06543350e+00 7.23285389e+00 7.58197737e+00 7.86882114e+00
    7.83032560e+00 7.38737535e+00 7.54388762e+00 7.11177444e+00
    7.01131439e+00 6.71408939e+00 6.94635439e+00 7.15383148e+00
    7.15201902e+00 7.82958412e+00 7.94529533e+00 8.08842945e+00
    7.35244036e+00 7.83966160e+00 7.21359396e+00 7.11706591e+00
    6.84172487e+00 7.12112045e+00 7.72380400e+00 8.57895565e+00
    8.71156025e+00 8.87859344e+00 8.49481106e+00 7.49266243e+00
    7.88954353e+00 6.46835613e+00 6.55146265e+00 6.28921556e+00
    6.65661812e+00 5.61095810e+00 5.73081064e+00 5.83760738e+00
    6.03482723e+00 6.31947470e+00 6.06755018e+00 6.44690466e+00
    6.03234577e+00 6.15803003e+00 6.11175823e+00 6.11668921e+00
    6.01793432e+00 6.50236893e+00 7.27495718e+00 7.77750778e+00
    7.15943432e+00 8.22907925e+00 7.76924753e+00 7.43553782e+00
    7.46836472e+00 7.95010471e+00 6.96468830e+00 6.58647442e+00
    7.78907251e+00 7.60847712e+00 8.45393085e+00 8.41599941e+00
    7.83255053e+00 7.56404448e+00 7.69378328e+00 7.23507214e+00
    6.91415071e+00 6.44352341e+00 5.83352184e+00 5.74138451e+00
    5.89897299e+00 6.23337126e+00 5.86267138e+00 6.95769215e+00
    6.72428894e+00 6.31847191e+00 5.84252167e+00 6.32015038e+00
    5.88881540e+00 6.47501087e+00 6.52844954e+00 5.53493643e+00
    5.66034365e+00 5.91355181e+00 6.28833055e+00 6.83004856e+00
    6.60688114e+00 6.50618458e+00 6.97562742e+00 7.81706524e+00
    6.76380873e+00 7.04806709e+00 6.94500828e+00 7.31479931e+00
    6.23774147e+00 6.50338936e+00 6.00533628e+00 5.81990814e+00
    5.92921638e+00 5.87514973e+00 5.70890522e+00 7.11588717e+00
    6.81377363e+00 6.40909338e+00 6.61601830e+00 6.84260893e+00
    6.99253750e+00 6.83356333e+00 6.40846300e+00 6.28327370e+00
    5.49158192e+00 5.56224537e+00 6.42690468e+00 6.69758940e+00
    6.95566750e+00 7.40604448e+00 7.43056870e+00 7.33478928e+00
    7.93986320e+00 6.64474869e+00 7.29932451e+00 7.45209551e+00
    6.14404583e+00 6.22352648e+00 6.76293135e+00 7.15287399e+00
    8.06561184e+00 7.41492510e+00 6.31296587e+00 7.60196447e+00
    6.61012077e+00 5.94697189e+00 5.91292095e+00 6.78031397e+00
    6.37149477e+00 5.39588308e+00 7.21920490e+00 6.21531582e+00
    5.54750633e+00 6.32606506e+00 6.76383591e+00 7.29743385e+00
    6.98655701e+00 7.59115839e+00 7.07910061e+00 6.94251442e+00
    6.30444908e+00 7.17130232e+00 7.15573740e+00 7.08725071e+00
    7.06502199e+00 5.37444210e+00 6.31484938e+00 6.76300621e+00
    6.78969908e+00 6.20814562e+00 7.09812927e+00 7.01528168e+00
    6.97011328e+00 7.87930393e+00 7.39475870e+00 7.92411947e+00
    7.44074726e+00 7.34592915e+00 6.70117140e+00 6.77907419e+00
    6.71954012e+00 6.89768219e+00 6.69735050e+00 7.19830513e+00
    6.38112497e+00 6.63391018e+00 5.63843060e+00 6.10800743e+00
    5.15265274e+00 5.45724201e+00 5.45505667e+00 6.33722782e+00
    6.39806509e+00 6.69051600e+00 6.95748091e+00 5.55184269e+00
    6.06200695e+00 5.98291969e+00 5.93626022e+00 5.99864388e+00
    7.16364384e+00 5.75221348e+00 7.22450209e+00 6.49685526e+00
    6.93661594e+00 6.99948692e+00 8.36815548e+00 7.36692667e+00
    7.43950510e+00 8.13239765e+00 7.84031057e+00 7.65851164e+00
    8.23380566e+00 7.64666224e+00 6.51257229e+00 6.21118259e+00
    5.71832275e+00 5.78161860e+00 4.88619280e+00 6.05639935e+00
    6.40879536e+00 8.07351017e+00 7.11613178e+00 7.37679529e+00
    7.35862541e+00 7.06263828e+00 6.48620939e+00 5.97950983e+00
    6.63446379e+00 6.03652382e+00 7.31754637e+00 7.45900869e+00
    8.35530567e+00 8.11904430e+00 7.63392401e+00 8.69898796e+00
    8.57191753e+00 7.69198608e+00 8.23197365e+00 7.97563601e+00
    7.42235756e+00 6.59444761e+00 7.44998407e+00 7.01687908e+00
    6.46305704e+00 6.59115553e+00 6.55248833e+00 5.59755945e+00
    6.28874111e+00 6.56913900e+00 6.30967760e+00 6.20023489e+00
    5.19849443e+00 6.31946135e+00 6.37319660e+00 5.67539597e+00
    6.36634684e+00 7.68187761e+00 6.70954800e+00 8.14391899e+00
    8.19720268e+00 7.19178391e+00 6.51606321e+00 6.49654484e+00
    5.63272619e+00 5.72563648e+00 6.31392193e+00 6.90036058e+00
    6.86921406e+00 7.41693544e+00 8.01050282e+00 8.62862873e+00
    7.50710440e+00 7.90348291e+00 8.64175606e+00 8.01856899e+00
    6.48523760e+00 7.24477243e+00 7.10254049e+00 7.66097927e+00
    6.95671701e+00 7.85986996e+00 8.23164082e+00 8.48110962e+00
    8.21050072e+00 8.19958305e+00 8.14236832e+00 6.53195333e+00
    7.15291119e+00 7.17394733e+00 7.35221434e+00 8.18138981e+00
    9.21621990e+00 8.91965771e+00 8.79760456e+00 7.94990540e+00
    8.03198910e+00 8.52538967e+00 7.25814486e+00 7.54697895e+00
    7.36292696e+00 6.98973179e+00 6.18295097e+00 6.00297356e+00
    6.53506279e+00 6.09265089e+00 6.17499685e+00 6.47400141e+00
    6.59489393e+00 6.55578947e+00 6.19201851e+00 5.25875950e+00
    5.58672619e+00 6.20471191e+00 6.60594225e+00 6.45351601e+00
    8.38977051e+00 7.64825773e+00 8.04438782e+00 7.81807709e+00
    7.69797230e+00 7.43574142e+00 6.35260534e+00 7.33299494e+00
    7.07050991e+00 6.92075348e+00 8.11305237e+00 9.07230854e+00
    9.06961155e+00 8.25996494e+00 8.06821823e+00 6.32881117e+00
    6.90016794e+00 5.73818398e+00 5.24882936e+00 5.56575918e+00
    6.14501905e+00 5.77267265e+00 6.46397924e+00 5.65393639e+00
    6.19669294e+00 5.58078957e+00 5.32951832e+00 7.12791348e+00
    7.56877804e+00 6.34693146e+00 7.07476568e+00 6.98124170e+00
    6.98886156e+00 6.24167585e+00 6.43977928e+00 6.22936869e+00
    6.91151571e+00 6.46781158e+00 6.15937853e+00 7.27826357e+00
    7.03545809e+00 7.22302580e+00 7.20546341e+00 6.99526978e+00
    7.18726873e+00 6.67432737e+00 6.72667170e+00 5.67618990e+00
    6.72116184e+00 6.14176130e+00 6.47151566e+00 6.68746662e+00
    6.83471203e+00 7.07194662e+00 7.85014057e+00 7.61696768e+00
    7.74465704e+00 7.37475157e+00 6.77142382e+00 6.52772331e+00
    6.44914532e+00 6.05012512e+00 6.24968290e+00 7.11271906e+00
    7.94833755e+00 7.36835432e+00 6.95148182e+00 8.00394344e+00
    7.71290684e+00 7.07615232e+00 6.93721151e+00 7.53995180e+00
    7.35441637e+00 6.75923014e+00 6.41590786e+00 7.08792877e+00
    7.79260635e+00 7.06109524e+00 6.86099529e+00 7.49105072e+00
    6.64542770e+00 6.13294411e+00 6.71779919e+00 6.68193245e+00
    6.98906851e+00 6.87859964e+00 6.41403770e+00 6.17619085e+00
    6.60575104e+00 6.65961361e+00 7.12530994e+00 7.58347559e+00
    7.17867279e+00 6.87319374e+00 7.05726051e+00 6.49947119e+00
    7.15208530e+00 7.46506977e+00 7.34879112e+00 7.43000603e+00
    7.41595364e+00 6.71322012e+00 6.29335070e+00 6.45680475e+00
    5.98038816e+00 6.20297337e+00 5.83231449e+00 6.77077818e+00
    6.30897045e+00 7.09930849e+00 7.04278946e+00 7.11872482e+00
    6.71729136e+00 7.05684996e+00 6.18772602e+00 6.55640841e+00
    6.76506281e+00 8.14498806e+00 8.06803989e+00 7.34981537e+00
    6.74552965e+00 7.20402193e+00 4.96387148e+00 4.67539263e+00
    5.61566925e+00 5.74885178e+00 6.16079426e+00 7.04017639e+00
    7.00054598e+00 6.90999269e+00 6.10737562e+00 5.14514542e+00
    5.64126635e+00 5.79628849e+00 4.95927334e+00 5.89717674e+00
    6.02130127e+00 5.97587824e+00 5.28278255e+00 7.45407534e+00
    6.19001675e+00 6.73724890e+00 7.77487612e+00 7.36605930e+00
    7.54351568e+00 8.11647415e+00 7.78869677e+00 7.50660849e+00
    7.70663881e+00 7.01620960e+00 6.41151953e+00 5.46620512e+00
    4.91188145e+00 4.71382284e+00 5.69808769e+00 6.46608543e+00
    7.34557438e+00 7.32742071e+00 7.43488884e+00 7.22156811e+00
    6.60014009e+00 6.46929932e+00 5.80887079e+00 6.23794985e+00
    7.20330238e+00 6.91986990e+00 7.24990416e+00 8.48393154e+00
    8.00526333e+00 7.44121981e+00 8.41115379e+00 7.85235071e+00
    8.24059963e+00 7.34163857e+00 7.46742487e+00 6.86139154e+00
    7.27870178e+00 6.97293091e+00 7.23472023e+00 6.05138016e+00
    7.29843807e+00 5.91976547e+00 7.04125834e+00 6.85261059e+00
    7.67485523e+00 6.77203703e+00 6.25145721e+00 6.89179897e+00
    6.56762457e+00 5.97320414e+00 7.31477213e+00 6.86329651e+00
    6.23586893e+00 6.92623806e+00 7.11827660e+00 6.76739311e+00
    7.96069241e+00 6.70340586e+00 7.07112646e+00 5.66076374e+00
    6.32291460e+00 5.64202213e+00 6.76113844e+00 7.26521397e+00
    7.98192549e+00 7.78156233e+00 7.17618895e+00 6.74146938e+00
    7.65546942e+00 7.50616217e+00 7.40949059e+00 7.45283937e+00
    7.84160328e+00 7.22337484e+00 6.87267733e+00 7.27831888e+00
    8.11222935e+00 7.09060383e+00 8.14057350e+00 8.45603371e+00
    6.38048697e+00 7.06622934e+00 8.25453377e+00 6.42868328e+00
    5.80060196e+00 6.64564276e+00 7.27990770e+00 6.88713598e+00
    8.06593895e+00 6.90186119e+00 7.23695230e+00 6.49101162e+00
    6.10115719e+00 6.54662609e+00 6.65522194e+00 6.47884512e+00
    7.47632551e+00 7.19843245e+00 6.39122534e+00 6.52230978e+00
    5.86539412e+00 5.72987461e+00 6.07676458e+00 5.96517658e+00
    5.84502554e+00 6.22661018e+00 7.48191023e+00 6.40325165e+00
    6.13701296e+00 6.95153427e+00 7.43086529e+00 7.36316252e+00
    7.95005608e+00 8.55855751e+00 8.69680309e+00 7.76670837e+00
    8.00569344e+00 7.36837387e+00 7.99181461e+00 6.21568918e+00
    7.35688400e+00 8.03716850e+00 7.81586599e+00 7.56051111e+00
    8.39399147e+00 7.05713606e+00 7.67964697e+00 6.94657755e+00
    6.23081446e+00 5.55421114e+00 5.54915237e+00 4.81216335e+00
    4.94645166e+00 5.48661184e+00 5.23202467e+00 5.14510107e+00
    5.26373768e+00 5.23476124e+00 5.31751108e+00 5.93238115e+00
    7.10201168e+00 5.39620495e+00 6.21766853e+00 7.50518036e+00
    6.30006218e+00 7.08029175e+00 6.77499008e+00 7.36066008e+00
    6.27924585e+00 5.98181343e+00 5.56881809e+00 6.49418116e+00
    4.92808485e+00 5.86244249e+00 6.82269144e+00 6.04423761e+00
    6.31994009e+00 6.53401184e+00 6.35290527e+00 6.53323317e+00
    6.88469791e+00 6.60081244e+00 6.00563192e+00 7.01626730e+00
    6.88629341e+00 6.10983896e+00 6.85452843e+00 7.25342894e+00
    7.46870375e+00 7.82371283e+00 7.52858543e+00 7.26536226e+00
    6.52475262e+00 6.36508322e+00 5.99940348e+00 5.88135481e+00
    6.64477491e+00 7.30849648e+00 6.99626827e+00 6.84736967e+00
    6.95774412e+00 6.72517538e+00 5.63911390e+00 6.39814806e+00
    6.55094433e+00 7.25738382e+00 7.35663986e+00 7.53374147e+00
    7.38683891e+00 7.58299732e+00 7.00344086e+00 6.52036381e+00
    6.77803135e+00 6.27659273e+00 7.21079397e+00 6.77506304e+00
    5.63696003e+00 5.73298311e+00 6.78909588e+00 5.41981649e+00
    6.68865728e+00 6.83545637e+00 6.37138510e+00 7.49285793e+00
    7.20580006e+00 6.69387865e+00 6.79320955e+00 5.90691948e+00
    5.95020676e+00 7.24515724e+00 6.89792156e+00 6.88058615e+00
    6.98778391e+00 6.72975397e+00 6.23404169e+00 7.07995844e+00
    6.82686806e+00 6.80909443e+00 7.54464722e+00 7.50113583e+00
    6.37588215e+00 6.17768288e+00 6.47505140e+00 6.27024555e+00
    5.66506720e+00 6.59824276e+00 6.75283623e+00 7.35331202e+00
    7.16763878e+00 7.43230772e+00 6.96220827e+00 7.26990938e+00
    6.22452259e+00 5.64702940e+00 5.39503384e+00 5.13547802e+00
    5.47456264e+00 6.62377071e+00 6.58213854e+00 6.84564257e+00
    6.85781240e+00 6.44944715e+00 6.02198839e+00 5.66792488e+00
    4.64972067e+00 4.66941404e+00 5.01972532e+00 4.97430611e+00
    5.21727848e+00 5.31174040e+00 6.42259550e+00 6.00454760e+00
    7.26763296e+00 6.49026489e+00 8.07083988e+00 6.78146172e+00
    7.18308973e+00 7.71406889e+00 7.48056698e+00 6.99894381e+00
    7.37697840e+00 7.60878277e+00 6.06523418e+00 5.60696125e+00
    6.24510145e+00 5.88419390e+00 5.01841831e+00 6.15491772e+00
    6.15247679e+00 7.01596355e+00 7.89947844e+00 6.55020523e+00
    6.15928984e+00 6.89961958e+00 6.80903769e+00 6.52952147e+00
    6.89941740e+00 8.31275749e+00 7.22883844e+00 7.15513468e+00
    7.19073391e+00 7.15000486e+00 7.39862871e+00 7.87284660e+00
    7.73688364e+00 7.32819223e+00 6.94352150e+00 7.24145126e+00
    7.22698069e+00 7.42408752e+00 7.55431747e+00 7.66285038e+00
    7.84943390e+00 7.96347857e+00 6.92114782e+00 7.44217968e+00
    7.00589561e+00 6.50158119e+00 6.16833925e+00 6.24180031e+00
    7.20126104e+00 6.70571232e+00 7.12250519e+00 8.13332272e+00
    6.23755741e+00 6.96465015e+00 6.75521708e+00 7.48858356e+00
    7.31591558e+00 6.85944605e+00 6.15865946e+00 6.86675453e+00
    6.19013691e+00 6.48005819e+00 7.31656504e+00 8.08506203e+00
    7.84671926e+00 7.77629280e+00 8.52675343e+00 7.62107086e+00
    6.81861448e+00 6.67677879e+00 6.96897650e+00 6.67371893e+00
    5.56296873e+00 6.81344175e+00 6.64062309e+00 7.59517050e+00
    7.65817022e+00 7.31920385e+00 7.19018316e+00 8.19419289e+00
    8.81972790e+00 7.74795580e+00 8.16115379e+00 7.75560665e+00
    7.30122566e+00 7.33118057e+00 7.15131235e+00 6.82840157e+00
    7.59356499e+00 8.01273155e+00 6.23533201e+00 6.19313574e+00
    6.05328178e+00 6.19244242e+00 6.70191336e+00 5.49291945e+00
    7.18029642e+00 6.75394917e+00 7.31186724e+00 7.29961729e+00
    6.84245825e+00 6.24555111e+00 7.11434507e+00 6.50947094e+00
    6.51361322e+00 6.42168760e+00 6.22879124e+00 5.76898766e+00
    5.16307926e+00 6.57956934e+00 7.46995306e+00 7.17132044e+00
    8.28371525e+00 8.10232353e+00 7.45441484e+00 7.58141756e+00
    7.92364311e+00 7.18322945e+00 6.29204178e+00 5.92848015e+00
    6.10215616e+00 6.09809303e+00 6.91780233e+00 6.74410248e+00
    7.87199640e+00 7.41264534e+00 6.70457983e+00 6.26458311e+00
    6.86004877e+00 5.71611452e+00 6.24427414e+00 5.47254896e+00
    6.35971880e+00 5.52634096e+00 5.48976040e+00 5.33247471e+00
    5.23134422e+00 5.20625019e+00 5.48060989e+00 5.95080471e+00
    6.82079506e+00 7.78185177e+00 6.17646027e+00 7.19543552e+00
    7.65148211e+00 6.91435671e+00 7.50858307e+00 6.55556011e+00
    7.40899420e+00 6.48397446e+00 6.94453192e+00 6.77192450e+00
    6.08618736e+00 6.38752413e+00 6.58961105e+00 6.99887943e+00
    7.52493858e+00 7.76594019e+00 6.61620426e+00 6.27751732e+00
    6.98372746e+00 6.37982178e+00 5.62309980e+00 6.70482445e+00
    6.53070164e+00 5.94183588e+00 6.67303562e+00 6.39078999e+00
    6.71939611e+00 7.71933031e+00 7.70652866e+00 6.53699780e+00
    7.38318825e+00 7.36785173e+00 6.43254614e+00 6.23442507e+00
    6.55611515e+00 6.87786674e+00 6.60267162e+00 6.55350876e+00
    7.39211416e+00 6.16140127e+00 7.56302977e+00 6.26823521e+00
    7.34857607e+00 7.01923847e+00 8.01850891e+00 8.54703426e+00
    8.89513016e+00 7.89724874e+00 7.60952663e+00 7.55696344e+00
    7.21554232e+00 6.45133018e+00 7.00629473e+00 7.23333216e+00
    6.44761801e+00 6.26866293e+00 6.67875481e+00 6.27563524e+00
    6.11017990e+00 6.77867365e+00 7.19770432e+00 7.14868689e+00
    7.15093279e+00 6.02425289e+00 6.23169994e+00 6.19941854e+00
    4.79698229e+00 5.48059988e+00 6.86334181e+00 6.70085669e+00
    6.77210569e+00 5.85371494e+00 5.30795240e+00 4.73199034e+00
    5.87276840e+00 5.17703390e+00 6.71616650e+00 6.43816471e+00
    6.88654137e+00 7.48092794e+00 7.17993641e+00 6.86949444e+00
    6.48065710e+00 6.66354990e+00 7.07748365e+00 7.26550627e+00
    7.16400766e+00 7.69987392e+00 6.73726940e+00 5.78903961e+00
    5.64106464e+00 5.53730679e+00 5.62974739e+00 5.62138414e+00
    6.40460539e+00 7.05071306e+00 6.33276701e+00 6.49805307e+00
    6.83562565e+00 6.66496611e+00 5.49290466e+00 5.39562941e+00
    5.66554117e+00 4.99227238e+00 4.45143223e+00 3.89010644e+00
    5.00743484e+00 5.64581299e+00 5.96211243e+00 6.08860636e+00
    6.01253557e+00 7.18745422e+00 6.90888691e+00 7.53306866e+00
    7.97572613e+00 8.31989861e+00 7.37103748e+00 6.57299280e+00
    7.07657099e+00 6.95843554e+00 6.45880890e+00 5.63130569e+00
    5.33925343e+00 5.37353897e+00 5.22838783e+00 6.20156813e+00
    7.86922932e+00 7.10543442e+00 6.94581366e+00 7.64271736e+00
    6.23659134e+00 6.27340412e+00 5.58142662e+00 6.70187473e+00
    7.18098259e+00 7.13609982e+00 7.61779308e+00 7.38966513e+00
    6.92886591e+00 6.72880077e+00 7.13455963e+00 7.58767653e+00
    7.08962440e+00 7.00489807e+00 7.94306231e+00 7.81949854e+00
    7.25718737e+00 7.48219776e+00 7.98457050e+00 6.99264383e+00
    7.07761812e+00 7.60694647e+00 6.95670509e+00 6.33711481e+00
    7.59702253e+00 5.64687300e+00 5.69242668e+00 6.62223434e+00
    6.71902800e+00 6.65701056e+00 7.35468531e+00 7.45168543e+00
    6.81313705e+00 7.06682539e+00 6.75299358e+00 6.71595383e+00
    7.66793585e+00 7.10121632e+00 6.10453367e+00 5.95476627e+00
    6.30021477e+00 6.06648874e+00 6.95203447e+00 7.05090094e+00
    8.21020126e+00 8.01767063e+00 7.80585384e+00 8.29750156e+00
    7.26305771e+00 7.29063749e+00 7.45323658e+00 6.51031923e+00
    6.04381752e+00 6.24984789e+00 5.95120573e+00 6.29979086e+00
    6.59854412e+00 7.72362471e+00 8.30641747e+00 8.84435368e+00
    8.08281708e+00 8.07605839e+00 8.06978130e+00 7.59949827e+00
    6.65725803e+00 7.13743877e+00 7.54958534e+00 6.54206228e+00
    7.72731876e+00 6.96808672e+00 7.12664509e+00 7.07076931e+00
    7.77446127e+00 6.71866894e+00 8.06986427e+00 7.05236912e+00
    7.87136459e+00 7.27229309e+00 6.76366997e+00 6.70130873e+00
    7.15681314e+00 6.25845432e+00 7.36714888e+00 7.44602919e+00
    6.87985945e+00 6.32950497e+00 5.88356924e+00 5.91412926e+00
    5.84562302e+00 6.14229965e+00 7.35388184e+00 6.81100988e+00
    7.44651937e+00 7.94646692e+00 8.14863777e+00 7.06957054e+00
    7.80703306e+00 7.72749233e+00 7.67220545e+00 6.83414936e+00
    6.51106930e+00 6.24261570e+00 6.89764595e+00 6.37193584e+00
    6.42138386e+00 6.86836195e+00 6.89336061e+00 6.46705103e+00
    6.89832687e+00 6.14867067e+00 6.20976114e+00 6.13955164e+00
    5.94178152e+00 6.46677637e+00 5.85855055e+00 5.38936949e+00
    5.69032717e+00 5.85152102e+00 6.01387453e+00 6.49768019e+00
    7.13461447e+00 6.90862751e+00 6.73422003e+00 6.43135929e+00
    6.83015633e+00 7.06213951e+00 7.05371618e+00 8.05774021e+00
    7.83159876e+00 7.78812885e+00 6.37185287e+00 7.06332636e+00
    6.75826406e+00 6.37855291e+00 6.69583225e+00 6.05515099e+00
    6.94503164e+00 7.05925322e+00 7.30088425e+00 6.81149626e+00
    7.09230804e+00 6.61931753e+00 7.46566391e+00 6.50504827e+00
    6.87156916e+00 7.03548527e+00 6.84397316e+00 7.10135508e+00
    7.30016661e+00 7.10762930e+00 7.02652025e+00 7.54692316e+00
    6.34887457e+00 6.83022594e+00 6.31508732e+00 6.28018141e+00
    6.18189716e+00 6.32626438e+00 5.86583233e+00 5.90188551e+00
    5.91799784e+00 5.75415993e+00 5.42590570e+00 6.00401354e+00
    6.30927563e+00 6.95932436e+00 8.40313435e+00 7.62995720e+00
    7.07503462e+00 7.68709183e+00 7.17832756e+00 6.52891111e+00
    6.99893141e+00 7.10508394e+00 6.95130730e+00 6.88256168e+00
    6.49483871e+00 6.88879967e+00 7.65589619e+00 6.92268467e+00
    7.49683237e+00 7.58184814e+00 6.09796286e+00 6.76628637e+00
    6.91939878e+00 6.53330374e+00 6.19308233e+00 6.43113708e+00
    6.17018175e+00 7.17822981e+00 6.45153856e+00 6.58302593e+00
    6.43388462e+00 5.87314939e+00 5.19377756e+00 4.60462713e+00
    5.03306150e+00 5.09194279e+00 5.16089487e+00 7.20403910e+00
    7.03650188e+00 7.16559553e+00 6.95722866e+00 6.93014431e+00
    6.67363739e+00 5.70749855e+00 5.14843988e+00 6.14436340e+00
    6.89100313e+00 6.74854183e+00 7.49958038e+00 7.07736015e+00
    6.40823889e+00 6.44529772e+00 5.74201393e+00 5.85695124e+00
    7.13122797e+00 7.90968275e+00 7.58725786e+00 8.12729073e+00
    7.80345488e+00 7.81391239e+00 7.04118919e+00 6.52195168e+00
    5.41314316e+00 5.03167582e+00 4.32764769e+00 4.61135006e+00
    4.91327524e+00 5.23143244e+00 5.93701696e+00 6.30874968e+00
    6.96516228e+00 7.18755484e+00 7.39719009e+00 6.01112175e+00
    6.85146713e+00 6.45895576e+00 7.44165230e+00 5.98254538e+00
    6.93380833e+00 6.15994787e+00 5.55924129e+00 4.81596756e+00
    5.94390202e+00 5.11237288e+00 6.11447096e+00 5.74993658e+00
    7.48726368e+00 8.13149261e+00 8.24195385e+00 8.05003452e+00
    7.09223461e+00 6.71876001e+00 6.47114754e+00 5.71282053e+00
    6.97758389e+00 7.33622456e+00 6.57603073e+00 7.40703011e+00
    6.98021650e+00 6.76181936e+00 6.76118422e+00 7.15934849e+00
    7.01133060e+00 7.37336445e+00 7.02162170e+00 6.75039959e+00
    7.21129227e+00 6.82280970e+00 5.91339493e+00 6.21444893e+00
    6.83973074e+00 6.69566774e+00 6.90086412e+00 6.88896132e+00
    7.29968262e+00 7.80839348e+00 6.66048479e+00 7.40884781e+00
    6.93809938e+00 7.11988878e+00 7.52442551e+00 6.90891075e+00
    7.24174213e+00 7.39492321e+00 7.99299097e+00 7.84390450e+00
    7.77531004e+00 7.26548147e+00 5.83782768e+00 6.85283995e+00
    5.89638710e+00 6.61036015e+00 6.80661726e+00 6.71502733e+00
    6.90880013e+00 6.66198540e+00 7.23700905e+00 7.32860947e+00
    6.64226389e+00 6.89517403e+00 6.75227976e+00 7.52775288e+00
    5.90238142e+00 6.16489840e+00 5.65955162e+00 6.31587982e+00
    7.08500338e+00 7.43144369e+00 7.33139229e+00 7.81802320e+00
    8.05287075e+00 7.24356794e+00 8.28621483e+00 6.75300598e+00
    7.08768463e+00 6.65149212e+00 6.45310020e+00 6.33163357e+00
    7.11301184e+00 7.63497543e+00 7.38053656e+00 7.96773243e+00
    8.33145237e+00 7.79540348e+00 7.65211487e+00 7.65790272e+00
    7.75765181e+00 7.47457981e+00 8.14264870e+00 7.54350328e+00
    7.46667099e+00 6.09771919e+00 6.53155899e+00 6.57475662e+00
    5.99429560e+00 7.21739054e+00 7.04381800e+00 6.25077724e+00
    6.39200926e+00 5.89557743e+00 7.06161594e+00 7.23392200e+00
    6.67759323e+00 7.89544344e+00 7.65702581e+00 6.64223480e+00
    7.75690889e+00 7.74596071e+00 7.42470884e+00 5.69230509e+00
    6.76390696e+00 6.22760439e+00 5.93322659e+00 6.12586641e+00
    6.88543510e+00 7.22633886e+00 6.90631390e+00 5.09576797e+00
    6.81617641e+00 6.99489975e+00 6.53592682e+00 6.27818012e+00
    5.94275331e+00 6.39042711e+00 5.86418152e+00 5.90518236e+00
    4.99490881e+00 5.91861773e+00 5.18408298e+00 6.36088610e+00
    6.30291843e+00 6.02352047e+00 6.71193647e+00 6.17046785e+00
    6.37201309e+00 7.26172256e+00 7.13706875e+00 7.04534817e+00
    7.24027634e+00 7.88947201e+00 6.74424839e+00 5.86954927e+00
    6.25303745e+00 5.78977251e+00 5.37526846e+00 6.34400463e+00
    6.16036558e+00 6.97496223e+00 7.43573093e+00 6.74604130e+00
    8.01718140e+00 7.74488449e+00 7.14544868e+00 6.49726343e+00
    7.09312057e+00 6.63598967e+00 7.54169798e+00 7.58242846e+00
    8.01270199e+00 7.60538244e+00 7.68190050e+00 6.22497416e+00
    5.53396749e+00 5.65057230e+00 6.04469919e+00 5.77251673e+00
    5.99923325e+00 6.46740627e+00 6.08643341e+00 5.75441504e+00
    6.22132301e+00 6.76773405e+00 6.68692064e+00 7.06478977e+00
    6.60866547e+00 7.04248238e+00 7.38377428e+00 8.10902500e+00
    8.21979141e+00 6.50092983e+00 7.14889574e+00 6.51345873e+00
    6.03009462e+00 6.52218437e+00 6.60766172e+00 6.35425425e+00
    6.88082981e+00 6.27628565e+00 6.93729353e+00 7.23290777e+00
    7.04526186e+00 7.90412521e+00 6.96169043e+00 7.27826881e+00
    6.85870934e+00 6.81290436e+00 6.42307043e+00 7.25329065e+00
    6.24067307e+00 5.66357470e+00 5.98292542e+00 5.92810440e+00
    5.23889589e+00 5.25276518e+00 6.06736231e+00 5.10947561e+00
    5.97082853e+00 5.85912085e+00 6.01856899e+00 6.14820814e+00
    6.95716572e+00 6.22457933e+00 6.38337326e+00 5.11946726e+00
    5.31946611e+00 6.10171127e+00 5.47922373e+00 7.06613302e+00
    7.38947630e+00 7.28018713e+00 7.13645887e+00 6.76703358e+00
    5.82121229e+00 6.21848249e+00 6.14029837e+00 6.46938038e+00
    7.74843502e+00 7.80059624e+00 7.56012154e+00 7.71452856e+00
    8.37881660e+00 7.39725971e+00 7.23783112e+00 6.25458002e+00
    4.99186277e+00 4.17479563e+00 5.28183651e+00 4.06094885e+00
    4.62063456e+00 5.75362396e+00 6.61342001e+00 6.90808058e+00
    6.98873949e+00 5.68156528e+00 6.40362692e+00 6.63717556e+00
    5.83642769e+00 6.65856361e+00 6.65138912e+00 5.87605953e+00
    5.69258308e+00 6.46516275e+00 5.90627146e+00 5.88967609e+00
    6.26281643e+00 5.44029665e+00 5.54225683e+00 6.83618259e+00
    6.59052896e+00 7.54067993e+00 7.53874350e+00 7.09610033e+00
    7.85940933e+00 7.03671885e+00 7.17572021e+00 6.96349049e+00
    7.02404928e+00 7.32529974e+00 6.65963888e+00 7.39761639e+00
    6.72287607e+00 6.83952856e+00 6.54570818e+00 7.71652746e+00
    5.79457378e+00 6.69184446e+00 6.72806025e+00 6.54746771e+00
    6.08755159e+00 6.74357986e+00 6.18448353e+00 6.00521231e+00
    7.05177593e+00 7.35746527e+00 7.05083418e+00 8.32866192e+00
    7.14614487e+00 7.14275789e+00 7.16298246e+00 7.41394424e+00
    7.55131435e+00 7.70193863e+00 7.48473644e+00 6.92916822e+00
    6.73169899e+00 7.25348902e+00 7.02920437e+00 6.89110804e+00
    6.11399412e+00 7.04632759e+00 6.63813448e+00 6.25779724e+00
    5.89801979e+00 6.95101786e+00 7.09917974e+00 7.07636976e+00
    6.27581501e+00 6.81504631e+00 5.74693871e+00 5.79506731e+00
    5.82709122e+00 6.03193569e+00 6.87420368e+00 5.59701109e+00
    6.17336416e+00 5.96970463e+00 5.40857220e+00 5.21469164e+00
    6.05866861e+00 6.87025642e+00 7.00568676e+00 7.05952215e+00
    7.98889065e+00 6.85673380e+00 7.02791786e+00 7.69316244e+00
    6.50697374e+00 6.30659151e+00 5.97833014e+00 6.02456141e+00
    7.14593077e+00 6.65280962e+00 6.57114840e+00 6.84345341e+00
    6.98994827e+00 6.89830732e+00 6.23230553e+00 6.42960215e+00
    6.86762619e+00 5.89459848e+00 6.22590637e+00 7.17286682e+00
    7.05390596e+00 5.89135075e+00 6.46848345e+00 6.33922005e+00
    5.29260111e+00 5.18773746e+00 6.58538818e+00 6.29400063e+00
    6.77251530e+00 7.68901634e+00 7.90137339e+00 8.41356754e+00
    7.29585028e+00 7.39586878e+00 7.83532619e+00 7.23085976e+00
    7.01471901e+00 7.62783670e+00 7.21590090e+00 6.77219152e+00
    5.96116304e+00 6.38220167e+00 5.97761345e+00 5.72123480e+00
    6.24672508e+00 6.62754107e+00 6.57377338e+00 7.41823339e+00
    6.75228596e+00 5.86517715e+00 6.58407116e+00 6.28175688e+00
    6.05831242e+00 6.13903046e+00 6.44651937e+00 5.17939234e+00
    5.59293461e+00 5.73684216e+00 5.86396408e+00 5.74569702e+00
    5.98374510e+00 6.39673138e+00 6.02627945e+00 7.02005816e+00
    6.55594540e+00 6.92697191e+00 7.85750771e+00 7.61758280e+00
    7.70928049e+00 7.92758274e+00 7.54159164e+00 6.95340872e+00
    6.09497976e+00 5.73854017e+00 6.31051350e+00 5.72859192e+00
    6.44973850e+00 6.29172373e+00 6.59230328e+00 6.35589600e+00
    6.74947405e+00 7.19512796e+00 7.46606970e+00 6.63365984e+00
    5.43031597e+00 6.06379557e+00 5.78698969e+00 6.43323374e+00
    6.74014425e+00 7.64031458e+00 7.04127741e+00 6.14271784e+00
    6.22906351e+00 5.28878355e+00 5.57695103e+00 5.62142229e+00
    5.55250216e+00 6.06452084e+00 6.31806374e+00 6.56786394e+00
    6.26844645e+00 6.37651587e+00 7.37670231e+00 6.22199726e+00
    7.50148344e+00 7.19416571e+00 7.95816803e+00 7.52953672e+00
    8.21315670e+00 7.03601789e+00 7.07507420e+00 6.06909895e+00
    5.13012695e+00 7.02640772e+00 6.32314396e+00 6.36255121e+00
    6.64713717e+00 6.39895105e+00 6.00138760e+00 6.13671207e+00
    6.27210236e+00 5.87167454e+00 6.14406729e+00 5.84328651e+00
    5.64210939e+00 5.83997440e+00 6.23460531e+00 5.95803547e+00
    6.13757372e+00 5.72941494e+00 5.71802568e+00 6.02460623e+00
    4.98992634e+00 6.51117516e+00 6.34104967e+00 5.04178572e+00
    4.91674614e+00 6.27827644e+00 6.20091248e+00 6.27666998e+00
    6.90212250e+00 7.37327480e+00 5.59090710e+00 5.17444706e+00
    5.66837788e+00 5.88215876e+00 5.50588274e+00 6.20967913e+00
    7.79082537e+00 6.83499098e+00 6.08617067e+00 5.53970194e+00
    6.02260256e+00 5.13967943e+00 7.03979921e+00 6.66505146e+00
    7.12565899e+00 7.34379578e+00 7.41771221e+00 6.61421251e+00
    7.15462542e+00 5.74890471e+00 5.65617847e+00 6.73902702e+00
    5.08125210e+00 5.65568829e+00 5.56173706e+00 5.40985823e+00
    6.17109108e+00 5.95915127e+00 6.58040285e+00 6.66696548e+00
    6.45537758e+00 6.64212751e+00 6.52101040e+00 6.42377472e+00
    6.59493971e+00 6.52010727e+00 6.26600075e+00 6.48886108e+00
    6.28862476e+00 6.10034418e+00 6.74486971e+00 5.74103451e+00
    6.58467960e+00 6.12857771e+00 5.93697500e+00 6.36768341e+00
    7.23609877e+00 6.30082893e+00 8.15071201e+00 7.75877285e+00
    8.22601223e+00 7.87654591e+00 7.80332661e+00 6.81127214e+00
    6.92469025e+00 8.04216480e+00 7.45143127e+00 6.73190165e+00
    6.86091757e+00 6.55889606e+00 7.52524519e+00 7.12069178e+00
    7.69731569e+00 7.26238728e+00 7.93717480e+00 6.36892080e+00
    5.75490284e+00 6.61310244e+00 6.19676638e+00 6.17073059e+00
    6.61921215e+00 7.95533991e+00 6.98864746e+00 6.93991566e+00
    7.05477142e+00 6.67222118e+00 7.77886534e+00 7.52362776e+00
    7.42643309e+00 8.53614235e+00 7.67363548e+00 7.63297319e+00
    7.42439938e+00 6.56465912e+00 6.98766661e+00 7.82446432e+00
    8.01408386e+00 6.62002754e+00 6.47113752e+00 6.65299225e+00
    6.14450169e+00 6.69518614e+00 7.06602097e+00 7.01718712e+00
    6.42357492e+00 6.77095175e+00 6.72614098e+00 7.14655685e+00
    6.99013758e+00 6.75144339e+00 6.41721535e+00 6.03999805e+00
    5.52222967e+00 5.84293175e+00 5.43064213e+00 5.28770351e+00
    5.64186001e+00 6.14400387e+00 7.29327011e+00 7.91999054e+00
    8.36748123e+00 8.33048248e+00 7.98774338e+00 7.98513222e+00
    8.12430000e+00 7.71978378e+00 7.12666321e+00 6.03545046e+00
    6.05058002e+00 7.85245943e+00 6.61179638e+00 8.04252052e+00
    7.97192287e+00 6.95077515e+00 6.28399849e+00 5.59559345e+00
    6.52192783e+00 5.93141127e+00 5.55298424e+00 6.24120331e+00
    6.28108454e+00 4.99420738e+00 5.74623156e+00 6.25568438e+00
    5.69080544e+00 4.71749687e+00 6.09298563e+00 6.43008709e+00
    5.72556210e+00 7.14708996e+00 7.28770685e+00 7.81655979e+00
    6.63354874e+00 6.71871901e+00 6.83436394e+00 5.81447363e+00
    6.29533195e+00 6.78982878e+00 7.02733135e+00 6.14178324e+00
    6.06405544e+00 5.68152809e+00 6.24635029e+00 5.95798445e+00
    5.97980499e+00 6.44133902e+00 6.62029696e+00 5.78448391e+00
    5.67200089e+00 5.94910431e+00 6.05672789e+00 5.73796511e+00
    5.36272335e+00 6.93064022e+00 6.75369692e+00 6.56375360e+00
    5.68950653e+00 6.14651203e+00 5.99905348e+00 6.43338537e+00
    7.24014854e+00 7.86460018e+00 6.93850088e+00 6.52674532e+00
    6.47064829e+00 7.09030199e+00 6.86019182e+00 7.18867302e+00
    8.37025547e+00 9.57283020e+00 8.39436436e+00 8.42761326e+00
    7.55343580e+00 6.49813843e+00 6.29842424e+00 5.61340380e+00
    6.00351906e+00 6.27260303e+00 6.57234812e+00 7.66642761e+00
    6.44996405e+00 6.25521946e+00 6.95318031e+00 6.78328896e+00
    6.34657049e+00 6.29453564e+00 7.06671524e+00 6.99301672e+00
    7.04567528e+00 6.91713095e+00 6.39275026e+00 6.10472298e+00
    5.54271078e+00 5.69532108e+00 6.11107969e+00 7.14844799e+00
    6.10441971e+00 5.91763496e+00 5.85441637e+00 5.59151173e+00
    6.53085661e+00 6.68657398e+00 6.28685617e+00 6.91755486e+00
    6.43702888e+00 6.51637650e+00 6.56678247e+00 6.89413500e+00
    6.53123045e+00 6.72268581e+00 6.01764441e+00 5.86522722e+00
    6.16608334e+00 7.22657728e+00 6.77931595e+00 5.97198677e+00
    7.21655560e+00 7.13981342e+00 6.08646345e+00 7.41644907e+00
    7.50503397e+00 7.50137711e+00 5.64971685e+00 6.10381603e+00
    5.14133501e+00 5.16460180e+00 5.41999578e+00 6.89603853e+00
    5.56610250e+00 6.96260262e+00 5.69546652e+00 6.33566475e+00
    6.31116152e+00 5.86707830e+00 6.02488708e+00 5.11743546e+00
    4.96576405e+00 4.87452269e+00 5.13065338e+00 5.80821848e+00
    7.03691816e+00 6.95877409e+00 6.36314917e+00 5.38438368e+00
    5.94528103e+00 4.68544912e+00 5.08285189e+00 5.73517656e+00
    5.70316935e+00 5.82444572e+00 5.74328470e+00 5.86480999e+00
    5.63887072e+00 6.15755796e+00 6.14076138e+00 6.80808067e+00
    7.21932411e+00 8.14523315e+00 6.94100571e+00 7.19540787e+00
    6.92657375e+00 7.01625061e+00 7.04178524e+00 6.97822714e+00
    5.96015644e+00 5.69172859e+00 6.19630527e+00 5.69745922e+00
    5.90192032e+00 6.70182848e+00 7.09291649e+00 6.41999817e+00
    6.56266165e+00 5.95209312e+00 6.56338406e+00 6.43228531e+00
    6.75281286e+00 7.21115828e+00 6.38573360e+00 5.72541189e+00
    6.62352037e+00 6.78133678e+00 5.54513836e+00 5.61951303e+00
    7.08023357e+00 6.62650013e+00 6.72868443e+00 7.24242735e+00
    7.55239439e+00 8.32085228e+00 7.82603931e+00 8.15316677e+00
    8.23321342e+00 8.23305702e+00 7.37208223e+00 7.39218140e+00
    7.29213381e+00 6.90293074e+00 6.56887341e+00 7.15693855e+00
    7.65243435e+00 7.56555462e+00 7.25738192e+00 8.21932030e+00
    6.97060919e+00 7.81175852e+00 7.11010599e+00 7.37765217e+00
    6.17620230e+00 4.83410692e+00 5.14315414e+00 5.20047235e+00
    5.44368172e+00 6.63456392e+00 6.52564001e+00 6.67837906e+00
    6.92564392e+00 6.69165421e+00 5.96820831e+00 7.57609797e+00
    7.14906454e+00 7.19934320e+00 7.34974861e+00 7.01691341e+00
    7.12487030e+00 7.93033314e+00 7.97797203e+00 8.38697720e+00
    7.43033934e+00 6.80485010e+00 6.90504169e+00 6.27999735e+00
    4.92895746e+00 6.65220308e+00 6.17145014e+00 6.39657164e+00
    6.49369764e+00 7.38725328e+00 6.84631538e+00 6.45334816e+00
    6.36727381e+00 6.73509932e+00 6.68509674e+00 6.99805164e+00
    6.70839548e+00 6.32332087e+00 5.47014856e+00 6.04568911e+00
    6.63074398e+00 7.19215965e+00 7.34913254e+00 8.11858654e+00
    7.63016891e+00 7.75446129e+00 6.94362307e+00 8.05280781e+00
    7.20039749e+00 6.40269089e+00 6.13897371e+00 5.59050369e+00
    6.40192986e+00 7.40187216e+00 7.82217216e+00 7.41993713e+00
    7.87465239e+00 7.62584877e+00 7.42361116e+00 7.16984797e+00
    6.73840332e+00 5.75511026e+00 5.58833504e+00 5.96843863e+00
    5.95634079e+00 5.74759436e+00 6.04603529e+00 6.84930182e+00
    6.02621174e+00 5.93347549e+00 6.44414473e+00 6.93191862e+00
    7.22744989e+00 6.82797289e+00 7.33975935e+00 7.51685667e+00
    6.30640078e+00 5.74613333e+00 7.06122446e+00 6.99992990e+00
    6.56085062e+00 7.34050465e+00 7.53816175e+00 6.73344994e+00
    6.85986519e+00 6.67725420e+00 6.42207813e+00 5.70453978e+00
    6.77218771e+00 6.25634670e+00 6.71251106e+00 5.93742037e+00
    5.51033783e+00 4.82581091e+00 5.24039030e+00 5.30070543e+00
    5.76355839e+00 5.15799332e+00 6.31591940e+00 5.28278303e+00
    5.47753096e+00 6.08769608e+00 6.02121449e+00 6.16806221e+00
    6.43612576e+00 5.86627626e+00 6.85033321e+00 6.07195330e+00
    5.75820732e+00 6.18718004e+00 7.23652124e+00 6.74675226e+00
    7.14755392e+00 8.12690353e+00 8.43014145e+00 7.52483082e+00
    7.92281532e+00 7.09203482e+00 6.61111212e+00 6.96968317e+00
    6.14691401e+00 6.47836685e+00 7.39623690e+00 6.45263338e+00
    7.23202515e+00 7.10589123e+00 7.19391584e+00 7.40606880e+00
    6.14732218e+00 6.84788370e+00 6.91222525e+00 7.52072191e+00
    6.85680819e+00 7.23919535e+00 6.28727341e+00 5.96758032e+00
    5.69369650e+00 5.89514923e+00 6.81745625e+00 6.75743008e+00
    6.10551786e+00 6.38247395e+00 6.47866821e+00 6.31986141e+00
    6.03300238e+00 6.71580601e+00 7.01257467e+00 6.34087896e+00
    5.94095755e+00 5.87872601e+00 6.38728619e+00 5.73264027e+00
    5.47492123e+00 5.97801256e+00 5.91833210e+00 5.84155273e+00
    6.39631510e+00 7.76949692e+00 7.01458454e+00 7.03916216e+00
    7.51001692e+00 7.17879534e+00 7.57804775e+00 7.64376116e+00
    7.77333164e+00 6.77233171e+00 6.73023081e+00 5.99955320e+00
    5.95282936e+00 5.33576822e+00 5.80534315e+00 6.79921770e+00
    6.54057932e+00 6.09629059e+00 7.38118505e+00 6.27568102e+00
    7.07672596e+00 6.75851822e+00 6.90670872e+00 6.57925510e+00
    5.93227053e+00 5.64948082e+00 5.67167997e+00 5.71207523e+00
    6.34215593e+00 6.67627478e+00 6.74883223e+00 5.14740086e+00
    5.24361515e+00 5.18762922e+00 4.49282503e+00 6.05013800e+00
    6.20379400e+00 6.66059685e+00 6.58131027e+00 7.11072254e+00
    6.38072443e+00 6.49993086e+00 6.28917408e+00 6.32573128e+00
    7.38547516e+00 6.92457104e+00 7.93164110e+00 8.30092621e+00
    7.83456707e+00 6.59912443e+00 6.10359812e+00 7.03196049e+00
    6.80178404e+00 6.42270517e+00 7.39865303e+00 7.14417410e+00
    6.80205011e+00 6.62572193e+00 7.43884516e+00 6.75291634e+00
    7.40376759e+00 6.14583492e+00 6.17483377e+00 6.21051979e+00
    6.35575104e+00 5.82097626e+00 6.24926329e+00 6.72639132e+00
    5.76543093e+00 6.53866482e+00 5.79775143e+00 5.72270727e+00
    6.59673548e+00 6.64514399e+00 6.79171181e+00 6.72839642e+00
    7.81900263e+00 8.35069466e+00 8.76612282e+00 8.30749893e+00
    8.34037209e+00 8.25231266e+00 6.88795996e+00 6.53068733e+00
    6.19672489e+00 5.90852928e+00 7.75122929e+00 7.60321522e+00
    8.26265526e+00 7.96945143e+00 7.31180525e+00 7.25855684e+00
    7.38619661e+00 6.64710522e+00 6.63807344e+00 6.30707550e+00
    5.74083614e+00 5.62781048e+00 4.98565817e+00 6.25371599e+00
    5.84251785e+00 6.84167862e+00 7.88081408e+00 7.64813375e+00
    6.34185886e+00 7.02662849e+00 7.21152020e+00 6.53537035e+00
    6.63607502e+00 7.40177059e+00 6.61089516e+00 6.43890333e+00
    7.79873705e+00 8.02818584e+00 7.26222801e+00 8.41266346e+00
    7.69964790e+00 6.79392004e+00 6.10491753e+00 6.80784464e+00
    6.55111361e+00 6.10029984e+00 6.37946177e+00 6.22802114e+00
    5.64332962e+00 6.15892553e+00 5.74371815e+00 6.45430660e+00
    6.10741472e+00 6.18564701e+00 6.38140821e+00 6.11873913e+00
    6.71915674e+00 6.23267460e+00 6.75931454e+00 5.53915167e+00
    6.74069929e+00 7.21506119e+00 6.95385838e+00 7.37972689e+00
    7.83516026e+00 6.79463577e+00 7.30094957e+00 6.85916805e+00
    7.17228222e+00 6.47156000e+00 6.94046593e+00 6.91447639e+00
    6.39588356e+00 7.27756929e+00 7.29822922e+00 7.14070129e+00
    7.23756218e+00 7.25963926e+00 6.43493509e+00 6.32239914e+00
    6.99400759e+00 6.48234177e+00 6.23607445e+00 5.85225964e+00
    5.27746439e+00 5.46963739e+00 5.31469297e+00 6.25738478e+00
    6.32415009e+00 6.33257771e+00 7.33036661e+00 7.44388628e+00
    7.34629726e+00 7.55170965e+00 7.04081392e+00 7.49831200e+00
    6.36943340e+00 6.36646748e+00 6.11323023e+00 6.97313881e+00
    6.30857992e+00 7.74257565e+00 7.22844887e+00 6.45177269e+00
    6.26367760e+00 5.64651489e+00 5.68640327e+00 6.22019148e+00
    7.73110008e+00 6.94326591e+00 6.61006689e+00 6.04140043e+00
    5.69592762e+00 4.77030230e+00 5.28069115e+00 6.32893610e+00
    5.86289597e+00 6.43066216e+00 6.86843395e+00 6.28060579e+00
    6.60680056e+00 6.41378927e+00 6.24132538e+00 6.13024235e+00
    6.08409691e+00 6.13287115e+00 6.21508265e+00 6.54516888e+00
    5.82073784e+00 5.73622942e+00 6.39677095e+00 6.14857626e+00
    5.99002218e+00 6.76317024e+00 7.45038795e+00 6.97214031e+00
    8.04982471e+00 7.95207596e+00 7.01020145e+00 6.47408104e+00
    6.00635719e+00 5.29105854e+00 5.59087753e+00 6.04982567e+00
    6.88171721e+00 6.42614079e+00 7.22253370e+00 6.77098179e+00
    7.20651770e+00 6.64847231e+00 7.46505022e+00 6.79761505e+00
    6.50914860e+00 5.81358337e+00 5.99977875e+00 5.21697235e+00
    5.51011610e+00 6.12751722e+00 7.06943274e+00 7.78037834e+00
    8.35623455e+00 7.26013613e+00 6.92490482e+00 6.67773247e+00
    8.17769718e+00 8.64027214e+00 7.66816282e+00 7.10926485e+00
    7.55065298e+00 6.93574476e+00 6.28685904e+00 6.59349680e+00
    6.68652058e+00 6.79813719e+00 5.82892466e+00 6.52608633e+00
    6.33398867e+00 7.33875132e+00 7.88194466e+00 6.75917721e+00
    7.56882286e+00 7.31686878e+00 5.64933205e+00 6.44548082e+00
    7.27070999e+00 6.67617178e+00 6.85244036e+00 6.42107391e+00
    5.93650055e+00 6.13277531e+00 6.38693619e+00 6.52673054e+00
    7.75422668e+00 7.40961123e+00 6.68110847e+00 6.75343132e+00
    6.65898037e+00 7.98213863e+00 7.33650303e+00 7.59215212e+00
    7.08606482e+00 7.07170343e+00 5.84812832e+00 5.45905876e+00
    6.05334091e+00 5.23050308e+00 4.64039516e+00 4.81202841e+00
    5.67594385e+00 5.57927752e+00 5.96115589e+00 6.40017080e+00
    7.53428173e+00 5.86772585e+00 6.82861948e+00 6.03944540e+00
    6.25037336e+00 5.97394991e+00 6.86601830e+00 6.53071594e+00
    7.00933886e+00 6.75305796e+00 6.23276949e+00 6.60462570e+00
    6.15997553e+00 6.34830475e+00 6.24040556e+00 7.24765539e+00
    7.27807140e+00 7.48828793e+00 7.25676918e+00 7.60166454e+00
    7.42286444e+00 7.19862270e+00 6.50571346e+00 6.78297758e+00
    7.03519773e+00 6.78781652e+00 6.25714540e+00 7.47030926e+00
    6.91005802e+00 7.67443275e+00 6.59103775e+00 6.66440725e+00
    5.42435551e+00 6.68247986e+00 7.51951885e+00 6.01840830e+00
    6.14197731e+00 7.06174469e+00 5.67623854e+00 6.64358997e+00
    6.54458284e+00 7.37868547e+00 7.67773819e+00 8.31258202e+00
    8.43973446e+00 7.65004873e+00 6.08649969e+00 5.75328112e+00
    6.10034323e+00 6.13578701e+00 7.02792597e+00 7.74666548e+00
    7.21029186e+00 8.94781971e+00 8.16046429e+00 6.82285452e+00
    6.80282974e+00 6.03391457e+00 5.22920990e+00 4.76794815e+00
    5.63748789e+00 4.50393391e+00 5.40387297e+00 6.28294277e+00
    7.48002386e+00 7.58098078e+00 7.11724520e+00 8.65888691e+00
    8.07609940e+00 7.55881119e+00 7.38657141e+00 8.22999096e+00
    7.54217243e+00 7.02276897e+00 7.58620405e+00 6.64442730e+00
    6.64013290e+00 6.73429441e+00 7.85504436e+00 7.40449190e+00
    8.02817154e+00 7.12417412e+00 6.54621172e+00 6.34894896e+00
    6.00075674e+00 6.34472418e+00 6.65293026e+00 5.96573925e+00
    6.10523272e+00 5.79528856e+00 5.90366220e+00 6.06977797e+00
    6.12840462e+00 5.67143726e+00 6.82383060e+00 7.36166811e+00
    5.71316814e+00 6.76322126e+00 6.16808367e+00 6.79350281e+00
    6.74144220e+00 7.15529251e+00 6.96327543e+00 6.74747705e+00
    6.87008047e+00 6.72145319e+00 5.96145248e+00 7.62717438e+00
    6.72289324e+00 6.14891005e+00 6.31786633e+00 7.20194912e+00
    6.58817387e+00 7.27743530e+00 7.37205458e+00 6.84888172e+00
    5.77072573e+00 6.77280712e+00 5.86038113e+00 6.06375408e+00
    6.56104422e+00 5.19941759e+00 5.74162817e+00 5.42952299e+00
    5.70847654e+00 5.50576401e+00 6.42739201e+00 6.50950480e+00
    6.57234859e+00 5.57750225e+00 7.08463144e+00 7.05841970e+00
    7.15308142e+00 6.99409246e+00 7.28996086e+00 6.78146029e+00
    6.56416416e+00 5.81396246e+00 6.31540871e+00 6.23619890e+00
    6.02819252e+00 6.55340052e+00 7.45126390e+00 6.64695835e+00
    5.85717630e+00 6.20434332e+00 6.23643923e+00 6.21474457e+00
    5.74711847e+00 7.16681767e+00 6.39316177e+00 6.69670010e+00
    6.79957104e+00 5.65424347e+00 5.25741911e+00 5.89464092e+00
    5.38634062e+00 5.84289217e+00 6.28461742e+00 6.99561977e+00
    6.06561184e+00 6.51336670e+00 6.60520029e+00 6.21599722e+00
    6.30091953e+00 6.68242073e+00 6.81497860e+00 6.57804489e+00
    6.95974016e+00 6.57241297e+00 6.10559320e+00 7.03130484e+00
    6.60427189e+00 7.48352146e+00 7.51384974e+00 7.80665970e+00
    7.19949102e+00 7.46954536e+00 7.62773657e+00 7.32178545e+00
    7.01371717e+00 5.86565399e+00 5.30063152e+00 5.34781361e+00
    6.08329725e+00 6.70212841e+00 7.16413879e+00 7.20866919e+00
    6.47059393e+00 7.20295095e+00 6.75692558e+00 7.06876469e+00
    6.58572006e+00 6.75928688e+00 6.47876263e+00 6.51125050e+00
    6.28209257e+00 7.09247637e+00 8.45937538e+00 7.77124834e+00
    6.12622595e+00 7.70967722e+00 6.23266792e+00 6.55757236e+00
    6.89030743e+00 6.98898125e+00 7.14721012e+00 7.30566311e+00
    6.15667820e+00 5.81702757e+00 6.34591627e+00 5.76974630e+00
    5.61666489e+00 6.17090750e+00 6.80814266e+00 6.47430849e+00
    6.98090267e+00 8.63663483e+00 7.21688795e+00 7.48912859e+00
    7.33233213e+00 7.17572165e+00 6.01812935e+00 6.29968548e+00
    6.97177839e+00 6.43829441e+00 6.68040085e+00 5.74014330e+00
    5.55691528e+00 5.29176855e+00 6.77457237e+00 6.20742607e+00
    6.34760141e+00 6.83880901e+00 8.04102421e+00 7.52245283e+00
    8.49526215e+00 9.15071011e+00 9.05451870e+00 7.55825090e+00
    7.61861134e+00 6.34377670e+00 6.40109205e+00 5.68723536e+00
    5.40849400e+00 4.95673466e+00 4.93223286e+00 4.16455078e+00
    4.83680296e+00 4.95610476e+00 5.90045452e+00 5.45172024e+00
    6.23672676e+00 6.39912033e+00 6.11874819e+00 6.11016083e+00
    6.16880751e+00 7.71869421e+00 6.41246510e+00 6.42293692e+00
    6.79833937e+00 5.61223173e+00 5.63142204e+00 5.54669952e+00
    5.76862907e+00 5.82525969e+00 5.67401552e+00 7.24177170e+00
    7.37798882e+00 8.31745148e+00 7.28837156e+00 7.04413700e+00
    6.52222967e+00 7.00891781e+00 6.12608337e+00 6.55573797e+00
    6.13909960e+00 7.08431721e+00 7.50030279e+00 6.38636255e+00
    6.85981798e+00 7.48595428e+00 7.00790024e+00 6.06026936e+00
    7.17571688e+00 6.71309996e+00 7.00440168e+00 6.45128155e+00
    6.77536821e+00 8.41455078e+00 7.96329784e+00 6.90640450e+00
    7.78044128e+00 8.39066601e+00 8.08817291e+00 7.57567167e+00
    7.92638969e+00 7.86168766e+00 6.28165388e+00 6.69049025e+00
    5.39806223e+00 4.91246367e+00 6.01174831e+00 7.69691896e+00
    7.76029682e+00 8.27291489e+00 7.78901720e+00 7.43822718e+00
    6.20655584e+00 6.77911186e+00 6.05728674e+00 5.61758327e+00
    5.72027588e+00 4.93475628e+00 4.10909462e+00 6.24338341e+00
    6.34890366e+00 6.91028214e+00 7.22289038e+00 7.39294481e+00
    8.07416725e+00 7.97253323e+00 8.37057495e+00 8.83548164e+00
    7.92568159e+00 7.83610725e+00 7.09331465e+00 6.96502256e+00
    7.58562708e+00 7.77725172e+00 8.20964241e+00 8.22245884e+00
    7.34973145e+00 7.32283497e+00 6.40276384e+00 5.90273333e+00
    5.79232550e+00 6.06207800e+00 6.34220171e+00 6.79243898e+00
    6.82502127e+00 6.13505363e+00 5.97457123e+00 6.96918631e+00
    6.53012037e+00 6.87203407e+00 6.43449593e+00 6.60264397e+00
    7.21353006e+00 6.79577208e+00 6.99101686e+00 7.74221659e+00
    8.22389507e+00 7.46057510e+00 7.60531950e+00 7.31833696e+00
    6.62100410e+00 6.15861940e+00 6.58689356e+00 7.55052567e+00
    7.26192045e+00 7.41473103e+00 7.87355947e+00 7.25519276e+00
    6.99211931e+00 8.08614254e+00 8.24019623e+00 7.12884331e+00
    7.22114611e+00 7.22909737e+00 6.85645056e+00 6.47382069e+00
    6.61645031e+00 6.40885162e+00 6.37642288e+00 6.49146414e+00
    6.15651512e+00 5.18156672e+00 5.95347929e+00 5.82587433e+00
    6.47267532e+00 6.62129736e+00 6.97062778e+00 7.38684893e+00
    6.79617882e+00 6.12038708e+00 6.53626108e+00 6.27445507e+00
    6.66229010e+00 5.76560116e+00 5.96406126e+00 6.33161116e+00
    5.79030323e+00 5.94838476e+00 6.10271072e+00 6.12354708e+00
    5.61747265e+00 6.52812433e+00 6.31110954e+00 6.21739101e+00
    6.75413895e+00 6.08858490e+00 6.68222046e+00 6.05648947e+00
    6.60221767e+00 5.62660551e+00 5.14958477e+00 5.54098511e+00
    5.49314833e+00 5.44503593e+00 6.24299145e+00 6.85308695e+00
    6.19548559e+00 5.76897097e+00 6.02996016e+00 5.61230850e+00
    6.58003521e+00 6.71111441e+00 6.95475626e+00 8.33219624e+00
    6.94854784e+00 5.36886406e+00 6.50996161e+00 5.80523825e+00
    6.19119644e+00 7.02627230e+00 7.57346010e+00 6.98671722e+00
    7.20671129e+00 6.82561588e+00 7.18102598e+00 6.52844715e+00
    6.19289780e+00 6.63487434e+00 6.50570917e+00 5.78684425e+00
    6.09653044e+00 7.16369677e+00 8.09663773e+00 8.24113750e+00
    8.69251728e+00 8.11757469e+00 8.08275414e+00 6.62285471e+00
    6.40520430e+00 6.83924103e+00 5.74265337e+00 6.18806076e+00
    6.91708326e+00 7.56444025e+00 7.30835629e+00 7.25439262e+00
    7.08147764e+00 7.16514540e+00 7.78891802e+00 6.68771791e+00
    7.80395031e+00 8.66678143e+00 8.11983490e+00 7.02923107e+00
    6.08491039e+00 6.18916702e+00 6.18860579e+00 5.04785490e+00
    5.47244024e+00 6.42298460e+00 6.80610609e+00 7.07551432e+00
    7.87172556e+00 8.68248463e+00 8.47428513e+00 8.48945713e+00
    8.14984608e+00 6.84097576e+00 7.28780222e+00 7.39791393e+00
    7.03562832e+00 7.07858562e+00 7.45663118e+00 6.38043499e+00
    5.21899223e+00 5.26597309e+00 6.19969749e+00 5.81053162e+00
    6.55808353e+00 7.23660326e+00 7.41626549e+00 6.92871094e+00
    7.80797386e+00 8.29381561e+00 8.49618435e+00 6.69021845e+00
    6.81674099e+00 6.57244921e+00 5.22465372e+00 5.82992172e+00
    5.94423246e+00 5.88896513e+00 5.93667316e+00 5.76879978e+00
    5.73101759e+00 5.33957338e+00 6.29444265e+00 6.45276022e+00
    5.78316975e+00 5.91288137e+00 6.23686647e+00 5.73880577e+00
    6.82443905e+00 6.51673603e+00 6.89664078e+00 6.14853239e+00
    6.76615667e+00 6.54659510e+00 5.90041828e+00 6.54040337e+00
    6.62975264e+00 6.45772696e+00 8.00572300e+00 7.22269058e+00
    7.12362337e+00 7.35102749e+00 7.43845558e+00 5.87919140e+00
    6.85006332e+00 7.32003212e+00 6.78255939e+00 7.29808807e+00
    7.46199799e+00 7.29414225e+00 6.60630322e+00 6.86124134e+00
    6.85457134e+00 6.81752586e+00 6.71771240e+00 7.38327599e+00
    6.08880568e+00 6.38543844e+00 7.28657722e+00 7.25732136e+00
    7.13606787e+00 7.43239117e+00 7.26321507e+00 8.08917427e+00
    8.31875229e+00 8.60717106e+00 8.15542603e+00 7.76140213e+00
    7.72598362e+00 6.53272390e+00 5.51784277e+00 6.33394861e+00
    5.40442133e+00 5.56439877e+00 5.71787071e+00 6.40858793e+00
    7.37339830e+00 7.26248312e+00 7.82340193e+00 7.83650970e+00
    6.46990681e+00 5.64575863e+00 5.14153194e+00 4.80833054e+00
    5.07730770e+00 6.03880310e+00 5.27419281e+00 7.08501005e+00
    7.09545565e+00 6.99320698e+00 7.90701866e+00 7.26197767e+00
    6.90553999e+00 7.77803469e+00 6.49597597e+00 7.21707869e+00
    7.33152485e+00 6.37282896e+00 6.61547709e+00 7.14465332e+00
    7.73929787e+00 6.75250912e+00 7.22739697e+00 7.37378788e+00
    6.71062708e+00 6.12596416e+00 6.25052547e+00 5.73135090e+00
    6.35894108e+00 5.70771646e+00 6.53470945e+00 6.82151794e+00
    6.49143314e+00 5.93198347e+00 5.88245630e+00 5.93823290e+00
    6.26942396e+00 6.30048227e+00 6.18833017e+00 7.67024660e+00
    6.92544699e+00 6.77810907e+00 6.14865685e+00 6.94128036e+00
    7.59890795e+00 7.67266798e+00 7.08531523e+00 6.60135984e+00
    6.37247181e+00 6.42767763e+00 5.42663193e+00 6.18261003e+00
    6.69840384e+00 6.82245255e+00 8.01010513e+00 8.42401123e+00
    7.87833261e+00 7.48744392e+00 8.55698776e+00 8.09948158e+00
    7.30804443e+00 8.10180473e+00 8.59141350e+00 7.70877743e+00
    7.30218649e+00 7.24298000e+00 6.89123678e+00 7.42088747e+00
    6.83123970e+00 6.64876938e+00 6.40073204e+00 7.18581724e+00
    6.47882938e+00 6.60029030e+00 7.30184364e+00 6.22571182e+00
    6.50258446e+00 7.63598967e+00 6.89909077e+00 6.76120901e+00
    6.77112198e+00 6.91429472e+00 6.36789894e+00 7.44226360e+00
    6.58737850e+00 6.18547487e+00 6.51822853e+00 6.28979778e+00
    5.09332418e+00 5.21494055e+00 6.55732918e+00 5.72294807e+00
    6.53693867e+00 7.37816000e+00 6.42623329e+00 6.57846308e+00
    6.77936172e+00 6.56970501e+00 6.09180689e+00 5.90265465e+00
    6.15681410e+00 6.11449575e+00 5.70575666e+00 5.48745441e+00
    5.88484812e+00 5.38440943e+00 4.23571968e+00 4.31789827e+00
    5.13845873e+00 5.48662710e+00 5.19522476e+00 5.97646475e+00
    6.02775717e+00 4.83701420e+00 5.43014860e+00 5.35457611e+00
    5.51282740e+00 5.59764624e+00 6.82334518e+00 6.22970819e+00
    6.42495251e+00 6.63165188e+00 6.71135998e+00 7.42709303e+00
    6.67358541e+00 5.95837164e+00 5.51142836e+00 5.88639927e+00
    5.44095612e+00 6.50751019e+00 8.01592159e+00 8.10096741e+00
    7.69876242e+00 8.53963184e+00 7.89902639e+00 7.03917313e+00
    6.72768927e+00 6.32922506e+00 6.28272295e+00 5.97900105e+00
    6.19885540e+00 6.56888676e+00 6.97598934e+00 7.51146507e+00
    7.15663195e+00 7.04801130e+00 7.86636019e+00 8.21862793e+00
    7.72793627e+00 7.97252846e+00 7.64830828e+00 7.84206295e+00
    7.68569660e+00 5.40419197e+00 5.53981495e+00 5.87091064e+00
    5.86012411e+00 5.61214209e+00 6.55473709e+00 8.07521152e+00
    7.68959332e+00 7.99580860e+00 8.30341625e+00 7.83999252e+00
    6.96798706e+00 7.20612049e+00 6.62855196e+00 6.36512947e+00
    6.60799313e+00 6.43645668e+00 6.40433359e+00 5.63790607e+00
    6.28212118e+00 6.17583513e+00 6.46817493e+00 5.95184565e+00
    6.97500229e+00 6.99070930e+00 8.26540184e+00 8.24590206e+00
    7.65340519e+00 8.11532021e+00 7.85740423e+00 7.45176697e+00
    6.85443068e+00 7.66697884e+00 6.03376818e+00 6.15969753e+00
    6.83291197e+00 6.28300142e+00 6.11378098e+00 6.12438583e+00
    6.91752434e+00 6.77785683e+00 6.60592699e+00 6.96115494e+00
    7.13037062e+00 6.07181835e+00 6.86603975e+00 5.69426441e+00
    5.99296761e+00 6.61537218e+00 6.36283731e+00 5.92965698e+00
    6.27572680e+00 6.26339197e+00 5.96477699e+00 6.30544519e+00
    6.26148224e+00 6.28639030e+00 6.74361992e+00 6.43799686e+00
    6.70872402e+00 7.45267820e+00 6.51097012e+00 6.82413435e+00
    5.67192888e+00 6.63696146e+00 6.96731520e+00 7.46089220e+00
    6.97245550e+00 7.83444643e+00 7.92454815e+00 7.31050158e+00
    7.20305872e+00 6.61580276e+00 6.33106041e+00 7.36361742e+00
    7.56526899e+00 7.70018196e+00 7.49074078e+00 6.42003822e+00
    6.10779762e+00 6.14993334e+00 7.06892920e+00 7.02944422e+00
    8.07004070e+00 7.46683455e+00 6.92176676e+00 6.91365290e+00
    5.72804356e+00 5.67235708e+00 5.55032587e+00 5.23433781e+00
    5.58016872e+00 5.08770943e+00 6.76006842e+00 6.29464483e+00
    6.76116514e+00 7.44179487e+00 6.87793016e+00 6.53868818e+00
    5.43496466e+00 4.95262289e+00 5.46389866e+00 5.36296272e+00
    5.29716253e+00 5.93049288e+00 5.92143631e+00 5.56420231e+00
    7.34285498e+00 7.32044125e+00 6.84332609e+00 8.26016712e+00
    7.24709368e+00 7.81183195e+00 8.45733643e+00 7.28235340e+00
    7.33500147e+00 7.99641323e+00 7.09689713e+00 6.74298573e+00
    6.50320101e+00 6.99673033e+00 6.97995138e+00 7.20456743e+00
    7.24953318e+00 6.15320873e+00 5.78770590e+00 6.59033346e+00
    6.68348598e+00 6.88657999e+00 5.10181618e+00 6.30277634e+00
    5.54244280e+00 5.08375740e+00 4.74521112e+00 5.92177868e+00
    6.10090399e+00 7.31451893e+00 7.48937607e+00 7.39027214e+00
    6.30945015e+00 6.49866056e+00 6.93311691e+00 6.58429480e+00
    7.23141956e+00 9.01961613e+00 6.94255829e+00 6.73795128e+00
    6.55166960e+00 6.02556086e+00 5.55514193e+00 6.54450369e+00
    7.72902441e+00 6.21546268e+00 7.53496647e+00 8.46768570e+00
    8.27425385e+00 8.15259266e+00 7.40523577e+00 7.41227818e+00
    6.96964598e+00 7.39858294e+00 6.67145109e+00 7.32048130e+00
    7.95149374e+00 7.15243435e+00 6.88752222e+00 7.18475199e+00
    6.87841368e+00 6.27992487e+00 6.69584560e+00 6.27943516e+00
    6.98919821e+00 5.47196722e+00 7.24439240e+00 5.87438869e+00
    6.25443792e+00 7.08140945e+00 7.08905554e+00 6.83981657e+00
    7.40764141e+00 6.24101496e+00 6.16815615e+00 6.61732626e+00
    7.90724802e+00 6.97777796e+00 6.64711332e+00 5.92590714e+00
    5.68492079e+00 5.34097481e+00 6.06493092e+00 6.15995693e+00
    6.56973219e+00 7.07686043e+00 6.66195107e+00 6.39876795e+00
    6.70792294e+00 6.69940233e+00 7.20807695e+00 6.15721083e+00
    5.98381996e+00 6.83365107e+00 7.00567293e+00 6.52182436e+00
    6.06913042e+00 5.99090767e+00 4.92089033e+00 4.63419056e+00
    4.99665117e+00 6.10578585e+00 6.19103909e+00 6.60272884e+00
    6.87858009e+00 5.75347996e+00 5.48752594e+00 6.61212301e+00
    5.63018227e+00 7.03759670e+00 6.90609646e+00 7.10550499e+00
    6.39504290e+00 7.37485790e+00 6.18444920e+00 6.81314802e+00
    7.02790689e+00 6.04886723e+00 5.89209938e+00 6.08769417e+00
    6.76357222e+00 7.29723597e+00 7.16002560e+00 8.89611053e+00
    8.29113388e+00 8.48700333e+00 7.99764776e+00 7.21608353e+00
    5.82773209e+00 6.28739500e+00 5.62249041e+00 6.49165058e+00
    6.10863066e+00 6.86760616e+00 7.68667889e+00 7.67930555e+00
    7.07149363e+00 8.13337231e+00 7.71819448e+00 7.46878242e+00
    6.73057079e+00 7.44040108e+00 7.10551453e+00 7.27036047e+00
    6.48967981e+00 6.59165859e+00 5.83616781e+00 5.55274916e+00
    5.34187603e+00 6.70705223e+00 6.91162872e+00 6.73492861e+00
    6.80813217e+00 6.78793669e+00 6.29096413e+00 5.79918909e+00
    6.44749975e+00 6.04275036e+00 6.14894104e+00 6.18278456e+00
    6.00721025e+00 7.00680971e+00 6.76412582e+00 6.58974266e+00
    6.27686453e+00 5.13524866e+00 6.15010214e+00 6.29251099e+00
    5.92712545e+00 6.36830235e+00 7.45851946e+00 6.62883186e+00
    8.22879601e+00 7.99028826e+00 8.98988342e+00 7.49095535e+00
    7.73562765e+00 7.34378624e+00 7.27614450e+00 6.06092358e+00
    5.59906244e+00 5.72307587e+00 5.46249819e+00 5.13414717e+00
    4.76773977e+00 6.40547562e+00 6.68299961e+00 6.33400631e+00
    6.38373613e+00 5.63336802e+00 6.18313074e+00 5.50357580e+00
    5.14604378e+00 7.01867104e+00 6.51766253e+00 6.72767925e+00
    6.40607882e+00 5.11436415e+00 5.31039762e+00 6.10867596e+00
    5.46366262e+00 6.45692968e+00 7.22320223e+00 7.26464319e+00
    7.50017118e+00 6.71457863e+00 6.63423395e+00 6.43958664e+00
    6.37580347e+00 6.04093790e+00 6.37430429e+00 6.71363211e+00
    6.67172623e+00 6.96547794e+00 6.21309042e+00 7.14596939e+00
    6.34981346e+00 7.79464912e+00 7.37703609e+00 7.18327999e+00
    8.17704582e+00 7.34148169e+00 8.16354465e+00 7.40739202e+00
    6.52670050e+00 6.97863722e+00 6.26364326e+00 6.61585283e+00
    7.46478844e+00 7.40856552e+00 6.63794374e+00 6.74522543e+00
    6.73054886e+00 5.73914957e+00 6.22928190e+00 6.78138781e+00
    6.30568171e+00 5.69198990e+00 5.98397684e+00 7.09530210e+00
    6.63313770e+00 7.39813662e+00 6.84033823e+00 6.57068777e+00
    6.22971773e+00 5.27313566e+00 4.47273540e+00 4.86697197e+00
    4.84650278e+00 5.52996397e+00 5.64487886e+00 6.03595161e+00
    6.26600218e+00 6.79551220e+00 6.57853127e+00 7.47024345e+00
    7.69271421e+00 7.12114573e+00 8.34389114e+00 7.13838053e+00
    7.10979700e+00 7.25105381e+00 6.51700640e+00 6.74984360e+00
    6.90908861e+00 7.76459599e+00 7.61117125e+00 6.56211567e+00
    6.93860483e+00 5.91733789e+00 5.80056381e+00 5.36402512e+00
    6.20383501e+00 5.20829058e+00 6.56944323e+00 5.94129467e+00
    6.53681421e+00 5.62928915e+00 5.18029070e+00 5.40941000e+00
    5.63170433e+00 6.42407751e+00 6.40218735e+00 6.48841763e+00
    5.96618366e+00 6.48155546e+00 6.76594019e+00 7.88557625e+00
    8.00347042e+00 9.11400032e+00 7.67126942e+00 6.45594692e+00
    6.35103226e+00 7.23570538e+00 7.09958267e+00 6.72149086e+00
    7.42496538e+00 7.89927912e+00 7.33977652e+00 8.20078373e+00
    8.49659157e+00 8.02039909e+00 8.11179638e+00 7.60129499e+00
    7.60662937e+00 7.23731279e+00 6.89990139e+00 6.94718409e+00
    6.36643076e+00 7.03322935e+00 6.65917349e+00 6.91740227e+00
    6.40700769e+00 6.99037743e+00 6.24606371e+00 7.19640493e+00
    6.77111149e+00 6.86493254e+00 6.83425856e+00 7.45798588e+00
    6.18828154e+00 7.67462921e+00 6.86494827e+00 6.68717098e+00
    7.18420219e+00 6.14570093e+00 6.53591347e+00 6.55433798e+00
    6.01526165e+00 5.72831106e+00 6.26192522e+00 6.07257223e+00
    5.69762325e+00 5.51720381e+00 6.51586294e+00 6.46767569e+00
    6.73138332e+00 6.70628643e+00 6.59561491e+00 5.70175505e+00
    6.62085676e+00 5.90407228e+00 6.40404224e+00 6.69931221e+00
    5.55054712e+00 6.39995337e+00 6.81204414e+00 6.10526228e+00
    5.93040180e+00 5.90862703e+00 5.06255388e+00 4.77241516e+00
    5.99227858e+00 6.20585632e+00 7.42029476e+00 7.18708372e+00
    6.44874287e+00 5.48229027e+00 6.17451334e+00 6.88801336e+00
    7.25789499e+00 7.35976410e+00 8.78647709e+00 7.30729771e+00
    7.60727501e+00 6.43613482e+00 7.52531672e+00 6.97380114e+00
    7.00606251e+00 7.26430273e+00 6.35817766e+00 6.67580366e+00
    6.74167347e+00 7.51492405e+00 7.75204897e+00 8.15098000e+00
    8.13930225e+00 7.44408703e+00 6.62795258e+00 6.49589920e+00
    6.47274542e+00 6.61964369e+00 6.00958204e+00 6.99867535e+00
    6.66396236e+00 5.77655602e+00 6.35767937e+00 6.97653723e+00
    6.80012131e+00 7.20681334e+00 6.97146368e+00 7.41618633e+00
    7.27747679e+00 7.61496830e+00 6.99336147e+00 6.38120747e+00
    6.85647869e+00 6.75829220e+00 5.81816530e+00 6.13028955e+00
    6.65516853e+00 5.74120903e+00 6.10705185e+00 6.17163277e+00
    6.35054255e+00 6.26514387e+00 6.08686304e+00 6.56392431e+00
    6.33210993e+00 6.88457251e+00 7.61212778e+00 7.52359056e+00
    7.01207304e+00 6.94732332e+00 6.85897779e+00 5.83816719e+00
    5.51467466e+00 6.93100643e+00 6.41425371e+00 6.21762705e+00
    6.36540270e+00 6.47636080e+00 7.51457787e+00 7.65095377e+00
    7.81814575e+00 8.41695309e+00 7.08129787e+00 7.38101721e+00
    6.38787699e+00 6.52571249e+00 5.84479809e+00 6.05801964e+00
    5.87722111e+00 6.18240690e+00 5.17020655e+00 5.04740191e+00
    5.22897100e+00 5.81728792e+00 6.29572964e+00 6.60439110e+00
    6.27445126e+00 6.99939966e+00 5.24133635e+00 5.94308615e+00
    5.33499384e+00 6.35996246e+00 6.30744791e+00 5.28483152e+00
    5.51100302e+00 5.47991514e+00 4.70204639e+00 6.64758873e+00
    5.83977509e+00 6.59647799e+00 7.02721453e+00 6.40864468e+00
    6.04420185e+00 6.40047312e+00 5.86360645e+00 5.51916933e+00
    6.47433567e+00 6.07387686e+00 6.89243317e+00 7.44948339e+00
    7.06086636e+00 7.03295326e+00 7.66352654e+00 6.51800585e+00
    6.96238518e+00 6.37221575e+00 6.84697914e+00 6.41768265e+00
    7.70138216e+00 8.26990318e+00 7.99884558e+00 7.95285034e+00
    7.80460644e+00 7.27967930e+00 8.05973434e+00 8.14552879e+00
    8.82958603e+00 7.33147717e+00 6.46405935e+00 6.27481079e+00
    5.85056734e+00 6.18199158e+00 6.25033283e+00 7.48517084e+00
    6.59921646e+00 7.19544458e+00 6.45739174e+00 6.38711023e+00
    6.60236263e+00 6.03483343e+00 5.92093039e+00 5.76866007e+00
    5.65100431e+00 4.62975025e+00 5.26899910e+00 4.99210978e+00
    4.95932531e+00 6.21566343e+00 5.72571564e+00 6.23038435e+00
    6.56389093e+00 6.91332483e+00 7.14597940e+00 6.18506813e+00
    7.10625744e+00 6.53041458e+00 6.41924906e+00 7.38182354e+00
    7.12637186e+00 6.43813324e+00 6.52789259e+00 5.01343203e+00
    7.58090210e+00 6.34215784e+00 7.59034967e+00 6.05507517e+00
    5.95641661e+00 6.52726603e+00 5.21635818e+00 5.82993412e+00
    6.95864487e+00 7.18812799e+00 7.31117916e+00 6.99533033e+00
    5.63291740e+00 5.51015472e+00 5.19654179e+00 6.15789461e+00
    5.83650923e+00 6.94661856e+00 6.76508188e+00 6.02854872e+00
    6.23040676e+00 6.76164961e+00 6.20500898e+00 7.57105064e+00
    8.17291737e+00 7.64176130e+00 7.76718807e+00 7.22072744e+00
    6.95066452e+00 6.65105057e+00 6.78876877e+00 7.73994255e+00
    7.40042925e+00 7.97269630e+00 7.68970966e+00 7.36252975e+00
    8.16728687e+00 7.97171164e+00 7.85850000e+00 8.21569157e+00
    7.97049570e+00 7.88398361e+00 7.82245970e+00 7.02183247e+00
    6.77065182e+00 6.12885427e+00 5.98118305e+00 6.51229954e+00
    6.45482635e+00 6.68152142e+00 5.81373119e+00 6.69868088e+00
    6.32882595e+00 6.91653109e+00 6.92754030e+00 6.47019053e+00
    6.54116583e+00 6.55014563e+00 6.79256058e+00 6.46398973e+00
    6.99793959e+00 6.11049414e+00 5.27029037e+00 6.23409653e+00
    6.34078789e+00 6.61735010e+00 5.99665403e+00 5.42476988e+00
    4.69038773e+00 5.66938782e+00 6.03663588e+00 5.76821852e+00
    6.19356394e+00 6.63197470e+00 6.46871519e+00 5.31853628e+00
    6.60879898e+00 6.33879280e+00 6.19477034e+00 6.61914825e+00
    6.98256588e+00 5.71925926e+00 6.33909369e+00 5.67547369e+00
    6.13786173e+00 5.48691320e+00 5.90043116e+00 6.17848682e+00
    6.27396441e+00 7.03292418e+00 5.81899071e+00 6.40615988e+00
    6.19910574e+00 4.96934175e+00 5.76246357e+00 6.22129917e+00
    6.96189737e+00 7.82711649e+00 8.73431015e+00 7.76448059e+00
    7.06404305e+00 7.21140289e+00 6.31432390e+00 5.95701122e+00
    6.51700783e+00 6.70522881e+00 6.47041321e+00 6.54890013e+00
    7.38035154e+00 7.71666956e+00 7.49552393e+00 7.42683840e+00
    7.31245995e+00 7.84126043e+00 6.19179296e+00 6.25970316e+00
    6.12116718e+00 5.86000109e+00 6.37104845e+00 6.43552780e+00
    6.83653593e+00 6.21811056e+00 5.81219625e+00 6.14243269e+00
    6.27719116e+00 6.30607176e+00 7.59507942e+00 7.36962175e+00
    7.27328062e+00 7.23769712e+00 7.70692587e+00 6.94714737e+00
    6.90987825e+00 6.75917387e+00 5.44034481e+00 5.93215322e+00
    5.28279305e+00 5.17949724e+00 5.92907667e+00 6.62385130e+00
    4.80224609e+00 6.15252590e+00 6.72610140e+00 5.82308340e+00
    6.76045704e+00 7.56751537e+00 7.63745594e+00 7.46859217e+00
    7.09978724e+00 6.71518421e+00 6.48254538e+00 5.78135395e+00
    5.76872921e+00 6.49374580e+00 6.43405724e+00 6.64545393e+00
    7.15799189e+00 7.46434546e+00 7.34759140e+00 6.95277309e+00
    7.56041765e+00 6.69472504e+00 7.43899488e+00 5.79582310e+00
    6.41178322e+00 6.57188272e+00 6.47656345e+00 5.76512003e+00
    6.65309238e+00 7.18289614e+00 6.55435419e+00 6.16474009e+00
    5.28647423e+00 6.15393972e+00 7.00727224e+00 7.24701452e+00
    6.64533567e+00 6.31951857e+00 6.79912043e+00 6.41785765e+00
    6.85735273e+00 6.52219391e+00 6.81243658e+00 5.99386072e+00
    5.41159058e+00 5.14498329e+00 4.91961718e+00 6.14082050e+00
    6.58649826e+00 6.44427872e+00 7.42197561e+00 7.48653984e+00
    6.74971628e+00 6.12914515e+00 5.88802624e+00 6.49592495e+00
    6.50566339e+00 7.45773697e+00 7.63267612e+00 8.63588047e+00
    8.61013317e+00 8.70800495e+00 6.76164150e+00 6.52663422e+00
    5.98456001e+00 6.40750313e+00 6.55348301e+00 8.20648193e+00
    7.93417645e+00 7.24172354e+00 7.93164015e+00 7.28474236e+00
    6.75956345e+00 6.98368597e+00 6.42002439e+00 7.13547230e+00
    7.09698915e+00 7.62781858e+00 6.88546848e+00 6.03897429e+00
    5.95639563e+00 6.01013851e+00 7.27478886e+00 7.67514324e+00
    7.05675364e+00 7.32389307e+00 7.71926737e+00 6.41883898e+00
    6.24116659e+00 6.26965904e+00 5.51811409e+00 5.86916256e+00
    5.35784101e+00 4.93480301e+00 5.12205458e+00 4.30580950e+00
    4.98916864e+00 5.63078022e+00 6.79096079e+00 5.34024000e+00
    6.71921206e+00 6.07667685e+00 5.65308809e+00 5.86813402e+00
    6.29287815e+00 6.43300009e+00 6.85971975e+00 6.56179047e+00
    7.22534037e+00 7.09032440e+00 6.98308134e+00 6.86351967e+00</data></my_img>
<your_img type_id="opencv-matrix">
  <rows>124</rows>
  <cols>252</cols>
  <dt>f</dt>
  <data>
    1.20403824e+01 4.20547533e+00 1.05491371e+01 4.72301149e+00
    1.55209088e+00 8.27152252e+00 1.85646498e+00 9.81803036e+00
    1.06150093e+01 9.45782375e+00 6.49591208e+00 7.97635794e+00
    5.70389517e-02 8.35589695e+00 6.26785660e+00 7.95861912e+00
    1.05724983e+01 1.09802866e+01 7.56042910e+00 6.32631159e+00
    1.29802332e+01 1.88145542e+00 9.46161842e+00 4.18194294e+00
    3.28121471e+00 6.49701595e+00 8.40128613e+00 1.00424452e+01
    4.24796009e+00 1.29298210e+01 9.16145039e+00 5.57429850e-01
    4.24397230e-01 1.22829892e-01 1.03038092e+01 4.65005350e+00
    3.50336266e+00 1.26637573e+01 4.30383301e+00 1.25149326e+01
    1.29455070e+01 9.40199733e-01 1.87357450e+00 3.56615973e+00
    1.24485464e+01 6.78971386e+00 3.76798582e+00 6.14136267e+00
    1.27691233e+00 8.47544956e+00 5.50287294e+00 6.16477489e+00
    1.39445186e+00 4.08724213e+00 2.55274415e-01 9.43751335e+00
    1.07679853e+01 1.15255251e+01 5.70177603e+00 1.49175429e+00
    9.47078586e-01 9.69586563e+00 1.94704568e+00 4.64427918e-01
    2.29818439e+00 1.18667574e+01 4.24198151e+00 2.33649716e-01
    5.45910537e-01 7.28054142e+00 1.70574808e+00 1.94398269e-01
    7.48317862e+00 1.16947317e+01 4.46687508e+00 3.38598967e+00
    2.01792502e+00 2.53351021e+00 2.15057659e+00 3.37682128e+00
    2.34956694e+00 1.69322681e+00 1.26508608e+01 1.18461037e+01
    3.20097470e+00 7.39096451e+00 3.88081980e+00 1.05387058e+01
    1.26530828e+01 1.01104498e+01 2.39767674e-02 1.81030679e+00
    8.10488796e+00 3.42543888e+00 1.21417313e+01 5.50590944e+00
    1.32008135e+00 9.05265713e+00 5.18686724e+00 1.28730469e+01
    1.16214771e+01 7.53611851e+00 1.10742168e+01 1.25207176e+01
    7.28942156e+00 2.73354316e+00 4.61201429e+00 3.47635955e-01
    9.23554134e+00 9.99136925e+00 1.07862749e+01 5.26464462e+00
    1.00873137e+01 1.06451235e+01 9.12339020e+00 3.36108518e+00
    1.13811579e+01 1.23526869e+01 5.43202686e+00 6.31072140e+00
    6.90639448e+00 3.98165202e+00 9.04190779e-01 2.83037496e+00
    2.79708338e+00 1.10061893e+01 2.17828417e+00 4.88641262e+00
    1.76478314e+00 1.27467747e+01 5.19980145e+00 3.37170768e+00
    7.73654366e+00 3.62308002e+00 8.24450397e+00 4.97841835e+00
    1.00024843e+00 6.73458385e+00 7.01701403e+00 1.11538277e+01
    9.94761276e+00 1.95557368e+00 1.20780766e+00 1.21036901e+01
    3.26324129e+00 9.19467258e+00 5.83834982e+00 6.64572525e+00
    1.06933460e+01 3.32979131e+00 1.82387495e+00 9.30568218e+00
    4.10251141e+00 8.20563698e+00 4.07610416e+00 7.07019758e+00
    8.61746788e+00 1.17264738e+01 1.32388735e+00 4.04200125e+00
    6.39817190e+00 6.72816992e+00 5.06022155e-01 6.87878799e+00
    1.10333090e+01 4.22493172e+00 1.81268704e+00 7.70406532e+00
    3.80676603e+00 1.26426649e+01 1.01631546e+01 4.39933348e+00
    1.29675303e+01 1.12525358e+01 3.09922886e+00 3.99563956e+00
    9.45834732e+00 1.42005932e+00 2.86315536e+00 2.48368478e+00
    7.81440735e+00 1.21252918e+01 8.25701046e+00 7.09886599e+00
    9.39338970e+00 1.30332031e+01 1.22334061e+01 1.02113037e+01
    5.79635715e+00 8.43648052e+00 1.24718342e+01 5.33794641e+00
    1.07399454e+01 7.53023815e+00 1.14605846e+01 1.09266806e+01
    8.07203579e+00 4.47926378e+00 6.37723780e+00 9.99802017e+00
    4.65780783e+00 1.30451803e+01 1.30476294e+01 3.64490366e+00
    8.73377514e+00 8.65513706e+00 4.71625185e+00 4.61611128e+00
    1.14110470e+01 9.99839878e+00 1.23162155e+01 9.16154957e+00
    3.40143776e+00 4.21964979e+00 8.77234077e+00 5.61835909e+00
    3.64744329e+00 1.21480579e+01 1.30686789e+01 6.81226969e-01
    3.21478581e+00 1.01962543e+00 1.10285034e+01 2.00943303e+00
    1.90922296e+00 9.58384514e+00 5.96474791e+00 4.53753805e+00
    5.45703745e+00 9.80641651e+00 1.19030190e+01 5.53646517e+00
    3.13170075e+00 3.31353903e+00 7.86600876e+00 6.13679838e+00
    1.03345785e+01 1.07441461e+00 5.21868515e+00 7.12160587e+00
    1.11712284e+01 8.65330029e+00 1.22763996e+01 6.16490412e+00
    1.16372261e+01 3.90386081e+00 9.61507607e+00 5.61707973e+00
    1.06537228e+01 7.97856331e+00 4.25724554e+00 3.11173415e+00
    7.54673290e+00 4.00987387e+00 1.44180357e+00 1.26182842e+01
    3.90571547e+00 7.94832850e+00 1.15642042e+01 3.91929650e+00
    4.02349997e+00 1.20928841e+01 6.27673447e-01 4.60432386e+00
    1.24031677e+01 1.16855974e+01 1.16472173e+00 1.59365803e-01
    5.13397408e+00 5.26440918e-01 9.89422512e+00 6.48543167e+00
    7.54555035e+00 1.10189390e+01 1.21746044e+01 5.05457592e+00
    1.29780626e+01 2.22748065e+00 6.82902336e+00 1.01791677e+01
    1.06003208e+01 8.32434845e+00 1.05755329e+01 9.38346767e+00
    6.09986639e+00 7.42562342e+00 1.25781794e+01 1.24254475e+01
    9.60071468e+00 3.95974845e-01 6.22946119e+00 9.49747467e+00
    4.90082550e+00 4.18071222e+00 5.32908678e-01 6.04268456e+00
    9.39995670e+00 9.65075207e+00 1.08189116e+01 1.11551218e+01
    1.08693576e+00 9.76198959e+00 9.36191368e+00 8.45383942e-01
    3.45739913e+00 1.07700615e+01 3.31316781e+00 1.60671592e+00
    5.72138309e+00 1.23773789e+00 6.31756592e+00 5.75443220e+00
    6.53052044e+00 5.04795599e+00 1.22945557e+01 5.56830454e+00
    1.09246330e+01 1.13212385e+01 1.65139425e+00 7.87122869e+00
    1.06271877e+01 8.50767517e+00 7.11662769e+00 6.16650105e+00
    1.24833899e+01 1.39911056e+00 9.85780811e+00 1.13343248e+01
    3.42126489e-01 1.07600918e+01 3.11262441e+00 7.82833099e-01
    1.08009901e+01 9.37453175e+00 1.00623741e+01 2.59317303e+00
    5.30563784e+00 7.30446243e+00 8.80399513e+00 9.24950600e+00
    9.44082165e+00 4.17199850e+00 3.80224514e+00 6.05699730e+00
    1.19004354e+01 3.01414102e-01 3.56466627e+00 9.16307545e+00
    1.21361170e+01 3.78777313e+00 1.44296205e+00 9.17418194e+00
    9.46727753e+00 1.30305939e+01 9.72166443e+00 2.47926140e+00
    1.14423113e+01 7.42686605e+00 9.20744991e+00 1.76694632e+00
    9.47187996e+00 5.31742907e+00 5.74853182e+00 4.19152021e+00
    2.88041878e+00 1.97194934e+00 1.58394778e+00 5.03552294e+00
    5.87528324e+00 1.07256165e+01 1.12332954e+01 5.84792852e+00
    1.20758991e+01 3.93180919e+00 4.80289173e+00 5.72591829e+00
    8.22003365e+00 1.20855713e+01 9.93090534e+00 5.61736393e+00
    3.19677162e+00 7.95618200e+00 1.11815147e+01 5.51308203e+00
    1.15226660e+01 1.97361624e+00 1.53396875e-01 3.79316616e+00
    8.88813496e+00 3.99230933e+00 5.58737707e+00 4.33338499e+00
    2.25235653e+00 4.97773266e+00 1.21493454e+01 8.04997253e+00
    1.04246054e+01 8.40564537e+00 1.08146372e+01 6.63298130e+00
    3.52722287e+00 5.75904465e+00 3.77208042e+00 4.18321037e+00
    8.64602685e-01 4.99398422e+00 2.13183188e+00 7.53593445e+00
    6.53832150e+00 4.23318505e-01 5.33817720e+00 9.60216999e+00
    1.13988352e+01 7.99880219e+00 7.03639317e+00 4.68865538e+00
    3.98089004e+00 9.47653103e+00 1.28539419e+01 1.27405047e+00
    3.77907419e+00 2.97615910e+00 1.02076521e+01 1.05075016e+01
    1.56415260e+00 4.25841284e+00 3.41249794e-01 4.23603916e+00
    5.94436455e+00 5.42223167e+00 1.15816898e+01 3.91832995e+00
    1.84090972e-01 9.53134537e+00 1.06102085e+01 9.41156673e+00
    1.69380534e+00 4.17431474e-01 3.30368853e+00 6.79576159e+00
    1.30002384e+01 1.05119553e+01 9.69840050e+00 5.48248816e+00
    7.09813499e+00 2.69838095e+00 2.03670812e+00 6.23222542e+00
    8.68280125e+00 2.16444588e+00 9.30956078e+00 1.09443197e+01
    1.29011059e+01 9.57805443e+00 9.84393597e+00 3.12129319e-01
    3.39523721e+00 5.52052212e+00 9.76743031e+00 9.13735962e+00
    7.00837898e+00 7.37487173e+00 3.14904428e+00 1.33280194e+00
    1.66371572e+00 7.53499126e+00 1.28689785e+01 5.37189674e+00
    1.16805143e+01 1.25631256e+01 9.92148018e+00 6.74245954e-01
    6.84023619e+00 4.10798073e+00 1.28351068e+01 1.54679823e+00
    2.26316833e+00 3.80672860e+00 2.93538165e+00 9.12061787e+00
    1.20062838e+01 4.93499899e+00 2.40555286e+00 5.29748297e+00
    9.65104008e+00 2.13112307e+00 7.15240192e+00 1.22253265e+01
    1.10710325e+01 8.35803986e+00 1.21382198e+01 8.65872192e+00
    8.71977806e+00 7.49751389e-01 7.51300192e+00 5.80783653e+00
    3.88586378e+00 1.27469051e+00 1.18373413e+01 1.79527903e+00
    1.04822426e+01 9.93820763e+00 7.84456730e+00 1.20001993e+01
    1.23169947e+01 7.10295105e+00 1.06527910e+01 1.20660696e+01
    8.47410870e+00 2.06463242e+00 1.65101141e-01 9.60867405e+00
    7.12880230e+00 1.21377411e+01 5.66223001e+00 4.07012987e+00
    5.17664790e-01 1.29845629e+01 1.29223442e+01 6.60576773e+00
    3.34406424e+00 1.55905759e+00 6.16664839e+00 8.43113518e+00
    4.66268921e+00 5.97435379e+00 4.69834900e+00 8.75029469e+00
    3.98844934e+00 8.93339729e+00 9.40388870e+00 4.60177231e+00
    1.24340973e+01 1.24210625e+01 1.50691545e+00 9.50402260e+00
    8.01548779e-01 1.11410933e+01 6.91160440e+00 9.12109280e+00
    1.15663505e+00 2.69393563e-01 1.71385491e+00 1.08107138e+01
    2.15052581e+00 5.00857306e+00 3.20388746e+00 5.29224157e+00
    1.13808365e+01 2.08203450e-01 8.08021641e+00 1.29735756e+00
    7.68703032e+00 8.06295872e+00 7.11100161e-01 6.20345294e-01
    1.05151234e+01 6.70375633e+00 2.42314792e+00 1.26788187e+00
    7.68813074e-01 1.29825249e+01 5.18171692e+00 2.83793783e+00
    1.23761921e+01 8.52118111e+00 1.06525383e+01 9.21619320e+00
    1.75572610e+00 2.33776495e-01 8.36266613e+00 1.61119664e+00
    8.27514839e+00 1.00658216e+01 4.81411839e+00 3.14600444e+00
    3.49070024e+00 9.06640530e+00 2.66609001e+00 4.44192171e+00
    2.36433792e+00 1.20637007e+01 5.11492252e+00 1.28946819e+01
    9.04257774e+00 5.47182679e-01 5.86907625e+00 4.23008442e+00
    7.26775599e+00 4.72745657e+00 1.04225912e+01 2.79368067e+00
    1.01123152e+01 3.92645097e+00 5.50052023e+00 9.94262028e+00
    8.67683125e+00 9.08041668e+00 9.75374699e+00 2.54522347e+00
    9.81659412e+00 7.90636015e+00 6.41579437e+00 4.27262688e+00
    1.24643621e+01 4.88836861e+00 1.04360266e+01 1.00682421e+01
    1.16622734e+01 2.72151971e+00 1.18973875e+01 3.74795318e+00
    3.67733645e+00 1.19553919e+01 7.68661833e+00 6.31797934e+00
    3.76404190e+00 1.96238792e+00 3.33461118e+00 5.36343575e+00
    5.42198563e+00 1.84819067e+00 9.60056782e+00 4.44946146e+00
    7.35816479e+00 1.05590429e+01 2.73796535e+00 4.32511759e+00
    2.58559227e+00 5.45406008e+00 1.28532767e+00 4.05944633e+00
    3.05831122e+00 9.50002384e+00 1.00517883e+01 1.04388275e+01
    6.09209156e+00 5.76464987e+00 6.90960932e+00 5.08735776e-01
    4.18977928e+00 5.51117563e+00 1.65366006e+00 1.19819536e+01
    1.19785099e+01 1.14484644e+01 1.19118233e+01 1.07716093e+01
    1.24874077e+01 1.13940821e+01 5.71240711e+00 6.95281982e+00
    5.33074808e+00 3.89693594e+00 5.49888086e+00 5.89083493e-01
    6.39112616e+00 1.27160969e+01 1.99285996e+00 4.47100830e+00
    1.10202608e+01 3.79574251e+00 8.69078064e+00 2.56010246e+00
    3.32725167e+00 1.07145815e+01 1.18081284e+01 2.29608822e+00
    2.08048630e+00 1.03900995e+01 1.07895536e+01 2.44263157e-01
    9.38667965e+00 7.65211821e+00 4.72938824e+00 1.01335812e+01
    9.37821484e+00 1.58912933e+00 1.13010883e+01 1.15460339e+01
    5.49811077e+00 3.72903538e+00 1.07208710e+01 3.59554386e+00
    2.17026329e+00 6.78767061e+00 8.46058941e+00 4.04331350e+00
    2.14910769e+00 6.05739164e+00 3.23683023e+00 1.04950743e+01
    6.67014742e+00 9.23882294e+00 1.03160753e+01 7.62503147e-01
    7.57359922e-01 4.81883621e+00 7.68094063e+00 7.60118389e+00
    5.83222151e+00 6.85678005e-01 2.79507947e+00 5.39325297e-01
    8.45453453e+00 1.10625954e+01 6.62652135e-01 1.30391464e+01
    1.06745481e+01 6.32705736e+00 2.68997622e+00 2.93018166e-02
    1.09333334e+01 1.92299187e+00 1.14842319e+01 1.19322605e+01
    1.19143715e+01 1.08301935e+01 1.03250942e+01 7.26950216e+00
    6.85106695e-01 2.49141145e+00 1.14298496e+01 6.18684626e+00
    8.92955685e+00 2.90196371e+00 7.43396282e-01 3.10298586e+00
    9.05489159e+00 1.15737076e+01 7.59074163e+00 1.13426590e+01
    1.22907495e+00 3.13397551e+00 1.05042391e+01 1.38766646e+00
    2.50207931e-01 1.05919962e+01 1.15347958e+01 1.19023905e+01
    1.26320066e+01 2.31452560e+00 8.43584824e+00 6.11728764e+00
    5.12209702e+00 1.38777876e+00 7.54941130e+00 5.01739073e+00
    2.45729613e+00 5.87723970e+00 9.29110050e+00 7.86690998e+00
    1.21604929e+01 4.59518957e+00 4.89646465e-01 5.10178995e+00
    5.05105591e+00 4.17401552e+00 3.15055680e+00 7.93842268e+00
    1.67776668e+00 7.12259769e+00 1.12144709e+01 7.11279154e+00
    1.03706226e+01 6.24376822e+00 4.46714306e+00 7.82926178e+00
    5.27759886e+00 4.86763096e+00 7.24648762e+00 9.85708427e+00
    2.62372875e+00 5.25562716e+00 3.25989485e-01 2.91066027e+00
    2.36005664e+00 6.47451401e+00 7.44360447e+00 9.40535736e+00
    9.84012699e+00 1.46927923e-01 9.48828983e+00 1.20968151e+01
    5.01571846e+00 1.41245222e+00 9.10172081e+00 4.72897917e-01
    7.07058048e+00 7.06986761e+00 5.47957039e+00 8.95154095e+00
    1.07716999e+01 1.30793142e+01 3.85681057e+00 1.14732418e+01
    9.01394272e+00 2.86602926e+00 2.80009717e-01 2.52360153e+00
    2.96378398e+00 6.05222893e+00 5.05353451e+00 8.20119953e+00
    3.38608670e+00 3.36413217e+00 7.00114775e+00 9.22879696e+00
    1.07750950e+01 6.53400564e+00 1.03325396e+01 5.43394279e+00
    1.29652500e+01 2.51128531e+00 3.90345573e-01 9.83585179e-01
    1.16805048e+01 9.06261444e+00 7.59383583e+00 1.88777223e-01
    9.59414673e+00 1.09239635e+01 3.68694401e+00 8.14412785e+00
    7.79089093e-01 5.12393379e+00 2.80719900e+00 5.38011217e+00
    1.45074153e+00 8.93268466e-01 1.10885973e+01 8.53421974e+00
    8.51836586e+00 9.26968384e+00 2.73663306e+00 6.86635494e-01
    1.28051872e+01 4.09434128e+00 2.86591816e+00 5.76215684e-01
    3.68515587e+00 1.00274153e+01 9.20438385e+00 1.50986671e-01
    7.52347469e+00 1.55027246e+00 9.20450592e+00 1.02486861e+00
    3.06591439e+00 2.01917934e+00 1.39615858e+00 7.63060999e+00
    2.40100694e+00 1.79097342e+00 3.82202506e+00 9.50992584e+00
    2.66148758e+00 1.04309762e+00 3.65754724e+00 9.53841114e+00
    8.68913078e+00 5.12435627e+00 9.54437637e+00 4.99709219e-01
    1.13065958e+01 2.21406102e+00 7.45737839e+00 1.20088644e+01
    7.74906337e-01 9.76529980e+00 1.04816647e+01 9.77472210e+00
    7.34542704e+00 5.56689692e+00 4.35083485e+00 6.46519804e+00
    9.39105701e+00 1.56523848e+00 3.57064319e+00 4.43349552e+00
    4.47075891e+00 3.54087901e+00 2.91127634e+00 1.18216324e+01
    3.78379178e+00 9.61189556e+00 8.28006172e+00 7.27478313e+00
    5.26614189e+00 1.22456236e+01 3.80275345e+00 1.37694561e+00
    1.28719110e+01 8.30538940e+00 1.09606533e+01 1.22855687e+00
    9.42516446e-01 1.30004101e+01 5.55758476e+00 9.42600918e+00
    3.73535943e+00 3.50828266e+00 8.38367462e+00 1.06194916e+01
    4.27002430e+00 1.23924055e+01 1.21834965e+01 4.71534824e+00
    2.51891589e+00 7.26080227e+00 1.22536373e+01 7.84472287e-01
    1.56765604e+00 7.88867807e+00 1.11247129e+01 5.78553855e-01
    1.10957012e+01 3.80426002e+00 7.85314560e+00 6.13926649e+00
    4.81984568e+00 5.44650507e+00 9.85093975e+00 1.24668140e+01
    3.74105048e+00 2.62968063e+00 7.13202953e-01 9.62538338e+00
    1.11396170e+00 6.26010358e-01 8.57511014e-02 7.69567394e+00
    1.26995668e+01 1.03100920e+01 2.78612375e+00 7.06916237e+00
    2.27045107e+00 8.04315662e+00 1.07761631e+01 5.89607668e+00
    2.99195194e+00 5.34753418e+00 4.89826107e+00 5.32577419e+00
    1.21231985e+01 1.69831622e+00 3.70473266e+00 5.57326794e+00
    4.19231749e+00 6.55499578e-01 7.25956345e+00 5.82302153e-01
    1.23090611e+01 3.35515451e+00 5.39759398e+00 1.43824422e+00
    9.96853352e+00 8.55314922e+00 8.54836082e+00 4.71191788e+00
    8.53626156e+00 4.44457293e+00 1.21019964e+01 8.95818520e+00
    2.26294756e-01 2.28844452e+00 1.24550314e+01 1.01758933e+00
    7.17638540e+00 3.95270228e+00 1.05058222e+01 2.57970715e+00
    4.37853432e+00 1.68460763e+00 7.83887911e+00 8.42115688e+00
    5.12161875e+00 5.29659081e+00 4.54844141e+00 4.75599957e+00
    1.18122797e+01 4.84739304e+00 1.05563068e+01 1.22104692e+01
    1.67655551e+00 2.35892463e+00 8.40975189e+00 9.76767349e+00
    4.01076746e+00 8.73268032e+00 4.58830738e+00 3.30166483e+00
    1.85925436e+00 4.36402225e+00 5.39885044e+00 1.28254538e+01
    6.24706459e+00 2.33471107e+00 4.02816677e+00 2.94677615e+00
    5.58208561e+00 6.82890558e+00 1.22518520e+01 3.88837504e+00
    5.66310525e-01 1.17877378e+01 8.69233418e+00 8.12134361e+00
    3.14331174e+00 1.30205402e+01 8.92329597e+00 7.76565981e+00
    9.13028538e-01 9.72520924e+00 3.29415083e+00 2.45154023e+00
    5.98943901e+00 4.27651644e+00 6.63287306e+00 2.44618845e+00
    1.23793821e+01 5.47967732e-01 1.30731373e+01 5.69520569e+00
    8.41045570e+00 1.30714025e+01 6.66241288e-01 1.04995985e+01
    7.93525505e+00 6.70556974e+00 4.92108727e+00 9.86419773e+00
    4.86599159e+00 4.56045437e+00 7.92279673e+00 8.62253284e+00
    1.13277311e+01 8.75864887e+00 2.52581090e-01 7.47550488e+00
    1.13256884e+01 1.04523401e+01 8.75050354e+00 2.36616373e+00
    1.19517946e+01 2.69155788e+00 5.74198532e+00 1.12381287e+01
    4.95244408e+00 9.85050869e+00 5.93520403e-02 5.40013885e+00
    3.69733691e+00 8.34072685e+00 7.76281357e+00 1.27240391e+01
    1.06861534e+01 9.48982716e+00 7.17636585e+00 9.70802188e-01
    3.26599765e+00 1.23780842e+01 4.83999109e+00 8.53453636e+00
    3.28808689e+00 1.27787399e+01 8.34412766e+00 8.82125139e-01
    4.88256454e+00 6.71755886e+00 2.62022686e+00 6.34122419e+00
    5.23623753e+00 1.61600780e+00 1.05973282e+01 8.09887218e+00
    2.63077116e+00 1.05175934e+01 2.85962582e+00 1.94516039e+00
    4.03882885e+00 8.09273338e+00 2.86200166e+00 3.35093647e-01
    1.17182040e+00 2.26358080e+00 5.56375933e+00 6.30405903e+00
    1.09010658e+01 1.02928267e+01 1.03022890e+01 9.60770035e+00
    1.27648268e+01 9.38988113e+00 1.05273447e+01 4.24714422e+00
    5.93870592e+00 9.25668430e+00 4.39790916e+00 4.53817636e-01
    1.03887472e+01 5.43743944e+00 7.82818273e-02 1.15087557e+01
    4.57300949e+00 1.03661556e+01 5.22957444e-01 8.79996300e+00
    4.24256277e+00 1.05483093e+01 4.15718269e+00 7.07853127e+00
    1.17727175e+01 9.14879513e+00 5.00647306e+00 5.94697189e+00
    2.02760506e+00 2.94323087e+00 1.03810501e+01 4.95849371e+00
    9.74411583e+00 1.00558319e+01 6.88862181e+00 7.08278227e+00
    2.33405280e+00 2.74101210e+00 4.96607208e+00 1.11200666e+01
    1.19621410e+01 5.24515057e+00 1.23825960e+01 1.18127537e+00
    8.11296082e+00 3.03659987e+00 5.60035849e+00 6.98059988e+00
    8.81446266e+00 7.78676420e-02 4.94988394e+00 5.25229502e+00
    2.05442286e+00 5.81687784e+00 9.33360398e-01 7.22374153e+00
    2.98763657e+00 4.27981043e+00 1.28343887e+01 1.19312344e+01
    1.47202289e+00 9.46244144e+00 7.53379631e+00 8.55558681e+00
    9.53813457e+00 2.87070155e+00 1.19236355e+01 1.25143137e+01
    4.31358528e+00 6.98160744e+00 1.06120319e+01 2.95792222e+00
    8.00917149e+00 4.79813290e+00 2.90854383e+00 8.71475697e+00
    1.01254845e+01 5.04992342e+00 1.04267368e+01 8.20737457e+00
    7.85357133e-02 9.27915382e+00 1.06456470e+01 1.07113037e+01
    8.39929199e+00 1.27992125e+01 1.03866653e+01 9.38204575e+00
    7.31277800e+00 3.42967010e+00 2.47732496e+00 8.29593086e+00
    7.54468155e+00 3.52535915e+00 4.47686625e+00 8.54117966e+00
    8.26560783e+00 2.28037655e-01 5.18452072e+00 1.00067449e+00
    1.22425604e+01 6.59549570e+00 9.24775696e+00 1.07278700e+01
    4.44017267e+00 5.68491983e+00 2.74413061e+00 8.82336807e+00
    5.61279154e+00 3.97234249e+00 1.00113475e+00 7.07042265e+00
    8.59388828e+00 8.72634411e+00 5.22280931e+00 6.96797180e+00
    2.40416265e+00 6.58374262e+00 4.82658911e+00 8.27065468e+00
    9.07849693e+00 3.97211766e+00 1.25783072e+01 1.35772550e+00
    7.55900002e+00 1.23459339e+01 3.19651079e+00 1.17041683e+01
    1.26043806e+01 6.15208864e+00 7.86928833e-01 1.24633446e+01
    5.07467031e+00 1.14395914e+01 1.08039951e+01 1.02719698e+01
    1.20235777e+01 4.36380911e+00 9.80545521e+00 1.49667430e+00
    1.22069263e+01 1.01434202e+01 5.30045462e+00 2.66030073e+00
    9.14773941e+00 1.27069616e+01 1.01190300e+01 2.00207400e+00
    2.98985791e+00 5.59074497e+00 1.13152294e+01 7.29811668e+00
    2.35721612e+00 8.08682251e+00 5.29386330e+00 1.16577864e+00
    2.54761457e+00 1.26205950e+01 4.82049561e+00 1.11310654e+01
    1.59749195e-01 4.49506474e+00 1.19174871e+01 1.11058435e+01
    1.08944035e+01 6.74399996e+00 3.45948505e+00 1.01952038e+01
    8.83537006e+00 1.11720114e+01 8.49647903e+00 9.00841117e-01
    3.88067991e-01 6.82935143e+00 1.08876812e+00 6.20441484e+00
    4.36710405e+00 6.63667321e-01 1.22811108e+01 1.17370472e+01
    9.39412498e+00 1.20215387e+01 1.24900579e+01 8.83356190e+00
    6.82700348e+00 4.73096514e+00 5.54448748e+00 7.05225754e+00
    1.03975420e+01 2.58525538e+00 6.65103197e-01 1.20357285e+01
    8.61492729e+00 6.20573759e+00 4.89252043e+00 9.13853359e+00
    1.13107290e+01 1.17996283e+01 1.09440460e+01 6.92131996e+00
    4.68468714e+00 1.56448543e+00 1.08950615e+01 4.39702272e+00
    3.51387978e+00 1.05004559e+01 3.22050548e+00 2.88177562e+00
    1.10639639e+01 7.93488073e+00 1.28734684e+01 2.95335889e+00
    4.57738590e+00 9.69484043e+00 9.60222816e+00 1.00975065e+01
    2.19444156e+00 6.18395662e+00 4.55906391e+00 9.30827522e+00
    8.63640976e+00 6.95578146e+00 9.31094551e+00 1.02732468e+01
    1.31553137e+00 5.25034761e+00 1.29897428e+00 1.50554574e+00
    6.15700769e+00 1.03121881e+01 2.32957029e+00 1.19947872e+01
    3.16583848e+00 1.21555214e+01 4.52926445e+00 8.54549789e+00
    1.03539715e+01 1.15003109e+01 1.83889592e+00 7.44861364e+00
    3.65962529e+00 4.07042933e+00 9.54252911e+00 3.72162056e+00
    1.25738420e+01 6.95097589e+00 3.47421169e+00 4.41339588e+00
    2.57097292e+00 9.75975418e+00 5.95081806e+00 1.17098331e+01
    1.08220530e+01 1.07696533e+01 8.33112907e+00 1.62515950e+00
    1.23701982e+01 2.19008017e+00 3.66761065e+00 1.05496616e+01
    8.86336136e+00 2.81552267e+00 6.39237499e+00 7.57948112e+00
    1.10536873e+00 1.03563242e+01 6.25701475e+00 4.60030746e+00
    3.39290810e+00 1.12140369e+00 7.73790884e+00 6.25560760e+00
    6.31833458e+00 4.78968096e+00 1.03599572e+00 7.05442953e+00
    1.98995578e+00 1.18796272e+01 3.24780154e+00 1.35379851e+00
    2.38079756e-01 3.30011535e+00 1.04737902e+01 2.46332139e-01
    8.48554420e+00 7.16412735e+00 9.85937500e+00 5.54246521e+00
    4.87811118e-02 9.56971645e+00 6.39060259e-01 1.04038095e+01
    1.05772448e+01 7.01932192e+00 1.38293433e+00 1.30486174e+01
    2.74793029e+00 9.18726540e+00 1.10741889e+00 4.54324293e+00
    7.21388578e+00 8.35319996e+00 1.19724000e+00 6.66259527e+00
    8.48637486e+00 1.26649151e+01 3.15508217e-01 5.58760595e+00
    1.18529387e+01 6.29251289e+00 8.36672306e+00 6.36837482e+00
    1.00387869e+01 2.47645259e+00 1.98821998e+00 1.68413424e+00
    4.80618143e+00 1.18690395e+00 1.01544943e+01 5.88627148e+00
    9.88254833e+00 5.48887825e+00 6.15783513e-01 1.16360016e+01
    4.42220354e+00 3.96479464e+00 6.02110100e+00 9.11315978e-01
    7.51010418e+00 2.72618032e+00 8.46413803e+00 3.25254965e+00
    1.91393840e+00 6.24700069e+00 2.03814840e+00 3.06243040e-02
    6.68123102e+00 5.28427935e+00 7.87101650e+00 8.80501652e+00
    6.83849001e+00 9.37774754e+00 3.83882380e+00 3.00475383e+00
    6.52558994e+00 6.89961338e+00 2.46502042e+00 1.08949652e+01
    1.27407427e+01 3.57858992e+00 4.53259850e+00 1.00274830e+01
    1.07996998e+01 1.44481981e+00 1.13100471e+01 1.07212915e+01
    9.83012962e+00 1.12373571e+01 8.44483948e+00 1.26448889e+01
    1.05190315e+01 7.07714176e+00 1.17087488e+01 1.19331665e+01
    8.60309410e+00 4.61292028e+00 7.86619854e+00 3.24607277e+00
    5.46488571e+00 7.79836941e+00 2.00232655e-01 8.93131542e+00
    6.76561975e+00 9.44661236e+00 6.78598821e-01 6.42920780e+00
    4.95657474e-01 4.30153465e+00 1.19860573e+01 2.59031439e+00
    6.94479132e+00 2.29960489e+00 6.00263596e+00 1.03410959e+01
    1.97306681e+00 2.05054021e+00 6.71101809e-01 6.69215441e+00
    1.10618219e+01 3.94231391e+00 4.12889898e-01 4.51232958e+00
    8.64605999e+00 1.06695480e+01 1.20210342e+01 2.94823337e+00
    5.03231734e-02 1.14159565e+01 1.02117884e+00 8.85811043e+00
    8.65501881e+00 9.64448833e+00 7.68375254e+00 2.93013120e+00
    7.01763725e+00 6.60825586e+00 2.18579745e+00 8.07614040e+00
    9.82655466e-01 5.64221621e-01 1.14098806e+01 1.18564787e+01
    8.83030319e+00 8.84231377e+00 1.28402319e+01 8.53573418e+00
    4.55870819e+00 4.86006117e+00 8.56332397e+00 3.26959515e+00
    5.63136768e+00 2.01578617e+00 4.20851797e-01 1.18075914e+01
    9.97163296e+00 5.36831999e+00 3.31112146e+00 9.62084198e+00
    3.42778659e+00 3.14412236e+00 9.04557037e+00 8.88219476e-02
    7.15651989e+00 7.71216631e+00 5.22020626e+00 1.29671412e+01
    6.80369329e+00 3.71311277e-01 4.32949686e+00 4.98127317e+00
    7.07506752e+00 5.32527399e+00 1.31370282e+00 1.32722962e+00
    5.30537605e+00 6.68308735e+00 7.84237719e+00 1.27689934e+01
    8.26493835e+00 4.82677269e+00 1.12050838e+01 1.06483068e+01
    5.05589390e+00 1.07686062e+01 4.53798103e+00 7.69849253e+00
    6.24428320e+00 7.36268425e+00 8.60084724e+00 7.48174858e+00
    4.99220514e+00 8.56289005e+00 2.64707661e+00 1.13479500e+01
    1.91797233e+00 3.46588922e+00 3.81927276e+00 1.22370577e+01
    3.38737535e+00 6.70060396e+00 8.27586555e+00 5.55232227e-01
    6.82460785e+00 5.03619385e+00 9.70941257e+00 2.50340247e+00
    7.23240185e+00 6.92954922e+00 6.21178448e-01 9.31233644e-01
    1.73554707e+00 8.50787067e+00 1.07979813e+01 1.04332867e+01
    5.24315500e+00 4.07455730e+00 7.40293837e+00 2.64859486e+00
    1.24788570e+01 6.66937876e+00 3.50196719e+00 1.27247238e+01
    4.68841124e+00 1.24775877e+01 5.44493914e+00 1.11787577e+01
    9.75807285e+00 1.05831470e+01 4.71434498e+00 5.52813888e-01
    1.16839342e+01 4.65050650e+00 4.63612795e+00 1.99822927e+00
    1.77587473e+00 2.90700054e+00 9.63052273e+00 9.63680935e+00
    1.14037800e+01 1.03120651e+01 7.10262823e+00 2.47732186e+00
    5.34407079e-01 6.93261290e+00 7.51247931e+00 6.00511360e+00
    1.14292669e+01 1.28272600e+01 5.72187424e+00 4.34186029e+00
    6.13223219e+00 8.52472401e+00 3.70545715e-01 4.50936890e+00
    3.10110044e+00 5.07753277e+00 2.58412266e+00 7.75276709e+00
    9.10725498e+00 3.09174609e+00 5.06955624e+00 1.13664782e+00
    9.87033653e+00 8.69355679e+00 3.48346233e+00 1.07178793e+01
    2.32117796e+00 7.02394903e-01 6.96447802e+00 7.71888590e+00
    5.80461836e+00 7.04065228e+00 1.06781254e+01 6.70526457e+00
    8.00453472e+00 5.84229755e+00 1.61950755e+00 1.12393541e+01
    9.49951553e+00 1.27137985e+01 1.19274259e+00 1.29633598e+01
    2.54724503e+00 1.11090887e+00 1.27136564e+01 4.49544239e+00
    1.28671350e+01 2.62377715e+00 1.27569542e+01 2.21986198e+00
    3.13510269e-01 3.02507234e+00 4.45959711e+00 2.87512946e+00
    6.47842121e+00 8.94094944e+00 1.19116173e+01 5.39590883e+00
    7.23016119e+00 6.13732338e+00 4.97390223e+00 2.62631106e+00
    6.84872198e+00 3.73295277e-01 1.18748989e+01 1.27501833e+00
    6.05951500e+00 8.20353413e+00 3.50127339e+00 1.13638983e+01
    1.28234825e+01 7.32964993e+00 8.47765350e+00 2.96022296e-01
    8.67287445e+00 1.29629099e+00 7.54591465e+00 4.23908710e+00
    9.04132938e+00 7.99285984e+00 3.82204700e+00 5.48813581e+00
    6.39080477e+00 9.00638485e+00 1.20612535e+01 1.24653654e+01
    8.59232330e+00 9.53952730e-01 3.77571774e+00 1.30573254e+01
    5.16415453e+00 9.54907417e+00 2.30494738e+00 9.27471542e+00
    1.25735207e+01 4.70303297e+00 3.07487518e-01 1.82880962e+00
    1.05546474e+01 1.18415747e+01 4.06288719e+00 3.37179750e-01
    9.18887329e+00 1.00097485e+01 1.08148756e+01 1.15190029e+00
    1.60595334e+00 5.17271280e+00 5.47597027e+00 3.93611741e+00
    1.23898709e+00 1.00505638e+01 9.12567711e+00 1.07805691e+01
    2.98746252e+00 5.70483112e+00 1.29016361e+01 6.62683773e+00
    6.95847368e+00 2.25699162e+00 2.73516059e+00 8.65821552e+00
    5.55730438e+00 4.18728256e+00 5.57132816e+00 1.01446362e+01
    8.33146858e+00 7.16834164e+00 8.28528214e+00 1.09724684e+01
    8.29187214e-01 7.77163839e+00 7.05433226e+00 7.65257692e+00
    2.33773994e+00 1.20735769e+01 1.24927053e+01 1.36704493e+00
    2.22563291e+00 6.30270100e+00 5.77764177e+00 6.96362162e+00
    1.60472393e+00 1.05975094e+01 8.39849281e+00 4.47532511e+00
    5.83066988e+00 8.34876347e+00 1.23671484e+01 7.61391544e+00
    7.56297469e-01 5.97974300e+00 1.09248676e+01 3.49776745e+00
    6.30845499e+00 6.44307566e+00 1.13241396e+01 9.99057102e+00
    7.13613462e+00 6.97080755e+00 2.81583041e-01 5.67566156e+00
    8.89654064e+00 1.04138184e+01 1.22142353e+01 1.25107317e+01
    1.03980293e+01 4.65608597e+00 6.86656046e+00 4.28971195e+00
    8.43000698e+00 2.83700705e-01 5.96139097e+00 8.71082497e+00
    3.21874166e+00 4.72624600e-01 1.38946700e+00 1.17876101e+01
    9.90141106e+00 9.43857384e+00 5.51977587e+00 5.91823673e+00
    1.14598882e+00 6.88192892e+00 1.03963690e+01 1.03608685e+01
    1.01163273e+01 1.22104397e+01 8.73627758e+00 1.28301787e+00
    1.26826286e+01 1.00486889e+01 5.04052544e+00 8.72477436e+00
    5.62417650e+00 9.20040131e+00 2.33859110e+00 2.72135329e+00
    7.81051683e+00 1.24298124e+01 4.12913132e+00 2.76139808e+00
    6.21463843e-02 9.42404938e+00 3.01250249e-01 8.36135006e+00
    1.21528511e+01 3.56311947e-01 5.30682945e+00 1.15624275e+01
    9.21917152e+00 1.17226896e+01 1.24180496e+00 1.11178913e+01
    2.38599372e+00 1.08877754e+01 2.71383524e+00 2.29127812e+00
    4.21659565e+00 9.11448669e+00 1.12058868e+01 1.04316511e+01
    1.14483271e+01 5.65948343e+00 1.05506878e+01 2.92445779e+00
    8.40884495e+00 1.07796507e+01 1.04563497e-01 2.61100721e+00
    4.79484272e+00 1.18344660e+01 4.04172373e+00 1.03465185e+01
    1.68183339e+00 5.62955904e+00 7.78451443e+00 3.67384815e+00
    9.51465666e-01 6.07944298e+00 1.30421705e+01 3.02867985e+00
    8.80802155e-01 7.68977404e+00 4.26304817e+00 2.36443377e+00
    3.95358658e+00 7.80378342e+00 5.60774922e-01 1.22722931e+01
    3.53645539e+00 1.06851177e+01 3.04002494e-01 5.46814799e-01
    7.45928335e+00 8.69070530e+00 6.37373304e+00 3.80582094e+00
    6.51381016e+00 2.86295056e+00 6.67024040e+00 1.23955545e+01
    3.10433412e+00 2.74990201e+00 7.15978527e+00 1.21938858e+01
    2.07949162e+00 5.68913651e+00 1.30008686e+00 5.46936798e+00
    1.04277182e+01 6.63947582e+00 1.87931180e+00 1.08795013e+01
    8.36107922e+00 8.72174168e+00 8.75876236e+00 5.79731941e+00
    8.64941406e+00 8.80880356e+00 1.03714027e+01 1.04786148e+01
    1.14831042e+00 4.91365290e+00 7.82651186e+00 1.73171008e+00
    1.67104173e+00 1.18023214e+01 1.15294399e+01 7.84963667e-01
    1.11936629e+00 7.36790180e+00 3.54432297e+00 1.20993643e+01
    1.09354436e+00 7.71814060e+00 1.05514050e+01 1.01581488e+01
    5.92668629e+00 9.56876183e+00 1.29897690e+01 1.29557219e+01
    1.78864884e+00 9.86455345e+00 9.80722141e+00 1.10886154e+01
    1.00417404e+01 9.28518891e-01 1.28295965e+01 2.44419980e+00
    2.98147273e+00 9.60805035e+00 6.30462503e+00 9.25033569e+00
    1.00927849e+01 2.63095188e+00 1.26830339e+01 7.16811800e+00
    2.93227601e+00 1.29433823e+01 4.44141245e+00 7.78177834e+00
    1.24658632e+00 6.90185738e+00 1.00109043e+01 6.21641684e+00
    5.33862209e+00 3.92427278e+00 1.17547951e+01 1.27222958e+01
    9.92305756e+00 7.37804413e+00 5.82449770e+00 5.22874880e+00
    8.42158890e+00 3.24505734e+00 6.21352613e-01 1.09096909e+01
    3.66533816e-01 1.92202532e+00 1.23962622e+01 4.57959032e+00
    9.76566887e+00 1.23853035e+01 2.55328238e-01 3.12058115e+00
    1.15236975e-01 1.32506442e+00 8.64201164e+00 5.07183504e+00
    1.15079203e+01 9.57418537e+00 1.14775019e+01 6.61115074e+00
    8.63300419e+00 3.40386319e+00 1.13137853e+00 2.73092961e+00
    1.25787611e+01 2.81869698e+00 9.13911915e+00 9.18143559e+00
    6.92793751e+00 2.27403045e+00 7.73143530e+00 3.03050184e+00
    8.93295288e+00 7.48562479e+00 8.29719734e+00 3.97467136e+00
    2.46865630e-01 1.00793419e+01 3.25388575e+00 3.83151054e+00
    4.19416142e+00 6.94929886e+00 5.88807011e+00 1.00931301e+01
    1.07646217e+01 5.32877862e-01 1.25095081e+01 3.47961950e+00
    1.15365620e+01 3.34508991e+00 1.02363281e+01 1.21404409e+00
    1.09498968e+01 1.63395536e+00 6.59125996e+00 8.31717587e+00
    1.14231062e+01 6.38637209e+00 7.81683826e+00 1.22557964e+01
    4.61378574e+00 9.59825695e-01 4.37907219e+00 4.50146103e+00
    7.61710262e+00 5.62375212e+00 8.07476044e+00 3.32516360e+00
    5.06331158e+00 4.40449047e+00 1.02792144e+00 1.19553385e+01
    7.99756098e+00 7.93649864e+00 5.73995495e+00 8.02514076e+00
    7.53723288e+00 1.01197720e+01 8.64791393e+00 6.71725416e+00
    7.20508718e+00 5.72869927e-03 6.99402511e-01 1.94920170e+00
    1.08344040e+01 7.41425848e+00 7.20925617e+00 2.55354023e+00
    4.54598475e+00 1.29711943e+01 5.97596502e+00 1.16287603e+01
    1.25589409e+01 7.61657357e-01 5.12532759e+00 6.96909237e+00
    8.91607952e+00 9.69905090e+00 1.82795501e+00 2.52146411e+00
    1.14106741e+01 5.45804787e+00 8.29539299e+00 2.95582032e+00
    1.13961804e+00 8.22792244e+00 1.12232084e+01 1.22541285e+00
    1.53972268e+00 6.50775385e+00 8.96658599e-01 5.73708630e+00
    2.06223297e+00 6.23439693e+00 3.82688791e-01 4.89655542e+00
    5.64651251e+00 9.70568275e+00 4.36616802e+00 8.35487938e+00
    3.20831943e+00 1.06916037e+01 3.18315625e+00 5.64867687e+00
    7.82586241e+00 7.10396957e+00 1.16854906e+01 1.18070345e+01
    7.96553612e+00 8.42886448e+00 1.04654036e+01 2.38909221e+00
    9.89017868e+00 6.60349989e+00 6.23943377e+00 8.74821949e+00
    8.00981426e+00 1.06811123e+01 1.69973111e+00 3.54745197e+00
    6.93077469e+00 7.67172217e-01 1.22930889e+01 1.32815194e+00
    5.30728674e+00 9.33871841e+00 6.68384731e-02 1.20238352e+01
    1.25599003e+01 3.47445440e+00 1.21895599e+00 4.65097284e+00
    9.59753704e+00 2.16046453e+00 4.38668203e+00 1.27312922e+00
    1.14888072e+00 1.12858999e+00 2.46388078e+00 6.24584615e-01
    3.99146795e+00 1.12389183e+01 1.06731949e+01 1.10227013e+01
    3.98210073e+00 9.01749325e+00 1.15530024e+01 1.13184035e+00
    1.30820866e+01 2.57837939e+00 6.86331558e+00 3.46773529e+00
    4.54873991e+00 3.11851788e+00 4.15662861e+00 6.85633516e+00
    1.83214664e-01 4.82718039e+00 2.26903534e+00 1.09073458e+01
    1.07738972e+01 8.65805817e+00 1.30619173e+01 7.02840328e-01
    1.04872437e+01 3.67152333e+00 1.04845552e+01 4.62423611e+00
    6.56279850e+00 3.86077309e+00 2.62780046e+00 1.97648251e+00
    7.14214659e+00 1.09918728e+01 1.72636366e+00 2.03294802e+00
    6.00759935e+00 7.66459036e+00 8.91362572e+00 8.07798564e-01
    1.13091297e+01 7.64184999e+00 8.23200703e+00 2.12602305e+00
    7.42228460e+00 8.24119151e-02 1.03643599e+01 5.29183245e+00
    1.08742828e+01 1.02680492e+01 7.03517866e+00 6.07763243e+00
    6.27841187e+00 7.20479488e+00 1.18833685e+01 8.94801807e+00
    1.25482244e+01 2.13303328e+00 5.46594763e+00 1.01944094e+01
    1.12129145e+01 1.47569764e+00 1.39458394e+00 7.11444914e-01
    4.32420588e+00 9.40031242e+00 8.60526323e-01 1.02683229e+01
    9.81306839e+00 3.03951645e+00 1.01226511e+01 1.03020649e+01
    1.07356768e+01 9.22727776e+00 1.04158192e+01 9.98636627e+00
    1.27220547e+00 9.55469894e+00 4.82200575e+00 7.35435915e+00
    3.69899893e+00 1.07311554e+01 4.91139740e-01 9.19384384e+00
    1.03430490e+01 3.47589517e+00 4.49411917e+00 3.08575600e-01
    7.76137066e+00 7.72033989e-01 1.09684839e+01 3.42199159e+00
    1.15441780e+01 4.38614082e+00 1.01344090e+01 9.63802099e-01
    3.20811844e+00 6.64386606e+00 6.04339314e+00 7.14795113e+00
    5.17596912e+00 9.53466797e+00 4.41325903e+00 1.34407318e+00
    3.36785018e-01 9.49274731e+00 8.21072960e+00 6.55298948e+00
    6.25663376e+00 8.29873848e+00 7.46244287e+00 4.03753853e+00
    1.18464050e+01 4.94106579e+00 2.91948605e+00 1.29574642e+01
    9.46751833e-01 2.70625830e+00 9.77388191e+00 5.60576582e+00
    5.74467325e+00 7.81670237e+00 5.77099609e+00 1.15564930e+00
    1.38486457e+00 6.62212563e+00 6.56133652e-01 9.62920040e-02
    1.18497810e+01 8.09971714e+00 5.52774858e+00 5.61262417e+00
    1.24329071e+01 5.12387276e+00 1.20348015e+01 1.00706947e+00
    5.28929663e+00 3.86868596e+00 1.30546122e+01 3.84749889e+00
    3.97747850e+00 1.19292421e+01 1.01234522e+01 8.30661964e+00
    1.04965277e+01 2.63977933e+00 1.06443748e+01 1.26152573e+01
    2.30662942e+00 1.25360842e+01 1.54646134e+00 7.56968689e+00
    1.18951464e+00 4.21679878e+00 2.33608913e+00 1.27394066e+01
    2.83587551e+00 7.00670385e+00 7.42919028e-01 7.21668100e+00
    1.17869635e+01 9.49443531e+00 2.66372395e+00 7.36728287e+00
    5.07643366e+00 1.30372152e+01 4.52910852e+00 1.08609953e+01
    1.11977110e+01 6.68768215e+00 9.26146698e+00 1.58566272e+00
    2.14640760e+00 1.08804798e+01 4.18907213e+00 3.69342113e+00
    8.96242142e+00 1.07629805e+01 7.79583359e+00 1.13516026e+01
    1.22707386e+01 1.09938154e+01 3.62794471e+00 1.22306185e+01
    3.43301105e+00 7.30128193e+00 8.51745892e+00 1.04753904e+01
    1.29297571e+01 7.81223583e+00 1.18844948e+01 6.41610801e-01
    7.12688017e+00 1.11873903e+01 2.96954584e+00 2.90877914e+00
    2.80431390e+00 5.03151655e+00 6.57592106e+00 9.53106880e+00
    6.53174639e+00 7.40893745e+00 1.01222286e+01 2.02495909e+00
    6.63271379e+00 1.48735619e+00 1.09800892e+01 5.32861900e+00
    1.97346234e+00 8.55952454e+00 3.26686788e+00 2.57486200e+00
    8.45154476e+00 1.08813162e+01 3.45125175e+00 8.02502632e+00
    2.96310616e+00 6.36150455e+00 1.00458155e+01 6.31332397e-01
    1.43154693e+00 6.94734621e+00 2.42313647e+00 1.08200083e+01
    1.20996161e+01 1.14853573e+01 1.68687320e+00 5.81488800e+00
    3.99072719e+00 6.19817781e+00 1.94133353e+00 1.25297365e+01
    1.17976065e+01 1.25655327e+01 7.47136211e+00 7.41831970e+00
    4.49075699e+00 2.58516121e+00 1.85977554e+00 8.12139988e+00
    1.18884716e+01 6.14756227e-01 1.53875816e+00 1.17099380e+01
    2.20244932e+00 9.00753784e+00 1.29562168e+01 6.73897219e+00
    1.06405945e+01 1.18046737e+00 4.45360839e-01 2.26592183e+00
    6.50476313e+00 5.37251520e+00 1.74187446e+00 9.17972279e+00
    8.46827221e+00 2.35329151e+00 5.94541216e+00 1.09738779e+01
    8.27793598e+00 3.39024520e+00 1.24001455e+00 4.04596519e+00
    1.06148472e+01 1.12071981e+01 5.92109346e+00 1.20835280e+00
    2.20946407e+00 1.01244631e+01 9.84054089e+00 6.61888266e+00
    4.60541439e+00 1.02128592e+01 7.09613442e-01 6.35511255e+00
    2.22213435e+00 3.66955590e+00 9.93617821e+00 8.12033939e+00
    3.24611425e+00 1.28610382e+01 8.42497349e+00 1.01000195e+01
    3.83368969e+00 5.16247463e+00 1.22839785e+01 4.15951371e-01
    5.87636662e+00 8.74760532e+00 1.09032373e+01 3.67904353e+00
    5.11910248e+00 6.84829855e+00 1.16671381e+01 4.93429279e+00
    1.73727763e+00 1.09108410e+01 6.30027819e+00 1.02396975e+01
    1.01658564e+01 6.57361889e+00 8.77830887e+00 8.74125671e+00
    4.09457159e+00 1.26324883e+01 6.31194925e+00 3.28637934e+00
    6.55670404e+00 2.37002730e+00 1.44645786e+00 9.51176929e+00
    8.32319260e+00 1.05195217e+01 1.14186211e+01 5.21497774e+00
    4.96960783e+00 2.39209318e+00 1.00025969e+01 7.66781044e+00
    1.26065121e+01 9.63139915e+00 1.04092102e+01 9.62259769e+00
    5.13376570e+00 1.25284977e+01 9.51052094e+00 1.22854843e+01
    1.19147320e+01 1.74685097e+00 1.18730326e+01 1.01818314e+01
    1.19021997e+01 1.24083672e+01 9.07265067e-01 1.42391598e+00
    1.17100124e+01 8.07450867e+00 1.27673664e+01 9.76842403e+00
    1.43870699e+00 6.01722813e+00 8.56196976e+00 9.26541138e+00
    2.84421468e+00 9.51174259e+00 1.83216178e+00 1.26494598e+01
    8.76668930e+00 5.59958458e+00 8.41124344e+00 5.70810509e+00
    1.28406480e-01 1.08043852e+01 7.70973158e+00 5.73891926e+00
    2.99181461e+00 2.41550541e+00 8.14564228e-01 3.00046611e+00
    1.20155048e+01 9.73758411e+00 6.64248753e+00 1.63393009e+00
    4.54491758e+00 6.63860381e-01 6.63596344e+00 6.72831964e+00
    1.13455334e+01 8.15390682e+00 6.42700434e+00 8.93119431e+00
    1.30513325e+01 4.43437099e+00 1.44431174e-01 1.36592042e+00
    1.17187953e+00 4.42156982e+00 1.29440718e+01 3.08425927e+00
    4.01295519e+00 4.82723188e+00 2.16153193e+00 8.11098576e+00
    7.61912823e+00 2.79843068e+00 5.06519079e+00 4.94946098e+00
    8.25664425e+00 1.24720562e+00 9.62688923e+00 1.00593624e+01
    1.15286341e+01 3.63837552e+00 6.97819996e+00 1.19551334e+01
    1.02931337e+01 1.99594164e+00 4.31238890e+00 1.29897385e+01
    7.54453564e+00 5.17233849e+00 7.22210264e+00 5.44260931e+00
    6.24329948e+00 1.17041893e+01 1.32118940e+00 1.30041237e+01
    9.28154373e+00 5.60427237e+00 7.84752727e-01 7.57882023e+00
    8.41041374e+00 1.32902741e+00 3.46871924e+00 8.54813766e+00
    1.21093130e+01 1.24561262e+01 8.50846863e+00 9.98804629e-01
    1.11551142e+01 2.81484103e+00 4.09335041e+00 5.87600422e+00
    9.78973293e+00 1.00056190e+01 6.14113986e-01 9.86345649e-01
    4.49416494e+00 7.64018965e+00 9.37712288e+00 1.84481919e+00
    6.67387199e+00 6.84078217e-01 4.92396116e+00 1.03001928e+01
    7.47956896e+00 5.17742920e+00 5.12290716e+00 5.06185007e+00
    1.10764112e+01 1.26297417e+01 3.03381467e+00 4.95910597e+00
    3.87588239e+00 2.53222585e+00 9.30808258e+00 9.23957634e+00
    5.38871098e+00 2.43399048e+00 8.93605804e+00 3.08632231e+00
    1.28508434e+01 8.00979042e+00 6.21272850e+00 8.27584326e-01
    1.29423618e+01 6.84114599e+00 3.39595056e+00 4.82480288e+00
    1.00513048e+01 8.07533264e+00 4.20803165e+00 5.20357943e+00
    1.25207958e+01 2.84774590e+00 3.55681300e-01 1.08905449e+01
    5.46943283e+00 1.06932640e+01 1.25294075e+01 7.34099507e-01
    1.09547606e+01 2.00476885e+00 5.07412136e-01 8.49662876e+00
    7.20855093e+00 8.94283772e+00 7.90857792e+00 5.92303324e+00
    5.95529509e+00 6.95196486e+00 1.25557365e+01 1.30688314e+01
    4.72823024e-01 1.19362068e+01 6.84022522e+00 7.33943272e+00
    1.30738363e+01 4.58407688e+00 6.97541475e+00 1.23149729e+01
    1.14451571e+01 5.90873814e+00 6.13212824e+00 2.66274762e+00
    1.01199408e+01 2.69046593e+00 5.05402994e+00 1.11452417e+01
    9.16918564e+00 1.08889799e+01 8.88537884e+00 3.01316738e+00
    7.40663707e-01 1.03508635e+01 1.07569313e+01 6.47102118e+00
    8.20915508e+00 5.02527571e+00 8.74521446e+00 6.17531490e+00
    2.56189251e+00 9.42561340e+00 2.26424599e+00 8.75621128e+00
    7.57453346e+00 1.19962156e+00 1.93410814e+00 1.17575407e+01
    9.66626167e+00 1.05722551e+01 1.29040089e+01 7.37075615e+00
    3.24286747e+00 1.58120573e+00 1.22164307e+01 7.21157551e+00
    2.63512158e+00 5.11150932e+00 6.09635639e+00 5.93883944e+00
    1.18598509e+01 8.92335320e+00 8.62602711e+00 1.10878143e+01
    4.61370945e+00 8.27044010e+00 2.04102516e+00 8.57380486e+00
    6.25897408e+00 1.21864977e+01 4.64068556e+00 1.27600670e+01
    8.17538929e+00 1.24523783e+01 8.68640065e-01 2.24727035e+00
    1.12154961e+01 1.03923340e+01 2.65865016e+00 1.02359056e+01
    1.04652243e+01 1.19838076e+01 1.22522526e+01 9.17526817e+00
    5.79509783e+00 6.60674381e+00 5.93586731e+00 6.73456812e+00
    3.69421744e+00 2.12399453e-01 4.08280945e+00 9.52219296e+00
    3.69559908e+00 9.99981499e+00 7.79178858e+00 1.16368222e+00
    1.19147806e+01 1.54975104e+00 3.81521988e+00 1.25954781e+01
    9.91155815e+00 1.06901760e+01 8.26477528e+00 9.23389149e+00
    6.78220606e+00 1.99888813e+00 9.15104103e+00 2.37169409e+00
    1.20627031e+01 1.01287496e+00 1.53595591e+00 4.47011709e+00
    1.12414551e+01 2.11938596e+00 8.44914818e+00 1.18608370e+01
    4.80807209e+00 4.43285036e+00 8.65465260e+00 5.70248461e+00
    2.76237178e+00 1.39666164e+00 1.71951711e+00 2.37182069e+00
    9.06973171e+00 1.23973665e+01 1.63388169e+00 4.72430611e+00
    4.37254095e+00 1.26540394e+01 5.96828127e+00 7.23032713e+00
    3.68437481e+00 1.70408380e+00 1.18359966e+01 8.69942951e+00
    6.92714751e-01 1.00715590e+01 6.83858204e+00 5.94746065e+00
    6.56129932e+00 1.17080498e+01 9.79335785e-01 1.86853540e+00
    8.15089035e+00 3.21564168e-01 7.71597290e+00 3.39212227e+00
    9.63286114e+00 1.07329092e+01 4.01995945e+00 6.31818676e+00
    5.70504761e+00 4.73334217e+00 8.87806129e+00 3.42590189e+00
    2.78145933e+00 1.01766520e+01 1.20329685e+01 4.07203722e+00
    2.67753553e+00 1.25437851e+01 4.20753860e+00 1.56976104e+00
    8.20255566e+00 2.36341667e+00 8.22237873e+00 8.36355972e+00
    7.21334267e+00 1.35005283e+00 9.62653637e+00 2.57657361e+00
    3.94983459e+00 6.66133451e+00 9.38939762e+00 4.10396910e+00
    6.49655342e+00 5.47407722e+00 7.59117985e+00 3.80640316e+00
    2.76251435e+00 7.59995222e+00 1.02053862e+01 4.84140778e+00
    8.23984146e+00 9.82969379e+00 1.42518842e+00 1.19937563e+01
    1.03196268e+01 1.13546638e+01 5.13168526e+00 5.16710281e+00
    6.68869066e+00 5.13589048e+00 8.86575603e+00 2.57549143e+00
    5.10453939e+00 1.08594942e+01 4.72373390e+00 8.30249023e+00
    2.37642074e+00 5.25696397e-01 3.58605170e+00 3.15315390e+00
    7.46937084e+00 8.10652542e+00 6.06104374e+00 9.61192310e-01
    2.10328126e+00 1.20719790e+00 9.17503071e+00 1.25032349e+01
    7.53305769e+00 3.72648048e+00 9.57042313e+00 1.04812264e+00
    4.19068861e+00 5.02278662e+00 2.19233060e+00 6.13928366e+00
    1.30049009e+01 5.94031572e+00 6.48920655e-01 6.58397055e+00
    9.04030418e+00 5.69197512e+00 2.49573445e+00 1.17750187e+01
    3.74321651e+00 7.37593651e+00 1.04309702e+01 8.51328278e+00
    2.74456173e-01 3.66687089e-01 5.72016859e+00 3.02927208e+00
    1.99000299e+00 1.24626570e+01 1.08550282e+01 5.56188345e+00
    1.25829878e+01 8.87689114e+00 1.04962721e+01 1.23976755e+01
    3.28700781e+00 9.15115738e+00 6.54744864e-01 3.59730601e+00
    8.78558731e+00 8.41084290e+00 9.24092674e+00 1.00300808e+01
    1.07897654e+01 1.17118673e+01 5.98637676e+00 8.48911476e+00
    1.84438860e+00 9.24344635e+00 9.75043869e+00 6.28112793e+00
    4.57954597e+00 6.40965414e+00 3.08625889e+00 6.48031616e+00
    2.45891428e+00 7.17741585e+00 1.11083500e-01 7.49825573e+00
    1.27070665e+01 1.12415924e+01 1.55151713e+00 1.11091270e+01
    3.48037767e+00 1.13996339e+00 8.99098492e+00 7.81849623e+00
    1.36620057e+00 8.37406254e+00 3.81637573e+00 5.83253241e+00
    4.19693232e+00 1.02136154e+01 5.04004574e+00 9.59205723e+00
    6.92846107e+00 3.04490447e+00 5.32031775e+00 6.77584982e+00
    1.71703386e+00 1.30382481e+01 3.71890235e+00 4.97037125e+00
    7.01975822e+00 6.90955973e+00 2.96226352e-01 4.63004351e+00
    4.24333239e+00 9.93716431e+00 2.00481701e+00 5.70568323e+00
    1.02626076e+01 4.13429689e+00 1.30514212e+01 9.65880203e+00
    4.23139668e+00 2.91714668e+00 1.28772342e+00 1.03679962e+01
    1.55238438e+00 9.52541542e+00 2.33692646e+00 8.21451950e+00
    5.39318609e+00 6.03232765e+00 8.16569805e+00 2.68159819e+00
    1.08117208e+01 8.35173512e+00 3.56557059e+00 2.33012533e+00
    1.20135450e+01 1.66685176e+00 1.01573629e+01 3.81539941e+00
    4.40794039e+00 9.71816599e-01 1.21904917e+01 1.24675786e+00
    5.85825348e+00 3.15608764e+00 2.99726534e+00 1.28787766e+01
    5.25917578e+00 1.14105644e+01 2.45372033e+00 9.44833755e+00
    4.78002930e+00 7.01154351e-01 9.35673618e+00 7.10757160e+00
    3.72572207e+00 1.06232977e+01 1.14209814e+01 1.27067671e+01
    7.68898392e+00 6.53521967e+00 6.04506731e-01 4.82442379e+00
    1.28806400e+01 1.10445995e+01 2.05677841e-02 2.76222050e-01
    1.15876579e+01 1.17968044e+01 1.25560608e+01 1.03379145e+01
    8.87257957e+00 1.84080935e+00 6.62851381e+00 2.74189234e+00
    1.03313389e+01 1.32361197e+00 7.33717775e+00 1.07157621e+01
    1.27812600e+00 4.59953737e+00 7.32979345e+00 1.16800451e+01
    5.97853470e+00 6.10180902e+00 6.01728201e+00 5.46576977e+00
    1.15786257e+01 5.27165890e+00 4.20090485e+00 2.44316411e+00
    6.91090298e+00 6.35836077e+00 5.92959833e+00 9.24440765e+00
    3.81489134e+00 6.13338661e+00 5.26294470e+00 6.84080791e+00
    9.49752998e+00 6.28498650e+00 5.43526649e+00 8.31661320e+00
    2.58444405e+00 1.22472200e+01 8.37189579e+00 1.23425808e+01
    1.90492666e+00 1.02172718e+01 5.44404936e+00 9.81720543e+00
    2.69326568e+00 5.73114157e+00 9.41207409e+00 1.82001388e+00
    2.35704470e+00 6.50827456e+00 6.17637062e+00 9.69303513e+00
    3.74313617e+00 1.57953024e+00 4.26325893e+00 8.55077356e-02
    5.11502028e+00 1.07301724e+00 1.15589466e+01 2.90542221e+00
    3.31345940e+00 3.28746319e-01 4.68553495e+00 3.43055701e+00
    6.39281893e+00 5.59863663e+00 8.56393909e+00 1.03123703e+01
    9.73835945e+00 8.55149937e+00 9.84584999e+00 6.20518684e+00
    5.38773060e+00 1.84493756e+00 9.54237843e+00 1.13779907e+01
    9.81138420e+00 6.07417154e+00 5.51777315e+00 1.46294272e+00
    8.27248287e+00 1.11424570e+01 1.32462013e+00 6.10477257e+00
    6.12521505e+00 6.27968025e+00 6.48483086e+00 9.79445934e+00
    6.80527496e+00 5.00378084e+00 3.60171103e+00 6.50080252e+00
    4.64841700e+00 5.96899319e+00 1.14444075e+01 6.34862709e+00
    9.67919636e+00 1.04925144e+00 1.19630928e+01 9.46465302e+00
    2.10837436e+00 3.72507477e+00 9.79972076e+00 1.15765257e+01
    7.72143602e+00 6.72808504e+00 2.70129532e-01 4.86488152e+00
    2.32997799e+00 3.35776234e+00 8.26672077e+00 9.82719898e+00
    1.11442280e+01 9.80556870e+00 9.89037991e+00 6.34292936e+00
    4.33329153e+00 1.97313619e+00 1.45349288e+00 5.16114187e+00
    1.27656355e+01 1.21198196e+01 9.42984295e+00 8.39722347e+00
    2.71926022e+00 3.46486163e+00 4.89360714e+00 1.05382376e+01
    4.68278503e+00 9.45687103e+00 5.15624380e+00 1.19636135e+01
    9.11123180e+00 3.57325387e+00 3.11598349e+00 2.84589529e-01
    9.44517040e+00 3.31694865e+00 9.31254959e+00 5.31526089e+00
    1.59602427e+00 5.50533581e+00 1.05768406e+00 1.30138135e+00
    1.65675771e+00 6.67228556e+00 1.03028417e+00 4.56645489e+00
    8.66757488e+00 1.14441605e+01 2.26569325e-01 4.78903770e+00
    9.77100945e+00 1.25687151e+01 1.01620626e+00 7.64447737e+00
    2.95512462e+00 1.21739349e+01 8.60271549e+00 5.67089748e+00
    1.12377310e+01 7.37413704e-01 4.32346344e+00 1.63321579e+00
    4.91217375e-01 9.88344574e+00 1.03222167e+00 1.19196348e+01
    7.76010942e+00 7.98367119e+00 9.69771004e+00 9.69011402e+00
    1.17379818e+01 2.46326947e+00 5.39316559e+00 6.26304293e+00
    9.89530182e+00 4.86732769e+00 3.65690589e+00 6.70813179e+00
    4.86915159e+00 8.46499825e+00 1.18992987e+01 7.28671455e+00
    1.07331581e+01 5.03676295e-01 5.54472589e+00 8.59755707e+00
    1.67648315e+00 1.20073748e+01 1.51439929e+00 7.22488689e+00
    8.64468861e+00 7.10716677e+00 6.78293848e+00 4.52088785e+00
    6.40824747e+00 1.00926362e-01 1.25696259e+01 2.11983538e+00
    9.52580643e+00 6.49145079e+00 5.31744003e+00 6.75607443e-01
    9.66343045e-01 6.69693804e+00 6.07285023e+00 4.23235369e+00
    1.23206501e+01 2.65908432e+00 7.38712168e+00 7.64174843e+00
    7.50812864e+00 1.01194830e+01 6.94495678e+00 8.91806698e+00
    2.76821136e+00 1.04689369e+01 1.17442427e+01 7.33306551e+00
    1.16719401e+00 6.64616442e+00 8.38854885e+00 6.98056841e+00
    6.32643270e+00 1.02938643e+01 1.24045887e+01 7.07099390e+00
    6.56447554e+00 1.38150167e+00 1.14221725e+01 1.07984524e+01
    2.05355668e+00 4.96453714e+00 1.10187321e+01 5.43390036e+00
    2.83572030e+00 9.37858391e+00 9.10528946e+00 1.26596034e+00
    8.49790037e-01 3.44947338e+00 1.57801044e+00 7.13094234e+00
    9.95151997e+00 1.08885508e+01 1.33467674e+00 4.07839835e-01
    1.19359188e+01 1.16091127e+01 1.07903090e+01 3.01756644e+00
    6.26117325e+00 7.22629738e+00 8.67865658e+00 5.24798059e+00
    1.21033182e+01 2.61184168e+00 1.73113942e+00 2.14615726e+00
    1.11000948e+01 8.06827068e+00 1.04502144e+01 1.22925339e+01
    3.54784894e+00 1.33354878e+00 5.10174131e+00 1.16070585e+01
    3.50466013e+00 5.29195595e+00 6.64092827e+00 7.71435118e+00
    3.75400484e-01 1.00963335e+01 5.39839745e+00 4.41954613e+00
    6.08008575e+00 1.19615078e+01 1.23773623e+01 2.91230679e+00
    1.12582750e+01 2.74326515e+00 3.66446447e+00 1.12539110e+01
    5.50106525e+00 9.14795399e+00 6.28395653e+00 4.63358968e-01
    1.07736139e+01 9.98249340e+00 1.66367066e+00 1.08274031e+01
    1.21504555e+01 1.18731298e+01 3.26282811e+00 4.02399683e+00
    1.04246974e+00 7.48446465e+00 1.28141975e+01 7.98271656e-01
    1.06522064e+01 7.58533716e-01 7.78821802e+00 2.40925050e+00
    1.10425549e+01 2.87085032e+00 1.12840214e+01 3.67845821e+00
    1.08807096e+01 5.27615976e+00 6.92699242e+00 9.63077259e+00
    7.86481094e+00 1.09292126e+01 7.76770353e+00 7.26403284e+00
    2.64547437e-01 4.38407373e+00 2.28262353e+00 1.05906801e+01
    8.29646111e+00 8.39239216e+00 8.81094360e+00 1.21568346e+01
    1.07311182e+01 4.71041870e+00 1.12377777e+01 1.30543213e+01
    8.61653614e+00 2.27319360e+00 4.82775164e+00 7.96584320e+00
    6.45726144e-01 4.49487829e+00 3.75917530e+00 1.06233683e+01
    5.27732229e+00 1.17677231e+01 4.17652988e+00 1.33116949e+00
    1.30298653e+01 4.06013298e+00 2.40889740e+00 1.00141945e+01
    4.85284472e+00 1.03406744e+01 5.72806978e+00 6.34382868e+00
    3.85479641e+00 4.87421080e-03 8.83413601e+00 2.91522932e+00
    2.08830023e+00 1.05036373e+01 9.10567951e+00 1.09381437e+01
    8.46160316e+00 1.05538464e+01 1.26329765e+01 1.28238773e+01
    1.26165609e+01 3.28425002e+00 7.23789549e+00 7.06332016e+00
    9.51197815e+00 9.93695915e-01 8.68092155e+00 1.28681316e+01
    8.81899548e+00 5.96360493e+00 7.50794315e+00 3.05036235e+00
    7.58202505e+00 1.10968189e+01 9.81548977e+00 4.54537392e+00
    8.22302914e+00 9.89642334e+00 6.77735996e+00 3.71332455e+00
    1.40094268e+00 7.14225483e+00 4.39957333e+00 9.10311508e+00
    8.41958523e+00 1.28638296e+01 7.87387848e+00 9.49285221e+00
    1.16883259e+01 8.97724628e+00 1.00557899e+01 5.72340536e+00
    9.04399014e+00 3.29033947e+00 1.15605612e+01 1.03483534e+01
    1.67268360e+00 1.17986069e+01 1.86292458e+00 5.64914417e+00
    1.95435941e+00 1.28283091e+01 5.81103611e+00 1.14069307e+00
    2.11692929e+00 8.39301777e+00 9.51788330e+00 8.75250936e-01
    2.56997156e+00 8.49326324e+00 1.17853899e+01 6.19628429e+00
    9.51102448e+00 9.49907398e+00 9.91437149e+00 4.71251774e+00
    1.61520556e-01 1.10486746e+01 4.84683657e+00 4.25135231e+00
    4.10784864e+00 5.19921017e+00 9.49561977e+00 5.22613764e+00
    3.95500517e+00 6.59530163e+00 1.29206152e+01 1.63239896e+00
    1.04026365e+01 1.14594164e+01 6.50356817e+00 1.62781811e+00
    9.69823074e+00 1.05956163e+01 1.19599962e+01 8.54436016e+00
    1.15014153e+01 8.10120583e+00 7.99416018e+00 4.87095833e+00
    6.51812840e+00 9.65727329e+00 8.91899967e+00 1.94170725e+00
    1.11676474e+01 1.70998967e+00 2.65636325e-01 5.61705017e+00
    1.16380520e+01 1.22557325e+01 8.14590394e-01 3.30513263e+00
    1.17402706e+01 1.10482550e+01 2.12640852e-01 8.01504135e+00
    3.80893087e+00 1.15370531e+01 3.80177689e+00 7.03809118e+00
    5.84542227e+00 1.17916784e+01 4.78307635e-01 7.58899879e+00
    4.14874172e+00 1.55591786e-01 9.10722733e+00 2.08332586e+00
    1.00389853e+01 5.61299706e+00 5.58645487e+00 3.76393223e+00
    8.76701713e-01 4.15156698e+00 5.08482635e-01 2.52048039e+00
    3.53907323e+00 3.82235169e-01 1.12416897e+01 9.66853428e+00
    3.29215050e+00 1.10465598e+00 2.92238784e+00 1.20063391e+01
    5.81740475e+00 7.54732037e+00 7.99558997e-01 7.61057329e+00
    6.72831678e+00 8.38321495e+00 2.74969387e+00 1.00223875e+01
    9.62098598e+00 1.17070971e+01 1.43585932e+00 1.26213274e+01
    3.27987266e+00 7.05083799e+00 7.67730713e+00 7.23751926e+00
    1.11298835e+00 2.91323900e+00 9.99075317e+00 1.13888550e+01
    8.37861633e+00 1.35959888e+00 2.96885085e+00 1.18858690e+01
    4.55609274e+00 3.58189583e+00 5.60303688e+00 6.38480520e+00
    1.50939929e+00 5.41224003e+00 6.49748516e+00 1.15993280e+01
    4.68163729e+00 3.14860654e+00 9.87082767e+00 4.80569506e+00
    1.27266827e+01 3.79254889e+00 9.87630844e+00 6.39216375e+00
    1.00225487e+01 9.90348148e+00 1.15173988e+01 8.44609642e+00
    7.61369896e+00 1.24840698e+01 1.42325246e+00 1.74127090e+00
    3.68248940e+00 5.03468275e+00 3.09820795e+00 2.82927346e+00
    3.58896351e+00 1.25965967e+01 4.21773052e+00 3.60045862e+00
    7.34834254e-01 2.71363807e+00 1.05787575e+00 1.05221615e+01
    7.44850492e+00 3.48647213e+00 9.36331081e+00 7.90171432e+00
    1.25159054e+01 1.14965410e+01 6.56213236e+00 5.06785774e+00
    2.48049927e+00 8.25327301e+00 1.23889713e+01 1.13426895e+01
    5.42963743e+00 6.53673553e+00 5.26744556e+00 5.90558720e+00
    1.88873565e+00 6.43323135e+00 4.67312336e-01 4.35662031e+00
    9.04302597e+00 7.80299091e+00 8.32313442e+00 9.93451774e-01
    1.28864222e+01 7.29123402e+00 5.24393225e+00 8.08886945e-01
    5.58116770e+00 7.84206200e+00 1.34297943e+00 2.53278351e+00
    4.23415995e+00 1.16905680e+01 1.13648767e+01 1.26623163e+01
    3.28840637e+00 8.46679020e+00 6.28407240e+00 4.23512268e+00
    8.97157383e+00 4.60265875e-01 1.48302197e+00 1.25149183e+01
    7.78199911e-01 8.60752869e+00 5.54004073e-01 1.53585148e+00
    1.07964516e+01 4.64078873e-01 9.88809776e+00 1.22611685e+01
    5.52675343e+00 1.04468323e-01 5.12746859e+00 9.23770332e+00
    8.51056194e+00 8.76888180e+00 1.12742634e+01 1.22105780e+01
    8.78952122e+00 1.20377254e+01 6.02233037e-02 1.30696850e+01
    1.04950404e+00 5.90618229e+00 1.25583296e+01 9.08468056e+00
    6.05669212e+00 1.24740562e+01 2.95923972e+00 1.42489064e+00
    8.80564976e+00 2.35938621e+00 2.29908729e+00 1.00472660e+01
    4.19708872e+00 1.04624920e+01 4.54959440e+00 1.20510168e-01
    1.02886569e+00 9.75227928e+00 1.30030556e+01 1.66510952e+00
    2.81126499e+00 5.27854872e+00 1.24192686e+01 1.23980961e+01
    6.78270912e+00 7.95735002e-01 8.48739028e-01 1.23593054e+01
    3.28788280e+00 5.12239361e+00 8.99611092e+00 1.11964006e+01
    4.04368496e+00 1.35816526e+00 1.25600681e+01 5.33125067e+00
    1.29274035e+01 1.22018204e+01 1.05308905e+01 1.97744262e+00
    8.22200203e+00 1.50280809e+00 8.08988571e+00 6.11477041e+00
    6.12894917e+00 1.20087652e+01 7.10874844e+00 4.65927219e+00
    1.93172812e+00 1.77669227e-01 2.59599119e-01 3.61884880e+00
    5.13482285e+00 9.91975212e+00 8.08839989e+00 1.09509430e+01
    8.34334755e+00 1.18523188e+01 1.84881493e-01 4.63370419e+00
    1.05994625e+01 1.28181696e+01 3.24185801e+00 1.19218197e+01
    7.85081863e-01 7.02187443e+00 3.57207823e+00 1.19562740e+01
    1.21130056e+01 1.30020466e+01 8.29858875e+00 1.24917803e+01
    7.56180763e+00 1.05900164e+01 4.64177102e-01 3.17607760e+00
    3.05449343e+00 6.37011766e+00 1.20566454e+01 1.24893999e+00
    6.62576962e+00 3.54752517e+00 6.90392399e+00 9.86981487e+00
    4.98242569e+00 1.15034895e+01 8.47825527e+00 7.54374361e+00
    3.00673056e+00 5.90352726e+00 8.20237923e+00 3.24811554e+00
    1.24346113e+01 6.72293854e+00 4.05157661e+00 8.32444072e-01
    6.97414970e+00 2.99222648e-01 3.41808414e+00 4.55929995e+00
    1.24223204e+01 6.76207495e+00 1.00337429e+01 7.27693701e+00
    1.04726086e+01 1.29382486e+01 1.27842152e+00 2.29559302e+00
    6.25508261e+00 6.96503115e+00 9.42877114e-01 1.22726345e+01
    6.98209763e+00 5.27060986e+00 5.34752560e+00 8.33776760e+00
    6.35046530e+00 2.61529040e+00 1.03490238e+01 7.61068726e+00
    5.60097408e+00 1.18421307e+01 1.06281700e+01 9.77463722e+00
    4.08311033e+00 1.79136813e+00 1.24025278e+01 6.52182150e+00
    2.09165359e+00 5.24130058e+00 6.89943409e+00 1.07510555e+00
    4.07762289e+00 9.22686100e+00 4.19325876e+00 6.30996466e+00
    4.63256979e+00 2.80850148e+00 5.46257257e+00 6.59918976e+00
    9.22968197e+00 1.27094817e+00 1.05833197e+01 9.12068081e+00
    3.04522943e+00 3.94502258e+00 7.17004824e+00 6.97074270e+00
    6.40890026e+00 4.62087011e+00 1.99079239e+00 7.68536806e+00
    2.00658917e-01 8.59931374e+00 3.95457196e+00 1.29824018e+01
    9.66367149e+00 1.22357111e+01 1.16261327e+00 6.19270039e+00
    7.74470139e+00 1.19219141e+01 2.17437267e+00 1.69665217e+00
    9.22100544e+00 2.14887309e+00 1.08913202e+01 7.65103626e+00
    7.64966345e+00 3.47517776e+00 2.11500913e-01 1.18311691e+01
    1.21057491e+01 8.15064144e+00 4.97155857e+00 7.46141624e+00
    8.56110826e-02 2.93403316e+00 1.08752794e+01 3.28512692e+00
    1.03897123e+01 2.89855695e+00 1.09989452e+01 2.01332808e+00
    5.33511591e+00 1.15808935e+01 6.82121992e+00 6.28261900e+00
    6.46050215e+00 1.27379065e+01 1.01942587e+01 9.85867023e+00
    6.68737698e+00 1.30588782e+00 1.01719675e+01 6.76629972e+00
    4.65787029e+00 9.74673748e+00 2.75212955e+00 1.24867420e+01
    4.80982971e+00 1.02884483e+01 8.13173962e+00 3.82051945e+00
    4.13072538e+00 2.11284161e+00 4.54092598e+00 7.46945286e+00
    1.10355473e+01 2.75070262e+00 2.30585551e+00 9.06913471e+00
    1.24140100e+01 7.97943926e+00 5.97923851e+00 1.09387321e+01
    5.31156492e+00 5.90002871e+00 1.12543221e+01 1.03344364e+01
    8.81710720e+00 2.44818044e+00 2.07396078e+00 1.23850088e+01
    9.12680054e+00 9.68814373e+00 1.01365118e+01 1.59661040e-01
    1.80180097e+00 6.49830341e+00 4.98216105e+00 9.39691734e+00
    1.29632959e+01 6.24723291e+00 1.60787451e+00 8.94814873e+00
    8.00072765e+00 3.12997699e+00 5.02852774e+00 4.11001968e+00
    8.72401905e+00 1.28687506e+01 1.02453661e+01 5.24616385e+00
    2.87388134e+00 3.01826334e+00 8.85126531e-01 4.56763655e-01
    1.12365160e+01 9.71878529e+00 3.01091313e+00 6.67031527e+00
    4.72233629e+00 3.73584247e+00 4.44618416e+00 6.31172037e+00
    1.99599564e+00 1.11541939e+01 8.73596096e+00 1.04470329e+01
    1.28580246e+01 2.83318996e+00 1.00297565e+01 9.08253765e+00
    1.57642317e+00 1.50732648e+00 5.75901175e+00 1.04653893e+01
    4.89969492e+00 9.54501724e+00 8.73207188e+00 1.07118320e+01
    1.77034628e+00 7.42364311e+00 3.55289078e+00 2.35757321e-01
    1.17619915e+01 5.51983452e+00 6.20105445e-01 3.46701121e+00
    1.04696302e+01 4.67962503e-01 9.29039288e+00 1.68474865e+00
    1.29222326e+01 1.19888058e+01 7.12846041e+00 1.12832928e+01
    7.17392731e+00 7.23247766e+00 1.87898529e+00 4.89993620e+00
    9.02816772e+00 8.80815029e+00 9.35202503e+00 1.08687048e+01
    7.28365898e+00 9.85873032e+00 1.25789642e+01 8.00099659e+00
    1.41724265e+00 5.22055149e+00 3.52443337e+00 8.97817039e+00
    6.76277828e+00 1.19141016e+01 2.61522341e+00 3.16942906e+00
    1.29873657e+01 7.25947714e+00 3.87973809e+00 3.20652699e+00
    5.63519478e+00 2.24918723e+00 9.14459229e+00 1.22925863e+01
    3.94733548e+00 9.03893089e+00 1.11475401e+01 1.01983061e+01
    6.35066652e+00 6.16902256e+00 8.12241745e+00 4.61874056e+00
    8.83227158e+00 1.63904428e+00 1.29828253e+01 9.32012272e+00
    7.19335651e+00 3.95949513e-01 5.62934399e+00 2.12795043e+00
    1.89695966e+00 4.18530798e+00 4.87869072e+00 7.55253935e+00
    6.53934431e+00 9.23350525e+00 1.22451906e+01 6.80016279e+00
    9.65880585e+00 1.00812531e+01 4.35327959e+00 5.59464979e+00
    7.40253258e+00 1.00121155e+01 3.76337194e+00 4.40602255e+00
    9.30040240e-01 2.77551150e+00 1.30668745e+01 8.58357048e+00
    2.83516169e+00 1.27078304e+01 1.02315247e+00 1.65354967e+00
    7.57115698e+00 3.79202414e+00 9.23344326e+00 7.80792046e+00
    8.37508774e+00 5.68049240e+00 1.18620138e+01 1.15898619e+01
    1.18243599e+01 1.48721886e+00 8.04820156e+00 8.84689140e+00
    1.06342545e+01 1.11460209e+01 1.08016968e+00 6.46979153e-01
    9.58453941e+00 5.90797186e+00 3.94902110e+00 9.73846626e+00
    6.20139790e+00 5.56219530e+00 1.29788799e+01 1.23634987e+01
    6.67397642e+00 1.34764373e+00 7.91705847e+00 5.27055073e+00
    8.64489841e+00 9.67708874e+00 1.64270222e+00 4.21368361e+00
    5.67003918e+00 1.20887833e+01 6.18156815e+00 1.03910027e+01
    3.48456949e-01 2.13964653e+00 1.16763077e+01 1.14389744e+01
    4.62344149e-03 4.68747377e+00 5.06518364e+00 1.20963688e+01
    2.34518838e+00 1.02571936e+01 9.87158585e+00 1.11309814e+01
    4.98109531e+00 2.95741391e+00 1.27326536e+01 1.19985354e+00
    1.24263077e+01 5.63678646e+00 1.23132420e+01 2.06261158e+00
    3.11229134e+00 2.28388190e+00 1.12839546e+01 9.55628300e+00
    1.96482468e+00 1.89389849e+00 1.27860117e+01 4.01468372e+00
    6.20598841e+00 5.55720806e+00 1.12961626e+01 8.34676552e+00
    4.67012835e+00 1.34063792e+00 9.69130707e+00 8.17576790e+00
    3.17394543e+00 6.44050455e+00 9.68057156e+00 5.56819010e+00
    8.81782532e+00 2.76349235e+00 8.22388268e+00 3.54802918e+00
    1.26177406e+01 7.27225125e-01 6.77082253e+00 5.58010292e+00
    5.24406815e+00 9.37125969e+00 1.49927223e+00 8.42527866e+00
    9.75471306e+00 4.18988037e+00 2.62705302e+00 9.09905815e+00
    3.59949827e+00 3.67778945e+00 9.14075089e+00 3.82909966e+00
    2.96729183e+00 6.83910322e+00 5.37833834e+00 1.16862011e+01
    2.36077857e+00 1.27066946e+01 7.80082130e+00 4.88536453e+00
    8.51428890e+00 4.16040087e+00 1.08081036e+01 4.54453707e+00
    3.03306937e+00 3.40052581e+00 1.49987376e+00 3.74058723e+00
    1.66489899e+00 9.35187817e-01 1.42503333e+00 8.12175083e+00
    1.09956064e+01 7.16313362e+00 1.56098080e+00 1.60946473e-01
    2.89763308e+00 1.15588751e+01 5.32908630e+00 5.46418142e+00
    3.71812630e+00 3.53228211e+00 2.54622531e+00 5.62558937e+00
    3.43029547e+00 7.56678486e+00 1.21357946e+01 1.06988668e+00
    8.78475380e+00 6.08384418e+00 4.53212500e+00 1.17421026e+01
    1.18699560e+01 9.43704510e+00 9.55564117e+00 1.01830578e+01
    4.78711843e+00 3.26857448e+00 8.86658001e+00 8.16758442e+00
    8.31260586e+00 5.45642710e+00 7.96511459e+00 8.46049786e+00
    5.96810150e+00 5.78452873e+00 2.11147547e+00 1.27436247e+01
    9.88706779e+00 8.79931927e+00 3.65208125e+00 2.32350659e+00
    3.94071865e+00 2.42466855e+00 3.49289036e+00 9.94589138e+00
    4.26904917e+00 6.85796201e-01 1.11516705e+01 1.37175536e+00
    4.29416466e+00 5.03116179e+00 1.09513350e+01 9.87297654e-01
    7.92046356e+00 2.66107345e+00 5.12332678e+00 9.37814617e+00
    1.86640751e+00 1.10026922e+01 9.35695171e+00 2.59861422e+00
    8.85096836e+00 1.11399460e+01 1.23171878e+00 3.52697945e+00
    5.19198942e+00 3.44973373e+00 1.46733642e+00 3.91165566e+00
    1.09921894e+01 3.41188884e+00 9.43995190e+00 6.02258301e+00
    6.58028078e+00 7.88702190e-01 1.11597891e+01 7.67673635e+00
    8.00938320e+00 1.17615576e+01 8.43493462e+00 6.46417952e+00
    6.88840199e+00 4.61895561e+00 6.91099739e+00 7.77265930e+00
    7.24376488e+00 9.12588024e+00 1.27658377e+01 1.37582392e-01
    8.22281170e+00 9.76475620e+00 1.03268719e+01 1.13038464e+01
    1.00725594e+01 6.36366129e-01 6.73349762e+00 1.17473850e+01
    1.43219437e-02 1.28428974e+01 5.27879286e+00 1.28958206e+01
    1.09829688e+00 7.97428513e+00 7.02675867e+00 1.69651926e+00
    1.06950769e+01 3.86712694e+00 4.88468790e+00 2.36500248e-01
    1.02159090e+01 3.36187863e+00 3.66924667e+00 9.96157074e+00
    7.81513393e-01 8.22977829e+00 1.37813115e+00 6.78488302e+00
    1.28785191e+01 7.70244026e+00 2.17306113e+00 2.57384443e+00
    4.17673254e+00 1.28966558e+00 1.26379118e+01 8.14233589e+00
    1.54987276e-01 6.85703039e+00 3.28019214e+00 1.93459344e+00
    1.22857237e+00 1.21611271e+01 3.87206769e+00 7.49630308e+00
    1.23891439e+01 1.04939976e+01 5.96862936e+00 9.64135170e+00
    1.04271803e+01 9.71243668e+00 1.60434568e+00 1.01011896e+00
    1.07818899e+01 1.18336487e+01 4.58032990e+00 7.27426338e+00
    7.49148548e-01 2.87602568e+00 6.59842777e+00 2.52407566e-02
    1.07190151e+01 9.33266544e+00 1.28013830e+01 2.18307376e+00
    1.01022177e+01 1.28275080e+01 5.14030504e+00 1.23345613e+01
    9.35268223e-01 6.08187437e+00 1.37681413e+00 1.27655659e+01
    5.53781366e+00 5.79937458e+00 1.15546494e+01 9.00561428e+00
    1.19811554e+01 1.14741039e+01 6.56043005e+00 3.75033545e+00
    1.04062862e+01 8.38615990e+00 9.63441312e-01 1.14223633e+01
    9.44754410e+00 9.95479107e+00 1.09829445e+01 7.93823719e+00
    1.18180847e+01 3.84698892e+00 5.22309780e+00 1.19329796e+01
    3.53901243e+00 3.82611728e+00 8.76033878e+00 7.36915731e+00
    8.55052853e+00 4.02401656e-01 3.08617949e+00 4.04562807e+00
    1.09033871e+01 1.01421432e+01 3.83815169e+00 1.11159353e+01
    1.26699991e+01 7.40308666e+00 6.33276081e+00 1.30479126e+01
    1.67490780e+00 6.28558826e+00 1.28772421e+01 6.88179195e-01
    4.53462362e+00 1.23417366e+00 3.11827034e-01 2.50385451e+00
    1.24278765e+01 4.40336084e+00 1.87794602e+00 5.01536036e+00
    7.22278547e+00 1.62082720e+00 3.16530848e+00 4.80894518e+00
    4.39003855e-01 1.31081319e+00 6.31715918e+00 1.01470852e+01
    6.58624792e+00 7.22240496e+00 2.10383940e+00 1.06753721e+01
    1.20218754e+01 9.81729412e+00 1.24645262e+01 9.12496281e+00
    1.10688105e+01 1.33733022e+00 1.63238370e+00 1.09366913e+01
    6.15468311e+00 1.01134424e+01 6.21595716e+00 9.46093845e+00
    1.00615511e+01 6.45752811e+00 1.33549631e+00 3.91316509e+00
    5.67531252e+00 1.88953638e+00 2.04816556e+00 5.53658485e+00
    3.20872617e+00 1.08137245e+01 1.18710642e+01 1.01054220e+01
    6.75517941e+00 1.69088900e+00 2.10098004e+00 3.03373957e+00
    4.11607456e+00 7.27237415e+00 1.11291018e+01 1.29438744e+01
    3.57309103e+00 6.09324396e-01 5.11745691e+00 1.10888157e+01
    9.58396375e-01 3.42045784e+00 1.17093878e+01 6.59594536e-01
    1.27919400e+00 5.18822145e+00 9.20582485e+00 1.29553480e+01
    1.11907101e+01 1.29866047e+01 3.88634300e+00 1.92826307e+00
    7.57558155e+00 3.18237484e-01 2.73483443e+00 3.40259719e+00
    7.12237310e+00 4.35392886e-01 1.04782104e+01 8.28592110e+00
    6.62354755e+00 1.19663639e+01 2.29175702e-01 6.20055437e+00
    8.98592091e+00 5.39909744e+00 9.86846161e+00 2.74397206e+00
    1.13919268e+01 1.24588661e+01 8.27056646e-01 5.67456341e+00
    5.30093145e+00 1.35092008e+00 9.80073452e+00 3.66822982e+00
    1.16388059e+00 2.59666109e+00 8.50693733e-02 3.86145520e+00
    2.07395005e+00 1.20627594e+01 4.00680685e+00 9.24772263e+00
    1.04241495e+01 8.29543495e+00 1.21384935e+01 7.90407658e+00
    7.16923714e+00 6.33232546e+00 3.16864896e+00 1.18891830e+01
    7.74556303e+00 8.20678806e+00 1.16066980e+01 3.52556753e+00
    5.52930021e+00 1.26110840e+00 1.14471474e+01 9.17749310e+00
    1.24872999e+01 1.19370422e+01 1.08767402e+00 1.24586163e+01
    8.50731468e+00 9.34369946e+00 2.80879736e+00 8.38961506e+00
    2.75141644e+00 9.87571335e+00 7.24634230e-02 6.24003947e-01
    1.55748677e+00 1.05114202e+01 2.99969578e+00 1.27296133e+01
    1.23391781e+01 4.99018908e+00 1.38975275e+00 6.94235706e+00
    1.29191561e+01 3.17065644e+00 1.23681011e+01 2.71666503e+00
    1.17308445e+01 6.20782185e+00 1.13953133e+01 1.17749529e+01
    1.03204832e+01 5.86926603e+00 2.05343175e+00 6.74951696e+00
    5.38745451e+00 9.89152372e-01 1.57078016e+00 1.27620673e+00
    6.57401943e+00 5.51029682e+00 1.23631210e+01 7.88164616e+00
    5.67174292e+00 1.07231951e+01 8.96680069e+00 1.15229273e+00
    5.35583878e+00 2.46767020e+00 4.57631445e+00 1.28614655e+01
    1.28113317e+01 1.30826712e+01 2.42769933e+00 6.90413475e+00
    8.41488171e+00 1.05996733e+01 4.85946417e+00 2.48226762e+00
    9.10069656e+00 1.12892761e+01 4.07816982e+00 5.67171717e+00
    1.22484255e+01 3.65721464e+00 1.01027136e+01 7.58756685e+00
    2.74174142e+00 6.43942022e+00 3.84595060e+00 9.80885625e-01
    9.20401382e+00 7.67828321e+00 4.09618044e+00 2.01336384e+00
    1.16684990e+01 1.20830288e+01 4.33192348e+00 1.15596590e+01
    7.84432602e+00 1.22901506e+01 1.25791769e+01 8.23555374e+00
    5.16629553e+00 1.09058142e+01 8.55399323e+00 2.42140150e+00
    1.58373237e+00 1.41433311e+00 8.65926456e+00 4.66925955e+00
    5.00568438e+00 1.04063749e+01 8.11833191e+00 6.55383301e+00
    1.28701258e+01 1.64076030e+00 1.29809523e+01 1.09671125e+01
    7.92323160e+00 9.75514603e+00 5.32492399e+00 1.15258121e+01
    7.95518970e+00 1.14484606e+01 8.62717450e-01 4.20849442e-01
    2.93276763e+00 1.02122593e+01 9.65823174e+00 6.91395187e+00
    1.06193161e+01 4.97886372e+00 1.17461348e+00 3.64646101e+00
    1.21038494e+01 5.49623299e+00 4.22719896e-01 2.27825379e+00
    6.05041313e+00 8.67274284e+00 2.86121678e+00 7.60276079e+00
    3.32252884e+00 4.25935745e-01 9.23795033e+00 9.62489891e+00
    2.44786000e+00 1.96128976e+00 6.98150873e+00 1.27827187e+01
    9.54769802e+00 1.20640249e+01 9.26731873e+00 1.28927822e+01
    5.38782072e+00 9.01854992e+00 5.65984249e+00 8.05227947e+00
    7.57863617e+00 2.60896254e+00 3.63018179e+00 1.13775015e+00
    1.14827900e+01 9.17266846e+00 2.96067190e+00 5.45273244e-01
    2.52951336e+00 7.61090517e-01 7.63913012e+00 1.26900511e+01
    4.57427931e+00 6.48255348e+00 4.04905987e+00 4.35435677e+00
    5.51055789e-01 1.07804661e+01 3.61751437e+00 4.05582476e+00
    1.48901415e+00 5.47423458e+00 1.39713037e+00 5.84213686e+00
    6.68775558e+00 5.46210146e+00 1.19007194e+00 6.17858124e+00
    2.33219004e+00 6.09094810e+00 7.45502806e+00 2.27527022e+00
    6.17856324e-01 7.86932373e+00 8.56107998e+00 1.18567705e+01
    1.19850330e+01 8.98723221e+00 5.60827589e+00 1.13585157e+01
    4.78485489e+00 7.95080614e+00 7.75343895e+00 6.44906521e+00
    5.14107561e+00 7.19531536e+00 1.24038000e+01 9.29424000e+00
    1.21574841e+01 3.87988615e+00 2.60004687e+00 3.96751857e+00
    4.65830421e+00 7.17432261e+00 1.02050858e+01 1.75764883e+00
    7.30885887e+00 1.25382459e+00 7.04474592e+00 4.88394356e+00
    8.05822372e+00 6.82778406e+00 8.78439546e-01 8.65072441e+00
    6.12450123e+00 8.61617184e+00 5.49201488e+00 6.73794603e+00
    9.80134869e+00 1.39234328e+00 6.38543367e+00 1.20133181e+01
    1.02142315e+01 1.22443762e+01 1.24261827e+01 1.02655220e+01
    1.27236385e+01 1.29997625e+01 5.06730700e+00 8.79109859e+00
    7.44963360e+00 3.13416481e+00 9.19789124e+00 1.21815338e+01
    8.69344902e+00 1.25776520e+01 1.71423686e+00 9.93398476e+00
    1.18860760e+01 1.02694149e+01 1.67316720e-01 1.26454487e+01
    1.26255455e+01 1.03708038e+01 1.03442335e+01 1.67927611e+00
    2.66389966e+00 6.76059246e+00 8.90331650e+00 1.23576345e+01
    1.06091900e+01 7.49281883e+00 1.15304298e+01 8.20391369e+00
    1.49857676e+00 9.10406971e+00 7.70016432e+00 8.34374809e+00
    4.93781853e+00 1.07132893e+01 1.63025975e+00 1.22853966e+01
    3.72440124e+00 9.85832596e+00 8.13722897e+00 5.10829353e+00
    3.17432165e+00 2.51032996e+00 1.09243364e+01 4.25231040e-01
    6.51155186e+00 2.82393217e+00 7.77238512e+00 1.04460812e+01
    3.39890146e+00 6.25735617e+00 1.01607752e+00 6.41358078e-01
    1.30829582e+01 3.16107035e+00 4.09400415e+00 1.19226093e+01
    1.02272806e+01 1.05945864e+01 9.38155842e+00 4.77481604e+00
    1.02572851e+01 9.15431213e+00 1.16167288e+01 1.19027033e+01
    3.09727669e+00 3.85761857e+00 1.22009068e+01 1.26836119e+01
    1.19331751e+01 7.57844734e+00 1.09193792e+01 9.40109921e+00
    8.38608456e+00 4.04654932e+00 1.08584280e+01 5.39463377e+00
    7.96584463e+00 4.39195395e+00 8.65626049e+00 1.04749203e+01
    4.60737467e+00 1.26282864e+01 2.66237831e+00 6.11559391e+00
    4.55351400e+00 1.09943457e+01 7.82860136e+00 7.30091810e+00
    6.12711477e+00 1.19769382e+01 9.49570274e+00 4.30225372e+00
    8.12676525e+00 7.08904314e+00 1.19996748e+01 4.33055782e+00
    8.93699455e+00 9.15251160e+00 1.75236440e+00 7.00003147e+00
    1.49635673e+00 8.45635128e+00 1.00232124e+01 7.39391804e+00
    1.27456875e+01 4.12703800e+00 6.30316496e+00 1.22701797e+01
    1.17289667e+01 6.87808895e+00 1.96937549e+00 3.82913017e+00
    5.40671825e+00 8.58718777e+00 2.51601744e+00 9.67110634e+00
    4.14317942e+00 3.29205298e+00 8.71266079e+00 3.44987631e+00
    1.80983412e+00 1.19885273e+01 1.26008482e+01 4.24114853e-01
    5.09440994e+00 1.23345194e+01 1.18566370e+01 4.52205420e+00
    9.07941341e-01 1.03112423e+00 4.17628622e+00 8.62411308e+00
    1.51623368e+00 1.15366373e+01 1.27511005e+01 3.10241008e+00
    1.61163604e+00 3.70032859e+00 5.68930149e-01 7.29729843e+00
    1.04202003e+01 5.68981504e+00 2.07643890e+00 1.39229760e-01
    4.62349129e+00 9.12690830e+00 9.21368313e+00 6.71461821e-01
    2.09124112e+00 4.21054792e+00 1.58124912e+00 6.60926151e+00
    6.54772186e+00 9.57909393e+00 2.81425548e+00 1.63429952e+00
    1.23796546e+00 2.29079413e+00 3.86665612e-01 9.66805172e+00
    1.15188665e+01 1.15994453e+01 9.29772758e+00 2.81868124e+00
    9.31459618e+00 9.40396118e+00 8.15462494e+00 1.14279280e+01
    1.23954353e+01 4.02880144e+00 6.80235195e+00 6.34436941e+00
    3.98091149e+00 1.25472946e+01 9.39219189e+00 1.07679052e+01
    6.06651783e+00 1.94577718e+00 4.03420305e+00 1.09202471e+01
    2.81493664e+00 2.65707445e+00 7.41372705e-01 1.85386777e+00
    2.43228555e+00 6.42416525e+00 1.28301659e+01 8.04602623e+00
    1.97559583e+00 5.88067961e+00 3.29960108e+00 3.34307790e+00
    3.40482879e+00 4.99225950e+00 2.59179306e+00 4.54945421e+00
    1.73123968e+00 9.98167610e+00 8.72732067e+00 7.40591478e+00
    1.19326458e+01 8.01772594e+00 1.14384661e+01 8.98349571e+00
    2.85550445e-01 1.14124918e+01 2.62488317e+00 9.53496265e+00
    3.72475672e+00 5.95926237e+00 9.40666389e+00 2.56363654e+00
    1.22425747e+01 5.45915842e+00 8.46780872e+00 6.05520058e+00
    3.04724193e+00 1.02269113e+00 9.58964109e-01 1.12897339e+01
    6.22543049e+00 6.40257549e+00 1.12569513e+01 7.74020052e+00
    9.04456234e+00 2.70668077e+00 8.77614594e+00 9.39981842e+00
    5.19760990e+00 5.10921907e+00 4.58604860e+00 6.89386463e+00
    6.71415746e-01 1.98216751e-01 9.21091747e+00 1.14854259e+01
    4.58941698e+00 1.28749475e+01 6.80870867e+00 7.84284210e+00
    1.12338924e+01 1.02710543e+01 1.28401461e+01 1.08148003e+01
    7.70672083e+00 6.59267950e+00 1.03361282e+01 5.73253870e+00
    6.56689596e+00 7.42677212e+00 8.38927555e+00 1.01861353e+01
    1.29395227e+01 9.92591000e+00 6.12796879e+00 3.89648557e+00
    4.42316103e+00 1.96837425e+00 2.02790833e+00 2.01831412e+00
    9.27037716e+00 6.65408516e+00 9.92058277e+00 9.72918510e+00
    9.03678513e+00 3.26591706e+00 1.19757872e+01 1.18116636e+01
    9.43241405e+00 3.41847205e+00 7.46860456e+00 1.60942817e+00
    3.97219372e+00 6.78188419e+00 7.85417700e+00 1.82347035e+00
    7.06738329e+00 1.00433397e+01 2.76211095e+00 7.12721872e+00
    9.77719116e+00 4.06840372e+00 3.59740162e+00 5.33933544e+00
    1.06664858e+01 4.18999386e+00 7.31695175e-01 1.10760175e-01
    6.03385401e+00 1.03747530e+01 7.94158030e+00 2.84470081e+00
    4.06466579e+00 5.47723627e+00 2.28206229e+00 1.16809978e+01
    1.13333635e+01 5.14490461e+00 1.76248085e+00 7.14841485e-02
    8.73223019e+00 5.65839887e-01 2.11858559e+00 1.22094517e+01
    5.83154297e+00 5.67686033e+00 8.48752308e+00 8.71657658e+00
    1.18750477e+01 3.40917182e+00 4.52438688e+00 4.36234903e+00
    2.60738897e+00 7.30148983e+00 9.08455086e+00 8.08695316e+00
    4.53564405e+00 7.87863588e+00 7.69571304e+00 1.35038626e+00
    2.20326200e-01 5.13189173e+00 9.09779644e+00 6.19126272e+00
    1.10869379e+01 9.81955242e+00 3.84593749e+00 2.30375242e+00
    4.20566273e+00 1.09782286e+01 2.52015328e+00 1.30115442e+01
    6.44922161e+00 2.80018878e+00 2.88246679e+00 4.93817377e+00
    6.27627075e-01 8.68760872e+00 1.03998060e+01 4.20403385e+00
    2.19593334e+00 9.96334457e+00 1.78043067e+00 6.07183886e+00
    3.96930003e+00 2.31980085e+00 7.27284813e+00 1.20397263e+01
    9.59329414e+00 3.85658860e+00 9.83450699e+00 9.42279053e+00
    1.13390598e+01 7.49920273e+00 5.52785397e+00 1.17282224e+00
    1.06738558e+01 4.42249346e+00 1.23583231e+01 2.56526732e+00
    8.91943550e+00 7.97465229e+00 2.87435722e+00 1.43690825e+00
    1.27097006e+01 9.56968784e+00 9.75563908e+00 1.21319475e+01
    8.46973801e+00 7.77022982e+00 1.06555164e+00 1.04341631e+01
    4.73977661e+00 5.68014622e+00 1.24065244e+00 6.98628855e+00
    8.40553379e+00 1.13321905e+01 4.23905039e+00 1.57987559e+00
    7.80750942e+00 8.43091774e+00 4.39976358e+00 7.44329262e+00
    1.23745308e+01 1.16903715e+01 1.12704630e+01 9.47433758e+00
    9.24094772e+00 3.33331013e+00 9.60726738e+00 7.51159811e+00
    7.83789778e+00 5.76035070e+00 9.67078686e+00 6.18050480e+00
    7.62753868e+00 6.15467834e+00 1.25079670e+01 5.81056213e+00
    3.69934392e+00 4.28433275e+00 8.07166767e+00 9.29108047e+00
    1.12425289e+01 1.02636957e+01 8.67150021e+00 1.08040333e+01
    6.10077143e+00 1.26026239e+01 4.25795507e+00 1.17988844e+01
    1.10363579e+01 5.93404150e+00 7.05046415e+00 1.29650474e+00
    7.12456894e+00 4.35241103e-01 2.04813361e+00 3.35487461e+00
    2.09739161e+00 1.03761559e+01 1.03222189e+01 1.15364933e+01
    9.90036297e+00 9.35587025e+00 2.40803838e+00 4.32660675e+00
    2.04815888e+00 1.08983803e+01 8.94655347e-01 1.99518502e+00
    1.14926596e+01 8.37780571e+00 1.13975782e+01 5.99517918e+00
    1.30190392e+01 7.37646163e-01 5.22674131e+00 9.03589821e+00
    4.56359482e+00 2.57341981e+00 1.04324474e+01 6.76561165e+00
    8.99680042e+00 8.13816643e+00 5.32961845e+00 3.20141530e+00
    3.24428177e+00 2.27592611e+00 2.77285886e+00 9.43804646e+00
    5.23648214e+00 5.61877441e+00 3.80783176e+00 1.00688353e+01
    2.41815495e+00 7.97241783e+00 7.74602079e+00 6.16400337e+00
    2.21775532e+00 2.37762737e+00 6.70488787e+00 8.37926483e+00
    8.58812392e-01 5.82350588e+00 5.94320583e+00 5.67389011e+00
    7.01711178e+00 9.97148800e+00 1.26631966e+01 3.05941415e+00
    3.87230659e+00 3.42860036e-02 1.30561247e+01 9.37255955e+00
    1.05516434e+01 3.75446886e-01 8.14948368e+00 5.12101364e+00
    9.56633663e+00 9.24494934e+00 1.07675409e+01 1.19258728e+01
    7.90894270e+00 1.15406456e+01 7.55884886e+00 1.18942442e+01
    6.71257019e+00 5.21485329e+00 3.51799226e+00 7.68179655e-01
    7.71357346e+00 1.18871622e+01 1.04447708e+01 1.89719450e+00
    5.29533434e+00 1.28172846e+01 8.50644588e+00 5.12169302e-01
    7.95035982e+00 1.75832570e+00 2.52238178e+00 7.85182285e+00
    9.69294131e-01 1.23939342e+01 3.93893242e+00 5.22587442e+00
    3.08325315e+00 1.21872473e+01 7.71914661e-01 1.32016504e+00
    1.21469069e+01 7.16660166e+00 4.02037096e+00 1.21049557e+01
    7.05348921e+00 9.64406300e+00 7.77796745e+00 3.02752590e+00
    1.08553715e+01 3.08912206e+00 7.07801390e+00 3.76424885e+00
    3.21336985e+00 4.23968506e+00 1.15574245e+01 5.47467279e+00
    1.00142460e+01 1.92694497e+00 6.78775501e+00 1.12676964e+01
    4.59087563e+00 7.34192133e+00 3.07046866e+00 1.14329443e+01
    4.90624285e+00 5.36307812e+00 7.58065319e+00 7.79897511e-01
    1.88999879e+00 4.54893017e+00 3.12564635e+00 1.15925419e+00
    2.41482973e+00 7.33411407e+00 1.11560450e+01 2.97450125e-01
    9.24455452e+00 9.80150986e+00 1.05705357e+00 1.05272198e+00
    1.06241112e+01 1.75301433e+00 2.64862514e+00 1.16207409e+01
    2.54216003e+00 6.33237457e+00 9.47573900e-01 1.26332064e+01
    6.16360569e+00 1.04976053e+01 1.14757633e+01 1.96321714e+00
    3.19744158e+00 4.00987434e+00 5.98622704e+00 7.45176935e+00
    9.25870895e+00 1.88237631e+00 7.74915266e+00 3.99775386e-01
    6.82419777e+00 9.23186421e-01 5.43390894e+00 7.26249170e+00
    5.58055496e+00 8.57196617e+00 2.44562602e+00 6.67688608e-01
    3.06193829e+00 3.03674626e+00 4.70844793e+00 4.52647305e+00
    9.34821415e+00 3.11742020e+00 5.40322161e+00 1.40297055e+00
    7.40314388e+00 1.25083578e+00 7.48981142e+00 6.29162455e+00
    8.58505154e+00 5.30804682e+00 5.58302402e+00 4.35347986e+00
    8.43435526e-01 1.24829893e+01 6.38369131e+00 9.74198151e+00
    6.79222393e+00 1.02765827e+01 8.16809273e+00 2.27001882e+00
    6.80795717e+00 2.04896808e+00 1.57238042e+00 1.89896896e-01
    6.28500509e+00 7.93344116e+00 1.11975479e+01 3.99235129e+00
    2.77032661e+00 1.30454521e+01 7.22198582e+00 8.13510799e+00
    6.44880950e-01 3.00278282e+00 1.82692540e+00 2.08606529e+00
    7.05144405e-01 8.96416759e+00 1.27776108e+01 2.06996107e+00
    4.70644665e+00 1.20643806e+01 7.78730440e+00 9.24419594e+00
    2.87925959e+00 4.45619392e+00 4.28859615e+00 1.05879393e+01
    3.14765692e+00 7.54848576e+00 7.56094313e+00 1.08104725e+01
    7.98918772e+00 1.18635130e+00 9.23255062e+00 1.17149343e+01
    1.28159199e+01 1.03394613e+01 1.20818415e+01 9.32042885e+00
    5.95719099e+00 3.35568714e+00 7.89179897e+00 6.05940104e+00
    2.30560017e+00 7.50762129e+00 7.57316017e+00 1.11627531e+01
    7.35811996e+00 4.50542259e+00 7.48725510e+00 2.56503654e+00
    1.22842207e+01 1.61846817e+00 5.67371798e+00 2.55043888e+00
    1.19041624e+01 9.50317287e+00 1.19260721e+01 5.04362059e+00
    8.72939968e+00 8.45047355e-01 8.11415482e+00 9.67375565e+00
    6.83646727e+00 5.34179878e+00 3.87041068e+00 3.57285094e+00
    5.11791229e+00 2.77461100e+00 3.00428182e-01 1.25181084e+01
    9.91469288e+00 9.10720158e+00 4.44931316e+00 7.89422178e+00
    1.24699144e+01 1.27469981e+00 1.22384109e+01 1.03124943e+01
    9.58932400e+00 7.73266697e+00 9.69993210e+00 2.62137032e+00
    7.91638708e+00 8.50610733e-01 1.52282596e+00 4.36996794e+00
    1.04006758e+01 8.60491467e+00 1.94022131e+00 1.84934413e+00
    8.91661644e+00 5.81517398e-01 1.23340874e+01 2.58033776e+00
    4.61312771e+00 1.00604992e+01 7.18568802e+00 7.57086945e+00
    2.33890891e+00 6.52169037e+00 3.97377419e+00 7.79710484e+00
    6.53691626e+00 1.17842159e+01 2.11430955e+00 7.91097832e+00
    2.11387324e+00 7.87141562e+00 7.53395128e+00 1.26504459e+01
    1.03542013e+01 2.28457403e+00 3.64641517e-01 1.30833597e+01
    6.19954205e+00 8.00889492e+00 4.77180433e+00 4.49577141e+00
    5.27191448e+00 1.20621614e+01 7.08366680e+00 6.54984856e+00
    4.54466534e+00 1.15966034e+01 1.23289165e+01 9.96165085e+00
    8.97607136e+00 7.43783045e+00 3.64065933e+00 6.80848551e+00
    8.88202381e+00 2.03197527e+00 1.24675350e+01 1.00678406e+01
    1.00602570e+01 1.27867050e+01 3.25498986e+00 1.69669580e+00
    4.97338772e+00 1.27001820e+01 1.74687576e+00 8.44398212e+00
    4.75215578e+00 7.06399345e+00 6.94339609e+00 1.03235731e+01
    1.16735020e+01 6.11679268e+00 4.96280003e+00 9.94290638e+00
    3.64112473e+00 6.07428932e+00 1.09220257e+01 9.42951393e+00
    5.94944763e+00 7.74930811e+00 4.76848364e+00 7.76400506e-01
    1.08544283e+01 5.02163029e+00 4.49337816e+00 4.90723228e+00
    5.65159655e+00 1.11926270e+01 4.66279650e+00 1.09220080e-01
    7.27015066e+00 8.22377205e+00 7.32341480e+00 1.04270105e+01
    6.12528324e+00 8.79693031e+00 7.35494566e+00 5.89382744e+00
    7.67168522e+00 6.37473011e+00 1.25709887e+01 3.65029860e+00
    2.28757977e-01 8.19870663e+00 4.16358757e+00 1.90643358e+00
    6.38059568e+00 9.09626770e+00 2.93505740e+00 8.29265785e+00
    7.04324532e+00 9.88707483e-01 6.10627317e+00 3.81299305e+00
    1.17615032e+01 4.47174263e+00 8.88207912e+00 6.18399048e+00
    1.38681006e+00 6.89950275e+00 1.23859425e+01 4.49261713e+00
    9.34139824e+00 5.12503505e-01 2.12626386e+00 9.76247311e+00
    3.27511573e+00 5.63403463e+00 1.04544079e+00 5.58631992e+00
    8.24838734e+00 3.04358506e+00 1.24639006e+01 4.09167194e+00
    7.34244299e+00 4.76476967e-01 4.36227751e+00 2.36682916e+00
    1.04319925e+01 1.15350275e+01 6.37172413e+00 2.46040964e+00
    3.02855873e+00 9.40508080e+00 1.16084671e+01 5.41070557e+00
    7.45875168e+00 5.67724943e+00 3.56153703e+00 1.28768015e+01
    4.97834049e-02 3.12286884e-01 5.23196650e+00 8.33831692e+00
    7.26321268e+00 1.19850492e+01 8.53029442e+00 9.16822529e+00
    1.00505943e+01 1.18809261e+01 2.78564072e+00 7.46118641e+00
    2.92763424e+00 2.27517295e+00 1.03999405e+01 1.08154325e+01
    2.45291638e+00 5.61143351e+00 5.89424276e+00 6.33867311e+00
    1.15200377e+01 9.08724022e+00 1.16007338e+01 8.68785477e+00
    1.27566786e+01 2.33235180e-01 3.68961501e+00 2.31148696e+00
    5.99799752e-01 9.59781647e+00 2.79162192e+00 6.41622916e-02
    1.13859606e+01 1.58667707e+00 1.18527832e+01 6.75212669e+00
    8.03549194e+00 8.40246773e+00 7.87675190e+00 7.16123247e+00
    8.10825825e+00 7.70710516e+00 1.66030574e+00 1.20077143e+01
    1.10747356e+01 3.28391361e+00 6.22247648e+00 3.29289007e+00
    9.71338463e+00 1.00293722e+01 1.18177185e+01 5.51886702e+00
    9.71171951e+00 7.81135511e+00 3.14272261e+00 7.50924635e+00
    8.05944729e+00 4.30471277e+00 1.03436365e+01 7.36981487e+00
    6.17796516e+00 6.01353264e+00 7.91534472e+00 7.74957478e-01
    8.23641014e+00 1.15008745e+01 1.02858849e+01 5.54938126e+00
    9.86528683e+00 1.13714275e+01 2.49392962e+00 9.88156509e+00
    1.14761324e+01 6.34309721e+00 1.25050097e+01 1.06062927e+01
    6.69646883e+00 2.84070325e+00 8.75274086e+00 6.93342638e+00
    9.48127174e+00 7.09764719e+00 8.14320278e+00 8.53375244e+00
    7.05690527e+00 7.57540560e+00 4.66035509e+00 1.04863749e+01
    3.61569047e+00 2.31735086e+00 2.98790908e+00 1.25495348e+01
    6.76926494e-01 6.42252064e+00 1.28409214e+01 5.03419304e+00
    7.51473331e+00 2.60928130e+00 9.44115734e+00 6.49310780e+00
    3.36477542e+00 9.21559620e+00 6.74526691e+00 8.52494621e+00
    7.63271427e+00 5.04087019e+00 9.81538677e+00 7.78689146e+00
    6.77551889e+00 8.16967106e+00 1.07771568e+01 6.11263609e+00
    4.61440563e-01 7.62366724e+00 8.78878880e+00 7.35581207e+00
    1.12531722e+00 3.94474101e+00 1.14658546e+01 1.16801872e+01
    3.51725245e+00 2.17676258e+00 7.74382877e+00 5.20933580e+00
    2.81377625e+00 6.07365179e+00 6.73956585e+00 8.80160904e+00
    6.09284306e+00 1.19457731e+01 9.90632951e-01 8.90789509e+00
    6.12489939e+00 1.21142025e+01 9.29554653e+00 7.72083855e+00
    8.78116131e+00 1.07288803e-03 1.03498592e+01 1.28395128e+01
    3.51021481e+00 3.94787359e+00 1.00007467e+01 1.25404310e+01
    4.68342352e+00 2.18481112e+00 3.37063336e+00 1.09881496e+00
    5.27905607e+00 1.12220850e+01 4.68829536e+00 2.10664701e+00
    1.15603657e+01 1.63172388e+00 3.95013881e+00 1.27547770e+01
    3.86450601e+00 5.90728188e+00 1.07246411e+00 1.02476540e+01
    5.13074541e+00 3.66338372e+00 5.07505655e-01 3.97500658e+00
    3.92716980e+00 7.29525375e+00 2.55151224e+00 2.84565568e+00
    5.74816608e+00 1.75630105e+00 5.61094999e+00 1.06932697e+01
    5.60911179e+00 7.92954254e+00 5.97163773e+00 7.33370876e+00
    4.34297562e+00 3.57875776e+00 1.21639414e+01 4.42609596e+00
    1.13143597e+01 1.13898306e+01 1.21895037e+01 5.49161530e+00
    1.71529520e+00 6.60210276e+00 6.42965615e-01 2.38736510e+00
    4.48541498e+00 3.20192027e+00 1.94790936e+00 1.84299898e+00
    4.24905109e+00 4.18166733e+00 1.03777943e+01 1.11638308e+01
    7.81832552e+00 1.12222176e+01 6.35192990e-01 6.58713245e+00
    1.29965191e+01 9.11514473e+00 5.88736534e+00 5.69692326e+00
    9.58823299e+00 1.92387605e+00 2.93332720e+00 8.78593564e-01
    8.17495465e-01 7.24485588e+00 1.24326420e+01 5.06115735e-01
    3.10146832e+00 6.58654165e+00 6.88722229e+00 5.65585494e-01
    6.38152790e+00 4.47042990e+00 1.25443439e+01 3.09817839e+00
    1.22539043e+01 1.71288931e+00 1.22528238e+01 6.90080881e+00
    2.14051652e+00 2.46198869e+00 1.71618387e-01 6.22361183e+00
    8.46612740e+00 4.29679298e+00 2.08351612e+00 2.47350240e+00
    1.10783396e+01 1.87917566e+00 1.75700319e+00 9.78342724e+00
    1.02052908e+01 1.14337072e+01 1.23903799e+01 2.75382352e+00
    6.84998369e+00 3.10817456e+00 1.27079344e+01 2.75121832e+00
    9.89803028e+00 9.39246464e+00 4.96990299e+00 1.26399927e+01
    6.30800295e+00 9.56097507e+00 9.86542130e+00 4.01382208e+00
    3.46339321e+00 4.22137547e+00 6.99524164e+00 1.06841221e+01
    2.14507079e+00 1.21490536e+01 1.78976846e+00 1.08459253e+01
    6.70333982e-01 1.27210922e+01 9.00450706e-01 1.08980513e+00
    1.24977779e+01 8.52358341e+00 8.49247169e+00 4.62167215e+00
    9.10392952e+00 1.59400153e+00 3.11805248e-01 1.73144686e+00
    7.19636869e+00 5.14551544e+00 1.24111090e+01 2.56816983e+00
    7.22357750e-01 1.25712252e+01 1.08594389e+01 7.81916046e+00
    7.73773479e+00 1.26991339e+01 5.83835745e+00 1.98994052e+00
    8.56195354e+00 1.10250340e+01 2.05357933e+00 1.20630646e+00
    1.13675060e+01 2.93947548e-01 4.42136621e+00 4.62912607e+00
    5.38555288e+00 8.53961372e+00 1.01819191e+01 7.47841597e-01
    6.31982470e+00 2.06639218e+00 6.62608767e+00 1.25996237e+01
    1.13103151e+01 9.54160213e+00 6.78008986e+00 9.92445755e+00
    6.29272461e+00 1.22204924e+01 7.01408243e+00 1.02813854e+01
    3.48100871e-01 4.78050327e+00 1.13041410e+01 2.23393583e+00
    7.94058514e+00 7.89904213e+00 2.08545876e+00 9.05774689e+00
    8.47352600e+00 7.91979980e+00 2.63062406e+00 5.48404217e+00
    6.30776644e+00 6.67156267e+00 1.09184380e+01 4.86871386e+00
    1.13427010e+01 3.04779738e-01 2.51590705e+00 4.38105488e+00
    1.17260046e+01 2.37236667e+00 1.26853361e+01 3.99184585e+00
    1.25815716e+01 5.91465950e-01 1.29311695e+01 7.65095186e+00
    6.38066101e+00 5.76343203e+00 1.23863831e+01 2.18910074e+00
    8.54556561e+00 1.75126493e+00 4.42676932e-01 1.92189956e+00
    5.87013674e+00 6.85610533e+00 1.24856825e+01 1.14944162e+01
    8.79280567e+00 7.02290630e+00 8.28918839e+00 1.04656639e+01
    1.04736156e+01 5.22322512e+00 8.37837756e-01 4.62194633e+00
    1.08156796e+01 9.52546692e+00 6.75829649e+00 2.43284035e+00
    1.06341982e+01 1.01258955e+01 2.96523857e+00 8.16660690e+00
    4.52663708e+00 5.11602640e+00 4.20643479e-01 4.22676659e+00
    4.23073244e+00 8.10514927e+00 4.70013618e+00 9.09747124e+00
    9.98763275e+00 6.54738188e+00 6.64471102e+00 1.29629002e+01
    7.15399170e+00 1.06265259e+01 6.88231289e-01 2.91616964e+00
    6.87798500e+00 3.69551301e-01 1.04529448e+01 1.04497633e+01
    1.10574379e+01 3.56870508e+00 2.93124676e-01 2.25940275e+00
    7.16999006e+00 5.63184643e+00 9.71506691e+00 9.99505138e+00
    1.04751194e+00 3.84711194e+00 2.88944602e-01 1.07746887e+01
    1.11322012e+01 7.91541815e+00 6.90542459e+00 1.25065012e+01
    6.83711958e+00 1.23136234e+01 1.98531151e+00 6.26613665e+00
    5.38378668e+00 1.04499321e+01 8.87408352e+00 7.39325333e+00
    1.15911760e+01 5.05706739e+00 1.93035603e-01 1.08310757e+01
    1.43582213e+00 5.77588558e-01 1.05862064e+01 5.23848009e+00
    6.37776852e+00 1.45892489e+00 5.31083298e+00 3.31514025e+00
    1.22941904e+01 9.81144524e+00 9.05340862e+00 2.20304441e+00
    3.40204883e+00 1.12872028e+01 5.79078770e+00 2.82607150e+00
    7.06550550e+00 7.36060524e+00 3.31372881e+00 5.86961651e+00
    1.02165432e+01 6.16413689e+00 9.47367764e+00 9.41654921e-01
    9.57559776e+00 4.42756271e+00 3.05397129e+00 2.62162304e+00
    2.82581544e+00 1.11447859e+01 1.15032539e+01 7.12513494e+00
    7.48241022e-02 4.87561494e-01 8.23697853e+00 3.05914807e+00
    8.97759914e+00 6.35661364e+00 5.53168964e+00 2.20370364e+00
    4.54965496e+00 5.35107088e+00 1.27970438e+01 1.16993237e+01
    1.27089128e+01 9.25914764e+00 3.05991244e+00 6.96761084e+00
    3.08315325e+00 1.57906580e+00 6.48652077e+00 5.32592869e+00
    6.08376884e+00 2.22290945e+00 8.52593231e+00 1.27794476e+01
    6.99092436e+00 4.12447166e+00 4.51961517e+00 3.49794126e+00
    8.03061390e+00 9.95019341e+00 1.10073748e+01 1.13897457e+01
    4.54203796e+00 6.45134163e+00 9.55405807e+00 6.35354567e+00
    3.12431431e+00 1.13081894e+01 3.53989506e+00 8.14498901e+00
    2.29310662e-01 2.30825877e+00 6.13227797e+00 1.12308872e+00
    2.61377883e+00 1.56714010e+00 5.04380167e-01 6.29682064e+00
    5.71978807e+00 8.24067879e+00 5.60008526e-01 1.23171244e+01
    1.23314590e+01 1.03402042e+01 7.87588060e-01 6.40721989e+00
    1.17210531e+00 1.02695618e+01 3.86590648e+00 1.07606030e+00
    7.96764612e+00 1.13756790e+01 2.63741136e+00 9.09444618e+00
    3.17845774e+00 8.15519428e+00 6.06857777e+00 8.62558460e+00
    8.70254707e+00 8.39083493e-01 5.22849226e+00 7.49174452e+00
    1.08944387e+01 1.21987162e+01 8.45243073e+00 7.35498762e+00
    1.04016638e+01 1.00579996e+01 3.99480772e+00 4.97778034e+00
    1.30246854e+00 1.11445665e+01 4.33444214e+00 1.29787331e+01
    7.04441929e+00 7.27776146e+00 7.87846708e+00 4.75235605e+00
    2.11983204e+00 1.00225878e+01 9.30869579e+00 4.35577965e+00
    6.45527124e+00 1.14549470e+00 9.66929245e+00 7.04268456e+00
    8.38677347e-01 1.23347988e+01 1.55472875e+00 7.78354406e+00
    4.91375113e+00 9.25547028e+00 1.08882475e+01 9.31758583e-01
    2.02001676e-01 2.98703790e+00 2.63313341e+00 1.10227175e+01
    7.19145000e-01 8.38903046e+00 1.21578331e+01 3.96737909e+00
    1.05632675e+00 8.19969535e-01 8.33117390e+00 8.58191681e+00
    1.27741299e+01 9.67224407e+00 6.47987652e+00 1.98746502e+00
    6.20125198e+00 5.11831474e+00 7.30705321e-01 8.57461452e+00
    1.11327305e+01 1.05719700e+01 4.77803230e+00 9.02186012e+00
    1.00399551e+01 9.35301113e+00 6.59762621e+00 7.56275272e+00
    8.58547688e+00 5.60500324e-01 1.13902264e+01 1.12001312e+00
    3.30684018e+00 1.45806575e+00 8.52406120e+00 4.89184666e+00
    1.99892783e+00 1.26781678e+00 1.04368258e+00 5.95841026e+00
    7.65665150e+00 1.24035282e+01 1.06715031e+01 1.14387970e+01
    2.31820369e+00 9.78541470e+00 8.68489647e+00 1.08888645e+01
    5.62978029e+00 3.01249361e+00 3.70355225e+00 1.00914612e+01
    3.62256318e-01 8.03863907e+00 2.04702473e+00 1.21616244e+00
    1.30627346e+01 1.06333094e+01 1.88983750e+00 1.16046047e+01
    1.49785769e+00 3.41429162e+00 6.83078146e+00 6.48560226e-01
    5.06339025e+00 5.01534033e+00 1.02277021e+01 6.38117981e+00
    7.69671249e+00 7.09608078e+00 9.48169708e+00 1.14737806e+01
    4.24599314e+00 7.11290264e+00 2.51795149e+00 2.64648700e+00
    6.97100544e+00 7.12141705e+00 2.16868460e-01 6.92923367e-02
    2.71439099e+00 7.15844202e+00 9.54135323e+00 8.37176609e+00
    8.05161357e-01 3.24144673e+00 1.05417109e+01 6.26219893e+00
    1.01225815e+01 2.11419988e+00 1.14538822e+01 2.62784052e+00
    4.12581348e+00 1.89569890e+00 5.57153034e+00 1.30626512e+00
    3.84508085e+00 6.05836725e+00 1.00857325e-01 2.28103185e+00
    4.11609983e+00 6.66720533e+00 2.43232799e+00 4.07125568e+00
    1.19751740e+00 4.43006754e+00 1.24140587e+01 1.00184984e+01
    8.67588711e+00 5.66135502e+00 5.58463144e+00 1.07407398e+01
    1.05516024e+01 7.42851272e-02 1.08974257e+01 1.76462388e+00
    1.15044937e+01 8.24596786e+00 2.25813675e+00 1.07410755e+01
    2.42579675e+00 9.79354286e+00 2.64232230e+00 1.05050182e+01
    7.83403444e+00 1.26819372e+01 5.62725723e-01 8.50806046e+00
    7.41269875e+00 1.82733274e+00 1.70553267e+00 3.55669355e+00
    5.56910610e+00 7.16523361e+00 7.81908083e+00 8.09172511e-01
    5.93304443e+00 1.26983185e+01 5.24916410e+00 3.91376519e+00
    7.70555592e+00 6.48046970e+00 9.57479763e+00 1.72795665e+00
    9.25620461e+00 1.03630505e+01 1.08141870e+01 7.39623165e+00
    1.03596573e+01 1.29021330e+01 1.17442522e+01 1.30334246e+00
    8.49871933e-01 3.07008839e+00 4.12340546e+00 9.97003174e+00
    1.25273504e+01 1.17234192e+01 6.50926054e-01 1.28193731e+01
    6.30413890e-01 7.56874895e+00 1.27007208e+01 7.78009367e+00
    4.88409758e-01 1.25280313e+01 8.60923481e+00 1.27046509e+01
    7.07650280e+00 3.42274404e+00 2.54001307e+00 9.19248676e+00
    3.45889449e+00 6.47259521e+00 3.58761334e+00 3.49650323e-01
    8.86355305e+00 8.38395977e+00 1.06157020e-01 1.98241138e+00
    4.99896795e-01 6.81620216e+00 1.70646369e+00 2.84275723e+00
    9.89878941e+00 1.09732866e+01 4.83452606e+00 6.04087448e+00
    1.26013927e+01 9.68854523e+00 3.07675862e+00 7.16639376e+00
    7.07749081e+00 4.36733103e+00 1.06051407e+01 1.21653252e+01
    1.88086534e+00 1.12752714e+01 7.09625149e+00 1.11559591e+01
    1.50332242e-01 5.43539226e-01 9.29055214e+00 7.22667503e+00
    4.36381340e+00 5.15953970e+00 1.07115402e+01 9.30671978e+00
    1.10015595e+00 5.49177837e+00 9.90987778e+00 5.64356327e+00
    6.89801884e+00 5.42821598e+00 1.23672504e+01 1.94143009e+00
    1.06365099e+01 5.28123569e+00 6.97958660e+00 1.01172052e-01
    4.74359465e+00 8.65931606e+00 1.23547592e+01 1.92374146e+00
    3.45121574e+00 3.73948383e+00 1.03949070e+01 5.51406717e+00
    4.34441376e+00 9.75092888e+00 7.20135593e+00 6.37770033e+00
    8.93814945e+00 4.36284971e+00 4.31772852e+00 1.22378254e+01
    9.29340935e+00 9.17734909e+00 9.51922798e+00 8.51694965e+00
    1.26201272e+00 1.24559298e+01 3.08758903e+00 4.27963638e+00
    1.02626801e+00 5.67995453e+00 3.67565775e+00 7.12732935e+00
    3.20104504e+00 1.05265045e+01 3.85072446e+00 1.91285372e+00
    1.79910398e+00 2.56321836e+00 1.16963081e+01 4.37180805e+00
    4.11336279e+00 1.23061037e+01 2.46123075e+00 1.27448759e+01
    1.32034647e+00 7.00130606e+00 5.60859632e+00 1.60168004e+00
    6.41566992e+00 1.27631130e+01 7.18149900e+00 1.43760669e+00
    6.83931351e-01 7.27999353e+00 8.54523468e+00 1.80019963e+00
    6.70570993e+00 3.94262743e+00 7.63888407e+00 7.55496216e+00
    6.20023584e+00 9.86433125e+00 6.63160980e-01 1.16965742e+01
    6.37533092e+00 1.27888241e+01 1.02806549e+01 4.99140453e+00
    6.29798746e+00 4.07964230e+00 1.21883821e+01 9.58556175e+00
    6.57203007e+00 6.78594112e-01 1.63704109e+00 3.16706389e-01
    9.82330513e+00 3.22935557e+00 1.70886791e+00 5.71445704e+00
    2.47361541e+00 2.05138072e-01 8.21337605e+00 1.85136247e+00
    4.43475294e+00 2.25623226e+00 3.67360044e+00 1.17915268e+01
    5.51758575e+00 1.09713745e+01 1.25239553e+01 5.51622200e+00
    4.52417421e+00 4.21336651e+00 5.84899902e+00 1.17858381e+01
    8.24600458e-01 9.60894203e+00 9.09682178e+00 1.74343765e+00
    9.47753429e+00 3.87790394e+00 3.81403065e+00 9.04081249e+00
    9.57093620e+00 7.48944616e+00 1.14600677e+01 4.92542839e+00
    3.50710964e+00 1.22830639e+01 4.59809685e+00 1.18364525e+01
    8.24355507e+00 1.01848402e+01 9.69820786e+00 6.29732990e+00
    1.05076730e+00 1.03945141e+01 4.51541996e+00 2.21064880e-01
    8.16676998e+00 5.68092883e-01 3.32980990e-01 1.12046280e+01
    8.05509663e+00 2.84430838e+00 2.58687973e+00 3.67116427e+00
    1.09088640e+01 8.80632782e+00 1.07073212e+01 3.13340992e-01
    4.46421337e+00 1.26515496e+00 8.75369787e-01 2.13177609e+00
    7.84127045e+00 1.08283901e+01 8.35993671e+00 6.26216888e+00
    3.48229957e+00 2.82111812e+00 4.50850391e+00 1.69455397e+00
    7.57228613e+00 2.41033077e+00 7.95587730e+00 8.04230309e+00
    4.08804226e+00 1.27211542e+01 3.83158922e+00 5.91634464e+00
    1.15484276e+01 1.17579041e+01 1.09184704e+01 8.59978676e+00
    5.48541427e-01 2.17435288e+00 8.75165081e+00 4.88133049e+00
    3.87236166e+00 1.36853921e+00 4.37178278e+00 3.76716471e+00
    1.01646805e+01 5.09681654e+00 1.08157740e+01 6.24475777e-01
    1.09302912e+01 9.34418106e+00 1.17153034e+01 6.95397854e+00
    5.02677441e+00 6.96066523e+00 9.70133007e-01 1.19553959e+00
    9.16052723e+00 5.73282814e+00 1.03855381e+01 7.94893599e+00
    1.27614479e+01 5.54250526e+00 1.15453732e+00 1.27625265e+01
    2.66416335e+00 3.89022380e-01 8.27473164e+00 6.14523363e+00
    6.34281540e+00 1.13718576e+01 5.51964951e+00 4.39826345e+00
    3.89383531e+00 1.15478106e+01 5.62931776e+00 1.09787693e+01
    3.31143260e+00 5.08239329e-01 9.09800243e+00 4.73341846e+00
    5.89702785e-01 5.13938284e+00 1.02760687e+01 1.06855669e+01
    8.00935936e+00 5.08733940e+00 2.38533592e+00 8.50777626e+00
    3.58319116e+00 4.99687099e+00 6.17113769e-01 9.40940762e+00
    2.57451439e+00 5.97450399e+00 4.63393688e+00 1.02641563e+01
    7.45088243e+00 6.48645258e+00 1.30466185e+01 1.18905258e+00
    5.05394936e+00 3.41175056e+00 8.33522320e+00 3.03215116e-01
    7.15002251e+00 1.15180626e+01 2.61396790e+00 1.14419546e+01
    1.04357376e+01 6.80541849e+00 3.46900868e+00 4.89485550e+00
    5.59813166e+00 1.07855825e+01 8.61668777e+00 3.00978518e+00
    1.02807360e+01 5.40506268e+00 6.55911016e+00 8.93526912e-01
    9.95221901e+00 9.51839256e+00 1.17000408e+01 1.07486019e+01
    6.29358864e+00 7.11471811e-02 6.43771935e+00 1.68544042e+00
    2.50000572e+00 6.33851671e+00 4.98608398e+00 8.81168747e+00
    4.12208652e+00 7.68254936e-01 1.36263990e+00 1.37365437e+00
    5.56588602e+00 8.62122726e+00 1.09426451e+01 5.30181789e+00
    1.12892122e+01 4.32078457e+00 9.00096893e+00 9.21569824e+00
    9.97643089e+00 5.74288130e+00 1.82733905e+00 8.14883137e+00
    6.94590759e+00 5.23709869e+00 1.00036087e+01 2.41668558e+00
    8.66819096e+00 1.17231884e+01 9.59510899e+00 2.29612303e+00
    4.91350603e+00 4.94215059e+00 2.05202222e+00 1.29895248e+01
    1.85379907e-01 1.18063660e+01 1.56389749e+00 9.53615284e+00
    3.84016752e+00 8.09300518e+00 1.26694431e+01 4.61254835e+00
    8.01527786e+00 2.19289327e+00 1.23472395e+01 3.49081731e+00
    1.98043120e+00 4.60806799e+00 8.84218311e+00 4.87922239e+00
    9.83009911e+00 5.69819546e+00 4.97316742e+00 1.24216175e+01
    1.32541156e+00 1.15114908e+01 3.64247346e+00 2.61982703e+00
    3.05893213e-01 4.13210094e-01 6.21496582e+00 7.17812109e+00
    9.60585213e+00 1.27903299e+01 1.42928183e+00 2.74984181e-01
    1.04497509e+01 5.74816704e+00 1.27430069e+00 1.23088236e+01
    1.24351902e+01 8.35125256e+00 1.26084542e+00 4.04643250e+00
    1.04466467e+01 1.24511642e+01 9.13627529e+00 1.02562695e+01
    1.01870413e+01 7.96329880e+00 7.48963535e-01 5.71924114e+00
    6.15719843e+00 1.15762138e+01 6.80133104e+00 1.18244982e+01
    8.83405972e+00 1.16891613e+01 1.12244883e+01 9.47132397e+00
    8.58024597e+00 7.01485252e+00 3.64099801e-01 3.09588194e+00
    7.13353932e-01 8.11882305e+00 9.68447304e+00 6.55898857e+00
    9.55387592e+00 6.45626163e+00 3.41293049e+00 7.89657640e+00
    7.55261302e-01 2.25046992e+00 2.87966299e+00 6.59899616e+00
    1.01561041e+01 5.27001953e+00 1.30544291e+01 4.03334379e+00
    4.51147604e+00 5.01983547e+00 8.10698223e+00 8.16263008e+00
    4.42240572e+00 5.89524651e+00 7.15005636e+00 9.17741966e+00
    7.74509859e+00 1.01129427e+01 3.73966551e+00 1.00148211e+01
    1.06397181e+01 1.18977718e+01 5.93953753e+00 3.36066914e+00
    2.30935073e+00 2.51489019e+00 4.01697731e+00 8.03273296e+00
    1.10229902e+01 1.06083059e+01 6.92975235e+00 7.66951799e+00
    3.89118171e+00 1.16014309e+01 8.33025992e-01 6.18972540e-01
    5.54202986e+00 3.59281182e+00 4.21559632e-01 7.12406337e-01
    6.80878401e+00 1.05812855e+01 7.13587713e+00 8.99185753e+00
    4.89457989e+00 5.71210718e+00 6.64499712e+00 8.82750988e+00
    4.96243525e+00 7.14547038e-01 5.91858208e-01 2.63256669e+00
    4.63938570e+00 1.62228429e+00 5.95060301e+00 6.55981016e+00
    5.17423773e+00 1.24995160e+00 6.18191385e+00 5.34769297e+00
    2.33801246e+00 8.11601830e+00 1.22562275e+01 1.54312944e+00
    1.03463478e+01 1.06618452e+01 5.56697321e+00 9.40957451e+00
    6.10894537e+00 8.68359089e+00 7.96540356e+00 1.16970024e+01
    4.11068249e+00 1.74251890e+00 1.20091953e+01 3.78361440e+00
    1.94200814e+00 1.29177952e+01 6.83795214e+00 6.28294468e+00
    9.00729370e+00 6.55984211e+00 8.60966682e+00 1.14209785e+01
    4.55227613e+00 2.72741842e+00 2.17803657e-01 1.12917690e+01
    1.25527601e+01 9.09876823e+00 7.76482630e+00 6.45493364e+00
    4.80867100e+00 1.23710318e+01 1.68285441e+00 4.73722506e+00
    3.02435303e+00 8.89394188e+00 8.01562500e+00 9.20396519e+00
    4.80079460e+00 4.15224457e+00 1.00357351e+01 4.71239328e+00
    5.99909449e+00 7.36209202e+00 4.84787607e+00 6.96419001e-01
    4.29124165e+00 9.67033863e+00 1.10338259e+01 9.09681988e+00
    7.03560591e+00 3.22169662e+00 6.68033457e+00 3.04051971e+00
    8.99675465e+00 9.89469111e-01 1.19577971e+01 1.21401024e+00
    1.24917860e+01 2.60027122e+00 8.81395435e+00 4.38524246e+00
    7.85700703e+00 1.23463078e+01 3.41288590e+00 2.64726710e+00
    9.41496181e+00 6.36312962e+00 1.71047866e+00 6.77309704e+00
    9.08678818e+00 3.78509688e+00 4.24937057e+00 1.00788126e+01
    7.52313042e+00 7.25161409e+00 6.74407578e+00 1.21169167e+01
    9.71763611e+00 7.05238771e+00 8.73889160e+00 5.01860189e+00
    2.17869091e+00 1.02397604e+01 1.06900225e+01 6.53813219e+00
    4.92855501e+00 8.49703103e-02 2.66622233e+00 4.79072809e-01
    1.01186180e+01 8.29563046e+00 1.14383090e+00 8.80231094e+00
    6.25684166e+00 6.78332138e+00 4.41024542e+00 4.02689844e-01
    3.49379945e+00 2.93217802e+00 4.40858889e+00 9.39579868e+00
    1.16283216e+01 4.76714820e-01 7.37362528e+00 7.82595778e+00
    7.96328664e-01 1.06409407e+01 1.01395016e+01 1.21364820e+00
    3.79305339e+00 1.24393387e+01 8.46078491e+00 7.73030281e+00
    1.23833723e+01 1.31231189e+00 1.13706560e+01 6.57523870e+00
    7.19399738e+00 6.36793566e+00 9.57303143e+00 5.85214281e+00
    1.15150833e+01 2.01760840e+00 1.53924370e+00 2.14387751e+00
    1.02316427e+01 2.33553028e+00 2.54686546e+00 1.17089586e+01
    8.94847202e+00 1.41261172e+00 2.56750107e+00 1.71308351e+00
    6.78673625e-01 4.22559309e+00 9.58654976e+00 1.24415207e+01
    1.26159019e+01 5.95194578e+00 2.27963758e+00 7.55768204e+00
    9.61889076e+00 2.90177155e+00 1.20897455e+01 3.88606381e+00
    5.75395286e-01 3.53920531e+00 9.16073895e+00 9.00888538e+00
    9.28510189e+00 2.48526168e+00 6.73003006e+00 6.41908169e+00
    9.94013786e-01 4.36028910e+00 3.71821475e+00 1.09450035e+01
    5.39467049e+00 4.06279230e+00 6.04620647e+00 6.50411272e+00
    4.49582767e+00 2.67875624e+00 6.02106237e+00 1.52122426e+00
    9.93414342e-01 4.99467850e+00 1.17809658e+01 1.08155861e+01
    1.04351606e+01 2.83980894e+00 8.80868816e+00 9.35885143e+00
    3.45819569e+00 1.86877906e-01 9.82589626e+00 1.17598467e+01
    7.92759085e+00 6.43838644e+00 7.03634501e+00 9.71531677e+00
    7.59828424e+00 8.07206917e+00 6.09959650e+00 8.12110901e+00
    3.45937347e+00 6.56791878e+00 9.12848353e-01 2.80129218e+00
    1.13003855e+01 9.50893021e+00 1.17747221e+01 1.29780273e+01
    7.05774498e+00 1.91219962e+00 1.07166824e+01 5.39954567e+00
    1.17137454e-01 3.75689077e+00 5.12161136e-01 6.20332909e+00
    1.21576185e+01 1.18706179e+01 6.45642519e+00 7.23218536e+00
    3.12807113e-01 1.06086140e+01 2.75398374e-01 9.34417534e+00
    2.03009176e+00 1.25856161e+01 8.76351261e+00 1.04645710e+01
    8.27761650e+00 8.01458168e+00 9.73447514e+00 5.44143200e+00
    1.18067722e+01 9.84222221e+00 4.51424360e+00 2.11623836e+00
    9.13049984e+00 3.94989491e+00 2.37395573e+00 1.04350710e+01
    7.80807018e-01 9.54714108e+00 1.11175900e+01 1.20755215e+01
    4.40576982e+00 4.01643658e+00 1.24545279e+01 1.18805561e+01
    1.15968685e+01 1.02287130e+01 9.90515327e+00 1.16325836e+01
    8.38839245e+00 5.86938858e+00 1.19520397e+01 5.24681473e+00
    2.85312819e+00 1.18456554e+01 1.16917067e+01 9.30793703e-01
    1.58879137e+00 3.49306202e+00 1.22346716e+01 9.07259464e+00
    8.88885784e+00 1.04532681e+01 1.11859055e+01 5.26451731e+00
    5.64753652e-01 1.10421963e+01 4.88713360e+00 3.70602655e+00
    8.51657772e+00 4.98684359e+00 9.07950783e+00 4.76286650e-01
    1.01363192e+01 1.38601589e+00 1.97073340e+00 6.67791319e+00
    6.28545475e+00 7.73427963e+00 1.22550688e+01 3.70523524e+00
    1.53549409e+00 3.79587960e+00 1.05424576e+01 4.27649438e-01
    8.89938068e+00 1.05412540e+01 7.18502343e-01 9.17809200e+00
    1.27376404e+01 5.38197279e+00 1.25620461e+01 1.02750196e+01
    1.23416686e+00 4.50027990e+00 1.01714878e+01 3.79073238e+00
    1.25100002e+01 8.91792488e+00 7.67844582e+00 8.81817722e+00
    8.74140644e+00 7.55655479e+00 1.04354534e+01 1.07746792e+01
    1.20406857e+01 1.14345493e+01 1.20588427e+01 1.02010841e+01
    6.69616222e+00 1.02085876e+01 1.14302464e+01 6.13183784e+00
    4.50372696e+00 1.07745628e+01 1.09359293e+01 5.60221672e+00
    6.91157198e+00 6.46642208e+00 6.07397699e+00 1.08219919e+01
    8.46154690e+00 1.14914913e+01 1.11986675e+01 1.27728472e+01
    1.12252295e+00 5.45003080e+00 1.24763422e+01 2.82006073e+00
    1.21295109e+01 7.06500340e+00 9.11783504e+00 8.78405154e-01
    9.88148880e+00 8.79817772e+00 1.29766932e+01 3.90744638e+00
    3.32909060e+00 9.50228155e-01 7.25646782e+00 9.52576256e+00
    8.37915480e-01 9.18288422e+00 3.52186704e+00 1.10607014e+01
    6.90780497e+00 8.73921394e+00 4.67293072e+00 6.15057278e+00
    1.04502525e+01 9.79098892e+00 1.17465544e+01 8.73955607e-01
    2.82000375e+00 4.27152061e+00 6.32483053e+00 4.06682301e+00
    1.30425577e+01 4.22681808e+00 9.50507641e+00 1.00733080e+01
    1.83547747e+00 1.23055296e+01 8.88759327e+00 8.19432545e+00
    5.66088676e+00 5.97627544e+00 1.12812939e+01 8.10578048e-01
    3.36946201e+00 5.38169575e+00 8.30343056e+00 1.27078581e+01
    4.40494490e+00 6.70269108e+00 1.17909565e+01 2.77717471e+00
    7.95139217e+00 3.23190808e+00 7.64176226e+00 4.48075342e+00
    4.94118404e+00 5.22680521e+00 1.65623951e+00 9.09779835e+00
    6.41366386e+00 3.45719552e+00 4.39939928e+00 3.84066486e+00
    1.10233059e+01 6.20964336e+00 1.01111374e+01 7.48727417e+00
    4.03479815e+00 9.25796032e+00 8.40278149e+00 7.77004004e+00
    1.00379124e+01 1.10324793e+01 6.45937347e+00 3.75017977e+00
    5.09309292e+00 2.18022084e+00 9.69727516e+00 5.78861856e+00
    1.10689373e+01 8.67359066e+00 1.01123810e+01 1.13722143e+01
    2.67478514e+00 1.17860184e+01 4.34522867e+00 3.03995442e+00
    1.27361574e+01 6.63451195e+00 8.45602703e+00 1.55395973e+00
    6.21640158e+00 5.73582828e-01 6.48713493e+00 3.09557343e+00
    2.04824519e+00 5.70191240e+00 7.25238371e+00 6.44655323e+00
    9.24346447e+00 4.73398304e+00 3.40158105e+00 2.01507425e+00
    9.74963474e+00 7.85676336e+00 1.21569133e+00 5.90662146e+00
    1.12641935e+01 1.88721228e+00 5.88623881e-01 8.95432281e+00
    1.55972886e+00 9.66274261e+00 9.60703564e+00 2.05444956e+00
    4.86117697e+00 1.30532598e+01 5.03898598e-02 1.24176562e+00
    8.27058887e+00 4.51106310e+00 7.73950911e+00 3.94065928e+00
    1.68952778e-01 1.03057442e+01 4.33018398e+00 1.20961905e+01
    9.50478911e-02 7.97403955e+00 2.20150495e+00 6.56017971e+00
    7.13071012e+00 1.07728090e+01 1.25296764e+01 6.35603523e+00
    1.13700256e+01 3.38003707e+00 6.82247162e+00 7.25300169e+00
    1.19831829e+01 4.13672447e+00 8.43473244e+00 3.31745052e+00
    1.15207081e+01 7.02220440e+00 1.09621344e+01 4.58938408e+00
    2.73790765e+00 7.37242174e+00 2.59530568e+00 3.28379178e+00
    2.87168622e+00 1.01866646e+01 9.65745068e+00 3.41897011e+00
    6.61482096e+00 6.15762901e+00 5.89612055e+00 3.61736131e+00
    1.21905384e+01 1.23924389e+01 1.20833492e+01 1.30631056e+01
    3.56604600e+00 1.17687225e+01 1.03064499e+01 9.47262096e+00
    8.14709663e+00 8.32958031e+00 4.31467146e-01 9.10412979e+00
    4.72336817e+00 5.73983014e-01 1.20730276e+01 1.11561575e+01
    3.18858886e+00 9.98199654e+00 6.37722826e+00 7.45810986e+00
    2.31369257e+00 7.18774843e+00 1.29522476e+01 1.14140015e+01
    1.21666059e+01 1.22752028e+01 1.15134678e+01 3.82764935e+00
    2.16585660e+00 9.05084133e+00 1.26862068e+01 6.10073233e+00
    7.75303459e+00 9.59157753e+00 3.22087264e+00 5.49704373e-01
    1.02129489e-01 8.76385021e+00 1.95588446e+00 8.83522701e+00
    6.05275631e+00 3.04253983e+00 1.91708934e+00 1.10854216e+01
    3.09270644e+00 1.03460398e+01 8.89920425e+00 2.92309582e-01
    1.95845924e-02 1.91789377e+00 6.67584324e+00 1.51137352e+00
    7.26558208e+00 6.87622118e+00 8.68645668e+00 2.05298114e+00
    2.43717122e+00 1.01250029e+01 5.45678520e+00 1.22582912e+01
    1.14651489e+00 4.02288437e+00 2.22375727e+00 9.63473225e+00
    9.21639252e+00 7.08145714e+00 6.31158257e+00 4.84100294e+00
    5.74653912e+00 5.50572395e+00 1.02487125e+01 7.19385326e-01
    9.47747707e+00 1.21697721e+01 7.24814749e+00 1.21157064e+01
    4.22266960e+00 6.48332930e+00 1.28953409e+01 7.42025518e+00
    6.11072016e+00 1.19124374e+01 7.80189514e+00 5.93516016e+00
    1.09118569e+00 3.73496580e+00 1.02985182e+01 9.05423450e+00
    5.41017866e+00 1.19026680e+01 6.60656452e-01 1.05162287e+01
    1.28222294e+01 9.44714451e+00 7.59741449e+00 2.12104619e-01
    4.44489288e+00 8.39636612e+00 1.26081944e+01 3.33545947e+00
    6.43592536e-01 6.90382147e+00 3.00875998e+00 7.52417040e+00
    8.73769665e+00 9.00289536e+00 4.87944460e+00 7.16897678e+00
    9.76327896e+00 1.14686127e+01 9.84674549e+00 5.98022032e+00
    4.52165508e+00 1.05163946e+01 4.10939157e-01 4.68442249e+00
    5.58987045e+00 8.76783848e+00 9.40112686e+00 2.65383959e+00
    7.50483894e+00 3.99679303e+00 6.48078871e+00 7.57952690e+00
    4.37492657e+00 2.30556250e+00 1.17377234e+01 1.01631413e+01
    1.23452911e+01 4.06389999e+00 1.23473339e+01 5.92950964e+00
    3.35484338e+00 9.87143421e+00 2.61123395e+00 1.85642159e+00
    1.08484812e+01 1.02080669e+01 8.23936844e+00 1.20636978e+01
    1.24264240e+01 9.47295189e+00 9.73491478e+00 1.00509186e+01
    9.42411840e-01 4.14468002e+00 7.46886301e+00 3.30431747e+00
    1.19817371e+01 1.02622881e+01 5.91501999e+00 2.98294163e+00
    1.05771570e+01 6.91753197e+00 1.09743128e+01 8.95720387e+00
    8.58441353e+00 7.92201424e+00 1.27464218e+01 6.99430990e+00
    3.77346992e+00 3.63605881e+00 1.08998013e+00 1.41056299e+00
    1.23836441e+01 6.02904940e+00 4.75986332e-01 5.00654936e-01
    5.81891966e+00 1.25625448e+01 2.14097381e+00 4.79434341e-01
    3.35369968e+00 1.26838694e+01 5.55090189e+00 1.94873440e+00
    4.02047443e+00 8.12087154e+00 5.37069941e+00 6.13022518e+00
    1.64820802e+00 5.44506121e+00 1.09255428e+01 1.43284172e-01
    7.91392469e+00 7.99707317e+00 1.03575239e+01 8.83038998e+00
    2.20591569e+00 2.92806911e+00 1.16044626e+01 8.12871361e+00
    6.58466053e+00 1.07619276e+01 5.29257584e+00 2.84802842e+00
    9.59058285e+00 1.07865086e+01 1.04536724e+01 1.23525515e+01
    1.09986830e+01 1.21748075e+01 7.57704306e+00 6.54968834e+00
    1.16383514e+01 4.95661592e+00 8.33118153e+00 4.16036415e+00
    3.07279301e+00 3.69089460e+00 1.15921259e+01 5.95002842e+00
    9.59134293e+00 5.30080462e+00 6.76168776e+00 4.35470819e+00
    3.22888660e+00 2.48614168e+00 1.03276558e+01 5.69640255e+00
    1.14932241e+01 2.30043125e+00 1.24517012e+01 2.87965488e+00
    1.10104980e+01 1.27200947e+01 6.34336424e+00 2.35861540e+00
    1.21905098e+01 7.01730156e+00 3.40422153e+00 1.01133995e+01
    2.25599003e+00 5.18504906e+00 8.81498528e+00 9.00409508e+00
    6.55008936e+00 3.57790089e+00 4.94493425e-01 4.63722706e+00
    9.04489136e+00 3.30921245e+00 1.14280677e+00 2.60612798e+00
    6.41105080e+00 2.48697925e+00 9.29746914e+00 2.75009537e+00
    8.51044083e+00 1.14785080e+01 1.16430394e-01 1.00350275e+01
    3.88614607e+00 7.67814779e+00 6.25915861e+00 6.74771881e+00
    9.33487892e+00 4.03047144e-01 4.82570601e+00 3.26172996e+00
    1.15891371e+01 4.40722084e+00 1.27049971e+01 5.71250057e+00
    5.62565231e+00 6.38853407e+00 4.85853529e+00 1.29221344e+01
    6.15808773e+00 3.12049413e+00 7.37684441e+00 6.19008124e-01
    1.47269523e+00 1.01271353e+01 1.18887348e+01 6.75266123e+00
    3.08999681e+00 2.63087749e+00 1.37168455e+00 6.48800564e+00
    4.60145283e+00 3.69861484e+00 9.11937428e+00 9.57825279e+00
    8.22069645e+00 1.06340618e+01 9.99829769e+00 2.70925522e-01
    2.93252945e-01 7.84389162e+00 2.26713642e-01 2.73396206e+00
    7.99882317e+00 1.19352751e+01 1.21868143e+01 5.19593859e+00
    1.16990967e+01 7.54018688e+00 1.18289995e+01 1.12196913e+01
    2.39359713e+00 1.64045215e+00 9.76371479e+00 6.28407860e+00
    1.19900932e+01 2.32169580e+00 4.90227079e+00 1.89522243e+00
    8.18270874e+00 3.31747794e+00 7.77028942e+00 9.51584935e-01
    8.94183826e+00 2.20769238e+00 9.19638634e+00 2.73806036e-01
    1.19592743e+01 7.67195892e+00 1.19238958e+01 9.25599766e+00
    2.41706276e+00 4.23983669e+00 1.28681116e+01 1.27590952e+01
    1.10815632e+00 5.87755394e+00 8.78570366e+00 5.50849533e+00
    5.50126934e+00 4.72575569e+00 2.02312398e+00 5.25572205e+00
    1.04061785e+01 1.11596661e+01 4.99481773e+00 9.63974476e+00
    1.09544683e+00 1.75805807e+00 1.06807127e+01 4.90377760e+00
    2.92979217e+00 6.96954012e+00 2.14667273e+00 7.83153343e+00
    8.45376205e+00 9.40117741e+00 1.22931738e+01 7.59202433e+00
    6.44856310e+00 3.02036834e+00 8.06542587e+00 3.12871432e+00
    8.34568691e+00 1.23696480e+01 1.06922531e+01 2.22087383e+00
    7.37665176e+00 2.11997604e+00 7.60181618e+00 3.85779619e+00
    9.77567291e+00 5.70550537e+00 5.43864441e+00 9.51056480e+00
    4.15634489e+00 3.81265283e+00 1.05106649e+01 9.23950958e+00
    7.98999596e+00 8.09768772e+00 1.24813023e+01 2.99011040e+00
    4.77032471e+00 2.26185203e+00 1.15236163e+00 6.05545378e+00
    1.15397158e+01 9.66689682e+00 7.58714294e+00 1.23670454e+01
    7.20994949e+00 7.68731594e+00 1.24525261e+01 2.99113894e+00
    6.09143162e+00 2.62821436e+00 2.04965758e+00 1.12836862e+00
    1.26085501e+01 8.05444717e+00 6.46127129e+00 7.91149330e+00
    5.92408323e+00 8.02344799e+00 5.24260330e+00 7.31867313e+00
    3.50057983e+00 3.00673962e+00 5.90467882e+00 1.07898903e+01
    2.19553089e+00 5.18713427e+00 4.41672802e+00 3.98420739e+00
    6.04275703e+00 4.05881119e+00 2.09731412e+00 9.08493423e+00
    1.17412205e+01 9.97028351e+00 1.24812708e+01 2.14924335e+00
    5.82728863e+00 1.30978799e+00 1.77208805e+00 1.82156181e+00
    1.05693913e+01 7.80391884e+00 3.99810576e+00 7.48102903e+00
    2.50934511e-01 7.87961674e+00 6.66540909e+00 5.39432144e+00
    1.01047134e+01 4.61095381e+00 3.35872746e+00 5.14173555e+00
    1.19664927e+01 3.15430856e+00 1.21051235e+01 6.70623589e+00
    1.41423702e+00 4.06550741e+00 9.33340263e+00 7.95263529e+00
    1.01265831e+01 9.91834068e+00 1.13871992e-01 5.85007191e+00
    8.72430325e+00 8.69566917e+00 1.27294493e+01 9.13461506e-01
    9.34503841e+00 1.22012568e+01 9.60783291e+00 9.86822701e+00
    6.68198538e+00 7.36477280e+00 1.21596594e+01 1.18839436e+01
    1.14057217e+01 1.19020367e+01 1.26635189e+01 8.53159428e+00
    1.06328077e+01 2.30356741e+00 1.09631395e+01 5.33186674e+00
    2.26769257e+00 6.90209007e+00 8.18682384e+00 3.60916352e+00
    8.51442719e+00 8.38607597e+00 7.14689159e+00 1.72570264e+00
    1.22710724e+01 3.93924451e+00 1.00415497e+01 4.57740784e+00
    9.84498143e-01 7.05703306e+00 8.95851040e+00 1.02719164e+01
    1.18203745e+01 8.61617851e+00 5.66078961e-01 7.74675369e+00
    1.14920082e+01 1.13154869e+01 2.34424186e+00 4.53005934e+00
    1.21606321e+01 8.10760975e+00 2.35448837e-01 8.50097895e-01
    6.19914150e+00 1.83725107e+00 3.68582487e+00 1.19226933e+01
    3.33741689e+00 2.74324775e+00 3.89653355e-01 8.06314945e+00
    2.36130923e-01 1.17213840e+01 8.31876183e+00 1.18539991e+01
    6.01457167e+00 1.17232628e+01 7.33189058e+00 1.20481853e+01
    1.31944120e+00 6.16275883e+00 3.97484660e+00 6.99920940e+00
    4.80665922e+00 1.25396156e+01 2.82386422e+00 2.56712461e+00
    8.44004250e+00 9.08100843e-01 6.37993193e+00 1.27704983e+01
    3.82000637e+00 4.85849237e+00 3.53813982e+00 9.86799431e+00
    2.84400582e+00 7.01213074e+00 7.67585897e+00 9.01043224e+00
    1.26091080e+01 2.77664161e+00 2.44255161e+00 1.01557696e+00
    1.17268143e+01 1.08274364e+01 8.00896358e+00 2.90866566e+00
    9.35169506e+00 1.01497765e+01 4.28382158e+00 1.19810686e+01
    1.16031923e+01 8.68443966e+00 1.13536863e+01 2.36482310e+00
    3.06680727e+00 1.30801020e+01 9.59049416e+00 2.33584929e+00
    1.14345713e+01 2.49297976e+00 7.88975239e+00 1.10417891e+01
    1.30806313e+01 7.60866880e+00 8.96017742e+00 2.96845484e+00
    9.05799580e+00 8.81125641e+00 5.00348234e+00 3.83454895e+00
    1.00423737e+01 3.82603073e+00 5.94831085e+00 2.63814241e-01
    7.20722723e+00 5.25831270e+00 5.83426952e+00 1.26013927e+01
    8.48538935e-01 1.27655182e+01 8.20279980e+00 8.81167221e+00
    1.29675207e+01 6.89763403e+00 8.03138733e+00 5.47551346e+00
    9.46057606e+00 1.21491537e+01 1.00499220e+01 1.55208242e+00
    9.92900562e+00 1.19950913e-01 1.15671873e+01 1.05700626e+01
    6.67049503e+00 1.06469030e+01 2.21509844e-01 1.63688827e+00
    2.45863461e+00 1.23096886e+01 9.43209171e+00 7.66472340e+00
    5.14484882e+00 9.19734192e+00 7.68959475e+00 3.29576343e-01
    6.51795435e+00 2.88546920e+00 7.79312134e+00 4.70977354e+00
    3.49065137e+00 1.22448502e+01 6.69963408e+00 9.02267838e+00
    1.34524488e+00 3.91160393e+00 4.85780811e+00 9.50819588e+00
    1.90455985e+00 1.92387030e-01 9.29819298e+00 2.47906949e-02
    1.98608100e+00 1.08594093e+01 1.25179539e+01 8.35915375e+00
    4.00217867e+00 1.06424236e+01 4.99444151e+00 1.13525333e+01
    4.83872175e+00 7.10854721e+00 1.23531504e+01 2.21362662e+00
    7.20294189e+00 1.26023817e+01 7.61093044e+00 1.07235556e+01
    8.38850880e+00 2.33071971e+00 1.01480424e+00 4.73591805e+00
    5.27357674e+00 7.61247683e+00 1.07146330e+01 5.32678652e+00
    4.58425188e+00 9.94891548e+00 1.41711697e-01 1.10529757e+01
    8.16223907e+00 3.91962934e+00 1.02861176e+01 1.08211632e+01
    7.81542349e+00 9.67100525e+00 3.73054790e+00 2.28488040e+00
    8.62926579e+00 6.63087320e+00 1.24996233e+01 1.30564804e+01
    3.96325183e+00 8.81691837e+00 4.81480217e+00 8.69117260e+00
    1.88721848e+00 1.76195765e+00 9.31707382e+00 7.64386559e+00
    2.76351690e+00 8.44277573e+00 5.90828276e+00 7.68925762e+00
    1.17725487e+01 1.02227230e+01 1.38582277e+00 4.71928024e+00
    9.80614662e+00 7.17551422e+00 9.35671043e+00 6.85936022e+00
    1.28437042e+01 1.17146301e+01 2.65855789e+00 3.07294798e+00
    7.36237192e+00 1.20743113e+01 2.60136032e+00 1.14043105e+00
    5.99496794e+00 5.39674902e+00 3.16752732e-01 2.00784588e+00
    1.21736603e+01 1.21543846e+01 6.43094730e+00 1.13016672e+01
    9.31345654e+00 2.03469419e+00 1.20692854e+01 1.22499876e+01
    7.50023079e+00 1.81590629e+00 1.03027649e+01 2.78126061e-01
    7.82864714e+00 5.57113791e+00 1.14509420e+01 4.42699671e+00
    4.42211723e+00 2.14819384e+00 6.68156624e+00 9.47470665e+00
    2.47479391e+00 8.73746300e+00 6.88573408e+00 1.05905838e+01
    1.14948463e+01 9.63157773e-01 1.00026264e+01 9.15166283e+00
    9.57688236e+00 1.28725681e+01 7.98120117e+00 8.08547974e+00
    4.30640221e+00 1.34402132e+00 1.03862839e+01 7.80210161e+00
    1.05874991e+00 1.17126970e+01 1.26327240e+00 3.30251241e+00
    8.03907967e+00 5.51177740e+00 7.71544218e+00 1.24870074e+00
    4.65349817e+00 1.96363533e+00 4.76606178e+00 9.10861683e+00
    1.99146450e+00 6.25754595e-01 1.12343035e+01 7.64854288e+00
    3.50504160e+00 1.20219803e+01 1.16615925e+01 7.66786385e+00
    9.49353790e+00 3.30848023e-02 6.50310469e+00 1.21935558e+01
    1.11913013e+01 6.36009073e+00 5.36129761e+00 4.15319872e+00
    7.47756433e+00 7.37738323e+00 2.15108728e+00 1.16085625e+01
    9.52266884e+00 9.06530190e+00 9.41758919e+00 1.41345918e+00
    6.50849628e+00 5.40494251e+00 5.52632952e+00 1.05408201e+01
    1.21346445e+01 3.76155806e+00 1.49081147e+00 1.59593129e+00
    3.61999226e+00 3.13235855e+00 1.18368530e+00 1.62302244e+00
    1.16623602e+01 1.04660234e+01 3.23477864e+00 9.35632992e+00
    5.61667347e+00 6.08494711e+00 1.01385860e+01 9.18878937e+00
    9.45173264e+00 2.68907636e-01 1.03545094e+01 1.10235939e+01
    1.02293596e+01 9.13930893e+00 6.19396734e+00 2.65034413e+00
    3.48376632e-01 1.06440487e+01 1.01704845e+01 7.42271566e+00
    1.20781555e+01 1.38343954e+00 1.22002113e+00 8.73855495e+00
    1.12038002e+01 1.26817560e+01 7.93147087e+00 5.50442696e+00
    7.93878174e+00 9.44481468e+00 9.26717949e+00 3.51727414e+00
    6.89372826e+00 1.07603731e+01 8.39006519e+00 1.16145515e+01
    3.73414326e+00 1.84399128e+00 1.06618631e+00 1.56091750e+00
    1.05386286e+01 4.89796734e+00 1.21234426e+01 9.70776749e+00
    6.34602547e+00 1.63720846e+00 9.19223607e-01 3.72283220e+00
    1.61696708e+00 2.12334132e+00 1.49115860e+00 1.03611488e+01
    3.22273612e+00 8.66640568e+00 2.12255526e+00 9.76700115e+00
    4.68359137e+00 7.00932264e+00 9.65773487e+00 1.30242357e+01
    6.19026566e+00 4.27865601e+00 1.24113903e+01 5.03717375e+00
    6.01047039e+00 1.16183197e+00 6.41819811e+00 1.23868170e+01
    2.58985972e+00 9.84678459e+00 8.33434677e+00 8.29060525e-02
    3.82174277e+00 1.52526176e+00 2.44020844e+00 3.95236206e+00
    1.77564308e-01 1.83097172e+00 6.82157278e+00 1.43546152e+00
    2.49729425e-01 5.90254879e+00 1.08660660e+01 5.55772257e+00
    2.27136660e+00 4.84036779e+00 1.09081869e+01 8.66468143e+00
    2.43767929e+00 5.17246103e+00 3.45595241e+00 1.17471714e+01
    2.44256943e-01 2.64903951e+00 6.11252260e+00 1.28742561e+01
    6.57931328e+00 1.18373747e+01 1.00622187e+01 2.74124551e+00
    9.80325413e+00 1.15181789e+01 6.33222723e+00 1.20781088e+00
    3.52378154e+00 1.61970115e+00 1.19092646e+01 8.30084229e+00
    8.58345795e+00 1.89916062e+00 6.83258057e-01 7.11933088e+00
    7.53880119e+00 7.54476833e+00 4.69778967e+00 1.08657427e+01
    1.71603513e+00 4.18391265e-03 1.21869278e+01 2.32147574e+00
    7.00091171e+00 5.52193689e+00 1.13434944e+01 1.73893631e+00
    3.87667036e+00 1.27721310e+01 1.11167698e+01 1.12674217e+01
    4.20569390e-01 3.38092542e+00 1.04244471e+01 4.54019785e+00
    1.13295679e+01 4.20156384e+00 1.81645304e-01 6.22227812e+00
    5.18149757e+00 1.16814079e+01 5.23079348e+00 1.85418379e+00
    1.71424985e+00 1.05523214e+01 5.49531460e+00 3.12342763e+00
    1.02834435e+01 3.70235872e+00 5.44979906e+00 1.03589993e+01
    9.03942776e+00 1.21291599e+01 2.82387757e+00 5.57423234e-01
    8.38203907e+00 7.14836979e+00 1.08726416e+01 1.04856577e+01
    1.14190092e+01 7.15182924e+00 2.94291472e+00 8.09301376e+00
    2.30866289e+00 4.05710411e+00 1.15023117e+01 1.22670689e+01
    3.28328705e+00 8.44779205e+00 2.68193221e+00 1.03171625e+01
    9.74432850e+00 9.05251122e+00 8.21342564e+00 1.07939129e+01
    1.29649105e+01 1.99091232e+00 9.16241360e+00 3.79498720e+00
    1.29235716e+01 1.12241447e+00 6.09984207e+00 1.11261625e+01
    1.30771780e+01 1.24792862e+00 7.35578442e+00 9.46601570e-01
    1.08125706e+01 1.21804943e+01 1.05918121e+01 8.75714874e+00
    1.25690212e+01 4.60081148e+00 7.34601974e+00 5.98513079e+00
    1.08634071e+01 2.13470173e+00 1.28388090e+01 9.28421593e+00
    8.55920887e+00 1.68878698e+00 5.53294134e+00 5.79007244e+00
    4.51206398e+00 6.66626740e+00 3.34468770e+00 1.21575823e+01
    2.18480039e+00 4.50539923e+00 1.03764620e+01 4.31666994e+00
    2.96753097e+00 5.14435482e+00 7.71903706e+00 1.23494682e+01
    5.13609791e+00 1.21824570e+01 6.83454466e+00 3.58739138e+00
    4.47622776e+00 4.23633194e+00 1.33524448e-01 3.72134304e+00
    5.86295891e+00 7.62524033e+00 3.42352688e-01 8.19260216e+00
    7.32085896e+00 1.58516991e+00 3.05853415e+00 1.02629671e+01
    1.26871786e+01 1.04243193e+01 9.06753838e-01 9.00790119e+00
    3.31990051e+00 1.28744831e+01 5.22690296e+00 1.10808315e+01
    1.16518526e+01 4.92275286e+00 1.26617317e+01 4.90757513e+00
    1.13555002e+01 1.05437641e+01 1.13796930e+01 8.39334607e-01
    6.63582134e+00 3.80498558e-01 4.47320032e+00 1.24168291e+01
    4.12870264e+00 9.08459568e+00 1.17344322e+01 6.12671614e+00
    3.42926478e+00 6.09769440e+00 1.26702416e+00 7.90654373e+00
    3.70977068e+00 8.91453743e+00 1.23576288e+01 4.88696456e-01
    1.17125378e+01 1.23346119e+01 5.35503054e+00 1.00545769e+01
    1.00359716e+01 3.20711756e+00 1.43670940e+00 4.86932707e+00
    7.82494164e+00 4.06431389e+00 2.24618292e+00 1.21508579e+01
    7.53754139e+00 1.15027161e+01 2.84098434e+00 8.07465649e+00
    5.96139717e+00 1.08109484e+01 6.96630573e+00 1.09584637e+01
    5.97662926e+00 7.07726288e+00 8.55635881e-01 5.62983322e+00
    1.14323921e+01 1.41558623e+00 5.36301613e+00 1.18460455e+01
    5.58420122e-01 2.64090824e+00 7.54645872e+00 9.00970840e+00
    1.03404498e+00 4.96997309e+00 4.36406851e+00 5.73072314e-01
    1.60831571e+00 5.08571291e+00 1.21803074e+01 5.89347410e+00
    5.78819466e+00 2.21866712e-01 1.08921242e+01 2.68411160e+00
    6.66438007e+00 5.20790005e+00 1.05442686e+01 1.17294002e+00
    4.37262297e+00 5.67672396e+00 6.00065088e+00 2.52140999e+00
    5.56856489e+00 1.29425840e+01 3.38246417e+00 3.57748151e+00
    3.78750420e+00 2.74500155e+00 8.12912464e+00 4.50825214e+00
    4.33289623e+00 7.86359501e+00 1.15423107e+01 1.05889874e+01
    1.05744944e+01 6.08141565e+00 1.07798624e+00 1.01537895e+01
    5.73838949e+00 2.87092781e+00 8.08810329e+00 2.60418344e+00
    5.09849834e+00 5.74496078e+00 6.08569479e+00 8.99008846e+00
    8.62242603e+00 1.23359613e+01 6.66359425e+00 1.06690750e+01
    1.84564817e+00 2.27529693e+00 1.84468234e+00 1.13000221e+01
    9.44917488e+00 5.59100628e-01 6.75825644e+00 1.13241262e+01
    1.02703009e+01 6.94853485e-01 1.02931862e+01 1.18601265e+01
    1.29967604e+01 7.08396149e+00 1.44355893e-01 1.12682953e+01
    9.73143816e-01 4.53779888e+00 5.47972488e+00 1.24427481e+01
    4.24051809e+00 1.20002298e+01 1.29634581e+01 3.77656603e+00
    1.04611959e+01 2.71434045e+00 2.14002275e+00 9.03460789e+00
    5.99677706e+00 1.04639425e+01 2.82625532e+00 7.32705450e+00
    9.09913158e+00 4.02368021e+00 5.38051081e+00 3.51005220e+00
    5.55915022e+00 1.52192700e+00 1.04949255e+01 8.28577042e+00
    1.09499025e+01 1.09711065e+01 1.13844767e+01 3.37618083e-01
    5.19148207e+00 2.11178780e-01 7.29046297e+00 2.51010466e+00
    4.04930353e+00 9.00516033e+00 4.09861040e+00 1.30586395e+01
    2.23335958e+00 4.35474539e+00 9.59195042e+00 6.24591064e+00
    1.27108173e+01 8.22252464e+00 8.06136429e-02 5.91013002e+00
    6.48456395e-01 3.87868023e+00 5.41915670e-02 4.74729013e+00
    3.85282135e+00 1.07807331e+01 1.27808743e+01 8.72424424e-01
    1.03033705e+01 1.38909471e+00 5.66414070e+00 1.09643326e+01
    1.11597614e+01 1.14781914e+01 6.53622532e+00 3.60045266e+00
    1.23834057e+01 9.40223503e+00 4.91959524e+00 3.27622318e+00
    1.11373701e+01 1.24964924e+01 1.87362969e+00 1.12134094e+01
    1.15724316e+01 5.47034979e+00 5.45049334e+00 5.02354240e+00
    9.46190834e-01 2.20223689e+00 3.91571021e+00 1.23584423e+01
    5.02283669e+00 1.09333038e+01 9.33019638e+00 4.37620497e+00
    4.48985243e+00 2.68620491e+00 1.58842218e+00 9.59784412e+00
    6.04001045e+00 2.68537259e+00 6.43825102e+00 8.07508087e+00
    1.29629517e+01 4.44583988e+00 4.03582186e-01 4.94162035e+00
    1.29944258e+01 8.75600719e+00 1.24976091e+01 6.91398335e+00
    6.93234539e+00 4.65739775e+00 1.38086152e+00 8.27326679e+00
    3.41649604e+00 3.78239661e-01 1.17797725e-01 6.32046318e+00
    4.20906496e+00 4.05527353e+00 1.16414547e+01 1.11066465e+01
    7.95096302e+00 6.92770672e+00 5.36360264e+00 8.35466003e+00
    9.77224827e+00 3.54133773e+00 8.35353565e+00 5.10814619e+00
    1.24466515e+01 4.65083933e+00 4.54645872e+00 7.30763912e-01
    5.56817675e+00 2.52581501e+00 8.13173103e+00 6.39842939e+00
    6.48056173e+00 1.11607523e+01 6.54813194e+00 4.85132837e+00
    9.18279886e-01 9.43039656e-01 5.45537329e+00 5.01441620e-02
    8.58588505e+00 1.09678602e+01 9.02608585e+00 8.61186504e+00
    7.27320290e+00 7.71607971e+00 4.01166344e+00 1.69056141e+00
    5.84104967e+00 6.15493059e+00 1.24132767e+01 1.17381248e+01
    1.12431374e+01 9.94775486e+00 2.15839648e+00 6.22741556e+00
    2.76790977e+00 3.38511515e+00 2.87294769e+00 9.69963455e+00
    3.89191675e+00 4.95155811e+00 5.83564281e+00 3.97393823e+00
    5.10296059e+00 7.53396702e+00 6.13373661e+00 5.21033573e+00
    1.07493105e+01 1.22166576e+01 3.59072373e-03 1.04798965e+01
    4.49824142e+00 1.01389856e+01 7.08448362e+00 1.22248964e+01
    9.14430428e+00 3.76977348e+00 9.92828846e+00 1.07720556e+01
    8.03911972e+00 8.86997318e+00 1.15100307e+01 8.33723831e+00
    3.98724985e+00 1.86407959e+00 5.26569605e+00 3.13056278e+00
    7.67497206e+00 4.32250929e+00 5.85319567e+00 9.49120426e+00
    4.79866862e-01 3.28879070e+00 5.46771526e+00 9.14194393e+00
    4.17104292e+00 6.47428846e+00 1.14019489e+01 4.60920191e+00
    4.81330776e+00 2.61276722e+00 8.42636108e+00 6.11280918e-01
    2.61980700e+00 9.89369297e+00 5.42717886e+00 9.95762253e+00
    5.85716963e+00 5.87876368e+00 1.06738443e+01 1.60535634e+00
    9.28275108e+00 9.60536671e+00 6.91941452e+00 5.56288910e+00
    1.83484566e+00 4.94480228e+00 8.66859722e+00 5.15868902e+00
    1.16039028e+01 5.44424725e+00 1.40460086e+00 1.23098507e+01
    6.68126011e+00 8.60381317e+00 5.68109608e+00 9.49709320e+00
    2.89558500e-01 1.01460314e+00 8.28002262e+00 1.21822901e+01
    4.22832191e-01 1.48333490e+00 9.17006683e+00 1.02587042e+01
    7.91770458e+00 5.76735497e+00 8.98257351e+00 5.00865984e+00
    3.95850563e+00 2.07957649e+00 1.13375127e+00 9.00665569e+00
    8.95909405e+00 1.15373430e+01 1.08407822e+01 1.03185644e+01
    4.02217817e+00 3.30163741e+00 8.03902817e+00 1.07832394e+01
    1.18412933e+01 9.62334061e+00 9.80703640e+00 6.72411919e+00
    4.29145622e+00 4.63374168e-01 1.13499537e+01 4.54227781e+00
    1.48867083e+00 5.44385004e+00 1.01602926e+01 1.19103069e+01
    1.16695662e+01 9.79356861e+00 2.71244359e+00 3.17049885e+00
    1.28707895e+01 5.73724794e+00 3.92316771e+00 8.49212265e+00
    5.11336374e+00 8.42649937e+00 2.68918514e+00 4.28315926e+00
    1.10088415e+01 9.14488506e+00 7.02098417e+00 6.82992792e+00
    5.75572312e-01 1.02740831e+01 1.36618459e+00 1.03497207e+00
    1.18934603e+01 8.92132473e+00 1.29795265e+01 6.68392229e+00
    5.48903990e+00 1.04129591e+01 3.22121859e+00 1.69673359e+00
    7.82160139e+00 1.03912001e+01 3.69137883e+00 8.03641701e+00
    1.08593769e+01 1.58735418e+00 7.16570520e+00 6.04933739e-01
    4.50821304e+00 1.59765339e+00 9.11470890e+00 3.44534540e+00
    1.04064093e+01 8.48388863e+00 2.70926285e+00 7.34903193e+00
    1.02013845e+01 6.20734262e+00 2.72000003e+00 2.14259386e-01
    2.59454870e+00 1.30240812e+01 8.10942459e+00 3.77336574e+00
    1.18587837e+01 7.75395298e+00 5.78332376e+00 1.75814927e+00
    2.11503959e+00 7.36224508e+00 2.44166183e+00 5.10376453e+00
    1.16681299e+01 5.82952976e-01 1.01179790e+01 1.30148678e+01
    1.01746483e+01 4.83358049e+00 7.54329634e+00 3.46004105e+00
    6.18761396e+00 1.27983103e+01 1.15257168e+00 1.59379601e+00
    7.65607357e+00 7.42957783e+00 3.27122784e+00 1.15900564e+01
    1.16335821e+01 6.11530542e+00 1.82125762e-01 7.01812649e+00
    5.99535370e+00 7.73088789e+00 9.76071835e+00 1.12180395e+01
    5.90948629e+00 9.42064953e+00 1.29315472e+01 8.79995441e+00
    7.51941395e+00 3.88156629e+00 6.90777493e+00 1.28858938e+01
    3.67327690e+00 7.40618610e+00 9.31574821e+00 4.92151308e+00
    9.26781273e+00 4.09927845e+00 5.49769592e+00 9.14016056e+00
    1.08669128e+01 7.77178097e+00 1.22100372e+01 9.86658096e+00
    8.49692631e+00 1.35264850e+00 1.12375546e+01 5.80841112e+00
    2.34154725e+00 7.67804718e+00 2.00126410e+00 8.38339424e+00
    6.88005018e+00 9.77356339e+00 9.63713074e+00 6.15033484e+00
    6.50169086e+00 8.68475056e+00 1.25953281e+00 7.63121939e+00
    5.35789061e+00 9.39135075e+00 8.05504894e+00 1.18975248e+01
    1.02280617e+01 5.50564289e+00 5.96547508e+00 7.07295275e+00
    9.24753952e+00 1.12482910e+01 6.17681265e+00 1.07448988e+01
    8.23087883e+00 5.12871981e+00 8.89571095e+00 1.27258797e+01
    1.11658726e+01 2.03271770e+00 1.17922363e+01 1.04373188e+01
    6.20577145e+00 6.43458366e+00 5.97194672e+00 7.36888409e+00
    3.93255138e+00 1.28508270e+00 3.08034301e-01 3.59245157e+00
    1.69777393e+00 1.41229033e+00 1.00431261e+01 4.24316525e-01
    3.50992942e+00 9.52659702e+00 6.47529840e-01 9.93302107e-01
    1.06508484e+01 3.88662767e+00 1.16968870e+01 2.63478708e+00
    1.01591902e+01 9.09191036e+00 1.01281071e+01 1.30857229e+00
    1.09181099e+01 1.27355976e+01 6.41357279e+00 5.04625845e+00
    8.17827320e+00 9.27731419e+00 1.08231668e+01 1.09175653e+01
    1.10620241e+01 7.27175331e+00 5.53568077e+00 6.23461103e+00
    1.09345798e+01 4.87282133e+00 7.53794861e+00 3.01964664e+00
    1.09597337e+00 1.05485220e+01 1.21212883e+01 1.03875818e+01
    1.83580637e+00 1.26115398e+01 4.23115700e-01 1.13844454e+00
    2.49144340e+00 1.36367726e+00 2.37998509e+00 5.77635384e+00
    4.55565739e+00 1.07362270e+00 4.57181025e+00 1.46903920e+00
    1.14210281e+01 1.82685912e+00 6.48033714e+00 7.87205076e+00
    6.63406181e+00 1.21938801e+01 7.30726385e+00 8.34204197e+00
    1.21659050e+01 9.17233658e+00 1.79199159e+00 9.28697014e+00
    1.27964630e+01 7.86587667e+00 8.29561996e+00 3.62465048e+00
    5.30085421e+00 7.24812746e+00 4.10321999e+00 1.30564308e+01
    3.00494337e+00 1.02732551e+00 7.15589857e+00 9.44060421e+00
    2.21669340e+00 1.11854897e+01 7.77973604e+00 8.15050411e+00
    1.12784061e+01 6.11132288e+00 8.56805420e+00 7.65331364e+00
    1.13999128e+01 1.02075348e+01 6.08216429e+00 1.10901260e+01
    6.03406876e-02 1.20548620e+01 3.02959585e+00 4.16553211e+00
    3.37371683e+00 4.08283710e+00 3.28480840e-01 8.91100121e+00
    2.30293202e+00 9.16226006e+00 1.01881351e+01 1.18019915e+01
    1.24444437e+01 1.27977972e+01 4.46348572e+00 1.20156784e+01
    1.07939329e+01 9.86510372e+00 1.14553461e+01 6.85298729e+00
    8.98056984e+00 7.29005814e+00 1.30628757e+01 2.46055412e+00
    6.24150658e+00 1.24023714e+01 7.93854475e+00 3.79611921e+00
    5.84826374e+00 7.07957983e+00 2.22566032e+00 1.26516733e+01
    1.08170376e+01 5.22350788e+00 2.63012791e+00 4.15115023e+00
    2.93509626e+00 1.34887588e+00 1.10788822e+01 1.28905451e+00
    8.65978718e+00 9.15726662e+00 1.06180744e+01 8.56477380e-01
    4.88323975e+00 3.90039110e+00 1.66148746e+00 6.72752905e+00
    1.27549982e+01 6.14475965e+00 5.12980413e+00 1.18220673e+01
    4.09531403e+00 9.61215591e+00 1.22826405e+01 1.22179470e+01
    4.66342354e+00 2.87832403e+00 6.30902672e+00 1.12841988e+01
    6.28580570e+00 5.32802153e+00 2.33604121e+00 1.24572830e+01
    1.20239735e+01 8.05031490e+00 1.15277996e+01 7.18727970e+00
    2.65767026e+00 4.45197582e+00 2.26120758e+00 1.02206163e+01
    2.22255063e+00 5.11530733e+00 1.23145723e+01 7.04547453e+00
    8.34343147e+00 3.80896592e+00 1.24666319e+01 1.21204824e+01
    1.08031950e+01 1.03123474e+01 1.31253803e+00 1.25080371e+00
    1.56106758e+00 6.73388100e+00 3.96948338e+00 8.19384766e+00
    1.12934675e+01 1.30687447e+01 6.81506217e-01 8.85848522e+00
    3.21490812e+00 1.08492298e+01 1.63033760e+00 1.24271078e+01
    1.00047474e+01 1.03916283e+01 1.38414431e+00 8.87251568e+00
    1.27932625e+01 6.77626944e+00 8.94829369e+00 6.66286945e+00
    6.46159470e-01 9.16870975e+00 1.00518274e+01 1.22048706e-01
    1.24019442e+01 3.31081152e+00 8.17603302e+00 1.20278921e+01
    8.05329025e-01 1.14306679e+01 7.06242990e+00 1.66573811e+00
    6.07214594e+00 9.07859039e+00 8.64780998e+00 2.27158689e+00
    6.78286171e+00 1.17279387e+01 3.10428786e+00 4.78433132e+00
    6.75071001e+00 6.68557310e+00 5.25358725e+00 8.97057629e+00
    3.92701459e+00 9.77700806e+00 8.07912540e+00 1.72500208e-01
    5.04189634e+00 1.03785763e+01 1.53394043e+00 5.71899128e+00
    1.09772940e+01 8.68865204e+00 2.60266089e+00 1.09838114e+01
    1.69228530e+00 6.62723160e+00 1.06595770e-01 9.06587124e+00
    2.60187197e+00 6.21293831e+00 4.32026911e+00 1.16516533e+01
    4.31288242e+00 3.35501647e+00 7.07890987e+00 8.16268826e+00
    1.17257471e+01 1.22081909e+01 1.08640051e+01 1.13900824e+01
    6.25731897e+00 3.49784064e+00 4.24279213e+00 5.91436577e+00
    2.13461852e+00 3.71193513e-02 9.39502430e+00 1.93461657e+00
    2.82768655e+00 4.51315308e+00 2.04669809e+00 4.25038004e+00
    5.78363478e-01 1.08881063e+01 2.34333014e+00 2.24818420e+00
    1.65398467e+00 3.33520937e+00 2.34084368e+00 4.41868544e+00
    2.05950928e+00 6.58561134e+00 7.41324234e+00 8.39802647e+00
    4.65004873e+00 5.72604942e+00 1.03795252e+01 1.75908840e+00
    4.14089060e+00 1.69765675e+00 1.02303833e-01 3.61406875e+00
    1.22534590e+01 1.37239885e+00 1.16972704e+01 6.11479330e+00
    5.14889538e-01 4.52309704e+00 2.48547339e+00 6.20723724e+00
    4.02544880e+00 5.60713291e+00 5.14231300e+00 1.12343426e+01
    1.27521169e+00 5.58256483e+00 1.00486269e+01 4.80921555e+00
    9.68938541e+00 2.39270830e+00 8.14618015e+00 1.25547628e+01
    2.60978031e+00 1.20292168e+01 5.59347010e+00 2.35197043e+00
    5.34984303e+00 3.86667728e+00 8.58722496e+00 1.01567707e+01
    3.11804438e+00 1.12927427e+01 8.95573997e+00 5.18216515e+00
    1.79597068e+00 3.04836702e+00 1.02502279e+01 9.76222801e+00
    5.17067289e+00 1.26128941e+01 4.33131933e+00 9.94845295e+00
    1.05076303e+01 1.20679007e+01 5.35152483e+00 1.12511358e+01
    3.58700895e+00 5.58876324e+00 1.25892143e+01 7.27524936e-01
    3.85742545e+00 9.78492928e+00 9.74270916e+00 1.30751781e+01
    7.89810562e+00 2.23719597e+00 2.48293424e+00 2.22473130e-01
    3.29359198e+00 1.25245609e+01 8.20036221e+00 1.70434773e+00
    4.64405537e+00 6.89229250e+00 1.30836296e+00 9.02053452e+00
    1.83351743e+00 4.29518986e+00 1.09598856e+01 1.06562157e+01
    3.42290139e+00 6.66334438e+00 7.22123909e+00 9.26834106e+00
    4.86616802e+00 9.74810791e+00 1.53007174e+00 8.29317760e+00
    8.03794479e+00 4.59892464e+00 1.26633568e+01 1.18062582e+01
    2.87936163e+00 1.18220005e+01 1.01112347e+01 1.03981838e+01
    7.90247798e-01 2.07576632e+00 5.55819559e+00 1.18899117e+01
    7.38583231e+00 5.24664593e+00 1.02681246e+01 1.09414244e+01
    1.23085489e+01 6.72767103e-01 4.36331892e+00 8.19511604e+00
    1.05042467e+01 9.36773717e-01 1.50743365e+00 1.04919901e+01
    9.32928562e+00 1.11954155e+01 1.22712498e+01 7.20005083e+00
    1.54335773e+00 1.14202662e+01 1.12844172e+01 4.02545786e+00
    2.21998334e+00 2.42101979e+00 1.10277977e+01 5.80299664e+00
    7.33161926e+00 6.54939461e+00 2.59547544e+00 6.92547894e+00
    5.93515873e+00 6.49450636e+00 4.89834595e+00 3.81070280e+00
    1.14640121e+01 2.21821094e+00 7.46887827e+00 7.88133860e+00
    7.02273512e+00 9.82777596e+00 9.91608429e+00 4.77080584e+00
    7.62673330e+00 5.40334940e+00 6.54500198e+00 4.03089523e+00
    8.65454960e+00 8.51743126e+00 3.42258120e+00 3.25334501e+00
    5.47756863e+00 1.00987232e+00 1.25357761e+01 3.43418479e+00
    3.34535003e+00 1.02816515e+01 1.15752325e+01 1.08465261e+01
    9.60089779e+00 8.93975735e+00 4.52336454e+00 2.11148953e+00
    3.19831753e+00 5.67128360e-01 6.85735178e+00 5.39464378e+00
    1.17666550e+01 1.00054703e+01 2.76181936e+00 6.33370161e+00
    7.45346022e+00 1.01865568e+01 1.03585844e+01 5.34056664e+00
    4.42629910e+00 4.87074471e+00 1.45765483e+00 2.08052230e+00
    1.19593942e+00 6.09632063e+00 2.99351001e+00 8.91545677e+00
    1.23880339e+01 6.41731882e+00 4.74919367e+00 8.19076443e+00
    9.44483280e+00 8.38925648e+00 1.25252190e+01 2.51440382e+00
    4.92195845e+00 7.29825497e+00 5.71775389e+00 6.46372080e+00
    1.66186237e+00 8.45292568e+00 5.05173445e+00 1.19047461e+01
    6.00899172e+00 2.65966988e+00 6.12209201e-01 8.03375185e-01
    1.05920830e+01 6.59696293e+00 2.30185962e+00 1.00984402e+01
    5.65085268e+00 1.84469545e+00 2.63022959e-01 7.78863764e+00
    2.75778294e-01 9.10395908e+00 3.69044399e+00 9.20756817e+00
    3.14704490e+00 1.25615139e+01 5.45079088e+00 9.57084084e+00
    1.12308769e+01 7.61545563e+00 4.16793013e+00 1.20436449e+01
    1.17818069e+01 6.21540117e+00 3.60279107e+00 7.08877563e+00
    1.29336920e+01 8.81806755e+00 3.19269371e+00 1.28166370e+01
    6.00146580e+00 1.24074526e+01 7.95719767e+00 5.14492083e+00
    6.63246059e+00 7.62184477e+00 1.63528651e-01 9.56407642e+00
    5.91685581e+00 6.80679226e+00 9.15222359e+00 7.99776077e+00
    2.42512679e+00 7.97610664e+00 1.07807674e+01 8.82942200e+00
    3.45424724e+00 5.84466743e+00 4.97094488e+00 1.01957445e+01
    6.52402496e+00 1.22825432e+01 3.94269562e+00 2.65442681e+00
    1.12255068e+01 4.76058531e+00 1.23607855e+01 2.46695256e+00
    7.29439592e+00 7.09643555e+00 4.91958714e+00 1.22384462e+01
    8.25737381e+00 5.52191687e+00 7.70492315e+00 8.59339142e+00
    5.07536602e+00 8.11711013e-01 9.77955437e+00 1.10843248e+01
    8.89468002e+00 7.90746868e-01 4.36240196e+00 8.32166481e+00
    8.77197170e+00 1.74000728e+00 1.00040874e+01 8.61286449e+00
    1.05503397e+01 5.38544559e+00 1.79509771e+00 4.32893229e+00
    2.84611487e+00 1.08647156e+01 1.78541374e+00 5.84461021e+00
    5.53595209e+00 8.79940796e+00 2.41159272e+00 2.21122527e+00
    6.15478420e+00 1.84211493e-01 1.26676483e+01 1.04433737e+01
    1.15177555e+01 7.38513088e+00 5.10559022e-01 2.93389058e+00
    5.62312651e+00 1.18230152e+01 1.15425110e+01 1.09943733e+01
    9.86736488e+00 2.11060834e+00 3.98311996e+00 1.23601570e+01
    1.09730539e+01 3.22882771e+00 4.55791330e+00 5.20130205e+00
    5.66806126e+00 6.08493268e-01 8.26644707e+00 1.23541050e+01
    6.98911667e+00 1.08513565e+01 9.38532257e+00 1.09348402e+01
    5.13945055e+00 8.36532879e+00 5.32571697e+00 7.73858643e+00
    3.02956557e+00 9.24749911e-01 9.14895821e+00 8.76707840e+00
    7.77631855e+00 6.04929209e+00 5.08131695e+00 1.23530550e+01
    1.25261230e+01 1.03004675e+01 6.90206623e+00 9.97721004e+00
    2.29268718e+00 1.23818159e+01 5.09034061e+00 3.76262498e+00
    1.24771681e+01 8.26898193e+00 1.06465683e+01 8.87155437e+00
    1.06777821e+01 6.78101587e+00 3.47860241e+00 7.95410013e+00
    5.14042854e-01 6.08704948e+00 9.79606724e+00 1.04098215e+01
    1.30551805e+01 2.22280097e+00 1.26370649e+01 2.86577845e+00
    1.41558051e+00 1.00401735e+01 8.65652370e+00 7.66482925e+00
    3.28308606e+00 1.18598833e+01 1.30637808e+01 7.40574777e-01
    2.47311997e+00 3.10035205e+00 2.67708898e+00 7.31081152e+00
    9.70323467e+00 5.80561638e+00 1.24825211e+01 8.79541636e-01
    1.07931280e+01 1.06642971e+01 4.99153709e+00 4.07978624e-01
    8.50306892e+00 8.06981945e+00 3.76468253e+00 5.84946537e+00
    6.84097350e-01 1.41709709e+00 1.68249592e-01 9.40148640e+00
    1.15741224e+01 4.02502269e-01 1.00108366e+01 6.91449451e+00
    1.01840556e+00 1.12813530e+01 1.02561693e+01 1.19285107e+01
    7.76094866e+00 8.34031868e+00 7.59826183e+00 3.22217011e+00
    9.93089390e+00 7.15707684e+00 6.37342215e-01 1.51217639e+00
    3.65977359e+00 1.11780577e+01 4.61038733e+00 7.94698906e+00
    1.04976540e+01 9.86212432e-01 6.34551716e+00 1.23713036e+01
    1.20630398e+01 3.45811868e+00 9.63229847e+00 9.94719696e+00
    1.26375504e+01 5.74989676e-01 5.65904498e-01 6.29070818e-01
    9.78221321e+00 5.58713436e+00 1.13434296e+01 8.01893806e+00
    7.65459681e+00 2.73760748e+00 4.08973312e+00 9.80557919e+00
    6.20503569e+00 1.08127298e+01 4.78432751e+00 8.86073232e-01
    7.14798498e+00 9.03806591e+00 4.43666077e+00 8.92250538e+00
    4.22096491e+00 8.28308296e+00 5.28262949e+00 5.96238708e+00
    1.44601107e+00 6.64454365e+00 1.37328684e+00 6.90817165e+00
    8.14546680e+00 1.20718994e+01 1.14492216e+01 5.83691978e+00
    5.53108501e+00 7.88800240e+00 7.11341500e-01 9.54521370e+00
    1.24490805e+01 9.92389202e+00 6.31025743e+00 1.30502415e+01
    1.12857733e+01 1.73470271e+00 6.61537313e+00 1.16507854e+01
    5.46918213e-01 9.19107246e+00 1.90512574e+00 6.64090490e+00
    1.67116201e+00 1.27312870e+01 1.00219803e+01 8.65361118e+00
    5.07065344e+00 1.08001156e+01 5.88597894e-01 8.19192886e+00
    4.99619293e+00 6.12738657e+00 1.67020667e+00 6.11232936e-01
    8.17356586e+00 7.77086854e-01 7.54898190e-02 1.01709690e+01
    1.00333169e-01 1.26507616e+01 6.34377813e+00 7.74837446e+00
    9.23408222e+00 3.08056712e+00 2.95444369e-01 5.55038023e+00
    1.21218939e+01 5.32662630e-01 1.21813240e+01 8.59412384e+00
    9.67633343e+00 4.00882339e+00 8.60096931e+00 4.92308903e+00
    4.38942432e+00 7.13569164e+00 2.08181632e-03 8.78353715e-01
    1.20136948e+01 9.42264938e+00 1.02968369e+01 8.36355782e+00
    8.23140144e+00 8.54792976e+00 1.16623859e+01 2.58218241e+00
    1.04031258e+01 7.20302677e+00 1.16109352e+01 1.05329075e+01
    4.75313711e+00 4.73730040e+00 1.84767246e+00 6.68435049e+00
    8.56912899e+00 9.60648346e+00 8.80408382e+00 8.30663395e+00
    1.28270779e+01 9.39103508e+00 1.20387907e+01 1.24573731e+00
    2.63986278e+00 1.21238813e+01 5.72752990e-02 8.73301125e+00
    1.75811422e+00 5.89698362e+00 2.17536259e+00 6.57215834e+00
    8.90720272e+00 1.05153871e+00 1.85254884e+00 2.83402711e-01
    4.21130991e+00 1.39012873e+00 1.10796442e+01 1.27195454e+01
    1.05460768e+01 8.98704624e+00 3.53527546e+00 1.77713799e+00
    8.43909454e+00 7.17891991e-01 2.45633149e+00 6.33964920e+00
    6.08352327e+00 4.55770874e+00 1.19458332e+01 1.28666029e+01
    8.83789158e+00 1.94765401e+00 9.69766140e+00 1.22620096e+01
    7.57241011e+00 1.27336254e+01 8.93114853e+00 6.91224957e+00
    7.42088556e+00 6.11341238e+00 2.41370153e+00 1.20357294e+01
    2.05846477e+00 1.28098326e+01 1.02811413e+01 6.52754545e+00
    1.05660009e+01 1.15966587e+01 1.26710863e+01 4.45855427e+00
    6.43378735e+00 9.15678620e-01 3.22449589e+00 1.04434633e+01
    2.60912251e+00 1.23780527e+01 3.78414226e+00 9.37128448e+00
    9.69296741e+00 4.43891764e+00 1.18314371e+01 1.23207359e+01
    1.23222275e+01 5.16337109e+00 2.99136853e+00 7.08629799e+00
    5.23781586e+00 5.82254601e+00 6.43509054e+00 4.03860521e+00
    7.23305655e+00 7.13578653e+00 4.22895527e+00 7.90117025e+00
    5.86520338e+00 1.05433893e+01 1.21551514e+00 8.25074291e+00
    2.48416257e+00 3.80846667e+00 3.89393616e+00 3.46744275e+00
    7.97573662e+00 7.37086535e+00 4.86310816e+00 3.29809976e+00
    6.75548172e+00 1.18754711e+01 5.75208521e+00 3.46213841e+00
    8.68918610e+00 1.18333673e+01 1.06200924e+01 1.26746111e+01
    7.38830042e+00 8.31696153e-01 1.21879101e+01 1.18140764e+01
    3.60098171e+00 7.99888802e+00 1.04871702e+01 8.26551616e-01
    7.83310986e+00 1.24730320e+01 2.55671054e-01 7.63567066e+00
    8.92195225e+00 3.93232608e+00 3.06431961e+00 6.97582436e+00
    7.88309336e+00 4.70004886e-01 1.29859266e+01 3.57607388e+00
    1.17044077e+01 1.01171932e+01 3.95354080e+00 4.99604511e+00
    1.13888168e+01 3.49812245e+00 8.30918121e+00 3.08687043e+00
    4.29272205e-01 1.11275759e+01 1.56395161e+00 7.63537502e+00
    6.71526480e+00 1.05693989e+01 4.49530458e+00 2.05513883e+00
    7.09745789e+00 4.04367924e+00 1.11515369e+01 5.57221174e+00
    5.99748087e+00 1.23528271e+01 9.71915054e+00 9.71469116e+00
    2.53314996e+00 4.89615870e+00 1.03023112e+00 1.25222921e+01
    3.57676923e-01 9.70467377e+00 2.01406837e+00 1.05086689e+01
    5.90029478e+00 7.35403585e+00 4.42378134e-01 1.15432110e+01
    7.35530138e+00 6.07498455e+00 8.86367989e+00 9.57093811e+00
    8.16763401e-01 2.81132507e+00 5.58675528e-01 4.19781685e+00
    5.04726744e+00 1.16711979e+01 6.51626778e+00 7.26676416e+00
    5.91511154e+00 2.46542549e+00 3.56713772e+00 1.15432720e+01
    6.83743238e-01 1.14211047e+00 4.17875814e+00 3.21363747e-01
    5.47715044e+00 2.28476167e+00 1.82909670e-03 7.52669954e+00
    7.89718580e+00 9.32284069e+00 3.28670764e+00 2.28333807e+00
    5.81838989e+00 3.16939282e+00 8.56199932e+00 3.16383195e+00
    1.28935299e+01 6.99322748e+00 7.72008657e+00 3.83539081e+00
    1.07474232e+01 9.58013415e-01 9.05991364e+00 1.41861606e+00
    3.91415119e+00 7.74986839e+00 1.17830267e+01 9.89419365e+00
    3.99220133e+00 6.64412069e+00 9.07367706e+00 9.22695827e+00
    1.20021095e+01 6.26960039e+00 2.55570173e+00 1.22863731e+01
    2.68515325e+00 1.98073640e-01 7.84220600e+00 1.11691034e+00
    6.12958491e-01 5.34238482e+00 2.74647164e+00 1.08942871e+01
    1.96516263e+00 5.56432819e+00 1.19672728e+00 2.60908127e+00
    4.54869127e+00 8.84316826e+00 1.03384819e+01 1.08742561e+01
    1.26973791e+01 2.97081973e-02 4.38200474e-01 7.32150507e+00
    1.53368223e+00 4.90790033e+00 5.42903185e+00 7.15528822e+00
    8.55081367e+00 8.35924447e-02 2.61445117e+00 1.14271221e+01
    9.86786461e+00 1.03600807e+01 3.34821343e+00 6.93509388e+00
    5.63896656e+00 1.16824446e+01 6.06881797e-01 7.29944992e+00
    1.14188838e+00 5.52905130e+00 1.09691954e+01 5.03197813e+00
    1.13943281e+01 1.02346544e+01 6.10303402e+00 1.07809658e+01
    1.50137329e+00 1.27428217e+01 1.18150148e+01 6.96754169e+00
    2.01136279e+00 3.22493196e-01 1.99763095e+00 1.18087130e+01
    6.38853884e+00 8.79999447e+00 4.96169090e+00 1.09499922e+01
    8.38379002e+00 8.94872904e-01 5.37371016e+00 8.96165276e+00
    1.09049282e+01 2.16096187e+00 8.85423756e+00 1.01311626e+01
    4.25452709e+00 3.62930751e+00 7.62248039e+00 8.71452713e+00
    9.33748055e+00 3.98479533e+00 7.56962442e+00 1.19969244e+01
    1.30405064e+01 3.64719987e+00 1.70167267e+00 3.70184088e+00
    3.62890983e+00 9.37715912e+00 1.02070265e+01 1.31449234e+00
    9.03100669e-01 5.43510818e+00 7.55371571e+00 1.19211607e+01
    1.26973171e+01 7.71613550e+00 8.97012043e+00 4.73440552e+00
    3.35709119e+00 2.24788690e+00 4.56114483e+00 3.35996509e-01
    1.06897192e+01 2.64948153e+00 5.08894825e+00 3.29359555e+00
    1.08214054e+01 4.22857428e+00 9.69473553e+00 1.19789076e+00
    3.06503034e+00 2.25663877e+00 1.27123976e+01 1.11045132e+01
    4.50415230e+00 1.17901688e+01 1.90157032e+00 8.62453938e+00
    2.58464694e+00 9.94494057e+00 4.57547426e+00 7.33954287e+00
    1.09101334e+01 1.16586895e+01 3.62831116e+00 1.49999225e+00
    1.96277237e+00 4.44925928e+00 6.20651722e+00 1.54041541e+00
    7.73233795e+00 3.05614972e+00 4.41010189e+00 6.94067097e+00
    2.87310243e+00 1.57010174e+00 7.15719366e+00 1.91848326e+00
    1.29049397e+01 1.26500874e+01 5.76262426e+00 1.40905106e+00
    1.27882147e+01 1.20401275e+00 5.21731949e+00 7.89321423e+00
    4.93890285e+00 4.63956881e+00 8.29825783e+00 1.40627098e+00
    2.41066837e+00 9.51873970e+00 1.07865696e+01 3.35144806e+00
    1.29075050e+01 5.81364298e+00 8.57681751e+00 2.57277036e+00
    1.14192257e+01 8.51826286e+00 7.76008224e+00 4.74710131e+00
    2.01984024e+00 6.54008102e+00 9.57734013e+00 9.40008926e+00
    5.61873484e+00 3.23941565e+00 5.15922308e+00 9.91103458e+00
    5.95034742e+00 8.31230545e+00 7.75973940e+00 1.01031866e+01
    2.12573552e+00 9.60467625e+00 8.09253407e+00 1.30338802e+01
    4.86952162e+00 3.15088773e+00 9.50569391e-01 4.62823534e+00
    4.02536958e-01 1.13863063e+00 1.23277502e+01 1.74392533e+00
    6.64063740e+00 8.31611156e+00 1.12388411e+01 2.70318747e+00
    3.21680814e-01 4.61890936e+00 5.63764000e+00 1.03465996e+01
    4.51254368e+00 4.38946152e+00 2.90038548e-02 3.33076715e+00
    4.08607578e+00 6.60900974e+00 1.24382915e+01 7.98669767e+00
    9.58469391e+00 3.79076934e+00 1.08153725e+01 6.55028403e-01
    1.08303569e-01 1.13303671e+01 2.67427301e+00 4.51321268e+00
    3.88384008e+00 9.54102874e-01 7.90722322e+00 1.04045715e+01
    4.97338724e+00 1.19685869e+01 3.89325666e+00 1.83843827e+00
    3.41681898e-01 8.13558769e+00 5.61164904e+00 3.85480434e-01
    3.82406044e+00 6.20079374e+00 5.56642675e+00 4.45512176e-01
    8.98074818e+00 6.19807911e+00 9.70801926e+00 1.04249849e+01
    3.01443768e+00 8.78423214e+00 9.33053780e+00 1.37823689e+00
    5.13125801e+00 3.57977509e+00 3.78767538e+00 9.66961002e+00
    1.30388994e+01 6.10967255e+00 8.68959427e-01 1.11715736e+01
    4.86078072e+00 1.16785240e+01 1.15708399e+01 1.11734571e+01
    8.86673546e+00 4.09534121e+00 1.75624471e-02 3.66050243e-01
    1.11705294e+01 1.37807894e+00 1.22165518e+01 4.09025818e-01
    7.39652395e+00 1.39645696e+00 1.14134340e+01 6.70236921e+00
    1.71738482e+00 1.17555685e+01 1.15378685e+01 1.28762274e+01
    3.20645750e-01 3.02971029e+00 5.13595867e+00 1.64456749e+00
    1.72862303e+00 1.21050949e+01 1.23875952e+01 1.02352774e+00
    3.40914750e+00 1.37996876e+00 6.38091183e+00 2.40403557e+00
    5.33442616e-01 1.30609236e+01 2.94343233e+00 7.64853382e+00
    1.20803671e+01 8.48710346e+00 8.24837208e+00 2.90804243e+00
    8.96864605e+00 4.84052181e+00 9.70071411e+00 5.05564451e+00
    4.24914360e+00 8.26521969e+00 2.77963805e+00 4.89883041e+00
    1.06376944e+01 7.51894999e+00 2.21254015e+00 8.04709148e+00
    1.13559227e+01 2.96921158e+00 4.15795374e+00 3.68882775e+00
    1.14327126e+01 5.07118988e+00 3.77673340e+00 2.92361826e-01
    8.72002316e+00 8.92259502e+00 9.69841766e+00 9.45972919e+00
    2.60441899e-01 1.05434275e+01 7.06212091e+00 1.16228714e+01
    1.13103437e+01 5.06218338e+00 8.18218589e-01 6.32879019e+00
    4.98416328e+00 3.63600206e+00 4.50314903e+00 1.28519201e+01
    4.48514402e-01 1.12888193e+01 6.66624403e+00 7.85374117e+00
    5.16251755e+00 7.72522497e+00 1.24971285e+01 1.02320423e+01
    7.55532360e+00 7.88495493e+00 7.40007257e+00 8.23588467e+00
    1.40406418e+00 8.41759491e+00 3.22873974e+00 7.94163656e+00
    1.71480358e+00 9.40666571e-02 4.23208332e+00 8.08506584e+00
    4.32842064e+00 1.29230223e+01 4.73506260e+00 1.63605213e+00
    9.10114670e+00 3.64287186e+00 4.13266271e-01 3.23140693e+00
    5.91466141e+00 1.13486052e+01 1.10072088e+01 2.26256895e+00
    7.65609264e+00 4.22551298e+00 2.65055108e+00 7.73298120e+00
    8.83850384e+00 1.05196304e+01 1.18284397e+01 9.24961662e+00
    7.78178883e+00 7.32797384e+00 4.15133095e+00 6.11122322e+00
    3.32580757e+00 9.12384892e+00 1.24162035e+01 8.34968185e+00
    5.43341064e+00 1.07130848e-01 7.64833117e+00 1.15170679e+01
    1.21411860e-01 5.66098976e+00 1.20096540e+01 1.07461376e+01
    5.53098011e+00 1.29744062e+01 5.31071711e+00 6.39562702e+00
    3.55240941e+00 1.39153957e+00 5.38795662e+00 6.90716267e+00
    1.20760870e+01 2.63354808e-01 3.33723760e+00 1.27618723e+01
    7.93678474e+00 7.37689912e-01 8.86417961e+00 8.05248737e+00
    6.98057413e+00 1.28392792e+01 4.95126343e+00 5.17105770e+00
    5.99241829e+00 1.01151791e+01 9.80907202e-01 1.23981676e+01
    1.28955564e+01 8.07219028e+00 2.36676717e+00 2.71671563e-01
    7.37526941e+00 1.34526742e+00 7.45946741e+00 1.26107283e+01
    5.64443970e+00 8.37818527e+00 1.02896481e+01 3.14946961e+00
    5.83966780e+00 4.32597017e+00 1.10928240e+01 3.19994092e+00
    3.68565679e+00 4.55004263e+00 7.88403034e-01 8.99386883e+00
    3.27416611e+00 1.19589968e+01 1.00808115e+01 1.11657019e+01
    5.92298603e+00 5.07621431e+00 1.27693281e+01 1.09859552e+01
    6.30633593e-01 7.80225372e+00 7.63884020e+00 1.13278799e+01
    6.70286655e+00 1.03647118e+01 6.33348560e+00 4.79856443e+00
    5.46101379e+00 3.10389566e+00 3.24572235e-01 4.13739109e+00
    1.14356842e+01 9.81215572e+00 2.94809532e+00 6.08490658e+00
    1.63367045e+00 4.87258464e-01 9.57194996e+00 1.24068069e+00
    4.07517338e+00 4.72272444e+00 7.17806578e+00 4.98101139e+00
    1.19850559e+01 1.04780598e+01 6.25448275e+00 6.40485811e+00
    9.35953140e+00 3.88860130e+00 8.65432262e+00 4.57616615e+00
    9.13181210e+00 9.49318218e+00 4.64857674e+00 1.28853378e+01
    4.27500296e+00 9.91602993e+00 2.67402261e-01 1.20016718e+01
    1.18413818e+00 1.22735519e+01 1.27344446e+01 8.48685205e-02
    3.39917874e+00 8.40689564e+00 1.00459709e+01 9.14993191e+00
    5.09230280e+00 7.78410578e+00 3.92856836e+00 1.23356879e+00
    6.59134150e+00 8.26215458e+00 9.93733788e+00 1.06213894e+01
    2.14536279e-01 3.00937629e+00 3.18248391e-01 8.75290012e+00
    8.11439133e+00 6.22905016e+00 1.10996380e+01 3.02235961e+00
    4.79397202e+00 1.03824673e+01 5.60484743e+00 1.17464199e+01
    5.76323271e+00 1.75731575e+00 1.05502043e+01 2.63357210e+00
    1.36771703e+00 4.27319670e+00 2.67254949e+00 1.30439177e-01
    5.18123031e-01 4.57895899e+00 2.51584983e+00 4.74198198e+00
    2.53782058e+00 8.29550552e+00 7.19050264e+00 4.02464104e+00
    2.29681104e-01 9.11762714e+00 5.52858591e+00 1.23034992e+01
    7.11856079e+00 9.07319367e-01 7.75041151e+00 1.13491364e+01
    2.71357596e-02 9.92408085e+00 1.22533522e+01 1.16314745e+01
    1.05508995e+01 6.78764963e+00 1.32212055e+00 1.22480574e+01
    9.25004959e+00 2.92514133e+00 1.29801807e+01 1.90339184e+00
    5.52647734e+00 1.12213764e+01 3.12904382e+00 5.14539099e+00
    7.51113892e+00 1.14099991e+00 4.25683355e+00 1.48500228e+00
    5.92079926e+00 1.29274416e+01 1.09077730e+01 5.68537045e+00
    1.24673023e+01 5.15404797e+00 1.07718887e+01 8.32896423e+00
    1.09864483e+01 2.83762956e+00 5.89918756e+00 1.16435778e+00
    9.73483276e+00 5.63229704e+00 2.59653717e-01 1.88738197e-01
    8.21454048e+00 1.26398029e+01 4.71204519e+00 1.00066471e+01
    4.18984461e+00 1.02767038e+00 3.39010000e+00 1.28788958e+01
    3.80707920e-01 3.73021507e+00 9.54291630e+00 4.11136293e+00
    8.46428204e+00 4.40239787e-01 1.19488134e+01 5.41710186e+00
    5.33242226e+00 7.51841259e+00 1.13494253e+01 5.57959509e+00
    5.90174627e+00 4.97134590e+00 2.26960588e+00 1.02794571e+01
    2.54559970e+00 3.05642319e+00 9.68086243e-01 8.26661682e+00
    5.99413347e+00 1.19036407e+01 7.09666538e+00 6.03886986e+00
    9.18667221e+00 6.01018000e+00 5.35254145e+00 8.00243473e+00
    4.89013243e+00 1.27097597e+01 2.03080583e+00 1.21061668e+01
    5.93390322e+00 7.90746784e+00 6.06092691e+00 4.50058079e+00
    1.24325457e+01 9.57842159e+00 9.17140865e+00 1.24951353e+01
    9.30793476e+00 4.96997833e+00 2.52091074e+00 8.41511822e+00
    6.42826509e+00 3.77385449e+00 2.37324882e+00 6.69349146e+00
    6.05289316e+00 1.24723415e+01 3.47247171e+00 6.84086800e+00
    1.17635765e+01 5.36465597e+00 6.20455980e+00 8.17597330e-01
    1.44813645e+00 1.23127098e+01 3.89307117e+00 2.31331635e+00
    7.09893799e+00 1.06621408e+01 1.19511662e+01 1.12692842e+01
    4.17980385e+00 1.17614775e+01 2.71252656e+00 2.81283617e+00
    4.46351528e+00 1.27757540e+01 8.03968620e+00 1.28922443e+01
    3.15476465e+00 5.79520082e+00 6.14231014e+00 1.16686726e+00
    1.03680038e+01 1.44091022e+00 1.21227055e+01 6.99573946e+00
    3.22060537e+00 1.13054209e+01 1.03010666e+00 7.52188778e+00
    5.49560738e+00 6.26807261e+00 8.91560555e+00 9.38848209e+00
    1.36315271e-01 8.19642925e+00 3.78589451e-01 4.22925758e+00
    2.60925817e+00 9.37937737e+00 3.76831722e+00 1.54035300e-01
    6.71074724e+00 1.23502636e+00 1.11005411e+01 4.95705080e+00
    1.26455402e+01 1.05778894e+01 6.57929707e+00 4.26686287e+00
    7.26156139e+00 1.24132605e+01 2.72085977e+00 1.15945797e+01
    2.82056284e+00 7.72557259e+00 9.07012177e+00 2.69313669e+00
    1.04906044e+01 2.32264304e+00 9.26309872e+00 1.11477871e+01
    3.69067693e+00 1.68205929e+00 4.13245773e+00 6.70449400e+00
    9.99958420e+00 1.23786669e+01 1.30260983e+01 1.12340479e+01
    4.94374704e+00 8.50030041e+00 7.51356554e+00 4.44100428e+00
    1.22201519e+01 2.52213478e+00 3.63998532e+00 3.35367274e+00
    1.25615616e+01 1.10151124e+00 2.31156802e+00 5.90906572e+00
    1.22741127e+01 1.90076101e+00 7.73983002e+00 7.51830769e+00
    1.26256361e+01 1.08429041e+01 1.10691366e+01 7.97270966e+00
    5.05565119e+00 4.42651844e+00 9.00106049e+00 1.25505362e+01
    1.07015400e+01 2.32750821e+00 1.68169260e+00 3.45123410e+00
    6.68046999e+00 1.14509220e+01 1.29830770e+01 4.94746542e+00
    2.26752758e+00 6.43693733e+00 7.57745886e+00 1.04578724e+01
    1.13274393e+01 8.47040749e+00 5.15370369e+00 2.39609885e+00
    5.43350887e+00 1.03928738e+01 2.50576109e-01 2.52347040e+00
    1.05434456e+01 1.00109062e+01 8.86474419e+00 6.13708067e+00
    1.15996952e+01 1.23660955e+01 8.69535351e+00 8.63380432e+00
    1.24570692e+00 7.80348349e+00 6.70376015e+00 1.16617327e+01
    9.98157501e+00 5.20617056e+00 2.77106971e-01 6.70055485e+00
    6.90433645e+00 1.19214182e+01 9.43925953e+00 1.04904776e+01
    4.07115793e+00 4.89364815e+00 5.99098921e+00 3.42740107e+00
    9.35656261e+00 9.00341702e+00 7.59773016e+00 5.89373398e+00
    1.84565589e-01 1.10777102e+01 1.11399918e+01 7.51026917e+00
    4.38925362e+00 1.25943546e+01 5.22842598e+00 1.96587026e+00
    3.67587328e+00 9.18537426e+00 1.24353991e+01 8.46751308e+00
    7.08946323e+00 9.24056053e+00 6.58041668e+00 1.18231106e+01
    4.88674307e+00 1.12935839e+01 1.21990404e+01 1.23229532e+01
    8.84012699e+00 2.59920740e+00 4.16378081e-01 1.05637369e+01
    1.19694519e+01 2.75007081e+00 1.01667118e+01 1.05330582e+01
    4.10683584e+00 4.56813812e+00 3.25564480e+00 1.29465790e+01
    1.17658024e+01 7.16120577e+00 8.45303893e-01 3.91266918e+00
    1.05232382e+01 7.42123604e+00 6.22118616e+00 7.79469824e+00
    5.00926018e+00 3.40193772e+00 1.26909828e+01 1.06199539e+00
    7.45733023e+00 7.59425306e+00 5.20502853e+00 1.21524200e+01
    5.79933882e+00 1.81523621e+00 4.34445286e+00 1.28538156e+00
    1.27932320e+01 1.28700676e+01 4.76988268e+00 1.22868500e+01
    1.07394590e+01 3.28575397e+00 9.66385460e+00 1.04774370e+01
    8.57505512e+00 8.87799263e+00 7.42677116e+00 3.20882249e+00
    1.14905844e+01 1.89179361e+00 6.77342319e+00 3.87618136e+00
    7.65905952e+00 4.70283318e+00 5.96057606e+00 1.10740795e+01
    1.42394423e+00 8.18196487e+00 1.86926198e+00 3.72269964e+00
    5.56901038e-01 5.11909056e+00 4.42704535e+00 5.30333376e+00
    3.37318987e-01 6.07943964e+00 2.94749451e+00 9.30321026e+00
    2.60258079e+00 9.72254562e+00 1.13658419e+01 1.18362465e+01
    8.39178562e+00 2.60081148e+00 3.79138827e+00 3.09353828e+00
    7.71218395e+00 2.38714147e+00 1.13733215e+01 7.67337322e+00
    1.09679766e+01 5.79293346e+00 1.48274291e+00 2.56653500e+00
    1.89633441e+00 1.29352131e+01 6.51926422e+00 9.19060421e+00
    3.52585793e+00 1.21428404e+01 3.20906138e+00 6.71942663e+00
    1.26890192e+01 6.20316887e+00 5.63238525e+00 1.27339611e+01
    7.07131624e+00 2.89032459e+00 8.41221809e-01 1.45216286e+00
    5.42544317e+00 6.76775217e+00 6.80513322e-01 6.06068611e+00
    1.30726080e+01 3.60806513e+00 2.90136099e-01 7.42412567e+00
    8.47038937e+00 1.12965717e+01 4.67321920e+00 5.52356148e+00
    9.14835262e+00 1.13143549e+01 6.60104656e+00 1.22132311e+01
    3.97887683e+00 5.94452477e+00 4.42325783e+00 8.43092322e-01
    1.04546623e+01 9.94904804e+00 3.42157125e+00 1.20600138e+01
    1.28153019e+01 4.48851347e-01 1.16098633e+01 1.22277498e+01
    3.95391560e+00 9.47014904e+00 3.78278565e+00 6.75135946e+00
    1.17633438e+01 1.07263012e+01 1.07092266e+01 1.30762968e+01
    1.10039911e+01 9.44558430e+00 4.55855513e+00 5.87989473e+00
    1.25183020e+01 4.89158630e-01 1.27931719e+01 9.24955845e+00
    7.23255444e+00 3.81425571e+00 4.05998087e+00 4.25426006e-01
    2.13801408e+00 1.22222967e+01 6.36206102e+00 1.45587850e+00
    1.01612234e+01 2.93135667e+00 7.25630808e+00 6.77959919e-01
    3.49807191e+00 9.86331999e-01 1.27317123e+01 1.01757584e+01
    3.44102597e+00 6.00025892e+00 1.14030313e+01 7.55738020e+00
    3.04389095e+00 3.14428949e+00 5.80514240e+00 5.76875925e+00
    2.98572946e+00 6.44685125e+00 9.57494354e+00 5.52672482e+00
    4.42363310e+00 2.05010921e-01 1.04800308e+00 4.50594759e+00
    9.76278210e+00 7.76404142e+00 1.05463734e+01 2.67335922e-01
    2.89083886e+00 5.68307877e+00 1.01476507e+01 9.93592072e+00
    5.87339735e+00 4.97818851e+00 8.88433552e+00 4.51989126e+00
    1.03423042e+01 7.49811506e+00 3.95667219e+00 2.58892894e+00
    7.63742638e+00 5.17112160e+00 1.25877800e+01 7.98957586e+00
    1.28751783e+01 4.87021971e+00 1.28445740e+01 1.24291945e+01
    8.10631871e-01 4.35442030e-02 1.87479568e+00 1.00992193e+01
    8.40673161e+00 2.85462189e+00 3.15334821e+00 1.09982419e+00
    7.14334917e+00 5.28897953e+00 2.50962210e+00 6.50819540e-01
    4.14052725e+00 1.03052797e+01 8.19208431e+00 5.43741226e+00
    1.03123093e+01 1.15186520e+01 6.83545542e+00 8.32527256e+00
    1.07382832e+01 1.21608658e+01 6.89666867e-02 8.19954109e+00
    7.19487572e+00 3.68629813e+00 1.03208694e+01 3.58804870e+00
    6.24813128e+00 4.78387499e+00 5.47097588e+00 2.46647286e+00
    4.87842083e+00 9.73822784e+00 3.73093033e+00 1.91009641e+00
    9.05082512e+00 6.02800131e+00 4.78240550e-02 3.77421141e+00
    8.18887615e+00 1.25402117e+01 1.24138796e+00 1.17482367e+01
    1.69448066e+00 7.41175604e+00 3.29841948e+00 1.00093384e+01
    7.85120058e+00 1.12770319e+01 5.57560921e+00 4.10112906e+00
    8.51295662e+00 5.41459703e+00 6.74317312e+00 8.47953701e+00
    9.87715816e+00 1.03263235e+01 6.56499767e+00 4.72741365e+00
    5.12945318e+00 9.71259117e+00 2.77497268e+00 4.47965050e+00
    1.30475283e+01 5.39096069e+00 4.11728239e+00 1.01892548e+01
    9.77487087e+00 1.23355408e+01 2.36513591e+00 8.17864895e+00
    5.25559139e+00 1.08710766e+01 5.10468483e+00 1.30028505e+01
    1.10679302e+01 6.73211241e+00 7.79726839e+00 7.21781111e+00
    9.28049564e+00 1.15501823e+01 6.94666004e+00 9.33709717e+00
    7.53579140e+00 4.68212557e+00 7.51320410e+00 1.30432062e+01
    7.12866449e+00 1.30499649e+01 4.97296333e+00 5.86017847e+00
    4.75583172e+00 4.00267220e+00 9.99840260e+00 1.21399832e+01
    7.82274246e+00 4.35993910e-01 4.70693827e+00 5.57340336e+00
    1.45464516e+00 1.12311459e+01 5.30731869e+00 3.50921345e+00
    1.98731911e+00 9.17021334e-01 9.34290123e+00 7.57955694e+00
    1.13747911e+01 1.03032017e+01 1.27952576e+01 3.59594131e+00
    1.29959745e+01 6.02297926e+00 9.22700596e+00 8.77464771e+00
    1.06609125e+01 5.29420137e+00 6.92357063e+00 7.62239838e+00
    7.47309017e+00 6.15791225e+00 5.96725607e+00 9.01986217e+00
    8.05089474e+00 8.23722172e+00 6.55907106e+00 1.18025551e+01
    8.61234760e+00 1.05082788e+01 4.37030458e+00 3.91925836e+00
    1.07930565e+01 1.12762535e+00 8.04703426e+00 2.49599957e+00
    1.21120844e+01 4.25401896e-01 1.06315842e+01 3.21813726e+00
    2.13044858e+00 8.90202618e+00 2.80946469e+00 2.16206598e+00
    1.13201160e+01 1.21490698e+01 1.20590401e+01 1.21248627e+01
    1.88284621e-01 1.20177469e+01 3.27051711e+00 1.02247972e+01
    4.14923477e+00 8.37071705e+00 7.59953022e+00 9.07384968e+00
    6.21575069e+00 9.14520741e+00 4.61521053e+00 5.58903837e+00
    3.78648782e+00 1.07184629e+01 1.12530384e+01 8.84423065e+00
    4.19850397e+00 1.80123472e+00 1.64240837e+00 3.95803618e+00
    2.03412986e+00 8.17682838e+00 2.93345046e+00 8.87712288e+00
    6.06689787e+00 9.28231430e+00 1.21689951e+00 7.60240936e+00
    1.08826475e+01 1.28718214e+01 7.35002756e+00 2.72218943e+00
    8.76696873e+00 5.06954765e+00 1.30652838e+01 2.26215601e-01
    1.28758087e+01 2.98924589e+00 9.25201702e+00 1.18775864e+01
    1.00305090e+01 9.59253502e+00 8.86927128e+00 9.49495316e+00
    1.23376751e+01 5.76022434e+00 7.14936554e-01 1.22370148e+01
    5.87356091e+00 8.82748604e-01 1.19050169e+00 6.98182487e+00
    1.52062476e+00 1.04967813e+01 1.05966415e+01 8.91718578e+00
    1.41952670e+00 5.60822535e+00 9.97125340e+00 1.19200611e+01
    1.09144630e+01 1.12697668e+01 1.08852997e+01 2.33157206e+00
    7.70288563e+00 4.38345432e+00 4.85343981e+00 4.28993988e+00
    4.26393718e-01 6.75348902e+00 8.11190426e-01 7.39465857e+00
    6.63972425e+00 1.29074030e+01 3.24978018e+00 4.21105528e+00
    1.11025887e+01 6.83186340e+00 4.21267700e+00 3.27130771e+00
    9.88780022e+00 5.15870762e+00 8.10606766e+00 2.32117072e-01
    7.86825132e+00 7.45673132e+00 1.21275272e+01 9.96013355e+00
    5.33618498e+00 3.11984944e+00 1.00037527e+01 8.06141317e-01
    1.18765774e+01 1.12577162e+01 3.77655387e+00 1.29101200e+01
    2.60850620e+00 3.99689817e+00 1.08740692e+01 1.17708263e+01
    7.15833902e+00 1.26845856e+01 5.52343035e+00 9.43145943e+00
    6.75421333e+00 7.13183975e+00 4.04393196e+00 1.17385807e+01
    2.21649480e+00 7.68971491e+00 1.30220909e+01 1.05809526e+01
    3.93457723e+00 4.45862627e+00 6.94077635e+00 4.98950815e+00
    6.90899417e-02 5.61044359e+00 1.07324848e+01 3.77424979e+00
    2.01288366e+00 6.91193533e+00 7.57852125e+00 9.66463757e+00
    5.72632694e+00 1.16314678e+01 8.58370113e+00 8.00521374e+00
    2.86962223e+00 3.06866288e-01 3.16834164e+00 1.50464606e+00
    7.09861183e+00 1.04914722e+01 1.87778974e+00 6.44404745e+00
    9.79700279e+00 6.02879381e+00 9.42794228e+00 7.35932875e+00
    1.07009611e+01 9.99952984e+00 3.29149985e+00 1.18721189e+01
    2.48683929e+00 1.11550636e+01 1.12581177e+01 1.17394447e+01
    8.80201530e+00 1.86408114e+00 1.12720852e+01 2.63311434e+00
    8.26432133e+00 2.08384848e+00 5.06035042e+00 5.51773310e+00
    1.21303835e+01 2.63576269e+00 1.09244843e+01 2.55039662e-01
    2.01069808e+00 7.02224493e-01 5.51068962e-01 4.04210806e+00
    1.13983021e+01 1.25002241e+01 2.76725054e+00 2.57126164e+00
    8.65807152e+00 7.98624420e+00 5.34941959e+00 1.30376635e+01
    7.44695616e+00 2.20216680e+00 5.69596910e+00 8.81617641e+00
    8.58991504e-01 2.75520825e+00 3.75432229e+00 9.43155098e+00
    1.22688093e+01 6.35814810e+00 1.01105362e-01 1.26131248e+01
    1.06805289e+00 9.23671663e-01 8.29126453e+00 8.46090126e+00
    8.81608677e+00 5.95203590e+00 1.27360034e+00 7.13472176e+00
    2.31177807e+00 2.85782546e-01 2.92986202e+00 6.98007822e+00
    7.99089146e+00 5.90961885e+00 4.00080013e+00 4.24526834e+00
    2.26920271e+00 1.13940687e+01 2.60200047e+00 9.61577892e-01
    2.45823169e+00 5.16898632e+00 3.84750664e-01 4.63815498e+00
    9.46515274e+00 1.30861063e+01 1.15905190e+01 5.96813393e+00
    1.09286480e+01 4.19878721e+00 1.21934624e+01 5.21456003e+00
    1.11153212e+01 6.38442945e+00 1.57462907e+00 7.13142490e+00
    1.29185047e+01 9.52989578e+00 9.18316078e+00 1.44565773e+00
    5.63521433e+00 7.38006115e+00 4.33924198e+00 7.79400969e+00
    4.03043652e+00 1.08231936e+01 1.48727787e+00 6.64184523e+00
    1.20346165e+01 1.44886792e+00 1.06641188e+01 3.19672644e-01
    1.99070942e+00 3.40268016e+00 4.53108788e+00 1.93350732e+00
    2.42552900e+00 1.40447724e+00 1.01089311e+00 1.74140334e+00
    9.22681999e+00 7.18532276e+00 5.17394590e+00 5.08007479e+00
    9.03822803e+00 8.31076050e+00 4.95863962e+00 8.48498726e+00
    2.14521790e+00 8.13080406e+00 9.36067581e+00 6.78802729e-01
    3.84112573e+00 4.28120136e+00 1.78835309e+00 9.46969223e+00
    1.22385397e+01 1.25014610e+01 2.46698952e+00 5.89144182e+00
    1.17247849e+01 9.61678982e+00 8.37752914e+00 7.34987402e+00
    7.52873421e+00 5.08942425e-01 5.31285858e+00 1.53774703e+00
    4.10007286e+00 1.65509617e+00 1.80137122e+00 1.91195643e+00
    1.22191267e+01 1.50039196e+00 6.59244728e+00 8.66471863e+00
    3.48509717e+00 1.27448549e+01 9.96261406e+00 9.03694534e+00
    5.42128265e-01 1.14684753e+01 5.15349770e+00 1.11999197e+01
    1.10769138e+01 9.38016701e+00 2.06605697e+00 1.06532831e+01
    3.54273081e+00 1.16879282e+01 1.26987040e+00 1.85198575e-01
    9.65941715e+00 1.11183059e+00 9.35300922e+00 9.68864536e+00
    8.71851254e+00 5.12662292e-01 7.37842941e+00 1.21717529e+01
    3.77760839e+00 5.91665554e+00 8.06517887e+00 9.19185352e+00
    3.70858669e+00 1.22975454e+01 9.64047909e-01 5.00999749e-01
    8.87187386e+00 7.60109615e+00 7.30087042e+00 8.07842922e+00
    9.69332409e+00 2.53310418e+00 1.16337481e+01 1.17814100e+00
    8.99087143e+00 6.09807777e+00 1.17857332e+01 1.54055321e+00
    1.71708071e+00 1.12589235e+01 4.09285784e+00 1.02434874e+00
    9.62196255e+00 9.36690140e+00 1.23301535e+01 1.69041291e-01
    1.02715778e+01 2.06929111e+00 7.47826147e+00 8.00108433e+00
    1.03711138e+01 1.18436594e+01 5.85091209e+00 9.02451706e+00
    6.04293871e+00 9.62711906e+00 4.15042341e-01 7.16406870e+00
    9.55824471e+00 5.02032232e+00 2.98941493e+00 5.63422441e+00
    1.00300682e+00 2.46775556e+00 6.21605968e+00 4.25898409e+00
    1.13488493e+01 1.13368139e+01 4.12648869e+00 1.91945955e-02
    3.85281563e+00 1.28570576e+01 5.92496252e+00 5.13574028e+00
    6.21706295e+00 2.08244371e+00 1.52776527e+00 1.43668318e+00
    1.09019938e+01 1.14640160e+01 1.08232982e-01 2.21200752e+00
    2.51052976e+00 3.61396003e+00 1.14908695e+01 2.24316025e+00
    1.00416040e+01 4.12029886e+00 1.07782202e+01 8.91895294e+00
    1.29894614e+00 1.13518333e+01 6.96189260e+00 6.26856470e+00
    1.61669767e+00 1.20722132e+01 1.06327887e+01 8.51430416e+00
    7.46061611e+00 3.84231949e+00 5.50973558e+00 1.09594793e+01
    9.17991924e+00 6.17224073e+00 1.18125467e+01 4.42292362e-01
    6.81817055e+00 8.52914238e+00 1.11860676e+01 1.02921219e+01
    5.64986086e+00 1.02139454e+01 8.58023834e+00 9.84480476e+00
    1.29704161e+01 1.16419868e+01 1.08028660e+01 3.05776858e+00
    1.04222035e+00 3.55363876e-01 1.24512634e+01 5.93032874e-02
    3.30475283e+00 1.78535569e+00 1.16914482e+01 7.93872786e+00
    8.87489223e+00 7.49221659e+00 1.42672884e+00 1.68173480e+00
    5.86070395e+00 9.98504257e+00 4.14649820e+00 4.17651367e+00
    2.04458642e+00 6.00007868e+00 1.46713844e-02 1.93803430e+00
    6.07247877e+00 1.17797785e+01 9.74610519e+00 8.34401512e+00
    3.15974092e+00 5.23714352e+00 6.65451860e+00 1.03267279e+01
    5.33639479e+00 7.83554649e+00 9.40120792e+00 4.88324642e+00
    1.16092567e+01 5.10470533e+00 1.22525511e+01 1.04658961e+00
    8.36795139e+00 8.01063538e+00 2.31548619e+00 5.40986395e+00
    1.08707380e+01 7.51443148e+00 3.45057917e+00 1.24826269e+01
    3.93159938e+00 1.61219704e+00 5.28420258e+00 9.39106369e+00
    2.43338084e+00 5.86983681e+00 1.47582841e+00 2.75086015e-02
    4.17885065e+00 1.09084568e+01 3.14218760e+00 9.60104942e+00
    4.30048227e+00 1.43039560e+00 6.40264750e+00 4.17239141e+00
    8.06187057e+00 3.05635285e+00 4.53271484e+00 2.56591392e+00
    2.78468060e+00 8.97503376e+00 5.48455000e+00 1.29933748e+01
    9.79864216e+00 1.10951684e-01 1.12640228e+01 9.93410397e+00
    3.32294202e+00 3.74082351e+00 9.34252930e+00 1.21591272e+01
    6.80314970e+00 1.29923162e+01 7.15046835e+00 1.30110159e+01
    2.66190112e-01 2.85637307e+00 1.18722210e+01 1.16841860e+01
    1.12243910e+01 1.05089722e+01 1.84351349e+00 4.91645145e+00
    6.26608801e+00 8.60990882e-01 1.19545972e+00 2.89949751e+00
    1.12491455e+01 3.50407457e+00 1.23448858e+01 3.13461852e+00
    8.57886600e+00 1.01513004e+00 8.57871532e+00 6.45774651e+00
    2.97603756e-01 9.93155897e-01 8.71804428e+00 1.12120104e+01
    4.21402121e+00 1.17395325e+01 1.11159010e+01 7.39238644e+00
    1.27474651e+01 9.97690296e+00 4.66956043e+00 8.30169392e+00
    1.30154915e+01 9.75123215e+00 3.48414707e+00 6.57621288e+00
    4.91545767e-01 6.32103395e+00 6.63024807e+00 1.11613159e+01
    5.67517376e+00 3.15481138e+00 7.63339281e+00 3.25628352e+00
    3.26115608e+00 1.17441330e+01 6.22043705e+00 2.77260280e+00
    5.67538691e+00 6.39686823e+00 9.98230076e+00 1.08975782e+01
    1.23977051e+01 1.00773029e+01 4.34850025e+00 9.33036327e+00
    1.21892033e+01 2.28629327e+00 4.70236152e-01 6.63839006e+00
    1.24266796e+01 1.06807146e+01 1.09688215e+01 8.91138077e+00
    1.58922851e+00 8.35186100e+00 9.87945747e+00 6.90994644e+00
    4.89918661e+00 4.34884310e+00 1.14868641e+01 1.49691606e+00
    1.10695553e+01 5.11259842e+00 1.01857138e+01 6.09726429e+00
    4.17757320e+00 6.05674458e+00 9.84728694e-01 4.34861755e+00
    4.02749681e+00 5.73291123e-01 1.23000205e+00 9.40399837e+00
    1.01891508e+01 7.19371319e+00 1.16913214e+01 1.11435022e+01
    4.02165604e+00 9.81303787e+00 1.06341944e+01 3.90799761e+00
    1.04830141e+01 1.19489985e+01 5.82132673e+00 7.27419424e+00
    1.10774574e+01 4.21468830e+00 5.73989439e+00 1.30075216e+01
    8.06920242e+00 1.33996272e+00 6.66514730e+00 2.43294477e+00
    1.05006952e+01 9.11061001e+00 2.31452584e+00 1.29817810e+01
    1.30323181e+01 7.95621967e+00 1.27606020e+01 1.26458797e+01
    2.85121512e+00 2.26045161e-01 1.19700537e+01 8.54571342e+00
    1.09616747e+01 1.01770325e+01 9.12590599e+00 4.61277485e+00
    1.27939186e+01 9.51028538e+00 3.89977074e+00 1.77134478e+00
    9.90971565e+00 7.24369907e+00 7.90411806e+00 4.46434355e+00
    9.71869183e+00 1.04034376e+01 1.03836250e+01 1.07850037e+01
    9.81166172e+00 1.16294794e+01 1.04373055e+01 3.76666665e+00
    2.85220432e+00 1.26022034e+01 7.79884958e+00 1.55374908e+00
    2.31164980e+00 7.49964142e+00 2.02044725e+00 1.27853355e+01
    6.20703697e+00 1.27543807e-01 2.90716481e+00 9.67468834e+00
    1.63186073e+00 1.72216129e+00 1.00137424e+01 8.95263100e+00
    2.15657711e+00 4.95128870e+00 4.05119753e+00 8.65725613e+00
    3.54518008e+00 1.01190634e+01 3.34652960e-01 6.37176514e+00
    1.85804129e+00 4.19557714e+00 5.56280756e+00 8.68002892e+00
    6.36595106e+00 6.15966022e-01 1.05067492e+01 2.10858822e+00
    6.67138147e+00 2.59046960e+00 4.95490694e+00 3.71643114e+00
    9.13498974e+00 5.23917265e-02 1.72657025e+00 1.13742409e+01
    1.14759512e+01 7.61983538e+00 2.86053276e+00 1.09389982e+01
    6.01973152e+00 6.06790400e+00 7.94823587e-01 1.84598553e+00
    4.56641626e+00 1.75225604e+00 1.25498714e+01 4.49907072e-02
    9.96065259e-01 1.21537554e+00 1.26384706e+01 5.31276502e-02
    3.25979900e+00 1.28326148e-01 1.25260496e+01 1.23467693e+01
    1.14645805e+01 4.92021370e+00 7.08319950e+00 6.27551699e+00
    1.30206954e+00 3.09644151e+00 3.47796416e+00 5.62529278e+00
    8.70555305e+00 8.97760963e+00 1.91882479e+00 5.83925581e+00
    1.42570519e+00 5.85122538e+00 1.14911852e+01 1.13726225e+01
    6.02189302e+00 8.64920914e-01 1.10123444e+01 1.17845774e+00
    1.80155122e+00 6.78095579e+00 9.76828671e+00 5.69943428e-01
    6.88776350e+00 1.08384066e+01 1.11350794e+01 6.64996433e+00
    8.36393452e+00 5.87811756e+00 1.08495150e+01 9.21825409e+00
    4.11436749e+00 1.25963140e+00 5.84570026e+00 1.01418257e+01
    8.47217464e+00 6.62116718e+00 1.14960260e+01 2.60592437e+00
    1.11384583e+00 8.32993317e+00 9.81590176e+00 1.26925020e+01
    6.16106796e+00 8.71913910e+00 1.30631523e+01 9.57166576e+00
    1.30779400e+01 4.91275740e+00 1.00850735e+01 7.90435171e+00
    4.87161207e+00 8.47918415e+00 1.19166164e+01 2.85865760e+00
    4.01736927e+00 1.15128851e+01 5.67626476e+00 7.19770718e+00
    3.80909848e+00 8.26386070e+00 2.38679051e+00 4.40140820e+00
    1.16959229e-01 3.71613175e-01 1.10207348e+01 1.10484581e+01
    1.10530473e-01 5.79145066e-02 5.84257364e+00 4.86922407e+00
    7.15487576e+00 3.10456014e+00 1.01545572e+01 5.29967928e+00
    9.80153370e+00 1.66310346e+00 4.16108274e+00 2.76768327e+00
    5.12500572e+00 3.99432635e+00 1.26677761e+01 7.11273479e+00
    1.00124922e+01 3.12405038e+00 1.20825233e+01 8.59609032e+00
    6.66852093e+00 6.96521521e+00 6.14460611e+00 1.07314396e+01
    1.38762307e+00 5.41344690e+00 6.15668726e+00 1.13204451e+01
    1.29760389e+01 1.37387323e+00 8.87939644e+00 2.02594209e+00
    1.03383217e+01 1.03658085e+01 5.18334627e+00 1.06629648e+01
    3.95277834e+00 7.23109007e-01 6.61503029e+00 6.25728607e+00
    8.35569668e+00 2.44474411e+00 4.69152021e+00 1.04528224e+00
    1.27036772e+01 5.59442663e+00 1.27515326e+01 7.18792772e+00
    5.27199841e+00 1.09265356e+01 1.09818459e+01 1.12949677e+01
    1.28245544e+00 4.72458744e+00 6.27486086e+00 6.12804794e+00
    1.69457555e+00 9.84162140e+00 4.69906902e+00 3.76863766e+00
    8.45250034e+00 1.14635286e+01 6.36329794e+00 3.66403413e+00
    1.10443659e+01 6.15600252e+00 1.63265693e+00 5.22109556e+00
    1.29083862e+01 7.56875134e+00 7.85494423e+00 5.95783234e+00
    1.37507808e+00 1.74614024e+00 7.70045042e+00 2.79597902e+00
    1.28896112e+01 7.66980886e+00 3.45396250e-01 9.07853794e+00
    1.12836475e+01 2.42785978e+00 4.85871220e+00 3.05439186e+00
    2.31915212e+00 6.35087490e+00 1.02433367e+01 2.23250031e+00
    9.05715370e+00 7.63593626e+00 4.10530138e+00 1.11122742e+01
    9.82179546e+00 8.83129120e+00 3.20729113e+00 1.17947521e+01
    1.12830143e+01 5.71142197e+00 1.20105476e+01 1.00171690e+01
    3.80710173e+00 7.66205490e-01 6.92287779e+00 7.72590542e+00
    6.81073236e+00 4.33631372e+00 4.55208921e+00 2.49456930e+00
    3.39693356e+00 1.07423029e+01 6.29656076e+00 1.08711827e+00
    1.89067614e+00 1.88548756e+00 7.30231190e+00 2.53511906e+00
    4.00970840e+00 4.38908148e+00 8.11684704e+00 7.94923827e-02
    9.05593967e+00 2.28894258e+00 1.00031557e+01 5.73427677e-01
    1.09407568e+01 3.21984291e+00 4.03189898e+00 2.78805822e-01
    1.24261217e+01 4.29625320e+00 3.42995048e+00 1.00211420e+01
    1.08953512e+00 1.83130181e+00 1.91145229e+00 7.31769896e+00
    3.47448540e+00 5.11536980e+00 1.25364742e+01 1.09136076e+01
    1.01532412e+00 3.48389477e-01 2.25143933e+00 8.24124050e+00
    6.35094690e+00 7.82783926e-01 2.54328966e+00 3.94700718e+00
    9.90454483e+00 1.49883556e+00 1.17963085e+01 1.02347727e+01
    1.70265651e+00 5.19843006e+00 1.06077795e+01 9.54854488e+00
    6.73911285e+00 6.51119041e+00 2.55596757e+00 2.33060193e+00
    2.90560579e+00 1.26566143e+01 1.96660769e+00 7.56090212e+00
    1.25492067e+01 1.03580389e+01 1.08756046e+01 6.07635975e-01
    5.03710318e+00 9.80242920e+00 1.26210651e+01 1.01869402e+01
    5.20910025e+00 3.34961128e+00 1.00088329e+01 3.35793734e+00
    1.26291018e+01 9.87946892e+00 4.86834621e+00 4.94416189e+00
    7.83680201e+00 8.32497406e+00 6.72174072e+00 5.82234144e+00
    6.36352110e+00 6.80785275e+00 1.19710255e+01 5.48258495e+00
    9.29975891e+00 2.79969454e+00 1.16765583e+00 8.25671673e+00
    1.05217237e+01 5.69478893e+00 3.09601259e+00 8.93919945e+00
    1.03790274e+01 5.62930965e+00 6.88212490e+00 2.36425781e+00
    4.67327642e+00 1.07680511e+00 2.09871626e+00 5.55811596e+00
    9.31481457e+00 8.92885685e+00 9.57313824e+00 6.85575771e+00
    3.37122035e+00 6.49725556e-01 1.10801303e+00 6.62993622e+00
    9.06212234e+00 1.10480559e+00 9.32313979e-01 2.10999250e+00
    1.16066504e+01 5.04192972e+00 1.01365585e+01 7.10755348e+00
    1.47227192e+00 1.02610242e+00 1.11959782e+01 2.55167103e+00
    7.73773670e+00 3.74190378e+00 5.53428456e-02 9.10494041e+00
    7.35230875e+00 3.19613671e+00 6.45942879e+00 1.04599209e+01
    1.20760975e+01 1.13979883e+01 1.15710392e+01 1.54919744e+00
    6.89790440e+00 8.61399078e+00 7.05218410e+00 5.86669588e+00
    1.22036934e+01 6.10943365e+00 1.07269466e+00 7.48959160e+00
    6.48519325e+00 1.03825188e+01 4.50757360e+00 1.22097244e+01
    7.99045801e-01 1.21062851e+00 1.92573571e+00 2.21782994e+00
    1.03177834e+01 9.90074825e+00 8.63154030e+00 3.84444261e+00
    1.00031481e+01 5.83796453e+00 1.08214979e+01 6.57136011e+00
    4.96653700e+00 1.27549982e+01 9.55386543e+00 8.89535236e+00
    1.20162392e+01 1.16507697e+00 9.16398430e+00 9.84677982e+00
    2.01374769e+00 3.38366556e+00 7.83628750e+00 5.70161438e+00
    8.46613598e+00 5.69608974e+00 1.26352978e+01 8.15939236e+00
    3.38885951e+00 1.03790236e+01 5.48919010e+00 5.17829275e+00
    5.68197727e+00 1.99303687e-01 5.84243536e+00 1.31177711e+00
    1.00955467e+01 9.91125965e+00 1.70197999e+00 7.12341642e+00
    5.84029865e+00 2.36076498e+00 9.82088375e+00 9.56465816e+00
    9.07363129e+00 2.16457486e+00 9.01250935e+00 6.53266335e+00
    5.28257513e+00 5.55121422e+00 7.01433802e+00 1.05917416e+01
    6.40065384e+00 6.64459181e+00 4.43720388e+00 1.09949169e+01
    1.20911169e+01 1.13853273e+01 4.01234722e+00 2.78547335e+00
    3.94034529e+00 9.02643621e-01 8.30363655e+00 1.08598423e+01
    1.05978928e+01 3.50498945e-01 1.21018562e+01 3.58386350e+00
    1.10018692e+01 1.74297512e+00 6.39350414e+00 8.02499592e-01
    7.49993944e+00 1.17715397e+01 6.88015175e+00 5.65554905e+00
    1.30755568e+01 8.04918098e+00 1.66963696e+00 9.08495069e-01
    9.89048958e+00 2.47697306e+00 3.81400347e+00 3.74627829e+00
    2.10675764e+00 2.82351899e+00 8.82238293e+00 1.20503545e-01
    1.25299435e+01 1.21485043e+01 8.81895733e+00 5.28116703e+00
    7.05149937e+00 8.44611454e+00 3.38458085e+00 2.41209769e+00
    9.56010628e+00 4.79893684e+00 4.95447338e-01 7.83635855e+00
    5.46054792e+00 7.60174227e+00 2.74262691e+00 1.24501438e+01
    1.04304380e+01 1.66225064e+00 1.27039850e+00 2.82505304e-01
    7.32705593e+00 8.26999664e+00 1.20223780e+01 8.79619789e+00
    7.25658321e+00 4.48240232e+00 7.51100302e+00 1.13844738e+01
    4.55846024e+00 1.06236534e+01 1.05445397e+00 1.02399473e+01
    4.21651506e+00 2.71529984e+00 2.96555448e+00 2.85555542e-01
    4.65741128e-01 4.60247898e+00 3.29596782e+00 1.14903316e+01
    4.93673801e+00 3.10694122e+00 6.14638906e-03 1.20078535e+01
    7.26461697e+00 7.95870829e+00 3.04050446e-01 5.25940466e+00
    8.00258160e+00 5.16073465e+00 3.57141495e+00 4.40297222e+00
    9.61910057e+00 9.31957150e+00 2.00049973e+00 1.13300896e+01
    1.02175188e+00 1.10083857e+01 5.61139226e-01 1.13678885e+01
    5.51650000e+00 3.83384895e+00 4.64494324e+00 1.19762545e+01
    2.44393840e-01 6.82219458e+00 1.15295124e+01 5.59304667e+00
    8.30504322e+00 1.15560846e+01 3.30215836e+00 9.82862473e+00
    1.12365608e+01 1.05737412e+00 5.30427122e+00 7.15755081e+00
    1.15282106e+01 2.97585869e+00 6.29783344e+00 1.12636528e+01
    3.73580670e+00 8.05701923e+00 8.48963261e+00 3.20823431e+00
    1.25521393e+01 2.96708822e+00 1.07132654e+01 4.54217196e+00
    5.92633677e+00 3.17503905e+00 1.08924809e+01 1.04000626e+01
    2.70845890e+00 8.30614150e-01 1.66019070e+00 3.66369367e+00
    1.86712193e+00 2.52822804e+00 1.75457418e+00 8.22739124e+00
    3.34060884e+00 3.81343889e+00 2.26553249e+00 6.43750811e+00
    5.70636702e+00 3.00946522e+00 1.21542597e+01 7.03173971e+00
    7.97049236e+00 9.04682922e+00 2.82010365e+00 1.01840448e+01
    3.99087048e+00 1.02336082e+01 1.28467340e+01 1.24728899e+01
    2.57109690e+00 4.57356691e+00 2.55188346e+00 2.71552420e+00
    6.17742443e+00 1.19200420e+00 2.33503389e+00 8.16640759e+00
    1.11377325e+01 3.09484720e-01 1.27261486e+01 5.96876764e+00
    1.26914997e+01 1.85797060e+00 8.54807854e+00 1.78232804e-01
    8.87146759e+00 9.54980850e+00 1.73104405e+00 6.16337061e+00
    7.25933504e+00 5.51189566e+00 4.08064365e+00 1.28194265e+01
    3.78023720e+00 4.59957552e+00 6.34020233e+00 1.15526371e+01
    6.79972601e+00 7.75212431e+00 4.13894558e+00 6.15582287e-01
    7.65285492e-01 1.15037050e+01 1.01795683e+01 6.42055273e+00
    8.84540844e+00 6.65367651e+00 2.48080325e+00 4.89466333e+00
    1.18035955e+01 9.16583538e+00 1.24837208e+01 7.46741390e+00
    5.17941093e+00 6.40637398e+00 6.88381577e+00 1.36592352e+00
    1.03383379e+01 2.87196088e+00 4.38476175e-01 9.08359909e+00
    1.14189177e+01 6.89285994e+00 1.14987640e+01 8.69318664e-01
    2.42017436e+00 1.66877449e+00 1.00886118e+00 6.21373081e+00
    2.57351190e-01 8.00227833e+00 7.34530497e+00 8.60637283e+00
    5.68392181e+00 4.78178835e+00 3.17061043e+00 6.78017426e+00
    5.49572086e+00 5.13828373e+00 1.11073408e+01 1.23403320e+01
    2.71762514e+00 6.30887127e+00 4.06282568e+00 3.08856559e+00
    6.83277702e+00 9.39939260e-01 2.63631678e+00 1.05094595e+01
    6.54981709e+00 8.59301376e+00 8.84747887e+00 1.23729868e+01
    9.68411148e-01 6.66675520e+00 4.65558577e+00 3.41410160e+00
    4.85913038e+00 1.08925838e+01 8.72355652e+00 1.13005371e+01
    8.66885471e+00 1.02700205e+01 1.03735673e+00 1.00866461e+00
    8.18414986e-01 4.52906221e-01 1.05720119e+01 1.28508873e+01
    5.96671724e+00 4.31568241e+00 4.91452599e+00 3.00773668e+00
    1.92653930e+00 4.80763435e+00 7.07677603e+00 3.79798484e+00
    7.36238909e+00 6.03718710e+00 1.16721268e+01 8.26506805e+00
    4.34585333e+00 5.06619120e+00 9.78983021e+00 1.21494627e+01
    8.30496788e+00 4.53518629e+00 1.07200518e+01 4.13078547e+00
    9.25871313e-01 8.54495049e+00 1.14410629e+01 3.27275348e+00
    6.15878963e+00 9.05976963e+00 8.25720024e+00 9.90880871e+00
    5.33958006e+00 2.73632908e+00 1.28330259e+01 9.13395309e+00
    9.55758476e+00 1.47042811e+00 6.52389765e+00 5.03361416e+00
    7.39311314e+00 8.03918839e+00 1.59397078e+00 5.71093178e+00
    1.67323434e+00 3.58846402e+00 1.08147275e+00 6.23203659e+00
    8.41058445e+00 1.08908024e+01 5.12152863e+00 6.28898954e+00
    5.72783422e+00 6.23443985e+00 6.46264124e+00 5.13631773e+00
    3.32483578e+00 1.18370914e+01 9.78870678e+00 5.81499767e+00
    1.14134769e+01 1.02809877e+01 1.94237590e-01 1.42826211e+00
    8.48358822e+00 3.25554180e+00 6.63174343e+00 9.99327183e+00
    2.65251231e+00 6.13658905e+00 1.16359816e+01 7.85015440e+00
    3.49560332e+00 4.79519606e+00 5.85822582e-01 1.13689146e+01
    8.12200451e+00 5.08413935e+00 9.40050793e+00 9.59445477e+00
    9.63652134e+00 8.22253609e+00 4.17109156e+00 3.10414076e-01
    3.09662533e+00 5.43184710e+00 1.01717749e+01 1.82614338e+00
    1.28175859e+01 9.14202023e+00 1.77237540e-01 6.20072985e+00
    1.27108469e+01 3.11375117e+00 2.30208802e+00 1.10863228e+01
    2.10804701e+00 2.24843311e+00 5.63652515e+00 1.22568357e+00
    9.72384548e+00 1.24224510e+01 1.12864437e+01 1.01640730e+01
    6.36468649e+00 4.84328794e+00 2.24189550e-01 6.86044264e+00
    1.28649530e+01 8.61496544e+00 1.05994388e-01 7.10543346e+00
    3.67363501e+00 1.23320904e+01 1.27390444e+00 3.68720317e+00
    5.86110497e+00 4.38827658e+00 2.85575420e-01 4.79084539e+00
    9.53937149e+00 1.23013229e+01 1.05475445e+01 4.68712664e+00
    2.60972714e+00 4.59686422e+00 7.11719227e+00 8.93789387e+00
    3.52392197e+00 9.83222103e+00 3.95682096e+00 1.89138961e+00
    3.24171996e+00 3.60189939e+00 7.24713039e+00 1.17328930e+01
    1.85652745e+00 1.57011068e+00 8.94811726e+00 1.03716869e+01
    5.24569273e+00 7.65182257e+00 1.05275285e+00 1.17676697e+01
    9.08212376e+00 6.51428413e+00 6.01636457e+00 4.98919010e+00
    1.26916337e+00 8.35669398e-01 1.29587259e+01 8.62371635e+00
    1.27975070e+00 1.13424759e+01 9.05622005e+00 7.01832056e+00
    8.86179352e+00 6.67945957e+00 6.21321964e+00 9.37231541e+00
    6.51777506e+00 4.74675894e+00 9.12748909e+00 1.02130556e+00
    4.96932125e+00 1.30732279e+01 8.53818512e+00 1.48206756e-01
    2.78558707e+00 8.06101322e+00 4.41477633e+00 1.30828810e+00
    8.04171944e+00 3.94903755e+00 9.69174671e+00 1.25423646e+00
    1.02610464e+01 2.64466834e+00 3.12488461e+00 6.50395346e+00
    9.67682266e+00 4.29601383e+00 6.92054987e+00 2.92317331e-01
    8.03493321e-01 1.29657011e+01 1.31215894e+00 7.37862253e+00
    9.01476383e+00 1.20765209e+01 9.72404853e-02 7.02211475e+00
    1.19034605e+01 5.49262524e+00 8.25087643e+00 7.62522936e+00
    1.08287067e+01 1.03344479e+01 1.86247623e+00 2.89916301e+00
    1.21891336e+01 1.28090630e+01 2.82870483e+00 4.00609398e+00
    6.44618571e-01 1.96527970e+00 8.58037663e+00 1.96516538e+00
    1.22922411e+01 9.73848629e+00 5.72659336e-02 4.40949392e+00
    3.58313012e+00 8.81286812e+00 9.62899876e+00 9.42218113e+00
    1.13605280e+01 5.27589560e+00 2.23201180e+00 6.38065398e-01
    2.05800986e+00 8.60363197e+00 1.00630579e+01 5.11393976e+00
    7.73383760e+00 3.25872183e+00 3.16023779e+00 8.65733147e+00
    6.81428194e+00 6.30969763e+00 1.12364359e+01 3.51908028e-01
    7.48479700e+00 2.98449731e+00 7.69024944e+00 9.14780712e+00
    1.28363285e+01 7.46102238e+00 9.46370602e+00 8.64523530e-01
    8.32781553e-01 1.25796680e+01 1.12142048e+01 2.83274555e+00
    4.73355579e+00 3.24684906e+00 6.81521225e+00 1.18901806e+01
    5.36135817e+00 8.28204095e-01 5.69796658e+00 6.95463800e+00
    4.23719019e-01 2.89464903e+00 9.45147896e+00 1.05034275e+01
    1.00790310e+01 6.39721203e+00 1.12667694e+01 4.16042233e+00
    4.17276382e+00 9.45884705e-01 2.90232873e+00 7.65870667e+00
    9.61172676e+00 1.12605572e+01 4.24005318e+00 6.55771780e+00
    1.33402061e+00 1.85852540e+00 6.50828266e+00 1.02675695e+01
    6.07872820e+00 4.17507935e+00 1.21476812e+01 7.87770510e+00
    6.34516239e+00 3.28938699e+00 1.29950409e+01 4.72710514e+00
    4.47683305e-01 1.28757477e+01 3.01600504e+00 2.44682059e-01
    9.70664680e-01 8.35729313e+00 9.87855530e+00 8.88226032e+00
    1.01787043e+01 4.04971170e+00 1.06569462e+01 2.86512583e-01
    1.14252853e+01 3.44461608e+00 3.68304229e+00 4.80314016e+00
    2.41365170e+00 1.27535381e+01 4.03445816e+00 1.16096854e+00
    8.37965679e+00 6.84672594e+00 9.73928452e+00 3.19993544e+00
    7.45793819e+00 1.24859028e+01 7.89740753e+00 1.24163656e+01
    8.80597878e+00 9.44119930e-01 3.92129707e+00 7.83795404e+00
    3.19245124e+00 4.60454369e+00 6.97618306e-01 9.18259716e+00
    6.94146585e+00 2.10976768e+00 1.13314819e+01 7.19180965e+00
    1.93289447e+00 8.85720062e+00 1.05680466e+01 4.37429488e-01
    1.04018040e+01 6.16149378e+00 5.61952114e+00 6.05488777e-01
    5.23698187e+00 2.84091067e+00 1.14075387e+00 1.12783966e+01
    2.48143792e+00 2.91081399e-01 1.03778534e+01 1.20286283e+01
    1.75225902e+00 8.54723263e+00 1.06082468e+01 1.21500740e+01
    7.07994080e+00 1.95870626e+00 7.38280964e+00 1.32047248e+00
    8.45915020e-01 1.05052166e+01 1.14199009e+01 1.12456334e+00
    7.01419401e+00 2.53768897e+00 3.85826516e+00 1.19145365e+01
    1.02874346e+01 2.54098248e+00 2.21358585e+00 5.78302629e-02
    4.52999115e+00 6.40671328e-02 8.32674623e-01 5.69257784e+00
    1.75830007e-01 1.29610643e+01 1.15788164e+01 4.15241385e+00
    8.71970367e+00 4.16164970e+00 6.90817881e+00 9.53214455e+00
    7.66860914e+00 9.46007824e+00 1.00445290e+01 8.12939548e+00
    6.63278913e+00 3.34908056e+00 3.30676270e+00 1.19230270e+01
    8.22467709e+00 4.09882689e+00 8.11545372e+00 1.22545376e+01
    1.07403302e+00 2.48235679e+00 1.11652927e+01 1.92654371e+00
    7.52845383e+00 1.24510155e+01 9.55882740e+00 8.10291100e+00
    7.77214020e-02 1.13759766e+01 7.26746702e+00 1.23337173e+01
    9.38986588e+00 6.80821705e+00 3.45170617e+00 7.84131479e+00
    9.33913040e+00 5.27130938e+00 6.95580149e+00 7.87426949e+00
    4.48037481e+00 9.13522816e+00 7.93552732e+00 4.89260387e+00
    1.39931822e+00 1.06539173e+01 9.58570302e-01 8.18438244e+00
    1.41826856e+00 6.57260895e+00 1.08755827e+01 1.06354208e+01
    3.75069046e+00 9.94692135e+00 4.42273569e+00 9.74802685e+00
    1.00212526e+01 1.00052757e+01 4.35182047e+00 1.23231382e+01
    6.23165071e-01 1.22965612e+01 1.24793119e+01 1.80974388e+00
    8.10620785e+00 1.07173834e+01 2.56080925e-01 4.28625441e+00
    4.42957020e+00 1.03482091e+00 1.75508308e+00 1.17678204e+01
    1.06484652e+01 1.34960198e+00 9.04874611e+00 5.01321411e+00
    1.21423903e+01 2.57260752e+00 2.87862390e-01 2.31662750e+00
    7.50782871e+00 1.01841221e+01 3.40353537e+00 4.29806709e+00
    7.97608376e+00 4.20265913e+00 1.32510948e+00 2.81854033e-01
    1.22436247e+01 7.57362366e-01 4.66096592e+00 6.32322252e-01
    9.64932251e+00 1.01468649e+01 1.15941792e+01 3.25889182e+00
    3.00396824e+00 9.85073662e+00 8.04855251e+00 4.94109631e+00
    1.14217587e+01 1.20684223e+01 3.14322758e+00 3.52534318e+00
    1.23365955e+01 9.99931717e+00 1.09462252e+01 9.50833130e+00
    2.15259957e+00 2.39006281e+00 4.09730911e+00 5.35352278e+00
    1.01783295e+01 3.38705564e+00 5.45454407e+00 1.28532114e+01
    2.91519380e+00 1.71182382e+00 2.99098730e+00 5.48171616e+00
    6.73641825e+00 5.43787909e+00 1.06588001e+01 1.09730682e+01
    3.93892384e+00 9.44578075e+00 5.30816174e+00 8.36739445e+00
    9.37016773e+00 3.90894318e+00 1.00987053e+00 1.74274933e+00
    8.96463215e-01 5.13032532e+00 4.91421366e+00 4.09327555e+00
    1.05715084e+00 7.50864553e+00 1.16424580e+01 9.68297100e+00
    3.36071754e+00 7.36903000e+00 2.63254309e+00 2.42944670e+00
    3.70086730e-01 5.47421932e+00 4.55794239e+00 1.02656937e+01
    3.62411690e+00 7.97229958e+00 1.83452356e+00 9.83821774e+00
    3.81663871e+00 6.77721071e+00 6.12566471e-01 8.46831417e+00
    8.50709379e-02 9.29884052e+00 9.79275036e+00 5.21085358e+00
    6.18515539e+00 1.02075100e+01 8.50868320e+00 9.18968582e+00
    1.16329765e+01 5.33706713e+00 6.07397985e+00 1.22443876e+01
    1.14327250e+01 1.01358824e+01 2.55344772e+00 4.51300859e+00
    8.27907276e+00 6.26619434e+00 8.97387981e+00 3.36803222e+00
    4.43138409e+00 2.78384638e+00 3.29979157e+00 1.18017626e+01
    6.78979492e+00 3.03404570e+00 1.06956348e+01 4.51912212e+00
    6.29727125e+00 7.18998909e+00 8.17987633e+00 5.64627790e+00
    6.44941330e+00 3.95814466e+00 4.65920115e+00 7.35170269e+00
    3.43554020e+00 7.35043347e-01 1.19957294e+01 1.22104454e+01
    1.56159610e-01 7.59038591e+00 8.50485897e+00 1.81155753e+00
    2.85003352e+00 9.14147282e+00 1.16256464e+00 8.49069214e+00
    1.15894051e+01 3.26813555e+00 2.65378922e-01 5.98059952e-01
    1.22513857e+01 6.81410265e+00 1.05740604e+01 1.11461124e+01
    1.23925982e+01 1.59389806e+00 1.03945465e+01 1.06126976e+01
    5.28789377e+00 6.44944906e-01 2.23342228e+00 4.92095566e+00
    1.26520014e+01 6.25511026e+00 7.12624454e+00 3.00845098e+00
    7.48754835e+00 8.99814248e-01 1.12862844e+01 8.72348213e+00
    8.37676620e+00 8.77964115e+00 8.93232107e-01 9.47516537e+00
    2.94131589e+00 1.82145357e+00 2.92041153e-01 7.93560839e+00
    1.00455523e+01 5.64287758e+00 8.05050468e+00 3.91949105e+00
    9.67972279e+00 1.18436756e+01 5.76870060e+00 3.27142906e+00
    1.04003210e+01 2.57080221e+00 8.25544548e+00 1.21648054e+01
    9.00270081e+00 1.15989294e+01 8.41677761e+00 7.48641157e+00
    7.53689241e+00 5.78210735e+00 1.03626704e+00 3.06286192e+00
    6.34527779e+00 3.47515368e+00 9.94412041e+00 7.36923361e+00
    3.64169478e+00 8.28896618e+00 2.04311705e+00 5.19026375e+00
    1.10073643e+01 4.02346659e+00 1.72860992e+00 1.00793295e+01
    3.14961958e+00 1.22069812e+00 3.86213183e+00 9.01530147e-01
    1.21664867e+01 4.55472040e+00 1.06687717e+01 3.56061673e+00
    7.85137177e+00 7.22549391e+00 3.85178542e+00 8.40542030e+00
    1.18559618e+01 5.29223263e-01 1.68375480e+00 6.10991049e+00
    2.96178818e+00 1.01639910e+01 1.20329437e+01 8.86825943e+00
    8.14708829e-01 9.94510365e+00 1.28879337e+01 1.29826918e+01
    3.86709309e+00 1.01021776e+01 4.77579594e+00 9.33355272e-01
    8.93877411e+00 1.01943035e+01 2.94790316e+00 3.27207255e+00
    1.20618896e+01 2.76415825e+00 8.55722713e+00 5.89834929e+00
    1.67718184e+00 9.44392872e+00 2.31499290e+00 1.06951876e+01
    1.24775076e+01 5.77308702e+00 2.85663629e+00 1.19642935e+01
    8.37002456e-01 7.53265142e+00 5.84582031e-01 3.73662138e+00
    5.42786789e+00 6.34612322e+00 8.18988442e-01 1.53042305e+00
    5.20360565e+00 6.63974333e+00 1.13154888e+01 5.37811136e+00
    1.30075855e+01 1.04064484e+01 1.31559587e+00 5.02838469e+00
    4.65542841e+00 3.18472695e+00 3.90012503e+00 7.38675213e+00
    1.15751934e+01 8.56760311e+00 7.05266094e+00 1.56827831e+00
    1.17558098e+01 3.21723032e+00 8.87962627e+00 5.86254406e+00
    1.04280081e+01 6.46633005e+00 9.35199928e+00 7.23823085e-02
    1.79195300e-01 1.42017806e+00 2.16975999e+00 6.53704071e+00
    1.06574144e+01 8.19796276e+00 9.80603695e+00 4.99458981e+00
    3.96149611e+00 6.17632437e+00 1.54822695e+00 1.25107813e+01
    9.54326916e+00 6.82520866e+00 9.61815739e+00 9.42585087e+00
    2.67053008e+00 8.03156662e+00 1.16834438e+00 9.73623180e+00
    4.34258127e+00 1.28554449e+01 1.15329504e+01 4.24094152e+00
    6.30918217e+00 1.68660378e+00 1.06796341e+01 1.09170218e+01
    1.13285713e+01 1.10577602e+01 2.61306167e-01 1.26445026e+01
    8.66171455e+00 1.69469619e+00 5.93693554e-01 1.12280293e+01
    3.57312131e+00 2.40350914e+00 4.78391743e+00 1.01337824e+01
    5.91528893e+00 3.98736835e-01 9.93860722e+00 1.02955570e+01
    2.42421389e+00 3.02784419e+00 3.23214126e+00 7.66989422e+00
    8.77344227e+00 2.84902191e+00 5.56543052e-01 9.60950756e+00
    1.20088577e+01 1.21855712e+00 1.11585560e+01 8.79184628e+00
    2.21131039e+00 7.83795452e+00 4.41312790e+00 9.66718864e+00
    7.33376789e+00 5.14834213e+00 5.25355434e+00 3.81208539e+00
    9.42548275e+00 9.04217434e+00 8.76034737e+00 1.10663147e+01
    3.01618910e+00 5.77344608e+00 8.65095711e+00 3.46761584e+00
    1.20952473e+01 5.64691257e+00 1.10214357e+01 2.85788584e+00
    7.40657187e+00 5.52081394e+00 5.52784979e-01 1.23074520e+00
    4.20379782e+00 6.03324592e-01 8.47655106e+00 5.42776442e+00
    1.25970526e+01 8.85768509e+00 3.94240022e+00 4.20617676e+00
    1.16609831e+01 9.69802952e+00 3.31249094e+00 2.42704201e+00
    9.71219635e+00 6.71376991e+00 1.11138229e+01 1.03141251e+01
    5.72265577e+00 1.24305952e+00 4.87761164e+00 4.06252718e+00
    4.69125700e+00 4.33925009e+00 1.18562975e+01 2.79091239e+00
    7.24438238e+00 8.62959325e-01 1.13188839e+00 1.08647747e+01
    1.04485111e+01 6.52298927e+00 4.23504019e+00 5.62106705e+00
    3.02635312e+00 3.97969580e+00 1.18404150e+00 1.03885527e+01
    4.20645332e+00 5.04670954e+00 2.06483698e+00 1.02756147e+01
    8.98494339e+00 8.02972984e+00 2.99289733e-01 9.09070969e+00
    1.63149107e+00 1.94811511e+00 7.37956643e-01 9.99454403e+00
    6.44532394e+00 1.00016384e+01 6.25864029e+00 3.66567802e+00
    3.18074656e+00 7.13373804e+00 3.09088278e+00 5.40459013e+00
    3.34498382e+00 9.30142784e+00 9.46828842e+00 8.99326801e+00
    8.66570854e+00 1.29296608e+01 5.02781630e-01 5.64663649e+00
    1.16165853e+00 2.48235631e+00 1.00439262e+01 1.63315010e+00
    9.44626331e+00 6.48503923e+00 1.19075727e+01 1.19879646e+01
    1.18661585e+01 3.63698101e+00 6.20086861e+00 5.50278807e+00
    1.04531202e+01 8.20294285e+00 5.09163141e+00 1.62446237e+00
    6.56682062e+00 1.04147940e+01 8.56627464e+00 8.24796009e+00
    2.21033192e+00 4.73074150e+00 8.23500538e+00 6.63016033e+00
    6.50683832e+00 1.28004436e+01 9.22563553e+00 8.07009029e+00
    1.25014982e+01 1.11045051e+00 9.11004066e+00 1.11477547e+01
    4.82214832e+00 2.18425348e-01 1.22132921e+01 7.91966915e+00
    5.86969328e+00 4.72454214e+00 1.18897791e+01 7.78386307e+00
    6.13741732e+00 3.73124242e+00 2.93937993e+00 1.03812342e+01
    1.23867311e+01 1.28832331e+01 6.90231276e+00 9.69340611e+00
    2.48346329e+00 1.02002811e+01 2.97414064e+00 7.15015697e+00
    1.06288147e+01 1.24743557e+01 7.71242142e+00 8.63215864e-01
    5.62437201e+00 7.51383448e+00 1.07722883e+01 1.11618481e+01
    5.48079443e+00 7.70004094e-01 2.83559179e+00 1.23824558e+01
    1.08006001e+01 3.84201288e+00 4.39929247e+00 6.84748363e+00
    4.00895500e+00 8.49186611e+00 1.12866068e+01 8.97421551e+00
    1.23723097e+01 1.42722976e+00 1.10648413e+01 3.80034375e+00
    2.54214430e+00 2.49349809e+00 1.25974312e+01 3.48027897e+00
    5.88104105e+00 2.84481788e+00 1.10677223e+01 8.28255463e+00
    1.27062826e+01 2.10701323e+00 8.32151127e+00 9.40903091e+00
    7.67057180e+00 9.79426861e+00 6.96287632e+00 1.28305292e+01
    8.73116684e+00 1.15520239e+01 3.77870369e+00 1.01073790e+01
    7.59036112e+00 1.70356977e+00 9.82805157e+00 1.29746399e+01
    7.17329693e+00 7.65438414e+00 1.27940741e+01 8.17284203e+00
    1.27123880e+01 9.78637397e-01 2.02208567e+00 1.12615204e+01
    7.16761017e+00 3.45064211e+00 5.78096008e+00 9.48970222e+00
    8.32312489e+00 1.10183201e+01 7.41513824e+00 4.97817755e+00
    5.02394915e+00 6.06481695e+00 9.47741413e+00 1.15124388e+01
    4.79495144e+00 2.15599680e+00 1.19180412e+01 7.49041843e+00
    4.15002853e-01 4.02649927e+00 7.24231339e+00 1.22630806e+01
    1.09685631e+01 6.94634390e+00 5.80524731e+00 5.44089603e+00
    1.29943676e+01 1.54591346e+00 1.15494452e+01 9.50139332e+00
    3.80175114e+00 9.52872658e+00 2.12620783e+00 6.08218575e+00
    1.02405119e+01 2.69191217e+00 3.56452465e+00 7.43875265e-01
    4.91469526e+00 4.34782118e-01 1.03822670e+01 4.84977341e+00
    3.77137256e+00 6.82880831e+00 1.03845425e+01 2.42567492e+00
    9.52926731e+00 1.01271906e+01 8.12037277e+00 6.80773973e+00
    2.63659072e+00 2.77201676e+00 6.76489067e+00 2.76197267e+00
    7.39539671e+00 1.12449112e+01 4.03523588e+00 8.60259438e+00
    6.66582489e+00 1.28548717e+01 3.64403868e+00 2.78251338e+00
    5.62622070e+00 1.10491724e+01 2.70723629e+00 3.46351647e+00
    7.32818508e+00 4.49007750e+00 1.28924341e+01 6.26163387e+00
    2.92450786e+00 1.03745461e+00 1.15035591e+01 1.27779322e+01
    7.91978502e+00 3.43369460e+00 3.07919216e+00 1.11828899e+01
    4.92220926e+00 1.29303408e+01 7.25093079e+00 7.68766594e+00
    8.20076048e-01 8.94900703e+00 4.55977201e+00 1.08574562e+01
    6.38064432e+00 6.50273860e-01 1.00193148e+01 1.23465185e+01
    2.18315816e+00 2.33081245e+00 6.63035154e+00 7.89276218e+00
    8.60101891e+00 7.07107687e+00 3.32294059e+00 8.34537697e+00
    3.73386502e-01 2.22229528e+00 3.50843757e-01 2.36456946e-01
    1.03747330e+01 5.82848024e+00 1.09228725e+01 1.53362155e-01
    9.85263443e+00 9.12818241e+00 1.05490770e+01 9.87971401e+00
    8.80748081e+00 5.21611500e+00 6.47067308e+00 7.08195031e-01
    1.17923796e+00 1.00645647e+01 3.88557315e+00 2.35539246e+00
    1.04225397e+01 8.83117962e+00 1.15083303e+01 7.92751694e+00
    1.29097204e+01 9.97342396e+00 1.02181177e+01 1.21679182e+01
    2.19251752e+00 2.71953773e+00 1.00588036e+01 5.05297661e+00
    9.16488838e+00 9.05941486e+00 1.80057669e+00 6.26620626e+00
    6.10053349e+00 3.34147573e+00 1.16267691e+01 4.42878771e+00
    4.84050363e-01 3.90525627e+00 6.70638144e-01 6.64221764e+00
    1.04854145e+01 3.61287475e+00 1.09648285e+01 1.10067205e+01
    1.96853065e+00 1.08882465e+01 6.46801186e+00 7.34729052e+00
    4.32558870e+00 3.52757382e+00 5.09284782e+00 4.48751688e+00
    1.17971430e+01 5.84968281e+00 1.16124029e+01 6.60545731e+00
    1.19588947e+01 1.04462805e+01 1.24251776e+01 1.02756405e+01
    1.06389818e+01 8.54548931e+00 4.46601248e+00 1.07440722e+00
    8.53820026e-01 6.22289121e-01 1.03003721e+01 6.97556496e+00
    1.07390480e+01 6.94162369e+00 8.10288525e+00 4.07324982e+00
    7.97381878e+00 1.06623564e+01 3.66550851e+00 2.21000147e+00
    3.72129035e+00 7.73495388e+00 1.16792650e+01 5.40133572e+00
    4.35784149e+00 1.04578519e+00 8.90114212e+00 6.96157646e+00
    2.07814670e+00 2.70892382e+00 5.80135870e+00 1.60685289e+00
    6.14967346e+00 7.49457741e+00 8.47426128e+00 6.20640159e-01
    6.01092005e+00 1.26066208e+01 1.78949153e+00 1.10030043e+00
    1.03293667e+01 3.89980507e+00 1.10762682e+01 1.19869795e+01
    1.80182242e+00 3.96871948e+00 1.23741302e+01 1.21093998e+01
    1.20734310e+00 5.69877863e-01 7.55937862e+00 6.08939648e+00
    7.30555773e+00 1.27093840e+01 1.25317554e+01 5.33392859e+00
    9.79492188e-01 4.12537098e+00 1.29390001e+01 4.94351006e+00
    6.60409546e+00 9.83145297e-01 1.03993711e+01 1.38167095e+00
    1.29035795e+00 7.46697807e+00 5.50207913e-01 7.84385204e-01
    1.29333985e+00 6.30994034e+00 7.93144131e+00 9.84241009e+00
    4.72652817e+00 9.92748260e+00 1.06254978e+01 4.26095307e-01
    4.39547873e+00 2.01632071e+00 7.61965132e+00 1.45412385e+00
    5.09846973e+00 1.25393677e+01 3.83510613e+00 5.35107327e+00
    1.08161268e+01 7.43375874e+00 5.99084854e-01 9.92488670e+00
    5.86919165e+00 9.43407917e+00 9.68433952e+00 1.11913519e+01
    8.82390213e+00 1.13968534e+01 3.91497850e+00 1.59863830e-01
    1.49855530e+00 6.17901373e+00 1.00402136e+01 4.99644566e+00
    9.43959355e-01 1.24078693e+01 1.94775128e+00 9.51111555e-01
    1.12991657e+01 5.14631224e+00 9.87067032e+00 1.26324749e+01
    8.78589451e-01 1.96509564e+00 5.89175510e+00 3.44803047e+00
    2.01278710e+00 8.07805252e+00 5.44028699e-01 3.60111618e+00
    7.90960169e+00 1.66103423e-01 7.99536133e+00 3.65735531e-01
    6.64649343e+00 1.27381315e+01 1.19430218e+01 1.08279467e+01
    6.96277714e+00 1.00587597e+01 2.14381814e-01 6.09798765e+00
    4.21532774e+00 1.28581028e+01 1.09235649e+01 9.82164860e+00
    8.33981323e+00 1.03835011e+00 1.39002597e+00 5.01547718e+00
    8.60893726e+00 5.29234743e+00 2.02129173e+00 9.53585148e+00
    1.09405494e+00 5.17401218e+00 7.24029255e+00 1.13763409e+01
    4.43165684e+00 4.12416553e+00 1.30738420e+01 1.16879616e+01
    3.27604085e-01 6.32868147e+00 1.86798203e+00 4.49558735e+00
    1.06452913e+01 4.43437767e+00 9.51029587e+00 4.38330507e+00
    1.19360600e+01 1.18652554e+01 1.12153225e+01 9.64688015e+00
    2.31161237e+00 1.05202522e+01 2.32934403e+00 5.24045467e+00
    2.62103009e+00 5.72975016e+00 9.68843079e+00 7.17964029e+00
    1.13631268e+01 8.17629814e+00 2.79582667e+00 1.24570341e+01
    1.28135748e+01 1.10105276e+01 2.29924583e+00 1.33419406e+00
    6.42006969e+00 7.48489809e+00 5.35829258e+00 5.77569342e+00
    9.61797047e+00 8.85818672e+00 8.91831779e+00 6.96638107e+00
    4.15036917e+00 8.19809151e+00 1.50862262e-01 1.19936085e+01
    6.37448549e+00 5.79395866e+00 4.86954308e+00 1.08333147e+00
    1.15988235e+01 6.22354269e+00 7.27269125e+00 9.34253979e+00
    6.28560686e+00 1.60521567e+00 7.86871910e+00 9.29629040e+00
    8.69210434e+00 7.90182066e+00 3.24337196e+00 1.18519983e+01
    1.07134581e+01 7.25305271e+00 1.19162869e+00 6.44620514e+00
    1.14805956e+01 2.78480029e+00 1.29344387e+01 1.16935530e+01
    4.27855682e+00 3.57428741e+00 1.10027704e+01 1.23254690e+01
    1.02918730e+01 9.30715561e+00 3.28244615e+00 3.10821056e+00
    6.43281031e+00 1.13888865e+01 7.45106649e+00 5.72844744e+00
    4.29363489e+00 9.58269215e+00 5.23198748e+00 8.11091423e+00
    1.06798315e+01 8.24329185e+00 8.12802601e+00 7.83411932e+00
    7.41450644e+00 5.14874697e-01 8.46163845e+00 1.02506046e+01
    1.21444569e+01 7.59532642e+00 1.17655020e+01 2.25279570e+00
    9.92817688e+00 2.51419806e+00 3.92347074e+00 2.41674733e+00
    2.16760373e+00 9.62722301e+00 1.03790579e+01 7.25449562e+00
    3.73671150e+00 5.03740692e+00 8.21427631e+00 1.11235981e+01
    1.03460464e+01 2.92745376e+00 8.50347614e+00 8.23381519e+00
    1.19446049e+01 1.27325287e+01 6.22875881e+00 4.50893736e+00
    6.24151409e-01 1.07457323e+01 9.86438656e+00 5.10471725e+00
    2.95210385e+00 4.14153814e+00 8.77244282e+00 1.11553450e+01
    1.81600583e+00 2.64982700e+00 1.18584185e+01 1.03063326e+01
    1.29044695e+01 4.40995216e+00 7.12625861e-01 3.60816145e+00
    9.80662918e+00 2.82662123e-01 1.10002050e+01 8.53635502e+00
    5.30986786e+00 2.82521558e+00 9.12457943e+00 2.04776359e+00
    1.45107627e+00 3.73546648e+00 1.06652126e+01 1.22444782e+01
    1.30330963e+01 8.26377106e+00 2.80457950e+00 1.23279324e+01
    2.83371878e+00 1.30556812e+01 1.12080503e+00 1.22671862e+01
    7.09515333e+00 1.01031780e+01 1.13158236e+01 8.10837841e+00
    2.45243454e+00 3.14885068e+00 6.33113432e+00 4.40515900e+00
    1.23794889e+01 6.33807659e+00 5.94846392e+00 4.40385723e+00
    1.96479654e+00 3.92641616e+00 5.67195511e+00 6.21856594e+00
    3.24522257e-01 6.75968361e+00 8.52619076e+00 7.18708801e+00
    7.60714579e+00 4.86786509e+00 2.15426803e+00 1.12471981e+01
    1.28669491e+01 7.14728737e+00 4.26434517e-01 5.93057442e+00
    3.77586603e+00 3.86120486e+00 3.75882649e+00 2.68552566e+00
    1.23931580e+01 1.85909319e+00 1.06458921e+01 1.05910587e+01
    5.92552423e+00 6.09686184e+00 1.18247042e+01 2.25438118e+00
    9.75717068e+00 1.27716875e+01 6.79392195e+00 4.60615301e+00
    7.23043013e+00 9.70120335e+00 1.04535990e+01 1.14619989e+01
    6.98078060e+00 1.14116430e+01 7.44747460e-01 1.06044703e+01
    3.10222077e+00 9.65129089e+00 1.02971706e+01 9.97338200e+00
    3.60040021e+00 1.27396965e+01 4.61768961e+00 4.46382761e+00
    6.03071213e+00 6.81757927e+00 1.44961679e+00 9.60624981e+00
    5.38465691e+00 8.44158459e+00 4.42690086e+00 9.44054890e+00
    2.68944216e+00 5.77349520e+00 7.71469295e-01 3.18005425e-03
    5.72250128e+00 2.90043163e+00 1.03845015e+01 4.49158335e+00
    4.28589869e+00 9.37244225e+00 3.78050780e+00 7.33789158e+00
    2.23067135e-01 1.20441113e+01 7.43591166e+00 1.16686070e+00
    3.11989713e+00 3.82371402e+00 2.52262449e+00 1.59122431e+00
    3.86095375e-01 1.05586710e+01 9.85850143e+00 1.40335989e+00
    6.69112349e+00 6.68152666e+00 3.28612685e+00 4.17079687e-01
    4.79170132e+00 7.39699483e-01 4.43983316e+00 6.95145464e+00
    1.19894218e+01 1.04478073e+01 1.11553764e+01 9.43373394e+00
    3.40758824e+00 9.27960682e+00 8.70313263e+00 2.58758235e+00
    9.00728512e+00 3.70507860e+00 7.41970968e+00 1.41880190e+00
    8.14422226e+00 6.08942223e+00 6.07814670e-01 7.99117279e+00
    1.64705634e+00 1.26315861e+01 2.87669331e-01 8.78271008e+00
    6.82008743e+00 1.51445663e+00 8.76124763e+00 7.49911308e+00
    9.07644272e+00 4.35467625e+00 5.12459612e+00 1.07467756e+01
    7.42126799e+00 1.24922276e+01 1.93459149e-02 8.06883621e+00
    1.11815453e+01 5.78774738e+00 2.58306003e+00 1.69967282e+00
    5.28843307e+00 2.00744271e+00 2.57446694e+00 1.13419933e+01
    1.03780909e+01 9.72902489e+00 6.98045969e+00 2.95202041e+00
    8.22645664e+00 8.96381378e+00 6.23543835e+00 8.42396927e+00
    1.08776922e+01 6.48211622e+00 1.85827565e+00 8.83123016e+00
    2.73024607e+00 5.01960087e+00 3.05738807e+00 1.22966042e+01
    4.30518627e+00 7.25025225e+00 2.98150730e+00 1.38845968e+00
    3.25814462e+00 9.87908745e+00 1.27048588e+01 1.17269602e+01
    1.14450998e+01 1.02380695e+01 8.04132557e+00 7.29664469e+00
    8.05375767e+00 9.96848392e+00 5.05064487e+00 7.85704851e+00
    5.99729156e+00 1.00446157e+01 1.14859829e+01 3.04534340e+00
    1.09019613e+00 5.61830282e-01 7.43593335e-01 6.06545973e+00
    9.64496899e+00 4.51769924e+00 1.16689014e+01 6.05207872e+00
    2.04984498e+00 9.60767078e+00 7.36213398e+00 1.20788689e+01
    1.03151932e+01 4.93239164e+00 8.02526379e+00 3.83748269e+00
    6.40055609e+00 2.77492714e+00 8.30051228e-02 1.49964130e+00
    1.12635298e+01 7.69916105e+00 3.42655087e+00 8.52351856e+00
    1.20971894e+00 2.53695297e+00 4.44413853e+00 1.09593697e+01
    1.60749006e+00 1.10349808e+01 1.77631736e+00 5.34855187e-01
    1.15109100e+01 3.93021740e-02 6.77342319e+00 1.19869585e+01
    6.78216314e+00 8.49497557e-01 5.18917370e+00 7.52030563e+00
    8.85668182e+00 4.55821657e+00 1.68584371e+00 5.58685350e+00
    1.33653128e+00 6.16604710e+00 6.30880070e+00 3.71070647e+00
    5.80825663e+00 1.01604156e+01 1.05123174e+00 4.14419270e+00
    4.88723707e+00 6.72360325e+00 6.54028082e+00 2.14352584e+00
    3.97489190e-01 1.16302204e+01 2.23253441e+00 3.47497892e+00
    5.06825113e+00 8.68280220e+00 4.67221594e+00 4.27348804e+00
    1.18466778e+01 3.66016245e+00 1.29095306e+01 6.43695116e+00
    1.28779078e+00 8.15298557e+00 7.74133110e+00 3.14160180e+00
    1.03283014e+01 1.12301140e+01 2.49108151e-02 5.97223473e+00
    1.19688644e+01 9.47695827e+00 1.05403376e+01 7.68375635e+00
    7.23132753e+00 7.10256195e+00 5.98933411e+00 6.82221174e+00
    9.79794216e+00 2.30927801e+00 5.67015982e+00 1.08570290e+01
    1.14853888e+01 1.21016817e+01 8.79087925e+00 1.07181339e+01
    1.21242762e+01 5.04669189e+00 6.95473003e+00 1.28113210e-01
    2.38084626e+00 1.00191936e+01 1.49487722e+00 6.92749786e+00
    7.57040143e-01 4.81932449e+00 1.70190704e+00 1.09260445e+01
    1.30790997e+01 4.81850147e+00 1.19445438e+01 3.04935837e+00
    2.37293935e+00 4.11852455e+00 9.92825091e-01 5.07909107e+00
    3.13107395e+00 1.19692731e+00 6.95851183e+00 3.89651942e+00
    2.23814321e+00 6.01132298e+00 1.30703573e+01 6.91749513e-01
    1.05149326e+01 1.04837723e+01 2.15785360e+00 3.95642352e+00
    9.12981510e+00 7.67019606e+00 8.22372723e+00 1.09555082e+01
    5.14202690e+00 1.10715494e+01 1.15361576e+01 1.11883898e+01
    4.79238749e+00 2.66941309e+00 5.19854164e+00 2.62917471e+00
    2.16430688e+00 8.81123960e-01 7.06861448e+00 2.69971633e+00
    3.07328248e+00 1.15119629e+01 1.63185084e+00 1.02723873e+00
    7.79323006e+00 7.92798758e-01 4.76278925e+00 1.21971331e+01
    2.18701243e+00 1.16644011e+01 1.41385272e-01 1.21062059e+01
    8.23269653e+00 2.26969600e+00 1.05311704e+00 1.08498507e+01
    8.37510872e+00 1.27646294e+01 9.41707611e+00 5.56318235e+00
    1.14940825e+01 9.45383930e+00 1.02685194e+01 9.68565750e+00
    9.92497540e+00 1.05350389e+01 1.07371652e+00 8.98681164e+00
    4.44003916e+00 6.70951653e+00 5.11913347e+00 1.41764021e+00
    1.68552363e+00 2.45543551e+00 4.29128218e+00 3.00943184e+00
    2.33255482e+00 1.01280546e+01 3.04794383e+00 8.08863449e+00
    3.57675338e+00 3.76382017e+00 2.70799518e-01 1.02534389e+01
    4.61208820e+00 4.12108660e+00 2.61044812e+00 6.05085516e+00
    9.04306030e+00 3.83007169e+00 3.28167796e+00 3.52486879e-01
    5.27662086e+00 5.79839325e+00 5.77346325e-01 1.04211323e-01
    9.31435585e+00 2.13245678e+00 4.98601627e+00 3.94198418e+00
    2.77192521e+00 1.03814201e+01 1.03083551e+00 9.30168724e+00
    6.33833027e+00 9.26659107e+00 9.83386612e+00 1.08449280e+00
    1.95394862e+00 1.23304100e+01 9.77028465e+00 3.55433965e+00
    1.26506672e+01 3.12454081e+00 2.93626475e+00 2.71904540e+00
    1.28076382e+01 7.67276287e-01 1.15645266e+01 1.22141647e+01
    2.33985686e+00 6.56204462e+00 4.32310963e+00 1.02470970e+01
    8.16162395e+00 1.06903696e+01 9.41613102e+00 2.85058260e+00
    2.01546693e+00 4.48881674e+00 1.19274235e+01 2.37368917e+00
    4.14386988e+00 1.14132338e+01 7.63452387e+00 4.63597870e+00
    6.14534760e+00 7.13294125e+00 7.22809649e+00 1.74670804e+00
    1.19675474e+01 3.50954819e+00 7.39506769e+00 5.96311283e+00
    6.07820511e-01 3.63760638e+00 2.85403061e+00 1.01859531e+01
    8.74161243e+00 2.62504005e+00 9.46481133e+00 8.30656338e+00
    1.28808031e+01 5.55941105e+00 4.25365496e+00 4.01790917e-01
    1.75687861e+00 1.01951914e+01 1.24237595e+01 8.07137775e+00
    8.98517227e+00 9.48276234e+00 7.67216396e+00 6.66503954e+00
    3.96900868e+00 5.70574880e-01 1.25205841e+01 9.83757305e+00
    2.87923169e+00 1.08978748e+01 4.22964191e+00 1.88001823e+00
    1.04409723e+01 9.83274460e-01 7.09468365e+00 2.38857889e+00
    7.21017122e+00 1.93093252e+00 1.71951544e+00 3.55139613e+00
    1.26791363e+01 1.09409990e+01 9.47826195e+00 3.09173250e+00
    6.97108984e+00 5.33963633e+00 5.52173471e+00 2.09112501e+00
    4.71188259e+00 1.02506580e+01 1.19162817e+01 2.90570402e+00
    1.57014024e+00 1.05359707e+01 7.84927177e+00 4.57614803e+00
    7.13065147e+00 1.28859062e+01 4.11059332e+00 1.30115004e+01
    1.24507380e+01 6.21046925e+00 1.87534869e+00 7.82927895e+00
    2.99120212e+00 4.71876812e+00 1.74422538e+00 8.65249252e+00
    8.06601238e+00 8.03202629e+00 1.13697968e+01 8.26524258e+00
    6.18164682e+00 1.15796690e+01 2.20652533e+00 7.02840233e+00
    2.03654385e+00 2.09535885e+00 5.27730644e-01 4.84648752e+00
    1.20530519e+01 8.70853901e+00 9.88315868e+00 1.08750677e+01
    1.94845986e+00 1.15149298e+01 4.17414856e+00 1.02373762e+01
    9.87031555e+00 6.08515453e+00 3.36371422e+00 2.89027691e-01
    4.05086470e+00 1.09185123e+01 1.23086271e+01 8.35593224e+00
    2.65163112e+00 8.07720375e+00 1.13289995e+01 1.13042469e+01
    8.64582253e+00 6.25546503e+00 1.92206979e+00 4.90309238e+00
    3.18775749e+00 1.04666829e+00 9.18582821e+00 4.18466759e+00
    3.45291424e+00 1.12285500e+01 1.00665426e+01 1.25598555e+01
    4.45052528e+00 1.02851973e+01 5.89925671e+00 5.76813316e+00
    7.73888350e+00 4.65234518e+00 1.22842979e+01 9.65793037e+00
    2.72934151e+00 1.77409720e+00 7.31920242e+00 1.20078382e+01
    1.31810975e+00 4.61870342e-01 3.06652665e+00 4.28866625e+00
    3.83060956e+00 8.58947468e+00 2.63434863e+00 1.06263018e+01
    1.36905551e+00 8.62204170e+00 1.26005201e+01 1.12992311e+00
    8.45366955e+00 6.62858105e+00 7.11906910e+00 1.02388601e+01
    8.78768635e+00 6.45232964e+00 9.04182243e+00 1.26279316e+01
    1.29935989e+01 1.28774509e+01 2.21143413e+00 5.93138313e+00
    4.02562666e+00 8.49713516e+00 5.80955458e+00 4.60293770e+00
    2.29885030e+00 1.14910526e+01 6.69536495e+00 4.90975857e+00
    1.29388046e+01 3.31632543e+00 6.90723181e+00 1.08669443e+01
    6.76547670e+00 1.18863716e+01 1.30021486e+01 8.43193436e+00
    1.05823984e+01 1.26007824e+01 3.35708809e+00 1.69687212e+00
    4.91977406e+00 6.95419788e-01 1.60096622e+00 1.48395908e+00
    1.29878168e+01 6.03726721e+00 4.75304604e+00 5.97741652e+00
    3.31755233e+00 6.88597775e+00 8.21982765e+00 1.00361433e+01
    1.20130253e+01 1.24789572e+01 6.85193253e+00 9.12595272e+00
    8.33103657e+00 8.23007298e+00 9.15567207e+00 1.28659792e+01
    3.64919424e+00 2.05227900e+00 5.11829185e+00 8.54115009e+00
    7.49836731e+00 7.90676022e+00 9.49398422e+00 1.12835932e+01
    4.26553345e+00 6.14830732e+00 1.06050701e+01 1.05138884e+01
    8.57009983e+00 5.75973415e+00 1.07124729e+01 1.13360653e+01
    1.42846441e+00 5.93495083e+00 1.28474913e+01 1.90870166e+00
    3.35662222e+00 3.66376668e-01 1.06771040e+01 1.99591887e+00
    3.88976383e+00 4.63128614e+00 4.27595091e+00 4.57402706e+00
    7.32412767e+00 1.05605173e+01 1.14625416e+01 3.16457796e+00
    9.17673492e+00 3.75606608e+00 1.02165699e+01 5.65541649e+00
    1.00491047e+01 1.09910612e+01 8.75106430e+00 2.79713702e+00
    3.54652119e+00 3.55211353e+00 1.17537136e+01 1.08882732e+01
    2.48249793e+00 1.03640013e+01 5.90236378e+00 6.57032549e-01
    1.25194159e+01 8.83037984e-01 1.25587835e+01 3.88573337e+00
    1.00037374e+01 6.27836847e+00 1.16307297e+01 2.59426093e+00
    5.41471720e+00 4.33152819e+00 1.15303049e+01 1.43475091e+00
    1.31792927e+00 2.03887296e+00 3.11634088e+00 7.61175346e+00
    7.63390732e+00 3.63278031e+00 5.81148052e+00 6.30790091e+00
    5.61358213e+00 1.19962349e+01 7.62285328e+00 1.15076103e+01
    5.16088009e-01 9.65828133e+00 1.26245146e+01 1.20898809e+01
    8.39850807e+00 4.29334784e+00 1.02494421e+01 2.38107800e-01
    6.80897903e+00 4.07353544e+00 1.17157097e+01 1.21008110e+00
    2.63458872e+00 2.56159949e+00 9.81597424e+00 7.69458199e+00
    1.20576105e+01 4.68216085e+00 3.92199969e+00 1.10563383e+01
    8.72393227e+00 1.47848323e-01 4.35795498e+00 3.81044030e+00
    1.93045938e+00 3.67848921e+00 6.50102472e+00 1.92337978e+00
    3.21153498e+00 5.94055700e+00 4.54463005e+00 9.56710052e+00
    3.60724974e+00 1.08813782e+01 1.17976217e+01 7.67985630e+00
    1.25808830e+01 1.25521145e+01 3.01184916e+00 1.06611481e+01
    3.09483075e+00 9.37339020e+00 6.46772194e+00 5.27008152e+00
    1.71378982e+00 1.23571243e+01 3.85505378e-01 1.04903722e+00
    6.95937300e+00 1.76077819e+00 1.77653658e+00 1.29796991e+01
    3.74355102e+00 7.89837408e+00 1.01454604e+00 1.98491228e+00
    1.13388023e+01 1.28133392e+01 1.65614963e+00 1.21819925e+01
    7.95208168e+00 1.26946535e+01 2.92268991e+00 6.70806599e+00
    1.66437888e+00 9.73399258e+00 8.91343355e-01 7.65213919e+00
    3.08201551e+00 6.08303261e+00 1.02069092e+01 3.84271121e+00
    6.46132112e-01 6.07324648e+00 4.29130650e+00 1.10977192e+01
    8.24445534e+00 2.16617608e+00 2.54981518e-01 7.50552940e+00
    9.76124287e+00 6.44196606e+00 1.29638929e+01 1.75096428e+00
    9.15439320e+00 2.10509915e-02 9.48166466e+00 4.75647211e+00
    5.24748802e+00 4.42691469e+00 4.33521605e+00 8.70513248e+00
    1.12124338e+01 2.46686196e+00 2.79377520e-01 1.02718773e+01
    1.12403297e+01 5.48369837e+00 8.61536312e+00 2.07130051e+00
    6.84046125e+00 5.20700645e+00 1.07907276e+01 2.95101404e+00
    6.18060875e+00 5.82352781e+00 8.30601215e+00 6.12006843e-01
    9.29337502e+00 8.28361988e+00 6.08356190e+00 4.92966175e+00
    1.39061010e+00 8.82226086e+00 4.77422667e+00 1.28549252e+01
    4.45062590e+00 8.01529312e+00 1.11588984e+01 1.30409412e+01
    1.02784147e+01 1.08669558e+01 5.87038517e+00 8.58377361e+00
    8.02650571e-01 5.27877760e+00 2.14717650e+00 6.73705006e+00
    1.35616794e-01 9.97412205e+00 7.37827587e+00 2.03995681e+00
    5.22415590e+00 1.04712877e+01 1.59505153e+00 9.23361874e+00
    1.06940680e+01 1.12951794e+01 1.22053413e+01 4.84093428e+00
    4.71776199e+00 8.46199989e+00 2.44397044e+00 5.37168455e+00
    5.72830677e+00 5.08358145e+00 1.39247608e+00 8.55604744e+00
    5.17783833e+00 1.03767614e+01 1.12587795e+01 5.25839901e+00
    7.33682537e+00 7.33340073e+00 3.54669333e+00 3.41868311e-01
    6.14993751e-01 9.76903534e+00 7.45002508e+00 3.10910535e+00
    1.24935150e+01 1.46135783e+00 1.02529097e+00 1.33458412e+00
    6.20148563e+00 1.17179432e+01 4.31302905e-01 9.61961460e+00
    1.00406098e+00 3.90374899e-01 8.01819134e+00 4.92065716e+00
    1.05262356e+01 7.25519323e+00 2.74459291e+00 5.53690195e-01
    4.25830698e+00 7.26038218e+00 5.85521412e+00 2.94785231e-01
    1.71437013e+00 3.64965034e+00 5.48265457e+00 3.29764605e+00
    1.18947687e+01 4.06028509e+00 2.54604340e+00 1.09612875e+01
    1.22790537e+01 8.24640560e+00 1.17962313e+01 5.10101461e+00
    1.09473257e+01 9.55576992e+00 2.48348737e+00 6.99504185e+00
    8.74406242e+00 1.02516186e+00 5.10118437e+00 9.31012154e+00
    4.20728922e+00 9.62607384e+00 3.79593468e+00 2.56153154e+00
    1.08023405e+00 4.63501978e+00 1.12337580e+01 1.21811123e+01
    8.04314899e+00 2.08324343e-01 1.46949863e+00 9.06740189e+00
    5.37761211e+00 1.05446758e+01 1.11654196e+01 6.72892237e+00
    1.05811224e+01 3.10804510e+00 1.08074164e+00 7.64478350e+00
    7.93805981e+00 5.47594261e+00 1.29676723e+01 1.13549881e+01
    4.33824205e+00 9.23242283e+00 6.21502884e-02 7.32163668e+00
    6.18955946e+00 1.27368498e+01 9.06109142e+00 6.94830322e+00
    6.12836599e+00 1.98697224e-01 4.31060219e+00 6.72379017e-01
    9.26035702e-01 7.61769199e+00 1.01825476e+01 3.71497703e+00
    9.60728455e+00 1.22015715e+00 3.97662663e+00 1.30839958e+01
    1.07832432e+01 8.78725243e+00 7.00466061e+00 4.21202374e+00
    1.04878464e+01 5.50179529e+00 6.94023561e+00 9.36435699e+00
    3.90333503e-01 9.37189388e+00 1.02489204e+01 6.23247671e+00
    1.22523251e+01 1.15105276e+01 5.11376858e+00 1.00359535e+01
    7.51637411e+00 5.00075579e+00 3.90269327e+00 1.11173401e+01
    9.07574463e+00 5.00035000e+00 1.14004354e+01 2.11874843e+00
    3.94689417e+00 2.84014988e+00 1.10963354e+01 2.71358752e+00
    7.09726381e+00 1.66784167e+00 5.76953173e+00 5.90830624e-01
    1.14071026e+01 4.52971268e+00 1.29816818e+01 4.38672686e+00
    8.09998608e+00 1.00799532e+01 1.08494453e+01 8.74298286e+00
    2.90216088e+00 6.61300611e+00 2.04966950e+00 1.00040760e+01
    1.09560709e+01 9.07308197e+00 1.00709286e+01 4.30597878e+00
    4.94280815e+00 5.46323538e+00 4.03527451e+00 7.33975172e-01
    1.05590019e+01 1.95071924e+00 1.04867878e+01 8.94517612e+00
    1.04456949e+01 1.05009632e+01 7.24425983e+00 8.02470016e+00
    3.21323872e+00 3.77308393e+00 4.48895693e+00 1.62346458e+00
    6.87637615e+00 1.27108984e+01 1.18187952e+01 5.78103828e+00
    1.42774665e+00 4.81291294e+00 1.50760055e+00 5.35963488e+00
    1.03134947e+01 3.86346555e+00 7.12145948e+00 1.65778601e+00
    3.77543592e+00 1.14617844e+01 1.25090342e+01 1.22088966e+01
    2.71426964e+00 1.27324715e+01 1.21885860e+00 7.12417603e+00
    3.39749426e-01 8.65764999e+00 2.05262756e+00 9.35521984e+00
    4.86563587e+00 9.15680885e+00 8.80246735e+00 9.61786652e+00
    1.26640043e+01 1.07199831e+01 1.28774872e+01 4.28051424e+00
    1.10795660e+01 7.55182314e+00 1.51932752e+00 1.43413484e+00
    1.30061464e+01 6.13095093e+00 1.10785236e+01 4.55682985e-02
    4.55632544e+00 4.79351187e+00 9.43866348e+00 4.60017586e+00
    2.58535504e+00 2.55880976e+00 4.01859665e+00 1.28346672e+01
    9.93496418e+00 1.25948172e+01 4.36290026e+00 2.74866104e+00
    5.19159126e+00 8.86982536e+00 4.29385710e+00 1.13883801e+01
    6.18099308e+00 8.88862801e+00 4.95616055e+00 1.17446852e+01
    1.00454721e+01 7.20403051e+00 8.18166542e+00 1.19626732e+01
    6.93801260e+00 5.17862654e+00 2.40838027e+00 6.99620628e+00
    5.52687883e+00 9.46347046e+00 1.17396221e+01 1.58258033e+00
    1.30408154e+01 1.06783044e+00 7.02551985e+00 2.66761708e+00
    3.95492268e+00 8.93400192e-01 1.14917154e+01 1.07769489e+00
    7.53651285e+00 3.81872034e+00 2.99133921e+00 9.14856720e+00
    2.46382189e+00 5.29683828e+00 5.37681103e-01 4.04731512e-01
    3.90837884e+00 8.27933407e+00 3.47975707e+00 1.53076482e+00
    1.16951771e+01 8.08472061e+00 2.67146802e+00 2.40884602e-01
    6.84801531e+00 2.12355781e+00 8.68308830e+00 1.01234350e+01
    2.02634647e-01 6.61767101e+00 1.05177794e+01 1.09262934e+01
    5.65429163e+00 6.49414587e+00 9.79757118e+00 1.03041077e+01
    6.58592176e+00 8.27959633e+00 5.77014017e+00 2.06112528e+00
    2.40748048e+00 4.28207874e+00 3.30949163e+00 6.91456461e+00
    3.00650764e+00 1.20557613e+01 1.23590040e+00 5.40669441e+00
    5.68254757e+00 4.80482864e+00 8.01766491e+00 9.14637375e+00
    1.18723249e+01 1.30812263e+01 4.49594307e+00 7.56217098e+00
    7.09393930e+00 1.56753862e+00 1.09414425e+01 6.15844011e+00
    3.62485218e+00 8.06956959e+00 1.07623606e+01 5.07924080e+00
    2.91418958e+00 2.04612064e+00 4.49335670e+00 7.70728064e+00
    1.02784061e+01 9.33734226e+00 7.09831905e+00 1.40005243e+00
    6.38600063e+00 8.93957710e+00 1.30362978e+01 1.92059898e+00
    2.63933158e+00 1.10362501e+01 7.25813687e-01 1.14263887e+01
    9.80142879e+00 1.11615963e+01 3.44649553e+00 3.74295521e+00
    1.03141832e+01 5.02493334e+00 3.58247328e+00 1.25861826e+01
    1.00141077e+01 1.16351814e+01 1.28931389e+01 1.20874643e+01
    9.87378597e+00 1.09384069e+01 2.64717674e+00 3.29917598e+00
    1.00281925e+01 8.27620983e+00 7.51562929e+00 1.26502476e+01
    3.77600312e+00 8.28430116e-01 1.03416224e+01 8.39805126e+00
    5.32416487e+00 1.23804693e+01 3.19452333e+00 1.30533791e+01
    1.00440538e+00 1.22528706e+01 1.17928028e+01 1.57561088e+00
    1.28490114e+01 2.92959905e+00 1.84004819e+00 1.28471985e+01
    7.00952816e+00 6.03343630e+00 2.19587660e+00 8.04092503e+00
    5.43687248e+00 9.02017727e-02 6.68090999e-01 2.05078101e+00
    9.61037731e+00 6.96049976e+00 1.58990860e+00 9.60651338e-01
    1.01521006e+01 1.29070110e+01 5.42051649e+00 9.60471535e+00
    1.11467772e+01 1.20581436e+01 6.75888205e+00 2.67550135e+00
    4.87174988e+00 7.03331757e+00 9.55300999e+00 3.50570709e-01
    3.43223882e+00 6.41381693e+00 2.55827069e-01 1.09380131e+01
    1.13896437e+01 6.28662109e+00 3.02813101e+00 9.62269878e+00
    4.11933088e+00 9.51988602e+00 9.13641930e+00 1.84784901e+00
    4.50947952e+00 8.16766930e+00 5.58031607e+00 7.32804441e+00
    1.24932127e+01 6.88235903e+00 1.23426046e+01 1.01922588e+01
    2.66417116e-01 6.75269985e+00 7.82175875e+00 1.12168531e+01
    1.00413408e+01 1.85750270e+00 8.52681637e+00 9.90779305e+00
    6.14574909e+00 7.05779016e-01 8.17181396e+00 8.44685268e+00
    8.95614243e+00 1.92672002e+00 8.79142570e+00 7.22613287e+00
    9.12837124e+00 8.20891917e-01 4.72121143e+00 7.78653955e+00
    9.01755714e+00 9.30812836e+00 1.00377216e+01 1.06605291e+01
    2.18816131e-01 1.10008831e+01 9.06209409e-01 9.81543541e+00
    2.56323904e-01 5.46911430e+00 8.43935108e+00 1.10090995e+00
    1.30429516e+01 3.05219865e+00 7.16435480e+00 7.66244698e+00
    1.12788649e+01 5.55181265e+00 7.34024715e+00 1.07540035e+01
    4.59436941e+00 7.54512978e+00 7.45807362e+00 5.82186556e+00
    5.72179890e+00 4.55525780e+00 9.89091587e+00 2.24177551e+00
    1.10858393e+01 5.63006783e+00 6.85967207e+00 2.42255464e-01
    6.34126329e+00 3.22949719e+00 1.15258241e+00 6.36228228e+00
    1.28442726e+01 9.80645084e+00 5.28899813e+00 2.70228767e+00
    1.30639610e+01 9.58428288e+00 4.36560959e-01 6.94419193e+00
    1.24979239e+01 5.49371767e+00 9.47262764e+00 9.69231319e+00
    1.23027146e+00 2.81468678e+00 5.15940189e-01 5.80967045e+00
    2.57198763e+00 1.28855715e+01 3.30201483e+00 6.98633242e+00
    6.30656242e+00 3.05649352e+00 6.36479378e+00 1.27626514e+01
    1.03543291e+01 4.55113316e+00 9.18842673e-01 6.35321856e+00
    9.24288750e+00 2.80049849e+00 1.26855879e+01 1.59816039e+00
    9.93471241e+00 3.87259513e-01 9.59579659e+00 9.52281189e+00
    1.56807876e+00 1.55903029e+00 1.23708038e+01 2.54046822e+00
    2.73619866e+00 9.54468632e+00 4.01041222e+00 6.88696575e+00
    8.78759480e+00 2.46096683e+00 8.57550049e+00 1.08643551e+01
    9.05117607e+00 3.13504195e+00 1.16371737e+01 1.75083208e+00
    7.17307329e-01 5.43944120e+00 3.34985733e+00 3.71853769e-01
    6.90636635e+00 8.84434414e+00 5.42109394e+00 6.71548176e+00
    1.01310480e+00 3.23382449e+00 3.73135519e+00 7.49034834e+00
    6.95687675e+00 1.07533817e+01 1.27337861e+00 3.59900188e+00
    8.08806610e+00 1.56567252e+00 3.17138100e+00 1.07217083e+01
    6.52941513e+00 1.09710255e+01 4.80939865e+00 6.23510695e+00
    7.60237217e+00 8.21735573e+00 7.98401213e+00 1.15611591e+01
    3.16663456e+00 5.23351097e+00 7.06376791e-01 5.72631645e+00
    4.42206001e+00 2.01954818e+00 2.81403214e-01 1.09989178e+00
    3.87313628e+00 9.94553852e+00 5.48908412e-01 2.86490488e+00
    8.58361626e+00 1.11935968e+01 6.42040539e+00 1.01817265e+01
    8.27797222e+00 7.30969238e+00 7.50891805e-01 5.33289957e+00
    5.65173578e+00 1.31821707e-01 6.60708237e+00 1.28116016e+01
    1.92391753e+00 3.73286438e+00 7.75921631e+00 3.33452225e+00
    9.59100246e+00 4.10972309e+00 1.26684895e+01 6.37600780e-01
    1.95549512e+00 6.34877539e+00 3.08216834e+00 8.19574738e+00
    1.15436058e+01 4.05148315e+00 8.95926380e+00 8.85547352e+00
    2.90114021e+00 6.08096504e+00 7.54354525e+00 1.12842884e+01
    8.85918045e+00 7.98815060e+00 1.27186546e+01 1.46685016e+00
    9.08505058e+00 8.64746571e+00 1.73204958e+00 7.80635500e+00
    3.78232312e+00 8.17599487e+00 5.17509317e+00 6.87133360e+00
    6.90464354e+00 1.90478349e+00 1.11509085e+01 9.91418934e+00
    5.88141346e+00 6.10605896e-01 4.53811073e+00 9.58804131e+00
    3.24341512e+00 1.37611568e+00 2.43833470e+00 5.92799759e+00
    1.21989555e+01 4.42938662e+00 3.52828550e+00 4.04376179e-01
    4.87878370e+00 1.64904726e+00 6.60468817e+00 8.47177505e+00
    1.08462629e+01 1.05981846e+01 7.49588966e+00 8.67292023e+00
    5.84401608e+00 2.67444730e-01 6.44936025e-01 1.53788015e-01
    8.17420959e-01 4.83907747e+00 7.94796050e-01 6.96936560e+00
    9.45716000e+00 3.82667112e+00 7.97413111e+00 1.09289913e+01
    1.84700382e+00 1.05008774e+01 1.05517349e+01 7.04466629e+00
    8.50271034e+00 7.20568323e+00 1.02612038e+01 6.25020552e+00
    8.70178127e+00 1.01590185e+01 1.03518610e+01 7.46008015e+00
    6.45819521e+00 4.91090012e+00 7.74055049e-02 1.17495060e+01
    8.51795101e+00 1.23912296e+01 1.16527996e+01 3.23812477e-02
    3.36802840e+00 1.76041424e+00 1.06628933e+01 1.27307043e+01
    1.12136087e+01 2.01078820e+00 1.20130718e-01 5.01649797e-01
    8.65061855e+00 2.85350060e+00 1.06447020e+01 8.65245879e-01
    1.24165354e+01 7.44635916e+00 5.96970320e+00 1.28214626e+01
    1.13963432e+01 2.35414743e+00 1.12513554e+00 2.35055780e+00
    2.75069880e+00 1.25735445e+01 4.27083969e+00 1.29429111e+01
    4.87308741e+00 4.40344906e+00 1.04494691e+00 7.24026322e-01
    1.83663690e+00 1.06773227e-01 9.95557690e+00 7.57462263e+00
    7.33170271e+00 6.86387873e+00 3.48343819e-01 6.35042715e+00
    9.92462730e+00 8.69576073e+00 1.02577629e+01 3.60379148e+00
    1.07819510e+01 9.77259731e+00 1.38231313e+00 1.17027740e+01
    2.70345640e+00 5.09254599e+00 4.35669661e+00 1.14831746e+00
    1.10811930e+01 1.00755550e-01 6.76533282e-01 5.79662848e+00
    2.17972445e+00 1.67543232e+00 9.21414852e+00 1.21566544e+01
    7.68495035e+00 1.23264065e+01 4.73377037e+00 3.71525621e+00
    4.34047985e+00 7.15791368e+00 4.50407267e+00 1.37664604e+00
    3.77402830e+00 3.00015569e-01 1.44195771e+00 8.54812336e+00
    2.12236905e+00 5.00307846e+00 5.07626772e+00 2.32145214e+00
    1.03279934e+01 1.04913893e+01 3.33870316e+00 1.08805695e+01
    3.24231267e+00 3.78882796e-01 3.04309785e-01 1.21083450e+01
    7.69504690e+00 1.10510790e+00 8.03541470e+00 1.24973688e+01
    1.00099192e+01 1.04816043e+00 3.47194552e-01 5.10489988e+00
    3.58826375e+00 1.23803082e+01 1.82080781e+00 7.25992680e+00
    4.71117115e+00 5.81195307e+00 1.19351397e+01 1.28607712e+01
    2.53230667e+00 2.88146091e+00 6.06209755e+00 7.37141705e+00
    3.31830931e+00 3.03965902e+00 3.49206614e+00 7.12848234e+00
    6.07355714e-01 9.96496868e+00 1.12057886e+01 9.44618893e+00
    1.87610853e+00 5.22977495e+00 1.21250610e+01 8.83582973e+00
    1.04309072e+01 8.75612450e+00 1.11920538e+01 8.92769814e+00
    2.90843606e+00 8.53739166e+00 8.28204536e+00 3.72251391e+00
    6.14156771e+00 1.28690300e+01 1.07156200e+01 7.51982021e+00
    1.08234415e+01 4.15146255e+00 9.40460682e+00 3.60813880e+00
    9.46225262e+00 9.35312843e+00 9.50807858e+00 1.19601221e+01
    1.05668335e+01 2.23854995e+00 8.95916271e+00 2.67357039e+00
    4.56675005e+00 2.19169188e+00 1.08516769e+01 1.70126498e+00
    5.39418268e+00 8.27204132e+00 1.23334579e+01 1.03699408e+01
    3.89734411e+00 2.24064255e+00 3.56290436e+00 5.48031425e+00
    4.45568228e+00 2.40510178e+00 1.12272501e+01 1.14665298e+01
    1.01191759e+01 4.96568298e+00 1.26511335e+01 9.41277695e+00
    4.19607830e+00 4.90207720e+00 7.06530380e+00 8.52165318e+00
    6.44748592e+00 8.59402180e+00 3.41042662e+00 3.74721980e+00
    1.13651066e+01 7.52721786e+00 5.38705921e+00 2.29719591e+00
    3.28815508e+00 2.36083269e+00 1.08323946e+01 9.20162010e+00
    4.66599846e+00 6.81514740e+00 1.24519944e+00 4.16022360e-01
    2.91824818e+00 5.67794085e+00 1.20046377e+01 3.58346844e+00
    1.06951323e+01 2.46421790e+00 1.06717443e+01 7.32842064e+00
    5.76638222e+00 2.42778468e+00 9.65051174e+00 3.06387663e+00
    1.13187580e+01 4.59257317e+00 5.84629774e+00 5.82495070e+00
    8.66333008e+00 1.37673247e+00 9.38759232e+00 7.80474424e-01
    3.41636801e+00 9.72726345e+00 4.54724646e+00 9.89268208e+00
    7.88164806e+00 5.38864183e+00 4.08803225e+00 4.12218857e+00
    6.98908389e-01 9.41393375e+00 7.45769835e+00 2.45008278e+00
    1.14208813e+01 9.03180122e+00 6.59862280e+00 3.56580448e+00
    9.13909245e+00 3.12596893e+00 3.51090384e+00 6.42470407e+00
    6.37519598e+00 7.37082624e+00 2.96812129e+00 1.17990322e+01
    1.18627386e+01 1.23373890e+01 1.01054621e+01 7.93784523e+00
    7.91651106e+00 2.47165966e+00 1.27486861e+00 2.94993973e+00
    7.44402504e+00 1.05235538e+01 6.92805195e+00 6.86264181e+00
    9.32408047e+00 1.21478386e+01 3.07077551e+00 8.61517620e+00
    8.92604637e+00 6.12641287e+00 8.82505989e+00 1.15086756e+01
    3.09415674e+00 7.13938093e+00 8.07965755e+00 2.97582197e+00
    1.16524639e+01 8.14821053e+00 2.98183227e+00 9.94152164e+00
    3.86716676e+00 8.79484558e+00 1.24099417e+01 7.97810221e+00
    7.58796453e+00 1.18471174e+01 3.19682032e-01 6.70716858e+00
    9.92740917e+00 5.84007597e+00 7.91429186e+00 7.10242987e+00
    5.98149300e+00 8.56833744e+00 1.95839202e+00 1.32133043e+00
    3.15103221e+00 1.04208345e+01 4.97851998e-01 2.46100053e-01
    5.99386454e+00 1.28999681e+01 4.85581779e+00 9.06184483e+00
    7.08916044e+00 8.43388462e+00 1.25753469e+01 4.74937963e+00
    6.88797235e+00 1.94755509e-01 1.22002144e+01 1.64131641e+00
    1.07014618e+01 5.09016514e+00 2.73449922e+00 1.88646841e+00
    3.75074315e+00 8.81851256e-01 2.01092219e+00 9.64155293e+00
    6.66632032e+00 7.83391428e+00 6.80305576e+00 1.08428717e+01
    5.77910948e+00 5.24580669e+00 1.19285965e+01 4.88760042e+00
    2.64346862e+00 5.06299448e+00 4.64233065e+00 1.21262398e+01
    1.30122938e+01 1.11388814e+00 1.11470342e+00 1.08380699e+01
    9.43483949e-01 7.31082582e+00 7.20302677e+00 5.75962019e+00
    9.71867847e+00 1.19132385e+01 4.01223183e+00 3.23299670e+00
    1.19909096e+01 1.07913456e+01 8.97632504e+00 2.05923128e+00
    7.06909132e+00 2.53750706e+00 6.29628992e+00 3.23645616e+00
    5.99146795e+00 9.32145596e+00 4.86197281e+00 1.03584795e+01
    4.41350508e+00 1.29674360e-01 7.52410889e+00 3.35385728e+00
    1.85064554e+00 1.11727600e+01 8.71121788e+00 9.46387291e+00
    5.84070635e+00 1.19144840e+01 5.37506199e+00 1.12533247e+00
    1.00987864e+01 4.51281452e+00 9.01498795e+00 4.19894266e+00
    1.27265062e+01 6.13953829e+00 1.28612757e+01 1.71157658e+00
    1.25453520e+01 6.59484434e+00 7.30669165e+00 3.45302916e+00
    1.62177813e+00 7.61193037e+00 1.15974779e+01 1.14865303e+01
    9.69044304e+00 7.97831059e+00 7.61226559e+00 1.29050028e+00
    1.27800999e+01 2.07518196e+00 5.64185381e+00 1.20993700e+01
    3.59074020e+00 3.96900249e+00 8.94488049e+00 9.71209812e+00
    1.07927971e+01 6.75096464e+00 1.02655659e+01 2.70860457e+00
    1.02106628e+01 1.01882229e+01 1.18433828e+01 5.66040218e-01
    5.92643881e+00 2.95061374e+00 3.30515057e-01 2.57672131e-01
    7.59607649e+00 2.70714712e+00 1.10061607e+01 1.66919029e+00
    3.00810266e+00 1.15688734e+01 5.51155567e+00 6.46082115e+00
    7.27700138e+00 5.50285149e+00 5.24492788e+00 6.83771431e-01
    7.40615940e+00 9.42850709e-02 1.05124569e+01 1.01268587e+01
    9.32024956e+00 1.26701632e+01 2.42656803e+00 1.20837278e+01
    2.76980948e+00 7.26082325e+00 5.12146187e+00 9.18100166e+00
    1.71021056e+00 1.15864162e+01 6.68859625e+00 3.54212666e+00
    9.26737785e+00 1.07467928e+01 7.68515921e+00 1.28018923e+01
    2.49117041e+00 8.96840763e+00 7.48379326e+00 5.38657475e+00
    4.48942471e+00 2.58592772e+00 1.21794462e+01 7.09056282e+00
    5.53458929e-01 5.41254520e+00 1.51035857e+00 9.29044247e+00
    9.70816040e+00 9.11959171e+00 1.01879225e+01 8.15123022e-01
    5.58576632e+00 1.10535135e+01 4.44927961e-01 4.77495432e+00
    2.05436683e+00 9.63574028e+00 3.98522830e+00 5.12158537e+00
    1.00083609e+01 1.06933327e+01 6.72824085e-01 2.98803568e+00
    8.87141991e+00 3.05900431e+00 3.41869783e+00 5.86657524e+00
    4.92108107e-01 1.13166933e+01 2.92084169e+00 1.34617007e+00
    2.66189933e+00 8.65105343e+00 6.31376171e+00 1.25899105e+01
    7.88062954e+00 9.56298256e+00 1.05288372e+01 1.80802763e+00
    1.02639234e+00 1.13372164e+01 5.57940960e+00 3.34446692e+00
    1.88915479e+00 1.50412869e+00 1.34178591e+00 1.49541706e-01
    7.95960903e+00 7.37927675e+00 1.09382277e+01 4.50402117e+00
    1.08626642e+01 3.50103831e+00 3.44333649e+00 6.45959139e+00
    8.56589127e+00 7.52164030e+00 8.36224842e+00 7.60101938e+00
    6.47041893e+00 1.03404722e+01 1.12719148e-01 7.16858435e+00
    6.32704496e+00 2.93572879e+00 1.33773923e+00 7.88022137e+00
    6.31270695e+00 6.59233999e+00 9.19312477e+00 6.50564766e+00
    9.72119999e+00 1.97571850e+00 1.06463957e+01 3.95876241e+00
    8.88110733e+00 5.52213144e+00 7.10146141e+00 3.51483727e+00
    8.07549655e-01 1.06164007e+01 4.58438635e+00 5.40703535e+00
    1.65758789e+00 5.50336504e+00 7.09782553e+00 2.75773335e+00
    2.08030725e+00 5.59395504e+00 3.89131999e+00 5.77130461e+00
    5.82733440e+00 1.03837070e+01 7.46455717e+00 2.19405222e+00
    6.66420889e+00 1.05089531e+01 1.12336216e+01 1.28713999e+01
    5.19694519e+00 1.25731449e+01 1.18941832e+01 1.08915777e+01
    1.10461359e+01 7.89107370e+00 5.08450270e-01 3.33267927e+00
    1.47118294e+00 1.46393681e+00 1.06780300e+01 1.04666433e+01
    1.20829906e+01 5.46344995e+00 1.29474354e+01 3.49054170e+00
    5.22034264e+00 4.60825145e-01 2.44822264e+00 3.71559739e-01
    6.65064478e+00 7.52955580e+00 4.89400244e+00 7.59409857e+00
    8.67881298e+00 2.92032218e+00 8.38955307e+00 1.14073534e+01
    1.06588192e+01 1.03304577e+01 8.97013605e-01 8.95224380e+00
    4.70690094e-02 4.05705595e+00 8.29336071e+00 6.95845175e+00
    7.93839455e+00 6.09363079e+00 2.94068265e+00 4.96144009e+00
    9.15221977e+00 7.76149654e+00 6.92062807e+00 6.89421129e+00
    3.25960040e+00 1.84332401e-01 3.29825974e+00 1.79516447e+00
    5.52198052e-01 1.00647812e+01 1.38151133e+00 2.56924987e+00
    1.21155519e+01 3.46823263e+00 4.81107140e+00 4.71421289e+00
    2.50256062e+00 1.16941586e+01 1.27625971e+01 9.19110870e+00
    8.90138721e+00 9.25417233e+00 4.76967621e+00 1.07053881e+01
    1.09307003e+01 1.14647079e+00 7.65219831e+00 9.64826584e+00
    1.21383400e+01 1.31412601e+00 3.04652166e+00 1.27651024e+01
    7.75610638e+00 8.27405167e+00 5.26244068e+00 6.34643698e+00
    8.22391129e+00 4.44884586e+00 7.67480421e+00 9.25286293e+00
    1.26256056e+01 3.43145418e+00 6.80189562e+00 8.21731091e+00
    9.16694546e+00 1.07844238e+01 1.16958771e+01 3.96479464e+00
    6.34636974e+00 9.28430176e+00 1.10458839e+00 5.08748233e-01
    6.38984251e+00 8.58799553e+00 1.08755608e+01 1.25524235e+01
    1.16399956e+01 6.66067553e+00 4.06684589e+00 4.36090040e+00
    1.21913052e+01 8.97583199e+00 9.89095402e+00 1.27108288e+01
    1.65743768e+00 5.47372389e+00 8.69068718e+00 7.01522470e-01
    3.92982173e+00 3.00568461e+00 1.47586715e+00 5.37017536e+00
    8.90169799e-01 4.52824593e+00 8.97364330e+00 9.24669743e+00
    1.17061110e+01 4.39100790e+00 3.36797118e+00 1.79820502e+00
    4.75817919e+00 8.19531155e+00 7.26948977e+00 5.45313978e+00
    4.08138961e-01 1.06050310e+01 1.11670518e+00 9.36550498e-01
    4.32700062e+00 1.10060606e+01 2.43513584e+00 1.24136581e+01
    1.00250301e+01 8.66364670e+00 4.42838001e+00 1.04374564e+00
    8.17097282e+00 8.14688587e+00 5.72013378e+00 7.59375286e+00
    2.02246022e+00 5.84618807e+00 6.11790848e+00 8.60803413e+00
    4.72618341e-01 5.43180883e-01 2.78101474e-01 3.74418640e+00
    2.85453320e+00 6.75790501e+00 8.37718487e+00 3.61799455e+00
    8.99614334e+00 1.06488438e+01 1.94005561e+00 1.73133337e+00
    1.68261647e+00 7.85809660e+00 9.29858303e+00 4.91731071e+00
    9.29441166e+00 2.68801522e+00 2.59305120e+00 8.60068703e+00
    4.10731268e+00 5.25637865e+00 9.28713083e-01 1.23661366e+01
    5.47974730e+00 8.84424973e+00 1.87188148e+00 1.08090210e+01
    8.68872452e+00 4.71649837e+00 1.22162180e+01 9.60114765e+00
    2.28117156e+00 2.47424817e+00 9.86601830e+00 2.20408082e+00
    9.00347710e+00 1.30473452e+01 3.59585834e+00 8.52536201e-01
    1.27390534e-01 1.01809368e+01 9.57146740e+00 8.34692669e+00
    7.47844362e+00 1.09287291e+01 3.96273112e+00 3.53397465e+00
    9.11460018e+00 6.19675016e+00 1.42367446e+00 5.78083515e+00
    4.22553873e+00 1.46672451e+00 5.01008606e+00 6.73728085e+00
    6.89134598e-01 2.32938337e+00 6.22233582e+00 2.41709614e+00
    2.64057183e+00 9.02725315e+00 1.23434105e+01 8.85629368e+00
    4.44786978e+00 5.09045076e+00 7.64615822e+00 6.81521797e+00
    5.98088074e+00 7.85210848e+00 8.91464996e+00 9.84489918e+00
    1.10925999e+01 9.39601326e+00 7.45190334e+00 1.30400810e+01
    7.47840691e+00 3.59781408e+00 4.63269621e-01 4.35368156e+00
    1.02133036e+01 6.79736435e-01 6.12399912e+00 3.62539339e+00
    1.30211449e+01 7.96670437e+00 1.04391880e+01 1.10960627e+01
    7.08449173e+00 1.22582483e+01 3.32617354e+00 1.27977381e+01
    9.23918629e+00 4.56812763e+00 6.51363087e+00 4.67273378e+00
    6.68638039e+00 4.89268923e+00 6.42756939e+00 1.00159645e+01
    7.80041313e+00 1.04821215e+01 3.80577469e+00 7.26152563e+00
    7.23482847e+00 6.79987431e+00 1.25489235e+01 1.25461607e+01
    6.61309910e+00 5.28909063e+00 1.00060644e+01 1.24902554e+01
    7.49638319e-01 8.87574291e+00 1.06184216e+01 1.13685474e+01
    5.96186161e+00 1.06319361e+01 1.74884069e+00 8.27306747e+00
    9.51526928e+00 1.30683956e+01 1.28292675e+01 8.58064473e-01
    1.21255665e+01 1.27496901e+01 3.32679915e+00 1.48798573e+00
    1.01376715e+01 9.55096960e-01 6.38752937e+00 5.39330530e+00
    1.02576141e+01 1.24681625e+01 7.23417044e+00 1.18113661e+01
    5.78220725e-01 6.32327676e-01 1.13226061e+01 6.32843304e+00
    5.03541899e+00 6.25624180e+00 1.12534781e+01 3.81946492e+00
    1.10486622e+01 2.03386173e-01 9.78806782e+00 4.72048879e-01
    6.50542974e+00 1.40903711e+00 4.05154645e-01 5.42264891e+00
    4.70884037e+00 6.48151207e+00 4.51212597e+00 1.27289333e+01
    8.82395172e+00 1.38858581e+00 1.27321424e+01 2.29230356e+00
    1.10467443e+01 8.79864311e+00 1.02642879e+01 2.99256015e+00
    6.35662556e-01 9.62061644e-01 7.30060959e+00 3.11789989e+00
    6.85142577e-01 9.52868462e+00 2.35386276e+00 8.25737286e+00
    1.29507809e+01 1.19628894e+00 6.17154598e+00 3.77150744e-01
    5.28518772e+00 5.80351710e-01 3.06388235e+00 1.80633092e+00
    6.89487028e+00 4.15221691e-01 5.01166725e+00 8.40327665e-02
    8.71519744e-02 1.30436954e+01 9.95755100e+00 1.06571312e+01
    4.90691042e+00 1.07350702e+01 3.37696743e+00 4.29814100e+00
    1.11684761e+01 2.58920407e+00 3.64218163e+00 1.02512732e+01
    1.19489384e+01 8.77116108e+00 2.90112162e+00 1.26607552e+01
    1.36968386e+00 1.08632250e+01 9.60713387e+00 9.23935127e+00
    5.22924995e+00 1.30744982e+00 4.53809786e+00 1.19453745e+01
    1.26424046e+01 1.24869909e+01 1.13972104e+00 1.05593243e+01
    1.27598000e+01 1.13100510e+01 2.99856007e-01 1.60858941e+00
    3.06551838e+00 1.10524702e+00 4.12277842e+00 1.10540400e+01
    1.26511831e+01 1.35235965e+00 1.15748806e+01 1.13772354e+01
    6.68491960e-01 7.79726934e+00 7.05187607e+00 6.82131433e+00
    9.40928173e+00 1.12889938e+01 6.36237431e+00 1.03459702e+01
    1.98945785e+00 4.29859209e+00 3.83343816e+00 4.59221363e+00
    3.32799745e+00 4.52680969e+00 3.91083574e+00 5.80425835e+00
    2.65385938e+00 7.32368994e+00 5.84706926e+00 9.32411766e+00
    1.28201666e+01 5.76519251e+00 1.06679573e+01 1.80704379e+00
    7.62920046e+00 7.32179642e+00 2.37826896e+00 3.97043657e+00
    9.82572365e+00 1.19856319e+01 1.05395317e+00 6.90114880e+00
    1.07989302e+01 1.04795408e+01 3.84378242e+00 1.03416281e+01
    3.25049019e+00 1.11127844e+01 3.75667691e+00 6.12994099e+00
    7.95115137e+00 1.43014026e+00 3.54158366e-03 8.89483869e-01
    2.73150682e+00 7.78540325e+00 8.99927616e+00 3.76162791e+00
    5.31679869e+00 1.05115175e+01 1.22605801e+00 6.97150326e+00
    7.33239174e+00 7.13164997e+00 8.91266823e+00 6.65404737e-01
    9.89508533e+00 1.21286106e+00 8.92383003e+00 2.39626575e+00
    5.37629843e+00 2.16774273e+00 7.54330873e+00 4.31011200e+00
    8.46426296e+00 4.80318928e+00 1.17373800e+01 6.05133200e+00
    4.95681620e+00 3.40411568e+00 4.47829151e+00 5.76575613e+00
    1.10802107e+01 7.48842525e+00 1.26438408e+01 8.10606670e+00
    8.59204578e+00 1.30273724e+01 4.08888292e+00 1.21337833e+01
    1.23707752e+01 3.12741971e+00 7.06040907e+00 5.56312895e+00
    9.23624802e+00 1.17693062e+01 7.87755919e+00 5.15112543e+00
    1.16151991e+01 1.54599786e+00 4.49309015e+00 7.02149916e+00
    1.48264599e+00 4.43030024e+00 7.10228252e+00 3.18624711e+00
    5.14555788e+00 1.44950235e+00 4.38883209e+00 8.57411480e+00
    1.23720493e+01 1.00024548e+01 2.32690349e-01 5.21261549e+00
    6.14931726e+00 5.74265003e+00 7.70221853e+00 1.00112953e+01
    1.18643112e+01 1.17305918e+01 1.06317921e+01 1.06971111e+01
    4.90650797e+00 9.86223316e+00 5.84359837e+00 5.48638725e+00
    1.06346464e+01 9.20422935e+00 4.45268393e+00 2.73941875e+00
    5.78346014e+00 8.85961151e+00 7.31499529e+00 4.61502218e+00
    2.55682373e+00 4.67708397e+00 1.17862310e+01 6.89396954e+00
    5.64642715e+00 7.51556396e+00 3.68813968e+00 1.12193174e+01
    3.15909386e+00 3.77127719e+00 2.02121568e+00 1.01722202e+01
    1.19503231e+01 3.66860342e+00 9.12880898e+00 8.82722187e+00
    3.56629252e+00 1.24895992e+01 9.94006920e+00 8.99986839e+00
    2.82163906e+00 2.81885338e+00 6.89158201e+00 6.31773424e+00
    3.93983459e+00 1.15455637e+01 5.48033428e+00 1.03254528e+01
    6.21994352e+00 2.46587396e+00 1.30662003e+01 9.84304810e+00
    7.80012035e+00 3.11218667e+00 5.47813749e+00 3.92833877e+00
    1.09919719e-01 1.14259219e+00 3.45981812e+00 3.17651820e+00
    6.98671913e+00 4.55301905e+00 1.04342270e+01 8.17552757e+00
    1.18838749e+01 8.23150063e+00 9.38645649e+00 6.67843246e+00
    1.10346098e+01 2.85587239e+00 8.52293205e+00 6.78881311e+00
    4.85961246e+00 5.35420990e+00 2.45457435e+00 4.76407520e-02
    3.03763890e+00 8.36794281e+00 4.88308811e+00 7.49888468e+00
    1.39009690e+00 1.98641074e+00 1.59849632e+00 6.97933960e+00
    9.94814301e+00 7.42284894e-01 1.12840004e+01 1.27254686e+01
    8.73574543e+00 8.71500587e+00 3.23800325e+00 5.19260216e+00
    4.71743059e+00 9.69348049e+00 3.21283150e+00 4.04275370e+00
    6.63636541e+00 8.25802445e-01 1.15550966e+01 1.03032160e+01
    3.84744853e-01 3.56758893e-01 1.09369001e+01 2.49731731e+00
    2.10418868e+00 3.54451776e+00 1.02225825e-01 8.14290428e+00
    8.20927334e+00 4.17488289e+00 1.50495434e+00 1.30562029e+01
    9.99852562e+00 5.54875135e+00 4.81930685e+00 1.19348135e+01
    4.62965727e+00 1.37102067e+00 3.90155363e+00 8.06639385e+00
    1.04357824e+01 6.27591515e+00 9.00811481e+00 5.30176926e+00
    5.14847422e+00 3.99690986e+00 4.05616426e+00 8.29332769e-01
    7.78376245e+00 1.25011415e+01 1.75009978e+00 1.24609327e+01
    4.74357605e+00 5.15797472e+00 8.76066267e-01 6.18223095e+00
    3.64625502e+00 6.13366175e+00 1.12647057e+01 1.46630383e+00
    1.03811598e+00 1.08903294e+01 2.91044068e+00 1.05493755e+01
    5.70249224e+00 4.82247055e-01 5.02120304e+00 4.94369793e+00
    4.17258787e+00 7.01852894e+00 4.40977478e+00 1.21017494e+01
    9.37877274e+00 6.39303255e+00 7.71077967e+00 1.20263071e+01
    8.64814854e+00 6.82402229e+00 1.03856077e+01 3.60608006e+00
    4.33789611e-01 2.15715933e+00 5.11814058e-01 1.13560314e+01
    9.45975494e+00 7.59305382e+00 1.97579718e+00 7.49111462e+00
    2.92922401e+00 5.68303919e+00 4.66401196e+00 1.19306583e+01
    6.25207424e+00 9.75362396e+00 3.68954945e+00 5.87174654e+00
    1.20506134e+01 3.11176062e+00 7.86711979e+00 6.73746347e-01
    9.02047443e+00 1.79647279e+00 8.70060623e-01 7.53211069e+00
    1.16928854e+01 4.08146048e+00 4.51375008e+00 8.79108429e+00
    7.52220011e+00 1.00393782e+01 1.02458801e+01 6.65179920e+00
    6.46330643e+00 2.95879769e+00 7.95839190e-01 9.37360477e+00
    9.88926888e+00 4.53320980e+00 1.09843206e+01 7.69923353e+00
    5.15887356e+00 5.73231840e+00 4.59061527e+00 2.32394242e+00
    2.69337654e+00 7.00280905e+00 1.18477497e+01 2.75661993e+00
    9.43622303e+00 4.99126673e+00 1.21579447e+01 9.29791641e+00
    5.42775106e+00 9.89719105e+00 7.97718811e+00 1.84156942e+00
    5.57975531e+00 2.35145783e+00 2.41103649e+00 5.13533163e+00
    3.28510046e+00 5.52448034e-01 2.67778873e+00 5.79153156e+00
    1.07402458e+01 9.94466591e+00 2.25106716e+00 3.04430056e+00
    1.25295782e+01 4.05199170e-01 8.98192120e+00 7.75530481e+00
    5.11322308e+00 1.17946062e+01 3.60327935e+00 4.22123623e+00
    1.28598270e+01 1.04849987e+01 9.01357841e+00 6.79964256e+00
    2.04665303e+00 8.88425922e+00 5.83256066e-01 6.00993299e+00
    1.69205916e+00 1.95482421e+00 8.52299786e+00 1.00716429e+01
    2.75101209e+00 8.06016827e+00 3.56128407e+00 1.26087179e+01
    1.05904551e+01 6.39429712e+00 4.08989954e+00 9.15468407e+00
    5.77626038e+00 7.86667585e+00 9.83263493e+00 9.95058727e+00
    1.86251938e+00 1.93442214e+00 8.48442733e-01 5.96411753e+00
    7.92749643e-01 1.22155056e+01 8.93902683e+00 1.02915585e+00
    3.45678353e+00 3.05403543e+00 8.71648312e-01 2.80609322e+00
    2.68918705e+00 7.32976580e+00 1.93738794e+00 8.55936527e+00
    1.03841448e+00 1.15639935e+01 7.30256033e+00 1.45988023e+00
    2.37452173e+00 6.43699789e+00 6.21415234e+00 8.84206581e+00
    5.06105375e+00 3.32533216e+00 9.36512709e-01 2.78646898e+00
    9.75236511e+00 5.50929451e+00 6.11740923e+00 4.20162201e+00
    7.63819170e+00 7.93260145e+00 4.95863962e+00 6.67484999e-01
    7.21976280e+00 2.35128808e+00 5.49715090e+00 9.80605507e+00
    1.14256601e+01 3.34583020e+00 9.03670979e+00 1.01078596e+01
    4.84862566e+00 1.21331358e+01 1.04210844e+01 1.30311031e+01
    6.71286583e+00 8.61565709e-01 3.92109267e-02 7.17169714e+00
    1.30761805e+01 1.03793249e+01 5.13837278e-01 7.61597538e+00
    2.43820262e+00 8.01612759e+00 1.16098232e+01 1.06182508e+01
    9.35281944e+00 8.28171730e+00 1.29476233e+01 6.98847437e+00
    2.37064767e+00 2.89181411e-01 1.36518860e+00 3.52597666e+00
    3.40070915e+00 2.82453465e+00 1.07212925e+01 8.16065407e+00
    1.22183475e+01 4.58211994e+00 9.37817383e+00 1.21543217e+01
    6.31486082e+00 9.62729263e+00 3.36431074e+00 1.03015099e+01
    1.07389820e+00 1.06822834e+01 6.01114130e+00 1.55638552e+00
    7.67158699e+00 3.97746706e+00 3.91527963e+00 7.63839245e+00
    3.80281687e-01 1.19482937e+01 2.73662400e+00 4.89938557e-01
    1.08193941e+01 1.00349655e+01 2.98096204e+00 4.27609777e+00
    1.29765711e+01 7.55572224e+00 6.88034105e+00 4.59349966e+00
    6.19399357e+00 1.23770552e+01 9.99302101e+00 1.05315361e+01
    1.65947056e+00 6.75249529e+00 5.28434849e+00 4.70290393e-01
    5.12407970e+00 9.98435402e+00 8.05765343e+00 8.19101334e+00
    2.51882315e+00 2.95236182e+00 8.19011879e+00 5.92217207e+00
    3.52637386e+00 5.05412626e+00 5.62180376e+00 4.03404522e+00
    4.69211626e+00 1.19383477e-01 4.37467909e+00 9.16373014e-01
    7.25529909e+00 4.61842966e+00 7.21172953e+00 7.03907371e-01
    6.33135939e+00 5.64526987e+00 1.13176632e+01 1.86412644e+00
    9.65246618e-01 1.21112041e+01 8.00865078e+00 2.81153941e+00
    9.52097607e+00 1.11826563e+01 7.56393766e+00 1.25238819e+01
    1.01073246e+01 2.28057194e+00 1.03304558e+01 7.40013885e+00
    3.67662883e+00 7.09201241e+00 4.07630587e+00 1.37302446e+00
    1.05719538e+01 1.03031721e+01 8.73344707e+00 5.25578213e+00
    1.02071133e+01 7.31047809e-01 4.32791203e-01 1.21342955e+01
    1.86995411e+00 1.51950955e+00 1.21300631e+01 1.20590286e+01
    8.16135311e+00 1.27770205e+01 4.64421844e+00 9.97411346e+00
    6.19962263e+00 1.08575840e+01 3.04474026e-01 6.79331779e+00
    1.14033937e+01 1.00664968e+01 6.08387280e+00 3.87164974e+00
    6.14366961e+00 9.48975265e-01 1.17189703e+01 6.49790335e+00
    2.05223656e+00 1.17396641e+01 1.30650675e+00 6.62732077e+00
    1.03893824e+01 5.59342527e+00 8.37384987e+00 1.05137615e+01
    1.12900629e+01 6.36880398e+00 8.60663795e+00 8.22472000e+00
    1.10250635e+01 7.46621799e+00 2.50132465e+00 8.40589333e+00
    9.54492569e+00 3.37799025e+00 6.39884615e+00 1.03290024e+01
    9.91452026e+00 3.50623369e+00 7.91281080e+00 1.77556014e+00
    1.13712120e+01 3.31702614e+00 9.57004833e+00 2.82173681e+00
    6.69718456e+00 1.26655865e+01 3.02051568e+00 5.80670071e+00
    8.64366913e+00 3.61926651e+00 1.64368737e+00 3.87362409e+00
    9.67209148e+00 1.09677715e+01 3.82536554e+00 8.58291721e+00
    8.61308813e-01 8.85760880e+00 5.61214733e+00 1.17886209e+01
    1.13070345e+01 1.07646790e+01 3.15981603e+00 4.61063862e+00
    4.14328098e+00 1.20281715e+01 1.07262535e+01 2.13806510e+00
    6.04384995e+00 8.81447029e+00 3.94511056e+00 7.36898804e+00
    1.06684484e+01 7.13039446e+00 6.38937664e+00 1.44109070e+00
    8.47899437e+00 6.53123951e+00 4.78015184e+00 2.52889848e+00
    7.32064581e+00 1.01485147e+01 1.30567741e+00 5.56655169e+00
    7.80291653e+00 5.28288507e+00 6.28643084e+00 9.90545177e+00
    5.30275774e+00 6.69836235e+00 8.74777889e+00 4.18733454e+00
    8.78930759e+00 5.52693033e+00 3.78820395e+00 7.92090654e+00
    8.47329044e+00 8.21556854e+00 6.84123611e+00 1.93099117e+00
    1.15910301e+01 3.45830154e+00 9.96882725e+00 3.54409361e+00
    1.05560675e+01 8.82494926e+00 1.25489941e+01 2.42026940e-01
    1.10243092e+01 8.53364658e+00 9.65797329e+00 7.54444599e+00
    1.21099854e+01 5.63686705e+00 5.87679720e+00 8.80331612e+00
    6.95397758e+00 7.69855070e+00 1.04331961e+01 8.08909535e-01
    4.66263676e+00 1.18539295e+01 7.73907948e+00 8.95257854e+00
    1.10568142e+01 9.01362324e+00 2.50735545e+00 9.85940456e+00
    1.98470938e+00 4.31371737e+00 7.91923666e+00 2.69780159e+00
    1.11798134e+01 9.11273956e+00 7.17301989e+00 1.22844028e+01
    4.43351698e+00 9.66534519e+00 1.07638960e+01 4.51120186e+00
    8.30385303e+00 8.87031269e+00 5.57869196e+00 7.79227138e-01
    8.32091427e+00 7.91065121e+00 1.14763470e+01 5.69741344e+00
    4.18338680e+00 1.17547827e+01 1.00360036e+00 4.47611666e+00
    2.41224098e+00 9.94223022e+00 5.57146597e+00 1.02003965e+01
    9.30820084e+00 7.18234015e+00 2.96056223e+00 4.99325800e+00
    5.29978466e+00 5.63332701e+00 2.53830600e+00 4.17773008e+00
    2.35139751e+00 1.20993280e+01 1.17708330e+01 2.40791321e+00
    6.12638569e+00 1.25490344e+00 1.16167564e+01 1.21938448e+01
    1.30606508e+01 1.65443277e+00 1.19364128e+01 6.62345362e+00
    4.88740063e+00 1.22244234e+01 1.32204485e+00 1.01643801e+01
    1.23570910e+01 3.23681831e+00 4.86427927e+00 1.90837455e+00
    8.41743279e+00 1.62345636e+00 1.23347318e+00 2.44669747e+00
    1.17270765e+01 1.27279329e+01 4.20227957e+00 4.17883730e+00
    5.92959070e+00 2.49861979e+00 6.33902848e-01 4.18298054e+00
    1.99062908e+00 6.06255412e-01 7.67978907e+00 4.22131348e+00
    4.88173532e+00 1.72825205e+00 1.03923321e+01 1.18394861e+01
    7.91302490e+00 2.64950663e-01 8.33769798e+00 1.16656456e+01
    8.99430370e+00 1.07933311e+01 8.94784832e+00 1.15080130e+00
    9.35177898e+00 7.40298271e+00 5.06541193e-01 4.67739916e+00
    3.92522049e+00 8.65891552e+00 8.12899303e+00 9.00187969e+00
    1.15969868e+01 5.17020583e-01 7.75206745e-01 4.89401960e+00
    6.50158358e+00 9.68309641e-02 5.26184797e+00 3.24114203e+00
    2.45654300e-01 1.03601074e+01 8.19569969e+00 1.18974590e+01
    2.94143391e+00 9.28737736e+00 7.99541569e+00 6.19655752e+00
    7.07962275e+00 6.64768982e+00 4.37815380e+00 4.29768229e+00
    1.27005167e+01 1.23082552e+01 6.35101986e+00 4.42190981e+00
    7.06657219e+00 1.53216243e+00 9.38080788e+00 8.87741184e+00
    5.11511183e+00 1.28623021e+00 5.21668530e+00 1.19182072e+01
    7.44169426e+00 5.70635128e+00 6.55950725e-01 3.53951716e+00
    1.05459156e+01 1.08291769e+01 1.68697596e+00 8.56216049e+00
    2.22674298e+00 1.26106777e+01 6.99498057e-01 1.08405221e+00
    1.98480308e+00 3.91319782e-01 3.46088791e+00 8.20766258e+00
    3.41652346e+00 1.14100304e+01 5.99679947e+00 7.97068739e+00
    8.79346657e+00 2.68172383e+00 8.86215115e+00 1.24431686e+01
    5.78587627e+00 2.14740133e+00 3.79403830e+00 2.97522068e+00
    1.19394083e+01 2.16562295e+00 2.94734049e+00 9.97838879e+00
    1.24862254e+00 9.54212189e+00 8.54133666e-02 1.03672953e+01
    8.01682234e-01 5.73366833e+00 1.01835279e+01 1.93849814e+00
    1.92166960e+00 2.41893029e+00 4.06378698e+00 5.57100391e+00
    4.02386665e+00 8.23729324e+00 5.10675669e-01 1.30790787e+01
    3.52185035e+00 3.46353006e+00 5.71388054e+00 4.75358200e+00
    7.80788898e+00 3.14582443e+00 1.06171875e+01 9.53214645e+00
    1.25765104e+01 2.90027261e+00 7.16820049e+00 4.19607449e+00
    7.99491465e-01 1.65827823e+00 1.06762018e+01 9.78940070e-01
    1.08890190e+01 1.17848120e+01 6.96792555e+00 4.49378252e-01
    7.32330608e+00 4.13183832e+00 5.49003172e+00 1.72942221e+00
    1.07312002e+01 1.15760660e+01 8.07567596e+00 3.40597868e+00
    4.41237211e+00 1.54032445e+00 1.03508444e+01 7.80307627e+00
    1.14979792e+01 7.41690063e+00 1.60930336e+00 1.24946012e+01
    8.72386551e+00 6.72206259e+00 8.42510319e+00 1.25855017e+01
    5.46822786e+00 3.66348958e+00 5.52617371e-01 5.48559809e+00
    3.91632438e+00 3.51739359e+00 6.95298672e+00 1.25053291e+01
    1.07825003e+01 4.81046343e+00 2.65668225e+00 1.18145666e+01
    9.98889732e+00 8.45406246e+00 1.01664038e+01 8.63515186e+00
    5.57870293e+00 6.27669525e+00 4.72033978e+00 3.93576312e+00
    8.59738731e+00 1.12190323e+01 6.99079990e+00 8.18835068e+00
    1.06915884e+01 7.57270527e+00 5.97653770e+00 5.79211187e+00
    2.56176519e+00 6.24213362e+00 8.69237614e+00 9.21442032e+00
    1.15158329e+01 1.65366328e+00 6.19582415e+00 2.18502402e+00
    5.49674940e+00 1.00269499e+01 9.40404606e+00 8.44725132e+00
    6.75896358e+00 5.74291515e+00 9.12321925e-01 5.42540693e+00
    4.24326468e+00 9.18602848e+00 5.02230883e-01 1.24576654e+01
    5.67681122e+00 1.19419270e+01 3.59163141e+00 1.02677488e+01
    1.04494267e+01 1.29864082e+01 1.17590904e+01 8.25602531e+00
    6.38738585e+00 1.64844000e+00 3.65526700e+00 8.61552429e+00
    7.11304712e+00 1.01290665e+01 8.63972092e+00 1.90539241e-01
    7.90203571e+00 1.01872768e+01 5.53221416e+00 2.89847422e-03
    2.11671519e+00 8.90301323e+00 8.49651051e+00 1.05592976e+01
    9.41316795e+00 6.82087755e+00 1.09689007e+01 8.55835438e+00
    9.66790771e+00 2.88685226e+00 2.96912408e+00 3.40977287e+00
    9.47520792e-01 2.80702257e+00 2.66291499e+00 1.20657971e-02
    7.79136610e+00 5.14532900e+00 5.50368071e+00 5.02963638e+00
    9.22178173e+00 3.72859454e+00 8.15274620e+00 1.03467760e+01
    3.89376712e+00 1.44879019e+00 5.49022341e+00 4.68875456e+00
    3.96535969e+00 9.39038181e+00 7.79494762e-01 1.55319512e+00
    1.00343876e+01 1.77688742e+00 9.84920883e+00 7.62191820e+00
    1.10727577e+01 9.86467075e+00 5.49696493e+00 1.21556580e+00
    4.60020447e+00 2.65873885e+00 8.35565662e+00 9.46279466e-01
    7.16227388e+00 2.31385350e+00 8.61638451e+00 1.31985319e+00
    1.16487131e+01 5.79151487e+00 4.93753099e+00 4.66082859e+00
    9.83200932e+00 1.13726234e+01 8.46322441e+00 9.49879837e+00
    2.69805384e+00 1.24027615e+01 8.84107018e+00 1.28536787e+01
    1.13577757e+01 2.19444132e+00 1.77939188e+00 1.13654137e+01
    2.56116438e+00 6.86691999e-01 7.24307680e+00 5.59196091e+00
    1.21367455e+01 5.96335363e+00 4.78080893e+00 3.59209394e+00
    7.07475615e+00 1.21994667e+01 2.40027213e+00 1.09645071e+01
    5.04188585e+00 1.04589558e+01 1.30079031e+01 2.57215238e+00
    2.90040374e+00 1.24207325e+01 3.55198383e+00 8.35405731e+00
    1.02321386e+01 8.23853874e+00 6.10629606e+00 4.40894985e+00
    1.79788828e+00 3.61858130e+00 6.76559061e-02 6.53989267e+00
    6.00384437e-02 1.26873951e+01 1.21430616e+01 1.26417713e+01
    6.69930792e+00 2.82675099e+00 1.02592335e+01 1.53886104e+00
    9.36955452e+00 5.41922379e+00 9.99477863e+00 1.14719496e+01
    8.96665287e+00 4.80178475e-01 9.23891163e+00 6.53480673e+00
    3.48351288e+00 2.69944787e+00 5.60544252e+00 8.80484581e+00
    6.81625748e+00 5.38203573e+00 3.89886260e+00 5.69995308e+00
    3.69509816e+00 9.11080170e+00 1.04082260e+01 8.97114182e+00
    6.88463116e+00 1.01342316e+01 7.00970078e+00 9.31093693e+00
    9.45160103e+00 2.33393168e+00 3.61306095e+00 1.01220961e+01
    6.99252605e+00 1.78204787e+00 9.73075962e+00 9.19128132e+00
    1.07419872e+01 2.45542145e+00 6.31070948e+00 1.20858059e+01
    5.77503443e+00 4.50708961e+00 3.34410143e+00 7.46923113e+00
    9.10787487e+00 1.15879793e+01 9.76467073e-01 1.25317583e+01
    1.21387987e+01 8.76203156e+00 8.12148666e+00 1.25626040e+01
    1.14065781e+01 1.21559801e+01 2.08706522e+00 4.48915529e+00
    7.37646580e+00 1.23078270e+01 6.23025322e+00 2.28269315e+00
    8.53013706e+00 1.17648900e+00 1.30791903e+01 1.10591908e+01
    1.17158592e+00 1.74999428e+00 2.32649386e-01 1.07197056e+01
    1.79093912e-01 6.88121653e+00 2.19322968e+00 8.75141430e+00
    1.03773146e+01 9.06450558e+00 1.91210032e-01 7.95453906e-01
    2.94844747e+00 9.31216908e+00 4.73640585e+00 7.06701231e+00
    4.10573292e+00 9.63869858e+00 9.21472847e-01 5.54475737e+00
    6.15861475e-01 1.02654767e+00 6.21183729e+00 1.02451792e+01
    7.78443527e+00 1.18667126e+01 7.75065851e+00 6.90339851e+00
    1.23491631e+01 8.95316887e+00 5.03262663e+00 2.44127847e-02
    9.40015125e+00 2.21346378e+00 5.65431881e+00 9.55433750e+00
    7.02244949e+00 9.27993965e+00 1.07527113e+01 8.67561436e+00
    2.39048243e+00 9.05259788e-01 1.05349874e+01 9.54351139e+00
    3.24285150e+00 7.07152987e+00 9.02623749e+00 9.28538513e+00
    1.83707571e+00 9.28760433e+00 1.70057702e+00 6.73999548e+00
    1.06848507e+01 5.05705357e+00 4.08738995e+00 4.73021460e+00
    8.34510517e+00 1.10511398e+01 1.13685760e+01 1.07749634e+01
    6.44110870e+00 9.47244644e-01 1.30724983e+01 1.23005037e+01
    1.02654753e+01 1.03970623e+01 5.57224560e+00 7.84967947e+00
    6.74672031e+00 6.66318130e+00 1.04656229e+01 2.81063437e+00
    5.39126062e+00 3.58954406e+00 1.24307146e+01 8.97269917e+00
    1.02643995e+01 4.17864895e+00 1.71036267e+00 3.71913576e+00
    1.19230580e-02 4.34896946e+00 1.25549889e+01 1.60149574e+00
    2.32794237e+00 1.25094378e+00 4.41615152e+00 7.98369169e+00
    2.65486765e+00 1.52629745e+00 4.86332083e+00 8.16224861e+00
    5.07950211e+00 1.00987854e+01 1.00528250e+01 2.26111054e-01
    9.18769741e+00 6.81098795e+00 7.63623524e+00 5.98231554e+00
    6.34570408e+00 8.89274120e+00 1.10947599e+01 1.25815983e+01
    8.88901997e+00 1.15706825e+01 6.54015255e+00 1.27502489e+01
    5.21745443e+00 4.30171871e+00 5.53168106e+00 7.45510530e+00
    4.49935579e+00 8.84133339e+00 6.73960114e+00 9.75384426e+00
    1.87573826e+00 7.04302025e+00 6.10912418e+00 4.81698227e+00
    9.47451496e+00 4.25509739e+00 1.17706985e+01 1.21592951e+01
    6.80437565e-01 7.45374799e-01 5.55712891e+00 7.92002392e+00
    1.67416978e+00 8.34510446e-01 1.21423903e+01 6.00894785e+00
    5.78168583e+00 1.27378521e+01 5.97940302e+00 2.89434576e+00
    5.13388920e+00 9.18444395e-02 2.76704001e+00 8.32680702e+00
    3.28771424e+00 1.23060598e+01 1.35564363e+00 6.40996742e+00
    7.79989815e+00 7.50404882e+00 1.35901356e+00 8.34939003e+00
    1.21572437e+01 1.02304935e+01 3.03590059e+00 1.98181629e+00
    3.95764685e+00 8.57576180e+00 1.17094822e+01 2.68158722e+00
    8.93645000e+00 7.30074644e+00 1.01337633e+01 2.37123156e+00
    7.26548815e+00 1.31855237e+00 1.23060703e+01 8.11167717e+00
    1.24084864e+01 5.35276031e+00 3.16713905e+00 6.46907806e-01
    1.13739061e+01 5.95797586e+00 5.32619667e+00 1.30013304e+01
    3.77913952e+00 2.13478613e+00 4.20425224e+00 1.08115234e+01
    5.57565403e+00 1.98196554e+00 7.64173925e-01 1.21692724e+01
    1.24907179e+01 5.46217871e+00 1.20052123e+00 4.71974373e+00
    2.91519403e-01 6.58536494e-01 6.52556181e+00 4.51145792e+00
    1.08184206e+00 9.48764610e+00 4.93502188e+00 1.02340803e+01
    3.98133993e+00 9.52596283e+00 1.31428325e+00 1.89667618e+00
    3.34737301e+00 6.58835697e+00 9.42126942e+00 8.49100590e+00
    9.30406392e-01 2.48584676e+00 5.88220596e+00 3.62268186e+00
    1.22510900e+01 4.41269779e+00 1.11591339e+01 1.25171585e+01
    7.35666704e+00 9.99252033e+00 1.53975940e+00 1.94272506e+00
    9.58624077e+00 6.05630636e+00 7.72859478e+00 8.08873844e+00
    2.12818670e+00 1.09055643e+01 1.09692459e+01 9.92981339e+00
    9.22480869e+00 6.11815834e+00 1.07983708e+00 9.59817111e-01
    6.95491505e+00 1.06689596e+01 9.88460636e+00 8.17418671e+00
    7.70998478e+00 6.54230261e+00 1.07262077e+01 1.02348509e+01
    1.27213752e+00 1.30024691e+01 1.24302282e+01 1.14418192e+01
    7.25045252e+00 1.96588802e+00 4.81454849e+00 5.70449018e+00
    1.27871428e+01 1.13584833e+01 1.23590126e+01 4.28937227e-01
    6.05838776e+00 4.10152435e+00 7.27331686e+00 1.28913937e+01
    8.15674400e+00 9.07359600e+00 1.79426953e-01 1.33780861e+00
    5.28448296e+00 2.55364323e+00 6.08929586e+00 1.00122757e+01
    3.85282779e+00 8.14105320e+00 1.30721080e+00 8.04026222e+00
    6.91837931e+00 9.57890797e+00 7.50797176e+00 1.25697775e+01
    1.11695230e+00 4.06000662e+00 1.03942270e+01 1.87458122e+00
    9.81748772e+00 9.11805344e+00 7.54037619e+00 3.23762202e+00
    1.18102007e+01 7.52506733e+00 1.03958282e+01 6.67852163e+00
    1.25359030e+01 1.60865963e+00 2.39685607e+00 7.54115438e+00
    9.62235451e+00 9.19118214e+00 1.02282972e+01 8.32482052e+00
    7.25809193e+00 1.25490036e+01 1.21466389e+01 8.98771572e+00
    4.13095713e+00 1.13725443e+01 8.48168373e+00 3.53901076e+00
    9.04907608e+00 3.88561606e+00 5.90366125e+00 1.24171095e+01
    1.00230570e+01 1.36022675e+00 4.81435347e+00 8.81348324e+00
    6.85478258e+00 8.19899082e+00 1.30418034e+01 5.42455101e+00
    7.43483019e+00 7.14466667e+00 9.63927364e+00 5.89789724e+00
    8.74222469e+00 1.11457500e+01 1.39914858e+00 8.69384861e+00
    6.41645002e+00 3.68387914e+00 3.90410185e+00 6.55055428e+00
    7.27888632e+00 1.12988939e+01 3.16767955e+00 6.60754871e+00
    9.44803715e+00 5.26582193e+00 3.97239733e+00 3.45792890e-01
    7.04298687e+00 3.74044347e+00 8.83545399e+00 1.55409649e-01
    1.25139189e+01 9.60725594e+00 1.28186865e+01 1.11814499e+01
    7.64815283e+00 3.58216047e+00 8.12631989e+00 2.64490008e+00
    5.30378914e+00 5.62802505e+00 7.66024065e+00 1.26377368e+00
    1.12091684e+01 4.65539980e+00 9.93282700e+00 1.01200447e+01
    5.47788906e+00 6.24808550e+00 2.27412894e-01 2.48179698e+00
    1.67242989e-01 2.90361106e-01 1.21538029e+01 2.78817463e+00
    2.35608983e+00 1.05138607e+01 7.70470905e+00 1.81272662e+00
    1.05674791e+00 1.15274506e+01 1.13896549e+00 1.13739748e+01
    7.40967417e+00 5.01045084e+00 2.22636294e+00 8.63611794e+00
    1.24002600e+01 1.58460379e+00 8.32628345e+00 4.10473496e-01
    8.89434242e+00 6.32259560e+00 5.01941204e+00 2.80093050e+00
    7.28058243e+00 3.86532736e+00 4.16422272e+00 3.42720842e+00
    6.67455435e+00 4.95467216e-01 1.86594081e+00 6.61018896e+00
    9.94854259e+00 7.10954189e-01 7.61844730e+00 3.81725240e+00
    3.60831618e+00 4.84135866e+00 8.70874596e+00 9.73660469e-01
    1.08875952e+01 1.93989182e+00 1.19436789e+01 2.77190542e+00
    9.30347061e+00 4.36214209e-01 1.26182537e+01 2.48247886e+00
    2.02414036e+00 8.96364403e+00 8.44485378e+00 9.39942551e+00
    3.13991594e+00 7.33570433e+00 1.17326107e+01 3.98855710e+00
    1.39709902e+00 1.15819483e+01 9.09754753e+00 6.89786816e+00
    7.90980339e+00 1.29683800e+01 4.43005228e+00 1.12904444e+01
    3.20838904e+00 6.13835621e+00 1.15240145e+00 1.28877926e+01
    6.09123659e+00 1.02685947e+01 1.10241661e+01 1.14122267e+01
    5.85290337e+00 4.03845978e+00 7.98886156e+00 3.53746939e+00
    1.13686495e+01 6.27573776e+00 8.35785294e+00 8.66960621e+00
    3.02267241e+00 1.01987886e+01 4.83346462e+00 1.09552717e+01
    4.46769047e+00 6.53745365e+00 9.14872468e-01 2.24194288e+00
    3.05382133e+00 3.71086979e+00 1.09176950e+01 7.49562645e+00
    1.26696038e+00 8.45063305e+00 4.08286858e+00 1.19674091e+01
    2.73761153e-01 1.03261395e+01 9.32589531e+00 3.43958378e+00
    1.26976271e+01 7.31685781e+00 2.69397354e+00 6.97351360e+00
    8.62264729e+00 2.89845419e+00 3.14528394e+00 6.81575727e+00
    1.14820862e+01 1.46286714e+00 8.69054222e+00 8.97206116e+00
    6.68408060e+00 1.08357227e+00 2.99118567e+00 3.12837672e+00
    1.13381414e+01 6.06685305e+00 3.36821580e+00 6.81822538e+00
    1.28629684e+01 7.18565512e+00 1.03183289e+01 2.98612690e+00
    2.98504758e+00 1.19980407e+00 7.01363802e+00 1.25537996e+01
    1.55218947e+00 2.63394141e+00 1.30838668e+00 4.97218561e+00
    1.29046535e+01 1.53933093e-01 5.51113081e+00 4.06709385e+00
    1.31155837e+00 7.59512043e+00 4.98969406e-01 3.81526732e+00
    6.86277926e-01 1.39958262e+00 4.96340656e+00 5.76558065e+00
    1.26094398e+01 1.14557266e+01 5.11439753e+00 6.31449842e+00
    1.39559186e+00 1.40332019e+00 8.92871666e+00 1.34200811e+00
    8.42527676e+00 1.18750591e+01 3.01277041e+00 1.27721834e+01
    9.64553642e+00 8.68119776e-01 7.06672049e+00 7.46235657e+00
    3.34013414e+00 3.82834005e+00 3.49333835e+00 5.03785181e+00
    1.53428471e+00 8.64146900e+00 8.92066479e+00 6.89217901e+00
    8.60505199e+00 3.74776030e+00 1.52061725e+00 3.17357826e+00
    3.00527430e+00 1.95821416e+00 5.06286097e+00 1.17550964e+01
    6.71260309e+00 1.27892561e+01 5.62683153e+00 1.02985888e+01
    5.98896074e+00 4.17211056e+00 1.05431204e+01 2.78216219e+00
    2.02674747e+00 5.01638842e+00 3.67851257e-01 5.84671348e-02
    7.35287285e+00 8.25148296e+00 7.80978537e+00 5.79411030e-01
    1.25762863e+01 4.16878271e+00 1.28932989e+00 1.23959961e+01
    3.88759947e+00 6.65640211e+00 6.58285952e+00 4.84951645e-01
    1.05203843e+00 1.13349533e+01 3.23730373e+00 1.27347841e+01
    3.78590703e+00 8.81788414e-03 1.28938818e+01 1.19767561e+01
    1.25766926e+01 1.01066198e+01 8.79917336e+00 3.86539340e+00
    1.90264010e+00 7.45703363e+00 2.76039290e+00 4.00274038e+00
    1.27356604e-01 1.10656853e+01 1.13030148e+01 2.02550745e+00
    1.25644121e+01 9.43323314e-01 6.10673094e+00 1.94029403e+00
    3.76391459e+00 1.16193495e+01 7.76388502e+00 6.75271273e+00
    1.56568325e+00 1.15386229e+01 7.15913010e+00 8.70870781e+00
    4.45154518e-01 1.10686150e+01 1.29605742e+01 1.35076106e+00
    4.17789793e+00 6.74420416e-01 6.12986374e+00 1.79427370e-01
    1.04067822e+01 8.32673371e-01 6.48513889e+00 9.46771431e+00
    3.88889384e+00 1.20248318e+01 1.20533695e+01 1.15653601e+01
    8.25059891e-01 9.51926708e-01 1.75041592e+00 1.28951807e+01
    8.81064892e+00 2.76193714e+00 4.35648298e+00 4.53440475e+00
    9.54307938e+00 9.28157330e+00 1.18893929e+01 4.75510073e+00
    4.71711063e+00 2.94756436e+00 1.25494766e+01 2.85946345e+00
    8.84074116e+00 9.55201507e-01 1.91640663e+00 9.59551525e+00
    1.22242575e+01 8.81691837e+00 2.15211606e+00 9.22800446e+00
    7.87666380e-01 8.16503143e+00 6.23893213e+00 1.30275059e+01
    8.91085434e+00 5.93445683e+00 1.20052528e+01 5.43829727e+00
    4.38574648e+00 8.36886215e+00 1.20233822e+01 7.64248466e+00
    1.17397118e+01 1.58951199e+00 4.81160069e+00 4.96955299e+00
    9.96287346e+00 2.14926228e-01 4.94652319e+00 1.26881504e+01
    1.12492584e-01 6.43446398e+00 9.45151138e+00 7.26544666e+00
    3.01614904e+00 3.73493624e+00 1.24659662e+01 9.70070648e+00
    9.22171402e+00 6.10053253e+00 9.71288872e+00 2.77314484e-01
    9.54929948e-01 1.20662155e+01 8.46678638e+00 6.54697227e+00
    3.68151784e+00 1.16721983e+01 1.29083176e+01 5.20387697e+00
    1.15565004e+01 1.24770184e+01 1.22882974e+00 3.90448070e+00
    7.80937576e+00 3.88702542e-01 9.25027561e+00 5.02176046e+00
    9.47357655e+00 6.82366562e+00 1.93971491e+00 2.52002835e+00
    2.52457047e+00 9.64206028e+00 3.30362654e+00 6.33357143e+00
    5.08832359e+00 5.34473085e+00 1.11152172e+01 3.51462603e+00
    1.21058092e+01 8.42118454e+00 5.66591072e+00 1.23408012e+01
    1.76030040e+00 1.02635956e+01 7.47727156e+00 5.36908865e+00
    2.20353293e+00 5.43028784e+00 8.62733650e+00 1.20327787e+01
    3.06642151e+00 1.03744020e+01 2.31256843e+00 3.09466314e+00
    7.69489050e+00 4.24195576e+00 3.35136920e-01 7.11142600e-01
    9.11690998e+00 1.62931728e+00 3.34302831e+00 7.41876411e+00
    7.35115623e+00 3.43738842e+00 3.14007425e+00 8.99554920e+00
    9.17327881e+00 8.11088943e+00 1.06793547e+01 1.11505337e+01
    9.07215691e+00 3.29308438e+00 8.73675919e+00 2.31920600e+00
    1.09974298e+01 1.07667599e+01 1.33193779e+00 5.32027388e+00
    8.73165071e-01 1.15311975e+01 1.22192955e+01 1.30574495e-01
    2.52587581e+00 2.55310327e-01 6.66673565e+00 1.06081505e+01
    5.53830719e+00 6.95375919e+00 6.64992619e+00 8.57891750e+00
    1.17424431e+01 4.89439869e+00 1.16004572e+01 5.44128656e+00
    1.37546277e+00 2.94400811e+00 5.87591124e+00 5.73837578e-01
    1.16496315e+01 1.09652939e+01 1.08987246e+01 2.38030505e+00
    1.14546261e+01 9.11923790e+00 8.72804832e+00 1.89376366e+00
    5.61733055e+00 1.15233269e+01 1.03437967e+01 1.32659781e+00
    3.55440903e+00 1.45662412e-01 4.84371185e+00 3.62480307e+00
    3.29621887e+00 6.98453283e+00 5.78245354e+00 2.32269192e+00
    1.13312960e+01 1.11322603e+01 7.62337589e+00 7.98882198e+00
    4.73316956e+00 3.26370932e-02 3.02184629e+00 1.05459204e+01
    1.06243210e+01 1.51006985e+00 3.55506015e+00 1.08802910e+01
    1.11511431e+01 1.01477232e+01 5.63554192e+00 1.14694443e+01
    2.24093723e+00 1.26910343e+01 1.01072741e+01 4.73995829e+00
    1.12042570e+01 6.11307144e+00 1.50089729e+00 9.66949463e+00
    1.27209215e+01 8.18280888e+00 2.51311064e+00 6.07289457e+00
    9.56854343e+00 2.54166460e+00 1.07932835e+01 7.95418406e+00
    1.36088812e+00 8.34690857e+00 6.23923063e+00 1.25997286e+01
    9.02417660e+00 7.58327579e+00 9.43377209e+00 7.20999622e+00
    1.12756395e+01 5.11368370e+00 1.19955044e+01 1.15167828e+01
    1.13425417e+01 8.01976585e+00 1.16560640e+01 1.25873747e+01
    3.43615556e+00 6.37670696e-01 1.13702068e+01 3.37578750e+00
    1.18817444e+01 1.00769138e+01 7.24296379e+00 2.85842228e+00
    4.43444818e-01 1.93778396e+00 1.01071730e+01 6.98124456e+00
    3.75539851e+00 8.37375641e+00 1.29236679e+01 3.74495935e+00
    1.00585690e+01 5.83416033e+00 7.41277981e+00 1.11386204e+01
    6.33670807e-01 1.14302130e+01 4.91035938e+00 5.91062212e+00
    8.11221123e+00 9.00351715e+00 3.63807178e+00 1.18211575e+01
    1.55641425e+00 1.02396116e+01 9.24364626e-02 6.43421459e+00
    7.83734843e-02 3.37906241e+00 7.14250851e+00 1.28070593e+01
    5.88294363e+00 8.64932346e+00 1.18572721e+01 7.91274190e-01
    7.36981273e-01 2.21344161e+00 2.43778586e+00 2.26218820e+00
    8.66176510e+00 8.67763042e+00 1.18500385e+01 1.06400299e+01
    1.06078415e+01 1.76110697e+00 1.12862978e+01 2.86520052e+00
    5.43086147e+00 3.20670247e+00 8.51069736e+00 1.12394238e+01
    9.54845810e+00 2.14614272e-01 4.11154777e-01 8.69376945e+00
    1.59350908e+00 8.24731064e+00 4.72382879e+00 1.12977629e+01
    1.12661242e+00 8.54204082e+00 7.67504978e+00 6.35726929e+00
    3.64759278e+00 1.11536646e+01 1.97222209e+00 4.35256195e+00
    8.24569166e-01 8.41862392e+00 1.23990030e+01 1.07616673e+01
    9.32850361e+00 9.54356313e-01 6.65124702e+00 9.38346195e+00
    1.17209282e+01 4.35990721e-01 1.05851345e+01 7.54117632e+00
    9.90452385e+00 1.04686079e+01 5.69933319e+00 5.05355740e+00
    8.24019241e+00 4.44735956e+00 1.08918409e+01 1.15668344e+01
    5.44631815e+00 8.83054638e+00 1.27056313e+01 2.95834333e-01
    2.76212454e+00 5.60031939e+00 8.49278450e+00 1.23134613e+01
    3.49542880e+00 1.22160187e+01 4.13821316e+00 4.23433967e-02
    1.21543093e+01 1.19945831e+01 8.14329433e+00 4.64357615e+00
    5.90912437e+00 7.35437775e+00 6.85365200e+00 8.51442146e+00
    1.20482445e+01 1.19640417e+01 4.40313911e+00 1.03904343e+01
    1.23786287e+01 3.10831332e+00 5.91223812e+00 2.46122265e+00
    7.02498376e-01 4.16949081e+00 1.35037446e+00 9.21376109e-01
    1.37634373e+00 1.17028675e+01 1.04813938e+01 8.31175137e+00
    2.44842935e+00 2.94194531e+00 1.00608101e+01 2.29453588e+00
    6.19383097e+00 5.22669649e+00 3.30469084e+00 5.34948778e+00
    3.37081051e+00 2.05108142e+00 7.01148891e+00 1.09964240e+00
    2.44414911e-01 4.46828461e+00 1.20646582e+01 4.48898941e-01
    9.84644890e+00 3.12765718e+00 2.27018595e+00 4.16877365e+00
    1.00229731e+01 8.31757259e+00 7.91759253e+00 4.72501308e-01
    1.30819902e+01 9.54929352e+00 7.90919495e+00 1.04521453e+00
    8.95555317e-03 1.15005836e+01 1.16152668e+01 1.22822752e+01
    6.39605343e-01 3.72363448e+00 3.72564483e+00 2.25013638e+00
    7.30330420e+00 2.27169943e+00 1.79336762e+00 8.50605965e-01
    7.48559046e+00 4.62139845e+00 4.13594532e+00 8.47303009e+00
    1.09354334e+01 6.25475883e+00 6.61190891e+00 1.22297668e+00
    2.58879215e-01 1.18578186e+01 6.38100088e-01 1.32118499e+00
    2.30237746e+00 1.60802400e+00 1.09587555e+01 9.55053520e+00
    1.10727749e+01 3.39636421e+00 2.83178782e+00 1.92098045e+00
    8.42054176e+00 1.24307251e+01 1.17573261e+01 3.50308847e+00
    2.86555243e+00 6.27894163e+00 6.51100445e+00 1.21405983e+01
    5.54587603e+00 4.03938484e+00 8.34317875e+00 3.11420894e+00
    4.08507872e+00 1.25321102e+01 3.32949686e+00 1.37290442e+00
    1.77324188e+00 5.82517719e+00 6.58789873e+00 4.51191425e+00
    1.18199949e+01 1.24685459e+01 1.22546568e+01 2.91779327e+00
    6.40934944e-01 2.71302772e+00 1.84905577e+00 6.00111198e+00
    3.94506407e+00 1.24831190e+01 1.72201502e+00 2.64272523e+00
    1.23340549e+01 9.57718754e+00 6.44657040e+00 2.97151041e+00
    1.04846373e+01 5.09745502e+00 1.99107385e+00 6.09463565e-02
    1.94710803e+00 1.30384612e+00 9.74487877e+00 9.80754375e+00
    4.23996639e+00 1.10629387e+01 8.17385006e+00 2.29531980e+00
    3.10193634e+00 3.41267848e+00 7.39150763e+00 3.32778668e+00
    8.35049343e+00 5.30838013e+00 8.16277695e+00 8.53241062e+00
    1.26631832e+01 1.13848572e+01 8.59600925e+00 9.40884686e+00
    5.27770901e+00 3.34894276e+00 1.26693611e+01 1.30390482e+01
    4.64726019e+00 1.25075064e+01 8.20563030e+00 8.26099586e+00
    4.38923180e-01 1.03130856e+01 4.27032471e+00 6.42679453e+00
    1.19534826e+01 2.26367259e+00 4.95868397e+00 2.18582582e+00
    3.01418781e+00 5.24975014e+00 4.69060183e+00 9.68683243e+00
    5.22056913e+00 6.36232233e+00 9.48892212e+00 3.26049805e+00
    1.25201702e+01 4.97265196e+00 9.19109821e+00 4.44501877e+00
    9.40213108e+00 1.28160963e+01 8.51816845e+00 2.12349725e+00
    1.02370157e+01 9.46264267e-01 5.29803848e+00 1.10264072e+01
    5.18617344e+00 1.27310772e+01 7.82030773e+00 5.46751499e+00
    3.66567850e+00 8.37535954e+00 5.79812670e+00 6.63913012e+00
    4.99135208e+00 1.41880047e+00 8.06225300e+00 1.17299089e+01
    9.47800255e+00 4.27643967e+00 1.39246738e+00 6.26415110e+00
    2.30157971e+00 5.25101423e+00 1.55520558e+00 1.14458027e+01
    8.42099762e+00 1.25304728e+01 8.97885418e+00 4.04062271e+00
    1.29960384e+01 2.89781094e+00 1.01486740e+01 5.73896766e-01
    9.44815063e+00 9.68305171e-01 1.12720242e+01 7.93453169e+00
    5.21575356e+00 1.19583874e+01 1.15578289e+01 5.84937239e+00
    1.05744314e+01 1.25069695e+01 1.30418024e+01 5.43819952e+00
    6.50329494e+00 6.56483316e+00 1.16974220e+01 1.04850750e+01
    7.10077620e+00 7.43718481e+00 8.17005634e-01 4.34987211e+00
    1.01360893e+01 5.33986139e+00 1.21948302e+00 1.29953623e+01
    1.66066730e+00 1.20603733e+01 3.06599426e+00 5.94060540e-01
    5.58528709e+00 8.91343430e-02 1.27074461e+01 9.04253483e+00
    8.53127098e+00 1.12920558e+00 4.41652358e-01 1.02351503e+01
    5.71008253e+00 4.03162146e+00 7.73885429e-01 3.70505118e+00
    9.73098183e+00 1.39733398e+00 1.22031946e+01 2.96103454e+00
    1.24359179e+01 1.22483397e+01 6.94629717e+00 7.46398449e+00
    7.57164335e+00 1.28537922e+01 1.29477253e+01 1.51798651e-01
    5.61899662e+00 7.46508265e+00 3.77399349e+00 1.18811026e+01
    6.88490772e+00 1.23407917e+01 1.45367920e+00 1.27396336e+01
    2.37419319e+00 6.29535770e+00 7.61002159e+00 1.01209533e+00
    1.19159698e+01 8.36897469e+00 6.72928858e+00 2.54317117e+00
    4.57023478e+00 1.98878431e+00 4.78270483e+00 9.00746059e+00
    8.01513004e+00 6.62419081e+00 1.40314567e+00 7.53707504e+00
    3.73398948e+00 1.02774582e+01 7.93905258e+00 8.61820602e+00
    1.16197853e+01 5.02216291e+00 8.72881126e+00 1.14674702e+01
    7.47388458e+00 1.06697817e+01 1.08790579e+01 1.08928595e+01
    1.73966503e+00 2.95394635e+00 9.15261555e+00 5.72710323e+00
    9.66614723e+00 1.29470968e+01 8.33868027e-01 6.51445675e+00
    3.08992910e+00 6.02046156e+00 1.14969797e+01 7.57010317e+00
    8.61466217e+00 2.64189839e+00 5.47854519e+00 4.82960606e+00
    2.20283699e+00 5.52906942e+00 7.59183645e+00 3.40478683e+00
    1.17999029e+01 5.54985332e+00 3.68250442e+00 1.66437089e+00
    6.11838579e+00 3.10838413e+00 4.01262569e+00 9.50867558e+00
    3.19532776e+00 6.06007338e+00 6.52430534e+00 8.49882221e+00
    3.84079909e+00 5.26610327e+00 3.95710015e+00 7.46633959e+00
    1.14348898e+01 7.03541374e+00 1.09921479e+00 5.54563427e+00
    1.08327532e+01 1.82683051e+00 6.57198477e+00 6.11388493e+00
    4.18183613e+00 1.07462859e+00 1.11214228e+01 1.05091896e+01
    3.66767478e+00 1.22951937e+01 1.84046924e+00 4.61700249e+00
    5.93295670e+00 7.90765285e+00 1.10268641e+01 8.61838245e+00
    1.01110535e+01 7.00723362e+00 6.66096163e+00 1.17565908e+01
    7.93390608e+00 2.55289102e+00 3.79823416e-01 1.31603658e+00
    1.87197113e+00 7.72020483e+00 1.21219742e+00 4.24532413e+00
    4.38041735e+00 2.81106853e+00 7.50889480e-01 2.76841402e+00
    9.04532051e+00 7.50726891e+00 9.31473160e+00 7.68551540e+00
    1.57657957e+00 2.25868821e+00 6.99722290e+00 9.35309947e-01
    6.48820210e+00 5.35103464e+00 1.03680868e+01 1.08841896e+01
    1.17247267e+01 1.77268946e+00 1.02698088e+01 1.04215884e+00
    2.78389305e-02 6.69962931e+00 3.11421204e+00 1.59957731e+00
    7.24705505e+00 6.32835007e+00 5.44431114e+00 1.17804108e+01
    2.90438533e+00 6.59682941e+00 1.02323380e+01 7.32544088e+00
    5.44894516e-01 9.94684982e+00 6.98896217e+00 1.17112179e+01
    7.99172020e+00 6.04368210e+00 5.84922218e+00 1.00473185e+01
    7.36755085e+00 1.03231120e+00 3.00034380e+00 1.03004656e+01
    3.07294202e+00 1.27157898e+01 1.05163307e+01 2.75502110e+00
    1.25816894e+00 9.43865967e+00 1.10209055e+01 1.12294731e+01
    1.54746056e+00 1.55940735e+00 1.10924077e+00 1.11322737e+01
    6.30651855e+00 1.25014389e+00 1.81492019e+00 6.45368934e-01
    5.54913855e+00 8.80610570e-02 8.21821594e+00 3.97961497e-01
    5.83721447e+00 5.77559090e+00 9.49903679e+00 9.74294758e+00
    9.22304249e+00 1.21342182e+01 3.96488190e+00 8.46530914e+00
    7.43420172e+00 1.13402357e+01 8.16946983e+00 9.63980579e+00
    7.98098040e+00 5.59086704e+00 7.72550678e+00 3.68076992e+00
    1.20715504e+01 8.27569866e+00 9.49417877e+00 3.92100406e+00
    8.94431591e+00 3.51554608e+00 1.91118538e+00 1.18572581e+00
    3.69377708e+00 1.20072670e+01 1.43922603e+00 4.14364624e+00
    7.75854158e+00 5.31008196e+00 7.16827869e+00 5.01008320e+00
    1.24614582e+01 8.23382854e+00 4.98653936e+00 3.02819872e+00
    4.79384470e+00 1.66690338e+00 1.27825613e+01 7.36976767e+00
    4.55789900e+00 1.21276486e+00 2.89670205e+00 9.40352345e+00
    6.60910463e+00 3.29124808e+00 1.12970848e+01 1.09771013e+01
    8.93979359e+00 1.08552990e+01 1.14143925e+01 5.49706268e+00
    5.25120449e+00 5.38969374e+00 4.26977682e+00 1.07970400e+01
    8.24480247e+00 8.17816639e+00 6.73432446e+00 4.95628262e+00
    1.07018461e+01 1.19674702e+01 2.12485647e+00 5.60477781e+00
    1.17918241e+00 1.03675632e+01 4.10574389e+00 1.01990862e+01
    4.71725512e+00 3.70107675e+00 1.11220465e+01 2.59275723e+00
    7.05950642e+00 6.63289547e+00 7.93878174e+00 7.76510286e+00
    3.86104417e+00 3.93030834e+00 2.39861012e+00 8.77348709e+00
    3.93811166e-01 4.93167210e+00 2.55548310e+00 9.04747200e+00
    1.75627613e+00 2.27509427e+00 1.56740904e+00 1.12775068e+01
    4.06620294e-01 1.15321722e+01 5.98397446e+00 1.00304976e+01
    1.08942432e+01 1.28176250e+01 7.38641977e+00 2.90139461e+00
    9.67413235e+00 7.88048363e+00 7.05354500e+00 6.71541691e+00
    2.50726724e+00 1.21643782e+00 1.08686266e+01 1.53505182e+00
    8.02502251e+00 8.22363567e+00 7.72343159e+00 9.54459286e+00
    9.44609070e+00 7.12964630e+00 1.59914255e+00 9.03532028e+00
    1.11351757e+01 1.08872986e+01 1.09612570e+01 2.67827296e+00
    1.03756275e+01 6.20038080e+00 3.79346371e+00 8.90872860e+00
    8.37511826e+00 1.76512122e-01 2.86883116e-01 4.12395239e+00
    4.05339146e+00 1.13599339e+01 7.89823103e+00 5.91508484e+00
    1.56316161e+00 5.67869282e+00 1.30336847e+01 7.63243675e+00
    8.21598530e+00 1.86406660e+00 1.89841008e+00 7.34823823e-01
    1.20428486e+01 1.27193003e+01 4.09609985e+00 7.78356409e+00
    1.06587381e+01 7.47674417e+00 5.77888012e+00 1.58760834e+00
    1.16509075e+01 9.18605232e+00 7.77533770e+00 4.87237549e+00
    3.39765573e+00 5.19625759e+00 1.22018538e+01 5.19518280e+00
    1.19140267e+00 4.20521736e+00 2.54342914e+00 7.91241074e+00
    1.16498451e+01 1.76199019e+00 6.98794746e+00 1.11519451e+01
    1.07782106e+01 1.09183397e+01 1.74925530e+00 1.20787964e+01
    7.00114441e+00 1.18344021e+01 6.47116899e+00 7.75582981e+00
    3.55235004e+00 5.87637234e+00 5.53281164e+00 8.89804745e+00
    7.25424290e+00 1.12926817e+01 8.18928909e+00 7.95052719e+00
    1.53566325e+00 1.03360128e+01 1.06539526e+01 3.34158301e+00
    6.68924141e+00 1.12147284e+01 8.65933228e+00 9.28478146e+00
    3.69792891e+00 4.85327816e+00 5.83756924e+00 4.86624193e+00
    1.24483480e+01 2.71977708e-02 8.43895912e+00 2.61038351e+00
    3.42972088e+00 3.48459625e+00 6.20536518e+00 1.19574165e+01
    1.04008570e+01 6.86714458e+00 7.95609140e+00 4.01394224e+00
    5.10626912e-01 5.95138693e+00 6.79374516e-01 8.20302773e+00
    6.45156574e+00 1.15547247e+01 1.33465827e+00 1.09643421e+01
    6.88543892e+00 1.28325176e+01 6.40585423e+00 4.03977013e+00
    6.99167204e+00 3.17352176e+00 1.01185427e+01 1.18369234e+00
    2.56132424e-01 1.06030989e+01 4.64402008e+00 1.74557686e+00
    7.87320852e+00 1.57922530e+00 3.17884231e+00 4.56523800e+00
    8.88476562e+00 9.07195473e+00 6.05705261e+00 4.29318094e+00
    6.98905468e+00 1.14777923e+00 1.35537708e+00 1.12839556e+01
    2.05885029e+00 1.15959263e+00 5.03827953e+00 1.54012144e+00
    4.37514871e-01 3.66128147e-01 7.66848040e+00 1.11461124e+01
    5.17215681e+00 8.40513611e+00 3.07539749e+00 3.81697845e+00
    7.76744843e-01 1.20976448e+01 1.16760063e+00 1.08725805e+01
    1.31022918e+00 8.91571236e+00 6.35871220e+00 1.48432422e+00
    1.04804049e+01 2.38223886e+00 1.52608418e+00 3.90447664e+00
    1.76005626e+00 1.25753412e+01 7.14182663e+00 2.20574975e+00
    1.95586383e+00 8.99744606e+00 1.30018532e+00 2.18313551e+00
    5.92662430e+00 8.42782497e+00 2.21502948e+00 2.79632807e+00
    1.01644402e+01 7.04558992e+00 4.92124885e-01 8.74152756e+00
    7.08221483e+00 9.67717552e+00 6.58570707e-01 6.29599714e+00
    9.57779706e-01 4.66119289e+00 7.28256643e-01 7.43824673e+00
    7.29735088e+00 5.35350502e-01 7.14736366e+00 9.49010086e+00
    1.28443632e+01 6.35694838e+00 3.90637016e+00 8.46742916e+00
    4.93395424e+00 5.24502516e+00 7.03284264e+00 8.71653366e+00
    6.77642250e+00 1.03093662e+01 4.87973213e+00 4.38781786e+00
    7.77713537e+00 1.01352062e+01 8.50277615e+00 1.30567541e+01
    7.43623877e+00 1.14996281e+01 9.93459129e+00 1.27189827e+01
    2.04439640e+00 1.08265104e+01 9.92622662e+00 6.63302422e+00
    6.06229782e+00 3.90950894e+00 3.78311682e+00 2.35394931e+00
    7.04880333e+00 4.50629854e+00 2.05058742e+00 1.29954207e+00
    3.74836135e+00 1.90837884e+00 2.94691825e+00 2.41014957e+00
    4.78011894e+00 6.42702627e+00 1.24163818e+00 1.39121878e+00
    2.52249569e-01 9.18233681e+00 5.78410721e+00 3.09627891e+00
    7.97658253e+00 4.81791878e+00 1.22547894e+01 7.46610701e-01
    9.60800838e+00 1.81309032e+00 1.06916609e+01 7.19914436e+00
    1.18909287e+00 8.04848957e+00 5.41591120e+00 2.34368181e+00
    4.50102329e+00 1.20813036e+01 5.83892727e+00 2.52591062e+00
    1.63774586e+00 1.09257412e+00 7.99504566e+00 1.00420637e+01
    6.98633051e+00 7.40237808e+00 7.91512537e+00 7.60483313e+00
    7.57300234e+00 1.11159432e+00 1.21459713e+01 1.05376596e+01
    2.38679886e+00 7.71052361e+00 5.53672612e-01 1.18948889e+01
    4.14740753e+00 3.40571404e+00 8.98646164e+00 2.39978528e+00
    5.55793905e+00 1.20409737e+01 6.94031715e+00 4.13267040e+00
    6.04378843e+00 9.31937599e+00 1.12831907e+01 8.01870155e+00
    9.09351349e+00 1.09735050e+01 1.18345556e+01 3.04379678e+00
    1.01817408e+01 6.50105858e+00 2.34292698e+00 1.79412532e+00
    4.10476923e+00 7.66818047e+00 8.99139881e+00 7.39103937e+00
    4.90332425e-01 7.92847919e+00 2.56187415e+00 9.04271030e+00
    6.77494192e+00 8.11555862e+00 9.29338264e+00 1.19436293e+01
    1.07721682e+01 6.78267050e+00 1.08958235e+01 7.00385237e+00
    9.82423115e+00 1.29098101e+01 1.02458687e+01 4.52111781e-01
    4.20695019e+00 1.23935728e+01 6.94983435e+00 4.82604122e+00
    8.99071693e+00 9.67340231e-01 1.18323936e+01 2.17811513e+00
    3.69544029e+00 6.96407747e+00 1.10471153e+01 8.73113251e+00
    1.17644253e+01 9.03744030e+00 1.19201307e+01 1.09659872e+01
    1.00029926e+01 1.21530037e+01 4.46236134e+00 3.70299125e+00
    1.62050760e+00 1.28484926e+01 6.21644878e+00 5.38254881e+00
    1.19043512e+01 9.27888203e+00 5.55418491e+00 4.98256254e+00
    1.20883532e+01 1.13145838e+01 2.47743160e-01 5.45447731e+00
    7.08895302e+00 4.78312397e+00 4.42691469e+00 1.06305304e+01
    2.88868284e+00 8.73290157e+00 7.73774242e+00 7.83889341e+00
    9.11272621e+00 3.38570952e+00 1.22330117e+00 8.27438354e+00
    7.91795540e+00 5.83340883e+00 1.21434441e+01 7.53680515e+00
    1.17657986e+01 1.06191025e+01 3.89001751e+00 9.69778633e+00
    6.67447281e+00 9.40446663e+00 1.11015475e+00 1.09622097e+01
    5.73723745e+00 3.53247571e+00 1.29442015e+01 7.70882940e+00
    3.40014637e-01 4.52139425e+00 1.76026607e+00 1.11931887e+01
    1.30777287e+00 9.87698650e+00 4.62281179e+00 6.80735350e+00
    1.28527927e+01 1.02041998e+01 8.36538887e+00 1.20562375e+00
    1.00879211e+01 1.06988564e+01 1.23671169e+01 4.95751381e+00
    8.95915127e+00 9.16548729e+00 1.24315767e+01 2.22382951e+00
    1.09774218e+01 1.71819115e+00 7.87837887e+00 7.97947073e+00
    3.96377730e+00 1.27019768e+01 1.15403652e+01 2.09033251e+00
    3.56425619e+00 1.25622330e+01 8.47604561e+00 3.60599804e+00
    1.00587635e+01 1.15664139e+01 8.39522076e+00 4.78721428e+00
    1.93772268e+00 1.01860094e+01 8.87160206e+00 7.32784176e+00
    6.79339027e+00 5.38849068e+00 1.02042780e+01 2.73963928e+00
    2.33742929e+00 8.08866310e+00 4.98217773e+00 8.88787270e-01
    2.53715348e+00 1.16257591e+01 9.27806091e+00 6.83544207e+00
    1.05207376e+01 7.74826860e+00 1.12414198e+01 8.89772224e+00
    1.18795166e+01 5.35375690e+00 1.27164125e+01 6.22759819e+00
    1.22327738e+01 3.46007824e+00 4.05272341e+00 3.79053760e+00
    1.49335647e+00 1.18520412e+01 9.67396927e+00 8.43436599e-01
    3.84223533e+00 5.83826542e-01 1.30428257e+01 1.14409542e+01
    2.87273121e+00 1.29533319e+01 5.76845646e+00 1.00933714e+01
    1.22137051e+01 5.75492668e+00 9.57649136e+00 6.89810133e+00
    5.62989521e+00 4.45484638e+00 1.11913424e+01 1.25873554e+00
    1.17642775e+01 9.64206994e-01 9.45908546e+00 6.80309916e+00
    1.99780774e+00 1.72764790e+00 8.59730816e+00 9.31561852e+00
    1.89375833e-01 3.37262005e-01 8.61856747e+00 8.52632046e+00
    3.03081417e+00 3.57750797e+00 4.92615557e+00 1.63945353e+00
    4.33407402e+00 1.22666855e+01 1.10821171e+01 9.46564865e+00
    1.00750027e+01 1.98883832e+00 8.05069923e+00 7.85447979e+00
    1.03932478e-01 9.18602848e+00 5.61158466e+00 3.04023480e+00
    3.82624483e+00 3.05793977e+00 4.73087883e+00 2.73945832e+00
    5.86003017e+00 9.62740135e+00 9.94603348e+00 5.62226391e+00
    4.78114557e+00 1.07335730e+01 7.89887238e+00 1.11499529e+01
    3.25330436e-01 1.24033117e+01 7.07831001e+00 4.45303822e+00
    6.11291933e+00 1.29682627e+01 1.13939238e+01 5.03426123e+00
    1.19406891e+01 1.29884481e+01 1.47417009e+00 1.29000060e-02
    6.96345854e+00 3.67883420e+00 1.12134953e+01 1.06489468e+01
    5.90616941e+00 3.80424070e+00 1.26001778e+01 2.40137291e+00
    7.89838266e+00 4.17100668e+00 9.07150149e-01 1.68488348e+00
    9.77542210e+00 7.98055589e-01 4.43169504e-01 8.12823868e+00
    1.12593937e+01 1.08848066e+01 3.90040350e+00 1.05289421e+01
    3.89933801e+00 3.23230982e+00 5.70801353e+00 1.21370649e+01
    2.11157751e+00 1.22491093e+01 8.56677914e+00 9.80545235e+00
    1.10709620e+01 9.53588772e+00 4.65885353e+00 6.03446722e+00
    3.46531796e+00 2.20325208e+00 9.53518987e-01 1.91127765e+00
    1.98602533e+00 8.28716373e+00 1.03654013e+01 7.41996098e+00
    1.19190655e+01 1.08466234e+01 4.57638693e+00 5.05197906e+00
    1.07479525e+01 2.05870724e+00 9.02411222e-01 1.75505567e+00
    1.08387318e+01 8.51358223e+00 6.59857416e+00 1.14534483e+01
    5.52359200e+00 6.44771242e+00 1.18590088e+01 5.44102049e+00
    6.32065296e+00 5.29024220e+00 1.23361969e+01 1.27251444e+01
    5.67292631e-01 1.17327824e+01 7.71005630e+00 5.04959345e+00
    1.06665969e+00 1.41260433e+00 1.02327824e+00 1.23068027e+01
    1.02097473e+01 1.17831717e+01 4.03881931e+00 1.32118213e+00
    6.90560246e+00 1.04058886e+01 3.55293229e-02 1.00915823e+01
    3.87449431e+00 1.17543602e+01 4.54550123e+00 2.50673580e+00
    9.16264915e+00 7.83597612e+00 5.71803427e+00 4.03283691e+00
    4.08447790e+00 1.60920382e+00 5.78036404e+00 1.13515687e+00
    1.02410030e+01 1.15437689e+01 9.83662128e+00 1.74677229e+00
    1.17420082e+01 6.00957680e+00 1.21334486e+01 6.90089512e+00
    2.01986837e+00 7.50034428e+00 1.00843096e+01 1.22521429e+01
    1.03837318e+01 1.01188583e+01 8.84735107e+00 8.68049717e+00
    6.64979696e+00 1.09119320e+01 1.19046049e+01 1.16454229e+01
    1.63125980e+00 1.20650845e+01 1.21204987e+01 9.46059990e+00
    1.72101760e+00 4.23346996e+00 4.96177346e-01 6.52834225e+00
    1.04884901e+01 1.26373310e+01 7.95985460e-01 1.00578032e+01
    1.18151245e+01 1.18003807e+01 4.77528143e+00 8.58569717e+00
    5.98793411e+00 2.42959285e+00 2.41711688e+00 1.14539909e+01
    1.13752203e+01 3.12638283e+00 7.56099081e+00 1.03033962e+01
    8.54471207e+00 6.52431822e+00 2.07598829e+00 1.02866209e+00
    4.65114069e+00 5.82218695e+00 6.81844521e+00 3.80649757e+00
    7.17265725e-01 8.17392826e+00 5.39399099e+00 5.41224337e+00
    2.55718780e+00 7.73509312e+00 1.14447441e+01 1.14744835e+01
    4.81947231e+00 1.25955410e+01 8.10411072e+00 1.82668388e+00
    3.06389499e+00 5.31367540e+00 4.08703852e+00 2.19970912e-01
    3.46957588e+00 8.54877567e+00 9.33324146e+00 2.40243077e+00
    6.65858221e+00 2.68615627e+00 3.02822280e+00 8.63216972e+00
    7.97031689e+00 1.05036974e+01 9.30972958e+00 4.51233864e-01
    1.10525789e+01 5.39726496e+00 7.23750925e+00 4.42108440e+00
    1.14620771e+01 9.58520603e+00 2.66183352e+00 1.43166196e+00
    6.59430218e+00 7.93691427e-02 1.23377485e+01 7.79114151e+00
    3.59705114e+00 8.61057281e+00 7.44907379e+00 1.90537465e+00
    4.36322021e+00 4.75376463e+00 8.46375656e+00 2.49714780e+00
    8.84077370e-01 3.94401741e+00 9.75942135e+00 1.13517809e+01
    7.40757287e-01 5.57881451e+00 4.37663126e+00 8.53790855e+00
    5.56138575e-01 9.31923676e+00 9.42654896e+00 2.90962291e+00
    7.86061621e+00 9.55159307e-01 1.27681084e+01 5.78789520e+00
    5.01861048e+00 1.25750041e+00 1.53778017e+00 8.20322990e+00
    5.75935698e+00 6.76787758e+00 3.96778345e+00 1.23536968e+01
    9.38905048e+00 4.99292994e+00 3.63282251e+00 4.49083996e+00
    1.05445766e+01 1.02582626e+01 8.13589478e+00 9.35240936e+00
    1.17233152e+01 2.69711590e+00 6.02613878e+00 1.28720226e+01
    1.02033367e+01 8.80869770e+00 1.81326723e+00 1.06002035e+01
    2.07638478e+00 5.74717522e+00 1.04767523e+01 4.30014658e+00
    8.47775042e-01 4.55530596e+00 7.42163086e+00 4.33537388e+00
    1.11072788e+01 6.16957140e+00 2.86778522e+00 6.20591402e+00
    1.02366104e+01 1.01854649e+01 1.88446879e-01 9.96729183e+00
    2.85815686e-01 2.12401557e+00 1.19832411e+01 3.09544611e+00
    8.59881401e+00 1.15800333e+00 4.05596209e+00 9.83556652e+00
    1.15937462e+01 6.04688025e+00 2.57907748e+00 8.72609329e+00
    8.41723537e+00 9.26490784e+00 9.40555763e+00 9.88838100e+00
    1.20139682e+00 1.04000676e+00 6.81109238e+00 2.11352301e+00
    1.24802914e+01 5.72451591e+00 7.64291906e+00 1.29440737e+01
    2.45493174e+00 2.82764244e+00 7.93598652e-01 9.19838715e+00
    1.16430836e+01 1.20503588e+01 1.04362049e+01 1.72889686e+00
    4.31114942e-01 2.99983549e+00 5.59135056e+00 4.44894838e+00
    9.65070915e+00 5.77406979e+00 7.86142969e+00 7.10897446e+00
    1.00936966e+01 1.08662500e+01 6.11821556e+00 4.87897921e+00
    3.14509064e-01 1.61804390e+00 1.18308866e+00 1.28988781e+01
    5.87728596e+00 1.27106123e+01 6.95481157e+00 2.41058599e-03
    5.51208735e+00 1.29517660e+01 5.85762167e+00 2.41388321e+00
    1.12794580e+01 1.17895222e+01 1.01881237e+01 1.14331493e+01
    7.91072512e+00 7.15853870e-01 1.23550339e+01 1.10421677e+01
    3.14739728e+00 1.20801020e+01 6.13012743e+00 9.54075432e+00
    4.11012077e+00 5.98745918e+00 8.66609478e+00 5.13407707e+00
    1.13927851e+01 5.26656914e+00 8.53074360e+00 9.31861496e+00
    3.42329335e+00 1.99759990e-01 1.15995417e+01 8.84115601e+00
    9.22597504e+00 1.19825974e+01 1.43900144e+00 1.19398527e+01
    3.84196854e+00 8.31696129e+00 9.14658833e+00 9.78286934e+00
    3.80223608e+00 1.27365456e+01 1.26273069e+01 8.67371678e-01
    1.03598680e+01 2.92615682e-01 8.23293018e+00 4.68009323e-01
    8.04471001e-02 5.31760263e+00 3.09466434e+00 8.30985832e+00
    3.23967433e+00 2.16247797e+00 3.51079559e+00 2.36628652e+00
    4.92408037e-01 5.01918745e+00 3.41723537e+00 1.15333757e+01
    2.40431428e+00 8.31211090e+00 5.49128354e-01 1.16668062e+01
    1.08648090e+01 9.11299229e+00 6.28483772e+00 4.78312588e+00
    6.24335384e+00 1.93135703e+00 8.69804955e+00 8.25051293e-02
    6.37384832e-01 7.46317530e+00 1.71114922e+00 9.40970612e+00
    2.29987264e+00 1.10795915e+00 6.73360491e+00 9.28836727e+00
    1.08459806e+01 5.52792835e+00 1.12379446e+01 8.84891415e+00
    7.53597021e+00 5.45470905e+00 5.01909876e+00 7.24532828e-02
    1.57298788e-01 1.04012575e+01 1.11851311e+01 1.05466070e+01
    2.18664670e+00 2.83996058e+00 1.19200430e+01 1.87817168e+00
    5.72558594e+00 1.30636597e+01 1.05152321e+01 4.40529871e+00
    9.90663052e+00 5.53809309e+00 2.22572591e-02 7.71612549e+00
    9.63130569e+00 3.86244941e+00 2.16181064e+00 7.19238806e+00
    1.12277746e+01 4.55796766e+00 5.71873760e+00 4.10161066e+00
    1.20383587e+01 4.95536900e+00 7.12733316e+00 9.66937065e+00
    1.28388941e-01 7.55081415e+00 3.69537979e-01 3.21492910e+00
    7.60542536e+00 3.38627124e+00 1.40392840e+00 1.29549065e+01
    3.69924426e+00 1.12786999e+01 3.51901460e+00 1.06171236e+01
    1.21796262e+00 9.69429684e+00 1.09084253e+01 5.12867355e+00
    3.87054229e+00 9.65423393e+00 1.18027487e+01 8.71004009e+00
    5.69873667e+00 4.53906012e+00 7.86556339e+00 7.49852276e+00
    1.35331941e+00 8.29889774e+00 6.10742521e+00 1.30580673e+01
    8.84198380e+00 1.39612889e+00 2.14907527e+00 8.61952114e+00
    3.68489790e+00 5.31793690e+00 1.92889476e+00 1.11231852e+01
    1.56801558e+00 9.11495972e+00 8.92977524e+00 6.48529673e+00
    1.27150335e+01 1.15464401e+01 9.71036971e-01 6.86317015e+00
    7.88873863e+00 8.09088612e+00 1.28032045e+01 6.63512051e-01
    9.74222469e+00 1.27786884e+01 1.04983482e+01 1.21740932e+01
    5.51628876e+00 1.04558525e+01 2.63492131e+00 5.50266933e+00
    6.62487888e+00 8.77668667e+00 9.34256971e-01 3.94853520e+00
    4.76324749e+00 1.56623161e+00 8.09918404e+00 6.35490656e+00
    2.21574402e+00 1.05430412e+01 1.30114765e+01 7.55501032e+00
    6.07664585e+00 1.16953278e+00 1.15752592e+01 1.30454373e+00
    6.34943390e+00 5.33232784e+00 4.59291315e+00 4.61401653e+00
    8.04648209e+00 1.21891880e+01 4.75675201e+00 4.48945522e+00
    4.64067459e+00 8.70268250e+00 1.22259121e+01 6.20591307e+00
    7.74037504e+00 7.81690264e+00 9.61612606e+00 6.60789490e+00
    1.01773367e+01 4.37545919e+00 7.03296185e+00 8.72726154e+00
    5.69592285e+00 2.34409738e+00 9.55058861e+00 6.31438911e-01
    3.03814721e+00 3.54056168e+00 1.74309000e-01 3.97093153e+00
    4.27494615e-01 1.25265408e+01 1.52088737e+00 1.21232805e+01
    9.48161983e+00 1.14930058e+01 1.03963413e+01 4.37216425e+00
    6.40250206e+00 1.89997578e+00 8.37244320e+00 7.37283885e-01
    6.90651703e+00 7.64508820e+00 1.19836550e+01 1.10536604e+01
    6.96629238e+00 4.49221659e+00 6.14927340e+00 2.04377151e+00
    3.68323755e+00 1.35976934e+00 8.44716358e+00 7.66400957e+00
    3.51253009e+00 1.29387302e+01 1.22781801e+01 9.96383727e-01
    1.06202898e+01 1.43576312e+00 1.03457975e+01 1.06780863e+01
    8.24443722e+00 1.86173186e-01 4.35171556e+00 1.23641806e+01
    1.46277809e+00 6.98082685e+00 1.14144249e+01 9.73192978e+00
    5.26466370e+00 2.72097921e+00 6.67032576e+00 1.21044264e+01
    9.54884148e+00 1.96835899e+00 1.04691315e+01 5.28212690e+00
    4.11040306e+00 1.25540104e+01 7.83503819e+00 1.15776911e+01
    6.84451246e+00 1.05102262e+01 1.09132767e+01 7.69757128e+00
    6.07487011e+00 1.14389887e+01 1.82801354e+00 2.13562083e+00
    5.41105986e+00 2.82784390e+00 9.10758793e-01 9.87519073e+00
    1.35607231e+00 9.19176579e+00 9.30016327e+00 6.76902485e+00
    5.57155466e+00 1.24536505e+01 3.09633064e+00 4.68732023e+00
    5.88425493e+00 1.29343128e+01 5.29895687e+00 8.45160866e+00
    6.09979820e+00 1.00901251e+01 4.31874305e-01 1.28825951e+01
    1.04499311e+01 1.24219160e+01 4.57940668e-01 6.56314087e+00
    1.18063307e+01 3.40476346e+00 8.32870960e+00 1.17619002e+00
    7.08624649e+00 3.69733548e+00 1.05935602e+01 7.46684504e+00
    1.06732502e+01 1.26114731e+01 8.99449539e+00 7.83941936e+00
    1.13363600e+01 5.57947302e+00 5.22165775e+00 9.33328438e+00
    6.96103716e+00 1.09392691e+01 1.17527800e+01 9.03999138e+00
    1.14922419e+01 9.99015629e-01 6.54481232e-01 8.46080494e+00
    2.59286976e+00 6.37612629e+00 3.20259237e+00 7.09369564e+00
    1.19177914e+01 2.55766213e-01 1.47713280e+00 3.27787185e+00
    9.97613525e+00 2.87632799e+00 6.93444014e+00 1.10240059e+01
    7.33475351e+00 6.07156277e+00 8.41177368e+00 1.10431852e+01
    5.94695282e+00 3.76466036e+00 1.05865421e+01 6.11560869e+00
    4.86403219e-02 5.83365583e+00 1.22372789e+01 9.54333973e+00
    8.44071484e+00 3.12082744e+00 2.48164344e+00 5.87584066e+00
    9.47186947e+00 1.49634153e-01 1.07974691e+01 6.78907335e-01
    4.01111507e+00 1.07042170e+01 8.10637283e+00 5.18605232e+00
    6.92424583e+00 6.80279446e+00 2.78981400e+00 1.15301590e+01
    8.42248440e+00 7.38588953e+00 8.08071899e+00 5.41398573e+00
    5.95622587e+00 1.22423673e+00 6.40990925e+00 6.90163946e+00
    8.35179567e-01 2.48601157e-02 1.24819269e+01 2.06209445e+00
    2.35229373e+00 1.29994974e+01 7.96534824e+00 5.98502398e+00
    2.18281198e+00 9.70769882e+00 7.40398741e+00 8.57776180e-02
    2.69679999e+00 4.92929220e+00 6.12795353e+00 9.61140633e+00
    1.69456041e+00 2.01016164e+00 3.82956195e+00 1.28551502e+01
    1.08877182e+01 5.98175907e+00 1.00096464e+01 1.21946030e+01
    1.74092448e+00 7.77165413e+00 6.29754734e+00 6.17090273e+00
    3.29596782e+00 4.29294968e+00 5.98068285e+00 5.21276891e-02
    3.07083535e+00 6.83236170e+00 1.20224056e+01 1.12419930e+01
    7.00747132e-01 1.27679443e+01 8.89000797e+00 1.22825403e+01
    7.19866705e+00 4.99505806e+00 9.98047447e+00 1.24208870e+01
    1.08599262e+01 8.92394638e+00 8.02751350e+00 1.57562375e+00
    8.61940765e+00 3.64733160e-01 9.36371708e+00 2.24273849e+00
    9.00832176e+00 1.96586514e+00 4.53535748e+00 3.93963075e+00
    5.13630962e+00 1.16801405e+01 7.52074718e+00 4.42086983e+00
    1.06518197e+00 5.97957039e+00 1.00540514e+01 7.96000898e-01
    1.12763300e+01 8.84366798e+00 1.38994586e+00 1.68253434e+00
    7.49395990e+00 1.24085321e+01 1.08077135e+01 5.89069080e+00
    7.60635281e+00 8.81013513e-01 5.50660467e+00 9.50538921e+00
    5.84654951e+00 1.14253778e+01 4.56535435e+00 3.47222424e+00
    1.29790583e+01 1.28503160e+01 1.26613617e+01 1.14058847e+01
    7.78312111e+00 2.61386085e+00 6.42973089e+00 7.34313536e+00
    8.46541309e+00 5.53272867e+00 8.53167629e+00 9.19419193e+00
    1.14885426e+01 6.60019922e+00 6.14826965e+00 6.42149305e+00
    6.22890997e+00 7.54388142e+00 2.52988267e+00 3.56773949e+00
    1.27284889e+01 6.03886986e+00 2.99356961e+00 9.26051044e+00
    1.00886259e+01 4.54793406e+00 1.20748472e+01 1.13318195e+01
    1.18904538e-01 1.00141687e+01 8.38184357e+00 1.07169294e+01
    7.33472204e+00 7.44122696e+00 8.27433777e+00 2.47669816e+00
    1.77808607e+00 6.00138235e+00 9.11215019e+00 1.24595251e+01
    6.76305437e+00 6.44011974e+00 4.66417027e+00 1.26116543e+01
    7.77593184e+00 1.12331343e+00 5.08835936e+00 1.21567211e+01
    6.08648157e+00 3.81443083e-01 1.26635208e+01 1.82088566e+00
    8.72456932e+00 1.25012760e+01 5.98991966e+00 1.25482121e+01
    1.03958149e+01 6.45056868e+00 2.01626158e+00 1.00480146e+01
    1.16129408e+01 8.23132324e+00 3.34952402e+00 1.81343329e+00
    1.02415781e+01 7.82925844e+00 1.08662510e+00 8.48747349e+00
    5.42622042e+00 8.51966953e+00 1.16488428e+01 4.92913628e+00
    5.93099213e+00 1.23636351e+01 1.12675457e+01 1.10503607e+01
    1.92664838e+00 4.22975254e+00 3.53386593e+00 9.81601334e+00
    8.12657356e+00 1.23615408e+01 1.25730934e+01 2.58354497e+00
    2.07359338e+00 4.79995728e+00 2.15509892e+00 3.30079150e+00
    7.60272169e+00 2.02173257e+00 1.15884848e+01 1.13901730e+01
    3.19310808e+00 8.81806469e+00 4.64210892e+00 5.21568441e+00
    3.48441052e+00 8.46596622e+00 7.52559781e-01 2.35713482e+00
    5.36911011e+00 5.90671492e+00 7.19786978e+00 9.53314781e+00
    1.22566957e+01 7.51060390e+00 4.75646400e+00 1.17952633e+01
    1.30462551e+00 8.93862438e+00 9.11244202e+00 9.33647633e+00
    1.19608345e+01 9.23905849e+00 8.10406494e+00 1.01469147e+00
    4.91427469e+00 1.82298803e+00 1.94884682e+00 1.13736238e+01
    6.95007992e+00 4.62394285e+00 1.25596676e+01 2.74066997e+00
    8.55796814e+00 1.08501453e+01 3.26782799e+00 2.23625612e+00
    2.79302287e+00 6.47808743e+00 1.61631191e+00 6.93138456e+00
    1.30449600e+01 1.30486851e+01 9.76599789e+00 4.04253674e+00
    1.20431700e+01 2.01738930e+00 1.62508011e+00 3.35015035e+00
    3.05646563e+00 5.03998327e+00 7.87182951e+00 5.48128986e+00
    6.22251606e+00 6.02309895e+00 1.88378263e+00 4.33472204e+00
    9.33313560e+00 6.35783052e+00 1.04905510e+01 7.85904026e+00
    3.10323405e+00 1.05849533e+01 1.89134717e+00 9.13395309e+00
    7.73547602e+00 1.19392328e+01 1.24648809e+01 8.75312042e+00
    8.23556042e+00 9.62352562e+00 1.05254841e+00 7.80121088e+00
    7.77452660e+00 1.15640097e+01 4.71103716e+00 1.18273983e+01
    5.08592987e+00 4.84447807e-01 1.01164331e+01 1.05156708e+01
    5.03401756e+00 9.73671436e+00 1.15914106e+01 1.03604527e+01
    7.99490166e+00 1.71542716e+00 6.81241512e-01 2.95721149e+00
    9.97502995e+00 6.18040514e+00 5.18871689e+00 8.72273254e+00
    7.23341799e+00 1.06179142e+01 5.35842037e+00 2.77631688e+00
    5.65818024e+00 7.03422832e+00 1.09767227e+01 9.64776134e+00
    4.17853928e+00 2.63012385e+00 6.74238300e+00 1.28227358e+01
    2.12207603e+00 1.06468201e+01 2.49714017e+00 1.10464144e+01
    3.63454461e+00 1.05857158e+00 9.21684837e+00 6.96885538e+00
    4.61368656e+00 3.09370041e+00 2.40422988e+00 3.93544364e+00
    5.21643829e+00 1.15789680e+01 9.43367672e+00 7.46785212e+00
    2.59930301e+00 7.37054300e+00 4.16167593e+00 3.88301611e+00
    1.61102879e+00 8.11311662e-01 5.81439495e+00 1.02598429e+01
    4.63467121e+00 8.07369041e+00 8.17733955e+00 9.67301369e+00
    1.17516823e+01 1.03838024e+01 1.13220148e+01 8.41140366e+00
    1.60489798e-01 7.14122868e+00 9.16436291e+00 5.76403379e+00
    1.10917282e+01 1.12339134e+01 2.69798470e+00 4.91985846e+00
    3.02799296e+00 1.50238824e+00 2.26723576e+00 3.40479910e-01
    4.31589991e-01 1.31046069e+00 9.01041222e+00 1.28183632e+01
    6.66175079e+00 1.30000525e+01 8.11049747e+00 1.06234014e+00
    1.11782045e+01 2.09120035e+00 1.12210169e+01 2.34394574e+00
    1.61790431e-01 1.27726564e+01 2.37401581e+00 3.58364105e+00
    6.45441103e+00 5.64942420e-01 1.22103012e+00 9.58859825e+00
    5.97006559e+00 1.26672945e+01 1.13473577e+01 1.16773872e+01
    6.28966331e+00 1.11257324e+01 9.99002552e+00 1.14464483e+01
    4.42849994e-01 1.77660954e+00 2.58250904e+00 9.79274559e+00
    1.35258555e+00 6.62702513e+00 1.24280787e+01 5.96624792e-01
    9.13320160e+00 4.94691324e+00 3.30516219e+00 7.17708874e+00
    8.24713326e+00 2.80518961e+00 1.17996302e+01 7.81856966e+00
    4.17261219e+00 1.59158432e+00 8.69439316e+00 1.10401554e+01
    9.10187435e+00 1.20667124e+01 3.38018775e+00 3.95426989e+00
    7.04821825e+00 1.30356560e+01 6.51166868e+00 7.39214993e+00
    1.63275480e+00 1.06251974e+01 3.58157659e+00 1.30225096e+01
    4.50427055e+00 2.03562737e+00 3.66637158e+00 5.41332960e+00
    1.73421371e+00 1.19550810e+01 1.25608435e+01 6.98781490e+00
    7.38377094e+00 8.90276337e+00 6.19685316e+00 1.05272949e+00
    1.30759382e+01 1.91797763e-02 4.50095510e+00 5.86588526e+00
    1.49027717e+00 7.18031359e+00 2.77143788e+00 1.12570372e+01
    3.76541448e+00 4.70130348e+00 2.49940586e+00 5.12735319e+00
    5.48149252e+00 1.19776478e+01 3.94067407e+00 7.38072515e-01
    4.14408493e+00 7.53484917e+00 1.04550142e+01 5.05436611e+00
    9.71082270e-01 4.89667892e+00 7.05055237e+00 3.91342497e+00
    9.25400853e-01 1.94602323e+00 9.33788013e+00 8.89278412e+00
    4.33292103e+00 1.26626005e+01 2.14497566e+00 6.62774372e+00
    3.51478052e+00 1.12619295e+01 1.17323503e+01 8.19809246e+00
    1.25878322e+00 9.41131783e+00 1.22095585e+01 1.88657641e+00
    6.87846327e+00 4.82959127e+00 8.13258934e+00 1.14597473e+01
    7.19114351e+00 1.07965775e+01 1.24694233e+01 1.05458441e+01
    6.52938318e+00 8.40018940e+00 9.74044991e+00 4.51953888e+00
    1.14427767e+01 9.52585220e+00 2.01940560e+00 8.68974304e+00
    9.68442631e+00 3.66661692e+00 9.95475006e+00 4.18551087e-01
    9.89030647e+00 3.33762360e+00 2.53640723e+00 3.85093570e+00
    2.20511436e+00 6.60284901e+00 5.58972299e-01 5.51044035e+00
    5.55371618e+00 2.97069883e+00 9.59653091e+00 1.03853588e+01
    1.28885460e+01 2.08981657e+00 8.81708717e+00 4.16272545e+00
    6.52354717e+00 1.17172098e+01 1.23633556e+01 1.03912197e-01
    1.05866776e+01 5.67172050e+00 1.00659013e+00 2.66143870e+00
    7.94178915e+00 3.54820919e+00 2.21146584e+00 2.50921641e-02
    3.06779718e+00 1.12170124e+01 4.04256850e-01 1.16851616e+00
    4.57675505e+00 1.02162752e+01 1.30840797e+01 1.10275974e+01
    5.77143621e+00 9.82482815e+00 1.24004593e+01 4.20719481e+00
    1.68628716e+00 8.88744640e+00 1.28161478e+01 5.36918211e+00
    8.82386780e+00 9.03281975e+00 7.20698929e+00 5.46553707e+00
    4.05425024e+00 7.60615635e+00 9.79857159e+00 8.13695908e+00
    3.55580997e+00 5.58729649e+00 1.95675778e+00 9.86685371e+00
    5.31100607e+00 3.89427209e+00 9.55279922e+00 5.10892344e+00
    2.22488189e+00 2.95507264e+00 6.42426968e+00 1.28801823e+01
    2.52734351e+00 1.12625093e+01 3.66924262e+00 1.00877762e+01
    1.68122053e-01 1.14835634e+01 9.28416443e+00 1.18675852e+01
    7.32895803e+00 1.15876274e+01 1.07189310e+00 3.81627512e+00
    1.14553480e+01 8.27780724e+00 1.09262066e+01 1.02151766e+01
    1.00409946e+01 1.20541725e+01 6.92213345e+00 7.92223072e+00
    9.74836922e+00 5.01504326e+00 1.23007908e+01 3.94322944e+00
    7.83791399e+00 1.27954502e+01 9.21105862e+00 5.96801460e-01
    1.30465803e+01 6.71455240e+00 1.29540663e+01 8.73124599e+00
    1.68455529e+00 5.08517027e+00 3.97662067e+00 7.55433893e+00
    1.60210550e-01 6.78612351e-01 3.34179616e+00 1.20117388e+01
    2.45878744e+00 2.70989823e+00 1.27336349e+01 1.60189378e+00
    5.72360802e+00 1.25552435e+01 9.95115662e+00 5.78935432e+00
    1.09398961e+00 1.13680277e+01 6.91826403e-01 5.60761356e+00
    2.87483263e+00 9.14570236e+00 3.97792792e+00 5.75094032e+00
    1.33123732e+00 1.09360237e+01 7.01133537e+00 6.51069045e-01
    7.99612904e+00 3.01847935e+00 8.36783886e+00 2.97868347e+00
    1.04302025e+01 1.04237089e+01 5.88851404e+00 4.35221529e+00
    9.70614815e+00 8.64848328e+00 1.19805098e+00 7.63271236e+00
    4.96414518e+00 8.56165504e+00 7.06252480e+00 7.08109713e+00
    9.23420525e+00 1.17164381e-01 1.26003122e+01 6.46017456e+00
    9.82707977e+00 4.45320940e+00 4.62228012e+00 2.79253459e+00
    1.15391073e+01 7.23343801e+00 9.42650318e+00 1.10633068e+01
    4.66314220e+00 1.13429737e+01 1.23578720e+01 4.35321617e+00
    3.50288939e+00 8.55202198e+00 1.10690975e+01 7.06334686e+00
    5.62836111e-01 1.17182112e+00 2.09687924e+00 4.18854094e+00
    5.71864653e+00 5.31894445e+00 9.67172146e-01 1.11137533e+01
    1.19229841e+01 8.75563994e-02 1.17851343e+01 3.10362554e+00
    3.59025717e+00 2.78904963e+00 9.78726482e+00 1.84087920e+00
    8.90678108e-01 2.04417658e+00 1.11975574e+01 8.96640110e+00
    8.04358673e+00 8.22358847e-01 1.06262465e+01 2.33475637e+00
    9.04587746e+00 1.01948433e+01 9.38592243e+00 3.64676666e+00
    1.05719557e+01 4.34334612e+00 3.94525838e+00 2.76765323e+00
    7.00031638e-01 8.96356583e+00 2.89667320e+00 3.33286929e+00
    4.46378767e-01 5.61205578e+00 3.32237911e+00 1.16463242e+01
    1.29628696e+01 1.02535696e+01 1.42956340e+00 7.23500776e+00
    8.40472126e+00 3.14166927e+00 1.13138962e+01 1.05599241e+01
    7.75728083e+00 2.72006893e+00 1.16403513e+01 4.86590242e+00
    1.57024193e+00 1.13913183e+01 3.52830172e+00 6.54255033e-01
    3.94866323e+00 1.30686939e+00 3.60381413e+00 1.23555288e+01
    8.13185215e+00 3.41555429e+00 1.11983194e+01 9.48924160e+00
    6.61117363e+00 1.89072907e+00 7.85879850e+00 2.71838713e+00
    5.18008375e+00 2.85812211e+00 6.44554234e+00 1.10632515e+01
    1.12408876e+01 6.31126118e+00 1.25329132e+01 1.06246204e+01
    6.77813435e+00 1.89590943e+00 1.13760500e+01 6.95256770e-01
    5.99764299e+00 1.22092123e+01 6.34375954e+00 6.47851753e+00
    1.02772264e+01 5.05775023e+00 6.75037622e+00 9.93923759e+00
    4.20805788e+00 1.21009712e+01 6.56675100e+00 8.16836071e+00
    4.54370213e+00 2.07742357e+00 1.28492069e+01 2.81154346e+00
    6.68262243e-01 1.37257516e-01 1.54290342e+00 1.18663855e+01
    4.46214581e+00 8.89638424e+00 2.46292448e+00 1.15065670e+01
    4.34482288e+00 1.11235380e+01 1.13971729e+01 4.46225119e+00
    2.45390463e+00 1.27553093e+00 8.94644165e+00 2.86281514e+00
    2.82282352e+00 5.00826359e+00 6.69516039e+00 4.56352472e+00
    1.28202543e+01 4.55013275e+00 6.79455423e+00 4.75471354e+00
    1.34723151e+00 7.08807945e+00 5.00155544e+00 6.75892019e+00
    3.46027136e+00 4.00560951e+00 7.89424992e+00 2.10563469e+00
    8.34297180e+00 8.13215542e+00 4.80046797e+00 1.16696177e+01
    5.92998624e-01 1.16505928e+01 1.21129456e+01 1.03583832e+01
    1.06457653e+01 6.18382978e+00 1.27602797e+01 1.18989878e+01
    8.82491207e+00 7.54219174e-01 5.76486158e+00 6.25963211e+00
    6.32979822e+00 1.02669668e+01 3.44550848e+00 1.30527458e+01
    1.27137642e+01 6.46613693e+00 3.50733590e+00 1.67648470e+00
    9.14887047e+00 4.94226635e-01 7.46970463e+00 7.35960186e-01
    1.11576242e+01 4.14622736e+00 6.78833532e+00 1.15183649e+01
    4.47377300e+00 3.15401602e+00 1.22909231e+01 9.64664161e-01
    1.28266211e+01 8.59334946e+00 4.48614311e+00 8.38407612e+00
    1.19694500e+01 2.42558360e+00 6.34485626e+00 3.17271233e+00
    9.30870056e+00 5.32716274e+00 6.20195293e+00 2.73751307e+00
    1.15676184e+01 3.23220658e+00 2.61859632e+00 3.96014404e+00
    4.59656096e+00 5.81114960e+00 9.82297993e+00 3.12174749e+00
    8.45745754e+00 1.20076478e+00 4.64369488e+00 7.96527195e+00
    9.83089256e+00 6.63884258e+00 9.68363285e+00 2.23201704e+00
    5.25930977e+00 8.07105637e+00 1.08924663e+00 8.95653915e+00
    1.23068981e+01 2.88538313e+00 3.11692882e+00 1.11932364e+01
    7.03972960e+00 1.24220514e+01 2.08988118e+00 1.03650904e+01
    3.65239310e+00 6.37273884e+00 3.66030049e+00 6.56669044e+00
    1.08476286e+01 1.21813354e+01 1.28036957e+01 3.64588886e-01
    1.19501696e+01 8.63175011e+00 2.24878955e+00 1.28083191e+01
    1.28662615e+01 7.04787111e+00 3.77701688e+00 1.25702868e+01
    1.81736970e+00 1.65100896e+00 6.39736223e+00 9.35248089e+00
    1.57974291e+00 1.07323179e+01 5.19014215e+00 7.66124535e+00
    4.81994724e+00 1.26050396e+01 7.22679424e+00 2.77900290e+00
    1.04975109e+01 1.94264174e+00 3.36818188e-01 1.05969257e+01
    2.34527326e+00 3.18939060e-01 9.84150219e+00 7.75025225e+00
    1.79303372e+00 1.16343727e+01 7.19477749e+00 6.50065804e+00
    8.61676693e+00 1.05801746e-01 1.06236827e+00 9.82579422e+00
    3.25472522e+00 1.99594283e+00 3.15748882e+00 8.19736302e-01
    4.76481295e+00 8.12686825e+00 6.27934408e+00 8.14796925e+00
    9.61892700e+00 2.24370933e+00 1.11539354e+01 1.77901769e+00
    1.17080383e+01 7.87518501e+00 6.09280682e+00 3.51587439e+00
    6.24549294e+00 2.60605979e+00 4.22760868e+00 7.83141613e+00
    5.49452925e+00 1.27818546e+01 2.90056080e-01 4.22935009e+00
    4.67172194e+00 3.01406336e+00 5.11940432e+00 5.83526993e+00
    1.29538364e+01 6.25358045e-01 1.23628588e+01 8.91133499e+00
    6.17647076e+00 3.25611997e+00 1.26217546e+01 6.69915104e+00
    1.05385220e+00 9.63577652e+00 1.04329329e+01 1.11233053e+01
    1.22623739e+01 6.25412798e+00 1.05908794e+01 2.79548097e+00
    4.17073250e+00 8.21494579e+00 1.20308495e+01 6.67333174e+00
    2.08000970e+00 7.32598972e+00 1.29949112e+01 6.77374649e+00
    5.08402109e+00 1.21256495e+01 2.71056747e+00 9.37634945e+00
    1.22562122e+00 9.53465939e+00 4.96520567e+00 3.93925166e+00
    2.34486032e+00 5.16354084e+00 1.33999753e+00 3.26974654e+00
    2.69109607e+00 1.15181046e+01 5.73691368e+00 5.18158555e-01
    2.31721979e-02 2.28247023e+00 2.96775031e+00 7.13837767e+00
    1.07568550e+01 5.81978512e+00 2.20496321e+00 5.11113167e-01
    3.64413095e+00 6.76973867e+00 1.09451265e+01 2.81170344e+00
    4.32485849e-01 7.01117659e+00 8.42158794e+00 1.28205910e+01
    3.79634428e+00 5.97633171e+00 4.44259071e+00 5.89417601e+00
    9.34444237e+00 9.33760166e+00 1.30892050e+00 8.31661034e+00
    3.79023790e+00 4.19839811e+00 7.54707670e+00 2.54531384e+00
    4.03234816e+00 1.20508966e+01 2.83103037e+00 7.79005945e-01
    8.62199783e+00 1.88614118e+00 4.03302717e+00 1.25442810e+01
    3.19120026e+00 2.74552941e+00 2.77487636e-01 4.06974030e+00
    1.02481091e+00 1.28846092e+01 8.56340027e+00 7.81207657e+00
    1.28427935e+00 2.46534252e+00 1.04658556e+01 6.98575318e-01
    1.04067869e+01 2.46950769e+00 2.62491763e-01 1.17954607e+01
    3.90346169e+00 4.01105738e+00 7.57345057e+00 7.98414350e-01
    4.10123301e+00 2.88151771e-01 1.22979670e+01 8.92010689e+00
    5.85259247e+00 9.13792992e+00 1.18241978e+01 7.19632292e+00
    1.01199656e+01 3.72356915e+00 8.81475830e+00 5.95157146e+00
    1.76658809e+00 5.30290365e+00 2.46826673e+00 6.81335449e+00
    4.57177496e+00 9.94670773e+00 7.89578390e+00 4.33555543e-01
    9.37894058e+00 3.71108317e+00 5.46085119e+00 7.31842756e+00
    4.81929588e+00 5.17760086e+00 4.34880590e+00 2.27009845e+00
    8.46695042e+00 8.06114674e+00 2.61302543e+00 9.45740032e+00
    5.44783115e+00 1.17565737e+01 5.28930473e+00 7.16748893e-01
    7.11184740e+00 7.75049686e+00 5.41110563e+00 3.52203178e+00
    1.02608023e+01 1.06595955e+01 1.24178715e+01 3.23308516e+00
    7.20821953e+00 1.22760820e+01 5.32736683e+00 1.41426003e+00
    1.10702887e+01 7.81011963e+00 4.51743650e+00 2.13012695e+00
    1.11512814e+01 9.84733963e+00 7.36357927e+00 5.44242442e-01
    1.65627158e+00 6.93985605e+00 9.90402031e+00 1.80222952e+00
    4.04629087e+00 6.62735415e+00 6.44551229e+00 1.04240007e+01
    1.17005997e+01 1.11420832e+01 8.36676502e+00 6.38462400e+00
    2.34615946e+00 1.05968933e+01 1.07166481e+01 6.63928366e+00
    1.91281986e+00 2.02828622e+00 3.50018311e+00 1.09630623e+01
    5.41584921e+00 6.51470375e+00 1.03714695e+01 2.43349409e+00
    8.31279659e+00 2.96578050e+00 1.59108603e+00 9.39742756e+00
    7.33507919e+00 4.22458315e+00 1.24424086e+01 2.95824647e+00
    1.25886211e+01 7.96916628e+00 3.11317658e+00 8.00306892e+00
    1.16497774e+01 3.62887263e+00 7.13146114e+00 9.43710041e+00
    8.55219460e+00 1.35864234e+00 6.85666227e+00 3.98961163e+00
    6.62189436e+00 8.39146423e+00 3.83396459e+00 1.06937618e+01
    8.24261379e+00 2.64978123e+00 1.09699411e+01 1.13870869e+01
    5.45172632e-01 7.91446543e+00 2.70697522e+00 3.48634076e+00
    7.64434624e+00 9.14435959e+00 8.91622639e+00 3.83860207e+00
    6.24540424e+00 1.26912441e+01 8.40854931e+00 1.19936619e+01
    2.44855905e+00 1.14367628e+01 1.59951079e+00 9.53214073e+00
    2.42758632e+00 8.71449471e+00 7.91381931e+00 1.23365908e+01
    6.41083241e+00 9.07510185e+00 4.10499001e+00 2.12115884e+00
    1.12586374e+01 4.07747841e+00 7.39733696e+00 1.02239714e+01
    1.59670368e-01 1.92427361e+00 5.37844038e+00 1.97302282e+00
    1.16570148e+01 2.11856556e+00 6.95930195e+00 1.31347895e+00
    5.65008926e+00 5.05402327e+00 1.81503487e+00 4.38972044e+00
    2.84166598e+00 1.20477676e+01 2.20222163e+00 8.16603374e+00
    5.15472460e+00 9.56633949e+00 7.51469088e+00 8.80302429e+00
    1.40992928e+00 8.80191612e+00 1.10054255e+01 8.68593216e+00
    1.20862207e+01 1.15626307e+01 2.54746735e-01 4.92940855e+00
    8.70204926e+00 1.63696992e+00 5.05382109e+00 8.92500114e+00
    9.86772823e+00 1.30186615e+01 1.27856989e+01 3.16582227e+00
    6.78622532e+00 5.21047497e+00 9.72084618e+00 5.01409483e+00
    1.30475016e+01 8.55276012e+00 1.07969570e+01 6.30708361e+00
    3.26068997e+00 3.50350094e+00 1.90733945e+00 1.07025919e+01
    4.12768173e+00 8.34881401e+00 9.15205538e-01 9.95847416e+00
    9.32405281e+00 7.98242426e+00 2.34955835e+00 6.21782970e+00
    9.62294388e+00 6.35307789e+00 8.50502491e+00 1.21789513e+01
    3.52603126e+00 7.53642559e+00 4.12023401e+00 8.69129944e+00
    4.65209293e+00 3.86752546e-01 1.07903137e+01 8.26618385e+00
    4.86108494e+00 5.55859947e+00 4.51133156e+00 6.77361727e-01
    2.76717496e+00 5.96890020e+00 1.14172068e+01 1.27783203e+01
    5.88656664e+00 7.99669802e-01 4.92236996e+00 1.08652191e+01
    4.81881475e+00 2.11251879e+00 1.16930590e+01 8.82825756e+00
    4.49950933e+00 1.36949229e+00 1.08967018e+01 2.04927063e+00
    1.28121824e+01 6.73370934e+00 3.84352118e-01 4.02579021e+00
    3.88943958e+00 8.53314781e+00 5.16608429e+00 3.07534838e+00
    3.50068736e+00 1.07487583e+00 2.22065973e+00 1.07773628e+01
    3.73089838e+00 2.87770605e+00 1.18466973e-01 1.02005024e+01
    1.29663897e+01 5.55442715e+00 2.93788075e+00 3.20570540e+00
    9.46978283e+00 3.36278629e+00 4.52475643e+00 9.82201195e+00
    7.08010674e+00 3.48246837e+00 4.05625153e+00 1.10777636e+01
    9.34516811e+00 4.33975570e-02 1.08652143e+01 1.61458027e+00
    8.97558880e+00 5.85535479e+00 7.37758207e+00 3.68546343e+00
    4.14151001e+00 2.68616581e+00 6.15557480e+00 3.90487623e+00
    1.24555378e+01 2.10322700e-02 8.29205704e+00 3.73181731e-01
    1.29012251e+01 1.25323379e+00 8.30855083e+00 4.42970562e+00
    1.15904150e+01 4.07124662e+00 2.55485797e+00 1.05846624e+01
    7.77964306e+00 8.09743023e+00 6.26600504e+00 7.04789114e+00
    3.13106489e+00 1.89145148e+00 1.05721865e+01 6.15877295e+00
    1.18697224e+01 5.95708942e+00 1.73028195e+00 7.78444099e+00
    4.80057120e-01 8.25261402e+00 6.58287048e+00 1.27791417e+00
    4.76638269e+00 1.81895018e+00 4.15274477e+00 1.06148624e+01
    3.71711046e-01 1.26375504e+01 8.32981110e+00 4.68450546e+00
    6.17760086e+00 1.05481043e+01 1.15775738e+01 9.54121575e-02
    8.61089325e+00 6.79107809e+00 4.06865883e+00 2.62781072e+00
    7.05857134e+00 6.69109821e+00 1.22738194e+00 8.87497139e+00
    1.02047234e+01 2.01057291e+00 1.17637691e+01 3.41532326e+00
    1.08850327e+01 1.19857550e+01 1.24430122e+01 7.30038071e+00
    1.09957666e+01 4.34952211e+00 3.92998195e+00 1.02226830e+01
    1.03797531e+00 1.22880392e+01 4.56716013e+00 4.68139029e+00
    4.55215216e+00 1.30117607e+01 1.06525898e+01 1.11044254e+01
    6.43078136e+00 1.86908627e+00 8.60515022e+00 6.26120281e+00
    1.16387167e+01 3.64865518e+00 9.51700687e+00 5.68304157e+00
    8.88432121e+00 9.95915318e+00 5.90828753e+00 7.88044405e+00
    8.29794598e+00 7.88377428e+00 5.39349794e+00 8.32112885e+00
    1.23657417e+01 6.01659489e+00 6.41562366e+00 3.43060493e-01
    3.89730716e+00 7.17793560e+00 6.98091555e+00 7.14932299e+00
    8.11794877e-01 3.23657370e+00 4.15245914e+00 9.35318375e+00
    9.13949394e+00 4.44553375e+00 1.05233860e+01 2.47692919e+00
    5.39030743e+00 8.46269035e+00 6.86261320e+00 5.66987944e+00
    5.61353588e+00 6.95241737e+00 7.01861572e+00 1.19346304e+01
    2.05768967e+00 1.11501360e+01 1.24693937e+01 9.29712236e-01
    1.06458778e+01 7.59508944e+00 8.62168372e-01 2.10482168e+00
    1.02111187e+01 4.18123674e+00 2.10968995e+00 1.02301016e+01
    4.31798607e-01 1.12017984e+01 4.86733818e+00 6.25523329e+00
    4.32995892e+00 2.47976136e+00 2.92145920e+00 4.42992640e+00
    2.54717445e+00 4.95629501e+00 6.26965582e-01 1.19370699e+00
    1.29285164e+01 5.75737286e+00 6.03251743e+00 3.00359935e-01
    1.13459759e+01 4.88564253e+00 1.23566027e+01 1.28354654e+01
    8.79738712e+00 8.69689465e+00 8.55023766e+00 1.13851624e+01
    1.15006657e+01 1.28078442e+01 4.83174133e+00 1.08816681e+01
    4.98855972e+00 2.70008516e+00 3.34686947e+00 1.00188694e+01
    6.73409081e+00 9.31954384e+00 3.53641582e+00 1.20819294e+00
    1.01924419e+01 3.33215523e+00 1.09029932e+01 1.18864546e+01
    3.32599068e+00 3.32967663e+00 4.10862446e+00 1.18157971e+00
    3.13635874e+00 1.05699997e+01 1.26752186e+00 1.10840178e+01
    1.22592354e+01 1.20861521e+01 1.29954109e+01 2.20546842e+00
    1.25047684e+01 9.35308552e+00 6.98430967e+00 8.40621758e+00
    6.30580568e+00 9.57904720e+00 6.08902311e+00 3.42732811e+00
    7.45729017e+00 7.74295151e-01 9.32543564e+00 1.98494506e+00
    2.08010602e+00 6.80144310e+00 7.12119150e+00 2.57227182e+00
    5.14412498e+00 5.17306852e+00 8.47638702e+00 7.91638517e+00
    1.64178944e+00 4.05687618e+00 8.79782581e+00 6.20586729e+00
    1.04430103e+01 1.66425538e+00 9.79205418e+00 9.34189510e+00
    6.23451233e+00 2.03694701e+00 6.98382092e+00 1.08918943e+01
    3.08079171e+00 1.18896112e+01 1.30820913e+01 3.54017138e+00
    1.01526213e+00 5.25143528e+00 1.23393044e-01 1.08050041e+01
    1.03132687e+01 3.16176303e-02 7.47420645e+00 1.23823214e+01
    3.66669488e+00 3.04680347e-01 8.64743614e+00 1.67432678e+00
    2.65226245e+00 5.87001920e-01 5.92471552e+00 7.12164736e+00
    1.04008856e+01 1.00767117e+01 1.01502829e+01 1.16860085e+01
    1.13866901e+01 1.13043365e+01 8.95906162e+00 9.40992928e+00
    6.90761614e+00 9.24556136e-01 7.57868099e+00 5.40804100e+00
    1.13422279e+01 9.24508190e+00 7.22421265e+00 9.18369770e+00
    4.62028933e+00 1.28623810e+01 1.24542847e+01 1.49188423e+00
    1.74598277e+00 4.81893444e+00 9.12711501e-01 8.26776981e+00
    1.29570084e+01 6.67375326e+00 4.70519209e+00 1.12544465e+00
    8.91549492e+00 1.23123379e+01 6.56507587e+00 1.25462990e+01
    1.20606785e+01 5.68636751e+00 1.18463020e+01 6.53944159e+00
    3.63645697e+00 1.14411707e+01 5.08997679e+00 1.08427763e+01
    1.62001753e+00 8.86203957e+00 1.04400082e+01 8.69663525e+00
    3.38000298e-01 1.00533209e+01 1.26852961e+01 6.24271855e-02
    4.22397709e+00 1.25049295e+01 6.78152561e+00 1.05916214e+01
    8.43004894e+00 8.57627392e+00 8.61606121e+00 8.97350216e+00
    9.61531830e+00 6.87662888e+00 2.80272651e+00 9.98365104e-01
    3.10584116e+00 8.85247040e+00 9.35391808e+00 7.23790264e+00
    1.56745648e+00 1.07128448e+01 1.02985144e+01 3.64380121e+00
    3.92216301e+00 7.57182884e+00 5.68479002e-01 6.35009909e+00
    9.78542149e-01 6.99437380e+00 1.02312784e+01 8.27709579e+00
    8.52285290e+00 5.99807203e-02 6.82866240e+00 8.24173808e-01
    4.59306002e+00 7.91124964e+00 1.06509142e+01 8.19260025e+00
    3.35107517e+00 5.34792519e+00 9.51225090e+00 3.92214918e+00
    1.22116318e+01 2.69834638e+00 5.14292574e+00 1.21876993e+01
    1.38352680e+00 2.95894504e+00 1.06369638e+01 4.85603189e+00
    6.02039099e+00 1.15123968e+01 1.91849267e+00 1.12041407e+01
    1.63136482e+00 4.09949970e+00 6.68045759e+00 1.02295246e+01
    1.18356190e+01 1.86981022e+00 4.17034101e+00 4.30160141e+00
    1.01602125e+01 7.94884062e+00 2.33435249e+00 7.38828659e+00
    1.55706024e+00 8.54875660e+00 1.00374975e+01 7.45830297e+00
    3.23331571e+00 8.95563030e+00 2.04608011e+00 6.83863735e+00
    5.60582590e+00 8.95196533e+00 1.02099741e+00 8.17456245e+00
    5.37975693e+00 5.42237377e+00 7.77023971e-01 9.78717709e+00
    6.15660572e+00 9.61055374e+00 1.17654676e+01 1.51637182e-01
    8.67510986e+00 3.09263301e+00 1.19412060e+01 4.65705252e+00
    9.95525837e+00 9.89923096e+00 1.11410322e+01 4.49344635e+00
    4.84302616e+00 1.52270928e-01 1.51370180e+00 7.69446087e+00
    2.12738380e-01 7.28691530e+00 8.23950291e+00 9.00066662e+00
    4.24311781e+00 8.66434479e+00 4.86357927e+00 1.09755182e+01
    8.63678265e+00 9.60139275e+00 1.26483393e+01 3.84320885e-01
    1.49536407e+00 1.83047724e+00 7.96211863e+00 9.77678871e+00
    3.29916030e-01 1.99255550e+00 1.04425268e+01 9.56845760e+00
    1.11517534e+01 2.94652414e+00 4.52040386e+00 6.63858557e+00
    6.36099291e+00 3.93886828e+00 1.39055848e+00 1.00047576e+00
    5.97466469e+00 4.39183426e+00 1.18157206e+01 1.16860027e+01
    4.95662498e+00 1.24478369e+01 9.39445198e-01 8.28305006e-01
    8.62531948e+00 9.09052563e+00 3.64580083e+00 2.80138469e+00
    8.13819981e+00 9.38265705e+00 8.90073681e+00 7.23145056e+00
    1.05876904e+01 5.78852034e+00 1.16112127e+01 2.76770067e+00
    1.18974752e+01 7.01057911e+00 1.09016848e+01 8.96430910e-01
    1.67821658e+00 1.00771322e+01 9.69824696e+00 1.19177685e+01
    4.19815016e+00 6.84085310e-01 9.46681404e+00 3.84655929e+00
    6.81370831e+00 2.69497418e+00 1.29345293e+01 1.74380732e+00
    7.65133524e+00 4.69039059e+00 7.91194677e+00 1.14607992e+01
    6.92696571e+00 9.83611822e-01 8.83404160e+00 7.68653202e+00
    8.54390049e+00 1.61290526e+00 4.68804598e+00 3.17919731e+00
    3.94951880e-01 2.26939511e+00 2.58291364e+00 1.01419239e+01
    9.97978306e+00 9.81365013e+00 1.33324647e+00 1.18636141e+01
    1.29382505e+01 9.11646271e+00 6.21168900e+00 7.58605576e+00
    5.90996742e-01 2.27243617e-01 7.26253986e+00 1.09796371e+01
    9.73285961e+00 1.21765127e+01 1.21792583e+01 5.33973122e+00
    1.12664452e+01 1.91560769e+00 1.04398270e+01 6.40543938e+00
    1.20266190e+01 2.93735981e+00 7.05485153e+00 3.66677260e+00
    3.84925866e+00 7.00802040e+00 3.11177707e+00 1.19137125e+01
    1.01552665e+00 1.01746912e+01 4.44127560e+00 1.10222018e+00
    5.69481516e+00 1.21291523e+01 8.02221870e+00 7.97816217e-01
    4.87347937e+00 4.54368067e+00 7.72932720e+00 9.11522806e-01
    4.11506939e+00 1.17935448e+01 5.47434950e+00 1.18503017e+01
    4.95482683e+00 5.02542305e+00 1.00180979e+01 5.15955067e+00
    7.34488440e+00 4.15761757e+00 4.11372852e+00 1.01444864e+00
    1.04533787e+01 9.83259964e+00 9.22540665e+00 5.69555950e+00
    5.85925639e-01 2.93567586e+00 9.40278435e+00 2.23465919e+00
    5.92298079e+00 8.59866428e+00 2.05299616e+00 7.22077942e+00
    7.94926310e+00 8.83658504e+00 3.50874352e+00 6.53353119e+00
    1.07361822e+01 1.27119741e+01 1.11285200e+01 5.80139399e+00
    2.13924003e+00 1.10086679e+01 5.51673412e+00 6.74663448e+00
    5.27699900e+00 4.57184881e-01 2.12860298e+00 5.72585240e-02
    1.56129658e+00 7.62554741e+00 7.44938040e+00 3.41415620e+00
    4.95086581e-01 1.12338572e+01 1.15618849e+01 7.00672770e+00
    8.90691853e+00 4.41954803e+00 1.00621710e+01 8.71988201e+00
    9.24438763e+00 1.28938303e+01 6.53345966e+00 1.01616879e+01
    7.92323160e+00 6.69252777e+00 8.95083046e+00 1.16552372e+01
    1.30572200e+00 1.99426517e-01 8.72032261e+00 1.58758211e+00
    1.14209976e+01 9.26214218e+00 9.40630245e+00 9.58317661e+00
    3.85279369e+00 5.14986134e+00 7.39141607e+00 8.84330559e+00
    2.91089368e+00 3.92096686e+00 2.86720347e+00 1.25588169e+01
    3.00983262e+00 1.92163849e+00 1.06732788e+01 1.28951941e+01
    1.18974972e+01 6.10781527e+00 5.27085352e+00 1.14262695e+01
    7.76315880e+00 1.72168231e+00 5.76278530e-02 7.86894178e+00
    6.17619896e+00 1.11358833e+01 1.09949541e+00 5.73333740e+00
    2.38801980e+00 9.60050106e+00 1.06885643e+01 1.20239573e+01
    2.44553113e+00 1.24180021e+01 9.13770676e+00 6.24027634e+00
    1.05498469e+00 4.93988037e+00 9.16670036e+00 5.68285751e+00
    4.75788689e+00 3.58868766e+00 8.81141186e+00 8.49032116e+00
    1.05794029e+01 6.08491182e+00 1.27110577e+01 9.39551353e+00
    8.12711716e-01 3.39494967e+00 5.53754902e+00 1.30129213e+01
    8.40563965e+00 8.79364300e+00 7.03610182e+00 9.23657608e+00
    4.91537929e-01 8.23664570e+00 8.96536827e+00 3.79138803e+00
    9.61794662e+00 6.07782888e+00 2.79632688e+00 6.70718479e+00
    2.31368327e+00 4.44920588e+00 9.42692661e+00 7.17360544e+00
    6.09525728e+00 4.94421646e-02 9.29497540e-01 2.92820430e+00
    7.82855368e+00 1.15581436e+01 1.64891332e-01 4.12481642e+00
    6.81181669e+00 4.28708506e+00 8.04047394e+00 7.61486626e+00
    4.21414137e+00 2.79965162e+00 6.77067852e+00 6.12738562e+00
    7.62776041e+00 5.13654327e+00 3.46755123e+00 5.47180939e+00
    1.49737096e+00 6.72984505e+00 8.38101506e-01 4.38592792e-01
    3.35269547e+00 6.18087530e+00 5.57827614e-02 1.12298393e+01
    9.25179863e+00 4.91959095e+00 3.76831323e-01 8.81929302e+00
    1.56845212e+00 5.14588642e+00 2.66470504e+00 1.07565794e+01
    2.56306982e+00 6.32937050e+00 9.95271492e+00 1.00549040e+01
    5.31418896e+00 8.27878761e+00 5.83700657e-01 9.95248890e+00
    7.83932924e+00 1.66963339e+00 3.99121374e-01 4.35000038e+00
    1.42923236e+00 1.23777618e+01 1.12424889e+01 5.50689125e+00
    1.19646578e+01 5.28443992e-01 2.82954663e-01 8.40393353e+00
    3.60593736e-01 2.65787601e+00 3.84156203e+00 3.70777750e+00
    6.97035646e+00 1.20000124e+01 5.04696083e+00 9.27864838e+00
    8.33324432e+00 4.49316931e+00 5.41342163e+00 1.21613035e+01
    4.21098709e+00 5.49695873e+00 7.12355566e+00 7.34926033e+00
    5.84006357e+00 1.19124269e+01 7.31824636e+00 4.14167118e+00
    5.13296556e+00 4.72582960e+00 4.50532055e+00 1.07618275e+01
    1.12246180e+01 7.61335182e+00 4.11944675e+00 5.90022087e-01
    3.75872350e+00 2.08286572e+00 1.28032455e+01 5.08751869e+00
    1.94818294e+00 1.64013243e+00 1.16585188e+01 9.31713963e+00
    1.11812592e+01 2.49405432e+00 5.49250412e+00 1.00736647e+01
    7.54019916e-01 7.09106779e+00 4.79533148e+00 7.59165585e-01
    1.06436167e+01 1.52236807e+00 4.57285357e+00 1.09396515e+01
    7.49919176e+00 4.60172129e+00 4.51865435e+00 1.16373720e+01
    1.66606402e+00 9.52496433e+00 5.44993973e+00 5.98710442e+00
    7.74429083e+00 6.56268644e+00 5.54267073e+00 1.14661665e+01
    4.10289347e-01 1.22026672e+01 2.04797602e+00 2.61367410e-01
    3.68179750e+00 1.12555342e+01 2.03083062e+00 1.12781868e+01
    1.67097294e+00 7.96631861e+00 3.27323651e+00 9.08971691e+00
    9.82667160e+00 1.16338072e+01 3.50861144e+00 1.17025194e+01
    2.33811259e+00 2.35838151e+00 9.83581734e+00 9.93894577e+00
    5.63322020e+00 1.00931425e+01 1.19187975e+01 5.91826320e-01
    5.56668615e+00 1.24807949e+01 2.59863663e+00 9.46118832e+00
    1.24282742e+01 8.28771889e-01 7.57561874e+00 3.64823627e+00
    4.75562811e-01 1.29341288e+01 1.26199522e+01 6.55888367e+00
    5.81243634e-01 3.72213864e+00 8.97074401e-01 1.09841547e+01
    1.23689592e+00 7.62297297e+00 1.48807311e+00 6.42555714e+00
    1.19382076e+01 5.57084036e+00 1.84379160e+00 6.51163578e+00
    1.18582058e+01 4.53354025e+00 6.34153986e+00 9.28436089e+00
    8.02780056e+00 1.17383547e+01 6.25678921e+00 2.69383818e-01
    6.20813417e+00 4.44939852e+00 4.11070108e+00 9.43485355e+00
    1.13561468e+01 1.28521812e+00 1.13617029e+01 6.72085381e+00
    5.04298353e+00 6.91616869e+00 1.80409992e+00 1.50552845e+00
    9.08032322e+00 1.24350281e+01 2.95141101e+00 2.58812928e+00
    9.32661819e+00 2.13762355e+00 8.32734585e+00 1.07364922e+01
    1.23959694e+01 8.88542652e+00 6.54813385e+00 6.07737827e+00
    1.01547270e+01 8.33074749e-01 7.40878296e+00 6.49661589e+00
    1.38105893e+00 1.82351696e+00 2.45013928e+00 4.51075459e+00
    2.92700243e+00 6.77434826e+00 5.67191696e+00 6.90934563e+00
    6.03694010e+00 4.51027536e+00 2.07441688e+00 5.27423620e+00
    2.12597823e+00 5.39430618e+00 5.20189953e+00 1.16988144e+01
    5.52436447e+00 1.23951209e+00 1.24121246e+01 1.74987876e+00
    1.02233810e+01 7.47696304e+00 9.34080505e+00 3.22513014e-01
    1.18281320e-01 1.10079403e+01 1.01967583e+01 4.56923246e+00
    5.19956398e+00 5.23193836e-01 7.68320751e+00 2.61181068e+00
    2.74965495e-01 1.11772928e+01 9.45479679e+00 4.72320348e-01
    3.98484111e+00 1.78667879e+00 4.42420673e+00 9.52024937e+00
    1.95839047e+00 1.28218107e+01 1.26998596e+01 8.38297081e+00
    8.40316677e+00 4.00470734e+00 4.92212248e+00 5.05057633e-01
    3.77988005e+00 2.04601765e+00 1.54422677e+00 8.96964455e+00
    2.14908600e+00 5.74159050e+00 5.34789371e+00 3.58190560e+00
    7.97619152e+00 3.10940504e+00 1.01354933e+01 3.83876252e+00
    5.49802685e+00 1.26019228e+00 6.33840942e+00 1.19217882e+01
    1.06594677e+01 6.19603920e+00 4.08312941e+00 3.47827721e+00
    9.98420715e+00 2.29823017e+00 1.23410292e+01 6.40931797e+00
    5.58809996e+00 1.10840282e+01 5.37011051e+00 1.04448910e+01
    9.82878327e-01 1.19817424e+00 4.17678452e+00 5.54716289e-01
    1.22964096e+00 1.09298182e+01 2.83196712e+00 1.47129846e+00
    4.67928886e+00 1.16158037e+01 3.69716001e+00 4.50000238e+00
    3.62906039e-01 8.34786034e+00 6.70672798e+00 4.82278299e+00
    1.10670404e+01 9.20213032e+00 3.63769364e+00 8.91034508e+00
    2.76162481e+00 1.21208677e+01 7.88125420e+00 1.29985151e+01
    1.16999750e+01 1.23095074e+01 5.85055971e+00 7.82628107e+00
    7.61946774e+00 1.09444675e+01 9.47261047e+00 4.14747715e+00
    5.89806747e+00 7.06395197e+00 7.26296854e+00 7.65450382e+00
    3.04934591e-01 8.84012413e+00 1.10508862e+01 1.29267578e+01
    6.06083393e+00 4.82679516e-01 1.00560045e+01 7.39127922e+00
    1.17623892e+01 6.39171696e+00 7.78230047e+00 3.03557515e+00
    1.01808796e+01 7.66662216e+00 1.15621967e+01 3.50539398e+00
    8.76626301e+00 3.66550779e+00 1.88655949e+00 4.26684618e+00
    9.19468021e+00 1.29451132e+01 9.42285633e+00 2.56445551e+00
    1.24523354e+01 1.37285805e+00 1.04297006e+00 2.03495431e+00
    1.15989952e+01 9.46185875e+00 9.61352921e+00 2.73743963e+00
    3.30074716e+00 7.92366123e+00 6.16323724e-02 1.05982952e+01
    2.90974283e+00 7.10304737e+00 7.70619154e-01 7.09004736e+00
    6.89187431e+00 1.68801486e+00 1.09648590e+01 8.60913372e+00
    8.55599105e-01 2.34905124e+00 7.54424620e+00 1.30197048e+01
    9.16337669e-01 6.22169685e+00 8.14793873e+00 5.83975983e+00
    8.07244015e+00 6.18079996e+00 4.41869307e+00 6.85239697e+00
    3.95957708e+00 4.18400335e+00 9.69421864e+00 1.06219444e+01
    1.17177925e+01 4.97476625e+00 9.38180256e+00 1.25224028e+01
    1.28829155e+01 1.27056885e+01 7.82577705e+00 2.17717004e+00
    1.58033192e-01 2.88258457e+00 9.01698685e+00 8.06815720e+00
    1.24597416e+01 3.61568832e+00 9.93056297e+00 2.46736050e+00
    9.02539253e+00 5.54212999e+00 8.13792419e+00 4.73868608e+00
    3.50157738e+00 6.66541100e+00 1.16795416e+01 2.26015911e-01
    1.08372478e+01 2.43254647e-01 8.62544537e+00 9.56640244e+00
    1.06895018e+01 6.20590353e+00 3.06875110e+00 7.32837677e+00
    1.19674644e+01 1.05075765e+00 1.30375767e+01 1.28444409e+00
    2.39460897e+00 5.43054247e+00 7.94723272e+00 6.75341940e+00
    1.11625185e+01 5.29224682e+00 5.61957806e-02 1.45391667e+00
    6.00542307e+00 9.41675854e+00 5.98294687e+00 5.08868217e+00
    8.85159969e+00 2.92792249e+00 1.33534718e+00 3.76904130e+00
    9.94217038e-01 1.11219215e+01 2.31343746e+00 4.01537752e+00
    4.23048973e-01 1.00105343e+01 4.10609293e+00 4.88259745e+00
    5.99099827e+00 7.76106644e+00 8.56208229e+00 4.53168678e+00
    7.34847689e+00 2.19356251e+00 1.23333251e+00 2.65308237e+00
    4.78249311e+00 1.03645153e+01 6.30277395e+00 1.12440615e+01
    1.27711048e+01 5.04091835e+00 5.49307919e+00 1.12802782e+01
    1.16893244e+01 1.10148678e+01 1.16147060e+01 1.24125996e+01
    8.52782440e+00 2.02509975e+00 6.56947327e+00 6.54400444e+00
    8.08955574e+00 7.36555004e+00 4.94011593e+00 7.59109163e+00
    2.83529103e-01 9.66537857e+00 3.25437993e-01 4.83337402e+00
    1.29510508e+01 1.17078428e+01 7.92040014e+00 8.69635677e+00
    3.39078355e+00 7.23104334e+00 6.42406866e-02 3.86466289e+00
    6.83811855e+00 1.13910615e-01 1.09919519e+01 6.09553385e+00
    1.64786291e+00 6.32841492e+00 6.85743615e-02 3.72985721e+00
    1.18562994e+01 1.25995636e+01 1.07859507e+01 6.19569254e+00
    6.31163740e+00 5.90981436e+00 9.86824989e+00 1.06714935e+01
    5.31487417e+00 1.29463425e+01 1.02863526e+00 4.13185930e+00
    4.75286436e+00 8.90969849e+00 4.00925779e+00 1.10733252e+01
    6.11968899e+00 7.40064287e+00 8.18654251e+00 2.65956974e+00
    1.22311592e+01 3.65589356e+00 7.08271790e+00 1.14826546e+01
    9.72781658e+00 1.18758211e+01 8.50697422e+00 5.75587940e+00
    8.70226097e+00 1.16676674e+01 1.19243729e+00 3.65423608e+00
    4.65061951e+00 8.65403175e+00 7.75482893e+00 7.34119940e+00
    5.79951906e+00 9.60534191e+00 8.79014874e+00 1.20875282e+01
    1.18757658e+01 3.25828242e+00 3.86784697e+00 1.19122279e+00
    1.26719904e+01 1.95576024e+00 4.98476267e+00 1.47100997e+00
    2.28318977e+00 1.50558007e+00 8.11883545e+00 5.13462210e+00
    7.44337606e+00 8.46091270e+00 7.43996859e+00 9.39509773e+00
    1.30191431e+01 3.02500606e-01 3.41357023e-01 2.17786002e+00
    7.60544920e+00 1.29027319e+00 1.73248217e-01 7.15407515e+00
    1.55865335e+00 2.49547243e+00 1.23119378e+00 7.40033913e+00
    1.01928339e+01 2.62884617e+00 3.03449225e+00 1.41430199e+00
    1.28786964e+01 1.20362854e+01 7.40639067e+00 7.35634899e+00
    6.99318266e+00 2.51184630e+00 6.83628607e+00 3.55556965e+00
    4.04592705e+00 3.23370337e+00 4.85975266e+00 9.37763977e+00
    5.60269356e+00 2.84579539e+00 6.16578722e+00 8.58833408e+00
    7.00526237e+00 1.14401531e+00 1.79191339e+00 7.75381947e+00
    1.17417879e+01 1.15743434e+00 9.30550754e-01 5.93386173e+00
    2.52309871e+00 1.19253864e+01 6.14934540e+00 1.07887163e+01
    9.15849400e+00 2.38026214e+00 1.00244856e+01 2.70540333e+00
    8.91338539e+00 1.79409885e+00 1.01679888e+01 9.84797096e+00
    1.20923090e+01 9.72434425e+00 1.03432426e+01 7.32230806e+00
    9.92580128e+00 9.42788029e+00 5.78985453e+00 1.95345151e+00
    2.25364423e+00 1.55658472e+00 8.25428391e+00 1.24403486e+01
    5.91336393e+00 1.02582664e+01 5.94097900e+00 1.12459564e+01
    6.10356522e+00 9.54957104e+00 6.26709557e+00 1.15782175e+01
    1.86495936e+00 1.13887453e+01 8.57569313e+00 1.28591909e+01
    1.87697694e-01 1.12629623e+01 1.15420341e+01 5.28996515e+00
    6.40007162e+00 8.12526131e+00 4.57696199e+00 3.64997339e+00
    1.05269451e+01 1.01212378e+01 7.26819658e+00 4.36056662e+00
    4.12278128e+00 5.94181061e-01 1.03341732e+01 9.61971283e+00
    6.72064734e+00 8.49266911e+00 9.63175356e-01 7.44062519e+00
    1.20603199e+01 1.19997683e+01 4.61516762e+00 1.09573126e+01
    3.53060412e+00 3.27839613e+00 8.28984737e+00 9.31091690e+00
    1.06788292e+01 2.44813037e+00 7.40041924e+00 2.97037125e+00
    5.93416929e+00 4.70101786e+00 1.26833344e+01 7.95356131e+00
    5.45737743e+00 1.32174671e+00 1.29596729e+01 1.07111521e+01
    1.81474924e+00 9.60814190e+00 1.26131067e+01 2.86594296e+00
    3.44869661e+00 6.60237610e-01 2.58440785e-02 1.06085644e+01
    6.44081640e+00 2.72444439e+00 1.19832745e+01 3.52171689e-01
    1.24893208e+01 8.92757607e+00 8.55459785e+00 7.39227962e+00
    5.66808462e+00 1.10575399e+01 1.83172858e+00 9.81372452e+00
    2.72548532e+00 6.59070110e+00 5.93546009e+00 7.73941612e+00
    6.75766516e+00 1.09183036e-01 9.23832417e+00 6.10105371e+00
    1.18209352e+01 2.31221366e+00 3.82653332e+00 1.34882486e+00
    3.51465845e+00 1.92634988e+00 7.09846020e+00 1.03939362e+01
    9.11412418e-01 6.21779966e+00 1.66989827e+00 7.95857191e+00
    1.03632765e+01 8.79022884e+00 1.10956631e+01 4.85623240e-01
    1.14533434e+01 9.18477249e+00 6.19093513e+00 1.11525412e+01
    3.21531844e+00 6.48307502e-02 1.00390997e+01 4.97880697e+00
    7.62402868e+00 4.49236155e+00 1.95258427e+00 2.55954623e+00
    9.14893436e+00 1.18302507e+01 7.74518394e+00 8.56911278e+00
    1.75114560e+00 6.77967167e+00 5.59055328e+00 1.05480928e+01
    4.86902952e+00 1.10812731e+01 8.23514462e+00 5.96504688e-01
    1.16728134e+01 2.05562115e+00 3.20411491e+00 1.30737400e+01
    1.21121826e+01 1.25279665e+01 8.15126801e+00 4.27694225e+00
    1.26003909e+00 6.12810707e+00 1.30663738e+01 1.30669727e+01
    1.11010790e+01 2.44060826e+00 4.37674236e+00 8.78488731e+00
    1.17031374e+01 1.05117273e+01 3.85346603e+00 7.80369616e+00
    7.33769953e-01 2.32937622e+00 5.66260624e+00 8.22211456e+00
    1.20030222e+01 6.13980961e+00 1.67522192e+00 4.70502329e+00
    9.34502792e+00 1.12976561e+01 6.50897503e-01 1.99005556e+00
    2.85585046e+00 6.59162617e+00 5.21903336e-01 1.18743935e+01
    1.11687641e+01 1.21381388e+01 1.23448200e+01 1.91622269e+00
    6.22365808e+00 1.26714983e+01 1.24911709e+01 2.57635260e+00
    9.35814476e+00 1.80441618e+00 6.74526453e+00 1.14756079e+01
    5.32428646e+00 7.37511206e+00 1.08931522e+01 2.13782716e+00
    1.00982237e+01 3.32879710e+00 1.27500868e+01 1.49804103e+00
    5.79427099e+00 7.81463718e+00 7.51247644e+00 3.45050663e-01
    1.13931551e+01 1.08826523e+01 5.57107496e+00 9.71673775e+00
    5.16013622e+00 6.75085115e+00 7.75778294e+00 2.24056196e+00
    7.03437281e+00 2.01804090e+00 4.62932110e+00 6.15674686e+00
    1.00895996e+01 1.03129988e+01 1.59646475e+00 5.00348186e+00
    1.26110611e+01 9.25780964e+00 2.07762527e+00 8.40043545e+00
    3.12756705e+00 6.52001524e+00 1.18078823e+01 1.00091496e+01
    1.13016345e-01 1.76493391e-01 2.55554914e+00 4.20751047e+00
    2.16186118e+00 3.56590176e+00 6.16319466e+00 5.25373876e-01
    6.39349520e-01 4.56686497e+00 9.05422401e+00 1.76965070e+00
    5.27551413e+00 6.98512506e+00 1.15696068e+01 1.19185934e+01
    5.20728874e+00 4.94189310e+00 3.74143338e+00 2.41337538e+00
    1.93712628e-03 9.51674843e+00 8.51948357e+00 9.46852016e+00
    1.17788076e+01 1.68272638e+00 1.24820414e+01 2.48412490e+00
    1.01536465e+00 1.19613647e+01 1.17827320e+00 1.36525261e+00
    1.03601255e+01 8.79438496e+00 8.61441612e+00 3.05961919e+00
    1.18650227e+01 6.16208601e+00 2.59294176e+00 6.42403078e+00
    7.64206219e+00 6.59325361e+00 1.01642056e+01 1.12807064e+01
    4.12746954e+00 6.77837133e+00 9.09590530e+00 1.92456472e+00
    1.03805246e+01 1.23250370e+01 1.77842915e+00 2.14859605e+00
    4.59830141e+00 4.24210119e+00 3.23251438e+00 1.23500919e+01
    8.30357075e+00 1.86517191e+00 1.24044046e+01 1.20462694e+01
    1.15822754e+01 1.28227234e+01 1.42500651e+00 9.39015865e+00
    1.10751686e+01 3.40780473e+00 3.90224600e+00 4.83319330e+00
    8.28579247e-01 9.64713097e+00 2.68280840e+00 9.15242767e+00
    6.63690472e+00 5.54406977e+00 2.32755780e+00 1.04822979e+01
    7.31778288e+00 1.00821362e+01 7.97525215e+00 3.46075797e+00
    8.64735317e+00 2.75526571e+00 7.17365170e+00 1.19240522e+01
    6.09719849e+00 1.19926548e+01 5.06134462e+00 7.07612991e+00
    3.39145350e+00 7.98737526e+00 7.73141003e+00 8.70254517e+00
    6.43794298e+00 1.12974882e+01 8.44221783e+00 1.32013774e+00
    6.87815809e+00 1.07181635e+01 3.61063218e+00 1.21740417e+01
    3.21292377e+00 1.28682766e+01 4.63511753e+00 2.14124441e-01
    5.80969477e+00 6.06677055e+00 3.92713976e+00 1.02946739e+01
    3.94619823e+00 1.02577877e+00 4.09730291e+00 2.70488048e+00
    2.91535878e+00 9.78737259e+00 6.19767427e+00 1.22739630e+01
    1.69163883e+00 1.07573786e+01 2.70858359e+00 3.71806908e+00
    5.82958221e+00 1.13515053e+01 3.47202873e+00 1.00736828e+01
    9.00746536e+00 1.12051287e+01 3.98122191e+00 6.16941404e+00
    1.04692736e+01 8.84958744e-01 3.02958584e+00 1.26531010e+01
    4.16282701e+00 6.35398626e+00 4.01420069e+00 1.07261076e+01
    2.01899004e+00 9.03848743e+00 1.27745104e+00 1.77626586e+00
    1.66591108e+00 1.61191761e-01 1.74373984e+00 1.20152864e+01
    3.89080954e+00 1.16601400e+01 6.39553118e+00 1.92582726e+00
    1.19895535e+01 2.54663849e+00 1.12706146e+01 7.91202211e+00
    1.17150726e+01 1.17769670e+01 6.00409031e+00 8.00008655e-01
    4.73140669e+00 6.34523869e+00 3.69248319e+00 2.53182125e+00
    4.92598200e+00 1.01023941e+01 1.17157183e+01 1.19136667e+01
    7.72528315e+00 5.12583399e+00 1.83044326e+00 1.79187703e+00
    1.12438221e+01 1.24409266e+01 8.18149376e+00 1.28751259e+01
    5.98997402e+00 6.94517016e-01 9.02613449e+00 5.67094994e+00
    7.06944275e+00 1.26184499e+00 4.29184556e-01 1.08255014e+01
    1.13754816e+01 4.59731102e+00 1.04410200e+01 1.39391530e+00
    8.38899231e+00 1.19213810e+01 3.29498792e+00 9.93240738e+00
    3.10215259e+00 1.01812592e+01 9.84673882e+00 3.71507049e+00
    3.68888229e-01 1.28032341e+01 1.29511013e+01 5.74287128e+00
    1.29525928e+01 4.81538630e+00 3.53293085e+00 7.62537432e+00
    5.08184147e+00 1.18588963e+01 3.00307751e+00 7.37099409e+00
    7.62583971e+00 5.15658522e+00 9.74025440e+00 2.94047093e+00
    1.03294506e+01 5.99699545e+00 4.54646873e+00 7.99190378e+00
    1.01848640e+01 1.23616695e+01 3.63324928e+00 3.91077852e+00
    9.88972855e+00 1.21746073e+01 3.03287935e+00 5.32580042e+00
    7.43480158e+00 3.02548599e+00 8.49147034e+00 8.09532738e+00
    4.17481041e+00 4.98309565e+00 5.02453136e+00 1.30088396e+01
    1.20106134e+01 4.01457548e+00 2.79616952e+00 5.70945406e+00
    7.61065102e+00 1.26096172e+01 6.29604697e-01 1.11630764e+01
    4.48710680e+00 1.05772142e+01 4.59555721e+00 3.66950314e-03
    3.19560504e+00 1.22101870e+01 1.16700125e+01 4.53782177e+00
    3.47434014e-01 6.68266058e+00 8.48738098e+00 9.60191917e+00
    3.92760158e+00 1.10460558e+01 1.27807407e+01 8.93319798e+00
    1.04855859e+00 4.59433985e+00 7.33435333e-01 1.45685828e+00
    9.34293556e+00 9.16289997e+00 6.42592192e+00 5.05646133e+00
    9.88976192e+00 9.46765518e+00 3.82910132e+00 1.29787092e+01
    2.42307353e+00 8.76966774e-01 6.85767794e+00 1.22584496e+01
    1.08817911e+00 8.26851559e+00 1.09305983e+01 1.09249134e+01
    4.72816467e+00 1.23706627e+01 9.88278770e+00 1.07894726e+01
    7.67991972e+00 1.03809023e+01 8.76831913e+00 6.25025749e+00
    1.90012574e+00 5.36871862e+00 6.71086311e+00 1.20090857e+01
    3.09093857e+00 1.92263949e+00 6.97605371e+00 2.37833247e-01
    8.34395790e+00 1.12024860e+01 1.00561810e+01 5.71027899e+00
    1.05613508e+01 4.99202108e+00 7.40990686e+00 1.24038229e+01
    4.40543509e+00 4.96308184e+00 1.29653711e+01 1.10965624e+01
    1.01172314e+01 2.91746044e+00 3.70424223e+00 9.75046349e+00
    6.27353382e+00 4.31256199e+00 2.77429867e+00 5.63908994e-01
    1.83690500e+00 6.97657967e+00 3.05367184e+00 1.19507933e+01
    1.30259895e+01 8.03013897e+00 1.28395281e+01 1.24001579e+01
    7.83389807e+00 5.85693026e+00 3.99673223e+00 7.15989590e+00
    4.45350319e-01 8.23536515e-01 1.39661491e-01 4.42438698e+00
    9.86898661e-01 1.29090014e+01 1.13395319e+01 1.14722576e+01
    1.13505220e+01 5.56573582e+00 5.22192955e+00 2.01451755e+00
    8.75061226e+00 9.97166634e+00 1.27549992e+01 5.94292618e-02
    6.62153959e-01 1.22119427e+01 1.13976264e+00 4.36933398e-01
    7.72747231e+00 1.73760295e-01 1.15139656e+01 1.15139666e+01
    1.67360640e+00 9.04703045e+00 1.16662760e+01 4.99102926e+00
    8.75454807e+00 3.56056809e+00 4.60046339e+00 6.81210804e+00
    2.66119981e+00 7.23849595e-01 2.33274698e+00 8.39100361e+00
    1.13528796e-01 8.25225544e+00 8.35108471e+00 7.24959850e+00
    1.15848789e+01 7.10675573e+00 1.23562727e+01 3.69140565e-01
    7.42644215e+00 3.99528116e-01 9.17726612e+00 5.66946793e+00
    9.81999516e-01 1.06176758e+01 4.21165371e+00 8.01186371e+00
    7.18807507e+00 1.31643784e+00 1.16410284e+01 3.54766345e+00
    1.63551939e+00 6.06782007e+00 1.18169079e+01 9.02411556e+00
    1.30204439e+01 6.71993542e+00 9.28907394e+00 1.16907644e+01
    1.01140261e+01 7.77718306e+00 1.24866819e+00 1.09702063e+01
    1.25719728e+01 3.67257977e+00 6.82625103e+00 6.50650740e+00
    4.35269928e+00 1.23778067e+01 4.43149757e+00 6.76856661e+00
    1.12008500e+00 1.09918451e+01 8.41116047e+00 8.13871670e+00
    3.64981592e-01 9.33453655e+00 2.26866901e-01 1.11576147e+01
    6.91627312e+00 7.98180628e+00 4.95322466e+00 4.64990091e+00
    2.94258904e+00 1.22071829e+01 1.42271161e+00 4.68144238e-01
    8.36745501e-01 3.79464221e+00 8.59346581e+00 3.26035810e+00
    6.99865532e+00 1.06127281e+01 7.85684681e+00 4.10212564e+00
    8.97738266e+00 1.06918564e+01 8.98737240e+00 3.82074928e+00
    9.43093300e+00 1.13886290e+01 1.21854286e+01 3.99516201e+00
    9.64064407e+00 6.08777046e+00 5.19399309e+00 1.15635614e+01
    3.55334663e+00 8.17365646e+00 9.13525867e+00 6.39655399e+00
    1.53461671e+00 1.18775282e+01 2.25966144e+00 4.01772690e+00
    7.34077692e-01 9.94521999e+00 3.06580812e-01 1.25799837e+01
    6.39878988e+00 5.27866936e+00 7.28492832e+00 3.74178267e+00
    1.20962076e+01 6.97193289e+00 1.03487158e+01 2.88225937e+00
    6.91005230e+00 3.28361464e+00 2.38303351e+00 1.12343779e+01
    1.15916452e+01 9.55209446e+00 8.12808418e+00 1.09493685e+01
    6.41001844e+00 2.50343156e+00 8.91009045e+00 3.38085198e+00
    3.95514584e+00 6.28877831e+00 7.22990465e+00 8.91757679e+00
    3.70547843e+00 1.19187975e+01 1.29706450e+01 6.20883465e+00
    4.68372631e+00 2.18340302e+00 3.89544845e+00 2.48653960e+00
    1.18537006e+01 5.65738058e+00 2.59682512e+00 5.98894358e+00
    1.20659609e+01 8.68321133e+00 2.16802049e+00 1.03095856e+01
    3.08377385e+00 4.46768236e+00 9.27499294e+00 7.30986738e+00
    8.07475376e+00 4.41837978e+00 4.08055210e+00 6.51032782e+00
    7.49204254e+00 8.98954010e+00 1.15051460e+01 3.80026746e+00
    3.06410265e+00 6.20874453e+00 6.71723223e+00 6.50119066e+00
    1.25793371e+01 6.21397686e+00 1.30744562e+01 1.47674727e+00
    6.76283169e+00 5.34377527e+00 1.29967957e+01 8.82686996e+00
    2.06547141e-01 5.97641420e+00 4.59612942e+00 4.77780962e+00
    1.24107628e+01 1.71058744e-01 4.09141445e+00 5.54470062e+00
    1.14728653e+00 1.15484273e+00 6.48288059e+00 6.55778706e-01
    1.19366255e+01 1.02337265e+01 2.45322019e-01 6.90041018e+00
    8.26866627e+00 7.02629042e+00 7.63100767e+00 5.57001686e+00
    2.92786312e+00 1.20536585e+01 5.79973364e+00 5.07600689e+00
    6.94042063e+00 1.15842962e+01 5.79451323e+00 3.29157543e+00
    9.98978424e+00 9.43509674e+00 1.04225979e+01 1.23821058e+01
    6.24811316e+00 6.55185604e+00 8.51697159e+00 4.03286934e-01
    9.80822849e+00 7.66031599e+00 7.83910608e+00 1.29286299e+01
    6.19928217e+00 1.94668746e+00 4.03147030e+00 1.17118454e+01
    1.16191063e+01 8.09585857e+00 1.12925549e+01 6.87249660e+00
    2.11935639e+00 1.64312959e+00 1.30325089e+01 2.03838515e+00
    1.25553732e+01 1.21207294e+01 5.76687002e+00 7.85933828e+00
    1.10396137e+01 6.81254148e+00 1.17510614e+01 9.45112419e+00
    2.05941367e+00 8.72004318e+00 3.56081891e+00 5.86769581e-01
    7.61237049e+00 2.83288980e+00 8.20749950e+00 7.11800146e+00
    3.51594615e+00 5.23615313e+00 1.47737908e+00 8.48937798e+00
    1.03744144e+01 7.81677902e-01 4.29344463e+00 1.28643932e+01
    7.23121023e+00 2.63269734e+00 1.00436127e+00 5.04806614e+00
    2.22150445e+00 1.10910416e+01 3.27156496e+00 2.05839992e+00
    1.41325390e+00 4.14975882e+00 6.05560780e+00 2.08509183e+00
    1.22437391e+01 1.13004627e+01 4.77906084e+00 1.27061520e+01
    9.93683624e+00 5.48087454e+00 8.51129150e+00 3.25594187e+00
    1.16846704e+01 8.64938021e-01 1.20450220e+01 1.17936039e+01
    5.27785540e+00 1.16315918e+01 1.26056004e+00 1.09666071e+01
    5.06610680e+00 1.70967221e+00 1.03940525e+01 1.90426266e+00
    2.01509491e-01 1.22808151e+01 5.42707729e+00 6.01809502e-01
    2.88757133e+00 7.12792683e+00 6.77654314e+00 7.43737078e+00
    8.47941875e+00 6.69212627e+00 7.96077919e+00 1.15087690e+01
    3.92942500e+00 7.13662720e+00 2.72831392e+00 9.14607906e+00
    1.05145779e+01 6.71418715e+00 1.36332095e+00 3.64777255e+00
    4.12144136e+00 1.06769562e+01 4.33520889e+00 4.28193951e+00
    1.35319853e+00 6.97741699e+00 1.98277187e+00 7.60067844e+00
    1.99942052e+00 7.48493624e+00 5.24620819e+00 5.23995066e+00
    4.77339268e+00 7.47111034e+00 7.70037937e+00 1.96179405e-01
    1.28703499e+01 8.12453270e+00 2.97131848e+00 4.52552605e+00
    7.34436131e+00 1.17280903e+01 6.50675774e+00 1.56802070e+00
    1.18209143e+01 9.79481995e-01 3.99396253e+00 4.74275446e+00
    2.14405346e+00 4.42351532e+00 5.28154659e+00 8.82388878e+00
    8.77544498e+00 4.54607630e+00 7.53067732e+00 7.94438124e+00
    7.53784895e+00 5.23703384e+00 1.35669720e+00 8.24058437e+00
    7.23197556e+00 6.40978384e+00 7.28036284e-01 1.45211446e+00
    1.14155254e+01 7.27400827e+00 1.06554260e+01 1.08723412e+01
    6.79516315e+00 6.71932507e+00 9.39988708e+00 1.10922966e+01
    8.29539108e+00 1.90407228e+00 6.95025015e+00 1.85364091e+00
    8.13778877e+00 9.97071648e+00 1.75071025e+00 3.61184359e+00
    4.86379051e+00 7.33584261e+00 5.16653442e+00 1.00656903e+00
    1.06310120e+01 9.33407021e+00 5.34103441e+00 6.76729536e+00
    4.36508656e+00 1.02767973e+01 8.92160606e+00 6.89182901e+00
    1.09033895e+00 9.18097019e+00 1.30647058e+01 5.04803181e+00
    1.09714737e+01 2.72160316e+00 4.17986822e+00 8.32567692e+00
    1.03771925e+01 1.25181866e+01 1.95067883e+00 1.16649179e+01
    8.26910210e+00 1.27117929e+01 3.12528849e+00 9.73760724e-01
    1.89270127e+00 5.31836629e-01 1.44734812e+00 1.17505093e+01
    3.04006720e+00 8.30574512e+00 1.35726655e+00 2.80561638e+00
    1.35562086e+00 8.29960155e+00 1.30198841e+01 9.45387650e+00
    2.26553345e+00 1.16157217e+01 1.75465691e+00 2.04009604e+00
    1.14697819e+01 2.80287433e+00 7.61697292e+00 1.78250825e+00
    1.18701668e+01 7.78449249e+00 9.87290204e-01 6.96808195e+00
    8.27149963e+00 7.49359655e+00 9.11467457e+00 7.79399872e+00
    8.37015343e+00 9.72187424e+00 5.02424860e+00 6.91663790e+00
    8.33440781e+00 3.41749215e+00 1.20936403e+01 8.60707855e+00
    1.38217735e+00 3.50862890e-01 1.13857117e+01 1.29868326e+01
    4.52187872e+00 1.29261885e+01 1.01217308e+01 1.15300417e+01
    9.45374775e+00 5.56459141e+00 2.63940287e+00 2.45822740e+00
    1.07793655e+01 1.66612017e+00 1.67214310e+00 8.33221316e-01
    3.60299420e+00 7.69559956e+00 4.07769871e+00 1.20115194e+01
    5.71543789e+00 1.32260025e+00 2.94529748e+00 9.23282802e-01
    6.45195150e+00 1.25610132e+01 1.03454094e+01 6.09290504e+00
    9.96811199e+00 2.71760297e+00 1.08216257e+01 8.55156803e+00
    6.94936419e+00 6.64453459e+00 1.18153105e+01 7.06236839e-01
    3.89778185e+00 1.22689247e+01 1.25049829e+01 8.82384300e+00
    1.10111656e+01 1.25976343e+01 1.00103550e+01 2.68127584e+00
    1.15384731e+01 2.15149808e+00 2.98807168e+00 1.17964115e+01
    7.03187990e+00 1.14666023e+01 1.09328089e+01 3.74815607e+00
    5.66288614e+00 1.28114090e+01 8.87723732e+00 6.29537821e+00
    7.84313726e+00 6.27698088e+00 6.62125874e+00 1.74256134e+00
    8.61211777e+00 6.18087578e+00 7.94742107e+00 8.47679913e-01
    7.75920153e+00 8.45914364e-01 7.95199776e+00 4.80411053e+00
    6.04752302e+00 1.21669865e+01 5.04611826e+00 4.32262230e+00
    1.23835182e+00 9.13150692e+00 3.02611089e+00 6.53267336e+00
    2.04141355e+00 6.89439869e+00 6.41757536e+00 7.81095314e+00
    5.86973572e+00 6.69575024e+00 1.03157368e+01 1.64057541e+00
    2.39298368e+00 3.30988884e+00 4.70356941e+00 1.12898874e+00
    4.05154133e+00 6.64167356e+00 1.25757837e+01 3.76782441e+00
    4.05744028e+00 8.40478611e+00 4.12952709e+00 2.70721889e+00
    3.14103055e+00 1.38022876e+00 9.63263452e-01 8.59550953e+00
    2.96533847e+00 1.09439421e+00 8.09582043e+00 2.96104050e+00
    2.17923594e+00 4.75366592e-01 6.74407244e+00 1.08404474e+01
    9.84783554e+00 1.27516896e-01 2.52790046e+00 1.70397282e+00
    1.09997120e+01 5.36319166e-02 4.23213816e+00 1.12061634e+01
    1.24597368e+01 4.22278881e+00 8.03223324e+00 1.09484072e+01
    1.75250936e+00 7.06859064e+00 3.14603353e+00 4.23969936e+00
    2.82594323e+00 5.50603676e+00 2.47916389e+00 5.22652054e+00
    6.68814182e+00 1.03052683e+01 4.25808144e+00 3.08485937e+00
    4.92112589e+00 1.71338296e+00 5.61456347e+00 8.36643887e+00
    8.64007568e+00 1.15331707e+01 9.46536124e-01 1.27319927e+01
    8.73503399e+00 9.90892220e+00 1.05179186e+01 7.25251293e+00
    6.13419867e+00 1.00333567e+01 1.08699102e+01 1.25150652e+01
    7.12388468e+00 5.12889528e+00 1.15625715e+01 1.06837969e+01
    9.43143964e-01 8.52392387e+00 5.03090048e+00 1.13262978e+01
    1.13402023e+01 1.14636621e+01 9.65587139e+00 2.61858702e+00
    9.85146523e+00 1.15919561e+01 6.79654932e+00 2.94484639e+00
    1.18247223e+01 8.67041492e+00 6.80614948e+00 5.44402075e+00
    8.76537514e+00 2.12145448e+00 6.62449837e+00 1.20132256e+01
    7.23996925e+00 5.34921026e+00 8.03142309e-01 7.95961171e-02
    1.10001802e+01 1.27311573e+01 8.14734554e+00 1.05221920e+01
    1.13621111e+01 8.00821590e+00 6.01126146e+00 1.25159130e+01
    1.25662339e+00 9.48073578e+00 6.43328190e+00 8.27115822e+00
    7.92392874e+00 9.47644234e+00 1.30284863e+01 1.21387920e+01
    7.58661628e-01 5.67486238e+00 4.78428513e-01 1.09557524e+01
    9.02185345e+00 5.62528324e+00 2.95660400e+00 7.94433546e+00
    1.18507719e+01 7.75890827e+00 1.16769485e+01 7.06539822e+00
    1.75827575e+00 3.62640405e+00 1.06061687e+01 8.29686356e+00
    1.24193983e+01 1.27898798e+01 5.98028326e+00 1.04250679e+01
    5.53730488e+00 8.38713455e+00 4.09867853e-01 7.07603931e+00
    1.12260695e+01 1.27681494e+01 3.62799311e+00 3.92347074e+00
    1.06124983e+01 7.91627312e+00 8.63147163e+00 1.22862549e+01
    6.23395824e+00 6.56570482e+00 1.14018316e+01 4.23715830e+00
    1.16355619e+01 2.08697701e+00 5.43470430e+00 5.31627941e+00
    7.05521774e+00 7.72818708e+00 1.61897287e-01 1.26211424e+01
    2.94328117e+00 2.24222280e-02 6.05863810e+00 7.30897141e+00
    7.94836473e+00 6.60563469e+00 7.60918951e+00 5.44342613e+00
    1.29697876e+01 4.38398218e+00 8.60554028e+00 7.67412186e+00
    3.96585226e-01 1.88508940e+00 9.75545979e+00 7.10854435e+00
    1.05706615e+01 7.08287668e+00 4.99622297e+00 4.86475372e+00
    4.42539978e+00 5.59827518e+00 2.96954799e+00 9.15602303e+00
    1.08425751e+01 6.44455814e+00 9.51748133e-01 9.52907562e+00
    6.35949707e+00 9.27014732e+00 8.45305145e-01 8.01783562e+00
    2.26953316e+00 5.33874655e+00 1.17175159e+01 9.26682091e+00
    2.84163451e+00 1.36769250e-01 1.07830858e+01 1.27252884e+01
    5.49817860e-01 4.10031128e+00 7.49944031e-01 5.52913380e+00
    1.18198090e+01 1.07259960e+01 2.99668550e+00 1.30149946e+01
    5.52729464e+00 8.59444904e+00 7.93108749e+00 1.96338570e+00
    1.24520073e+01 7.17301702e+00 5.82814121e+00 7.65684080e+00
    2.17340517e+00 1.86908972e+00 3.55001879e+00 1.20251083e+01
    1.65102744e+00 1.63878143e+00 2.49733299e-01 1.68510318e+00
    1.07967281e+01 7.51146019e-01 1.18030729e+01 1.20044012e+01
    1.43662953e+00 9.04422343e-01 1.10044317e+01 3.15933764e-01
    5.27895737e+00 1.10566626e+01 1.09939547e+01 1.66066587e+00
    4.51382518e-01 5.45584679e+00 1.06003399e+01 6.33693838e+00
    6.03824198e-01 7.20023823e+00 9.54982948e+00 1.16313543e+01
    1.13994808e+01 3.91717672e+00 1.31285131e+00 2.48418546e+00
    2.60486627e+00 1.02260933e+01 9.31657982e+00 1.27363052e+01
    1.13190327e+01 6.46262836e+00 1.04897499e+01 9.94571304e+00
    9.93913174e+00 1.27055559e+01 6.88275909e+00 8.41628742e+00
    1.30115783e+00 1.27721329e+01 3.19358611e+00 9.31099892e+00
    3.70115781e+00 2.03114080e+00 6.70495749e+00 7.69786215e+00
    3.52587748e+00 4.46499634e+00 3.10958934e+00 4.07190037e+00
    9.52637959e+00 9.31546974e+00 1.06931601e+01 7.61879587e+00
    1.12309914e+01 6.87091541e+00 2.29379773e+00 1.98968208e+00
    4.85671854e+00 2.94590521e+00 4.75650936e-01 9.57904434e+00
    3.51045787e-01 1.11556816e+00 9.10831738e+00 1.78597641e+00
    2.68330455e+00 6.60564756e+00 1.06679726e+01 1.26774731e+01
    1.49303414e-02 4.76206255e+00 1.16808405e+01 1.06006317e+01
    1.10876055e+01 8.34857941e+00 1.09565859e+01 1.86717844e+00
    1.24691658e+01 9.39875364e-01 1.74249291e+00 9.44493008e+00
    5.77057076e+00 1.23804817e+01 1.07165651e+01 5.83570194e+00
    1.23690662e+01 2.70316744e+00 9.98201084e+00 8.14408684e+00
    6.54934645e+00 4.71899843e+00 6.20339394e+00 1.27331152e+01
    1.26270208e+01 1.10312014e+01 7.06275463e-01 4.49440765e+00
    5.47224140e+00 9.60777855e+00 9.40292954e-01 3.80211473e-01
    2.54075432e+00 2.13702536e+00 1.72271681e+00 8.00251579e+00
    2.83115602e+00 7.38109827e+00 5.35827637e+00 9.32360268e+00
    1.11137028e+01 7.51819563e+00 1.19836798e+01 1.01841230e+01
    1.06814218e+00 1.17702425e+00 8.71863079e+00 9.12455368e+00
    7.58552885e+00 1.02403202e+01 2.07652593e+00 6.57217789e+00
    1.08419018e+01 5.55987263e+00 1.06521139e+01 9.31175423e+00
    8.03478336e+00 1.08016396e+01 8.05542755e+00 4.30211067e+00
    1.13955507e+01 2.41540599e+00 1.90576112e+00 8.47996807e+00
    8.19226742e+00 8.01946354e+00 6.15166903e+00 1.93047333e+00
    1.22802365e+00 8.07564163e+00 1.06629944e+01 6.06916189e+00
    5.56895685e+00 1.74922335e+00 3.72475195e+00 8.38939953e+00
    5.54438353e+00 4.44492310e-01 5.19164944e+00 1.00450087e+00
    1.09414062e+01 1.04532061e+01 2.70231748e+00 1.23540764e+01
    8.64861679e+00 4.59322453e+00 9.11946011e+00 5.67670345e+00
    5.65062189e+00 4.46508360e+00 6.35396433e+00 8.02006149e+00
    8.30372810e+00 9.00929070e+00 5.19002199e+00 1.49993920e+00
    1.24054611e+00 9.53793240e+00 3.13350129e+00 4.31178570e+00
    5.70588493e+00 5.02978039e+00 1.45544231e-01 3.93143034e+00
    6.26456261e+00 4.86791658e+00 9.58983719e-01 7.98689461e+00
    7.31250763e+00 7.16179895e+00 6.48753357e+00 3.67950773e+00
    1.51422477e+00 1.07050169e+00 1.96747684e+00 1.28566194e+00
    1.30577126e+01 3.41672468e+00 1.29587336e+01 1.64766574e+00
    1.13448343e+01 2.24068642e+00 1.06323442e+01 1.22924576e+01
    1.04339752e+01 1.30842781e+01 8.32320499e+00 3.69755483e+00
    7.12876749e+00 8.04112911e+00 1.29634933e+01 3.56719637e+00
    3.84256220e+00 4.25791550e+00 2.99614453e+00 2.91171837e+00
    1.00653248e+01 1.06090772e+00 7.93433475e+00 3.23823571e+00
    8.37566185e+00 7.04931402e+00 4.99585342e+00 1.30899739e+00
    9.58558941e+00 1.02615910e+01 7.57062733e-02 8.42756271e+00
    6.27959871e+00 6.41152048e+00 8.40457630e+00 1.30432758e+01
    1.18027668e+01 2.42106581e+00 8.45404720e+00 1.13803205e+01
    1.08737135e+01 1.74986029e+00 5.93465662e+00 6.66208172e+00
    9.22242260e+00 6.33724737e+00 1.09773006e+01 1.30702343e+01
    1.09795094e+01 9.82248592e+00 9.40359116e+00 4.42176247e+00
    7.13949203e+00 5.22389460e+00 9.32944584e+00 7.82858610e+00
    1.29540186e+01 2.57746005e+00 2.94872594e+00 7.86940432e+00
    7.94061327e+00 8.74315917e-01 1.13856115e+01 1.08567142e+01
    4.28383636e+00 3.75456214e-02 1.08779278e+01 2.52859920e-01
    6.29064962e-02 1.27902565e+01 5.84893370e+00 1.01157084e+01
    5.27043915e+00 3.45403385e+00 5.27430916e+00 8.56727314e+00
    9.11478138e+00 4.92525053e+00 3.20959091e+00 4.60143834e-01
    7.50426102e+00 2.65519340e-02 1.29341621e+01 9.94300461e+00
    4.18029451e+00 1.61474240e+00 1.06453438e+01 1.46473897e+00
    4.76056129e-01 1.08667088e+01 3.49490285e+00 1.26258450e+01
    3.69343758e+00 1.26711750e+01 8.03438091e+00 2.36932135e+00
    1.05268965e+01 4.61457443e+00 1.27681932e+01 9.13449764e-01
    2.02825737e+00 3.58947086e+00 9.58789253e+00 1.12112894e+01
    1.17991667e+01 1.43170428e+00 1.11909723e+01 8.70893002e+00
    8.47883129e+00 4.34577990e+00 9.68964577e+00 5.91773129e+00
    9.25137806e+00 1.17977057e+01 1.79062712e+00 1.06022100e+01
    3.56570899e-01 1.34511545e-01 4.84938145e+00 1.22089920e+01
    8.27446175e+00 3.96194029e+00 2.41172314e+00 6.87372589e+00
    2.81550860e+00 1.11739588e+01 5.07855535e-01 9.14053059e+00
    7.43584681e+00 4.18578416e-01 9.79856300e+00 8.55093956e+00
    2.84502268e+00 8.07786179e+00 7.76592922e+00 1.00758057e+01
    1.05661845e+00 1.15088177e+00 7.47765541e-01 9.58082008e+00
    8.74785805e+00 5.57328939e+00 4.99115849e+00 1.00957651e+01
    6.24493647e+00 1.26067333e+01 4.34493542e+00 4.10183525e+00
    6.86637592e+00 1.16500950e+01 8.57734966e+00 4.84028435e+00
    4.55666018e+00 1.15974941e+01 9.34226227e+00 6.51708317e+00
    6.88671446e+00 1.30511103e+01 9.25785828e+00 8.20572186e+00
    8.35954189e+00 3.82409263e+00 5.24638557e+00 2.84855747e+00
    8.88485813e+00 2.38053942e+00 4.91578913e+00 1.02752771e+01
    1.06004324e+01 1.06674080e+01 3.44591904e+00 7.50488567e+00
    1.68677235e+00 1.18148918e+01 5.10724545e+00 4.03128433e+00
    1.05412340e+01 1.02879772e+01 3.05890012e+00 8.83335495e+00
    8.17612362e+00 8.63076401e+00 1.23591614e+01 6.58911371e+00
    7.00026941e+00 9.81481838e+00 1.13957844e+01 5.97544384e+00
    4.84246500e-02 9.54896355e+00 2.70237923e+00 2.94690847e+00
    1.22308235e+01 1.13901014e+01 2.07509708e+00 1.19681139e+01
    1.06889029e+01 7.31302404e+00 3.52869868e+00 1.18279781e+01
    1.15051746e+01 7.78468370e+00 6.12456703e+00 4.58109945e-01
    8.80980730e-01 4.87536287e+00 9.33103848e+00 8.15661907e+00
    5.05278969e+00 6.12405396e+00 7.22869217e-01 2.96236992e+00
    7.57086098e-01 1.80658925e+00 9.28510094e+00 5.63848066e+00
    5.10833311e+00 1.29390669e+01 1.22182570e+01 7.29473543e+00
    4.65906429e+00 8.97900200e+00 5.18665791e+00 6.90870810e+00
    2.18621302e+00 2.85080719e+00 5.01726818e+00 3.33940387e-01
    6.91003323e+00 1.07928810e+01 1.28026314e+01 1.25599384e+01
    1.66748202e+00 1.11390762e+01 5.25637865e+00 4.56849957e+00
    6.13666868e+00 3.79766965e+00 4.82907534e+00 7.94540310e+00
    5.76018906e+00 9.22216511e+00 8.90106392e+00 1.16926928e+01
    4.06715155e+00 8.37691116e+00 4.08037996e+00 3.77918816e+00
    1.34157896e+00 9.32749748e+00 8.29547882e+00 7.02083683e+00
    8.35815907e+00 5.36696482e+00 6.92035055e+00 5.48762798e+00
    8.51810932e+00 6.59219265e+00 4.06790066e+00 3.84798789e+00
    9.75399911e-02 1.19910231e+01 2.55864382e+00 1.22369909e+01
    8.20691586e+00 4.36783886e+00 6.53975725e-01 6.95547342e-01
    8.14079189e+00 9.73034978e-01 1.10970373e+01 6.51077223e+00
    1.12865411e-01 5.87586403e+00 1.28213663e+01 9.69113469e-01
    3.37030798e-01 1.14488153e+01 6.98460340e+00 6.79058969e-01
    1.14937096e+01 1.28208351e+01 5.39743710e+00 6.07230282e+00
    9.77398300e+00 9.31340122e+00 9.97801208e+00 1.23559117e+00
    6.25741720e+00 1.25887728e+01 1.18876572e+01 6.10467434e+00
    2.59966850e+00 2.56406045e+00 2.02177429e+00 5.57378721e+00
    6.83771992e+00 3.81711781e-01 1.09848537e+01 9.22249973e-01
    9.35295105e+00 1.10679979e+01 2.90850830e+00 7.71194458e+00
    1.28109045e+01 1.24084892e+01 6.30512476e+00 6.70085382e+00
    9.84659481e+00 8.13210392e+00 7.46312857e+00 4.00019503e+00
    7.91520298e-01 2.98444319e+00 4.83740664e+00 9.96250916e+00
    1.16631527e+01 6.00529766e+00 5.31850576e+00 1.07135658e+01
    9.00097942e+00 1.12244844e+01 6.66804790e-01 4.15013313e+00
    1.17133560e+01 1.27254124e+01 3.06921577e+00 3.74142766e+00
    9.09319282e-01 3.82099676e+00 9.68368149e+00 3.95083904e+00
    1.00395203e+01 4.86501694e+00 4.38554525e+00 4.98815823e+00
    1.18565750e+00 8.66930103e+00 4.80459309e+00 9.06320477e+00
    1.08373938e+01 1.00187559e+01 3.80470371e+00 2.99026299e+00
    9.97537231e+00 1.30065322e+00 2.13299441e+00 6.87747002e-01
    1.36947107e+00 7.33780622e+00 1.15122509e+01 1.29375486e+01
    1.08547373e+01 6.14556551e+00 9.53937435e+00 8.58131051e-02
    7.43874073e+00 3.15773535e+00 3.74933720e+00 9.15451622e+00
    7.65268660e+00 9.06609821e+00 1.10798073e+01 9.39840698e+00
    6.83136129e+00 1.13044052e+01 4.35357761e+00 9.98668432e-01
    8.00912857e+00 8.20246124e+00 6.90818787e+00 1.14281654e+01
    7.93822050e+00 1.14780540e+01 1.01085377e+01 4.66844463e+00
    6.57531929e+00 2.17315316e+00 1.02174807e+01 1.07512617e+00
    6.28652573e+00 1.35890925e+00 4.45538092e+00 5.09106207e+00
    1.99828637e+00 9.53247166e+00 2.92613935e+00 7.23456192e+00
    3.24871922e+00 1.08121672e+01 2.24794865e+00 2.88134265e+00
    5.40733051e+00 1.21123819e+01 4.56468010e+00 3.16011810e+00
    6.25207567e+00 5.80883837e+00 1.02324493e-01 9.40979385e+00
    1.11432114e+01 7.37553406e+00 1.67132258e+00 8.36113358e+00
    2.91776514e+00 1.18636646e+01 9.50366974e-01 1.25164900e+01
    1.88391268e+00 9.22403049e+00 6.37302256e+00 5.15799284e+00
    8.74973297e+00 5.14339304e+00 3.08462173e-01 9.19478238e-01
    3.83432508e+00 1.20479012e+01 6.50106239e+00 1.09039116e+01
    7.91022778e+00 7.22769117e+00 9.30484009e+00 4.09937382e+00
    9.50302982e+00 4.64644623e+00 1.71336734e+00 3.20977139e+00
    1.26975136e+01 1.25251799e+01 2.06877589e+00 9.69866180e+00
    1.33059502e+00 2.57260776e+00 1.28230753e+01 6.61262929e-01
    1.25546751e+01 1.25641556e+01 2.70342875e+00 5.91098642e+00
    7.10113525e-01 6.75565243e+00 2.03065324e+00 2.97323656e+00
    6.71677351e+00 3.09730673e+00 8.99745750e+00 7.84989405e+00
    3.76934671e+00 8.49921131e+00 4.08884001e+00 1.60711575e+00
    3.55641270e+00 4.10179424e+00 1.04880409e+01 9.75933075e-01
    1.16508734e+00 4.52736807e+00 2.69236994e+00 1.20209541e+01
    5.38384628e+00 1.41603780e+00 7.43056774e+00 9.87588120e+00
    7.54623175e+00 1.08848743e+01 9.93136215e+00 4.02596235e+00
    7.39728308e+00 3.89584708e+00 1.04473276e+01 4.56405282e-01
    2.04335403e+00 1.06378269e+01 2.48573589e+00 2.44218779e+00
    5.11768758e-02 9.37018299e+00 3.58344674e+00 9.31818390e+00
    2.09146190e+00 7.95734549e+00 8.48056126e+00 5.35208225e+00
    1.01840858e+01 7.51174879e+00 6.73875999e+00 1.17860031e+00
    1.34018004e+00 1.09344273e+01 1.85802925e+00 6.77003622e+00
    3.42227840e+00 8.21520615e+00 1.45314479e+00 7.49236393e+00
    1.52853179e+00 5.10639381e+00 4.93581820e+00 1.25177603e+01
    2.54939413e+00 9.76195049e+00 1.04546461e+01 9.82738113e+00
    2.98159051e+00 9.89115620e+00 4.10496473e+00 2.75279689e+00
    1.11150026e+01 1.77824807e+00 8.63407421e+00 8.14267874e-01
    2.28894305e+00 1.27370253e+01 9.85303581e-01 9.62892622e-02
    1.59460616e+00 1.68888319e+00 1.15368958e+01 3.09282207e+00
    1.09181643e+01 7.53542566e+00 1.41283107e+00 9.94552708e+00
    4.42233801e+00 1.24161100e+01 8.30044937e+00 1.16397977e+00
    1.13114729e+01 1.88175797e+00 2.77219820e+00 1.11338797e+01
    1.15685682e+01 4.64786720e+00 5.11178207e+00 6.80062056e+00
    7.54473066e+00 1.26457548e+01 7.98594427e+00 1.22069530e+01
    1.35917628e+00 5.61566639e+00 1.95155489e+00 8.15673161e+00
    8.85620880e+00 5.37552691e+00 4.02346134e+00 9.33032227e+00
    4.22314072e+00 9.05149937e+00 9.88457918e-01 1.13724632e+01
    1.25606413e+01 8.28358269e+00 1.57178783e+00 1.89297223e+00
    1.00016346e+01 1.53827119e+00 1.05872154e+01 6.16750288e+00
    8.25870228e+00 1.02518959e+01 8.80497575e-01 1.12336760e+01
    1.75284517e+00 1.99645197e+00 1.10313749e+01 8.45672321e+00
    6.04949903e+00 1.10192614e+01 1.29398108e+01 2.27414918e+00
    3.25800657e+00 1.13763380e+01 8.98239994e+00 8.00118637e+00
    1.06056511e+00 1.30387001e+01 9.17363930e+00 6.03248453e+00
    5.16432047e-01 1.04340363e+01 3.83429933e+00 1.20724154e+01
    1.04388132e+01 7.99066591e+00 7.94292927e+00 3.38925362e-01
    6.05531263e+00 1.70913279e-01 3.15048122e+00 1.05989015e+00
    8.14987242e-01 7.96274006e-01 1.87957311e+00 4.14955521e+00
    5.86847544e+00 1.25536957e+01 9.64317226e+00 9.00295544e+00
    1.48147583e+00 3.80253673e+00 1.01228294e+01 7.04884148e+00
    5.34881830e+00 1.21598387e+01 1.15101309e+01 2.01139402e+00
    8.64305401e+00 1.51184702e+00 6.34651780e-01 2.09301925e+00
    8.42357731e+00 1.03808823e+01 5.32017136e+00 8.47577631e-01
    2.65546441e+00 6.43175793e+00 1.10437641e+01 4.01078987e+00
    1.18490839e+01 7.93122005e+00 1.27099867e+01 8.19151306e+00
    6.35455036e+00 9.41158485e+00 1.02536125e+01 2.83952653e-01
    2.79088557e-01 9.98574448e+00 2.46812224e+00 5.13655710e+00
    1.59918773e+00 1.14140968e+01 1.70303726e+00 1.61788449e-01
    4.47313881e+00 9.57784462e+00 8.68969631e+00 3.54417324e+00
    1.18605871e+01 1.37147260e+00 5.76897526e+00 8.37876415e+00
    1.06070671e+01 8.08861637e+00 2.89202839e-01 2.85339403e+00
    6.72034025e+00 1.67894828e+00 4.32643509e+00 1.25518265e+01
    5.96137476e+00 7.28558064e+00 5.89351282e-02 7.94588995e+00
    4.09558964e+00 8.39089584e+00 9.07225418e+00 1.22731991e+01
    9.25778580e+00 2.79663372e+00 1.26511116e+01 4.15420198e+00
    1.13505573e+01 6.86331034e+00 6.31565857e+00 7.16202593e+00
    6.12284851e+00 5.96010923e+00 5.64615917e+00 2.62411380e+00
    4.48235893e+00 2.36128592e+00 9.74225712e+00 3.79157948e+00
    9.55689526e+00 9.31598568e+00 2.10048819e+00 4.54728127e+00
    2.77288628e+00 6.50574493e+00 4.46930170e+00 8.95200539e+00
    9.33270645e+00 1.66345596e+00 3.87615323e+00 1.25504570e+01
    5.55589533e+00 1.20440168e+01 1.13301573e+01 1.06197357e+01
    2.69259882e+00 1.16383953e+01 2.13604164e+00 1.30761070e+01
    9.93014693e-01 8.03824615e+00 3.20081973e+00 1.24493952e+01
    7.93134594e+00 1.27327013e+01 6.09786367e+00 1.30821962e+01
    8.63282013e+00 1.66414618e+00 6.85031700e+00 1.66219020e+00
    1.19818888e+01 4.04210806e+00 7.41532469e+00 3.72493696e+00
    7.68482590e+00 5.25429773e+00 8.26830101e+00 7.91801643e+00
    9.96090317e+00 7.50435448e+00 1.18366423e+01 5.27346087e+00
    9.23834229e+00 6.66780567e+00 5.61706734e+00 9.43359947e+00
    1.12836237e+01 4.75120926e+00 1.00519075e+01 9.12667847e+00
    2.02905440e+00 1.22118492e+01 8.39125729e+00 1.19197121e+01
    1.42368770e+00 5.86738348e-01 5.59603357e+00 6.61891222e-01
    5.03973103e+00 2.37936306e+00 8.39076710e+00 2.63216186e+00
    9.97930336e+00 3.22991419e+00 1.19585571e+01 1.06394444e+01
    1.12800665e+01 6.53768492e+00 8.99592781e+00 5.83902597e+00
    2.68906087e-01 7.11640263e+00 5.89248180e+00 3.49357748e+00
    9.64485359e+00 1.10913725e+01 1.62769639e+00 9.51681805e+00
    3.47992730e+00 1.66624594e+00 2.34762025e+00 5.72587442e+00
    1.15396500e+01 1.11874428e+01 7.93238223e-01 7.01269054e+00
    6.52250424e-02 3.90273124e-01 9.36835480e+00 8.26647758e+00
    6.84392309e+00 1.11969023e+01 1.79485098e-01 2.48636460e+00
    2.17590833e+00 1.18046179e+01 3.38245416e+00 2.46253228e+00
    1.17486086e+01 5.07888746e+00 3.72708917e+00 9.70013142e+00
    8.94276142e+00 6.29077530e+00 9.22949028e+00 2.56138492e+00
    5.13457966e+00 8.24717617e+00 5.68391180e+00 8.36741161e+00
    1.22050657e+01 1.34959686e+00 3.79813004e+00 8.48393345e+00
    1.06596069e+01 3.01648188e+00 1.22024984e+01 1.70010591e+00
    1.14305792e+01 6.21875954e+00 1.13357821e+01 1.30744028e+01
    1.01161499e+01 1.21854572e+01 9.10992432e+00 7.38186359e+00
    1.09370337e+01 8.09450340e+00 1.03006611e+01 1.03656988e+01
    3.76398057e-01 4.58781052e+00 5.57730484e+00 9.27217102e+00
    5.37894487e+00 9.16435480e-01 5.61332285e-01 8.98225307e-01
    1.00054121e+01 9.27611768e-01 1.71731904e-01 3.89391875e+00
    8.73239231e+00 4.09399414e+00 1.00669966e+01 8.21853161e+00
    5.15177155e+00 1.26595802e+01 1.04469471e+01 4.77036667e+00
    9.94066334e+00 8.25233459e+00 4.58280754e+00 6.21884298e+00
    2.30705070e+00 9.27552128e+00 4.29060316e+00 2.18475580e+00
    2.57719135e+00 5.63870382e+00 5.71123981e+00 3.43511009e+00
    1.28958855e+01 7.18218756e+00 1.22212877e+01 1.69272959e+00
    5.59382868e+00 5.98641539e+00 7.84998655e+00 1.12411737e+01
    7.75193405e+00 6.17740583e+00 4.53777456e+00 7.24008846e+00
    4.12330437e+00 8.72739315e+00 1.19364386e+01 1.21179543e+01
    7.01726139e-01 8.66772747e+00 5.05886030e+00 8.01703453e+00
    1.20150089e+01 8.06312084e+00 5.98826504e+00 6.41434574e+00
    6.66196156e+00 7.65350151e+00 3.03180361e+00 1.29304705e+01
    7.92949915e+00 9.30463219e+00 6.18622589e+00 1.08223896e+01
    1.29642096e+01 1.20582218e+01 7.52583075e+00 1.16242170e+01
    9.70131969e+00 1.16122685e-01 6.16530561e+00 6.16499329e+00
    1.14291124e+01 1.21961689e+01 4.27201301e-01 2.15197301e+00
    9.72066402e+00 8.43956661e+00 1.13146124e+01 2.72304702e+00
    2.70518374e+00 6.49735165e+00 1.29633081e+00 6.91561079e+00
    1.55498397e+00 2.54303813e+00 5.43584871e+00 7.31177521e+00
    5.22045517e+00 4.43476629e+00 7.50067234e-01 1.13986731e+01
    1.17645741e+01 2.70145392e+00 1.11540337e+01 5.46665049e+00
    4.70942974e+00 3.35796475e+00 5.57803631e+00 7.50342131e+00
    5.32038307e+00 7.46922791e-02 1.10836296e+01 9.94340241e-01
    2.74827361e+00 3.51319265e+00 4.66595316e+00 1.28302107e+01
    4.96471834e+00 1.14936209e+01 9.29484177e+00 9.25350094e+00
    7.35168839e+00 1.66304696e+00 1.07876587e+01 9.17674541e+00
    1.66633809e+00 5.17740202e+00 3.51912260e+00 1.82795763e+00
    1.21936102e+01 3.16855574e+00 5.86133718e+00 5.80903530e+00
    3.35253453e+00 9.32058144e+00 3.64285016e+00 8.31042004e+00
    1.09965162e+01 1.96675313e+00 3.53798819e+00 1.21578064e+01
    3.30538511e+00 5.02953720e+00 1.18594341e+01 6.90005255e+00
    1.05586824e+01 6.35510874e+00 7.51294231e+00 5.99985075e+00
    1.24284975e-01 6.32947326e-01 9.25401115e+00 9.50646019e+00
    8.15067387e+00 8.00409794e+00 6.99745083e+00 1.20437269e+01
    5.75078547e-01 1.76259053e+00 6.77727938e+00 2.73059845e+00
    5.94534016e+00 7.05765426e-01 8.77909946e+00 4.19339716e-01
    7.48516512e+00 9.64725780e+00 1.09998150e+01 3.96510333e-01
    1.16767349e+01 4.04810143e+00 1.25396576e+01 1.53073096e+00
    3.24302340e+00 9.47273350e+00 7.20140648e+00 1.22812243e+01
    1.21619511e+01 6.33668518e+00 1.17805023e+01 1.05773830e+00
    8.91798210e+00 9.46266365e+00 3.67645359e+00 6.98058844e+00
    2.82593703e+00 8.01837349e+00 5.75142336e+00 1.53772974e+00
    1.29468403e+01 9.04495907e+00 7.60678244e+00 9.97625732e+00
    1.29369898e+01 7.64130449e+00 1.29699302e+00 1.08770847e+01
    7.91845751e+00 6.29742908e+00 2.48928759e-02 4.25897956e-01
    1.02923765e+01 7.43635130e+00 1.37544298e+00 1.57186234e+00
    1.00093765e+01 5.62239885e+00 1.88191986e+00 1.29196138e+01
    1.14936752e+01 2.32458279e-01 1.95222938e+00 2.06450391e+00
    2.11613274e+00 2.30787325e+00 5.77951097e+00 4.97034550e+00
    9.15049136e-01 5.78257513e+00 1.92104411e+00 2.14261508e+00
    9.86721516e+00 1.18556595e+01 4.39250278e+00 7.03384733e+00
    1.27575314e+00 8.90692043e+00 6.70618916e+00 1.67182162e-01
    1.13669434e+01 1.19977274e+01 6.43988037e+00 1.03751621e+01
    3.47789675e-01 4.20304596e-01 1.07923555e+00 1.17484188e+01
    7.88823700e+00 4.97214890e+00 2.57794404e+00 5.53305817e+00
    9.70046139e+00 1.26942110e+01 2.88564157e+00 1.67728558e-01
    9.94869423e+00 3.64982724e+00 6.61308098e+00 1.52580512e+00
    7.18017721e+00 3.77636743e+00 8.95740795e+00 7.43919897e+00
    5.55535078e+00 1.28053331e+01 6.07615376e+00 4.73062992e+00
    3.27888787e-01 1.00480146e+01 1.15171461e+01 1.68321836e+00
    2.22251940e+00 4.94060457e-01 4.57114363e+00 7.61246157e+00
    2.38198304e+00 1.17816658e+01 6.27594280e+00 1.25045538e+00
    9.02789211e+00 2.50141144e+00 4.39359331e+00 7.40814161e+00
    1.06486454e+01 2.51432538e+00 1.29208431e+01 7.11928964e-01
    6.78666115e+00 8.12423420e+00 7.62687540e+00 7.67052591e-01
    7.30627012e+00 5.69914246e+00 3.58523369e+00 5.68772614e-01
    4.20838308e+00 2.26966882e+00 1.02549772e+01 1.88815045e+00
    9.73763084e+00 2.91947675e+00 3.73602986e+00 1.06310501e+01
    7.09340858e+00 8.45431328e+00 2.62074733e+00 3.70682335e+00
    1.05170555e+01 5.19451809e+00 2.35262585e+00 6.82457399e+00
    3.79030633e+00 8.69429111e+00 5.34216738e+00 1.02791710e+01
    3.19763637e+00 3.62224221e+00 1.27232132e+01 1.19842463e+01
    1.11449671e+01 8.36631870e+00 1.15901127e+01 9.79828548e+00
    5.39229298e+00 3.35460258e+00 3.49616957e+00 9.16451645e+00
    1.12064190e+01 5.72130775e+00 6.74876833e+00 8.80107498e+00
    9.98065662e+00 1.59053361e+00 4.29179573e+00 4.85724974e+00
    2.35921890e-01 5.12359333e+00 7.21850061e+00 9.58302307e+00
    1.47249365e+00 1.69362581e+00 4.10153532e+00 3.57955503e+00
    3.44686604e+00 1.23384476e+01 2.33993506e+00 5.18595505e+00
    9.60419941e+00 8.98166752e+00 9.30649757e+00 8.70257854e+00
    1.41708231e+00 5.87539148e+00 3.17273569e+00 6.90936899e+00
    4.11699343e+00 3.18889332e+00 4.27380991e+00 8.62639809e+00
    9.45827484e+00 1.24130573e+01 3.21512604e+00 1.25924139e+01
    9.87439060e+00 1.29442084e+00 4.41778660e+00 6.24901438e+00
    2.25238204e+00 3.11957717e+00 6.01423359e+00 3.19694448e+00
    1.24179327e+00 1.17437391e+01 7.24627638e+00 1.24736547e+01
    7.73513365e+00 5.27841902e+00 9.08184910e+00 1.84083551e-01
    9.12760925e+00 9.35684586e+00 7.05046415e+00 1.17138605e+01
    1.37957573e-01 3.62482524e+00 2.65453362e+00 1.15044403e+00
    4.73742104e+00 1.24253349e+01 3.31411624e+00 1.59345460e+00
    3.46305943e+00 2.60745931e+00 3.01860046e+00 6.51386499e+00
    8.06010437e+00 4.02969408e+00 9.57710457e+00 8.62910080e+00
    1.16109638e+01 5.12586212e+00 1.31732857e+00 8.14947128e+00
    7.31093884e+00 1.08839006e+01 2.59517479e+00 2.46970606e+00
    1.07052307e+01 3.56685328e+00 8.26626301e+00 7.85208225e+00
    1.24077005e+01 1.01599264e+01 8.36521244e+00 8.84476185e+00
    3.39960456e-01 1.16121702e+01 1.02571125e+01 6.60987759e+00
    6.18482351e+00 3.34003496e+00 2.27706027e+00 5.44780540e+00
    1.24985352e+01 1.26507998e+01 7.33375454e+00 6.18282890e+00
    3.57458019e+00 8.50687695e+00 5.95157385e+00 1.24299564e+01
    8.66291344e-01 1.02455492e+01 9.54771233e+00 6.87306547e+00
    7.00558567e+00 8.64325809e+00 1.15368109e+01 3.27065754e+00
    7.27844000e+00 4.49783373e+00 9.66625023e+00 4.06882000e+00
    9.85299969e+00 8.70034409e+00 2.45831537e+00 4.09304953e+00
    8.28492069e+00 4.33871174e+00 1.86507702e+00 4.66009903e+00
    1.00424280e+01 8.38880634e+00 9.78677809e-01 1.28437023e+01
    1.18667483e+00 9.57643700e+00 9.34614086e+00 8.14620590e+00
    1.20502272e+01 3.15237117e+00 1.56277490e+00 3.50988418e-01
    8.99377060e+00 7.42409611e+00 1.14185114e+01 6.28352213e+00
    5.73753881e+00 1.13084650e+01 1.55700946e+00 2.38884354e+00
    3.81268978e+00 4.86211967e+00 9.82399845e+00 1.82185858e-01
    1.22565699e+01 5.38651562e+00 2.92991138e+00 2.32984114e+00
    1.20971031e+01 8.82842064e+00 2.91488338e+00 4.54994202e+00
    5.49095608e-02 5.92385626e+00 8.80774117e+00 9.34356117e+00
    9.20803905e-01 5.80120707e+00 3.30306315e+00 8.26917410e-01
    5.68651438e+00 1.01280928e+01 1.89956689e+00 1.25306768e+01
    6.67427969e+00 1.12497492e+01 3.81147432e+00 3.77626371e+00
    5.07240677e+00 7.33304501e+00 7.68206072e+00 3.12825418e+00
    6.81012964e+00 1.20541449e+01 9.25035381e+00 4.22498226e+00
    6.05601597e+00 5.12671661e+00 5.16268730e+00 3.97237271e-01
    5.76961470e+00 8.64621639e+00 2.61613274e+00 4.51086140e+00
    6.49474907e+00 1.00212231e+01 1.06567001e+01 4.89394045e+00
    1.11524611e+01 7.30221033e+00 1.26630888e+01 1.24756794e+01
    2.64706326e+00 6.47668743e+00 1.09680290e+01 3.88712287e-01
    3.25381804e+00 7.59201813e+00 9.51339054e+00 1.04984694e+01
    1.08639574e+01 7.81818330e-01 1.10805273e+00 6.66970062e+00
    1.29031668e+01 9.84412670e+00 2.61725950e+00 2.51732302e+00
    7.75175869e-01 4.15077257e+00 8.31014824e+00 7.62855577e+00
    9.84007072e+00 7.17844629e+00 7.29476500e+00 1.18695974e+01
    6.12034369e+00 1.03695183e+01 9.02176857e+00 6.74296761e+00
    1.61751449e+00 3.44566631e+00 2.13820982e+00 1.24743760e+00
    1.00028124e+01 4.22182465e+00 1.26416588e+01 8.04764366e+00
    9.54765224e+00 9.07891941e+00 9.14556921e-01 1.49088275e+00
    9.37300777e+00 6.47126293e+00 9.11503971e-01 7.61017609e+00
    5.24328327e+00 1.28583946e+01 7.34192801e+00 1.05629511e+01
    6.45929337e-01 1.27869186e+01 2.91200948e+00 1.03567963e+01
    6.59370899e+00 1.07670364e+01 9.05755806e+00 8.11405945e+00
    6.21734667e+00 1.01974268e+01 3.86398405e-01 8.36369705e+00
    9.14864254e+00 1.11276045e+01 7.04936218e+00 4.44350147e+00
    1.03086414e+01 4.69406414e+00 1.44495058e+00 4.06051779e+00
    9.18251133e+00 4.35924578e+00 5.37107468e+00 9.65667629e+00
    1.16024418e+01 9.94996643e+00 4.16738480e-01 9.34127426e+00
    3.37838864e+00 3.14437938e+00 5.58548975e+00 3.56288218e+00
    8.68651962e+00 3.48326826e+00 6.10282087e+00 1.03900471e+01
    1.00931959e+01 1.23751974e+01 1.05669653e+00 3.02045679e+00
    6.09837818e+00 1.23473320e+01 3.32473969e+00 7.26094294e+00
    5.75593233e+00 9.29062462e+00 7.90001249e+00 3.76003551e+00
    2.65241194e+00 4.05143976e+00 9.60443783e+00 1.13698559e+01
    5.92777824e+00 1.09228659e+01 1.90200937e+00 1.22462931e+01
    5.35058117e+00 3.14108562e+00 1.26955652e+01 1.01893015e+01
    1.27161989e+01 8.05727673e+00 7.80663395e+00 1.27157202e+01
    7.61996031e+00 7.83045006e+00 1.27573891e+01 1.67591560e+00
    3.18358970e+00 2.87831259e+00 7.46178150e+00 1.03614664e+01
    3.68459058e+00 6.08460188e+00 1.15772066e+01 1.01466904e+01
    7.09790945e+00 9.31866455e+00 7.15239048e+00 9.49809647e+00
    5.06484461e+00 2.39488912e+00 9.62332821e+00 1.15739737e+01
    8.25537777e+00 1.20999308e+01 1.16463351e+00 1.63254678e+00
    1.06780891e+01 4.46008158e+00 5.91457415e+00 9.28727150e+00
    1.80709755e+00 1.04995847e+00 3.14481044e+00 1.93074977e+00
    1.72098291e+00 3.44493961e+00 1.11948738e+01 7.06696796e+00
    8.65930989e-02 7.02235222e+00 2.35645652e+00 4.49448538e+00
    8.91205025e+00 6.95127845e-01 1.18137550e+01 5.37783766e+00
    1.06967707e+01 3.82601452e+00 7.19224977e+00 9.13828945e+00
    8.94829178e+00 1.00286093e+01 7.41877890e+00 1.19399261e+01
    9.76717663e+00 9.86969185e+00 5.00524616e+00 8.29117870e+00
    5.65192842e+00 9.87285519e+00 2.76373434e+00 2.93873954e+00
    1.79411733e+00 6.73992300e+00 1.30529833e+01 1.00519295e+01
    7.28101492e+00 6.45198154e+00 3.11007953e+00 1.47976935e+00
    2.82706022e+00 5.91626501e+00 7.55446243e+00 7.13450050e+00
    4.94873285e+00 4.89211702e+00 5.43157721e+00 1.00257117e-02
    5.10580420e-01 2.80407143e+00 9.38423443e+00 1.22297878e+01
    7.49826860e+00 8.52834415e+00 8.17773056e+00 2.08600736e+00
    9.03285503e+00 9.66668606e-01 6.87622547e-01 5.29686594e+00
    8.75677490e+00 1.22799511e+01 5.72103024e+00 7.03268433e+00
    7.35472250e+00 4.85249519e+00 8.17185402e-01 2.40161568e-02
    7.73408270e+00 9.25604820e+00 3.19873595e+00 1.21392555e+01
    8.08153439e+00 1.15579138e+01 1.26624250e+01 1.14774952e+01
    3.03233814e+00 1.23547430e+01 1.88440096e+00 1.15072286e+00
    2.05236244e+00 1.57353021e-02 9.31569290e+00 1.25148573e+01
    7.73695135e+00 2.71567488e+00 2.89750099e+00 3.01022458e+00
    6.43226719e+00 6.88298655e+00 7.10585713e-01 7.11051464e+00
    1.09043674e+01 9.97693634e+00 1.13404884e+01 8.47607803e+00
    6.05410910e+00 9.53439426e+00 2.91079640e+00 5.28101158e+00
    6.09287977e+00 9.29149055e+00 1.08295441e+01 1.08734694e+01
    3.12169820e-01 5.56403971e+00 6.55871344e+00 7.03598738e+00
    1.25092382e+01 5.37742233e+00 9.41960430e+00 2.05145001e+00
    4.51171207e+00 4.57865858e+00 4.00889874e+00 8.16081333e+00
    2.51198840e+00 1.28227377e+01 8.25031662e+00 6.79418993e+00
    1.27423544e+01 8.88383961e+00 3.43225789e+00 3.21050644e+00
    2.90191388e+00 1.26673431e+01 5.27652454e+00 7.50895882e+00
    6.59481430e+00 4.07277918e+00 1.19332190e+01 3.90422702e+00
    1.03541641e+01 5.26723385e+00 1.21706324e+01 1.04916906e+01
    8.99361014e-01 5.72166538e+00 7.33346865e-02 2.52312469e+00
    1.24949036e+01 1.28870611e+01 1.58469057e+00 4.83932877e+00
    9.54333305e+00 7.35696268e+00 8.92903709e+00 9.30508900e+00
    8.32231426e+00 4.59002638e+00 1.11458006e+01 7.31658888e+00
    5.69134140e+00 7.65710211e+00 6.11130619e+00 5.97466660e+00
    9.10891628e+00 5.40324306e+00 2.35510755e+00 4.59856844e+00
    7.09953880e+00 6.44523430e+00 6.65433121e+00 6.39155054e+00
    7.28885710e-01 1.30122986e+01 1.58097923e-01 2.39115596e+00
    3.18730497e+00 9.11412001e-01 8.72280884e+00 5.42955256e+00
    1.29203949e+01 1.22294941e+01 1.37358558e+00 5.78428507e+00
    1.05089293e+01 1.19805727e+01 9.78946304e+00 4.34009027e+00
    7.75962353e+00 7.51856565e+00 4.82979918e+00 1.29824181e+01
    1.08266993e+01 2.32869458e+00 6.19055510e+00 1.07192945e+01
    3.40467954e+00 8.31675339e+00 1.27943885e+00 1.04953671e+01
    9.50917149e+00 4.18469667e+00 5.93080235e+00 4.30891752e+00
    3.75168467e+00 6.55753517e+00 1.27298975e+01 5.64833689e+00
    2.25087667e+00 1.75258183e+00 8.89836979e+00 7.48571873e+00
    7.76032305e+00 5.58483791e+00 6.09576797e+00 2.10451579e+00
    8.48931503e+00 3.53904510e+00 1.24416142e+01 1.29763308e+01
    9.60217094e+00 1.09323826e+01 3.90915394e-01 1.06810465e+01
    1.67349744e+00 1.26621532e+01 3.64109540e+00 1.80046305e-01
    4.30488539e+00 6.62972164e+00 5.41853952e+00 3.76943922e+00
    7.93359852e+00 8.19040239e-01 1.24746811e+00 4.61725330e+00
    1.02508736e+00 8.11473560e+00 5.60417223e+00 5.55034494e+00
    4.57785654e+00 7.10901594e+00 8.82888412e+00 4.16313982e+00
    1.32719481e+00 1.01964455e+01 1.15327082e+01 6.15530109e+00
    8.15681839e+00 4.13080406e+00 1.11181097e+01 9.88552475e+00
    1.07450733e+01 3.62657285e+00 1.04117346e+00 5.85815191e+00
    6.46733379e+00 9.72012043e+00 1.09436769e+01 7.72216749e+00
    6.14730167e+00 1.06202383e+01 7.00301743e+00 4.26696587e+00
    6.29184723e+00 9.38844967e+00 5.13384056e+00 1.25677824e+01
    6.65184975e+00 1.18607426e+01 3.09360123e+00 8.73184109e+00
    4.26579857e+00 3.29482150e+00 3.57890677e+00 9.00535774e+00
    6.54017544e+00 4.79564333e+00 8.29510975e+00 5.47855759e+00
    4.70212030e+00 4.94630098e+00 3.31725430e+00 5.74135876e+00
    8.52859402e+00 8.92177200e+00 4.32732058e+00 4.25145769e+00
    9.60132885e+00 5.82437229e+00 6.40266943e+00 9.92471504e+00
    4.50472927e+00 9.17895222e+00 5.42764807e+00 1.16373720e+01
    8.07806873e+00 1.32457876e+00 1.13520586e+00 1.13738031e+01
    5.93552637e+00 5.90443707e+00 1.23912811e+01 6.07225561e+00
    1.24572878e+01 7.35696363e+00 3.19374871e+00 4.70008039e+00
    5.87750006e+00 9.52231121e+00 7.17288637e+00 4.74719477e+00
    1.20605974e+01 1.15466290e+01 1.35486770e+00 4.44698763e+00
    8.17182302e-01 1.24460726e+01 4.10746241e+00 1.42621994e+00
    8.47850800e+00 1.29530058e+01 3.08188736e-01 8.50756550e+00
    6.70214891e+00 1.14371109e+01 7.72987366e+00 6.59889460e+00
    1.04268265e+01 5.27246380e+00 1.07990713e+01 9.89063931e+00
    1.04707184e+01 8.94799900e+00 1.02842379e+01 1.65436536e-01
    1.30144310e+01 7.71032953e+00 5.84621334e+00 3.06618452e+00
    6.36493158e+00 1.21161880e+01 7.95040798e+00 4.42851019e+00
    5.22407627e+00 1.26290541e+01 1.01546144e+01 1.66677558e+00
    1.20162935e+01 4.44887400e+00 6.62249660e+00 7.85774514e-02
    7.81998873e+00 4.34808111e+00 2.09245753e+00 4.39427137e+00
    9.61570644e+00 1.24625883e+01 3.40522480e+00 1.05251827e+01
    8.52248383e+00 1.25431213e+01 4.00057405e-01 6.64848983e-01
    6.47537851e+00 6.80863237e+00 1.05552387e+01 6.54134929e-01
    4.26469564e+00 8.64881611e+00 8.15207863e+00 1.58658588e+00
    3.19419909e+00 3.75347018e+00 3.24758458e+00 6.36089230e+00
    3.10339093e+00 3.32999516e+00 5.40655279e+00 2.04025531e+00
    1.30114527e+01 6.29191351e+00 1.05935783e+01 1.10722532e+01
    6.52078748e-01 6.47962046e+00 1.07061977e+01 7.91116714e+00
    1.05578394e+01 1.05833797e+01 3.50316072e+00 8.01947308e+00
    1.08005190e+01 4.86088610e+00 9.33779716e+00 1.03051634e+01
    1.03848143e+01 1.53925622e+00 3.00187635e+00 4.01153612e+00
    3.47426796e+00 1.11949577e+01 9.30219460e+00 8.40595531e+00
    1.17122383e+01 7.17174625e+00 1.00525055e+01 6.83886623e+00
    8.03798294e+00 8.00735474e+00 1.03368797e+01 1.05553591e+00
    1.04034386e+01 6.86934566e+00 6.58846521e+00 1.00163918e+01
    8.62272072e+00 2.76170731e+00 2.01156759e+00 1.74366724e+00
    4.32953739e+00 1.26255074e+01 1.07782459e+01 9.84928608e+00
    1.02774215e+00 1.11376934e+01 9.75804424e+00 8.84494185e-01
    1.23363161e+01 3.10029197e+00 5.41285181e+00 1.28021135e+01
    5.67037868e+00 2.80667162e+00 1.23995676e+01 5.85173845e+00
    3.25371957e+00 7.87416792e+00 7.10509872e+00 5.96046352e+00
    9.98235703e+00 2.97865009e+00 9.46443939e+00 3.81504393e+00
    7.76814747e+00 4.40257359e+00 4.37344170e+00 4.55606794e+00
    3.27916622e+00 1.12190027e+01 5.18235254e+00 3.59306026e+00
    1.21567736e+01 1.03260813e+01 1.09723673e+01 2.59489846e+00
    5.07355547e+00 2.90358663e+00 1.07527399e+01 1.35530615e+00
    4.50343609e+00 1.02025013e+01 1.01010799e+01 4.82519531e+00
    1.54089975e+00 1.19793739e+01 1.08934994e+01 2.76881051e+00
    9.29094982e+00 6.56655598e+00 7.03596020e+00 3.78167796e+00
    4.08975744e+00 9.79761124e+00 1.25260324e+01 9.59024811e+00
    4.74724150e+00 1.78079545e+00 1.41332114e+00 5.68879068e-01
    6.60174942e+00 6.94345236e+00 5.63727665e+00 6.40538740e+00
    7.83939004e-01 1.14050281e+00 1.35786808e+00 2.92437196e+00
    2.73076630e+00 7.25794792e+00 9.39459419e+00 7.99957705e+00
    1.12963371e+01 2.00456643e+00 1.22102690e+01 4.60382700e+00
    1.20957546e+01 2.75683713e+00 9.95440578e+00 1.05177946e+01
    9.21094608e+00 1.23772755e+01 4.76638794e+00 3.56071305e+00
    1.09050341e+01 1.24928989e+01 9.23925018e+00 1.13863885e+00
    1.17063160e+01 4.64181089e+00 1.49619532e+00 1.68002152e+00
    6.90244436e+00 1.26731815e+01 9.01710701e+00 3.78857231e+00
    8.73306021e-02 7.27063656e+00 6.39944935e+00 1.10858049e+01
    6.06393862e+00 4.81001043e+00 6.72221231e+00 1.17070694e+01
    6.94751596e+00 1.12880039e+01 4.30950642e+00 9.80448055e+00
    7.80975103e+00 5.01461220e+00 5.46837282e+00 3.70233655e+00
    1.03851662e+01 9.76769066e+00 1.10398035e+01 4.01992607e+00
    9.71107006e+00 3.08818221e-01 6.54706860e+00 4.61781359e+00
    1.16382637e+01 3.57181072e+00 2.34454274e+00 3.01076651e+00
    1.17435131e+01 1.03800449e+01 5.52239561e+00 1.73053610e+00
    9.65907288e+00 1.15754519e+01 1.22804222e+01 1.05619993e+01
    1.30705156e+01 5.25548220e+00 4.16867495e+00 3.52579355e+00
    3.25622654e+00 8.62403107e+00 1.36604381e+00 1.49236977e+00
    4.24933004e+00 3.54973054e+00 2.05492282e+00 9.97057152e+00
    3.89181018e+00 2.65251923e+00 1.15139141e+01 7.45295286e+00
    7.98339605e+00 2.54686284e+00 1.17981024e+01 8.81503391e+00
    8.84210682e+00 8.01665068e-01 9.51459503e+00 5.04896355e+00
    9.15400028e+00 8.76447487e+00 7.16447687e+00 1.22927475e+01
    9.40432644e+00 9.76094055e+00 1.06853170e+01 1.20174427e+01
    1.49228585e+00 1.04423876e+01 9.31669426e+00 6.44264269e+00
    3.21337914e+00 8.95373225e-01 4.59690237e+00 6.37176085e+00
    7.18309546e+00 3.10587382e+00 1.01694813e+01 1.16920805e+01
    9.33220959e+00 3.22458458e+00 1.80459893e+00 7.60590744e+00
    8.64546776e+00 6.31372261e+00 1.07001295e+01 1.27809229e+01
    1.26322031e+01 7.16865587e+00 4.77933073e+00 1.15805924e+00
    9.20029736e+00 9.95697498e+00 7.40067291e+00 4.08613920e+00
    2.93154359e+00 8.50575066e+00 9.97429013e-01 6.22147608e+00
    4.88648033e+00 4.89140415e+00 4.79886532e+00 8.71505547e+00
    9.63817596e+00 9.16491985e+00 8.11443043e+00 5.26400995e+00
    9.78658295e+00 1.07281542e+01 3.28661108e+00 3.67449379e+00
    2.78160453e+00 1.23550425e+01 9.73794460e+00 1.21822662e+01
    5.06568003e+00 9.38161564e+00 1.23379726e+01 6.07772446e+00
    7.13221836e+00 1.00666609e+01 5.29513597e+00 5.47809362e+00
    2.35921890e-01 8.47342587e+00 6.66953373e+00 6.47061253e+00
    4.01590681e+00 5.08545041e-01 1.05900602e+01 4.99052286e+00
    3.38077831e+00 1.27089367e+01 1.29406643e+01 8.94289589e+00
    9.40384197e+00 4.14873457e+00 6.07664442e+00 8.44437361e-01
    1.00080280e+01 9.40886879e+00 3.30427885e+00 4.51909161e+00
    8.28293991e+00 1.09598284e+01 5.69253016e+00 6.33754301e+00
    3.97514415e+00 1.04749880e+01 6.64602661e+00 2.90656447e+00
    1.46048534e+00 7.88847685e+00 3.88928270e+00 1.29555302e+01
    4.42547417e+00 1.03740416e+01 7.26934290e+00 1.29133148e+01
    1.24876995e+01 2.26920462e+00 2.92637563e+00 5.68724918e+00
    1.28990364e+01 7.54897165e+00 1.23901951e+00 1.29169643e+00
    1.10910058e+00 7.81337976e+00 1.06059647e+01 8.81261826e+00
    9.83326149e+00 1.15792236e+01 8.72983932e+00 1.53208494e-01
    3.42834711e-01 2.39571595e+00 5.93752098e+00 9.14922142e+00
    3.89848208e+00 1.15180054e+01 7.27426577e+00 6.85894442e+00
    2.00476480e+00 8.85849380e+00 8.42871094e+00 3.16431046e+00
    5.18896103e+00 1.97234273e+00 9.44322968e+00 1.19881668e+01
    1.51408958e+00 1.12431889e+01 1.03909950e+01 3.95734358e+00
    7.02146411e-01 1.27061176e+01 1.02762623e+01 7.10629082e+00
    2.03572345e+00 1.82825971e+00 9.37238455e-01 1.12865601e+01
    9.07689476e+00 1.06600647e+01 1.03325367e+01 2.94589233e+00
    3.90065742e+00 7.84817553e+00 8.83149052e+00 1.05404844e+01
    5.49849319e+00 5.85433006e+00 9.75196075e+00 3.25870514e-01
    4.47039366e+00 9.48769188e+00 1.22060938e+01 1.40724039e+00
    3.04914284e+00 1.22106657e+01 1.07507210e+01 4.66287374e+00
    3.63597298e+00 5.18880749e+00 5.30630779e+00 6.50483847e+00
    1.05074329e+01 7.28490829e+00 5.85799980e+00 4.41615677e+00
    2.98976827e+00 7.61325455e+00 7.53233814e+00 1.09478636e+01
    5.49652863e+00 1.27541761e+01 1.23069220e+01 8.93939018e+00
    2.93612510e-01 2.70380425e+00 8.36305809e+00 7.74478817e+00
    8.05987740e+00 3.79778457e+00 1.99426734e+00 1.10798044e+01
    2.77970934e+00 2.80700445e-01 4.18996906e+00 3.55454743e-01
    1.07141266e+01 4.65912580e+00 5.83336401e+00 5.90435362e+00
    1.13092442e+01 4.73147202e+00 9.21797752e+00 1.65827894e+00
    7.40860987e+00 5.44752073e+00 4.67468739e+00 1.05761919e+01
    1.57508564e+00 2.48211455e+00 6.47581816e+00 6.73676777e+00
    1.13999510e+01 3.52509189e+00 4.06919336e+00 5.83285809e+00
    7.82640982e+00 6.00259399e+00 5.68068600e+00 1.17219601e+01
    6.66193199e+00 3.06374848e-01 4.58418036e+00 4.86361265e+00
    6.24017715e+00 5.79987812e+00 2.85617256e+00 3.36121225e+00
    2.08391595e+00 9.71891308e+00 6.47572517e+00 5.27424955e+00
    1.22331219e+01 6.94512033e+00 7.06226635e+00 5.28045988e+00
    4.62979603e+00 1.01574888e+01 8.18928909e+00 8.09100723e+00
    9.74676514e+00 8.21941948e+00 8.61780167e+00 1.23379765e+01
    1.22194672e+01 8.33235025e-01 6.68870306e+00 1.06828136e+01
    7.23618984e+00 5.12422276e+00 3.63655043e+00 3.80955577e-01
    1.23385944e+01 3.29436922e+00 6.53972626e+00 1.01948509e+01
    1.28589745e+01 3.94524789e+00 8.16129875e+00 1.65250576e+00
    1.08978736e+00 9.62977231e-01 6.81391478e+00 5.92573595e+00
    1.29648466e+01 6.47942829e+00 7.14284325e+00 7.70824289e+00
    4.73978043e+00 1.05195093e+01 4.58283842e-01 6.77937889e+00
    8.67934227e+00 1.20195694e+01 5.22727299e+00 5.10040045e+00
    9.88287735e+00 9.91475105e+00 3.84722203e-01 1.07211046e+01
    3.62237406e+00 2.89102364e+00 7.86293936e+00 1.06427422e+01
    4.23785782e+00 7.08674383e+00 3.81376028e-01 7.00304699e+00
    6.86713600e+00 3.09954143e+00 4.68659687e+00 1.08253756e+01
    1.00928659e+01 8.07559681e+00 6.66081238e+00 6.53409576e+00
    7.83270025e+00 3.87311125e+00 5.18376875e+00 1.12981224e+01
    1.82670033e+00 8.37826729e+00 1.09098463e+01 1.32875288e+00
    6.61261654e+00 5.22117901e+00 8.39083195e+00 4.61428499e+00
    1.20175877e+01 9.50968361e+00 1.18702335e+01 4.85030222e+00
    8.90281391e+00 6.07590008e+00 1.00162971e+00 2.56318784e+00
    1.52935004e+00 6.77374315e+00 1.20025988e+01 1.20459831e+00
    3.77488661e+00 1.12825060e+01 1.15887699e+01 2.65641832e+00
    1.17033644e+01 1.37494639e-01 1.18567095e+01 6.69396067e+00
    6.83487558e+00 5.44933140e-01 9.24298286e+00 4.65167379e+00
    7.84877634e+00 4.32440758e+00 4.89744473e+00 5.79463196e+00
    4.00232106e-01 1.05072746e+01 1.29295802e+00 5.96230078e+00
    1.01758308e+01 8.38183022e+00 1.26688995e+01 6.13765192e+00
    1.17829740e+00 9.94372129e-01 5.04534578e+00 4.50871420e+00
    2.23236871e+00 7.74719119e-01 1.45759273e+00 5.42376614e+00
    1.29274244e+01 7.78620577e+00 1.04966021e+01 2.70162320e+00
    7.16117525e+00 6.07786131e+00 5.60573673e+00 1.11796675e+01
    2.69607711e+00 2.81854534e+00 2.11884290e-01 2.07109928e+00
    8.96162128e+00 1.27790451e+01 6.90683603e+00 3.46053243e+00
    1.10391998e+00 1.05065813e+01 9.11263847e+00 1.16771040e+01
    1.22559042e+01 3.00192308e+00 2.97729754e+00 5.30497313e+00
    8.94798374e+00 1.12195387e+01 8.14677906e+00 1.02784824e+01
    1.75142050e-01 7.97698784e+00 1.59136152e+00 2.14928365e+00
    1.94192302e+00 7.49732590e+00 9.68728185e-01 1.12471771e+01
    8.20076942e+00 1.09026003e+01 9.67577553e+00 1.05376558e+01
    2.54994726e+00 2.41813540e+00 9.69427586e+00 4.71519709e+00
    8.31691647e+00 3.61303973e+00 5.33537245e+00 6.92705065e-02
    1.41356301e+00 9.64129162e+00 1.20197973e+01 8.21789932e+00
    1.07517204e+01 1.16165800e+01 1.25197496e+01 1.12961817e+01
    1.16072063e+01 1.10875139e+01 1.18269234e+01 1.20697746e+01
    8.66875172e+00 1.24752159e+01 1.03290377e+01 9.17695999e+00
    1.21259880e+01 8.13672543e+00 7.65090990e+00 8.38182735e+00
    4.16554165e+00 3.44106054e+00 2.40328288e+00 6.41807032e+00
    3.68058276e+00 1.24251595e+01 2.10679102e+00 8.96308994e+00
    4.85155344e+00 7.32858086e+00 7.34227514e+00 1.23316908e+01
    7.00846386e+00 7.87137842e+00 6.28612518e-01 2.59677134e-02
    1.14201012e+01 2.32222652e+00 8.87434292e+00 2.22732830e+00
    4.66839123e+00 5.81946802e+00 1.03558865e+01 1.16221647e+01
    9.65723801e+00 7.75302410e+00 5.35092115e+00 8.08597279e+00
    5.99009895e+00 1.07801151e+01 1.59772372e+00 5.84154463e+00
    7.83109665e+00 6.59272373e-01 9.18991566e+00 4.91643286e+00
    1.76054254e-01 4.34459782e+00 5.12109232e+00 1.23058052e+01
    1.06046791e+01 1.03775721e+01 5.26401806e+00 4.76333952e+00
    1.66259193e+00 6.01814413e+00 7.85200834e+00 8.18088722e+00
    1.08895397e+01 8.18816662e+00 1.04640274e+01 2.35893154e+00
    7.23067093e+00 6.30436516e+00 7.62983418e+00 2.81617045e+00
    9.15888214e+00 1.18700027e+01 7.73815393e+00 8.12385178e+00
    8.23190784e+00 9.51029015e+00 1.04902725e+01 1.12691374e+01
    6.89549160e+00 3.34744716e+00 8.62564147e-01 1.17768974e+01
    4.49599028e-02 7.08314610e+00 1.06637449e+01 4.01734734e+00
    2.94506836e+00 6.65656519e+00 6.40526962e+00 1.19050474e+01
    8.92604733e+00 1.97947228e+00 2.76025921e-01 1.60601830e+00
    4.14389044e-01 9.20011044e+00 1.47748423e+00 1.15762024e+01
    6.18853807e+00 1.21799269e+01 9.50665951e+00 1.06629715e+01
    3.87912989e+00 7.13273191e+00 1.22849722e+01 7.51097631e+00
    4.24507570e+00 1.27459180e+00 7.59273911e+00 4.42778444e+00
    1.08730164e+01 1.25646091e+00 8.02241993e+00 5.76908255e+00
    7.40424728e+00 9.72552490e+00 6.86005688e+00 1.14517355e+01
    1.22003984e+01 5.76674652e+00 1.17630887e+00 7.00601721e+00
    2.94601274e+00 7.52557325e+00 8.91296101e+00 6.83055210e+00
    1.24760764e-02 7.83436012e+00 3.77893066e+00 6.75647211e+00
    6.01065111e+00 9.47147942e+00 1.60633433e+00 9.86906433e+00
    1.63981640e+00 3.77790618e+00 3.68672872e+00 5.11813545e+00
    3.30828047e+00 3.58313417e+00 1.28500166e+01 6.85821247e+00
    1.04267111e+01 9.26508427e+00 2.87953663e+00 5.12868404e+00
    4.12684345e+00 2.87852615e-01 6.55140352e+00 5.43410492e+00
    2.43565083e+00 8.16425228e+00 1.95416963e+00 7.48833358e-01
    3.65103292e+00 9.48297381e-01 4.69876862e+00 9.46150875e+00
    1.24644480e+01 4.91737962e-01 1.38802624e+00 8.35396099e+00
    1.13498850e+01 1.29705677e+01 6.94099522e+00 7.63824749e+00
    2.99714804e+00 5.43251705e+00 2.08186483e+00 5.95229149e+00
    3.85500193e+00 7.96001959e+00 6.33882189e+00 9.07328320e+00
    1.15011911e+01 7.37207794e+00 7.73844433e+00 3.70014024e+00
    1.07570915e+01 7.58538294e+00 7.15578127e+00 3.58487725e+00
    7.83757448e+00 6.28994226e+00 3.39512396e+00 9.38508320e+00
    4.63066053e+00 8.34866047e+00 1.13546121e+00 1.06440821e+01
    1.19935865e+01 5.20379972e+00 8.31682014e+00 2.48640275e+00
    1.21115150e+01 8.34316540e+00 4.22280550e+00 1.06602573e+01
    1.11311235e+01 9.54530907e+00 1.19824848e+01 5.30026245e+00
    1.27001467e+01 9.29106522e+00 1.08358822e+01 3.84029412e+00
    8.50254250e+00 1.21531935e+01 4.84459257e+00 1.41940582e+00
    7.39330864e+00 6.05101919e+00 1.09033365e+01 6.19317102e+00
    2.90177011e+00 1.09969177e+01 4.12567520e+00 1.18253136e+00
    7.36215925e+00 3.59362841e+00 1.16555538e+01 2.78802228e+00
    1.73652577e+00 1.80967677e+00 5.86661935e-01 5.67777109e+00
    4.52877045e+00 5.71936274e+00 3.24318695e+00 6.31022453e+00
    8.40835285e+00 8.56104851e+00 6.46503305e+00 4.69802761e+00
    1.26805296e+01 9.33826327e-01 5.59061909e+00 3.50533080e+00
    1.83763754e+00 1.04940777e+01 3.46825457e+00 3.56746221e+00
    7.05064631e+00 5.65274477e+00 5.51013279e+00 1.07420874e+01
    8.33899689e+00 3.09014738e-01 2.88388157e+00 9.72088933e-01
    9.00759315e+00 8.04370022e+00 7.69401431e-01 9.24503040e+00
    6.11934471e+00 5.93566322e+00 9.90310097e+00 2.21599197e+00
    6.20100641e+00 9.80955696e+00 9.28062534e+00 1.11407690e+01
    4.35509396e+00 2.23559046e+00 9.81266022e+00 8.43298435e+00
    1.07611570e+01 9.11305046e+00 1.12880945e+01 6.25298977e+00
    9.04845810e+00 7.88061810e+00 1.17836094e+00 7.81152582e+00
    1.06750500e+00 5.36832476e+00 3.03059816e+00 1.26534386e+01
    1.03947525e+01 5.02371311e+00 6.64015055e+00 6.07911491e+00
    3.84227777e+00 7.35003853e+00 1.19153109e+01 3.93809032e+00
    1.28785725e+01 1.11850681e+01 1.39394915e+00 8.49781895e+00
    9.60879517e+00 1.06199999e+01 1.66717088e+00 1.15348835e+01
    2.16770029e+00 1.06199713e+01 2.32533646e+00 9.16110229e+00
    9.59807014e+00 1.90010399e-01 1.74229491e+00 8.98161125e+00
    5.98189831e+00 7.99781847e+00 9.06145000e+00 5.40708637e+00
    2.09041071e+00 3.92741002e-02 1.26540279e+01 1.30810623e+01
    1.09018612e+01 5.46331227e-01 6.63662481e+00 6.54393578e+00
    1.25853024e+01 3.60199213e+00 1.01078377e+01 9.22680664e+00
    1.05869656e+01 1.12278967e+01 1.13173904e+01 4.59731531e+00
    2.84348178e+00 6.69758320e+00 6.83820391e+00 9.76209545e+00
    5.06732702e+00 1.52495635e+00 8.38717079e+00 3.62805223e+00
    1.07581882e+01 3.72868204e+00 7.69126368e+00 2.04300714e+00
    4.61315489e+00 4.48322201e+00 8.87403190e-01 8.25932693e+00
    2.10738611e+00 4.28920555e+00 6.59175396e+00 5.79024458e+00
    1.25398512e+01 5.62843132e+00 2.88710928e+00 1.10775061e+01
    6.36700773e+00 6.17151308e+00 4.48000336e+00 8.50652313e+00
    2.23080873e+00 1.11167300e+00 1.30246153e+01 5.84924793e+00
    1.22298470e+01 3.19483876e+00 9.38600445e+00 1.16330976e+01
    6.89129972e+00 2.97998118e+00 2.41843534e+00 8.43188858e+00
    1.26866856e+01 5.38474464e+00 6.33329582e+00 1.11746702e+01
    8.18340778e+00 6.78696537e+00 6.99386311e+00 4.74736643e+00
    9.58991468e-01 1.25057907e+01 1.04200459e+01 4.59870291e+00
    1.14584398e+01 4.93332100e+00 2.30590415e+00 3.53562784e+00
    1.08183336e+01 1.27841878e+00 5.96569490e+00 7.78537226e+00
    7.16759741e-01 9.82768953e-01 3.31188607e+00 8.81235504e+00
    4.10643721e+00 3.95761132e+00 1.19299340e+00 6.44514036e+00
    1.05271111e+01 3.10437441e+00 7.56911039e+00 3.34860516e+00
    1.25271645e+01 9.38033676e+00 8.26477337e+00 4.16117287e+00
    5.10253000e+00 9.19100761e+00 1.21345358e+01 4.56763601e+00
    8.06475341e-01 5.88940525e+00 9.55194473e+00 1.14251337e+01
    6.47111273e+00 4.60367441e+00 1.15107670e+01 6.19740009e-01
    5.28651178e-01 8.84353828e+00 2.66989803e+00 1.20618820e+01
    7.75892735e-01 6.72011042e+00 1.26829300e+01 6.10354471e+00
    5.91125774e+00 7.02275562e+00 7.83235455e+00 1.11733103e+01
    7.34565783e+00 9.10329056e+00 1.06226749e+01 7.29344511e+00
    1.09007864e+01 1.40104556e+00 4.79698181e+00 4.26018000e+00
    1.12101259e+01 6.31543303e+00 3.22351432e+00 1.16925545e+01
    1.29533291e+01 6.88215017e+00 3.33784401e-01 7.44863510e+00
    1.94834277e-01 8.91326714e+00 4.40620232e+00 1.23216953e+01
    1.23992424e+01 9.85270023e+00 7.34438515e+00 1.01419811e+01
    1.74557459e+00 7.06810951e+00 1.28126860e+01 6.61510658e+00
    3.56701016e+00 5.25217438e+00 5.20949006e-01 2.15866828e+00
    8.80240440e+00 1.04295559e+01 4.30500078e+00 5.14093351e+00
    3.13213897e+00 1.09156628e+01 2.58071327e+00 1.24631701e+01
    3.72352767e+00 5.09120131e+00 2.31401420e+00 2.73183203e+00
    6.11438799e+00 2.17443705e+00 1.64068663e+00 9.31565285e+00
    7.80338192e+00 1.04930029e+01 7.75116146e-01 5.91866970e+00
    4.07624388e+00 6.67921638e+00 8.59473419e+00 2.52620554e+00
    7.75923014e+00 6.11822224e+00 1.03161459e+01 4.93792105e+00
    1.72573149e+00 4.65027189e+00 4.31214190e+00 3.24944830e+00
    7.12243986e+00 4.95337200e+00 7.98875999e+00 1.02081280e+01
    4.50034666e+00 4.88848352e+00 4.82019711e+00 6.65867043e+00
    2.75297070e+00 9.91081819e-02 1.03951817e+01 8.05309105e+00
    6.17865181e+00 1.11158228e+01 1.17398806e+01 6.22691679e+00
    1.15111408e+01 9.79049873e+00 6.58577633e+00 3.50144982e+00
    8.14475441e+00 2.01271534e+00 1.19668980e+01 1.21596251e+01
    1.20816002e+01 7.16889334e+00 5.92710638e+00 7.58704758e+00
    3.50589299e+00 9.56061745e+00 8.36261177e+00 1.86861825e+00
    3.02245945e-01 1.26121740e+01 7.84097433e+00 7.61763239e+00
    1.00680761e+01 2.78766155e+00 5.26383924e+00 1.07849417e+01
    2.20253992e+00 1.04541512e+01 4.63239288e+00 7.34987879e+00
    3.97264981e+00 4.03065252e+00 4.05890226e+00 2.11967134e+00
    1.13910221e-01 9.53425026e+00 1.19620752e+01 4.36738062e+00
    1.28872051e+01 5.99952841e+00 3.08489203e+00 4.67719746e+00
    1.26890850e+01 3.26260424e+00 1.19389315e+01 9.72820473e+00
    6.30106068e+00 1.04649763e+01 8.22083414e-01 5.67259121e+00
    1.06660676e+00 8.48092270e+00 1.27299356e+01 3.18206638e-01
    6.62653637e+00 4.67887259e+00 3.83250380e+00 3.48743320e+00
    6.90722752e+00 6.97472513e-01 9.83955193e+00 8.73868656e+00
    4.50330687e+00 3.40194345e+00 4.34151030e+00 9.95429516e+00
    6.66928196e+00 9.59903717e-01 6.02087879e+00 2.14082703e-01
    6.30067873e+00 8.51194763e+00 1.12212348e+00 1.10246286e+01
    1.00244570e+00 2.91730022e+00 1.21553099e+00 6.58682346e+00
    1.08593397e+01 5.10980558e+00 1.30759134e+01 4.36778498e+00
    2.94958383e-01 1.25208826e+01 1.08165007e+01 7.94703245e+00
    3.23340392e+00 5.98918200e+00 1.28497324e+01 1.97437000e+00
    1.22539682e+01 6.94486618e-01 6.11183167e+00 1.03477650e+01
    3.88564020e-02 8.13536072e+00 9.04416466e+00 3.72544074e+00
    7.21041143e-01 4.34659290e+00 2.25121230e-01 4.87732029e+00
    7.89285517e+00 5.43037367e+00 7.71150017e+00 2.72231746e+00
    8.00146484e+00 7.59207010e+00 1.06922846e+01 5.13126135e+00
    3.70691490e+00 3.76786780e+00 6.40939379e+00 6.76237226e-01
    1.23580456e+01 7.49969435e+00 1.07765255e+01 1.15382156e+01
    2.82764602e+00 1.18454285e+01 4.42822504e+00 9.97505188e+00
    1.28950996e+01 1.48147178e+00 2.83313084e+00 9.27921963e+00
    9.91774940e+00 2.31855655e+00 8.63285661e-01 3.70241404e+00
    5.41078234e+00 9.55186558e+00 8.38987160e+00 5.00688028e+00
    1.24864292e+01 8.63884330e-01 8.49608326e+00 5.34628201e+00
    3.32047105e+00 1.82792079e+00 1.11538839e+01 5.81476092e-01
    1.40959585e+00 7.55049515e+00 7.56643391e+00 8.27174759e+00
    6.78021097e+00 6.50781441e+00 5.30396461e+00 5.17981577e+00
    4.69839334e+00 3.67761970e-01 1.02537298e+01 1.09235315e+01
    9.91648293e+00 9.90082169e+00 9.43541431e+00 1.10925007e+01
    6.98773956e+00 8.45007706e+00 1.01937618e+01 1.05665026e+01
    1.24510012e+01 1.23129206e+01 1.29961147e+01 4.15765381e+00
    7.54455757e+00 9.35246277e+00 1.30688992e+01 8.39111042e+00
    5.46948767e+00 5.47678757e+00 3.46808362e+00 7.24365139e+00
    5.50202656e+00 1.04209909e+01 5.74621916e+00 1.08307867e+01
    8.77386189e+00 2.27105355e+00 9.69125938e+00 8.05342579e+00
    4.79784536e+00 3.75057459e+00 8.51969910e+00 1.22144957e+01
    9.92791367e+00 1.25532370e+01 1.08831673e+01 6.89122295e+00
    3.90667391e+00 8.79212570e+00 9.80618095e+00 4.81574917e+00
    5.87584734e+00 2.42239547e+00 1.20618973e+01 3.07934237e+00
    4.72175270e-01 1.05889139e+01 6.94237280e+00 1.00993919e+01
    2.28495622e+00 5.17315912e+00 8.70541930e-01 3.09711981e+00
    8.49882030e+00 9.54460144e+00 1.28698397e+01 5.94610834e+00
    3.94968033e+00 2.83706927e+00 9.84920883e+00 3.98194671e+00
    3.20045519e+00 2.55080676e+00 1.09427004e+01 3.94792199e+00
    5.94784689e+00 6.87303019e+00 8.00289917e+00 2.70000529e+00
    8.06668758e+00 5.21651936e+00 1.28092299e+01 5.31792641e+00
    7.86911154e+00 1.30565948e+01 9.52319527e+00 5.82153368e+00
    9.02861214e+00 3.58422112e+00 2.20911574e+00 4.75243378e+00
    1.20784988e+01 7.58319330e+00 5.24682951e+00 1.06390607e+00
    9.55609918e-01 5.28696918e+00 5.96601367e-01 1.28532581e+01
    7.87734222e+00 1.07237024e+01 9.11264229e+00 1.19370642e+01
    9.55462360e+00 6.57453477e-01 1.06544447e+00 4.91166401e+00
    1.28412180e+01 5.37762022e+00 4.29100657e+00 7.72592068e+00
    4.27572918e+00 3.38110375e+00 1.08134329e+00 8.66221714e+00
    9.84754467e+00 4.93647385e+00 1.17898989e+00 4.95653629e-01
    2.03103042e+00 4.26050091e+00 1.84204912e+00 4.75696176e-01
    1.21277237e+01 4.56421661e+00 1.23875828e+01 8.17865086e+00
    1.07639446e+01 3.28405690e+00 6.93476105e+00 4.38091087e+00
    3.09129691e+00 1.04147911e+00 1.01021328e+01 9.35639095e+00
    7.65618944e+00 7.99321222e+00 5.30021095e+00 7.57113361e+00
    9.85271275e-01 2.60244608e+00 2.65319204e+00 7.67532158e+00
    1.31073916e+00 1.13050470e+01 5.50388098e+00 9.28492737e+00
    3.63312984e+00 9.09517467e-01 7.07115698e+00 8.97491264e+00
    7.43235207e+00 1.13403645e+01 1.11368656e+01 1.95592093e+00
    1.06897411e+01 9.47934532e+00 1.36066532e+00 5.94093275e+00
    9.66688097e-01 6.52666569e+00 1.16210585e+01 8.97919273e+00
    7.16054153e+00 9.72630692e+00 5.65306616e+00 2.73883152e+00
    1.17600327e+01 7.31573153e+00 8.65509415e+00 8.75900936e+00
    1.11672068e+01 2.21556634e-01 7.79037285e+00 7.03201103e+00
    9.57195187e+00 2.22275114e+00 9.23132992e+00 5.11336565e+00
    1.24184875e+01 2.92260027e+00 5.81290245e+00 1.22887354e+01
    1.07085838e+01 7.49911642e+00 1.05130711e+01 1.21359739e+01
    4.90773726e+00 1.18472614e+01 7.93627310e+00 6.87613630e+00
    1.11191359e+01 2.73078752e+00 1.07079630e+01 4.98453045e+00
    1.04209309e+01 8.38399506e+00 1.25921364e+01 3.39492512e+00
    3.74057126e+00 1.24601641e+01 1.10796118e+01 7.38501549e+00
    4.15019751e+00 9.90755749e+00 4.99620646e-01 1.19201202e+01
    3.61641669e+00 1.04804764e+01 2.48601157e-02 1.27118034e+01
    7.54939222e+00 3.16333342e+00 5.86790895e+00 4.77138853e+00
    1.22867222e+01 3.93121076e+00 1.08924170e+01 6.76398468e+00
    4.79440260e+00 9.75256443e+00 1.25278387e+01 2.48587155e+00
    7.37222815e+00 7.73723316e+00 9.57015896e+00 8.60033417e+00
    1.13561792e+01 1.03445415e+01 1.08303337e+01 7.67772579e+00
    8.77465439e+00 1.14103746e+01 7.35310173e+00 8.73238373e+00
    9.92830944e+00 5.27458191e+00 4.89712954e+00 7.96449661e+00
    2.71622390e-01 2.58564925e+00 4.50582075e+00 6.59163809e+00
    1.01989174e+01 5.63687181e+00 8.51957130e+00 5.66629362e+00
    2.89038062e+00 3.60641623e+00 9.67372131e+00 8.22965336e+00
    5.01245975e+00 1.14930010e+01 5.91394901e+00 8.22775745e+00
    1.93422508e+00 3.33063221e+00 8.92047024e+00 2.24196935e+00
    1.19353104e+01 5.62153816e+00 1.14297028e+01 1.28940487e+01
    1.26366997e+01 8.10249710e+00 4.00715637e+00 5.50726950e-01
    4.07571507e+00 3.93934250e+00 8.22875500e+00 7.49989605e+00
    1.23134720e+00 1.20894594e+01 1.07695799e+01 1.30177021e+01
    2.34132433e+00 4.80481005e+00 7.07127857e+00 5.42401123e+00
    1.26863966e+01 4.42971373e+00 1.14268036e+01 8.70400906e+00
    1.29193983e+01 1.29069767e+01 9.57045078e+00 4.38449049e+00
    3.11215711e+00 1.06838713e+01 9.52793217e+00 1.22797050e+01
    5.59447670e+00 6.60155714e-02 1.21997633e+01 1.11162968e+01
    1.17051163e+01 3.14082408e+00 4.86245823e+00 1.24603510e+01
    7.41073895e+00 6.62244654e+00 5.07024193e+00 2.76441646e+00
    8.30242634e-01 2.72820330e+00 8.08875942e+00 1.02454672e+01
    5.06975412e+00 8.30231571e+00 5.93572807e+00 8.18964386e+00
    6.41040611e+00 3.02952790e+00 5.87042570e+00 5.60244918e-01
    9.13910675e+00 1.02318954e+01 6.19210124e-01 5.14581633e+00
    9.49671841e+00 7.84176254e+00 5.72662592e+00 8.02709103e+00
    1.28385057e+01 3.69051003e+00 7.44851208e+00 1.29024248e+01
    9.69553661e+00 1.02901392e+01 1.23938808e+01 5.80261171e-01
    1.20252962e+01 1.09935722e+01 2.29105854e+00 7.42522860e+00
    8.16429913e-01 5.05655050e+00 1.25457764e+01 3.25803232e+00
    1.21430397e+01 6.97475004e+00 7.44230413e+00 1.10826950e+01
    1.18345041e+01 1.13650627e+01 1.15592480e+01 3.84299636e+00
    7.27176619e+00 6.72588778e+00 9.51447105e+00 3.58477139e+00
    8.49546909e+00 1.24366083e+01 1.20136032e+01 1.01430674e+01
    5.07437420e+00 7.27316141e+00 6.98200130e+00 1.08243055e+01
    1.01081934e+01 2.36974478e+00 6.50529099e+00 7.37557507e+00
    1.02678623e+01 9.60554981e+00 9.55960393e-01 4.77663517e+00
    4.40562916e+00 1.29098005e+01 5.58895922e+00 4.46836233e+00
    1.28980856e+01 1.10869813e+00 7.10435390e+00 9.46973515e+00
    1.29954376e+01 6.96888781e+00 2.79610872e+00 6.47478056e+00
    3.25064039e+00 4.50694561e+00 1.04513109e+00 6.91893053e+00
    5.92420197e+00 6.94346964e-01 3.69503117e+00 8.75732231e+00
    1.18942795e+01 3.38642240e-01 1.26208448e+01 6.94155169e+00
    2.34843910e-01 3.04620576e+00 4.48763895e+00 9.72228146e+00
    3.31306267e+00 7.69708729e+00 6.56581831e+00 9.26604080e+00
    5.81566572e+00 9.11395550e+00 1.30046492e+01 3.89456582e+00
    4.73457932e-01 2.71351528e+00 7.58217126e-02 8.19878876e-01
    1.21786642e+01 1.16139984e+01 6.33378458e+00 2.24431562e+00
    4.37622452e+00 1.15114813e+01 3.32302666e+00 7.82106924e+00
    1.01824894e+01 1.24394865e+01 2.26353788e+00 7.99433374e+00
    2.03548098e+00 9.81642723e+00 1.21742563e+01 9.45032024e+00
    8.45568371e+00 2.07069740e-01 6.71380341e-01 6.11033630e+00
    6.51309156e+00 1.16352949e+01 5.56471825e+00 5.55911779e+00
    3.36944437e+00 4.82929659e+00 1.00864077e+01 1.10478563e+01
    1.28230505e+01 3.68042327e-02 1.26163082e+01 3.69262695e+00
    8.86903095e+00 9.49910641e+00 6.96289682e+00 4.22132492e-01
    6.17901754e+00 1.29911985e+01 8.85810471e+00 1.06027472e+00
    1.24339113e+01 3.37594938e+00 8.32312107e+00 3.84268856e+00
    4.36501026e+00 9.93094063e+00 5.66213465e+00 9.51422501e+00
    1.21134224e+01 9.38600826e+00 1.07851801e+01 9.37059879e+00
    1.22019374e+00 3.35290217e+00 6.34256315e+00 1.07334781e+00
    1.21327896e+01 5.52964354e+00 1.08149662e+01 2.35631680e+00
    5.87931585e+00 1.69802892e+00 2.42065787e+00 6.84383726e+00
    7.49695158e+00 4.55350971e+00 8.35831642e-01 1.04258118e+01
    5.48524094e+00 1.01797695e+01 5.42551994e+00 4.82205659e-01
    1.56578052e+00 9.14475632e+00 9.65344048e+00 7.57300568e+00
    1.11899471e+01 9.70194721e+00 3.58236122e+00 1.09437943e+01
    1.16514406e+01 1.15398216e+00 7.71380758e+00 6.02900457e+00
    2.39697909e+00 7.86196566e+00 1.71519542e+00 2.62645674e+00
    1.04225755e-01 6.36313915e-01 1.15443478e+01 1.29226637e+01
    1.66735744e+00 6.18458509e+00 1.60344768e+00 5.60230446e+00
    5.89616537e+00 4.11519337e+00 1.07063484e+01 7.72076428e-01
    2.03961039e+00 5.59191418e+00 1.20542707e+01 1.25127735e+01
    7.75637102e+00 1.28108234e+01 6.30511570e+00 3.33943903e-01
    6.89708948e+00 4.25879174e-04 5.83641720e+00 2.24963236e+00
    4.02341509e+00 9.40342140e+00 1.14338036e+01 7.97411346e+00
    1.08582926e+01 7.19872475e+00 1.12907114e+01 2.40509200e+00
    1.26484251e+01 8.28516960e+00 1.23205051e+01 6.68571377e+00
    1.10361252e+01 3.78123665e+00 7.65540457e+00 3.41772366e+00
    1.09462194e+01 1.13462172e+01 3.92696667e+00 5.07686329e+00
    9.37077141e+00 4.80704165e+00 1.24529123e+01 5.12832975e+00
    8.82027912e+00 1.10226755e+01 2.56922185e-01 1.02655954e+01
    1.28069258e+01 5.55773497e+00 1.58315468e+00 9.76335430e+00
    7.04094887e+00 3.84835219e+00 3.24909449e+00 5.27917624e+00
    8.32178020e+00 1.29481182e+01 6.93443251e+00 6.24782610e+00
    5.53041220e-01 7.93831491e+00 2.92025137e+00 5.46438217e+00
    6.93733501e+00 5.81009007e+00 6.83706284e+00 6.20005226e+00
    1.06380386e+01 1.00929251e+01 7.97706175e+00 1.24193106e+01
    3.93540430e+00 5.10065174e+00 3.04726982e+00 9.15215909e-01
    2.56480980e+00 8.01726818e+00 1.80528045e+00 2.88731289e+00
    9.18957996e+00 1.41713166e+00 7.06333780e+00 1.01610460e+01
    6.04628801e-01 3.08978462e+00 7.08806276e+00 7.12591124e+00
    8.61707401e+00 1.04316158e+01 7.79940796e+00 4.15230691e-01
    2.70374537e+00 3.78224897e+00 8.27933788e+00 1.37299633e+00
    1.02192602e+01 1.93996394e+00 8.84337234e+00 9.35426712e+00
    4.68896484e+00 3.32806349e+00 6.36454535e+00 2.80514032e-01
    4.54099512e+00 8.13869190e+00 2.22644377e+00 9.99521637e+00
    5.96194315e+00 3.06075752e-01 5.02973497e-01 2.92932963e+00
    9.67129290e-01 1.10091095e+01 7.25474644e+00 7.57052755e+00
    2.49232244e+00 6.06920147e+00 7.39464235e+00 6.40356493e+00
    3.56833601e+00 8.50473499e+00 8.06026077e+00 6.41776204e-01
    1.22378998e+01 3.25908589e+00 1.10104332e+01 8.20878696e+00
    5.64342451e+00 1.17904682e+01 4.54967451e+00 9.59733582e+00
    5.31181335e-01 1.92281246e+00 2.84645557e+00 7.60874319e+00
    1.55763459e+00 1.07221403e+01 1.13069086e+01 4.44174385e+00
    5.96588135e+00 4.45852995e+00 1.09029217e+01 4.29994392e+00
    1.05813169e+01 5.87934017e-01 6.59038925e+00 4.98573685e+00
    1.02739429e+00 1.26766872e+01 2.09200144e+00 9.73617649e+00
    8.37485027e+00 1.03064604e+01 1.60357499e+00 7.14590025e+00
    8.97417831e+00 3.07209516e+00 5.65325451e+00 7.40069270e-01
    7.25705528e+00 5.91978788e+00 2.03480697e+00 1.14245310e+01
    8.21379280e+00 1.24534359e+01 1.24585762e+01 3.64339495e+00
    4.72067261e+00 1.72429848e+00 5.60573435e+00 1.17863150e+01
    3.20323324e+00 5.39625931e+00 7.86004400e+00 9.72628236e-01
    7.16840982e+00 2.37154889e+00 4.98005724e+00 3.36254501e+00
    6.18780184e+00 1.19710236e+01 9.03072357e+00 1.09155741e+01
    4.45057917e+00 1.25824184e+01 1.13584175e+01 4.39361668e+00
    5.79199982e+00 7.55640507e+00 6.44236660e+00 7.98732519e+00
    5.25375748e+00 3.18912220e+00 2.65835613e-01 1.12865362e+01
    7.94848919e+00 4.17179060e+00 3.29519892e+00 3.28103113e+00
    8.32206821e+00 2.76056886e+00 7.04046202e+00 5.97640896e+00
    5.60818148e+00 1.25175314e+01 3.72533178e+00 1.04847422e+01
    2.95009136e+00 1.09371662e+01 7.95197248e+00 1.03798075e+01
    1.30111952e+01 1.18293200e+01 6.77371407e+00 5.94754124e+00
    4.47350234e-01 2.55992579e+00 6.64022148e-01 7.28908539e+00
    8.11194515e+00 8.73781013e+00 6.06195545e+00 9.79886627e+00
    5.36816788e+00 4.21352434e+00 1.24362268e+01 1.20164480e+01
    1.72089112e+00 5.23746586e+00 6.38246346e+00 1.89589608e+00
    3.90320516e+00 7.06040430e+00 1.17878017e+01 1.11712036e+01
    4.52740002e+00 8.07637596e+00 9.86829662e+00 1.01605301e+01
    1.12854280e+01 8.78930378e+00 9.82260895e+00 6.00939178e+00
    4.46904707e+00 9.78479862e+00 7.98440599e+00 6.49554539e+00
    3.24283195e+00 7.97719002e+00 3.94670844e+00 2.30429006e+00
    5.80344200e+00 1.26651382e+01 1.13805752e+01 1.11955290e+01
    8.69815636e+00 1.18930988e+01 6.86142063e+00 7.61617756e+00
    1.24206667e+01 9.66494560e+00 7.30284691e+00 9.78416061e+00
    3.41557646e+00 1.19492359e+01 3.10598946e+00 2.20947480e+00
    6.53293467e+00 4.94708627e-01 9.56963158e+00 1.04094505e+01
    4.77844858e+00 7.02777147e+00 4.10493612e+00 6.16876793e+00
    5.25989771e+00 6.88042784e+00 9.51295280e+00 4.55306149e+00
    4.69209146e+00 1.19116039e+01 2.33380127e+00 1.37431550e+00
    5.36618412e-01 2.17030191e+00 6.79847193e+00 7.50652647e+00
    7.17324972e+00 2.60353184e+00 5.05082178e+00 1.05046368e+01
    1.24131966e+01 2.18979740e+00 7.25320101e+00 3.50005412e+00
    7.18617535e+00 3.15610480e+00 1.04824047e+01 8.32276821e+00
    4.69859314e+00 8.03822994e+00 5.26836395e-01 4.66214657e+00
    4.65945911e+00 1.21691351e+01 1.18604243e+00 3.10896039e+00
    3.33673596e+00 8.73176956e+00 4.02246523e+00 7.68317366e+00
    2.59375930e+00 6.75568676e+00 3.26204801e+00 3.77355742e+00
    7.99010563e+00 1.94975507e+00 5.47674942e+00 3.91959190e+00
    1.07715101e+01 7.95639229e+00 3.85656619e+00 1.02174749e+01
    4.37437868e+00 9.95790672e+00 7.44640589e+00 9.82354045e-01
    8.65250778e+00 6.17299843e+00 4.00795650e+00 1.06957378e+01
    1.30839243e+01 1.02314682e+01 2.47581148e+00 9.48892307e+00
    1.02962990e+01 6.15266800e+00 1.77284479e+00 7.23776531e+00
    1.78348374e+00 1.13888252e+00 7.00002861e+00 9.72765255e+00
    6.19525433e+00 2.01145267e+00 7.77410078e+00 8.52350426e+00
    2.97828794e+00 7.91231632e+00 4.66661692e+00 5.02047014e+00
    4.28594255e+00 1.95690736e-01 1.28580227e+01 5.45111465e+00
    1.02152367e+01 6.82248545e+00 2.37984371e+00 3.89912724e+00
    3.96859694e+00 1.04915571e+01 9.44128609e+00 1.11091404e+01
    6.98451662e+00 7.91896152e+00 9.53075886e+00 5.56541872e+00
    5.24487305e+00 1.18504601e+01 4.26537609e+00 6.06346416e+00
    1.33935010e+00 1.29133501e+01 2.98925853e+00 1.29815549e-01
    1.24424915e+01 2.12968493e+00 6.60813761e+00 5.63512266e-01
    4.80490923e+00 8.35229778e+00 7.93839768e-02 8.61653042e+00
    3.84690475e+00 1.10514393e+01 1.26819468e+00 1.02812433e+00
    7.65122831e-01 8.08445549e+00 7.47217655e-01 9.95008659e+00
    5.01926613e+00 1.12355590e+00 1.27859507e+01 1.04924898e+01
    3.37773490e+00 1.21284952e+01 3.40380549e+00 6.24151754e+00
    1.15480738e+01 1.06010590e+01 6.10334635e+00 6.16392136e+00
    6.58847666e+00 4.72815990e+00 8.96113586e+00 1.00080948e+01
    2.79340148e+00 1.16311398e+01 6.91845465e+00 3.32408500e+00
    6.58032656e+00 7.06106758e+00 1.13703661e+01 1.55585611e+00
    4.13312864e+00 1.21061182e+01 7.67063713e+00 1.13795853e+01
    1.22258997e+01 2.27493095e+00 5.87555504e+00 1.02016249e+01
    1.11317849e+00 3.70565510e+00 7.41210890e+00 5.77971935e+00
    4.25069141e+00 8.02393198e-01 1.28198547e+01 6.14533758e+00
    2.69399548e+00 6.99376869e+00 4.04695177e+00 9.99737930e+00
    2.63122201e+00 9.90068817e+00 1.02529135e+01 8.17836285e-01
    6.31546116e+00 1.14881134e+01 2.24491572e+00 9.20344448e+00
    7.42509222e+00 9.49530220e+00 3.14925480e+00 1.29533854e+01
    9.24061108e+00 8.89826775e-01 8.16691494e+00 1.22248287e+01
    1.19030123e+01 3.45558786e+00 8.77640307e-01 5.58905661e-01
    4.87291527e+00 1.11695490e+01 9.68705654e+00 1.08338289e+01
    9.62679672e+00 9.90814877e+00 5.22288084e+00 5.23053169e+00
    6.57084084e+00 1.23165541e+01 1.26485424e+01 1.13900604e+01
    4.04877138e+00 1.51169145e+00 1.04260511e+01 1.92173171e+00
    6.91828632e+00 4.22096997e-01 1.06934321e+00 1.72446954e+00
    1.25888996e+01 7.16852665e+00 9.90363121e+00 1.30705757e+01
    6.37271976e+00 6.46475220e+00 4.81437111e+00 3.43042541e+00
    3.42621326e+00 3.94884324e+00 4.15687990e+00 8.47167969e+00
    6.88854158e-01 4.62081861e+00 2.25540733e+00 1.02512960e+01
    3.46792430e-01 1.04136353e+01 1.02623177e+01 2.20832777e+00
    7.38536263e+00 3.73642278e+00 1.18465548e+01 3.64332438e+00
    1.10783806e+01 2.68626451e+00 8.13787282e-01 5.14559603e+00
    1.72969532e+00 1.11398382e+01 5.85586643e+00 4.80243492e+00
    1.91716635e+00 5.59009218e+00 5.45286894e+00 1.25392418e+01
    6.28838110e+00 7.56743717e+00 1.05274925e+01 1.63145101e+00
    1.81835234e+00 9.01422310e+00 9.19415474e+00 1.26770554e+01
    1.34017646e+00 5.93606520e+00 1.12533407e+01 1.60058045e+00
    8.35084534e+00 2.06072426e+00 9.29872227e+00 9.05670738e+00
    1.73560977e+00 1.22773046e+01 5.91655159e+00 1.22741728e+01
    1.56864417e+00 1.13269634e+01 1.15633373e+01 1.26177139e+01
    1.21568263e+00 1.09606752e+01 1.10087252e+01 3.75457144e+00
    5.42428637e+00 6.83845663e+00 5.54070234e+00 4.87151206e-01
    6.02597475e+00 1.10853119e+01 1.29802618e+01 4.54923964e+00
    2.26998401e+00 1.14320917e+01 9.37398243e+00 7.70308113e+00
    5.63098717e+00 4.92211819e+00 8.81324196e+00 9.83201694e+00
    6.19126368e+00 9.13852882e+00 3.05353904e+00 9.67073631e+00
    2.44368577e+00 1.22957063e+00 6.63531542e+00 1.14789333e+01
    1.07161646e+01 1.13490543e+01 5.46619415e+00 9.22759116e-01
    1.45183265e+00 3.39946699e+00 1.06058874e+01 1.06415758e+01
    1.07852459e+01 1.04817104e+01 3.97051859e+00 5.87194920e+00
    6.56937885e+00 4.05830336e+00 7.27882862e+00 6.52613783e+00
    1.30831385e+01 4.95888138e+00 8.41598415e+00 2.46412325e+00
    1.29103470e+01 4.09006643e+00 8.63364506e+00 1.02456150e+01
    2.20593309e+00 3.43462205e+00 1.18564367e+01 1.15962324e+01
    8.36660957e+00 2.41113520e+00 1.04270134e+01 7.46337080e+00
    7.44913459e-01 4.16406298e+00 1.16836810e+00 8.42713737e+00
    5.21009159e+00 1.08196335e+01 9.85590592e-02 1.13445864e+01
    1.28279886e+01 5.97281361e+00 4.24864084e-01 7.48010874e-01
    4.04582214e+00 6.84249210e+00 1.07353039e+01 1.13152876e+01
    2.67560482e+00 6.03301096e+00 1.21293554e+01 7.72198772e+00
    6.29880905e+00 5.56367254e+00 5.78416824e+00 5.19212389e+00
    3.39183712e+00 8.16808701e+00 7.78553772e+00 7.76146603e+00
    1.80215287e+00 4.41510963e+00 4.82674503e+00 1.22104235e+01
    1.12969637e+01 7.56257677e+00 1.82703733e-01 1.22459812e+01
    1.06979675e+01 4.31869936e+00 1.03895397e+01 3.85816789e+00
    1.14739647e+01 1.12628517e+01 8.26066399e+00 4.20663357e+00
    6.36798716e+00 6.43892431e+00 7.27138519e-01 2.75670028e+00
    9.21916008e+00 8.15786266e+00 1.20078862e+00 6.80320024e+00
    1.03457689e+01 7.90543413e+00 8.42739487e+00 7.08092594e+00
    8.31214237e+00 1.18173552e+01 8.02291107e+00 6.79695368e+00
    1.36284983e+00 1.07611971e+01 4.95143700e+00 8.28912067e+00
    1.20250635e+01 7.64344931e+00 1.13199511e+01 7.99227524e+00
    4.39572906e+00 3.26061726e+00 1.13151282e-01 1.09172630e+01
    1.00455103e+01 1.02194710e+01 1.23935041e+01 1.28604889e+01
    1.13984785e+01 9.01033497e+00 1.28673573e+01 1.15745993e+01
    1.21736794e+01 3.39117098e+00 5.75722742e+00 4.64022112e+00
    7.43353367e+00 4.05043650e+00 4.79935598e+00 1.25214252e+01
    6.06044340e+00 1.02387762e+01 1.97027302e+00 2.19270134e+00
    3.25818610e+00 4.76617241e+00 2.95437241e+00 1.02711620e+01
    4.80012083e+00 9.24910665e-01 1.29427404e+01 1.25040474e+01
    4.04084110e+00 1.16190929e+01 4.25026560e+00 6.67861700e+00
    3.43892813e+00 5.83875656e+00 2.78292227e+00 4.45248222e+00
    5.95519447e+00 1.06653967e+01 1.24521790e+01 1.22741299e+01
    7.63637161e+00 9.36538219e+00 1.58114672e+00 1.30322905e+01
    2.50190353e+00 5.48275852e+00 6.45694113e+00 1.14372692e+01
    1.02042007e+01 7.91639566e+00 1.01217926e+00 6.44167948e+00
    6.19586468e-01 1.07832880e+01 9.99531460e+00 9.06077921e-01
    1.09179831e+01 1.04483328e+01 1.01277418e+01 9.01360130e+00
    3.32026076e+00 7.34709263e+00 2.35578918e+00 1.22025270e+01
    1.00636113e+00 3.76637387e+00 9.92048073e+00 1.14273825e+01
    1.26837034e+01 1.26800168e+00 1.16075687e+01 8.28103542e+00
    6.06129503e+00 1.10988770e+01 1.14040470e+00 6.37121773e+00
    1.05601158e+01 3.92727828e+00 9.62819576e+00 8.20532036e+00
    8.29947567e+00 8.71177864e+00 2.19205570e+00 8.01529694e+00
    8.92201138e+00 5.12372351e+00 7.51470947e+00 4.66640091e+00
    1.31801033e+00 1.14239845e+01 8.54222679e+00 1.27202768e+01
    8.80363703e-01 9.90351391e+00 1.12763271e+01 1.25004539e+01
    1.12046728e+01 4.99527407e+00 1.12639742e+01 7.99304485e+00
    3.37109327e+00 1.12312770e+00 2.91330457e+00 1.25021162e+01
    7.31418371e+00 6.16971493e+00 2.57220006e+00 4.31342983e+00
    1.20445833e+01 9.94924188e-01 1.12166719e+01 1.28780184e+01
    1.38744664e+00 4.47734737e+00 8.95717239e+00 8.68734956e-01
    2.75742197e+00 9.80042934e+00 9.94602203e+00 5.19879246e+00
    9.93448436e-01 7.16435671e+00 1.01388092e+01 5.68482780e+00
    8.05961609e+00 1.70999336e+00 3.11435771e+00 1.25858860e+01
    6.24514532e+00 1.02136409e+00 2.90139747e+00 2.12642431e+00
    2.61111522e+00 6.19938803e+00 3.90939903e+00 1.13955603e+01
    1.13354149e+01 9.82452393e+00 7.62471247e+00 7.62556458e+00
    4.51140785e+00 6.17080641e+00 6.34775925e+00 1.16599350e+01
    1.01027031e+01 9.87587547e+00 3.08595681e+00 1.01922789e+01
    8.84572887e+00 4.00410604e+00 2.63468432e+00 1.07818918e+01
    3.60671902e+00 1.60775387e+00 1.05630140e+01 1.28761971e+00
    3.99915814e+00 1.00697434e+00 3.09962797e+00 8.47493839e+00
    8.79143238e+00 7.98704576e+00 5.79848099e+00 9.31989384e+00
    2.63279366e+00 1.91740739e+00 7.79028034e+00 1.17585735e+01
    1.96729958e+00 1.25166092e+01 1.25384541e+01 3.72104073e+00
    5.92308950e+00 1.11914444e+01 1.19841805e+01 8.61211395e+00
    8.49852371e+00 4.11802578e+00 6.17017858e-02 4.64223576e+00
    5.75460911e+00 9.92251015e+00 1.01709270e+01 1.11740646e+01
    1.16476221e+01 5.93127823e+00 4.92342615e+00 6.14622116e+00
    1.04047241e+01 6.19368434e-01 1.07645721e+01 6.29826546e+00
    7.27353048e+00 1.18056498e+01 9.98059559e+00 8.20907593e+00
    8.71883774e+00 9.87804985e+00 1.10742369e+01 1.18365898e+01
    1.26351585e+01 9.17240500e-01 1.29526520e+01 4.64236593e+00
    1.24973240e+01 8.45198631e-02 1.24986649e+01 7.94623137e-01
    1.74307370e+00 1.02553301e+01 7.90527153e+00 9.59346867e+00
    4.69809532e-01 9.96636009e+00 1.11222878e+01 3.16139865e+00
    1.19283700e+00 9.42891598e+00 8.32303345e-01 2.31383038e+00
    1.27442093e+01 2.43096089e+00 9.31643581e+00 6.36650324e+00
    8.54304600e+00 3.65085340e+00 5.06139517e-01 1.01305895e+01
    5.42674875e+00 1.09226828e+01 7.29760885e+00 9.01637936e+00
    3.12926531e+00 4.01323605e+00 1.29796247e+01 9.49241257e+00
    4.14605427e+00 1.11713247e+01 9.14571476e+00 4.32737064e+00
    2.41029954e+00 8.84956777e-01 1.29077358e+01 7.14345169e+00
    1.85874295e+00 9.24044323e+00 6.41189528e+00 1.79713702e+00
    1.12658577e+01 4.58656740e+00 2.78774357e+00 4.71063614e+00
    1.09108458e+01 1.04131365e+01 1.26504154e+01 8.07676125e+00
    2.51737332e+00 1.24291868e+01 6.06210709e+00 9.88710022e+00
    9.22133446e+00 5.84700823e+00 2.76551962e-01 1.30195932e+01
    2.66246486e+00 3.69867659e+00 1.20012605e+00 4.19462174e-01
    8.79003239e+00 3.49422503e+00 5.67389965e+00 3.55227208e+00
    9.76568604e+00 1.25746288e+01 1.05358562e+01 3.81971312e+00
    1.24946461e+01 7.57073975e+00 1.28661470e+01 9.47764206e+00
    1.01797876e+01 8.44868279e+00 6.20525312e+00 7.85435438e+00
    1.03661060e+01 5.71955490e+00 8.16799068e+00 1.28014765e+01
    1.24039783e+01 2.68940592e+00 1.26516657e+01 8.19861031e+00
    9.83692932e+00 5.79225302e+00 9.73461151e+00 4.30622816e-01
    7.26892710e+00 2.17954606e-01 3.02861905e+00 3.79077864e+00
    1.11711988e+01 5.32783031e+00 1.05395651e+01 2.96984243e+00
    1.26064062e+01 2.92769432e+00 2.49506697e-01 1.21916914e+01
    2.15949559e+00 3.98133636e+00 1.20897675e+01 3.72025204e+00
    8.68208504e+00 3.25317168e+00 1.05921149e+00 9.36276913e+00
    1.32934260e+00 6.40145874e+00 2.18999410e+00 4.63886309e+00
    1.01098099e+01 2.09259820e+00 4.00486517e+00 1.29628253e+00
    4.27533245e+00 1.10427303e+01 3.19911170e+00 7.30704880e+00
    6.27111483e+00 4.21570015e+00 1.28310299e+01 3.67313004e+00
    1.04275579e+01 6.80987644e+00 9.01537704e+00 8.56218052e+00
    1.18474407e+01 4.54383945e+00 4.06556749e+00 2.62284446e+00
    5.67095470e+00 1.24459291e+00 8.81661415e+00 9.80518913e+00
    1.19019823e+01 1.61055350e+00 1.41847348e+00 1.28394003e+01
    4.85810900e+00 5.09004974e+00 2.89556217e+00 8.84186363e+00
    1.03968811e+01 3.14104366e+00 1.62489760e+00 3.61931515e+00
    1.21010675e+01 5.33032715e-01 6.65713739e+00 6.46888304e+00
    7.91290665e+00 1.79364908e+00 1.78351140e+00 1.41576028e+00
    9.94524860e+00 9.93874645e+00 2.71926832e+00 4.84005880e+00
    5.44607067e+00 1.02809536e+00 1.06128387e+01 3.39328885e+00
    6.72464895e+00 7.13369703e+00 2.92686152e+00 1.05827703e+01
    1.02464962e+01 8.01845932e+00 2.20767784e+00 1.09442005e+01
    3.26229364e-01 1.14286232e+01 1.19418697e+01 1.04585180e+01
    1.16258650e+01 7.32683182e+00 4.56280088e+00 1.00313025e+01
    5.31636763e+00 9.24362278e+00 3.82384157e+00 4.50095510e+00
    4.42108154e+00 1.29490643e+01 1.41983807e+00 7.19731283e+00
    2.33050680e+00 1.02525015e+01 6.83765268e+00 6.22319579e-01
    8.04253006e+00 3.74817818e-01 4.18923950e+00 5.67916059e+00
    9.88752079e+00 1.00147238e+01 1.20871191e+01 3.61415935e+00
    4.80197144e+00 7.49313498e+00 5.90937996e+00 1.80145562e+00
    4.65139627e+00 4.58723974e+00 2.12481284e+00 1.13166952e+01
    4.36125708e+00 1.84679854e+00 1.24762106e+01 8.44064140e+00
    5.07201004e+00 1.22964544e+01 6.93245029e+00 4.35559845e+00
    1.09648457e+01 4.58172226e+00 1.20296669e+01 1.09309025e+01
    4.48033619e+00 4.77178669e+00 1.06232376e+01 4.41776419e+00
    8.48614407e+00 1.86244416e+00 1.22239809e+01 5.80878210e+00
    7.37490559e+00 8.09248352e+00 6.12315941e+00 8.74064445e+00
    1.17032013e+01 1.13240337e+01 3.04496861e+00 1.12043428e+01
    7.66103649e+00 1.52234286e-01 8.21590328e+00 4.07944393e+00
    1.07105150e+01 6.44984198e+00 8.53871059e+00 1.12957249e+01
    1.03330297e+01 6.66020393e+00 9.75397205e+00 4.63684607e+00
    6.65398741e+00 6.02111864e+00 6.73847437e+00 7.53128672e+00
    1.10821924e+01 7.94895840e+00 4.78755331e+00 4.94865775e-01
    1.12244835e+01 3.65715647e+00 8.08248520e+00 8.75702095e+00
    1.03273249e+01 1.19134588e+01 1.06378937e+01 3.21472812e+00
    8.44115067e+00 4.16250563e+00 9.25562286e+00 7.90095377e+00
    6.21641588e+00 9.93331146e+00 6.91685963e+00 4.23740864e+00
    1.24032917e+01 5.41764307e+00 7.99283981e+00 5.24186313e-01
    1.10074272e+01 1.15752964e+01 1.74074364e+00 9.59933460e-01
    1.09615955e+01 2.28371000e+00 3.93382764e+00 8.54561806e+00
    1.26469164e+01 9.98779964e+00 7.99240875e+00 1.18483477e+01
    6.22653365e-01 1.07230031e+00 1.27086849e+01 1.17510138e+01
    1.96411061e+00 1.21156950e+01 1.27562389e+01 3.28758478e+00
    5.37131596e+00 1.01563272e+01 8.73082352e+00 1.13010521e+01
    8.04356670e+00 2.40495372e+00 1.17318802e+01 2.16671324e+00
    7.50584269e+00 3.89493632e+00 4.35222483e+00 7.12290192e+00
    8.98144722e+00 8.04175186e+00 8.21589756e+00 4.15991545e+00
    3.60353351e+00 1.05537901e+01 4.11198568e+00 4.46803904e+00
    2.39940238e+00 1.24624872e+00 1.23869944e+01 2.13937855e+00
    4.85037184e+00 1.22511301e+01 9.24178886e+00 8.60892773e+00
    3.47862411e+00 7.65148306e+00 1.20775862e+01 5.17319536e+00
    3.94946146e+00 4.09146118e+00 5.32925510e+00 2.58752078e-01
    1.23139477e+01 9.02300835e+00 1.13509588e+01 9.13372421e+00
    7.30388880e+00 1.53808916e+00 1.03996525e+01 1.44134092e+00
    5.14738464e+00 5.08318090e+00 8.04427910e+00 3.16596127e+00
    1.55874538e+00 5.80582476e+00 1.65439999e+00 3.24112272e+00
    7.80311346e+00 6.95210338e-01 8.64318013e-01 1.25276432e+01
    4.95271921e+00 2.89506698e+00 1.01040525e+01 6.88787031e+00
    4.03756666e+00 3.23670149e-01 2.77303004e+00 9.72059059e+00
    2.74949884e+00 8.24374485e+00 8.88067341e+00 9.45708752e+00
    9.81669188e-01 1.01691608e+01 1.21367359e+01 1.28905678e+01
    6.12277031e+00 2.20426989e+00 8.00322652e-01 1.01016464e+01
    7.38526678e+00 5.44595066e-03 6.43440819e+00 4.97231960e+00
    8.00313282e+00 5.98580456e+00 3.09039259e+00 1.16979818e+01
    8.93593788e+00 1.04407167e+01 3.80438137e+00 8.30791950e+00
    5.59798336e+00 4.41003180e+00 1.04561205e+01 4.62437153e+00
    1.23802748e+01 6.68717480e+00 1.12385426e+01 2.86415291e+00
    1.27047443e+01 8.53488445e-01 2.11736512e+00 9.10113335e+00
    3.20373535e+00 1.15371456e+01 1.10366096e+01 7.67051411e+00
    9.99267769e+00 8.32681561e+00 4.68805408e+00 1.00450869e+01
    1.61555827e+00 5.96095848e+00 8.02787209e+00 2.47932315e+00
    3.27715397e+00 1.20287514e+00 4.58115053e+00 3.67485499e+00
    1.00487776e+01 9.67524624e+00 1.29328165e+01 1.02709074e+01
    1.24150395e+00 8.51933193e+00 5.06160617e-01 1.61051846e+00
    8.72595024e+00 1.13683558e+01 1.07630653e+01 2.06719494e+00
    8.20657158e+00 3.05732918e+00 1.14109821e+01 1.21305971e+01
    7.41617489e+00 4.56456661e+00 8.51880741e+00 9.98790836e+00
    3.82076859e+00 1.28979139e+01 5.63347864e+00 6.47616148e+00
    4.73805141e+00 8.86586761e+00 8.32377243e+00 1.00431194e+01
    6.98094940e+00 5.70526063e-01 1.70059705e+00 1.06995506e+01
    3.54171276e-01 6.18706751e+00 2.26951289e+00 4.18453455e+00
    1.46662891e+00 1.13480511e+01 5.64586592e+00 1.40425515e+00
    2.30884647e+00 2.84665036e+00 1.10236521e+01 3.97614813e+00
    3.12229180e+00 4.87328243e+00 1.30233831e+01 3.19314432e+00
    1.08176661e+01 1.23249769e+00 1.06125307e+01 1.52380800e+00
    7.95120001e+00 5.94003153e+00 1.02658319e+01 9.13384819e+00
    8.21277332e+00 1.20910673e+01 6.15635777e+00 2.94845009e+00
    1.27739944e+01 1.07540855e+01 1.76028118e-01 6.13935757e+00
    1.68276680e+00 1.29217796e+01 8.36067200e+00 1.00033293e+01
    4.10115421e-02 1.27320728e+01 9.87447071e+00 1.21823525e+00
    2.91872430e+00 5.41641665e+00 1.27342615e+01 4.70755100e+00
    1.13136940e+01 1.25025492e+01 6.92146349e+00 3.16813421e+00
    9.72151756e+00 7.81746912e+00 8.29874802e+00 9.26139069e+00
    1.05159187e+01 9.27805519e+00 1.13626785e+01 1.03874998e+01
    9.94269848e+00 7.58627462e+00 3.33280706e+00 6.29497957e+00
    9.42528152e+00 4.05317593e+00 3.73412251e+00 1.39464438e+00
    5.00973845e+00 7.25150704e-01 7.13822424e-01 5.68391991e+00
    8.54572654e-01 3.13762069e+00 5.78339624e+00 1.15870600e+01
    1.89673734e+00 1.14894104e+01 1.20857930e+00 1.18436804e+01
    9.84469891e+00 7.05539227e-01 3.99291611e+00 8.73187733e+00
    6.11907816e+00 2.47197390e+00 9.00062561e+00 1.01172810e+01
    1.00625381e+01 9.63280010e+00 9.97629452e+00 1.05271025e+01
    9.86612797e-01 4.68947935e+00 8.26496601e+00 1.08351259e+01
    1.36767268e+00 8.01974964e+00 3.42889094e+00 1.07275810e+01
    1.15931301e+01 9.64747715e+00 7.80153370e+00 1.23196468e+01
    1.19561443e+01 4.48784304e+00 7.07816887e+00 2.35763693e+00
    1.15733004e+01 1.01910114e+01 5.28332996e+00 4.76938337e-01
    8.36341476e+00 6.34059429e+00 7.60585356e+00 3.37950796e-01
    5.08336735e+00 1.28900280e+01 7.28809643e+00 7.72575474e+00
    3.12679744e+00 5.57734203e+00 6.82593060e+00 2.27964091e+00
    1.15113001e+01 8.71856308e+00 1.10176811e+01 8.61154556e+00
    1.56287134e+00 5.67761946e+00 9.79430485e+00 3.08588123e+00
    7.09904432e+00 8.35515308e+00 7.86859560e+00 1.52586389e+00
    1.18813343e+01 3.52817798e+00 7.80793762e+00 9.89377499e+00
    1.24552412e+01 1.19602394e+01 3.64315724e+00 1.01987839e+01
    9.64002323e+00 1.09754076e+01 1.18986893e+01 4.69399023e+00
    1.03723030e+01 4.98184204e+00 1.04509516e+01 1.85626015e-01
    6.13381004e+00 1.69896472e+00 7.40455329e-01 8.81895447e+00
    1.17893133e+01 1.60032439e+00 2.88549185e+00 4.55951643e+00
    9.33962154e+00 1.12709236e+01 8.01472569e+00 5.76002073e+00
    1.08725519e+01 2.52399182e+00 3.94014978e+00 4.28421783e+00
    9.42963791e+00 9.07316685e+00 8.55087662e+00 6.86935806e+00
    6.65077591e+00 1.06077518e+01 1.24815063e+01 1.21301470e+01
    7.01050806e+00 6.08503056e+00 8.86290264e+00 3.31903100e+00
    8.92776394e+00 4.50349808e+00 6.34619951e+00 5.35816336e+00
    1.24020357e+01 1.39014173e+00 4.66829872e+00 9.59619331e+00
    7.57229853e+00 5.61708641e+00 3.71032643e+00 3.00445676e+00
    2.38951874e+00 9.58338833e+00 6.42632246e+00 4.97722149e+00
    5.85556746e+00 1.24293957e+01 7.02740908e+00 5.39874458e+00
    1.06784372e+01 6.93877792e+00 6.58496332e+00 9.01834106e+00
    9.97732878e-01 2.18346810e+00 1.03258400e+01 6.62145042e+00
    1.24362812e+01 1.19550085e+01 1.89649892e+00 1.21372061e+01
    1.24104795e+01 2.28174329e+00 2.14048982e+00 1.26984720e+01
    7.45688009e+00 3.45092440e+00 1.30425348e+01 8.90999413e+00
    2.18058228e+00 1.10359669e+01 8.65020370e+00 3.64020729e+00
    5.96055937e+00 2.35718679e+00 7.83068657e+00 1.27100077e+01
    2.06471944e+00 3.48400545e+00 9.47575569e+00 1.16729326e+01
    1.14325523e+01 7.30991840e+00 9.05854034e+00 4.45079517e+00
    7.79288006e+00 1.09604084e+00 4.00970411e+00 7.03812218e+00
    1.57938552e+00 9.94146729e+00 5.74864483e+00 5.85231495e+00
    4.92659712e+00 1.23671684e+01 1.08891010e+01 9.04365635e+00
    6.84517741e-01 2.60513592e+00 6.12620354e+00 9.56248379e+00
    8.83303928e+00 1.26950378e+01 1.08634300e+01 2.83933616e+00
    6.00963891e-01 8.97298241e+00 1.94217598e+00 5.13972759e+00
    1.06006784e+01 1.15648956e+01 2.82748985e+00 7.43993473e+00
    1.01716280e+01 1.25008841e+01 6.18604779e-01 2.32470345e+00
    1.06546440e+01 1.22127857e+01 3.35381079e+00 5.89139128e+00
    5.80763519e-01 1.05103445e+01 5.32310343e+00 1.03006792e+01
    1.24652939e+01 4.22924566e+00 6.13058233e+00 3.08572412e+00
    1.16824722e+01 1.12340183e+01 3.18397117e+00 3.71134806e+00
    3.40741301e+00 6.69209480e+00 3.82110262e+00 2.85397202e-01
    6.16515732e+00 5.30975723e+00 7.49817312e-01 1.07493010e+01
    1.22681608e+01 6.75620985e+00 4.54557657e+00 7.42843390e+00
    3.87088895e+00 2.69776917e+00 4.33431566e-01 1.06030779e+01
    8.50248814e+00 9.63278484e+00 5.60239697e+00 9.80771160e+00
    1.00621681e+01 1.00151980e+00 1.27019081e+01 6.79280996e+00
    2.29389977e+00 4.98382092e-01 1.10602694e+01 8.86936951e+00
    4.71529913e+00 6.09269047e+00 1.09471893e+01 1.83717799e+00
    1.22487917e+01 5.94761515e+00 3.07417774e+00 9.65255070e+00
    1.30590086e+01 1.64017475e+00 2.34366560e+00 2.59415078e+00
    4.86674833e+00 9.61071014e+00 4.59888124e+00 5.56152916e+00
    1.21860237e+01 9.02784824e+00 6.74296379e+00 1.19386225e+01
    1.25507078e+01 3.49295020e-01 8.87997055e+00 6.14275396e-01
    1.03373499e+01 5.79628849e+00 8.49909306e+00 8.36199379e+00
    7.46778679e+00 6.34027576e+00 1.27704868e+01 1.01806107e+01
    7.28143454e+00 1.29893627e+01 1.18891602e+01 3.55676985e+00
    2.62448311e+00 1.07873297e+01 1.19144526e+01 1.21657000e+01
    8.73080635e+00 5.00700660e-02 1.12830267e+01 1.22541475e+01
    1.09497566e+01 1.07257614e+01 8.34156132e+00 9.37066197e-01
    6.56879807e+00 6.66111183e+00 1.04655180e+01 9.42263031e+00
    1.22343616e+01 5.29838514e+00 8.75330544e+00 5.35549593e+00
    1.17665529e+01 1.23067303e+01 1.00898247e+01 4.20233107e+00
    1.28844671e+01 1.02522259e+01 4.59234715e+00 6.51310110e+00
    4.37024593e+00 2.43579102e+00 1.09669933e+01 1.24384604e+01
    1.10258312e+01 4.91305918e-01 9.14854109e-01 7.58852005e-01
    2.47075081e-01 1.24837513e+01 4.11841393e+00 3.94071937e+00
    1.17645845e+01 4.80513573e+00 1.11753368e+01 3.53645468e+00
    1.03789949e+01 5.97837806e-01 1.02393055e+01 8.26114082e+00
    3.81222415e+00 8.95581913e+00 9.80044842e+00 6.81725740e-01
    1.04920578e+01 2.49532795e+00 4.46007586e+00 1.25840635e+01
    9.29333782e+00 4.10948801e+00 5.45599508e+00 9.17905331e+00
    4.56447935e+00 9.05306625e+00 3.19276065e-01 5.97675705e+00
    9.49679089e+00 7.13647270e+00 1.04675531e+01 7.35456324e+00
    1.03839884e+01 2.61889791e+00 1.03375852e+00 1.15652895e+01
    7.75513601e+00 1.19405785e+01 8.68399814e-02 1.29665823e+01
    1.08452644e+01 6.09225464e+00 1.67353344e+00 5.38796234e+00
    3.37204051e+00 7.52970266e+00 1.28889599e+01 1.65036023e-01
    6.92141390e+00 6.33128023e+00 8.45061398e+00 9.79846954e+00
    4.07451248e+00 5.12233829e+00 5.37479258e+00 8.74723721e+00
    1.10487747e+01 1.04020872e+01 1.21674690e+01 1.07701216e+01
    3.94308424e+00 6.81147099e+00 6.17301273e+00 6.45614815e+00
    8.91944790e+00 9.11623192e+00 4.53728104e+00 8.02357197e+00
    5.17124701e+00 7.99122381e+00 2.63857388e+00 9.71390247e+00
    5.30654716e+00 1.11205473e+01 1.07749043e+01 5.86974430e+00
    4.71233702e+00 5.91463566e+00 1.09961443e+01 1.13307972e+01
    2.92500377e+00 9.03051186e+00 1.00157471e+01 5.80129910e+00
    1.06955795e+01 6.42872763e+00 1.08729496e+01 3.31197977e+00
    7.83521461e+00 1.11113081e+01 1.16424799e+01 8.31861591e+00
    1.28968420e+01 1.08849335e+01 7.01515245e+00 1.09141607e+01
    7.02140903e+00 1.06921854e+01 5.49800444e+00 8.73121166e+00
    7.69571447e+00 7.57357311e+00 9.51167679e+00 4.81723452e+00
    1.01836586e+01 5.59541464e+00 1.09785748e+00 1.14648457e+01
    7.89926910e+00 3.14028591e-01 6.39064503e+00 5.53113794e+00
    2.32210231e+00 3.07912469e+00 2.27691483e+00 9.65923405e+00
    7.56760406e+00 4.83523846e+00 9.16757870e+00 8.72871590e+00
    7.52884054e+00 1.29600611e+01 8.44894695e+00 3.32689929e+00
    1.03547878e+01 3.46351218e+00 1.30837154e+00 5.62837839e+00
    7.15202999e+00 1.06336870e+01 7.70590973e+00 9.26490116e+00
    9.71538448e+00 1.01453419e+01 4.48237568e-01 4.42791080e+00
    5.00555944e+00 2.00470161e+00 5.26693976e-03 5.07883024e+00
    1.03600645e+01 5.69784880e+00 1.30797787e+01 7.32660115e-01
    1.39553678e+00 5.88145447e+00 1.05956593e+01 5.66738558e+00
    1.01994600e+01 7.03022718e+00 3.28211308e-01 4.21668434e+00
    8.19955730e+00 7.04978704e+00 3.61959124e+00 5.59810758e-01
    4.14568615e+00 1.12971277e+01 2.82996202e+00 4.73168373e+00
    5.16913223e+00 9.86320078e-01 1.09082479e+01 4.39268732e+00
    2.22384334e+00 8.75589275e+00 1.10007834e+00 1.20634279e+01
    5.64637566e+00 5.99385405e+00 6.79327106e+00 1.09451742e+01
    6.21935034e+00 1.06039562e+01 2.73774171e+00 1.56771135e+00
    2.70082259e+00 4.67209435e+00 1.74189162e+00 9.21110439e+00
    8.93074608e+00 1.37845504e+00 3.00778747e-01 1.11154480e+01
    1.00055685e+01 1.24927845e+01 6.46101284e+00 8.43326473e+00
    1.12868223e+01 9.88278198e+00 9.58416176e+00 8.75643063e+00
    4.30791283e+00 2.44092202e+00 7.66307640e+00 1.06470041e+01
    4.06645393e+00 8.58512211e+00 5.14524102e-01 7.68163252e+00
    8.81378746e+00 4.36001873e+00 1.62746859e+00 4.62043190e+00
    4.89357853e+00 1.07357750e+01 1.18506775e+01 8.55647564e+00
    3.36561489e+00 5.38404107e-01 7.04151917e+00 9.11531544e+00
    5.52858973e+00 7.53406000e+00 6.71335936e+00 1.29214306e+01
    4.68300962e+00 9.04705620e+00 2.75649214e+00 1.26792088e+01
    1.09756432e+01 1.40746725e+00 1.02596626e+01 6.33558869e-01
    5.20141268e+00 3.15378642e+00 6.12210417e+00 1.82802188e+00
    2.45181203e+00 8.34081650e+00 3.35932899e+00 8.30495167e+00
    1.72863317e+00 2.79366970e+00 3.24023068e-01 2.10657096e+00
    7.44072056e+00 2.44968557e+00 1.09647341e+01 5.24209663e-02
    1.27634468e+01 5.50817442e+00 9.52906609e+00 7.94005394e+00
    1.31637549e+00 1.78264308e+00 1.19317942e+01 2.18205738e+00
    6.19340324e+00 1.19982681e+01 3.36877465e+00 1.20386057e+01
    6.26424789e+00 9.61015415e+00 1.19518213e+01 3.55277085e+00
    1.24474611e+01 1.16035070e+01 8.80316639e+00 5.43870735e+00
    5.68287086e+00 1.06358824e+01 3.04932356e+00 2.01674891e+00
    1.25984735e+01 5.33402681e+00 6.49087667e+00 5.77987194e-01
    8.89957523e+00 1.14098206e+01 8.49505520e+00 2.02634859e+00
    4.84251595e+00 4.65113735e+00 8.43957424e+00 4.81616354e+00
    3.60585856e+00 2.32273889e+00 1.36958122e+00 5.01036024e+00
    2.79632854e+00 2.21907330e+00 6.16846418e+00 9.56010437e+00
    4.02203172e-01 1.17885561e+01 1.01114006e+01 8.43301296e+00
    1.27315092e+01 8.40936089e+00 7.65214777e+00 1.20803881e+00
    6.74792624e+00 1.15386212e+00 2.03490973e+00 2.70599842e-01
    3.12665844e+00 1.28563719e+01 6.44271708e+00 2.02567768e+00
    1.27485533e+01 8.02024078e+00 4.72453833e+00 6.50994205e+00
    1.19220753e+01 1.22208843e+01 4.90940034e-01 5.94584990e+00
    2.40359569e+00 3.09081960e+00 9.62193298e+00 5.69231272e+00
    8.56803417e+00 8.74807262e+00 1.29287071e+01 1.11134958e+00
    4.00243807e+00 7.98481560e+00 1.61033964e+00 1.21469808e+00
    7.47719383e+00 1.15907936e+01 9.11880207e+00 4.22672659e-01
    8.02422619e+00 9.04100001e-01 1.15575705e+01 3.24502206e+00
    1.16996326e+01 2.35801029e+00 1.15968351e+01 1.26158609e+01
    3.08242583e+00 9.44961727e-01 3.71051240e+00 7.09464741e+00
    1.27353840e+01 4.73299742e+00 1.22620735e+01 2.17671800e+00
    4.37489897e-01 9.52457714e+00 3.03775692e+00 4.39324427e+00
    7.73804808e+00 3.78682446e+00 7.18842888e+00 8.53751183e+00
    1.81154954e+00 3.80265498e+00 2.14731383e+00 5.36368942e+00
    3.67044640e+00 1.18734705e+00 1.10827713e+01 4.41520309e+00
    8.06637955e+00 4.18857384e+00 2.86407638e+00 3.55057549e+00
    1.14999304e+01 4.96214247e+00 1.03526287e+01 2.84310794e+00
    3.61542773e+00 5.32281351e+00 3.77268934e+00 5.52961159e+00
    1.10686550e+01 8.54830456e+00 1.02441339e+01 8.61405563e+00
    5.19050837e+00 4.50900316e+00 4.93657684e+00 4.49372578e+00
    1.03706999e+01 9.98457527e+00 8.98225594e+00 3.78756428e+00
    1.15833788e+01 4.46551275e+00 1.00709081e+00 5.73752642e+00
    1.20644820e+00 3.88142514e+00 7.56394911e+00 1.69333231e+00
    2.33132887e+00 1.44352734e+00 1.21052055e+01 3.70796323e+00
    2.54020524e+00 4.41784859e+00 7.64507532e+00 1.18697271e+01
    1.61711049e+00 1.17685900e+01 6.33906555e+00 8.15704823e+00
    2.67486095e+00 6.13433504e+00 1.16536264e+01 1.97385418e+00
    1.30668659e+01 7.72482872e+00 2.86561823e+00 5.75868225e+00
    6.17209768e+00 2.70833230e+00 1.03151274e+01 2.37129307e+00
    9.61079597e+00 1.07962847e+01 8.00109386e+00 5.77923632e+00
    1.30414259e+00 9.88179970e+00 7.79650879e+00 1.12713928e+01
    1.15428457e+01 2.05400324e+00 2.82646084e+00 9.87559986e+00
    4.94988394e+00 9.62781620e+00 1.21719580e+01 9.08953857e+00
    1.78970098e+00 6.77041292e+00 6.30212021e+00 9.39084625e+00
    1.29245901e+01 1.25719128e+01 8.63746548e+00 1.06327028e+01
    1.03314447e+01 3.51536775e+00 7.18827057e+00 4.42574167e+00
    9.76389599e+00 9.74430847e+00 3.21903181e+00 1.28439550e+01
    1.20033274e+01 4.39296770e+00 8.30286980e+00 6.13383830e-01
    6.83170986e+00 1.04613676e+01 1.24857388e+01 1.58541608e+00
    1.28082478e+00 9.02392960e+00 9.00251293e+00 7.93974543e+00
    6.62885237e+00 1.27890167e+01 1.29522943e+01 6.45084620e+00
    8.36154747e+00 1.07017412e+01 6.92959070e+00 8.36115551e+00
    4.46046144e-01 6.92324829e+00 3.44415879e+00 1.16350722e+00
    5.19103384e+00 4.49851370e+00 5.31284690e-01 5.58361959e+00
    7.83169508e+00 1.22870655e+01 1.09325724e+01 9.91355991e+00
    8.21905804e+00 5.02307892e+00 1.09494610e+01 1.30068960e+01
    9.84842205e+00 1.00533018e+01 5.16212654e+00 7.14262581e+00
    1.24937296e+01 4.24307728e+00 8.45976543e+00 5.67397499e+00
    1.25354776e+01 1.69255003e-01 4.48945522e+00 7.31652308e+00
    1.17240219e+01 1.13219929e+00 1.15293093e+01 6.90430355e+00
    5.80296898e+00 6.44273949e+00 1.17274389e+01 5.76673222e+00
    5.86892784e-01 8.95610332e+00 3.97390842e+00 7.14470959e+00
    1.04548359e+01 6.23028278e+00 1.29536114e+01 6.01083326e+00
    8.70204926e+00 3.82207060e+00 7.43701649e+00 5.70117235e+00
    3.29280829e+00 6.41824913e+00 3.01514745e+00 3.57420295e-01
    2.36489964e+00 6.16111422e+00 9.53678703e+00 3.77308989e+00
    6.30253267e+00 3.35708284e+00 9.39249229e+00 1.09287796e+01
    4.63172531e+00 6.88998604e+00 6.92903328e+00 9.77388382e+00
    8.00762749e+00 1.19877644e+01 6.94080782e+00 4.34378719e+00
    3.12391520e+00 9.11488914e+00 1.14454498e+01 8.04386234e+00
    1.20869808e+01 2.58606577e+00 7.33757353e+00 1.29624987e+01
    3.57490373e+00 9.48506355e+00 6.67707443e+00 1.09513426e+01
    4.86766148e+00 7.56682825e+00 8.94804478e+00 3.11391735e+00
    7.07638836e+00 5.75136137e+00 7.23432207e+00 5.25958061e+00
    1.09688253e+01 4.24296665e+00 7.67123222e+00 2.70657992e+00
    6.19082832e+00 6.26288462e+00 1.04043350e+01 4.55854225e+00
    3.75324011e+00 1.11087656e+01 8.22576904e+00 1.80703068e+00
    1.28606443e+01 1.08934870e+01 5.32065094e-01 1.10182934e+01
    6.29735851e+00 7.99187946e+00 6.34980249e+00 4.62313890e+00
    2.83464575e+00 4.08575916e+00 7.95046759e+00 7.79420662e+00
    7.25098896e+00 8.88608742e+00 1.19143543e+01 7.29676819e+00
    1.17280407e+01 5.36610603e+00 1.08488064e+01 9.91505718e+00
    2.49164939e+00 1.01296940e+01 1.14811220e+01 1.74374759e+00
    8.98525429e+00 6.19754219e+00 2.33793950e+00 9.78971958e+00
    8.05528259e+00 7.40646267e+00 1.17521744e+01 7.23352671e+00
    1.49847102e+00 8.84150600e+00 1.39624819e-01 6.64071131e+00
    2.96773553e+00 6.12582874e+00 3.93753624e+00 3.52105069e+00
    3.25956869e+00 8.80556583e+00 6.82699013e+00 7.15041161e-01
    1.42097801e-01 3.53230214e+00 1.99773645e+00 1.07802546e+00
    2.07266545e+00 1.23067541e+01 9.45389557e+00 9.70614815e+00
    1.29079704e+01 7.51876020e+00 4.22314787e+00 5.53756905e+00
    8.38704491e+00 1.08525763e+01 2.20461249e+00 6.84839129e-01
    1.19980097e+01 2.59310555e+00 1.90882802e-01 2.17930627e+00
    2.33895969e+00 1.04534626e+01 1.27614527e+01 8.18593407e+00
    8.92380142e+00 6.14008808e+00 1.92894590e+00 1.11908112e+01
    9.78340530e+00 7.22344017e+00 5.97608185e+00 1.53007495e+00
    5.38405001e-01 1.77363527e+00 2.71086097e+00 1.01828063e+00
    7.06799364e+00 3.21109056e+00 7.26217508e+00 3.98883057e+00
    1.25546923e+01 1.08137007e+01 8.27665138e+00 7.01432419e+00
    1.08048000e+01 2.03742909e+00 1.01430082e+01 4.79310560e+00
    1.12609606e+01 1.00152612e-01 8.70291233e+00 9.67104673e-01
    1.16927099e+01 3.91705465e+00 1.15683508e+01 1.08718691e+01
    9.07819653e+00 5.39994812e+00 6.15927744e+00 2.78358006e+00
    9.21236420e+00 1.06873112e+01 1.26842880e+01 1.29757404e+00
    1.64222693e+00 8.70707893e+00 5.35720825e+00 4.31936693e+00
    2.15031409e+00 7.29997540e+00 9.84427834e+00 9.86149883e+00
    6.63034630e+00 1.27682581e+01 1.16840801e+01 1.65822148e+00
    4.50719833e-01 9.32071018e+00 5.70962048e+00 2.66877508e+00
    1.05112209e+01 4.52771139e+00 2.42032623e+00 1.12796059e+01
    9.35288548e-01 9.20193100e+00 8.99566746e+00 1.15551100e+01
    1.12699013e+01 5.89677525e+00 3.11973405e+00 5.28753567e+00
    1.30178099e+01 5.61001921e+00 2.97450352e+00 6.05034065e+00
    5.50322580e+00 1.07546406e+01 1.28039229e+00 8.87775898e+00
    3.93267125e-01 1.00628738e+01 4.88400936e+00 8.34349632e+00
    9.33125782e+00 8.58692706e-01 7.03787041e+00 8.87083721e+00
    2.70734310e+00 1.26137486e+01 2.66912246e+00 6.57437229e+00
    3.55030447e-01 1.91373599e+00 1.20348434e+01 1.02217970e+01
    7.25006342e+00 7.40034294e+00 4.91290855e+00 1.93306339e+00
    1.10259295e+01 5.51806688e+00 1.23655338e+01 4.06733394e-01
    3.39722991e+00 1.22454767e+01 1.91219485e+00 9.36604595e+00
    1.29884787e+01 7.26092148e+00 1.12928524e+01 1.02665749e+01
    1.14520636e+01 1.20812826e+01 3.54987216e+00 4.43066549e+00
    7.49014378e+00 4.90063477e+00 7.50387192e+00 1.13726082e+01
    6.84990549e+00 3.53907323e+00 8.58711910e+00 5.34831953e+00
    5.21873645e-02 5.26232290e+00 6.41268873e+00 9.47490501e+00
    7.33219004e+00 4.69184589e+00 1.15118008e+01 7.00768232e+00
    6.22285366e+00 1.26851797e+01 1.02876997e+01 2.20410013e+00
    1.15303240e+01 1.00157290e+01 9.33020496e+00 1.06770349e+00
    1.47788286e+00 8.99880600e+00 9.07239532e+00 1.63818407e+00
    3.10664105e+00 8.42900753e+00 1.06602659e+01 2.76171470e+00
    5.42669392e+00 1.04276886e+01 7.50792074e+00 2.91283894e+00
    4.40004677e-01 9.91014290e+00 2.95624542e+00 8.32247448e+00
    2.46550369e+00 7.08286762e+00 1.11415339e+00 1.73144495e+00
    8.64464283e+00 5.82555676e+00 3.04691887e+00 2.50322318e+00
    8.18281555e+00 1.23432264e+01 5.05200672e+00 5.20149994e+00
    9.11482334e+00 8.61582565e+00 6.58720350e+00 2.30944300e+00
    2.98415518e+00 7.85735846e+00 5.84831429e+00 1.24998798e+01
    9.56440258e+00 6.39548481e-01 1.27943945e+01 8.95087624e+00
    4.38603401e+00 8.62444973e+00 1.03020763e+01 3.85114360e+00
    1.03631897e+01 2.98794580e+00 9.25777531e+00 9.07025814e+00
    1.20054283e+01 2.20742702e+00 6.93701744e+00 5.20571852e+00
    4.40702009e+00 7.25668144e+00 3.14653563e+00 6.04242277e+00
    3.51346135e+00 3.88552260e+00 3.10784841e+00 1.69348884e+00
    2.88151813e+00 2.87971556e-01 1.39861190e+00 5.85806561e+00
    3.25225377e+00 1.01690216e+01 2.47929239e+00 6.71576440e-01
    7.91008234e+00 6.17250967e+00 8.93162632e+00 6.29969311e+00
    3.79686189e+00 5.00555134e+00 2.65757203e+00 2.11127424e+00
    1.04444180e+01 1.23066902e+01 5.04118145e-01 7.40146732e+00
    6.04119015e+00 6.37385845e+00 4.99258137e+00 1.28123732e+01
    1.17410779e+00 1.12979784e+01 7.26321602e+00 4.39130020e+00
    1.06472483e+01 8.09492290e-01 3.16980386e+00 1.04760084e+01
    3.48447251e+00 7.85439110e+00 7.35973263e+00 2.31934160e-01
    7.92668152e+00 6.13448763e+00 1.10258989e+01 1.04846077e+01
    1.29290514e+01 5.35749197e+00 2.67590228e-02 2.69175100e+00
    1.04167581e+00 5.01303911e+00 1.34503412e+00 1.18759880e+01
    7.83082247e+00 7.72354841e+00 6.55020618e+00 2.55784464e+00
    8.04853821e+00 8.26021576e+00 6.53133297e+00 7.58754110e+00
    1.14211826e+01 1.28179684e+01 1.22050686e+01 7.97016430e+00
    6.26758909e+00 4.26590300e+00 9.65898514e+00 4.04436445e+00
    3.79139018e+00 3.46182346e+00 1.07142048e+01 1.78080276e-01
    1.03781319e+01 1.21457634e+01 1.07430506e+01 3.67029524e+00
    2.72704124e+00 1.47202611e+00 1.18670499e+00 9.48421097e+00
    6.66512680e+00 8.21262741e+00 1.73682439e+00 2.84684324e+00
    1.25945902e+01 6.41976309e+00 4.15217847e-01 7.40662670e+00
    9.49145889e+00 1.14505405e+01 6.50693893e+00 1.14903908e+01
    1.19304228e+01 1.29412222e+01 1.25198717e+01 3.39339209e+00
    1.12173738e+01 5.25155258e+00 5.06906080e+00 7.03035021e+00
    1.12455387e+01 9.78027344e+00 2.44085383e+00 1.21437464e+01
    7.52202034e-01 5.75685596e+00 8.43017101e+00 1.21634407e+01
    9.31389809e+00 1.09084873e+01 9.67702007e+00 6.86976624e+00
    7.16931701e-01 3.92563367e+00 2.25350833e+00 5.15343952e+00
    8.34366417e+00 1.14448538e+01 7.35859632e-01 7.84073544e+00
    6.16803885e+00 5.25686359e+00 5.80946732e+00 8.18507576e+00
    6.92501593e+00 1.00647039e+01 1.07654476e+01 1.27335300e+01
    8.68157673e+00 1.25529079e+01 5.90572548e+00 9.84790134e+00
    7.48860955e-01 8.15228081e+00 1.22407923e+01 6.71151018e+00
    1.48396587e+00 8.25189495e+00 6.63938701e-01 6.75264311e+00
    1.65815639e+00 1.06386681e+01 8.13061047e+00 2.83379865e+00
    6.39613056e+00 1.97824433e-01 1.00303316e+01 3.50964212e+00
    9.68996429e+00 1.06394565e+00 2.37564039e+00 5.36029053e+00
    1.10266771e+01 6.11455059e+00 8.47189617e+00 7.07551527e+00
    1.24093361e+01 7.91271544e+00 9.09086823e-01 9.09508324e+00
    7.20792103e+00 1.10352602e+01 2.40750170e+00 1.72476709e+00
    1.12048206e+01 1.22005987e+01 1.24490681e+01 1.05876570e+01
    6.03515720e+00 4.13164520e+00 8.03333569e+00 1.19917011e+01
    7.61913252e+00 1.20978851e+01 3.29246569e+00 9.40631199e+00
    4.28940344e+00 2.70606565e+00 7.38426495e+00 8.68484783e+00
    1.21164980e+01 5.18401909e+00 9.39355755e+00 1.27197790e+01
    2.54768372e+00 3.67369699e+00 5.72264338e+00 9.21018982e+00
    1.08927345e+00 5.65770245e+00 3.48018289e+00 9.03460026e+00
    1.25852051e+01 1.12235765e+01 2.25455785e+00 2.73347449e+00
    6.84686327e+00 1.06889505e+01 1.28735876e+01 9.20829964e+00
    4.29909086e+00 9.40907478e+00 3.51014972e-01 6.99482250e+00
    5.80118561e+00 3.90491414e+00 9.02232075e+00 3.68137813e+00
    6.68910074e+00 5.92369890e+00 9.92096043e+00 4.44630861e+00
    8.44873428e+00 2.75969362e+00 4.44418764e+00 8.34195137e+00
    2.82837659e-01 9.38356495e+00 6.59492540e+00 4.00282192e+00
    2.18009663e+00 6.91784716e+00 9.67485714e+00 1.50776684e+00
    1.10554438e+01 1.20240145e+01 3.78489447e+00 1.12836761e+01
    7.40207386e+00 3.25955182e-01 1.15054007e+01 8.30539346e-01
    3.67993593e+00 1.10922403e+01 1.20947390e+01 1.05258827e+01
    2.53252935e+00 6.83625317e+00 5.88707304e+00 1.28501806e+01
    1.62036681e+00 7.43227005e+00 8.55208206e+00 9.36216259e+00
    7.00067282e+00 7.51797795e-01 1.05639897e-01 3.85931969e-01
    4.05747604e+00 6.29003143e+00 1.28077993e+01 1.01387453e+01
    2.55121183e+00 7.28243542e+00 1.20836277e+01 1.14087219e+01
    1.18583574e+01 2.69059253e+00 1.17720985e+01 3.54411244e+00
    1.11475000e+01 1.27528601e+01 1.25688210e+01 1.08374214e+01
    5.14912188e-01 5.15097713e+00 3.95728779e+00 2.63286924e+00
    4.06426573e+00 1.20644474e+01 4.27539349e+00 1.08944073e+01
    2.07259321e+00 3.64494705e+00 1.14123259e+01 7.35782385e+00
    9.12791157e+00 4.91904259e+00 4.15337515e+00 1.05063601e+01
    9.35618019e+00 1.56670904e+00 1.23935518e+01 1.00575209e+01
    2.72329569e+00 6.14490621e-02 1.12466943e+00 1.03714275e+01
    2.11163092e+00 1.00694914e+01 8.61418152e+00 6.09058094e+00
    3.00402212e+00 5.83233356e+00 7.16094494e+00 4.17707872e+00
    9.10430372e-01 1.03984737e+01 4.32120132e+00 2.73413086e+00
    8.76604939e+00 6.88243866e+00 9.99697399e+00 1.24853802e+01
    6.86900711e+00 2.59791780e+00 4.60391665e+00 2.92733878e-01
    1.17486191e+01 1.33991814e+00 1.22971792e+01 8.46606731e+00
    8.03447914e+00 6.93475389e+00 7.53071404e+00 1.19003878e+01
    8.61417770e+00 1.47602367e+00 4.20533514e+00 1.25695057e+01
    9.42601040e-02 8.58790970e+00 9.71447945e+00 4.93178511e+00
    1.14398165e+01 1.30385804e+00 5.74125528e+00 1.30735445e+01
    2.08674192e-01 3.04982901e+00 1.04580793e+01 1.02598476e+01
    5.15650809e-01 2.17012334e+00 3.93826866e+00 6.21593189e+00
    1.12650204e+01 7.10440922e+00 1.49308169e+00 6.22239161e+00
    6.14755583e+00 4.61155462e+00 4.54580784e+00 1.21451008e+00
    7.47245264e+00 1.15091991e+01 9.78379822e+00 7.49994564e+00
    6.68645716e+00 1.21618855e+00 1.30708008e+01 9.27234840e+00
    3.86198068e+00 1.02454920e+01 3.13832736e+00 6.51976347e+00
    1.29284096e+01 5.58260679e-02 7.67838955e+00 1.73256800e-01
    8.54357052e+00 1.17939806e+00 6.98841286e+00 5.06334019e+00
    1.27174366e+00 1.06277666e+01 8.47621918e+00 1.24288244e+01
    2.49232364e+00 7.35362244e+00 1.28323851e+01 6.43745422e+00
    5.95419645e-01 6.05551004e+00 1.03106918e+01 1.12297058e+00
    9.82199955e+00 2.91397190e+00 4.05785680e-01 1.87325168e+00
    9.48037529e+00 5.47468901e+00 3.46282244e+00 1.15574207e+01
    6.68830919e+00 2.28799725e+00 8.41642857e+00 1.06832247e+01
    9.28979397e+00 5.04228830e+00 1.79461038e+00 2.05789232e+00
    1.05906677e+00 6.32753515e+00 7.54244137e+00 5.54888201e+00
    3.53896689e+00 1.03029985e+01 9.36527061e+00 3.22837234e+00
    8.63004971e+00 3.45727110e+00 4.01478481e+00 1.64479554e+00
    9.36617279e+00 1.08847656e+01 1.02515459e+00 1.00881939e+01
    9.79495907e+00 6.63702917e+00 9.04321671e+00 4.76211786e+00
    2.67148662e+00 4.99374199e+00 2.26648688e+00 1.16047916e+01
    1.45672858e+00 1.13766088e+01 2.66927552e+00 1.25681603e+00
    9.93122005e+00 6.25783300e+00 3.53712821e+00 3.07456636e+00
    4.59048271e+00 2.15071344e+00 2.59437919e+00 8.11933899e+00
    7.21047211e+00 5.28137589e+00 4.27768993e+00 2.49571347e+00
    2.20149565e+00 8.57499599e-01 7.84964752e+00 1.05353727e+01
    7.02017212e+00 1.13700075e+01 5.18129444e+00 1.17184610e+01
    1.82536209e+00 6.70962000e+00 6.75105095e+00 5.89612627e+00
    1.29168434e+01 8.15308285e+00 6.47469234e+00 5.13141251e+00
    1.12282829e+01 3.43657947e+00 1.61788213e+00 5.22540998e+00
    1.28016071e+01 3.47501445e+00 8.08131027e+00 1.29576111e+01
    3.48380864e-01 5.55105066e+00 7.34133625e+00 7.50861788e+00
    4.72941399e+00 7.83758259e+00 4.58481932e+00 2.61802030e+00
    9.54790878e+00 9.44622517e+00 8.71790695e+00 5.14588547e+00
    5.52991533e+00 5.06496334e+00 4.95759201e+00 9.51359653e+00
    1.26344538e+00 1.02311316e+01 1.27321701e+01 1.15803699e+01
    1.20713911e+01 1.07064171e+01 7.37557220e+00 5.43992949e+00
    7.39435148e+00 5.79417181e+00 5.22430515e+00 4.08760357e+00
    2.02029133e+00 2.70249701e+00 3.89854717e+00 9.74073029e+00
    4.62647581e+00 5.43207121e+00 1.98670313e-01 5.67862606e+00
    6.94697142e-01 6.14715958e+00 1.04961519e+01 1.03419647e+01
    2.20213962e+00 6.93626404e+00 2.42624593e+00 7.87409592e+00
    5.65451479e+00 6.70540810e+00 3.32792521e+00 9.44198990e+00
    9.38265038e+00 1.90721178e+00 4.92594862e+00 5.43260098e+00
    1.08270922e+01 1.20592957e+01 3.18821311e+00 4.38879919e+00
    1.05377474e+01 8.77338219e+00 1.17026579e+00 1.08926134e+01
    3.28669381e+00 1.10002232e+01 7.56187391e+00 2.69660759e+00
    6.97045088e+00 1.21100082e+01 4.96601868e+00 1.28969753e+00
    9.44552708e+00 4.82837200e+00 1.88887969e-01 1.21752739e+01
    1.90935862e+00 5.86009502e+00 1.76939213e+00 1.51381159e+00
    1.12677689e+01 1.26194487e+01 2.26790476e+00 1.21896000e+01
    2.66670156e+00 1.22499275e+01 1.26529741e+01 5.51040936e+00
    1.02306108e+01 9.00082302e+00 3.37599683e+00 3.91479254e+00
    1.06823559e+01 7.84650612e+00 3.15221167e+00 2.78563231e-01
    1.15232286e+01 3.82271433e+00 1.16586936e+00 1.08689451e+00
    1.23698063e+01 2.56284356e+00 1.68652654e+00 9.07072639e+00
    5.82996464e+00 6.66112900e+00 7.66816282e+00 1.07510138e+01
    2.19484568e+00 5.06014490e+00 6.00011253e+00 3.54130077e+00
    6.86984956e-01 6.68621588e+00 2.73763925e-01 1.09888535e+01
    2.07273316e+00 4.40062046e+00 9.92690754e+00 1.07712717e+01
    1.09636631e+01 6.94299507e+00 4.62379885e+00 1.15566130e+01
    1.13029642e+01 4.92995644e+00 7.82351828e+00 1.32033646e+00
    8.46199322e+00 8.98096275e+00 1.64997971e+00 6.77336502e+00
    5.52823830e+00 8.44715214e+00 1.06400480e+01 2.95425773e+00
    4.03871953e-01 9.66892624e+00 4.64763880e+00 6.04595518e+00
    1.26366310e+01 3.73618984e+00 7.05078185e-01 7.18282604e+00
    1.59435844e+00 1.28032341e+01 6.23120403e+00 1.00989628e+01
    9.77271748e+00 1.07235241e+01 3.01145816e+00 3.85583568e+00
    5.01931810e+00 1.20781565e+01 1.30364742e+01 8.58211899e+00
    5.80800676e+00 1.09475422e+01 6.05501318e+00 7.32979107e+00
    8.93630981e+00 8.83629417e+00 9.00882706e-02 3.20372391e+00
    4.53300762e+00 4.26410794e-01 4.91704130e+00 1.00914021e+01
    7.97124386e+00 5.56871271e+00 4.18786669e+00 1.30839777e+01
    1.02163181e+01 1.22618456e+01 8.51034451e+00 7.22191000e+00
    1.48592091e+00 1.06117868e+01 5.18993759e+00 8.83403111e+00
    7.98644829e+00 1.25261889e+01 8.24998951e+00 1.14880247e+01
    7.02512455e+00 2.55649328e+00 5.23552847e+00 4.52990723e+00
    3.32690644e+00 1.19478426e+01 8.66972542e+00 3.59906030e+00
    6.85548878e+00 1.17776833e+01 1.18236189e+01 9.80719852e+00
    2.83107376e+00 7.10787106e+00 9.13085461e+00 9.59231567e+00
    6.77803087e+00 4.65318823e+00 5.74452639e+00 1.18703251e+01
    6.42164135e+00 1.19433222e+01 1.86069858e+00 1.13328428e+01
    7.62159109e+00 1.29036493e+01 1.05959568e+01 1.13716230e+01
    2.75510955e+00 6.81052268e-01 3.01687455e+00 6.89673710e+00
    1.28320007e+01 2.95820475e+00 3.81779599e+00 3.46512246e+00
    5.26525211e+00 2.60980606e+00 3.30828524e+00 6.30821514e+00
    6.69316721e+00 1.23350501e+00 5.33411407e+00 2.55464911e+00
    2.73733854e+00 3.88738036e-01 4.64280939e+00 1.30432444e+01
    3.72649401e-01 3.38545585e+00 1.27311916e+01 5.98995686e+00
    6.58996630e+00 3.51443577e+00 3.84648347e+00 6.36695290e+00
    3.00997043e+00 3.17629313e+00 5.65231419e+00 3.89880443e+00
    1.26330376e+00 4.77502632e+00 1.27330761e+01 7.04973698e+00
    4.46494865e+00 3.18560696e+00 1.27983084e+01 1.82855105e+00
    1.01055641e+01 7.08319366e-01 5.58995628e+00 4.69418727e-02
    1.62994134e+00 1.19462585e+00 7.69695520e+00 7.39925385e+00
    6.97081089e+00 2.27044964e+00 9.81560612e+00 8.76053035e-01
    4.00594759e+00 1.06138973e+01 1.18456612e+01 8.69822121e+00
    1.26298742e+01 6.73301840e+00 1.23799677e+01 4.92748886e-01
    7.09625101e+00 8.96081161e+00 9.47375202e+00 1.13620377e+01
    1.28704891e+01 5.53160477e+00 1.19402027e+01 6.80021667e+00
    2.40644836e+00 5.19763803e+00 2.35978556e+00 9.30450058e+00
    1.26127052e+01 5.04866409e+00 9.07350826e+00 2.58728004e+00
    1.00347834e+01 8.09141159e+00 7.15340614e+00 9.41835117e+00
    4.04400969e+00 1.20017824e+01 4.93127871e+00 7.38123178e+00
    7.45218873e-01 3.28196454e+00 8.04551220e+00 1.07505398e+01
    2.28598332e+00 7.85003805e+00 1.21972523e+01 5.00619745e+00
    1.96272683e+00 8.23204899e+00 4.91375113e+00 1.13104954e+01
    1.14699440e+01 1.36299217e+00 2.71023726e+00 2.33015108e+00
    3.56664753e+00 8.42780590e+00 5.02040100e+00 3.87861729e-01
    4.74915385e-01 1.13840399e+01 3.44200182e+00 5.57913589e+00
    1.27086906e+01 1.27003393e+01 6.28093624e+00 3.12028098e+00
    1.20144053e+01 7.83037186e+00 1.21922550e+01 5.72740984e+00
    1.25689058e+01 3.07869267e+00 4.39950943e+00 3.79489988e-01
    6.87074721e-01 5.45385647e+00 1.17775669e+01 1.18929732e+00
    8.42459011e+00 5.07861233e+00 9.55464458e+00 3.40635848e+00
    9.17718601e+00 6.84164143e+00 2.42591286e+00 2.20986247e+00
    2.72637177e+00 1.29490912e+00 7.78148365e+00 3.30422258e+00
    8.34168339e+00 2.10318565e+00 3.73335004e+00 3.33847547e+00
    5.91461277e+00 8.84270191e+00 9.73889112e-01 3.50427210e-01
    3.64509630e+00 1.16329231e+01 8.08837128e+00 6.95997143e+00
    6.61228991e+00 1.00803013e+01 5.59917021e+00 5.39072323e+00
    1.11079454e+01 4.87289953e+00 4.18432522e+00 1.00480452e+01
    3.15481067e+00 8.26356220e+00 4.32041979e+00 5.71101236e+00
    1.05160093e+01 4.55103445e+00 5.22721910e+00 6.69994354e+00
    1.28257599e+01 6.09726191e+00 8.08685684e+00 1.21566681e-02
    3.49731040e+00 1.18998814e+01 9.47862911e+00 2.56212163e+00
    1.06713963e+01 1.20323009e+01 1.24519062e+00 2.70721340e+00
    5.03258419e+00 1.28592157e+01 7.99887848e+00 3.91101432e+00
    8.39203548e+00 1.12158861e+01 1.21461687e+01 5.57942331e-01
    7.02807140e+00 1.17803745e+01 9.34211254e+00 1.03256111e+01
    4.45973444e+00 4.40345716e+00 4.57472801e+00 8.51284981e+00
    8.09374428e+00 4.55505085e+00 1.01618376e+01 1.24323063e+01
    1.05863104e+01 9.47047520e+00 1.15822563e+01 1.16122448e+00
    7.40017605e+00 4.72927666e+00 1.39495182e+00 1.20490160e+01
    1.47311974e+00 4.97980690e+00 3.34495974e+00 8.81719875e+00
    9.69854641e+00 7.80151463e+00 1.62032068e+00 5.69325876e+00
    7.40747643e+00 2.80661082e+00 6.82407045e+00 6.48568869e+00
    1.18341198e+01 6.44234371e+00 5.81873465e+00 1.06795702e+01
    5.55150747e+00 1.19119625e+01 9.54035854e+00 5.76303720e+00
    1.00380369e-01 7.32332897e+00 5.41590786e+00 1.37004390e-01
    9.92600536e+00 1.04161873e+01 1.00145330e+01 1.26827908e+01
    7.46272993e+00 8.72226715e+00 2.60741591e+00 4.37811136e+00
    8.96791363e+00 3.61074924e+00 1.11122742e+01 1.13586102e+01
    7.97251415e+00 6.49472535e-01 4.58501530e+00 1.15266371e+01
    1.06689405e+01 1.03496046e+01 6.39461803e+00 6.08976889e+00
    8.83377266e+00 1.08778286e+00 1.09708042e+01 2.86816072e+00
    4.64955950e+00 9.33787727e+00 9.43990135e+00 6.92450762e+00
    3.55849934e+00 1.13727322e+01 1.02242823e+01 5.05121231e-01
    1.08868885e+01 1.02869549e+01 6.41567707e+00 9.11594772e+00
    3.18811035e+00 5.28725982e-01 1.03154831e+01 5.73642826e+00
    7.12556934e+00 8.10673809e+00 1.23314695e+01 9.80912685e+00
    9.15398693e+00 6.71383810e+00 5.04042387e+00 1.29032097e+01
    8.90424442e+00 3.65092826e+00 4.94578171e+00 1.02879114e+01
    5.92724228e+00 1.12787209e+01 8.52013779e+00 7.55491352e+00
    1.60988712e+00 1.14466667e+01 9.08663464e+00 6.77507520e-01
    5.99717569e+00 5.74839783e+00 5.52974510e+00 9.53146172e+00
    8.10743427e+00 3.11259699e+00 6.47197628e+00 5.38532853e-01
    7.35263443e+00 2.72858763e+00 3.81003523e+00 1.20151348e+01
    2.74816084e+00 1.26811779e+00 6.93257761e+00 5.83542824e+00
    8.77581501e+00 4.27960157e+00 3.50095248e+00 1.21845894e+01
    1.90765059e+00 2.94753695e+00 1.01608305e+01 7.50172234e+00
    7.32044983e+00 3.03708816e+00 7.17514563e+00 1.33825481e+00
    2.49776459e+00 9.88171864e+00 1.10771189e+01 6.85591507e+00
    1.07937298e+01 1.05453691e+01 1.24767332e+01 2.55965233e+00
    4.29271787e-01 1.09776535e+01 8.38209724e+00 2.37642646e+00
    1.25671339e+01 1.61788106e+00 1.16143532e+01 1.13156581e+00
    1.10877218e+01 6.93490314e+00 9.69549561e+00 2.12654829e+00
    1.20668039e+01 5.81892014e+00 9.63446331e+00 6.10885382e+00
    1.04422865e+01 9.24723816e+00 1.08946924e+01 1.85223079e+00
    1.59529316e+00 9.60002804e+00 9.19633675e+00 4.65776348e+00
    9.99013710e+00 1.14220333e+01 1.16929903e+01 1.17840576e+00
    1.51867199e+00 1.00361671e+01 4.01943874e+00 4.04302311e+00
    1.91974998e+00 1.25020256e+01 8.39249039e+00 7.19610929e+00
    1.20245342e+01 8.59158993e+00 1.16363115e+01 1.11557331e+01
    9.46793842e+00 6.57718039e+00 1.03252831e+01 9.14941406e+00
    8.70260048e+00 1.64595807e+00 7.87131739e+00 1.24597442e+00
    6.92104053e+00 1.88659763e+00 8.37575340e+00 3.92405462e+00
    8.08167648e+00 1.27698708e+01 8.90828991e+00 5.86254501e+00
    7.78666782e+00 1.24962282e+01 1.75119269e+00 9.90494728e+00
    6.41196966e+00 2.16300631e+00 1.01095114e+01 9.33180904e+00
    8.49130726e+00 3.27569389e+00 5.45176506e+00 9.85969639e+00
    9.07593536e+00 1.66148677e-01 1.26627874e+01 7.10402393e+00
    1.15405989e+01 2.79618907e+00 9.52504921e+00 8.00673246e-01
    1.04150753e+01 5.20036697e+00 3.82513261e+00 8.88733006e+00
    1.02831373e+01 1.11344528e+01 6.45793915e+00 4.47034264e+00
    1.52729738e+00 7.47229481e+00 7.20636225e+00 1.08170958e+01
    8.56100941e+00 1.13105783e+01 6.29531240e+00 1.32571256e+00
    3.95248461e+00 1.04989376e+01 2.09974065e-01 1.08270397e+01
    1.23225870e+01 1.17169180e+01 1.50960553e+00 1.14494362e+01
    8.40374291e-01 3.89701581e+00 1.16500978e+01 1.18956509e+01
    3.91094589e+00 1.44640076e+00 6.43837118e+00 5.85976553e+00
    3.34229064e+00 1.20478344e+01 6.80058098e+00 1.29050083e+01
    7.01815081e+00 1.24085207e+01 4.32064962e+00 7.00966358e-01
    1.24180183e+01 1.14876759e+00 1.70794857e+00 7.83221149e+00
    3.48181701e+00 8.83030415e+00 6.08273220e+00 1.14463072e+01
    6.55844688e+00 6.98256350e+00 7.79317188e+00 3.08411503e+00
    5.12880039e+00 7.32968664e+00 4.54095507e+00 3.98417211e+00
    1.25803833e+01 2.00100350e+00 9.51543808e+00 1.28801165e+01
    6.08005571e+00 1.11685257e+01 4.32766771e+00 3.56670165e+00
    1.30676765e+01 1.16781912e+01 5.96592784e-01 9.98607159e+00
    8.14529991e+00 6.06899309e+00 5.07199955e+00 5.86500549e+00
    1.23704500e+01 7.46661350e-02 1.04787674e+01 4.74732304e+00
    6.96473837e+00 7.24128962e+00 7.33232927e+00 8.21933937e+00
    4.86798906e+00 1.67860818e+00 7.10687017e+00 3.51957846e+00
    5.24462223e+00 1.96694303e+00 3.35536051e+00 1.00877790e+01
    9.56689358e+00 6.04012966e-01 2.51890922e+00 1.01916666e+01
    3.89526844e+00 1.16317463e+01 6.97230935e-01 1.28646612e+01
    1.28989792e+01 2.57225513e+00 3.32569385e+00 9.94554877e-01
    5.54423618e+00 6.57296181e+00 6.22312307e+00 1.06752586e+01
    4.26441097e+00 1.14758167e+01 1.27393847e+01 1.26113567e+01
    8.86657119e-01 4.42414713e+00 1.10469475e+01 7.85128355e+00
    7.51103386e-02 9.40232944e+00 1.17851305e+01 1.06066246e+01
    4.00645924e+00 6.95851147e-01 8.07175446e+00 1.89594853e+00
    1.01207504e+01 1.04373567e-01 1.12570677e+01 4.21468019e+00
    6.00749159e+00 9.13000202e+00 8.19500828e+00 3.05392790e+00
    1.27593517e+01 6.94732237e+00 8.94148159e+00 5.11612844e+00
    7.62791109e+00 4.58372545e+00 1.20728636e+01 1.11028233e+01
    5.63283682e+00 1.71087742e+00 2.26779914e+00 3.13482070e+00
    5.04042506e-01 1.13709030e+01 3.91801310e+00 1.09255791e+01
    2.74104118e+00 1.18864393e+01 3.62240314e-01 6.80456114e+00
    8.29240227e+00 9.61835098e+00 3.91209149e+00 9.64944839e+00
    1.15178614e+01 1.22686567e+01 6.28034592e-01 1.15617046e+01
    6.67699862e+00 3.45306563e+00 9.95757461e-01 2.75270510e+00
    8.02919960e+00 8.07378387e+00 2.81277347e+00 7.34441137e+00
    3.71964598e+00 4.63327789e+00 1.82379261e-02 2.10196543e+00
    1.91701025e-01 6.98765182e+00 3.04474092e+00 1.17657423e+01
    8.23701191e+00 5.04360485e+00 6.15769911e+00 2.89065266e+00
    2.70432067e+00 1.03536820e+00 7.60780096e+00 1.06886873e+01
    3.51796818e+00 9.53556728e+00 1.23687105e+01 9.70535183e+00
    5.46963358e+00 1.03261395e+01 4.83605862e+00 2.35428542e-01
    2.71428585e-01 5.61121988e+00 1.02000284e+01 4.84442568e+00
    1.19830856e+01 1.08217335e+01 1.27260971e+01 1.25186872e+01
    1.52195260e-01 1.19133101e+01 3.59202862e+00 1.11021881e+01
    1.21617222e+01 8.36478353e-01 5.00865078e+00 1.27353973e+01
    8.26661301e+00 3.26679014e-02 2.79941177e+00 6.86482000e+00
    1.21738367e+01 4.34810781e+00 9.40547657e+00 8.29263973e+00
    1.07985353e+00 1.16698208e+01 3.20735788e+00 5.28259659e+00
    6.91419899e-01 1.26299036e+00 6.22907579e-01 1.09190893e+01
    1.22465534e+01 4.24268103e+00 1.14518414e+01 3.38339543e+00
    9.34872627e+00 1.03513880e+01 1.27750854e+01 3.72325468e+00
    7.84753847e+00 1.62524000e-01 1.12977209e+01 9.72066116e+00
    8.33660507e+00 9.92121887e+00 1.07955284e+01 5.21315670e+00
    1.27201195e+01 7.46959209e+00 1.61470950e+00 2.21526504e+00
    3.92342758e+00 1.95301449e+00 4.89152098e+00 6.97508287e+00
    1.03420143e+01 4.17143774e+00 9.83191204e+00 4.91223431e+00
    1.14773297e+00 4.84098005e+00 5.93209791e+00 6.88269043e+00
    1.06115131e+01 1.05606022e+01 4.20220375e+00 5.01604605e+00
    8.40330410e+00 1.90800726e+00 4.88184690e+00 1.96509874e+00
    8.47703075e+00 1.12363777e+01 1.17590141e+01 8.57423115e+00
    1.95154119e+00 9.01836300e+00 4.63677549e+00 1.01440592e+01
    1.26678121e+00 1.21418610e+01 5.01816654e+00 1.28052702e+01
    4.07213867e-02 8.06910229e+00 1.26793337e+01 7.11484432e+00
    1.22018394e+01 4.49473572e+00 1.12563210e+01 4.18823433e+00
    6.20991039e+00 1.03246002e+01 1.01812363e+01 2.99551558e+00
    7.15476704e+00 4.99649715e+00 5.72080851e+00 1.08698063e+01
    8.54233456e+00 1.24193640e+01 9.47673321e+00 5.61498737e+00
    4.74530172e+00 4.59042263e+00 2.51634264e+00 5.54319239e+00
    2.14854503e+00 1.17439508e+01 1.12501974e+01 6.49120235e+00
    5.68401098e+00 8.11347294e+00 3.19532394e+00 1.22483273e+01
    1.30470872e+00 5.09559822e+00 3.42322493e+00 4.00570536e+00
    6.26225615e+00 9.22338390e+00 1.18673420e+00 1.12132177e+01
    1.23180437e+01 4.71786118e+00 1.12958908e+01 7.76629210e+00
    1.07083941e+01 1.20460472e+01 8.97826958e+00 6.64667511e+00
    7.69170952e+00 1.16914892e+00 1.03149576e+01 1.19815073e+01
    1.03172922e+01 5.23599911e+00 6.93404245e+00 1.05122929e+01
    1.21681147e+01 4.10798597e+00 1.00198734e+00 3.19053245e+00
    1.08432493e+01 5.97096252e+00 1.42419863e+00 8.67362309e+00
    6.70911503e+00 4.44616890e+00 3.90370822e+00 1.07225332e+01
    7.54908442e-01 5.62246037e+00 8.57710838e+00 2.47812942e-01
    4.87590933e+00 1.20526752e+01 5.69483423e+00 5.78298950e+00
    9.97046947e+00 3.04815197e+00 6.28917933e-01 4.84107304e+00
    1.26853428e+01 1.35339820e+00 1.94234610e+00 1.13839273e+01
    3.15999079e+00 2.53222489e+00 1.21280136e+01 1.10421963e+01
    7.11672020e+00 9.41768074e+00 6.77149439e+00 3.48463774e+00
    1.22277536e+01 5.35237217e+00 1.33483887e-01 1.23864069e+01
    4.60533667e+00 1.03089962e+01 1.07609806e+01 7.06956863e+00
    1.27802219e+01 1.94489753e+00 8.65604019e+00 1.12160730e+01
    7.59295464e+00 1.21809397e+01 9.70905685e+00 3.87439513e+00
    7.09937572e+00 2.59890467e-01 7.89996719e+00 3.26757765e+00
    5.25843143e+00 5.16695023e+00 2.64241481e+00 8.10567188e+00
    1.02257824e+01 6.81661701e+00 5.01510620e+00 8.53561687e+00
    7.74873543e+00 7.14657831e+00 7.27761889e+00 1.89079547e+00
    1.14902735e+01 1.06940680e+01 9.51188564e+00 1.07755938e+01
    1.44727504e+00 5.79346180e+00 3.56748819e+00 2.41721589e-02
    4.50278568e+00 1.07709475e+01 9.65365124e+00 9.46863270e+00
    1.98984838e+00 3.65456247e+00 5.62042475e+00 2.10803318e+00
    1.19897909e+01 1.19259243e+01 2.32411504e+00 9.31309795e+00
    7.67636776e+00 2.01644254e+00 1.26749430e+01 6.80312538e+00
    6.52601862e+00 6.95126200e+00 4.76236868e+00 6.18227100e+00
    1.08756437e+01 1.19076996e+01 9.58156490e+00 1.05227900e+01
    7.25536203e+00 1.48445785e+00 1.95252836e+00 1.10139437e+01
    7.94870138e+00 1.05462255e+01 7.24486780e+00 5.02139807e+00
    4.60870218e+00 1.17649670e+01 1.00947323e+01 9.52988434e+00
    2.54351950e+00 1.14128647e+01 1.11086750e+01 8.22802639e+00
    5.22961795e-01 1.22715816e+01 8.88048363e+00 2.46483460e-02
    4.28250837e+00 3.79510522e+00 1.05344191e+01 9.89652348e+00
    3.74821615e+00 7.78243959e-01 5.93304491e+00 7.97405815e+00
    7.64662170e+00 7.44468737e+00 1.02521534e+01 3.72472596e+00
    6.34948111e+00 1.01840792e+01 5.92945290e+00 4.21015644e+00
    1.25298061e+01 7.76044607e+00 6.16665173e+00 6.78117132e+00
    5.05941772e+00 5.15503407e+00 1.04338617e+01 8.36842346e+00
    1.52820754e+00 6.31297684e+00 4.46225023e+00 1.13762331e+01
    3.46521187e+00 1.27238166e+00 1.14179058e+01 1.88502014e+00
    3.71314096e+00 1.20403566e+01 1.26249447e+01 1.18228779e+01
    1.20822134e+01 9.47123814e+00 1.27095308e+01 5.28660393e+00
    4.46484923e-01 8.77466393e+00 8.00236034e+00 4.92929316e+00
    2.29252502e-01 5.64840698e+00 4.92967129e+00 5.83791137e-01
    3.45667815e+00 9.34103107e+00 1.09269981e+01 9.06316566e+00
    4.45898294e-01 4.28554773e+00 1.18386459e+01 2.29587388e+00
    1.20104809e+01 3.73732162e+00 1.65144587e+00 1.13146219e+01
    1.77860343e+00 5.99310112e+00 6.32619572e+00 3.75290394e+00
    1.25624676e+01 2.27646511e-02 1.22608776e+01 4.07025623e+00
    9.92365074e+00 3.03059602e+00 6.14385128e+00 2.76923990e+00
    1.56333435e+00 8.53642368e+00 3.18550539e+00 7.92850208e+00
    4.35029268e+00 9.95359707e+00 8.74504089e+00 1.02203870e+00
    8.46011734e+00 5.40679359e+00 9.89473522e-01 9.25736809e+00
    6.99006891e+00 1.24539490e+01 1.29124241e+01 2.65446353e+00
    1.00359945e+01 1.24036007e+01 1.10102644e+01 1.02326488e+01
    9.62837887e+00 5.19808102e+00 1.06295824e+00 1.25213099e+01
    1.29676638e+01 6.69022739e-01 1.14820349e+00 1.10860243e+01
    8.10613483e-03 2.53503871e+00 7.79531336e+00 3.76347733e+00
    1.18638945e+01 1.08048594e+00 2.25086856e+00 7.31491661e+00
    5.55118656e+00 1.13372612e+01 1.56255186e+00 1.14837942e+01
    1.21059525e+00 2.68354344e+00 4.59405708e+00 9.82566833e+00
    8.09263039e+00 3.79628801e+00 7.58481455e+00 1.07892170e+01
    6.28197145e+00 1.18674517e+01 1.06272793e+01 6.41319466e+00
    8.65335751e+00 8.75902748e+00 9.36730289e+00 4.70072126e+00
    7.65062284e+00 8.62299919e+00 3.98995614e+00 4.59130430e+00
    7.07868433e+00 1.59539139e+00 9.71530247e+00 7.48287964e+00
    1.15369034e+01 6.81430149e+00 1.93885431e-01 7.49513245e+00
    2.24908495e+00 3.69789076e+00 7.40835428e+00 6.23941183e+00
    7.64100742e+00 1.14501228e+01 3.22038412e-01 1.28626184e+01
    8.65668964e+00 9.28785896e+00 1.09711666e+01 8.27074814e+00
    3.67660785e+00 1.08826599e+01 1.04924326e+01 2.52991986e+00
    1.72607505e+00 1.12004957e+01 9.13879776e+00 7.90786123e+00
    1.20241480e+01 1.07183542e+01 9.42395496e+00 5.88149881e+00
    1.06378098e+01 7.01229095e+00 1.21762381e+01 1.01825771e+01
    8.73214436e+00 8.51654339e+00 4.90795088e+00 6.25790071e+00
    7.35651016e+00 1.29302397e+01 4.26096296e+00 6.63410664e+00
    2.78776169e-01 2.09418440e+00 2.26499248e+00 1.17613449e+01
    2.67992759e+00 3.50567126e+00 4.82925081e+00 2.80332267e-01
    2.34534168e+00 1.21351967e+01 8.98985291e+00 1.18628702e+01
    8.68652463e-01 4.36191845e+00 4.39583206e+00 1.07231407e+01
    4.54300213e+00 1.58698177e+00 6.33485937e+00 6.61709738e+00
    1.25582218e+01 1.42831981e+00 8.44919682e+00 6.14802726e-02
    6.62109947e+00 7.66578674e+00 8.01561832e+00 1.24568481e+01
    6.48919725e+00 1.09244299e+00 1.20294600e+01 2.96558595e+00
    2.99090457e+00 7.04323149e+00 1.21305351e+01 4.90420961e+00
    1.50230968e+00 6.34959841e+00 3.15138340e+00 7.75355530e+00
    1.20199976e+01 2.02651644e+00 1.01305189e+01 7.44177580e+00
    3.60651851e-01 3.93134877e-02 1.08271484e+01 9.28446102e+00
    1.23985901e+01 2.92155910e+00 5.70368338e+00 3.05287004e+00
    1.72208905e+00 5.48695040e+00 5.60235596e+00 6.95100164e+00
    1.83872902e+00 4.76880455e+00 1.90259099e+00 1.00388136e+01
    1.15928183e+01 1.26581898e+01 9.64098549e+00 1.24205780e+01
    4.16806316e+00 1.04062643e+01 4.23125029e-01 2.99173951e+00
    8.56531715e+00 7.36840582e+00 3.06649995e+00 6.30988979e+00
    2.80738664e+00 5.02231455e+00 3.81634378e+00 1.25280523e+01
    1.16115608e+01 1.16700535e+01 8.75552750e+00 1.15244036e+01
    1.02562351e+01 9.24006653e+00 1.08338900e+01 4.43935728e+00
    9.10479832e+00 2.45804858e+00 1.50170290e+00 9.52477932e+00
    1.30136166e+01 1.21513596e+01 5.62432480e+00 1.11823616e+01
    1.17760401e+01 6.60715342e+00 8.47739124e+00 8.59357262e+00
    3.67863226e+00 5.50543165e+00 1.29909534e+01 8.38384151e-01
    1.33736205e+00 1.19187527e+01 9.83318329e+00 6.93891346e-01
    4.75988960e+00 1.07219782e+01 1.08406105e+01 6.57711411e+00
    1.06351318e+01 4.50470209e+00 4.40785551e+00 7.42036963e+00
    2.08231997e+00 1.13370943e+01 4.40363109e-01 3.62705374e+00
    8.25272942e+00 9.88249683e+00 2.16397262e+00 9.42304516e+00
    1.22898445e+01 1.09933681e+01 7.97793627e+00 1.37519312e+00
    4.53583097e+00 1.19986095e+01 6.07780313e+00 9.64847744e-01
    9.27717495e+00 4.86285400e+00 7.59722090e+00 3.69673848e+00
    2.02885818e+00 1.09340696e+01 1.19652629e+00 8.60170269e+00
    3.37974262e+00 3.12774777e+00 1.25568008e+01 1.20869179e+01
    5.84193325e+00 1.20466032e+01 1.14350157e+01 1.91595331e-01
    6.04298544e+00 1.18623476e+01 3.29996324e+00 1.25474796e+01
    1.07674046e+01 8.80840015e+00 1.25364580e+01 1.11500301e+01
    6.84875488e+00 1.70309472e+00 2.74124908e+00 1.15813303e+00
    1.12521400e+01 7.70897055e+00 6.96264744e+00 6.07269764e+00
    5.11123180e+00 1.06803780e+01 3.36676526e+00 6.20830536e+00
    8.90600491e+00 7.03699142e-02 1.00435419e+01 8.78759861e+00
    1.28735981e+01 2.76035643e+00 5.43623924e-01 8.48904705e+00
    4.61610317e+00 7.17610645e+00 1.25507851e+01 1.69392800e+00
    8.93688297e+00 8.22981536e-01 3.75945592e+00 8.83082867e+00
    1.22027521e+01 5.70964670e+00 8.51959801e+00 4.15983391e+00
    7.73309350e-01 9.54851329e-01 4.50669384e+00 3.55671644e+00
    1.02954865e+01 7.94222116e+00 1.12180557e+01 8.36205482e+00
    3.01068401e+00 9.24116516e+00 3.29612589e+00 8.28358650e+00
    4.89591932e+00 4.43318844e-01 1.08223238e+01 5.71247482e+00</data></your_img>
</opencv_storage>
